status,title,authors,year,venue,doi,url,tags,abstract,provider,decision_source,llm_confidence,llm_review_outcome,llm_change_direction,paper_id
discarded,Heuristic Evaluation for Novice Programming Systems,Michael Kölling; Fraser McKay,2016,ACM Transactions on Computing Education,10.1145/2872521,https://openalex.org/W2411485894,adjacent-subtopic,"The past few years has seen a proliferation of novice programming tools. The availability of a large number of systems has made it difficult for many users to choose among them. Even for education researchers, comparing the relative quality of these tools, or judging their respective suitability for a given context, is hard in many instances. For designers of such systems, assessing the respective quality of competing design decisions can be equally difficult. Heuristic evaluation provides a practical method of assessing the quality of alternatives in these situations and of identifying potential problems with existing systems for a given target group or context. Existing sets of heuristics, however, are not specific to the domain of novice programming and thus do not evaluate all aspects of interest to us in this specialised application domain. In this article, we propose a set of heuristics to be used in heuristic evaluations of novice programming systems. These heuristics have the potential to allow a useful assessment of the quality of a given system with lower cost than full formal user studies and greater precision than the use of existing sets of heuristics. The heuristics are described and discussed in detail. We present an evaluation of the effectiveness of the heuristics that suggests that the new set of heuristics provides additional useful information to designers not obtained with existing heuristics sets.",openalex,llm,0.880,unreviewed,,doi:10.1145/2872521
discarded,Internet Based Remote Laboratory Architecture for 3-Phase Induction Motor Control System Experiment,Ade Oktavianus Kurniawan; Ahmad Rofif Hakiki; Kevin Natio Banjarnahor; Mohamad Abdul Hady; Ari Santoso; Ali Fatoni,2021,2021 International Seminar on Intelligent Technology and Its Applications (ISITIA),10.1109/ISITIA52817.2021.9502222,https://ieeexplore.ieee.org/document/9502222/,adjacent-subtopic,"To impede the spread of the COVID-19 virus, governments around the world enacted several rules such as social distancing, local lockdown, and travel restriction in accordance with WHO suggestions. These rules have caused many things such as limitation of social interaction and increased limit of public places, including campuses, schools, and other educational institution. This condition leads to the difficulties of educational activities since most classes are either canceled or moved to an online platform. Instead of classes, most of the workshops, conferences, and other activities which are important to students have been canceled or postponed. To alleviate the pandemic impact in education especially for college students this work proposed a system for conduction remote practicum safely and effectively to support the education and experience of these students. Research or practicum is important to preserve student's hands-on experience so that the student's readiness to handle the post-campus job is adequate. In this research, the proposed system architecture enables internet-based remote access of the laboratory equipment via an API with the MQTT communication protocol. The experiment is tested under a three-phase induction motor. The results show that the proposed system has the potential ability to be implemented further in the practicum activity. The average transmission time of 0,388 seconds without the Live Stream feature and 0,679 seconds with the Live Stream feature. Also, the system reliability of the proposed system could reach 98,76 percent.",ieee,llm,0.960,unreviewed,,doi:10.1109/isitia52817.2021.9502222
discarded,Cloud-based remote virtual prototyping platform for embedded control applications: Cloud-based infrastructure for large-scale embedded hardware-related programming laboratories,Stephan Werner; Andreas Lauber; Jürgen Becker; Eric Sax,2016,2016 13th International Conference on Remote Engineering and Virtual Instrumentation (REV),10.1109/REV.2016.7444459,https://ieeexplore.ieee.org/document/7444459/,adjacent-subtopic,"The design and test of Multi-Processor System-on-Chip (MPSoCs) including software is one of the biggest challenges in today's system design. This applies in particular when short time-to-market constraints impose serious limitations on the exploration of the design space. The use of virtual platforms can help in decreasing the development cycles. In this paper, we present a cloud-based environment allowing the design of virtual platforms and prototyping of the system including complex software with prerecorded data or testbenches. Afterwards, the created design can also be synthesized for Xilinx FPGAs. Additionally, this paper presents the use of this remote virtual prototyping environment in a hardware-related programming laboratory with more than 350 participating undergraduate students. This large number of attendees leads to a lot of issues regarding the supervisory relationship as well as providing enough hardware resources in terms of boards. Nevertheless, we want to give the students hands-on experience when programming an embedded system on an FPGA-board. The cloud-based infrastructure allows us to respond to these difficulties by implementing a Software-in-the-Loop simulation based on an instruction set simulator. Doing so the students can design and implement their codes for the targeted architecture and prototype and debug it on a virtual platform. Since the course is mandatory we expect many students with limited experience about hardware-related programming. In this paper we show that especially these students will profit from the additional possibilities which are offered by a remotely available virtual prototyping platform.",ieee,llm,0.940,unreviewed,,doi:10.1109/rev.2016.7444459
discarded,The Effectiveness of Screencasts and Cognitive Tools as Scaffolding for Novice Object- Oriented Programmers,"Lee, Mark; Pradhan, Sunam; Dalgarno, Barney",2008,JOURNAL OF INFORMATION TECHNOLOGY EDUCATION-RESEARCH,,https://www.webofscience.com/wos/woscc/full-record/WOS:000210173900005,adjacent-subtopic,"Modern information technology and computer science curricula employ a variety of graphical tools and development environments to facilitate student learning of introductory programming concepts and techniques. While the provision of interactive features and the use of visualization can enhance students' understanding and assist them in grasping fundamental ideas, the real difficulty for many students lies in making the transition from relying on the graphical features of these tools, to actually writing programming code statements in accordance with a set of plain English instructions.

This article opens with a systematic review of the literature on alternative approaches to teaching object-oriented programming 9OOP) to novice programmers. It then describes the rationale behind an "" objects first, class user first"" approach to introducing OOP, arguing for the use of interactive GUI-based visualization tools such as BlueJ as cognitive tools to allow learners to represent and manipulate their mental models or schemas. Finally, it reports on a study involving a cohort of students undertaking an introductory OOP unit in Java. The study investigated the effectiveness of: 9i) the graphical features of BlueJ as a cognitive tool while performing coding tasks as part of a test; and 9ii) the use of screencasts 9video screen captures) of BlueJ to provide scaffolding during learning, which involves the provision of temporary support structures to assist learners in attaining the next stage or level in their development. The screencasts were used in conjunction with a series of structured exercises by providing an intermediate stepping stone to ease the transition to the writing of program code.

The study found no significant effect of screencasts during the learning phase of the study, and no significant effect of BlueJ during testing. This result runs counter to theoretical predictions and consequently is important both for researchers focusing on the pedagogy associated with learning programming as well as those interested in the broader applications of animated instructional resources and cognitive tools.

In the article, the authors postulate a number of reasons for the lack of significant effects to sup-port their hypotheses. Firstly, it is possible thatsome, or perhaps many, participants who had access to BlueJ during the testing phase did not actually use it to assist them in answering the test questions. Secondly, since the screencasts and BlueJ were intended to ease students' transition to code, the data collection was conducted immediately following the participants' initial exposure to code statements. This gave rise to the possibility that they may not have been ready to attempt the questions framed at a high level of abstraction, which accounted for a majority of the test marks. The authors had hypothesized that the most benefit in providing the screencast-based scaffolding and the use of BlueJ as a cognitive tool was likely to be gained in assisting students with writing code for English instructions at this high level of abstraction; however, at this point in the semester they may not have been adequately prepared to undertake these types of questions, which required them to interpret the high-level task requirements and decompose them into individual object and class operations that would achieve the desired outcome 9object state).

Further research will need to be carried out to determine whether these hypothesized reasons for the lack of an identifiable difference between conditions can be supported, whether other factors are responsible, or whether in fact neither BlueJ screencasts nor the use of BlueJ as a cognitive tool actually enhance learning. One possible approach to a follow-up study would involve using a smaller number of students, but carrying out intensive observation during the experiment in order to determine the degree to which, and ways in which, BlueJ is used. This may include an oral component incorporating think-aloud protocols 9Ericson & Simon, 1993) and/ or follow-up interviews to gain deeper insight into and understanding of the participants' thought processes as they attempt the various questions in the test, as well as to identify gaps in their understanding in relation to the test questions. In addition to informing on the value of screencasts and cognitive tools for the learning of programming, such a study would also reveal in greater depth the nature of the cognitive stages involved in learning to write object-oriented program code from English instructions.",wos,llm,0.840,unreviewed,,hash:5910312ec3f95b83
kept,Introducing Java: the case for fundamentals-first,"Yau, JY; Joy, M",2004,"EISTA '04: INTERNATIONAL CONFERENCE ON EDUCATION AND INFORMATION SYSTEMS: TECHNOLOGIES AND APPLICATIONS, VOL, 2, PROCEEDINGS",,https://www.webofscience.com/wos/woscc/full-record/WOS:000228210300045,qualifies-claim,"Java has increasingly become the language of choice for teaching introductory programming. In this paper, we examine the different approaches to teaching Java (Objects-first, Fundamentals-first and GUI-first) to ascertain whether there exists an agreed ordering of topics and difficulty levels between nine relatively basic Java topics. The results of our literature survey and student questionnaire suggests that the Fundamentals-first approach may have benefits from the student's point of view and an agreed ordering of the Java topics accompanying this approach has been established.",wos,llm,0.760,unreviewed,,hash:d6ba91ba37fbb2af
discarded,Are the effects of intelligence on student achievement and well-being largely functions of family income and social class? Evidence from a longitudinal study of Irish adolescents,M. O'Connell,2021,Intelligence,10.1016/j.intell.2020.101511,https://www.scopus.com/inward/record.uri?partnerID=HzOxMe3b&scp=85098222146&origin=inward,off-topic-false-hit,,scopus,llm,1.000,unreviewed,,doi:10.1016/j.intell.2020.101511
discarded,Visualization as an effective tool for confronting astronomical misconceptions,S. Al-Shidhani,2003,Proceedings of the IASTED International Conference on Computers and Advanced Technology in Education,,https://www.scopus.com/inward/record.uri?partnerID=HzOxMe3b&scp=1542411978&origin=inward,off-topic-false-hit,,scopus,llm,1.000,unreviewed,,hash:db8dac79a6f202f6
discarded,Development and implementation of an interactive instructional module of light distribution in tissue,E.D. Jansen,2001,ASEE Annual Conference Proceedings,,https://www.scopus.com/inward/record.uri?partnerID=HzOxMe3b&scp=8744307694&origin=inward,off-topic-false-hit,,scopus,llm,0.990,unreviewed,,hash:50db7ec5e8cce61f
discarded,Multimodal interactive maps: Designing for human performance,S. Oviatt,1997,Human Computer Interaction,10.1207/s15327051hci1201&2_4,https://www.scopus.com/inward/record.uri?partnerID=HzOxMe3b&scp=0030687099&origin=inward,off-topic-false-hit,,scopus,llm,0.980,unreviewed,,doi:10.1207/s15327051hci1201&2_4
discarded,Belvedere: Stimulating Students' Critical Discussion,M. Paolucci,1995,Conference on Human Factors in Computing Systems Proceedings,10.1145/223355.223461,https://www.scopus.com/inward/record.uri?partnerID=HzOxMe3b&scp=0029191266&origin=inward,adjacent-subtopic,,scopus,llm,0.920,unreviewed,,doi:10.1145/223355.223461
discarded,Type-Safe Eventful Sessions in Java,Raymond Hu; Dimitrios Kouzapas; Olivier Pernet; Nobuko Yoshida; Kohei Honda,2010,Lecture notes in computer science,10.1007/978-3-642-14107-2_16,https://openalex.org/W4235655521,adjacent-subtopic,,openalex,llm,0.970,unreviewed,,doi:10.1007/978-3-642-14107-2_16
discarded,Touch of Class: Learning to Program Well with Objects and Contracts,Bertrand Meyer,2009,,10.1007/978-3-540-92145-5,https://openalex.org/W1492660007,adjacent-subtopic,,openalex,llm,0.880,unreviewed,,doi:10.1007/978-3-540-92145-5
discarded,Computational thinking and mathematics using Scratch: an experiment with sixth-grade students,José Antonio Rodríguez‐Martínez; José Antonio González‐Calero; José Manuel Sáez López,2019,Interactive Learning Environments,10.1080/10494820.2019.1612448,https://openalex.org/W2943780196,"qualifies-claim; adjacent-subtopic; tool or course description, no finding on learning event-driven programming or functions as values","The potential benefits from the introduction of programming environments such as Scratch for learning mathematics has reactivated research in this area. Nonetheless, there are few studies which attempt to analyse their influence at the stage of Primary Education. We present the results of a quasi-experimental piece of research with sixth-grade students which studies the influence of Scratch both on the acquisition of mathematical concepts, and on the development of computational thinking. The experiment consisted of two different phases, a programming phase linked to the instruction in Scratch and focused on the acquisition of basic concepts of computational thinking (sequences, iterations, conditionals, and events-handling), and a mathematical phase completely oriented towards the resolution of mathematical tasks. In particular, the mathematical phase focused on word problems whose resolution involves the use of the least common multiple and the greatest common divisor. In order to evaluate the aims of the study, results from tests before and after instruction, both in computational thinking and in the mathematical standards, were compared. The results seem to indicate that Scratch can be used to develop both students’ mathematical ideas and computational thinking.",openalex,llm_reviewed,0.810,changed,kept->discarded,doi:10.1080/10494820.2019.1612448
discarded,Event-Driven Programming,Kent D. Lee,2010,Undergraduate topics in computer science,10.1007/978-1-84996-537-8_6,https://openalex.org/W4236873677,adjacent-subtopic,,openalex,llm,0.720,unreviewed,,doi:10.1007/978-1-84996-537-8_6
kept,A library to support a graphics-based object-first approach to CS 1,Kim B. Bruce; Andrea Danyluk; Thomas P. Murtagh,2001,,10.1145/364447.364527,https://openalex.org/W2153354290,qualifies-claim,"In this paper we describe a library we have developed that supports an ""OO-from-the-beginning"" approach to CS 1. The use of real graphics ""objects"" and event-driven programming are important components of our approach. The design of interactive graphical programs helps students to both use objects and write methods early while designing and implementing interesting programs.",openalex,llm,0.850,unreviewed,,doi:10.1145/364447.364527
kept,A library to support a graphics-based object-first approach to CS 1,Kim B. Bruce; Andrea Danyluk; Thomas P. Murtagh,2001,ACM SIGCSE Bulletin,10.1145/366413.364527,https://openalex.org/W4252861656,qualifies-claim,"In this paper we describe a library we have developed that supports an ""OO-from-the-beginning"" approach to CS 1. The use of real graphics ""objects"" and event-driven programming are important components of our approach. The design of interactive graphical programs helps students to both use objects and write methods early while designing and implementing interesting programs.",openalex,llm,0.850,unreviewed,,doi:10.1145/366413.364527
discarded,Analyzing Real-Time Event-Driven Programs,Pierre Ganty; Rupak Majumdar,2009,Lecture notes in computer science,10.1007/978-3-642-04368-0_14,https://openalex.org/W1599551061,adjacent-subtopic,,openalex,llm,0.980,unreviewed,,doi:10.1007/978-3-642-04368-0_14
kept,DoodlePad: next-gen event-driven programming for CS1,Mark F. Russo,2017,Journal of computing sciences in colleges,,https://openalex.org/W2992253261,qualifies-claim,"DoodlePad is a next-generation, open source object graphics Java library for CS1 that implements a full range of graphic and other supporting classes. DoodlePad is unique in that each object is capable of triggering a comprehensive suite of shape-specific, pixel-perfect, mouse, keyboard and other events. Students complete programming assignments by defining classes and writing methods that handle object events. In addition to common event handling programming patterns, DoodlePad adds a new style of event handling based on Java's method references, which makes it possible to introduce event-driven programming much earlier in the semester. CS1 students are able to author a wider range of programs that operate in a familiar event-driven style. DoodlePad has been in use by CS1 students for four years, and is freely available under a GPL3 license [1]. A growing body of documentation and supporting material may be found at http://doodlepad.org.",openalex,llm,0.900,unreviewed,,hash:daa728fa9c6edd8c
discarded,Automated assessment of GUI programs using JEWL,John English,2004,,10.1145/1007996.1008033,https://openalex.org/W1971590752,"qualifies-claim; adjacent-subtopic; tool or course description, no finding on learning event-driven programming or functions as values","This paper describes a system for the automated assessment of GUI-based programs. This uses the JEWL library, a set of Java packages designed for use by complete beginners to Java which allows students to build GUI-based programs from the 'Hello world' stage onwards. This paper describes how JEWL has also been designed so that it can be used to assess such programs automatically.",openalex,llm_reviewed,0.760,changed,kept->discarded,doi:10.1145/1007996.1008033
discarded,A NICE way to test openflow applications,Marco Canini; Daniele Venzano; Peter Perešíni; Dejan Kostić; Jennifer Rexford,2012,KTH Publication Database DiVA (KTH Royal Institute of Technology),,https://openalex.org/W1697123834,adjacent-subtopic,"The emergence of OpenFlow-capable switches enables exciting new network functionality, at the risk of programming errors that make communication less reliable. The centralized programming model, where a single con-troller program manages the network, seems to reduce the likelihood of bugs. However, the system is inherently distributed and asynchronous, with events happening at different switches and end hosts, and inevitable delays affecting communication with the controller. In this paper, we present efficient, systematic techniques for test-ing unmodified controller programs. Our NICE tool applies model checking to explore the state space of the entire system—the controller, the switches, and the hosts. Scalability is the main challenge, given the diversity of data packets, the large system state, and the many possible event orderings. To address this, we propose a novel way to augment model checking with symbolic execution of event handlers (to identify representative packets that exercise code paths on the controller). We also present a simplified OpenFlow switch model (to reduce the state space), and effective strategies for generating event interleavings likely to uncover bugs. Our prototype tests Python applications on the popular NOX platform. In testing three real applications—a MAC-learning switch, in-network server load balancing, and energy-efficient traffic engineering—we uncover eleven bugs.",openalex,llm,0.980,unreviewed,,hash:17fef9e90e0c97ba
