status,title,authors,year,venue,doi,url,tags,abstract,provider,decision_source,llm_confidence,llm_review_outcome,llm_change_direction,paper_id
discarded,A review and evaluation of 39 thermal conductivity models for frozen soils,"He, Hailong; Flerchinger, Gerald N.; Kojima, Yuki; Dyck, Miles; Lv, Jialong",2021,GEODERMA,10.1016/j.geoderma.2020.114694,https://www.webofscience.com/wos/woscc/full-record/WOS:000590747200014,off-topic-false-hit,"Frozen soil thermal conductivity (lambda(eff)) is a critical thermo-physical property that is required for environmental, earth science, geotechnical and geo-environmental applications and associated numerical modeling. Measurement of lambda(eff) in frozen soils is difficult and prone to errors, especially near the freezing/thawing point of soil water (e.g., -4 to 0 degrees C). Available steady-state or transient methods to measure lambda(eff) based on the soil temperature response to applied heat often result in melting of soil ice, violating the conduction-only assumptions of these methods and result in biased lambda(eff) measurements. Therefore, the choice of lambda(eff) models is often influence by their ease of implementation. A great number of such models have been developed during the last few decades since the latest comprehensive review of frozen soil thermal conductivity models in the early 1980s. There is a need to revisit this topic by comparing the models and evaluating their performance to provide information to the novice and expert alike, in order to guide them on their advantages, limitations and applications. A total of 39 models were categorized as: 1) linear and non-linear regression models (8 models); 2) physical models (6 models); 3) mixing models (6 models); 4) normalized models (17 models); and 5) models of other types based on their characteristics (2 models). These models were assessed with a large compiled dataset consisting of 331 lambda(eff) measurements taken at temperatures < -4 degrees C on 27 soils from seven studies, using steady-state or transient methods. Three performance indices including root mean square error (RMSE), average deviations (AD) and Nash-Sutcliff Efficiency (NSE) were used to evaluate performance of these models. The results showed that the models of Becker et al. (1992) (BB1992), Tian et al. (2016) (TZ2016), Zhang et al. (2018) (ZM2018) and Wang et al. (2017) (WL2017) were the best performing models in their affiliated category. However, none of the models performed satisfactorily, with NSE = 0.51, RMSE = 0.46 W m degrees C-1 and AD = -0.04 W m(-1) degrees C-1 for the best performing model among all the models investigated. Future studies that focus on conceptualization and development of new frozen soil thermal conductivity models for accurate and wide application is recommended.",wos,llm,1.000,unreviewed,,doi:10.1016/j.geoderma.2020.114694
discarded,Applicability of belief measures for advertising to sponsorship in sport,"Pyun, Do Young; Cho, Heetae; Leng, Ho Keat",2020,INTERNATIONAL JOURNAL OF SPORTS MARKETING & SPONSORSHIP,10.1108/IJSMS-06-2019-0059,https://www.webofscience.com/wos/woscc/full-record/WOS:000522468900001,off-topic-false-hit,"Purpose While advertising and sponsorship are conceptually different, many studies have used the same measures for both constructs. The assumption is that respondents perceive both domains similarly. The purpose of this study was to test the invariance of the belief measures between the advertising and sponsorship measurement models across different consumer segments and to provide empirical justification for the practice. Design/methodology/approach Two independent samples were recruited from two different consumer segments: university student consumers (n = 290) and general consumers (n = 324). This study conducted multigroup invariance tests using LISREL 8.80. The measurement and structural invariances were concerned with factor loadings (lambda), factor variance and covariance (f) and error variance (theta) metrics. Findings The factor patterns of the belief model were generally invariant between the advertising and sponsorship models in both consumer groups. However, the respondents interpreted three items between advertising and sponsorship in different ways: one annoyance/irritation item in the generic consumer group and two falsity/no sense items in the student consumer groups. Originality/value While the invariance test reveals three problematic items, the majority of items seem to be invariant, concluding that the advertising belief scale could be applicable to the sponsorship context.",wos,llm,1.000,unreviewed,,doi:10.1108/ijsms-06-2019-0059
discarded,The Chinese version of the Perceived Stress Questionnaire: development and validation amongst medical students and workers,"Meng, Runtang; Li, Jingjing; Wang, Zhenkun; Zhang, Di; Liu, Bing; Luo, Yi; Hu, Ying; Yu, Chuanhua",2020,HEALTH AND QUALITY OF LIFE OUTCOMES,10.1186/s12955-020-01307-1,https://www.webofscience.com/wos/woscc/full-record/WOS:000519934200002,off-topic-false-hit,"Background A valid and efficient stress measure is important for clinical and community settings. The objectives of this study were to translate the English version of the Perceived Stress Questionnaire (PSQ) into Chinese and to assess the psychometric properties of the Chinese version of the PSQ (C-PSQ). The C-PSQ evaluates subjective experiences of stress instead of a specific and objective status. Methods Forward translations and back translations were used to translate the PSQ into Chinese. We used the C-PSQ to survey 2798 medical students and workers at three study sites in China from 2015 to 2017. Applying Rasch analysis (RA) and factor analysis (FA), we examined the measurement properties of the C-PSQ. Data were analyzed using the Rasch model for item fit, local dependence (LD), differential item functioning (DIF), unidimensionality, separation and reliability, response forms and person-item map. We first optimized the item selection in the Chinese version to maximize its psychometric quality. Second, we used cross-validation, by exploratory factor analysis (EFA) and confirmatory factor analysis (CFA), to determine the best fitting model in comparison to the different variants. Measurement invariance (MI) was tested using multi-group CFA across subgroups (medical students vs. medical workers). We evaluated validity of the C-PSQ using the criterion instruments, such as the Chinese version of the Perceived Stress Scale (PSS-10), the Short Form-8 Health Survey (SF-8) and the Goldberg Anxiety and Depression Scale (GADS). Reliability was assessed using internal consistency (Cronbach's alpha, Guttman's lambda-2, and McDonald's omegas) and reproducibility (test-retest correlation and intraclass correlation coefficient, [ICC]). Results Infit and/or outfit values indicated that all items fitted the Rasch model. Three item pairs presented local dependency (residual correlations > 0.30). Ten items showed DIF. Dimensionality instruction suggested that eight items should be deleted. One item showed low discrimination. Thirteen items from the original PSQ were retained in the C-PSQ adaptation (i.e. C-PSQ-13). We tested and verified four feasible models to perform EFA. Built on the EFA models, the optimal CFA model included two first-order factors (i.e. constraint and imbalance) and a second-order factor (i.e., perceived stress). The first-order model had acceptable goodness of fit (Normed Chi-square = 8.489, TLI = 0.957, CFI = 0.965, WRMR = 1.637, RMSEA [90% CI] = 0.078 [0.072, 0.084]). The second-order model showed identical model fit. Person separation index (PSI) and person reliability (PR) were 2.42 and 0.85, respectively. Response forms were adequate, item difficulty matched respondents' ability levels, and unidimensionality was found in the two factors. Multi-group CFA showed validity of the optimal model. Concurrent validity of the C-PSQ-13 was 0.777, - 0.595 and 0.584 (Spearman correlation, P < 0.001, the same hereinafter) for the Chinese version of the PSS-10, SF-8, and GADS. For reliability analyses, internal consistency of the C-PSQ-13 was 0.878 (Cronbach's alpha), 0.880 (Guttman's lambda-2), and 0.880 (McDonald's omegas); test-retest correlation and ICC were 0.782 and 0.805 in a 2-day interval, respectively. Conclusion The C-PSQ-13 shows good metric characteristics for most indicators, which could contribute to stress research given its validity and economy. This study also contributes to the evidence based regarding between-group factorial structure analysis.",wos,llm,1.000,unreviewed,,doi:10.1186/s12955-020-01307-1
discarded,A Method for Improving the Accuracy and Efficiency of Bacteriophage Genome Annotation,"Salisbury, Alicia; Tsourkas, Philippos K.",2019,INTERNATIONAL JOURNAL OF MOLECULAR SCIENCES,10.3390/ijms20143391,https://www.webofscience.com/wos/woscc/full-record/WOS:000480449300016,off-topic-false-hit,"Bacteriophages are the most numerous entities on Earth. The number of sequenced phage genomes is approximately 8000 and increasing rapidly. Sequencing of a genome is followed by annotation, where genes, start codons, and functions are putatively identified. The mainstays of phage genome annotation are auto -annotation programs such as Glimmer and GeneMark. Due to the relatively small size of phage genomes, many groups choose to manually curate auto -annotation results to increase accuracy. An additional benefit of manual curation of auto -annotated phage genomes is that the process is amenable to be performed by students, and has been shown to improve student recruitment to the sciences. However, despite its greater accuracy and pedagogical value, manual curation suffers from high labor cost, lack of standardization and a degree of subjectivity in decision making, and susceptibility to mistakes. Here, we present a method developed in our lab that is designed to produce accurate annotations while reducing subjectivity and providing a degree of standardization in decision -making. We show that our method produces genome annotations more accurate than auto -annotation programs while retaining the pedagogical benefits of manual genome curation.",wos,llm,0.990,unreviewed,,doi:10.3390/ijms20143391
discarded,Comparison of Test Statistics of Nonnormal and Unbalanced Samples for Multivariate Analysis of Variance in terms of Type-I Error Rates,"Ates, Can; Kaymaz, Ozlem; Kale, H. Emre; Tekindal, Mustafa Agah",2019,COMPUTATIONAL AND MATHEMATICAL METHODS IN MEDICINE,10.1155/2019/2173638,https://www.webofscience.com/wos/woscc/full-record/WOS:000477824400001,off-topic-false-hit,"In this study, we investigate how Wilks' lambda, Pillai's trace, Hotelling's trace, and Roy's largest root test statistics can be affected when the normal and homogeneous variance assumptions of the MANOVA method are violated. In other words, in these cases, the robustness of the tests is examined. For this purpose, a simulation study is conducted in different scenarios. In different variable numbers and different sample sizes, considering the group variances are homogeneous (sigma(12) = sigma(22) == sigma(g2)) and heterogeneous (increasing) (sigma(12) < sigma(22) < ... < sigma(g2)), random numbers are generated from Gamma(4-4-4; 0.5), Gamma(4-9-36; 0.5), Student's t(2), and Normal(0; 1) distributions. Furthermore, the number of observations in the groups being balanced and unbalanced is also taken into account. After 10000 repetitions, type-I error values are calculated for each test for alpha=0.05. In the Gamma distribution, Pillai's trace test statistic gives more robust results in the case of homogeneous and heterogeneous variances for 2 variables, and in the case of 3 variables, Roy's largest root test statistic gives more robust results in balanced samples and Pillai's trace test statistic in unbalanced samples. In Student's t distribution, Pillai's trace test statistic gives more robust results in the case of homogeneous variance and Wilks' lambda test statistic in the case of heterogeneous variance. In the normal distribution, in the case of homogeneous variance for 2 variables, Roy's largest root test statistic gives relatively more robust results and Wilks' lambda test statistic for 3 variables. Also in the case of heterogeneous variance for 2 and 3 variables, Roy's largest root test statistic gives robust results in the normal distribution. The test statistics used with MANOVA are affected by the violation of homogeneity of covariance matrices and normality assumptions particularly from unbalanced number of observations.",wos,llm,1.000,unreviewed,,doi:10.1155/2019/2173638
discarded,Development and Validation of a Technological Literacy Survey,"Gu, Jianjun; Xu, Meidan; Hong, Jonchao",2019,INTERNATIONAL JOURNAL OF SCIENCE AND MATHEMATICS EDUCATION,10.1007/s10763-019-09971-6,https://www.webofscience.com/wos/woscc/full-record/WOS:000473225400007,off-topic-false-hit,"Technological literacy (TL) as the goal of technology education guides the construction of the technology education curriculum in China. Previous studies investigating technological literacy were limited to K-12 students and had some ambiguities in the definition of technology, theoretical framework, and assessed criterion, and a measurement instrument for use among the Chinese public is lacking. To address this need, the Technological Literacy Scale for the Chinese Public (TLSCP) was developed in this study. Based on DeVore's infrastructure of technology and seven taxonomies of technologies proposed by the International Technology Education Association, the complexity, contents, and components of technology in the TLSCP were ensured. Combined with previous dimensions proposed by the National Academy of Engineering and the National Research Council and the goal of classification in the Chinese High School General Technological Curriculum Standards, a new classification of technological literacy incorporating technological attitude (TA), technological knowledge (TK), and technological capacity (TC) was developed. Through a 4-point Likert-type scale, Bloom's Taxonomy of Cognitive Objectives, and Quellmalz Taxonomy, the content of the items in the TLSCP can be evaluated objectively. Data obtained from 1117 people in 31 provinces and municipalities were included in a pilot test investigating the reliability, validity, difficulty and discrimination ability of the TLSCP. The three dimensions of the TLSCP were reliable [TA (alpha = 0.889), TK (alpha = 0.693), and TC (alpha = 0.726)], the content validity was verified by seven experts in the fields of technology education, machinery and materials, and psychological assessment, and the construct validity (lambda > 0.5) was good. Moreover, the difficulty of the items (p between 0.35 and 0.67) was appropriate, and item discrimination (r(pb) between 0.30 and 0.67) was acceptable. The TLSCP was useful for addressing the deficiencies in TL measurement instruments in China and improving the theoretical basis of international TL evaluations. It may be a good template for others who want to develop such an instrument in a different culture.",wos,llm,1.000,unreviewed,,doi:10.1007/s10763-019-09971-6
discarded,LambdaLab: An Interactive λ-Calculus Reducer for Learning,"Sainati, Daniel; Sampson, Adrian",2018,PROCEEDINGS OF THE 2018 ACM SIGPLAN WORKSHOP ON SPLASH-E (SPLASH-E '18),10.1145/3310089.3313180,https://www.webofscience.com/wos/woscc/full-record/WOS:000471023200002,"supports-claim; adjacent-subtopic; tool or course description, no finding on learning event-driven programming or functions as values","In advanced programming languages curricula, the lambda-calculus often serves as the foundation for teaching the formal concepts of language syntax and semantics. LambdaLab is an interactive tool that helps students practice lambda-calculus reduction and build intuition for its behavior. To motivate the tool, we survey student answers to lambda-calculus assignments in three previous classes and sort mistakes into six categories. LambdaLab addresses many of these problems by replicating the experience of working through beta-reduction examples with an instructor. It uses visualizations to convey AST structure and reducible expressions, interactive reduction to support self-guided practice, configurable reduction strategies, and support for encodings via a simple macro system. To mimic informal, in-class treatment of macros, we develop a new semantics that describes when to expand and contract them. We use case studies to describe how LambdaLab can fit into student workflows and address real mistakes.",wos,llm_reviewed,0.880,changed,kept->discarded,doi:10.1145/3310089.3313180
discarded,Higher education image through quality and inclusive environment: A structural model of student satisfaction in Indonesian HEIs,A.C. Setiawan,2026,Multidisciplinary Science Journal,10.31893/multiscience.2026701,https://www.scopus.com/inward/record.uri?partnerID=HzOxMe3b&scp=105038891863&origin=inward,off-topic-false-hit,,scopus,llm,1.000,unreviewed,,doi:10.31893/multiscience.2026701
discarded,Modeling the mode-choice behaviors with the consideration of school-level geographic correlation: Empirical findings based on elementary school-commuting trips in Beijing,L. Ma,2026,Transport Policy,10.1016/j.tranpol.2026.104399,https://www.scopus.com/inward/record.uri?partnerID=HzOxMe3b&scp=105048773103&origin=inward,off-topic-false-hit,,scopus,llm,1.000,unreviewed,,doi:10.1016/j.tranpol.2026.104399
discarded,"The Development and Validation of a Gender Role Stress Scale for Elementary School Students: A Comparative Analysis by Gender, Grade Level, and Sources of Stress",C.S. Hsu,2026,Bulletin of Educational Psychology,10.6251/BEP.202512_57(2).0002,https://www.scopus.com/inward/record.uri?partnerID=HzOxMe3b&scp=105034921344&origin=inward,off-topic-false-hit,,scopus,llm,1.000,unreviewed,,doi:10.6251/bep.202512_57(2).0002
discarded,Teacher-Student Feature Regression-based Anomalous Sound Detection: A Knowledge Distillation Approach for Edge-based Industrial Machinery Health Monitoring,R.J.A. Abeto,2026,IEEE Symposium on Computer Applications and Industrial Electronics Iscaie,10.1109/ISCAIE68866.2026.11576459,https://www.scopus.com/inward/record.uri?partnerID=HzOxMe3b&scp=105044399277&origin=inward,off-topic-false-hit,,scopus,llm,1.000,unreviewed,,doi:10.1109/iscaie68866.2026.11576459
discarded,Mixed-Methods Study of Enhancing Business Interpreting Competence: The Role of a Knowledge Graph-Integrated BOPS Instructional Model Mediated by Learning Engagement and Affective Commitment,S. Zheng,2026,Journal of Language Teaching and Research,10.17507/jltr.1701.15,https://www.scopus.com/inward/record.uri?partnerID=HzOxMe3b&scp=105027887062&origin=inward,off-topic-false-hit,,scopus,llm,1.000,unreviewed,,doi:10.17507/jltr.1701.15
discarded,Mindfulness attenuates attention allocation to reward feedback: An electroencephalographic and reinforcement-learning approach.,T. Kishigami,2026,Psychology and Neuroscience,10.1037/pne0000381,https://www.scopus.com/inward/record.uri?partnerID=HzOxMe3b&scp=105034210752&origin=inward,off-topic-false-hit,,scopus,llm,1.000,unreviewed,,doi:10.1037/pne0000381
discarded,Adaptive Best Integer Equivariant Estimator for Smartphone RTK,A. Vishwanath,2026,Proceedings of the International Technical Meeting of the Institute of Navigation Itm,10.33012/2026.20561,https://www.scopus.com/inward/record.uri?partnerID=HzOxMe3b&scp=105038734781&origin=inward,off-topic-false-hit,,scopus,llm,1.000,unreviewed,,doi:10.33012/2026.20561
discarded,Robust colonoscopy polyp segmentation using dynamic-Nu T-Loss with multi-scale and uncertainty-aware adaptation,A. Norouziazad,2026,Frontiers in Medicine,10.3389/fmed.2025.1657123,https://www.scopus.com/inward/record.uri?partnerID=HzOxMe3b&scp=105028494602&origin=inward,off-topic-false-hit,,scopus,llm,1.000,unreviewed,,doi:10.3389/fmed.2025.1657123
discarded,Correction: The four-celled Volvocales green alga Tetrabaena socialis exhibits weak photobehavior and high-photoprotection ability,A. Tanno,2026,Plos One,10.1371/journal.pone.0355515,https://www.scopus.com/inward/record.uri?partnerID=HzOxMe3b&scp=105047009631&origin=inward,off-topic-false-hit,,scopus,llm,1.000,unreviewed,,doi:10.1371/journal.pone.0355515
discarded,"Correction to: Quantifying loss aversion: Evidence from a UK population survey (Journal of Risk and Uncertainty, (2021), 63, 1, (27-57), 10.1007/s11166-021-09356-7)",D. Blake,2025,Journal of Risk and Uncertainty,10.1007/s11166-025-09472-8,https://www.scopus.com/inward/record.uri?partnerID=HzOxMe3b&scp=105021320238&origin=inward,off-topic-false-hit,,scopus,llm,1.000,unreviewed,,doi:10.1007/s11166-025-09472-8
discarded,"Dimensionality, reliability, invariance, and item analysis of the depression, anxiety, and stress scale-21 (DASS-21) in Honduran and Colombian university students",M.A. Castillo-Díaz,2025,BMC Psychology,10.1186/s40359-025-03742-5,https://www.scopus.com/inward/record.uri?partnerID=HzOxMe3b&scp=105026308079&origin=inward,off-topic-false-hit,,scopus,llm,1.000,unreviewed,,doi:10.1186/s40359-025-03742-5
discarded,Research on personalized teaching modeling based on dynamic entropy control clustering: Innovation and application of AKM-DWEC framework,X. Chen,2025,Systems and Soft Computing,10.1016/j.sasc.2025.200353,https://www.scopus.com/inward/record.uri?partnerID=HzOxMe3b&scp=105013959954&origin=inward,off-topic-false-hit,,scopus,llm,0.990,unreviewed,,doi:10.1016/j.sasc.2025.200353
