status,title,authors,year,venue,doi,url,tags,abstract,provider,decision_source,llm_confidence,llm_review_outcome,llm_change_direction,paper_id
kept,Model View Controller - A Comparative .NET Versus Java Analysis,"Octavian, Dospinescu; Bogdan-Andrei, Donn",2018,"INNOVATION MANAGEMENT AND EDUCATION EXCELLENCE THROUGH VISION 2020, VOLS I -XI",,https://www.webofscience.com/wos/woscc/full-record/WOS:000444067202095,supports-claim,"In this article we analyzed the Model-View-Controller paradigm (MVC) in detail through two modern technologies (.NET and Java). Starting from MVC's evolution and concepts, we analyzed the defining components of the model and conducted a comparative case study that looked at the following aspects: security degree, total cost, application complexity, runtime, portability, user interface. The results are presented in detail for each platform. After performing the comparative analysis, we identified several future directions for the Model View Controller pattern.",wos,llm,0.900,unreviewed,,hash:0535df09ee5ee9b4
discarded,Design Patterns for Addition of Adaptive Behavior in Graphical User Interfaces,"Longchamps, Samuel; Gonzalez-Rubio, Ruben",2017,NINTH INTERNATIONAL CONFERENCE ON ADAPTIVE AND SELF-ADAPTIVE SYSTEMS AND APPLICATIONS (ADAPTIVE 2017),,https://www.webofscience.com/wos/woscc/full-record/WOS:000430359100002,adjacent-subtopic,"Graphical user interfaces (GUI) in modern software are increasingly required to adapt themselves to various situations and users, rendering their development more complex. To handle complexity, we present in this paper three design patterns, Monitor, Proxy router and Adaptive component, as solutions to the gradual implementation of adaptive behavior in GUI and general component-based software. Rather than proposing new adaptation mechanisms, we aim at formalizing a basic structure for progressive addition of different mechanisms throughout the development cycle. To do so, previous work on the subject of design patterns oriented toward adaptation is explored and concepts related to similar concerns are extracted and generalized in the new patterns. These patterns are implemented in a reference Python library called AdaptivePy and used in a GUI application case study. This case study shows concrete usage of the patterns and is compared to a functionally equivalent ad hoc implementation. We observe that separation of concerns is promoted by the patterns and testability potential is improved. Moreover, adaptation of widgets can be previewed within a graphical editor. This approach is closer to the standard workflow for GUI development which is not possible with the ad hoc solution.",wos,llm,0.910,unreviewed,,hash:f2f2cbcae9c68327
discarded,Aspect-Oriented User Interfaces Design Integration to Angular 2 Framework,"Rysavy, Filip; Cerny, Tomas; Tomasek, Martin",2016,2016 6TH INTERNATIONAL CONFERENCE ON IT CONVERGENCE AND SECURITY (ICITCS 2016),,https://www.webofscience.com/wos/woscc/full-record/WOS:000388730200043,adjacent-subtopic,"Conventional user interface design introduces multiple complexities for the development perspective. This is usually caused by the information restatements and mostly by mixing various concerns that result in tangling the user interface code. This paper addresses the above issue with aspect-oriented user interface design approach that can more effectively copy with separation of concerns and thus result with reduced complexity of development and maintenance. Next, we present a small case study of an approach prototype to demonstrate its capabilities.",wos,llm,0.890,unreviewed,,hash:f90879ccd954f853
kept,Technical Approach in Reducing GUI Development Cycle Time for Adopting the Connectivity Solutions in Automotive Infotainment Systems,"Thangapandian, Kasiraja; Bharatheedasan, Kumaran; Vythakkatt, Binoy Melatt",2014,SAE INTERNATIONAL JOURNAL OF PASSENGER CARS-ELECTRONIC AND ELECTRICAL SYSTEMS,10.4271/2014-01-0262,https://www.webofscience.com/wos/woscc/full-record/WOS:000421817300015,supports-claim,"With ongoing integration of various systems in the Vehicle, the usage of display unit is increasing day-by day. The necessity to access data, stored on a remote system, via a human machine interface (HMI) is growing and also the need for developing a Graphical User Interface (GUI) in an efficient manner. The customer/ user request to view or browse the system via display is becoming more complex and it is very annoying for the customer/user to wait for a system reaction on his input to the local system for a longer time.

With the above limitations we would need to develop the GUI for quick turnaround with high quality.

In this paper we are about to discuss on the Model View Controller (MVC) architecture, platform based approach, modular approach based on Core - Server for GUI development, auto code generation, behavioral model simulation, reusable packages and various tools that are used in development of GUI.

The selection process of GUI tools is now turning to be vital during the development phase. The proposal of GUI development process can allow for Graphics to be developed by the OEM/Studio and can be developed in multiple cadences to allow for parallel development with the customer reducing the need for upfront design, by performing various GUI simulation and visualization of other product features (e.g. Fuel computation, Gauges information etc.,) to ensure end result is what the customer desires. Various graphics rendering techniques are being discussed in order to have better performance during the cycle time reduction tradeoffs.",wos,llm,0.830,unreviewed,,doi:10.4271/2014-01-0262
discarded,ESA New Generation Science Archives: New Technologies Applied to Graphical User Interface Creation,"Fernandez, M.; Arviset, C.; Barbarisi, I.; Castellanos, J.; Cheek, N.; Costa, H.; Fajersztejn, N.; Gonzalez, J.; Laruelo, A.; Leon, I.; Ortiz, I.; Osuna, P.; Salgado, J.; Stebe, A.; Tapiador, D.",2010,ASTRONOMICAL DATA ANALYSIS SOFTWARE AND SYSTEMS XIX,,https://www.webofscience.com/wos/woscc/full-record/WOS:000290361300068,adjacent-subtopic,"The Science Archives and VO Team (SAT) has undertaken the effort to build state of the art sub-systems for its new generation of archives. At the time of writing this abstract, the new technology has already been applied to the creation of the SOHO and EXOSAT Science Archives and will be used to re-engineer some of the already existing ESA Science Archives in the future. The Graphical User Interface sub-system has been designed and developed upon the premises of building a lightweight rich client application to query and retrieve scientific data quickly and efficiently; special attention has been paid to the usability and ergonomics of the interface. The system architecture relies on the Model View Controller pattern, which isolates logic from the graphical interface. Multiple window layout arrangements are possible using a docking windows framework with virtually no limitations (InfoNode). New graphical components have been developed to fulfill project-specific user requirements. For example video animations can be generated at runtime based on image data requests matching a specific search criteria. In addition, interoperability is achieved with other tools for data visualization purposes using internationally approved standards (c.f., IVOA SAMP), a messaging protocol already adopted by several analysis tools (ds9, Aladin, Gaia). In order to avoid the increasingly common network constraints affecting the end-user's daily work the system has been designed to cope with possible restrictive firewall set up. Therefore, ESA New Generation archives are accessible from anyplace where standard basic port 80 HTTP connections are available.",wos,llm,0.810,unreviewed,,hash:0add3c4c8d8d6106
discarded,Specifying and Composing Concerns Expressed in Domain-Specific Modeling Languages,"Hovsepyan, Aram; Van Baelen, Stefan; Berbers, Yolande; Joosen, Wouter",2009,"OBJECTS, COMPONENTS, MODELS AND PATTERNS, PROCEEDINGS",,https://www.webofscience.com/wos/woscc/full-record/WOS:000270937600008,adjacent-subtopic,"Separation of concerns and levels of abstraction are key software engineering principles that can help master the increasing complexity of software applications. Aspect-oriented modeling (AOM) and domain-specific modeling languages (DSML) are two important and promising approaches in this context. However, little research is done to investigate the synergy between AOM and DSMLs. In this paper we present an asymmetric approach to compose modularized concerns expressed in different DSMLs with an application base model expressed in a general-purpose modeling language (GPML). This allows to specify each concern in the most appropriate modeling language. We introduce the concept of a concern interface, expressed in a GPML, that serves as a common language between a specific concern and the application base. In addition. we use an explicit composition model to specify the syntactic and the semantic links between entities from the different concerns. We explore these concepts using an application where we modularize the user interface modeled in WebML and the access control specified in XACML. The modularized concerns are then composed with an application base that has been specified in UML.",wos,llm,0.950,unreviewed,,hash:23e16b9b36e9e3e9
discarded,Model-based testing service on the web,"Jaaskelainen, Antti; Katara, Mika; Kervinen, Antti; Heiskanen, Henri; Maumumaa, Mika; Paakkonen, Tuula",2008,"TESTING OF SOFTWARE AND COMMUNICATING SYSTEMS, PROCEEDINGS",,https://www.webofscience.com/wos/woscc/full-record/WOS:000256543900005,adjacent-subtopic,"Model-based testing (MBT) seems to be technically superior to conventional test automation. However, MBT features some difficulties that can hamper its deployment in industrial contexts. We are developing a domain-specific MBT solution for graphical user interface (GUI) testing of Symbian S60 smart-phone applications. We believe that such a tailor-made solution can be easier to deploy than ones that are more generic. In this paper, we present a service concept and an associated web interface that hide the inherent complexity of the test generation algorithms and large test models. The interface enables an easy-to-use MBT service based on the well-known keyword concept. With this solution, a better separation of concerns can be obtained between the test modeling tasks that often require special expertise, and test execution that can be performed by testers. We believe that this can significantly speed up the industrial transfer of model-based testing technologies, at least in this context.",wos,llm,0.870,unreviewed,,hash:152add7a692fd63d
kept,Views and patterns in e-commerce application design,"Markiewicz, ME; Lucena, CJP; Alencar, PSC; Cowan, DD",2002,ANNALS OF SOFTWARE ENGINEERING,,https://www.webofscience.com/wos/woscc/full-record/WOS:000177046700006,supports-claim,"Separation of concerns is a well-established principle in software engineering that supports reuse by hiding complexity through abstraction mechanisms. The Abstract Design Views model was created with reuse in mind and allows the designer to apply separation of concerns in a software system from the design to the implementation. In this model, viewed objects represent the basic concern, i.e., the algorithms that provide the essential functionality relevant to an application domain, and viewer objects represent the special concerns related to other software issues, such as user interface presentation, synchronization, and timing. In this paper we use a reuse taxonomy to analyze and validate this model. Using this analysis and the properties of the relationship between viewer and viewed objects, called ""views,"" we also indicate how to map the views-based designs into implementations based on design patterns that satisfy the views properties. Finally, we show how to apply the principles of our approach, using views and the design patterns, to design e-commerce applications.",wos,llm,0.940,unreviewed,,hash:49b9052feb456e39
kept,MAMP: A design model for object-oriented visualization systems,"Orosco, R; Campo, M",1999,ENGINEERING FOR HUMAN-COMPUTER INTERACTION,,https://www.webofscience.com/wos/woscc/full-record/WOS:000084929300014,supports-claim; qualifies-claim,"The difficulty to build interactive visualizations that allow complex data explorations is a well-known fact. Some reasons for this difficulty are the dynamic nature of data exploration process and the diversity of goals and requirements in visualization applications, among others. The usage of design models for implementing information visualization systems (IVS) appears as a convenient approach to reduce this complexity. However, current HCI design models are insufficient from the point of view of the needs of IVSs. In a similar way, tools or environments specially developed to build IVSs have limitations for the implementation of highly dynamic exploration process. In this work, MAMP, a design model for the construction of object oriented visualization applications is presented. This model combines the advantages of current HCI design models (in particular, MVC) with the requirements of data visualization process. A software architecture and an object-oriented application framework, Telescope, based on MAMP are also described, along with several ways for implementing the characteristic features of any visualization, using these tools. Finally, two visualization applications developed according to the MAMP design model are briefly described: CityVis, a system for visualizing city data, and WarVis, a system for visualizing information about military conflicts.",wos,llm,0.820,unreviewed,,hash:e6ebdd79cd9ffd8d
discarded,Improving the Recall of Static Analysis of Applications Based on Frameworks by Generating Equivalent Code,N.A. Borodavko,2026,Programming and Computer Software,10.1134/S036176882670026X,https://www.scopus.com/inward/record.uri?partnerID=HzOxMe3b&scp=105048057933&origin=inward,off-topic-false-hit,,scopus,llm,0.860,unreviewed,,doi:10.1134/s036176882670026x
discarded,A Concept for Automatically Adapting PLM System User Interfaces to Dynamic Business Requirements Using an Adaptive Data Model,M. Cholewa,2026,Lecture Notes in Mechanical Engineering,10.1007/978-3-032-01517-4_14,https://www.scopus.com/inward/record.uri?partnerID=HzOxMe3b&scp=105017371227&origin=inward,adjacent-subtopic,,scopus,llm,0.880,unreviewed,,doi:10.1007/978-3-032-01517-4_14
discarded,A Multi-dimensional Environment Metamodel for Model-Driven User Interface Development,S.M. Matos Claro,2026,Lecture Notes in Business Information Processing,10.1007/978-3-032-28274-3_16,https://www.scopus.com/inward/record.uri?partnerID=HzOxMe3b&scp=105041791687&origin=inward,adjacent-subtopic,,scopus,llm,0.860,unreviewed,,doi:10.1007/978-3-032-28274-3_16
discarded,"MVP: A Mapping, Video, and Pathfinding System",P.V. Reddy,2026,Lecture Notes in Networks and Systems,10.1007/978-981-96-9771-7_1,https://www.scopus.com/inward/record.uri?partnerID=HzOxMe3b&scp=105030233007&origin=inward,off-topic-false-hit,,scopus,llm,0.980,unreviewed,,doi:10.1007/978-981-96-9771-7_1
discarded,SaaSGenAI: Micro-SaaS Generation and Deployment Framework,S. Uke,2026,6th International Conference on Inventive Computation and Information Technologies Icicit 2026 Proceedings,10.1109/ICICIT69063.2026.11634153,https://www.scopus.com/inward/record.uri?partnerID=HzOxMe3b&scp=105047921605&origin=inward,off-topic-false-hit,,scopus,llm,0.940,unreviewed,,doi:10.1109/icicit69063.2026.11634153
discarded,Pro Microsoft Hyper-V: Practical Guidance and Hands-On Labs,E. Siron,2026,Pro Microsoft Hyper V Practical Guidance and Hands on Labs,10.1007/979-8-8688-2186-8,https://www.scopus.com/inward/record.uri?partnerID=HzOxMe3b&scp=105047887450&origin=inward,off-topic-false-hit,,scopus,llm,0.990,unreviewed,,doi:10.1007/979-8-8688-2186-8
discarded,Less Is More: Design Considerations for Interactive Pharmacometrics Tools—A Case Study Using the Model Visualization Platform (MVP) App,S. Choy,2025,Cpt Pharmacometrics and Systems Pharmacology,10.1002/psp4.70023,https://www.scopus.com/inward/record.uri?partnerID=HzOxMe3b&scp=105000759300&origin=inward,off-topic-false-hit,,scopus,llm,0.990,unreviewed,,doi:10.1002/psp4.70023
kept,MVVM Revisited: Exploring Design Variants of the Model-View-ViewModel Pattern,M. Fuksa,2025,Lecture Notes in Computer Science Including Subseries Lecture Notes in Artificial Intelligence and Lecture Notes in Bioinformatics,10.1007/978-3-031-78338-8_9,https://www.scopus.com/inward/record.uri?partnerID=HzOxMe3b&scp=85219176554&origin=inward,supports-claim; qualifies-claim; kostnad,,scopus,llm_reviewed,0.840,confirmed,,doi:10.1007/978-3-031-78338-8_9
discarded,Design and Application of Electronic Invoice Information Systems using Rule-Based Model View Controller Framework with YOLOV8 Model,X. Wang,2025,International Conference on Communication Computer and Information Technology Ic3it 2025,10.1109/IC3IT66137.2025.11341366,https://www.scopus.com/inward/record.uri?partnerID=HzOxMe3b&scp=105033345706&origin=inward,adjacent-subtopic,,scopus,llm,0.910,unreviewed,,doi:10.1109/ic3it66137.2025.11341366
discarded,A study on creating energy efficient cloud-connected user applications using the RMVRVM paradigm,L. Singh,2024,Journal of Systems and Software,10.1016/j.jss.2024.112033,https://www.scopus.com/inward/record.uri?partnerID=HzOxMe3b&scp=85189944370&origin=inward,adjacent-subtopic,,scopus,llm,0.780,unreviewed,,doi:10.1016/j.jss.2024.112033
discarded,Performance Improvement of Model View Controller based Applications through Linda's-Key,P. Suhas Reddy,2023,Proceedings of 2023 International Conference on Signal Processing Computation Electronics Power and Telecommunication Iconscept 2023,10.1109/IConSCEPT57958.2023.10170195,https://www.scopus.com/inward/record.uri?partnerID=HzOxMe3b&scp=85166372057&origin=inward,adjacent-subtopic,,scopus,llm,0.880,unreviewed,,doi:10.1109/iconscept57958.2023.10170195
discarded,Supporting Deep Learning-Based Named Entity Recognition Using Cloud Resource Management,B. Hartmann,2023,Lecture Notes in Computer Science Including Subseries Lecture Notes in Artificial Intelligence and Lecture Notes in Bioinformatics,10.1007/978-3-031-48057-7_6,https://www.scopus.com/inward/record.uri?partnerID=HzOxMe3b&scp=85178644465&origin=inward,off-topic-false-hit,,scopus,llm,0.990,unreviewed,,doi:10.1007/978-3-031-48057-7_6
discarded,A Machine Vision Development Framework for Product Appearance Quality Inspection,Q. Zhu,2022,Applied Sciences Switzerland,10.3390/app122211565,https://www.scopus.com/inward/record.uri?partnerID=HzOxMe3b&scp=85142484339&origin=inward,off-topic-false-hit,,scopus,llm,0.960,unreviewed,,doi:10.3390/app122211565
discarded,Generation of a Fast Healthcare Interoperability Resources (FHIR)-based Ontology for Federated Feasibility Queries in the Context of COVID-19: Feasibility Study,L. Rosenau,2022,Jmir Medical Informatics,10.2196/35789,https://www.scopus.com/inward/record.uri?partnerID=HzOxMe3b&scp=85129634300&origin=inward,off-topic-false-hit,,scopus,llm,0.990,unreviewed,,doi:10.2196/35789
discarded,Performance Enhancement of APW+lo Calculations by Simplest Separation of Concerns,L. Zhang,2022,Computation,10.3390/computation10030043,https://www.scopus.com/inward/record.uri?partnerID=HzOxMe3b&scp=85127403412&origin=inward,off-topic-false-hit,,scopus,llm,0.980,unreviewed,,doi:10.3390/computation10030043
kept,Measuring Maintainability of Web Applications Using an Extensible MVC Architecture,K. Elbaz,2022,Icaase 2022 5th Edition of the International Conference on Advanced Aspects of Software Engineering Proceedings,10.1109/ICAASE56196.2022.9931544,https://www.scopus.com/inward/record.uri?partnerID=HzOxMe3b&scp=85142271966&origin=inward,supports-claim,,scopus,llm,0.910,unreviewed,,doi:10.1109/icaase56196.2022.9931544
discarded,A model-driven approach for developing responsive web apps,J. Seixas,2019,Enase 2019 Proceedings of the 14th International Conference on Evaluation of Novel Approaches to Software Engineering,10.5220/0007678302570264,https://www.scopus.com/inward/record.uri?partnerID=HzOxMe3b&scp=85067464593&origin=inward,adjacent-subtopic,,scopus,llm,0.810,unreviewed,,doi:10.5220/0007678302570264
discarded,Spring Boot based REST API to Improve Data Quality Report Generation for Big Scientific Data: ARM Data Center Example,K. Guntupally,2018,Proceedings 2018 IEEE International Conference on Big Data Big Data 2018,10.1109/BigData.2018.8621924,https://www.scopus.com/inward/record.uri?partnerID=HzOxMe3b&scp=85062634225&origin=inward,adjacent-subtopic,,scopus,llm,0.940,unreviewed,,doi:10.1109/bigdata.2018.8621924
kept,Model view controller - A comparative .NET versus Java analysis,D. Octavian,2018,Proceedings of the 31st International Business Information Management Association Conference Ibima 2018 Innovation Management and Education Excellence Through Vision 2020,,https://www.scopus.com/inward/record.uri?partnerID=HzOxMe3b&scp=85060777671&origin=inward,supports-claim,,scopus,llm,0.770,unreviewed,,hash:fee8867a55b41206
discarded,Model-to-model transformation in approach by modeling to generate a RIA model with GWT,R. Esbai,2018,Advances in Intelligent Systems and Computing,10.1007/978-3-319-64719-7_8,https://www.scopus.com/inward/record.uri?partnerID=HzOxMe3b&scp=85037851614&origin=inward,adjacent-subtopic,,scopus,llm,0.860,unreviewed,,doi:10.1007/978-3-319-64719-7_8
discarded,Separation of concerns for distributed cross-platform context-aware user interfaces,K. Cemus,2017,Cluster Computing,10.1007/s10586-017-0794-7,https://www.scopus.com/inward/record.uri?partnerID=HzOxMe3b&scp=85014066711&origin=inward,adjacent-subtopic,,scopus,llm,0.680,unreviewed,,doi:10.1007/s10586-017-0794-7
