status,title,authors,year,venue,doi,url,tags,abstract,provider,decision_source,llm_confidence,llm_review_outcome,llm_change_direction,paper_id
discarded,Seeing beyond the numbers: capnography as a vital tool in pediatric emergency care,S. Rath,2026,International Journal of Emergency Medicine,10.1186/s12245-025-01110-z,https://www.scopus.com/inward/record.uri?partnerID=HzOxMe3b&scp=105027442789&origin=inward,off-topic-false-hit,,scopus,llm,1.000,unreviewed,,doi:10.1186/s12245-025-01110-z
discarded,Maternal mental health and child development before and after an extreme cyclone in Malawi,M. Kowalcyk,2026,BMC Global and Public Health,10.1186/s44263-026-00309-3,https://www.scopus.com/inward/record.uri?partnerID=HzOxMe3b&scp=105046244133&origin=inward,off-topic-false-hit,,scopus,llm,1.000,unreviewed,,doi:10.1186/s44263-026-00309-3
discarded,Levels of IL-1β and IL-1 receptor antagonist (IL-1Ra) in Moroccan children admitted to the pediatric emergency department for febrile seizures,I. Abbari,2026,BMC Pediatrics,10.1186/s12887-026-06769-8,https://www.scopus.com/inward/record.uri?partnerID=HzOxMe3b&scp=105039582327&origin=inward,off-topic-false-hit,,scopus,llm,1.000,unreviewed,,doi:10.1186/s12887-026-06769-8
discarded,Effect of prebiotic intervention on glycemic control and gut microbiome profile in Indian children with type 1 diabetes mellitus (T1DM): a pilot randomised control trial,V. Tamahane,2026,Endocrine,10.1007/s12020-026-04657-w,https://www.scopus.com/inward/record.uri?partnerID=HzOxMe3b&scp=105039650912&origin=inward,off-topic-false-hit,,scopus,llm,1.000,unreviewed,,doi:10.1007/s12020-026-04657-w
discarded,Epstein-Barr virus (EBV) -related Hodgkin lymphoma in a 1-year-old child with DiGeorge syndrome,Z. Rao,2026,BMC Pediatrics,10.1186/s12887-026-06807-5,https://www.scopus.com/inward/record.uri?partnerID=HzOxMe3b&scp=105039681755&origin=inward,off-topic-false-hit,,scopus,llm,1.000,unreviewed,,doi:10.1186/s12887-026-06807-5
discarded,Characterizing neural indices of cognitive control in young children: A school-based ERP study with naturalistic stimuli,D.M. Richardson,2026,Developmental Cognitive Neuroscience,10.1016/j.dcn.2026.101817,https://www.scopus.com/inward/record.uri?partnerID=HzOxMe3b&scp=105050504474&origin=inward,off-topic-false-hit,,scopus,llm,0.990,unreviewed,,doi:10.1016/j.dcn.2026.101817
discarded,Drug-drug interaction signals between carbonic anhydrase inhibitors and vitamin D preparations in urinary tract stones: disproportionality analysis evaluation from Japanese spontaneous reports of adverse events,T. Kinoshita,2026,Journal of Pharmaceutical Health Care and Sciences,10.1186/s40780-026-00574-2,https://www.scopus.com/inward/record.uri?partnerID=HzOxMe3b&scp=105041370993&origin=inward,off-topic-false-hit,,scopus,llm,1.000,unreviewed,,doi:10.1186/s40780-026-00574-2
discarded,An efficient single-arm Bayesian adaptive trial algorithm to evaluate de-intensified oncologic treatment,Y. Zhong,2026,Trials,10.1186/s13063-025-09315-6,https://www.scopus.com/inward/record.uri?partnerID=HzOxMe3b&scp=105027470789&origin=inward,off-topic-false-hit,,scopus,llm,1.000,unreviewed,,doi:10.1186/s13063-025-09315-6
discarded,Preoperative vascular parameters and proximal splenorenal shunt patency in pediatric extrahepatic portal vein thrombosis,İ. Akdulum,2026,Pediatric Surgery International,10.1007/s00383-026-06531-2,https://www.scopus.com/inward/record.uri?partnerID=HzOxMe3b&scp=105044235235&origin=inward,off-topic-false-hit,,scopus,llm,1.000,unreviewed,,doi:10.1007/s00383-026-06531-2
discarded,VR-guided deep breathing during needle procedures in children,E. Karppa,2026,Scientific Reports,10.1038/s41598-026-44390-y,https://www.scopus.com/inward/record.uri?partnerID=HzOxMe3b&scp=105037806546&origin=inward,off-topic-false-hit,,scopus,llm,0.990,unreviewed,,doi:10.1038/s41598-026-44390-y
discarded,Detection of human antibody responses to tick-borne Neoehrlichia mikurensis,R. Alsalihi,2026,Medical Microbiology and Immunology,10.1007/s00430-026-00869-z,https://www.scopus.com/inward/record.uri?partnerID=HzOxMe3b&scp=105033431208&origin=inward,off-topic-false-hit,,scopus,llm,1.000,unreviewed,,doi:10.1007/s00430-026-00869-z
discarded,Design and evaluation of an automated pediatric acute lymphoblastic leukemia registry from clinical data warehouses,Y. Choi,2026,BMC Medical Informatics and Decision Making,10.1186/s12911-026-03469-2,https://www.scopus.com/inward/record.uri?partnerID=HzOxMe3b&scp=105038866766&origin=inward,off-topic-false-hit,,scopus,llm,1.000,unreviewed,,doi:10.1186/s12911-026-03469-2
discarded,"Evaluating intramuscular epinephrine in pediatric out-of-hospital cardiac arrest (the PRIME trial): study protocol for a multi-centre, stepped-wedge cluster quasi-randomized controlled trial",S. Idrees,2026,Trials,10.1186/s13063-026-09776-3,https://www.scopus.com/inward/record.uri?partnerID=HzOxMe3b&scp=105047227883&origin=inward,off-topic-false-hit,,scopus,llm,1.000,unreviewed,,doi:10.1186/s13063-026-09776-3
discarded,"Avoiding overdrainage with M.blue valve in pediatric hydrocephalus: efficiency, complications and valve survival",M.E. Plaza-Ramírez,2026,Child S Nervous System,10.1007/s00381-026-07183-2,https://www.scopus.com/inward/record.uri?partnerID=HzOxMe3b&scp=105032719636&origin=inward,off-topic-false-hit,,scopus,llm,1.000,unreviewed,,doi:10.1007/s00381-026-07183-2
discarded,Assessing the impact of landscape context on soundscape quality in multifunctional urban open spaces,M. Lin,2026,Journal of Urban Management,10.1016/j.jum.2026.04.003,https://www.scopus.com/inward/record.uri?partnerID=HzOxMe3b&scp=105035339120&origin=inward,off-topic-false-hit,,scopus,llm,1.000,unreviewed,,doi:10.1016/j.jum.2026.04.003
discarded,Estimating causal effects of rare treatments on binary outcomes: addressing sample size requirements and bias correction,A.I. Sanim,2026,BMC Medical Research Methodology,10.1186/s12874-026-02855-8,https://www.scopus.com/inward/record.uri?partnerID=HzOxMe3b&scp=105042247185&origin=inward,off-topic-false-hit,,scopus,llm,1.000,unreviewed,,doi:10.1186/s12874-026-02855-8
discarded,Dexmedetomidine–remifentanil-assisted awake videolaryngoscopic intubation in a patient with Madelung disease and compensated liver cirrhosis undergoing prone lumbar spine surgery: a case report,J.W. Park,2026,BMC Anesthesiology,10.1186/s12871-026-03933-6,https://www.scopus.com/inward/record.uri?partnerID=HzOxMe3b&scp=105043739712&origin=inward,off-topic-false-hit,,scopus,llm,1.000,unreviewed,,doi:10.1186/s12871-026-03933-6
discarded,Associations between prenatal exposure to ambient air pollutants and preterm birth in the Atlanta African American maternal-child cohort,Y. Tan,2026,Environmental Health A Global Access Science Source,10.1186/s12940-026-01264-0,https://www.scopus.com/inward/record.uri?partnerID=HzOxMe3b&scp=105030437536&origin=inward,off-topic-false-hit,,scopus,llm,1.000,unreviewed,,doi:10.1186/s12940-026-01264-0
discarded,"Trajectory of skill acquisition, loss, and regain in females with classic Rett syndrome",J.L. Neul,2026,Journal of Neurodevelopmental Disorders,10.1186/s11689-026-09680-6,https://www.scopus.com/inward/record.uri?partnerID=HzOxMe3b&scp=105036336105&origin=inward,off-topic-false-hit,,scopus,llm,1.000,unreviewed,,doi:10.1186/s11689-026-09680-6
discarded,Scarless thyroid surgery in children: a pediatric TOETVA cohort for differentiated thyroid carcinoma,D.Q. Ngo,2026,Pediatric Surgery International,10.1007/s00383-026-06555-8,https://www.scopus.com/inward/record.uri?partnerID=HzOxMe3b&scp=105046426704&origin=inward,off-topic-false-hit,,scopus,llm,1.000,unreviewed,,doi:10.1007/s00383-026-06555-8
discarded,Association of MALAT1 gene polymorphisms with neuroblastoma susceptibility in children from Jiangsu Province,Y. Lian,2026,Human Genomics,10.1186/s40246-025-00892-w,https://www.scopus.com/inward/record.uri?partnerID=HzOxMe3b&scp=105027846189&origin=inward,off-topic-false-hit,,scopus,llm,1.000,unreviewed,,doi:10.1186/s40246-025-00892-w
discarded,A high resolution urban and rural settlement map of Africa using deep learning and satellite imagery,M. Kakooei,2026,Scientific Reports,10.1038/s41598-025-34295-7,https://www.scopus.com/inward/record.uri?partnerID=HzOxMe3b&scp=105026868188&origin=inward,off-topic-false-hit,,scopus,llm,1.000,unreviewed,,doi:10.1038/s41598-025-34295-7
discarded,Operative management of pediatric radiation-induced cavernous malformations: insights from a single-center cohort,D.S. Keusch,2026,Child S Nervous System,10.1007/s00381-026-07359-w,https://www.scopus.com/inward/record.uri?partnerID=HzOxMe3b&scp=105043009640&origin=inward,off-topic-false-hit,,scopus,llm,1.000,unreviewed,,doi:10.1007/s00381-026-07359-w
discarded,Iatrogenic femoral neck fractures or separation of the proximal femoral epiphysis during closed reduction of irreducible femoral head fracture–dislocations in children: a review of 12 cases,Y. Lu,2026,Journal of Orthopaedics and Traumatology,10.1186/s10195-026-00906-w,https://www.scopus.com/inward/record.uri?partnerID=HzOxMe3b&scp=105030184865&origin=inward,off-topic-false-hit,,scopus,llm,1.000,unreviewed,,doi:10.1186/s10195-026-00906-w
discarded,Liver Transplantation Following Hepatocellular Carcinoma Rupture and Long-Term Immunotherapy: A Case Report,L. Di Marco,2026,Journal of Gastrointestinal Cancer,10.1007/s12029-026-01573-0,https://www.scopus.com/inward/record.uri?partnerID=HzOxMe3b&scp=105047383071&origin=inward,off-topic-false-hit,,scopus,llm,1.000,unreviewed,,doi:10.1007/s12029-026-01573-0
discarded,Evaluation of the safety and potential genotoxicity of a high-purity mogroside ingredient containing siamenoside I produced from a modified strain of Yarrowia lipolytica,A.L. Mihalchik,2026,Toxicology Reports,10.1016/j.toxrep.2026.102297,https://www.scopus.com/inward/record.uri?partnerID=HzOxMe3b&scp=105042566976&origin=inward,off-topic-false-hit,,scopus,llm,1.000,unreviewed,,doi:10.1016/j.toxrep.2026.102297
discarded,"Locoregional and systemic adoptive cellular therapies for pediatric brain tumors: a systematic review of CAR‑T, TCR‑engineered T cells, and NK cell strategies",Y.L. Carrion,2026,Neurosurgical Review,10.1007/s10143-026-04437-0,https://www.scopus.com/inward/record.uri?partnerID=HzOxMe3b&scp=105046677721&origin=inward,off-topic-false-hit,,scopus,llm,1.000,unreviewed,,doi:10.1007/s10143-026-04437-0
discarded,Recruitment process for studying occupational and environmental chemical exposures in a birth cohort study in Ecuador: challenges dealing with a stratified sample,F. Orozco,2026,BMC Pregnancy and Childbirth,10.1186/s12884-026-09067-4,https://www.scopus.com/inward/record.uri?partnerID=HzOxMe3b&scp=105040826073&origin=inward,off-topic-false-hit,,scopus,llm,1.000,unreviewed,,doi:10.1186/s12884-026-09067-4
discarded,Development of an interpretable machine learning model for predicting stress urinary incontinence following the delivery of a first child,S. Tian,2026,BMC Pregnancy and Childbirth,10.1186/s12884-026-09285-w,https://www.scopus.com/inward/record.uri?partnerID=HzOxMe3b&scp=105044030874&origin=inward,off-topic-false-hit,,scopus,llm,1.000,unreviewed,,doi:10.1186/s12884-026-09285-w
discarded,Early Life Exposure to Air Pollutants and Childhood Asthma,M.M. Gorska,2026,Current Allergy and Asthma Reports,10.1007/s11882-026-01293-2,https://www.scopus.com/inward/record.uri?partnerID=HzOxMe3b&scp=105050452200&origin=inward,off-topic-false-hit,,scopus,llm,1.000,unreviewed,,doi:10.1007/s11882-026-01293-2
discarded,Advances and Open Problems in Federated Learning,Peter Kairouz; H. Brendan McMahan; Brendan Avent; Aurélien Bellet; Mehdi Bennis; Arjun Nitin Bhagoji; Kallista Bonawitz; Zachary Charles; Graham Cormode; Rachel Cummings; Rafael G. L. D’Oliveira; Hubert Eichner; Salim El Rouayheb; David Evans; Joshua Gardner; Zachary Garrett; Adrià Gascón; Badih Ghazi; Phillip B. Gibbons; Marco Gruteser; Zaïd Harchaoui; Chaoyang He; Lie He; Zhouyuan Huo; Ben Hutchinson; Justin Hsu; Martin Jaggi; Tara Javidi; Gauri Joshi; Mikhail Khodak; Jakub Konečný; Aleksandra Korolova; Farinaz Koushanfar; Sanmi Koyejo; Tancrède Lepoint; Yang Liu; Prateek Mittal; Mehryar Mohri; Richard Nock; Ayfer Özgür; Rasmus Pagh; Hang Qi; Daniel Ramage; Ramesh Raskar; Mariana Raykova; Dawn Xiaodong Song; Weikang Song; Sebastian U. Stich; Ziteng Sun; Ananda Theertha Suresh; Florian Tramèr; Praneeth Vepakomma; Jianyu Wang; Li Xiong; Zheng Xu; Qiang Yang; Felix X. Yu; Han Yu; Sen Zhao,2020,Foundations and Trends® in Machine Learning,10.1561/2200000083,https://openalex.org/W2995022099,off-topic-false-hit,"Federated learning (FL) is a machine learning setting where many clients (e.g., mobile devices or whole organizations) collaboratively train a model under the orchestration of a central server (e.g., service provider), while keeping the training data decentralized. FL embodies the principles of focused data collection and minimization, and can mitigate many of the systemic privacy risks and costs resulting from traditional, centralized machine learning and data science approaches. Motivated by the explosive growth in FL research, this monograph discusses recent advances and presents an extensive collection of open problems and challenges.",openalex,llm,0.990,unreviewed,,doi:10.1561/2200000083
discarded,PyGAD: an intuitive genetic algorithm Python library,Ahmed Fawzy Gad,2023,Multimedia Tools and Applications,10.1007/s11042-023-17167-y,https://openalex.org/W4389976716,off-topic-false-hit,,openalex,llm,0.990,unreviewed,,doi:10.1007/s11042-023-17167-y
discarded,A computational approach to fuzzy quantifiers in natural languages,Lotfi A. Zadeh,1983,Computers & Mathematics with Applications,10.1016/0898-1221(83)90013-5,https://openalex.org/W1980080444,off-topic-false-hit,,openalex,llm,0.990,unreviewed,,doi:10.1016/0898-1221(83)90013-5
discarded,Test generation for higher-order functions in dynamic languages,Marija Selakovic; Michael Pradel; Rezwana Karim; Frank Tip,2018,Proceedings of the ACM on Programming Languages,10.1145/3276531,https://openalex.org/W2898182742,off-topic-false-hit,"Test generation has proven to provide an effective way of identifying programming errors. Unfortunately, current test generation techniques are challenged by higher-order functions in dynamic languages, such as JavaScript functions that receive callbacks. In particular, existing test generators suffer from the unavailability of statically known type signatures, do not provide functions or provide only trivial functions as inputs, and ignore callbacks triggered by the code under test. This paper presents LambdaTester, a novel test generator that addresses the specific problems posed by higher-order functions in dynamic languages. The approach automatically infers at what argument position a method under test expects a callback, generates and iteratively improves callback functions given as input to this method, and uses novel test oracles that check whether and how callback functions are invoked. We apply LambdaTester to test 43 higher-order functions taken from 13 popular JavaScript libraries. The approach detects unexpected behavior in 12 of the 13 libraries, many of which are missed by a state-of-the-art test generator.",openalex,llm,0.990,unreviewed,,doi:10.1145/3276531
discarded,Brian: a simulator for spiking neural networks in Python,Dan F. M. Goodman,2008,Frontiers in Neuroinformatics,10.3389/neuro.11.005.2008,https://openalex.org/W2018027127,adjacent-subtopic,"""Brian"" is a new simulator for spiking neural networks, written in Python (http://brian. di.ens.fr). It is an intuitive and highly flexible tool for rapidly developing new models, especially networks of single-compartment neurons. In addition to using standard types of neuron models, users can define models by writing arbitrary differential equations in ordinary mathematical notation. Python scientific libraries can also be used for defining models and analysing data. Vectorisation techniques allow efficient simulations despite the overheads of an interpreted language. Brian will be especially valuable for working on non-standard neuron models not easily covered by existing software, and as an alternative to using Matlab or C for simulations. With its easy and intuitive syntax, Brian is also very well suited for teaching computational neuroscience.",openalex,llm,0.970,unreviewed,,doi:10.3389/neuro.11.005.2008
discarded,The Benefits of Frequent Positive Affect: Does Happiness Lead to Success?,Sonja Lyubomirsky; Laura King; Ed Diener,2005,Psychological Bulletin,10.1037/0033-2909.131.6.803,https://openalex.org/W2108577177,off-topic-false-hit,"Numerous studies show that happy individuals are successful across multiple life domains, including marriage, friendship, income, work performance, and health. The authors suggest a conceptual model to account for these findings, arguing that the happiness-success link exists not only because success makes people happy, but also because positive affect engenders success. Three classes of evidence--crosssectional, longitudinal, and experimental--are documented to test their model. Relevant studies are described and their effect sizes combined meta-analytically. The results reveal that happiness is associated with and precedes numerous successful outcomes, as well as behaviors paralleling success. Furthermore, the evidence suggests that positive affect--the hallmark of well-being--may be the cause of many of the desirable characteristics, resources, and successes correlated with happiness. Limitations, empirical issues, and important future research questions are discussed.",openalex,llm,1.000,unreviewed,,doi:10.1037/0033-2909.131.6.803
discarded,An elitist teaching-learning-based optimization algorithm for solving complex constrained optimization problems,R. Venkata Rao; Vivek K. Patel,2012,International Journal of Industrial Engineering Computations,10.5267/j.ijiec.2012.03.007,https://openalex.org/W2026267944,off-topic-false-hit,"Nature inspired population based algorithms is a research field which simulates different natural phenomena to solve a wide range of problems.Researchers have proposed several algorithms considering different natural phenomena.Teaching-Learning-based optimization (TLBO) is one of the recently proposed population based algorithms which simulates the teaching-learning process of the class room.This algorithm does not require any algorithm-specific control parameters.In this paper, elitism concept is introduced in the TLBO algorithm and its effect on the performance of the algorithm is investigated.The effects of common controlling parameters such as the population size and the number of generations on the performance of the algorithm are also investigated.The proposed algorithm is tested on 35 constrained benchmark functions with different characteristics and the performance of the algorithm is compared with that of other well known optimization algorithms.The proposed algorithm can be applied to various optimization problems of the industrial environment.",openalex,llm,1.000,unreviewed,,doi:10.5267/j.ijiec.2012.03.007
discarded,Computer‐Mediated Collaborative Learning: Theory and Practice,Mark Warschauer,1997,Modern Language Journal,10.1111/j.1540-4781.1997.tb05514.x,https://openalex.org/W2017727824,adjacent-subtopic,"Recently interest has grown concerning the uses of online communication for language teaching. Yet this growing interest in computer‐mediated collaborative language learning has not been matched by sufficient research and theory. This article introduces a conceptual framework for understanding the role of computer‐mediated interaction based on a sociocultural analysis of the relationship among text, talk, and learning. The article then analyzes current research according to five features particular to online interaction.",openalex,llm,0.990,unreviewed,,doi:10.1111/j.1540-4781.1997.tb05514.x
discarded,ML for the Working Programmer,Larry C. Paulson,1996,Cambridge University Press eBooks,10.1017/cbo9780511811326,https://openalex.org/W1484366641,adjacent-subtopic,"The new edition of this successful and established textbook retains its two original intentions of explaining how to program in the ML language, and teaching the fundamentals of functional programming. The major change is the early and prominent coverage of modules, which are extensively used throughout. In addition, the first chapter has been totally rewritten to make the book more accessible to those without experience of programming languages. The main features of new Standard Library for the revised version of ML are described and many new examples are given, while references have also been updated. Dr Paulson has extensive practical experience of ML and has stressed its use as a tool for software engineering; the book contains many useful pieces of code, which are freely available (via the Internet) from the author. He shows how to use lists, trees, higher-order functions and infinite data structures. Many illustrative and practical examples are included.. Efficient functional implementations of arrays, queues, priority queues, etc. are described. Larger examples include a general top-down parser, a lambda-calculus reducer and a theorem prover. The combination of careful explanation and practical advice will ensure that this textbook continues to be the preferred text for many courses on ML.",openalex,llm,0.940,unreviewed,,doi:10.1017/cbo9780511811326
