status,title,authors,year,venue,doi,url,tags,abstract,provider,decision_source,llm_confidence,llm_review_outcome,llm_change_direction,paper_id
discarded,Aspect-oriented user interfaces design integration to angular 2 framework,F. Rysavy,2016,2016 6th International Conference on IT Convergence and Security Icitcs 2016,10.1109/ICITCS.2016.7740314,https://www.scopus.com/inward/record.uri?partnerID=HzOxMe3b&scp=85006306462&origin=inward,adjacent-subtopic,,scopus,llm,0.920,unreviewed,,doi:10.1109/icitcs.2016.7740314
discarded,Model-to-model transformation in approach by modeling: From UML model to Model-View-Presenter and Dependency Injection patterns,R. Esbai,2016,Proceedings of the 2015 5th World Congress on Information and Communication Technologies Wict 2015,10.1109/WICT.2015.7489648,https://www.scopus.com/inward/record.uri?partnerID=HzOxMe3b&scp=84979743573&origin=inward,adjacent-subtopic,,scopus,llm,0.800,unreviewed,,doi:10.1109/wict.2015.7489648
discarded,How to control a mobile game: A comparison of various approaches for visually impaired people,K. Dobosz,2016,Lecture Notes in Computer Science Including Subseries Lecture Notes in Artificial Intelligence and Lecture Notes in Bioinformatics,10.1007/978-3-319-41264-1_71,https://www.scopus.com/inward/record.uri?partnerID=HzOxMe3b&scp=84978229788&origin=inward,adjacent-subtopic,,scopus,llm,0.970,unreviewed,,doi:10.1007/978-3-319-41264-1_71
kept,On separation of platform-independent particles in user interfaces: Survey on separation of concerns in user interface design,T. Cerny,2015,Cluster Computing,10.1007/s10586-015-0471-7,https://www.scopus.com/inward/record.uri?partnerID=HzOxMe3b&scp=84942550744&origin=inward,supports-claim,,scopus,llm,0.720,unreviewed,,doi:10.1007/s10586-015-0471-7
discarded,Programming strategies for contextual runtime specialization,T. Carvalho,2015,Proceedings of the 18th International Workshop on Software and Compilers for Embedded Systems Scopes 2015,10.1145/2764967.2764973,https://www.scopus.com/inward/record.uri?partnerID=HzOxMe3b&scp=84959557000&origin=inward,adjacent-subtopic,,scopus,llm,0.960,unreviewed,,doi:10.1145/2764967.2764973
discarded,Separating out platform-independent particles of user interfaces,T. Cerny,2015,Lecture Notes in Electrical Engineering,10.1007/978-3-662-46578-3_112,https://www.scopus.com/inward/record.uri?partnerID=HzOxMe3b&scp=84923197821&origin=inward,adjacent-subtopic,,scopus,llm,0.720,unreviewed,,doi:10.1007/978-3-662-46578-3_112
discarded,An application for management and monitoring the data centers based on SNMP,A. Roohi,2014,2014 IEEE Student Conference on Research and Development Scored 2014,10.1109/SCORED.2014.7072941,https://www.scopus.com/inward/record.uri?partnerID=HzOxMe3b&scp=84946685843&origin=inward,adjacent-subtopic,,scopus,llm,0.860,unreviewed,,doi:10.1109/scored.2014.7072941
discarded,Some Code Smells Have a Significant but Small Effect on Faults,Tracy Hall; Min Zhang; David Bowes; Yi Sun,2014,ACM Transactions on Software Engineering and Methodology,10.1145/2629648,https://openalex.org/W2060561050,adjacent-subtopic,"We investigate the relationship between faults and five of Fowler et al.'s least-studied smells in code: Data Clumps, Switch Statements, Speculative Generality, Message Chains, and Middle Man. We developed a tool to detect these five smells in three open-source systems: Eclipse, ArgoUML, and Apache Commons. We collected fault data from the change and fault repositories of each system. We built Negative Binomial regression models to analyse the relationships between smells and faults and report the McFadden effect size of those relationships. Our results suggest that Switch Statements had no effect on faults in any of the three systems; Message Chains increased faults in two systems; Message Chains which occurred in larger files reduced faults; Data Clumps reduced faults in Apache and Eclipse but increased faults in ArgoUML; Middle Man reduced faults only in ArgoUML, and Speculative Generality reduced faults only in Eclipse. File size alone affects faults in some systems but not in all systems. Where smells did significantly affect faults, the size of that effect was small (always under 10 percent). Our findings suggest that some smells do indicate fault-prone code in some circumstances but that the effect that these smells have on faults is small. Our findings also show that smells have different effects on different systems. We conclude that arbitrary refactoring is unlikely to significantly reduce fault-proneness and in some cases may increase fault-proneness.",openalex,llm,0.960,unreviewed,,doi:10.1145/2629648
discarded,How does the 50/500 rule apply to MVPs?,Ian G. Jamieson; Fred W. Allendorf,2012,Trends in Ecology & Evolution,10.1016/j.tree.2012.07.001,https://openalex.org/W2140894093,off-topic-false-hit,,openalex,llm,0.990,unreviewed,,doi:10.1016/j.tree.2012.07.001
discarded,Million Veteran Program: A mega-biobank to study genetic influences on health and disease,John Michael Gaziano; John Concato; Mary T. Brophy; Louis D. Fiore; Saiju Pyarajan; James L. Breeling; Stacey B. Whitbourne; Jennifer E. Deen; Colleen Shannon; Donald E. Humphries; Peter Guarino; Mihaela Aslan; Daniel Anderson; Rene LaFleur; Timothy G. Hammond; Kendra L. Schaa; Jennifer Moser; Grant D. Huang; Sumitra Muralidhar; Ronald M. Przygodzki; Timothy J. O’Leary,2015,Journal of Clinical Epidemiology,10.1016/j.jclinepi.2015.09.016,https://openalex.org/W1911952697,off-topic-false-hit,"OBJECTIVE: To describe the design and ongoing conduct of the Million Veteran Program (MVP), as an observational cohort study and mega-biobank in the Department of Veterans Affairs (VA) health care system. STUDY DESIGN AND SETTING: Data are being collected from participants using questionnaires, the VA electronic health record, and a blood sample for genomic and other testing. Several ongoing projects are linked to MVP, both as peer-reviewed research studies and as activities to help develop an infrastructure for future, broad-based research uses. RESULTS: Formal planning for MVP commenced in 2009; the protocol was approved in 2010, and enrollment began in 2011. As of August 3, 2015, and with a steady state of ≈50 recruiting sites nationwide, N = 397,104 veterans have been enrolled. Among N = 199,348 with currently available genotyping data, most participants (as expected) are male (92.0%) between the ages of 50 and 69 years (55.0%). On the basis of self-reported race, white (77.2%) and African American (13.5%) populations are well represented. CONCLUSIONS: By helping to promote the future integration of genetic testing in health care delivery, including clinical decision making, the MVP is designed to contribute to the development of precision medicine.",openalex,llm,1.000,unreviewed,,doi:10.1016/j.jclinepi.2015.09.016
discarded,The Impact of Levene’s Test of Equality of Variances on Statistical Theory and Practice,Joseph L. Gastwirth; Yulia R. Gel; Weiwen Miao,2009,Statistical Science,10.1214/09-sts301,https://openalex.org/W2052561043,off-topic-false-hit,"In many applications, the underlying scientific question concerns whether the variances of k samples are equal. There are a substantial number of tests for this problem. Many of them rely on the assumption of normality and are not robust to its violation. In 1960 Professor Howard Levene proposed a new approach to this problem by applying the F-test to the absolute deviations of the observations from their group means. Levene’s approach is powerful and robust to nonnormality and became a very popular tool for checking the homogeneity of variances. This paper reviews the original method proposed by Levene and subsequent robust modifications. A modification of Levene-type tests to increase their power to detect monotonic trends in variances is discussed. This procedure is useful when one is concerned with an alternative of increasing or decreasing variability, for example, increasing volatility of stocks prices or “open or closed gramophones” in regression residual analysis. A major section of the paper is devoted to discussion of various scientific problems where Levene-type tests have been used, for example, economic anthropology, accuracy of medical measurements, volatility of the price of oil, studies of the consistency of jury awards in legal cases and the effect of hurricanes on ecological systems.",openalex,llm,1.000,unreviewed,,doi:10.1214/09-sts301
discarded,A large empirical assessment of the role of data balancing in machine-learning-based code smell detection,Fabiano Pecorelli; Dario Di Nucci; Coen De Roover; Andrea De Lucia,2020,Journal of Systems and Software,10.1016/j.jss.2020.110693,https://openalex.org/W3035156651,adjacent-subtopic,"Code smells can compromise software quality in the long term by inducing technical debt. For this reason, many approaches aimed at identifying these design flaws have been proposed in the last decade. Most of them are based on heuristics in which a set of metrics is used to detect smelly code components. However, these techniques suffer from subjective interpretations, a low agreement between detectors, and threshold dependability. To overcome these limitations, previous work applied Machine-Learning that can learn from previous datasets without needing any threshold definition. However, more recent work has shown that Machine-Learning is not always suitable for code smell detection due to the highly imbalanced nature of the problem. In this study, we investigate five approaches to mitigate data imbalance issues to understand their impact on Machine Learning-based approaches for code smell detection in Object-Oriented systems and those implementing the Model-View-Controller pattern. Our findings show that avoiding balancing does not dramatically impact accuracy. Existing data balancing techniques are inadequate for code smell detection leading to poor accuracy for Machine-Learning-based approaches. Therefore, new metrics to exploit different software characteristics and new techniques to effectively combine them are needed.",openalex,llm,0.910,unreviewed,,doi:10.1016/j.jss.2020.110693
discarded,Do patients with weight loss have a worse outcome when undergoing chemotherapy for lung cancers?,Paul J. Ross; Sue E. Ashley; A. Norton; Kathryn Priest; Justin S. Waters; Tim G Eisen; Ian E. Smith; Mary E.R. O'Brien,2004,British Journal of Cancer,10.1038/sj.bjc.6601781,https://openalex.org/W2046387692,off-topic-false-hit,"To examine whether weight loss at presentation influences outcome in patients who received chemotherapy for lung cancer or mesothelioma. Multivariate analysis of prospectively collected data 1994-2001. Data were available for age, gender, performance status, histology, stage, response, toxicity, progression-free and overall survival. The outcomes of patients with or without weight loss treated with chemotherapy for small cell lung cancer (SCLC; n=290), stages III and IV non-small-cell lung cancer (NSCLC; n=418), or mesothelioma (n=72) were compared. Weight loss was reported by 59, 58 and 76% of patients with SCLC, NSCLC and mesothelioma, respectively. Patients with weight loss and NSCLC (P=0.003) or mesothelioma (P=0.05) more frequently failed to complete at least three cycles of chemotherapy. Anaemia as a toxicity occurred significantly more frequently in NSCLC patients with weight loss (P=0.0003). The incidence of other toxicities was not significantly affected by weight loss. NSCLC patients with weight loss had fewer symptomatic responses (P=0.001). Mesothelioma patients with weight loss had fewer symptomatic (P=0.03) and objective responses (P=0.05). Weight loss was an independent predictor of shorter overall survival for patients with SCLC (P=0.003, relative risk (RR)=1.5), NSCLC (P=0.009, RR=1.33) and mesothelioma (P=0.03, RR=1.92) and an independent predictor of progression-free survival in patients with SCLC (P=0.01, RR=1.43). In conclusion, weight loss as a symptom of lung cancer predicts for toxicity from treatment and shorter survival.",openalex,llm,1.000,unreviewed,,doi:10.1038/sj.bjc.6601781
discarded,"Randomized Study of Adjuvant Chemotherapy for Completely Resected Stage I, II, or IIIA Non-Small-Cell Lung Cancer",Giorgio V. Scagliotti,2003,JNCI Journal of the National Cancer Institute,10.1093/jnci/djg059,https://openalex.org/W2119424848,off-topic-false-hit,"BACKGROUND: Surgery is the primary treatment for patients with stage I, II, or IIIA non-small-cell lung cancer (NSCLC). However, long-term survival of NSCLC patients after surgery alone is largely unsatisfactory, and the role of adjuvant chemotherapy in patient survival has not yet been established. METHODS: Between January 1994 and January 1999, 1209 patients with stage I, II, or IIIA NSCLC were randomly assigned to receive mitomycin C (8 mg/m2 on day 1), vindesine (3 mg/m2 on days 1 and 8), and cisplatin (100 mg/m2 on day 1) every 3 weeks for three cycles (MVP group; n = 606) or no treatment (control group; n = 603) after complete resection. Randomization was stratified by investigational center, tumor size, lymph-node involvement, and the intention to perform radiotherapy. The primary endpoint was overall survival and secondary endpoints were progression-free survival and toxicity associated with adjuvant treatment. Survival curves were analyzed using the log-rank test. All statistical tests were two-sided. RESULTS: After a median follow-up time of 64.5 months, there was no statistically significant difference between the two patient groups in overall survival (hazard ratio = 0.96, 95% confidence interval = 0.81 to 1.13; P =.589) or progression-free survival (hazard ratio = 0.89, 95% confidence interval = 0.76 to 1.03; P =.128). Only 69% of patients received the three planned cycles of MVP. Grades 3 and 4 neutropenia occurred in 16% and 12%, respectively, of patients in the MVP arm. Radiotherapy was completed by 65% of patients in the MVP arm and by 82% of patients in the control group. In the multivariable analysis, only disease stage and sex were associated with survival. CONCLUSION: This randomized trial failed to prospectively confirm a statistically significant role for adjuvant chemotherapy in completely resected NSCLC. Given the poor compliance with the MVP regimen used in this study, future studies should explore more effective treatments.",openalex,llm,1.000,unreviewed,,doi:10.1093/jnci/djg059
discarded,What Do Genetics and Ecology Tell Us About the Design of Nature Reserves? (1986),Michael E. Soulé; Daniel Simberloff,1986,Biological Conservation,10.1016/0006-3207(86)90025-x,https://openalex.org/W1976190328,off-topic-false-hit,,openalex,llm,0.990,unreviewed,,doi:10.1016/0006-3207(86)90025-x
discarded,Cardiovascular Responses to Sustained Handgrip in Normal Subjects and in Patients with Diabetes Mellitus: A Test of Autonomic Function,David J. Ewing; J B Irving; F. Kerr; John A.W. Wildsmith; Basil F. L. Clarke,1974,Clinical Science,10.1042/cs0460295,https://openalex.org/W2262857595,off-topic-false-hit,"1. The blood pressure and heart rate responses to static muscular exercise were measured in sixty normal subjects and 124 patients with diabetes mellitus, aged 25–54 years, during a standardized sustained handgrip test at 30% maximum voluntary contraction (MVC). 2. The normal range of the response was established. Females had a smaller blood pressure rise than males, and their MVC was lower. In the normal subjects there was a significant correlation between the size of the MVC and the height of the blood pressure response. The absolute muscle tension exerted should be taken into account in addition to the percentage MVC, when comparing responses to sustained exercise in different disease states. 3. The diabetic subjects showed a similar sex difference in their response. The mean diastolic blood pressure rises were smaller than in the control groups, both in males and females, but this was related to a smaller mean MVC. 4. Twenty-two of the diabetic subjects had an abnormally low response to sustained handgrip, which was not related to age, duration of diabetes, treatment or control of the disease. These diabetic subjects probably had damage of the autonomic fibres mediating the response. The findings would suggest that sustained handgrip is a useful and simple method of detecting involvement of the autonomic nervous system in diabetes.",openalex,llm,1.000,unreviewed,,doi:10.1042/cs0460295
discarded,"Genetics of blood lipids among ~300,000 multi-ethnic participants of the Million Veteran Program",Derek M. Klarin; The VA Million Veteran Program; Scott M. Damrauer; Kelly Cho; Yan V. Sun; Tanya M. Teslovich; Jacqueline P. Honerlaw; DAVID R. GAGNON; Scott L. DuVall; Jin Li; Gina Marie Peloso; Mark D. Chaffin; Aeron Small; Jie Huang; Hua Tang; Julie Ann Lynch; Yuk-Lam Anne Ho; Dajiang J. Liu; Connor A. Emdin; Alexander H. Li; Jennifer E. Huffman; Jennifer S. Lee; Pradeep Natarajan; Rajiv Chowdhury; Danish Saleheen; Marijana Vujković; Aris Baras; Saiju Pyarajan; Emanuele Di Angelantonio; Benjamin M. Neale; Aliya Naheed; Amit V. Khera; John Danesh; Kyong‐Mi Chang; Gonçalo R. Abecasis; Cristen J. Willer; Frederick E. Dewey; David J. Carey; John Concato; J. Michael Gaziano; Christopher J. O’Donnell; Philip S. Tsao; Sekar Kathiresan; Daniel James Rader; Peter W.F. Wilson; Themistocles L. Assimes,2018,Nature Genetics,10.1038/s41588-018-0222-9,https://openalex.org/W2889800760,off-topic-false-hit,,openalex,llm,1.000,unreviewed,,doi:10.1038/s41588-018-0222-9
discarded,Supraspinal factors in human muscle fatigue: evidence for suboptimal output from the motor cortex.,Simon C. Gandevia; Gabrielle M. Allen; Jane E. Butler; Janet L. Taylor,1996,The Journal of Physiology,10.1113/jphysiol.1996.sp021164,https://openalex.org/W1971990609,off-topic-false-hit,"1. Voluntary activation of elbow flexor muscles can be optimal during brief maximal voluntary contractions (MVCs), although central fatigue, a progressive decline in the ability to drive the muscle maximally, develops during sustained or repeated efforts. We stimulated the motor cortex and motor point in human subjects to investigate motor output during fatigue. 2. The increment in force (relative to the voluntary force) produced by stimulation of the motor point of biceps brachii increased during sustained isometric MVCs of the elbow flexors. Motoneuronal output became suboptimal during the contraction, i.e. central fatigue developed and accounted for a small but significant loss of maximal voluntary force. During 3 min MVCs, voluntary activation of biceps fell to an average of 90.7% from an average of > 99%. 3. The increment in force (relative to the voluntary force) produced by magnetic cortical stimulation was initially small (1.0%) but also increased during sustained MVCs to 9.8% (with a 2 min MVC). Thus, cortical output was not optimal at the time of stimulation nor were sites distal to the motor cortex already acting maximally. 4. A sphygmomanometer cuff around the upper arm blocked blood supply to brachioradialis near the end of a sustained MVC and throughout subsequent brief MVCs. Neither maximal voluntary force nor voluntary activation recovered during ischaemia after the sustained MVC. However, fatigue-induced changes in EMG responses to magnetic cortical stimulation recovered rapidly despite maintained ischaemia. 5. In conclusion, during sustained MVCs, voluntary activation becomes less than optimal so that force can be increased by stimulation of the motor cortex or the motor nerve. Complex changes in excitability of the motor cortex also occur with fatigue, but can be dissociated from the impairment of voluntary activation. We argue that inadequate neural drive effectively 'upstream' of the motor cortex must be one site involved in the genesis of central fatigue.",openalex,llm,1.000,unreviewed,,doi:10.1113/jphysiol.1996.sp021164
discarded,MVP-mediated exosomal sorting of miR-193a promotes colon cancer progression,Yun Teng; Yi Ren; Xin Hu; Jingyao Mu; Abhilash Kumble Samykutty; Xiaoying Zhuang; Zhongbin Deng; Anil Kumar; Lifeng Zhang; Michael L. Merchant; Jun Yan; Donald Max Miller; Huang‐Ge Zhang,2017,Nature Communications,10.1038/ncomms14448,https://openalex.org/W2588432900,off-topic-false-hit,"Exosomes are emerging mediators of intercellular communication; whether the release of exosomes has an effect on the exosome donor cells in addition to the recipient cells has not been investigated to any extent. Here, we examine different exosomal miRNA expression profiles in primary mouse colon tumour, liver metastasis of colon cancer and naive colon tissues. In more advanced disease, higher levels of tumour suppressor miRNAs are encapsulated in the exosomes. miR-193a interacts with major vault protein (MVP). Knockout of MVP leads to miR-193a accumulation in the exosomal donor cells instead of exosomes, inhibiting tumour progression. Furthermore, miR-193a causes cell cycle G1 arrest and cell proliferation repression through targeting of Caprin1, which upregulates Ccnd2 and c-Myc. Human colon cancer patients with more advanced disease show higher levels of circulating exosomal miR-193a. In summary, our data demonstrate that MVP-mediated selective sorting of tumour suppressor miRNA into exosomes promotes tumour progression.",openalex,llm,1.000,unreviewed,,doi:10.1038/ncomms14448
