status,title,authors,year,venue,doi,url,tags,abstract,provider,decision_source,llm_confidence,llm_review_outcome,llm_change_direction,paper_id
discarded,Study of asymmetric quality between coded views in depth-enhanced multiview video coding,Payman Aflaki; Dmytro Rusanovskyy; Timo Utriainen; Emilia Pesonen; Miska M. Hannuksela; Satu Jumisko-Pyykko; Moncef Gabbouj,2011,2011 International Conference on 3D Imaging (IC3D),10.1109/IC3D.2011.6584381,https://ieeexplore.ieee.org/document/6584381/,off-topic-false-hit,"Depth-enhanced multiview video formats, such as the multiview video plus depth (MVD) format, enable a natural 3D visual experience which cannot be brought by traditional 2D or stereo video services. In this paper we studied an asymmetric MVD technique for coding of three views that enabled rendering of the same bitstream on stereoscopic displays and multiview autostereoscopic displays. A larger share of bitrate was allocated to a central view, whereas two side views were coded at lower quality. The three decoded views were used by a Depth-Image-Based Rendering algorithm (DIBR) to produce virtual intermediate views. A stereopair at a suitable separation for viewing on a stereoscopic display was selected among the synthesized views. A large-scale subjective assessment of the selected synthesized stereopair was performed. A bitrate reduction of 20% on average and up to 22% was achieved with no penalties on subjective perceived quality. In addition, our analysis shows that a similar bitrate reduction gain with no difference in subjective quality can be achieved in multiview autostereoscopic display scenario.",ieee,llm,1.000,unreviewed,,doi:10.1109/ic3d.2011.6584381
discarded,Vehicle Trajectory Planning: Minimum Violation Planning and Model Predictive Control Comparison,David Vosahlik; Petr Turnovec; Jaroslav Pekar; Tomas Hanis,2022,2022 IEEE Intelligent Vehicles Symposium (IV),10.1109/IV51971.2022.9827430,https://ieeexplore.ieee.org/document/9827430/,off-topic-false-hit,"State trajectory planning is one of the primary self-driving cars technology enablers. However, state trajectory planning is a more complex and computationally demanding task compared to path planning. The vehicle’s east and north position, yaw, yaw rate, velocity, and battery state of charge variables trajectory planning with a particular focus on the safety and economy of the vehicle operation is concerned in this paper. Comparison of Model Predictive Control (MPC) and Minimum Violation Planning (MVP) used for trajectory planning is brought in this paper. The latter is a sampling-based algorithm based on the RRT* algorithm compared to the other optimization-based algorithm. A heuristic is introduced to convert the complex non-convex optimization planning task to a convex optimization problem. Next, MVP algorithm enhancement is proposed to reduce the calculation time. Both algorithms are tested on a selected testing scenario using a high fidelity nonlinear single-track model implemented in Matlab & Simulink environment.",ieee,llm,1.000,unreviewed,,doi:10.1109/iv51971.2022.9827430
discarded,Leveraging design structure matrices in software design education,Yuanfang Cai; Daniel Iannuzzi; Sunny Wong,2011,2011 24th IEEE-CS Conference on Software Engineering Education and Training (CSEE&T),10.1109/CSEET.2011.5876085,https://ieeexplore.ieee.org/document/5876085/,adjacent-subtopic,"Important software design concepts, such as information hiding and separation of concerns, are often conveyed to students informally. The modularity and hence maintainability of student software is difficult to assess. In this paper, we report our study of using design structure matrix (DSM) to assess the modularity of student software by comparing the differences between the DSM representing the intended design and the DSMs representing the software implemented by the students. We applied this approach to a software design class at Drexel University. We found that even though the lab and homework assignments were of small scale, and in many cases, detailed designs were given to the students in the form of UML class diagrams, 74% of the 85 student submissions, although fulfilled the required functionality, introduced unexpected dependencies so that the modules that designed to be independent are actually coupled. These design problems can only be revealed during software evolution, which is usually not possible for student projects. The results show the necessity and benefits of applying DSM modeling to make such design problems explicit to the students.",ieee,llm,0.870,unreviewed,,doi:10.1109/cseet.2011.5876085
discarded,Relationship between DTI Brain Connectivity and Functional Performance in Individuals with Traumatic Brain Injury,Alaleh Alivar; Michael Glassen; Armand Hoxha; Didier Allexandre; Guang Yue; Soha Saleh,2020,2020 42nd Annual International Conference of the IEEE Engineering in Medicine & Biology Society (EMBC),10.1109/EMBC44109.2020.9176130,https://ieeexplore.ieee.org/document/9176130/,off-topic-false-hit,"this study examines the relationship between brain structural connectivity, and physical and cognitive performances in individuals with Traumatic Brain Injury (TBI). Nine moderate to severe TBI participants were included in the study, and regression analysis was performed to explore if DTI connectivity of 16 regions of interest can predict individuals’ : 1) Maximum Voluntary Contraction (MVC), 2) time component of Wolf Motor Function Test (WMFT), 3) Reaction Time (RT) during bimanual force matching task, 4) Performance Error Measurement (PEM) during bimanual force matching task, and 5) cognitive assessment of task switching using Trail Making (TM) test. Results showed that slower WMFT, PEM, and TM can be predicted by weaker cerebrospinal tract connectivity. Higher Caudate connectivity predicted higher WMFT and slower RT, and higher right Cingulum predicted faster TM. Current results suggest that measures of cognitive-motor interference may be better indicators of functional performance than single cognitive and motor performance tests.",ieee,llm,1.000,unreviewed,,doi:10.1109/embc44109.2020.9176130
discarded,Enforcing Last-Level Cache Partitioning through Memory Virtual Channels,Jongwook Chung; Yuhwan Ro; Joonsung Kim; Jaehyung Ahn; Jangwoo Kim; John Kim; Jae W. Lee; Jung Ho Ahn,2019,2019 28th International Conference on Parallel Architectures and Compilation Techniques (PACT),10.1109/PACT.2019.00016,https://ieeexplore.ieee.org/document/8891665/,off-topic-false-hit,"Ensuring fairness or providing isolation between multiple workloads with different characteristics that are colocated on a single, shared-memory system is a challenge. Recent multicore processors provide last-level cache (LLC) hardware partitioning to provide hardware support for isolation, with the cache partitioning often specified by the user. While more LLC capacity often results in higher performance, in this work we identify that a workload allocated more LLC capacity result in worse performance on real-machine experiments, which we refer to as MiW (more is worse). Through various controlled experiments, we identify that another workload with less LLC capacity causes more frequent LLC misses. The workload stresses the main-memory system shared by both workloads and degrades the performance of the former workload even if the LLC partitioning is used (a balloon effect). To resolve this problem, we propose virtualizing the datapath of main-memory controllers and dedicating the memory virtual channels (mVCs) to each group of applications, grouped for LLC partitioning. mVC can further fine-tune the performance of groups by differentiating buffer sizes among mVCs. It can reduce the total system cost by executing latency-critical and throughput-oriented workloads together on shared machines, of which performance criteria can be achieved only on dedicated machines if mVCs are not supported. Experiments on a simulated chip multiprocessor show that our proposals effectively eliminate the MiW phenomenon, hence providing additional opportunities for workload consolidation in a datacenter. Our case study demonstrates potential savings of machine count by 21.8% with mVC, which would otherwise violate a service level objective (SLO).",ieee,llm,0.990,unreviewed,,doi:10.1109/pact.2019.00016
discarded,Feasibility Testing of Wearable Device for Musculoskeletal Monitoring during Aquatic Therapy and Rehabilitation,Abu Bony Amin; Ebenezer Asabre; Akshat Sahay; Sina Razaghi; Yeonsik Noh,2023,2023 45th Annual International Conference of the IEEE Engineering in Medicine & Biology Society (EMBC),10.1109/EMBC40787.2023.10340390,https://ieeexplore.ieee.org/document/10340390/,off-topic-false-hit,"The objectives of this study were to test the feasibility of the developed waterproof wearable device with a Surface Electromyography (sEMG) sensor and Inertial Measurement Unit (IMU) sensor by (1) comparing the onset duration of sEMG recordings from maximal voluntary contractions (MVC), (2) comparing the acceleration of arm movement from IMU, and (3) observing the reproducibility of onset duration and acceleration from the developed device for bicep brachii (BB) muscle between on dry-land, and in aquatic environments. Five healthy males participated in two experimental protocols with the activity of BB muscle of the left and right arms. Using the sEMG of BB muscle, the intra-class correlation coefficient (ICC) and typical error (CV%) were calculated to determine the reproducibility and precision of onset duration and acceleration, respectively. In case of onset duration, no significant differences were observed between land and aquatic condition (p = 0.9–0.98), and high reliability (ICC = 0.93–0.98) and precision (CV% = 2.7–6.4%) were observed. In addition, acceleration data shows no significant differences between land and aquatic condition (p = 0.89–0.93), and high reliability (ICC = 0.9–0.97) and precision (CV% = 7.9–9.2%). These comparable sEMG and acceleration values in both dry-land and aquatic environment supports the suitability of the proposed wearable device for musculoskeletal monitoring during aquatic therapy and rehabilitation as the integrity of the sEMG and acceleration recordings maintained during aquatic activities.Clinical Relevance—This study and relevant experiment demonstrate the feasibility of the developed wearable device to support clinicians and therapists for musculoskeletal monitoring during aquatic therapy and rehabilitation.",ieee,llm,0.990,unreviewed,,doi:10.1109/embc40787.2023.10340390
discarded,Effect of 4 Weeks of Foot Stretching with an Automatic Stretching Machine: A Case Report,Naomi Yamada; Shogo Okamoto; Yukiko Fuwa; Yasuhiro Akiyama; Yoji Yamada,2021,2021 IEEE International Conference on Intelligence and Safety for Robotics (ISR),10.1109/ISR50024.2021.9419506,https://ieeexplore.ieee.org/document/9419506/,off-topic-false-hit,"We developed a stretching machine that automatically performed dorsiflexion foot stretching, and subsequently verified its long-term effect. One participant, with a history of cervical spine injury, underwent stretching of her left foot for 10 mins, twice a week, for 4 weeks. Before and after the experimental period, the ankle dorsiflexion range of motion (ROM), passive resistive torque during passive dorsiflexion, maximum voluntary contraction (MVC) of the ankle plantarflexors, 5-m walking parameters (time, steps, and cadence), and time up-and-go (TUG) test time were evaluated. We found that after 4 weeks of stretching, the ankle ROM was increased, and the passive torque at 10° dorsiflexion and MVC had slightly decreased. Although the 5-m walking time did not change significantly, the TUG test time was 1.2 sec faster. These results indicate that the rigidity of the foot decreased slightly and the stability during the turning motion increased owing to foot stretching using the stretching machine.",ieee,llm,0.990,unreviewed,,doi:10.1109/isr50024.2021.9419506
discarded,"Numerical modeling and Hardware-in-the-Loop simulation of undersea networks, ocean observatories and offshore communications backbones",Andrew M. Clark; Donna M. Kocak; Ken Martindale; Adrian Woodroffe,2009,OCEANS 2009,10.23919/OCEANS.2009.5422204,https://ieeexplore.ieee.org/document/5422204/,off-topic-false-hit,"This paper discusses the importance of taking a systems engineering approach when designing undersea networks, ocean observatories and offshore communications backbones. A design that utilizes modular components and systems, and places diligence in modeling and testing communications, power and data bandwidth requirements is essential for sustained operation and economic feasibility. An example is the modular seafloor communications network described — CSnet's Offshore Communications Backbone (OCB). The systems engineering approach that shaped OCB's design, the modeling, simulation, testing as well as data collected during the test and development phases is presented. Subsea networks present the inherent challenge that complete system testing is normally impossible as key elements, such as the telecommunications cable, are only integrated at deployment. Even had the cable been available for integration testing, its reactive properties are different deployed than at a test facility. The potential cost implications of such an unexpected interaction post deployment could result in unrecoverable loss. To mitigate these risks, a rigorous systems engineering approach must be adopted that includes system level studies, analysis and theoretical, numerical and physical models of key areas such as power distribution and communications. The OCB seafloor element consists of both submarine cabling and multiple nodes. The nodes are modularly designed; independent of location and position. The network is redundant and expandable to accommodate additional nodes and buoys. Discussed is the theoretical analysis performed of the system architecture to determine the optimal selection of fiber type and network equipment to ensure robust and reliable communications. Also described is the thorough optical budget analysis conducted taking into account optical link loss, dispersion and optical signal-to-noise (OSNR). Computer simulation and Hardware-in-the-Loop Simulation (HILS) testbeds using the actual hardware being considered in the nodes were employed to validate the theoretical findings. Ethernet benchmark tests were performed to analyze throughput, back-to-back testing, latency and frame loss in the network. Attenuators as well as full scale network fiber lengths measuring hundreds of kilometers were used to test and evaluate multiple fiber types. Results are presented of the power system analysis and transient study utilizing computer models, critical in determining “worst case” voltage and current transients. By using an accurate representation of the cable parameters and system variables, an optimal design of the medium voltage converter (MVC) and high voltage power supply (HVPS) is achieved. Protective measures intended to prevent single point failures, particularly those that may short the backbone cable and bring down the entire network, are evaluated. Physical cable modeling and seawater return analysis were included in the analysis and simulations. Instrument loading (power and data bandwidth) in a hierarchy of combinations intended to simulate the range of possible user applications were simulated to ensure the network's robustness through future expansions. Although the capital expenditure (CAPEX) associated with the rigorous process described of this initial design is significant, the potential cost avoidance and savings over the deployment and operation of both the initial and future network's operational expenditure (OPEX) more than justifies this investment.",ieee,llm,0.970,unreviewed,,doi:10.23919/oceans.2009.5422204
kept,Connecting Interaction Models and Application Logic for Model-Driven Generation of Web-Based Graphical User Interfaces,Roman Popp; Hermann Kaindl; David Raneburger,2013,2013 20th Asia-Pacific Software Engineering Conference (APSEC),10.1109/APSEC.2013.38,https://ieeexplore.ieee.org/document/6805409/,supports-claim,"In the research on automated (design-time) generation of graphical user interfaces (GUIs), the focus is on how such a generation works and on the resulting GUI's appearance. However, the integration of the software part implementing the resulting GUI with an application logic does not appear to be in a well-defined software architecture. We propose an integration in the well-known Model-View-Controller (MVC) architecture, with its decoupling of different concerns and the resulting software properties. We show that most of its components can be automatically generated from Discourse-based Communication Models. We also show how these models connect to an application logic. In this way, we present an implemented and tested approach to connecting a high-level interaction model and the Web-based GUI software generated from it with an application logic and its implementation in the context of model-driven GUI generation.",ieee,llm,0.950,unreviewed,,doi:10.1109/apsec.2013.38
discarded,SAOFTRL: A Novel Adaptive Algorithmic Framework for Enhancing Online Portfolio Selection,Runhao Shi; Daniel P. Palomar,2024,IEEE Transactions on Signal Processing,10.1109/TSP.2024.3495696,https://ieeexplore.ieee.org/document/10750358/,off-topic-false-hit,"Strongly Adaptive meta-algorithms (SA-meta) are popular in online portfolio selection due to their resilience in adversarial environments and adaptability to market changes. However, their application is often limited by high variance in errors, stemming from calculations over small intervals with limited observations. To address this limitation, we introduce the Strongly Adaptive Optimistic Follow-the-Regularized-Leader (SAOFTRL), an advanced framework that integrates the Optimistic Follow-the-Regularized-Leader (OFTRL) strategy into SA-meta algorithms to stabilize performance. SAOFTRL is distinguished by its novel regret bound, which provides a theoretical guarantee of worst-case performance in challenging scenarios. Additionally, we reimagine SAOFTRL within a mean-variance portfolio (MVP) framework, enhanced with shrinkage estimators and adaptive rolling windows, thereby ensuring reliable average-case performance. For practical deployment, we present an efficient SAOFTRL implementation utilizing the Successive Convex Approximation (SCA) method. Empirical evaluations demonstrate SAOFTRL's superior performance and expedited convergence when compared to existing benchmarks, confirming its effectiveness and efficiency in dynamic market conditions.",ieee,llm,0.990,unreviewed,,doi:10.1109/tsp.2024.3495696
discarded,Resource partition for real-time systems,A.K. Mok; X. Feng; Deji Chen,2001,Proceedings Seventh IEEE Real-Time Technology and Applications Symposium,10.1109/RTTAS.2001.929867,https://ieeexplore.ieee.org/document/929867/,adjacent-subtopic,"We investigate an approach to implement the open system environment idea by means of temporal resource partitions. In this approach, application task groups with hard timing constraints may share the same physical resource and yet be free from the interference of one another. Each resource partition uses only a fraction of the time on the resource. Partitions are specified by two models, a static partition model and a bounded-delay partition model. Both models achieve a clean separation of concerns between task group level scheduling and resource level partition scheduling. The schedulability problems for both preemptive fixed priority and dynamic priority scheduling policies are analyzed.",ieee,llm,0.960,unreviewed,,doi:10.1109/rttas.2001.929867
kept,A Novel Approach for Developing Web-Based Enterprise Information Systems,Liu Xudong; Xu Xiaofei; Zhan Dechen; He Ting,2008,2008 International Conference on Computer Science and Software Engineering,10.1109/CSSE.2008.974,https://ieeexplore.ieee.org/document/4722111/,supports-claim,"Crosscutting concerns and clone codes make the Web-based enterprise information system (EIS) difficult to evolve and maintain. The traditional model-view-controller (MVC) model imposes design-level restrictions that give a clean separation between the presentation, functional and control concerns. However it does not modularize the structure crosscutting concerns. In this paper, we propose a novel development model named meta data object (MDO) that modularizes the structure concerns and reduces some specific clone codes. Panther framework is a new domain-driven Web development framework that implements the MDO model. Panther has been used to develop many Web-based EIS. Development with Panther benefits from a significant improvement in code reuse, adaptability, and maintainability.",ieee,llm,0.930,unreviewed,,doi:10.1109/csse.2008.974
