status,title,authors,year,venue,doi,url,tags,abstract,provider,decision_source,llm_confidence,llm_review_outcome,llm_change_direction,paper_id
Results show that scripts developed with the guidelines had higher maintenance costs than scripts developed without guide-lines. This is supported by qualitative results that many of the guidelines are considered inappropriate, superfluous or unnecessary due to the inherent properties of the scripts, e.g. their natural small size, linear flows, natural separation of concerns, and more. We conclude that there are differences between VGT scripts and software that prohibit direct translation of guidelines between the two. As such, we consider our study as a failure but argue that several lessons can be drawn from our results to guide future research into guidelines for VGT and GUI-based test automation.",wos,llm,0.940,unreviewed,,doi:10.1109/icst49551.2021.00046
discarded,Endovascular treatment of traumatic azygous vein injuries: a case report,"DeMaio, Kristine; Kaushik, Shivam; Vadlamudi, Venu",2021,CVIR ENDOVASCULAR,10.1186/s42155-021-00235-5,https://www.webofscience.com/wos/woscc/full-record/WOS:000660881200002,off-topic-false-hit,"Background Management of thoracic vascular injury predominantly focuses on the aorta and its tributaries while reports of venous injury are less frequent. Although rare, traumatic azygous vein injuries are associated with high mortality. Prompt treatment is required and has traditionally been open surgery. We present a case of an endovascular repair of an azygous vein injury. Case presentation A female patient presented to our trauma center following ejection after a motor vehicle collision (MVC). CT imaging workup revealed mediastinal and periaortic hematoma with active contrast extravasation adjacent to the azygos vein. She was referred to interventional radiology for vascular evaluation and potential endovascular intervention. The patient met criteria for class III hypovolemic shock upon arrival in the endovascular suite. Aortography demonstrated no arterial injury. Venography revealed a pseudoaneurysm on the superior aspect of the azygos arch and contrast extravasation from the inferior margin of the azygous arch. A stent-graft was deployed and post-deployment venogram showed no extravasation and successful exclusion of the injuries. The patient did not have further signs of bleeding. She left the interventional suite with improved vital signs, yet her condition remained guarded. Follow-up CT chest confirmed continued patency of the stent-graft at 8 days and 2 years post-procedure. Conclusion Historically, azygos vein injuries are a rare occurrence and managed with open surgery. Swift management is necessary to prevent the increased morbidity and mortality associated with azygous vein injury, particularly in polytrauma patients such as the one presented here. We believe endovascular stent-graft treatment offers an innovative alternative to the current standard of operative management of azygos vein injury.",wos,llm,1.000,unreviewed,,doi:10.1186/s42155-021-00235-5
discarded,Accommodating Shortened Term Lengths in a Capstone Course using Minimally Viable Prototypes,"Eloe, Nathan; Hoot, Charles",2020,2020 IEEE FRONTIERS IN EDUCATION CONFERENCE (FIE 2020),,https://www.webofscience.com/wos/woscc/full-record/WOS:000646660800010,off-topic-false-hit,"This Full Paper presents a novel way of implementing the first half of a two-semester software design and implementation capstone course. The paper compares prior work from traditional (15-week) terms to a compressed (7-week) format and a significantly compressed (4-week) format employing this approach. To maximize competitiveness, many programs are under pressure to do more with less: competing to provide more outcomes and more practical real-world experiences in less time and with fewer courses. These challenges become especially significant in capstone courses, where students, still learning, must design and implement solutions consolidating a wide variety of skills and knowledge covered in the curriculum.

The capstone course spans two semesters; the first semester focuses on design and the second semester focuses on implementation. In the standard approach, teams meet with the client and develop design documents including use cases, user interface sketches, and data models. In this approach, rather than starting from scratch, students received artifacts from a previous capstone course employing a consultancy model. Artifacts included a request for proposal (RFP), a minimally viable prototype (MVP) partial implementation, and corresponding design documents. The work reviews students' ability to effectively incorporate the provided artifacts to produce a high quality design for complete implementation of the project.

The work includes an evaluation of first-semester team deliverables generated under both the compressed and significantly compressed schedules and relates the expectations and outcomes to those in a traditional-length term. This approach offers a common means to assess schedule impacts and tailor the course in accordance with the relative concentration of contact hours associated with the schedule. This paper describes variations in expectations and options for MVP, client interaction schedules (including frequency and duration), and discusses the associated impacts as perceived by clients and mentors on engagement and student learning outcomes. Finally, the paper offers specific recommendations and lessons learned for those educators that are - or plan to - offer capstone courses under a highly compressed schedule.",wos,llm,0.990,unreviewed,,hash:8b62693c7c5ad7bc
discarded,Energy/exergy analysis of solar driven mechanical vapor compression desalination system with nano-filtration pretreatment,"Farahat, Mohamed A.; Fath, Hassan E. S.; El-Sharkawy, Ibrahim I.; Ookawara, Shinichi; Ahmed, Mahmoud",2021,DESALINATION,10.1016/j.desal.2021.115078,https://www.webofscience.com/wos/woscc/full-record/WOS:000644963300002,off-topic-false-hit,"The performance of the mechanical vapor compression desalination system is limited due to the required vacuum pressure and associated high temperature scaling problem. Thus, a new solar driven mechanical vapor compression desalination plant with nano-filtration pretreatment operating at atmospheric pressure is developed for a production of 500 m3/day. The electrical and thermal energies of the new system are generated using the integration of solar photovoltaic modules and parabolic trough collectors. To evaluate the performance of the new system, energy/exergy analysis is performed by employing a MATLAB package and a Graphical User Interface (GUI) tool. Also, an economic evaluation for the plant?s direct, indirect, and unit product costs ($/m3) is presented. The predicted results are validated with the available measurements. The effects of different design parameters such as feed water temperature, distilled and brine water temperature difference, salt rejection and recovery ratio on plant performance are investigated. The proposed plant?s exergy efficiency is found to vary from 14.59 to 20% consistently with design parameters. The enhancement in exergy efficiency is estimated to be 153.7%, 56.3%, 32.63% and 27% compared with Multi-Effect evaporation mechanical and conventional vapor compression, forward feed multi-effect mechanical vapor compression and reverse osmosis systems, respectively. The salt rejection and recovery ratio are found to be the most significant parameters to enhance the plant exergy efficiency. Furthermore, the photovoltaic unit has a significant effect on exergy destruction of the plant with a percentage of 85.79%. The parabolic trough collectors also have high exergy destruction of about 69.53%. The economic analysis reveals that the unit water price for the proposed plant is equal to 1.54 $/m3. Therefore, the developed solar-NF-MVC system suits small scale units for remote communities.",wos,llm,1.000,unreviewed,,doi:10.1016/j.desal.2021.115078
discarded,Patterns of Pediatric Facial Fractures,"Hong, Kevin; Jeong, James; Susson, Yehudah N.; Abramowicz, Shelly",2021,CRANIOMAXILLOFACIAL TRAUMA & RECONSTRUCTION,10.1177/1943387521991738,https://www.webofscience.com/wos/woscc/full-record/WOS:000623709200001,off-topic-false-hit,"Objective: The aim of this study was to assess patterns of maxillofacial trauma in the pediatric population in Atlanta. This information is important to help guide management and allocate resources for treatment of maxillofacial injuries at Children's Healthcare of Atlanta (CHOA).

Methods: This study was a retrospective chart review of children who presented from 2006 to 2015. Inclusion criteria were: (1) age 18 years old or younger, (2) presentation to emergency department, (3) diagnosis of maxillofacial fractures, and (4) evaluation by Oral and Maxillofacial Surgery, Otolaryngology, or Plastic Surgery services. Medical records were reviewed to record demographic, mechanism of injury, fracture location, and yearly incidence of injury. Descriptive statistics were computed to summarize findings and overall trends.

Results: During the study period, 39,833 patients were identified. Of them, 1995 met the inclusion criteria. The majority were male (n = 1359, 68%) with an average age of 9.4 years old (range of 1 month to 18 years old). Mechanisms of injury were motor vehicle collisions (MVC) (n = 597, 29.9%), fall (n = 565, 28.3%), sports injury (n = 317, 15.9%), pedestrian struck (n = 215, 10.8%), assault/abuse (n = 204, 10.2%), other (n = 81, 4.1%), or gunshot wound (n = 16, 0.8%). Fracture sites were mandible (n = 519, 26%), complex (n = 479, 24%), nasal (n = 419, 21%), dentoalveolar (n = 279, 14%), orbital (n = 259, 13%), and maxilla (n = 40, 2%). Males had a higher incidence of assault than females (n = 185, 91% of assaults). The incidence of maxillofacial trauma increased with age with a peak incidence in 13 to 16-year-olds (n = 566, 28.3%). During the years examined, there was an upward trend in MVCs as the etiology with a peak incidence of facial fractures due to MVCs occurring in 2015. All other mechanisms remained constant during this time period.

Conclusions: There was an increase in pediatric facial fractures secondary to motor vehicle collisions from 2007 to 2015 despite improvements in regulations, traffic safety, and technology.",wos,llm,1.000,unreviewed,,doi:10.1177/1943387521991738
discarded,Ontology Fixing by Using Software Engineering Technology,"Roldan-Molina, Gabriela R.; Mendez, Jose R.; Yevseyeva, Iryna; Basto-Fernandes, Vitor",2020,APPLIED SCIENCES-BASEL,10.3390/app10186328,https://www.webofscience.com/wos/woscc/full-record/WOS:000580507700001,adjacent-subtopic,"This paper presents OntologyFixer, a web-based tool that supports a methodology to build, assess, and improve the quality of ontology web language (OWL) ontologies. Using our software, knowledge engineers are able to fix low-quality OWL ontologies (such as those created from natural language documents using ontology learning processes). The fixing process is guided by a set of metrics and fixing mechanisms provided by the tool, and executed primarily through automated changes (inspired by quick fix actions used in the software engineering domain). To evaluate the quality, the tool supports numerical and graphical quality assessments, focusing on ontology content and structure attributes. This tool follows principles, and provides features, typical of scientific software, including user parameter requests, logging, multithreading execution, and experiment repeatability, among others. OntologyFixer architecture takes advantage of model view controller (MVC), strategy, template, and factory design patterns; and decouples graphical user interfaces (GUI) from ontology quality metrics, ontology fixing, and REST (REpresentational State Transfer) API (Application Programming Interface) components (used for pitfall identification, and ontology evaluation). We also separate part of the OntologyFixer functionality into a new package called OntoMetrics, which focuses on the identification of symptoms and the evaluation of the quality of ontologies. Finally, OntologyFixer provides mechanisms to easily develop and integrate new quick fix methods.",wos,llm,0.960,unreviewed,,doi:10.3390/app10186328
discarded,Role of Resistivity Index Analysis in the Prediction of Hemodynamically Significant Venous Sinus Stenosis in Patient With Idiopathic Intracranial Hypertension,"Mohammaden, Mahmoud H.; Husain, Muhammad Rizwan; Brunozzi, Denise; Hussein, Ahmed E.; Atwal, Gursant; Charbel, Fady T.; Alaraj, Ali",2020,NEUROSURGERY,10.1093/neuros/nyz314,https://www.webofscience.com/wos/woscc/full-record/WOS:000537429900027,off-topic-false-hit,"BACKGROUND: The resistivity index (RI) in cerebral venous sinus stenosis (VSS) has not been studied in patients with idiopathic intracranial hypertension (IIH).

OBJECTIVE: To evaluate the role of RI measured by quantitative magnetic resonance venogram (QMRV) as a noninvasive tool in the diagnosis of venous hypertension associated with VSS in IIH.

METHODS: Retrospective evaluation of 13 consecutive IIH patients who underwent venous sinus stenting at our institution between 2013 and 2018. Patients' demographics, clinical presentation, cerebral mean venous sinus pressure (MVP), and RI both pre- and poststenting were recorded. The baseline RI was also compared to a control group.

RESULTS: Among 13 patients of IIH, 11 had unilateral VSS in dominant sinus, whereas 2 had bilateral VSS. RI was significantly higher in IIH patients compared to the control group in the superior sagittal (SSS) and transverse sinuses (TS) (0.21 vs 0.11, P = .01 and 0.22 vs 0.13, P = .03, respectively). The MVP (in mm Hg) decreased significantly after venous sinus stenting in the SSS (41.9 to 22.5, P < .001) and TS (39.4 to 19.5, P < .001), which was also associated with a significant reduction of the RI (0.22 vs 0.17, P < .01 in SSS and 0.23 vs 0.17, P = .03 in TS) poststenting.

CONCLUSION: RI calculated using QMRV can serve as a noninvasive tool to aid in the diagnosis of hemodynamically significant VSS. The study had a small sample size, and larger multicenter studies would be required to validate the results further.",wos,llm,1.000,unreviewed,,doi:10.1093/neuros/nyz314
discarded,MFsim-an open Java all-in-one rich-client simulation environment for mesoscopic simulation,"van den Broek, Karina; Daniel, Mirco; Epple, Matthias; Hein, Jan-Mathis; Kuhn, Hubert; Neumann, Stefan; Truszkowski, Andreas; Zielesny, Achim",2020,JOURNAL OF CHEMINFORMATICS,10.1186/s13321-020-00432-9,https://www.webofscience.com/wos/woscc/full-record/WOS:000530544300001,off-topic-false-hit,"MFsim is an open Java all-in-one rich-client computing environment for mesoscopic simulation with Jdpd as its default simulation kernel for Molecular Fragment (Dissipative Particle) Dynamics. The new environment comprises the complete preparation-simulation-evaluation triad of a mesoscopic simulation task and especially enables biomolecular simulation tasks with peptides and proteins. Productive highlights are a SPICES molecular structure editor, a PDB-to-SPICES parser for particle-based peptide/protein representations, a support of polymer definitions, a compartment editor for complex simulation box start configurations, interactive and flexible simulation box views including analytics, simulation movie generation or animated diagrams. As an open project, MFsim allows for customized extensions for different fields of research.",wos,llm,0.980,unreviewed,,doi:10.1186/s13321-020-00432-9
discarded,A New Method of Latin-to-Balinese Script Transliteration based on Noto Sans Balinese Font and Dictionary Data Structure,"Indrawan, G.; Paramarta, I. K.; Agustini, K.",2019,PROCEEDINGS OF THE 2019 2ND INTERNATIONAL CONFERENCE ON SOFTWARE ENGINEERING AND INFORMATION MANAGEMENT (ICSIM 2019) / 2019 2ND INTERNATIONAL CONFERENCE ON BIG DATA AND SMART COMPUTING (ICBDSC 2019),10.1145/3305160.3305167,https://www.webofscience.com/wos/woscc/full-record/WOS:000470905600016,adjacent-subtopic,"This research aims to provide a new method of Latin-to-Balinese script transliteration based on the Noto Sans Balinese font since so far no research provides its technological state of the art. This multi-disciplines collaboration research produced the first known method utilizing the Noto Sans Balinese font that can be elaborated into: 1) the establishment of the MVC design pattern and its implementation; 2) the identification of 17 types of particular words; 3) the accomodation of those particular words by the dictionary data structure; 4) the establishment of the accuracy measurement for the next new method development; and 5) the accuracy improvement compared to other methods utilizing Bali Simbar font. This method can be utilized as a core of learning application to provide the knowledge of transliteration, as a part of Balinese Language learning program in Indonesia, especially in Bali Province where its Balinese Language was considered as a mandatory subject from elementary to high school. This method used MVC architectural pattern, where Model handles a repository for the particular words, View handles application User Interface, and Controller handles transliteration algorithm based on string pattern matching. Through the experiment, accuracy above 91% (138 of 151 cases) has been achieved by this method on the testing cases of The Balinese Alphabet document. On the same testing cases, that result outperformed the existing method Transliterasi Aksara Bali based on the Bali Simbar font, with its accuracy a little above 68% (103 of 151 cases). In the future work, this method could be enhanced by: 1) accommodating remain and future rules and examples inside and outside the testing document that recently cannot be handled or gave incorrect result; and 2) enriching the particular words repository.",wos,llm,0.940,unreviewed,,doi:10.1145/3305160.3305167
kept,A modern approach to QENS data analysis in Mantid,"Mukhopadhyay, Sanghamitra; Hewer, Brandon; Howells, Spencer; Markvardsen, Anders",2019,PHYSICA B-CONDENSED MATTER,10.1016/j.physb.2019.02.041,https://www.webofscience.com/wos/woscc/full-record/WOS:000464558000005,supports-claim,"Data analysis of Quasi-elastic Neutron Scattering (QENS) experiments often requires multiple steps involving fitting the elastic and quasi-elastic parts of spectra with several empirical functions and analytical models. Parameters of those models can be interdependent and also dependent on the momentum transfer vector Q. Here we present a modern data analysis interface dedicated for QENS data analysis implemented within the open source software Mantid. The interface has been implemented using the state-of-the-art design pattern ModelView-Presenter (MVP). The MVP, an architectural software design pattern, facilitates automated unit tests as well as decoupling of the business logic, presentation logic and the graphical interface. Several models are implemented for analysing both elastic and quasi-elastic parts of the dynamical scattering function S(Q,omega) and intermediate scattering function I(Q, t). To understand the nature of dynamics in a QENS experiments, several models are also implemented for elastic incoherent structure factor (EISF) and jump diffusions. The interface has been validated by analysing a sample of liquid water at room temperature. The nature of hydrogen bond dynamics of the hydrogen bonded organic ferroelectric 2, 4, 5 - Br-3 imidazole, for the first time has been analysed using this newly implemented software. It is found that protons exhibit localised random motion in this material.",wos,llm,0.980,unreviewed,,doi:10.1016/j.physb.2019.02.041
discarded,StartFlow: From method conception to multi-perspective evaluation in UX prototyping for software startups,G.C. Guerino,2026,Information and Software Technology,10.1016/j.infsof.2026.108193,https://www.scopus.com/inward/record.uri?partnerID=HzOxMe3b&scp=105038889610&origin=inward,adjacent-subtopic,,scopus,llm,0.860,unreviewed,,doi:10.1016/j.infsof.2026.108193
discarded,"An integrated toolkit for structure generation, optimization, and evaluation in spatially fractionated radiation therapy",J.K. Patel,2026,Journal of Applied Clinical Medical Physics,10.1002/acm2.70696,https://www.scopus.com/inward/record.uri?partnerID=HzOxMe3b&scp=105044026531&origin=inward,off-topic-false-hit,,scopus,llm,0.910,unreviewed,,doi:10.1002/acm2.70696
discarded,Design and Implementation of Intelligent Composition Evaluation and Writing Improvement System Based on Multimodal Interaction,Y. Lu,2026,Proceedings of 2026 International Conference on Big Data and Informatization Education Icbdie 2026,10.1145/3806980.3807209,https://www.scopus.com/inward/record.uri?partnerID=HzOxMe3b&scp=105042064904&origin=inward,adjacent-subtopic,,scopus,llm,0.830,unreviewed,,doi:10.1145/3806980.3807209
discarded,Model-Driven Legacy System Modernization at Scale,T. Böhm,2026,Proceedings 2026 1st International Workshop on Code Translation Transformation and Modernization Recode 2026,10.1145/3786180.3788318,https://www.scopus.com/inward/record.uri?partnerID=HzOxMe3b&scp=105042192415&origin=inward,adjacent-subtopic,,scopus,llm,0.810,unreviewed,,doi:10.1145/3786180.3788318
discarded,A modular vaccine platform for optimized lipid nanoparticle mRNA immunogenicity,Z. Fang,2026,Nature Biomedical Engineering,10.1038/s41551-025-01478-6,https://www.scopus.com/inward/record.uri?partnerID=HzOxMe3b&scp=105013976579&origin=inward,off-topic-false-hit,,scopus,llm,0.990,unreviewed,,doi:10.1038/s41551-025-01478-6
