status,title,authors,year,venue,doi,url,tags,abstract,provider,decision_source,llm_confidence,llm_review_outcome,llm_change_direction,paper_id
discarded,Enhancing Programming Competition Performance: A Data-Driven Approach to Personalized Training,Bin Du; Jize Yang; Shumei Wu; Zhanwen Zhang; Yong Liu,2024,"2024 IEEE 24th International Conference on Software Quality, Reliability, and Security Companion (QRS-C)",10.1109/QRS-C63300.2024.00059,https://ieeexplore.ieee.org/document/10726991/,adjacent-subtopic,"In programming competition training, the key to boosting students' competitiveness and award chances is to provide personalized problem recommendations based on their coding skills. Traditional uniform training problems fail to account for the individual differences among students, and cannot guarantee a perfect alignment between problems and students' abilities. Each student possesses a unique learning pace, comprehension level, and mastery degree, making a standardized method likely to overlook or excessively chal-lenge certain students. This impacts their learning effective-ness and enthusiasm. The personalized and flexible problems recommendation algorithm is urgently needed. We propose four novel problem recommendation algorithms, which aim to facilitate the personalized generation of problem sets tailored to students' skill levels. Specifically, we use programming history records to evaluate students' strengths and weaknesses, to recommend suitable exercises and adjust recommendation algorithms based on their performance in these programming problems. In a case study at Beijing University of Chemical Technology (BUCT), the implementation of these personalized training algorithms leads to a 33% improvement in final performance compared to traditional approaches. This suggests a promising new direction for programming education.",ieee,llm,0.990,unreviewed,,doi:10.1109/qrs-c63300.2024.00059
discarded,New learning models in accelerated CIS program,C. Wyman; D.N. LaChance,1998,FIE '98. 28th Annual Frontiers in Education Conference. Moving from 'Teacher-Centered' to 'Learner-Centered' Education. Conference Proceedings (Cat. No.98CH36214),10.1109/FIE.1998.738758,https://ieeexplore.ieee.org/document/738758/,adjacent-subtopic,"Summary form only given. According to a study by the College Board, today's average college student is a female in her thirties with children and a job. Such students frequently have difficulty attending a traditional full-time college program, but the alternatives may not meet their needs either. In an effort to combine the benefits of the classroom and lab experiences, the alternative scheduling of evening programs, and the relatively short time span of a full-time degree program, DeVry Institute of Technology has developed an Accelerated Computer Information Systems program. The Accelerated program allows students to attend class 12 hours a week (one evening and all day Saturday). This program enables students to earn a bachelor of science degree in Computer Information Systems in just three and one-third years (attending twenty consecutive 7-8 week sessions). In each session, students take two courses, with class sit time reduced by at least 30%. To enable students to achieve the course objectives, we have blended a distance learning component with a traditional classroom component. In addition to lectures and labs, instructors use Internet technologies such as web forums, Asynchronous Learning Networks, web pages, and e-mail to assist students in mastering the course objectives as outlined in our standard curriculum guides while minimizing the time they need to spend in a classroom.",ieee,llm,0.970,unreviewed,,doi:10.1109/fie.1998.738758
discarded,Collection and Analysis of Source Code Metrics for Composition of Programming Learning Profiles,Francisco Alan de Oliveira Santos; Luis Carlos Costa Fonseca,2019,2019 IEEE 19th International Conference on Advanced Learning Technologies (ICALT),10.1109/ICALT.2019.00056,https://ieeexplore.ieee.org/document/8820815/,adjacent-subtopic,"This paper presents an approach for the application of clustering algorithms to uncover computer programming learning profiles by using evidence extracted from source code metrics. A system for automatic assessment of programming activities featuring capture of source code metrics was developed, in order to build a dataset containing metrics extracted from programs developed by beginners in a computing course. The dataset was submitted to three clustering algorithms. The results were promising when clustering students according to these indicators using the K-means algorithm.",ieee,llm,0.980,unreviewed,,doi:10.1109/icalt.2019.00056
discarded,A personalized adaptive e-learning system based on learner's feedback and learner's multiple intelligences,Mohamed Hafidi; Mahnane Lamia,2015,2015 12th International Symposium on Programming and Systems (ISPS),10.1109/ISPS.2015.7244969,https://ieeexplore.ieee.org/document/7244969/,off-topic-false-hit,"Personalized feedback strategies is a powerful method that expert humans apply when helping learners to optimize their learning. Thus, research on feedback strategies tailoring feedback according to important factors of the learning process has been recognized as a promising issue in the field of adaptive e-learning systems. Our paper seeks to contribute to this area of research by addressing the following aspects: First, to investigate how learners' feedback and learners' multiple intelligences relate to learning outcomes. Second, to explore the influence of the feedback strategies on students' behavior.",ieee,llm,0.980,unreviewed,,doi:10.1109/isps.2015.7244969
discarded,Intelligent Prediction-Intervention approach to Support Students' Success in Web-based Learning Environments: A Case Study in Higher Education,Tesnim Khelifi; Nourhène Ben Rabah; Ibtissem Daoudi; Bénédicte Le Grand; Farah Barika Ktata,2022,2022 IEEE/WIC/ACM International Joint Conference on Web Intelligence and Intelligent Agent Technology (WI-IAT),10.1109/WI-IAT55865.2022.00044,https://ieeexplore.ieee.org/document/10101952/,off-topic-false-hit,"Due to the COVID-19 pandemic, the demand for distance learning has significantly increased in higher education institutions. This type of learning is usually supported by Web-based learning systems such as Massive Open Online Courses (Coursera, edX, etc.) and Learning Management Systems (Moodle, Blackboard-Learn, etc.). However, in this remote context, students often lack feedback and support from educational staff, especially when they face difficulties or challenges. For that reason, this work presents a Prediction-Intervention approach that (a) predicts students who present difficulties during an online learning course, based on two main learning indicators, namely engagement and performance rates, and (b) offers immediate support to students, tailored to the problem they are facing. To predict students’ issues, our approach considers ten machine learning algorithms of different types (standalone, ensemble, and deep learning) which are compared to determine the best performing ones. It has been experimented with a dataset collected from the Blackboard-Learn platform utilized in an engineering school called ESIEE-IT in France during 2021-2022 academic year, showing thus quite promising results.",ieee,llm,0.980,unreviewed,,doi:10.1109/wi-iat55865.2022.00044
discarded,Machine Learning for Early Detection of Learning Disabilities in Primary School Students,Falsten Nayef Salman; Yousef Jaber Jamel Alawneh; Mazouz Jaber Alawnah; Lama Adel Fawzi Salah,2024,2024 International Conference on Knowledge Engineering and Communication Systems (ICKECS),10.1109/ICKECS61492.2024.10617263,https://ieeexplore.ieee.org/document/10617263/,off-topic-false-hit,"This paper introduces a novel framework leveraging machine learning methodologies for the early detection of learning disabilities in primary school students. The significance of early identification in mitigating the impact of learning difficulties on academic performance and overall well-being cannot be overstated. Our approach integrates traditional cognitive assessments with advanced machine learning algorithms, creating a robust model that harnesses the power of diverse data sources. The system incorporates academic records, behavioral observations, and cognitive test results, ensuring a comprehensive evaluation of students’ learning capabilities. A thorough literature survey highlights the limitations of existing approaches and justifies the need for our proposed model. Our methodology encompasses meticulous data collection, preprocessing techniques, and feature selection, followed by the implementation of machine learning models. The chosen models are carefully selected based on their suitability for early detection tasks, emphasizing transparency and interpretability. The implementation model details the programming languages, frameworks, and tools used, providing a comprehensive guide for replication and validation. Results from our experiments demonstrate promising accuracy rates, precision, and recall, affirming the efficacy of our approach in identifying potential learning disabilities at an early stage. In conclusion, this research contributes a valuable tool for educators and administrators to intervene proactively, fostering an inclusive and supportive learning environment for primary school students. The paper concludes by discussing the broader implications of the findings and suggesting avenues for future research in the field of early learning disability detection.",ieee,llm,1.000,unreviewed,,doi:10.1109/ickecs61492.2024.10617263
discarded,A framework for appropriate pedagogical use of conceptual metaphor in computing,Tebatso G. Moape; Sunday O. Ojo; Etienne A. van Wyk,2017,2017 International Conference on Computing Networking and Informatics (ICCNI),10.1109/ICCNI.2017.8123800,https://ieeexplore.ieee.org/document/8123800/,adjacent-subtopic,"The inherent abstractness in nature and intangibility in essence of computer programming concepts, present weak mental models that make them to be intuitively challenging to be easily understood by students. This remains a key factor in general underperformance of students in computer programming courses. Pedagogical use of metaphors is widely acknowledged as a means of addressing the challenge. As a result, the literature is replete with proposals for metaphor use to enhance understanding of various computer programming concepts, and positive results have been reported. However, the lack of a theory-driven methodological framework for appropriate pedagogical use of metaphors, has slowed progress in this direction. To fill this gap in the literature, a framework for appropriate pedagogical use of metaphors in the teaching and learning of programming concepts is proposed. The framework is developed, employing a triangulation of the theories of Conceptual Metaphor, Experiential Learning, Structure Mapping, and ontology modelling, to provide theoretical and methodological underpinnings for the framework. The result of a proof of concept using the ATM metaphor and programming concepts of Data Processing and Control Structures, stands promising.",ieee,llm,0.940,unreviewed,,doi:10.1109/iccni.2017.8123800
discarded,"E-learning for MEMS graduate course - Challenges, difficulties and benefits",Vahe Nerguizian; Chahe Nerguizian,2006,2006 1ST IEEE International Conference on E-Learning in Industrial Electronics,10.1109/ICELIE.2006.347183,https://ieeexplore.ieee.org/document/4152790/,off-topic-false-hit,"Graduate courses can be easily adapted to e-learning education with higher degree educational freedom allowing an adapted portfolio. Electronic type learning permits students to continue their studies while working part time and getting experience from the industry. Nevertheless, e-learning for graduate courses with manufacturing projects present some serious challenges and considerations. This article presents the challenges, difficulties and benefits of e-learning RF MEMS graduate course and proposes friendly solutions to overcome the related difficulties. The solutions described in this paper can be easily adapted and applicable to other graduate courses with the same type of experimental projects",ieee,llm,1.000,unreviewed,,doi:10.1109/icelie.2006.347183
discarded,Female Computer Scientists Needed: Approaches For Closing The Gender Gap,Corinna Kröhn; Iris Groher; Barbara Sabitzer; Lisa Kuka,2020,2020 IEEE Frontiers in Education Conference (FIE),10.1109/FIE44824.2020.9273933,https://ieeexplore.ieee.org/document/9273933/,adjacent-subtopic,"Despite great effort in research and teaching as well as in raising women's quotas in the public sector and in enterprises, a gender gap in computer science can still be observed. The reasons are manifold, including the lack of interest of girls because of existing stereotypes of male nerds, misconceptions in the field of computer science, and concrete differences in students' self-concept and performance. Girls do not choose schools or studies in the field of computer science because working on computers or coding is unattractive to them. Research shows poorer performance, missing interest, and lower self-concept for girls in secondary computing education as well as a high dropout rate of female students in computer science courses at the bachelor's level. Software development exams contribute to those high dropout rates, and women often choose a different subject or even stop their university education altogether. This leads to fewer female employees in the field of computer science, and this situation calls for special measures at several levels. The current paper provides an overview of the initiatives of our university that aim to address several aspects of the gender gap. The programs offered aim to (1) increase interest in computer science and recruit (highly) gifted girls for our talent programs, (2) recruit and support female bachelor's and master's students in computer science, and (3) redesign programming courses and teaching materials to reduce the gender gap in performance and support, especially for female students. This study also describes a ""cyber tutoring"" program in which highly gifted girls between 13 and 16 years collaborate with and are supervised by female role models in higher positions in STEM. The evaluation results gained in the first year of this case study are promising and suggest that the extension and further development of the program would be advantageous.",ieee,llm,0.980,unreviewed,,doi:10.1109/fie44824.2020.9273933
discarded,Automatic generation of algorithm animations in a programming environment,F. Naharro-Berrocal; C. Pareja-Flores; J.A. Velazquez-Iturbide,2000,30th Annual Frontiers in Education Conference. Building on A Century of Progress in Engineering Education. Conference Proceedings (IEEE Cat. No.00CH37135),10.1109/FIE.2000.896643,https://ieeexplore.ieee.org/document/896643/,adjacent-subtopic,"The design and analysis of algorithms is one of the core fields of computer science, and their study is an intellectually demanding task. Animations are promising educational aids for the study of algorithms, but the main obstacle for an extensive educational use is the technical difficulty of producing them. This fact dissuades many teachers and most students from building animations. We report the facilities for algorithm animation we have integrated in a functional programming environment. One of our main concerns was to simplify the generation of animations to the extent of being as simple as handling an office application. In addition, the integration of animation generation with the programming environment produces synergy benefits. From the point of view of user interaction, our programming environment allow one to produce automatically, graphical, customizable visualizations of different instants of the algorithm execution. In a second step, an animation is built by arranging sequentially such visualizations, as a cartoons.",ieee,llm,0.960,unreviewed,,doi:10.1109/fie.2000.896643
discarded,An interactive computer-based tutorial for MATLAB,B.L.F. Daku; K. Jeffrey,2000,30th Annual Frontiers in Education Conference. Building on A Century of Progress in Engineering Education. Conference Proceedings (IEEE Cat. No.00CH37135),10.1109/FIE.2000.896544,https://ieeexplore.ieee.org/document/896544/,adjacent-subtopic,"The paper describes the implementation of an interactive computer based tutorial for MATLAB. Students are engaged in learning new concepts and syntax with video, audio, and interactive exercises. The interactive exercises, which are a distinguishing feature of the tutorial, use a specially designed exercise window which has a background software interface to MATLAB. The learner is challenged with problems in the exercise window immediately after covering new concepts. Hints, example solutions, multiple choice quizzes and test problems, requiring the use of proper MATLAB structure and syntax, add to the learning experience. Student input has played an important role in the development of this tutorial. Student feedback has led to useful improvements, which were integrated into the tutorial. Student evaluation results, which are presented in the paper, indicate great promise for this approach to teaching MATLAB and, by extension, other programming languages. The paper also describes various difficulties and problems encountered in developing this computer based tutorial, which may provide some useful guidelines for others who are considering computer based instruction. Note that an Internet site, www.m-tutor.usask.ca is available, where the reader can obtain more information on the tutorial.",ieee,llm,0.980,unreviewed,,doi:10.1109/fie.2000.896544
discarded,An Approach to Spaced Repetition Methodology for Teaching Markup and Scripting Programming Languages,Afonso Serafim Jacinto; Francisco Petrônio Alencar de Medeiros; Matheus Pereira de Sousa,2024,2024 IEEE Frontiers in Education Conference (FIE),10.1109/FIE61694.2024.10893444,https://ieeexplore.ieee.org/document/10893444/,adjacent-subtopic,"Contribution: This research full paper investigates the use of Spaced Repetition (SR) methodology in teaching markup and scripting programming languages to assess its impact on academic performance, knowledge retention and student perception of the learning process. Background: There is a quest for strategies capable of supporting students and helping them achieve better learning outcomes. The SR strategy, rooted in Ebbinghaus’ Forgetting Curve, is widely utilized across multiple domains. This methodology has shown promising results in foreign language and medicine education, although it is not yet extensively explored in computer science education. Since its efficacy has been demonstrated notably in foreign language education, investigating its application within Computer and Engineering education disciplines could be beneficial, as programming languages share learning characteristics common to natural language. Research Questions: What is the impact of using SR methodology in teaching markup and scripting languages in relation to academic performance, knowledge retention and students’ perception of learning? Methodology: The methodological journey of this research included four phases: (1) Systematic literature review, (2) Development of an SR methodology approach for teaching markup and script languages, (3) Semi-structured interviews, and (4) Planning, execution and analysis of the field experiment. The statistical models used were the difference between means for measurements of the two samples and the chi-square test with two criteria. Findings: The results indicate significant differences between class grades, validating the influence of Interleaved Study with Spaced Repetition on improving participants' academic performance and content retention, compared to Concentrated Study with Massed Repetition. However, the results do not indicate that the teaching method has an influence on the students’ perception of learning.",ieee,llm,0.980,unreviewed,,doi:10.1109/fie61694.2024.10893444
