status,title,authors,year,venue,doi,url,tags,abstract,provider,decision_source,llm_confidence,llm_review_outcome,llm_change_direction,paper_id
discarded,European Society of Cardiology smartphone and tablet applications for patients with atrial fibrillation and their health care providers,Dipak Kotecha; Winnie Chua; Larissa Fabritz; Jeroen Hendriks; Barbara Casadei; Ulrich Schotten; PANOS E. VARDAS; Hein Heidbüchel; Verónica Dean; Paulus F. Kirchhof,2017,EP Europace,10.1093/europace/eux299,https://openalex.org/W2763251417,off-topic-false-hit,"We are in the midst of a digital revolution in health care, although the application of new and useful technology in routine clinical practice is variable. The Characterizing Atrial fibrillation by Translating its Causes into Health Modifiers in the Elderly (CATCH ME) Consortium, in collaboration with the European Society of Cardiology (ESC), has funded the creation of two applications (apps) in atrial fibrillation (AF) for use in smartphones and tablets. The patient app aims to enhance patient education, improve communication between patients and health care professionals, and encourage active patient involvement in the management of their condition. The health care professional app is designed as an interactive management tool incorporating the new ESC Practice Guidelines on AF and supported by the European Heart Rhythm Association (EHRA), with the aim of improving best practice approaches for the care of patients with AF. Both stand-alone apps are now freely available for Android and iOS devices though the Google Play, Amazon, and Apple stores. In this article, we outline the rationale for the design and implementation of these apps. Our objective is to demonstrate the value of integrating novel digital technology into clinical practice, with the potential for patient engagement, optimization of pharmacological and interventional therapy in AF, and ultimately to improve patient outcomes.",openalex,llm,0.990,unreviewed,,doi:10.1093/europace/eux299
kept,A Tale of Two Development Approach: Empirical Study on The Maintainability and Modularity of Android Mobile Application with Anti-Pattern and Model-View-Presenter Design Pattern,Ginanjar Prabowo; Hatma Suryotrisongko; Aris Tjahyanto,2018,,10.1109/iceltics.2018.8548784,https://openalex.org/W2903287341,supports-claim; provbarhet,"Software development on mobile devices is overgrowing. However, the software still frequently unstructured developed without any pattern that can facilitate other developers to continue that software development, we called this approach as ""anti-pattern."" To overcome the anti-pattern problem and with the goal of improving maintainability, the developer begins to apply various architectural design patterns such as MVC, MVP, and MVVM to the development of Android-based mobile application. In this paper, we compare maintainability and modularity between 2 applications build with design pattern (MVP) and without design pattern or commonly referred as 'anti-pattern' using jHawk 6 as a software metrics tools. Use of jHawk 6 reduced subjectivity of measurements in some of the previous studies that make this research more proven with the use of selected maintainability and modularity metrics from previous qualified studies. In the end, this study proved empirically, use of MVP Design pattern significantly increase modularity by two times. With this results, we strongly recommend the use of the MVP design pattern in android based mobile application development.",openalex,llm_reviewed,0.990,confirmed,,doi:10.1109/iceltics.2018.8548784
discarded,Building dynamic capabilities for digital transformation: An ongoing process of strategic renewal,Karl Warner; Maximilian Wäger,2018,Long Range Planning,10.1016/j.lrp.2018.12.001,https://openalex.org/W2904649625,off-topic-false-hit,,openalex,llm,0.980,unreviewed,,doi:10.1016/j.lrp.2018.12.001
discarded,Automated forensic analysis of mobile applications on Android devices,Xiaodong Sheldon Lin; Ting Chen; Tong Zhu; Kun Yang; Fengguo Wei,2018,Digital Investigation,10.1016/j.diin.2018.04.012,https://openalex.org/W2884079571,adjacent-subtopic,"It is not uncommon that mobile phones are involved in criminal activities, e.g., the surreptitious collection of credit card information. Forensic analysis of mobile applications plays a crucial part in order to gather evidences against criminals. However, traditional forensic approaches, which are based on manual investigation, are not scalable to the large number of mobile applications. On the other hand, dynamic analysis is hard to automate due to the burden of setting up the proper runtime environment to accommodate OS differences and dependent libraries and activate all feasible program paths. We propose a fully automated tool, Fordroid for the forensic analysis of mobile applications on Android. Fordroid conducts inter-component static analysis on Android APKs and builds control flow and data dependency graphs. Furthermore, Fordroid identifies what and where information written in local storage with taint analysis. Data is located by traversing the graphs. This addresses several technique challenges, which include inter-component string propagation, string operations (e.g., append) and API invocations. Also, Fordroid identifies how the information is stored by parsing SQL commands, i.e., the structure of database tables. Finally, we selected 100 random Android applications consisting of 2841 components from four categories for evaluation. Analysis of all apps took 64 h. Fordroid discovered 469 paths in 36 applications that wrote sensitive information (e.g., GPS) to local storage. Furthermore, Fordroid successfully located where the information was written for 458 (98%) paths and identified the structure of all (22) database tables.",openalex,llm,0.970,unreviewed,,doi:10.1016/j.diin.2018.04.012
discarded,Predicting locations of moose–vehicle collisions in Sweden,Andreas Seiler,2005,Journal of Applied Ecology,10.1111/j.1365-2664.2005.01013.x,https://openalex.org/W2168656741,off-topic-false-hit,"Summary Animal–vehicle collisions are a serious problem for road planners and biologists concerned with traffic safety, species conservation and animal welfare. In Sweden, vehicle collisions with moose (MVC) are an important safety issue. Police records average approximately 4500 incidents year −1 , including 10–15 human fatalities. New mitigation policies require improved knowledge of the factors influencing the spatial distribution of MVC. Three logistic regression models were developed to predict MVC risks on public roads for use in strategic and project‐related impact assessment. The models were based on remotely sensed landscape data, road and traffic statistics and estimations of moose density, quantified at 2000 accident and 2000 non‐accident control sites in south‐central Sweden. Model predictions were validated on 2600 1‐km road sections in the county of Örebro, which were classified as either accident or non‐accident roads. Model performances were compared using Akaike's information criterion. Traffic volume, vehicle speed and the occurrence of fences were dominant factors determining MVC risks, identifying 72·7% of all accident sites. Within a given road category, however, the amount of and distance to forest cover, density of intersections between forest edges, private roads and the main accident road, and moose abundance indexed by harvest statistics, significantly distinguished between accident and control sites. In combination, road–traffic and landscape parameters produced an overall concordance in 83·6% of the predicted sites and identified 76·1% of all test road sections correctly. Synthesis and applications . The risk of moose–vehicle collisions in Sweden can be predicted from remotely sensed landscape data in combination with road traffic data. Prediction models suggest that reduced vehicle speed in combination with road fencing and increased roadside clearance may provide effective tools for road planners in counteracting MVC. However, effective mitigation will depend on integrated management of the surrounding landscape and moose population, as well as increased responsibility of individual drivers. Remedying animal–vehicle collisions must involve road authorities as much as landowners and the public.",openalex,llm,1.000,unreviewed,,doi:10.1111/j.1365-2664.2005.01013.x
discarded,Morphofunctional Abnormalities of Mitral Annulus and Arrhythmic Mitral Valve Prolapse,Martina Perazzolo Marra; Cristina Basso; Manuel De Lazzari; Stefania Rizzo; Alberto Cipriani; Benedetta Giorgi; Carmelo Salvino Lacognata; Ilaria Rigato; Federico Migliore; Kalliopi Pilichou; Luisa Cacciavillani; Emanuele Bertaglia; Anna Chiara Frigo; Barbara Bauce; Domenico Corrado; Gaetano Thiene; Sabino Iliceto,2016,Circulation Cardiovascular Imaging,10.1161/circimaging.116.005030,https://openalex.org/W2513684962,off-topic-false-hit,"BACKGROUND: Arrhythmic mitral valve prolapse (MVP) is characterized by myxomatous leaflets and left ventricular (LV) fibrosis of papillary muscles and inferobasal wall. We searched for morphofunctional abnormalities of the mitral valve that could explain a regional mechanical myocardial stretch. METHODS AND RESULTS: Thirty-six (27 female patients; median age: 44 years) arrhythmic MVP patients with LV late gadolinium enhancement on cardiac magnetic resonance and no or trivial mitral regurgitation, and 16 (6 female patients; median age: 40 years) MVP patients without LV late gadolinium enhancement were investigated by morphofunctional cardiac magnetic resonance. Mitral annulus disjunction (median: 4.8 versus 1.8 mm; P<0.001), end-systolic mitral annular diameters (median: 41.2 versus 31.5; P=0.004) and end-diastolic mitral annular diameters (median: 35.5 versus 31.5; P=0.042), prevalence of posterior systolic curling (34 [94%] versus 3 [19%]; P<0.001), and basal to mid LV wall thickness ratio >1.5 (22 [61%] versus 4 [25%]; P=0.016) were higher in MVP patients with late gadolinium enhancement than in those without. A linear correlation was found between mitral annulus disjunction and curling (R=0.85). A higher prevalence of auscultatory midsystolic click (26 [72%] versus 6 [38%]; P=0.018) was also noted. Histology of the mitral annulus showed a longer mitral annulus disjunction in 50 sudden death patients with MVP and LV fibrosis than in 20 patients without MVP (median: 3 versus 1.5 mm; P<0.001). CONCLUSIONS: Mitral annulus disjunction is a constant feature of arrhythmic MVP with LV fibrosis. The excessive mobility of the leaflets caused by posterior systolic curling accounts for a mechanical stretch of the inferobasal wall and papillary muscles, eventually leading to myocardial hypertrophy and scarring. These mitral annulus abnormalities, together with auscultatory midsystolic click, may identify MVP patients who would need arrhythmic risk stratification.",openalex,llm,1.000,unreviewed,,doi:10.1161/circimaging.116.005030
discarded,"Low-cost, smartphone-based frequency doubling technology visual field testing using a head-mounted display",Karam A. Alawa; Ryan P. Nolan; Elaine Han; Alejandro Arboleda; Heather A. Durkee; Mohamed S. Sayed; Mariela C Aguilar; Richard K. Lee,2019,British Journal of Ophthalmology,10.1136/bjophthalmol-2019-314031,https://openalex.org/W2974669532,off-topic-false-hit,"BACKGROUND: Current visual field screening machines are bulky and expensive, limiting their accessibility, affordability and use. We report the design and evaluation of a novel, portable, cost-effective system for glaucoma screening using smartphone-based visual field screening using frequency doubling technology (FDT) and a head-mounted display. METHODS: Nineteen eyes of 10 subjects with new-onset or chronic primary open angle glaucoma were tested and compared with the Humphrey Zeiss FDT and the newly developed Mobile Virtual Perimetry (MVP) FDT with the C-20 testing pattern. Mann-Whitney, Bland-Altman and linear regression analyses were performed to assess statistical difference, agreement and correlation, respectively, between the two devices. RESULTS: The average age of the participants was 58±15 years. No statistically significant difference was found between the MVP FDT and the Humphrey Zeiss FDT (p>0.05). Bland-Altman and linear regression analyses demonstrated good agreement and correlation between the two devices. CONCLUSION: The MVP FDT is a low-cost, portable visual field screening device that produces comparable results to the Humphrey Zeiss FDT and may be used as an easily accessible screening tool for glaucoma.",openalex,llm,0.990,unreviewed,,doi:10.1136/bjophthalmol-2019-314031
discarded,A new open source platform for lowering the barrier for environmental web app development,Nathan Swain; Scott Christensen; Alan D. Snow; Herman Guillermo Dolder; Gonzalo Espinoza-Dávalos; Erfan Goharian; Norman L. Jones; E. James Nelson; Daniel P. Ames; Steven John Burian,2016,Environmental Modelling & Software,10.1016/j.envsoft.2016.08.003,https://openalex.org/W2512888236,adjacent-subtopic,"The interactive nature of web applications or “web apps” makes them a well-suited medium for conveying complex scientific concepts to lay audiences and creating decision support tools that harness cutting edge modeling techniques and promote the work of environmental scientists and engineers. Despite this potential, the technical expertise required to develop web apps represents a formidable barrier—even for scientists and engineers who are skilled programmers. This paper describes four hurdles that contribute to this barrier and introduces an approach to overcoming these hurdles. We present an open source implementation of this approach, a development and hosting environment for environmental web apps called Tethys Platform. Several case studies are provided that demonstrates how the approach, as implemented within Tethys Platform, successfully lowers the barrier to web app development in the environmental domain.",openalex,llm,0.940,unreviewed,,doi:10.1016/j.envsoft.2016.08.003
discarded,Model-Driven GUI Generation and Navigation for Android BIS Apps,Luís Pires da Silva; Fernando Brito e Abreu,2014,,10.5220/0004715504000407,https://openalex.org/W1586439195,adjacent-subtopic,"This paper presents our approach for producing graphical user interfaces (GUIs) for functionally rich business information system (BIS) prototypes, upon a mobile platform. Those prototypes are specified with annotated UML class diagrams. Navigation in the generated GUIs is allowed through the semantic links that match the associations and cardinalities among the conceptual domain entities, as expressed in the model. We start by reviewing the Android scaffolding for producing flexible GUIs for mobile devices. The latter can present rather different displays, in terms of size, orientation and resolution. Then we show how our model-based generative technique allows producing prototypes that match both the Android GUIs requirements, while implementing our model-driven approach for user navigation.",openalex,llm,0.900,unreviewed,,doi:10.5220/0004715504000407
discarded,A Study and Overview of the Mobile App Development Industry,C. G. Thomas; A. Jayanthila Devi,2021,International Journal of Applied Engineering and Management Letters,10.47992/ijaeml.2581.7000.0097,https://openalex.org/W3174925574,adjacent-subtopic,"Background/Purpose: We are in an era where a lot of disruptive technologies that change the entire perspective of the market are arriving very often. One such is the emergence of Mobile App Development, which completely changed the way users utilized software. Even though software development generally meant a stand-alone or Web application in the past, now it has enormous space given to Mobile App Development. Standalone technologies demanded the user to have a Personal Computer at least, with them to utilize their applications. However, since the platform on which an app can be deployed is just a mobile phone, the target audience for this type of application development becomes manifold. App development that targets handheld devices has now become a standard by which services reach the target audience faster since almost everyone has access to a mobile device. The App Development industry has only grown in leaps and bounds ever since its inception. This paper discusses in detail the Mobile App Development Industry and its predominance in India. Objectives: To analyse and understand the Mobile App Development Industry worldwide and in India, to understand the preference, usage, revenue, cost, and scope of App Development in India and to perform a SWOC Analysis for the Mobile App Development Industry. Design/Methodology/Approach: A detailed analysis of the Mobile App Development Industry is done by various secondary data sources such as websites and blogs. Some Scholarly research articles are also referred to understand the challenges in the industry. Findings/Result: Based on the SWOC Analysis of the Mobile App Development Industry, we can say that this industry is going to be one of the most sought-after industries especially in a pandemic-stricken world. Originality/Value: This paper, analyses various aspects of the Mobile App Development Industry. Based on the analysis, the current and future state of the industry is presented. Paper Type: A research case study paper on the Mobile App Development Industry.",openalex,llm,0.920,unreviewed,,doi:10.47992/ijaeml.2581.7000.0097
discarded,HIDROID: Prototyping a Behavioral Host-Based Intrusion Detection and Prevention System for Android,José Ribeiro; Firooz B. Saghezchi; Γεώργιος Μαντάς; Jonathan Rodrı́guez; Raed A. Abd‐Alhameed,2020,IEEE Access,10.1109/access.2020.2969626,https://openalex.org/W3004174466,adjacent-subtopic,"Previous research efforts on developing an Intrusion Detection and Prevention Systems (IDPS) for Android mobile devices rely mostly on centralized data collection and processing on a cloud server. However, this trend is characterized by two major limitations. First, it requires a continuous connection between monitored devices and the server, which might be infeasible, due to mobile network's outage or partial coverage. Second, it increases the risk of sensitive information leakage and the violation of user's privacy. To help alleviate these problems, in this paper, we develop a novel Host-based IDPS for Android (HIDROID), which runs completely on a mobile device, with a minimal computation burden. It collects data in run-time, by periodically sampling features reflecting the utilization of scarce resources on a mobile device (e.g. CPU, memory, battery, bandwidth, etc.). The detection engine exploits statistical and machine learning algorithms to build a data-driven model for the benign behavior. Any observation failing to match this model triggers an alert, and the preventive agent takes proper countermeasure(s) to minimize the risk. HIDROID requires no malicious data for training or tuning, which makes it handy for day-to-day usage. Experimental test results, on a real-life device, show that HIDROID is well able to learn and discriminate normal from malicious behavior, with very promising accuracy of up to 0.9, while maintaining false positive rate by 0.03.",openalex,llm,0.980,unreviewed,,doi:10.1109/access.2020.2969626
kept,MVC Architecture: A Comparative Study Between Laravel Framework and Slim Framework in Freelancer Project Monitoring System Web Based,Andri Sunardi; Suharjito Suharjito,2019,Procedia Computer Science,10.1016/j.procs.2019.08.150,https://openalex.org/W2977655735,supports-claim,"Currently, the work of freelancers is very much in demand. Because freelancers can work anywhere and anytime without being bound by a contract with a company or person. But freelancers have difficulty managing their tasks and projects because there is no system to monitor and manage the project. Therefore, the solution is to make the project freelancer monitoring system by implementing the MVC (Model View Controller) architecture model with the PHP Laravel and Slim framework. MVC design patterns are well-known patterns and are used for interactive software system architectures. The way the MVC method works is to separate the main components such as data manipulation (model), display/interface (View) and the process (Controller) so that it is more neat, structured and easily developed. The purpose of this study also compares the MVC Laravel and Slim framework architecture with a performance comparison method on load/stress testing on the dashboard page using Apache JMeter tools with 3 scenarios from samples 1, 100, and 500. Tests are done offline and report format results of performance tests is a Summary Report. The results obtained from performance comparisons using Apache JMeter are that the Slim framework is faster and better than Laravel's framework.",openalex,llm,0.860,unreviewed,,doi:10.1016/j.procs.2019.08.150
