status,title,authors,year,venue,doi,url,tags,abstract,provider,decision_source,llm_confidence,llm_review_outcome,llm_change_direction,paper_id
discarded,Do Finger Flexor Exercises Effectively Activate the Dynamic Stabilizers of the Medial Elbow?,"McHugh, Malachy; Mullaney, Michael; Fhima, Lindsey; Kremenic, Ian; Mueller, Milan",2026,INTERNATIONAL JOURNAL OF SPORTS PHYSICAL THERAPY,10.26603/001c.163520,https://www.webofscience.com/wos/woscc/full-record/WOS:001816477700008,off-topic-false-hit,"Background The flexor carpi ulnaris (FCU) and the flexor digitorum superficialis (FDS) provide dynamic stability to the medial elbow with a lesser contribution from the pronator teres (PT). Hypothesis/Purpose The purpose of this study was to compare FCU, FDS, and PT electromyograpic activation during finger flexor exercises using a finger flexor dynamometer versus rubber bands. It was hypothesized that middle and ring finger flexion selectively activate the FCU and FDS with no difference in level of activation between the dynamometer and rubber bands. Study Design Observational cohort study; laboratory setting Methods Electromyography (EMG) was used to record activation of the FCU, FDS, and PT during isometric finger flexion while using the finger flexor dynamometer and rubber bands in healthy adults (8 men, 1 woman). Forefinger, middle finger, and ring finger flexion were tested on both the dominant and nondominant hands. The rubber bands were stretched to four times resting length and held isometrically. Finger flexion strength was tested using a handheld dynamometer. Contraction intensity for the rubber band exercise was calculated as the force required to stretch the rubber bands 400% divided by finger flexion strength. Contractions on the finger flexor dynamometer were instructed to be maximal effort. EMG activity was recorded during maximum voluntary contraction (MVC) tests for each of the three muscles. EMG amplitude (%MVC) during the finger flexor exercises was compared between devices and muscles using repeated measures analysis of variance. Results FCU activation during ring finger flexion was higher (p=0.002) for rubber band (64 +/- 19% MVC) versus finger flexor dynamometer (43 +/- 17% MVC). No other EMG amplitudes were different between devices. FCU and FDS activations during rubber band finger flexions were higher than PT (p<0.05). FCU activation with the finger flexor dynamometer was significantly higher than FDS and PT for forefinger flexion (p<0.01) but there were no significant differences for other fingers. Rubber band flexion contraction intensity was 65 +/- 11%, 44 +/- 3%, and 39 +/- 5% for ring, middle, and forefinger flexion, respectively (intensity was considered 100% for measurements of the finger flexor dynamometer). Conclusion A simple rubber band exercise was as effective, or more effective, at activating the FCU and FDS than a finger flexor dynamometer. Isometric finger flexion exercises with rubber bands provide an inexpensive practical means of activating the dynamic stabilizers of the medial elbow.",wos,llm,0.990,unreviewed,,doi:10.26603/001c.163520
discarded,Older adult residents in disaster public housing had lower muscle function and mobility compared to non-residents: A cross-sectional study,"Yamashita, Takashi; Kato, Gaku; Kosuge, Yuta; Fujino, Taisei; Ohkubo, Takeshi; Seto, Hiroaki; Ochi, Eisuke",2026,JOURNAL OF ORTHOPAEDIC SCIENCE,10.1016/j.jos.2026.01.011,https://www.webofscience.com/wos/woscc/full-record/WOS:001816778100001,off-topic-false-hit,"Background:Older adults who experienced post-disaster relocation are at risk of reduced muscle function and mobility due to changes in living environments. This study aimed to compare muscle morphology and physical function between older adults residing in disaster public housing (DPH) and those living in their own homes (Control: CON) in Kesennuma City, following relocation processes after the 2011 Great East Japan Earthquake. Methods: Fifty-two older participants were recruited from three wards of Kesennuma City and divided into DPH (n = 18; age: 78.8 +/- 7.2 y, height: 153.0 +/- 9.6 cm, weight: 56.0 +/- 11.8 kg, BMI: 23.8 +/- 3.9 kg/m(2)) and CON (n = 34; age: 75.0 +/- 6.6y, height: 153.2 +/- 6.8 cm, weight: 54.4 +/- 7.6 kg, BMI: 23.2 +/- 2.7 kg/m(2)) groups based on the survey results. The measurement variables were blood pressure, heart rate, muscle cross-sectional area, muscle thickness, echo intensity, handgrip strength, maximal voluntary contraction (MVC), rate of force development (RFD; 0-50 ms, 0-100 ms, 0-150 ms, 0-200 ms, 0-250 ms, 0-300 ms) of knee extension, and locomotive syndrome risk test (comprising the two-step test, stand-up test, and 25-Question Geriatric Locomotive Function Scale). Results: The MVC was significantly lower in the DPH group (p = 0.043). The RFD was significantly lower in the DPH group at each time point (p < 0.05). In addition, the two-step test was significantly lower in the DPH group (p < 0.001). The other variables did not show significant differences between the groups. Conclusions: Residents in DPH were associated with decreased muscle strength and mobility, suggesting that post-disaster relocation environments may contribute to the decline of physical function and performance. (c) 2026 The Japanese Orthopaedic Association. Published by Elsevier B.V. All rights are reserved, including those for text and data mining, AI training, and similar technologies.",wos,llm,0.990,unreviewed,,doi:10.1016/j.jos.2026.01.011
discarded,Identification of NMF by Choosing Maximum-Volume Basis Vectors,"Qi, Qianqian; Chen, Zhongming; van der Heijden, Peter G. M.",2026,IEEE SIGNAL PROCESSING LETTERS,10.1109/LSP.2026.3706072,https://www.webofscience.com/wos/woscc/full-record/WOS:001811573100004,off-topic-false-hit,"In nonnegative matrix factorization (NMF), minimum-volume-constrained NMF (MVC-NMF) is a widely used framework for identifying the solution of NMF by making basis vectors as similar as possible. This typically induces sparsity in the coefficient matrix, with each row containing zero entries. Consequently, MVC-NMF may fail for highly mixed data, where such sparsity does not hold. Moreover, the estimated basis vectors in MVC-NMF may be difficult to interpret as they may be mixtures of the true basis vectors. To address these limitations, we propose a new NMF framework, called maximum-volume-constrained NMF (MAV-NMF), which makes the basis vectors as distinct as possible. We further establish an identifiability theorem for MAV-NMF which imposes the sufficiently scattered condition on the transpose of the basis matrix. The objective function of MAV-NMF is reformulated and then optimized using alternating projected fast gradient method adapted from MVC-NMF. Experimental results on the grain-size distribution, CBCL face, time allocation, and BBCNews datasets demonstrate the effectiveness of MAV-NMF.",wos,llm,0.990,unreviewed,,doi:10.1109/lsp.2026.3706072
discarded,Multimodal evaluation of pelvic floor muscle function using ultrasound strain imaging and surface electromyography,"Alvarez, Irina De Alba; Simmering, Jaimy A.; Manzini, Claudia; Peters, Selena H. J. M.; van den Noort, Frieda; Grob, Anique T. M.",2026,MEDICAL IMAGING 2026: CLINICAL AND BIOMEDICAL IMAGING,10.1117/12.3084212,https://www.webofscience.com/wos/woscc/full-record/WOS:001767239300026,off-topic-false-hit,"The levator ani muscle (LAM), comprising the puborectalis, pubococcygeus, and iliococcygeus muscles, is essential for pelvic organ support. Damage to the LAM due to vaginal childbirth, aging, heavy lifting, or high BMI can lead to pelvic floor disorders, including pelvic organ prolapse (POP). Conservative treatment by means of a pessary is successful in approximately 60% of the patients. However, the interaction between LAM function and pessary success is poorly understood, limiting the successful treatment rates. This study investigates LAM function in three different groups of women: POP patients with a successful ring pessary fit (n=17), POP patients with an unsuccessful ring pessary fit (n=20), and asymptomatic parous women (n=20). The objective of this study is to test whether PFM function differs between these groups. Measurement included 4D transperineal ultrasound (TPUS) mean principal strain imaging and vaginal surface electromyography (sEMG, 24-electrode MAPLe probe) during maximal voluntary contraction (MVC). Anatomical integrity of the LAM was scored using standardized ultrasound-based avulsion criteria. Non-parametric statistical tests evaluated group differences and strain-EMG correlations.

Analysis of 57 women revealed no significant differences in mean LAM principal strain or peak sEMG amplitude between successful pessary users, unsuccessful pessary users, and asymptomatic controls. Unsuccessful pessary users showed higher rates of levator avulsions compared to asymptomatic women. A moderate negative correlation between mean principal strain and sEMG validated the anticipated inverse relationship between muscle deformation and electrical activation during contraction.

These results suggest voluntary pelvic floor muscle function remains comparable across groups despite anatomical defects, implying that anatomical integrity may predict pessary success more than muscle function. Findings highlight complementary roles of strain-based muscle assessment and sEMG in functional muscle assessment and call for larger studies to confirm implications for POP management.",wos,llm,1.000,unreviewed,,doi:10.1117/12.3084212
discarded,"Changes in Motor, Functional Independence, and Gait Recovery After Incomplete Spinal Cord Injury with Transcutaneous Spinal Cord Stimulation: A Randomized Controlled Trial with a Partial Crossover Design","Kumru, Hatice; Ros-Alsina, Aina; Hernandez-Navarro, Agustin; Opisso, Eloy; Valles, Margarita; Benito-Penalva, Jesus; Vidal, Joan; Sarrio, Miquel; Garcia-Alen, Loreto",2026,BIOMEDICINES,10.3390/biomedicines14061214,https://www.webofscience.com/wos/woscc/full-record/WOS:001802735600001,off-topic-false-hit,"Background: Transcutaneous spinal cord stimulation (tSCS) is a promising approach to enhance functional recovery after spinal cord injury (SCI). However, evidence on repeated sessions and their effects on gait and lower-limb strength remains limited. This study evaluated the effects of multisegmental tSCS on walking ability, muscle strength, and functional independence in individuals with SCI. Methods: In this randomized controlled trial with a partial crossover design, twelve individuals received tSCS combined with gait rehabilitation, while ten underwent gait rehabilitation alone, for three weeks. Four participants crossed over to the tSCS group after a minimum one-week washout period following the control intervention. We assessed the American Spinal Injury Association Impairment Scale (AIS), Total Motor Score (TMS), Lower Extremity Motor Score (LEMS), Walking Index for Spinal Cord Injury II (WISCI-II), 10- and 6-Meter Walking Tests (10MWT, 6meterWT), Timed Up and Go (TUG) test, maximal voluntary contraction (MVC) of the quadriceps (QM) and tibialis anterior (TA), and the Spinal Cord Independence Measure (SCIM-III); tSCS was applied at three spinal segments during gait rehabilitation over 15 sessions. Results: tSCS significantly improved MVC in both muscles, as well as SCIM-III and TUG, and these improvements were maintained at follow-up, with no significant adverse events reported. Other clinical assessments also showed significant improvement in both groups. Conclusions: tSCS was well tolerated and conferred additional benefits in lower-limb muscle strength, walking ability (as assessed by TUG), and functional independence, supporting its potential as a valuable adjunct to rehabilitation.",wos,llm,1.000,unreviewed,,doi:10.3390/biomedicines14061214
discarded,Effects of Benzo[a]pyrene on Targeted Therapy Response and Platelet-Activating Factor-Receptor-Mediated Microvesicle Particle Release in Non-Small Cell Lung Cancer,"Rawal, Riya; Thyagarajan, Anita; Sahu, Ravi P.",2026,MEDICAL SCIENCES,10.3390/medsci14020301,https://www.webofscience.com/wos/woscc/full-record/WOS:001802946700001,off-topic-false-hit,"Background/Objectives: Non-small cell lung cancer (NSCLC) is a leading cause of cancer-related mortality, driven by invasive behavior and frequent resistance to systemic therapies. Epidermal growth factor receptor tyrosine kinase inhibitors (EGFR-TKIs) benefit patients with EGFR-mutant NSCLC, but their efficacy is often limited by tumor-intrinsic and environmental resistance mechanisms. Benzo[a]pyrene (BaP), a ubiquitous polycyclic aromatic hydrocarbon from tobacco smoke, combustion, and dietary sources, is a known carcinogen; however, its role in modulating therapeutic responses is poorly understood. Studies, including ours, implicate the platelet-activating factor-receptor (PAFR) pathway in mediating environmental pollutant and therapy-induced effects on tumor growth and microvesicle particle (MVP) release. We hypothesized that PAFR activation mediates BaP-induced NSCLC progression and influences EGFR-TKI responses. Methods: We assessed the effects of BaP, PAFR agonist CPAF, EGFR-TKIs, and their combinations on cell viability, proliferation, migration, anchorage-independent growth, and MVP secretion. Results: BaP did not alter cell survival but significantly increased migration, growth, colony formation, and MVP release, similar to CPAF, and these effects were blocked by a PAFR antagonist or acid sphingomyelinase inhibitor. Notably, BaP did not significantly reduce EGFR-TKI efficacy at tested concentrations. Conclusions: These results show that environmental carcinogens modulate NSCLC behavior through PAFR signaling without compromising EGFR-TKI responsiveness, highlighting PAFR as a potential therapeutic target.",wos,llm,1.000,unreviewed,,doi:10.3390/medsci14020301
discarded,"Comparison of Unilateral, Asymmetric and Traditional Bilateral Resistance Training in Untrained Women: A Pilot and Proof-of-Concept Study","Saeterbakken, Atle Hole; Henriksen, Terese Berger; Gideonsen, Benedikte Soeviknes; Andersen, Vidar; Stien, Nicolay; Paulsen, Goran; Solstad, Tom Erik Jorung",2026,JOURNAL OF FUNCTIONAL MORPHOLOGY AND KINESIOLOGY,10.3390/jfmk11020232,https://www.webofscience.com/wos/woscc/full-record/WOS:001803990900001,off-topic-false-hit,"Background: Both unilateral and asymmetric loading have been used to increase training specificity and create over-load in a target limb to reduce inter-limb asymmetries. The aim of the study was to compare the effects of conducting either unilateral- or asymmetric-loaded resistance training with traditional bilateral resistance training on maximal dynamic and isometric strength in untrained women. Methods: Thirty-four women not conducting regular resistance training were randomized into unilateral (UNI), bilateral (BIL) or asymmetric (ASY) upper-body resistance training (2-3 & centerdot;wk(-1), 10 wk, 24 sessions in total). UNI conducted all exercises unilaterally (one arm at a time), BIL conducted all exercises bilaterally (both arms), and ASY added 10% of the total load to the non-dominant side. Maximal strength was tested in chest press, seated row (1-RM and MVC in both), and pallof press (only MVC). Results: At post-test, BIL demonstrated greater bilateral 1 RM strength than ASY (p = 0.017, d = 1.25) in chest press, while UNI demonstrated greater 1 RM strength in the dominant side than ASY (p = 0.006, d = 1.45). For the other strength tests, no differences were found between groups in chest press (p = 0.068-0.481), seated row (p = 0.091-0.591) or MVC peak force for both chest press and seated row (p > 0.05). All groups demonstrated pre-post improvements for all measurements in chest press (p < 0.05) and seated row (p < 0.05), but only ASY demonstrated improvements in pallof press on the non-dominant side. Conclusions: Compared to traditional bilateral training, unilateral resistance training did not result in similar effects on dynamic or isometric strength. Asymmetric resistance training demonstrated a lower change in chest press strength on the bilateral and dominant sides compared to the other groups.",wos,llm,1.000,unreviewed,,doi:10.3390/jfmk11020232
discarded,Performance of Youth Athletes Is Not Consistently Determined by Maturity or Training Experience: A Cross-Sectional Study,"Lykidis, Anastasios; Pechlivanos, Rafail Georgios; Angelou, Anthi; Varvariotis, Nikolaos; Sahinis, Chrysostomos; Amiridis, Ioannis G.; Enoka, Roger M.",2026,JOURNAL OF FUNCTIONAL MORPHOLOGY AND KINESIOLOGY,10.3390/jfmk11020166,https://www.webofscience.com/wos/woscc/full-record/WOS:001803986500001,off-topic-false-hit,"Objective: The purpose of this study was to compare the influence of biological maturity status and training experience on motor performance in young athletes of different sport disciplines. Methods: Youth athletes (n = 84, 23 females) from five different sports (basketball, volleyball, track and field, wrestling, and badminton) participated in this study. Jump height was measured for the squat jump (SJ) and countermovement jump (CMJ). Peak torque during maximal voluntary contractions (MVCs) and torque steadiness at 20% MVC were assessed during plantar flexion (PF) and dorsiflexion (DF). Postural control was assessed with the one-leg test for both the right and left legs. K-means clustered analysis categorized participants into groups of low and high performers. Results: High performers had greater training experience than low performers for the SJ (p < 0.05), with no difference in maturity status (p > 0.05). Similarly, high performers had greater training experience (p < 0.05) than low performers for the CMJ, with no difference in maturity status (p > 0.05). High performers were more mature than low performers for MVC torque of DF (p < 0.001) and PF (p < 0.001), with no group differences in training experience (DF: p > 0.05; PF: p > 0.05). Maturity status for torque steadiness differed only for DF (p < 0.001), whereas there was no difference for PF (p > 0.05). There were no differences in either maturity status or training experience for one-leg-stance time (p > 0.05). Conclusions: These findings suggest that maturity status and training experience are linked to performance, although their relative roles differ across tasks. These findings reflect an interaction between biological maturity, training background and sports performance in youth athletes.",wos,llm,1.000,unreviewed,,doi:10.3390/jfmk11020166
discarded,Mitigating Intraoperative Fatigue in Surgeons at High Altitude: A Stepped-Wedge Cluster Randomized Trial,"Chen, Biao; Li, Shuai; He, Kun; Basang, Dunzhu; Suolang, Yuzhen; Li, Fang; Silang, Jiangcun; Yi, Hongyuan; Jinmei, Langjie; Dan, La; Ciren, Deqing; Xu, Haifeng; Wu, Dong",2026,HIGH ALTITUDE MEDICINE & BIOLOGY,10.1177/15578682261462329,https://www.webofscience.com/wos/woscc/full-record/WOS:001796457000001,off-topic-false-hit,"Background: Both genetically adapted Tibetan surgeons and less-acclimatized Han surgeons deployed through the Aid-Tibet medical aid program face significant challenges from hypobaric hypoxia in the Qinghai-Xizang Plateau. Hypoxia is known to impair cognitive functions and induce fatigue, threatening surgical performance and patient safety. Traditionally, surgeons in Tibet consume Coca-Cola to combat fatigue, a potentially harmful practice lacking in scientific basis. Supplemental oxygen, recommended for better cerebral oxygen delivery, is underutilized. This study compares supplemental oxygen versus Coca-Cola in mitigating intraoperative fatigue among surgeons in Tibet, considering the influence of long-term high-altitude adaptations. Methods: We conducted a stepped-wedge cluster randomized controlled trial at the People's Hospital of Xizang Autonomous Region in Lhasa (3,650 m altitude). Twenty-two surgeons (11 Han, 11 Tibetan) performed 24 surgeries each, receiving either 100 ml of Coca-Cola every 30 minutes or continuous 2 l/min supplemental oxygen via nasal cannula. Cognitive fatigue was assessed using the d2 Test of Attention, and physical fatigue was measured using a dynamometer, before and after surgeries. The primary outcome was change in concentration performance (Delta CP). The secondary outcome was the change in maximum voluntary contraction force (Delta MVC). Data were analyzed using a linear generalized estimating equations model. Results: All 22 surgeons completed 528 surgeries. Generally, supplemental oxygen significantly reduced cognitive fatigue compared to Coca-Cola (Delta CP: 6.08, 95% confidence interval [CI]: 1.37-10.80, p = 0.012). In subgroup analysis, oxygen significantly lowered cognitive fatigue in Han surgeons (Delta CP: 7.06, 95% CI: 0.72-13.40, p = 0.029), while the effect in Tibetan surgeons did not reach statistical significance (Delta CP: 4.82, 95% CI: -0.51-10.16, p = 0.076). No significant difference was observed in physical fatigue (Delta MVC: -0.18, 95% CI: -1.77-1.40, p = 0.822). Conclusions: Supplemental oxygen outperforms Coca-Cola in reducing cognitive fatigue during high-altitude surgery, especially for less-acclimatized Han surgeons, supporting its adoption to enhance surgeons' performance and well-being.",wos,llm,1.000,unreviewed,,doi:10.1177/15578682261462329
