status,title,authors,year,venue,doi,url,tags,abstract,provider,decision_source,llm_confidence,llm_review_outcome,llm_change_direction,paper_id
discarded,An FSM based GUI test automation model,Yuan Miao; Xuebing Yang,2010,,10.1109/icarcv.2010.5707766,https://openalex.org/W2127391619,adjacent-subtopic,"Graphical User Interfaces (GUIs) constitute a large proportion of today's software and are becoming more and more complex. Testing the correctness of GUIs and their underlying software is paramount for providing quality software products. Manual testing is extremely slow and unacceptably expensive. We present a new technique which enables the process of generating test cases and testing automation, based on an innovative model. Given a GUI based application, the set of GUI states and their running logic is modeled as a finite state machine (FSM). The efficiency of the model is formally analyzed and compared with event flow graph (EFG) model. The results show that our model is more efficient in storage.",openalex,llm,0.900,unreviewed,,doi:10.1109/icarcv.2010.5707766
kept,"GUI testing for mobile applications: objectives, approaches and challenges",Kabir Sulaiman Said; Liming Nie; Adekunle Ajibode; Xueyi Zhou,2020,,10.1145/3457913.3457931,https://openalex.org/W3183905164,supports-claim,"Graphical User Interface (GUI) is unavoidable in modern software apps. It facilitates the interactions between the users and the apps. As shown on the Google play store, some apps with higher downloads often have higher-quality, well-designed and tested GUI. GUI testing has become a necessary step in the app development process, and related research become a hot spot in recent years. However, there isn’t a review about GUI testing of mobile apps, which brings obstacles to new researchers. In this paper, we systematically review publications between 2010 and 2020, to gain an insight into GUI testing for mobile apps. Even though the earliest research was published around 1997 but we believe the considered years are likely to include the advances in the field. Specifically, the paper aims to identify (i) the main objectives of GUI testing, (ii) the approaches applied (iii) the evaluation metrics (iv) the challenges and future research directions. To cover all relevant literature, following a predefined systematic literature review procedure, involving both the automatic and manual search strategies, we found 75 primary studies. Four research questions are proposed to analyze them. We found that functionality is the main objective of GUI testing. Model-based testing is the most common approach. Metrics such as error detection, execution time, and code coverage are often used to evaluate the performance of GUI testing techniques. Finally, we outline some key challenges as well as possible research directions. We believe our work would provide a clue for new researchers as well as more research in GUI testing.",openalex,llm,0.870,unreviewed,,doi:10.1145/3457913.3457931
discarded,Semantic Analysis for Deep Q-Network in Android GUI Testing,Thi Anh Tuyet Vuong; Shingo Takada,2019,Proceedings/Proceedings of the ... International Conference on Software Engineering and Knowledge Engineering,10.18293/seke2019-080,https://openalex.org/W2967072515,adjacent-subtopic,"Since the big boom of smartphone and consequently of mobile applications, developers nowadays have many tools to help them create applications easier and faster.However, efficient automated testing tools are still missing, especially for GUI testing.We propose an automated GUI testing tool for Android applications using Deep Q-Network and semantic analysis of the GUI.We identify the semantic meanings of GUI elements and use them as an input to a neural network, which through training, approximates the behavioral model of the application under test.The neural network is trained using the Q-Learning algorithm of Reinforcement Learning.It guides the testing tool to explore more often functionalities that can only be accessed through a specific sequence of actions.The tool does not require access to the source code of the application under test.It obtains higher code coverage and is better at fault detection in comparison to state-of-the-art testing tools.",openalex,llm,0.960,unreviewed,,doi:10.18293/seke2019-080
discarded,PETTool: A pattern-based GUI testing tool,Marco Cunha; Ana C. R. Paiva; Hugo Sereno Ferreira; Rui Abreu,2010,,10.1109/icste.2010.5608882,https://openalex.org/W2003606634,adjacent-subtopic,"Nowadays, the usage of graphical user interfaces (GUIs) in order to ease the interaction with software applications is preferred over command line interfaces. Despite recent advances in software testing, GUIs are still tested in a complete ad-hoc, manual fashion, with little support from (industrial) testing tools. Automating the process of testing GUIs has additional challenges when compared to command-line applications. This paper presents an approach for GUI (semi-automated) testing which uses knowledge of the common behaviour of a GUI. To do so, the most common aspects in a GUI are identified and then a suite of test cases is automatically generated and executed. To validate our approach, we have run it against well known web-based applications, such as GMail.",openalex,llm,0.880,unreviewed,,doi:10.1109/icste.2010.5608882
kept,Maintenance of Android Widget-Based GUI Testing: A Taxonomy of Test Case Modification Causes,Riccardo Coppola; Maurizio Morisio; Marco Torchiano,2018,"2018 IEEE International Conference on Software Testing, Verification and Validation Workshops (ICSTW)",10.1109/ICSTW.2018.00044,https://ieeexplore.ieee.org/document/8411747/,supports-claim,"Automated GUI testing is a fundamental part of the V&V process of every software, but - especially for fast evolving applications - is linked to relevant maintenance costs. Android (and mobile, in general) apps are also particularly prone to fragility, i.e. even minor modifications in the graphical user interface may induce relevant adaptation effort on test code. Based on a preliminary exploration about the evolution and fragility of test suites that we made on a set of nearly 20 thousand Android open-source projects hosted on GitHub, we performed a deeper inspection about the causes underlying the modifications in test classes and methods. We manually examined a set of 423 projects featuring the Espresso automated GUI testing tool, and 945 diff files containing modifications in test methods. We derived a set of 27 different causes of modifications, that we grouped into nine different macro-categories, two related to modifications performed just in code and application logic, and seven pertaining modifications in the GUI functioning and appearance, and hence related to our definition of GUI testing fragility. Based on the set of projects we inspected, we conclude that modifications related to changes in the GUI occured in 55% of modified test methods, a higher frequency than the ones related to changes in test logic only (35%) and to adaptations to modified application logic (27%). The described taxonomy can serve as a basis for further research, aimed at giving guidelines to developers to avoid fragility, and reduce the maintenance costs for automated test suites for Android applications.",ieee,llm,0.970,unreviewed,,doi:10.1109/icstw.2018.00044
discarded,Behavior-driven development (BDD) Cucumber Katalon for Automation GUI testing case CURA and Swag Labs,Rizal Broer Bahaweres; Elda Oktaviani; Luh Kesuma Wardhani; Irman Hermadi; ArifImam Suroso; Indra Permana Solihin; Yandra Arkeman,2020,"2020 International Conference on Informatics, Multimedia, Cyber and Information System (ICIMCIS)",10.1109/ICIMCIS51567.2020.9354325,https://ieeexplore.ieee.org/document/9354325/,adjacent-subtopic,"Graphical user interface (GUI) is widely used in software applications. About 50% of the application code is for GUI implementation. Because labor costs are high and demands for high-quality software are increasing, automation GUI testing will be a good investment for any software company. We will apply the Behavior-driven development (BDD) method for automation GUI testing with the Cucumber framework on the CURA and Swag Labs web applications. The BDD methodology used is based on the NLP (natural language program) concept. Where the information of semi-automatically produce a step definition and code framework. The scenarios are given on the natural language and then applied to Software Testing. Class diagrams and sequence diagrams are also applied to each represent a code framework automatically. The author uses Katalon Studio software. It was found that the results of the test case automation GUI testing on the CURA website with 210 steps passed, 3 step warnings with average responses times in the test case were 1.92 minutes. The results of the test case automation GUI testing on the Swag Labs web with 87 where 36 steps failed, 4 step warning and 44 step passed with an average responses times in the test case are 2,122 minutes.",ieee,llm,0.960,unreviewed,,doi:10.1109/icimcis51567.2020.9354325
kept,Estimating Return on Investment for GUI Test Automation Frameworks,Felix Dobslaw; Robert Feldt; David Michaëlsson; Patrik Haar; Francisco Gomes de Oliveira Neto; Richard Torkar,2019,2019 IEEE 30th International Symposium on Software Reliability Engineering (ISSRE),10.1109/ISSRE.2019.00035,https://ieeexplore.ieee.org/document/8987515/,supports-claim,"Automated graphical user interface (GUI) tests can reduce manual testing activities and increase test frequency. This motivates the conversion of manual test cases into automated GUI tests. However, it is not clear whether such automation is cost-effective given that GUI automation scripts add to the code base and demand maintenance as a system evolves. In this paper, we introduce a method for estimating maintenance cost and Return on Investment (ROI) for Automated GUI Testing (AGT). The method utilizes the existing source code change history and has the potential to be used for the evaluation of other testing or quality assurance automation technologies. We evaluate the method for a real-world, industrial software system and compare two fundamentally different AGT frameworks, namely Selenium and EyeAutomate, to estimate and compare their ROI. We also report on their defect-finding capabilities and usability. The quantitative data is complemented by interviews with employees at the company the study has been conducted at. The method was successfully applied, and estimated maintenance cost and ROI for both frameworks are reported. Overall, the study supports earlier results showing that implementation time is the leading cost for introducing AGT. The findings further suggest that, while EyeAutomate tests are significantly faster to implement, Selenium tests require more of a programming background but less maintenance.",ieee,llm,0.960,unreviewed,,doi:10.1109/issre.2019.00035
kept,Mobile GUI Testing Fragility: A Study on Open-Source Android Applications,Riccardo Coppola; Maurizio Morisio; Marco Torchiano,2019,IEEE Transactions on Reliability,10.1109/TR.2018.2869227,https://ieeexplore.ieee.org/document/8477182/,supports-claim; gui-test,"Android applications do not seem to be tested as thoroughly as desktop ones. In particular, graphical user interface (GUI) testing appears generally limited. Like web-based applications, mobile apps suffer from GUI test fragility, i.e., GUI test classes failing or needing updates due to even minor modifications in the GUI or in the application under test. The objective of our study is to estimate the adoption of GUI testing frameworks among Android open-source applications, the quantity of modifications needed to keep test classes up to date, and their amount due to GUI test fragility. We introduce a set of 21 metrics to measure the adoption of testing tools and the evolution of test classes and test methods, and to estimate the fragility of test suites. We computed our metrics for six GUI testing frameworks, none of which achieved a significant adoption among Android projects hosted on GitHub. When present, GUI test methods associated with the considered tools are modified often, and a relevant portion (70% on average) of those modifications is induced by GUI-related fragilities. On average, for the projects considered, more than 7% of the total modified lines of code between consecutive releases belong to test classes developed with the analyzed testing frameworks. The measured percentage was higher on average than the one required by other generic test code, based on the JUnit testing framework. Fragility of GUI tests constitutes a relevant concern, probably an obstacle for developers to adopt test automation. This first evaluation of the fragility of Android scripted GUI testing can constitute a benchmark for developers and testers leveraging the analyzed test tools and the basis for the definition of a taxonomy of fragility causes and guidelines to mitigate the issue.",ieee,llm_reviewed,0.980,confirmed,,doi:10.1109/tr.2018.2869227
discarded,Graphical user interface testing using evolutionary algorithms,Genţiana Ioana Laţiu; Octavian Creţ; Lucia Văcariu,2013,2013 8th Iberian Conference on Information Systems and Technologies (CISTI),,https://ieeexplore.ieee.org/document/6615841/,adjacent-subtopic,"In software applications industry, the most important challenge is to ensure the maximum quality for software products. The demand for Graphical user interface (GUI) testing has very much increased in the last years. An important progress in this field has been achieved, from GUI manual testing to complete automate GUI testing. In this paper, optimization theory and evolutionary algorithms (EA) concepts were applied for GUI testing. In our approach, the GUI is completely separated from the code itself. The aim of the proposed methodology is to find the test case sequence(s) which produce(s) the maximum amount of changes inside the GUI while preserving all other constraints. The method starts by randomly generating the initial set of test cases, which is then improved through measuring and evaluating specific fitness functions. By using optimization theory, very good results were obtained for accelerating the automatic test of large interfaces.",ieee,llm,0.840,unreviewed,,hash:55903c1264b14fb4
kept,Scriptless GUI Testing on Mobile Applications,Thorn Jansen; Fernando Pastor Ricós; Yaping Luo; Kevin van der Vlist; Robbert van Dalen; Pekka Aho; Tanja E. J. Vos,2022,"2022 IEEE 22nd International Conference on Software Quality, Reliability and Security (QRS)",10.1109/QRS57517.2022.00113,https://ieeexplore.ieee.org/document/10062398/,supports-claim,"Traditionally, end-to-end testing of mobile apps is either performed manually or automated with test scripts. However, manual GUI testing is expensive and slow, and test scripts are fragile for GUI changes, resulting in high maintenance costs. Scriptless testing attempts to address the costs associated with GUI testing. Existing scriptless approaches for mobile testing do not seem to fit the requirements of the industry, specifically those of the ING. This study presents an extension to open source TESTAR tool to support scriptless GUI testing of Android and iOS applications. We present an initial validation of the tool on an industrial setting at the ING. From the validation, we determine that the extended TESTAR outperforms two other state-of-the-art scriptless testing tools for Android in terms of code coverage, and achieves similar performance as the scripted test automation already in use at the ING. Moreover, we see that the scriptless approach covers parts of the application under test that the existing test scripts did not cover, showing the complementarity of the approaches, providing more value for the testers.",ieee,llm,0.960,unreviewed,,doi:10.1109/qrs57517.2022.00113
kept,GUI Testing for Android Applications: A Survey,Xuan Li,2023,"2023 7th International Conference on Computer, Software and Modeling (ICCSM)",10.1109/ICCSM60247.2023.00010,https://ieeexplore.ieee.org/document/10356702/,supports-claim,"GUI testing plays a vital role in ensuring the quality of Android apps. As the number of Android applications continues to surge, there is a substantial rise in the need for GUI testing of these apps. This paper thoroughly analyzes and summarizes the community's contributions to GUI testing for Android apps. It offers a comprehensive categorization and introduction of existing methods in testing input generation techniques, record and replay techniques, as well as state-of-the-art Android GUI testing frameworks. Furthermore, it discusses the key challenges and outlines future research directions for GUI testing of Android applications.",ieee,llm,0.820,unreviewed,,doi:10.1109/iccsm60247.2023.00010
discarded,Industrial Applicability of Visual GUI Testing for System and Acceptance Test Automation,Emil Borjesson,2012,"2012 IEEE Fifth International Conference on Software Testing, Verification and Validation",10.1109/ICST.2012.129,https://ieeexplore.ieee.org/document/6200141/,adjacent-subtopic,"The software market is becoming more challenging as demands for faster time-to-market and higher software quality continue to grow. These challenges are embedded in all areas of Software Engineering, including Verification and Validation where they are proposed as solvable with automated testing. However, most automated testing techniques focus on low system level testing and are not suitable for high level tests, i.e. System and Acceptance tests, leaving industrial needs for test automation unfulfilled. In this paper we present a research plan to evaluate a novel automated testing technique, called visual GUI testing, based on image recognition algorithms and scripts that interact through the system GUI to automate complex scenario based tests. The technique has been evaluated at the company Saab AB where industrial, safety critical, scenario based, test cases were automated showing the industrial applicability of the technique. However, many factors are still unknown regarding the techniques industrial applicability, i.e. script maintenance costs, usability and learn ability, etc. Our research aims to uncover these unknown factors with the final research goal to show that visual GUI testing is a viable and cost-effective technique that will fill the gap in industry for a cost-effective, simple, robust, high-level test automation technique.",ieee,llm,0.820,unreviewed,,doi:10.1109/icst.2012.129
discarded,Automated GUI Testing of Android Apps: From Research to Practice,Kevin Moran; Mario Linares-Vásquez; Denys Poshyvanyk,2016,2016 IEEE International Conference on Software Maintenance and Evolution (ICSME),10.1109/ICSME.2016.79,https://ieeexplore.ieee.org/document/7816535/,adjacent-subtopic,"The last decade has seen tremendous proliferation of mobile computing in our society. Billions of users have access to millions of mobile applications that can be installed directly on their mobile devices and electrical appliances such as TV set-top boxes. Factors such as new monetization/revenue models, programming models, and distribution infrastructures contribute to an ""attractive"" movement that captivates new and traditional developers, as well as a crowd of other professionals that explore, design, and implement mobile apps [9]. Also, the need for ""enterprise apps"" that support start-ups or serve as a new front-end for traditional companies is pushing software related professionals to embrace the mobile technologies [9]. However, the nature of the economy (devices, apps, markets) imposes new challenges on how mobile apps are envisioned, designed, implemented, tested, released, and maintained. This technology briefing aims to help address the challenges of testing and maintaining mobile apps by providing participants from both academic and industrial backgrounds with information on the state-of-art and state-of-practice mobile testing and maintenance techniques. Specifically, we aim to highlight two things: first, new techniques and methodologies for making effective automated testing of mobile apps practical and accessible to developers, and second, open academic research questions related to such technology transfer.",ieee,llm,0.880,unreviewed,,doi:10.1109/icsme.2016.79
