status,title,authors,year,venue,doi,url,tags,abstract,provider,decision_source,llm_confidence,llm_review_outcome,llm_change_direction,paper_id
discarded,Building Web Based Programming Environments for Functional Programming,Young Dong Yoo,2012,Digital WPI,,https://openalex.org/W2919905281,"qualifies-claim; adjacent-subtopic; tool or course description, no finding on learning event-driven programming or functions as values","Functional programming offers an accessible and powerful algebraic model for computing. JavaScript is the language of the ubiquitous Web, but it does not support functional programs well due to its single-threaded, asynchronous nature and lack of rich control flow operators. The purpose of this work is to extend JavaScript to a language environment that satisfies the needs of functional programs on the Web. This extended language environment uses sophisticated control operators to provide an event-driven functional programming model that cooperates with the browser's DOM, along with synchronous access to JavaScript's asynchronous APIs. The results of this work are used toward two projects: (1) a programming environment called WeScheme that runs in the web browser and supports a functional programming curriculum, and (2) a tool-chain called Moby that compiles event-driven functional programs to smartphones, with access to phone-specific features.",openalex,llm_reviewed,0.720,changed,kept->discarded,hash:7b9c6d126390dcb0
discarded,PIN,Vijay Janapa Reddi; Alex Settle; Daniel A. Connors; Robert S. Cohn,2004,,10.1145/1275571.1275600,https://openalex.org/W1989773959,adjacent-subtopic,"Computer architecture embraces a tremendous number of ever-changing inter-connected concepts and information, yet computer architecture education is very often static, seemingly motionless. Computer architecture is commonly taught using simple piecewise methods of explaining how the hardware performs a given task, rather than characterizing the interaction of software and hardware. Visualization tools allow students to interactively explore basic concepts in computer architecture but are limited in their ability to engage students in research and design concepts. Likewise as the development of simulation models such as caches, branch predictors, and pipelines aid student understanding of architecture components, such models have limitations in the workloads that can be examined because of issues with execution time and environment. Overall, to effectively understand modern architectures, it is simply essential to experiment the characteristics of real application workloads. Likewise, understanding program behavior is necessary to effective programming, comprehension of architecture bottlenecks, and hardware design. Computer architecture education must include experience in analyzing program behavior and workload characteristics using effective tools. To explore workload characteristic analysis in computer architecture design, we propose using PIN, a binary instrumentation tool for computer architecture research and education projects.",openalex,llm,0.950,unreviewed,,doi:10.1145/1275571.1275600
discarded,"Applications of Petri nets in electrical, electronics and optimizations",Gajendra Pratap Singh,2016,"2016 International Conference on Electrical, Electronics, and Optimization Techniques (ICEEOT)",10.1109/ICEEOT.2016.7755078,https://ieeexplore.ieee.org/document/7755078/,adjacent-subtopic,"The main objective of this paper is to discuss the basic concepts of Petri net for students, researchers and industrialists. Petri nets are used in the discrete event driven dynamical system and governed by the set of events. The study of Petri nets forms one of its most vibrant areas of research due to its applications in all branches of engineering and sciences [9]. One of the most active fields of current research in mathematics is the subject of discrete dynamical system as Petri nets, whose structures form directed bipartite graphs, together with an initial marking. Petri nets have a well known graphical representation in which transitions are represented as boxes and places as circles with directed arcs interconnecting them, to represent the flow relation between them. This paper describes the diverse applications of Petri nets in electrical, electronics and to optimization of dynamic systems.",ieee,llm,0.910,unreviewed,,doi:10.1109/iceeot.2016.7755078
kept,Expressing Computer Science Concepts Through Kodu Game Lab,"Stolee, Kathryn T.; Fristoe, Teale",2011,SIGCSE 11: PROCEEDINGS OF THE 42ND ACM TECHNICAL SYMPOSIUM ON COMPUTER SCIENCE EDUCATION,,https://www.webofscience.com/wos/woscc/full-record/WOS:000289490900022,qualifies-claim,"Educational programming environments such as Microsoft Research's Kodu Game Lab are often used to introduce novices to computer science concepts and programming. Unlike many other educational languages that rely on scripting and Java-like syntax, the Kodu language is entirely event-driven and programming takes the form of 'when - do' clauses. Despite this simplistic programing model, many computer science concepts can be expressed using Kodu. We identify and measure the frequency of these concepts in 346 Kodu programs created by users, and find that most programs exhibit sophistication through the use of complex control flow and boolean logic. Through Kodu's non-traditional language, we show that users express and explore fundamental computer science concepts.",wos,llm,0.960,unreviewed,,hash:ae158e43e753b3d2
kept,Is there any difference in novice comprehension of a small program written in the event-driven and object-oriented styles?,"Khazaei, B; Jackson, M",2002,"IEEE 2002 SYMPOSIA ON HUMAN CENTRIC COMPUTING LANGUAGES AND ENVIRONMENTS, PROCEEDINGS",,https://www.webofscience.com/wos/woscc/full-record/WOS:000178108400003,qualifies-claim; events-first,"We report on the conduct and the results of an experiment that investigates the program comprehension differences between event-driven and object-oriented programming styles.

A group of novice programmers were asked to comprehend two isomorphic programs and answered a series of five questions on each of the programs. Each question was to address one of five knowledge categories that together formed a complete mental representation of the two programs. Subjects performed badly on recalling the elementary operations knowledge in both styles. They performed very well in the data flow, control flow, function and state knowledge categories for both styles. Subjects were not significantly better in the last four categories indicating that the comprehension of event-driven and object oriented styles have a lot in common. A comparison of these results with the results of earlier studies, which compared procedural and object-oriented styles, indicates that procedural style is furthest away amongst the three styles. The results are discussed in terms of relevance to the theory of program comprehension.",wos,llm_reviewed,0.990,confirmed,,hash:625efb89f6b87676
discarded,"Reactive Patterns with RxJS and Angular Signals: Elevate your Angular 18 applications with RxJS Observables, subjects, operators, and Angular Signals",L. Chebbi,2024,Reactive Patterns with Rxjs and Angular Signals Elevate Your Angular 18 Applications with Rxjs Observables Subjects Operators and Angular Signals,,https://www.scopus.com/inward/record.uri?partnerID=HzOxMe3b&scp=105023746312&origin=inward,adjacent-subtopic,,scopus,llm,0.970,unreviewed,,hash:648e73687d5b2648
discarded,Applying cooperative learning with role division to learn recursion,Y.Y. Zhuang,2023,31st International Conference on Computers in Education Icce 2023 Proceedings,,https://www.scopus.com/inward/record.uri?partnerID=HzOxMe3b&scp=85181775671&origin=inward,adjacent-subtopic,,scopus,llm,0.980,unreviewed,,hash:ad8c09c399884722
discarded,Visual IoT/Robotics Programming Language in Pi-Calculus,G. De Luca,2017,Proceedings 2017 IEEE 13th International Symposium on Autonomous Decentralized Systems Isads 2017,10.1109/ISADS.2017.32,https://www.scopus.com/inward/record.uri?partnerID=HzOxMe3b&scp=85021452619&origin=inward,adjacent-subtopic,,scopus,llm,0.770,unreviewed,,doi:10.1109/isads.2017.32
kept,Expressing computer science concepts through kodu game lab,K.T. Stolee,2011,SIGCSE 11 Proceedings of the 42nd ACM Technical Symposium on Computer Science Education,10.1145/1953163.1953197,https://www.scopus.com/inward/record.uri?partnerID=HzOxMe3b&scp=79954431460&origin=inward,qualifies-claim,,scopus,llm,0.950,unreviewed,,doi:10.1145/1953163.1953197
kept,Is there any difference in novice comprehension of a small program written in the event-driven and object-oriented styles?,B. Khazaei,2002,Proceedings IEEE 2002 Symposia on Human Centric Computing Languages and Environments Hcc 2002,10.1109/HCC.2002.1046336,https://www.scopus.com/inward/record.uri?partnerID=HzOxMe3b&scp=26844571745&origin=inward,qualifies-claim; events-first,,scopus,llm_reviewed,0.990,confirmed,,doi:10.1109/hcc.2002.1046336
kept,Frameworks in CS1 - A different way of introducing event-driven programming,H.B. Christensen,2002,Proceedings of the Annual SIGCSE Conference on Innovation and Technology in Computer Science Education Itisce,,https://www.scopus.com/inward/record.uri?partnerID=HzOxMe3b&scp=0036992740&origin=inward,qualifies-claim; events-first,,scopus,llm_reviewed,0.880,confirmed,,hash:fd02bb913b63b7d8
discarded,Can Open Large Language Models Catch Vulnerabilities?,"DeepSeek-AI; Guo, Daya; Yang, Dejian; Zhang, Haowei; Junxiao Song; Wang, Peiyi; Qihao Zhu; Runxin Xu; Ruoyu Zhang; Shirong Ma; Bi, Xiao; Xiaokang Zhang; Xingkai Yu; Yu Wu; Zhenhua Wu; Zhibin Gou; Zhihong Shao; Zhuoshu Li; Ziyi Gao; Aixin Liu; Bing Xue; Bingxuan Wang; Bowen Wu; Bei Feng; Chengda Lu; Chenggang Zhao; Chengqi Deng; Chenyu Zhang; Chong Ruan; Damai Dai; Deli Chen; Dongjie Ji; Erhang Li; Fangyun Lin; Dai, Fucong; Luo, Fuli; Hao, Guangbo; Guan-Ting Chen; Guowei Li; Hongjun Zhang; Han Bao; Hanwei Xu; Haocheng Wang; Honghui Ding; Huajian Xin; Huazuo Gao; Hui Qu; Li, Hui; Jianzhong Guo; Jiashi Li; Jiawei Wang; Jingchang Chen; Jingyang Yuan; Junjie Qiu; Li, Junlong; Cai, J. L.; Jiaqi Ni; Jian Liang; Jing Chen; Dong, Kai; Kai Cheng Hu; Gao, Kaige; Guan, Kang; Kexin Huang; Kuai Yu; Lean Wang; Lecong Zhang; Liang Zhao; Litong Wang; Liyue Zhang; Lei Xu; L. Xia; Mingchuan Zhang; Minghua Zhang; Minghui Tang; Meng Li; Miaojun Wang; Mingming Li; Tian, Ning; Panpan Huang; Peng Zhang; Qiancheng Wang; Qinyu Chen; Qiushi Du; Ruiqi Ge; Ruisong Zhang; Pan, Ruizhe; Runji Wang; R. J. Chen; Rong Jin; Ruyi Chen; Shanghao Lu; Shangyan Zhou; Shanhuang Chen; Shengfeng Ye; Shiyu Wang; Yu, Shuiping; Shunfeng Zhou; Shuting Pan; Sansan Li",2025,arXiv (Cornell University),10.4230/oasics.icpec.2025.4,https://openalex.org/W4406779522,off-topic-false-hit,"As Large Language Models (LLMs) become increasingly integrated into secure software development workflows, a critical question remains unanswered: can these models not only detect insecure code but also reliably classify vulnerabilities according to standardized taxonomies? In this work, we conduct a systematic evaluation of three state-of-the-art LLMs - Llama3, Codestral, and Deepseek R1 - using a carefully filtered subset of the Big-Vul dataset annotated with eight representative Common Weakness Enumeration categories. Adopting a closed-world classification setup, we assess each model’s performance in both identifying the presence of vulnerabilities and mapping them to the correct CWE label. Our findings reveal a sharp contrast between high detection rates and markedly poor classification accuracy, with frequent overgeneralization and misclassification. Moreover, we analyze model-specific biases and common failure modes, shedding light on the limitations of current LLMs in performing fine-grained security reasoning.These insights are especially relevant in educational contexts, where LLMs are being adopted as learning aids despite their limitations. A nuanced understanding of their behaviour is essential to prevent the propagation of misconceptions among students. Our results expose key challenges that must be addressed before LLMs can be reliably deployed in security-sensitive environments.",openalex,llm,1.000,unreviewed,,doi:10.4230/oasics.icpec.2025.4
discarded,Students’ perceptions of using ChatGPT in a physics class as a virtual tutor,Lu Ding; Tong Li; Shiyan Jiang; Albert A Gapud,2023,International Journal of Educational Technology in Higher Education,10.1186/s41239-023-00434-1,https://openalex.org/W4390082902,off-topic-false-hit,"Abstract The latest development of Generative Artificial Intelligence (GenAI), particularly ChatGPT, has drawn the attention of educational researchers and practitioners. We have witnessed many innovative uses of ChatGPT in STEM classrooms. However, studies regarding students’ perceptions of ChatGPT as a virtual tutoring tool in STEM education are rare. The current study investigated undergraduate students’ perceptions of using ChatGPT in a physics class as an assistant tool for addressing physics questions. Specifically, the study examined the accuracy of ChatGPT in answering physics questions, the relationship between students’ ChatGPT trust levels and answer accuracy, and the influence of trust on students’ perceptions of ChatGPT. Our finding indicates that despite the inaccuracy of GenAI in question answering, most students trust its ability to provide correct answers. Trust in GenAI is also associated with students’ perceptions of GenAI. In addition, this study sheds light on students’ misconceptions toward GenAI and provides suggestions for future considerations in AI literacy teaching and research.",openalex,llm,1.000,unreviewed,,doi:10.1186/s41239-023-00434-1
discarded,"Correlates of smoking quit attempts: Florida Tobacco Callback Survey, 2007",Evelyn P. Davila; Wei K. Zhao; Margaret Mary Byrne; Monica S. Webb; Yougie Huang; Kristopher L. Arheart; Noella A. Dietz; Alberto Juan Caban-Martinez; Dorothy F. Parker; David J. Lee,2009,Tobacco Induced Diseases,10.1186/1617-9625-5-10,https://openalex.org/W2038528685,off-topic-false-hit,"OBJECTIVE: The public health burden of tobacco-associated diseases in the USA remains high, in part because many people's attempts to quit are unsuccessful. This study examined factors associated with having lifetime or recent attempts to quit smoking among current smokers, based on a telephone survey of Florida adults. METHODS: Data from the 2007 telephone-based Florida Behavioral Risk Factor Surveillance System (BRFSS) and its follow-up survey, the Tobacco Callback Survey, were used to assess determinants of having ever attempted to quit smoking and attempted to quit smoking in the past 12 months. All analyses were conducted using SAS. RESULTS: Among 3,560 current smokers, 41.5% reported having tried to quit smoking in the past 12 months while 83.4% reported having ever tried to quit. Having a history of a tobacco-related medical condition was significantly associated with both recent (Adjusted Odds Ratio (AOR) 1.41 [Confidence Interval 1.19-1.65]) and lifetime quit attempts (AOR 1.43 [1.15-1.79]). Greater nicotine dependence and being advised by a physician to quit smoking were also positively associated with lifetime quit attempts. Receipt of healthcare provider advice to quit smoking in the past 12 months and a strong belief that quitting following a long history of regular smoking would not result in health benefits and belief that there are health benefits to quitting smoking were associated with lifetime quit attempts. CONCLUSION: Targeted smoking cessation interventions are needed for smokers with selected medical conditions and with high nicotine dependence. The importance of physician advice in encouraging individuals to quit is further highlighted.",openalex,llm,1.000,unreviewed,,doi:10.1186/1617-9625-5-10
discarded,iSnap,Thomas Price; Yihuan Dong; Dragan Lipovac,2017,,10.1145/3017680.3017762,https://openalex.org/W2604398661,adjacent-subtopic,"Programming environments intentionally designed to support novices have become increasingly popular, and growing research supports their efficacy. While these environments offer features to engage students and reduce the burden of syntax errors, they currently offer little support to students who get stuck and need expert assistance. Intelligent Tutoring Systems (ITSs) are computer systems designed to play this role, helping and guiding students to achieve better learning outcomes. We present iSnap, an extension to the Snap programming environment which adds some key features of ITSs, including detailed logging and automatically generated hints. We share results from a pilot study of iSnap, indicating that students are generally willing to use hints and that hints can create positive outcomes. We also highlight some key challenges encountered in the pilot study and discuss their implications for future work.",openalex,llm,0.900,unreviewed,,doi:10.1145/3017680.3017762
