status,title,authors,year,venue,doi,url,tags,abstract,provider,decision_source,llm_confidence,llm_review_outcome,llm_change_direction,paper_id
kept,A Tale of Two Development Approach: Empirical Study on The Maintainability and Modularity of Android Mobile Application with Anti-Pattern and Model-View-Presenter Design Pattern,"Prabowo, Ginanjar; Suryotrisongko, Hatma; Tjahyanto, Aris",2018,2018 2ND INTERNATIONAL CONFERENCE ON ELECTRICAL ENGINEERING AND INFORMATICS (ICELTICS),,https://www.webofscience.com/wos/woscc/full-record/WOS:000519713200034,supports-claim,"Software development on mobile devices is overgrowing. However, the software still frequently unstructured developed without any pattern that can facilitate other developers to continue that software development, we called this approach as ""anti-pattern."" To overcome the anti-pattern problem and with the goal of improving maintainability, the developer begins to apply various architectural design patterns such as MVC, MVP, and MVVM to the development of Android-based mobile application. In this paper, we compare maintainability and modularity between 2 applications build with design pattern (MVP) and without design pattern or commonly referred as 'anti-pattern' using jHawk 6 as a software metrics tools. Use of jHawk 6 reduced subjectivity of measurements in some of the previous studies that make this research more proven with the use of selected maintainability and modularity metrics from previous qualified studies. In the end, this study proved empirically, use of MVP Design pattern significantly increase modularity by two times. With this results, we strongly recommend the use of the MVP design pattern in android based mobile application development.",wos,llm,0.980,unreviewed,,hash:fb2ad2c8bf968c8b
discarded,Broadcasting Free-Viewpoint Television Over Long-Term Evolution Networks,"Zarb, Terence; Debono, Carl James",2016,IEEE SYSTEMS JOURNAL,10.1109/JSYST.2015.2453483,https://www.webofscience.com/wos/woscc/full-record/WOS:000383258600035,off-topic-false-hit,"Recent advances in mobile device technology, cellular networks, and multimedia coding have paved the way for a wide range of innovative multimedia services that can be delivered to mobile users. An interesting application is free-viewpoint television (FTV), which allows the viewer to interactively select the scene viewing angle. Conveying this service over cellular networks is very challenging due to the large bandwidth requirements and limitations in computational power, memory, and battery resources on mobile terminals. Moreover, providing FTV over mobile systems necessitates new means for quality evaluation, which consider cellular network parameters. To address these challenges, we propose a scalable FTV broadcast architecture for long-term evolution cellular networks. To alleviate complex processing on mobile receivers, depth maps are estimated in the cloud and transmitted along the multiview video. Moreover, a novel depth image-based rendering technique is developed to improve quality while minimizing processing load on the mobile terminal, giving typical peak signal-to-noise ratio gains of 2 dB. Experimental results reveal that, for a satisfactory rendering quality, bit-rate savings of more than 70% are achieved compared with simulcast transmission. Furthermore, subjective tests indicate that this solution improves the perceived quality considerably. Finally, we study the impact of handovers induced in mobile systems on the quality of experience.",wos,llm,1.000,unreviewed,,doi:10.1109/jsyst.2015.2453483
discarded,The Mobile App Usability Inspection (MAUi) Framework as a Guide for Minimal Viable Product (MVP) Testing in Lean Development Cycle,"Cheng, Lin Chou",2016,PROCEEDINGS OF CHIUXID 2016: BRIDGING THE GAPS IN THE HCI & UX WORLD,10.1145/2898459.2898460,https://www.webofscience.com/wos/woscc/full-record/WOS:000391055400001,off-topic-false-hit,"\The Mobile App Usability Inspection (MAUi) framework is an improvised user-interface auditing technique based on the classical work of Heuristic Evaluation, pioneered by Jakob Nielsen & Rolf Molich. While the method of HE has been extensively cross-examined and reported in wide arrays of usability testing activities, its potential as a highly reliable inspection procedure is yet to be systematically formalized for lean development cycle. This paper demonstrated the application of the MAUi framework to the evaluation of a high-fidelity prototype that explored touchscreen interactions between three-dimension virtual objects on a mobile device. The initial results suggested that MAUi is a much reliable usability inspection method as the findings, given by four different inspectors shared 85% of true ability from user testing event. In addition, the MAUi framework can be used as a checklist for fine-tuning the readiness of any minimal viable products on mobile device.",wos,llm,0.990,unreviewed,,doi:10.1145/2898459.2898460
discarded,Comparison of Hearing Results of Malleovestibulopexy and Total Ossicular Replacement Prosthesis for Chronic Otitis Media Patients With a Mobile Stapes Footplate,"Chen, Zhengnong; Sun, Xiaoqiang; Zhou, Huiqun; Shi, Haibo; Wu, Yaqin; Yin, Shankai",2014,ANNALS OF OTOLOGY RHINOLOGY AND LARYNGOLOGY,10.1177/0003489414526366,https://www.webofscience.com/wos/woscc/full-record/WOS:000335494400007,off-topic-false-hit,"Objective: This study aimed to assess differences in hearing outcomes using the malleostapedotomy or malleovestibulopexy (MVP) and total ossicular replacement prosthesis (TORP) techniques in chronic otitis media patients with a mobile stapes footplate.

Study Design: Case series with planned data collection.

Setting: A university medical center.

Subjects and Methods: In total, 27 patients with chronic otitis media at the Sixth Hospital affiliated with Shanghai Jiao Tong University, between January and October 2010, were included. All patients had destruction of incus and stapes superstructures and a mobile stapes footplate. In all patients, surgery was performed under general anesthesia by a retroauricular approach. After the lesions were removed completely, ossicular reconstruction was performed using 1 of the techniques. In all patients, pure-tone audiograms were assessed before and 12 months after surgery.

Results: Thirteen patients underwent MVP surgery, whereas the other 14 cases received traditional TORP surgery. All patients showed improvements in functional hearing after surgery. Although the numbers of ears that had closure of the air-bone gap within 20 dB in the MVP group were not statistically significantly higher than those in the TORP group (Fisher's exact test, P > .05), the average postoperative gain of the MVP group was significantly higher than that of the TORP group (t test, P < .05).

Conclusion: Functional hearing in chronic otitis media patients with a mobile stapes footplate was better in those who underwent MVP surgery than in those who underwent TORP surgery.",wos,llm,1.000,unreviewed,,doi:10.1177/0003489414526366
discarded,"Wrist and shoulder posture and muscle activity during touch-screen tablet use: Effects of usage configuration, tablet type, and interacting hand","Young, Justin G.; Trudeau, Matthieu B.; Odell, Dan; Marinelli, Kim; Dennerlein, Jack T.",2013,WORK-A JOURNAL OF PREVENTION ASSESSMENT & REHABILITATION,10.3233/WOR-131604,https://www.webofscience.com/wos/woscc/full-record/WOS:000318769600008,off-topic-false-hit,"BACKGROUND: Due to its rapid growth in popularity, there is an imminent need for ergonomic evaluation of the touch-screen tablet computing form-factor.

OBJECTIVE: The aim of this study was to assess postures of the shoulders and wrists and their associated muscle activity during touch-screen tablet use.

METHODS: Fifteen experienced adult tablet users completed a set of simulated software tasks on two media tablets in a total of seven user configurations. Configurations consisted of a combination of a support condition (held with one hand, two hands or in a case), a location (on the lap or table surface), and a software task (web browsing, email, and game). Shoulder postures were measured by using an infra-red LED marker based motion analysis system, wrist postures by electro-goniometry, and shoulder (upper trapezius and anterior deltoid) and forearm (flexor carpi radialis, flexor carp ulnaris, and extensor radialis) muscle activity by surface electromyography.

RESULTS: Postures and muscle activity for the wrist significantly varied across configurations and between hands, but not across the two tablets tested. Wrist extension was high for all configurations and particularly for the dominant hand when a tablet was placed on the lap (mean = 38 degrees). Software tasks involving the virtual keyboard (e-mailing) corresponded to higher wrist extensor muscle activity (50th percentile = 9.5% MVC) and wrist flexion/extension acceleration (mean = 322 degrees/s(2)). High levels of wrist radial deviation were observed for the non-dominant hand when it was used to tilt and hold the tablet (mean = 13 degrees). Observed differences in posture and muscle activity of the shoulder were driven by tablet location.

CONCLUSION: Touch-screen tablet users are exposed to extreme wrist postures that are less neutral than other computing technologies and may be at greater risk of developing musculoskeletal symptoms. Tablets should be placed in cases or stands that adjust the tilt of the screen rather than supporting and tilting the tablet with only one hand.",wos,llm,0.990,unreviewed,,doi:10.3233/wor-131604
kept,Towards Unit Testing of User Interface Code for Android Mobile Applications,"Sadeh, Ben; Orbekk, Kjetil; Eide, Magnus M.; Gjerde, Njaal C. A.; Tonnesland, Trygve A.; Gopalakrishnan, Sundar",2011,"SOFTWARE ENGINEERING AND COMPUTER SYSTEMS, PT 3",,https://www.webofscience.com/wos/woscc/full-record/WOS:000303027200015,supports-claim,"As the availability and popularity of mobile applications grows, there is also an increased interest for them to be solid and well tested. Consequently, there is also an interest in assessing the correctness of their system rapidly, since smart phone applications usually develop quickly and have a lower lifecycle as compared to desktop applications. We are specifically interested in an efficient way of testing the Graphical User Interface (GUI), as it is both central to the user experience and harder to evaluate than standard business logic. This research paper is a study on the different ways to assess the validity of the GUI code for an Android mobile application with special focus on unit testing. It describes the available testing techniques and details the difficulty in writing unit tests for GUI code. Finally, the study gives a recommendation based on the different testing approaches available, followed by a discussion of both the implications and limitations of the findings.",wos,llm,0.970,unreviewed,,hash:9c87d8529287c5de
discarded,Development and usability evaluation of HOPE: A patient-centered mHealth application for HTN self-management in Iran,M.H. Hayavi-Haghighi,2026,Plos One,10.1371/journal.pone.0344541,https://www.scopus.com/inward/record.uri?partnerID=HzOxMe3b&scp=105042460819&origin=inward,off-topic-false-hit,,scopus,llm,0.940,unreviewed,,doi:10.1371/journal.pone.0344541
discarded,Gamified Mobile App for Financial Education: An Innovative Experience in a Brazilian Public University,L. Longo,2026,Lecture Notes in Networks and Systems,10.1007/978-3-032-07989-3_5,https://www.scopus.com/inward/record.uri?partnerID=HzOxMe3b&scp=105020574086&origin=inward,off-topic-false-hit,,scopus,llm,0.950,unreviewed,,doi:10.1007/978-3-032-07989-3_5
discarded,Extreme Mobile: Innovative Techniques for Crafting Customizable Mobile Apps Using iOS Frameworks,C. Cocchiaro,2026,Extreme Mobile Innovative Techniques for Crafting Customizable Mobile Apps Using Ios Frameworks,10.1007/979-8-8688-2323-7,https://www.scopus.com/inward/record.uri?partnerID=HzOxMe3b&scp=105032894231&origin=inward,adjacent-subtopic,,scopus,llm,0.770,unreviewed,,doi:10.1007/979-8-8688-2323-7
discarded,"Development, feasibility testing and evaluation of a family-oriented mobile application to promote healthy lifestyle in infants and parents during early life: a mixed methods study",K.T. Mok,2026,Frontiers in Digital Health,10.3389/fdgth.2026.1869210,https://www.scopus.com/inward/record.uri?partnerID=HzOxMe3b&scp=105044504879&origin=inward,off-topic-false-hit,,scopus,llm,0.960,unreviewed,,doi:10.3389/fdgth.2026.1869210
discarded,Evaluating Code Readability in Java-to-Kotlin Migration Using Large Language Models and Static Analysis,N.M.M. Ibarra,2026,International Conference on Artificial Intelligence Computer Data Sciences and Applications Acdsa 2026,10.1109/ACDSA67686.2026.11467819,https://www.scopus.com/inward/record.uri?partnerID=HzOxMe3b&scp=105037611067&origin=inward,adjacent-subtopic,,scopus,llm,0.970,unreviewed,,doi:10.1109/acdsa67686.2026.11467819
discarded,AI-powered visual E-monitoring system for cattle health and wealth,A.S.T. Moe,2025,Smart Agricultural Technology,10.1016/j.atech.2025.101300,https://www.scopus.com/inward/record.uri?partnerID=HzOxMe3b&scp=105013182225&origin=inward,off-topic-false-hit,,scopus,llm,0.990,unreviewed,,doi:10.1016/j.atech.2025.101300
discarded,Mobile Application Based on Clean Architecture for Sustainable Tourism Recommendation Using BERT,C.P.A. Yataco,2025,International Journal of Advanced Computer Science and Applications,10.14569/IJACSA.2025.0161199,https://www.scopus.com/inward/record.uri?partnerID=HzOxMe3b&scp=105026343531&origin=inward,adjacent-subtopic,,scopus,llm,0.900,unreviewed,,doi:10.14569/ijacsa.2025.0161199
discarded,Implementing Data Integration Self-Study: A Curriculum Development for Android Programming Learning Assistance System,Y.W. Syaifudin,2025,SN Computer Science,10.1007/s42979-025-04114-x,https://www.scopus.com/inward/record.uri?partnerID=HzOxMe3b&scp=105008280035&origin=inward,adjacent-subtopic,,scopus,llm,0.880,unreviewed,,doi:10.1007/s42979-025-04114-x
discarded,Analysis of Design Patterns Available for the Implementation of Applications in Xamarin,E.N. Gómez Bello,2025,International Journal of Information Technology and Web Engineering,10.4018/IJITWE.370962,https://www.scopus.com/inward/record.uri?partnerID=HzOxMe3b&scp=86000648158&origin=inward,adjacent-subtopic,,scopus,llm,0.670,unreviewed,,doi:10.4018/ijitwe.370962
discarded,A Modular Architecture Framework for Flutter Using Clean Architecture and Design Patterns: A Software Quality Perspective,A.Z. Hamdalah,2025,Proceedings International Conference on Informatics and Computational Sciences,10.1109/ICICoS68590.2025.11330072,https://www.scopus.com/inward/record.uri?partnerID=HzOxMe3b&scp=105032385333&origin=inward,adjacent-subtopic,,scopus,llm,0.720,unreviewed,,doi:10.1109/icicos68590.2025.11330072
discarded,Participatory Intervention Development of a Peer-Guided Self-Help App for Anxiety Disorders: Mixed Methods Study,L. Duddeck,2025,Jmir Formative Research,10.2196/62781,https://www.scopus.com/inward/record.uri?partnerID=HzOxMe3b&scp=105009256602&origin=inward,off-topic-false-hit,,scopus,llm,0.960,unreviewed,,doi:10.2196/62781
discarded,Pro Microservices in.NET 10: A Holistic Approach to Building Microservices in C#,S. Whitesell,2025,Pro Microservices in Net 10 A Holistic Approach to Building Microservices in C,10.1007/979-8-8688-2049-6,https://www.scopus.com/inward/record.uri?partnerID=HzOxMe3b&scp=105031651505&origin=inward,adjacent-subtopic,,scopus,llm,0.980,unreviewed,,doi:10.1007/979-8-8688-2049-6
discarded,A Mobile Application Approach to Help Analyzing Eyelid Movements from Videos,G.A. Bonesso,2025,Ifmbe Proceedings,10.1007/978-3-031-94934-0_110,https://www.scopus.com/inward/record.uri?partnerID=HzOxMe3b&scp=105020022907&origin=inward,off-topic-false-hit,,scopus,llm,0.950,unreviewed,,doi:10.1007/978-3-031-94934-0_110
discarded,MAMC: A Multi-agent Autonomous Mobility Control System,Y. Tang,2025,Lecture Notes in Civil Engineering,10.1007/978-3-031-95111-4_7,https://www.scopus.com/inward/record.uri?partnerID=HzOxMe3b&scp=105019296477&origin=inward,off-topic-false-hit,,scopus,llm,0.990,unreviewed,,doi:10.1007/978-3-031-95111-4_7
discarded,Visual Programming for Minimum Viable Product in a Health Design Project,T. Blanco,2025,Lecture Notes in Mechanical Engineering,10.1007/978-3-031-72829-7_49,https://www.scopus.com/inward/record.uri?partnerID=HzOxMe3b&scp=105002464457&origin=inward,off-topic-false-hit,,scopus,llm,0.990,unreviewed,,doi:10.1007/978-3-031-72829-7_49
discarded,Addressing Elderly Loneliness and Strengthening Family Bonds,A. Pawar,2025,Lecture Notes in Mechanical Engineering,10.1007/978-981-96-6414-6_29,https://www.scopus.com/inward/record.uri?partnerID=HzOxMe3b&scp=105020850264&origin=inward,off-topic-false-hit,,scopus,llm,0.980,unreviewed,,doi:10.1007/978-981-96-6414-6_29
discarded,"Web API Development with ASP. NET Core 8: Learn techniques, patterns, and tools for building high-performance, robust, and scalable web APIs",X. Yan,2024,Web API Development with ASP Net Core 8 Learn Techniques Patterns and Tools for Building High Performance Robust and Scalable Web Apis,,https://www.scopus.com/inward/record.uri?partnerID=HzOxMe3b&scp=105020521027&origin=inward,adjacent-subtopic,,scopus,llm,0.910,unreviewed,,hash:e2010b75f17ace55
discarded,"Proceedings of the 17th Innovations in Software Engineering Conference, iSOFT ISEC 2024 - (Formerly known as India Software Engineering Conference)",,2024,ACM International Conference Proceeding Series,,https://www.scopus.com/inward/record.uri?partnerID=HzOxMe3b&scp=85187011208&origin=inward,adjacent-subtopic,,scopus,llm,0.920,unreviewed,,hash:7379404ac8702efc
kept,Clean Architecture: Impact on Performance and Maintainability of Native Android Projects,J.A. Santiago-Salazar,2024,Communications in Computer and Information Science,10.1007/978-3-031-47372-2_8,https://www.scopus.com/inward/record.uri?partnerID=HzOxMe3b&scp=105025200049&origin=inward,supports-claim; qualifies-claim,,scopus,llm,0.830,unreviewed,,doi:10.1007/978-3-031-47372-2_8
discarded,Detecting Design Patterns in Android Applications with CodeBERT Embeddings and CK Metrics,G. Dlamini,2024,Lecture Notes in Computer Science Including Subseries Lecture Notes in Artificial Intelligence and Lecture Notes in Bioinformatics,10.1007/978-3-031-54534-4_19,https://www.scopus.com/inward/record.uri?partnerID=HzOxMe3b&scp=85189502554&origin=inward,adjacent-subtopic,,scopus,llm,0.880,unreviewed,,doi:10.1007/978-3-031-54534-4_19
discarded,Scalable Android Applications in Kotlin: Write and maintain large Android application code bases,M. Bennett,2024,Scalable Android Applications in Kotlin Write and Maintain Large Android Application Code Bases,,https://www.scopus.com/inward/record.uri?partnerID=HzOxMe3b&scp=105022524376&origin=inward,adjacent-subtopic,,scopus,llm,0.720,unreviewed,,hash:fc1e4843679f8b82
discarded,Creating iOS apps with Xcode: Learn how to develop your own app,A.L. Bratcher,2024,Creating Ios Apps with Xcode Learn how to Develop Your Own App,,https://www.scopus.com/inward/record.uri?partnerID=HzOxMe3b&scp=105022954921&origin=inward,adjacent-subtopic,,scopus,llm,0.930,unreviewed,,hash:159441772faf81a3
discarded,Enhanced Weather Forecasting with Hybrid Model of K Means and DBSCAN,J. Wadhwa,2024,Proceedings 2024 2nd International Conference on Advanced Computing and Communication Technologies Icacctech 2024,10.1109/ICACCTech65084.2024.00055,https://www.scopus.com/inward/record.uri?partnerID=HzOxMe3b&scp=105001252280&origin=inward,off-topic-false-hit,,scopus,llm,0.990,unreviewed,,doi:10.1109/icacctech65084.2024.00055
discarded,Usability Testing of a Digitized Interventional Prehabilitation Tool for Health Care Professionals and Patients Before Major Surgeries: Formative and Summative Evaluation,A.A. Schnitzbauer,2024,Jmir Formative Research,10.2196/59513,https://www.scopus.com/inward/record.uri?partnerID=HzOxMe3b&scp=85211985116&origin=inward,adjacent-subtopic,,scopus,llm,0.960,unreviewed,,doi:10.2196/59513
discarded,"17th Colombian Conference on Computing, CCC 2023",,2024,Communications in Computer and Information Science,,https://www.scopus.com/inward/record.uri?partnerID=HzOxMe3b&scp=105025250565&origin=inward,adjacent-subtopic,,scopus,llm,0.910,unreviewed,,hash:c89b415c8fb7c84a
kept,A Comparison of Architectural Patterns for Testability and Performance Quality for iOS Mobile Applications Development,H. Magics-Verkman,2023,2023 17th International Conference on Engineering of Modern Electric Systems Emes 2023,10.1109/EMES58375.2023.10171619,https://www.scopus.com/inward/record.uri?partnerID=HzOxMe3b&scp=85166281016&origin=inward,supports-claim; qualifies-claim; provbarhet,,scopus,llm_reviewed,0.970,confirmed,,doi:10.1109/emes58375.2023.10171619
discarded,Enhancing Web Application Efficiency: Exploring Modern Design Patterns within the MVC Framework,A. Kumar,2023,Proceedings of International Conference on Computational Intelligence and Sustainable Engineering Solution Cises 2023,10.1109/CISES58720.2023.10183582,https://www.scopus.com/inward/record.uri?partnerID=HzOxMe3b&scp=85167796165&origin=inward,adjacent-subtopic,,scopus,llm,0.670,unreviewed,,doi:10.1109/cises58720.2023.10183582
discarded,Research on Architecture Design of E-commerce Mini-program and its application in WeChat,T. Huang,2023,Proceedings of 2023 2nd International Conference on Intelligent Computing and Next Generation Networks Icngn 2023,10.1109/ICNGN59831.2023.10396774,https://www.scopus.com/inward/record.uri?partnerID=HzOxMe3b&scp=85184995273&origin=inward,adjacent-subtopic,,scopus,llm,0.830,unreviewed,,doi:10.1109/icngn59831.2023.10396774
