status,title,authors,year,venue,doi,url,tags,abstract,provider,decision_source,llm_confidence,llm_review_outcome,llm_change_direction,paper_id
discarded,Modeling usable & reusable transactors in system Verilog,J. Bergeron,2005,18th International Conference on VLSI Design held jointly with 4th International Conference on Embedded Systems Design,10.1109/ICVD.2005.120,https://ieeexplore.ieee.org/document/1383249/,off-topic-false-hit,"Summary form only given. Transactors, also known as bus-functional models, have traditionally been modeled using a procedural interface (API). Commands were provided to use every feature available in the transactor. Several commands were often necessary to configure the transactor or to execute the simplest transaction. If the transactor did not provide a feature required by a particular device under test (DUT) or testcase, it had to be modified or rewritten. By using an object-oriented approach for configuration and interfacing, transactors can easily be used out-of-the-box. A few lines are all that is necessary to create valid random stimulus to a DUT or report observed response to a scoreboard. The use of callback methods eliminates the need for a complex and ever-evolving API. Instead of creating yet-another programming language, it leverages the power of system Verilog to extend the functionality of a transactor in ways the original author may not have conceived. Without modification, a transactor can thus be used and reused effectively. Transactors can also be modeled in an extensible fashion. Extensible transactors allow users to define entirely new transactions and commands, should the ones provided by the original implementation prove insufficient. Usability and reusability of transactors does not happen by accident. With careful design and consistent use model, transactors can be written to meet the stringent demands of different testcases on different design under verification. This paper describes how to properly use the object-oriented features of system Verilog to model transactions and transactors that execute them. Designers, used to a procedural programming model, will learn how to approach a transactor modeling problem using the object-oriented approach. Software engineers, used to a traditional object-oriented programming model, will learn how to adapt their methods to the special requirements of constrained-random verification. This paper presents clear and concise guidelines that can be followed to create effective, easy-to-use and reusable transactor models.",ieee,llm,0.990,unreviewed,,doi:10.1109/icvd.2005.120
discarded,Dynamic Voxels Based on Ego-Conditioned Prediction: An Integrated Spatio-Temporal Framework for Motion Planning,Ting Zhang; Mengyin Fu; Wenjie Song; Yi Yang; Alexandre Alahi,2024,IEEE Transactions on Intelligent Transportation Systems,10.1109/TITS.2024.3398008,https://ieeexplore.ieee.org/document/10534901/,off-topic-false-hit,"Prediction is a vital component of motion planning for autonomous vehicles (AVs). By reasoning about the possible behavior of other target agents, the ego vehicle (EV) can navigate safely, efficiently, and politely. However, most of the existing work overlooks the interdependencies of the prediction and planning module, only connecting them in a sequential pipeline or underexploring the prediction results in the planning module. In this work, we propose a framework that integrates the prediction and planning module with three highlights. First, we propose an ego-conditioned model for causal prediction, with the introduced edge-featured graph transformer model, the impact the ego future maneuver poses to the target vehicles is demonstrated. Second, we develop a motion planner based on ‘dynamic voxels’ in the spatio-temporal domain, enabling the time-to-collision criterion evaluation and the optimal trajectory generation in continuous space. Third, the prediction and planning modules are coupled in a closed-loop and efficient form. Specifically, taking each maneuver as a cluster, representative trajectory primitives are generated for conditional prediction, and conversely, prediction results are used to score the primitives as guidance, which alleviates the duplicated callback of the prediction module. The simulations are conducted in overtaking, merging, unprotected left turns, and also scenarios with imperfect social behaviors. The comparison studies demonstrate the better safety assurance and efficiency of the proposed model, and the ablation experiments further reveal the effectiveness of the new ideas.",ieee,llm,1.000,unreviewed,,doi:10.1109/tits.2024.3398008
discarded,Who Is Pulling the Strings: Unveiling Smart Contract State Manipulation Attacks Through State-Aware Dataflow Analysis,Shuo Yang; Jiachi Chen; Lei Xiao; Jinyuan Hu; Dan Lin; Jiajing Wu; Tao Zhang; Zibin Zheng,2025,IEEE Transactions on Software Engineering,10.1109/TSE.2025.3605145,https://ieeexplore.ieee.org/document/11207087/,off-topic-false-hit,"Recently, the increasing complexity of smart contracts and their interactions has led to more sophisticated strategies for executing attacks. Hackers often need to deploy attacker contracts as delegators to automate these attacks on their behalf. Existing identification methods for attacker contracts either rely on simple patterns (e.g., recursive callback control flow) that suffer from high false-positive rates and limited extraction of interaction and call information, or lack fully automated detection capabilities. Consequently, these limitations reduce the effectiveness of current solutions in identifying modern, intricate attacks. To overcome these challenges, we introduce the concept of state manipulation attacks, which abstracts the exploitation of problematic state dependencies arising from contract interactions. During these attacks, hackers first alter the storage state of one contract (the manipulated contract), which determines the profit they can gain. They then call another contract (the victim contract) to exploit its dependency on the altered state and maximize their profits. We present SMAsher, a tool designed to automatically identify state manipulation attacker contracts. SMAsher leverages fine-grained state-aware dataflow analysis to detect exploitation traces and exploited state dependencies among contracts, focusing on recovering the call path and interaction semantics. Our extensive experiments on 1.38 million real-world contracts demonstrate that SMAsher successfully identifies 311 state manipulation attacker contracts with 100% precision, resulting in $ 6.95 million in losses. Our findings also reveal some notable malicious characteristics of hackers’ accounts through their deployed attacker contracts. Additionally, we have provided 10 PoCs (Proof-of-Concepts) for previously unidentified attacks, all of which have been confirmed and released to the community.",ieee,llm,1.000,unreviewed,,doi:10.1109/tse.2025.3605145
discarded,Simulating Surgical Robot Cutting of Thin Deformable Materials Using a Rope Grid Structure,Mustafa Haiderbhai; Lueder A. Kahrs,2024,IEEE Transactions on Medical Robotics and Bionics,10.1109/TMRB.2024.3475509,https://ieeexplore.ieee.org/document/10707073/,off-topic-false-hit,"Traditional methods for autonomous cutting in surgical robotics have relied on trajectory-based planning algorithms. These methods fail to compensate for dynamic changes in soft materials such as deformation and topological change. To apply recent advances such as reinforcement learning (RL), a simulation is needed that models the cutting of soft materials. In this work, we develop a surgical robotics simulation environment for cutting deformable meshes with the da Vinci Research Kit (dVRK). Our environment is built using a particle-based physics simulation to simulate a rope grid structure to create realistic physics behavior and visual rendering. Cutting is implemented with the EndoWrist Round Tip Scissors (RTS) through a system of collision checking and callbacks to detect and update cuts. To showcase the deformable mesh cutting simulation, we design a cutting task of cutting along a desired path that can be solved through manual control. The grid structure can be adapted to render different materials, and we highlight how it can be made to resemble deformable tissue or fabric while being stable with no visible artifacts. This environment is a stepping stone towards training autonomous agents for cutting 2D deformable materials and building towards cutting more complex deformable shapes.",ieee,llm,1.000,unreviewed,,doi:10.1109/tmrb.2024.3475509
discarded,Mrs: High Performance MapReduce for Iterative and Asynchronous Algorithms in Python,Jeffrey Lund; Chace Ashcraft; Andrew McNabb; Kevin Seppi,2016,2016 6th Workshop on Python for High-Performance and Scientific Computing (PyHPC),10.1109/PyHPC.2016.014,https://ieeexplore.ieee.org/document/7836847/,off-topic-false-hit,"Mrs [1] is a lightweight Python-based MapReduce implementation designed to make MapReduce programs easy to write and quick to run, particularly useful for research and academia. A common set of algorithms that would benefit from Mrs are iterative algorithms, like those frequently found in machine learning; however, iterative algorithms typically perform poorly in the MapReduce framework, meaning potentially poor performance in Mrs as well. Therefore, we propose four modifications to the original Mrs with the intent to improve its ability to perform iterative algorithms. First, we used direct task-to-task communication for most iterations and only occasionally write to a distributed file system to preserve fault tolerance. Second, we combine the reduce and map tasks which span successive iterations to eliminate unnecessary communication and scheduling latency. Third, we propose a generator-callback programming model to allow for greater flexibility in the scheduling of tasks. Finally, some iterative algorithms are naturally expressed in terms of asynchronous message passing, so we propose a fully asynchronous variant of MapReduce. We then demonstrate Mrs' enhanced performance in the context of two iterative applications: particle swarm optimization (PSO), and expectation maximization (EM).",ieee,llm,0.990,unreviewed,,doi:10.1109/pyhpc.2016.014
discarded,Enhancing Automatic Answer Evaluation Using Bi-Directional Long Short-Term Memory-Based Deep Learning,"Adharsh, T. S.; Jeyakumar, M. K.",2026,INTERNATIONAL JOURNAL OF SPECIAL EDUCATION,,https://www.webofscience.com/wos/woscc/full-record/WOS:001788494700033,adjacent-subtopic,"Automated Essay Scoring improves the effectiveness, consistency and fairness of evaluation through the use of deep learning models such as Bi-Directional Long Short-Term Memory in order to overcome some of the shortcomings associated with manual evaluation in large-scale educational testing situations. Automated Essay Scoring systems apply artificial intelligence and natural language processing technology to assess written responses quickly and without biasIt addresses the challenges in the education sector concerning the efficient evaluation of diverse and complex student responses due to the increasing number of learners. Conventional automated scoring approaches, which believe on lexical and syntactic pattern matching, fail to capture the deeper semantic and contextual nuances of short and essay-type answers. To resolve these limitations, the proposed framework employs a deep learning architecture based on the Automated Student Assessment Prize Short Answer Scoring, dataset, encompassing stages such as data exploration, feature extraction, model training, and evaluation. The system performs text structure and lexical feature analysis through visualization, while feature extraction involves tokenization, elimination of stop words, application of Term Frequency-Inverse Document Frequency, and truncated Singular Value Decomposition for effective dimensionality reduction. The comparative analysis between unidirectional Long Short-Term Memory and Bi-Directional Long Short-Term Memory demonstrates that the latter processes sequences in both forward and backward directions, thereby capturing contextual information more comprehensively and improving accuracy. The constructed Bi-Directional Long Short-Term Memory model, consisting of nineteen layers with dropout mechanisms to avoid overfitting, exhibits superior performance by achieving lower mean absolute error and validation loss compared to the conventional Long Short-Term Memory model. The inclusion of callback functions during training allows dynamic performance monitoring and parameter optimization. Positioned within the broader context of automated essay scoring research, this study highlights the significance of deep learning and context-aware architectures in enhancing grading accuracy beyond simple lexical and syntactic evaluation. The findings reveal that the Bi-Directional Long Short-Term Memory based scoring system is an effective and reliable method that closely aligns with human assessment, offering a robust solution for modern educational evaluation.",wos,llm,0.990,unreviewed,,hash:a84ecb17de949f02
discarded,Automatic differentiation in ML: Where we are and where we should be going,"van Merrienboer, Bart; Breuleux, Olivier; Bergeron, Arnaud; Lamblin, Pascal",2018,ADVANCES IN NEURAL INFORMATION PROCESSING SYSTEMS 31 (NIPS 2018),,https://www.webofscience.com/wos/woscc/full-record/WOS:000461852003032,off-topic-false-hit,"We review the current state of automatic differentiation (AD) for array programming in machine learning (ML), including the different approaches such as operator overloading (OO) and source transformation (ST) used for AD, graph-based intermediate representations for programs, and source languages. Based on these insights, we introduce a new graph-based intermediate representation (IR) which specifically aims to efficiently support fully-general AD for array programming. Unlike existing dataflow programming representations in ML frameworks, our IR naturally supports function calls, higher-order functions and recursion, making ML models easier to implement. The ability to represent closures allows us to perform AD using ST without a tape, making the resulting derivative (adjoint) program amenable to ahead-of-time optimization using tools from functional language compilers, and enabling higher-order derivatives. Lastly, we introduce a proof of concept compiler toolchain called Myia which uses a subset of Python as a front end.",wos,llm,0.990,unreviewed,,hash:327e78fa8994f396
discarded,Mrs: High Performance MapReduce for Iterative and Asynchronous Algorithms in Python,"Lund, Jeffrey; Ashcraft, Chace; McNabb, Andrew; Seppi, Kevin",2016,PROCEEDINGS OF PYHPC2016: 6TH WORKSHOP ON PYTHON FOR HIGH-PERFORMANCE AND SCIENTIFIC COMPUTING,10.1109/PyHPC.2016.10,https://www.webofscience.com/wos/woscc/full-record/WOS:000401923200010,off-topic-false-hit,"Mrs [1] is a lightweight Python-based MapReduce implementation designed to make MapReduce programs easy to write and quick to run, particularly useful for research and academia. A common set of algorithms that would benefit from Mrs are iterative algorithms, like those frequently found in machine learning; however, iterative algorithms typically perform poorly in the MapReduce framework, meaning potentially poor performance in Mrs as well.

Therefore, we propose four modifications to the original Mrs with the intent to improve its ability to perform iterative algorithms. First, we used direct task-to-task communication for most iterations and only occasionally write to a distributed file system to preserve fault tolerance. Second, we combine the reduce and map tasks which span successive iterations to eliminate unnecessary communication and scheduling latency. Third, we propose a generator-callback programming model to allow for greater flexibility in the scheduling of tasks. Finally, some iterative algorithms are naturally expressed in terms of asynchronous message passing, so we propose a fully asynchronous variant of MapReduce.

We then demonstrate Mrs' enhanced performance in the context of two iterative applications: particle swarm optimization (PSO), and expectation maximization (EM).",wos,llm,0.990,unreviewed,,doi:10.1109/pyhpc.2016.10
discarded,Integrating Interventions after Traumatic Brain Injury: A Synergistic Approach to Neurorehabilitation,"Dams-O'Connor, Kristen; Gordon, Wayne A.",2013,BRAIN IMPAIRMENT,10.1017/BrImp.2013.9,https://www.webofscience.com/wos/woscc/full-record/WOS:000322251300006,off-topic-false-hit,"Deficits in attention, processing speed and executive functioning are among the most commonly reported and functionally limiting cognitive impairments among individuals with TBI. Changes in mood can exacerbate cognitive deficits and reduce life quality. Contemporary hierarchical models of cognitive functioning suggest that attention/arousal processes underlie and support higher-order functions. Building on decades of clinical research, a synergistic, integrative approach to neurorehabilitation is described, which combines bottom-up and top-town cognitive interventions in addition to psychotherapeutic interventions for mood. This approach is intended to address directly impairments in both foundational (i.e., attention) and higher-order (i.e., executive functions) processes. Executive dysfunction is addressed in a top-down fashion through the application of a series of problem-solving and emotional regulation modules that teach and integrate strategies that can be generalised across situations with practice. Attention, arousal and information processing are necessary prerequisites of successful higher-order thinking, attention skills, and are addressed in a bottom-up fashion through intensive individualised attention and processing training tasks. Combining top-down and bottom-up approaches within a comprehensive day-treatment programme can effect a synergistic improvement of overall functioning.",wos,llm,1.000,unreviewed,,doi:10.1017/brimp.2013.9
discarded,Patient Screening and Callbacks to Prevent Readmissions A Process Improvement Project,"Eichler, Deanna",2013,PROFESSIONAL CASE MANAGEMENT,10.1097/NCM.0b013e3182664cc8,https://www.webofscience.com/wos/woscc/full-record/WOS:000216992100004,off-topic-false-hit,"Purpose/Objectives: This process improvement project was to determine whether a telephone intervention could be successful in reducing readmission rates and to discover whether a screening tool accurately determines patients at high risk for readmission.

Primary Practice Setting(s):

Inpatient urban hospital, greater than 200 beds, Level I trauma center, and teaching facility Implications for Case Management Practice:

1. A screening tool may predict readmissions that could allow hospitals to focus resources and efforts where they are most needed. Case managers are well positioned to administer such tools. The Transitional Care Model tool did not work well for the University Medical Center Brackenridge population as administered.

2. Follow-up phone calls, though well supported in the literature, have an unknown effect as the calls made were on a focused population, identified by a screening tool that showed low accuracy in prediction. Further work in callbacks is warranted.

3. Patients who did readmit within 30 days of discharge were cared for by the internal medicine service 91% of the time. This represents an opportunity to focus resources and efforts between case managers and internal medicine providers without any screening methods.",wos,llm,1.000,unreviewed,,doi:10.1097/ncm.0b013e3182664cc8
discarded,Correcting for Survey Nonresponse Using Variable Response Propensity,"Peress, Michael",2010,JOURNAL OF THE AMERICAN STATISTICAL ASSOCIATION,10.1198/jasa.2010.ap09485,https://www.webofscience.com/wos/woscc/full-record/WOS:000286545900011,off-topic-false-hit,"All surveys with less than full response potentially suffer from nonresponse bias. Poststratification weights can only correct for selection into the sample based on observables whose distribution is known in the population. Variables such as gender, race, income, and region satisfy this requirement because they are available from the U.S. Census Bureau, but poststratification based on these variables may not eliminate nonresponse bias. I develop an approach for correcting for nonignorable nonresponse bias. Survey respondents can be classified by their ""response propensity."" Proxies for response propensity include the number of attempted phone calls, indicators of temporary refusal, and interviewer-coded measures of cooperativeness. We can then learn about the population of nonrespondents by extrapolating from the low-propensity respondents. I apply this new estimator to correct for unit nonresponse bias in the American National Election Study and in a CBS/New York Times preelection poll. I find that nonresponse bias can be a serious problem, particularly for items that relate to political participation. I find that my method is successful in substantially reducing nonresponse bias.",wos,llm,1.000,unreviewed,,doi:10.1198/jasa.2010.ap09485
