status,title,authors,year,venue,doi,url,tags,abstract,provider,decision_source,llm_confidence,llm_review_outcome,llm_change_direction,paper_id
discarded,THE IMPACT OF PROBLEM-BASED LEARNING ON REDUCING SCIENCE MISCONCEPTIONS AND ENHANCING SCIENTIFIC LITERACY: INTEGRATING BALINESE LOCAL WISDOM AND COGNITIVE STYLE,I.G. Astawan,2025,Jurnal Pendidikan IPA Indonesia,10.15294/jpii.v14i3.25083,https://www.scopus.com/inward/record.uri?partnerID=HzOxMe3b&scp=105017325686&origin=inward,off-topic-false-hit,,scopus,llm,1.000,unreviewed,,doi:10.15294/jpii.v14i3.25083
discarded,Demonstration experiment and theoretical model of light interference with small particles,O. Voronkin,2025,Physics Education,10.1088/1361-6552/adcf6d,https://www.scopus.com/inward/record.uri?partnerID=HzOxMe3b&scp=105004891046&origin=inward,off-topic-false-hit,,scopus,llm,1.000,unreviewed,,doi:10.1088/1361-6552/adcf6d
discarded,Enhancing Ability Estimation with Time-Sensitive IRT Models in Computerized Adaptive Testing,A.H. İnce,2025,Applied Sciences Switzerland,10.3390/app15136999,https://www.scopus.com/inward/record.uri?partnerID=HzOxMe3b&scp=105010189512&origin=inward,off-topic-false-hit,,scopus,llm,1.000,unreviewed,,doi:10.3390/app15136999
discarded,The Effects of Classroom Management Efficacy on Interest Development in Guided Role-Playing Simulations for Sustainable Pre-Service Teacher Training,S. Ki,2025,Sustainability Switzerland,10.3390/su17146257,https://www.scopus.com/inward/record.uri?partnerID=HzOxMe3b&scp=105011620457&origin=inward,off-topic-false-hit,,scopus,llm,1.000,unreviewed,,doi:10.3390/su17146257
discarded,Assessing medication counseling skills during transitioning from pre-clinical to clinical years among medical students: using generalizability theory to optimize reliable pharmacology exam design,S. Lertsakulbunlue,2025,Pharmacy Practice,10.18549/PharmPract.2025.2.3147,https://www.scopus.com/inward/record.uri?partnerID=HzOxMe3b&scp=105010579120&origin=inward,off-topic-false-hit,,scopus,llm,1.000,unreviewed,,doi:10.18549/pharmpract.2025.2.3147
discarded,Holographic Virtual Assistant for Supporting 8 to 12-Year-Old Students Powered by GPT-4,O.A. Clavijo,2025,Memorias De La Conferencia Iberoamericana De Complejidad Informatica Y Cibernetica Cicic,10.54808/CICIC2025.01.49,https://www.scopus.com/inward/record.uri?partnerID=HzOxMe3b&scp=105003561080&origin=inward,off-topic-false-hit,,scopus,llm,0.990,unreviewed,,doi:10.54808/cicic2025.01.49
discarded,Adaptive Student’s T-Loss with Multi-Scale Uncertainty Modeling for Reliable Polyp Detection,A. Norouziazad,2025,Proceedings of the World Congress on Electrical Engineering and Computer Systems and Science,10.11159/MVML25.118,https://www.scopus.com/inward/record.uri?partnerID=HzOxMe3b&scp=105021449665&origin=inward,off-topic-false-hit,,scopus,llm,1.000,unreviewed,,doi:10.11159/mvml25.118
discarded,Distilling Intelligence: Boosting Photonic Sensor Performance Through Knowledge Transfer,G. Kumar,2025,IEEE Sensors Journal,10.1109/JSEN.2025.3610225,https://www.scopus.com/inward/record.uri?partnerID=HzOxMe3b&scp=105017385591&origin=inward,off-topic-false-hit,,scopus,llm,1.000,unreviewed,,doi:10.1109/jsen.2025.3610225
discarded,Bayesian modeling of the Gompertz curve for meat quails growth data considering different error distributions,M.Z. Faccin,2024,Brazilian Journal of Biometrics,10.28951/bjb.v42i3.699,https://www.scopus.com/inward/record.uri?partnerID=HzOxMe3b&scp=85203336431&origin=inward,off-topic-false-hit,,scopus,llm,1.000,unreviewed,,doi:10.28951/bjb.v42i3.699
discarded,Integrating Basic Electrocardiogram Interpretation into Advanced Cardiovascular Life Support Stations Through Simulation-Based Learning Among Preclinical Medical Students: Comparing Student and Teacher Perceptions,K. Thammasoon,2024,Strides in Development of Medical Education Journal,10.22062/sdme.2024.199478.1351,https://www.scopus.com/inward/record.uri?partnerID=HzOxMe3b&scp=85211814837&origin=inward,off-topic-false-hit,,scopus,llm,1.000,unreviewed,,doi:10.22062/sdme.2024.199478.1351
discarded,Analysis of influencing factors of myopia in children and adolescents based on random forest model,M.L. Lin,2024,Modern Preventive Medicine,10.20043/j.cnki.MPM.202404255,https://www.scopus.com/inward/record.uri?partnerID=HzOxMe3b&scp=85210273422&origin=inward,off-topic-false-hit,,scopus,llm,1.000,unreviewed,,doi:10.20043/j.cnki.mpm.202404255
discarded,Introduction to Dependent Types with Idris: Encoding Program Proofs in Types,B. Sitnikovski,2023,Introduction to Dependent Types with Idris Encoding Program Proofs in Types,10.1007/978-1-4842-9259-4,https://www.scopus.com/inward/record.uri?partnerID=HzOxMe3b&scp=105007876539&origin=inward,adjacent-subtopic,,scopus,llm,0.970,unreviewed,,doi:10.1007/978-1-4842-9259-4
discarded,"Corrigendum: Effects of a pair programming educational robot-based approach on students' interdisciplinary learning of computational thinking and language learning (Frontiers in Psychology, (2022), 13, (888215), 10.3389/fpsyg.2022.888215)",T.C. Hsu,2023,Frontiers in Psychology,10.3389/fpsyg.2023.1229357,https://www.scopus.com/inward/record.uri?partnerID=HzOxMe3b&scp=85165016660&origin=inward,adjacent-subtopic,,scopus,llm,0.910,unreviewed,,doi:10.3389/fpsyg.2023.1229357
discarded,Grade-O-Matic: A Tool to Test and Grade Programs,M. Doyle,2023,29th Annual Americas Conference on Information Systems Amcis 2023,,https://www.scopus.com/inward/record.uri?partnerID=HzOxMe3b&scp=85192947362&origin=inward,adjacent-subtopic,,scopus,llm,0.970,unreviewed,,hash:57c107d8c19f9d0b
discarded,Erratum: An interferon lambda 4-associated variant in the hepatitis C virus RNA polymerase affects viral replication in infected cells (Journal of General Virology (2020) (DOI: 10.1099/jgv.0.001495),C.G.G. Bamford,2022,Journal of General Virology,10.1099/jgv.0.001751,https://www.scopus.com/inward/record.uri?partnerID=HzOxMe3b&scp=85129779532&origin=inward,off-topic-false-hit,,scopus,llm,1.000,unreviewed,,doi:10.1099/jgv.0.001751
discarded,The Effect of College Students' Adaptability on Nomophobia: Based on Lasso Regression,J. Luo,2021,Frontiers in Psychiatry,10.3389/fpsyt.2021.641417,https://www.scopus.com/inward/record.uri?partnerID=HzOxMe3b&scp=85119053159&origin=inward,off-topic-false-hit,,scopus,llm,1.000,unreviewed,,doi:10.3389/fpsyt.2021.641417
discarded,Virtual time,David R. Jefferson,1985,ACM Transactions on Programming Languages and Systems,10.1145/3916.3988,https://openalex.org/W2296636214,adjacent-subtopic,"Virtual time is a new paradigm for organizing and synchronizing distributed systems which can be applied to such problems as distributed discrete event simulation and distributed database concurrency control. Virtual time provides a flexible abstraction of real time in much the same way that virtual memory provides an abstraction of real memory. It is implemented using the Time Warp mechanism, a synchronization protocol distinguished by its reliance on lookahead-rollback, and by its implementation of rollback via antimessages.",openalex,llm,0.990,unreviewed,,doi:10.1145/3916.3988
discarded,emcee : The MCMC Hammer,Daniel Foreman-Mackey; David W. Hogg; Dustin Lang; Jonathan Goodman,2013,Publications of the Astronomical Society of the Pacific,10.1086/670067,https://openalex.org/W2063397409,off-topic-false-hit,"We introduce a stable, well tested Python implementation of the affine-invariant ensemble sampler for Markov chain Monte Carlo (MCMC) proposed by Goodman & Weare ( 2010 ). The code is open source and has already been used in several published projects in the astrophysics literature. The algorithm behind emcee has several advantages over traditional MCMC sampling methods and it has excellent performance as measured by the autocorrelation time (or function calls per independent sample). One major advantage of the algorithm is that it requires hand-tuning of only 1 or 2 parameters compared to ∼ N 2 for a traditional algorithm in an N -dimensional parameter space. In this document, we describe the algorithm and the details of our implementation. Exploiting the parallelism of the ensemble method, emcee permits any user to take advantage of multiple CPU cores without extra effort. The code is available online at http://dan.iel.fm/emcee under the GNU General Public License v2.",openalex,llm,1.000,unreviewed,,doi:10.1086/670067
discarded,Event generation with SHERPA 1.1,T. Gleisberg; Stefan Höche; Frank Krauss; Marek Schönherr; S. Schumann; F. Siegert; Jan-Christopher Winter,2009,Journal of High Energy Physics,10.1088/1126-6708/2009/02/007,https://openalex.org/W2016801295,off-topic-false-hit,"In this paper the current release of the Monte Carlo event generator Sherpa, version 1.1, is presented. Sherpa is a general-purpose tool for the simulation of particle collisions at high-energy colliders. It contains a very flexible tree-level matrix-element generator for the calculation of hard scattering processes within the Standard Model and various new physics models. The emission of additional QCD partons off the initial and final states is described through a parton-shower model. To consistently combine multi-parton matrix elements with the QCD parton cascades the approach of Catani, Krauss, Kuhn and Webber is employed. A simple model of multiple interactions is used to account for underlying events in hadron-hadron collisions. The fragmentation of partons into primary hadrons is described using a phenomenological cluster-hadronisation model. A comprehensive library for simulating tau-lepton and hadron decays is provided. Where available form-factor models and matrix elements are used, allowing for the inclusion of spin correlations; effects of virtual and real QED corrections are included using the approach of Yennie, Frautschi and Suura.",openalex,llm,1.000,unreviewed,,doi:10.1088/1126-6708/2009/02/007
discarded,Conditional rewriting logic as a unified model of concurrency,José Meseguer,1992,Theoretical Computer Science,10.1016/0304-3975(92)90182-f,https://openalex.org/W1976195354,adjacent-subtopic,,openalex,llm,0.990,unreviewed,,doi:10.1016/0304-3975(92)90182-f
discarded,"The ALICE TPC, a large 3-dimensional tracking device with fast readout for ultra-high multiplicity events",J. Alme; Y. Andres; H. Appelshäuser; S. Bablok; N. Bialas; R. Bolgen; U. Bonnes; R. Bramm; P. Braun‐Munzinger; Roberto Campagnolo; P. Christiansen; Alexandru Florin Dobrin; C. Engster; Dominik Fehlker; Yiota Foka; U. Frankenfeld; J. J. Gaardhøje; C. Garabatos; P. Glässel; C. Gonzalez Gutierrez; Philippe C. Gros; H.-Å. Gustafsson; H. Helstrup; Michael J. R. Hoch; M. Ivanov; R. Janik; A. Junique; A. Kalweit; R. Keidel; Stefan Kniege; M. Kowalski; Dag Toppe Larsen; Y. Lesenechal; P. Lenoir; Nicolai Lindegaard; C. Lippmann; M. Mager; M. Mast; A. Matyja; M. Munkejord; Luciano Musa; B. S. Nielsen; V. Nikolic; H. Oeschler; E.K. Olsen; A. Oskarsson; L. Österman; M. Pikna; A. Rehman; G. Renault; R. Renfordt; Stefan Rossegger; D. Röhrich; Ketil Roed; M. Richter; G. Rueshmann; A. Rybicki; Hendrik Sann; H. R. Schmidt; Madschen Sia Mei Ol Siska; Branislav Sitar; C. Søgaard; H.K. Soltveit; D. Soyk; J. Stachel; Ernst H. K. Stelzer; E. Stenlund; R. Stock; P. Strmeň; Imrich Szarka; Kjetil Ullaland; D. Vranić; Rob Veenhof; J. Westergaard; J. Wiechuła; Bernd Stefan Windelband,2010,Nuclear Instruments and Methods in Physics Research Section A Accelerators Spectrometers Detectors and Associated Equipment,10.1016/j.nima.2010.04.042,https://openalex.org/W2060270573,off-topic-false-hit,"The design, construction, and commissioning of the ALICE Time-Projection Chamber (TPC) is described. It is the main device for pattern recognition, tracking, and identification of charged particles in the ALICE experiment at the CERN LHC. The TPC is cylindrical in shape with a volume close to 90 m3 and is operated in a 0.5 T solenoidal magnetic field parallel to its axis. In this paper we describe in detail the design considerations for this detector for operation in the extreme multiplicity environment of central Pb–Pb collisions at LHC energy. The implementation of the resulting requirements into hardware (field cage, read-out chambers, electronics), infrastructure (gas and cooling system, laser-calibration system), and software led to many technical innovations which are described along with a presentation of all the major components of the detector, as currently realized. We also report on the performance achieved after completion of the first round of stand-alone calibration runs and demonstrate results close to those specified in the TPC Technical Design Report.",openalex,llm,1.000,unreviewed,,doi:10.1016/j.nima.2010.04.042
discarded,"BORIS : a free, versatile open‐source event‐logging software for video/audio coding and live observations",Olivier Friard; Marco Gamba,2016,Methods in Ecology and Evolution,10.1111/2041-210x.12584,https://openalex.org/W2346578806,off-topic-false-hit,"Summary Quantitative aspects of the study of animal and human behaviour are increasingly relevant to test hypotheses and find empirical support for them. At the same time, photo and video cameras can store a large number of video recordings and are often used to monitor the subjects remotely. Researchers frequently face the need to code considerable quantities of video recordings with relatively flexible software, often constrained by species‐specific options or exact settings. BORIS is a free, open‐source and multiplatform standalone program that allows a user‐specific coding environment to be set for a computer‐based review of previously recorded videos or live observations. Being open to user‐specific settings, the program allows a project‐based ethogram to be defined that can then be shared with collaborators, or can be imported or modified. Projects created in BORIS can include a list of observations, and each observation may include one or two videos (e.g. simultaneous screening of visual stimuli and the subject being tested; recordings from different sides of an aquarium). Once the user has set an ethogram, including state or point events or both, coding can be performed using previously assigned keys on the computer keyboard. BORIS allows definition of an unlimited number of events (states/point events) and subjects. Once the coding process is completed, the program can extract a time‐budget or single or grouped observations automatically and present an at‐a‐glance summary of the main behavioural features. The observation data and time‐budget analysis can be exported in many common formats ( TSV , CSV , ODF , XLS , SQL and JSON ). The observed events can be plotted and exported in various graphic formats ( SVG , PNG , JPG , TIFF , EPS and PDF ).",openalex,llm,1.000,unreviewed,,doi:10.1111/2041-210x.12584
discarded,The Unruh effect and its applications,Luís C. B. Crispino; Atsushi Higuchi; George E. A. Matsas,2008,Reviews of Modern Physics,10.1103/revmodphys.80.787,https://openalex.org/W2121287867,off-topic-false-hit,It has been $30\phantom{\rule{0.3em}{0ex}}\text{years}$ since the discovery of the Unruh effect. It has played a crucial role in our understanding that the particle content of a field theory is observer dependent. This effect is important in its own right and as a way to understand the phenomenon of particle emission from black holes and cosmological horizons. The Unruh effect is reviewed here with particular emphasis on its applications. A number of recent developments are also commented on and some controversies are discussed. Effort is also made to clarify what seem to be common misconceptions.,openalex,llm,1.000,unreviewed,,doi:10.1103/revmodphys.80.787
discarded,Modeling Physiological Events in 2D vs. 3D Cell Culture,Kayla E. A. Duval; Hannah Grover; Li‐Hsin Han; Yongchao Mou; Adrian F. Pegoraro; Jeffery Fredberg; Zi Chen,2017,Physiology,10.1152/physiol.00036.2016,https://openalex.org/W2626725994,off-topic-false-hit,"Cell culture has become an indispensable tool to help uncover fundamental biophysical and biomolecular mechanisms by which cells assemble into tissues and organs, how these tissues function, and how that function becomes disrupted in disease. Cell culture is now widely used in biomedical research, tissue engineering, regenerative medicine, and industrial practices. Although flat, two-dimensional (2D) cell culture has predominated, recent research has shifted toward culture using three-dimensional (3D) structures, and more realistic biochemical and biomechanical microenvironments. Nevertheless, in 3D cell culture, many challenges remain, including the tissue-tissue interface, the mechanical microenvironment, and the spatiotemporal distributions of oxygen, nutrients, and metabolic wastes. Here, we review 2D and 3D cell culture methods, discuss advantages and limitations of these techniques in modeling physiologically and pathologically relevant processes, and suggest directions for future research.",openalex,llm,1.000,unreviewed,,doi:10.1152/physiol.00036.2016
discarded,Resolving MISS conceptions and misconceptions: A geological approach to sedimentary surface textures generated by microbial and abiotic processes,Neil S. Davies; Alexander Liu; Martin R. Gibling; Randall F. Miller,2016,Earth-Science Reviews,10.1016/j.earscirev.2016.01.005,https://openalex.org/W2402350182,off-topic-false-hit,"The rock record contains a rich variety of sedimentary surface textures on siliciclastic sandstone, siltstone and mudstone bedding planes. In recent years, an increasing number of these textures have been attributed to surficial microbial mats at the time of deposition, resulting in their classification as microbially induced sedimentary structures, or MISS. Research into MISS has developed at a rapid rate, resulting in a number of misconceptions in the literature. Here, we attempt to rectify these MISS misunderstandings. The first part of this paper surveys the stratigraphic and environmental range of reported MISS, revealing that contrary to popular belief there are more reported MISS-bearing rock units of Phanerozoic than Precambrian age. Furthermore, MISS exhibit a pan-environmental and almost continuous record since the Archean. Claims for the stratigraphic restriction of MISS to intervals prior to the evolution of grazing organisms or after mass extinction events, as well as claims for the environmental restriction of MISS, appear to result from sampling bias. In the second part of the paper we suggest that raised awareness of MISS has come at the cost of a decreasing appreciation of abiotic processes that may create morphologically similar features. By introducing the umbrella term ‘sedimentary surface textures’, of which MISS are one subset, we suggest a practical methodology for classifying such structures in the geological record. We illustrate how elucidating the formative mechanisms of ancient sedimentary surface textures usually requires consideration of a suite of sedimentological evidence from surrounding strata. Resultant interpretations, microbial or non-microbial, should be couched within a reasonable degree of uncertainty. This approach recognizes that morphological similarity alone does not constitute scientific proof of a common origin, and reinstates a passive descriptive terminology for sedimentary surface textures that cannot be achieved with the current MISS lexicon. It is hoped that this new terminology will reduce the number of overly sensational and misleading claims of MISS occurrence, and permit the means to practically separate initial observation from interpretation. Furthermore, this methodology offers a scientific approach that appreciates the low likelihood of conclusively identifying microbial structures from visual appearance alone, informing the search for true MISS in Earth's geological record and potentially on other planetary bodies such as Mars.",openalex,llm,1.000,unreviewed,,doi:10.1016/j.earscirev.2016.01.005
discarded,Deep Learning Based Communication Over the Air,Sebastian Dörner; Sebastian Cammerer; Jakob Hoydis; Stephan ten Brink,2017,IEEE Journal of Selected Topics in Signal Processing,10.1109/jstsp.2017.2784180,https://openalex.org/W2736068844,off-topic-false-hit,"End-to-end learning of communications systems is a fascinating novel concept that has so far only been validated by simulations for block-based transmissions. It allows learning of transmitter and receiver implementations as deep neural networks (NNs) that are optimized for an arbitrary differentiable end-to-end performance metric, e.g., block error rate (BLER). In this paper, we demonstrate that over-the-air transmissions are possible: We build, train, and run a complete communications system solely composed of NNs using unsynchronized off-the-shelf software-defined radios and open-source deep learning software libraries. We extend the existing ideas toward continuous data transmission, which eases their current restriction to short block lengths but also entails the issue of receiver synchronization. We overcome this problem by introducing a frame synchronization module based on another NN. A comparison of the BLER performance of the “learned” system with that of a practical baseline shows competitive performance close to 1 dB, even without extensive hyperparameter tuning. We identify several practical challenges of training such a system over actual channels, in particular, the missing channel gradient, and propose a two-step learning procedure based on the idea of transfer learning that circumvents this issue.",openalex,llm,1.000,unreviewed,,doi:10.1109/jstsp.2017.2784180
