status,title,authors,year,venue,doi,url,tags,abstract,provider,decision_source,llm_confidence,llm_review_outcome,llm_change_direction,paper_id
discarded,Pretrain Vision and Large Language Models in Python: End-to-end techniques for building and deploying foundation models on AWS,Emily Webber; Andrea Olgiati,2023,Pretrain Vision and Large Language Models in Python: End-to-end techniques for building and deploying foundation models on AWS,,https://ieeexplore.ieee.org/document/10251209/,adjacent-subtopic,"Master the art of training vision and large language models with conceptual fundaments and industry-expert guidance. Learn about AWS services and design patterns, with relevant coding examplesKey FeaturesLearn to develop, train, tune, and apply foundation models with optimized end-to-end pipelinesExplore large-scale distributed training for models and datasets with AWS and SageMaker examplesEvaluate, deploy, and operationalize your custom models with bias detection and pipeline monitoringBook DescriptionFoundation models have forever changed machine learning. From BERT to ChatGPT, CLIP to Stable Diffusion, when billions of parameters are combined with large datasets and hundreds to thousands of GPUs, the result is nothing short of record-breaking. The recommendations, advice, and code samples in this book will help you pretrain and fine-tune your own foundation models from scratch on AWS and Amazon SageMaker, while applying them to hundreds of use cases across your organization. With advice from seasoned AWS and machine learning expert Emily Webber, this book helps you learn everything you need to go from project ideation to dataset preparation, training, evaluation, and deployment for large language, vision, and multimodal models. With step-by-step explanations of essential concepts and practical examples, you’ll go from mastering the concept of pretraining to preparing your dataset and model, configuring your environment, training, fine-tuning, evaluating, deploying, and optimizing your foundation models. You will learn how to apply the scaling laws to distributing your model and dataset over multiple GPUs, remove bias, achieve high throughput, and build deployment pipelines. By the end of this book, you’ll be well equipped to embark on your own project to pretrain and fine-tune the foundation models of the future.What you will learnFind the right use cases and datasets for pretraining and fine-tuningPrepare for large-scale training with custom accelerators and GPUsConfigure environments on AWS and SageMaker to maximize performanceSelect hyperparameters based on your model and constraintsDistribute your model and dataset using many types of parallelismAvoid pitfalls with job restarts, intermittent health checks, and moreEvaluate your model with quantitative and qualitative insightsDeploy your models with runtime improvements and monitoring pipelinesWho this book is forIf you’re a machine learning researcher or enthusiast who wants to start a foundation modelling project, this book is for you. Applied scientists, data scientists, machine learning engineers, solution architects, product managers, and students will all benefit from this book. Intermediate Python is a must, along with introductory concepts of cloud computing. A strong understanding of deep learning fundamentals is needed, while advanced topics will be explained. The content covers advanced machine learning and cloud techniques, explaining them in an actionable, easy-to-understand way.",ieee,llm,0.990,unreviewed,,hash:36805e44de330071
discarded,Godot 4 for Beginners: Develop engaging 2D and 3D games with Godot 4's scripting and design features,Robert Henning; Sander Vanhove,2025,Godot 4 for Beginners: Develop engaging 2D and 3D games with Godot 4's scripting and design features,,https://ieeexplore.ieee.org/document/11244345/,adjacent-subtopic,"Kickstart your game development journey with Godot 4 and create your own indie games from scratch in this part-color guideKey FeaturesImplement custom scripts to control game logic and interactionsLearn coding, design, and game mechanics tailored for beginners in 2D and 3DBuild and release your own indie games, from concept to publicationPurchase of the print or Kindle book includes a free PDF eBookBook DescriptionJumping into Godot 4 as a beginner can be overwhelming. You’re wrestling with a new interface, trying to wrap your head around how nodes and scenes work, and learning GDScript all at once. After years of teaching game development and creating YouTube tutorials, Robert Henning knows exactly where you’re likely to have those “wait, what?” moments. He’s built this guide to systematically address those challenges head-on, breaking down complex concepts into digestible steps. You’ll start by setting up Godot 4 and understanding its interface and tools. Then, you’ll dive into nodes and scenes, Godot’s way of organizing everything, which sounds intimidating but is actually quite intuitive. From there, you’ll explore both 2D and 3D game creation, adding key elements such as players, enemies, collectibles, and lighting effects that make your game pop visually. You’ll also get hands-on with Godot’s scripting language, GDScript, to bring your game ideas to life. By the end of this Godot 4 book, you’ll have the skills to build complete 2D and 3D games from scratch, covering everything from level design and game state management to score tracking and more. Whether you’re just getting started or are ready to level up, this book will help you turn your ideas into fully playable games.What you will learnNavigate and master the Godot 4 interface effectivelyUtilize nodes and scenes for structured game developmentCreate dynamic 2D and immersive 3D game environmentsManipulate lighting to enhance game visualsScript game mechanics using GDScriptImplement key elements such as players, enemies, and collectiblesDesign engaging levels and manage game statesWho this book is forThis book is for anyone who is new to game development or wants to explore the powerful Godot engine. Whether you're an aspiring game developer, an indie creator, a student, or an artist, this book will provide you with a solid foundation. Basic computer skills, including installing and running software and navigating the operating system, are required. While a rudimentary understanding of programming concepts such as variables, loops, and conditional statements can be helpful, it is not essential, as all necessary programming basics are thoroughly explained in the book.",ieee,llm,0.900,unreviewed,,hash:e415487f5a436652
discarded,Use of XR Technologies for the Assessment and Training of Leadership Skills,Elena Parra; Mariano Alca&#xf1;iz; Cristina Giglio; Irene Alice Chicchi Giglioli,2022,Roadmapping Extended Reality: Fundamentals and Applications,10.1002/9781119865810.ch14,https://ieeexplore.ieee.org/document/10951948/,off-topic-false-hit,"Summary <p>Currently, in the context of leadership, there is an important compromise between training activities and evaluation methods with training focused on the skills of the 21st century (such as tenacity, resilience, social empathy, and creative problem‐solving) while the evaluation continues to focus on 20th‐century methodologies. As regards leadership training and assessment methods, they could be optimized using methodologies and techniques from organisational neuroscience (ON), which uses implicit measures of brain activity to gain a better understanding of the disciplines of organizing behavior and human resource management. One of the challenges of the ON is how to create complex social situations in controlled laboratory conditions that produce ecological organizational behaviors. One way is to use digital learning environments to reproduce problems that can occur in performance‐based assessments. Extended reality technology (XR) scenarios can offer significant assessment playgrounds, providing students with situations that require the application of various skills. XR is increasingly used to reproduce natural events and social interaction. The advantage of XR is that it offers interactive, sensory, and multimodal stimuli. In this chapter, we will examine the latest developments in XR technology and organizational sciences. In it, we emphasize that XR is a very important tool for leadership research in particular to assess and train complex skills. This can create a new conceptualization of leadership biomarkers, called extended reality‐based behavioral biomarkers (XRBBs), which can be obtained for the evaluation of leadership skills using a neuroscientific organizational paradigm based on implicit brain processes measured through psychophysiological signals and the behavior of subjects exposed to complex social conditions replication using virtual reality interfaces.</p>",ieee,llm,0.990,unreviewed,,doi:10.1002/9781119865810.ch14
discarded,Membership and Property Inference Attacks on text Data in Transfer Learning,Zhiqian Jiang,2026,2026 4th International Conference on Big Data and Privacy Computing (BDPC),10.1109/BDPC69980.2026.11608215,https://ieeexplore.ieee.org/document/11608215/,off-topic-false-hit,"In recent years, with the rapid development of machine learning technologies and significant improvements in computer hardware performance, deep learning has experienced rapid growth and has been widely applied across almost all fields, including healthcare, finance, education, and biology. With the widespread adoption of artificial intelligence technologies, a series of issues inevitably arise, especially in the area of AI privacy and security. Drawing from the concept of unlearning, it is known that large models tend to ""memorize"" part of the information from the training data, or learn the distribution of global attributes. Attackers can exploit this to carry out property inference attacks and membership inference attacks (MIAs). In addition, although large models represent an advanced and efficient technology, the costs of time and resources often make it impractical to train a model from scratch for each specific task. Today, a common practice is to use transfer learning. Therefore, it is essential to conduct in-depth research on property inference attacks and membership inference attacks in the context of transfer learning.Natural language processing is an important branch of artificial intelligence. However, existing research on membership inference attacks and property inference attacks has paid relatively little attention to textual data. To address this gap, this paper shifts the focus of inference attacks to textual data.",ieee,llm,1.000,unreviewed,,doi:10.1109/bdpc69980.2026.11608215
discarded,Physical and Digital Twin with Computational Thinking to Foster STEM Vocations in Primary Education,Xavier Pi I Palomés; Joan Verdaguer-Codina; Pau Fonseca I Casas; José Luis Rubiés-Viera,2024,2024 IEEE Global Engineering Education Conference (EDUCON),10.1109/EDUCON60312.2024.10578918,https://ieeexplore.ieee.org/document/10578918/,adjacent-subtopic,"This work aims to explore the application of the physical and digital twin pair as a computational thinking instrument to support learning and exercise proportional reasoning at the ages at which pursuing STEM studies is decided. Diverse studies reveal that the initial decision about the vocation in studies is made towards the end of the primary education stage, also from 8–9 years old. The Digital Transformation Commission of the Engineering Associations of Catalonia is concerned about the low number of young people who decide to pursue STEM studies. STEM explorations in early childhood lay the foundation for lifelong learning. In addition, from age 5, children informally begin to practice proportional reasoning, and in the third year of primary school (8–9 years old), the subject is formally introduced into the Primary Education curriculum. The notion of proportionality is very transversal, and it is one of the fundamental concepts of the STEM field. The consequences of an incomplete understanding of it directly or indirectly affect the attitude of subjects toward mathematics and the STEM world. With the emergence of Industry 4.0, the digital twin concept is becoming one of the central instruments of Digital Transformation. In this paper, we propose using computational thinking to help the understanding of proportional thinking using a physical and digital twin pair. In 2022, computational thinking was introduced into the Spanish and Catalan educational system's early childhood, primary, and secondary education curricula. It includes programming with block languages such as Scratch or Snap!. A digital twin of the system has also been implemented in Snap!. Through the collaboration of a primary school, a workshop has been prepared in which they exercise the concepts of proportional reasoning, such as ratio, proportion, scale, or percentage. The approach followed has consisted of developing a physical system of a floating ball, controlling the electric motor's power with an electronic system based on low-cost elements from the maker world. We have designed a very easy-to-use system for any teacher, and its open-source nature ensures its transparency and documentation. The foam ball rises and remains floating at a height determined by the power supplied to the motor. The control of the system is carried out with Snap!. It will be assumed that the engine revolutions are proportional to the power setpoint. The physical system generates a high level of expectation and attention in the students, facilitating the process of its abstraction. The range of options of the developed system allows experimenting with the actual system and a schematic digital twin with sound effects. In all cases, the same computational thinking tools have been used to exercise the concepts and powerful ideas of proportional reasoning. At the end of the workshop, the understanding of the concepts exercised and the assessment of their personal experience were evaluated. This gave us helpful information to motivate students of these ages and below to maintain their STEM vocation.",ieee,llm,0.940,unreviewed,,doi:10.1109/educon60312.2024.10578918
discarded,LESSONS LEARNED FROM STARTING AN SAE BAJA PROGRAM IN A SMALL LIBERAL ARTS COLLEGE,"Che, David; Clark, David Allen; Shaw, David W.; Gidley, James S.",2012,2012 ASEE ANNUAL CONFERENCE,,https://www.webofscience.com/api/gateway?GWVersion=2&SrcApp=scholar-cli-kth&SrcAuth=WosAPI&KeyUT=WOS:000380252704052&DestLinkType=FullRecord&DestApp=WOS_CPL,off-topic-false-hit,,wos,llm,1.000,unreviewed,,hash:50a748f26bf998ae
discarded,Block-based Realtime Big-Data Processing for Smart Cities,"Bonino, Dario; Rizzo, Federico; Pastrone, Claudio; Soto, Jose Angel Carvajal; Ahlsen, Matts; Axling, Mathias",2016,IEEE SECOND INTERNATIONAL SMART CITIES CONFERENCE (ISC2 2016),,https://www.webofscience.com/api/gateway?GWVersion=2&SrcApp=scholar-cli-kth&SrcAuth=WosAPI&KeyUT=WOS:000392263700037&DestLinkType=FullRecord&DestApp=WOS_CPL,adjacent-subtopic,,wos,llm,0.910,unreviewed,,hash:01f1e25d02a0f7ef
discarded,Coupling Bits and Atoms: An Attempt to Bridge the Gap Between Cyberspace and the Physical Environment by Making Digital Information Tangible Alice in Wonderland through Tangible Interfaces & Cultural Computing,"Lastovicka-Medin, Gordana",2018,2018 7TH MEDITERRANEAN CONFERENCE ON EMBEDDED COMPUTING (MECO),,https://www.webofscience.com/api/gateway?GWVersion=2&SrcApp=scholar-cli-kth&SrcAuth=WosAPI&KeyUT=WOS:000644432200024&DestLinkType=FullRecord&DestApp=WOS_CPL,off-topic-false-hit,,wos,llm,0.970,unreviewed,,hash:ed66d68325570b63
discarded,INSPIRING DISENGAGED ADOLESCENTS TO ENGAGE WITH TECHNOLOGY USING MIT APP INVENTOR,"Flynn, S.; White, S.; Asinobi, O.; Black, M.; Moore, A.",2017,"10TH INTERNATIONAL CONFERENCE OF EDUCATION, RESEARCH AND INNOVATION (ICERI2017)",,https://www.webofscience.com/api/gateway?GWVersion=2&SrcApp=scholar-cli-kth&SrcAuth=WosAPI&KeyUT=WOS:000429975306073&DestLinkType=FullRecord&DestApp=WOS_CPL,"qualifies-claim; adjacent-subtopic; tool or course description, no finding on learning event-driven programming or functions as values",,wos,llm_reviewed,0.710,changed,kept->discarded,hash:c547949c19908c1d
discarded,A Game Battle Platform based on Web-API for Artificial Intelligence Education,"Han, Xiaofei; Zou, Junwei; Ren, Wei; Sun, Yan",2020,"2020 16TH INTERNATIONAL WIRELESS COMMUNICATIONS & MOBILE COMPUTING CONFERENCE, IWCMC",,https://www.webofscience.com/api/gateway?GWVersion=2&SrcApp=scholar-cli-kth&SrcAuth=WosAPI&KeyUT=WOS:001058923200321&DestLinkType=FullRecord&DestApp=WOS_CPL,adjacent-subtopic,,wos,llm,0.940,unreviewed,,hash:709da74580a2a5e5
discarded,Unlocking friendships: The immediate post-adoption human-cat relationship and the relevance of cat personality,"Travnik, Isadora de Castro; Teixeira, Vitor Gonsalves; Sant'Anna, Aline Cristina; Molento, Carla Forte Maiolino",2024,JOURNAL OF VETERINARY BEHAVIOR-CLINICAL APPLICATIONS AND RESEARCH,10.1016/j.jveb.2024.06.003,https://www.webofscience.com/api/gateway?GWVersion=2&SrcApp=scholar-cli-kth&SrcAuth=WosAPI&KeyUT=WOS:001284485300001&DestLinkType=FullRecord&DestApp=WOS_CPL,off-topic-false-hit,,wos,llm,1.000,unreviewed,,doi:10.1016/j.jveb.2024.06.003
discarded,Bridging the Gap: Fostering Practical Experience and Industry Impact in Engineering Education,M.S. Diagarajan,2026,Journal of University Teaching and Learning Practice,10.53761/w2ypks73,https://www.scopus.com/inward/record.uri?partnerID=HzOxMe3b&scp=105047811641&origin=inward,off-topic-false-hit,,scopus,llm,0.970,unreviewed,,doi:10.53761/w2ypks73
discarded,A Block-Based Educational Tool for Novice Understanding of State Machine Representation,N. Takasu,2025,Proceedings Asia Pacific Software Engineering Conference APSEC,10.1109/APSEC66846.2025.00118,https://www.scopus.com/inward/record.uri?partnerID=HzOxMe3b&scp=105035144987&origin=inward,adjacent-subtopic,,scopus,llm,0.710,unreviewed,,doi:10.1109/apsec66846.2025.00118
discarded,SPACE GURION EMPOWERING THE NEXT GENERATION: A STUDENT-LED APPROACH TO SPACE WORKFORCE DEVELOPMENT,B. Haimoff,2025,Proceedings of the International Astronautical Congress Iac,10.52202/083097-0132,https://www.scopus.com/inward/record.uri?partnerID=HzOxMe3b&scp=105036323310&origin=inward,off-topic-false-hit,,scopus,llm,0.990,unreviewed,,doi:10.52202/083097-0132
discarded,Resistant architecture for bushfire zones,D.A. Barnstone,2025,Urban Energy Transition Cities and Regions for A Stable Climate,10.1016/B978-0-323-99437-8.00008-8,https://www.scopus.com/inward/record.uri?partnerID=HzOxMe3b&scp=105029197443&origin=inward,off-topic-false-hit,,scopus,llm,1.000,unreviewed,,doi:10.1016/b978-0-323-99437-8.00008-8
discarded,A Testing Extension for Scratch,H.D. Nurue,2024,Proceedings of the 2024 ACM Southeast Conference Acmse 2024,10.1145/3603287.3651217,https://www.scopus.com/inward/record.uri?partnerID=HzOxMe3b&scp=85192575346&origin=inward,adjacent-subtopic,,scopus,llm,0.850,unreviewed,,doi:10.1145/3603287.3651217
discarded,Researching School Engagement of Aboriginal Students and their Families from Regional and Remote Areas Project: Yipirinya School Case Study,C. Holmes,2024,Australian and International Journal of Rural Education,10.47381/aijre.v34i1.730,https://www.scopus.com/inward/record.uri?partnerID=HzOxMe3b&scp=85188417035&origin=inward,off-topic-false-hit,,scopus,llm,1.000,unreviewed,,doi:10.47381/aijre.v34i1.730
discarded,Empowering Studio Design Pedagogy Through Extended Reality Environment,N. Lee,2024,Gcce 2024 2024 IEEE 13th Global Conference on Consumer Electronics,10.1109/GCCE62371.2024.10760845,https://www.scopus.com/inward/record.uri?partnerID=HzOxMe3b&scp=85213325163&origin=inward,off-topic-false-hit,,scopus,llm,0.990,unreviewed,,doi:10.1109/gcce62371.2024.10760845
discarded,"Correction to: Artificial Intelligence and Learning Analytics in Teacher Education: A Systematic Review (Education Sciences, (2022), 12, 8, (569), 10.3390/educsci12080569)",S.Z. Salas-Pilco,2023,Education Sciences,10.3390/educsci13090897,https://www.scopus.com/inward/record.uri?partnerID=HzOxMe3b&scp=85172161101&origin=inward,adjacent-subtopic,,scopus,llm,0.990,unreviewed,,doi:10.3390/educsci13090897
discarded,Impact of long-term administration of maralixibat on children with cholestasis secondary to Alagille syndrome,B.L. Shneider,2022,Hepatology Communications,10.1002/hep4.1992,https://www.scopus.com/inward/record.uri?partnerID=HzOxMe3b&scp=85129743910&origin=inward,off-topic-false-hit,,scopus,llm,0.990,unreviewed,,doi:10.1002/hep4.1992
discarded,Low-Friction Transition from Blocks to Python,D. Jean,2022,Proceedings of International Conference of the Learning Sciences Icls,,https://www.scopus.com/inward/record.uri?partnerID=HzOxMe3b&scp=85145436655&origin=inward,adjacent-subtopic,,scopus,llm,0.720,unreviewed,,hash:c7c4d0fb20fa1f5c
discarded,Including Alice: Uncovering the Narrative of One Student's Experience at the Intersection of International Student Status and Mental Health,M.B. Kali,2021,Conecd 2021,,https://www.scopus.com/inward/record.uri?partnerID=HzOxMe3b&scp=85125183956&origin=inward,off-topic-false-hit,,scopus,llm,0.990,unreviewed,,hash:5877e90c589d8425
discarded,SENECA: An attention support tool for context-related content learning,A.A. Citarella,2021,Proceedings Dmsviva 2021 27th International Dms Conference on Visualization and Visual Languages,10.18293/DMSVIVA2021-006,https://www.scopus.com/inward/record.uri?partnerID=HzOxMe3b&scp=85112738393&origin=inward,adjacent-subtopic,,scopus,llm,0.870,unreviewed,,doi:10.18293/dmsviva2021-006
