status,title,authors,year,venue,doi,url,tags,abstract,provider,decision_source,llm_confidence,llm_review_outcome,llm_change_direction,paper_id
discarded,medspacyV: a graphical user interface for the open source medspaCy natural language processing package,"Velamala, Bharath; Pour, Elham Sagheb Hossein; Lin, Michael; Fan, Jungwei Wilfred",2025,JAMIA OPEN,10.1093/jamiaopen/ooaf094,https://www.webofscience.com/wos/woscc/full-record/WOS:001555275700001,adjacent-subtopic,"Objectives To enable users with modest technical background to perform biomedical natural language processing (NLP).Materials and Methods We developed medspacyV using the Python graphical programming tkinter library, following the model-view-controller (MVC) design pattern. The interface wraps around a rule-based pipeline for sentence splitting, section segmentation, concept identification, and negation detection.Results The primary window allows the user to configure the project and NLP rules, execute the pipeline, and save the outputs into a table. A separate annotation viewer window can be launched to inspect the immediate or previous NLP outputs.Discussion We developed medspacyV with three rationales: controllability, explainability, and economy. The rule-based approach is sufficient for many NLP use cases.Conclusion The medspacyV program is publicly available at https://github.com/medspacy/medspacyV, targeting use by healthcare professionals and researchers in their NLP projects.

We created a computer program medspacyV to help people with basic technical skills use biomedical natural language processing (NLP). We focused on making it easy to access, use, and understand. It is designed for healthcare professionals and researchers to do their NLP projects. The medspacyV was developed using Python. The program follows a design pattern that separates the interface from the logic so that it can be easily maintained. The NLP process uses a set of rules to break down sentences, identify sections, find specific concepts, and detect negations. When using the computer program, the main window lets users set up their projects and rules, run the NLP process, and save the results into a table. There is also a separate window for visualizing the outputs. medspacyV is free to use and can be found at https://github.com/medspacy/medspacyV.",wos,llm,0.960,unreviewed,,doi:10.1093/jamiaopen/ooaf094
kept,A Study of Cockpit HMI Simulation Design Based on the Concept of MVC Design Pattern,"Liu, Zheng; Li, Fei; Liu, Hongtao; Wu, Chunze; Zhang, Jingjin",2018,"PROCEEDINGS OF THE 2018 3RD INTERNATIONAL CONFERENCE ON MODELLING, SIMULATION AND APPLIED MATHEMATICS (MSAM 2018)",,https://www.webofscience.com/wos/woscc/full-record/WOS:000455077200019,supports-claim,"A human-machine interaction (HMI) simulation design method for the aircraft flight deck has been introduced, including modular user interface design, logical dependency between display unit and control panel, and general aircraft model. Model-View-Controller (MVC) design pattern is a classic software architecture, which plays an important role in the interactive user interface design. This design pattern is to achieve the goal of decoupling the logic dependency and system model. The cockpit HMI design based on MVC design pattern has the features of convenient modification, modular design and strong portability. The design method has been applied in the prototype of autopilot system in the civil aircraft cockpit.",wos,llm,0.850,unreviewed,,hash:a5cbbc63fea0440f
kept,User Interface,"Kristensen, Terje",2016,"COMPUTATIONAL INTELLIGENCE, EVOLUTIONARY COMPUTING AND EVOLUTIONARY CLUSTERING ALGORITHMS",,https://www.webofscience.com/wos/woscc/full-record/WOS:000640233800008,supports-claim,The chapter gives an introduction to the architecture based on Model-View Controller (MVC) patterns. Such an architecture separates the user interface from the business logic. The MVC enables us to divide the system into three components. The user provides the parameter values. When an algorithm is terminated the results may be shown graphically.,wos,llm,0.910,unreviewed,,hash:6c2c1ad906acc15a
discarded,An MVC-based Intelligent Document Model Using UIML,"Shi, Yunmei; Liu, Xuhong; Li, Ning; Hou, Xia",2015,INFORMATION,10.3390/info6020122,https://www.webofscience.com/wos/woscc/full-record/WOS:000214818200002,adjacent-subtopic,"Aiming at the common problems of intelligent document platform-dependency, this paper proposes an MVC-based (Model View Controller-based) intelligent document model using UIML (User Interface Markup Language). The model is made on the basis of the previous work of our team, and the difference is that the new model separates user interface and interaction descriptions from the view component to make the intelligent document model much more independent of platform and programming language. To verify the intelligent document model, we implemented a prototype, which can support intelligent operations. The test result shows that our approach is correct. The model not only follows MVC framework, but also provides good flexibility and independence.",wos,llm,0.750,unreviewed,,doi:10.3390/info6020122
discarded,Applying MVC Data Model on Hadoop for Delivering the Business Intelligence,"Romsaiyud, Walisa",2014,2014 12TH INTERNATIONAL CONFERENCE ON ICT AND KNOWLEDGE ENGINEERING (ICT AND KNOWLEDGE ENGINEERING),,https://www.webofscience.com/wos/woscc/full-record/WOS:000412225800015,adjacent-subtopic,"Model-View-Controller (MVC) pattern is very useful and popular design pattern that separates the modeling of the domain, the presentation, and the actions based on user input into three separate classes. The model acts as the domain that software is built around, the view as the visual representation of a model. It is usually the resulting markup that the framework renders to the browser and the controller responsible for processing input, acting upon the model, and deciding on what action should be performed, such as rendering a view or redirecting to another page for supporting a business models. Hadoop MapReduce paradigm applied for collected the several datasets for generating the large volume of data in batch processing. In this paper enhanced the Hadoop MapReduce for processing large scale and different data set across platform with MVC pattern. In general, the system consists of five mainly methods: 1.) Collected data sources from different platforms such as the registrar system, web mail, web blogs, news and the English Wikipedia that are included in the data file system at local system, 2.) Generate the data into a map slot from input format, 3.) calculate the jobs from the business logic, 4.) Create a data model based on data entity framework, and 5.) Display an user interface for supporting the business interfaces.",wos,llm,0.900,unreviewed,,hash:4655993a5ba4e0ec
kept,A new architecture model for groupware,"Maddeh, M.; Mankai, Chafia",2005,Proceedings of the IASTED International Conference on Human-Computer Interaction,,https://www.webofscience.com/wos/woscc/full-record/WOS:000239787600024,supports-claim,"Recent advancements in computer science and communication technologies have stirred up the use of computers. Computer-Supported Cooperative work (CSCW) is one of the system' applications which have gained increased usage and visibility. The separation of the user interface from the functional core constitutes one of the objectives of CSCW research. This is why architectural modelling is becoming a central issue for large and complex systems. This paper reports our research on software architecture modelling multi-user systems (or groupware). We propose a new software architecture model, Collaborative-Model-View-Controller C-MVC (C-MVC) for the development of interactive systems. Our model stems from a combination of the MVC model, the layer approach of Dewan's generic architecture and the functional separation of Ellis's model. We also illustrate how C-MVC easies the application of design patterns.",wos,llm,0.900,unreviewed,,hash:4cd6b031b96e3f04
kept,Bringing usability concerns to the design of software architecture,"John, BE; Bass, L; Sanchez-Segura, MI; Adams, RJ",2005,ENGINEERING HUMAN COMPUTER INTERACTION AND INTERACTIVE SYSTEMS,,https://www.webofscience.com/wos/woscc/full-record/WOS:000230858700001,supports-claim; qualifies-claim; etablering,"Software architects have techniques to deal with many quality attributes such as performance, reliability, and maintainability. Usability, however, has traditionally been concerned primarily with presentation and not been a concern of software architects beyond separating the user interface from the remainder of the application. In this paper, we introduce usability-supporting architectural patterns. Each pattern describes a usability concern that is not supported by separation alone. For each concern, a usability-supporting architectural pattern provides the forces from the characteristics of the task and environment, the human, and the state of the software to motivate an implementation independent solution cast in terms of the responsibilities that must be fulfilled to satisfy the forces. Furthermore, each pattern includes a sample solution implemented in the context of an overriding separation based pattern such as J2EE Model View Controller.",wos,llm_reviewed,0.960,confirmed,,hash:076550845929ae28
kept,Usability-supporting architectural patterns,"Bass, L; John, BE; Juristo, N; Sanchez-Segura, MI",2004,"ICSE 2004: 26TH INTERNATIONAL CONFERENCE ON SOFTWARE ENGINEERING, PROCEEDINGS",,https://www.webofscience.com/wos/woscc/full-record/WOS:000222241200093,supports-claim; qualifies-claim; etablering,"Software architects have techniques to deal with many quality attributes such as performance, reliability, and maintainability. Usability, however, has traditionally been concerned primarily with presentation and not been a concern of software architects beyond separating the user interface from the remainder of the application.

In this tutorial, we present usability-supporting architectural patterns. Each pattern describes a usability concern that is not supported by separation alone. For each concern, a usability-supporting architectural pattern provides the forces from the characteristics of the task and environment, the human, and the state of the software to motivate an implementation independent solution cast in terms of the responsibilities that must be fulfilled to satisfy the forces. Furthermore, each pattern includes a sample solution implemented in the context of an overriding separation based pattern such as J2EE Model View Controller.",wos,llm_reviewed,0.960,confirmed,,hash:7c5b2b85816e63a2
discarded,A method for smart graphics in the Web,"Mahler, TD; Fiedler, SA; Weber, M",2004,"SMART GRAPHICS, PROCEEDINGS",,https://www.webofscience.com/wos/woscc/full-record/WOS:000221907300016,adjacent-subtopic,"Shifting the attention from simple static depicting to dynamical generation of visualizations smart graphics can be seen as the next step in the evolution of presentation techniques. A new field of interest for these techniques is the Web which arises the question of how to adopt this new pattern. Based on the Model-View-Controller (MVC) paradigm we developed a generic architecture that allows for user interaction, component separation, adaptivity to environment and user needs and dynamic presentations. By introducing a client side presentational logic component the graphic evolves from a simple presentation to an intelligent visualization that valuates data and presents only the result relevant to the user. We consequently introduce the possibility of completely changing the whole presentation including the user interface by adaptation of the valuation basis. Because this is done by the graphic autonomously the server does not have to be contacted. In order to demonstrate our proposed conceptual approach, we implemented a prototype system by using the techniques available in a Web context.",wos,llm,0.820,unreviewed,,hash:79ee85fe2608efe8
discarded,Identified association:: A pattern for efficient link traversal in real-time GUI's,"García, JD; Carretero, J; Pérez, JM",2003,"CCCT 2003, VOL 1, PROCEEDINGS",,https://www.webofscience.com/wos/woscc/full-record/WOS:000189124500059,adjacent-subtopic,"Graphical user interfaces for real-time systems usually need to give a high performance and, at the same time, they need to allow a high degree of flexibility. In the implementation of such systems a three layer design is a common approach. When classes in different layers need to be related through an association relationship a solution that allows components decoupling and efficiente navigation is needed. In this paper a analyze different solutions and we propose a design pattern which solves the problem. We evaluate the performance of our solution aginst the other solutions presented.",wos,llm,0.840,unreviewed,,hash:b5ecd099df231334
discarded,formal MVC: A Pattern for the Integration of ASM Specifications in UI Development,A. Bombarda,2023,Lecture Notes in Computer Science Including Subseries Lecture Notes in Artificial Intelligence and Lecture Notes in Bioinformatics,10.1007/978-3-031-33163-3_25,https://www.scopus.com/inward/record.uri?partnerID=HzOxMe3b&scp=85161218374&origin=inward,adjacent-subtopic,,scopus,llm,0.680,unreviewed,,doi:10.1007/978-3-031-33163-3_25
discarded,Web Service for Assessing Aircraft Risks in Integrated Logistical Support,V.N. Evdokimenkov,2022,Russian Engineering Research,10.3103/S1068798X22090088,https://www.scopus.com/inward/record.uri?partnerID=HzOxMe3b&scp=85139766639&origin=inward,off-topic-false-hit,,scopus,llm,0.970,unreviewed,,doi:10.3103/s1068798x22090088
kept,MVCLang: A software modeling language for the model-View-Controller design pattern,M. Ozkaya,2020,Icsoft 2020 Proceedings of the 15th International Conference on Software Technologies,,https://www.scopus.com/inward/record.uri?partnerID=HzOxMe3b&scp=85091793741&origin=inward,supports-claim,,scopus,llm,0.720,unreviewed,,hash:9567436702751768
discarded,Web-model of distributed real-time information system,A.T. Jawad,2018,International Journal of Civil Engineering and Technology,,https://www.scopus.com/inward/record.uri?partnerID=HzOxMe3b&scp=85049238408&origin=inward,adjacent-subtopic,,scopus,llm,0.830,unreviewed,,hash:170688f007dd7d9b
discarded,Analysis and implementation of ASP.Net and PHP frameworks based on MVC Architecture,X. Liu,2013,Advanced Materials Research,10.4028/www.scientific.net/AMR.798-799.749,https://www.scopus.com/inward/record.uri?partnerID=HzOxMe3b&scp=84886289775&origin=inward,adjacent-subtopic,,scopus,llm,0.680,unreviewed,,doi:10.4028/www.scientific.net/amr.798-799.749
discarded,Surgical model-view-controller simulation software framework for local and collaborative applications,A. MacIel,2011,International Journal of Computer Assisted Radiology and Surgery,10.1007/s11548-010-0527-3,https://www.scopus.com/inward/record.uri?partnerID=HzOxMe3b&scp=79960556402&origin=inward,adjacent-subtopic,,scopus,llm,0.810,unreviewed,,doi:10.1007/s11548-010-0527-3
kept,Separating semantics from rendering: A scene graph based architecture for graphics applications,R.F. Tobler,2011,Visual Computer,10.1007/s00371-011-0572-0,https://www.scopus.com/inward/record.uri?partnerID=HzOxMe3b&scp=85027933899&origin=inward,supports-claim,,scopus,llm,0.880,unreviewed,,doi:10.1007/s00371-011-0572-0
discarded,"Model-driven development of Web applications with UWA, MVC and JavaServer faces",D. Distante,2007,Lecture Notes in Computer Science Including Subseries Lecture Notes in Artificial Intelligence and Lecture Notes in Bioinformatics,10.1007/978-3-540-73597-7_38,https://www.scopus.com/inward/record.uri?partnerID=HzOxMe3b&scp=38149055832&origin=inward,adjacent-subtopic,,scopus,llm,0.770,unreviewed,,doi:10.1007/978-3-540-73597-7_38
discarded,XM-flow: An extensible micro-flow for multimodal interaction,L. Li,2006,2006 IEEE 8th Workshop on Multimedia Signal Processing Mmsp 2006,10.1109/MMSP.2006.285359,https://www.scopus.com/inward/record.uri?partnerID=HzOxMe3b&scp=34250762572&origin=inward,adjacent-subtopic,,scopus,llm,0.740,unreviewed,,doi:10.1109/mmsp.2006.285359
kept,Bringing usability concerns to the design of software architecture,B.E. John,2005,Lecture Notes in Computer Science,10.1007/11431879_1,https://www.scopus.com/inward/record.uri?partnerID=HzOxMe3b&scp=24344508636&origin=inward,supports-claim; qualifies-claim; etablering,,scopus,llm_reviewed,0.890,confirmed,,doi:10.1007/11431879_1
kept,Usability-supporting architectural patterns,L. Bass,2004,Proceedings International Conference on Software Engineering,,https://www.scopus.com/inward/record.uri?partnerID=HzOxMe3b&scp=4544282603&origin=inward,supports-claim; qualifies-claim; etablering,,scopus,llm_reviewed,0.910,confirmed,,hash:aa75f29d038397aa
kept,Comparison of JavaServer Pages and XSLT: A software engineering perspective,J. Dunkel,2004,Software Practice and Experience,10.1002/spe.555,https://www.scopus.com/inward/record.uri?partnerID=HzOxMe3b&scp=0345869660&origin=inward,supports-claim,,scopus,llm,0.720,unreviewed,,doi:10.1002/spe.555
discarded,A method for smart graphics in the web,T.D. Mahler,2004,Lecture Notes in Computer Science Including Subseries Lecture Notes in Artificial Intelligence and Lecture Notes in Bioinformatics,10.1007/978-3-540-24678-7_16,https://www.scopus.com/inward/record.uri?partnerID=HzOxMe3b&scp=35048855092&origin=inward,adjacent-subtopic,,scopus,llm,0.750,unreviewed,,doi:10.1007/978-3-540-24678-7_16
discarded,"A flexible framework for engineering ""my"" portals",F. Bellas,2004,Thirteenth International World Wide Web Conference Proceedings Www2004,10.1145/988672.988704,https://www.scopus.com/inward/record.uri?partnerID=HzOxMe3b&scp=19944419492&origin=inward,adjacent-subtopic,,scopus,llm,0.790,unreviewed,,doi:10.1145/988672.988704
discarded,Model-View-Controller and Object Teams: A Perfect Match of Paradigms,M. Veit,2003,2nd International Conference on Aspect Oriented Software Development,,https://www.scopus.com/inward/record.uri?partnerID=HzOxMe3b&scp=0141650604&origin=inward,adjacent-subtopic,,scopus,llm,0.770,unreviewed,,hash:2a63929cc134d0ee
kept,Naked objects,R. Pawson,2002,IEEE Software,10.1109/MS.2002.1020291,https://www.scopus.com/inward/record.uri?partnerID=HzOxMe3b&scp=0036640855&origin=inward,supports-claim; qualifies-claim,,scopus,llm,0.760,unreviewed,,doi:10.1109/ms.2002.1020291
discarded,Design and implementation of an MVC-based architecture for E-commerce applications,E. Althammer,2001,International Journal of Computers and Applications,10.1080/1206212X.2001.11441649,https://www.scopus.com/inward/record.uri?partnerID=HzOxMe3b&scp=0034782290&origin=inward,adjacent-subtopic,,scopus,llm,0.730,unreviewed,,doi:10.1080/1206212x.2001.11441649
discarded,A Java-based method for developing Web application system,L. Chunlin,1998,5th Asia Pacific Conference Communications and 4th Optoloelectronics Communications Conference the Conference Vitality to New Century Apcc Oecc 1999,10.1109/APCC.1999.820450,https://www.scopus.com/inward/record.uri?partnerID=HzOxMe3b&scp=84896532679&origin=inward,adjacent-subtopic,,scopus,llm,0.820,unreviewed,,doi:10.1109/apcc.1999.820450
discarded,Metalevel database programming and visualization with POETview,M. Neugebauer,1996,Lecture Notes in Computer Science Including Subseries Lecture Notes in Artificial Intelligence and Lecture Notes in Bioinformatics,10.1007/3-540-62221-7_11,https://www.scopus.com/inward/record.uri?partnerID=HzOxMe3b&scp=84956971146&origin=inward,adjacent-subtopic,,scopus,llm,0.840,unreviewed,,doi:10.1007/3-540-62221-7_11
discarded,Task Modelling for Context-Sensitive User Interfaces,Costin Pribeanu; Quentin Limbourg; Jean M. Vanderdonckt,2001,Lecture notes in computer science,10.1007/3-540-45522-1_4,https://openalex.org/W1489781469,adjacent-subtopic,,openalex,llm,0.760,unreviewed,,doi:10.1007/3-540-45522-1_4
discarded,Formal Models for Informal GUI Designs,Judy Bowen; Steve Reeves,2007,Electronic Notes in Theoretical Computer Science,10.1016/j.entcs.2007.01.061,https://openalex.org/W2093775653,adjacent-subtopic,"Many different methods exist for the design and implementation of software systems. These methods may be fully formal, such as the use of formal specification languages and refinement processes, or they may be totally informal, such as jotting design ideas down on paper prior to coding, or they may be somewhere in between these two extremes. Formal methods are naturally suited to underlying system behaviour while user-centred approaches to user interface design fit comfortably with more informal approaches. The challenge is to find ways of integrating user-centred design methods with formal methods so that the benefits of both are fully realised. This paper presents a way of capturing the intentions behind informal design artefacts within a formal environment and then shows several applications of this approach.",openalex,llm,0.750,unreviewed,,doi:10.1016/j.entcs.2007.01.061
discarded,"The MESSAGE Integrated Assessment Model and the ix modeling platform (ixmp): An open framework for integrated and cross-cutting analysis of energy, climate, the environment, and sustainable development",Daniel Huppmann; Matthew Gidden; Oliver Fricko; Peter Kolp; Clara Luisa Orthofer; Michael Pimmer; Nikolay Kushin; Adriano Vinca; Alessio Mastrucci; Keywan Riahi; Volker Krey,2018,Environmental Modelling & Software,10.1016/j.envsoft.2018.11.012,https://openalex.org/W2792273214,off-topic-false-hit,,openalex,llm,0.960,unreviewed,,doi:10.1016/j.envsoft.2018.11.012
