status,title,authors,year,venue,doi,url,tags,abstract,provider,decision_source,llm_confidence,llm_review_outcome,llm_change_direction,paper_id
discarded,Creating highly-interactive and graphical user interfaces by demonstration,Brad A. Myers; William A. S. Buxton,1986,ACM SIGGRAPH Computer Graphics,10.1145/15886.15914,https://openalex.org/W2144310369,adjacent-subtopic,"It is very time-consuming and expensive to create the graphical, highly-interactive styles of user interfaces that are increasingly common. User Interface Management Systems (UIMSs) attempt to make the creation of user interfaces easier, but most existing UIMSs cannot create the low-level interaction techniques (pop-up pull-down and fixed menus, on-screen ""light buttons"", scroll-bars, elaborate feedback mechanisms and animations, etc.) that are frequently used. This paper describes Peridot, a system that automatically creates the code for these user interfaces while the designer demonstrates to the system how the interface should look and work. Peridot uses rule-based inferencing so no programming by the designer is required, and Direct Manipulation techniques are used to create Direct Manipulation interfaces, which can make full use of a mouse and other input devices. This allows extremely rapid prototyping of user interfaces.",openalex,llm,0.860,unreviewed,,doi:10.1145/15886.15914
discarded,An integral equation approach to boundary value problems of classical elastostatics,Frank J. Rizzo,1967,Quarterly of Applied Mathematics,10.1090/qam/99907,https://openalex.org/W59622750,off-topic-false-hit,"The analogy between potential theory and classical elasticity suggests an extension of the powerful method of integral equations to the boundary value problems of elasticity. A vector boundary formula relating the boundary values of displacement and traction for the general equilibrated stress state is derived. The vector formula itself is shown to generate integral equations for the solution of the traction, displacement, and mixed boundary value problems of plane elasticity. However, an outstanding conceptual advantage of the formulation is that it is not restricted to two dimensions. This distinguishes it from the methods of Muskhelishvili and most other familiar integral equation methods. The presented approach is a real variable one and is applicable, without inherent restriction, to multiply connected domains. More precisely, no difficulty of the order of determining a mapping function is present and unwanted Volterra type dislocation solutions are eliminated a priori. An indication of techniques necessary to effect numerical solution of the resulting integral equations is presented with numerical data from a set of test problems.",openalex,llm,1.000,unreviewed,,doi:10.1090/qam/99907
kept,Survey on user interface programming,Brad A. Myers; Mary Beth Rosson,1992,,10.1145/142750.142789,https://openalex.org/W2143722357,supports-claim,"This paper reports on the results of a survey of user interface programming. The survey was widely distributed, and we received 74 responses. The results show that in today's applications, an average of 48% of the code is devoted to the user interface portion. The average time spent on the user interface portion is 45% during the design phase, 50% during the implementation phase, and 37% during the maintenance phase. 34% of the systems were implemented using a toolkit, 27% used a UIMS, 14% used an interface builder, and 26% used no tools. This appears to be because the toolkit systems had more sophisticated user interfaces. The projects using UIMSs or interface builders spent the least percent of time and code on the user interface (around 41%) suggesting that these tools are effective. In general, people were happy with the tools they used, especially the graphical interface builders. The most common problems people reported when developing a user interface included getting users' requirements, writing help text, achieving consistency, learning how to use the tools, getting acceptable performance, and communicating among various parts of the program.",openalex,llm,0.850,unreviewed,,doi:10.1145/142750.142789
kept,The abstraction-link-view paradigm,Ralph D. Hill,1992,,10.1145/142750.142828,https://openalex.org/W2077976577,qualifies-claim; kostnad,"The goal of the RENDEZVOUS project is to build interactive systems that are used by multiple users from multiple workstations, simultaneously. This goal caused us to choose an architecture that requires a clean run-time separation of user interfaces from applications. Such a separation has long been state goal of UIMS researchers, but it is difficult to achieve. A key technical reason for the difficulty is that modern direct manipulation interfaces require extensive communication between the user interface and the application to provide semantic feedback. We discuss several communications mechanisms that have been used in the past, and present our approach — the Abstraction-Link-View paradigm. Links are objects whose sole responsibility is to facilitate communication between the abstraction objects (application) and the view objects (user interfaces). The Abstraction-Link-View paradigm relies on concurrency and a fast but powerful constraint system.",openalex,llm_reviewed,0.990,confirmed,,doi:10.1145/142750.142828
kept,A case study of user interface management system development and application,J. M. Manheimer; R. C. Burnett; J. A. Wallers,1989,ACM SIGCHI Bulletin,10.1145/67450.67475,https://openalex.org/W4255038505,supports-claim,"This paper discusses the design and applications of an object-oriented user interface management system (UIMS). Specifically, the Lockheed User Interface System (LUIS) is described. LUIS is based on a user interface model that includes declarative and procedural components. The package has been used by both non-programmers and programmers in several applications at Lockheed. Experiences derived from applications of the package are used to address several key issues in the UIMS field, such as procedural versus declarative specification, separation of the user interface from applications, UIMS flexibility, and UIMS support for design evaluation.",openalex,llm,0.940,unreviewed,,doi:10.1145/67450.67475
discarded,Extracting usability information from user interface events,David M. Hilbert; David Redmiles,2000,ACM Computing Surveys,10.1145/371578.371593,https://openalex.org/W2120973494,adjacent-subtopic,"Modern window-based user interface systems generate user interface events as natural products of their normal operation. Because such events can be automatically captured and because they indicate user behavior with respect to an application's user interface, they have long been regarded as a potentially fruitful source of information regarding application usage and usability. However, because user interface events are typically voluminos and rich in detail, automated support is generally required to extract information at a level of abstraction that is useful to investigators interested in analyzing application usage or evaluating usability. This survey examines computer-aided techniques used by HCI practitioners and researchers to extract usability-related information from user interface events. A framework is presented to help HCI practitioners and researchers categorize and compare the approaches that have been, or might fruitfully be, applied to this problem. Because many of the techniques in the research literature have not been evaluated in practice, this survey provides a conceptual evaluation to help identify some of the relative merits and drawbacks of the various classes of approaches. Ideas for future research in this area are also presented. This survey addresses the following questions: How might user interface events be used in evaluating usability? How are user interface events related to other forms of usability data? What are the key challenges faced by investigators wishing to exploit this data? What approaches have been brought to bear on this problem and how do they compare to one another? What are some of the important open research questions in this area?",openalex,llm,0.930,unreviewed,,doi:10.1145/371578.371593
discarded,Interactive specification of flexible user interface displays,Scott E. Hudson; Shamim P. Mohamed,1990,ACM Transactions on Information Systems,10.1145/98188.98201,https://openalex.org/W2066419381,qualifies-claim; adjacent-subtopic,"One of the problems with conventional UIMSs is that very often there is no graphical way to specify interfaces. This paper describesOPUS, the user interface editor of thePenguimsUIMS. This system allows the presentation component of graphical user interfaces to be specified interactively in a graphical notation without explicit programming. The Penguims UIMS supports an underlying model of computation based loosely on spreadsheets. In particular, it supports incremental computations based on a system of equations (one-way constraints) over a set of named values (spreadsheet cells). These equations are used to provide immediate feedback at all levels of the interface. They are used to incrementally determine the position and dynamic appearance of the individual interactor objects that make up the interface. They are also used to connect the presentation directly to underlying application data thereby supporting semantic feedback. The OPUS user interface editor employs a special graphical notation for specifying the presentation component of a user interface. This notation allows the power of the underlying computational model to be expressed simply and quickly. The resulting presentations are very flexible in nature. They can automatically respond to changes in the size and position of display objects and can directly support derivation of their appearance from application data objects.",openalex,llm_reviewed,0.780,changed,kept->discarded,doi:10.1145/98188.98201
discarded,ADM --- a dialog manager,Andrew J. Schulert; George T. Rogers; James A. Hamilton,1985,,10.1145/317456.317489,https://openalex.org/W4250590120,adjacent-subtopic,"ADM is a system for developing user interfaces. We call it a dialog manager; it is similar to what others call a “User Interface Management System” [8]. Although ADM is still being developed, it has been used to construct several applications.",openalex,llm,0.820,unreviewed,,doi:10.1145/317456.317489
discarded,Animated graphical interfaces using temporal constraints,Robert Duisberg,1986,ACM SIGCHI Bulletin,10.1145/22339.22361,https://openalex.org/W2035608892,adjacent-subtopic,"Algorithm animation has an acknowledged and growing role in computer aided algorithm design, as well as in documentation and technology transfer, since the medium of interactive graphics is a broader, richer channel than text by which to communicate information. Since an animation constitutes the interface between a user and an algorithm, a kit that facilitates the construction of such has all the basic elements of a User Interface Management System. Constraint languages are useful in constructing such an interface construction kit, whereby consistency is maintained among the elements of a structure and among those of a view of that structure presented to the user. But constraints specify only static state in current implementations. To specify the evolution of structures and views by discrete time increments, as in animation, requires a extension to current constraint languages to allow expression of specifications of temporal behavior.",openalex,llm,0.910,unreviewed,,doi:10.1145/22339.22361
discarded,Pushdown automata for user interface management,Dan R. Olsen,1984,ACM Transactions on Graphics,10.1145/3870.3871,https://openalex.org/W2037106973,adjacent-subtopic,"An interactive pushdown automaton is defined as a model for user interface management dialogue control.The relationships between dialogue control and device handling are defined in terms of acquiring, releasing, enabling, and disabling of devices.Input modes are defined by sets of acquired devices and input states are defined by sets of enabled devices.A specified automaton describes the dialogue.Semantic controls of parse transitions, as well as pervasive transitions for exceptional conditions, are supported in the automaton.Algorithms are given to convert a specified automaton into an executable automaton.For the executable automaton an interpretation algorithm, which incorporates the control of input modes and states, is given.Examples are given for how various features present in other user interface management systems are modeled using the IPDA.",openalex,llm,0.900,unreviewed,,doi:10.1145/3870.3871
discarded,Statemaster: A UIMS based on statecharts for prototyping and target implementation,Pierre D. Wellner,1989,ACM SIGCHI Bulletin,10.1145/67450.67486,https://openalex.org/W4241570339,adjacent-subtopic,"Most User Interface Management systems are state based and some use state transition diagrams for dialog specification. Although these diagrams have significant advantages, they suffer from drawbacks that make them impractical for the specification of complex user interfaces. Statecharts are a hierarchical extension of state transition diagrams and are well suited for specification of complex user interface dialogs. Statemaster is a UIMS implemented in C + + that uses statecharts for dialog specification. It has been successfully used both for rapid prototyping and target implementation of user interfaces. This paper describes the use of statecharts for dialog specification and the implementation of Statemaster.",openalex,llm,0.900,unreviewed,,doi:10.1145/67450.67486
discarded,Head and neck squamous cell carcinoma,Daniel E. Johnson; Barbara Ann Burtness; Charles René Leemans; Vivian Wai Yan Lui; Julie E. Bauman; Jennifer Rubin Grandis,2020,Nature Reviews Disease Primers,10.1038/s41572-020-00224-3,https://openalex.org/W3107533236,off-topic-false-hit,"Most head and neck cancers are derived from the mucosal epithelium in the oral cavity, pharynx and larynx and are known collectively as head and neck squamous cell carcinoma (HNSCC). Oral cavity and larynx cancers are generally associated with tobacco consumption, alcohol abuse or both, whereas pharynx cancers are increasingly attributed to infection with human papillomavirus (HPV), primarily HPV-16. Thus, HNSCC can be separated into HPV-negative and HPV-positive HNSCC. Despite evidence of histological progression from cellular atypia through various degrees of dysplasia, ultimately leading to invasive HNSCC, most patients are diagnosed with late-stage HNSCC without a clinically evident antecedent pre-malignant lesion. Traditional staging of HNSCC using the tumour–node–metastasis system has been supplemented by the 2017 AJCC/UICC staging system, which incorporates additional information relevant to HPV-positive disease. Treatment is generally multimodal, consisting of surgery followed by chemoradiotherapy (CRT) for oral cavity cancers and primary CRT for pharynx and larynx cancers. The EGFR monoclonal antibody cetuximab is generally used in combination with radiation in HPV-negative HNSCC where comorbidities prevent the use of cytotoxic chemotherapy. The FDA approved the immune checkpoint inhibitors pembrolizumab and nivolumab for treatment of recurrent or metastatic HNSCC and pembrolizumab as primary treatment for unresectable disease. Elucidation of the molecular genetic landscape of HNSCC over the past decade has revealed new opportunities for therapeutic intervention. Ongoing efforts aim to integrate our understanding of HNSCC biology and immunobiology to identify predictive biomarkers that will enable delivery of the most effective, least-toxic therapies. Head and neck squamous cell carcinomas (HNSCCs) originate from the mucosal epithelium in the oral cavity, pharynx and larynx and are commonly associated with viral infection and tobacco use. This Primer provides an overview of the epidemiology, pathogenesis and treatment of HNSCCs of different aetiologies and the effects of the cancer and its treatment on patient quality of life.",openalex,llm,1.000,unreviewed,,doi:10.1038/s41572-020-00224-3
kept,Goals and objectives for user interface software,B. Betts; David Burlingame; Gerhard Fischer; Jim Foley; Mark Green; David J. Kasik; Stephen T. Kerr; Dan R. Olsen; James J. Thomas,1987,ACM SIGGRAPH Computer Graphics,10.1145/24919.24920,https://openalex.org/W2077931499,supports-claim,"This written report summarizes the discussions an d conclusions of the goals and objectives group at th e ACM/SIGGRAPH Workshop on Software Tools for Use r Interface Development .The report is organized into th e following sections : e Section 1 -Overview of group goals and discussion s Section 2 -Definition and characteristics of a UIM S ® Section 3 -Criteria used to develop a taxonomy of a UIM S Section 4 -Tasks and tools fo r user interface developmen t o Section 5 -Suggested topics and areas of research 1 .Overview of group goals and discussion sThe members of the group have been both developer s and end users of user interfaces .This experience provide d two perspectives on the nature of user interface software .Both of these views played a major role in our discussion s and the conclusions presented here .The two primary goals of the group were to enumerate the various tasks or actions involved in the development o f user interfaces and to determine the software tools that coul d provide automated support for these actions .Prior to discussing the activities and software tool s required for user interface development, the group discusse d these topics : e Definition of a UIM S o Characteristics of a UIM S o Criteria to be used in developing a taxonomy of a UIM SThe group also defined several areas and topics o f research on user interfaces and UIMS that should b e investigated by the academic and industrial research community .This report documents these discussions an d conclusions . . Definitions and characteristics of a UIMSA User Interface Management System (UIMS) is a too l (or tool set) designed to encourage interdisciplinar y cooperation in the rapid development, tailoring an d management (control) of the interaction in an applicatio n domain across varying devices, interaction techniques an d user interface styles .A UIMS tailors and manages (controls) user interaction in an application domain to allow for rapi d and consistent development .A UIMS can be viewed as a tool for increasing programmer productivity .In this way it i s similar to a fourth generation language, where th e concentration is on specification instead of coding .A UIM S can be described from two different viewpoints : th e viewpoint of the software developer and the viewpoint of th e end user .A software developer regards a UIMS as a tool tha t provides support for the definition of the user/applicatio n dialogue, imposes external control on the application , provides support for the presentation of the application' s output and includes an interactive component providin g support for the interaction between an application and a n end user .A software developer requires that a UIM S provide a user interface with the following characteristics :",openalex,llm,0.780,unreviewed,,doi:10.1145/24919.24920
discarded,Racial/Ethnic Differences in Burnout: a Systematic Review,Jourdyn A. Lawrence; Brigette A. Davis; Thea Corbette; Emorcia V. Hill; David R. Williams; Joan Y. Reede,2021,Journal of Racial and Ethnic Health Disparities,10.1007/s40615-020-00950-0,https://openalex.org/W3118509181,off-topic-false-hit,,openalex,llm,1.000,unreviewed,,doi:10.1007/s40615-020-00950-0
discarded,Image-driven view management for augmented reality browsers,Raphaël Grasset; Tobias Langlotz; Denis Kalkofen; Markus Tatzgern; Dieter Schmalstieg,2012,2012 IEEE International Symposium on Mixed and Augmented Reality (ISMAR),10.1109/ISMAR.2012.6402555,https://ieeexplore.ieee.org/document/6402555/,adjacent-subtopic,"In this paper, we introduce a novel view management technique for placing labels in Augmented Reality systems. A common issue in many Augmented Reality applications is the absence of knowledge of the real environment, limiting the efficient representation and optimal layout of the digital information augmented onto the real world. To overcome this problem, we introduce an image-based approach, which combines a visual saliency algorithm with edge analysis to identify potentially important image regions and geometric constraints for placing labels. Our proposed solution also includes adaptive rendering techniques that allow a designer to control the appearance of depth cues. We describe the results obtained from a user study considering different scenarios, which we performed for validating our approach. Our technique will provide special benefits to Augmented Reality browsers that usually lack scene knowledge, but also to many other applications in the domain of Augmented Reality such as cultural heritage and maintenance applications.",ieee,llm,0.980,unreviewed,,doi:10.1109/ismar.2012.6402555
kept,Implementing dialogue independence,D.M. Sotirovski; P.B. Kruchten,1995,IEEE Software,10.1109/52.469761,https://ieeexplore.ieee.org/document/469761/,supports-claim; qualifies-claim; kostnad,"Separating the development of the core application from that of its user interface provides encapsulation, flexibility, and reuse advantages, but poses the problem of how to mirror changes to one component in the other. The authors identify three design patterns that achieve this mirroring while maintaining dialogue independence.<>",ieee,llm_reviewed,0.990,confirmed,,doi:10.1109/52.469761
