status,title,authors,year,venue,doi,url,tags,abstract,provider,decision_source,llm_confidence,llm_review_outcome,llm_change_direction,paper_id
kept,An initial study of customer-reported GUI defects,B. Robinson,2009,IEEE International Conference on Software Testing Verification and Validation Workshops Icstw 2009,10.1109/ICSTW.2009.22,https://www.scopus.com/inward/record.uri?partnerID=HzOxMe3b&scp=69949103695&origin=inward,qualifies-claim; gui-fel,,scopus,llm_reviewed,0.650,confirmed,,doi:10.1109/icstw.2009.22
discarded,Using a pilot study to derive a GUI model for automated testing,Q. Xie,2008,ACM Transactions on Software Engineering and Methodology,10.1145/1416563.1416567,https://www.scopus.com/inward/record.uri?partnerID=HzOxMe3b&scp=56149124049&origin=inward,adjacent-subtopic,,scopus,llm,0.870,unreviewed,,doi:10.1145/1416563.1416567
discarded,"Rapid ""crash testing"" for continuously evolving GUI-based software applications",Q. Xie,2005,IEEE International Conference on Software Maintenance Icsm,10.1109/icsm.2005.72,https://www.scopus.com/inward/record.uri?partnerID=HzOxMe3b&scp=33646899615&origin=inward,adjacent-subtopic,,scopus,llm,0.850,unreviewed,,doi:10.1109/icsm.2005.72
discarded,MetriStation: A tool for user-interface fault detection,R.A. Maxion,1997,Digest of Papers 27th Annual International Symposium on Fault Tolerant Computing Ftcs 1997,10.1109/FTCS.1997.614081,https://www.scopus.com/inward/record.uri?partnerID=HzOxMe3b&scp=33845583771&origin=inward,adjacent-subtopic,,scopus,llm,0.820,unreviewed,,doi:10.1109/ftcs.1997.614081
discarded,Make LLM a Testing Expert: Bringing Human-like Interaction to Mobile GUI Testing via Functionality-aware Decisions,Zhe Liu; Chunyang Chen; Junjie Wang; M. Chen; Boyu Wu; Xing Che; Dandan Wang; Qing Wang,2024,,10.1145/3597503.3639180,https://openalex.org/W4394769323,adjacent-subtopic,"Automated Graphical User Interface (GUI) testing plays a crucial role in ensuring app quality, especially as mobile applications have become an integral part of our daily lives. Despite the growing popularity of learning-based techniques in automated GUI testing due to their ability to generate human-like interactions, they still suffer from several limitations, such as low testing coverage, inadequate generalization capabilities, and heavy reliance on training data. Inspired by the success of Large Language Models (LLMs) like ChatGPT in natural language understanding and question answering, we formulate the mobile GUI testing problem as a Q&A task. We propose GPTDroid, asking LLM to chat with the mobile apps by passing the GUI page information to LLM to elicit testing scripts, and executing them to keep passing the app feedback to LLM, iterating the whole process. Within this framework, we have also introduced a functionality-aware memory prompting mechanism that equips the LLM with the ability to retain testing knowledge of the whole process and conduct long-term, functionality-based reasoning to guide exploration. We evaluate it on 93 apps from Google Play and demonstrate that it outperforms the best baseline by 32% in activity coverage, and detects 31% more bugs at a faster rate. Moreover, GPTDroid identifies 53 new bugs on Google Play, of which 35 have been confirmed and fixed.",openalex,llm,0.960,unreviewed,,doi:10.1145/3597503.3639180
discarded,PATDroid: permission-aware GUI testing of Android,Alireza Sadeghi; Reyhaneh Jabbarvand; Sam Malek,2017,,10.1145/3106237.3106250,https://openalex.org/W2740719741,adjacent-subtopic,"Recent introduction of a dynamic permission system in Android, allowing the users to grant and revoke permissions after the installation of an app, has made it harder to properly test apps. Since an app's behavior may change depending on the granted permissions, it needs to be tested under a wide range of permission combinations. At the state-of-the-art, in the absence of any automated tool support, a developer needs to either manually determine the interaction of tests and app permissions, or exhaustively re-execute tests for all possible permission combinations, thereby increasing the time and resources required to test apps. This paper presents an automated approach, called PATDroid, for efficiently testing an Android app while taking the impact of permissions on its behavior into account. PATDroid performs a hybrid program analysis on both an app under test and its test suite to determine which tests should be executed on what permission combinations. Our experimental results show that PATDroid significantly reduces the testing effort, yet achieves comparable code coverage and fault detection capability as exhaustively testing an app under all permission combinations.",openalex,llm,0.960,unreviewed,,doi:10.1145/3106237.3106250
discarded,TestMig: migrating GUI test cases from iOS to Android,Xue Qin; Hao Zhong; Xiaoyin Wang,2019,,10.1145/3293882.3330575,https://openalex.org/W2961428223,adjacent-subtopic,"Nowadays, Apple iOS and Android are two most popular platforms for mobile applications. To attract more users, many software companies and organizations are migrating their applications from one platform to the other, and besides source files, they also need to migrate their GUI tests. The migration of GUI tests is tedious and difficult to be automated, since two platforms have subtle differences and there are often few or even no migrated GUI tests for learning. To address the problem, in this paper, we propose a novel approach, TestMig, that migrates GUI tests from iOS to Android, without any migrated code samples. Specifically, TestMig first executes the GUI tests of the iOS version, and records their GUI event sequences. Guided by the iOS GUI events, TestMig explores the Android version of the application to generate the corresponding Android event sequences. We conducted an evaluation on five well known mobile applications: 2048, SimpleNote, Wire, Wikipedia, and WordPress. The results show that, on average, TestMig correctly converts 80.2% of recorded iOS UI events to Android UI events and have them successfully executed, and our migrated Android test cases achieve similar statement coverage compared with the original iOS test cases (59.7% vs 60.4%).",openalex,llm,0.950,unreviewed,,doi:10.1145/3293882.3330575
kept,On the long-term use of visual gui testing in industrial practice: a case study,Emil Alégroth; ROBERT H. FELDT,2017,Empirical Software Engineering,10.1007/s10664-016-9497-6,https://openalex.org/W2581010780,supports-claim; qualifies-claim,"Visual GUI Testing (VGT) is a tool-driven technique for automated GUI-based testing that uses image recognition to interact with and assert the correctness of the behavior of a system through its GUI as it is shown to the user. The technique’s applicability, e.g. defect-finding ability, and feasibility, e.g. time to positive return on investment, have been shown through empirical studies in industrial practice. However, there is a lack of studies that evaluate the usefulness and challenges associated with VGT when used long-term (years) in industrial practice. This paper evaluates how VGT was adopted, applied and why it was abandoned at the music streaming application development company, Spotify, after several years of use. A qualitative study with two workshops and five well chosen employees is performed at the company, supported by a survey, which is analyzed with a grounded theory approach to answer the study’s three research questions. The interviews provide insights into the challenges, problems and limitations, but also benefits, that Spotify experienced during the adoption and use of VGT. However, due to the technique’s drawbacks, VGT has been abandoned for a new technique/framework, simply called the Test interface. The Test interface is considered more robust and flexible for Spotify’s needs but has several drawbacks, including that it does not test the actual GUI as shown to the user like VGT does. From the study’s results it is concluded that VGT can be used long-term in industrial practice but it requires organizational change as well as engineering best practices to be beneficial. Through synthesis of the study’s results, and results from previous work, a set of guidelines are presented that aim to aid practitioners to adopt and use VGT in industrial practice. However, due to the abandonment of the technique, future research is required to analyze in what types of projects the technique is, and is not, long-term viable. To this end, we also present Spotify’s Test interface solution for automated GUI-based testing and conclude that it has its own benefits and drawbacks.",openalex,llm,0.940,unreviewed,,doi:10.1007/s10664-016-9497-6
kept,Developing cost-effective model-based techniques for GUI testing,Qing Xie,2006,,10.1145/1134285.1134473,https://openalex.org/W2108991746,supports-claim,"Most of today's software users interact with the software through a graphical user interface (GUI). While GUIs have become ubiquitous, testing of GUIs has remained until recently, a neglected research area. Existing GUI testing techniques are extremely resource intensive primarily because GUIs have very large input spaces. This research proposes to advance the state-of-the-art in GUI testing by empirically studying GUI faults, interactions between GUI events, why certain event interactions lead to faults, and use the results of these studies to develop cost-effective model-based GUI testing techniques. The novel feature of this research will be a reduced model of the GUI's event-interaction space. The model will be derived automatically from the GUI; it will be used to automatically generate specialized GUI test cases that are effective at detecting GUI faults. The model will be extended to develop new test oracles, new coverage criteria for GUIs, and new regression testing techniques. Moreover, this research will empirically evaluate the developed techniques.",openalex,llm,0.900,unreviewed,,doi:10.1145/1134285.1134473
discarded,Adapting automated test generation to GUI testing of industry applications,Rudolf Ramler; Georg Buchgeher; Claus Klammer,2017,Information and Software Technology,10.1016/j.infsof.2017.07.005,https://openalex.org/W2724840363,adjacent-subtopic,,openalex,llm,0.760,unreviewed,,doi:10.1016/j.infsof.2017.07.005
discarded,Towards the Integration of Visual and Formal Models for GUI Testing,Ana C. R. Paiva; João Pascoal Faria; Raul Moreira Vidal,2007,Electronic Notes in Theoretical Computer Science,10.1016/j.entcs.2007.08.010,https://openalex.org/W1992251256,adjacent-subtopic,"This paper presents an approach to diminish the effort required in GUI modelling and test coverage analysis within a model-based GUI testing process. A familiar visual notation a subset of UML with minor extensions is used to model the structure, behaviour and usage of GUIs at a high level of abstraction and to describe test adequacy criteria. The GUI visual model is translated automatically to a model-based formal specification language (e.g., Spec♯), hiding formal details from the testers. Then, additional behaviour may be added to the formal model to be used as a test oracle. The adequacy of the test cases generated automatically from the formal model is accessed based on the structural coverage of the UML behavioural diagrams.",openalex,llm,0.930,unreviewed,,doi:10.1016/j.entcs.2007.08.010
discarded,Learning-based Widget Matching for Migrating GUI Test Cases,Yakun Zhang; Wenjie Zhang; Dezhi Ran; Qihao Zhu; Chengfeng Dou; Dan Hao; Tao Xie; Lu Zhang,2024,,10.1145/3597503.3623322,https://openalex.org/W4320814215,adjacent-subtopic,"GUI test case migration is to migrate GUI test cases from a source app to a target app. The key of test case migration is widget matching. Recently, researchers have proposed various approaches by formulating widget matching as a matching task. However, since these matching approaches depend on static word embeddings without using contextual information to represent widgets and manually formulated matching functions, there are main limitations of these matching approaches when handling complex matching relations in apps. To address the limitations, we propose the first learning-based widget matching approach named TEMdroid (TEst Migration) for test case migration. Unlike the existing approaches, TEMdroid uses BERT to capture contextual information and learns a matching model to match widgets. Additionally, to balance the significant imbalance between positive and negative samples in apps, we design a two-stage training strategy where we first train a hard-negative sample miner to mine hard-negative samples, and further train a matching model using positive samples and mined hard-negative samples. Our evaluation on 34 apps shows that TEM-droid is effective in event matching (i.e., widget matching and target event synthesis) and test case migration. For event matching, TEM-droid's Top1 accuracy is 76%, improving over 17% compared to baselines. For test case migration, TEMdroid's F1 score is 89%, also 7% improvement compared to the baseline approach.",openalex,llm,0.980,unreviewed,,doi:10.1145/3597503.3623322
kept,Visual GUI Testing: Automating High-level Software Testing in Industrial Practice,Emil Alégroth,2015,Chalmers Research (Chalmers University of Technology),,https://openalex.org/W1150103347,supports-claim; qualifies-claim,"Software Engineering is at the verge of a new era where continuous releases are becoming more common than planned long-term projects. In this context test automation will become essential on all levels of system abstraction to meet the market's demands on time-to-market and quality. Hence, automated tests are required from low-level software components, tested with unit tests, up to the pictorial graphical user interface (GUI), tested with user emulated system and acceptance tests. Thus far, research has provided industry with a plethora of automation solutions for lower level testing but GUI level testing is still primarily a manual, and therefore costly and tedious, activity in practice.We have identfied three generations of automated GUI-based testing. The first (1st) generation relies on GUI coordinates but is not used in practice due to unfeasible maintenance costs caused by fragility to GUI change. Second (2nd) generation tools instead operate against the system's GUI architecture, libraries or application programming interfaces. Whilst this approach is successfully used in practice, it does not verify the GUI's appearance and it isrestricted to specific GUI technologies, programming languages and platforms.The third (3rd) generation, referred to as Visual GUI Testing (VGT), is an emerging technique in industrial practice with properties that mitigate thechallenges experienced with previous techniques. VGT is defined as a tool-driven test technique where image recognition is used to interact with, andassert, a system's behavior through its pictorial GUI as it is shown to the user in user-emulated, automated, system or acceptance tests. Automated tests that produce results of quality on par with a human tester and is therefore an effective complement to reduce the aforementioned challenges with manualtesting. However, despite its benefits, the technique is only sparsely used inindustry and the academic body of knowledge contains little empirical supportfor the technique's industrial viability.This thesis presents a broad evaluation of VGT's capabilities, obtained through a series of case studies and experiments performed in academia andSwedish industry. The research follows an incremental methodology that began with experimentation with VGT, followed by industrial studies that wereconcluded with a study of VGT's use at a company over several years. Resultsof the research show that VGT is viable for use in industrial practice with better defect-finding ability than manual tests, ability to test any GUI basedsystem, high learnability, feasible maintenance costs and both short and longterm company benefits. However, there are still challenges associated with the successful adoption, use and long-term use of VGT in a company, the most crucial that suitable development and maintenance practices are used. This thesis thereby concludes that VGT can be used in industrial practice and aims to provides guidance to practitioners that seek to do so. Additionally, this work aims to be a stepping stone for academia to explore new test solutions that build on image recognition technology to improve the state-of-art.",openalex,llm,0.960,unreviewed,,hash:54ca02098d64b884
discarded,Chatting with GPT-3 for Zero-Shot Human-Like Mobile Automated GUI Testing,Zhe Liu; Chunyang Chen; Junjie Wang; M. Chen; Boyu Wu; Xing Che; Dandan Wang; Qing Wang,2023,arXiv (Cornell University),10.48550/arxiv.2305.09434,https://openalex.org/W4377009793,adjacent-subtopic,"Mobile apps are indispensable for people's daily life, and automated GUI (Graphical User Interface) testing is widely used for app quality assurance. There is a growing interest in using learning-based techniques for automated GUI testing which aims at generating human-like actions and interactions. However, the limitations such as low testing coverage, weak generalization, and heavy reliance on training data, make an urgent need for a more effective approach to generate human-like actions to thoroughly test mobile apps. Inspired by the success of the Large Language Model (LLM), e.g., GPT-3 and ChatGPT, in natural language understanding and question answering, we formulate the mobile GUI testing problem as a Q&A task. We propose GPTDroid, asking LLM to chat with the mobile apps by passing the GUI page information to LLM to elicit testing scripts, and executing them to keep passing the app feedback to LLM, iterating the whole process. Within it, we extract the static context of the GUI page and the dynamic context of the iterative testing process, design prompts for inputting this information to LLM, and develop a neural matching network to decode the LLM's output into actionable steps to execute the app. We evaluate GPTDroid on 86 apps from Google Play, and its activity coverage is 71%, with 32% higher than the best baseline, and can detect 36% more bugs with faster speed than the best baseline. GPTDroid also detects 48 new bugs on the Google Play with 25 of them being confirmed/fixed. We further summarize the capabilities of GPTDroid behind the superior performance, including semantic text input, compound action, long meaningful test trace, and test case prioritization.",openalex,llm,0.970,unreviewed,,doi:10.48550/arxiv.2305.09434
discarded,Grey-box GUI Testing: Efficient Generation of Event Sequences,Stephan Arlt; Ishan Banerjee; Cristiano Bertolini; Atif M. Memon; Martin Schäf,2012,arXiv (Cornell University),10.48550/arxiv.1205.4928,https://openalex.org/W2118027236,adjacent-subtopic,"Graphical user interfaces (GUIs), due to their event driven nature, present a potentially unbounded space of all possible ways to interact with software. During testing it becomes necessary to effectively sample this space. In this paper we develop algorithms that sample the GUI's input space by only generating sequences that (1) are allowed by the GUI's structure, and (2) chain together only those events that have data dependencies between their event handlers. We create a new abstraction, called an event-dependency graph (EDG) of the GUI, that captures data dependencies between event handler code. We develop a mapping between EDGs and an existing black-box user-level model of the GUI's workflow, called an event-flow graph (EFG). We have implemented automated EDG construction in a tool that analyzes the bytecode of each event handler. We evaluate our ""grey-box"" approach using four open-source applications and compare it with the current state-of-the-art EFG approach. Our results show that using the EDG reduces the number of test cases while still achieving at least the same coverage. Furthermore, we were able to detect 2 new bugs in the subject applications.",openalex,llm,0.880,unreviewed,,doi:10.48550/arxiv.1205.4928
discarded,Harnessing Automated Test Case Generators for GUI Testing in Industry,Claus Klammer; Rudolf Ramler; Heinz Stummer,2016,,10.1109/seaa.2016.60,https://openalex.org/W2534944321,adjacent-subtopic,"Modern graphical user interfaces (GUIs) are highly dynamic and support multi-touch interactions and screen gestures besides conventional inputs via mouse and keyboard. Hence, the flexibility of modern GUIs enables countless usage scenarios and combinations including all kind of interactions. From the viewpoint of testing, this flexibility results in a combinatorial explosion of possible interaction sequences. It dramatically raises the required time and effort involved in GUI testing, which brings manual exploration as well as conventional regression testing approaches to its limits. Automated test generation (ATG) has been proposed as a solution to reduce the effort for manually designing test cases and to speed-up test execution cycles. In this paper we describe how we successfully harnessed a state-of-the-art ATG tool (Randoop) developed for code-based API testing to generate GUI test cases. The key is an adapter that transforms API calls to GUI events. The approach is the result of a research transfer project with the goal to apply ATG for testing of human machine interfaces used to control industrial machinery. In this project the ATG tool was used to generate unit test cases for custom GUI controls and system tests for exploring navigation scenarios. It helped to increase the test coverage and was able reveal new defects in the implementation of the GUI controls as well as in the GUI application.",openalex,llm,0.700,unreviewed,,doi:10.1109/seaa.2016.60
