status,title,authors,year,venue,doi,url,tags,abstract,provider,decision_source,llm_confidence,llm_review_outcome,llm_change_direction,paper_id
discarded,The impact of artificial intelligence on learner–instructor interaction in online learning,Kyoungwon Seo; Joice Tang; Ido Roll; Sidney Fels; Dongwook Yoon,2021,International Journal of Educational Technology in Higher Education,10.1186/s41239-021-00292-9,https://openalex.org/W3209912268,off-topic-false-hit,"Artificial intelligence (AI) systems offer effective support for online learning and teaching, including personalizing learning for students, automating instructors' routine tasks, and powering adaptive assessments. However, while the opportunities for AI are promising, the impact of AI systems on the culture of, norms in, and expectations about interactions between students and instructors are still elusive. In online learning, learner-instructor interaction (inter alia, communication, support, and presence) has a profound impact on students' satisfaction and learning outcomes. Thus, identifying how students and instructors perceive the impact of AI systems on their interaction is important to identify any gaps, challenges, or barriers preventing AI systems from achieving their intended potential and risking the safety of these interactions. To address this need for forward-looking decisions, we used Speed Dating with storyboards to analyze the authentic voices of 12 students and 11 instructors on diverse use cases of possible AI systems in online learning. Findings show that participants envision adopting AI systems in online learning can enable personalized learner-instructor interaction at scale but at the risk of violating social boundaries. Although AI systems have been positively recognized for improving the quantity and quality of communication, for providing just-in-time, personalized support for large-scale settings, and for improving the feeling of connection, there were concerns about responsibility, agency, and surveillance issues. These findings have implications for the design of AI systems to ensure explainability, human-in-the-loop, and careful data collection and presentation. Overall, contributions of this study include the design of AI system storyboards which are technically feasible and positively support learner-instructor interaction, capturing students' and instructors' concerns of AI systems through Speed Dating, and suggesting practical implications for maximizing the positive impact of AI systems while minimizing the negative ones.",openalex,llm,0.990,unreviewed,,doi:10.1186/s41239-021-00292-9
discarded,The Promise of Public Sector-Sponsored Training Programs,Robert Lalonde,1995,The Journal of Economic Perspectives,10.1257/jep.9.2.149,https://openalex.org/W2062961447,off-topic-false-hit,"As concern about workers’ skills has risen, so has interest in the role that government training programs might play in addressing ‘America's workforce crisis.’ One way to gauge whether increased reliance on these programs will substantially improve the skills of the workforce is to examine the impact of past programs. The evidence from these programs indicates that, although the gains were small, for the most part we got what we paid for. This outcome should not be surprising because investments in training were exceedingly modest compared to the skill deficiencies that policymakers have been trying to address.",openalex,llm,1.000,unreviewed,,doi:10.1257/jep.9.2.149
discarded,Scaffolding in Teacher–Student Interaction: A Decade of Research,Janneke van de Pol; Monique L. L. Volman; J.J. Beishuizen,2010,Educational Psychology Review,10.1007/s10648-010-9127-6,https://openalex.org/W2156300785,off-topic-false-hit,"Although scaffolding is an important and frequently studied concept, much discussion exists with regard to its conceptualizations, appearances, and effectiveness. Departing from the last decade’s scaffolding literature, this review scrutinizes these three areas of scaffolding. First, contingency, fading, and transfer of responsibility are discerned in this review as the three key characteristics of scaffolding. Second, an overview is presented of the numerous descriptive studies that provided narratives on the appearances of scaffolding and classifications of scaffolding strategies. These strategies are synthesized into a framework for analysis, distinguishing between scaffolding means and intentions . Third, the small number of effectiveness studies available is discussed and the results suggest that scaffolding is effective. However, more research is needed. The main challenge in scaffolding research appears to be its measurement. Based on the encountered and described measurement problems, suggestions for future research are made.",openalex,llm,0.990,unreviewed,,doi:10.1007/s10648-010-9127-6
discarded,Identifying Novice Student Programming Misconceptions and Errors From Summative Assessments,Ashok Kumar Veerasamy; Daryl D’Souza; Mikko‐Jussi Laakso,2016,Journal of Educational Technology Systems,10.1177/0047239515627263,https://openalex.org/W2548490722,adjacent-subtopic,"This article presents a study aimed at examining the novice student answers in an introductory programming final e-exam to identify misconceptions and types of errors. Our study used the Delphi concept inventory to identify student misconceptions and skill, rule, and knowledge-based errors approach to identify the types of errors made by novices in Python programming. The students' responses to each question were scrutinized by using the Delphi concept inventory, heuristic-analytic theory, and neo-Piagetian theory of cognitive development for qualitative data analysis. Moreover, the motivation for this exploratory study was to also address the misconceptions that students held in programming and help educators to redefine the teaching methods to correct those alternative conceptions. Student misconceptions were spotted in list referencing and inbuilt functions in Python. In a further quantitative analysis, the study found that students who had misconceptions made knowledge errors and failed to complete the coding tasks. Surprisingly, and coincidentally, it was identified that only a few students were able to write code related to mathematical problems.",openalex,llm,0.940,unreviewed,,doi:10.1177/0047239515627263
discarded,Adult learning theories: Implications for learning and teaching in medical education: AMEE Guide No. 83,David C. Taylor; Hossam Hamdy,2013,Medical Teacher,10.3109/0142159x.2013.828153,https://openalex.org/W2170466219,off-topic-false-hit,"There are many theories that explain how adults learn and each has its own merits. This Guide explains and explores the more commonly used ones and how they can be used to enhance student and faculty learning. The Guide presents a model that combines many of the theories into a flow diagram which can be followed by anyone planning learning. The schema can be used at curriculum planning level, or at the level of individual learning. At each stage of the model, the Guide identifies the responsibilities of both learner and educator. The role of the institution is to ensure that the time and resources are available to allow effective learning to happen. The Guide is designed for those new to education, in the hope that it can unravel the difficulties in understanding and applying the common learning theories, whilst also creating opportunities for debate as to the best way they should be used.",openalex,llm,1.000,unreviewed,,doi:10.3109/0142159x.2013.828153
discarded,The Value of Postsecondary Credentials in the Labor Market: An Experimental Study,David J Deming; Noam Yuchtman; Amira Abulafi; Claudia Dale Goldin; Lawrence F. Katz,2016,American Economic Review,10.1257/aer.20141757,https://openalex.org/W1653984643,off-topic-false-hit,"We study employers' perceptions of the value of postsecondary degrees using a field experiment. We randomly assign the sector and selectivity of institutions to fictitious resumes and apply to real vacancy postings for business and health jobs on a large online job board. We find that a business bachelor's degree from a for-profit online institution is 22 percent less likely to receive a callback than one from a nonselective public institution. In applications to health jobs, we find that for-profit credentials receive fewer callbacks unless the job requires an external quality indicator such as an occupational license. (JEL I23, I26, J24, J44, J63, M51)",openalex,llm,1.000,unreviewed,,doi:10.1257/aer.20141757
discarded,Student Satisfaction and Perceived Learning with On-line Courses: Principles and Examples from the SUNY Learning Network,Eric E. Fredericksen; Alexandra Pickett; Peter J. Shea; William E. Pelz; Karen P. Swan,2000,Online Learning,10.24059/olj.v4i2.1899,https://openalex.org/W2267618870,off-topic-false-hit,"The State University of New York (SUNY) Learning Network (SLN) is the online instructional program created for the 64 colleges and nearly 400,000 students of SUNY. The foundation of the program is freedom from schedule and location constraints for our faculty and students. The primary goals of the SLN are to bring SUNY's diverse and high-quality instructional programs within the reach of learners everywhere, and to be the best provider of asynchronous instruction for learners in New York State and beyond. We believe that these goals cannot be achieved unless faculty receives appropriate support.This paper will examine factors that have contributed to the high level of faculty satisfaction we have achieved in the SLN. The analysis will be done on several levels. This first section will look at the SLN at a program-wide level and will provide information regarding the systemic implementation of our asynchronous learning environment.The second section examines issues that contribute to on-line teaching satisfaction from a faculty-development and course-design perspective. This section will present the evolution of the four-stage faculty development process and a seven-step course design process that was developed by SLN and comment on lessons learned.The third section presents results from the SLN Faculty Satisfaction Survey conducted in spring 1999. This section examines factors from a quantitative analysis that significantly contributes to faculty satisfaction with online teaching and offers recommendations for course and program design based on these factors.The fourth section examines faculty satisfaction at the level of individual institutions with examples from specific courses. This section will introduce the reader to local implementation of SLN courses at two college programs in the SUNY system: the Department of Educational Theory and Practice at the University at Albany (UA), and the Internet Academy (IA) of Herkimer County Community College (HCCC). These case studies present and examine important evidence of faculty satisfaction from a single-institution and individual-faculty perspective.",openalex,llm,0.990,unreviewed,,doi:10.24059/olj.v4i2.1899
discarded,Promoting Self-Regulation in Science Education: Metacognition as Part of a Broader Perspective on Learning,Gregory J. Schraw; Kent J. Crippen; Kendall Hartley,2006,Research in Science Education,10.1007/s11165-005-3917-8,https://openalex.org/W2038252642,off-topic-false-hit,,openalex,llm,0.990,unreviewed,,doi:10.1007/s11165-005-3917-8
discarded,"The Promises, Challenges, and Futures of Media Literacy",Monica Bulger; Patrick Davison,2018,Journal of Media Literacy Education,10.23860/jmle-2018-10-1-1,https://openalex.org/W2801480010,off-topic-false-hit,"Media literacy has become a center of gravity for countering fake news, and a diverse array of stakeholders – from educators to legislators, philanthropists to technologists – have pushed significant resources toward media literacy programs. Media literacy, however, cannot be treated as a panacea. This paper provides a foundation for evaluating media literacy efforts and contextualizing them relative to the current media landscape. Media literacy is traditionally conceived as a process or set of skills based on critical thinking. It has a long history of development aligned along the dialectic between protection and participation. Contemporary media literacy tends to organize around five themes: youth participation, teacher training and curricular resources, parental support, policy initiatives, and evidence base construction. Programs like these have demonstrated positive outcomes, particularly in the case of rapid responses to breaking news events, connecting critical thinking with behavior change, and evaluating partisan content.However, media literacy programs also have their challenges. In general, there is a lack of comprehensive evaluation data of media literacy efforts. Some research shows that media literacy efforts can have little-to-no impact for certain materials, or even produce harmful conditions of overconfidence. The longitudinal nature of both assessing and updating media literacy programs makes this a perennial struggle. Because of these challenges, we make recommendations for future work in the field.",openalex,llm,1.000,unreviewed,,doi:10.23860/jmle-2018-10-1-1
discarded,How Novices Use LLM-based Code Generators to Solve CS1 Coding Tasks in a Self-Paced Learning Environment,Majeed Kazemitabaar; Xinying Hou; Austin Zachary Henley; Barbara Jane Ericson; David Weintrop; Tovi Grossman,2023,,10.1145/3631802.3631806,https://openalex.org/W4391584367,adjacent-subtopic,"As Large Language Models (LLMs) gain in popularity, it is important to understand how novice programmers use them and the effect they have on learning to code. We present the results of a thematic analysis on a data set from 33 learners, aged 10-17, as they independently learned Python by working on 45 code-authoring tasks with access to an AI Code Generator based on OpenAI Codex. We explore several important questions related to how learners used LLM-based AI code generators, and provide an analysis of the properties of the written prompts and the resulting AI generated code. Specifically, we explore (A) the context in which learners use Codex, (B) what learners are asking from Codex in terms of syntax and logic, (C) properties of prompts written by learners in terms of relation to task description, language, clarity, and prompt crafting patterns, (D) properties of the AI-generated code in terms of correctness, complexity, and accuracy, and (E) how learners utilize AI-generated code in terms of placement, verification, and manual modifications. Furthermore, our analysis reveals four distinct coding approaches when writing code with an AI code generator: AI Single Prompt, where learners prompted Codex once to generate the entire solution to a task; AI Step-by-Step, where learners divided the problem into parts and used Codex to generate each part; Hybrid, where learners wrote some of the code themselves and used Codex to generate others; and Manual coding, where learners wrote the code themselves. Our findings reveal consistently positive trends between learners’ utilization of the Hybrid coding approach and their post-test evaluation scores, while showing consistent negative trends between the AI Single Prompt and the post-test evaluation scores. Furthermore, we offer insights into novice learners’ use of AI code generators in a self-paced learning environment, highlighting signs of over-reliance, self-regulation, and opportunities for enhancing AI-assisted learning tools.",openalex,llm,0.970,unreviewed,,doi:10.1145/3631802.3631806
discarded,Inductive Logic Programming: Theory and methods,Stephen Muggleton; Luc De Raedt,1994,The Journal of Logic Programming,10.1016/0743-1066(94)90035-3,https://openalex.org/W1987902506,off-topic-false-hit,,openalex,llm,1.000,unreviewed,,doi:10.1016/0743-1066(94)90035-3
discarded,Data-Driven Hint Generation in Vast Solution Spaces: a Self-Improving Python Programming Tutor,Kelly Rivers; Kenneth R. Koedinger,2015,International Journal of Artificial Intelligence in Education,10.1007/s40593-015-0070-z,https://openalex.org/W2246775628,adjacent-subtopic,"To provide personalized help to students who are working on code-writing problems, we introduce a data-driven tutoring system, ITAP (Intelligent Teaching Assistant for Programming). ITAP uses state abstraction, path construction, and state reification to automatically generate personalized hints for students, even when given states that have not occurred in the data before. We provide a detailed description of the system’s implementation and perform a technical evaluation on a small set of data to determine the effectiveness of the component algorithms and ITAP’s potential for self-improvement. The results show that ITAP is capable of producing hints for almost any given state after being given only a single reference solution, and that it can improve its performance by collecting data over time.",openalex,llm,0.980,unreviewed,,doi:10.1007/s40593-015-0070-z
discarded,Are online learners frustrated with collaborative learning experiences?,Neus Capdeferro; Margarida Roméro,2012,The International Review of Research in Open and Distributed Learning,10.19173/irrodl.v13i2.1127,https://openalex.org/W2126546743,off-topic-false-hit,"Online education increasingly puts emphasis on collaborative learning methods. Despite the pedagogical advantages of collaborative learning, online learners can perceive collaborative learning activities as frustrating experiences. The purpose of this study was to characterize the feelings of frustration as a negative emotion among online learners engaged in online computer-supported collaborative learning (CSCL) experiences and, moreover, to identify the sources to which the learners attribute their frustration. With this aim, a questionnaire was designed to obtain data from a sample of online learners participating in the Master of ICT and Education program of the Universitat Oberta de Catalunya (UOC). Results revealed that frustration is a common feeling among students involved in online collaborative learning experiences. The perception of an asymmetric collaboration among the teammates was identified by the students as the most important source of frustration. Online learners also identified difficulties related to group organization, the lack of shared goals among the team members, the imbalance in the level of commitment and quality of the individual contributions, the excess time spent on the online CSCL tasks, the imbalance between the individual and collective grades, and difficulties in communication, among other factors leading to frustration. The analysis of the students’ sources of frustration in online CSCL is followed by a list of recommendations to the distance education stakeholders, aiming to reduce students’ frustration and improve the quality of their experiences in online CSCL contexts such as the UOC.",openalex,llm,1.000,unreviewed,,doi:10.19173/irrodl.v13i2.1127
