status,title,authors,year,venue,doi,url,tags,abstract,provider,decision_source,llm_confidence,llm_review_outcome,llm_change_direction,paper_id
discarded,Surface Hof: Surface Reconstruction from A Single Image Using Higher Order Function Networks,Z. Wang,2020,Proceedings International Conference on Image Processing Icip,10.1109/ICIP40778.2020.9190842,https://www.scopus.com/inward/record.uri?partnerID=HzOxMe3b&scp=85098622074&origin=inward,off-topic-false-hit,,scopus,llm,1.000,unreviewed,,doi:10.1109/icip40778.2020.9190842
discarded,RobNet: real-time road-object 3D point cloud segmentation based on SqueezeNet and cyclic CRF,W. Sun,2020,Soft Computing,10.1007/s00500-019-04355-y,https://www.scopus.com/inward/record.uri?partnerID=HzOxMe3b&scp=85075175036&origin=inward,off-topic-false-hit,,scopus,llm,1.000,unreviewed,,doi:10.1007/s00500-019-04355-y
discarded,Learnable higher-order representation for action recognition,J. Shao,2020,Proceedings International Conference on Pattern Recognition,10.1109/ICPR48806.2021.9412963,https://www.scopus.com/inward/record.uri?partnerID=HzOxMe3b&scp=85110557129&origin=inward,off-topic-false-hit,,scopus,llm,1.000,unreviewed,,doi:10.1109/icpr48806.2021.9412963
discarded,Improving the predictive ability of a geomechanical model using neural networks (deep learning),N. Zakharenko,2020,Ecmor 2020 17th European Conference on the Mathematics of Oil Recovery,10.3997/2214-4609.202035180,https://www.scopus.com/inward/record.uri?partnerID=HzOxMe3b&scp=85099595024&origin=inward,off-topic-false-hit,,scopus,llm,1.000,unreviewed,,doi:10.3997/2214-4609.202035180
discarded,Towards a QoS-aware Cyber Physical Networking Middleware Architecture,M. Brinkschulte,2019,Mise 2019 Proceedings of the 2019 1st International Workshop on Middleware for Lightweight Spontaneous Environments Part of Middleware 2019,10.1145/3366616.3368149,https://www.scopus.com/inward/record.uri?partnerID=HzOxMe3b&scp=85078934832&origin=inward,off-topic-false-hit,,scopus,llm,0.990,unreviewed,,doi:10.1145/3366616.3368149
discarded,Java in Two Semesters; Featuring JavaFX,Q. Charatan,2019,Texts in Computer Science,10.1007/978-3-319-99420-8,https://www.scopus.com/inward/record.uri?partnerID=HzOxMe3b&scp=105040946077&origin=inward,adjacent-subtopic,,scopus,llm,0.910,unreviewed,,doi:10.1007/978-3-319-99420-8
discarded,CEIVE: Combating caller ID spoofing on 4G mobile phones via callee-only inference and verification,H. Deng,2018,Proceedings of the Annual International Conference on Mobile Computing and Networking MOBICOM,10.1145/3241539.3241573,https://www.scopus.com/inward/record.uri?partnerID=HzOxMe3b&scp=85056868184&origin=inward,off-topic-false-hit,,scopus,llm,1.000,unreviewed,,doi:10.1145/3241539.3241573
discarded,DROIDStar: Callback typestates for Android classes,A. Radhakrishna,2018,Proceedings International Conference on Software Engineering,10.1145/3180155.3180232,https://www.scopus.com/inward/record.uri?partnerID=HzOxMe3b&scp=85049406587&origin=inward,off-topic-false-hit,,scopus,llm,0.990,unreviewed,,doi:10.1145/3180155.3180232
discarded,Spatial-temporal cognitive ability: Coupling representations to situations and contexts for coordinating activities in the construction project environment,I. Mutis,2018,Transforming Engineering Education Innovative Computer Mediated Learning Technologies,10.1061/9780784414866.ch02,https://www.scopus.com/inward/record.uri?partnerID=HzOxMe3b&scp=85113685175&origin=inward,adjacent-subtopic,,scopus,llm,0.980,unreviewed,,doi:10.1061/9780784414866.ch02
discarded,Introduction to Interval Analysis,Ramon E. Moore; Ralph Baker Kearfott; Michael J. Cloud,2009,Society for Industrial and Applied Mathematics eBooks,10.1137/1.9780898717716,https://openalex.org/W1507872748,off-topic-false-hit,"This unique book provides an introduction to a subject whose use has steadily increased over the past 40 years. An update of Ramon Moore s previous books on the topic, it provides broad coverage of the subject as well as the historical perspective of one of the originators of modern interval analysis. The authors provide a hands-on introduction to INTLAB, a high-quality, comprehensive MATLAB toolbox for interval computations, making this the first interval analysis book that does with INTLAB what general numerical analysis texts do with MATLAB. Readers will find the following features of interest: elementary motivating examples and notes that help maximize the reader s chance of success in applying the techniques; exercises and hands-on MATLAB-based examples woven into the text; INTLAB-based examples and explanations integrated into the text, along with a comprehensive set of exercises and solutions, and an appendix with INTLAB commands; an extensive bibliography and appendices that will continue to be valuable resources once the reader is familiar with the subject; and a Web page with links to computational tools and other resources of interest. Audience: Introduction to Interval Analysis will be valuable to engineers and scientists interested in scientific computation, especially in reliability, effects of roundoff error, and automatic verification of results. The introductory material is particularly important for experts in global optimization and constraint solution algorithms. This book is suitable for introducing the subject to students in these areas. Contents: Preface; Chapter 1: Introduction; Chapter 2: The Interval Number System; Chapter 3: First Applications of Interval Arithmetic; Chapter 4: Further Properties of Interval Arithmetic; Chapter 5: Introduction to Interval Functions; Chapter 6: Interval Sequences; Chapter 7: Interval Matrices; Chapter 8: Interval Newton Methods; Chapter 9: Integration of Interval Functions; Chapter 10: Integral and Differential Equations; Chapter 11: Applications; Appendix A: Sets and Functions; Appendix B: Formulary; Appendix C: Hints for Selected Exercises; Appendix D: Internet Resources; Appendix E: INTLAB Commands and Functions; References; Index.",openalex,llm,0.990,unreviewed,,doi:10.1137/1.9780898717716
discarded,Little Tricky Logic: Misconceptions in the Understanding of LTL,Ben Greenman; Sam Saarinen; Tim Nelson; Shriram Krishnamurthi,2022,The Art Science and Engineering of Programming,10.22152/programming-journal.org/2023/7/7,https://openalex.org/W4308243713,adjacent-subtopic,"Context Linear Temporal Logic (ltl) has been used widely in verification.Its importance and popularity have only grown with the revival of temporal logic synthesis, and with new uses of ltl in robotics and planning activities.All these uses demand that the user have a clear understanding of what an ltl specification means.Inquiry Despite the growing use of ltl, no studies have investigated the misconceptions users actually have in understanding ltl formulas.This paper addresses the gap with a first study of ltl misconceptions.Approach We study researchers' and learners' understanding of ltl in four rounds (three written surveys, one talk-aloud) spread across a two-year timeframe.Concretely, we decompose ""understanding ltl"" into three questions.A person reading a spec needs to understand what it is saying, so we study the mapping from ltl to English.A person writing a spec needs to go in the other direction, so we study English to ltl.However, misconceptions could arise from two sources: a misunderstanding of ltl's syntax or of its underlying semantics.Therefore, we also study the relationship between formulas and specific traces.Knowledge We find several misconceptions that have consequences for learners, tool builders, and designers of new property languages.These findings are already resulting in changes to the Alloy modeling language.We also find that the English to ltl direction was the most common source of errors; unfortunately, this is the critical ""authoring"" direction in which a subtle mistake can lead to a faulty system.We contribute study instruments that are useful for training learners (whether academic or industrial) who are getting acquainted with ltl, and we provide a code book to assist in the analysis of responses to similar-style questions.Grounding Our findings are grounded in the responses to our survey rounds.Round 1 used Quizius to identify misconceptions among learners in a way that reduces the threat of expert blind spots.Rounds 2 and 3 confirm that both additional learners and researchers (who work in formal methods, robotics, and related fields) make similar errors.Round 4 adds deep support for our misconceptions via talk-aloud surveys.Importance This work provides useful answers to two critical but unexplored questions: in what ways is ltl tricky and what can be done about it?Our survey instruments can serve as a starting point for other studies.",openalex,llm,0.990,unreviewed,,doi:10.22152/programming-journal.org/2023/7/7
discarded,Location of errors with a post-stimulus indicator,Ralph Norman Haber; Lionel Standing,1969,Psychonomic Science,10.3758/bf03335273,https://openalex.org/W2060104524,off-topic-false-hit,,openalex,llm,1.000,unreviewed,,doi:10.3758/bf03335273
discarded,Towards complete and error-free genome assemblies of all vertebrate species,Arang Rhie; Shane McCarthy; Olivier D. Fedrigo; Joana Damas; Giulio Formenti; Sergey Koren; Marcela Uliano‐Silva; William Chiro Chow; Arkarachai Fungtammasan; Gregory L. Gedman; Lindsey J. Cantin; Françoise Thibaud‐Nissen; Leanne S. Haggerty; Chul Lee; Byung June Ko; Juwan Kim; Iliana Bista; Michelle Smith; Bettina Haase; Jacquelyn Mountcastle; Sylke Winkler; Sadye Paez; Jason Travis Howard; Sonja C. Vernes; Tanya M. Lama; Frank Grützner; Wesley C. Warren; Christopher N. Balakrishnan; David W. Burt; Julia M. George; Mathew Biegler; David Iorns; Andrew Digby; Daryl Eason; Taylor Edwards; Mark Wilkinson; George F. Turner; Axel Meyer; Andreas F. Kautt; Paolo Franchini; H. William Detrich; Hannes Svardal; Maximilian Wagner; Gavin J. P. Naylor; Martin Pippel; Milan Malinsky; Mark Mooney; Maria Simbirsky; Brett T. Hannigan; Trevor Pesout; Marlys L. Houck; Ann C. Misuraca; Sarah B. Kingan; Richard J. Hall; Zev N. Kronenberg; Jonas Korlach; Ivan Sović; Christopher Dunn; Zemin Ning; Alex R. Hastie; Joyce S. Lee; Siddarth Selvaraj; Richard Edward Green; Nicholas H. Putnam; Jay Ghurye; Erik P. Garrison; Ying Sims; Joanna Collins; Sarah E. Pelan; James Torrance; Alan Tracey; Jonathan M. D. Wood; Dengfeng Guan; Sarah E. London; David F. Clayton; Claudio V. Mello; Samantha R. Friedrich; Peter V. Lovell; Ekaterina Osipova; Farooq O. Al-Ajli; Simona Secomandi; Heebal Kim; Constantina Theofanopoulou; Yang Zhou; Robert S. Harris; Kateryna D. Makova; Paul Medvedev; Jinna Hoffman; Patrick Masterson; Karen Clark; Fergal J. Martin; Kevin Howe; Kevin Howe; Paul Flicek; Brian P. Walenz; Woori Kwak; Hiram Clawson; Mark E. Diekhans; Luis Nassar; Benedict Paten,2020,bioRxiv (Cold Spring Harbor Laboratory),10.1101/2020.05.22.110833,https://openalex.org/W3027467214,off-topic-false-hit,"Abstract High-quality and complete reference genome assemblies are fundamental for the application of genomics to biology, disease, and biodiversity conservation. However, such assemblies are only available for a few non-microbial species 1–4 . To address this issue, the international Genome 10K (G10K) consortium 5,6 has worked over a five-year period to evaluate and develop cost-effective methods for assembling the most accurate and complete reference genomes to date. Here we summarize these developments, introduce a set of quality standards, and present lessons learned from sequencing and assembling 16 species representing major vertebrate lineages (mammals, birds, reptiles, amphibians, teleost fishes and cartilaginous fishes). We confirm that long-read sequencing technologies are essential for maximizing genome quality and that unresolved complex repeats and haplotype heterozygosity are major sources of error in assemblies. Our new assemblies identify and correct substantial errors in some of the best historical reference genomes. Adopting these lessons, we have embarked on the Vertebrate Genomes Project (VGP), an effort to generate high-quality, complete reference genomes for all ~70,000 extant vertebrate species and help enable a new era of discovery across the life sciences.",openalex,llm,1.000,unreviewed,,doi:10.1101/2020.05.22.110833
discarded,Atoms of Confusion in Java,Chris Langhout; Mauricio Finavaro Aniche,2021,,10.1109/icpc52881.2021.00012,https://openalex.org/W3134667144,adjacent-subtopic,"Although writing code seems trivial at times, problems arise when humans misinterpret what the code actually does. One of the potential causes are ""atoms of confusion"", the smallest possible patterns of misinterpretable source code. Previous research has investigated the impact of atoms of confusion in C code. Results show that developers make significantly more mistakes in code where atoms are present. In this paper, we replicate the work of Gopstein et al. to the Java language. After deriving a set of atoms of confusion for Java, we perform a two-phase experiment with 132 computer science students (i.e., novice developers). Our results show that participants are 2.7 up to 56 times more likely to make mistakes in code snippets affected by 7 out of the 14 studied atoms of confusion, and when faced with both versions of the code snippets, participants perceived the version affected by the atom of confusion to be more confusing and/or less readable in 10 out of the 14 studied atoms of confusion.",openalex,llm,0.980,unreviewed,,doi:10.1109/icpc52881.2021.00012
kept,Catalogs of C and Python Antipatterns by CS1 Students,Yorah Bosse; Igor Wiese; Marco Aurélio Graciotto Silva; Nelson Lago; Leônidas de Oliveira Brandão; David Redmiles; Fábio Kon; Marco Aurélio Gerosa,2021,arXiv (Cornell University),10.48550/arxiv.2104.12542,https://openalex.org/W3157093528,adjacent-subtopic; supports-claim; attach-vs-call,"Understanding students' programming misconceptions is critical. Doing so depends on identifying the reasons why students make errors when learning a new programming language. Knowing the misconceptions can help students to improve their reflection about their mistakes and also help instructors to design better teaching strategies. In this technical report, we propose catalogs of antipatterns for two programming languages: C and Python. To accomplish this, we analyzed the codes of 166 CS1 engineering students when they were coding solutions to programming exercises. In our results, we catalog 41 CS1 antipatterns from 95 cataloged misconceptions in C and Python. These antipatterns were separated into three catalogs: C, Python, and antipatterns found in code using both programming languages. For each antipattern, we present code examples, students' solutions (if they are present), a possible solution to avoid the antipattern, among other information.",openalex,llm_reviewed,0.980,changed,discarded->kept,doi:10.48550/arxiv.2104.12542
discarded,Syntax and Stack Overflow: A Methodology for Extracting a Corpus of Syntax Errors and Fixes,Alexander William Wong; Amir Salimi; Shaiful Chowdhury; Abram Hindle,2019,,10.1109/icsme.2019.00048,https://openalex.org/W2959891429,adjacent-subtopic,"One problem when studying how to find and fix syntax errors is how to get natural and representative examples of syntax errors. Most syntax error datasets are not free, open, and public, or they are extracted from novice programmers and do not represent syntax errors that the general population of developers would make. Programmers of all skill levels post questions and answers to Stack Overflow which may contain snippets of source code along with corresponding text and tags. Many snippets do not parse, thus they are ripe for forming a corpus of syntax errors and corrections. Our primary contribution is an approach for extracting natural syntax errors and their corresponding human made fixes to help syntax error research. A Python abstract syntax tree parser is used to determine preliminary errors and corrections on code blocks extracted from the SOTorrent data set. We further analyzed our code by executing the corrections in a Python interpreter. We applied our methodology to produce a public data set of 62,965 Python Stack Overflow code snippets with corresponding tags, errors, and stack traces. We found that errors made by Stack Overflow users do not match errors made by student developers or random mutations, implying there is a serious representativeness risk within the field. Finally we share our dataset openly so that future researchers can re-use and extend our syntax errors and fixes.",openalex,llm,0.990,unreviewed,,doi:10.1109/icsme.2019.00048
kept,“Hear” and “Play” Students Misconceptions on Concurrent Programming using Sonic Pi,Daniele Traversaro; Giorgio Delzanno; Giovanna Guerrini,2024,Informatics in Education,10.15388/infedu.2024.22,https://openalex.org/W4395074485,supports-claim,"Concurrency is a complex to learn topic that is becoming more and more relevant, such that many undergraduate Computer Science curricula are introducing it in introductory programming courses. This paper investigates the combined use of Sonic Pi and Team-Based Learning to mitigate the difficulties in early exposure to concurrency. Sonic Pi, a domain-specific music language, provides great support for “playing” with concurrency and “hearing” common problems such as data races and lack of synchronization among different concurrent threads. More specifically, the paper focuses on students’ misconceptions regarding concurrency in Sonic Pi, and compares them to those arising in traditional concurrent programming languages. In addition, it preliminarily explores knowledge transfer from Sonic Pi to C/C++. The approach has been applied in two teaching experiments with undergraduate students in our University involving 184 participants. Our investigations bring out the need to address misconceptions through targeted interventions for a clear understanding of concurrent programming concepts. Sonic Pi’s simplified abstraction and domain-specific flavor has demonstrated to be effective, especially for first-year students.",openalex,llm,0.980,unreviewed,,doi:10.15388/infedu.2024.22
discarded,Guide to protecting the confidentiality of Personally Identifiable Information (PII),Erika McCallister; T Grance; Karen A. Scarfone,2010,,10.6028/nist.sp.800-122,https://openalex.org/W2617872846,off-topic-false-hit,"Reports on Computer Systems TechnologyThe Information Technology Laboratory (ITL) at the National Institute of Standards and Technology (NIST) promotes the U.S. economy and public welfare by providing technical leadership for the nation's measurement and standards infrastructure.ITL develops tests, test methods, reference data, proof of concept implementations, and technical analysis to advance the development and productive use of information technology.ITL's responsibilities include the development of technical, physical, administrative, and management standards and guidelines for the cost-effective security and privacy of sensitive unclassified information in Federal computer systems.This Special Publication 800-series reports on ITL's research, guidance, and outreach efforts in computer security and its collaborative activities with industry, government, and academic organizations.",openalex,llm,1.000,unreviewed,,doi:10.6028/nist.sp.800-122
discarded,Applying van Hiele’s Levels to Basic Research on the Difficulty Factors behind Understanding Functions,Yoshiki Nisawa,2018,International Electronic Journal of Mathematics Education,10.12973/iejme/2696,https://openalex.org/W2807042235,off-topic-false-hit,"Functions is considered an important mathematical literacy concept within the Organization for Economic Cooperation and Development’s (OECD’s) Programme for International Student Assessment (PISA), and it has been shown that Japanese junior high school students are experiencing problems understanding functions. This paper examines the difficulty factors behind the understanding of functions by referring to van Hiele’s theory of learning levels. This paper focuses on the prototypical stages for understanding functions from the perspective of the mathematical concept process model of gradual understanding: ‘[I] Extract a variate from a phenomenon and [II] Relate the 2 extracted variates’. The subjects of the study were junior high school students, who completed a questionnaire. The results of the analysis of the questionnaire responses found that for a certain number of students, concept formation for stages [I] and [II] was lacking, and that the situation was not necessarily improving as the class progressed, thus, suggesting that this may be a difficulty factor that affects the understanding of functions.",openalex,llm,1.000,unreviewed,,doi:10.12973/iejme/2696
