status,title,authors,year,venue,doi,url,tags,abstract,provider,decision_source,llm_confidence,llm_review_outcome,llm_change_direction,paper_id
discarded,The cosmological constant and dark energy,P. J. E. Peebles; Bharat Ratra,2003,Reviews of Modern Physics,10.1103/revmodphys.75.559,https://openalex.org/W2073603601,off-topic-false-hit,"Physics welcomes the idea that space contains energy whose gravitational effect approximates that of Einstein's cosmological constant, \ensuremath{\Lambda}; today the concept is termed dark energy or quintessence. Physics also suggests that dark energy could be dynamical, allowing for the arguably appealing picture of an evolving dark-energy density approaching its natural value, zero, and small now because the expanding universe is old. This would alleviate the classical problem of the curious energy scale of a millielectron volt associated with a constant \ensuremath{\Lambda}. Dark energy may have been detected by recent cosmological tests. These tests make a good scientific case for the context, in the relativistic Friedmann-Lema\^{\i}tre model, in which the gravitational inverse-square law is applied to the scales of cosmology. We have well-checked evidence that the mean mass density is not much more than one-quarter of the critical Einstein--de Sitter value. The case for detection of dark energy is not yet as convincing but still serious; we await more data, which may be derived from work in progress. Planned observations may detect the evolution of the dark-energy density; a positive result would be a considerable stimulus for attempts at understanding the microphysics of dark energy. This review presents the basic physics and astronomy of the subject, reviews the history of ideas, assesses the state of the observational evidence, and comments on recent developments in the search for a fundamental theory.",openalex,llm,1.000,unreviewed,,doi:10.1103/revmodphys.75.559
discarded,Statistical Inference,George Casella; Roger L. Berger,1993,Biometrics,10.1201/9781003456285,https://openalex.org/W2799002609,off-topic-false-hit,"This classic textbook builds theoretical statistics from the first principles of probability theory. Starting from the basics of probability, the authors develop the theory of statistical inference using techniques, definitions, and concepts that are statistical and natural extensions, and consequences, of previous concepts. It covers all topics from a standard inference course including: distributions, random variables, data reduction, point estimation, hypothesis testing, and interval estimation. Features The classic graduate-level textbook on statistical inference Develops elements of statistical theory from first principles of probability Written in a lucid style accessible to anyone with some background in calculus Covers all key topics of a standard course in inference Hundreds of examples throughout to aid understanding Each chapter includes an extensive set of graduated exercises Statistical Inference, Second Edition is primarily aimed at graduate students of statistics, but can be used by advanced undergraduate students majoring in statistics who have a solid mathematics background. It also stresses the more practical uses of statistical theory, being more concerned with understanding basic statistical concepts and deriving reasonable statistical procedures, while less focused on formal optimality considerations. This is a reprint of the second edition originally published by Cengage Learning, Inc. in 2001.",openalex,llm,1.000,unreviewed,,doi:10.1201/9781003456285
discarded,"Open MEE : Intuitive, open‐source software for meta‐analysis in ecology and evolutionary biology",Byron Wallace; Marc J. Lajeunesse; George Dietz; Issa J Dahabreh; Thomas A Trikalinos; Christopher H. Schmid; Jessica Gurevitch,2016,Methods in Ecology and Evolution,10.1111/2041-210x.12708,https://openalex.org/W2558084536,off-topic-false-hit,"Summary Meta‐analysis and meta‐regression are statistical methods for synthesizing and modelling the results of different studies, and are critical research synthesis tools in ecology and evolutionary biology (E&E). However, many E&E researchers carry out meta‐analyses using software that is limited in its statistical functionality and is not easily updatable. It is likely that these software limitations have slowed the uptake of new methods in E&E and limited the scope and quality of inferences from research syntheses. We developed OpenMEE: Open Meta‐analyst for Ecology and Evolution to address the need for advanced, easy‐to‐use software for meta‐analysis and meta‐regression. OpenMEE has a cross‐platform, easy‐to‐use graphical user interface (GUI) that gives E&E researchers access to the diverse and advanced statistical functionalities offered in R , without requiring knowledge of R programming. OpenMEE offers a suite of advanced meta‐analysis and meta‐regression methods for synthesizing continuous and categorical data, including meta‐regression with multiple covariates and their interactions, phylogenetic analyses, and simple missing data imputation. OpenMEE also supports data importing and exporting, exploratory data analysis, graphing of data, and summary table generation. As intuitive, open‐source, free software for advanced methods in meta‐analysis, OpenMEE meets the current and pressing needs of the E&E community for teaching meta‐analysis and conducting high‐quality syntheses. Because OpenMEE 's statistical components are written in R , new methods and packages can be rapidly incorporated into the software. To fully realize the potential of OpenMEE , we encourage community development with an aim to advance the capabilities of meta‐analyses in E&E.",openalex,llm,1.000,unreviewed,,doi:10.1111/2041-210x.12708
discarded,Good practice for conducting and reporting MEG research,Joachim Groß; Sylvain Baillet; Gareth Robert Barnes; Richard N. Henson; Arjan Hillebrand; Ole Jensen; Karim Jerbi; Vladimir Litvak; Burkhard Maeß; Robert Oostenveld; Lauri T. Parkkonen; Jason R. Taylor; Virginie van Wassenhove; Michael Wibral; Jan‐Mathijs Schoffelen,2012,NeuroImage,10.1016/j.neuroimage.2012.10.001,https://openalex.org/W2119656999,off-topic-false-hit,"Magnetoencephalographic (MEG) recordings are a rich source of information about the neural dynamics underlying cognitive processes in the brain, with excellent temporal and good spatial resolution. In recent years there have been considerable advances in MEG hardware developments and methods. Sophisticated analysis techniques are now routinely applied and continuously improved, leading to fascinating insights into the intricate dynamics of neural processes. However, the rapidly increasing level of complexity of the different steps in a MEG study make it difficult for novices, and sometimes even for experts, to stay aware of possible limitations and caveats. Furthermore, the complexity of MEG data acquisition and data analysis requires special attention when describing MEG studies in publications, in order to facilitate interpretation and reproduction of the results. This manuscript aims at making recommendations for a number of important data acquisition and data analysis steps and suggests details that should be specified in manuscripts reporting MEG studies. These recommendations will hopefully serve as guidelines that help to strengthen the position of the MEG research community within the field of neuroscience, and may foster discussion in order to further enhance the quality and impact of MEG research.",openalex,llm,1.000,unreviewed,,doi:10.1016/j.neuroimage.2012.10.001
discarded,Toward automatic generation of novice user test scripts,David J. Kasik; Harry G. George,1996,,10.1145/238386.238519,https://openalex.org/W2068729778,off-topic-false-hit,"Graphical user interfaces (GUI's) make applications easier to learn and use.At the same time, they make application design, construction, and especially test more difficult because user-directed dialogs increase the number of potential execution paths.This paper considers a subset of GUI-based application testing: how to exercise an application like a novice user.We discuss different solutions and a specific implementation that uses genetic algorithms to automatically generate user events in an unpredictable yet controlled manner to produce novice-like test scripts.",openalex,llm,0.980,unreviewed,,doi:10.1145/238386.238519
discarded,"Motofit– integrating neutron reflectometry acquisition, reduction and analysis into one, easy to use, package",Andrew R. J. Nelson,2010,Journal of Physics Conference Series,10.1088/1742-6596/251/1/012094,https://openalex.org/W1972450829,off-topic-false-hit,"The efficient use of complex neutron scattering instruments is often hindered by the complex nature of their operating software. This complexity exists at each experimental step: data acquisition, reduction and analysis, with each step being as important as the previous. For example, whilst command line interfaces are powerful at automated acquisition they often reduce accessibility by novice users and sometimes reduce the efficiency for advanced users. One solution to this is the development of a graphical user interface which allows the user to operate the instrument by a simple and intuitive ""push button"" approach. This approach was taken by the Motofit software package for analysis of multiple contrast reflectometry data. Here we describe the extension of this package to cover the data acquisition and reduction steps for the Platypus time-of-flight neutron reflectometer. Consequently, the complete operation of an instrument is integrated into a single, easy to use, program, leading to efficient instrument usage.",openalex,llm,1.000,unreviewed,,doi:10.1088/1742-6596/251/1/012094
discarded,The Rules of Beeping: Exchanging Messages Via Intentional “Missed Calls” on Mobile Phones,Jonathan Donner,2007,Journal of Computer-Mediated Communication,10.1111/j.1083-6101.2007.00383.x,https://openalex.org/W1999630110,off-topic-false-hit,"This article explores the practice of “beeping” or “missed calling” between mobile phone users, or calling a number and hanging up before the mobile’s owner can pick up the call. Most beeps are requests to call back immediately, but they can also send a pre-negotiated instrumental message such as “pick me up now” or a relational sign, such as “I’m thinking of you.” The practice itself is old, with roots in landline behaviors, but it has grown tremendously, particularly in the developing world. Based on interviews with small business owners and university students in Rwanda, the article identifies three kinds of beeps (callback, pre-negotiated instrumental, and relational) and the norms governing their use. It then assesses the significance of the practice using adaptive structuration theory. In concluding, the article contrasts beeping with SMS/text messaging, discusses its implications for increasing access to telecommunications services, and suggests paths for future research.",openalex,llm,1.000,unreviewed,,doi:10.1111/j.1083-6101.2007.00383.x
discarded,Advanced Bayesian Multilevel Modeling with the R Package brms,Paul‐Christian Bürkner,2018,The R Journal,10.32614/rj-2018-017,https://openalex.org/W2766160192,off-topic-false-hit,"The brms package allows R users to easily specify a wide range of Bayesian single-level and multilevel models, which are fitted with the probabilistic programming language Stan behind the scenes. Several response distributions are supported, of which all parameters (e.g., location, scale, and shape) can be predicted at the same time thus allowing for distributional regression. Non-linear relationships may be specified using non-linear predictor terms or semi-parametric approaches such as splines or Gaussian processes. To make all of these modeling options possible in a multilevel framework, brms provides an intuitive and powerful formula syntax, which extends the well known formula syntax of lme4. The purpose of the present paper is to introduce this syntax in detail and to demonstrate its usefulness with four examples, each showing other relevant aspects of the syntax.",openalex,llm,0.990,unreviewed,,doi:10.32614/rj-2018-017
discarded,Analysis of Computer Intrusions Using Sequences of Function Calls,Sean Peisert; Matt Bishop; Sidney Karin; Keith Marzullo,2007,IEEE Transactions on Dependable and Secure Computing,10.1109/tdsc.2007.1003,https://openalex.org/W1983107693,off-topic-false-hit,"This paper demonstrates the value of analyzing sequences of function calls for forensic analysis. Although this approach has been used for intrusion detection (that is, determining that a system has been attacked), its value in isolating the cause and effects of the attack has not previously been shown. We also look for not only the presence of unexpected events but also the absence of expected events. We tested these techniques using reconstructed exploits in su, ssh, and lpr, as well as proof-of-concept code, and, in all cases, were able to detect the anomaly and the nature of the vulnerability.",openalex,llm,1.000,unreviewed,,doi:10.1109/tdsc.2007.1003
discarded,A Survey and Classification of Controlled Natural Languages,Tobias Kuhn,2013,Computational Linguistics,10.1162/coli_a_00168,https://openalex.org/W2101493333,off-topic-false-hit,"What is here called controlled natural language (CNL) has traditionally been given many different names. Especially during the last four decades, a wide variety of such languages have been designed. They are applied to improve communication among humans, to improve translation, or to provide natural and intuitive representations for formal notations. Despite the apparent differences, it seems sensible to put all these languages under the same umbrella. To bring order to the variety of languages, a general classification scheme is presented here. A comprehensive survey of existing English-based CNLs is given, listing and describing 100 languages from 1930 until today. Classification of these languages reveals that they form a single scattered cloud filling the conceptual space between natural languages such as English on the one end and formal languages such as propositional logic on the other. The goal of this article is to provide a common terminology and a common model for CNL, to contribute to the understanding of their general nature, to provide a starting point for researchers interested in the area, and to help developers to make design decisions.",openalex,llm,0.990,unreviewed,,doi:10.1162/coli_a_00168
discarded,Multi-ethnic reference values for spirometry for the 3–95-yr age range: the global lung function 2012 equations,Philip H. Quanjer; Sanja Stanojevic; Tim James Cole; Xaver Baur; Graham L. Hall; Bruce H. Culver; Paul Enright; John Hankinson; Msm Ip; Jinping Zheng; Janet Stocks; the ERS Global Lung Function Initiative,2012,European Respiratory Journal,10.1183/09031936.00080312,https://openalex.org/W2099449365,off-topic-false-hit,"The aim of the Task Force was to derive continuous prediction equations and their lower limits of normal for spirometric indices, which are applicable globally. Over 160,000 data points from 72 centres in 33 countries were shared with the European Respiratory Society Global Lung Function Initiative. Eliminating data that could not be used (mostly missing ethnic group, some outliers) left 97,759 records of healthy nonsmokers (55.3% females) aged 2.5-95 yrs. Lung function data were collated and prediction equations derived using the LMS method, which allows simultaneous modelling of the mean (mu), the coefficient of variation (sigma) and skewness (lambda) of a distribution family. After discarding 23,572 records, mostly because they could not be combined with other ethnic or geographic groups, reference equations were derived for healthy individuals aged 3-95 yrs for Caucasians (n=57,395), African-Americans (n=3,545), and North (n=4,992) and South East Asians (n=8,255). Forced expiratory value in 1 s (FEV(1)) and forced vital capacity (FVC) between ethnic groups differed proportionally from that in Caucasians, such that FEV(1)/FVC remained virtually independent of ethnic group. For individuals not represented by these four groups, or of mixed ethnic origins, a composite equation taken as the average of the above equations is provided to facilitate interpretation until a more appropriate solution is developed. Spirometric prediction equations for the 3-95-age range are now available that include appropriate age-dependent lower limits of normal. They can be applied globally to different ethnic groups. Additional data from the Indian subcontinent and Arabic, Polynesian and Latin American countries, as well as Africa will further improve these equations in the future.",openalex,llm,1.000,unreviewed,,doi:10.1183/09031936.00080312
discarded,"Class Advantage, Commitment Penalty",Lauren A. Rivera; András Tilcsik,2016,American Sociological Review,10.1177/0003122416668154,https://openalex.org/W2401807756,off-topic-false-hit,"Research on the mechanisms that reproduce social class advantages in the United States focuses primarily on formal schooling and pays less attention to social class discrimination in labor markets. We conducted a résumé audit study to examine the effect of social class signals on entry into large U.S. law firms. We sent applications from fictitious students at selective but non-elite law schools to 316 law firm offices in 14 cities, randomly assigning signals of social class background and gender to otherwise identical résumés. Higher-class male applicants received significantly more callbacks than did higher-class women, lower-class women, and lower-class men. A survey experiment and interviews with lawyers at large firms suggest that, relative to lower-class applicants, higher-class candidates are seen as better fits with the elite culture and clientele of large law firms. But, although higher-class men receive a corresponding overall boost in evaluations, higher-class women do not, because they face a competing, negative stereotype that portrays them as less committed to full-time, intensive careers. This commitment penalty faced by higher-class women offsets class-based advantages these applicants may receive in evaluations. Consequently, signals of higher-class origin provide an advantage for men but not for women in this elite labor market.",openalex,llm,1.000,unreviewed,,doi:10.1177/0003122416668154
discarded,Teaching L2 Learners How to Listen Does Make a Difference: An Empirical Study,Larry Vandergrift; Marzieh H. Tafaghodtari,2010,Language Learning,10.1111/j.1467-9922.2009.00559.x,https://openalex.org/W1875204997,off-topic-false-hit,"This study investigated the effects of a metacognitive, process‐based approach to teaching second language (L2) listening over a semester. Participants (N = 106) came from six intact sections of French as a second language (FSL) courses. The experimental group (n = 59) listened to texts using a methodology that led learners through the metacognitive processes (prediction/planning, monitoring, evaluating, and problem solving) underlying successful L2 listening. The control group (n = 47), taught by the same teacher, listened to the same texts the same number of times but without any guided attention to process. Development of metacognition about L2 listening, tracked using the Metacognitive Awareness Listening Questionnaire (MALQ), was measured at the beginning, middle, and end points of the study. As hypothesized, the experimental group significantly outperformed the control group on the final comprehension measure, after we controlled for initial differences. The hypothesis that the less skilled listeners in the experimental group would make greater gains than their more skilled peers was also verified. Transcript data from stimulated‐recall sessions provide further evidence of a growing learner awareness of the metacognitive processes underlying successful L2 listening, as MALQ student responses changed over the duration of the study.",openalex,llm,1.000,unreviewed,,doi:10.1111/j.1467-9922.2009.00559.x
discarded,How novices design business processes,Jan Recker; Norizan Safrudin; Michael Rosemann,2011,Information Systems,10.1016/j.is.2011.07.001,https://openalex.org/W1573021120,off-topic-false-hit,,openalex,llm,0.940,unreviewed,,doi:10.1016/j.is.2011.07.001
discarded,Do Employers Prefer Fathers? Evidence from a Field Experiment Testing the Gender by Parenthood Interaction Effect on Callbacks to Job Applications,Magnus Bygren; Anni Erlandsson; Michael Gähler,2017,European Sociological Review,10.1093/esr/jcx051,https://openalex.org/W2620040542,off-topic-false-hit,"In research on fatherhood premiums and motherhood penalties in career-related outcomes, employers’ discriminatory behaviours are often argued to constitute a possible explanation for observed gender gaps. However, there is as yet no conclusive evidence of such discrimination. Utilizing a field experiment design, we test (i) whether job applicants are subject to recruitment discrimination on the basis of their gender and parenthood status, and (ii) whether discrimination by gender and parenthood is conditional on the qualifications required by the job applied for. We applied for 2,144 jobs in the Swedish labour market, randomly assigning gender and parenthood status to fictitious job applicants. Based on the rate of callbacks, we do not find that employers practise systematic recruitment discrimination on the basis of the job applicants’ gender or parental status, neither in relation to less qualified nor more highly qualified jobs.",openalex,llm,1.000,unreviewed,,doi:10.1093/esr/jcx051
