status,title,authors,year,venue,doi,url,tags,abstract,provider,decision_source,llm_confidence,llm_review_outcome,llm_change_direction,paper_id
discarded,Effect of Caffeine Ingestion on Muscular Strength and Endurance,Gordon L. Warren; NICOLE D. PARK; ROBERT D. MARESCA; KIMBERLY I. MCKIBANS; MELINDA L. MILLARD-STAFFORD,2010,Medicine & Science in Sports & Exercise,10.1249/mss.0b013e3181cabbd8,https://openalex.org/W2064800875,off-topic-false-hit,"PURPOSE: Our objective was to perform a systematic review and meta-analysis of the research literature assessing the effect of caffeine ingestion on maximal voluntary contraction (MVC) strength and muscular endurance. METHODS: Thirty-four relevant studies between 1939 and 2008 were included in the meta-analyses of caffeine's effects on MVC strength (n = 27 studies) and muscular endurance (n = 23 studies). Effect sizes (ES) were calculated as the standardized mean difference and meta-analyses were completed using a random-effects model. RESULTS: Overall, caffeine ingestion was found to result in a small beneficial effect on MVC strength (overall ES = 0.19, P = 0.0003). However, caffeine appears to improve MVC strength primarily in the knee extensors (i.e., by approximately 7%, ES = 0.37) and not in other muscle groups such as the forearm or the knee flexors. In an attempt to offer a physiological mechanism behind caffeine's ability to improve MVC strength, a meta-analysis was run on ES from nine studies that measured percent muscle activation during MVC in trials comparing caffeine versus placebo; the overall ES (0.67) was highly significant (P = 0.00008) and of moderate to large size, thus implicating an effect of caffeine on the CNS. Caffeine ingestion was also found to exert a small beneficial effect on muscular endurance (overall ES = 0.28, P = 0.00005). However, it appears caffeine improves muscular endurance only when it is assessed using open (i.e., by approximately 18%, ES = 0.37) and not fixed end point tests. CONCLUSIONS: Overall, caffeine ingestion improves MVC strength and muscular endurance. The effect on strength appears exclusively in the knee extensors, and the effect on muscular endurance appears only detectable with open end point tests.",openalex,llm,1.000,unreviewed,,doi:10.1249/mss.0b013e3181cabbd8
discarded,Twitch potentiation after voluntary contraction,Anthony A. Vandervoort; J. Quinlan; Alan J. McComas,1983,Experimental Neurology,10.1016/0014-4886(83)90163-2,https://openalex.org/W2011874965,off-topic-false-hit,,openalex,llm,0.990,unreviewed,,doi:10.1016/0014-4886(83)90163-2
discarded,Motor unit behaviour and contractile changes during fatigue in the human first dorsal interosseus,Alain Carpentier; Jacques Duchateau; Karl Hainaut,2001,The Journal of Physiology,10.1111/j.1469-7793.2001.00903.x,https://openalex.org/W2110884093,off-topic-false-hit,"1. In 67 single motor units, the mechanical properties, the recruitment and derecruitment thresholds, and the discharge rates were recorded concurrently in the first dorsal interosseus (FDI) of human subjects during intermittent fatiguing contractions. The task consisted of isometric ramp-and-hold contractions performed at 50 % of the maximal voluntary contraction (MVC). The purpose of this study was to examine the influence of fatigue on the behaviour of motor units with a wide range of activation thresholds. 2. For low-threshold (< 25 % MVC) motor units, the mean twitch force increased with fatigue and the recruitment threshold either did not change or increased. In contrast, the twitch force and the activation threshold decreased for the high-threshold (> 25 % MVC) units. The observation that in low-threshold motor units a quick stretch of the muscle at the end of the test reset the unit force and recruitment threshold to the prefatigue value suggests a significant role for fatigue-related changes in muscle stiffness but not twitch potentiation or motor unit synchronization. 3. Although the central drive intensified during the fatigue test, as indicated by an increase in surface electromyogram (EMG), the discharge rate of the motor units during the hold phase of each contraction decreased progressively over the course of the task for motor units that were recruited at the beginning of the test, especially the low-threshold units. In contrast, the discharge rates of newly activated units first increased and then decreased. 4. Such divergent behaviour of low- and high-threshold motor units could not be individually controlled by the central drive to the motoneurone pool. Rather, the different behaviours must be the consequence of variable contributions from motoneurone adaptation and afferent feedback from the muscle during the fatiguing contraction.",openalex,llm,1.000,unreviewed,,doi:10.1111/j.1469-7793.2001.00903.x
discarded,Muscle specificity in tests of cervical flexor muscle performance,Shaun Patrick O’Leary; Deborah Falla; Gwendolen Anne Jull; Bill Vicenzino,2006,Journal of Electromyography and Kinesiology,10.1016/j.jelekin.2005.10.006,https://openalex.org/W2103775711,off-topic-false-hit,,openalex,llm,0.990,unreviewed,,doi:10.1016/j.jelekin.2005.10.006
discarded,Training-Related Adaptations in Motor Unit Discharge Rate in Young and Older Adults,Gary Kamen; Christopher A. Knight,2004,The Journals of Gerontology Series A,10.1093/gerona/59.12.1334,https://openalex.org/W2097129630,off-topic-false-hit,"BACKGROUND: This study evaluated changes in motor unit (MU) firing rates in young and older adults during exercise training. METHODS: Vastus lateralis MU discharge rates were measured in 8 young and 7 older adults. Each participant performed isometric knee extension contractions at 10%, 50%, and 100% of maximal voluntary contraction or effort (MVC) on two separate occasions. Participants then completed a 6-week resistance exercise training protocol. RESULTS: Significant increases in maximal force were observed as early as 1 week after the first baseline testing session, and these were accompanied by increases in the MU discharge rate. Exercise training increased maximal voluntary force by 29% and 36% in the young and older adults, respectively. Motor unit discharge rates at 100% of maximal effort were significantly greater in the young (24.7 pps) than in the older adults (17.8 pps). Furthermore, the young adults also exhibited significantly greater discharge rates at 50% MVC, but there were no differences at the 10% force level. Maximal MU discharge rates increased during the 1-week period separating the two initial testing sessions. After the 6-week training period, maximal MU discharge rates were 15% higher for the young adults and 49% higher for the older adults. No changes in discharge rates were observed for either group at 10% or 50% MVC after exercise training. CONCLUSIONS: The early increase in maximal MU discharge rate with repeated maximal force assessment may comprise an important neural mechanism mediating early, rapid gains in muscular force capability.",openalex,llm,1.000,unreviewed,,doi:10.1093/gerona/59.12.1334
discarded,Changes in surface EMG parameters during static and dynamic fatiguing contractions,Kazumi Masuda; Tadashi Masuda; Tsugutake Sadoyama; Mitsuharu Inaki; Shigeru Katsuta,1999,Journal of Electromyography and Kinesiology,10.1016/s1050-6411(98)00021-2,https://openalex.org/W2110018677,off-topic-false-hit,,openalex,llm,0.990,unreviewed,,doi:10.1016/s1050-6411(98)00021-2
discarded,Factors Affecting Force Loss With Prolonged Stretching,David George Behm; Duane C. Button; Jeremy C. Butt,2001,Canadian Journal of Applied Physiology,10.1139/h01-017,https://openalex.org/W2133076385,off-topic-false-hit,"The purpose of this study was to investigate the factors underlying the force loss occurring after prolonged, static, passive stretching. Subjects were tested before and 5-10 min following 20 min of static, passive stretching of the quadriceps (N=12) or a similar period of no stretch (control, N=6). Measurements included isometric maximal voluntary contraction (MVC) force, surface integrated electromyographic (iEMG) activity of the quadriceps and hamstrings, evoked contractile properties (twitch and tetanic force), and quadriceps inactivation as measured by the interpolated twitch technique (ITT). Following stretching, there was a significant 12% decrement in MVC with no significant changes in the control group. Muscle inactivation as measured by the ITT and iEMG increased by 2.8% and 20.2%, respectively. While twitch forces significantly decreased 11.7%, there was no change in tetanic force post-stretch. Although possible increases in muscle compliance affected twitch force, a lack of tetanic force change would suggest that post-stretch force decrements are more affected by muscle inactivation than changes in muscle elasticity.",openalex,llm,1.000,unreviewed,,doi:10.1139/h01-017
discarded,Influence of a voluntary fatigue test on the contralateral homologous muscle in humans?,Inge Zijdewind; Machiel J. Zwarts; Daniel Kernell,1998,Neuroscience Letters,10.1016/s0304-3940(98)00609-0,https://openalex.org/W2010629229,off-topic-false-hit,,openalex,llm,0.990,unreviewed,,doi:10.1016/s0304-3940(98)00609-0
discarded,Motor unit firing rates and contractile properties in tibialis anterior of young and old men,Denise M. Connelly; Charles L. Rice; Martin R. Roos; Anthony A. Vandervoort,1999,Journal of Applied Physiology,10.1152/jappl.1999.87.2.843,https://openalex.org/W2157897991,off-topic-false-hit,"The effects of aging on motoneuron firing rates and muscle contractile properties were studied in tibialis anterior muscle by comparing results from six young (20.8 +/- 0.8 yr) and six old men (82.0 +/- 1.7 yr). For each subject, data were collected from repeated tests over a 2-wk period. Contractile tests included maximal voluntary contraction (MVC) with twitch interpolation and stimulated twitch contractions. The old men had 26% lower MVC torque (P < 0.01) than did the young men, but percent activation was not different (99.1 and 99.3%, respectively). Twitch contraction durations were 23% longer (P < 0.01) in the old compared with the young men. During a series of repeated brief steady-state contractions at 10, 25, 50, 75, and 100% MVC, motor unit firing rates were recorded. Results from approximately 950 motor unit trains in each subject group indicated that at all relative torque levels mean firing rates were 30-35% lower (P < 0.01) in the old subjects. Comparisons between young and old subjects' mean firing rates at each of 10%, 50%, and MVC torques and their corresponding mean twitch contraction duration yielded a range of moderate-to-high correlations (r = -0.67 to -0.84). That lower firing rates were matched to longer twitch contraction durations in the muscle of old men, and relatively higher firing rates were matched with shorter contraction times from the young men, indirectly supports the neuromuscular age-related remodeling principle.",openalex,llm,1.000,unreviewed,,doi:10.1152/jappl.1999.87.2.843
discarded,Noninvasive measurement of human forearm oxygen consumption by near infrared spectroscopy,Roberto Alberto De Blasi; Mark Cope; Clare E. Elwell; Fauzia Safoue; Marco Ferrari,1993,European Journal of Applied Physiology,10.1007/bf00377698,https://openalex.org/W2094780155,off-topic-false-hit,,openalex,llm,0.990,unreviewed,,doi:10.1007/bf00377698
discarded,"Quadriceps muscle strength, contractile properties, and motor unit firing rates in young and old men",Martin R. Roos; Charles L. Rice; Denise M. Connelly; Anthony A. Vandervoort,1999,Muscle & Nerve,10.1002/(sici)1097-4598(199908)22:8<1094::aid-mus14>3.0.co;2-g,https://openalex.org/W1969767382,off-topic-false-hit,"Changes with age in the voluntary static and dynamic strength of the quadriceps muscle group have been well characterized, and the importance of the muscle group for locomotion and independent living have been highlighted in both normal human aging and in clinical studies. Surprisingly few studies of this muscle group have described age-related changes in voluntary activation ability using twitch interpolation and changes in stimulated contractile properties, and none have assessed the influence of old age on motor unit firing rates. We compared in 13 young (mean age 26 years) and 12 old (mean age 80 years) men the voluntary isometric strength, stimulated contractile properties, and average steady state motor unit firing rates in the quadriceps muscle. Maximum voluntary contraction (MVC) force and twitch tension were approximately 50% lower in the old men, but contractile speed was only approximately 10% slower than in the young men. There was no difference in the ability of either group to activate the quadriceps to a high degree (94-96%). At all isometric force levels tested (10%, 25%, 50%, 75%, and 100% MVC), there were no differences in mean motor unit firing rates. In both groups, the range of firing rates was similar and not large ( approximately 8 Hz at 10% MVC and 26 Hz at MVC). Thus, the substantial age-related weakness in this muscle does not seem to be related to changes in neural drive.",openalex,llm,1.000,unreviewed,,doi:10.1002/(sici)1097-4598(199908)22:8<1094::aid-mus14>3.0.co;2-g
kept,A Validated Set of Smells in Model-View-Controller Architectures,Maurício Aniche; Gabriele Bavota; Christoph Treude; Arie Van Deursen; Marco Aurélio Gerosa,2016,2016 IEEE International Conference on Software Maintenance and Evolution (ICSME),10.1109/ICSME.2016.12,https://ieeexplore.ieee.org/document/7816470/,qualifies-claim,"Code smells are symptoms of poor design and implementation choices that may hinder code comprehension, and possibly increase change-and defect-proneness. A vast catalogue of smells has been defined in the literature, and it includes smells that can be found in any kind of system (e.g., God Classes), regardless of their architecture. On the other hand, software systems adopting specific architectures (e.g., the Model-View-Controller pattern) can be also affected by other types of poor practices. We surveyed and interviewed 53 MVC developers to collect bad practices to avoid while working on Web MVC applications. Then, we followed an open coding procedure on the collected answers to define a catalogue of six Web MVC smells, namely Brain Repository, Fat Repository, Promiscuous Controller, Brain Controller, Laborious Repository Method, and Meddling Service. Then, we ran a study on 100 MVC projects to assess the impact of these smells on code change-and defect-proneness. In addition, we surveyed 21 developers to verify their perception of the defined smells. The achieved results show that the Web MVC smells (i) more often than not, increase change-and defect-proneness of classes, and (ii) are perceived by developers as severe problems.",ieee,llm,0.980,unreviewed,,doi:10.1109/icsme.2016.12
kept,Detection of embedded code smells in dynamic web applications,Hung Viet Nguyen; Hoan Anh Nguyen; Tung Thanh Nguyen; Anh Tuan Nguyen; Tien N. Nguyen,2012,2012 Proceedings of the 27th IEEE/ACM International Conference on Automated Software Engineering,10.1145/2351676.2351724,https://ieeexplore.ieee.org/document/6494936/,supports-claim,"In dynamic Web applications, there often exists a type of code smells, called embedded code smells, that violate important principles in software development such as software modularity and separation of concerns, resulting in much maintenance effort. Detecting and fixing those code smells is crucial yet challenging since the code with smells is embedded and generated from the server-side code. We introduce WebScent, a tool to detect such embedded code smells. WebScent first detects the smells in the generated code, and then locates them in the server-side code using the mapping between client-side code fragments and their embedding locations in the server program, which is captured during the generation of those fragments. Our empirical evaluation on real-world Web applications shows that 34%-81% of the tested server files contain embedded code smells. We also found that the source files with more embedded code smells are likely to have more defects and scattered changes, thus potentially require more maintenance effort.",ieee,llm,0.860,unreviewed,,doi:10.1145/2351676.2351724
discarded,MVP: Minimum-Violations Partitioning for Reducing Capture Power in At-Speed Delay-Fault Testing,Zhen Chen; Krishnendu Chakrabarty; Dong Xiang,2011,IEEE Transactions on Computer-Aided Design of Integrated Circuits and Systems,10.1109/TCAD.2011.2162237,https://ieeexplore.ieee.org/document/6046167/,off-topic-false-hit,"Scan shift power can be reduced by activating only a subset of scan cells in each shift cycle. In contrast to shift power reduction, the use of only a subset of scan cells to capture responses in a cycle may cause capture violations, thereby leading to fault coverage loss. In order to restore the original fault coverage, new test patterns must be generated, leading to higher test-data volume. In this paper, we propose minimum-violations partitioning, a scan-cell clustering method that can support multiple capture cycles in delay testing without increasing test-data volume. This method is based on an integer linear programming model and it can cluster the scan flip-flops into balanced parts with minimum capture violations. Based on this approach, hierarchical partitioning is proposed to make the partitioning method routing-aware. Experimental results on ISCAS'89 and IWLS'05 benchmark circuits demonstrate the effectiveness of our method.",ieee,llm,1.000,unreviewed,,doi:10.1109/tcad.2011.2162237
discarded,MVP: Capture-power reduction with minimum-violations partitioning for delay testing,Zhen Chen; Krishnendu Chakrabarty; Dong Xiang,2010,2010 IEEE/ACM International Conference on Computer-Aided Design (ICCAD),10.1109/ICCAD.2010.5654124,https://ieeexplore.ieee.org/document/5654124/,off-topic-false-hit,"Scan shift power can be reduced by activating only a subset of scan cells in each shift cycle. In contrast to shift power reduction, the use of only a subset of scan cells to capture responses in a cycle may cause capture violations, thereby leading to fault coverage loss. In order to restore the original fault coverage, new test patterns must be generated, leading to higher test-data volume. In this paper, we propose minimum-violations partitioning (MVP), a scan-cell clustering method that can support multiple capture cycles in delay testing without increasing test-data volume. This method is based on an integer linear programming model and it can cluster the scan flip-flops into balanced parts with minimum capture violations. Based on this approach, hierarchical partitioning is proposed to make the partitioning method routingaware. Experimental results on ISCAS'89 and IWLS'05 benchmark circuits demonstrate the effectiveness of our method.",ieee,llm,1.000,unreviewed,,doi:10.1109/iccad.2010.5654124
kept,Light-Weight and Scalable Hierarchical-MVC Architecture for Cloud Web Applications,Meng Ma; Jun Yang; Ping Wang; Weijie Liu; Jingzhuo Zhang,2019,2019 6th IEEE International Conference on Cyber Security and Cloud Computing (CSCloud)/ 2019 5th IEEE International Conference on Edge Computing and Scalable Cloud (EdgeCom),10.1109/CSCloud/EdgeCom.2019.00017,https://ieeexplore.ieee.org/document/8854019/,supports-claim; qualifies-claim,"Nowadays, with the prevalence of cloud computing, the demand for modular and scalable Web application development technologies is urgent. Dynamic contents and ubiquitous user interactions make Web applications increasingly complicated. A majority of current web applications leverage a Model-View-Controller (MVC) architectural style. Since the MVC triad does not provide feature-based modularization, Web applications in pure MVC style are experiencing scalability and maintainability issues. In this paper, we propose a light-weight and scalable hierarchical-MVC architecture for Web application development in Cloud environment, named Web Module Definition (WMD), which supports feature-based modularization and application structure. In WMD, the entire Web application is decomposed into interconnect WMD modules, which contains controllers and views for a single feature. WMD modules are able to include and extend others to handle complex business logic. In the meantime, we provide a Web application framework implementation supporting WMD-based architecture, and present a demonstration website using WMD.",ieee,llm,0.910,unreviewed,,doi:10.1109/cscloud/edgecom.2019.00017
