status,title,authors,year,venue,doi,url,tags,abstract,provider,decision_source,llm_confidence,llm_review_outcome,llm_change_direction,paper_id
kept,Interface usage measurements in a user interface management system,Dan R. Olsen; Bradley W. Halversen,1988,,10.1145/62402.62420,https://openalex.org/W2048990642,supports-claim,User Interface Management Systems have provided support for most user interface design personnel with the exception of dialogue evaluators. Potential support that a UIMS can provide to evaluators of user interfaces generated by the UIMS are discussed. Metrics for measuring interactive behavior have been implemented as part of a User Interface Management System. It is shown how the external control and separate dialogue description features of UIMSs make possible such measurements. These metrics are automatically mapped back to the responsible portions of the dialogue description. Reports are generated which aid interface evaluators in locating specific problems in a user interface design.,openalex,llm,0.940,unreviewed,,doi:10.1145/62402.62420
discarded,"Supporting concurrency, communication, and synchronization in human-computer interaction—the Sassafras UIMS",Ralph D. Hill,1986,ACM Transactions on Graphics,10.1145/24054.24055,https://openalex.org/W1963572625,adjacent-subtopic,"Sassafras is a prototype User Interface Management System (UIMS) specifically designed to support a wide range of user interface styles. In particular, it supports the implementation of user interfaces where the user is free to manipulate multiple input devices and perform several (possibly related) tasks concurrently. These interfaces can be compactly represented and efficiently implemented without violating any of the rules of well-structured programming. Sassafras also supports elaborate run-time communication and synchronization among the modules that make up the user interface. This is needed to implement user interfaces that have context-sensitive defaults, and it simplifies recovery from semantic errors. Sassafras is based on a new language for specifying the syntax of human-computer dialogues known as Event-Response Language (ERL) and a new run-time structure and communication mechanism for UIMSs known as the Local Event Broadcast Method (LEBM). Both ERL and LEBM are described in detail, and implementation techniques are presented. The effectiveness of Sassafras is demonstrated by describing two interfaces that have been implemented with Sassafras.",openalex,llm,0.690,unreviewed,,doi:10.1145/24054.24055
kept,"History, state and future of user interface management systems",Jonas Löwgren,1988,ACM SIGCHI Bulletin,10.1145/49103.49105,https://openalex.org/W2069399273,supports-claim,"This paper is an attempt to survey the topic of User Interface Management Systems (UIMSs). We give a short account of the historical development of UIMSs, try to capture what is regarded as state of the art in the area, and examine the role of a UIMS in the process of software development. We also summarize several future research directions commonly recognized as important.",openalex,llm,0.960,unreviewed,,doi:10.1145/49103.49105
discarded,A survey of three dialogue models,Mark Alan Green,1986,ACM Transactions on Graphics,10.1145/24054.24057,https://openalex.org/W2117081378,adjacent-subtopic,"A dialogue model is an abstract model that is used to describe the structure of the dialogue between a user and an interactive computer system. Dialogue models form the basis of the notations that are used in user interface management systems (UIMS). In this paper three classes of dialogue models are investigated. These classes are transition networks, grammars, and events. Formal definitions of all three models are presented, along with algorithms for converting the notations into an executable form. It is shown that the event model has the greatest descriptive power. Efficient algorithms for converting from the transition diagram and grammar models to the event model are presented. The implications of these results for the design and implementation of UIMSs are also discussed.",openalex,llm,0.820,unreviewed,,doi:10.1145/24054.24057
kept,MIKE: the menu interaction kontrol environment,Dan R. Olsen,1986,ACM Transactions on Graphics,10.1145/27623.28868,https://openalex.org/W2142572603,supports-claim,"A User Interface Management System (UIMS) called MIKE that does not use the syntactic specifications found in most UIMSs is described. Instead, MIKE provides a default syntax that is automatically generated from the definition of the semantic commands that the interaction is to support. The default syntax is refined using an interface editor that allows modification of the presentation of the interface. It is shown how active pictures can be created by adding action expressions to the viewports of MIKE's windowing system. The implications of MIKE's command-based dialogue description are discussed in terms of extensible interfaces, device and dialogue-style independence, and system support functions.",openalex,llm,0.900,unreviewed,,doi:10.1145/27623.28868
discarded,A brief history of human-computer interaction technology,Brad A. Myers,1998,interactions,10.1145/274430.274436,https://openalex.org/W2112741432,adjacent-subtopic,"Figure 1 shows the time span for some of the technologies discussed in this article. including when they were introduced. Of course, a deeper analysis would reveal signifi-cant interaction among the university, corpo-rate research, and commercial activity lines. It is important to appreciate that years of research are involved in creating and making these technologies ready for widespread use. The same will be true for the HCI technolo-gies currently being developed that will pro-vide the interfaces of tomorrow. Clearly it is impossible to list every system and source in a paper of this scope, but I have tried to represent the earliest and most influ-ential systems. Further information can be found in other surveys of HCI topics (see, for example, [1, 11, 36, 41]). Another useful resource is the video All The Widgets, which shows the historical progression of a number of user interface ideas [27]. The technologies discussed in this paper include fundamental interaction styles such as direct manipulation, the mouse pointing device, and windows; several important kinds of application areas, such as drawing, text editing, and spreadsheets; the technologies that will likely have the biggest impact on interfaces of the future, such as gesture recog-nition, multimedia, and three-dimensionality; and the technologies used to create interfaces using the other technologies, such as user interface management systems, toolkits, and interface builders.",openalex,llm,0.700,unreviewed,,doi:10.1145/274430.274436
kept,Abstract interaction tools: a language for user interface management systems,Jan van den Bos,1988,ACM Transactions on Programming Languages and Systems,10.1145/42190.42191,https://openalex.org/W2082207996,supports-claim,"A language model is presented for the specification of User Interface Management Systems. The model, called the Abstract Interaction Tool (AIT) model, offers a tree-like hierarchy of interaction objects. Each object represents a subtree and can be considered as an abstract input device containing a syntax-like specification of the required input pattern. The hierarchy of specifications amounts to a system of syntactical productions with multiple control. Terminal nodes of the AIT tree represent the interface to the physical interaction devices. The AIT model features hierarchical output resource management. At the higher, more abstract, level the input-output is loosely coupled. At lower levels the coupling becomes increasingly tight. At the upper levels, AITs model the functions (what) required by the user, whereas at the lower levels the way to accomplish them (how) is stressed. The AIT model has modes for multithread and multiple-device user interaction. There are facilities for context-dependent prompting, echoing, feedback, error correction, and expertise levels. A special section in the AIT provides for links to application modules. As a model for general interactive systems, AITs can be applied to graphics, process control, dialogue, and real-time systems. AITs can also be used to define controlled production rules in knowledge-based systems. In addition the model can provide tools for the software engineering phases specification and prototyping.",openalex,llm,0.890,unreviewed,,doi:10.1145/42190.42191
kept,Using active data in a UIMS,Tyson R. Henry; Scott E. Hudson,1988,,10.1145/62402.62429,https://openalex.org/W1987929776,qualifies-claim,"An active data model is one that not only stores data, but also acts upon changes to the data in ways that reflect application domain semantics. This paper introduces an active object-oriented model based on incremental attribute evaluation (one-way constraints) and discusses how it can be used to support a number of tasks in a User Interface Management System. It is shown how this model can provide unified support for lexical, syntactic, and semantic feedback, how the model supports the specification and implementation of dynamically changing graphical layouts, and how the model can be used as the basis for support of user extensible interfaces.",openalex,llm,0.840,unreviewed,,doi:10.1145/62402.62429
discarded,Statemaster: A UIMS based on statechart for prototyping and target implementation,Pierre D. Wellner,1989,,10.1145/67449.67486,https://openalex.org/W1985938832,adjacent-subtopic,"Most User Interface Management systems are state based and some use state transition diagrams for dialog specification. Although these diagrams have significant advantages, they suffer from drawbacks that make them impractical for the specification of complex user interfaces. Statecharts are a hierarchical extension of state transition diagrams and are well suited for specification of complex user interface dialogs. Statemaster is a UIMS implemented in C + + that uses statecharts for dialog specification. It has been successfully used both for rapid prototyping and target implementation of user interfaces. This paper describes the use of statecharts for dialog specification and the implementation of Statemaster.",openalex,llm,0.830,unreviewed,,doi:10.1145/67449.67486
kept,ITS: a tool for rapidly developing interactive applications,Charles F. Wiecha; William Bennett; Stephen J. Boies; John Gould; Sharon L. Greene,1990,ACM Transactions on Information Systems,10.1145/98188.98194,https://openalex.org/W2118826983,supports-claim,"The ITS architecture separates applications into four layers. The action layer implements back-end application functions. The dialog layer defines the content of the user interface, independent of its style. Content specifies the objects included in each frame of the interface, the flow of control among frames, and what actions are associated with each object. The style rule layer defines the presentation and behavior of a family of interaction techniques. Finally, the style program layer implements primitive toolkit objects that are composed by the rule layer into complete interaction techniques. This paper describes the architecture in detail, compares it with previous User Interface Management systems and toolkits, and describes how ITS is being used to implement the visitor information system for EXPO '92.",openalex,llm,0.940,unreviewed,,doi:10.1145/98188.98194
kept,Design alternatives for user interface management sytems based on experience with COUSIN,Philip J. Hayes; Pedro A. Szekely; Richard A. Lerner,1985,ACM SIGCHI Bulletin,10.1145/1165385.317488,https://openalex.org/W1998322375,supports-claim,"User interface management systems (UIMSs) provide user interfaces to application systems based on an abstract definition of the interface required. This approach can provide higher-quality interfaces at a lower construction cost. In this paper we consider three design choices for UIMSs which critically affect the quality of the user interfaces built with a UIMS, and the cost of constructing the interfaces. The choices are examined in terms of a general model of a UIMS. They concern the sharing of control between the UIMS and the applications it provides interfaces to, the level of abstraction in the definition of the information exchanged between user and application, and the level of abstraction in the definition of the sequencing of the dialogue. For each choice, we argue for a specific alternative. We go on to present COUSIN, a UIMS that provides graphical interfaces for a variety of applications based on highly abstracted interface definitions. COUSIN'S design corresponds to the alternatives we argued for in two out of three cases, and partially satisfies the third. An interface developed through, and run by COUSIN is described in some detail.",openalex,llm,0.920,unreviewed,,doi:10.1145/1165385.317488
discarded,A specification language for direct-manipulation user interfaces,Robert J.K Jacob,1986,ACM Transactions on Graphics,10.1145/27623.27624,https://openalex.org/W2046345502,adjacent-subtopic,"A direct-manipulation user interface presents a set of visual representations on a display and a repertoire of manipulations that can be performed on any of them. Such representations might include screen buttons, scroll bars, spreadsheet cells, or flowchart boxes. Interaction techniques of this kind were first seen in interactive graphics systems; they are now proving effective in user interfaces for applications that are not inherently graphical. Although they are often easy to learn and use, these interfaces are also typically difficult to specify and program clearly. Examination of direct-manipulation interfaces reveals that they have a coroutine-like structure and, despite their surface appearance, a peculiar, highly moded dialogue. This paper introduces a specification technique for direct-manipulation interfaces based on these observations. In it, each locus of dialogue is described as a separate object with a single-thread state diagram, which can be suspended and resumed, but retains state. The objects are then combined to define the overall user interface as a set of coroutines, rather than inappropriately as a single highly regular state transition diagram. An inheritance mechanism for the interaction objects is provided to avoid repetitiveness in the specifications. A prototype implementation of a user-interface management system based on this approach is described, and example specifications are given.",openalex,llm,0.880,unreviewed,,doi:10.1145/27623.27624
discarded,Supporting cognitive models as users,Frank E. Ritter; Gordon D. Baxter; Gary W. Jones; Richard M. Young,2000,ACM Transactions on Computer-Human Interaction,10.1145/353485.353486,https://openalex.org/W2130786469,adjacent-subtopic,"Cognitive models are computer programs that simulate human performance of cognitive skills. They have been useful to HCI by predicting task times, by assisting users, and by acting as surrogate users. If cognitive models could interact with the same interfaces that users do, the models would be easier to develop and would be easier to apply as interface testers. This approach can be encapsulated as a cognitive model interface management system (CMIMS), which is analogous to and based on a user interface management system (UIMS). We present five case studies using three different UIMSes. These show how models can interact with interfaces using an interaction mechanism that is designed to apply to all interfaces generated within a UIMS. These interaction mechanisms start to support and constrain performance in the same ways that human performance is supported and constrained by interaction. Most existing UIMSes can and should be extended to create CMIMSes, and models can and should use CMIMSes to look at larger and more complex tasks. CMIMSes will help to further exploit the synergy between the disciplines of cognitive modeling and HCI by supporting cognitive models as users.",openalex,llm,0.830,unreviewed,,doi:10.1145/353485.353486
discarded,The designer as user: building requirements for design tools from design practice,Mary Beth Rosson; Wendy A. Kellogg; Susanne Maaß,1988,Communications of the ACM,10.1145/50087.50090,https://openalex.org/W2034666369,adjacent-subtopic,"Software tools that support the design and development of interactive computing systems are an exciting possibility. The potential pay-off is great: user interface management systems, for example, promise not only to speed the process of specifying, implementing and maintaining user interface code, but also to guide the content of the user interfaces they support. As for any tool intended for human use, however, the success of software design tools will hinge on a thorough understanding of the problems they seek to address—design as it is practiced in the real world.",openalex,llm,0.780,unreviewed,,doi:10.1145/50087.50090
discarded,Directions for user interface management systems research,M Green,1987,ACM SIGGRAPH Computer Graphics,10.1145/24919.24927,https://openalex.org/W2014260649,adjacent-subtopic,"some cases this will be tricky, such as with the CS S transformation .) e A definition of the interaction techniques used to inpu t each type of information .• The syntax for commands .e Human performance data, for actions such as keying , mouse movement, device acquisitions .",openalex,llm,0.720,unreviewed,,doi:10.1145/24919.24927
discarded,The adaptable user interface,Eliezer Kantorowitz; Oded Sudarsky,1989,Communications of the ACM,10.1145/68814.68820,https://openalex.org/W1990059106,adjacent-subtopic,A single adaptable user interface (AUI) which allows the user to switch between any number of different dialogue modes at any time—even in the middle of a command—can be useful to a variety of users who are neither beginners nor experts. It can also be used in applications where different dialogue modes are appropriate for the various parameters of a single command. An implemented user interface management system (UIMS) suggests the practicality of AUIs and their automatic generation.,openalex,llm,0.890,unreviewed,,doi:10.1145/68814.68820
discarded,Generating user interfaces from data models and dialogue net specifications,Christian Janssen; Anette Weisbecker; Jürgen Ziegler,1993,,10.1145/169059.169335,https://openalex.org/W2031527489,adjacent-subtopic,"A method and a set of supporting tools have been developed for an improved integration of user interface design with software engineering methods and tools. Animated user interfaces for database-oriented applications are generated from an extended data model and a new graphical technique for specifying dialogues. Based on views defined for the data model, an expert system uses explicit design rules derived from existing guidelines for producing the static layout of the user interface. A petri net based technique called dialogue nets is used for specifying the dynamic behaviour. Output is generated for an existing user interface management system. The approach supports rapid prototyping while using the advantages of standard software engineering methods.",openalex,llm,0.840,unreviewed,,doi:10.1145/169059.169335
discarded,A software model and specification language for non-WIMP user interfaces,Robert J.K Jacob; Leonidas Deligiannidis; Stephen A. Morrison,1999,ACM Transactions on Computer-Human Interaction,10.1145/310641.310642,https://openalex.org/W2049287964,adjacent-subtopic,"We present a software model and language for describing and programming the fine-grained aspects of interaction in a non-WIMP user interface, such as a virtual environment. Our approach is based on our view that the essence of a non-WIMP dialogue is a set of continuous relationships—most of which are temporary. The model combines a data-flow or constraint-like component for the continuous relationships with an event-based component for discrete interactions, which can enable or diable individual continuous relationships. To demonstrate our approach, we present the PMIW user interface management system for non-WIMP interactions, a set of examples running under it, a visual editor for our user interface description language, and a discussion of our implemantation and our restricted use of constraints for a performance-driven interactive situation. Our goal is to provide a model and language that captures the formal structure of non-WIMP interactions in the way that various previous techniques have captured command-based, textual, and event-based styles and to suggest that using it need and not compromise real-time performance.",openalex,llm,0.890,unreviewed,,doi:10.1145/310641.310642
