status,title,authors,year,venue,doi,url,tags,abstract,provider,decision_source,llm_confidence,llm_review_outcome,llm_change_direction,paper_id
discarded,RevBayes: Bayesian Phylogenetic Inference Using Graphical Models and an Interactive Model-Specification Language,Sebastian Höhna; Michael J. Landis; Tracy A. Heath; Bastien Boussau; Nicolas Lartillot; Brian R. Moore; John P. Huelsenbeck; Fredrik Ronquist,2016,Systematic Biology,10.1093/sysbio/syw021,https://openalex.org/W2408731419,off-topic-false-hit,"Programs for Bayesian inference of phylogeny currently implement a unique and ﬁxed suite of models. Consequently, users of these software packages are simultaneously forced to use a number of programs for a given study, while also lacking the freedom to explore models that have not been implemented by the developers of those programs. We developed a new open-source software package, RevBayes, to address these problems. RevBayes is entirely based on probabilistic graphical models, a powerful generic framework for specifying and analyzing statistical models. Phylogenetic-graphical models can be speciﬁed interactively in RevBayes, piece by piece, using a new succinct and intuitive language called Rev. Rev is similar to the R language and the BUGS model-speciﬁcation language, and should be easy to learn for most users. The strength of RevBayes is the simplicity with which one can design, specify, and implement new and complex models. Fortunately, this tremendous ﬂexibility does not come at the cost of slower computation; as we demonstrate, RevBayes outperforms competing software for several standard analyses. Compared with other programs, RevBayes has fewer black-box elements. Users need to explicitly specify each part of the model and analysis. Although this explicitness may initially be unfamiliar, we are convinced that this transparency will improve understanding of phylogenetic models in our ﬁeld. Moreover, it will motivate the search for improvements to existing methods by brazenly exposing the model choices that we make to critical scrutiny. RevBayes is freely available at http://www.RevBayes.com [Bayesian inference; Graphical models; MCMC; statistical phylogenetics.].",openalex,llm,0.990,unreviewed,,doi:10.1093/sysbio/syw021
discarded,Motor and higher‐order functions topography of the human dentate nuclei identified with tractography and clustering methods,Fulvia Palesi; Matteo Ferrante; Marta Gaviraghi; Anastasia Misiti; Giovanni Savini; A. Lascialfari; Egidio Ugo D'Angelo; Claudia A. M. Gandini Wheeler‐Kingshott,2021,Human Brain Mapping,10.1002/hbm.25551,https://openalex.org/W3164665920,off-topic-false-hit,"Deep gray matter nuclei are the synaptic relays, responsible to route signals between specific brain areas. Dentate nuclei (DNs) represent the main output channel of the cerebellum and yet are often unexplored especially in humans. We developed a multimodal MRI approach to identify DNs topography on the basis of their connectivity as well as their microstructural features. Based on results, we defined DN parcellations deputed to motor and to higher-order functions in humans in vivo. Whole-brain probabilistic tractography was performed on 25 healthy subjects from the Human Connectome Project to infer DN parcellations based on their connectivity with either the cerebral or the cerebellar cortex, in turn. A third DN atlas was created inputting microstructural diffusion-derived metrics in an unsupervised fuzzy c-means classification algorithm. All analyses were performed in native space, with probability atlas maps generated in standard space. Cerebellar lobule-specific connectivity identified one motor parcellation, accounting for about 30% of the DN volume, and two non-motor parcellations, one cognitive and one sensory, which occupied the remaining volume. The other two approaches provided overlapping results in terms of geometrical distribution with those identified with cerebellar lobule-specific connectivity, although with some differences in volumes. A gender effect was observed with respect to motor areas and higher-order function representations. This is the first study that indicates that more than half of the DN volumes is involved in non-motor functions and that connectivity-based and microstructure-based atlases provide complementary information. These results represent a step-ahead for the interpretation of pathological conditions involving cerebro-cerebellar circuits.",openalex,llm,1.000,unreviewed,,doi:10.1002/hbm.25551
discarded,Automatic Testing of Higher Order Functions,Pieter Koopman; Rinus Plasmeijer,2006,Lecture notes in computer science,10.1007/11924661_9,https://openalex.org/W1578246685,off-topic-false-hit,,openalex,llm,0.990,unreviewed,,doi:10.1007/11924661_9
discarded,Algorithm + strategy = parallelism,Phil W. Trinder; Kevin L Hammond; H.-W. LOIDL; Simon Jones,1998,Journal of Functional Programming,10.1017/s0956796897002967,https://openalex.org/W1990195720,off-topic-false-hit,"The process of writing large parallel programs is complicated by the need to specify both the parallel behaviour of the program and the algorithm that is to be used to compute its result. This paper introduces evaluation strategies : lazy higher-order functions that control the parallel evaluation of non-strict functional languages. Using evaluation strategies, it is possible to achieve a clean separation between algorithmic and behavioural code. The result is enhanced clarity and shorter parallel programs. Evaluation strategies are a very general concept: this paper shows how they can be used to model a wide range of commonly used programming paradigms, including divide-and-conquer parallelism, pipeline parallelism, producer/consumer parallelism, and data-oriented parallelism. Because they are based on unrestricted higher-order functions, they can also capture irregular parallel structures. Evaluation strategies are not just of theoretical interest: they have evolved out of our experience in parallelising several large-scale parallel applications, where they have proved invaluable in helping to manage the complexities of parallel behaviour. Some of these applications are described in detail here. The largest application we have studied to date, Lolita, is a 40,000 line natural language engineering system. Initial results show that for these programs we can achieve acceptable parallel performance, for relatively little programming effort.",openalex,llm,0.990,unreviewed,,doi:10.1017/s0956796897002967
discarded,"Fast, easy, and cheap",Christopher J. Dyer; Aarón Córdova; Alex Mont; Jimmy Lin,2008,,10.3115/1626394.1626427,https://openalex.org/W2127797489,off-topic-false-hit,"In recent years, the quantity of parallel training data available for statistical machine translation has increased far more rapidly than the performance of individual computers, resulting in a potentially serious impediment to progress. Parallelization of the model-building algorithms that process this data on computer clusters is fraught with challenges such as synchronization, data exchange, and fault tolerance. However, the MapReduce programming paradigm has recently emerged as one solution to these issues: a powerful functional abstraction hides system-level details from the researcher, allowing programs to be transparently distributed across potentially very large clusters of commodity hardware. We describe MapReduce implementations of two algorithms used to estimate the parameters for two word alignment models and one phrase-based translation model, all of which rely on maximum likelihood probability estimates. On a 20-machine cluster, experimental results show that our solutions exhibit good scaling characteristics compared to a hypothetical, optimally-parallelized version of current state-of-the-art single-core tools.",openalex,llm,1.000,unreviewed,,doi:10.3115/1626394.1626427
discarded,Google Vizier,Daniel Golovin; Benjamin Solnik; Subhodeep Moitra; Greg Kochanski; John E. Karro; D. Sculley,2017,,10.1145/3097983.3098043,https://openalex.org/W2732547613,off-topic-false-hit,"Any sufficiently complex system acts as a black box when it becomes easier to experiment with than to understand. Hence, black-box optimization has become increasingly important as systems have become more complex. In this paper we describe Google Vizier, a Google-internal service for performing black-box optimization that has become the de facto parameter tuning engine at Google. Google Vizier is used to optimize many of our machine learning models and other systems, and also provides core capabilities to Google's Cloud Machine Learning HyperTune subsystem. We discuss our requirements, infrastructure design, underlying algorithms, and advanced features such as transfer learning and automated early stopping that the service provides.",openalex,llm,1.000,unreviewed,,doi:10.1145/3097983.3098043
discarded,Higher-order functions in aesthetic EC encodings,James McDermott; Jonathan Byrne; John Mark Swafford; Michael O’Neill; Anthony Brabazon,2010,,10.1109/cec.2010.5586077,https://openalex.org/W2152024475,off-topic-false-hit,"The use of higher-order functions, as a method of abstraction and re-use in EC encodings, has been the subject of relatively little research. In this paper we introduce and give motivation for the ideas of higher-order functions, and describe their general advantages in EC encodings. We implement grammars using higher-order ideas for two problem domains, music and 3D architectural design, and use these grammars in the grammatical evolution paradigm. We demonstrate four advantages of higher-order functions (patterning of phenotypes, non-entropic mutations, compression of genotypes, and natural expression of artistic knowledge) which lead to beneficial results on our problems.",openalex,llm,0.990,unreviewed,,doi:10.1109/cec.2010.5586077
discarded,Perturbation confusion in forward automatic differentiation of higher-order functions,Oleksandr Manzyuk; Barak A. Pearlmutter; Alexey Radul; David R. Rush; Jeffrey Mark Siskind,2019,Journal of Functional Programming,10.1017/s095679681900008x,https://openalex.org/W1533682968,off-topic-false-hit,"Abstract Automatic differentiation (AD) is a technique for augmenting computer programs to compute derivatives. The essence of AD in its forward accumulation mode is to attach perturbations to each number, and propagate these through the computation by overloading the arithmetic operators. When derivatives are nested, the distinct derivative calculations, and their associated perturbations, must be distinguished. This is typically accomplished by creating a unique tag for each derivative calculation and tagging the perturbations. We exhibit a subtle bug, present in fielded implementations which support derivatives of higher-order functions, in which perturbations are confused despite the tagging machinery, leading to incorrect results. The essence of the bug is as follows: a unique tag is needed for each derivative calculation, but in existing implementations unique tags are created when taking the derivative of a function at a point. When taking derivatives of higher-order functions, these need not correspond! We exhibit a simple example: a higher-order function f whose derivative at a point x , namely f ′( x ), is itself a function which calculates a derivative. This situation arises naturally when taking derivatives of curried functions. Two potential solutions are presented, and their deficiencies discussed. One uses eta expansion to delay the creation of fresh tags in order to put them into one-to-one correspondence with derivative calculations. The other wraps outputs of derivative operators with tag substitution machinery. Both solutions seem very difficult to implement without violating the desirable complexity guarantees of forward AD.",openalex,llm,1.000,unreviewed,,doi:10.1017/s095679681900008x
discarded,Optimization is easy and learning is hard in the typical function,Thomas M. English,2002,,10.1109/cec.2000.870741,https://openalex.org/W1952366669,off-topic-false-hit,"Elementary results in algorithmic information theory are invoked to show that almost all finite functions are highly random. That is, the shortest program generating a given function description is rarely much shorter than the description. It is also shown that the length of a program for learning or optimization poses a bound on the algorithmic information it supplies about any description. For highly random descriptions, success in guessing values is essentially accidental, but learning accuracy can be high in some cases if the program is long. Optimizers, on the other hand, are graded according to the goodness of values in partial functions they sample. In a highly random function, good values are as common and evenly dispersed as bad values, and random sampling of points is very efficient.",openalex,llm,1.000,unreviewed,,doi:10.1109/cec.2000.870741
discarded,A Skeleton Library,Herbert Kuchen,2002,Lecture notes in computer science,10.1007/3-540-45706-2_86,https://openalex.org/W1834957564,off-topic-false-hit,,openalex,llm,0.980,unreviewed,,doi:10.1007/3-540-45706-2_86
discarded,The R package beezdemand: Behavioral Economic Easy Demand,Brent A. Kaplan; Shawn Patrick Gilroy; Derek D. Reed; Mikhail Nikolaas Koffarnus; Steven R. Hursh,2018,Perspectives on Behavior Science,10.1007/s40614-018-00187-7,https://openalex.org/W2904924274,off-topic-false-hit,,openalex,llm,1.000,unreviewed,,doi:10.1007/s40614-018-00187-7
discarded,Collective Classification in Network Data,Prithviraj Sen; Galileo Mark S. Namata; Mustafa Bilgic; Lise Getoor; Brian J. Gallagher; Tina Eliassi‐Rad,2008,AI Magazine,10.1609/aimag.v29i3.2157,https://openalex.org/W2153959628,off-topic-false-hit,"Many real‐world applications produce networked data such as the worldwide web (hypertext documents connected through hyperlinks), social networks (such as people connected by friendship links), communication networks (computers connected through communication links), and biological networks (such as protein interaction networks). A recent focus in machine‐learning research has been to extend traditional machine‐learning classification techniques to classify nodes in such networks. In this article, we provide a brief introduction to this area of research and how it has progressed during the past decade. We introduce four of the most widely used inference algorithms for classifying networked data and empirically compare them on both synthetic and real‐world data.",openalex,llm,1.000,unreviewed,,doi:10.1609/aimag.v29i3.2157
discarded,"A comprehensive survey on machine learning for networking: evolution, applications and research opportunities",Raouf Boutaba; Mohammad A. Salahuddin; Noura Limam; Sara Ayoubi; Nashid Shahriar; Felipe Estrada‐Solano; Oscar Maurício Caicedo Rendón,2018,Journal of Internet Services and Applications,10.1186/s13174-018-0087-2,https://openalex.org/W2809684781,off-topic-false-hit,"Machine Learning (ML) has been enjoying an unprecedented surge in applications that solve problems and enable automation in diverse domains. Primarily, this is due to the explosion in the availability of data, significant improvements in ML techniques, and advancement in computing capabilities. Undoubtedly, ML has been applied to various mundane and complex problems arising in network operation and management. There are various surveys on ML for specific areas in networking or for specific network technologies. This survey is original, since it jointly presents the application of diverse ML techniques in various key areas of networking across different network technologies. In this way, readers will benefit from a comprehensive discussion on the different learning paradigms and ML techniques applied to fundamental problems in networking, including traffic prediction, routing and classification, congestion control, resource and fault management, QoS and QoE management, and network security. Furthermore, this survey delineates the limitations, give insights, research challenges and future opportunities to advance ML in networking. Therefore, this is a timely contribution of the implications of ML for networking, that is pushing the barriers of autonomic network operation and management.",openalex,llm,1.000,unreviewed,,doi:10.1186/s13174-018-0087-2
discarded,Easy Hyperparameter Search Using Optunity,Marc Claesen; Jaak Simm; Dusan Dj. Popovic; Yves Moreau; Bart De Moor,2014,arXiv (Cornell University),10.48550/arxiv.1412.1114,https://openalex.org/W24956509,off-topic-false-hit,"Optunity is a free software package dedicated to hyperparameter optimization. It contains various types of solvers, ranging from undirected methods to direct search, particle swarm and evolutionary optimization. The design focuses on ease of use, flexibility, code clarity and interoperability with existing software in all machine learning environments. Optunity is written in Python and contains interfaces to environments such as R and MATLAB. Optunity uses a BSD license and is freely available online at http://www.optunity.net.",openalex,llm,1.000,unreviewed,,doi:10.48550/arxiv.1412.1114
discarded,"LAMMPS - a flexible simulation tool for particle-based materials modeling at the atomic, meso, and continuum scales",Aidan P. Thompson; Hasan Metin Aktulga; Richard A. Berger; Dan Bolintineanu; W. Michael Brown; Paul Crozier; Pieter J. in ’t Veld; Axel Kohlmeyer; Stan Moore; Trung Dac Nguyen; Ray Shan; Mark J. Stevens; Julien Tranchida; Christian Robert Trott; Steven J. Plimpton,2021,Computer Physics Communications,10.1016/j.cpc.2021.108171,https://openalex.org/W3201073812,off-topic-false-hit,"Since the classical molecular dynamics simulator LAMMPS was released as an open source code in 2004, it has become a widely-used tool for particle-based modeling of materials at length scales ranging from atomic to mesoscale to continuum. Reasons for its popularity are that it provides a wide variety of particle interaction models for different materials, that it runs on any platform from a single CPU core to the largest supercomputers with accelerators, and that it gives users control over simulation details, either via the input script or by adding code for new interatomic potentials, constraints, diagnostics, or other features needed for their models. As a result, hundreds of people have contributed new capabilities to LAMMPS and it has grown from fifty thousand lines of code in 2004 to a million lines today. In this paper several of the fundamental algorithms used in LAMMPS are described along with the design strategies which have made it flexible for both users and developers. We also highlight some capabilities recently added to the code which were enabled by this flexibility, including dynamic load balancing, on-the-fly visualization, magnetic spin dynamics models, and quantum-accuracy machine learning interatomic potentials. Program Title: Large-scale Atomic/Molecular Massively Parallel Simulator (LAMMPS) CPC Library link to program files: https://doi.org/10.17632/cxbxs9btsv.1 Developer's repository link: https://github.com/lammps/lammps Licensing provisions: GPLv2 Programming language: C++, Python, C, Fortran Supplementary material: https://www.lammps.org Nature of problem: Many science applications in physics, chemistry, materials science, and related fields require parallel, scalable, and efficient generation of long, stable classical particle dynamics trajectories. Within this common problem definition, there lies a great diversity of use cases, distinguished by different particle interaction models, external constraints, as well as timescales and lengthscales ranging from atomic to mesoscale to macroscopic. Solution method: The LAMMPS code uses parallel spatial decomposition, distributed neighbor lists, and parallel FFTs for long-range Coulombic interactions [1]. The time integration algorithm is based on the Størmer-Verlet symplectic integrator [2], which provides better stability than higher-order non-symplectic methods. In addition, LAMMPS supports a wide range of interatomic potentials, constraints, diagnostics, software interfaces, and pre- and post-processing features. Additional comments including restrictions and unusual features: This paper serves as the definitive reference for the LAMMPS code. S. Plimpton, Fast parallel algorithms for short-range molecular dynamics. J. Comp. Phys. 117 (1995) 1–19. L. Verlet, Computer experiments on classical fluids: I. Thermodynamical properties of Lennard–Jones molecules, Phys. Rev. 159 (1967) 98–103.",openalex,llm,1.000,unreviewed,,doi:10.1016/j.cpc.2021.108171
