status,title,authors,year,venue,doi,url,tags,abstract,provider,decision_source,llm_confidence,llm_review_outcome,llm_change_direction,paper_id
discarded,Scalable Distributed Inverted List Indexes in Disaggregated Memory,"Widmoser, Manuel; Kocher, Daniel; Augsten, Nikolaus",2024,PROCEEDINGS OF THE ACM ON MANAGEMENT OF DATA,10.1145/3654974,https://www.webofscience.com/wos/woscc/full-record/WOS:001814815700001,off-topic-false-hit,"Memory disaggregation separates compute (CPU) and main memory resources into disjoint physical units to enable elastic and independent scaling. Connected via high-speed RDMA-enabled networks, compute nodes can directly access remote memory. This setting often requires complex protocols with many network roundtrips as memory nodes have near-zero compute power. In this paper, we design a scalable distributed inverted list index for disaggregated memory architectures. An inverted list index maps a set of terms to lists of documents that contain this term. Current solutions either partition the index horizontally or vertically with severe limitations in the disaggregated memory setting due to data & access skew, high network latency, or out-of-memory errors. Our method partitions lists into fixed-size blocks and spreads them across the memory nodes to balance skewed accesses. Block-based list processing keeps the memory footprint of compute nodes low and masks latency by interleaving remote accesses with expensive list operations. In addition, we propose efficient updates with optimistic concurrency control and read-write conflict detection. Our experiments confirm the efficiency and scalability of our method.",wos,llm,1.000,unreviewed,,doi:10.1145/3654974
discarded,Defect Identification of XLPE Power Cable Using Harmonic Visualized Characteristics of Grounding Current,"Wang, Minxin; Liu, Yong; Huang, Youcong; Xin, Yuepeng; Han, Tao; Du, Boxue",2024,ELECTRONICS,10.3390/electronics13061159,https://www.webofscience.com/wos/woscc/full-record/WOS:001191395300001,off-topic-false-hit,"This paper proposes an online monitoring and defect identification method for XLPE power cables using harmonic visualization of grounding currents. Four typical defects, including thermal aging, water ingress and dampness, insulation scratch, and excessive bending, were experimentally conducted. The AC grounding currents of the cable specimens with different defects were measured during operation. By using the chaotic synchronization system, the harmonic distortion was transformed into a 2D scatter diagram with distinctive characteristics. The relationship between the defect type and the diagram features was obtained. A YOLOv5 (you only look once v5) target recognition model was then established based on the dynamic harmonics scatter diagrams for cable defect classification and identification. The results indicated that the overall shape, distribution range, density degree, and typical lines formed by scatter aggregation can reflect the defect type effectively. The proposed method greatly reduces the difficulty of data analysis and enables rapid defect identification of XLPE power cables, which is useful for improving the reliability of the power system.",wos,llm,1.000,unreviewed,,doi:10.3390/electronics13061159
discarded,A generalized data assimilation architecture of digital twin for complex process industrial systems,"Zhao, Yanbo; Jiang, Haonan; Cai, Yuanli; Deng, Yifan",2024,MEASUREMENT SCIENCE AND TECHNOLOGY,10.1088/1361-6501/ad27c6,https://www.webofscience.com/wos/woscc/full-record/WOS:001176672600001,off-topic-false-hit,"As one of the critical cores of digital twin (DT), data assimilation (DA) can maintain consistency and synchronization between DT and physical system. Kalman filtering is a common DA method, but its estimation performance is deteriorated by factors such as model inaccuracy and time-varying noise covariance in practical applications. The errors caused by these multiple uncertainties are all coupled to the measurements, which augments the difficulty for DT to obtain physical system information. In order to tackle the DA problem with multiple uncertainties, this paper proposes a generalized DA architecture for DT in sophisticated process industry. First, by combining Stein variational gradient descent and nonlinear Bayesian filtering paradigm, a recursive estimation framework is established, which has higher accuracy in estimating the noise covariance compared to traditional methods. Second, to effectively deal with model inaccuracy by using filtering residuals containing time-varying noise, we propose a neural network and modified wavelet-based model error compensation (NNMW-MEC) block. Based on the modified wavelet technique, the filtering residual denoising built in NNMW-MEC can better cope with time-varying noise compared to existing wavelets, and extract the low-frequency signal involving model error information from noisy residual smoothly. In addition, because of the neural network-based state-compensation subblock, NNMW-MEC has more outstanding ability in compensating the state deviations with large changing range. Finally, we take the boiler system in a coal-fired power plant as an example to verify the effectiveness of our architecture. Experimental results show that the DA architecture proposed in this paper can improve the estimation performance of DT under inaccurate models and uncertain noise statistics.",wos,llm,1.000,unreviewed,,doi:10.1088/1361-6501/ad27c6
discarded,Adaptive-SpikeNet: Event-based Optical Flow Estimation using Spiking Neural Networks with Learnable Neuronal Dynamics,"Kosta, Adarsh Kumar; Roy, Kaushik",2023,"2023 IEEE INTERNATIONAL CONFERENCE ON ROBOTICS AND AUTOMATION, ICRA",10.1109/ICRA48891.2023.10160551,https://www.webofscience.com/wos/woscc/full-record/WOS:001036713005001,off-topic-false-hit,"Event-based cameras have recently shown great potential for high-speed motion estimation owing to their ability to capture temporally rich information asynchronously. Spiking Neural Networks (SNNs), with their neuro-inspired event-driven processing can efficiently handle such asynchronous data, while neuron models such as the leaky-integrate and fire (LIF) can keep track of the quintessential timing information contained in the inputs. SNNs achieve this by maintaining a dynamic state in the neuron memory, retaining important information while forgetting redundant data over time. Thus, we posit that SNNs would allow for better performance on sequential regression tasks compared to similarly sized Analog Neural Networks (ANNs). However, deep SNNs are difficult to train due to vanishing spikes at later layers. To that effect, we propose an adaptive fully-spiking framework with learnable neuronal dynamics to alleviate the spike vanishing problem. We utilize surrogate gradient-based backpropagation through time (BPTT) to train our deep SNNs from scratch. We validate our approach for the task of optical flow estimation on the Multi-Vehicle Stereo Event-Camera (MVSEC) dataset and the DSEC-Flow dataset. Our experiments on these datasets show an average reduction of similar to 13% in average endpoint error (AEE) compared to state-of-the-art ANNs. We also explore several down-scaled models and observe that our SNN models consistently outperform similarly sized ANNs offering similar to 10%-16% lower AEE. These results demonstrate the importance of SNNs for smaller models and their suitability at the edge. In terms of efficiency, our SNNs offer substantial savings in network parameters (similar to 48.3x) and computational energy (similar to 10.2x) while attaining similar to 10% lower EPE compared to the state-of-the-art ANN implementations.",wos,llm,1.000,unreviewed,,doi:10.1109/icra48891.2023.10160551
discarded,Leptospirosis-Induced Septic Shock and Multi-Organ Dysfunction Syndrome: A Complex Case of Zoonotic Infection in a Young Female Patient,"Gvajaia, Nino; Tkeshelashvili, Mariam; Ratiani, Levan; Pachkoria, Elene; Mikadze, Ia",2023,CUREUS JOURNAL OF MEDICAL SCIENCE,10.7759/cureus.51243,https://www.webofscience.com/wos/woscc/full-record/WOS:001153326100006,off-topic-false-hit,"Leptospirosis, a zoonotic infection caused by the Leptospira bacteria, can manifest with varying clinical severities, ranging from subclinical disease to severe multiorgan failure. This progression to severe multiorgan failure, also known as multi -organ dysfunction syndrome (MODS), is a life -threatening condition characterized by the dysfunction of two or more organ systems. Often, MODS is a consequence of events triggered by underlying pathologies, such as severe infections, including those caused by Leptospira. Here, we present a case report of a 29 -year -old female patient who initially sought care for increased temperature, fatigue, diarrhea, and vomiting. The patient exhibited signs of septic shock (SS). Her medical history raised suspicion of multiple potential sources of infection. She experienced cat scratch several days before admission, accompanied by an enlarged inguinal lymph node and a history of frequent interaction with animals, as well as freshwater exposure, which prompted investigations into various zoonotic infections. Empiric treatment was started, and, subsequently, after several days, Leptospira titer came back positive. Over the hospitalization course, the patient developed multi -organ failure, which was attributed to the underlying Leptospira infection. The complexity and severity of the patient's condition underscore the far-reaching impact of leptospirosis in precipitating a spectrum of systemic complications culminating in multiorgan failure. The treatment interventions yielded successful outcome, and the patient recovered in one month. This case report highlights the difficulties in diagnosing and treating patients with multiple possible sources of infection. it emphasizes the need for a careful history -taking and high level of suspicion for zoonotic infections in patients with a history of animal exposure and clinical symptoms suggestive of infectious diseases.",wos,llm,1.000,unreviewed,,doi:10.7759/cureus.51243
discarded,Single-photon-based clock analysis and recovery in quantum key distribution,"Zahidy, M.; Ribezzo, D.; Muller, R.; Riebesehl, J.; Zavatta, A.; Galili, M.; Oxenlowe, L. K.; Bacco, D.",2023,AVS QUANTUM SCIENCE,10.1116/5.0167549,https://www.webofscience.com/wos/woscc/full-record/WOS:001133137800001,off-topic-false-hit,"Quantum key distribution is one of the first quantum technologies ready for the market. Current quantum telecommunication systems usually utilize a service channel for synchronizing the transmitter (Alice) and the receiver (Bob). However, the possibility of removing this service channel and exploiting a clock recovery method are intriguing for future implementation, both in fiber and free-space links. In this paper, we investigate criteria to recover the clock in a quantum communication scenario and experimentally demonstrated the possibility of using a quantum-based clock recovery system in a time-bin quantum key distribution protocol. The performance of the clock recovery technique, in terms of quantum bit error rate and secret key rate, is equivalent to using the service channel for clock sharing.",wos,llm,1.000,unreviewed,,doi:10.1116/5.0167549
discarded,An efficient method for fault tree analysis to support nuclear plant operation decision-making,M.Y. Nassar,2027,Annals of Nuclear Energy,10.1016/j.anucene.2026.112789,https://www.scopus.com/inward/record.uri?partnerID=HzOxMe3b&scp=105049351238&origin=inward,off-topic-false-hit,,scopus,llm,0.990,unreviewed,,doi:10.1016/j.anucene.2026.112789
discarded,G-STAR: GPU-Accelerated Statistical Static Timing Analysis Using Level-by-Level Replication,B. Zhang,2027,Lecture Notes in Computer Science,10.1007/978-3-032-35248-4_38,https://www.scopus.com/inward/record.uri?partnerID=HzOxMe3b&scp=105048914706&origin=inward,off-topic-false-hit,,scopus,llm,0.990,unreviewed,,doi:10.1007/978-3-032-35248-4_38
discarded,Employing causality when teaching physiology: deriving the Wiggers diagram from scratch to build better student understanding of cardiac function,E.P. Silldorff,2026,Advances in Physiology Education,10.1152/advan.00011.2026,https://www.scopus.com/inward/record.uri?partnerID=HzOxMe3b&scp=105051224582&origin=inward,off-topic-false-hit,,scopus,llm,1.000,unreviewed,,doi:10.1152/advan.00011.2026
discarded,A cross-modal pre-training framework with video data for improving performance and generalization of distributed acoustic sensing,J. Duan,2026,Science China Information Sciences,10.1007/s11432-025-4792-6,https://www.scopus.com/inward/record.uri?partnerID=HzOxMe3b&scp=105049008843&origin=inward,off-topic-false-hit,,scopus,llm,0.990,unreviewed,,doi:10.1007/s11432-025-4792-6
discarded,Self-Supervised Radar Nowcasting of Typhoon Cloud Evolution,H. Yao,2026,Journal of Geophysical Research Machine Learning and Computation,10.1029/2025JH001191,https://www.scopus.com/inward/record.uri?partnerID=HzOxMe3b&scp=105041567891&origin=inward,off-topic-false-hit,,scopus,llm,0.990,unreviewed,,doi:10.1029/2025jh001191
discarded,Physics-Guided Deep Learning for Adaptive Surface-Related Multiple Subtraction,D. Zhang,2026,Geophysical Prospecting,10.1111/1365-2478.70180,https://www.scopus.com/inward/record.uri?partnerID=HzOxMe3b&scp=105035497075&origin=inward,off-topic-false-hit,,scopus,llm,0.990,unreviewed,,doi:10.1111/1365-2478.70180
discarded,DAS-MAE: A Self-Supervised Framework for Universal and High-Performance Representation Learning of Distributed Acoustic Sensing,J. Duan,2026,Journal of Lightwave Technology,10.1109/JLT.2025.3630138,https://www.scopus.com/inward/record.uri?partnerID=HzOxMe3b&scp=105021107755&origin=inward,off-topic-false-hit,,scopus,llm,0.990,unreviewed,,doi:10.1109/jlt.2025.3630138
discarded,Online graph based transforms for intra-predicted imaging data,D. Roy,2026,Pattern Recognition,10.1016/j.patcog.2025.112649,https://www.scopus.com/inward/record.uri?partnerID=HzOxMe3b&scp=105023980466&origin=inward,off-topic-false-hit,,scopus,llm,0.980,unreviewed,,doi:10.1016/j.patcog.2025.112649
discarded,Research on Heterogeneous Coordinated Control of Distributed Islanded Microgrids under Hybrid Event-Triggered Control,S. Wang,2026,Proceedings of 2026 IEEE 9th International Electrical and Energy Conference Cieec 2026,10.1109/CIEEC69682.2026.11572408,https://www.scopus.com/inward/record.uri?partnerID=HzOxMe3b&scp=105044597122&origin=inward,off-topic-false-hit,,scopus,llm,1.000,unreviewed,,doi:10.1109/cieec69682.2026.11572408
discarded,TAH-Quant: Effective Activation Quantization in Pipeline Parallelism over Slow Network,G. He,2026,Transactions on Machine Learning Research,,https://www.scopus.com/inward/record.uri?partnerID=HzOxMe3b&scp=105048730284&origin=inward,off-topic-false-hit,,scopus,llm,0.990,unreviewed,,hash:54942730f3cd7d51
discarded,Cognitive Jamming-Aided UAV Multi-User Covert Communication,J. Wei,2026,IEEE Journal on Selected Areas in Communications,10.1109/JSAC.2025.3639012,https://www.scopus.com/inward/record.uri?partnerID=HzOxMe3b&scp=105023468083&origin=inward,off-topic-false-hit,,scopus,llm,0.990,unreviewed,,doi:10.1109/jsac.2025.3639012
discarded,"Molecular Type Permutation Absorption Modulation: Block-Transmission, Detection, and Optimal Location",Z. Hao,2026,IEEE Transactions on Molecular Biological and Multi Scale Communications,10.1109/TMBMC.2026.3692199,https://www.scopus.com/inward/record.uri?partnerID=HzOxMe3b&scp=105038903573&origin=inward,off-topic-false-hit,,scopus,llm,1.000,unreviewed,,doi:10.1109/tmbmc.2026.3692199
discarded,Optimization Methods for Autonomous Target Locking Strategies Based on Small Unmanned Aerial Vehicles,Y. Wu,2026,IEEE International Conference on Control and Automation Icca,10.1109/ICCA69928.2026.11618075,https://www.scopus.com/inward/record.uri?partnerID=HzOxMe3b&scp=105047314928&origin=inward,off-topic-false-hit,,scopus,llm,0.990,unreviewed,,doi:10.1109/icca69928.2026.11618075
discarded,Time Series Foundation Models for Process Model Forecasting,Y. Yu,2026,Lecture Notes in Computer Science,10.1007/978-3-032-28110-4_5,https://www.scopus.com/inward/record.uri?partnerID=HzOxMe3b&scp=105041865682&origin=inward,off-topic-false-hit,,scopus,llm,0.980,unreviewed,,doi:10.1007/978-3-032-28110-4_5
discarded,Towards Bridging GIS and 3D Modeling: A Framework for Learning Coordinate Conversion Using Machine Learning,T.M. Qadah,2026,Electronics Switzerland,10.3390/electronics15010113,https://www.scopus.com/inward/record.uri?partnerID=HzOxMe3b&scp=105027941632&origin=inward,off-topic-false-hit,,scopus,llm,0.990,unreviewed,,doi:10.3390/electronics15010113
discarded,Metrics matters: A deep assessment of deep learning CNN method for ENSO forecast,M. Naisipour,2026,Atmospheric Research,10.1016/j.atmosres.2025.108545,https://www.scopus.com/inward/record.uri?partnerID=HzOxMe3b&scp=105019079089&origin=inward,off-topic-false-hit,,scopus,llm,0.990,unreviewed,,doi:10.1016/j.atmosres.2025.108545
discarded,An Interpreter-Based Execution Framework for IEC 61499 Function Block Networks,B. Wiesmayr,2026,Journal of Object Technology,10.5381/jot.2026.25.3.a19,https://www.scopus.com/inward/record.uri?partnerID=HzOxMe3b&scp=105045247664&origin=inward,off-topic-false-hit,,scopus,llm,0.940,unreviewed,,doi:10.5381/jot.2026.25.3.a19
discarded,"RETRACTED ARTICLE: An AI-integrated spatial auxiliary decision-support model for historic and cultural blocks based on the spatial triad(Disability and Rehabilitation: Assistive Technology, (2026), 21, (3), (CCLXXV–CCXCI))",Q. Xue,2026,Disability and Rehabilitation Assistive Technology,10.1080/17483107.2025.2554331,https://www.scopus.com/inward/record.uri?partnerID=HzOxMe3b&scp=105014933984&origin=inward,off-topic-false-hit,,scopus,llm,1.000,unreviewed,,doi:10.1080/17483107.2025.2554331
discarded,Two-stage posture enhancement and stability modelling for pre-fall risk detection in athletic movements,L. He,2026,Frontiers in Bioengineering and Biotechnology,10.3389/fbioe.2026.1867362,https://www.scopus.com/inward/record.uri?partnerID=HzOxMe3b&scp=105051101119&origin=inward,off-topic-false-hit,,scopus,llm,1.000,unreviewed,,doi:10.3389/fbioe.2026.1867362
discarded,"RETRACTED ARTICLE: Choral harmony: the role of collective singing in ritual, cultural identity and cognitive-affective synchronisation in the age of AI(Disability and Rehabilitation: Assistive Technology, (2026), 21, (3), (CCXXV–CCXLI))",X. Xiao,2026,Disability and Rehabilitation Assistive Technology,10.1080/17483107.2025.2556025,https://www.scopus.com/inward/record.uri?partnerID=HzOxMe3b&scp=105016366595&origin=inward,off-topic-false-hit,,scopus,llm,1.000,unreviewed,,doi:10.1080/17483107.2025.2556025
discarded,"RETRACTED ARTICLE: Virtual classrooms, real resilience: how AI tutors enhance cognitive rehabilitation in pediatric cancer survivors(Disability and Rehabilitation: Assistive Technology, (2026), 21, (3), (CXC–CCIII))",B. Xiao,2026,Disability and Rehabilitation Assistive Technology,10.1080/17483107.2025.2549898,https://www.scopus.com/inward/record.uri?partnerID=HzOxMe3b&scp=105013757308&origin=inward,off-topic-false-hit,,scopus,llm,1.000,unreviewed,,doi:10.1080/17483107.2025.2549898
discarded,"RETRACTED ARTICLE: Willingness to communicate with AI chatbots in English: the role of personality and trust among Chinese college students(Disability and Rehabilitation: Assistive Technology, (2026), 21, (3), (CXXV–CXL))",L. Ye,2026,Disability and Rehabilitation Assistive Technology,10.1080/17483107.2025.2572532,https://www.scopus.com/inward/record.uri?partnerID=HzOxMe3b&scp=105019099552&origin=inward,off-topic-false-hit,,scopus,llm,1.000,unreviewed,,doi:10.1080/17483107.2025.2572532
discarded,"RETRACTED ARTICLE: MRI feature engineering and SVM framework for schizophrenia recognition(Disability and Rehabilitation: Assistive Technology, (2026), 21, (3), CCCXXVII–CCCLI)",J. Liu,2026,Disability and Rehabilitation Assistive Technology,10.1080/17483107.2025.2569801,https://www.scopus.com/inward/record.uri?partnerID=HzOxMe3b&scp=105018224812&origin=inward,off-topic-false-hit,,scopus,llm,1.000,unreviewed,,doi:10.1080/17483107.2025.2569801
discarded,"RETRACTED ARTICLE: AI-Empowered assistive technology for optimizing specimen submission in obstetrics and gynecology: integrating DeepSeek with the ADDIE model(Disability and Rehabilitation: Assistive Technology, (2026), 21, (3), (CXLI–CLI))",L. Wan,2026,Disability and Rehabilitation Assistive Technology,10.1080/17483107.2025.2561248,https://www.scopus.com/inward/record.uri?partnerID=HzOxMe3b&scp=105016875808&origin=inward,off-topic-false-hit,,scopus,llm,1.000,unreviewed,,doi:10.1080/17483107.2025.2561248
discarded,"RETRACTED ARTICLE: Utilizing artificial intelligence to enhance social connections–the alleviating effect of emotionally intelligent chatbots on loneliness(Disability and Rehabilitation: Assistive Technology, (2026), 21, (3), (I–XI))",X. Lu,2026,Disability and Rehabilitation Assistive Technology,10.1080/17483107.2025.2540494,https://www.scopus.com/inward/record.uri?partnerID=HzOxMe3b&scp=105012446507&origin=inward,off-topic-false-hit,,scopus,llm,1.000,unreviewed,,doi:10.1080/17483107.2025.2540494
discarded,"RETRACTED ARTICLE: Unveiling the mechanisms influencing service efficiency in Chinese hospital portal sites: evidence from DEA and fsQCA analysis(Disability and Rehabilitation: Assistive Technology, (2026), 21, (3), (XCV–CX))",P. Gao,2026,Disability and Rehabilitation Assistive Technology,10.1080/17483107.2025.2554956,https://www.scopus.com/inward/record.uri?partnerID=HzOxMe3b&scp=105016797098&origin=inward,off-topic-false-hit,,scopus,llm,1.000,unreviewed,,doi:10.1080/17483107.2025.2554956
