status,title,authors,year,venue,doi,url,tags,abstract,provider,decision_source,llm_confidence,llm_review_outcome,llm_change_direction,paper_id
discarded,A Systematic Literature Review of Automated Techniques for Functional GUI Testing of Mobile Applications,Yauhen Leanidavich Arnatovich; Lipo Wang,2018,arXiv (Cornell University),10.48550/arxiv.1812.11470,https://openalex.org/W2906812884,adjacent-subtopic,"Context. Multiple automated techniques have been proposed and developed for mobile application GUI testing aiming to improve effectiveness, efficiency, and practicality. The effectiveness, efficiency, and practicality are 3 fundamental characteristics which testing techniques are built upon, and need to be continuously improved to deliver useful solutions for researchers and practitioners, and community as a whole. Objective. In this systematic review, we attempt to provide a broad picture of existing mobile testing tools by collating and analysing their conceptual, and also performance characteristics including an estimation of effectiveness, efficiency, and practicality. Method. To achieve our objective, we specify 3 primary, and 14 secondary review questions, and conducted an analysis of 25 primary studies. We first individually analyse each primary study, and next analyse the primary studies as a whole. We developed a review protocol which defines all the details of our systematic review. Results. From effectiveness, we conclude that testing techniques which implement model-checking, symbolic execution, constraint solving, and search-based test generation approach tend to be more effective than those implementing random test generation. From efficiency, we conclude that testing techniques which implement code search-based testing approaches tend to be more efficient than those implementing GUI model-based. From practicality, we conclude that the more effective a testing technique is, the less efficient it will be. Conclusion. For effectiveness, we observe that the existing automated testing techniques are not effective enough, and currently they achieve nearly half of the desired level of effectiveness. For efficiency, we observe that current automated testing techniques are not efficient enough.",openalex,llm,0.840,unreviewed,,doi:10.48550/arxiv.1812.11470
discarded,A FRAMEWORK FOR AUTOMATICALLY REPAIRING GUI TEST SUITES,Si Huang,2010,Lincoln (University of Nebraska),,https://openalex.org/W2148118593,adjacent-subtopic,"Testing is an effective means for assuring the quality of software. In programs with Graphical User Interfaces (GUIs), event sequences serve as test cases for executing system tests. To aid in the test generation process, researchers have developed methods that automatically derive graph models from GUIs, which can then be traversed to create sequences for testing. Recent advances using these graph models incorporate combinatorial interaction testing sampling techniques to generate longer GUI test cases, which exercise more event interactions and have been shown to improve fault detection. However, because the models extracted are only approximations of the actual event interactions, the generated test cases might suffer from problems of infeasibility. Specifically, widgets or buttons can become disabled, or the events cannot be dispatched once triggered, causing the test cases to terminate prematurely. These problems are caused by violations of temporal constraints on the event interaction sequences. The lack of awareness of these constraints during GUI test generation means that coverage of the event interactions may be lost, potentially weakening the fault detection effectiveness and reducing the quality of the generated GUI test suites. In this work, we propose a framework for automatically repairing GUI test suites that contain infeasible sequences. We begin by identifying the set of infeasible patterns that we expect to see in GUIs. We then develop a genetic algorithm for test suite repair. An evaluation on small-sized synthetic GUI subjects demonstrates that our technique is able to cover over 99% of the full combinatorial coverage of the events in these subjects and it outperforms a random algorithm for the same purpose. We then apply this technique to some non-trivial GUI subjects, and show that it is able to increase the combinatorial coverage of test suites for non-trivial GUIs to 98% of their feasible coverage, and that the types of constraints discovered match those that we have previously identified.",openalex,llm,0.860,unreviewed,,hash:c782414d7a87ef34
discarded,Evaluation of the Choice of LLM in a Multi-Agent Solution for GUI-Test Generation,Stevan Tomic; Emil Alégroth; Maycel Isaac,2025,,10.1109/icst62969.2025.10989038,https://openalex.org/W4410538601,adjacent-subtopic,"Automated testing, particularly for GUI-based systems, remains a costly and labor-intensive process and prone to errors. Despite advancements in automation, manual testing still dominates in industrial practice, resulting in delays, higher costs, and increased error rates. Large Language Models (LLMs) have shown great potential to automate tasks traditionally requiring human intervention, leveraging their cognitive-like abilities for test generation and evaluation. In this study, we present PathFinder, a Multi-Agent LLM (MALLM) framework that incorporates four agents responsible for (a) perception and summarization, (b) decision-making, (c) input handling and extraction, and (d) validation, which work collaboratively to automate exploratory web-based GUI testing. The goal of this study is to assess how different LLMs, applied to different agents, affect the efficacy of automated exploratory GUI testing. We evaluate PathFinder with three models, Mistral-Nemo, Gemma2, and Llama3.1, on four e-commerce websites. Thus, 27 permutations of the LLMs, across three agents (excluding the validation agent), to test the hypothesis that a solution with multiple agents, each using different LLMs, is more efficacious (efficient and effective) than a multi-agent solution where all agents use the same LLM. The results indicate that the choice of LLM constellation (combination of LLMs) significantly impacts efficacy, suggesting that a single LLM across agents may yield the best balance of efficacy (measured by F1-score). Hypothesis to explain this result include, but are not limited to: improved decision-making consistency and reduced task coordination discrepancies. The contributions of this study are an architecture for MALLM-based GUI testing, empirical results on its performance, and novel insights into how LLM selection impacts the efficacy of automated testing.",openalex,llm,0.880,unreviewed,,doi:10.1109/icst62969.2025.10989038
kept,Evolution and Fragilities in Scripted GUI Testing of Android applications,Riccardo Coppola; Maurizio Morisio; Marco Torchiano,2017,PORTO Publications Open Repository TOrino (Politecnico di Torino),,https://openalex.org/W2804778251,supports-claim,,openalex,llm,0.820,unreviewed,,hash:cb8bd24caedf6be2
discarded,Speeding up GUI testing by on-device test generation,Nataniel P. Borges; Jenny Rau; Andreas Zeller,2020,,10.1145/3324884.3415302,https://openalex.org/W3124693131,adjacent-subtopic,"When generating GUI tests for Android apps, it typically is a separate test computer that generates interactions, which are then executed on an actual Android device. While this approach is efficient in the sense that apps and interactions execute quickly, the communication overhead between test computer and device slows down testing considerably. In this work, we present DD-2, a test generator for Android that tests other apps on the device using Android accessibility services. In our experiments, DD-2 has shown to be 3.2 times faster than its computer-device counterpart, while sharing the same source code.",openalex,llm,0.890,unreviewed,,doi:10.1145/3324884.3415302
discarded,An Innovative Approach to Investigate Various Software Testing Techniques and Strategies,Syed Roohullah Jan; Syed Tauhid Ullah Shah; Zia Ullah Johar; Yasin Shah; Fazlullah Khan,2017,Zenodo (CERN European Organization for Nuclear Research),10.5281/zenodo.21594917,https://openalex.org/W2508153212,adjacent-subtopic,"Software testing is a way of finding errors from the system. Its helps us to identify and debug all the mistakes, errors, faults and failures. There are many techniques and strategies emerged since the concept of software development emerged. The aim of testing is to make the quality of a software as efficient as possible.in this paper we discuss most widely used techniques and strategies. Where they can be used and how they can be used. How they work and how they differ (from each other).They are the following. Techniques: Black Box Testing, White Box Testing, And Grey Box Testing. Strategies: Unit Testing, System Testing, And Acceptance Testing.",openalex,llm,0.960,unreviewed,,doi:10.5281/zenodo.21594917
discarded,Fully automated functional fuzzing of Android apps for detecting non-crashing logic bugs,Ting Su; Yichen Yan; Jue Wang; Jingling Sun; Yiheng Xiong; Geguang Pu; Ke Wang; Zhendong Su,2021,Proceedings of the ACM on Programming Languages,10.1145/3485533,https://openalex.org/W3206846523,qualifies-claim; adjacent-subtopic,"Android apps are GUI-based event-driven software and have become ubiquitous in recent years. Obviously, functional correctness is critical for an app’s success. However, in addition to crash bugs, non-crashing functional bugs (in short as “non-crashing bugs” in this work) like inadvertent function failures, silent user data lost and incorrect display information are prevalent, even in popular, well-tested apps. These non-crashing functional bugs are usually caused by program logic errors and manifest themselves on the graphic user interfaces (GUIs). In practice, such bugs pose significant challenges in effectively detecting them because (1) current practices heavily rely on expensive, small-scale manual validation ( the lack of automation ); and (2) modern fully automated testing has been limited to crash bugs ( the lack of test oracles ). This paper fills this gap by introducing independent view fuzzing , a novel, fully automated approach for detecting non-crashing functional bugs in Android apps. Inspired by metamorphic testing, our key insight is to leverage the commonly-held independent view property of Android apps to manufacture property-preserving mutant tests from a set of seed tests that validate certain app properties. The mutated tests help exercise the tested apps under additional, adverse conditions. Any property violations indicate likely functional bugs for further manual confirmation. We have realized our approach as an automated, end-to-end functional fuzzing tool, Genie. Given an app, (1) Genie automatically detects non-crashing bugs without requiring human-provided tests and oracles (thus fully automated ); and (2) the detected non-crashing bugs are diverse (thus general and not limited to specific functional properties ), which set Genie apart from prior work. We have evaluated Genie on 12 real-world Android apps and successfully uncovered 34 previously unknown non-crashing bugs in their latest releases — all have been confirmed, and 22 have already been fixed. Most of the detected bugs are nontrivial and have escaped developer (and user) testing for at least one year and affected many app releases, thus clearly demonstrating Genie’s effectiveness. According to our analysis, Genie achieves a reasonable true positive rate of 40.9%, while these 34 non-crashing bugs could not be detected by prior fully automated GUI testing tools (as our evaluation confirms). Thus, our work complements and enhances existing manual testing and fully automated testing for crash bugs.",openalex,llm_reviewed,0.840,changed,kept->discarded,doi:10.1145/3485533
kept,Automated user interface testing for web applications and TestComplete,Samer Al-Zain; Derar Eleyan; Joy Garfield,2012,,10.1145/2381716.2381782,https://openalex.org/W1986114096,supports-claim,"Automated software testing is an important and time-saving activity used by software testing teams, working on rapid and large scale software projects. TestComplete is an example of a currently widely used testing tool. However, its test recorder tool shows some weaknesses when using GUI (Graphical User Interface) test recording, for dynamic web applications. After recording a GUI test using TestComplete recorder, TestComplete fails to run again later on, because some of the onscreen objects cannot be recognized by it. However, since the TestComplete recorder tool generates tests in scripting languages, the tests can themselves be refined and modified to be robust and much more accurate. This paper presents an algorithm for writing robust and successful test scripts for TestComplete against dynamic web applications. It also presents a comparative study with the Web Performance Test tool provided by Microsoft Visual Studio.",openalex,llm,0.930,unreviewed,,doi:10.1145/2381716.2381782
discarded,Optimizing Search-Based Unit Test Generation with Large Language Models: An Empirical Study,Danni Xiao; Yimeng Guo; Yanhui Li; Lin Chen,2024,,10.1145/3671016.3674813,https://openalex.org/W4400798705,adjacent-subtopic,"Search-based unit test generation methods have been considered effective and widely applied, and Large Language Models (LLMs) have also demonstrated their powerful generation ability. Therefore, some scholars have proposed using LLMs to enhance search-based unit test generation methods and have preliminarily confirmed that LLMs can help alleviate the problem of test coverage plateaus. However, it is still unclear when and how LLMs should intervene in the time-consuming test generation process. This paper explores the application of LLMs at various stages of search-based test generation (SBTG) (including the initial stage, the test generation period, and the test coverage plateaus), as well as strategies for controlling the frequency of LLM intervention. A comprehensive empirical study was conducted on 486 Python benchmark modules from 27 projects. The experimental results show that 1) LLM intervention has a positive effect at any stage, whether to improve coverage over a fixed period or to reduce the time to reach a specific coverage; 2) a reasonable intervention frequency is crucial for LLMs to have a positive effect on SBTG. This work can better help understand when and how LLMs should be applied in SBTG and provide valuable suggestions for developers in practice.",openalex,llm,0.980,unreviewed,,doi:10.1145/3671016.3674813
discarded,Improving Web Element Localization by Using a Large Language Model,Michel Nass; Emil Alégroth; ROBERT H. FELDT,2024,Software Testing Verification and Reliability,10.1002/stvr.1893,https://openalex.org/W4401624167,adjacent-subtopic,"ABSTRACT Web‐based test automation heavily relies on accurately finding web elements. Traditional methods compare attributes but do not grasp the context and meaning of elements and words. The emergence of large language models (LLMs) like GPT‐4, which can show human‐like reasoning abilities on some tasks, offers new opportunities for software engineering and web element localization. This paper introduces and evaluates VON Similo LLM, an enhanced web element localization approach. Using an LLM, it selects the most likely web element from the top‐ranked ones identified by the existing VON Similo method, ideally aiming to get closer to human‐like selection accuracy. An experimental study was conducted using 804 web element pairs from 48 real‐world web applications. We measured the number of correctly identified elements as well as the execution times, comparing the effectiveness and efficiency of VON Similo LLM against the baseline algorithm. In addition, motivations from the LLM were recorded and analysed for 140 instances. VON Similo LLM demonstrated improved performance, reducing failed localizations from 70 to 40 (out of 804), a 43% reduction. Despite its slower execution time and additional costs of using the GPT‐4 model, the LLM's human‐like reasoning showed promise in enhancing web element localization. LLM technology can enhance web element localization in GUI test automation, reducing false positives and potentially lowering maintenance costs. However, further research is necessary to fully understand LLMs' capabilities, limitations and practical use in GUI testing.",openalex,llm,0.980,unreviewed,,doi:10.1002/stvr.1893
discarded,Beyond Static GUI Agent: Evolving LLM-based GUI Testing via Dynamic Memory,Mengzhuo Chen; Zhe Liu; Chunyang Chen; Junjie Wang; Yangguang Xue; Boyu Wu; Yuekai Huang; Libin Wu; Qing Wang,2025,2025 40th IEEE/ACM International Conference on Automated Software Engineering (ASE),10.1109/ASE63991.2025.00135,https://ieeexplore.ieee.org/document/11334687/,adjacent-subtopic,"The development of Large Language Models (LLMs) enables LLM-based GUI testing to interact with graphical user interfaces by understanding GUI screenshots and generating actions, which are widely applied in industry and academia. However, current approaches test each app in isolation, lacking mechanisms for experience accumulation and reuse. This limitation often causes GUI testing approaches to miss deeper exploration and fail to trigger bug-prone functionalities. To address this, we propose MemoDroid, a three-layer memory mechanism that augments LLM-based GUI testing with the ability to evolve through repeated interaction. MemoDroid designs episodic memory to capture functional-level testing traces, reflective memory to summarize issue patterns and redundant behaviors, and strategic memory to synthesize cross-app exploration strategies. These memory layers are dynamically retrieved and injected into LLM prompts at runtime, enabling the agent to reuse successful behaviors, avoid ineffective actions, and prioritize bug-prone paths. We implement MemoDroid as a lightweight plugin, which can be integrated into existing LLM-based GUI testing approaches. We evaluate MemoDroid on real-world apps from 15 diverse app categories. Results show that MemoDroid enhances GUI testing performance across five baselines, with activity and code coverage increasing by 79% - 96% and 81% - 97%, and bug detection improving by 57% - 198%. Ablation studies confirm the contributions of each memory layer. Furthermore, MemoDroid detects 49 new bugs in 200 popular apps, with 35 confirmed fixes and 14 acknowledged by developers, showing its practical value in memory-driven GUI testing.",ieee,llm,0.980,unreviewed,,doi:10.1109/ase63991.2025.00135
discarded,A Novel Vision-Based Approach to Test Sequence Generation for Mobile GUI Testing,Chenhui Cui; Yinming Huang; Rubing Huang; Ling Zhou; Rongcun Wang; Tao Li,2026,IEEE Transactions on Reliability,10.1109/TR.2025.3648728,https://ieeexplore.ieee.org/document/11342316/,adjacent-subtopic,"Mobile graphical user interface (GUI) testing is a critical component of quality assurance for mobile applications. As GUI designs grow increasingly complex, vision-based testing methods have become essential for improving the quality of test scripts and reports. However, current approaches face significant limitations. For instance, the process of cropping GUI widgets requires significant manual effort and consumes considerable time. Meanwhile, existing automated testing tools still fail to generate satisfactory test sequences. In this article, we propose vision-based test sequence generation (VTSG), a novel perception-driven approach for mobile GUI testing. More specifically: first, VTSG employs a light-weight GUI element detection model to crop widgets from GUI pages automatically; second, guided by human perception principles, it sequences widget screenshots through saturation and spatial layout analysis; third, the system then integrates GUI widget interaction instructions to generate vision-based test scripts that accurately simulate human interaction patterns on mobile devices. We evaluate VTSG against four state-of-the-art GUI testing tools across five applications. Experimental results demonstrate that VTSG significantly outperforms existing methods, achieving 47.44% code coverage and 51.33% activity coverage, respectively, compared to the other approaches. In addition, we conduct a series of supplementary experiments on two mainstream commercial applications (i.e., Toutiao and Douyin). The results further confirm that VTSG maintains higher activity coverage even on these real-world commercial apps.",ieee,llm,0.980,unreviewed,,doi:10.1109/tr.2025.3648728
kept,GUI Testing Made Easy,Alex Ruiz; Yvonne Wang Price,2009,Testing: Academic & Industrial Conference - Practice and Research Techniques (taic part 2008),10.1109/TAIC-PART.2008.11,https://ieeexplore.ieee.org/document/4670309/,supports-claim,"Despite its importance, testing graphical user interfaces (GUIs) is frequently seen as a difficult activity. The challenges present in GUI testing may discourage developers and testers, to the point that they may eventually stop writing tests. This paper describes the common problems that make creation and maintenance of GUI tests complex. Our intention is to present a GUI testing strategy that includes writing robust GUI tests, creating testable GUIs and testing legacy/existing GUIs.Simultaneously, we discuss the features that a tool should offer to simplify GUI testing. We cover the intricacies that developers and testers face when writing, maintaining and troubleshooting GUI tests, and offer practical solutions to each of them.The ideas explained in this paper have been successfully implemented in the open source project FEST, a GUI testing library for Java Swing GUIs.",ieee,llm,0.950,unreviewed,,doi:10.1109/taic-part.2008.11
