status,title,authors,year,venue,doi,url,tags,abstract,provider,decision_source,llm_confidence,llm_review_outcome,llm_change_direction,paper_id
discarded,"Agentic Architectural Patterns for Building Multi-Agent Systems: Proven design patterns and practices for GenAI, agents, RAG, LLMOps, and enterprise-scale AI systems",Dr. Ali Arsanjani; Juan Pablo Bustos; Thomas Kurian,2026,"Agentic Architectural Patterns for Building Multi-Agent Systems: Proven design patterns and practices for GenAI, agents, RAG, LLMOps, and enterprise-scale AI systems",,https://ieeexplore.ieee.org/document/11514940/,off-topic-false-hit,"Transform GenAI experiments into production-ready intelligent agents with scalable AI systems, architectural patterns, frameworks, and responsible AI and governance best practices Free with your book: DRM-free PDF version + access to Packt's next-gen Reader* Key FeaturesBuild robust single and multi-agent GenAI systems for enterprise useUnderstand the GenAI and Agentic AI maturity model and enterprise adoption roadmapUse prompt engineering and optimization, various styles of RAG, and LLMOps to enhance AI capability and performancePurchase of the print or Kindle book includes a free PDF eBookBook DescriptionGenerative AI has moved beyond the hype, and enterprises now face the challenge of turning prototypes into scalable solutions. This book is your guide to building intelligent agents powered by LLMs. Starting with a GenAI maturity model, you’ll learn how to assess your organization’s readiness and create a roadmap toward agentic AI adoption. You’ll master foundational topics such as model selection and LLM deployment, progressing to advanced methods such as RAG, fine-tuning, in-context learning, and LLMOps, especially in the context of agentic AI. You'll explore a rich library of agentic AI design patterns to address coordination, explainability, fault tolerance, and human-agent interaction. This book introduces a concrete, hierarchical multi-agent architecture where high-level orchestrator agents manage complex business workflows by delegating entire sub-processes to specialized agents. You’ll see how these agents collaborate and communicate using the Agent-to-Agent (A2A) protocol. To ensure your systems are production-ready, we provide a practical framework for observability using life cycle callbacks, giving you the granular traceability needed for debugging, compliance, and cost management. Each pattern is backed by real-world scenarios and code examples using the open source Agent Development Kit (ADK). *Email sign-up and proof of purchase required What you will learnApply design patterns to handle instruction drift, improve coordination, and build fault-tolerant AI systemsDesign systems with the three layers of the agentic stack: function calling, tool protocols (MCP), and A2A collaborationDevelop responsible, ethical, and governable GenAI applicationsUse frameworks such as ADK, LangGraph, and CrewAI with code examplesMaster prompt engineering, LLMOps, and AgentOps best practicesBuild agentic systems using RAG, fine-tuning, and in-context learningWho this book is forThis book is for AI developers, data scientists, and professionals eager to apply GenAI and agentic AI to solve business challenges. A basic grasp of data and software concepts is expected. The book offers a clear path for newcomers while providing advanced insights for individuals already experimenting with the technology. With real-world case studies, technical guides, and production-focused examples, the book supports a wide range of skill levels, from learning the foundations to building sophisticated, autonomous AI systems for enterprise use.",ieee,llm,0.990,unreviewed,,hash:9fb2063c06c8e76a
discarded,Classification of Currency Denominations in Folded Condition using Convolutional Neural Network,Faqih Hamami; Muhammad Auvi Amri; Zahra Hafizhah Mutmainnah,2024,2024 7th International Conference of Computer and Informatics Engineering (IC2IE),10.1109/IC2IE63342.2024.10748105,https://ieeexplore.ieee.org/document/10748105/,off-topic-false-hit,"Identifying the denomination of money is a complex issue for blind people. Typically, denomination identification relies on the sense of touch by feeling certain parts of the money. This method also presents significant difficulties if the money being held is crumpled. The need for money denomination identification for the visually impaired becomes crucial to help them recognize the denominations. This research proposes a Convolutional Neural Network (CNN) method for detecting and classifying money denominations from digital images taken by a camera. The CNN model will learn from various types of currency data and then classify the denominations of Indonesian rupiah from thousands to hundreds of thousands with high accuracy. Besides general money denomination identification, this research also focuses on identifying worn, folded, and torn money. This will facilitate blind people in classifying money without having to place the money in an ideal position. The ideal position refers to new money that is well-captured by the camera. Based on testing results by performing simulations of the number of epochs and stopping callbacks, an accuracy above 90% was achieved with a loss of 0.3.1.",ieee,llm,1.000,unreviewed,,doi:10.1109/ic2ie63342.2024.10748105
discarded,Node.js Design Patterns: Level up your Node.js skills and design production-grade applications using proven techniques,Luciano Mammino; Mario Casciaro; Colin J. Ihrig; Matteo Collina,2025,Node.js Design Patterns: Level up your Node.js skills and design production-grade applications using proven techniques,,https://ieeexplore.ieee.org/document/11244339/,adjacent-subtopic,"An essential read for any JavaScript developer - take full advantage of the Node.js platform and build reliable, scalable web applications using design patterns Purchase of the print or Kindle book includes a free eBook in PDF format Free with your book: DRM-free PDF version + access to Packt's next-gen Reader (Email sign-up and proof of purchase required)Key FeaturesGain a deep understanding of the Node.js philosophy, its core components, and the solutions in its ecosystemAvoid common pitfalls in applying proven patterns to create robust, maintainable Node.js applicationsEnhance your development skills through a wealth of real-world examples and case studiesBook DescriptionNode.js underpins much of modern web development, reliably powering APIs and full-stack apps across all industries. Authors Luciano Mammino and Mario Casciaro offer a practical guide that unpacks the JavaScript runtime so you can write reliable, high-performance Node.js apps. Building on the highly rated third edition, this new edition adds fresh case studies and the latest Node.js developments: newer APIs and libraries, ESM improvements, practical security and production tips, and guidance on using Node.js with TypeScript. It also introduces a new chapter on testing that gives you a full introduction to testing philosophy and practical guidance on writing unit, integration, and end-to-end tests, giving you the confidence to write functional, stable, and reliable code. Real-world, end-to-end examples throughout the book show how to build microservices and distributed systems with Node.js, integrating production-proven technologies such as Redis, RabbitMQ, LevelDB, and ZeroMQ, the same components you’ll find in scalable deployments at companies of all sizes. End-of-chapter exercises consolidate your understanding. By the end of this Node.js book, you’ll have the design patterns, mindset, and hands-on skills every serious Node.js professional needs to confidently architect robust, efficient, and maintainable applications.What you will learnUnderstand Node.js basics and its async event-driven architectureWrite correct async code using callbacks, promises, and async/awaitHarness Node.js streams to create data-driven processing pipelinesImplement trusted software design patterns for production-grade applicationsWrite testable code and automated tests (unit, integration, E2E)Use advanced recipes: caching, batching, async init, offload CPU-bound workBuild and scale microservices and distributed systems powered by Node.jsWho this book is forThis book is for you if you’re a developer or software architect with basic knowledge of JavaScript and Node.js and want to get the most out of these technologies to maximize productivity, design quality, and scalability. It’ll help you level up from junior to senior roles. This book is a tried-and-tested reference guide for readers at all levels. Even those with more experience will find value in the more advanced patterns and techniques presented. You’re expected to have an intermediate understanding of web application development, databases, and software design principles.",ieee,llm,0.980,unreviewed,,hash:5f579be4f0335f67
discarded,Reconciling the past and the present: An empirical study on the application of source code transformations to automatically rejuvenate Java programs,Reno Dantas; Antônio Carvalho; Diego Marcílio; Luísa Fantin; Uriel Silva; Walter Lucas; Rodrigo Bonifácio,2018,"2018 IEEE 25th International Conference on Software Analysis, Evolution and Reengineering (SANER)",10.1109/SANER.2018.8330247,https://ieeexplore.ieee.org/document/8330247/,adjacent-subtopic,"Software systems change frequently over time, either due to new business requirements or technology pressures. Programming languages evolve in a similar constant fashion, though when a language release introduces new programming constructs, older constructs and idioms might become obsolete. The coexistence between newer and older constructs leads to several problems, such as increased maintenance efforts and steeper learning curve for developers. In this paper we present a RASCAL Java transformation library that evolves legacy systems to use more recent programming language constructs (such as multi-catch and lambda expressions). In order to understand how relevant automatic software rejuvenation is, we submitted 2462 transformations to 40 open source projects via the GitHub pull request mechanism. Initial results show that simple transformations, for instance the introduction of the diamond operator, are more likely to be accepted than transformations that change the code substantially, such as refactoring enhanced for loops to the newer functional style.",ieee,llm,0.970,unreviewed,,doi:10.1109/saner.2018.8330247
discarded,The and neural mechanisms of statistical,"Liang, Fei; Fu, Qiufang",2026,CHINESE SCIENCE BULLETIN-CHINESE,10.1360/CSB-2025-5554,https://www.webofscience.com/wos/woscc/full-record/WOS:001786326900014,off-topic-false-hit,"How do humans extract meaningful information from environmental complexity and learn relations among stimuli? Statistical learning (SL) is a central cognitive mechanism enabling individuals to detect underlying statistical structure through passive exposure and extract rules from sensory input. Broadly, SL refers to the automatic detection of frequency patterns, distributional regularities, and structural relations, supporting abstract knowledge acquisition and generalized mental representations. As a fundamental mechanism, SL supports higher-order functions including language, perception, and social cognition, operates across the lifespan and learning domains, and reflects the adaptability of the human learning system. Accordingly, SL has become a core construct in cognitive science. Nevertheless, important questions remain concerning its cognitive and neural mechanisms, the boundaries of its generalizability, and real-world applications. This review focuses on the cognitive and neural mechanisms of statistical learning, with particular emphasis on its relation to conscious awareness. We propose a dual-system framework that distinguishes between implicit and explicit statistical learning along the dimension of awareness, while recognizing that both forms share a common reliance on the extraction of structural or rule-based information. The representational outcomes of SL are inherently probabilistic, distribution-dependent, and capable of transfer across modalities and tasks, reflecting a flexible and generalized mechanism of knowledge formation. Importantly, the efficacy of SL is modulated by a variety of factors, including methodological approaches to measurement, structural characteristics of the stimuli, and individual differences in cognitive capacity and experience. From a methodological perspective, neurophysiological and neuroimaging tools have played a central role in advancing our understanding of SL. EEG and ERP measures, with their millisecond-level temporal resolution, provide a direct window into the unfolding dynamics of learning. Among the most studied indices, the N400 component (reflecting sensitivity to structural violations) and neural entrainment (capturing synchronization to statistical regularities) serve as potential electrophysiological markers that dynamically track the acquisition of statistical patterns. Complementarily, fMRI studies have identified a distributed network of brain regions engaged in SL, such as the coordinated activity of the temporo-parietal and striatal pathways. In the context of speech segmentation, for example, the interplay between these regions may constitute a crucial neural substrate for extracting statistical dependencies in language input. Beyond its neural basis, statistical learning exhibits remarkable generality: it operates across cognitive domains (e.g., language, vision, social cognition), across sensory modalities, across developmental stages from infancy through adulthood, and even across species. These findings underscore its role as a domain-general learning mechanism of profound evolutionary and cognitive significance. At the same time, SL research has increasingly turned toward translational and applied contexts, such as language learning, education, and clinical interventions, raising the prospect of leveraging its principles to enhance adaptive learning and rehabilitation.

Future research must refine experimental paradigms to better capture the dynamic interplay between implicit and explicit SL processes, and to delineate how these interact with core systems of memory and attention. A deeper understanding of the temporal and neural dynamics underlying SL will not only enrich theoretical models of cognition but also foster practical applications in domains ranging from language instruction to neurorehabilitation. Taken together, statistical learning represents both a unifying framework for cognitive science and a fertile avenue for future discovery.",wos,llm,1.000,unreviewed,,doi:10.1360/csb-2025-5554
discarded,C1ql1 expression in oligodendrocyte progenitor cells promotes oligodendrocyte differentiation,"Altunay, Zeynep M.; Biswas, Joyshree; Cheung, Hiu W.; Pijewski, Robert S.; Papile, Lucille E.; Akinlaja, Yetunde O.; Tang, Andrew; Kresic, Lyndsay C.; Schouw, Alexander D.; Ugrak, Maksym V.; Caro, Keaven; Palomino, Perla A. Pena; Ressl, Susanne; Nishiyama, Akiko; Crocker, Stephen J.; Martinelli, David C.",2025,FEBS JOURNAL,10.1111/febs.17256,https://www.webofscience.com/wos/woscc/full-record/WOS:001309892100001,off-topic-false-hit,"Myelinating oligodendrocytes arise from the stepwise differentiation of oligodendrocyte progenitor cells (OPCs). Approximately 5% of all adult brain cells are OPCs. Why would a mature brain need such a large number of OPCs? New myelination is possibly required for higher-order functions such as cognition and learning. Additionally, this pool of OPCs represents a source of new oligodendrocytes to replace those lost during injury, inflammation, or in diseases such as multiple sclerosis (MS). How OPCs are instructed to differentiate into oligodendrocytes is poorly understood, and for reasons presently unclear, resident pools of OPCs are progressively less utilized in MS. The complement component 1, q subcomponent-like (C1QL) protein family has been studied for their functions at neuron-neuron synapses, but we show that OPCs express C1ql1. We created OPC-specific conditional knockout mice and show that C1QL1 deficiency reduces the differentiation of OPCs into oligodendrocytes and reduces myelin production during both development and recovery from cuprizone-induced demyelination. In vivo over-expression of C1QL1 causes the opposite phenotype: increased oligodendrocyte density and myelination during recovery from demyelination. We further used primary cultured OPCs to show that C1QL1 levels can bidirectionally regulate the extent of OPC differentiation in vitro. Our results suggest that C1QL1 may initiate a previously unrecognized signaling pathway to promote differentiation of OPCs into oligodendrocytes. This study has relevance for possible novel therapies for demyelinating diseases and may illuminate a previously undescribed mechanism to regulate the function of myelination in cognition and learning.",wos,llm,1.000,unreviewed,,doi:10.1111/febs.17256
discarded,Is intraoperative mapping of music performance mandatory to preserve skills in professional musicians? Awake surgery for lower-grade glioma conducted from a meta-networking perspective,"Martin-Fernandez, Jesus; Moritz-Gasser, Sylvie; Herbet, Guillaume; Duffau, Hugues",2024,NEUROSURGICAL FOCUS,10.3171/2023.11.FOCUS23702,https://www.webofscience.com/wos/woscc/full-record/WOS:001157848200005,off-topic-false-hit,"OBJECTIVE In surgery for lower-grade glioma (LGG) in professional musicians, for whom preserving music ability is essential, a critical question has emerged, namely, is it mandatory to include music performance during awake mapping, as proposed in several reports? In fact, music ability is subserved by a mosaic of interactive cognitive and emotional processes that rest on several networks. Therefore, from a meta-network perspective, the authors investigated whether an integrated multimodal monitoring of these cognitive and emotional functions during stimulation mapping could be efficient in maintaining musical skill. Indeed, it could be difficult for a patient to play a musical instrument in the surgical setting in addition to performing other tasks, such as movement and language. METHODS An awake mapping-guided resection for LGG without intraoperative music performance was performed in 3 professional musicians. Intraoperative tests were tailored to each patient depending on the critical corticosubcortical circuits surrounding the tumor, including not only sensorimotor or language skills but also higher-order functions with a constant multitasking during the resection. RESULTS Although music skills were not mapped during surgery, all patients resumed their professional activities, preserving the ability to play music and to perform concerts, to teach and to compose music, or to start learning a new instrument. CONCLUSIONS A connectome-based resection without intraoperative music performance seems effective in achieving maximal glioma removal while preserving crucial networks subserving musical skills, creativity, and music learning. Neurosurgery should evolve toward a meta-networking approach to better understand higher-order functions mediating complex behavior, such as being a professional musician.",wos,llm,1.000,unreviewed,,doi:10.3171/2023.11.focus23702
kept,Towards a Notional Machine for Runtime Stacks and Scope: When Stacks Don't Stack Up,"Clements, John; Krishnamurthi, Shriram",2023,"PROCEEDINGS OF THE 2022 ACM CONFERENCE ON INTERNATIONAL COMPUTING EDUCATION RESEARCH, ICER 2022, VOL. 1",,https://www.webofscience.com/wos/woscc/full-record/WOS:001143762100016,supports-claim,"Background and Context. Modern programming is replete with features like closures, callbacks, generators, asynchronous functions, and so on. These features can be subtle in their behavior and interaction with the rest of the language, so students need notional machines that are both accurate and manageable. We specifically focus on stacks and their associated environments, which are key to understanding these features.

Objectives. What conceptions do students have of stacks and environments on entry to a tertiary, upper-level programming languages course? What impact does coursework around an interpreterbased approach to programming languages education have on their understanding? What is the value of the tooling we create for students to express notional machine states?

Method. Our studies were conducted at two different institutions in a tertiary, upper-level course on programming languages. The intermediate interventions were different, but both used a pre/post-test format conducted at the beginning and near the end of the semester. We also created a Snap!-based tool to assist in notional machine description.

Findings. We found that students have a relatively weak understanding of stacks and environments at entry, and exhibited various misconceptions. At one institution, which primarily relied on interpreters, we found numerous problems persisted at the end of the semester. At the other, which in addition to interpreters also used direct instruction and the Snap!-based tool, students did much better-but still not on aspects that we would have liked to have transferred from interpreters.

