status,title,authors,year,venue,doi,url,tags,abstract,provider,decision_source,llm_confidence,llm_review_outcome,llm_change_direction,paper_id
discarded,Bacteriophage lambda: Early pioneer and still relevant,Sherwood Casjens; Roger W. Hendrix,2015,Virology,10.1016/j.virol.2015.02.010,https://openalex.org/W2034840813,off-topic-false-hit,,openalex,llm,1.000,unreviewed,,doi:10.1016/j.virol.2015.02.010
discarded,Attention in Natural Language Processing,Andrea Galassi; Marco Lippi; Paolo Torroni,2020,IEEE Transactions on Neural Networks and Learning Systems,10.1109/tnnls.2020.3019893,https://openalex.org/W3031696893,off-topic-false-hit,"Attention is an increasingly popular mechanism used in a wide range of neural architectures. The mechanism itself has been realized in a variety of formats. However, because of the fast-paced advances in this domain, a systematic overview of attention is still missing. In this article, we define a unified model for attention architectures in natural language processing, with a focus on those designed to work with vector representations of the textual data. We propose a taxonomy of attention models according to four dimensions: the representation of the input, the compatibility function, the distribution function, and the multiplicity of the input and/or output. We present the examples of how prior information can be exploited in attention models and discuss ongoing research efforts and open challenges in the area, providing the first extensive categorization of the vast body of literature in this exciting domain.",openalex,llm,1.000,unreviewed,,doi:10.1109/tnnls.2020.3019893
discarded,Using Large Language Models to Enhance Programming Error Messages,Juho Leinonen; Arto Hellas; Sami Sarsa; Brent N. Reeves; Paul C. Denny; James E. Prather; Brett A. Becker,2023,,10.1145/3545945.3569770,https://openalex.org/W4323033692,adjacent-subtopic,"A key part of learning to program is learning to understand programming error messages. They can be hard to interpret and identifying the cause of errors can be time-consuming. One factor in this challenge is that the messages are typically intended for an audience that already knows how to program, or even for programming environments that then use the information to highlight areas in code. Researchers have been working on making these errors more novice friendly since the 1960s, however progress has been slow. The present work contributes to this stream of research by using large language models to enhance programming error messages with explanations of the errors and suggestions on how to fix them. Large language models can be used to create useful and novice-friendly enhancements to programming error messages that sometimes surpass the original programming error messages in interpretability and actionability. These results provide further evidence of the benefits of large language models for computing educators, highlighting their use in areas known to be challenging for students. We further discuss the benefits and downsides of large language models and highlight future streams of research for enhancing programming error messages.",openalex,llm,0.980,unreviewed,,doi:10.1145/3545945.3569770
discarded,Effectiveness of Immersive Virtual Reality in Surgical Training—A Randomized Control Trial,Yeshwanth Pulijala; Minhua Ma; Matthew Pears; David Peebles; Ashraf Farouk Ayoub,2017,Journal of Oral and Maxillofacial Surgery,10.1016/j.joms.2017.10.002,https://openalex.org/W2764130726,off-topic-false-hit,,openalex,llm,1.000,unreviewed,,doi:10.1016/j.joms.2017.10.002
discarded,Discernment and Social Learning as a Companion Training Layer,"Long Ouyang; Jeff Wu; Xu Jiang; Diogo Almeida; Carroll L. Wainwright; Pamela Mishkin; Chong Zhang; Sandhini Agarwal; Katarina Slama; Ray, Alex; John Schulman; Jacob K. Hilton; Fraser Kelton; Miller, Luke; Maddie Simens; Amanda Askell; Peter Welinder; Christiano, Paul; Jan Leike; Lowe, Ryan",2022,arXiv (Cornell University),10.48550/arxiv.2203.02155,https://openalex.org/W4226278401,off-topic-false-hit,"I propose a companion curriculum for language model training that explicitly practices how a model responds to error. A failed attempt pauses advancement in the affected skill, followed by observation of verified peer successes, judgments committed before outcome disclosure, diagnosis, and a fresh-task retry. Task performance and discernment remain separately assessed, with bounded interaction through curriculum scheduling and training allocation. Demonstrations show evidence use and recovery behavior; rotating social roles practice correction and justified disagreement. An advanced stage has capable teachers develop small student models, challenge them in controlled contests, and apply lessons from student failures to analogous errors in their own work. The central hypothesis is that these experiences can improve reliable correction and transfer beyond direct-answer supervision at matched resource budgets. The proposal specifies operational measures, controls for performed humility and strategic failure, and tests that distinguish context-supported adaptation from persistent changes to model weights. Existing research supports several component mechanisms, but the complete curriculum, three-success observation rule, and additional value of explicit teacher-to-self transfer remain untested. No experimental results are reported.",openalex,llm,0.990,unreviewed,,doi:10.48550/arxiv.2203.02155
discarded,The flux-line lattice in superconductors,Ernst Helmut Brandt,1995,Reports on Progress in Physics,10.1088/0034-4885/58/11/003,https://openalex.org/W2084577780,off-topic-false-hit,"Magnetic flux can penetrate a type-II superconductor in the form of Abrikosov vortices (also called flux lines, flux tubes, or fluxons) each carrying a quantum of magnetic flux phi 0 =h/2e. These tiny vortices of supercurrent tend to arrange themselves in a triangular flux-line lattice (FLL), which is more or less perturbed by material inhomogeneities that pin the flux lines, and in high-T c superconductors (HTSCs) also by thermal fluctuations. Many properties of the FLL are well described by the phenomenological Ginzburg-Landau theory or by the electromagnetic London theory, which treats the vortex core as a singularity. In Nb alloys and HTSCs the FLL is very soft mainly because of the large magnetic penetration depth lambda . The shear modulus of the FLL is c 66 ~1/ lambda 2 , and the tilt modulus c 44 (k)~(1+k 2 lambda 2 ) -1 is dispersive and becomes very small for short distortion wavelengths 2 pi /k<< lambda . This softness is enhanced further by the pronounced anisotropy and layered structure of HTSCs, which strongly increases the penetration depth for currents along the c axis of these (nearly uniaxial) crystals and may even cause a decoupling of two-dimensional vortex lattices in the Cu-O layers. Thermal fluctuations and softening may `melt` the FLL and cause thermally activated depinning of the flux lines or ofthe two-dimensional `pancake vortices` in the layers. Various phase transitions are predicted for the FLL in layered HTSCs. Although large pinning forces and high critical currents have been achieved, the small depinning energy so far prevents the application of HTSCs as conductors at high temperatures except in cases when the applied current and the surrounding magnetic field are small.",openalex,llm,1.000,unreviewed,,doi:10.1088/0034-4885/58/11/003
discarded,Mindfulness-Based Stress Reduction Lowers Psychological Distress In Medical Students,Steven Rosenzweig; Diane K. Reibel; Jeffrey M. Greeson; George C. Brainard; Mohammadreza Hojat,2003,Teaching and Learning in Medicine,10.1207/s15328015tlm1502_03,https://openalex.org/W1979454969,off-topic-false-hit,"BACKGROUND: Medical students confront significant academic, psychosocial, and existential stressors throughout their training. Mindfulness-based stress reduction (MBSR) is an educational intervention designed to improve coping skills and reduce emotional distress. PURPOSE: The purpose of this study was to examine the effectiveness of the MBSR intervention in a prospective, nonrandomized, cohort-controlled study. METHODS: Second-year students (n = 140) elected to participate in a 10-week MBSR seminar. Controls (n = 162) participated in a didactic seminar on complementary medicine. Profile of Mood States (POMS) was administered preintervention and postintervention. RESULTS: Baseline total mood disturbance (TMD) was greater in the MBSR group compared with controls (38.7 +/- 33.3 vs. 28.0 +/- 31.2; p < .01). Despite this initial difference, the MBSR group scored significantly lower in TMD at the completion of the intervention period (31.8 +/- 33.8 vs. 38.6 +/- 32.8; p < .05). Significant effects were also observed on Tension-Anxiety, Confusion-Bewilderment, Fatigue-Inertia, and Vigor-Activity subscales. CONCLUSION: MBSR may be an effective stress management intervention for medical students.",openalex,llm,1.000,unreviewed,,doi:10.1207/s15328015tlm1502_03
discarded,Exercise dependence and muscle dysmorphia in novice and experienced female bodybuilders,Bruce D. Hale; Danielle Diehl; Krista Weaver; Michael Briggs,2013,Journal of Behavioral Addictions,10.1556/jba.2.2013.4.8,https://openalex.org/W1992371431,off-topic-false-hit,"BACKGROUND AND AIMS: Extensive research has shown that male bodybuilders are at high risk for exercise dependence, but few studies have measured these variables in female bodybuilders. Prior research has postulated that muscular dysmorphia was more prevalent in men than women, but several qualitative studies of female bodybuilders have indicated that female bodybuilders show the same body image concerns. Only one study has compared female bodybuilders with control recreational female lifters on eating behaviors, body image, shape pre-occupation, body dissatisfaction, and steroid use. The purpose of this study was to compare exercise dependence and muscle dysmorphia measures between groups of female weight lifters. METHODS: Seventy-four female lifters were classified into three lifting types (26 expert bodybuilders, 10 or more competitions; 29 novice bodybuilders, 3 or less competitions; and 19 fitness lifters, at least 6 months prior lifting) who each completed a demographic questionnaire, the Exercise Dependence Scale (EDS), the Drive for Thinness scale (DFT) of the Eating Disorder Inventory-2, the Bodybuilding Dependence Scale (BDS), and the Muscle Dysmorphia Inventory (MDI). RESULTS: Female bodybuilders scored higher than fitness lifters for EDS Total, BDS Training and Social Dependence, and on Supplement Use, Dietary Behavior, Exercise Dependence, and Size Symmetry scales of the MDI. DISCUSSION AND CONCLUSIONS: Female bodybuilders seem to be more at risk for exercise dependence and muscle dysmorphia symptoms than female recreational weight lifters.",openalex,llm,1.000,unreviewed,,doi:10.1556/jba.2.2013.4.8
discarded,Mental Representation and Mental Practice: Experimental Investigation on the Functional Links between Motor Memory and Motor Imagery,Cornelia Frank; William M. Land; Carmen Popp; Thomas Schack,2014,PLoS ONE,10.1371/journal.pone.0095175,https://openalex.org/W2033587085,off-topic-false-hit,"Recent research on mental representation of complex action has revealed distinct differences in the structure of representational frameworks between experts and novices. More recently, research on the development of mental representation structure has elicited functional changes in novices' representations as a result of practice. However, research investigating if and how mental practice adds to this adaptation process is lacking. In the present study, we examined the influence of mental practice (i.e., motor imagery rehearsal) on both putting performance and the development of one's representation of the golf putt during early skill acquisition. Novice golfers (N = 52) practiced the task of golf putting under one of four different practice conditions: mental, physical, mental-physical combined, and no practice. Participants were tested prior to and after a practice phase, as well as after a three day retention interval. Mental representation structures of the putt were measured, using the structural dimensional analysis of mental representation. This method provides psychometric data on the distances and groupings of basic action concepts in long-term memory. Additionally, putting accuracy and putting consistency were measured using two-dimensional error scores of each putt. Findings revealed significant performance improvements over the course of practice together with functional adaptations in mental representation structure. Interestingly, after three days of practice, the mental representations of participants who incorporated mental practice into their practice regime displayed representation structures that were more similar to a functional structure than did participants who did not incorporate mental practice. The findings of the present study suggest that mental practice promotes the cognitive adaptation process during motor learning, leading to more elaborate representations than physical practice only.",openalex,llm,1.000,unreviewed,,doi:10.1371/journal.pone.0095175
discarded,COSPEX: A Program Comprehension Tool for Novice Programmers,Nakshatra Gupta; Ashutosh Rajput; Sridhar Chimalakonda,2022,2022 IEEE/ACM 44th International Conference on Software Engineering: Companion Proceedings (ICSE-Companion),10.1145/3510454.3516842,https://ieeexplore.ieee.org/document/9793787/,adjacent-subtopic,"Developers often encounter unfamiliar code during software maintenance which consumes a significant amount of time for comprehension, especially for novice programmers. Researchers have come up with automated techniques that can provide effective code comprehension and summaries by analyzing a source code and present key information to the developers. Existing debuggers represent the execution states of the program but they do not show the complete execution at a single point. Studies have revealed that the effort required for program comprehension can be reduced if novice programmers are provided with worked examples. Hence, we propose COSPEX (Comprehension using Summarization via Program Execution) - an Atom plugin that dynamically extracts key information for every line of code executed and presents it to the developers in the form of an interactive example-like dynamic information instance. As a preliminary evaluation, we presented 14 undergraduates having Python programming experience up to 1 year with a code comprehension task in a user survey. We observed that COSPEX helped novice programmers in program comprehension and improved their understanding of the code execution. The source code and tool are available at: https://github.com/rishalab/COSPEX, and the demo on Youtube is available at: https://youtu.be/QQY-8KuDaEM.",ieee,llm,0.940,unreviewed,,doi:10.1145/3510454.3516842
discarded,"Learn React with TypeScript: A beginner's guide to building real-world, production-ready web apps with React 19 and TypeScript",Carl Rippon,2025,"Learn React with TypeScript: A beginner's guide to building real-world, production-ready web apps with React 19 and TypeScript",,https://ieeexplore.ieee.org/document/11098999/,adjacent-subtopic,"Take your first step in building modern-day component-based scalable web apps using the latest features and capabilities of React 19, TypeScript, and Next.js with this easy-to-follow guideKey FeaturesUnlock powerful performance gains with React server components and server functions in Next.jsManage forms, state, and data fetching with modern tools like Zustand and Next.jsBuild reusable, scalable components using proven React and TypeScript design patternsPurchase of the print or Kindle book includes a free PDF eBookBook DescriptionReading, navigating, and debugging a large frontend codebase can be challenging. Learn React with TypeScript, 3rd Edition helps you overcome these challenges by teaching you React, TypeScript, and Next.js, which are core technologies for building scalable, high-performance apps. Updated for React 19, this new edition covers new features such as React Server Components, server functions, and powerful modern hooks, including useFormStatus and useActionState. You'll build type-safe components using TypeScript, making this book ideal for React beginners who want to master patterns aligned with real-world frontend and React developer roles. You’ll also explore Next.js for RSCs and routing, and learn to use Zustand for global state in React—a lightweight alternative to traditional state managers. The chapters guide you through efficient data-fetching strategies with RSCs in Next.js, as well as in single-page applications (SPAs). The book also covers form handling, reusable architecture, and testing React components with Vitest to ensure robust, production-ready apps. By the end of this book, you’ll have the confidence and skills to build maintainable React applications with TypeScript and Next.js, following modern web development best practices.What you will learnApply React styling techniques to create stunning and visually engaging UIsLeverage server components to seamlessly integrate with client components for optimized performanceFetch and manage data efficiently in React for a smooth, responsive user experienceBuild interactive, validated forms with TypeScript and server actions to handle user inputShare state efficiently across components using ZustandStructure scalable, multi-page applications effortlessly with Next.jsWrite unit tests for React apps with Vitest and React Testing LibraryWho this book is forThis book is for aspiring React developers, frontend engineers, or full-stack developers looking to build large-scale web applications using React and TypeScript. This guide offers a solid foundation in modern web development practices using React, TypeScript, and Next.js. Intermediate knowledge of HTML, CSS, and JavaScript is required.",ieee,llm,0.930,unreviewed,,hash:e247b6bbf3fe774c
discarded,Adapting to intelligence profile in an adaptive educational system,Declan Kelly; Brendan Tangney,2006,Interacting with Computers,10.1016/j.intcom.2005.11.009,https://ieeexplore.ieee.org/document/8155981/,adjacent-subtopic,"Learning characteristics, as informed by research, vary for each individual learner. Research suggests that knowledge is processed and represented in different ways and that students prefer to use different types of resources in distinct ways. However, building Adaptive Educational systems that adapt to different learning characteristics is not easy. Major research questions exist such as: how are the relevant learning characteristics identified, how does modelling of the learner take place and in what way should the learning environment change for users with different learning characteristics?EDUCE is one system that addresses these challenges by using Gardner’s theory of multiple intelligences (MI) as the basis for dynamically modelling learning characteristics and for designing instructional material. This paper describes a research study, using EDUCE, that explores the effect of using different adaptive presentation strategies and the impact on learning performance when material is matched and mismatched with learning preferences. The results suggest that students with low levels of learning activity, and who use only a limited number of the resources available, have the most to benefit from adaptive presentation strategies and that surprisingly learning gain increases when they are provided with resources not normally preferred.",ieee,llm,0.960,unreviewed,,doi:10.1016/j.intcom.2005.11.009
discarded,Remote Control Laboratory Using EJS Applets and TwinCAT Programmable Logic Controllers,Eva Besada-Portas; José A. Lopez-Orozco; Luis de la Torre; Jesus M. de la Cruz,2013,IEEE Transactions on Education,10.1109/TE.2012.2204754,https://ieeexplore.ieee.org/document/6220875/,adjacent-subtopic,"This paper presents a new methodology to develop remote laboratories for systems engineering and automation control courses, based on the combined use of TwinCAT, a laboratory Java server application, and Easy Java Simulations (EJS). The TwinCAT system is used to close the control loop for the selected plants by means of programmable logic controllers (PLCs) deployed in PCs with the TwinCAT run-time tool. EJS is used to develop the laboratory front-end applets that let teachers and students parametrize and observe the behavior of the PLCs from any computer. The laboratory Java server application establishes the connection between the EJS applets and the PLCs, fulfilling the TwinCAT connection requirements while ensuring an individualized access to each PLC. This paper also shows how the practical work in some undergraduate control courses at the Complutense University of Madrid, Spain, already uses the TwinCAT PLC + Java server + EJS applet strategy to provide real-time support to the controllers, remote individualized access to the experiments, and a user-friendly graphic controller interface for the students.",ieee,llm,0.950,unreviewed,,doi:10.1109/te.2012.2204754
