status,title,authors,year,venue,doi,url,tags,abstract,provider,decision_source,llm_confidence,llm_review_outcome,llm_change_direction,paper_id
Results Method performance by the proposed D-3 technique showed linearity for LAM and TDF from 2-10 mu g mL(-1) to 8-24 mu g mL(-1), respectively (R-2 = 0.998), while for HPLC method both drugs ranged from 0.25 to 5.0 mu g mL(-1) (R-2 >= 0.999). The intercepts and slopes of the regression equations were <= 1.62 x 10(-4) and <= 3.58 x 10(-5), respectively, while calculated standard errors were <= 8.04 x 10(-5). Limits of detection and quantification for both methods were <= 0.46 mu g mL(-1) and <= 1.40 mu g mL(-1), respectively, for LAM, while corresponding limits for TDF were <= 2.61 and <= 7.90 mu g mL(-1). The percentage recovery for both drugs and methods ranged from 94.80 to 100.33%. The amount of LAM and TDF in brands I and II was >= 99.59 +/- 1.19% and >= 99.39 +/- 0.63%, respectively, for the proposed D-3 spectroscopic method, while corresponding values for the HPLC method were >= 99.86 +/- 0.50 and >= 99.87 +/- 0.32%. Statistically, both methods were adjudged to have no significant difference at 95% confidence level as the student's t-test values; experimental paired t- and F-test values were found satisfactory.

Conclusion The D-3 spectrophotometric technique was time saving, cheap, simple and more environmental friendly and shows reliability, precision and accuracy and could be used for routine analysis of FDCs where HPLC is not available.",wos,llm,1.000,unreviewed,,doi:10.1186/s43094-023-00471-7
discarded,The effects of a PROSPER-based intervention on well-being among pre-service preschool teachers during the COVID-19 pandemic: a randomized control trial,"Lee, Alfred S. Y.; Datu, Jesus Alfonso Daep; Chan, Derwin K. C.; Lau, Eva Yi Hung; Fung, Wing Kai; Cheng, Rebecca Wing-yi; Cheung, Ryan Yat Ming; Chung, Kevin Kien Hoa",2023,EDUCATIONAL PSYCHOLOGY,10.1080/01443410.2023.2189649,https://www.webofscience.com/wos/woscc/full-record/WOS:000955845000001,off-topic-false-hit,"This study aims to examine the effectiveness of an intervention program based on the PROSPER, a comprehensive framework which emphasises the importance of positivity, relationships, outcome, strength, purpose, engagement, and resilience in pre-service teachers' well-being in Hong Kong. Participants were pre-service pre-school teachers (N = 77) who participated in a 1-month randomised control trial with four intervention workshops. They were randomly assigned to either intervention (n = 40) or wait-list control conditions (n = 37). A survey with measures that assessed PROSPER well-being components was administered to participants before and after the intervention. Findings of repeated measures MANCOVA revealed no significant time x group interaction effect, Wilks' Lambda F(7, 50) = 1.66, p = .14, eta(2) = .19. Results of univariate analyses showed that a significant time x group interaction effect existed in relationship component (eta(2) = .08), indicating that the intervention was effective in facilitating pre-service pre-school teachers' positive relationships with their peers. Findings underscore the potential benefits of designing positive psychological interventions for teachers amid the COVID-19 pandemic.",wos,llm,1.000,unreviewed,,doi:10.1080/01443410.2023.2189649
discarded,Challenge-skills balance in international junior elite tennis players,"Guinoubi, Sarah; Mouelhi-Guizani, Salma; Chtara, Mokhtar; Crespo, Miguel",2023,INTERNATIONAL JOURNAL OF SPORTS SCIENCE & COACHING,10.1177/17479541221129600,https://www.webofscience.com/wos/woscc/full-record/WOS:000867299600001,off-topic-false-hit,"This study uses self-determination and flow theories as a theoretical framework to investigate the role of need for competence satisfaction (NCS) and autonomous motivation (AM) in balance between challenge and skills (BCS) and dispositional flow (DF) in international junior elite tennis players. A sample of 114 (62 girls and 52 boys) junior elite players (15.62 +/- 1.36 years) representing 24 countries competing in International Tennis Federation junior tournaments completed measures on the NCS using the Basic Needs Satisfaction in Sport Scale, AM with the Sport Motivation Scale and DF State scale to measure the BCS and their DF. Values of Cronbach alpha >.80 and the rho Joreskog coefficients were shown to be satisfactory and >0.89. The independent sample t-test analysis revealed no significant gender differences in any of them (p > .05). Simple regression analysis showed that there was a significant positive linear correlation between BCS and DF (r = .46; F = 29.31, p < .001). Multiple regression analysis indicated that AM and NCS explained 50.8% of the variance of BCS (F = 57.30, p < .001). Canonical correlation analysis indicated that a lack of NCS and AM was associated with a lack of DF and BCS. Wilks' lambda = .38, F = 34.11, p < .001, accounted for 99% (r(c) = .79) of the overlapping variance. It can be concluded that NCS and AM contribute effectively to the BCS and then to DF in the sample studied.",wos,llm,1.000,unreviewed,,doi:10.1177/17479541221129600
discarded,Serverless Deployment of a Voice-Bot for Visually Impaired,"Bajaj, Deepali; Bharti, Urmil; Batra, Hunar; Goel, Anita; Gupta, S. C.",2021,APPLIED SOFT COMPUTING AND COMMUNICATION NETWORKS,10.1007/978-981-33-6173-7_13,https://www.webofscience.com/wos/woscc/full-record/WOS:000841500100013,adjacent-subtopic,"Serverless Computing is an upcoming paradigm for the development and deployment of cloud applications. Rather than directly provisioning cloud infrastructure, developers write their short, ephemeral functions to be executed on a serverless platform. This simplified programming model relieves its developers from the burden of server management tasks like allocation, scaling and de-allocation of resources. Resources are typically allocated and charged in proportion to the number of times a function call is made. Monetary profits of serverless architectures greatly depend on the function execution behavior and application workloads volumes. Out of few relevant case studies, certain applications are exemplar and suit perfectly to serverless frameworks-like voice bot and chatbot applications. Recently, chatbots are becoming popular in all varieties of business applications as they can handle multiple users' requests at a time and reduce per service cost. In this paper, we have investigated a case study of ""Feed-O-Back-A Teachers Feedback Voice bot for visually impaired students"" and we also observed its implementation in serverless frameworks. Feed-O-Back Bot is a web application powered by conversational AI and enabled with natural language processing to collect the feedback from the students. Since this bot is used intermittently and applicable to few students only with special needs, reserving a dedicated cloud virtual machine instance will not be economically justifiable. We opted for Google Cloud Platform (GCP) and compared pricing of dedicated cloud instances (Infrastructure-as-a-Service model-IaaS) to serverless architectures. We evaluated that Google Cloud Function (FaaS model) is more cost-efficient and proven to be economical than Google Compute Engine (IaaS model). We have described the details of voice bot implementation using Dialogflow conversation service deployed on Cloud Function for Firebase.",wos,llm,0.970,unreviewed,,doi:10.1007/978-981-33-6173-7_13
discarded,Spectrofluorimetric first derivative synchronous approach for determination of olanzapine and samidorphan used for treatment of schizophrenia in pharmaceutical formulations and human plasma,"Salem, Hesham; Samir, Ebtihal; Mazen, Dina Z.; Madian, Hoda; Elkhateeb, Alshimaa E.; Elaraby, Manar; Rasekh, Manar I.; Gamal, Aliaa",2022,SPECTROCHIMICA ACTA PART A-MOLECULAR AND BIOMOLECULAR SPECTROSCOPY,10.1016/j.saa.2022.121105,https://www.webofscience.com/wos/woscc/full-record/WOS:000820826600007,off-topic-false-hit,"The combination of olanzapine and samidorphan has just been authorised for the treatment of schizophrenia. The current study created a very accurate, sensitive and selective spectroscopic technique based on the first derivative of synchronous fluorescence for determining olanzapine and samidorphan in their pharmaceutical prescriptions without prior separation. For the quantitative analysis of samidorphan and olanzapine, the adopted approach is focused on measuring the synchronised fluorescence intensity of the examined medicines at fixed wavelength range (Delta lambda) = 50 nm and the first derivative's peak magnitudes were observed at 300 and 350 nm, respectively. The effects of various factors on the synchronised fluorescence intensity of the referenced medications were researched and adjusted. Both medications' calibrating charts were shown to be linear throughout a range of concentrations of 0.1-1.1 mu g mL(-1). LOD for SAM and OLA were 0.02 and 0.01, respectively. In addition, LOQ was determined for SAM and OLA as follow, 0.07 and 0.06, respectively. The devised approach was effectively used to the quantitative measurement of the two medicines in Lybalvi (R) tablets with various samidorphan and olanzapine ratios, in addition to spiked human plasma. A variance ratio F-test and student t-test were needed to be able to compare the results to another published analytical technique and found no significant differences. (C) 2022 Elsevier B.V. All rights reserved.",wos,llm,1.000,unreviewed,,doi:10.1016/j.saa.2022.121105
discarded,Student Program Classification Using Gated Graph Attention Neural Network,"Lu, M.; Wang, Y.; Tan, D.; Zhao, L.",2021,IEEE ACCESS,10.1109/ACCESS.2021.3063475,https://www.webofscience.com/wos/woscc/full-record/WOS:000673312400001,adjacent-subtopic,"Source code mining has received increasing attention, among which code classification plays a significant role in code understanding and automatic coding. Most source code mining efforts aim at the source code of projects, which are usually large and standardized, but less for student programs. There are two differences between project codes and student programs. On the one hand, some work on project codes is based on relatively single information, which is far from enough for student programs. Because student programs are relatively small, which makes them contain less information. Consequently, it is necessary to mine as much information as possible in student programs. On the other hand, the variable or function naming and the structure of the student programs are usually irregular, as compared with the source codes of projects. To learn from student programs, we proposed a Graph Neural Network (GNN) based model, which integrates data flow and function call information to the Abstract Syntax Tree (AST), and applies an improved GNN model to the integrated graph to achieve the state-of-art student program classification accuracy. The experiment results have shown that the proposed work can classify student programs with accuracy over 97%.",wos,llm,0.980,unreviewed,,doi:10.1109/access.2021.3063475
discarded,Question-Answering System in the TIL-Script Language,"Duzi, Marie; Fait, Michal",2020,INFORMATION MODELLING AND KNOWLEDGE BASES XXXI,10.3233/FAIA200034,https://www.webofscience.com/wos/woscc/full-record/WOS:000628990500033,off-topic-false-hit,"The goal of this paper is to introduce the design of a question-answering system that makes it possible to retrieve answers to questions like ""Is Tom a student?"", or ""Who is the Miss World 2019?"" from the large corpora of natural language texts. These texts are formalized automatically into the form of TIL constructions encoded in the TIL-Script language. TIL-Script is a computational variant of Pavel Tichy's Transparent Intensional Logic (TIL). TIL is a hyperintensional, typed lambda calculus of partial functions. Hyperintensional, because the TIL terms are interpreted as denoting procedures rather than their products, which are partial functions-in-extension. These procedures are rigorously defined as TIL constructions. Since TIL is a logic of partial functions, in particular propositions with a truth-value gap, it is apt for dealing with questions that come attached with presuppositions. If a presupposition of a question is not true, there is no direct answer to such a question. We introduce basic classification of questions and answers, propose their TIL analysis and the way of evaluation, which then serve as a specification for implementation of the system.",wos,llm,0.990,unreviewed,,doi:10.3233/faia200034
discarded,"Salivary free light chains as a new biomarker to measure psychological stress: the impact of a university exam period on salivary immunoglobulins, cortisol, DHEA and symptoms of infection","Irshad, Lylah; Faustini, Sian; Evans, Lili; Drayson, Mark T.; Campbell, John P.; Heaney, Jennifer L. J.",2020,PSYCHONEUROENDOCRINOLOGY,10.1016/j.psyneuen.2020.104912,https://www.webofscience.com/wos/woscc/full-record/WOS:000596506500013,off-topic-false-hit,"Introduction: Measurement of immunoglobulin free light chains (FLCs) in saliva can serve as a non-invasive biomarker in health and behavioural research. FLCs have been explored in relation to physiological stress but FLC responses to psychological stress and their relationship with infections remain unknown. This study aimed to investigate the impact of exam period stress on salivary FLCs alongside other established biomarkers of stress and whether FLCs relate to symptoms of infection.

Methods: 58 healthy adults studying at university completed saliva samples and questionnaires in a period without exams (baseline), and again prior to the start of an exam period. Saliva samples were assessed for FLCs, IgA, cortisol and dehydroepiandrosterone (DHEA). Measures of life events stress, perceived stress, anxiety and depression were completed. Students also reported incidence and severity of symptoms of infection and rated general well-being at baseline, prior to, during and after the exam period. Exercise, sleep and alcohol consumption were also assessed at both timepoints.

Results: FLCs secretion rates were significantly lower at the exam period compared to baseline (p < .01), with reductions of 26% and 25% for kappa FLC and lambda FLC, respectively. In agreement, salivary IgA secretion rate was lower at exams (non-significant trend, p = .07). Cortisol concentration significantly increased at exams (p < .05) while DHEA did not change, leading to an increase in the cortisol:DHEA ratio (p = .06). Depression (p < .05) and anxiety increased from baseline to exams and life stress reported in the build up to the exam period was higher compared with baseline (p < .001). Well-being significantly decreased from baseline to exams (p < .01). The proportion of participants reporting infection symptoms (70%) was unchanged between baseline and prior to exams. No significant relationships were found between FLCs or other saliva parameters and infection symptoms, well-being or stress/psychological measures. Changes in saliva parameters between timepoints were independent of health behaviours.

Conclusions: Salivary FLCs are responsive to life events stress and corroborate with IgA. This preliminary study highlights the potential utility of FLCs as a new salivary biomarker in stress research.",wos,llm,1.000,unreviewed,,doi:10.1016/j.psyneuen.2020.104912
discarded,Development and validation of a highly sensitive second derivative synchronous fluorescence spectroscopic method for the simultaneous determination of elbasvir and grazoprevir in pharmaceutical preparation and human plasma,"Attia, Khalid A. M.; El-Olemy, Ahmed; Ramzy, Sherif; Abdelazim, Ahmed H.; Hasan, Mohamed A.; Mohamed, Tahany F.; Nasr, Zeinab A.; Mohamed, Ghada F.; Shahin, Mohamed",2020,NEW JOURNAL OF CHEMISTRY,10.1039/d0nj03636f,https://www.webofscience.com/wos/woscc/full-record/WOS:000587607600014,off-topic-false-hit,"Elbasvir and grazoprevir combination has been newly approved for the treatment of patients infected with hepatitis C virus. In the present work, a highly sensitive, selective and accurate second derivative synchronous fluorescence spectroscopic method was developed for the simultaneous determination of elbasvir and grazoprevir in their pharmaceutical dosage form without previous separation. The developed method based on the measurement of the synchronous fluorescence intensity of the studied drugs at constant wavelength difference (Delta lambda) = 50 nm and the peak amplitudes of the second derivative were measured at 308 and 389 nm for the quantitative analysis of elbasvir and grazoprevir, respectively. Different parameters that affect the synchronous fluorescence intensity of the cited drugs were carefully studied and optimized. Calibration graphs were found to be linear over the concentration range of 100-800 ng mL(-1) for elbasvir and 150-900 ng mL(-1) for grazoprevir. The developed method was successfully applied to the quantitative analysis of the two drugs in Zepatier (R) tablets and spiked human plasma. The results were statistically compared with another published analytical method with no significant difference by applying a Student t-test and variance ratio F-test.",wos,llm,1.000,unreviewed,,doi:10.1039/d0nj03636f
discarded,Life Matters: Exploring the Influence of Games and Mental Skills on Relatedness and Social Anxiety Levels in Disengaged Adolescent Students,"McMahon, Mark George; Hanrahan, Stephanie J.",2020,JOURNAL OF APPLIED SPORT PSYCHOLOGY,10.1080/10413200.2018.1557764,https://www.webofscience.com/wos/woscc/full-record/WOS:000542446500004,off-topic-false-hit,"LifeMatters is a 10-session life skills program implemented with youth that uses mental skills training and games to meet the three basic psychological needs of relatedness, autonomy, and competence. Forty disengaged students (20 experimental, 20 control) 16-17 years of age from a YMCA vocational school completed self-report measures before and after the intervention period. The school focuses on services for adolescents who find it difficult to gain an education through mainstream education due to behavioral and developmental issues. Mixed between-within subjects analyses of variance showed that there was a significant decrease in social anxiety, Wilks's lambda = .84,F(1, 26) = 5.07,p = .03, partial eta(2) = .16, and a significant increase in relatedness Wilks's lambda= .87,F(1, 26) = 4.2,p= .05, partial eta(2)= .14, over time for the experimental group compared to the control group. Analyses of covariance showed no significant difference between the two groups in change on social anxiety levels,F(1, 25) = 1.34,p = .26, partial eta(2) = .05, when controlling for relatedness, and no significant difference between the two groups in change in relatedness levels,F(1, 25) = 1.34,p= .26, partial eta(2)= .05, when controlling for social anxiety. This study provides insight into the potential effectiveness of using games and mental skills training to increase relatedness and decrease levels of social anxiety in disengaged students. Lay Summary:LifeMatters is a life skills program combining mental skills training and physically active games. Disengaged students who took part in the program reported lower levels of social anxiety and higher levels of relatedness compared to students who did not take part.",wos,llm,1.000,unreviewed,,doi:10.1080/10413200.2018.1557764
discarded,Psychometric evaluation of the Perceived Parental Phubbing Scale (PPPS) among Iranian university students: associations with psychosocial factors and group differences,M. Mohammadi,2026,BMC Public Health,10.1186/s12889-026-26498-y,https://www.scopus.com/inward/record.uri?partnerID=HzOxMe3b&scp=105032705299&origin=inward,off-topic-false-hit,,scopus,llm,0.990,unreviewed,,doi:10.1186/s12889-026-26498-y
discarded,Impact of Leader Academy Training on Growth Mindset and Impostor Phenomenon,J.D. Cole,2026,American Journal of Pharmaceutical Education,10.1016/j.ajpe.2026.102026,https://www.scopus.com/inward/record.uri?partnerID=HzOxMe3b&scp=105045147021&origin=inward,off-topic-false-hit,,scopus,llm,0.990,unreviewed,,doi:10.1016/j.ajpe.2026.102026
discarded,Psychological Preparedness for Disasters in Future Healthcare Workers: The Role of Education and Experience,E. Alar Erkal,2026,Disaster Medicine and Public Health Preparedness,10.1017/dmp.2026.10403,https://www.scopus.com/inward/record.uri?partnerID=HzOxMe3b&scp=105044681198&origin=inward,off-topic-false-hit,,scopus,llm,0.990,unreviewed,,doi:10.1017/dmp.2026.10403
discarded,Increasing earthquake awareness: seismo-at-school Switzerland,M. Böse,2026,Geoscience Communication,10.5194/gc-9-223-2026,https://www.scopus.com/inward/record.uri?partnerID=HzOxMe3b&scp=105039879488&origin=inward,off-topic-false-hit,,scopus,llm,0.990,unreviewed,,doi:10.5194/gc-9-223-2026
discarded,Biology and Culture of the Fall Armyworm Spodoptera frugiperda with Mung Bean-Based Artificial Diet in Laboratory Conditions,K. Kongnirundonsuk,2026,Burapha Science Journal,,https://www.scopus.com/inward/record.uri?partnerID=HzOxMe3b&scp=105048291641&origin=inward,off-topic-false-hit,,scopus,llm,1.000,unreviewed,,hash:e384452c3cd58eee
discarded,Development and Validation of a Creativity Tendency Scale: A Study of Upper-Grade Elementary School Students in Hualien County,H.C. Wang,2026,Bulletin of Educational Psychology,,https://www.scopus.com/inward/record.uri?partnerID=HzOxMe3b&scp=105032757815&origin=inward,off-topic-false-hit,,scopus,llm,0.990,unreviewed,,hash:5f26d26d9cbfa423
