status,title,authors,year,venue,doi,url,tags,abstract,provider,decision_source,llm_confidence,llm_review_outcome,llm_change_direction,paper_id
discarded,Micropipelines,Ivan E. Sutherland,1989,Communications of the ACM,10.1145/63526.63532,https://openalex.org/W4231905827,off-topic-false-hit,"The pipeline processor is a common paradigm for very high speed computing machinery. Pipeline processors provide high speed because their separate stages can operate concurrently, much as different people on a manufacturing assembly line work concurrently on material passing down the line. Although the concurrency of pipeline processors makes their design a demanding task, they can be found in graphics processors, in signal processing devices, in integrated circuit components for doing arithmetic, and in the instruction interpretation units and arithmetic operations of general purpose computing machinery. Because I plan to describe a variety of pipeline processors, I will start by suggesting names for their various forms. Pipeline processors, or more simply just pipelines, operate on data as it passes along them. The latency of a pipeline is a measure of how long it takes a single data value to pass through it. The throughput rate of a pipeline is a measure of how many data values can pass through it per unit time. Pipelines both store and process data; the storage elements and processing logic in them alternate along their length. I will describe pipelines in their complete form later, but first I will focus on their storage elements alone, stripping away all processing logic. Stripped of all processing logic, any pipeline acts like a series of storage elements through which data can pass. Pipelines can be clocked or event-driven, depending on whether their parts act in response to some widely-distributed external clock, or act independently whenever local events permit. Some pipelines are inelastic; the amount of data in them is fixed. The input rate and the output rate of an inelastic pipeline must match exactly. Stripped of any processing logic, an inelastic pipeline acts like a shift register. Other pipelines are elastic; the amount of data in them may vary. The input rate and the output rate of an elastic pipeline may differ momentarily because of internal buffering. Stripped of all processing logic, an elastic pipeline becomes a flow-through first-in-first-out memory, or FIFO. FIFOs may be clocked or event-driven; their important property is that they are elastic. I assign the name micropipeline to a particularly simple form of event-driven elastic pipeline with or without internal processing. The micro part of this name seems appropriate to me because micropipelines contain very simple circuitry, because micropipelines are useful in very short lengths, and because micropipelines are suitable for layout in microelectronic form. I have chosen micropipelines as the subject of this lecture for three reasons. First, micropipelines are simple and easy to understand. I believe that simple ideas are best, and I find beauty in the simplicity and symmetry of micropipelines. Second, I see confusion surrounding the design of FIFOs. I offer this description of micropipelines in the hope of reducing some of that confusion. The third reason I have chosen my subject addresses the limitations imposed on us by the clocked-logic conceptual framework now commonly used in the design of digital systems. I believe that this conceptual framework or mind set masks simple and useful structures like micropipelines from our thoughts, structures that are easy to design and apply given a different conceptual framework. Because micropipelines are event-driven, their simplicity is not available within the clocked-logic conceptual framework. I offer this description of micropipelines in the hope of focusing attention on an alternative transition-signalling conceptual framework. We need a new conceptual framework because the complexity of VLSI technology has now reached the point where design time and design cost often exceed fabrication time and fabrication cost. Moreover, most systems designed today are monolithic and resist mid-life improvement. The transition-signalling conceptual framework offers the opportunity to build up complex systems by hierarchical composition from simpler pieces. The resulting systems are easily modified. I believe that the transition-signalling conceptual framework has much to offer in reducing the design time and cost of complex systems and increasing their useful lifetime. I offer this description of micropipelines as an example of the transition-signalling conceptual framework. Until recently only a hardy few used the transition-signalling conceptual framework for design because it was too hard. It was nearly impossible to design the small circuits of 10 to 100 transistors that form the elemental building blocks from which complex systems are composed. Moreover, it was difficult to prove anything about the resulting compositions. In the past five years, however, much progress has been made on both fronts. Charles Molnar and his colleagues at Washington University have developed a simple way to design the small basic building blocks [9]. Martin Rem's ""VLSI Club"" at the Technical University of Eindhoven has been working effectively on the mathematics of event-driven systems [6, 10, 11, 19]. These emerging conceptual tools now make transition signalling a lively candidate for widespread use.",openalex,llm,0.990,unreviewed,,doi:10.1145/63526.63532
discarded,50 Years of CS1 at SIGCSE,Brett A. Becker; Keith Quille,2019,,10.1145/3287324.3287432,https://openalex.org/W2916708654,adjacent-subtopic,"The SIGCSE Technical Symposium is celebrating its 50th year, and a constant theme throughout this history has been to better understand how novices learn to program. In this paper, we present a perspective on the evolution of introductory programming education research at the Symposium over these 50 years. We also situate the Symposium's impact in the context of the wider literature on introductory programming research. Applying a systematic approach to collecting papers presented at the Symposium that focus on novice programming / CS1, we categorized hundreds of papers according to their main focus, revealing important introductory programming topics and their trends from 1970 to 2018. Some of these topics have faded from prominence and are less relevant today while others, including many topics focused on students, such as making learning programming more appropriate from gender, diversity, accessibility and inclusion standpoints, have garnered significant attention more recently. We present discussions on these trends and in doing so, we provide a checkpoint for introductory programming research. This may provide insights for future research on how we teach novices and how they learn to program.",openalex,llm,0.860,unreviewed,,doi:10.1145/3287324.3287432
discarded,Graphical user interfaces in an engineering educational environment,Christopher Depcik; Dennis N. Assanis,2005,Computer Applications in Engineering Education,10.1002/cae.20029,https://openalex.org/W2069756774,adjacent-subtopic,"Graphical user interfaces (GUIs) are being increasingly used in the classroom to provide users of computer simulations with a friendly and visual approach to specifying all input parameters and increased configuration flexibility. In this study, the authors first describe a number of software and language options that are available to build GUIs. Subsequently, a comprehensive comparative assessment of possible alternatives is undertaken in the light of a benchmark educational program used in a course on computational fluid dynamics (CFD) at the University of Michigan. For the GUIs presented, their educational value with respect to flexible data entry and post-processing of results has been demonstrated. In addition, the authors offer recommendations for pros and cons of available options in terms of platform independence, ease of programming, facilitation of interaction with students, and flexibility. © 2005 Wiley Periodicals, Inc. Comput Appl Eng Educ 13: 48–59, 2005; Published online in Wiley InterScience (www.interscience.wiley.com); DOI 10.1002/cae.20029",openalex,llm,0.880,unreviewed,,doi:10.1002/cae.20029
discarded,"Linear mixed-effects models for within-participant psychology experiments: an introductory tutorial and free, graphical user interface (LMMgui)",David A. Magezi,2015,Frontiers in Psychology,10.3389/fpsyg.2015.00002,https://openalex.org/W2031473556,off-topic-false-hit,"Linear mixed-effects models (LMMs) are increasingly being used for data analysis in cognitive neuroscience and experimental psychology, where within-participant designs are common. The current article provides an introductory review of the use of LMMs for within-participant data analysis and describes a free, simple, graphical user interface (LMMgui). LMMgui uses the package lme4 (Bates et al., 2014a,b) in the statistical environment R (R Core Team).",openalex,llm,0.990,unreviewed,,doi:10.3389/fpsyg.2015.00002
discarded,The graphical user interface,Bernard J. Jim Jansen,1998,ACM SIGCHI Bulletin,10.1145/279044.279051,https://openalex.org/W2060528272,off-topic-false-hit,"article Free Access Share on The graphical user interface Author: Bernard J. Jansen View Profile Authors Info & Claims ACM SIGCHI BulletinVolume 30Issue 2April 1998pp 22–26https://doi.org/10.1145/279044.279051Published:01 April 1998Publication History 49citation4,477DownloadsMetricsTotal Citations49Total Downloads4,477Last 12 Months2,179Last 6 weeks358 Get Citation AlertsNew Citation Alert added!This alert has been successfully added and will be sent to:You will be notified whenever a record that you have chosen has been cited.To manage your alert preferences, click on the button below.Manage my AlertsNew Citation Alert!Please log in to your account Save to BinderSave to BinderCreate a New BinderNameCancelCreateExport CitationPublisher SiteeReaderPDF",openalex,llm,0.950,unreviewed,,doi:10.1145/279044.279051
discarded,Design Space and Evaluation Challenges of Adaptive Graphical User Interfaces,Leah Findlater; Krzysztof Z. Gajos,2009,AI Magazine,10.1609/aimag.v30i4.2268,https://openalex.org/W1946604082,off-topic-false-hit,"Adaptive graphical user interfaces (GUIs) have the potential to improve performance and user satisfaction by automatically tailoring the presentation of functionality to each individual user. In practice, however, many challenges exist, and evaluation results of adaptive GUIs have been mixed. To guide researchers and designers in developing effective adaptive GUIs, we outline a design space and discuss three important aspects to consider when conducting user evaluations of these types of interfaces: the control and reporting of adaptive algorithm characteristics, the impact of task choice and user characteristics on the overall effectiveness of a design, and evaluation measures that are appropriate for adaptive interaction.",openalex,llm,0.980,unreviewed,,doi:10.1609/aimag.v30i4.2268
discarded,Supporting novice usability practitioners with usability engineering tools,Jonathan Howarth; Tonya L. Smith‐Jackson; Rex Hartson,2009,International Journal of Human-Computer Studies,10.1016/j.ijhcs.2009.02.003,https://openalex.org/W2088571885,off-topic-false-hit,,openalex,llm,0.980,unreviewed,,doi:10.1016/j.ijhcs.2009.02.003
discarded,SimHap GUI: An intuitive graphical user interface for genetic association analysis,Kim W. Carter; Pamela A. McCaskie; Lyle John Palmer,2008,BMC Bioinformatics,10.1186/1471-2105-9-557,https://openalex.org/W2088313989,off-topic-false-hit,"BACKGROUND: Researchers wishing to conduct genetic association analysis involving single nucleotide polymorphisms (SNPs) or haplotypes are often confronted with the lack of user-friendly graphical analysis tools, requiring sophisticated statistical and informatics expertise to perform relatively straightforward tasks. Tools, such as the SimHap package for the R statistics language, provide the necessary statistical operations to conduct sophisticated genetic analysis, but lacks a graphical user interface that allows anyone but a professional statistician to effectively utilise the tool. RESULTS: We have developed SimHap GUI, a cross-platform integrated graphical analysis tool for conducting epidemiological, single SNP and haplotype-based association analysis. SimHap GUI features a novel workflow interface that guides the user through each logical step of the analysis process, making it accessible to both novice and advanced users. This tool provides a seamless interface to the SimHap R package, while providing enhanced functionality such as sophisticated data checking, automated data conversion, and real-time estimations of haplotype simulation progress. CONCLUSION: SimHap GUI provides a novel, easy-to-use, cross-platform solution for conducting a range of genetic and non-genetic association analyses. This provides a free alternative to commercial statistics packages that is specifically designed for genetic association analysis.",openalex,llm,0.990,unreviewed,,doi:10.1186/1471-2105-9-557
discarded,Routing Optimization of Electric Vehicles for Charging With Event-Driven Pricing Strategy,Yue Xiang; Jianping Yang; Xuecheng Li; Chenghong Gu; Shuai Zhang,2021,IEEE Transactions on Automation Science and Engineering,10.1109/tase.2021.3102997,https://openalex.org/W3195830239,off-topic-false-hit,"With the increasing market penetration of electric vehicles (EVs), the charging behavior and driving characteristics of EVs have an increasing impact on the operation of power grids and traffic networks. Existing research on EV routing planning and charging navigation strategies mainly focuses on vehicle-road-network interactions, but the vehicle-to-vehicle interaction has rarely been considered, particularly in studying simultaneous charging requests. To investigate the interaction of multiple vehicles in routing planning and charging, a routing optimization of EVs for charging with an event-driven pricing strategy is proposed. The urban area of a city is taken as a case for numerical simulation, which demonstrates that the proposed strategy can not only alleviate the long-time queuing for EV fast charging but also improve the utilization rate of charging infrastructures.Note to Practitioners—This article was inspired by the concerns of difficulties for electric vehicle (EV)’s fast charging and the imbalance of the utilization rate of charging facilities. Existing route optimization and charging navigation research are mainly applicable to static traffic networks, which cannot dynamically adjust driving routes and charging strategies with real-time traffic information. Besides, the mutual impact between vehicles is rarely considered in these works in routing planning. To resolve the shortcomings of existing models, a receding-horizon-based strategy that can be applied to dynamic traffic networks is proposed. In this article, various factors that the user is concerned about within the course of driving are converted into driving costs, through which each road section of traffic networks is assigned the corresponding values. Combined with the graph theory analysis method, the mathematical form of the dynamic traffic network is presented. Then, the article carefully plans and adjusts EV driving routes and charging strategies. Numerical results demonstrate that the proposed method can significantly increase the adoption of EV fast charging while alleviating unreasonable distributions of regional charging demand.",openalex,llm,1.000,unreviewed,,doi:10.1109/tase.2021.3102997
discarded,Education in the Era of Generative Artificial Intelligence (AI): Understanding the Potential Benefits of ChatGPT in Promoting Teaching and Learning,David Baidoo-Anu; Leticia Owusu Ansah,2023,Journal of AI,10.61969/jai.1337500,https://openalex.org/W4389437528,adjacent-subtopic,"Since its maiden release into the public domain on November 30, 2022, ChatGPT garnered more than one million subscribers within a week. The generative AI tool ⎼ChatGPT took the world by surprise with it sophisticated capacity to carry out remarkably complex tasks. The extraordinary abilities of ChatGPT to perform complex tasks within the field of education has caused mixed feelings among educators, as this advancement in AI seems to revolutionize existing educational praxis. This is an exploratory study that synthesizes recent extant literature to offer some potential benefits and drawbacks of ChatGPT in promoting teaching and learning. Benefits of ChatGPT include but are not limited to promotion of personalized and interactive learning, generating prompts for formative assessment activities that provide ongoing feedback to inform teaching and learning etc. The paper also highlights some inherent limitations in the ChatGPT such as generating wrong information, biases in data training, which may augment existing biases, privacy issues etc. The study offers recommendations on how ChatGPT could be leveraged to maximize teaching and learning. Policy makers, researchers, educators and technology experts could work together and start conversations on how these evolving generative AI tools could be used safely and constructively to improve education and support students’ learning.",openalex,llm,0.990,unreviewed,,doi:10.61969/jai.1337500
discarded,The Space Physics Environment Data Analysis System (SPEDAS),V. Angelopoulos; Patrick Cruce; Alexander Yurievich Drozdov; Eric W. Grimes; Nick Hatzigeorgiu; David Anthony King; Davin E. Larson; J. W. Lewis; J. M. McTiernan; D. A. Roberts; Chuck Russell; Tomoaki Hori; Yoshiya Kasahara; Atsushi Kumamoto; Ayako Matsuoka; Yukinaga Miyashita; Yoshizumi Miyoshi; Iku Shinohara; M. Teramoto; Jeremy B. Faden; Alexa Jean Halford; M. McCarthy; Robyn M. Millan; John G. Sample; David M. Smith; Leslie A. Woodger; A. Masson; Ayris A. Narock; Kazushi Asamura; T. F. Chang; C. Chiang; Y. Kazama; K. Keika; Shoya Matsuda; T. Segawa; K. Seki; Masafumi Shoji; Sunny W. Y. Tam; Norio Umemura; B.‐J. Wang; Shiang‐Yu Wang; Robert Joseph Redmon; J. V. Rodriguez; Howard J. Singer; J. D. Vandegriff; Shuji Abe; M. Nosé; Atsuki Shinbori; Yoshimasa Tanaka; Satoru Ueno; Laila Andersson; Patrick A. Dunn; C. Mary R. Fowler; Jasper S Halekas; Takuya Hara; Yuki Harada; Christina O. Lee; Robert James Lillis; David L. Mitchell; M. R. Argall; Kenneth R. Bromund; James L. Burch; I. J. Cohen; Michael Galloy; Barbara L. Giles; A. N. Jaynes; O. Le Contel; M. Oka; T. D. Phan; Brian M. Walsh; Joseph Hinton Westlake; Frederick D. Wilder; Stuart D. Bale; R. Livi; M. Pulupa; Phyllis L. Whittlesey; A. W. DeWolfe; B. Harter; E. Lucas; Uli Auster; J. W. Bonnell; Christopher M. Cully; E. Donovan; R. E. Ergun; H. U. Frey; Brian J. Jackel; A. Keiling; H. Korth; James P. McFadden; Y. Nishimura; Ferdinand Plaschke; P. Robert; Drew L. Turner; James Michael Weygand; Robert M. Candey; R. C. Johnson; T. J. Kovalick; M. H. Liu; Robert E. McGuire; A. W. Breneman,2019,Space Science Reviews,10.1007/s11214-018-0576-4,https://openalex.org/W2914748536,off-topic-false-hit,"With the advent of the Heliophysics/Geospace System Observatory (H/GSO), a complement of multi-spacecraft missions and ground-based observatories to study the space environment, data retrieval, analysis, and visualization of space physics data can be daunting. The Space Physics Environment Data Analysis System (SPEDAS), a grass-roots software development platform (www.spedas.org), is now officially supported by NASA Heliophysics as part of its data environment infrastructure. It serves more than a dozen space missions and ground observatories and can integrate the full complement of past and upcoming space physics missions with minimal resources, following clear, simple, and well-proven guidelines. Free, modular and configurable to the needs of individual missions, it works in both command-line (ideal for experienced users) and Graphical User Interface (GUI) mode (reducing the learning curve for first-time users). Both options have ""crib-sheets,"" user-command sequences in ASCII format that can facilitate record-and-repeat actions, especially for complex operations and plotting. Crib-sheets enhance scientific interactions, as users can move rapidly and accurately from exchanges of technical information on data processing to efficient discussions regarding data interpretation and science. SPEDAS can readily query and ingest all International Solar Terrestrial Physics (ISTP)-compatible products from the Space Physics Data Facility (SPDF), enabling access to a vast collection of historic and current mission data. The planned incorporation of Heliophysics Application Programmer's Interface (HAPI) standards will facilitate data ingestion from distributed datasets that adhere to these standards. Although SPEDAS is currently Interactive Data Language (IDL)-based (and interfaces to Java-based tools such as Autoplot), efforts are under-way to expand it further to work with python (first as an interface tool and potentially even receiving an under-the-hood replacement). We review the SPEDAS development history, goals, and current implementation. We explain its ""modes of use"" with examples geared for users and outline its technical implementation and requirements with software developers in mind. We also describe SPEDAS personnel and software management, interfaces with other organizations, resources and support structure available to the community, and future development plans. ELECTRONIC SUPPLEMENTARY MATERIAL: The online version of this article (10.1007/s11214-018-0576-4) contains supplementary material, which is available to authorized users.",openalex,llm,0.980,unreviewed,,doi:10.1007/s11214-018-0576-4
