status,title,authors,year,venue,doi,url,tags,abstract,provider,decision_source,llm_confidence,llm_review_outcome,llm_change_direction,paper_id
discarded,Super Courses: The Future of Teaching and Learning,Ken Bain,2021,Super Courses: The Future of Teaching and Learning,,https://ieeexplore.ieee.org/document/9647702/,off-topic-false-hit,"From the bestselling author of What the Best College Teachers Do, the story of a new breed of amazingly innovative courses that inspire students and improve learningDecades of research have produced profound insights into how student learning and motivation can be unleashed—and it’s not through technology or even the best of lectures. In Super Courses, education expert and bestselling author Ken Bain tells the fascinating story of enterprising college, graduate school, and high school teachers who are using evidence-based approaches to spark deeper levels of learning, critical thinking, and creativity—whether teaching online, in class, or in the field.Visiting schools across the United States as well as in China and Singapore, Bain, working with his longtime collaborator, Marsha Marshall Bain, uncovers super courses throughout the humanities and sciences. At the University of Virginia, undergrads contemplate the big questions that drove Tolstoy—by working with juveniles at a maximum-security correctional facility. Harvard physics students learn about the universe not through lectures but from their peers in a class where even reading is a social event. And students at a Dallas high school use dance to develop growth mindsets—and many of them go on to top colleges, including Juilliard. Bain defines these as super courses because they all use powerful researched-based elements to build a “natural critical learning environment” that fosters intrinsic motivation, self-directed learning, and self-reflective reasoning. Complete with sample syllabi, the book shows teachers how they can build their own super courses.The story of a hugely important breakthrough in education, Super Courses reveals how these classes can help students reach their full potential, equip them to lead happy and productive lives, and meet the world’s complex challenges.",ieee,llm,0.980,unreviewed,,hash:c25faea6fceb4a50
discarded,Interleaving assembly planning and design,G.J. Kim; Sukhan Lee; G.A. Bekey,1996,IEEE Transactions on Robotics and Automation,10.1109/70.488944,https://ieeexplore.ieee.org/document/488944/,off-topic-false-hit,"The main objective of assembly planning is to determine a sequence of assembling a product with respect to its geometric and resource constraints. Recent strides toward concurrent engineering have called for a tighter integration of assembly planning with design, because often during assembly planning, one realizes that a significant amount of assembly cost can be cut by redesigning the product itself. Instead of ""retroactively"" redesigning a product upon assembly planning, a concurrent engineering platform must allow its users to evaluate designs, and ""proactively"" explore different alternatives at various levels of abstractions so that one can zoom in on ""promising"" design paths and design right within the first few design cycles. This paper presents such an integrated system in which assembly planning becomes an essential part of the design exploration process. An algorithm for assembly planning during design for such an environment is developed. Designing for assembly is more effective and correct because, for a particular sequence of assembly, different design alternatives can be created and evaluated.",ieee,llm,1.000,unreviewed,,doi:10.1109/70.488944
discarded,Visualising data using the ActionMapper: a proposed interactive event logger for user interface evaluation,M. Nyberg; M. Goldstein; Ying Leung,2001,Proceedings Fifth International Conference on Information Visualisation,10.1109/IV.2001.942051,https://ieeexplore.ieee.org/document/942051/,off-topic-false-hit,"The proposed ActionMapper tool extends previous work on the generic KeystrokeMapper tool to provide an efficient method of logging and visualising a novice user's interaction with a dynamic interface. For any specified task the ActionMapper could generate a graphic representation of both the designer's conceptual model (represented by an Optimum path) and an indication of the user's mental model (represented by the actual path navigated by the user). In this study, the results from two usability experiments have been analysed using the KeystrokeMapper concept. From this a refined version of the tool, referred to as ActionMapper, is outlined. It is argued that the future implementation of the ActionMapper concept as a computer-based tool, which includes the automatic analysis and visualisation of numerous usability metrics, will substantially enhance the evaluation process. By adding event recording functionality in a prototype for a small handheld device, effective usability evaluations could also be conducted in a mobile context.",ieee,llm,0.970,unreviewed,,doi:10.1109/iv.2001.942051
discarded,Mulspren: A Multiple Language Simulation Programming Environment,T. Wright; A. Cockburn,2002,Proceedings IEEE 2002 Symposia on Human Centric Computing Languages and Environments,10.1109/HCC.2002.1046360,https://ieeexplore.ieee.org/document/1046360/,adjacent-subtopic,"This paper describes a visual programming environment for children: Mulspren. Unlike many conventional visual programming environments, Mulspren users program using two languages: an English-like language and a conventional programming language. We believe that showing multiple representations of a program, combined with good program visualisation support, will help children create a good mental model of conventional programming constructs. This model may be helpful later in life when they have to modify programs written in conventional languages, for example Visual Basic or Microsoft Word macros.",ieee,llm,0.880,unreviewed,,doi:10.1109/hcc.2002.1046360
discarded,Effect of Interface Dynamism on Learning Procedural Motor Skills,Olurotimi Richard Akinlofa; Patrik O'Brian Holt; Eyad Elyan,2013,Interacting with Computers,10.1093/iwc/iws015,https://ieeexplore.ieee.org/document/8154794/,off-topic-false-hit,"The effectiveness of dynamic versus static visualizations in computer-based training (CBT) systems has generated a lot of research effort with divergent findings. The work reported in this paper examines a novel paradigm that learning a procedural motor skill may be enhanced by instructional visualizations that optimizes the construction of mental task models. We investigated the interaction of different interface visualizations of a CBT system with the cognitive characteristics of trainees by comparing three conditions of interface dynamism in a mechanical motor skills learning task. Ninety-one participants across three treatment groups performed a disassembly motor task. After controlling for effects of spatial visualization abilities, participants who used training interfaces with dynamic information content completed the post-learning motor task faster and more accurately than those who used interfaces with a static visual content. These findings suggest that instructional interfaces having motor coordinating information, which is intrinsic to the execution of procedural motor tasks, are more suitable for CBT of novice trainees. It may also imply the possibility of a common approach to the design and implementation of CBT systems, which is independent of learner's cognitive abilities.",ieee,llm,1.000,unreviewed,,doi:10.1093/iwc/iws015
discarded,Electrophobia and misperception of non-ionizing radiation hazards,M.Z. Netzer,2003,"2003 IEEE International Symposium on Electromagnetic Compatibility, 2003. EMC '03.",10.1109/ICSMC2.2003.1429007,https://ieeexplore.ieee.org/document/1429007/,off-topic-false-hit,"The public is exposed daily to dramatic headlines in the radio, TV, and newspapers regarding severe health consequences associated with human exposure to radio-frequency radiation and extreme low-frequency (ELF) fields. The paper deals with the history of awareness to non-ionizing radiation hazards, examples to headlines in the written and electronic media inflaming the electrophobia, and the adverse consequences of the public fears from RF radiation. Part of the electrophobia can be blamed on the misconception of the non-ionizing radiation hazards. The paper presents the known reasons for the hazard misperception and suggests ways to mitigate the public fears of RF radiation.",ieee,llm,1.000,unreviewed,,doi:10.1109/icsmc2.2003.1429007
discarded,Levels of embodiment: Linguistic analyses of factors influencing HRI,Kerstin Fischer; Katrin Lohan; Kilian Foth,2012,2012 7th ACM/IEEE International Conference on Human-Robot Interaction (HRI),10.1145/2157689.2157839,https://ieeexplore.ieee.org/document/6249606/,off-topic-false-hit,"In this paper, we investigate the role of physical embodiment of a robot and its degrees of freedom in HRI. Both factors have been suggested to be relevant in definitions of embodiment, and so far we do not understand their effects on the way people interact with robots very well. Linguistic analyses of verbal interactions with robots differing with respect to physical embodiment and degrees of freedom provide a useful methodology to investigate factors conditioning human-robot interaction. Results show that both physical embodiment and degrees of freedom influence interaction, and that the effect of physical embodiment is located in the interpersonal domain, concerning in how far the robot is perceived as an interaction partner, whereas degrees of freedom influence the way users project the suitability of the robot for the current task.",ieee,llm,0.990,unreviewed,,doi:10.1145/2157689.2157839
discarded,Enhancing Practice and Achievement in Introductory Programming With a Robot Olympics,Michael James Scott; Steve Counsell; Stanislao Lauria; Stephen Swift; Allan Tucker; Martin Shepperd; Gheorghita Ghinea,2015,IEEE Transactions on Education,10.1109/TE.2014.2382567,https://ieeexplore.ieee.org/document/7006692/,adjacent-subtopic,"Computer programming is notoriously difficult to learn. To this end, regular practice in the form of application and reflection is an important enabler of student learning. However, educators often find that first-year B.Sc. students do not readily engage in such activities. Providing each student with a programmable robot, however, could be used to facilitate application and reflection since, potentially, robots facilitate engaging learning experiences while providing immediate and intuitive feedback. This paper explores whether an introductory course centered upon programming personal robots in preparation for an end-of-course event day-a Robot Olympics-can help students to, first, engage in programming practice more frequently and, second, improve the quality of their code. A survey was conducted to examine the students' programming practice behavior, and students' final coursework submissions were also reviewed for aspects of program quality. The findings from this cohort were compared to a reference group from a previous cohort that shared similar learning objectives and entry requirements, but had focused on Web programming instead of using robots. The results reveal statistically significant increases in programming practice compared to the reference group. Furthermore, being enrolled in the course that culminated in the Robot Olympics was a significant predictor of two aspects of program quality: functional coherence and sophistication. This suggests that robot-centered courses can promote engagement with, and enhance some aspects of, programming practice.",ieee,llm,0.940,unreviewed,,doi:10.1109/te.2014.2382567
discarded,Panel discussion: Education on conceptual modeling for simulation - challenging the art,Durk-Jouke van der Zee; Kathy Kotiadis; Antuela A. Tako; Mike Pidd; Osman Balci; Andreas Tolk; Mark Elder,2010,Proceedings of the 2010 Winter Simulation Conference,10.1109/WSC.2010.5679156,https://ieeexplore.ieee.org/document/5679156/,off-topic-false-hit,"This panel seeks to initiate a discussion within the modeling and simulation community about the way we teach conceptual modeling for simulation with the view of bringing about improvements. The challenge addressed is how to educate and equip the novice analyst to become a professional rather than letting him become an artist - being very much the current practice. The need for professionalism is related to good quality research and education in a straightforward way. Emerging insights from literature on the relevance of conceptual modeling for project success, increasing system complexity, and stakeholders taking up an active role in conceptual modeling, further stress this need. This paper highlights key observations motivating the panel, and presents “position papers” on panelists' views on the way forward for education in conceptual modeling. The paper concludes with some themes from the viewpoints in the format of a SWOT (Strengths, Weaknesses, Opportunities and Threats) analysis.",ieee,llm,0.970,unreviewed,,doi:10.1109/wsc.2010.5679156
discarded,InHouse-a user-oriented monitoring approach,G. Haring; G. Kotsis; S. Musil,1996,Proceedings of 4th Euromicro Workshop on Parallel and Distributed Processing,10.1109/EMPDP.1996.500622,https://ieeexplore.ieee.org/document/500622/,adjacent-subtopic,"We present a new approach for monitoring and visualization of parallel processing systems. Instead of measuring the system and presenting to the user a variety of performance figures and visualization displays afterwards, in this user oriented approach the events and features of interest may be selected before instrumentation and measurements. Different techniques for this a priori filtering of events are provided, ranging from a direct manipulative selection in a graphical, hierarchical representation of the program and the architecture, to a textual, rule based selection. Real Life Metaphors in visualization make this approach particularly suited for so called novice (i.e. non-expert) users, thus suggesting teaching as one of the major fields of application.",ieee,llm,0.870,unreviewed,,doi:10.1109/empdp.1996.500622
discarded,Unplugged Computing as an Introductory Strategy for Teaching Block-Based Programming Using the NAO Humanoid Robot,Raul Benites Paradeda; Jean Marota da Silva; Evelyn Maria da Conceição; Guilherme de Sousa Lacerda; Guilherme De Holanda Soares; Luiziane Paulino dos Santos,2026,2026 Brazilian Conference on Robotics (CROS),10.1109/CROS69211.2026.11565664,https://ieeexplore.ieee.org/document/11565664/,adjacent-subtopic,"This study investigates whether an unplugged computing activity using physical command blocks benefits novices when programming a humanoid robot through a block-based environment. A quasi-experimental study was conducted during a scientific outreach event, comparing two conditions: with and without an unplugged introductory stage. Participants programmed a NAO humanoid robot using a TurboWarp-based visual interface. The results show a statistically significant difference in system usability, with higher System Usability Scale scores in the unplugged condition (p < 0.05, r = 0.34). No significant differences were found in perceived learning or self-reported confidence. Participants highlighted the physical interaction with the robot and the intuitiveness of the interface as key aspects of the experience. These findings suggest that unplugged computing mainly enhances perceived usability and onboarding quality, rather than producing measurable short-term gains in learning or confidence in non-formal educational contexts.",ieee,llm,0.880,unreviewed,,doi:10.1109/cros69211.2026.11565664
discarded,The Correcting Machine: toward a conversational advisory system for UNIX,A. Quilici,1990,Twenty-Third Annual Hawaii International Conference on System Sciences,10.1109/HICSS.1990.205359,https://ieeexplore.ieee.org/document/205359/,adjacent-subtopic,"The author presents a model of the process of providing corrective explanatory responses to misconceptions made by novice UNIX users. To provide these responses, the advisor must be able to formulate justifications for their own beliefs, and to understand the belief justifications of the user. Both tasks require abstract knowledge about belief justification. This knowledge is represented in a collection of justification patterns that capture knowledge about possible ways to justify different types of plan-oriented beliefs. This approach differs from earlier efforts in two ways. First, its knowledge about belief justification depends only on the abstract planning structure of the different types of beliefs being justified, and not on the specific domain (knowledge about events) or the specific task (arguing or correcting misconceptions). Second, it demonstrates how the same knowledge about belief justification can be used to build a model of the user's belief and to provide an appropriate advisor response.<>",ieee,llm,0.960,unreviewed,,doi:10.1109/hicss.1990.205359
discarded,WIP: Integrating Industry and Research in STEM Transportation Festivals for Middle and High School Audiences,"Whiteside, Hope; Lakin, Joni M.; -Forrest, Bernadette Beavers; Love, Kay",2025,"2025 IEEE FRONTIERS IN EDUCATION CONFERENCE, FIE",10.1109/FIE63693.2025.11328656,https://www.webofscience.com/wos/woscc/full-record/WOS:001792342800515,off-topic-false-hit,"This is a WIP, innovative practice paper. Many K-12 students and teachers hold the misconception that engineers work primarily in isolation and on narrow problems involving mathematics and established scientific principles. This perspective overlooks the vast field of engineering research in which large interdisciplinary teams address emergent issues. The present team works in a research institute focused on transportation, including specialization in electric vehicles, battery technology, smart infrastructure, and policy. This paper describes a K-12 outreach event that shows K-12 audiences the many ways engineering research affects their daily lives and safety.",wos,llm,0.990,unreviewed,,doi:10.1109/fie63693.2025.11328656
discarded,Effect of scale comprehension on student reasoning about astronomical phenomena. I. The apparent sizes of Moon and Sun and Solar Eclipses,"Keppens, Willem; De Cock, Mieke; Van Winckel, Hans; Van Dooren, Wim; Sermeus, Jan",2026,PHYSICAL REVIEW PHYSICS EDUCATION RESEARCH,10.1103/dvkz-5pt7,https://www.webofscience.com/wos/woscc/full-record/WOS:001847616600001,off-topic-false-hit,"This paper is the first in a two-part series that investigates students' reasoning on astronomical phenomena. We interviewed N 1/4 25 last-year high school students to uncover their reasoning on three observable phenomena, two of which will be discussed in this paper. The first phenomenon was the apparent sizes of the Moon and the Sun (as seen from Earth) and potential causes for their variation. The second phenomenon regarded the event of a solar eclipse and the difference between total and annular eclipses. The interviews were held in light of the students' understanding of spatial scales in the Earth-Moon-Sun system. Based on their answers on a prior online survey assessing students' estimates of these scales, a personal to-scale model of the Earth-Moon-Sun system was provided for every student. The students selected for interviews were those who showed a substantial underestimation of these scales. Students were repetitively encouraged to illustrate their reasoning on both phenomena by using the scale model or by providing a drawing. For both discussed astronomical phenomena, we encountered several alternative explanations that-as far as we know-were not previously documented in the research literature. Many of these relied on an inaccurate comprehension of the involved scales. Although for some students these explanations were in line with the scale model on the interview table representing their substantial underestimations, others did not seem to take spatial scales into account when making suggestions on the causes for these astronomical phenomena. The implications of these findings are discussed.",wos,llm,1.000,unreviewed,,doi:10.1103/dvkz-5pt7
