status,title,authors,year,venue,doi,url,tags,abstract,provider,decision_source,llm_confidence,llm_review_outcome,llm_change_direction,paper_id
discarded,"CS1, a Potential New Therapeutic Antibody Target for the Treatment of Multiple Myeloma",Eric D. Hsi; Roxanne Steinle; Balaji Balasa; Susann M. Szmania; Aparna Draksharapu; Benny P. Shum; Mahrukh A. Huseni; David Powers; Amulya Nanisetti; Yin Zhang; Audie G. Rice; Anne van Abbema; Melanie H.L. Wong; Gao Liu; Fenghuang Zhan; Myles Dillon; Shihao Chen; Susan Rhodes; Franklin K. Fuh; Naoya Tsurushita; Shankar Kumar; Vladimir S. Vexler; John D. Shaughnessy; Bart Barlogie; Frits van Rhee; Mohamad A. Hussein; Daniel Afar; Marna B. Williams,2008,Clinical Cancer Research,10.1158/1078-0432.ccr-07-4246,https://openalex.org/W2128644254,off-topic-false-hit,"PURPOSE: We generated a humanized antibody, HuLuc63, which specifically targets CS1 (CCND3 subset 1, CRACC, and SLAMF7), a cell surface glycoprotein not previously associated with multiple myeloma. To explore the therapeutic potential of HuLuc63 in multiple myeloma, we examined in detail the expression profile of CS1, the binding properties of HuLuc63 to normal and malignant cells, and the antimyeloma activity of HuLuc63 in preclinical models. EXPERIMENTAL DESIGN: CS1 was analyzed by gene expression profiling and immunohistochemistry of multiple myeloma samples and numerous normal tissues. HuLuc63-mediated antimyeloma activity was tested in vitro in antibody-dependent cellular cytotoxicity (ADCC) assays and in vivo using the human OPM2 xenograft model in mice. RESULTS: CS1 mRNA was expressed in >90% of 532 multiple myeloma cases, regardless of cytogenetic abnormalities. Anti-CS1 antibody staining of tissues showed strong staining of myeloma cells in all plasmacytomas and bone marrow biopsies. Flow cytometric analysis of patient samples using HuLuc63 showed specific staining of CD138+ myeloma cells, natural killer (NK), NK-like T cells, and CD8+ T cells, with no binding detected on hematopoietic CD34+ stem cells. HuLuc63 exhibited significant in vitro ADCC using primary myeloma cells as targets and both allogeneic and autologous NK cells as effectors. HuLuc63 exerted significant in vivo antitumor activity, which depended on efficient Fc-CD16 interaction as well as the presence of NK cells in the mice. CONCLUSIONS: These results suggest that HuLuc63 eliminates myeloma cells, at least in part, via NK-mediated ADCC and shows the therapeutic potential of targeting CS1 with HuLuc63 for the treatment of multiple myeloma.",openalex,llm,1.000,unreviewed,,doi:10.1158/1078-0432.ccr-07-4246
discarded,Catecholaminergic Polymorphic Ventricular Tachycardia in Children,Antoine Leenhardt; Vincent Lucet; Isabelle Denjoy; Francis Grau; D. Do Ngoc; P Coumel,1995,Circulation,10.1161/01.cir.91.5.1512,https://openalex.org/W1986652655,off-topic-false-hit,"BACKGROUND: Primary ventricular tachyarrhythmias are rarely seen in children. Among them, catecholaminergic polymorphic ventricular tachycardia has a poor spontaneous outcome. Its diagnosis is often delayed after the first symptoms, which is unacceptable because treatment with the appropriate beta-blocker prevents sudden death. METHODS AND RESULTS: We observed 21 children (mean +/- SD age, 9.9 +/- 4 years) at the time of the diagnosis who had no structural heart disease and a normal QT interval on routine ECG. They were referred for stress- or emotion-induced syncope related to ventricular polymorphic tachyarrhythmias. The arrhythmia, consisting of isolated polymorphic ventricular extrasystoles followed by salvoes of bidirectional and polymorphic tachycardia susceptible to degeneration into ventricular fibrillation, was reproducibly induced by any form of increasing adrenergic stimulation. There was a familial history of syncope or sudden death in 30% of our patients. On receiving therapy with the appropriate beta-blocker, the patients' symptoms and polymorphic tachyarrhythmias disappeared. During a mean follow-up period of 7 years, three syncopal events and two sudden deaths occurred, probably due to treatment interruption. CONCLUSIONS: The entity of adrenergic-dependent, potentially lethal tachyarrhythmia with no structural heart disease deserves to be individualized. It may form a variant of the congenital long QT syndrome in which the ECG marker is lacking; this primary ventricular arrhythmia must be looked for in a pediatric patient with stress- or emotion-induced syncope because only beta-blocking therapy can prevent sudden death and therefore must be given for the patient's lifetime.",openalex,llm,1.000,unreviewed,,doi:10.1161/01.cir.91.5.1512
discarded,Concurrent Validity of Caregiver/Parent Report Measures of Language for Children Who Are Learning Both English and Spanish,Virginia A. Marchman; Carmen Martínez‐Sussmann,2002,Journal of Speech Language and Hearing Research,10.1044/1092-4388(2002/080),https://openalex.org/W2052123210,off-topic-false-hit,"The validity of two analogous caregiver/parent report measures of early language development in young children who are learning both English and Spanish is examined. Caregiver/parent report indices of vocabulary production and grammar were obtained for 26 children using the MacArthur Communicative Development Inventory: Words & Sentences (CDI; Fenson et al., 1994) and the Inventario del Desarrollo de Habilidades Comunicativas: Palabras y Enunciados (IDHC; Jackson-Maldonado, Bates, & Thal, 1992). Scores were significantly correlated with analogous laboratory measures in both English and Spanish, including a real-object naming task and spontaneous language use during free-play. The findings offer evidence that the CDI and IDHC provide valid assessments of early language milestones in young English- and Spanish-speaking children. Factors that may influence the validity of these tools for use with this population are also discussed.",openalex,llm,1.000,unreviewed,,doi:10.1044/1092-4388(2002/080)
kept,Gardeners and Cinema Tickets: High School Students' Preconceptions of Concurrency,Yifat Ben‐David Kolikant,2001,Computer Science Education,10.1076/csed.11.3.221.3831,https://openalex.org/W1967314867,supports-claim; control-flow,"We are developing a course in concurrency for high school students. The course is being developed in phases of refinement on the basis of feedback received from teachers and students. We have found persistent difficulties that students have in understanding fundamental concepts, which has led us to investigate their preconceptions of concurrency. This paper describes the results of this investigation. The work is anchored in constructivism, which stresses the importance of prior knowledge upon which new knowledge is built. The students were asked to solve concurrency problems, both prior to the course and after learning just the basics of the subject. Analysis of solutions reveals that students: (a) find that solving a problem on the order of actions is more natural than the critical section problem, (b) are divided in their preference for centralized and decentralized solutions, (c) employ inappropriate heuristics, (d) invent computational models as they work, (e) attribute parallelism where it does not exist, (f) attribute intelligence to systems. Based on these findings, we were able to modify the course to address these problems of prior knowledge.",openalex,llm_reviewed,0.990,confirmed,,doi:10.1076/csed.11.3.221.3831
discarded,Emotion knowledge: Further exploration of a prototype approach.,Phillip R. Shaver; Judith C. Schwartz; Donald Kirson; Cary O'Connor,1987,Journal of Personality and Social Psychology,10.1037//0022-3514.52.6.1061,https://openalex.org/W2006044072,off-topic-false-hit,"Recent work on natural categories suggests a framework for conceptualizing people's knowledge about emotions. Categories of natural objects or events, including emotions, are formed as a result of repeated experiences and become organized around prototypes (Rosch, 1978); the interrelated set of emotion categories becomes organized within an abstract-to-concrete hierarchy. At the basic level of the emotion hierarchy one finds the handful of concepts (love, joy, anger, sadness, fear, and perhaps, surprise) most useful for making everyday distinctions among emotions, and these overlap substantially with the examples mentioned most readily when people are asked to name emotions (Fehr & Russell, 1984), with the emotions children learn to name first (Bretherton & Beeghly, 1982), and with what theorists have called basic or primary emotions. This article reports two studies, one exploring the hierarchical organization of emotion concepts and one specifying the prototypes, or scripts, of five basic emotions, and it shows how the prototype approach might be used in the future to investigate the processing of information about emotional events, cross-cultural differences in emotion concepts, and the development of emotion knowledge.",openalex,llm,1.000,unreviewed,,doi:10.1037//0022-3514.52.6.1061
discarded,Single-sweep analysis of event-related potentials by wavelet networks-methodological basis and clinical application,H. Heinrich; H. Dickhaus; A. Rothenberger; V. Heinrich; G.H. Moll,1999,IEEE Transactions on Biomedical Engineering,10.1109/10.771199,https://ieeexplore.ieee.org/document/771199/,off-topic-false-hit,"Trial-to-trial variabilities in event-related potentials (ERP's), which are neglected by investigating averaged ERP's, can be important to establish group-specific effects in clinical studies. Single ERP responses have to be analyzed to quantify these variations. In order to overcome the disadvantages of existing single-sweep estimators, the authors have developed a new procedure based on wavelet networks (WNs) and applied this novel approach in a study concerning attention deficit hyperactivity disorder (ADHD) in children. WN's represent signals as a linear combination of wavelet nodes, i.e., components characterized by time-frequency features related to the wavelet transformation. In single-sweep analysis, each wavelet node is restricted to a specific region of the time-frequency plane during the recursive WN training process. This is achieved by means of tapering and bandpass filtering with Gaussian functions which are automatically adapted and closely related to the Morlet basis wavelet. The time course of a single event-related response can be reliably estimated. Furthermore, the WN method automatically provides well-defined parameters for single event-related responses, respectively ERP trial-to-trial variabilities. In a psychophysiological study on ADHD using auditory evoked potentials (AEPs), latency and amplitude parameters extracted from averaged ERPs did not reveal any significant differences between 25 control and 25 ADHD boys. In contrast, interesting group-specific differences could be established by WN single-sweep analysis. In conclusion, WN single-sweep analysis can be recommended as a sensitive tool for clinical ERP studies which should be applied in addition to the investigation of averaged responses.",ieee,llm,1.000,unreviewed,,doi:10.1109/10.771199
discarded,Social Recognition of Joint Attention Cycles in Children With Autism Spectrum Disorders,Jingjing Liu; Zhiyong Wang; Haibo Qin; Yi Wang; Jingxin Deng; Huiping Li; Qiong Xu; Xiu Xu; Honghai Liu,2024,IEEE Transactions on Biomedical Engineering,10.1109/TBME.2023.3296489,https://ieeexplore.ieee.org/document/10185592/,off-topic-false-hit,"Objective: Autism Spectrum Disorders (ASD) are characterized by impairments in joint attention (JA) comprising two components: responding to JA (RJA) and initiating JA (IJA). RJA and IJA are considered two interrelated aspects of JA, related to different stages of infant development. While recent technologies have been used to characterize RJA emerging in earlier childhood, only a limited number of studies have attempted to explore IJA, which progressively becomes evident as a hallmark of ASD. This study aims to achieve the social recognition of both RJA and IJA by vision-based human behavior perception through a multi-modal framework automatically and comprehensively. Methods: The first three layers of this framework leverage localization, feature extraction, and activity recognition. On this basis, three critical activities in JA are recognized: attention estimation, spontaneous pointing, and showing actions. Then different behaviors are linked through the fourth layer, semantic interpretation, to model the JA event. The proposed framework is evaluated on experiments of four groups: 7 children with ASD, 5 children with mental retardation (MR), 5 children with developmental language disorder (DLD), and 3 typically developed children (TD). Results: Experimental results compared with human codings demonstrate recognition reliability with an intra-class coefficient of 0.959. In addition, statistical analysis suggests significant group difference and correlations. Conclusions: The multi-modal human behavior perception-based framework is a feasible solution for the recognition of joint attention in unconstrained environments. Significance: Thus the proposed approach has the potential to improve the clinical diagnosis of autism by offering quantitative monitoring and statistical analysis.",ieee,llm,1.000,unreviewed,,doi:10.1109/tbme.2023.3296489
discarded,Detection of Child Abuse Using LLM and XGBoost,Jung-Hyun Lee; Chae-Ran Kim; Chong-Kwon Kim,2025,2025 Sixteenth International Conference on Ubiquitous and Future Networks (ICUFN),10.1109/ICUFN65838.2025.11170003,https://ieeexplore.ieee.org/document/11170003/,off-topic-false-hit,"Early detection of child abuse is crucial for timely intervention and prevention, as it can help mitigate long-term physical and psychological harm. While traditional classification models have been applied to text-based abuse detection, they often struggle to capture the nuanced language used in child counseling sessions. In this study, we propose an ensemble classification model that integrates a Korean Large Language Model (KoBERT) with XGBoost to improve crisis level prediction accuracy. Unlike direct classification methods, our approach introduces a two-stage framework: KoBERT first estimates structured severity scores from counseling conversations, which are then used by XGBoost to classify the crisis level. This design provides a more interpretable and structured decision-making process. Experimental results on real-world Korean child counseling data demonstrate that our method outperforms direct classification baselines, achieving an accuracy of 0.8222 and an F1-score of 0.8206. The proposed framework offers a promising tool to support early risk assessment and decision-making in child protection services.",ieee,llm,1.000,unreviewed,,doi:10.1109/icufn65838.2025.11170003
discarded,Semi-supervised event detection using higher order statistics for multidimensional time series accelerometer data,Cheol-Hong Min; Ahmed H. Tewfik,2011,2011 Annual International Conference of the IEEE Engineering in Medicine and Biology Society,10.1109/IEMBS.2011.6090119,https://ieeexplore.ieee.org/document/6090119/,off-topic-false-hit,"In this study, we target to automatically detect stereotypical behavioral patterns (stereotypy) and self-injurious behaviors (SIB) of Autistic children which can lead to critical damages or wounds as they tend to repeatedly harm oneself. Our custom designed accelerometer based wearable sensors are placed at wrists, ankles and upper body to detect stereotypy and SIB. The analysis was done on four children diagnosed with ASD who showed repeated behaviors that involve part of the body such as flapping arms, body rocking and self-injurious behaviors such as punching their face, or hitting their legs. Our goal of detecting novel events relies on the fact that the limitation of training data and variability in the possible combination of signals and events also make it impossible to design a single algorithm to understand all events in natural setting. Therefore, a semi-supervised method to discover and track unknown events in a multidimensional sensor data rises as a very important topic in classification and detection problems. In this paper, we show how the Higher Order Statistics (HOS) features can be used to design dictionaries and to detect novel events in a multichannel time series data. We explain our methods to detect novel events in a multidimensional time series data and combine the proposed semi-supervised learning method to improve the adaptability of the system while maintaining comparable detection accuracy as the supervised method. We, compare our results to the supervised methods that we have previously developed and show that although semi-supervised method do not achieve better performance compared to supervised methods, it can efficiently find new events and anomalies in multidimensional time series data with similar performance of the supervised method. We show that our proposed method achieves recall rate of 93.3% compared to 94.1% for the supervised method studied earlier.",ieee,llm,1.000,unreviewed,,doi:10.1109/iembs.2011.6090119
discarded,Comparison of Tree-Child Phylogenetic Networks,Gabriel Cardona; Francesc Rossello; Gabriel Valiente,2009,IEEE/ACM Transactions on Computational Biology and Bioinformatics,10.1109/TCBB.2007.70270,https://ieeexplore.ieee.org/document/4407681/,off-topic-false-hit,"Phylogenetic networks are a generalization of phylogenetic trees that allow for the representation of nontreelike evolutionary events, like recombination, hybridization, or lateral gene transfer. While much progress has been made to find practical algorithms for reconstructing a phylogenetic network from a set of sequences, all attempts to endorse a class of phylogenetic networks (strictly extending the class of phylogenetic trees) with a well-founded distance measure have, to the best of our knowledge and with the only exception of the bipartition distance on regular networks, failed so far. In this paper, we present and study a new meaningful class of phylogenetic networks, called tree-child phylogenetic networks, and we provide an injective representation of these networks as multisets of vectors of natural numbers, their path multiplicity vectors. We then use this representation to define a distance on this class that extends the well-known Robinson-Foulds distance for phylogenetic trees and to give an alignment method for pairs of networks in this class. Simple polynomial algorithms for reconstructing a tree-child phylogenetic network from its path multiplicity vectors, for computing the distance between two tree-child phylogenetic networks and for aligning a pair of tree-child phylogenetic networks, are provided. They have been implemented as a Perl package and a Java applet, which can be found at http://bioinfo.uib.es/~recerca/phylonetworks/mudistance/.",ieee,llm,1.000,unreviewed,,doi:10.1109/tcbb.2007.70270
discarded,Study Protocol and Pilot Evaluation of Child-AI Voice Interaction Using a Dedicated Dialogue Device,Tatsuji Terada; Shingo Mabu; Mamiko Koshiba,2026,2026 IEEE 2nd International Conference on Consumer Technology (ICCT-Pacific),10.1109/ICCT-Pacific69083.2026.11518620,https://ieeexplore.ieee.org/document/11518620/,off-topic-false-hit,"Despite the rapid spread of generative AI in education, conversational AI for children in natural settings remains underexplored. We outline the design and a pilot field test of a dedicated voice dialogue device that supports child-AI interaction. In a pilot study at a private after-school care facility, children and staff used shared M5Stack Core2-based devices. Questionnaires indicated high usability for children and low operational burden for staff, although system response delay increased when multiple devices requested text-to-speech simultaneously. The main phase assigns one device per child for about 28 days to collect detailed dialogue logs and interaction metrics, examining longitudinal changes in conversational behavior and deriving design implications for educational and welfare settings.",ieee,llm,0.990,unreviewed,,doi:10.1109/icct-pacific69083.2026.11518620
