status,title,authors,year,venue,doi,url,tags,abstract,provider,decision_source,llm_confidence,llm_review_outcome,llm_change_direction,paper_id
discarded,Relationship of female pelvic floor muscle function and body composition: cross-sectional study,"Sousa, Ana Jessica dos Santos; Mattiello, Stela Marcia; Driusso, Patricia",2024,ARCHIVES OF GYNECOLOGY AND OBSTETRICS,10.1007/s00404-024-07848-w,https://www.webofscience.com/wos/woscc/full-record/WOS:001365112700001,off-topic-false-hit,"PurposeInvestigate the relationship between female pelvic floor muscle (PFM) function and body composition.MethodsCross-sectional study-participants answered sociodemographic and urogynecological questions. The amount of fat mass was measured by dual-emission X-ray densitometry (DXA), and subcutaneous fat thickness was assessed by abdominal ultrasound. PFM assessment was performed using the Modified Oxford Scale and vaginal manometry. Descriptive analysis, independent t test, spearman correlation, and univariate regression were performed.ResultsNinety-nine women were included. All body composition variables evaluated, except subcutaneous fat thickness, indicated that women with a higher concentration of fat in the pelvic, android, and visceral region have lower maximum voluntary PFM contraction strength assessed by Modified Oxford Scale and manometry. The univariate model pointed out that the fat concentration increases the chances of reduced PFM strength in the entire body (0.6%), android (5.4%), visceral region (25.3%), and pelvic (89.9%). There was a correlation between the concentration of total, pelvic, and android fat with MVC/average peak.ConclusionThe accumulation of ""total"", ""pelvic"", ""android"", and ""visceral"" fat mass is correlated with reduction in PFM strength, and there is an association between MVC and the variables of total and segmented fat. However, pelvic fat concentration is predictive in 89.9% of cases.",wos,llm,1.000,unreviewed,,doi:10.1007/s00404-024-07848-w
discarded,Age-related decline of motor unit firing rate in community-dwelling healthy older adults and daily ingestion of fish protein of Alaska pollack: a randomised trial,"Hirono, Tetsuya; Takeda, Ryosuke; Nishikawa, Taichi; Ueda, Saeko; Akamatsu, Yasunori; Uchida, Kenji; Mita, Yukiko; Watanabe, Kohei",2024,INTERNATIONAL JOURNAL OF FOOD SCIENCES AND NUTRITION,10.1080/09637486.2024.2412035,https://www.webofscience.com/wos/woscc/full-record/WOS:001327517100001,off-topic-false-hit,"Neuromuscular properties decline with ageing and low-level physical activities. Alaska pollack protein (APP) is reportedly effective for improving skeletal muscular functions, even if the amount is small and exercise is not conducted. However, it is unclear whether APP intake without an exercise program affects neuromuscular dysfunction in community-dwelling adults conducting normal, everyday activities. This study aimed to investigate changes in motor unit firing properties by adding APP to daily meals in community-dwelling older adults. They were divided into an APP group or a placebo control (CON) group for randomised, double-blind treatment. Participants in APP (n = 15) and CON (n = 17) groups ingested 4.5 g/d APP and whey protein, respectively, added to daily meals for 3 months without a specific exercise intervention. High-density surface electromyography of the vastus lateralis to assess the individual motor unit firing rate during 70% of maximum voluntary ramp-up contraction (MVC), maximum knee extensor strength, muscle thickness, echo intensity, and a physical function test were evaluated at the baseline, as well as 1.5 and 3 months after the intervention. While muscle strength, muscle thickness, and motor function were not changed, the motor unit firing rate at 50%-70% of MVC showed a significant decline at 1.5 and 3 months in the CON group, but this decline was not observed in the APP group. These findings suggest that neuromuscular properties show a detectable decline on performing daily activities without a specific exercise intervention, but such a decline was not observed in the APP intake group.",wos,llm,1.000,unreviewed,,doi:10.1080/09637486.2024.2412035
discarded,Factors affecting farmers' decision to participate in various agricultural related information sources in Ethiopia,"Daniso, Berhanu",2022,COGENT FOOD & AGRICULTURE,10.1080/23311932.2022.2133347,https://www.webofscience.com/wos/woscc/full-record/WOS:000877329900001,off-topic-false-hit,"Information communication technology is energetic for rural transformation and plays a great role in agricultural development. However, there are factors affecting farmers' use of information. This study focused on determinants of various agricultural information sources. Household survey from 165 respondents and multi-stage sampling techniques were used. Multivariate probit model regression output shows that social participation and distance are significantly related with the use of all information sources at different significance levels. Age, extension contact, education, sex, credit access, land size, non/off-farm income and farm income are significant with the use of different information sources at different significance levels. The Wald test (chi 2 (56) = 101.39, p = 0.000) is significant, which indicates that MVP model fits the data. LR (chi 2 (6) = 232.942, Prob > chi 2 = 0.0000) indicates the goodness of fit of the model. For more use of agriculture-related information, Ministry of Agriculture and NGOs need to intervene in rural agricultural programs.",wos,llm,1.000,unreviewed,,doi:10.1080/23311932.2022.2133347
discarded,Optimization of the Intelligent Sensing Model for Environmental Information in Aquaculture Waters Based on the 5G Smart Sensor Network,"Liu, Tiancheng; Liu, Jun; Wang, Ji; Xu, Jingsheng",2022,JOURNAL OF SENSORS,10.1155/2022/6409046,https://www.webofscience.com/wos/woscc/full-record/WOS:000862970900004,adjacent-subtopic,"This paper adopts a 5G smart sensor network to design intelligent sensing of environmental information in aquaculture waters, and in this way, we study the significance of optimizing the intelligent sensing model. Microservice architecture and big data analysis and processing will become the innovation of technology in the new era. In this regard, it is very important to study a set of aquarium monitoring and management system based on microservice architecture, so that users can understand the changes in the environment in the aquarium, manage a large amount of historical data quickly, and help users solve existing problems. The design pattern of MVVM architecture, unified management of the life cycle, and microservice architecture make the system very easy to expand and maintain; secondly, it realizes the automatic monitoring of the aquarium environment while making multilevel storage optimization for a large amount of data and realizes fast retrieval of a large amount of data; finally, the system can make intelligent regulation in the environmental control of ornamental fish and can automatically adapt to the environmental requirements of different ornamental fish. Finally, the system can make intelligent control in the environment control of ornamental fish and can automatically adapt to the needs of different ornamental fish environments. After testing its server concurrent processing capability, communication stability, and Android performance, the system runs stably. This paper analyzes the architecture module reuse rate and protocol performance; the module reuse rate analysis results show that the various types of modules in the architecture are reused many times and have strong generality, which effectively reduces the development cycle and development cost, and the architecture can quickly and efficiently integrate hardware units such as sensors, actuators, and communication modules; the protocol performance analysis shows that the designed protocol has high communication performance and meets the architecture. The protocol performance analysis shows that the designed protocol has high communication performance and meets the requirements of the architecture in terms of the transmission rate. At the same time, the edge computing module of the architecture further shifts down the edge computing tasks and lays the hardware foundation for the subsequent implementation of sensor data anomaly detection, data encryption transmission, and other functions.",wos,llm,0.780,unreviewed,,doi:10.1155/2022/6409046
discarded,A multi-user collaborative BIM-AR system to support design and construction,"Garbett, James; Hartley, Thomas; Heesom, David",2021,AUTOMATION IN CONSTRUCTION,10.1016/j.autcon.2020.103487,https://www.webofscience.com/wos/woscc/full-record/WOS:000606852600002,adjacent-subtopic,"Augmented Reality (AR) is fast becoming an established tool for the construction industry. Previous research reports on the conversion of BIM geometric models and the implementation of these with marker-based AR, or the use of more wide area AR taking positional input from GPS. Much of this focused on the use of AR in an individual context, so there is need to align AR with the more collaborative nature of BIM. By implementing marker-based AR, and connecting to a cloud-based database, the presented BIM-AR system provides the ability to view, interact and collaborate with 3D and 2D BIM data via AR with geographically dispersed teams. An Agile Scrum Method was used to develop the prototype system including a mobile AR application and a Large Touch Screen application based on and a Model, View, Controller (MVC) approach. Finally, the system was tested and verified using a focus group of construction practitioners.",wos,llm,0.940,unreviewed,,doi:10.1016/j.autcon.2020.103487
discarded,Enhancement of the intumescent flame retardant efficiency in polypropylene by synergistic charring effect of a hypophosphite/cyclotetrasiloxane bi-group compound,"Xu, Bo; Shao, Lushan; Wang, Jingyu; Liu, Yanting; Qian, Lijun",2020,POLYMER DEGRADATION AND STABILITY,10.1016/j.polymdegradstab.2020.109281,https://www.webofscience.com/wos/woscc/full-record/WOS:000600681700005,off-topic-false-hit,"The influence of a hypophosphite/cyclotetrasiloxane bi-group compound (MVC-AlPi) on the efficiency of intumescent flame retardant polypropylene (PP/IFR) consisting of ammonium polyphosphate (APP) and hyperbranched triazine-based charring agent (HTCFA) was investigated through evaluating the fire behavior and thermal stability by limiting oxygen index (LOI), the vertical burning tests (UL94), cone calorimeter and thermogravimetric analysis (TGA). The scanning electron microscopy (SEM), fourier transform infrared (FTIR) and X-ray photoelectron spectroscopy (XPS) were used to analyze the final residues. The thermal decomposition and char-forming behavior between MVC-AlPi and each IFR formulation was studied by TGA and thermogravimetry-fourier transform infrared spectroscopy (TG-IR) test. Results revealed that a little amount substitution of IFR by MVC-AIPi imparted overall improvement in flame retardancy with reduced heat/smoke release and UL 94 V-0 rating for composites with a total loading of only 18 wt% instead of 25 wt%. The thermal decomposition behavior analysis exhibited a synergistic char-forming effect after the combination of MVC-AlPi, improving high-temperature thermal stability and yield of residual char with phosphorus- and silicon-containing crosslinked structures due to the interactions between MVC-AlPi and IFR, especially APP. The introduction of silicon into the crosslinked structures generated a fishnet-like protective device covering on the char surface inhibiting bursting the foamed carbonaceous structures and buttressed cell walls not to be fractured, leading to the formation of an integrated and thick intumescent char layer, plus the factor of the early and gentle release of non-flammable gases. This lifted flame retardant efficiency mainly contributed to the condense-phase mechanism with not ignored flame inhibition of phosphorus-containing free radicals generated from MVC-AlPi pyrolysis in gas phase. This work provided a potential way to enhance the flame retardant efficiency of IFR system. (C) 2020 Elsevier Ltd. All rights reserved.",wos,llm,1.000,unreviewed,,doi:10.1016/j.polymdegradstab.2020.109281
discarded,A Clean Approach to Flutter Development through the Flutter Clean Architecture Package,"Boukhary, Shady; Colmenares, Eduardo",2019,2019 6TH INTERNATIONAL CONFERENCE ON COMPUTATIONAL SCIENCE AND COMPUTATIONAL INTELLIGENCE (CSCI 2019),10.1109/CSCI49370.2019.00211,https://www.webofscience.com/wos/woscc/full-record/WOS:000569996300204,adjacent-subtopic,"Flutter is a popular UI framework for developing mobile applications by Google. It has caught traction in recent years. However, flutter developers have to deal with a state management issue when developing their applications. In order to solve this problem, multiple architectues have been developed. This paper proposes a new flutter architecture based on the Clean Architecture by Uncle Bob. The Flutter Clean Architecture proposed in this paper is packaged and released through a Flutter package. The architecture is tested by developing a full application from scratch using the package and documenting the process. The Flutter Clean Architecture provides a solution to the state management problem as well as a potential overall choice for Flutter mobile application architecture.",wos,llm,0.760,unreviewed,,doi:10.1109/csci49370.2019.00211
discarded,"A Web-Based, Mobile-Responsive Application to Screen Health Care Workers for COVID-19 Symptoms: Rapid Design, Deployment, and Usage","Zhang, Haipeng; Dimitrov, Dimitar; Simpson, Lynn; Plaks, Nina; Singh, Balaji; Penney, Stephen; Charles, Jo; Sheehan, Rosemary; Flammini, Steven; Murphy, Shawn; Landman, Adam",2020,JMIR FORMATIVE RESEARCH,10.2196/19533,https://www.webofscience.com/wos/woscc/full-record/WOS:000853426500004,adjacent-subtopic,"Background: As of July 17, 2020, the COVID-19 pandemic has affected over 14 million people worldwide, with over 3.68 million cases in the United States. As the number of COVID-19 cases increased in Massachusetts, the Massachusetts Department of Public Health mandated that all health care workers be screened for symptoms daily prior to entering any hospital or health care facility. We rapidly created a digital COVID-19 symptom screening tool to enable this screening for a large, academic, integrated health care delivery system, Partners HealthCare, in Boston, Massachusetts.

Objective: The aim of this study is to describe the design and development of the COVID Pass COVID-19 symptom screening application and report aggregate usage data from the first three months of its use across the organization.

Methods: Using agile principles, we designed, tested, and implemented a solution over the span of one week using progressively customized development approaches as the requirements and use case become more solidified. We developed the minimum viable product (MVP) of a mobile-responsive, web-based, self-service application using research electronic data capture (REDCap). For employees without access to a computer or mobile device to use the self-service application, we established a manual process where in-person, socially distanced screeners asked employees entering the site if they have symptoms and then manually recorded the responses in an Office 365 Form. A custom.NET Framework application solution was developed as COVID Pass was scaled. We collected log data from the.NET application, REDCap, and Microsoft Office 365 from the first three months of enterprise deployment (March 30 to June 30, 2020). Aggregate descriptive statistics, including overall employee attestations by day and site, employee attestations by application method (COVID Pass automatic screening vs manual screening), employee attestations by time of day, and percentage of employees reporting COVID-19 symptoms, were obtained.

Results: We rapidly created the MVP and gradually deployed it across the hospitals in our organization. By the end of the first week, the screening application was being used by over 25,000 employees each weekday. After three months, 2,169,406 attestations were recorded with COVID Pass. Over this period, 1865/160,159 employees (1.2%) reported positive symptoms. 1,976,379 of the 2,169,406 attestations (91.1%) were generated from the self-service screening application. The remainder were generated either from manual attestation processes (174,865/2,169,406, 8.1%) or COVID Pass kiosks (25,133/2,169,406, 1.2%). Hospital staff continued to work 24 hours per day, with staff attestations peaking around shift changes between 7 and 8 AM, 2 and 3 PM, 4 and 6 PM, and 11 PM and midnight.

Conclusions: Using rapid, agile development, we quickly created and deployed a dedicated employee attestation application that gained widespread adoption and use within our health system. Further, we identified 1865 symptomatic employees who otherwise may have come to work, potentially putting others at risk. We share the story of our implementation, lessons learned, and source code (via GitHub) for other institutions who may want to implement similar solutions.",wos,llm,0.940,unreviewed,,doi:10.2196/19533
discarded,Determination of comfortable position for tractor Driver's hands based on dynamic load,"Kuta, Lukasz; Stopa, Roman; Szyjewicz, Daniel; Komarnicki, Piotr",2019,INTERNATIONAL JOURNAL OF INDUSTRIAL ERGONOMICS,10.1016/j.ergon.2019.102866,https://www.webofscience.com/wos/woscc/full-record/WOS:000503086000021,off-topic-false-hit,"Disorders in the musculoskeletal system are currently the most common illnesses reported by physical workers. This paper presents the possibility of improving safety conditions for vehicle and machine operators by the adjustment of a steering panel to their individual anthropometric features. These results can be used in the workstation-designing phase. When driving a tractor for a long time, the position of the human body influences the working comfort and can lead to disorders. To asseKs the working comfort on a mobile workstation as well as a farm tractor, surface electromyography was used. Based on the given parameter maximum voluntary contraction (MVC), the lowest workload for the forearm, arm and wrist was determined, considering the position of the steering column and the angle between arm and forearm (elbow angle). Experimental tests showed that the most comfortable position for a driver's hands was recorded when the tested elbow angle was 100, as well as when the inclination angle of the steering column against the horizontal plane was approximately 50. In this study, the MVC parameter was determined on the basis of muscle tension amplitude related to the maximum muscle isometric contraction. Based on this parameter, the percentage of developed force of tested muscle in relation to its maximum force-generating capabilities was described. This approach helped to define a relationship between human body position and generated load in human muscles.",wos,llm,1.000,unreviewed,,doi:10.1016/j.ergon.2019.102866
kept,Magni - A Framework for Developing Context-Aware Mobile Applications,"Queiros, Ricardo; Portela, Filipe; Machado, Jose",2017,"RECENT ADVANCES IN INFORMATION SYSTEMS AND TECHNOLOGIES, VOL 3",10.1007/978-3-319-56541-5_43,https://www.webofscience.com/wos/woscc/full-record/WOS:000425539200043,supports-claim,"The advent of Internet and ubiquitous technologies has been fostering the appearance of intelligent mobile applications aware of their environment and the objects nearby. Despite its popularity, mobile developers are often required to write large and disorganized amounts of code, mixing UI with business logic and interact, in a ad-hoc fashion, with sensor devices and services. These habits hinder the code maintenance, refactoring and testing, while negatively influencing the consistency and performance of mobile applications. In this paper we present Magni as an abstract framework for the design and implementation of personalized and context-aware mobile applications. The corner stone of the framework is its architectural pattern based on the Model-View-Presenter pattern in the UI layer relying in REST services the majority of the app features. This paradigm fosters the modular design, implementing the separation of concerns concept and allowing an easier implementation of unit tests. In order to validate the framework, we present a prototype for an healthcare automotive app. The main goal of the app is to facilitate the access to health related points of interest such as hospitals, clinics and pharmacies.",wos,llm,0.990,unreviewed,,doi:10.1007/978-3-319-56541-5_43
