status,title,authors,year,venue,doi,url,tags,abstract,provider,decision_source,llm_confidence,llm_review_outcome,llm_change_direction,paper_id
discarded,How much C can students learn in one week? Experiences teaching C in advanced CS courses,Rafael Corsi Ferrao; Igor Dos Santos Montagner; Ricardo Caceffo; Rodolfo Azevedo,2022,2022 IEEE Frontiers in Education Conference (FIE),10.1109/FIE56618.2022.9962662,https://ieeexplore.ieee.org/document/9962662/,adjacent-subtopic,"In this paper Innovative Practice Full Paper we analyze the results of the application of a Concept Inventory for introductory C programming when teaching C for students in advanced CS courses and propose improvements based on misconceptions found and student perceptions. Even though Python is now the most used language for introductory courses, many advanced CS courses, such as Operating Systems and Em-bedded Computing, still benefit from using the C language. Thus, instructors now face a new challenge: teaching C to students who are already proficient in a higher-level language. Since this must be done in addition to their existing course, it is necessary to (i) be fast; and (ii) assure that students learned enough to be successful in the courses. An approach described in previous work was to concentrate all courses that benefit from using C (Computer Systems, Embedded Computing and Programming Challenges) in a single semester and joining their classes for the first week of the semester. This resulted in promising preliminary results, but lacked a more rigorous assessment in order to draw more meaningful conclusions. Concept Inventories (CI) can be used to both assess how many students have accurate knowledge of the subject but also to identify common pitfalls and misconceptions. In this work we combine three years of experiences in teaching C in advanced CS courses with data from the application of an Introductory C programming CI. We have received 109 responses from three consecutive offerings, detailing student performance in seven key areas. Satisfactory performance was obtained in Parameter use and scope, Iteration, Recursion, Structures and Pointers. Variable Scope and Boolean Expressions were the most challenging areas. We analyze the most common misconceptions and relate them to the material and students’ previous experiences. A questionnaire answered by students (N=56) at the end of the activity is analyzed in order to understand the level of affinity of students with the C language before the course and their perceptions about it, we noticed that most students have not had contact with the language before and feel motivated to learn C. To verify the knowledge in the language on a practical project, we analyzed the first big delivery of code that they have to do after two weeks the end of the course , through the analysis of the students codes (N=58) we can measure that many students use more advanced resources of the language that were not seen in the course or taught officially by other courses, indicating that they were able to learn enough of the language to go it alone in more complex matters.",ieee,llm,0.960,unreviewed,,doi:10.1109/fie56618.2022.9962662
discarded,Designing and Implementing Two Internet Based Exam Systems Using Synchronous and Asynchronous Models,M. Hassan Shirali-Shahreza; Mohammad Shirali-Shahreza,2008,2008 10th International Conference on Advanced Communication Technology,10.1109/ICACT.2008.4494211,https://ieeexplore.ieee.org/document/4494211/,off-topic-false-hit,"In this paper, two different systems for taking exams through the Internet are described and analyzed. They have been designed and executed in Yazd and Shahed Universities. These systems enable us to take the multiple-choice and descriptive exams. In these systems, the exam questions are prepared by the instructor of the concerned lesson and placed in the system database. The students who have taken that lesson can be connected to the system from wherever they want. After entering their username and password they can take part in the exam. One of these systems has been created on the basis of the synchronous model and another one has been developed on the basis of the asynchronous model. Each of them has its own advantages and disadvantages. Also in this paper we have dealt with description of the Internet-based exam systems in two Canadian universities and finally we have proceeded to review the problems and troubles existing in taking Internet-based exams especially in Iran.",ieee,llm,0.990,unreviewed,,doi:10.1109/icact.2008.4494211
discarded,Applying the DevOps methodology for a more efficient process of teaching-learning computer programming,André Vicente; João Cunha,2022,2022 31st Annual Conference of the European Association for Education in Electrical and Information Engineering (EAEEIE),10.1109/EAEEIE54893.2022.9820399,https://ieeexplore.ieee.org/document/9820399/,adjacent-subtopic,"Teaching and Learning programming languages in higher education, especially for the first-year students, is a major challenge due to two main factors: the ratio of students/teachers in these courses is usually very high, not allowing for a greater proximity between teachers and students; and these students have distinct backgrounds and logical reasoning, and therefore make progress at very different paces. Several studies show that the retention rates for such courses are high among the students in the introductory classes all across the globe. With the ever-increasing demand from the industry for professionals with programming skills, higher education institutions pressure the teachers for more positive results.The same demand for more efficiency and effectiveness is common in every sector of the industry, including software. DevOps is a software development methodology largely adopted by the software industry, that promotes the continuous improvement of the software development process. This methodology simplifies the problems across all development stages and promotes cooperation supported by the automation of tasks through tools and well-defined flows.This paper presents a method that explores the possibility to improve the process of teaching-learning computer programming, by recurring to the principles of DevOps to create an improved approach able to individualize learning and reduce the teacher’s effort. A Moodle-based platform was developed with several mechanisms that 1) automate tasks such as providing learning materials and exercises to each student, controlling the performance of the work, and providing feedback to student and teacher; 2) allow teachers to receive quick feedback and focus on what really matters, i.e., the difficulties of the students, the preparation of new learning resources for each student or group of students; and 3) let the students practice and study at their own pace. A pilot experience took place with one teacher and the students of an introductory course of Programming. Although preliminary and with the participation of a reduced number of students, the obtained results are promising.",ieee,llm,0.980,unreviewed,,doi:10.1109/eaeeie54893.2022.9820399
discarded,e-ECLiP: A Web-Based Environment Supporting Exploratory and Collaborative Learning in Programming,A. Gogoulou; E. Gouli; M. Grigoriadou,2010,2010 International Conference on Intelligent Networking and Collaborative Systems,10.1109/INCOS.2010.35,https://ieeexplore.ieee.org/document/5702110/,adjacent-subtopic,"ECLiP aims to establish a learning environment which supports students' active involvement, contributes to the knowledge construction and the development of skills in programming through the elaboration of explorative and collaborative activities. In this work, we present the main principles of ECLiP, the three-step process for the design of activities and the e-ECLiP environment. The collaboration is supported either through synchronous or asynchronous communication means. The results from the experimental evaluation of e-ECLiP in the teaching of the loop construct to students of secondary education revealed that the proposed didactical approach and the context of the activities contributed positively in the comprehension of the loop construct and its application in solving simple problems. Also, the study revealed that the supported synchronous communication tool can support students' collaboration and students appreciated the provided facilities.",ieee,llm,0.980,unreviewed,,doi:10.1109/incos.2010.35
discarded,Generating Program Recommendations to Aid in the Decision-Making of Students in Higher Education Using Non-Parametric Supervised Machine Learning,James Patrick A. Acang; Saturnina F. Nisperos; Wilben Christie R. Pagtaconan; Ralf L. Dela Cruz,2023,"2023 IEEE 15th International Conference on Humanoid, Nanotechnology, Information Technology, Communication and Control, Environment, and Management (HNICEM)",10.1109/HNICEM60674.2023.10589265,https://ieeexplore.ieee.org/document/10589265/,off-topic-false-hit,"There have been numerous reports that have been conducted by the research community supporting the same finding that students have difficulties in selecting career decisions. Many of the interventions known from the literature have been done at the primary and secondary levels, however, students entering their tertiary education have been left out. In this research, we propose a scheme to help these students decide on their future careers by generating program recommendations based on their profiles. We facilitate this process by using historical records of students to identify the strengths and skills of the secondary schools and the place they come from. We used this knowledge to generate degree program recommendations. The Recommender System is modeled using Collaborative Filtering and the k-Nearest Neighbor algorithms to generate program recommendations. The performance of the recommender system is evaluated using Hit Rate and Generation Time as metrics. Based on the experiments, the Collaborative Filtering derivative of the Recommender System shows promising results with a hit score of 92% at 6 recommendations while maintaining the worst generation time of less than 0.05 seconds. This performance equates to more recommendations at a throughput of around 1,200 requests per minute.",ieee,llm,1.000,unreviewed,,doi:10.1109/hnicem60674.2023.10589265
discarded,An Effective Systematic Approach to Migrate a Bachelor of Science in Computer Engineering Degree Program to Online Modality,Yanzhen Qu; Richard Cai; Ricardo Unglaub,2022,2022 IEEE Frontiers in Education Conference (FIE),10.1109/FIE56618.2022.9962443,https://ieeexplore.ieee.org/document/9962443/,off-topic-false-hit,"During the last two and half years, the Covid-19 Pandemic has made online learning environment (OLE) a necessary modality for all educational degree programs globally. However, migrating a conventional ground campus only Bachelor of Science in Computer Engineering (BSCE) degree program into an online modality is a project more complicated than simply replicating what is common in an on-ground classroom into a virtual classroom. The major challenges include how to maintain instructional effectiveness in an online modality, how to enable students accessing lab equipment to conduct hands-on experiments in an OLE, how to support students expeditiously when they encounter difficulties in an asynchronous communication based OLE, and how to assess students work produced in an OLE, etc. In this paper, we share our experience on how we applied a systematic approach, guided by various learning pedagogies, migrating a ground campus only ABET accredited BSCE degree program into the online modality successfully. Our practice has demonstrated that this approach can assist us to quickly identify solutions, quite often unique to the OLE, based on the specific characteristics of online modality to effectively address various typical challenges encountered during the process of migration.",ieee,llm,0.980,unreviewed,,doi:10.1109/fie56618.2022.9962443
discarded,Research on the Application of AI Code Assistants in C Language Programming Courses,Shenwei Sun; Meiju Li; Bin Yang,2025,2025 7th International Conference on Computer Science and Technologies in Education (CSTE),10.1109/CSTE64638.2025.11091939,https://ieeexplore.ieee.org/document/11091939/,adjacent-subtopic,"As a core basic course for computer majors, C language programming plays a crucial foundational role in students' programming foundation and subsequent professional development. However, due to the complex, trivial grammar rules and abstract knowledge points of C language programming, students are highly prone to encounter difficulties and setbacks in the initial stage, resulting in poor effectiveness of the traditional teaching model. Therefore, we innovatively integrate AI code assistants into the entire process of C language programming course, to establish a new teaching model. This research elaborates on the integrated application of AI code assistants in theoretical and experimental teaching in multiple ways and verifies their effectiveness through rigorous comparisons. The results indicate that the new teaching model effectively overcomes the limitations of the traditional approach, significantly improving students' practical programming skills and their ability to solve complex problems. This innovation provides a promising direction for C language programming course reform in computer science majors.",ieee,llm,0.980,unreviewed,,doi:10.1109/cste64638.2025.11091939
discarded,Teaching Introduction to Computing Through a Project-Based Collaborative Learning Approach,Nikolaos Avouris; Stefanos Kaxiras; Odysseas Koufopavlou; Kyriakos Sgarbas; Polyxeni Stathopoulou,2010,2010 14th Panhellenic Conference on Informatics,10.1109/PCI.2010.13,https://ieeexplore.ieee.org/document/5600433/,adjacent-subtopic,"Teaching introduction to computing courses, especially to first year college students, is a challenging endeavor given the increasing difficulty of today's students with programming and algorithmic thinking. In this paper the experience of introducing collaborative and project based approaches in a first year University course is reported. Both synchronous collaborative learning approaches and asynchronous collaboration through group project work have been introduced in the course using Python as a programming language. The effect of use of these approaches in students' attitude towards Computer Science and their performance is discussed here.",ieee,llm,0.970,unreviewed,,doi:10.1109/pci.2010.13
discarded,An Asynchronous Call Graph for JavaScript,Dominik Seifert; Michael Wan; Jane Hsu; Benson Yeh,2022,2022 IEEE/ACM 44th International Conference on Software Engineering: Software Engineering in Practice (ICSE-SEIP),10.1145/3510457.3513059,https://ieeexplore.ieee.org/document/9794057/,adjacent-subtopic,"Asynchronous JavaScript has become omnipresent, yet is inherently difficult to reason about. While many recent debugging tools are trying to address this issue with (semi-)automatic methods, interactive analysis tools are few and far between. To this date, developers are required to build mental models of complex concurrent control flows with little to no tool support. Thus, asynchrony is making life hard for novices and catches even seasoned developers off-guard, especially when dealing with unfamiliar code. That is why we propose the Asynchronous Call Graph. It is the first approach to capture and visualize concurrent control flow between call graph roots. It is also the first concurrency analysis tool for JavaScript that is fully interactive and integrated with an omniscient debugger in a popular IDE. First tests show that the ACG works successfully on real-world codebases. This approach has the potential to set a new standard for how developers can analyze asynchrony.",ieee,llm,0.780,unreviewed,,doi:10.1145/3510457.3513059
discarded,Machine Learning based Predictive Analytics of Student Retention Using Transcript Data,Faiza Tahir; Maha Saddal; Mamoona Mumtaz; Rabia Anwar; Saher Nazir; Maida Gulfam,2025,2025 Horizons of Information Technology and Engineering (HITE),10.1109/HITE68444.2025.11364000,https://ieeexplore.ieee.org/document/11364000/,adjacent-subtopic,"The high dropout rates in Computer Science programs pose a major challenge to higher education institutions, especially in developing nations like Pakistan, where economic constraints and limited academic support exacerbate the situation. Early identification of vulnerable students and intervention tailored to their needs are crucial in enhancing retention and academic performance. This paper proposes a data-informed predictive framework utilizing official transcript data to assess student performance and identify dropout risks. A total dataset of 200 CS undergraduate students was gathered from the University of Management and Technology, Sialkot campus, covering several semesters with regular as well as repeating students. The most important variables were GPA, credit hours, course grades, attendance, and student status. Using the preprocessed and encoded dataset, clustering algorithms were used to discover performance-based clusters. Later, Gradient Boosting Regression predicted grades, and the Random Forest Classifier was used to classify at-risk students. The results indicated that clustering distinguished between student groups clearly, whereas regression analysis predicted grade advancement moderately with better accuracy upon hyperparameter tuning. The classification model differentiated between regular and repeating students with more than 97% accuracy, successfully identifying students at risk of academic failure. These results emphasize the promise of predictive analytics to make available timely, individualized academic assistance and inform institutional policy in an effort to decrease dropout rates. Although limited to one institution and omitting qualitative factors related to teaching, the research exhibits a scalable model for enhancing student retention by using data-driven decision-making.",ieee,llm,0.990,unreviewed,,doi:10.1109/hite68444.2025.11364000
discarded,"A method for asynchronous, web-based lecture delivery",R. Almeida Bittencourt; D.A. Carr,2001,31st Annual Frontiers in Education Conference. Impact on Engineering and Science Education. Conference Proceedings (Cat. No.01CH37193),10.1109/FIE.2001.963717,https://ieeexplore.ieee.org/document/963717/,off-topic-false-hit,"Computer-based distance education has been growing enormously in recent years due to advances in key technologies: telecommunications, computer technology, graphical user interfaces, and the Internet. Distance education materials can be presented either synchronously, creating the illusion of a classroom on the computer, or asynchronously, allowing the students access-on-demand. We describe the development of a system to solve part of the asynchronous education problem-delivery of pre-recorded multimedia lectures via a web browser. We built a demonstration system using off-the-shelf technology making it possible to make presentations using commercial tools and to display them on standard systems. We designed the system with lectures composed of ""slides"" accompanied by audio commentary. These presentations can be delivered via low-speed modem links-an important consideration in places without a well-developed infrastructure. We also believe that computer-based education is often so complicated to use that operation interferes with education. In order to avoid this, we evaluated a prototype system to obtain feedback about difficulties in operation and to correct them.",ieee,llm,0.990,unreviewed,,doi:10.1109/fie.2001.963717
discarded,Challenges associated with providing simulation-based medical education,B.P. Bergeron,1989,[1989] Proceedings. Second Annual IEEE Symposium on Computer-based Medical Systems,10.1109/CBMSYS.1989.47366,https://ieeexplore.ieee.org/document/47366/,off-topic-false-hit,"Computer-based instructional programs in medicine, especially those that make use of graphics and simulation technology, are discussed. A number of impediments to this mode of teaching medical students are discussed, including: (1) the lack of knowledge about the learning process; (2) nonadaptive tutorial strategies; (3) difficulties associated with assessing simulation validity; (4) questionable transferability; (5) the lack of intuitive user interfaces; (6) the high cost of developing quality educational software; (7) the inability to customize applications to suit local teaching practices; (8) the high cost of computer hardware; and (9) ineffective evaluation methodologies.<>",ieee,llm,1.000,unreviewed,,doi:10.1109/cbmsys.1989.47366
