status,title,authors,year,venue,doi,url,tags,abstract,provider,decision_source,llm_confidence,llm_review_outcome,llm_change_direction,paper_id
discarded,Effects of transcranial magnetic stimulation with maximum voluntary muscle contraction for serial 4 days on motor function in elder persons,Tetsuo Touge; Kodai Kume; Kazuyo Ikeda; Kazushi Deguchi; Tsutomu Masaki,2012,2012 ICME International Conference on Complex Medical Engineering (CME),10.1109/ICCME.2012.6275680,https://ieeexplore.ieee.org/document/6275680/,off-topic-false-hit,"Our previous study suggested that transcranial magnetic stimulation (TMS) during the maximum voluntary muscle contraction (MVC) has a potential to facilitate motor neuron function in humans. Objective: To evaluate the effects of TMS with MVC for serial 4 days to facilitate motor neuron function in elder persons, motor evoked potentials (MEPs) and the maximum pinching muscle force were recorded sequentially. Methods: Four MEPs in the first digital interossei (FDI) muscle elicited by TMS during MVC for pinching a strain-gauge transducer with MVC for 2 seconds were recorded before and at an each 15 minutes interval until 1 hour after 4 MVC (test condition). In a control condition, sham TMS was employed except that real TMS was delivered to record MEPs before and 1 hour after the onset of TMS with MVC. Results: MEP amplitudes or areas in FDI muscle and pinching muscle force were significantly increased by TMS with MVC. Pinching muscle force tended to be significantly larger before starting TMS with MVC from the day 2 to the day 4 in the test condition in comparison with the control condition. Changes of MEP sizes did not significantly difer between the groups. Conclusion: Although TMS with MVC for serial days may raise muscle power of the bottom, we need further studies to confirm this effect of TMS with MVC.",ieee,llm,0.990,unreviewed,,doi:10.1109/iccme.2012.6275680
discarded,Estimating the Relationship Between Multivariable Standing Ankle Impedance and Lower Extremity Muscle Activation,Lauren N. Knop; Guilherme A. Ribeiro; Evandro M. Ficanha; Mo Rastgaar,2018,2018 7th IEEE International Conference on Biomedical Robotics and Biomechatronics (Biorob),10.1109/BIOROB.2018.8488121,https://ieeexplore.ieee.org/document/8488121/,off-topic-false-hit,"This study investigated artificial neural networks (ANN) that quantified the loaded ankle impedance of healthy subjects as they contracted their lower extremity muscles. The multivariable standing ankle impedance of 12 male subjects was determined using an instrumented vibrating platform. Surface electromyography (EMG) was used to measure the muscle activity while the subject's muscles were relaxed, and co-contracted to 10%, 20%, 30%, and 40% of the subject's maximum voluntary contraction (MVC). The function fitting capabilities of ANN were used to relate the input information (measured EMG and subject biometrics) to the desired output ankle impedance parameters (stiffness, damping, and inertia). The results showed that the relationship between muscle activity and standing ankle impedance can be modeled with high accuracy, and showed feasibility towards a generalized model that works for subjects that did not participate in the experiment. Using the predicted impedance, future work could investigate this relationship during walking and be used to advance active ankle-foot prostheses control based on the user's intentions.",ieee,llm,0.990,unreviewed,,doi:10.1109/biorob.2018.8488121
discarded,Eccentric contraction duration in bodyweight resistance exercise training for changes in physical function and health parameters of older adults,"Katsura, Yoshihiro; Takeda, Noriko; Inami, Takayuki; Yamaguchi, Shota; Takahashi, Sho; Nakamura, Masatoshi; Nosaka, Kazunori",2026,EUROPEAN JOURNAL OF APPLIED PHYSIOLOGY,10.1007/s00421-026-06443-y,https://www.webofscience.com/wos/woscc/full-record/WOS:001879588100001,off-topic-false-hit,"Introduction In bodyweight resistance exercises, slow eccentric contractions are commonly performed, but it is not clear how slow they should be to maximize changes in physical function and health parameters following training. We tested the hypothesis that a longer eccentric contraction (5-s) would induce greater effects on older adults than a shorter contraction (3-s). Methods Forty-six healthy older adults (77.1 +/- 7.0 y) performed six bodyweight resistance exercises twice weekly for 10 weeks with 3-s (n = 24) or 5-s (n = 22) eccentric contractions but minimum effort for concentric contractions in each exercise, thus the between group difference was only the eccentric contraction duration. Resting heart rate, systolic blood pressure (SBP), maximal voluntary isometric contraction strength of the knee extensors (MVC), five-times sit-to-stand (5STS), 3-m timed up and go (TUG), 6-m normal walking time (6WT), one-leg standing test with eyes open (OLST) and blood lipid parameters were assessed before and after the intervention, and compared between groups using two-way repeated-measures ANOVA. Results No significant differences were observed between groups (P = 0.159-0.914) for changes in the measures. Both groups showed significant (P < 0.05) improvements in SBP ( similar to - 5%), MVC (similar to 8%), 5STS ( similar to - 7%), TUG ( similar to - 5%), total cholesterol ( similar to - 6%), and low-density lipoprotein cholesterol ( similar to - 9%). It is interesting to note that attrition was lower in the 3-s group (17%) than the 5-s group (50%). Conclusion These results did not support the hypothesis and showed no significant differences between groups. The higher retention in the 3-s group may suggest greater practicality, although this may not be attributed to the contraction duration alone.",wos,llm,0.990,unreviewed,,doi:10.1007/s00421-026-06443-y
discarded,Effects of short-term hand immobilization on motor functions across domains in adults,"Jespersen, Lasse; Kvistad, August Lomholt; Bjorndal, Jonas Rud; Lundbye-Jensen, Jesper",2026,PHYSIOLOGICAL REPORTS,10.14814/phy2.71068,https://www.webofscience.com/wos/woscc/full-record/WOS:001854430000001,off-topic-false-hit,"Short-term limb immobilization is known to impair muscle strength; however, its effects across distinct domains of motor function remain incompletely characterized. In this study, we assessed the effects of 72-h of hand immobilization on motor functions in healthy adults. Twenty-eight participants were randomized to an immobilization or control group and completed a motor test battery before and after the intervention. The battery assessed maximal and explosive strength, quantified as maximal voluntary contraction (MVC) force and rate of force development (RFD), fatigability during sustained maximal contractions, force steadiness during submaximal contractions, and manual dexterity. Immobilization induced domain-specific impairments in motor performance. MVC force and RFD declined significantly following immobilization, indicating susceptibility of maximal and explosive strength to short-term disuse. In contrast, no significant changes were observed in the selected parameters of fatigability during sustained maximal contractions, including the fatigue time constant and plateau force. Force steadiness showed a selective increase in relative force variability, whereas absolute force variability remained unchanged. Manual dexterity was not reduced from baseline, but immobilization attenuated the test-retest performance improvements observed in the control group and contralateral non-immobilized hand. These findings demonstrate that hand immobilization induces task- and domain-specific alterations in motor performance rather than a uniform decline, preferentially affecting motor domains that require high force production.",wos,llm,0.990,unreviewed,,doi:10.14814/phy2.71068
discarded,A Motor Vehicle Crash as an Early Signal of Alzheimer's Disease and Related Dementias,"Joyce, Nina R.; Balog, Steven; Gaither, Rachel; Pfeiffer, Melissa R.; Bhondoekhan, Fiona; Ott, Brian R.; Margolis, Seth A.; Curry, Alison E.; Zullo, Andrew R.",2026,JOURNAL OF THE AMERICAN GERIATRICS SOCIETY,10.1111/jgs.70630,https://www.webofscience.com/wos/woscc/full-record/WOS:001842343500001,off-topic-false-hit,"Background People with Alzheimer's disease and related dementias (ADRD) are at increased risk of motor vehicle crash (MVC) due to cognitive decline, which often begins years before diagnosis. MVC could serve as an indicator of ADRD-related cognitive impairment and facilitate earlier diagnosis. Methods We conducted a matched cohort study of Medicare beneficiaries in New Jersey aged >= 69 years with incident ADRD diagnoses from 2010 to 2017 compared to individuals without ADRD and with four other medical conditions: acute myocardial infarction (AMI), asthma, chronic obstructive pulmonary disease (COPD), and diabetes. Comparison groups were sampled with replacement and matched on sex, age, and calendar quarter of diagnosis or claim (for the non-ADRD group). Crash prevalence at 6 months and 1, 2, and 3 years before diagnosis was compared using chi-square tests, and the monthly prevalence was plotted to examine longitudinal trends in crashes. Results We identified 43,115 eligible individuals with incident ADRD diagnosis from 2010 to 2017. MVC crash prevalence was higher in the ADRD group than in non-ADRD and negative control groups at all measured pre-diagnosis time points: 6 months (2.99% vs. 2.31%-2.53%), 1 year (5.26% vs. 4.18%-4.65%), 2 years (9.52% vs. 7.88%-8.67%), and 3 years (13.64% vs. 11.29%-12.37%). The ADRD group was more likely to have multiple crashes in the pre-diagnosis period, but multiple events were rare overall (< 3%). Differences were statistically significant but represented small changes in prevalence. Crash prevalence did not reveal a clear signal of cognitive decline in the years leading up to the index diagnosis. Conclusions Older adults with ADRD had slightly higher prevalence of MVC in the 3 years before diagnosis than matched comparison groups, but absolute differences were small and recurrent crashes were rare. MVC alone is too rare to serve as a signal of incipient ADRD, highlighting the need for more sensitive measures.",wos,llm,0.990,unreviewed,,doi:10.1111/jgs.70630
discarded,Choosing Wisely After Blunt Trauma: When Pneumomediastinum Does Not Require Escalation,"Kundu, Souma; Guard, Robert C.; Suzuki, Reannon; Jensen, Stephanie M.; Sachdev, Gaurav; Cunningham, Kyle W.; Sing, Ronald F.",2026,AMERICAN SURGEON,10.1177/00031348261472844,https://www.webofscience.com/wos/woscc/full-record/WOS:001832936500001,off-topic-false-hit,"Background Most patients with pneumomediastinum from blunt injury have a self-limited condition and additional testing is no longer recommended given the low incidence in underlying aerodigestive injury. This study characterizes practice patterns in evaluating patients with diagnosed pneumomediastinum.Methods Data from a level 1 trauma center were analyzed from 2013 to 2022 for blunt trauma patients with pneumomediastinum diagnosed by imaging of the chest. Outcomes analyzed included mechanism of injury, diagnostic studies, procedures, and presence of an aerodigestive injury.Results 351 patients were included; 71% were male; 35% were transfers. The most common mechanisms of injury were MVC (54%), fall (11%), and motorcycle/ATV accident (11%). 227 patients had pneumomediastinum and pneumothorax on CT (65%). Of the 124 with isolated pneumomediastinum on CT scan (35%), 96 had reliable mental status (GCS >= 13) and all were asymptomatic of an aerodigestive injury. 9 (9.4%) underwent endoscopy or esophagram with no injuries identified. No patients were diagnosed with an esophageal injury. Seven patients (2%) were diagnosed with tracheal injury; all presented with physical exam findings (subcutaneous emphysema, respiratory failure, and/or dysphonia), none with isolated pneumomediastinum. 12 patients (9.6%) were transferred with isolated pneumomediastinum. Of the transfer population, twenty did not meet criteria for trauma activation upon arrival (16%) and five were discharged from the emergency department (4%).Conclusion Aerodigestive injuries amongst patients with radiographically diagnosed pneumomediastinum are rare. However, many asymptomatic patients are assessed with additional diagnostic tests and are potentially overtriaged with transfers to higher levels of care.",wos,llm,0.990,unreviewed,,doi:10.1177/00031348261472844
discarded,Pelvic Floor Muscle Activity in Adolescent Idiopathic Scoliosis,"Genc, Busra Ilica; Basar, Selda; Oke, Deniz",2026,PHYSIOTHERAPY RESEARCH INTERNATIONAL,10.1002/pri.70297,https://www.webofscience.com/wos/woscc/full-record/WOS:001829872700001,off-topic-false-hit,"Background and Purpose Pelvic floor muscle activity (PFMA) in adolescents with idiopathic scoliosis (AIS) has not yet been thoroughly investigated. The objective of this study was to evaluate PFMA in patients with AIS without urinary incontinence (UI) and to compare these findings with those of age- and sex-matched healthy controls.Methods This cross-sectional study evaluated 15 adolescents diagnosed with AIS who did not present with UI, along with 9 healthy controls. Both groups underwent assessments that included quality of life (QoL) assessment using the Paediatric Quality of Life Inventory, and the objective measurement of Cobb angles via anteroposterior and lateral radiographs, axial trunk rotation (ATR) via a scoliometer, and PFMA via surface electromyography. Comparisons of QoL scores and objective measurement results between the patient and control groups were conducted using the Mann-Whitney U test, while correlations among these parameters were analysed using Spearman's correlation coefficient.Results Lower physical health (p = 0.017) and total QoL scores (p = 0.037) were observed in the patient group compared with controls. The PFMA scores during the work phase were lower in patients compared with controls (work mean, p = 0.002; maximum voluntary contraction [%MVC], p = 0.005). The work mean score of PFMA negatively correlated with thoracic Cobb angle (r = -0.558, p = 0.020) and ATR (r = -0.569, p = 0.004), and the %MVC score of PFMA negatively correlated with ATR (r = -0.437, p = 0.033). There was no significant correlation between sagittal plane curvatures and PFMA or QoL.Discussion PFMA was reduced in adolescents with AIS compared with healthy controls. Exploratory analyses suggested negative associations between PFMA and scoliosis severity, particularly thoracic Cobb angle and ATR. These findings suggest a potential relationship between scoliosis-related spinal deformity, trunk asymmetry, and PFMA. Therefore, PFM function may be considered in the comprehensive evaluation and rehabilitation of adolescents with AIS, although confirmation in larger studies is warranted.",wos,llm,0.990,unreviewed,,doi:10.1002/pri.70297
discarded,Determinants of Physiological Resilience Among Recreational-To-Competitive Endurance Runners,"Malinen, Timi; Matomaki, Pekka; Uusitalo, Arja; Kyrolainen, Heikki; Nuuttila, Olli-Pekka",2026,SCANDINAVIAN JOURNAL OF MEDICINE & SCIENCE IN SPORTS,10.1111/sms.70349,https://www.webofscience.com/wos/woscc/full-record/WOS:001829074400001,off-topic-false-hit,"The aim of this study was to investigate (1) whether factors related to endurance performance are associated with physiological resilience in recreational-to-competitive runners, and (2) differences between recreational and competitive runners in physiological resilience. During three test days, 33 runners (15 competitive and 18 recreational) were tested for their peak fat oxidation, maximal blood lactate concentration (La-max) after maximal anaerobic running test (MART), maximal voluntary contraction (MVC) in isometric leg press, maximal oxygen uptake (VO2max), maximal speed of incremental test (sPeak), speeds at ventilatory thresholds (sVTs), running economy (RE), and physiological resilience. Physiological resilience was tested as deterioration of VO2max, sPeak, VTs, and RE during and after similar to 2.5 h moderate-intensity run at similar to 90% of VT1. Associations between other variables and physiological resilience were analyzed using Pearson's or sex-adjusted partial correlations in the whole sample. Recreational runners had higher deterioration of VT1 (p = 0.049), but lower deterioration in RE (p = 0.042) than competitive runners. Lower decline in sPeak was associated with higher VO2max (r = 0.37, p = 0.04) and lower La-max (r = -0.37, p = 0.03). Lower decline in sVT1 was associated with higher VO2max (r = 0.37, p = 0.04), sVT2 (r = 0.52, p = 0.002), sVT1 (r = 0.48, p = 0.006), and sPeak (r = 0.44, p = 0.01). Lower decline in RE was associated with worse RE (r = -0.49, p = 0.004) and higher MVC (r = -0.40, p = 0.02). Lower decline VO2max was associated with worse RE (r = 0.42, p = 0.02). It appears that physiological resilience is associated with multiple different physiological systems. High aerobic fitness and MVC of the leg extensors, and lower La-max after MART may be related to better physiological resilience.",wos,llm,0.990,unreviewed,,doi:10.1111/sms.70349
discarded,Aging Alters Force Control Regularity and Delays Adaptation to Isometric Force Perturbations,"Grigoriadis, Stylianos; Mylonas, Vasileios; Panoutsakopoulos, Vassilios; Stergiou, Nick; Nikodelis, Thomas",2026,JOURNAL OF MOTOR BEHAVIOR,10.1080/00222895.2026.2698547,https://www.webofscience.com/wos/woscc/full-record/WOS:001819863700001,off-topic-false-hit,"Variability is an inherent feature of human force output, and its temporal structure provides insights into motor control. In young adults, this structure has been associated with efficient motor behavior. Conversely, aging-related physiological changes may constrain neuromuscular adaptability, leading to less effective response to perturbations. We tested this hypothesis using a perturbation-based paradigm that quantified the time required to return to baseline force following unexpected target shifts during an isometric grip task. Sixteen young and eighteen older adults performed steady contractions and sudden upward (30 -> 45% maximum voluntary contraction; MVC) and downward (30 -> 15% MVC) force perturbations. Force regularity and variability magnitude were assessed using Sample Entropy (SaEn) and standard deviation (SD) across contraction intensities ranging from 5% to 80% MVC. Older adults exhibited significantly longer adaptation times and greater force regularity than young adults, whereas SD did not differ between age groups. Across both groups, downward perturbations resulted in slower recovery than upward perturbations, indicating direction-specific constraints in force control. These findings demonstrate that aging prolongs adaptation to force perturbations and increases force output regularity, highlighting perturbation-based assessments as a sensitive approach for probing adaptive motor control. Force regularity may represent a more informative marker of aging-related changes in motor control than variability magnitude.",wos,llm,0.990,unreviewed,,doi:10.1080/00222895.2026.2698547
discarded,Caffeine mouth rinse fails to enhance jump and strength performance regardless of ingestion: a randomized crossover pilot trial in volleyball players,"Bastos-Silva, Victor Jose; Barros, Rogerio Jose Freire; Junior, Carlos Alberto Silva; Spinelli, Higor; Ataide-silva, Thays; Barros Sousa, Filipe Antonio de; Silva-cavalcante, Marcos David; DE Araujo, Gustavo Gomes",2026,NUTRIRE,10.1186/s41110-026-00505-z,https://www.webofscience.com/wos/woscc/full-record/WOS:001815491800001,off-topic-false-hit,"Purpose This study aimed to evaluate the effects of a caffeine mouth rinse (MR), administered alone or combined with ingestion, on vertical jump and maximal voluntary contraction (MVC) performance in volleyball athletes immediately and one hour after administration. Methods Seventeen male volleyball athletes completed a randomized, double-blind, placebo-controlled, crossover trial involving six sessions. Conditions included: control, placebo MR, caffeine MR (300 mg/25 mL), placebo MR+ingestion, and caffeine MR+ingestion. Participants performed countermovement jumps (CMJ), squat jumps (SJ), and MVC tests at two time points. Outcomes analyzed were jump height, power, peak force, time to peak force, peak rate of force development (RFD), and inter-limb MVC force difference. Results No condition demonstrated a significant ergogenic effect on jump performance or MVC. For the primary outcome (jump height), no main effect of condition was observed (p > 0.05). A strong main effect of time indicated a performance decline after one hour across all conditions for jump height, power, and peak force (all p < 0.01). No significant Time & times; Condition interaction was found for any jump variable (all p > 0.05), confirming the performance decrease was similar regardless of supplement. Similarly, MVC force and inter-limb asymmetry remained unaffected by the interventions. Conclusion Caffeine MR, with or without concurrent ingestion, did not enhance vertical jump or maximal strength performance in volleyball athletes either immediately or one hour after administration. These findings should be considered preliminary and require confirmation in larger samples.",wos,llm,0.990,unreviewed,,doi:10.1186/s41110-026-00505-z
