status,title,authors,year,venue,doi,url,tags,abstract,provider,decision_source,llm_confidence,llm_review_outcome,llm_change_direction,paper_id
discarded,Toward specifying Human-Robot Collaboration with composite events,Jan Van den Bergh; Fredy Cuenca Lucero; Kris Luyten; Karin Coninx,2016,2016 25th IEEE International Symposium on Robot and Human Interactive Communication (RO-MAN),10.1109/ROMAN.2016.7745225,https://ieeexplore.ieee.org/document/7745225/,adjacent-subtopic,"Human-Robot Collaboration is increasingly considered in manufacturing to better combine the strengths of humans and robots. Establishing this human-robot collaboration may require multi-modal interaction; input to and output from the robot can both use multiple channels in sequence or in parallel. Designing effective interaction requires the expertise from different domains, possibly originating from people with different backgrounds. In our work we explore how composite events — hierarchical composition of events — can be used in a way that eases the communication within a multi-disciplinary team. In this paper, we present how the concept of composite events can be used to create different layers of abstraction that can be used to ease prototyping and discussion of human-robot collaboration with stakeholders through a supporting tool called Hasselt UIMS. At the lower level(s) of abstraction, the composite events can be mapped to the message-based communication as implemented in the Robotic Operating System (ROS), which is used to program collaborative robots, such as the Baxter robot from Rethink Robotics.",ieee,llm,0.950,unreviewed,,doi:10.1109/roman.2016.7745225
kept,Combining HCI techniques for better user interfacing,P.A. Cudd; R. Oskouie,1996,IEE Colloquium on Interfaces - The Leading Edge,10.1049/ic:19960799,https://ieeexplore.ieee.org/document/543401/,supports-claim,"Investigating user interface design and development problems is the core of current HCI research. Concepts such as intelligent user interfaces, adaptive user interfaces, user interface management systems (UIMSs), and multimedia user interfaces have gained the greatest momentum. Each of these concepts studies a major characteristics of the user interface systems' design. Intelligent user interfaces apply available knowledge about the task to the control of the interaction, in order to increase efficiency and usability. Adaptive user interfaces utilise the knowledge about the user to configure the interface for different users, i.e. each user may have different skills, level of experience, or cognitive and physical abilities. The UIMS corner-stone is to separate the user interface from the application, in order to facilitate the design and development. Applying multimedia concepts to user interface systems can provide enriched, efficient, and flexible interaction. Particular attention has been paid to users with special needs. The ""Design for all"" concept is a principle recently acknowledged in the HCI field. The conclusions underline the improvement that such a design approach can offer to users with special needs, from educational and vocational points of view.",ieee,llm,0.970,unreviewed,,doi:10.1049/ic:19960799
discarded,The Ignatius environment: supporting the design and development of expert-system user interfaces,J. Lowgren,1992,IEEE Expert,10.1109/64.153464,https://ieeexplore.ieee.org/document/153464/,adjacent-subtopic,"The Ignatius user interface management system, with which designers can create user interfaces for conversational and model-based expert systems, is discussed. Because conversational and model-based expert systems require different approaches to user interface management, Ignatius consists of two separate but communicating tools: the surface interaction manager and the session discourse manager. The interaction manager represents user interface components as objects with attributes. The discourse manager manages the discourse structures of conversational expert systems, structures traditionally regarded as side effects of problem solving. Ignatius was tested by building a user interface to the Antibody Analysis Advisor (A/sup 3/), a conversational expert system that helps laboratory technicians choose analysis techniques for finding antibodies in blood samples. The surface interaction objects, session discourse structure, and an example execution in A/sup 3/ are described.<>",ieee,llm,0.700,unreviewed,,doi:10.1109/64.153464
kept,Java implementations of user-interface frameworks,N. Bencomo; F. Losavio; F. Marchena; A. Matteo,1997,Proceedings of TOOLS USA 97. International Conference on Technology of Object Oriented Systems and Languages,10.1109/TOOLS.1997.654728,https://ieeexplore.ieee.org/document/654728/,supports-claim,"Interactive systems enhance the usability of the application, in the sense of providing a convenient access to their services, allowing the user to spend less time learning the application and to produce results quickly. The graphical user-interface is the vehicle for achieving this usability. Frameworks, or semi-finished generic architectures, have been successfully used in the development of graphical user-interfaces. Besides, multi-agent models describe the architecture of interactive systems. Moreover, this architecture must reflect the paradigm of the separation between the abstract or semantic aspects of the system and its presentation to the final user. The authors' main purpose is to discuss an experience in developing object-oriented graphical user-interfaces using a framework for interface agents. In particular, a framework expressing the behavior of the PAC (Presentation-Abstraction-Control) model is specified in a pseudoformal language, a small application, a simplified graphical editor is implemented in Java, according to the framework's specification. The benefits and drawbacks of using this framework are discussed and a comparison with the well known MVC (Model-View-Controller) framework is also established. The goals are to study the facility of implementing in Java the patterns of the framework and to experiment the ease of coding in Java, directly from the framework's specification.",ieee,llm,0.950,unreviewed,,doi:10.1109/tools.1997.654728
discarded,"DIALOGUE, INDEPENDENCE, AND UNITY: TOWARD A MORAL SOLUTION TO POLITICAL PROBLEMS BETWEEN RUSSIA AND UKRAINE","Cherenkov, Mykhailo",2017,OCCASIONAL PAPERS ON RELIGION IN EASTERN EUROPE,,https://www.webofscience.com/wos/woscc/full-record/WOS:000469000000001,off-topic-false-hit,,wos,llm,1.000,unreviewed,,hash:cdf94b1a7c5de164
kept,"O/live: Transparent Distribution, Persistence, and Partial Replication for Ubiquitous User Interfaces","Ballesteros, Francisco J.; Guardiola, Gorka; Soriano-Salvador, Enrique",2014,INTERNATIONAL JOURNAL OF HUMAN-COMPUTER INTERACTION,10.1080/10447318.2014.927263,https://www.webofscience.com/wos/woscc/full-record/WOS:000340174000002,supports-claim,"This article is focused on the system side of the multidisciplinary problem of building User Interface Management Systems (UIMS) for distributed and heterogeneous I/O devices. It presents a new architecture that decouples applications from their interfaces by using distributed synthetic file system interfaces (similar to /proc on UNIX) to export user interface elements and a new UIMS, O/live, following this approach. The UIMS has been in use for several years on a daily basis, in our laboratory and personal computers. It supports transparent distribution, replication, and migration of user interface elements among highly heterogeneous devices. Moreover, it is highly programmable without the need for special tools, which (a) facilitates experimentation and iteration for new human-computer interaction techniques and (b) enables the creation of orthogonal services to manipulate programmatically and independently the elements of the distributed UI. This article describes both the approach and the O/live UIMS and window system.",wos,llm,0.980,unreviewed,,doi:10.1080/10447318.2014.927263
kept,Multimedia dialogue management in agent-based open service environments,"Olsson, O; Espinoza, F",1999,"MULTIMEDIA APPLICATIONS, SERVICES AND TECHNIQUES - ECMAST'99",,https://www.webofscience.com/wos/woscc/full-record/WOS:000165140900034,supports-claim,"Multimedia-based interfaces to complex services ale difficult to create and maintain. An architecture for multimedia presentation systems has been developed in the KIMSAC project, based on a sharp separation between the services and their associated multimedia interfaces. The architecture supports flexibility in designing the multimedia dialogues for individual services, ranging from dialogues that are designed in great detail, to dialogues that are specified only in intentional ways and for which their presentations call be generated or adapted to the context of their use. Specific attention has been given to the needs that characterize open service environments exposed to the public at large. In such environments potentially independent services ate accessed in parallel, introducing problems in managing the interleaving of dialogues with several services. The resulting architecture is compared to existing models for UIMS, highlighting the needs to refine these models when applying them to open service environments.",wos,llm,0.960,unreviewed,,hash:4e0058aedf7f4aea
kept,Java implementations of user-interface frameworks,"Bencomo, N; Losavio, F; Marchena, F; Matteo, A",1998,"TOOLS 23 - TECHNOLOGY OF OBJECT-ORIENTED LANGUAGES AND SYSTEMS, PROCEEDINGS",,https://www.webofscience.com/wos/woscc/full-record/WOS:000072554600019,supports-claim,"Interactive systems enhance the usability of the application, in the sense of providing a convenient access to their services, allowing the user to spend less time learning the application and to produce results quickly. The graphical user-interface is the vehicle for achieving this usability. Frameworks, or semifinished generic architectures, have been successfully used in the development of graphical user-interfaces. Besides, multiagent models describe the architecture of interactive systems. Moreover, this architecture must reflect the paradigm of the separation between the abstract or semantic aspects of the system and its presentation to the final user. Our main purpose is to discuss an experience in developing object-oriented graphical user-interfaces using a framework for interface agents. In particular, a framework expressing the behavior of the PAC (Presentation-Abstraction-Control) model is specified in a pseudoformal language. A small application, a simplified graphical editor is implemented in Java, according to framework's specification. The benefits drawbacks of using this framework are discussed and a comparison with the well known MVC (Model - View - Controller) framework is also established. Our goals are to study the facility of implementing in Java the patterns of the framework and to experiment the ease of coding in Java, directly from the framework's specification.",wos,llm,0.950,unreviewed,,hash:674a210b0c79ec05
kept,TOWARDS A NEW QUALITY OF AUTOMATION IN COMPLEX MAN-MACHINE SYSTEMS,"JOHANNSEN, G",1992,AUTOMATICA,,https://www.webofscience.com/wos/woscc/full-record/WOS:A1992HP02500010,supports-claim,"Supervisory control of dynamic technical systems can be changed towards a new quality of automation and cooperative man-machine decision making.  This will be achieved by using technologies of knowledge-based support systems and cognitive engineering.  Human-centred design approaches are needed for building such advanced automation systems for process supervision and control.  Appropriate function and task allocations between human operators and computers as well as between computer control and computer support have to be found.  A conceptual structure and a mathematical framework for describing the human-automation synergism in future technical systems are proposed in this paper.  The conceptual structure differentiates between the general task categories of controlling and problem solving for both human and automation.  It is further based on the structure of an extended User Interface Management System (UIMS) which suggests a separation into presentation, dialogue, user or operator model, application model, and tasks to be performed.  Human operator behaviour, supervision and control, decision support (both application and operator oriented), and man-machine interfaces (with presentation and dialogue) are related to each other on different levels.

Four examples from recent projects demonstrate the applicability of the human-centred approach towards advanced automation.  Heuristic control of industrial processes as well as diagnosis of causes of technical failures in power plants are explained as examples for application oriented functionalities.  Human error detection and flexible automation in aircraft guidance as well as procedural support for information search are described as possibilities for human operator oriented support.",wos,llm,0.720,unreviewed,,hash:2c4a10cca0d7037d
discarded,Presentation Abstraction Control Architecture Pattern in Business Intelligence,A. Iyer,2019,Communications in Computer and Information Science,10.1007/978-981-13-9942-8_62,https://www.scopus.com/inward/record.uri?partnerID=HzOxMe3b&scp=85070190751&origin=inward,adjacent-subtopic,,scopus,llm,0.660,unreviewed,,doi:10.1007/978-981-13-9942-8_62
discarded,Open syntax: Improving access for all users,R.J.K. Jacob,2001,Proceedings of the 2001 EC NSF Workshop on Universal Accessibility of Ubiquitous Computing Providing for the Elderly Wuauc 2001,10.1145/564526.564549,https://www.scopus.com/inward/record.uri?partnerID=HzOxMe3b&scp=84921464317&origin=inward,adjacent-subtopic,,scopus,llm,0.820,unreviewed,,doi:10.1145/564526.564549
kept,Multimedia dialogue management in agent-based open service environments,O. Olsson,1999,Lecture Notes in Computer Science Including Subseries Lecture Notes in Artificial Intelligence and Lecture Notes in Bioinformatics,10.1007/3-540-48757-3_34,https://www.scopus.com/inward/record.uri?partnerID=HzOxMe3b&scp=84947810892&origin=inward,supports-claim,,scopus,llm,0.910,unreviewed,,doi:10.1007/3-540-48757-3_34
kept,Java implementations of user-interface frameworks,N. Bencomo,1997,Proceedings of the Conference on Technology of Object Oriented Languages and Systems TOOLS,,https://www.scopus.com/inward/record.uri?partnerID=HzOxMe3b&scp=0031363486&origin=inward,supports-claim,,scopus,llm,0.900,unreviewed,,hash:65db1ecc9386c67f
kept,Dialogue independence based on a structured UIMS interface,S. Lauesen,1993,Lecture Notes in Computer Science Including Subseries Lecture Notes in Artificial Intelligence and Lecture Notes in Bioinformatics,10.1007/3-540-57312-7_76,https://www.scopus.com/inward/record.uri?partnerID=HzOxMe3b&scp=85029773024&origin=inward,supports-claim,,scopus,llm,0.930,unreviewed,,doi:10.1007/3-540-57312-7_76
discarded,"Vienna Conference on Human Computer Interaction, VCHCI 1993",,1993,Lecture Notes in Computer Science Including Subseries Lecture Notes in Artificial Intelligence and Lecture Notes in Bioinformatics,,https://www.scopus.com/inward/record.uri?partnerID=HzOxMe3b&scp=85029765482&origin=inward,adjacent-subtopic,,scopus,llm,0.940,unreviewed,,hash:864a917db6e165c2
discarded,Action assignable graphics a flexible human-computer interface design process,M.D. Russell,1992,Conference on Human Factors in Computing Systems Proceedings,,https://www.scopus.com/inward/record.uri?partnerID=HzOxMe3b&scp=57249098835&origin=inward,adjacent-subtopic,,scopus,llm,0.670,unreviewed,,hash:7142a9b8b2f9c4df
kept,Abstraction-link-view paradigm: using constraints to connect user interfaces to applications,R. Hill,1992,Conference on Human Factors in Computing Systems Proceedings,,https://www.scopus.com/inward/record.uri?partnerID=HzOxMe3b&scp=57249090958&origin=inward,supports-claim,,scopus,llm,0.910,unreviewed,,hash:0f4cd814a7876124
discarded,Towards a new quality of automation in complex man-machine systems,G. Johannsen,1992,Automatica,10.1016/0005-1098(92)90121-U,https://www.scopus.com/inward/record.uri?partnerID=HzOxMe3b&scp=0026822747&origin=inward,adjacent-subtopic,,scopus,llm,0.910,unreviewed,,doi:10.1016/0005-1098(92)90121-u
discarded,Towards a new quality of automation in complex man-machine systems,G. Johannsen,1991,IFAC Symposia Series Proceedings of A Triennial World Congress,,https://www.scopus.com/inward/record.uri?partnerID=HzOxMe3b&scp=0025795030&origin=inward,adjacent-subtopic,,scopus,llm,0.910,unreviewed,,hash:5184747688130aa4
kept,Separating graphics from application in the design of user interfaces,F. Neelamkavil,1990,Computer Journal,10.1093/comjnl/33.5.437,https://www.scopus.com/inward/record.uri?partnerID=HzOxMe3b&scp=0025506079&origin=inward,supports-claim,,scopus,llm,0.970,unreviewed,,doi:10.1093/comjnl/33.5.437
kept,Layered protocols for computer-human dialogue. I: Principles,M.M. Taylor,1988,International Journal of Man Machine Studies,10.1016/S0020-7373(88)80036-1,https://www.scopus.com/inward/record.uri?partnerID=HzOxMe3b&scp=0023965124&origin=inward,supports-claim,,scopus,llm,0.840,unreviewed,,doi:10.1016/s0020-7373(88)80036-1
kept,"Interaction ergonomics, control and separation: open problems in user interface management",G. Cockton,1987,Information and Software Technology,10.1016/0950-5849(87)90066-8,https://www.scopus.com/inward/record.uri?partnerID=HzOxMe3b&scp=0023346102&origin=inward,qualifies-claim,,scopus,llm,0.950,unreviewed,,doi:10.1016/0950-5849(87)90066-8
kept,"A Comparison of Android Native App Architecture – MVC, MVP and MVVM",Lou Tian,2016,TU/e Research Portal,,https://openalex.org/W2597736229,supports-claim; qualifies-claim; provbarhet,"Fast iteration in Android application is a big challenge for development efficiency and quality that are influenced by architecture. It is claimed that Model-View-Presenter (MVP) and Model-View-ViewModel (MVVM) are better than the default Android native app architecture Model-View-Controller (MVC). But there is no empirical data to support this point of view. In addition, refactoring the project to adopt the new architecture requires a lot of efforts from development to test. Thus, some app organizations are skeptical of employing MVP and MVVM in Android. This thesis aims to provide a thorough analysis to find out whether MVP and MVVM architecture are better than MVC from quality perspective. To answer this question, Architecture Tradeoff Analysis Method are selected. Then, we set three criteria: testability, modifiability and performance. For each quality attribute, key factors are recognized. Comparison is based on these selected criteria. Analysis and experiments show MVP and MVVM have better testability, modifiability (low coupling level) and performance (consuming less memory). That is, MVP and MVVM are better than MVC on the selected three criteria. But for MVP and MVVM, there is no evidence showing that one is superior to another. These two architectures have similar performance, while MVP provides better modifiability and MVVM provides better testability.",openalex,llm_reviewed,0.990,confirmed,,hash:6178c8b6b4043063
discarded,"Avogadro: an advanced semantic chemical editor, visualization, and analysis platform",Marcus D. Hanwell; Donald E Curtis; David C. Lonie; Tim Vandermeersch; Eva Zurek; Geoffrey Hutchison,2012,Journal of Cheminformatics,10.1186/1758-2946-4-17,https://openalex.org/W2028046413,adjacent-subtopic,"BACKGROUND: The Avogadro project has developed an advanced molecule editor and visualizer designed for cross-platform use in computational chemistry, molecular modeling, bioinformatics, materials science, and related areas. It offers flexible, high quality rendering, and a powerful plugin architecture. Typical uses include building molecular structures, formatting input files, and analyzing output of a wide variety of computational chemistry packages. By using the CML file format as its native document type, Avogadro seeks to enhance the semantic accessibility of chemical data types. RESULTS: The work presented here details the Avogadro library, which is a framework providing a code library and application programming interface (API) with three-dimensional visualization capabilities; and has direct applications to research and education in the fields of chemistry, physics, materials science, and biology. The Avogadro application provides a rich graphical interface using dynamically loaded plugins through the library itself. The application and library can each be extended by implementing a plugin module in C++ or Python to explore different visualization techniques, build/manipulate molecular structures, and interact with other programs. We describe some example extensions, one which uses a genetic algorithm to find stable crystal structures, and one which interfaces with the PackMol program to create packed, solvated structures for molecular dynamics simulations. The 1.0 release series of Avogadro is the main focus of the results discussed here. CONCLUSIONS: Avogadro offers a semantic chemical builder and platform for visualization and analysis. For users, it offers an easy-to-use builder, integrated support for downloading from common databases such as PubChem and the Protein Data Bank, extracting chemical data from a wide variety of formats, including computational chemistry output, and native, semantic support for the CML file format. For developers, it can be easily extended via a powerful plugin mechanism to support new features in organic chemistry, inorganic complexes, drug design, materials, biomolecules, and simulations. Avogadro is freely available under an open-source license from http://avogadro.openmolecules.net.",openalex,llm,0.960,unreviewed,,doi:10.1186/1758-2946-4-17
