status,title,authors,year,venue,doi,url,tags,abstract,provider,decision_source,llm_confidence,llm_review_outcome,llm_change_direction,paper_id
Implications. Our findings suggest that it is important for other educators to also assess their students' understanding of stacks and environments, especially in light of modern programming concepts. Assuming similar misconceptions are widespread, we believe the community needs to invest much more effort into notional machines, so that students can better understand the features and programs they are working with. In particular, the ""standard"" stack presentation is insufficient and in some cases even ""harmful"" (since it reinforces some misconceptions), and hence must be revised. Finally, our study forces a reconsideration of the learning objectives met by interpreters in programming languages education.",wos,llm,0.960,unreviewed,,hash:0a5e1655ec9791e9
kept,Plan Composition Using Higher-Order Functions,"Rivera, Elijah; Krishnamurthi, Shriram; Goldstone, Robert",2023,"PROCEEDINGS OF THE 2022 ACM CONFERENCE ON INTERNATIONAL COMPUTING EDUCATION RESEARCH, ICER 2022, VOL. 1",,https://www.webofscience.com/wos/woscc/full-record/WOS:001143762100008,supports-claim; qualifies-claim; hof,"Background and Context. Program planning has been a longstanding and important problem in computing education. Finding useful primitives for planning and assessing whether students are able to understand and use these primitives remain open problems. We make progress on this problem by using higher-order functions (hofs) as planning operations. Not only are hofs increasingly prevalent in computing broadly, some data science programming sources also recommend their use in planning solutions to data-processing pipelines, giving our task additional applicability.

Objectives. We first wish to confirm that students can understand the behavior of individual hofs. We also seek to understand which behavioral features of these hofs are reflected in their understanding. We then investigate their ability to plan solutions as the composition of hofs. We examine this from two perspectives: recognizing compositions from examples, and describing compositions to solve problems.

Method. Our work is situated in early-stage tertiary education. To investigate student understanding of individual hofs, we present them with both input-output examples and open-ended questions. To investigate the composition of hofs, we use two formats. First, we use the same input-output format as for individual hofs. We then ask students to construct concrete plans for programming problems defined using text. These plans were constructed using a tool that was custom-built for this work. Students were then asked to write programs to solve the same problems. We perform both quantitative and qualitative analysis of the responses.

Findings. We find students are proficient at recognizing individual hofs through input-output examples. They use a variety of features to identify hofs, with the most prominent features being type-based. While they do have difficulty recognizing compositions of hofs presented in the same input-output example format, there may be simple explanations for this. Either way, students are able to produce correct plans that require composing hofs, and can successfully translate these plans into correct code.

Implications. We believe work in this vein has many useful consequences for programming education. Explicit planning atop a vocabulary of primitive operations has not received much attention in computing; our work suggests that hofs provide a useful initial set of planning primitives. (These are, however, generic and not problem-specific, so there is much room for growth.) However, students' possible difficulties in recognizing hof compositions from examples warrants further attention.",wos,llm_reviewed,0.910,confirmed,,hash:c3dcc9613daf5bb1
discarded,ScatterUQ: Interactive Uncertainty Visualizations for Multiclass Deep Learning Problems,"Li, Harry X.; Jorgensen, Steven; Holodnak, John; Wollaber, Allan B.",2023,"2023 IEEE VISUALIZATION AND VISUAL ANALYTICS, VIS",10.1109/VIS54172.2023.00058,https://www.webofscience.com/wos/woscc/full-record/WOS:001137142800050,off-topic-false-hit,"Recently, uncertainty-aware deep learning methods for multiclass labeling problems have been developed that provide calibrated class prediction probabilities and out-of-distribution (OOD) indicators, letting machine learning (ML) consumers and engineers gauge a model's confidence in its predictions. However, this extra neural network prediction information is challenging to scalably convey visually for arbitrary data sources under multiple uncertainty contexts. To address these challenges, we present ScatterUQ, an interactive system that provides targeted visualizations to allow users to better understand model performance in context-driven uncertainty settings. ScatterUQ leverages recent advances in distance-aware neural networks, together with dimensionality reduction techniques, to construct robust, 2-D scatter plots explaining why a model predicts a test example to be (1) in-distribution and of a particular class, (2) in-distribution but unsure of the class, and (3) out-of-distribution. ML consumers and engineers can visually compare the salient features of test samples with training examples through the use of a ""hover callback"" to understand model uncertainty performance and decide follow up courses of action. We demonstrate the effectiveness of ScatterUQ to explain model uncertainty for a multiclass image classification on a distance-aware neural network trained on Fashion-MNIST and tested on Fashion-MNIST (in distribution) and MNIST digits (out of distribution), as well as a deep learning model for a cyber dataset. We quantitatively evaluate dimensionality reduction techniques to optimize our contextually driven UQ visualizations. Our results indicate that the ScatterUQ system should scale to arbitrary, multiclass datasets. Our code is available at https://github.com/mit-ll-responsible-ai/equine-webapp.",wos,llm,0.990,unreviewed,,doi:10.1109/vis54172.2023.00058
discarded,Deep learning for automatic identification of plants through leaf,"Sachar, Silky; Kumar, Anuj",2023,JOURNAL OF INFORMATION & OPTIMIZATION SCIENCES,10.47974/JIOS-1269,https://www.webofscience.com/wos/woscc/full-record/WOS:001056587500008,off-topic-false-hit,"Automatic identification of plants, has been a widely explored field for the conservation of environment. Deep Learning has been extensively used in image recognition tasks due to its powerful ability to extract features from the given set of images. In this paper, we have trained Convolutional neural Network models from scratch by first pre-processing the images using MobileNet's pre-processing input function to identify the plant species using leaf images. Four CNN models are discussed at different depths to understand how the accuracy of identification can be improved and the impact of hyperparameters namely batch size and number of epochs have on the accuracy of identification. The four models have been evaluated on two freely available leaf datasets: Flavia and Swedish. To reduce overfitting, data-augmentation and Early Stopping callback has been applied. The performance of the proposed CNN model was also compared to SVM, Random Forest and K-Nearest Neighbors classifiers on both datasets. Maximum accuracies were reported to be 95.35 % and 95.24% on Flavia and Swedish respectively.",wos,llm,1.000,unreviewed,,doi:10.47974/jios-1269
discarded,Dynamic Polymorphism without Inheritance: Implications for Education,"Donchev, Ivaylo; Todorova, Emilia",2022,INTERNATIONAL JOURNAL OF ADVANCED COMPUTER SCIENCE AND APPLICATIONS,,https://www.webofscience.com/wos/woscc/full-record/WOS:000923458000075,adjacent-subtopic,"Polymorphism is a core OO concept. Despite the rich pedagogical experience in teaching it, there are still difficulties in its correct and multifaceted perception by students. In this article, a method about a deeper study of the concept of polymorphism is offered by extending the learning content of the CS2 C++ Programming course with an implementation variant of dynamic polymorphism by type erasure, without using inheritance. The research is based on an inductive approach with a gradual expansion of functionalities when introducing new concepts. The stages of development of such a project and the details of the implementation of each functionality are traced. The results of experimental training showed higher scores of the experimental group in mastering the topics related to polymorphism. Based on these findings, recommendations for the construction of the lecture course and the organization of the laboratory work are suggested.",wos,llm,0.940,unreviewed,,hash:25b6e8a60e7b465c
discarded,Functional connectivity of sub-cortical brain regions: disparities and similarities,"Alahmadi, Adnan A. S.",2023,NEUROREPORT,10.1097/WNR.0000000000001881,https://www.webofscience.com/wos/woscc/full-record/WOS:000935540500004,off-topic-false-hit,"Sub-cortical grey matter structures, such as the putamen, pallidum, caudate, thalamus, amygdala and hippocampus, play substantial roles in both simple and complex brain functions, including regulation of pleasure and emotions; control of movements; learning; decision-making; language development; and sensory, cognitive, social and other higher-order functions. Most of these regions act as information hubs for the nervous system, relaying and controlling the flow of information to various portions of the brain. To further understand the complex neurophysiological characteristics of sub-cortical areas, the aim of this study was to investigate the functional integrations of six sub-cortical areas to different major functional brain networks. One hundred ninety-eight healthy individuals were examined using resting-state functional MRI. The seeds identified in this study were six sub-cortical deep grey matter regions, namely putamen, pallidum, caudate, thalamus, amygdala and hippocampus. The analysis indicated that the link between the sub-cortical regions and some functional brain networks was similar in some aspects, but there were disparities in the mechanism underlying such a link and in the existence of functional connections between these regions and networks. Despite the substantial functional connectivity linkages between the sub-cortical regions, discrepancies were still noted. On the basis of the connections to the majority of the major brain networks, this study demonstrated the essential functional roles and involvements of the sub-cortical regions. This finding is consistent with an earlier report that revealed a substantial role of the sub-cortical regions in several brain functions.",wos,llm,1.000,unreviewed,,doi:10.1097/wnr.0000000000001881
discarded,Automated Detection of Racial Microaggressions using Machine Learning,"Ali, Omar; Scheidt, Nancy; Gegov, Alexander; Haig, Ella; Adda, Mo; Aziz, Benjamin",2020,2020 IEEE SYMPOSIUM SERIES ON COMPUTATIONAL INTELLIGENCE (SSCI),,https://www.webofscience.com/wos/woscc/full-record/WOS:000682772902069,off-topic-false-hit,"Microaggressions describe subtle often offensive comments or actions made by one individual to another. Typically, such comments or actions are made subconsciously with the offender potentially unaware of the impacts on the recipient. Currently, machine learning methods for racial microaggression detection are sparse with no. one, comparable approach to the one we propose further on. Automated detection in this work describes the method of finding microaggressions through the use of machine-learning algorithms. Efforts have been made for the detection of hate speech and harassment; providing us with a rather humble place to begin, as we explore further, such methods are proven ineffective. We propose a step forward in solving this problem with the demonstration of an automated racial microaggression detection method. Whilst racial hatespeech detection method provides us with an idea as to where we can start, we find further on, that microaggressions and hatespeech use very different features to portray their sentiment. This work aims to provide a technical review which explores the understanding of the automated racial microaggression detection, outlining the definitions of microaggressions currently described in the literature, with the presentation and assessment (through precision, callback and F-measure) of a promising approach in regards to racial microaggression detection. We also intend to analyse a case study in which we detect the presence of racial microaggressions within new reports with the intention of laying a foundation for the potential security-related applications of this work. Our further works begin to discuss this notion in a higher level of detail.",wos,llm,1.000,unreviewed,,hash:bda1e99ea7f2fc54
discarded,A Survey Protocol to Assess Meaningfulness and Usefulness of Automated Topic Finding in the NASA Aviation Safety Reporting System,"Paradis, Carlos; Kazman, Rick; Davies, Misty D.; Hooey, Becky L.",2021,AIAA AVIATION 2021 FORUM,,https://www.webofscience.com/wos/woscc/full-record/WOS:001328052104040,off-topic-false-hit,"Context: The NASA Aviation Safety Reporting System (ASRS) is a voluntary confidential aviation safety reporting system. The ASRS receives reports from pilots, air traffic controllers, flight attendants and other involved in aviation operations. The reports are de-identified and coded by ASRS expert safety analysts and a short descriptive synopsis is written to describe the safety issue. The de-identified reports are then disseminated to the aviation community in a number of ways including entry into an online database, Safety Alert Bulletins and For Your Information Notices, and the CALLBACK newsletter. An opportunity of providing additional identification of safety concerns is with the use of topic modeling. Topic modeling can improve the dissemination of safety concerns by grouping and summarizing large collections of reports simultaneously. However, the generated summaries must be both meaningful and useful.

Aim: We propose a methodology to evaluate whether automated topic finding using topic modeling provides meaningful and useful topics.

Method: We extend the total error survey methodology to evaluate user topic comprehension of machine learning outputs. To accomplish this we performed a literature review to identify existing methods and define a construct for topic comprehension, utilizing existing ASRS synopsis writing practices to more precisely define meaningfulness and usefulness.

Results: Nine responses were obtained providing interpretations of computer-generated topics for evaluation. Participants interpretation of computer-generated topics of report sets, match the title and description of ASRS report sets written separately by analysts.

Conclusion: We conclude computer-generated topics, when grouping adjusted rand index is above 90%, are both meaningful and useful. However, the surveying of user understanding in machine learning outputs presents challenges due to the explosion of parameters to control for and the lack of systematic approach presented in the literature. More reproducible work and survey protocols are needed in the literature and our work is one step towards that direction.",wos,llm,0.990,unreviewed,,hash:36158b2d88f0c33d
discarded,Fine-Grained Topography and Modularity of the Macaque Frontal Pole Cortex Revealed by Anatomical Connectivity Profiles,"He, Bin; Cao, Long; Xia, Xiaoluan; Zhang, Baogui; Zhang, Dan; You, Bo; Fan, Lingzhong; Jiang, Tianzi",2020,NEUROSCIENCE BULLETIN,10.1007/s12264-020-00589-1,https://www.webofscience.com/wos/woscc/full-record/WOS:000584623300002,off-topic-false-hit,"The frontal pole cortex (FPC) plays key roles in various higher-order functions and is highly developed in non-human primates. An essential missing piece of information is the detailed anatomical connections for finer parcellation of the macaque FPC than provided by the previous tracer results. This is important for understanding the functional architecture of the cerebral cortex. Here, combining cross-validation and principal component analysis, we formed a tractography-based parcellation scheme that applied a machine learning algorithm to divide the macaque FPC (2 males and 6 females) into eight subareas using high-resolution diffusion magnetic resonance imaging with the 9.4T Bruker system, and then revealed their subregional connections. Furthermore, we applied improved hierarchical clustering to the obtained parcels to probe the modular structure of the subregions, and found that the dorsolateral FPC, which contains an extension to the medial FPC, was mainly connected to regions of the default-mode network. The ventral FPC was mainly involved in the social-interaction network and the dorsal FPC in the metacognitive network. These results enhance our understanding of the anatomy and circuitry of the macaque brain, and contribute to FPC-related clinical research.",wos,llm,1.000,unreviewed,,doi:10.1007/s12264-020-00589-1
discarded,Binary-centric defense of production operating systems against kernel queue injection attacks,"Wei, Jinpeng; Zhu, Feng",2019,JOURNAL OF COMPUTER VIROLOGY AND HACKING TECHNIQUES,10.1007/s11416-019-00337-8,https://www.webofscience.com/wos/woscc/full-record/WOS:000497507200003,adjacent-subtopic,"Kernel callback queues (KQs) are the established mechanism for event handling in modern kernels. Unfortunately, real-world malware has abused KQs to run malicious logic, through an attack called kernel queue injection (KQI). Current kernel-level defense mechanisms have difficulties with KQI attacks, since they work without necessarily changing legitimate kernel code or data. In this paper, we present the design, implementation, and evaluation of KQguard, an efficient and effective protection mechanism of KQs. KQguard employs static and dynamic analysis of kernel and device drivers to learn specifications of legitimate event handlers. At runtime, KQguard rejects all the unknown KQ requests that cannot be validated. We implement KQguard on the Windows Research Kernel (WRK), Windows XP, and Linux, using source code instrumentation or binary patching. Our extensive experimental evaluation shows that KQguard is effective (i.e., it can have zero false positives against representative benign workloads after enough training and very low false negatives against 125 real-world malware), and it incurs a small overhead (up to similar to 5%). We also present the result of an automated analysis of 1,528 real-world kernel-level malware samples aiming to detect their KQ Injection behaviors. KQguard protects KQs in both Windows and Linux kernels, can accommodate new device drivers, and can support closed source device drivers through dynamic analysis of their binary code.",wos,llm,0.990,unreviewed,,doi:10.1007/s11416-019-00337-8
discarded,Earlier alcohol use onset prospectively predicts changes in functional connectivity,"Nguyen-Louie, Tam T.; Simmons, Alan N.; Squeglia, Lindsay M.; Infante, M. Alejandra; Schacht, Joseph P.; Tapert, Susan F.",2018,PSYCHOPHARMACOLOGY,10.1007/s00213-017-4821-4,https://www.webofscience.com/wos/woscc/full-record/WOS:000428421300010,off-topic-false-hit,"Half of all new alcohol initiates are between 12 and 17 years old. This is a period of intense neurodevelopment, including changes in functional connectivity patterns among higher-order function areas. It is crucial to understand how alcohol-related neurotoxicity may be influenced by drinking onset age.

This study prospectively examined the effects of age of first drink on frontoparietal context-dependent functional connectivity (cdFC) during a visual working memory task. Youth 13.5 years of age (SD = 1.2) underwent a neuropsychological and neuroimaging session before drinking initiation and at follow-up 6 years later. Hierarchical linear regressions examined if youth with earlier ages of onset for first and weekly alcohol use showed higher follow-up cdFC between the dorsolateral prefrontal cortex and posterior parietal cortex regions of interest and whole-brain exploratory regions, controlling for pre-drinking cdFC. Higher follow-up cdFC was hypothesized to be correlated with poorer performances in neuropsychological performance.

Exploratory whole-brain analyses showed that, as hypothesized, earlier ages of weekly drinking onset were associated with higher cdFC between the bilateral posterior cingulate and cortical and subcortical areas implicated in attentional processes, which was in turn associated with poorer performance on neuropsychological tasks of attention, ps < .05. No relationship between age of onset and cdFC between the two ROIs were found.

Earlier ages of weekly alcohol use initiation may adversely affect neurodevelopment by reducing developmentally appropriate integration of attentional circuits during a cognitive challenge. Delaying the onset of weekly alcohol use patterns well after early adolescence may reduce the risk for harm of alcohol use on the brain.",wos,llm,1.000,unreviewed,,doi:10.1007/s00213-017-4821-4
