status,title,authors,year,venue,doi,url,tags,abstract,provider,decision_source,llm_confidence,llm_review_outcome,llm_change_direction,paper_id
discarded,"Design and Development of a Gamified Mobile Learning Application for Remedial Education Using UCD, TTS, and MT19937 Randomization",M.I.R.Y.D. Nahar,2026,2026 International Conference on Cognitive Systems and Computer Interaction Icosci 2026 Proceedings,10.1109/ICoSCI66700.2026.11447755,https://www.scopus.com/inward/record.uri?partnerID=HzOxMe3b&scp=105037319730&origin=inward,adjacent-subtopic,,scopus,llm,0.880,unreviewed,,doi:10.1109/icosci66700.2026.11447755
discarded,Creating Engaging Interfaces with Unity UI and Audio Integration,V. Shrivastava,2026,Lecture Notes in Networks and Systems,10.1007/978-3-032-19672-9_27,https://www.scopus.com/inward/record.uri?partnerID=HzOxMe3b&scp=105039848044&origin=inward,adjacent-subtopic,,scopus,llm,0.910,unreviewed,,doi:10.1007/978-3-032-19672-9_27
discarded,VibeOps: Intelligent Spacecraft Operations Co-Pilot,R.B. Maceiras,2026,AIAA Science and Technology Forum and Exposition AIAA Scitech Forum 2026,10.2514/6.2026-2376,https://www.scopus.com/inward/record.uri?partnerID=HzOxMe3b&scp=105031188491&origin=inward,adjacent-subtopic,,scopus,llm,0.910,unreviewed,,doi:10.2514/6.2026-2376
discarded,UX Design in Digital Game Development: A Systematic Literature Review and Research Agenda,F.F.D. Silva,2026,IEEE Access,10.1109/ACCESS.2026.3652449,https://www.scopus.com/inward/record.uri?partnerID=HzOxMe3b&scp=105028000073&origin=inward,adjacent-subtopic,,scopus,llm,0.890,unreviewed,,doi:10.1109/access.2026.3652449
discarded,"AetherAI: A Modular Laravel-Based Multimodal Content Creation Platform With Unified LLM Orchestration, Tool-Specific Prompt Pipelines, and Subscription-Aware Governance",V. Biksham,2026,Gseact 2026 2026 IEEE Global Symposium on Emerging and Communication Technologies,10.1109/GSEACT68539.2026.11620521,https://www.scopus.com/inward/record.uri?partnerID=HzOxMe3b&scp=105047892990&origin=inward,adjacent-subtopic,,scopus,llm,0.900,unreviewed,,doi:10.1109/gseact68539.2026.11620521
discarded,Early Prediction of Sepsis in Clinical Practice: Review of Current Systems and Implementation Plan Based on Machine Learning,R. Manuel-Florin,2026,Lecture Notes in Networks and Systems,10.1007/978-3-032-28964-3_7,https://www.scopus.com/inward/record.uri?partnerID=HzOxMe3b&scp=105043981630&origin=inward,off-topic-false-hit,,scopus,llm,0.960,unreviewed,,doi:10.1007/978-3-032-28964-3_7
discarded,Evolution of Functional UI Paradigms,M. Sperber,2025,Funarch 2025 Proceedings of the 3rd ACM SIGPLAN International Workshop on Functional Software Architecture Co Located with ICFP Splash 2025,10.1145/3759163.3760429,https://www.scopus.com/inward/record.uri?partnerID=HzOxMe3b&scp=105021397117&origin=inward,supports-claim; adjacent-subtopic,,scopus,llm_reviewed,0.620,changed,kept->discarded,doi:10.1145/3759163.3760429
discarded,MVC-former adaptation: A multi-view convolution transformer-based domain adaptation framework for cross-subject motor imagery classification,Y. Liang,2025,Neurocomputing,10.1016/j.neucom.2025.130875,https://www.scopus.com/inward/record.uri?partnerID=HzOxMe3b&scp=105009033393&origin=inward,off-topic-false-hit,,scopus,llm,0.990,unreviewed,,doi:10.1016/j.neucom.2025.130875
discarded,Occipital condyle fractures revisited,M. Radmard,2025,Emergency Radiology,10.1007/s10140-024-02303-4,https://www.scopus.com/inward/record.uri?partnerID=HzOxMe3b&scp=85211346115&origin=inward,off-topic-false-hit,,scopus,llm,0.990,unreviewed,,doi:10.1007/s10140-024-02303-4
discarded,Design and Development of a Social Running Platform with Personalized Recommendations and Interactive Mapping,L. Wang,2025,Advances in Transdisciplinary Engineering,10.3233/ATDE250257,https://www.scopus.com/inward/record.uri?partnerID=HzOxMe3b&scp=105009845431&origin=inward,adjacent-subtopic,,scopus,llm,0.900,unreviewed,,doi:10.3233/atde250257
discarded,ExaGRyPE: Numerical general relativity solvers based upon the hyperbolic PDEs solver engine ExaHyPE,H. Zhang,2025,Computer Physics Communications,10.1016/j.cpc.2024.109435,https://www.scopus.com/inward/record.uri?partnerID=HzOxMe3b&scp=85209236071&origin=inward,adjacent-subtopic,,scopus,llm,0.930,unreviewed,,doi:10.1016/j.cpc.2024.109435
kept,Integrating formal specifications in the development and testing of UIs by formal model–view–controller pattern,A. Bombarda,2025,International Journal on Software Tools for Technology Transfer,10.1007/s10009-025-00812-2,https://www.scopus.com/inward/record.uri?partnerID=HzOxMe3b&scp=105004825615&origin=inward,supports-claim,,scopus,llm,0.960,unreviewed,,doi:10.1007/s10009-025-00812-2
discarded,AI-powered information system for regional water and soil monitoring,V. Morokhovych,2025,Ceur Workshop Proceedings,,https://www.scopus.com/inward/record.uri?partnerID=HzOxMe3b&scp=105008493935&origin=inward,adjacent-subtopic,,scopus,llm,0.910,unreviewed,,hash:c4bca1b66460614d
discarded,Lean Development of a Mobile Application for Advergames,W. Ausombun,2025,Applied Human Factors and Ergonomics International,10.54941/ahfe1006267,https://www.scopus.com/inward/record.uri?partnerID=HzOxMe3b&scp=105031158694&origin=inward,adjacent-subtopic,,scopus,llm,0.780,unreviewed,,doi:10.54941/ahfe1006267
discarded,Case Report: From multimodality imaging to catheter ablation of ventricular arrhythmias in arrhythmogenic mitral valve prolapse,A. Alzammam,2025,Frontiers in Physiology,10.3389/fphys.2025.1654085,https://www.scopus.com/inward/record.uri?partnerID=HzOxMe3b&scp=105015088427&origin=inward,off-topic-false-hit,,scopus,llm,1.000,unreviewed,,doi:10.3389/fphys.2025.1654085
discarded,Auralens: An Intelligent Hearing Companion for the Hearing Impaiblack using YOLO and Tensor Flow,S. Sudheendran,2025,Proceedings of 5th International Conference on Soft Computing for Security Applications Icscsa 2025,10.1109/ICSCSA66339.2025.11171095,https://www.scopus.com/inward/record.uri?partnerID=HzOxMe3b&scp=105018466157&origin=inward,adjacent-subtopic,,scopus,llm,0.940,unreviewed,,doi:10.1109/icscsa66339.2025.11171095
discarded,PEBS: An efficient patient-enabled blockchain system,V. Pawar,2024,Concurrency and Computation Practice and Experience,10.1002/cpe.8287,https://www.scopus.com/inward/record.uri?partnerID=HzOxMe3b&scp=85204040303&origin=inward,off-topic-false-hit,,scopus,llm,0.920,unreviewed,,doi:10.1002/cpe.8287
discarded,Physical loads on upper extremity muscles while interacting with virtual objects in an augmented reality context,C.H. Lim,2024,Applied Ergonomics,10.1016/j.apergo.2024.104340,https://www.scopus.com/inward/record.uri?partnerID=HzOxMe3b&scp=85197210711&origin=inward,adjacent-subtopic,,scopus,llm,0.980,unreviewed,,doi:10.1016/j.apergo.2024.104340
discarded,Comparative Study: Performance of MVC Frameworks on RDBMS,M.H. Rahman,2024,International Journal of Information Technology and Computer Science,10.5815/ijitcs.2024.01.03,https://www.scopus.com/inward/record.uri?partnerID=HzOxMe3b&scp=85195143427&origin=inward,adjacent-subtopic,,scopus,llm,0.820,unreviewed,,doi:10.5815/ijitcs.2024.01.03
discarded,Sign Language Translation System to People with Hearing Disabilities in Ecuador,D. Vallejo-Huanga,2024,2024 2nd World Conference on Communication and Computing Wconf 2024,10.1109/WCONF61366.2024.10692312,https://www.scopus.com/inward/record.uri?partnerID=HzOxMe3b&scp=85207466940&origin=inward,adjacent-subtopic,,scopus,llm,0.930,unreviewed,,doi:10.1109/wconf61366.2024.10692312
discarded,Towards Modular and Accessible AUV Systems,M. Zhou,2024,Proceedings 2024 IEEE Oes Autonomous Underwater Vehicles Symposium Auv 2024,10.1109/AUV61864.2024.11030404,https://www.scopus.com/inward/record.uri?partnerID=HzOxMe3b&scp=105009594942&origin=inward,adjacent-subtopic,,scopus,llm,0.870,unreviewed,,doi:10.1109/auv61864.2024.11030404
discarded,Dengue Vector Control Mobile Application: Architecture and Features,B. Jitnupong,2024,8th International Conference on Business and Information Management Icbim 2024,10.1109/ICBIM63313.2024.10823399,https://www.scopus.com/inward/record.uri?partnerID=HzOxMe3b&scp=85217384160&origin=inward,adjacent-subtopic,,scopus,llm,0.840,unreviewed,,doi:10.1109/icbim63313.2024.10823399
discarded,Arrhythmogenic Mitral Valve Prolapse: Can We Risk Stratify and Prevent Sudden Cardiac Death?,J.N. Cameron,2024,Arrhythmia and Electrophysiology Review,10.15420/AER.2023.26,https://www.scopus.com/inward/record.uri?partnerID=HzOxMe3b&scp=85202181747&origin=inward,off-topic-false-hit,,scopus,llm,1.000,unreviewed,,doi:10.15420/aer.2023.26
discarded,End-to-End RPA-Like Testing Using Reinforcement Learning,C. Paduraru,2024,Proceedings 2024 IEEE Conference on Software Testing Verification and Validation Icst 2024,10.1109/ICST60714.2024.00045,https://www.scopus.com/inward/record.uri?partnerID=HzOxMe3b&scp=85203812807&origin=inward,adjacent-subtopic,,scopus,llm,0.780,unreviewed,,doi:10.1109/icst60714.2024.00045
discarded,Overcoming cold tumors: a combination strategy of immune checkpoint inhibitors,P. Ouyang,2024,Frontiers in Immunology,10.3389/fimmu.2024.1344272,https://www.scopus.com/inward/record.uri?partnerID=HzOxMe3b&scp=85188601134&origin=inward,off-topic-false-hit,,scopus,llm,1.000,unreviewed,,doi:10.3389/fimmu.2024.1344272
discarded,ETIOLOGICAL FEATURES OF CASES WITH CHEST PAIN IN THE PEDIATRIC CARDIOLOGY OUTPATIENT CLINIC,E. Bostan Çevik,2023,Journal of Kirikkale University Faculty of Medicine,10.24938/kutfd.1345562,https://www.scopus.com/inward/record.uri?partnerID=HzOxMe3b&scp=105048707500&origin=inward,off-topic-false-hit,,scopus,llm,1.000,unreviewed,,doi:10.24938/kutfd.1345562
kept,A component- and message-based architectural style for GUI software,Richard N. Taylor; Nenad Medvidović; Kenneth Mark Anderson; E. James Whitehead; Jason E. Robbins,1995,,10.1145/225014.225042,https://openalex.org/W2143897980,supports-claim,"While a large j7action of application system code is devoted to user interface (U[)fi.mctions,support for reuse in this domain has largely been conjined to creation of UI toolkits (""widgets"").We present a novel architectural style directed at supporting larger grain reuse andjexible system composition.Moreoveq the style supports design of distributed, concurrent, applications.A key aspect of the style is that components are not built with any dependencies on what typically would be considered lower-level components, such as user interface toolkits.Indeed, all components are oblivious to the existence of any components to which notijcation messages are sent.Asynchronous notification messages and asynchronous request messages are the sole basis for inter-component communication.While our focus has been on applications involving graphical user interfaces, the style has the potential for broader applicability.Several trial applications using the style are described~.",openalex,llm,0.950,unreviewed,,doi:10.1145/225014.225042
discarded,Instrumental interaction,Michel Beaudouin-Lafon,2000,,10.1145/332040.332473,https://openalex.org/W2133353349,adjacent-subtopic,"This article introduces a new interaction model called Instrumental Interaction that extends and generalizes the principles of direct manipulation. It covers existing interaction styles, including traditional WIMP interfaces, as well as new interaction styles such as two-handed input and augmented reality. It defines a design space for new interaction techniques and a set of properties for comparing them. Instrumental Interaction describes graphical user interfaces in terms of domain objects and interaction instruments. Interaction between users and domain objects is mediated by interaction instruments, similar to the tools and instruments we use in the real world to interact with physical objects. The article presents the model, applies it to describe and compare a number of interaction techniques, and shows how it was used to create a new interface for searching and replacing text.",openalex,llm,0.740,unreviewed,,doi:10.1145/332040.332473
kept,Refactoring model-view-controller,Stuart A. Hansen; Timothy V. Fossum,2005,Journal of computing sciences in colleges,10.5555/1088791.1088812,https://openalex.org/W1598908642,supports-claim; qualifies-claim; etablering,"Model-view-controller (MVC) is an important architectural design pattern that frequently does not receive the attention it deserves. It is generally treated as a prescriptive design pattern, where students are taught to use three different categories of objects to construct GUI programs. There are subtle and important aspects of MVC that anyone developing GUIs should know. We approach these issues in our classes by taking relatively simple GUI programs and refactoring them. Our emphasis is on examining the strengths and tradeoffs involved with the various design decisions. We illustrate our approach in this paper using a simulated stopwatch.",openalex,llm_reviewed,0.970,confirmed,,doi:10.5555/1088791.1088812
discarded,Implementasi Metode Model View Controller (MVC) Dalam Rancang Bangun Website SMK Yayasan Bakti Prabumulih,Khana Wijaya; Andi Christian,2019,Paradigma - Jurnal Komputer dan Informatika,10.31294/p.v21i1.5092,https://openalex.org/W2939118267,adjacent-subtopic,"Website or site may be defined as a collection of pages displaying text data, still or motion picture data, animation data, sound, video and or all of them, both static and dynamic, forming a series of interconnected buildings in which each linked to the network pages (hyperlinks). The school website has a very important role in education. SMK Bakti Prabumulih Foundation is one of the private schools that have two majors, automotive motorcycle and computer engineering and networking techniques, but this school does not have a website so many people who do not know yet remember this school is still new. In making this website the author also apply the MVC method as an option in the development of the system. The View Controller (MVC) model is a concept introduced by the inventor of Smalltalk (Trygve Reenskaug) to create one type of network data into another data type along with processing (model), isolating from the process of manipulation (controller) and view to be represented on a user interface. This application is made using the programming language Personal Hypertext Preprocessor (PHP) as a programming language and design editor Macromedia Dreamweaver, and MySQL as its database so it can help penginputan data quickly, precisely and efficiently.",openalex,llm,0.830,unreviewed,,doi:10.31294/p.v21i1.5092
discarded,Neuroscope: An Explainable AI Toolbox for Semantic Segmentation and Image Classification of Convolutional Neural Nets,Christian Schorr; Payman Goodarzi; Fei Chen; Tim Dahmen,2021,Applied Sciences,10.3390/app11052199,https://openalex.org/W3135178338,adjacent-subtopic,"Trust in artificial intelligence (AI) predictions is a crucial point for a widespread acceptance of new technologies, especially in sensitive areas like autonomous driving. The need for tools explaining AI for deep learning of images is thus eminent. Our proposed toolbox Neuroscope addresses this demand by offering state-of-the-art visualization algorithms for image classification and newly adapted methods for semantic segmentation of convolutional neural nets (CNNs). With its easy to use graphical user interface (GUI), it provides visualization on all layers of a CNN. Due to its open model-view-controller architecture, networks generated and trained with Keras and PyTorch are processable, with an interface allowing extension to additional frameworks. We demonstrate the explanation abilities provided by Neuroscope using the example of traffic scene analysis.",openalex,llm,0.880,unreviewed,,doi:10.3390/app11052199
discarded,STREAM,Michael E. Caspersen; Michael Kölling,2009,ACM Transactions on Computing Education,10.1145/1513593.1513597,https://openalex.org/W2097910337,adjacent-subtopic,"Programming is recognized as one of seven grand challenges in computing education. Decades of research have shown that the major problems novices experience are composition-based---they may know what the individual programming language constructs are, but they do not know how to put them together. Despite this fact, textbooks, educational practice, and programming education research hardly address the issue of teaching the skills needed for systematic development of programs. We provide a conceptual framework for incremental program development, called Stepwise Improvement, which unifies best practice in modern software development such as test-driven development and refactoring with the prevailing perspective of programming methodology, stepwise refinement. The conceptual framework enables well-defined characterizations of incremental program development. We utilize the conceptual framework to derive a programming process, STREAM, designed specifically for novices. STREAM is a carefully down-scaled version of a full and rich agile software engineering process particularly suited for novices learning object-oriented programming. In using it we hope to achieve two things: to help novice programmers learn faster and better while at the same time laying the foundation for a more thorough treatment of more advanced aspects of software engineering. In this article, two examples demonstrate the application of STREAM. The STREAM process has been taught in the introductory programming courses at our universities for the past three years and the results are very encouraging. We report on a small, preliminary study evaluating the learning outcome of teaching STREAM. The study indicates a positive effect on the development of students’ process competences.",openalex,llm,0.940,unreviewed,,doi:10.1145/1513593.1513597
kept,PHP Framework for Database Management Based on MVC Pattern,Chanchai Supaartagorn,2011,International Journal of Computer Science and Information Technology,10.5121/ijcsit.2011.3219,https://openalex.org/W2322345428,supports-claim,"PHP is a powerful language to develop dynamic and interactive web applications.One of the defining features of PHP is the ease for developers to connect and manipulate a database.PHP prepares the functions for database manipulation.However, database management is done by the Structure Query Language (SQL).Most novice programmers often have trouble with SQL syntax.In this paper, we present the PHP framework for database management based on the MVC pattern.The MVC pattern is very useful for the architecture of web applications, separating the model, view and controller of a web application.The PHP framework encapsulated, common database operations are INSERT, UPDATE, DELETE and SELECT.Developers will not be required to consider the specific SQL statement syntax, just to call it the method in the model module.In addition, we use White-Box testing for the code verification in the model module.Lastly, a web application example is shown to illustrate the process of the PHP framework.",openalex,llm,0.840,unreviewed,,doi:10.5121/ijcsit.2011.3219
discarded,Integration of Gamification Technology in Education,Derviş Kayımbaşıoğlu; Bora Oktekin; Hüseyin Hacı,2016,Procedia Computer Science,10.1016/j.procs.2016.09.460,https://openalex.org/W2536049352,off-topic-false-hit,"Educational system plays crucial role on the development of nations, and the impact of early education empower knowledge acquisition. In this research, technology assisted second language learning (English) with peace context is used to reveal impact of information and communication technologies (ICT)in learning. The study is carried on 5 years old pre-schoolers, representing 4 classes with the average of 17 students in each, and the total of 60 sample students. Knowledge acquisition and tests are conducted with in class gamification training. Tests are first carried out by written assessment, then conducted with technology assisted gamification activity. Results revealed that teaching language with ICT together with gamification context significantly improved language acquisition and awareness of peace concept. Furthermore, observations show that technology assisted learning also minimizes distraction of children and boosts learning curve.",openalex,llm,0.990,unreviewed,,doi:10.1016/j.procs.2016.09.460
discarded,On Compiler Error Messages: What TheySayand What TheyMean,V. Javier Traver,2010,Advances in Human-Computer Interaction,10.1155/2010/602570,https://openalex.org/W1992007857,adjacent-subtopic,"Programmers often encounter cryptic compiler error messages that are difficult to understand and thus difficult to resolve. Unfortunately, most related disciplines, including compiler technology, have not paid much attention to this important aspect that affects programmers significantly, apparently because it is felt that programmers should adapt to compilers. In this article, however, this problem is studied from the perspective of the discipline of human-computer interaction to gain insight into why compiler errors messages make the work of programmers more difficult, and how this situation can be alleviated. Additionally, because poorly designed error messages affect novice programmers more adversely, the problems faced by computer science students while learning to program are analyzed, and the obstacles originated by compilers are identified. Examples of actual compiler error messages are provided and carefully commented. Finally, some possible measures that can be taken are outlined, and some principles for compiler error message design are included.",openalex,llm,0.970,unreviewed,,doi:10.1155/2010/602570
