status,title,authors,year,venue,doi,url,tags,abstract,provider,decision_source,llm_confidence,llm_review_outcome,llm_change_direction,paper_id
discarded,Mining the Usage of Reactive Programming APIs: A Study on GitHub and Stack Overflow,Carlos Zimmerle; Kiev Gama; Fernando Castor; José Murilo Mota Filho,2022,2022 IEEE/ACM 19th International Conference on Mining Software Repositories (MSR),10.1145/3524842.3527966,https://ieeexplore.ieee.org/document/9796297/,adjacent-subtopic,"Conventionally, callbacks and inversion of control have been the main tools to structure event-driven applications. Sadly, those patterns constitute a well-known source of design problems. The Reactive Programming (RP) paradigm has arisen as an approach to mitigate these problems. Yet, little evidence has been provided regarding the advantages of RP, and concerns have also arisen about the API usability of RP libraries given their disparate number of operators. In this work, we conduct a study on GitHub (GH) and Stack Overflow (SO) and explore three Reactive Extensions (Rx) libraries (RxJava, RxJS, and RxSwift) with the most GH projects to understand how much the vast Rx operators are being used. Also, we examine Rx SO posts to complement the results from the GH exploration by understanding the problems faced by RP developers and how they relate with the operators' frequencies found in open source projects. Results reveal that, in spite of its API size, the great majority of the Rx operators are actually being used (95.2%), with only a few, mostly related to RxJava, not being utilized. Also, we unveil 23 topics from SO with more posts concerning the Stream Abstraction (36.4%). Posts related to Dependency Management, Introductory Questions, and iOS Development figure as relevant topics to the community. The findings herein present can not only stimulate advancements in the field by understanding the usage of RP API and the main problems faced by developers, but also help newcomers in identifying the most important operators and the areas that are the most likely to be relevant for a RP application.",ieee,llm,0.820,unreviewed,,doi:10.1145/3524842.3527966
discarded,"Functional Python Programming: Use a functional approach to write succinct, expressive, and efficient Python code",Steven F. Lott; Ricardo Bánffy,2022,"Functional Python Programming: Use a functional approach to write succinct, expressive, and efficient Python code",,https://ieeexplore.ieee.org/document/10163189/,off-topic-false-hit,"Python isn’t all about object-oriented programming. Discover a valuable way of thinking about code design through a function-first approach – and learn when you need to use it. Now with detailed exercises at the end of every chapter! Purchase of the print or Kindle book includes a free eBook in PDF format.Key FeaturesLearn how, when, and why to adopt functional elements in your projectsExplore the Python modules essential to functional programming, like itertools and functoolsRevised to cover new features of Python 3.10, exercises at the end of every chapter, and moreBook DescriptionNot enough developers understand the benefits of functional programming, or even what it is. Author Steven Lott demystifies the approach, teaching you how to improve the way you code in Python and make gains in memory use and performance. Starting from the fundamentals, this book shows you how to apply functional thinking and techniques in a range of scenarios, with examples centered around data cleaning and exploratory data analysis. You’ll learn how to use generator expressions, list comprehensions, and decorators to your advantage. You don’t have to abandon object-oriented design completely, though – you’ll also see how Python’s native object-orientation is used in conjunction with functional programming techniques. By the end of this book, you’ll be well versed in the essential functional programming features of Python, and understand why and when functional thinking helps. You’ll also have all the tools you need to pursue any additional functional topics that are not part of the Python language.What you will learnUse Python’s libraries to avoid the complexities of state-changing classesLeverage built-in higher-order functions to avoid rewriting common algorithmsWrite generator functions to create lazy processingDesign and implement decorators for functional compositionMake use of Python type annotations to describe parameters and results of functionsApply functional programming to concurrency and web servicesExplore the PyMonad library for stateful simulationsWho this book is forThe functional paradigm is very useful for programmers working in data science, but any Python developer who wants to create more reliable, succinct, and expressive code will have much to learn from this book. No prior knowledge of functional programming is required to get started, though Python programming knowledge is assumed. A running Python environment is essential.",ieee,llm,0.930,unreviewed,,hash:555d25666c88e9da
discarded,Functional Programming with C#: Unlock coding brilliance with the power of functional magic,Alex Yagur,2024,Functional Programming with C#: Unlock coding brilliance with the power of functional magic,,https://ieeexplore.ieee.org/document/10769295/,adjacent-subtopic,"Explore functional programming in C# with the help of clear explanations, practical examples, and hands-on exercises and write efficient, modular, and readable codeKey FeaturesMaster functional programming in C# for expressive, modular codeApply advanced concepts such as error handling and asynchronous programming to overcome real-world challengesGain practical coding skills through practical application and self-assessment questionsPurchase of the print or Kindle book includes a free PDF eBookBook DescriptionIn an era where software complexity is increasing by the day, functional programming offers a paradigm that simplifies code maintenance and enhances reliability. Functional Programming with C# takes you on an exhaustive journey into functional programming within C#. The book familiarizes you with the core principles and benefits of functional programming, juxtaposing it with imperative and object-oriented paradigms. You’ll get to grips with the functional features of C# and learn to write expressive, modular code through expressions, pure functions, and higher-order functions. As you advance, you’ll explore advanced concepts such as error handling and asynchronous programming, which will equip you with the practical skills that you need to tackle real-world challenges. By comparing functional programming in C# with other languages and providing additional resources, this book ensures that you’re well-equipped to continue your journey toward mastery in functional programming. By the end of this book, you’ll have gained a thorough understanding of functional programming techniques, such as recursion, memoization, and composition, empowering you to write robust, maintainable code.What you will learnUnderstand the core principles of functional programmingDifferentiate functional, imperative, and OOP paradigmsWrite expressive code with higher-order functionsHandle errors effectively using functional techniquesUtilize asynchronous programming for concurrent tasksGrasp advanced concepts, such as recursion and memoizationWho this book is forThis book is for intermediate-to-advanced C# developers looking to expand their programming paradigm horizons. Software engineers, developers, and programmers familiar with C# and object-oriented programming who want to delve deeper into functional programming concepts will find this book very useful. This book is ideal for professionals aiming to enhance code modularity, readability, and scalability. While prior knowledge of C# is necessary, beginners with a strong grasp of programming fundamentals can also benefit from the clear explanations and practical exercises provided.",ieee,llm,0.960,unreviewed,,hash:278c83cd3cc7d8c2
discarded,Brain Functional Connectivity Characteristics Modulated by Acupuncture in Stroke,Zhicai Hu; Zhen Zhang; Wang Jiang; Guiping Li,2025,2025 44th Chinese Control Conference (CCC),10.23919/CCC64809.2025.11178870,https://ieeexplore.ieee.org/document/11178870/,off-topic-false-hit,"Ischemic stroke patients exhibit significant abnormalities in brain functional connectivity compared to healthy individuals, resulting in disrupted inter-regional information exchange and impairments in higher-order functions such as language and motor skills. Clinical evidence and previous studies suggest that acupuncture at Neiguan (PC6), Renzhong (DU26), and Sanyinjiao (SP6) acupoints can significantly improve stroke symptoms by modulating brain activity. However, how brain functional connectivity in stroke reflects the modulatory effects of acupuncture remains unclear, hindering the development and application of acupuncture techniques. This study constructs brain functional connectivity networks with electroencephalogram (EEG) signals to explore acupuncture modulation effects. Results indicate that acupuncture predominantly influences functional connectivity in the delta and alpha frequency bands. Further analysis revealed four basic functional connectivity modes in the delta band. Acupuncture can modulate the dynamic transitions between these modes, primarily enhancing the stability of the normal modes while reducing abnormal and disordered mode transitions. These findings provide new insights into a new understanding of the brain activity responds in stroke to acupuncture stimulation and highlight its potential to improve brain network dynamics.",ieee,llm,1.000,unreviewed,,doi:10.23919/ccc64809.2025.11178870
discarded,C++ STL Cookbook: Master the latest STL features in C++23 and 26 with practical recipes for modern C++ development,Bill Weinman,2026,C++ STL Cookbook: Master the latest STL features in C++23 and 26 with practical recipes for modern C++ development,,https://ieeexplore.ieee.org/document/11544119/,adjacent-subtopic,"This edition of C++ STL Cookbook features new recipes, updated best practices, and comprehensive coverage of the latest C++23, C++26 features. Perfect for intermediate to advanced developers looking to leverage modern C++ features and techniques. Key FeaturesElevate your code with the latest C++23 strategies and techniques to solve complex programming challenges effectivelyLearn about new features of C++26, and how to implement them.Explore the proposed standardized library and how it integrates with existing C++ applicationsDive into the latest C++23 innovations such as enhanced ranges and advanced concurrency features with new and updated recipesBook DescriptionC++ STL Cookbook is a comprehensive guide that provides practical solutions for mastering the latest features of the C++23 Standard Template Library (STL) through hands-on recipes. Beginning with new features in C++23, this book will help you understand the language's updated mechanics and library features, and offer insights into how they work. Unlike other books, this cookbook takes an implementation-specific, problem-solution approach that will help you overcome hurdles quickly. You'll learn core STL concepts, such as containers, algorithms, utility classes, lambda expressions, iterators, and more, through specific real-world recipes. Building on the success of the first edition, this updated guide includes a new chapter dedicated to the latest features introduced in C++23, such as improved modules, refined ranges, and coroutine-based generators. It also covers essential best practices for writing cleaner and more efficient code, including the use of coroutines, structured bindings, and std::span. Whether you're looking to deepen your understanding of the C++ STL or implement the latest features in your projects, this book provides valuable insights, clear and concise explanations and practical solutions to enhance your C++ programming skills.What you will learnWrite cleaner and more efficient code using modern C++ techniquesImplement and master the latest features introduced in C++23Use the new standard library modules in C++23Learn about new features of C++26, and how to implement themExpand your use of ranges with new components and functionalitiesImplement coroutines for more efficient concurrencyEmploy braced initialization for safer and clearer object creationLeverage std::span for enhanced safety with C-arraysWho this book is forThis book is for intermediate to advanced C++ programmers who want to get the most out of the Standard Template Library in C++23 and C++26, the latest versions of C++. Basic knowledge of coding and C++ concepts is necessary to get started with this book. ",ieee,llm,0.990,unreviewed,,hash:999b710ce7b1b8a0
discarded,C++20 STL Cookbook: Leverage the latest features of the STL to solve real-world problems,Bill Weinman,2022,C++20 STL Cookbook: Leverage the latest features of the STL to solve real-world problems,,https://ieeexplore.ieee.org/document/10162792/,adjacent-subtopic,"Proven techniques to improve the efficiency of your programs using the Standard Template Library (STL)Key FeaturesBecome familiar with the latest features of C++20 and write better code using the STLReduce the development time for your applications and enable faster deploymentGet up and running with the new and leaner STL capabilities introduced in the latest releaseBook DescriptionFast, efficient, and flexible, the C++ programming language has come a long way and is used in every area of the industry to solve many problems. The latest version C++20 will see programmers change the way they code as it brings a whole array of features enabling the quick deployment of applications. This book will get you up and running with using the STL in the best way possible. Beginning with new language features in C++20, this book will help you understand the language's mechanics and library features and offer insights into how they work. Unlike other books, the C++20 STL Cookbook takes an implementation-specific, problem-solution approach that will help you overcome hurdles quickly. You'll learn core STL concepts, such as containers, algorithms, utility classes, lambda expressions, iterators, and more, while working on real-world recipes. This book is a reference guide for using the C++ STL with its latest capabilities and exploring the cutting-edge features in functional programming and lambda expressions. By the end of the book C++20 book, you'll be able to leverage the latest C++ features and save time and effort while solving tasks elegantly using the STL.What you will learnUnderstand the new language features and the problems they can solveImplement generic features of the STL with practical examplesUnderstand standard support classes for concurrency and synchronizationPerform efficient memory management using the STLImplement seamless formatting using std::formatWork with strings the STL way instead of handcrafting C-style codeWho this book is forThis book is for intermediate to advanced C++ programmers who want to get the most out of the Standard Template Library of C++20, the newest version of C++. Basic knowledge of coding and C++ concepts is necessary to get started with this book.",ieee,llm,0.990,unreviewed,,hash:d8cd5a2f3caf0c6a
discarded,"Parallel Programming and Concurrency with C# 10 and .NET 6: A modern approach to building faster, more responsive, and asynchronous .NET applications using C#",Alvin Ashcraft,2022,"Parallel Programming and Concurrency with C# 10 and .NET 6: A modern approach to building faster, more responsive, and asynchronous .NET applications using C#",,https://ieeexplore.ieee.org/document/10162703/,adjacent-subtopic,"Leverage the latest parallel and concurrency features in .NET 6 when building your next application and explore the benefits and challenges of asynchrony, parallelism, and concurrency in .NET via practical examplesKey FeaturesLearn to implement parallel programming and handle concurrency in .NET efficientlySwitch threads while debugging and learn how to monitor specific threads in Visual StudioDiscover how to cancel tasks with callbacks, by polling, or by using a task with wait handlesBook Description.NET has included managed threading capabilities since the beginning, but early techniques had inherent risks: memory leaks, thread synchronization issues, and deadlocks. This book will help you avoid those pitfalls and leverage the modern constructs available in .NET 6 and C# 10, while providing recommendations on patterns and best practices for parallelism and concurrency. Parallel, concurrent, and asynchronous programming are part of every .NET application today, and it becomes imperative for modern developers to understand how to effectively use these techniques. This book will teach intermediate-level .NET developers how to make their applications faster and more responsive with parallel programming and concurrency in .NET and C# with practical examples. The book starts with the essentials of multi-threaded .NET development and explores how the language and framework constructs have evolved along with .NET. You will later get to grips with the different options available today in .NET 6, followed by insights into best practices, debugging, and unit testing. By the end of this book, you will have a deep understanding of why, when, and how to employ parallelism and concurrency in any .NET application.What you will learnPrevent deadlocks and race conditions with managed threadingUpdate Windows app UIs without causing exceptionsExplore best practices for introducing asynchronous constructs to existing codeAvoid pitfalls when introducing parallelism to your codeImplement the producer-consumer pattern with Dataflow blocksEnforce data sorting when processing data in parallel and safely merge data from multiple sourcesUse concurrent collections that help synchronize data across threadsDebug an everyday parallel app with the Parallel Stacks and Parallel Tasks windowsWho this book is forThis book is for beginner to intermediate-level .NET developers who want to employ the latest parallel and concurrency features in .NET when building their applications. Readers should have a solid understanding of the C# language and any version of the .NET Framework or .NET Core.",ieee,llm,0.980,unreviewed,,hash:f6bbb45261e694a1
