status,title,authors,year,venue,doi,url,tags,abstract,provider,decision_source,llm_confidence,llm_review_outcome,llm_change_direction,paper_id
discarded,Comparison between eccentric-focused and slow concentric-eccentric bodyweight exercise training for their effects on physical function and health parameters in older adult,"Katsura, Yoshihiro; Takeda, Noriko; Inami, Takayuki; Yamaguchi, Shota; Takahashi, Sho; Nakamura, Masatoshi; Nosaka, Kazunori",2026,SPORT SCIENCES FOR HEALTH,10.1007/s11332-026-01707-8,https://www.webofscience.com/wos/woscc/full-record/WOS:001718583400001,off-topic-false-hit,"Purpose Bodyweight eccentric exercise training (ET), in which eccentric contractions are prolonged while minimizing the effort for concentric contractions, is shown to improve the physical functions of older adults. No previous study has compared this with bodyweight resistance exercise training in which both concentric and eccentric contractions are performed slowly (CET). We hypothesized that CET would produce better health and fitness outcomes than ET. Methods Healthy older adults (65-89 years) were placed into the ET (n = 21) or CET group (n = 19). Both groups performed several bodyweight resistance exercises at a community center once and at home more than twice a week for 10 weeks. In the exercises, each eccentric contraction was 3 s for both groups, but each concentric contraction was performed with as little effort as possible for ET, but 3 s for CET. Resting heart rate, blood pressure, knee extensor muscle thickness (MT), maximal voluntary contraction strength (MVC), physical function tests (30-s chair stand: CS, 3-m timed up and go: TUG, sit and reach, 6-m walking time: 6WT and static balance) were assessed before and after the 10-week training, and their changes were compared between groups. Results The subjective exercise intensity was lower (P < 0.01) for ET (2.2 +/- 1.8/10) than CET (3.2 +/- 1.7). Greater improvements in resting heart rate, blood pressure, CS, TUG, and 6WT were found for ET than CET, but MT and MVC increased similarly for both groups (P < 0.05). Conclusion These results did not support the hypothesis in the present study design and showed that eccentric-focused training yielded greater benefits than slow concentric-eccentric training.",wos,llm,1.000,unreviewed,,doi:10.1007/s11332-026-01707-8
discarded,Oral phosphodiesterase-5 inhibitor does not augment red blood cell deformability at rest or during handgrip exercise,"Steele, Andrew R.; Kightley-Kauser, Liam A.; McCormick, Jacob; Geerts, Nina K.; Lemkes, Brydie; Dizon, Jonah C.; Carr, Jay M. J. R.; Ainslie, Philip N.",2026,EUROPEAN JOURNAL OF APPLIED PHYSIOLOGY,10.1007/s00421-026-06162-4,https://www.webofscience.com/wos/woscc/full-record/WOS:001711714600001,off-topic-false-hit,"Purpose Red blood cells (RBCs) rely on deformability for oxygen delivery and capillary transit. Sildenafil citrate, a phos-phodiesterase-5 inhibitor (PDE5-i), may enhance RBC deformability via nitric oxide, yet in vivo effects remain unclear. Methods We conducted a double-blind, placebo-controlled study to assess the effects of PDE5-i on cerebral blood flow (CBF), brachial artery (BA) blood flow (Q) and shear stress-specific RBC deformability during handgrip exercise (Baseline [BL], 27.5% and 55% of maximal voluntary contraction [MVC]). Fourteen participants (8F; age: 24 +/- 6) were tested on separate days, before and 60-min following ingestion of sildenafil citrate (100 mg) or placebo. CBF and BA Q were measured using duplex ultrasound and RBC deformability was assessed with a laser-assisted optical rotational red cell analyzer. Results Acute oral administration of PDE5-i had no effect on basal cerebral or BA vascular metrics, including diameter, shear stress, Q, BA shear stress-specific RBC deformability or exercise hyperemia (p > 0.05). Prior to PDE5-i administration, exercise increased RBC deformability [EImax] (BL: 0.55 +/- 0.021; 27.5%MVC: 0.57 +/- 0.014; 55% MVC: 0.58 +/- 0.015 a.u. p < 0.01). However, despite exercise-induced increases in EImax (BL: 0.59 +/- 0.018 a.u. p < 0.01), PDE5-i did not further modify this parameter during a subsequent-bout of handgrip exercise (27.5%: 0.59 +/- 0.017; 55%: 0.59 +/- 0.015 a.u. p > 0.05), a pattern not observed with placebo. EImax did not differ between PDE5-i and placebo at matched exercise intensities post-administration (p > 0.05), indicating no independent effect of PDE5-i on RBC deformability. Conclusion Acute PDE5-i administration does not independently alter RBC deformability or vascular responses, at rest or during handgrip exercise in healthy individuals.",wos,llm,1.000,unreviewed,,doi:10.1007/s00421-026-06162-4
discarded,Osteoarthritis case identification in the million veteran program cohort: Comparison of diagnostic codes versus clinical notes,"Nguyen, Chelsea T.; Richman, Joshua S.; Chiles, Joe W.; Singh, Jasvinder A.; McDonald, Merry-Lynn N.",2026,OSTEOARTHRITIS AND CARTILAGE OPEN,10.1016/j.ocarto.2026.100758,https://www.webofscience.com/wos/woscc/full-record/WOS:001709390900001,off-topic-false-hit,"Objective: This retrospective electronic medical record (EMR)-based cohort study compared osteoarthritis (OA) case identification using diagnostic codes versus clinical notes in the Million Veteran Program (MVP), leveraging the United States (US) Department of Veterans Affairs (VA) Centralized Interactive Phenomics Resource (CIPHER). Design: A random sample of 320 Veterans was evaluated for general OA using ICD-9-CM/ICD-10-CM codes from a published algorithm (PMID:29559693). OA cases required two OA codes at least 30 days apart. Controls had no OA or related codes. Chart abstractions identified OA and joint replacement documentation. A subset of 220 Veterans was reviewed for site-specific OA and joint replacements. Agreement was assessed using Cohen's kappa and Mcnemar's test. Results: Among 320 Veterans, 73 % had chart-documented OA. Agreement for general OA was moderate (kappa = 0.53). In the subset of 220 Veterans, joint-specific agreement was substantial for knee (kappa = 0.63) and hip (kappa = 0.58) but lower for spine (kappa = 0.16), hand (kappa = 0.34), and thumb OA (kappa = 0.12). Agreement was high for hip (kappa = 0.86) and knee replacements (kappa = 0.69). McNemar's test indicated significant asymmetry for general OA, hand OA, and thumb OA, with more instances documented in charts, suggesting under-coding of milder OA phenotypes. No significant asymmetry was observed for knee and hip OA, indicating stronger alignment between chart and coded data. Conclusions: Agreement between diagnostic codes and chart-documented OA varies by joint site, highlighting the need for refined phenotyping algorithms and standardized diagnostic protocols to improve OA detection in Veterans.",wos,llm,1.000,unreviewed,,doi:10.1016/j.ocarto.2026.100758
discarded,"Cannabis use, cognitive function and dementia risk in older adults: observational and genetic analyses","Ishrat, Saba; Levey, Daniel F.; Gelernter, Joel; Ebmeier, Klaus P.; Topiwala, Anya",2026,BMJ MENTAL HEALTH,10.1136/bmjment-2025-302290,https://www.webofscience.com/wos/woscc/full-record/WOS:001702799600001,off-topic-false-hit,"Background The cognitive effects of cannabis use in older adults remain unclear, despite increasing use for medical and recreational purposes in this age group. Objective To investigate associations between cannabis use, cognitive performance and dementia risk in older individuals, using large population cohorts and Mendelian randomisation (MR) to explore potential causal relationships. Methods Observational analyses were conducted using the UK Biobank (UKB) and the US Million Veteran Program (MVP). In UKB, cross-sectional and longitudinal cognitive performance across five domains was compared between lifetime cannabis users (up to 18 975 participants) and non-users (up to 60 598 participants). In MVP, cannabis use disorder (CanUD; n=12 222) was examined in relation to incident all-cause dementia using Cox proportional hazards models. MR analyses assessed potential bidirectional causal relationships between cannabis use, cognitive function and dementia. Findings At baseline, cannabis users performed modestly better on tests of numeric memory (beta=0.07, 95% CI 0.06 to 0.09, p<0.001) and fluid intelligence (beta=0.12, 95% CI 0.10 to 0.13, p<0.001), but no significant differences were observed in longitudinal cognitive change. In MVP, CanUD was not significantly associated with dementia risk (HR=1.11, 95% CI 0.97 to 1.26, p=0.12). MR analyses provided no evidence of a causal relationship between cannabis use and either cognitive performance or dementia risk. Conclusions Cannabis use was not linked to longitudinal cognitive decline or dementia risk. Within the limits of these cohorts, we found no evidence that cannabis use contributes substantially to cognitive ageing or dementia risk in older adults. Further research with detailed exposure assessment and longer follow-up is warranted to confirm these findings. Clinical implications Cannabis use in older adults does not appear linked to faster cognitive decline or higher dementia risk. Occasional or prior use may not substantially affect cognitive ageing, though safety at higher doses or prolonged use remains uncertain. Clinicians should inquire about cannabis history and consider cognitive screening in routine care.",wos,llm,1.000,unreviewed,,doi:10.1136/bmjment-2025-302290
discarded,Impact of hamstring versus quadriceps tendon graft on thigh muscle strength and surface electromyography activity after anterior cruciate ligament reconstruction,"Forquignon, Benjamin; Drenck, Tobias; Krause, Matthias; Akoto, Ralph; Frosch, Karl-heinz; Welsch, Gotz; Korthaus, Alexander; Thurig, Gregoire; Dalos, Dimitris",2026,KNEE SURGERY SPORTS TRAUMATOLOGY ARTHROSCOPY,10.1002/ksa.70342,https://www.webofscience.com/wos/woscc/full-record/WOS:001692382200001,off-topic-false-hit,"Purpose: To compare quadriceps tendon (QT) and hamstring tendon (HT) autografts regarding isometric thigh muscle strength, surface electromyography (sEMG) activity and clinical outcomes following anterior cruciate ligament reconstruction (ACLR). Methods: Sixty patients (HT: n = 36; QT: n = 24) were evaluated at a mean follow-up of 24 months. Maximum isometric strength of knee flexors and extensors was measured and normalised to body weight. Muscle activity of the quadriceps and hamstrings was evaluated using sEMG and normalised to maximum voluntary contraction (MVC). Clinical assessments included the Lachman, Pivot-Shift and Rolimeter tests, as well as patient-reported outcome measures (International Knee Documentation Committee, Lysholm, Tegner activity scale). Results: Limb symmetry index (LSI) values did not differ significantly between the HT and QT group. Within-group analysis showed reduced flexion strength in the HT group (p < 0.001) and reduced extension strength in the QT group (p = 0.045). The HT group demonstrated significantly lower bodyweight-normalised flexion strength compared to the QT group (p = 0.034), with no difference in extension strength (p = 0.184). No significant differences were observed in sEMG activity between graft types or limb sides. Clinical stability and patient-reported outcomes did not differ between groups. Conclusion: Both grafts provide excellent clinical outcomes. No statistically significant differences in muscle activation were detected at midterm follow-up, yet equivalence should not be inferred from this finding. This is one of the first studies to include sEMG analysis during maximum isometric contractions when comparing QT and HT grafts. Persistent graft-specific weaknesses, quadriceps after QT and hamstrings after HT, highlight the need for targeted rehabilitation focusing on the affected muscle group to address these imbalances.Level of Evidence Level III.",wos,llm,1.000,unreviewed,,doi:10.1002/ksa.70342
discarded,Pelvic floor myoelectric excitation and force output across menstrual-cycle phases,C. Ojedo-Martín,2026,BMC Women S Health,10.1186/s12905-026-04406-1,https://www.scopus.com/inward/record.uri?partnerID=HzOxMe3b&scp=105037108027&origin=inward,off-topic-false-hit,,scopus,llm,0.990,unreviewed,,doi:10.1186/s12905-026-04406-1
discarded,The effect of menstrual cycle timing on female elbow flexion force steadiness,C.A. Calkins,2026,Physiological Reports,10.14814/phy2.71018,https://www.scopus.com/inward/record.uri?partnerID=HzOxMe3b&scp=105044422842&origin=inward,off-topic-false-hit,,scopus,llm,0.990,unreviewed,,doi:10.14814/phy2.71018
discarded,Association between deployment and Gulf War Illness and adverse COVID outcomes in a nationwide cohort of 1990–1991 Gulf Era war veterans in the VA’s Million Veteran Program,D.L. White,2026,Plos One,10.1371/journal.pone.0348594,https://www.scopus.com/inward/record.uri?partnerID=HzOxMe3b&scp=105042384428&origin=inward,off-topic-false-hit,,scopus,llm,1.000,unreviewed,,doi:10.1371/journal.pone.0348594
discarded,Reduced task-related quadriceps sEMG and limited functional transfer after 4-week low-load blood flow restriction training: a pilot randomized controlled study,J. Xia,2026,Frontiers in Physiology,10.3389/fphys.2026.1785050,https://www.scopus.com/inward/record.uri?partnerID=HzOxMe3b&scp=105041217687&origin=inward,off-topic-false-hit,,scopus,llm,1.000,unreviewed,,doi:10.3389/fphys.2026.1785050
discarded,"Measuring Plantar Flexor Voluntary Activation and Maximal Voluntary Contraction in a Portable, Seated Method: A Validity and Reliability Study",M.E. Coventry,2026,Journal of Functional Morphology and Kinesiology,10.3390/jfmk11010116,https://www.scopus.com/inward/record.uri?partnerID=HzOxMe3b&scp=105034065809&origin=inward,off-topic-false-hit,,scopus,llm,1.000,unreviewed,,doi:10.3390/jfmk11010116
discarded,The Effects of an Acute Strongman Competition on Electromyographic Responses of the Shoulder Girdle Complex,R. Studnicki,2026,Life,10.3390/life16030477,https://www.scopus.com/inward/record.uri?partnerID=HzOxMe3b&scp=105034310543&origin=inward,off-topic-false-hit,,scopus,llm,1.000,unreviewed,,doi:10.3390/life16030477
discarded,Remote delivery of cancer genetic testing in veterans with metastatic prostate cancer: A Million Veteran Program pilot study,B. Montgomery,2026,Cancer,10.1002/cncr.70283,https://www.scopus.com/inward/record.uri?partnerID=HzOxMe3b&scp=105028999031&origin=inward,off-topic-false-hit,,scopus,llm,1.000,unreviewed,,doi:10.1002/cncr.70283
discarded,Opportunistic Genomic Screening for Familial Hypercholesterolemia to Improve Low-Density Lipoprotein Cholesterol: A Randomized Clinical Trial,J.L. Vassy,2026,JAMA Network Open,10.1001/jamanetworkopen.2025.49664,https://www.scopus.com/inward/record.uri?partnerID=HzOxMe3b&scp=105027007184&origin=inward,off-topic-false-hit,,scopus,llm,0.990,unreviewed,,doi:10.1001/jamanetworkopen.2025.49664
discarded,"A Study on Quantification of Maximum Voluntary Contraction of Quadriceps at Various Functional Knee Range of Motion, Using Surface EMG (sEMG)",S. Dharanipathy,2026,Gazi Medical Journal,10.12996/gmj.2026.4610,https://www.scopus.com/inward/record.uri?partnerID=HzOxMe3b&scp=105044865226&origin=inward,off-topic-false-hit,,scopus,llm,1.000,unreviewed,,doi:10.12996/gmj.2026.4610
discarded,DDD-Enforcer: An AI-Powered Multi-Agent System for Real-Time Domain-Driven Design Enforcement,A.B. Dincoguz,2026,Proceedings 5th International Conference on Informatics and Software Engineering Iisec 2026,10.1109/IISEC69317.2026.11418529,https://www.scopus.com/inward/record.uri?partnerID=HzOxMe3b&scp=105036004131&origin=inward,adjacent-subtopic,,scopus,llm,0.940,unreviewed,,doi:10.1109/iisec69317.2026.11418529
discarded,Sex differences in cannabis- and alcohol-related motor vehicle collisions in three U.S. states with legalized cannabis: A multicenter observational study,W. Wongtanasarasin,2026,Traffic Injury Prevention,10.1080/15389588.2026.2623006,https://www.scopus.com/inward/record.uri?partnerID=HzOxMe3b&scp=105032562407&origin=inward,off-topic-false-hit,,scopus,llm,1.000,unreviewed,,doi:10.1080/15389588.2026.2623006
discarded,Comparison of Suprahyoid Muscle Activation During Inspiratory Muscle Training and the Shaker Exercise: An Exploratory Pilot Study,K. Suyama,2026,Dysphagia,10.1007/s00455-026-10999-4,https://www.scopus.com/inward/record.uri?partnerID=HzOxMe3b&scp=105048820272&origin=inward,off-topic-false-hit,,scopus,llm,0.990,unreviewed,,doi:10.1007/s00455-026-10999-4
discarded,Acute knee extensor torque and muscle oxygenation responses to isometric testing in exercise and non-exercised legs of male adults,C. Sendra-Pérez,2025,Physiological Reports,10.14814/phy2.70680,https://www.scopus.com/inward/record.uri?partnerID=HzOxMe3b&scp=105023453359&origin=inward,off-topic-false-hit,,scopus,llm,1.000,unreviewed,,doi:10.14814/phy2.70680
discarded,Evaluation of the user experience for a point of care molecular test for causes of vaginitis,B. Van Der Pol,2025,BMC Infectious Diseases,10.1186/s12879-025-11304-8,https://www.scopus.com/inward/record.uri?partnerID=HzOxMe3b&scp=105012468975&origin=inward,off-topic-false-hit,,scopus,llm,0.960,unreviewed,,doi:10.1186/s12879-025-11304-8
discarded,Three sets of low-intensity resistance exercises with slow movement and tonic force generation cause more muscular fatigue,T. Yamashita,2025,Journal of Physiological Anthropology,10.1186/s40101-025-00401-x,https://www.scopus.com/inward/record.uri?partnerID=HzOxMe3b&scp=105017756937&origin=inward,off-topic-false-hit,,scopus,llm,1.000,unreviewed,,doi:10.1186/s40101-025-00401-x
discarded,"Eccentric-Only Versus Concentric-Only Isokinetic Strength Training Effects on Maximal Voluntary Eccentric, Concentric and Isometric Contraction Strength: A Systematic Review and Meta-analysis",D. Spudić,2025,Sports Medicine Open,10.1186/s40798-025-00887-w,https://www.scopus.com/inward/record.uri?partnerID=HzOxMe3b&scp=105013888144&origin=inward,off-topic-false-hit,,scopus,llm,1.000,unreviewed,,doi:10.1186/s40798-025-00887-w
discarded,Primary care providers’ perspectives on receiving opportunistic genomic results from a national study: The Million Veteran Program Return Of Actionable Results (MVP-ROAR) Study,A.L. Johannsen,2025,Genetics in Medicine,10.1016/j.gim.2025.101416,https://www.scopus.com/inward/record.uri?partnerID=HzOxMe3b&scp=105003180528&origin=inward,off-topic-false-hit,,scopus,llm,1.000,unreviewed,,doi:10.1016/j.gim.2025.101416
discarded,Proprioceptive Control of Muscle Activation in Aging: Implications for Balance and Fall Risk,Ł. Oleksy,2025,Biology,10.3390/biology14060703,https://www.scopus.com/inward/record.uri?partnerID=HzOxMe3b&scp=105009133107&origin=inward,off-topic-false-hit,,scopus,llm,1.000,unreviewed,,doi:10.3390/biology14060703
discarded,Evaluating a novel maximum desk height equation: Integrating biomechanical safety and anthropometric fit in educational furniture design,E.C. Silva,2025,International Journal of Industrial Ergonomics,10.1016/j.ergon.2025.103756,https://www.scopus.com/inward/record.uri?partnerID=HzOxMe3b&scp=105004567946&origin=inward,off-topic-false-hit,,scopus,llm,0.990,unreviewed,,doi:10.1016/j.ergon.2025.103756
discarded,"Impact of Long-Term Fasting on Skeletal Muscle: Structure, Energy Metabolism and Function Using 31P/1H MRS and MRI",A. Naëgel,2025,Journal of Cachexia Sarcopenia and Muscle,10.1002/jcsm.13773,https://www.scopus.com/inward/record.uri?partnerID=HzOxMe3b&scp=105002443697&origin=inward,off-topic-false-hit,,scopus,llm,0.990,unreviewed,,doi:10.1002/jcsm.13773
discarded,MVP CAN model: Accelerating cancer diagnosis for underserved inpatients to bridge health gaps.,P. Rakita,2025,Journal of Clinical Oncology,10.1200/JCO.2025.43.16_suppl.e13546,https://www.scopus.com/inward/record.uri?partnerID=HzOxMe3b&scp=105035314707&origin=inward,off-topic-false-hit,,scopus,llm,0.990,unreviewed,,doi:10.1200/jco.2025.43.16_suppl.e13546
discarded,"Exercise- and diet-induced glycogen depletion impairs performance during one-legged constant-load, high-intensity exercise in humans",M. Thomassen,2025,Frontiers in Physiology,10.3389/fphys.2025.1564523,https://www.scopus.com/inward/record.uri?partnerID=HzOxMe3b&scp=105014501850&origin=inward,off-topic-false-hit,,scopus,llm,0.990,unreviewed,,doi:10.3389/fphys.2025.1564523
discarded,The impact of muscle oxidative capacity on neuromuscular recovery after exercise-induced muscle damage,C.W. Kipper,2025,European Journal of Applied Physiology,10.1007/s00421-025-06073-w,https://www.scopus.com/inward/record.uri?partnerID=HzOxMe3b&scp=105024003590&origin=inward,off-topic-false-hit,,scopus,llm,0.990,unreviewed,,doi:10.1007/s00421-025-06073-w
discarded,UI/UX Design of Web-Based for Outcome-based Education (OBE) Assessment Information System in Universitas Maritim Raja Ali Haji (UMRAH) Using Prototype Method,M. Pertiwi,2024,Bio Web of Conferences,10.1051/bioconf/202413401006,https://www.scopus.com/inward/record.uri?partnerID=HzOxMe3b&scp=85211251019&origin=inward,adjacent-subtopic,,scopus,llm,0.930,unreviewed,,doi:10.1051/bioconf/202413401006
discarded,Acute Effects of Soft Tissue Modalities on Muscular Ultrasound Characteristics and Isometric Performance,E. Sobolewski,2024,Applied Sciences Switzerland,10.3390/app14177994,https://www.scopus.com/inward/record.uri?partnerID=HzOxMe3b&scp=85203665348&origin=inward,off-topic-false-hit,,scopus,llm,0.990,unreviewed,,doi:10.3390/app14177994
discarded,Model Construction of Higher Education Quality Assurance System Based on Fuzzy Neural Network,L. Mei,2024,Informatica Slovenia,10.31449/inf.v48i10.5676,https://www.scopus.com/inward/record.uri?partnerID=HzOxMe3b&scp=85196948931&origin=inward,off-topic-false-hit,,scopus,llm,0.970,unreviewed,,doi:10.31449/inf.v48i10.5676
