status,title,authors,year,venue,doi,url,tags,abstract,provider,decision_source,llm_confidence,llm_review_outcome,llm_change_direction,paper_id
kept,A Model-View-ViewModel (MVVM) Application Framework for Hearing Impairment Diagnosis,"Waseem Sheikh; Sheikh, Nadeem",2019,arXiv (Cornell University),10.48550/arxiv.1911.08289,https://openalex.org/W2990378974,supports-claim,"Around 466 million people worldwide (over 5% of the world's population) have disabling hearing loss, and out of these 34 million are children. Estimates suggest that by 2050, over 900 million people worldwide will have disabling hearing loss. The annual global cost of unaddressed hearing loss amounts to US$ 750 billion. Early detection of hearing loss can reduce its impact on an individual's life in addition to saving a huge cost. This paper presents the design, implementation, and evaluation of an open-source application framework for hearing impairment diagnosis. The framework is built using the Model-View-ViewModel (MVVM) pattern which separates the development of graphical user interface (GUI) from the development of business and back-end logic. Some of the benefits of the MVVM pattern include reusable components, independent development of GUI and business or back-end logic, flexibility to modify GUI without having to change business or back-end logic, ease of unit testing, and reduced maintenance overhead. The proposed framework along with the open-source code makes it possible to easily extend the application functionality thus enabling other researchers and practitioners to develop their own versions of hearing loss diagnosis applications. The proposed software was evaluated by an otolaryngologist and found to be very beneficial in assisting a clinician to reach a hearing impairment diagnosis conclusion more methodically, swiftly and accurately.",openalex,llm,0.990,unreviewed,,doi:10.48550/arxiv.1911.08289
discarded,Optimization of Model-View-ViewModel (MVVM) Architecture Pattern and RESTfull API on Android-based E-Learning Application,Alfansyah Nori Pratama; Farida Ardiani,2023,International Journal of Computer Applications,10.5120/ijca2023923261,https://openalex.org/W4388913305,adjacent-subtopic,"E-learning or Electronic Learning is a learning system through electronic media which can be interpreted as a form of utilization of information technology in the world of education in the form of an online platform that allows it to be accessed anywhere.E-learning implemented in one of the junior high schools in the city of Yogyakarta is using an online learning platform from geschool.Geschool is an education-based social network intended for online learning.In the utilization of learning activities, the current E-learning has shortcomings, namely to access it always requires an internet connection, causing students to have difficulty getting subject matter in the event of internet problems.In addition, geschool does not have a native android application that can support application performance.One way to support the performance of an application is by applying software architecture patterns.This research is made by applying RESTful API and MVVM architectural design.Model-View-ViewModel (MVVM) is an example of a software architecture pattern that conceptualizes the separation of component interests which separates the graphical interface and data processing.The resulting application was developed using Kotlin and PHP programming languages.The application test results using the Whitebox method state that the application runs smoothly and as expected.By applying the RESTful API architecture design and MVVM architecture pattern, it produces an android-based e-learning application that is lightweight and user friendly.In the future, this research will be developed so that the resulting application has more features.",openalex,llm,0.860,unreviewed,,doi:10.5120/ijca2023923261
discarded,MOBILE,Ángel R. Puerta; Eric Cheng; Tunhow Ou; Justin Min,1999,,10.1145/302979.303124,https://openalex.org/W2025402460,adjacent-subtopic,"Interfhce builders are popular tools for designing and developing graphical user interfaces. These tools, however, are engineering-centered; they operate mainly on windows and widgets. A typical interface builder does not offer any specific support for user-centered interface design, a methodology recognized as critical for effective user interface design. We present MOBILE (Model-Based Inter&xx Layout Editor) an interface building tool that iidly supports user-centered design and that guides the htafhce building process by using user-task models and a knowledge base of interface design guidelines. The approach in MOBILE has the important added benefit of being useful in both top-down and bottom-up interface design strategies.",openalex,llm,0.910,unreviewed,,doi:10.1145/302979.303124
discarded,Effect Of MVVM Architecture Pattern on Android Based Application Performance,Hammamul Achdan Epiloksa; Dana Sulistyo Kusumo; Monterico Adrian,2022,JURNAL MEDIA INFORMATIKA BUDIDARMA,10.30865/mib.v6i4.4545,https://openalex.org/W4320062392,qualifies-claim; adjacent-subtopic,"The performance of android-based mobile applications is very important to pay attention to because performance will be related to how users will feel the experience of the application. This relates to memory usage and CPU usage on android devices when using applications. There are several ways used to improve the performance of android-based mobile applications, one of which is by applying an architecture pattern. The use of the right architecture is expected to produce good performance for android devices when running an application. Therefore, the author conducted a study on whether the application of the MVVM architecture pattern by changing the program code with the refactoring method will affect memory usage, CPU, and code execution time in Android-based applications. This is implemented using the Android Studio application and using android profiler tools to measure the performance of the application.",openalex,llm_reviewed,0.700,changed,kept->discarded,doi:10.30865/mib.v6i4.4545
kept,PENERAPAN POLA ARSITEKTUR MVVM PADA PERANCANGAN APLIKASI PENGADUAN MASYARAKAT BERBASIS ANDROID,Irya Muhammad Riyadhi; Intan Purnamasari; Kamal Prihandani,2023,INFOTECH journal,10.31949/infotech.v9i1.5246,https://openalex.org/W4376255317,supports-claim,"The Model-View-ViewModel (MVVM) architectural pattern can be applied in designing a mobile complaint application. MVVM separates the graphical interface and business processes, making it easier to develop and maintain applications. In an MVVM implementation, event and observer data are separated, observing calls from event listeners are avoided, and state is used for data. The MVVM architectural pattern can also reduce dependencies so that there is no close relationship between the view and the viewmodel. In addition, MVVM can also be used to manage the concentration of Android application development that functions as a public complaint. In this community complaint application it is intended that the public can notify their complaints without having to come to the location of the complaint. In addition, it can make it easier for the authorities to follow up on these complaints, so that the public government can provide better service and be responsive to complaints from the public.",openalex,llm,0.940,unreviewed,,doi:10.31949/infotech.v9i1.5246
kept,A Journey through the Land of Model-View-Design Patterns,Artem Syromiatnikov; Danny Weyns,2014,2014 IEEE/IFIP Conference on Software Architecture,10.1109/WICSA.2014.13,https://ieeexplore.ieee.org/document/6827095/,supports-claim; qualifies-claim; etablering,"Every software program that interacts with a user requires a user interface. Model-View-Controller (MVC) is a common design pattern to integrate a user interface with the application domain logic. MVC separates the representation of the application domain (Model) from the display of the application's state (View) and user interaction control (Controller). However, studying the literature reveals that a variety of other related patterns exists, which we denote with Model-View- (MV) design patterns. This paper discusses existing MV patterns classified in three main families: Model-View-Controller (MVC), Model-View-View Model (MVVM), and Model-View-Presenter (MVP). We take a practitioners' point of view and emphasize the essentials of each family as well as the differences. The study shows that the selection of patterns should take into account the use cases and quality requirements at hand, and chosen technology. We illustrate the selection of a pattern with an example of our practice. The study results aim to bring more clarity in the variety of MV design patterns and help practitioners to make better grounded decisions when selecting patterns.",ieee,llm_reviewed,0.990,confirmed,,doi:10.1109/wicsa.2014.13
kept,A Multidimensional Pivot Table Model Based on MVVM Pattern for Rich Internet Application,Beibei Gao; Shudong Zhang; Naiming Yao,2012,"2012 International Symposium on Computer, Consumer and Control",10.1109/IS3C.2012.16,https://ieeexplore.ieee.org/document/6228239/,supports-claim,"Data warehouse and OLAP provide a powerful support for decision support system. As an effective means of multidimensional data visualization, Pivot table has been widely applied. However, most of the existing multidimensional data exhibition systems based on web mostly have the features of weak interaction, difficult customization and maintenance, poor performance of updating the table structure or submitting and querying repeatedly, as well as not taking full advantage of the client computing resources. In order to solve these problems, this paper proposes a multidimensional Pivot table model based on MVVM pattern, discusses the structures and characteristics of the model, and finally effectively deals with the data exhibition problems for APQSEWS based on the rich Internet application. The model independent of specific platforms is proved strong flexibility, efficiency and scalability.",ieee,llm,0.860,unreviewed,,doi:10.1109/is3c.2012.16
discarded,Data Acquisition System for Underwater In Situ Gamma Radiation Spectrometer,Jianhui Yuan; Ping Cao; Yi Yang; Linhang Li; Zhaoliang Liu; Ziheng Zhou; Zhenyu Sun; Xiaohu Wang; Maoyuan Zhao; Fan Zhou; Wenwen Zheng; Changqin Feng; Zhe Cao; Xiru Huang; Qi An,2021,IEEE Transactions on Nuclear Science,10.1109/TNS.2021.3084300,https://ieeexplore.ieee.org/document/9442771/,adjacent-subtopic,"Radiation measurement at underwater environment helps to get a better understanding on sedimentation, geological structure, radiation monitoring, and so on. However, reports about radiation of natural underwater environment are rare, especially in situ gamma radiation measurement. Two gamma spectrometers are going to be used in underwater in situ radiation measurement. Aiming at different scientific goals, the spectrometers can develop multiple kinds of measurements, including dose and energy spectrum of gamma rays. In this article, a compatible data acquisition (DAQ) system is proposed. The DAQ provides features of readout, visualization, data process algorithm, and file input and output. To benefit from high reusability and low coupling, the Model-View-ViewModel (MVVM) pattern is adopted in the DAQ system. With an application layer protocol based on Modbus, the DAQ can be fully compatible with different spectrometers. Besides supporting of real-time control, the DAQ system also provides a way to program the spectrometers to execute an unmanned mission, so that the spectrometers can load a timetable from a built-in flash memory and run automatically.",ieee,llm,0.820,unreviewed,,doi:10.1109/tns.2021.3084300
discarded,A Model Based Heuristic Design of Web User Interface,Xudong Lu; Jiancheng Wan; JinKui Hou,2007,2007 IEEE International Conference on Information Reuse and Integration,10.1109/IRI.2007.4296589,https://ieeexplore.ieee.org/document/4296589/,adjacent-subtopic,"This paper proposes a PNP model that can support heuristic Web user interface design. Using this method, data information relevant Web user interface is captured by the object presentation model. The operation and navigation among page units expressed by the navigation and interaction model. With the participation of the users and supported by Web user interface design patterns, Web designers can build page presentation models heuristically, which are based on page template. In this way, the Web designers can finish the design of complex Web user interface in a higher abstract level without increasing the design difficulty. In the end, with the help of tools, codes are automatically generated through the model transformation.",ieee,llm,0.950,unreviewed,,doi:10.1109/iri.2007.4296589
discarded,A model-based responsive web user interface development method,Guo Lan; Hua Qing Yi; Wang Ping; Yu Kai; Wang Kun; Xu Jing,2015,2015 6th IEEE International Conference on Software Engineering and Service Science (ICSESS),10.1109/ICSESS.2015.7339075,https://ieeexplore.ieee.org/document/7339075/,adjacent-subtopic,"The wide variety of devices currently available, which is bound to increase in the coming years, posed a number of issues for design cycle the of interactive Web applications. That couldn't develop user interface with high quality such as usability and user experience. So this paper propose that combine responsive design method with Model-based method. Add responsive model in the FMP(F-Function, M-Model, P-Presentation) model so that can make responsive user interface, called it FMr(responsive)P model. And then improve the model translating process based on FMrP and propose some translating guide.",ieee,llm,0.950,unreviewed,,doi:10.1109/icsess.2015.7339075
kept,Presenter First: organizing complex GUI applications for test-driven development,M. Alles; D. Crosby; B. Harleton; G. Pattison; C. Erickson; M. Marsiglia; C. Stienstra,2006,AGILE 2006 (AGILE'06),10.1109/AGILE.2006.43,https://ieeexplore.ieee.org/document/1667590/,supports-claim; provbarhet,"Presenter First (PF) is a technique for organizing source code and development activities to produce fully tested GUI applications from customer stories using test-driven development. The three elements of Presenter First are a strategy for how applications are developed and tested, a variant on the Model View Presenter (MVP) design pattern, and a particular means of composing MVP triads. Presenter tests provide an economical alternative to automated GUI system tests. We have used Presenter First on projects ranging in size from several to a hundred MVP triads. This paper describes MVP creation, composition, scaling, and the tools and process we use. An example C# application illustrates the application of the Presenter First technique.",ieee,llm_reviewed,0.990,confirmed,,doi:10.1109/agile.2006.43
discarded,Superresolution Composite SAR Imaging Method by Hierarchical Pattern With Attributed Scattering Priors,Yue Yang; Shuliang Gui; Qun Wan,2023,IEEE Transactions on Instrumentation and Measurement,10.1109/TIM.2022.3224510,https://ieeexplore.ieee.org/document/9963598/,off-topic-false-hit,"Compared with the ideal point scattering model, the attributed scattering center (ASC) model provides concise and physically relevant description of the man-made targets, such as the vehicles and ships, giving an efficient way to interpret the measurements of high-frequency and wide-angle synthetic aperture radar (SAR). Since the ASC model is complicated, it gives rise to a high-dimensional model parameter estimation problem, leading to a heavy computational burden. Aimed at this problem, in this article, a novel superresolution composite SAR imaging algorithm is proposed based on sparse representation, in which the ASC attributes are estimated by a hierarchical pattern for reducing the computational cost. In the proposed algorithm, the ASC model parameters, classified into three categories, are estimated coarsely via minimum variance pursuit (MVP). Then these coarse estimates are refined jointly using the consensus alternating direction method of multipliers (CADMM) optimization for polarimetric measurements. The spectrum extrapolation and replacement are performed for superresolution and reducing the impact of model mismatch, followed by a fast Fourier transform (FFT)-based operation to efficiently obtain the final superresolution image. The proposed approach not only possesses the ability of superresolution reconstruction with the target nonideal scattering features’ enhancement but also offers the physically relevant attributes on the premise of estimation accuracy improvement and calculation capacity reduction. Extensive experiments are conducted to corroborate the effectiveness of the proposed algorithm.",ieee,llm,1.000,unreviewed,,doi:10.1109/tim.2022.3224510
discarded,Development of a Wiimote-based gesture recognizer in a microprocessor laboratory course,Alberto Lorente-Leal; José Á Fernández-Rodrigues; Juan M. Montero,2010,IEEE EDUCON 2010 Conference,10.1109/EDUCON.2010.5492543,https://ieeexplore.ieee.org/document/5492543/,adjacent-subtopic,"This gesture recognizer, developed by students in a third-year microprocessor-based laboratory course, takes Wii remote (Wiimote) as an input device to estimate the movements of the user and to compare the detected trajectory with the previously learnt movements, in order to carry out the associated actions. Such a cheap state-of-the-art wireless user interface is very attractive for the students and can be used in many interactive applications, from robotics to virtual reality and multimedia presentations. By combining commercially-available hardware, pattern-matching techniques and programming skills, we are able to foster students' interest on developing innovative potentially-marketable systems. This freeware project, implemented as a configurable publicly-available library, can be adapted to the needs of any course or student. In our laboratory this open-source DLL is used for remotely controlling a robot (based on an open-hardware Arduino platform), using a PC and the Wiimote, although the DLL can be integrated in any C, C++, Java or C# project. A GUI application (based on a Model-View-Presenter paradigm) is also provided and can be used as a template for new applications or just for debugging purposes. Although the developed application only uses data from the accelerometers, data from the infrared camera and buttons of the Wiimote is also available.",ieee,llm,0.980,unreviewed,,doi:10.1109/educon.2010.5492543
kept,Mastering Windows Presentation Foundation: Master the art of building modern desktop applications on Windows,Sheridan Yuen,2017,Mastering Windows Presentation Foundation: Master the art of building modern desktop applications on Windows,,https://ieeexplore.ieee.org/document/11130801/,supports-claim,"Master the art of building modern desktop applications on WindowsKey Features[*] Learn how to use the MVVM software architectural pattern and see the benefits of using it with Windows Presentation Fountain (WPF)[*] Explore various ways to enhance efficiency through performance tuning and UI automation[*] Obtain a deep understanding of data validation and understand various methods that suit different situationsBook DescriptionWindows Presentation Foundation is rich in possibilities when it comes to delivering an excellent user experience. This book will show you how to build professional-grade applications that look great and work smoothly. We start by providing you with a foundation of knowledge to improve your workflow – this includes teaching you how to build the base layer of the application, which will support all that comes after it. We’ll also cover the useful details of data binding. Next, we cover the user interface and show you how to get the most out of the built-in and custom WPF controls. The final section of the book demonstrates ways to polish your applications, from adding practical animations and data validation to improving application performance. The book ends with a tutorial on how to deploy your applications and outlines potential ways to apply your new-found knowledge so you can put it to use right away.What you will learn[*] Use MVVM to improve workflow[*] Create visually stunning user interfaces[*] Perform data binds proficiently[*] Implement advanced data validation[*] Locate and resolve errors quickly[*] Master practical animations[*] Improve your applications' performanceWho this book is forThis book is for working developers with a moderate level of knowledge about Windows Presentation Foundation. It will also be of special interest to ambitious individuals who want to know more about application architecture. It is also suitable for those who just want to learn how to build visually stunning user interfaces. ",ieee,llm,0.910,unreviewed,,hash:0584f840a77a388f
kept,ViewModel visualization tool,"Capek, Petr; Kral, Erik; Senkerik, Roman",2016,2016 INTERNATIONAL CONFERENCE ON COMPUTATIONAL SCIENCE & COMPUTATIONAL INTELLIGENCE (CSCI),10.1109/CSCI.2016.280,https://www.webofscience.com/wos/woscc/full-record/WOS:000405582400273,supports-claim,"This article proposes a tool for generating a universal view for ViewModel from Model-View-ViewModel software architectural pattern. In software development processes, it sometimes happens that developers spend a lot of time preparing mockup views for themselves or for quality assurance purposes to provide an option to test implemented features. These mockups are later replaced by a final user interface, so the time spent preparing them is wasted. The aim of this work is to create a tool which will help software engineers to present and test their codes without additional effort.",wos,llm,0.970,unreviewed,,doi:10.1109/csci.2016.280
