status,title,authors,year,venue,doi,url,tags,abstract,provider,decision_source,llm_confidence,llm_review_outcome,llm_change_direction,paper_id
discarded,Can Cooperative Multi-Agent Reinforcement Learning Boost Automatic Web Testing? An Exploratory Study,"Fan, Yujia; Wang, Sinan; Fei, Zebang; Qin, Yao; Li, Huaxuan; Liu, Yepang",2024,"PROCEEDINGS OF 2024 39TH ACM/IEEE INTERNATIONAL CONFERENCE ON AUTOMATED SOFTWARE ENGINEERING, ASE 2024",10.1145/3691620.3694983,https://www.webofscience.com/wos/woscc/full-record/WOS:001353105400002,adjacent-subtopic,"Reinforcement learning (RL)-based web GUI testing techniques have attracted significant attention in both academia and industry due to their ability to facilitate automatic and intelligent exploration of websites under test. Yet, the existing approaches that leverage a single RL agent often struggle to comprehensively explore the vast state space of large-scale websites with complex structures and dynamic content. Observing this phenomenon and recognizing the benefit of multiple agents, we explore the use of Multi-Agent RL (MARL) algorithms for automatic web GUI testing, aiming to improve test efficiency and coverage. However, how to share information among different agents to avoid redundant actions and achieve effective cooperation is a non-trivial problem. To address the challenge, we propose the first MARL-based web GUI testing system, MARG, which coordinates multiple testing agents to efficiently explore a website under test. To share testing experience among different agents, we have designed two data sharing schemes: one centralized scheme with a shared Q-table to facilitate efficient communication, and another distributed scheme with data exchange to decrease the overhead of maintaining Q-tables. We have evaluated MARG on nine popular real-world websites. When configuring with five agents, MARG achieves an average increase of 4.34 and 3.89 times in the number of explored states, as well as a corresponding increase of 4.03 and 3.76 times in the number of detected failures, respectively, when compared to two state-of-the-art approaches. Additionally, compared to independently running the same number of agents, MARG can explore 36.42% more unique web states. These results demonstrate the usefulness of MARL in enhancing the efficiency and performance of web GUI testing tasks.",wos,llm,0.980,unreviewed,,doi:10.1145/3691620.3694983
discarded,Navigating Mobile Testing Evaluation: A Comprehensive Statistical Analysis of Android GUI Testing Metrics,"Lan, Yuanhong; Lu, Yifei; Pan, Minxue; Li, Xuandong",2024,"PROCEEDINGS OF 2024 39TH ACM/IEEE INTERNATIONAL CONFERENCE ON AUTOMATED SOFTWARE ENGINEERING, ASE 2024",10.1145/3691620.3695476,https://www.webofscience.com/wos/woscc/full-record/WOS:001353105400076,adjacent-subtopic,"The prominent role of mobile apps in daily life has underscored the need for robust quality assurance, leading to the development of various automated Android Graphical User Interface (GUI) testing approaches. Code coverage and fault detection are two primary metrics for evaluating the effectiveness of these testing approaches. However, conducting a reliable and robust evaluation based on the two metrics remains challenging, due to the imperfections of the current evaluation system, with a tangle of numerous metric granularities and the interference of multiple nondeterminism in tests. For instance, the evaluation solely based on the mean or total numbers of detected faults lacks statistical robustness, resulting in numerous conflicting conclusions that impede the comprehensive understanding of stakeholders involved in Android testing, thereby hindering the advancement of Android testing methodologies. To mitigate such issues, this paper presents the first comprehensive statistical study of existing Android GUI testing metrics, involving extensive experiments with 8 state-of-the-art testing approaches on 42 diverse apps, examining aspects including statistical significance, correlation, and variation. Our study focuses on two primary areas: (1) The statistical significance and correlation between test metrics and among different metric granularities. (2) The influence of test randomness and test convergence on evaluation results of test metrics. By employing statistical analysis to account for the considerable influence of randomness, we achieve notable findings: (1) Instruction, Executable Lines Of Code (ELOC), and method coverage demonstrate notable consistency across both significance evaluation and mean value evaluation, whereas the evaluation on Fatal Errors compared to Core Vitals, as well as all errors versus the well-selected errors, reveals a similarly high level of consistency. (2) There are evident inconsistencies in the code coverage and fault detection results, indicating both two metrics should be considered for comprehensive evaluation. (3) Code coverage typically exhibits greater stability and robustness in evaluation compared to fault detection, whereas fault detection is quite unstable even with the maximum test rounds ever used in previous research studies. (4) A moderate test duration is sufficient for most approaches to showcase their comprehensive overall effectiveness on most apps in both code coverage and fault detection, indicating the possibility of adopting a moderate test duration to draw preliminary conclusions in Android testing development. These findings inform practical recommendations and support our proposal of an effective framework to enhance future mobile testing evaluations.",wos,llm,0.970,unreviewed,,doi:10.1145/3691620.3695476
discarded,REDQT: a method for automated mobile application GUI testing based on deep reinforcement learning algorithms,F. Wang,2026,Service Oriented Computing and Applications,10.1007/s11761-024-00413-y,https://www.scopus.com/inward/record.uri?partnerID=HzOxMe3b&scp=85197227980&origin=inward,adjacent-subtopic,,scopus,llm,0.960,unreviewed,,doi:10.1007/s11761-024-00413-y
discarded,When GUI-Based Testing of Web Applications Meets Code Review,A. Bauer,2026,Software Testing Verification and Reliability,10.1002/stvr.70024,https://www.scopus.com/inward/record.uri?partnerID=HzOxMe3b&scp=105043333258&origin=inward,adjacent-subtopic,,scopus,llm,0.780,unreviewed,,doi:10.1002/stvr.70024
discarded,A survey on web testing: On the rise of AI and applications in industry,I. Kertusha,2026,Science of Computer Programming,10.1016/j.scico.2026.103473,https://www.scopus.com/inward/record.uri?partnerID=HzOxMe3b&scp=105035569785&origin=inward,adjacent-subtopic,,scopus,llm,0.760,unreviewed,,doi:10.1016/j.scico.2026.103473
discarded,Testing EMF Eclipse Viewers with Plain JUnit Tests,L. Bettini,2026,Advances in Transdisciplinary Engineering,10.3233/ATDE0473,https://www.scopus.com/inward/record.uri?partnerID=HzOxMe3b&scp=105047095872&origin=inward,adjacent-subtopic,,scopus,llm,0.720,unreviewed,,doi:10.3233/atde0473
discarded,From GUI Tests to Conversational Interaction: A New Perspective on App-Specific Voice Assistants,X. Qin,2026,Fse Companion 2026 Proceedings of the 34th ACM International Conference on the Foundations of Software Engineering,10.1145/3803437.3805573,https://www.scopus.com/inward/record.uri?partnerID=HzOxMe3b&scp=105045840299&origin=inward,adjacent-subtopic,,scopus,llm,0.910,unreviewed,,doi:10.1145/3803437.3805573
discarded,AstraGame: Effective and Efficient VLM Agent Serving for Large-Scale Game Testing in an Industry Setting,Y. Guo,2026,Fse Companion 2026 Proceedings of the 34th ACM International Conference on the Foundations of Software Engineering,10.1145/3803437.3805252,https://www.scopus.com/inward/record.uri?partnerID=HzOxMe3b&scp=105045846682&origin=inward,adjacent-subtopic,,scopus,llm,0.970,unreviewed,,doi:10.1145/3803437.3805252
discarded,PerFrame: Monitoring GUI Loading Performance in Mobile Apps via Semantic Distinguish,J. Liu,2026,Proceedings 2026 IEEE ACM 48th International Conference on Software Engineering Software Engineering in Practice ICSE Seip 2026,10.1145/3786583.3786886,https://www.scopus.com/inward/record.uri?partnerID=HzOxMe3b&scp=105047313665&origin=inward,adjacent-subtopic,,scopus,llm,0.980,unreviewed,,doi:10.1145/3786583.3786886
discarded,EVATest: Domain-Oriented Android GUI Testing based on Reward-Guided Retrieval-Augmented Generation,B. Kondeti,2026,Proceedings 2026 IEEE ACM 48th International Conference on Software Engineering New Ideas and Emerging Results ICSE Nier 2026,10.1145/3786582.3786810,https://www.scopus.com/inward/record.uri?partnerID=HzOxMe3b&scp=105044955093&origin=inward,adjacent-subtopic,,scopus,llm,0.980,unreviewed,,doi:10.1145/3786582.3786810
discarded,VLM-Fuzz: Vision language model assisted recursive depth-first search exploration for effective GUI testing of android apps,B.F. Demissie,2026,Empirical Software Engineering,10.1007/s10664-026-10816-4,https://www.scopus.com/inward/record.uri?partnerID=HzOxMe3b&scp=105030039085&origin=inward,adjacent-subtopic,,scopus,llm,0.980,unreviewed,,doi:10.1007/s10664-026-10816-4
discarded,Judge: Effective State Abstraction for Guiding Automated Web GUI Testing,C. Liu,2026,ACM Transactions on Software Engineering and Methodology,10.1145/3736162,https://www.scopus.com/inward/record.uri?partnerID=HzOxMe3b&scp=105031564625&origin=inward,adjacent-subtopic,,scopus,llm,0.970,unreviewed,,doi:10.1145/3736162
discarded,I Will Try to Fix You: Large Language Models for Mobile GUI Test Repair,T. Fulcini,2026,Proceedings 2026 IEEE International Conference on Software Analysis Evolution and Reengineering Companion Saner C 2026,10.1109/SANER-C67878.2026.00052,https://www.scopus.com/inward/record.uri?partnerID=HzOxMe3b&scp=105040755453&origin=inward,adjacent-subtopic,,scopus,llm,0.970,unreviewed,,doi:10.1109/saner-c67878.2026.00052
discarded,"A process-centric review of large language models in graphical user interface testing: architectures, lifecycle impact, and challenges",M.P. Trong,2026,Peerj Computer Science,10.7717/peerj-cs.3695,https://www.scopus.com/inward/record.uri?partnerID=HzOxMe3b&scp=105038201467&origin=inward,adjacent-subtopic,,scopus,llm,0.840,unreviewed,,doi:10.7717/peerj-cs.3695
discarded,A Detection Method for Text Input-Induced Non-Crashing Functional Bugs in Mobile GUI Testing,Q. Liang,2026,2026 9th International Conference on Advanced Electronic Technology Computers and Software Engineering Aetcse 2026,10.1109/AETCSE69203.2026.11504024,https://www.scopus.com/inward/record.uri?partnerID=HzOxMe3b&scp=105041669566&origin=inward,adjacent-subtopic,,scopus,llm,0.970,unreviewed,,doi:10.1109/aetcse69203.2026.11504024
discarded,Automatic GUI testing of Android applications based on Multi-Agent Reinforcement Learning,K. Dodo,2026,Proceedings 2026 IEEE International Conference on Software Testing Verification and Validation Workshops Icstw 2026,10.1109/ICSTW72326.2026.00019,https://www.scopus.com/inward/record.uri?partnerID=HzOxMe3b&scp=105045591644&origin=inward,adjacent-subtopic,,scopus,llm,0.980,unreviewed,,doi:10.1109/icstw72326.2026.00019
discarded,UI-Most: Leveraging Multi-agent Systems for One-Shot Automatic GUI Testing,W. Du,2026,Lecture Notes in Computer Science,10.1007/978-981-95-7084-3_10,https://www.scopus.com/inward/record.uri?partnerID=HzOxMe3b&scp=105040351138&origin=inward,adjacent-subtopic,,scopus,llm,0.970,unreviewed,,doi:10.1007/978-981-95-7084-3_10
discarded,Testing Text Input Components of Web Applications Based on Large Language Models,Y. Zhang,2026,Tien Tzu Hsueh Pao Acta Electronica Sinica,10.12263/DZXB.20250880,https://www.scopus.com/inward/record.uri?partnerID=HzOxMe3b&scp=105044261159&origin=inward,adjacent-subtopic,,scopus,llm,0.970,unreviewed,,doi:10.12263/dzxb.20250880
discarded,Reinforcement Learning System for Validating Graphical User Interfaces on Networking Devices,M. Torres-Umaña,2026,Smart Innovation Systems and Technologies,10.1007/978-981-95-1365-9_16,https://www.scopus.com/inward/record.uri?partnerID=HzOxMe3b&scp=105028163772&origin=inward,adjacent-subtopic,,scopus,llm,0.950,unreviewed,,doi:10.1007/978-981-95-1365-9_16
discarded,On the Soundness and Consistency of LLM Agents for Executing Test Cases Written in Natural Language,S. Salva,2026,International Conference on Evaluation of Novel Approaches to Software Engineering Enase Proceedings,10.5220/0014980700004015,https://www.scopus.com/inward/record.uri?partnerID=HzOxMe3b&scp=105046585491&origin=inward,adjacent-subtopic,,scopus,llm,0.920,unreviewed,,doi:10.5220/0014980700004015
discarded,Leveraging Template Matching for Efficient Android Screenshot Visual Inspection,A. Myrria,2026,Digest of Technical Papers IEEE International Conference on Consumer Electronics,10.1109/ICCE67443.2026.11449809,https://www.scopus.com/inward/record.uri?partnerID=HzOxMe3b&scp=105037382917&origin=inward,adjacent-subtopic,,scopus,llm,0.870,unreviewed,,doi:10.1109/icce67443.2026.11449809
discarded,Utilizing LLMs for Deep Reinforcement Learning States and Bug Detection in Clickable Elements of Web Applications*,Y. Sakai,2026,IEICE Transactions on Information and Systems,10.1587/transinf.2025EDP7248,https://www.scopus.com/inward/record.uri?partnerID=HzOxMe3b&scp=105049030587&origin=inward,adjacent-subtopic,,scopus,llm,0.860,unreviewed,,doi:10.1587/transinf.2025edp7248
discarded,Automated Property-Based Fuzzing for Finding Data Manipulation Errors in Android Apps,J. Sun,2026,IEEE Transactions on Software Engineering,10.1109/TSE.2026.3704631,https://www.scopus.com/inward/record.uri?partnerID=HzOxMe3b&scp=105043165188&origin=inward,adjacent-subtopic,,scopus,llm,0.840,unreviewed,,doi:10.1109/tse.2026.3704631
discarded,A UIA-Vision Dual-Engine Automated Testing Method with Domain-Aware Prompting for Medical Imaging Desktop Application,W. Shiqi,2026,Conference Proceedings 2026 International Conference on Multi Scale Artificial Intelligence Drive Innovation Multi Scale AI Mai 2026,10.1109/MAI69289.2026.11543776,https://www.scopus.com/inward/record.uri?partnerID=HzOxMe3b&scp=105042458884&origin=inward,adjacent-subtopic,,scopus,llm,0.880,unreviewed,,doi:10.1109/mai69289.2026.11543776
discarded,Generating Test Script from Test Procedure to Evaluate the Quality of Graphical User Interface for Web Applications,D.A. Nguyen,2026,Lecture Notes in Networks and Systems,10.1007/978-3-032-18316-3_26,https://www.scopus.com/inward/record.uri?partnerID=HzOxMe3b&scp=105036740307&origin=inward,adjacent-subtopic,,scopus,llm,0.860,unreviewed,,doi:10.1007/978-3-032-18316-3_26
discarded,Test Script Intention Generation for Mobile Application via GUI Image and Code Understanding,S. Yu,2025,ACM Transactions on Software Engineering and Methodology,10.1145/3722105,https://www.scopus.com/inward/record.uri?partnerID=HzOxMe3b&scp=105028005494&origin=inward,adjacent-subtopic,,scopus,llm,0.870,unreviewed,,doi:10.1145/3722105
discarded,ProphetAgent: Automatically Synthesizing GUI Tests from Test Cases in Natural Language for Mobile Apps,Q. Kong,2025,Proceedings of the ACM SIGSOFT Symposium on the Foundations of Software Engineering,10.1145/3696630.3728543,https://www.scopus.com/inward/record.uri?partnerID=HzOxMe3b&scp=105013961463&origin=inward,adjacent-subtopic,,scopus,llm,0.890,unreviewed,,doi:10.1145/3696630.3728543
discarded,Coverage-Guided Multi-entry Testing for Android Applications,J. Fu,2025,Journal of Frontiers of Computer Science and Technology,10.3778/j.issn.1673-9418.2407031,https://www.scopus.com/inward/record.uri?partnerID=HzOxMe3b&scp=105006898102&origin=inward,adjacent-subtopic,,scopus,llm,0.850,unreviewed,,doi:10.3778/j.issn.1673-9418.2407031
discarded,Integrating behavioral semantic analysis in usage-based equivalent tests generation for mobile applications,S. Liu,2025,Science of Computer Programming,10.1016/j.scico.2024.103261,https://www.scopus.com/inward/record.uri?partnerID=HzOxMe3b&scp=85214308978&origin=inward,adjacent-subtopic,,scopus,llm,0.850,unreviewed,,doi:10.1016/j.scico.2024.103261
discarded,cvrip: A Visual GUI Ripping Framework,H. Huang,2025,Journal of Software Evolution and Process,10.1002/smr.70009,https://www.scopus.com/inward/record.uri?partnerID=HzOxMe3b&scp=85219159106&origin=inward,adjacent-subtopic,,scopus,llm,0.900,unreviewed,,doi:10.1002/smr.70009
discarded,ViMoTest: A Tool to Specify ViewModel-Based GUI Test Scenarios Using Projectional Editing,M. Fuksa,2025,2025 IEEE Conference on Software Testing Verification and Validation Icst 2025,10.1109/ICST62969.2025.10988969,https://www.scopus.com/inward/record.uri?partnerID=HzOxMe3b&scp=105007553873&origin=inward,adjacent-subtopic,,scopus,llm,0.700,unreviewed,,doi:10.1109/icst62969.2025.10988969
discarded,Survey on Automated GUI Test Generation Techniques of Mobile Applications,B. Wang,2025,Ruan Jian Xue Bao Journal of Software,10.13328/j.cnki.jos.007313,https://www.scopus.com/inward/record.uri?partnerID=HzOxMe3b&scp=105007051076&origin=inward,adjacent-subtopic,,scopus,llm,0.720,unreviewed,,doi:10.13328/j.cnki.jos.007313
kept,End-to-End Testing in Web Environments: Addressing Practical Challenges,S. Di Meglio,2025,2025 IEEE Conference on Software Testing Verification and Validation Icst 2025,10.1109/ICST62969.2025.10988957,https://www.scopus.com/inward/record.uri?partnerID=HzOxMe3b&scp=105007548641&origin=inward,supports-claim,,scopus,llm,0.750,unreviewed,,doi:10.1109/icst62969.2025.10988957
discarded,Extraction and empirical evaluation of GUI-level invariants as GUI Oracles in mobile app testing,A.A. Yarifard,2025,Information and Software Technology,10.1016/j.infsof.2024.107531,https://www.scopus.com/inward/record.uri?partnerID=HzOxMe3b&scp=85203545379&origin=inward,adjacent-subtopic,,scopus,llm,0.760,unreviewed,,doi:10.1016/j.infsof.2024.107531
discarded,Robotic Visual GUI Testing for Truly Non-Intrusive Test Automation of Touch Screen Applications,J. Qian,2025,IEEE Transactions on Software Engineering,10.1109/TSE.2025.3544441,https://www.scopus.com/inward/record.uri?partnerID=HzOxMe3b&scp=105003090001&origin=inward,adjacent-subtopic,,scopus,llm,0.830,unreviewed,,doi:10.1109/tse.2025.3544441
discarded,Semantic Matching-based Cross-platform Mobile App Test Script Record and Replay via Large Language Models,S.C. YU,2025,Ruan Jian Xue Bao Journal of Software,10.13328/j.cnki.jos.007414,https://www.scopus.com/inward/record.uri?partnerID=HzOxMe3b&scp=105043471492&origin=inward,adjacent-subtopic,,scopus,llm,0.890,unreviewed,,doi:10.13328/j.cnki.jos.007414
discarded,Improving Android GUI Automated Testing via Knowledge-Guided Reinforcement Learning and LLM-Generated Inputs,W. Liu,2025,2025 7th International Conference on Natural Language Processing Icnlp 2025,10.1109/ICNLP65360.2025.11108452,https://www.scopus.com/inward/record.uri?partnerID=HzOxMe3b&scp=105015833290&origin=inward,adjacent-subtopic,,scopus,llm,0.890,unreviewed,,doi:10.1109/icnlp65360.2025.11108452
kept,A Systematic Literature Review on Graphical User Interface Testing Through Software Patterns,A. Kousar,2025,Iet Software,10.1049/sfw2/9140693,https://www.scopus.com/inward/record.uri?partnerID=HzOxMe3b&scp=105002586107&origin=inward,supports-claim,,scopus,llm,0.680,unreviewed,,doi:10.1049/sfw2/9140693
discarded,"A Survey on Visual GUI Testing for Automatic Test Case Generation: Tools, AI Techniques, and Emerging Trends",A.A. Qassem,2025,Proceedings of the International Conference on Software Engineering and Knowledge Engineering Seke,10.18293/SEKE2025-108,https://www.scopus.com/inward/record.uri?partnerID=HzOxMe3b&scp=105018744886&origin=inward,adjacent-subtopic,,scopus,llm,0.730,unreviewed,,doi:10.18293/seke2025-108
kept,Automated test oracles for GUIs,Atif M. Memon; Martha E. Pollack; Mary Lou Soffa,2000,,10.1145/355045.355050,https://openalex.org/W1964446022,supports-claim,"Graphical User Interfaces (GUIs) are critical components of today's software. Because GUIs have different characteristics than traditional software, conventional testing techniques do not apply to GUI software. In previous work, we presented an approach to generate GUI test cases, which take the form of sequences of actions. In this paper we develop a test oracle technique to determine if a GUI behaves as expected for a given test case. Our oracle uses a formal model of a GUI, expressed as sets of objects, object properties, and actions. Given the formal model and a test case, our oracle automatically derives the expected state for every action in the test case. We represent the actual state of an executing GUI in terms of objects and their properties derived from the GUI's execution. Using the actual state acquired from an execution monitor, our oracle automatically compares the expected and actual states after each action to verify the correctness of the GUI for the test case. We implemented the oracle as a component in our GUI testing system, called Planning Assisted Tester for grapHical user interface Systems (PATHS), which is based on AI planning. We experimentally evaluated the practicality and effectiveness of our oracle technique and report on the results of experiments to test and verify the behavior of our version of the Microsoft WordPad's GUI.",openalex,llm,0.940,unreviewed,,doi:10.1145/355045.355050
