status,title,authors,year,venue,doi,url,tags,abstract,provider,decision_source,llm_confidence,llm_review_outcome,llm_change_direction,paper_id
discarded,Determinants of caregivers' acceptance of the malaria vaccine: The case of Bamenda and Bamenda III Health Districts in Cameroon,L.N. Aboki,2026,Public Health in Practice,10.1016/j.puhip.2026.100724,https://www.scopus.com/inward/record.uri?partnerID=HzOxMe3b&scp=105027383984&origin=inward,off-topic-false-hit,,scopus,llm,1.000,unreviewed,,doi:10.1016/j.puhip.2026.100724
discarded,"Vitamins in pediatric skin: Myths, use, and misuse",B. Colao,2026,Clinics in Dermatology,10.1016/j.clindermatol.2026.04.003,https://www.scopus.com/inward/record.uri?partnerID=HzOxMe3b&scp=105036264770&origin=inward,off-topic-false-hit,,scopus,llm,1.000,unreviewed,,doi:10.1016/j.clindermatol.2026.04.003
discarded,Mixed-Methods Study Exploring Motivation to Vape and Perception of Vaping Risk,K.A. Brannon,2026,Nursing Research,10.1097/NNR.0000000000000875,https://www.scopus.com/inward/record.uri?partnerID=HzOxMe3b&scp=105031191133&origin=inward,off-topic-false-hit,,scopus,llm,1.000,unreviewed,,doi:10.1097/nnr.0000000000000875
discarded,The Rising Use of E-Cigarettes: Unveiling the Health Risks and Controversies,P. Sheth,2026,Cardiology in Review,10.1097/CRD.0000000000000666,https://www.scopus.com/inward/record.uri?partnerID=HzOxMe3b&scp=105029388674&origin=inward,off-topic-false-hit,,scopus,llm,1.000,unreviewed,,doi:10.1097/crd.0000000000000666
discarded,"1328: TIME TO TUBE: DOES A CHECKLIST MAKE INTUBATIONS BETTER, FASTER, SAFER?",A. Grewing,2026,Critical Care Medicine,10.1097/01.ccm.0001187308.46556.a3,https://www.scopus.com/inward/record.uri?partnerID=HzOxMe3b&scp=105040333500&origin=inward,off-topic-false-hit,,scopus,llm,1.000,unreviewed,,doi:10.1097/01.ccm.0001187308.46556.a3
discarded,Caregivers’ perspective regarding children’s sun exposure and protection in Greece: an epidemiological study,A. Alexopoulos,2026,European Journal of Dermatology,10.1684/ejd.2026.5061,https://www.scopus.com/inward/record.uri?partnerID=HzOxMe3b&scp=105040064630&origin=inward,off-topic-false-hit,,scopus,llm,1.000,unreviewed,,doi:10.1684/ejd.2026.5061
discarded,Bruner’s Theory of Children’s Narrative and Its Educational Implications,M. Jiang,2026,Journal of Research in Education Sciences,10.6209/JORIES.202603_71(1).0007,https://www.scopus.com/inward/record.uri?partnerID=HzOxMe3b&scp=105036579200&origin=inward,off-topic-false-hit,,scopus,llm,1.000,unreviewed,,doi:10.6209/jories.202603_71(1).0007
discarded,Parental Attitudes Towards Vaccination in Children with Inflammatory Bowel Disease: A Comparative Study,S.I. Erdes,2026,Children,10.3390/children13020238,https://www.scopus.com/inward/record.uri?partnerID=HzOxMe3b&scp=105031255148&origin=inward,off-topic-false-hit,,scopus,llm,1.000,unreviewed,,doi:10.3390/children13020238
discarded,Nature of Scientific Models: The Impact of Media Type on Students’ Epistemological Understanding of the Particle Model,T. Bier,2026,Journal of Chemical Education,10.1021/acs.jchemed.5c00231,https://www.scopus.com/inward/record.uri?partnerID=HzOxMe3b&scp=105027236996&origin=inward,off-topic-false-hit,,scopus,llm,1.000,unreviewed,,doi:10.1021/acs.jchemed.5c00231
discarded,Adaptable planning: a study of in-action adaptation in adventure sports coaches,L. Collins,2026,Sports Coaching Review,10.1080/21640629.2026.2698184,https://www.scopus.com/inward/record.uri?partnerID=HzOxMe3b&scp=105044874618&origin=inward,off-topic-false-hit,,scopus,llm,1.000,unreviewed,,doi:10.1080/21640629.2026.2698184
discarded,The role of visual perception in narrative scene construction: A pilot study with visually impaired children,A. Chiera,2026,Pragmatics and Cognition,10.1075/pc.00053.chi,https://www.scopus.com/inward/record.uri?partnerID=HzOxMe3b&scp=105050715881&origin=inward,off-topic-false-hit,,scopus,llm,1.000,unreviewed,,doi:10.1075/pc.00053.chi
discarded,"The Impact of College Coursework, Out-Of-School Time Activities, and Teaching Experiences on Preservice Teachers’ Scientific Subject Matter Knowledge and Knowledge of Student Misconceptions",R. Wu,2026,Journal of Science Teacher Education,10.1080/1046560X.2026.2713395,https://www.scopus.com/inward/record.uri?partnerID=HzOxMe3b&scp=105047364852&origin=inward,off-topic-false-hit,,scopus,llm,1.000,unreviewed,,doi:10.1080/1046560x.2026.2713395
discarded,Characterization of Communication-Related Safety Events in a Pediatric Quaternary Care Hospital,P. Simmons,2026,Journal of Patient Safety,10.1097/PTS.0000000000001511,https://www.scopus.com/inward/record.uri?partnerID=HzOxMe3b&scp=105039231700&origin=inward,off-topic-false-hit,,scopus,llm,1.000,unreviewed,,doi:10.1097/pts.0000000000001511
discarded,Safety of treatments for children with functional constipation,T.M. van Os,2026,Expert Opinion on Drug Safety,10.1080/14740338.2026.2721396,https://www.scopus.com/inward/record.uri?partnerID=HzOxMe3b&scp=105048207661&origin=inward,off-topic-false-hit,,scopus,llm,1.000,unreviewed,,doi:10.1080/14740338.2026.2721396
discarded,What do people need to know about endocrine disrupting chemicals and health? A mental models approach using focus groups of community-engaged research teams and a national survey,K.E. Boronow,2025,BMC Public Health,10.1186/s12889-025-25561-4,https://www.scopus.com/inward/record.uri?partnerID=HzOxMe3b&scp=105026253635&origin=inward,off-topic-false-hit,,scopus,llm,1.000,unreviewed,,doi:10.1186/s12889-025-25561-4
discarded,Young children's updating of mental representations of story characters and events based on verbal and pictorial information,R. Lee,2025,Journal of Experimental Child Psychology,10.1016/j.jecp.2025.106322,https://www.scopus.com/inward/record.uri?partnerID=HzOxMe3b&scp=105007757646&origin=inward,off-topic-false-hit,,scopus,llm,1.000,unreviewed,,doi:10.1016/j.jecp.2025.106322
discarded,Parent and Participant Perspectives on Research Biopsies in Pediatric Solid Malignancies,M.S. Weaver,2025,Pediatric Blood and Cancer,10.1002/pbc.32059,https://www.scopus.com/inward/record.uri?partnerID=HzOxMe3b&scp=105016561661&origin=inward,off-topic-false-hit,,scopus,llm,1.000,unreviewed,,doi:10.1002/pbc.32059
discarded,"Knowledge and attitude of caregivers regarding sun exposure and protection in pediatric age in Western Region, Saudi Arabia",E. Bahareth,2025,Scientific Reports,10.1038/s41598-025-90577-0,https://www.scopus.com/inward/record.uri?partnerID=HzOxMe3b&scp=85218689355&origin=inward,off-topic-false-hit,,scopus,llm,1.000,unreviewed,,doi:10.1038/s41598-025-90577-0
discarded,Understanding caregivers’ and community influencers’ perspectives on the barriers to childhood immunisation in Northern Nigerian States with public-private partnerships in routine immunisation programme,E.O.E. Etim,2025,BMC Public Health,10.1186/s12889-025-22710-7,https://www.scopus.com/inward/record.uri?partnerID=HzOxMe3b&scp=105003168772&origin=inward,off-topic-false-hit,,scopus,llm,1.000,unreviewed,,doi:10.1186/s12889-025-22710-7
discarded,"Modern family planning method utilization and associated factors among women with disabilities in the Wolaita Zone, Ethiopia: a mixed methods study",K.W. Cherkose,2025,Reproductive Health,10.1186/s12978-025-02125-8,https://www.scopus.com/inward/record.uri?partnerID=HzOxMe3b&scp=105017567750&origin=inward,off-topic-false-hit,,scopus,llm,1.000,unreviewed,,doi:10.1186/s12978-025-02125-8
discarded,"What Do Adolescent Girls Know about Reproductive Health? Insights into Awareness, Attitudes, and Misconceptions among Adolesce nt Girls in South Jakarta High Schools",R. Choirunissa,2025,Bio Web of Conferences,10.1051/bioconf/202519300023,https://www.scopus.com/inward/record.uri?partnerID=HzOxMe3b&scp=105023183571&origin=inward,off-topic-false-hit,,scopus,llm,1.000,unreviewed,,doi:10.1051/bioconf/202519300023
discarded,A Cross-Sectional Assessment of Nutritional Knowledge Gaps and Feasibility of Digital Intervention Among Adolescents Soccer Players in Tunisian Elite Club,S. Layouni,2025,Nutrients,10.3390/nu17223598,https://www.scopus.com/inward/record.uri?partnerID=HzOxMe3b&scp=105023207951&origin=inward,off-topic-false-hit,,scopus,llm,1.000,unreviewed,,doi:10.3390/nu17223598
discarded,Implementation of a proposed algorithm to assess and de-label false penicillin allergy labels in the community,A. Lim,2025,Infection Disease and Health,10.1016/j.idh.2025.04.002,https://www.scopus.com/inward/record.uri?partnerID=HzOxMe3b&scp=105004353131&origin=inward,off-topic-false-hit,,scopus,llm,1.000,unreviewed,,doi:10.1016/j.idh.2025.04.002
discarded,HAMILTON HEIGHTS AND SUGAR HILL: Alexander Hamilton's Old Harlem Neighborhood Through the Centuries,D.S. James,2025,Hamilton Heights and Sugar Hill Alexander Hamilton S Old Harlem Neighborhood Through the Centuries,10.2307/jj.10984392,https://www.scopus.com/inward/record.uri?partnerID=HzOxMe3b&scp=105021691733&origin=inward,off-topic-false-hit,,scopus,llm,1.000,unreviewed,,doi:10.2307/jj.10984392
discarded,Beyond analysing frequencies: Exploring teacher professional vision with epistemic network analysis of teachers’ think-aloud data,R. Stahnke,2025,Learning and Instruction,10.1016/j.learninstruc.2025.102167,https://www.scopus.com/inward/record.uri?partnerID=HzOxMe3b&scp=105007914814&origin=inward,off-topic-false-hit,,scopus,llm,1.000,unreviewed,,doi:10.1016/j.learninstruc.2025.102167
discarded,“Distanced Traveled” Program Increases Interest in Orthopedics in Title I High School Students,O. Taha,2025,Journal of Surgical Education,10.1016/j.jsurg.2025.103628,https://www.scopus.com/inward/record.uri?partnerID=HzOxMe3b&scp=105012507713&origin=inward,off-topic-false-hit,,scopus,llm,1.000,unreviewed,,doi:10.1016/j.jsurg.2025.103628
discarded,"An evaluation of a one-day pain science education event in a 16–18 years school setting targeting pain-related beliefs, knowledge, and behavioural intentions: A mixed-methods, non-randomised controlled trial",J. Mankelow,2025,Musculoskeletal Science and Practice,10.1016/j.msksp.2025.103385,https://www.scopus.com/inward/record.uri?partnerID=HzOxMe3b&scp=105009629199&origin=inward,off-topic-false-hit,,scopus,llm,1.000,unreviewed,,doi:10.1016/j.msksp.2025.103385
discarded,Analysis of the impact of vaccine inserts on vaccination in special health status population in China,T. Feng,2025,Chinese Journal of Preventive Medicine,10.3760/cma.j.cn112150-20241031-00864,https://www.scopus.com/inward/record.uri?partnerID=HzOxMe3b&scp=105015984359&origin=inward,off-topic-false-hit,,scopus,llm,1.000,unreviewed,,doi:10.3760/cma.j.cn112150-20241031-00864
discarded,"Observable properties of higher order functions that dynamically create local names, or: What's new?",Andrew M. Pitts; Ian Stark,1993,Lecture notes in computer science,10.1007/3-540-57182-5_8,https://openalex.org/W1815958522,off-topic-false-hit,,openalex,llm,0.970,unreviewed,,doi:10.1007/3-540-57182-5_8
discarded,Counterfeit Object-oriented Programming: On the Difficulty of Preventing Code Reuse Attacks in C++ Applications,Félix Schuster; Thomas Tendyck; Christopher Liebchen; Lucas Davi; Ahmad‐Reza Sadeghi; Thorsten Holz,2015,,10.1109/sp.2015.51,https://openalex.org/W1538332098,off-topic-false-hit,"Code reuse attacks such as return-oriented programming (ROP) have become prevalent techniques to exploit memory corruption vulnerabilities in software programs. A variety of corresponding defenses has been proposed, of which some have already been successfully bypassed -- and the arms race continues. In this paper, we perform a systematic assessment of recently proposed CFI solutions and other defenses against code reuse attacks in the context of C++. We demonstrate that many of these defenses that do not consider object-oriented C++ semantics precisely can be generically bypassed in practice. Our novel attack technique, denoted as counterfeit object-oriented programming (COOP), induces malicious program behavior by only invoking chains of existing C++ virtual functions in a program through corresponding existing call sites. COOP is Turing complete in realistic attack scenarios and we show its viability by developing sophisticated, real-world exploits for Internet Explorer 10 on Windows and Fire fox 36 on Linux. Moreover, we show that even recently proposed defenses (CPS, T-VIP, vfGuard, and VTint) that specifically target C++ are vulnerable to COOP. We observe that constructing defenses resilient to COOP that do not require access to source code seems to be challenging. We believe that our investigation and results are helpful contributions to the design and implementation of future defenses against control flow hijacking attacks.",openalex,llm,1.000,unreviewed,,doi:10.1109/sp.2015.51
discarded,Eight Problems for the Mirror Neuron Theory of Action Understanding in Monkeys and Humans,Gregory S. Hickok,2009,Journal of Cognitive Neuroscience,10.1162/jocn.2009.21189,https://openalex.org/W2135099359,off-topic-false-hit,"The discovery of mirror neurons in macaque frontal cortex has sparked a resurgence of interest in motor/embodied theories of cognition. This critical review examines the evidence in support of one of these theories, namely, that mirror neurons provide the basis of action understanding. It is argued that there is no evidence from monkey data that directly tests this theory, and evidence from humans makes a strong case against the position.",openalex,llm,1.000,unreviewed,,doi:10.1162/jocn.2009.21189
discarded,Dysconnectivity of Multiple Resting-State Networks Associated With Higher-Order Functions in Sensorineural Hearing Loss,Ying Luan; Congxiao Wang; Yun Jiao; Tianyu Tang; Jian Zhang; Gao‐Jun Teng,2019,Frontiers in Neuroscience,10.3389/fnins.2019.00055,https://openalex.org/W2914212496,off-topic-false-hit,"Objects: Sensorineural hearing loss (SNHL) involves wide-ranging functional reorganization, and is associated with accumulating risk of cognitive and emotional dysfunction. The coordination of multiple functional networks supports normal brain functions. Here, we aimed to evaluate the functional connectivity (FC) patterns involving multiple resting-state networks (RSNs), and the correlations between the functional remodeling of RSNs and the potential cognitive or emotional impairments in SNHL. Methods: Thirty long-term bilateral SNHL patients and thirty-nine well-matched healthy controls were recruited for assessment of resting-state functional magnetic resonance imaging (rs-fMRI) and neuropsychological tests. Results: Using independent component analysis (ICA), 11 RSNs were identified. Relative to the healthy controls, patients with SNHL presented apparent abnormalities of intra-network FC involving right frontoparietal network (rFPN), posterior temporal network (pTMN) and sensory motor network (SMN). Disrupted between-network FC was also revealed in the SNHL patients across both higher-order cognitive control networks and multiple sensory networks. Eight of the eleven RSNs showed altered functional synchronization using a seed network to whole brain FC method, particularly in the ventromedial prefrontal cortex (vmPFC). In addition, these functional abnormalities were correlated with cognition- and emotion-related performances. Interpretations: These findings supported our hypotheses that long-term SNHL involves notable dysconnectivity of multiple RSNs. Our study provides important insights into the pathophysiological mechanisms of SNHL, and sheds lights on the neural substrates underlying the possible cognitive and emotional dysfunctions following SNHL.",openalex,llm,1.000,unreviewed,,doi:10.3389/fnins.2019.00055
discarded,DeepCoder: Learning to Write Programs,Matej Balog; Alexander L. Gaunt; Marc Brockschmidt; Sebastian Nowozin; Daniel Tarlow,2016,arXiv (Cornell University),10.48550/arxiv.1611.01989,https://openalex.org/W2550100435,off-topic-false-hit,"We develop a first line of attack for solving programming competition-style problems from input-output examples using deep learning. The approach is to train a neural network to predict properties of the program that generated the outputs from the inputs. We use the neural network's predictions to augment search techniques from the programming languages community, including enumerative search and an SMT-based solver. Empirically, we show that our approach leads to an order of magnitude speedup over the strong non-augmented baselines and a Recurrent Neural Network approach, and that we are able to solve problems of difficulty comparable to the simplest problems on programming competition websites.",openalex,llm,0.990,unreviewed,,doi:10.48550/arxiv.1611.01989
discarded,RCV1: A New Benchmark Collection for Text Categorization Research,David D. Lewis; Yiming Yang; Tony G. Rose; Fan Li,2004,Goldsmiths (University of London),10.5555/1005332.1005345,https://openalex.org/W2150102617,off-topic-false-hit,"Reuters Corpus Volume I (RCV1) is an archive of over 800,000 manually categorized newswire stories recently made available by Reuters, Ltd. for research purposes.Use of this data for research on text categorization requires a detailed understanding of the real world constraints under which the data was produced.Drawing on interviews with Reuters personnel and access to Reuters documentation, we describe the coding policy and quality control procedures used in producing the RCV1 data, the intended semantics of the hierarchical category taxonomies, and the corrections necessary to remove errorful data.We refer to the original data as RCV1-v1, and the corrected data as RCV1-v2.We benchmark several widely used supervised learning methods on RCV1-v2, illustrating the collection's properties, suggesting new directions for research, and providing baseline results for future studies.We make available detailed, per-category experimental results, as well as corrected versions of the category assignments and taxonomy structures, via online appendices.",openalex,llm,1.000,unreviewed,,doi:10.5555/1005332.1005345
discarded,The development of executive function in early childhood.,Philip David Zelazo; Ulrich Müller; Douglas A. Frye; Stuart Marcovitch; Gina Argitis; Janet J. Boseovski; Jackie K. Chiang; Donaya Hongwanishkul; Barbara Valeska Schuster; Alexandra Sutherland,2003,PubMed,10.1111/j.0037-976x.2003.00260.x,https://openalex.org/W1608468198,off-topic-false-hit,"According to the Cognitive Complexity and Control (CCC) theory, the development of executive function can be understood in terms of age-related increases in the maximum complexity of the rules children can formulate and use when solving problems. This Monograph describes four studies (9 experiments) designed to test hypotheses derived from the CCC theory and from alternative theoretical perspectives on the development of executive function (memory accounts, inhibition accounts, and redescription accounts). Each study employed a version of the Dimensional Change Card Sort (DCCS), in which children are required first to sort cards by one pair of rules (e.g., color rules: ""If red then here, if blue then there""), and then sort the same cards by another, incompatible pair of rules (e.g., shape rules). Study 1 found that although most 3- to 4-year-olds failed the standard version of this task (i.e., they perseverated on the preswitch rules during the postswitch phase), they usually performed well when they were required to use four rules (including bidimensional rules) and those rules were not in conflict (i.e., they did not require children to respond in two different ways to the same test card). These findings indicate that children's perseveration cannot be attributed in a straightforward fashion to limitations in children's memory capacity. Study 2 examined the circumstances in which children can use conflicting rules. Three experiments demonstrated effects of rule dimensionality (uni- vs. bidimensional rules) but no effects of stimulus characteristics (1 vs. 2 test cards; spatially integrated vs. separated stimuli). Taken together, these studies suggest that conflict among rules is a key determinant of difficulty, but that conflict interacts with dimensionality. Study 3 examined what types of conflict pose problems for 3- to 4-year-olds by comparing performance on standard, Partial Change, and Total Change versions of the DCCS. Results revealed effects of conflict at the level of specific rules (e.g., ""If red, then there""), rather than specific stimulus configurations or dimensions per se, indicating that activation of the preswitch rules persists into the postswitch phase. Study 4 examined whether negative priming also contributes to difficulty on the DCCS. Two experiments suggested that the active selection of preswitch rules against a competing alternative results in the lasting suppression of the alternative. Taken together, the results of these studies provide the basis for a revision of the CCC theory (CCC-r) that specifies more clearly the circumstances in which children will have difficulty using rules at various levels of complexity, provides a more detailed account of how to determine the complexity of rules required in a task, takes account of both the activation and inhibition of rules as a function of experience, and highlights the importance of taking intentionality seriously in the study of executive function.",openalex,llm,1.000,unreviewed,,doi:10.1111/j.0037-976x.2003.00260.x
