status,title,authors,year,venue,doi,url,tags,abstract,provider,decision_source,llm_confidence,llm_review_outcome,llm_change_direction,paper_id
discarded,The SpiNNaker Project,Steve B. Furber; Francesco Galluppi; Steve Temple; Luis A. Plana,2014,Proceedings of the IEEE,10.1109/jproc.2014.2304638,https://openalex.org/W2159951683,adjacent-subtopic,"The spiking neural network architecture (SpiNNaker) project aims to deliver a massively parallel million-core computer whose interconnect architecture is inspired by the connectivity characteristics of the mammalian brain, and which is suited to the modeling of large-scale spiking neural networks in biological real time. Specifically, the interconnect allows the transmission of a very large number of very small data packets, each conveying explicitly the source, and implicitly the time, of a single neural action potential or “spike.” In this paper, we review the current state of the project, which has already delivered systems with up to 2500 processors, and present the real-time event-driven programming model that supports flexible access to the resources of the machine and has enabled its use by a wide range of collaborators around the world.",openalex,llm,0.990,unreviewed,,doi:10.1109/jproc.2014.2304638
kept,Event-driven programming is simple enough for CS1,Kim B. Bruce; Andrea Danyluk; Thomas P. Murtagh,2001,,10.1145/377435.377440,https://openalex.org/W2028965276,qualifies-claim; events-first,"We have recently designed a CS 1 course that integrates event-driven programming from the very start. Our experience teaching this course runs counter to the prevailing sense that these techniques would add complexity to the content of CS 1. Instead, we found that they were simple to present and that they also simplified the presentation of other material in the course. In this paper, we explain the approach we used to introduce event-driven methods and discuss the factors underlying our success.",openalex,llm_reviewed,1.000,confirmed,,doi:10.1145/377435.377440
kept,Event-driven programming is simple enough for CS1,Kim B. Bruce; Andrea Danyluk; Thomas P. Murtagh,2001,ACM SIGCSE Bulletin,10.1145/507758.377440,https://openalex.org/W4255419456,qualifies-claim; events-first,"We have recently designed a CS 1 course that integrates event-driven programming from the very start. Our experience teaching this course runs counter to the prevailing sense that these techniques would add complexity to the content of CS 1. Instead, we found that they were simple to present and that they also simplified the presentation of other material in the course. In this paper, we explain the approach we used to introduce event-driven methods and discuss the factors underlying our success.",openalex,llm_reviewed,1.000,confirmed,,doi:10.1145/507758.377440
discarded,Dynodroid: an input generation system for Android apps,Aravind Machiry; Rohan Tahiliani; Mayur Naik,2013,,10.1145/2491411.2491450,https://openalex.org/W2013856010,adjacent-subtopic,"We present a system Dynodroid for generating relevant inputs to unmodified Android apps. Dynodroid views an app as an event-driven program that interacts with its environment by means of a sequence of events through the Android framework. By instrumenting the framework once and for all, Dynodroid monitors the reaction of an app upon each event in a lightweight manner, using it to guide the generation of the next event to the app. Dynodroid also allows interleaving events from machines, which are better at generating a large number of simple inputs, with events from humans, who are better at providing intelligent inputs.",openalex,llm,0.990,unreviewed,,doi:10.1145/2491411.2491450
discarded,Befriending Computer Programming: A Proposed Approach to Teaching Introductory Programming,Iwona Miliszewska; Grace Tan,2007,Informing Science and IT Education Conference,10.28945/3095,https://openalex.org/W1512623932,adjacent-subtopic,"The problems encountered by students in first year computer programming units are a common concern in many universities including Victoria University. A fundamental component of a computer science curriculum, computer programming is a mandatory unit in a computing course. It is also one of the most feared and hated units by many novice computing students who, having failed or performed poorly in a programming unit, often drop out from a course. This article discusses some of the difficulties experienced by first year programming students, and reviews some of the initiatives undertaken to counter the problems. The article also reports on the first stage of a current research project at Victoria University that aims to develop a balanced approach to teaching first year programming units; its goal is to ‘befriend’ computer programming to help promote success among new programming students.",openalex,llm,0.930,unreviewed,,doi:10.28945/3095
discarded,Befriending Computer Programming: A Proposed Approach to Teaching Introductory Programming,Iwona Miliszewska; Grace Tan,2007,Issues in Informing Science and Information Technology,10.28945/950,https://openalex.org/W4234979349,adjacent-subtopic,"An international association advancing the multidisciplinary study of informing systems. Founded in 1998, the Informing Science Institute (ISI) is a global community of academics shaping the future of informing science.",openalex,llm,0.910,unreviewed,,doi:10.28945/950
kept,Frameworks in CS1,Henrik Bærbak Christensen; Michael E. Caspersen,2002,,10.1145/544414.544438,https://openalex.org/W2043082703,qualifies-claim; events-first,"In this paper we argue that introducing object-oriented frameworks as subject already in the CS1 curriculum is important if we are to train the programmers of tomorrow to become just as much software reusers as software producers. We present a simple, graphical, framework that we have successfully used to introduce the principles of object-oriented frameworks to students at the introductory programming level. Our framework, while simple, introduces central abstractions such as inversion of control, event-driven programming, and variability points/hot-spots. This has provided a good starting point for introducing graphical user interface frameworks such as Java Swing and AWT as the students are not overwhelmed by all the details of such frameworks right away but given a conceptual road-map and practical experience that allow them to cope with the complexity.",openalex,llm_reviewed,0.950,confirmed,,doi:10.1145/544414.544438
discarded,"Model-based, event-driven programming paradigm for interactive web applications",Aleksandar Milicevic; Daniel Jackson; Milos Gligoric; Darko Marinov,2013,,10.1145/2509578.2509588,https://openalex.org/W2124776613,adjacent-subtopic,"Applications are increasingly distributed and event-driven. Advances in web frameworks have made it easier to program standalone servers and their clients, but these applications remain hard to write. A model-based programming paradigm is proposed that allows a programmer to represent a distributed application as if it were a simple sequential program, with atomic actions updating a single, shared global state. A runtime environment executes the program on a collection of clients and servers, automatically handling (and hiding from the programmer) complications such as network communication (including server push), serialization, concurrency and races, persistent storage of data, and queuing and coordination of events.",openalex,llm,0.990,unreviewed,,doi:10.1145/2509578.2509588
discarded,MONAI: An open-source framework for deep learning in healthcare,"M. Jorge Cardoso; Wenqi Li; Richard Brown; Nic Ma; Eric Kerfoot; Yiheng Wang; Benjamin Murrey; Andriy Myronenko; Can Hui Zhao; Yang, Dong; Vishwesh Nath; Yufan He; Ziyue Xu; Ali Hatamizadeh; Andriy Myronenko; Wentao Zhu; Yun Liu; Mingxin Zheng; Yucheng Tang; Isaac Yang; Michael Zephyr; Behrooz Hashemian; Sachidanand Alle; Mohammad Zalbagi Darestani; Charlie Budd; Marc Modat; Tom K. Vercauteren; Guotai Wang; Yiwen Li; Yipeng Hu; Yunguan Fu; Benjamin M. Gorman; Hans J. Johnson; Brad W. Genereaux; Barbaros S. Erdal; Gupta, Vikash; Andres Diaz‐Pinto; Andre Dourson; Lena Maier‐Hein; Paul F. Jaeger; Michael Baumgartner; Jayashree Kalpathy-Cramer; Mona G. Flores; Justin Kirby; Lee Cooper; Holger R. Roth; Daguang Xu; David Bericat; Ralf Omar Floca; S. Kevin Zhou; Haris Shuaib; Keyvan Farahani; Klaus Hermann Maier-Hein; Stephen Aylward; Dogra, Prerna; Sébastien Ourselin; Andrew Feng",2022,arXiv (Cornell University),10.48550/arxiv.2211.02701,https://openalex.org/W4308610041,off-topic-false-hit,"Artificial Intelligence (AI) is having a tremendous impact across most areas of science. Applications of AI in healthcare have the potential to improve our ability to detect, diagnose, prognose, and intervene on human disease. For AI models to be used clinically, they need to be made safe, reproducible and robust, and the underlying software framework must be aware of the particularities (e.g. geometry, physiology, physics) of medical data being processed. This work introduces MONAI, a freely available, community-supported, and consortium-led PyTorch-based framework for deep learning in healthcare. MONAI extends PyTorch to support medical data, with a particular focus on imaging, and provide purpose-specific AI model architectures, transformations and utilities that streamline the development and deployment of medical AI models. MONAI follows best practices for software-development, providing an easy-to-use, robust, well-documented, and well-tested software framework. MONAI preserves the simple, additive, and compositional approach of its underlying PyTorch libraries. MONAI is being used by and receiving contributions from research, clinical and industrial teams from around the world, who are pursuing applications spanning nearly every aspect of healthcare.",openalex,llm,0.990,unreviewed,,doi:10.48550/arxiv.2211.02701
kept,Using graphics to support the teaching of fundamental object-oriented principles in CS1,Carl Alphonce; Phil Ventura,2003,,10.1145/949344.949391,https://openalex.org/W2027074107,qualifies-claim,"Teaching object-oriented programming in CS1 is hard. Keeping the attention of CS1 students is perhaps even harder. In our experience the former can be done successfully with very satisfying results by focusing on the fundamental principles of object-orientation, such as inheritance, polymorphism and encapsulation. The latter can be done by having students create graphical event-driven programs. Care must be taken, however, since teaching graphics can easily distract students and certainly takes time away from the fundamentals being taught. We use Java as a vehicle for OO instruction, but rather than expose CS1 students to the intricacies of Swing we employ an elegant and small graphics package called NGP. NGP allows students to create event-driven graphical programs using only inheritance and method overriding. We describe how we use NGP to enhance rather than detract from our teaching of fundamental OO principles.",openalex,llm,0.910,unreviewed,,doi:10.1145/949344.949391
discarded,Teaching and learning online: A beginner's guide to e-learning and e-teaching in higher education,Ron Oliver; Jan Herrington,2001,Australasian Journal of Paramedicine,,https://openalex.org/W1175824162,off-topic-false-hit,"The move to online learning has a huge groundswell of approval and support across all sectors of education and it is likely that this level of interest which has been growing steadily will continue to grow even further in the immediate future. There are a number of clear reasons that can be seen to sit behind the popularity of this form of technology-based education. Some of the more common factors and influences driving the uptake of online delivery include: \n \nFlexibility: In many institutions, administrators are seeing advantage in the flexibility that online learning settings create for course delivery. The technologies provide a capacity to tailor courses to the needs of learners and to provide support for program delivery to new markets; \n \nEconomy: Many people are of the firm opinion that online delivery provides opportunities for cost savings over conventional delivery forms due to its ability to be scaled for mass delivery; and \n \nEnhanced learning: Some people see online delivery as a means to provide enhanced learning opportunities for students and as a means to help students become self-sufficient and capable self-learners. \n \nWhile it is true that in some cases online learning will support the delivery of more flexible programs and that in some cases, the technology can provide for economies of scale, this book is aimed to help those people who believe that online learning provides a means to enhance learning quality. The purpose of the book is to provide practical ideas and guidance in the development of effective online learning settings. \n \nThe use of online technologies in education can take many forms and assume many different roles in educational settings. Harmon and Jones (1999) describe five levels of Web use in schools, colleges, and corporate training: (a) informational, (b) supplemental, (c) essential, (d) communal, and (e) immersive. Each level represents the relative amount of online-related course content and the level of reliance on the course Web site to deliver instruction. In other settings, use of the Web and online materials usually extends from instances where online learning supplements the teaching setting, through instances where it is used in ways which are essential to learning (mandated parts of the environment) to more contemporary forms where the totality of the learning is though online access. In this book we are mainly concerned with the latter, the use of online learning as the principal form of course delivery. Naturally much of what we discuss has implications for any form of online and Web-supported setting.",openalex,llm,0.990,unreviewed,,hash:413edb8c6db739bc
kept,Adding breadth to CS1 and CS2 courses through visual and interactive programming projects,Ricardo Jiménez-Peris; Sami Khuri; Marta Patiño-Martı́nez,1999,,10.1145/299649.299774,https://openalex.org/W2074232957,qualifies-claim,"The aim of programming projects in CS1/CS2 is to put in practice concepts and techniques learnt during lectures. Programming projects serve a dual purpose: first, the students get to practice the programming concepts taught in class, and second, they are introduced to an array of topics that they will cover later in their computer science education.In this work, we present programming projects we have successfully used in CS1/CS2. These topics have added breadth to CS1/CS2 as well as whetted our students' appetite by exposing them to concurrent programming, event-driven programming, graphics management and human-computer interfaces, data compression, image processing and genetic algorithms.We also include the background material, such as tools and libraries we have provided our students to render the more difficult projects amenable to our introductory computer science classes.",openalex,llm,0.850,unreviewed,,doi:10.1145/299649.299774
discarded,Immersive Virtual Reality Field Trips Facilitate Learning About Climate Change,David M. Markowitz; Rob Laha; Brian Perone; Roy D. Pea; Jeremy N. Bailenson,2018,Frontiers in Psychology,10.3389/fpsyg.2018.02364,https://openalex.org/W2902340713,off-topic-false-hit,"Across four studies, two controlled lab experiments and two field studies, we tested the efficacy of immersive Virtual Reality (VR) as an education medium for teaching the consequences of climate change, particularly ocean acidification. Over 270 participants from four different learning settings experienced an immersive underwater world designed to show the process and effects of rising sea water acidity. In our studies, people learned about marine science and displayed more positive attitudes toward the environment after a coral- versus self-avatar manipulation. The analyses also revealed a potential post-hoc mechanism for the learning effects, as the more that people explored the spatial learning environment, the more they demonstrated a change in knowledge about ocean acidification. This work is unique by showing distinct learning gains or an interest in learning across a variety of participants (high school, college students, adults), measures (learning gain scores, tracking data about movement in the virtual world, qualitative responses from classroom teachers), and content (multiple versions varying in length and content about climate change were tested). Our findings explicate the opportunity to use immersive VR for environmental education and to drive information-seeking about important social issues such as climate change.",openalex,llm,1.000,unreviewed,,doi:10.3389/fpsyg.2018.02364
discarded,Teaching Introductory Programming to IS Students: Java Problems and Pitfalls,Mark O. Pendergast,2006,Journal of Information Technology Education Research,10.28945/261,https://openalex.org/W1519212649,adjacent-subtopic,"An international association advancing the multidisciplinary study of informing systems. Founded in 1998, the Informing Science Institute (ISI) is a global community of academics shaping the future of informing science.",openalex,llm,0.830,unreviewed,,doi:10.28945/261
discarded,Supporting student-written tests of gui programs,Matthew Thornton; Stephen H. Edwards; Roy Patrick Tan; Manuel A. Pérez-Quiñones,2008,,10.1145/1352135.1352316,https://openalex.org/W2095423622,"supports-claim; adjacent-subtopic; tool or course description, no finding on learning event-driven programming or functions as values","Tools like JUnit and its relatives are making software testing reachable even for introductory students. At the same time, however, many introductory computer sciences courses use graphical interfaces as an ""attention grabber"" for students and as a metaphor for teaching object-oriented programming. Unfortunately, developing software tests for programs that have significant graphical user interfaces is beyond the abilities of typical students (and, for that matter, many educators). This paper describes a framework for combining readily available tools to create an infrastructure for writing tests for Java programs that have graphical user interfaces. These tests are level-appropriate for introductory students and fit in with current approaches in computer science education that incorporate testing in programming assignments. An analysis of data collected during actual student use of the framework in a CS1 course is presented.",openalex,llm_reviewed,0.880,changed,kept->discarded,doi:10.1145/1352135.1352316
discarded,Supporting student-written tests of gui programs,Matthew Thornton; Stephen H. Edwards; Roy Patrick Tan; Manuel A. Pérez-Quiñones,2008,ACM SIGCSE Bulletin,10.1145/1352322.1352316,https://openalex.org/W4232175319,"supports-claim; adjacent-subtopic; tool or course description, no finding on learning event-driven programming or functions as values","Tools like JUnit and its relatives are making software testing reachable even for introductory students. At the same time, however, many introductory computer sciences courses use graphical interfaces as an ""attention grabber"" for students and as a metaphor for teaching object-oriented programming. Unfortunately, developing software tests for programs that have significant graphical user interfaces is beyond the abilities of typical students (and, for that matter, many educators). This paper describes a framework for combining readily available tools to create an infrastructure for writing tests for Java programs that have graphical user interfaces. These tests are level-appropriate for introductory students and fit in with current approaches in computer science education that incorporate testing in programming assignments. An analysis of data collected during actual student use of the framework in a CS1 course is presented.",openalex,llm_reviewed,0.880,changed,kept->discarded,doi:10.1145/1352322.1352316
