status,title,authors,year,venue,doi,url,tags,abstract,provider,decision_source,llm_confidence,llm_review_outcome,llm_change_direction,paper_id
discarded,"Students' Difficulties, Conceptions and Attitudes Towards Learning Algebra: An Intervention Study to Improve Teaching and Learning",Tuck-Choy Francis Chow,2011,eSpace (Curtin University),,https://openalex.org/W408424928,off-topic-false-hit,"The skills necessary to identify and analyse errors and misconceptions made by students are needed by teachers of all levels especially at the lower secondary school level in Malaysia. If students are to be successful in tackling mathematical problems later in their schooling, the one prerequisite is the mastery of basic concepts in algebra. Despite the best efforts of the teachers, students still develop algebra misconceptions. Is it possible to reduce or eliminate these misconceptions? The research involved a survey of 14 year-old students in Form 2 (Grade 8) in the Penampang district of Sabah, East Malaysia. The focus of this study lies in students’ difficulties, conceptions and attitudes towards learning algebra in the framework of conceptual change. A possible way to help students overcome their learning difficulties and misconceptions is by implementing diagnostic teaching involving conflict to foster conceptual change. The study involved evaluating the efficacy of a conceptual change instructional programme involving cognitive conflict in (1) facilitating Form 2 students’ understanding of algebra concepts, and (2) assessing changes in students’ attitudes towards learning mathematics, in a mixed quantitativequalitative research design.A 24-item Algebra Diagnostic Test and a 20-item Test of Mathematics-Related Attitudes (TOMRA) questionnaire were administered as a pretest and a posttest to 39 students in each of a heterogeneous high-achieving class and a below-average achieving class. In addition 9 students were purposefully selected to participate in the interview.The results of the study indicated that students’ difficulties and misconceptions from both classes fell into five broad areas: (1) basic understanding of letters and their place in mathematics, (2) manipulation of these letters or variables, (3) use of rules of manipulation to solve equations, (4) use of knowledge of algebraic structure and syntax to form equations, and (5) generalisation of rule for repetitive patterns or sequences of shapes.The results also showed that there was significant improvement in students’ achievement in mathematics. Further, students’ attitude towards inquiry of mathematics lessons showed significant positive improvement. Enjoyment remained high even though enjoyment of mathematics lesson showed no change. Also, changes in students’ understanding (from unintelligible to intelligible, intelligible to plausible, plausible to fruitful) illustrated the extent of changes in their conceptions.Different pedagogies can affect how conceptual change and challenge of misconceptions occurs. Therefore, knowledge of the origin of different types of misconceptions can be useful in selecting more effective pedagogical techniques for challenging particular misconceptions. Also, for teachers to create an effective learning experience they should be aware of and acknowledge students’ prior knowledge acquired from academic settings and from everyday previous personal experiences. Since all learning involves transfer from prior knowledge and previous experiences, an awareness and understanding of a student’s initial conceptual framework and/or topic can be used to formulate more effective teaching strategies. If this idea is taken a step further, it could be said that, because misconceptions comprise part of a conceptual framework, then understanding origins of misconceptions would further facilitate development of effective teaching strategies.Further research is needed to help teachers to understand how students experience conflict, how students feel when they experience conflict, and how these experiences are related to their final responses because cognitive conflict has both constructive and destructive potential. Thus, by being able to interpret, recognise and manage cognitive conflict, a teacher can then successfully interpret his/her students’ cognitive conflict and be able to make conceptual change more likely or help students to have meaningful learning experiences in secondary school algebra.",openalex,llm,1.000,unreviewed,,hash:eec366af538a8444
discarded,Learning to Optimize: Training Deep Neural Networks for Interference Management,Haoran Sun; Xiangyi Chen; Qingjiang Shi; Mingyi Hong; Xiao Fu; Nicholas D. Sidiropoulos,2018,IEEE Transactions on Signal Processing,10.1109/tsp.2018.2866382,https://openalex.org/W2616867685,off-topic-false-hit,"Numerical optimization has played a central role in addressing key signal processing (SP) problems. Highly effective methods have been developed for a large variety of SP applications such as communications, radar, filter design, and speech and image analytics, just to name a few. However, optimization algorithms often entail considerable complexity, which creates a serious gap between theoretical design/analysis and real-time processing. In this paper, we aim at providing a new learning-based perspective to address this challenging issue. The key idea is to treat the input and output of an SP algorithm as an unknown nonlinear mapping and use a deep neural network (DNN) to approximate it. If the nonlinear mapping can be learned accurately by a DNN of moderate size, then SP tasks can be performed effectively-since passing the input through a DNN only requires a small number of simple operations. In our paper, we first identify a class of optimization algorithms that can be accurately approximated by a fully connected DNN. Second, to demonstrate the effectiveness of the proposed approach, we apply it to approximate a popular interference management algorithm, namely, the WMMSE algorithm. Extensive experiments using both synthetically generated wireless channel data and real DSL channel data have been conducted. It is shown that, in practice, only a small network is sufficient to obtain high approximation accuracy, and DNNs can achieve orders of magnitude speedup in computational time compared to the state-of-the-art interference management algorithm.",openalex,llm,1.000,unreviewed,,doi:10.1109/tsp.2018.2866382
discarded,Aerial Pursuit: Multi-Agent Swarm for Predator–Prey Games,Wu Zining; Chen Haoran; Zhao Jinqiu; Peng Yifeng; Sutthiphong Srigrarom; Boo Cheong Khoo,2026,"2026 12th International Conference on Electrical Engineering, Control and Robotics (EECR)",10.1109/EECR69522.2026.11549319,https://ieeexplore.ieee.org/document/11549319/,off-topic-false-hit,"This paper addresses the cold-start and convergence challenges of multi-agent adversarial reinforcement learning in physics-rich environments. The UAVs are modeled as predator-prey agents inspired by eagle-hen interactions. We propose a curriculum-based two-stage training scheme: Stage 1 trains the hens against a heuristic eagle, and Stage 2 freezes the learned hen policy while training the eagle. Using Box2D physics and Gymnasium interfaces, we build a reproducible engineering pipeline based on Stable-Baselines3 PPO, parallel sampling, and TensorBoard logging. Our main contributions include environment modeling (world construction, chain joints, boundary handling, and bounce dynamics), observation and reward design, parallel training with evaluation callbacks, and behavior visualization with metric analysis. The results show improved defensive behavior by the hens in Stage 1, reflected in increasing mean returns, explained variance approaching 1, and decreasing entropy loss. In Stage 2, the eagle learns effective approach and capture behaviors, producing positive potential-based rewards and sparse positive returns upon capture while maintaining smooth overall training curves. Remaining limitations include the empirical tuning of reward weights and physical parameters. Future work will explore joint fine-tuning, self-play, and more complex scenarios.",ieee,llm,1.000,unreviewed,,doi:10.1109/eecr69522.2026.11549319
discarded,Innovative Strategies for Human-Object Interaction in a Virtual Studio,Qijian Ou; HaiXiao Gong; Guijing Wu; Lining Pan; Ning Qin,2024,2024 International Conference on Ubiquitous Computing and Communications (IUCC),10.1109/IUCC65928.2024.00109,https://ieeexplore.ieee.org/document/11049461/,off-topic-false-hit,"Traditional studio shooting not only needs to occupy a wide space, but also needs a large number of expensive shooting equipment, and in the shooting process needs to frequently switch props and models, consuming an army of money, time and manpower. However, with the help of virtual reality (VR) technique, we can establish low-cost virtual studios to replace traditional photography methods. This paper will attach importance to an innovative interactive strategy for manipulating objects through ray detection in a VR studio scene. This strategy not only optimizes the technology of handle interaction, but also realizes the efficient loading and instantiation of the model, convenient drag and rotation function, and improves the stability and fluency of the system through the message mechanism and callback the function. The experimental results reveal the accuracy of the ray detection technology is up to 99%, the stability of the interaction strategy is 99.5%, and the user satisfaction score is 4.8 (out of 5 points), which is significantly better than the traditional way. In addition, user;s feedback is positive, with more than 90% of users believing that the system provides an immersive learning environment that helps to understand and master the properties of objects and how they operate. Together, this strategy promotes an immersive learning experience.",ieee,llm,0.990,unreviewed,,doi:10.1109/iucc65928.2024.00109
discarded,Complex Pattern Recognition using Feedback Algebraic Activation Function,P. Dhivya; A. Bazilabanu,2021,"2021 2nd International Conference on Communication, Computing and Industry 4.0 (C2I4)",10.1109/C2I454156.2021.9689426,https://ieeexplore.ieee.org/document/9689426/,off-topic-false-hit,"Various researches on the Wisconsin breast cancer dataset in the prediction of benign and malignant were proposed in this work. The various classification models were used in the literature survey in which logistic regression give the better accuracy of 95.41%. But in machine learning model, the linear relationship between the features may lead to over fitting in that model. The neural network is a fully connected layer to find and understand the nonlinear combinations of the features in the dataset. To reduce the over fitting and improves the accuracy of the model, the Neural Network with Feedback Algebraic Activation (FAA) function is introduced and applied to the hidden layer in the network . In this, the error will be added as a feedback to the network and uses the keras callbacks and keras tuner for selecting the optimal parameters and produces the better results with the accuracy of 95.91% compared with all other activation functions in the neural network.",ieee,llm,1.000,unreviewed,,doi:10.1109/c2i454156.2021.9689426
discarded,Alzheimer Classification Based on Inception V3 Convolutional Neural Network,Liu Shengjie; Teoh Teik Toe,2023,2023 8th International Conference on Computer and Communication Systems (ICCCS),10.1109/ICCCS57501.2023.10150992,https://ieeexplore.ieee.org/document/10150992/,off-topic-false-hit,"Alzheimer's disease (AD)is an incurable disease that occurs in old age and early old age, and is characterized by neuron death and brain shrinkage. In this paper, an improved convolutional neural network based on Inception V3 is proposed for the recognition of Alzheimer's disease. We used the SMOTE technique to balance the data and adjusted the study rate using the ReduceLROnPlateau callback function. And at the same time, to improve the robustness of our model, we use the Batch Normalization method. Through 60 times of training, our model can quickly and accurately classify the input images. Finally, the accuracy of our model reached 94.40% on the training set, 90.28% on the test set and 90.48% on the validation set. Besides, the AUC of the model on test set can reach 0.9857, the precision rate is 90.06%, the recall rate is 90.87%, and the Fl-score rate is 90.23%.",ieee,llm,1.000,unreviewed,,doi:10.1109/icccs57501.2023.10150992
discarded,Simulating Cache Mechanisms,Jun Ji; Hong Xiao; Su Li Zhang; Jie Hong Zhao; Xiao Zhong Geng,2010,2010 6th International Conference on Wireless Communications Networking and Mobile Computing (WiCOM),10.1109/WICOM.2010.5601247,https://ieeexplore.ieee.org/document/5601247/,off-topic-false-hit,"Wireless network transmissions may be able to transmit data at a fast enough rate to support most applications but some applications have an issue with space available to hold constant updated information. These types of applications can not be given extra space to store data so a ""cache mechanism"" will be needed to control data stored locally. The simulation used will consist of a wireless hand held devices that will hold series of ""business cards"" which will be updated from a server. Two replacement policies of least recently used (LRU) and least frequently used (LFU) will be tested with two algorithms, poll-each-read and callback, to see the caching efficiency.",ieee,llm,1.000,unreviewed,,doi:10.1109/wicom.2010.5601247
discarded,Automated Detection of Racial Microaggressions using Machine Learning,Omar Ali; Nancy Scheidt; Alexander Gegov; Ella Haig; Mo Adda; Benjamin Aziz,2020,2020 IEEE Symposium Series on Computational Intelligence (SSCI),10.1109/SSCI47803.2020.9308569,https://ieeexplore.ieee.org/document/9308569/,off-topic-false-hit,"Microaggressions describe subtle often offensive comments or actions made by one individual to another. Typically, such comments or actions are made subconsciously with the offender potentially unaware of the impacts on the recipient. Currently, machine learning methods for racial microaggression detection are sparse with no, one, comparable approach to the one we propose further on. Automated detection in this work describes the method of finding microaggressions through the use of machine-learning algorithms. Efforts have been made for the detection of hate speech and harassment; providing us with a rather humble place to begin, as we explore further, such methods are proven ineffective. We propose a step forward in solving this problem with the demonstration of an automated racial microaggression detection method. Whilst racial hatespeech detection method provides us with an idea as to where we can start, we find further on, that microaggressions and hatespeech use very different features to portray their sentiment. This work aims to provide a technical review which explores the understanding of the automated racial microaggression detection, outlining the definitions of microaggressions currently described in the literature, with the presentation and assessment (through precision, callback and F-measure) of a promising approach in regards to racial microaggression detection. We also intend to analyse a case study in which we detect the presence of racial microaggressions within new reports with the intention of laying a foundation for the potential security-related applications of this work. Our further works begin to discuss this notion in a higher level of detail.",ieee,llm,1.000,unreviewed,,doi:10.1109/ssci47803.2020.9308569
discarded,"Asynchronous Programming in Rust: Learn asynchronous programming by building working examples of futures, green threads, and runtimes",Carl Fredrik Samson,2024,"Asynchronous Programming in Rust: Learn asynchronous programming by building working examples of futures, green threads, and runtimes",,https://ieeexplore.ieee.org/document/10460898/,off-topic-false-hit,"Get a fundamental understanding of asynchronous programming and Rust's futures by working through examples that show you how everything really worksKey FeaturesMaster asynchronous Rust through examples focusing on key conceptsBuild a solid understanding of concepts such as coroutines, fibers, futures, and callbacksExplore Rust's futures, craft your own runtime, and excel in handling stacks, ABIs, syscalls, and inline assemblyPurchase of the print or Kindle book includes a free PDF eBookBook DescriptionStep into the world of asynchronous programming with confidence by conquering the challenges of unclear concepts with this hands-on guide. Using functional examples, this book simplifies the trickiest concepts, exploring goroutines, fibers, futures, and callbacks to help you navigate the vast Rust async ecosystem with ease. You’ll start by building a solid foundation in asynchronous programming and explore diverse strategies for modeling program flow. The book then guides you through concepts like epoll, coroutines, green threads, and callbacks using practical examples. The final section focuses on Rust, examining futures, generators, and the reactor-executor pattern. You’ll apply your knowledge to create your own runtime, solidifying expertise in this dynamic domain. Throughout the book, you’ll not only gain proficiency in Rust's async features but also see how Rust models asynchronous program flow. By the end of the book, you'll possess the knowledge and practical skills needed to actively contribute to the Rust async ecosystem.What you will learnExplore the essence of asynchronous program flow and its significanceUnderstand the difference between concurrency and parallelismGain insights into how computers and operating systems handle concurrent tasksUncover the mechanics of async/awaitUnderstand Rust's futures by implementing them yourselfImplement green threads from scratch to thoroughly understand themWho this book is forThis book is for programmers who want to enhance their understanding of asynchronous programming, especially those experienced in VM’ed or interpreted languages like C#, Java, Python, JavaScript, and Go. If you work with C or C++ but have had limited exposure to asynchronous programming, this book serves as a resource to broaden your knowledge in this area. Although the examples are predominantly in Rust, the intricacies of Rust’s futures are covered in detail. So, anyone with a keen interest in learning Rust or with working knowledge of Rust will be able to get the most out of this book.",ieee,llm,0.930,unreviewed,,hash:3e4abf92e6998234
discarded,"Functional Programming in Go: Apply functional techniques in Golang to improve the testability, readability, and security of your code",Dylan Meeus,2023,"Functional Programming in Go: Apply functional techniques in Golang to improve the testability, readability, and security of your code",,https://ieeexplore.ieee.org/document/10163606/,off-topic-false-hit,"Leverage core functional programming (FP) concepts to write more maintainable and testable code in Go Purchase of the print or Kindle book includes a free PDF eBookKey FeaturesLearn functional programming techniques at the architectural level and use them to solve real-world problemsUnderstand how to think about code functionallyLearn about the trade-offs of functional programming and object-oriented programming (OOP) in GoBook DescriptionWhile Go is a multi-paradigm language that gives you the option to choose whichever paradigm works best for the particular problem you aim to solve, it supports features that enable you to apply functional principles in your code. In this book, you’ll learn about concepts central to the functional programming paradigm and how and when to apply functional programming techniques in Go. Starting with the basic concepts of functional programming, this Golang book will help you develop a deeper understanding of first-class functions. In the subsequent chapters, you’ll gain a more comprehensive view of the techniques and methods used in functional languages, such as function currying, partial application, and higher-order functions. You’ll then be able to apply functional design patterns for solving common programming challenges and explore how to apply concurrency mechanisms to functional programming. By the end of this book, you’ll be ready to improve your code bases by applying functional programming techniques in Go to write cleaner, safer, and bug-free code.What you will learnGain a deeper understanding of functional programming through practical examplesBuild a solid foundation in core FP concepts and see how they apply to Go codeDiscover how FP can improve the testability of your code baseApply functional design patterns for problem solvingUnderstand when to choose and not choose FP conceptsDiscover the benefits of functional programming when dealing with concurrent codeWho this book is forIf you are a Go engineer with a background in traditionally object-oriented languages such as Java or C++ and want to broaden your knowledge of functional programming, this book is for you.",ieee,llm,0.930,unreviewed,,hash:7232774e78b84fd9
