status,title,authors,year,venue,doi,url,tags,abstract,provider,decision_source,llm_confidence,llm_review_outcome,llm_change_direction,paper_id
discarded,Discrimination and risk of spontaneous abortion in a preconception cohort study,"Lovett, Sharonda M.; Hoffman, Molly N.; Geller, Ruth J.; Wesselink, Amelia K.; Abrams, Jasmine; Coleman, Chad M.; Sabbath, Erika L.; Ukah, Ugochinyere Vivian; Boynton-Jarrett, Renee; Ncube, Collette N.; Wise, Lauren A.",2026,SOCIAL SCIENCE & MEDICINE,10.1016/j.socscimed.2026.119820,https://www.webofscience.com/wos/woscc/full-record/WOS:001878937500001,off-topic-false-hit,"Discrimination may increase risk of spontaneous abortion (SAB, pregnancy loss <20 weeks' gestation) through physiological responses and limited access to resources. We examined associations between self-reported experiences of discrimination and SAB incidence among 7359 participants in Pregnancy Study Online (PRESTO), a preconception cohort study (2013-2025), of whom 80% identify as non-Hispanic White. Eligible participants were 21-45 years, assigned female at birth, and U.S. or Canadian residents. Participants completed the Williams' Everyday Discrimination and Major Experiences of Discrimination scales. We derived summary variables for frequency of everyday discrimination (range: 0 to >7) and number of lifetime discrimination events (range: 0 to >3), with higher values indicating greater discrimination. We collected SAB data on follow-up questionnaires during preconception, early and late pregnancy. We used Cox models to estimate adjusted hazard ratios (HR) and 95% CIs. Relative to no everyday discrimination, HRs for low, medium, high, and very high scores were 1.12 (95% CI: 0.95-1.31), 0.96 (95% CI: 0.81-1.12), 1.07 (95% CI: 0.91-1.27), and 1.15 (95% CI: 0.96-1.37), respectively. HRs for 1, 2, and >3 events of lifetime discrimination (vs. none) were 0.98 (95% CI: 0.86-1.12), 1.21 (95% CI: 1.04-1.42), and 1.19 (0.99-1.43), respectively. Lifetime experiences showing the strongest associations with SAB incidence were discrimination by police (HR = 1.24, 95% CI: 1.01-1.53), in housing (HR = 1.19, 95% CI: 0.96-1.48), and medical care (HR = 1.19, 95% CI: 1.03-1.37). SAB incidence varied by type and timing of discrimination exposure, suggesting interventions aimed at reducing the harmful effects of discrimination during preconception are warranted.",wos,llm,1.000,unreviewed,,doi:10.1016/j.socscimed.2026.119820
discarded,Development of auditory and spontaneous movement responses to music over the first postnatal year,"Nguyen, Trinh; Bigand, Felix; Reisner, Susanne; Koul, Atesh; Bianco, Roberta; Markova, Gabriela; Hoehl, Stefanie; Novembre, Giacomo",2026,ELIFE,10.7554/eLife.107088,https://www.webofscience.com/wos/woscc/full-record/WOS:001813681800001,off-topic-false-hit,"Humans across cultures not only share the ability to recognise music but also respond to it through movement. While the sensory encoding of music is well-studied, when and how infants naturally start moving to music is largely unexplored. This study simultaneously investigates infants' neural (auditory) responses and spontaneous movements to music during the first postnatal year. Neural activity (EEG) and body kinematics (markerless pose estimation) were recorded from 79 infants (aged 3, 6, and 12 months) listening to refrains of children's music, along with shuffled, high-pitched, and low-pitched versions of the same songs. Neural data revealed that, across all ages, infants exhibit enhanced auditory responses to music compared to shuffled music, indicating that auditory encoding of music emerges early in development. Movement data revealed a different outcome. While coarse auditory-motor coupling is present at all ages, more complex structured movement patterns emerge in response to music only by 12 months. Notably, no age group demonstrated evidence of coordinated movements to music. Additionally, enhanced auditory responses to high vs low pitch were only evident at 6 months, while infants' movements were better predicted by high-pitched compared to low-pitched music at all ages. This study provides initial insights into how the developing brain gradually transforms music into spontaneous movements of increasing complexity.",wos,llm,1.000,unreviewed,,doi:10.7554/elife.107088
discarded,One Health Approach for Mitigation of Impact of Climate Change on Early Childhood Development,"Gaidhane, Abhay; Patil, Manoj; Telrandhe, Shital; Quazi, Zahiruddin",2026,INTERNATIONAL JOURNAL OF PREVENTIVE MEDICINE,10.4103/ijpvm.ijpvm_184_25,https://www.webofscience.com/wos/woscc/full-record/WOS:001877463400001,off-topic-false-hit,"Climate change is an unavoidable process and its effects on the environment is varied in different geographies. In developing world, the effects of climate change have an enormous impact on young children. Climate change deeply impacts early childhood development, posing distinctive challenges to young children through disruptions in health resources, such as air, water, food, and shelter. These disruptions result in increased vulnerability to extreme weather events, respiratory diseases, malnutrition, and vector-borne illnesses, all of which can hinder physical, cognitive, and emotional growth. The one health approach, emphasizing the interconnectedness of human, animal, and environmental health, offers a holistic framework for addressing these challenges. This article serves to raise significant risks in climate change and its effects on early childhood, such as health impacts of extreme weather, deterioration of air quality, nutritional risks, and diseases. It espouses cross-sector collaboration to drive integrated services that strengthen resilience in health systems, as well as further develop environmental education for empowerment of communities. Moreover, it puts emphasis on research-informed policymaking for the effective creation of targeted interventions for vulnerabilities in children. One health approach would be appropriate for societies with resource limitations and political barriers. Adapting to this approach can sustainably lead to multidisciplinary solutions. Resilient health systems, community awareness, early childhood priority in climate action plans, and healthy and sustainable futures for current and subsequent generations can all be ensured through mitigation of adverse effects of climate change.",wos,llm,1.000,unreviewed,,doi:10.4103/ijpvm.ijpvm_184_25
discarded,Limitations of the Apnea-Hypopnea Index in pediatric obstructive sleep apnea. A critical review: Toward a multiparametric approach,"Couloigner, V.; Luscan, R.; Fauroux, B.",2026,EUROPEAN ANNALS OF OTORHINOLARYNGOLOGY-HEAD AND NECK DISEASES,10.1016/j.anorl.2026.08.005,https://www.webofscience.com/wos/woscc/full-record/WOS:001878264500001,off-topic-false-hit,"ObjectivesThe Apnea-Hypopnea Index (AHI) is considered the gold standard for diagnosis and severity classification of pediatric obstructive sleep apnea (OSA). This review critically analyzes the scientific foundations of this paradigm and its clinical implications. Materials and methods A systematic literature review in the PubMed and Cochrane databases was conducted according to the SWiM methodology (Synthesis Without Meta-analysis) following EQUATOR network guidelines. Studies were grouped according to 5 themes: methodological foundations of the AHI, clinical correlations, alternative parameters (oximetry and respiratory effort), sleep study indications, natural history and therapeutic options. The narrative review focused on randomized studies (CHAT, PATS) and international guidelines. Results The definition of OSA in terms of an AHI threshold of 1 event/hour is based on old statistical data (Marcus et al., 1992) without clinical validation. The PATS study found no significant clinical difference between primary snorers (AHI < 1) and mild OSA (AHI 1-5). The correlations between AHI and sleep questionnaires (Pediatric Sleep Questionnaire-Sleep-Related Breathing Disorder Scale [PSQ-SRBD], Obstructive Sleep Apnea-18 [OSA-18]) are very weak (r(2) approximate to 2%). Oximetric parameters (oxygen desaturation index (ODI), pulse oximetry SpO(2) nadir, hypoxic burden) correlate better with cardiovascular morbidity, although pediatric thresholds remain to be validated. Markers of respiratory effort (flow limitation, pulse transit time, mandibular movement) may identify airway resistance syndrome missed by AHI alone, but are without reference values. Sleep study, with AHI assessment, is not always contributive: in typical clinical presentations without comorbidity, adenotonsillectomy may be proposed upfront. Conclusion AHI is useful but insufficient to guide therapeutic management. A personalized multiparametric approach integrating oximetric data, respiratory effort, symptoms and validated questionnaires seems more appropriate. Sleep study indications should be reserved for clinical discordance, comorbidity, young children and failure of adenotonsillectomy.",wos,llm,1.000,unreviewed,,doi:10.1016/j.anorl.2026.08.005
discarded,Pulseless electrical activity versus asystole as initial pulseless rhythm in children: challenging convention regarding non-shockable rhythms,"Wong, Rudolph; Lasa, Javier J.; Topjian, Alexis; Joyner Jr, Benny L.; Jiang, Tian; Li, Yilun; Zhao, Juan; Guerguerian, Anne-Marie; Nadkarni, Vinay; Raymond, Tia",2026,RESUSCITATION,10.1016/j.resuscitation.2026.111289,https://www.webofscience.com/wos/woscc/full-record/WOS:001876241400001,off-topic-false-hit,"Background: Pulseless electrical activity (PEA) and asystole are the predominant initial rhythms in pediatric in-hospital cardiac arrest (IHCA) and are often grouped as ""non-shockable."" Whether they represent distinct entities in children remains unclear. Methods: We analyzed pediatric (<18 years) IHCA cases from the American Heart Association Get With The Guidelines-Resuscitation (GWTG (R) R) registry (2000-2023). Patients with an initial rhythm of PEA or asystole were included. Outcomes were return of spontaneous circulation (ROSC), restoration of circulation (ROC, defined as ROSC or ROC with ECMO), and survival to hospital discharge. Mixed-effects regression adjusted for demographics, comorbidities, event features, and hospital factors. Additional analyses excluded NICU events and stratified patients by age. Results: Of 9423 patients, 5416 (57.5%) had PEA and 4007 (42.5%) had asystole. Compared with PEA, asystole was associated with lower odds of ROSC (aOR 0.70, 95% CI 0.64-0.77), ROC (aOR 0.71, 95% CI 0.64-0.78), and survival to discharge (aOR 0.89, 95% CI 0.81-0.99). In the NICUexcluded cohort, asystole remained associated with lower odds of ROSC and ROC, but survival to discharge no longer differed between rhythms (36.1% vs 34.1%; aOR 0.99, 95% CI 0.90-1.11). Age-stratified analyses showed the overall survival difference was driven by neonates; in older age groups, survival to discharge did not differ between PEA and asystole. Conclusion: PEA and asystole differ in patient characteristics and short-term resuscitation outcomes in pediatric IHCA. However, the overall survival difference appears driven by neonates and NICU-associated events, with no significant survival difference in older children.",wos,llm,1.000,unreviewed,,doi:10.1016/j.resuscitation.2026.111289
discarded,Plasma emicizumab concentrations and bleeding rates in children and adults with severe hemophilia A,"Teitel, Jerome; Carcao, Manuel; Sholzberg, Michelle; Thillaye-Kerr, Rowan; Swarup, Vidushi; Markovic, Teodora; Bouskill, Vanessa",2026,RESEARCH AND PRACTICE IN THROMBOSIS AND HAEMOSTASIS,10.1016/j.rpth.2026.106912,https://www.webofscience.com/wos/woscc/full-record/WOS:001875372100001,off-topic-false-hit,"Background: Emicizumab has been in clinical use for less than 10 years. Real-world experience is still needed to guide its use for optimal safety, efficacy, and resource efficiency. Recent data suggest that conventional weight-based dosing may be excessive for many patients. More data on the correlation between bleeding events and plasma emicizumab concentation will help to clarify optimal dosing regimens. Objectives: To determine bleeding rates and their correlation with drug levels in patients without inhibitors using prophylactic emicizumab. Methods: We conducted an observational study in a large cohort of adult and pediatric persons with severe hemophilia A without inhibitors to determine the rate of bleeding events during emicizumab prophylaxis and the correlation between plasma emicizumab concentration and bleeding rates. Results: Among the 73 patients followed for a mean of 69.0 weeks, 47.9% had 0 treated bleeds and 80.8% had 0 spontaneous bleeds. The mean and median annualized treated bleed rates were 1.12 and 0.57, and the mean and median annualized joint bleed rates were 0.51 and 0. The mean factor VIII concentrate used to treat bleeds was 63.0 IU/kg/y per patient (median, 23.1 IU/kg/y). Steady-state plasma emicizumab concentration did not correlate with total or spontaneous annualized treated bleed rate and annualized joint bleed rate or with patient age at enrolment, body weight, or body mass index. Dose capping at 150 mg/wk did not result in lower emicizumab concentrations in the 9 patients with body weight >100 kg. Conclusion: Emicizumab provided highly effective prophylaxis in persons with severe hemophilia A across the age spectrum. The lack of correlation of bleed outcomes with plasma emicizumab concentration suggests that minimal effective drug concentrations should be reconsidered. Studies to rationalize and personalize therapy should be explored.",wos,llm,1.000,unreviewed,,doi:10.1016/j.rpth.2026.106912
discarded,Pediatric spontaneous-reporting patterns for biologics approved or used for asthma: Analysis of the FDA adverse event reporting system,"Zhang, Yue; Liu, Yile; Chen, Lingli; Chen, Yating; Zheng, Xiangrong",2026,PEDIATRIC ALLERGY AND IMMUNOLOGY,10.1111/pai.70495,https://www.webofscience.com/wos/woscc/full-record/WOS:001876497300001,off-topic-false-hit,"Background Pediatric post-marketing evidence for biologics used for asthma remains limited and uneven across agents. We characterized pediatric spontaneous-reporting patterns for biologics approved or used for asthma in the FDA Adverse Event Reporting System.Methods We analyzed pediatric reports involving omalizumab, mepolizumab, benralizumab, dupilumab, and tezepelumab from 2015 through 2025. Reports were summarized by age, sex, reporting year, outcomes, and preferred terms. Serious-outcome and indication-linked classifications were performed. Disproportionality was assessed using reporting odds ratios, proportional reporting ratios, chi-square statistics, and information components. Pediatric signals were compared with adult findings and interpreted according to method agreement, report volume, and sparse-data restrictions.Results We identified 5155 pediatric reports. Dupilumab accounted for 3787 reports (73.5%) and omalizumab for 1152 (22.3%). Serious outcomes were reported in 1273 reports (24.7%), with substantial variation across biologics. Dupilumab showed prominent injection-site, dermatologic, and ocular reporting, whereas omalizumab showed respiratory, asthma-related, hypersensitivity-related, and vital-sign reporting. Of 43 pediatric signals supported by at least two disproportionality criteria, 31 were also identified in adults. After restricting to terms with at least five reports, 33 signals remained for the main analysis. Narrow anaphylaxis-related domains occurred in 17 dupilumab, 113 omalizumab, 3 mepolizumab, 3 benralizumab, and no tezepelumab reports. Among dupilumab reports, 83.4% were classified as asthma-related and 15.2% as mixed indications.Conclusions Pediatric FAERS reports showed biologic-specific reporting patterns. These patterns may reflect potential drug-related events, underlying disease activity, treatment failure, indication mix, monitoring, and reporting practices. The findings are hypothesis-generating and do not establish incidence, causality, or asthma-specific safety profiles.",wos,llm,1.000,unreviewed,,doi:10.1111/pai.70495
discarded,Divergent fertility responses to cyclones and floods: a mixed-methods study from rural Bangladesh,"Ahmed, Khandaker Jafor; Tan, Yan; Rudd, Dianne",2026,JOURNAL OF BIOSOCIAL SCIENCE,10.1017/S0021932026100662,https://www.webofscience.com/wos/woscc/full-record/WOS:001873927600001,off-topic-false-hit,"Over the past decade, Bangladesh has experienced substantial demographic change alongside increasing climate-related disruption. This study examines the links between extreme climatic events and fertility among married Bangladeshi women of childbearing age who already have children, focusing on how cyclones and floods relate to fertility behaviour in cyclone- and flood-prone villages. A mixed-methods design was used, drawing on 544 household surveys, 74 in-depth interviews with women, 10 focus group discussions with men, and 8 key informant interviews. Comparing two ecologically distinct sites allowed examination of how communities experience and respond to different hazards. The findings indicate divergent fertility patterns by hazard type. In the cyclone-prone site, physical destruction, displacement, and disrupted health-care access were associated with lower fertility. In the flood-prone site, recurrent inundation, reliance on children's labour, and constrained contraceptive access were associated with higher fertility. Socio-demographic factors, including education, age at marriage, and contraceptive access, were also strongly associated with fertility behaviour. Households in the cyclone-prone area showed greater livelihood vulnerability and lower fertility, whereas those in the flood-prone area showed higher fertility alongside elevated child mortality and a marked preference for sons, who were perceived as better able to assist in disaster recovery. These results suggest that extreme climatic events are associated with differentiated fertility responses, shaped by socio-demographic context, and point to the value of integrating reproductive health services into disaster risk reduction. The study highlights the intersection of climate change, socio-demographic factors, and reproductive health and offers evidence on how hazard-type conditions fertility responses, with implications for climate adaptation and population health policy in climate-vulnerable regions such as Bangladesh.",wos,llm,1.000,unreviewed,,doi:10.1017/s0021932026100662
discarded,Reduced Motor Preparation and Altered EEG Signatures of Prediction in Autistic Adults,"Bagheri, Soroush; Cardinaux, Annie; Bungert, Lindsay; Li, Cindy E.; O'Brien, Amanda M.; Sinha, Pawan; Cannon, Jonathan",2026,EUROPEAN JOURNAL OF NEUROSCIENCE,10.1111/ejn.70673,https://www.webofscience.com/wos/woscc/full-record/WOS:001872156800001,off-topic-false-hit,"A standing hypothesis proposes that the social and behavioral diagnostic features of autism may develop as a result of more fundamental difficulties in forming and utilizing predictions. More specifically, in the present study, we hypothesized that autistic individuals are less likely to mobilize motor preparatory processes when given reason to anticipate an imperative cue. In a preregistered experiment, we asked participants to respond as quickly as possible to target sounds embedded in a regular periodic sequence of tones, and informed them that the three distinct auditory tones in the sequence signal different probabilities of a target on the next beat. We found that a group of autistic participants showed significantly less benefit of cues signaling high target probability on target response time than an IQ- and language-matched control group of non-autistic participants. In concurrent electroencephalography (EEG) recordings, the autistic group also showed a reduced effect of high probability cues on the late CNV, a motor preparatory ramping potential. Group differences in anticipatory desynchronization of motor-related mu and beta oscillations were less straightforward-rather than showing broadly weaker predictive desynchronization, the autistic group showed reduced desynchronization specifically following medium probability cues. We also found evidence of a group difference in neural entrainment to the 1 Hz periodic sequence: the autistic group showed shallower ramping potentials anticipating the next event across all cue types, and reduced phase entrainment at posterior electrodes. Our results focus attention on reduced spontaneous predictive motor preparation as a possible sensorimotor contribution to autism's more visible manifestations.",wos,llm,1.000,unreviewed,,doi:10.1111/ejn.70673
