status,title,authors,year,venue,doi,url,tags,abstract,provider,decision_source,llm_confidence,llm_review_outcome,llm_change_direction,paper_id
discarded,Automated GUI Testing of Android Apps: From Research to Practice,Kevin Moran; Mario Linares Vásquez; Denys Poshyvanyk,2017,2017 IEEE/ACM 39th International Conference on Software Engineering Companion (ICSE-C),10.1109/ICSE-C.2017.166,https://ieeexplore.ieee.org/document/7965405/,adjacent-subtopic,"The last decade has seen tremendous proliferation of mobile computing in our society. Billions of users have access to millions of mobile apps that can be installed directly on their mobile devices, electrical appliances, and watches. Factors such as new monetization/revenue models, programming models, and distribution infrastructures contribute to an ""attractive"" movement that captivates new and traditional developers, as well as a crowd of other professionals that explore, design, and implement mobile apps. Also, the need for ""enterprise apps"" that support start-ups or serve as a new front-end for traditional companies is pushing software-related professionals to embrace mobile technologies. However, the nature of the economy (devices, apps, markets) imposes new challenges on how mobile apps are envisioned, designed, implemented, tested, released, and maintained. This technology briefing aims to help address the challenges of testing and maintaining mobile apps by providing participants from both academic and industrial backgrounds with information on the state-of-art and state-of-practice mobile testing techniques. Specifically, we aim to (i) highlight new techniques and methodologies for making effective automated testing of mobile apps practical and accessible to developers, and (ii) discuss open academic research questions related to such technology transfer.",ieee,llm,0.880,unreviewed,,doi:10.1109/icse-c.2017.166
discarded,Automated GUI Testing for J2ME Software Based on FSM,Ying Hou; Rong Chen; Zhenjun Du,2009,2009 International Conference on Scalable Computing and Communications; Eighth International Conference on Embedded Computing,10.1109/EmbeddedCom-ScalCom.2009.67,https://ieeexplore.ieee.org/document/5341641/,adjacent-subtopic,"J2ME (Java 2 Micro Edition) software is playing a more and more significant role in embedded systems. However, with the growing complexity and function enhancement of J2ME software, its GUI (graphical user interface) testing is facing with great challenges. This paper proposes a new automated GUI testing method for J2ME software, which adopts an automated test case generation means based on FSM model and uses a unique program instrumentation scheme. Test cases are translated to the test script, which drives the J2ME program under test, and generates test report. In our experiments the automated testing system is implemented. Example Results show this testing method can automatically generate test cases for GUI based on the specification of the J2ME program and can also drive the running of the tests in the automated way. The testing method is more effective than the traditional ones; it has advantages, such as higher automation level, full fault-detection capability and general applicability. So, this method can see its applicable prospect in J2ME software testing.",ieee,llm,0.960,unreviewed,,doi:10.1109/embeddedcom-scalcom.2009.67
discarded,A Novel Automated GUI Testing Echnology Based on Image Recognition,Zhengwei Yu; Peng Xiao; Yumei Wu; Bin Liu; Lijin Wu,2016,2016 IEEE 18th International Conference on High Performance Computing and Communications; IEEE 14th International Conference on Smart City; IEEE 2nd International Conference on Data Science and Systems (HPCC/SmartCity/DSS),10.1109/HPCC-SmartCity-DSS.2016.0031,https://ieeexplore.ieee.org/document/7828372/,adjacent-subtopic,"Graphical user interface (GUI) is an important feature of current software, and testing for GUI is considered as the most efficient method to guarantee the quality of GUI. It is consensus that in industry and academia automated GUI testing approach and tool have been a great help in reducing time and cost in testing, especially regression testing. However, almost all existing automated GUI testing approaches are code intrusive, and strongly dependent on platform or system environment, which leads to the lack of general applicability of GUI testing tools. And most of these tools can only be used in specific software or software platforms. To deal with the challenge, this paper proposes a novel automated GUI testing based on image recognition, which is a non-intrusive and general GUI testing approach. A platform called Auto GUI Testing Platform (AGTP) based on our approach is developed. And a case study is proposed to demonstrate the validity and practicability of AGTP.",ieee,llm,0.940,unreviewed,,doi:10.1109/hpcc-smartcity-dss.2016.0031
kept,A Case for GUI Testing Using Symbolic Execution Poster Abstract,Svetoslav Ganov; Sarfraz Khurshid; Dewayne Perry,2007,Testing for DR: Academic and Industrial Conference Practice and Research Techniques - MUTATION (TAICPART-MUTATION 2007),10.1109/TAIC.PART.2007.35,https://ieeexplore.ieee.org/document/4344110/,supports-claim,"A Graphical User Interface (GUI) consists of virtual objects (widgets) that are more intuitive to use, for example buttons, edit boxes, etc. While GUIs have become ubiquitous, testing them remains largely ad- hoc. In contrast with console applications where there is only one point of interaction (the command line), GUIs provide multiple points each of which might have different states. This structure makes GUI testing especially challenging because of its large input space.",ieee,llm,0.820,unreviewed,,doi:10.1109/taic.part.2007.35
kept,Insights from Building a GUI Testing Tool,Stefan Fischer,2023,"2023 IEEE International Conference on Software Analysis, Evolution and Reengineering (SANER)",10.1109/SANER56733.2023.00111,https://ieeexplore.ieee.org/document/10123483/,supports-claim,"Testing the graphical user interface (GUI) of a system is an important part of quality assurance and to ensure end-user satisfaction. Despite numerous techniques for automated GUI testing having been proposed, there are still many open challenges for applying them in industry. In this paper, we present a GUI testing tool that we applied in industry to automate the testing of the GUI of manufacturing machinery. Our framework provides an interface to interact with Java AWT GUI components and to determine the current state of the GUI. This interface can be used by automated test scripts that are executed in nightly build at our industry partner. Moreover, we developed a GUI tool that communicates with the interface to run automated random robustness tests. We discuss the application of our tool at our industry partner and reflect on the lessons learned from it.",ieee,llm,0.780,unreviewed,,doi:10.1109/saner56733.2023.00111
discarded,On the test case definition for GUI testing,Kai-Yuan Cai; Lei Zhao; Hai Hu; Chang-Hai Jiang,2005,Fifth International Conference on Quality Software (QSIC'05),10.1109/QSIC.2005.45,https://ieeexplore.ieee.org/document/1579116/,adjacent-subtopic,"GUI testing is an area of growing importance, facing a number of severe challenges. A few methods have been proposed for GUI testing. However it is still not clear how to define GUI test cases and how many actions should be comprised of a GUI test case. In this paper we propose an approach that defines GUI test cases as a sequence of primitive GUI actions and treats GUI test suites as an inner hierarchy of formal language. This is not only theoretically solid but also practically convenient. The dimension of a GUI test suite and the order of a GUI test case can be defined uniquely. A convenient procedure is available that generates higher-order test cases from lower-order test cases. Three testing experiments with a real-world Internet browser reveal that second-order test cases may significantly outperform first-order test cases in GUI testing and should be generated to perform particular GUI functions. In addition, the number of actions applied during testing should be used to replace the number of tests performed during testing to evaluate the effectiveness of GUI testing processes. This paper provides a potential link between formal language theory and GUI testing.",ieee,llm,0.760,unreviewed,,doi:10.1109/qsic.2005.45
discarded,Towards GUI test based on interactive event-flow model,Yongjie Xu; Xiaodong Zhu; Yigang Wang,2012,"2012 International Conference on Quality, Reliability, Risk, Maintenance, and Safety Engineering",10.1109/ICQR2MSE.2012.6246224,https://ieeexplore.ieee.org/document/6246224/,adjacent-subtopic,"Event-flow model is a GUI testing model that describes the immediate execution relationship between GUI events, while GUI is based on event-driven mode. To improve the relationship between GUI events, information to describe the interactive relationship between GUI events is added in the event-flow model. The interactive relationship is based on sharing variables or exchanging messages. Then, an algorithm is given to generate effective and interactive GUI test cases based on interactive event-flow model, and the result of an experiments shows that this method obviously reduced the number of GUI test cases.",ieee,llm,0.960,unreviewed,,doi:10.1109/icqr2mse.2012.6246224
discarded,CAT: Change-focused Android GUI Testing,Chao Peng; Ajitha Rajan; Tianqin Cai,2021,2021 IEEE International Conference on Software Maintenance and Evolution (ICSME),10.1109/ICSME52107.2021.00047,https://ieeexplore.ieee.org/document/9609107/,adjacent-subtopic,"Android Apps are frequently updated, every couple of weeks, to keep up with changing user, hardware and business demands. Correctness of App updates is checked through extensive testing. Recent research has proposed tools for automated GUI event generation in Android Apps. These techniques, however, are not efficient at checking App updates as the generated GUI events do not prioritise updates, and instead explore other App behaviours. We address this need in this paper with CAT (Change-focused Android GUI Testing). For App updates, at the source code or GUI level, CAT performs change impact analysis to identify GUI elements affected by the update. CAT then generates GUI event sequences to interact with the affected GUI elements. Our empirical evaluations using 21 publicly available open source and 2 commercial Android Apps demonstrate that CAT is able to automatically identify GUI elements affected by App updates, generate and execute GUI event sequences focusing on change-affected GUI elements. Comparison with two popular GUI event generation tools, DroidBot and DroidMate, revealed that CAT was more effective at interacting with the change-affected GUI elements. Finally, CAT was able to detect previously unknown change-related bugs in two open source Apps. Developers of the commercial Apps found CAT was more effective than their in-house GUI testing tool in interacting with changed elements and faster at detecting seeded bugs.",ieee,llm,0.950,unreviewed,,doi:10.1109/icsme52107.2021.00047
kept,Automated System Testing Using Visual GUI Testing Tools: A Comparative Study in Industry,Emil Borjesson; Robert Feldt,2012,"2012 IEEE Fifth International Conference on Software Testing, Verification and Validation",10.1109/ICST.2012.115,https://ieeexplore.ieee.org/document/6200127/,supports-claim,"Software companies are under continuous pressure to shorten time to market, raise quality and lower costs. More automated system testing could be instrumental in achieving these goals and in recent years testing tools have been developed to automate the interaction with software systems at the GUI level. However, there is a lack of knowledge on the usability and applicability of these tools in an industrial setting. This study evaluates two tools for automated visual GUI testing on a real-world, safety-critical software system developed by the company Saab AB. The tools are compared based on their properties as well as how they support automation of system test cases that have previously been conducted manually. The time to develop and the size of the automated test cases as well as their execution times have been evaluated. Results show that there are only minor differences between the two tools, one commercial and one open-source, but, more importantly, that visual GUI testing is an applicable technology for automated system testing with effort gains over manual system test practices. The study results also indicate that the technology has benefits over alternative GUI testing techniques and that it can be used for automated acceptance testing. However, visual GUI testing still has challenges that must be addressed, in particular the script maintenance costs and how to support robust test execution.",ieee,llm,0.920,unreviewed,,doi:10.1109/icst.2012.115
discarded,ADAutomation: An Activity Diagram Based Automated GUI Testing Framework for Smartphone Applications,Ang Li; Zishan Qin; Mingsong Chen; Jing Liu,2014,2014 Eighth International Conference on Software Security and Reliability (SERE),10.1109/SERE.2014.20,https://ieeexplore.ieee.org/document/6895417/,adjacent-subtopic,"Under the increasing complexity and time-to-market pressures, functional validation is becoming a major bottleneck of smartphone applications running on mobile platforms (e.g., Android, iOS). Due to the GUI (Graphical User Interface) intensive nature, the execution of smartphone applications heavily relies on the interactions with users. Manual GUI testing is extremely slow and unacceptably expensive in practice. However, the lack of formal models of user behaviors in the design phase hinders the automation of GUI testing (i.e., test case generation and test evaluation). While thorough test efforts are required to ensure the consistency between user behavior specifications and GUI implementations, few of existing testing approaches can automatically utilize the design phase information to test complex smartphone applications. Based on UML activity diagrams, this paper proposes an automated GUI testing framework called AD Automation, which supports user behavior modeling, GUI test case generation, and post-test analysis and debugging. The experiments using two industrial smartphone applications demonstrate that our approach can not only drastically reduce overall testing time, but also improve the quality of designs.",ieee,llm,0.840,unreviewed,,doi:10.1109/sere.2014.20
discarded,DBInputs: Exploiting Persistent Data to Improve Automated GUI Testing,Diego Clerissi; Giovanni Denaro; Marco Mobilio; Leonardo Mariani,2024,IEEE Transactions on Software Engineering,10.1109/TSE.2024.3439002,https://ieeexplore.ieee.org/document/10624678/,adjacent-subtopic,"The generation of syntactically and semantically valid input data, able to exercise functionalities imposing constraints on the validity of the inputs, is a key challenge in automatic GUI (Graphical User Interface) testing. Existing test case generation techniques often rely on manually curated catalogs of values, although they might require significant effort to be created and maintained, and could hardly scale to applications with several input forms. Alternatively, it is possible to extract values from external data sources, such as the Web or publicly available knowledge bases. However, external sources are unlikely to provide the domain-specific and application-specific data that are often required to thoroughly exercise applications. This paper proposes DBInputs, a novel approach that automatically identifies domain-specific and application-specific inputs to effectively fulfill the validity constraints present in the tested GUI screens. The approach exploits syntactic and semantic similarities between the identifiers of the input fields shown on GUI screens and those of the tables of the target GUI application database, and extracts valid inputs from such database, automatically resolving the mismatch between the user interface and the database schema. DBInputs can properly cope with system testing and maintenance testing efforts, since databases are naturally and inexpensively available in those phases. Our experiments with 4 Web applications and 11 Mobile apps provide evidence that DBInputs can outperform techniques like random input selection and Link, a competing approach for searching inputs from knowledge bases, in both Web and Mobile domains.",ieee,llm,0.960,unreviewed,,doi:10.1109/tse.2024.3439002
kept,Making GUI Testing Practical: Bridging the Gaps,Pekka Aho; Matias Suarez; Atif Memon; Teemu Kanstrén,2015,2015 12th International Conference on Information Technology - New Generations,10.1109/ITNG.2015.77,https://ieeexplore.ieee.org/document/7113512/,supports-claim,"The effort and expertise required for manually crafting the models for model-based testing (MBT) is a major obstacle slowing down its industrial adoption. For implemented and executable systems, there are approaches to automate some part or even the whole process of creating the models for MBT. Recently, using extracted models for testing graphical user interface (GUI) applications has been a popular area of research, but most of the proposed approaches have limitations and restrictions on what can be modeled, and the software industry has not adopted these approaches. In this paper, we try to identify the gaps between the academic approaches and tools and industrial requirements hindering the industrial adoption, and try to suggest practical solutions to the identified gaps.",ieee,llm,0.880,unreviewed,,doi:10.1109/itng.2015.77
discarded,"A Systematic Review on Pattern-based GUI Testing of Android and Web Apps: State-of-the-Art, Taxonomy, Challenges and Future Directions",Ambreen Kousar; Saif Ur Rehman Khan; Shahid Hussain; M. Abdul Basit Ur Rahim; Wen-Li Wang; Naseem Ibrahim,2023,2023 25th International Multitopic Conference (INMIC),10.1109/INMIC60434.2023.10465949,https://ieeexplore.ieee.org/document/10465949/,adjacent-subtopic,"Graphical User Interface (GUI) designing and testing of different applications is significant from a user point of view. GUI testing ensures that the user interface of apps is visually appealing, user-friendly, and enhances user satisfaction. Pattern-Based GUI Testing (PBGT) is a new model-based testing approach that aims to enhance reusability while reducing the workload associated with modeling user interfaces and testing applications. The objective of conducting a Systematic Literature Review (SLR) on pattern-based GUI testing is to consolidate existing knowledge and provide insights for improving the effectiveness of PBGT methods. The objectives of conducting an SLR are the identification of current state-of-the-art approaches and tools in the targeted research context. To accomplish the mentioned objectives, A hybrid methodology combining Kitchenham’s SLR and PRISMA guidelines was used to conduct this SLR. We performed a keyword-based search on well-known databases IEEE, ACM, Science Direct, Wiley, and Springer Link to determine the potential studies published in the last 10 years. Following a comprehensive systematic analysis, we identified a total of twenty-four studies employing varied approaches for pattern-based GUI testing. Additionally, we identified 11 tools that have been used and proposed in PBGT for Android and web apps and made a taxonomy of tools. We also identified challenges and research directions. The implications of this study are significant. The current study is helpful for researchers intending to work in pattern-based GUI testing. The comprehensive knowledge about the current state-of-the-art Tools, techniques, and approaches will help practitioners to effectively apply them in industry and enable researchers to extend their work in this context in future research.",ieee,llm,0.860,unreviewed,,doi:10.1109/inmic60434.2023.10465949
discarded,Automated model-based Android GUI testing using multi-level GUI comparison criteria,Young-Min Baek; Doo-Hwan Bae,2016,2016 31st IEEE/ACM International Conference on Automated Software Engineering (ASE),,https://ieeexplore.ieee.org/document/7582762/,adjacent-subtopic,"Automated Graphical User Interface (GUI) testing is one of the most widely used techniques to detect faults in mobile applications (apps) and to test functionality and usability. GUI testing exercises behaviors of an application under test (AUT) by executing events on GUIs and checking whether the app behaves correctly. In particular, because Android leads in market share of mobile OS platforms, a lot of research on automated Android GUI testing techniques has been performed. Among various techniques, we focus on model-based Android GUI testing that utilizes a GUI model for systematic test generation and effective debugging support. Since test inputs are generated based on the underlying model, accurate GUI modeling of an AUT is the most crucial factor in order to generate effective test inputs. However, most modern Android apps contain a number of dynamically constructed GUIs that make accurate behavior modeling more challenging. To address this problem, we propose a set of multi-level GUI Comparison Criteria (GUICC) that provides the selection of multiple abstraction levels for GUI model generation. By using multilevel GUICC, we conducted empirical experiments to identify the influence of GUICC on testing effectiveness. Results show that our approach, which performs model-based testing with multi-level GUICC, achieved higher effectiveness than activity-based GUI model generation. We also found that multi-level GUICC can alleviate the inherent state explosion problems of existing a single-level GUICC for behavior modeling of real-world Android apps by flexibly manipulating GUICC.",ieee,llm,0.940,unreviewed,,hash:ae98aa05acb8eff9
