status,title,authors,year,venue,doi,url,tags,abstract,provider,decision_source,llm_confidence,llm_review_outcome,llm_change_direction,paper_id
discarded,A Block-Based Testing Framework for Scratch,"Feldmeier, Patric; Fraser, Gordon; Heuer, Ute; Obermueller, Florian; Steckenbiller, Siegfried",2024,"PROCEEDINGS OF 24TH INTERNATIONAL CONFERENCE ON COMPUTING EDUCATION RESEARCH, KOLI CALLING 2024",10.1145/3699538.3699547,https://www.webofscience.com/wos/woscc/full-record/WOS:001416154200001,adjacent-subtopic,"Block-based programming environments like Scratch are widely used in introductory programming courses. They facilitate learning pivotal programming concepts by eliminating syntactical errors, but logical errors that break the desired program behaviour are nevertheless possible. Finding such errors requires testing, i.e., running the program and checking its behaviour. In many programming environments, this step can be automated by providing executable tests as code; in Scratch, testing can only be done manually by invoking events through user input and observing the rendered stage. While this is arguably sufficient for learners, the lack of automated testing may be inhibitive for teachers wishing to provide feedback on their students' solutions. In order to address this issue, we introduce a new category of blocks in Scratch that enables the creation of automated tests. With these blocks, students and teachers alike can create tests and receive feedback directly within the Scratch environment using familiar block-based programming logic. To facilitate the creation and to enable batch processing sets of student solutions, we extend the Scratch user interface with an accompanying test interface. We evaluated this testing framework with 28 teachers who created tests for a popular Scratch game and subsequently used these tests to assess and provide feedback on student implementations. An overall accuracy of 0.93 of teachers' tests compared to manually evaluating the functionality of 21 student solutions demonstrates that teachers are able to create and effectively use tests. A subsequent survey confirms that teachers consider the block-based test approach useful.",wos,llm,0.900,unreviewed,,doi:10.1145/3699538.3699547
discarded,Seismic random noise suppression by structure-oriented BM3D,"Zhang, Shanghua; Wang, Hang; Zhang, Lele; Hu, Xiangyun",2025,COMPUTERS & GEOSCIENCES,10.1016/j.cageo.2025.105859,https://www.webofscience.com/wos/woscc/full-record/WOS:001412251300001,off-topic-false-hit,"Random noise affects the precision of seismic imaging and interpretation, thus denoising is a significant step in data processing. Block matching and 3D collaborative filtering (BM3D) is an effective block-based noise suppression algorithm. However, when it is applied to the data with complex structures, the similarity between data blocks will decrease significantly, thereby damaging some structural details and leading to energy leakage. To address this issue, we propose a structure-oriented BM3D (SBM3D) denoising method. Initially, plane wave destruction (PWD) is employed to estimate the local slope of the seismic data. Using the obtained slope information, the events are flattened, significantly enhancing the similarity between data blocks. To minimize the flattening error, segmented flattening of the data is performed. Subsequently, BM3D is applied to the flattened data for denoising. Finally, the events are restored to their original shape through inverse flattening to obtain the ultimate denoised result. Through this method, the leaking signal energy from removed noise can be reduced. In addition, we adopt a parallel computing method to improve the computational efficiency. Synthetic and field data testing results show that this improved method can effectively reduce signal damage while ensuring the denoising effect.",wos,llm,1.000,unreviewed,,doi:10.1016/j.cageo.2025.105859
discarded,Automatic detection of scratching events on vehicles with audio-based spectrograms,"Soares, Andre R.; Ferreira, Andre L.; Fernandes, Joao M.",2025,EXPERT SYSTEMS WITH APPLICATIONS,10.1016/j.eswa.2024.126071,https://www.webofscience.com/wos/woscc/full-record/WOS:001388449400001,off-topic-false-hit,"The identification of damages, specifically scratches, on the structure of vehicles is a challenge to many businesses. Inmost automobile industries, this process is mainly performed by human vision, which is unstable and error-prone. Companies are avidly seeking for automatic solutions to facilitate this type of inspection. This article is about an endeavour that intends to develop a novel software-based solution for automatically identifying events that can cause scratches on passenger vehicles. The algorithm that identifies scratching events is at the heart of that solution. The algorithm is based on a convolutional neural network and was designed to use audio data obtained from microphones installed in vehicles. The article presents methods for transforming audio signals into images representing the spectral characteristics of the audio. It also describes the development and the evaluation of the convolutional neural network that was trained to identify scratching events. The convolutional neural network undergoes training, considering the vast array of sounds that a microphone can detect, within the countless everyday driving environments which vehicles can be subjected to. The accuracy of the convolutional neural network that identifies scratching events has an excellent performance, as indicated by a Matthews correlation coefficient equal to +0.90. Our work highlights the potential of convolutional neural networks in scratching events identification and prepares for future research to expand the dataset and to incorporate a wider range of events to be detected. These promising results permit one to consider the use of the algorithm in different applications for the automotive domain.",wos,llm,1.000,unreviewed,,doi:10.1016/j.eswa.2024.126071
discarded,Hearing and vision rehabilitation for people with dementia in fi ve European countries (SENSE-Cog): a randomised controlled trial,"Leroi, Iracema; Armitage, Christopher J.; Camacho, Elizabeth M.; Charalambous, Anna Pavlina; Connelly, J. P.; Constantinidou, Fofi; David, Renaud; Dawes, Piers; Elliott, Rachel A.; Hann, Mark; Holden, Alison; Hooper, Emma; Kennelly, Sean P.; Kontogianni, Evangelia; Lawlor, Brian A.; Longobardi, Julie; Paterson, Luke; Politis, Antonis M.; Reeves, David; Schwimmer, Christine; Thodi, Chryssoula; Worthington, Mark; Yeung, Wai Kent; Frison, Eric",2024,LANCET HEALTHY LONGEVITY,10.1016/j.lanhl.2024.07.008,https://www.webofscience.com/wos/woscc/full-record/WOS:001370508000001,off-topic-false-hit,"Background The effect of hearing and vision difficulties on the risk of developing dementia and worsening outcomes in people already living with dementia is well established. We evaluated the clinical impact of a hearing and vision rehabilitation and support programme on quality of life in people with mild-to-moderate dementia and concurrent sensory difficulties. Methods We conducted a parallel-group, multicentre, observer-blind, superiority randomised controlled trial in seven older adult clinics in fi ve European countries (Cyprus, France, Greece, Ireland, and the UK). People with mild-to- moderate dementia with adult-acquired hearing difficulties, vision difficulties, or both were randomly assigned (1:1) along with their care partner to an 18-week home-basedsensory support intervention (SSI) of tailored hearing and vision rehabilitation and support, or to care as usual. Randomisation was blocked (block size of four, six, or eight) and stratified by country, with allocation assigned via a remote web-based system. The SSI included: full hearing assessment, vision assessment, or both; fi tting of hearing aids, glasses, or other sensory aids; and home- based support from a sensory support therapist to assist adherence and uptake of sensory aids, foster social networking, and optimise the home sensory environment. Care as usual involved no additional intervention beyond services normally available to people with dementia at the respective sites. The primary outcome was health-related quality of life (Dementia Quality of Life Instrument [DEMQoL]) score at 36 weeks, reported as an adjusted mean difference. Analyses were done according to the intention-to-treat principle. This trial is registered with the ISRCTN Registry, ISRCTN17056211. Findings Between May 4, 2018, and May 6, 2021, 252 people with mild-to-moderate dementia were randomly assigned, of whom 251 (n=126 in the SSI group and n=125 in the care as usual group) were included in the analysis. The mean age of participants was 79.6 years (SD 5.8), and 132 (53%) were women. After a median follow-up time of 37.7 weeks (IQR 36.2-39.0), the mean DEMQoL score was 92.8 (SD 15.2) in the SSI group and 92.8 (14.0) in the care as usual group (adjusted difference 0.18, 95% CI - 2 . 13 to 2.30, p=0.87). Among 114 adverse events reported for 56 (44%) participants in the SSI group, ten events in nine participants were related or possibly related to the intervention (medical device pain or discomfort n=6, ear pain n=1, scratch to the ear n=1, sore eye n=1, redness n=1; all of grade 1). Serious adverse events were reported for 25 (20%) participants in the SSI group and 16 (13%) in the care as usual group. Six (5%) participants in the SSI group and fi ve (4%) in the care as usual group died. None of the serious adverse events or deaths were related to the study intervention or procedures. Interpretation This study showed no improvement in quality in life in participants who received the intervention in the longer term. Sensory difficulties are common in people with dementia and interventions aimed at improving sensory-cognitive health should be explored further.",wos,llm,1.000,unreviewed,,doi:10.1016/j.lanhl.2024.07.008
discarded,VANDOR: Mitigating SEUs into Quantized Neural Networks,"Guilleme, Wilfread; Kritikakou, Angeliki; Helen, Youri; Killian, Cedric; Chillet, Daniel",2024,"2024 IEEE 30TH INTERNATIONAL SYMPOSIUM ON ON-LINE TESTING AND ROBUST SYSTEM DESIGN, IOLTS 2024",10.1109/IOLTS60994.2024.10616081,https://www.webofscience.com/wos/woscc/full-record/WOS:001293143000026,off-topic-false-hit,"Embedded neural networks are increasingly deployed in critical applications, such as avionics and autonomous vehicle control. However, their reliability is challenged by various sources of soft errors, including radiation-induced faults from cosmic ray strikes, leading to Single Event Upsets (SEUs). To ensure the reliability of such systems, we present a novel hardware-based fault protection strategy tailored for embedded neural networks. The idea is based on mitigating faults by adapting at run-time any erroneous values (parameters, intermediate data) due to SEU towards zero upon fault detection. As neural networks exhibit heterogeneous sensitivity to fault direction, our hardware-based approach triplicates the sign bit (TMR) and uses a Voter block based on logical AND/OR gates to handle fault directionality. Through a comprehensive and exhaustive fault injection study, conducted on a Convolutional Neural Network (CNN) model, implemented on FPGA using fixed-point quantization, we show that our method is applicable to various hardware architectures while optimizing hardware cost, a crucial aspect in the context of embedded systems. Obtained results show that VANDOR protection efficiency is near 90.97% for the LeNet-5 CNN inference model, suitable for an embedded system. Additionally, it significantly reduces area overhead compared to existing approaches.",wos,llm,1.000,unreviewed,,doi:10.1109/iolts60994.2024.10616081
discarded,Resource-Efficient Real-Time Polarization Compensation for MDI-QKD with Rejected Data,"Bedroya, Olinka; Li, Chenyang; Wang, Wenyuan; Hu, Jianyong; Lo, Hoi-Kwong; Qian, Li",2024,QUANTUM,,https://www.webofscience.com/wos/woscc/full-record/WOS:001296162900001,off-topic-false-hit,"Measurement-device-independent quantum key distribution (MDI-QKD) closes all the security loopholes in the detection system and is a promising solution for secret key sharing. Polarization encoding is the most common QKD encoding scheme, as it is straightforward to prepare and measure. However, implementing polarization encoding in MDI QKD imposes extra challenges, as polarization alignment must be maintained over both mutually unbiased bases and be maintained for both paths (Alice-Charlie and Bob-Charlie). Polarization alignment is usually done by interrupting the QKD process (reducing overall key generation rates) or using additional classical laser sources multiplexed with quantum channels for polarization alignment. Since low key rates and cost are the two most pressing challenges preventing wide adoption of QKD systems, using additional resources or reducing key rates runs contrary to making QKD commercially viable. Therefore, we propose and implement a novel polarization compensation scheme in the MDI-QKD system that avoids the aforementioned drawbacks by recycling part of discarded detection events. Our scheme evaluates the polarization drift in real-time based on single measurements corresponding to decoy intensities. Our fully automated experimental demonstration maintains the average polarization drift below 0.13 rad over 40 km of spooled fibre (without an insulating jacket) for at least four hours. The average quantum bit error rate is 3.8%, and we achieved an average key rate of 7.45 x 10-6 bits per pulse.",wos,llm,1.000,unreviewed,,hash:527f78044b4c0df6
discarded,Development of a Deep Learning Model for the Prediction of Ventilator Weaning,"Gonzalez, Hernando; Arizmendi, Carlos Julio; Giraldo, Beatriz F.",2024,INTERNATIONAL JOURNAL OF ONLINE AND BIOMEDICAL ENGINEERING,10.3991/ijoe.v20i11.49453,https://www.webofscience.com/wos/woscc/full-record/WOS:001286817600010,off-topic-false-hit,"The issue of failed weaning is a critical concern in the intensive care unit (ICU) setting. This scenario occurs when a patient experiences difficulty maintaining spontaneous breathing and ensuring a patent airway within the first 48 hours after the withdrawal of mechanical ventilation. Approximately 20% of ICU patients experience this phenomenon, which has severe repercussions on their health. It also has a substantial impact on clinical evolution and mortality, which can increase by 25% to 50%. To address this issue, we propose a medical support system that uses a convolutional neural network (CNN) to assess a patient's suitability for disconnection from a mechanical ventilator after a spontaneous breathing test (SBT). During SBT, respiratory flow and electrocardiographic activity were recorded and after processed using time-frequency analysis (TFA) techniques. Two CNN architectures were evaluated in this study: one based on ResNet50, with parameters tuned using a Bayesian optimization algorithm, and another CNN designed from scratch, with its structure also adapted using a Bayesian optimization algorithm. The WEANDB database was used to train and evaluate both models. The results showed remarkable performance, with an average accuracy 98 +/- 1.8% when using CNN from scratch. This model has significant implications for the ICU because it provides a reliable tool to enhance patient care by assisting clinicians in making timely and accurate decisions regarding weaning. This can potentially reduce the adverse outcomes associated with failed weaning events.",wos,llm,1.000,unreviewed,,doi:10.3991/ijoe.v20i11.49453
discarded,Jet Quenching for Hadron-tagged Jets in pA Collisions,"Zakharov, B. G.",2024,JETP LETTERS,10.1134/S0021364024602380,https://www.webofscience.com/wos/woscc/full-record/WOS:001280240100001,off-topic-false-hit,"We calculate the medium modification factor IpA for 5.02 TeV p + Pb collisions. We use the Monte-Carlo Glauber model to determine the parameters of the quark-gluon plasma fireball in pA jet events. Our calculations show that the jet quenching effect for IpA turns out to be rather small. We have found that the theoretical I-pA as a function of the underlying event charged multiplicity density, within errors, agrees with data from ALICE [1] for 5.02 TeV p + Pb collisions. However, the experimental errors are too large to draw a firm conclusion on the possible presence of jet quenching.",wos,llm,1.000,unreviewed,,doi:10.1134/s0021364024602380
discarded,Visual odometry with neuromorphic resonator networks,"Renner, Alpha; Supic, Lazar; Danielescu, Andreea; Indiveri, Giacomo; Frady, E. Paxon; Sommer, Friedrich T.; Sandamirskaya, Yulia",2024,NATURE MACHINE INTELLIGENCE,10.1038/s42256-024-00846-2,https://www.webofscience.com/wos/woscc/full-record/WOS:001258009300004,off-topic-false-hit,"Visual odometry (VO) is a method used to estimate self-motion of a mobile robot using visual sensors. Unlike odometry based on integrating differential measurements that can accumulate errors, such as inertial sensors or wheel encoders, VO is not compromised by drift. However, image-based VO is computationally demanding, limiting its application in use cases with low-latency, low-memory and low-energy requirements. Neuromorphic hardware offers low-power solutions to many vision and artificial intelligence problems, but designing such solutions is complicated and often has to be assembled from scratch. Here we propose the use of vector symbolic architecture (VSA) as an abstraction layer to design algorithms compatible with neuromorphic hardware. Building from a VSA model for scene analysis, described in our companion paper, we present a modular neuromorphic algorithm that achieves state-of-the-art performance on two-dimensional VO tasks. Specifically, the proposed algorithm stores and updates a working memory of the presented visual environment. Based on this working memory, a resonator network estimates the changing location and orientation of the camera. We experimentally validate the neuromorphic VSA-based approach to VO with two benchmarks: one based on an event-camera dataset and the other in a dynamic scene with a robotic task.

Visual odometry, or self-motion estimation, is a fundamental task in robotics. Renner, Supic and colleagues introduce a neuromorphic algorithm for visual odometry that leverages hyperdimensional computing and hierarchical resonators. The approach estimates a robot's motion from event-based vision, a step towards low-power machine vision for robotics.",wos,llm,1.000,unreviewed,,doi:10.1038/s42256-024-00846-2
discarded,Deep-learning-based downscaling of precipitation in the middle reaches of the Yellow River using residual-based CNNs,"Fu, He; Guo, Jianing; Deng, Chenguang; Liu, Heng; Wu, Jie; Shi, Zhengguo; Wang, Cailing; Xie, Xiaoning",2024,QUARTERLY JOURNAL OF THE ROYAL METEOROLOGICAL SOCIETY,10.1002/qj.4759,https://www.webofscience.com/wos/woscc/full-record/WOS:001237438900001,off-topic-false-hit,"The middle reaches of the Yellow River (MRYR), located in northern China, are the transition zone between semi-arid and semi-humid climates. As one of the climate-sensitive regions in China, MRYR has a fragile ecological environment and serious soil loss, which leads to geological disasters such as landslides, collapses, and mudslides caused by extreme precipitation. However, scarceness of high-resolution precipitation data over MRYR limits assessment of the environmental impacts caused by climate change, especially for extreme precipitation. In this article, we design a Residual-in-Residual Dense Block based Network (RRDBNet) model for the statistical downscaling of precipitation in MRYR, and compare the proposed RRDBNet with a generalized linear regression model (GLM) and two popular deep-learning-based models. The multi-level residuals and dense connectivity strategies introduced in RRDBNet help it to learn more abstract features and complex nonlinear relationships among climate variables to improve downscaling performance. The results show that the proposed RRDBNet has good performance in precipitation simulations, which can reproduce the spatial-temporal characteristics of high-resolution precipitation well. RRDBNet reduces the root-mean-squared error (RMSE) by 19% and improves the Pearson correlation coefficient (CC) by 6% relative to GLM for climatology mean precipitation. Especially, RRDBNet has substantial improvements in extreme precipitation compared with other models. It reduces RMSE by 58% (79%) and improves CC by 38% (145%) relative to GLM for R95P (R99P), where R95P and R99P represent extreme precipitation and very extreme precipitation, respectively. For the probability density function of daily precipitation, it is further demonstrated that RRDBNet performs better as regards extreme precipitation frequency. Our results suggest that statistical downscaling based on RRDBNet may be an effective tool for historical and future climate simulations from global climate models.

A Residual-in-Residual Dense Block based Network (RRDBNet) model is designed for the statistical downscaling of regional precipitation. The evaluation shows that RRDBNet has substantial improvements in precipitation and extreme precipitation compared with other two deep-learning models. For probability density function of daily precipitation, it is further demonstrated that RRDBNet performs better as regards extreme precipitation frequency. Our results suggest that statistical downscaling based on RRDBNet may be an effective tool for historical and future climate simulations from global climate models. image",wos,llm,1.000,unreviewed,,doi:10.1002/qj.4759
