status,title,authors,year,venue,doi,url,tags,abstract,provider,decision_source,llm_confidence,llm_review_outcome,llm_change_direction,paper_id
kept,Automated Model-Based Test Case Generation for Web User Interfaces (WUI) From Interaction Flow Modeling Language (IFML) Models,Nazish Yousaf; Farooque Azam; Wasi Haider Butt; Muhammad Waseem Anwar; Muhammad Harunur Rashid,2019,IEEE Access,10.1109/access.2019.2917674,https://openalex.org/W2946727759,supports-claim,"Since the emergence of web 2.0, the architecture of web applications has been transformed significantly and its complexity has grown enormously. In such web applications, the user interface (UI) is an important ingredient and with the increased complexity, its testing is getting increasingly complex and cost/time-consuming process. Recently introduced, interaction flow modeling language (IFML) is an object management group (OMG) standard. IFML is gaining popularity for developing web applications, primarily, because of its excellent features for modeling UI elements, their content, and their interaction capturing capabilities. However, despite its superior UI modeling features, its UI testing is accomplished through traditional time-consuming techniques, which are employed after implementing the UI code. Hence, to overcome these limitations, this paper introduces a novel model-based testing approach for IFML UI elements. The proposed approach provides complete navigation testing using formal models. Moreover, the approach transforms the IFML models to all necessary UI testing artifacts by generating state transition matrix plus detailed UI test case document. As a part of a research, model-based user interface test case (MBUITC) generator tool is implemented to automatically generate navigation model for formal verification, test case document, and transition matrices from IFML models. The applicability of the proposed approach is validated through two benchmark case studies. The results have shown that the proposed approach provides test cases at the early stages of development, i.e., specification and analysis, which eventually helps in building a right product at the right time at a comparatively lower cost.",openalex,llm,0.880,unreviewed,,doi:10.1109/access.2019.2917674
discarded,Multi-Domain Modelling of LEDs for Supporting Virtual Prototyping of Luminaires,A. Poppe; Gábor Farkas; Lajos Gaál; Gusztáv Hantos; János Hegedüs; M. Rencz,2019,Energies,10.3390/en12101909,https://openalex.org/W2945820865,off-topic-false-hit,"This paper presents our approaches to chip level multi-domain LED (light emitting diode) modelling, targeting luminaire design in the Industry 4.0 era, to support virtual prototyping of LED luminaires through luminaire level multi-domain simulations. The primary goal of such virtual prototypes is to predict the light output characteristics of LED luminaires under different operating conditions. The key component in such digital twins of a luminaire is an appropriate multi-domain model for packaged LED devices that captures the electrical, thermal, and light output characteristics and their mutual dependence simultaneously and consistently. We developed two such models with this goal in mind that are presented in detail in this paper. The first model is a semi analytical, quasi black-box model that can be implemented on the basis of the built-in diode models of spice-like circuit simulators and a few added controlled sources. Our second presented model is derived from the physics of the operation of today’s power LEDs realized with multiple quantum well heterojunction structures. Both models have been implemented in the form of visual basic macros as well as circuit models suitable for usual spice circuit simulators. The primary test bench for the two circuit models was an LTspice simulation environment. Then, to support the design of different demonstrator luminaires of the Delphi4LED project, a spreadsheet application was developed, which ensured seamless integration of the two models with additional models representing the LED chips’ thermal environment in a luminaire. The usability of our proposed models is demonstrated by real design case studies during which simulated light output characteristics (such as hot lumens) were confirmed by luminaire level physical tests.",openalex,llm,1.000,unreviewed,,doi:10.3390/en12101909
discarded,Model-Based Ideal Testing of GUI Programs–Approach and Case Studies,Onur Kılınççeker; Alper Silistre; Fevzi Belli; Moharram Challenger,2021,IEEE Access,10.1109/access.2021.3077518,https://openalex.org/W3162719608,adjacent-subtopic,"Traditionally, software testing is aimed at showing the presence of faults. This paper proposes a novel approach to testing graphical user interfaces (GUI) for showing both the presence and absence of faults in the sense of ideal testing. The approach uses a positive testing concept to show that the GUI under consideration (GUC) does what the user expects; to the contrary, the negative testing concept shows that the GUC does not do anything that the user does not expect, building a holistic view. The first step of the approach models the GUC by a finite state machine (FSM) that enables the model-based generation of test cases. This is always possible as the GUIs are considered as strictly sequential processes. The next step converts the FSM to an equivalent regular expression (RE) that will be analyzed first to construct test selection criteria for excluding redundant test cases and construct test coverage criteria for terminating the positive test process. Both criteria enable us to assess the adequacy and efficiency of the positive tests performed. The negative tests will be realized by systematically mutating the FSM to model faults, the absence of which are to be shown. Those mutant FSMs will be handled and assessed in the same way as in positive testing. Two case studies illustrate and validate the approach; the experiments' results will be analyzed to discuss the pros and cons of the techniques introduced.",openalex,llm,0.910,unreviewed,,doi:10.1109/access.2021.3077518
discarded,"Testing, Validation, and Verification of Robotic and Autonomous Systems: A Systematic Review",Hugo Araujo; Mohammad Reza Mousavi; Mahsa Varshosaz,2022,ACM Transactions on Software Engineering and Methodology,10.1145/3542945,https://openalex.org/W4282981328,off-topic-false-hit,"We perform a systematic literature review on testing, validation, and verification of robotic and autonomous systems (RAS). The scope of this review covers peer-reviewed research papers proposing, improving, or evaluating testing techniques, processes, or tools that address the system-level qualities of RAS. Our survey is performed based on a rigorous methodology structured in three phases. First, we made use of a set of 26 seed papers (selected by domain experts) and the SERP-TEST taxonomy to design our search query and (domain-specific) taxonomy. Second, we conducted a search in three academic search engines and applied our inclusion and exclusion criteria to the results. Respectively, we made use of related work and domain specialists (50 academics and 15 industry experts) to validate and refine the search query. As a result, we encountered 10,735 studies, out of which 195 were included, reviewed, and coded. Our objective is to answer four research questions, pertaining to (1) the type of models, (2) measures for system performance and testing adequacy, (3) tools and their availability, and (4) evidence of applicability, particularly in industrial contexts. We analyse the results of our coding to identify strengths and gaps in the domain and present recommendations to researchers and practitioners. Our findings show that variants of temporal logics are most widely used for modelling requirements and properties, while variants of state-machines and transition systems are used widely for modelling system behaviour. Other common models concern epistemic logics for specifying requirements and belief-desire-intention models for specifying system behaviour. Apart from time and epistemics, other aspects captured in models concern probabilities (e.g., for modelling uncertainty) and continuous trajectories (e.g., for modelling vehicle dynamics and kinematics). Many papers lack any rigorous measure of efficiency, effectiveness, or adequacy for their proposed techniques, processes, or tools. Among those that provide a measure of efficiency, effectiveness, or adequacy, the majority use domain-agnostic generic measures such as number of failures, size of state-space, or verification time were most used. There is a trend in addressing the research gap in this respect by developing domain-specific notions of performance and adequacy. Defining widely accepted rigorous measures of performance and adequacy for each domain is an identified research gap. In terms of tools, the most widely used tools are well-established model-checkers such as Prism and Uppaal, as well as simulation tools such as Gazebo; Matlab/Simulink is another widely used toolset in this domain. Overall, there is very limited evidence of industrial applicability in the papers published in this domain. There is even a gap considering consolidated benchmarks for various types of autonomous systems.",openalex,llm,0.970,unreviewed,,doi:10.1145/3542945
discarded,Intelligent User Interfaces and Their Evaluation: A Systematic Mapping Study,Saša Brdnik; Tjaša Heričko; Boštjan Šumak,2022,Sensors,10.3390/s22155830,https://openalex.org/W4289860838,adjacent-subtopic,"Intelligent user interfaces (IUI) are driven by the goal of improvement in human-computer interaction (HCI), mainly improving user interfaces' user experience (UX) or usability with the help of artificial intelligence. The main goal of this study is to find, assess, and synthesize existing state-of-the-art work in the field of IUI with an additional focus on the evaluation of IUI. This study analyzed 211 studies published in the field between 2012 and 2022. Studies are most frequently tied to HCI and SE domains. Definitions of IUI were observed, showing that adaptation, representation, and intelligence are key characteristics associated with IUIs, whereas adaptation, reasoning, and representation are the most commonly used verbs in their description. Evaluation of IUI is mainly conducted with experiments and questionnaires, though usability and UX are not considered together in evaluations. Most evaluations (81% of studies) reported partial or complete improvement in usability or UX. A shortage of evaluation tools, methods, and metrics, tailored for IUI, is noticed. Most often, empirical data collection methods and data sources in IUI evaluation studies are experiment, prototype development, and questionnaire.",openalex,llm,0.950,unreviewed,,doi:10.3390/s22155830
discarded,Model-driven development of user interfaces for IoT systems via domain-specific components and patterns,Marco Brambilla; Eric Umuhoza; Roberto Acerbis,2017,Journal of Internet Services and Applications,10.1186/s13174-017-0064-1,https://openalex.org/W2759368202,adjacent-subtopic,"Internet of Things technologies and applications are evolving and continuously gaining traction in all fields and environments, including homes, cities, services, industry and commercial enterprises. However, still many problems need to be addressed. For instance, the IoT vision is mainly focused on the technological and infrastructure aspect, and on the management and analysis of the huge amount of generated data, while so far the development of front-end and user interfaces for IoT has not played a relevant role in research. On the contrary, user interfaces can play a key role in the acceptance of IoT solutions by final adopters. In this paper we discuss the requirements and usage scenarios covering the front end aspects of IoT systems and we present a model-driven approach to the design of such interfaces by: defining specific components and design patterns using a visual modeling language for IoT applications; describing an implementation of the solution that comprises also automatic code generation from models; and by showing the solution at work.",openalex,llm,0.860,unreviewed,,doi:10.1186/s13174-017-0064-1
kept,A model-view separation architecture for GUI application components,H. Washizaki; Y. Fukazawa,2005,International Conference on Information Technology: Coding and Computing (ITCC'05) - Volume II,10.1109/ITCC.2005.17,https://ieeexplore.ieee.org/document/1425170/,supports-claim,"Graphical user interface (GUI) application component is a compound component, which consists of fine-grained components (such as GUI widgets) and specific logic. GUI application components fabricated by conventional techniques expose low extensibility because of the incomplete separation between the application logic part and GUI part inside the components. In this paper, we propose a new component architecture, ""BeaM"", which realizes complete separation between both parts inside the GUI application components. We have implemented a development environment corresponding to the proposed architecture in Java language. As a result of experimental evaluations, it is found that BeaM is useful to develop GUI application components as JavaBeans components with high extensibility.",ieee,llm,0.990,unreviewed,,doi:10.1109/itcc.2005.17
kept,Testing user interfaces in applications,Witold Wysota,2008,2008 1st International Conference on Information Technology,10.1109/INFTECH.2008.4621674,https://ieeexplore.ieee.org/document/4621674/,supports-claim,This paper describes the problem of testing graphical user interfaces (GUI) in applications with commonly used methods and introduces a new approach to such applications. The idea is to separate the GUI from the rest of the application and focus on testing the correctness of the interface itself and not the whole system.,ieee,llm,0.980,unreviewed,,doi:10.1109/inftech.2008.4621674
kept,Automated test software: Separated and integrated,Patrick Goergen; Nick Cantoni,2010,2010 IEEE AUTOTESTCON,10.1109/AUTEST.2010.5613556,https://ieeexplore.ieee.org/document/5613556/,supports-claim,"Effective automated test equipment is built upon the idea of abstracted layers to provide a flexible, robust, and comprehensive test environment. The layers must be plentiful and each one offer abstracted abilities of lower layers. In addition, if a layer is absent, the lack of that layer must not disrupt the ability to use lower ones; a layer must be independent of any higher (observer) layers. This paper focuses on the highest level software layers that are essential to making an effective and reusable user interface.",ieee,llm,0.760,unreviewed,,doi:10.1109/autest.2010.5613556
discarded,Yet Another Performance Testing Framework,Shiping Chen; David Moreland; Surya Nepal; John Zic,2008,19th Australian Conference on Software Engineering (aswec 2008),10.1109/ASWEC.2008.4483205,https://ieeexplore.ieee.org/document/4483205/,adjacent-subtopic,"Performance testing is one of the vital activities spanning the whole life cycle of software engineering. While there are a considerable number of performance testing products and open source tools available, they are either too expensive and complicated for small projects, or too specific and simple for diverse performance tests. This paper presents a general-purpose testing framework for both simple and small, and complicated and large-scale performance testing. Our framework proposes an abstraction to facilitate performance testing by separating the application logic from the common performance testing functionalities. This leads to a set of general-purpose data models and components, which form the core of the framework. The framework has been prototyped on both .NET and Java platforms and was used for a number of performance-related projects.",ieee,llm,0.950,unreviewed,,doi:10.1109/aswec.2008.4483205
discarded,"DRIVE: A tool for developing, deploying, and managing distributed sensor and actuator applications",H. Chen; P. B. Chou; N. H. Cohen; S. S. Duri; C. W. Jung,2008,IBM Systems Journal,10.1147/sj.472.0289,https://ieeexplore.ieee.org/document/5386547/,adjacent-subtopic,"This paper introduces Distributed Responsive Infrastructure-Virtualization Environment (DRIVE), a tool that provides both an integrated development environment (IDE) and an execution environment and thus supports the entire life cycle of sensor/actuator applications. Developers are only responsible for implementing the core event-handling logic, whereas DRIVE generates the necessary code for message passing and invocation, thus reducing the development skills required. The development methodology, which is component based and model driven, separates the solution model, which captures the business logic, from the deployment model, which reflects the physical computing infrastructure. This allows the administrators to configure and deploy applications on various infrastructure topologies. To illustrate the benefits of DRIVE, we present an example application, dock-door receiving, and show the ways in which DRIVE supports the modeling and development of the application logic and the multiphase deployment of the resulting application in a production environment.",ieee,llm,0.970,unreviewed,,doi:10.1147/sj.472.0289
discarded,Semantics for Big Data access & integration: Improving industrial equipment design through increased data usability,Jenny Weisenberg Williams; Paul Cuddihy; Justin McHugh; Kareem S. Aggour; Arvind Menon; Steven M. Gustafson; Timothy Healy,2015,2015 IEEE International Conference on Big Data (Big Data),10.1109/BigData.2015.7363864,https://ieeexplore.ieee.org/document/7363864/,off-topic-false-hit,"With the advent of Big Data technologies, organizations can efficiently store and analyze more data than ever before. However, extracting maximal value from this data can be challenging for many reasons. For example, datasets are often not stored using human-understandable terms, making it difficult for a large set of users to benefit from them. Further, given that different types of data may be best stored using different technologies, datasets that are closely related may be stored separately with no explicit linkage. Finally, even within individual data stores, there are often inconsistencies in data representations, whether introduced over time or due to different data producers. These challenges are further compounded by frequent additions to the data, including new raw data as well as results produced by large-scale analytics. Thus, even within a single Big Data environment, it is often the case that multiple rich datasets exist without the means to access them in a unified and cohesive way, often leading to lost value. This paper describes the development of a Big Data management infrastructure with semantic technologies at its core to provide a unified data access layer and a consistent approach to analytic execution. Semantic technologies were used to create domain models describing mutually relevant datasets and the relationships between them, with a graphical user interface to transparently query across datasets using domain-model terms. This prototype system was built for GE Power & Water's Power Generation Products Engineering Division, which has produced over 50TB of gas turbine and component prototype test data to date. The system is expected to result in significant savings in productivity and expenditure.",ieee,llm,0.990,unreviewed,,doi:10.1109/bigdata.2015.7363864
kept,ASP.NET and JSP Frameworks in Model View Controller Implementation,Fawaz A. Masoud; Dana H. Halabi; Deema H. Halabi,2006,2006 2nd International Conference on Information & Communication Technologies,10.1109/ICTTA.2006.1684998,https://ieeexplore.ieee.org/document/1684998/,supports-claim,"The Model View Controller (MVC) is a fundamental design pattern for the separation between user interface logic and business logic. The Model-View Controller (MVC) pattern is a method of sorting an application into three distinct components; the Model, the View, and the Controller. In this paper, we implement MVC method in two different frameworks; the ASP. Net framework and Java Server Pages (JSP) framework. Our findings -in this study- show that implementing the ASP. et framework is easier than JSP framework to achieve the MVC major concept.",ieee,llm,0.980,unreviewed,,doi:10.1109/ictta.2006.1684998
discarded,Proposal of a smart water meter for detecting sudden water leakage,Jan Fikejz; Jiři Roleček,2018,2018 ELEKTRO,10.1109/ELEKTRO.2018.8398316,https://ieeexplore.ieee.org/document/8398316/,adjacent-subtopic,"This article deals with a proposal of a smart water meter for monitoring water consumption and for accidental leakage detection. The hardware part of the smart water meter consists of a mini-computer and a pulse water meter. Application logic is then in the hands of the original software that evaluates water consumption patterns. If a water leak is detected, the smart water meter uses a ball valve to close the inlet. The meter also has a self-learning mode that can recommend set limits within the reference period. A separate application interface is designed for communication between the meter and the user. Various computer simulations were used to test and initiate different water consumption scenarios.",ieee,llm,0.930,unreviewed,,doi:10.1109/elektro.2018.8398316
