status,title,authors,year,venue,doi,url,tags,abstract,provider,decision_source,llm_confidence,llm_review_outcome,llm_change_direction,paper_id
discarded,Design and Implementation of Employee Education and Training System Based on SSH Framework,"Chen, Kun; Liu, Quan; Ai, Qingsong",2012,PROCEEDINGS OF 2013 IEEE 4TH INTERNATIONAL CONFERENCE ON SOFTWARE ENGINEERING AND SERVICE SCIENCE (ICSESS),,https://www.webofscience.com/api/gateway?GWVersion=2&SrcApp=scholar-cli-kth&SrcAuth=WosAPI&KeyUT=WOS:000346301300108&DestLinkType=FullRecord&DestApp=WOS_CPL,adjacent-subtopic,,wos,llm,0.860,unreviewed,,hash:d042fa185156da7a
kept,How a Language-based GUI Generator Can Influence the Teaching of Object-Oriented Programming,"Dewan, Prasun",2011,SIGCSE 12: PROCEEDINGS OF THE 43RD ACM TECHNICAL SYMPOSIUM ON COMPUTER SCIENCE EDUCATION,,https://www.webofscience.com/api/gateway?GWVersion=2&SrcApp=scholar-cli-kth&SrcAuth=WosAPI&KeyUT=WOS:000304130200015&DestLinkType=FullRecord&DestApp=WOS_CPL,supports-claim,,wos,llm,0.760,unreviewed,,hash:2481bced1582ca59
discarded,Teaching ERP User Interfaces: Adequate Sequences of Topics and Technologies,"Selmeci, Attila; Orosz, Tamas; Gyorok, Gyorgy",2016,2016 IEEE 14TH INTERNATIONAL SYMPOSIUM ON APPLIED MACHINE INTELLIGENCE AND INFORMATICS (SAMI),,https://www.webofscience.com/api/gateway?GWVersion=2&SrcApp=scholar-cli-kth&SrcAuth=WosAPI&KeyUT=WOS:000381795100062&DestLinkType=FullRecord&DestApp=WOS_CPL,adjacent-subtopic,,wos,llm,0.790,unreviewed,,hash:e6f834c077a42663
discarded,MULTI-MODAL KNOWLEDGE BASES TO FACILITATE CONCEPTUAL MECHANICAL DESIGN,"Park, Yong-Seok; Narsale, Sumit Sunil; Mani, Pradeep Kumar; Shah, Jami J.",2016,"INTERNATIONAL DESIGN ENGINEERING TECHNICAL CONFERENCES AND COMPUTERS AND INFORMATION IN ENGINEERING CONFERENCE, 2015, VOL 1B",,https://www.webofscience.com/api/gateway?GWVersion=2&SrcApp=scholar-cli-kth&SrcAuth=WosAPI&KeyUT=WOS:000379883600001&DestLinkType=FullRecord&DestApp=WOS_CPL,off-topic-false-hit,,wos,llm,0.940,unreviewed,,hash:c0c11b97452c400c
discarded,A web-based framework using a Model-View-Controller architecture for Human motion analysis,"Rosa, Joana; Silva, Hugo; Matias, Ricardo",2015,2015 IEEE 4TH PORTUGUESE MEETING ON BIOENGINEERING (ENBENG),,https://www.webofscience.com/api/gateway?GWVersion=2&SrcApp=scholar-cli-kth&SrcAuth=WosAPI&KeyUT=WOS:000380427000015&DestLinkType=FullRecord&DestApp=WOS_CPL,adjacent-subtopic,,wos,llm,0.930,unreviewed,,hash:74d52bd57a736029
discarded,INTRODUCING NEW FUNCTIONS AND ENHANCING THE CAPABILITIES OF THE EASY-LEARNING ONLINE EDUCATIONAL PLATFORM,"Radescu, R.",2018,EDULEARN18: 10TH INTERNATIONAL CONFERENCE ON EDUCATION AND NEW LEARNING TECHNOLOGIES,,https://www.webofscience.com/api/gateway?GWVersion=2&SrcApp=scholar-cli-kth&SrcAuth=WosAPI&KeyUT=WOS:000530893705071&DestLinkType=FullRecord&DestApp=WOS_CPL,adjacent-subtopic,,wos,llm,0.820,unreviewed,,hash:0381348c2221473d
discarded,Implementation of the Intelligent Question Answering System Based on Remote Service Framework,"Yang, Xiaoyi; Xie, Junwu; Liu, Yixiang",2017,3RD INTERNATIONAL CONFERENCE ON SOCIAL SCIENCE AND TECHNOLOGY EDUCATION (ICSSTE 2017),,https://www.webofscience.com/api/gateway?GWVersion=2&SrcApp=scholar-cli-kth&SrcAuth=WosAPI&KeyUT=WOS:000427389500129&DestLinkType=FullRecord&DestApp=WOS_CPL,adjacent-subtopic,,wos,llm,0.880,unreviewed,,hash:b757bdbcdce4b070
discarded,An Interactive Virtual Reality Environment for Analysis of Clinical Atrial Arrhythmias and Ablation Planning,"Loewe, Axel; Poremba, Emanuel; Oesterlein, Tobias G.; Pilia, Nicolas; Pfeiffer, Micha; Doessel, Olaf; Speidel, Stefanie",2017,2017 COMPUTING IN CARDIOLOGY (CINC),10.22489/CinC.2017.125-118,https://www.webofscience.com/api/gateway?GWVersion=2&SrcApp=scholar-cli-kth&SrcAuth=WosAPI&KeyUT=WOS:000450651100106&DestLinkType=FullRecord&DestApp=WOS_CPL,adjacent-subtopic,,wos,llm,0.910,unreviewed,,doi:10.22489/cinc.2017.125-118
discarded,Creating a Python platform for students to learn full-stack development of financial applications,S. Tang,2026,Financial Innovation,10.1186/s40854-025-00813-9,https://www.scopus.com/inward/record.uri?partnerID=HzOxMe3b&scp=105028317615&origin=inward,adjacent-subtopic,,scopus,llm,0.760,unreviewed,,doi:10.1186/s40854-025-00813-9
discarded,"27th International Working Conference on Business Process Modeling, Development, and Support, BPMDS 2026 and the 31st International Working Conference on Exploring Modeling Methods for Systems Analysis and Development, EMM-SAD 2026",,2026,Lecture Notes in Business Information Processing,,https://www.scopus.com/inward/record.uri?partnerID=HzOxMe3b&scp=105041800585&origin=inward,adjacent-subtopic,,scopus,llm,0.910,unreviewed,,hash:d4edbe33b74021e2
discarded,Design of College English Online Learning Platform Based on MVC Framework,M. Chi,2025,International Journal of High Speed Electronics and Systems,10.1142/S0129156425402980,https://www.scopus.com/inward/record.uri?partnerID=HzOxMe3b&scp=85215832373&origin=inward,adjacent-subtopic,,scopus,llm,0.880,unreviewed,,doi:10.1142/s0129156425402980
discarded,An Implementation of Stacked Deep Learning Model for Enhancing New Engineering Intelligent Course System based on MVC Framework,X. Wu,2025,2025 International Conference on Intelligent Computing and Knowledge Extraction Icicke 2025,10.1109/ICICKE65317.2025.11136612,https://www.scopus.com/inward/record.uri?partnerID=HzOxMe3b&scp=105022300390&origin=inward,adjacent-subtopic,,scopus,llm,0.880,unreviewed,,doi:10.1109/icicke65317.2025.11136612
discarded,Modeling the Full Stack: Frontend and Backend Generation with Extended Domain Models,G. Singh,2025,Proceedings 2025 ACM IEEE 28th International Conference on Model Driven Engineering Languages and Systems Companion Models C 2025,10.1109/MODELS-C68889.2025.00009,https://www.scopus.com/inward/record.uri?partnerID=HzOxMe3b&scp=105030453517&origin=inward,adjacent-subtopic,,scopus,llm,0.710,unreviewed,,doi:10.1109/models-c68889.2025.00009
discarded,Enhancing Moodle with AI-Powered Learning Path,S. Dhana Karthick,2025,2025 3rd Dmiher International Conference on Artificial Intelligence in Healthcare Education and Industry Idicaihei 2025,10.1109/IDICAIHEI65991.2025.11378561,https://www.scopus.com/inward/record.uri?partnerID=HzOxMe3b&scp=105034720148&origin=inward,adjacent-subtopic,,scopus,llm,0.910,unreviewed,,doi:10.1109/idicaihei65991.2025.11378561
discarded,Artificial Intelligence Based Identification and Monitoring of Student Using OpenCV,M. Mangal,2024,2024 International Conference on Advances in Computing Research on Science Engineering and Technology Acroset 2024,10.1109/ACROSET62108.2024.10743346,https://www.scopus.com/inward/record.uri?partnerID=HzOxMe3b&scp=85211435934&origin=inward,off-topic-false-hit,,scopus,llm,0.960,unreviewed,,doi:10.1109/acroset62108.2024.10743346
discarded,Development of refund module for student's financial information system based on Model-View-Control approach,N.A. Teridi,2023,Proceedings of SPIE the International Society for Optical Engineering,10.1117/12.3011441,https://www.scopus.com/inward/record.uri?partnerID=HzOxMe3b&scp=85181404528&origin=inward,adjacent-subtopic,,scopus,llm,0.860,unreviewed,,doi:10.1117/12.3011441
kept,Interacto: A Modern User Interaction Processing Model,A. Blouin,2022,IEEE Transactions on Software Engineering,10.1109/TSE.2021.3083321,https://www.scopus.com/inward/record.uri?partnerID=HzOxMe3b&scp=85107231964&origin=inward,supports-claim; qualifies-claim,,scopus,llm,0.760,unreviewed,,doi:10.1109/tse.2021.3083321
discarded,Hydraulic and Pneumatic Transmission Three-Dimensional Virtual Training System Research,T. Ji,2022,Journal of Physics Conference Series,10.1088/1742-6596/2219/1/012064,https://www.scopus.com/inward/record.uri?partnerID=HzOxMe3b&scp=85130478117&origin=inward,off-topic-false-hit,,scopus,llm,0.930,unreviewed,,doi:10.1088/1742-6596/2219/1/012064
discarded,Interface Engineering for UX Professionals,A. Dix,2022,Lecture Notes in Computer Science,10.1007/978-3-030-98388-8_20,https://www.scopus.com/inward/record.uri?partnerID=HzOxMe3b&scp=85127123104&origin=inward,adjacent-subtopic,,scopus,llm,0.620,unreviewed,,doi:10.1007/978-3-030-98388-8_20
discarded,Design and Implementation of College Dormitory Management System,Y. Yang,2022,4th International Conference on Emerging Research in Electronics Computer Science and Technology Icerect 2022,10.1109/ICERECT56837.2022.10059902,https://www.scopus.com/inward/record.uri?partnerID=HzOxMe3b&scp=85150680703&origin=inward,adjacent-subtopic,,scopus,llm,0.880,unreviewed,,doi:10.1109/icerect56837.2022.10059902
discarded,Techniques and tools for visually introducing freshmen to object-based thread abstractions,P. Dewan,2021,Journal of Parallel and Distributed Computing,10.1016/j.jpdc.2021.05.013,https://www.scopus.com/inward/record.uri?partnerID=HzOxMe3b&scp=85110551896&origin=inward,off-topic-false-hit,,scopus,llm,0.910,unreviewed,,doi:10.1016/j.jpdc.2021.05.013
discarded,Design and Implementation of College Music Teaching Management System,Z. Ge,2021,Proceedings 2021 International Conference on Intelligent Transportation Big Data and Smart City Icitbs 2021,10.1109/ICITBS53129.2021.00131,https://www.scopus.com/inward/record.uri?partnerID=HzOxMe3b&scp=85115635785&origin=inward,adjacent-subtopic,,scopus,llm,0.900,unreviewed,,doi:10.1109/icitbs53129.2021.00131
discarded,The Intelligent Agent NLP-based Customer Service System,C. Huang,2021,ACM International Conference Proceeding Series,10.1145/3460268.3460275,https://www.scopus.com/inward/record.uri?partnerID=HzOxMe3b&scp=85120534432&origin=inward,off-topic-false-hit,,scopus,llm,0.900,unreviewed,,doi:10.1145/3460268.3460275
discarded,Development of the information system for semantic identification and documentation of the results of non-formal and informal education,S. Pryima,2021,Ceur Workshop Proceedings,,https://www.scopus.com/inward/record.uri?partnerID=HzOxMe3b&scp=85111785892&origin=inward,off-topic-false-hit,,scopus,llm,0.910,unreviewed,,hash:e53f59afe4cde4a2
discarded,A software tool to generate a model-view-controller architecture based on the entity-relationship model,A. Ramirez-Noriega,2020,Proceedings 2020 8th Edition of the International Conference in Software Engineering Research and Innovation Conisoft 2020,10.1109/CONISOFT50191.2020.00018,https://www.scopus.com/inward/record.uri?partnerID=HzOxMe3b&scp=85101270014&origin=inward,adjacent-subtopic,,scopus,llm,0.730,unreviewed,,doi:10.1109/conisoft50191.2020.00018
kept,Personal programming and the object computer,T.M.H. Reenskaug,2020,Software and Systems Modeling,10.1007/s10270-019-00768-3,https://www.scopus.com/inward/record.uri?partnerID=HzOxMe3b&scp=85077147743&origin=inward,supports-claim,,scopus,llm,0.970,unreviewed,,doi:10.1007/s10270-019-00768-3
discarded,Design and Implementation of Real-Time Web Authoring Tool Based on Drag-and-Drop Method,K. Park,2020,Lecture Notes in Electrical Engineering,10.1007/978-981-13-9341-9_92,https://www.scopus.com/inward/record.uri?partnerID=HzOxMe3b&scp=85076844928&origin=inward,adjacent-subtopic,,scopus,llm,0.870,unreviewed,,doi:10.1007/978-981-13-9341-9_92
kept,"Guide to Efficient Software Design: An MVC Approach to Concepts, Structures, and Models",D.P. Voorhees,2020,Texts in Computer Science,10.1007/978-3-030-28501-2,https://www.scopus.com/inward/record.uri?partnerID=HzOxMe3b&scp=105038870426&origin=inward,supports-claim,,scopus,llm,0.940,unreviewed,,doi:10.1007/978-3-030-28501-2
discarded,Development of client-server technology for access to the database of algorithms on the VUE.jS platform in,A. Tarasyev,2020,Ceur Workshop Proceedings,,https://www.scopus.com/inward/record.uri?partnerID=HzOxMe3b&scp=85081694236&origin=inward,adjacent-subtopic,,scopus,llm,0.880,unreviewed,,hash:c39a0a285cd6b333
discarded,Development of a tool for automatic generation of GRAFCET control code using arduino IDE,J. Giraldo,2019,International Review of Automatic Control,10.15866/ireaco.v12i4.17562,https://www.scopus.com/inward/record.uri?partnerID=HzOxMe3b&scp=85074459528&origin=inward,off-topic-false-hit,,scopus,llm,0.940,unreviewed,,doi:10.15866/ireaco.v12i4.17562
discarded,Teaching ERP user interfaces: Adequate sequences of topics and technologies,A. Selmeci,2016,Sami 2016 IEEE 14th International Symposium on Applied Machine Intelligence and Informatics Proceedings,10.1109/SAMI.2016.7423035,https://www.scopus.com/inward/record.uri?partnerID=HzOxMe3b&scp=84964645539&origin=inward,adjacent-subtopic,,scopus,llm,0.830,unreviewed,,doi:10.1109/sami.2016.7423035
discarded,Multi-modal knowledge bases to facilitate conceptual mechanical design,Y.S. Park,2015,Proceedings of the ASME Design Engineering Technical Conference,10.1115/DETC2015-46372,https://www.scopus.com/inward/record.uri?partnerID=HzOxMe3b&scp=84979034803&origin=inward,off-topic-false-hit,,scopus,llm,0.940,unreviewed,,doi:10.1115/detc2015-46372
discarded,Architecture for multimedia content - MMWBI,C. Supaartagom,2014,Lecture Notes in Engineering and Computer Science,,https://www.scopus.com/inward/record.uri?partnerID=HzOxMe3b&scp=84917692262&origin=inward,adjacent-subtopic,,scopus,llm,0.810,unreviewed,,hash:8f03fdb449c5f8aa
discarded,A Web application of flexible open-structure traffic simulation,X. Shi,2014,21st World Congress on Intelligent Transport Systems Itswc 2014 Reinventing Transportation in Our Connected World,,https://www.scopus.com/inward/record.uri?partnerID=HzOxMe3b&scp=84929224490&origin=inward,adjacent-subtopic,,scopus,llm,0.880,unreviewed,,hash:ac26fcb38382e93c
discarded,Design and implementation of employee education and training system based on SSH framework,K. Chen,2013,Proceedings of the IEEE International Conference on Software Engineering and Service Sciences Icsess,10.1109/ICSESS.2013.6615350,https://www.scopus.com/inward/record.uri?partnerID=HzOxMe3b&scp=84890040892&origin=inward,adjacent-subtopic,,scopus,llm,0.820,unreviewed,,doi:10.1109/icsess.2013.6615350
discarded,RTET - A round trip engineering tool,L. Nagowah,2013,2013 International Conference of Information and Communication Technology Icoict 2013,10.1109/ICoICT.2013.6574606,https://www.scopus.com/inward/record.uri?partnerID=HzOxMe3b&scp=84883467333&origin=inward,adjacent-subtopic,,scopus,llm,0.760,unreviewed,,doi:10.1109/icoict.2013.6574606
discarded,Objektgraph: Why code when MVC applications can be generated with UML-based diagrams?,D. Buck,2013,Splash 2013 Proceedings of the 2013 Companion Publication for Conference on Systems Programming and Applications Software for Humanity,10.1145/2508075.2514576,https://www.scopus.com/inward/record.uri?partnerID=HzOxMe3b&scp=84888173815&origin=inward,adjacent-subtopic,,scopus,llm,0.780,unreviewed,,doi:10.1145/2508075.2514576
discarded,AJAX-based reporting system of scientific and technological achievements,X. Zhang,2013,Proceedings 2013 6th International Conference on Intelligent Networks and Intelligent Systems Icinis 2013,10.1109/ICINIS.2013.17,https://www.scopus.com/inward/record.uri?partnerID=HzOxMe3b&scp=84906846635&origin=inward,adjacent-subtopic,,scopus,llm,0.850,unreviewed,,doi:10.1109/icinis.2013.17
discarded,How a language-based GUI generator can influence the teaching of object-oriented programming,P. Dewan,2012,SIGCSE 12 Proceedings of the 43rd ACM Technical Symposium on Computer Science Education,10.1145/2157136.2157159,https://www.scopus.com/inward/record.uri?partnerID=HzOxMe3b&scp=84858988454&origin=inward,supports-claim; adjacent-subtopic,,scopus,llm_reviewed,0.670,changed,kept->discarded,doi:10.1145/2157136.2157159
discarded,A novel verification code technology to make web system more secure,D. Li,2011,Iccse 2011 6th International Conference on Computer Science and Education Final Program and Proceedings,10.1109/ICCSE.2011.6028872,https://www.scopus.com/inward/record.uri?partnerID=HzOxMe3b&scp=80054044700&origin=inward,off-topic-false-hit,,scopus,llm,0.930,unreviewed,,doi:10.1109/iccse.2011.6028872
discarded,DISCOVIR: A framework for designing interfaces and structuring content for virtual labs,R. Khot,2011,Proceedings IEEE International Conference on Technology for Education T4e 2011,10.1109/T4E.2011.27,https://www.scopus.com/inward/record.uri?partnerID=HzOxMe3b&scp=80053112826&origin=inward,adjacent-subtopic,,scopus,llm,0.760,unreviewed,,doi:10.1109/t4e.2011.27
discarded,Application of Struts framework based on MVC in Online countryside Teachers' Training System in China,S. Xu,2011,2011 International Conference on Multimedia Technology ICMT 2011,10.1109/ICMT.2011.6001821,https://www.scopus.com/inward/record.uri?partnerID=HzOxMe3b&scp=80052946537&origin=inward,adjacent-subtopic,,scopus,llm,0.880,unreviewed,,doi:10.1109/icmt.2011.6001821
discarded,Integrating learning outcomes and Bloom's taxonomy in web application development course: Experiences from corporate training,S. Vignan,2011,Techsym 2011 Proceedings of the 2011 IEEE Students Technology Symposium,10.1109/TECHSYM.2011.5783855,https://www.scopus.com/inward/record.uri?partnerID=HzOxMe3b&scp=79959458073&origin=inward,adjacent-subtopic,,scopus,llm,0.730,unreviewed,,doi:10.1109/techsym.2011.5783855
discarded,An enhanced approach to automatic generation of mobile widgets,D. Cammareri,2010,Iiwas2010 12th International Conference on Information Integration and Web Based Applications and Services,10.1145/1967486.1967607,https://www.scopus.com/inward/record.uri?partnerID=HzOxMe3b&scp=79956000999&origin=inward,adjacent-subtopic,,scopus,llm,0.860,unreviewed,,doi:10.1145/1967486.1967607
discarded,Development of a dynamic simulator (INFMED) for the MED/VC plant,G. Kishore,2010,Desalination and Water Treatment,10.5004/dwt.2010.1752,https://www.scopus.com/inward/record.uri?partnerID=HzOxMe3b&scp=78449305399&origin=inward,off-topic-false-hit,,scopus,llm,0.980,unreviewed,,doi:10.5004/dwt.2010.1752
discarded,Beginning rails: From novice to professional,J. Hardy,2010,Beginning Rails from Novice to Professional,10.1007/978-1-4302-0319-3,https://www.scopus.com/inward/record.uri?partnerID=HzOxMe3b&scp=84891980736&origin=inward,supports-claim; adjacent-subtopic,,scopus,llm_reviewed,0.640,changed,kept->discarded,doi:10.1007/978-1-4302-0319-3
discarded,3D Slicer as an image computing platform for the Quantitative Imaging Network,Andriy Fedorov; Reinhard Beichel; Jayashree Kalpathy–Cramer; Julien Finet; Jean‐Christophe Fillion‐Robin; Sonia Pujol; Christian Alexander Bauer; Dominique L. Jennings; Fiona Fennessy; Milan Sonka; John Michael Buatti; Stephen Aylward; James V. Miller; Steve Pieper; Ron Kikinis,2012,Magnetic Resonance Imaging,10.1016/j.mri.2012.05.001,https://openalex.org/W2026616100,adjacent-subtopic,,openalex,llm,0.840,unreviewed,,doi:10.1016/j.mri.2012.05.001
discarded,Constraint-based tools for building user interfaces,Alan H. Borning; Robert Duisberg,1986,ACM Transactions on Graphics,10.1145/27623.29354,https://openalex.org/W2036555448,adjacent-subtopic,"A constraint describes a relation that must be maintained. Constraints provide a useful mechanism to aid in the construction of interactive graphical user interfaces. They can be used to maintain consistency between data and a view of the data, to maintain consistency among multiple views, to specify layout, and to specify relations between events and responses for describing animations of interactive systems and event-driven simulations. Object-oriented techniques for constraint representation and satisfaction are presented, and a range of examples that demonstrate the practical use of static and temporal constraints for such purposes is presented. These examples include animations of algorithms and physics simulations, and constructing user-interface elements such as file browsers, views onto statistical data, and an interactive monitor or a simulated operating system.",openalex,llm,0.680,unreviewed,,doi:10.1145/27623.29354
discarded,A graphical user interface for Boolean query specification,Steve Jones; Shona McInnes; Mark S. Staveley,1999,International Journal on Digital Libraries,10.1007/s007990050048,https://openalex.org/W2035490485,adjacent-subtopic,,openalex,llm,0.910,unreviewed,,doi:10.1007/s007990050048
discarded,Toolkit design for interactive structured graphics,Benjamin B. Bederson; Jesse Grosjean; Jon Meyer,2004,IEEE Transactions on Software Engineering,10.1109/tse.2004.44,https://openalex.org/W2143772272,adjacent-subtopic,"Here, we analyze toolkit designs for building graphical applications with rich user interfaces, comparing polylithic and monolithic toolkit-based solutions. Polylithic toolkits encourage extension by composition and follow a design philosophy similar to 3D scene graphs supported by toolkits including JavaSD and Openlnventor. Monolithic toolkits, on the other hand, encourage extension by inheritance, and are more akin to 2D graphical user interface toolkits such as Swing or MFC. We describe Jazz (a polylithic toolkit) and Piccolo (a monolithic toolkit), each of which we built to support interactive 2D structured graphics applications in general, and zoomable user interface applications in particular. We examine the trade offs of each approach in terms of performance, memory requirements, and programmability. We conclude that a polylithic approach is most suitable for toolkit builders, visual design software where code is automatically generated, and application builders where there is much customization of the toolkit. Correspondingly, we find that monolithic approaches appear to be best for application builders where there is not much customization of the toolkit.",openalex,llm,0.820,unreviewed,,doi:10.1109/tse.2004.44
