status,title,authors,year,venue,doi,url,tags,abstract,provider,decision_source,llm_confidence,llm_review_outcome,llm_change_direction,paper_id
discarded,Model-Based Testing Service on the Web,Antti Jääskeläinen; Mika Katara; Antti Kervinen; Henri Heiskanen; Mika Maunumaa; Tuula Pääkkönen,2008,Lecture notes in computer science,10.1007/978-3-540-68524-1_5,https://openalex.org/W1541406601,adjacent-subtopic,,openalex,llm,0.770,unreviewed,,doi:10.1007/978-3-540-68524-1_5
discarded,Model-driven engineering: A survey supported by the unified conceptual model,Alberto Rodrigues da Silva,2015,Computer Languages,10.1016/j.cl.2015.06.001,https://openalex.org/W994990881,adjacent-subtopic,"During the last decade a new trend of approaches has emerged, which considers models not just documentation artefacts, but also central artefacts in the software engineering field, allowing the creation or automatic execution of software systems starting from those models. These proposals have been classified generically as Model-Driven Engineering (MDE) and share common concepts and terms that need to be abstracted, discussed and understood. This paper presents a survey on MDE based on a unified conceptual model that clearly identifies and relates these essential concepts, namely the concepts of system, model, metamodel, modeling language, transformations, software platform, and software product. In addition, this paper discusses the terminologies relating MDE, MDD, MDA and others. This survey is based on earlier work, however, contrary to those, it intends to give a simple, broader and integrated view of the essential concepts and respective terminology commonly involved in the MDE, answering to key questions such as: What is a model? What is the relation between a model and a metamodel? What are the key facets of a modeling language? How can I use models in the context of a software development process? What are the relations between models and source code artefacts and software platforms? and What are the relations between MDE, MDD, MDA and other MD approaches?",openalex,llm,0.970,unreviewed,,doi:10.1016/j.cl.2015.06.001
discarded,ConcernMapper,Martin P. Robillard; Frédéric Weigand-Warr,2005,,10.1145/1117696.1117710,https://openalex.org/W2151580048,adjacent-subtopic,"We introduce ConcernMapper, an Eclipse plug-in for experimenting with techniques for advanced separation of concerns. ConcernMapper supports development and maintenance tasks involving scattered concerns by allowing developers to organize and view the code of a project in terms of high-level abstractions called concerns. ConcernMapper is also designed as an extensible platform intended to provide a simple way to store and query concern models created through a variety of approaches. This paper describes the user interface and internal architecture of ConcernMapper, and demonstrates how to write extensions for it.",openalex,llm,0.960,unreviewed,,doi:10.1145/1117696.1117710
discarded,Advances and Open Problems in Federated Learning,Peter Kairouz; H. Brendan McMahan; Brendan Avent; Aurélien Bellet; Mehdi Bennis; Arjun Nitin Bhagoji; Kallista Bonawitz; Zachary Charles; Graham Cormode; Rachel Cummings; Rafael G. L. D’Oliveira; Hubert Eichner; Salim El Rouayheb; David Evans; Joshua Gardner; Zachary Garrett; Adrià Gascón; Badih Ghazi; Phillip B. Gibbons; Marco Gruteser; Zaïd Harchaoui; Chaoyang He; Lie He; Zhouyuan Huo; Ben Hutchinson; Justin Hsu; Martin Jaggi; Tara Javidi; Gauri Joshi; Mikhail Khodak; Jakub Konečný; Aleksandra Korolova; Farinaz Koushanfar; Sanmi Koyejo; Tancrède Lepoint; Yang Liu; Prateek Mittal; Mehryar Mohri; Richard Nock; Ayfer Özgür; Rasmus Pagh; Hang Qi; Daniel Ramage; Ramesh Raskar; Mariana Raykova; Dawn Xiaodong Song; Weikang Song; Sebastian U. Stich; Ziteng Sun; Ananda Theertha Suresh; Florian Tramèr; Praneeth Vepakomma; Jianyu Wang; Li Xiong; Zheng Xu; Qiang Yang; Felix X. Yu; Han Yu; Sen Zhao,2020,Foundations and Trends® in Machine Learning,10.1561/2200000083,https://openalex.org/W2995022099,off-topic-false-hit,"Federated learning (FL) is a machine learning setting where many clients (e.g., mobile devices or whole organizations) collaboratively train a model under the orchestration of a central server (e.g., service provider), while keeping the training data decentralized. FL embodies the principles of focused data collection and minimization, and can mitigate many of the systemic privacy risks and costs resulting from traditional, centralized machine learning and data science approaches. Motivated by the explosive growth in FL research, this monograph discusses recent advances and presents an extensive collection of open problems and challenges.",openalex,llm,1.000,unreviewed,,doi:10.1561/2200000083
discarded,A Web-Based Graphical User Interface for Programming Optimal Control Based Robot Motion Tasks,Alejandro Astudillo; Ajay Suresha Sathya; Dries Dirckx; Wilm Decré; Joris Gillis; Goele Pipeleers; Jan Swevers,2022,IFAC-PapersOnLine,10.1016/j.ifacol.2022.10.498,https://openalex.org/W4313123120,adjacent-subtopic,"The programming of complex tasks with robot manipulators faces the challenges of complying to constraints and needing to account for several, sometimes conflicting performance objectives. Optimal control problems (OCP) are able to explicitly account for these challenges by solving constrained optimization problems to find optimal trajectories that realize such tasks. The wide adoption of OCPs, however, is restricted by the high engineering cost and the high computational complexity associated to its implementation. To that end, in this paper we present a web application and graphical user interface (GUI) that acts as a front-end of Tasho, a toolbox for constrained-based task specification of robot motion tasks. This web application aims to lower the engineering complexity of setting, simulating and deploying a robot task by realizing a direct workflow from task definition on the GUI to deployment on a real robot using ROS. By interfacing state-of-the-art solvers and libraries through Tasho, the web application delivers computationally efficient solutions to the OCPs associated to the task.",openalex,llm,0.940,unreviewed,,doi:10.1016/j.ifacol.2022.10.498
discarded,Formal Models and Refinement for Graphical User Interface Design,Judy Bowen,2008,Research Commons (University of Waikato),,https://openalex.org/W182107958,adjacent-subtopic,"Formal approaches to software development require that we correctly describe (or specify) systems in order to prove properties about our proposed solution prior to building it. We must then follow a rigorous process to transform our specification into an implementation to ensure that the properties we have proved are retained. When we design and build the user interfaces of our systems we are similarly keen to ensure that they have certain properties before we build them. For example, do they satisfy the requirements of the user? Are they designed with known good design principles and usability considerations in mind? User-centred design approaches, which incorporate many different techniques which we may consider as informal, seek to consider these issues so that the UIs we build are designed around the needs and capabilities of real users. \n \nBoth formal methods and user-centred design are important and beneficial in the development of underlying system functionality and user interfaces respectively. Given this we would like to be able to use both approaches in one integrated software development process. Their differences, however, make this a challenging objective. In this thesis we present a solution this problem by describing models and techniques which provide a bridge between the existing work of user-centred design practitioners and formal methods practitioners enabling us to incorporate (representations of) informal design artefacts into a formal software development process. We then use these models as the basis for a refinement theory for user interfaces which allows interface designers to retain their informal design methods whilst providing an underlying theory grounded in the trace refinement theory of the Microcharts language.",openalex,llm,0.680,unreviewed,,hash:2d3573a9f8f4fdb3
discarded,Animal models and human depressive disorders,Richard J. Katz,1981,Neuroscience & Biobehavioral Reviews,10.1016/0149-7634(81)90004-x,https://openalex.org/W2039939163,off-topic-false-hit,,openalex,llm,1.000,unreviewed,,doi:10.1016/0149-7634(81)90004-x
discarded,Modeling Web application architectures with UML,Jim Conallen,1999,Communications of the ACM,10.1145/317665.317677,https://openalex.org/W1989591429,adjacent-subtopic,"When put to the test, the term Web application has slightly different meanings to different people.Some believe a Web application is anything that uses Java, others consider a Web application anything that uses a Web server.The general consensus is somewhere in between.In this article, a Web application will be loosely defined as a Web system (Web server, network, HTTP, browser) in which user input (navigation and data input) effects the state of the business.This definition attempts to establish that a Web application is a software system with business state, and that its front end is in large part delivered via a Web system.The general architecture of a Web application isA new term has entered the IT vocabulary in the past few years: Web application.It seems like everyone involved with business software systems has plans for building Web applications, with many nonbusiness software efforts as well.For many early adopters of this architecture the term Web application, like the systems themselves, have evolved from small successful Web site add-ons to robust n-tiered applications.It's not uncommon for aWeb application to service tens of thousands of simultaneous users, distributed all over the world.Designing Web applications is serious business.",openalex,llm,0.720,unreviewed,,doi:10.1145/317665.317677
discarded,Open Geospatial Analytics with PySAL,Sergio Joseph Rey; Luc Anselin; Xun Li; Robert Pahle; Jason R. Laura; Wenwen Li; Julia Koschinsky,2015,ISPRS International Journal of Geo-Information,10.3390/ijgi4020815,https://openalex.org/W1538244879,adjacent-subtopic,"This article reviews the range of delivery platforms that have been developed for the PySAL open source Python library for spatial analysis. This includes traditional desktop software (with a graphical user interface, command line or embedded in a computational notebook), open spatial analytics middleware, and web, cloud and distributed open geospatial analytics for decision support. A common thread throughout the discussion is the emphasis on openness, interoperability, and provenance management in a scientific workflow. The code base of the PySAL library provides the common computing framework underlying all delivery mechanisms.",openalex,llm,0.830,unreviewed,,doi:10.3390/ijgi4020815
discarded,Designing the Interface of Rich Internet Applications,Matias Urbieta; Gustavo Rossi; Jeronimo Ginzburg; Daniel Schwabe,2007,,,https://openalex.org/W2129828750,adjacent-subtopic,"In this paper we present a novel approach for designing the interface of rich internet applications. Our approach uses the Abstract Data Views (ADV) design model allowing expressing in a high level way the structure and behaviors of the user interface. Additionally, by using advanced techniques for separation of concerns it allows to create complex interfaces as oblivious compositions of simple interface atoms. Using a simple illustrative example we present the rationale of our approach, its core stages and how it is integrated into the Object Oriented Hypermedia Design Method (OOHDM). Some implementation issues are finally analyzed.",openalex,llm,0.860,unreviewed,,hash:fb98d0f019f21753
discarded,Specification of application logic in web information systems,Péter Barna,2007,,10.6100/ir630132,https://openalex.org/W2107727477,adjacent-subtopic,"systems, or transmitted in any form by any means, mechanical, photocopying, recording, or otherwise, without written consent of the author.",openalex,llm,0.610,unreviewed,,doi:10.6100/ir630132
discarded,A PRACTICAL MODEL FROM MULTIDIMENSIONAL LAYERING: PERSONAL FINANCE INFORMATION FRAMEWORK USING MOBILE SOFTWARE INTERFACE OPERATIONS,Meennapa Rukhiran; Paniti Netinant,2020,Journal of Information and Communication Technology,10.32890/jict2020.19.3.2,https://openalex.org/W3042210980,adjacent-subtopic,"End user involvement is crucial in improving software development processes. Hence, nowadays user interface (UI) and user experience (UX) are particularly concerned with end user interactions in many software designs as most methodologies have inconsistencies between design and implementation. Besides, it is relatively difficult to make changes in complex software and personal finance application is one of the more complex software to design, develop, and adapt. This paper proposes the development of a mobile personal finance application using informative multidimensional layering. We have separated functional data cutting across the relationships of three categories and datasets showing operational semantics of dimensions, and combined layers of three-dimensional information including aspect elements through components. This study is concerned with the corresponsive composition of end user features using visual interfaces. It is illustrated in a Three-layer User Interface Composition Model to transfer and compose layers, functional data, aspect elements, and components to Graphical User Interfaces (GUIs). Therefore, an integrated view of the software system would make the design and implementation consistent to support our framework in a more straightforward manner. There have been a few studies which presented practical models of mobile informative multidimensional layering. This research applied aspect orientation and informative multidimensional layering to present a better features model for mobile personal finance application. We deliver a practical framework in the application in all four phases of analysis, design, implementation, and evaluation. In addressing the gap, this research proposes a clearer operation of three-dimensional models, functional data, and aspect elements that cut across through informative multidimensional layering.",openalex,llm,0.890,unreviewed,,doi:10.32890/jict2020.19.3.2
discarded,Aspect-Oriented Software Development with Use Cases,Ivar Jacobson; Pan-Wei Ng,2004,,,https://openalex.org/W1554081253,adjacent-subtopic,Preface. Acknowledgments. I. THE CASE FOR USE CASES AND ASPECTS. 1. Problem to Attack. The Use of Components Today. Limitation of Components. Approaching a Solution. Keeping Concerns Separate. 2. Attacking the Problem with Aspects. Approaching a Solution with Aspects. Keeping Peers Separate with Aspects. Keeping Extensions Separate with Aspects. Need for Methodological Guidance. 3. Today with Use Cases. Use Cases in Brief. Use-Case-Driven Development. Roles and Benefits of Use Cases. Gaps in the Use-Case Technique. Bridging the Gaps with Aspects. 4. Tomorrow with Use-Case Modules. Building Systems in Overlays with Use-Case Slices. Keeping Peer Use Cases Separate. Keeping Extension Use Cases Separate. Developing with Use-Case Modules. II. MODELING AND CAPTURING CONCERNS WITH USE CASES. 5. Modeling Concerns with Use Cases. Use-Case Modeling. Use-Case Instances and Flows of Events. Describing Use Cases. Visualizing Use-Case Flows. Summary and Highlights. 6. Structuring Use Cases. Use-Case Relationships. Use-Case Extend Relationship. Use-Case Include Relationship. Use-Case Generalization. Utility Use Cases. Summary and Highlights. 7. Capturing Concerns with Use Cases. Understanding Stakeholder Concerns. Capturing Application Use Cases. Capturing Infrastructure Use Cases. Summary and Highlights. III. KEEPING CONCERNS SEPARATE WITH USE-CASE MODULES. 8. Keeping Peer Use-Case Realizations Separate with Aspects. Realizing Peer Use Cases. Keeping Use-Case Specifics Separate. Dealing with Overlap. Summary and Highlights. 9. Keeping Extensions Separate with Pointcuts. Realizing Extension Use Cases. Keeping Modularity of Extension Use-Case Realizations. Parameterizing Pointcuts. Generalizing Extension Use-Case Realizations. Templating Use-Case Slices. Summary and Highlights. 10. Building Systems with Use-Case Modules. A System Comprises Models. Use-Case Model. Analysis Model. Design and Implementation Models. Use-Case Modules Cut Across Models. Composing and Configuring Use-Case Modules. Summary and Highlights. IV. ESTABLISHING AN ARCHITECTURE BASED ON USE CASES AND ASPECTS. 11. Road to a Resilient Architecture. What Is Architecture? What Is a Good Architecture? Steps to Establish an Architecture Baseline. Begin with a Platform-Independent Structure. Overlay Platform Specifics on Top. Summary and Highlights. 12. Separating Functional Requirements with Application Peer Use Cases. Analyzing Application Use Cases. Keeping Application Use Cases Separate. Designing Application Use Cases. Refining Design Elements. Summary and Highlights. 13. Separating Functional Requirements with Application-Extension Use Cases. Analyzing Application-Extension Use Cases. Keeping Application-Extension Use Cases Separate. Designing Application-Extension Use Cases. Dealing with Changes in the Base. Summary and Highlights. 14. Separating Nonfunctional Requirements with Infrastructure Use Cases. Analyzing an Infrastructure Use Case. Keeping Infrastructure Use Cases Separate. Designing Infrastructure Use Cases. Dealing with Multiple Infrastructure Use Cases. Summary and Highlights. 15. Separating Platform Specifics with Platform-Specific Use-Case Slices. Keeping Platform Specifics Separate. Overlaying User Interfaces. Overlaying Distribution. Overlaying Persistency. Preserving the Use-Case Structure. Summary and Highlights. 16. Separating Tests with Use-Case Test Slices. Test-First Approach. Identifying Test Cases from Use Cases. Identifying Elements to Be Tested. Designing and Implementing Tests. Summary and Highlights. 17. Evaluating the Architecture. Putting It Together. Evaluating Separation of Concerns. Evaluating and Achieving Systemwide Concerns. Summary and Highlights. 18. Describing the Architecture. Architecture Description Comprises Architectural Views. Architectural View of the Use-Case Model. Architectural View of the Analysis Model. Architectural View of the Design Model. Summary and Highlights. V. APPLYING USE CASES AND ASPECTS IN A PROJECT. 19. Running a Project. Iterative Development. Estimating Development Effort. Planning and Controlling the Project. Productivity Gains by Keeping Concerns Separate. Summary and Highlights. 20. Tailoring the Approach. Achieving the Right Balance. Selecting Disciplines to Apply. Adopting at Different Phases of a Project. Summary and Highlights. 21. Aspects and Beyond. Building a System in Extensions. Balancing Best Practices. The Road Ahead. Appendix A. Modeling Aspects and Use-Case Slices in UML. Appendix B. Notation Guide. References. Glossary. Index.,openalex,llm,0.980,unreviewed,,hash:8ddd7c0d53725e0f
kept,Separation of Concerns and Linguistic Integration in WebDSL,Danny Groenewegen; Zef Hemel; Eelco Visser,2010,IEEE Software,10.1109/MS.2010.92,https://ieeexplore.ieee.org/document/5473205/,supports-claim,"Web application development is a complex task, in which developers must address many concerns, such as user interface, data model, access control, data validation, and search. Current technology typically requires multiple languages and programming paradigms to cover these aspects. Using such domain-specific languages improves developer expressivity and lets them separate concerns. However, coupling these technologies is often less than optimal. It results in little or no consistency checking between concerns as well as wildly different language styles and paradigms—from XML-style transformation languages like Extensible Style Sheet Language Transformation, to aspect languages like cascading style sheets, to object-oriented languages like Java and Java Script. WebDSL is a domain-specific language for constructing Web information systems. The language comprises sublanguages that address Web application concerns, maintaining separation of concerns, but integrating linguistically to provide consistency checking and reuse of common language concepts consistency checking and reuse of common language concepts between concerns. In this paper we describe the problems in web application development and discuss the WebDSL solution.",ieee,llm,0.780,unreviewed,,doi:10.1109/ms.2010.92
discarded,A framework for Model Driven Production of Graphic Modeling Tools,B. Kosayba,2006,2006 2nd International Conference on Information & Communication Technologies,10.1109/ICTTA.2006.1684860,https://ieeexplore.ieee.org/document/1684860/,adjacent-subtopic,"A new tendency in software engineering is to use models in order to better structure software development processes. In order to model systems, we need modeling environments. These enrvironments should not impose to the software process their own concepts, but they must support the concepts related to the application domain targeted by these processes. Thus, the modeling environment must be adapted to user's domain instead of the user having to adapt himself to the environment. We propose in this paper an approach for designing graphic modeling environments tailored at the same time to the domain and to the wishes of the user. We also present a framework that implement this approach and its associated tools. These tools allow the automatic generation of the modeling environment on the basis of the models that define this environment. We use the separation of concerns and model driven engineering approach to implement this framework.",ieee,llm,0.950,unreviewed,,doi:10.1109/ictta.2006.1684860
