status,title,authors,year,venue,doi,url,tags,abstract,provider,decision_source,llm_confidence,llm_review_outcome,llm_change_direction,paper_id
discarded,"RETRACTED ARTICLE: Personalised sports rehabilitation analysis using a fitness enhanced model based on big data and deep learning(Disability and Rehabilitation: Assistive Technology, (2026), 21, (3), (CCLXI–CCLXXIV))",R. Zhang,2026,Disability and Rehabilitation Assistive Technology,10.1080/17483107.2025.2561926,https://www.scopus.com/inward/record.uri?partnerID=HzOxMe3b&scp=105017978730&origin=inward,off-topic-false-hit,,scopus,llm,1.000,unreviewed,,doi:10.1080/17483107.2025.2561926
discarded,"RETRACTED ARTICLE: Good intentions may be wrong: evidence from anonymous donation behaviour on Chinese charitable crowdfunding platform(Disability and Rehabilitation: Assistive Technology, (2026), 21, (3), (CCCLII–CCCLXV))",D. Zhu,2026,Disability and Rehabilitation Assistive Technology,10.1080/17483107.2025.2565405,https://www.scopus.com/inward/record.uri?partnerID=HzOxMe3b&scp=105018006817&origin=inward,off-topic-false-hit,,scopus,llm,1.000,unreviewed,,doi:10.1080/17483107.2025.2565405
discarded,"RETRACTED ARTICLE: AI-Enhanced assistive interventions for adolescent cyberbullying: a gender-sensitive moderated mediation approach(Disability and Rehabilitation: Assistive Technology, (2026), 21, 3, (CCCLXVI–CCCLXXXI))",B. Xiao,2026,Disability and Rehabilitation Assistive Technology,10.1080/17483107.2025.2570890,https://www.scopus.com/inward/record.uri?partnerID=HzOxMe3b&scp=105018964041&origin=inward,off-topic-false-hit,,scopus,llm,1.000,unreviewed,,doi:10.1080/17483107.2025.2570890
discarded,"RETRACTED ARTICLE: Between intimacy and surveillance: elderly users’ adaptation and privacy negotiation in human-robot interaction(Disability and Rehabilitation: Assistive Technology, (2026), 21, (3), (CCXCII–CCCXI))",R. Huang,2026,Disability and Rehabilitation Assistive Technology,10.1080/17483107.2025.2566379,https://www.scopus.com/inward/record.uri?partnerID=HzOxMe3b&scp=105017864892&origin=inward,off-topic-false-hit,,scopus,llm,1.000,unreviewed,,doi:10.1080/17483107.2025.2566379
discarded,"RETRACTED ARTICLE: Gesture recognition and response system for special education using computer vision and human–computer interaction technology(Disability and Rehabilitation: Assistive Technology, (2026), 21, (3), (XII–XXIX))",D. Xuanfeng,2026,Disability and Rehabilitation Assistive Technology,10.1080/17483107.2025.2527226,https://www.scopus.com/inward/record.uri?partnerID=HzOxMe3b&scp=105010194800&origin=inward,off-topic-false-hit,,scopus,llm,1.000,unreviewed,,doi:10.1080/17483107.2025.2527226
discarded,"RETRACTED ARTICLE: Prevention and health care intervention of common injuries in long-distance running for college teachers(Disability and Rehabilitation: Assistive Technology, (2026), 21, (3), (XLIV–LXIII))",B. Kadiyala,2026,Disability and Rehabilitation Assistive Technology,10.1080/17483107.2025.2564371,https://www.scopus.com/inward/record.uri?partnerID=HzOxMe3b&scp=105018835698&origin=inward,off-topic-false-hit,,scopus,llm,1.000,unreviewed,,doi:10.1080/17483107.2025.2564371
discarded,"RETRACTED ARTICLE: Disability-oriented data protection in AI-enabled assistive technologies: bridging gaps in China’s legal framework(Disability and Rehabilitation: Assistive Technology, (2026), 21, (3), (CDIV–CDXXVIII))",Z. Yu,2026,Disability and Rehabilitation Assistive Technology,10.1080/17483107.2025.2568940,https://www.scopus.com/inward/record.uri?partnerID=HzOxMe3b&scp=105018190754&origin=inward,off-topic-false-hit,,scopus,llm,1.000,unreviewed,,doi:10.1080/17483107.2025.2568940
discarded,"RETRACTED ARTICLE: How does social media shape the duration of formal care for disabled elderly? Moderating effects based on digital competence and psychological expectancy (Disability and Rehabilitation: Assistive Technology, (2025), 20, 7, (2146-2159), 10.1080/17483107.2025.2525539)",,2026,Disability and Rehabilitation Assistive Technology,10.1080/17483107.2026.2616898,https://www.scopus.com/inward/record.uri?partnerID=HzOxMe3b&scp=105029487625&origin=inward,off-topic-false-hit,,scopus,llm,1.000,unreviewed,,doi:10.1080/17483107.2026.2616898
discarded,"RETRACTED ARTICLE: Artificial intelligence-enabled integration of “Fu” culture into the moral education system for special education across K-12 and higher education: a soft computing approach(Disability and Rehabilitation: Assistive Technology, (2026), 21, (3), (CLII–CLXIV))",Z. Liao,2026,Disability and Rehabilitation Assistive Technology,10.1080/17483107.2025.2555541,https://www.scopus.com/inward/record.uri?partnerID=HzOxMe3b&scp=105015319490&origin=inward,off-topic-false-hit,,scopus,llm,1.000,unreviewed,,doi:10.1080/17483107.2025.2555541
discarded,"RETRACTED ARTICLE: Evaluating AI tutor feedback in medical education: a case study of computer basics and applications course for undergraduates(Disability and Rehabilitation: Assistive Technology, (2026), 21, 3, (CCCXII–CCCXXVI))",P. Wang,2026,Disability and Rehabilitation Assistive Technology,10.1080/17483107.2025.2560673,https://www.scopus.com/inward/record.uri?partnerID=HzOxMe3b&scp=105016747053&origin=inward,adjacent-subtopic,,scopus,llm,0.960,unreviewed,,doi:10.1080/17483107.2025.2560673
discarded,"RETRACTED ARTICLE: Intelligent sports rehabilitation: integrating deep learning and real-time monitoring to achieve personalized rehabilitation(Disability and Rehabilitation: Assistive Technology, (2026), 21, (3), (LXXX–XCIV))",S. Zhang,2026,Disability and Rehabilitation Assistive Technology,10.1080/17483107.2025.2559187,https://www.scopus.com/inward/record.uri?partnerID=HzOxMe3b&scp=105016888475&origin=inward,off-topic-false-hit,,scopus,llm,1.000,unreviewed,,doi:10.1080/17483107.2025.2559187
discarded,"RETRACTED ARTICLE: The impact of social media on adolescent conformity: mechanisms, individual moderators, and implications for AI-Empowered assistive technologies(Disability and Rehabilitation: Assistive Technology, (2026), 21, (3), (CDXXIX–CDXLVII))",B. Xiao,2026,Disability and Rehabilitation Assistive Technology,10.1080/17483107.2025.2570889,https://www.scopus.com/inward/record.uri?partnerID=HzOxMe3b&scp=105018975641&origin=inward,off-topic-false-hit,,scopus,llm,1.000,unreviewed,,doi:10.1080/17483107.2025.2570889
discarded,Novice mistakes: are the folk wisdoms correct?,Jim Spohrer; Elliot M. Soloway,1986,Communications of the ACM,10.1145/6138.6145,https://openalex.org/W2058580210,adjacent-subtopic,"An evaluation of two folk wisdoms serves to elucidate the underlying or ""deep-structure"" reasons for novice errors.",openalex,llm,0.890,unreviewed,,doi:10.1145/6138.6145
discarded,EROSI—visualising recursion and discovering new errors,Carlisle E. George,2000,ACM SIGCSE Bulletin,10.1145/331795.331875,https://openalex.org/W4249107641,adjacent-subtopic,"This paper introduces a novel software visualisation aid, the EROSI (Explicit Representer Of Subprogram Invocations) tutor, hypothesised to support the acquisition (by novice programmers) of a mental model to facilitate the comprehension and use of recursion as a problem solving technique. Novices found the EROSI tutor easy to use, interesting and a valuable visualisation aid to forming correct mental models of recursive processes. Studies concluded that although novices many have a correct mental model of recursion, various errors and misconceptions (identified) due to exogenous factors affect their ability to complete recursive tasks.",openalex,llm,0.980,unreviewed,,doi:10.1145/331795.331875
discarded,Multistrategy Discovery and Detection of Novice Programmer Errors,Raymund C. Sison; Masayuki Numao; Masamichi Shimura,2000,Machine Learning,10.1023/a:1007690108308,https://openalex.org/W2128407432,adjacent-subtopic,,openalex,llm,0.910,unreviewed,,doi:10.1023/a:1007690108308
discarded,The impact of Memory Transfer Language (MTL) on reducing misconceptions in teaching programming to novices,Leonard J. Mselle; Hashim M. Twaakyondo,2012,International Journal of Machine Learning and Applications,10.4102/ijmla.v1i1.3,https://openalex.org/W2072895403,adjacent-subtopic,"Despite the fact that programming is at the heart of computer science, it is argued that even at its simplest level it is a difficult subject to teach and learn. For any new learner programming concepts are abstract and confusing. As teaching programming continues to be a daunting task, this article revisits common challenges inherent in teaching computer programming to novices. Further, Memory Transfer Language (MTL) as used to teach programming is introduced and demonstrated. Different kinds of misconceptions in programming and their associated bugs are analysed. An experiment using MTL to teach programming was carried out, using error-counts in examination scripts from two groups of students, one instructed using MTL and the other through the conventional approach. Results indicated a highly significant statistical difference (p = 0) between the two groups, showing that MTL can help novices avoid common programming misconceptions and reduce the errors they make. This shows that if programming is taught using MTL, comprehension is enhanced.",openalex,llm,0.940,unreviewed,,doi:10.4102/ijmla.v1i1.3
discarded,An empirical study of novice program comprehension in the imperative and object-oriented styles,Vennila Ramalingam; Susan Wiedenbeck,1997,,10.1145/266399.266411,https://openalex.org/W2093017147,adjacent-subtopic,"The objective of this study was to determine whether the mental representation of object-oriented programs differs from imperative programs for novice programmers.In our study novices who had little or no previous programming experience studied and answered questions about three imperative and three object-oriented programs.The questions targeted information categories making up the program model and the domain model representations of the programs.It was found that there was a sharp contrast between the mental representations of the imperative and object-oriented programs.While the comprehension of the imperative programs was better overall than that of the object-oriented programs, the mental representations of the imperative programs focused on program-level knowledge.On the other hand, the mental representations of the objectoriented programs focused more strongly on domain-level knowledge.The results tend to support the view that language notations differ in how well they support the extraction of various kinds of information.",openalex,llm,0.970,unreviewed,,doi:10.1145/266399.266411
discarded,Exploring the Responses of Large Language Models to Beginner Programmers’ Help Requests,Arto Hellas; Juho Leinonen; Sami Sarsa; Charles Koutcheme; Lilja Kujanpää; Juha Sorva,2023,,10.1145/3568813.3600139,https://openalex.org/W4380353816,adjacent-subtopic,"Background and Context: Over the past year, large language models (LLMs) have taken the world by storm. In computing education, like in other walks of life, many opportunities and threats have emerged as a consequence.",openalex,llm,0.970,unreviewed,,doi:10.1145/3568813.3600139
discarded,Teach AI How to Code: Using Large Language Models as Teachable Agents for Programming Education,Hyoungwook Jin; Seong Hee Lee; Hyungyu Shin; Juho Kim,2024,,10.1145/3613904.3642349,https://openalex.org/W4396832972,adjacent-subtopic,"This work investigates large language models (LLMs) as teachable agents for learning by teaching (LBT). LBT with teachable agents helps learners identify knowledge gaps and discover new knowledge. However, teachable agents require expensive programming of subject-specific knowledge. While LLMs as teachable agents can reduce the cost, LLMs’ expansive knowledge as tutees discourages learners from teaching. We propose a prompting pipeline that restrains LLMs’ knowledge and makes them initiate “why” and “how” questions for effective knowledge-building. We combined these techniques into TeachYou, an LBT environment for algorithm learning, and AlgoBo, an LLM-based tutee chatbot that can simulate misconceptions and unawareness prescribed in its knowledge state. Our technical evaluation confirmed that our prompting pipeline can effectively configure AlgoBo’s problem-solving performance. Through a between-subject study with 40 algorithm novices, we also observed that AlgoBo’s questions led to knowledge-dense conversations (effect size=0.71). Lastly, we discuss design implications, cost-efficiency, and personalization of LLM-based teachable agents.",openalex,llm,0.960,unreviewed,,doi:10.1145/3613904.3642349
discarded,A Think-Aloud Study of Novice Debugging,Jacqueline L. Whalley; Amber Settle; Andrew Luxton-Reilly,2023,ACM Transactions on Computing Education,10.1145/3589004,https://openalex.org/W4361271907,adjacent-subtopic,"Debugging is a core skill required by programmers, yet we know little about how to effectively teach the process of debugging. The challenges of learning debugging are compounded for novices who lack experience and are still learning the tools they need to program effectively. In this work, we report a case study in which we used a think-aloud protocol to gain insight into the behaviour of three students engaged in debugging tasks. Our qualitative analysis reveals a variety of helpful practices and barriers that limit the effectiveness of debugging. We observe that comprehension, evidence-based activities, and workflow practices all contribute to novice debugging success. Lack of sustained effort, precision, and methodical processes negatively impact debugging effectiveness. We anticipate that understanding how students engage in debugging tasks will aid future work to address ineffective behaviours and promote effective debugging activities.",openalex,llm,0.970,unreviewed,,doi:10.1145/3589004
discarded,"Lightweight, Early Identification of At-Risk CS1 Students",Soohyun Nam Liao; Daniel Zingaro; Michael A. Laurenzano; William G. Griswold; Leo Porter,2016,,10.1145/2960310.2960315,https://openalex.org/W2517883482,adjacent-subtopic,"Being able to identify low-performing students early in the term may help instructors intervene or differently allocate course resources. Prior work in CS1 has demonstrated that clicker correctness in Peer Instruction courses correlates with exam outcomes and, separately, that machine learning models can be built based on early-term programming assessments. This work aims to combine the best elements of each of these approaches. We offer a methodology for creating models, based on in-class clicker questions, to predict cross-term student performance. In as early as week 3 in a 12-week CS1 course, this model is capable of correctly predicting students as being in danger of failing, or not, for 70% of the students, with only 17% of students misclassified as not at-risk when at-risk. Additional measures to ensure more broad applicability of the methodology, along with possible limitations, are explored.",openalex,llm,0.990,unreviewed,,doi:10.1145/2960310.2960315
discarded,Metacodenition: Scaffolding the Problem-Solving Process for Novice Programmers,Yulia Pechorina; Keith Anderson; Paul C. Denny,2023,,10.1145/3576123.3576130,https://openalex.org/W4317502144,adjacent-subtopic,"Problem-solving is a central activity to computing, and thus a key skill that novices develop when learning programming. While most programming-related concepts are taught explicitly in introductory courses, it is common for problem-solving to be taught implicitly – usually through having students perform programming drills. This approach can be problematic for some learners and may lead to the development of unproductive problem solving strategies that leave students feeling lost when faced with new problems. A substantial body of work has investigated the explicit teaching of problem-solving and related metacognitive skills. This prior literature has shown that teaching students a model for the problem-solving process and how to track their progress within that model leads to greater self-efficacy and productivity. Interventions targeting isolated steps in these models have been shown to work, but there have been few efforts to combine such interventions into a single coherent system. Our contribution is a novel tool called Metacodenition, which is a programming environment for novices that provides metacognitive scaffolding around an existing problem-solving framework. We find that Metacodenition’s scaffolding improves performance on code-writing tasks and that students view Metacodenition to be a helpful tool they would use voluntarily.",openalex,llm,0.980,unreviewed,,doi:10.1145/3576123.3576130
discarded,On Compiler Error Messages: What TheySayand What TheyMean,V. Javier Traver,2010,Advances in Human-Computer Interaction,10.1155/2010/602570,https://openalex.org/W1992007857,adjacent-subtopic,"Programmers often encounter cryptic compiler error messages that are difficult to understand and thus difficult to resolve. Unfortunately, most related disciplines, including compiler technology, have not paid much attention to this important aspect that affects programmers significantly, apparently because it is felt that programmers should adapt to compilers. In this article, however, this problem is studied from the perspective of the discipline of human-computer interaction to gain insight into why compiler errors messages make the work of programmers more difficult, and how this situation can be alleviated. Additionally, because poorly designed error messages affect novice programmers more adversely, the problems faced by computer science students while learning to program are analyzed, and the obstacles originated by compilers are identified. Examples of actual compiler error messages are provided and carefully commented. Finally, some possible measures that can be taken are outlined, and some principles for compiler error message design are included.",openalex,llm,0.980,unreviewed,,doi:10.1155/2010/602570
discarded,LAVE: LLM-Powered Agent Assistance and Language Augmentation for Video Editing,Bryan K. Wang; Yuliang Li; Zhaoyang Lv; Haijun Xia; Yan Xu; Raj Sodhi,2024,,10.1145/3640543.3645143,https://openalex.org/W4391940619,off-topic-false-hit,"Video creation has become increasingly popular, yet the expertise and effort required for editing often pose barriers to beginners. In this paper, we explore the integration of large language models (LLMs) into the video editing workflow to reduce these barriers. Our design vision is embodied in LAVE, a novel system that provides LLM-powered agent assistance and language-augmented editing features. LAVE automatically generates language descriptions for the user’s footage, serving as the foundation for enabling the LLM to process videos and assist in editing tasks. When the user provides editing objectives, the agent plans and executes relevant actions to fulfill them. Moreover, LAVE allows users to edit videos through either the agent or direct UI manipulation, providing flexibility and enabling manual refinement of agent actions. Our user study, which included eight participants ranging from novices to proficient editors, demonstrated LAVE’s effectiveness. The results also shed light on user perceptions of the proposed LLM-assisted editing paradigm and its impact on users’ creativity and sense of co-creation. Based on these findings, we propose design implications to inform the future development of agent-assisted content editing.",openalex,llm,0.990,unreviewed,,doi:10.1145/3640543.3645143
discarded,Explain Trace: Misconceptions of Control-Flow Statements,Oleg Sychev; Mikhail Denisov,2023,Computers,10.3390/computers12100192,https://openalex.org/W4386996769,adjacent-subtopic,"Control-flow statements often cause misunderstandings among novice computer science students. To better address these problems, teachers need to know the misconceptions that are typical at this stage. In this paper, we present the results of studying students’ misconceptions about control-flow statements. We compiled 181 questions, each containing an algorithm written in pseudocode and the execution trace of that algorithm. Some of the traces were correct; others contained highlighted errors. The students were asked to explain in their own words why the selected line of the trace was correct or erroneous. We collected and processed 10,799 answers from 67 CS1 students. Among the 24 misconceptions we found, 6 coincided with misconceptions from other studies, and 7 were narrower cases of known misconceptions. We did not find previous research regarding 11 of the misconceptions we identified.",openalex,llm,0.900,unreviewed,,doi:10.3390/computers12100192
discarded,Automated Questionnaires About Students’ JavaScript Programs: Towards Gauging Novice Programming Processes,Teemu Lehtinen; Lassi Haaranen; Juho Leinonen,2023,,10.1145/3576123.3576129,https://openalex.org/W4317502083,adjacent-subtopic,"Students sometimes manage to produce functionally correct program code while having a fragile understanding of the related learning goals. Such unproductive success could be intercepted by an educator who asks questions that target the structure and evaluation of the student’s program using the constructs and identifiers in the code. We provide a tool that automatically generates multiple-choice questions of seven different types for this purpose. We integrated these questions into a web-based program writing exercises, which we also publish as a part of this work, and successfully used them on an introductory programming course. In our pilot evaluation of the tool, we found that the students who answer these questions repeatedly incorrectly are likely to drop out, have more challenges while writing a program, and resort to tinkering behavior.",openalex,llm,0.940,unreviewed,,doi:10.1145/3576123.3576129
