status,title,authors,year,venue,doi,url,tags,abstract,provider,decision_source,llm_confidence,llm_review_outcome,llm_change_direction,paper_id
discarded,CoSMoMVPA: Multi-Modal Multivariate Pattern Analysis of Neuroimaging Data in Matlab/GNU Octave,Nikolaas N. Oosterhof; Andrew C. Connolly; James V. Haxby,2016,Frontiers in Neuroinformatics,10.3389/fninf.2016.00027,https://openalex.org/W2952062626,off-topic-false-hit,"Recent years have seen an increase in the popularity of multivariate pattern (MVP) analysis of functional magnetic resonance (fMRI) data, and, to a much lesser extent, magneto- and electro-encephalography (M/EEG) data. We present CoSMoMVPA, a lightweight MVPA (MVP analysis) toolbox implemented in the intersection of the Matlab and GNU Octave languages, that treats both fMRI and M/EEG data as first-class citizens. CoSMoMVPA supports all state-of-the-art MVP analysis techniques, including searchlight analyses, classification, correlations, representational similarity analysis, and the time generalization method. These can be used to address both data-driven and hypothesis-driven questions about neural organization and representations, both within and across: space, time, frequency bands, neuroimaging modalities, individuals, and species. It uses a uniform data representation of fMRI data in the volume or on the surface, and of M/EEG data at the sensor and source level. Through various external toolboxes, it directly supports reading and writing a variety of fMRI and M/EEG neuroimaging formats, and, where applicable, can convert between them. As a result, it can be integrated readily in existing pipelines and used with existing preprocessed datasets. CoSMoMVPA overloads the traditional volumetric searchlight concept to support neighborhoods for M/EEG and surface-based fMRI data, which supports localization of multivariate effects of interest across space, time, and frequency dimensions. CoSMoMVPA also provides a generalized approach to multiple comparison correction across these dimensions using Threshold-Free Cluster Enhancement with state-of-the-art clustering and permutation techniques. CoSMoMVPA is highly modular and uses abstractions to provide a uniform interface for a variety of MVP measures. Typical analyses require a few lines of code, making it accessible to beginner users. At the same time, expert programmers can easily extend its functionality. CoSMoMVPA comes with extensive documentation, including a variety of runnable demonstration scripts and analysis exercises (with example data and solutions). It uses best software engineering practices including version control, distributed development, an automated test suite, and continuous integration testing. It can be used with the proprietary Matlab and the free GNU Octave software, and it complies with open source distribution platforms such as NeuroDebian. CoSMoMVPA is Free/Open Source Software under the permissive MIT license. Website: http://cosmomvpa.org Source code: https://github.com/CoSMoMVPA/CoSMoMVPA.",openalex,llm,1.000,unreviewed,,doi:10.3389/fninf.2016.00027
discarded,Hyperthermia and central fatigue during prolonged exercise in humans,Lars Nybo; Bodil Lisbeth Nielsen,2001,Journal of Applied Physiology,10.1152/jappl.2001.91.3.1055,https://openalex.org/W2096855176,off-topic-false-hit,"The present study investigated the effects of hyperthermia on the contributions of central and peripheral factors to the development of neuromuscular fatigue. Fourteen men exercised at 60% maximal oxygen consumption on a cycle ergometer in hot (40 degrees C; hyperthermia) and thermoneutral (18 degrees C; control) environments. In hyperthermia, the core temperature increased throughout the exercise period and reached a peak value of 40.0 +/- 0.1 degrees C (mean +/- SE) at exhaustion after 50 +/- 3 min of exercise. In control, core temperature stabilized at approximately 38.0 +/- 0.1 degrees C, and exercise was maintained for 1 h without exhausting the subjects. Immediately after the cycle trials, subjects performed 2 min of sustained maximal voluntary contraction (MVC) either with the exercised legs (knee extension) or with a ""nonexercised"" muscle group (handgrip). The degree of voluntary activation during sustained maximal knee extensions was assessed by superimposing electrical stimulation (EL) to nervus femoralis. Voluntary knee extensor force was similar during the first 5 s of contraction in hyperthermia and control. Thereafter, force declined in both trials, but the reduction in maximal voluntary force was more pronounced in the hyperthermic trial, and, from 30 to 120 s, the force was significantly lower in hyperthermia compared with control. Calculation of the voluntary activation percentage (MVC/MVC + EL) revealed that the degree of central activation was significantly lower in hyperthermia (54 +/- 7%) compared with control (82 +/- 6%). In contrast, total force of the knee extensors (MVC + force from EL) was not different in the two trials. Force development during handgrip contraction followed the same pattern of response as was observed for the knee extensors. In conclusion, these data demonstrate that the ability to generate force during a prolonged MVC is attenuated with hyperthermia, and the impaired performance is associated with a reduction in the voluntary activation percentage.",openalex,llm,1.000,unreviewed,,doi:10.1152/jappl.2001.91.3.1055
discarded,BRAD V3.0: an upgraded Brassicaceae database,Haixu Chen; Tianpeng Wang; Xiaoning He; Xu Cai; Runmao Lin; Jianli Liang; Jian Wu; Graham J.W. King; Xiaowu Wang,2021,Nucleic Acids Research,10.1093/nar/gkab1057,https://openalex.org/W3212001377,adjacent-subtopic,"The Brassicaceae Database (BRAD version 3.0, BRAD V3.0; http://brassicadb.cn) has evolved from the former Brassica Database (BRAD V2.0), and represents an important community portal hosting genome information for multiple Brassica and related Brassicaceae plant species. Since the last update in 2015, the complex genomes of numerous Brassicaceae species have been decoded, accompanied by many omics datasets. To provide an up-to-date service, we report here a major upgrade of the portal. The Model-View-ViewModel (MVVM) framework of BRAD has been re-engineered to enable easy and sustainable maintenance of the database. The collection of genomes has been increased to 26 species, along with optimization of the user interface. Features of the previous version have been retained, with additional new tools for exploring syntenic genes, gene expression and variation data. In the 'Syntenic Gene @ Subgenome' module, we added features to view the sequence alignment and phylogenetic relationships of syntenic genes. New modules include 'MicroSynteny' for viewing synteny of selected fragment pairs, and 'Polymorph' for retrieval of variation data. The updated BRAD provides a substantial expansion of genomic data and a comprehensive improvement of the service available to the Brassicaceae research community.",openalex,llm,0.930,unreviewed,,doi:10.1093/nar/gkab1057
discarded,"Magnitude, temporal trends, and projections of the global prevalence of blindness and distance and near vision impairment: a systematic review and meta-analysis",Rupert Bourne; Seth Flaxman; Tasanee Braithwaite; Maria Vittoria Cicinelli; Aditi Das; Jost Bruno Jonas; Jill Keeffe; John H. Kempen; Janet L Leasher; Hans Limburg; Kovin Shunmugan Naidoo; Konrad Pesudovs; Serge Resnikoff; Alex Silvester; Gretchen A Stevens; Nina Tahhan; Tien Yin Wong; Hugh Ringland Taylor; Rupert Bourne; Peter Ackland; Aries R. Arditi; Yaniv Barkana; Banu Bozkurt; Tasanee Braithwaite; Alain M. Bron; Donald L. Budenz; Feng Cai; Robert James Casson; Usha Chakravarthy; Jaewan Choi; Maria Vittoria Cicinelli; Nathan G. Congdon; Reza Dana; Rakhi Dandona; Lalit Dandona; Aditi Das; Iva Dekaris; Monte A. Del Monte; Jenny P Deva; Laura E. Dreer; Leon B. Ellwein; Marcela G. Frazier; Kevin D. Frick; David Steven Friedman; João M. Furtado; Hua Gao; Gus Gazzard; Ronnie Jacob George; Stephen Gichuhi; Victor Gonzalez; Billy Randall Hammond; M. Elizabeth Hartnett; Minguang He; J. Fielding Hejtmancik; Flavio Eduardo Hirai; John J. Huang; April D. Ingram; Jonathan Javitt; Jost Jonas; Charlotte E. Joslin; Jill Keeffe; John H. Kempen; Moncef Khairallah; Rohit Khanna; Judy Kim; George Ι. Lambrou; Van Charles Lansingh; Paolo Lanzetta; Janet L Leasher; Jennifer I. Lim; Hans Limburg; Kaweh Mansouri; Anu Mathew; Alan R. Morse; Beatriz E. Muñoz; David C. Musch; Kovin Shunmugan Naidoo; Vinay B. Nangia; Maria Palaiou; Maurízio Battaglia Parodi; Fernando Yaacov Peña; Konrad Pesudovs; Tünde Pető; Harry A. Quigley; Murugesan Raju; Pradeep Ramulu; Serge Resnikoff; Alan Lee Robin; Luca Mario Rossetti; JINAN B. SAADDINE; Mya Sandar; Janet B. Serle; Tueng T. Shen; Rajesh Shetty; Pamela C. Sieving; Juan Carlos Silva; Alex Silvester; Rita Sita Sitorus; Dwight E. Stambolian; Gretchen A Stevens,2017,The Lancet Global Health,10.1016/s2214-109x(17)30293-0,https://openalex.org/W2741346289,off-topic-false-hit,"BACKGROUND: Global and regional prevalence estimates for blindness and vision impairment are important for the development of public health policies. We aimed to provide global estimates, trends, and projections of global blindness and vision impairment. METHODS: We did a systematic review and meta-analysis of population-based datasets relevant to global vision impairment and blindness that were published between 1980 and 2015. We fitted hierarchical models to estimate the prevalence (by age, country, and sex), in 2015, of mild visual impairment (presenting visual acuity worse than 6/12 to 6/18 inclusive), moderate to severe visual impairment (presenting visual acuity worse than 6/18 to 3/60 inclusive), blindness (presenting visual acuity worse than 3/60), and functional presbyopia (defined as presenting near vision worse than N6 or N8 at 40 cm when best-corrected distance visual acuity was better than 6/12). FINDINGS: Globally, of the 7·33 billion people alive in 2015, an estimated 36·0 million (80% uncertainty interval [UI] 12·9-65·4) were blind (crude prevalence 0·48%; 80% UI 0·17-0·87; 56% female), 216·6 million (80% UI 98·5-359·1) people had moderate to severe visual impairment (2·95%, 80% UI 1·34-4·89; 55% female), and 188·5 million (80% UI 64·5-350·2) had mild visual impairment (2·57%, 80% UI 0·88-4·77; 54% female). Functional presbyopia affected an estimated 1094·7 million (80% UI 581·1-1686·5) people aged 35 years and older, with 666·7 million (80% UI 364·9-997·6) being aged 50 years or older. The estimated number of blind people increased by 17·6%, from 30·6 million (80% UI 9·9-57·3) in 1990 to 36·0 million (80% UI 12·9-65·4) in 2015. This change was attributable to three factors, namely an increase because of population growth (38·4%), population ageing after accounting for population growth (34·6%), and reduction in age-specific prevalence (-36·7%). The number of people with moderate and severe visual impairment also increased, from 159·9 million (80% UI 68·3-270·0) in 1990 to 216·6 million (80% UI 98·5-359·1) in 2015. INTERPRETATION: There is an ongoing reduction in the age-standardised prevalence of blindness and visual impairment, yet the growth and ageing of the world's population is causing a substantial increase in number of people affected. These observations, plus a very large contribution from uncorrected presbyopia, highlight the need to scale up vision impairment alleviation efforts at all levels. FUNDING: Brien Holden Vision Institute.",openalex,llm,1.000,unreviewed,,doi:10.1016/s2214-109x(17)30293-0
discarded,Can High‐Risk Older Drivers Be Identified Through Performance‐Based Measures in a Department of Motor Vehicles Setting?,Karlene Ball; Daniel L. Roenker; Virginia G. Wadley; Jerri D. Edwards; David L. Roth; Gerald McGwin; Robert Raleigh; John J. Joyce; Gayla M. Cissell; Tina Dube,2005,Journal of the American Geriatrics Society,10.1111/j.1532-5415.2005.00568.x,https://openalex.org/W1526712561,off-topic-false-hit,"OBJECTIVES: To evaluate the relationship between performance-based risk factors and subsequent at-fault motor vehicle collision (MVC) involvement in a cohort of older drivers. DESIGN: Prospective cohort study. SETTING: Motor Vehicle Administration (MVA) field sites in Maryland. PARTICIPANTS: Of the 4,173 older drivers invited to participate in the study, 2,114 individuals aged 55 to 96 agreed to do so. These analyses focus on 1,910 individuals recruited through MVA field sites. MEASUREMENTS: Gross Impairment Screening Battery, which included Rapid Pace Walk, Head/Neck Rotation, Foot Tap, Arm Reach, Cued Recall, Symbol Scan, Visual Closure subtest of the Motor Free Visual Perception Test (MVPT), Delayed Recall, and Trail Making Test with an Abbreviated Part A and standard Part B; Useful Field of View (UFOV) subtest 2; a Mobility Questionnaire; and MVC occurrence. RESULTS: In drivers aged 55 and older with intact vision (20/70 far visual acuity and 140 degrees visual field), age, sex, history of falls, and poorer cognitive performance, as measured using Trails B, MVPT, and UFOV subtest 2, were predictive of future at-fault MVC involvement. After adjusting for annual mileage, participants aged 78 and older were 2.11 as more likely to be involved in an at-fault MVC, those who made four or more errors on the MVPT were 2.10 times as likely to crash, those who took 147 seconds or longer to complete Trails B were 2.01 times as likely to crash, and those who took 353 ms or longer on subtest 2 of the UFOV were 2.02 times as likely to incur an at-fault MVC. Older adults, men, and individuals with a history of falls were more likely to be involved in subsequent at-fault MVCs. CONCLUSION: Performance-based cognitive measures are predictive of future at-fault MVCs in older adults. Cognitive performance, in particular, is a salient predictor of subsequent crash involvement in older adults. High-risk older drivers can be identified through brief, performance-based measures administered in a MVA setting.",openalex,llm,1.000,unreviewed,,doi:10.1111/j.1532-5415.2005.00568.x
discarded,Intramuscular and surface electromyogram changes during muscle fatigue,Toshio Moritani; Masuo Muro; A. Nagata,1986,Journal of Applied Physiology,10.1152/jappl.1986.60.4.1179,https://openalex.org/W2164476255,off-topic-false-hit,"Twelve male subjects were tested to determine the effects of motor unit (MU) recruitment and firing frequency on the surface electromyogram (EMG) frequency power spectra during sustained maximal voluntary contraction (MVC) and 50% MVC of the biceps brachii muscle. Both the intramuscular MU spikes and surface EMG were recorded simultaneously and analyzed by means of a computer-aided intramuscular spike amplitude-frequency histogram and frequency power spectral analysis, respectively. Results indicated that both mean power frequency (MPF) and amplitude (rmsEMG) of the surface EMG fell significantly (P less than 0.001) together with a progressive reduction in MU spike amplitude and firing frequency during sustained MVC. During 50% MVC there was a significant decline in MPF (P less than 0.001), but this decline was accompanied by a significant increase in rmsEMG (P less than 0.001) and a progressive MU recruitment as evidenced by an increased number of MUs with relatively large spike amplitude. Our data suggest that the surface EMG amplitude could better represent the underlying MU activity during muscle fatigue and the frequency powers spectral shift may or may not reflect changes in MU recruitment and rate-coding patterns.",openalex,llm,1.000,unreviewed,,doi:10.1152/jappl.1986.60.4.1179
discarded,"Effect of Long-Acting Testosterone Treatment on Functional Exercise Capacity, Skeletal Muscle Performance, Insulin Resistance, and Baroreflex Sensitivity in Elderly Patients With Chronic Heart Failure",Giuseppe Caminiti; Maurizio Volterrani; Ferdinando Iellamo; Giuseppe Marazzi; Rosalba Massaro; Marco Miceli; Caterina Mammi; Massimo Francesco Piepoli; Massimo Fini; Giuseppe M.C. Rosano,2009,Journal of the American College of Cardiology,10.1016/j.jacc.2009.04.078,https://openalex.org/W176571599,off-topic-false-hit,,openalex,llm,1.000,unreviewed,,doi:10.1016/j.jacc.2009.04.078
discarded,Does sports activity enhance the risk of sudden death in adolescents and young adults?,Domenico Corrado; Cristina Basso; Giulio Rizzoli; Maurizio Schiavon; Gaetano Thiene,2003,Journal of the American College of Cardiology,10.1016/j.jacc.2003.03.002,https://openalex.org/W2096363558,off-topic-false-hit,,openalex,llm,0.990,unreviewed,,doi:10.1016/j.jacc.2003.03.002
discarded,"Effect of Acute Static Stretching on Force, Balance, Reaction Time, and Movement Time",David George Behm; ANDREW BAMBURY; Farrell Cahill; Kevin E. Power,2004,Medicine & Science in Sports & Exercise,10.1249/01.mss.0000135788.23012.5f,https://openalex.org/W1983757256,off-topic-false-hit,"PURPOSE: The purpose of the study was to investigate the effect of an acute bout of lower limb static stretching on balance, proprioception, reaction, and movement time. METHODS: Sixteen subjects were tested before and after both a static stretching of the quadriceps, hamstrings, and plantar flexors or a similar duration control condition. The stretching protocol involved a 5-min cycle warm-up followed by three stretches to the point of discomfort of 45 s each with 15-s rest periods for each muscle group. Measurements included maximal voluntary isometric contraction (MVC) force of the leg extensors, static balance using a computerized wobble board, reaction and movement time of the dominant lower limb, and the ability to match 30% and 50% MVC forces with and without visual feedback. RESULTS: There were no significant differences in the decrease in MVC between the stretch and control conditions or in the ability to match submaximal forces. However, there was a significant (P < 0.009) decrease in balance scores with the stretch (decreasing 9.2%) compared with the control (increasing 17.3%) condition. Similarly, decreases in reaction (5.8%) and movement (5.7%) time with the control condition differed significantly (P < 0.01) from the stretch-induced increases of 4.0% and 1.9%, respectively. CONCLUSION: In conclusion, it appears that an acute bout of stretching impaired the warm-up effect achieved under control conditions with balance and reaction/movement time.",openalex,llm,1.000,unreviewed,,doi:10.1249/01.mss.0000135788.23012.5f
discarded,Muscle inactivation: assessment of interpolated twitch technique,David George Behm; Diane M.M. St-Pierre; D. Perez,1996,Journal of Applied Physiology,10.1152/jappl.1996.81.5.2267,https://openalex.org/W2288566638,off-topic-false-hit,"The validity, reliability, and protocol for the interpolated twitch technique (ITT) were investigated with isometric plantar flexor and leg extension contractions. Estimates of muscle inactivation were attempted by comparing a variety of superimposed with potentiated evoked torques with submaximal and maximal voluntary contraction (MVC) torques or forces. The use of nerve and surface stimulation to elicit ITT was reliable, except for problems in maintaining maximal stimulation with nerve stimulation at 20 degrees plantar flexion and during leg extension. The interpolated twitch ratio-force relationship was best described by a shallow hyperbolic curve resulting in insignificant MVC prediction errors with second-order polynomials (1.1-6.9%). The prediction error under 40% MVC was approximately double that over 60% MVC, contributing to poor estimations of MVC in non-weight-bearing postimmobilized ankle fracture patients. There was no significant difference in the ITT sensitivity when twitches, doublets, or quintuplets were used. The ITT was valid and reliable when high-intensity contractions were analyzed with a second-order polynomial.",openalex,llm,1.000,unreviewed,,doi:10.1152/jappl.1996.81.5.2267
discarded,Does plyometric training improve strength performance? A meta-analysis,Eduardo Saéz-Saez de Villarreal; Bernardo Requena; Robert Usher Newton,2009,Journal of science and medicine in sport,10.1016/j.jsams.2009.08.005,https://openalex.org/W2017241141,off-topic-false-hit,,openalex,llm,0.990,unreviewed,,doi:10.1016/j.jsams.2009.08.005
