status,title,authors,year,venue,doi,url,tags,abstract,provider,decision_source,llm_confidence,llm_review_outcome,llm_change_direction,paper_id
discarded,The Effects of an Accessible Computing Curriculum for Students with Autism Spectrum Disorders,Abdu Arslanyilmaz; Margie Briley; Gregory Boerio; Katie Petridis; Ramlah Ilyas,2023,2023 IEEE Frontiers in Education Conference (FIE),10.1109/FIE58773.2023.10343392,https://ieeexplore.ieee.org/document/10343392/,"qualifies-claim; adjacent-subtopic; tool or course description, no finding on learning event-driven programming or functions as values","There has been a limited number of studies in which a computing curriculum is designed and developed for students with Autism Spectrum Disorders (ASD), but no study has tested the effectiveness of an accessible computing curriculum for students with Autism Spectrum Disorder (ASD). Therefore, the objectives of this study are to evaluate the effectiveness of such a computing curriculum in improving the learning of computational thinking concepts (CTCs: flow control, data representation, abstraction, user-interactivity, synchronization, parallelism, and logic) by comparing computing projects developed by two groups of students (Potential Development Middle School (PDMS) and Rich Center for Autism (RCA)) of twenty-one students with ASD and by investigating the progressive improvement of a total of 312 computing projects developed by students (138 in PDMS and 174 in RCA) over 20 sessions. Students in both groups were equal in their knowledge of CTCs at the pretest, and RCA and PDMS groups were taught utilizing the accessible and original CT curriculums, respectively, in this experimental study. The results showed that the original CT curriculum was statistically significantly more effective in learning of logic. Additionally, when all seven CTCs as a single construct were examined, the original CT curriculum was statistically significantly more effective than the accessible one. Furthermore, an investigation of the gradual increase in students' computing project scores throughout 20 sessions showed that both curriculums were statistically significantly effective in progressively improving students' learning of data representation, abstraction, synchronization, parallelism, and all CTCs as a single construct. When the correlations between CTCs and sessions for individual groups (PDMS & RCA) were analyzed, both curriculums were statistically significantly effective in increasing scores of synchronization and all CTCs as a single construct. The accessible and the original CT curriculums were also statistically significantly effective in improving students' learning of data representation and abstraction, respectively.",ieee,llm_reviewed,0.740,changed,kept->discarded,doi:10.1109/fie58773.2023.10343392
discarded,Research on False Target Recognition Method Based on Distance-Speed Matching Characteristic,Hui Lan; Dongli Liu; Yingjie Wang,2022,2022 10th International Conference on Information Systems and Computing Technology (ISCTech),10.1109/ISCTech58360.2022.00078,https://ieeexplore.ieee.org/document/10130907/,off-topic-false-hit,"To solve the problem of radar main lobe deception jamming, a false target recognition method based on distance-speed matching is proposed. Firstly, the difference between the real target and false target is analyzed in distance-speed matching feature. Then, based on radar echo points, the radial velocity and the doppler velocity are extracted utilizing least square fitting and three points interpolated DFT. Finally, according to target velocity difference probability distribution function, the threshold $\lambda$ is determined to distinguish real target and false target based on identification probability Pc and error probability Pe. The simulation results show that the algorithm can effectively identify false targets, and can obtain high recognition probability and low error probability under the condition of high speed estimation accuracy and large difference of false target speed.",ieee,llm,1.000,unreviewed,,doi:10.1109/isctech58360.2022.00078
discarded,Generalized lambda distribution for the expression of measurement uncertainty,D.A. Lampasi; Fabio Di Nicola; L. Podesta,2006,IEEE Transactions on Instrumentation and Measurement,10.1109/TIM.2006.876408,https://ieeexplore.ieee.org/document/1658383/,off-topic-false-hit,"The generalized lambda distribution family fits the probability distributions of a wide variety of data sets, including the most important distributions encountered in the measurement applications (normal, uniform, Student's t, U-shaped, exponential). This paper illustrates how the four parameters needed for such distribution can be exploited in the expression of measurement uncertainty and to extend the information related to a measurement. The obtained representation allows an immediate calculation of coverage intervals and is particularly useful to support the techniques commonly applied in the estimation of the combined uncertainty. Moreover, in order to include the classical measurement information, a novel parameterization of the distribution is proposed",ieee,llm,1.000,unreviewed,,doi:10.1109/tim.2006.876408
discarded,The Generalized Lambda Distribution for the Expression of Measurement Uncertainty,D.A. Lampasi; F. Di Nicola; L. Podesta,2005,2005 IEEE Instrumentationand Measurement Technology Conference Proceedings,10.1109/IMTC.2005.1604548,https://ieeexplore.ieee.org/document/1604548/,off-topic-false-hit,"The generalized lambda distribution family fits the probability distributions of a wide variety of data sets, including the most important distributions in measurement applications (normal, uniform, student's t, U-shaped, exponential). This paper illustrates how the representation of measurement uncertainty by means of the four parameters of the distribution can extend the information about the results of a measurement and their uncertainty. Such representation allows an immediate calculation of coverage intervals and is particularly able to support the techniques commonly applied in estimation of combined uncertainty. Moreover, in order to include the classical measurement information, a novel X-parametrization is proposed",ieee,llm,1.000,unreviewed,,doi:10.1109/imtc.2005.1604548
discarded,A Knowledge Distillation Method based on ACF Constraints,Quan Zhou; Cheng Zhang; Taohu Xie; Ning Liang,2025,2025 IEEE 2nd International Conference on Big Data Science and Engineering (ICBDSE),10.1109/ICBDSE65491.2025.11220136,https://ieeexplore.ieee.org/document/11220136/,off-topic-false-hit,"Traditional Knowledge Distillation (KD) methods in financial time series forecasting suffer from ignored autocorrelation statistics and poor generalization in dynamic environments. This paper proposes an Autocorrelation Function (ACF)-constrained KD framework (ACF-KD). By designing a hybrid loss function combining KL divergence and ACF statistical constraints ($L_{\text {total }}=\lambda_{\mathrm{kd}} L_{\mathrm{kd}}+\lambda_{\text {acf }} \| \left.\operatorname{ACF}\left(y_{\text {pred }}\right)-\operatorname{ACF}\left(y_{\text {true }}\right) \|^{2}\right)$, we establish a two-stage distillation architecture that explicitly aligns the secondorder statistics of predictions with ground-truth data. Theoretically, ACF constraints reduce the generalization error bound via Wasserstein distance minimization, achieving faster convergence than vanilla KD. Experiments on six financial datasets demonstrate that ACF-KD reduces ACF misalignment by $62 \%(p\lt 0.01)$, improves out-ofsample MAE by $19 \%$, and achieves real-time inference speed ($3 \mathrm{~ms} /$ sample) for high-frequency trading. This work pioneers a lightweight forecasting paradigm with guaranteed statistical consistency.",ieee,llm,1.000,unreviewed,,doi:10.1109/icbdse65491.2025.11220136
discarded,An analysis of the effects of windowing on selected STAP algorithms,B.E. Smith; T.B. Hale,2004,Proceedings of the 2004 IEEE Radar Conference (IEEE Cat. No.04CH37509),10.1109/NRC.2004.1316496,https://ieeexplore.ieee.org/document/1316496/,off-topic-false-hit,"The paper analyzes the effects of common data windows on STAP algorithms and the non-adaptive signal match processor. The windows are applied both to temporal and spatial dimensions. With the exception of factored approaches, it is shown that STAP algorithm performance decreases when windows are applied. Finally, a Monte Carlo analysis of probability of detection is performed on the best windowed/nonwindowed combination from each technique evaluated. Because the covariance must be estimated, the results demonstrate that the windowed non-adaptive signal match processor can outperform partially adaptive STAP methods at normalized Doppler between 0.25 and 0.75, while partially adaptive STAP algorithms perform significantly better than the windowed signal match processor closer to the clutter normalized Doppler.",ieee,llm,1.000,unreviewed,,doi:10.1109/nrc.2004.1316496
discarded,Hybrid Particle Filter Trained Neural Network for Prognosis of Lithium-Ion Batteries,Karkulali Pugalenthi; Hyunseok Park; Shaista Hussain; Nagarajan Raghavan,2021,IEEE Access,10.1109/ACCESS.2021.3116264,https://ieeexplore.ieee.org/document/9551933/,off-topic-false-hit,"Prognostics and Health Management (PHM) plays a key role in Industry 4.0 revolution by providing smart predictive maintenance solutions. Early failure detection and prediction of remaining useful life (RUL) of critical industrial machines/components are the main challenges addressed by PHM methodologies. In literature, model-based and data-driven methods are widely used for RUL estimation. Model-based methods rely on empirical/phenomenological degradation models for RUL prediction using Bayesian formulations. In many cases, the lack of accurate physics-based models emphasizes the need to resort to machine learning based prognostic algorithms. However, data-driven methods require extensive machine failure data incorporating all possible operating conditions along with all possible failure modes pertaining to that particular machine/component, which are seldom available in their entirety. In this work, we propose a three-stage hybrid prognostic algorithm (HyA) combining model-based (Particle Filters-PF) and data-driven (Neural Networks-NN) methods in a unique way. The proposed method aims to overcome the need for accurate degradation modeling or extensive failure data sets. In the first stage, a feedforward neural network is used to formulate lithium-ion battery’s degradation trends and the corresponding NN model parameters are used to define the initial prior distribution of PF algorithm. In the second stage, the PF algorithm optimizes the model parameters and the posterior model parameter distributions are utilized to ‘warm-start’ the neural network used for prognosis and the third/final stages focuses on prognosis and RUL estimation using the trained NN model leveraging on the posterior distributions of the PF fine-tuned weights and biases. The proposed method is demonstrated on CALCE and NASA lithium-ion battery capacity degradation datasets. The efficacy of the proposed hybrid algorithm is evaluated using root mean square error (RMSE) values and alpha-lambda prognostic metrics. Also, the impact of the NN architecture on the prediction accuracy and computational load are analyzed.",ieee,llm,1.000,unreviewed,,doi:10.1109/access.2021.3116264
discarded,Method dispatching and type safety for objects with multiple roles,R.K. Wong; H.L. Chau,1997,"Proceedings. Technology of Object-Oriented Languages and Systems, TOOLS 25 (Cat. No.97TB100239)",10.1109/TOOLS.1997.681877,https://ieeexplore.ieee.org/document/681877/,adjacent-subtopic,"The association between an instance and a class is exclusive and permanent in many class based, object oriented database systems. Therefore, these systems have serious difficulties for applications in which objects take on different and multiple roles over time. Recently, some researchers have proposed the use of roles to tackle these problems. Although many of them have realized the importance and difficulties to solve the type problems caused by roles, formal semantics and type issues of roles have not been addressed. We develop an expressive yet semantically sound type calculus for objects with multiple roles. While the rich role modeling constructs are introduced, the calculus can still be expressed in a neat way by using the polymorphism of overloaded functions. We show the important properties of the calculus which include Subject Reduction, Strong Normalization and Confluence. The calculus described in the paper provides a foundation for object-with-role models. We show that the calculus is general enough to be applied to various role models with little modification.",ieee,llm,0.980,unreviewed,,doi:10.1109/tools.1997.681877
discarded,Generalized Design Approach of Broadband Doherty Power Amplifiers With Extended Back-Off Range Without Postmatching Network,Hao Li; Cuiping Yu; Xunnan Zhang; Zehao Chen; Yuanan Liu,2026,IEEE Microwave and Wireless Technology Letters,10.1109/LMWT.2025.3639227,https://ieeexplore.ieee.org/document/11283033/,off-topic-false-hit,"This letter proposes a new approach to design broadband Doherty power amplifiers (DPAs) with extended output power back-off (OBO) range. Based on the asymmetric architecture, under a given back-off level, the explicit supply voltage ratio and peak current ratio can be solved, so that a compact load modulation network (LMN) without postmatching can be realized. To further improve the back-off efficiency, the optimal relationship between the phase slope of the equivalent quasi- $\lambda $ /4 transmission line (TL) network of the carrier power amplifier (PA) and the output admittance of the peaking PA is analyzed. The parameters of the proposed LMN at different OBO levels are summarized. For verification, a DPA operating at 2.2–3.0 GHz with 10-dB OBO range was designed and tested. Within the operating bandwidth, continuous-wave measurements show that the saturated output power reaches 45.6–46.8 dBm, and the measured drain efficiency (DE) reaches 63.3%–81.3% at saturation and 40.3%–60.4% at 10-dB OBO, respectively.",ieee,llm,1.000,unreviewed,,doi:10.1109/lmwt.2025.3639227
discarded,Introduction,Boguslaw Cyganek,2020,Introduction to Programming with C++ for Engineers,10.1002/9781119431152.ch1,https://ieeexplore.ieee.org/document/9289991/,adjacent-subtopic,"This introduction presents an overview of the key concepts discussed in the subsequent chapters of this book. The book is intended for undergraduate and graduate students taking their first steps in computer science with the C++ programming language, as well as those who already have some programming experience but want to advance their skills. It starts by presenting the hardware model, which is useful to understand what computer programs do. The chapter provides a solid introduction to the basic but very important features of programming with C++. It presents the auto keyword, an introduction to some Standard Library algorithms, structures and classes, fixed‐size arrays with std : : array, references, pointers, statements, functions (including lambda functions), tuples with std : : tuple, and structured binding, as well as operators. The chapter leads to mastering intermediate and advanced techniques of C++ with special stress on object‐oriented design and object‐oriented programming.",ieee,llm,0.960,unreviewed,,doi:10.1002/9781119431152.ch1
discarded,From the Classical Schmid Factor to Tensor-Based Global Measures: A Critical Review and Practical Advice for Beginners,"Xia, Dabiao; Gupta, Manoj; Xu, Long",2026,MATERIALS,10.3390/ma19173803,https://www.webofscience.com/wos/woscc/full-record/WOS:001874362300001,off-topic-false-hit,"The Schmid factor provides a compact link between an applied load and the resolved shear stress on a selected crystallographic system. For uniaxial loading, m=cos phi cos lambda , and its maximum magnitude is 0.5. This familiar result is conditional on the uniaxial stress model rather than a universal bound. Under a symmetric Cauchy stress tensor sigma, the corresponding projection is tau(RSS) = b(T)sigma n . A dimensionless global Schmid factor (GSF) further requires a stated reference stress. When the von Mises equivalent stress sigma(eq)= root 3/2s:s is used, with orthogonal unit vectors b and n and sigma(eq)>0 , |GSF| <= 1/root 3 , the uniaxial limit is recovered as a special case. This review separates the tensor projection from effective or modified factors defined for particular loading conditions. SF and GSF describe the favorability of a crystallographic system under a prescribed stress, but they are neither intrinsic material properties nor complete activation criteria. Magnesium alloys are used to examine slip-system competition, twinning polarity, texture, local stress redistribution, and differences in critical resolved shear stress. In addition to calculation procedures, limiting cases, reporting requirements, and research directions, common learning difficulties and a progressive route for interpreting Schmid-based measures are discussed.",wos,llm,1.000,unreviewed,,doi:10.3390/ma19173803
discarded,Physics-informed teacher-student distillation with topology-aware multi-island search for III-nitride photonic-crystal inverse design,"Li, Kai; Chen, Zhang; Kang, Junjie; Wang, Renjie",2026,MATERIALS SCIENCE IN SEMICONDUCTOR PROCESSING,10.1016/j.mssp.2026.110927,https://www.webofscience.com/wos/woscc/full-record/WOS:001818374800001,off-topic-false-hit,"III-nitride semiconductors underpin next-generation optoelectronics, yet geometric optimization of photonic crystal (PhC) nanostructures remains challenging due to costly electromagnetic simulations and unavoidable fabrication variability. Here, we present an efficient, fabrication-aware inverse-design framework that bridges idealized theoretical optimization and practical manufacturability. Using secondary ion mass spectrometry and photoluminescence characterization with an emission peak at 522.1 nm, we construct a PhC physical model that explicitly incorporates realistic fabrication deviations. To balance model fidelity and design efficiency, we adopt a teacher-student knowledge-distillation strategy, in which a lightweight, CPU-optimized student network supervises a millisecond-latency GPU ResNet model suitable for deployment. To resolve the intrinsic one-to-many ambiguity, a topology-aware Multi-Island Search using density-based spatial clustering of applications with noise identifies robust ""design islands"" (stable low-error regions) rather than fragile single-point optima. By integrating these components, the framework achieves a low Euclidean distance error, and finite-difference time-domain simulations confirm that the recommended design set aligns optimally with the measured emission band, with a resonant-peak wavelength deviation of only Delta lambda = 0.1 nm from the target feature and superior vertical beam quality. Benchmarking indicates that, under +/- 2 nm fabrication errors, the framework reduces average performance deviation by 48.6% and maximum failure risk by 46.4% compared with a conventional lookup-table baseline, demonstrating a scalable route toward high-yield production of III-nitride nanophotonic devices.",wos,llm,1.000,unreviewed,,doi:10.1016/j.mssp.2026.110927
discarded,Predictors of Static Postural Loading in Primary-School-Aged Children: Comparing Elastic Net and Multiple Regression Methods,"Bandpei, Mohammad Ali Mohseni; Osqueizadeh, Reza; Goudarzi, Hamidreza; Rahmani, Nahid; Ebadi, Abbas",2025,CHILDREN-BASEL,10.3390/children12060744,https://www.webofscience.com/wos/woscc/full-record/WOS:001514702600001,off-topic-false-hit,"Background/Objectives: Adverse effects of a sedentary lifestyle on an individual's overall health are inevitable. With reference to primary-school-aged children, the establishment of effective postural hygiene is critical as it not only promotes optimal musculoskeletal development but also significantly influences their long-term well-being and productivity. This study aimed to develop and internally validate a regularized regression model to predict static postural loading (SPL) in primary school children. Methods: The outcome and predictors of SPL were shortlisted through a systematic review of the literature and expert panels. Data were derived from 258 primary school children. We developed regularized elastic net (EN) and used multiple linear regression (MLR) as a reference. Both models were fitted through five-fold cross-validation with 10 iterations. The grid search technique was used to find the optimal combination of hyperparameters alpha and lambda for the EN. We conducted a permutation importance analysis to obtain and compare predictor rankings for each model. Results: Both models presented a good and comparable fit, with the EN marginally outperforming the MLR in error metrics. Postural risk, sedentary behavior, task duration, and BMI were the most important predictors of SPL in primary school children. Conclusions: The proof of a direct impact of a sedentary lifestyle on children's overall health is both credible and alarming. Hence, proper identification and management of contributing factors to static postural loading in this age group is critical. In various clinical settings, where the objective is to develop a model that accurately forecasts the outcome, advanced regularized regression methods have evidently shown great performance.",wos,llm,1.000,unreviewed,,doi:10.3390/children12060744
