status,title,authors,year,venue,doi,url,tags,abstract,provider,decision_source,llm_confidence,llm_review_outcome,llm_change_direction,paper_id
discarded,Building CLI Applications with C# and .NET: A step-by-step guide to developing cross-platform CLI apps—from coding and testing to deployment,Tidjani Belmansour; Damian Brady,2025,Building CLI Applications with C# and .NET: A step-by-step guide to developing cross-platform CLI apps—from coding and testing to deployment,,https://ieeexplore.ieee.org/document/10948551/,off-topic-false-hit,"Unlock the potential of .NET to design, test, and deploy robust CLI applications, including development, security, and monitoringKey FeaturesReceive expert guidance on building CLI applications with .NETImplement advanced techniques for creating cross-platform, modular, and robust CLI applicationsPut your knowledge into practice through hands-on exercises and real-world projectsPurchase of the print or Kindle book includes a free PDF eBookBook DescriptionDevelopers and system administrators often face challenges like inefficient workflows, complex system operations, and the growing demand for robust automation tools. CLI applications provide a powerful solution by enhancing flexibility, efficiency, and productivity in various environments. This book will guide you through mastering the development of robust command-line tools using .NET. Written by a Microsoft Azure MVP, the book’s hands-on approach ensures practical experience with real-world projects. You’ll start with an overview of foundational principles, essential concepts, and best practices for CLI application development. From there, you’ll advance to creating interactive interfaces, integrating with external APIs and services, and implementing security measures to safeguard your applications. Each chapter will build progressively from basic to advanced topics. Beyond development, you’ll learn how to enhance application quality through testing, package for efficient distribution, and deploy effectively. The book also teaches strategies to optimize performance to ensure your applications run efficiently under heavy usage. By the end of this book, you’ll have gained a deep understanding of CLI application development with .NET to build modular, extensible, and easy-to-maintain applications.What you will learnMaster CLI application development principles to enhance productivityBuild modular and extensible CLI applications that adapt to evolving needsDevelop interactive CLI applications for engaging user experiencesIntegrate external APIs and services to extend functionalityImplement robust security measures to ensure data protectionImprove quality and reliability through comprehensive testingPackage and deploy CLI applications efficiently for smooth releasesOptimize performance to achieve high efficiency and effectivenessWho this book is forThis book is for software developers, architects, and DevOps engineers aiming to enhance their existing SaaS platforms or optimize system operations. It focuses on providing users with CLI applications that automate and streamline workflows, unlocking operational efficiency. A basic understanding of programming concepts and prior experience with .NET and C# is expected, as this book doesn't cover introductory material.",ieee,llm,0.990,unreviewed,,hash:795fdb412ae757f8
discarded,Django in Action,Christopher Trudeau,2024,Django in Action,,https://ieeexplore.ieee.org/document/10745320/,adjacent-subtopic,"Build professional quality web applications using Python and the Django 5.0 web framework. The Django web application framework powers huge sites like Netflix, Dropbox, YouTube, and Spotify. Learn how it can power your web apps too! In this hands-on book, you’ll begin building a fully functional web application with Django starting with chapter 1. In Django in Action you’ll:  Build a multi-user web site in Django Read, write, and manage data Create reusable and composable HTML templates Manage user data including form submissions and file uploads Set up authentication, authorization, and per-person-per-page permissions Manage the backend using the Django Admin tool Discover Django libraries and plugins  Django in Action is the perfect way to get started for new Django developers creating their first Python-based web apps. It’s written by Christopher Trudeau, co-host of The Real Python Podcast and creator of dozens of popular courses at Real Python and TalkPython. The book starts with Django’s basics and works through all of the core concepts of the framework until you’re comfortable and confident creating your own web apps. You’ll especially enjoy the author’s lighthearted style that makes learning fun!",ieee,llm,0.940,unreviewed,,hash:45eeb1348f2a8234
discarded,Rapid Application Development with AWS Amplify: Full stack web development on Amazon Web Servics,Adrian Leung,2021,Rapid Application Development with AWS Amplify: Full stack web development on Amazon Web Servics,,https://ieeexplore.ieee.org/document/10162581/,off-topic-false-hit,"Get to grips with the AWS Amplify framework and use it to build scalable cloud-native progressive web apps with React and cross-platform mobile apps with React Native in TypeScriptKey FeaturesExplore the capabilities of AWS Amplify with popular app frameworks for both web and mobile app platformsBuild your first cloud-native web and mobile applications using AWS AmplifyLeverage AWS Amplify to design GraphQL APIs for your web and mobile applicationsBook DescriptionAWS Amplify is a modern toolkit that includes a command line interface (CLI); libraries for JS, iOS, and Android programming; UI component libraries for frameworks like React, Angular, and Vue.js for web development, and React Native and Flutter for mobile development. You'll begin by learning how to build AWS Amplify solutions with React and React Native with TypeScript from scratch, along with integrating it with existing solutions. This book will show you the fastest way to build a production-ready minimum viable product (MVP) within days instead of years. You'll also discover how to increase development speed without compromising on quality by adopting behavior-driven development (BDD) and Cypress for end-to-end test automation, as well as the Amplify build pipeline (DevOps or CI/CD pipeline) to ensure optimal quality throughout continuous test automation and continuous delivery. As you advance, you'll work with React to determine how to build progressive web apps (PWAs) with Amplify and React Native for cross-platform mobile apps. In addition to this, you'll find out how to set up a custom domain name for your new website and set up the AWS Amplify Admin UI for managing the content of your app effectively. By the end of this AWS book, you'll be able to build a full-stack AWS Amplify solution all by yourself.What you will learnBuild React and React Native apps with Amplify and TypeScriptExplore pre-built Amplify UI components for rapid prototypingAdd user management with Amplify authentication to your appUse Amplify GraphQL to create a blog postDiscover how to upload photos to Amplify StorageEnable DevOps with the Amplify pipeline for your appGet to grips with BDD and test automation with Cypress and CucumberSet up a custom domain name for your website and manage app content with the Amplify Admin UIWho this book is forThis book is for developers and tech companies looking to develop cloud-native products rapidly with the AWS ecosystem. Web and mobile developers with little-to-no experience in TypeScript programming will also find this book helpful. Although no prior experience with AWS or TypeScript is required, basic familiarity with modern frameworks such as React and React Native is useful.",ieee,llm,0.960,unreviewed,,hash:58d132b27ab01c16
discarded,.NET MAUI for C# Developers: Build cross-platform mobile and desktop applications,Jesse Liberty; Rodrigo Juarez; Maddy Montaquila (Leger),2023,.NET MAUI for C# Developers: Build cross-platform mobile and desktop applications,,https://ieeexplore.ieee.org/document/10163530/,adjacent-subtopic,"A practical guide to mastering C# and .NET MAUI to build native cross-platform apps with a single codebase Purchase of the print or Kindle book includes a free PDF eBookKey FeaturesExtend your skills to build cross-platform native apps for iOS, Android, Windows, and MacLearn by working on a real-world projectGo beyond MAUI and integrate with the .NET ecosystemBook DescriptionWhile UI plays a pivotal role in retaining users in a highly competitive landscape, maintaining the same UI can be tricky if you use different languages for different platforms, leading to mismatches and un-synced pages. In this book, you'll see how .NET MAUI allows you to create a real-world application that will run natively on different platforms. By building on your C# experience, you’ll further learn to create beautiful and engaging UI using XAML, architect a solid app, and discover best practices for this Microsoft platform. The book starts with the fundamentals and quickly moves on to intermediate and advanced topics on laying out your pages, navigating between them, and adding controls to gather and display data. You’ll explore the key architectural pattern of Model-View-ViewModel: and ways to leverage it. You’ll also use xUnit and NSubstitute to create robust and reliable code. By the end of this book, you’ll be well-equipped to leverage .NET MAUI and create an API for your app to interact with a web frontend to the backend data using C#.What you will learnExplore the fundamentals of creating .NET MAUI apps with Visual StudioUnderstand XAML as the key tool for building your user interfaceObtain and display data using layout and controlsDiscover the MVVM pattern to create robust appsAcquire the skills for storing and retrieving persistent dataUse unit testing to ensure your app is solid and reliableWho this book is forLearning .NET MAUI is targeted squarely at C# programmers, whether or not they have experience with cross-platform or mobile applications, who wish to learn Microsoft's premier platform for building iOS, Android, Windows and Mac apps using a single C#-based solution.",ieee,llm,0.910,unreviewed,,hash:e93bd679ffb652b4
discarded,"Learn WinUI 3.0: Leverage the power of WinUI, the future of native Windows application development",Alvin Ashcraft,2021,"Learn WinUI 3.0: Leverage the power of WinUI, the future of native Windows application development",,https://ieeexplore.ieee.org/document/10162607/,adjacent-subtopic,"A beginner's guide to building Windows applications with WinUI for UWP and desktop applicationsKey FeaturesCreate modern Windows 10 applications and gain access to UI controls that were previously limited to UWP applicationsDiscover how to modernize your existing Win32 apps with a modern Windows 10 UILearn to embed a single page application (SPA) in a WinUI application with a web framework like BlazorBook DescriptionWinUI 3.0 takes a whole new approach to delivering Windows UI components and controls, and is able to deliver the same features on more than one version of Windows 10. Learn WinUI 3.0 is a comprehensive introduction to WinUI and Windows apps for anyone who is new to WinUI, Universal Windows Platform (UWP), and XAML applications. The book begins by helping you get to grips with the latest features in WinUI and shows you how XAML is used in UI development. You'll then set up a new Visual Studio environment and learn how to create a new UWP project. Next, you'll find out how to incorporate the Model-View-ViewModel (MVVM) pattern in a WinUI project and develop unit tests for ViewModel commands. Moving on, you'll cover the Windows Template Studio (WTS) new project wizard and WinUI libraries in a step-by-step way. As you advance, you'll discover how to leverage the Fluent Design system to create beautiful WinUI applications. You'll also explore the contents and capabilities of the Windows Community Toolkit and learn to create a new UWP user control. Toward the end, the book will teach you how to build, debug, unit test, deploy, and monitor apps in production. By the end of this book, you'll have learned how to build WinUI applications from scratch and modernize existing WPF and WinForms applications using WinUI controls.What you will learnGet up and running with WinUI and discover how it fits into the landscape of Project Reunion and Windows UI developmentBuild new Windows apps quickly with robust templatesDevelop testable and maintainable apps using the MVVM patternModernize WPF and WinForms applications with WinUI and XAML IslandsDiscover how to build apps that can target Windows and leverage the power of the webInstall the XAML Controls Gallery sample app and explore available WinUI controlsWho this book is forThis book is for anyone who wants to develop Windows applications with a modern user experience (UX). If you are familiar with UWP and WPF and are looking to enhance your knowledge of Windows development and modernize existing apps, you will find this book useful. Hands-on experience with C# and .NET is expected but no prior knowledge of WinUI is required.",ieee,llm,0.970,unreviewed,,hash:50b86c7881cd3f7c
discarded,Agroconecta: An application to link up producers with consumers in Smallholder Agriculture,Johan Leandro Téllez Garzón; Yuli Andrea Alvarez Pizarro; William Andrés Rincón Saavedra; Maira Alejandra Orduz Calvete,2026,2026 IEEE Colombian Conference on Communications and Computing (COLCOM),10.1109/COLCOM71387.2026.11703500,https://ieeexplore.ieee.org/document/11703500/,adjacent-subtopic,"Traditional agricultural supply chains in developing countries suffer from multi-tiered intermediation networks that reduce profit margins for smallholder farmers, inflate prices for urban consumers, and cause significant post-harvest losses. This paper presents the design, technical implementation, and empirical evaluation of AGROCONECTA, a mobile and web software ecosystem developed with a cross-platform Flutter framework and a reactive Firebase Backend-as-a-Service (BaaS) architecture. The system uses clean architecture principles and the Model-View-ViewModel (MVVM) state-management pattern, combined with structural and creational design patterns. A four-week empirical pilot study with seventeen active stakeholders (twelve producers and five commercial buyers) validated the platform’s operational efficiency. The system achieved a 94% of user acceptance rate and reduced the average transaction-to-distribution time by 50%, shortening the traditional seventy-two-hour cycle down to thirty-six hours. Performance testing using Apache JMeter demonstrated robust scalability, maintaining a reasonable average response latency under simulated workloads of one hundred concurrent transactions with no system degradation. While user feedback was highly positive with a Net Promoter Score (NPS) exceeding 58% for both user cohorts; the evaluation revealed a System Usability Scale (SUS) score of 68%, highlighting usability friction points related to the rural digital literacy gap. These findings emphasize the importance of matching smart agricultural software design with the digital literacy levels of rural users to support sustainable digital transformation.",ieee,llm,0.960,unreviewed,,doi:10.1109/colcom71387.2026.11703500
discarded,Development of an Android-Based Application for Emotion Regulation in Anxiety Disorder Patients Using the RoBERTa Algrithm,Muhammad Fakhri Andika Mutiara; Norma Hermawan; Eko Agus Suprayitno,2025,"2025 International Conference on Computer Engineering, Network and Intelligent Multimedia (CENIM)",10.1109/CENIM67940.2025.11326277,https://ieeexplore.ieee.org/document/11326277/,adjacent-subtopic,"Anxiety disorder is a prevalent mental health condition that disrupts daily functioning, affecting approximately 301 million people worldwide in 2019. In Indonesia, one in six individuals experiences this condition, yet only 27.6% receive proper care due to stigma, lack of awareness, and limited access to services. To address these challenges, this study developed an Android-based application featuring an emotion regulation chatbot powered by the RoBERTa NLP model to detect user emotions in Indonesian text. The application integrates personalized chatbot interactions, Cognitive Behavioral Therapy (CBT)-based breathing exercises, journaling, mood tracking, and educational resources. Built on an MVVM Android architecture with a Flask backend and PostgreSQL database, the system was tested for functionality and usability. A System Usability Scale (SUS) evaluation with nine participants yielded a score of 82.5, classifying the app as “Excellent.” These results demonstrate its potential to support individuals in effectively managing anxiety.",ieee,llm,0.970,unreviewed,,doi:10.1109/cenim67940.2025.11326277
discarded,A Study and Realization of Mobile Social Network System,Bo Liu; Yang Ji; Chunhong Zhang,2010,2010 Proceedings of the 5th International Conference on Ubiquitous Information Technologies and Applications,10.1109/ICUT.2010.5678169,https://ieeexplore.ieee.org/document/5678169/,adjacent-subtopic,"Mobile terminals provide an increasingly important communication channel in facilitating social connections. Mobile social networking has an enormous potential for us to tap and there is an urgent need to explore new service modes in this area. We have developed a system of social interaction, called Mobile Hunter System, for people to expand their scope of interpersonal relationships not only through the internet but also face-to-face, which makes a difference from the traditional social network systems. People can record their interesting things and share their instant feelings whenever and wherever they want by using this platform. Besides, people can organize a location-based game which provides the chance for people to conduct their social interactions face to face, using their true identities. Usability test result shows that this system is entertaining and is helpful for people to extend the scope of their social network.",ieee,llm,0.980,unreviewed,,doi:10.1109/icut.2010.5678169
discarded,"C# 11 and .NET 7 – Modern Cross-Platform Development Fundamentals: Start building websites and services with ASP.NET Core 7, Blazor, and EF Core 7",Mark J. Price,2022,"C# 11 and .NET 7 – Modern Cross-Platform Development Fundamentals: Start building websites and services with ASP.NET Core 7, Blazor, and EF Core 7",,https://ieeexplore.ieee.org/document/10162280/,adjacent-subtopic,"An accessible guide for beginner-to-intermediate programmers to concepts, real-world applications, and latest features of C# 11 and .NET 7, with hands-on exercises using Visual Studio 2022 and Visual Studio Code. Purchase of the print or Kindle book includes a free eBook in PDF format.Key FeaturesExplore the newest additions to C# 11, the .NET 7 class libraries, and Entity Framework Core 7Create professional websites and services with ASP.NET Core 7 and BlazorBuild your confidence with step-by-step code examples and tips for best practicesBook DescriptionExtensively revised to accommodate the latest features that come with C# 11 and .NET 7, this latest edition of our guide will get you coding in C# with confidence. You’ll learn object-oriented programming, writing, testing, and debugging functions, implementing interfaces, and inheriting classes. Next, you’ll take on .NET APIs for performing tasks like managing and querying data, working with the filesystem, and serialization. As you progress, you’ll also explore examples of cross-platform projects you can build and deploy, such as websites and services using ASP.NET Core. Instead of distracting you with unnecessary graphical user interface code, the first eleven chapters will teach you about C# language constructs and many of the .NET libraries through simple console applications. Having mastered the basics, you’ll then start building websites, web services, and browser apps. By the end of this book, you’ll be able to create rich web experiences and have a solid grasp of object-oriented programming that you can build upon.What you will learnBuild rich web experiences using Blazor, Razor Pages, the Model-View-Controller (MVC) pattern, and other features of ASP.NET CoreWrite, test, and debug functionsQuery and manipulate data using LINQIntegrate and update databases in your apps using Entity Framework Core modelsBuild and consume powerful services using the latest technologies, including Web API and Minimal APIFor .NET 6 developers:C# 11 can be used with .NET 6, including features like raw string literalsEF Core 7 targets .NET 6, so you can benefit from its new features like ExecuteUpdate and ExecuteDelete for more efficient data modificationsWho this book is forThis book is primarily for beginners, but intermediate-level C# and .NET programmers who have worked with C# in the past and want to catch up with the changes made in the past few years will also find plenty of useful information in it. Prior exposure to C# or .NET is not a prerequisite, but you should have a general understanding of programming before you jump in. If you already have some C# and .NET skills and want to focus on developing apps, we recommend that you pick up Mark’s other .NET book, Apps and Services with .NET 7, instead.",ieee,llm,0.950,unreviewed,,hash:40a65d940d9649d7
