status,title,authors,year,venue,doi,url,tags,abstract,provider,decision_source,llm_confidence,llm_review_outcome,llm_change_direction,paper_id
kept,Approach to Building a Web-based Expert System Interface and Its Application for Software Provisioning in Clouds,"Pyshkin, Evgeny; Kuznetsov, Andrey",2015,PROCEEDINGS OF THE 2015 FEDERATED CONFERENCE ON COMPUTER SCIENCE AND INFORMATION SYSTEMS,10.15439/2015F142,https://www.webofscience.com/wos/woscc/full-record/WOS:000376494300043,supports-claim,"This paper focuses on a generalized approach to providing user interface to a web-based expert system (WBES). We examine MVC and MVP design patterns used traditionally to construct a web application user interface. In order to leverage the strength of the MVC/MVP design patterns we propose a special ontology representing a user communication domain. We describe a self-service networked infrastructure for automatic deployment of command line interface (CLI) applications. We demonstrate how to apply the proposed ontology for the design of a WBES aimed at supporting client software re-execution in clouds. In particular, we address the problems existing in the area of software development for music information retrieval algorithms implementation.",wos,llm,0.720,unreviewed,,doi:10.15439/2015f142
discarded,Web Application Deveploment Technologies Using Google Web Toolkit And Google App Engine-Java,"Correa, J. D. Y.; Ricaurte, J. A. B.",2014,IEEE LATIN AMERICA TRANSACTIONS,,https://www.webofscience.com/wos/woscc/full-record/WOS:000332341500040,adjacent-subtopic,"This paper describes some metrics to consider for web application development with frameworks like Google Web Toolkit and Google App Engine, technologies with a particular mode of operation and with some restrictions that affect the design and the functionality of these applications, but also offer great benefits such as improved user interface, better usability, improved performance, greater scalability and as the ability to use certain services, which allow application interoperability with different systems.",wos,llm,0.960,unreviewed,,hash:fe91dc9d59ab3969
discarded,HotDrink A Library for Web User Interfaces,"Freeman, John; Jaervi, Jaakko; Foust, Gabriel",2013,ACM SIGPLAN NOTICES,10.1145/2480361.2371413,https://www.webofscience.com/wos/woscc/full-record/WOS:000318631100009,adjacent-subtopic,"HotDrink is a JavaScript library for constructing forms, dialogs, and other common user interfaces for Web applications. With HotDrink, instead of writing event handlers, developers declare a ""view-model"" in JavaScript and a set of ""bindings"" between the view-model and the HTML elements comprising the view. These specifications tend to be small, but they are enough for HotDrink to provide a fully operational GUI with multi-way data flows, enabling/disabling of values, activation/deactivation of commands, and data validation. HotDrink implements these rich behaviors, expected of high-quality user interfaces, as generic reusable algorithms. This paper/tool demonstration introduces developers to the HotDrink library by stepping through the construction of an example web application GUI.

The library is a concrete realization of our prior work on the ""property models"" approach to declarative GUI programming. To encourage adoption among developers, we have packaged the technology following established web programming conventions.",wos,llm,0.840,unreviewed,,doi:10.1145/2480361.2371413
kept,A Multi-platform Compatible and Open Software Architecture for Computer Numerical Control Systems,"Jiang, Jingjie; Tan, Huaqing; Yao, Bo",2012,"AUTOMATION EQUIPMENT AND SYSTEMS, PTS 1-4",10.4028/www.scientific.net/AMR.468-471.430,https://www.webofscience.com/wos/woscc/full-record/WOS:000309902800088,supports-claim,"By analyzing the current open software architectures for PC-based master-slave Computer Numerical Control(CNC) systems and soft-CNC systems, this paper put forward a multi-platform compatible open software architecture for the two types of CNC systems. The architecture is composed by five different function layers: CNC presentation Layer, CNC Business Layer, CNC Data Layer, NC Interface Layer and NCK Layer. Firstly, the WPF and the MVVM pattern decouple the User Interface (UI) presentation and business logic. Secondly, the component technology is used to decouple the business logic and Numerical Control(NC) functions. Thirdly, the implementation of NC tasks is put into non-RT environment and RT environment. The experiment results of developing the application based on the architecture show that the layered software architecture improves the maintenance and development efficiency, and running the application in the ""non-RT+RT"" environment proves that the architecture is available for PC-based master-slave CNC systems and soft-CNC systems.",wos,llm,0.980,unreviewed,,doi:10.4028/www.scientific.net/amr.468-471.430
kept,A Scalable Graphics User Interface Architecture for CNC Application based - on WPF and MVVM,"Pan, Haihong; Jiang, Jingjie; Chen, Lin; Sun, Hongtao; Tan, Huaqin",2011,"EQUIPMENT MANUFACTURING TECHNOLOGY AND AUTOMATION, PTS 1-3",10.4028/www.scientific.net/AMR.317-319.1931,https://www.webofscience.com/wos/woscc/full-record/WOS:000308571200371,supports-claim,A scalable Graphics User Interface Architecture for open Computer Numerical Control (GUIAC) application is presented in this paper. The GUIAC is based on Windows Presentation Foundation (WPF) and Model-View-ViewModel (MVVM) design pattern. The WPF and MVVM pattern are used to decouple the User Interface (UI) presentation and business logic. This method makes the CNC application UI presentation design and the CNC application logic implementation work in parallel for improving the development and maintenance efficiency. Using the extensible application markup language can reduce the UI presentation design workload. The GUIAC has a loosely coupled structure with three layers. The experiment results of developing the CNC application using GUIAC show that the application graphics user interface is scalable and maintained easily.,wos,llm,0.980,unreviewed,,doi:10.4028/www.scientific.net/amr.317-319.1931
discarded,Generating multimedia presentations that summarize the behavior of dynamic systems using a model-based approach,"Molina, Martin; Flores, Victor",2012,EXPERT SYSTEMS WITH APPLICATIONS,10.1016/j.eswa.2011.08.135,https://www.webofscience.com/wos/woscc/full-record/WOS:000297823300058,off-topic-false-hit,"This article describes a knowledge-based method for generating multimedia descriptions that summarize the behavior of dynamic systems. We designed this method for users who monitor the behavior of a dynamic system with the help of sensor networks and make decisions according to prefixed management goals. Our method generates presentations using different modes such as text in natural language, 2D graphics and 3D animations. The method uses a qualitative representation of the dynamic system based on hierarchies of components and causal influences. The method includes an abstraction generator that uses the system representation to find and aggregate relevant data at an appropriate level of abstraction. In addition, the method includes a hierarchical planner to generate a presentation using a model with discourse patterns. Our method provides an efficient and flexible solution to generate concise and adapted multimedia presentations that summarize thousands of time series. It is general to be adapted to different dynamic systems with acceptable knowledge acquisition effort by reusing and adapting intuitive representations. We validated our method and evaluated its practical utility by developing several models for an application that worked in continuous real time operation for more than 1 year, summarizing sensor data of a national hydrologic information system in Spain. (C) 2011 Elsevier Ltd. All rights reserved.",wos,llm,0.990,unreviewed,,doi:10.1016/j.eswa.2011.08.135
discarded,Development of a Wiimote-Based Gesture Recognizer in a Microprocessor Laboratory Course,"Lorente Leal, Alberto; Fernandez-Rodrigues, Jose A.; Montero, Juan M.",2011,INTERNATIONAL JOURNAL OF EMERGING TECHNOLOGIES IN LEARNING,10.3991/ijet.v6i1.1521,https://www.webofscience.com/wos/woscc/full-record/WOS:000215453200005,adjacent-subtopic,"This gesture recognizer, developed by students in a third-year microprocessor-based laboratory course, takes Wii remote (Wiimote) as an input device to estimate the movements of the user and to compare the detected trajectory with the previously learnt movements, in order to carry out the associated actions. Such a cheap state-of-the-art wireless user interface is very attractive for the students and can be used in many interactive applications, from robotics to virtual reality and multimedia presentations. By combining commercially-available hardware, pattern-matching techniques and programming skills, we are able to foster students' interest on developing innovative potentiallymarketable systems. This freeware project, implemented as a configurable publicly-available library, can be adapted to the needs of any course or student. In our laboratory this open-source DLL is used for remotely controlling a robot (based on an open-hardware Arduino platform), using a PC and the Wiimote, although the DLL can be integrated in any C, C++, Java or C# project. A GUI application (based on a Model-View-Presenter paradigm) is also provided and can be used as a template for new applications or just for debugging purposes. Although the developed application only uses data from the accelerometers, data from the infrared camera and buttons of the Wiimote is also available.",wos,llm,0.980,unreviewed,,doi:10.3991/ijet.v6i1.1521
discarded,Pattern-Driven Engineering of Interactive Computing Systems (PEICS),"Breiner, Kai; Seissler, Marc; Meixner, Gerrit; Forbrig, Peter; Seffah, Ahmed; Kloeckner, Kerstin",2010,EICS 2010: PROCEEDINGS OF THE 2010 ACM SIGCHI SYMPOSIUM ON ENGINEERING INTERACTIVE COMPUTING SYSTEMS,,https://www.webofscience.com/wos/woscc/full-record/WOS:000286907500057,adjacent-subtopic,"Since almost over one decade, patterns have been gaining a lot of interest in the domain of Human-Computer-Interaction (HCI) engineering. It is generally agreed upon that patterns can be used to facilitate the exchange of best practices and knowledge between the interdisciplinary team members, involved in interactive systems design process. Despite intense research activities in the last years, HCI patterns still lack in a standardized description and organization. This makes it difficult for the developers to identify the relevant patterns for solving a problem as well as to apply them accordingly to the problem context.

To fully benefit from HCI patterns within the engineering of interactive computer systems they have to be prepared for integration into a model-based user interface development process. Instead of guiding and advising the UI developers of which solution should be applied, HCI patterns should enable the easy reuse of already designed model or code fragments. To enable the integration of HCI patterns in the model-based development process the informal textual, or graphical notation of HCI patterns has to be overcome. HCI patterns have to support the formal description of their solution-part, which allows the direct integration of the solution-parts into the different models, like task-, dialog- and presentation-model.",wos,llm,0.930,unreviewed,,hash:fc15c40b4fbe99be
discarded,Engineering-oriented User Interface Design Patterns,"Feng, Shihong",2010,"DIGITAL DESIGN AND MANUFACTURING TECHNOLOGY, PTS 1 AND 2",10.4028/www.scientific.net/AMR.102-104.880,https://www.webofscience.com/wos/woscc/full-record/WOS:000280317100183,adjacent-subtopic,"Patterns have become a more effective way on the knowledge use of the HCl domain. These patterns are mainly oriented to different tasks, which are too coarse-grained to be easily implemented. And it is not given that how to use these patterns to built user interfaces in engineering way. Furthermore, many different patterns are oriented to different models in the model based on user interface (UI) development, which are hard to be integrated into the UI development tool. In point of increasing UI knowledge reuse, every UI is divided into many presentation units (PU), which reduces the grain of UI. Next, the UI feature space is given through three facets and various relations among these facets. Therefore, the Engineering-oriented User Interface Design Pattern (EUIDP) is proposed from the interior model, the presentation model and the operation model. As a case, the Grid EUIDP is explicitly described according to the form of EUIDP. Finally, the conclusion and the further work are discussed.",wos,llm,0.940,unreviewed,,doi:10.4028/www.scientific.net/amr.102-104.880
kept,Taligent MVP in interactive statistical graphics,"Law, Derek",2008,COMPUTATIONAL STATISTICS,10.1007/s00180-007-0093-5,https://www.webofscience.com/wos/woscc/full-record/WOS:000257721500009,qualifies-claim,"This paper will discuss a sophisticated GUI architecture, Taligent's Model-View-Presenter, and its use in statistical graphics. The architecture exhibits some useful features, most noticeably its support for multiple undo/redo and scripting. However, the architecture is not without its own issues, because of ambiguities in the original paper that cannot be easily clarified. One issue, in particular, seems to contradict general GUI design principles. This paper will describe Taligent's Model-View-Presenter and a modification of the architecture which circumvents the problem mentioned above. It also presents an example illustrating how the architecture can be applied to real problems.",wos,llm,0.970,unreviewed,,doi:10.1007/s00180-007-0093-5
discarded,Capturing interaction requirements in a model transformation technology based on MDA,"Panach, Jose Ignacio; Espana, Sergio; Pederiva, Ines; Pastor, Oscar",2008,JOURNAL OF UNIVERSAL COMPUTER SCIENCE,,https://www.webofscience.com/wos/woscc/full-record/WOS:000259759300007,adjacent-subtopic,"Currently, many models are used to capture functional software requirements. However, the Software Engineering community has faded interaction requirements into the background, dealing with interface mainly in design time. A sound MDA-compliant software development methodology, called OO-Method, is extended in this work to bridge this gap. The issue is to define a methodology for capturing interaction requirements. For this purpose, the formal notation ConcurTaskTrees (CTT) is used. This notation is a technique that is well-known in the Human Computer Interaction community. A set of interaction patterns has been defined to build CTT models. These patterns are defined with a very precise syntax and semantics. Moreover, transformation rules are defined to transform the Task Model into the OO-Method Presentation Model, which specifies the user interface in an abstract and platform-independent way. However, since editing the CTT models is hard work, this paper proposes superimposing a layer to the CTT diagram in order to capture interaction requirements using sketches. CTT models will be synchronously generated from these sketches. Because this transformation is 'transparent' to the analyst, he only needs to draw the sketches during the interaction requirements elicitation. The approach presented in this paper is instantiated for the environment of the OLIVANOVA technology. This environment makes it possible to obtain a final software product from its corresponding Conceptual Model through a Model Compilation process, where interaction modeling is properly embedded with the most conventional data and process modeling.",wos,llm,0.940,unreviewed,,hash:bbf8d68b531fed12
kept,Unit testing the UI,"Vinarub, Jordan",2007,DR DOBBS JOURNAL,,https://www.webofscience.com/wos/woscc/full-record/WOS:000247910700013,supports-claim,"By using the Model-View-Presenter pattern, Windows Forms 2.0, and automatic data binding, you can create a framework for unit testing the user interface. The pattern enforces a separation of concerns that keeps the UI thin, focusing only on visualization of data and binding to a presentation model. In this article, I present a basic calculator application that leverages this architecture and demonstrates the ease of unit testing from this framework. (The complete source code for the calculator is available electronically; see ""Resource Center,"" page 5).",wos,llm,0.990,unreviewed,,hash:73c44900dd76314f
discarded,A model based heuristic design of web user interface,"Lu, Xudong; Wan, Jiancheng; Hou, JinKui",2007,IRI 2007: PROCEEDINGS OF THE 2007 IEEE INTERNATIONAL CONFERENCE ON INFORMATION REUSE AND INTEGRATION,,https://www.webofscience.com/wos/woscc/full-record/WOS:000250559700002,adjacent-subtopic,"This paper proposes a PNP Model that can support heuristic web user interface design. Using this method, data information relevant web user interface is captured by the object presentation model. The operation and navigation among page units expressed by the navigation and interaction model. With the participation of the users and supported by web user interface design patterns, web designers can build page presentation models heuristically, which are based on page template. In this way, the web designers can finish the design of complex web user interface in a higher abstract level without increasing the design difficulty. In the end, with the help of tools, codes are automatically generated through the model transformation.",wos,llm,0.890,unreviewed,,hash:0ceccf1ba5c39c0a
discarded,A practical approach to task-dialog and abstract presentation modeling of graphical user interfaces,"Roemer, Stefan; Mayer, Johannes; Schweiggert, Franz; Maier, Martina; Vollmer, Tobias",2007,PROCEEDINGS OF THE IASTED INTERNATIONAL CONFERENCE ON SOFTWARE ENGINEERING,,https://www.webofscience.com/wos/woscc/full-record/WOS:000246353500030,adjacent-subtopic,"While Model Driven Architecture (MDA) has already been adopted by companies for the development of business and persistence layers, there has been no general adoption of a model-driven approach for graphical user interface (GUI) development. Therefore, the present paper describes a practical and pragmatic approach for task-dialog and abstract presentation modeling of GUIs. The presented model has already been used to generate user interfaces. It will be shown how UML activity diagrams can be extended in order to enable automated code genertation from the model-with some manual intervention (with a GUI builder to layout the GUI components). A sample application will be described in order to show how the presented model can be used.",wos,llm,0.780,unreviewed,,hash:6f4c0c971f644840
discarded,A Rich OPAC User Interface with AJAX,"Gozali, Jesse Prabawa; Kan, Min-Yen",2007,PROCEEDINGS OF THE 7TH ACM/IEE JOINT CONFERENCE ON DIGITAL LIBRARIES,,https://www.webofscience.com/wos/woscc/full-record/WOS:000266062800049,adjacent-subtopic,"Open Public Access Catalogs (OPACs) provide patrons with a user interface (UI) to help their information seeking tasks. Even though many OPAC UIs are now web-based, their architectures are often static, which does not allow them to integrate user assistance modules dynamically. We report on a UI that supports integration of such modules, while providing a usable and rich environment. We explore how Asynchronous JavaScript + XML (AJAX) can be employed to create an OPAC UI that offers a better user experience and task support. Our developed UI features a modular architecture that combines several Natural Language Processing (NLP) modules employed to enhance information seeking. Our UI manages queries in a novel way with a tabbed interface featuring an overview/details presentation model, and an AJAX query results data grid. Preliminary user testing results are also presented.",wos,llm,0.940,unreviewed,,hash:b4210bb7ff0dcbb9
kept,Presenter First: Organizing complex GUI applications for test-driven development,"Alles, Micah; Crosby, David; Erickson, Carl; Harleton, Brian; Marsiglia, Michael; Pattison, Greg; Stienstra, Curt",2006,"AGILE 2006, Proceedings",,https://www.webofscience.com/wos/woscc/full-record/WOS:000240122800034,supports-claim; provbarhet,"Presenter First (PF) is a technique for organizing source code and development activities to produce fully tested GUI applications from customer stories using test-driven development. The three elements of Presenter First are a strategy for how applications are developed and tested, a variant on the Model View Presenter (MVP) design pattern, and a particular means of composing MVP triads. Presenter tests provide an economical alternative to automated GUI system tests. We have used Presenter First on projects ranging in size from several to a hundred MVP triads. This paper describes MVP creation, composition, scaling, and the tools and process we use. An example C# application illustrates the application of the Presenter First technique.",wos,llm_reviewed,1.000,confirmed,,hash:a3d64ff6f23357cd
discarded,One-stop modeling and intelligent analysis of segmental beam bridges based on BIM,M. Wang,2026,Gonglu Jiaotong Keji Journal of Highway and Transportation Research and Development,10.3969/j.issn.1002-0268.2026.06.014,https://www.scopus.com/inward/record.uri?partnerID=HzOxMe3b&scp=105048041209&origin=inward,off-topic-false-hit,,scopus,llm,0.990,unreviewed,,doi:10.3969/j.issn.1002-0268.2026.06.014
discarded,OpenWAMS: Brazil’s Open Source Leap in Wide Area Grid Monitoring,R. Lira,2026,IEEE Power and Energy Magazine,10.1109/MPE.2025.3646607,https://www.scopus.com/inward/record.uri?partnerID=HzOxMe3b&scp=105032624071&origin=inward,off-topic-false-hit,,scopus,llm,0.990,unreviewed,,doi:10.1109/mpe.2025.3646607
