status,title,authors,year,venue,doi,url,tags,abstract,provider,decision_source,llm_confidence,llm_review_outcome,llm_change_direction,paper_id
discarded,Representing concerns in source code,Martin P. Robillard; Gail C. Murphy,2007,ACM Transactions on Software Engineering and Methodology,10.1145/1189748.1189751,https://openalex.org/W2153546999,adjacent-subtopic,"A software modification task often addresses several concerns . A concern is anything a stakeholder may want to consider as a conceptual unit, including features, nonfunctional requirements, and design idioms. In many cases, the source code implementing a concern is not encapsulated in a single programming language module, and is instead scattered and tangled throughout a system. Inadequate separation of concerns increases the difficulty of evolving software in a correct and cost-effective manner. To make it easier to modify concerns that are not well modularized, we propose an approach in which the implementation of concerns is documented in artifacts, called concern graphs. Concern graphs are abstract models that describe which parts of the source code are relevant to different concerns. We present a formal model for concern graphs and the tool support we developed to enable software developers to create and use concern graphs during software evolution tasks. We report on five empirical studies, providing evidence that concern graphs support views and operations that facilitate the task of modifying the code implementing scattered concerns, are cost-effective to create and use, and robust enough to be used with different versions of a software system.",openalex,llm,0.960,unreviewed,,doi:10.1145/1189748.1189751
discarded,Quantifying the Effects of Aspect-Oriented Programming: A Maintenance Study,Uirá Kulesza; Cláudio Sant’Anna; Alessandro Garcia; Roberta de Souza Coelho; Arndt von Staa; Carlos J. P. de Lucena,2006,Proceedings/Proceedings - Conference on Software Maintenance,10.1109/icsm.2006.48,https://openalex.org/W2155984350,adjacent-subtopic,"One of the main promises of aspect-oriented programming (AOP) is to promote improved modularization of crosscutting concerns, thereby enhancing the software stability in the presence of changes. This paper presents a quantitative study that assesses the positive and negative effects of AOP on typical maintenance activities of a Web information system. The study consists of a systematic comparison between the object-oriented and the aspect-oriented versions of the same application in order to assess to what extent each solution provides maintainable software decompositions. Our analysis was driven by fundamental modularity attributes, such as coupling, cohesion, conciseness, and separation of concerns. We have found that the aspect-oriented design has exhibited superior stability and reusability through the changes, as it has resulted in fewer lines of code, improved separation of concerns, weaker coupling, and lower intra-component complexity",openalex,llm,0.970,unreviewed,,doi:10.1109/icsm.2006.48
discarded,Advanced separation of concerns for requirements engineering,Isabel Sofía Brito; Ana Moreira,2003,,,https://openalex.org/W109628226,adjacent-subtopic,"Abstract. Separation of concerns is a fundamental software engineering principle that proposes the encapsulation of each matter of interest in a separate module. Software engineering development methods have been created with this principle in mind. However, concerns such as security, fault tolerance and usability are not handled effectively. These concerns may cut across many other concerns and therefore cannot be kept separated in different modules. They are responsible for producing tangled representations that are difficult to understand, maintain and evolve. An effective requirements engineering approach should reconcile the need to handle crosscutting concerns with the need to integrate existing technologies. Our goal is to propose a generic model to handle advanced separation of concerns at the requirements level. 1",openalex,llm,0.980,unreviewed,,hash:03170a27403b92ca
discarded,Applying Separation of Concern for Developing Softwares Using Aspect Oriented Programming Concepts,Anil Kumar; Arvind Kumar; M. Iyyappan,2016,Procedia Computer Science,10.1016/j.procs.2016.05.281,https://openalex.org/W2516507680,adjacent-subtopic,"Aspects provide a means of separating cross-cutting concerns from our core implementation code into separate modules. Cross-cutting concerns are pieces of functionality that are used across multiple parts of a system. They cut across, as opposed to standing alone. For example if every method of our program requires logging information for identification then a logging aspect can be applied to methods external to the method implementation without using logging information with the methods internally. It's a powerful technique to help employ the principle of separation of concerns within code. Aspect Oriented Programming (AOP) is a methodology that provides separation of crosscutting concerns by introducing a new unit of modularization—an aspect . Each aspect focuses on a specific crosscutting functionality.",openalex,llm,0.990,unreviewed,,doi:10.1016/j.procs.2016.05.281
discarded,Modularizing Design Patterns with Aspects: A Quantitative Study,Alessandro Garcia; Cláudio Sant’Anna; Eduardo Figueiredo; Uirá Kulesza; Carlos J. P. de Lucena; Arndt von Staa,2006,Lecture notes in computer science,10.1007/11687061_2,https://openalex.org/W4234517139,adjacent-subtopic,,openalex,llm,0.940,unreviewed,,doi:10.1007/11687061_2
discarded,Language-independent aspect-oriented programming,Donal Lafferty; Vinny Cahill,2003,,10.1145/949305.949307,https://openalex.org/W2111386044,adjacent-subtopic,"The term aspect-oriented programming (AOP) has come to describe\nthe set of programming mechanisms developed specifically to\nexpress crosscutting concerns. Since crosscutting concerns cannot\nbe properly modularized within object-oriented programming, they\nare expressed as aspects and are composed, or woven, with\ntraditionally encapsulated functionality referred to as components.\nMany AOP models exist, but their implementations are typically\ncoupled with a single language. To allow weaving of existing\ncomponents with aspects written in the language of choice, AOP\nrequires a language-independent tool.\nThis paper presents Weave.NET, a load-time weaver that allows\naspects and components to be written in a variety of languages and\nfreely intermixed. Weave.NET relies on XML to specify aspect\nbindings and standardized Common Language Infrastructure to\navoid coupling aspects or components with a particular language.\nBy demonstrating language-independence, Weave.NET provides a\nmigration path to the AOP paradigm by preserving existing\ndeveloper knowledge, tools, and software components. The tool?s\ncapabilities are demonstrated with logging aspects written in and\napplied to Visual Basic and C# components.",openalex,llm,0.990,unreviewed,,doi:10.1145/949305.949307
discarded,On the Reuse and Maintenance of Aspect-Oriented Software: An Assessment Framework,Cláudio Sant’Anna; Alessandro Garcia; Christina Chávez; Carlos Lucena; Arndt von Staa,2003,,10.5753/sbes.2003.23850,https://openalex.org/W142616426,adjacent-subtopic,"Aspect-oriented software development (AOSD) is gaining wide attention both in research environments and in industry. Aspect-oriented systems encompass new software engineering abstractions and different complexity dimensions. As a consequence, AOSD poses new problems to empirical software engineering. It requires new assessment frameworks specifically tailored to measure the reusability and maintainability degrees of aspect-oriented systems. This paper presents an assessment framework for AOSD, which is composed of two components: a suite of metrics and a quality model. These components are based on well-known principles and existing metrics in order to avoid the reinvention of well-tested solutions. The proposed framework has been evaluated in the context of two different empirical studies with different characteristics, diverse domains, varying control levels and different complexity degrees. Based on empirical and quantitative analysis, the advantages and drawbacks of the framework components are discussed.",openalex,llm,0.970,unreviewed,,doi:10.5753/sbes.2003.23850
discarded,Identifying cross-cutting concerns using software repository mining,Frank Mulder; Andy Zaidman,2010,,10.1145/1862372.1862381,https://openalex.org/W2067020109,adjacent-subtopic,"Cross-cutting concerns are pieces of functionality that have not been captured into a separate module, thereby hindering program comprehension and maintainability. Solving these problems requires first identifying these cross-cutting concerns in pieces of software. Several methods for identification have been proposed but the option of using software repository mining has largely been left unexplored. That technique can uncover relationships between modules that may not be present in the source code and thereby provide a different perspective on the cross-cutting concerns in a software system. We perform software repository mining on the repositories of two software systems for which the cross-cutting concerns are known: JHotDraw and Tomcat. Based on the results of the evaluation, we make some suggestions for future directions in the area of identifying crosscutting concerns using software repository mining.",openalex,llm,0.990,unreviewed,,doi:10.1145/1862372.1862381
discarded,An evaluation of aspect-oriented programming for java-based real-time systems development,Shiu Lun Tsang; Siobhán Clarke; Elisa Baniassad,2004,,10.1109/isorc.2004.1300391,https://openalex.org/W2148849581,adjacent-subtopic,"Some concerns, such as debugging or logging functionality, cannot be captured cleanly, and are often tangled and scattered throughout the code base. These concerns are called crosscutting concerns. Aspect-oriented programming (AOP) is a paradigm that enables developers to capture crosscutting concerns in separate aspect modules. The use of aspects has been shown to improve understandability and maintainability of systems. It has been shown that real-time concerns, such as memory management and thread scheduling, are crosscutting concerns [A. Corsaro et al., (2002), M.Deters et al., (2001), A. Gal et al., (2002)]. However it is unclear whether encapsulating these concerns provides benefits. We were interested in determining whether using AOP to encapsulate real-time crosscutting concerns afforded benefits in system properties such as understandability and maintainability. This paper presents research comparing the system properties of two systems: a real-time sentient traffic simulator and its aspect-oriented equivalent. An evaluation of AOP is presented indicating both benefits and drawbacks with this approach.",openalex,llm,0.970,unreviewed,,doi:10.1109/isorc.2004.1300391
discarded,Refactoring of Crosscutting Concerns with Metaphor-Based Heuristics,Bruno Carreiro da Silva; Eduardo Figueiredo; Alessandro Garcia; Daltro Nunes,2009,Electronic Notes in Theoretical Computer Science,10.1016/j.entcs.2009.02.064,https://openalex.org/W2126769445,adjacent-subtopic,"It has been advocated that Aspect-Oriented Programming (AOP) is an effective technique to improve software maintainability through explicit support for modularising crosscutting concerns. However, in order to take the advantages of AOP, there is a need for supporting the systematic refactoring of crosscutting concerns to aspects. Existing techniques for aspect-oriented refactoring are too fine-grained and do not take the concern structure into consideration. This paper presents two categories towards a metaphor-based classification of crosscutting concerns driven by their manifested shapes through a system's modular structure. The proposed categories provide an intuitive and fundamental terminology for detecting concern-oriented design flaws and identifying refactorings in terms of recurring crosscutting structures. On top of this classification, we define a suite of metaphor-based refactorings to guide the “aspectisation” of each concern category. We evaluate our technique by classifying concerns of 23 design patterns and by proposing refactorings to aspectise them according to observations made in previous empirical studies. Based on our experience, we also determine a catalogue of potential additional categories and heuristics for refactoring of crosscutting concerns.",openalex,llm,0.990,unreviewed,,doi:10.1016/j.entcs.2009.02.064
discarded,Refactoring middleware with aspects,C. Zhang; Hans‐Arno Jacobsen,2003,IEEE Transactions on Parallel and Distributed Systems,10.1109/tpds.2003.1247668,https://openalex.org/W1984473368,adjacent-subtopic,"Middleware platforms, such as Web services, J2EE, CORBA, and DCOM, have become increasingly popular during the last decade. They have been very successful in solving distributed computing problems for a large family of application domains. The architecture of middleware systems have gone through many significant cycles of evolution, both in terms of the completeness of functionality and the range of adoptions for different types of platforms. However, at the same time, it is getting increasingly difficult to achieve and to maintain a high level of adaptability and configurability because the structure of the middleware architecture is becoming overly complicated and rigid. We attribute that problem to the limitations of traditional software decomposition methods. Aspect-oriented programming, on the contrary, has introduced new design perspectives that permit the superimpositions of different abstraction models on top of one another. This is a very powerful technique for separating and simplifying design concerns. In our effort of applying principles of aspect orientation to the middleware architecture, we first pragmatically analyze the use of aspects in the middleware architecture. We then show that aspects are the correct remedy for the above outlined middleware problems by quantifying crosscutting concerns in the legacy implementations of several prominent middleware systems. Our aspect analysis results strongly indicate that modularity of middleware architecture is greatly hindered by the wide existence of tangled logic. To go one step further, we factor out a number of crosscutting concerns identified in the mining process, reimplement them as aspects, and superimpose them back into the refactored architecture. This allows us to use a set of software engineering metrics to quantify the refactorization in terms of changes in the structural complexity, modularity, and performance of the resulting system. This aspect-oriented refactoring proves that aspect orientation is capable of composing orthogonal design requirements. The final ""woven"" system is able to correctly provide both the fundamental functionality and the ""aspectized"" functionality with negligible overhead and an overall leaner architecture. Furthermore, the ""aspectized"" feature can be configured in and out during compile-time, which greatly enhances the configurability of the architecture.",openalex,llm,0.990,unreviewed,,doi:10.1109/tpds.2003.1247668
discarded,Advanced Separation of Concerns,Johan Brichau; Maurice Glandrup; Siobhán Clarke; Lodewijk Bergmans,2002,Lecture notes in computer science,10.1007/3-540-47853-1_9,https://openalex.org/W1574162635,adjacent-subtopic,,openalex,llm,0.900,unreviewed,,doi:10.1007/3-540-47853-1_9
discarded,Firedrake,Florian Rathgeber; David A. Ham; Lawrence Mitchell; Michael Lange; Fabio Luporini; Andrew T. T. McRae; Gheorghe-Teodor Bercea; Graham R. Markall; Paul H. J. Kelly,2016,ACM Transactions on Mathematical Software,10.1145/2998441,https://openalex.org/W2168522485,off-topic-false-hit,"Firedrake is a new tool for automating the numerical solution of partial differential equations. Firedrake adopts the domain-specific language for the finite element method of the FEniCS project, but with a pure Python runtime-only implementation centered on the composition of several existing and new abstractions for particular aspects of scientific computing. The result is a more complete separation of concerns that eases the incorporation of separate contributions from computer scientists, numerical analysts, and application specialists. These contributions may add functionality or improve performance. Firedrake benefits from automatically applying new optimizations. This includes factorizing mixed function spaces, transforming and vectorizing inner loops, and intrinsically supporting block matrix operations. Importantly, Firedrake presents a simple public API for escaping the UFL abstraction. This allows users to implement common operations that fall outside of pure variational formulations, such as flux limiters.",openalex,llm,0.990,unreviewed,,doi:10.1145/2998441
discarded,BoneJ2 - refactoring established research software,Richard Domander; Alessandro Felder; Michael Doube,2021,Wellcome Open Research,10.12688/wellcomeopenres.16619.1,https://openalex.org/W3129752970,adjacent-subtopic,"Research software is often developed with expedience as a core development objective because experimental results, but not the software, are specified and resourced as a project output. While such code can help find answers to specific research questions, it may lack longevity and flexibility to make it reusable. We reimplemented BoneJ, our software for skeletal biology image analysis, to address design limitations that put it at risk of becoming unusable. We improved the quality of BoneJ code by following contemporary best programming practices. These include separation of concerns, dependency management, thorough testing, continuous integration and deployment, source code management, code reviews, issue and task ticketing, and user and developer documentation. The resulting BoneJ2 represents a generational shift in development technology and integrates with the ImageJ2 plugin ecosystem.",openalex,llm,0.950,unreviewed,,doi:10.12688/wellcomeopenres.16619.1
discarded,The Six concerns for Separation of Concerns,Mehmet Akşit; Bedir Teki̇nerdoğan; Lodewijk Bergmans,2001,University of Twente Research Information,,https://openalex.org/W2116116128,adjacent-subtopic,"Despite a common agreement on the necessity of the application of the separation of concerns (SOC) principle, there is not yet a consensus for its key issues. The separation of the concerns is usually based on the adopted programming paradigm, the applied method or even the programming language. This paper presents the so-called six ‘C’ properties that can be applied as a guideline for defining and evaluating the approaches that adopt the SOC principle.",openalex,llm,0.960,unreviewed,,hash:31cd315d11c18c65
discarded,Role model based framework design and integration,Dirk Riehle; Thomas Groß,1998,,10.1145/286936.286951,https://openalex.org/W2103574963,adjacent-subtopic,"Today, any large object-oriented software system is built using frameworks. Yet, designing frameworks and defining their interaction with clients remains a difficult task. A primary reason is that today's dominant modeling concept, the class, is not well suited to describe the complexity of object collaborations as it emerges in framework design and integration. We use role modeling to overcome the problems and limitations of class-based modeling. Using role models, the design of a framework and its use by clients can be described succinctly and with much better separation of concerns than with classes. Using role objects, frameworks can be integrated into use-contexts that have not been foreseen by their original designers.",openalex,llm,0.980,unreviewed,,doi:10.1145/286936.286951
discarded,An initial assessment of aspect-oriented programming,Robert J. Walker; Elisa Baniassad; Gail C. Murphy,1999,,10.1145/302405.302458,https://openalex.org/W2105414394,adjacent-subtopic,"The principle of separation of concerns has long been used by software engineers to manage the complexity of software system development.Programming languages help software engineers explicitly maintain the separation of some concerns in code.As another step towards increasing the scope of concerns that can be captured cleanly within the code, Kiczales and colleagues have introduced aspect-oriented programming.In aspect-oriented programming, explicit language support is provided to help modularize design decisions that cross-cut a functionally-decomposed program.Aspect-oriented programming is intended to make it easier to reason about, develop, and maintain certain kinds of application code.To investigate these claims, we conducted two exploratory experiments that considered the impact of aspect-oriented programming, as found in AspectJ version 0.1, on two common programming activities: debugging and change.Our experimental results provide insights into the usefulness and usability of aspect-oriented programming.Our results also raise questions about the characteristics of the interface between aspects and functionallydecomposed core code that are necessary to accrue programming benefits.Most notably, the separation provided by aspect-oriented programming seems most helpful when the interface is narrow (i.e., the separation is more complete); partial separation does not necessarily provide partial benefit.",openalex,llm,0.950,unreviewed,,doi:10.1145/302405.302458
discarded,"Ptolemy: A Language with Quantified, Typed Events",Hridesh Rajan; Gary T. Leavens,2008,Lecture notes in computer science,10.1007/978-3-540-70592-5_8,https://openalex.org/W1539693001,adjacent-subtopic,,openalex,llm,0.910,unreviewed,,doi:10.1007/978-3-540-70592-5_8
