status,title,authors,year,venue,doi,url,tags,abstract,provider,decision_source,llm_confidence,llm_review_outcome,llm_change_direction,paper_id
kept,Pattern-Oriented Software Architecture Volume 1: A System of Patterns,Frank Buschmann; Regine Meunier; Hans Rohnert; Peter Sommerlad; Michael Stal,1996,,,https://openalex.org/W3261618,supports-claim,"Pattern-Oriented Software Architecture: A System of Patterns looks at how patterns occur on three different levels--in software architecture, in everyday design, and in idioms (which describe how a particular design pattern is implemented in a programming language like C++). This synthetic approach is a little theoretical at times, but the authors also present over a dozen patterns and provide real-world examples wherever possible. For architectural patterns, the authors look at the Layers pattern, used in operating systems such as Windows NT and virtual machines. They also consider Pipes and Filters, which process streams of data. (This pattern, the authors point out, is a lynchpin of Unix.) Their Blackboard pattern shows how a complex problem, such as image or speech recognition can be broken up into smaller, specialized subsystems that work together to solve a problem. (For recognizing words from a raw waveform input, a Blackboard approach might have separate processes to find phonemes, then words, then sentences.) This book also looks at today's distributed systems in considering the Broker pattern, which is used on the Internet and in Microsoft's OLE technology. This section also presents several powerful patterns for building effective graphical user interfaces, such as Model-View-Controller. The authors define several well-known design patterns, such as the Proxy and Command patterns, and also basic, far-reaching patterns, such as Whole-Part and Master-Slave, which are widely used throughout computing. Their survey ends with a discussion on the way objects can communicate (using such patterns as Forwarder-Receiver, Client-Dispatcher-Server, and Publisher-Subscriber), which many developers will recognize as familiar patterns, but are codified here as official patterns. The book then discusses some idioms in C++ and a more far-reaching role for patterns in software design and architecture. By fitting patterns into traditional software engineering practices, the authors of Pattern-Oriented Software Architecture successfully argue that the role for patterns will only continue to diversify and enrich tomorrow's software engineering tools and methodologies. --Richard Dragan",openalex,llm,0.920,unreviewed,,hash:6dfc98f980d73e61
discarded,Designing Object-Oriented User Interfaces,Dave Collins,1995,Medical Entomology and Zoology,,https://openalex.org/W1582479638,adjacent-subtopic,"1. Introduction. The User Interface. Plan of the Book. Audiences for the Book. Relation to Other Design Approaches. I. FOUNDATIONS. 2. A Bit of History. People, Work or Technological Change. Knowledge Workers and Production Workers. Evolution of the User Interface. User Interface Technology - Yesterday, Today, Tomorrow. 3. Two User Interface Styles. Analyzing User Interfaces. The Interfaces. Discussion. 4. Applying Object-Orientation To User Interfaces. A Model of Object-Orientation. Cognitive Models for Object-Orientation. Object Orientation in User Interfaces. 5. Three Domains of Oo Design For The User Interface. Designing for Understandability. The Three Domains. An Example: Klondike Solitaire. 6. Ooui Design: Process and Team. Models of the Development Process. The OOUI Design Process. Skills Required for OOUI Design. Role of the UI Design Team in Development. Managing the OOUI Design Process. II. EXTERNAL DESIGN. 7. Users, Tasks, and Task Analysis. Why Task Analysis? Users and Their Tasks. Task Analysis and Task Synthesis. Documenting Task Analysis. Tasks as Objects. 8. The User's Conceptual Model. Models and Metaphors. Users' Models of Systems. Designing the User's Conceptual Model. A Catalog of Metaphors. 9. Information Presentation. Human Senses, Information, and Technology. Views, Presentation Metaphors, and Patterns. Step-by-Step Presentation Design. Content View Design. Icon Design. Non-Visual Information. Differences Between Computers and Other Media. 10. Interaction and Control. Mechanisms. Interactivity. Interaction Devices. Step-by-Step Interaction Design. Style Guides. Documenting Look and Feel. III. INTERNAL DESIGN AND IMPLEMENTATION. 11. Object-Oriented System Architectures. An OO View of Systems and Applications. Reactive Systems. The Model-View-Controller Architecture. An Architecture for Object-Oriented Client-Server. Applications. 12. Information Models. Middle Out User Interface Design. Modular Separation of Information Models and Interaction. A Three-Schema Approach to User Interfaces. 13. Presentation and Interaction Objects. Views and Interactors. Design and Code Reuse. Direct Manipulation Interaction. Object Handlers. 14. Tools For Prototyping and Implementation. Implementation Languages. Toolkits. Visual Interface Builders. Application Frameworks. Portability. 15. Putting it All Together. The Whole Interface. Case Study: Online News Photos, With and Without Seams. Case Study: A Distributed Multimedia System. Case Study: Adding Fax to an Office System. Pragmatic issues of OOUI Implementation. 16. Summary and Directions. Key Points of the Book. The Future of the OOUI. Where to Go From Here. Appendix 1. Fax Case Study. Appendix 2. Introduction to Object-Orientation. Appendix 3. Resources. 0201704544T06252001",openalex,llm,0.720,unreviewed,,hash:0fe668a74171e533
discarded,Implementation of Model-View-Controller Architecture Pattern for Business Intelligence Architecture,Medha Kalelkar; Prathamesh Padmakar Churi; Deepa Kalelkar,2014,International Journal of Computer Applications,10.5120/17867-8786,https://openalex.org/W2074521126,adjacent-subtopic,"This paper presents a new approach to develop the strategy of Model-View-Controller architecture pattern in Business Intelligence (BI) architecture.The Business Intelligence architecture consists of the ETL tools and processes, the data warehouse, the technical infrastructure, and the user-interface tools.The major issue related to Business Intelligence architecture is to store the data from heterogeneous sources.The heterogeneous sources might lead to inconsistencies in storage and retrieval of data.Another issue related to Business Intelligence architecture is to provide multiple and synchronized views.The Business information must be presentable in various formats with 'look and feel' approach.Model-View-Controller provides independent approach to the components of Business Intelligence architecture.Model provides guideline for storing the heterogeneous data in one format and implements core functionality of the system.View provides multiple and synchronized views so that information can be available in presentable format.Controller handles user's input.All the three independent components are tightly coupled which ensures consistent and flexible Business Intelligence architecture.",openalex,llm,0.850,unreviewed,,doi:10.5120/17867-8786
kept,MVC: Model–View–Controller,Raúl Ferrer García,2023,Apress eBooks,10.1007/978-1-4842-9069-9_2,https://openalex.org/W4321230938,supports-claim,"The Model-View-Controller (MVC) design pattern is widely used in iOS development. It is used to separate data management, user interface, and input handling concerns. The Model represents the iOS app's data and business logic, the View displays the data to the user, and the Controller handles user input and updates the model and view accordingly. Because changes to one aspect of the app do not affect the other aspects, this separation of concerns allows for more flexible and maintainable code. Furthermore, to further separate concerns and increase flexibility, the MVC pattern is frequently used in conjunction with other design patterns such as the Observer pattern.",openalex,llm,0.960,unreviewed,,doi:10.1007/978-1-4842-9069-9_2
discarded,Overview of SERMA’s Graphical User Interfaces for Lattice Transport Calculations,Daniele Tomatis; François Bidault; Adrien Bruneton; Zarko Stankovski,2022,Energies,10.3390/en15041417,https://openalex.org/W4212928969,adjacent-subtopic,"This article presents an overview of the graphical user interfaces (GUIs) developed at CEA/SERMA (Service d’Études des Réacteurs et de Mathématiques Appliquées) in Saclay, France, which have been used for over forty years by engineers and scientists to build geometries and meshes for general-purpose lattice transport calculations (neutrons and photons). Several applications make use of these calculations, from fuel assembly to full core design, criticality and safety, needing consistency check of the geometry and input properties before starting any lattice calculation. The software pattern design of the GUIs is briefly discussed, showing also the rationale behind the two interfaces for the construction of the geometries for simple fuel assemblies and complex motifs including the reflector (colorsets). The new GUI, ALAMOS, specifically developed for APOLLO3® with a Python Application Programming Interface (API), is here presented as the successor of Silène, which was the first GUI released in the 1990s to serve APOLLO2 calculations. The considerable experience gained by Silène over the years with plenty of various applications has provided a crucial support for the development of ALAMOS.",openalex,llm,0.900,unreviewed,,doi:10.3390/en15041417
kept,WEBSITE E-COMMERCE MENGGUNAKAN MODEL VIEW CONTROLLER ( MVC ) DENGAN FRAMEWORK CODEIGNITER Studi Kasus : Toko Miniatur,Donni Prabowo,2015,Data Manajemen dan Teknologi Informasi (DASI),,https://openalex.org/W2477687831,supports-claim,"Buying and selling is already often done in life. Buyers come to the seller to make the purchase. But it can be made easy with electronic commerce (e-commerce). E-commerce utilizing Internet technology that is already familiar to most people. By using the website, the seller can display the product so buyers do not have to come to the seller formerly. The use of Model View Controller would be helpful in the application development because it will be more easily understood by developers. MVC mechanism is a separate application development based major components that build an application such as the manipulation of data (model), user interface (View), and part of the control (Controller) in a web application. CodeIgniter Framework will be applied in making the application because it has libraries in it so that it will ease the development of applications. The implementation of MVC (Model View Controller) with CodeIgniter Framework, applications become easier to be developed by the next developer. Mobile applications by applying the Framework Phonegap will easier for mobile device users to obtain information about the products. This system has a push notification feature that makes the admin or employee can obtain information quickly and timely.",openalex,llm,0.860,unreviewed,,hash:d18aed6659b0a7b5
kept,Encapsulating interactive behaviors,Brad A. Myers,1989,,10.1145/67449.67512,https://openalex.org/W2218569553,supports-claim,"Although there has been important progress in models and packages for the output of graphics to computer screens, there has been little change in the way that input from the mouse, keyboard and other input devices is handled. New graphics standards are still using a ten year old model even though it is widely accepted as inadequate, and most modern window managers simply return a stream of device-dependent input events. This paper presents a new model for how input devices can be handled for highly-interactive, direct manipulation, graphical user interfaces. This model encapsulates interactive behaviors into a few “interactor” object types. Application programs can then create instances of these interactor objects, and the details of the handling of the input devices are separated from the application and from the output graphics.",openalex,llm,0.940,unreviewed,,doi:10.1145/67449.67512
discarded,Model-view-controller approach for e-Zakah,Ah. Fathonih; Dian Sa’adillah Maylawati; Muhammad Ali Ramdhani,2019,Indonesian Journal of Electrical Engineering and Computer Science,10.11591/ijeecs.v15.i2.pp1054-1065,https://openalex.org/W2972980239,adjacent-subtopic,"Zakah (alms) has a strategic position in terms of Islamic value and terms of the development of the welfare of the people. In the current digital era, the use of technology can facilitate zakah worship more easily, quickly, efficiently, and secure. This study aims to analyze and design electronic zakah (e-Zakah) structurally and systematically using the Model-View-Controller (MVC) approach. MVC is an approach or pattern of object-oriented analysis and design for software development that widely used today. MVC is implemented in the analysis and design modelling using Unified Modeling Language (UML) for e-Zakah. Based on the traceability result of analysis and design of e-Zakah, it can be concluded that the e-Zakah analysis and design model has been met all of zakah concept, user and software requirements, and all of models can be traced to each other. Therefore, e-Zakah analysis and design model in this study is ready to be built as a software.",openalex,llm,0.850,unreviewed,,doi:10.11591/ijeecs.v15.i2.pp1054-1065
discarded,Applying MVC data model on hadoop for delivering the business intelligence,Walisa Romsaiyud,2014,2014 Twelfth International Conference on ICT and Knowledge Engineering,10.1109/ICTKE.2014.7001539,https://ieeexplore.ieee.org/document/7001539/,adjacent-subtopic,"Model-View-Controller (MVC) pattern is very useful and popular design pattern that separates the modeling of the domain, the presentation, and the actions based on user input into three separate classes. The model acts as the domain that software is built around, the view as the visual representation of a model. It is usually the resulting markup that the framework renders to the browser and the controller responsible for processing input, acting upon the model, and deciding on what action should be performed, such as rendering a view or redirecting to another page for supporting a business models. Hadoop MapReduce paradigm applied for collected the several datasets for generating the large volume of data in batch processing. In this paper enhanced the Hadoop MapReduce for processing large scale and different data set across platform with MVC pattern. In general, the system consists of five mainly methods: 1.) Collected data sources from different platforms such as the registrar system, web mail, web blogs, news and the English Wikipedia that are included in the data file system at local system, 2.) Generate the data into a map slot from input format, 3.) calculate the jobs from the business logic, 4.) Create a data model based on data entity framework, and 5.) Display an user interface for supporting the business interfaces.",ieee,llm,0.900,unreviewed,,doi:10.1109/ictke.2014.7001539
discarded,A MVC-based collaborative framework support for test suite,Zhenyu Liu; Ting Li; Genxing Yang,2010,The 2010 14th International Conference on Computer Supported Cooperative Work in Design,10.1109/CSCWD.2010.5471982,https://ieeexplore.ieee.org/document/5471982/,adjacent-subtopic,"Test design is the key of software testing. In order to improve utilization of test suite effectively, a reasonable and flexible architecture should be introduced to collaborate, manage and utilize the abundant test suite library in software test practice. This paper puts forward a novel software test suite, which uses a formal language definition. In the paper, a test suite design framework, which is based on model-view-controller pattern, is introduced. The framework can be used to separate test suite design, analysis and presentation. Also, the framework uses user-interface and filter method based on test suite library. The test suite library platform is a reliable and extensible web-based test suite collaborative application.",ieee,llm,0.910,unreviewed,,doi:10.1109/cscwd.2010.5471982
discarded,A Semantic Web Enabled form model and restful service implementation [replaces: ActiveRaUL: A model-view-controller approach for semantic web applications],Armin Haller; Florian Rosenberg,2010,2010 IEEE International Conference on Service-Oriented Computing and Applications (SOCA),10.1109/SOCA.2010.5707158,https://ieeexplore.ieee.org/document/5707158/,adjacent-subtopic,"In this paper we introduce ActiveRaUL, a generic Web service, that coupled with a generic processor servlet, generates a user interface model for semantic Web applications. We also propose an RDFa User Interface Language, a user interface markup ontology that is used to describe the structure of a web form as RDF statements. ActiveRaUL operates and generates RaUL markup, that separates the control elements on a web form, the form model, from the data model that the form controls operate on. The relation between the form controls and the data model is achieved through a data binding mechanism. The form elements include references to an RDF graph defining the data model. The rendering of the instances of a RaUL model on the client-side are displayed in XHTML+RDFa elements.",ieee,llm,0.820,unreviewed,,doi:10.1109/soca.2010.5707158
kept,WISBuilder: A Framework for Facilitating Development of Web-Based Information Systems,A.I. Ortiz-Cornejo; H. Cuayahuitl; C. Perez-Corona,2006,"16th International Conference on Electronics, Communications and Computers (CONIELECOMP'06)",10.1109/CONIELECOMP.2006.65,https://ieeexplore.ieee.org/document/1604742/,supports-claim,"This paper presents WISBuilder, a framework that investigates an approach for facilitating the development of Web-based Information Systems. The approach is based on the Model-View-Controller and Generative Programming paradigms. Firstly, the WISBuilder framework applies the following separation of tasks: structure, business-logic and visual style. The system specification is performed with two high-level XML-based languages: WSML and WAML. Secondly, WISBuilder proposes the creation of reusable code templates for each high-level language. Thirdly, WISBuilder uses predefined code templates for expanding the system specification in high-level annotations. The goals of this framework are twofold: to speed-up development by writing less code and development in parallel; and to promote software reusability by reusing generic code templates. Experimental results with three small-scale Webbased information systems show an important reduction of programming effort, using the proposed framework in comparison with an equivalent manual coding. These results show initial evidence that software development based on both paradigms is a good practice.",ieee,llm,0.910,unreviewed,,doi:10.1109/conielecomp.2006.65
kept,Usability-supporting architectural patterns,L. Bass; B.E. John; N. Juristo; M.-I. Sanchez-Segura,2004,Proceedings. 26th International Conference on Software Engineering,10.1109/ICSE.2004.1317502,https://ieeexplore.ieee.org/document/1317502/,supports-claim; qualifies-claim; etablering,"Software architects have techniques to deal with many quality attributes such as performance, reliability, and maintainability. Usability, however, has traditionally been concerned primarily with presentation and not been a concern of software architects beyond separating the user interface from the remainder of the application. In this paper, we present usability-supporting architectural patterns. Each pattern describes a usability concern that is not supported by separation alone. For each concern, a usability-supporting architectural pattern provides the forces from the characteristics of the task and environment, the human, and the state of the software to motivate an implementation independent solution cast in terms of the responsibilities that must be fulfilled to satisfy the forces. Furthermore, each pattern includes a sample solution implemented in the context of an overriding separation based pattern such as J2EE Model View Controller.",ieee,llm_reviewed,0.970,confirmed,,doi:10.1109/icse.2004.1317502
kept,A java-based approach for developing Web application system,Li Chunlin,1999,Journal of Systems Engineering and Electronics,,https://ieeexplore.ieee.org/document/6075317/,supports-claim,"This paper adopts server-side Java programming model: model-view-controller to construct web-based shopping system framework. Using servlets, Java server pages (JSPs) and JavaBean technologies, we provide a standard, open, robust and cross-platform architecture. It can guarantee system-independence. Presented framework provides a clean separation of presentation from business logic which meets user's taste by changing user interface frequenctly, and enables more functions to be conventiently added in future.",ieee,llm,0.920,unreviewed,,hash:b715a6a66e232d3c
