status,title,authors,year,venue,doi,url,tags,abstract,provider,decision_source,llm_confidence,llm_review_outcome,llm_change_direction,paper_id
discarded,Genetic Assessment Agent for High-School Student and Machine Co-Learning Model Construction on Computational Intelligence Experience,Chang-Shing Lee; Mei-Hui Wang; Chih-Yu Chen; Fu-Jie Yang; Alexander Dockhorn,2023,2023 IEEE Congress on Evolutionary Computation (CEC),10.1109/CEC53210.2023.10254139,https://ieeexplore.ieee.org/document/10254139/,adjacent-subtopic,"This paper presents a genetic assessment agent and a student and machine co-learning model for high-school students' computational intelligence (CI) experience. We invited the IEEE CIS High School Outreach (HSO) subcommittee members of the years 2021–2022 to provide lectures at CIS activities and conferences and constructed a basic CI conceptual knowledge structure for high-school student learning. From 2021 to 2022 in Taiwan, we collected high-school students' learning data, including labels, attitudes, environment, and effort, from the CI&AI-FML platform using robots and learning tools, then processed the data using natural language processing (NLP) techniques to efficiently evaluate high-school students' learning state. We then applied three evolutionary computation techniques: genetic algorithm (GA), particle swarm optimization (PSO), and genetic algorithm neural network (GANN) in the proposed genetic assessment agent for the co-learning model, with learning performance regression analysis. In this paper, a CI&AI-FML human and machine co-learning Metaverse model is presented as a solution, which provides hands-on learning and experience while also supporting student-centered online learning during the COVID-19 pandemic. Students participated in the course during the 2022 Spring semester to learn basic CI concepts and experience CI applications through interaction with machines using the developed CI&AI- FML learning tools. The experimental results indicate that the genetic assessment agent with the GANN method has better performance in the student and machine co-learning model as compared to the other two methods, and it is effective for student and machine co-learning model construction.",ieee,llm,0.940,unreviewed,,doi:10.1109/cec53210.2023.10254139
discarded,Multiversion concurrency control for large-scale service directories,W. Binder; I. Constantinescu; B. Faltings; S. Spycher,2005,Third European Conference on Web Services (ECOWS'05),10.1109/ECOWS.2005.18,https://ieeexplore.ieee.org/document/1595716/,off-topic-false-hit,"In this paper we describe the implementation of multiversion concurrency control on the generalized search tree (GiST), an index structure introduced by Hellerstein. For large-scale service directories, the need arises for a data storage system capable of handling substantial amounts of multidimensional data efficiently, as well as being able to support queries which are natural to the type of data stored in the directory. The GiST is an indexing structure that lends itself particularly well to this type of application. However, the solutions that have been proposed to address concurrency control on the GiST do not meet the requirements of large-scale service directories. The solution proposed here optimizes towards highly concurrent read accesses that are far more frequent than updates to the stored data.",ieee,llm,1.000,unreviewed,,doi:10.1109/ecows.2005.18
discarded,Linguistic Foundations for Creating a Corpus of Children’s Fairy Tales,Abdurahmanova Muqaddas Tursunaliyevna; Yusupjonova Maftuna Baxtiyor Qizi; Murodov Yusufbek Iqboljon O’G’Li,2026,"2026 IEEE Ural-Siberian Conference on Biomedical Engineering, Radioelectronics and Information Technology (USBEREIT)",10.1109/USBEREIT70063.2026.11580673,https://ieeexplore.ieee.org/document/11580673/,off-topic-false-hit,"This article presents the foundational principles for building a specialized digital corpus of Uzbek children’s fairy tales and proposes its structural model. Despite the growing importance of NLP resources for low-resource languages, electronically annotated corpora for Uzbek children’s literature remain largely undeveloped, creating a significant gap in both linguistic research and the advancement of child-oriented language technologies. The corpus was developed through three main stages: text selection, digitization, and classification. For text processing, a rule-based approach was applied to determine genre and age-category labels, while a dictionary-based model was used to identify and group agespecific lexical units - enabling systematic corpus organization without relying on complex machine learning algorithms. Texts are tagged by genre and age category (3-6, 7-10, and 11-14 years), enabling structured grouping based on the pedagogical features of children’s literature. The current corpus comprises 154 texts with a total of 4,551 words across five genres, with annotation at the genre and age-category metadata level. The resource supports linguistic research, age-appropriate reading material development, and NLP applications for the Uzbek language. It is intended as a foundational platform for digitizing Uzbek children’s literature and making it accessible to educators, linguists, and software developers.",ieee,llm,1.000,unreviewed,,doi:10.1109/usbereit70063.2026.11580673
discarded,Virtual Reality-Based Serious Games to Improve Motor Learning in Children with Autism Spectrum Disorder: An Exploratory Study,Maria Eleonora Minissi; Giampaolo Abate Romero Landini; Luna Maddalon; Sergio Cervera Torres; Irene Alice Chicchi Giglioli; Marian Sirera; Luis Abad; Soledad Gómez-García; Mariano Alcañiz,2023,2023 IEEE 11th International Conference on Serious Games and Applications for Health (SeGAH),10.1109/SeGAH57547.2023.10253792,https://ieeexplore.ieee.org/document/10253792/,off-topic-false-hit,"Children with autism spectrum disorder (ASD) often report impairments in motor learning compared to their peers with typical development (TD). The present study wants to preliminary assess the ability of virtual reality (VR) to foster motor learning in ASD. In particular, 20 children with ASD and 20 children with TD performed two VR-based serious games that required them to perform motor actions with the upper limbs with varying degrees of freedom in the movement. The two serious games were performed twice in a counterbalanced order, and execution time and accuracy were measured. Findings showed that children with ASD were less accurate and took longer to perform the two serious games than their peers with TD. Moreover, no motor learning effect was reported in the serious game that required movements with high-level degrees of freedom, while a motor learning effect was revealed in the game requiring precise goal-directed actions. The children with ASD improved their performance by reducing their execution time across game repetitions. The improvement in time performance did not affect accuracy, which remained stable across repetitions. These findings support the development and implementation of VR-based serious games in ASD intervention, as they could foster motor learning and improve motor skills in this population.",ieee,llm,1.000,unreviewed,,doi:10.1109/segah57547.2023.10253792
discarded,Research on Automatic Evaluation System of English Writing Teaching Software Based on Natural Language Processing,Peiwen Xu; Yanhui Qin,2024,"2024 3rd International Conference on Data Analytics, Computing and Artificial Intelligence (ICDACAI)",10.1109/ICDACAI65086.2024.00126,https://ieeexplore.ieee.org/document/10835616/,off-topic-false-hit,"English writing is an important symbol to measure learners' comprehensive language use ability. The traditional manual marking method has some disadvantages, such as time-consuming, laborious, untimely feedback and difficult to be comprehensive. With the rapid development of natural language processing (NLP) technology, its application in the field of education gradually shows great potential. This paper aims to develop an automatic marking system for English writing based on NLP, so as to improve the efficiency of writing teaching and students' writing ability. The system adopts hierarchical architecture, including data layer, processing layer, service layer and application layer to ensure the scalability and maintainability of the system. The main functional modules include composition management, automatic grading, error detection and correction, writing style analysis and feedback and report. The system trains a large number of English composition samples through the deep learning model, realizes automatic grading and error detection, and provides detailed feedback reports, including corrections of grammatical errors, spelling errors and improper vocabulary use. The experimental results show that the system is excellent in scoring accuracy, and the correlation coefficient with expert scoring is as high as 0.9 or more. The system can not only give the total score, but also provide personalized feedback reports to help students understand their own shortcomings more clearly and make improvements. Compared with traditional marking methods, automatic marking system has obvious advantages in marking efficiency, scoring consistency and personalized feedback ability. The research in this paper provides new ideas and methods for the automation and intelligence of English writing teaching, which has important theoretical significance and practical value.",ieee,llm,1.000,unreviewed,,doi:10.1109/icdacai65086.2024.00126
discarded,"Evaluation of rule-based, CountVectorizer, and Word2Vec machine learning models for tweet analysis to improve disaster relief",Radhika Goyal,2021,2021 IEEE Global Humanitarian Technology Conference (GHTC),10.1109/GHTC53159.2021.9612486,https://ieeexplore.ieee.org/document/9612486/,off-topic-false-hit,"Social media platforms, such as Twitter, are being increasingly used by people as a means of requesting help during disaster events. Machine learning techniques can be used to identify tweets containing requests for help and classify them based on the type of aid that is being requested. In this paper, we build and compare three different models to classify tweets requesting aid into the categories “food,” “water,” “energy,” and “medical” by using the tweet dataset from Hurricane Sandy, which took place in 2012. Our first model uses a rule-based classifier. Our second model is based on the Scikit-learn toolkit's CountVectorizer, and the third model uses the Word2Vec based classifier. We found that the machine learning models based on CountVectorizer and Word2Vec have higher accuracy than the rule-based classifier model. We also show that the model based on Word2Vec provides the highest accuracy among the three models.",ieee,llm,1.000,unreviewed,,doi:10.1109/ghtc53159.2021.9612486
discarded,Analyzing and Identifying Teens’ Stressful Periods and Stressor Events From a Microblog,Qi Li; Yuanyuan Xue; Liang Zhao; Jia Jia; Ling Feng,2017,IEEE Journal of Biomedical and Health Informatics,10.1109/JBHI.2016.2586519,https://ieeexplore.ieee.org/document/7502121/,off-topic-false-hit,"Increased health problems among adolescents caused by psychological stress have aroused worldwide attention. Long-standing stress without targeted assistance and guidance negatively impacts the healthy growth of adolescents, threatening the future development of our society. So far, research focused on detecting adolescent psychological stress revealed from each individual post on microblogs. However, beyond stressful moments, identifying teens' stressful periods and stressor events that trigger each stressful period is more desirable to understand the stress from appearance to essence. In this paper, we define the problem of identifying teens' stressful periods and stressor events from the open social media microblog. Starting from a case study of adolescents' posting behaviors during stressful school events, we build a Poisson-based probability model for the correlation between stressor events and stressful posting behaviors through a series of posts on Tencent Weibo (referred to as the microblog throughout the paper). With the model, we discover teens' maximal stressful periods and further extract details of possible stressor events that cause the stressful periods. We generalize and present the extracted stressor events in a hierarchy based on common stress dimensions and event types. Taking 122 scheduled stressful study-related events in a high school as the ground truth, we test the approach on 124 students' posts from January 1, 2012 to February 1, 2015 and obtain some promising experimental results: (stressful periods: recall 0.761, precision 0.737, and F1-measure 0.734) and (top-3 stressor events: recall 0.763, precision 0.756, and F1-measure 0.759). The most prominent stressor events extracted are in the self-cognition domain, followed by the school life domain. This conforms to the adolescent psychological investigation result that problems in school life usually accompanied with teens' inner cognition problems. Compared with the state-of-the-art top-1 personal life event detection approach, our stressor event detection method is 13.72% higher in precision, 19.18% higher in recall, and 16.50% higher in F1-measure, demonstrating the effectiveness of our proposed framework.",ieee,llm,1.000,unreviewed,,doi:10.1109/jbhi.2016.2586519
discarded,Energy-Efficient Composite Event Detection in Wireless Sensor Networks,Weiping Zhu; Jiannong Cao; Michel Raynal,2018,IEEE Communications Letters,10.1109/LCOMM.2017.2764458,https://ieeexplore.ieee.org/document/8076895/,off-topic-false-hit,"Composite event detection is one of fundamental tasks for wireless sensor networks. In existing approaches, typically, a routing tree is used to enable information exchange among sensor nodes and collaborative detection of composite events. However, such a tree is not optimal in terms of energy efficiency, because the relations included in composite events have not been fully utilized. In this letter, we propose a new type of routing tree called event detection tree (EDT) to achieve energy-efficient composite event detection. EDT reduces the amount of data to be transmitted by aggregating data in to events, at the cost of an increased distance in the data transmission to achieve such aggregations. EDT achieves a tradeoff of them to minimize the overall energy consumption. Simulation results show that our approach outperforms existing approaches and yields energy savings of up to 20%.",ieee,llm,1.000,unreviewed,,doi:10.1109/lcomm.2017.2764458
discarded,A Simulation-Based Learning Method for Automatic Dynamic Event Tree Model Generation and Analysis,Chenyu Jiang; Jun Yang; Zhanyu He,2022,2022 4th International Conference on System Reliability and Safety Engineering (SRSE),10.1109/SRSE56746.2022.10067468,https://ieeexplore.ieee.org/document/10067468/,off-topic-false-hit,"In the paper, a preliminary algorithm tool for automatic dynamic event tree (DET) model generation and analysis is proposed to support dynamic probabilistic risk assessment in nuclear power plants. The DET model is dynamically tailored and adapted to the situation-specific accident scenario development by removing the irrelevant event sequences in accordance with the guided simulated-live events inputs from dynamic dynamics simulator. The algorithm is demonstrated through a small-break LOCA in nuclear power plants. The demonstration results show that the DET algorithm is capable of process-dependent phenomenological events and time-dependent stochastic events modeling. The dynamic risk quantification can also be easily achieved given that the failure probabilities of dynamic events are available.",ieee,llm,1.000,unreviewed,,doi:10.1109/srse56746.2022.10067468
discarded,Electrophysiological Abnormalities Associated With Sustained Attention in Children With Attention Deficit Hyperactivity Disorder and Autism Spectrum Disorder,Jiajing Zhao; Mengyi Bao; Wencong Ruan; Rui Kuang; Haifeng Li; Yueming Wang; Lin Yao,2025,IEEE Transactions on Neural Systems and Rehabilitation Engineering,10.1109/TNSRE.2025.3564608,https://ieeexplore.ieee.org/document/10978111/,off-topic-false-hit,"This study investigates electrophysio- logical abnormalities in children with Attention-Deficit/ Hyperactivity Disorder (ADHD) and Autism Spectrum Disorder (ASD) during sustained attention tasks, focusing on vigilance and inhibitory control, and explores associations between neural markers and attentional performance.Children with ADHD (n = 30), ASD (n = 23), and typically developing (TD) children (n = 31) completed a Test of Variables of Attention (TOVA) task while electroencephalography (EEG) was recorded. Event-related potentials (ERPs: P1, N2, P3) and event-related desynchronization/synchronization (ERD/ERS: theta ERS, alpha ERD, beta ERS) were measured and compared across groups. Correlations between electrophysiological features and behavioral performance were analyzedBoth ADHD and ASD groups demonstrated attenuated P1 amplitudes during vigilance task and reduced prefrontal theta ERS during inhibitory control. The ASD group exhibited additional impairments, including attenuated N2 amplitudes in inhibitory control, reduced P3 amplitudes, and weaker alpha ERD across conditions. The ADHD group showed additional deficits in theta ERS. Notably, N2 amplitude and theta ERS during vigilance state significantly correlated with response time measures. Children with ADHD and ASD share deficits in primary visual stimulus processing and inhibitory attention allocation. ASD-specific impairments involve top-down processing and inhibition, while ADHD-specific challenges involve attentional allocation and modulation. These findings enhance the electrophysiological understanding of sustained attention in ADHD and ASD, offering insights that may inform future diagnostic and intervention strategies.",ieee,llm,1.000,unreviewed,,doi:10.1109/tnsre.2025.3564608
discarded,The Impact of Embedding Interactive Tasks in Augmented Reality Storybooks on Children's Reading Engagement and Reading Comprehension,Guodong Yang; Yan Yan; Shaoqing Guo; Xiaodong Wei,2025,IEEE Transactions on Learning Technologies,10.1109/TLT.2025.3532464,https://ieeexplore.ieee.org/document/10848339/,off-topic-false-hit,"In early education, reading difficulties can lead to negative outcomes. Augmented reality (AR) storybooks combine the benefits of e-books and print books, significantly aiding children's reading skills and gaining recognition from scholars and educators. However, the existing AR storybooks often overlook the design of interactive features, which may explain the inconsistent findings in research on their impact. This study aims to embed interactive tasks into AR storybooks and investigate their effects on children's reading engagement, story retelling, and reading comprehension. In total, 40 children aged eight to ten years were invited to participate in the reading activity. They were randomly assigned to an experimental group and a control group. The experimental group used AR storybooks that included interactive tasks, requiring them to complete various activities during reading. The control group used AR storybooks without interactive tasks, which provided multisensory experiences. Throughout the activity, researchers observed each child's reading engagement and completed a reading engagement assessment form. At the end of the activity, all children completed story retelling and reading comprehension tests. Finally, both groups of children participated in semistructured interviews for cross validation. The study found that children in the experimental group showed significantly higher levels of reading engagement, story retelling, and reading comprehension than children in the control group. While multimedia elements in AR storybooks can increase children's reading engagement, a large part of that engagement is driven by children's focus on AR elements. However, interactive tasks shift children's engagement more toward the story content. We also discovered that interactive tasks are a key factor in encouraging children to think actively and serve as an effective strategy for guiding them to focus on the main issues in the story. In addition, the strategy search decision feedback within the interactive tasks greatly aids children in understanding and remembering the story.",ieee,llm,0.990,unreviewed,,doi:10.1109/tlt.2025.3532464
discarded,Early Screening of Autism in Toddlers via Response-To-Instructions Protocol,Jingjing Liu; Zhiyong Wang; Kai Xu; Bin Ji; Gongyue Zhang; Yi Wang; Jingxin Deng; Qiong Xu; Xiu Xu; Honghai Liu,2022,IEEE Transactions on Cybernetics,10.1109/TCYB.2020.3017866,https://ieeexplore.ieee.org/document/9204807/,off-topic-false-hit,"Early screening of autism spectrum disorder (ASD) is crucial since early intervention evidently confirms significant improvement of functional social behavior in toddlers. This article attempts to bootstrap the response-to-instructions (RTIs) protocol with vision-based solutions in order to assist professional clinicians with an automatic autism diagnosis. The correlation between detected objects and toddler’s emotional features, such as gaze, is constructed to analyze their autistic symptoms. Twenty toddlers between 16–32 months of age, 15 of whom diagnosed with ASD, participated in this study. The RTI method is validated against human codings, and group differences between ASD and typically developing (TD) toddlers are analyzed. The results suggest that the agreement between clinical diagnosis and the RTI method achieves 95% for all 20 subjects, which indicates vision-based solutions are highly feasible for automatic autistic diagnosis.",ieee,llm,1.000,unreviewed,,doi:10.1109/tcyb.2020.3017866
