status,title,authors,year,venue,doi,url,tags,abstract,provider,decision_source,llm_confidence,llm_review_outcome,llm_change_direction,paper_id
discarded,Design and development of automobile assembly model using federated artificial intelligence with smart contract,Manimuthu Arunmozhi; V. G. Venkatesh; Yangyan Shi; V. Raja Sreedharan; S.C. Lenny Koh,2021,International Journal of Production Research,10.1080/00207543.2021.1988750,https://openalex.org/W3209021646,off-topic-false-hit,"With smart sensors and embedded drivers, today’s automotive industry has taken a giant leap in emerging technologies like Machine learning, Artificial intelligence, and the Internet of things and started to build data-driven decision-making strategies to compete in global smart manufacturing. This paper proposes a novel design framework that uses Federated learning-Artificial intelligence (FAI) for decision-making and Smart Contract (SC) policies for process execution and control in a completely automated smart automobile manufacturing industry. The proposed design introduces a novel element called Trust Threshold Limit (TTL) that helps moderate the excess usage of embedded equipment, tools, energy, and cost functions, limiting wastages in the manufacturing processes. This research highlights the use cases of AI in decentralised Blockchain with smart contracts, the company’s trading policies, and its advantages for effectively handling market risk assessments during socio-economic crisis. The developed model supported by real-time cases incorporated cost functions, delivery time and energy evaluations. Results spotlight the use of FAI in decision accuracy for the developed smart contract-based Automobile Assembly Model (AAM), thereby qualitatively limiting the threshold level of cost, energy and other control functions in procurement assembly and manufacturing. Customisation and graphical user interface with cloud integration are some challenges of this model.",openalex,llm,0.990,unreviewed,,doi:10.1080/00207543.2021.1988750
discarded,User interface engineering for software product lines,Andreas Pleuß; Benedikt Hauptmann; Deepak Dhungana; Goetz Botterweck,2012,,10.1145/2305484.2305491,https://openalex.org/W2105627317,adjacent-subtopic,"Software Product Lines (SPL) are systematic approach to develop families of similar software products by explicating their commonalities and variability, e.g., in a feature model. Using techniques from model-driven development, it is then possible to automatically derive a concrete product from a given configuration (i.e., selection of features). However, this is problematic for interactive applications with complex user interfaces (UIs) as automatically derived UIs often provide limited usability. Thus, in practice, the UI is mostly created manually for each product, which results in major drawbacks concerning efficiency and maintenance, e.g., when applying changes that affect the whole product family. This paper investigates these problems based on real-world examples and analyses the development of product families from a UI perspective. To address the underlying challenges, we propose the use of abstract UI models, as used in HCI, to bridge the gap between automated, traceable product derivation and customized, high quality user interfaces. We demonstrate the feasibility of the approach by a concrete example implementation for the suggested model-driven development process.",openalex,llm,0.930,unreviewed,,doi:10.1145/2305484.2305491
discarded,"UISCOPE: Accurate, Instrumentation-free, and Visible Attack Investigation for GUI Applications",Runqing Yang; Shiqing Ma; Haitao Xu; Xiangyu Zhang; Yan Chen,2020,,10.14722/ndss.2020.24329,https://openalex.org/W3007878096,off-topic-false-hit,"Existing attack investigation solutions for GUI applications suffer from a few limitations such as inaccuracy (because of the dependence explosion problem), requiring instrumentation, and providing very low visibility.Such limitations have hindered their widespread and practical deployment.In this paper, we present UISCOPE, a novel accurate, instrumentationfree, and visible attack investigation system for GUI applications.The core idea of UISCOPE is to perform causality analysis on both UI elements/events which represent users' perspective and low-level system events which provide detailed information of what happens under the hood, and then correlate system events with UI events to provide high accuracy and visibility.Long running processes are partitioned to individual UI transitions, to which low-level system events are attributed, making the results accurate.The produced graphs contain (causally related) UI elements with which users are very familiar, making them easily accessible.We deployed UISCOPE on 7 machines for a week, and also utilized UISCOPE to conduct an investigation of 6 realworld attacks.Our evaluation shows that compared to existing works, UISCOPE introduces neglibible overhead (less than 1% runtime overhead and 3.05 MB event logs per hour on average) while UISCOPE can precisely identify attack provenance while offering users thorough visibility into the attack context.",openalex,llm,0.970,unreviewed,,doi:10.14722/ndss.2020.24329
discarded,Model-driven development and evolution of customized user interfaces,Andreas Pleuß; Stefan Wollny; Goetz Botterweck,2013,,10.1145/2494603.2480298,https://openalex.org/W2135659575,adjacent-subtopic,"One of the main benefits of model-driven development of User Interfaces (UIs) is the increase in efficiency and consistency when developing multiple variants of a UI. For instance, multiple UIs for different target users, platforms, devices, or for whole product families can be generated from the same abstract models. However, purely generated UIs are not always sufficient as there is often need for customizing the individual UI variants, e.g., due to usability issues or specific customer requirements.",openalex,llm,0.940,unreviewed,,doi:10.1145/2494603.2480298
discarded,Bridging the gap between a behavioural formal description technique and a user interface description language: Enhancing ICO with a graphical user interface markup language,Éric Barboni; Célia Martinie; David Navarre; Philippe A. Palanque; Marco A. A. Winckler,2013,Science of Computer Programming,10.1016/j.scico.2013.04.001,https://openalex.org/W2053103169,adjacent-subtopic,,openalex,llm,0.730,unreviewed,,doi:10.1016/j.scico.2013.04.001
discarded,On distributed concern delivery in user interface design,Tomáš Černý; Miroslav Macík; Michael Jeff Donahoo; Jan Janoušek,2015,Computer Science and Information Systems,10.2298/csis141202021c,https://openalex.org/W2253594640,adjacent-subtopic,"Increasing demands on user interface (UI) usability, adaptability, and dynamic behavior drives ever-growing development and maintenance complexity. Traditional UI design techniques result in complex descriptions for data presentations with significant information restatement. In addition, multiple concerns in UI development leads to descriptions that exhibit concern tangling, which results in high fragment replication. Concern-separating approaches address these issues; however, they fail to maintain the separation of concerns for execution tasks like rendering or UI delivery to clients. During the rendering process at the server side, the separation collapses into entangled concerns that are provided to clients. Such client-side entanglement may seem inconsequential since the clients are simply displaying what is sent to them; however, such entanglement compromises client performance as it results in problems such as replication, fragment granularity ill-suited for effective caching, etc. This paper considers advantages brought by concern-separation from both perspectives. It proposes extension to the aspect-oriented UI design with distributed concern delivery (DCD) for client-server applications. Such an extension lessens the serverside involvement in UI assembly and reduces the fragment replication in provided UI descriptions. The server provides clients with individual UI concerns, and they become partially responsible for the UI assembly. This change increases client-side concern reuse and extends caching opportunities, reducing the volume of transmitted information between client and server to improve UI responsiveness and performance. The underlying aspect-oriented UI design automates the server-side derivation of concerns related to data presentations adapted to runtime context, security, conditions, etc. Evaluation of the approach is considered in a case study applying DCD to an existing, production web application. Our results demonstrate decreased volumes of UI descriptions assembled by the server-side and extended client-side caching abilities, reducing required data/fragment transmission, which improves UI responsiveness. Furthermore, we evaluate the potential benefits of DCD integration implications in selected UI frameworks.",openalex,llm,0.860,unreviewed,,doi:10.2298/csis141202021c
discarded,Model-Driven Software Development,Sami Beydeda; Volker Gruhn; Matthias Book,2005,,10.1007/3-540-28554-7,https://openalex.org/W1559012732,adjacent-subtopic,,openalex,llm,0.710,unreviewed,,doi:10.1007/3-540-28554-7
discarded,Towards a Platform Independent Graphical User Interface,Abdessamad Belangour,2017,American Journal of Software Engineering and Applications,10.11648/j.ajsea.20170601.12,https://openalex.org/W2592858817,adjacent-subtopic,"In classical software development processes, graphical user interfaces cannot be reused across development platforms. In addition, in MDA-based processes, they are integrated only after making the transformation of the PIM to the PSM since they belong to the target platform and hence have the same problem. They are considered part of the PSM, which deprives us from reusing them as we do for the business logic. In this paper, we aim at proposing a common platform independent graphical user interface library that represents the presentation logic in terms of inputs and outputs. This is achievable through proposing a generic metamodel for basic GUI controls that focus on getting and presenting data rather than those of ergonomic purposes. This metamodel will enable us to build generic graphical interfaces that can be transformed to any of the market libraries such as AWT, SWING, WinForms, Tkinter. That is why we built metamodels for those libraries and defined mappings between the generic metamodel and those libraries metamodels. Finally, the generic GUI library is used to make PIM-GUIs that are kept with business-PIMs and that can together be reused in a way that is independent from any development platform. Final mappings transforms these PIM-GUIs into platform bound GUIs or PSM-GUIs such those we mentioned earlier or any future graphical library.",openalex,llm,0.900,unreviewed,,doi:10.11648/j.ajsea.20170601.12
discarded,Large-scale Model-Driven Engineering of web user interaction: The WebML and WebRatio experience,Marco Brambilla; Piero Fraternali,2013,Science of Computer Programming,10.1016/j.scico.2013.03.010,https://openalex.org/W2107808150,adjacent-subtopic,,openalex,llm,0.760,unreviewed,,doi:10.1016/j.scico.2013.03.010
discarded,Digital twins in smart farming,C.N. Verdouw; Bedir Teki̇nerdoğan; Adrie Beulens; J. Wolfert,2021,Agricultural Systems,10.1016/j.agsy.2020.103046,https://openalex.org/W3127757142,off-topic-false-hit,"Digital Twins are very promising to bring smart farming to new levels of farming productivity and sustainability. A Digital Twin is a digital equivalent of a real-life object of which it mirrors its behaviour and states over its lifetime in a virtual space. Using Digital Twins as a central means for farm management enables the decoupling of physical flows from its planning and control. As a consequence, farmers can manage operations remotely based on (near) real-time digital information instead of having to rely on direct observation and manual tasks on-site. This allows them to act immediately in case of (expected) deviations and to simulate effects of interventions based on real-life data. This paper analyses how Digital Twins can advance smart farming. It defines the concept, develops a typology of different types of Digital Twins, and proposes a conceptual framework for designing and implementing Digital Twins. The framework comprises a control model based on a general systems approach and an implementation model for Digital Twin systems based on the Internet of Things—Architecture (IoT-A), a reference architecture for IoT systems. The framework is applied to and validated in five smart farming use cases of the European IoF2020 project, focussing on arable farming, dairy farming, greenhouse horticulture, organic vegetable farming and livestock farming.",openalex,llm,0.990,unreviewed,,doi:10.1016/j.agsy.2020.103046
kept,Supporting parametrization of business games for multiple educational settings,Stijn-Pieter van Houten; Alexander Verbraeck,2007,2007 Winter Simulation Conference,10.1109/WSC.2007.4419871,https://ieeexplore.ieee.org/document/4419871/,supports-claim,"The parametrization of business games benefits from the usage of a multi-tier architecture and software services. This paper shows that the multi-tier concept supports parametrization of business games for multiple educational settings, where for example the number of players, the scenario to use, and the underlying simulation model may differ each time. Using the concept of multi-tier architectures, we implemented a strict decoupling between the graphical user interface layer, the business logic layer, and the resource management layer. This decoupling is supported by using interfaces between the different services. The services have been successfully used to develop, adapt, and use the distributor game for different educational settings. Further research will focus on extending the set of services to better support changes in graphical user interfaces that players use and the specification of the services' parameters themselves using a Web-based user interface.",ieee,llm,0.950,unreviewed,,doi:10.1109/wsc.2007.4419871
kept,A Model-View-ViewModel (MVVM) Application Framework for Hearing Impairment Diagnosis - Design and Features,Waseem Sheikh; Nadeem Sheikh,2020,"2020 Intermountain Engineering, Technology and Computing (IETC)",10.1109/IETC47856.2020.9249124,https://ieeexplore.ieee.org/document/9249124/,supports-claim,"Around 466 million people worldwide (over 5% of the world's population) have disabling hearing loss, and out of these 34 million are children. Estimates suggest that by 2050, over 900 million people worldwide will have disabling hearing loss. The annual global cost of unaddressed hearing loss amounts to US$ 750 billion. Early detection of hearing loss can reduce its impact on an individual's life in addition to saving a huge cost. This paper, the first in a series of three papers, presents the design and features of an open-source application framework for hearing impairment diagnosis. The framework is built using the Model-View-ViewModel (MVVM) pattern which separates the development of graphical user interface (GUI) from the development of business and back-end logic. Some of the benefits of the MVVM pattern include reusable components, independent development of GUI and business or back-end logic, flexibility to modify GUI without having to change business or back-end logic, ease of unit testing, and reduced maintenance overhead. The proposed framework along with the open-source code makes it possible to easily extend the application functionality thus enabling other researchers and practitioners to develop their own versions of hearing loss diagnosis applications. The proposed software was evaluated by an otolaryngologist and found to be very beneficial in assisting a clinician to reach a hearing impairment diagnosis conclusion more methodically, swiftly and accurately.",ieee,llm,0.900,unreviewed,,doi:10.1109/ietc47856.2020.9249124
discarded,Capsule-Based User Interface Modeling for Large-Scale Applications,Dragan Milicev; Zarko Mijailovic,2013,IEEE Transactions on Software Engineering,10.1109/TSE.2013.8,https://ieeexplore.ieee.org/document/6464270/,adjacent-subtopic,"We present a novel approach to modeling and implementing user interfaces (UI) of large business applications. The approach is based on the concept of capsule, a profiled structured class from UML which models a simple UI component or a coherent UI fragment of logically and functionally coupled components or other fragments with a clear interface. Consequently, the same modeling concept of capsule with internal structure can be reapplied recursively at successively lower levels of detail within a model, starting from high architectural modeling levels down to the lowest levels of modeling simple UI components. The interface of capsules is defined in terms of pins, while the functional coupling of capsules is specified declaratively by simply wiring their pins. Pins and wires transport messages between capsules, ensuring strict encapsulation. The approach includes a method for formal coupling of capsules' behavior with the underlying object space that provides proper impedance matching between the UI and the business logic while preserving clear separation of concerns between them. We also briefly describe an implementation of a framework that supports the proposed method, including a rich library of ready-to-use capsules, and report on our experience in applying the approach in large-scale industrial systems.",ieee,llm,0.780,unreviewed,,doi:10.1109/tse.2013.8
kept,A Model-View-ViewModel (MVVM) Application Framework for Hearing Impairment Diagnosis - Type Dependency Architecture,Waseem Sheikh; Nadeem Sheikh,2020,"2020 Intermountain Engineering, Technology and Computing (IETC)",10.1109/IETC47856.2020.9249181,https://ieeexplore.ieee.org/document/9249181/,supports-claim,"Around 466 million people worldwide (over 5% of the world's population) have disabling hearing loss, and out of these 34 million are children. Estimates suggest that by 2050, over 900 million people worldwide will have disabling hearing loss. The annual global cost of unaddressed hearing loss amounts to US$ 750 billion. Early detection of hearing loss can reduce its impact on an individual's life in addition to saving a huge cost. This paper, the second in a series of three papers, presents the type dependency architecture of an open-source application framework for hearing impairment diagnosis. The framework is built using the Model-View-ViewModel (MVVM) pattern which separates the development of graphical user interface (GUI) from the development of business and back-end logic. Some of the benefits of the MVVM pattern include reusable components, independent development of GUI and business or back-end logic, flexibility to modify GUI without having to change business or back-end logic, ease of unit testing, and reduced maintenance overhead. The proposed framework along with the open-source code makes it possible to easily extend the application functionality thus enabling other researchers and practitioners to develop their own versions of hearing loss diagnosis applications. The proposed software was evaluated by an otolaryngologist and found to be very beneficial in assisting a clinician to reach a hearing impairment diagnosis conclusion more methodically, swiftly and accurately.",ieee,llm,0.880,unreviewed,,doi:10.1109/ietc47856.2020.9249181
kept,A Model-View-ViewModel (MVVM) Application Framework for Hearing Impairment Diagnosis - Class Inheritance Architecture,Waseem Sheikh; Nadeem Sheikh,2020,"2020 Intermountain Engineering, Technology and Computing (IETC)",10.1109/IETC47856.2020.9249215,https://ieeexplore.ieee.org/document/9249215/,supports-claim,"Around 466 million people worldwide (over 5% of the world's population) have disabling hearing loss, and out of these 34 million are children. Estimates suggest that by 2050, over 900 million people worldwide will have disabling hearing loss. The annual global cost of unaddressed hearing loss amounts to US$ 750 billion. Early detection of hearing loss can reduce its impact on an individual's life in addition to saving a huge cost. This paper, the last one in a series of three papers, presents the class inheritance architecture of an open-source application framework for hearing impairment diagnosis. The framework is built using the Model-View-ViewModel (MVVM) pattern which separates the development of graphical user interface (GUI) from the development of business and back-end logic. Some of the benefits of the MVVM pattern include reusable components, independent development of GUI and business or back-end logic, flexibility to modify GUI without having to change business or back-end logic, ease of unit testing, and reduced maintenance overhead. The proposed framework along with the open-source code makes it possible to easily extend the application functionality thus enabling other researchers and practitioners to develop their own versions of hearing loss diagnosis applications. The proposed software was evaluated by an otolaryngologist and found to be very beneficial in assisting a clinician to reach a hearing impairment diagnosis conclusion more methodically, swiftly and accurately.",ieee,llm,0.880,unreviewed,,doi:10.1109/ietc47856.2020.9249215
