status,title,authors,year,venue,doi,url,tags,abstract,provider,decision_source,llm_confidence,llm_review_outcome,llm_change_direction,paper_id
discarded,A flexible graphical user interface for embedding heterogeneous neural network simulators,R. Drossu; Z. Obradovic; J. Fletcher,1996,IEEE Transactions on Education,10.1109/13.538760,https://ieeexplore.ieee.org/document/538760/,off-topic-false-hit,"A graphical user interface (GUI) for heterogeneous neural network simulators proposed in this article is intended to be of use both for the novice and for the experienced neural network user. For the novice, it provides an easy-to-use neural network simulation package that insulates the user from the requirements of knowing the simulator implementation details or the configuration file syntax. For the experienced neural network professional it provides an interface that is easily extensible to include any additional neural network simulator in its binary form. To satisfy both academic and personal computer environments, the GUI has been developed by using the free TCL/TK software package, available on workstations running Unix and on PCs running the free Linux operating system. Although the GUI and the embedded simulators have been successfully tested both in neural network research and training programs, a more extensive testing in undergraduate and graduate level classes is in progress.",ieee,llm,0.990,unreviewed,,doi:10.1109/13.538760
discarded,Emulating Human Supervision in an Intelligent Tutoring System for Arithmetical Problem Solving,David Arnau; Miguel Arevalillo-Herráez; José Antonio González-Calero,2014,IEEE Transactions on Learning Technologies,10.1109/TLT.2014.2307306,https://ieeexplore.ieee.org/document/6746159/,off-topic-false-hit,"This paper presents an intelligent tutoring system (ITS) for the learning of arithmetical problem solving. This is based on an analysis of a) the cognitive processes that take place during problem solving; and b) the usual tasks performed by a human when supervising a student in a one-to-one tutoring situation. The ITS is able to identify the solving strategy that the student is following and offer adaptive feedback that takes into account both the problem's constraints and the decisions previously made by the user. An observational study shows the ITS's accuracy at emulating expert human supervision, and a randomized experiment reveals that the ITS significantly improves students' learning in arithmetical problem solving.",ieee,llm,1.000,unreviewed,,doi:10.1109/tlt.2014.2307306
discarded,Auto App Generator: AI-Powered Platform for Automatic Code and Application Development With Natural Language,SK Sardhar Meia; L. Rajitha; Muntha Raju; Peddolla Harika; Pogula Sandeep; Ramagiri Sukumar,2026,2026 International Conference on Smart Futuristic Technology,10.1109/ICSFT66733.2026.11506898,https://ieeexplore.ieee.org/document/11506898/,adjacent-subtopic,"This App development traditionally demands strong programming skills, time, and domain expertise, which often limits innovation among beginners and non-technical users. Existing tools such as low-code and AI-assisted platforms provide partial automation by generating only fragments of code or templates, but they fail to produce complete, ready-to-deploy applications. The proposed system, Auto App Generator, bridges this gap by enabling users to generate fully functional applications directly from natural language descriptions. By integrating natural language processing (NLP) with intelligent code generation, the system interprets user requirements, selects the desired programming language or framework, and automatically constructs the project structure with organized folders, source files, and a management dashboard. This approach significantly reduces development time and technical barriers while supporting customization and scalability across multiple domains. The Auto App Generator thus represents a step toward democratizing software creation, empowering students, startups, and non-developers to transform ideas into working applications efficiently.",ieee,llm,0.950,unreviewed,,doi:10.1109/icsft66733.2026.11506898
discarded,Web CC: A WBT System of Programming for Beginners,M. Uehara,2005,16th International Workshop on Database and Expert Systems Applications (DEXA'05),10.1109/DEXA.2005.199,https://ieeexplore.ieee.org/document/1508251/,adjacent-subtopic,"This paper introduces Web CC, a Web based C compiler. Web CC is simple but provides a ubiquitous programming environment for beginners. Web CC has several other features. Many beginners are interested in computer graphics (CG). But, CG programming is difficult for beginners because CG programs are implemented using pointers, structures, and such difficult techniques. Web CC provides several functions of CG as standard",ieee,llm,0.930,unreviewed,,doi:10.1109/dexa.2005.199
discarded,Design and implementation of honeypot systems based on open-source software,Chao-Hsi Yeh; Chung-Huang Yang,2008,2008 IEEE International Conference on Intelligence and Security Informatics,10.1109/ISI.2008.4565077,https://ieeexplore.ieee.org/document/4565077/,off-topic-false-hit,"A honeypot is a type of information system that is used to obtain information on intruders in a network. When a honeypot is deployed in front of a firewall, it can serve as an early warning system. When deployed behind the firewall, it can serve as part of a defense-in-depth system and can be used to detect attackers who bypass the firewall and the intrusion detection system (IDS) or threats from insiders. Honeyd is an open-source honeypot; however, it uses a command-line interface and its configuration is difficult for beginners. The purpose of this study is to use the open-source tool to construct a graphic user interface (GUI) for honeyd. For the sake of portability and easy deployment, the whole system will be installed in a live USB stick. The end user can create a honeyd template by using the GUI or the result of the Nmap scan of a target computer. Moreover, the system will provide a log-review interface and real-time SMS functionality. Finally, we deployed the designed system in a campus network and presented an analytic result of a 60-day period with a Web-based data analysis system.",ieee,llm,1.000,unreviewed,,doi:10.1109/isi.2008.4565077
discarded,Thinking in imperative or objects? A study on how novice programmer thinks when it comes to designing an application,Sim Tze Ying,2019,"2019 IEEE International Conference on Engineering, Technology and Education (TALE)",10.1109/TALE48000.2019.9225966,https://ieeexplore.ieee.org/document/9225966/,adjacent-subtopic,"Novice programming is a challenging subject to teach and learn. However, programming is an essential skill that is required by many majors apart from Computer Science. The challenges in a novice programming subject change according to the programming language used. At the beginning of the 90s, the object-oriented programming was introduced. Detienne claimed that it is easier for programmers to program using the object-first approach as humans think naturally in objects. The IEEE and ACM joint task force on Computing Curriculum proposed two tracks of curriculum, one for imperative-first and the other for object-first implementation. However, most of the work conducted on novice programming focused on the issues of syntax errors, reducing the possibilities of syntax error through a new or adapted programming environment. This paper will present the preliminary work to investigate if students will naturally think in objects or a series of steps. Three intervention methods were implemented in three different workshops. The intervention methods are the object-first, the imperative-first and the problem-solving-first. The students are then requested to design an application. Through the design, the research will identify if the students use the object-first or the imperative-first design. Assuming that the object-first intervention group will design primarily in objects, and the imperative-first intervention group in a series of steps, the problem-solving intervention will be the “neutral” group. The object-first design is reflected through the attributes and methods of a particular object. The imperative-first design is identified if the solution contains a series of steps. The findings show that most of the students designed the application using a series of steps reflecting the imperative-first design. This finding should be included when considering if imperative-first or object-first should be the way forward for a novice programming subject.",ieee,llm,0.980,unreviewed,,doi:10.1109/tale48000.2019.9225966
discarded,Design Space Exploration of Embedded Processors in Computer Architecture Education using T&D-Bench,Sandro Neves Soares; Flavio Rech Wagner,2006,Proceedings. Frontiers in Education. 36th Annual Conference,10.1109/FIE.2006.322527,https://ieeexplore.ieee.org/document/4117176/,adjacent-subtopic,"We present T&D-Bench, Teaching and Design Workbench, a framework for design space exploration of embedded processors. Design space exploration has become a fundamental phase of the SOC (system on a chip) design process in industry and in research, and so it is important also in computer architecture education. T&D-Bench is an innovative framework to be employed in computer architecture education, providing the students a contact with a contemporary hardware design activity, and offering an easy and rapid design process, together with graphical user interface resources for tracking and steering the experiments with the processor models. T&D-Bench has been used at Universidade de Caxias do Sul since 2003 with positive results reported by the students, both beginners and seniors. T&D-Bench is available as an open source and platform-independent framework on the Internet",ieee,llm,0.940,unreviewed,,doi:10.1109/fie.2006.322527
discarded,Ordinary User Oriented Model Construction for Assisting Conversational Agents,David Leray; Jean-paul Sansonnet,2006,2006 IEEE/WIC/ACM International Conference on Web Intelligence and Intelligent Agent Technology Workshops,10.1109/WI-IATW.2006.101,https://ieeexplore.ieee.org/document/4053269/,off-topic-false-hit,"In this paper, we defend the idea of integrating the actual cognitive features of novice users in the creation process of the applications to significantly increase the quality of the function of assistance. First we present a framework dedicated to the recording of novice user natural language utterances in assisting situations. Then we propose a first analysis of the collected corpus in terms of the perceptual features appearing in the linguistic referential expressions",ieee,llm,0.980,unreviewed,,doi:10.1109/wi-iatw.2006.101
discarded,Alg-Design: Facilitates to Learn Algorithmic Thinking for Beginners,R Vinayakumar; KP Soman; Pradeep Menon,2018,"2018 9th International Conference on Computing, Communication and Networking Technologies (ICCCNT)",10.1109/ICCCNT.2018.8493952,https://ieeexplore.ieee.org/document/8493952/,adjacent-subtopic,"Algorithmic thinking is one of the main key concepts in computational thinking. With using computers in close to all areas of our lives, the progress of algorithmic solutions to problems is very crucial. The comprehension of the character of problems and their algorithmic solutions is enormously most important for everyone. Algorithmic thinking is the capability to realize, execute, assessment, and create computational procedures for solving problems. This paper presents Alg-Design, a visual and block based programming environment to facilitate novices to improve the comprehension of Algorithmic thinking using programming and computing. The visual programming environment motivates students and they find enjoyable while creating personally meaningful projects.",ieee,llm,0.970,unreviewed,,doi:10.1109/icccnt.2018.8493952
discarded,DFBC Recon Tool: Digital Footprint and Breach Check Reconnaissance Tool,Chen Kai Ng; Yusnita Yusof; Nik Sakinah Nik Ab Aziz,2021,2021 14th International Conference on Developments in eSystems Engineering (DeSE),10.1109/DeSE54285.2021.9719440,https://ieeexplore.ieee.org/document/9719440/,off-topic-false-hit,"Nowadays, Internet is no longer private. Web service providers are trying to extract every single piece of user data for analytics or advertising purposes so that targeted ads or personalized contents can be provided. Collecting data of a user has also been easier for hackers with malicious intent. Publicly available data such as Personal Identifiable Information (PII) or breached account credentials are increasing the opportunity for attackers to gain access to users’ account and information. Hence, users must be aware of personal data that they are sharing and constantly monitor security of their account. This paper presents a Digital Footprint and Breach Check (DFBC) Reconnaissance Tool which was developed to ease and speed up the process of extracting the publicly available information of users and checking account breach status. It comes with both Command Line Interface (CLI) and Graphical User Interface (GUI), thus both professional and novice users can utilize this tool and better understand the potential risks of their data and account. The tool focuses on gathering data in social network which are Facebook and Twitter, and email breach. From the results, it shows that 60% strongly agree while the rest 40% agree that the result gathered using this proposed tool is comprehensive.",ieee,llm,1.000,unreviewed,,doi:10.1109/dese54285.2021.9719440
discarded,Smart Assistance for Linux Beginners: A MultiModel Chatbot Approach,Bharati Shetty; Sharvari Solapure; Soham Adhyapak; Rohit Shinde; Suraj Mali; Pranav Chougule; Aditya Patil,2025,"2025 International Conference on Electronics, Computing, Communication and Control Technology (ICECCC)",10.1109/ICECCC65144.2025.11063986,https://ieeexplore.ieee.org/document/11063986/,off-topic-false-hit,"Linux is widely used, but its complexity and lack of consistent support can make it difficult for beginners and nontechnical users. This paper introduces Chinmux for Linux, an AI-driven assistant designed to make interacting with Linux easier. Chinmux uses advanced models like Google T5 for summarization and answering general questions, BERT for creating bash scripts, and Distilled BERT for handling regular tasks. The system is designed to be efficient and easy to use, with a focus on performance. One of its key features is the ability to manage multi-step tasks through an agent collaboration framework, ensuring smooth task transitions. Chinmux helps users perform common tasks like package installation, coding, and system maintenance more easily, reducing errors and improving overall satisfaction. By simplifying these tasks, Chinmux makes Linux more accessible to everyone. The results demonstrate that Chinmux effectively simplifies Linux interactions by leveraging multiple AI models, improving user efficiency and reducing errors in common tasks. This enhances accessibility and usability for both beginners and advanced users",ieee,llm,0.990,unreviewed,,doi:10.1109/iceccc65144.2025.11063986
discarded,Development of a System Based on a Graphical User Interface Using MATLAB Tools,Ahmed A. Thabit; Enas Alzidi; Mohammed Abdulkreem Mohammed; Petro Palchyk,2024,2024 35th Conference of Open Innovations Association (FRUCT),10.23919/FRUCT61870.2024.10516354,https://ieeexplore.ieee.org/document/10516354/,off-topic-false-hit,"Background: Image processing is crucial in different scientific fields and is at the core of digital technology owing to its diverse uses. Due to the extensive usage of digital image processing, user-friendly, efficient picture processing and editing software is needed. Due to the popularity of commercial software like Microsoft's Digital Image Suite and Adobe Photoshop, similar alternatives have emerged. Objective: This project aims to create a robust and adaptable picture editor utilising MATLAB capabilities with an intuitive GUI for users of varied competence levels. The article seeks to provide a viable alternative to commercial image processing software that is simple to use and has many features. Methods: MATLAB's image processing tools and unique methodologies created an image editor with extensive capabilities. The editor's development concentrated on supporting RGB, monochrome, and binary image formats and allowing users to manipulate them. The software's layout, design, message, usability, and cultural appropriateness were considered to improve user experience. Results: The image editor effectively enhances digital picture quality for medical image restoration and satellite image reconstruction. The program is user-friendly due to its minimal download size, easy setup, and straightforward UI. It shows how digital technology evolves, offering a flexible tool for beginners and experts. Conclusion: This study successfully developed a user-friendly MATLAB-based picture editor for varied digital image processing demands. The tool improves data analysis success and accuracy in engineering, research, and finance due to its simplicity and powerful features.",ieee,llm,0.990,unreviewed,,doi:10.23919/fruct61870.2024.10516354
discarded,"ML Blocks: A Block-Based, Graphical User Interface for Creating TinyML Models",Randi Williams; Michał Moskal; Peli De Halleux,2022,2022 IEEE Symposium on Visual Languages and Human-Centric Computing (VL/HCC),10.1109/VL/HCC53370.2022.9833149,https://ieeexplore.ieee.org/document/9833149/,adjacent-subtopic,"This paper describes ML Blocks, https://tinyurl.com/ml-blocks, a novel interface for training, evaluating, and deploying Tiny Machine Learning (TinyML) models. TinyML is a fast-growing field that incorporates powerful machine learning algorithms into everyday technologies such as activity trackers and Internet of Things devices. Although TinyML-capable microcontrollers are popular in computer science education, few students have had the opportunity to learn about the field because of a lack of novice-friendly ML interfaces. With ML Blocks, users assemble data sets, define, and train neural network classifiers, within one unified block interface. Users can quickly evaluate their classifiers using built-in visualization tools and then export them for use in microcontroller projects. ML Blocks makes the end-to-end development of TinyML models easier for physical computing students and tinkerers at all levels.",ieee,llm,0.920,unreviewed,,doi:10.1109/vl/hcc53370.2022.9833149
discarded,Teaching Novices Supervised Learning with Autonomous Model Vehicles,Tim Warnecke; Jörg Grieser; Meng Zhang; Andreas Vorwald; Andreas Rausch,2020,2020 IEEE 32nd Conference on Software Engineering Education and Training (CSEE&T),10.1109/CSEET49119.2020.9206215,https://ieeexplore.ieee.org/document/9206215/,adjacent-subtopic,"Most people have trouble assessing artificial intelligence. They cannot decide without a sound education what are the applicabilities and limitations of this technology and how to use it. In this publication we present a workshop program, which allows even novices to understand and implement the most fundamental concepts of supervised learning within a short time. The participants of the workshop are motivated by a combination of lecture, configuration work on a computer, and rapid testing on real model vehicles. The workshop presented here has already been held four times and was rated as very positive and instructive by all 48 participants.",ieee,llm,0.980,unreviewed,,doi:10.1109/cseet49119.2020.9206215
discarded,CAGE: A Tool for Code Assessment and Grading,Ümit Kanoğlu; Oğuz Kerem Yildiz; Hasan Sözer; Olcay Taner Yildiz,2024,2024 9th International Conference on Computer Science and Engineering (UBMK),10.1109/UBMK63289.2024.10773535,https://ieeexplore.ieee.org/document/10773535/,off-topic-false-hit,"We introduce CAGE, a tool that is implemented as a Java application for reducing manual effort and inconsistent evaluations in grading programming assignments and exams. It provides a graphical user interface to the instructor for navigating through student code submissions that are stored in a folder. The submitted code is automatically split into multiple sections for fine-grained a ssessment a nd partial grading. Grades and feedback messages are inserted as code comments. Frequently used messages and the corresponding grades are listed and they can be inserted with a couple of mouse clicks. Assessment results and feedback can be exported as a file and directly sent to the respective students by e-mail. CAGE is used in the context of a course on data structures and algorithms by a professor and 6 teaching assistants for 2 semesters. The tool can be used after a 30 minutes long training session, and it can reduce the grading time by up to 50%. CAGE is open source and available online to facilitate its widespread use for fair and efficient assessment in introductory programming courses.",ieee,llm,0.990,unreviewed,,doi:10.1109/ubmk63289.2024.10773535
