status,title,authors,year,venue,doi,url,tags,abstract,provider,decision_source,llm_confidence,llm_review_outcome,llm_change_direction,paper_id
discarded,Performing Tasks Can Improve Program Comprehension Mental Model of Novice Developers: An Empirical Approach,Amal A. Shargabi; Syed Ahmad Aljunid; Muthukkaruppan Annamalai; Abdullah Mohd Zin,2020,2020 IEEE/ACM 28th International Conference on Program Comprehension (ICPC),10.1145/3387904.3389277,https://ieeexplore.ieee.org/document/10186827/,adjacent-subtopic,"Program comprehension is challenging for many novice developers. Literature indicates that program comprehension is greatly influenced by the specific purpose of reading a program, i.e., the task. However, the task has often been used in research as a measure for program comprehension. Our study takes an inverse approach to investigate the effect of using the task as a facilitator to improve novice developers program comprehension. To measure the effect, our previously published program comprehension mental model of novice developers was utilized. In a sense, the study provides an empirical evaluation of our proposed model in terms of its ability to capture the novice developer's mental model properly. The comprehensive experiment involved one hundred and seventy-eight (178) novice developers from three (3) universities and investigated the effect of six (6) tasks with difficulties ranked according to the cognitive categories of Revised Bloom Taxonomy. The results of the experiment confirmed that performing the tasks can improve program comprehension of novice developers. It demonstrated that different tasks improved different abstraction levels of the mental model and further indicated that higher cognitive category tasks improve program comprehension mental model at higher abstraction levels. The results also showed that the mental model we have proposed earlier is able to capture what novice developers know in response to the tasks they perform. The general implication of the study is that the tasks can be an effective tool for computing educators to incorporate program comprehension in programming courses, whereby these tasks need to be introduced in stages in the teaching of programming; starting initially from the lower cognitive categories' tasks such as Recall and culminating at the higher cognitive categories' tasks such as Modification by first taking into consideration the novices' programming levels.",ieee,llm,0.940,unreviewed,,doi:10.1145/3387904.3389277
discarded,Perception of Representation Modalities and Affordances in Tangible Environments by Children with Intellectual Disabilities,Taciana Pontual Falcão,2016,Interacting with Computers,10.1093/iwc/iwv037,https://ieeexplore.ieee.org/document/8150181/,off-topic-false-hit,"Intellectual disabilities cause significant sub-average achievement in learning, which, from a socio-constructionist perspective, can be addressed by using adequate tools. Tangible technologies are considered particularly promising tools to help children with intellectual disabilities, by enabling accessible interaction through physical manipulation, in conjunction with digital representations. However, the field lacks focused studies, as nascent research has to date produced mostly generic results. This article presents empirical studies where children with intellectual disabilities interacted with four tangible systems. Analysis focused on children's perceptions of affordances and representation modalities. Results showed the predominance of physical representations over digital, and the importance of informational feedback to avoid misconceptions from perceived physical affordances. Visual representations were found to be the most easily perceived and understood among digital representations, while the auditory mode proved challenging for perception and comprehension. Six guidelines for tangibles design were derived that take into account the particular needs of children with intellectual disabilities.",ieee,llm,0.980,unreviewed,,doi:10.1093/iwc/iwv037
discarded,Unlocking the Secrets of Prompt Engineering: Master the art of creative language generation to accelerate your journey from novice to pro,Gilbert Mizrahi; Daniel Serfaty,2024,Unlocking the Secrets of Prompt Engineering: Master the art of creative language generation to accelerate your journey from novice to pro,,https://ieeexplore.ieee.org/document/10460890/,off-topic-false-hit,"Enhance your writing with AI by mastering prompt engineering techniques and become an expert in developing and utilizing LLM prompts across applicationsKey FeaturesMaster prompt engineering techniques to harness AI's writing potentialDiscover diverse LLM applications for content creation and beyondLearn through practical examples, use cases, and hands-on guidancePurchase of the print or Kindle book includes a free PDF eBookBook DescriptionUnlocking the Secrets of Prompt Engineering is your key to mastering the art of AI-driven writing. This book propels you into the world of large language models (LLMs), empowering you to create and apply prompts effectively for diverse applications, from revolutionizing content creation and chatbots to coding assistance. Starting with the fundamentals of prompt engineering, this guide provides a solid foundation in LLM prompts, their components, and applications. Through practical examples and use cases, you'll discover how LLMs can be used for generating product descriptions, personalized emails, social media posts, and even creative writing projects like fiction and poetry. The book covers advanced use cases such as creating and promoting podcasts, integrating LLMs with other tools, and using AI for chatbot development. But that’s not all. You'll also delve into the ethical considerations, best practices, and limitations of using LLM prompts as you experiment and optimize your approach for best results. By the end of this book, you'll have unlocked the full potential of AI in writing and content creation to generate ideas, overcome writer's block, boost productivity, and improve communication skills.What you will learnExplore the different types of prompts, their strengths, and weaknessesUnderstand the AI agent's knowledge and mental modelEnhance your creative writing with AI insights for fiction and poetryDevelop advanced skills in AI chatbot creation and deploymentDiscover how AI will transform industries such as education, legal, and othersIntegrate LLMs with various tools to boost productivityUnderstand AI ethics and best practices, and navigate limitations effectivelyExperiment and optimize AI techniques for best resultsWho this book is forThis book is for a wide audience, including writers, marketing and business professionals, researchers, students, tech enthusiasts, and creative individuals. Anyone looking for strategies and examples for using AI co-writing tools like ChatGPT effectively in domains such as content creation, drafting emails, and inspiring artistic works, will find this book especially useful. If you are interested in AI, NLP, and innovative software for personal or professional use, this is the book for you.",ieee,llm,0.990,unreviewed,,hash:3de4ed15868eee00
discarded,Representing Parallelism in a Control Language Designed for Young Children,P. Whalley,2006,Visual Languages and Human-Centric Computing (VL/HCC'06),10.1109/VLHCC.2006.41,https://ieeexplore.ieee.org/document/1698781/,"qualifies-claim; adjacent-subtopic; tool or course description, no finding on learning event-driven programming or functions as values","Actor-lab was intended to make control problems comprehensible to young children experiencing programming for the first time, and to provide an interface around which they could have learning conversations. The design goal was to create an expressive high-level control language that could incorporate the WHEN DEMON metaphor within the intrinsically parallel actor programming paradigm. Information about the static relationship between the objects in the system, the external dynamic events and the internal message passing is provided by the visualisation. The learner-centered evolution of actor-lab is detailed in terms of how successfully it both reflects the curriculum model of control and also engenders a sense of agency within the system.",ieee,llm_reviewed,0.910,changed,kept->discarded,doi:10.1109/vlhcc.2006.41
discarded,"WIP: Introducing High School Students to Complex Problems Solving, Consolidating Systems Thinking Habits and a Sustainability Mindset",Andrea Gerosa,2026,2026 IEEE Global Engineering Education Conference (EDUCON),10.1109/EDUCON67543.2026.11574054,https://ieeexplore.ieee.org/document/11574054/,off-topic-false-hit,"A work-in-progress proposal for a teaching unit designed to introduce high school students to Systems Thinking as a key skill in engineering and sustainability education is presented. The initiative arises from the growing engagement of universities in supporting students’ educational and professional guidance. The proposed three-hour unit, part of a broader 15-hour university guidance program, aims to stimulate active learning through group activities. Its main objective is to foster awareness of complexity and the systemic interconnections that underly modern technologies, thereby counteracting stereotypes that discourage students from pursuing engineering studies. The course introduces students to fundamental System Thinking concepts. Tools like causal diagrams, feedback loops, and the iceberg model are used to help students explore relationships between individual actions and large-scale consequences, with a particular focus on sustainability. Reflection on mental models further supports students in identifying cognitive biases and emotional influences that affect their perception of technology and problem-solving. Although not yet implemented in classrooms, the proposed unit is expected to promote systems awareness and sustainability-oriented thinking among young learners, while offering insights for future educational applications.",ieee,llm,0.990,unreviewed,,doi:10.1109/educon67543.2026.11574054
discarded,Teaching MPI from Mental Models,Victor Eijkhout,2016,2016 Workshop on Education for High-Performance Computing (EduHPC),10.1109/EduHPC.2016.007,https://ieeexplore.ieee.org/document/7830475/,adjacent-subtopic,"The Message Passing Interface (MPI) is the de facto standard for programming large scale parallelism, with up to millions of individual processes. Its dominant paradigm of Single Program Multiple Data (SPMD) programming is different from threaded and multicore parallelism, to an extent that students have a hard time switching models. In contrast to threaded programming, which allows for a view of the execution with central control and a central repository of data, SPMD programming has a symmetric model where all processes are active all the time, and none is priviliged in any sense, and where data is distributed.This model is counterintuitive to the novice parallel programmer, so care needs to be taken how to instill the proper `mental model'.We identify problems with the currently common way of teaching MPI, and propose a way that is geared to explicit reinforcing the symmetric model. Additionally, we teach starting from realistic scenarios, rather than writing artificial code just to exercise a newly-learned routine.This motivation implies that we reverse the commonly used order of presenting MPI routines, starting with collectives, and later introducing point-to-point routines only as support for certain symmetric operations, avoiding the process-to-process model.",ieee,llm,0.850,unreviewed,,doi:10.1109/eduhpc.2016.007
discarded,Applicability of Process Mining in Usability Tests: A Case Study for Identifying User Mental Models in Geospatial Search Engines,Dagoberto José Herrera-Murillo; Paloma Abad-Power; Francisco J. Lopez-Pellicer; Sandra Baldassarri; Javier Nogueras-Iso,2026,IEEE Open Journal of the Computer Society,10.1109/OJCS.2026.3682070,https://ieeexplore.ieee.org/document/11477119/,off-topic-false-hit,"A fundamental challenge in digital product design is ensuring that actual mental models of users align with the intended functionality of the system. When discrepancies arise, usability can suffer, leading to inefficient interactions and reduced adoption. Usability testing lets development teams identify design problems in digital products by collecting qualitative and quantitative information. However, this technique is often not able to provide a panoramic view of the interaction with the system, especially when dealing with complex interfaces such as those used in geospatial search engines and we need to analyse the quantitative data compiled during testing. This work proposes to actively incorporate process mining into usability testing. We discuss the implications of process mining on usability testing using a case study performed at the National Geographic Institute of Spain, where a new geospatial search engine was under development. Twenty-one participants, ranging from novice to expert users, were recruited to perform a search task using the new geospatial search engine. The findings reveal that the mental model of users leans towards the archetype of a regular search engine rather than fully utilising the geographic functionalities provided by the platform, as intended by its designers.",ieee,llm,0.980,unreviewed,,doi:10.1109/ojcs.2026.3682070
discarded,Teaching simulation to business students summary of 30 years’ experience,Ingolf Stahl,2007,2007 Winter Simulation Conference,10.1109/WSC.2007.4419872,https://ieeexplore.ieee.org/document/4419872/,off-topic-false-hit,"I summarize my experience from having taught simulation to over 7000 students for over 30 years; to undergraduate, graduate and Ph. D. business students, executives and high school students, in five countries. I discuss how my students differed from other simulation students and my general teaching goals. I answer the question of why Discrete Events Simulation is important at a business school. I present the five main types of course modules that I have taught. I finally discuss my choice of DES software, explaining why I have chosen to use a streamlined GUI based version of GPSS, WebGPSS.",ieee,llm,0.980,unreviewed,,doi:10.1109/wsc.2007.4419872
discarded,Discrete event modeling of heterogeneous human operator team in classification task,Baro Hyun; Calvin J. Park; Weilin Wang; Anouck Girard,2010,Proceedings of the 2010 American Control Conference,10.1109/ACC.2010.5530565,https://ieeexplore.ieee.org/document/5530565/,off-topic-false-hit,"This paper presents a Discrete Event System (DES) model of human operators in a classification task. Two classes of operators, novices and experts, are defined based on the operators' levels of expertise in classification. The operator's behavior is characterized by a task model, which describes how a task is serviced, and a mental model, which predicts the operator's mental arousal (a function of the operator's workload). A supervisory controller ensures that the operator's mental arousal be in a “good” state. An experiment to validate the task model is discussed and a preliminary interface for model validation and analysis is presented.",ieee,llm,1.000,unreviewed,,doi:10.1109/acc.2010.5530565
discarded,Computational thinking and mental models: From kodu to calypso,David S. Touretzky,2017,2017 IEEE Blocks and Beyond Workshop (B&B),10.1109/BLOCKS.2017.8120416,https://ieeexplore.ieee.org/document/8120416/,"qualifies-claim; adjacent-subtopic; tool or course description, no finding on learning event-driven programming or functions as values","Reasoning about programs is an important component of computational thinking. Laws of computation give meaning to the formalisms in which programs are expressed, and can be used to predict or explain program behavior, or to uncover bugs. This paper presents Calypso, a language inspired by Microsoft's Kodu Game Lab but designed for programming actual mobile robots rather than characters in a virtual world. The initial implementation of Calypso uses the Cozmo robot by Anki. Like Kodu, the Calypso interpreter can be described by five key laws. An understanding of the laws and how to apply them constitutes a mental model of computation. Calypso provides a variety of affordances and scaffolding techniques to foster development of effective mental models and facilitate computational thinking.",ieee,llm_reviewed,0.820,changed,kept->discarded,doi:10.1109/blocks.2017.8120416
kept,"Extending the object-oriented notional machine notation with inheritance, polymorphism, and GUI events",Marin Aglić Čuvić; Josip Maras; Saša Mladenović,2017,"2017 40th International Convention on Information and Communication Technology, Electronics and Microelectronics (MIPRO)",10.23919/MIPRO.2017.7973530,https://ieeexplore.ieee.org/document/7973530/,supports-claim,"Learning to program is a challenging task. Novices need to have an accurate understanding of the program execution at the conceptual level provided by the programming language. This level of execution is often referred to as the notional machine, which is often easier to understand through program visualizations. Currently one of the most popular programming paradigms is object-oriented programming, which introduces a number of advanced concepts. In addition, in order to increase student engagement, teachers have started to introduce graphical user interface (GUI) applications into programming courses. This brings its own set of challenges, mostly related to a significantly larger number of application states, which are more difficult to keep track of. However, most existing programming visualizations do not cover all necessary concepts for teaching object-oriented programming, nor have they considered visualizing complex GUI applications. For this reason, we present our own concept of a visualization system that addresses these shortcomings. In this paper, we have: i) extended an existing notation for a notional machine to support learning of advanced objectoriented concepts inheritance and polymorphism; ii) presented our own concept of a visualization system that introduces the source code into the notional machine, thereby making the relationship between source code and the visual representation more concrete; and iii) proposed solutions for reducing the cognitive overload introduced by GUI applications.",ieee,llm,0.940,unreviewed,,doi:10.23919/mipro.2017.7973530
discarded,Writing and Reading Software Documentation: How the development process may affect understanding,Remco C. de Boer; Hans van Vliet,2009,2009 ICSE Workshop on Cooperative and Human Aspects on Software Engineering,10.1109/CHASE.2009.5071409,https://ieeexplore.ieee.org/document/5071409/,adjacent-subtopic,"The effectiveness of documentation within a development process is determined by the way in which the intentions of the authors correspond to the expectations of the potential readers. Ideally, the members of a development team share a certain understanding of (the role of) the different types of documentation. However, since one's expectations of a document are personal, and part of a tacitly formed mental model, we can expect different levels of shared understanding between different development team members. We elicited and analyzed the mental models of software documentation from eight members of a single development team. We found indeed different levels of shared understanding between different people. To our surprise, the levels of shared understanding within the team appear closely tied to the development process employed. From Conway's law we know that an organization's structure is mirrored in the structure of the software that the organization produces. Our findings suggest that the organization's development process may likewise be mirrored in the extent to which a development team shares a common frame of reference. Hence, the development process followed may have implications for the effectiveness with which development knowledge can be shared through software documentation.",ieee,llm,0.980,unreviewed,,doi:10.1109/chase.2009.5071409
discarded,Effect of Program Visualization to Teach Computer Programming in a Resource Constrained Classroom,Dipali D. Awasekar,2013,2013 IEEE Fifth International Conference on Technology for Education (t4e 2013),10.1109/T4E.2013.31,https://ieeexplore.ieee.org/document/6751070/,adjacent-subtopic,"Acquisition of programming concepts and skills is a key goal of computer science and engineering curricula. It has been shown that students find programming to be a difficult and complex cognitive task. Program visualizations have been shown to improve students' understanding, but most studies have been conducted in resource equipped classrooms, for example, in which students have personalized access to laptops. In this paper, we report findings from a two-group experimental study (N=60) in a resource constrained classroom with a single computer and mounted LCD. One group was taught with an interactive program visualization tool and the other with traditional chalk and blackboard approach. Analysis showed a statistically significant higher performance on a post-test for the program visualization group compared to the traditional group. This difference was seen regardless of students' visual/verbal learning style, leading to the conclusion that use of program visualization in large resource constrained classroom is an effective strategy to teach computer programming.",ieee,llm,0.950,unreviewed,,doi:10.1109/t4e.2013.31
