status,title,authors,year,venue,doi,url,tags,abstract,provider,decision_source,llm_confidence,llm_review_outcome,llm_change_direction,paper_id
discarded,TeDri:Teacher-Driven Region Knowledge Distillation,Zherui Zhang; Changwei Wang; Rongtao Xu; Wenhao Xu; Xingtian Pei; Shibiao Xu; Wenbo Xu; Li Guo,2026,IEEE Transactions on Knowledge and Data Engineering,10.1109/TKDE.2026.3675551,https://ieeexplore.ieee.org/document/11450070/,off-topic-false-hit,"Knowledge distillation as a practical tool to enhance the performance of small-capacity student networks on downstream tasks comes at the cost of a lengthy distillation process due to the online inference of teacher networks, especially when there is a large capacity gap between them. Therefore, in this paper, we propose a fast distillation framework called TeDri based on region images by offline saving relevant regional information and its teacher guidance. Specifically, first, to alleviate the lack of diversity caused by the fixed augmentation path in region images, we propose Teacher-driven MixUp strategies with mild intensity and advocate binding the mixing factor $\lambda$λ with teacher guidance confidence, where more confident category representations dominate the MixUp process. Furthermore, recognizing the need to evaluate these randomly cropped regions, and we propose region contrastive learning, encourage the student network to mimic the region partitioning behavior of the teacher, promoting a comprehensive understanding of global semantic content from multiple local perspectives. Finally, we introduce region mutual learning, employing spatial constraints among regions to require the student network towards consistent content interpretation across localized regions. Experiments on CIFAR-100 and ImageNet-1 K validate the effectiveness of the proposed TeDri, achieving competitive performance while significantly reducing training time.",ieee,llm,1.000,unreviewed,,doi:10.1109/tkde.2026.3675551
discarded,Case Study: Design Strategies for Enabling Visual Application Blocks of Bluetooth Library,Tai-Liang Chen; I-An Su; Jenq-Kuen Lee,2022,IEEE Access,10.1109/ACCESS.2022.3175316,https://ieeexplore.ieee.org/document/9775105/,adjacent-subtopic,"Block-based tools can make it easier for beginners to learn programming by arranging blocks. Their block concept and extensible characteristics make block-based designs suitable for introductory programming. However, block-based tools are easy to use but difficult to extend to include the complicated applications of vendor libraries or domain-specific libraries. This paper proposes a solution to block design strategies that enable designers to redefine and design domain-specific libraries to generate visual application blocks. This research uses the Bluetooth library as a case study and constructs the BlocklyTooth integrated development environment (IDE) using the Google Blockly tool. A feasibility evaluation of this study produced the following findings: (1) for the strategies, the usability of the usability metric for user experience (UMUX) and the practicality of the customized theme received satisfactory responses; and (2) for the IDE, the usability of UMUX and the value implication of the customized theme received positive reviews. In addition, the experiment on resource impact revealed that the strategies are effective in improving resource utilization, in which the quantity of code is reduced by 70.2% and 89% in terms of the block count and lines of code, respectively, and the system memory is reduced by 51.8% in terms of the dynamic code size. The results indicate that the proposed solution can be a design reference guideline for block-based tools and can effectively abstract the complex Bluetooth library into blocks.",ieee,llm,0.840,unreviewed,,doi:10.1109/access.2022.3175316
discarded,MIND THE GENDER GAP: ENTREPRENEURIAL MINDSET AMONG SPORTS MANAGEMENT MASTER'S STUDENTS WITH ENTREPRENEURIAL EXPERIENCE,"Stefanica, Valentina; Ceylan, Halil Ibrahim; Tataru, Ana Maria; Dragos, Ovidiu; Man, Maria Cristina; Joksimovic, Marko; Badau, Dana; Cojanu, Florin; Mercea, Ionut-Traian; Hristache, Diana; Popescu, Corina; Groza, Gina Gogean",2026,REVISTA ROMANEASCA PENTRU EDUCATIE MULTIDIMENSIONALA,10.66388/rrem/18.2/33,https://www.webofscience.com/wos/woscc/full-record/WOS:001838117900007,off-topic-false-hit,"This study investigates gender differences in the entrepreneurial mindset (EM) amongsports management Master's students with prior entrepreneurial exposure. A total of 350 students participated by completing an adapted version of the Scale to Assess Social Entrepreneurship Competency. The instrument was validated through exploratory and confirmatory factor analyses, supporting a six-factor structure-Creativity and Innovation, Risk-taking, Strategic Leadership, Goal Orientation, Action-based Learning, and Ethical Responsibility-which explained 64.3% of the total variance (CFI = 0.93, TLI = 0.91, RMSEA = 0.048). Multivariate analysis of variance revealed significant gender differences (Wilks' Lambda = 0.84, F(6, 340) = 10.21, eta 2 = 0.15). Male students reported higher levels of Risk-taking, Strategic Leadership, and Goal Orientation, whereas no significant differences were found in Creativity and Innovation, Action-based Learning, or Ethical Responsibility. Regression analyses indicated that entrepreneurial background positively predicted Risk-taking and Strategic Leadership, while sports experience showed a marginal association with Goal Orientation. Gender emerged as the most consistent predictor across models. These findings underline persistent gender disparities in EM and emphasize the importance of gender-responsive educational strategies, including mentorship and experiential learning, to foster inclusive entrepreneurial development in higher education contexts.",wos,llm,1.000,unreviewed,,doi:10.66388/rrem/18.2/33
discarded,Developing Turkish-Sign-Language Self-Efficacy Scale for Learners based on various test theories,"Akmese, Pelin Pistav; Avsar, Asiye Sengul; Kayhan, Nilay; Ugurlu, Necla Isikdogan; Oral, Aysen Zeynep",2025,INTERNATIONAL JOURNAL OF ASSESSMENT TOOLS IN EDUCATION,10.21449/ijate.1582635,https://www.webofscience.com/wos/woscc/full-record/WOS:001649220600008,off-topic-false-hit,"Turkish-Sign-Language (TSL) is a natural visuospatial language that the Deaf and hard of hearing use to communicate both with each other and with hearing people. It is important to determine the self-efficacy of individuals learning TSL in order to enhance their effective use of the TSL when their learning process. In this study, we aimed to develop a scale that measures TSL self-efficacy for TSL learners and provide valid and reliable results with different test theories. The study was designed in a quantitative research design, and the participants consisted of 430 university students who were identified through a purposive sampling technique. Automated item selection procedure in the context of Mokken Homogeneity Model-one of the nonparametric item response theory models, and principal axis factoring, convergent and discriminant validity in the context of classical test theory were investigated to present evidence for construct validity. According to the analysis, a measurement tool consisting of 22 items and a three-factor structure was reached. The reliability coefficients of the scores were investigated via Cronbach's Alpha (alpha), Guttman's lambda 2 (lambda), latent class reliability coefficient (LCRC), composite reliability coefficients (CR), and McDonald's omega (omega). The reliability values obtained from these coefficients indicated that the scores obtained from the scale were reliable. As a result, the TSL-Self-Efficacy Scale for TSL learners, which provided valid and reliable results, was successfully developed.",wos,llm,1.000,unreviewed,,doi:10.21449/ijate.1582635
discarded,New automatic fluorescence monitoring system for insecticides in surface and groundwater. Applications to pyrethroids in the Niayes agricultural area of Senegal,"Ndiaye, Astou; Diouf, Nehou; Faye, Coumba; Sarr, Anta; Bakhoum, Jean-Pierre; Thiare, Diene Diegane; Sarr, Diegane; Coly, Atanasse; Giamarchi, Philippe",2026,SPECTROCHIMICA ACTA PART A-MOLECULAR AND BIOMOLECULAR SPECTROSCOPY,10.1016/j.saa.2025.126916,https://www.webofscience.com/wos/woscc/full-record/WOS:001577778000001,off-topic-false-hit,"In this paper, we present the design of a new automatic fluorescence monitoring system (AUTOFLUO) for real-time control of pesticide contamination in natural waters. This system was used to analyse two fluorescent pyrethroid insecticides, phenothrin (PHE) and permethrin (PER), currently used in the Niayes agricultural district in Senegal. The results were then compared with those obtained using the classical fluorescence method (FLUO). The analytical parameters (lambda ex, lambda em, and pH) were optimised. Phenothrin exhibits maximum excitation and emission wavelengths of 221 and 321 nm, respectively, whereas permethrin has these values at 210 and 297 nm. The optimum pH value was determined to be 7 for PHE and 8 for PER. The linearity of both the calibration and standard addition curves was validated through variance analysis. A Student's t-test demonstrated that the intercept values of the calibration curves were not significantly different from zero (p > 5 %). The limit of detection (LOD) ranges from 0.02 to 5.16 ng mL(-1), while the limit of quantification ranges from 0.07 to 17.18 ng mL(-1). Comparing these LOD values with those reported in the literature demonstrates the high sensitivity of the AUTOFLUO method. Both insecticides were analysed in spiked natural waters using the standard addition procedure. Satisfactory recovery rates were obtained by the FLUO (88.9 % to 97.6 %) and the AUTOFLUO (95.7 % to 102.8 %) methods. The low intraday and interday relative standard deviations (< 2 % and < 4 % respectively) attest to the repeatability and reproducibility of the measurements. The satisfactory tolerance limits of the interfering species validate the method's selectivity. These results demonstrate that the AUTOFLUO system is suitable for reliably monitoring pesticides in natural waters.",wos,llm,1.000,unreviewed,,doi:10.1016/j.saa.2025.126916
discarded,Introducing Molar Conductance at Infinite Dilution: A Basic Electrochemistry Experiment,"Mondal, Papun; Pal, Sanjoy Kumar; Panchadhyayee, Pradipta",2025,RESONANCE-JOURNAL OF SCIENCE EDUCATION,10.1007/s12045-025-1796-z,https://www.webofscience.com/wos/woscc/full-record/WOS:001493962300004,off-topic-false-hit,"This article presents a simple, low-cost method to determine the molar conductance of strong electrolytes at infinite dilution using a potato electrochemical cell (PEC). Usually, at the college level, the experiment involves sophisticated equipment to measure the molar conductance at various concentrations and determine the limiting molar conductance (Lambda m0) at infinite dilution. The results obtained using the PEC as a DC source in the current range of microamperes are close to the standard values, establishing the efficacy of this low-cost method, which can be introduced as an alternative method for college as well as senior secondary school students to verify the associated concept in a simple and easy manner.",wos,llm,1.000,unreviewed,,doi:10.1007/s12045-025-1796-z
discarded,Effects of blue light during and after exposure on auditory working memory,"Kim, Kyungshil; Yokosawa, Koichi; Okada, Ken; Onishi, Hayate; Tan, Yumiko; Lee, Sang-il",2025,JOURNAL OF PHYSIOLOGICAL ANTHROPOLOGY,10.1186/s40101-025-00395-6,https://www.webofscience.com/wos/woscc/full-record/WOS:001493720600001,off-topic-false-hit,"Introduction Exposure to short-wavelength light (i.e., blue light) has been shown to enhance cognitive function in humans. While most prior studies have focused on visuospatial working memory, the effects of blue light on auditory working memory, particularly tasks involving the phonological loop, remain underexplored. This study investigated both the during- and post-exposure effects of blue light on auditory memory performance. Methods Fifteen healthy university students (13 males, 2 females; 21.47 +/- 1.06 years old) participated in a randomized crossover design. Each participant was exposed to three lighting conditions for approximately 20-min: blue (lambda(max) = 476 nm, illuminance = 21.84 lx, 13.8 log photons/s-1.cm-2, melanopic EDI = 169.68 lx), amber (lambda(max) = 580 nm, illuminance = 61.65 lx, 13.5 log photons/s-1.cm-2, melanopic EDI = 2.87 lx) and dim light (baseline; illuminance < 5.00 lx). Each session was separated by a one-week washout period. To mitigate order effects, the sequence of light conditions was randomized across participants. The modified version of the Sternberg working memory task was performed during light exposure and after a 10-min break (i.e., During- vs Post-exposure phase). The accuracy, reaction time, subject anxiety and subject sleepiness were measured. Results In the post-exposure phase, blue light significantly improved accuracy compared to amber (p < 0.01, d = 0.66) and dim light (p < 0.01, d = 0.67). No significant differences were observed during exposure or in reaction time across three light conditions. Anxiety levels were significantly higher during blue light exposure (vs. amber: p = 0.013, d = 0.96; vs. dim: p = 0.027, d = 0.83), while sleepiness remained unchanged. Conclusions Blue light exposure may enhance auditory working memory accuracy with a delayed effect, independent of vigilance or processing speed. While these findings are promising, the observed effects are preliminary and require validation in larger and more diverse populations.",wos,llm,1.000,unreviewed,,doi:10.1186/s40101-025-00395-6
discarded,Green Supplier Evaluation and Selection Based on Bi-Directional Shapley Choquet Integral in Interval Intuitive Fuzzy Environment,"Zhou, Wenkun; Gu, Yitao",2025,SUSTAINABILITY,10.3390/su17073136,https://www.webofscience.com/wos/woscc/full-record/WOS:001465752000001,off-topic-false-hit,"The evaluation and selection of green suppliers is an important way for enterprises to maintain sustainable development and help them reduce costs and increase efficiency. This paper proposes a multi-criteria decision-making (MCDM) model in an interval intuitive fuzzy environment. This model uses interval-valued intuitive uncertainty language number (IVIULN) to describe expert evaluation of qualitative indices. Expert weights are determined through expert social networks, and an improved aggregation operator is proposed to aggregate the evaluation information. The proposed operator can ensure the stability of the results even in the case of extreme values. Subsequently, considering a large number of mutually related indices, a novel teaching-learning-based optimization (NTLBO) algorithm is used to identify the value of lambda-fuzzy measures. This algorithm improves the teaching stage and proposes the idea of teaching students in accordance with their aptitude, introduces precision parameters, and adds a self-study stage. It has been verified by numerical examples that it is far superior to commonly used heuristic algorithms in terms of algorithm accuracy and run time. Finally, the alternatives are ranked by bi-direction Shapley-Choquet integral. The model's effectiveness is demonstrated through a case study. This paper also examines the impact of key parameters on the results through sensitivity analysis.",wos,llm,1.000,unreviewed,,doi:10.3390/su17073136
discarded,"Symmetry, Asymmetry and Studentized Statistics","Brilhante, Maria de Fatima; Pestana, Dinis; Rocha, Maria Luisa",2024,SYMMETRY-BASEL,10.3390/sym16101297,https://www.webofscience.com/wos/woscc/full-record/WOS:001343039200001,off-topic-false-hit,"Inferences on the location parameter lambda in location-scale families can be carried out using Studentized statistics, i.e., considering estimators lambda of lambda and delta of the nuisance scale parameter delta, in a statistic T=g(lambda,delta) with a sampling distribution that does not depend on (lambda,delta). If both estimators are independent, then T is an externally Studentized statistic; otherwise, it is an internally Studentized statistic. For the Gaussian and for the exponential location-scale families, there are externally Studentized statistics with sampling distributions that are easy to obtain: in the Gaussian case, Student's classic t statistic, since the sample mean lambda=X<overline> and the sample standard deviation delta=S are independent; in the exponential case, the sample minimum lambda=X1:n and the sample range delta=Xn:n-X1:n, where the latter is a dispersion estimator, which are independent due to the independence of spacings. However, obtaining the exact distribution of Student's statistic in non-Gaussian populations is hard, but the consequences of assuming symmetry for the parent distribution to obtain approximations allow us to determine if Student's statistic is conservative or liberal. Moreover, examples of external and internal Studentizations in the asymmetric exponential population are given, and an ANalysis Of Spacings (ANOSp) similar to an ANOVA in Gaussian populations is also presented.",wos,llm,1.000,unreviewed,,doi:10.3390/sym16101297
discarded,Development of a green synchronous spectrofluorimetric technique for simultaneous determination of Montelukast sodium and Bilastine in pharmaceutical formulations,"Derayea, Sayed M.; El-Din, Khalid M. Badr; Ahmed, Ahmed S.; Khorshed, Ahmed A.; Oraby, Mohamed",2024,BMC CHEMISTRY,10.1186/s13065-024-01116-3,https://www.webofscience.com/wos/woscc/full-record/WOS:001148031600001,off-topic-false-hit,"For the treatment of rhinitis and asthma, a combination of Montelukast sodium and Bilastine has just been approved. Based on the first derivative of synchronous fluorescence, the current work developed a green, highly accurate, sensitive, and selective spectroscopic approach for estimating Montelukast sodium and Bilastine in pharmaceutical dosage form without previous separation. The selected technique focuses on measuring the synchronized fluorescence of the studied medications at a fixed wavelength range (Delta lambda) = 110 nm, and using the amplitude of the first derivative's peak at 381 and 324 nm, for quantitative estimation of Montelukast sodium and Bilastine, respectively. The impacts of different factors on the referred drugs' synchronized fluorescence intensity were investigated and adjusted. The calibration plots for were found to be linear over concentration ranges of 50-2000 ng mL-1 for Montelukast sodium and 50-1000 ng mL-1 for Bilastine. Montelukast sodium and Bilastine have LODs of 16.5 and 10.9 ng mL-1, respectively. In addition, LOQs were: 49.9 and 33.0 ng mL-1, for both drugs, respectively. The developed method was successfully employed to quantify the two drugs in synthetic tablets mixture and in laboratory prepared mixtures containing varied Montelukast and Bilastine ratios. To compare the results with the published analytical approach, a variance ratio F-test and a student t-test were used, which revealed no significant differences.",wos,llm,1.000,unreviewed,,doi:10.1186/s13065-024-01116-3
discarded,Shame-less education a reading of Alcibiades I (119a-135e),"Ortiz, Eduardo Salcedo",2023,PRAXIS & SABER,10.19053/22160159.v14.n37.2023.15484,https://www.webofscience.com/wos/woscc/full-record/WOS:001047675300001,off-topic-false-hit,"The present article aims to think of shame as a condition of the possibility of education. For this purpose, it is based on sections 119a-135e of Plato's Alcibiades I Dialogue. Thus, shame is oriented in two directions: the first in its broad and affirmative sense, the second in a specific and negative sense. In any case, we do not intend to sustain the idea that shame or shame-lessness by itself is the natural and efficient cause of education, since this would imply an annulment of the work of the educator and the student. On the contrary, we seek to rescue the work of the educator in the face of the situation presented to him. We will proceed, first, to frame the terms education and shame, specifying what the former implies in the context of the referred dialogue. Secondly, we will present three ways in which shame can be confronted in order to promote education: the use of the ?o??s (thinking), the act of looking, and the acceptance of God. Finally, we will show the conclusions obtained through this approach that ought to be problematic.",wos,llm,1.000,unreviewed,,doi:10.19053/22160159.v14.n37.2023.15484
discarded,Comparative application of derivative spectrophotometric and HPLC techniques for the simultaneous determination of lamivudine and tenofovir disoproxil fumarate in fixed-dose combined drugs,"Vaikosen, Edebi N.; Bunu, Samuel J.; Oraeluno, Jude N.; Friday, David",2023,FUTURE JOURNAL OF PHARMACEUTICAL SCIENCES,10.1186/s43094-023-00471-7,https://www.webofscience.com/wos/woscc/full-record/WOS:000954292200001,off-topic-false-hit,"Background Lamivudine (LAM) and tenofovir disoproxil fumarate (TDF) are part of a fixed-dose combination (FDC) therapy recommended by WHO. Both drugs exhibit similar solubility in many solvent systems and tend to have overlapping spectra with maxima at 260 and 270 nm, respectively, in the UV spectrum-thus making their spectrophotometric assay difficult in FDCs. A third-order derivative (D-3, d(3)A/d lambda(3)) spectrophotometric technique was applied to simultaneously evaluate TDF and LAM in FDC drugs, with amplitudes at 240 and 262.5 nm, respectively. Pharmacopoeia-recommended chromatographic method was also applied for comparative purpose.

