status,title,authors,year,venue,doi,url,tags,abstract,provider,decision_source,llm_confidence,llm_review_outcome,llm_change_direction,paper_id
discarded,T-NGA: Temporal Network Grafting Algorithm for Learning to Process Spiking Audio Sensor Events,Shu Wang; Yuhuang Hu; Shih-Chii Liu,2022,"ICASSP 2022 - 2022 IEEE International Conference on Acoustics, Speech and Signal Processing (ICASSP)",10.1109/ICASSP43922.2022.9747093,https://ieeexplore.ieee.org/document/9747093/,off-topic-false-hit,"Spiking silicon cochlea sensors encode sound as an asynchronous stream of spikes from different frequency channels. The lack of labeled training datasets for spiking cochleas makes it difficult to train deep neural networks on the outputs of these sensors. This work proposes a self-supervised method called Temporal Network Grafting Algorithm (T-NGA), which grafts a recurrent network pretrained on spectrogram features so that the network works with the cochlea event features. T-NGA training requires only temporally aligned audio spectrograms and event features. Our experiments show that the accuracy of the grafted network was similar to the accuracy of a supervised network trained from scratch on a speech recognition task using events from a software spiking cochlea model. Despite the circuit non-idealities of the spiking silicon cochlea, the grafted network accuracy on the silicon cochlea spike recordings was only about 5% lower than the supervised network accuracy using the N-TIDIGITS18 dataset. T-NGA can train networks to process spiking audio sensor events in the absence of large labeled spike datasets.",ieee,llm,1.000,unreviewed,,doi:10.1109/icassp43922.2022.9747093
discarded,Performance of the ALICE Zero Degree Calorimeters in Pb-Pb collisions at LHC,C. Oppedisano,2011,2011 IEEE Nuclear Science Symposium Conference Record,10.1109/NSSMIC.2011.6154418,https://ieeexplore.ieee.org/document/6154418/,off-topic-false-hit,"ALICE is the dedicated heavy-ion experiment at the LHC collider. The ALICE Zero Degree Calorimeters have been designed to measure the centrality and to monitor the LHC beam luminosity in A-A collisions. The ZDC system is made of two identical sets of forward hadronic calorimeters placed on both sides relative to the Interaction Point and it is complemented by two small electromagnetic calorimeters. In this paper the performance of these detectors in 2010 Pb-Pb data taking is discussed, focusing on the centrality determination and on the event selection capabilities of the ZDCs. Finally, the first measurement of cross sections for electromagnetic dissociation of Pb nuclei at √SNN = 2.76 TeV with neutron emission is presented.",ieee,llm,1.000,unreviewed,,doi:10.1109/nssmic.2011.6154418
discarded,An Error Location and Correction Method for Memory Based on Data Similarity Analysis,Cuiping Shao; Huiyun Li; Jiayan Fang; Qihua Deng,2019,IEEE Transactions on Very Large Scale Integration (VLSI) Systems,10.1109/TVLSI.2019.2920755,https://ieeexplore.ieee.org/document/8789481/,off-topic-false-hit,"The nanoscale CMOS technology has encountered severe reliability issues, especially in the on-chip memory. As the technology nodes keep shrinking, single-event upsets (SEUs) may encounter more frequent multiple-bit upsets (MBUs) per particle strike. The commonly used memory error correction methods, such as the single-error correction-double-error detection (SEC-DED) code, are no longer feasible. While the counterparts for multiple error correction codes (MECs) yield too costly overhead on delay and data redundancy, especially for MBUs in a word or a character, even with all bits upset, the error correcting ability of the existing error correcting methods is exceeded. In this paper, we introduce a novel block-based error detection and correction method for memory by analyzing the similarity of data. This method of error location and correction can cope with both single-word error (SWE) and multiple-word error (MWE), no matter how many corrupted bits of each word there are. Experimental results on the test system based on SRAM demonstrate that the proposed method can correct single-word-single-bit (SWSB), single-word-multiple-bit (SWMB), multiple-word-single-bit (MWSB), and multiple-word-multiple-bit (MWMB) errors. The proposed method based on block level greatly improved the correction ability with low redundancy, low decoding delay, and moderate complexity versus other homogeneous byte-level or bit-level protection methods. In particular, the detection and correction efficiency is more evident when the data size increases.",ieee,llm,1.000,unreviewed,,doi:10.1109/tvlsi.2019.2920755
discarded,Testing of concurrent programs after specification changes,In Sang Chung; Hyeon Soo Kim; Hyun Seop Bae; Yong Rae Kwon; Dong Gil Lee,1999,Proceedings IEEE International Conference on Software Maintenance - 1999 (ICSM'99). 'Software Maintenance for Business Change' (Cat. No.99CB36360),10.1109/ICSM.1999.792609,https://ieeexplore.ieee.org/document/792609/,off-topic-false-hit,"This paper describes a specification-based regression testing technique that can be applied for revalidating concurrent programs after specification changes. This kind of regression testing technique requires sequencing constraints which specify the precedence relations among synchronization events. In our method, the sequencing constraints are extracted automatically from Message Sequence Charts (MSCs) that are considered to be partial and nondeterministic specifications. We show how to identify the sequencing constraints affected by the modifications of a specification rather than creating new sequencing constraints from scratch to reduce the cost of regression testing. We also describe how to determine whether the affected sequencing constraints are satisfied by the program being tested.",ieee,llm,0.990,unreviewed,,doi:10.1109/icsm.1999.792609
discarded,"Deterministic Document Exchange Protocols, and Almost Optimal Binary Codes for Edit Errors",Kuan Cheng; Zhengzhong Jin; Xin Li; Ke Wu,2018,2018 IEEE 59th Annual Symposium on Foundations of Computer Science (FOCS),10.1109/FOCS.2018.00028,https://ieeexplore.ieee.org/document/8555106/,off-topic-false-hit,"We study two basic problems regarding edit errors (insertions and deletions). The first one is document exchange, where two parties Alice and Bob hold two strings x and y with a bounded edit distance k. The goal is to have Alice send a short sketch to Bob, so that Bob can recover x based on y and the sketch. The second one is the fundamental problem of designing error correcting codes for edit errors, where the goal is to construct an explicit code to transmit a message x through a channel that can add at most k worst case insertions and deletions, so that the original message x can be successfully recovered at the other end of the channel. Both problems have been extensively studied for decades, and in this paper we focus on deterministic document exchange protocols and binary codes for insertions and deletions (insdel codes). If the length of x is n, then it is known that for small k (e.g., k ≤ n/4), in both problems the optimal sketch size or the optimal number of redundant bits is Θ(k log n/k). In particular, this implies the existence of binary codes that can correct ε fraction of insertions and deletions with rate 1-Θ(ε log (1/ε). However, known constructions are far from achieving these bounds. In this paper we significantly improve previous results on both problems. For document exchange, we give an efficient deterministic protocol with sketch size O(k log2 n/k). This significantly improves the previous best known deterministic protocol, which has sketch size O(k2 + k log2 n) [2]. For binary insdel codes, we obtain the following results: 1) An explicit binary insdel code which encodes an n-bit message x against k errors with redundancy O(k log2 n/k). In particular this implies an explicit family of binary insdel codes that can correct ε fraction of insertions and deletions with rate 1-O(ε log2 1/(1-ε))=1-Õ(ε). This significantly improves the previous best known result which only achieves rate 1-Õ(√ε) [11], [10], and is optimal up to a log (1/ε) factor. 1) An explicit binary insdel code which encodes an n-bit message x against k errors with redundancy O(k log n). This significantly improves the previous best known result of [4], which only works for constant k and has redundancy O(k2 log k log n); and that of [2], which has redundancy O(k2 + k log2 n). Our code has optimal redundancy for k ≤ n1-α, any constant 0 <; α <; 1. This is the first explicit construction of binary insdel codes that has optimal redundancy for a wide range of error parameters k, and this brings our understanding of binary insdel codes much closer to that of standard binary error correcting codes. In obtaining our results we introduce several new techniques. Most notably, we introduce the notion of ε-self matching hash functions and ε-synchronization hash functions. We believe our techniques can have further applications in the literature.",ieee,llm,1.000,unreviewed,,doi:10.1109/focs.2018.00028
discarded,Fault tolerant Block Based Neural Networks,Sai sri Krishna Haridass; David H. K. Hoe,2010,2010 42nd Southeastern Symposium on System Theory (SSST),10.1109/SSST.2010.5442804,https://ieeexplore.ieee.org/document/5442804/,off-topic-false-hit,"Block Based Neural Networks (BBNNs) have shown to be a practical means for implementing evolvable hardware on reconfigurable fabrics for solving a variety of problems that take advantage of the massive parallelism offered by a neural network approach. This paper proposes a method for obtaining a fault tolerant implementation of BBNNs by using a biologically inspired layered design. At the lowest level, each block has its own online detection and correcting logic combined with sufficient spare components to ensure recovery from permanent and transient errors. Another layer of hierarchy combines the blocks into clusters, where a redundant column of blocks can be used to replace blocks that cannot be repaired at the lowest level. The hierarchical approach is well-suited to a divide-and-conquer approach to genetic programming whereby complex problems are subdivided into smaller parts. The overall approach can be implemented on a reconfigurable fabric.",ieee,llm,1.000,unreviewed,,doi:10.1109/ssst.2010.5442804
discarded,A Survey of Saga Frameworks for Distributed Transactions in Event-driven Microservices,Krishna Mohan Koyya; B Muthukumar,2022,"2022 Third International Conference on Smart Technologies in Computing, Electrical and Electronics (ICSTCEE)",10.1109/ICSTCEE56972.2022.10099533,https://ieeexplore.ieee.org/document/10099533/,off-topic-false-hit,"Event-driven microservices use events for inter-service communication. Such an asynchronous communication model preempts distributed monoliths and allows microservices to scale well and evolve autonomously. Typically, a message broker is employed to carry the events across the participating microservices. However, it is impractical for the event-driven microservices to accomplish the distributed transactions using traditional 2-phase commits. Hence, the microservice architecture advises implementing a distributed transaction as a saga of local transactions. Though a saga does not offer the automaticity and consistency of a traditional transaction, it indeed offers eventual consistency. The saga takes the form of either orchestration or choreography depending on the number of microservices that intend to collaborate. Sagas are used across various business domains such as e-commerce, banking, social media, logistics, etc. However, saga-based transactions require careful design of the individual microservices to take care of their interactions and error handling. It is even more tedious to implement Sagas in event-driven microservices because of the asynchronous nature of the interactions. Thus, it is always suggested to use a well-tested framework for implementing the sagas instead of building them from scratch. This paper surveys some of the available frameworks for saga implementation across three popular platforms namely Java, Python, and NodeJS. This survey finds the need for a vendor-agnostic abstraction for separating the transaction layer from the business layer.",ieee,llm,0.990,unreviewed,,doi:10.1109/icstcee56972.2022.10099533
discarded,A block-based parallel decoding architecture for convolutional codes,Chengyi Su; Yu Zhang; Changyong Pan; Xiaofeng Wan,2010,2010 5th International ICST Conference on Communications and Networking in China,,https://ieeexplore.ieee.org/document/5684636/,off-topic-false-hit,"This paper delivers a block-based parallel convolutional decoding architecture in which several Viterbi decoders work concurrently to decode consecutive code blocks. Each code block contains a preamble and a postamble which are duplicate data from neighbor blocks. Preamble and postamble are beneficial to the continuity and correctness of decoding output. Simulation results demonstrate that this architecture has a negligible coding-gain loss, compared with the conventional Viterbi decoder. An FPGA implementation of this architecture achieves a throughput up to 1.2 Gbps.",ieee,llm,1.000,unreviewed,,hash:36903664a01dfb5e
discarded,Event-Triggered Model Predictive Control With a Statistical Learning,Jaehyun Yoo; Karl H. Johansson,2021,"IEEE Transactions on Systems, Man, and Cybernetics: Systems",10.1109/TSMC.2019.2916626,https://ieeexplore.ieee.org/document/8727412/,off-topic-false-hit,"The event-triggered model predictive control (MPC) reduces energy consumption for updating control sequences while maintaining the originality of the MPC, which copes with hard constraints on dynamical systems. In the presence of large uncertainties, however, the standard event-triggered MPC may generate too frequent event occurrences. To compensate for unknown uncertainties, this paper applies a statistical learning to event-triggered MPC. The stability and the feasibility of the proposed control system are analyzed in regard to the statistical learning influences, such as the number of training samples, model complexity, and learning parameters. Accordingly, the event-triggering policy is established to guarantee the stability. We evaluate the proposed algorithm for the tracking problem of a nonholonomic model perturbed by uncertainties. In comparison with the standard event-triggered control scheme, the simulation results of the proposed method show better tracking performance with less frequent event triggers.",ieee,llm,1.000,unreviewed,,doi:10.1109/tsmc.2019.2916626
discarded,MICE: Monitoring high-level events in cloud environments,Gabriel-Cosmin Apostol; Florin Pop,2016,2016 IEEE 11th International Symposium on Applied Computational Intelligence and Informatics (SACI),10.1109/SACI.2016.7507405,https://ieeexplore.ieee.org/document/7507405/,off-topic-false-hit,"The concept of Cloud Computing illustrates a convenient model employed by many companies in order to facilitate quick access to a group of easy-to-setup computing resources. With businesses depending on the availability of the acquired resources, Service Level Agreements (SLA) guarantees a certain degree of quality in terms of availability, performance and cost. To design a reliable monitoring framework from scratch, a certain amount of knowledge is required on various system parameters. Our solution, the MICE Project, was designed to offer a performance overview of the high-level events occurring in a regular browsing session and also providing a logging framework regarding browsing behaviors, interests, habits and time expenditures. MICE was primarily targeted for Google Chrome users, and can be deployed on any operating system, offering an interface for displaying stored events to administrators and clients, with respect towards privacy and confidentiality. This software implementation can be used in different areas of interest, in order to further enhance available data, or to provide the building blocks of the next-generation of distributed search engines.",ieee,llm,0.980,unreviewed,,doi:10.1109/saci.2016.7507405
discarded,Error concealment techniques for H.263 video transmission,D. Kwon; P. Driessen,1999,"1999 IEEE Pacific Rim Conference on Communications, Computers and Signal Processing (PACRIM 1999). Conference Proceedings (Cat. No.99CH36368)",10.1109/PACRIM.1999.799530,https://ieeexplore.ieee.org/document/799530/,off-topic-false-hit,"Error resilient video transmission over such unreliable channels as wireless and Internet has became an important research issue especially with the increasing interests in mobile multimedia communication over the next generation wideband networks. Error detection and concealment techniques, which are applicable to such block-based motion estimation video coders as H.263 and MPEG, are proposed. An error concealment scheme by post-processing to hide visual artifacts and residual errors is utilized at the decoder. Those techniques recovering the damaged areas based on characteristics of image and video signals are implemented using both spatial interpolation and temporal motion estimation. Based on the international standard H.263, experimental results including video transmission characteristics over noisy channels are presented for a bit rate of 9.6kbps and QCIF resolution. It is shown that the proposed error concealment technique by post-processing enhances the decoder performance in terms of the reconstructed image quality represented by PSNR and doesn't require sacrifice of system overhead.",ieee,llm,1.000,unreviewed,,doi:10.1109/pacrim.1999.799530
discarded,Model-based Testing of Scratch Programs,Katharina Götz; Patric Feldmeier; Gordon Fraser,2022,"2022 IEEE Conference on Software Testing, Verification and Validation (ICST)",10.1109/ICST53961.2022.00047,https://ieeexplore.ieee.org/document/9787900/,adjacent-subtopic,"Learners are often introduced to programming via dedicated languages such as SCRATCH, where block-based commands are assembled visually in order to control the interactions of graphical sprites. Automated testing of such programs is an important prerequisite for supporting debugging, providing hints, or assessing learning outcomes. However, writing tests for SCRATCH programs can be challenging: The game-like and randomised nature of typical SCRATCH programs makes it difficult to identify specific timed input sequences used to control the programs. Furthermore, precise test assertions to check the resulting program states are incompatible with the fundamental principle of creative freedom in programming in SCRATCH, where correct program behaviour may be implemented with deviations in the graphical appearance or timing of the program. The event-driven and actor-oriented nature of SCRATCH programs, however, makes them a natural fit for describing program behaviour using finite state machines. In this paper, we introduce a model-based testing approach by extending WHISKER, an automated testing framework for SCRATCH programs. The model-based extension describes expected program behaviour in terms of state machines, which makes it feasible to check the abstract behaviour of a program independent of exact timing and pixel-precise graphical details, and to automatically derive test inputs testing even challenging programs. A video demonstrating model-based testing with WHISKER is available at the following URL: https://youtu.be/edgCNbGSGEY",ieee,llm,0.860,unreviewed,,doi:10.1109/icst53961.2022.00047
discarded,Readout board validation setup for the ALICE Time Of Flight detector upgrade,D. Falchieri; P. Antonioli; C. Baldanza; M. Giacalone; A. Mati,2019,2019 IEEE Nuclear Science Symposium and Medical Imaging Conference (NSS/MIC),10.1109/NSS/MIC42101.2019.9059832,https://ieeexplore.ieee.org/document/9059832/,off-topic-false-hit,"The new Digital Readout Module, named DRM2, designed for the upgrade of the readout of the ALICE TOF detector at CERN, has been produced and is ready to face the commissioning stage. It is a narrow 9U VME card (16 cm x 33 cm) with the goal to read out the TDC (Time to Digital Converter) chips on 9 or 10 VME boards, named TRMs (TDC Readout Module). A test setup for the DRM2 production card validation was designed and built, to check and validate the correct behavior of the produced boards. The test setup and related validation results will be described in detail in this paper.",ieee,llm,1.000,unreviewed,,doi:10.1109/nss/mic42101.2019.9059832
