status,title,authors,year,venue,doi,url,tags,abstract,provider,decision_source,llm_confidence,llm_review_outcome,llm_change_direction,paper_id
discarded,Multiconcerns circuit component diagram apply to improve on software development: Empirical study of house bookkeeping mobile software,M. Rukhiran,2021,Journal of Current Science and Technology,10.14456/jcst.2021.25,https://www.scopus.com/inward/record.uri?partnerID=HzOxMe3b&scp=85107770954&origin=inward,adjacent-subtopic,,scopus,llm,0.860,unreviewed,,doi:10.14456/jcst.2021.25
discarded,Towards a Hybrid Approach to Build Aspect-Oriented Programs,S. Bentrad,2020,Iaeng International Journal of Computer Science,,https://www.scopus.com/inward/record.uri?partnerID=HzOxMe3b&scp=85102406385&origin=inward,adjacent-subtopic,,scopus,llm,0.970,unreviewed,,hash:2a2f6966bd0e4cee
discarded,Aimes: Advanced computation and i/o methods for earth-system simulations,J. Kunkel,2020,Lecture Notes in Computational Science and Engineering,10.1007/978-3-030-47956-5_5,https://www.scopus.com/inward/record.uri?partnerID=HzOxMe3b&scp=85089613309&origin=inward,off-topic-false-hit,,scopus,llm,0.980,unreviewed,,doi:10.1007/978-3-030-47956-5_5
discarded,DDT: An IDE for an aspect oriented software development platform,F. Alvarez,2016,Advances in Intelligent Systems and Computing,10.1007/978-3-319-31232-3_71,https://www.scopus.com/inward/record.uri?partnerID=HzOxMe3b&scp=84961613789&origin=inward,adjacent-subtopic,,scopus,llm,0.970,unreviewed,,doi:10.1007/978-3-319-31232-3_71
discarded,AJMU: An aspect-oriented framework for evaluating the usability of WIMP applications,S. Casas,2016,Journal of Software Engineering,10.3923/jse.2016.1.15,https://www.scopus.com/inward/record.uri?partnerID=HzOxMe3b&scp=84960903078&origin=inward,adjacent-subtopic,,scopus,llm,0.820,unreviewed,,doi:10.3923/jse.2016.1.15
discarded,Static weaving in aspect oriented business process management,A. Jalali,2015,Lecture Notes in Computer Science Including Subseries Lecture Notes in Artificial Intelligence and Lecture Notes in Bioinformatics,10.1007/978-3-319-25264-3_41,https://www.scopus.com/inward/record.uri?partnerID=HzOxMe3b&scp=84951783962&origin=inward,adjacent-subtopic,,scopus,llm,0.970,unreviewed,,doi:10.1007/978-3-319-25264-3_41
kept,Evaluation of separated concerns in web-based delivery of user interfaces,T. Cerny,2015,Lecture Notes in Electrical Engineering,10.1007/978-3-662-46578-3_111,https://www.scopus.com/inward/record.uri?partnerID=HzOxMe3b&scp=84923206971&origin=inward,supports-claim,,scopus,llm,0.760,unreviewed,,doi:10.1007/978-3-662-46578-3_111
discarded,Crosscutting concern domain library listing composition for early aspect discovery,H. Subramaniam,2014,International Journal of Software Engineering and Its Applications,10.14257/ijseia.2014.8.8.09,https://www.scopus.com/inward/record.uri?partnerID=HzOxMe3b&scp=84906850850&origin=inward,adjacent-subtopic,,scopus,llm,0.970,unreviewed,,doi:10.14257/ijseia.2014.8.8.09
discarded,Aspect-oriented requirements engineering with problem frames,S. Faßbender,2014,Icsoft Pt 2014 Proceedings of the 9th International Conference on Software Paradigm Trends,10.5220/0005001801450156,https://www.scopus.com/inward/record.uri?partnerID=HzOxMe3b&scp=84908887331&origin=inward,adjacent-subtopic,,scopus,llm,0.970,unreviewed,,doi:10.5220/0005001801450156
discarded,Aspect Oriented simulation: A case study with the JAPROSIM framework,M. Chibani,2013,Modelling and Simulation 2013 European Simulation and Modelling Conference Esm 2013,,https://www.scopus.com/inward/record.uri?partnerID=HzOxMe3b&scp=84898406927&origin=inward,off-topic-false-hit,,scopus,llm,0.940,unreviewed,,hash:853c76fef5d9a9f6
discarded,An event-driven approach for the separation of concerns,H. Makabee,2012,Enase 2012 Proceedings of the 7th International Conference on Evaluation of Novel Approaches to Software Engineering,,https://www.scopus.com/inward/record.uri?partnerID=HzOxMe3b&scp=84880264818&origin=inward,adjacent-subtopic,,scopus,llm,0.830,unreviewed,,hash:8b4b0b8539a6d045
discarded,The DSAW aspect-oriented software development platform,F. Ortin,2011,International Journal of Software Engineering and Knowledge Engineering,10.1142/S0218194011005554,https://www.scopus.com/inward/record.uri?partnerID=HzOxMe3b&scp=84856104101&origin=inward,adjacent-subtopic,,scopus,llm,0.970,unreviewed,,doi:10.1142/s0218194011005554
discarded,Application of FOP and AOP methodologies in concert for developing insurance software using eclipse-based open source environment,A. Sharma,2011,Communications in Computer and Information Science,10.1007/978-3-642-22709-7_58,https://www.scopus.com/inward/record.uri?partnerID=HzOxMe3b&scp=80051576416&origin=inward,adjacent-subtopic,,scopus,llm,0.960,unreviewed,,doi:10.1007/978-3-642-22709-7_58
discarded,Representing join point in UML using pointcuts,K. Muley,2010,2010 International Conference on Computer and Communication Technology Iccct 2010,10.1109/ICCCT.2010.5640470,https://www.scopus.com/inward/record.uri?partnerID=HzOxMe3b&scp=78650582910&origin=inward,adjacent-subtopic,,scopus,llm,0.970,unreviewed,,doi:10.1109/iccct.2010.5640470
discarded,Data flow based testing of aspect oriented programs: A survey,Z. Zaman,2009,International Conference on Software Engineering Theory and Practice 2009 Setp 2009,,https://www.scopus.com/inward/record.uri?partnerID=HzOxMe3b&scp=84878214500&origin=inward,adjacent-subtopic,,scopus,llm,0.970,unreviewed,,hash:3aa52ce7e3896837
discarded,Cooperative aspect-oriented programming,K. Hoffman,2009,Science of Computer Programming,10.1016/j.scico.2009.01.003,https://www.scopus.com/inward/record.uri?partnerID=HzOxMe3b&scp=62549113385&origin=inward,adjacent-subtopic,,scopus,llm,0.960,unreviewed,,doi:10.1016/j.scico.2009.01.003
discarded,UML extensions for aspect oriented software development,F. Losavio,2009,Journal of Object Technology,10.5381/jot.2009.8.5.a1,https://www.scopus.com/inward/record.uri?partnerID=HzOxMe3b&scp=70349381624&origin=inward,adjacent-subtopic,,scopus,llm,0.970,unreviewed,,doi:10.5381/jot.2009.8.5.a1
discarded,CrossMDA: A model-driven approach for aspect management,M.P. Alves,2008,Journal of Universal Computer Science,,https://www.scopus.com/inward/record.uri?partnerID=HzOxMe3b&scp=45949111333&origin=inward,adjacent-subtopic,,scopus,llm,0.970,unreviewed,,hash:97f273116d09e72e
discarded,Models and aspects - Handling crosscutting concerns in MDSD,A. Jackson,2008,Lecture Notes in Computer Science Including Subseries Lecture Notes in Artificial Intelligence and Lecture Notes in Bioinformatics,10.1007/978-3-540-78195-0_7,https://www.scopus.com/inward/record.uri?partnerID=HzOxMe3b&scp=45449112160&origin=inward,adjacent-subtopic,,scopus,llm,0.970,unreviewed,,doi:10.1007/978-3-540-78195-0_7
discarded,Extending the rapide ADL to specify aspect-oriented software architectures,K. Palma,2006,Proceedings of the ISCA 15th International Conference on Software Engineering and Data Engineering Sede 2006,,https://www.scopus.com/inward/record.uri?partnerID=HzOxMe3b&scp=34547440996&origin=inward,adjacent-subtopic,,scopus,llm,0.970,unreviewed,,hash:ec42bd2083151649
discarded,Exceptions and aspects: The devil is in the details,F. Castor Filho,2006,Proceedings of the ACM SIGSOFT Symposium on the Foundations of Software Engineering,10.1145/1181775.1181794,https://www.scopus.com/inward/record.uri?partnerID=HzOxMe3b&scp=34547376602&origin=inward,adjacent-subtopic,,scopus,llm,0.960,unreviewed,,doi:10.1145/1181775.1181794
discarded,Combinatorial model and aspect-oriented extension of architecture description language,J. Zhang,2005,Itre 2005 3rd International Conference on Information Technology Research and Education Proceedings,10.1109/ITRE.2005.1503123,https://www.scopus.com/inward/record.uri?partnerID=HzOxMe3b&scp=33745683740&origin=inward,adjacent-subtopic,,scopus,llm,0.970,unreviewed,,doi:10.1109/itre.2005.1503123
discarded,Interactive framework and its supported environment between component and aspect,Z. Yang,2005,Iti 3rd International Conference on Information and Communications Technology Icict 2005 Enabling Technologies for the New Knowledge Society,10.1109/ITICT.2005.1609666,https://www.scopus.com/inward/record.uri?partnerID=HzOxMe3b&scp=33847731890&origin=inward,adjacent-subtopic,,scopus,llm,0.960,unreviewed,,doi:10.1109/itict.2005.1609666
discarded,Combinatorial semantic constraint and its framework between component and aspect,J. Zhang,2005,Proceedings of the 11th Joint International Computer Conference Jicc 2005,10.1142/9789812701534_0172,https://www.scopus.com/inward/record.uri?partnerID=HzOxMe3b&scp=84903556258&origin=inward,adjacent-subtopic,,scopus,llm,0.960,unreviewed,,doi:10.1142/9789812701534_0172
discarded,Multimedia synchronization based on aspect oriented programming,A. Furfaro,2004,Microprocessors and Microsystems,10.1016/S0141-9331(03)00089-9,https://www.scopus.com/inward/record.uri?partnerID=HzOxMe3b&scp=0348157181&origin=inward,adjacent-subtopic,,scopus,llm,0.980,unreviewed,,doi:10.1016/s0141-9331(03)00089-9
discarded,Aspect-oriented implementation method: Progressive or non-progressive approach?,S. Soares,2003,Proceedings of the Conference on Object Oriented Programming Systems Languages and Applications OOPSLA,10.1145/949344.949384,https://www.scopus.com/inward/record.uri?partnerID=HzOxMe3b&scp=49749113457&origin=inward,adjacent-subtopic,,scopus,llm,0.960,unreviewed,,doi:10.1145/949344.949384
discarded,"3rd International Conference on Metalevel Architectures and Separation of Crosscutting Concerns, REFLECTION 2001",,2001,Lecture Notes in Computer Science Including Subseries Lecture Notes in Artificial Intelligence and Lecture Notes in Bioinformatics,,https://www.scopus.com/inward/record.uri?partnerID=HzOxMe3b&scp=84947226526&origin=inward,adjacent-subtopic,,scopus,llm,0.950,unreviewed,,hash:ddaee0939dbfc1bc
discarded,On the Impact of Aspectual Decompositions on Design Stability: An Empirical Study,Phil Greenwood; Thiago Tonelli Bartolomei; Eduardo Figueiredo; Marcos Dósea; Alessandro Garcia; Nélio Cacho; Cláudio Sant’Anna; Sérgio Soares; Paulo Henrique Monteiro Borba; Uirá Kulesza; Awais Rashid,2007,Lecture notes in computer science,10.1007/978-3-540-73589-2_9,https://openalex.org/W4249690862,adjacent-subtopic,,openalex,llm,0.950,unreviewed,,doi:10.1007/978-3-540-73589-2_9
kept,N degrees of separation,Peri L. Tarr; Harold L. Ossher; William Harrison; Stanley M. Sutton,1999,,10.1145/302405.302457,https://openalex.org/W1991604845,adjacent-subtopic; supports-claim; etablering,"Done well, separation of concerns can provide many software engineering benefits, including reduced complexity, improved reusability, and simpler evolution.The choice of boundaries for separate concerns depends on both requirements on the system and on the kind(s) of decompositionand composition a given formalism supports.The predominant methodologies and formalisms available, however, support only orthogonal separations of concerns, along sdngle dimensions of composition and decomposition.These characteristics lead to a number of well-known and difficult problems.This paper describes a new paradigm for modeling and implementing software artifacts, one that permits separation of overlapping concerns along multiple dimensions of composition and decomposition.This approach addresses numerous problems throughout the software lifecycle in achieving wellengineered, evolvable, flexible software artifacts and traceability across artifacts.",openalex,llm_reviewed,0.920,changed,discarded->kept,doi:10.1145/302405.302457
discarded,An evaluation of clone detection techniques for identifying crosscutting concerns,Magiel Bruntink; Arie van Deursen; Tom Tourwé; Remco van Engelen,2004,,10.1109/icsm.2004.1357804,https://openalex.org/W1515127274,adjacent-subtopic,"Code implementing a crosscutting concern is often spread over many different parts of an application. Identifying such code automatically greatly improves both the maintainability and the evolvability of the application. First of all, it allows a developer to more easily find the places in the code that must be changed when the concern changes, and thus makes such changes less time consuming and less prone to errors. Second, it allows a developer to refactor the code, so that it uses modern and more advanced abstraction mechanisms, thereby restoring its modularity. We evaluate the suitability of clone detection as a technique for the identification of crosscutting concerns. To that end, we manually identify four specific concerns in an industrial C application, and analyze to what extent clone detection is capable of finding these concerns. We consider our results as a stepping stone toward an automated ""concern miner"" based on clone detection.",openalex,llm,0.970,unreviewed,,doi:10.1109/icsm.2004.1357804
discarded,Identifying Crosscutting Concerns Using Fan-In Analysis,Marius Marin; Arie van Deursen; Leon Moonen,2007,ACM Transactions on Software Engineering and Methodology,10.1145/1314493.1314496,https://openalex.org/W1522553799,adjacent-subtopic,"Aspect mining is a reverse engineering process that aims at finding crosscutting concerns in existing systems. This article proposes an aspect mining approach based on determining methods that are called from many different places, and hence have a high fan-in , which can be seen as a symptom of crosscutting functionality. The approach is semiautomatic, and consists of three steps: metric calculation, method filtering, and call site analysis. Carrying out these steps is an interactive process supported by an Eclipse plug-in called FINT. Fan-in analysis has been applied to three open source Java systems, totaling around 200,000 lines of code. The most interesting concerns identified are discussed in detail, which includes several concerns not previously discussed in the aspect-oriented literature. The results show that a significant number of crosscutting concerns can be recognized using fan-in analysis, and each of the three steps can be supported by tools.",openalex,llm,0.970,unreviewed,,doi:10.1145/1314493.1314496
discarded,ImageJ2: ImageJ for the next generation of scientific image data,Curtis Rueden; Johannes Schindelin; Mark Hiner; Barry E. DeZonia; Alison Walter; Ellen T. Arena; Kevin W. Eliceiri,2017,BMC Bioinformatics,10.1186/s12859-017-1934-z,https://openalex.org/W2580035316,adjacent-subtopic,"BACKGROUND: ImageJ is an image analysis program extensively used in the biological sciences and beyond. Due to its ease of use, recordable macro language, and extensible plug-in architecture, ImageJ enjoys contributions from non-programmers, amateur programmers, and professional developers alike. Enabling such a diversity of contributors has resulted in a large community that spans the biological and physical sciences. However, a rapidly growing user base, diverging plugin suites, and technical limitations have revealed a clear need for a concerted software engineering effort to support emerging imaging paradigms, to ensure the software's ability to handle the requirements of modern science. RESULTS: We rewrote the entire ImageJ codebase, engineering a redesigned plugin mechanism intended to facilitate extensibility at every level, with the goal of creating a more powerful tool that continues to serve the existing community while addressing a wider range of scientific requirements. This next-generation ImageJ, called ""ImageJ2"" in places where the distinction matters, provides a host of new functionality. It separates concerns, fully decoupling the data model from the user interface. It emphasizes integration with external applications to maximize interoperability. Its robust new plugin framework allows everything from image formats, to scripting languages, to visualization to be extended by the community. The redesigned data model supports arbitrarily large, N-dimensional datasets, which are increasingly common in modern image acquisition. Despite the scope of these changes, backwards compatibility is maintained such that this new functionality can be seamlessly integrated with the classic ImageJ interface, allowing users and developers to migrate to these new methods at their own pace. CONCLUSIONS: Scientific imaging benefits from open-source programs that advance new method development and deployment to a diverse audience. ImageJ has continuously evolved with this idea in mind; however, new and emerging scientific requirements have posed corresponding challenges for ImageJ's development. The described improvements provide a framework engineered for flexibility, intended to support these requirements as well as accommodate future needs. Future efforts will focus on implementing new algorithms in this framework and expanding collaborations with other popular scientific software suites.",openalex,llm,0.830,unreviewed,,doi:10.1186/s12859-017-1934-z
discarded,An Integrated System to Manage Crosscutting Concerns in Source Code,Ana María Pérez Marín,2008,"Centrum Wiskunde & Informatica (CWI), the national research institute for mathematics and computer science in the Netherlands",,https://openalex.org/W2126475006,adjacent-subtopic,"Evolution of software systems accounts for the largest part of their lifecycle and costs. Software engineers therefore, more often than developing new systems, work on complex, existing ones that they have to understand in order to modify them. Understanding such systems requires insight into the various concerns the systems implement, many of which have to be inferred from source code. Particularly challenging for software comprehension, and consequently, software evolution, are those concerns said to be crosscutting: implementation of such concerns lacks modularity and results in scattered and tangled code. The research presented in this thesis proposes an integrated approach to consistent comprehension, identification, documentation, and migration of crosscutting concerns in existing systems. This work is aimed at helping software engineers to more easily understand and manage such concerns in source code. As a final step of our approach, we also experiment with the refactoring of crosscutting concerns to aspect-oriented programming and reflect on the support provided by this new programming technique for improving modularization of concerns.",openalex,llm,0.970,unreviewed,,hash:3e4ecee827d4dbaf
discarded,Identifying aspects using fan-in analysis,Marius Marin; Arie van Deursen; Leon Moonen,2005,,10.1109/wcre.2004.23,https://openalex.org/W2136531538,adjacent-subtopic,"The issues of code scattering and tangling, thus of achieving a better modularity for a system's concerns, are addressed by the paradigm of aspect orientation. Aspect mining is a reverse engineering process that aims at finding crosscutting concerns in existing systems. This work describes a technique based on determining methods that are called from many different places (and hence have a high fan-in) to identify candidate aspects in a number of open-source Java systems. The most interesting aspects identified are discussed in detail, which includes several concerns not previously discussed in the aspect-oriented literature. The results show that a significant number of aspects can be recognized using fan-in analysis, and that the technique is suitable for a high degree of automation.",openalex,llm,0.980,unreviewed,,doi:10.1109/wcre.2004.23
discarded,Virtual Separation of Concerns - A Second Chance for Preprocessors.,Sven Apel; Christian Kästner,2009,The Journal of Object Technology,10.5381/jot.2009.8.6.c5,https://openalex.org/W2121771606,adjacent-subtopic,"Conditional compilation with preprocessors like cpp is a simple but effective means to implement variability.By annotating code fragments with #ifdef and #endif directives, different program variants with or without these fragments can be created, which can be used (among others) to implement software product lines.Although, preprocessors are frequently used in practice, they are often criticized for their negative effect on code quality and maintainability.In contrast to modularized implementations, for example using components or aspects, preprocessors neglect separation of concerns, are prone to introduce subtle errors, can entirely obfuscate the source code, and limit reuse.Our aim is to rehabilitate the preprocessor by showing how simple tool support can address these problems and emulate some benefits of modularized implementations.At the same time we emphasize unique benefits of preprocessors, like simplicity and language independence.Although we do not have a definitive answer on how to implement variability, we want highlight opportunities to improve preprocessors and encourage research toward novel preprocessor-based approaches.1 Historically, cpp has been designed for meta-programming.Of its three capabilities, file inclusion (#include), macros (#define), and conditional compilation (#ifdef ), we focus only on conditional compilation, which is routinely used to implement variability.There are many preprocessors that provide similar facilities.For example, for Java ME, the preprocessors Antenna (http://antenna.sf.net) is often used; the developers of Java's Swing library developed their own preprocessor Munge (http://weblogs.java.net/blog/tball/archive/munge/doc/Munge. html); the languages Fortran and Erlang have their own preprocessors; some browsers support conditional compilation in JavaScript; and conditional compilation is a language feature in C#, Visual Basic, D, PL/SQL, Adobe Flex, and others.",openalex,llm,0.980,unreviewed,,doi:10.5381/jot.2009.8.6.c5
