status,title,authors,year,venue,doi,url,tags,abstract,provider,decision_source,llm_confidence,llm_review_outcome,llm_change_direction,paper_id
discarded,The Virtual Simulation System of Numerical Control Machining,Shuang Sun; Lufeng Luo; Guoqin Li; Xiangjun Zou; Jingfeng Yang,2008,"2008 International Workshop on Modelling, Simulation and Optimization",10.1109/WMSO.2008.71,https://ieeexplore.ieee.org/document/4757014/,off-topic-false-hit,"Due to the problems such as high cost and high risk of equipment which were commonly found in current NC training and machining area, with the development of virtual reality and computer software technology, a feasible programme of virtual NC machining simulation system which based Open Inventor was brought forward. This paper expounded the software and hardware platforms of virtual NC machining simulation system and its architecture framework firstly. Then focused on the research on virtual scene mapping and model optimization, NC code compiler process, the simulation of moving behavior, and proposed the common programming model of an event handling. Finally, An initial prototype system was realized in Visual C++2003.",ieee,llm,0.980,unreviewed,,doi:10.1109/wmso.2008.71
discarded,An explainable machine learning framework for real-time flood occurrence prediction across flood-Prone River Basins of India,"Karmakar, Sougata",2026,WATER PRACTICE AND TECHNOLOGY,10.2166/wpt.2026.322,https://www.webofscience.com/wos/woscc/full-record/WOS:001792168000001,off-topic-false-hit,"A four-panel graphical abstract illustrating an explainable AI-based framework for real-time flood prediction in India. The first panel presents multi-source geospatial data collection from NASA POWER API and SMAP soil moisture datasets, including rainfall, temperature, humidity, and soil moisture records from 33 monitoring stations across 10 flood-prone states of India between 2017 and 2024. The second panel shows physics-informed feature engineering using 52 hydrologically meaningful variables such as SCS-CN Curve Number, Topographic Wetness Index (TWI), and SMAP soil moisture, with SMOTE balancing applied for rare flood-event handling. The third panel demonstrates an XGBoost machine learning model combined with SHAP explainability analysis, highlighting monsoon seasonality, monsoon rainfall, antecedent soil moisture, and soil-monsoon interaction as key contributors to flood prediction, achieving ROC-AUC=0.9623, recall=74.2%, and MCC=0.5095. The final panel illustrates deployment of a near-real-time NDMA-aligned 4-tier alert dashboard providing Extreme, High, Moderate, and Low flood-risk alerts for 33 stations with total prediction latency under two minutes per daily cycle. India experiences devastating floods annually during the June-September Southwest Monsoon, affecting over 40 million people and causing economic losses exceeding Indian Rupee25,000 crore. Existing hydraulic models require dense instrumentation unavailable across most flood-prone sub-districts. This study presents a physics-informed machine learning framework employing eXtreme Gradient Boosting (XGBoost) with 52 hydrologically grounded features encoding Soil Conservation Service Curve Number (SCS-CN) antecedent moisture conditions, Topographic Wetness Index (TWI), and Synthetic Minority Over-sampling Technique (SMOTE)-balanced training across 96,426 daily observations from 33 stations in 10 states (2017-2024). Optuna-tuned hyperparameters yield a test receiver operating characteristic area under the curve (ROC-AUC) of 0.9623, F1-score of 0.4878, Matthews Correlation Coefficient (MCC) of 0.5095, precision of 36.3%, false alarm ratio (FAR) of 0.637 at the operational threshold, balanced accuracy of 0.8612, PR-AUC of 0.4264, and Brier score of 0.0118, and 74.2% flood event recall on completely unseen 2023-2024 data. SHapley Additive exPlanations (SHAP) analysis confirms peak-monsoon seasonality and antecedent soil moisture as dominant risk drivers, physically consistent with the SCS-CN runoff equation. The framework is deployed as a near-real-time web interface with daily NASA POWER API ingestion providing four-tier National Disaster Management Authority (NDMA)-aligned risk alerts for District Disaster Management Authorities across India.",wos,llm,1.000,unreviewed,,doi:10.2166/wpt.2026.322
discarded,Challenges and Opportunities in Creating an Accessible Web Application for Learning Organic Chemistry,"Yu, Allyson",2022,"PROCEEDINGS OF THE 24TH INTERNATIONAL ACM SIGACCESS CONFERENCE ON COMPUTERS AND ACCESSIBILITY, ASSETS 2022",10.1145/3517428.3563284,https://www.webofscience.com/wos/woscc/full-record/WOS:001146369800087,off-topic-false-hit,"While students with disabilities demonstrate high interest in STEM during the transition from high school to college, their representation in STEM decreases throughout postsecondary education and into the workforce [13]. Organic chemistry, in particular, is a uniquely useful case study for exploring technological accessibility in STEM education due to its heavy reliance on highly visual components such as two- and three-dimensional representations of molecular structures. In addition, many university STEM programs recognize organic chemistry's rigorous perception as a ""weed-out"" course [4]. After a thorough search, no organic chemistry educational website has addressed level AA accessibility, and therefore, none have met the Web Content Accessibility Guidelines (WCAG 2.0). In this study, we investigated student's preferences on accessibility features while learning organic chemistry. We then explored ""webORA,"" a web-based application that allows the user to interact with a 3D molecular animation with subtitles that describe the reaction progression. We also evaluated the beta version of webORA by conducting user testing with users of multiple skill-levels. Lastly, we performed a manual accessibility audit of webORA.",wos,llm,0.980,unreviewed,,doi:10.1145/3517428.3563284
discarded,Applying cooperative learning with role division to learn recursion,"Zhuang, YungYu; Chen, Hong-Wei; Wang, Jen-Hang; Chen, Gwo-Dong",2023,"31ST INTERNATIONAL CONFERENCE ON COMPUTERS IN EDUCATION, ICCE 2023, VOL II",,https://www.webofscience.com/wos/woscc/full-record/WOS:001191920400096,adjacent-subtopic,"Nowadays, most programming languages support multiple programming paradigms, enabling the choices between them for different application scenarios and even using them together, for example, object-oriented programming for system modeling, event-driven programming for graphical user interface, and functional programming for wrapping actions. However, learning different programming paradigms is quite difficult, especially when they are given as a whole. Recursion is a typical example since it originated in functional programming but was also included in most structured programming languages. As Dijkstra pointed out, learners who are familiar with structured programming tend to think about the control flow of recursion and get confused by how the recursion can be implemented. To address this issue, we developed a methodology along with system software to help novices think of recursive solutions from the definition rather than the implementation.",wos,llm,0.930,unreviewed,,hash:32dbf90da18ef21d
discarded,Fine-Grained In-Context Permission Classification for Android Apps using Control-Flow Graph Embedding,"Malviya, Vikas K.; Tun, Yan Naing; Leow, Chee Wei; Xynyn, Ailys Tee; Shar, Lwin Khin; Jiang, Lingxiao",2023,"2023 38TH IEEE/ACM INTERNATIONAL CONFERENCE ON AUTOMATED SOFTWARE ENGINEERING, ASE",10.1109/ASE56229.2023.00056,https://www.webofscience.com/wos/woscc/full-record/WOS:001103357200098,adjacent-subtopic,"Android is the most popular operating system for mobile devices nowadays. Permissions are a very important part of Android security architecture. Apps frequently need the users' permission, but many of them only ask for it once-when the user uses the app for the first time-and then they keep and abuse the given permissions. Longing to enhance Android permission security and users' private data protection is the driving factor behind our approach to explore fine-grained context-sensitive permission usage analysis and thereby identify misuses in Android apps. In this work, we propose an approach for classifying the fine-grained permission uses for each functionality of Android apps that a user interacts with. Our approach, named DROIDGEM, relies on mainly three technical components to provide an in-context classification for permission (mis)uses by Android apps for each functionality triggered by users: (1) static inter-procedural control-flow graphs and call graphs representing each functionality in an app that may be triggered by users' or systems' events through UI-linked event handlers, (2) graph embedding techniques converting graph structures into numerical encoding, and (3) supervised machine learning models classifying (mis)uses of permissions based on the embedding. We have implemented a prototype of DROIDGEM and evaluated it on 89 diverse apps. The results show that DROIDGEM can accurately classify whether permission used by the functionality of an app triggered by a UI-linked event handler is a misuse in relation to manually verified decisions, with up to 95% precision and recall. We believe that such a permission classification mechanism can be helpful in providing fine-grained permission notices in a context related to app users' actions, and improving their awareness of (mis)uses of permissions and private data in Android apps.",wos,llm,0.990,unreviewed,,doi:10.1109/ase56229.2023.00056
discarded,Short- and Medium-Term Electricity Consumption Forecasting Using Prophet and GRU,"Son, Namrye; Shin, Yoonjeong",2023,SUSTAINABILITY,10.3390/su152215860,https://www.webofscience.com/wos/woscc/full-record/WOS:001118135300001,off-topic-false-hit,"Electricity consumption forecasting plays a crucial role in improving energy efficiency, ensuring stable power supply, reducing energy costs, optimizing facility management, and promoting environmental conservation. Accurate predictions help optimize energy system operations, reduce energy wastage, cut costs, and decrease carbon emissions. Consequently, the research on electricity consumption forecasting algorithms is thriving. However, to overcome challenges like data imbalances, data quality issues, seasonal variations, and event handling, recent forecasting models employ various approaches, including probability and statistics, machine learning, and deep learning. This study proposes a short- and medium-term electricity consumption prediction algorithm by combining the GRU model suitable for long-term forecasting and the Prophet model suitable for seasonality and event handling. (1) The preprocessed data propose the Prophet model in the first step for seasonality and event handling prediction. (2) In the second step, seven multivariate data are experimented with using GRU. Specifically, the seven multivariate data consist of six meteorological data and the residuals between the predicted data from the proposed Prophet model in Step 1 and the observed data. These are utilized to predict electricity consumption at 15 min intervals. (3) Electricity consumption is predicted for short-term (2 days and 7 days) and medium-term (15 days and 30 days) scenarios. The proposed approach outperforms both the Prophet and GRU models, reducing prediction errors and offering valuable insights into electricity consumption patterns.",wos,llm,1.000,unreviewed,,doi:10.3390/su152215860
discarded,ARK: GPU-driven Code Execution for Distributed Deep Learning,"Hwang, Changho; Park, KyoungSoo; Shu, Ran; Qu, Xinyuan; Cheng, Peng; Xiong, Yongqiang",2023,"PROCEEDINGS OF THE 20TH USENIX SYMPOSIUM ON NETWORKED SYSTEMS DESIGN AND IMPLEMENTATION, NSDI 2023",,https://www.webofscience.com/wos/woscc/full-record/WOS:001066630000006,off-topic-false-hit,"Modern state-of-the-art deep learning (DL) applications tend to scale out to a large number of parallel GPUs. Unfortunately, we observe that the collective communication overhead across GPUs is often the key limiting factor of performance for distributed DL. It under-utilizes the networking bandwidth by frequent transfers of small data chunks, which also incurs a substantial I/O overhead on GPU that interferes with computation on GPU. The root cause lies in the inefficiency of CPU-based communication event handling as well as the inability to control the GPU's internal DMA engine with GPU threads.

To address the problem, we propose a GPU-driven code execution system that leverages a GPU-controlled hardware DMA engine for I/O offloading. Our custom DMA engine pipelines multiple DMA requests to support efficient small data transfer while it eliminates the I/O overhead on GPU cores. Unlike existing GPU DMA engines initiated only by CPU, we let GPU threads directly control DMA operations, which leads to a highly efficient system where GPUs drive their own execution flow and handle communication events autonomously without CPU intervention. Our prototype DMA engine achieves a line-rate from a message size as small as 8KB (3.9x better throughput) with only 4.3 mu s of communication latency (9.1x faster) while it incurs little interference with computation on GPU, achieving 1.8x higher all-reduce throughput in a real training workload.",wos,llm,0.990,unreviewed,,hash:b42bcb9542372bb3
discarded,An Open Platform Microcontroller-Based Laser Refractometer,"Myers, David L.; Hill, Marc; Baughman, Brooke; Smith, Eugene T.",2023,JOURNAL OF CHEMICAL EDUCATION,10.1021/acs.jchemed.2c00685,https://www.webofscience.com/wos/woscc/full-record/WOS:000953742500001,adjacent-subtopic,"This exercise encompassed the construction and use of a microcontroller-based laser refractometer. The instrument, which does not require a high skill level to build, primarily consisted of a line laser, optical sensor, several 3-D printed parts and printed circuit boards, and a microcontroller development board. Construction and testing of the device occurred in upper division analytical chemistry courses, either quantitative analysis or instrumental methods, and data analysis of real-world samples took place in the general chemistry laboratory. Open-source software was used to (a) communicate between a laptop and microcontroller and (b) record data in real-time directly to an Excel spreadsheet utilizing visual Basic for applications (VBA) an event driven programming language that is part of Microsoft Office applications. In addition to collecting the data, general chemistry students used Excel to generate a calibration curve and determine the concentration of ethylene glycol in an antifreeze sample. Student engagement was assessed using a Likert-type survey, and the results were analyzed using statistical methods. Laboratory reports and a postlab quiz were used to assess student learning outcomes.",wos,llm,0.940,unreviewed,,doi:10.1021/acs.jchemed.2c00685
discarded,Babel: A Framework for Developing Performant and Dependable Distributed Protocols,"Fouto, Pedro; Costa, Pedro Akos; Preguica, Nuno; Leitao, Joao",2022,2022 41ST INTERNATIONAL SYMPOSIUM ON RELIABLE DISTRIBUTED SYSTEMS (SRDS 2022),10.1109/SRDS55811.2022.00022,https://www.webofscience.com/wos/woscc/full-record/WOS:000920405900012,adjacent-subtopic,"Prototyping and implementing distributed algorithms, particularly those that address challenges related with fault-tolerance and dependability, is a time consuming task. This is, in part, due to the need of addressing low level aspects such as management of communication channels, controlling timeouts or periodic tasks, and dealing with concurrency issues. This has a significant impact for researchers that want to build prototypes for conducting experimental evaluation; practitioners that want to compare different design alternatives/solutions; and even for practical teaching activities on distributed algorithms courses. In this paper we present Babel, a novel framework to develop, implement, and execute distributed protocols and systems. Babel promotes an event driven programming and execution model that simplifies the task of translating typical specifications or descriptions of algorithms into performant prototypes, while allowing the programmer to focus on the relevant challenges of these algorithms by transparently handling time consuming low level aspects. Furthermore, Babel provides, and allows the definition of, networking components that can capture different network capabilities (e.g., P2P, Client/Server, (sic)-accrual Failure Detector), making the code mostly independent from the underlying communication aspects. Babel was built to be generic and can be used to implement a wide variety of different classes of distributed protocols. We conduct our experimental work with two relevant case studies, a Peer-to-Peer application and a State Machine Replication application, that show the generality and ease of use of Babel and present competitive performance when compared with significantly more complex implementations.",wos,llm,0.900,unreviewed,,doi:10.1109/srds55811.2022.00022
discarded,Ant and Bear Dance for Dokweebah: Using a Skokomish Story to Engage Middle School Students in Event-Driven Programming,"Chipps, Joseph; Fasy, Brittany Terese; Hancock, Stacey A.; McCoy, Bradley",2023,"PROCEEDINGS OF THE ACM CONFERENCE ON GLOBAL COMPUTING EDUCATION, COMPED 2023, VOL. 1",10.1145/3576882.3617920,https://www.webofscience.com/wos/woscc/full-record/WOS:001763601100009,"qualifies-claim; adjacent-subtopic; tool or course description, no finding on learning event-driven programming or functions as values","Learning computer science (CS) is important for careers of tomorrow. Informal CS opportunities, however, are often limited by a student's socioeconomic disposition, location, ethnicity, gender, and ability. In Montana, these limitations are exemplified in rural communities where a dedicated CS teacher is not available. In order to make informal CS opportunities more equitable, we developed culturally responsive outreach modules for students across Montana by using storytelling as a basis of inquiry. In this paper, we present an outreach module based on the Skokomish story of How Daylight Came to Be. In this story, the two main characters-Ant and Bear-each dance for Dokweebah (the Changer). Students animate these dances using event-driven programming in the drag-and-drop programming environment Alice. While creating their dances, students construct knowledge of targeted CS concepts and make design decisions based on the context of the story. This outreach module reframes the context and activity of computing in an effort to transform the way in which students see themselves as potential future computer scientists, and democratize computing as a means of telling stories. By using Brayboy's Tribal Critical Race Theory as a theoretical framework for the development of the outreach program, we introduce computing from a lens of American Indian ways of knowing, culture, and power. To demonstrate the effectiveness of this unit in this exploratory study, we describe students' responses to the outreach programs in terms of perceptions of CS and perceptions of Alice as a culturally relevant programming tool.",wos,llm_reviewed,0.930,changed,kept->discarded,doi:10.1145/3576882.3617920
discarded,MUNDOFUZZ: Hypervisor Fuzzing with Statistical Coverage Testing and Grammar Inference,"Myung, Cheolwoo; Lee, Gwangmu; Lee, Byoungyoung",2022,PROCEEDINGS OF THE 31ST USENIX SECURITY SYMPOSIUM,,https://www.webofscience.com/wos/woscc/full-record/WOS:000855237501037,off-topic-false-hit,"A hypervisor is system software, managing and running virtual machines. Since the hypervisor is placed at the lowest-level in the typical systems software stack, it has critical security implications. Once compromised, the entire software components running on top of the hypervisor (including all guest virtual machines and applications running within each guest virtual machine) are compromised as well, as the hypervisor has all the privileges to access those.

This paper proposes MUNDOFUZZ, a hypervisor fuzzer to enable both coverage-guided and grammar-aware fuzzing. We find that the coverage measurement in hypervisors suffers from noises due to the hypervisor's asynchronous system event handling. In order to filter out such noises, MUNDOFUZZ develops a statistical differential coverage measurement methods, allowing MUNDOFUZZ to capture the clean coverage information for hypervisor inputs. Moreover, we observe that hypervisor inputs have complex input grammars because it supports many different devices and each device has its own input format. Thus, MUNDOFUZZ learns the input grammar through inspecting the coverage characteristics of the given hypervisor input, which is based on the idea that the hypervisor behaves in a different way if the grammatically correct (or incorrect) input is given. We evaluated MUNDOFUZZ with popular hypervisors, QEMU and Bhyve, and MUNDOFUZZ outperformed other state-of-the-art hypervisor fuzzers ranging from 4.91% to 6.60% in terms of coverage. More importantly, MUNDOFUZZ identified 40 previously unknown bugs (including 9 CVEs), demonstrating its strong practical effectiveness in finding real-world hypervisor vulnerabilities.",wos,llm,0.990,unreviewed,,hash:85f08a0c1c6c317d
