status,title,authors,year,venue,doi,url,tags,abstract,provider,decision_source,llm_confidence,llm_review_outcome,llm_change_direction,paper_id
kept,Design abstractions for innovative web applications,"Ceri, Stefano",2007,"Data Management: Data, Data Everywhere, Proceedings",,https://www.webofscience.com/wos/woscc/full-record/WOS:000247868000001,supports-claim,"Web Modelling Language (WebML) [1-2] was defined, about 8 years ago, as a conceptual model for data-intensive Web applications. Early deployment technologies were very unstable and immature; as a reaction, WebML was thought as a high level, implementation-independent conceptual model, and the associated design support environment, called WebRatio [7], has always been platform-independent, so as to adapt to frequent technological changes. WebML is based upon orthogonal separation of concerns: content, interface logics, and presentation logics are defined as separate components. The main innovation in WebML comes from the interface logics, that enables the computation of Web pages made up of logical components (units) interconnected by logical links (i.e., not only the units but also the links have a formal semantics); the computation is associated with powerful defaults so as to associate to simple diagrams all the required semantics for a full deployment, through code generators. While the Web has gone through waves of innovation, new application sectors have developed, and revolutionary concepts - such as enabling the interaction of software artefacts rather than only humans - are opening up. While the foundations of the WebML model and method are still the same, the pragmatics of its interpretation and use has dramatically changed through the last years [3-6]. A retrospective consideration of our work shows that we have addressed every new challenge by using a common approach, which indeed has become evident to us during the course of time, and now is well understood and consolidated. For every new research directions, we had to address four different kinds of extensions, respectively addressing the development process, the content model, the hypertext meta-model, and the tool framework.

Extensions of the development process capture the new steps of the design that are needed to address the new functionalities, providing as well the methodological guidelines and best practices for helping designers.

Extensions of the content model capture state information associated with providing the new functionalities, in the format of standard model, e.g. a collection of entities and relationship that is common to all applications; this standard model is intertwined with the application model, so as to enable a unified use of all available content.

Extension of the hypertext meta-model capture the new abstractions that are required for addressing the new functionalities within the design of WebML specifications, through new kinds of units and links which constitute a functionality-specific ""library"", which adds to the ""previous"" ones.

Extensions of the tool framework introduce new tools in order to extend those modelling capability falling outside of standard WebRatio components (content, interface logics, presentation logics), or to empower users with new interfaces and wizards to express the semantics of new units and links in terms of existing ones, or to provide direct execution support for new units and links (e.g. invoking a web service).

In this talk, I first illustrate the common approach to innovation, and then show such approach at work in two contexts. One of them, dealing with ""Service-Oriented Architectures"" (SOA), has reached a mature state; the other one, ""Semantic Web Services"" (SWS), is at its infancy, but promises to deliver very interesting results in the forthcoming years.",wos,llm,0.780,unreviewed,,hash:b316157488539f21
discarded,XIS-UML profile for eXtreme modelling interactive systems,"da Silva, Alberto Rodrigues; Saraiva, Joao; Silva, Rui; Martins, Carlos",2007,"Fourth International Workshop on Model-Based Methodologies for Pervasive and Embedded Software, Proceedings",,https://www.webofscience.com/wos/woscc/full-record/WOS:000246104700006,adjacent-subtopic,"The first version of the MS profile addressed the development of interactive systems by defining models oriented only towards how the system should perform tasks. However, issues such as user-interface layouts, or the capture of interaction patterns, were not addressed by the profile, but only by the source-code generation process. This originated systems that, although functional, were considered by end-users as ""difficult to use"".

In this paper we present the second version of the MS UML profile, which is now a crucial component of the ProjectIT research project.

This profile follows the ""separation of concerns"" principle by proposing an integrated set of views that address the various issues detected with the previous version of GS. In addition, this profile also promotes the usage of extreme modeling, by relying on the extensive use of model-to-model transformation templates that are defined to accelerate the model development tasks.",wos,llm,0.840,unreviewed,,hash:78627ba176cfc679
discarded,Applying Enterprise Application Architectures in Integrated Modelling,"Knapen, M. J. R.; Verweij, P. J. F. M.; Wien, J. J. F.",2007,MODSIM 2007: INTERNATIONAL CONGRESS ON MODELLING AND SIMULATION,,https://www.webofscience.com/wos/woscc/full-record/WOS:000290030700118,adjacent-subtopic,"Software systems that support integrated policy assessment need to work with models from different domains and provide a framework to link these models together. They need to store model results, intermediate and raw data, and have one or more user interfaces for input and presentation. Such software can be built with an inside-out focus, emphasising the model linking, but also from an outside-in perspective. Here the features and technical development is primarily driven by usability and business requirements.

The inside-out view can very well satisfy the needs of the modellers and framework builders involved, but might not be enough for all other requirements of the many stakeholders in an integrated assessment, and in the project at a larger scale.

Thus the outside-in view must also be considered for the software to be successful. Looking from this perspective the software system is similar in basic functionality to other data intensive enterprise applications and common architectures and design patterns could be used for its construction.

[GRAPHICS]

Enterprise applications (e.g. used for banking or insurance) typically have an architecture that separates functionality into 5 distinct layers (Figure 1). This includes a persistence layer for storage of domain object state, the domain layer for the domain model and domain logic, a services layer that controls transactions and contains the business logic, an application layer for use-case workflows, syntactic validation and interaction with the services layer and finally a presentation layer for the user interfaces. Following such separation of concerns, helped by some well known design patterns like data transfer objects, service layer, command pattern and CRUD (a pattern that organizes the persistence operations into Create, Read, Update and Retrieve operations that are implemented by a persistence layer) will improve the maintainability, possibilities for re-use and systems interoperability.

In this paper the software architecture of the SENSOR and SEAMLESS 6(th) framework EU projects will be used as case studies to illustrate the use of the layered architecture and the mentioned design patterns. Both these projects deal with environmental integrated assessments and include the construction of a decision support software system. They will illustrate the increased importance of the outside-in perspective and following standard software engineering practices to improve the interoperability and possibilities for re-use of components of the systems build.",wos,llm,0.740,unreviewed,,hash:e5570b4302a5942e
discarded,An architecture for automated QoS resolution in wireless systems,"Bordbar, B; Anane, R",2005,"AINA 2005: 19TH INTERNATIONAL CONFERENCE ON ADVANCED INFORMATION NETWORKING AND APPLICATIONS, VOL 2",,https://www.webofscience.com/wos/woscc/full-record/WOS:000229285400156,off-topic-false-hit,"The pervasive nature of mobile and wireless systems has led to increased concerns over Quality of Service (QoS). In the prevailing models for QoS management, QoS resolution is achieved by table look-up, a feature that makes table access the focal point of activity. This approach suffers from two limitations, namely, an inability to deal with unexpected QoS requests, and a reliance on human intervention for update of information. This paper is concerned with the presentation of an architecture for supporting automated QoS resolution through verification. The architecture is modular and the QoS resolution function is performed by a subsidiary component, which combines knowledge base with resolution mechanism. This separation of concerns and the support for flexible QoS management has the advantage of accommodating new forms of QoS requests, and of minimising human intervention. An implementation of the QoS resolution architecture is presented in terms of Timed Automata. In addition, a framework is also introduced for extending QoS architectures such as ITSUMO.",wos,llm,0.990,unreviewed,,hash:a2ccec90201b7b12
discarded,Enterprise Design Fundamentals: Settling an Enterprise Business and Devising the Enterprise Organisation,J.L.G. Dietz,2025,Enterprise Engineering Series,10.1007/978-3-031-83262-8,https://www.scopus.com/inward/record.uri?partnerID=HzOxMe3b&scp=105008458368&origin=inward,off-topic-false-hit,,scopus,llm,0.960,unreviewed,,doi:10.1007/978-3-031-83262-8
discarded,A domain-specific language for structure manipulation in constraint system-based GUIs,K.A. Stokke,2023,Journal of Computer Languages,10.1016/j.cola.2022.101175,https://www.scopus.com/inward/record.uri?partnerID=HzOxMe3b&scp=85143504956&origin=inward,adjacent-subtopic,,scopus,llm,0.830,unreviewed,,doi:10.1016/j.cola.2022.101175
discarded,KOI: An Architecture and Framework for Industrial and Academic Machine Learning Applications,J. Richter,2021,Communications in Computer and Information Science,10.1007/978-3-030-68527-0_8,https://www.scopus.com/inward/record.uri?partnerID=HzOxMe3b&scp=85102622290&origin=inward,off-topic-false-hit,,scopus,llm,0.890,unreviewed,,doi:10.1007/978-3-030-68527-0_8
discarded,Manipulating GUI structures declaratively,K.A. Stokke,2020,Gpce 2020 Proceedings of the 19th ACM SIGPLAN International Conference on Generative Programming Concepts and Experiences Co Located with Splash 2020,10.1145/3425898.3426956,https://www.scopus.com/inward/record.uri?partnerID=HzOxMe3b&scp=85097639149&origin=inward,adjacent-subtopic,,scopus,llm,0.860,unreviewed,,doi:10.1145/3425898.3426956
discarded,MDWA: a model-driven Web augmentation approach—coping with client- and server-side support,M. Urbieta,2020,Software and Systems Modeling,10.1007/s10270-020-00779-5,https://www.scopus.com/inward/record.uri?partnerID=HzOxMe3b&scp=85079194534&origin=inward,adjacent-subtopic,,scopus,llm,0.800,unreviewed,,doi:10.1007/s10270-020-00779-5
discarded,Integrating the science opportunity analyzer with a reusable opportunity search framework,M. Llopis,2020,Accelerating Space Commerce Exploration and New Discovery Conference Ascend 2020,10.2514/6.2020-4221,https://www.scopus.com/inward/record.uri?partnerID=HzOxMe3b&scp=85097661557&origin=inward,off-topic-false-hit,,scopus,llm,0.970,unreviewed,,doi:10.2514/6.2020-4221
discarded,Using Domain Specific Languages and Domain Ontology in Workflow Design in Syndatis BPM4 Environment,W.B. Daszczuk,2020,Advances in Intelligent Systems and Computing,10.1007/978-3-030-48256-5_15,https://www.scopus.com/inward/record.uri?partnerID=HzOxMe3b&scp=85086181017&origin=inward,off-topic-false-hit,,scopus,llm,0.950,unreviewed,,doi:10.1007/978-3-030-48256-5_15
discarded,Reusable specification templates for defining dynamic semantics of DSLs,U. Tikhonova,2019,Software and Systems Modeling,10.1007/s10270-017-0590-0,https://www.scopus.com/inward/record.uri?partnerID=HzOxMe3b&scp=85015720663&origin=inward,off-topic-false-hit,,scopus,llm,0.970,unreviewed,,doi:10.1007/s10270-017-0590-0
discarded,Reusable Specification Templates for Defining Dynamic Semantics of DSLs,U. Tikhonova,2017,Proceedings ACM IEEE 20th International Conference on Model Driven Engineering Languages and Systems Models 2017,10.1109/MODELS.2017.37,https://www.scopus.com/inward/record.uri?partnerID=HzOxMe3b&scp=85040591765&origin=inward,off-topic-false-hit,,scopus,llm,0.970,unreviewed,,doi:10.1109/models.2017.37
discarded,A DMN-Based Method for Context-Aware Business Process Modeling Towards Process Variability,R. Song,2019,Lecture Notes in Business Information Processing,10.1007/978-3-030-20485-3_14,https://www.scopus.com/inward/record.uri?partnerID=HzOxMe3b&scp=85068146202&origin=inward,off-topic-false-hit,,scopus,llm,0.970,unreviewed,,doi:10.1007/978-3-030-20485-3_14
discarded,A multi-agent based approach for modelling context-aware systems,A. Sahnoun,2017,Multiagent and Grid Systems,10.3233/MGS-170276,https://www.scopus.com/inward/record.uri?partnerID=HzOxMe3b&scp=85039429495&origin=inward,off-topic-false-hit,,scopus,llm,0.940,unreviewed,,doi:10.3233/mgs-170276
discarded,An extension of UML activity diagram to model the behaviour of context-aware systems,A. Al-Alshuhai,2015,Proceedings 15th IEEE International Conference on Computer and Information Technology CIT 2015 14th IEEE International Conference on Ubiquitous Computing and Communications Iucc 2015 13th IEEE International Conference on Dependable Autonomic and Secure Computing Dasc 2015 and 13th IEEE International Conference on Pervasive Intelligence and Computing Picom 2015,10.1109/CIT/IUCC/DASC/PICOM.2015.62,https://www.scopus.com/inward/record.uri?partnerID=HzOxMe3b&scp=84964285626&origin=inward,off-topic-false-hit,,scopus,llm,0.960,unreviewed,,doi:10.1109/cit/iucc/dasc/picom.2015.62
discarded,TULIP: A widget-based software framework for tangible tabletop interfaces,E. Tobias,2015,Eics 2015 Proceedings of the 2015 ACM Sigchi Symposium on Engineering Interactive Computing Systems,10.1145/2774225.2775080,https://www.scopus.com/inward/record.uri?partnerID=HzOxMe3b&scp=84962009796&origin=inward,adjacent-subtopic,,scopus,llm,0.780,unreviewed,,doi:10.1145/2774225.2775080
kept,Detaching control from data models in model-based generation of user interfaces,G. Brajnik,2015,Lecture Notes in Computer Science,10.1007/978-3-319-19890-3_60,https://www.scopus.com/inward/record.uri?partnerID=HzOxMe3b&scp=84937510949&origin=inward,supports-claim,,scopus,llm,0.840,unreviewed,,doi:10.1007/978-3-319-19890-3_60
discarded,Variability management supporting the model-driven design of user interfaces,J.S. Sottet,2015,Modelsward 2015 3rd International Conference on Model Driven Engineering and Software Development Proceedings,10.5220/0005329105460552,https://www.scopus.com/inward/record.uri?partnerID=HzOxMe3b&scp=84939537046&origin=inward,adjacent-subtopic,,scopus,llm,0.820,unreviewed,,doi:10.5220/0005329105460552
discarded,Model transformation configuration and variability management for user interface design,J.S. Sottet,2015,Communications in Computer and Information Science,10.1007/978-3-319-27869-8_23,https://www.scopus.com/inward/record.uri?partnerID=HzOxMe3b&scp=84955261216&origin=inward,adjacent-subtopic,,scopus,llm,0.820,unreviewed,,doi:10.1007/978-3-319-27869-8_23
discarded,A presentation framework to simplify the development of Java EE application thin clients,S. Caballe,2014,Proceedings 2014 8th International Conference on Complex Intelligent and Software Intensive Systems Cisis 2014,10.1109/CISIS.2014.59,https://www.scopus.com/inward/record.uri?partnerID=HzOxMe3b&scp=84908871014&origin=inward,adjacent-subtopic,,scopus,llm,0.650,unreviewed,,doi:10.1109/cisis.2014.59
discarded,User-driven visual composition of service-based interactive spaces,C. Ardito,2014,Journal of Visual Languages and Computing,10.1016/j.jvlc.2014.01.003,https://www.scopus.com/inward/record.uri?partnerID=HzOxMe3b&scp=84904739526&origin=inward,adjacent-subtopic,,scopus,llm,0.880,unreviewed,,doi:10.1016/j.jvlc.2014.01.003
discarded,A model-driven methodology for developing secure data-management applications,D. Basin,2014,IEEE Transactions on Software Engineering,10.1109/TSE.2013.2297116,https://www.scopus.com/inward/record.uri?partnerID=HzOxMe3b&scp=84900546483&origin=inward,adjacent-subtopic,,scopus,llm,0.860,unreviewed,,doi:10.1109/tse.2013.2297116
discarded,Improved model-driven engineering of user-interfaces with generative macros,A. Savidis,2014,Lecture Notes in Computer Science Including Subseries Lecture Notes in Artificial Intelligence and Lecture Notes in Bioinformatics,10.1007/978-3-319-07437-5_14,https://www.scopus.com/inward/record.uri?partnerID=HzOxMe3b&scp=84903467880&origin=inward,adjacent-subtopic,,scopus,llm,0.840,unreviewed,,doi:10.1007/978-3-319-07437-5_14
discarded,AOP based language extension for web development,H. Fukuda,2013,IASTED Multiconferences Proceedings of the IASTED International Conference on Software Engineering Se 2013,10.2316/P.2013.796-033,https://www.scopus.com/inward/record.uri?partnerID=HzOxMe3b&scp=84875517541&origin=inward,adjacent-subtopic,,scopus,llm,0.910,unreviewed,,doi:10.2316/p.2013.796-033
discarded,An XML-based customizable model for multimedia applications for museums and exhibitions,M. Paschou,2013,Intelligent Multimedia Technologies for Networking Applications Techniques and Tools,10.4018/978-1-4666-2833-5.ch014,https://www.scopus.com/inward/record.uri?partnerID=HzOxMe3b&scp=84900244004&origin=inward,adjacent-subtopic,,scopus,llm,0.830,unreviewed,,doi:10.4018/978-1-4666-2833-5.ch014
discarded,Safety-critical java: The mission approach,J.J. Hunt,2012,Distributed Embedded and Real Time Java Systems,10.1007/978-1-4419-8158-5_9,https://www.scopus.com/inward/record.uri?partnerID=HzOxMe3b&scp=84949175445&origin=inward,off-topic-false-hit,,scopus,llm,0.970,unreviewed,,doi:10.1007/978-1-4419-8158-5_9
discarded,Hierarchical composable optimization of Web pages,R. Barenboim,2012,Www 12 Proceedings of the 21st Annual Conference on World Wide Web Companion,10.1145/2187980.2187987,https://www.scopus.com/inward/record.uri?partnerID=HzOxMe3b&scp=84861083914&origin=inward,off-topic-false-hit,,scopus,llm,0.960,unreviewed,,doi:10.1145/2187980.2187987
discarded,Software support for user interface description language,A. Coyette,2011,Lecture Notes in Computer Science Including Subseries Lecture Notes in Artificial Intelligence and Lecture Notes in Bioinformatics,10.1007/978-3-642-23768-3_142,https://www.scopus.com/inward/record.uri?partnerID=HzOxMe3b&scp=80052821008&origin=inward,adjacent-subtopic,,scopus,llm,0.720,unreviewed,,doi:10.1007/978-3-642-23768-3_142
discarded,Exploring approaches of integration software architecture modeling with quality analysis models,L. Dobrica,2011,Proceedings 9th Working IEEE IFIP Conference on Software Architecture Wicsa 2011,10.1109/WICSA.2011.23,https://www.scopus.com/inward/record.uri?partnerID=HzOxMe3b&scp=80051988387&origin=inward,adjacent-subtopic,,scopus,llm,0.860,unreviewed,,doi:10.1109/wicsa.2011.23
discarded,Model composition in Rosetta,N. Frisby,2011,Proceedings 18th IEEE International Conference and Workshops on Engineering of Computer Based Systems Ecbs 2011,10.1109/ECBS.2011.34,https://www.scopus.com/inward/record.uri?partnerID=HzOxMe3b&scp=80052011244&origin=inward,adjacent-subtopic,,scopus,llm,0.880,unreviewed,,doi:10.1109/ecbs.2011.34
discarded,Integrating safety analysis with functional modeling,O. El Ariss,2011,IEEE Transactions on Systems Man and Cybernetics Part A Systems and Humans,10.1109/TSMCA.2010.2093889,https://www.scopus.com/inward/record.uri?partnerID=HzOxMe3b&scp=79959616634&origin=inward,off-topic-false-hit,,scopus,llm,0.960,unreviewed,,doi:10.1109/tsmca.2010.2093889
discarded,A flexible way for adaptive secured service-oriented business processes modeling,K. Bekki,2011,ACM International Conference Proceeding Series,10.1145/1980822.1980837,https://www.scopus.com/inward/record.uri?partnerID=HzOxMe3b&scp=79958014728&origin=inward,off-topic-false-hit,,scopus,llm,0.940,unreviewed,,doi:10.1145/1980822.1980837
kept,MVP: Model-View-Presenter The Taligent Programming Model for C++ and Java,Mike Potel,1996,,,https://openalex.org/W61269061,supports-claim; etablering,"Taligent, a wholly-owned subsidiary of IBM, is developing a next generation programming model for the C++ and Java programming languages, called Model-View-Presenter or MVP, based on a generalization of the classic MVC programming model of Smalltalk. MVP provides a powerful yet easy to understand design methodology for a broad range of application and component development tasks. Taligent’s framework-based implementation of these concepts adds great value to developer programs that employ MVP. MVP also is adaptable across multiple client/server and multi-tier application architectures. MVP will enable IBM to deliver a unified conceptual programming model across all its major object-oriented language environments. Smalltalk Programming Model The most familiar example of a programming model is the Model-View-Controller (MVC) model 1 of Smalltalk developed at Xerox PARC in the late 1970’s. MVC is the fundamental design pattern used in Smalltalk for implementing graphical user interface (GUI) objects, and it has been reused and adopted to varying degrees in most other GUI class libraries and application frameworks since. Controller data",openalex,llm_reviewed,0.990,confirmed,,hash:1567e1630f786f1f
