status,title,authors,year,venue,doi,url,tags,abstract,provider,decision_source,llm_confidence,llm_review_outcome,llm_change_direction,paper_id
discarded,An Automatic Approach for Uniquely Discovering Actionable Elements for Systematic GUI Testing in Web Applications,Thiago Santos de Moura; Francisco Igor de Lima Mendes; Everton L. G. Alves; Ismael Raimundo Da Silva Neto; Cláudio de Souza Baptista,2024,"2024 IEEE 24th International Conference on Software Quality, Reliability and Security (QRS)",10.1109/QRS62785.2024.00012,https://ieeexplore.ieee.org/document/10684641/,adjacent-subtopic,"Automated GUI testing can play a crucial role in uncovering faults within web applications. In this context, scriptless testing can streamline the process by automatically generating and executing test cases that explore GUI elements. However, discovering non-repetitive actionable elements within complex web pages remains a challenging task. Often, testers need to employ manual strategies to facilitate element discovery and avoid redundancies. In this paper, we introduce a novel automatic approach, Unique Actionable Element Search (UAES), designed to provide a way to semantically differentiate elements in web applications. By leveraging common HTML properties and semantically expressive locators, UAES streamlines the process of discovering and distinguishing actionable elements, enhancing the efficiency and accuracy of systematic GUI testing. We conducted two empirical studies involving four open-source and twenty industrial web applications. They compared the results of our approach to those obtained using explicit markups included by experienced testers. The results indicate that our approach discovered 94.25% of the elements manually identified by the testers, while also uncovering a significant number of elements (46.86% of all elements discovered) that the testers overlooked.",ieee,llm,0.950,unreviewed,,doi:10.1109/qrs62785.2024.00012
discarded,Augusto: Exploiting Popular Functionalities for the Generation of Semantic GUI Tests with Oracles,Leonardo Mariani; Mauro Pezzè; Daniele Zuddas,2018,2018 IEEE/ACM 40th International Conference on Software Engineering (ICSE),10.1145/3180155.3180162,https://ieeexplore.ieee.org/document/8453087/,adjacent-subtopic,"Testing software applications by interacting with their graphical user interface (GUI) is an expensive and complex process. Current automatic test case generation techniques implement explorative approaches that, although producing useful test cases, have a limited capability of covering semantically relevant interactions, thus frequently missing important testing scenarios. These techniques typically interact with the available widgets following the structure of the GUI, without any guess about the functions that are executed. In this paper we propose Augusto, a test case generation technique that exploits a built-in knowledge of the semantics associated with popular and well-known functionalities, such as CRUD operations, to automatically generate effective test cases with automated functional oracles. Empirical results indicate that Augusto can reveal faults that cannot be revealed with state of the art techniques.",ieee,llm,0.840,unreviewed,,doi:10.1145/3180155.3180162
discarded,A State Graph-Based Improved Framework for Monkey GUI Testing for EDA Desktop Applications,Sarah Ali; Magda Fayek,2023,2023 13th International Conference on Software Technology and Engineering (ICSTE),10.1109/ICSTE61649.2023.00010,https://ieeexplore.ieee.org/document/10366635/,adjacent-subtopic,"Monkey testing is one of the autonomous Graphical User Interface (GUI) automation testing techniques. Due to the complex GUI of Electronic Design Automation (EDA) software applications, applying Monkey Testing in a timely manner is very challenging. By making use of the GUI regressions knowledge about the application we can have a faster and improved Monkey testing approach. Yet directing the improved Monkey flow to have better coverage needs enhancements so this paper addresses this by building a state graph while running to guide traversing new states using image processing and weighted random selection technique. A state is represented as an image and the improved Monkey testing flow is guided to avoid already hit windows and actions. The paper proves that the state graph-based Monkey testing approach reaches higher coverage than the improved Monkey testing approach.",ieee,llm,0.970,unreviewed,,doi:10.1109/icste61649.2023.00010
kept,Creating GUI Testing Tools Using Accessibility Technologies,Mark Grechanik; Qing Xie; Chen Fu,2009,"2009 International Conference on Software Testing, Verification, and Validation Workshops",10.1109/ICSTW.2009.31,https://ieeexplore.ieee.org/document/4976392/,supports-claim,"Since manual black-box testing of GUI-based applications(GAPs) is tedious and laborious, and existing tools do not fully address different aspects of the testing process, test engineers create custom testing tools to automate the testing process. These tools interact with GAPs by performing actions on their GUI objects. An extra effort that test engineers put in writing test tools is paid off when these tools are run repeatedly on different GAPs. Unfortunately, creating custom GUI testing tools is a laborious and intellectually intensive process, during which test engineers use platform-specific libraries and techniques. As a result, these tools are expensive, difficult to maintain and evolve, and they often run only on specific platforms.We offer a universal approach for creating custom testing GUI tools. This approach is lightweight, portable, nonintrusive, universal, and cheap, and it combines a nonstandard use of accessibility technologies for accessing and controlling GAPs in a uniform way with a visualization mechanism that enables test personnel to interact with GUI objects by performing point-and-click, drag-and-drop operations on GAPs. We describe how we used this approach to create various GUI testing tools, delve into technical features of accessibility technologies, and review our experience with this approach.",ieee,llm,0.860,unreviewed,,doi:10.1109/icstw.2009.31
kept,An Extensible Heuristic-Based Framework for GUI Test Case Maintenance,Scott McMaster; Atif M. Memon,2009,"2009 International Conference on Software Testing, Verification, and Validation Workshops",10.1109/ICSTW.2009.11,https://ieeexplore.ieee.org/document/4976393/,supports-claim,"Graphical user interfaces (GUIs) make up a large portion of the code comprising many modern software applications. However, GUI testing differs significantly from testing of traditional software. One respect in which this is true is test case maintenance. Due to the way that GUI test cases are often implemented, relatively minor changes to the construction of the GUI can cause a large number of test case executions to malfunction, often because GUI elements referred to by the test cases have been renamed, moved, or otherwise altered. We posit that a general solution to the problem of GUI test case maintenance must be based on heuristics that attempt to match an applicationpsilas GUI elements across versions. We demonstrate the use of some heuristics with framework support. Our tool support is general in that it may be used with other heuristics if needed in the future.",ieee,llm,0.940,unreviewed,,doi:10.1109/icstw.2009.11
kept,An Industrial Case-Study on GUI Testing With RPA,Mats Holmberg; Felix Dobslaw,2022,"2022 IEEE International Conference on Software Testing, Verification and Validation Workshops (ICSTW)",10.1109/ICSTW55395.2022.00043,https://ieeexplore.ieee.org/document/9787954/,supports-claim,"Automating regression tests can bring many benefits, such as increased testing frequency and improved bug-finding capabilities, leading to an overall positive impact on software quality. However, transitioning manual testing into automated testing is not possible without effort. In this work, we attempted to transition a manual test suite into an automated graphical user interface-based regression test suite using a Robotic Process Automation framework. The study reports on the efforts needed to implement the test suite and test case maintenance efforts. Furthermore, the study reports on bug-finding capabilities and discusses the feasibility of applying Robotic Process Automation for automated graphical user interface-based regression testing more broadly. Due to challenges related to current testing practices within the organization, only a small subset of the manual test cases could be successfully transitioned. The results indicate that the implementation and maintenance efforts patterns are similar to those of previous studies from the literature - even similar benefits and challenges could be observed. These findings suggest that Robotic Process Automation is feasible for graphical user interface-based regression testing, but further (long-term) investigations are needed in this area.",ieee,llm,0.970,unreviewed,,doi:10.1109/icstw55395.2022.00043
kept,GUICOP: Specification-Based GUI Testing,Fadi Zaraket; Wes Masri; Marc Adam; Dalal Hammoud; Raghd Hamzeh; Raja Farhat; Elie Khamissi; Joseph Noujaim,2012,"2012 IEEE Fifth International Conference on Software Testing, Verification and Validation",10.1109/ICST.2012.168,https://ieeexplore.ieee.org/document/6200180/,supports-claim,"Typically, oracles used to test graphical user interface(GUI) programs highly depend on environmental factors that are not related to the functionality of the program, such as screen resolution and color schemes. To accommodate these on-functional variations, researchers suggested fuzzy comparison rules that determine whether the output of a GUI program matches the oracles. Others suggested computer vision based solutions that make use of computationally expensive image processing techniques to abstract the strict comparisons. Alternatively, we propose GUICOP, a system that checks whether a trace of a GUI execution violates a given GUI specification. GUICOP is composed of a GUI specification language, instrumented GUI libraries, and a checker. The alphabet of the specification language contains basic geometric shapes describing GUI components, events, and positional and temporal operators that express relative object positions and event timings, respectively. During program execution, the instrumented libraries capture positional and temporal information of components and associated triggered events in execution traces. The checker determines whether the traces satisfy the specifications. To evaluate GUICOP, we wrote 50 use cases that describe real GUI applications and used the GUICOP checker on the supported cases that successfully revealed violations.",ieee,llm,0.820,unreviewed,,doi:10.1109/icst.2012.168
discarded,GUI Testing Using Random Event-Based Test Cases,Sumit Kumar; Nitin; Mitul Yadav,2023,2023 12th International Conference on System Modeling & Advancement in Research Trends (SMART),10.1109/SMART59791.2023.10428625,https://ieeexplore.ieee.org/document/10428625/,adjacent-subtopic,"This paper presents an approach for test case generation of Graphical User Interface (GUI) based applications. Test case generation is a challenging issue for the software industries. In many cases, the test case generated may not be presented in the actually developed software. This type of problem is mostly experienced in the case of random test case generation. This paper uses the idea of first indexing all the events for execution based on the graph generated from the event interactions. These graph events are heuristically tested to get the desired results. In this paper, we have proposed the heuristic search technique based on genetic algorithms for testing. We have made a comparison of the test cases generated from the heuristic search technique with the iteration-based approach like the Hill Climbing approach. From the deviation in the test cases generated by the proposed approach, it is found to be better in comparison to the hill climbing-based approach. If we have more deviation in the test case, then this implies we are targeting the different areas of software for testing rather than iterating in the same module of the software.",ieee,llm,0.950,unreviewed,,doi:10.1109/smart59791.2023.10428625
discarded,Graphical User Interface Testing Optimization for Water Monitoring Applications,Gentiana Latiu; Octavian Cret; Lucia Vacariu,2013,2013 19th International Conference on Control Systems and Computer Science,10.1109/CSCS.2013.32,https://ieeexplore.ieee.org/document/6569332/,adjacent-subtopic,"In geospatial applications water monitoring has become a major topic of interest (in the last decades), since the raise of global concerns about climate changes and pollution in general. The number of parameters that need monitoring in a watershed is significant and the variety of sensors is also very important. In modern sensor networks, sensors are not just simple data collectors, but also actuators that need complex programming. Developing functionally correct and complete graphical user interfaces (GUI) for such complex systems is a real challenge that needs automatic support. The GUIs must be intuitive and user friendly, being the image of the application. A good quality of the GUI is necessary and the diminishing of testing cost becomes an important requirement. This paper presents an original automatic testing method for large GUIs testing using genetic algorithms. The method was implemented into an application called Water-EvoGuiTest and the experimental results obtained into the Cyberwater platform for monitoring pollution on rivers confirm the quality of this approach.",ieee,llm,0.940,unreviewed,,doi:10.1109/cscs.2013.32
kept,What test oracle should I use for effective GUI testing?,A. Memon; I. Banerjee; A. Nagarajan,2003,"18th IEEE International Conference on Automated Software Engineering, 2003. Proceedings.",10.1109/ASE.2003.1240304,https://ieeexplore.ieee.org/document/1240304/,supports-claim,"Test designers widely believe that the overall effectiveness and cost of software testing depends largely on the type and number of test cases executed on the software. In this paper we show that the test oracle used during testing also contributes significantly to test effectiveness and cost. A test oracle is a mechanism that determines whether software executed correctly for a test case. We define a test oracle to contain two essential parts: oracle information that represents expected output; and an oracle procedure that compares the oracle information with the actual output. By varying the level of detail of oracle information and changing the oracle procedure, a test designer can create different types of test oracles. We design 11 types of test oracles and empirically compare them on four software systems. We seed faults in software to create 100 faulty versions, execute 600 test cases on each version, for all 11 types of oracles. In all, we report results of 660,000 test runs on software. We show (1) the time and space requirements of the oracles, (2) that faults are detected early in the testing process when using detailed oracle information and complex oracle procedures, although at a higher cost per test case, and (3) that employing expensive oracles results in detecting a large number of faults using relatively smaller number of test cases.",ieee,llm,0.950,unreviewed,,doi:10.1109/ase.2003.1240304
discarded,Intra Component GUI Test Case Generation Technique,Muhammad Umar Hayat; Nauman Qadeer,2007,2007 International Conference on Information and Emerging Technologies,10.1109/ICIET.2007.4381328,https://ieeexplore.ieee.org/document/4381328/,adjacent-subtopic,"GUI is rapidly growing and has become the critical component for all software applications approximately. At present, GUI techniques for generating the test cases are difficult to understand and implement. GUI testing has become time consuming and hectic due to the fact that it contains lot of permutation of interactions. Since exhaustive testing is not possible, it is mandatory to optimize the testing process so that it can easily be scalable and increase the software reliability. The aim of this paper is to optimize the GUI test cases. We have proposed a technique for optimized test case generation with the help of interaction and termination events within one GUI component and present the evaluation of the technique with the help of a case study at the end of this paper.",ieee,llm,0.890,unreviewed,,doi:10.1109/iciet.2007.4381328
kept,Conceptualization and Evaluation of Component-Based Testing Unified with Visual GUI Testing: An Empirical Study,Emil Alegroth; Zebao Gao; Rafael Oliveira; Atif Memon,2015,"2015 IEEE 8th International Conference on Software Testing, Verification and Validation (ICST)",10.1109/ICST.2015.7102584,https://ieeexplore.ieee.org/document/7102584/,supports-claim,"In this paper we present the results of a two-phase empirical study where we evaluate and compare the applicability of automated component-based Graphical User Interface (GUI) testing and Visual GUI Testing (VGT) in the tools GUITAR and a prototype tool we refer to as VGT GUITAR. First, GUI mutation operators are defined to create 18 faulty versions of an application on which both tools are then applied in an experiment. Results from 456 test case executions in each tool show, with statistical significance, that the component-based approach reports more false negatives than VGT for acceptance tests but that the VGT approach reports more false positives for system tests. Second, a case study is performed with larger open source applications, ranging from 8,803-55,006 lines of code. Results show that GUITAR is applicable in practice but has some challenges related to GUI component states. The results also show that VGT GUITAR is currently not applicable in practice and therefore requires further research and development. Based on the study's results we present areas of future work for both test approaches and conclude that the approaches have different benefits and drawbacks. The component-based approach is robust and executes tests faster than the VGT approach, with a factor of 3. However, the VGT approach can perform visual assertions and is perceived more flexible than the component- based approach. These conclusions let us hypothesize that a combination of the two approaches is the most suitable in practice and therefore warrants future research.",ieee,llm,0.910,unreviewed,,doi:10.1109/icst.2015.7102584
discarded,Navigating Mobile Testing Evaluation: A Comprehensive Statistical Analysis of Android GUI Testing Metrics,Yuanhong Lan; Yifei Lu; Minxue Pan; Xuandong Li,2024,2024 39th IEEE/ACM International Conference on Automated Software Engineering (ASE),,https://ieeexplore.ieee.org/document/10764974/,adjacent-subtopic,"The prominent role of mobile apps in daily life has underscored the need for robust quality assurance, leading to the development of various automated Android Graphical User Interface (GUI) testing approaches. Code coverage and fault detection are two primary metrics for evaluating the effectiveness of these testing approaches. However, conducting a reliable and robust evaluation based on the two metrics remains challenging, due to the imperfections of the current evaluation system, with a tangle of numerous metric granularities and the interference of multiple nondeterminism in tests. For instance, the evaluation solely based on the mean or total numbers of detected faults lacks statistical robustness, resulting in numerous conflicting conclusions that impede the comprehensive understanding of stakeholders involved in Android testing, thereby hindering the advancement of Android testing methodologies. To mitigate such issues, this paper presents the first comprehensive statistical study of existing Android GUI testing metrics, involving extensive experiments with 8 state-of-the-art testing approaches on 42 diverse apps, examining aspects including statistical significance, correlation, and variation. Our study focuses on two primary areas: ① The statistical significance and correlation between test metrics and among different metric granularities. ② The influence of test randomness and test convergence on evaluation results of test metrics. By employing statistical analysis to account for the considerable influence of randomness, we achieve notable findings: ① Instruction, Executable Lines Of Code (ELOC), and method coverage demonstrate notable consistency across both significance evaluation and mean value evaluation, whereas the evaluation on Fatal Errors compared to Core Vitals, as well as all errors versus the well-selected errors, reveals a similarly high level of consistency. ② There are evident inconsistencies in the code coverage and fault detection results, indicating both two metrics should be considered for comprehensive evaluation. ③ Code coverage typically exhibits greater stability and robustness in evaluation compared to fault detection, whereas fault detection is quite unstable even with the maximum test rounds ever used in previous research studies. ④ A moderate test duration is sufficient for most approaches to showcase their comprehensive overall effectiveness on most apps in both code coverage and fault detection, indicating the possibility of adopting a moderate test duration to draw preliminary conclusions in Android testing development. These findings inform practical recommendations and support our proposal of an effective framework to enhance future mobile testing evaluations.CCS CONCEPTS• Software and its engineering → Software testing and debugging; • General and reference → Metrics; Evaluation; • Mathematics of computing → Probability and statistics; • Human-centered computing → Graphical user interfaces.",ieee,llm,0.930,unreviewed,,hash:fa2b715521c03909
