status,title,authors,year,venue,doi,url,tags,abstract,provider,decision_source,llm_confidence,llm_review_outcome,llm_change_direction,paper_id
discarded,"Little Data, Big Stories: Taking the Pulse of Large-Scaled Events on Twitter",Patrick M. Dudas; Samantha Weirman; Christopher Griffin,2016,2016 IEEE 2nd International Conference on Collaboration and Internet Computing (CIC),10.1109/CIC.2016.071,https://ieeexplore.ieee.org/document/7809742/,off-topic-false-hit,"With the proliferation of Big Data, Social Science projects being developed, this work takes a step back to design research avenues that specifically look at smaller, real-time Social Science projects. Building on an already developed platform, called Dynamic Twitter Network Analysis (DTNA), we build out exploration into multiple world event types, which were captured in real-time and used smaller datasets to allow the user the ability to seek location and topic-specific data collections in parallel to events occurring. With these datasets, we first establish what could be learned during the event that mimics larger projects in the same domain. Secondly, we compare the events to help bring awareness to strategies that can evolve as specific events occur. The datasets examined are from a 24-hour period from specific locations of relevance with a focus on polarizing events. This includes: 1)Boston Marathon Bombing, 2) Sandy Hook Elementary Shooting, 3) Gezi Park Riots, 4) Hurricane Sandy, 5) Batkid, Make-a-Wish Foundation, 6) Brazil World Cup Protests, and 7) 2014 NBA Championship (Game 5). These networks will be analyzed both from social network analysis (SNA) and natural language processing (NLP) approaches (including sentiment analysis and part of speech tagging comparing personal pronoun use).",ieee,llm,1.000,unreviewed,,doi:10.1109/cic.2016.071
discarded,Learn Python Programming: An in-depth introduction to the fundamentals of Python,Fabrizio Romano; Heinrich Kruger,2021,Learn Python Programming: An in-depth introduction to the fundamentals of Python,,https://ieeexplore.ieee.org/document/10163428/,adjacent-subtopic,"Get up and running with Python 3.9 through concise tutorials and practical projects in this fully updated third edition. Purchase of the print or Kindle book includes a free eBook in PDF format.Key FeaturesExtensively revised with richer examples, Python 3.9 syntax, and new chapters on APIs and packaging and distributing Python codeDiscover how to think like a Python programmerLearn the fundamentals of Python through real-world projects in API development, GUI programming, and data scienceBook DescriptionLearn Python Programming, Third Edition is both a theoretical and practical introduction to Python, an extremely flexible and powerful programming language that can be applied to many disciplines. This book will make learning Python easy and give you a thorough understanding of the language. You'll learn how to write programs, build modern APIs, and work with data by using renowned Python data science libraries. This revised edition covers the latest updates on API management, packaging applications, and testing. There is also broader coverage of context managers and an updated data science chapter. The book empowers you to take ownership of writing your software and become independent in fetching the resources you need. You will have a clear idea of where to go and how to build on what you have learned from the book. Through examples, the book explores a wide range of applications and concludes by building real-world Python projects based on the concepts you have learned.What you will learnGet Python up and running on Windows, Mac, and LinuxWrite elegant, reusable, and efficient code in any situationAvoid common pitfalls like duplication, complicated design, and over-engineeringUnderstand when to use the functional or object-oriented approach to programmingBuild a simple API with FastAPI and program GUI applications with TkinterGet an initial overview of more complex topics such as data persistence and cryptographyFetch, clean, and manipulate data, making efficient use of Python’s built-in data structuresWho this book is forThis book is for everyone who wants to learn Python from scratch, as well as experienced programmers looking for a reference book. Prior knowledge of basic programming concepts will help you follow along, but it’s not a prerequisite.",ieee,llm,0.970,unreviewed,,hash:bc734a84e86b31db
discarded,Continuous Human Motion Recognition With a Dynamic Range-Doppler Trajectory Method Based on FMCW Radar,Chuanwei Ding; Hong Hong; Yu Zou; Hui Chu; Xiaohua Zhu; Francesco Fioranelli; Julien Le Kernec; Changzhi Li,2019,IEEE Transactions on Geoscience and Remote Sensing,10.1109/TGRS.2019.2908758,https://ieeexplore.ieee.org/document/8697144/,off-topic-false-hit,"Radar-based human motion recognition is crucial for many applications, such as surveillance, search and rescue operations, smart homes, and assisted living. Continuous human motion recognition in real-living environment is necessary for practical deployment, i.e., classification of a sequence of activities transitioning one into another, rather than individual activities. In this paper, a novel dynamic range-Doppler trajectory (DRDT) method based on the frequency-modulated continuous-wave (FMCW) radar system is proposed to recognize continuous human motions with various conditions emulating real-living environment. This method can separate continuous motions and process them as single events. First, range-Doppler frames consisting of a series of range-Doppler maps are obtained from the backscattered signals. Next, the DRDT is extracted from these frames to monitor human motions in time, range, and Doppler domains in real time. Then, a peak search method is applied to locate and separate each human motion from the DRDT map. Finally, range, Doppler, radar cross section (RCS), and dispersion features are extracted and combined in a multidomain fusion approach as inputs to a machine learning classifier. This achieves accurate and robust recognition even in various conditions of distance, view angle, direction, and individual diversity. Extensive experiments have been conducted to show its feasibility and superiority by obtaining an average accuracy of 91.9% on continuous classification.",ieee,llm,1.000,unreviewed,,doi:10.1109/tgrs.2019.2908758
discarded,Edge-Mapping of Service Function Trees for Sensor Event Processing,Babar Shahzaad; Alistair Barros; Colin Fidge,2024,2024 IEEE International Conference on Web Services (ICWS),10.1109/ICWS62655.2024.00146,https://ieeexplore.ieee.org/document/10707390/,off-topic-false-hit,"Fog computing offers increased performance and efficiency for Industrial Internet of Things (IIoT) applications through distributed data processing in nearby proximity to sensors. Given resource constraints and their contentious use in IoT networks, current strategies strive to optimise which data processing tasks should be selected to run on fog devices. In this paper, we advance a more effective data processing architecture for optimisation purposes. Specifically, we consider the distinct functions of sensor data streaming, multi-stream data aggregation and event handling, required by IoT applications for identifying actionable events. We retrofit this event processing pipeline into a logical architecture, structured as a service function tree (SFT), comprising service function chains. We present a novel algorithm for mapping the SFT into a fog network topology in which nodes selected to process SFT functions (microservices) have the requisite resource capacity and network speed to meet their event processing deadlines. We used simulations to validate the algorithm’s effectiveness in finding a successful SFT mapping to a physical network. Overall, our approach overcomes the bottlenecks of single service placement strategies for fog computing through composite service placements of SFTs.",ieee,llm,0.990,unreviewed,,doi:10.1109/icws62655.2024.00146
discarded,A Concise Chinese Text Time Relationship Recognition Scheme,Hu Wenfeng; Chen Xiangwei,2022,2022 IEEE/ACIS 22nd International Conference on Computer and Information Science (ICIS),10.1109/ICIS54925.2022.9882426,https://ieeexplore.ieee.org/document/9882426/,off-topic-false-hit,"Temporal relationship recognition plays an important role in many areas of natural language processing. The current mainstream research aspect in the related field is guided by the approach of English relationship recognition, focusing on event-time-relationship recognition. In view of the high complexity presented by the event-time-relationship recognition task and the differences in the grammar of Chinese and English texts, this paper no longer adopts the idea of extracting events first and matching time later, and proposes a processing scheme for temporal slicing of Chinese documents. The paper first summarizes the extensive research on Chinese time marker recognition and normalization, and designs a more reliable set of rule-based solutions; then the documents are time-sliced through the identified time markers to obtain document time slices. The algorithm is tested on the data and achieves better results on news texts.",ieee,llm,1.000,unreviewed,,doi:10.1109/icis54925.2022.9882426
discarded,Deep-Learning-Based Model for Accident-Type Prediction During Approach and Landing,Yuanyuan Guo; Youchao Sun; Yide He; Fangzhou Du; Siyu Su; Chong Peng,2023,IEEE Transactions on Aerospace and Electronic Systems,10.1109/TAES.2022.3184282,https://ieeexplore.ieee.org/document/9800180/,off-topic-false-hit,"Modern civil aircraft is designed for a greater workload. While the volume of air traffic has grown exponentially over the past two decades, the total number of accidents has been flat or slightly higher than past averages. However, the fatality and property losses caused by aviation accidents are unbearable even if they happen only once. As reported by a Statistical summary from Boeing in 2019, nearly 40% of the deaths occurred during the final approach and landing. A deep-learning-based model for accident-type prediction during approach and landing was established, which explores the implied association between accident types and accident factors from the risk factors affecting the occurrence of unsafe events. First, based on the investigation reports of civil aircraft fatal accidents in the recent 43 years, 20 common accident risk factors were extracted by the human factors analysis and classification system method. Implicit association of accident factors was excavated by association rules and 6 key factors were extracted from 20 factors. Back propagation neural network, Radial basis function neural network, and Elman neural network applicable to the classification were selected for multiple learning and training. The classification results showed that the comprehensive prediction accuracy of accident types reaches 86.7%, which can effectively determine the types of accidents that may occur during the approach and landing phases of civil aircraft, make emergency measures in advance, and incorporate key accident factors into the assessment scope of civil aircraft safety management system to ensure the aviation operation safety.",ieee,llm,1.000,unreviewed,,doi:10.1109/taes.2022.3184282
discarded,"Blazor WebAssembly By Example: Use practical projects to start building web apps with .NET 7, Blazor WebAssembly, and C#",Toi B. Wright; Scott Hanselman,2023,"Blazor WebAssembly By Example: Use practical projects to start building web apps with .NET 7, Blazor WebAssembly, and C#",,https://ieeexplore.ieee.org/document/10162629/,adjacent-subtopic,"Build exciting web apps following step-by-step instructions and video examples. Purchase of the print or Kindle book includes a free eBook in PDF format.Key FeaturesExplore and build complete, easy-to-follow web projects using Blazor. Each project includes a video example too.Test your skills in building a weather app, an expense tracker, and a Kanban board with real-world applications.Develop a deeper understanding on how to work with Blazor WebAssembly without spending too much time focusing on the theory.Book DescriptionBlazor WebAssembly helps developers build web applications without the need for JavaScript, plugins, or add-ons. With its continued growth in popularity, getting started with Blazor now can open doors to new career paths and exciting projects – and Blazor WebAssembly by Example will make your first steps easier. This is a project-based guide that will teach you how to build single-page web applications with Blazor, focusing heavily on the practical over the theoretical by providing detailed step-by-step instructions for each project. The author also includes a video for each project showing her following the step-by-step instructions, so readers can use them if they're unsure about any particular step. In this updated edition, you'll start by building simple standalone web applications and gradually progress to developing more advanced hosted web applications with SQL Server backends. Each project will cover a different aspect of the Blazor WebAssembly ecosystem, such as Razor components, JavaScript interop, security, event handling, debugging on the client, application state, and dependency injection. The book’s projects get more challenging as you progress, but you don’t have to complete them in order, which makes this book a valuable resource for beginners as well as those who just want to dip into specific topics. By the end of this book, you will have experience and lots of know-how on how to build a wide variety of single-page web applications with .NET, Blazor WebAssembly, and C#.What you will learnDiscover the power of the C# language for both server-side and client-side web developmentBuild your first Blazor WebAssembly application with the Blazor WebAssembly App project templateLearn how to debug a Blazor WebAssembly app, and use ahead-of-time compilation before deploying it on Microsoft’s cloud platformUse templated components and the Razor class library to build and share a modal dialog boxLearn how to use JavaScript with Blazor WebAssemblyBuild a progressive web app (PWA) to enable native app-like performance and speedSecure a Blazor WebAssembly app using Azure Active DirectoryGain experience with ASP.NET Web APIs by building a task manager appWho this book is forThis book is for .NET web developers who want to leverage the power of .NET and C# to write single-page web applications using Blazor WebAssembly without using JavaScript frameworks. To get started with this book, you’ll need at least beginner-level knowledge of the C# language, .NET framework, Microsoft Visual Studio, and web development concepts.",ieee,llm,0.980,unreviewed,,hash:fd7f79e6ab343a82
discarded,Bidirectional Retrospective Generation Adversarial Network for Anomaly Detection in Videos,Zhiwei Yang; Jing Liu; Peng Wu,2021,IEEE Access,10.1109/ACCESS.2021.3100678,https://ieeexplore.ieee.org/document/9499069/,off-topic-false-hit,"Anomaly detection in videos is the task of identifying frames from a video sequence that depict events that do not conform to expected behavior, which is an extremely challenging task due to the ambiguous and unbounded properties of anomalies. With the development of deep learning, video anomaly detection methods based on deep neural networks have made great progress. The existing methods mainly follow two routes, namely, frame reconstruction and frame prediction. Due to the powerful generalization ability of neural networks, the application of reconstruction-based methods is limited. Recently, anomaly detection methods based on prediction have achieved advanced performance. However, their performance suffers when they cannot guarantee lower prediction errors for normal events. In this paper, we propose a novel future frame prediction model based on a bidirectional retrospective generation adversarial network (BR-GAN) for anomaly detection. To predict a future frame with higher quality for normal events, first, we propose a bidirectional prediction combined with a retrospective prediction method to fully mine the bidirectional temporal information between the predicted frame and the input frame sequence. Then, the intensity and gradient loss between the predicted frame and the actual frame together with an adversarial loss are used for appearance (spatial) constraints. In addition, we propose a sequence discriminator composed of a 3-dimensional (3D) convolutional neural network to capture the long-term temporal relationships between frame sequences composed of predicted frames and input frames; this network plays a crucial role in maintaining the motion (temporal) consistency of the predicted frames for normal events. Such appearance and motion constraints further facilitate future frame prediction for normal events, and thus, the prediction network can be highly capable of distinguishing normal and abnormal patterns. Extensive experiments on benchmark datasets demonstrate that our method outperforms most existing state-of-the-art methods, validating the effectiveness of our method for anomaly detection.",ieee,llm,1.000,unreviewed,,doi:10.1109/access.2021.3100678
discarded,Towards Interactive Autonomous Vehicle Testing: Vehicle-Under-Test-Centered Traffic Simulation,Yiru Liu; Xiaocong Zhao; Jian Sun,2024,2024 IEEE 27th International Conference on Intelligent Transportation Systems (ITSC),10.1109/ITSC58415.2024.10920277,https://ieeexplore.ieee.org/document/10920277/,off-topic-false-hit,"The simulation-based testing is essential for safely implementing autonomous vehicles (AV) on roads, necessitating simulated traffic environments that dynamically interact with the Vehicle Under Test (VUT). This study introduces a VUT-Centered environmental Dynamics Inference (VCDI) model for realistic, interactive, and diverse background traffic simulation. Serving the purpose of AV testing, VCDI employs Transformer-based modules in a conditional trajectory inference framework to simulate VUT-centered driving interaction events. First, the VUT future motion is taken as an augmented model input to bridge the action dependence between VUT and background objects. Second, to enrich the scenario diversity, a Gaussian-distributional cost function module is designed to capture the uncertainty of the VUT's strategy, triggering various scenario evolution. Experimental results validate VCDI's trajectory-level simulation precision which outperforms the state-of-the-art trajectory prediction work. The flexibility of the distributional cost function allows VCDI to provide diverse-yet-realistic scenarios for AV testing. We demonstrate such capability by modifying the anticipation to the VUT's cost-based strategy and thus achieve multiple testing scenarios with explainable background traffic evolution. Codes of our model are available at https://github.com/YNYSNL/VCDI.",ieee,llm,1.000,unreviewed,,doi:10.1109/itsc58415.2024.10920277
discarded,"Blazor WebAssembly by Example: A project-based guide to building web apps with .NET, Blazor WebAssembly, and C#",Toi B. Wright; Scott Hanselman,2021,"Blazor WebAssembly by Example: A project-based guide to building web apps with .NET, Blazor WebAssembly, and C#",,https://ieeexplore.ieee.org/document/10162017/,adjacent-subtopic,"Discover blueprints that explore various components of Blazor, C#, and .NET to help you build web apps without learning JavaScriptKey FeaturesExplore complete, easy-to-follow web projects using BlazorBuild projects such as a weather app, expense tracker, and Kanban board with real-world applicationsUnderstand and work with Blazor WebAssembly effectively without spending too much time focusing on the theoryBook DescriptionBlazor WebAssembly makes it possible to run C# code on the browser instead of having to use JavaScript, and does not rely on plugins or add-ons. The only technical requirement for using Blazor WebAssembly is a browser that supports WebAssembly, which, as of today, all modern browsers do. Blazor WebAssembly by Example is a project-based guide for learning how to build single-page web applications using the Blazor WebAssembly framework. This book emphasizes the practical over the theoretical by providing detailed step-by-step instructions for each project. You'll start by building simple standalone web applications and progress to developing more advanced hosted web applications with SQL Server backends. Each project covers a different aspect of the Blazor WebAssembly ecosystem, such as Razor components, JavaScript interop, event handling, application state, and dependency injection. The book is designed in such a way that you can complete the projects in any order. By the end of this book, you will have experience building a wide variety of single-page web applications with .NET, Blazor WebAssembly, and C#.What you will learnDiscover the power of the C# language for both server-side and client-side web developmentUse the Blazor WebAssembly App project template to build your first Blazor WebAssembly applicationUse templated components and the Razor class library to build and share a modal dialog boxUnderstand how to use JavaScript with Blazor WebAssemblyBuild a progressive web app (PWA) to enable native app-like performance and speedUnderstand dependency injection (DI) in .NET to build a shopping cart appGet to grips with .NET Web APIs by building a task manager appWho this book is forThis book is for .NET web developers who are tired of constantly learning new JavaScript frameworks and wish to write web applications using Blazor WebAssembly, leveraging the power of .NET and C#. The book assumes beginner-level knowledge of the C# language, .NET framework, Microsoft Visual Studio, and web development concepts.",ieee,llm,0.980,unreviewed,,hash:43394d6601bb237b
