status,title,authors,year,venue,doi,url,tags,abstract,provider,decision_source,llm_confidence,llm_review_outcome,llm_change_direction,paper_id
kept,SITAR: GUI Test Script Repair,Zebao Gao; Zhenyu Chen; Yunxiao Zou; Atif M. Memon,2016,IEEE Transactions on Software Engineering,10.1109/TSE.2015.2454510,https://ieeexplore.ieee.org/document/7214294/,supports-claim,"System testing of a GUI-based application requires that test cases, consisting of sequences of user actions/events, be executed and the software's output be verified. To enable automated re-testing, such test cases are increasingly being coded as low-level test scripts, to be replayed automatically using test harnesses. Whenever the GUI changes—widgets get moved around, windows get merged—some scripts become unusable because they no longer encode valid input sequences. Moreover, because the software's output may have changed, their test oracles—assertions and checkpoints—encoded in the scripts may no longer correctly check the intended GUI objects. We present ScrIpT repAireR (SITAR), a technique to automatically repair unusable low-level test scripts. SITAR uses reverse engineering techniques to create an abstract test for each script, maps it to an annotated event-flow graph (EFG), uses repairing transformations and human input to repair the test, and synthesizes a new “repaired” test script. During this process, SITAR also repairs the reference to the GUI objects used in the checkpoints yielding a final test script that can be executed automatically to validate the revised software. SITAR amortizes the cost of human intervention across multiple scripts by accumulating the human knowledge as annotations on the EFG. An experiment using QTP test scripts suggests that SITAR is effective in that 41-89 percent unusable test scripts were repaired. Annotations significantly reduced human cost after 20 percent test scripts had been repaired.",ieee,llm,0.920,unreviewed,,doi:10.1109/tse.2015.2454510
kept,EXSYST: Search-based GUI testing,Florian Gross; Gordon Fraser; Andreas Zeller,2012,2012 34th International Conference on Software Engineering (ICSE),10.1109/ICSE.2012.6227232,https://ieeexplore.ieee.org/document/6227232/,qualifies-claim; supports-claim; gui-test,"Test generation tools commonly aim to cover structural artefacts of software, such as either the source code or the user interface. However, focusing only on source code can lead to unrealistic or irrelevant test cases, while only exploring a user interface often misses much of the underlying program behavior. Our EXSYST prototype takes a new approach by exploring user interfaces while aiming to maximize code coverage, thus combining the best of both worlds. Experiments show that such an approach can achieve high code coverage matching and exceeding the code coverage of traditional unit-based test generators; yet, by construction every test case is realistic and relevant, and every detected failure can be shown to be caused by a real sequence of input events.",ieee,llm_reviewed,0.840,confirmed,,doi:10.1109/icse.2012.6227232
kept,Studying the fault-detection effectiveness of GUI test cases for rapidly evolving software,A.M. Memon; Q. Xie,2005,IEEE Transactions on Software Engineering,10.1109/TSE.2005.117,https://ieeexplore.ieee.org/document/1542069/,adjacent-subtopic; supports-claim; gui-test,"Software is increasingly being developed/maintained by multiple, often geographically distributed developers working concurrently. Consequently, rapid-feedback-based quality assurance mechanisms such as daily builds and smoke regression tests, which help to detect and eliminate defects early during software development and maintenance, have become important. This paper addresses a major weakness of current smoke regression testing techniques, i.e., their inability to automatically (re)test graphical user interfaces (GUIs). Several contributions are made to the area of GUI smoke testing. First, the requirements for GUI smoke testing are identified and a GUI smoke test is formally defined as a specialized sequence of events. Second, a GUI smoke regression testing process called daily automated regression tester (DART) that automates GUI smoke testing is presented. Third, the interplay between several characteristics of GUI smoke test suites including their size, fault detection ability, and test oracles is empirically studied. The results show that: 1) the entire smoke testing process is feasible in terms of execution time, storage space, and manual effort, 2) smoke tests cannot cover certain parts of the application code, 3) having comprehensive test oracles may make up for not having long smoke test cases, and 4) using certain oracles can make up for not having large smoke test suites.",ieee,llm_reviewed,0.760,changed,discarded->kept,doi:10.1109/tse.2005.117
kept,JAutomate: A Tool for System- and Acceptance-test Automation,Emil Alégroth; Michel Nass; Helena H. Olsson,2013,"2013 IEEE Sixth International Conference on Software Testing, Verification and Validation",10.1109/ICST.2013.61,https://ieeexplore.ieee.org/document/6569758/,supports-claim,"System- and acceptance-testing are primarily performed with manual practices in current software industry. However, these practices have several issues, e.g. they are tedious, error prone and time consuming with costs up towards 40 percent of the total development cost. Automated test techniques have been proposed as a solution to mitigate these issues, but they generally approach testing from a lower level of system abstraction, leaving a gap for a flexible, high system-level test automation technique/tool. In this paper we present JAutomate, a Visual GUI Testing (VGT) tool that fills this gap by combining image recognition with record and replay functionality for high system-level test automation performed through the system under test's graphical user interface. We present the tool, its benefits compared to other similar techniques and manual testing. In addition, we compare JAutomate with two other VGT tools based on their static properties. Finally, we present the results from a survey with industrial practitioners that identifies test-related problems that industry is currently facing and discuss how JAutomate can solve or mitigate these problems.",ieee,llm,0.820,unreviewed,,doi:10.1109/icst.2013.61
discarded,Generating Event Sequence-Based Test Cases Using GUI Runtime State Feedback,Xun Yuan; Atif M. Memon,2010,IEEE Transactions on Software Engineering,10.1109/TSE.2009.68,https://ieeexplore.ieee.org/document/5306073/,adjacent-subtopic,"This paper presents a fully automatic model-driven technique to generate test cases for graphical user interfaces (GUIs)-based applications. The technique uses feedback from the execution of a ¿seed test suite,¿ which is generated automatically using an existing structural event interaction graph model of the GUI. During its execution, the runtime effect of each GUI event on all other events pinpoints event semantic interaction (ESI) relationships, which are used to automatically generate new test cases. Two studies on eight applications demonstrate that the feedback-based technique 1) is able to significantly improve existing techniques and helps identify serious problems in the software and 2) the ESI relationships captured via GUI state yield test suites that most often detect more faults than their code, event, and event-interaction-coverage equivalent counterparts.",ieee,llm,0.940,unreviewed,,doi:10.1109/tse.2009.68
discarded,Exploring Cypress: A Comprehensive Study on Frontend API Testing of IoT Applications,Rekha Jayaram; Annapurna P Patil; Ranjit Sankarasubramanian; Surya Prakash Yelaka; Shreyas G; Raghav M P; Prathik U Bhat; Shivaprasad Kalasagond,2025,"2025 International Conference on Circuits, Controls and Communications (CCUBE)",10.1109/CCUBE66458.2025.11340125,https://ieeexplore.ieee.org/document/11340125/,adjacent-subtopic,"This work presents a comprehensive approach to frontend API testing of an IoT-based platform using cypress, a modern JavaScript end-to-end testing framework. IoT platforms often rely on seamless interaction between user interfaces and backend services, necessitating robust and automated testing strategies to ensure system reliability, usability, and performance. The study focuses on validating the correctness, responsiveness, and security of API interactions initiated from the frontend layer. Various types of testing-including functional testing, integration testing, regression testing, and negative testing-are implemented using cypress's capabilities such as cy.request() and custom assertions. Test scenarios are designed to simulate realtime IoT operations, ensuring accurate data handling, prompt UI feedback, and effective error handling under different conditions. The results demonstrate that Cypress enables efficient automation, enhanced test coverage, and rapid debugging, making it a suitable tool for continuous testing in agile IoT application development. The proposed work contributes a structured testing methodology that strengthens frontend validation and accelerates the deployment of reliable IoT systems.",ieee,llm,0.940,unreviewed,,doi:10.1109/ccube66458.2025.11340125
discarded,Artisan: An Action-Based Test Carving Tool for Android Apps,A. Gambi,2023,Proceedings 2023 IEEE International Conference on Software Maintenance and Evolution Icsme 2023,10.1109/ICSME58846.2023.00076,https://www.scopus.com/inward/record.uri?partnerID=HzOxMe3b&scp=85181539145&origin=inward,adjacent-subtopic,,scopus,llm,0.720,unreviewed,,doi:10.1109/icsme58846.2023.00076
discarded,Action-Based Test Carving for Android Apps,A. Gambi,2023,Proceedings 2023 IEEE 16th International Conference on Software Testing Verification and Validation Workshops Icstw 2023,10.1109/ICSTW58534.2023.00032,https://www.scopus.com/inward/record.uri?partnerID=HzOxMe3b&scp=85163056848&origin=inward,adjacent-subtopic,,scopus,llm,0.720,unreviewed,,doi:10.1109/icstw58534.2023.00032
discarded,Model-based testing leveraged for automated web tests,G.R. Mattiello,2022,Software Quality Journal,10.1007/s11219-021-09575-w,https://www.scopus.com/inward/record.uri?partnerID=HzOxMe3b&scp=85120068446&origin=inward,adjacent-subtopic,,scopus,llm,0.820,unreviewed,,doi:10.1007/s11219-021-09575-w
discarded,Developing and evaluating objective termination criteria for random testing,P. Tramontana,2019,ACM Transactions on Software Engineering and Methodology,10.1145/3339836,https://www.scopus.com/inward/record.uri?partnerID=HzOxMe3b&scp=85074605635&origin=inward,adjacent-subtopic,,scopus,llm,0.880,unreviewed,,doi:10.1145/3339836
kept,Revisiting the notion of GUI testing,A. Alkhalid,2019,Icsoft 2018 Proceedings of the 13th International Conference on Software Technologies,10.5220/0006901606400647,https://www.scopus.com/inward/record.uri?partnerID=HzOxMe3b&scp=85071507589&origin=inward,qualifies-claim,,scopus,llm,0.630,unreviewed,,doi:10.5220/0006901606400647
discarded,Characterizing mobile apps from a source and test code viewpoint,D.B. Silva,2018,Information and Software Technology,10.1016/j.infsof.2018.05.006,https://www.scopus.com/inward/record.uri?partnerID=HzOxMe3b&scp=85047254061&origin=inward,adjacent-subtopic,,scopus,llm,0.760,unreviewed,,doi:10.1016/j.infsof.2018.05.006
kept,How Does GUI Testing Exercise Application Logic Functionality?,A. Alkhalid,2017,Proceedings International Computer Software and Applications Conference,10.1109/COMPSAC.2017.138,https://www.scopus.com/inward/record.uri?partnerID=HzOxMe3b&scp=85032876493&origin=inward,qualifies-claim; supports-claim; gui-test,,scopus,llm_reviewed,0.900,confirmed,,doi:10.1109/compsac.2017.138
discarded,"Proceedings - 10th IEEE International Conference on Software Testing, Verification and Validation, ICST 2017",,2017,Proceedings 10th IEEE International Conference on Software Testing Verification and Validation Icst 2017,,https://www.scopus.com/inward/record.uri?partnerID=HzOxMe3b&scp=85020716781&origin=inward,adjacent-subtopic,,scopus,llm,0.990,unreviewed,,hash:ab1fd705303c2f1e
discarded,Random visual GUI testing: Proof of concept,E. Alégroth,2013,Proceedings of the International Conference on Software Engineering and Knowledge Engineering Seke,,https://www.scopus.com/inward/record.uri?partnerID=HzOxMe3b&scp=84935119363&origin=inward,adjacent-subtopic,,scopus,llm,0.900,unreviewed,,hash:0b1907320ea2d618
discarded,Parameterized GUI tests,S. Arlt,2012,Lecture Notes in Computer Science Including Subseries Lecture Notes in Artificial Intelligence and Lecture Notes in Bioinformatics,10.1007/978-3-642-34691-0_18,https://www.scopus.com/inward/record.uri?partnerID=HzOxMe3b&scp=84870013046&origin=inward,adjacent-subtopic,,scopus,llm,0.860,unreviewed,,doi:10.1007/978-3-642-34691-0_18
discarded,"Search-based system testing: High coverage, no false alarms",F. Gross,2012,2012 International Symposium on Software Testing and Analysis Issta 2012 Proceedings,10.1145/04000800.2336762,https://www.scopus.com/inward/record.uri?partnerID=HzOxMe3b&scp=84865286383&origin=inward,adjacent-subtopic,,scopus,llm,0.760,unreviewed,,doi:10.1145/04000800.2336762
discarded,Real time structured analysis and software process for multidimensional separation of concerns,R.G. Vishwakarma,2003,TENCON 2003. Conference on Convergent Technologies for Asia-Pacific Region,10.1109/TENCON.2003.1273307,https://ieeexplore.ieee.org/document/1273307/,adjacent-subtopic,"In software engineering, scattered, interacting and crosscutting requirements are called concerns. Concern for the multidimensional separation of concerns exists right through the software development life cycle. A software process must have an ability to detect and handle different concerns in an independent way. Benefits associated include simple code (shorter and more understandable), higher flexibility, extendibility, reusability of concerns in a component, and better maintainability. We need techniques, patterns and a process model to address the problem of multidimensional separation. The paper captures real time controls in structured system analysis to identify, analyse and program the concerns. It further describes a three-dimensional frustum model and a cubical process model to implement aspects for realising concerns.",ieee,llm,0.960,unreviewed,,doi:10.1109/tencon.2003.1273307
discarded,Improving the separation of non-functional concerns in requirements artifacts,G. Sousa; J. Castro,2004,"Proceedings. 12th IEEE International Requirements Engineering Conference, 2004.",10.1109/ICRE.2004.1335696,https://ieeexplore.ieee.org/document/1335696/,adjacent-subtopic,"One of the most important principles in software engineering is the separation of concerns. When this principle is correctly applied, it helps to promote comprehensibility, maintainability and reusability of software system artifacts. However, often, the specification of non-functional requirements is scattered and tangled with functional artifacts they affect. Hence, in order to produce better requirements specifications, This work presents an approach to improve the separation of concerns in requirements artifacts, providing a way to represent non-functional concerns apart from the requirements they affect and to specify the composition between them in a noninvasive way.",ieee,llm,0.970,unreviewed,,doi:10.1109/icre.2004.1335696
discarded,Separating exceptional concerns,Anya Helene Bagge,2012,2012 5th International Workshop on Exception Handling (WEH),10.1109/WEH.2012.6226599,https://ieeexplore.ieee.org/document/6226599/,adjacent-subtopic,"Traditional error handling mechanisms, including exceptions, have several weaknesses that interfere with maintainability, flexibility and genericity in software: Error code is tangled with normal code; reporting is tangled with handling; and generic code is locked into specific ways of reporting and handling errors. We need to deal with errors in a declarative way, where the concerns of errors, error reporting and error handling are separated and dealt with individually by the programmer.",ieee,llm,0.980,unreviewed,,doi:10.1109/weh.2012.6226599
discarded,Separating adaptable persistence attributes through computational reflection,F. Ortin; B. Lopez; J.B.G. Perez-Schofield,2004,IEEE Software,10.1109/MS.2004.52,https://ieeexplore.ieee.org/document/1353222/,adjacent-subtopic,"To receive persistence capabilities, applications usually must explicitly access database management systems, such as object-oriented databases or object-relational mapping products. The usual way of building an application is tangling its functional code with explicit structured query language (SQL) or object query language (OQL) persistence statements. This tangling has several drawbacks: deficiencies in source code legibility, maintainability, and portability; lack of persistence functionality reuse; and low adaptability of persistence attributes. Separating crosscutting concerns such as persistence from the main application code can reduce software complexity and facilitate concerns reuse. A prototype persistence system shows how to use computational reflection to completely separate and adapt application persistence attribute at runtime.",ieee,llm,0.980,unreviewed,,doi:10.1109/ms.2004.52
discarded,Experiments with Fractal on Modular Reflection,Jérémy Buisson; Fabien Dagnat,2008,"2008 Sixth International Conference on Software Engineering Research, Management and Applications",10.1109/SERA.2008.19,https://ieeexplore.ieee.org/document/4609424/,adjacent-subtopic,"In most reflective systems, the model of reflection objects often mirrors (a part of) the metamodel of the system. As a result, reflection is commonly tightly bound to the rest of the system. In this paper, we investigate the loosening of that coupling. With the rise of domain-specific modeling the need for separation of concerns and reuse when designing metamodels become critical. Therefore, we advocate the use of general design patterns abstracting the details of modeling languages when working on cross-cutting concerns (such as reflection) of a metamodel. Once the abstract patterns for reflection are built, they are mapped onto concrete modeling languages thanks to model engineering tools. In this paper, we apply this approach to the fractal component model. Following this process, reflection mechanisms built at the abstract level are straightforwardly reused and the resulting reflection system gains modularity.",ieee,llm,0.970,unreviewed,,doi:10.1109/sera.2008.19
discarded,Aspect-oriented requirements engineering with problem frames,Stephan Faßbender; Maritta Heisel; Rene Meis,2014,2014 9th International Conference on Software Paradigm Trends (ICSOFT-PT),,https://ieeexplore.ieee.org/document/7292591/,adjacent-subtopic,"Nowadays, the requirements of various stakeholders for a system do not only increase the complexity of the system-to-be, but also contain different cross-cutting concerns. In such a situation, requirements engineers are really challenged to master the complexity and to deliver a coherent and complete description of the system-to-be. Hence, they are in need for methods which reduce the complexity, handle functional and quality requirements, check completeness and reveal interactions, and are tool supported to lower the effort. One possible option to handle the complexity of a system-to-be is the separation of concerns. Both, aspect-oriented requirements engineering and the problem frames approach implement this principle. Therefore, we propose a combination of both, the AORE4PF (Aspect-Oriented Requirements Engineering for Problem Frames) method. AORE4PF provides guidance for classifying requirements, separating the different concerns, modeling requirements for documentation and application of completeness and interaction analyses, and weaving the reusable parts to a complete and coherent system. AORE4PF provides tool support for most activities. We exemplify our method using a smart grid case obtained from the NESSoS project. For validation, the results of a small experiment in the field of crisis management systems are presented.",ieee,llm,0.980,unreviewed,,hash:379ebf28e6aa29ff
discarded,DESIGN AND ANALYSIS OF ASPECT ORIENTED METRIC CWCoAR USING COGNITIVE APPROACH,"Sheela, G. Arockia Sahaya; Aloysius, A.",2017,2017 2ND WORLD CONGRESS ON COMPUTING AND COMMUNICATION TECHNOLOGIES (WCCCT),10.1109/WCCCT.2016.55,https://www.webofscience.com/wos/woscc/full-record/WOS:000425925300045,adjacent-subtopic,"Aspect Oriented Software Development is a new and emerging paradigm, which supports the separation of concerns that are scattered over the system. Aspect Oriented Programming (AOP) extends the traditional object-oriented programming (OOP) model to improve code reuse across different object hierarchies. AOP can be used with object oriented programming. AspectJ is an implementation of aspect-oriented programming for Java. AspectJ adds to Java just one new concept, a join point and that adds name for an existing Java concept. Maintainability is regarded a software attribute that plays a vital role in software quality level. If the software's quality level is higher, the less effort/cost the software maintenance cycle requires. Software metrics are used in quantifying desirable software and software development characteristics of aspect oriented software development (AOSD). The maintenance cost can be controlled if software metrics is utilized during the development phase. This paper proposes and defines a new Cognitive Weighted Coupling on Attribute Reference (CWCoAR) complexity metric.",wos,llm,0.980,unreviewed,,doi:10.1109/wccct.2016.55
