status,title,authors,year,venue,doi,url,tags,abstract,provider,decision_source,llm_confidence,llm_review_outcome,llm_change_direction,paper_id
discarded,Fostering ScientificThinking in Primary Educationthrough Chemistry: Addressing Misconceptions with Experimental Learning,"Pentucci, Maila; d'Alessandro, Nicola; Mascitti, Andrea; Coccia, Francesca; Tonucci, Lucia",2026,JOURNAL OF CHEMICAL EDUCATION,10.1021/acs.jchemed.6c00253,https://www.webofscience.com/wos/woscc/full-record/WOS:001840212100001,off-topic-false-hit,"Early science education plays an important role in shaping children's engagement with natural phenomena and in making their intuitive explanations visible before they become more resistant to revision. Beyond the educational findings, the study provides a set of classroom-tested chemistry activities that may support primary teachers in addressing common misconceptions through experimental learning. The research was carried out through a collaborative partnership between university researchers and primary school teachers in an Italian second-grade classroom with pupils aged 7-8. Four experimental modules were developed around everyday phenomena: color mixing, gas mass, air pressure, and water properties. These topics were selected for their relevance to early chemistry education and for their potential to reveal children's alternative conceptions. Pupils' written responses, collected through pre- and postactivity reflective worksheets, were analyzed through qualitative content and thematic analysis. The findings suggest that the laboratory activities offered opportunities to mobilize pupils' prior knowledge, foster engagement with chemical phenomena, and support the emergence of preliminary forms of scientific reasoning, such as making predictions, describing observations, and comparing initial ideas with observable events. However, the results also show that conceptual development was uneven across the four laboratories. In particular, the activity on water properties proved difficult for pupils, whose responses often remained generic or linked to prior intuitive explanations. Therefore, the study does not provide evidence of stable conceptual change but rather highlights the educational potential of guided laboratory experiences for eliciting and discussing children's naive ideas in early chemistry education. The results also point to the importance of developmentally appropriate design, reflective scaffolding, and interdisciplinary collaboration among chemistry experts, pedagogical researchers, and primary school teachers.",wos,llm,1.000,unreviewed,,doi:10.1021/acs.jchemed.6c00253
discarded,"What is ""Quantum Technology"" for students and general public in Italy?","Tartaglia, Diana",2026,NUOVO CIMENTO C-COLLOQUIA AND COMMUNICATIONS IN PHYSICS,10.1393/ncc/i2026-26219-8,https://www.webofscience.com/wos/woscc/full-record/WOS:001833905900024,off-topic-false-hit,"The growing relevance of Quantum Technologies (QTs) in the context of the Second Quantum Revolution makes public and educational awareness increasingly essential. As emerging quantum-based applications are expected to transform multiple technological sectors, their successful development will depend not only on specialized expertise but also on the informed engagement of a broader community, including students and the general public. However, new technologies are often hindered by misconceptions or by oversimplified popular narratives. This study presents the results of a survey administered to high school students and to participants in public engagement events focused on QTs. When asked to provide an example of a quantum technology, only about 20% of respondents offered an appropriate answer. These findings highlight critical gaps in QT understanding and raise important questions about how quantum technologies are represented in educational materials and outreach activities. The study underscores the need for more effective strategies to develop accurate and accessible QT education.",wos,llm,1.000,unreviewed,,doi:10.1393/ncc/i2026-26219-8
discarded,Soft contact lens wear in children: benefits and limitations,"Greenaway, Nathan L.; Sulley, Anna; Young, Graeme",2026,CLINICAL AND EXPERIMENTAL OPTOMETRY,10.1080/08164622.2026.2694435,https://www.webofscience.com/wos/woscc/full-record/WOS:001829275100001,off-topic-false-hit,"Soft contact lens wear in children offers an appealing alternative to spectacles and has emerged as an area of significant interest, particularly within the context of the increasing prevalence of myopia. However, despite the advantages and growing acceptance of soft contact lens wear in children, spectacles remain the predominant method of vision correction for this group. This narrative literature review highlights the benefits of soft contact lens wear for children - as well as the challenges that face its wider acceptance - and aims to provide eye care professionals with a timely resource to aid in addressing parental concerns and misconceptions about the appropriateness of soft contact lenses for children. Parental concerns may include misunderstandings about handling, safety, compliance, and comfort, and many parents may not be aware of the extent to which children can benefit from soft contact lens wear. Soft contact lens wear provides children with an improved quality of life and improved satisfaction with vision correction since it helps children to enjoy a wide range of physical activity and improves self-perceptions of both appearance and social acceptance. Soft contact lenses also seem a good mode for myopia control as more consistent use could make them a more effective treatment than spectacles, which children often remove. Various factors are considered when choosing a mode of vision correction; this narrative review provides an overview of the current research on the benefits and limitations of soft contact lens wear for children compared with spectacle wear.",wos,llm,1.000,unreviewed,,doi:10.1080/08164622.2026.2694435
discarded,"Memory, Suggestibility, Consistency, and Plausibility: Examining the Effects of Credibility Dimensions on Jury Verdicts in a Mock Child Sexual Abuse Trial","St George, Suzanne; Bliesner, Katelin; Stolzenberg, Stacia",2026,PSYCHOLOGY PUBLIC POLICY AND LAW,10.1037/law0000501,https://www.webofscience.com/wos/woscc/full-record/WOS:001824081800001,off-topic-false-hit,"Child sexual abuse (CSA) prosecutions often hinge on the perceived credibility of the alleged child victim, especially when corroborating evidence is lacking. Myths and misconceptions about how CSA unfolds, children's cognitive abilities, and their susceptibility to suggestive influences further undermine credibility, influencing jury verdicts. Researchers analyzing CSA trials have found that attorneys commonly question alleged victims to assess credibility. Questioning maps onto several dimensions: the child's cognitive ability and memory for events, their honesty and suggestive influences, the plausibility of how the abuse unfolded and the child's reaction, and the consistency of their statements. The purpose of the current study was to assess which of these dimensions most influence jurors' belief in the child's testimony and their verdicts. We presented mock jurors with testimony from real CSA trials and assessed their perceptions of credibility across four dimensions-memory and cognitive ability, honesty and suggestive influences, plausibility, and consistency. We further explored whether these dimensions had different associations with jurors' belief in the child and their verdicts. Plausibility had the largest association with belief, and it was the only credibility dimension that statistically significantly increased the likelihood of a guilty verdict. These findings suggest that different dimensions of credibility may influence juror decision-making in distinct ways. Attorneys questioning children in court may consider emphasizing the credibility dimensions that have the greatest impact on jury verdicts, namely plausibility and, to a lesser extent, memory/cognition. Attorneys should also assess jurors' CSA misconceptions during empanelment and introduce expert testimony to debunk myths.",wos,llm,1.000,unreviewed,,doi:10.1037/law0000501
discarded,Inference and Imagination,"Byrne, Ruth M. J.",2026,TOPICS IN COGNITIVE SCIENCE,10.1111/tops.70066,https://www.webofscience.com/wos/woscc/full-record/WOS:001797286600001,off-topic-false-hit,"Our ability to imagine alternatives to reality is central to everyday cognition. Our competence in reasoning depends not only on our capacity to envisage the relevant facts, but also on our proficiency in simulating alternatives to them. I discuss how our skill in making deductive inferences depends on imagining possibilities. To illustrate, I consider evidence on the suppression of inferences, the cognitive processes based on mental models that explain how we make inferences, and corroboration from studies of counterfactual reasoning. I also discuss how our ability to create alternatives to reality depends on identifying mutable aspects of mental simulations. To illustrate, I consider evidence on imagining alternatives to aspects of situations within our control, the cognitive processes based on simulation availability that explain how we create alternatives to reality, and corroboration from studies of moral decision-making. I conclude with an exploration of the imagination as the engine of the mind.",wos,llm,0.990,unreviewed,,doi:10.1111/tops.70066
discarded,An explanatory mixed-method study to unearth the cascade of events of implementation and coverage challenges of tuberculosis preventive treatment in two tribal-dominant districts of central India,"Singh, Manjula; Singh, Akash R.; Kabirpanthi, Vikrant; Soni, Somi; Kumar, Amber; Bakshi, Sanjeev; Patel, Digvesh K.; Chalga, Manjeet S.",2026,JOURNAL OF FAMILY MEDICINE AND PRIMARY CARE,10.4103/jfmpc.jfmpc_1930_25,https://www.webofscience.com/wos/woscc/full-record/WOS:001773312100023,off-topic-false-hit,"Context:Tuberculosis preventive treatment (TPT) has the potential to achieve the greatest reduction in new TB cases as a single intervention in the high-burden countries like India.Aims:This study assessed the coverage and adherence of TPT among household child contacts (HHCC) aged <5 years in two resource-constrained districts and explored related health system and beneficiary-level barriers.Design:An explanatory mixed-method design was adopted.Methods and Material:The quantitative phase estimated TPT coverage and adherence through initiation and completion rates, followed by a qualitative phase to explore implementation challenges. Data were collected from 320 HHCC and eight programme stakeholders between November 2022 and March 2023.Results:Of 594 notified TB patients, 320 HHCC were identified and all were eligible for TPT. The initiation rate was 17.5% and completion rate 9.7%. Among non-initiators, 91% were uninformed and 8% considered TPT unnecessary. Around 7% discontinued treatment due to interrupted drug supply. Poor initiation was associated with specific TB Units, limited staff experience, and absence of home visits. Qualitative findings revealed key health system barriers such as ineffective training on TPT rationale, communication, lack of home visits, and Nikshay portal issues. Beneficiary related barriers included hesitancy, migration, misconceptions about TPT, and supply disruptions.Conclusions:TPT coverage and adherence among HHCC were suboptimal, with health system challenges outweighing beneficiary barriers. Strengthening staff training on TPT rationale effective communication, supervision along with ensuring consistent drug supply may prove essential to improve TPT implementation in resource-limited settings.",wos,llm,1.000,unreviewed,,doi:10.4103/jfmpc.jfmpc_1930_25
discarded,"The impact of flood experience on primary school students' climate change knowledge, self-assessment and attitudes","Kyriazis, Nikolaos; Stylos, Georgios",2026,ENVIRONMENTAL EDUCATION RESEARCH,10.1080/13504622.2026.2631664,https://www.webofscience.com/wos/woscc/full-record/WOS:001702625800001,off-topic-false-hit,"The last decade climate change has led to more frequent and intense extreme weather events. In September 2023, storm Daniel caused catastrophic floods in Thessaly, Greece creating an opportunity to explore how disaster experience shapes students' knowledge, self-assessment, and attitudes towards climate change. Quantitative research was conducted with (N = 711) students from eight primary schools in flood-affected areas using a structured questionnaire. Students demonstrated mixed levels of conceptual knowledge, with notable misconceptions. Girls outperformed boys in knowledge, while fifth graders scored higher than sixth graders on knowledge, likely due to curriculum differences. However, older students showed stronger attitudes and higher self-assessment. Direct flood experience was linked to significantly higher knowledge scores. Furthermore, negative emotions such as fear, insecurity, and sadness correlated with more positive attitudes. A moderate correlation was found between attitudes and self-assessment, but no significant correlation emerged between attitudes and knowledge. These findings indicate that disaster experience can enhance students' knowledge toward climate change but not necessarily improve more positive attitudes. The persistence of misconceptions and the gap between knowledge and attitudes underline call for curricula providing not only knowledge about climate change and its mechanisms but also foster personal experiences and emotional engagement especially in high-risk areas.",wos,llm,1.000,unreviewed,,doi:10.1080/13504622.2026.2631664
discarded,Parental Knowledge and Perceptions of the First Episode of Seizure in Children: A Single-Center Cross-Sectional Study,"Agarwal, Ankit; Gupta, Aastha; Nguyen, Jennifer N.; Aggarwal, Anju",2025,SAGE OPEN PEDIATRICS,10.1177/30502225251374941,https://www.webofscience.com/wos/woscc/full-record/WOS:001580803800001,off-topic-false-hit,"Introduction: Seizures in children are distressing events for caregivers, particularly when occurring for the first time. Parental knowledge and perceptions significantly influence the timeliness of medical intervention, pre-hospital management, and clinical outcomes. Objectives: This study aimed to assess parental knowledge and perceptions regarding their child's first seizure episode, identify gaps in understanding, and explore factors associated with misconceptions and delays in seeking medical care. Methods: A cross-sectional survey was conducted among parents of children presenting to the emergency department with a first-time seizure. Results: Among 100 respondents, 74% correctly identified seizure symptoms. However, none reported performing appropriate pre-hospital interventions or demonstrated knowledge of seizure-specific first-aid measures. Additionally, higher parental education was significantly associated with better knowledge scores (P < .05). Conclusion: This study reveals gaps in parental knowledge and a high prevalence of misconceptions related to pediatric seizures. These findings underscore the need for targeted educational interventions to improve caregiver responses and enhance care.",wos,llm,1.000,unreviewed,,doi:10.1177/30502225251374941
discarded,Disentangling the Dissolution of Ionic and Molecular Compounds: Alternative Conceptions and Teaching Considerations in Chemistry,"Torres, Daniela; Xu, Alex; Abrams, Binyomin",2025,JOURNAL OF CHEMICAL EDUCATION,10.1021/acs.jchemed.5c00307,https://www.webofscience.com/wos/woscc/full-record/WOS:001514088400001,off-topic-false-hit,"Students often develop alternative conceptions about fundamental chemistry concepts, particularly regarding the dissolution of ionic, molecular, and acidic compounds. These naive conceptions, which persist despite formal instruction, may stem from the ways in which chemistry is taught at the high school level. This study investigates how high school chemistry teachers conceptualize and teach dissolution as well as how alternative conceptions relating to these concepts arise in student understanding. Semistructured interviews were conducted with high school chemistry teachers and second-semester general chemistry students to analyze their understanding of dissolution through the lens of Johnstone's triangle, which emphasizes the interplay between macroscopic observations, submicroscopic interactions, and symbolic representations. Findings indicate that teachers frequently rely on macroscopic demonstrations and submicroscopic particle models while de-emphasizing symbolic representations, particularly balanced chemical equations. Many teachers exhibited fragmented conceptions, often portraying HCl as an ionic compound or omitting key molecular-level processes in describing its dissolution. Furthermore, inconsistencies in textbook explanations and instructional language-such as the interchangeable use of ""dissociation"" and ""ionization""-contribute to the confusion. As a result, students struggle to connect chemical equations with molecular-level processes, reinforcing alternative conceptions that persist in college-level chemistry. This study underscores the importance of helping students integrate symbolic representations alongside macroscopic and submicroscopic models. By explicitly addressing these instructional gaps and refining pedagogical approaches, educators can help students develop a more accurate and meaningful understanding of dissolution, ultimately supporting their progression in chemistry learning.",wos,llm,1.000,unreviewed,,doi:10.1021/acs.jchemed.5c00307
discarded,Adverse Effects Following Immunisation and Vaccine Hesitancy: A Qualitative Study in a South Indian District,"Gopalan, Retheesh Babu; Babu, Bontha, V; Sarma, S. Krishna; John, Rooth P.",2025,DRUG HEALTHCARE AND PATIENT SAFETY,10.2147/DHPS.S515064,https://www.webofscience.com/wos/woscc/full-record/WOS:001511511900001,off-topic-false-hit,"Background: Parental perceptions and concerns about vaccine safety and 'adverse effects following immunisation' (AEFI) are the reasons for vaccine hesitancy. This study aimed to understand how these vaccine-related concerns have become significant determinants of vaccine decision-making among non-vaccinating parents in the Alappuzha district of Kerala, India. The healthcare providers' views in this regard are also reported. Methods: This is a qualitative study. In-depth interviews were conducted with informants from 110 households having nonimmunised/partly-immunised children. In addition, 18 healthcare providers were interviewed. Thematic analysis using the reflective thematic method was carried out. Results: Parents reported incidences of minor events of AEFI and are hesitant to continue vaccination in circumstances when children need medical treatment. AEFI incidents within the family have seriously hampered the trust in vaccines. Parents have concerns about multiple vaccinations and have misconceptions about the content of vaccines. Other concerns that lead to hesitancy are vaccine-related infertility, polio infection after polio vaccination and autism due to vaccination. Healthcare providers reported that there were no serious incidents that needed hospitalisation. Health workers opined that informing parents about AEFIs and preparing them is better. Conclusion: The study reported that AEFIs are a barrier to vaccine acceptance. It warrants the need to build trust in vaccines and the vaccination process. Transparent communication with the beneficiaries is crucial. AEFI monitoring and reporting should be an essential component of efforts to minimise vaccination hesitancy.",wos,llm,1.000,unreviewed,,doi:10.2147/dhps.s515064
