status,title,authors,year,venue,doi,url,tags,abstract,provider,decision_source,llm_confidence,llm_review_outcome,llm_change_direction,paper_id
discarded,"Review of deep learning: concepts, CNN architectures, challenges, applications, future directions",Laith H. Alzubaidi; Jinglan Zhang; Amjad J. Humaidi; Ayad Q. Al-Dujaili; Ye Duan; Omran Al-Shamma; Jose I. Santamaria; Mohammed Abdulraheem Fadhel; Muthana Al‐Amidie; Laith Farhan,2021,Journal Of Big Data,10.1186/s40537-021-00444-8,https://openalex.org/W3140854437,off-topic-false-hit,"In the last few years, the deep learning (DL) computing paradigm has been deemed the Gold Standard in the machine learning (ML) community. Moreover, it has gradually become the most widely used computational approach in the field of ML, thus achieving outstanding results on several complex cognitive tasks, matching or even beating those provided by human performance. One of the benefits of DL is the ability to learn massive amounts of data. The DL field has grown fast in the last few years and it has been extensively used to successfully address a wide range of traditional applications. More importantly, DL has outperformed well-known ML techniques in many domains, e.g., cybersecurity, natural language processing, bioinformatics, robotics and control, and medical information processing, among many others. Despite it has been contributed several works reviewing the State-of-the-Art on DL, all of them only tackled one aspect of the DL, which leads to an overall lack of knowledge about it. Therefore, in this contribution, we propose using a more holistic approach in order to provide a more suitable starting point from which to develop a full understanding of DL. Specifically, this review attempts to provide a more comprehensive survey of the most important aspects of DL and including those enhancements recently added to the field. In particular, this paper outlines the importance of DL, presents the types of DL techniques and networks. It then presents convolutional neural networks (CNNs) which the most utilized DL network type and describes the development of CNNs architectures together with their main features, e.g., starting with the AlexNet network and closing with the High-Resolution network (HR.Net). Finally, we further present the challenges and suggested solutions to help researchers understand the existing research gaps. It is followed by a list of the major DL applications. Computational tools including FPGA, GPU, and CPU are summarized along with a description of their influence on DL. The paper ends with the evolution matrix, benchmark datasets, and summary and conclusion.",openalex,llm,1.000,unreviewed,,doi:10.1186/s40537-021-00444-8
discarded,"MIT App Inventor: Objectives, Design, and Development",Evan W. Patton; Mike Tissenbaum; Farzeen Harunani,2019,,10.1007/978-981-13-6528-7_3,https://openalex.org/W2966718639,"qualifies-claim; adjacent-subtopic; tool or course description, no finding on learning event-driven programming or functions as values","MIT App Inventor is an online platform designed to teach computational thinking concepts through development of mobile applications. Students create applications by dragging and dropping components into a design view and using a visual blocks language to program application behavior. In this chapter, we discuss (1) the history of the development of MIT App Inventor, (2) the project objectives of the project and how they shape the design of the system, and (3) the processes MIT uses to develop the platform and how they are informed by computational thinking literature. Key takeaways include use of components as abstractions, alignment of blocks with student mental models, and the benefits of fast, iterative design on learning.",openalex,llm_reviewed,0.850,changed,kept->discarded,doi:10.1007/978-981-13-6528-7_3
discarded,Effective compiler error message enhancement for novice programming students,Brett A. Becker; Graham Glanville; Ricardo Iwashima; Claire M. McDonnell; Kyle Goslin; Catherine Mooney,2016,Computer Science Education,10.1080/08993408.2016.1225464,https://openalex.org/W2523566863,adjacent-subtopic,"Programming is an essential skill that many computing students are expected to master. However, programming can be difficult to learn. Successfully interpreting compiler error messages (CEMs) is crucial for correcting errors and progressing toward success in programming. Yet these messages are often difficult to understand and pose a barrier to progress for many novices, with struggling students often exhibiting high frequencies of errors, particularly repeated errors. This paper presents a control/intervention study on the effectiveness of enhancing Java CEMs. Results show that the intervention group experienced reductions in the number of overall errors, errors per student, and several repeated error metrics. These results are important as the effectiveness of CEM enhancement has been recently debated. Further, generalizing these results should be possible at least in part, as the control group is shown to be comparable to those in several studies using Java and other languages.",openalex,llm,0.960,unreviewed,,doi:10.1080/08993408.2016.1225464
discarded,CodeMaster - Automatic Assessment and Grading of App Inventor and Snap! Programs,Christiane Gresse von Wangenheim; Jean Carlo Rossa Hauck; Matheus Faustino DEMETRIO; Rafael Pelle; Nathalia da Cruz Alves; Heliziane Barbosa; Luiz Felipe Azevedo,2018,Informatics in Education,10.15388/infedu.2018.08,https://openalex.org/W2799461297,adjacent-subtopic,"The development of computational thinking is a major topic in K-12 education. Many of these experiences focus on teaching programming using block-based languages. As part of these activities, it is important for students to receive feedback on their assignments. Yet, in practice it may be difficult to provide personalized, objective and consistent feedback. In this context, automatic assessment and grading has become important. While there exist diverse graders for text-based languages, support for block-based programming languages is still scarce. This article presents CodeMaster, a free web application that in a problem-based learning context allows to automatically assess and grade projects programmed with App Inventor and Snap!. It uses a rubric measuring computational thinking based on a static code analysis. Students can use the tool to get feedback to encourage them to improve their programming competencies. It can also be used by teachers for assessing whole classes easing their workload.",openalex,llm,0.870,unreviewed,,doi:10.15388/infedu.2018.08
discarded,Long-Term Effects of Budesonide or Nedocromil in Children with Asthma,The Childhood Asthma Management Program Research Group,2000,New England Journal of Medicine,10.1056/nejm200010123431501,https://openalex.org/W2594805288,off-topic-false-hit,"BACKGROUND: Antiinflammatory therapies, such as inhaled corticosteroids or nedocromil, are recommended for children with asthma, although there is limited information on their long-term use. METHODS: We randomly assigned 1041 children from 5 through 12 years of age with mild-to-moderate asthma to receive 200 microg of budesonide (311 children), 8 mg of nedocromil (312 children), or placebo (418 children) twice daily. We treated the participants for four to six years. All children used albuterol for asthma symptoms. RESULTS: There was no significant difference between either treatment and placebo in the primary outcome, the degree of change in the forced expiratory volume in one second (FEV1, expressed as a percentage of the predicted value) after the administration of a bronchodilator. As compared with the children assigned to placebo, the children assigned to receive budesonide had a significantly smaller decline in the ratio of FEV1 to forced vital capacity (FVC, expressed as a percentage) before the administration of a bronchodilator (decline in FEV1:FVC, 0.2 percent vs. 1.8 percent). The children given budesonide also had lower airway responsiveness to methacholine, fewer hospitalizations (2.5 vs. 4.4 per 100 person-years), fewer urgent visits to a caregiver (12 vs. 22 per 100 person-years), greater reduction in the need for albuterol for symptoms, fewer courses of prednisone, and a smaller percentage of days on which additional asthma medications were needed. As compared with placebo, nedocromil significantly reduced urgent care visits (16 vs. 22 per 100 person-years) and courses of prednisone. The mean increase in height in the budesonide group was 1.1 cm less than in the placebo group (22.7 vs. 23.8 cm, P=0.005); this difference was evident mostly within the first year. The height increase was similar in the nedocromil and placebo groups. CONCLUSIONS: In children with mild-to-moderate asthma, neither budesonide nor nedocromil is better than placebo in terms of lung function, but inhaled budesonide improves airway responsiveness and provides better control of asthma than placebo or nedocromil. The side effects of budesonide are limited to a small, transient reduction in growth velocity.",openalex,llm,1.000,unreviewed,,doi:10.1056/nejm200010123431501
discarded,"A free, easy-to-use, computer-based simple and four-choice reaction time programme: The Deary-Liewald reaction time task",Ian J. Deary; David C M Liewald; Jack Nissan,2010,Behavior Research Methods,10.3758/s13428-010-0024-1,https://openalex.org/W2124025171,off-topic-false-hit,,openalex,llm,1.000,unreviewed,,doi:10.3758/s13428-010-0024-1
discarded,From image descriptions to visual denotations: New similarity metrics for semantic inference over event descriptions,Peter Young; Alice Lai; Micah Hodosh; Julia Hockenmaier,2014,Transactions of the Association for Computational Linguistics,10.1162/tacl_a_00166,https://openalex.org/W2185175083,off-topic-false-hit,"We propose to use the visual denotations of linguistic expressions (i.e. the set of images they describe) to define novel denotational similarity metrics, which we show to be at least as beneficial as distributional similarities for two tasks that require semantic inference. To compute these denotational similarities, we construct a denotation graph, i.e. a subsumption hierarchy over constituents and their denotations, based on a large corpus of 30K images and 150K descriptive captions.",openalex,llm,1.000,unreviewed,,doi:10.1162/tacl_a_00166
discarded,Conversations with AutoTutor Help Students Learn,Arthur C. Graesser,2016,International Journal of Artificial Intelligence in Education,10.1007/s40593-015-0086-4,https://openalex.org/W2294475924,off-topic-false-hit,"AutoTutor helps students learn by holding a conversation in natural language. AutoTutor is adaptive to the learners’ actions, verbal contributions, and in some systems their emotions. Many of AutoTutor’s conversation patterns simulate human tutoring, but other patterns implement ideal pedagogies that open the door to computer tutors eclipsing human tutors in learning gains. Indeed, current versions of AutoTutor yield learning gains on par with novice and expert human tutors. This article selectively highlights the status of AutoTutor’s dialogue moves, learning gains, implementation challenges, differences between human and ideal tutors, and some of the systems that evolved from AutoTutor. Current and future AutoTutor projects are investigating three-party conversations, called trialogues, where two agents (such as a tutor and student) interact with the human learner.",openalex,llm,0.990,unreviewed,,doi:10.1007/s40593-015-0086-4
discarded,Gastrointestinal flora and gastrointestinal status in children with autism – comparisons to typical children and correlation with autism severity,James B. Adams; Leah J Johansen; Linda D Powell; David W. Quig; Robert A. Rubin,2011,BMC Gastroenterology,10.1186/1471-230x-11-22,https://openalex.org/W1996441448,off-topic-false-hit,"BACKGROUND: Children with autism have often been reported to have gastrointestinal problems that are more frequent and more severe than in children from the general population. METHODS: Gastrointestinal flora and gastrointestinal status were assessed from stool samples of 58 children with Autism Spectrum Disorders (ASD) and 39 healthy typical children of similar ages. Stool testing included bacterial and yeast culture tests, lysozyme, lactoferrin, secretory IgA, elastase, digestion markers, short chain fatty acids (SCFA's), pH, and blood presence. Gastrointestinal symptoms were assessed with a modified six-item GI Severity Index (6-GSI) questionnaire, and autistic symptoms were assessed with the Autism Treatment Evaluation Checklist (ATEC). RESULTS: Gastrointestinal symptoms (assessed by the 6-GSI) were strongly correlated with the severity of autism (assessed by the ATEC), (r = 0.59, p < 0.001). Children with 6-GSI scores above 3 had much higher ATEC Total scores than those with 6-GSI-scores of 3 or lower (81.5 +/- 28 vs. 49.0 +/- 21, p = 0.00002).Children with autism had much lower levels of total short chain fatty acids (-27%, p = 0.00002), including lower levels of acetate, proprionate, and valerate; this difference was greater in the children with autism taking probiotics, but also significant in those not taking probiotics. Children with autism had lower levels of species of Bifidobacter (-43%, p = 0.002) and higher levels of species of Lactobacillus (+100%, p = 0.00002), but similar levels of other bacteria and yeast using standard culture growth-based techniques. Lysozyme was somewhat lower in children with autism (-27%, p = 0.04), possibly associated with probiotic usage. Other markers of digestive function were similar in both groups. CONCLUSIONS: The strong correlation of gastrointestinal symptoms with autism severity indicates that children with more severe autism are likely to have more severe gastrointestinal symptoms and vice versa. It is possible that autism symptoms are exacerbated or even partially due to the underlying gastrointestinal problems. The low level of SCFA's was partly associated with increased probiotic use, and probably partly due to either lower production (less sacchrolytic fermentation by beneficial bacteria and/or lower intake of soluble fiber) and/or greater absorption into the body (due to longer transit time and/or increased gut permeability).",openalex,llm,1.000,unreviewed,,doi:10.1186/1471-230x-11-22
discarded,ASTCT Consensus Grading for Cytokine Release Syndrome and Neurologic Toxicity Associated with Immune Effector Cells,Daniel W. Lee; Bianca Santomasso; Frederick Lundry Locke; Armin Ghobadi; Cameron John Turtle; Jennifer N. Brudno; Marcela Valderrama Maus; Jae H. Park; Elena Mead; Steven Zivko Pavletic; William Y. Go; Lamis K. Eldjerou; Rebecca Alice Gardner; Noelle V. Frey; Kevin Joseph Curran; Karl S. Peggs; Marcelo C. Pasquini; John F. DiPersio; Marcel R.M. van den Brink; Krishna V. Komanduri; Stephan A. Grupp; Sattva Swarup Neelapu,2018,Transplantation and Cellular Therapy,10.1016/j.bbmt.2018.12.758,https://openalex.org/W2905654445,off-topic-false-hit,"Chimeric antigen receptor (CAR) T cell therapy is rapidly emerging as one of the most promising therapies for hematologic malignancies. Two CAR T products were recently approved in the United States and Europe for the treatment ofpatients up to age 25years with relapsed or refractory B cell acute lymphoblastic leukemia and/or adults with large B cell lymphoma. Many more CAR T products, as well as other immunotherapies, including various immune cell- and bi-specific antibody-based approaches that function by activation of immune effector cells, are in clinical development for both hematologic and solid tumor malignancies. These therapies are associated with unique toxicities of cytokine release syndrome (CRS) and neurologic toxicity. The assessment and grading of these toxicities vary considerably across clinical trials and across institutions, making it difficult to compare the safety of different products and hindering the ability to develop optimal strategies for management of these toxicities. Moreover, some aspects of these grading systems can be challenging to implement across centers. Therefore, in an effort to harmonize the definitions and grading systems for CRS and neurotoxicity, experts from all aspects of the field met on June 20 and 21, 2018, at a meeting supported by the American Society for Transplantation and Cellular Therapy (ASTCT; formerly American Society for Blood and Marrow Transplantation, ASBMT) in Arlington, VA. Here we report the consensus recommendations of that group and propose new definitions and grading for CRS and neurotoxicity that are objective, easy to apply, and ultimately more accurately categorize the severity of these toxicities. The goal is to provide a uniform consensus grading system for CRS and neurotoxicity associated with immune effector cell therapies, for use across clinical trials and in the postapproval clinical setting.",openalex,llm,1.000,unreviewed,,doi:10.1016/j.bbmt.2018.12.758
discarded,Semantic Similarity in a Taxonomy: An Information-Based Measure and its Application to Problems of Ambiguity in Natural Language,Philip Resnik,1999,Journal of Artificial Intelligence Research,10.1613/jair.514,https://openalex.org/W1659833910,off-topic-false-hit,"This article presents a measure of semantic similarity in an IS-A taxonomy based on the notion of shared information content. Experimental evaluation against a benchmark set of human similarity judgments demonstrates that the measure performs better than the traditional edge-counting approach. The article presents algorithms that take advantage of taxonomic similarity in resolving syntactic and semantic ambiguity, along with experimental results demonstrating their effectiveness.",openalex,llm,1.000,unreviewed,,doi:10.1613/jair.514
discarded,The natural course of atopic dermatitis from birth to age 7 years and the association with asthma,Sabina Illi; Erika von Mutius; Susanne Lau; Renate Nickel; Christoph Grüber; B. Niggemann; Ulrich Wahn; the Multicenter Allergy Study Gro,2004,Journal of Allergy and Clinical Immunology,10.1016/j.jaci.2004.01.778,https://openalex.org/W2026147138,off-topic-false-hit,,openalex,llm,1.000,unreviewed,,doi:10.1016/j.jaci.2004.01.778
discarded,Comparing the Effectiveness of Scratch and App Inventor with Regard to Learning Computational Thinking Concepts,Youngki Park; Youhyun Shin,2019,Electronics,10.3390/electronics8111269,https://openalex.org/W2989293288,"qualifies-claim; adjacent-subtopic; tool or course description, no finding on learning event-driven programming or functions as values","Scratch and App Inventor are two of the most widely used block-based programming languages for young students. These are educational languages which allow students to program easily by dragging and dropping their code blocks. One question that arises in relation to these educational languages is which of them would be more helpful in fostering computational thinking. It is difficult to answer this question because each language has its own advantages. In this paper, we propose a novel rubric based on Dr. Scratch for assessing both Scratch and App Inventor projects in terms of computational thinking concept learning. We crawled teachers’ and students’ open and popular projects and automatically calculated their effectiveness scores with regard to learning computational thinking concepts based on our rubric. The experimental results show that (1) Scratch projects scored higher on average in Parallelism, Synchronization and Flow Control, while App Inventor projects scored higher on average in User Interactivity and Data Representation. The results also show that (2) in many cases, large programs with numerous lines of code scored high in all areas of computational thinking concepts.",openalex,llm_reviewed,0.900,changed,kept->discarded,doi:10.3390/electronics8111269
discarded,"Money Attitudes, Credit Card Use, and Compulsive Buying among American College Students",James Allen Roberts; Eli Jones,2001,Journal of Consumer Affairs,10.1111/j.1745-6606.2001.tb00111.x,https://openalex.org/W2040348508,off-topic-false-hit,"The consumer culture has evolved into one of the most powerful forces shaping individuals and societies (Roberts and Sepulveda 1999 a, b). The desire to become a member of the consumer culture appears to be universal (Droge and Mackoy 1995). Changing attitudes toward money are an important catalyst behind the spread of the consumer culture. Money is important—especially to American college students who have been raised in a credit card society where debt is used freely (Ritzer 1995). Schor (1998) believes that access to easy credit is one of the causes of overspending. Using a causal modeling approach, the present study investigated the role money attitudes and credit card use play in compulsive buying within a sample of American college students (see Figure 1). Findings suggest that the money attitudes powerprestige, distrust, and anxiety (Yamauchi and Templer 1982) are closely related to compulsive buying and that credit card use often moderates these relationships. Study results have important public policy, marketing, and research implications.",openalex,llm,1.000,unreviewed,,doi:10.1111/j.1745-6606.2001.tb00111.x
