status,title,authors,year,venue,doi,url,tags,abstract,provider,decision_source,llm_confidence,llm_review_outcome,llm_change_direction,paper_id
discarded,"How to Build Android Applications with Kotlin: A hands-on guide to developing, testing, and publishing production-grade Android 16 apps",Alex Forrester; Eran Boudjnah; Alexandru Dumbravan; Jomar Tigcal,2025,"How to Build Android Applications with Kotlin: A hands-on guide to developing, testing, and publishing production-grade Android 16 apps",,https://ieeexplore.ieee.org/document/11244366/,adjacent-subtopic,"Utilize Android programming to build scalable and reliable apps using industry best practices with practical guidance from a team of Android experts with over 60 years of combined experience Get a free PDF copy, AI Assistant, and Next-Gen Reader with your bookKey FeaturesBuild real-world Android apps with Kotlin and the Jetpack Compose UI frameworkLeverage the latest libraries to accelerate your Android developmentOvercome development challenges with tips and tricks from experienced Android professionalsGet With Your Book: PDF Copy, AI Assistant, and Next-Gen Reader FreeBook DescriptionWritten by four veteran developers with 60+ years of collective experience, this updated third edition will jumpstart your Android development journey, focusing on Kotlin libraries and Jetpack Compose, Google’s powerful declarative UI framework. You’ll learn the fundamentals of app development, enabling you to use Android Studio, as well as get to grips with Jetpack Compose to create your first screens, build apps to run them on virtual devices through guided exercises, and implement Jetpack Compose’s layout groups to make the most of lists, images, and maps. The book has been updated with Kotlin’s powerful networking and coroutines libraries to help you fetch data in the background from a web service and manage displaying the data using Kotlin flows. You’ll learn about testing, creating clean architecture, and persisting data, as well as exploring the dependency injection pattern and learning how to publish your apps on the Google Play Store. You'll also work on realistic projects split up into bite-size exercises and activities, along with building apps to create quizzes, read news articles, check weather reports, store recipes, retrieve movie information, and remind you where you parked your car. By the end of this book, you'll have gained the skills and confidence to build your own creative Android apps using Kotlin.What you will learnCreate maintainable and scalable apps using KotlinGrasp Android asynchronous programming with coroutines and the Flow APISimplify app development with Google architecture componentsApply MVVM and Repository architecture patterns to standardize retrieving and displaying data from outside sourcesIncrease app stability and robustness with unit and integration testsUse standard libraries for dependency injection, networking, data parsing, and persistencePublish your app on the Google Play StoreWho this book is forThis book is for beginners as well as intermediate-level developers with no prior experience in Android app development. Basic knowledge of the Kotlin programming language or experience in a similar programming language, along with a willingness to brush up on Kotlin is required.",ieee,llm,0.930,unreviewed,,hash:2548f0d8e7769372
discarded,"Development of a tool for gaining relevant skills for a solid career in native Android development, focusing on today’s industry",Enombe Thierry Ewane; Manuel Mazzara,2021,"2021 International Conference ""Nonlinearity, Information and Robotics"" (NIR)",10.1109/NIR52917.2021.9665811,https://ieeexplore.ieee.org/document/9665811/,adjacent-subtopic,"The purpose of this study is to evaluate and appraise the required skills that segues native Android app developers from any level to experts levels. It takes a deep dive into industry demands for Android developer roles in terms of technical skills and mindset. This evaluation is supported by the opinions and experiences of expert native developers coupled with the mindset and discipline mostly worn to ensure a healthy and certain journey to expertise as far as native (that is non-cross-platform android app development in the context of this research) Android application is concerned. To complement this research, a native Android application was built. The aim of this application is to provide useful resources for every tool/skill revealed by our research. With such a system, we believe Android enthusiasts would be able to get a better view into the mind of the industry as well as get a better sense on how to obtain certain talents pertaining to Android development. The journey from developing a ‘hello world’ program to sophisticated applications such as ‘gmail, ‘spotify’, ‘yandex taxi’ just to name a few requires an exquisite set of skills, discipline, and mindset something which this research seeks to expose. This study is limited to native Android app development today and reflects a clearer perspective as to what today’s mobile industry demands in terms of technical skills, discipline and mindset. Our results contained data such as skills and tools mostly used in Android developer roles according to our respondents (Android developers, recruiters and team leaders) as well as those occasionally used. Mostly used skill contained skills like Kotlin, MVVM, XML, Glide, Material design just to name a few while skills occasionally used include Firebase, Sqlite, Unit testing, Dagger2. Also, skills where categorised into what respondent’ believed to be beginner, intermediate and expert levels. In addition to this, various personal opinions were got from respondents about how they would prefer to go about learning a new skill and more than 70% of them thought that they do via building on some small Android project.",ieee,llm,0.930,unreviewed,,doi:10.1109/nir52917.2021.9665811
discarded,Kickstart Modern Android Development with Jetpack and Kotlin: Enhance your applications by integrating Jetpack and applying modern app architectural concepts,Catalin Ghita,2022,Kickstart Modern Android Development with Jetpack and Kotlin: Enhance your applications by integrating Jetpack and applying modern app architectural concepts,,https://ieeexplore.ieee.org/document/10163381/,adjacent-subtopic,"Explore modern Android development in Kotlin 1.6.10 with this condensed hands-on guide to building reliable apps using libraries such as Compose, ViewModel, Hilt, Retrofit, Flow, and moreKey FeaturesExplore Jetpack libraries and other modern technologies for Android developmentImprove the architectural design of your Android appsEnhance the quality of your Android projects’ code bases and applications using the latest librariesBook DescriptionWith Jetpack libraries, you can build and design high-quality, robust Android apps that have an improved architecture and work consistently across different versions and devices. This book will help you understand how Jetpack allows developers to follow best practices and architectural patterns when building Android apps while also eliminating boilerplate code. Developers working with Android and Kotlin will be able to put their knowledge to work with this condensed practical guide to building apps with the most popular Jetpack libraries, including Jetpack Compose, ViewModel, Hilt, Room, Paging, Lifecycle, and Navigation. You'll get to grips with relevant libraries and architectural patterns, including popular libraries in the Android ecosystem such as Retrofit, Coroutines, and Flow while building modern applications with real-world data. By the end of this Android app development book, you'll have learned how to leverage Jetpack libraries and your knowledge of architectural concepts for building, designing, and testing robust Android applications for various use cases.What you will learnIntegrate popular Jetpack libraries such as Compose, ViewModel, Hilt, and Navigation into real Android apps with KotlinApply modern app architecture concepts such as MVVM, dependency injection, and clean architectureExplore Android libraries such as Retrofit, Coroutines, and FlowIntegrate Compose with the rest of the Jetpack libraries or other popular Android librariesWork with other Jetpack libraries such as Paging and Room while integrating a real REST API that supports paginationTest Compose UI and the application logic through unit testsWho this book is forThis book is for junior and intermediate-level Android developers looking to level up their Android development skills to develop high-quality apps using Jetpack libraries and other cutting-edge technologies. Beginners with knowledge of Android development fundamentals will also find this book useful. Familiarity with Kotlin is assumed.",ieee,llm,0.820,unreviewed,,hash:fd9c417366ca3228
kept,A Simple Software Development Methodology Based on MVP for Android Applications in a Classroom Context,Carmen N. Ojeda-Guerra,2015,"2015 IEEE International Conference on Computer and Information Technology; Ubiquitous Computing and Communications; Dependable, Autonomic and Secure Computing; Pervasive Intelligence and Computing",10.1109/CIT/IUCC/DASC/PICOM.2015.214,https://ieeexplore.ieee.org/document/7363258/,supports-claim,"With the world becoming a more mobile place for everyone through the use of smartphones, tablets and laptop computers, the need to help people to get mobile programming skills has never been greater. If anyone wants to become a mobile applications developer, the best approach might just be to learn how to develop and start doing it, and it's ""to learn how to develop"", the really important point. In this paper, we present a simple methodology which takes many features of different programming methodologies and uses its own. The main purpose of our methodology is that professionals in any field, with limited skills in mobile programming, can perform simple Android applications for use in their work environment or undergraduate engineering students can develop amazing apps with a minimum effort.",ieee,llm,0.750,unreviewed,,doi:10.1109/cit/iucc/dasc/picom.2015.214
discarded,iOS 16 Programming for Beginners: Kickstart your iOS app development journey with a hands-on guide to Swift 5.7 and Xcode 14,Ahmad Sahar; Craig Clayton,2022,iOS 16 Programming for Beginners: Kickstart your iOS app development journey with a hands-on guide to Swift 5.7 and Xcode 14,,https://ieeexplore.ieee.org/document/10163165/,adjacent-subtopic,"Take your next step in iOS app development and work with Xcode 14 and iOS 16. Purchase of the print or Kindle book includes a free eBook in PDF format.Key FeaturesExplore the latest features of Xcode 14 and the Swift 5.7 programming language in this updated seventh editionStart your iOS programming career and have fun building your own iOS appsDiscover the new features of iOS 16 such as Mac Catalyst, SwiftUI, Lock Screen widgets and WeatherKitBook DescriptionWith almost 2 million apps on the App Store, iOS mobile apps continue to be incredibly popular. Anyone can reach millions of customers around the world by publishing their apps on the App Store, which means that competent iOS developers are in high demand. iOS 16 Programming for Beginners, Seventh Edition, is a comprehensive introduction for those who are new to iOS, covering the entire process of learning the Swift language, writing your own app, and publishing it on the App Store. This book follows a hands-on approach. With step-by-step tutorials to real-life examples and easy-to-understand explanations of complicated topics, each chapter will help you learn and practice the Swift language to build your apps and introduce exciting new technologies to incorporate into your apps. You'll learn how to publish iOS apps and work with new iOS 16 features such as Mac Catalyst, SwiftUI, Lock Screen widgets, WeatherKit, and much more. By the end of this iOS development book, you'll have the knowledge and skills to write and publish interesting apps, and more importantly, to use the online resources available to enhance your app development journey.What you will learnGet to grips with the fundamentals of Xcode 14 and Swift 5.7, the building blocks of iOS developmentUnderstand how to prototype an app using storyboardsDiscover the Model-View-Controller design pattern and how to implement the desired functionality within an appImplement the latest iOS 16 features such as SwiftUI, Lock screen widgets, and WeatherKitConvert an existing iPad app into a Mac app with Mac CatalystDesign, deploy, and test your iOS applications with design patterns and best practicesWho this book is forThis book is for anyone who has programming experience but is new to Swift and iOS app development. Basic knowledge of programming, including loops, data types, and so on, is necessary. ",ieee,llm,0.960,unreviewed,,hash:205f3d920a3dcafb
kept,"Clean Android Architecture: Take a layered approach to writing clean, testable, and decoupled Android applications",Alexandru Dumbravan; Ed Price,2022,"Clean Android Architecture: Take a layered approach to writing clean, testable, and decoupled Android applications",,https://ieeexplore.ieee.org/document/10163253/,supports-claim,"Learn how to build, maintain, and test Android applications using clean architecture principlesKey FeaturesUnderstand various software design principles and patterns to make an application more testableStructure your application’s code into different layers and components to make it more maintainable and flexibleStudy popular libraries and frameworks and integrate them into an applicationBook DescriptionAs an application’s code base increases, it becomes harder for developers to maintain existing features and introduce new ones. In this clean architecture book, you'll learn to identify when and how this problem emerges and how to structure your code to overcome it. The book starts by explaining clean architecture principles and Android architecture components and then explores the tools, frameworks, and libraries involved. You’ll learn how to structure your application in the data and domain layers, the technologies that go in each layer, and the role that each layer plays in keeping your application clean. You’ll understand how to arrange the code into these two layers and the components involved in assembling them. Finally, you'll cover the presentation layer and the patterns that can be applied to have a decoupled and testable code base. By the end of this architecture book, you'll be able to build an application following clean architecture principles and have the knowledge you need to maintain and test the application easily.What you will learnDiscover and solve issues in Android legacy applicationsBecome well versed in the principles behind clean architectureGet to grips with writing loosely coupled and testable codeFind out how to structure an application’s code in separate layersUnderstand the role each layer plays in keeping the application cleanIntegrate existing frameworks and libraries for each layerWho this book is forThis book is for Android developers who want to learn about managing the complexity of their applications, and is also highly recommended for intermediate or advanced Android developers looking for a go-to guide for clean architecture and the integration of various Android technologies. New developers familiar with the fundamentals of Android app development will find this book useful too.",ieee,llm,0.940,unreviewed,,hash:42bbe8c5feb54a10
discarded,Warehouse Management System Enhancement: A Case Study of ATOZ Textiles Limited,Beatus Mbunda; Dina Machuve; Silas Mirau,2021,2021 IEEE AFRICON,10.1109/AFRICON51333.2021.9570993,https://ieeexplore.ieee.org/document/9570993/,adjacent-subtopic,"With technology advancement, the application of technology in conglomerate companies is crucial for company performance.Technology utilization in industry in developing countries is a challenge. Often there is a crisis of equipment, goods, and items destruction or loss in warehouses. The enhancement of the warehouse management system for the company helps to utilize resources effectively, thus improving company performance.This study aimed to enhance the management of warehouses through the use of information communication and technology. The study developed mobile applications for customer registration, order management, and stock management. The study also extended the web applications for account management, order management, invoice generation, client registration, and stock management. The study was conducted at AtoZ Textiles Company Limited located in the Kisongo area, Arusha Region.",ieee,llm,0.980,unreviewed,,doi:10.1109/africon51333.2021.9570993
discarded,GreenBundle: An Empirical Study on the Energy Impact of Bundled Processing,Shaiful Alam Chowdhury; Abram Hindle; Rick Kazman; Takumi Shuto; Ken Matsui; Yasutaka Kamei,2019,2019 IEEE/ACM 41st International Conference on Software Engineering (ICSE),10.1109/ICSE.2019.00114,https://ieeexplore.ieee.org/document/8811956/,adjacent-subtopic,"Energy consumption is a concern in the data-center and at the edge, on mobile devices such as smartphones. Software that consumes too much energy threatens the utility of the end-user's mobile device. Energy consumption is fundamentally a systemic kind of performance and hence it should be addressed at design time via a software architecture that supports it, rather than after release, via some form of refactoring. Unfortunately developers often lack knowledge of what kinds of designs and architectures can help address software energy consumption. In this paper we show that some simple design choices can have significant effects on energy consumption. In particular we examine the Model-View-Controller architectural pattern and demonstrate how converting to Model-View-Presenter with bundling can improve the energy performance of both benchmark systems and real world applications. We show the relationship between energy consumption and bundled and delayed view updates: bundling events in the presenter can often reduce energy consumption by 30%.",ieee,llm,0.880,unreviewed,,doi:10.1109/icse.2019.00114
discarded,Implement a Lean UX Model: Integrating Students' Academic Monitoring through a mobile app,Murein Miksa Mardhia; Ela Dwi Anggraini,2019,"2019 International Conference of Advanced Informatics: Concepts, Theory and Applications (ICAICTA)",10.1109/ICAICTA.2019.8904323,https://ieeexplore.ieee.org/document/8904323/,off-topic-false-hit,"This study explores how a Lean method collaborates with the UX characteristics to implement a single sign on application for the “Y Generation” age group to monitor their daily academic life. With a personalized mobile application, students will be able to monitor their academic and/or nonacademic activities that scheduled every day. Lean UX will support the development phase by creating a minimum viable product (MVP) fast as possible during several steps or iterations. The UI / UX experiment results generated through two iterations with Think Aloud Interview Testing and Software Usability Testing. The results obtained are used to represent the user acceptance during User Experience testing with increasing SUS score to 72.85 and decreasing average time completion, which indicates an increasing point of cognitive process of the users as 80% while interacting with the application.",ieee,llm,0.990,unreviewed,,doi:10.1109/icaicta.2019.8904323
discarded,MVC apps in the personal cloud,Xiaobo Zhang; Ralph Deters,2012,2012 IEEE Latin America Conference on Cloud Computing and Communications (LatinCloud),10.1109/LatinCloud.2012.6508150,https://ieeexplore.ieee.org/document/6508150/,adjacent-subtopic,"As the number of computing devices a user owns increases, the importance of cross-platform deployment and cross-platform experience increases. Instead of the user experience on a specific device, the consistent user experience across multiple devices becomes the key concern. Being able to use cloud services in a location, time and device independent manner results in a novel cloud experience. Unlike the device-centric mobile cloud computing the focus is on a user-centric cloud computing experience called personal cloud. In the personal cloud users are able to access their digital assets and services via apps across multiple devices in a seamless manner. To ensure consistent user experiences across multiple devices, this paper argues for the use of a web-driven MVC pattern and the use of channel-based publish-subscribe.",ieee,llm,0.820,unreviewed,,doi:10.1109/latincloud.2012.6508150
discarded,Study and application of a multimedia content transformation method based on model-view-controller 2x pattern,ShaoJing Fan; Zhongkun He; Yongping Zhang; Ling Zhang,2008,2008 7th World Congress on Intelligent Control and Automation,10.1109/WCICA.2008.4593934,https://ieeexplore.ieee.org/document/4593934/,supports-claim; adjacent-subtopic,Multimedia content transformation is raising increasing interest among software developers in various industries. The unique characteristics of different multimedia files are studied in this paper. An improved software architecture specialized for multimedia content transformation based on Model-View-Controller (MVC) pattern is proposed. A new multimedia content transformation method based on the improved architecture is presented. Tests show that the new method improves the flexibility and accuracy of multimedia content transformation by fully utilizing the merits of MVC model 2x.,ieee,llm_reviewed,0.680,changed,kept->discarded,doi:10.1109/wcica.2008.4593934
