status,title,authors,year,venue,doi,url,tags,abstract,provider,decision_source,llm_confidence,llm_review_outcome,llm_change_direction,paper_id
discarded,MolProbity : all-atom structure validation for macromolecular crystallography,Vincent B. Chen; W.B. Arendall; Jeffrey J. Headd; Daniel  A. Keedy; Robert M. Immormino; Gary J. Kapral; Laura W. Murray; Jane S. Richardson; David C. Richardson,2009,Acta Crystallographica Section D Biological Crystallography,10.1107/s0907444909042073,https://openalex.org/W2154714625,off-topic-false-hit,"MolProbity is a structure-validation web service that provides broad-spectrum solidly based evaluation of model quality at both the global and local levels for both proteins and nucleic acids. It relies heavily on the power and sensitivity provided by optimized hydrogen placement and all-atom contact analysis, complemented by updated versions of covalent-geometry and torsion-angle criteria. Some of the local corrections can be performed automatically in MolProbity and all of the diagnostics are presented in chart and graphical forms that help guide manual rebuilding. X-ray crystallography provides a wealth of biologically important molecular data in the form of atomic three-dimensional structures of proteins, nucleic acids and increasingly large complexes in multiple forms and states. Advances in automation, in everything from crystallization to data collection to phasing to model building to refinement, have made solving a structure using crystallography easier than ever. However, despite these improvements, local errors that can affect biological interpretation are widespread at low resolution and even high-resolution structures nearly all contain at least a few local errors such as Ramachandran outliers, flipped branched protein side chains and incorrect sugar puckers. It is critical both for the crystallographer and for the end user that there are easy and reliable methods to diagnose and correct these sorts of errors in structures. MolProbity is the authors' contribution to helping solve this problem and this article reviews its general capabilities, reports on recent enhancements and usage, and presents evidence that the resulting improvements are now beneficially affecting the global database.",openalex,llm,1.000,unreviewed,,doi:10.1107/s0907444909042073
discarded,"Macromolecular structure determination using X-rays, neutrons and electrons: recent developments in Phenix",Dorothee Claudia Liebschner; Pavel V. Afonine; Matthew L. Baker; Gàbor Bunkòczi; Vincent B. Chen; Tristan Ian Croll; Bradley J. Hintze; Li‐Wei Hung; Swati Jain; Airlie J. McCoy; Nigel W. Moriarty; Robert D. Oeffner; Billy K. Poon; Michael G. Prisant; Randy J. Read; Jane S. Richardson; David C. Richardson; Massimo Domenico Sammito; Oleg V. Sobolev; Duncan H. Stockwell; Thomas C. Terwilliger; Alexandre Urzhumtsev; Lizbeth L. Videau; Christopher J. Williams; Paul D. Adams,2019,Acta Crystallographica Section D Structural Biology,10.1107/s2059798319011471,https://openalex.org/W2973457155,off-topic-false-hit,"Diffraction (X-ray, neutron and electron) and electron cryo-microscopy are powerful methods to determine three-dimensional macromolecular structures, which are required to understand biological processes and to develop new therapeutics against diseases. The overall structure-solution workflow is similar for these techniques, but nuances exist because the properties of the reduced experimental data are different. Software tools for structure determination should therefore be tailored for each method. Phenix is a comprehensive software package for macromolecular structure determination that handles data from any of these techniques. Tasks performed with Phenix include data-quality assessment, map improvement, model building, the validation/rebuilding/refinement cycle and deposition. Each tool caters to the type of experimental data. The design of Phenix emphasizes the automation of procedures, where possible, to minimize repetitive and time-consuming manual tasks, while default parameters are chosen to encourage best practice. A graphical user interface provides access to many command-line features of Phenix and streamlines the transition between programs, project tracking and re-running of previous tasks.",openalex,llm,1.000,unreviewed,,doi:10.1107/s2059798319011471
discarded,PHENIX : building new software for automated crystallographic structure determination,Paul D. Adams; Ralf W. Grosse‐Kunstleve; Li‐Wei Hung; Thomas R. Ioerger; Airlie J. McCoy; Nigel W. Moriarty; Randy J. Read; James C. Sacchettini; Nicholas K. Sauter; Thomas C. Terwilliger,2002,Acta Crystallographica Section D Biological Crystallography,10.1107/s0907444902016657,https://openalex.org/W2109184569,off-topic-false-hit,Structural genomics seeks to expand rapidly the number of protein structures in order to extract the maximum amount of information from genomic sequence databases. The advent of several large-scale projects worldwide leads to many new challenges in the field of crystallographic macromolecular structure determination. A novel software package called PHENIX (Python-based Hierarchical ENvironment for Integrated Xtallography) is therefore being developed. This new software will provide the necessary algorithms to proceed from reduced intensity data to a refined molecular model and to facilitate structure solution for both the novice and expert crystallographer.,openalex,llm,1.000,unreviewed,,doi:10.1107/s0907444902016657
discarded,"Handbook of Usability Testing: How to Plan, Design, and Conduct Effective Tests",Jeffrey N. Rubin,1994,,,https://openalex.org/W1981610984,off-topic-false-hit,"A supremely usable nuts-and-bolts guide for beginners A daily tool of the trade for specialists Handbook of Usability Testing gives you practical, step-by-step guidelines in plain English. Written by Jeffrey Rubin, it arms beginners with the full complement of proven testing tools and techniques. From software, GUIs, and technical documentation, to medical instruments, VCRs, and exercise bikes, no matter what your product, you'll learn to design and administer extremely reliable tests to ensure that people find it easy and desirable to use. * Requires no engineering or human factors training* A rigorous, step-by-step approach - with an eye to common gaffes and pitfalls - saves you months of trial and error* Liberally peppered with real-life examples and case histories taken from a wide range of industries* Packed with extremely usable templates, models, tables, test plans, and other indispensable tools of the trade",openalex,llm,0.990,unreviewed,,hash:7d18b10b7d61c840
discarded,raxmlGUI 2.0: A graphical interface and toolkit for phylogenetic analyses using RAxML,Daniel Edler; Johannes T. Klein; Alexandre Antonelli; Daniele Silvestro,2020,Methods in Ecology and Evolution,10.1111/2041-210x.13512,https://openalex.org/W3093373024,off-topic-false-hit,"Abstract raxmlGUI is a graphical user interface to RAxML, one of the most popular and widely used softwares for phylogenetic inference using maximum likelihood. Here we present raxmlGUI 2.0, a complete rewrite of the GUI which seamlessly integrates RAxML binaries for all major operating systems with an intuitive graphical front‐end to setup and run phylogenetic analyses. Our program offers automated pipelines for analyses that require multiple successive calls of RAxML, built‐in functions to concatenate alignment files while automatically specifying the appropriate partition settings, and one‐click model testing to select the best substitution models using ModelTest‐NG. In addition to RAxML 8.x, raxmlGUI 2.0 also supports the new RAxML‐NG, which provides new functionality and higher performance on large datasets. raxmlGUI 2.0 facilitates phylogenetic analyses by coupling an intuitive interface with the unmatched performance of RAxML.",openalex,llm,1.000,unreviewed,,doi:10.1111/2041-210x.13512
discarded,ntbox : An r package with graphical user interface for modelling and evaluating multidimensional ecological niches,Luis Osorio‐Olvera; Andrés Lira‐Noriega; Jorge M. Soberón; A. Townsend Peterson; Manuel Falconi; Rusby G. Contreras‐Díaz; Enrique Martínez‐Meyer; Vijay V. Barve; Narayani V. Barve,2020,Methods in Ecology and Evolution,10.1111/2041-210x.13452,https://openalex.org/W3042537209,off-topic-false-hit,"Abstract Biodiversity studies rely heavily on estimates of species' distributions often obtained through ecological niche modelling. Numerous software packages exist that allow users to model ecological niches using machine learning and statistical methods. However, no existing package with a graphical user interface allows users to perform model calibration and selection based on convex forms such as ellipsoids, which may match fundamental ecological niche shapes better, incorporating tools for exploring, modelling, and evaluating niches and distributions that are intuitive for both novice and proficient users. Here we describe an r package, NicheToolBox (ntbox), that allows users to conduct all processing steps involved in ecological niche modelling: downloading and curating occurrence data, obtaining and transforming environmental data layers, selecting environmental variables, exploring relationships between geographic and environmental spaces, calibrating and selecting ellipsoid models, evaluating models using binomial and partial ROC tests, assessing extrapolation risk, and performing geographic information system operations via a graphical user interface. A summary of the entire workflow is produced for use as a stand‐alone algorithm or as part of research reports. The method is explained in detail and tested via modelling the threatened feline species Leopardus wiedii. Georeferenced occurrence data for this species are queried to display both point occurrences and the IUCN extent of occurrence polygon (IUCN, 2007). This information is used to illustrate tools available for accessing, processing and exploring biodiversity data (e.g. number of occurrences and chronology of collecting) and transforming environmental data (e.g. a summary PCA for 19 bioclimatic layers). Visualizations of three‐dimensional ecological niches modelled as minimum volume ellipsoids are developed with ancillary statistics. This niche model is then projected to geographic space, to represent a corresponding potential suitability map. Using ntbox allows a fast and straightforward means by which to retrieve and manipulate occurrence and environmental data, which can then be implemented in model calibration, projection and evaluation for assessing distributions of species in geographic space and their corresponding environmental combinations.",openalex,llm,1.000,unreviewed,,doi:10.1111/2041-210x.13452
discarded,IFEFFIT : interactive XAFS analysis and FEFF fitting,Matthew G. Newville,2001,Journal of Synchrotron Radiation,10.1107/s0909049500016964,https://openalex.org/W1978450379,off-topic-false-hit,"IFEFFIT, an interactive program and scriptable library of XAFS algorithms is presented. The core algorithms of AUTOBK and FEFFIT have been combined with general data manipulation and interactive graphics into a single package. IFEFFIT comes with a command-line program that can be run either interactively or in batch-mode. It also provides a library of functions that can be used easily from C or Fortran, as well as high level scripting languages such as Tcl, Perl and Python. Using this library, a Graphical User Interface for rapid 'online' data analysis is demonstrated. IFEFFIT is freely available with an Open Source license. Outside use, development, and contributions are encouraged.",openalex,llm,1.000,unreviewed,,doi:10.1107/s0909049500016964
discarded,"ResIPy, an intuitive open source software for complex geoelectrical inversion/modeling",Guillaume Blanchy; Sina Saneiyan; J. Boyd; Paul McLachlan; Andrew M. Binley,2020,Computers & Geosciences,10.1016/j.cageo.2020.104423,https://openalex.org/W3004437996,off-topic-false-hit,,openalex,llm,0.980,unreviewed,,doi:10.1016/j.cageo.2020.104423
discarded,The Reader-to-Leader Framework: Motivating Technology-Mediated Social Participation,JENNIFER JACKSON PREECE; Ben Shneiderman,2009,AIS Transactions on Human-Computer Interaction,10.17705/1thci.00005,https://openalex.org/W2150461333,off-topic-false-hit,"Billions of people participate in online social activities. Most users participate as readers of discussion boards, searchers of blog posts, or viewers of photos. A fraction of users become contributors of user-generated content by writing consumer product reviews, uploading travel photos, or expressing political opinions. Some users move beyond such individual efforts to become collaborators, forming tightly connected groups with lively discussions whose outcome might be a Wikipedia article or a carefully edited YouTube video. A small fraction of users becomes leaders, who participate in governance by setting and upholding policies, repairing vandalized materials, or mentoring novices. We analyze these activities and offer the Reader-to-Leader Framework with the goal of helping researchers, designers, and managers understand what motivates technology-mediated social participation. This will enable them to improve interface design and social support for their companies, government agencies, and non-governmental organizations. These improvements could reduce the number of failed projects, while accelerating the application of social media for national priorities such as healthcare, energy sustainability, emergency response, economic development, education, and more.",openalex,llm,0.990,unreviewed,,doi:10.17705/1thci.00005
discarded,An empirical comparison of menu-selection (((CUI) and desktop (GUI) computer programs carried out by beginners and experts,Matthias Rauterberg,1992,Behaviour and Information Technology,10.1080/01449299208924341,https://openalex.org/W2131520208,off-topic-false-hit,"As advantages and disadvantages of graphical user interfaces are still controversial, this study focuses on an empirical comparison of a desktop interface (GUI) and a conventional user interface with menu selection (CUI). A total of 24 users (six novices and six experts with GUI; six novices and six experts with CUI). were given 20 benchmark tasks. Except for an introduction given by the investigator (1·5 h) the beginners had no or very little previous experience with electronic data processing, while the experts had previous experience of 3,700 h (desktop) or 7,500 h (menu selection), respectively. The results showed for both beginners and experts a statistically significant superiority of GUI of the desktop user interface with ‘mouse’ over the conventional user interface with menu selection and function keys (CUI). The experts in GUI needed 51% less time to complete the tasks averaged across all tasks, as compared to the experts using CUI. Moreover a significant interaction was found between tasks and user interfaces in the context of GUI.",openalex,llm,0.990,unreviewed,,doi:10.1080/01449299208924341
discarded,CAT – A Computational Anatomy Toolbox for the Analysis of Structural MRI Data,Christian Gaser; Robert Dahnke; Paul M. Thompson; Florian Kurth; Eileen Lüders; Alzheimer’s Disease Neuroimaging Initiative,2022,bioRxiv (Cold Spring Harbor Laboratory),10.1101/2022.06.11.495736,https://openalex.org/W4282822545,off-topic-false-hit,"Abstract A large range of sophisticated brain image analysis tools have been developed by the neuroscience community, greatly advancing the field of human brain mapping. Here we introduce the Computational Anatomy Toolbox (CAT) – a powerful suite of tools for brain morphometric analyses with an intuitive graphical user interface, but also usable as a shell script. CAT is suitable for beginners, casual users, experts, and developers alike providing a comprehensive set of analysis options, workflows, and integrated pipelines. The available analysis streams – illustrated on an example dataset – allow for voxel-based, surface-based, as well as region-based morphometric analyses. Notably, CAT incorporates multiple quality control options and covers the entire analysis workflow, including the preprocessing of cross-sectional and longitudinal data, statistical analysis, and the visualization of results. The overarching aim of this article is to provide a complete description and evaluation of CAT, while offering a citable standard for the neuroscience community.",openalex,llm,1.000,unreviewed,,doi:10.1101/2022.06.11.495736
discarded,Jamovi: An Easy to Use Statistical Software for the Social Scientists,Murat Doğan Şahin; Eren Can Aybek,2019,International Journal of Assessment Tools in Education,10.21449/ijate.661803,https://openalex.org/W2995237091,off-topic-false-hit,"This report aims to introduce the fundamental features of the free Jamovi software to academics in the field of educational measurement for use at undergraduate and graduate level research. As such, after introducing the R based interface and the integrated development environment, the core functions of Jamovi are presented, the installation for GNU7Linux, Windows, and MacOS is explained and screenshots of frequently conducted statistical analyses are provided. Additionally, the module support of Jamovi is presented, along with a use case scenario on developing further functionality for Jamovi using modules. Specifically, conducting meta-analysis and Bayesian statistics using modules in Jamovi are explained through examples.",openalex,llm,1.000,unreviewed,,doi:10.21449/ijate.661803
discarded,Deducer: A Data Analysis GUI forR,Ian Fellows,2012,Journal of Statistical Software,10.18637/jss.v049.i08,https://openalex.org/W1906299496,off-topic-false-hit,"While R has proven itself to be a powerful and flexible tool for data exploration and analysis, it lacks the ease of use present in other software such as SPSS and Minitab. An easy to use graphical user interface (GUI) can help new users accomplish tasks that would otherwise be out of their reach, and improves the efficiency of expert users by replacing fifty key strokes with five mouse clicks. With this in mind, Deducer presents dialogs that are understandable for the beginner, and yet contain all (or most) of the options that an experienced statistician, performing the same task, would want. An Excel-like spreadsheet is included for easy data viewing and editing. Deducer is based on Java's Swing GUI library and can be used on any common operating system. The GUI is independent of the specific R console and can easily be used by calling a text-based menu system. Graphical menus are provided for the JGR console and the Windows R GUI.",openalex,llm,1.000,unreviewed,,doi:10.18637/jss.v049.i08
discarded,"CCTop: An Intuitive, Flexible and Reliable CRISPR/Cas9 Target Prediction Tool",Manuel Stemmer; Thomas Thumberger; Maria del Sol Keyer; Joachim Wittbrodt; Juan Luis Mateo,2015,PLoS ONE,10.1371/journal.pone.0124633,https://openalex.org/W1990149668,off-topic-false-hit,"Engineering of the CRISPR/Cas9 system has opened a plethora of new opportunities for site-directed mutagenesis and targeted genome modification. Fundamental to this is a stretch of twenty nucleotides at the 5' end of a guide RNA that provides specificity to the bound Cas9 endonuclease. Since a sequence of twenty nucleotides can occur multiple times in a given genome and some mismatches seem to be accepted by the CRISPR/Cas9 complex, an efficient and reliable in silico selection and evaluation of the targeting site is key prerequisite for the experimental success. Here we present the CRISPR/Cas9 target online predictor (CCTop, http://crispr.cos.uni-heidelberg.de) to overcome limitations of already available tools. CCTop provides an intuitive user interface with reasonable default parameters that can easily be tuned by the user. From a given query sequence, CCTop identifies and ranks all candidate sgRNA target sites according to their off-target quality and displays full documentation. CCTop was experimentally validated for gene inactivation, non-homologous end-joining as well as homology directed repair. Thus, CCTop provides the bench biologist with a tool for the rapid and efficient identification of high quality target sites.",openalex,llm,1.000,unreviewed,,doi:10.1371/journal.pone.0124633
discarded,"Galaxy HiCExplorer 3: a web server for reproducible Hi-C, capture Hi-C and single-cell Hi-C data analysis, quality control and visualization",Joachim R. Wolff; Leily Rabbani; Ralf Gilsbach; Gautier Richard; Thomas Manke; Rolf Backofen; Björn Andreas Grüning,2020,Nucleic Acids Research,10.1093/nar/gkaa220,https://openalex.org/W3017323102,off-topic-false-hit,"The Galaxy HiCExplorer provides a web service at https://hicexplorer.usegalaxy.eu. It enables the integrative analysis of chromosome conformation by providing tools and computational resources to pre-process, analyse and visualize Hi-C, Capture Hi-C (cHi-C) and single-cell Hi-C (scHi-C) data. Since the last publication, Galaxy HiCExplorer has been expanded considerably with new tools to facilitate the analysis of cHi-C and to provide an in-depth analysis of Hi-C data. Moreover, it supports the analysis of scHi-C data by offering a broad range of tools. With the help of the standard graphical user interface of Galaxy, presented workflows, extensive documentation and tutorials, novices as well as Hi-C experts are supported in their Hi-C data analysis with Galaxy HiCExplorer.",openalex,llm,1.000,unreviewed,,doi:10.1093/nar/gkaa220
