status,title,authors,year,venue,doi,url,tags,abstract,provider,decision_source,llm_confidence,llm_review_outcome,llm_change_direction,paper_id
discarded,SAMMate: a GUI tool for processing short read alignments in SAM/BAM format,Guorong Xu; Nan Deng; Zhiyu Zhao; Thair Judeh; Erik K. Flemington; Dongxiao Zhu,2011,Source Code for Biology and Medicine,10.1186/1751-0473-6-2,https://openalex.org/W2152509863,off-topic-false-hit,"BACKGROUND: Next Generation Sequencing (NGS) technology generates tens of millions of short reads for each DNA/RNA sample. A key step in NGS data analysis is the short read alignment of the generated sequences to a reference genome. Although storing alignment information in the Sequence Alignment/Map (SAM) or Binary SAM (BAM) format is now standard, biomedical researchers still have difficulty accessing this information. RESULTS: We have developed a Graphical User Interface (GUI) software tool named SAMMate. SAMMate allows biomedical researchers to quickly process SAM/BAM files and is compatible with both single-end and paired-end sequencing technologies. SAMMate also automates some standard procedures in DNA-seq and RNA-seq data analysis. Using either standard or customized annotation files, SAMMate allows users to accurately calculate the short read coverage of genomic intervals. In particular, for RNA-seq data SAMMate can accurately calculate the gene expression abundance scores for customized genomic intervals using short reads originating from both exons and exon-exon junctions. Furthermore, SAMMate can quickly calculate a whole-genome signal map at base-wise resolution allowing researchers to solve an array of bioinformatics problems. Finally, SAMMate can export both a wiggle file for alignment visualization in the UCSC genome browser and an alignment statistics report. The biological impact of these features is demonstrated via several case studies that predict miRNA targets using short read alignment information files. CONCLUSIONS: With just a few mouse clicks, SAMMate will provide biomedical researchers easy access to important alignment information stored in SAM/BAM files. Our software is constantly updated and will greatly facilitate the downstream analysis of NGS data. Both the source code and the GUI executable are freely available under the GNU General Public License at http://sammate.sourceforge.net.",openalex,llm,0.980,unreviewed,,doi:10.1186/1751-0473-6-2
discarded,Artificial Intelligence and Management: The Automation–Augmentation Paradox,Sebastian Raisch; Sebastian Maximillian Krakowski,2021,Academy of Management Review,10.5465/amr.2018.0072,https://openalex.org/W4247155454,off-topic-false-hit,"Taking three recent business books on artificial intelligence (AI) as a starting point, we explore the automation and augmentation concepts in the management domain. Whereas automation implies that machines take over a human task, augmentation means that humans collaborate closely with machines to perform a task. Taking a normative stance, the three books advise organizations to prioritize augmentation, which they relate to superior performance. Using a more comprehensive paradox theory perspective, we argue that, in the management domain, augmentation cannot be neatly separated from automation. These dual AI applications are interdependent across time and space, creating a paradoxical tension. Overemphasizing either augmentation or automation fuels reinforcing cycles with negative organizational and societal outcomes. However, if organizations adopt a broader perspective comprising both automation and augmentation, they could deal with the tension and achieve complementarities that benefit business and society. Drawing on our insights, we conclude that management scholars need to be involved in research on the use of AI in organizations. We also argue that a substantial change is required in how AI research is currently conducted in order to develop meaningful theory and to provide practice with sound advice.",openalex,llm,1.000,unreviewed,,doi:10.5465/amr.2018.0072
discarded,"Past, Present, and Future of Model-Based User Interface Development",Gerrit Meixner; Fabio Paternò; Jean M. Vanderdonckt,2011,i-com,10.1524/icom.2011.0026,https://openalex.org/W2109041568,adjacent-subtopic,"Abstract This article presents the past, present and future of model-based user interface development. After 30 years of research there has been significant success in modeling user interfaces. This article aims to give a comprehensive overview of the history, describes important aspects and current approaches, lists actual challenges of model-based user interface development and gives implications for the next generation.",openalex,llm,0.700,unreviewed,,doi:10.1524/icom.2011.0026
discarded,An empirical investigation of performance overhead in cross-platform mobile development frameworks,Andreas Biørn-Hansen; Christoph Rieger; Tor‐Morten Grønli; Tim A. Majchrzak; Gheorghiță Ghinea,2020,Empirical Software Engineering,10.1007/s10664-020-09827-6,https://openalex.org/W3034779515,adjacent-subtopic,"Abstract The heterogeneity of the leading mobile platforms in terms of user interfaces, user experience, programming language, and ecosystem have made cross-platform development frameworks popular. These aid the creation of mobile applications – apps – that can be executed across the target platforms (typically Android and iOS) with minimal to no platform-specific code. Due to the cost- and time-saving possibilities introduced through adopting such a framework, researchers and practitioners alike have taken an interest in the underlying technologies. Examining the body of knowledge, we, nonetheless, frequently encounter discussions on the drawbacks of these frameworks, especially with regard to the performance of the apps they generate. Motivated by the ongoing discourse and a lack of empirical evidence, we scrutinised the essential piece of the cross-platform frameworks: the bridge enabling cross-platform code to communicate with the underlying operating system and device hardware APIs. The study we present in the article benchmarks and measures the performance of this bridge to reveal its associated overhead in Android apps. The development of the artifacts for this experiment was conducted using five cross-platform development frameworks to generate Android apps, in addition to a baseline native Android app implementation. Our results indicate that – for Android apps – the use of cross-platform frameworks for the development of mobile apps may lead to decreased performance compared to the native development approach. Nevertheless, certain cross-platform frameworks can perform equally well or even better than native on certain metrics which highlights the importance of well-defined technical requirements and specifications for deliberate selection of a cross-platform framework or overall development approach.",openalex,llm,0.970,unreviewed,,doi:10.1007/s10664-020-09827-6
discarded,Integrated Development of Embedded Systems With Remote Graphical User Interfaces,Carolina Lagartinho-Oliveira; Fernando Pereira; Filipe Moutinho; Rogério Campos-Rebelo; Lúıs Gomes,2023,IEEE Access,10.1109/access.2023.3287198,https://openalex.org/W4381250638,adjacent-subtopic,"This paper presents a Graphical User Interface (GUI) Builder for embedded systems and Cyber-Physical Systems (CPSs). The hardware platforms used in CPSs may employ physical devices without graphical and user-input capabilities, or devices that may be placed on multiple remote locations, often with difficult physical access, that brings new challenges to GUI design. The proposed tool, integrated within the IOPT-Flow framework, enables a new approach to answer these challenges. This framework supports the development of embedded systems and distributed CPSs, offering a set of web-based tools for model edition, simulation, and implementation on physical devices. Systems are designed using graphical models combining Data-flows, Signals, and Petri nets, that permit the specification of remote communication channels just by drawing arcs. The new GUI Builder tool uses this infrastructure to automate the creation of graphical user interfaces for embedded systems and distributed CPSs, benefiting from a development with combined design, validation and automatic code generation methods. Finally, an application example of a power wheelchair controller integrating a GUI, is presented.",openalex,llm,0.940,unreviewed,,doi:10.1109/access.2023.3287198
discarded,"Psychologically-inspired, unsupervised inference of perceptual groups of GUI widgets from GUI images",Mulong Xie; Zhenchang Xing; Sidong Feng; Xiwei Xu; Liming Zhu; Chunyang Chen,2022,Proceedings of the 30th ACM Joint European Software Engineering Conference and Symposium on the Foundations of Software Engineering,10.1145/3540250.3549138,https://openalex.org/W4283320615,adjacent-subtopic,"Graphical User Interface (GUI) is not merely a collection of individual and unrelated widgets, but rather partitions discrete widgets into groups by various visual cues, thus forming higher-order perceptual units such as tab, menu, card or list. The ability to automatically segment a GUI into perceptual groups of widgets constitutes a fundamental component of visual intelligence to automate GUI design, implementation and automation tasks. Although humans can partition a GUI into meaningful perceptual groups of widgets in a highly reliable way, perceptual grouping is still an open challenge for computational approaches. Existing methods rely on ad-hoc heuristics or supervised machine learning that is dependent on specific GUI implementations and runtime information. Research in psychology and biological vision has formulated a set of principles (i.e., Gestalt theory of perception) that describe how humans group elements in visual scenes based on visual cues like connectivity, similarity, proximity and continuity. These principles are domain-independent and have been widely adopted by practitioners to structure content on GUIs to improve aesthetic pleasantness and usability. Inspired by these principles, we present a novel unsupervised image-based method for inferring perceptual groups of GUI widgets. Our method requires only GUI pixel images, is independent of GUI implementation, and does not require any training data. The evaluation on a dataset of 1,091 GUIs collected from 772 mobile apps and 20 UI design mockups shows that our method significantly outperforms the state-of-the-art ad-hoc heuristics-based baseline. Our perceptual grouping method creates opportunities for improving UI-related software engineering tasks.",openalex,llm,0.990,unreviewed,,doi:10.1145/3540250.3549138
discarded,Model-based intelligent user interface adaptation: challenges and future directions,Silvia Abrahão; Emilio Insfrán; Arthur Sluÿters; Jean M. Vanderdonckt,2021,Software & Systems Modeling,10.1007/s10270-021-00909-7,https://openalex.org/W3186895851,adjacent-subtopic,"Abstract Adapting the user interface of a software system to the requirements of the context of use continues to be a major challenge, particularly when users become more demanding in terms of adaptation quality. A considerable number of methods have, over the past three decades, provided some form of modelling with which to support user interface adaptation. There is, however, a crucial issue as regards in analysing the concepts, the underlying knowledge, and the user experience afforded by these methods as regards comparing their benefits and shortcomings. These methods are so numerous that positioning a new method in the state of the art is challenging. This paper, therefore, defines a conceptual reference framework for intelligent user interface adaptation containing a set of conceptual adaptation properties that are useful for model-based user interface adaptation. The objective of this set of properties is to understand any method, to compare various methods and to generate new ideas for adaptation. We also analyse the opportunities that machine learning techniques could provide for data processing and analysis in this context, and identify some open challenges in order to guarantee an appropriate user experience for end-users. The relevant literature and our experience in research and industrial collaboration have been used as the basis on which to propose future directions in which these challenges can be addressed.",openalex,llm,0.940,unreviewed,,doi:10.1007/s10270-021-00909-7
discarded,Integrated model-driven development of self-adaptive user interfaces,Enes Yigitbas; Ivan Jovanovikj; Kai Biermeier; Stefan Sauer; Gregor Engels,2020,Software & Systems Modeling,10.1007/s10270-020-00777-7,https://openalex.org/W3003586765,adjacent-subtopic,"Abstract Modern user interfaces (UIs) are increasingly expected to be plastic, in the sense that they retain a constant level of usability, even when subjected to context changes at runtime. Self-adaptive user interfaces (SAUIs) have been promoted as a solution for context variability due to their ability to automatically adapt to the context-of-use at runtime. The development of SAUIs is a challenging and complex task as additional aspects like context management and UI adaptation have to be covered. In classical model-driven UI development approaches, these aspects are not fully integrated and hence introduce additional complexity as they represent crosscutting concerns. In this paper, we present an integrated model-driven development approach where a classical model-driven development of UIs is coupled with a model-driven development of context-of-use and UI adaptation rules. We base our approach on the core UI modeling language IFML and introduce new modeling languages for context-of-use (ContextML) and UI adaptation rules (AdaptML). The generated UI code, based on the IFML model, is coupled with the context and adaptation services, generated from the ContextML and AdaptML model, respectively. The integration of the generated artifacts, namely UI code, context, and adaptation services in an overall rule-based execution environment, enables runtime UI adaptation. The benefit of our approach is demonstrated by two case studies, showing the development of SAUIs for different application scenarios and a usability study which has been conducted to analyze end-user satisfaction of SAUIs.",openalex,llm,0.900,unreviewed,,doi:10.1007/s10270-020-00777-7
discarded,Analyzing stereotypes of creating graphical user interfaces,Michaela Bačíková; Jaroslav Porubän,2012,Open Computer Science,10.2478/s13537-012-0020-x,https://openalex.org/W2065717829,adjacent-subtopic,"Abstract A graphical user interface (GUI, UI) is an important part of an application, with which users interact directly. It should be implemented in the best way with respect to understandability. If a user does not understand the terms in the UI, he or she cannot work with it; then the whole system is worthless. In order to serve well the UI should contain domain-specific terms and describe domain-specific processes. It is the primary source for domain analysis right after domain users and experts. Our general goal is to propose a method for an automatic domain analysis of user interfaces. First, however, the basic principles and stereotypes must be defined that are used when creating user interfaces and rules must be derived for creating an information extracting algorithm. In this paper these stereotypes are listed and analyzed and a set of rules for extracting domain information is created. A taxonomy of UIs and a taxonomy of components based on their domain-specific information is also proposed. Our DEAL method for extracting this information is outlined and a prototype of DEAL is presented. Also our goals for the future are listed: expanding the prototype for different components and different types of UIs.",openalex,llm,0.960,unreviewed,,doi:10.2478/s13537-012-0020-x
discarded,An Approach to Automate Generation of Graphical User Interfaces Through IFML,Abir Sajji; Yassine Rhazali; Youssef Hadi,2022,Procedia Computer Science,10.1016/j.procs.2022.03.081,https://openalex.org/W4293195310,adjacent-subtopic,"MDA focuses on productivity and maintainability, OMG shows that the expected gains from adopting MDA are reduced operating costs and development time, increased return on investment and new technologies rapid integration into an existing system. MDA’s goal is to express the functional and implementation specifications of an application on a given platform independently. In this paper, we present a case study of course management in a department, illustrated by a class diagram and then we generate the code of classes using the enterprise architect software. This paper proposes also an approach in accord with MDA and IFML standards, our approach is about graphical user interfaces (GUI) automatic generation, starting from the business process model on CIM level, to the generation of graphic interfaces code on PSM model by applying MDA model transformations.",openalex,llm,0.940,unreviewed,,doi:10.1016/j.procs.2022.03.081
kept,Engineering Configuration Graphical User Interfaces from Variability Models,Quentin Boucher; Gilles Perrouin; Jean-Marc Davril; Patrick Heymans,2017,Human-computer interaction series,10.1007/978-3-319-60947-8_1,https://openalex.org/W828036277,supports-claim,"In the past, companies produced large amounts of products through mass production lines. Advantages of such an approach are reduced production costs and time-to-market. While it is (still) appropriate for some goods like food or household items, customer preferences evolve to customised products. In a more and more competitive environment, product customisation is taken to the extreme by companies in order to gain market share. Companies provide customisation tools, more commonly called product configurators, to assist their staff and customers in deciding upon the characteristics of the product to be delivered. Our experience reveals that some existing configurators are implemented in an ad-hoc fashion. This is especially cumbersome when numerous and non-trivial constraints have to be dealt with. For instance, we have observed in two industrial cases that relationships between configuration options are hard-coded and mixed with GUI code. As constraints are scattered in the source code, severe maintenance issues occur. In this chapter, we present a pragmatic and model-driven way to generate configuration GUIs. We rely on feature models to represent and reason about the configuration options and their complex relationships. Once feature models have been elaborated, there is still a need to produce a GUI, including the integration with underlying reasoning mechanisms to control and update the GUI elements. We present a model-view-presenter architecture to design configurators, which separates concerns between a feature model (configuration option modelling), its associated solver (automated reasoning support) and the presentation of the GUI. To fill the gap between feature models and configuration GUIs, the various constructs of the feature model formalism are rendered as GUI elements through model transformations. Those transformations can be parametrised through beautification and view languages to derive specific configuration GUIs. We illustrate our approach on an IPv6 addressing plan configurator.",openalex,llm,0.910,unreviewed,,doi:10.1007/978-3-319-60947-8_1
discarded,EksPy: a new Python framework for developing graphical user interface based PyQt5,Aidil Saputra Kirsan; Kosuke Takano; Sallie Trixie Zebada Mansurina,2023,International Journal of Power Electronics and Drive Systems/International Journal of Electrical and Computer Engineering,10.11591/ijece.v14i1.pp520-531,https://openalex.org/W4388679736,adjacent-subtopic,"This study introduces EksPy Python framework, a novel framework designed for developing graphical user interface (GUI) applications in Python. EksPy framework is built on PyQt5, which is a collection of Python bindings for the Qt libraries, and it provides a user-friendly and intuitive interface. The comparative analysis of EksPy framework with existing frameworks such as Tkinter and PyQt highlights its notable features, including ease of use, rapid development, enhanced performance, effective database management, and the model-view-controller (MVC) concept. The experimental results illustrate that EksPy framework requires less code and enhances code readability, thereby facilitating better understanding and efficient development. Additionally, EksPy framework offers a modern and customizable appearance, surpassing Tkinter’s capabilities. Furthermore, it incorporates a built-in object-relational mapping (ORM) feature to simplify database interactions and adheres to the MVC architectural pattern. In conclusion, EksPy Python framework emerges as a powerful, user-friendly, and efficient framework for GUI application development in Python.",openalex,llm,0.820,unreviewed,,doi:10.11591/ijece.v14i1.pp520-531
