status,title,authors,year,venue,doi,url,tags,abstract,provider,decision_source,llm_confidence,llm_review_outcome,llm_change_direction,paper_id
discarded,A new error resilient coding scheme for JPEG image transmission based on data embedding and vector quantization,Li-Wei Kang; Jin-Jang Leou,2003,2003 IEEE International Symposium on Circuits and Systems (ISCAS),10.1109/ISCAS.2003.1206028,https://ieeexplore.ieee.org/document/1206028/,off-topic-false-hit,"For an entropy-coded Joint Photographic Experts Group (JPEG) image, a transmission error in a codeword will not only affect the underlying codeword but also may affect subsequent codewords, resulting in a great degradation of the received image. In this study, a new error resilient coding scheme for JPEG image transmission based on data embedding and side-match vector quantization (VQ) is proposed. To cope with the synchronization problem, the restart capability of JPEG images is enabled. The objective of the proposed scheme is to recover high-quality JPEG images from the corresponding corrupted images. At the encoder, the important data (the codebook index) for each Y (U or V) block in a JPEG image are extracted and embedded into another ""masking"" Y (U or V) block in the image by the odd-even data embedding scheme. At the decoder, after all the corrupted blocks within a JPEG image are detected and located, if the important data for a corrupted block can be extracted correctly from the corresponding ""masking"" block, the extracted important data will be used to conceal, the corrupted block; otherwise, the side-match VQ technique is employed to conceal the corrupted block. Based on the simulation results, the performance of the proposed scheme is better than that of five existing approaches for comparison. The proposed scheme can recover high-quality JPEG images from the corresponding corrupted images up to a block loss rate of 30%.",ieee,llm,1.000,unreviewed,,doi:10.1109/iscas.2003.1206028
discarded,Crowd behaviour analysis using histograms of motion direction,Hannah M. Dee; Alice Caplier,2010,2010 IEEE International Conference on Image Processing,10.1109/ICIP.2010.5653573,https://ieeexplore.ieee.org/document/5653573/,off-topic-false-hit,"A practical system for the automated analysis of crowded scenes will have to deal with multiple occlusions and tracking failures, in a context in which the cameras may move at any time to point in any direction, at any level of zoom. This paper presents a prototype component of such a system. Much work in crowd modelling assumes that the camera will be static for extended periods of time and that a model of the scene can therefore be learned; we do not make this assumption and instead build a simple representation of motion patterns that is applicable across different views and which learns motion scale rapidly. Our representation is based upon histograms of motion direction alongside an indication of motion speed. These can be used for detecting frames in which behaviour differs from the training set, and also for localisation of where in the image these anomalous events occur. We evaluate this work against five event-detection scenarios from the public PETS2009 crowd behaviour dataset.",ieee,llm,1.000,unreviewed,,doi:10.1109/icip.2010.5653573
discarded,Prism2Promela,Christopher Power; Alice Miller,2008,2008 Fifth International Conference on Quantitative Evaluation of Systems,10.1109/QEST.2008.20,https://ieeexplore.ieee.org/document/4634957/,off-topic-false-hit,"The Prism model checker facilitates the formal modelling and analysis of systems that exhibit random or probabilistic behaviour. Prism lacks the provision of methods for specification debugging. To help alleviate this problem, we present a tool Prism2Promela for translating Prism into Promela. Once in this form, the SPIN model checker can be used to identify errors in the Promela specification, which can be traced back to corresponding errors in the original Prism specification.",ieee,llm,0.980,unreviewed,,doi:10.1109/qest.2008.20
kept,Development and evaluation of a model of programming errors,Amy J. Ko; Brad A. Myers,2003,"IEEE Symposium on Human Centric Computing Languages and Environments, 2003. Proceedings. 2003",10.1109/HCC.2003.1260196,https://ieeexplore.ieee.org/document/1260196/,supports-claim,"Models of programming and debugging suggest many causes of errors, and many classifications of error types exist. Yet, there has been no attempt to link causes of errors to these classifications, nor is there a common vocabulary for reasoning about such causal links. This makes it difficult to compare the abilities of programming styles, languages, and environments to prevent errors. To address this issue, this paper presents a model of programming errors based on past studies of errors. The model was evaluated with two observational of Alice, an event-based programming system, revealing that most errors were due to attentional and strategic problems in implementing algorithms, language constructs, and uses of libraries. In general, the model can support theoretical, design, and educational programming research.",ieee,llm,0.920,unreviewed,,doi:10.1109/hcc.2003.1260196
discarded,Practical Nonorthogonal Decoy State Quantum Key Distribution with a Heralded Single Photon Source,Yuanyuan Zhou; Xuejun Zhou; Jun Gao; Hua Jiang,2009,2009 Symposium on Photonics and Optoelectronics,10.1109/SOPO.2009.5230298,https://ieeexplore.ieee.org/document/5230298/,off-topic-false-hit,"For the Bennett-Brassard 1984 (BB84) quantum key distribution, longer distance and higher key generation rate is shown with a heralded single photon source (HSPS). In this paper, the nonorthogonal encoding protocol SARG04 based on one vacuum and two weak decoy states with HSPS is presented. According to the public announcement of Alice's detection events, the overall gain of Bob's detector and quantum bit error rate (QBER) can be divided into two groups, triggered components and nontriggered components. We present a new protocol that use both triggered and nontriggered components to estimate the fraction and QBER of single-photon and two-photon pulses, and then deduce the final secure key generation rate. The final key generation rate over transmission distance is simulated, which shows that we can obtain a higher key rate than that of the existing methods.",ieee,llm,1.000,unreviewed,,doi:10.1109/sopo.2009.5230298
discarded,Polynomial-based maximum-likelihood technique for synchronization in digital receivers,R. Hamila; J. Vesma; M. Renfors,2002,IEEE Transactions on Circuits and Systems II: Analog and Digital Signal Processing,10.1109/TCSII.2002.805630,https://ieeexplore.ieee.org/document/1097933/,off-topic-false-hit,"Maximum-likelihood estimation theory provides a general framework for developing near-optimum (with respect to the Cramer-Rao bound) synchronization schemes for digital communication systems. A new technique for jointly estimating the symbol timing and carrier phase in digital receivers for linear digital modulations with nonsynchronized sampling is established for both data-aided and nondata-aided systems using a block-based feedforward architecture. This technique is a practical, fully digitally implemented synchronization concept based on a low-order polynomial approximation of the likelihood functions using the Farrow-based interpolator. It is shown that low oversampling, like two samples per symbol, can be used in timing recovery without compromising the system performance. This results in efficient overall receiver implementation. It is also demonstrated that the quality of the interpolator design has a big effect on the performance of the synchronization scheme. Frequency-domain optimized polynomial interpolator designs provide significantly better performance than the well-known Lagrange interpolators.",ieee,llm,1.000,unreviewed,,doi:10.1109/tcsii.2002.805630
kept,ConCodeIt! A Comparison of Concurrency Interfaces in Block-Based Visual Robot Programming,Michael Jae-Yoon Chung; Mino Nakura; Sai Harshita Neti; Anthony Lu; Elana Hummel; Maya Cakmak,2020,2020 29th IEEE International Conference on Robot and Human Interactive Communication (RO-MAN),10.1109/RO-MAN47096.2020.9223337,https://ieeexplore.ieee.org/document/9223337/,supports-claim; qualifies-claim,"Concurrency makes robot programming challenging even for professional programmers, yet it is essential for rich, interactive social robot behaviors. Visual programming aims to lower the barrier for robot programming but does not support rich concurrent behavior for meaningful robotics applications. In this paper, we explore extensions to block-based visual languages to enable programming of concurrent behavior with (1) asynchronous procedure calls, which encourage imperative programming, (2) callbacks, which encourage event-driven programming, and (3) promise, which also encourages imperative programming by providing event synchronization utilities. We compare these approaches through a systematic analysis of social robot programs with representative concurrency patterns, as well as a user study (N=23) in which participants authored such programs. Our work identifies characteristic differences between these approaches and demonstrates that the promise-based concurrency interface enables more concise programs with fewer errors.",ieee,llm,0.980,unreviewed,,doi:10.1109/ro-man47096.2020.9223337
discarded,Inclusive-Oriented STEM Engagement Through Educational Robotics and Block-Based Programming: Design and Evaluation of a Barrier-Reducing Instructional Intervention,Pedro Plaza Merino; Mónica Muñoz,2026,IEEE Revista Iberoamericana de Tecnologias del Aprendizaje,10.1109/RITA.2026.3715922,https://ieeexplore.ieee.org/document/11618568/,adjacent-subtopic,"Educational robotics and block-based programming are widely used in STEM education, yet their effects depend strongly on instructional design rather than on technological novelty alone. This paper presents the design and multicenter evaluation of an inclusive-oriented, barrier-reducing instructional intervention for educational robotics activities based on block-based programming. The intervention reduces unnecessary technical and coordination barriers while preserving the conceptual and procedural demands of system behaviour, control logic, sensor–actuator interaction, and iterative validation. A quasi-experimental study was conducted in Spain across ten institutions and three formal educational contexts (pre-university education, vocational training, and higher education) with 4,700 learners distributed across 210 class- or laboratory-level activity cohorts working in small collaborative teams. Process indicators and task quality were analyzed at the activity-cohort level; conceptual learning gains and learner-reported usability were analyzed at the individual level and interpreted cautiously due to the nested data structure. Activity cohorts in the intervention condition were compared against cohorts using conventional educational robotics setups. Time to first functional behaviour was descriptively lower in the intervention condition in all three contexts (89.4 to 75.1, 111.4 to 89.5, and 137.0 to 121.8 min), with inferential support reaching the conventional significance threshold in vocational training. Task completion time decreased significantly in all contexts (largest reduction: 323.9 to 245.7 min in higher education). The intervention condition also showed fewer task-related difficulties, higher task quality, higher learning gains (raw post–pre on a 0–20 scale), and higher perceived usability (1–7 scale, 4.18–4.28 to 5.42–5.56). The findings support the intervention as a barrier-reducing instructional design that improves activity flow, perceived accessibility, and learning conditions, without constituting direct evidence of demographic equity effects.",ieee,llm,0.810,unreviewed,,doi:10.1109/rita.2026.3715922
discarded,Simultaneous Topology Identification and Synchronization of Directed Dynamical Networks,Esteban Restrepo; Nana Wang; Dimos V. Dimarogonas,2024,IEEE Transactions on Control of Network Systems,10.1109/TCNS.2023.3338253,https://ieeexplore.ieee.org/document/10337619/,off-topic-false-hit,"In this article, we propose an approach for simultaneous topology identification and synchronization of a complex dynamical network with directed interconnections that relies on the edge agreement framework and on adaptive control approaches by the design of an auxiliary synchronizing network. Our method guarantees the identification of the unknown directed topology without the need for verifying the linear independence condition normally required by previous works in the literature. Furthermore, it also guarantees that the complex network reaches synchronization as determined by the internal dynamics of the system. Under our identification algorithm, we provide strong stability results for estimation errors in the form of uniform semiglobal practical asymptotic stability of estimation errors. Finally, we demonstrate the effectiveness of our approach with a numerical example.",ieee,llm,1.000,unreviewed,,doi:10.1109/tcns.2023.3338253
discarded,Transmitt signal design for NB-PLC,Gerd Bumiller,2012,2012 IEEE International Symposium on Power Line Communications and Its Applications,10.1109/ISPLC.2012.6201344,https://ieeexplore.ieee.org/document/6201344/,off-topic-false-hit,"High speed narrow band power line communication (NB-PLC) seems to be the favored candidate for smart metering and smart grid applications on distribution lines. With more than a decade experience in this technology we have now the chance to design a new system from the scratch. This paper focus on a requirement and experience based design for the transmit signals of a NB-PLC system. After a requirement analyses proposals were done and motivated for synchronization, modulation, peak to average reduction and windowing.",ieee,llm,1.000,unreviewed,,doi:10.1109/isplc.2012.6201344
discarded,Efficient Lossy Compression for Scientific Data Based on Pointwise Relative Error Bound,Sheng Di; Dingwen Tao; Xin Liang; Franck Cappello,2019,IEEE Transactions on Parallel and Distributed Systems,10.1109/TPDS.2018.2859932,https://ieeexplore.ieee.org/document/8421751/,off-topic-false-hit,"An effective data compressor is becoming increasingly critical to today's scientific research, and many lossy compressors are developed in the context of absolute error bounds. Based on physical/chemical definitions of simulation fields or multiresolution demand, however, many scientific applications need to compress the data with a pointwise relative error bound (i.e., the smaller the data value, the smaller the compression error to tolerate). To this end, we propose two optimized lossy compression strategies under a state-of-the-art three-staged compression framework (prediction + quantization + entropy-encoding). The first strategy (called block-based strategy) splits the data set into many small blocks and computes an absolute error bound for each block, so it is particularly suitable for the data with relatively high consecutiveness in space. The second strategy (called multi-threshold-based strategy) splits the whole value range into multiple groups with exponentially increasing thresholds and performs the compression in each group separately, which is particularly suitable for the data with a relatively large value range and spiky value changes. We implement the two strategies rigorously and evaluate them comprehensively by using two scientific applications which both require lossy compression with point-wise relative error bound. Experiments show that the two strategies exhibit the best compression qualities on different types of data sets respectively. The compression ratio of our lossy compressor is higher than that of other state-of-the-art compressors by 17.2-618 percent on the climate simulation data and 30-210 percent on the N-body simulation data, with the same relative error bound and without degradation of the overall visualization effect of the entire data.",ieee,llm,1.000,unreviewed,,doi:10.1109/tpds.2018.2859932
discarded,Pulsed Modulation PHY for Power Efficient Optical Wireless Communication,Malte Hinrichs; Jonas Hilt; Volker Jungnickel; Sang-Kyu Lim; Il Soon Jang; Jin-Doo Jeong; Mohammad Noshad,2019,ICC 2019 - 2019 IEEE International Conference on Communications (ICC),10.1109/ICC.2019.8761150,https://ieeexplore.ieee.org/document/8761150/,off-topic-false-hit,"Most literature on the physical layer (PHY) for optical wireless communication (OWC) considers the down-link from lighting infrastructure to mobile devices, and focuses on achieving high data rates by combining large bandwidth and high spectral efficiency. However, some applications, such as the corresponding up-link, device-to-device (D2D) communication, and Internet of Things (IoT), rely on energy-efficient transmission due to limited battery power. According to Shannon's theorem, this can be achieved through using a large bandwidth with power-efficient modulation. The IEEE P802.15.13 task group recently defined the pulsed modulation (PM) PHY with these objectives in mind. The key is to enable robust synchronization and header detection by means of binary modulation. Block-based transmission with a cyclic prefix (CP) and frequency domain equalization (FDE) are used to enable a large bandwidth. In this paper, we present a thorough performance evaluation of the PM PHY. It is demonstrated that, by using an advanced synchronization scheme and FDE, packets can reliably be transmitted at clock rates up to 200 MHz over line-of-sight (LOS) and strong multi-path OWC channels considered typical for industrial wireless scenarios.",ieee,llm,1.000,unreviewed,,doi:10.1109/icc.2019.8761150
discarded,Stochastic Event-Triggered Algorithm for Distributed Convex Optimization,Kam Fai Elvis Tsang; Mengyu Huang; Ling Shi; Karl Henrik Johansson,2023,IEEE Transactions on Control of Network Systems,10.1109/TCNS.2022.3229769,https://ieeexplore.ieee.org/document/9991098/,off-topic-false-hit,"This article investigates the problem of distributed convex optimization under constrained communication. A novel stochastic event-triggering algorithm is shown to solve the problem asymptotically to any arbitrarily small error without exhibiting Zeno behavior. A systematic design of the stochastic event processes is then derived from the analysis on the optimality and communication rate with the help of a meta-optimization problem. Finally, a numerical example on distributed classification is provided to visualize the performance of the proposed algorithm in terms of convergence in optimization error and average communication rate with comparison to other algorithms in the literature. We show that the proposed algorithm is highly effective in reducing communication rates compared with algorithms proposed in the literature.",ieee,llm,1.000,unreviewed,,doi:10.1109/tcns.2022.3229769
discarded,Distributed Event-Triggered Communication and Control of Linear Multiagent Systems Under Tactile Communication,Pian Yu; Carlo Fischione; Dimos V. Dimarogonas,2018,IEEE Transactions on Automatic Control,10.1109/TAC.2018.2805682,https://ieeexplore.ieee.org/document/8290940/,off-topic-false-hit,"This note is concerned with the consensus of linear multiagent systems under tactile communication. Motivated by the emerging tactile communication technology where extremely low latency has to be supported, a distributed event-triggered communication and control scheme is proposed for the data reduction of each agent. First, an event-triggered data reduction scheme is designed for the communication between neighbors. Under such a communication scheme, a distributed event-triggered output feedback controller is further implemented for each agent, which is updated asynchronously with the communication action. It is proven that the consensus of the underlying multiagent systems is achieved asymptotically. Furthermore, it is shown that the proposed communication and control strategy fulfils the reduction of both the frequency of communication and controller updates as well as excluding Zeno behavior. A numerical example is given to illustrate the effectiveness of the proposed control strategy.",ieee,llm,1.000,unreviewed,,doi:10.1109/tac.2018.2805682
