status,title,authors,year,venue,doi,url,tags,abstract,provider,decision_source,llm_confidence,llm_review_outcome,llm_change_direction,paper_id
discarded,PyResBugs: A Dataset of Residual Python Bugs for Natural Language-Driven Fault Injection,Domenico Cotroneo; Giuseppe De Rosa; Pietro Liguori,2025,2025 IEEE/ACM Second International Conference on AI Foundation Models and Software Engineering (Forge),10.1109/Forge66646.2025.00024,https://ieeexplore.ieee.org/document/11052783/,adjacent-subtopic,"This paper presents PyResBugs, a curated dataset of residual bugs, i.e., defects that persist undetected during traditional testing but later surface in production—collected from major Python frameworks. Each bug in the dataset is paired with its corresponding fault-free (fixed) version and annotated with multi-level natural language (NL) descriptions. These NL descriptions enable natural language-driven fault injection, offering a novel approach to simulating real-world faults in software systems. By bridging the gap between Software Fault Injection techniques and real-world representativeness, PyResBugs provides researchers with a high-quality resource for advancing AI-driven automated testing in Python systems.",ieee,llm,0.990,unreviewed,,doi:10.1109/forge66646.2025.00024
discarded,Learn React with TypeScript: A beginner's guide to reactive web development with React 18 and TypeScript,Carl Rippon,2023,Learn React with TypeScript: A beginner's guide to reactive web development with React 18 and TypeScript,,https://ieeexplore.ieee.org/document/10163622/,adjacent-subtopic,"Take your first step in building modern-day component-based web apps using the latest features and capabilities of React and TypeScript with this easy-to-follow guideKey FeaturesLearn to use different React hooks with TypeScriptExplore different styling approaches while building React web appsGain experience in using React Dev Tools to debug componentsPurchase of the print or Kindle book includes a free PDF eBookBook DescriptionReading, navigating, and debugging a large frontend codebase is a major issue faced by frontend developers. This book is designed to help web developers like you learn about ReactJS and TypeScript, both of which power large-scale apps for many organizations. This second edition of Learn React with TypeScript is updated, enhanced, and improved to cover new features of React 18 including hooks, state management libraries, and features of TypeScript 4. The book will enable you to create well-structured and reusable React components that are easy to read and maintain, leveraging modern design patterns. You’ll be able to ensure that all your components are type-safe, making the most of TypeScript features, including some advanced types. You’ll also learn how to manage complex states using Redux and how to interact with a GraphQL web API. Finally, you’ll discover how to write robust unit tests for React components using Jest. By the end of the book, you’ll be well-equipped to use both React and TypeScript.What you will learnGain first-hand experience of TypeScript and its productivity featuresUnderstand how to transpile your TypeScript code into JavaScript for running in a browserBuild a React frontend codebase with hooksInteract with REST and GraphQL web APIsDesign and develop strongly typed reusable componentsCreate automated component testsWho this book is forThis book is for experienced frontend developers looking to build large scale web applications using React and TypeScript. Intermediate knowledge of JavaScript, HTML and CSS is a prerequisite.",ieee,llm,0.930,unreviewed,,hash:9bfdf00b4e8daa98
discarded,A Pythonic Adventure: From Python basics to a working web app,Pavel Anni,2023,A Pythonic Adventure: From Python basics to a working web app,,https://ieeexplore.ieee.org/document/10597422/,adjacent-subtopic,"Time to take an adventure with friends! Team up with Erik and Simon to learn Python the easy way. This colorful book uses engaging questions and lively conversations to introduce computer programming to young readers one step at a time. In A Pythonic Adventure, you will learn useful Python skills like:  Installing Python Working with files Creating text-based dialogs and menus Using if/then, loops, lists, dictionaries, and input/output Building web applications Making your web apps look super professional  It’s fun to learn with friends! In A Pythonic Adventure you’ll meet Erik and Simon, two brothers who are just beginning their Python journey. Join them as they chat about the language, learn the basics, and build some cool programs. The book’s dialogue helps young programmers understand complex concepts much more easily. It's the perfect way for young programmers (and their parents) to get started. There’s no boring lessons or dull exercises in this adventure. You’ll follow Erik and Simon’s questions and mistakes, discover how to write programs with a team, and get a chance to create applications you can use in your daily life. By the time they’re done reading, young learners will not only know how to write code, they’ll know how to think about problems like professional developers. All code in this book runs on Mac, Windows, Linux, and Raspberry Pi.",ieee,llm,0.940,unreviewed,,hash:2a03f6792721f139
discarded,A Compact Dual-Mode Multilayer Substrate Integrated Waveguide Quasi-Elliptic Bandpass Filter,Zhiyuan Zhang; Zichun Zheng; Wenxiang Xiang; Pinpin Yan,2021,2021 IEEE International Workshop on Electromagnetics: Applications and Student Innovation Competition (iWEM),10.1109/iWEM53379.2021.9790586,https://ieeexplore.ieee.org/document/9790586/,off-topic-false-hit,"A compact dual-mode substrate integrated waveguide quasi-elliptic bandpass filter (BPF) based on the multilayer printed circuit board process is presented in this paper. The proposed BPF introduces two pairs of rectangular coupling slots on the first middle metal layer to adjust the coupling strength between the TE101 mode in the upper resonators and high-order TE102, TE201 and TE202 modes in the lower dual-mode resonator. Meanwhile, the vertical couplings can wide the passband and improve the stopband performance. The BPF also realizes the topology of two cascaded trisection structures to generate transmission zeros (TZs) by utilizing the orthogonal high-order TE102 and TE201 modes. Measured results show that the BPF has a wide 3-dB bandwidth of 3.54 GHz (13.6%) at central frequency around 26 GHz, and the minimum insertion loss in the passband is 1.66 dB. The BPF realizes the high selectivity with four TZs and has a compact size of about 0.71 × 0.65 ${\lambda _0}^2$, where λ0 is the wavelength (in free space) of the center frequency.",ieee,llm,1.000,unreviewed,,doi:10.1109/iwem53379.2021.9790586
discarded,A Seamless ChatGPT Knowledge Plug-in for the Labour Market,Rubén Alonso; Danilo Dessí; Antonello Meloni; Marco Murgia; Diego Reforgiato Recupero; Giuseppe Scarpi,2024,IEEE Access,10.1109/ACCESS.2024.3485111,https://ieeexplore.ieee.org/document/10731911/,off-topic-false-hit,"In today’s rapidly evolving labor market, the emergence of new roles and the decline of traditional ones have led to a complex landscape of job titles and skill requirements. This complexity often causes ambiguity and confusion, affecting both novices and experienced professionals. To address this, extensive international efforts have produced reference databases of jobs and skills, such as ESCO and O*NET. However, the challenge remains to make this information easily accessible and interpretable for users with varying levels of expertise. To address the challenge above, this paper introduces a Knowledge Plug-in for ChatGPT, designed to serve as an intuitive, user-friendly interface between workers and these authoritative databases. By harnessing the power of natural language processing (NLP), the plug-in enables a seamless question-answering experience, effectively masking the underlying complexity with a carefully engineered architecture. Furthermore, generative AI enhances the user experience by providing relevant information in domains extending beyond the traditional scope of employment. An initial user study demonstrates the plug-in’s effectiveness in improving the usability and accuracy of job-related queries. We detail the development, architecture, and validation of this innovative tool, highlighting its potential impact on the future of employment search and career development.",ieee,llm,0.990,unreviewed,,doi:10.1109/access.2024.3485111
discarded,Cognitive Reflection in Software Verification and Testing,Kevin Buffardi,2023,2023 IEEE/ACM 45th International Conference on Software Engineering: Software Engineering Education and Training (ICSE-SEET),10.1109/ICSE-SEET58685.2023.00006,https://ieeexplore.ieee.org/document/10172710/,adjacent-subtopic,"Verifying whether code meets its specifications requires critical thinking and analysis. However, cognitive biases may influence how well software engineers verify and test code. In this paper, I explore cognitive reflection and its association with accurately verifying code via both manual inspection and unit testing. In a two-phase exploratory study of Software Engineering undergraduate students (n=140), I examined their performance on Cognitive Reflection Tests (CRT), manual verification of function implementations, and the accuracy of unit test suites. The first phase found no relationship between CRT and unit test accuracy. However, the higher a student’s CRT score, the more likely they were to reject a defective implementation when inspecting it manually (p<0.0001, 95% CI 1.56-4.50). The second phase replicated the outcomes on an alternate version of the CRT and on a different unit test assignment, revealing a positive correlation between CRT and recognizing defects manually ($\rho$=0.478, p<0.01). I conclude that cognitive reflection is associated with software engineering students’ aptitude at identifying defects, but is not associated with their affirmation of algorithms without defects, nor with the accuracy of their unit tests.",ieee,llm,0.970,unreviewed,,doi:10.1109/icse-seet58685.2023.00006
discarded,Instructional Design of Computer System Fundamentals for Cultivating Students’ Computer System Ability,Xing Liu; Jingbing Tian; Yaxin Li; Shengwu Xiong; Wenbi Rao; Jingling Yuan,2021,2021 16th International Conference on Computer Science & Education (ICCSE),10.1109/ICCSE51940.2021.9569373,https://ieeexplore.ieee.org/document/9569373/,adjacent-subtopic,"Many undergraduate students majoring in computer science (CS) can not clearly state the complete execution process of a C program in a computer system, although they have learned many CS courses such as programming, assembly and circuits when they graduate. The reason for this phenomenon is because they lack the computer system perspective and cannot integrate the knowledges of different courses. To solve this problem, we opened a new course computer system fundamentals (CSF) aiming to enable the students to understand how each statement of the C program realizes its functionality by assemble codes (ACs), how these ACs are converted into the machine codes (MCs), how the MCs are stored in the memory system, how these MCs are loaded into CPUs, and how the CPUs execute the MCs. This course can help the students integrate the knowledge of programming, assembly, machine code, instruction set, digital logic and circuits, thereby making them establish a full-stack computer system perspective, build the hardware and software co-optimization thinking, and also improve the ability to solve the complex engineering problems. This course has been teaching in the Internet of Things Engineering major for 4 years, and the course survey result proves it has improved the students’ CSA effectively.",ieee,llm,0.960,unreviewed,,doi:10.1109/iccse51940.2021.9569373
discarded,Four steps to teaching C programming,D. Budny; L. Lund; J. Vipperman; J.L.I.I.I. Patzer,2002,32nd Annual Frontiers in Education,10.1109/FIE.2002.1158140,https://ieeexplore.ieee.org/document/1158140/,adjacent-subtopic,"Our experience with teaching C programming has shown that the students have a problem understanding the concept of arrays, dealing with the syntax of the language, designing the organization of the program and understanding the concept of flow control such as looping and branching or function calls. In a typical C programming course the instructor must deal with all of these problems simultaneously, because of the nature of the language. To help solve this problem we have divided the various concepts and used different software packages to introduce each topic independently. For example we have discovered that EXCEL can be used to explain the concept of an array, matrix operations, data input, and the built in functions provides the student with a number of useful tools. The concept of designing the layout of a program can be introduced very well with HTML, and then the concept of control such as looping and branching can be introduced with MATLAB without many of the syntax problems that comes with C. Finally once the students are familiar with the use of EXCEL, UNIX, HTML and MATLAB the introduction of C is much easier for the students to understand. This paper describes how we introduced this new teaching concept into the University of Pittsburgh freshman engineering computing course.",ieee,llm,0.900,unreviewed,,doi:10.1109/fie.2002.1158140
discarded,Building Reliable AI Systems: Applications and agents you can trust,Rusheel Shahani,2026,Building Reliable AI Systems: Applications and agents you can trust,,https://ieeexplore.ieee.org/document/11711268/,adjacent-subtopic,"“Practical, comprehensive, and urgently needed.” —Samer Hamad, Amazon Building Reliable AI Systems: Applications and agents you can trust shows you how to grow a promising prototype into a production product you can deliver, maintain, and scale. In 11 sharply-focused chapters, it walks you through a unique reliability process that author Rush Shahani refined while building an AI-powered sales intelligence platform used by over 15,000 go-to-market teams. Timely and practical, this book provides concrete steps to eliminate costly hallucinations, streamline computational resources, and confidently deploy secure, trustworthy, and compliant AI solutions. You’ll immediately appreciate how Building Reliable AI Systems defines “AI reliability” along six critical dimensions—accuracy and grounding, safe agency, graceful failure, consistency, fairness, and operational efficiency—and provides a specific three-layer framework to achieve these goals. The first layer, with a focus on outputs, shows you how to get consistent and accurate responses using well-engineered prompts, RAG, and model customization. The second layer, about agents, establishes parameters for memory, tool usage, and orchestration in agentic systems. The book concludes with the third layer—Reliable Operations—covering deployment, monitoring, and responsible AI. The book’s reliability framework emphasizes the symbiotic relationship between evaluation and reliability, proving that you cannot improve what you do not measure. You’ll learn to measure your applications using fine-grained LLM-native evaluation rubrics like the Grounding Defect Rate, Hallucination Severity Score, and FActScore that audit everything from RAG outputs to the entire step-by-step reasoning trajectory of autonomous agents. Building Reliable AI Systems stays rooted in reality from start to finish. As you go, you will build several projects, including a multi-agent travel planner and a medical assistant, and use industry standard tools and specifications like LangGraph and MCP. In the helpful appendices you’ll find a handy reference architecture and decision-making checklists. Reviewer Mohamed Zohir Koufi, Lead AI Engineer at Capgemini, praises how the book “brings together architecture, tooling, evaluation, and governance in the way real systems are built.” By taking this comprehensive approach to LLMOps, the book delivers a reproducible process to ensure your applications stay cost-effective, fast, and compliant with enterprise standards like HIPAA and GDPR.",ieee,llm,0.990,unreviewed,,hash:4749935d302dadf4
discarded,A Machine Learning-Empowered Adaptive Self-Interference Cancellation for In-Band-Full-Duplex Base Station Antennas,Luyu Zhao; Jiebing Chan; Xiaosheng Zhang,2025,2025 IEEE International Workshop on Electromagnetics: Applications and Student Innovation Competition (iWEM),10.1109/iWEM65640.2025.11167914,https://ieeexplore.ieee.org/document/11167914/,off-topic-false-hit,"In this paper, an adaptive antenna self-interference cancellation (SIC) technique based on a machine learning method is presented. Two collocated dual-polarized antenna arrays, one of which is transmitting array (Tx), while the other is receiving array (Rx), are used as the reference antenna. Then, a RIS between them with miniaturized unit cells are designed and with hardware configuration, we are able to capture the scattering parameters from all ports, with respect to different phases of the cells. Consequently, an ANN is trained from measurement data and optimizations on all the isolations with and without metal obstacle are carried. It is shown that isolations can be improved from around 40dB to more than 52.5dB in both cases, demonstrating great potential of the proposed method to be used in future full duplex applications.",ieee,llm,1.000,unreviewed,,doi:10.1109/iwem65640.2025.11167914
discarded,Get Programming: Learn to code with Python,Ana Bell,2018,Get Programming: Learn to code with Python,,https://ieeexplore.ieee.org/document/10280178/,adjacent-subtopic,"Get Programming: Learn to code with Python introduces you to the world of writing computer programs without drowning you in confusing jargon or theory that make getting started harder than it should be. Filled with practical examples and step-by-step lessons using the easy-on-the-brain Python language, this book will get you programming in no time! This book works perfectly alongside Ana Bell's liveVideo course Get Programming with Python in Motion, featuring more projects and skills for you to pick up with this great language!",ieee,llm,0.940,unreviewed,,hash:f70b19019d148c00
discarded,From Intent to Action with Conversational Orchestrated Visual Analytics: A Case Study on Network Analysis,Takuma Shirashoji; Yosuke Onoue,2026,2026 IEEE 19th Pacific Visualization Conference (PacificVis),10.1109/PacificVis68791.2026.00024,https://ieeexplore.ieee.org/document/11558633/,off-topic-false-hit,"General-purpose visual analytics tools often impose substantial cognitive loads due to the complexity of their graphical user interfaces (GUIs). This creates a dual challenge: novices struggle to translate their analytical intent into system operations, while experts face the burden of locating and executing specific functions within intricate interfaces. To bridge this Gulf of Execution, we propose Conversational Orchestrated Visual Analytics (CoVA), a framework inspired by the Model Context Protocol (MCP) for large language models (LLMs). CoVA introduces a methodological shift in UI design: rather than accommodating new analytical features by adding GUI widgets or interaction points, it handles feature expansion by exposing new ""tools"" to the LLM. Unlike code-generation approaches, which can be prone to operational hallucinations, CoVA leverages LLM Function Calling capabilities to translate user intent into validated tool executions. This approach promotes deterministic execution while providing conversational explanations. We demonstrate this concept through a prototype for network visual analytics. A qualitative case study suggests that CoVA facilitates sophisticated analysis by abstracting low-level operations, enabling users to focus on analytical reasoning.",ieee,llm,0.970,unreviewed,,doi:10.1109/pacificvis68791.2026.00024
discarded,Research on the Application of Intelligent Assisted Teaching System in Programming Courses,Hao Xie; Jingyu Wang; Yuanzhong Zhang,2024,"2024 7th International Conference on Education, Network and Information Technology (ICENIT)",10.1109/ICENIT61951.2024.00042,https://ieeexplore.ieee.org/document/10873910/,adjacent-subtopic,"This article takes the C language programming course as an example to explore the application of intelligent assisted teaching (IAT) system in programming courses. In this article, ChatGPT, Copilot and other AI technologies are used to build the IAT system based on long short-term memory (LSTM) framework, which is applied in all sessions of the teaching of the C language programming course. First, learning data from students are collected and analyzed in real-time by ChatGPT and Copilot. Second, LSTM network is trained by the data to predict the learning activities for each student. Finally, the prediction and evaluation results are fed back to teachers for the improvement of teaching and learning strategies. Therefore, the system can provide students with a more personalized, efficient and convenient learning experience through multiple functions such as personalized learning plans, intelligent interaction, intelligent assessment and intelligent feedback, which effectively improves the quality and effects of teaching and learning. In addition, this article analyzes the effects, challenges and corresponding strategies of AI technology in the teaching of programming courses, which provides reference for the popularization of AI in future courses.",ieee,llm,0.950,unreviewed,,doi:10.1109/icenit61951.2024.00042
