status,title,authors,year,venue,doi,url,tags,abstract,provider,decision_source,llm_confidence,llm_review_outcome,llm_change_direction,paper_id
discarded,Intrinsically Motivated Reinforcement Learning: A Promising Framework for Developmental Robot Learning,Andrew Stout; George Konidaris; Andrew G. Barto,2005,,10.21236/ada440079,https://openalex.org/W1590744975,off-topic-false-hit,"One of the primary challenges of developmental robotics is the question of how to learn and represent increasingly complex behavior in a self-motivated, open-ended way Barto, Singh, and Chentanez (Barto, Singh, & Chentanez 2004; Singh, Barto, & Chentanez 2004) have recently presented an algorithm for intrinsically motivated reinforcement learning that strives to achieve broad competence in an environment in a task-nonspecific manner by incorporating internal reward to build a hierarchical collection of skills. This paper suggests that with its emphasis on task-general, self-motivated, and hierarchical learning, intrinsically motivated reinforcement learning is an obvious choice for organizing behavior in developmental robotics. We present additional preliminary results from a gridworld abstraction of a robot environment and advocate a layered learning architecture for applying the algorithm on a physically embodied system.",openalex,llm,0.990,unreviewed,,doi:10.21236/ada440079
discarded,A comprehensive review of deep learning applications in hydrology and water resources,Muhammed Ali Sit; Bekir Zahit Demiray; Zhongrun Xiang; Gregory J. Ewing; Yusuf Sermet; İbrahim Demir,2020,Water Science & Technology,10.2166/wst.2020.369,https://openalex.org/W3047335959,off-topic-false-hit,"The global volume of digital data is expected to reach 175 zettabytes by 2025. The volume, variety and velocity of water-related data are increasing due to large-scale sensor networks and increased attention to topics such as disaster response, water resources management, and climate change. Combined with the growing availability of computational resources and popularity of deep learning, these data are transformed into actionable and practical knowledge, revolutionizing the water industry. In this article, a systematic review of literature is conducted to identify existing research that incorporates deep learning methods in the water sector, with regard to monitoring, management, governance and communication of water resources. The study provides a comprehensive review of state-of-the-art deep learning approaches used in the water industry for generation, prediction, enhancement, and classification tasks, and serves as a guide for how to utilize available deep learning methods for future water resources challenges. Key issues and challenges in the application of these techniques in the water domain are discussed, including the ethics of these technologies for decision-making in water resources management and governance. Finally, we provide recommendations and future directions for the application of deep learning models in hydrology and water resources.",openalex,llm,1.000,unreviewed,,doi:10.2166/wst.2020.369
discarded,DearEIS - A GUI program for analyzing impedance spectra,Ville Yrjänä,2022,The Journal of Open Source Software,10.21105/joss.04808,https://openalex.org/W4311347454,off-topic-false-hit,"Electrochemical impedance spectroscopy (EIS) is a technique that is widely used to characterize the properties of materials used in, e.g., batteries and ion-selective electrodes.Analyses of the recorded impedance spectra typically involve some preprocessing, data validation, and fitting of a suitable model to extract quantitative data.Analyses of the distribution of relaxation times may also be relevant and can help with choosing an appropriate model.DearEIS is a free, open source, cross-platform program developed for performing such analysis work.The primary audience for DearEIS is researchers and engineers.However, the program may also prove useful in the context of, e.g., teaching university-level courses on electrochemistry.",openalex,llm,0.990,unreviewed,,doi:10.21105/joss.04808
discarded,Managing Human Resources,Alan Clardy,2014,Psychology Press eBooks,10.4324/9781315806273,https://openalex.org/W4251968790,off-topic-false-hit,"Students taking a personnel or human resources management course often do not enter the course bursting with curiosity or unbridled enthusiasm. After all, what kind of excitement can there be in studying how to process payroll, check employment references, or learn about some arcane government regulation? It is unfortunate and ultimately self-defeating if such a mindset about human resources persists, because in today's business world, organizational success and competitive advantage come from the ""people"" side of the business--a workforce that is highly competent and committed to the success of the organization. The key for students in this field is to learn how to use human resources management (HRM) to achieve this advantage. It is important for students to learn to identify, develop, and manipulate policies and programs to produce desired outcomes. A wide range of critical HRM experiences are presented in this book as either exercises, applications, or experiments--all designed to help students see the choices available and experience their implications in managing the organization. They also offer examples of how HRM function must operate within a framework of rules and regulations. More specifically, this book contains over 30 different situations that illustrate both classic and contemporary human resources problems. It covers the entire spectrum of HRM from establishing policies and goals, through job analysis and evaluation, personnel planning, selection and appraisal, to compensation and benefits, training, organizational improvement, and safety and labor relations. Most of the situations described are drawn from the real-life experiences of managing human resources, including several cases from today's headlines. The case exercises, applications, and experiments are designed to be used as part of regular classroom instruction and can be used with any textbook. The exercises incorporate a number of different learning processes, including case discussions, self-assessments, interviews of others, data analysis, team teaching, testing, experimental observation, program creation and design, role-playing, exercise simulations, training, and participation in experiments. The teacher can use these experiential learning activities to supplement regular classroom instruction; the activities clarify, crystallize, and expand the understanding gained from the lectures. Of special interest: * All of the exercises can be conducted during class times or can be used as homework assignments. * The instructor's manual is organized for easy use with a summary of each case, guidelines for administering each case, plus supplemental or background information. * An exercise planning table links each exercise with the chapters found in a number of the most commonly used HRM textbooks. * Most of the cases are based on actual events, drawn from the author's professional or consulting experience or from events first reported in the national media. Each case is intended to replicate and carry a high degree of fidelity to ""real world"" conditions as fully as possible. * The experiments in the book are intended to serve as both discovery processes and illustrations of the procedures and rules invoked in developing human resources systems. In many of these experiments, students draw on their own background and perspectives to test out various points of view. The experiments illustrate some of the underlying research that often serves as the basis for HRM policies and procedures.",openalex,llm,1.000,unreviewed,,doi:10.4324/9781315806273
discarded,Test-driven learning,David S. Janzen; Hossein Saiedian,2006,,10.1145/1121341.1121419,https://openalex.org/W2121855876,adjacent-subtopic,"Test-driven learning (TDL) is an approach to teaching computer programming that involves introducing and exploring new concepts through automated unit tests. TDL offers the potential of teaching testing for free, of improving programmer comprehension and ability, and of improving software quality both in terms of design quality and reduced defect density.This paper introduces test-driven learning as a pedagogical tool. It will provide examples of how TDL can be incorporated at multiple levels in computer science and software engineering curriculum for beginning through professional programmers. In addition, the relationships between TDL and test-driven development will be explored.Initial evidence indicates that TDL can improve student comprehension of new concepts while improving their testing skills with no additional instruction time. In addition, by learning to construct programs in a test-driven manner, students are expected to be more likely to develop their own code with a test-driven approach, likely resulting in improved software designs and quality.",openalex,llm,0.950,unreviewed,,doi:10.1145/1121341.1121419
kept,Introducing high school students to event driven programming,R.R. Lang; M. Saacks-Giguette,1999,FIE'99 Frontiers in Education. 29th Annual Frontiers in Education Conference. Designing the Future of Science and Engineering Education. Conference Proceedings (IEEE Cat. No.99CH37011,10.1109/FIE.1999.839233,https://ieeexplore.ieee.org/document/839233/,qualifies-claim,"The SOAR 3 Program at Xavier University of Louisiana, USA, is a summer bridge program for rising high school seniors and recent high school graduates planning to major in a computing discipline. The 4-week program offers instruction in quantitative and verbal reasoning, problem solving and college vocabulary. The program features daily laboratories that expose program participants to subject material found in a typical college computer science curriculum. In addition to their exposure to GUI components, the participants also receive exposure to important computer science concepts such as objects and their properties, events and event handlers, selection and repetition structures, stacks and their associated operations, and the use of a development environment to create, test, and deploy an application. In the paper, the authors discuss the structure and content of the modules in more detail. They also discuss what motivated them to develop this series of modules.",ieee,llm,0.890,unreviewed,,doi:10.1109/fie.1999.839233
discarded,Python GUI Programming with Tkinter: Design and build functional and user-friendly GUI applications,Alan D. Moore,2021,Python GUI Programming with Tkinter: Design and build functional and user-friendly GUI applications,,https://ieeexplore.ieee.org/document/10162160/,adjacent-subtopic,"Transform your evolving user requirements into feature-rich Tkinter applicationsKey FeaturesExtensively revised with new content on RESTful networking, classes in Tkinter, and the Notebook widgetTake advantage of Tkinter’s lightweight, portable, and easy-to-use featuresBuild better-organized code and learn to manage an evolving codebaseBook DescriptionTkinter is widely used to build GUIs in Python due to its simplicity. In this book, you’ll discover Tkinter’s strengths and overcome its challenges as you learn to develop fully featured GUI applications. Python GUI Programming with Tkinter, Second Edition, will not only provide you with a working knowledge of the Tkinter GUI library, but also a valuable set of skills that will enable you to plan, implement, and maintain larger applications. You’ll build a full-blown data entry application from scratch, learning how to grow and improve your code in response to continually changing user and business needs. You’ll develop a practical understanding of tools and techniques used to manage this evolving codebase and go beyond the default Tkinter widget capabilities. You’ll implement version control and unit testing, separation of concerns through the MVC design pattern, and object-oriented programming to organize your code more cleanly. You’ll also gain experience with technologies often used in workplace applications, such as SQL databases, network services, and data visualization libraries. Finally, you’ll package your application for wider distribution and tackle the challenge of maintaining cross-platform compatibility.What you will learnProduce well-organized, functional, and responsive GUI applicationsExtend the functionality of existing widgets using classes and OOPPlan wisely for the expansion of your app using MVC and version controlMake sure your app works as intended through widget validation and unit testingUse tools and processes to analyze and respond to user requestsBecome familiar with technologies used in workplace applications, including SQL, HTTP, Matplotlib, threading, and CSVUse PostgreSQL authentication to ensure data security for your applicationWho this book is forThis book is for programmers who understand the syntax of Python, but do not yet have the skills, techniques, and knowledge to design and implement a complete software application. A fair grasp of basic Python syntax is required.",ieee,llm,0.980,unreviewed,,hash:5f85238ae1a5056b
discarded,Learning How to Listen: Automatically Finding Bug Patterns in Event-Driven JavaScript APIs,Ellen Arteca; Max Schäfer; Frank Tip,2023,IEEE Transactions on Software Engineering,10.1109/TSE.2022.3147975,https://ieeexplore.ieee.org/document/9699408/,adjacent-subtopic,"Event-driven programming is widely practiced in the JavaScript community, both on the client side to handle UI events and AJAX requests, and on the server side to accommodate long-running operations such as file or network I/O. Many popular event-based APIs allow event names to be specified as free-form strings without any validation, potentially leading to lost events for which no listener has been registered and dead listeners for events that are never emitted. In previous work, Madsen et al. presented a precise static analysis for detecting such problems, but their analysis does not scale because it may require a number of contexts that is exponential in the size of the program. Concentrating on the problem of detecting dead listeners, we present an approach to learn how to use event-based APIs by first mining a large corpus of JavaScript code using a simple static analysis to identify code snippets that register an event listener, and then applying statistical modeling to identify anomalous patterns, which often indicate incorrect API usage. In a large-scale evaluation on 127,531 open-source JavaScript code bases, our technique was able to detect 75 anomalous listener-registration patterns, while maintaining a precision of 90.9% and recall of 7.5% over a validation set, demonstrating that a learning-based approach to detecting event-handling bug patterns is feasible. In an additional experiment, we investigated instances of these patterns in 25 open-source projects, and reported 30 issues to the project maintainers, of which 7 have been confirmed as bugs.",ieee,llm,0.990,unreviewed,,doi:10.1109/tse.2022.3147975
discarded,Learning Temporal Event Knowledge for Continual Social Event Classification,Shengsheng Qian; Shengjie Zhang; Dizhan Xue; Huaiwen Zhang; Changsheng Xu,2025,IEEE Transactions on Knowledge and Data Engineering,10.1109/TKDE.2025.3553162,https://ieeexplore.ieee.org/document/10935736/,off-topic-false-hit,"With the rapid development of Internet and the burgeoning scale of social media, Social Event Classification (SEC) has garnered increasing attention. The existing study of SEC focuses on recognizing a fixed set of social events. However, in real-world scenarios, new social events continually emerge on social media, which suggests the necessity for a practical SEC model that can swiftly adapt to the evolving environment with incremental social events. Therefore, in this paper, we study a new yet crucial problem defined as Continual Social Event Classification (C-SEC), where new events continually emerge in the sequentially collected social data. Accordingly, we propose a novel Temporal Event Knowledge Network (TEKNet) to continually learn temporal event knowledge for C-SEC with temporally incremental events. First, we conduct present event knowledge learning to learn the classification of newly emerging events in the presently incoming data. Second, we design past event knowledge replay with self-knowledge distillation to consolidate the learned knowledge of past events and prevent catastrophic forgetting. Finally, we propose future event knowledge pretraining with a modality mixture mechanism to pretrain the classifiers for events that occur in the future. Comprehensive experiments on real-world social event datasets demonstrate the superiority of our proposed TEKNet for C-SEC.",ieee,llm,1.000,unreviewed,,doi:10.1109/tkde.2025.3553162
discarded,MultiSafe: Multiple Flight Safety Events Prediction Based on Interpretable Deep Multi-Task Learning,Youlin Huang; Jiaxing Shang; Xu Li; Linjiang Zheng; Chengxiang Li; Fan Li; Xinbin Zhao; Huabo Sun; Riquan Zhang,2026,IEEE Transactions on Intelligent Transportation Systems,10.1109/TITS.2025.3631498,https://ieeexplore.ieee.org/document/11251237/,off-topic-false-hit,"Flight safety remains a central concern in civil aviation. Recently, increasing attention has been given to leveraging high-dimensional temporal flight data, typically collected by Quick Access Recorders (QAR), to predict safety events. However, most existing studies focus on individual events, overlooking the latent correlations among multiple events. For instance, during landing, a maneuver that reduces the risk of one event may inadvertently increase the risk of another. Predicting multiple events introduces three main challenges: 1) handling parameters recorded at inconsistent sampling rates, 2) learning task-specific parameter importance for interpretability, and 3) modeling complex temporal dependencies for accuracy. To address these, we propose MultiSafe, a deep multi-task learning model for predicting and interpreting multiple flight safety events. First, to process parameters with heterogeneous frequencies, we introduce a Multi-Scale Shared Encoder with adaptive convolutional kernels to unify representations across tasks. Next, a gating-based Parameter Selector learns task-specific parameter importance, enabling interpretable predictions. Finally, a Temporal Decoder with fine-grained attention captures intricate temporal dependencies among parameters. Experiments on a dataset of 37,518 A320 flight records demonstrate that MultiSafe outperforms state-of-the-art baselines in prediction accuracy, while its interpretability offers actionable insights to assist pilots in enhancing flight safety.",ieee,llm,1.000,unreviewed,,doi:10.1109/tits.2025.3631498
discarded,Towards stream-based reasoning and machine learning for IoT applications,Markus Endler; Jean-Pierre Briot; Francisco Silva e Silva; Vitor P. de Almeida; Edward H. Haeusler,2017,2017 Intelligent Systems Conference (IntelliSys),10.1109/IntelliSys.2017.8324292,https://ieeexplore.ieee.org/document/8324292/,off-topic-false-hit,"As distributed IoT applications become larger and more complex, the pure processing of raw sensor and actuation data streams becomes impractical. Instead, data streams must be fused into tangible facts and these pieces of information must be combined with a background knowledge to infer new pieces of knowledge. And since many IoT applications require almost realtime reactivity to stimulus of the environment, such information inference process has to be performed in a continuous, on-line manner. This paper proposes a new semantic model for data stream processing and real-time reasoning based on the concepts of Semantic Stream and Fact Stream, as a natural extension of Complex Event Processing (CEP) and RDF (graph-based knowledge model). The main advantages of our approach are that 1) it considers time as a key relation between pieces of information; 2) the processing of streams can be implemented using CEP; 3) it is general enough to be applied to any Data Stream Management System (DSMS). Lastly, we will present challenges and prospects on using machine learning and induction algorithms to learn abstractions and reasoning rules from a continuous data stream.",ieee,llm,0.990,unreviewed,,doi:10.1109/intellisys.2017.8324292
