status,title,authors,year,venue,doi,url,tags,abstract,provider,decision_source,llm_confidence,llm_review_outcome,llm_change_direction,paper_id
discarded,Detecting Model View Controller Architectural Layers using Clustering in Mobile Codebases,"Dobrean, Dragos; Diosan, Laura",2020,ICSOFT: PROCEEDINGS OF THE 15TH INTERNATIONAL CONFERENCE ON SOFTWARE TECHNOLOGIES,10.5220/0009884601960203,https://www.webofscience.com/wos/woscc/full-record/WOS:000614139800019,qualifies-claim; adjacent-subtopic,"Mobile applications are one of the most common software projects written nowadays. The software architectures used for building those type of products heavily impacts their lifecycle as the architectural issues affect the internal quality of a software system hindering its maintainability and extensibility. We are presenting a novel approach, Clustering ARchitecture Layers (CARL), for detecting architectural layers using an automatic method that could represent the first step in the identification and elimination of various architectural smells. Unlike supervised Machine Learning approaches, the involved clustering method does not require any initial training data or modelling phase to set up the detecting system. As a further key of novelty, the method works by considering as codebase's hybrid features the information inferred from both module dependency graph and the mobile SDKs. Our approach considers and fuses various types of structural as well as lexical dependencies extracted from the codebase, it analyses the types of the components, their methods signatures as well as their properties. Our method is a generic one and can be applied to any presentational applications that use SDKs for building their user interfaces. We assess the effectiveness of our proposed layer detection approach over three public and private codebases of various dimensions and complexities. External and internal clustering metrics were used to evaluate the detection quality, obtaining an Average Accuracy of 77,95%. Moreover, the Precision measure was computed for each layer of the investigated codebase architectures and the average of this metric (over all layers and codebases) is 79,32% while the average Recall on all layers obtained is 75,93%.",wos,llm_reviewed,0.880,changed,kept->discarded,doi:10.5220/0009884601960203
kept,MVVM in the Era of Modern Android: A Systematic Literature Review and Taxonomy of Architectural Trade-offs,F.E. Suarez-Carvajal,2026,Clei Eletronic Journal Cleiej,10.19153/cleiej.29.2.8,https://www.scopus.com/inward/record.uri?partnerID=HzOxMe3b&scp=105045611765&origin=inward,supports-claim; qualifies-claim,,scopus,llm,0.840,unreviewed,,doi:10.19153/cleiej.29.2.8
kept,Rethinking MVC Violations as Security-Aware Architectural Smells in Android Applications,M. Sylla,2026,Proceedings 2026 IEEE 23rd International Conference on Software Architecture Companion Icsa C 2026,10.1109/ICSA-C68850.2026.00047,https://www.scopus.com/inward/record.uri?partnerID=HzOxMe3b&scp=105048453722&origin=inward,qualifies-claim,,scopus,llm,0.910,unreviewed,,doi:10.1109/icsa-c68850.2026.00047
discarded,Towards Actionable Guidelines for Advanced iOS Software Architecture,A. Zahr,2026,Lecture Notes in Networks and Systems,10.1007/978-3-032-04725-0_20,https://www.scopus.com/inward/record.uri?partnerID=HzOxMe3b&scp=105039021327&origin=inward,adjacent-subtopic,,scopus,llm,0.680,unreviewed,,doi:10.1007/978-3-032-04725-0_20
discarded,Evaluating the Performance of Architectural Patterns in Web Application Development,A. Yusuf,2024,2024 9th International Conference on Informatics and Computing Icic 2024,10.1109/ICIC64337.2024.10957712,https://www.scopus.com/inward/record.uri?partnerID=HzOxMe3b&scp=105004581848&origin=inward,adjacent-subtopic,,scopus,llm,0.730,unreviewed,,doi:10.1109/icic64337.2024.10957712
discarded,Understanding the Impact of Modularity in iOS App Performance using VIPER Architecture Pattern,M.R. Andika,2023,2023 3rd International Conference on Intelligent Cybernetics Technology and Applications Icicyta 2023,10.1109/ICICyTA60173.2023.10428901,https://www.scopus.com/inward/record.uri?partnerID=HzOxMe3b&scp=85186743365&origin=inward,adjacent-subtopic,,scopus,llm,0.780,unreviewed,,doi:10.1109/icicyta60173.2023.10428901
discarded,Detecting model view controller architectural layers using clustering in mobile codebases,D. Dobrean,2020,Icsoft 2020 Proceedings of the 15th International Conference on Software Technologies,,https://www.scopus.com/inward/record.uri?partnerID=HzOxMe3b&scp=85091796179&origin=inward,qualifies-claim; adjacent-subtopic,,scopus,llm_reviewed,0.870,changed,kept->discarded,hash:d11a11e76a000bb1
discarded,"6th International Conference on Software Process Improvement, CIMPS 2017",,2018,Advances in Intelligent Systems and Computing,,https://www.scopus.com/inward/record.uri?partnerID=HzOxMe3b&scp=85032708360&origin=inward,adjacent-subtopic,,scopus,llm,0.910,unreviewed,,hash:2d0e0047e96436fd
