status,title,authors,year,venue,doi,url,tags,abstract,provider,decision_source,llm_confidence,llm_review_outcome,llm_change_direction,paper_id
discarded,Conceptions of Learning Physics among University of Mindanao Students: A Validation Study,"Pelobillo, Giovanni",2023,INTERNATIONAL JOURNAL OF INSTRUCTION,10.29333/iji.2023.16451a,https://www.webofscience.com/wos/woscc/full-record/WOS:001148529200052,off-topic-false-hit,"The students' conception in learning physics profoundly influences learners' characteristics vis-a-vis learning outcomes. This study examined the validity of the models of conceptions in learning physics based on Tsai's original framework (2004) among randomly selected University of Mindanao students (n=321). Confirmatory factor analysis revealed that the second-order factor structure (Model C) showed an acceptable fit (RMSEA=0.068, CFI=0.93, TLI=0.92) which demonstrated lower information criteria such as AIC, and BIC against other models given with the valid constructs (Raykov rho>0.7). It revealed the composition, and factor correlation (0.72) of 2 domains of conception such as quantitative and qualitative learning aspect with acceptable factor loadings (lambda=0.5 to lambda=0.98) of its constructs and items. The analysis via generalized partial-credit model through item response theory (IRT) analysis showed that the items could distinguish students' conceptions via item difficulty and discrimination thresholds. Given the valid domains and constructs, this study could provide meaningful insights to improve physics instruction, inform learner characteristics and learning outcomes. It should be noted that teachers should design problem tasks that evoke students' qualitative-quantitative reasoning to produce meaningful attention to learning. Investigation of interplay between students' conceptions, problem-solving ability, motivation, and self-regulation situated in varied environments requires further study.",wos,llm,1.000,unreviewed,,doi:10.29333/iji.2023.16451a
discarded,"Selection and application of Copula functions with dependence on its tail right to the joint frequency analysis (Q, V) of annual floods","Francisco Campos-Aranda, Daniel",2023,TECNOLOGIA Y CIENCIAS DEL AGUA,10.24850/j-tyca-14-05-03,https://www.webofscience.com/wos/woscc/full-record/WOS:001063926900003,off-topic-false-hit,"The hydrological design of the reservoirs to be built or the revision of the existing ones, requires the estimation of the so-called Design Flood Hydrograph. The simplest and most approximate way to estimate such a hydrograph, for a determined joint return period, is through the bivariate Frequency Analysis of the maximum flow (Q) and the annual runoff volume (V) of the registered floods. Copula Functions (FC) are probabilistic models based on the dependence between Q and V, which easily establish their bivariate distribution, based on previously adopted marginal functions or distributions of any type, equal or different. The application of the FC in the hydrological estimates showed that a decisive aspect in their ideal selection is related to the dependence on the extreme right of the data (lambda(CFG)(U)) and that which have (lambda(U)) certain FC. Therefore, in this study the FC are exposed: Student's t, Gumbel-Hougaard, Clayton Associate and Joe, which show increasing values lambda(U). The values of lambda(U) are contrasted against the lambda(CFG)(U) obtained in 16 random real records of Q and V, to establish the applicability of each cited FC. In addition, the record of 26 annual Q and V data of the inflow floods to the Adolfo Lopez Mateos Dam (Humaya), in the state of Sinaloa, Mexico, is processed as a numerical application. Finally, the Conclusions are presented, which highlight the advantages of FC in the bivariate frequency analysis of floods.",wos,llm,1.000,unreviewed,,doi:10.24850/j-tyca-14-05-03
discarded,Joint-cross-loading multimodal cognitive diagnostic modeling incorporating visual fixation counts,"Zhan, Peida",2022,ACTA PSYCHOLOGICA SINICA,10.3724/SP.J.1041.2022.01416,https://www.webofscience.com/wos/woscc/full-record/WOS:000886926800010,off-topic-false-hit,"Students' observed behavior (e.g., learning behavior and problem-solving behavior) comprises of activities that represent complicated cognitive processes and latent conceptions that are frequently systematically related to one another. Cognitive characteristics such as cognitive styles and fluency may differ between students with the same cognitive/knowledge structure. However, practically all cognitive diagnosis models (CDMs) that merely assess item response accuracy (RA) data are currently incapable of estimating or inferring individual differences in cognitive traits. With advances in technology-enhanced assessments, it is now possible to capture multimodal data, such as outcome data (e.g., response accuracy), process data (e.g., response times (RTs), and biometric data (e.g., visual fixation counts (FCs)), automatically and simultaneously during the problem-solving activity. Multimodal data allows for precise cognitive structure diagnosis as well as comprehensive feedback on various cognitive characteristics.

First, using joint analysis of RA, RT, and FC data as an example, this study elaborated three multimodal data analysis methods and models, including separate modeling (whose model is denoted as S-MCDM), joint-hierarchical modeling (whose model is denoted as H-MCDM) (Zhan et al., 2022), and joint-cross-loading modeling (whose model is denoted as C-MCDM). Following that, three C-MCDMs with distinct hypotheses were presented based on joint-cross-loading modeling, namely, the C-MCDM-theta, C-MCDM-D, and C-MCDM-C, respectively. Three C-MCDMs, in comparison to the H-MCDM, introduce two item-level weight parameters (i.e., phi(i) and lambda(i)) into the RT and FC measurement models, respectively, to quantify the impact of latent ability or latent attributes on RT and FC. The Markov Chain Monte Carlo method was used to estimate model parameters using a full Bayesian approach. To illustrate the three proposed models' application and compare them to the S-MCDM and H-MCDM, multimodal data for a real-world mathematics test was used. Data was gathered at a prominent university on the East Coast of the United States in an eye-tracking lab. An I = 10 mathematics items test was given to N = 93 university students with normal or corrected vision. The test included K = 4 attributes, and the related Q-matrix is shown in Figure 3. The data is divided into three modalities: RA, RT, and FC, which were all collected at the same time. The data was fitted to all five multimodal models.

In addition, two simulation studies were conducted further to explore the psychometric performance of the proposed models. The purpose of simulation study 1 was to explore whether the parameter estimates of the proposed models can converge effectively and explore the recovery of parameter estimation under different simulated test situations. The purpose of simulation study 2 was to explore the relative merits of C-MCDMs and H-MCDM, that is, to explore the necessity of considering cross-loading in multimodal data analysis.

The results of the empirical study showed that (1) the C-MCDM-theta has the best model-data fitting, followed by the H-MCDM and the S-MCDM. Although the DIC showed that the C-MCDM-D and C-MCDM-C also fitted the data well, the results were only for reference because some parameter estimates in these two models did not converge; that (2) the correlation coefficients between latent ability and latent processing speed and that between latent ability and latent concentration were weak, making it difficult to fully exploit the theoretical advantages of H-MCDM over S-MCDM (Ranger, 2013). By contrast, since the C-MCDM-theta can directly utilize the information from RT and FC data, the standard error of the estimates of its latent ability was significantly lower than that of the previous two competing models; and that (3) the median of the estimates of fi was less than 0, which indicated that for most items, the higher the participant's latent ability is, the longer the time it will take to solve the items; and the median of the estimates of phi(i) was higher than 0, which indicated that for most items, the higher the participant's latent ability is, the more number of fixation counts he/she shown in problem-solving. Furthermore, it should be noted that the estimates of phi(i) and lambda(i) do not always have the same sign for different items, indicating that the influence of latent abilities on RT and FC has different directions (i.e., facilitation or inhibition) for different items. Furthermore, simulation study 1 indicated that the parameter estimation of the proposed three models could converge effectively and the recovery of model parameters was good under different simulated test situations. The results of simulation study 2 indicated that the adverse effects of ignoring the possible cross-loadings are more severe than redundantly considering the cross-loadings.

Overall, the results of this study indicate that (1) fusion analysis is more suitable for multimodal data that provides parallel information than separate analysis; that (2) through cross-loading, the proposed models can directly use information from RT and FC data to improve the parameter estimation accuracy of latent ability or latent attributes; that (3) the results of the proposed models can be used to diagnose cognitive structure and infer other cognitive characteristics such as cognitive styles and fluency; and that (4) the proposed models have better compatibility with different test situations than H-MCDM.",wos,llm,0.990,unreviewed,,doi:10.3724/sp.j.1041.2022.01416
discarded,The Pronunciation of English Low Vowels by Iraqi EFL Learners: An Intralingual Analysis,"Al Abdely, Ammar A.",2021,GEMA ONLINE JOURNAL OF LANGUAGE STUDIES,10.17576/gema-2021-2103-09,https://www.webofscience.com/wos/woscc/full-record/WOS:000741730200009,off-topic-false-hit,"Iraqi EFL learners of English are reported to show accented pronunciation on the segmental level, which might affect their speech intelligibility. This study aimed to identify problems encountered by Iraqi EFL learners in the production of English low vowels and account for them from an intralingual perspective. The study also aimed to identify the effect of Iraqis' English language proficiency level on their pronunciation of English low vowels. Thus, learners were divided into beginners and advanced groups to determine differences between them based on their proficiency level in English. A production test was conducted to identify error patterns of twenty Iraqi EFL learners in producing low vowels. Learners' recordings were acoustically analysed to validate the difficulties identified via the production test. Independent-samples ttests were conducted to identify any significant differences in performance for the two groups. The results showed that learners encountered problems in the production of low vowels, especially /alpha/, /ae/ and /Lambda/. The study concluded that these problems are probably ascribed to the complexities of the L2 vowel space, where vowels are close to each other and thus difficult to produce. Significant differences were identified between the two groups in terms of error means. Nonetheless, the comparison between the vowel chart obtained in this study and the charts offered in previous studies revealed that Iraqi EFL learners are still far from attaining approximant pronunciation. This requires reconsidering current texts, methodologies, and techniques used in teaching English pronunciation to allocate more attention to spectral differences among vowels.",wos,llm,1.000,unreviewed,,doi:10.17576/gema-2021-2103-09
discarded,Psychometric Properties of a Norwegian Version of the Social Emotional Assets and Resilience Scales-Child-Short Form,"Stromgren, Borge; Couto, Kalliu Carvalho",2022,ASSESSMENT FOR EFFECTIVE INTERVENTION,10.1177/15345084211055473,https://www.webofscience.com/wos/woscc/full-record/WOS:000717185400001,off-topic-false-hit,"Norwegian schools are obliged to develop students' social competences. Programs used are School-Wide Positive Behavioral Interventions and Supports (PBIS) or classroom-based aimed to teach students social-emotional (Social and Emotional Learning [SEL]) skills in a broad sense. Some rating scales have been used to assess the effect of SEL programs on SEL skills. We explored the Norwegian version of the 12-item Social Emotional Assets and Resilience Scales-Child-Short Form (SEARS-C-SF). An exploratory factor analysis (EFA) was performed, proposing a one-factor solution which was confirmed by a confirmatory factor analysis (CFA). The scale reliability of .84 (lambda(2)), means and standard deviations, as well as Tier levels were compared with the original short form. Finally, concurrent, discriminant, and convergent validity with different Strengths and Difficulties Questionnaire (SDQ) subscales were shown.",wos,llm,1.000,unreviewed,,doi:10.1177/15345084211055473
discarded,Excessive and pathological Internet use - Risk-behavior or psychopathology?,"Kaess, Michael; Klar, Johanna; Kindler, Jochen; Parzer, Peter; Brunner, Romuald; Carli, Vladimir; Sarchiapone, Marco; Hoven, Christina W.; Apter, Alan; Balazs, Judit; Barzilay, Shira; Bobes, Julio; Cozman, Doina; Gomboc, Vanja; Haring, Christian; Kahn, Jean-Pierre; Keeley, Helen; Meszaros, Gergely; Musa, George J.; Postuvan, Vita; Saiz, Pilar; Sisask, Merike; Varnik, Peeter; Resch, Franz; Wasserman, Danuta",2021,ADDICTIVE BEHAVIORS,10.1016/j.addbeh.2021.107045,https://www.webofscience.com/wos/woscc/full-record/WOS:000692246800014,off-topic-false-hit,"Pathological Internet use (but only with respect to gaming) is classified as mental disorder in the ICD-11. However, there is a large group of adolescents showing excessive Internet use, which may rather be considered adolescent risk-behavior. The aim was to test whether pathological and excessive Internet use should be considered as ""psychopathology"" or ""risk-behavior"".

A representative, cross-sectional sample of 11.110 students from 10 European Union countries was analyzed. Structural equation models, including the factors ""risk-behavior"" and ""psychopathology"" and the variables excessive and pathological Internet use, were tested against each other.

""Risk-behavior"" was operationalized by several risk-behaviors (e.g. drug abuse, truancy, etc). ""Psychopathology"" included measures of several mental disorders (e.g. depression, hyperactivity, etc).

Excessive Internet use was assessed as the duration and frequency of Internet use. Pathological Internet use was assessed with the Young Diagnostic Questionnaire (i.e., presence of addiction criteria). Excessive Internet use loaded on ""risk-behavior"" (lambda = 0.484, p < .001) and on ""psychopathology"" (lambda = 0.071, p < .007). Pathological Internet use loaded on ""risk-behavior"" (lambda = 0.333, p < .001) and on ""psychopathology"" (lambda = 0.852, p < .001). Chi-square tests determined that the loadings of excessive Internet use (chi(2) (1) = 81.98, p < .001) were significantly stronger on ""risk-behavior"" than ""psychopathology"". Vice versa, pathological Internet use loaded significantly stronger on ""psychopathology"" (chi(2) (1) = 107.10, p < .001).

The results indicate that pathological Internet use should rather be considered as psychopathology. Excessive Internet use on the other hand, should be classified as adolescent risk-behavior.",wos,llm,1.000,unreviewed,,doi:10.1016/j.addbeh.2021.107045
discarded,Factor Analysis Revisited,"Mathai, A. M.",2021,JOURNAL OF STATISTICAL THEORY AND PRACTICE,10.1007/s42519-020-00160-1,https://www.webofscience.com/wos/woscc/full-record/WOS:000678581200001,off-topic-false-hit,"Factor Analysis, one of the topics dealt with in the area of multivariate statistical analysis, is often a very difficult and confusing topic for the students. Difficulties come from the presence of too many parameters and no clear exact analytical solutions for estimating these parameters and deciding on the nature of the model. All the procedures call for help from computers and seek numerical solutions. Students see too many ad hoc procedures in this area, and this creates more confusion. It will be shown in the present discussion that exact analytical solutions can be obtained at least in the likelihood ratio procedure or Wilks' lambda-criterion if some special function techniques and matrix-variate distributions are used. Some of these ideas will be outlined in the present discussion. Factor analysis is discussed in all leading books on multivariate statistical analysis, see for example Anderson (An introduction to multivariate statistical analysis, 3rd edn, Wiley-Interscience, New Jersey, 2003).",wos,llm,1.000,unreviewed,,doi:10.1007/s42519-020-00160-1
discarded,Modeling thermal conductivity of clays: A review and evaluation of 28 predictive models,"Liu, Lanmin; He, Hailong; Dyck, Miles; Lv, Jialong",2021,ENGINEERING GEOLOGY,10.1016/j.enggeo.2021.106107,https://www.webofscience.com/wos/woscc/full-record/WOS:000655073200002,off-topic-false-hit,"Effective thermal conductivity of clay (lambda(eff)) has essential applications in disciplines such as environmental and earth science, agriculture and engineering. Much work has been done pertaining to model thermal conductivity of clay, but no work was found to collate and synthesize these works. This study aimed to conduct an extensive review of the predictive models for thermal conductivity of clay and evaluate their performance with a large compiled dataset. A total of 28 models were collated and categorized and their performance was evaluated with a large dataset consisting of 1250 measurements made on 65 clays from 21 studies. The result showed that the DF1979 was the best performing model but not satisfactory, with root-mean-square-error (RMSE) = 0.35 W m(-1) degrees C-1, average deviation (AD) = -0.04 W m(-1)degrees C-1 and Nash-Sutcliff Efficiency (NSE) = 0.54. Further investigations showed that these models are dataset dependent and fairly good performance might be found on certain soils/dataset. Therefore, cares should be taken when selecting the most appropriate model for predicting lambda(eff) in practice. Limitations of the thermal conductivity models for clays have been stated and perspectives on future studies were also presented. This work would provide the novice or expert alike information on the advantage and limitations on modeling thermal conductivity of clays for various purposes.",wos,llm,1.000,unreviewed,,doi:10.1016/j.enggeo.2021.106107
discarded,Prioritization of Students Understanding in Rules of Differentiation using Fuzzy Soft Matrices and Lambda - max Method,"Razak, Samsiah Abdul; Omar, Aslina; Hamid, Ainon Syazana Ab.; Saari, Izni Syamsina",2021,MALAYSIAN JOURNAL OF FUNDAMENTAL AND APPLIED SCIENCES,,https://www.webofscience.com/wos/woscc/full-record/WOS:000646555500004,off-topic-false-hit,"Calculus is one of the most important courses especially for undergraduate students in many fields of study. Some researchers have identified the causes of the high failure rate which includes lack of basic foundation of mathematics and basic concept of differentiation. Aside from that, the main problems that can be seen among students are the difficulty in identifying the type of function in differentiation and identifying the suitable method to solve a particular problem. There are three rules included in differentiation which are the Chain Rule, Product Rule and Quotient Rule. This study is conducted to examine the level of understanding of the students on the function and the derivative techniques after applying derivative game applications in this course. This paper is based on Fuzzy Analytic Hierarchy Process (Fuzzy AHP) which use fuzzy number in pair-wise comparison matrix. The prioritization of students' understanding in differentiation rules will then be measured by Fuzzy AHP using Lambda-max method. The highest among the three rules in differentiation will considered as a result. The findings of this study indicated that the highest score with 0.4700 is the Chain Rule. This study can help lectures to know the level or understanding among three rules in differentiation and lecturer well prepared their teaching materials in the classroom as well as to reduce the failure rate among students in this course.",wos,llm,1.000,unreviewed,,hash:5532d196801111e4
