status,title,authors,year,venue,doi,url,tags,abstract,provider,decision_source,llm_confidence,llm_review_outcome,llm_change_direction,paper_id
discarded,Robotics as a Tool for Deconstructing Stereotypes in Amazon: Disseminating Information in Baixo Trombetas,L.L. Sousa,2020,2020 Latin American Robotics Symposium 2020 Brazilian Symposium on Robotics and 2020 Workshop on Robotics in Education LARS Sbr Wre 2020,10.1109/LARS/SBR/WRE51543.2020.9307147,https://www.scopus.com/inward/record.uri?partnerID=HzOxMe3b&scp=85100300455&origin=inward,adjacent-subtopic,,scopus,llm,0.910,unreviewed,,doi:10.1109/lars/sbr/wre51543.2020.9307147
discarded,A Game Battle Platform based on Web-API for Artificial Intelligence Education,X. Han,2020,2020 International Wireless Communications and Mobile Computing Iwcmc 2020,10.1109/IWCMC48107.2020.9148114,https://www.scopus.com/inward/record.uri?partnerID=HzOxMe3b&scp=85089705336&origin=inward,adjacent-subtopic,,scopus,llm,0.910,unreviewed,,doi:10.1109/iwcmc48107.2020.9148114
discarded,Interventions for chronic pruritus of unknown origin,A. Andrade,2020,Cochrane Database of Systematic Reviews,10.1002/14651858.CD013128.pub2,https://www.scopus.com/inward/record.uri?partnerID=HzOxMe3b&scp=85078302379&origin=inward,off-topic-false-hit,,scopus,llm,1.000,unreviewed,,doi:10.1002/14651858.cd013128.pub2
discarded,Eye tracking to evaluate comprehension of computational thinking,A. Arslanyilmaz,2019,Annual Conference on Innovation and Technology in Computer Science Education Iticse,10.1145/3304221.3325555,https://www.scopus.com/inward/record.uri?partnerID=HzOxMe3b&scp=85070870694&origin=inward,adjacent-subtopic,,scopus,llm,0.790,unreviewed,,doi:10.1145/3304221.3325555
discarded,Technical note: Designing and running behavioral experiments with scratch,J.A. Ruiz,2018,Revista Mexicana De Analisis De La Conducta,10.5514/rmac.v44.i2.68539,https://www.scopus.com/inward/record.uri?partnerID=HzOxMe3b&scp=85069838657&origin=inward,off-topic-false-hit,,scopus,llm,0.960,unreviewed,,doi:10.5514/rmac.v44.i2.68539
discarded,Coupling bits and atoms: An attempt to bridge the gap between cyberspace and the physical environment by making digital information tangible: Alice in wonderland through tangible interfaces & cultural computing,G. Laštovička-Medin,2018,2018 7th Mediterranean Conference on Embedded Computing Meco 2018 Including Ecyps 2018 Proceedings,10.1109/MECO.2018.8405993,https://www.scopus.com/inward/record.uri?partnerID=HzOxMe3b&scp=85050690526&origin=inward,off-topic-false-hit,,scopus,llm,0.980,unreviewed,,doi:10.1109/meco.2018.8405993
discarded,Complex Event Processing for City Officers: A Filter and Pipe Visual Approach,D. Bonino,2018,IEEE Internet of Things Journal,10.1109/JIOT.2017.2728089,https://www.scopus.com/inward/record.uri?partnerID=HzOxMe3b&scp=85028924212&origin=inward,off-topic-false-hit,,scopus,llm,0.960,unreviewed,,doi:10.1109/jiot.2017.2728089
discarded,TechPaper - An interactive learning information system game,F. Portela,2018,Ict4awe 2018 Proceedings of the 4th International Conference on Information and Communication Technologies for Ageing Well and E Health,10.5220/0006820502760284,https://www.scopus.com/inward/record.uri?partnerID=HzOxMe3b&scp=85051999678&origin=inward,adjacent-subtopic,,scopus,llm,0.920,unreviewed,,doi:10.5220/0006820502760284
discarded,"7th CCF International Conference on Natural Language Processing and Chinese Computing, NLPCC 2018",,2018,Lecture Notes in Computer Science Including Subseries Lecture Notes in Artificial Intelligence and Lecture Notes in Bioinformatics,,https://www.scopus.com/inward/record.uri?partnerID=HzOxMe3b&scp=85052913545&origin=inward,off-topic-false-hit,,scopus,llm,0.990,unreviewed,,hash:a580e81cf5089a21
discarded,"A Journey Through Wonderland: A Novice, Her Mentor, Tea Parties, and Tenure",P. McFadden,2017,Nursing Forum,10.1111/nuf.12172,https://www.scopus.com/inward/record.uri?partnerID=HzOxMe3b&scp=85019140744&origin=inward,off-topic-false-hit,,scopus,llm,1.000,unreviewed,,doi:10.1111/nuf.12172
discarded,Block-based realtime big-data processing for smart cities,D. Bonino,2016,IEEE 2nd International Smart Cities Conference Improving the Citizens Quality of Life Isc2 2016 Proceedings,10.1109/ISC2.2016.07580768,https://www.scopus.com/inward/record.uri?partnerID=HzOxMe3b&scp=84994113144&origin=inward,off-topic-false-hit,,scopus,llm,0.970,unreviewed,,doi:10.1109/isc2.2016.07580768
discarded,"Thermoregulation, scratch, itch and sleep deficits in children with eczema",D. Camfferman,2016,Sleep Medicine,10.1016/j.sleep.2016.06.011,https://www.scopus.com/inward/record.uri?partnerID=HzOxMe3b&scp=84992533300&origin=inward,off-topic-false-hit,,scopus,llm,1.000,unreviewed,,doi:10.1016/j.sleep.2016.06.011
discarded,Religion and literary tragedy: King lear and the problem of evil,B. Saunders,2016,Routledge Companion to Literature and Religion,10.4324/9780203498910-27,https://www.scopus.com/inward/record.uri?partnerID=HzOxMe3b&scp=85068870107&origin=inward,off-topic-false-hit,,scopus,llm,1.000,unreviewed,,doi:10.4324/9780203498910-27
discarded,One-day activities for K-12 face-to-face outreach,D.D. Garcia,2015,SIGCSE 2015 Proceedings of the 46th ACM Technical Symposium on Computer Science Education,10.1145/2676723.2677337,https://www.scopus.com/inward/record.uri?partnerID=HzOxMe3b&scp=84942431306&origin=inward,adjacent-subtopic,,scopus,llm,0.850,unreviewed,,doi:10.1145/2676723.2677337
discarded,Emotion-based digital storytelling for risk education: Empirical evidences from the ALICE project,G.R. Mangione,2014,International Journal of Continuing Engineering Education and Life Long Learning,10.1504/IJCEELL.2014.060161,https://www.scopus.com/inward/record.uri?partnerID=HzOxMe3b&scp=84897380106&origin=inward,off-topic-false-hit,,scopus,llm,0.960,unreviewed,,doi:10.1504/ijceell.2014.060161
discarded,Lessons learned from starting an SAE Baja program in a small liberal arts college,D. Che,2012,ASEE Annual Conference and Exposition Conference Proceedings,,https://www.scopus.com/inward/record.uri?partnerID=HzOxMe3b&scp=85029087711&origin=inward,off-topic-false-hit,,scopus,llm,0.990,unreviewed,,hash:c1c13fb365c5dc90
discarded,AFP/β-HCG secreting CNS germ cell tumors: Long-term outcome with respect to initial symptoms and primary tumor resection. Results of the cooperative trial MAKEI 89,G. Calaminus,2005,Neuropediatrics,10.1055/s-2005-837582,https://www.scopus.com/inward/record.uri?partnerID=HzOxMe3b&scp=20644457905&origin=inward,off-topic-false-hit,,scopus,llm,1.000,unreviewed,,doi:10.1055/s-2005-837582
discarded,Features and development of Coot,Paul Emsley; Bernhard Lohkamp; William G. Scott; Kevin D. Cowtan,2010,Acta Crystallographica Section D Biological Crystallography,10.1107/s0907444910007493,https://openalex.org/W2124026197,off-topic-false-hit,"Coot is a molecular-graphics application for model building and validation of biological macromolecules. The program displays electron-density maps and atomic models and allows model manipulations such as idealization, real-space refinement, manual rotation/translation, rigid-body fitting, ligand search, solvation, mutations, rotamers and Ramachandran idealization. Furthermore, tools are provided for model validation as well as interfaces to external programs for refinement, validation and graphics. The software is designed to be easy to learn for novice users, which is achieved by ensuring that tools for common tasks are 'discoverable' through familiar user-interface elements (menus and toolbars) or by intuitive behaviour (mouse controls). Recent developments have focused on providing tools for expert users, with customisable key bindings, extensions and an extensive scripting interface. The software is under rapid development, but has already achieved very widespread use within the crystallographic community. The current state of the software is presented, with a description of the facilities available and of some of the underlying methods employed.",openalex,llm,0.990,unreviewed,,doi:10.1107/s0907444910007493
discarded,Combinatorial Optimization of Graphical User Interface Designs,Antti Oulasvirta; Niraj Ramesh Dayama; Morteza Shiripour; Maximilian John; Andreas Karrenbauer,2020,Proceedings of the IEEE,10.1109/jproc.2020.2969687,https://openalex.org/W3006937233,off-topic-false-hit,"The graphical user interface (GUI) has become the prime means for interacting with computing systems. It leverages human perceptual and motor capabilities for elementary tasks such as command exploration and invocation, information search, and multitasking. For designing a GUI, numerous interconnected decisions must be made such that the outcome strikes a balance between human factors and technical objectives. Normally, design choices are specified manually and coded within the software by professional designers and developers. This article surveys combinatorial optimization as a flexible and powerful tool for computational generation and adaptation of GUIs. As recently as 15 years ago, applications were limited to keyboards and widget layouts. The obstacle has been the mathematical definition of design tasks, on the one hand, and the lack of objective functions that capture essential aspects of human behavior, on the other. This article presents definitions of layout design problems as integer programming tasks, a coherent formalism that permits identification of problem types, analysis of their complexity, and exploitation of known algorithmic solutions. It then surveys advances in formulating evaluative functions for common design-goal foci such as user performance and experience. The convergence of these two advances has expanded the range of solvable problems. Approaches to practical deployment are outlined with a wide spectrum of applications. This article concludes by discussing the position of this application area within optimization and human-computer interaction research and outlines challenges for future work.",openalex,llm,0.980,unreviewed,,doi:10.1109/jproc.2020.2969687
discarded,Supporting Novice to Expert Transitions in User Interfaces,Andy Cockburn; Carl A. Gutwin; Joey Scarr; Sylvain Malacria,2014,ACM Computing Surveys,10.1145/2659796,https://openalex.org/W1986841213,off-topic-false-hit,"Interface design guidelines encourage designers to provide high-performance mechanisms for expert users. However, research shows that many expert interface components are seldom used and that there is a tendency for users to persistently fail to adopt faster methods for completing their work. This article summarizes and organizes research relevant to supporting users in making successful transitions to expert levels of performance. First, we provide a brief introduction to the underlying human factors of skill acquisition relevant to interaction with computer systems. We then present our focus, which is a review of the state of the art in user interfaces that promote expertise development. The review of interface research is based around four domains of performance improvement: intramodal improvement that occurs as a factor of repetition and practice with a single method of interaction; intermodal improvement that occurs when users switch from one method to another that has a higher performance ceiling; vocabulary extension , in which the user broadens his or her knowledge of the range of functions available; and task mapping , which examines the ways in which users perform their tasks. The review emphasizes the relationship between interface techniques and the human factors that explain their relative success.",openalex,llm,0.980,unreviewed,,doi:10.1145/2659796
discarded,Automated Journalism 2.0: Event-driven narratives,David Caswell; Konstantin Nicholas Dörr,2017,Journalism Practice,10.1080/17512786.2017.1320773,https://openalex.org/W2613288513,off-topic-false-hit,"This article introduces an exploratory computational approach to extending the realm of automated journalism from simple descriptions to richer and more complex event-­driven narratives, based on original applied research in structured journalism. The practice of automated journalism is reviewed and a major constraint on the potential to automate journalistic writing is identified, namely the absence of data models sufficient to encode the journalistic knowledge necessary for automatically writing event-driven narratives. A detailed proposal addressing this constraint is presented, based on the representation of journalistic knowledge as structured event and structured narrative data. We describe a prototyped database of structured events and narratives, and introduce two methods of using event and narrative data from the prototyped database to provide journalistic knowledge to a commercial automated writing platform. Detailed examples of the use of each method are provided, including a successful application of the approach to stories about car chases, from initial data reporting through to automatically generated text. A framework for evaluating automatically generated event-driven narratives is proposed, several technical and editorial challenges to applying the approach in practice are discussed, and several high-level conclusions about the importance of data structures in automated journalism workflows are provided.",openalex,llm,0.990,unreviewed,,doi:10.1080/17512786.2017.1320773
discarded,QwikMD — Integrative Molecular Dynamics Toolkit for Novices and Experts,João V. Ribeiro; Rafael C. Bernardi; Till Rudack; John E. Stone; James Christopher Phillips; Peter L. Freddolino; Klaus J. Schulten,2016,Scientific Reports,10.1038/srep26536,https://openalex.org/W2397547384,off-topic-false-hit,"The proper functioning of biomolecules in living cells requires them to assume particular structures and to undergo conformational changes. Both biomolecular structure and motion can be studied using a wide variety of techniques, but none offers the level of detail as do molecular dynamics (MD) simulations. Integrating two widely used modeling programs, namely NAMD and VMD, we have created a robust, user-friendly software, QwikMD, which enables novices and experts alike to address biomedically relevant questions, where often only molecular dynamics simulations can provide answers. Performing both simple and advanced MD simulations interactively, QwikMD automates as many steps as necessary for preparing, carrying out, and analyzing simulations while checking for common errors and enabling reproducibility. QwikMD meets also the needs of experts in the field, increasing the efficiency and quality of their work by carrying out tedious or repetitive tasks while enabling easy control of every step. Whether carrying out simulations within the live view mode on a small laptop or performing complex and large simulations on supercomputers or Cloud computers, QwikMD uses the same steps and user interface. QwikMD is freely available by download on group and personal computers. It is also available on the cloud at Amazon Web Services.",openalex,llm,0.990,unreviewed,,doi:10.1038/srep26536
discarded,"XDSGUI : a graphical user interface for XDS , SHELX and ARCIMBOLDO",W. Brehm; Josep Triviño; J.M. Krahn; Isabel Usón; Kay Diederichs,2023,Journal of Applied Crystallography,10.1107/s1600576723007057,https://openalex.org/W4386447278,off-topic-false-hit,"program packages that serves both novice and experienced users in obtaining optimal processing and phasing results for X-ray, neutron and electron diffraction data. The design of the program enables data processing and phasing without command line usage, and supports advanced command flows in a simple user-modifiable and user-extensible way. The GUI supplies graphical information based on the tabular log output of the programs, which is more intuitive, comprehensible and efficient than text output can be.",openalex,llm,0.990,unreviewed,,doi:10.1107/s1600576723007057
discarded,OpenMx 2.0: Extended Structural Equation and Statistical Modeling,Michael C. Neale; Michael D. Hunter; Joshua N. Pritikin; Mahsa Zahery; Timothy R. Brick; Robert M. Kirkpatrick; Ryne Estabrook; Timothy Charles Bates; HERMINE H. M. MAES; Steven M. Boker,2015,Psychometrika,10.1007/s11336-014-9435-8,https://openalex.org/W2109349396,off-topic-false-hit,"The new software package OpenMx 2.0 for structural equation and other statistical modeling is introduced and its features are described. OpenMx is evolving in a modular direction and now allows a mix-and-match computational approach that separates model expectations from fit functions and optimizers. Major backend architectural improvements include a move to swappable open-source optimizers such as the newly written CSOLNP. Entire new methodologies such as item factor analysis and state space modeling have been implemented. New model expectation functions including support for the expression of models in LISREL syntax and a simplified multigroup expectation function are available. Ease-of-use improvements include helper functions to standardize model parameters and compute their Jacobian-based standard errors, access to model components through standard R $ mechanisms, and improved tab completion from within the R Graphical User Interface.",openalex,llm,0.980,unreviewed,,doi:10.1007/s11336-014-9435-8
