status,title,authors,year,venue,doi,url,tags,abstract,provider,decision_source,llm_confidence,llm_review_outcome,llm_change_direction,paper_id
discarded,Student engagement and achievement in American secondary schools,"<vcard>BEGIN:vCard\VERSION:3.0\FN:B. Bradford Brown\ORG:University of Wisconsin-Madison\ADR;TYPE=WORK,POSTAL,PARCEL:;;1000 Bascom Mall;Suite 377;Madison;WI;53706;US\END:vCard</vcard>; <vcard>BEGIN:vCard\VERSION:3.0\FN:Adam Gamoran\ORG:University of Wisconsin-Madison\ADR;TYPE=WORK,POSTAL,PARCEL:;;1025 W. Johnson St.;;Madison;WI;53706;US\END:vCard</vcard>; <vcard>BEGIN:vCard\VERSION:3.0\FN:Susie D. Lamborn\ORG:University of Wisconsin-Madison\ADR;TYPE=WORK,POSTAL,PARCEL:;;1000 Bascom Mall;Suite 377;Madison;WI;53706;US\END:vCard</vcard>; <vcard>BEGIN:vCard\VERSION:3.0\FN:Karen Seashore-Louis\ORG:University of Minnesota\ADR;TYPE=WORK,POSTAL,PARCEL:;;178 Pillsbury Dr. SE;330 Burton Hall;Minneapolis;MN;55455;US\END:vCard</vcard>; <vcard>BEGIN:vCard\VERSION:3.0\FN:Nina S. Mounts\ORG:Northern Illinois University\ADR;TYPE=WORK,POSTAL,PARCEL:;;1425 W. Lincoln Highway;;Dekalb;IL;60115;US\END:vCard</vcard>; <vcard>BEGIN:vCard\VERSION:3.0\FN:Martin Nystrand\ORG:University of Wisconsin-Madison\ADR;TYPE=WORK,POSTAL,PARCEL:;;600 N. Park St.;;Madison;WI;53706;US\END:vCard</vcard>; <vcard>BEGIN:vCard\VERSION:3.0\FN:BetsAnn Smith\ORG:University of Minnesota\ADR;TYPE=WORK,POSTAL,PARCEL:;;178 Pillsbury Dr. SE;;Madison;WI;55455;US\END:vCard</vcard>; <vcard>BEGIN:vCard\VERSION:3.0\FN:Gregory A. Smith\ORG:University of Wisconsin-Madison\ADR;TYPE=WORK,POSTAL,PARCEL:;;1000 Bascom Mall;Suite 377;Madison;WI;53706;US\END:vCard</vcard>; <vcard>BEGIN:vCard\VERSION:3.0\FN:Laurence Steinberg\ORG:Temple University\ADR;TYPE=WORK,POSTAL,PARCEL:;;Weiss Hall, 6th Floor;1701 N. 13th St.;Philadelphia;PA;19122;US\END:vCard</vcard>; <vcard>BEGIN:vCard\VERSION:3.0\FN:Gary G. Wehlage\ORG:University of Wisconsin-Madison\ADR;TYPE=WORK,POSTAL,PARCEL:;;1000 Bascom Mall;Suite 377;Madison;WI;53706;US\END:vCard</vcard>",1993,Choice Reviews Online,10.5860/choice.30-3945,https://openalex.org/W1598741880,off-topic-false-hit,"Findings from five main projects in the National Center on Effective Secondary Schools, which operated from December 1, 1985 to February 28, 1991, are presented. Projects investigated different aspects of engagement and achievement problems through literature reviews, analyses of existing data sets, and new studies of students and staff in 32 middle and 62 high schools throughout the United States. Material from the projects is integrated into the following chapters: (1) ""The Significance and Sources of Student Engagement"" (F. M. Newmann, G. G. Wehlage, and S. D. Lamborn); (2) ""Taking Students Seriously"" (A. Gamoran and M. Nystrand); (3) ""Higher-Order Thinking and Prospects for Classroom Thoughtfulness"" (F. M. Newmann); (4) ""Building New Programs for Students at Risk"" (G. G. Wehlage and G. A. Smith); (5) ""Cultivating Teacher Engagement: Breaking the Iron Law of Social Class"" (K. S. Louis and B. Smith); (6) ""Putting School in",openalex,llm,1.000,unreviewed,,doi:10.5860/choice.30-3945
discarded,Teachable robots: Understanding human teaching behavior to build more effective robot learners,Andrea L. Thomaz; Cynthia Breazeal,2007,Artificial Intelligence,10.1016/j.artint.2007.09.009,https://openalex.org/W2121110499,off-topic-false-hit,,openalex,llm,0.990,unreviewed,,doi:10.1016/j.artint.2007.09.009
discarded,USING ASYNCHRONOUS AUDIO FEEDBACK TO ENHANCE TEACHING PRESENCE AND STUDENTS’ SENSE OF COMMUNITY,Philip Ice; Reagan Curtis; Perry D. Phillips; John Wells,2007,Online Learning,10.24059/olj.v11i2.1724,https://openalex.org/W1533649901,off-topic-false-hit,"This paper reports the findings of a case study in which audio feedback replaced text-based feedback in asynchronous courses. Previous research has demonstrated that participants in online courses can build effective learning communities through text based communication alone. Similarly, it has been demonstrated that instructors for online courses can adequately project immediacy behaviors using text-based communication. However, we believed that the inclusion of an auditory element might strengthen both the sense of community and the instructor's ability to affect more personalized communication with students. Over the course of one semester, students in this study received a mixture of asynchronous audio and text-based feedback. Our findings revealed extremely high student satisfaction with embedded asynchronous audio feedback as compared to asynchronous text only feedback. Four themes, which accounted for this preference, were culled out in an iterative, inductive analysis of interview data: 1. Audio feedback was perceived to be more effective than text-based feedback for conveying nuance; 2. Audio feedback was associated with feelings of increased involvement and enhanced learning community interactions; 3. Audio feedback was associated with increased retention of content; and 4. Audio feedback was associated with the perception that the instructor cared more about the student. Document analysis revealed that students were three times more likely to apply content for which audio commenting was provided in class projects than was the case for content for which text based commenting was provided. Audio commenting was also found to significantly increase the level at which students applied such content. Implications of this case study and directions for future research are addressed in the discussion and conclusions section of this paper.",openalex,llm,0.990,unreviewed,,doi:10.24059/olj.v11i2.1724
discarded,The effectiveness of virtual and augmented reality in health sciences and medical anatomy,Christian Moro; Zane Štromberga; Athanasios Raikos; Allan Stirling,2017,Anatomical Sciences Education,10.1002/ase.1696,https://openalex.org/W2605897185,off-topic-false-hit,"Although cadavers constitute the gold standard for teaching anatomy to medical and health science students, there are substantial financial, ethical, and supervisory constraints on their use. In addition, although anatomy remains one of the fundamental areas of medical education, universities have decreased the hours allocated to teaching gross anatomy in favor of applied clinical work. The release of virtual (VR) and augmented reality (AR) devices allows learning to occur through hands-on immersive experiences. The aim of this research was to assess whether learning structural anatomy utilizing VR or AR is as effective as tablet-based (TB) applications, and whether these modes allowed enhanced student learning, engagement and performance. Participants (n = 59) were randomly allocated to one of the three learning modes: VR, AR, or TB and completed a lesson on skull anatomy, after which they completed an anatomical knowledge assessment. Student perceptions of each learning mode and any adverse effects experienced were recorded. No significant differences were found between mean assessment scores in VR, AR, or TB. During the lessons however, VR participants were more likely to exhibit adverse effects such as headaches (25% in VR P < 0.05), dizziness (40% in VR, P < 0.001), or blurred vision (35% in VR, P < 0.01). Both VR and AR are as valuable for teaching anatomy as tablet devices, but also promote intrinsic benefits such as increased learner immersion and engagement. These outcomes show great promise for the effective use of virtual and augmented reality as means to supplement lesson content in anatomical education. Anat Sci Educ 10: 549-559. © 2017 American Association of Anatomists.",openalex,llm,1.000,unreviewed,,doi:10.1002/ase.1696
discarded,An Empirical Study of Fault Localization on Novice Programs,Yuxing Liu; Jianying Chen; Jiamin Tang; Xiaoyi Tong; Liping Cai; Hengyuan Liu,2024,"2024 IEEE 48th Annual Computers, Software, and Applications Conference (COMPSAC)",10.1109/COMPSAC61105.2024.00381,https://ieeexplore.ieee.org/document/10633614/,adjacent-subtopic,"Programming learning is becoming increasingly prevalent in college curricula, yet novices often encounter substantial difficulties in debugging due to their limited programming experience. In response to these challenges, automatic fault localization methods, such as Spectrum-Based Fault Localization (SBFL) and Mutation-Based Fault Localization (MBFL), have emerged as promising solutions. However, these methods are typically designed for industrial programs, which differ markedly from novice programs in terms of size and complexity. This discrepancy highlights a significant research gap in the application of these methods to novice programs. To address this gap, we conducted an empirical study to evaluate the fault localization performance and execution overhead of SBFL and MBFL in environments typical of novice programmers. Our research specifically examined how various program characteristics, including code coverage and mutation score, affect the accuracy of these localization methods. The study was comprehensive, involving experiments on 190 real novice faulty programs. The findings from our study demonstrate that both SBFL and MBFL are effective for fault localization in novice programs, though MBFL was notably more effective in our tests. MBFL demonstrated superior performance by accurately localizing 67, 96, and 114 faults within the ${TOP}-{N} (N=1.\ 3.\ 5)$.",ieee,llm,0.970,unreviewed,,doi:10.1109/compsac61105.2024.00381
discarded,A case study of the analysis of novice student programs,S.A. Mengel; J.V. Ulans,1999,Proceedings 12th Conference on Software Engineering Education and Training (Cat. No.PR00131),10.1109/CSEE.1999.755178,https://ieeexplore.ieee.org/document/755178/,adjacent-subtopic,"It is difficult for teachers and graders to give an in-depth evaluation of student programs to the point of checking every line of code due to the amount of time checking would take. Solutions to this difficulty many involve only checking to see if the program executes correctly (dynamic analysis), glancing over the program to see if appropriate documentation to present (static analysis), and glancing over the code for any obvious problems (static analysis). A promising solution is to automate the assessment process or parts of it, however, automated solutions are difficult to construct and may be very expensive commercially. One commercial solution, however, is Verilog Logiscope which offers a limited number of licenses free to conductors. Logiscope is a static analysis checker which collects metrics on programs and allows the coverage of code to be determined when testing during program execution. It is also difficult to determine which metrics may be of use in the automated assessment of programs. This paper addresses this problem through using Logiscope to conduct a preliminary investigation with a small set of static metrics. Another metric, the code coverage of a set of test scripts run on all of the programs is also used. The metrics data collected from programs belonging to students in the beginning programming honors course, is presented and correlated to each other to determine their dependence on each order. Consideration on how to use the metrics to help students learn to program better is given.",ieee,llm,0.980,unreviewed,,doi:10.1109/csee.1999.755178
discarded,Development and Evaluation of an AI-Enhanced Python Programming Education System,Eric Zabala; Husnu S. Narman,2024,"2024 IEEE 15th Annual Ubiquitous Computing, Electronics & Mobile Communication Conference (UEMCON)",10.1109/UEMCON62879.2024.10754661,https://ieeexplore.ieee.org/document/10754661/,adjacent-subtopic,"The integration of Artificial Intelligence (AI) in education has shown promising potential to enhance learning experiences and provide personalized assistance to students. However, existing AI-based educational tools often exhibit limitations, including inconsistent feedback, limited adaptability to diverse learning needs, and difficulties in delivering real-time and accurate assessments. These limitations restrict the full effectiveness of AI in supporting students’ educational journeys. In this paper, we present the development of an AI-based Python programming education system that integrates a Chatbot for student assistance, an automated grading system for feedback, and an entrance exam feature that suggests chapters and sections for review. The Chatbot and grading system employs GPT-3.5 Turbo, leveraging its extensive knowledge base, cost-effectiveness, time efficiency, and adaptability to various programming queries, which enhances student engagement. Although the system underwent interactive testing and continuous improvements, the development process encountered difficulties in maintaining consistent AI feedback and enhancing real-time performance. Users can take quizzes, receive grades, obtain personalized feedback, and get course recommendations. The grading system achieved 28/30 consistency with its output while the course recommendation system achieved $26 / 30$ consistency with its outputs. The results indicate that while the AI-based system aids in learning programming by providing instant feedback and recommendations for improvement, its effectiveness is limited. This project underscores the potential of AI to enhance educational tools and sets the stage for further advancements in AI-driven education systems.",ieee,llm,0.980,unreviewed,,doi:10.1109/uemcon62879.2024.10754661
discarded,Online game-based programming learning for high school students — A case study,Thiago Reis da Silva; Eduardo Henrique da Silva Aranha,2015,2015 IEEE Frontiers in Education Conference (FIE),10.1109/FIE.2015.7344131,https://ieeexplore.ieee.org/document/7344131/,adjacent-subtopic,"[Context] The inclusion of programming concepts in high school education has been emerging, since applying computing in high school education is a way to motivate and prepare students into the field of technology. [Objective] This work evaluates the teaching programming games for high school students based on different forms of distance education (online video lessons, broadcasted live or recorded, and tutorials in PDF). [Method] A case study was performed in the second half of 2014 with 30 high school students enrolled in an online game programming challenge. The students had access to the different formats of online lessons and they were monitored by tutors in a online learning environment. [Results] Over 75% of the students performed and sent all the activities requested in the study, suggesting that all investigated online formats are effective. However, 85% of students indicated their preference to use recorded video classes to learn programming. Finally, 100% of the students said that they would participate again in such challenge, showing the attractiveness of the game development. [Conclusions] We considered that online formats (specially recorded video) can be used to promote the development of games to introduce programming knowledge in high school education. However, the lessons learned (difficults found and improvement suggestions) should be taken in consideration to implement online solutions in large scale.",ieee,llm,0.940,unreviewed,,doi:10.1109/fie.2015.7344131
discarded,Moving Towards Program Comprehension in Software Development: A Case Study,Abdelaziz Fellah; Ajay Bandi; Mahmoud Yousef,2020,2020 Fourth International Conference on Computing Methodologies and Communication (ICCMC),10.1109/ICCMC48092.2020.ICCMC-000122,https://ieeexplore.ieee.org/document/9076470/,adjacent-subtopic,"The goal of this paper aims at promoting program comprehension in computer science, in particular software engineering and object-oriented programming courses. The research methodology is evaluated through an empirical study which involves an active participation audience of undergraduate and graduate computer science students. With no previous knowledge on program comprehension, participants were explicitly instructed to use their computing skills and own strategies to comprehend a set of Java programs of different difficulty levels. We did not impose on the participants any specific paradigm to comprehend the source code. We conducted three case studies with two groups of students, and the results were promising, despite of the fact that students had no previous knowledge of program comprehension. The results of this study shows that participants identified four dimensions to comprehend the source code - namely input/output activities, visual scanning, computer science knowledge, and application domain. In addition, the results provided strong evidence for the validation of the hypotheses that we formulated earlier before conducting the case studies. Another factor worth mentioning is the indentation of the code which might play a role in debugging.",ieee,llm,0.960,unreviewed,,doi:10.1109/iccmc48092.2020.iccmc-000122
discarded,Programming Assignment Grading Through Control Statement and Program Features,Srujana Inturi; M Swamydas,2023,2023 International Conference on Emerging Techniques in Computational Intelligence (ICETCI),10.1109/ICETCI58599.2023.10331134,https://ieeexplore.ieee.org/document/10331134/,adjacent-subtopic,"Recently, automatic programming assessment has grown in importance as a technique for supporting lecturers and instructors of programming courses in automatically marking and grading students programming exercises and giving helpful feedback on the students programming answers. In this paper, we propose a method for evaluating C programs. Static and dynamic analysis methods are two distinct strategies that are distinguished in this context. In contrast to dynamic analysis, which must assess an executable program, static analysis can analyse a program even if it is not totally executed. The proposed approach is based on the static analysis of programs. This paper introduces two metrics to grade student programs by using (i) Control Statement Features (ii) Program Features like different types of statements, operators and operands.It consists of comparing the student program with the program offered by the evaluator through feature metrics.Dealing with the number of solutions that are available for the same programming problem presents a significant difficulty in this situation. To address this flaw, we suggest a novel similarity metric that contrasts two programs based on how they execute semantically.In the area of automated program evaluation, the experiments findings point to a promising realisation. They further prove that the proposed method guarantees a close approximation to the human program evaluation.",ieee,llm,0.990,unreviewed,,doi:10.1109/icetci58599.2023.10331134
discarded,Rationale and assessment of a fully asynchronous model for distance training,F. Ramos,2000,30th Annual Frontiers in Education Conference. Building on A Century of Progress in Engineering Education. Conference Proceedings (IEEE Cat. No.00CH37135),10.1109/FIE.2000.896671,https://ieeexplore.ieee.org/document/896671/,off-topic-false-hit,"In April 1999, the University of Aveiro launched a Web based distance training programme, supported on a fully asynchronous model, that introduced at innovative approach to training in Portugal. In this model a mixed approach is adopted as far as the use of technologies is concerned: for the course materials a very conventional approach is used (off-the-shelf books and paper versions of most of other documentation) but communication among participants (students, professors and staff) is based on the Internet. This model has several advantages when compared with other more conventional and, also, more sophisticated (as far as the use of technology is concerned) distance education models, and has provided a very good trade-off between effectiveness and flexibility. The paper presents and discusses the rationale beyond the model adopted, identifies its main characteristics and presents the results and conclusions achieved up to now, one year after being used in a distance training programme on interactive multimedia and Internet technologies already followed by more than 250 students.",ieee,llm,0.990,unreviewed,,doi:10.1109/fie.2000.896671
discarded,Large-Scale Multiobjective Static Test Generation for Web-Based Testing with Integer Programming,Minh Luan Nguyen; Siu Cheung Hui; Alvis C.M. Fong,2013,IEEE Transactions on Learning Technologies,10.1109/TLT.2012.22,https://ieeexplore.ieee.org/document/6365621/,off-topic-false-hit,"Web-based testing has become a ubiquitous self-assessment method for online learning. One useful feature that is missing from today's web-based testing systems is the reliable capability to fulfill different assessment requirements of students based on a large-scale question data set. A promising approach for supporting large-scale web-based testing is static test generation (STG), which generates a test paper automatically according to user specification based on multiple assessment criteria. And the generated test paper can then be attempted over the web by users for assessment purpose. Generating high-quality test papers under multiobjective constraints is a challenging task. It is a 0-1 integer linear programming (ILP) that is not only NP-hard but also need to be solved efficiently. Current popular optimization software and heuristic-based intelligent techniques are ineffective for STG, as they generally do not have guarantee for high-quality solutions of solving the large-scale 0-1 ILP of STG. To that end, we propose an efficient ILP approach for STG, called branch-and-cut for static test generation (BAC-STG). Our experimental study on various data sets and a user evaluation on generated test paper quality have shown that the BAC-STG approach is more effective and efficient than the current STG techniques.",ieee,llm,0.990,unreviewed,,doi:10.1109/tlt.2012.22
