status,title,authors,year,venue,doi,url,tags,abstract,provider,decision_source,llm_confidence,llm_review_outcome,llm_change_direction,paper_id
discarded,Code Generation of Graph-Based Vision Processing for Multiple CUDA Cores SoC Jetson TX,Elishai Ezra Tsur; Elyassaf Madar; Natan Danan,2018,2018 IEEE 12th International Symposium on Embedded Multicore/Many-core Systems-on-Chip (MCSoC),10.1109/MCSoC2018.2018.00013,https://ieeexplore.ieee.org/document/8540206/,adjacent-subtopic,"Embedded vision processing is currently ingrained into many aspects of modern life, from computer-aided surgeries to navigation of unmanned aerial vehicles. Vision processing can be described using coarse-grained data flow graphs, which were standardized by OpenVX to enable both system and kernel level optimization via separation of concerns. Notably, graph-based specification provides a gateway to a code generation engine, which can produce an optimized, hardware-specific code for deployment. Here we provide an algorithm and JAVA-MVC-based implementation of automated code generation engine for OpenVX-based vision applications, tailored to NVIDIA multiple CUDA Cores SoC Jetson TX. Our algorithm pre-processes the graph, translates it into an ordered layer-oriented data model, and produces C code, which is optimized for the Jetson TX1 and comprised of error checking and iterative execution for real time vision processing.",ieee,llm,0.950,unreviewed,,doi:10.1109/mcsoc2018.2018.00013
discarded,Dataclouddsl: Textual and Visual Presentation of Big Data Pipelines,Shirin Tahmasebi; Amirhossein Layegh; Nikolay Nikolov; Amir H. Payberah; Khoa Dinh; Vlado Mitrovic; Dumitru Roman; Mihhail Matskin,2022,"2022 IEEE 46th Annual Computers, Software, and Applications Conference (COMPSAC)",10.1109/COMPSAC54236.2022.00183,https://ieeexplore.ieee.org/document/9842504/,off-topic-false-hit,"This paper describes the DATACLOUDDSL language and the DEF-PIPE tool for describing Big Data pipelines. DAT-ACLOUDDSL has both a textual and a visual form and supports requirements obtained both from analyzing existing data pipeline specification tools and from interviews with relevant industrial actors. Particularly, DATACLOUDDSL supports (i) separation of concerns between design and run-time issues, (ii) reuse of previously developed pipeline steps and pipelines in designing new pipelines, (iii) flexible data transfer between pipelines steps and containerization of pipelines and pipeline steps, and (iv) integration of description and simulation components in Big Data pipeline orchestration systems. Additionally, it provides an interface to the discovery and deployment tools of the DataCloud toolbox.",ieee,llm,0.970,unreviewed,,doi:10.1109/compsac54236.2022.00183
discarded,Declarative Access Control for WebDSL: Combining Language Integration and Separation of Concerns,Danny Groenewegen; Eelco Visser,2008,2008 Eighth International Conference on Web Engineering,10.1109/ICWE.2008.15,https://ieeexplore.ieee.org/document/4577881/,adjacent-subtopic,"In this paper, we present the extension of WebDSL, a domain-specific language for web application development, with abstractions for declarative definition of access control. The extension supports the definition of a wide range of access control policies concisely and transparently as a separate concern. In addition to regulating the access to pages and actions, access control rules are used to infer navigation options not accessible to the current user, preventing the presentation of inaccessible links. The extension is an illustration of a general approach to the design of domain-specific languages for different technical domains to support separation of concerns in application development, while preserving linguistic integration. This approach is realized by means of a transformational semantics that weaves separately defined aspects into an integrated implementation.",ieee,llm,0.910,unreviewed,,doi:10.1109/icwe.2008.15
kept,Chiron-1: a user interface development system tailored to software environments,R.K. Keller; M. Cameron; R.N. Taylor; D.B. Troup,1991,Proceedings of the Twenty-Fourth Annual Hawaii International Conference on System Sciences,10.1109/HICSS.1991.183962,https://ieeexplore.ieee.org/document/183962/,supports-claim,"User interface development systems for software environments have to cope with the broad, dynamic, and extensible scope of such environments, must support internal and external integration, and should enable various software development strategies. The Chiron-1 system adapts and extends some key ideas from current research in user interface development systems to address the particular demands of such environments. Important Chiron-1 concepts are: separation of concerns, client/server architecture, dynamism, hybrid language interface, and open architecture. The authors discuss the requirements on such user interface development systems, present the Chiron-1 system, describe the concepts it embodies, and report on their experiences with its design.<>",ieee,llm,0.960,unreviewed,,doi:10.1109/hicss.1991.183962
discarded,Modular Specification of GUI Layout Using Constraints,Christof Lutteroth; Gerald Weber,2008,19th Australian Conference on Software Engineering (aswec 2008),10.1109/ASWEC.2008.4483218,https://ieeexplore.ieee.org/document/4483218/,adjacent-subtopic,"The Auckland layout model (ALM) is a novel technique for specifying layout. It generalizes grid-based layouts as they are widely used for print layout as well as for GUI layout. Qualitatively, in ALM the focus switches from the cells of the grid to the tabstops between cells. Quantitatively, the model permits the specification of constraints based on linear algebra, and an optimal layout is calculated using linear programming. ALM provides several advantages for developers: first, it supports several different levels of abstraction through higher-level layout constructs that are automatically translated into the lower-level primitives of linear programming. The formalism of linear programming defines a clean separation of ALM's interface and its implementation. Second, the compositional nature of ALM allows developers to group parts of a specification that belong naturally together, resulting in a modular GUI specification. Our experience has shown that it is much harder to achieve a similar separation of concerns when using common GUI layout techniques.",ieee,llm,0.940,unreviewed,,doi:10.1109/aswec.2008.4483218
kept,XIS-UML Profile for eXtreme Modeling Interactive Systems,Alberto Rodrigues da Silva; Joao Saraiva; Rui Silva; Carlos Martins,2007,Fourth International Workshop on Model-Based Methodologies for Pervasive and Embedded Software (MOMPES'07),10.1109/MOMPES.2007.19,https://ieeexplore.ieee.org/document/4149168/,supports-claim,"The first version of the XIS profile addressed the development of interactive systems by defining models oriented only towards how the system should perform tasks. However, issues such as user-interface layouts, or the capture of interaction patterns, were not addressed by the profile, but only by the source-code generation process. This originated systems that, although functional, were considered by end-users as ""difficult to use"". In this paper we present the second version of the XIS UML profile, which is now a crucial component of the ProjectIT research project. This profile follows the ""separation of concerns"" principle by proposing an integrated set of views that address the various issues detected with the previous version of XIS. In addition, this profile also promotes the usage of extreme modeling, by relying on the extensive use of model-to-model transformation templates that are defined to accelerate the model development tasks",ieee,llm,0.780,unreviewed,,doi:10.1109/mompes.2007.19
kept,Enriching Use Cases with CTTs,Rabeb Mizouni; Daniel Sinnig; Ferhat Khendek,2010,2010 15th IEEE International Conference on Engineering of Complex Computer Systems,10.1109/ICECCS.2010.25,https://ieeexplore.ieee.org/document/5628603/,supports-claim,"User interface (UI) development methods are poorly integrated with standard software engineering (SE) practices. Despite current efforts of closing the conceptual gap between these two disciplines, there is still a lack of methodologies supporting a collaborative and synchronized development approach. To address this shortcoming, we propose an integrated development methodology for use cases and task models. Use cases have become the standard to model functional requirements, whereas task models are used to specify UI requirements. Based on this understanding we propose using CTT task models to incrementally enrich the UI-related steps in the use case model, thus achieving a clear separation of concerns and avoiding potential inconsistencies between the two artifacts.",ieee,llm,0.820,unreviewed,,doi:10.1109/iceccs.2010.25
kept,A logical theory of interfaces and objects,P.S.C. Alencar; D.D. Cowan; C.J.P. Lucena,2002,IEEE Transactions on Software Engineering,10.1109/TSE.2002.1010059,https://ieeexplore.ieee.org/document/1010059/,supports-claim,"This paper motivates and describes a logic-based approach to specifying and reasoning about interfaces and objects that focuses on separation of concerns issues. The approach is based on the abstract design view (ADV), a software design model for object-oriented systems. The model was originally introduced to characterize, in an informal and practical setting, a clear separation between objects, which we called abstract design objects and their interfaces (ADVs). The objects capture the basic concern, while the interfaces capture special concerns such as user interface, control, timing, and distribution. First, we analyze the ADV design model in order to precisely characterize the interfaces, their associated objects, and the relationship between them. Then, we present one possible approach to formalizing interfaces, objects, and the ""views-a"" relationship. The central mathematical tools used for this purpose are temporal logic and some tools from the category theory. The formal approach is illustrated by examples that show how the interface and related objects and the views-a relationship can be used in object-oriented specifications. We also show how the theory enables the designer to perform relevant analysis activities while modeling with separation of concerns in mind. The theory can be used to derive dynamic and structural properties of the interface objects and the views-a relationship. In particular, we can use the theory to derive global properties of interfaces that capture special concerns from the local properties of their related objects.",ieee,llm,0.980,unreviewed,,doi:10.1109/tse.2002.1010059
discarded,Compare Essential Unified Process (EssUP) with Rational Unified Process (RUP),Yue Hui; Yang Yan; Wang Quanyu; Chen Zhiwen,2015,2015 IEEE 10th Conference on Industrial Electronics and Applications (ICIEA),10.1109/ICIEA.2015.7334159,https://ieeexplore.ieee.org/document/7334159/,off-topic-false-hit,"Essential Unified Process (EssUP) is a new software development process invented by Ivar Jacobson around 2006. It is based on Rational Unified Process (RUP) and takes Agile development philosophy into account. RUP was proposed by IBM Rational and now it is implemented as part of the IBM Rational tools. It is well known that EssUP is practice separation and lightweight and UP is an integrated and heavyweight process. In this paper, we introduce and characterize EssUP by systematically comparing it with traditional RUP from different aspects such as separation of concerns, flexibility, presentation, and tailorable. Comparison results show that EssUP is very flexible to be adopted, adapted, and configured. In other words, there is no actual process for EssUP and EssUP is just composed of a set of selected practices. Moreover, to successfully apply EssUP requires experiences and expertise. The contribution of the paper is that we provide readers a comprehensive and insight view of EssUP by thoroughly comparing it with commonly-used RUP.",ieee,llm,0.980,unreviewed,,doi:10.1109/iciea.2015.7334159
discarded,A Component Model for the AUTOSAR Virtual Function Bus,Dietmar Schreiner; Karl M. Goschka,2007,31st Annual International Computer Software and Applications Conference (COMPSAC 2007),10.1109/COMPSAC.2007.12,https://ieeexplore.ieee.org/document/4291189/,off-topic-false-hit,"To reduce cost and time to market of automotive software systems and simultaneously increase the products' quality, the component paradigm has achieved broad acceptance within the automotive industry over the last few years. This fact is reflected by upcoming domain specific software standards like AUTOSAR. In AUTOSAR application concerns are covered by software components, while infrastructural ones are handled within layered component middleware. The so obtained separation of concerns leads to an increase in application quality, reusability and maintainability, and hence to a reduction of cost and time to market. This paper contributes with the consequent application of the component paradigm to AUTOSAR's layered middleware, thereby gaining all benefits of CBSE not only for the application level, but for the whole automotive software system. The introduced component model for middleware components can flexibly be used to build resource-aware, AUTOSAR compliant, component middleware for distributed automotive software systems and can seamlessly be integrated within the AUTOSAR system architecture.",ieee,llm,0.990,unreviewed,,doi:10.1109/compsac.2007.12
discarded,A programming model for real-time applications in open distributed systems,J. Fraga; J.M. Farines; O. Furtado; F. Siqueira,1995,Proceedings of the Fifth IEEE Computer Society Workshop on Future Trends of Distributed Computing Systems,10.1109/FTDCS.1995.524974,https://ieeexplore.ieee.org/document/524974/,off-topic-false-hit,"This paper presents a model for distributed applications with real-time constraints in an heterogeneous context. The proposed model is based on CORBA standard architecture, and uses the reflective object paradigm which provides the separation of concerns: functionality and management. Consequently, the model has two levels: a base level which deals with system functionality, and a meta level with scheduling, time and synchronization constraints, as well as exception handling. These features are merged in the client/server architecture as defined in the CORBA standard. A timeout value is specified for each client object and a deadline for the server object. These time constraints allow to treat according to a ""best-effort"" policy the satisfaction of time specifications. After the presentation of the main features of the proposed model a short example based on the display of a multimedia document is described.",ieee,llm,0.990,unreviewed,,doi:10.1109/ftdcs.1995.524974
discarded,An architecture for automated QoS resolution in wireless systems,B. Bordbar; R. Anane,2005,19th International Conference on Advanced Information Networking and Applications (AINA'05) Volume 1 (AINA papers),10.1109/AINA.2005.93,https://ieeexplore.ieee.org/document/1423789/,off-topic-false-hit,"The pervasive nature of mobile and wireless systems has led to increased concerns over quality of service (QoS). In the prevailing models for QoS management, QoS resolution is achieved by table look-up, a feature that makes table access the focal point of activity. This approach suffers from two limitations, namely, an inability to deal with unexpected QoS requests, and a reliance on human intervention for update of information. This paper is concerned with the presentation of an architecture for supporting automated QoS resolution through verification. The architecture is modular and the QoS resolution function is performed by a subsidiary component, which combines knowledge base with resolution mechanism. This separation of concerns and the support for flexible QoS management has the advantage of accommodating new forms of QoS requests, and of minimising human intervention. An implementation of the QoS resolution architecture is presented in terms of timed automata. In addition, a framework is also introduced for extending QoS architectures such as ITSUMO.",ieee,llm,0.990,unreviewed,,doi:10.1109/aina.2005.93
discarded,Towards a software engineering approach to Web site development,F. Coda; C. Ghezzi; G. Vigna; F. Garzotto,1998,Proceedings Ninth International Workshop on Software Specification and Design,10.1109/IWSSD.1998.667914,https://ieeexplore.ieee.org/document/667914/,adjacent-subtopic,"The World Wide Web (WWW) has become ""the"" global infrastructure for delivering information and services. The demands and expectations of information providers and consumers are pushing WWW technology towards higher-level quality of presentation, including active contents and improved usability of the hypermedia distributed infrastructure. This technological evolution, however, is not supported by adequate Web design methodologies. Web site development is usually carried out without following a well-defined process and lacks suitable tool support. In addition, Web technologies are quite powerful but rather low-level and their semantics is often left largely unspecified. As a consequence, understanding the conceptual structure of a complex Web site and managing its evolution are complex and difficult tasks. The approach we advocate here is based on sound software engineering principles. The Web site development process goes through requirements analysis, design, and implementation in a high-level language. We define an object-oriented modeling framework, called WOOM, which provides constructs and abstractions for a high-level implementation of a Web site. An important feature of WOOM is that it clearly separates the data that are presented through the site from the context in which the user accesses such data. This feature not only enhances separation of concerns in the design stage, but also favors its subsequent evolution. The paper provides a view of the approach and of its current prototype implementation.",ieee,llm,0.820,unreviewed,,doi:10.1109/iwssd.1998.667914
discarded,Systems engineering as a process,J. Boarder,1995,IEE Colloquium on Systems Engineering for Profit,10.1049/ic:19950392,https://ieeexplore.ieee.org/document/473019/,off-topic-false-hit,"Systems engineering has been developed as a convolution of organisation and individual engineering activity. Making a formal separation of concerns, it is argued that while systems engineering provides formal support and management of a platform, a position, a resource base for system engineering, system engineering is a composition of monitoring and modelling, defining and organising activities practised by individual engineers but with collective effect. These activities lead to the elaboration of systems and their support platforms with emergent properties meeting the requirements of customers which as projects become integrated into end-user environments. In the presentation, it is shown that system engineering is a response to business opportunity presented by differences in market demand and supply with the intention of reducing the so called quality-gap. The conclusion is that while system engineering is a profitless activity, profit can be associated, as an emergent property, with the systems engineering organisation. Such profit does not appear in financial terms, ostensibly, but as a reduction of outlay in the achievement of a given return, the delivery of the system to customers' satisfaction. Profit or loss making as a result of project management or engineering activity is argued to be a sign of poor system engineering.<>",ieee,llm,0.990,unreviewed,,doi:10.1049/ic:19950392
discarded,Ontology-Based Representation and Modelling of Synthetic 3D Content: A State-of-the-Art Review,"Flotynski, Jakub; Walczak, Krzysztof",2017,COMPUTER GRAPHICS FORUM,10.1111/cgf.13083,https://www.webofscience.com/wos/woscc/full-record/WOS:000417496200023,adjacent-subtopic,"An indispensable element of any practical 3D/VR/AR application is synthetic three-dimensional (3D) content. Such content is characterized by a variety of featuresgeometry, structure, space, appearance, animation and behaviourwhich makes the modelling of 3D content a much more complex, difficult and time-consuming task than in the case of other types of content. One of the promising research directions aiming at simplification of modelling 3D content is the use of the semantic web approach. The formalism provided by semantic web techniques enables declarative knowledge-based modelling of content based on ontologies. Such modelling can be conducted at different levels of abstraction, possibly domain-specific, with inherent separation of concerns. The use of semantic web ontologies enables content representation independent of particular presentation platforms and facilitates indexing, searching and analysing content, thus contributing to increased content re-usability. A range of approaches have been proposed to permit semantic representation and modelling of synthetic 3D content. These approaches differ in the methodologies and technologies used as well as their scope and application domains. This paper provides a review of the current state of the art in representation and modelling of 3D content based on semantic web ontologies, together with a classification, characterization and discussion of the particular approaches.",wos,llm,0.940,unreviewed,,doi:10.1111/cgf.13083
