status,title,authors,year,venue,doi,url,tags,abstract,provider,decision_source,llm_confidence,llm_review_outcome,llm_change_direction,paper_id
discarded,EMGD-FE: an open source graphical user interface for estimating isometric muscle forces in the lower limb using an EMG-driven model,Luciano Luporini Menegaldo; Liliam de Oliveira; Kin K. Minato,2014,BioMedical Engineering OnLine,10.1186/1475-925x-13-37,https://openalex.org/W2123061532,adjacent-subtopic,"BACKGROUND: This paper describes the ""EMG Driven Force Estimator (EMGD-FE)"", a Matlab® graphical user interface (GUI) application that estimates skeletal muscle forces from electromyography (EMG) signals. Muscle forces are obtained by numerically integrating a system of ordinary differential equations (ODEs) that simulates Hill-type muscle dynamics and that utilises EMG signals as input. In the current version, the GUI can estimate the forces of lower limb muscles executing isometric contractions. Muscles from other parts of the body can be tested as well, although no default values for model parameters are provided. To achieve accurate evaluations, EMG collection is performed simultaneously with torque measurement from a dynamometer. The computer application guides the user, step-by-step, to pre-process the raw EMG signals, create inputs for the muscle model, numerically integrate the ODEs and analyse the results. RESULTS: An example of the application's functions is presented using the quadriceps femoris muscle. Individual muscle force estimations for the four components as well the knee isometric torque are shown. CONCLUSIONS: The proposed GUI can estimate individual muscle forces from EMG signals of skeletal muscles. The estimation accuracy depends on several factors, including signal collection and modelling hypothesis issues.",openalex,llm,0.990,unreviewed,,doi:10.1186/1475-925x-13-37
discarded,DIRA: A model of the user interface,Joanna Bergström; Kasper Hornbæk,2024,International Journal of Human-Computer Studies,10.1016/j.ijhcs.2024.103381,https://openalex.org/W4403144358,adjacent-subtopic,"The user interface is a central concept in human–computer interaction, but peculiarly fuzzy. This affects discussions of the fundamentals of our discipline and the positioning of our work. We propose a model of the user interface that consists of four elements: Devices, Interaction Techniques, Representations, and Assemblies (DIRA). We explain their roles in the user interface and discuss some associated concerns about evaluation and design. We then show how to use the model to describe the elements of user interfaces (with examples that include a menu, a fisheye interface, and notifications) and to analyze the central characteristics of user interface paradigms (including tangible user interfaces and mixed reality). Finally, we discuss how describing user interfaces with the model can drive their design and evaluation. • The concept of user interface (UI) is central to HCI. • The elements of UI are Devices, Interaction Techniques, Representations, and Assemblies (DIRA). • The DIRA model can help describing and analyzing UIs and drive their evaluation and design.",openalex,llm,0.940,unreviewed,,doi:10.1016/j.ijhcs.2024.103381
discarded,"Virtual and Remote Robotic Laboratory Using EJS, MATLAB and LabVIEW",Dictino Chaos; Jesús Chacón; José Antonio López Orozco; S. Dormido,2013,Sensors,10.3390/s130202595,https://openalex.org/W1991380414,adjacent-subtopic,"This paper describes the design and implementation of a virtual and remote laboratory based on Easy Java Simulations (EJS) and LabVIEW. The main application of this laboratory is to improve the study of sensors in Mobile Robotics, dealing with the problems that arise on the real world experiments. This laboratory allows the user to work from their homes, tele-operating a real robot that takes measurements from its sensors in order to obtain a map of its environment. In addition, the application allows interacting with a robot simulation (virtual laboratory) or with a real robot (remote laboratory), with the same simple and intuitive graphical user interface in EJS. Thus, students can develop signal processing and control algorithms for the robot in simulation and then deploy them on the real robot for testing purposes. Practical examples of application of the laboratory on the inter-University Master of Systems Engineering and Automatic Control are presented.",openalex,llm,0.910,unreviewed,,doi:10.3390/s130202595
discarded,Architectural design of the Health Watch system with an integrated aspect-oriented modeling approach,Haimei Zhang; Kerong Ben,2010,2010 International Conference On Computer Design and Applications,10.1109/ICCDA.2010.5540893,https://ieeexplore.ieee.org/document/5540893/,adjacent-subtopic,"Crosscutting behaviors and features of architectural units have always been a tricky issue in software architecture design. If not well treated, they may lead to a number of architectural breakdowns, such as increased maintenance overhead, reduced reuse capability, and architectural erosion over the lifetime of a system. Unfortunately, traditional software modeling approaches lack abstraction to support the modular representation of crosscutting concerns. This paper employs a special kind of architectural component called Aspectual Component to encapsulate crosscutting behaviors and features to improve modularization, and extends the semantic of conventional connectors to represent the crosscutting effect of aspectual components. Moreover,we present a general-purpose aspect-oriented architecture description language AC-ADL for formal specification of the software architecture of systems. The whole designing process of the approach is illustrated systematically through a case study of HealthWatcher system.",ieee,llm,0.970,unreviewed,,doi:10.1109/iccda.2010.5540893
discarded,Understanding concerns in software: insights gained from two case studies,M. Revelle; T. Broadbent; D. Coppit,2005,13th International Workshop on Program Comprehension (IWPC'05),10.1109/WPC.2005.43,https://ieeexplore.ieee.org/document/1421012/,adjacent-subtopic,"Much of the complexity of software arises from the interactions between disparate concerns. Even in well-designed software, some concerns can not always be encapsulated in a module. Research on separation of concerns seeks to address this problem, but we lack an understanding of how programmers conceptualize the notion of a concern and then identify that concern in code. In this work, we have conducted two exploratory case studies to better understand these issues. The case studies involved programmers identifying concerns and associated code in existing, unfamiliar software: GNU's sort.c and the game Minesweeper. Based on our experiences with these two case studies, we have identified several types of concerns and have detailed a number of factors that impact programmer identification of concerns. Based on these insights, we have created two sets of guidelines: one to help programmers identify relevant concerns and another to help programmers identify code relating to concerns.",ieee,llm,0.960,unreviewed,,doi:10.1109/wpc.2005.43
discarded,The Reality-Virtuality Interaction Cube: A Framework for Conceptualizing Mixed-Reality Interaction Design Elements for HRI,Tom Williams; Daniel Szafir; Tathagata Chakraborti,2019,2019 14th ACM/IEEE International Conference on Human-Robot Interaction (HRI),10.1109/HRI.2019.8673071,https://ieeexplore.ieee.org/document/8673071/,adjacent-subtopic,"There has recently been an explosion of work in the human-robot interaction (HRI) community on the use of mixed, augmented, and virtual reality. We present a novel conceptual framework to characterize and cluster work in this new area and identify gaps for future research. We begin by introducing the Plane of Interaction: a framework for characterizing interactive technologies in a 2D space informed by the Model-View-Controller design pattern. We then describe how Interactive Design Elements that contribute to the interactivity of a technology can be characterized within this space and present a taxonomy of mixed-reality interactive design elements. We then discuss how these elements may be rendered onto both reality- and virtuality-based environments using a variety of hardware devices and introduce the Reality-Virtuality Interaction Cube: a three-dimensional continuum representing the design space of interactive technologies formed by combining the Plane of Interaction with the Reality-Virtuality Continuum. Finally, we demonstrate the feasibility and utility of this framework by clustering and analyzing the set of papers presented at the 2018 VAM-HRI workshop.",ieee,llm,0.950,unreviewed,,doi:10.1109/hri.2019.8673071
discarded,Realizing Large-Scale Interactive Network Simulation via Model Splitting,Nathanael Van Vorst; Jason Liu,2012,2012 ACM/IEEE/SCS 26th Workshop on Principles of Advanced and Distributed Simulation,10.1109/PADS.2012.35,https://ieeexplore.ieee.org/document/6305898/,adjacent-subtopic,"This paper presents the model splitting method for large-scale interactive network simulation, which addresses the separation of concerns between network researchers, who focus on developing complex network models and conducting large-scale network experiments, and simulator developers, who are concerned with developing efficient simulation engines to achieve the best performance on parallel platforms. Modeling splitting divides the system into an interactive model to support user interaction, and an execution model to facilitate parallel processing. We describe techniques to maintain consistency and real-time synchronization between the two models. We also provide solutions to reduce the memory complexity of large network models and to ensure data persistency and access efficiency for out-of-core processing.",ieee,llm,0.950,unreviewed,,doi:10.1109/pads.2012.35
discarded,Developing highly-responsive user interfaces with DHTML and servlets,K. Betz; A. Leff; J.T. Rayfield,2000,"Conference Proceedings of the 2000 IEEE International Performance, Computing, and Communications Conference (Cat. No.00CH37086)",10.1109/PCCC.2000.830348,https://ieeexplore.ieee.org/document/830348/,adjacent-subtopic,"Due to communication overhead and latency, Web-based user interfaces that rely exclusively on the server to refresh client screens suffer from poor performance. In this paper we show that implementation of the classic model-view-controller architecture on the client enables the client to refresh the screen in certain cases, and thus improves performance. This ""dual-MVC"" approach is discussed in the context of a sample Web-based application.",ieee,llm,0.770,unreviewed,,doi:10.1109/pccc.2000.830348
discarded,Robust Least Squares Regression for Subspace Clustering: A Multi-View Clustering Perspective,Yangfan Du; Gui-Fu Lu; Guangyan Ji,2024,IEEE Transactions on Image Processing,10.1109/TIP.2023.3327564,https://ieeexplore.ieee.org/document/10304064/,off-topic-false-hit,"Recently, with the assumption that samples can be reconstructed by themselves, subspace clustering (SC) methods have achieved great success. Generally, SC methods contain some parameters to be tuned, and different affinity matrices can obtain with different parameter values. In this paper, for the first time, we study a method for fusing these different affinity matrices to promote clustering performance and provide the corresponding solution from a multi-view clustering (MVC) perspective. That is, we argue that the different affinity matrices are consistent and complementary, which is similar to the fundamental assumption of MVC methods. Based on this observation, in this paper, we use least squares regression (LSR), which is a typical SC method, as an example since it can be efficiently optimized and has shown good clustering performance and we propose a novel robust least squares regression method from an MVC perspective (RLSR/MVCP). Specifically, we first utilize LSR with different parameter values to obtain different affinity matrices. Then, to fully explore the information contained in these different affinity matrices and to remove noise, we further fuse these affinity matrices into a tensor, which is constrained by the tensor low-rank constraint, i.e., the tensor nuclear norm (TNN). The two steps are combined into a framework that is solved by the augmented Lagrange multiplier (ALM) method. The experimental results on several datasets indicate that RLSR/MVCP has very encouraging clustering performance and is superior to state-of-the-art SC methods.",ieee,llm,1.000,unreviewed,,doi:10.1109/tip.2023.3327564
discarded,Heat Kernel Diffusion for Enhanced Late Fusion Multi-View Clustering,Gui Yang; Jiale Zou; Yan Chen; Liang Du; Peng Zhou,2024,IEEE Signal Processing Letters,10.1109/LSP.2024.3449229,https://ieeexplore.ieee.org/document/10645071/,off-topic-false-hit,"Recent advancements in Multi-view Clustering (MVC) have highlighted the benefits of late fusion techniques. However, existing late fusion-based MVC (LFMVC) approaches often struggle with intrinsic noise and redundancy within base clustering embeddings generated by traditional method, and fail to capture higher-order correlations among samples and across views. We propose a novel method that incorporates an optimal consensus heat kernel-induced graph filter to address these issues. Our approach leverages diffusion processes to construct filters that capture high-order information, achieving neighborhood smoothing while maintaining local consistency within each view. By integrating a consensus graph filter with downstream clustering tasks within a unified learning framework, our method enhances performance through mutual reinforcement. In particular, our method does not require additional hyperparameter tuning, simplifying the optimization process. Experimental results on various benchmark datasets demonstrate the superior effectiveness of our approach, outperforming state-of-the-art methods in terms of clustering performance.",ieee,llm,0.990,unreviewed,,doi:10.1109/lsp.2024.3449229
discarded,Enterprise Data Science Platform: A Unified Architecture for Federated Data Access,Ryoto Miyamoto; Akira Kasuga,2025,2025 IEEE International Conference on Big Data (BigData),10.1109/BigData66926.2025.11401801,https://ieeexplore.ieee.org/document/11401801/,off-topic-false-hit,"Organizations struggle to share data across departments that have adopted different data analytics platforms. In the Big Data era, organizations need to establish data as a shared asset accessible to various applications. When $\mathbf{n}$ datasets need to work with m analytical environments, this can create up to $\mathbf{n} \times \mathbf{m}$ replicas, leading to data inconsistencies and increased management costs. Traditional data warehouses require copying data into vendor-specific environments, while direct data access across different analytics platforms remains technically challenging. This study proposes the Enterprise Data Science Platform (EDSP), which builds on data lakehouse architecture and follows a Write-Once, Read-Anywhere principle. EDSP enables federated data access for multi-query engine environments, targeting data science workloads with periodic data updates and query response times ranging from seconds to minutes. By providing centralized data management with federated access from multiple query engines to the same data sources, EDSP eliminates data duplication and vendor lock-in inherent in traditional data warehouses. The platform employs a four-layer architecture: Data Preparation, Data Store, Access Interface, and Query Engines. This design enforces separation of concerns and reduces the need for data migration when integrating additional analytical environments. Experimental results demonstrate that major cloud data warehouses and programming environments can directly query EDSP-managed datasets. We implemented and deployed EDSP in an enterprise production environment, confirming interoperability across multiple query engines. For data sharing across different analytical environments, EDSP achieves a $33-44 {\%}$ reduction in operational steps compared with conventional approaches requiring data migration (e.g., Hugging Face Dataset Hub, BigQuery/Snowflake native tables). Although query latency may increase by up to a factor of 2.6 compared with native tables, end-to-end completion times remain on the order of seconds, maintaining practical performance for analytical use cases. Based on our production experience, EDSP provides practical design guidelines for addressing the data-silo problem in multi-query engine environments.",ieee,llm,0.990,unreviewed,,doi:10.1109/bigdata66926.2025.11401801
discarded,Implementing Graph-Theoretic Feature Selection by Quantum Approximate Optimization Algorithm,Yaochong Li; Ri-Gui Zhou; Ruiqing Xu; Jia Luo; Wenwen Hu; Ping Fan,2024,IEEE Transactions on Neural Networks and Learning Systems,10.1109/TNNLS.2022.3190042,https://ieeexplore.ieee.org/document/9836975/,off-topic-false-hit,"Feature selection plays a significant role in computer science; nevertheless, this task is intractable since its search space scales exponentially with the number of dimensions. Motivated by the potential advantages of near-term quantum computing, three graph-theoretic feature selection (GTFS) methods, including minimum cut (MinCut)-based, densest  $k$ -subgraph (DkS)-based, and maximal-independent set/minimal vertex cover (MIS/MVC)-based, are investigated in this article, where the original graph-theoretic problems are naturally formulated as the quadratic problems in binary variables and then solved using the quantum approximate optimization algorithm (QAOA). Specifically, three separate graphs are created from the raw feature set, where the vertex set consists of individual features and pairwise measure describes the edge. The corresponding feature subset is generated by deriving a subgraph from the established graph using QAOA. For the above three GTFS approaches, the solving procedure and quantum circuit for the corresponding graph-theoretic problems are formulated with the framework of QAOA. In addition, those proposals could be employed as a local solver and integrated with the Tabu search algorithm for solving large-scale GTFS problems utilizing limited quantum bit resource. Finally, extensive numerical experiments are conducted with 20 publicly available datasets and the results demonstrate that each model is superior to its classical scheme. In addition, the complexity of each model is only  $\mathcal {O}(p n^{2})$  even in the worst cases, where  $p$  is the number of layers in QAOA and  $n$  is the number of features.",ieee,llm,0.990,unreviewed,,doi:10.1109/tnnls.2022.3190042
discarded,Accommodating Shortened Term Lengths in a Capstone Course using Minimally Viable Prototypes,Nathan Eloe; Charles Hoot,2020,2020 IEEE Frontiers in Education Conference (FIE),10.1109/FIE44824.2020.9273821,https://ieeexplore.ieee.org/document/9273821/,off-topic-false-hit,"This Full Paper presents a novel way of implementing the first half of a two-semester software design and implementation capstone course. The paper compares prior work from traditional (15-week) terms to a compressed (7-week) format and a significantly compressed (4-week) format employing this approach. To maximize competitiveness, many programs are under pressure to do more with less: competing to provide more outcomes and more practical real-world experiences in less time and with fewer courses. These challenges become especially significant in capstone courses, where students, still learning, must design and implement solutions consolidating a wide variety of skills and knowledge covered in the curriculum.The capstone course spans two semesters; the first semester focuses on design and the second semester focuses on implementation. In the standard approach, teams meet with the client and develop design documents including use cases, user interface sketches, and data models. In this approach, rather than starting from scratch, students received artifacts from a previous capstone course employing a consultancy model. Artifacts included a request for proposal (RFP), a minimally viable prototype (MVP) partial implementation, and corresponding design documents. The work reviews students' ability to effectively incorporate the provided artifacts to produce a high quality design for complete implementation of the project.The work includes an evaluation of first-semester team deliverables generated under both the compressed and significantly compressed schedules and relates the expectations and outcomes to those in a traditional-length term. This approach offers a common means to assess schedule impacts and tailor the course in accordance with the relative concentration of contact hours associated with the schedule. This paper describes variations in expectations and options for MVP, client interaction schedules (including frequency and duration), and discusses the associated impacts as perceived by clients and mentors on engagement and student learning outcomes. Finally, the paper offers specific recommendations and lessons learned for those educators that are - or plan to - offer capstone courses under a highly compressed schedule.",ieee,llm,0.970,unreviewed,,doi:10.1109/fie44824.2020.9273821
