status,title,authors,year,venue,doi,url,tags,abstract,provider,decision_source,llm_confidence,llm_review_outcome,llm_change_direction,paper_id
discarded,Adaptive Backstepping Control for SynRel Motor Drive Using FNN Uncertainty Observer,Chih-Hong Lin; An-Cheng Chen,2007,IECON 2007 - 33rd Annual Conference of the IEEE Industrial Electronics Society,10.1109/IECON.2007.4459914,https://ieeexplore.ieee.org/document/4459914/,off-topic-false-hit,"An adaptive backstepping control using fuzzy neural network (FNN) uncertainty observer is proposed to control the rotor position of a synchronous reluctance (SynRel) motor drive in this paper. First, the field-oriented mechanism is applied to formulate the dynamic equation of the SynRel motor servo drive. Then, an adaptive backstepping approach is proposed to compensate the uncertainties in the motion control system. With the proposed adaptive backstepping control system, the rotor position of the SynRel motor drive possesses the advantages of good transient control performance and robustness to uncertainties for the tracking of periodic reference trajectories. Moreover, to further increase the robustness of the SynRel motor drive, a FNN uncertainty observer is proposed to estimate the required lumped uncertainty in the adaptive backstepping control system. In addition, an on-line parameter training methodology, which is derived using the gradient descent method, is proposed to increase the learning capability of the FNN. The effectiveness of the proposed control scheme is verified by experimental results.",ieee,llm,1.000,unreviewed,,doi:10.1109/iecon.2007.4459914
discarded,Tracking control design for robot manipulator via fuzzy neural network,Rong-Jong Wai; Kuan-Yun Hsieh,2002,2002 IEEE World Congress on Computational Intelligence. 2002 IEEE International Conference on Fuzzy Systems. FUZZ-IEEE'02. Proceedings (Cat. No.02CH37291),10.1109/FUZZ.2002.1006713,https://ieeexplore.ieee.org/document/1006713/,off-topic-false-hit,A robust fuzzy-neural-network (RFNN) control system is proposed for the tracking control of an n-link robot manipulator to achieve high-precision position control via the backstepping design procedure. Computer simulations of a three-link SCARA robot manipulator verify the validity of the proposed RFNN control strategy in the possible presence of uncertainties.,ieee,llm,1.000,unreviewed,,doi:10.1109/fuzz.2002.1006713
discarded,Simulation of Dynamic Inversion with Neural Network and its Applications to MAV,Guang-lin He; Guo-hui Wu,2008,2008 First International Conference on Intelligent Networks and Intelligent Systems,10.1109/ICINIS.2008.56,https://ieeexplore.ieee.org/document/4683168/,off-topic-false-hit,"The MAV accurate modes are typically unavailable. Most traditional methods for system design are complex and can not get satisfactory effect. Recent work in dynamic inversion with neural network may be applied to control a MAV where the reference commands include position, velocity, attitude and angular rate. This control technology can provide the MAV with an admirably command follow and steady control capability. Neural networks are used directly as the controller as well as indirect designs that are based on a neural network process model. The emulator is compiled by using NNCTRL20 and NNSYSID20 in MATLAB. Then the main result of this simulation is presented. It indicates that the method has high precision and strong stability, which can serve the control of MAV. Thereafter, an amendment about controlling system with dynamic inversion of the MAV is described.",ieee,llm,1.000,unreviewed,,doi:10.1109/icinis.2008.56
discarded,Comparative study of two on-line trained neural approximators of a robot inverse kinematics,Zhivko Zhekov,2022,2022 International Conference Automatics and Informatics (ICAI),10.1109/ICAI55857.2022.9960004,https://ieeexplore.ieee.org/document/9960004/,off-topic-false-hit,"In this article are proposed two on-line trained neural approximators of a robot inverse kinematics. The first one consists of an inverse neural model of the robot forward kinematics, and the second one consists of a forward neural model of the robot forward kinematics and an optimization procedure. Simulation research is conducted of the neural approximators working separately and simulation research is conducted of the control system working with these neural approximators. For that purpose is used a two-link planar robot.",ieee,llm,1.000,unreviewed,,doi:10.1109/icai55857.2022.9960004
discarded,3 Microwave De-embedding,J. Apolinar Reynoso Hernández; Manuel Alejandro Pulido Gaytan,2024,Principles and Applications of Vector Network Analyzer Calibration Techniques,,https://ieeexplore.ieee.org/document/10642985/,off-topic-false-hit,"This book summarizes the work developed over more than two decades in the field of advanced calibration techniques for vector network analyzers, by the RF and Microwave Group at The Center for Scientific Research and Higher Education of Ensenada, Baja California, Mexico, which is led by Dr. J. Apolinar Reynoso-Hernandez, author of this book. This book is written so that every electrical engineer, with knowledge of electrical circuits and linear algebra basics, can understand the principles of VNA calibration techniques. Vector network analyzers are normally used by engineers and researchers working in the RF and microwave field, which usually requires advanced and specialized courses at graduate level. The reader should be able to implement any VNA calibration technique, decide the most adequate calibration for a given measurement condition, and interpret the measurement results, as a seasoned RF metrology expert. Principles and Applications of Vector Network Analyzer Calibration Techniques is a useful book for beginners and professionals working on: • Microwave de-embedding and test fixture characterization • Characterization of uniform transmission lines • Load-pull measurements. It is also: • An ideal tutorial for professionals and postgraduate/research students taking courses in microwave calibration techniques. • A useful textbook for practicing electronics engineering and researchers working in the RF microwave field: calibration techniques and load-pull measurements.",ieee,llm,1.000,unreviewed,,hash:fbd15ae47d4a5d0c
discarded,FisherMatch: Semi-Supervised Rotation Regression via Entropy-based Filtering,Yingda Yin; Yingcheng Cai; He Wang; Baoquan Chen,2022,2022 IEEE/CVF Conference on Computer Vision and Pattern Recognition (CVPR),10.1109/CVPR52688.2022.01088,https://ieeexplore.ieee.org/document/9879056/,off-topic-false-hit,"Estimating the 3DoF rotation from a single RGB image is an important yet challenging problem. Recent works achieve good performance relying on a large amount of expensive-to-obtain labeled data. To reduce the amount of supervision, we for the first time propose a general framework, FisherMatch, for semi-supervised rotation regression, without assuming any domain-specific knowledge or paired data. Inspired by the popular semi-supervised approach, FixMatch, we propose to leverage pseudo label filtering to facilitate the information flow from labeled data to unlabeled data in a teacher-student mutual learning framework. However, incorporating the pseudo label filtering mechanism into semi-supervised rotation regression is highly non-trivial, mainly due to the lack of a reliable confidence measure for rotation prediction. In this work, we propose to leverage matrix Fisher distribution to build a probabilistic model of rotation and devise a matrix Fisher-based regressor for jointly predicting rotation along with its prediction uncertainty. We then propose to use the entropy of the predicted distribution as a confidence measure, which enables us to perform pseudo label filtering for rotation regression. For supervising such distribution-like pseudo labels, we further investigate the problem of how to enforce loss between two matrix Fisher distributions. Our extensive experiments show that our method can work well even under very low labeled data ratios on different benchmarks, achieving significant and consistent performance improvement over supervised learning and other semi-supervised learning baselines. Our project page is at https://yd-yin.github.io/FisherMatch.",ieee,llm,1.000,unreviewed,,doi:10.1109/cvpr52688.2022.01088
discarded,Hybrid ${\rm H}^{\infty}$-Based Wavelet-Neural-Network Tracking Control for Permanent-Magnet Synchronous Motor Servo Drives,Fayez F. M. El-Sousy,2010,IEEE Transactions on Industrial Electronics,10.1109/TIE.2009.2038331,https://ieeexplore.ieee.org/document/5371847/,off-topic-false-hit,This paper proposes a hybrid ${\rm H}^{\infty}$-based wavelet-neural-network (WNN) position tracking controller as a new robust motion-control system for permanent-magnet synchronous motor (PMSM) servo drives. The combinations of both WNN and ${\rm H}^{\infty}$ controllers would insure the robustness and overcome the uncertainties of the servo drive. The new controller combines the merits of the ${\rm H}^{\infty}$  control with robust performance and the WNN control (WNNC) which combines the capability of NNs for online learning ability and the capability of wavelet decomposition for identification ability. The online trained WNNC is utilized to predict the uncertain system dynamics to relax the requirement of uncertainty bound in the design of the ${\rm H}^{\infty}$ controller. The WNNC generates an adaptive control signal to attain robust performance regardless of parameter uncertainties (PU) and load disturbances. Systematic methodology for both controllers' design is provided. A computer simulation is developed to demonstrate the effectiveness of the proposed WNN-based ${\rm H}^{\infty}$  controller. An experimental system is established to validate the effectiveness of the drive system. All control algorithms are implemented in a TMS320C31 DSP-based control computer. The simulated and experimental results confirm that the new motion controller grants robust performance and precise dynamic response regardless of load disturbances and PMSM PU.,ieee,llm,1.000,unreviewed,,doi:10.1109/tie.2009.2038331
discarded,Non-Gaussian Causality Analysis in Multivariate Control Systems,Filip Kwaśnik; Paweł D. Domański,2026,2026 European Control Conference (ECC),,https://ieeexplore.ieee.org/document/11625469/,off-topic-false-hit,"This work examines how different approaches to probability density estimation affect causality analysis based on transfer entropy (TE). TE quantitatively describes cause-effect relationships in time series. It captures not only statistical correlations, but also the direction of information flow. The basis of TE calculations is the estimation of probability density functions (PDF). In practical applications, true properties are unknown and must be approximated. One of the most common techniques for this purpose is kernel density estimation (KDE). Results demonstrate that there is no single, universally optimal estimation method, as performance depends on statistical properties of data. Cross-validation methods may lead to numerically unstable results for time series dominated by control error dynamics. The research is conducted in three simulation environments: a synthetic model with known structure, a complex multi-loop dynamic model, and the Tennessee Eastman Process benchmark. The effectiveness is compared for four kernel functions (Gaussian, Laplace, Student’s t, and α-stable) and three bandwidth selection strategies (Silverman, likelihood cross-validation (LCV), and an original hybrid method).",ieee,llm,1.000,unreviewed,,hash:1a229721aa041075
discarded,A Comprehensive Overhaul of Feature Distillation,Byeongho Heo; Jeesoo Kim; Sangdoo Yun; Hyojin Park; Nojun Kwak; Jin Young Choi,2019,2019 IEEE/CVF International Conference on Computer Vision (ICCV),10.1109/ICCV.2019.00201,https://ieeexplore.ieee.org/document/9009585/,off-topic-false-hit,"We investigate the design aspects of feature distillation methods achieving network compression and propose a novel feature distillation method in which the distillation loss is designed to make a synergy among various aspects: teacher transform, student transform, distillation feature position and distance function. Our proposed distillation loss includes a feature transform with a newly designed margin ReLU, a new distillation feature position, and a partial L2 distance function to skip redundant information giving adverse effects to the compression of student. In ImageNet, our proposed method achieves 21.65% of top-1 error with ResNet50, which outperforms the performance of the teacher network, ResNet152. Our proposed method is evaluated on various tasks such as image classification, object detection and semantic segmentation and achieves a significant performance improvement in all tasks. The code is available at bhheo.github.io/overhaul.",ieee,llm,1.000,unreviewed,,doi:10.1109/iccv.2019.00201
discarded,ProGeLab as a disruptor in teaching chemistry,M.G. de Oliveira,2018,Espacios,,https://www.scopus.com/inward/record.uri?partnerID=HzOxMe3b&scp=85040594544&origin=inward,off-topic-false-hit,,scopus,llm,0.980,unreviewed,,hash:0c25168a3bf2d80a
discarded,Error analysis in learning Malay language among foreign students,Y. Chye,2012,Gema Online Journal of Language Studies,,https://www.scopus.com/inward/record.uri?partnerID=HzOxMe3b&scp=84861122484&origin=inward,off-topic-false-hit,,scopus,llm,1.000,unreviewed,,hash:8b82e51f7ac2e725
discarded,Non-parametric estimation of reference intervals in small non-Gaussian sample sets,J. Bjerner,2009,Accreditation and Quality Assurance,10.1007/s00769-009-0490-2,https://www.scopus.com/inward/record.uri?partnerID=HzOxMe3b&scp=63949084686&origin=inward,off-topic-false-hit,,scopus,llm,1.000,unreviewed,,doi:10.1007/s00769-009-0490-2
discarded,Denzin’s Paradigm Shift: Revisiting Triangulation in Qualitative Research,Patricia I Fusch; Gene E. Fusch; Lawrence Ness,2018,Journal of Social Change,10.5590/josc.2018.10.1.02,https://openalex.org/W2785352827,off-topic-false-hit,"One approach to promote social change, mitigate bias, and enhance reaching data saturation is through triangulation: multiple sources of data. Triangulation adds depth to the data that are collected. In this scholarly essay, the authors discuss the continuing relevance of Denzin’s approach to triangulation of data. Included is a critique of researchers who have posited other approaches to triangulation that appear to be merely a renaming of Denzin’s original paradigm rather new outcomes. The intended audience is novice researchers and doctoral students who can benefit from clarity on some common misconceptions about triangulation.",openalex,llm,1.000,unreviewed,,doi:10.5590/josc.2018.10.1.02
discarded,Multiple analogies for complex concepts: antidotes for analogy-induced misconception in advanced knowledge acquisition,Rand J. Spiro; Paul J. Feltovich; Richard L. Coulson; Daniel K. Anderson,1989,Cambridge University Press eBooks,10.1017/cbo9780511529863.023,https://openalex.org/W2166632733,off-topic-false-hit,"Few would disagree that analogy is an important tool in the acquisition of new knowledge. Indeed, work in cognitive science and educational psychology in the last dozen years provides ample evidence of the usefulness of analogy in learning and has substantially advanced our understanding of the psychological mechanisms responsible for that utility (e.g., Burstein, 1986; Carbonell, 1986; Collins & Gentner, 1987; Gentner, 1983; Gentner & Gentner, 1983; Gick & Holyoak, 1980; Rumelhart & Norman, 1981; Vosniadou & Ortony, 1983). Yet, as this chapter will demonstrate, the use of analogies in learning is far from straightforward and, surprisingly, often results in deeply held erroneous knowledge. Our intention is to offer a more temporized and cautionary alternative to the general enthusiasm for learning by analogy, especially in its most common form: the use of a single mapping between a source and a target concept (the “topic”) – what we shall refer to as a single analogy . (For exceptions that address more complex uses of analogy, see Burstein, 1986; Collins & Gentner, 1987). We argue that simple analogies that help novices to gain a preliminary grasp of difficult, complex concepts may later become serious impediments to fuller and more correct understandings. Specifically, although simple analogies rarely if ever form the basis for a full understanding of a newly encountered concept, there is nevertheless a powerful tendency for learners to continue to limit their understanding to just those aspects of the new concept covered by its mapping from the old one. Analogies seduce learners into reducing complex concepts to a simpler and more familiar analogical core.",openalex,llm,0.980,unreviewed,,doi:10.1017/cbo9780511529863.023
discarded,Effects of COVID-19 on College Students’ Mental Health in the United States: Interview Survey Study,Changwon Son; Sudeep Hegde; Alec Smith; Xiaomei Wang; Farzan Sasangohar,2020,Journal of Medical Internet Research,10.2196/21279,https://openalex.org/W3049547760,off-topic-false-hit,"BACKGROUND: Student mental health in higher education has been an increasing concern. The COVID-19 pandemic situation has brought this vulnerable population into renewed focus. OBJECTIVE: Our study aims to conduct a timely assessment of the effects of the COVID-19 pandemic on the mental health of college students. METHODS: We conducted interview surveys with 195 students at a large public university in the United States to understand the effects of the pandemic on their mental health and well-being. The data were analyzed through quantitative and qualitative methods. RESULTS: Of the 195 students, 138 (71%) indicated increased stress and anxiety due to the COVID-19 outbreak. Multiple stressors were identified that contributed to the increased levels of stress, anxiety, and depressive thoughts among students. These included fear and worry about their own health and of their loved ones (177/195, 91% reported negative impacts of the pandemic), difficulty in concentrating (173/195, 89%), disruptions to sleeping patterns (168/195, 86%), decreased social interactions due to physical distancing (167/195, 86%), and increased concerns on academic performance (159/195, 82%). To cope with stress and anxiety, participants have sought support from others and helped themselves by adopting either negative or positive coping mechanisms. CONCLUSIONS: Due to the long-lasting pandemic situation and onerous measures such as lockdown and stay-at-home orders, the COVID-19 pandemic brings negative impacts on higher education. The findings of our study highlight the urgent need to develop interventions and preventive strategies to address the mental health of college students.",openalex,llm,1.000,unreviewed,,doi:10.2196/21279
discarded,A National Study of School Effectiveness for Language Minority Students' Long-Term Academic Achievement,Wayne P. Thomas; Virginia P. Collier,2002,eScholarship (California Digital Library),,https://openalex.org/W2107753673,off-topic-false-hit,"Our research from 1985 to 2001 has focused on analyzing the great variety of education services provided for language minority (LM) students in U.S. public schools and the resulting long-term academic achievement of these students. This five-year research study (1996-2001) is our most recent overview of the types of U.S. school programs provided for these linguistically and culturally diverse students, especially focusing on English language learners’ (ELLs/LEPs) academic achievement in Grades K-12. This study includes qualitative and quantitative research findings from five urban and rural research sites in the northeast, northwest, south-central, and southeast U.S. It is designed to answer urgent policy questions of interest to the federal and state governments of the United States, since this demographic group is projected to be 40 percent of the school-age population by the 2030s and most U.S. schools are currently under-educating this student group. Overall, this research provides whole school district views of policy decision-making that is data-driven regarding designing, implementing, evaluating, and reforming the education of LM students.",openalex,llm,1.000,unreviewed,,hash:fd41f2c9f9778ac4
