status,title,authors,year,venue,doi,url,tags,abstract,provider,decision_source,llm_confidence,llm_review_outcome,llm_change_direction,paper_id
discarded,Intuitive and deliberate judgments are based on common principles.,Arie W. Kruglanski; Gerd Gigerenzer,2011,Psychological Review,10.1037/a0020762,https://openalex.org/W1988631338,off-topic-false-hit,"A popular distinction in cognitive and social psychology has been between intuitive and deliberate judgments. This juxtaposition has aligned in dual-process theories of reasoning associative, unconscious, effortless, heuristic, and suboptimal processes (assumed to foster intuitive judgments) versus rule-based, conscious, effortful, analytic, and rational processes (assumed to characterize deliberate judgments). In contrast, we provide convergent arguments and evidence for a unified theoretical approach to both intuitive and deliberative judgments. Both are rule-based, and in fact, the very same rules can underlie both intuitive and deliberate judgments. The important open question is that of rule selection, and we propose a 2-step process in which the task itself and the individual's memory constrain the set of applicable rules, whereas the individual's processing potential and the (perceived) ecological rationality of the rule for the task guide the final selection from that set. Deliberate judgments are not generally more accurate than intuitive judgments; in both cases, accuracy depends on the match between rule and environment: the rules' ecological rationality. Heuristics that are less effortful and in which parts of the information are ignored can be more accurate than cognitive strategies that have more information and computation. The proposed framework adumbrates a unified approach that specifies the critical dimensions on which judgmental situations may vary and the environmental conditions under which rules can be expected to be successful.",openalex,llm,0.990,unreviewed,,doi:10.1037/a0020762
discarded,Intuitive ethics: how innately prepared intuitions generate culturally variable virtues,Jonathan Haidt; Craig Joseph,2004,Daedalus,10.1162/0011526042365555,https://openalex.org/W2117401803,off-topic-false-hit,"Intuitive ethics: how innately prepared intuitions generate culturally variable virtuesJonathan Haidt is associate professor of social psychology at the University of Virginia.His research focuses on morality and emotion and how they vary across cultures.He is currently studying the positive moral emotions, such as awe, admiration, and moral elevation.In 2001 he was awarded the Templeton Prize in Positive Psychology. Craig Joseph is a postdoctoral research associate in the Committee on Human Development at the University of Chicago. His research focuses on the cultural psychology of moral functioning and the virtues, the psychology of political violence",openalex,llm,1.000,unreviewed,,doi:10.1162/0011526042365555
discarded,Understanding Natural Selection: Essential Concepts and Common Misconceptions,T. Ryan Gregory,2009,Evolution Education and Outreach,10.1007/s12052-009-0128-1,https://openalex.org/W2092135296,off-topic-false-hit,"Natural selection is one of the central mechanisms of evolutionary change and is the process responsible for the evolution of adaptive features. Without a working knowledge of natural selection, it is impossible to understand how or why living things have come to exhibit their diversity and complexity. An understanding of natural selection also is becoming increasingly relevant in practical contexts, including medicine, agriculture, and resource management. Unfortunately, studies indicate that natural selection is generally very poorly understood, even among many individuals with postsecondary biological education. This paper provides an overview of the basic process of natural selection, discusses the extent and possible causes of misunderstandings of the process, and presents a review of the most common misconceptions that must be corrected before a functional understanding of natural selection and adaptive evolution can be achieved.",openalex,llm,0.990,unreviewed,,doi:10.1007/s12052-009-0128-1
discarded,Spontaneous analogising in engineering design: a comparative analysis of experts and novices,Linden J. Ball; Thomas Caton Ormerod; Nicola Morley,2004,Design Studies,10.1016/j.destud.2004.05.004,https://openalex.org/W2137587429,off-topic-false-hit,,openalex,llm,0.980,unreviewed,,doi:10.1016/j.destud.2004.05.004
discarded,Coding qualitative data: a synthesis guiding the novice,Mai Skjøtt Linneberg; Steffen Korsgaard,2019,Qualitative Research Journal,10.1108/qrj-12-2018-0012,https://openalex.org/W2944745716,off-topic-false-hit,"Purpose Qualitative research has gained in importance in the social sciences. General knowledge about qualitative data analysis, how to code qualitative data and decisions concerning related research design in the analytical process are all important for novice researchers. The purpose of this paper is to offer researchers who are new to qualitative research a thorough yet practical introduction to the vocabulary and craft of coding. Design/methodology/approach Having pooled, their experience in coding qualitative material and teaching students how to code, in this paper, the authors synthesize the extensive literature on coding in the form of a hands-on review. Findings The aim of this paper is to provide a thorough yet practical presentation of the vocabulary and craft of coding. The authors, thus, discuss the central choices that have to be made before, during and after coding, providing support for novices in practicing careful and enlightening coding work, and joining in the debate on practices and quality in qualitative research. Originality/value While much material on coding exists, it tends to be either too comprehensive or too superficial to be practically useful for the novice researcher. This paper, thus, focusses on the central decisions that need to be made when engaging in qualitative data coding in order to help researchers new to qualitative research engage in thorough coding in order to enhance the quality of their analyses and findings, as well as improve quantitative researchers’ understanding of qualitative coding.",openalex,llm,0.990,unreviewed,,doi:10.1108/qrj-12-2018-0012
discarded,Learning to express motion events in English and Korean: The influence of language-specific lexicalization patterns,Soonja Choi; Melissa F. Bowerman,1991,Cognition,10.1016/0010-0277(91)90033-z,https://openalex.org/W2111449423,off-topic-false-hit,,openalex,llm,1.000,unreviewed,,doi:10.1016/0010-0277(91)90033-z
discarded,"K/DOQI clinical practice guidelines for chronic kidney disease: Evaluation, classification, and stratification",Andrew S. Levey; Josef Coresh; Kline Bolton; Bruce F. Culleton; Kathy Schiro Harvey; Talat Alp Ikizler; Cynda Ann Johnson; Annamaria Kausz; Paul L. Kimmel; John W. Kusek; Adeera Levin; Kenneth Lloyd Minaker; Robert G. Nelson; Helmut G. Rennke; Michael W. Steffes; Beth Witten; Ronald J. Hogg; Susan L. Furth; Kevin V. Lemley; Ronald J. Portman; George J. Schwartz; Joseph Lau; Ethan M. Balk; Ronald D. Perrone; Tauqeer Karim; Lara Rayan; Inas Al-Massry; Priscilla W. Chew; Brad C. Astor; Deirdre De Vine; Garabed Eknoyan; Nathan W. Levin; Sally Burrows-Hudson; William F. Keane; Alan S. Kliger; Derrick L. Latos; Donna Mapes; Edith T. Oberley; Kerry Willis; George R. Bailie; Gavin J. Becker; Jerrilynn Denise Burrowes; David N. Churchill; Alan Collins; William G. Couser; Dick de Zeeuw; Alan J. Garber; Thomas A. Golper; Frank A. Gotch; Antonio M. Gotto; Joel W. Greer; Richard H. Grimm; Ramon G. Hannah; Jaime Herrera Acosta; Ronald J. Hogg; Lawrence G. Hunsicker; Michael J. Klag; Saulo Klahr; C. Lewis; Edmund G. Lowrie; Arthur Matas; Sally D. McCulloch; Maureen Michael; Joseph V. Nally; John M. Newmann; Allen R. Nissenson; Keith C. Norris; William Foster Owen; Thakor G. Patel; Glenda M. Payne; Rosa A. Rivera-Mizzoni; David Lloyd Smith; Robert A. Star; Theodore I. Steinman; Fernando Valderrábano; John Walls; Jean Pierre Wauters; Nanette Kass Wenger; Josephine P. Briggs,2002,University of Groningen research database (University of Groningen / Centre for Information Technology),,https://openalex.org/W2487377689,off-topic-false-hit,"Introduction: Chronic kidney disease as a public health problem. Chronic kidney disease is a worldwide public health problem. In the United States, there is a rising incidence and prevalence of kidney failure, with poor outcomes and high cost. There is an even higher prevalence of earlier stages of chronic kidney disease. Increasing evidence, accrued in the past decades, indicates that the adverse outcomes of chronic kidney disease, such as kidney failure, cardiovascular disease, and premature death, can be prevented or delayed. Earlier stages of chronic kidney disease can be detected through laboratory testing. Treatment of earlier stages of chronic kidney disease is effective in slowing the progression toward kidney failure. Initiation of treatment for cardiovascular risk factors at earlier stages of chronic kidney disease should be effective in reducing cardiovascular disease events both before and after the onset of kidney failure. Unfortunately, chronic kidney disease is ""under-diagnosed"" and ""under-treated"" in the United States, resulting in lost opportunities for prevention. One reason is the lack of agreement on a definition and classification of stages in the progression of chronic kidney disease. A clinically applicable classification would be based on laboratory evaluation of the severity of kidney disease, association of level of kidney function with complications, and stratification of risks for loss of kidney function and development of cardiovascular disease. Charge to the K/DOQI work group on chronic kidney disease. In 2000, the National Kidney Foundation (NKF) Kidney Disease Outcome Quality Initiative (K/DOQI) Advisory Board approved development of clinical practice guidelines to define chronic kidney disease and to classify stages in the progression of chronic kidney disease. The Work Group charged with developing the guidelines consisted of experts in nephrology, pediatric nephrology, epidemiology, laboratory medicine, nutrition, social work, gerontology, and family medicine. An Evidence Review Team, consisting of nephrologists and methodologists, was responsible for assembling the evidence. Defining chronic kidney disease and classifying the stages of severity would provide a common language for communication among providers, patients and their families, investigators, and policy-makers and a framework for developing a public health approach to affect care and improve outcomes of chronic kidney disease. A uniform terminology would permit: 1. More reliable estimates of the prevalence of earlier stages of disease and of the population at increased risk for development of chronic kidney disease 2. Recommendations for laboratory testing to detect earlier stages and progression to later stages 3. Associations of stages with clinical manifestations of disease 4. Evaluation of factors associated with a high risk of progression from one stage to the next or of development of other adverse outcomes 5. Evaluation of treatments to slow progression or prevent other adverse outcomes. Clinical practice guidelines, clinical performance measures, and continuous quality improvement efforts could then be directed to stages of chronic kidney disease. The Work Group did not specifically address evaluation and treatment for chronic kidney disease. However, this guideline contains brief reference to diagnosis and clinical interventions and can serve as a ""road map"" linking other clinical practice guidelines and pointing out where other guidelines need to be developed. Eventually, K/DOQI will include interventional guidelines. The first three of these, on bone disease, dyslipidemia, and blood pressure management are currently under development. Other guidelines on cardiovascular disease in dialysis patients and kidney biopsy will be initiated in the Winter of 2001. This report contains a summary of background information available at the time the Work Group began its deliberations, the 15 guidelines and the accompanying rationale, suggestions for clinical performance measures, a clinical approach to chronic kidney disease using these guidelines, and appendices to describe methods for the review of evidence. The guidelines are based on a systematic review of the literature and the consensus of the Work Group. The guidelines have been reviewed by the K/DOQI Advisory Board, a large number of professional organizations and societies, selected experts, and interested members of the public and have been approved by the Board of Directors of the NKF. Framework. The Work Group defined ""chronic kidney disease"" to include conditions that affect the kidney, with the potential to cause either progressive loss of kidney function or complications resulting from decreased kidney function. Chronic kidney disease was thus defined as the presence of kidney damage or decreased level of kidney function for three months or more, irrespective of diagnosis. The target population includes individuals with chronic kidney disease or at increased risk of developing chronic kidney disease. The majority of topics focus on adults (age ≥18 years). Many of the same principles apply to children as well. In particular, the classification of stages of disease and principles of diagnostic testing are similar. A subcommittee of the Work Group examined issues related to children and participated in development of the first six guidelines of the present document. However, there are sufficient differences between adults and children in the association of GFR with signs and symptoms of uremia and in stratification of risk for adverse outcomes that these latter issues are addressed only for adults. A separate set of guidelines for children will have to be developed by a later Work Group. The target audience includes a wide range of individuals: those who have or are at increased risk of developing chronic kidney disease (the target population) and their families; health care professionals caring for the target population; manufacturers of instruments and diagnostic laboratories performing measurements of kidney function; agencies and institutions planning, providing or paying for the health care needs of the target population; and investigators studying chronic kidney disease. There will be only brief reference to clinical interventions, sufficient to provide a basis for other clinical practice guidelines relevant to the evaluation and management of chronic kidney disease. Subsequent K/DOQI clinical practice guidelines will be based on the framework developed here. Definition of chronic kidney disease. Why ""Kidney""? The word ""kidney"" is of Middle English origin and is immediately understood by patients, their families, providers, health care professionals, and the lay public of native English speakers. On the other hand, ""renal"" and ""nephrology,"" derived from Latin and Greek roots, respectively, commonly require interpretation and explanation. The Work Group and the NKF are committed to communicating in language that can be widely understood, hence the preferential use of ""kidney"" throughout these guidelines. The term ""End-Stage Renal Disease"" (ESRD) has been retained because of its administrative usage in the United States referring to patients treated by dialysis or transplantation, irrespective of their level of kidney function. Why Develop a New Classification? Currently, there is no uniform classification of the stages of chronic kidney disease. A review of textbooks and journal articles clearly demonstrates ambiguity and overlap in the meaning of current terms. The Work Group concluded that uniform definitions of terms and stages would improve communication between patients and providers, enhance public education, and promote dissemination of research results. In addition, it was believed that uniform definitions would enhance conduct of clinical research. Why Base a New Classification System on Severity of Disease? Adverse outcomes of kidney disease are based on the level of kidney function and risk of loss of function in the future. Chronic kidney disease tends to worsen over time. Therefore, the risk of adverse outcomes increases over time with disease severity. Many disciplines in medicine, including related specialties of hypertension, cardiovascular disease, diabetes, and transplantation, have adopted classification systems based on severity to guide clinical interventions, research, and professional and public education. Such a model is essential for any public health approach to disease. Why Classify Severity as the Level of GFR? The level of glomerular filtration rate (GFR) is widely accepted as the best overall measure of kidney function in health and disease. Providers and patients are familiar with the concept that ""the kidney is like a filter."" GFR is the best measure of the kidneys' ability to filter blood. In addition, expressing the level of kidney function on a continuous scale allows development of patient and public education programs that encourage individuals to ""Know your number!"" The term ""GFR"" is not intuitively evident to anyone. Rather, it is a learned term, which allows the ultimate expression of the complex functions of the kidney in one single numerical expression. Conversely, numbers are an intuitive concept and easily understandable by everyone.",openalex,llm,1.000,unreviewed,,hash:7e90b4feabe48155
discarded,Biological Bases of Childhood Shyness,Jerome Kagan; J. Steven Reznick; Nancy C. Snidman,1988,Science,10.1126/science.3353713,https://openalex.org/W2081281959,off-topic-false-hit,The initial behavioral reaction to unfamiliar events is a distinctive source of intraspecific variation in humans and other animals. Two longitudinal studies of 2-year-old children who were extreme in the display of either behavioral restraint or spontaneity in unfamiliar contexts revealed that by 7 years of age a majority of the restrained group were quiet and socially avoidant with unfamiliar children and adults whereas a majority of the more spontaneous children were talkative and interactive. The group differences in peripheral physiological reactions suggest that inherited variation in the threshold of arousal in selected limbic sites may contribute to shyness in childhood and even extreme degrees of social avoidance in adults.,openalex,llm,1.000,unreviewed,,doi:10.1126/science.3353713
discarded,From Recognition to Cognition: Visual Commonsense Reasoning,Rowan Zellers; Yonatan Bisk; Ali Farhadi; Yejin Choi,2019,,10.1109/cvpr.2019.00688,https://openalex.org/W2903073381,off-topic-false-hit,"Visual understanding goes well beyond object recognition. With one glance at an image, we can effortlessly imagine the world beyond the pixels: for instance, we can infer people's actions, goals, and mental states. While this task is easy for humans, it is tremendously difficult for today's vision systems, requiring higher-order cognition and commonsense reasoning about the world. We formalize this task as Visual Commonsense Reasoning. Given a challenging question about an image, a machine must answer correctly and then provide a rationale justifying its answer. Next, we introduce a new dataset, VCR, consisting of 290k multiple choice QA problems derived from 110k movie scenes. The key recipe for generating non-trivial and high-quality problems at scale is Adversarial Matching, a new approach to transform rich annotations into multiple choice questions with minimal bias. Experimental results show that while humans find VCR easy (over 90% accuracy), state-of-the-art vision models struggle (~45%). To move towards cognition-level understanding, we present a new reasoning engine, Recognition to Cognition Networks (R2C), that models the necessary layered inferences for grounding, contextualization, and reasoning. R2C helps narrow the gap between humans and machines (~65%); still, the challenge is far from solved, and we provide analysis that suggests avenues for future work.",openalex,llm,0.990,unreviewed,,doi:10.1109/cvpr.2019.00688
discarded,ELIZA—A Computer Program For the Study of Natural Language Communication Between Man and Machine,Joseph Weizenbaum,1966,Communications of the ACM,10.1145/365153.365168,https://openalex.org/W4236521339,off-topic-false-hit,"Communication Between Man And Machine,JosEPh ~VEIZENBA UM Massach.usclls[nshl-ute qf Tcchnu[ogg,* Cambridge, Mass.ELIZA is a program operating within the MAC time-sharing system at MIT which makes certain kinds of natural language conversation between man and computer possible.Input sentences are analyzed on the basis of decomposition rules which are triggered by key words appearing in the input text.Responses are generated by reassembly rules associated with selected decomposition rules.The fundamental technical problems with which ELIZA is concerned are: (1) the identification of key words, (2) the discovery of minimal context, (3) the choice of appropriate transformations, (4) generation of responses in the absence of key words, and (5) the provision of an editing capability for ELIZA ""scripts"".A discussion of some psychological issues relevant to the ELIZA approach as well as of future developments concludes the paper.Work reported herein was supported (iu prot) by Project MAC, an _\-lIT research program sponsored by the Advm~ced Research Pr,,jects Aget,cy, l)~l)ar~met~t ~,1"" l)ofense, under Office of Naval Research Contract Number Nora'-4102(01).",openalex,llm,0.980,unreviewed,,doi:10.1145/365153.365168
