status,title,authors,year,venue,doi,url,tags,abstract,provider,decision_source,llm_confidence,llm_review_outcome,llm_change_direction,paper_id
discarded,"Driver sleepiness, fatigue, careless behavior and risk of motor vehicle crash and injury: Population based case and control study",Abdulbari Bener; Erol Yıldırım; Türker Özkan; Timo Juhani Lajunen,2017,Journal of Traffic and Transportation Engineering (English Edition),10.1016/j.jtte.2017.07.005,https://openalex.org/W2754658003,off-topic-false-hit,"A few studies have been conducted to determine the relationship between road motor vehicle crashes (MVC) and serious injuries related to tiredness, fatigues and sleeping. To determine the effects of aggressive behaviour, driver sleepiness and fatigue on MVC and related injuries among Turkish population. Population-based case and control study conducted at the accident emergency departments of hospitals and roads. 515 car drivers involved in crashes with injury were admitted to hospital and 1030 car drivers involved while driving on public roads as control group during the study period. The Manchester driver behaviour questionnaire (DBQ) measured the aberrant driving behaviours leading to accidents. Participants completed a fatigue severity scale (FSS) and Stanford Sleeping questionnaire an epworth scale with items related to socio-demographic information, driving experiences, adherence to traffic laws (such as speed limits and seat belt), and drivers’ driving records. In a representative sampling, participant’s age ranged from 25 to 65 and the mean and standard deviation were 36.5 ± 7.8 for cases and 37.0 ± 8.0 for controls. There was a significant difference in both group of drivers regarding BMI, level of education, marital status, driving experience, seat belt use, excessive speed limits, physical activity number of sleeping hours, mobile phone use, and cigarette smoking habit (p = 0.017). Also, there was a significant higher mean score on all the DBQ violation questions among case group in comparison with the control group (p < 0.001). Further, cases had higher prevalence of Epworth sleeping disorders (p < 0.001) and fatigue severity (p = 0.003) compared to control drivers. Multivariate logistic regression revealed that excessive speed, fatigue, lapses, errors, Stanford sleepiness score, violations, mobile phone use and Epworth sleepiness scale were significantly associated with injury involvement in vehicle crash, after adjusting for driving experience and annual mileage. The current study confirmed that drivers with chronic fatigue, acute sleepiness, and careless driver behavior may significantly increases the risk of road crash which can be lead to serious injury.",openalex,llm,1.000,unreviewed,,doi:10.1016/j.jtte.2017.07.005
discarded,Characterization of the maintained vegetative phase deletions from diploid wheat and their effect on VRN2 and FT transcript levels,Assaf Distelfeld; Jorge Dubcovsky,2010,Molecular Genetics and Genomics,10.1007/s00438-009-0510-2,https://openalex.org/W2158704230,off-topic-false-hit,"Allelic differences at the VRN1 (AP1/CAL/FRU), VRN2 (ZCCT) and VRN3 (FT) vernalization genes affect flowering time in wheat. The two maintained vegetative phase (mvp) mutants from Triticum monococcum L., previously reported as carrying a single gene (VRN1) deletion, are incapable of flowering. In this study, we show that both mvp lines have larger deletions that include the genes AGLG1, CYS, PHYC, VRN1 and possibly others. The original mvp deletions were generated in lines that lack the VRN2 gene. Therefore, to study the effect of the mvp deletions on the regulation of VRN2 we generated populations segregating for both genes simultaneously. The two mvp deletions co-segregated with the non-flowering phenotype, but surprisingly, the lines homozygous for the mvp mutations showed reduced transcript levels of both VRN2 and FT relative to the wild type. The VRN1 deletion is an unlikely cause of the down-regulation of VRN2 since VRN2 transcript levels are higher in the fall, before VRN1 is expressed, and are down-regulated by VRN1. Since both VRN2 and FT are regulated by light and photoperiod, their down-regulation in the mvp mutants might be related to the deletion of the PHYC photoreceptor. However, alternative hypotheses including combinations of other genes deleted in the mvp mutants cannot be ruled out. Until the specific gene(s) responsible for the down-regulation of VRN2 and FT and the non-flowering phenotype are precisely identified, it is premature to use these results to postulate alternative flowering models.",openalex,llm,1.000,unreviewed,,doi:10.1007/s00438-009-0510-2
discarded,User Interface Matters: Analysing the Complexity of Mobile Applications from a Visual Perspective,Luis Corral; Ilenia Fronza; Tommi Mikkonen,2021,Procedia Computer Science,10.1016/j.procs.2021.07.039,https://openalex.org/W3198699556,qualifies-claim; adjacent-subtopic,"Product-centric techniques to analyze mobile applications leverage traditional source code analysis, size, market success, complexity, and others. Many of these techniques converge in the strategy of evaluating metrics taken from the source code that delivers the functionality of the software product. However, when following the Model-View-Controller (MVC) architecture, mobile applications are typically constructed by a compound of at least two programming languages, one to deliver the functionality and the other to describe the visual aspects. The latter is commonly left out from source code analysis, even though critical parts of the application are present in the graphic User Interface (UI). In this paper, we identify an opportunity to strengthen the product-centric mobile app analysis by incorporating UI metrics. This approach aims to enhance the expressiveness of source code metrics and deliver a more comprehensive analysis of the complexity, maintainability, and effort estimation of a mobile app. To introduce the concept, we present a case study realized using a block-based programming language to create mobile apps, in which we describe and calculate functional and UI metrics, discover commonalities and differences, discuss traits, and open tracks for further research.",openalex,llm_reviewed,0.910,changed,kept->discarded,doi:10.1016/j.procs.2021.07.039
discarded,Supermeres are functional extracellular nanoparticles replete with disease biomarkers and therapeutic targets,Qin Zhang; Dennis K. Jeppesen; James N. Higginbotham; Ramona Graves‐Deal; Vincent Quoc‐Huy Trinh; Marisol Adelina Ramirez; Yoojin Sohn; Abigail C. Neininger; Nilay Taneja; Eliot T. McKinley; Hiroaki Niitsu; Zheng Cao; Rachel Evans; Sarah E. Glass; Kevin C. Ray; William Henry Fissell; Salisha Hill; Kristie Lindsey Rose; Won Jae Huh; Mary Kay Washington; Gregory Daniel Ayers; Dylan Tyler Burnette; Shivani Sharma; Leonard H. Rome; Jeffrey L. Franklin; Youngmin A. Lee; Qi Liu; Robert J. Coffey,2021,Nature Cell Biology,10.1038/s41556-021-00805-8,https://openalex.org/W4200254733,off-topic-false-hit,"Extracellular vesicles and exomere nanoparticles are under intense investigation as sources of clinically relevant cargo. Here we report the discovery of a distinct extracellular nanoparticle, termed supermere. Supermeres are morphologically distinct from exomeres and display a markedly greater uptake in vivo compared with small extracellular vesicles and exomeres. The protein and RNA composition of supermeres differs from small extracellular vesicles and exomeres. Supermeres are highly enriched with cargo involved in multiple cancers (glycolytic enzymes, TGFBI, miR-1246, MET, GPC1 and AGO2), Alzheimer's disease (APP) and cardiovascular disease (ACE2, ACE and PCSK9). The majority of extracellular RNA is associated with supermeres rather than small extracellular vesicles and exomeres. Cancer-derived supermeres increase lactate secretion, transfer cetuximab resistance and decrease hepatic lipids and glycogen in vivo. This study identifies a distinct functional nanoparticle replete with potential circulating biomarkers and therapeutic targets for a host of human diseases.",openalex,llm,1.000,unreviewed,,doi:10.1038/s41556-021-00805-8
discarded,Experimentation and Start-up Performance: Evidence from A/B Testing,Rembrand Michael Koning; Sharique Hasan; Aaron Chatterji,2022,Management Science,10.1287/mnsc.2021.4209,https://openalex.org/W3124144674,off-topic-false-hit,"Recent scholarship argues that experimentation should be the organizing principle for entrepreneurial strategy. Experimentation leads to organizational learning, which drives improvements in firm performance. We investigate this proposition by exploiting the time-varying adoption of A/B testing technology, which has drastically reduced the cost of testing business ideas. Our results provide the first evidence on how digital experimentation affects a large sample of high-technology start-ups using data that tracks their growth, technology use, and products. We find that, although relatively few firms adopt A/B testing, among those that do, performance improves by 30%–100% after a year of use. We then argue that this substantial effect and relatively low adoption rate arises because start-ups do not only test one-off incremental changes, but also use A/B testing as part of a broader strategy of experimentation. Qualitative insights and additional quantitative analyses show that experimentation improves organizational learning, which helps start-ups develop more new products, identify and scale promising ideas, and fail faster when they receive negative signals. These findings inform the literatures on entrepreneurial strategy, organizational learning, and data-driven decision making. This paper was accepted by Toby Stuart, entrepreneurship and innovation.",openalex,llm,0.980,unreviewed,,doi:10.1287/mnsc.2021.4209
discarded,Development of a Mobile Mapping Solution for Spatial Data Collection Using Open-Source Technologies,C.E. de Abreu Freire; Marco Paìnho,2014,Procedia Technology,10.1016/j.protcy.2014.10.115,https://openalex.org/W1999572568,adjacent-subtopic,"Information technologies and sport resources aid the potential to transform governmental organizations services, and play an important role in contributing to sustainable communities, respectively. Low-cost tools combining a user-friendly and customized data interaction (forms, mapping, media support) are still in an early stage. Recognizing benefits – efficiency, effectiveness, proximity to citizens – that Mozambican Minister of Youth and Sports (MJD) can achieve employing a low-cost data collection solution, this paper describes the development and implementation of a Geospatial Information System (GIS) mapping application (app) – m-SportGIS – under Open-Source (OS) technologies, customizing an evolutionary and incremental methodology. The app development embraced the combination of mobile web technologies and Application Programming Interfaces (APIs) (e.g. Sencha Touch (ST), Apache Cordova) to deploy a native-to-the-device (Samsung Galaxy Tab 2 running Android OS 4.0) app, taking advantage of device capabilities (e.g. File system, Geolocation, Camera). In addition to the integrated Web Map Service (WMS), a tile caching procedure was carried out to produce a network-communication-independent (offline) Tile Map Service (TMS) regarding IT infrastructures limitations in several Mozambican areas. m-SportGIS is currently being exploited by Mozambican Government staff to inventory all kind of sport facilities, which feeds a WebGIS platform to manage Mozambican sport resources.",openalex,llm,0.950,unreviewed,,doi:10.1016/j.protcy.2014.10.115
discarded,Surface EMG analysis on normal subjects based on isometric voluntary contraction,Prodromos A. Kaplanis; Constantinos S. Pattichis; Leontios J. Hadjileontiadis; V.C. Roberts,2007,Journal of Electromyography and Kinesiology,10.1016/j.jelekin.2007.03.010,https://openalex.org/W2070074935,off-topic-false-hit,,openalex,llm,0.990,unreviewed,,doi:10.1016/j.jelekin.2007.03.010
discarded,Achieving Business Practicability of Model-Driven Cross-Platform Apps,Tim A. Majchrzak; Jan Ernsting; Herbert Kuchen,2015,BIBSYS Brage (BIBSYS (Norway)),,https://openalex.org/W1741349685,adjacent-subtopic,"Due to the incompatibility of mobile device platforms such as Android and iOS, apps have to be developed separately for each target platform.Cross-platform development approaches based on Web technology have significantly improved over the last years.However, since they do not lead to native apps, these frameworks are not feasible for all kinds of business apps.Moreover, the way apps are developed is cumbersome.Advanced cross-platform approaches such as MD 2 , which is based on model-driven development (MDSD) techniques, are a much more powerful yet less mature choice.We discuss business implications of MDSD for apps and introduce MD 2 as our proposed solution to fulfill typical requirements.Moreover, we highlight a business-oriented enhancement that further increases MD 2 's business practicability.We generalize our findings and sketch the path towards more versatile MDSD of apps.",openalex,llm,0.940,unreviewed,,hash:c6ea47b9f36d7b34
discarded,Maximizing the Impact of e-Therapy and Serious Gaming: Time for a Paradigm Shift,Theresa M. Fleming; Derek Paul De Beurs; Yasser Khazaal; Andrea Gaggioli; Giuseppe Riva; Cristina Botella; Rosa Baños; Filippo Aschieri; Lynda M. Bavin; Annet M. Kleiboer; Sally Merry; Ho Ming Lau; Heleen M. Riper,2016,Frontiers in Psychiatry,10.3389/fpsyt.2016.00065,https://openalex.org/W2341756679,off-topic-false-hit,"Internet interventions for mental health, including serious games, online programs, and apps, hold promise for increasing access to evidence-based treatments and prevention. Many such interventions have been shown to be effective and acceptable in trials; however, uptake and adherence outside of trials is seldom reported, and where it is, adherence at least, generally appears to be underwhelming. In response, an international Collaboration On Maximizing the impact of E-Therapy and Serious Gaming (COMETS) was formed. In this perspectives' paper, we call for a paradigm shift to increase the impact of internet interventions toward the ultimate goal of improved population mental health. We propose four pillars for change: (1) increased focus on user-centered approaches, including both user-centered design of programs and greater individualization within programs, with the latter perhaps utilizing increased modularization; (2) Increased emphasis on engagement utilizing processes such as gaming, gamification, telepresence, and persuasive technology; (3) Increased collaboration in program development, testing, and data sharing, across both sectors and regions, in order to achieve higher quality, more sustainable outcomes with greater reach; and (4) Rapid testing and implementation, including the measurement of reach, engagement, and effectiveness, and timely implementation. We suggest it is time for researchers, clinicians, developers, and end-users to collaborate on these aspects in order to maximize the impact of e-therapies and serious gaming.",openalex,llm,0.980,unreviewed,,doi:10.3389/fpsyt.2016.00065
discarded,A Multiple Layer Sercurity Architecture for Internet of Things into MVC Design,Hongbo Chen; Hongjun Dai; Meikang Qiu,2018,"2018 17th IEEE International Conference On Trust, Security And Privacy In Computing And Communications/ 12th IEEE International Conference On Big Data Science And Engineering (TrustCom/BigDataSE)",10.1109/TrustCom/BigDataSE.2018.00124,https://ieeexplore.ieee.org/document/8455992/,adjacent-subtopic,"Secure Layered architecture(SLA) has been become a widely used Architecture model. Each layer represents a kind of function. In the current process of software development, the most SLA is based on MVC: Model, View and Controller. Model is the layer that is used to communicate with database and provides the data for controller. Controller is the logical layer, it is responsible for handling the data provided from model and serve the layer of view. And the View is used to display the data. The Three tier architecture(TTA) is practical in most development. But In some project, whose business is more complex and the number of requests is bigger, the TTA has a little bad performance. For better development and better performance, The more secure multiple layer architecture(MMLA) is put forward. Besides the MVC, The MMLA splits the layer of model and controller. Based on the business logic and the service request, they are split into multiple layers for different business and different layer is put into the different server. This kind of layers can not only reducing coupling with modules and also improve the extensibility of the system. The way that the Different layer is in the different server can greatly improved the data security. Experiments show that The performance, the expansibility and the security can be greatly improved but also obtaining the satisfactory service with our proposed MMLA.",ieee,llm,0.930,unreviewed,,doi:10.1109/trustcom/bigdatase.2018.00124
discarded,Jump performance and handgrip strength do not reflect acute fatigue in elite trail runners after the 2023 world trail running championship,"Jaen-Carrillo, Diego; Garcia-Pinillos, Felipe; Alcaraz, Pedro E.; Marin-Pagan, Cristian; Martinez-Noguera, Francisco J.; Federolf, Peter A.",2025,FRONTIERS IN SPORTS AND ACTIVE LIVING,10.3389/fspor.2025.1506067,https://www.webofscience.com/wos/woscc/full-record/WOS:001518759800001,off-topic-false-hit,"Purpose: Fatigue manifests as a decline in maximal voluntary contraction (MVC), driven by both central and peripheral factors. Studies have shown reduced maximum isometric force in knee extensor and plantar flexor muscles after ultradistance trail running. This study aimed to assess the effectiveness of jump tests [countermovement jump [CMJ] and 30 cm-height drop jump [DJ]] and handgrip strength tests in detecting acute neuromuscular fatigue among elite marathon trail runners following the 2023 Trail Running World Championship. Methods: Eight elite athletes (4 males and 4 females; height: 168 +/- 8.62 cm; weight: 56.18 +/- 9.28 kg; age: 32.98 +/- 5.43 years) were recruited. Paired samples T-Test analyses are used. Results: No significant differences were found in all jumping variables except for the Reactive Strength Index (RSI) (t = 2.44, df = 7, p = 0.045), with a large effect size (ES = 0.862). Handgrip strength test analyses showed no significant reductions post-run. Conclusion: RSI decreased while other performance variables remained unchanged. This suggests the athletes' fatigue had less impact on their performance in these tests than anticipated, showing a less reactive jump strategy (p < 0.05 for RSI) after the competition.",wos,llm,1.000,unreviewed,,doi:10.3389/fspor.2025.1506067
discarded,"Fish Protein Ingestion Induces Neural, but Not Muscular Adaptations, Following Resistance Training in Young Adults","Watanabe, Kohei; Holobar, Ales; Uchida, Kenji; Mita, Yukiko",2021,FRONTIERS IN NUTRITION,10.3389/fnut.2021.645747,https://www.webofscience.com/wos/woscc/full-record/WOS:000632562100001,off-topic-false-hit,"Purpose: Nutritional supplementation in conjunction with exercise is of interest for the prevention or improvement of declines in motor performances in older adults. An understanding of the effects on both young and older adults contributes to its effective application. We investigated the effect of fish protein ingestion with resistance training on neural and muscular adaptations in young adults using interventions and assessments that have already been tested in older adults.

Methods: Eighteen young adults underwent 8 weeks of isometric knee extension training. During the intervention, nine participants ingested 5 g of fish protein (n = 9, Alaska pollack protein, APP), and the other nine participants ingested casein as a control (n = 9, CAS) in addition to daily meals. Before, during, and after the intervention, the isometric knee extension force, lower extremity muscle mass, and motor unit firing pattern of knee extensor muscles were measured.

Results: Maximum voluntary contraction (MVC) was significantly increased in both APP and CAS groups from 0 weeks to 4, 6, and 8 weeks of intervention (p < 0.001), but there were no significant differences between the groups (p = 0.546-0.931). Muscle mass was not significantly changed during the intervention in either group (p = 0.250-0.698). Significant changes in motor unit firing rates (p = 0.02 and 0.029 for motor units recruited at 20-40% of MVC and at 40-60%) were observed following the intervention in the APP but not CAS (p = 0.120-0.751) group.

Conclusions: These results suggest that dietary fish protein ingestion changes motor unit adaptations following resistance training in young adults.",wos,llm,1.000,unreviewed,,doi:10.3389/fnut.2021.645747
