status,title,authors,year,venue,doi,url,tags,abstract,provider,decision_source,llm_confidence,llm_review_outcome,llm_change_direction,paper_id
discarded,Public security event trigger identification based on Bidirectional LSTM,S.X. Yi,2019,Gongcheng Kexue Xuebao Chinese Journal of Engineering,10.13374/j.issn2095-9389.2019.09.012,https://www.scopus.com/inward/record.uri?partnerID=HzOxMe3b&scp=85073986647&origin=inward,off-topic-false-hit,,scopus,llm,1.000,unreviewed,,doi:10.13374/j.issn2095-9389.2019.09.012
discarded,Large earthquake magnitude prediction in Taiwan based on deep learning neural network,J.P. Huang,2018,Neural Network World,10.14311/NNW.2018.28.009,https://www.scopus.com/inward/record.uri?partnerID=HzOxMe3b&scp=85047100805&origin=inward,off-topic-false-hit,,scopus,llm,1.000,unreviewed,,doi:10.14311/nnw.2018.28.009
discarded,A matlab tool for SAR imaging simulation of ships,W. Dong,2017,ACM International Conference Proceeding Series,10.1145/3133264.3133274,https://www.scopus.com/inward/record.uri?partnerID=HzOxMe3b&scp=85033593107&origin=inward,off-topic-false-hit,,scopus,llm,0.980,unreviewed,,doi:10.1145/3133264.3133274
discarded,Multi-channel fusion for seismic event detection and classification,O. Lindenbaum,2017,2016 IEEE International Conference on the Science of Electrical Engineering Icsee 2016,10.1109/ICSEE.2016.7806088,https://www.scopus.com/inward/record.uri?partnerID=HzOxMe3b&scp=85014156556&origin=inward,off-topic-false-hit,,scopus,llm,1.000,unreviewed,,doi:10.1109/icsee.2016.7806088
discarded,Event extraction from social media text using conditional random fields,N. Sristy,2017,Ceur Workshop Proceedings,,https://www.scopus.com/inward/record.uri?partnerID=HzOxMe3b&scp=85041441911&origin=inward,off-topic-false-hit,,scopus,llm,1.000,unreviewed,,hash:539c8360aa9c4c87
kept,A tangible embedded programming system to convey event-handling concept,D. Wang,2016,Tei 2016 Proceedings of the 10th Anniversary Conference on Tangible Embedded and Embodied Interaction,10.1145/2839462.2839491,https://www.scopus.com/inward/record.uri?partnerID=HzOxMe3b&scp=84964838848&origin=inward,qualifies-claim; events-first,,scopus,llm_reviewed,0.900,confirmed,,doi:10.1145/2839462.2839491
discarded,A fast simulation tool for the undergraduate course of pavement engineering,X. Chen,2016,Functional Pavement Design Proceedings of the 4th Chinese European Workshop on Functional Pavement Design Cew 2016,10.1201/9781315643274-177,https://www.scopus.com/inward/record.uri?partnerID=HzOxMe3b&scp=85019960261&origin=inward,off-topic-false-hit,,scopus,llm,0.990,unreviewed,,doi:10.1201/9781315643274-177
discarded,"Smartphones, studio-based learning, and scaffolding: Helping novices learn to program",S. Reardon,2015,ACM Transactions on Computing Education,10.1145/2677089,https://www.scopus.com/inward/record.uri?partnerID=HzOxMe3b&scp=84920935046&origin=inward,"qualifies-claim; adjacent-subtopic; tool or course description, no finding on learning event-driven programming or functions as values",,scopus,llm_reviewed,0.910,changed,kept->discarded,doi:10.1145/2677089
discarded,Hostel attendance management system - A survey,F. Chan Babu,2014,Middle East Journal of Scientific Research,10.5829/idosi.mejsr.2014.19.9.11203,https://www.scopus.com/inward/record.uri?partnerID=HzOxMe3b&scp=84894385908&origin=inward,off-topic-false-hit,,scopus,llm,0.990,unreviewed,,doi:10.5829/idosi.mejsr.2014.19.9.11203
discarded,Teaching internationalization - Internationally,J.M. Heines,2013,Annual Conference on Innovation and Technology in Computer Science Education Iticse,10.1145/2462476.2462482,https://www.scopus.com/inward/record.uri?partnerID=HzOxMe3b&scp=84881139544&origin=inward,adjacent-subtopic,,scopus,llm,0.860,unreviewed,,doi:10.1145/2462476.2462482
discarded,Modelling and analysing track cycling Omnium performances using statistical and machine learning techniques,B. Ofoghi,2013,Journal of Sports Sciences,10.1080/02640414.2012.757344,https://www.scopus.com/inward/record.uri?partnerID=HzOxMe3b&scp=84877805631&origin=inward,off-topic-false-hit,,scopus,llm,0.990,unreviewed,,doi:10.1080/02640414.2012.757344
discarded,REEF: Retainable evaluator execution framework,B.G. Chun,2013,Proceedings of the VLDB Endowment,10.14778/2536274.2536318,https://www.scopus.com/inward/record.uri?partnerID=HzOxMe3b&scp=84891121890&origin=inward,off-topic-false-hit,,scopus,llm,0.980,unreviewed,,doi:10.14778/2536274.2536318
kept,Children learning computer science concepts via Alice game-programming,L. Werner,2012,SIGCSE 12 Proceedings of the 43rd ACM Technical Symposium on Computer Science Education,10.1145/2157136.2157263,https://www.scopus.com/inward/record.uri?partnerID=HzOxMe3b&scp=84858957890&origin=inward,qualifies-claim; events-first,,scopus,llm_reviewed,0.680,confirmed,,doi:10.1145/2157136.2157263
discarded,Chestnut: A GPU programming language for non-experts,A. Stromme,2012,Proceedings of the 2012 International Workshop on Programming Models and Applications for Multicores and Manycores Pmam 2012,10.1145/2141702.2141720,https://www.scopus.com/inward/record.uri?partnerID=HzOxMe3b&scp=84858638538&origin=inward,off-topic-false-hit,,scopus,llm,0.950,unreviewed,,doi:10.1145/2141702.2141720
discarded,Affecting attitudes in first-year computer science using syntax-free robotics programming,M. Anderson,2011,ACM Inroads,10.1145/2003616.2003635,https://www.scopus.com/inward/record.uri?partnerID=HzOxMe3b&scp=80053360060&origin=inward,adjacent-subtopic,,scopus,llm,0.820,unreviewed,,doi:10.1145/2003616.2003635
discarded,Learn Java in 3D with the Env3D library,J. Madar,2010,Wccce 2010 Proceedings of the 15th Western Canadian Conference on Computing Education,10.1145/1806512.1806514,https://www.scopus.com/inward/record.uri?partnerID=HzOxMe3b&scp=77954528684&origin=inward,adjacent-subtopic,,scopus,llm,0.780,unreviewed,,doi:10.1145/1806512.1806514
discarded,Building interfaces for on-line collaborative learning,I. Kalas,2006,Education and Information Technologies,10.1007/s10639-006-9011-7,https://www.scopus.com/inward/record.uri?partnerID=HzOxMe3b&scp=33750971160&origin=inward,adjacent-subtopic,,scopus,llm,0.880,unreviewed,,doi:10.1007/s10639-006-9011-7
kept,Event-driven programming facilitates learning standard programming concepts,K.B. Bruce,2004,Proceedings of the Conference on Object Oriented Programming Systems Languages and Applications OOPSLA,10.1145/1028664.1028704,https://www.scopus.com/inward/record.uri?partnerID=HzOxMe3b&scp=33745213217&origin=inward,qualifies-claim; events-first,,scopus,llm_reviewed,0.980,confirmed,,doi:10.1145/1028664.1028704
discarded,"Why Minimal Guidance During Instruction Does Not Work: An Analysis of the Failure of Constructivist, Discovery, Problem-Based, Experiential, and Inquiry-Based Teaching",Paul A. Kirschner; John Sweller; Richard E. Clark,2006,Educational Psychologist,10.1207/s15326985ep4102_1,https://openalex.org/W1976637107,off-topic-false-hit,"Evidence for the superiority of guided instruction is explained in the context of our knowledge of human cognitive architecture, expert–novice differences, and cognitive load. Although unguided or minimally guided instructional approaches are very popular and intuitively appealing, the point is made that these approaches ignore both the structures that constitute human cognitive architecture and evidence from empirical studies over the past half-century that consistently indicate that minimally guided instruction is less effective and less efficient than instructional approaches that place a strong emphasis on guidance of the student learning process. The advantage of guidance begins to recede only when learners have sufficiently high prior knowledge to provide ""internal"" guidance. Recent developments in instructional research and instructional design models that support guidance during instruction are briefly described.",openalex,llm,0.970,unreviewed,,doi:10.1207/s15326985ep4102_1
discarded,Applied Longitudinal Data Analysis,J. David Singer; John B. Willett,2003,,10.1093/acprof:oso/9780195152968.001.0001,https://openalex.org/W1587682423,off-topic-false-hit,"Abstract Change is constant in everyday life. Infants crawl and then walk, children learn to read and write, teenagers mature in myriad ways, and the elderly become frail and forgetful. Beyond these natural processes and events, external forces and interventions instigate and disrupt change: test scores may rise after a coaching course, drug abusers may remain abstinent after residential treatment. By charting changes over time and investigating whether and when events occur, researchers reveal the temporal rhythms of our lives. This book is concerned with behavioral, social, and biomedical sciences. It offers a presentation of two of today's most popular statistical methods: multilevel models for individual change and hazard/survival models for event occurrence (in both discrete- and continuous-time). Using data sets from published studies, the book takes you step by step through complete analyses, from simple exploratory displays that reveal underlying patterns through sophisticated specifications of complex statistical models.",openalex,llm,0.990,unreviewed,,doi:10.1093/acprof:oso/9780195152968.001.0001
discarded,"On the origin of species by means of natural selection, or, The preservation of favoured races in the struggle for life /",Charles Robert Darwin,1859,,10.5962/bhl.title.68064,https://openalex.org/W4300750523,off-topic-false-hit,""" But with regard to the material world, we can at least go so far as this-we can perceive that events are brought about not by insulated interpositions of Divine power, exerted in each particular case, but by the establishment of general laws."" W. WHEWELL: Bridgewater Treatise. ""To conclude, therefore, let no man out of a weak conceit of sobriety, or an ill-applied moderation, think or maintain, that a man can search too far or be too well studied in the book of God's word, or in the book of God's works; divinity or philosophy ; but rather",openalex,llm,1.000,unreviewed,,doi:10.5962/bhl.title.68064
discarded,ANALYSIS OF ASYNCHRONOUS CONCURRENT SYSTEMS BY TIMED PETRI NETS,C. Ramchandani,1974,DSpace@MIT (Massachusetts Institute of Technology),,https://openalex.org/W2033839526,off-topic-false-hit,Massachusetts Institute of Technology. Dept. of Electrical Engineering. Thesis. 1973. Ph.D.,openalex,llm,0.980,unreviewed,,hash:73642dcba096fbbd
discarded,Concurrent operations on talk,Charles Goodwin; Marjorie Harness Goodwin,2015,IPrA Papers in Pragmatics,10.1075/iprapip.1.1.01goo,https://openalex.org/W2079321623,off-topic-false-hit,"The analysis of conversation has a strong relevance to the study of pragmatics.Thus in introducing the scope of pragmatics Levinson (1983: 284) notes that It is not hard to see why one should look to conversation for insight into pragmatic phenomena, for conversation is clearly the prototypical kind of language usage, the form in which we are all first exposed to language the matrix for language acquisition.The field of study that has provided the most extensive analysis of the pragmatic organization of conversation is the line of inquiry initiated by the late Harvey Sacks and his colleagues.lIndeed * We are very deeply indebted to Alessandro Duranti, William Hanks, Gail Jefferson and Emanuel Schegloff for insightful comments and suggestions on an earlier version of this analysis.This paper was initially presented at the Annual Meeting of the American Sociological Association, San Francisco, September 9, 1982.l.For a detailed study of both work in conversation analysis, and how that work is relevant to pragmatics in general, see Levinson (1983).See Heritage (l98 a) for more extensive treatment of the relationship between conversation analysis and the ethnomethodological tradition it emerged from within sociology, and Heritage (1985) for a detailed summary of work within the field.For collections of specific analysis see for example Atkinson and Heritage (1984), Button and Lee (in press), Schenkein (1978), and Zimmerman and West (1980).C. Goodwin (1981) and Heath (1986) examine in detail the IPRA Papers in Pragntatics l, No.l (1987), l-54",openalex,llm,0.990,unreviewed,,doi:10.1075/iprapip.1.1.01goo
discarded,Rosuvastatin to Prevent Vascular Events in Men and Women with Elevated C-Reactive Protein,Paul M. Ridker; Eleanor Danielson; Francisco Antônio Helfenstein Fonseca; Jacques J. Genest; Antonio M. Gotto; John J.P. Kastelein; Wolfgang Köenig; Peter Libby; Alberto J. Lorenzatti; Jean G. MacFadyen; Børge Grønne Nordestgaard; James Shepherd; James T. Willerson; Robert J. Glynn,2008,New England Journal of Medicine,10.1056/nejmoa0807646,https://openalex.org/W2137983259,off-topic-false-hit,"BACKGROUND: Increased levels of the inflammatory biomarker high-sensitivity C-reactive protein predict cardiovascular events. Since statins lower levels of high-sensitivity C-reactive protein as well as cholesterol, we hypothesized that people with elevated high-sensitivity C-reactive protein levels but without hyperlipidemia might benefit from statin treatment. METHODS: We randomly assigned 17,802 apparently healthy men and women with low-density lipoprotein (LDL) cholesterol levels of less than 130 mg per deciliter (3.4 mmol per liter) and high-sensitivity C-reactive protein levels of 2.0 mg per liter or higher to rosuvastatin, 20 mg daily, or placebo and followed them for the occurrence of the combined primary end point of myocardial infarction, stroke, arterial revascularization, hospitalization for unstable angina, or death from cardiovascular causes. RESULTS: The trial was stopped after a median follow-up of 1.9 years (maximum, 5.0). Rosuvastatin reduced LDL cholesterol levels by 50% and high-sensitivity C-reactive protein levels by 37%. The rates of the primary end point were 0.77 and 1.36 per 100 person-years of follow-up in the rosuvastatin and placebo groups, respectively (hazard ratio for rosuvastatin, 0.56; 95% confidence interval [CI], 0.46 to 0.69; P<0.00001), with corresponding rates of 0.17 and 0.37 for myocardial infarction (hazard ratio, 0.46; 95% CI, 0.30 to 0.70; P=0.0002), 0.18 and 0.34 for stroke (hazard ratio, 0.52; 95% CI, 0.34 to 0.79; P=0.002), 0.41 and 0.77 for revascularization or unstable angina (hazard ratio, 0.53; 95% CI, 0.40 to 0.70; P<0.00001), 0.45 and 0.85 for the combined end point of myocardial infarction, stroke, or death from cardiovascular causes (hazard ratio, 0.53; 95% CI, 0.40 to 0.69; P<0.00001), and 1.00 and 1.25 for death from any cause (hazard ratio, 0.80; 95% CI, 0.67 to 0.97; P=0.02). Consistent effects were observed in all subgroups evaluated. The rosuvastatin group did not have a significant increase in myopathy or cancer but did have a higher incidence of physician-reported diabetes. CONCLUSIONS: In this trial of apparently healthy persons without hyperlipidemia but with elevated high-sensitivity C-reactive protein levels, rosuvastatin significantly reduced the incidence of major cardiovascular events. (ClinicalTrials.gov number, NCT00239681.)",openalex,llm,1.000,unreviewed,,doi:10.1056/nejmoa0807646
discarded,Grounded theory research: A design framework for novice researchers,Ylona Chun Tie; Melanie Birks; Karen L. Francis,2019,SAGE Open Medicine,10.1177/2050312118822927,https://openalex.org/W2906994370,off-topic-false-hit,"BACKGROUND: Grounded theory is a well-known methodology employed in many research studies. Qualitative and quantitative data generation techniques can be used in a grounded theory study. Grounded theory sets out to discover or construct theory from data, systematically obtained and analysed using comparative analysis. While grounded theory is inherently flexible, it is a complex methodology. Thus, novice researchers strive to understand the discourse and the practical application of grounded theory concepts and processes. OBJECTIVE: The aim of this article is to provide a contemporary research framework suitable to inform a grounded theory study. RESULT: This article provides an overview of grounded theory illustrated through a graphic representation of the processes and methods employed in conducting research using this methodology. The framework is presented as a diagrammatic representation of a research design and acts as a visual guide for the novice grounded theory researcher. DISCUSSION: As grounded theory is not a linear process, the framework illustrates the interplay between the essential grounded theory methods and iterative and comparative actions involved. Each of the essential methods and processes that underpin grounded theory are defined in this article. CONCLUSION: Rather than an engagement in philosophical discussion or a debate of the different genres that can be used in grounded theory, this article illustrates how a framework for a research study design can be used to guide and inform the novice nurse researcher undertaking a study using grounded theory. Research findings and recommendations can contribute to policy or knowledge development, service provision and can reform thinking to initiate change in the substantive area of inquiry.",openalex,llm,0.990,unreviewed,,doi:10.1177/2050312118822927
discarded,Natural products in drug discovery: advances and opportunities,Atanas G. Atanasov; Sergey B. Zotchev; Verena Maria Dirsch; the International Natural Product Sciences Taskforce; İlkay Erdoğan Orhan; Maciej Banach; Judith Maria Rollinger; Davide Barreca; Wolfram Weckwerth; Rudolf Bauer; Edward A. Bayer; Muhammed Majeed; Anupam Bishayee; Valery N. Bochkov; Günther K. Bonn; Nady Braidy; Franz Bučar; Alejandro Cifuentes; Grazia D’Onofrio; Michael J. Bodkin; Marc F. Diederich; Albena T. Dinkova‐Kostova; Thomas Efferth; Khalid El Bairi; Nicolas Arkells; Tai-Ping Fan; Bernd L. Fiebich; Michael Freissmuth; Milen I. Georgiev; Simon Gibbons; Keith M. Godfrey; Christian W. Gruber; Jag P. Heer; Lukas Alfons Huber; Elena Ibáñez; Anake Kijjoa; Anna Karolina Kiss; Aiping Lü; Francisco Antonio Macías; Mark J.S. Miller; Andrei Mocan; Rolf Müller; Ferdinando Nicoletti; George L. Perry; Valeria Pittalà; Luca Rastrelli; Michael Ristow; Gian Luigi Russo; Ana T. Sanches-Silva; Daniela Schuster; Helen Sheridan; Krystyna Skalicka‐Woźniak; Leandros Alexios Skaltsounis; Eduardo Sobarzo‐Sánchez; David S. Bredt; Hermann Stuppner; Antoni Sureda; Nikolay Tzvetkov; Rosa Anna Vacca; Bharat Bhushan Aggarwal; Maurizio Battino; Francesca Giampieri; Michaël Wink; Jean‐Luc Wolfender; Jianbo Xiao; Andy Wai Kan Yeung; Gérard Lizard; Michael A. Popp; Michael Heinrich; Ioana Berindan‐Neagoe; Marc Stadler; Maria Daglia; Robert Verpoorte; Claudiu Trandafir Supuran,2021,Nature Reviews Drug Discovery,10.1038/s41573-020-00114-z,https://openalex.org/W3119952098,off-topic-false-hit,"Natural products and their structural analogues have historically made a major contribution to pharmacotherapy, especially for cancer and infectious diseases. Nevertheless, natural products also present challenges for drug discovery, such as technical barriers to screening, isolation, characterization and optimization, which contributed to a decline in their pursuit by the pharmaceutical industry from the 1990s onwards. In recent years, several technological and scientific developments - including improved analytical tools, genome mining and engineering strategies, and microbial culturing advances - are addressing such challenges and opening up new opportunities. Consequently, interest in natural products as drug leads is being revitalized, particularly for tackling antimicrobial resistance. Here, we summarize recent technological developments that are enabling natural product-based drug discovery, highlight selected applications and discuss key opportunities.",openalex,llm,1.000,unreviewed,,doi:10.1038/s41573-020-00114-z
discarded,Proving Liveness Properties of Concurrent Programs,Susan S. Owicki; Leslie Lamport,1982,ACM Transactions on Programming Languages and Systems,10.1145/357172.357178,https://openalex.org/W2166656159,off-topic-false-hit,"A liveness property asserts that program execution eventually reaches some desirable state.While termination has been studied extensively, many other liveness properties are important for concurrent programs.A formal proof method, based on temporal logic, for deriving liveness properties is presented.It allows a rigorous formulation of simple informal arguments.How to reason with temporal logic and how to use safety (invariance) properties in proving liveness is shown.The method is illustrated using, first, a simple programming language without synchronization primitives, then one with semaphores.However, it is applicable to any programming language.",openalex,llm,0.980,unreviewed,,doi:10.1145/357172.357178
