status,title,authors,year,venue,doi,url,tags,abstract,provider,decision_source,llm_confidence,llm_review_outcome,llm_change_direction,paper_id
discarded,Why interaction is more powerful than algorithms,Peter W. Wegner,1997,Communications of the ACM,10.1145/253769.253801,https://openalex.org/W2141955344,adjacent-subtopic,"The article goes into the reason behind interaction being more powerful than algorithms. Interaction is a more powerful paradigm than rule-based algorithms for computer problem-solving, overturning the prevailing view that all computing is expressible as algorithms. The paradigm shift from algorithms to interaction captures the technology shift from mainframes to workstations and networks, from number-crunching to embedded systems and graphical user interfaces, and from procedure-oriented to object-based and distributed programming. The radical notion that interactive systems are more powerful problem-solving engines than algorithms is the basis for a new paradigm for computing technology built around the unifying concept of interaction. Whereas interaction histories express the external unfolding of events in time, instruction-execution histories express an ordering of inner events of an algorithm without any relation to the actual passage of time. Algorithmic time is intentionally measured by number of instructions executed, rather than by the actual time taken by execution.",openalex,llm,0.930,unreviewed,,doi:10.1145/253769.253801
discarded,"Motives for choosing, switching and stopping daily or event‐driven pre‐exposure prophylaxis – a qualitative analysis",Hanne M. L. Zimmermann; Sanne W Eekman; Roel Achterbergh; Maarten F. Schim van der Loeff; Maria Prins; Henry J.C. de Vries; Elske Hoornenborg; Udi Davidovich,2019,Journal of the International AIDS Society,10.1002/jia2.25389,https://openalex.org/W2980481820,off-topic-false-hit,"INTRODUCTION: In settings where both daily and event-driven pre-exposure prophylaxis (PrEP) are offered to men who have sex with men (MSM), a clear understanding of the motives to choose between the different dosing-regimens can facilitate more effective PrEP implementation. We therefore studied the motives for choosing for, switching between, and stopping daily or event-driven PrEP. METHODS: We used data (August 2015-June 2017) from the prospective, longitudinal, open-label Amsterdam PrEP demonstration study, in which daily (dPrEP) and event-driven PrEP (edPrEP) were offered to 374 HIV-negative MSM and two transgender persons. Participants self-selected the preferred PrEP-regimen at baseline and could switch regimens at three-monthly follow-up visits. We measured motives for choosing PrEP-regimen at baseline and for switching and stopping PrEP at follow-up visits. Open- and closed-end items were combined and qualitatively analysed. RESULTS: Choices of PrEP-regimens were determined by personal and contextual factors, involving the perceived self-efficacy concerning adherence, the risk-context, and the anticipated impact of PrEP on physical and sexual wellbeing. dPrEP was preferred because of the anticipated better adherence and the fear of side-effects relating to edPrEP re-initiations. Moreover, dPrEP was perceived to be more effective than edPrEP. Motives to choose edPrEP were the expected physical burden of dPrEP, anticipated side-effects of dPrEP, and fear to forget daily doses. Regarding the risk-context: dPrEP was preferred for unplanned and/or frequent sex, while edPrEP was chosen when risk was predictable and/or less frequent. While some chose for dPrEP to gain more sexual freedom, others chose for edPrEP to minimize sexual risk episodes. Changes in the above factors, such as changing risk patterns, changing relationships or changing physical conditions, resulted in switching regimens. Choices to stop PrEP were related to lower sexual risk, adherence issues and side-effects. CONCLUSIONS: The great diversity of motives illustrates the importance of offering a choice of PrEP-regimens. In counselling of MSM starting PrEP, choices for PrEP-regimens may be addressed as a continuum of flexible and changeable options over time. This may help individuals choose the PrEP-regimen that best fits their current sexual context, priorities and personal capabilities and therefore will be more easily adhered to.",openalex,llm,1.000,unreviewed,,doi:10.1002/jia2.25389
discarded,Intraoral Scanner Technologies: A Review to Make a Successful Impression,Raphaël Richert; Alexis Goujat; Laurent Venet; Gilbert Viguié; Stéphane Viennot; Philip Robinson; Jean‐Christophe Farges; Michel . Auteur du texte Fages; Maxime Ducret,2017,Journal of Healthcare Engineering,10.1155/2017/8427595,https://openalex.org/W2750624034,off-topic-false-hit,"To overcome difficulties associated with conventional techniques, impressions with IOS (intraoral scanner) and CAD/CAM (computer-aided design and manufacturing) technologies were developed for dental practice. The last decade has seen an increasing number of optical IOS devices, and these are based on different technologies; the choice of which may impact on clinical use. To allow informed choice before purchasing or renewing an IOS, this article summarizes first the technologies currently used (light projection, distance object determination, and reconstruction). In the second section, the clinical considerations of each strategy such as handling, learning curve, powdering, scanning paths, tracking, and mesh quality are discussed. The last section is dedicated to the accuracy of files and of the intermaxillary relationship registered with IOS as the rendering of files in the graphical user interface is often misleading. This overview leads to the conclusion that the current IOS is adapted for a common practice, although differences exist between the technologies employed. An important aspect highlighted in this review is the reduction in the volume of hardware which has led to an increase in the importance of software-based technologies.",openalex,llm,1.000,unreviewed,,doi:10.1155/2017/8427595
discarded,What Do CS1 Syllabi Reveal About Our Expectations of Introductory Programming Students?,Brett A. Becker; Thomas Fitzpatrick,2019,,10.1145/3287324.3287485,https://openalex.org/W2917563899,adjacent-subtopic,"A well-received ITiCSE 2016 paper challenged the orthodox view that programming is hard to learn. It contended that CS1 educators' expectations are too high, which can result in poor teaching and learning, and could impact negatively on diversity and equity. The author posed a challenge to the community to collect research-based evidence of what novice programmers can achieve, and use evidence to derive realistic expectations for achievement. We argue that before rising to this challenge we must determine: What exactly do educators expect of introductory programming students? This paper presents our efforts toward answering this question. We manually curated hundreds of CS1 syllabi, providing a fresh perspective of expectation in CS1 courses. We analyzed learning outcomes and their concepts, in addition to languages utilized and other useful CS1 design and delivery information. This work contributes to a current picture of what is expected of introductory programming students, and provides an interactive online tool linked to all collected syllabi and containing all learning outcomes and other associated information. We hope this will aid the community in deciding whether or not we have unrealistic expectations of our CS1 students and if so, our contributions provide a starting point for the community to adjust them.",openalex,llm,0.910,unreviewed,,doi:10.1145/3287324.3287485
discarded,A graphical user interface for Boolean query specification,Steve Jones; Shona McInnes; Mark S. Staveley,1999,International Journal on Digital Libraries,10.1007/s007990050048,https://openalex.org/W2035490485,off-topic-false-hit,,openalex,llm,0.980,unreviewed,,doi:10.1007/s007990050048
discarded,New tools for calibrating diffraction setups,Jérôme Kieffer; Valentin Valls; Nils Blanc; Christoph Hennig,2020,Journal of Synchrotron Radiation,10.1107/s1600577520000776,https://openalex.org/W3007018172,off-topic-false-hit,"New calibration tools in the pyFAI suite for processing scattering experiments acquired with area detectors are presented. These include a new graphical user interface for calibrating the detector position in a scattering experiment performed with a fixed large area detector, as well as a library to be used in Jupyter notebooks for calibrating the motion of a detector on a goniometer arm (or any other moving table) to perform diffraction experiments.",openalex,llm,0.990,unreviewed,,doi:10.1107/s1600577520000776
discarded,FullProfAPP : a graphical user interface for the streamlined automation of powder diffraction data analysis,Oier Arcelus; Juan Rodríguez-Carvajal; Nebil A. Katcho; Marine Reynaud; Ashley P. Black; Dimitrios Chatzogiannakis; Carlos Frontera; Jon Serrano‐Sevillano; Maha Ismail; Javier Carrasco; François Fauth; M. Rosa Palacín; Montse Casas‐Cabanas,2024,Journal of Applied Crystallography,10.1107/s1600576724006885,https://openalex.org/W4402831459,off-topic-false-hit,"FullProfAPP is a software tool for data processing, refinement and visualization of large collections of powder diffraction patterns. Featuring an intuitive graphical user interface, it seamlessly facilitates a variety of tasks. These include conducting full-profile phase searches, sequential and high-throughput Rietveld refinements, and managing background (and peak) detection. FullProfAPP also provides convenient interaction with crystallographic databases and supports the visualization and export of high-quality pixel and vector graphics depicting the refinement results, among other functionalities. FullProfAPP wraps around the refinement program FullProf [Rodríguez-Carvajal (1993), Physica B , 192 , 55–69] and offers the flexibility of user-defined workflows by accessing and editing FullProf 's input files and triggering its execution as necessary. FullProfAPP is distributed as open-source software and is presently available for Windows and Linux operating systems.",openalex,llm,0.990,unreviewed,,doi:10.1107/s1600576724006885
discarded,Decision Support for Blockchain Platform Selection: Three Industry Case Studies,Siamak Farshidi; Slinger Jansen; Sergio España; J.R.Q. Verkleij,2020,IEEE Transactions on Engineering Management,10.1109/tem.2019.2956897,https://openalex.org/W2998877372,adjacent-subtopic,"Blockchain technology has received significant attention recently, as it offers a reliable decentralized infrastructure for all kinds of business transactions. Software-producing organizations are increasingly considering blockchain technology for inclusion into their software products. Selecting the best fitting blockchain platform requires the assessment of its functionality, adaptability, and compatibility to the existing software product. Novice software developers and architects are not experts in every domain, so they should either consult external experts or acquire knowledge themselves. The decision-making process gets more complicated as the number of decision-makers, alternatives, and criteria increases. Hence, a decision model is required to externalize and organize knowledge regarding the blockchain platform selection context. Recently, we designed a decision support system to use such decision models to support decision-makers with their technology selection problems in software production. In this article, we introduce a decision model for the blockchain platform selection problem. The decision model has been evaluated through three real-world case studies at three software-producing organizations. The case-study participants asserted that the approach provides significantly more insight into the blockchain platform selection process, provides a richer prioritized option list than if they had done their research independently, and reduces the time and cost of the decision-making process.",openalex,llm,0.960,unreviewed,,doi:10.1109/tem.2019.2956897
discarded,"Novice Rationales for Sketching and Tracing, and How They Try to Avoid It",Kathryn Irene Cunningham; Shannon Ke; Mark Guzdial; Barbara Jane Ericson,2019,,10.1145/3304221.3319788,https://openalex.org/W2963654382,adjacent-subtopic,"Prior research has shown that sketching out a code trace on paper is correlated with higher scores on code reading problems. Why do students sometimes choose not to draw out a code trace, or if they do, choose a different sketching technique than their instructor has demonstrated? In this study, we interviewed 13 CS1 students retrospectively about their decisions to sketch and draw on a recent programming exam. When students do sketch, we find that their sketching choices do not always align with a strict execution of the notional machine. Sketching choices are driven by a search for a program's patterns, an attempt to create organizational structure among intermediate values, and the tracking of prior steps and results. When novices don't sketch, they often report that they've identified the goal that the code achieves. In either case, novices are searching for the functionality of code, rather than merely tracing its behavior.",openalex,llm,0.960,unreviewed,,doi:10.1145/3304221.3319788
discarded,Novice Programmers and the Problem Description Effect,Dennis J. Bouvier; Ellie Lovellette; John Matta; Bedour Alshaigy; Brett A. Becker; Michelle L. Craig; Jana Jacková; Robert McCartney; Kate Sanders; Mark Zarb,2016,,10.1145/3024906.3024912,https://openalex.org/W2587751095,adjacent-subtopic,"It is often debated whether a problem presented in a straightforward minimalist fashion is better, or worse, for learning than the same problem presented with a ""real-life"" or ""concrete"" context. The presentation, contextualization, or ""problem description"" has been well studied over several decades in disciplines such as mathematics education and psychology; however, little has been published in the field of computing education. In psychology it has been found that not only the presence of context, but the type of context can have dramatic results on problem success. In mathematics education it has been demonstrated that there are non-mathematical factors in problem presentation that can affect success in solving the problem and learning. The contextual background of a problem can also impact cognitive load, which should be considered when evaluating the effects of context. Further, it has been found that regarding cognitive load, computer science has unique characteristics compared to other disciplines, with the consequence that results from other disciplines may not apply to computer science, thus requiring investigation within computer science.",openalex,llm,0.960,unreviewed,,doi:10.1145/3024906.3024912
discarded,An Evaluation Tool for Machine Translation: Fast Evaluation for MT Research,Sonja Nießen; Franz Josef Och; Gregor Leusch; Hermann Ney,2000,,10.63317/56t9t4rchhar,https://openalex.org/W1529616844,off-topic-false-hit,"In this paper we present a tool for the evaluation of translation quality.First, the typical requirements of such a tool in the framework of machine translation (MT) research are discussed.We define evaluation criteria which are more adequate than pure edit distance and we describe how the measurement along these quality criteria is performed semi-automatically in a fast, convenient and above all consistent way using our tool and the corresponding graphical user interface.",openalex,llm,0.990,unreviewed,,doi:10.63317/56t9t4rchhar
discarded,"ReciPro : free and open-source multipurpose crystallographic software integrating a crystal model database and viewer, diffraction and microscopy simulators, and diffraction data analysis tools",Yusuke Seto; Masahiro Ohtsuka,2022,Journal of Applied Crystallography,10.1107/s1600576722000139,https://openalex.org/W4214759001,off-topic-false-hit,"ReciPro is a comprehensive multipurpose crystallographic program equipped with an intuitive graphical user interface (GUI), and it is completely free and open source. This software has a built-in crystal database consisting of over 20 000 crystal models, and the visualization system can seamlessly display a specified crystal model as an attractive three-dimensional graphic. The comprehensive features are not confined to these crystal model databases and viewers. It can smoothly and quantitatively simulate not only single-crystal and/or polycrystalline (powder) diffraction patterns of X-ray, electron and neutron diffraction of a selected crystal model, based on the kinematic scattering theory, but also various electron diffraction patterns and high-resolution transmission electron microscopy (TEM) images, based on the dynamical scattering theory. The features of stereographic projection of crystal planes/axes to explore crystal orientation relationships and the semi-automatic diffraction spot indexing function for experimental diffraction patterns assist diffraction experiments and analyses. These features are linked through a user-friendly GUI, and the results can be synchronously displayed almost in real time. ReciPro will assist a wide range of crystallographers (including beginners) using X-ray, electron and neutron diffraction crystallography and TEM.",openalex,llm,0.990,unreviewed,,doi:10.1107/s1600576722000139
discarded,Visualization of search results,Marc M. Sebrechts; John V. Cugini; Sharon J. Laskowski; J Vasilakis; Michael S. Miller,1999,,10.1145/312624.312634,https://openalex.org/W2083434792,off-topic-false-hit,"Although there have been many prototypes of visualization in support of information retrieval, there has been little systematic evaluation that distinguishes the benefits of the visualization per se from that of various accompanying features.The current study focuses on such an evaluation of NIRVE, a tool that supports visualization of search results.Insofar as possible, functionally equivalent 3D, 2D, and text versions of NIRVE were implemented.Nine novices and six professional users completed a series of information-seeking tasks on a set of retrieved documents.There were high interface costs for the 3D visualization, although those costs decreased substantially with experience.Performance was best when the tool's properties matched task demands; only under the right combination of task, user, and interface did 3D visualization result in performance comparable to functionally matched 2D and textual tools.",openalex,llm,0.980,unreviewed,,doi:10.1145/312624.312634
discarded,Power Systems Resilience Assessment: Hardening and Smart Operational Enhancement Strategies,Mathaios Panteli; Dimitris N. Trakas; Pierluigi Mancarella; Nikos D. Hatziargyriou,2017,Proceedings of the IEEE,10.1109/jproc.2017.2691357,https://openalex.org/W2613791018,off-topic-false-hit,"Power systems have typically been designed to be reliable to expected, low-impact high-frequency outages. In contrast, extreme events, driven for instance by extreme weather and natural disasters, happen with low-probability, but can have a high impact. The need for power systems, possibly the most critical infrastructures in the world, to become resilient to such events is becoming compelling. However, there is still little clarity as to this relatively new concept. On these premises, this paper provides an introduction to the fundamental concepts of power systems resilience and to the use of hardening and smart operational strategies to improve it. More specifically, first the resilience trapezoid is introduced as visual tool to reflect the behavior of a power system during a catastrophic event. Building on this, the key resilience features that a power system should boast are then defined, along with a discussion on different possible hardening and smart, operational resilience enhancement strategies. Further, the so-called ΦΛEΠ resilience assessment framework is presented, which includes a set of resilience metrics capable of modeling and quantifying the resilience performance of a power system subject to catastrophic events. A case study application with a 29-bus test version of the Great Britain transmission network is carried out to investigate the impacts of extreme windstorms. The effects of different hardening and smart resilience enhancement strategies are also explored, thus demonstrating the practicality of the different concepts presented.",openalex,llm,1.000,unreviewed,,doi:10.1109/jproc.2017.2691357
