status,title,authors,year,venue,doi,url,tags,abstract,provider,decision_source,llm_confidence,llm_review_outcome,llm_change_direction,paper_id
discarded,Research and Implementation of Model Engineering Environment Integration Based on OpenMBEE,"Xue, Junjie; Zhou, Junhua; Shi, Guoqiang; Feng, Chaoqun; Xu, Lin; Liu, Penghua; Quan, Hongyan",2022,"METHODS AND APPLICATIONS FOR MODELING AND SIMULATION OF COMPLEX SYSTEMS, ASIASIM 2022, PT I",10.1007/978-981-19-9198-1_11,https://www.webofscience.com/wos/woscc/full-record/WOS:001862031300011,adjacent-subtopic,"Aiming at the problem of integrating open tools in a user development environment in complex product design, an integration strategy of model engineering environment based on OpenMBEE is studied. It is based on the technologies of user identity unified authentication and user interaction data collaboration. Specifically, in the solution of unified identity authentication on cross-platform, the extended controller method is provided based on the message queue information flow mechanism. Then, the separation of business logic, data information, and interactive view of user unified authentication are realized, on the basis, that the function of unified identity authentication is realized by using the Software Development Kit (SDK) of OpenMBEE. Besides, in the study of user interaction data collaboration technology, three-layer collaborationmechanisms are proposed, they are the presentation layer collaboration, the business layer collaboration, and the persistence layer collaboration. When the jQuery programming framework is integrated into the bootstrap front-end framework, combing with the OpenMBEE back-end server interface, the collaboration of user interaction data is realized. Through experiments and project practice analysis, the user unified authentication strategy and user interactive collaboration strategy are tested respectively for proving the effectiveness and feasibility of the proposed method.",wos,llm,0.880,unreviewed,,doi:10.1007/978-981-19-9198-1_11
kept,Lowering Barriers to Application Development With Cloud-Native Domain-Specific Functions,"Perez-Alvarez, Jose Miguel; Mos, Adrian; Hanrahan, Benjamin, V; Adenuga, Iyadunni J.",2022,2022 ACM/IEEE 44TH INTERNATIONAL CONFERENCE ON SOFTWARE ENGINEERING: SOFTWARE ENGINEERING IN SOCIETY (ICSE-SEIS 2022),10.1145/3510458.3513017,https://www.webofscience.com/wos/woscc/full-record/WOS:000850206000011,supports-claim,"Creating and maintaining a modern, heterogeneous set of client applications remains an obstacle for many businesses and individuals. While simple domain-specific graphical languages and libraries can empower a variety of users to create application behaviors and logic, using these languages to produce and maintain a set of heterogeneous client applications is a challenge. Primarily because each client typically requires the developers to both understand and embed the domain-specific logic. This is because application logic must be encoded to some extent in both the server and client sides.

In this paper, we propose an alternative approach, which allows the specification of application logic to reside solely on the cloud. We have built a system where reusable application components can be assembled on the cloud in different logical chains and the client is largely decoupled from this logic and is solely concerned with how data is displayed and gathered from users of the application. In this way, the chaining of requests and responses is done by the cloud and the client side has no knowledge of the application logic. This means that the experts in the domain can build these modular cloud components, arrange them in various logical chains, generate a simple user interface to test the application, and later leave it to client-side developers to customize the presentation and gathering of data types to and from the user.

An additional effect of our approach is that the client side developer is able to immediately see any changes they make, while executing the logic residing on the cloud. This further allows more novice programmers to perform these customizations, as they do not need to 'get the full application working' and are able to see the results of their code as they go, thereby lowering the obstacles to businesses and individuals to produce and maintain applications. Furthermore, this decoupling enables the quick generation and customization of a variety of application clients, ranging from web to mobile devices and personal assistants, while customizing one or more as needed.",wos,llm,0.910,unreviewed,,doi:10.1145/3510458.3513017
discarded,Design and Implementation of Intelligent English Electronic Dictionary System Based on Internet of Things,"Yong, Wenming",2021,WIRELESS COMMUNICATIONS & MOBILE COMPUTING,10.1155/2021/5586662,https://www.webofscience.com/wos/woscc/full-record/WOS:000661132900001,adjacent-subtopic,"In this paper, the intelligent English electronic dictionary system is studied to design and implement the electronic dictionary system according to the advantages of the Internet of Things. The software architecture, the design, and implementation of the client and server-side and related technologies in the development process of the dictionary application are used as the research content to comprehensively discuss the development process of the electronic dictionary. The client and server-side is based on C/S technology architecture, and the server-side is a standard Maven Web project, which is managed by Maven and does not cause conflicts; the model-view-controller framework is built using Spring MVC to achieve the separation of user interface and application logic. Spring MVC is used to build a model-view-controller framework to separate user interface and application logic. Spring dependency injection is used to build a loosely coupled project, which helps to separate project components; Spring Data JPA is used to build a persistence layer to facilitate data access and maximize the developer's ability to automatically realize logical operations on data. After the overall performance test of the system, the performance is good under the platform, and the intelligence of trilingual word query is achieved, and the quickness and ease of use meet the requirements that can be applied.",wos,llm,0.890,unreviewed,,doi:10.1155/2021/5586662
discarded,Implementation of scalable and automatic Earth observation ground system,"Xie, Jibo; Li, Guoqing",2019,"PROCEEDINGS OF 2019 IEEE 3RD INFORMATION TECHNOLOGY, NETWORKING, ELECTRONIC AND AUTOMATION CONTROL CONFERENCE (ITNEC 2019)",10.1109/itnec.2019.8729544,https://www.webofscience.com/wos/woscc/full-record/WOS:000491352900079,adjacent-subtopic,"Satellite Ground System (GS) is one of the most important components of Earth Observation (EO) infrastructure with functions of antenna control, data reception, data processing, archiving, data transmission and distribution etc. The GS architecture has evolved from the dedicated satellite receiving system to the multi-mission comprehensive system. The new generation GS should support comprehensive EO applications based on inter-agency cross-system interoperability between different EO application systems. To deal with the performance enhancement of EO satellites, many studies have been done to enhance the capacity and scalability of the new generation EO GSs. The former tightly coupled GS architecture had dedicated software for specific tasks and poor scalability that was difficult to implement the inter-agency cross-system interoperability between different EO application systems. Web services and open standards make it possible to develop the open and interoperable EO GS. This paper proposes an architectural framework for interoperable GS system implementation based on open standards. The multi-layer architecture was used to decouple the tightly integrated GS and implement the function modules into GS web services. The architecture consists of physical resource layer, module implementation layer, the interoperability layer, business logic layer, and user interface la y er. Service-based workflow technology was used to compose and chain the processing process of the EO ground service into the complete business process. An experiment GS test bed was developed to test the CS architecture proposed in the paper.",wos,llm,0.960,unreviewed,,doi:10.1109/itnec.2019.8729544
kept,ADVANCED USER INTERFACE GENERATION IN THE SOFTWARE FRAMEWORK FOR MAGNETIC MEASUREMENTS AT CERN,"Arpaia, Pasquale; Fiscarelli, Lucio; La Commara, Giuseppe",2010,METROLOGY AND MEASUREMENT SYSTEMS,,https://www.webofscience.com/wos/woscc/full-record/WOS:000277755500003,supports-claim,"A model-based approach, the Model-View-Interactor Paradigm, for automatic generation of user interfaces in software frameworks for measurement systems is proposed. The Model-View-Interactor Paradigm is focused on the ""interaction"" typical in a software framework for measurement applications: the final user interacts with the automatic measurement system executing a suitable high-level script previously written by a test engineer. According to the main design goal of frameworks, the proposed approach allows the user interfaces to be separated easily from the application logic for enhancing the flexibility and reusability of the software. As a practical case study, this approach has been applied to the flexible software framework for magnetic measurements at the European Organization for Nuclear research (CERN). In particular, experimental results about the scenario of permeability measurements are reported.",wos,llm,0.970,unreviewed,,hash:f09ae224f7e8fe70
kept,AUTOMATICALLY-GENERATED USER INTERFACES FOR MEASUREMENT SOFTWARE FRAMEWORKS: A CASE STUDY ON MAGNETIC PERMABILITY AT CERN,"Arpaia, Pasquale; Buzio, Marco; Fiscarelli, Lucio; Inglese, Vitaliano; La Commara, Giuseppe",2009,"XIX IMEKO WORLD CONGRESS: FUNDAMENTAL AND APPLIED METROLOGY, PROCEEDINGS",,https://www.webofscience.com/wos/woscc/full-record/WOS:000275561600081,supports-claim,"A technique for generating user interfaces in software frameworks for automatic measurement systems is proposed. The user interface is separated from the application logic with the aim of enhancing flexibility and reusability of the software. A Model-View-Interactor paradigm focuses on the ""interaction"" between the automatic measurement system, executing test script written by a test engineer, and the application user. This approach has been applied to the flexible software framework for magnetic measurements at the European Organization for Nuclear Research (CERN). Experimental results on the application of the proposed technique to a case study of permeability measurement are reported.",wos,llm,0.970,unreviewed,,hash:2235bc7dfb212e8d
kept,Chat robots with a business mind,"George, B; Siva, S",2001,"IC-AI'2001: PROCEEDINGS OF THE INTERNATIONAL CONFERENCE ON ARTIFICIAL INTELLIGENCE, VOLS I-III",,https://www.webofscience.com/wos/woscc/full-record/WOS:000173960400029,supports-claim,"In this work, we explain the design of a chat robot that is specifically tailored for providing business information. The chat robot accepts natural language input from users, navigates through the information content and responds with business information in natural language. We model the information content by a connected graph where the nodes contain information and links interrelates the information nodes. An AIML like specification language is also developed for authoring the information content. Our chat robot design separates the information content from the natural language interface component. Consequently, the information content can be easily modified without having to re-create and test the entire natural language interface. Further, multilingual capability can be added by simply defining interface component for each language supported. The information content can also be accessed just like regular web pages using a World-Wide-Web interface. Unlike conventional chat robots that are often designed to engage in conversation regardless of the topic, the proposed chat robot has built in mechanisms to remain focused on business related matters. Further, the proposed chat robots can promote any of the ""preferred"" products and services based on the business logic and can inherit the general knowledge and user friendliness of a conventional chat robot.",wos,llm,0.780,unreviewed,,hash:0ceb947ae5e6cbc1
discarded,Analysis of methods and models for implementing databases and web interfaces: a case study of student management information systems,L. Romaniuk,2025,Ceur Workshop Proceedings,,https://www.scopus.com/inward/record.uri?partnerID=HzOxMe3b&scp=105037399800&origin=inward,adjacent-subtopic,,scopus,llm,0.720,unreviewed,,hash:342d743654f1e364
discarded,"Practical Application Development with AppRun Building Reliable, High-Performance Web Apps Using Elm-Inspired Architecture, Event Pub-Sub, and Components",Y. Sun,2019,Practical Application Development with Apprun Building Reliable High Performance Web Apps Using Elm Inspired Architecture Event Pub Sub and Components,10.1007/978-1-4842-4069-4,https://www.scopus.com/inward/record.uri?partnerID=HzOxMe3b&scp=105003519070&origin=inward,adjacent-subtopic,,scopus,llm,0.720,unreviewed,,doi:10.1007/978-1-4842-4069-4
discarded,Dexen: A scalable and extensible platform for experimenting with population-based design exploration algorithms,P. Janssen,2015,Artificial Intelligence for Engineering Design Analysis and Manufacturing AIEDAM,10.1017/S0890060415000438,https://www.scopus.com/inward/record.uri?partnerID=HzOxMe3b&scp=84948131264&origin=inward,adjacent-subtopic,,scopus,llm,0.950,unreviewed,,doi:10.1017/s0890060415000438
discarded,Design and implementation of GUI automated testing framework based on XML,B. Mu,2009,2009 Wri World Congress on Software Engineering Wcse 2009,10.1109/WCSE.2009.91,https://www.scopus.com/inward/record.uri?partnerID=HzOxMe3b&scp=72849146974&origin=inward,adjacent-subtopic,,scopus,llm,0.930,unreviewed,,doi:10.1109/wcse.2009.91
discarded,A framework for automatic generation of web-based data entry applications based on XML,V. Turau,2002,Proceedings of the ACM Symposium on Applied Computing,10.1145/508791.509011,https://www.scopus.com/inward/record.uri?partnerID=HzOxMe3b&scp=0036040427&origin=inward,adjacent-subtopic,,scopus,llm,0.910,unreviewed,,doi:10.1145/508791.509011
discarded,"Guided, stochastic model-based GUI testing of Android apps",Ting Su; Guozhu Meng; Yuting Chen; Ke Wu; Weiming Yang; Yao Yao; Geguang Pu; Yang Liu; Zhendong Su,2017,,10.1145/3106237.3106298,https://openalex.org/W2740742367,adjacent-subtopic,"Mobile apps are ubiquitous, operate in complex environments and are developed under the time-to-market pressure. Ensuring their correctness and reliability thus becomes an important challenge. This paper introduces Stoat, a novel guided approach to perform stochastic model-based testing on Android apps. Stoat operates in two phases: (1) Given an app as input, it uses dynamic analysis enhanced by a weighted UI exploration strategy and static analysis to reverse engineer a stochastic model of the app's GUI interactions; and (2) it adapts Gibbs sampling to iteratively mutate/refine the stochastic model and guides test generation from the mutated models toward achieving high code and model coverage and exhibiting diverse sequences. During testing, system-level events are randomly injected to further enhance the testing effectiveness.",openalex,llm,0.950,unreviewed,,doi:10.1145/3106237.3106298
kept,Guided GUI testing of android apps with minimal restart and approximate learning,Wontae Choi; George C. Necula; Koushik Sen,2013,,10.1145/2509136.2509552,https://openalex.org/W2091932246,supports-claim,"Smartphones and tablets with rich graphical user interfaces (GUI) are becoming increasingly popular. Hundreds of thousands of specialized applications, called apps, are available for such mobile platforms. Manual testing is the most popular technique for testing graphical user interfaces of such apps. Manual testing is often tedious and error-prone. In this paper, we propose an automated technique, called Swift-Hand, for generating sequences of test inputs for Android apps. The technique uses machine learning to learn a model of the app during testing, uses the learned model to generate user inputs that visit unexplored states of the app, and uses the execution of the app on the generated inputs to refine the model. A key feature of the testing algorithm is that it avoids restarting the app, which is a significantly more expensive operation than executing the app on a sequence of inputs. An important insight behind our testing algorithm is that we do not need to learn a precise model of an app, which is often computationally intensive, if our goal is to simply guide test execution into unexplored parts of the state space. We have implemented our testing algorithm in a publicly available tool for Android apps written in Java. Our experimental results show that we can achieve significantly better coverage than traditional random testing and L*-based testing in a given time budget. Our algorithm also reaches peak coverage faster than both random and L*-based testing.",openalex,llm,0.920,unreviewed,,doi:10.1145/2509136.2509552
discarded,Guided GUI testing of android apps with minimal restart and approximate learning,Wontae Choi; George C. Necula; Koushik Sen,2013,ACM SIGPLAN Notices,10.1145/2544173.2509552,https://openalex.org/W3004939941,adjacent-subtopic,"Smartphones and tablets with rich graphical user interfaces (GUI) are becoming increasingly popular. Hundreds of thousands of specialized applications, called apps, are available for such mobile platforms. Manual testing is the most popular technique for testing graphical user interfaces of such apps. Manual testing is often tedious and error-prone. In this paper, we propose an automated technique, called Swift-Hand , for generating sequences of test inputs for Android apps. The technique uses machine learning to learn a model of the app during testing, uses the learned model to generate user inputs that visit unexplored states of the app, and uses the execution of the app on the generated inputs to refine the model. A key feature of the testing algorithm is that it avoids restarting the app, which is a significantly more expensive operation than executing the app on a sequence of inputs. An important insight behind our testing algorithm is that we do not need to learn a precise model of an app, which is often computationally intensive, if our goal is to simply guide test execution into unexplored parts of the state space. We have implemented our testing algorithm in a publicly available tool for Android apps written in Java. Our experimental results show that we can achieve significantly better coverage than traditional random testing and L*-based testing in a given time budget. Our algorithm also reaches peak coverage faster than both random and L*-based testing.",openalex,llm,0.880,unreviewed,,doi:10.1145/2544173.2509552
discarded,Hierarchical GUI test case generation using automated planning,Azhar M. Memon; Martha E. Pollack; Mary Lou Soffa,2001,IEEE Transactions on Software Engineering,10.1109/32.908959,https://openalex.org/W2167762898,adjacent-subtopic,"The widespread use of GUIs for interacting with software is leading to the construction of more and more complex GUIs. With the growing complexity come challenges in testing the correctness of a GUI and its underlying software. We present a new technique to automatically generate test cases for GUIs that exploits planning, a well-developed and used technique in artificial intelligence. Given a set of operators, an initial state, and a goal state, a planner produces a sequence of the operators that will transform the initial state to the goal state. Our test case generation technique enables efficient application of planning by first creating a hierarchical model of a GUI based on its structure. The GUI model consists of hierarchical planning operators representing the possible events in the GUI. The test designer defines the preconditions and effects of the hierarchical operators, which are input into a plan-generation system. The test designer also creates scenarios that represent typical initial and goal states for a GUI user. The planner then generates plans representing sequences of GUI interactions that a user might employ to reach the goal state from the initial state. We implemented our test case generation system, called Planning Assisted Tester for Graphical User Interface Systems (PATHS) and experimentally evaluated its practicality and effectiveness. We describe a prototype implementation of PATHS and report on the results of controlled experiments to generate test cases for Microsoft's WordPad.",openalex,llm,0.930,unreviewed,,doi:10.1109/32.908959
