status,title,authors,year,venue,doi,url,tags,abstract,provider,decision_source,llm_confidence,llm_review_outcome,llm_change_direction,paper_id
discarded,Simulation in healthcare education: A best evidence practical guide. AMEE Guide No. 82,Ivette Motola; Luke Devine; Hyun Soo Chung; John E. Sullivan; Saul Barry Issenberg,2013,Medical Teacher,10.3109/0142159x.2013.818632,https://openalex.org/W2135003856,off-topic-false-hit,"Over the past two decades, there has been an exponential and enthusiastic adoption of simulation in healthcare education internationally. Medicine has learned much from professions that have established programs in simulation for training, such as aviation, the military and space exploration. Increased demands on training hours, limited patient encounters, and a focus on patient safety have led to a new paradigm of education in healthcare that increasingly involves technology and innovative ways to provide a standardized curriculum. A robust body of literature is growing, seeking to answer the question of how best to use simulation in healthcare education. Building on the groundwork of the Best Evidence in Medical Education (BEME) Guide on the features of simulators that lead to effective learning, this current Guide provides practical guidance to aid educators in effectively using simulation for training. It is a selective review to describe best practices and illustrative case studies. This Guide is the second part of a two-part AMEE Guide on simulation in healthcare education. The first Guide focuses on building a simulation program, and discusses more operational topics such as types of simulators, simulation center structure and set-up, fidelity management, and scenario engineering, as well as faculty preparation. This Guide will focus on the educational principles that lead to effective learning, and include topics such as feedback and debriefing, deliberate practice, and curriculum integration - all central to simulation efficacy. The important subjects of mastery learning, range of difficulty, capturing clinical variation, and individualized learning are also examined. Finally, we discuss approaches to team training and suggest future directions. Each section follows a framework of background and definition, its importance to effective use of simulation, practical points with examples, and challenges generally encountered. Simulation-based healthcare education has great potential for use throughout the healthcare education continuum, from undergraduate to continuing education. It can also be used to train a variety of healthcare providers in different disciplines from novices to experts. This Guide aims to equip healthcare educators with the tools to use this learning modality to its full capability.",openalex,llm,1.000,unreviewed,,doi:10.3109/0142159x.2013.818632
discarded,Building machines that learn and think like people,Brenden M. Lake; Tomer David Ullman; Joshua B. Tenenbaum; Samuel J. Gershman,2016,Behavioral and Brain Sciences,10.1017/s0140525x16001837,https://openalex.org/W2328078142,off-topic-false-hit,"Recent progress in artificial intelligence has renewed interest in building systems that learn and think like people. Many advances have come from using deep neural networks trained end-to-end in tasks such as object recognition, video games, and board games, achieving performance that equals or even beats that of humans in some respects. Despite their biological inspiration and performance achievements, these systems differ from human intelligence in crucial ways. We review progress in cognitive science suggesting that truly human-like learning and thinking machines will have to reach beyond current engineering trends in both what they learn and how they learn it. Specifically, we argue that these machines should (1) build causal models of the world that support explanation and understanding, rather than merely solving pattern recognition problems; (2) ground learning in intuitive theories of physics and psychology to support and enrich the knowledge that is learned; and (3) harness compositionality and learning-to-learn to rapidly acquire and generalize knowledge to new tasks and situations. We suggest concrete challenges and promising routes toward these goals that can combine the strengths of recent neural network advances with more structured cognitive models.",openalex,llm,1.000,unreviewed,,doi:10.1017/s0140525x16001837
discarded,The role of social and human capital among nascent entrepreneurs,Per Davidsson; Benson Honig,2003,Journal of Business Venturing,10.1016/s0883-9026(02)00097-6,https://openalex.org/W1486100616,off-topic-false-hit,,openalex,llm,1.000,unreviewed,,doi:10.1016/s0883-9026(02)00097-6
discarded,Gentle Introduction to Artificial Intelligence for High-School Students Using Scratch,Julián Estévez; Gorka Garate; Manuel Graña,2019,IEEE Access,10.1109/access.2019.2956136,https://openalex.org/W2989860017,adjacent-subtopic,"The importance of educating the next generations in the understanding of the fundamentals of the upcoming scientific and technological innovations that will force a broad social and economical paradigm change can not be overstressed. One such breakthrough technologies is Artificial Intelligence (AI), specifically machine learning algorithms. Nowadays, the public has little understanding of the workings and implications of AI techniques that are already entering their lives in many ways. We aim to achieve widespread public understanding of these issues in an experiential learning framework. Following a design based research approach, we propose to implement program coding scaffoldings to teach and experiment some basic mechanisms of AI systems. Such experiments would be shedding new light into AI potentials and limitations. In this paper we focus on innovative ways to introduce high school students to the fundamentals and operation of two of the most popular AI algorithms. We describe the elements of a workshop where we provide an academic use-create-modify scaffolding where students work on the Scratch partial coding of the algorithms so they can explore the behavior of the algorithm, gaining understanding of the underlying computational thinking of AI processes. The extent of the impact on the students of this experience is measured through questionnaires filled before and after participation in the workshop. Preliminary experiments offer encouraging results, showing that the workshop has differential impact on the way students understand AI.",openalex,llm,0.880,unreviewed,,doi:10.1109/access.2019.2956136
discarded,Teaching Alice in Hawai’i: Cultural perspectives,H. Keith Edwards; Judith L. Gersting; Taupouri Tangaro,2007,"2007 37th Annual Frontiers In Education Conference - Global Engineering: Knowledge Without Borders, Opportunities Without Passports",10.1109/FIE.2007.4417815,https://ieeexplore.ieee.org/document/4417815/,"qualifies-claim; adjacent-subtopic; tool or course description, no finding on learning event-driven programming or functions as values","The Alice programming language and environment has been used successfully to teach entry level students the fundamental concepts behind object oriented programming. While there are numerous studies regarding the pedagogical effectiveness of the narrative approach offered by Alice, the incorporation of cultural perspective into the teaching of Alice presents numerous challenges and opportunities. In this paper, we discuss the challenges of implementing Hawai'ian mythology into the Alice approach, while demonstrating how the inclusion of these myths and legends into an introductory Alice course presents a natural vehicle for the narrative approach offered by this language. Finally, we discuss the instructional efficacy of this approach by exploring student survey data.",ieee,llm_reviewed,0.840,changed,kept->discarded,doi:10.1109/fie.2007.4417815
discarded,Prototyping industrial workstation in the Metaverse: a Low Cost Automation assembly use case,Federico Manuri; Nicola Gravina; Andrea Sanna; Paolo Brizzi,2022,"2022 IEEE International Conference on Metrology for Extended Reality, Artificial Intelligence and Neural Engineering (MetroXRAINE)",10.1109/MetroXRAINE54828.2022.9967626,https://ieeexplore.ieee.org/document/9967626/,off-topic-false-hit,"Low-cost Automation (LCA) represents a relevant use case that can benefit from a design and prototyping step experienced in Immersive Virtual Reality (IVR). LCA is a technology that automates some activities using mostly standard automation components available off-the-shelf. However, since LCA systems should adapt to existing standard production lines and workstations, workers need to customize standard LCA templates. This adaptation and customization step is usually performed on the real, physical LCA system, thus, it can be very time-consuming, and in case of errors it may be necessary to rebuild many parts from scratch. This paper investigates the usage of an Immersive Virtual Environment (IVE) as a tool for rapid and easy prototyping of LCA solutions. The proposed system loads from a digital library the 3D models of the components and provides users a set of tools to speed up the LCA system creation in a virtual room experienced through an IVR Headset. When the user completes the creation of the LCA system, it is possible to simulate its physical properties using the Unity 3D Physical Engine. Moreover, it is possible to obtain a list of all the pieces needed to build the prototype and their dimensions, to easily reproduce them in the real world. To assess the usability of the proposed system, a LCA building task has been defined, whereas users had to build a LCA solution using a template model for reference. Results show that the system usability has been highly appreciated by both skilled users and inexperienced ones.",ieee,llm,0.990,unreviewed,,doi:10.1109/metroxraine54828.2022.9967626
discarded,Language learning for visual and auditory learners using scratch toolkit,Sanjanaashree P; Anand Kumar M; Soman K.P,2014,2014 International Conference on Computer Communication and Informatics,10.1109/ICCCI.2014.6921765,https://ieeexplore.ieee.org/document/6921765/,off-topic-false-hit,"In recent years, with the development of technology, life has become very easy. Computers have become the life line of today's high-tech world. There is no work in our whole day without the use of computers. When we focus particularly in the field of education, people started preferring to e-books than carrying textbooks. In the phase of learning, visualization plays a major role. When the visualization tool and auditory learning comes together, it brings the in-depth understanding of data and their phoneme sequence through animation and with proper pronunciation of the words, which is far better than the people learning from the textbooks and imagining in their perspective and have their own pronunciation. Scratch with its visual, block-based programming platform is widely used among high school kids to learn programming basics. We investigated that in many schools around the world uses this scratch for students to learn programming basics. Literature review shows that students find it interesting and are very curious about it. This made us anxious towards natural language learning using scratch because of its interesting visual platform. This paper is based on the concept of visual and auditory learning. Here, we described how we make use of this scratch toolkit for learning the secondary language. We also claim that this visual learning will help people remember easily than to read as texts in books and the auditory learning helps in proper pronunciation of words rather than expecting someone's help. We have developed a scratch based tool for learning simple sentence construction of secondary language through primary language. In this paper, languages used are English (secondary language) and Tamil (primary language). This is an enterprise for language learning tool in scratch. This is applicable for other language specific exercises and can be adopted easily for other languages too.",ieee,llm,0.980,unreviewed,,doi:10.1109/iccci.2014.6921765
discarded,Block-based realtime big-data processing for smart cities,Dario Bonino; Federico Rizzo; Claudio Pastrone; José Angel Carvajal Soto; Matts Ahlsen; Mathias Axling,2016,2016 IEEE International Smart Cities Conference (ISC2),10.1109/ISC2.2016.7580768,https://ieeexplore.ieee.org/document/7580768/,adjacent-subtopic,"Administrators and operators of next generation cities will likely be required to exhibit a good understanding of technical features, data issues, and complex information that, up to few years ago, were quite far from day-to-day administration tasks. In the smart city era, the increased attention to data harvested from the city fosters a more informed approach to city administration, requiring involved operators to drive, direct and orient technological processes in the city, more effectively. Such an increasing need, requires tools and platforms that can easily and effectively be controlled by non-technical people. In this paper, an approach for enabling “easier” composition of real-time data processing pipelines in smart-cities is presented, exploiting a block-based design approach, similar to the one adopted in the Scratch programming language for elementary school students. Language primitives and corresponding REST representations are discussed, showing the viability of the approach. Future works will include experimentation of the proposed concepts in the context of a smart city pilot in Turin, Italy.",ieee,llm,0.910,unreviewed,,doi:10.1109/isc2.2016.7580768
discarded,AGE2HIE: Transfer Learning from Brain Age to Predicting Neurocognitive Outcome for Infant Brain Injury,Rina Bao; Sheng He; Ellen Grant; Yangming Ou,2025,2025 IEEE 22nd International Symposium on Biomedical Imaging (ISBI),10.1109/ISBI60581.2025.10980747,https://ieeexplore.ieee.org/document/10980747/,off-topic-false-hit,"Hypoxic-Ischemic Encephalopathy (HIE) affects 1 to 5 out of every 1,000 newborns, with 30% to 50% of cases resulting in adverse neurocognitive outcomes. However, these outcomes can only be reliably assessed as early as age 2. Therefore, early and accurate prediction of HIE-related neurocognitive outcomes using deep learning models is critical for improving clinical decision-making, guiding treatment decisions and assessing novel therapies. However, a major challenge in developing deep learning models for this purpose is the scarcity of large, annotated HIE datasets. We have assembled the first and largest public dataset, however it contains only 156 cases with 2-year neurocognitive outcome labels. In contrast, we have collected 8,859 normal brain Magnetic Resonance Imagings (MRIs) with 0–97 years of age that are available for brain age estimation using deep learning models. In this paper, we introduce AGE2HIE to transfer knowledge learned by deep learning models from healthy controls brain MRIs to a diseased cohort, from structural to diffusion MRIs, from regression of continuous age estimation to prediction of the binary neurocognitive outcomes, and from lifespan age (0–97 years) to infant (0–2 weeks). Compared to training from scratch, transfer learning from brain age estimation significantly improves not only the prediction accuracy (3% or 2% improvement in same or multi-site), but also the model generalization across different sites (5% improvement in cross-site validation).",ieee,llm,1.000,unreviewed,,doi:10.1109/isbi60581.2025.10980747
discarded,Innovative masters program “Safety of Civil Engineering Critical Infrastructures and Territories”,S. A. Timashev; V. N. Alekhin; L. V. Poluyan; E. S. Guryev,2015,2015 International Conference on Interactive Collaborative Learning (ICL),10.1109/ICL.2015.7318199,https://ieeexplore.ieee.org/document/7318199/,off-topic-false-hit,"The paper is devoted to describing a new innovative interdisciplinary two year Masters Program “Safety of Civil Engineering Critical Infrastructures and Territories” developed from scratch by the authors in the Civil Engineering Institute of the Ural Federal University. The Program is in its third year of highly successful implementation. It is given in Russian and English and is based on the newest paradigm of critical infrastructure resilience, and, via this notion, to regional resilience and safety.",ieee,llm,0.990,unreviewed,,doi:10.1109/icl.2015.7318199
discarded,Educational Materials to Train Teachers in ScratchJr: Rules of Program Behavior and Programming Patterns,J. Ángel Velázquez-Iturbide,2024,2024 International Symposium on Computers in Education (SIIE),10.1109/SIIE63180.2024.10604632,https://ieeexplore.ieee.org/document/10604632/,"qualifies-claim; adjacent-subtopic; tool or course description, no finding on learning event-driven programming or functions as values","The educational materials available to learn block-based programming usually promote a learning process which is more intuitive tan deep. In this paper, we present two educational materials designed to support deep learning of the ScratchJr programming language. On the one hand, we present the operational semantics of the language as rules of program behavior. On the other hand, we present a set of programming patterns to support coding characters' actions. Both materials were evaluated by pre-service teachers (novice learners of programming) and university teachers (who teach ScratchJr). Their assessments scored the materials very positively and allowed improving their written statements.",ieee,llm_reviewed,0.930,changed,kept->discarded,doi:10.1109/siie63180.2024.10604632
discarded,Computer-Aided Industrial Design: A Case Study of 3D Modeling and Rendering,Chai-Chun Chao; Yu-Che Huang; Chung-Shun Feng,2024,2024 4th International Symposium on AI (ISAI),10.1109/ISAI63299.2024.00017,https://ieeexplore.ieee.org/document/10709828/,off-topic-false-hit,"Computer-aided design and rendering provide designers with a realistic visual experience, allowing them to create models from scratch and render images that closely resemble the actual product. However, different design requirements and the evolving techniques of 3D modeling and rendering pose challenges for various product designs. For instance, children’s products often feature numerous curved elements, presenting challenges for designers during 3D modeling. Additionally, plastic materials require special attention to lighting and environmental factors to ensure the product’s visual representation is sufficiently three-dimensional.This study focuses on investigating the impact of 3D modeling and rendering techniques on product design, with a particular emphasis on creating a children’s rocking horse set. In the field of children’s product design, due to the characteristics of these products, more curved designs are employed, making the application of 3D modeling and rendering techniques crucial. Modeling allows designers to achieve more precise simulations of children’s needs and facilitates the creation of products that closely resemble real-world usage and are easy to modify. Rendering, on the other hand, presents these models with a realistic visual effect, endowing 3D models with a lifelike presence, displaying the product’s materials, colors, and usage environment. Furthermore, to ensure the product’s effectiveness, careful consideration must be given to the product’s texture, shape, materials used, rounded edges, and color schemes.Through the precision of 3D modeling and rendering techniques, designers can directly create simulations with realistic proportions and visual effects on the computer. This not only reduces the time and cost required for manual model-making but also significantly improves design output efficiency.In summary, this study, using the example of a children’s rocking horse set, particularly emphasizes the innovative potential of 3D modeling and rendering techniques in the field of industrial design. By applying these technologies and practicing their use, future designers are provided with a reference for drawing, enhancing the overall design process.",ieee,llm,1.000,unreviewed,,doi:10.1109/isai63299.2024.00017
discarded,Operations research and simulation in master's degrees: A case study regarding different universities in Spain,Alex Grasas; Helena Ramalhinho; Angel A. Juan,2013,2013 Winter Simulations Conference (WSC),10.1109/WSC.2013.6721722,https://ieeexplore.ieee.org/document/6721722/,off-topic-false-hit,"This paper presents several experiences regarding Operations Research (OR) and Simulation education activities in three master programs, each of them offered at a different university. The paper discusses the importance of teaching these contents in most managerial and engineering masters. After a brief overview of existing related work, the paper provides some recommendations-based on our own teaching experiences-that instructors should keep in mind when designing OR/Simulation courses, either in traditional face-to-face as well as in pure online learning models. The case studies exposed here include students from business management, computer science, and aeronautical management degrees, respectively. For each type of student, different OR/Simulation tools are employed in the courses, ranging from easy-to-use optimization and simulation software to simulation-based algorithms developed from scratch using a programming language.",ieee,llm,0.980,unreviewed,,doi:10.1109/wsc.2013.6721722
