status,title,authors,year,venue,doi,url,tags,abstract,provider,decision_source,llm_confidence,llm_review_outcome,llm_change_direction,paper_id
discarded,Visualizing Program Behavior: A Study of Enhanced Program Diagrams Using LLM,Ying Li; Runze Yang; ShiJie Gui; Peng Shi; Xuefei Huang; Da Yang; Xiaozhou Zhang; Yiming Gai,2024,2024 IEEE Frontiers in Education Conference (FIE),10.1109/FIE61694.2024.10893082,https://ieeexplore.ieee.org/document/10893082/,adjacent-subtopic,"This paper aims to address the difficulties faced by novice programmers in grasping code structure and execution flow, improving programming thinking, and pinpointing code errors with accuracy. It proposes providing students with program behavior diagrams based on large language models (LLMs) and visualization techniques to achieve personalized guidance. Specifically, these program behavior diagrams include programming thinking visualization diagrams and code vulnerability visualization diagrams. A programming thinking visualization diagram employs static code analysis to gather code structure information, combined with the structured chain-of-thought method to collectively optimize the LLM. This enables the LLM to explain each interpretable part of the code from top to bottom, detailing the programming concepts, and displaying them on a modularized code structure diagram. The code vulnerability visualization diagram primarily utilizes the fine-tuned LLM, optimizing it based on program analysis and clustering analysis methods to accurately identify vulnerabilities in student code and display them on a code flow diagram. Its feature is to visually display to students the error location, error information, and the impact of errors on program flow, rather than providing the programming answers. Lastly, through experiments and statistical analysis of actual teaching data, this paper serves a demonstration that the enhanced models used in the visualization diagram generation process have a noticeable effect on mainstream LLMs, and that visualization diagrams hold significant value for students at different stages of learning.",ieee,llm,0.950,unreviewed,,doi:10.1109/fie61694.2024.10893082
discarded,An Exploration of the Impact of Using ChatGPT on Students' On-Task Performance and Task Success,"Ocay, Arnel; Rodrigo, Maria Mercedes",2025,"33RD INTERNATIONAL CONFERENCE ON COMPUTERS IN EDUCATION CONFERENCE PROCEEDINGS, ICCE 2025, VOL I",,https://www.webofscience.com/wos/woscc/full-record/WOS:001815114100025,adjacent-subtopic,"Learning programming can be difficult, especially for beginners. This study examines the potential of ChatGPT to influence students' programming performance by analyzing self-reported on-task behaviors. Sixty-two first-year IT and CS students were randomly assigned to a control group and an experimental group. Participants of the study completed a hands-on GUI-based programming task using Java Swing. Findings showed significant differences in help-seeking behaviors between groups, with ChatGPT users seeking less help from instructors. While self-reported task success was significantly higher among ChatGPT users, on-task performance metrics like error count and code execution attempts were not associated with task success. These findings suggest that while ChatGPT may support performance on programming tasks, its pedagogical implications require careful consideration to scaffold learning effectively and avoid over-reliance on the tool.",wos,llm,0.890,unreviewed,,hash:9308663a0e7200f7
discarded,Fire simulation software,"Beloiu, Robert",2019,"PROCEEDINGS OF THE 14TH INTERNATIONAL CONFERENCE ON VIRTUAL LEARNING, ICVL 2019",,https://www.webofscience.com/wos/woscc/full-record/WOS:000506084800062,off-topic-false-hit,"This paper presents few software tools for fire simulation environment, like FDS, Blender FDS and Pyrosim. FDS is the standard fire simulation software that many other software programs refer to. The program developed with FDS is a text written tool, that sometimes presents difficulties to the beginner user.Blender FDS is an open source GUI interface for FDS program. This program facilitates the combination of the free Blender program with the fire simulation program. Thus, the operator does not have to be concerned about text defining parameters of the simulated environment.Pyrosim is a commercial GUI for the FDS fire simulation tool.",wos,llm,0.990,unreviewed,,hash:ba7890e9d0603a28
discarded,jCAB: Making Java Class Design Easier for Novice Programmers,"Liu, Qian",2018,2018 IEEE FRONTIERS IN EDUCATION CONFERENCE (FIE),,https://www.webofscience.com/wos/woscc/full-record/WOS:000468396900069,adjacent-subtopic,"This Research Full Paper introduces a tool called Java Class Auto Builder (jCAB) that helps students to design Java custom classes, helps them to understand the core concepts in the class design, and helps them to develop Object-Oriented (OO) ideas efficiently.

When OO programming is introduced to students, its fundamental concepts are difficult for them to learn at first, and also impact them when they start to design their custom class templates. The existing UML (Unified Modeling Language) based tools could be served for educational purpose, but they are not suitable for novice Java students or programmers. Those tools generate class template code automatically from UML diagrams which must represent the class structures and functionalities clearly. That requires users to have a comprehensive view on the class structures. However, when they are first exposed to custom class design, novice programmers usually do not know what are necessary in the design and/or the relationships among classes if there are any. Therefore, it would be hard for them to develop UML diagrams which could represent class templates clearly. A tool that could help students in this stage is necessary.

The jCAB tool introduced in this paper is designed for Java CS1 course, and is a good start for novice programmers to learn how to implement custom classes. The tool divides the custom class design procedure into several steps in order to show students what are necessary in the class design clearly and how to do them in detail. Its GUI (Graphic User Interface) interacts with students, directs them step by step, and generates code in each step automatically, so that students will be aware of the class structure, the design procedures, and how each piece of code is related with OO concept, and they will have better grasp on the OO fundamentals and the custom class design procedures.",wos,llm,0.970,unreviewed,,hash:298d8926f97e2e80
discarded,A Small Java Application for Learning Blockchain,"Liu, Xing",2018,"2018 IEEE 9TH ANNUAL INFORMATION TECHNOLOGY, ELECTRONICS AND MOBILE COMMUNICATION CONFERENCE (IEMCON)",,https://www.webofscience.com/wos/woscc/full-record/WOS:000461314200209,off-topic-false-hit,"This paper introduces a small Java application named ChainTutor for learning basic Blockchain concepts. Although the term Blockchain is widely known and Blockchain technologies are finding applications in various areas such as banking, healthcare and Internet of Things, some concepts of Blockchain are not easy for beginners to understand. Fully text-based tutorials are often difficult to follow. General picture of Blockchain operations gets lost in lengthy textual descriptions. With the Java application introduced in this paper, users can experiment with key Blockchain concepts through a graphical user interface. They can generate keys, hashes, transactions, blocks and wallets. They can see the low level details of a blockchain such as encryption keys and hashes. They can see how mining works and how blocks are added to a blockchain. Parameters of a blockchain can also be varied in order to observe their impact on performance or even to make a blockchain invalid. The Java application is intended to be used in classroom environment by instructors when they teach introductory Blockchain courses.",wos,llm,0.980,unreviewed,,hash:4b1124d23f149766
kept,"Extending the Object-Oriented Notional Machine Notation with Inheritance, Polymorphism, and GUI Events","Cuvic, Marin Aglic; Maras, Josip; Mladenovic, Sasa",2017,"2017 40TH INTERNATIONAL CONVENTION ON INFORMATION AND COMMUNICATION TECHNOLOGY, ELECTRONICS AND MICROELECTRONICS (MIPRO)",,https://www.webofscience.com/wos/woscc/full-record/WOS:000426903800142,supports-claim,"Learning to program is a challenging task. Novices need to have an accurate understanding of the program execution at the conceptual level provided by the programming language. This level of execution is often referred to as the notional machine, which is often easier to understand through program visualizations.

Currently one of the most popular programming paradigms is object-oriented programming, which introduces a number of advanced concepts. In addition, in order to increase student engagement, teachers have started to introduce graphical user interface (GUI) applications into programming courses. This brings its own set of challenges, mostly related to a significantly larger number of application states, which are more difficult to keep track of. However, most existing programming visualizations do not cover all necessary concepts for teaching object-oriented programming, nor have they considered visualizing complex GUI applications. For this reason, we present our own concept of a visualization system that addresses these shortcomings.

In this paper, we have: i) extended an existing notation for a notional machine to support learning of advanced object-oriented concepts inheritance and polymorphism; ii) presented our own concept of a visualization system that introduces the source code into the notional machine, thereby making the relationship between source code and the visual representation more concrete; and iii) proposed solutions for reducing the cognitive overload introduced by GUI applications.",wos,llm,0.960,unreviewed,,hash:6f4bc9d457df8e0c
discarded,TEACHING WITH GENERAL INSTRUCTION LANGUAGE,"Valozic, P.; Horvat, T.; Junicic, N.",2016,"INTED2016: 10TH INTERNATIONAL TECHNOLOGY, EDUCATION AND DEVELOPMENT CONFERENCE",,https://www.webofscience.com/wos/woscc/full-record/WOS:000402738406134,off-topic-false-hit,"In this paper some experiences with General Instruction Language (GIL) implementation in classes are presented. Also, there is a special case of a student with Asperger syndrome, a disorder from autism spectrum, who has also been using GIL.

For a long time Graphical User Interface (GUI) has been a standard user interface on personal computers of any kind. For users, such interface is simplified and accelerated, but manuals accompanying different applications are rather complex. They look like a comic book with a lot of pictures and with a little bit of text, here and there. Due to the images, even for a simple sequence of actions, the manual can take up several MBs (Mega Bytes).

It is difficult to follow the instructions that occupy most of the small screen and at the same time to apply them in the application which remains in the rest of the screen or is in the background. Overlapping screens and user's attention to instruction - application - instruction - application... are troublesome and frustrating, especially for a user, novice, as a typical student is.

Another problem arises during the teacher's initial presentation of a task to be done during real - time teaching / learning process in a computer laboratory. Some students would like to make notes on the sequence of activities: clicking, pulling or typing that the teacher performs in a fast pace. If the teacher slows down the presentation for the sake of students' making notes, the presentation will lose its dynamics because there is not a standard procedure for writing notes. That depends on a student and, being so it is difficult to synchronize activities in the class.

GIL is developed as a tool for recording the sequence of instructions representing the user manual for an application with a graphic user interface. The physical space for its application is a screen (desktop) of a personal computer, tablet PC or a smart phone. GIL instructions do not depend on the platform (hardware or operating system) but may vary if the GUI objects have different names. Instructions written in GIL are short enough so that their column width is 20% to 30% of the active width of the screen. Due to simplicity, it is easy to learn GIL and use it in making personal notes during the teacher's presentation.",wos,llm,0.970,unreviewed,,hash:ff499df4114068d1
discarded,On Design of Online Learning Environments for Programming Education,"Olsson, Marie; Mozelius, Peter",2016,PROCEEDINGS OF THE 15TH EUROPEAN CONFERENCE ON E-LEARNING (ECEL 2016),,https://www.webofscience.com/wos/woscc/full-record/WOS:000400303700068,adjacent-subtopic,"Programming is a fundamental and mandatory subject in Computer science programmes at university level, but many students have difficulties to learn even the most basic programming concepts and techniques. Computer science has a tradition of face-to-face programming huts where students taking programming courses can explore important programming concepts with instant feedback from human facilitators. In contemporary blended learning where more and more of teaching and learning sessions are given by distance there is a need for online alternatives for self-learning. At the department where this study was conducted about half of the students fail to complete their introductory programming courses and many other universities face the same problem. Without facilitation, online or face-to-face, and appropriate alternatives for self-learning the fail rates would be even higher. The N-generation or the Digital Natives that now are entering university programmes are the first generation that has used computers, Internet and online systems since early childhood. Their digital prerequisites are better than earlier generations but at the same time they have higher demands for interaction in online environments. In this study two different online learning environments for self-learning were analysed and discussed to find answers to: ""What are the most important factors in the design of virtual learning environments for self-learning of fundamental programming skills and knowledge?"" The overall research strategy is the case study approach where students' attitudes on the use of online learning systems have been investigated in two programming courses. Data has been collected by interviews, evaluation questionnaires and group discussions. The explored online learning environments in this study are Pearson educations' MyProgrammingLab and Codecademy. Findings indicate that online systems have to be carefully designed if they should attract the digital natives generation. Some important design factors for self-learning systems found in this study are: unambiguous exercises, clear and well-formulated feedback, user-friendliness, GUI design, multi-modality, gamification and curriculum alignment. Interesting extension of user-friendliness is if the programming exercises have multi-lingual descriptions and if the online systems might be adapted for students with different learning styles.",wos,llm,0.950,unreviewed,,hash:652b4d0ea745422e
discarded,Novice Designer Performance Comparison Between the Entity Relationship Event Network and the Event-Based Logical Relational Design Techniques,"Batra, Dinesh; Wishart, Nicole",2014,JOURNAL OF DATABASE MANAGEMENT,10.4018/jdm.2014070101,https://www.webofscience.com/wos/woscc/full-record/WOS:000344365400001,adjacent-subtopic,"Previous information systems (IS) research has established that novice database designers experience cognitive overload when faced with many interacting entities in modeling relationships. The authors contend that this problem occurs mainly when events are involved. Results of an initial study provide support that novice database designers indeed have difficulty recognizing and modeling events. They propose two techniques that can address the difficulties encountered by novices when modeling events using the entity-relationship model. Entity-relationship event network (EREN) is a top-down and template-driven technique. Event-based logical relational design (ELRD) is a bottom-up and heuristic-driven technique. Employing the cognitive load theory (CLT) to guide the hypotheses, the authors compare the usability of EREN and ELRD for novice designers. Results indicate that both techniques facilitate satisfactory designer performance when modeling events. Overall, the ELRD technique leads to better designer performance. There is an interaction effect between technique and task complexity as the significant performance advantage of ELRD at the lower-complexity task gets mitigated at the higher-complexity task. The two techniques do not differ significantly on the constructs of behavioral intention to use, perceived usefulness, perceived ease of use, and self-efficacy. Overall, the ELRD technique is recommended for modeling events.",wos,llm,0.970,unreviewed,,doi:10.4018/jdm.2014070101
discarded,ViSlang: A System for Interpreted Domain-Specific Languages for Scientific Visualization,"Rautek, Peter; Bruckner, Stefan; Groeller, M. Eduard; Hadwiger, Markus",2014,IEEE TRANSACTIONS ON VISUALIZATION AND COMPUTER GRAPHICS,10.1109/TVCG.2014.2346318,https://www.webofscience.com/wos/woscc/full-record/WOS:000344991700084,off-topic-false-hit,"Researchers from many domains use scientific visualization in their daily practice. Existing implementations of algorithms usually come with a graphical user interface (high-level interface), or as software library or source code (low-level interface). In this paper we present a system that integrates domain-specific languages (DSLs) and facilitates the creation of new DSLs. DSLs provide an effective interface for domain scientists avoiding the difficulties involved with low-level interfaces and at the same time offering more flexibility than high-level interfaces. We describe the design and implementation of ViSlang. an interpreted language specifically tailored for scientific visualization. A major contribution of our design is the extensibility of the ViSlang language. Novel DSLs that are tailored to the problems of the domain can be created and integrated into ViSlang. We show that our approach can be added to existing user interfaces to increase the flexibility for expert users on demand, but at the same time does not interfere with the user experience of novice users. To demonstrate the flexibility of our approach we present new DSLs for volume processing, querying and visualization. We report the implementation effort for new DSLs and compare our approach with Matlab and Python implementations in terms of run-time performance.",wos,llm,0.970,unreviewed,,doi:10.1109/tvcg.2014.2346318
discarded,IoT Service Development via Adaptive Interfaces Improving utilization of cyber-physical systems by competence based user interfaces,"Kalverkamp, Matthias; Gorldt, Christian",2014,"2014 INTERNATIONAL ICE CONFERENCE ON ENGINEERING, TECHNOLOGY AND INNOVATION (ICE)",,https://www.webofscience.com/wos/woscc/full-record/WOS:000345855900064,off-topic-false-hit,"The more complex the processes, the higher the need for process transparency through high-quality real-time data. The steady improvement of Internet-of-Things technologies, or of the recently phrased cyber physical systems, during the last years ensures this process transparency. Although these technologies are promising, the potential of IoT/CPS technologies is not yet fully applied in practice. One reason is that technology novices have difficulties participating in development processes and consequently prevent case-specific and relevant services from being described. This paper presents an adaptive interface approach to support the development and utilization of IoT solutions. An exemplary solution is presented based on an IoT toolkit with a GUI for configuration, making service development possible without coding skills. Based on experiment observations, design improvements of the GUI are implemented. Furthermore, a more sophisticated design is introduced. This will allow users with different competence levels to improve their interaction with sensor and actuator networks further; consequently, more appropriate solutions can be developed and used.",wos,llm,0.960,unreviewed,,hash:54fa9b0d872ba8af
discarded,Soloway's Rainfall Problem has become Harder,Simon,2013,2013 LEARNING AND TEACHING IN COMPUTING AND ENGINEERING (LATICE 2013),10.1109/LaTiCE.2013.44,https://www.webofscience.com/wos/woscc/full-record/WOS:000324484000018,"qualifies-claim; adjacent-subtopic; tool or course description, no finding on learning event-driven programming or functions as values","Discussing the use of plans in programming and in programming education, Soloway describes a programming task that has come to be known as the rainfall problem. This problem was used in a number of empirical experiments in the 1980s and 1990s, and was generally recognised as being quite difficult for student programmers. This paper reports that when the rainfall problem was recently used as an examination question in an introductory programming course, the students performed extremely poorly on it. These students are presumably no better than the many students who have been set this problem in the past, but it also appears that the problem has become harder than it was 20 years ago. For example, the problem assumes that loop-controlled keyboard input is standard, whereas in many programming environments nowadays the standard has become event-driven GUI input. As a consequence of this change, students are less likely to be familiar with loop-controlled keyboard input and with the use of a sentinel to terminate input, another feature of the rainfall problem.

