status,title,authors,year,venue,doi,url,tags,abstract,provider,decision_source,llm_confidence,llm_review_outcome,llm_change_direction,paper_id
discarded,Assisting Teaching Assistants with Automatic Code Corrections,Yana Malysheva; Caitlin L. Kelleher,2022,CHI Conference on Human Factors in Computing Systems,10.1145/3491102.3501820,https://openalex.org/W4225133905,adjacent-subtopic,"Undergraduate Teaching Assistants(TAs) in Computer Science courses are often the first and only point of contact when a student gets stuck on a programming problem. But these TAs are often relative beginners themselves, both in programming and in teaching. In this paper, we examine the impact of availability of corrected code on TAs’ ability to find, fix, and address bugs in student code. We found that seeing a corrected version of the student code helps TAs debug code 29% faster, and write more accurate and complete student-facing explanations of the bugs (30% more likely to correctly address a given bug). We also observed that TAs do not generally struggle with the conceptual understanding of the underlying material. Rather, their difficulties seem more related to issues with working memory, attention, and overall high cognitive load.",openalex,llm,0.980,unreviewed,,doi:10.1145/3491102.3501820
discarded,"What does it mean to maximize? “Decision difficulty,” indecisiveness, and the jingle-jangle fallacies in the measurement of maximizing",Nathan N. Cheek; Jacob Goebel,2020,Judgment and Decision Making,10.1017/s1930297500006884,https://openalex.org/W4313425045,off-topic-false-hit,"Abstract For two decades, researchers have investigated the correlates and consequences of individual differences in maximizing , the tendency to pursue the goal of making the best possible choice by extensively seeking out and comparing alternatives. In this time, many different conceptualizations of maximizing have been proposed, including several that incorporate a construct called “decision difficulty.” We propose that including decision difficulty in measures of maximizing is problematic because the tendency to experience difficulty when making decisions is a separate individual difference construct already studied independently of maximizing — namely, indecisiveness . Across two studies (total N = 639), we find that scales measuring decision difficulty and indecisiveness are strongly correlated ( r ’s ≥ .85), load on the same component in a principal component analysis, and show a very similar pattern of correlations with related variables. Moreover, decision difficulty and indecisiveness scales both show a divergent pattern of correlations when compared to measures of maximizing. We argue that decision difficulty scales are best interpreted as tapping the same underlying tendency as indecisiveness scales, and conclude that the tendency to experience difficulty in decision making is best conceptualized not as a component of maximizing, but rather a cause or consequence of it.",openalex,llm,1.000,unreviewed,,doi:10.1017/s1930297500006884
discarded,BlocklyScript: Design and Pilot Evaluation of an RPG Platform Game for Cultivating Computational Thinking Skills to Young Students,Christodoulos KARAKASIS; Stelios Xinogalos,2020,Informatics in Education,10.15388/infedu.2020.28,https://openalex.org/W3111835467,adjacent-subtopic,"At 21st century Computational Thinking (CT) is considered a fundamental skill that anyone should possess and develop from a young age. Serious games and more specifically educational games (EGs) are a promising means of introducing algorithmic thinking and programming concepts and engaging students through the process of learning. In this article, a new EG called BlocklyScript is presented. BlocklyScript aims to help students develop their CT by learning basic programming concepts, designing algorithms and correcting mistakes. During the designing phase different EGs were taken under consideration and an EG design framework was followed in order to provide a better user experience. The game was evaluated by 10 experienced computer science educators of primary and secondary schools. The positive results of this pilot evaluation show that BlocklyScript is expected to help students understand the basic concepts of CT. However, the game should be evaluated by more teachers and students in order to provide future researchers with safe results.",openalex,llm,0.970,unreviewed,,doi:10.15388/infedu.2020.28
discarded,Principles and techniques of digital holographic microscopy,Myung K. Kim,2010,Journal of Photonics for Energy,10.1117/6.0000006,https://openalex.org/W2163370365,off-topic-false-hit,"Digital holography is an emerging field of new paradigm in general imaging applications. We present a review of a subset of the research and development activities in digital holography, with emphasis on microscopy techniques and applications. First, the basic results from the general theory of holography, based on the scalar diffraction theory, are summarized, and a general description of the digital holographic microscopy process is given, including quantitative phase microscopy. Several numerical diffraction methods are described and compared, and a number of representative configurations used in digital holography are described, including off-axis Fresnel, Fourier, image plane, in-line, Gabor, and phase-shifting digital holographies. Then we survey numerical techniques that give rise to unique capabilities of digital holography, including suppression of dc and twin image terms, pixel resolution control, optical phase unwrapping, aberration compensation, and others. A survey is also given of representative application areas, including biomedical microscopy, particle field holography, micrometrology, and holographic tomography, as well as some of the special techniques, such as holography of total internal reflection, optical scanning holography, digital interference holography, and heterodyne holography. The review is intended for students and new researchers interested in developing new techniques and exploring new applications of digital holography.",openalex,llm,1.000,unreviewed,,doi:10.1117/6.0000006
discarded,Practical combinatorial testing,D. Richard Kuhn; Raghu N. Kacker; Y Lei,2010,,10.6028/nist.sp.800-142,https://openalex.org/W2735780801,off-topic-false-hit,"Practical Combinatorial Testing Reports on Computer Systems TechnologyThe Information Technology Laboratory (ITL) at the National Institute of Standards and Technology (NIST) promotes the U.S. economy and public welfare by providing technical leadership for the Nation's measurement and standards infrastructure.ITL develops tests, test methods, reference data, proof of concept implementations, and technical analyses to advance the development and productive use of information technology.ITL's responsibilities include the development of technical, physical, administrative, and management standards and guidelines for the cost-effective security and privacy of sensitive unclassified information in Federal computer systems.This Special Publication 800-series reports on ITL's research, guidance, and outreach efforts in computer security, and its collaborative activities with industry, government, and academic organizations.",openalex,llm,1.000,unreviewed,,doi:10.6028/nist.sp.800-142
discarded,Do Students Learn More from Erroneous Code? Exploring Student Performance and Satisfaction in an Error-Free Versus an Error-full SAS® Programming Environment,Heather J. Hoffman; Angelo F. Elmi,2021,Journal of Statistics and Data Science Education,10.1080/26939169.2021.1967229,https://openalex.org/W3202424893,adjacent-subtopic,"Teaching students statistical programming languages while simultaneously teaching them how to debug erroneous code is challenging. The traditional programming course focuses on error-free learning in class while students’ experiences outside of class typically involve error-full learning. While error-free teaching consists of focused lectures emphasizing correct coding, error-full teaching would follow such lectures with debugging sessions. We aimed to explore these two approaches by conducting a pilot study of 18 graduate students who voluntarily attended a SAS programming seminar held weekly from September 2018 through November 2018. Each seminar had a 10-min error-free lecture, 15-min programming assignment, 5-min break, 10-min error-full lecture, and 15-min programming assignment. We examined student performance and preference. While four students successfully completed both assignments and ten students did not successfully complete either assignment, one student successfully completed only the first assignment that directly followed the error-free lecture and three students successfully completed only the second assignment that directly followed the error-full lecture. Of the 15 students who responded, twelve (80%) preferred error-full to error-free learning. We will evaluate error-full learning on a larger scale in an introductory SAS course. Supplemental files are available online for this article.",openalex,llm,0.980,unreviewed,,doi:10.1080/26939169.2021.1967229
discarded,AI-Driven Virtual Teacher for Enhanced Educational Efficiency: Leveraging Large Pretrain Models for Autonomous Error Analysis and Correction,Tianlong Xu; Yifan Zhang; Zhendong Chu; Shen Wang; Qingsong Wen,2025,Proceedings of the AAAI Conference on Artificial Intelligence,10.1609/aaai.v39i28.35144,https://openalex.org/W4409361069,adjacent-subtopic,"Students frequently make mistakes while solving mathematical problems, and traditional error correction methods are both time-consuming and labor-intensive. This paper introduces an innovative Virtual AI Teacher system designed to autonomously analyze and correct student Errors (VATE). Leveraging advanced large language models (LLMs) like GPT-4, the system uses student drafts as a primary source for error analysis, which enhances understanding of the student's learning process. It incorporates sophisticated prompt engineering and maintains an error pool to reduce computational overhead. The AI-driven system also features a real-time dialogue component for efficient student interaction. Our approach demonstrates significant advantages over traditional and machine learning-based error correction methods, including reduced educational costs, high scalability, and superior generalizability. The system has been deployed in Squirrel AI's learning platform for elementary mathematics education, where it achieves 78.3% accuracy in error analysis and shows a marked improvement in student learning efficiency. Satisfaction surveys indicate a strong positive reception, highlighting the system's potential to transform educational practices.",openalex,llm,0.990,unreviewed,,doi:10.1609/aaai.v39i28.35144
discarded,Estimating phylogenies from genomes: A beginners review of commonly used genomic data in vertebrate phylogenomics,Javan K. Carter; Rebecca T. Kimball; Erik R. Funk; Nolan C. Kane; Drew R. Schield; Garth M. Spellman; Rebecca J. Safran,2023,Journal of Heredity,10.1093/jhered/esac061,https://openalex.org/W4321324714,off-topic-false-hit,"Despite the increasing feasibility of sequencing whole genomes from diverse taxa, a persistent problem in phylogenomics is the selection of appropriate genetic markers or loci for a given taxonomic group or research question. In this review, we aim to streamline the decision-making process when selecting specific markers to use in phylogenomic studies by introducing commonly used types of genomic markers, their evolutionary characteristics, and their associated uses in phylogenomics. Specifically, we review the utilities of ultraconserved elements (including flanking regions), anchored hybrid enrichment loci, conserved nonexonic elements, untranslated regions, introns, exons, mitochondrial DNA, single nucleotide polymorphisms, and anonymous regions (nonspecific regions that are evenly or randomly distributed across the genome). These various genomic elements and regions differ in their substitution rates, likelihood of neutrality or of being strongly linked to loci under selection, and mode of inheritance, each of which are important considerations in phylogenomic reconstruction. These features may give each type of marker important advantages and disadvantages depending on the biological question, number of taxa sampled, evolutionary timescale, cost effectiveness, and analytical methods used. We provide a concise outline as a resource to efficiently consider key aspects of each type of genetic marker. There are many factors to consider when designing phylogenomic studies, and this review may serve as a primer when weighing options between multiple potential phylogenomic markers.",openalex,llm,1.000,unreviewed,,doi:10.1093/jhered/esac061
discarded,On the difficulty of benchmarking inductive program synthesis methods,Edward Pantridge; Thomas Helmuth; Nicholas Freitag McPhee; Lee C. Spector,2017,Proceedings of the Genetic and Evolutionary Computation Conference Companion,10.1145/3067695.3082533,https://openalex.org/W2734404947,off-topic-false-hit,"A variety of inductive program synthesis (IPS) techniques have recently been developed, emerging from different areas of computer science. However, these techniques have not been adequately compared on general program synthesis problems. In this paper we compare several methods on problems requiring solution programs to handle various data types, control structures, and numbers of outputs. The problem set also spans levels of abstraction; some would ordinarily be approached using machine code or assembly language, while others would ordinarily be approached using high-level languages. The presented comparisons are focused on the possibility of success; that is, on whether the system can produce a program that passes all tests, for all training and unseen testing inputs. The compared systems are Flash Fill, MagicHaskeller, TerpreT, and two forms of genetic programming. The two genetic programming methods chosen were PushGP and Grammar Guided Genetic Programming. The results suggest that PushGP and, to an extent, TerpreT and Grammar Guided Genetic Programming are more capable of finding solutions than the others, albeit at a higher computational cost. A more salient observation is the difficulty of comparing these methods due to drastically different intended applications, despite the common goal of program synthesis.",openalex,llm,1.000,unreviewed,,doi:10.1145/3067695.3082533
discarded,Experimental Philosophy for Beginners,Stephan Kornmesser; Alexander Max Bauer; Mark Alfano; Aurélien Allard; Lucien Baumgartner; Florián Cova; Paul Edward Engelhardt; Eugen Heinrich Fischer; Henrike Meyer; Kevin Reuter; Justin M. Sytsma; Kyle Thompson; Marc Wyszynski,2024,Springer graduate texts in philosophy.,10.1007/978-3-031-58049-9,https://openalex.org/W4402029421,off-topic-false-hit,,openalex,llm,1.000,unreviewed,,doi:10.1007/978-3-031-58049-9
discarded,Engineering Students’ Algebra Difficulties: An Experiment with Computer-Aided Diagnostic Assessment,Agostinho Iaqchan Ryokiti Homa,2020,Acta Scientiae,10.17648/acta.scientiae.5714,https://openalex.org/W4214542974,adjacent-subtopic,"Context: Engineering students have difficulties in solving problems involving Differential Calculus, and this is attributed to the epistemological difficulties of Calculus and the lack of mastery of algebraic manipulations. Objectives: The study investigates the problems with the basic mathematics of Engineering students through the analysis of error, making this error an observable object so that, in the self-management of knowledge, students take the necessary actions, if they wish, to develop the mathematical skills necessary to exercise the profession of Engineering. Design: For the study, qualitative research was carried out to investigate the difficulties in potentiation, radication, factorization, simplification, distributive property of multiplication in relation to addition, the order of operations, algebraic fractions, polynomials, and solution of polynomial and non-polynomial equations of a group of students from Engineering courses. Setting and participants: Students regularly enrolled in Engineering courses at Universidade Luterana do Brasil. Data collection and analysis: Data were extracted from the database of the computer-aided diagnostic assessment system (ADAC) after students performed their self-assessment. Results: In general, all students in the group had some difficulty with at least one of the evaluated contents. Even considering that the error can happen due to distraction, the number of students who answered incorrectly to two or more items by evaluated content was high, suggesting that the group has greater mathematical difficulties related to Algebra, in particular: simplifications, potentiation, operations with fractions, with roots and solving non-polynomial equations. Conclusion: For graduates of engineering courses, the use of mathematics to solve engineering problems is one of the skills to be developed during their training. From the results of the research carried out, the mathematical difficulties of most students in the group with some of the evaluated concepts were evident.",openalex,llm,1.000,unreviewed,,doi:10.17648/acta.scientiae.5714
discarded,Research on the Construction and Application of Intelligent Recommendation Model for Students' Career Planning Based on Artificial Intelligence,Xiangwei Qin; Hongfei Hu; Zhou Dong,2025,2025 2nd International Conference on Informatics Education and Computer Technology Applications (IECA),10.1109/IECA66054.2025.00031,https://ieeexplore.ieee.org/document/11083082/,adjacent-subtopic,"In students' career planning, the existing models often neglect students' individual differences and are difficult to adapt to the social demand for personalised career development guidance. The study first constructs a student career planning model based on knowledge graph, and then carries out intelligent recommendation through deep reinforcement learning improved by the attention mechanism, thus proposing an intelligent recommendation model integrating knowledge graph and deep reinforcement learning techniques to provide customised career planning services for students. The results show that the model has an accuracy of 92.6% and a recall of 94.2 %, which is significantly better than other models , proving its high precision. The AUC value of the model is 0.891 , the number of iterations to reach convergence is 50, and the RMSE value is 0.04, which proves that it is more effective in students' career planning recommendation. The model proposed in the study is not only able to provide more accurate career planning recommendations, but also achieve optimisation in resource utilisation and processing speed, which is important for improving the quality and efficiency of students' career planning services.",ieee,llm,1.000,unreviewed,,doi:10.1109/ieca66054.2025.00031
discarded,Implementation of a Fuzzy PID Controller Using Neural Network on the Magnetic Levitation System,Agus Trisanto; Muhammad Yasser; Jianming Lu; Takashi Yahagi,2006,2006 International Symposium on Intelligent Signal Processing and Communications,10.1109/ISPACS.2006.364744,https://ieeexplore.ieee.org/document/4212362/,off-topic-false-hit,"This paper presents the fuzzy PID (FPID) controller using neural network (NN) for controlling the magnetic levitation system. Magnetic levitation systems are open loop unstable, uncertainly and inherently nonlinear systems. Consequently, controlling this kind of the system is very difficulty. The FPID controller is developed to provide nonlinear or linear control action that can improve performance of the controller in comparison with a conventional PID controller using only linear policy. Unfortunately, since FPID controller are nonlinear, it is more difficult to set the controller gains compared the linear PID controller. In this paper we propose a neural network to assist the FPID controller. The NN is added in parallel with FPID controller. The NN is used to compensate for inadequate FPID parameters and for stabilize the magnetic levitation system. The uniqueness our method is when the parameters of FPID are incorrect, then the NN takes over the controller, otherwise the NN does not operate. Online training and fast computing of the NN has been designed for that purposes. Finally, the experiment results showed the effectiveness of the proposed method",ieee,llm,1.000,unreviewed,,doi:10.1109/ispacs.2006.364744
discarded,Neural network speed controller of induction motor drive based on direct MRAC method,Xianglong Jiang; Jin Zhao; Hui Luo; Shanmei Cheng; Shuyun Wan,2003,IECON'03. 29th Annual Conference of the IEEE Industrial Electronics Society (IEEE Cat. No.03CH37468),10.1109/IECON.2003.1280644,https://ieeexplore.ieee.org/document/1280644/,off-topic-false-hit,"A novel neural network speed controller (NNSC) of induction motor drive is presented, which is on-line trained by a dynamic BP algorithm based on direct model reference adaptive control (MRAC) method. In particular, a new error function is used for the dynamic BP algorithm, which can adjust the parameters of NNSC and minimize the error between motor speed and the speed provided by reference model. A 2-rank linear model is used as reference model, which can be automatically designed according to performance indices given beforehand. The induction motor drive with a NNSC based on dynamic BP algorithm and direct MRAC method is proved to be asymptotic stable. The simulation and experimental results reveal that the proposed NNSC based on direct MRAC method can ensure motor speed tracking the reference speed closely, and having robustness against load disturbances.",ieee,llm,1.000,unreviewed,,doi:10.1109/iecon.2003.1280644
