status,title,authors,year,venue,doi,url,tags,abstract,provider,decision_source,llm_confidence,llm_review_outcome,llm_change_direction,paper_id
discarded,Reinforcement Learning Based Recovery of Education After Natural Hazards,Zaishang Li; Rafael Fernandez; Dina D'Ayala,2025,"2025 International Conference for Artificial Intelligence, Applications, Innovation and Ethics (AI2E)",10.1109/AI2E64943.2025.10983197,https://ieeexplore.ieee.org/document/10983197/,off-topic-false-hit,"School facilities are essential in offering a safe and stable environment for education. However, schools are prone to damage during natural hazard events, causing education disruptions. It is imperative to rapidly reopen schools after such events so that students can receive timely education. In the meantime, the continued delivery of education services also depends on the infrastructure supporting schools, such as roads and bridges. In this paper, a reinforcement learning-based approach to recovering schools considering associated bridges is proposed. Two separate but interactive crews are modeled to deliver recovery actions to schools and bridges respectively. The effectiveness of the proposed approach is demonstrated with a case study in the Dominican Republic. Results show that the use of reinforcement learning leads to the identification of recovery strategies that are more efficient than the ones identified by heuristic based ranking priorities.",ieee,llm,1.000,unreviewed,,doi:10.1109/ai2e64943.2025.10983197
discarded,Punjabi DeConverter for Generating Punjabi from Universal Networking Language,Parteek Kumar; Rajendra Kumar Sharma,2013,Journal of Zhejiang University-SCIENCE C (Computers & Electronics),10.1631/jzus.C1200061,https://ieeexplore.ieee.org/document/11286196/,off-topic-false-hit,"DeConverter is core software in a Universal Networking Language (UNL) system. A UNL system has EnConverter and DeConverter as its two major components. EnConverter is used to convert a natural language sentence into an equivalent UNL expression, and DeConverter is used to generate a natural language sentence from an input UNL expression. This paper presents design and development of a Punjabi DeConverter. It describes five phases of the proposed Punjabi DeConverter, i.e., UNL parser, lexeme selection, morphology generation, function word insertion, and syntactic linearization. This paper also illustrates all these phases of the Punjabi DeConverter with a special focus on syntactic linearization issues of the Punjabi DeConverter. Syntactic linearization is the process of defining arrangements of words in generated output. The algorithms and pseudocodes for implementation of syntactic linearization of a simple UNL graph, a UNL graph with scope nodes and a node having un-traversed parents or multiple parents in a UNL graph have been discussed in this paper. Special cases of syntactic linearization with respect to Punjabi language for UNL relations like ‘and’, ‘or’, ‘fmt’, ‘cnt’, and ‘seq’ have also been presented in this paper. This paper also provides implementation results of the proposed Punjabi DeConverter. The DeConverter has been tested on 1000 UNL expressions by considering a Spanish UNL language server and agricultural domain threads developed by Indian Institute of Technology (IIT), Bombay, India, as gold-standards. The proposed system generates 89.0% grammatically correct sentences, 92.0% faithful sentences to the original sentences, and has a fluency score of 3.61 and an adequacy score of 3.70 on a 4-point scale. The system is also able to achieve a bilingual evaluation understudy (BLEU) score of 0.72.",ieee,llm,1.000,unreviewed,,doi:10.1631/jzus.c1200061
discarded,Design and application of a physical programming course for the development of multiple intelligences in children,Wei Deng; Meijuan Liu; Minyu Shen; Xiangmiao Cong,2022,2022 International Conference on Intelligent Education and Intelligent Research (IEIR),10.1109/IEIR56323.2022.10050074,https://ieeexplore.ieee.org/document/10050074/,adjacent-subtopic,"This study uses a physical programming course to explore the development of children’s multiple intelligences. The process includes the design of teaching objectives, course design, course implementation and evaluation of effectiveness. A graphic multiple intelligences test scale was designed to measure children’s multiple intelligences. The study was conducted as a controlled experiment and the implementation of the courses showed that the physical programming coursess had a significant effect on the development of children’s natural observation, visual-spatial and mathematical-logical intelligences compared to the traditional courses.",ieee,llm,0.900,unreviewed,,doi:10.1109/ieir56323.2022.10050074
discarded,Markerless Sagittal Gait Analysis of Cerebral Palsy in Children Using Pose Estimation Techniques,Vinay Kumar Vats; Chandra Prakash; Amandeep Kaur; Rajesh Kumar,2025,2025 International Conference on Innovation in Computing and Engineering (ICE),10.1109/ICE63309.2025.10984338,https://ieeexplore.ieee.org/document/10984338/,off-topic-false-hit,"Cerebral Palsy (CP) is a neurological disorder affecting children’s motor function and posture. Early detection and monitoring of Cerebral palsy is crucial for effective intervention and improved quality of life. Gait analysis is a critical tool for assessing motor function in children with cerebral palsy, often requiring controlled environments and markers for accuracy. Markerless gait analysis has emerged as a promising tool for objectively evaluating gait abnormalities in children with CP. In this study, we propose a markerless methodology utilising pose estimation to analyse gait patterns from sagittal video recordings captured in unconstrained environments. The dataset consists of 49 children, including 10 typically developing children and 39 with cerebral palsy, focusing on side-view videos for the analysis. Given the motor disabilities of these children, conducting gait analysis in a constrained environment can alter their natural walking patterns, making our approach particularly advantageous. Then we identify the key gait events, heel strike and toe-off, to distinguish gait between cycles by tracing knee joint movements. This technique demonstrates the potential for practical, non-invasive gait assessment in natural settings, offering insights into the distinct gait characteristics of children with cerebral palsy compared to their typically developing peers.",ieee,llm,1.000,unreviewed,,doi:10.1109/ice63309.2025.10984338
discarded,A Robot that learns and teaches english language to native Chinese children,Qazi S. M. Zia-ul-Haque; Zhiliang Wang; Cunyang Li; Juan Wang; Yujun,2007,2007 IEEE International Conference on Robotics and Biomimetics (ROBIO),10.1109/ROBIO.2007.4522315,https://ieeexplore.ieee.org/document/4522315/,off-topic-false-hit,"We are working towards development of interactive robots for in house use. In house use of robots may vary from physical services to personal assistant and caregiver. We present here a robot that serves as a companion who helps Chinese kids in learning and improving their English Language skills. There are two versions of our robot 1) a soft robotic avatar and 2) a physical interactive toy robot. The robot interacts with users through speech and conventional I/Os. It not only teaches English to kids but also learns English language from instructor to enhance its teaching capabilities. This paper presents the developmental model of such robot, its performance and features",ieee,llm,0.990,unreviewed,,doi:10.1109/robio.2007.4522315
discarded,Improved Design of Concurrent Synchronization System Controller Based on Petri Net,Xu Yang; Shaocui Guo; Dongming Xiang; Yuxin Yang; Yijun Chen,2023,Journal of Web Engineering,10.13052/jwe1540-9589.2272,https://ieeexplore.ieee.org/document/10431808/,off-topic-false-hit,"At present, the advancement of science and technology has contributed to the emergence of various network parallel environments, web service concurrency environments and massively parallel processors. In order to abstract some practical systems into concurrent system models, it is necessary to conduct model analysis, and to perform deadlock detection of the concurrent system. Despite prior studies on the control problem of the synchronous concurrent system, there remains room for improvement in terms of workload, time, and efficiency. Some very practical methods are explored by introducing locking and unlocking to synchronize the concurrent system, and the algorithm that involves the specific regulation is provided. The Petri net model of the controller is developed to provide an effective method applicable to find the deadlock and to prevent and eliminate the deadlock for synchronous concurrent systems.",ieee,llm,1.000,unreviewed,,doi:10.13052/jwe1540-9589.2272
discarded,Intelligent Framework for Character Behavior Analysis Using Social Cognitive Theory in Children's Literature and Media,Vijayalakshmi P; Rajakumari R,2025,2025 2nd International Conference on Artificial Intelligence and Knowledge Discovery in Concurrent Engineering (ICECONF),10.1109/ICECONF65644.2025.11379634,https://ieeexplore.ieee.org/document/11379634/,off-topic-false-hit,"Understanding character behavior in children's literature and media is vital for both psychological analysis and educational design. In this project, the researcher suggests a smart system that aligns both Bandura Social Cognitive Theory (SCT) and hybrid Artificial Intelligence (AI) at the analysis of the character behavior in multimodal stories. It annotated and curated a wide corpus of 200 books of children and 50 animated films. The Natural Language Processing (NLP), Computer Vision (CV) and audio-based emotion recognition were used to extract behavioral cues. These characteristics were in line with the SCT constructs of observational learning, self-efficacy, and moral disengagement. The hybrid structure suggested merges the symbolic SCT rule-based reasoning and BERT-GRU neural model to predict the behavior. Scalable behavior tracking is further provided by dynamic behavioral graphs and semi-supervised label propagation. Fourteen-fold evaluation on 10 behavior categories demonstrated that the hybrid model had a maximum classification accuracy of 94.6, surpassing the standalone BERT (91.2) and SCTonly standalone models (85.3). F1-scores were above 91 (mean), and explainability scores conformed to SCT constructs were 92.3. There is cross-media consistency tests, which showed bit more than 87 % consistency in character behavior in books and in films. This framework was also strong when used in low-supervision environments, where the data only needed to be labeled 15 % to achieve an over 90 % annotation accuracy through graph-based label propagation. The study offers a pedagogically-based, explainable and scalable character behavior analysis tool. It has a lot of implications on educational content assessment, study of moral development, and critical literature written with the help of AI. The cross-media nature of the system opens the way to the cohesion of behavioral analysis in books, movies, and the interactive storytelling platforms.",ieee,llm,1.000,unreviewed,,doi:10.1109/iceconf65644.2025.11379634
discarded,Experimental Evaluation of Adversarial Attacks Against Natural Language Machine Learning Models,Jonathan Li; Steven Pugh; Honghe Zhou; Lin Deng; Josh Dehlinger; Suranjan Chakraborty,2023,"2023 IEEE/ACIS 21st International Conference on Software Engineering Research, Management and Applications (SERA)",10.1109/SERA57763.2023.10197813,https://ieeexplore.ieee.org/document/10197813/,off-topic-false-hit,"Machine learning models are being increasingly relied on for many natural language processing tasks. However, these models are vulnerable to adversarial attacks, i.e., inputs designed to target models into making a wrong prediction. Among different methods of attacking a model, it is important to understand what attacks are effective, so that we can design countermeasures to protect the models. In this paper, we design and implement six adversarial attacks against natural language machine learning models. Then, we evaluate the effectiveness of these attacks using a fine-tuned distilled BERT model and 5,000 sample sentences from the SST-2 dataset. Our results indicate that the Word-replace attack affected the model the most, which reduces the F1-score of the model by 34%. The Word-delete attack is the least effective, but still reduces the model’s accuracy by 17%. Based on the experimental results, we discuss our insights and provide our recommendations for building robust natural language machine learning models.",ieee,llm,1.000,unreviewed,,doi:10.1109/sera57763.2023.10197813
discarded,Advancing Speech Therapy for Sinhala-Speaking Children with Autism Spectrum Disorder Through an Intelligent Dialog System,Aparna Jayawardena; Koliya Pulasinghe; Samantha Rajapakshe,2025,2025 International Research Conference on Smart Computing and Systems Engineering (SCSE),10.1109/SCSE65633.2025.11030959,https://ieeexplore.ieee.org/document/11030959/,off-topic-false-hit,"This paper presents a dialog system integrated with a NAO socially assistive robot, designed to support Sinhala-speaking children with Autism Spectrum Disorder (ASD). The system leverages a pipeline-based architecture implemented using the RASA framework, consisting of Natural Language Understanding (NLU), Dialog Management (DMU), and Natural Language Generation (NLG) units. The NLU unit processes user input by identifying intents, entities, and dialogue acts, incorporating custom tools like the SpokenSinhalaVerbTokenizer for handling spoken Sinhala. The DMU includes a Dialog State Tracker (DST) to maintain conversation context and a Dialog Policy Generator, which employs rule-based, TED, and UnexpecTED policies to adapt conversation flows dynamically. The NLG unit generates natural responses to foster interactive and goal-oriented conversations. Integrated with the NAO robot, the system engages children through meaningful dialogues, such as discussing toy preferences, aiming to enhance social interaction and communication skills. This work highlights the potential of conversational AI and robotics in therapeutic interventions for ASD in low-resource languages.",ieee,llm,1.000,unreviewed,,doi:10.1109/scse65633.2025.11030959
discarded,Validation of a Natural Language Processing-Assisted Chart Review Method for Identifying Advance Care Planning Documentation in Pediatric Critical Illness,"Upham, Emily J.; Gouda, Suzanne R.; Lindvall, Charlotta; DeCourcey, Danielle D.",2026,CRITICAL CARE EXPLORATIONS,10.1097/CCE.0000000000001494,https://www.webofscience.com/wos/woscc/full-record/WOS:001885086600001,off-topic-false-hit,"OBJECTIVES: Reliable measurement of advance care planning (ACP) is essential for evaluating both communication practices and quality of care in pediatric critical illness. However, most ACP documentation is embedded in free-text clinical notes and cannot be captured using administrative data, while manual chart review is time-intensive and difficult to scale. We sought to validate a rule-based natural language processing (NLP) approach to identify ACP documentation in the electronic health record (EHR) compared with manual chart review.DESIGN: Retrospective cohort study.SETTING: Single-center, quaternary PICU.PATIENTS: Children younger than 21 years admitted to the PICU for greater than 24 hours following out-of-hospital cardiac arrest (OHCA) from 2012 to 2024.INTERVENTIONS: None.MEASUREMENTS AND MAIN RESULTS: A rule-based NLP approach incorporating semi-automated chart review was developed through iterative refinement of previously validated keyword libraries to identify ACP documentation across prespecified domains in the EHR. In the validation cohort (n = 95), NLP-assisted chart review showed complete agreement with manual chart review (F1 = 1.0) while substantially reducing abstraction time, enabling analysis of over 31,479 clinical notes in 3 days compared with 6 months for manual review of 43,179 notes. Among 125 children with OHCA, 65% had documented ACP discussions (n = 81). Goals-of-care conversations were most common (99%), followed by limitations of life-sustaining treatment (78%), subspecialty palliative care involvement (28%), preferred location of death (9%), and hospice discussions (7%).CONCLUSIONS: NLP-assisted chart review can efficiently and accurately identify ACP documentation in pediatric critical illness for retrospective research and quality improvement efforts. This semi-automated workflow substantially reduced manual abstraction burden while maintaining excellent agreement with manual chart review, enabling effective abstraction of communication processes not captured in structured data.",wos,llm,1.000,unreviewed,,doi:10.1097/cce.0000000000001494
discarded,Prescription sequence symmetry analysis of voriconazole-associated hypomagnesemia in pediatric patients with hematologic diseases,"Li, Ying; Xie, Han; Tan, Linbo",2026,FRONTIERS IN PHARMACOLOGY,10.3389/fphar.2026.1948603,https://www.webofscience.com/wos/woscc/full-record/WOS:001884608200001,off-topic-false-hit,"Objective: To evaluate the temporal association between voriconazole and hypomagnesemia in pediatric patients with hematologic diseases using prescription sequence symmetry analysis (PSSA) and to assess the utility of hospital information system (HIS)-based active drug safety surveillance. Methods: Inpatient data were extracted from the Children's Hospital of Chongqing Medical University from November 2013 to December 2024. The first year served as a data integrity verification window and the subsequent approximately 10-year period as the formal analysis phase. Patients with hematologic diseases were identified using ICD-10 codes C81-C96, D45-D47, and D60-D61. Each patient contributed the first voriconazole prescription and first hypomagnesemia event (Mg2+ < 0.6 mmol/L). The primary analysis used a 365-day washout period, 90-day exposure window, and 7-day blackout period. Adjusted sequence ratios (aSRs) with 95% confidence intervals (CIs) were estimated, with 10 parameter sensitivity analyses, monitoring-intensity correction, four control analyses, and stratified analyses by concomitant medications. Results: Among 536 eligible patients, 364 (67.9%) had serum magnesium measurements. The post-exposure sequence comprised 58 patients and the reverse sequence eight patients, yielding an aSR of 5.76 (95% CI: 2.75-12.06). Median time to hypomagnesemia after voriconazole initiation was 28 days (IQR: 20-43), and 32/58 events (55.2%) occurred within 30 days. Exploratory dose-response analysis showed no association between weight-based voriconazole dose and hypomagnesemia occurrence (P = 0.437). All parameter sensitivity analyses produced aSRs >3.9; after correction for monitoring intensity, the aSR was 3.33 (95% CI: 1.59-6.98); in a sensitivity grid, the association remained statistically significant for monitoring-intensity ratios up to 2.75. All four control analyses agreed with their prespecified expectations. Associations remained significant in the PPI and aminoglycoside strata, whereas the loop-diuretic non-user stratum showed the same direction but was not statistically significant. Conclusion: Voriconazole initiation was temporally associated with subsequent hypomagnesemia in pediatric patients with hematologic diseases. PSSA may complement spontaneous reporting systems for detecting laboratory-defined safety signals. Weekly serum magnesium monitoring should be considered during the first 30 days of voriconazole therapy. These findings support a temporal association but do not establish causality.",wos,llm,1.000,unreviewed,,doi:10.3389/fphar.2026.1948603
discarded,Young Children's Sudden Talk About the Past: A Case Study of Two Young Girls' Spontaneous Memories Across 7 Months,"Sonne, Trine; Jensen, Toril S.; Berntsen, Dorthe; Krojgaard, Peter; Kingo, Osman S.",2026,PSYCHOLOGY OF CONSCIOUSNESS-THEORY RESEARCH AND PRACTICE,10.1037/cns0000491,https://www.webofscience.com/wos/woscc/full-record/WOS:001879324400001,off-topic-false-hit,"Most research on children's spontaneous recall stems from laboratory studies. While valuable for experimental control, they differ from children's everyday lives. Few diary studies have examined spontaneous recall in real-life settings. We report a 7-month case study with two girls aged 26 and 44 months. Memories, including cues, emotional valence, and event age, were registered, and a subset of memories was tested on strategic recall. We expected memories to be triggered predominantly by objects and something said and to be positive and mundane. Based on prior findings, we expected strategic recall difficulties. A total of 51 and 58 memories were recorded for the younger and older child, respectively. Memories from the younger child were mostly triggered by objects, followed by location. For the older child, the triggering cues were object and something said as expected. The memories were primarily positive and about mundane events, and strategic recall was limited. Implications for understanding the development of spontaneous memories are discussed.",wos,llm,1.000,unreviewed,,doi:10.1037/cns0000491
