status,title,authors,year,venue,doi,url,tags,abstract,provider,decision_source,llm_confidence,llm_review_outcome,llm_change_direction,paper_id
discarded,How Developers Talk About Personal Data and What It Means for User Privacy,Tianshi Li; Elizabeth Louie; Laura Dabbish; Jason Hong,2021,Proceedings of the ACM on Human-Computer Interaction,10.1145/3432919,https://openalex.org/W3120130861,adjacent-subtopic,"While online developer forums are major resources of knowledge for application developers, their roles in promoting better privacy practices remain underexplored. In this paper, we conducted a qualitative analysis of a sample of 207 threads (4772 unique posts) mentioning different forms of personal data from the /r/androiddev forum on Reddit. We started with bottom-up open coding on the sampled posts to develop a typology of discussions about personal data use and conducted follow-up analyses to understand what types of posts elicited in-depth discussions on privacy issues or mentioned risky data practices. Our results show that Android developers rarely discussed privacy concerns when talking about a specific app design or implementation problem, but often had active discussions around privacy when stimulated by certain external events representing new privacy-enhancing restrictions from the Android operating system, app store policies, or privacy laws. Developers often felt these restrictions could cause considerable cost yet fail to generate any compelling benefit for themselves. Given these results, we present a set of suggestions for Android OS and the app store to design more effective methods to enhance privacy, and for developer forums(e.g., /r/androiddev) to encourage more in-depth privacy discussions and nudge developers to think more about privacy.",openalex,llm,0.990,unreviewed,,doi:10.1145/3432919
kept,"Review of iOS architectural pattern for testability, modifiability, and performance quality",Fauzi Sholichin; Mohd Adham Isa; Shahliza Abd Halim; Muhamad Farhin Harun,2019,,,https://openalex.org/W3164068135,supports-claim; qualifies-claim,"In the mobile development especially in iOS, a correct selection of architecture patterns is crucial. Many architectural patterns used by developers such as Model View Controller (MVC), Model View Presenter (MVP), Model View ViewModel (MVVM), and View Interactor Presenter Entity Router (VIPER) have promised stability of the product. Nowadays, most developers tend to use MVC architectural pattern as this pattern is easy to use and separate the logic between model, view and controller. However, this architecture has common problems which are hard to test and manage the code because all the codes for business application are placed in controller components. Therefore, this paper reviewed some of the existing architectural patterns qualities specifically in testability, modifiability and performance quality in order to investigate the mentioned problems. By using Contact mobile apps as a case study, the results show the MVVM architecture is good for testability, modifiability (cohesion level procedural), and performance (memory consumption). In addition, VIPER is the best in modifiability (coupling level data and coupling level message) and performance of CPU.",openalex,llm,0.990,unreviewed,,hash:1c33ef4f6e93c36f
discarded,An Empirical Study on System Level Aspects of Internet of Things (IoT),S. Narayana Swamy; Kota Solomon Raju,2020,IEEE Access,10.1109/access.2020.3029847,https://openalex.org/W3092545670,adjacent-subtopic,"Internet of Things (IoT) is an integration of the Sensor, Embedded, Computing, and Communication technologies. The purpose of the IoT is to provide seamless services to anything, anytime at any place. IoT technologies play a crucial role everywhere, which brings the fourth revolution of disruptive technologies after the internet and Information and Communication Technology (ICT). The Research & Development community has predicted that the impact of IoT will be more than the internet and ICT on society, which improves the well-being of society and industries. Addressing the predominant system-level design aspects like energy efficiency, robustness, scalability, interoperability, and security issues result in the use of a potential IoT system. This paper presents the current state of art of the functional pillars of IoT and its emerging applications to motivate academicians and researches to develop real-time, energy-efficient, scalable, reliable, and secure IoT applications. This paper summarizes the architecture of IoT, with the contemporary status of IoT architectures. Highlights of the IoT system-level issues to develop more advanced real-time IoT applications have been discussed. Millions of devices exchange information using different communication standards, and interoperability between them is a significant issue. This paper provides the current status of the communication standards and application layer protocols used in IoT with the detailed analysis. The computing paradigms like Cloud, Cloudlet, Fog, and Edge computing facilitate IoT with various services like data offloading, resource and device management, etc. In this paper, an exhaustive analysis of Edge Computing in IoT with different edge computing architectures and existing status are deliberated. The widespread adoption of IoT in society has resulted in privacy and security issues. This paper emphasizes on analyzing the security challenges, privacy and security threats, conventional mitigation techniques, and further scope for IoT security. The features like fewer memory footprints, scheduling, real-time task execution, fewer interrupt, and thread switching latency of Real-Time Operating Systems (RTOS) enables the development of time critical IoT applications. Also, this review offers the analysis of the RTOS's suitable for IoT with the current status and networking stack. Finally, open research issues in IoT system development are discussed.",openalex,llm,0.980,unreviewed,,doi:10.1109/access.2020.3029847
discarded,"How can clinicians, specialty societies and others evaluate and improve the quality of apps for patient use?",Jeremy C Wyatt,2018,BMC Medicine,10.1186/s12916-018-1211-7,https://openalex.org/W2902737726,off-topic-false-hit,"BACKGROUND: Health-related apps have great potential to enhance health and prevent disease globally, but their quality currently varies too much for clinicians to feel confident about recommending them to patients. The major quality concerns are dubious app content, loss of privacy associated with widespread sharing of the patient data they capture, inaccurate advice or risk estimates and the paucity of impact studies. This may explain why current evidence about app use by people with health-related conditions is scanty and inconsistent. MAIN TEXT: There are many concerns about health-related apps designed for use by patients, such as poor regulation and implicit trust in technology. However, there are several actions that various stakeholders, including users, developers, health professionals and app distributors, can take to tackle these concerns and thus improve app quality. This article focuses on the use of checklists that can be applied to apps, novel evaluation methods and suggestions for how clinical specialty organisations can develop a low-cost curated app repository with explicit risk and quality criteria. CONCLUSIONS: Clinicians and professional societies must act now to ensure they are using good quality apps, support patients in choosing between available apps and improve the quality of apps under development. Funders must also invest in research to answer important questions about apps, such as how clinicians and patients decide which apps to use and which app factors are associated with effectiveness.",openalex,llm,0.990,unreviewed,,doi:10.1186/s12916-018-1211-7
kept,Towards High Quality Mobile Applications: Android Passive MVC Architecture,Karina Sokolova; Marc Lemercier; Ludovic Garcia; La Chapelle Saint Luc,2014,,,https://openalex.org/W2884290513,supports-claim,"Abstract—Nowadays, the demand for mobile application devel-opment is high. To be competitive, a mobile application should be cost-effective and should be of good quality. The architecture choice is important to ensure the quality of the application over time and to reduce development time. Two main leaders are very represented on the mobile market: Apple (iOS) and Google (Android). The iOS development is based on the Model-View-Controller design pattern and is well structured. The Android system does not require any model: the architecture choice and the application quality highly depends on the developer experience. Heterogeneous solutions slow down the developer, while the one known design pattern could not only boost development time, but improve the maintainability, extensibility and performance of the application. In this work, we investigate widely used architectural design patterns and propose a unified architecture model adapted to Android development. We provide implementation examples and test the efficiency of the proposed architecture by implementing it on real applications. Keywords–Smart mobile devices (smartphones, tablets); de-sign patterns; Model-View-Controller; Android architecture model; Fragments; Android passive MVC. I.",openalex,llm,0.960,unreviewed,,hash:c028f55fce273f19
kept,Ajax in Action,Dave Crane; Eric Pascarello; Darren James,2005,Medical Entomology and Zoology,,https://openalex.org/W1522092155,supports-claim,"Val's Blog A tremendously useful field guide specifically written for developers down in the trenches...waiting for the killer solution... Web users are getting tired of the traditional web experience. They get frustrated losing their scroll position; they get annoyed waiting for refresh; they struggle to reorient themselves on every new page. And the list goes on. With asynchronous JavaScript and XML, known as Ajax, you can give them a better experience. Once users have experienced an Ajax interface, they hate to go back. Ajax is new way of thinking that can result in a flowing and intuitive interaction with the user.Ajax in Action helps you implement that thinking--it explains how to distribute the application between the client and the server (hint: use a nested MVC design) while retaining the integrity of the system. You will learn how to ensure your app is flexible and maintainable, and how good, structured design can help avoid problems like browser incompatibilities. Along the way it helps you unlearn many old coding habits. Above all, it opens your mind to the many advantages gained by placing much of the processing in the browser. If you are a web developer who has prior experience with web technologies, this book is for you.",openalex,llm,0.820,unreviewed,,hash:988b1cb8533e5b1e
kept,The Exploration and Practice of MVVM Pattern on Android Platform,Wei Sun; Haohui Chen; Wen Yu,2016,,10.2991/icmmita-16.2016.205,https://openalex.org/W2579291714,supports-claim,"How UI designers and business engineers collaborate to development apps on Android platform conveniently and effectively is a difficult problem to tackle when projects get more complicate and need more effort.This paper compared the commonality and variability of MVVM with the commonly used MVC and MVP patterns.An RSS subscription app was designed and implemented by using Data Binding and Rome.jar techniques and the use of MVVM pattern on Android platform was explored.Three key points to solve the problem of bidirectional binding of views and view models were described.Decoupling of Model and View further separated data, logic and view and satisfied the requirements of different format of views for the same model.Therefore, duplicated code was reduced.The more important is that the coupling level of code was decreased for multiple developers.The software design objective of ""high cohesion and low cupping"" was achieved and efficiently collaborative development was accomplished.",openalex,llm,0.960,unreviewed,,doi:10.2991/icmmita-16.2016.205
discarded,A Usability Study of a Mobile Health Application for Rural Ghanaian Midwives,Olivia Vélez; Portia Boakye Okyere; Andrew S. Kanter; Suzanne R. Bakken,2014,Journal of Midwifery & Women s Health,10.1111/jmwh.12071,https://openalex.org/W2157648900,adjacent-subtopic,"INTRODUCTION: Midwives in rural Ghana work at the frontline of the health care system, where they have access to essential data about the patient population. However, current methods of data capture, primarily pen and paper, make the data neither accessible nor usable for monitoring patient care or program evaluation. Electronic health (eHealth) systems present a potential mechanism for enhancing the roles of midwives by providing tools for collecting, exchanging, and viewing patient data as well as offering midwives the possibility for receiving information and decision support. Introducing such technology in low-resource settings has been challenging because of low levels of user acceptance, software design that does not match the end-user environment, and/or unforeseen challenges such as irregular power availability. These challenges are often attributable to a lack of understanding by the software developers of the end users' needs and work environment. METHODS: A mobile health (mHealth) application known as mClinic was designed to support midwife access to the Millennium Village-Global Network, an eHealth delivery platform that captures data for managing patient care as well as program evaluation and monitoring, decision making, and management. We conducted a descriptive usability study composed of 3 phases to evaluate an mClinic prototype: 1) hybrid lab-live software evaluation of mClinic to identify usability issues; 2) completion of a usability questionnaire; and 3) interviews that included low-fidelity prototyping of new functionality proposed by midwives. RESULTS: The heuristic evaluation identified usability problems related to 4 of 8 usability categories. Analysis of usability questionnaire data indicated that the midwives perceived mClinic as useful but were more neutral about the ease of use. Analysis of midwives' reactions to low-fidelity prototypes during the interview process supported the applicability of mClinic to midwives' work and identified the need for additional functionality. DISCUSSION: User acceptance is essential for the success of any mHealth implementation. Usability testing identified mClinic development flaws and needed software enhancements.",openalex,llm,0.990,unreviewed,,doi:10.1111/jmwh.12071
discarded,User-Centered Design of a Mobile Health Intervention to Enhance Exacerbation-Related Self-Management in Patients With Chronic Obstructive Pulmonary Disease (Copilot): Mixed Methods Study,Yvonne J G Korpershoek; Sander Hermsen; Lisette Schoonhoven; Marieke Joanna Schuurmans; Jaap C.A. Trappenburg,2020,Journal of Medical Internet Research,10.2196/15449,https://openalex.org/W3021947321,adjacent-subtopic,"BACKGROUND: Adequate self-management skills are of great importance for patients with chronic obstructive pulmonary disease (COPD) to reduce the impact of COPD exacerbations. Using mobile health (mHealth) to support exacerbation-related self-management could be promising in engaging patients in their own health and changing health behaviors. However, there is limited knowledge on how to design mHealth interventions that are effective, meet the needs of end users, and are perceived as useful. By following an iterative user-centered design (UCD) process, an evidence-driven and usable mHealth intervention was developed to enhance exacerbation-related self-management in patients with COPD. OBJECTIVE: This study aimed to describe in detail the full UCD and development process of an evidence-driven and usable mHealth intervention to enhance exacerbation-related self-management in patients with COPD. METHODS: The UCD process consisted of four iterative phases: (1) background analysis and design conceptualization, (2) alpha usability testing, (3) iterative software development, and (4) field usability testing. Patients with COPD, health care providers, COPD experts, designers, software developers, and a behavioral scientist were involved throughout the design and development process. The intervention was developed using the behavior change wheel (BCW), a theoretically based approach for designing behavior change interventions, and logic modeling was used to map out the potential working mechanism of the intervention. Furthermore, the principles of design thinking were used for the creative design of the intervention. Qualitative and quantitative research methods were used throughout the design and development process. RESULTS: The background analysis and design conceptualization phase resulted in final guiding principles for the intervention, a logic model to underpin the working mechanism of the intervention, and design requirements. Usability requirements were obtained from the usability testing phases. The iterative software development resulted in an evidence-driven and usable mHealth intervention-Copilot, a mobile app consisting of a symptom-monitoring module, and a personalized COPD action plan. CONCLUSIONS: By following a UCD process, an mHealth intervention was developed that meets the needs and preferences of patients with COPD, is likely to be used by patients with COPD, and has a high potential to be effective in reducing exacerbation impact. This extensive report of the intervention development process contributes to more transparency in the development of complex interventions in health care and can be used by researchers and designers as guidance for the development of future mHealth interventions.",openalex,llm,0.990,unreviewed,,doi:10.2196/15449
discarded,Modern Android 13 Development Cookbook: Over 70 recipes to solve Android development issues and create better apps with Kotlin and Jetpack Compose,Madona S. Wambua,2023,Modern Android 13 Development Cookbook: Over 70 recipes to solve Android development issues and create better apps with Kotlin and Jetpack Compose,,https://ieeexplore.ieee.org/document/10251241/,adjacent-subtopic,"Build exceptional Android applications and wearables with concise guided recipes and support the new foldable technology by using the latest Jetpack libraries Purchase of the print or Kindle book includes a free PDF eBookKey FeaturesLeverage the power of the latest Jetpack libraries in your day-to-day Android development tasksExplore Wear OS and build large screens to support the foldable world using the declarative approachWrite tests and debug your code as you discover the most useful tips, tricks, and best practicesBook DescriptionAndroid is a powerful operating system widely used in various devices, phones, TVs, wearables, automobiles, and more. This Android cookbook will teach you how to leverage the latest Android development technologies for creating incredible applications while making effective use of popular Jetpack libraries. You’ll also learn which critical principles to consider when developing Android apps. The book begins with recipes to get you started with the declarative UI framework, Jetpack Compose, and help you with handling UI states, Navigation, Hilt, Room, Wear OS, and more as you learn what's new in modern Android development. Subsequent chapters will focus on developing apps for large screens, leveraging Jetpack’s WorkManager, managing graphic user interface alerts, and tips and tricks within Android studio. Throughout the book, you'll also see testing being implemented for enhancing Android development, and gain insights into harnessing the integrated development environment of Android studio. Finally, you’ll discover best practices for robust modern app development. By the end of this book, you’ll be able to build an Android application using the Kotlin programming language and the newest modern Android development technologies, resulting in highly efficient applications.What you will learnUse Kotlin programming to build your Android applicationsLeverage modern Android development (MAD) libraries to create exceptional appsExplore modern app architecture concepts such as model-view-viewmodel (MVVM)Utilize dependency injection, clean architecture, and module organizationDiscover how to write UI and unit tests for your applicationsGet to grips with paging, data binding, and datastoreBuild large screens to support the new foldable worldExplore principles of Wear OS in modern Android developmentWho this book is forThis book is for active junior-to-mid-level Android developers with one to two years of professional experience in developing Android applications who are interested in advancing their knowledge of Android development. The recipes in this book use Kotlin and not Java.",ieee,llm,0.930,unreviewed,,hash:be685ed9014f2bca
