status,title,authors,year,venue,doi,url,tags,abstract,provider,decision_source,llm_confidence,llm_review_outcome,llm_change_direction,paper_id
discarded,Evaluating Large Language Models Trained on Code,"Mark I-Cheng Chen; Jerry Tworek; Heewoo Jun; Yuan, Qiming; Henrique Pondé de Oliveira Pinto; Jared Kaplan; Harrison S. Edwards; Yuri Burda; Nicholas Joseph; Greg Brockman; Alex Ray; Raul Puri; Gretchen Marie Krueger; Michael Petrov; Heidy Khlaaf; Girish Sastry; Pamela Mishkin; Brooke Chan; Scott Gray; Nick Ryder; Mikhail Pavlov; Alethea Power; Łukasz Kaiser; Mohammad Bavarian; Clemens Winter; Philippe Tillet; Felipe Petroski Such; Dave Cummings; Matthias Plappert; Fotios Chantzis; Elizabeth A. Barnes; Ariel Herbert-Voss; William H. Guss; Alex Nichol; Alex Paino; Nikolas Tezak; Jie Tang; I. Babuschkin; Suchir Balaji; Shantanu Jain; Saunders, William; Christopher Hesse; Andrew N. Carr; Jan Leike; Joshua Achiam; Vedant Misra; Evan Morikawa; Alec Radford; Knight, Matthew; Miles Brundage; Mira Murati; Katie Mayer; Peter Welinder; Bob McGrew; Dario Amodei; Sam McCandlish; Ilya Sutskever; Wojciech Zaremba",2021,arXiv (Cornell University),10.48550/arxiv.2107.03374,https://openalex.org/W3177813494,off-topic-false-hit,"I created a basic proof of concept of LMVM (Language Model Virtual Machine), a command line toolchain that English instructions into native binaries without intermediary high-level language compilation. The command line uses a large language model (LLM) as IR generation backend, producing LLVM Intermediate Representation (IR) directly from user instructions coding. The IR is compiled and linked to machine code (-o files) via `clang` (with an `llc`/`lld` fallback on POSIX hosts) and executed on bare metal, within Docker sandboxes, on AWS Lambda, or as standalone HTTP servers. How It Works (5 Steps) 1. You type an instruction - e.g. ""Create a rest api running on localhost port 3000 and return hello world"" 2. LMVM checks your computer - It figures out if you're on Windows/Mac/Linux, what CPU you have (Intel vs ARM), and makes sure clang (the compiler) is installed. If not, it offers to install it for you (with your permission). 3. An AI writes LLVM IR - Instead of writing C or Python, the LLM writes LLVM IR -- a low-level assembly-like language that sits between source code and machine code. The prompt includes your OS details so the AI generates code that works on your platform (e.g. Winsock on Windows vs POSIX sockets on Mac/Linux). 4. Clang turns IR into a native binary - clang compiles the IR and links it with system libraries (PostgreSQL, OpenSSL, SQLite, etc.) into a real executable. One step, no extra tools needed. 5. It runs - The binary executes directly on your CPU. If it's a Docker target, it runs sandboxed. If it's Lambda, it packages for AWS. 2. Why we care : Compiled native binaries outperform interpreted languages by 10-50x in CPU usage and 5-15x in memory for compute-heavy tasks, because interpreters add overhead with every instruction they process and their single-threaded execution model blocks true parallelism. Few runtimes that compile code on the fly, the gap narrows to 2-5x in CPU since those systems optimize hot code paths over time -- but native code still starts faster, uses less memory, and can run true parallel threads instead of juggling everything through a single event loop. The biggest gains show up in recursive and number-crunching workloads (where the cost of ""figuring out what to do next"" dominates) and memory-heavy tasks (where automatic garbage collection and wrapping every value in an object bloats memory usage). I/O-bound tasks show the smallest differences, because the operating system does the real work regardless of what language runtime sits on top. This also means we need to think carefully about maintainability, especially now that AI agents can generate code as a complete black box sometimes even producing low-level output that humans rarely inspect. 3. System Architecture [CLI] → [Toolchain] → [LLM Client] → [Compiler] → [Runner] → Output ↑ | Error Feedback | Self‑Correction Loop (x10) 3.1 CLI and Interactive Setup The command-line interface (built on Commander.js) exposes four commands: `run` (compile and execute), `compile` (IR generation only), `build` (compile existing IR), and `targets` (list output targets). 3.2 LLM Client The LLM client wraps an OpenAI-compatible API, supporting providers examples (OpenAI, Groq, Together AI, OpenRouter, and local llm instances). The command line agent constructs prompts from two sources: a system prompt (loaded from `Prompt.md`, ~4000 tokens) containing LLVM IR generation rules, security constraints, and code templates; and a user prompt containing a platform descriptor (host OS, exact target triple, sockets dialect), the instruction, target, and error context for retry attempts. A secondary method, is used by the toolchain bootstrapper to obtain package-manager commands for the detected host. 3.3 Platform Abstraction and Toolchain Bootstrapper Since LMVM builds real native programs, it has to know exactly what computer it's running on -- the same code won't work the same way on Windows vs Mac vs Linux. So a platform module figures out three things: 1. The ""target triple"" -- a label that tells the compiler exactly which OS and CPU to build for (like x86_64-pc-windows-msvc for 64-bit Windows, or arm64-apple-darwin for an M-series Mac). 2. How to do networking -- Windows uses its own socket system (Winsock), while Mac and Linux use the standard POSIX approach. The code has to match. 3. What package manager is available -- winget/choco/scoop on Windows, brew on Mac, apt/dnf/pacman on Linux. This matters if LMVM needs to install something. All of this gets described in plain text and injected into the AI's prompt, so it writes code that actually compiles on your machine instead of assuming you're on Linux. Before talking to the AI, LMVM runs a checklist to make sure your computer can actually compile things: 1. PATH fix - If you just installed clang but your terminal hasn't refreshed yet, LMVM detects the install location and patches its own PATH so it finds clang right away, no need to restart your terminal. 2. Is clang there? - It checks that the compiler is actually available. 3. Can clang actually build a program? (Windows only) -- On Windows, having clang isn't enough -- it also needs the MSVC linker and Windows SDK behind it. LMVM compiles a tiny test program to verify the full chain works. If it fails, the Visual Studio Build Tools are probably missing. 4. Install with user's permission - If anything is missing, LMVM asks the AI for the right install commands, shows them to you, and waits for your yes before running anything. Then it checks again. If the toolchain still can't work after all that, LMVM stops early and tells you exactly what to do (install manually, open a new terminal, or use Docker instead). It doesn't waste your AI API calls retrying something a code fix can't solve. 3.4 Code Compiler Compilation is driven by `clang`, which lowers the `.ll` and invokes the platform linker in a single step: Primary path (all platforms) - `clang output.ll -o `. Library flags are platform-aware: POSIX hosts use `-lpq`, `-lcurl`, `-lssl`, etc.; Windows links `ws2_32` for socket/server targets and relies on the MSVC C runtime. For the AWS Lambda target, static linking is applied. POSIX fallback - If `clang` is unavailable on macOS/Linux, the system falls back to the classic cascade: the LLVM Static Compiler (`llc -filetype=obj -relocation-model=pic`) to produce a position-independent object file, then `ld.lld` (`-flavor gnu`), the system C compiler (`cc`), or `clang` as a linker. A 60-second timeout bounds each invocation. The compiler maps library names to their respective linker flags through platform-specific lookup tables, covering PostgreSQL (libpq), HTTP (libcurl), JSON (cJSON), SSL/TLS (OpenSSL), image processing (libpng, libjpeg), databases (libsqlite3, libmysqlclient), compression (zlib), encryption (libcrypto), caching (hiredis), and message queues (librdkafka). 3.5 Execution Runner The runner dispatches binary execution based on the detected target like native , docker or AWS or GCR. 3.6 Self-Correction Loop When compilation or execution fails, the runtime updates a VM state object (`VMState`) with the error type (compiler/linker/runtime), error message, error line number, previous IR, and a compressed memory object (`VMMemory`) tracking accumulated errors and resolved dependencies. This enriched context is fed back to the LLM in the next attempt, enabling targeted correction. The loop terminates after a configurable maximum number of attempts (default: 10). 3.7 Security Layer LMVM employs defense-in-depth across three layers: 1. AI rules -- The instructions sent to the AI explicitly say: don't generate code that runs shell commands with user input, don't write files outside the allowed folder, don't read sensitive system files, don't hardcode passwords, and don't allocate unlimited memory. Think of this as a ""don't do bad things"" rulebook for the AI. 2. Sandbox -- When running in Docker, the program is locked down. A seccomp profile blocks the most dangerous system calls -- things like creating new processes, mounting drives, rebooting the machine, loading kernel modules, or snooping on other programs. Docker also limits the program to 512 MB of RAM and 1 CPU core, so it can't eat all your resources. This follows NIST security guidelines. 3. Input protection -- When LMVM runs the compiler or your program, it passes arguments as a structured list, not a single string. This means a hacker can't sneak in shell commands the way they might with string concatenation (the classic ""shell injection"" attack). The one exception is the toolchain installer, which does run shell commands -- but it always shows you the exact commands first and waits for your approval before running them. API keys are hidden in console output, and data buffers are capped at 10 MB to prevent memory explosions Appendix : As a demo using command LMVMcli command line we created a basic rest api directly as a machice code. Generated IR by GPT",openalex,llm,0.990,unreviewed,,doi:10.48550/arxiv.2107.03374
discarded,Ethnic Discrimination in Germany's Labour Market: A Field Experiment,Leo Kaas; Christian Manger,2010,SSRN Electronic Journal,10.2139/ssrn.1552675,https://openalex.org/W3122814814,off-topic-false-hit,,openalex,llm,1.000,unreviewed,,doi:10.2139/ssrn.1552675
discarded,Programming by Numbers: A Programming Method for Novices,Hugh Glaser,2000,The Computer Journal,10.1093/comjnl/43.4.252,https://openalex.org/W1977756940,adjacent-subtopic,"Students often have difficulty with the minutiae of program construction. We introduce the idea of ‘Programming by Numbers’, which breaks some of the programming process down into smaller steps, giving such students a way into the process of Programming in the Small. Programming by Numbers doesnot add intellectual difficulty to learning programming, as it does not require the student to learn additional tools or theory. In fact it can be done with pencil and paper or the normal editor, and only requires the student to remember (and understand) seven simple steps. Programming by Numbers works best with languages that offer pattern matching, such as ML, or data-directed dispatching, such as Java.",openalex,llm,0.930,unreviewed,,doi:10.1093/comjnl/43.4.252
discarded,DrScheme: a programming environment for Scheme,Robert Bruce Findler; John Clements; Cormac Flanagan; Matthew Flatt; Shriram Krishnamurthi; Paul A. Steckler; Matthias Felleisen,2002,Journal of Functional Programming,10.1017/s0956796801004208,https://openalex.org/W2015077407,adjacent-subtopic,"DrScheme is a programming environment for Scheme. It fully integrates a graphics-enriched editor, a parser for multiple variants of Scheme, a functional read-eval-print loop, and an algebraic printer. The environment is especially useful for students, because it has a tower of syntactically restricted variants of Scheme that are designed to catch typical student mistakes and explain them in terms the students understand. The environment is also useful for professional programmers, due to its sophisticated programming tools, such as the static debugger, and its advanced language features, such as units and mixins. Beyond the ordinary programming environment tools, DrScheme provides an algebraic stepper, a context-sensitive syntax checker, and a static debugger. The stepper reduces Scheme programs to values, according to the reduction semantics of Scheme. It is useful for explaining the semantics of linguistic facilities and for studying the behavior of small programs. The syntax checker annotates programs with font and color changes based on the syntactic structure of the program. On demand, it draws arrows that point from bound to binding occurrences of identifiers. It also supports α-renaming. Finally, the static debugger provides a type inference system that explains specific inferences in terms of a value-flow graph, selectively overlaid on the program text.",openalex,llm,0.870,unreviewed,,doi:10.1017/s0956796801004208
discarded,Learning to blame: localizing novice type errors with data-driven diagnosis,Eric L. Seidel; Huma Sibghat; Kamalika Chaudhuri; Westley R. Weimer; Ranjit Jhala,2017,Proceedings of the ACM on Programming Languages,10.1145/3138818,https://openalex.org/W2964296984,adjacent-subtopic,"Localizing type errors is challenging in languages with global type inference, as the type checker must make assumptions about what the programmer intended to do. We introduce Nate, a data-driven approach to error localization based on supervised learning. Nate analyzes a large corpus of training data -- pairs of ill-typed programs and their ""fixed"" versions -- to automatically learn a model of where the error is most likely to be found. Given a new ill-typed program, Nate executes the model to generate a list of potential blame assignments ranked by likelihood. We evaluate Nate by comparing its precision to the state of the art on a set of over 5,000 ill-typed OCaml programs drawn from two instances of an introductory programming course. We show that when the top-ranked blame assignment is considered, Nate's data-driven model is able to correctly predict the exact sub-expression that should be changed 72% of the time, 28 points higher than OCaml and 16 points higher than the state-of-the-art SHErrLoc tool. Furthermore, Nate's accuracy surpasses 85% when we consider the top two locations and reaches 91% if we consider the top three.",openalex,llm,0.980,unreviewed,,doi:10.1145/3138818
discarded,Grammar Errors Made by ESL Tertiary Students in Writing,Charanjit Kaur Swaran Singh; Amreet Kaur Jageer Singh; Nur Qistina Abd Razak; Thilaga Ravinthar,2017,English Language Teaching,10.5539/elt.v10n5p16,https://openalex.org/W2605214299,off-topic-false-hit,"The educational context in Malaysia demands students to be equipped with sound grammar so that they can produce good essays in the examination. However, despite having learnt English in primary and secondary schools, students in the higher learning institutions tend to make some grammatical errors in their writing. This study presents the grammatical errors made by tertiary students in their writing. The participants were a group of Diploma students who sat for a university entrance exam. One hundred and forty-four written essays of the students were collected and analysed using content analysis. Findings revealed that subject-verb agreement and tenses were the most common type of errors. Students over-generalised and perceived that the tenses could be used interchangeably. Another common error found was in the students’ construction of complex sentence. In such constructions, they failed to include essential and nonessential clauses. If teachers do not teach strategies to assist students in comprehending the concept of Subject-Verb Agreement (SVA), tenses, essential and nonessential clauses, these students will continue to make such errors in their tertiary education. The findings may have useful implications for English language teachers as understanding students’ learning difficulties and providing appropriate grammar instruction is the key to effective teaching for ESL teachers.",openalex,llm,1.000,unreviewed,,doi:10.5539/elt.v10n5p16
discarded,"Are you looking to teach? Cultural, temporal and dynamic insights into expert teacher gaze",Nora A. McIntyre; Tim Mainhard; Robert M. Klassen,2016,Learning and Instruction,10.1016/j.learninstruc.2016.12.005,https://openalex.org/W2562758970,off-topic-false-hit,,openalex,llm,1.000,unreviewed,,doi:10.1016/j.learninstruc.2016.12.005
discarded,Review of applications of TLBO algorithm and a tutorial for beginners to solve the unconstrained and constrained optimization problems,R. Venkata Rao,2015,Decision Science Letters,10.5267/j.dsl.2015.9.003,https://openalex.org/W1902150770,off-topic-false-hit,"The teaching-learning-based optimization (TLBO) algorithm is finding a large number of applications in different fields of engineering and science since its introduction in 2011.The major applications are found in electrical engineering, mechanical design, thermal engineering, manufacturing engineering, civil engineering, structural engineering, computer engineering, electronics engineering, physics, chemistry, biotechnology and economics.This paper presents a review of applications of TLBO algorithm and a tutorial for solving the unconstrained and constrained optimization problems.The tutorial is expected to be useful to the beginners.",openalex,llm,1.000,unreviewed,,doi:10.5267/j.dsl.2015.9.003
discarded,Automatic autoprojection of higher order recursive equations,Anders Bondorf,1991,Science of Computer Programming,10.1016/0167-6423(91)90035-v,https://openalex.org/W2095460218,adjacent-subtopic,,openalex,llm,0.970,unreviewed,,doi:10.1016/0167-6423(91)90035-v
discarded,𝜆ₛ: computable semantics for differentiable programming with higher-order functions and datatypes,Benjamin Sherman; Jesse Michel; Michael Carbin,2021,Proceedings of the ACM on Programming Languages,10.1145/3434284,https://openalex.org/W3043507022,adjacent-subtopic,"Deep learning is moving towards increasingly sophisticated optimization objectives that employ higher-order functions, such as integration, continuous optimization, and root-finding. Since differentiable programming frameworks such as PyTorch and TensorFlow do not have first-class representations of these functions, developers must reason about the semantics of such objectives and manually translate them to differentiable code. We present a differentiable programming language, λ S , that is the first to deliver a semantics for higher-order functions, higher-order derivatives, and Lipschitz but nondifferentiable functions. Together, these features enableλ S to expose differentiable, higher-order functions for integration, optimization, and root-finding as first-class functions with automatically computed derivatives. λ S ’s semantics is computable, meaning that values can be computed to arbitrary precision, and we implement λ S as an embedded language in Haskell. We use λ S to construct novel differentiable libraries for representing probability distributions, implicit surfaces, and generalized parametric surfaces – all as instances of higher-order datatypes – and present case studies that rely on computing the derivatives of these higher-order functions and datatypes. In addition to modeling existing differentiable algorithms, such as a differentiable ray tracer for implicit surfaces, without requiring any user-level differentiation code, we demonstrate new differentiable algorithms, such as the Hausdorff distance of generalized parametric surfaces.",openalex,llm,0.980,unreviewed,,doi:10.1145/3434284
