status,title,authors,year,venue,doi,url,tags,abstract,provider,decision_source,llm_confidence,llm_review_outcome,llm_change_direction,paper_id
discarded,Online Calibration of the TPC Drift Time in the ALICE High Level Trigger,David Rohr; Mikolaj Krzewicki; Chiara Zampolli; Jens Wiechula; Sergey Gorbunov; Alex Chauvin; Ivan Vorobyev; Steffen Weber; Kai Schweda; Volker Lindenstruth,2017,IEEE Transactions on Nuclear Science,10.1109/TNS.2017.2711261,https://ieeexplore.ieee.org/document/7938735/,off-topic-false-hit,"A Large Ion Collider Experiment (ALICE) is one of the four major experiments at the Large Hadron Collider (LHC) at CERN. The high level trigger (HLT) is a compute cluster, which reconstructs collisions as recorded by the ALICE detector in real-time. It employs a custom online data-transport framework to distribute data and workload among the compute nodes. ALICE employs subdetectors that are sensitive to environmental conditions such as pressure and temperature, e.g., the time projection chamber (TPC). A precise reconstruction of particle trajectories requires calibration of these detectors. Performing calibration in real time in the HLT improves the online reconstructions and renders certain offline calibration steps obsolete speeding up offline physics analysis. For LHC Run 3, starting in 2020 when data reduction will rely on reconstructed data, online calibration becomes a necessity. Reconstructed particle trajectories build the basis for the calibration making a fast online-tracking mandatory. The main detectors used for this purpose are the TPC and Inner Tracking System. Reconstructing the trajectories in the TPC is the most compute-intense step. We present several improvements to the ALICE HLT developed to facilitate online calibration. The main new development for online calibration is a wrapper that can run ALICE offline analysis and calibration tasks inside the HLT. In addition, we have added asynchronous processing capabilities to support long-running calibration tasks in the HLT framework, which runs event-synchronously otherwise. In order to improve the resiliency, an isolated process performs the asynchronous operations such that even a fatal error does not disturb data taking. We have complemented the original loop-free HLT chain with ZeroMQ data-transfer components. The ZeroMQ components facilitate a feedback loop that inserts the calibration result created at the end of the chain back into tracking components at the beginning of the chain, after a short delay. All these new features are implemented in a general way, such that they have use-cases aside from online calibration. In order to gather sufficient statistics for the calibration, the asynchronous calibration component must process enough events per time interval. Since the calibration is valid only for a certain time period, the delay until the feedback loop provides updated calibration data must not be too long. A first full-scale test of the online calibration functionality was performed during 2015 heavy-ion run under real conditions. Since then, online calibration is enabled and benchmarked in 2016 proton-proton data taking. We present a timing analysis of this first online-calibration test, which concludes that the HLT is capable of online TPC drift time calibration fast enough to calibrate the tracking via the feedback loop. We compare the calibration results with the offline calibration and present a comparison of the residuals of the TPC cluster coordinates with respect to offline reconstruction.",ieee,llm,1.000,unreviewed,,doi:10.1109/tns.2017.2711261
discarded,"Quantum Snakes on a Plane: Mobile, Low-Dimensional Logical Qubits on a 2D Surface","Siegel, Adam; Cai, Zhenyu; Jnane, Hamza; Koczor, Balint; Pexton, Shaun; Strikis, Armands; Benjamin, Simon",2026,PRX QUANTUM,10.1103/494s-jd8h,https://www.webofscience.com/wos/woscc/full-record/WOS:001707098400001,off-topic-false-hit,"Recent demonstrations indicate that silicon-spin quantum processing unit will be able to shuttle physical qubits rapidly and with high fidelity-a desirable feature for maximizing logical connectivity, supporting new codes, and routing around damage. However it may seem that shuttling at the logical level is unwise: static defects in the device may ""scratch"" a logical qubit as it passes, causing correlated errors to which the code is highly vulnerable. Here we explore an architecture where logical qubits are 1D strings (""snakes"") which can be moved freely over a planar latticework. Possible scratch events are inferred via monitor qubits and the complementary gap; if deemed a risk, remarkably the shuttle process can be undone in a way that negates any corruption. This leads to high levels of tolerance against shuttling-related imperfections and enables logical operations between snakes by a semitransversal method. We conclude that this approach is suitable for fault-tolerant computing in both near-term and long-term, mature-era silicon devices.",wos,llm,1.000,unreviewed,,doi:10.1103/494s-jd8h
discarded,"Explicitly Teaching Debugging in Primary School: Effectiveness, Transferability and Durability","Tuor, Nicolas; El-Hamamsy, Laila; Chevalier, Morgane; Brender, Jerome; Bumbacher, Engin",2025,"PROCEEDINGS OF 25TH INTERNATIONAL CONFERENCE ON COMPUTING EDUCATION RESEARCH, KOLI CALLING 2025",10.1145/3769994.3769999,https://www.webofscience.com/wos/woscc/full-record/WOS:001680177600014,adjacent-subtopic,"Debugging is a critical yet complex skill that remains challenging to teach - particularly to young novices who are increasingly taught Computer Science (CS). While explicit debugging instruction has been studied in secondary and tertiary settings, little is known about how primary school students learn to debug, whether they retain these skills over time, and how well they transfer to new contexts. In this study, we examine the impact of an in-class intervention in which 36 students aged 8-9 were explicitly taught debugging in Scratch for 4 sessions after 7 programming sessions. During the debugging lessons, the teacher modelled the debugging process and effective practices, with students applying these on unfamiliar code. Our findings show that the intervention as a whole contributed to an increase in students' mastery of basic CS concepts, as well as their debugging ability in Scratch [effective]. Simultaneous to the improvement of debugging in Scratch, was an improvement in students' debugging ability in another purely event-based programming language for an educational robot [transferable]. Finally, 10 weeks after the intervention, we observed 4 groups' application of the debugging process. Students could recall the different steps of the debugging process, and apply them systematically, but only if they sufficiently mastered basic programming concepts [durable]. When conceptual gaps existed, the students struggled to understand code and reverted to largely ineffective trial-and-error behaviors. To conclude, explicitly teaching debugging and modelling good debugging practices to young novices is effective, transfers, and has the potential to durably affect debugging practices.",wos,llm,0.910,unreviewed,,doi:10.1145/3769994.3769999
discarded,Three-Basis Loop-Back QKD: A Passive Architecture for Secure and Scalable Quantum Mobile Networks,"Lizama-Perez, Luis Adrian; Morales-Calvo, Patricia",2025,ENTROPY,10.3390/e27121249,https://www.webofscience.com/wos/woscc/full-record/WOS:001646387000001,off-topic-false-hit,"The Loop-Back Quantum Key Distribution (LB-QKD) protocol establishes a bidirectional architecture in which a single photon travels forth and back through the same optical channel. Unlike conventional one-way schemes such as BB84, Alice performs both state preparation and measurement, while Bob acts as a passive polarization modulator and reflector. This design eliminates detectors at Bob's side, minimizes synchronization requirements, and enables compact, low-power implementations suitable for quantum-mobile and IoT platforms. An extended three-basis configuration {X,Y,Z} is introduced, preserving the simplicity of the two-basis scheme while improving noise tolerance through enhanced orthogonality-based filtering. Analytical modeling shows that the effective protocol error decreases from Eprotocol(2)=e/2 to Eprotocol(3)=e/3, achieving a 33% improvement in noise resilience. Despite its slightly lower sifting efficiency (eta=1/6), the total information gain reaches G=0.26 bits per pulse, maintaining post-sifting throughput comparable to BB84. The protocol doubles the tolerable QBER of conventional QKD, sustaining secure operation up to 22% for two bases and approximately 47.58% for three bases. Its passive, self-verifying architecture enhances resistance to man-in-the-middle, photon-number-splitting, and side-channel attacks, providing a scalable and energy-efficient framework for secure key distribution and authentication in next-generation mobile and distributed quantum networks.",wos,llm,1.000,unreviewed,,doi:10.3390/e27121249
discarded,Block-based Programming for Two-Armed Robots: A Comparative Study,"Fronchetti, Felipe; Ritschel, Nico; Schorr, Logan; Barfield, Chandler; Chang, Gabriella; Spinola, Rodrigo; Holmes, Reid; Shepherd, David C.",2024,"PROCEEDINGS OF THE IEEE/ACM 46TH INTERNATIONAL CONFERENCE ON SOFTWARE ENGINEERING, ICSE 2024",10.1145/3597503.3623329,https://www.webofscience.com/wos/woscc/full-record/WOS:001593206300043,"qualifies-claim; adjacent-subtopic; tool or course description, no finding on learning event-driven programming or functions as values","Programming industrial robots is difficult and expensive. Although recent work has made substantial progress in making it accessible to a wider range of users, it is often limited to simple programs and its usability remains untested in practice. In this article, we introduce Duplo, a block-based programming environment that allows end-users to program two-armed robots and solve tasks that require coordination. Duplo positions the program for each arm side-by-side, using the spatial relationship between blocks from each program to represent parallelism in a way that end-users can easily understand. This design was proposed by previous work, but not implemented or evaluated in a realistic programming setting. We performed a randomized experiment with 52 participants that evaluated Duplo on a complex programming task that contained several sub-tasks. We compared Duplo with RobotStudio Online YuMi, a commercial solution, and found that Duplo allowed participants to solve the same task faster and with greater success. By analyzing the information collected during our user study, we further identified factors that explain this performance difference, as well as remaining barriers, such as debugging issues and difficulties in interacting with the robot. This work represents another step towards allowing a wider audience of non-professionals to program, which might enable the broader deployment of robotics.",wos,llm_reviewed,0.900,changed,kept->discarded,doi:10.1145/3597503.3623329
discarded,Secure Communication via Nonlinear Transmit and Collaborative Relaying,"Wang, Jingyi; Wang, Fanggang; He, Boxiang; Luo, Junshan",2025,IEEE TRANSACTIONS ON COMMUNICATIONS,10.1109/TCOMM.2025.3545634,https://www.webofscience.com/wos/woscc/full-record/WOS:001579067600035,off-topic-false-hit,"Physical layer security (PLS) enables secure communication which is independent of cryptography. It generally requires the legitimate channel being advantageous, otherwise, relaying techniques can be adopted to enhance the legitimate transmission and/or suppress the wiretap one. However, untrusted relays become new threatens since unknown passive eavesdroppers may approach either the transmitter or the receiver to wiretap the secure messages. Regarding the threatens in this setup, we propose a nonlinear transmit and relaying approach to protect the secure messages during the overall transmission. The essential idea is that Alice transmits a nonlinear transform of the original secure signal and the relays collaboratively invert the nonlinear transform at Alice when forwarding it to Bob. By carefully designing the layout of the relays, only a confined region where Bob locates is accessible to the non-distortion version of the original secure signal, and there is no secure signal leakage nearby Alice or the relays. Specifically, the proposed scheme consists of two phases. In the first one, a well-chosen nonlinear transform is applied to the secure signal of Alice, and she then broadcasts the transformed signal to both the relays and the eavesdropper. Each relay determines its forwarding approach by using either the Taylor series or the Lagrange inversion theorem on the nonlinear function of Alice to facilitate the perfect recovery of the original secure signal for Bob. In the second phase, the relays process the received signals using the well-designed forwarding approach and then cooperatively send them to Bob. The forwarding signals are aggregated at Bob and the original secure signal can be recovered directly without any further complicated equalization. We therefore define the region with this property by the secure-information-accessible region, and then provide the secrecy suggestions of laying the relays to shrink it. In contrast, the eavesdropper cannot get any useful secure information from either the first phase or the second one if it locates out of this region. Finally, we analyze both the bit error rate and the secrecy rate, and compare them with the existing secrecy methods. Numerical results validate the proposed nonlinear secrecy approach.",wos,llm,1.000,unreviewed,,doi:10.1109/tcomm.2025.3545634
discarded,Visual and Textual Language Synchronization for End-User Programming Environments,"Silahli, Anahide; Gutierrez, Jose Pablo De la Rosa; Silva, Thiago Rocha",2025,"END-USER DEVELOPMENT, IS-EUD 2025",10.1007/978-3-031-95452-8_8,https://www.webofscience.com/wos/woscc/full-record/WOS:001555599300008,adjacent-subtopic,"End-User Programming (EUP) environments typically offer either a text-based or a visual programming language for end users. Even when both options are provided, they lack real-time synchronization between the two representations. This study explores the integration of the textual and visual representations of a domain-specific language (DSL) for EUP based on Behaviour-Driven Development (BDD) scenarios. By combining a visual editor featuring a block-based language with a textual representation featuring syntax highlighting, error detection, and auto-completion, the platform can enhance accessibility, flexibility, and efficiency in EUP. The primary challenge investigated is achieving real-time, two-way synchronization between the visual and textual editors to maintain consistent code representation, crucial for an optimal user experience. The solution leverages Blockly's custom code generators to translate blocks to text and Abstract Syntax Trees (ASTs) to convert text to blocks. We evaluated our approach in two use cases in the robotics domain, confirming the potential of the dual editor to offer flexible, domain-tailored end-user programming, with potential for broad future applications.",wos,llm,0.860,unreviewed,,doi:10.1007/978-3-031-95452-8_8
discarded,"MT2KD: Toward a General-Purpose Encoder for Speech, Speaker, and Audio Events","Yang, Xiaoyu; Li, Qiujia; Zhang, Chao; Woodland, Philip C.",2025,IEEE TRANSACTIONS ON AUDIO SPEECH AND LANGUAGE PROCESSING,10.1109/TASLPRO.2025.3594300,https://www.webofscience.com/wos/woscc/full-record/WOS:001554481100008,off-topic-false-hit,"With advances in deep learning, the performance of end-to-end single-task models for speech and audio processing has been constantly improving. However, it is challenging to build a general-purpose model with high performance on multiple tasks, since different speech and audio processing tasks usually require different training data, input features, or model architectures to achieve optimal performance. In this work, MT2KD, a novel two-stage multi-task learning framework is proposed to build a general-purpose speech and audio encoder that jointly performs three fundamental tasks: automatic speech recognition (ASR), audio tagging (AT) and speaker verification (SV). In the first stage, multi-teacher knowledge distillation (KD) is applied to align the feature spaces of three single-task high-performance teacher encoders into a single student encoder using the same unlabelled data. In the second stage, multi-task supervised fine-tuning is carried out by initialising the model from the first stage and training on the separate labelled data of each single task. Experiments demonstrate that the proposed multi-task training pipeline significantly outperforms a baseline model trained with multi-task learning from scratch. The final system achieves good performance on ASR, AT and SV: with less than 4% relative word-error-rate increase on ASR, only 1.9 lower mean averaged precision on AT and 0.23% absolute higher equal error rate on SV compared to the best-performing single-task encoders, using only a total of 66 M model parameters.",wos,llm,1.000,unreviewed,,doi:10.1109/taslpro.2025.3594300
discarded,PUF-AQKD: A Hardware-Assisted Quantum Key Distribution Protocol for Man-in-the-Middle Attack Mitigation,"Bhatia, Ashutosh; Bitragunta, Sainath; Tiwari, Kamlesh",2025,IEEE OPEN JOURNAL OF THE COMMUNICATIONS SOCIETY,10.1109/OJCOMS.2025.3575206,https://www.webofscience.com/wos/woscc/full-record/WOS:001515531400011,off-topic-false-hit,"The Quantum Key Distribution (QKD) protocol utilizes quantum mechanics principles for cryptographic key exchange, ensuring absolute secrecy. Current QKD techniques are susceptible to man-in-the-middle (MITM) attacks due to the absence of an inherent mechanism for identity verification within the quantum channel. For authentication, these systems rely on classical or post-quantum cryptography, which diminishes the perfect security advantage provided by QKD. We present a Physical Unclonable Function (PUF)-based authenticated QKD protocol (PUF-AQKD), which avoids the necessity for authenticated classical channels and is useful in mitigating MITM attacks. The fundamental concept of PUF-AQKD is to implement a phase shift in the basis used for polarizing the transmitted qubits. The phase shift is dictated by PUFs, which are anticipated to result in analogous (correlated) responses for devices manufactured under similar conditions but dissimilar responses in different conditions. An adversary lacking a correlated PUF response shared by Alice and Bob would inadvertently increase the Quantum Bit Error Rates (QBER) observed at Bob's end. We present a mathematical model to assess the efficacy of the proposed PUF-AQKD method and perform simulations utilizing the NetSquid simulator. The mathematical analysis and simulation findings indicate that PUF-AQKD can efficiently identify eavesdroppers, even during incomplete measurements, without the necessity of an authorized classical channel.",wos,llm,1.000,unreviewed,,doi:10.1109/ojcoms.2025.3575206
discarded,Neutron Star Properties and Femtoscopic Constraints,"Vidana, I.; Sarti, V. Mantovani; Haidenbauer, J.; Mihaylov, D. L.; Fabbietti, L.",2025,EUROPEAN PHYSICAL JOURNAL A,10.1140/epja/s10050-025-01539-z,https://www.webofscience.com/wos/woscc/full-record/WOS:001451649300002,off-topic-false-hit,"We construct the equation of state of hypernuclear matter and study the structure of neutron stars employing a chiral hyperon-nucleon interaction of the J & uuml;lich-Bonngroup tuned to femtoscopic Lambda pdata of the ALICE Collabo-ration, and Lambda Lambda and Xi N interactions determined from lattice QCD calculations by the HAL QCD Collaboration that repro-duce the femtoscopic Lambda Lambda and Xi-pdata. We employ the ab-initio microscopic Brueckner-Hartree-Fock theory extendedto the strange baryon sector. A special focus is put on theuncertainties of the hyperon interactions and how they areeffectively propagated to the composition, equation of state,mass-radius relation and tidal deformability of neutron stars.To such end, we consider the uncertainty due to the experi-mental error of the femtoscopic Lambda pdata used to fix the chiralhyperon-nucleon interaction and the theoretical uncertainty,estimated from the residual cut-off dependence of this inter-action. We find that the final maximum mass of a neutronstar with hyperons is in the range 1.3-1.4M(circle dot), in agreementwith previous works. The hyperon puzzle, therefore, remainsstill an open issue if only two-body hyperon-nucleon andhyperon-hyperon interactions are considered. Predictions forthe tidal deformability of neutron stars with hyperons arefound to be in agreement with the observational constraintsfrom the gravitational wave event GW170817 in the massrange 1.1-1.3M(circle dot)",wos,llm,1.000,unreviewed,,doi:10.1140/epja/s10050-025-01539-z
