status,title,authors,year,venue,doi,url,tags,abstract,provider,decision_source,llm_confidence,llm_review_outcome,llm_change_direction,paper_id
discarded,Event generation with Sherpa 2.2,Enrico Bothmann; Gurpreet Singh Chahal; Stefan Höche; Johannes Krause; Frank Krauss; Silvan Kuttimalai; Sebastian Liebschner; Davide Napoletano; Marek Schönherr; Holger Schulz; S. Schumann; Frank Siegert,2019,SciPost Physics,10.21468/scipostphys.7.3.034,https://openalex.org/W2946775087,off-topic-false-hit,"Sherpa is a general-purpose Monte Carlo event generator for the simulation of particle collisions in high-energy collider experiments. We summarise essential features and improvements of the Sherpa 2.2 release series, which is heavily used for event generation in the analysis and interpretation of LHC Run 1 and Run 2 data. We highlight a decade of developments towards ever higher precision in the simulation of particle-collision events.",openalex,llm,1.000,unreviewed,,doi:10.21468/scipostphys.7.3.034
discarded,Effects of different blood-pressure-lowering regimens on major cardiovascular events: results of prospectively-designed overviews of randomised trials,F. Turnbull,2003,The Lancet,10.1016/s0140-6736(03)14739-3,https://openalex.org/W1497461844,off-topic-false-hit,,openalex,llm,1.000,unreviewed,,doi:10.1016/s0140-6736(03)14739-3
discarded,Human Pose Estimation with Iterative Error Feedback,João Carreira; Pulkit Agrawal; Katerina Fragkiadaki; Jitendra Malik,2016,,10.1109/cvpr.2016.512,https://openalex.org/W1537698211,off-topic-false-hit,"Hierarchical feature extractors such as Convolutional Networks (ConvNets) have achieved impressive performance on a variety of classification tasks using purely feedforward processing. Feedforward architectures can learn rich representations of the input space but do not explicitly model dependencies in the output spaces, that are quite structured for tasks such as articulated human pose estimation or object segmentation. Here we propose a framework that expands the expressive power of hierarchical feature extractors to encompass both input and output spaces, by introducing top-down feedback. Instead of directly predicting the outputs in one go, we use a self-correcting model that progressively changes an initial solution by feeding back error predictions, in a process we call Iterative Error Feedback (IEF). IEF shows excellent performance on the task of articulated pose estimation in the challenging MPII and LSP benchmarks, matching the state-of-the-art without requiring ground truth scale annotation.",openalex,llm,0.990,unreviewed,,doi:10.1109/cvpr.2016.512
discarded,Deep Learning With Spiking Neurons: Opportunities and Challenges,Michael Pfeiffer; Thomas Pfeil,2018,Frontiers in Neuroscience,10.3389/fnins.2018.00774,https://openalex.org/W2898323475,off-topic-false-hit,"Spiking neural networks (SNNs) are inspired by information processing in biology, where sparse and asynchronous binary signals are communicated and processed in a massively parallel fashion. SNNs on neuromorphic hardware exhibit favorable properties such as low power consumption, fast inference, and event-driven information processing. This makes them interesting candidates for the efficient implementation of deep neural networks, the method of choice for many machine learning tasks. In this review, we address the opportunities that deep spiking networks offer and investigate in detail the challenges associated with training SNNs in a way that makes them competitive with conventional deep learning, but simultaneously allows for efficient mapping to hardware. A wide range of training methods for SNNs is presented, ranging from the conversion of conventional deep networks into SNNs, constrained training before conversion, spiking variants of backpropagation, and biologically motivated variants of STDP. The goal of our review is to define a categorization of SNN training methods, and summarize their advantages and drawbacks. We further discuss relationships between SNNs and binary networks, which are becoming popular for efficient digital hardware implementation. Neuromorphic hardware platforms have great potential to enable deep spiking networks in real-world applications. We compare the suitability of various neuromorphic systems that have been developed over the past years, and investigate potential use cases. Neuromorphic approaches and conventional machine learning should not be considered simply two solutions to the same classes of problems, instead it is possible to identify and exploit their task-specific advantages. Deep SNNs offer great opportunities to work with new types of event-based sensors, exploit temporal codes and local on-chip learning, and we have so far just scratched the surface of realizing these advantages in practical applications.",openalex,llm,1.000,unreviewed,,doi:10.3389/fnins.2018.00774
discarded,Event generator tunes obtained from underlying event and multiparton scattering measurements,V. Khachatryan; A. M. Sirunyan; A. Tumasyan; W. Adam; E. Asilar; T. Bergauer; J. Brandstetter; E. Brondolin; M. Dragicevic; J. Erö; M. Friedl; Rudolf Konrad Fruhwirth; V. M. Ghete; C. Hartl; N. Hörmann; J. Hrubec; M. Jeitler; V. Knünz; A. König; M. Krammer; Ilse Krätschmer; Dietrich Liko; T. Matsushita; I. Mikulec; D. Rabady; B. Rahbaran; H. Rohringer; J. Schieck; R. Schöfbeck; J. Strauss; W. Treberer-Treberspurg; W. Waltenberger; C.-E. Wulz; V. Mossolov; N. Shumeiko; J. Suarez Gonzalez; S. Alderweireldt; T. Cornelis; E. A. De Wolf; X. Janssen; A. Knutsson; J. Lauwers; S. Luyckx; M. Van De Klundert; H. Van Haevermaet; P. Van Mechelen; N. Van Remortel; A. Van Spilbeeck; S. Abu Zeid; F. Blekman; J. D’Hondt; N. Daci; I. De Bruyn; Kevin Deroover; N. Heracleous; J. Keaveney; S. Lowette; L. Moreels; A. Olbrechts; Q. Python; D. Strom; S. Tavernier; W. Van Doninck; P. Van Mulders; G. P. Van Onsem; Isis Van Parijs; P. Barria; H. Brun; C. Caillol; B. Clerbaux; G. De Lentdecker; Daniele Fasanella; L. Favart; A. Grebenyuk; G. Karapostoli; T. Lenzi; Alexandre F. Léonard; T. Maerschalk; A. Marinov; L. Perniè; A. Randle-Conde; T. Ševa; Catherine Vander Velde; R. Yonamine; Pascal Vanlaer; R. Yonamine; F. Zenoni; F. Zhang; V. Adler; K. Beernaert; L. Benucci; A. Cimmino; S. Crucy; D. Dobur; A. Fagot; G. Garcia; M. Gul; J. Mccartin; A. A. Ocampo Rios; Dursen Deniz Poyraz,2016,The European Physical Journal C,10.1140/epjc/s10052-016-3988-x,https://openalex.org/W2184278756,off-topic-false-hit,"New sets of parameters (""tunes"") for the underlying-event (UE) modelling of the pythia8, pythia6 and herwig++ Monte Carlo event generators are constructed using different parton distribution functions. Combined fits to CMS UE proton-proton ([Formula: see text]) data at [Formula: see text] and to UE proton-antiproton ([Formula: see text]) data from the CDF experiment at lower [Formula: see text], are used to study the UE models and constrain their parameters, providing thereby improved predictions for proton-proton collisions at 13[Formula: see text]. In addition, it is investigated whether the values of the parameters obtained from fits to UE observables are consistent with the values determined from fitting observables sensitive to double-parton scattering processes. Finally, comparisons are presented of the UE tunes to ""minimum bias"" (MB) events, multijet, and Drell-Yan ([Formula: see text] lepton-antilepton+jets) observables at 7 and 8[Formula: see text], as well as predictions for MB and UE observables at 13[Formula: see text].",openalex,llm,1.000,unreviewed,,doi:10.1140/epjc/s10052-016-3988-x
discarded,Dissociable Components of Error Processing,Thérèse J.M. Overbeek; Sander Nieuwenhuis; K. Richard Ridderinkhof,2005,Journal of Psychophysiology,10.1027/0269-8803.19.4.319,https://openalex.org/W2164999292,off-topic-false-hit,"Abstract: We conducted a literature review to examine the functional significance of the error positivity (Pe), an error-related electrophysiological brain potential often observed in combination with the error negativity (Ne). The review revealed many dissociations between documented effects on the Ne and Pe, suggesting that these components reflect different aspects of error processing. We found little support for the proposed hypotheses that the Pe is associated with the affective processing of errors or with posterror behavioral adaptation. Some support was found for the hypothesis that the Pe reflects conscious recognition of an error. Finally, we discuss the notion that the Pe may reflect a P3b associated with the motivational significance of the error. We conclude that more research is needed to test predictions of the various Pe hypotheses, and that more rigorous investigation of the neural generators of the Pe may contribute to a better understanding of the neurocognitive processes involved in error monitoring.",openalex,llm,1.000,unreviewed,,doi:10.1027/0269-8803.19.4.319
discarded,Earliest accumulation of β-amyloid occurs within the default-mode network and concurrently affects brain connectivity,Sebastian Palmqvist; Michael Schöll; Olof T. Strandberg; Niklas Mattsson; Erik Stomrud; Henrik Zetterberg; Kaj Blennow; Susan M. Landau; William J. Jagust; Oskar Hansson,2017,Nature Communications,10.1038/s41467-017-01150-x,https://openalex.org/W2766125374,off-topic-false-hit,"It is not known exactly where amyloid-β (Aβ) fibrils begin to accumulate in individuals with Alzheimer's disease (AD). Recently, we showed that abnormal levels of Aβ42 in cerebrospinal fluid (CSF) can be detected before abnormal amyloid can be detected using PET in individuals with preclinical AD. Using these approaches, here we identify the earliest preclinical AD stage in subjects from the ADNI and BioFINDER cohorts. We show that Aβ accumulation preferentially starts in the precuneus, medial orbitofrontal, and posterior cingulate cortices, i.e., several of the core regions of the default mode network (DMN). This early pattern of Aβ accumulation is already evident in individuals with normal Aβ42 in the CSF and normal amyloid PET who subsequently convert to having abnormal CSF Aβ42. The earliest Aβ accumulation is further associated with hypoconnectivity within the DMN and between the DMN and the frontoparietal network, but not with brain atrophy or glucose hypometabolism. Our results suggest that Aβ fibrils start to accumulate predominantly within certain parts of the DMN in preclinical AD and already then affect brain connectivity.",openalex,llm,1.000,unreviewed,,doi:10.1038/s41467-017-01150-x
discarded,Curiosity-Driven Exploration by Self-Supervised Prediction,Deepak Pathak; Pulkit Agrawal; Alexei A. Efros; Trevor J. Darrell,2017,,10.1109/cvprw.2017.70,https://openalex.org/W2614839826,off-topic-false-hit,"In many real-world scenarios, rewards extrinsic to the agent are extremely sparse, or absent altogether. In such cases, curiosity can serve as an intrinsic reward signal to enable the agent to explore its environment and learn skills that might be useful later in its life. We formulate curiosity as the error in an agent's ability to predict the consequence of its own actions in a visual feature space learned by a self-supervised inverse dynamics model. Our formulation scales to high-dimensional continuous state spaces like images, bypasses the difficulties of directly predicting pixels, and, critically, ignores the aspects of the environment that cannot affect the agent. The proposed approach is evaluated in two environments: VizDoom and Super Mario Bros. Three broad settings are investigated: 1) sparse extrinsic reward; 2) exploration with no extrinsic reward; and 3) generalization to unseen scenarios (e.g. new levels of the same game).",openalex,llm,1.000,unreviewed,,doi:10.1109/cvprw.2017.70
discarded,Very Deep Convolutional Networks for Large-Scale Image Recognition,Karen Simonyan; Andrew Zisserman,2014,arXiv (Cornell University),10.48550/arxiv.1409.1556,https://openalex.org/W1686810756,off-topic-false-hit,"In this work we investigate the effect of the convolutional network depth on its accuracy in the large-scale image recognition setting. Our main contribution is a thorough evaluation of networks of increasing depth using an architecture with very small (3x3) convolution filters, which shows that a significant improvement on the prior-art configurations can be achieved by pushing the depth to 16-19 weight layers. These findings were the basis of our ImageNet Challenge 2014 submission, where our team secured the first and the second places in the localisation and classification tracks respectively. We also show that our representations generalise well to other datasets, where they achieve state-of-the-art results. We have made our two best-performing ConvNet models publicly available to facilitate further research on the use of deep visual representations in computer vision.",openalex,llm,1.000,unreviewed,,doi:10.48550/arxiv.1409.1556
discarded,Runtime analysis of atomicity for multithreaded programs,Lei Wang; Scott D. Stoller,2006,IEEE Transactions on Software Engineering,10.1109/tse.2006.1599419,https://openalex.org/W2157888439,off-topic-false-hit,"Atomicity is a correctness condition for concurrent systems. Informally, atomicity is the property that every concurrent execution of a set of transactions is equivalent to some serial execution of the same transactions. In multithreaded programs, executions of procedures (or methods) can be regarded as transactions. Correctness in the presence of concurrency typically requires atomicity of these transactions. Tools that automatically detect atomicity violations can uncover subtle errors that are hard to find with traditional debugging and testing techniques. This paper describes two algorithms for runtime detection of atomicity violations and compares their cost and effectiveness. The reduction-based algorithm checks atomicity based on commutativity properties of events in a trace; the block-based algorithm efficiently represents the relevant information about a trace as a set of blocks (i.e., pairs of events plus associated synchronizations) and checks atomicity by comparing each block with other blocks. To improve the efficiency and accuracy of both algorithms, we incorporate a multilockset algorithm for checking data races, dynamic escape analysis, and happen-before analysis. Experiments show that both algorithms are effective in finding atomicity violations. The block-based algorithm is more accurate but more expensive than the reduction-based algorithm.",openalex,llm,0.990,unreviewed,,doi:10.1109/tse.2006.1599419
discarded,LitterBox: A Linter for Scratch Programs,Gordon Fraser; Ute Heuer; Nina Körber; Florian Obermüller; Ewald Wasmeier,2021,,10.1109/icse-seet52601.2021.00028,https://openalex.org/W3131865387,"supports-claim; adjacent-subtopic; tool or course description, no finding on learning event-driven programming or functions as values","Creating programs with block-based programming languages like Scratch is easy and fun. Block-based programs can nevertheless contain bugs, in particular when learners have misconceptions about programming. Even when they do not, Scratch code is often of low quality and contains code smells, further inhibiting understanding, reuse, and fun. To address this problem, in this paper we introduce LitterBox, a linter for Scratch programs. Given a program or its public project ID, LitterBox checks the program against patterns of known bugs and code smells. For each issue identified, LitterBox provides not only the location in the code, but also a helpful explanation of the underlying reason and possible misconceptions. Learners can access LitterBox through an easy to use web interface with visual information about the errors in the block-code, while for researchers LitterBox provides a general, open source, and extensible framework for static analysis of Scratch programs.",openalex,llm_reviewed,0.740,changed,kept->discarded,doi:10.1109/icse-seet52601.2021.00028
discarded,Delving Deep into Rectifiers: Surpassing Human-Level Performance on ImageNet Classification,Kaiming He; Xiangyu Zhang; Shaoqing Ren; Jian Sun,2015,arXiv (Cornell University),10.48550/arxiv.1502.01852,https://openalex.org/W2949608135,off-topic-false-hit,"Rectified activation units (rectifiers) are essential for state-of-the-art neural networks. In this work, we study rectifier neural networks for image classification from two aspects. First, we propose a Parametric Rectified Linear Unit (PReLU) that generalizes the traditional rectified unit. PReLU improves model fitting with nearly zero extra computational cost and little overfitting risk. Second, we derive a robust initialization method that particularly considers the rectifier nonlinearities. This method enables us to train extremely deep rectified models directly from scratch and to investigate deeper or wider network architectures. Based on our PReLU networks (PReLU-nets), we achieve 4.94% top-5 test error on the ImageNet 2012 classification dataset. This is a 26% relative improvement over the ILSVRC 2014 winner (GoogLeNet, 6.66%). To our knowledge, our result is the first to surpass human-level performance (5.1%, Russakovsky et al.) on this visual recognition challenge.",openalex,llm,1.000,unreviewed,,doi:10.48550/arxiv.1502.01852
discarded,Event Extraction via Dynamic Multi-Pooling Convolutional Neural Networks,Yubo Chen; Liheng Xu; Kang Liu; Daojian Zeng; Jun Zhao,2015,,10.3115/v1/p15-1017,https://openalex.org/W2250999640,off-topic-false-hit,"Yubo Chen, Liheng Xu, Kang Liu, Daojian Zeng, Jun Zhao. Proceedings of the 53rd Annual Meeting of the Association for Computational Linguistics and the 7th International Joint Conference on Natural Language Processing (Volume 1: Long Papers). 2015.",openalex,llm,1.000,unreviewed,,doi:10.3115/v1/p15-1017
discarded,On the Importance of Eliminating Errors in Cryptographic Computations,Dan Boneh; Richard A. DeMillo; Richard J. Lipton,2000,Journal of Cryptology,10.1007/s001450010016,https://openalex.org/W2066425771,off-topic-false-hit,,openalex,llm,0.990,unreviewed,,doi:10.1007/s001450010016
discarded,Frontiers in pruritus research: scratching the brain for more effective itch therapy,Ralf Paus,2006,Journal of Clinical Investigation,10.1172/jci28553,https://openalex.org/W2145906584,off-topic-false-hit,"This Review highlights selected frontiers in pruritus research and focuses on recently attained insights into the neurophysiological, neuroimmunological, and neuroendocrine mechanisms underlying skin-derived itch (pruritogenic pruritus), which may affect future antipruritic strategies. Special attention is paid to newly identified itch-specific neuronal pathways in the spinothalamic tract that are distinct from pain pathways and to CNS regions that process peripheral pruritogenic stimuli. In addition, the relation between itch and pain is discussed, with emphasis on how the intimate contacts between these closely related yet distinct sensory phenomena may be exploited therapeutically. Furthermore, newly identified or unduly neglected intracutaneous itch mediators (e.g., endovanilloids, proteases, cannabinoids, opioids, neurotrophins, and cytokines) and relevant receptors (e.g., vanilloid receptor channels and proteinase-activated, cannabinoid, opioid, cytokine, and new histamine receptors) are discussed. In summarizing promising new avenues for managing itch more effectively, we advocate therapeutic approaches that strive for the combination of peripherally active antiinflammatory agents with drugs that counteract chronic central itch sensitization.",openalex,llm,1.000,unreviewed,,doi:10.1172/jci28553
discarded,Ten misconceptions about trauma-focused CBT for PTSD,Hannah Murray; Nick J.A. Grey; Emma Warnock‐Parkes; Alice Kerr; Jennifer Wild; David M. Clark; Anke Ehlers,2022,The Cognitive Behaviour Therapist,10.1017/s1754470x22000307,https://openalex.org/W4286445206,off-topic-false-hit,"Abstract Therapist cognitions about trauma-focused psychological therapies can affect our implementation of evidence-based therapies for post-traumatic stress disorder (PTSD), potentially reducing their effectiveness. Based on observations gleaned from teaching and supervising one of these treatments, cognitive therapy for PTSD (CT-PTSD), ten common ‘misconceptions’ were identified. These included misconceptions about the suitability of the treatment for some types of trauma and/or emotions, the need for stabilisation prior to memory work, the danger of ‘retraumatising’ patients with memory-focused work, the risks of using memory-focused techniques with patients who dissociate, the remote use of trauma-focused techniques, and the perception of trauma-focused CBT as inflexible. In this article, these misconceptions are analysed in light of existing evidence and guidance is provided on using trauma-focused CT-PTSD with a broad range of presentations. Key learning aims (1) To recognise common misconceptions about trauma-focused CBT for PTSD and the evidence against them. (2) To widen understanding of the application of cognitive therapy for PTSD (CT-PTSD) to a broad range of presentations. (3) To increase confidence in the formulation-driven, flexible, active and creative delivery of CT-PTSD.",openalex,llm,1.000,unreviewed,,doi:10.1017/s1754470x22000307
