status,title,authors,year,venue,doi,url,tags,abstract,provider,decision_source,llm_confidence,llm_review_outcome,llm_change_direction,paper_id
discarded,Phenotype-Specific Dose-Response Patterns of Systemic Inflammation With Hepatic Decompensation in Cirrhosis: A Cross-Sectional Study,"Zhang, Shufang; Mo, Xiaowei; Lai, Caiting; Lv, Yuanfeng; Jiang, Xinjun; Lin, Yue; Liu, Jiakun; Li, Wenting; Liu, Zan",2026,CLINICAL AND TRANSLATIONAL GASTROENTEROLOGY,10.14309/ctg.0000000000001063,https://www.webofscience.com/wos/woscc/full-record/WOS:001859449100009,off-topic-false-hit,"INTRODUCTION: Systemic inflammation is associated with hepatic decompensation in cirrhosis, but whether this association follows the same dose-response pattern across different decompensation phenotypes is unknown. We examined an inflammation burden index (IBI) against severity proxies (Child-Turcotte-Pugh [CTP], Model for End-Stage Liver Disease [MELD]), and clinical events (ascites, spontaneous bacterial peritonitis [SBP]). METHODS: In 463 adults with cirrhosis, IBI integrated interleukin-6, high-sensitivity C-reactive protein, neutrophil-to-lymphocyte ratio, and procalcitonin (log1p, robust-z, equal-weight). A unified covariate set was applied; dose-response used restricted cubic splines; additive interaction with sarcopenia by relative excess risk due to interaction/attributable proportion/synergy index; internal validation by 1,000 bootstrap resamples. RESULTS: Cronbach alpha was 0.65; max variance inflation factors 1.58. High IBI was associated with worse CTP (odds ratio [OR] 3.50, 2.43-5.06), higher MELD (beta 4.88, 3.69-6.07), ascites (OR 3.67, 2.44-5.51), and SBP (OR 2.67, 1.45-4.93; all q < 0.05); bootstrap-corrected estimates differed by <0.04 log-odds or beta units. Dose-response was phenotype-specific: CTP, MELD, and SBP rose monotonically, whereas ascites showed an inverted-U pattern (P-nonlinearity < 0.001) confined to CTP C; ascitic high-IBI patients showed an immunoparalysis profile (lower white blood cell count [WBC], procalcitonin, high-sensitivity C-reactive protein, albumin). IBI - sarcopenia additive interaction was supra-additive for ascites only (relative excess risk due to interaction 0.192, attributable proportion 29.7%); sarcopenia had no independent main effect. DISCUSSION: The IBI - decompensation association is phenotype-specific; the inverted-U for ascites likely reflects an artifact of advanced disease rather than a biological threshold. Findings are descriptive and require prospective validation.",wos,llm,1.000,unreviewed,,doi:10.14309/ctg.0000000000001063
discarded,Gender Bias in Clinical Diagnosis of Borderline Personality Disorder and Autism Spectrum Disorder: A Retrospective Cohort Study,"Gillett, George; Ganduri, Sahiti Ramesh; Jewell, Amelia; Spain, Debbie; Happe, Francesca; Adamo, Nicoletta",2026,AUTISM IN ADULTHOOD,10.1177/25739581261473460,https://www.webofscience.com/wos/woscc/full-record/WOS:001855707900001,off-topic-false-hit,"Background: Autism spectrum disorder (ASD) and borderline personality disorder (BPD) share overlapping clinical features including social cognitive differences, interpersonal difficulties, emotional dysregulation, and alexithymia. The two conditions show different gender prevalence patterns, and it has been suggested that gender bias may exist in diagnostic patterns of ASD and BPD, with females being preferentially diagnosed with BPD instead of ASD. Methods: In this analysis of real-world clinical records from n = 417,752 adults receiving secondary mental health care, we use natural language processing methodology to assess the subsequent incidence of ASD in cohorts diagnosed with BPD and the incidence of BPD in cohorts diagnosed with ASD. To examine the possibility of gender-based diagnostic bias, we assess for an association between gender and the sequence and timing of diagnoses. Results: Results showed substantial rates of concurrent ASD and BPD; the 5-year cumulative incidence of later ASD diagnosis among people with BPD was 3.02% [95% CI: 2.62, 3.43] and of later BPD diagnosis among people with ASD was 3.84% [3.08, 4.60]. Consistent with predictions of unidirectional gender-based diagnostic bias, the typical association between male gender and ASD diagnosis was reduced in cohorts first diagnosed with BPD, whereas the association between female gender and BPD remained in those first diagnosed with ASD. In addition, the interaction between gender and diagnostic sequence was associated with the length of delay between diagnoses, such that women waited longer for an ASD diagnosis (relative to a BPD diagnosis) compared with men. Conclusion: Together, these results provide a number of avenues for future research and highlight the need for clinicians to consider neurodevelopmental assessment for patients diagnosed with BPD, particularly women, in order to investigate and address potential gender-based diagnostic bias.",wos,llm,1.000,unreviewed,,doi:10.1177/25739581261473460
discarded,"Child labor, extreme rainfall, and financial constraints: Evidence from a rural household panel","Bernal, Carolina; Vlaicu, Razvan",2026,INTERNATIONAL ECONOMICS AND ECONOMIC POLICY,10.1007/s10368-026-00780-1,https://www.webofscience.com/wos/woscc/full-record/WOS:001855206400001,off-topic-false-hit,"This paper examines how rural households cope with climate-related extreme rainfall events under financial constraints by re-allocating children's time between economic activities and school attendance. Households affected by an unanticipated rainfall shock face an inter-temporal trade-off between current household income and future potential earnings. Our data come from a three-round panel household survey in rural Colombia collected between 2010-2016. The main findings are that rainfall shocks induce rural households to choose immediate benefits over long-run investments in education by increasing the incidence of child labor and household chores at the expense of school attendance. Over-indebtedness through pre-existing formal loans reinforces the likelihood that a child works due to rainfall shocks, whereas asset insurance, foreign remittances, and natural disaster aid mitigate or eliminate the shock-induced substitution of economic activities for schooling.",wos,llm,1.000,unreviewed,,doi:10.1007/s10368-026-00780-1
discarded,Endoscopic ultrasound-guided drainage of pancreatic fluid collections is safe to perform in children: A comparison of two endoscopic approaches,"Grover, Amit S.; Reiss, Daniel E.; Templeton, Kate; Kim, Jaeson; Fox, Victor L.",2026,JOURNAL OF PEDIATRIC GASTROENTEROLOGY AND NUTRITION,10.1002/jpn3.70546,https://www.webofscience.com/wos/woscc/full-record/WOS:001854704900001,off-topic-false-hit,"Objectives: Pancreatic fluid collections (PFCs), either pseudocysts or walled-off necrosis, are a significant cause of morbidity in pediatric patients with acute pancreatitis, leading to pain, obstruction, or infection. Endoscopic ultrasound (EUS)-guided drainage of symptomatic PFCs is the recommended therapy in adult patients and is accomplished using either lumen-apposed metal stents (LAMS) or double pigtail plastic stents (DPPS). Their comparative outcomes in children remain unstudied. Methods: We performed a retrospective case series of all EUS-guided drainage of symptomatic PFCs among pediatric patients (<21 years) at a freestanding children's hospital over 12 years. We recorded patient demographics, procedural details, and PFC classifications, and summarized these using descriptive statistics. Outcomes included anesthesia time, intra-procedural radiation exposure, time to enteral feeding, stent dwell time, length of stay, and adverse events. Results: Twenty-five unique patients underwent 27 total procedures with attempted transluminal stent placement. Clinical success was achieved in 96.3%. The median age was 10 years (interquartile range [IQR] 5-19), with a median weight of 28.7 kg (21.9-45.4). Of those who underwent stent placement, asparaginase-induced pancreatitis was the leading cause of PFCs (56%), followed by trauma (30%). Among the attempted stent placements, 9/27 (33%) were DPPS and 18/27 (67%) were LAMS. Eighty-one percent were placed trans-gastrically. Patients in the LAMS group had shorter anesthesia time when adjusting for concurrent procedures (p = 0.03) and lower intra-procedural radiation exposure (p = 0.01). Five total adverse events occurred, with no difference between groups (p = 0.27). Conclusion: Endoscopic drainage is a safe and effective strategy for the management of symptomatic pediatric PFCs, with high clinical success for both DPPS and LAMS approaches. Further studies are needed to better understand rates of adverse events.",wos,llm,1.000,unreviewed,,doi:10.1002/jpn3.70546
discarded,Young children's learning of scientific explanations through brief analogical activities in a museum setting,"Jee, Benjamin D.; Ruel, Isabella; Stone, Benjamin; Anggoro, Florencia K.",2026,JOURNAL OF APPLIED DEVELOPMENTAL PSYCHOLOGY,10.1016/j.appdev.2026.101994,https://www.webofscience.com/wos/woscc/full-record/WOS:001852673900001,off-topic-false-hit,"Learning scientific explanations involves relating observable events, such as the apparent motion of the Sun, to unseen and counterintuitive processes, such as Earth's axial rotation. Young children often struggle with these connections but have been shown to make progress through sustained, scaffolded instruction. The present study tested whether brief analogy-based activities can support young children's learning about of the cause of the day/ night cycle in an informal learning context. Seventy-nine museum visitors aged 5-8 years were randomly assigned to one of three learning conditions: Embodied Only, in which children completed a ""human-globe"" activity to simulate Earth's rotation; Model Only, in which children were encouraged to align a rotating 3D Earth model with a display of the Sun's apparent motion across the sky; or Combined, in which the embodied activity was followed by-and explicitly compared with-the modeling activity. The Combined condition was the only instructional condition to show consistent improvements across age groups on verbal and modeling assessments, with even the younger (5- to 6-year-old) children improving on these challenging tasks. In contrast, learning outcomes in the Embodied Only condition varied by age group and assessment type, whereas the Model Only condition did not show statistically-significant improvement. These findings suggest that combining complementary analogy-based activities can support young children's causal learning during a brief (approximately 6min) museum experience. More broadly, this work highlights the potential of analogy-based methods across formal and informal educational settings and offers a framework for promoting causal science learning before children receive formal classroom instruction.",wos,llm,0.980,unreviewed,,doi:10.1016/j.appdev.2026.101994
discarded,Diaphragm ultrasound parameters and rapid shallow breathing index for predicting weaning failure in mechanically ventilated infants: a prospective observational PICU study,"Abdelrazic, Marwa Ibrahem; Mokhtar, Reham Mohamed; Ahmed, Ahmed Hussein; Al-Sherif, Miral; El-Mazary, Abdel-Azeem Mohamed",2026,EUROPEAN JOURNAL OF PEDIATRICS,10.1007/s00431-026-07319-1,https://www.webofscience.com/wos/woscc/full-record/WOS:001852098600001,off-topic-false-hit,"Weaning from mechanical ventilation in infants admitted to the pediatric intensive care unit remains a challenging clinical decision. Premature extubation may lead to respiratory failure and reintubation, whereas delayed weaning may prolong exposure to invasive ventilation and its complications. Bedside transthoracic ultrasound may provide an objective assessment of diaphragmatic function during spontaneous breathing trials. This study aimed to evaluate the value of diaphragm ultrasound-derived parameters and the rapid shallow breathing index in predicting weaning failure among mechanically ventilated infants in the PICU. This prospective observational study included 40 mechanically ventilated infants aged 28 days to 12 months who were admitted to the PICU of Minia University Children and Maternity Hospital between January 2024 and January 2025 and were considered ready for weaning assessment. Diaphragmatic thickness at inspiration, diaphragmatic thickness at expiration, diaphragm thickening fraction, inferior vena cava diameter, contractility, and rapid shallow breathing index were assessed during the spontaneous breathing trial. The primary outcome was weaning failure, defined as the requirement for post-extubation noninvasive ventilation or reintubation within 24-72 h after extubation. Successful weaning occurred in 34 infants (85.0%) and weaning failure in 6 (15.0%). Infants with weaning failure had significantly lower diaphragmatic thickness at inspiration [1.65 (1.61-1.66 mm) vs. 1.83 (1.79-1.92 mm), P < 0.001] and lower diaphragm thickening fraction [12.0 (11.3-13.5%) vs. 26.0 (23.0-28.0%), P < 0.001] than successfully weaned infants. RSBI was significantly higher in the weaning failure group [9.0 (9.0-9.8) vs. 7.0 (6.0-7.0), P < 0.001]. Diaphragmatic thickness at expiration, inferior vena cava diameter, and contractility did not differ significantly between groups. In this small cohort with only six weaning failure events, apparent ROC AUCs were 0.998 for diaphragmatic thickness at inspiration and 1.000 for both diaphragm thickening fraction and RSBI. After leave-one-out cross-validation of the sample-derived cutoffs, sensitivity/specificity was 83.3%/97.1% for diaphragmatic thickness at inspiration, 83.3%/100.0% for diaphragm thickening fraction, and 100.0%/100.0% for RSBI. Conclusion: In this small single-center cohort with only six weaning failure events, lower diaphragm thickening fraction and diaphragmatic thickness at inspiration, together with higher RSBI, were strongly associated with weaning failure. These findings and the sample-derived cutoffs should be considered exploratory and require external validation in larger multicenter cohorts before routine clinical application.",wos,llm,1.000,unreviewed,,doi:10.1007/s00431-026-07319-1
discarded,Alcohol outlets are associated with fatal drowning events in England: a nationwide geospatial study,"Barwood, Martin J.; Hills, Samuel P.; Johnston, Nicola; Moltchanova, Elena; Hobbs, Matthew",2026,HEALTH & PLACE,10.1016/j.healthplace.2026.103727,https://www.webofscience.com/wos/woscc/full-record/WOS:001852365600001,off-topic-false-hit,"Objective: Drowning is a leading cause of unintentional and intentional death among children and young adults. Alcohol consumption increases drowning risk. We examined the association between alcohol outlet availability and fatal drowning events stratified by suspected outcome (accidents [unintentional] and suicide [intentional]), age group and sex. Methods: We combined alcohol outlet location data and validated United Kingdom (UK) fatal drowning events (2012-2019). We examined the association between alcohol outlets and fatal events within 125m (n= 3276), 250m (n = 3304), and 500m (n= 3314) radii of event locations in England. Bayesian multinomial hierarchical modelling tested associations and Deviance Information Criterion (DIC) assessed model fit. Results: The strongest associations were observed within 500m of the drowning event location. Stratified by age group and sex, Log Odds Ratios (OR) and Credible intervals (CI) indicated increased likelihood of drowning due to alcohol intoxication, relative to drowning by natural causes, in males aged 13 to 18 (LOR 0.67; CI 0.20-1.03) and 19 to 35 years (LOR 0.39; 0.24-0.57). Conclusion: Alcohol outlets were associated with adverse drowning outcomes, especially for males, within 500m of water. We utilised an innovative population-level, data-driven approach and support the World Health Organisation's call to limit alcohol availability near water.",wos,llm,1.000,unreviewed,,doi:10.1016/j.healthplace.2026.103727
discarded,Pharmacovigilance assessment of vinorelbine-associated adverse events using FAERS and VigiBase,"Zhang, Ye; Shuai, Mengnan; Huang, Dan; Yang, Minghua; Wang, Shengfeng",2026,MEDICINE,10.1097/MD.0000000000049645,https://www.webofscience.com/wos/woscc/full-record/WOS:001839600600002,off-topic-false-hit,"Vinorelbine is a widely used vinca alkaloid chemotherapeutic agent. Although its hematologic and gastrointestinal toxicities are well characterized, its cardiopulmonary safety profile remains insufficiently defined, and evidence in pediatric populations is limited. This study aimed to systematically evaluate vinorelbine-associated adverse events (AEs) using the FDA Adverse Event Reporting System (FAERS) and WHO VigiBase databases, with particular focus on cardiopulmonary events and pediatric safety. AEs from FAERS (2004 Q1-2024 Q4) and VigiBase (up to 2024 Q4) were analyzed using disproportionality methods, including reporting odds ratio (ROR) and Bayesian confidence propagation neural network to identify potential safety signals. Among 1712 FAERS and 16,175 VigiBase reports listing vinorelbine as the primary suspected drug, 210 significant signals were detected across multiple system organ classes. Strong associations were found not only with hematologic toxicities but also with respiratory, thoracic, and cardiac disorders (notable cardiopulmonary signals), with most AEs occurring within 30 days of administration. In pediatric patients, vinorelbine showed a significant association with endocrine disorders. These findings highlight the importance of enhanced monitoring of cardiopulmonary effects during vinorelbine treatment, particularly during combination therapy, and heightened vigilance for endocrine-related AEs in pediatric patients. As a retrospective observational study based on spontaneous reporting databases, underreporting and unmeasured confounders may affect the interpretation of results.",wos,llm,1.000,unreviewed,,doi:10.1097/md.0000000000049645
discarded,Grounded Search: Open-Vocabulary Object Retrieval in Large-Scale Geospatial Video Datasets,M. Schötz,2027,Lecture Notes on Data Engineering and Communications Technologies,10.1007/978-3-032-36445-6_3,https://www.scopus.com/inward/record.uri?partnerID=HzOxMe3b&scp=105051206865&origin=inward,off-topic-false-hit,,scopus,llm,0.990,unreviewed,,doi:10.1007/978-3-032-36445-6_3
discarded,Examining Expertise Differences in Retail Sales: A Script-based Analysis of Customer Interactions,A. Taylor,2026,Vocations and Learning,10.1007/s12186-026-09393-w,https://www.scopus.com/inward/record.uri?partnerID=HzOxMe3b&scp=105041774650&origin=inward,off-topic-false-hit,,scopus,llm,0.980,unreviewed,,doi:10.1007/s12186-026-09393-w
discarded,Spontaneous resolution of cystoid macular edema with concurrent axial elongation in a pediatric patient with Usher syndrome type 1B: a case report,A. Wang,2026,BMC Ophthalmology,10.1186/s12886-026-04701-3,https://www.scopus.com/inward/record.uri?partnerID=HzOxMe3b&scp=105035488043&origin=inward,off-topic-false-hit,,scopus,llm,1.000,unreviewed,,doi:10.1186/s12886-026-04701-3
discarded,Resting state aperiodic and periodic EEG activity in preschool-aged autistic children: differences from neurotypical peers and links to language skills,Y. Chen,2026,Molecular Autism,10.1186/s13229-025-00700-1,https://www.scopus.com/inward/record.uri?partnerID=HzOxMe3b&scp=105028870428&origin=inward,off-topic-false-hit,,scopus,llm,1.000,unreviewed,,doi:10.1186/s13229-025-00700-1
discarded,"Live, proctored robotic training for the novice robotic surgeon: outcomes and educational value of the Portsmouth Robotic Essentials Course",N. Patel,2026,Journal of Robotic Surgery,10.1007/s11701-026-03190-2,https://www.scopus.com/inward/record.uri?partnerID=HzOxMe3b&scp=105030188159&origin=inward,off-topic-false-hit,,scopus,llm,1.000,unreviewed,,doi:10.1007/s11701-026-03190-2
discarded,Children and adults can suspend core principles about objects and agents given a small amount of counterevidence on screen,R. Liu,2026,Scientific Reports,10.1038/s41598-025-31534-9,https://www.scopus.com/inward/record.uri?partnerID=HzOxMe3b&scp=105027583755&origin=inward,off-topic-false-hit,,scopus,llm,0.990,unreviewed,,doi:10.1038/s41598-025-31534-9
discarded,SERPINC1 mutations and thrombotic events in inherited antithrombin deficiency: a study on the han population of East China,F. Xu,2026,Orphanet Journal of Rare Diseases,10.1186/s13023-026-04200-0,https://www.scopus.com/inward/record.uri?partnerID=HzOxMe3b&scp=105034387667&origin=inward,off-topic-false-hit,,scopus,llm,1.000,unreviewed,,doi:10.1186/s13023-026-04200-0
discarded,Combined ultrasound localization and bronchoscopic-guided percutaneous dilatational tracheostomy in a child with pharyngolaryngeal venous malformation: a case report,Y. Zan,2026,BMC Anesthesiology,10.1186/s12871-026-03729-8,https://www.scopus.com/inward/record.uri?partnerID=HzOxMe3b&scp=105035182988&origin=inward,off-topic-false-hit,,scopus,llm,1.000,unreviewed,,doi:10.1186/s12871-026-03729-8
discarded,Characterizing the frequency of clinical events and assessing biomarkers in propionic acidemia: a natural history study,B.C. Schwahn,2026,Orphanet Journal of Rare Diseases,10.1186/s13023-026-04251-3,https://www.scopus.com/inward/record.uri?partnerID=HzOxMe3b&scp=105034142820&origin=inward,off-topic-false-hit,,scopus,llm,1.000,unreviewed,,doi:10.1186/s13023-026-04251-3
discarded,Silent wounds: violence and adverse experiences in parents caring for terminally ill children in palliative care,J. Guadarrama-Orozco,2026,BMC Palliative Care,10.1186/s12904-026-02134-9,https://www.scopus.com/inward/record.uri?partnerID=HzOxMe3b&scp=105039866915&origin=inward,off-topic-false-hit,,scopus,llm,1.000,unreviewed,,doi:10.1186/s12904-026-02134-9
