status,title,authors,year,venue,doi,url,tags,abstract,provider,decision_source,llm_confidence,llm_review_outcome,llm_change_direction,paper_id
discarded,Review on Serious-Education Games for Slow Learners,Siti NurAishah Binti Nazri; Tuty Asmawaty Binti Abdul Kadir; Siti Normaziah Binti Ihsan,2023,2023 IEEE 8th International Conference On Software Engineering and Computer Systems (ICSECS),10.1109/ICSECS58457.2023.10256376,https://ieeexplore.ieee.org/document/10256376/,off-topic-false-hit,"Serious education games are popular as they engage and educate more learners, including slow learners who are normal students but have difficulty meeting academic standards. Having a game that targets a child's struggles can make a significant difference, helping them feel more confident. Our goal is to increase awareness of slow learners in the classroom and stimulate discussion about this population. This review identifies slow learners and examines serious games' advantages and features designed for them. The paper findings also explore whether these technologies can be more effective than traditional methods. Slow learners struggle with traditional teaching methods, so it's essential to find ways to make learning fun and exciting. This study shows that games designed for education provide children with a great learning experience. This is especially helpful for students who struggle with traditional education methods, especially slow learners. Serious games have been shown to benefit slow learners in a variety of ways. These include developing problem-solving skills, improving motivation and engagement, and increasing academic performance. Therefore, serious gaming strategies may be more effective than traditional methods of engaging slow learners. Research using serious games for slow learners should yield promising results.",ieee,llm,0.990,unreviewed,,doi:10.1109/icsecs58457.2023.10256376
discarded,"THE EFFECT OF A DRAMA-BASED READING SUPPORT PROGRAM ON THE READING COMPREHENSION, MOTIVATION, AND ATTITUDES OF STUDENTS WITH READING DIFFICULTIES","Cesur, Burak; Ozen, Zeki",2026,PROBLEMS OF EDUCATION IN THE 21ST CENTURY,10.33225/pec/26.84.565,https://www.webofscience.com/wos/woscc/full-record/WOS:001879662200004,off-topic-false-hit,"Difficulties in reading present a multifaceted challenge that affects not only students' achievement but also their affective growth. This research focuses on evaluating the effect of the Drama-Based Reading Support Program (DBRSP), which possesses a multicomponent structure and was developed for primary school students with reading difficulties. To assess the intervention, a quantitative research approach was utilized, specifically adopting a single-group pre-experimental design with pre- and post-test measures. The study group consists of 8 fourth-grade primary school students who do not have any intellectual disabilities or diagnoses but experience reading difficulties, determined by criterion sampling. The Informal Reading Inventory, Reading Motivation Scale, and Reading Attitude Scale were used for data collection. During the implementation process, a 32-hour (8-week) intervention program integrating drama techniques with reading strategies was applied. Data analysis was performed using the Wilcoxon Signed-Rank Test. The research findings revealed that the DBRSP implementation significantly increased the students'reading comprehension skills and reading motivation levels. Conversely, it was determined that the program did not create a statistically significant difference in the students' attitudes toward reading in the short term. Consequently, these preliminary findings suggest that drama-based activities may serve as a promising intervention tool supporting both the cognitive and motivational development of students with reading difficulties by transforming the reading process from a mechanical act into an experiential one; however, given the single-group design and limited sample size, these results should be interpreted as exploratory, and further research is needed before broader generalizability can be claimed.",wos,llm,1.000,unreviewed,,doi:10.33225/pec/26.84.565
discarded,The Impact of Mindfulness-Based Breathing Education on Pre-service Teachers With Communication Difficulties: A Mixed-Methods Study,"Yildirim Bilgen, Dilek",2026,SAGE OPEN,10.1177/21582440261489145,https://www.webofscience.com/wos/woscc/full-record/WOS:001871062500001,off-topic-false-hit,"Objectives This study examined the effectiveness of an 8-week Mindfulness-Based Breathing Education (MBBE) program on pre-service teachers with self-reported communication difficulties, targeting communication skills, emotional regulation, and perceived professional preparedness, addressing a critical gap in teacher preparation programs.Methods A convergent parallel mixed-methods design was employed with 50 pre-service teachers from two Turkish universities who scored below the median on a preliminary communication assessment. Participants were randomly assigned to an MBBE intervention group (n = 25) or a wait-list control group (n = 25), receiving one 75-minute session weekly for 8 weeks. Validated scales assessed mindfulness, communication skills, and emotional regulation pre- and post-intervention and at 3-month follow-up; perceived professional preparedness was assessed through semi-structured interviews, analyzed thematically with member checking and triangulation.Results The intervention group showed significant improvements relative to controls in communication skills (d = 1.12, p < .001), mindfulness (d = 0.94, p < .001), and emotional regulation (d = 0.88, p < .01). Thematic analysis revealed four themes: enhanced emotional self-regulation, improved interpersonal communication, increased perceived professional confidence, and practice sustainability challenges. Most participants (97.8%) reported meaningful communication gains, while 24% experienced difficulty maintaining regular practice afterward.Conclusions MBBE shows significant promise for enhancing communication skills and emotional regulation among pre-service teachers with communication difficulties. Combining mindfulness principles with breathing techniques offers a practical approach for teacher preparation. Findings support integrating mindfulness-based interventions into teacher education, though generalizability to all pre-service teachers warrants caution given the targeted sample.",wos,llm,1.000,unreviewed,,doi:10.1177/21582440261489145
discarded,"From stigma to support: Assessing the impact of school mental health literacy program in Addis Ababa, Ethiopia","Veliaminova, Lidia; Megersa, Surafel Worku; Ware, Finina Abebe; Gerbig, Paula; Dehning, Sandra; Girma, Eshetu; Jobst, Andrea",2026,PLOS GLOBAL PUBLIC HEALTH,10.1371/journal.pgph.0007153,https://www.webofscience.com/wos/woscc/full-record/WOS:001865210900002,off-topic-false-hit,"Mental health stigma remains a major barrier due to limited mental health promotion and care among adolescents in low-and middle-income countries (LMICs), due to a lack of mental health literacy, sociocultural beliefs, and misconceptions which contribute to delayed help-seeking and poor mental health outcomes. In Ethiopia, stigma surrounding mental illness can result in social exclusion, discrimination, and abandonment by family members. This study evaluated the effectiveness of a culturally adapted, school-based mental health literacy and anti-stigma intervention among secondary school students in Addis Ababa, Ethiopia. The intervention was culturally adapted in collaboration with local mental health experts and adolescent students to ensure relevance to the Ethiopian context. Using a train-the-trainer approach, seven school nurses and health extension workers were trained to deliver the intervention to 186 students across four secondary schools. Implemented over one week, the intervention utilized three components: (1) an interactive mental health literacy curriculum delivered through PowerPoint presentations and participatory activities, (2) a contact-based session involving a person with lived experience of mental illness, and (3) mental health promotion materials, including posters and bookmarks displaying anti-stigma messages. Outcomes were assessed using self-administered questionnaires completed before the intervention and three weeks after its completion. Following the intervention, students demonstrated improved mental health knowledge and more positive attitudes toward mental illness (t(185) = 8.67, p < 0.001). Social distance, avoidance, and discomfort toward individuals with mental health problems were reduced, while intentions to seek help increased, with participants reporting greater willingness to seek support from formal and informal sources. These findings suggest that a culturally adapted, school-based mental health literacy and anti-stigma intervention was associated with improving adolescents' mental health knowledge, reduce stigmatizing attitudes, and strengthening help-seeking intentions. Such interventions represent a promising strategy for supporting adolescent mental health and addressing stigma in Ethiopia and other LMIC settings.",wos,llm,1.000,unreviewed,,doi:10.1371/journal.pgph.0007153
discarded,Implementation of a trauma-informed care initiative at FQHCs in Texas,"Barnes, Rachel; Choi, Jihye; Yan, Qiheng; Rachel, Aimee; Gabay, Efrat K.; Cuccaro, Paula M.",2026,FRONTIERS IN HEALTH SERVICES,10.3389/frhs.2026.1881638,https://www.webofscience.com/wos/woscc/full-record/WOS:001858647800001,off-topic-false-hit,"Introduction Trauma-informed care recognizes the high prevalence and impact of trauma across the healthcare continuum, and its implementation across healthcare settings has varied. We describe the development and implementation of a trauma-informed care initiative at community health centers across Texas.Methods Using an inquiry-based learning approach, a train-the-trainer model disseminated trauma-informed principles across participating health centers. This approach was evaluated using formative, summative, and organizational assessments as well as qualitative interviews with trained staff.Results 34 health centers participated in the trauma-informed care initiative. We observed significant improvements in organizational assessment subdomains and an average score of 73.9% in summative assessments. Trained staff shared difficulties related to learner engagement, time, leadership buy-in, and self-efficacy to train others, however, successes included enhanced cross-departmental collaboration and incorporation of trauma-informed principles in everyday practice.Discussion Trauma-informed care has the potential to transform healthcare delivery to ensure staff, patient, and organizational wellbeing. We describe a novel approach to implementing trauma-informed care at health centers that shows promise for organizational transformation. Future programs should consider pre-post knowledge assessments, leadership engagement, and sustainability methods such as certifications or continuing education.",wos,llm,1.000,unreviewed,,doi:10.3389/frhs.2026.1881638
discarded,"Hybrid training in rural, remote and island health care: insights from Scotland and the US","Mohamed, Manar Fadil Omer; Ruffa, Alyssa; Munoz, Sarah-Anne; Kornegay, Denise; Nicoll, Pam; Nedelea, Florin; Laidlaw, Anita",2026,RURAL AND REMOTE HEALTH,10.22605/RRH9970,https://www.webofscience.com/wos/woscc/full-record/WOS:001857737100001,off-topic-false-hit,"Introduction: Healthcare professionals in remote, rural, and island areas face challenges including professional isolation, limited access to continuing professional development, and the difficulty of staying connected with peers. Hybrid training, combining online and in-person learning, has been suggested as a potential solution to address these issues, but its impact on healthcare professionals' practices in such settings remains under-researched. This study explores the perceived benefits, changes in practice, and challenges of hybrid training in Scotland and the US, focusing on two programs: the Pre-Hospital Emergency Care Program in Scotland and the Tele-Ed Program in Georgia, US. Methods: A qualitative case study design was used to explore the impact of hybrid training on healthcare professionals in rural, remote, and island settings. Participants included both learners and trainers from two hybrid training programs conducted between August 2023 and February 2024. Semi-structured interviews were conducted from February to May 2024, and the data were analysed using reflexive thematic analysis. Ethics approval was obtained from the University of Aberdeen and Augusta University institutional review boards. Results: Eight participants were interviewed (four from Scotland and four from the US). Data analysis revealed two main themes: specific rural healthcare challenges and training adaptations, and hybrid training modality. Subthemes for the hybrid training modality included training experiences, challenges, and participant evaluations of the training format. Both the Scottish and US participants highlighted challenges unique to rural health care, such as professional isolation and limited resources. Regarding hybrid training, some participants valued its structured framework, while others experienced difficulties with online engagement and technical issues. Discussion: The study reinforces the importance of accessible and flexible education for rural healthcare professionals, demonstrating the potential of hybrid training to reduce professional isolation and build confidence, especially in high-pressure scenarios. The findings also highlight challenges, particularly with online engagement and course availability. The training's practical application in real-world settings was evident, with participants reporting improvements in clinical practice and interdisciplinary teamwork. Conclusion: Hybrid training holds promise in addressing key challenges faced by healthcare professionals in rural, remote, and island settings. While it can reduce isolation and enhance professional development, improvements are needed in online engagement and contextualisation of content. Future research should explore the long-term effects of hybrid training on healthcare providers' retention, professional isolation, and patient outcomes.",wos,llm,1.000,unreviewed,,doi:10.22605/rrh9970
discarded,Effectiveness of a competence-and game-based learning environment using a digital educational escape room for promoting cybersecurity competence in apprentices,"Keller, Thomas",2026,COMPUTERS & SECURITY,10.1016/j.cose.2026.105120,https://www.webofscience.com/wos/woscc/full-record/WOS:001856982200001,off-topic-false-hit,"Human behavior remains a primary attack surface in everyday cybersecurity incidents, as employees make fast, routine decisions when using digital tools, communicating, and handling sensitive information in technology-rich workplaces, making cybersecurity competence (CSC) a foundational workplace capability. To foster CSC, technology-mediated training needs to go beyond awareness and enable practice in recognizing, evaluating, and responding to security-relevant situations in realistic, interactive scenarios, particularly at career entry points in vocational education and training (VET) when routines and mental models are still forming. Organizations therefore increasingly use game-based security education, training, and awareness (SETA) programs such as digital educational escape rooms (DEERs), yet longitudinal evidence for sustained CSC gains is scarce. The present study addresses this gap by evaluating a competence-and game-based learning environment using a DEER in a cluster-randomized controlled trial with VET apprentices (N = 154). CSC was assessed at three time points using a validated situational judgment test, with intervention effects analyzed through a latent change score model. The intervention group started higher in latent CSC at pretest (b = 0.71, p = .023, beta = .23) and showed a substantially larger short-term gain from pretest to posttest than the control group (b = 1.97, p < .001, beta = .66). From posttest to follow-up, this advantage attenuated significantly (b = -0.96, p = .028, beta = -.40). The findings suggest that the competence-and game-based learning environment using a DEER provides a promising, practice-oriented SETA format for VET, while underscoring the need for booster sessions and transfer-focused practice to ensure long-term effects.",wos,llm,0.990,unreviewed,,doi:10.1016/j.cose.2026.105120
discarded,Systemic Barriers to Curriculum Adaptation for Rapidly Changing Knowledge in Medical Education: Qualitative Study,"Baumgartner, Martin; Stadler, Matthias; Samwald, Matthias; Fischer, Martin R.",2026,JMIR MEDICAL EDUCATION,10.2196/96244,https://www.webofscience.com/wos/woscc/full-record/WOS:001833140800002,off-topic-false-hit,"Background: For this study, digitalization in medicine was used as an illustrative case to investigate how medical curricula respond to rapidly changing knowledge. Digitalization is transforming the way medicine and health care are provided and experienced. Experts have suggested various topics for medical curricula to keep pace with rapidly evolving knowledge. However, adapting these curricula remains a lengthy process that often lacks an interdisciplinary approach. Objective: The perspectives of curriculum governing bodies and the boards responsible for curriculum operations at 2 medical universities were examined regarding the need for curriculum changes to account for digitalization in medicine, as well as the difficulties in adapting the curriculum to ever-growing knowledge. We identify and suggest ways to achieve more agile curriculum development. Methods: This study consists of a qualitative analysis of governing policy frameworks and a qualitative study involving 14 video interviews. The interviews were performed with members of university curriculum governing bodies and the boards responsible for curriculum operations. Results: All participants agreed that digitalization will reshape the medical profession by reducing physical contact, enhancing data-driven communication, and streamlining administrative processes. They highlighted the need for graduates to acquire digital literacy, critical evaluation skills, and a basic understanding of data and statistics. Yet, despite being designed as an integrated program, most participants noted that curricula have become fragmented over time due to a lack of coordination between curriculum modules. Furthermore, current processes lead to a siloed perspective, where limited coordination between modules makes it difficult to implement new knowledge holistically. This lack of intermodule alignment emerged as a key barrier to coherent curricular change. Learning objectives were identified as a promising but underutilized tool for monitoring content, aligning modules, and ensuring that emerging topics such as digitalization are integrated consistently. Conclusions: Most participants agreed that current processes for monitoring and updating curricula are not efficiently designed, tending to be too static and focusing primarily on the advancement of subject-specific medical knowledge. To prepare current and future students for a rapidly changing world, curriculum processes should evolve from static, fragmented structures to more agile, integrated systems. By mapping the survey results to the curriculum development frameworks of Kern and Harden, we find that the challenge lies not so much in adding new content, but rather in designing curriculum processes that achieve a holistic overview. Strengthening the use of learning objectives as a dynamic monitoring and alignment tool offers a concrete opportunity to integrate rapidly changing knowledge holistically.",wos,llm,1.000,unreviewed,,doi:10.2196/96244
discarded,Educating Engineers in the Digital Era: Remote Tutoring in Programming from an STS Perspective,"Duarte, Riam Ferreira Lopes; Longhini, Tatielle Menolli; Toledo, Bruno de Souza",2025,REVISTA TECNOLOGIA E SOCIEDADE,,https://www.webofscience.com/wos/woscc/full-record/WOS:001826236700006,adjacent-subtopic,"The subjects of Logic Programming and Computer Programming have historically shown high failure and dropout rates in Engineering courses. This study, conducted at IFMG-Governador Valadares campus, identified that around 70% of students failed at least once in these courses and, on average, required one to three additional semesters to achieve approval. Based on the analysis of students' profiles and the main reported difficulties, the Prog X project was developed: a remote tutoring program designed to provide personalized support through synchronous and asynchronous sessions, practical exercise resolution, and continuous follow-up by tutors. The objective is to consolidate basic programming knowledge, enhance learning, reduce failure, dropout, and withdrawal rates, as well as strengthen student retention and academic performance in Engineering programs. Distinctively, the proposal is framed under the CTS (Science-Technology-Society) perspective, linking programming learning to the development of critical and reflective skills essential for training engineers in the digital era.",wos,llm,0.970,unreviewed,,hash:ff685315a29a4279
