status,title,authors,year,venue,doi,url,tags,abstract,provider,decision_source,llm_confidence,llm_review_outcome,llm_change_direction,paper_id
discarded,Momentum Contrast for Unsupervised Visual Representation Learning,Kaiming He; Haoqi Fan; Yuxin Wu; Saining Xie; Ross Girshick,2019,arXiv (Cornell University),10.48550/arxiv.1911.05722,https://openalex.org/W2987283559,off-topic-false-hit,"We present Momentum Contrast (MoCo) for unsupervised visual representation learning. From a perspective on contrastive learning as dictionary look-up, we build a dynamic dictionary with a queue and a moving-averaged encoder. This enables building a large and consistent dictionary on-the-fly that facilitates contrastive unsupervised learning. MoCo provides competitive results under the common linear protocol on ImageNet classification. More importantly, the representations learned by MoCo transfer well to downstream tasks. MoCo can outperform its supervised pre-training counterpart in 7 detection/segmentation tasks on PASCAL VOC, COCO, and other datasets, sometimes surpassing it by large margins. This suggests that the gap between unsupervised and supervised representation learning has been largely closed in many vision tasks.",openalex,llm,1.000,unreviewed,,doi:10.48550/arxiv.1911.05722
discarded,Public Relations As Relationship Management,John A. Ledingham; Stephen D. Bruning,2000,,10.4324/9781410604668,https://openalex.org/W1495928467,off-topic-false-hit,"The emergence of relationship management as a paradigm for public relations scholarship and practice requires a close examination of just what is achieved by public relations--its definition, function and value, and the benefits it generates. Initiated by the editors' interest in cross-disciplinary exploration, this volume evolved to its current form as a result of the need for a framework for understanding public relations and the potential impact of organization-public relationships on the study, practice, and teaching of public relations. Ledingham and Bruning include contributions that present state-of-the-art research in relationship management, applications of the relational perspective to various components of public relations, and the implications of the approach to influence further research and practice. The discussion conducted here is certain to influence and promote future theory and practice on the concept of relationship management.",openalex,llm,1.000,unreviewed,,doi:10.4324/9781410604668
discarded,Predicting student satisfaction of emergency remote learning in higher education during COVID-19 using machine learning techniques,Indy Man Kit Ho; Kai Yuen Cheong; Anthony Weldon,2021,PLoS ONE,10.1371/journal.pone.0249423,https://openalex.org/W3144626303,off-topic-false-hit,"Despite the wide adoption of emergency remote learning (ERL) in higher education during the COVID-19 pandemic, there is insufficient understanding of influencing factors predicting student satisfaction for this novel learning environment in crisis. The present study investigated important predictors in determining the satisfaction of undergraduate students (N = 425) from multiple departments in using ERL at a self-funded university in Hong Kong while Moodle and Microsoft Team are the key learning tools. By comparing the predictive accuracy between multiple regression and machine learning models before and after the use of random forest recursive feature elimination, all multiple regression, and machine learning models showed improved accuracy while the most accurate model was the elastic net regression with 65.2% explained variance. The results show only neutral (4.11 on a 7-point Likert scale) regarding the overall satisfaction score on ERL. Even majority of students are competent in technology and have no obvious issue in accessing learning devices or Wi-Fi, face-to-face learning is more preferable compared to ERL and this is found to be the most important predictor. Besides, the level of efforts made by instructors, the agreement on the appropriateness of the adjusted assessment methods, and the perception of online learning being well delivered are shown to be highly important in determining the satisfaction scores. The results suggest that the need of reviewing the quality and quantity of modified assessment accommodated for ERL and structured class delivery with the suitable amount of interactive learning according to the learning culture and program nature.",openalex,llm,0.990,unreviewed,,doi:10.1371/journal.pone.0249423
discarded,Understanding Dropouts in MOOCs,Wenzheng Feng; Jie Tang; Tracy Xiao Liu,2019,Proceedings of the AAAI Conference on Artificial Intelligence,10.1609/aaai.v33i01.3301517,https://openalex.org/W2905464284,off-topic-false-hit,"Massive open online courses (MOOCs) have developed rapidly in recent years, and have attracted millions of online users. However, a central challenge is the extremely high dropout rate — recent reports show that the completion rate in MOOCs is below 5% (Onah, Sinclair, and Boyatt 2014; Kizilcec, Piech, and Schneider 2013; Seaton et al. 2014).What are the major factors that cause the users to drop out?What are the major motivations for the users to study in MOOCs? In this paper, employing a dataset from XuetangX1, one of the largest MOOCs in China, we conduct a systematical study for the dropout problem in MOOCs. We found that the users’ learning behavior can be clustered into several distinct categories. Our statistics also reveal high correlation between dropouts of different courses and strong influence between friends’ dropout behaviors. Based on the gained insights, we propose a Context-aware Feature Interaction Network (CFIN) to model and to predict users’ dropout behavior. CFIN utilizes context-smoothing technique to smooth feature values with different context, and use attention mechanism to combine user and course information into the modeling framework. Experiments on two large datasets show that the proposed method achieves better performance than several state-of-the-art methods. The proposed method model has been deployed on a real system to help improve user retention.",openalex,llm,0.980,unreviewed,,doi:10.1609/aaai.v33i01.3301517
discarded,Understanding and Resolving Failures in Human-Robot Interaction: Literature Review and Model Development,Shanee Honig; Tal Oron-Gilad,2018,Frontiers in Psychology,10.3389/fpsyg.2018.00861,https://openalex.org/W2808048733,off-topic-false-hit,"While substantial effort has been invested in making robots more reliable, experience demonstrates that robots operating in unstructured environments are often challenged by frequent failures. Despite this, robots have not yet reached a level of design that allows effective management of faulty or unexpected behavior by untrained users. To understand why this may be the case, an in-depth literature review was done to explore when people perceive and resolve robot failures, how robots communicate failure, how failures influence people's perceptions and feelings toward robots, and how these effects can be mitigated. Fifty-two studies were identified relating to communicating failures and their causes, the influence of failures on human-robot interaction (HRI), and mitigating failures. Since little research has been done on these topics within the HRI community, insights from the fields of human computer interaction (HCI), human factors engineering, cognitive engineering and experimental psychology are presented and discussed. Based on the literature, we developed a model of information processing for robotic failures (Robot Failure Human Information Processing, RF-HIP), that guides the discussion of our findings. The model describes the way people perceive, process, and act on failures in human robot interaction. The model includes three main parts: (1) communicating failures, (2) perception and comprehension of failures, and (3) solving failures. Each part contains several stages, all influenced by contextual considerations and mitigation strategies. Several gaps in the literature have become evident as a result of this evaluation. More focus has been given to technical failures than interaction failures. Few studies focused on human errors, on communicating failures, or the cognitive, psychological, and social determinants that impact the design of mitigation strategies. By providing the stages of human information processing, RF-HIP can be used as a tool to promote the development of user-centered failure-handling strategies for HRIs.",openalex,llm,0.980,unreviewed,,doi:10.3389/fpsyg.2018.00861
discarded,Professional identity: A concept analysis,Anita Fitzgerald,2020,Nursing Forum,10.1111/nuf.12450,https://openalex.org/W3014229432,off-topic-false-hit,"The purpose of this study is to give clarity to the concept of professional identity, drawing from health-related fields to help provide a common language and understanding for research and practice. Professional identity, professionalism, professional socialization, and other related terms are often used without a clear definition or with conflicting definitions. This can lead to misunderstandings and assumptions that complicate research and confuse educators and professionals in guiding novice members. Concept analysis. Initially, 737 articles were identified by searching CINAHL, PubMed Central, Google Scholar, Academic Search Complete, PsyINFO, and SocINDEX for the period 2000 to 2019. Finally, 68 studies met the inclusion criteria, 60 of which are discussed in this concept analysis. This concept analysis uses the method described by Walker and Avant. This concept analysis clarifies the definition of professional identity, using literature from health and related professions, as containing the attributes: skills and functions; knowledge values and ethics; personal identity; group identity; and the influence of the context of care. A more clear definition of professional identity will help researchers to have more precision in their analyses and provide mentors and educators with a clear goal.",openalex,llm,1.000,unreviewed,,doi:10.1111/nuf.12450
discarded,A Framework for Understanding Whiteness in Mathematics Education,Dan Battey; Luis A. Leyva,2016,Journal of Urban Mathematics Education,10.21423/jume-v9i2a294,https://openalex.org/W2584475269,off-topic-false-hit,"In this article, the authors provide a framework for understanding whiteness in mathematics education. While whiteness is receiving more attention in the broader education literature, only a handful of scholars address whiteness in mathematics education in any form. This lack of attention to whiteness leaves it invisible and neutral in documenting mathematics as a racialized space. Naming White institutional spaces, as well as the mechanisms that oppress students, can provide those who work in the field of mathematics education with specific ideas about combatting these racist structures. The framework developed and presented here illustrates three dimensions of White institutional space--institutional, labor, and identity--that are intended to support mathematics educators in two ways: (a) systematically documenting how whiteness subjugates historically marginalized students of color and their agency in resisting this oppression, and (b) making visible the ways in which whiteness impacts White students to reproduce racial privilege.",openalex,llm,1.000,unreviewed,,doi:10.21423/jume-v9i2a294
discarded,Ecological Models and Data in R,Benjamin M. Bolker,2008,Princeton University Press eBooks,10.2307/j.ctvcm4g37,https://openalex.org/W4299506014,off-topic-false-hit,"Ecological Models and Data in R is the first truly practical introduction to modern statistical methods for ecology. In step-by-step detail, the book teaches ecology graduate students and researchers everything they need to know in order to use maximum likelihood, information-theoretic, and Bayesian techniques to analyze their own data using the programming language R. Drawing on extensive experience teaching these techniques to graduate students in ecology, Benjamin Bolker shows how to choose among and construct statistical models for data, estimate their parameters and confidence limits, and interpret the results. The book also covers statistical frameworks, the philosophy of statistical modeling, and critical mathematical functions and probability distributions. It requires no programming background--only basic calculus and statistics. Practical, beginner-friendly introduction to modern statistical techniques for ecology using the programming language R Step-by-step instructions for fitting models to messy, real-world data Balanced view of different statistical approaches Wide coverage of techniques--from simple (distribution fitting) to complex (state-space modeling) Techniques for data manipulation and graphical display Companion Web site with data and R code for all examples",openalex,llm,0.990,unreviewed,,doi:10.2307/j.ctvcm4g37
discarded,"Machine Learning in Python: Main Developments and Technology Trends in Data Science, Machine Learning, and Artificial Intelligence",Sebastian Raschka; Joshua M. Patterson; Corey Nolet,2020,Information,10.3390/info11040193,https://openalex.org/W3006150655,off-topic-false-hit,"Smarter applications are making better use of the insights gleaned from data, having an impact on every industry and research discipline. At the core of this revolution lies the tools and the methods that are driving it, from processing the massive piles of data generated each day to learning from and taking useful action. Deep neural networks, along with advancements in classical machine learning and scalable general-purpose graphics processing unit (GPU) computing, have become critical components of artificial intelligence, enabling many of these astounding breakthroughs and lowering the barrier to adoption. Python continues to be the most preferred language for scientific computing, data science, and machine learning, boosting both performance and productivity by enabling the use of low-level libraries and clean high-level APIs. This survey offers insight into the field of machine learning with Python, taking a tour through important topics to identify some of the core hardware and software paradigms that have enabled it. We cover widely-used libraries and concepts, collected together for holistic comparison, with the goal of educating the reader and driving the field of Python machine learning forward.",openalex,llm,0.990,unreviewed,,doi:10.3390/info11040193
discarded,Current Realities and Future Possibilities: Language and science literacy—empowering research and informing instruction,Larry D. Yore; David Franklin Treagust,2005,International Journal of Science Education,10.1080/09500690500336973,https://openalex.org/W2106422082,off-topic-false-hit,"In this final article, we briefly review and synthesize the science and language research and practice that arose from the current literature and presentations at an international conference, referred to as the first “Island Conference”. We add to the synthesis of the articles the conference deliberations and on‐going discussions of the field and also offer our views as to how such contributions can take place. These central issues—the definition of science literacy; the models of learning, discourse, reading, and writing and their underlying pedagogical assumptions; the roles of discourse in doing, teaching, and learning science; and the demands on teacher education and professional development in the current reforms in language and science education—provide points of departure for discussion of four possible new considerations to research in this field of endeavour that could contribute to a broader and productive scholarship and deeper and enriched understanding of both teaching and learning. These considerations, each from well‐established fields of research literature, are the need to develop support for a contemporary view of science literacy, the role of metacognition in science learning generally, the role of multiple representations in knowledge building and science literacy, and the need for more focused teacher education and professional development programmes.",openalex,llm,1.000,unreviewed,,doi:10.1080/09500690500336973
discarded,A convenient category for higher-order probability theory,Chris Heunen; Ohad Kammar; Sam Staton; Hongseok Yang,2017,,10.1109/lics.2017.8005137,https://openalex.org/W2949151551,off-topic-false-hit,"Higher-order probabilistic programming languages allow programmers to write sophisticated models in machine learning and statistics in a succinct and structured way, but step outside the standard measure-theoretic formalization of probability theory. Programs may use both higher-order functions and continuous distributions, or even define a probability distribution on functions. But standard probability theory does not handle higher-order functions well: the category of measurable spaces is not cartesian closed. Here we introduce quasi-Borel spaces. We show that these spaces: form a new formalization of probability theory replacing measurable spaces; form a cartesian closed category and so support higher-order functions; form a well-pointed category and so support good proof principles for equational reasoning; and support continuous probability distributions. We demonstrate the use of quasi-Borel spaces for higher-order functions and probability by: showing that a well-known construction of probability theory involving random functions gains a cleaner expression; and generalizing de Finetti's theorem, that is a crucial theorem in probability theory, to quasi-Borel spaces.",openalex,llm,0.990,unreviewed,,doi:10.1109/lics.2017.8005137
discarded,Interpretable machine learning: Fundamental principles and 10 grand challenges,Cynthia D Rudin; Chaofan Chen; Zhi Chen; Haiyang Huang; Lesia Semenova; Chudi Zhong,2022,Statistics Surveys,10.1214/21-ss133,https://openalex.org/W3137125108,off-topic-false-hit,"Interpretability in machine learning (ML) is crucial for high stakes decisions and troubleshooting. In this work, we provide fundamental principles for interpretable ML, and dispel common misunderstandings that dilute the importance of this crucial topic. We also identify 10 technical challenge areas in interpretable machine learning and provide history and background on each problem. Some of these problems are classically important, and some are recent problems that have arisen in the last few years. These problems are: (1) Optimizing sparse logical models such as decision trees; (2) Optimization of scoring systems; (3) Placing constraints into generalized additive models to encourage sparsity and better interpretability; (4) Modern case-based reasoning, including neural networks and matching for causal inference; (5) Complete supervised disentanglement of neural networks; (6) Complete or even partial unsupervised disentanglement of neural networks; (7) Dimensionality reduction for data visualization; (8) Machine learning models that can incorporate physics and other generative or causal constraints; (9) Characterization of the “Rashomon set” of good models; and (10) Interpretable reinforcement learning. This survey is suitable as a starting point for statisticians and computer scientists interested in working in interpretable machine learning.",openalex,llm,1.000,unreviewed,,doi:10.1214/21-ss133
