status,title,authors,year,venue,doi,url,tags,abstract,provider,decision_source,llm_confidence,llm_review_outcome,llm_change_direction,paper_id
discarded,Evaluations of Integrated Programming Environment for First-Year Students in Computer Engineering,"Salinas, Matias; Leger, Paul; Fukuda, Hiroaki; Cardozo, Nicolas; Duarte, Vannessa; Figueroa, Ismael",2023,JOURNAL OF UNIVERSAL COMPUTER SCIENCE,10.3897/jucs.81329,https://www.webofscience.com/wos/woscc/full-record/WOS:000936574400005,adjacent-subtopic,"Many factors influence the problems that currently exist in the learning-teaching process of programming. The use of an Integrated Development Environment (IDE) makes the experience a complicated process because these IDEs focus on professional programmers and not on novice learners. This also affects the classrooms of the university ""Pontificia Universidad Catolica de Valparaiso (PUCV)"" (Chile). The use of professional IDEs negatively affects the learning process of first-year students who face the development of the algorithms for the first time. One of the IDE widely used for teaching programming courses is Code::Blocks, which is a tool for professional developers. Through a heuristic and usability evaluation, we found that Code::Blocks has a complex user interface and a functional overload. Using these two findings, as well as recommendations given during these tests, we highlight the important aspects that an IDE for novice learners should have. Taking into account previous observations and state-of-the-art/practice of IDEs, a functional IDE prototype, named Incre-IDLE, is developed. In addition to Code::Blocks evaluations, this paper reports the results of a heuristic and usability evaluation applied to first-year students at PUCV about functionalities provided by Incre-IDLE. These results suggest that Incre-IDLE has a simple interface, is easy to install and use, and does not have functional overload (i.e., spend a considerable amount of time learning the tool). Concretely, the results show that 66.7% of the students could complete tasks easily and 100% of them found the GUI intuitive. In terms of GUI, 83.3% considered the application interface ""very simple""; and the text, concepts, and icons ""very understandable"" by 66.7%. The students also found the tool ""motivating"" (66.7%) or ""very motivating"" (33.3%). These results closely match the findings obtained by the heuristic evaluation of Incre-IDLE from the experts: 83.3% of them rated it as ""useful"" or ""very useful"", and only a 16.7% rated it as",wos,llm,0.970,unreviewed,,doi:10.3897/jucs.81329
discarded,MDBuilder: a PyMOL plugin for the preparation of molecular dynamics simulations,"Liu, Hui; Jin, Ye; Ding, Hanjing",2023,BRIEFINGS IN BIOINFORMATICS,10.1093/bib/bbad057,https://www.webofscience.com/wos/woscc/full-record/WOS:000933650200001,off-topic-false-hit,"The preprocessed initial files that feed the molecular dynamics (MD) simulation packages dramatically influence the outcome of the simulations. However, the popular MD simulation packages depend, to a great extent, on the user's experience in the preparation of MD simulation systems. In this work, we present an easy-to-use tool called MDBuilder, a PyMOL plugin that assists researchers in building the starting structures for multiple popular MD simulation packages. MDBuilder is not only designed to assist MD beginners to overcome the steep learning curve by providing a menu-oriented, point-and-click user graphic interface (GUI), but also to provide an alternative way to prepare the input files for some highly scalable CHARMM force field-based MD simulation packages. The platform-independent GUI is implemented as a PyMOL plugin using the Python language, and it has been tested on Windows and Linux platforms. The source code and documentation of MDBuilder can be downloaded freely from under the GNU General Public License.",wos,llm,1.000,unreviewed,,doi:10.1093/bib/bbad057
discarded,Utilizing Smartphones for Approachable IoT Education in K-12,"Jean, Devin; Broll, Brian; Stein, Gordon; Ledeczi, Akos",2022,SENSORS,10.3390/s22249778,https://www.webofscience.com/wos/woscc/full-record/WOS:000903467600001,"qualifies-claim; adjacent-subtopic; tool or course description, no finding on learning event-driven programming or functions as values","Distributed computing, computer networking, and the Internet of Things (IoT) are all around us, yet only computer science and engineering majors learn the technologies that enable our modern lives. This paper introduces PhoneIoT, a mobile app that makes it possible to teach some of the basic concepts of distributed computation and networked sensing to novices. PhoneIoT turns mobile phones and tablets into IoT devices and makes it possible to create highly engaging projects through NetsBlox, an open-source block-based programming environment focused on teaching distributed computing at the high school level. PhoneIoT lets NetsBlox programs-running in the browser on the student's computer-access available sensors. Since phones have touchscreens, PhoneIoT also allows building a Graphical User Interface (GUI) remotely from NetsBlox, which can be set to trigger custom code written by the student via NetsBlox's message system. This approach enables students to create quite advanced distributed projects, such as turning their phone into a game controller or tracking their exercise on top of an interactive Google Maps background with just a few blocks of code.",wos,llm_reviewed,0.860,changed,kept->discarded,doi:10.3390/s22249778
discarded,"REMORA Resource Monitor: Usability, Performance and User Interface Improvements","Lu, Chun-Yaung; Milfeld, Kent",2023,"PROCEEDINGS OF 2023 SC23 WORKSHOPS OF THE INTERNATIONAL CONFERENCE ON HIGH PERFORMANCE COMPUTING, NETWORK, STORAGE, AND ANALYSIS, SC-W 2023",10.1145/3624062.3624141,https://www.webofscience.com/wos/woscc/full-record/WOS:001701721800089,off-topic-false-hit,"As modern HPC systems grow in complexity, assessing the performance of an application in a user's job may require collecting metrics about various system components, such as processors, memory, file systems, and the network. Although monitoring tools exist for system administrators and managers to collect such information, end users often have limited access to the system monitor of choice, or the user may be overloaded with interface access and performance metric selection. For novices and non-HPC experts, Remora (REsource Monitoring for Remote Applications) provides simple tools that allow quick diagnostic assessments of their jobs, and flexible tools that are adaptable to various types of workflow.

This paper presents the latest improvements made to the Remora resource monitoring tool. It is a user-oriented, lightweight job-monitoring tool that offers a high-level profile of system resource utilization, providing valuable insights into the efficiency of a user's application through timeline and statistical visualizations, and intuitive reports. Additionally, two new tools are introduced: RemoraPy, a Python wrapper; and RP-Stats, a JupyterLab-based GUI of RemoraPy. These tools are being developed to broaden Remora's capabilities in data collection, visualization, and analysis. Also, the introduction of the Remora Python API will benefit the evergrowing Python community by enabling users to include resource monitoring directly within Python workflows.",wos,llm,1.000,unreviewed,,doi:10.1145/3624062.3624141
discarded,A Graphical User Interface Application to Model Open-System Melting in the Upper Mantle,I. Nishio,2026,Geochemistry Geophysics Geosystems,10.1029/2026GC013081,https://www.scopus.com/inward/record.uri?partnerID=HzOxMe3b&scp=105047914978&origin=inward,off-topic-false-hit,,scopus,llm,0.980,unreviewed,,doi:10.1029/2026gc013081
discarded,"SEED-Vault: A New Software Package for Browsing, Downloading, and Archiving Continuous and Event-Based Seismic Data via FDSN",R. Pickle,2026,Seismological Research Letters,10.1785/0220250167,https://www.scopus.com/inward/record.uri?partnerID=HzOxMe3b&scp=105046052172&origin=inward,off-topic-false-hit,,scopus,llm,0.980,unreviewed,,doi:10.1785/0220250167
discarded,MyoInteract: A Framework for Fast Prototyping of Biomechanical HCI Tasks using Reinforcement Learning,A. Bhattarai,2026,DIS 2026 Proceedngs of the 2026 ACM Designing Interactive Systems Conference,10.1145/3800645.3812899,https://www.scopus.com/inward/record.uri?partnerID=HzOxMe3b&scp=105042943365&origin=inward,off-topic-false-hit,,scopus,llm,0.950,unreviewed,,doi:10.1145/3800645.3812899
discarded,OpenFieldAI – new open-source AI based software for tracking rodents and training open field test models,M. Kabier,2026,Journal of Neuroscience Methods,10.1016/j.jneumeth.2025.110667,https://www.scopus.com/inward/record.uri?partnerID=HzOxMe3b&scp=105026580734&origin=inward,off-topic-false-hit,,scopus,llm,0.990,unreviewed,,doi:10.1016/j.jneumeth.2025.110667
discarded,"PetThermoTools: a fast, flexible, and accessible Python3 package for performing thermodynamic calculations",M. Gleeson,2026,Volcanica,10.30909/vol/lepa7012,https://www.scopus.com/inward/record.uri?partnerID=HzOxMe3b&scp=105043730463&origin=inward,off-topic-false-hit,,scopus,llm,0.990,unreviewed,,doi:10.30909/vol/lepa7012
discarded,DSL-Xpert 2.0: Enhancing LLM-driven code generation for domain-specific languages,V. Lamas,2026,Information and Software Technology,10.1016/j.infsof.2025.107954,https://www.scopus.com/inward/record.uri?partnerID=HzOxMe3b&scp=105030116772&origin=inward,adjacent-subtopic,,scopus,llm,0.940,unreviewed,,doi:10.1016/j.infsof.2025.107954
discarded,Balancing Accessibility and Functionality: Participatory Design of a Web-Based Graphical Interface for Infectious Disease Modeling,L. Kojan,2026,Lecture Notes in Computer Science,10.1007/978-3-032-29839-3_11,https://www.scopus.com/inward/record.uri?partnerID=HzOxMe3b&scp=105044946526&origin=inward,off-topic-false-hit,,scopus,llm,0.980,unreviewed,,doi:10.1007/978-3-032-29839-3_11
discarded,Skill-Based Adaptation Through Intuitive Interfaces: Multi-modal Guidance Systems for Industrial Environments,S.C. Akkaladevi,2026,Lecture Notes in Mechanical Engineering,10.1007/978-3-032-07675-5_72,https://www.scopus.com/inward/record.uri?partnerID=HzOxMe3b&scp=105023172332&origin=inward,off-topic-false-hit,,scopus,llm,0.970,unreviewed,,doi:10.1007/978-3-032-07675-5_72
discarded,Objective Singing-Voice Evaluation System for A Cappella Performances,H. Takai,2026,2026 23rd International Conference on Ubiquitous Robots Ur 2026,10.1109/UR69537.2026.11626797,https://www.scopus.com/inward/record.uri?partnerID=HzOxMe3b&scp=105047068969&origin=inward,off-topic-false-hit,,scopus,llm,0.990,unreviewed,,doi:10.1109/ur69537.2026.11626797
discarded,TofuML: A Spatio-Physical Interactive Machine Learning Device for Interactive Exploration of Machine Learning for Novices,W. Kawabe,2026,International Journal of Human Computer Interaction,10.1080/10447318.2026.2619622,https://www.scopus.com/inward/record.uri?partnerID=HzOxMe3b&scp=105030264523&origin=inward,off-topic-false-hit,,scopus,llm,0.960,unreviewed,,doi:10.1080/10447318.2026.2619622
discarded,Easy PID Motor Controller (EPMC): A Cost-Effective Closed-Loop Pid Motor Controller with Integrated Encoder Processing and ROS2 Support for Mobile Robotics,S. Obiagba,2026,Proceedings of the International Conference on Mechanical and Intelligent Manufacturing Technologies Icmimt,10.1109/ICMIMT69639.2026.11642898,https://www.scopus.com/inward/record.uri?partnerID=HzOxMe3b&scp=105047937873&origin=inward,off-topic-false-hit,,scopus,llm,0.990,unreviewed,,doi:10.1109/icmimt69639.2026.11642898
discarded,Open-Source Tool Based on Telemetry Viewer: Designing a User Visualization Interface for Real-Time Odor Concentration Data,X. Zhu,2026,Proceeding of the International Conference on Intelligent Engineering and Next Gen Healthcare Systems Iehns 2026,10.1109/IEHNS68708.2026.11607334,https://www.scopus.com/inward/record.uri?partnerID=HzOxMe3b&scp=105047958401&origin=inward,off-topic-false-hit,,scopus,llm,1.000,unreviewed,,doi:10.1109/iehns68708.2026.11607334
discarded,Under Water Image Stabilization and Detection Using CNN,V. Surya Naga Kireeti,2026,Lecture Notes of the Institute for Computer Sciences Social Informatics and Telecommunications Engineering Lnicst,10.1007/978-3-031-94280-8_23,https://www.scopus.com/inward/record.uri?partnerID=HzOxMe3b&scp=105014453043&origin=inward,off-topic-false-hit,,scopus,llm,1.000,unreviewed,,doi:10.1007/978-3-031-94280-8_23
discarded,A Lightweight Automated SQL Injection Testing Tool with Integrated Discovery and Structured Reporting,O.O. Fasola,2026,European Conference on Information Warfare and Security Eccws,,https://www.scopus.com/inward/record.uri?partnerID=HzOxMe3b&scp=105046794432&origin=inward,off-topic-false-hit,,scopus,llm,0.990,unreviewed,,hash:6ae863b38c80e236
discarded,Design and Implementation of an OTDR Simulation Teaching Software for Vocational Education,X. Han,2025,Proceedings of SPIE the International Society for Optical Engineering,10.1117/12.3089752,https://www.scopus.com/inward/record.uri?partnerID=HzOxMe3b&scp=105026345564&origin=inward,off-topic-false-hit,,scopus,llm,0.980,unreviewed,,doi:10.1117/12.3089752
discarded,Is it an HPC Workflow Assistant? Is it a Framework? It’s Drona Workflow Engine,A. Kryvenko,2025,Proceedings of 2025 Workshops of the International Conference on High Performance Computing Network Storage and Analysis Sc 2025 Workshops,10.1145/3731599.3767431,https://www.scopus.com/inward/record.uri?partnerID=HzOxMe3b&scp=105023366225&origin=inward,off-topic-false-hit,,scopus,llm,1.000,unreviewed,,doi:10.1145/3731599.3767431
discarded,ModuLair: Streamlining Python Virtual Environment Management for HPC,S. Suwansathit,2025,Proceedings of 2025 Workshops of the International Conference on High Performance Computing Network Storage and Analysis Sc 2025 Workshops,10.1145/3731599.3767435,https://www.scopus.com/inward/record.uri?partnerID=HzOxMe3b&scp=105023404544&origin=inward,off-topic-false-hit,,scopus,llm,0.980,unreviewed,,doi:10.1145/3731599.3767435
discarded,OmniCellX: A Versatile and Comprehensive Browser-Based Tool for Single-Cell RNA Sequencing Analysis,R. Long,2025,Biology,10.3390/biology14101437,https://www.scopus.com/inward/record.uri?partnerID=HzOxMe3b&scp=105020073712&origin=inward,off-topic-false-hit,,scopus,llm,0.990,unreviewed,,doi:10.3390/biology14101437
discarded,TESY: A Usability Test-Driven Prototyping Assistant Connecting Designers with Crowd-Testers,F. Kretzer,2025,Proceedings of the ACM on Human Computer Interaction,10.1145/3711082,https://www.scopus.com/inward/record.uri?partnerID=HzOxMe3b&scp=105004692018&origin=inward,off-topic-false-hit,,scopus,llm,0.980,unreviewed,,doi:10.1145/3711082
discarded,WTools: A MATLAB-based toolbox for time-frequency analysis of infant data,A. Ferrari,2025,Plos One,10.1371/journal.pone.0323179,https://www.scopus.com/inward/record.uri?partnerID=HzOxMe3b&scp=105004781166&origin=inward,off-topic-false-hit,,scopus,llm,0.990,unreviewed,,doi:10.1371/journal.pone.0323179
discarded,ExoKit: A Toolkit for Rapid Prototyping of Interactions for Arm-based Exoskeletons,M. Muehlhaus,2025,Conference on Human Factors in Computing Systems Proceedings,10.1145/3706598.3713815,https://www.scopus.com/inward/record.uri?partnerID=HzOxMe3b&scp=105005767338&origin=inward,off-topic-false-hit,,scopus,llm,0.980,unreviewed,,doi:10.1145/3706598.3713815
discarded,Analysis of solid-state NMR data facilitated by MagRO_NMRViewJ with Graph_Robot: Application for membrane protein and amyloid.,N. Kobayashi,2025,Biophysical Chemistry,10.1016/j.bpc.2024.107356,https://www.scopus.com/inward/record.uri?partnerID=HzOxMe3b&scp=85210643204&origin=inward,off-topic-false-hit,,scopus,llm,1.000,unreviewed,,doi:10.1016/j.bpc.2024.107356
discarded,Towards User-Centric Machine Learning: Educational Web-Based GUI Tool Development,R. Lewis,2025,2025 IEEE 15th Annual Computing and Communication Workshop and Conference Ccwc 2025,10.1109/CCWC62904.2025.10903717,https://www.scopus.com/inward/record.uri?partnerID=HzOxMe3b&scp=105001130540&origin=inward,adjacent-subtopic,,scopus,llm,0.910,unreviewed,,doi:10.1109/ccwc62904.2025.10903717
discarded,Data Model Creation with MetaConfigurator,F. Neubauer,2025,Lecture Notes in Informatics Lni Proceedings Series of the Gesellschaft Fur Informatik Gi,10.18420/BTW2025-60,https://www.scopus.com/inward/record.uri?partnerID=HzOxMe3b&scp=105037437155&origin=inward,off-topic-false-hit,,scopus,llm,0.950,unreviewed,,doi:10.18420/btw2025-60
discarded,cOmicsArt—a customizable Omics Analysis and reporting tool,L. Seep,2025,Bioinformatics Advances,10.1093/bioadv/vbaf067,https://www.scopus.com/inward/record.uri?partnerID=HzOxMe3b&scp=105005263783&origin=inward,off-topic-false-hit,,scopus,llm,0.990,unreviewed,,doi:10.1093/bioadv/vbaf067
discarded,"A Centralized Approach to Intrusion Detection System Management: Design, Implementation and Evaluation",P. Pekarčík,2025,Acta Polytechnica Hungarica,10.12700/APH.22.1.2025.1.1,https://www.scopus.com/inward/record.uri?partnerID=HzOxMe3b&scp=85209926465&origin=inward,off-topic-false-hit,,scopus,llm,1.000,unreviewed,,doi:10.12700/aph.22.1.2025.1.1
discarded,Design and Implementation of a Custom PCB-Based Control Platform with STM32 for a 6-DOF Robotic Arm,J.A. Rosas-Rocha,2025,Proceedings of the 2025 IEEE International Autumn Meeting on Power Electronics and Computing Ropec 2025,10.1109/ROPEC68163.2025.11353993,https://www.scopus.com/inward/record.uri?partnerID=HzOxMe3b&scp=105033707185&origin=inward,off-topic-false-hit,,scopus,llm,0.990,unreviewed,,doi:10.1109/ropec68163.2025.11353993
discarded,Effective and Innovative ATPG solutions to shorten TTM based on V93000,J. Chen,2025,2025 Conference of Science and Technology of Integrated Circuits Cstic 2025,10.1109/CSTIC64481.2025.11017781,https://www.scopus.com/inward/record.uri?partnerID=HzOxMe3b&scp=105008443586&origin=inward,off-topic-false-hit,,scopus,llm,1.000,unreviewed,,doi:10.1109/cstic64481.2025.11017781
discarded,DESIGNING SIMPLE INSTRUCTIONS FOR MEDICAL PRODUCTS,M. Wiklund,2025,Designing Simple Instructions for Medical Products,10.1201/9781032722962,https://www.scopus.com/inward/record.uri?partnerID=HzOxMe3b&scp=105025271444&origin=inward,off-topic-false-hit,,scopus,llm,1.000,unreviewed,,doi:10.1201/9781032722962
discarded,RCareGen: An Interface for Scene and Task Generation in RCareWorld,S. Chen,2025,ACM IEEE International Conference on Human Robot Interaction,10.1109/HRI61500.2025.10973913,https://www.scopus.com/inward/record.uri?partnerID=HzOxMe3b&scp=105004879247&origin=inward,off-topic-false-hit,,scopus,llm,0.970,unreviewed,,doi:10.1109/hri61500.2025.10973913
discarded,Graphical Arduino IDE system with wiring layout and flowchart functions for physical computing education,I.K. Hwang,2024,Computer Applications in Engineering Education,10.1002/cae.22783,https://www.scopus.com/inward/record.uri?partnerID=HzOxMe3b&scp=85197790719&origin=inward,adjacent-subtopic,,scopus,llm,0.720,unreviewed,,doi:10.1002/cae.22783
discarded,TorqueCapsules: Fully-Encapsulated Flywheel Actuation Modules for Designing and Prototyping Movement-Based and Kinesthetic Interaction,W.Y. Yang,2024,UIST 2024 Proceedings of the 37th Annual ACM Symposium on User Interface Software and Technology,10.1145/3654777.3676364,https://www.scopus.com/inward/record.uri?partnerID=HzOxMe3b&scp=85215130710&origin=inward,off-topic-false-hit,,scopus,llm,0.990,unreviewed,,doi:10.1145/3654777.3676364
discarded,Design and usability evaluation of the EvaSIM simulator for a socially assistive robot,M. Marques da Rocha,2024,Multimedia Tools and Applications,10.1007/s11042-024-18338-1,https://www.scopus.com/inward/record.uri?partnerID=HzOxMe3b&scp=85184255551&origin=inward,off-topic-false-hit,,scopus,llm,0.980,unreviewed,,doi:10.1007/s11042-024-18338-1
discarded,The Pixel Anomaly Detection Tool: a user-friendly GUI for classifying detector frames using machine-learning approaches,G. Ketawala,2024,Journal of Applied Crystallography,10.1107/S1600576724000116,https://www.scopus.com/inward/record.uri?partnerID=HzOxMe3b&scp=85190306698&origin=inward,off-topic-false-hit,,scopus,llm,1.000,unreviewed,,doi:10.1107/s1600576724000116
discarded,Automated Classification of User Needs for Beginner User Experience Designers: A Kano Model and Text Analysis Approach Using Deep Learning,Z. Zhang,2024,AI Switzerland,10.3390/ai5010018,https://www.scopus.com/inward/record.uri?partnerID=HzOxMe3b&scp=85188737040&origin=inward,off-topic-false-hit,,scopus,llm,0.990,unreviewed,,doi:10.3390/ai5010018
discarded,Automated Code Review and Bug Detection,P.J.S. Xuan,2024,19th International Joint Symposium on Artificial Intelligence and Natural Language Processing Isai Nlp 2024,10.1109/iSAI-NLP64410.2024.10799479,https://www.scopus.com/inward/record.uri?partnerID=HzOxMe3b&scp=85216539864&origin=inward,adjacent-subtopic,,scopus,llm,0.940,unreviewed,,doi:10.1109/isai-nlp64410.2024.10799479
discarded,Event-Driven Architecture for Beginners using RabbitMQ and .NET: A comprehensive guide to distributed solutions with RabbitMQ and .NET,A. Sinha,2024,Event Driven Architecture for Beginners Using Rabbitmq and Net A Comprehensive Guide to Distributed Solutions with Rabbitmq and Net,,https://www.scopus.com/inward/record.uri?partnerID=HzOxMe3b&scp=105022588630&origin=inward,off-topic-false-hit,,scopus,llm,0.860,unreviewed,,hash:b8357943dcc968e9
discarded,An interactive visualization tool for educational outreach in protein contact map overlap analysis,K. Baker,2024,Frontiers in Bioinformatics,10.3389/fbinf.2024.1358550,https://www.scopus.com/inward/record.uri?partnerID=HzOxMe3b&scp=85189030986&origin=inward,off-topic-false-hit,,scopus,llm,0.990,unreviewed,,doi:10.3389/fbinf.2024.1358550
