status,title,authors,year,venue,doi,url,tags,abstract,provider,decision_source,llm_confidence,llm_review_outcome,llm_change_direction,paper_id
discarded,CoSMoMVPA: multi-modal multivariate pattern analysis of neuroimaging data in Matlab / GNU Octave,Nikolaas N. Oosterhof; Andrew C. Connolly; James V. Haxby,2016,bioRxiv (Cold Spring Harbor Laboratory),10.1101/047118,https://openalex.org/W2338186209,off-topic-false-hit,"Abstract Recent years have seen an increase in the popularity of multivariate pattern (MVP) analysis of functional magnetic resonance (fMRI) data, and, to a much lesser extent, magneto-and electro-encephalography (M/EEG) data. We present CoSMoMVPA, a lightweight MVPA (MVP analysis) toolbox implemented in the intersection of the Matlab and GNU Octave languages, that treats both fMRI and M/EEG data as first-class citizens. CoSMoMVPA supports all state-of-the-art MVP analysis techniques, including searchlight analyses, classification, correlations, representational similarity analysis, and the time generalization method. These can be used to address both data-driven and hypothesis-driven questions about neural organization and representations, both within and across: space, time, frequency bands, neuroimaging modalities, individuals, and species. It uses a uniform data representation of fMRI data in the volume or on the surface, and of M/EEG data at the sensor and source level. Through various external toolboxes, it directly supports reading and writing a variety of fMRI and M/EEG neuroimaging formats, and, where applicable, can convert between them. As a result, it can be integrated readily in existing pipelines and used with existing preprocessed datasets. CoSMoMVPA overloads the traditional volumetric searchlight concept to support neighborhoods for M/EEG and surface-based fMRI data, which supports localization of multivariate effects of interest across space, time, and frequency dimensions. CoSMoMVPA also provides a generalized approach to multiple comparison correction across these dimensions using Threshold-Free Cluster Enhancement with state-of-the-art clustering and permutation techniques. CoSMoMVPA is highly modular and uses abstractions to provide a uniform interface for a variety of MVP measures. Typical analyses require a few lines of code, making it accessible to beginner users. At the same time, expert programmers can easily extend its functionality. CoSMoMVPA comes with extensive documentation, including a variety of runnable demonstration scripts and analysis exercises (with example data and solutions). It uses best software engineering practices including version control, distributed development, an automated test suite, and continuous integration testing. It can be used with the proprietary Matlab and the free GNU Octave software, and it complies with open source distribution platforms such as NeuroDebian. CoSMoMVPA is Free/Open Source Software under the permissive MIT license. Website: https://cosmomvpa.org Source code: https://github.com/CoSMoMVPA/CoSMoMVPA",openalex,llm,1.000,unreviewed,,doi:10.1101/047118
kept,Declarative interface models for user interface construction tools: the Mastermind approach,Pedro A. Szekely; Piyawadee “Noi” Sukaviriya; Pablo Castells; J. Muthukumarasamy; Ewald Salcher,1996,IFIP advances in information and communication technology,10.1007/978-0-387-34907-7_8,https://openalex.org/W1537684775,supports-claim,,openalex,llm,0.780,unreviewed,,doi:10.1007/978-0-387-34907-7_8
kept,Pro WPF and Silverlight MVVM : Effective Application Development with Model-View-ViewModel,Gary McLean Hall,2010,CERN Document Server (European Organization for Nuclear Research),10.1007/978-1-4302-3163-9,https://openalex.org/W2338888103,supports-claim,"WPF and Silverlight are unlike any other user interface (UI) technologies. They have been built to a new paradigm that—if harnessed correctly—can yield unprecedented power and performance. This book shows you how to control that power to produce clean, testable, maintainable code. It is now recognized that any non-trivial WPF or Silverlight application needs be designed around the Model-View-ViewModel (MVVM) design pattern in order to unlock the technology's full data-binding potential. However, the knowledge of how to do this is missing from a large part of the development community—even amongst those who work with WPF and Silverlight on a daily basis. Too often there is a reliance on programmatic interaction between controls and not enough trust in the technologies' data-binding capabilities. This leads to a clouding of design values and an inevitable loss of performance, scalability, and maintainability throughout the application. Pro WPF and Silverlight MVVM will show you how to arrange your application so that it can grow as much as required in any direction without danger of collapse.",openalex,llm,0.980,unreviewed,,doi:10.1007/978-1-4302-3163-9
discarded,Minimum Viable Product or Multiple Facet Product? The Role of MVP in Software Startups,Anh Nguyen Duc; Pekka Abrahamsson,2016,Lecture notes in business information processing,10.1007/978-3-319-33515-5_10,https://openalex.org/W2469808786,off-topic-false-hit,"Minimum viable product (MVP) is the main focus of both business and product development activities in software startups. We empirically explored five early stage software startups to understand how MVP are used in early stages. Data was collected from interviews, observation and documents. We looked at the MVP usage from two angles, software prototyping and boundary spanning theory. We found that roles of MVPs in startups were not fully aware by entrepreneurs. Besides supporting validated learning, MVPs are used to facilitate product design, to bridge communication gaps and to facilitate cost-effective product development activities. Entrepreneurs should consider a systematic approach to fully explore the value of MVP, as a multiple facet product (MFP). The work also implies several research directions about prototyping practices and patterns in software startups.",openalex,llm,1.000,unreviewed,,doi:10.1007/978-3-319-33515-5_10
discarded,ImSwitch: Generalizing microscope control in Python,Xavier Casas Moreno; Staffan Al-Kadhimi; Jonatan Alvelid; Andreas Bodén; Ilaria Testa,2021,The Journal of Open Source Software,10.21105/joss.03394,https://openalex.org/W3193928964,adjacent-subtopic,"The constant development of novel microscopy methods with an increased number of dedicated hardware devices poses significant challenges to software development.On the one hand, software should control complex instruments, provide flexibility to adapt between different microscope modalities, and be open and resilient to modification and extension by users and developers.On the other hand, the community needs software that can satisfy the requirements of the users, such as a user-friendly interface and robustness of the code.In this context, we present ImSwitch, based on the model-view-presenter (MVP) design pattern (Potel, 1996), with an architecture that uses polymorphism to provide a generalized solution to microscope control.Consequently, ImSwitch makes it possible to adapt between different modalities and aims at satisfying the needs of both users and developers.We have also included a scripting module for microscope automation applications and a structure to efficiently share data between different modules, such as hardware control and image processing.Currently, ImSwitch provides support for light microscopy techniques but could be extended to other microscopy modalities requiring multiple hardware synchronization.",openalex,llm,0.900,unreviewed,,doi:10.21105/joss.03394
kept,MVVM Demonstration Using C# WPF,Sudip Chakraborty; P. S. Aithal,2023,International Journal of Applied Engineering and Management Letters,10.47992/ijaeml.2581.7000.0163,https://openalex.org/W4316498775,supports-claim,"Purpose: Nowadays, MVVM (Model-View View-Model) is the proven architecture for distributed software development. It encourages the development of the software components by the different independent teams and easy integration at the final stage. The individual researcher prefers direct coding or tightly coupled software modules. The Model is rapid and efficient but might create maintainability issues later. So from day one, we should introduce the best design model. In this scenario, the MVVM model is the major player. Here, we present how to implement MVVM into our project through a simple task. We will design the user interface, which is part of the UX design team, and then add functionality, which is the programming part. Finally, we will do integration and execution. The code used in this project is available to download from GitHub. Design/Methodology/Approach: We are creating a C# WPF project inside the visual studio community edition. Then we segregate our activity into two parts. In the first part, we make a Model for our project. After that, we design the user interface. The user interface interacts with the user to display the data and receive inputs from the user. It is the presentation or view layer. After completing it, we add the required view model interaction logic. Finally, we integrate all components and run the project. Findings/Result: Through the research, we realize the importance of the MVVM concept. It is a good software architecture; the researcher who has gone through the documents will find out how to implement the MVVM into their project. Some essential procedures are presented concisely so they can be adopted quickly. This architecture is independent of any language. So once we grab it, it can be implemented in our project, whatever the language we use. Originality/Value: Several documents on MVVM design using WPF are available worldwide. Most of the documents are elaborative and descriptive. It is tricky to extract the required information from long-duration content as fast-track space. Here we demonstrate practically. Using the documents as a reference, the researcher can easily integrate the MVVM concept into their project. Paper Type: Experimental-based Research.",openalex,llm,0.950,unreviewed,,doi:10.47992/ijaeml.2581.7000.0163
discarded,ATSAS 3.0: expanded functionality and new tools for small-angle scattering data analysis,Karen Manalastas-Cantos; Petr Valeryevich Konarev; Nelly R. Hajizadeh; Alexey Kikhney; Maxim V. Petoukhov; Dmitry S. Molodenskiy; Alejandro Panjkovich; Haydyn D. T. Mertens; Andrey Yu. Gruzinov; Clemente Borges; Cy Michael Jeffries; Dmitri I. Svergun; Daniel Franke,2020,Journal of Applied Crystallography,10.1107/s1600576720013412,https://openalex.org/W3109413273,off-topic-false-hit,"The ATSAS software suite encompasses a number of programs for the processing, visualization, analysis and modelling of small-angle scattering data, with a focus on the data measured from biological macromolecules. Here, new developments in the ATSAS 3.0 package are described. They include IMSIM, for simulating isotropic 2D scattering patterns; IMOP, to perform operations on 2D images and masks; DATRESAMPLE, a method for variance estimation of structural invariants through parametric resampling; DATFT, which computes the pair distance distribution function by a direct Fourier transform of the scattering data; PDDFFIT, to compute the scattering data from a pair distance distribution function, allowing comparison with the experimental data; a new module in DATMW for Bayesian consensus-based concentration-independent molecular weight estimation; DATMIF, an ab initio shape analysis method that optimizes the search model directly against the scattering data; DAMEMB, an application to set up the initial search volume for multiphase modelling of membrane proteins; ELLLIP, to perform quasi-atomistic modelling of liposomes with elliptical shapes; NMATOR, which models conformational changes in nucleic acid structures through normal mode analysis in torsion angle space; DAMMIX, which reconstructs the shape of an unknown intermediate in an evolving system; and LIPMIX and BILMIX, for modelling multilamellar and asymmetric lipid vesicles, respectively. In addition, technical updates were deployed to facilitate maintainability of the package, which include porting the PRIMUS graphical interface to Qt5, updating SASpy – a PyMOL plugin to run a subset of ATSAS tools – to be both Python 2 and 3 compatible, and adding utilities to facilitate mmCIF compatibility in future ATSAS releases. All these features are implemented in ATSAS 3.0, freely available for academic users at https://www.embl-hamburg.de/biosaxs/software.html.",openalex,llm,0.990,unreviewed,,doi:10.1107/s1600576720013412
discarded,Design and Implementation of Post-WIMP Distributed User Interfaces with ZOIL,Hans-Christian Jetter; Michael Zöllner; Jens Gerken; Harald Reiterer,2012,International Journal of Human-Computer Interaction,10.1080/10447318.2012.715539,https://openalex.org/W1968044945,adjacent-subtopic,"“Interactive spaces” are physical environments or rooms for collaborative work that are augmented with ubiquitous computing technology. Their purpose is to enable a computer-supported collaboration between multiple users that is based on a seamless use of different devices for natural “post-WIMP” interaction (e.g., multitouch walls, interactive tabletops, tablet PCs, or digital pen and paper). However, to this day, there are no well-established guidelines or toolkits for designing and implementing such distributed user interfaces (DUIs). Therefore, this article introduces the Zoomable Object-Oriented Information Landscape (ZOIL), a novel design approach and software framework for post-WIMP DUIs in interactive spaces. In the following, the ZOIL design principles are first introduced and illustrated. They provide recommendations and examples of DUI interaction design for interactive spaces. Then the different software patterns and architectures that have been employed for implementing the open-source ZOIL software framework are described. This framework facilitates the implementation of ZOIL's design principles in practice. Lessons learned from ZOIL's implementation are shared, and the implementation is discussed and compared with related work and approaches. The results of an evaluation of ZOIL with designers and developers conclude the article.",openalex,llm,0.880,unreviewed,,doi:10.1080/10447318.2012.715539
discarded,Individual user interfaces and model-based user interface software tools,Egbert Schlungbaum,1997,,10.1145/238218.238330,https://openalex.org/W2108981123,adjacent-subtopic,"Currently, most of model-based user interface software tools use task, application, and presentation models to generate therunning user interface.Thepoint ofthispaperis to use anadditional user model to create individual user interfaces.For it, individual user interfaces and model-based tools are analyzed briefly to define the starting point for this research work.The viability of this approach is discussed with an example using the TADEUS environment.Furthermore, some ideas are presented to extend the MASTERMIND system.",openalex,llm,0.820,unreviewed,,doi:10.1145/238218.238330
kept,Comparative Study of Performance and Productivity of MVC and MVVM design patterns,Gloria Arcos-Medina; Jorge Menéndez; Javier Vallejo,2018,KnE Engineering,10.18502/keg.v1i2.1498,https://openalex.org/W2793167788,supports-claim,"Abstract. The research compares the patterns for user interfaces Model View Controller (MVC) and Model ViewView Model (MVVM) using .Net technologies for the system development for sales and purchasing management of a company. The inductive method is used to recognize, obtain and measure the results of performance and productivity variables based on the tests of two prototypes created for the MVC and MVVM pattern. For the performance tests we used: performance measurement tools Visual Studio 2012 Ultimate. The obtained results show that MVVM pattern presents better conditions of performance and productivity meeting the 95.1% of its performance levels with respect to the MVC pattern that fulfills the 41.6% of its performance levels in relation to the performance and productivity with a level of significance of 95% and a margin of error of 5%.",openalex,llm,0.920,unreviewed,,doi:10.18502/keg.v1i2.1498
discarded,Designing an offscreen model for a GUI,Dirk Kochanek,1994,Lecture notes in computer science,10.1007/3-540-58476-5_109,https://openalex.org/W1890773057,adjacent-subtopic,,openalex,llm,0.700,unreviewed,,doi:10.1007/3-540-58476-5_109
discarded,Flexible GUI in robotics applications using Windows Presentation Foundation framework and Model View ViewModel pattern,Jarnjak,2010,International Conference on New Trends in Information Science and Service Science,,https://openalex.org/W1994151588,adjacent-subtopic,,openalex,llm,0.780,unreviewed,,hash:5b173776f7accf78
kept,Audiometry: A model-view-viewmodel (MVVM) application framework for hearing impairment diagnosis,Waseem Sheikh; Nadeem Sheikh,2020,The Journal of Open Source Software,10.21105/joss.02016,https://openalex.org/W3038305895,supports-claim,"Sheikh et al., (2020). Audiometry: A model-view-viewmodel (MVVM) application framework for hearing impairment diagnosis. Journal of Open Source Software, 5(51), 2016, https://doi.org/10.21105/joss.02016",openalex,llm,0.860,unreviewed,,doi:10.21105/joss.02016
discarded,"Fog of Everything: Energy-Efficient Networked Computing Architectures, Research Challenges, and a Case Study",Enzo Baccarelli; Paola G. Vinueza Naranjo; Michele Scarpiniti; Mohammad Shojafar; Jemal Abawajy,2017,IEEE Access,10.1109/access.2017.2702013,https://openalex.org/W2614052420,off-topic-false-hit,"Fog computing (FC) and Internet of Everything (IoE) are two emerging technological paradigms that, to date, have been considered standing-alone. However, because of their complementary features, we expect that their integration can foster a number of computing and network-intensive pervasive applications under the incoming realm of the future Internet. Motivated by this consideration, the goal of this position paper is fivefold. First, we review the technological attributes and platforms proposed in the current literature for the standing-alone FC and IoE paradigms. Second, by leveraging some use cases as illustrative examples, we point out that the integration of the FC and IoE paradigms may give rise to opportunities for new applications in the realms of the IoE, Smart City, Industry 4.0, and Big Data Streaming, while introducing new open issues. Third, we propose a novel technological paradigm, the Fog of Everything (FoE) paradigm, that integrates FC and IoE and then we detail the main building blocks and services of the corresponding technological platform and protocol stack. Fourth, as a proof-of-concept, we present the simulated energy-delay performance of a small-scale FoE prototype, namely, the V-FoE prototype. Afterward, we compare the obtained performance with the corresponding one of a benchmark technological platform, e.g., the V-D2D one. It exploits only device-to-device links to establish inter-thing “ad hoc” communication. Last, we point out the position of the proposed FoE paradigm over a spectrum of seemingly related recent research projects.",openalex,llm,0.990,unreviewed,,doi:10.1109/access.2017.2702013
kept,Model-View-ViewModel (MVVM),Skye Hoefling,2022,Apress eBooks,10.1007/978-1-4842-8248-9_8,https://openalex.org/W4312849932,supports-claim,"In the last few chapters, we have been building our main application dashboard and login page. We are now ready to start architecting our application to support scalable design patterns that separate the user interface code from business rules and code that communicates with the Microsoft Graph for OneDrive APIs.",openalex,llm,0.960,unreviewed,,doi:10.1007/978-1-4842-8248-9_8
discarded,DCE@urLAB: a dynamic contrast-enhanced MRI pharmacokinetic analysis tool for preclinical data,Juan Enrique Ortuño; María J. Ledesma‐Carbayo; Rui Vasco Simoes; Ana Paula Candiota; Carles Arús; Andrés Santos,2013,BMC Bioinformatics,10.1186/1471-2105-14-316,https://openalex.org/W2146851602,off-topic-false-hit,"BACKGROUND: DCE@urLAB is a software application for analysis of dynamic contrast-enhanced magnetic resonance imaging data (DCE-MRI). The tool incorporates a friendly graphical user interface (GUI) to interactively select and analyze a region of interest (ROI) within the image set, taking into account the tissue concentration of the contrast agent (CA) and its effect on pixel intensity. RESULTS: Pixel-wise model-based quantitative parameters are estimated by fitting DCE-MRI data to several pharmacokinetic models using the Levenberg-Marquardt algorithm (LMA). DCE@urLAB also includes the semi-quantitative parametric and heuristic analysis approaches commonly used in practice. This software application has been programmed in the Interactive Data Language (IDL) and tested both with publicly available simulated data and preclinical studies from tumor-bearing mouse brains. CONCLUSIONS: A user-friendly solution for applying pharmacokinetic and non-quantitative analysis DCE-MRI in preclinical studies has been implemented and tested. The proposed tool has been specially designed for easy selection of multi-pixel ROIs. A public release of DCE@urLAB, together with the open source code and sample datasets, is available at http://www.die.upm.es/im/archives/DCEurLAB/.",openalex,llm,0.970,unreviewed,,doi:10.1186/1471-2105-14-316
