status,title,authors,year,venue,doi,url,tags,abstract,provider,decision_source,llm_confidence,llm_review_outcome,llm_change_direction,paper_id
kept,Automatically repairing event sequence-based GUI test suites for regression testing,Atif M. Memon,2008,ACM Transactions on Software Engineering and Methodology,10.1145/1416563.1416564,https://openalex.org/W2043709926,supports-claim,"Although graphical user interfaces (GUIs) constitute a large part of the software being developed today and are typically created using rapid prototyping, there are no effective regression testing techniques for GUIs. The needs of GUI regression testing differ from those of traditional software. When the structure of a GUI is modified, test cases from the original GUI's suite are either reusable or unusable on the modified GUI. Because GUI test case generation is expensive, our goal is to make the unusable test cases usable, thereby helping to retain the suite's event coverage. The idea of reusing these unusable ( obsolete ) test cases has not been explored before. This article shows that a large number of test cases become unusable for GUIs. It presents a new GUI regression testing technique that first automatically determines the usable and unusable test cases from a test suite after a GUI modification, then determines the unusable test cases that can be repaired so that they can execute on the modified GUI, and finally uses repairing transformations to repair the test cases. This regression testing technique along with four repairing transformations has been implemented. An empirical study for four open-source applications demonstrates that (1) this approach is effective in that many of the test cases can be repaired, and is practical in terms of its time performance, (2) certain types of test cases are more prone to becoming unusable, and (3) certain types of “dominator” events, when modified, make a large number of test cases unusable.",openalex,llm,0.930,unreviewed,,doi:10.1145/1416563.1416564
kept,Crowdsourcing GUI Tests,Eelco Dolstra; Raynor Vliegendhart; Johan A. Pouwelse,2013,,10.1109/icst.2013.44,https://openalex.org/W2014157887,supports-claim,"Graphical user interfaces are difficult to test: automated tests are hard to create and maintain, while manual tests are time-consuming, expensive and hard to integrate in a continuous testing process. In this paper, we show that it is possible to crowdsource GUI tests, that is, to outsource them to individuals drawn from a large pool of workers on the Internet, by instantiating virtual machines (VMs) running the system under test and letting testers access the VMs through their web browsers. This enables semi-automated continuous testing of GUIs and usability experiments with large numbers of participants at low cost. Several large experiments on the Amazon Mechanical Turk demonstrate that our approach is technically feasible and sufficiently reliable.",openalex,llm,0.970,unreviewed,,doi:10.1109/icst.2013.44
discarded,Call-Stack Coverage for GUI Test Suite Reduction,Scott McMaster; Atif M. Memon,2008,IEEE Transactions on Software Engineering,10.1109/tse.2007.70756,https://openalex.org/W2023240978,adjacent-subtopic,"Graphical user interfaces (GUIs) are used as front ends to most of today's software applications. The event-driven nature of GUIs presents new challenges for testing. One important challenge is test suite reduction. Conventional reduction techniques/tools based on static analysis are not easily applicable due to the increased use of multilanguage GUI implementations, callbacks for event handlers, virtual function calls, reflection, and multithreading. Moreover, many existing techniques ignore code in libraries and fail to consider the context in which event handlers execute. Consequently, they yield GUI test suites with seriously impaired fault-detection abilities. This paper presents a reduction technique based on the call-stack coverage criterion. Call stacks may be collected for any executing program with very little overhead. Empirical studies in this paper compare reduction based on call-stack coverage to reduction based on line, method, and event coverage, including variations that control for the size and optional consideration of library methods. These studies show that call-stack-based reduction provides unique trade-offs between the reduction in test suite size and the loss of fault detection effectiveness, which may be valuable in practice. Additionally, an analysis of the relationship between coverage requirements and fault-revealing test cases is presented.",openalex,llm,0.860,unreviewed,,doi:10.1109/tse.2007.70756
kept,EHBDroid: Beyond GUI testing for Android applications,Wei Song; Xiangxing Qian; Jeff Huang,2017,,10.1109/ase.2017.8115615,https://openalex.org/W2767357513,supports-claim,"With the prevalence of Android-based mobile devices, automated testing for Android apps has received increasing attention. However, owing to the large variety of events that Android supports, test input generation is a challenging task. In this paper, we present a novel approach and an open source tool called EHBDroid for testing Android apps. In contrast to conventional GUI testing approaches, a key novelty of EHBDroid is that it does not generate events from the GUI, but directly invokes callbacks of event handlers. By doing so, EHBDroid can efficiently simulate a large number of events that are difficult to generate by traditional UI-based approaches. We have evaluated EHBDroid on a collection of 35 real-world large-scale Android apps and compared its performance with two state-of-the-art UI-based approaches, Monkey and Dynodroid. Our experimental results show that EHBDroid is significantly more effective and efficient than Monkey and Dynodroid: in a much shorter time, EHBDroid achieves as much as 22.3% higher statement coverage (11.1% on average) than the other two approaches, and found 12 bugs in these benchmarks, including 5 new bugs that the other two failed to find.",openalex,llm,0.960,unreviewed,,doi:10.1109/ase.2017.8115615
kept,Maintenance of automated test suites in industry: An empirical study on Visual GUI Testing,Emil Alégroth; ROBERT H. FELDT; Pirjo Kolström,2016,Information and Software Technology,10.1016/j.infsof.2016.01.012,https://openalex.org/W2261112062,supports-claim,,openalex,llm,0.910,unreviewed,,doi:10.1016/j.infsof.2016.01.012
kept,Why many challenges with GUI test automation (will) remain,Michel Nass; Emil Alégroth; ROBERT H. FELDT,2021,Information and Software Technology,10.1016/j.infsof.2021.106625,https://openalex.org/W3160762091,supports-claim,,openalex,llm,0.910,unreviewed,,doi:10.1016/j.infsof.2021.106625
discarded,Lightweight Static Analysis for GUI Testing,Stephan Arlt; Andreas Podelski; Cristiano Bertolini; Martin Schäf; Ishan Banerjee; Atif M. Memon,2012,,10.1109/issre.2012.25,https://openalex.org/W2066913862,adjacent-subtopic,"GUI testing is an active research area. The open challenge is the judicious generation of event sequences (an event sequence encodes a user interaction). A major advance in this direction is the use of a black-box model to systematically generate event sequences that are executable on the GUI. The black-box model can be, e.g., an Event Flow Graph (EFG) or an Event Sequence Graph (ESG). In this paper we propose a new approach to select relevant event sequences among the event sequences generated by a black-box model. We express the relevance of an event sequence by a precisely defined dependency between a fixed number of events in the event sequence. Departing from a pure black-box approach we apply a static analysis to the byte code of the application. This allows us to infer a dependency graph, which we call Event Dependency Graph (EDG). We use the EDG together with a black-box model to construct a set of relevant event sequences among the executable ones. We have implemented our approach in a new tool. We evaluate the approach on four open source GUI applications. With the specific choice of a lightweight static analysis, the approach scales to large applications and, at the same time, leads to an informed selection of event sequences. Using our approach we are able to find previously undetected bugs.",openalex,llm,0.930,unreviewed,,doi:10.1109/issre.2012.25
kept,"Visual GUI testing in practice: challenges, problemsand limitations",Emil Alégroth; ROBERT H. FELDT; Lisa Ryrholm,2014,Empirical Software Engineering,10.1007/s10664-013-9293-5,https://openalex.org/W2024033902,supports-claim,,openalex,llm,0.950,unreviewed,,doi:10.1007/s10664-013-9293-5
kept,An event‐flow model of GUI‐based applications for testing,Atif M. Memon,2007,Software Testing Verification and Reliability,10.1002/stvr.364,https://openalex.org/W2128779711,supports-claim,"Abstract Graphical user interfaces (GUIs) are by far the most popular means used to interact with today's software. The functional correctness of a GUI is required to ensure the safety, robustness and usability of an entire software system. GUI testing techniques used in practice are resource intensive; model‐based automated techniques are rarely employed. A key reason for the reluctance in the adoption of model‐based solutions proposed by researchers is their limited applicability; moreover, the models are expensive to create. Over the past few years, the present author has been developing different models for various aspects of GUI testing. This paper consolidates all of the models into one scalable event‐flow model and outlines algorithms to semi‐automatically reverse‐engineer the model from an implementation. Earlier work on model‐based test‐case generation, test‐oracle creation, coverage evaluation, and regression testing is recast in terms of this model by defining event‐space exploration strategies (ESESs) and creating an end‐to‐end GUI testing process. Three such ESESs are described: for checking the event‐flow model, test‐case generation, and test‐oracle creation. Two demonstrational scenarios show the application of the model and the three ESESs for experimentation and application in GUI testing. Copyright © 2007 John Wiley & Sons, Ltd.",openalex,llm,0.840,unreviewed,,doi:10.1002/stvr.364
kept,ATOM: Automatic Maintenance of GUI Test Scripts for Evolving Mobile Applications,Xiao Li; Nana Chang; Yan Wang; Haohua Huang; Yu Pei; Linzhang Wang; Xuandong Li,2017,,10.1109/icst.2017.22,https://openalex.org/W2615418406,supports-claim,"The importance of regression testing in assuring the integrity of a program after changes is well recognized. One major obstacle in practicing regression testing is in maintaining tests that become obsolete due to evolved program behavior or specification. For mobile apps, the problem of maintaining obsolete GUI test scripts for regression testing is even more pressing. Mobile apps rely heavily on the correct functioning of their GUIs to compete on the market and provide good user experiences. But on the one hand, GUI tests break easily when changes happen to the GUI, On the other hand, mobile app developers often need to fight for a tight feedback loop and are left with limited time for test maintenance. In this paper, we propose a novel approach, called ATOM, to automatically maintain GUI test scripts of mobile apps for regression testing. ATOM uses an event sequence model to abstract possible event sequences on a GUI and a delta ESM to abstract the changes made to the GUI. Given both models as input, ATOM automatically updates the test scripts written for a base version app to reflect the changes. In an experiment with 22 versions from 11 production Android apps, ATOM updated all the test scripts affected by the version change, the updated scripts achieve over 80% of the coverage by the original scripts on the base version app, all except one set of updated scripts preserve over 60% of the actions in the original test scripts.",openalex,llm,0.940,unreviewed,,doi:10.1109/icst.2017.22
kept,A Framework for Monkey GUI Testing,Thomas Wetzlmaier; Rudolf Ramler; Werner Putschögl,2016,,10.1109/icst.2016.51,https://openalex.org/W2484745370,supports-claim,"Testing via graphical user interfaces (GUI) is a complex and labor-intensive task. Numerous techniques, tools and frameworks have been proposed for automating GUI testing. In many projects, however, the introduction of automated tests did not reduce the overall effort of testing but shifted it from manual test execution to test script development and maintenance. As a pragmatic solution, random testing approaches (aka ""monkey testing"") have been suggested for automated random exploration of the system under test via the GUI. This paper presents a versatile framework for monkey GUI testing. The framework provides reusable components and a predefined, generic workflow with extension points for developing custom-built test monkeys. It supports tailoring the monkey for a particular application scenario and the technical requirements imposed by the system under test. The paper describes the customization of test monkeys for an open source project and in an industry application, where the framework has been used for successfully transferring the idea of monkey testing into an industry solution.",openalex,llm,0.950,unreviewed,,doi:10.1109/icst.2016.51
kept,"Studying the Characteristics of a ""Good"" GUI Test Suite",Qing Xie; Atif M. Memon,2006,Proceedings/Proceedings - International Symposium on Software Reliability Engineering,10.1109/issre.2006.45,https://openalex.org/W2122027402,supports-claim,"The widespread deployment of graphical-user interfaces (GUIs) has increased the overall complexity of testing. A GUI test designer needs to perform the daunting task of adequately testing the GUI, which typically has very large input interaction spaces, while considering tradeoffs between GUI test suite characteristics such as the number of test cases (each modeled as a sequence of events), their lengths, and the event composition of each test case. There are no published empirical studies on GUI testing that a GUI test designer may reference to make decisions about these characteristics. Consequently, in practice, very few GUI testers know how to design their test suites. This paper takes the first step towards assisting in GUI test design by presenting an empirical study that evaluates the effect of these characteristics on testing cost and fault detection effectiveness. The results show that two factors significantly effect the fault-detection effectiveness of a test suite: (1) the diversity of states in which an event executes and (2) the event coverage of the suite. Test designers need to improve the diversity of states in which each event executes by developing a large number of short test cases to detect the majority of ""shallow"" faults, which are artifacts of modern GUI design. Additional resources should be used to develop a small number of long test cases to detect a small number of ""deep"" faults",openalex,llm,0.970,unreviewed,,doi:10.1109/issre.2006.45
discarded,Call Stack Coverage for GUI Test-Suite Reduction,Scott McMaster; Atif M. Memon,2006,,10.1109/issre.2006.19,https://openalex.org/W2013159836,adjacent-subtopic,"Graphical user interfaces (GUIs) are used as front-ends to most of today's software applications; testing GUIs for functional correctness is needed to ensure the overall correctness of these applications. The event-driven nature of GUIs presents new challenges for testing. One important challenge is test suite reduction. Conventional reduction techniques/tools based on static analysis are not easily applicable due to the increased use of multi-language GUI implementations, callbacks for event handlers, virtual function calls, reflection, and multi-threading. Moreover, many existing techniques ignore event handlers from libraries, and fail to consider the context in which a handler executes. Consequently, they yield GUI test suites with seriously impaired fault-detection ability. This paper presents a new reduction technique based on the call stack coverage criterion. Call stacks may be collected for any executing program with very little overhead. An empirical study involving three large GUI-based applications shows that call stack based reduction provides an excellent tradeoff between reduction in test suite size and loss of fault-detection effectiveness",openalex,llm,0.870,unreviewed,,doi:10.1109/issre.2006.19
discarded,Fastbot2: Reusable Automated Model-based GUI Testing for Android Enhanced by Reinforcement Learning,Zhengwei Lv; Chao Peng; Zhao Zhang; Ting Su; Kai Liu; Ping Yang,2022,,10.1145/3551349.3559505,https://openalex.org/W4313563733,adjacent-subtopic,"We introduce a reusable automated model-based GUI testing technique for Android apps to accelerate the testing cycle. Our key insight is that the knowledge of event-activity transitions from the previous testing runs, i.e., executing which events can reach which activities, is valuable for guiding the follow-up testing runs to quickly cover major app functionalities. To this end, we propose (1) a probabilistic model to memorize and leverage this knowledge during testing, and (2) design a model-based guided testing strategy (enhanced by a reinforcement learning algorithm). We implemented our technique as an automated testing tool named Fastbot2. The evaluation on two popular industrial apps (with billions of user installations), Douyin and Toutiao, shows that Fastbot2 outperforms the state-of-the-art testing tools (Monkey, Ape and Stoat) in both activity coverage and fault detection in the context of continuous testing. To date, Fastbot2 has been deployed in the CI pipeline at ByteDance for nearly two years, and 50.8% of the developer-fixed crash bugs were reported by Fastbot2, which significantly improves app quality. Fastbot2 has been made publicly available to benefit the community at: https://github.com/bytedance/Fastbot_Android.",openalex,llm,0.940,unreviewed,,doi:10.1145/3551349.3559505
discarded,Automating GUI Testing with Image-Based Deep Reinforcement Learning,Juha Eskonen; Julen Kahles; Joel Reijonen,2020,,10.1109/acsos49614.2020.00038,https://openalex.org/W3089719382,adjacent-subtopic,"Users interact with modern applications and devices through graphical user interfaces (GUIs). To ensure intuitive and easy usability, the GUIs need to be tested, where developers aim at finding possible bugs and inconsistent functionality. Manual GUI testing requires time and effort, and thus, its efficiency can be improved with automation. Conventional automation tools for GUI testing reduce the burden of manual testing but also introduce challenges in the maintenance of test cases. In order to overcome these issues, we propose a deep-reinforcement-learning-based (DRL) solution for automated and adaptive GUI testing. Specifically, we propose and evaluate the performance of an image-based DRL solution. We adapt the asynchronous advantage actor-critic (A3C) algorithm to GUI testing inspired by how a human uses a GUI. We feed screenshots of the GUI as the input and let the algorithm decide how to interact with GUI components. We observe that our solution can achieve up to six times higher exploration efficiency compared to selected baseline algorithms. Moreover, our solution is more efficient than inexperienced human users and almost as efficient as an experienced human user in our experimental GUI testing scenario. For these reasons, image-based DRL exploration can be considered as a viable GUI testing method.",openalex,llm,0.880,unreviewed,,doi:10.1109/acsos49614.2020.00038
discarded,Plan generation for GUI testing,Atif M. Memon; Martha E. Pollack; Mary Lou Soffa,2000,,,https://openalex.org/W2150370510,adjacent-subtopic,"Graphical user interfaces (GUIs) have become nearly ubiquitous as a means of interacting with software systems. GUIs are typically highly complex pieces of software, and testing their correctness poses a large challenge. In this paper, we present a new approach to automatic testing of GUIs that builds on AI planning techniques. The motivating idea is that GUI test designers will often find it easier to specify typical goals that users of their software might have than to specify sequences of GUI actions that users might perform to achieve those goals. Thus we cast GUI testcase generation as an instance of plan generation: given a specification of initial and goal states for a GUI, a planner is used to generate sequences of GUI actions that lead from the initial state to the goal state. We describe our GUI testing system, PATHS (Planning Assisted Tester for grapHical user interface Systems), and we report on experiments using PATHS to generate test cases for Microsoft...",openalex,llm,0.940,unreviewed,,hash:2027df3b7ff9418e
kept,Scripted GUI Testing of Android Apps,Riccardo Coppola; Maurizio Morisio; Marco Torchiano,2017,,10.1145/3127005.3127008,https://openalex.org/W2963620568,supports-claim,"Background. Evidence suggests that mobile applications are not thoroughly tested as their desktop counterparts. In particular GUI testing is generally limited. Like web-based applications, mobile apps suffer from GUI test fragility, i.e. GUI test classes failing due to minor modifications in the GUI, without the application functionalities being altered.",openalex,llm,0.930,unreviewed,,doi:10.1145/3127005.3127008
