status,title,authors,year,venue,doi,url,tags,abstract,provider,decision_source,llm_confidence,llm_review_outcome,llm_change_direction,paper_id
discarded,The effect of flooding on respiratory health in children and adults,"Gaillard, Erol A.",2026,EXPERT REVIEW OF RESPIRATORY MEDICINE,10.1080/17476348.2026.2726581,https://www.webofscience.com/wos/woscc/full-record/WOS:001866859100001,off-topic-false-hit,"Introduction The occurrence of severe storms and floods has steadily increased over the last decades world-wide because of climate change and global warming. Flooding events have important effects on respiratory health especially in vulnerable populations. Some health effects are immediate, such as respiratory infections, asthma attacks and chronic obstructive pulmonary disease exacerbations. An important immediate risk arises for patients with technology dependent respiratory conditions if power supplies fail. Post-flood, indoor damp and mold develop in flooded homes creating a high risk of developing chronic respiratory disease in residents.Areas covered This review summarizes what is known about the immediate and the medium- to long-term effects of flooding on respiratory health. The negative health effects of prolonged living in a damp and moldy home are discussed.Expert opinion Climate change and global warming appear to be progressing at a more rapid pace than previously predicted and this will increase the number and the severity of global storm and flood events. Floods pose a substantial risk to patients with chronic respiratory disease and health systems world-wide need to be more aware and prepare to manage the immediate and the long-term needs of increasing numbers of patients affected by natural disasters.",wos,llm,1.000,unreviewed,,doi:10.1080/17476348.2026.2726581
discarded,Outcome of conservative management of small renal stones in prepubertal children,"Hodhod, Amr; Moneir, Wael M.; Alhams, Abdulwahab; Burki, Tariq; Jamalalail, Yasser; Almodhen, Fayez; Alsufyani, Abdullah; Alaqeel, Abdullah; Alshammari, Ahmed",2026,JOURNAL OF PEDIATRIC UROLOGY,10.1016/j.jpurol.2025.07.029,https://www.webofscience.com/wos/woscc/full-record/WOS:001864848300001,off-topic-false-hit,"Introduction Renal stones are relatively uncommon in the pediatric population. This study aimed to evaluate the utility of conservative management of small renal stones in prepubertal children. Patients and methods A retrospective chart review was conducted for children (<= 12 years old) with small renal stones (3-10 mm) from 2016 to 2023 who underwent conservative management. Management included periodic renal ultrasonography, every 6 months, in addition to good hydration. Stones were confirmed by two consecutive ultrasounds. We recorded the patient's demographics and ultrasound findings (stone side, size, laterality, location, number, and associated hydronephrosis). Surgical intervention was indicated if recurrent loin pain, recurrent UTI, or worsening hydronephrosis (obstructing stone). Nephrolithiasis was considered resolved if stones were not visualized on 2 consecutive ultrasounds. Moreover, we evaluated conservative management outcomes for those presented during infancy (<12 months) versus later. Results We included 52 patients (65renal units) who presented at a median age of 46.1months (5.3-155.1). Seventy-five percent of patients had incidental renal stones. The median stone size was 4 mm (3-10). Forty-six percent of stones were in the lower calyx. The majority (70.8 %) had no hydronephrosis at presentation. During a median follow-up of 39months, 15patients with 17units (26.2 %) were documented stone-free. Ten patients (19.2 %) had symptomatic stone events, all measured >= 4 mm. Of them, 6 patients (6 units) underwent surgical interventions, and 4 patients (4 units) experienced complications. A ROC curve analysis identified a stone size cutoff of 4 mm (sensitivity 100 % and 29 % specificity) that could be associated with symptomatic stone events. Using a multivariate Cox regression model, stone size was the only significantly associated factor with subsequent surgical intervention (p = 0.007). 19 % (10patients,12units) presented during infancy. Notably, the incidence of stone-free rate was significantly higher during infancy compared to older children (58.3 % vs 18.9 %, respectively). Discussion During a 39-month follow-up, 4 patients developed complications (2recurrent pain and 2 experienced UTI), supporting the safety of conservative management of small renal stones. This study is limited due to its retrospective design and the reliance on ultrasound as the main imaging method. To minimize that, all ultrasound images were carefully reviewed by two pediatric urologists. Moreover, renal stones were confirmed using strict criteria, which required detection in two consecutive ultrasounds. Conclusion Although 26.2 % of units had spontaneously resolved nephrolithiasis, surgical intervention was only required in 11.5%of patients, all of whom had renal stones >= 4 mm. Infants had higher spontaneous resolutions without complications, suggesting that conservative management may be especially effective in this subgroup.",wos,llm,1.000,unreviewed,,doi:10.1016/j.jpurol.2025.07.029
discarded,Brugada Syndrome in the Pediatric Population: Diagnostic Challenges and Clinical Outcome-Results of the German Multicenter Study COGIA,"Lippert, Lea; Burkard, Tobias; Markel, Franziska; Debus, Volker; Stute, Fridrike; Kamphues, Anna; Pozza, Robert Dalla; Rupp, Stefan; Gonzalez, Maria B. Gonzalez y; Junge, Claudia; Kanaan, Majed; Hoff, Kirstin; Hanser, Anja; Dittmann, Sven; Westphal, Dominik Sebastian; Diebold, Isabel; Clauss, Sebastian; Kessner, Stefanie; Hitz, Marc-Phillip; Becker, Kolja; Kaab, Stefan; Ewert, Peter; Hofbeck, Michael; Wallisch, Wolfgang; Dittrich, Sven; Uebing, Anselm; Neumann, Stephan; Nurnberg, Jan-Hendrik; Hebe, Joachim; Kozlik-Feldmann, Rainer; Beerbaum, Philipp; Kerst, Gunter; Schulze-Bahr, Eric; Gebauer, Roman; Hessling, Gabriele; Wolf, Cordula Maria",2026,JOURNAL OF CARDIOVASCULAR ELECTROPHYSIOLOGY,10.1111/jce.70484,https://www.webofscience.com/wos/woscc/full-record/WOS:001862492900001,off-topic-false-hit,"Introduction Diagnosis and treatment of children and adolescents with suspected Brugada syndrome (BrS) is challenging. Aim of the study was to evaluate the applicability of current diagnostic criteria for pediatric patients with suspected BrS in the German multicenter study COGIA and to assess clinical outcome.Methods Data analysis of 76 pediatric patients from 12 German tertiary care centers. Primary outcome was defined by the occurrence of a major arrhythmic event (MAE), secondary outcome by symptoms, pharmacotherapy and implantation of devices. MAE was defined as sudden cardiac death (SCD), aborted cardiac arrest (ACA) and appropriate implantable cardioverter-defibrillator (ICD) therapy.Results Criteria for BrS diagnosis were fulfilled in 39/76 pediatric patients (51.3%) according to ESC Guidelines, including 34 patients (44.7%) according to Shanghai Score. Genetic testing identified a (likely) pathogenic SCN5A variant in 31/66 tested children (47.0%) (14/30 with clinical diagnosis (46.7%) and 17/36 without clinical diagnosis (47.2%)). Twenty-four patients (31.6%) showed a spontaneous type 1 ECG pattern, in 6 patients (7.9%) it was induced by fever. Ajmaline challenge was positive in 19/25 patients (76.0%). Syncope occurred in 15 patients (19.7%) and an ICD was implanted in 7 pediatric patients (9.2%). Four patients (5.3%) experienced a MAE (ACA), all of them fulfilling diagnostic criteria. ""Symptoms at first consultation"" was identified as an independent risk factor for MAE in the whole cohort (HR = 11.3, p = 0.04).Conclusion Establishing the diagnosis of BrS remains challenging in the pediatric cohort. MAE occurred in 5.3% of patients with suspected BrS. Symptoms at first consultation increased risk for MAE.",wos,llm,1.000,unreviewed,,doi:10.1111/jce.70484
discarded,"Use of Electroconvulsive Therapy for Catatonia in Down Syndrome Regression Disorder: A Systematic Review, Case Series, and Analysis","Lim, Seri; Kang, Kaidi; Oey, Elizabeth; Santoro, Stephanie; Franklin, Catherine; Luccarelli, James; Tamargo, Rafael; Hamilton, Courtney; Marler, Sarah; Adegoke, Timothy; Wilson, Jo Ellen; Smith, Joshua Ryan",2026,JOURNAL OF AUTISM AND DEVELOPMENTAL DISORDERS,10.1007/s10803-026-07500-3,https://www.webofscience.com/wos/woscc/full-record/WOS:001863034900001,off-topic-false-hit,"Purpose Down syndrome regression disorder (DSRD) is a condition occurring in young people with Down syndrome. It is associated with functional decline, new onset psychopathology, and increased support needs. DSRD is often associated with catatonia, for which electroconvulsive therapy (ECT) is an effective treatment. However, there are scant studies to guide best practice in this area. Methods We report a case series of 5 patients who have received ECT at Vanderbilt University Medical Center. A systematic review and analysis were conducted, combining this case series with previously reported data in the literature. Results This analysis included data from 27 patients, 5 from the VUMC case series and a further 22 from 14 studies. Combining all patients from case series and the systematic review, there were 17 pre-ECT and 15 post-ECT Bush Francis Catatonia Rating Scale (BFCRS) scores reported from 7 sites/studies. The mean pre-ECT BFCRS score from all patients was 17.40 (SD = 5.72) and the mean post-ECT BFCRS score was 4.40 (SD = 5.26). A generalized estimating equations analysis revealed that there was a significant difference in the expected BFCRS score before and after receiving ECT treatment (beta = -13.00 with 95%, p < 0.001), suggesting that the ECT treatment had a significant effect on reducing the BFCRS scores. No severe adverse events were reported. Conclusion ECT is associated with clinical improvement in patients with catatonia in the context of DSRD in this systematic review and analysis. More research is needed to provide a more robust evidence base.",wos,llm,1.000,unreviewed,,doi:10.1007/s10803-026-07500-3
discarded,Drawing After a Natural Disaster: Qualitative Research with Children and Adolescents one Year After the Hurricane Irma in Saint-Martin Island,"Karray, Amira; Derivois, Daniel; Einloft Brunnet, Alice; Biache, Mathieu",2026,JOURNAL OF CHILD & ADOLESCENT TRAUMA,10.1007/s40653-026-00970-8,https://www.webofscience.com/wos/woscc/full-record/WOS:001862436800001,off-topic-false-hit,"In 2017, Hurricane Irma on the island of Saint Martin caused extensive damage, leaving residents vulnerable to losses and facing the challenges of reconstruction. Scientific literature highlights the mental health effects affecting young people, particularly those most vulnerable psychologically and at the and socio-economic status. Although the psychological effects of natural disasters are widely documented, no study has focused on the psychological consequences of this disaster in the specific social and cultural context of Saint Martin. One year after the hurricane, we conducted an action research project to study the psychological consequences of this event among children and adolescents on the island. The current study is a first exploratory and descriptive study of the drawings of children who were victims of Hurricane Irma. It aims to highlight the concerns and emotional expressions of children and adolescents, expressed in drawings, through an analysis of emerging themes. The study was conducted among 50 participants aged 5 to 16 years who experienced Hurricane IRMA, divided into two groups in two different socio-economic backgrounds: an ""advantaged"" group (N = 33 participants, N = 15 girls, N = 18 boys, M = 9.06 years old, SD = 2.12) and a ""disadvantaged"" group (N = 17 participants, N = 10 girls, N = 7 boys, M = 10.67 years old, SD = 3.0). For both groups, a drawing workshop was proposed with a sketchbook titled ""Talk About Yourself "". This drawing mediation tool asked to freely draw a story with beginning (T1), a middle (T2) and end (T3) without direct instructions linked to the natural disaster. The themes of the drawings were identified in a double-blind and team-based manner, with qualitative and then statistical analysis. a significant spontaneous presence of houses, as well as frequent references to the Irma were observed. A significant increase was observed in colors and movement scenes (T2). Significant differences between the two groups were also identified, particularly more houses and more damaged houses drawings in the disadvantaged group (T2). The drawings of the disadvantaged group show a significantly higher number of explicit references to Hurricane, reconstruction scenarios, as well as the presence of human figures and houses. The drawings of the disadvantaged group show that they express elements of their experience of the hurricane and that they were more directly impacted, both materially and emotionally, than the children in the advantaged group. The discussion highlights (1) the importance of rebuilding the internal habitat and the concrete environment after the disaster, (2) the need for storytelling and temporal continuity and (3) the inequalities in the face of traumatic events, linked to social conditions and their effects on mental health. Methodological limitations are discussed. The most vulnerable and precarious children and adolescents were the most emotionally negatively impacted by the hurricane. On the other hand, they mobilized more resources to face and overcome the traumatic event. This study highlights the need to consider the multiplicity of vulnerabilities (psychological, social, economic) in disaster management and prevention.",wos,llm,1.000,unreviewed,,doi:10.1007/s40653-026-00970-8
discarded,The outcomes of surrogate pregnancy using donor egg compared to surrogate's egg: a systematic review,"Barry, Phoebe; Choong, Elizabeth; Meads, Catherine; Bewley, Susan",2026,JOURNAL OF ASSISTED REPRODUCTION AND GENETICS,10.1007/s10815-026-04003-z,https://www.webofscience.com/wos/woscc/full-record/WOS:001862167100001,off-topic-false-hit,"Purpose Surrogacy is either gestational (GS) using donor egg or traditional (TS) using surrogate's own egg. GS is increasing, partly from assumptions over less difficulty in transferring the baby to intended parents. This systematic review investigates obstetric outcomes in GS vs TS and vs surrogate's own spontaneous conceptions (SC), comparing genetically unrelated embryos versus genetically related embryos.Methods Included were studies with historical or concurrent GS to TS or to SC comparisons, reporting any obstetric outcomes. MEDLINE, Embase, Global Health, and PsycINFO databases were searched to October 2024, 34 specialist surrogacy researchers' publications assessed. Citations, data extraction, and quality assessment were conducted in duplicate. Results tabulated, and random-effects meta-analysis using relative risks (RR) conducted (Cochrane Revman software version 5.4.1).Results From 937 records, eight studies were included, four each in singleton pregnancies comparing GS to TS and TS to SC. GS to TS studies were small with imprecise results on obstetric and mental health outcomes. GS to SC studies showed worse pre-eclampsia/gestational hypertension (RR = 2.39 (95% CI = 1.15-4.49)), gestational diabetes (RR = 4.68 (95% CI = 1.53-14.25)), and pre-term birth (RR = 3.18 (95% CI = 1.64-6.14)).Conclusions Current best available evidence is sparse but suggests higher rates of adverse obstetric and birth outcomes in GS pregnancies, concurring with donor egg non-surrogacy pregnancy research, and underlying causes are likely genetic. More research is needed comparing GS to TS and to SC and reporting singleton and twin pregnancy results. All parties considering GS should be informed of higher maternal and neonatal complication rates.",wos,llm,1.000,unreviewed,,doi:10.1007/s10815-026-04003-z
discarded,From Multi-Hazard Prevention to Sustainable Emergency Management: A Reproducible Evidence-Mining Framework for Identifying Compounding Risk Patterns,"Lopez-Saavedra, Marta; Martinez-Sepulveda, Marc; Marti, Joan",2026,SUSTAINABILITY,10.3390/su18168200,https://www.webofscience.com/wos/woscc/full-record/WOS:001860243400001,off-topic-false-hit,"Climate change and increasing socio-environmental pressures are intensifying the occurrence of compound and cascading hazards, highlighting the need for systematic approaches to reconstruct and analyze multi-hazard interactions from historical evidence. However, historical inventories are typically event-based, unevenly documented, and lack information on non-events, limiting their direct use for probabilistic interpretation. This study presents a reproducible evidence-mining framework that transforms a historical multi-hazard inventory into a hierarchical process-hazard-location dataset while explicitly distinguishing documented event-tree relationships from exploratory within-catalog associations. Applied to a historical multi-hazard inventory of Tenerife (Canary Islands), the framework reconstructs documented parent-child hazard relationships, identifies recurrent compound motifs, and formalizes association screening through transparent statistical procedures, including contingency-table analysis, uncertainty intervals, effect-size estimates, exact significance testing with false-discovery-rate control, and Bayesian sensitivity analysis. A quantitative assessment of documentation density reveals a strong increase in recorded evidence through time, demonstrating that temporal variations in the inventory primarily reflect changes in documentation rather than changes in hazard occurrence. Consequently, all derived association metrics and screening thresholds are interpreted as hypothesis-generating evidence rather than predictive or causal estimates. The proposed framework provides a transparent and reproducible basis for extracting structured knowledge from historical multi-hazard inventories, supporting research prioritization and future probabilistic developments while avoiding overinterpretation of heterogeneous historical records.",wos,llm,1.000,unreviewed,,doi:10.3390/su18168200
discarded,Present-Biased Preferences Associated with Socioeconomic Status in Intertemporal Decision-Making: Evidence from Behavioral and Electroencephalographic Measures,"Zhou, Haibo; Yang, Yaru; Yi, Liangliang; Xiang, Xinxin; Liu, Yutong",2026,BRAIN SCIENCES,10.3390/brainsci16080879,https://www.webofscience.com/wos/woscc/full-record/WOS:001859253600001,off-topic-false-hit,"Highlights What are the main findings? What are the implications of the main findings?Highlights What are the main findings? What are the implications of the main findings?Abstract Background: The role of socioeconomic status (SES) in individual intertemporal decision-making has received widespread research attention. However, findings regarding its underlying psychological mechanisms remain inconclusive. This study investigates not only the association between SES and intertemporal decision-making but also the underlying cognitive neural mechanisms from both behavioral and electrophysiological perspectives. Methods: Individuals with high and low SES were recruited. In Experiment 1, a behavioral experiment used the Monetary Choice Questionnaire to measure delay discounting rates using the Kirby method and hierarchical Bayesian modeling, as well as choice consistency using the inverse temperature parameter of the softmax function, to examine differences in decision-making between the two groups. In Experiment 2, event-related potential techniques were employed to examine differences in dynamic neural activity during an intertemporal choice task between the high- and low-SES groups. Results: The behavioral results revealed that, in Experiment 1, the low-SES group exhibited a larger delay discounting rate than the high-SES group. The hierarchical Bayesian modeling further indicated that the low-SES group had lower choice consistency. Experiment 2 found that the low-SES group showed a significantly higher proportion of smaller-sooner (SS) choices than the high-SES group. Electroencephalographic results revealed that, compared with the high-SES group, the low-SES group exhibited larger P200 amplitudes but smaller N2 and P300 amplitudes. Within the high-SES group, the larger-later (LL) option elicited more negative N2 and larger P300 amplitudes than the SS option. Conversely, in the low-SES group, P300 amplitudes did not differ significantly between the SS and LL options during the later stage of intertemporal decision-making. Conclusions: The results showed that the low-SES group was more inclined toward immediate gains, made more random choices, displayed higher variability, relied more on intuitive heuristic strategies, and exhibited weaker cognitive control and reduced cognitive resource allocation during intertemporal decision-making. However, at the later stage, the absence of a significant difference between SS and LL options provided preliminary EEG evidence consistent with the possibility that individuals in the low-SES group did not completely disregard future outcomes.",wos,llm,1.000,unreviewed,,doi:10.3390/brainsci16080879
