status,title,authors,year,venue,doi,url,tags,abstract,provider,decision_source,llm_confidence,llm_review_outcome,llm_change_direction,paper_id
discarded,Effect of Over-the-counter Whitening Products on Postbleaching Enamel Surface Roughness and Shade Recovery: An In Vitro Study,R. Llancari-Alonzo,2026,Journal of Contemporary Dental Practice,10.5005/jp-journals-10024-4029,https://www.scopus.com/inward/record.uri?partnerID=HzOxMe3b&scp=105039310863&origin=inward,off-topic-false-hit,,scopus,llm,1.000,unreviewed,,doi:10.5005/jp-journals-10024-4029
discarded,Dental Students’ Evaluation of Digital Versus Conventional Axiography Following a Structured Educational Course: A Prospective Educational Study,L.M. Mai,2026,Journal of Dental Education,10.1002/jdd.70230,https://www.scopus.com/inward/record.uri?partnerID=HzOxMe3b&scp=105035467767&origin=inward,off-topic-false-hit,,scopus,llm,0.990,unreviewed,,doi:10.1002/jdd.70230
discarded,"The impact of task-based learning on knowledge, motivation, and critical thinking skills",C. Handrianto,2026,Multidisciplinary Science Journal,10.31893/multiscience.2026182,https://www.scopus.com/inward/record.uri?partnerID=HzOxMe3b&scp=105015179188&origin=inward,off-topic-false-hit,,scopus,llm,0.970,unreviewed,,doi:10.31893/multiscience.2026182
discarded,Strength of motivation and academic performance of medical students: a longitudinal study,S. Bansal,2025,BMC Medical Education,10.1186/s12909-025-07733-3,https://www.scopus.com/inward/record.uri?partnerID=HzOxMe3b&scp=105012837770&origin=inward,off-topic-false-hit,,scopus,llm,0.990,unreviewed,,doi:10.1186/s12909-025-07733-3
discarded,Measuring student receptivity to ChatGPT in higher education: A case study from Peru,G. Chura-Quispe,2025,Online Journal of Communication and Media Technologies,10.30935/ojcmt/17380,https://www.scopus.com/inward/record.uri?partnerID=HzOxMe3b&scp=105027804502&origin=inward,adjacent-subtopic,,scopus,llm,0.980,unreviewed,,doi:10.30935/ojcmt/17380
discarded,Interactive dual-branch network based on adversarial knowledge distillation for compressed deepfake detection,G. Yang,2025,Journal of Supercomputing,10.1007/s11227-025-07795-6,https://www.scopus.com/inward/record.uri?partnerID=HzOxMe3b&scp=105015146330&origin=inward,off-topic-false-hit,,scopus,llm,1.000,unreviewed,,doi:10.1007/s11227-025-07795-6
discarded,Student-Teacher Constructive Separations and (Un)Provability in Bounded Arithmetic: Witnessing the Gap,S. Grosser,2025,Proceedings of the Annual ACM Symposium on Theory of Computing,10.1145/3717823.3718216,https://www.scopus.com/inward/record.uri?partnerID=HzOxMe3b&scp=105009865435&origin=inward,off-topic-false-hit,,scopus,llm,1.000,unreviewed,,doi:10.1145/3717823.3718216
discarded,Negative and Positive Emotional Reactivity in Women With and Without a History of Self-Injury,J. Mettler,2025,Psychological Reports,10.1177/00332941231180118,https://www.scopus.com/inward/record.uri?partnerID=HzOxMe3b&scp=105002264444&origin=inward,off-topic-false-hit,,scopus,llm,1.000,unreviewed,,doi:10.1177/00332941231180118
discarded,The Effect of Perceptual-Cognitive Skills in College Elite Athletes: An Analysis of Differences Across Competitive Levels,K.C. Wu,2025,Sports,10.3390/sports13050141,https://www.scopus.com/inward/record.uri?partnerID=HzOxMe3b&scp=105006647342&origin=inward,off-topic-false-hit,,scopus,llm,1.000,unreviewed,,doi:10.3390/sports13050141
discarded,"C++26 for Lazy Programmers: Quick, Easy, and Fun C++ for Beginners",W. Briggs,2025,C 26 for Lazy Programmers Quick Easy and Fun C for Beginners,10.1007/979-8-8688-1859-2,https://www.scopus.com/inward/record.uri?partnerID=HzOxMe3b&scp=105031466788&origin=inward,adjacent-subtopic,,scopus,llm,0.950,unreviewed,,doi:10.1007/979-8-8688-1859-2
discarded,"EduBot: A Cloud-Based Chatbot for Student Assistance, Built Entirely on AWS",R. Swathi,2025,2025 IEEE International Conference on Emerging Technologies and Applications Mpsec Iceta 2025,10.1109/MPSecICETA64837.2025.11118438,https://www.scopus.com/inward/record.uri?partnerID=HzOxMe3b&scp=105016345461&origin=inward,adjacent-subtopic,,scopus,llm,0.980,unreviewed,,doi:10.1109/mpseciceta64837.2025.11118438
discarded,Automated Attendance system for the Entire Classroom with Multi-Face Facial Recognition via AWS Rekognition,M. Kamruzzaman,2025,2025 International Conference on Electrical Computer and Communication Engineering Ecce 2025,10.1109/ECCE64574.2025.11013462,https://www.scopus.com/inward/record.uri?partnerID=HzOxMe3b&scp=105007852562&origin=inward,adjacent-subtopic,,scopus,llm,0.990,unreviewed,,doi:10.1109/ecce64574.2025.11013462
discarded,VIC-Borg: Multiobjective automatic calibration toolkit for VIC model,J. Ma,2024,Softwarex,10.1016/j.softx.2024.101798,https://www.scopus.com/inward/record.uri?partnerID=HzOxMe3b&scp=85196866389&origin=inward,off-topic-false-hit,,scopus,llm,0.990,unreviewed,,doi:10.1016/j.softx.2024.101798
discarded,Imaging and Surgical Procedures After Surface-Related Collegiate Football Injuries on Artificial Turf Versus Natural Grass: Prevalence and Trends Over 15 Seasons,M.C. Meyers,2024,Orthopaedic Journal of Sports Medicine,10.1177/23259671241274144,https://www.scopus.com/inward/record.uri?partnerID=HzOxMe3b&scp=85205306657&origin=inward,off-topic-false-hit,,scopus,llm,1.000,unreviewed,,doi:10.1177/23259671241274144
discarded,First derivative synchronous spectrofluorimetric method for the simultaneous determination of tramadol and celecoxib in their dosage forms and human plasma,H.S. Ramadan,2024,Luminescence,10.1002/bio.4774,https://www.scopus.com/inward/record.uri?partnerID=HzOxMe3b&scp=85193476186&origin=inward,off-topic-false-hit,,scopus,llm,1.000,unreviewed,,doi:10.1002/bio.4774
discarded,Taming the APA Style Writing Beast: Outcomes from a Structured Workshop for Newly Enrolled MSW Students,S.L. Bowie,2024,Journal of Teaching in Social Work,10.1080/08841233.2024.2417461,https://www.scopus.com/inward/record.uri?partnerID=HzOxMe3b&scp=85208790397&origin=inward,off-topic-false-hit,,scopus,llm,0.990,unreviewed,,doi:10.1080/08841233.2024.2417461
discarded,New Vision of the Universe by a Radio Telescope-Lab,F. Mejri,2024,10th 2024 International Conference on Control Decision and Information Technologies Codit 2024,10.1109/CoDIT62066.2024.10708537,https://www.scopus.com/inward/record.uri?partnerID=HzOxMe3b&scp=85208261294&origin=inward,off-topic-false-hit,,scopus,llm,0.980,unreviewed,,doi:10.1109/codit62066.2024.10708537
discarded,Parallel C++: Efficient and Scalable High-Performance Parallel Programming Using HPX,P. Diehl,2024,Parallel C Efficient and Scalable High Performance Parallel Programming Using Hpx,10.1007/978-3-031-54369-2,https://www.scopus.com/inward/record.uri?partnerID=HzOxMe3b&scp=85190775642&origin=inward,adjacent-subtopic,,scopus,llm,0.970,unreviewed,,doi:10.1007/978-3-031-54369-2
discarded,Amazon web services: The definitive guide for beginners and advanced users,P. Dubey,2023,Amazon Web Services the Definitive Guide for Beginners and Advanced Users,10.2174/97898151658211230101,https://www.scopus.com/inward/record.uri?partnerID=HzOxMe3b&scp=85195415579&origin=inward,adjacent-subtopic,,scopus,llm,0.980,unreviewed,,doi:10.2174/97898151658211230101
discarded,Erratum: Generation and control of the circle Olver beams (Opt. Express (2023) 31:4 (6241) DOI: 10.1364/OE.483433),Z. Wang,2023,Optics Express,10.1364/OE.491550,https://www.scopus.com/inward/record.uri?partnerID=HzOxMe3b&scp=85158100573&origin=inward,off-topic-false-hit,,scopus,llm,1.000,unreviewed,,doi:10.1364/oe.491550
discarded,Stress Inoculation Training (SIT) on State-Trait Anxiety of High-Stress Senior College Students,R.A. Bersamin,2023,Journal of Higher Education Theory and Practice,10.33423/jhetp.v23i7.6048,https://www.scopus.com/inward/record.uri?partnerID=HzOxMe3b&scp=85160574843&origin=inward,off-topic-false-hit,,scopus,llm,1.000,unreviewed,,doi:10.33423/jhetp.v23i7.6048
discarded,School and Home Contributions to Dietary Behaviors of Rural Youth,K.A. Lorenz,2023,American Journal of Health Promotion,10.1177/08901171221134792,https://www.scopus.com/inward/record.uri?partnerID=HzOxMe3b&scp=85140217463&origin=inward,off-topic-false-hit,,scopus,llm,1.000,unreviewed,,doi:10.1177/08901171221134792
discarded,R Data Analysis without Programming: Explanation and Interpretation: Second Edition,D.W. Gerbing,2023,R Data Analysis Without Programming Explanation and Interpretation Second Edition,10.4324/9781003278412,https://www.scopus.com/inward/record.uri?partnerID=HzOxMe3b&scp=85148789020&origin=inward,off-topic-false-hit,,scopus,llm,0.980,unreviewed,,doi:10.4324/9781003278412
discarded,The decision-making process in learners’ failure using fuzzy scale,S.M. Noori,2023,Journal of Interdisciplinary Mathematics,10.47974/JIM-1577,https://www.scopus.com/inward/record.uri?partnerID=HzOxMe3b&scp=85185245676&origin=inward,off-topic-false-hit,,scopus,llm,0.970,unreviewed,,doi:10.47974/jim-1577
discarded,Didactic system for the control of bleeding,N. Guerron,2023,2023 10th International Conference on Soft Computing and Machine Intelligence Iscmi 2023,10.1109/ISCMI59957.2023.10458475,https://www.scopus.com/inward/record.uri?partnerID=HzOxMe3b&scp=85188426392&origin=inward,off-topic-false-hit,,scopus,llm,0.990,unreviewed,,doi:10.1109/iscmi59957.2023.10458475
discarded,Wellness Following Wins and Losses Based on Psychological Hardiness in Division I Women’s Lacrosse,A. Cooley,2023,International Journal of Exercise Science,10.70252/PVDP4155,https://www.scopus.com/inward/record.uri?partnerID=HzOxMe3b&scp=85209201284&origin=inward,off-topic-false-hit,,scopus,llm,1.000,unreviewed,,doi:10.70252/pvdp4155
discarded,Accent Difference Makes No Difference to Phoneme Acquisition,M. Jones,2022,Tesl Ej,10.55593/ej.26103a3,https://www.scopus.com/inward/record.uri?partnerID=HzOxMe3b&scp=85146169771&origin=inward,off-topic-false-hit,,scopus,llm,1.000,unreviewed,,doi:10.55593/ej.26103a3
discarded,Differential Diagnosis of Glycosuria Using Raman Spectroscopy,E.E. Sousa Vieira,2022,Ifmbe Proceedings,10.1007/978-3-030-70601-2_169,https://www.scopus.com/inward/record.uri?partnerID=HzOxMe3b&scp=85128977209&origin=inward,off-topic-false-hit,,scopus,llm,1.000,unreviewed,,doi:10.1007/978-3-030-70601-2_169
discarded,Event-Based Vision: A Survey,Guillermo Gallego; Tobi Delbruck; Garrick Orchard; Chiara Bartolozzi; Brian Taba; Andrea Censi; Stefan Leutenegger; Andrew J. Davison; Jorg Conradt; Kostas Daniilidis; Davide Scaramuzza,2020,IEEE Transactions on Pattern Analysis and Machine Intelligence,10.1109/tpami.2020.3008413,https://openalex.org/W3040838455,off-topic-false-hit,"Event cameras are bio-inspired sensors that differ from conventional frame cameras: Instead of capturing images at a fixed rate, they asynchronously measure per-pixel brightness changes, and output a stream of events that encode the time, location and sign of the brightness changes. Event cameras offer attractive properties compared to traditional cameras: high temporal resolution (in the order of μs), very high dynamic range (140 dB versus 60 dB), low power consumption, and high pixel bandwidth (on the order of kHz) resulting in reduced motion blur. Hence, event cameras have a large potential for robotics and computer vision in challenging scenarios for traditional cameras, such as low-latency, high speed, and high dynamic range. However, novel methods are required to process the unconventional output of these sensors in order to unlock their potential. This paper provides a comprehensive overview of the emerging field of event-based vision, with a focus on the applications and the algorithms developed to unlock the outstanding properties of event cameras. We present event cameras from their working principle, the actual sensors that are available and the tasks that they have been used for, from low-level vision (feature detection and tracking, optic flow, etc.) to high-level vision (reconstruction, segmentation, recognition). We also discuss the techniques developed to process events, including learning-based techniques, as well as specialized processors for these novel sensors, such as spiking neural networks. Additionally, we highlight the challenges that remain to be tackled and the opportunities that lie ahead in the search for a more efficient, bio-inspired way for machines to perceive and interact with the world.",openalex,llm,1.000,unreviewed,,doi:10.1109/tpami.2020.3008413
discarded,Practical issues in temporal difference learning,Gerald J. Tesauro,1992,Machine Learning,10.1007/bf00992697,https://openalex.org/W2103626435,off-topic-false-hit,,openalex,llm,0.990,unreviewed,,doi:10.1007/bf00992697
kept,Learning computer science concepts with Scratch,Orni Meerbaum–Salant; Michal Armoni; Mordechai Ben‐Ari,2013,Computer Science Education,10.1080/08993408.2013.832022,https://openalex.org/W2085998145,supports-claim; qualifies-claim; control-flow,"Scratch is a visual programming environment that is widely used by young people. We investigated if Scratch can be used to teach concepts of computer science (CS). We developed learning materials for middle-school students that were designed according to the constructionist philosophy of Scratch and evaluated them in a few schools during two years. Tests were constructed based upon a novel combination of the revised Bloom taxonomy and the Structure of the Observed Learning Outcome taxonomy. These instruments were augmented with qualitative tools, such as observations and interviews. The results showed that students could successfully learn important concepts of CS, although there were problems with some concepts such as repeated execution, variables, and concurrency. We believe that these problems can be overcome by modifications to the teaching process that we suggest.",openalex,llm_reviewed,0.990,confirmed,,doi:10.1080/08993408.2013.832022
kept,Learning computer science concepts with scratch,Orni Meerbaum–Salant; Michal Armoni; Mordechai Ben‐Ari,2010,,10.1145/1839594.1839607,https://openalex.org/W2037149633,supports-claim; qualifies-claim,"Scratch is a visual programming environment that is widely used by young people. We investigated if Scratch can be used to teach concepts of computer science. We developed new learning materials for middle-school students that were designed according to the constructionist philosophy of Scratch and evaluated them in two schools. The classes were normal classes, not extracurricular activities whose participants are self-selected. Questionnaires and a test were constructed based upon a novel combination of the Revised Bloom Taxonomy and the SOLO taxonomy. These quantitative instruments were augmented with a qualitative analysis of observations within the classes. The results showed that in general students could successfully learn important concepts of computer science, although there were some problems with initialization, variables and concurrency; these problems can be overcome by modifications to the teaching process.",openalex,llm,0.990,unreviewed,,doi:10.1145/1839594.1839607
discarded,Measuring the Impacts of Teachers II: Teacher Value-Added and Student Outcomes in Adulthood,Raj G. Chetty; John Norton Friedman; Jonah E. Rockoff,2014,American Economic Review,10.1257/aer.104.9.2633,https://openalex.org/W1976049077,off-topic-false-hit,"Are teachers' impacts on students' test scores (value-added) a good measure of their quality? This question has sparked debate partly because of a lack of evidence on whether high value-added (VA) teachers improve students' long-term outcomes. Using school district and tax records for more than one million children, we find that students assigned to high-VA teachers are more likely to attend college, earn higher salaries, and are less likely to have children as teenagers. Replacing a teacher whose VA is in the bottom 5 percent with an average teacher would increase the present value of students' lifetime income by approximately $250,000 per classroom. (JEL H75, I21, J24, J45)",openalex,llm,1.000,unreviewed,,doi:10.1257/aer.104.9.2633
discarded,Proceedings of the 2021 Conference on Empirical Methods in Natural Language Processing,,2021,,10.18653/v1/2021.emnlp-main,https://openalex.org/W4205807230,off-topic-false-hit,"Message from the General Chair EMNLP 2021 is one of the first hybrid conferences in the field of natural language processing.It is also for us, the organizing team, uncharted domain.Organizing a hybrid conference has felt like organizing two conferences, a virtual one and an in-person one, which seamlessly must work together and with a kind of multi-task objective make the conference experience synergistic and successful both remotely and in person.With this challenge come opportunities.The hybrid format allows remote participation in a conference that is held onsite in Punta Cana, The Dominican Republic, and allows creating a real conference feeling for those who do not want to travel the many miles from the other side of the world and increase their carbon footprint, and for those who have budget restrictions for traveling.We welcome you all!As in previous years, the purpose of the General Chair's preface is to express thanks to the amazing team of organizing chairs whose heroic efforts made this hybrid conference possible.The organizing team includes:• The Programme Chairs -Xuanjing Huang, Lucia Specia and Scott Yih -who did a tremendous job to manage the reviewing process and set up an outstanding scientific program.• The Senior Area Chairs, Area Chairs and Reviewers whose expertise enabled authors to learn from their reviews and to deliver papers that improved on their original submissions.• The Demonstration Chairs -Heike Adel and Shuming Shi -who selected outstanding demonstrations to complement the program of the main conference.• The Workshop Chairs -Minlie Huang and Parisa Kordjamshidi -who made a huge effort for organizing hybrid workshops and satellite conferences.• The Publication Chairs -Loic Barrault, Greg Durrett and Yansong Feng -who met the challenge of identifying and correcting the myriad ways in which papers could be wrongly formatted, and who assembled the result into the conference proceedings.• The Handbook Chair -Els Lefever -for the timely delivery of handbook information.• The Publication Chairs of Findings -Gabriel Stanovsky and Tim Van de Cruys -who made it possible that many interesting papers and their findings can be accessed and cited by the public.• The Tutorial Chairs -Jing Jiang and Ivan Vulic -who selected six excellent tutorials to be presented at the conference.• The Ethics Chairs -Margot Mieskes and Christopher Potts -who undertook the delicate task of checking papers that had been flagged for potential ethical issues.• The Website Chair -Miryam de Lhoneux -who ensured that the EMNLP 2021 website promoting this hybrid conference stayed up to date; Mingxiao Li who offered website support; and Nathan Cornille who was responsible for the graphical designs.",openalex,llm,1.000,unreviewed,,doi:10.18653/v1/2021.emnlp-main
discarded,Learnable Programming: Blocks and Beyond,David Anthony Bau; Jeff Gray; Caitlin L. Kelleher; Josh Sheldon; Franklyn A. Turbak,2017,arXiv (Cornell University),10.48550/arxiv.1705.09413,https://openalex.org/W2619648993,adjacent-subtopic,"Blocks-based programming has become the lingua franca for introductory coding. Studies have found that experience with blocks-based programming can help beginners learn more traditional text-based languages. We explore how blocks environments improve learnability for novices by 1) favoring recognition over recall, 2) reducing cognitive load, and 3) preventing errors. Increased usability of blocks programming has led to widespread adoption within introductory programming contexts across a range of ages. Ongoing work explores further reducing barriers to programming, supporting novice programmers in expanding their programming skills, and transitioning to textual programming. New blocks frameworks are making it easier to access a variety of APIs through blocks environments, opening the doors to a greater diversity of programming domains and supporting greater experimentation for novices and professionals alike.",openalex,llm,0.780,unreviewed,,doi:10.48550/arxiv.1705.09413
