status,title,authors,year,venue,doi,url,tags,abstract,provider,decision_source,llm_confidence,llm_review_outcome,llm_change_direction,paper_id
discarded,"Comparing Response Time, Errors, and Satisfaction Between Text-based and Graphical User Interfaces During Nursing Order Tasks",Nancy Staggers; David A. Kobus,2000,Journal of the American Medical Informatics Association,10.1136/jamia.2000.0070164,https://openalex.org/W1783750984,adjacent-subtopic,"Despite the general adoption of graphical users interfaces (GUIs) in health care, few empirical data document the impact of this move on system users. This study compares two distinctly different user interfaces, a legacy text-based interface and a prototype graphical interface, for differences in nurses' response time (RT), errors, and satisfaction when the interfaces are used in the performance of computerized nursing order tasks. In a medical center on the East Coast of the United States, 98 randomly selected male and female nurses completed 40 tasks using each interface. Nurses completed four different types of order tasks (create, activate, modify, and discontinue). Using a repeated-measures and Latin square design, the study was counterbalanced for tasks, interface types, and blocks of trials. Overall, nurses had significantly faster response times (P < 0.0001) and fewer errors (P < 0.0001) using the prototype GUI than the text-based interface. The GUI was also rated significantly higher for satisfaction than the text system, and the GUI was faster to leam (P < 0.0001). Therefore, the results indicated that the use of a prototype GUI for nursing orders significantly enhances user performance and satisfaction. Consideration should be given to redesigning older user interfaces to create more modern ones by using human factors principles and input from user-centered focus groups. Future work should examine prospective nursing interfaces for highly complex interactions in computer-based patient records, detail the severity of errors made on line, and explore designs to optimize interactions in life-critical systems.",openalex,llm,0.970,unreviewed,,doi:10.1136/jamia.2000.0070164
discarded,Smell-Aware Bug Classification,Khyber; Sikandar Ali; Fazli Wahid; Samad Baseer; Ahmed Hussein Alkhayyat; Akram Al-Radaei,2023,IEEE Access,10.1109/access.2023.3335175,https://openalex.org/W4388819912,adjacent-subtopic,"Code smell indicates inadequacies in design and implementation choices. Code smells harm software maintainability including effects on components’ bug proneness and code quality has been demonstrated in previous studies. This study aims to investigate the importance of code smell metrics in prediction models for detecting bug-prone code modules. For improvement of the bug prediction model, in this study, smell-based metrics of code have been used. For the training of our model, we employed 14 different open-source projects from the PROMISE repository. Every project file consists of source code as well as smell code metrics and was written in Java. We examined different evaluation metrics such as F1_score, accuracy, precision, recall, the area under the receiver operating characteristic curve, and the area under the precision-recall curve of the five methods within the version, within the project, and across the projects. We classify the code components as buggy or non-buggy using Naïve Bayes, Random Forest (RF), Support Vector Machine (SVM), Logistic Regression, and k-Nearest Neighbor classifiers. RF and SVM have given better results within the version as well as within the project.",openalex,llm,0.970,unreviewed,,doi:10.1109/access.2023.3335175
discarded,Condition monitoring and multi-fault classification of hydraulic systems using multivariate functional data analysis,Cevahir Yildirim; Alba M. Franco‐Pereira; Rosa Elvira Lillo,2024,Heliyon,10.1016/j.heliyon.2024.e41251,https://openalex.org/W4405493568,off-topic-false-hit,"Condition monitoring and fault classification in engineering systems is a critical challenge within the scope of Prognostics and Health Management (PHM). The fault diagnosis of complex nonlinear systems, such as hydraulic systems, has become increasingly important due to advancements in big data analytics, machine learning (ML), Industry 4.0, and Internet of Things (IoT) applications. Multi-sensor data provides opportunities to predict component conditions; however, environments characterized by multiple sensors and diverse fault states across various components complicate the fault classification process. To address these challenges, this study introduces a novel multivariate Functional Data Analysis (FDA) framework based on Multivariate Functional Principal Component Analysis (MFPCA) for classifying failure conditions in hydraulic systems. The proposed method systematically tackles condition-based diagnostics and addresses fundamental issues in multi-fault classification. Experimental results demonstrate that this approach achieves high classification accuracy using raw multi-sensor data, establishing multivariate FDA as a powerful tool for fault diagnosis in complex systems.",openalex,llm,1.000,unreviewed,,doi:10.1016/j.heliyon.2024.e41251
discarded,Understanding the Usage of Anonymous Onion Services: Empirical Experiments to Study Criminal Activities in the Tor Network,Juha Nurmi,2019,Tampere University Institutional Repository (Tampere University),,https://openalex.org/W2951766434,off-topic-false-hit,"Technology is the new host of life, and with each passing year, developments in digitalization make it easier to destroy our understanding of authenticity. A man is more than his distorted shadow on Facebook wall. Another essential shadow dwells under anonymity. The aim of this thesis is to understand the usage of onion services in the Tor anonymity network. To be more precise the aim is to discover and measure human activities on Tor and on anonymous onion websites. We establish novel facts in the anonymous online environment. We solve technical problems, such as web-crawling and scraping to gather data. We represent new ﬁndings on how onion services hide illegal activities. The results are merged with wider range of anonymous onion services usage. We selected to cast light to the criminal dark side of the Tor network, mainly black marketplaces and hacking. This is a somewhat factitious selection from the wide range of Tor use. However, an archetype villain is found in nearly every story so naturally, for the sake of being interesting, we selected criminal phenomenon to study. To be clear, the Tor network is developed and utilised for legal online privacy and several other essential ways. The ﬁrst ﬁnding is that as the Tor network becomes more popular also illegal activities become wide spread. Tor and virtual currencies are already transforming drug trade. Anonymous high-class marketplaces are difﬁcult for the law enforcement to interrupt. On the other hand, now illegal activities are paradoxically more public than ever: everyone can access these onion sites and browse the product listings. The illegal trade is transparent to be followed. For example, by the means of web-crawling and scraping, we produced nearly real-time picture of the trade in Finland following one of the marketplaces on Tor. As a result, statistics shed light on substance consumption habits: the second study estimates that sales totalled over two million euros between Finnish buyers and sellers. Due to the network’s anonymity and nature of illegal sales, reputation systems have replaced the rule of law: a buyer trusts the seller’s reputation because the law is not guaranteeing the delivery. The only available information is the seller’s reputation and capacity which were both associated with drug sales as we prove. Finally, we will identify the limits of online anonymity ranging from technical limitations to operation security dangers. Technology is merely a communication channel and major criminal activities still happen in the physical world. For instance, a drug trade requires that the seller sends the products using post service to the buyer’s address. Before that the seller has acquired enormous amounts of illegal drugs. The buyer has to give away his address to the seller who could later be placed under arrest with a list of customers addresses. Furthermore, we show case by case how criminals reveal and leak their critical identity information. The law enforcement agencies are experienced to investigate all of these aspects even if the Tor network itself is secure.",openalex,llm,1.000,unreviewed,,hash:6c2e47ce3b44b830
discarded,An Empirical Study of Bugs in Data Visualization Libraries,Weiqi Lu; Yongqiang Tian; Xiaohan Zhong; Haoyang Ma; Zhenyang Xu; Shing-Chi Cheung; C. P. Sun,2025,Proceedings of the ACM on software engineering.,10.1145/3729363,https://openalex.org/W4411450197,qualifies-claim; adjacent-subtopic,"Data visualization (DataViz) libraries play a crucial role in presentation, data analysis, and application development, underscoring the importance of their accuracy in transforming data into visual representations. Incorrect visualizations can adversely impact user experience, distort information conveyance, and influence user perception and decision-making processes. Visual bugs in these libraries can be particularly insidious as they may not cause obvious errors like crashes, but instead mislead users of the underlying data graphically, resulting in wrong decision making. Consequently, a good understanding of the unique characteristics of bugs in DataViz libraries is essential for researchers and developers to detect and fix bugs in DataViz libraries. This study presents the first comprehensive analysis of bugs in DataViz libraries, examining 564 bugs collected from five widely-used libraries. Our study systematically analyzes their symptoms and root causes, and provides a detailed taxonomy. We found that incorrect/inaccurate plots are pervasive in DataViz libraries and incorrect graphic computation is the major root cause, which necessitates further automated testing methods for DataViz libraries. Moreover, we identified eight key steps to trigger such bugs and two test oracles specific to DataViz libraries, which may inspire future research in designing effective automated testing techniques. Furthermore, with the recent advancements in Vision Language Models (VLMs), we explored the feasibility of applying these models to detect incorrect/inaccurate plots. The results show that the effectiveness of VLMs in bug detection varies from 29% to 57%, depending on the prompts, and adding more information in prompts does not necessarily increase the effectiveness. Our findings offer valuable insights into the nature and patterns of bugs in DataViz libraries, providing a foundation for developers and researchers to improve library reliability, and ultimately benefit more accurate and reliable data visualizations across various domains.",openalex,llm_reviewed,0.820,changed,kept->discarded,doi:10.1145/3729363
discarded,Design and Implementation of the User Interfaces and the Applications for Mobile Devices,Ahmed S. Ghiduk; Mohammed Elashiry,2012,,,https://openalex.org/W2096681825,adjacent-subtopic,"Mobile devices such as cellular phones (CPs) are crucial in our daily life. A lot of work has been done to handle the problems of designing and developing of GUI and applications for CPs. In this paper, we survey the existing strategies to design and implement of GUI for CPs. In addition, the paper reviews the methods to develop the applications for CPs and the guidelines to overcome the problems which face these methods especially using XHTML in mobile devices and ordinary web browsers. In addition, we present a bug study and categorization of android-specific bugs that shows an important number of android bugs. We introduce a new approach for testing GUI. The new approach focus on generating set of actions to test the user interface. The approach detects android GUI bugs, based on a combination of android application analysis tool and event generation with runtime monitoring technique. We introduce an empirical study to shows the efficiency of our approach.",openalex,llm,0.850,unreviewed,,hash:0938432909d8aeed
discarded,Study Paper on Test Case Generation for Gui Based Testing,A. Isabella,2012,International Journal of Software Engineering & Applications,10.5121/ijsea.2012.3110,https://openalex.org/W2963461185,adjacent-subtopic,"With the advent of WWW and outburst in technology and software development, testing the software became a major concern.Due to the importance of the testing phase in a software development lifecycle, testing has been divided into graphical user interface (GUI) based testing, logical testing, integration testing, etc.GUI Testing has become very important as it provides more sophisticated way to interact with the software.The complexity of testing GUI increased over time.The testing needs to be performed in a way that it provides effectiveness, efficiency, increased fault detection rate and good path coverage.To cover all use cases and to provide testing for all possible (success/failure) scenarios the length of the test sequence is considered important.Intent of this paper is to study some techniques used for test case generation and process for various GUI based software applications.",openalex,llm,0.780,unreviewed,,doi:10.5121/ijsea.2012.3110
discarded,"Understanding the Issues, Their Causes and Solutions in Microservices Systems: An Empirical Study",Muhammad Waseem; Peng Liang; Aakash Ahmad; Arif Ali Khan; Mojtaba Shahin; Pekka Abrahamsson; Ali Rezaei Nasab; Tommi Mikkonen,2023,arXiv (Cornell University),10.48550/arxiv.2302.01894,https://openalex.org/W4319323816,adjacent-subtopic,"Many small to large organizations have adopted the Microservices Architecture (MSA) style to develop and deliver their core businesses. Despite the popularity of MSA in the software industry, there is a limited evidence-based and thorough understanding of the types of issues (e.g., errors, faults, failures, and bugs) that microservices system developers experience, the causes of the issues, and the solutions as potential fixing strategies to address the issues. To ameliorate this gap, we conducted a mixed-methods empirical study that collected data from 2,641 issues from the issue tracking systems of 15 open-source microservices systems on GitHub, 15 interviews, and an online survey completed by 150 practitioners from 42 countries across 6 continents. Our analysis led to comprehensive taxonomies for the issues, causes, and solutions. The findings of this study informthat Technical Debt, Continuous Integration and Delivery, Exception Handling, Service Execution and Communication, and Security are the most dominant issues in microservices systems. Furthermore, General Programming Errors, Missing Features and Artifacts, and Invalid Configuration and Communication are the main causes behind the issues. Finally, we found 177 types of solutions that can be applied to fix the identified issues. Based on our study results, we propose a future research framework that outlines key problem dimensions and actionable study strategies to support the engineering of emergent and next-generation microservices systems.",openalex,llm,0.980,unreviewed,,doi:10.48550/arxiv.2302.01894
discarded,Aircraft Engine Gas Path Diagnostic Methods: Public Benchmarking Results,Donald L. Simon; Sébastien Borguet; Olivier Léonard; Xiaodong Zhang,2013,Journal of Engineering for Gas Turbines and Power,10.1115/1.4025482,https://openalex.org/W2002444585,off-topic-false-hit,"Recent technology reviews have identified the need for objective assessments of aircraft engine health management (EHM) technologies. To help address this issue, a gas path diagnostic benchmark problem has been created and made publicly available. This software tool, referred to as the Propulsion Diagnostic Method Evaluation Strategy (ProDiMES), has been constructed based on feedback provided by the aircraft EHM community. It provides a standard benchmark problem enabling users to develop, evaluate, and compare diagnostic methods. This paper will present an overview of ProDiMES along with a description of four gas path diagnostic methods developed and applied to the problem. These methods, which include analytical and empirical diagnostic techniques, will be described and associated blind-test-case metric results will be presented and compared. Lessons learned along with recommendations for improving the public benchmarking processes will also be presented and discussed.",openalex,llm,1.000,unreviewed,,doi:10.1115/1.4025482
discarded,A Systematic Study of Duplicate Bug Report Detection,Som Gupta; Sanjai Kumar,2021,International Journal of Advanced Computer Science and Applications,10.14569/ijacsa.2021.0120167,https://openalex.org/W3127115769,adjacent-subtopic,"Defects are an integral part of any software project. They can arise at any time, at any phase of the software development or the maintenance phase. In open source projects, open bug repositories are used to maintain the bug reports. When a new bug report arrives, a person called “Triager” analyzes the bug report and assign it to some responsible developer. But before assigning, has to look if it is duplicate or not. Duplicate Bug Report is one of the big problems in the maintenance of bug repositories. Lack of knowledge and vocabulary skills of reporters sometimes increases the effort required for this purpose. Bug Tracking Systems are usually used to maintain the bug reports and are the most consulted resource during the maintenance process. Because of the Uncoordinated nature of the submission of bug reports to the tracking system, many times the same bug report is reported by many users. Duplicate Bug Reports lead to the waste of resources and the economy. It creates problems for triagers and requires a lot of analysis and validation. Lot of work has been done in the field of duplicate bug report detection. In this paper, we present the researches systematically done in this field by classifying the works into three categories and listing down the methods being used for the classified researches. The paper considers the papers till January 2020 for the analysis purpose. The paper mentions the strengths, limitations, data set, and the major approach used by the popular papers of the research in this field. The paper also lists the challenges and future directions in this field of research.",openalex,llm,0.990,unreviewed,,doi:10.14569/ijacsa.2021.0120167
discarded,Why android app testing falls short: empirical insights from open-source projects and a practitioner survey,Tarek Mahmud; Meiru Che; Anne H. H. Ngu; Guowei Yang,2025,Empirical Software Engineering,10.1007/s10664-025-10726-x,https://openalex.org/W4414409640,adjacent-subtopic,"Abstract Android dominates the mobile operating system market, yet ensuring the quality and reliability of Android applications remains a persistent challenge. The diversity of devices, screen sizes, and OS versions complicates testing, leading to fragmented adoption of best practices. Despite advancements in automated testing, there is Limited empirical evidence on how developers test Android applications and the extent to which existing tools and frameworks are utilized effectively. In this paper, we aim to investigate the current state of Android app testing, identifying key challenges, Limitations, and best practices. Specifically, we assess the adoption of automated testing, test coverage levels, and the impact of testing practices on software quality. We conduct an experimental study on 2965 open-source Android apps, examining the quantity and coverage of the tests used for open-source Android app development. We further conduct a survey to gather more insights in testing practices from Android app developers and testers. The results reveal a limited adoption of testing among Android app developers, a restricted range of testing tools and frameworks being used, and low code and API coverage in testing. This investigation shows that current Android app testing practices are lacking the use of automated testing tools and embarks on a need for more awareness and adoption of state-of-the-art testing tools and techniques.",openalex,llm,0.910,unreviewed,,doi:10.1007/s10664-025-10726-x
kept,Automated reporting of GUI design violations for mobile apps,Kevin Moran; Boyang Li; Carlos Bernal-Cárdenas; Dan Jelf; Denys Poshyvanyk,2018,,10.1145/3180155.3180246,https://openalex.org/W2787746902,supports-claim,"The inception of a mobile app often takes form of a mock-up of the Graphical User Interface (GUI), represented as a static image delineating the proper layout and style of GUI widgets that satisfy requirements. Following this initial mock-up, the design artifacts are then handed off to developers whose goal is to accurately implement these GUIs and the desired functionality in code. Given the sizable abstraction gap between mock-ups and code, developers often introduce mistakes related to the GUI that can negatively impact an app's success in highly competitive marketplaces. Moreover, such mistakes are common in the evolutionary context of rapidly changing apps. This leads to the time-consuming and laborious task of design teams verifying that each screen of an app was implemented according to intended design specifications.",openalex,llm,0.940,unreviewed,,doi:10.1145/3180155.3180246
