status,title,authors,year,venue,doi,url,tags,abstract,provider,decision_source,llm_confidence,llm_review_outcome,llm_change_direction,paper_id
discarded,Spout: a transparent distributed execution engine for Java applets,Tzi-Cker Chiueh; H. Sankaran; A. Neogi,2000,Proceedings 20th IEEE International Conference on Distributed Computing Systems,10.1109/ICDCS.2000.840951,https://ieeexplore.ieee.org/document/840951/,adjacent-subtopic,"The advent of executable contents such as Java applets exposes WWW users to a new class of attacks that were not possible before. Serious security breach incidents due to implementation bugs arose repeatedly in the past several years. Without a provably correct implementation of Java's security architecture specification, it is difficult to make any conclusive statements about the security characteristic of current Java virtual machines. The Spout project takes an alternative approach to address Java's security problems. Rather than attempt a provably secure implementation, we aim to confine the damages of malicious Java applets to selective machines, thus protecting resources behind an organization's firewall from attacks by malicious or buggy applets. Spout is essentially a distributed Java execution engine that transparently decouples the processing of an incoming applet's application logic from that of the graphical user interface (GUI), such that the only part of an applet that is actually running on the requesting user's host is the harmless GUI code. A unique feature of the Spout architecture that does not exist in other similar systems, is that it is completely transparent to and does not require any modifications to WWW browsers or class libraries on the end hosts. This paper describes the design, implementation, and performance measurements of the first Spout prototype, which also incorporates run-time resource monitoring mechanisms to counter denial-of-service attacks.",ieee,llm,0.760,unreviewed,,doi:10.1109/icdcs.2000.840951
discarded,Spout: a transparent proxy for safe execution of Java applets,Tzi-cker Chiueh; H. Sankaran; A. Neogi,2002,IEEE Journal on Selected Areas in Communications,10.1109/JSAC.2002.802074,https://ieeexplore.ieee.org/document/1031912/,adjacent-subtopic,"The advent of executable contents such as Java applets exposes World Wide Web (WWW) users to a new class of attacks that were not possible before. Despite an array of security checking, detection, and enforcement mechanisms built into the language model, the compiler, and the run-time system of Java, serious security breach incidents due to implementation bugs still arose repeatedly in the past several years. Without a provably correct implementation of Java's security architecture specification, it is difficult to make any conclusive statements about the security characteristic of current Java virtual machines. The Spout project takes an alternative approach to address Java's security problems. Rather than attempt a provable secure implementation, we aim to confine the damages of malicious Java applets to selective machines, thus, preventing the machines behind an organization's firewall from being attacked by malicious or buggy applets. More concretely, Spout is a distributed Java execution engine that transparently decouples the processing of an incoming applet's application logic from that of graphical user interface (GUI), such that the only part of an applet that is actually running on the requesting user's host is the harmless GUI code. A unique feature of the Spout architecture that does not exist in other similar systems, is that it is completely transparent to and does not require any modifications to WWW browsers or class libraries on the end hosts. This paper describes the detailed design, implementation, and performance measurements of the first Spout prototype, which also incorporates run-time resource monitoring mechanisms to counter denial-of-service attacks.",ieee,llm,0.760,unreviewed,,doi:10.1109/jsac.2002.802074
discarded,MorfWeb: A New Way of Living the Web Access,M. Santambrogio; C. Tziviskou; G. Le Moli,2006,2006 International Conference on Information and Communication Technologies and Development,10.1109/ICTD.2006.301869,https://ieeexplore.ieee.org/document/4085545/,adjacent-subtopic,"As Internet is being established the dominating communication platform between applications and final users, Web accessibility is becoming more and more important in the information retrieval and services delivery. This paper presents the limitations of the Web standard WCAG and of two interpretations of it in delivering Web resources to users with disabilities. First, an evaluation of these standards underlines their poor contribution to satisfy the goals of users with disabilities, and then, a proposal of simple architectural steps for the design of a Web site is made based on accessibility as well as usability criteria. This article studies the typical usage scenarios for such users within the Web site of an association with humanistic scopes, and proposes separate interfaces of a polymorphic application that each one of them takes under consideration the physical difficulties a users group may have, its goals and expectations. Finally, various existing tools are presented evaluating their capability to implement Web interfaces following the proposed design model",ieee,llm,0.920,unreviewed,,doi:10.1109/ictd.2006.301869
kept,Design and Implementation of Measurement Software for Aviation Bearing Micro-Structures,Chenglei Chai; Jingliang Liu; Zhongxin Zhang; Weiyu Xu,2026,2026 7th International Conference on Artificial Intelligence and Electromechanical Automation (AIEA),10.1109/AIEA70743.2026.11633100,https://ieeexplore.ieee.org/document/11633100/,supports-claim,"A host-computer measurement software system is designed and implemented for a five-axis optical measurement system used in the inspection of aviation bearing micro-structures. The software addresses the difficulties caused by the small size, complex morphology, limited spatial accessibility, and low automation level of features such as bearing shields and over-travel grooves. A functional workflow including measurement task planning, five-axis motion control, visual data acquisition, three-dimensional interaction, and result management is established. A layered modular architecture is adopted to decouple the user interface, application logic layer, device services, and data model. The system is developed on the Qt framework, and a four-layer software architecture is used to organize interface states, measurement data, and service commands, thereby improving maintainability and extensibility. Measurement practice on a typical aviation bearing verifies the feasibility of the proposed software in measurement process organization, motion control, data acquisition, and result processing.",ieee,llm,0.870,unreviewed,,doi:10.1109/aiea70743.2026.11633100
discarded,ISO/IEC/IEEE International Standard - Systems and software engineering -- Vocabulary,,2010,ISO/IEC/IEEE 24765:2010(E),10.1109/IEEESTD.2010.5733835,https://ieeexplore.ieee.org/document/5733835/,adjacent-subtopic,"ISO/IEC/IEEE 24765:2010 provides a common vocabulary applicable to all systems and software engineering work. It was prepared to collect and standardize terminology. ISO/IEC/IEEE 24765:2010 is intended to serve as a useful reference for those in the information technology field, and to encourage the use of systems and software engineering standards prepared by ISO and liaison organizations IEEE Computer Society and Project Management Institute. ISO/IEC/IEEE 24765:2010 includes references to the active source standards for each definition so that the use of the term can be further explored.",ieee,llm,0.960,unreviewed,,doi:10.1109/ieeestd.2010.5733835
discarded,Research on the construction and application of engineering cost teaching platform based on adaptive learning,"Wu, Haiyan; Li, Yongkun",2025,JOURNAL OF COMPUTATIONAL METHODS IN SCIENCES AND ENGINEERING,10.1177/14727978251391335,https://www.webofscience.com/wos/woscc/full-record/WOS:001599428200001,adjacent-subtopic,"The ""T multi-layer architecture"" refers to the three-tier application architecture commonly used in web development, which consists of the presentation layer (client), application logic layer (middle tier), and data access layer (server). This architecture extends the traditional client/server model by introducing a dedicated application server layer to handle business logic, thereby separating user interface functions from data processing. The term ""T"" metaphorically represents the structural division among these layers, enabling modular management and load balancing. The client-server interaction follows a three-tier model: the client layer handles user interface communication, the application server layer processes business logic, and the data layer manages database operations. This separation allows the application server to share processing loads, addressing the overburden issue in traditional C/S architectures. The middle tier acts as a bridge, ensuring seamless data flow between the client and server. The 30% increase in student engagement was measured via dual methods (1) automated tracking of platform interactions (e.g., number of case studies accessed, quiz attempts, and discussion forum contributions): and (2) a 5-point Likert scale survey administered mid-course and at completion. For the 80% understanding improvement, students completed pre-and post-course concept mapping exercises focused on complex cost topics (e.g., bill of quantities valuation), with evaluators blind-coded to assess map complexity and accuracy. On average, students spend approximately 2 hours per week engaging with course content on the ECTP. A survey of students rated the user interface with a high ease-of-use score of 4.5. Furthermore, 70% of students noted significant improvements in their problem-solving abilities after using the platform. Project cost information management involves complex logic and lengthy processes. An efficient cost information system is essential to manage these workflows and standardize business procedures. The adaptive learning-based ECTP was designed with this goal in mind, integrating fragmented cost data for educational purposes.",wos,llm,0.820,unreviewed,,doi:10.1177/14727978251391335
discarded,Native cross-platform app development using the SequalsK transpiler,"Schultes, Dominik; Schneider, Larissa; Heymann, Tobias; Wild, Franziska",2025,INFORMATION AND SOFTWARE TECHNOLOGY,10.1016/j.infsof.2024.107626,https://www.webofscience.com/wos/woscc/full-record/WOS:001371773900001,adjacent-subtopic,"Context: Developing two separate versions of an app for iOS and Android requires significant effort. Existing cross-platform development frameworks may reduce this effort, but they also come with tradeoffs such as high tool dependency. Objective: To avoid the drawbacks of current methods, we introduce anew approach to cross-platform app development, provide the necessary tools, and conduct a thorough evaluation to demonstrate the feasibility of our proposed approach. Method: The central idea of the new native cross-platform development approach is to actively develop apps in both native programming languages, Kotlin for Android and Swift for iOS, while exchanging considerable parts of the source code in a bidirectional fashion using a deterministic transpiler. As the centerpiece of our proposed development approach, we present such a bidirectional Swift-Kotlin transpiler, called SequalsK. It supports the majority of the important constructs of both languages and is able to generate syntactically and semantically correct Kotlin code out of Swift code and vice versa. Results: In our evaluation, we determined that SequalsK is the sole existing bidirectional transpiler, distinguishing it from other transpilers that support only one direction. For the Kotlin-to-Swift direction, SequalsK emerges as the premier transpiler, while for the reverse direction, it stands among the top transpilers. Through six distinct case studies, we applied our native cross-platform development approach, showcasing its ability to fulfill all goals. Across each study, we successfully generated fully-functional native Android and iOS apps, achieving significant time savings as up to 86 percent of the source code has to be programmed only once and can be transpiled to the other involved programming language automatically. Conclusion: At the moment, in particular data structures and business logic can be transpiled successfully. In the future, we expect further improvements by extending the SequalsK transpiler in order to process user-interface parts as well.",wos,llm,0.940,unreviewed,,doi:10.1016/j.infsof.2024.107626
discarded,Evolution of LMS Design and Implementation in the Age of AI and Large Language Models,"Molinari, Andrea; Sandri, Simone",2024,"ARTIFICIAL INTELLIGENT SYSTEMS IN EDUCATION 2024, AIXEDU 2024",,https://www.webofscience.com/wos/woscc/full-record/WOS:001783756600014,adjacent-subtopic,"The integration of generative AI and large language models (LLMs) into Learning Management Systems (LMSs) offers significant potential but remains underutilized. Current implementations typically involve the LMS requesting services from an AI engine, such as responses, suggestions, and content summaries, reflecting a superficial interaction between two distinct systems. This limited integration arises from the architecture of most major LMS platforms (e. g., Moodle, Docebo, Sakai), which were designed in the early 2000s. These systems are structured around relational databases and multi-layered logic, which separates business logic from the user interface. While they offer extensive multimedia resources for education, their content is generally organized into folders based on modules or lessons, limiting their adaptability to modern AI functionalities. Additionally, while some platforms support text-based interactions (forums, FAQs, blogs), their overall design remains outdated. This paper proposes a new software architecture for LMSs, designed to natively support AI functionalities. It advocates for a shift from relational to graph-based models for content storage, allowing the creation of a knowledge graph that integrates ontological frameworks. This transformation would enable more advanced AI-driven functionalities, such as content recommendations, semantic searches, and personalized learning experiences. We also address the challenges inherent in such a transformation, including a) the need for a complete redesign of the platform's persistence and business logic layers; b) the complexity of integrating multi-domain ontologies within educational institutions; and c) the technological hurdles in training large, adaptive language models that can evolve in real-time, especially during periods of high content generation.",wos,llm,0.880,unreviewed,,hash:a9cce10514d65057
discarded,SequalsK-A Bidirectional Swift-Kotlin-Transpiler,"Schultes, Dominik",2021,2021 IEEE/ACM 8TH INTERNATIONAL CONFERENCE ON MOBILE SOFTWARE ENGINEERING AND SYSTEMS (MOBILESOFT 2021),10.1109/MobileSoft52590.2021.00017,https://www.webofscience.com/wos/woscc/full-record/WOS:000713911700011,adjacent-subtopic,"Developing two separate versions of an app for iOS and Android causes considerable efforts. Therefore, a lot of cross-platform development frameworks are available that are able to produce apps for both platforms out of a single code base. However, there are tradeoffs that are connected with these frameworks, in particular, a high tool dependency. Therefore, we propose to stick with native development but to take advantage of the shrinking gap between both platforms due to the fact that the current programming languages, Swift for iOS and Kotlin for Android, are considerably more alike than their respective predecessors. Relating to the model-view-controller design pattern, we propose to automatically transpile the model part (which includes the business logic) of the app in a bidirectional fashion, i.e., from Kotlin to Swift and vice versa. This way, iOS experts can concentrate on optimizing the user interface (view- and controller-part) for iOS, and Android experts can do the same for Android, but all developers can jointly work on the shared model part: each developer can read, correct, and enhance the source code of the model using their own preferred programming language; the resulting version is then transpiled to an equivalent version in the other language.

We present a working prototype of a transpiler-which we call SequalsK-that supports the majority of the important constructs of both languages and is able to generate syntactically and semantically correct Kotlin code out of Swift code and vice versa.

In a case study we show that the model part of a board game app can be transpiled in both directions without any limitations. Starting with a working Swift version, the Android version can be derived with little manual effort: the automatically transpiled model part forms 86 percent of the resulting source code.",wos,llm,0.840,unreviewed,,doi:10.1109/mobilesoft52590.2021.00017
kept,The Research of PHP Development Framework Based on MVC Pattern,"Cui, Wei; Huang, Lin; Liang, LiJing; Li, Jing",2009,"ICCIT: 2009 FOURTH INTERNATIONAL CONFERENCE ON COMPUTER SCIENCES AND CONVERGENCE INFORMATION TECHNOLOGY, VOLS 1 AND 2",,https://www.webofscience.com/wos/woscc/full-record/WOS:000280705700185,supports-claim,"PHP is one of the leading web development languages, however,the development model of existing PHP organizes without a structure, which mixes the code of data access, the processing of business logic,and web presentation layer together, as a relult, it brough about many problems in the web applications, meanwhile, it could not meet the rapid development of web apply any more. In this paper, a implementation of PHP based on MVC design patterns - FDF framework was provided for PHP developers, which can offer a framework for web applications, separate the data, view and control of web applications, afford to achieve loose coupling, thereby enhanced the efficiency, reliability, maintainability and scalability of application development.",wos,llm,0.970,unreviewed,,hash:cf6511b2be992b16
kept,DEUCE : A Declarative Framework for Extricating User Interface Concerns,"Goderis, Sofie; Deridder, Dirk; Van Paesschen, Ellen; D'Hondt, Theo",2007,JOURNAL OF OBJECT TECHNOLOGY,,https://www.webofscience.com/wos/woscc/full-record/WOS:000213828500006,supports-claim,"Evolving a software system not only affects the source code responsible for the core application, but also the user interface. Unfortunately user interface code is often scattered through and entangled with the application code. In large and complex user-interfaces, this tangling renders the implementation complex and hard to maintain. Currently, the application needs to perform both the necessary changes to the user-interface (e.g. disabling other buttons, propagating events, etc.) as well as invoke the required application logic. The Deuce framework (Declarative User Interface Concerns Extrication) intends to reduce the complexity of user-interface implementations by applying separation of concerns on three Ul concerns : presentation logic, business and data logic, and connection logic. It does so by using a declarative meta-language (SOUL) on top of an object oriented language (Smalltalk) such that an adequate language is provided to describe the entire structure and behaviour of the user-interface, as well as to link it with the application.",wos,llm,0.980,unreviewed,,hash:4cfc4c79f80f85c5
kept,A rule-based approach to Web-based application development,"Tammet, Tanel; Haav, Hele-Mai; Kadarpik, Vello; Kaaramees, Marko",2006,2006 SEVENTH INTERNATIONAL BALTIC CONFERENCE ON DATABASES AND INFORMATION SYSTEMS - PROCEEDINGS,,https://www.webofscience.com/wos/woscc/full-record/WOS:000240381700025,supports-claim,"Common design patterns in application development mix implementation of business logic with application logic, user interface logic, or with data access logic. This leads to results that business logic is not well maintainable and reusable, the application code should be reimplemented each time the business logic has changed or the same business logic should be reimplemented for each application. This paper presents a new rule-based approach to web-based IS development making possible separating the business logic from interface or application logic when creating complex web-based software applications. The technology consists of 2 main parts: the application server Xstone for creating 3-layered systems and the RqlGandalf rule solver. The middleware server Xstone connects to Oracle, PostgreSQL databases and the Rql rule system. The Rql rule system is targeted for defining and using business logic rules. The Rql rule system is able to read data from a SQL database: it can call the application server and import/convert SQL-given data into its own knowledge base. The presented rule-based system development technology is implemented for the Linux platform as open source software.",wos,llm,0.960,unreviewed,,hash:73a20c4d00392f71
