status,title,authors,year,venue,doi,url,tags,abstract,provider,decision_source,llm_confidence,llm_review_outcome,llm_change_direction,paper_id
discarded,Improving English reading for EFL readers with reviewing kit-build concept map,Banni Satria Andoko; Yusuke Hayashi; Tsukasa Hirashima; Atiqah Nurul Asri,2020,Research and Practice in Technology Enhanced Learning,10.1186/s41039-020-00126-8,https://openalex.org/W3013517705,off-topic-false-hit,"Abstract Reading comprehension for English as foreign language (EFL) students is crucial. Available information is mostly written in English, which becomes a problem for students from non-English-speaking countries. Such students should master English first in order to understand the information. This research offers a method to improve English reading with the help of the kit-build concept map as a graphical strategy and an additional function called source connection to facilitate EFL readers in reviewing their concept maps as the representation of their understanding. In this study, an English teacher in an Indonesian university practically used this system in the English class of second-year undergraduate students as EFL readers and tested the effectiveness of it. Results confirm that students who use the kit-build concept map with the source connection function show better performance in English reading compared with those who employ the traditional summarization method.",openalex,llm,1.000,unreviewed,,doi:10.1186/s41039-020-00126-8
discarded,You're (Not) My Type‐ Can LLMs Generate Feedback of Specific Types for Introductory Programming Tasks?,Dominic Lohr; Hieke Keuning; Natalie Kiesler,2025,Journal of Computer Assisted Learning,10.1111/jcal.13107,https://openalex.org/W4406091961,adjacent-subtopic,"ABSTRACT Background Feedback as one of the most influential factors for learning has been subject to a great body of research. It plays a key role in the development of educational technology systems and is traditionally rooted in deterministic feedback defined by experts and their experience. However, with the rise of generative AI and especially large language models (LLMs), we expect feedback as part of learning systems to transform, especially for the context of programming. In the past, it was challenging to automate feedback for learners of programming. LLMs may create new possibilities to provide richer, and more individual feedback than ever before. Objectives This article aims to generate specific types of feedback for introductory programming tasks using LLMs. We revisit existing feedback taxonomies to capture the specifics of the generated feedback, such as randomness, uncertainty and degrees of variation. Methods We iteratively designed prompts for the generation of specific feedback types (as part of existing feedback taxonomies) in response to authentic student programs. We then evaluated the generated output and determined to what extent it reflected certain feedback types. Results and Conclusion This study provides a better understanding of different feedback dimensions and characteristics. The results have implications for future feedback research with regard to, for example, feedback effects and learners' informational needs. It further provides a basis for the development of new tools and learning systems for novice programmers including feedback generated by AI.",openalex,llm,0.970,unreviewed,,doi:10.1111/jcal.13107
discarded,Seeing Program Output Improves Novice Learning Gains,Juho Leinonen; Arto Hellas; John Edwards,2023,,10.1145/3587102.3588796,https://openalex.org/W4382654858,adjacent-subtopic,"In this article, we report results from a randomized controlled trial where novice programmers completed code mimicking exercises -- writing and modifying code shown to them -- designed to help learn the basics of how variables work. Using a tailored code writing system with feedback on program correctness, we conducted a two-group design study where only one of the groups could see the program output and feedback on the correctness of the program they wrote, while the other group just saw feedback on correctness. Learning gain was measured using a code-reading multiple choice questionnaire as both a pretest and a posttest. Our data suggests that being able to see program output leads to higher learning gains for novices, when compared to just being able to see feedback on the correctness of the code. For more experienced students, we observed benefits from code mimicking in both groups, without a strong distinction between being able to see the output and not being able to see the output. Based on our experiment, we recommend that environments used by novices for learning programming should encourage -- or even require -- running the code before allowing submitting the program for assessment.",openalex,llm,0.980,unreviewed,,doi:10.1145/3587102.3588796
discarded,Debugging PL/I programs in the multics environment,Barry Lawrence Wolman,1972,,10.1145/1479992.1480063,https://openalex.org/W1996044663,adjacent-subtopic,"One of the popular misconceptions concerning PL/I is that programs written in PL/I are necessarily inefficient and hard to debug. Several years experience with the Multics PL/I compiler running on the Honeywell 645 has shown that in spite of the apparent complexity of the PL/I language, PL/I programs are easily debugged in the Multics environment, even by novice users who are newcomers to PL/I and are unfamiliar with the Honeywell 645. In most cases the user can debug his program symbolically without having to refer to a listing of the generated instructions or add debugging output statements to the program. This is due to a number of factors:",openalex,llm,0.980,unreviewed,,doi:10.1145/1479992.1480063
discarded,Using Consistency to Measure CS1 Student’s Comprehension of User-defined Functions,Cruz Izu,2020,"2020 IEEE International Conference on Teaching, Assessment, and Learning for Engineering (TALE)",10.1109/TALE48869.2020.9368374,https://ieeexplore.ieee.org/document/9368374/,adjacent-subtopic,"This study aims to investigate novice programmers' comprehension of user-defined functions. We have explored whether students are consistent (1) in their function declaration and the value returned by its implementation and (2) the value returned and its usage in the main program. Function consistency appears to be a good proxy for how well novices understand the role of user-defined functions in the main program, regardless of the ability to write a function's body that calculates a correct result. We analyzed the solutions submitted by 249 students to a practical exam question from a CS1 course that includes C functions. In terms of program consistency, 64% of students could make a good use of the function result in the driver program. However, one third of them call the same function multiple times without taking into account its computational cost. Inconsistent programs did not include a call (5%), treated an int function as if it was void(8%), or called it correctly but ignored the result (4%). The outcomes of this analysis bring to the fore the need to teach and assess user-defined functions in the context of building larger solutions, so that students could understand and consistently use modular code.",ieee,llm,0.860,unreviewed,,doi:10.1109/tale48869.2020.9368374
discarded,C++ in Embedded Systems: A practical transition from C to modern C++,Amar Mahmutbegović; Steve Branam,2025,C++ in Embedded Systems: A practical transition from C to modern C++,,https://ieeexplore.ieee.org/document/11098997/,off-topic-false-hit,"Go beyond C by applying modern C++ in embedded systems to enhance code readability, maintainability, and scalabilityKey FeaturesBridge the gap between C and modern C++ for embedded systems through practical examplesLearn how to save memory and cut down on runtime computing using compile-time computation techniquesImprove your software design skills by applying patterns to solve common problems in embedded systems using C++Purchase of the print or Kindle book includes a free PDF eBookBook DescriptionTransitioning from C can be daunting, with concerns about performance overhead, added complexity, and unfamiliar tooling. Addressing these challenges, Amar Mahmutbegovic, an advocate for modern C++ in embedded development, shows you how to harness zero-cost abstractions, compile-time checks, and powerful modern C++ capabilities to preserve performance while achieving safer, cleaner code. This book bridges the gap between traditional C and advanced C++, helping you retain the efficiency C developers demand while unlocking the safety and expressiveness of modern C++. Starting with a modern development environment setup, including a Docker container for seamless example replication, you’ll overcome the hurdles of using the C++ standard library in memory-constrained settings and get acquainted with the Embedded Template Library (ETL) as an alternative. The book walks you through essential C++ concepts before exploring advanced topics such as templates, strong typing, error handling, compile-time computation, and RAII. Through practical examples, you'll implement a sequencer, write a type-safe HAL, and apply patterns like Command, State, and Observer to solve common embedded development problems. By the end of this book, you’ll have learned how to apply modern C++ to develop robust, modular firmware with performance matching or exceeding hand-coded C solutions.What you will learnDebunk myths and misconceptions about using C++ in embedded systemsSet up build automation tailored for C++ in constrained environmentsLeverage strong typing to improve type safetyApply modern C++ techniques, such as Resource Acquisition Is Initialization (RAII)Use Domain Specific Language (DSL) with a practical example using Boost SMLImplement software development best practices, including the SOLID principle, in embedded developmentWho this book is forThis book is for embedded developers who primarily use C and want to adopt a modern C++ approach. It introduces fundamental C++ concepts, making it suitable for beginners, while also assuming basic familiarity to fully leverage advanced features like compile-time computation. Even those with prior C++ experience will discover new ways to apply modern best practices to write more efficient and maintainable embedded applications.",ieee,llm,0.990,unreviewed,,hash:f19746ef4b852295
discarded,Novice LISP Errors: Undetected Losses of Information from Working Memory,J.R. Anderson,1985,Human Computer Interaction,10.1207/s15327051hci0102_2,https://www.scopus.com/inward/record.uri?partnerID=HzOxMe3b&scp=84948491027&origin=inward,adjacent-subtopic,,scopus,llm,0.780,unreviewed,,doi:10.1207/s15327051hci0102_2
discarded,Towards automated crystallographic structure refinement with phenix.refine,Pavel V. Afonine; Ralf W. Grosse‐Kunstleve; Nathaniel Echols; Jeffrey J. Headd; Nigel W. Moriarty; Marat Mustyakimov; Thomas C. Terwilliger; Alexandre Urzhumtsev; Peter H. Zwart; Paul D. Adams,2012,Acta Crystallographica Section D Biological Crystallography,10.1107/s0907444912001308,https://openalex.org/W2154197653,off-topic-false-hit,"phenix.refine is a program within the PHENIX package that supports crystallographic structure refinement against experimental data with a wide range of upper resolution limits using a large repertoire of model parameterizations. It has several automation features and is also highly flexible. Several hundred parameters enable extensive customizations for complex use cases. Multiple user-defined refinement strategies can be applied to specific parts of the model in a single refinement run. An intuitive graphical user interface is available to guide novice users and to assist advanced users in managing refinement projects. X-ray or neutron diffraction data can be used separately or jointly in refinement. phenix.refine is tightly integrated into the PHENIX suite, where it serves as a critical component in automated model building, final structure refinement, structure validation and deposition to the wwPDB. This paper presents an overview of the major phenix.refine features, with extensive literature references for readers interested in more detailed discussions of the methods.",openalex,llm,1.000,unreviewed,,doi:10.1107/s0907444912001308
discarded,Gabedit—A graphical user interface for computational chemistry softwares,Abdul-Rahman Allouche,2010,Journal of Computational Chemistry,10.1002/jcc.21600,https://openalex.org/W2046229956,off-topic-false-hit,"Gabedit is a freeware graphical user interface, offering preprocessing and postprocessing adapted (to date) to nine computational chemistry software packages. It includes tools for editing, displaying, analyzing, converting, and animating molecular systems. A conformational search tool is implemented using a molecular mechanics or a semiempirical potential. Input files can be generated for the computational chemistry software supported by Gabedit. Some molecular properties of interest are processed directly from the output of the computational chemistry programs; others are calculated by Gabedit before display. Molecular orbitals, electron density, electrostatic potential, nuclear magnetic resonance shielding density, and any other volumetric data properties can be displayed. It can display electronic circular dichroism, UV-visible, infrared, and Raman-computed spectra after a convolution. Gabedit can generate a Povray file for geometry, surfaces, contours, and color-coded planes. Output can be exported to a selection of popular image and vector graphics file formats; the program can also generate a series of pictures for animation. Quantum mechanical electrostatic potentials can be calculated using the partial charges on atoms, or by solving the Poisson equation using the multigrid method. The atoms in molecule charges can also be calculated. Gabedit is platform independent. The code is distributed under free open source X11 style license and is available at http://gabedit.sourceforge.net/.",openalex,llm,1.000,unreviewed,,doi:10.1002/jcc.21600
discarded,"ATHENA , ARTEMIS , HEPHAESTUS : data analysis for X-ray absorption spectroscopy using IFEFFIT",Bruce Ravel; Matthew G. Newville,2005,Journal of Synchrotron Radiation,10.1107/s0909049505012719,https://openalex.org/W2070227796,off-topic-false-hit,"A software package for the analysis of X-ray absorption spectroscopy (XAS) data is presented. This package is based on the IFEFFIT library of numerical and XAS algorithms and is written in the Perl programming language using the Perl/Tk graphics toolkit. The programs described here are: (i) ATHENA, a program for XAS data processing, (ii) ARTEMIS, a program for EXAFS data analysis using theoretical standards from FEFF and (iii) HEPHAESTUS, a collection of beamline utilities based on tables of atomic absorption data. These programs enable high-quality data analysis that is accessible to novices while still powerful enough to meet the demands of an expert practitioner. The programs run on all major computer platforms and are freely available under the terms of a free software license.",openalex,llm,1.000,unreviewed,,doi:10.1107/s0909049505012719
discarded,Profex : a graphical user interface for the Rietveld refinement program BGMN,Nicola Doebelin; Reinhard Kleeberg,2015,Journal of Applied Crystallography,10.1107/s1600576715014685,https://openalex.org/W1955431138,off-topic-false-hit,"Profex is a graphical user interface for the Rietveld refinement program BGMN . Its interface focuses on preserving BGMN 's powerful and flexible scripting features by giving direct access to BGMN input files. Very efficient workflows for single or batch refinements are achieved by managing refinement control files and structure files, by providing dialogues and shortcuts for many operations, by performing operations in the background, and by providing import filters for CIF and XML crystal structure files. Refinement results can be easily exported for further processing. State-of-the-art graphical export of diffraction patterns to pixel and vector graphics formats allows the creation of publication-quality graphs with minimum effort. Profex reads and converts a variety of proprietary raw data formats and is thus largely instrument independent. Profex and BGMN are available under an open-source license for Windows, Linux and OS X operating systems.",openalex,llm,1.000,unreviewed,,doi:10.1107/s1600576715014685
discarded,PhyloSuite: An integrated and scalable desktop platform for streamlined molecular sequence data management and evolutionary phylogenetics studies,Dong Zhang; Fangluan Gao; Ivan Jakovlić; Hong Zou; Jin Zhang; Wen X. Li; Guitang Wang,2019,Molecular Ecology Resources,10.1111/1755-0998.13096,https://openalex.org/W2979811825,off-topic-false-hit,"Multigene and genomic data sets have become commonplace in the field of phylogenetics, but many existing tools are not designed for such data sets, which often makes the analysis time-consuming and tedious. Here, we present PhyloSuite, a (cross-platform, open-source, stand-alone Python graphical user interface) user-friendly workflow desktop platform dedicated to streamlining molecular sequence data management and evolutionary phylogenetics studies. It uses a plugin-based system that integrates several phylogenetic and bioinformatic tools, thereby streamlining the entire procedure, from data acquisition to phylogenetic tree annotation (in combination with iTOL). It has the following features: (a) point-and-click and drag-and-drop graphical user interface; (b) a workplace to manage and organize molecular sequence data and results of analyses; (c) GenBank entry extraction and comparative statistics; and (d) a phylogenetic workflow with batch processing capability, comprising sequence alignment (mafft and macse), alignment optimization (trimAl, HmmCleaner and Gblocks), data set concatenation, best partitioning scheme and best evolutionary model selection (PartitionFinder and modelfinder), and phylogenetic inference (MrBayes and iq-tree). PhyloSuite is designed for both beginners and experienced researchers, allowing the former to quick-start their way into phylogenetic analysis, and the latter to conduct, store and manage their work in a streamlined way, and spend more time investigating scientific questions instead of wasting it on transferring files from one software program to another.",openalex,llm,1.000,unreviewed,,doi:10.1111/1755-0998.13096
discarded,TmoleX—A graphical user interface for TURBOMOLE,Claudia Steffen; Klaus Thomas; Uwe Huniar; Arnim Hellweg; Oliver Rubner; Alexander Schroer,2010,Journal of Computational Chemistry,10.1002/jcc.21576,https://openalex.org/W2006070840,off-topic-false-hit,"We herein present the graphical user interface (GUI) TmoleX for the quantum chemical program package TURBOMOLE. TmoleX allows users to execute the complete workflow of a quantum chemical investigation from the initial building of a structure to the visualization of the results in a user friendly graphical front end. The purpose of TmoleX is to make TURBOMOLE easy to use and to provide a high degree of flexibility. Hence, it should be a valuable tool for most users from beginners to experts. The program is developed in Java and runs on Linux, Windows, and Mac platforms. It can be used to run calculations on local desktops as well as on remote computers.",openalex,llm,1.000,unreviewed,,doi:10.1002/jcc.21576
discarded,SIXPack a Graphical User Interface for XAS Analysis Using IFEFFIT,Samuel M. Webb,2005,Physica Scripta,10.1238/physica.topical.115a01011,https://openalex.org/W1993596116,off-topic-false-hit,"SIXPack (Sam's Interface for XAS analysis Package), a graphical user interface that allows users simple manipulation and analysis of data, is presented. The modules of SIXPack allow users to: (1) load, calibrate, and average raw data files; (2) perform background subtractions; (3) perform principal component analysis and target transforms; (4) perform least squares fitting of data to standards and functions; (5) perform EXAFS fitting to FEFF phase and amplitude files; (6) create single scattering FEFF phase and amplitude files using a periodic table interface. Novel features of the program allow for the fitted correction of XANES spectra due to self-absorption effects in unknown matrices, which is particularly useful for analysis of geochemical and environmental systems. The core of the XAS analysis routine uses IFEFFIT. SIXPack is developed in Python, is installable across many operating systems and platforms, and is freely available with an Open Source license.",openalex,llm,1.000,unreviewed,,doi:10.1238/physica.topical.115a01011
