status,title,authors,year,venue,doi,url,tags,abstract,provider,decision_source,llm_confidence,llm_review_outcome,llm_change_direction,paper_id
discarded,An integrated crosscutting concern migration strategy and its semi-automated application to JHotDraw,Marius Marin; Arie van Deursen; Leon Moonen; Robin van der Rijst,2009,Automated Software Engineering,10.1007/s10515-009-0051-2,https://openalex.org/W2017846650,adjacent-subtopic,"In this paper we propose a systematic strategy for migrating crosscutting concerns in existing object-oriented systems to aspect-oriented programming solutions. The proposed strategy consists of four steps: mining, exploration, documentation and refactoring of crosscutting concerns. We discuss in detail a new approach to refactoring to aspect-oriented programming that is fully integrated with our strategy, and apply the whole strategy to an object-oriented system, namely the JHotDraw framework. Moreover, we present a method to semi-automatically perform the aspect-introducing refactorings based on identified crosscutting concern sorts which is supported by a prototype tool called sair . We perform an exploratory case study in which we apply this tool on the same object-oriented system and compare its results with the results of manual migration in order to assess the feasibility of automated aspect refactoring. Both the refactoring tool sair and the results of the manual migration are made available as open-source, the latter providing the largest aspect-introducing refactoring available to date. We report on our experiences with conducting both case studies and reflect on the success and challenges of the migration process.",openalex,llm,0.940,unreviewed,,doi:10.1007/s10515-009-0051-2
discarded,"Software testing and analysis: process, principles, and techniques","Pezzè, Mauro; Young, Michal",2008,Choice Reviews Online,10.5860/choice.46-0935,https://openalex.org/W1524053243,adjacent-subtopic,"The first comprehensive book on software test and analysis You can't ""test quality into"" a software product, but neither can you build a quality software product without test and analysis. Software test and analysis is increasingly recognized, in research and in industrial practice, as a core challenge in software engineering and computer science. Software Testing and Analysis: Process, Principles, and Techniques is the first book to present a range of complementary software test and analysis techniques in an integrated, coherent fashion. It covers a full spectrum of topics from basic principles and underlying theory to organizational and process issues in real-world application. The emphasis throughout is on selecting a complementary set of practical techniques to achieve an acceptable level of quality at an acceptable cost. Highlights of the book include: Interplay among technical and non-technical issues in crafting an approach to software quality, with chapters devoted to planning and monitoring the software quality process. A selection of practical techniques ranging from inspection to automated program and design analyses to unit, integration, system, and regression testing, with technical material set in the context of real-world problems and constraints in software development. A coherent view of the state of the art and practice, with technical and organizational approaches to push the state of practice toward the state of the art. Throughout, the text covers techniques that are suitable for near-term application, with sufficient technical background to help you know how and when to apply them. Exercises reinforce the instruction and ensure that you master each topic before proceeding.",openalex,llm,0.930,unreviewed,,doi:10.5860/choice.46-0935
discarded,Untangling Enterprise Java,Chris Richardson,2006,Queue,10.1145/1142031.1142045,https://openalex.org/W2028650877,adjacent-subtopic,"Separation of concerns is one of the oldest concepts in computer science. The term was coined by Dijkstra in 1974.1 It is important because it simplifies software, making it easier to develop and maintain. Separation of concerns is commonly achieved by decomposing an application into components. There are, however, crosscutting concerns, which span (or cut across) multiple components. These kinds of concerns cannot be handled by traditional forms of modularization and can make the application more complex and difficult to maintain.",openalex,llm,0.940,unreviewed,,doi:10.1145/1142031.1142045
discarded,AspectC#: An AOSD implementation for C#,Howard Kim,2002,Arrow@dit (Dublin Institute of Technology),,https://openalex.org/W2098411847,adjacent-subtopic,"A major problem with Object Oriented Programming (OOP) is that it cannot deal\nefficiently with crosscutting concerns. Aspect Oriented Software Development (AOSD)\nis a new methodology that tries to enable the extension of the separation of concerns\ncapabilities in software development. AOSD, which encompasses Aspect\nOriented Programming (AOP), hopes to enable the developer or architect to capture\ncrosscutting concerns in a modular fashion.\nThe objectives of the dissertation include the design, implementation and evaluation\nof a tool that enables the modularisation of crosscutting concerns within C#,\nthat we have called ?AspectC#?. AspectC# must:\n1. Allow the developer to use AOP constructs within C#.\n2. Make no explicit language extensions to C#.\n3. Be extensible for future development.\nAspectC# hopes to enable the developer to modularise crosscutting concerns\nwithin C#. By modularising crosscutting concerns this will lead to an easier development\nand maintenance of applications.\nThe evaluation included a small case study comparing an example using AspectC#\nand OOP with C#. We believe the case study and tool supports the case for\nthe use and promotion of AOSD. Special emphasis was placed on picking a real\nworld, easily understood example of the use of the tool and we believe this represents\nan excellent introduction to some of the most widely used AOP and AOSD\ntechniques.",openalex,llm,0.970,unreviewed,,hash:39444bc7e7d2a226
discarded,Aspect‐Oriented Software Development: an Introduction,Johan Brichau; Ruzanna Chitchyan; Awais Rashid; Theo D’Hondt,2008,Wiley Encyclopedia of Computer Science and Engineering,10.1002/9780470050118.ecse022,https://openalex.org/W1838876313,adjacent-subtopic,"Abstract Modularity of software has long been the primary mechanism used in software development to improve reuse and support maintainability. However, certain concerns do not fit the module boundaries in contemporary software‐development paradigms. The consequence of such crosscutting concerns, such as logging, persistence, security, and so forth, is that the responsibilities of the individual modules are not clearly demarcated. Not only is a module responsible for its core state and behavior (pertaining to its business functionality, for instance) but also for that of the crosscutting concern (such as logging). This phenomenon is referred to as tangling. At the same time, we observe the scattering effect whereby a given crosscutting concem,for example, logging, is not modularized in a single element and hence hampers our ability to reason about its effect and behavior with respect to the other modules; such reasoning requires inspection of all the modules where logging is realized. This requirement goes against the established best practice of separation of concerns because the crosscutting effect results in software that is difficult to understand and maintain. Addressing this problem of crosscutting is the main focus of aspect‐oriented software‐development (AOSD) techniques. In this article, we provide an introduction to AOSD by highlighting how it provides systematic support for identification, modularization, and composition of crosscutting concerns throughout the software lifecycle.",openalex,llm,0.970,unreviewed,,doi:10.1002/9780470050118.ecse022
discarded,The OpenCPU System: Towards a Universal Interface for Scientific Computing through Separation of Concerns,Jeroen C. L. Ooms,2014,arXiv (Cornell University),10.48550/arxiv.1406.4806,https://openalex.org/W2102380199,adjacent-subtopic,"Applications integrating analysis components require a programmable interface which defines statistical operations independently of any programming language. By separating concerns of scientific computing from application and implementation details we can derive an interoperable API for data analysis. But what exactly are the concerns of scientific computing? To answer this question, the paper starts with an exploration of the purpose, problems, characteristics, struggles, culture, and community of this unique branch of computing. By mapping out the domain logic, we try to unveil the fundamental principles and concepts behind statistical software. Along the way we highlight important problems and bottlenecks that need to be addressed by the system in order to facilitate reliable and scalable analysis units. Finally, the OpenCPU software is introduced as an example implementation that builds on HTTP and R to expose a simple, abstracted interface for scientific computing.",openalex,llm,0.930,unreviewed,,doi:10.48550/arxiv.1406.4806
discarded,Early identification of crosscutting concerns with the Language Extended Lexicon,Leandro Antonelli; Gustavo H. Rossi; Julio César Sampaio do Prado Leite; Jo�ão Araújo,2013,Requirements Engineering,10.1007/s00766-013-0193-4,https://openalex.org/W2011587599,adjacent-subtopic,,openalex,llm,0.890,unreviewed,,doi:10.1007/s00766-013-0193-4
discarded,Using AspectJ to separate concerns in parallel scientific Java code,Bruno Harbulot; John R. Gurd,2004,,10.1145/976270.976286,https://openalex.org/W2067897422,adjacent-subtopic,"Scientific software frequently demands high performance in order to execute complex models in acceptable time. A major means of obtaining high performance is via parallel execution on multi-processor systems. However, traditional methods of programming for parallel execution can lead to substantial code-tangling where the needs of the mathematical model crosscut with the concern of parallel execution.Aspect-Oriented Programming is an attractive technology for solving the problem of code-tangling in high performance parallel scientific software. The underlying mathematical model and the parallelism can be treated as separate concerns and programmed accordingly. Their elements of code can then be woven together to produce the final application. This paper investigates the extent to which AspectJ technology can be used to achieve the desired separation of concerns in programs from the Java Grande Forum benchmark suite, a set of test applications for evaluation of the performance of Java in the context of numerical computation. The paper analyses three different benchmark programs and classifies the degrees of difficulty in separating concerns within them in a form suitable for AspectJ. This leads to an assessment of the influence of the design of a numerical application on the ability of AspectJ to solve this kind of code-tangling problem. It is concluded that: (1) scientific software is rarely produced in true object-oriented style; and (2) the inherent loop structure of many scientific algorithms is incompatible with the join point philosophy of AspectJ.Since AspectJ cannot intercept the iterations of for-loops (which are at the heart of high-performance computing), various object-oriented models are proposed for describing (embarrassingly parallel) rectangular double-nested forloops that make it possible to use AspectJ for encapsulating parallelisation in an aspect. Finally, a test-case using these models is presented, together with performance results obtained on various Java Virtual Machines.",openalex,llm,0.980,unreviewed,,doi:10.1145/976270.976286
discarded,Are Multi-Language Design Smells Fault-Prone? An Empirical Study,Mouna Abidi; Md Saidur Rahman; Moses Openja; Foutse Khomh,2021,ACM Transactions on Software Engineering and Methodology,10.1145/3432690,https://openalex.org/W3094649757,adjacent-subtopic,"Nowadays, modern applications are developed using components written in different programming languages and technologies. The cost benefits of reuse and the advantages of each programming language are two main incentives behind the proliferation of such systems. However, as the number of languages increases, so do the challenges related to the development and maintenance of these systems. In such situations, developers may introduce design smells (i.e., anti-patterns and code smells) which are symptoms of poor design and implementation choices. Design smells are defined as poor design and coding choices that can negatively impact the quality of a software program despite satisfying functional requirements. Studies on mono-language systems suggest that the presence of design smells may indicate a higher risk of future bugs and affects code comprehension, thus making systems harder to maintain. However, the impact of multi-language design smells on software quality such as fault-proneness is yet to be investigated. In this article, we present an approach to detect multi-language design smells in the context of JNI systems. We then investigate the prevalence of those design smells and their impacts on fault-proneness. Specifically, we detect 15 design smells in 98 releases of 9 open-source JNI projects. Our results show that the design smells are prevalent in the selected projects and persist throughout the releases of the systems. We observe that, in the analyzed systems, 33.95% of the files involving communications between Java and C/C++ contain occurrences of multi-language design smells. Some kinds of smells are more prevalent than others, e.g., Unused Parameters , Too Much Scattering , and Unused Method Declaration . Our results suggest that files with multi-language design smells can often be more associated with bugs than files without these smells, and that specific smells are more correlated to fault-proneness than others. From analyzing fault-inducing commit messages, we also extracted activities that are more likely to introduce bugs in smelly files. We believe that our findings are important for practitioners as it can help them prioritize design smells during the maintenance of multi-language systems.",openalex,llm,0.960,unreviewed,,doi:10.1145/3432690
discarded,"Quantified, Typed Events for Improved Separation of Concerns",Hridesh Rajan; Gary T. Leavens,2008,Iowa State University Digital Repository (Iowa State University),,https://openalex.org/W1608287257,adjacent-subtopic,"Implicit invocation and aspect-oriented languages provide related but distinct mechanisms for separation of concerns. Implicit invocation languages have explicitly announced events, which runs registered observer methods. Aspect-oriented languages have implicitly announced events, called “join points,” which run method-like but more powerful advice. A limitation of implicit invocation languages is their inability to refer to a large set of events succinctly. They also lack the expressive power of advice, and require code to manage event registration and announcement. Aspect-oriented languages also have several limitations, including the potential for fragile dependence on syntactic structure that may hurt maintainability, limits in the set of join points and the reflective contextual information that they make available. Quantified, typed events solve all these problems. They extend implicit invocation languages with a key idea from aspectoriented languages: the ability to quantify over events (join points). Programmers declare named event types that contain information about the names and types of event arguments (exposed context). An event type declaratively identifies an expression as an event. This event type can then be used to quantify over all such events. Event types reduce the coupling between the observers and the set of events, and similarly between the advising and advised code.",openalex,llm,0.960,unreviewed,,hash:fac4b2795cbb499b
discarded,An empirical study of aspect-oriented metrics,Eduardo Kessler Piveta; Ana Moreira; Marcelo Soares Pimenta; Jo�ão Araújo; Pedro Guerreiro; Roberto Tom Price,2012,Science of Computer Programming,10.1016/j.scico.2012.02.003,https://openalex.org/W2054230126,adjacent-subtopic,,openalex,llm,0.900,unreviewed,,doi:10.1016/j.scico.2012.02.003
discarded,An empirical study on the impact of AspectJ on software evolvability,Adam Przybyłek,2017,Empirical Software Engineering,10.1007/s10664-017-9580-7,https://openalex.org/W2775389555,adjacent-subtopic,"Since its inception in 1996, aspect-oriented programming (AOP) has been believed to reduce the effort required to maintain software systems by replacing cross-cutting code with aspects. However, little convincing empirical evidence exists to support this claim, while several studies suggest that AOP brings new obstacles to maintainability. This paper discusses two controlled experiments conducted to evaluate the impact of AspectJ (the most mature and popular aspect-oriented programming language) versus Java on software evolvability. We consider evolvability as the ease with which a software system can be updated to fulfill new requirements. Since a minor language was compared to the mainstream, the experiments were designed so as to anticipate that the participants were much more experienced in one of the treatments. The first experiment was performed on 35 student subjects who were asked to comprehend either Java or AspectJ implementation of the same system, and perform the corresponding comprehension tasks. Participants of both groups achieved a high rate of correct answers without a statistically significant difference between the groups. Nevertheless, the Java group significantly outperformed the AspectJ group with respect to the average completion time. In the second experiment, 24 student subjects were asked to implement (in a non-invasive way) two extension scenarios to the system that they had already known. Each subject evolved either the Java version using Java or the AspectJ version using AspectJ. We found out that a typical AspectJ programmer needs significantly fewer atomic changes to implement the change scenarios than a typical Java programmer, but we did not observe a significant difference in completion time. The overall result indicates that AspectJ has a different effect on two sub-characteristics of the evolvability: understandability and changeability. While AspectJ decreases the former, it improves one aspect of the latter.",openalex,llm,0.950,unreviewed,,doi:10.1007/s10664-017-9580-7
discarded,CompAr: Ensuring Safe Around Advice Composition,Renaud Pawlak; Laurence Duchien; Lionel Seinturier,2005,Lecture notes in computer science,10.1007/11494881_11,https://openalex.org/W2115589323,adjacent-subtopic,,openalex,llm,0.940,unreviewed,,doi:10.1007/11494881_11
discarded,System Design Automation: Challenges and Limitations,Joseph Sifakis,2015,Proceedings of the IEEE,10.1109/jproc.2015.2484060,https://openalex.org/W1935675921,adjacent-subtopic,"Electronic design automation (EDA) has enabled the integrated circuit industry to sustain exponentially increasing product complexity growth until today, while maintaining consistent product development timeline and costs. We argue that the success of EDA-based design relies on the application of four interrelated principles: 1) separation of concerns implying a decomposition of a design flow into steps, each step dealing with specific aspects, namely user requirements, functional design, and implementation; 2) component-based design enabling the reasoned construction of complex systems as the composition of components; 3) semantic coherency meaning that descriptions used in successive design steps are semantically related through adequate semantic mappings; this implies, in particular, that the formalisms used at each design step are rooted in well-defined semantics; and 4) correctness by construction meaning that it is possible to guarantee essential properties of the designed system incrementally and compositionally along the design process. The paper discusses to what extent the EDA paradigm can be adapted to general mixed hardware/software (HW/SW) systems design through the application of these principles. It presents an overview of the problems raised by the rigorous system design of mixed HW/SW systems. Then, it presents a unified abstract framework for addressing these problems by identifying main research avenues.",openalex,llm,0.950,unreviewed,,doi:10.1109/jproc.2015.2484060
kept,The University of Alberta user interface management system,Mark Alan Green,1985,ACM SIGGRAPH Computer Graphics,10.1145/325165.325286,https://openalex.org/W2118458397,supports-claim,"In this paper the design and implementation of the University of Alberta user interface management system (UIMS) is discussed. This UIMS is based on the Seeheim model of user interfaces, which divides the user interface into three separate components. The Seeheim model of user interfaces is discussed along with its relationship to the design of UIMSs. The techniques used to design the three user interface components are briefly presented. A mixture of interactive and written notations are used in the design of the user interface. Some interesting features of this UIMS are interactive screen and menu layout, support for three dialogue notations, flexible interface to the application program, ability to adapt to different users, and the use of concurrent processes in user interface implementation The techniques used in the implementation of this UIMS are discussed.",openalex,llm,0.970,unreviewed,,doi:10.1145/325165.325286
