status,title,authors,year,venue,doi,url,tags,abstract,provider,decision_source,llm_confidence,llm_review_outcome,llm_change_direction,paper_id
discarded,Learning to Grade Student Programs in a Massive Open Online Course,Anna Drummond; Yanxin Lu; Swarat Chaudhuri; Christopher Jermaine; Joe Warren; Scott Rixner,2014,2014 IEEE International Conference on Data Mining,10.1109/ICDM.2014.142,https://ieeexplore.ieee.org/document/7023401/,adjacent-subtopic,"We study the problem of automatically evaluating the quality of computer programs produced by students in a very large, online, interactive programming course (or ""MOOC""). Automatically evaluating interactive programs (such as computer games) is not easy because such programs lack any sort of well-defined logical specification. As an alternative, we devise some simple statistical approaches to assigning a score to a student-produced code.",ieee,llm,0.920,unreviewed,,doi:10.1109/icdm.2014.142
discarded,Jsvee & Kelmu: Creating and Tailoring Program Animations for Computing Education,Teemu Sirkiä,2016,2016 IEEE Working Conference on Software Visualization (VISSOFT),10.1109/VISSOFT.2016.24,https://ieeexplore.ieee.org/document/7780155/,adjacent-subtopic,"To learn to program, a novice programmer must understand the dynamic, runtime aspect of program code, a so-called notional machine. Understanding the machine can be easier when it is represented graphically, and tools have been developed to this end. However, these tools typically support only one programming language and do not work in a web browser. In this article, we present the functionality and technical implementation of the two visualization tools. First, the language-agnostic and extensible Jsvee library helps educators visualize notional machines and create expression-level program animations for online course materials. Second, the Kelmu toolkit can be used by ebook authors to augment automatically generated animations, for instance by adding annotations such as textual explanations and arrows. Both of these libraries have been used in introductory programming courses, and there is preliminary evidence that students find the animations useful.",ieee,llm,0.870,unreviewed,,doi:10.1109/vissoft.2016.24
discarded,Computer Network Comprehensive Experiment Design Focusing on Program Implementation,Wei Xu; Jianliang Lu,2022,2022 IEEE 5th International Conference on Information Systems and Computer Aided Education (ICISCAE),10.1109/ICISCAE55891.2022.9927536,https://ieeexplore.ieee.org/document/9927536/,adjacent-subtopic,"In the course teaching, it is found that most of the current computer network experiment teaching uses virtual simulation software such as Wireshark and Packet Tracer to conduct verification experiments, and lacks the source code program design experiments. Simple verification experiments are not difficult enough to exercise students' engineering ability and innovation ability. Stanford University CS144 course experiment, let students use source code programming to complete the design of TCP protocol and netwrok router step by step, this hard-core experimental method can allow students to deeply understand the operating mechanism of the network. Since the CS144 experimental framework has been shared on the Internet for several years, there are many reference codes on the Internet. In order to improve the effectiveness of the experiment, the teaching group specially designed two comprehensive experiments based on the CS144 experiment framework. The designed comprehensive experiment includes routing information protocol experiment and routing table search algorithm experiment. The comprehensive experimental framework requires students to use C++ language to realize the main functions of routing information protocol and routing table search algorithm, and a special testbed is designed to test the students' codes. Through the use of comprehensive experiments, it will help students master the underlying logic and details of network technology, become familiar with the methods of computer network programming, and help students improve their engineering practice ability and innovation ability.",ieee,llm,0.970,unreviewed,,doi:10.1109/iciscae55891.2022.9927536
discarded,Generative Goal Modeling,Ateeq Sharfuddin; Travis Breaux,2025,2025 IEEE 33rd International Requirements Engineering Conference (RE),10.1109/RE63999.2025.00019,https://ieeexplore.ieee.org/document/11190335/,adjacent-subtopic,"In software engineering, requirements may be acquired from stakeholders through elicitation methods, such as interviews, observational studies, and focus groups. When supporting acquisition from interviews, business analysts must review transcripts to identify and document requirements. Goal modeling is a popular technique for representing early stakeholder requirements as it lends itself to various analyses, including refinement to map high-level goals into software operations, and conflict and obstacle analysis. In this paper, we describe an approach to use textual entailment to reliably extract goals from interview transcripts and to construct goal models. The approach has been evaluated on 15 interview transcripts across 29 application domains. The findings show that GPT-4o can reliably extract goals from interview transcripts, matching 62.0% of goals acquired by humans from the same transcripts, and that GPT-4o can trace goals to originating text in the transcript with 98.7% accuracy. In addition, when evaluated by human annotators, GPT-4o generates goal model refinement relationships among extracted goals with 72.2% accuracy.",ieee,llm,0.990,unreviewed,,doi:10.1109/re63999.2025.00019
discarded,A visualization system of source codes using FOL,Min-Jung Bae; Jeong-Hoon Ji; Gyun Woo,2008,2008 8th IEEE International Conference on Computer and Information Technology,10.1109/CIT.2008.4594785,https://ieeexplore.ieee.org/document/4594785/,adjacent-subtopic,"It is a tedious and time-consuming task to understand the source code of a program, even for programming experts. Not a few methods suggested measuring the complexity of a source code, namely software metrics. But, every software metrics focuses on a specific facet of the source code and it also needs a specific knowledge of the software metric discipline to understand the metric values. In some cases, however, we’d like to get a glance of the complexity of the structure of a program without a specific knowledge or a burden of analyzing the details of the program structure. This paper suggests a new visualization method which is based on FOL (flower of life) diagram. The visualization result is intuitive for programming novices and can be presented in different levels of details. Further, we suggested a method to measure the complexity of the visualization result. According to the experimental results, the correlation between the complexity of the FOL diagram and the execution time of programs is in a meaningful range.",ieee,llm,0.940,unreviewed,,doi:10.1109/cit.2008.4594785
discarded,Compact Filtering Planar Inverted-F Antenna Array with Enhanced Isolation,Zheyuan Xu; Xiyao Liu,2025,2025 IEEE International Workshop on Electromagnetics: Applications and Student Innovation Competition (iWEM),10.1109/iWEM65640.2025.11168003,https://ieeexplore.ieee.org/document/11168003/,off-topic-false-hit,"This paper presents a filtering Planar Inverted-F Antenna (PIFA) array with an edge-to-edge distance of ${0.042} {\lambda}_{0}$. This design features a traditional PIFA with a U-shape slot etched on the upper layer and three parasitic strips on the bottom. The antenna has total dimensions of ${0.12} {\lambda}_0 \times {0.38} {\lambda}_0 \times {0.012}{\lambda_{0}}$. Its simulated average realized gain and out-of-band suppression level are 1.5 dBi and over 19 dB, respectively. Based on the element, a filtering MIMO array by using a neutralization line (NL) is obtained. Simulated results indicate that the isolation between two elements is improved from 10 dB to 20 dB, with a −10 dB impedance bandwidth of 13.3%. Meanwhile, a stable omnidirectional radiation pattern is also obtained.",ieee,llm,1.000,unreviewed,,doi:10.1109/iwem65640.2025.11168003
discarded,A TGV-Based High Gain THz End-Fire Antennain-Package with Parabolic Reflector and Inverted-T-Shaped Directors,Gang Zhuang; Ya Fei Wu; Yu Jian Cheng,2025,2025 IEEE International Workshop on Electromagnetics: Applications and Student Innovation Competition (iWEM),10.1109/iWEM65640.2025.11168077,https://ieeexplore.ieee.org/document/11168077/,off-topic-false-hit,"This paper proposes a high gain terahertz (THz) end-fire antenna-in-package (AiP) with parabolic reflector and inverted-T-shaped directors based on through glass via (TGV) technology. The antenna employs a monopole radiator utilizing TGV technology, achieving enhanced end-fire radiation characteristics through a parabolic reflector configuration and inverted-T-shaped directors. Simulation results demonstrate that the proposed design exhibits an −10 dB impedance bandwidth of 203–243 GHz, with a peak realized gain of 8.76 dBi at 230 GHz. The overall size of the proposed antenna is $\boldsymbol{\lambda_0 \times 0.86 \lambda_0 \times 0.15 \lambda_0}$.",ieee,llm,1.000,unreviewed,,doi:10.1109/iwem65640.2025.11168077
discarded,Malsight: Exploring Malicious Source Code and Benign Pseudocode for Iterative Binary Malware Summarization,Haolang Lu; Hongrui Peng; Guoshun Nan; Jiaoyang Cui; Cheng Wang; Weifei Jin; Songtao Wang; Shengli Pan; Xiaofeng Tao,2025,IEEE Transactions on Information Forensics and Security,10.1109/TIFS.2025.3583552,https://ieeexplore.ieee.org/document/11052730/,adjacent-subtopic,"Binary malware summarization aims to automatically generate human-readable descriptions of malware behaviors from executable files, facilitating tasks like malware cracking and detection. Previous methods based on Large Language Models (LLMs) have shown great promise. However, they still face significant issues, including poor usability, inaccurate explanations, and incomplete summaries, primarily due to the obscure pseudocode structure and the lack of malware training summaries. Further, calling relationships between functions, which involve the rich interactions within a binary malware, remain largely underexplored. To this end, we propose Malsight, a novel code summarization framework that can iteratively generate descriptions of binary malware by exploring malicious source code and benign pseudocode. Specifically, we construct the first malware summary dataset, MalS and MalP, using an LLM and manually refine this dataset with human effort. At the training stage, we tune our proposed MalT5, a novel LLM-based code model, on the MalS and benign pseudocode datasets. Then, at the test stage, we iteratively feed the pseudocode functions into MalT5 to obtain the summary. Such a procedure facilitates the understanding of pseudocode structure and captures the intricate interactions between functions, thereby benefiting summaries’ usability, accuracy, and completeness. Additionally, we propose a novel evaluation benchmark, BLEURT-sum, to measure the quality of summaries. Experiments on three datasets show the effectiveness of the proposed Malsight. Notably, our proposed MalT5, with only 0.77B parameters, delivers comparable performance to much larger Code-Llama.",ieee,llm,0.990,unreviewed,,doi:10.1109/tifs.2025.3583552
discarded,"Godot 4 Best Practices: Practical techniques and strategies for efficient, scalable game development",Robert Henning; Nathan Hoad,2026,"Godot 4 Best Practices: Practical techniques and strategies for efficient, scalable game development",,https://ieeexplore.ieee.org/document/11600791/,adjacent-subtopic,"Elevate your Godot 4 development skills with SOLID principles, game architecture patterns, and scalable workflows. Learn to create maintainable systems, organize projects, and build release-ready games that grow beyond prototypes Free with your book: DRM-free PDF version + access to Packt's next-gen Reader*Key FeaturesApply SOLID principles and proven design patterns in Godot 4Build scalable game architecture using components, events, and servicesRefactor prototypes into maintainable, production-ready projectsBook DescriptionMany Godot projects start as quick prototypes but become difficult to maintain as they grow. Deep node hierarchies, tightly coupled scripts, and expanding gameplay systems can slow development and make it harder to add features, fix bugs, and ship with confidence. Godot 4 Best Practices addresses those challenges by focusing on architectural practices that help projects stay scalable and maintainable. You’ll start by applying the SOLID principles to Godot’s node and script model, learning when to choose scenes or scripts, how to keep hierarchies shallow, and when data-driven Resources are a better fit than extra nodes. Next, you’ll implement core design patterns, including signals and notifications for decoupling, state machines, strategy-based AI, and swapping deep inheritance for modular components. You’ll also apply Factories, Builders, Commands, and Services with clear Godot examples, so systems stay flexible and testable. Finally, you’ll structure larger projects with data-driven saves and preferences, as well as layered gameplay architecture to avoid God classes. By the end, you’ll write cleaner GDScript, organize large scenes with confidence, and build systems that are easier to test, maintain, and extend. No hype—just proven practices for building Godot projects that scale. *Email sign-up and proof of purchase requiredWhat you will learnApply SOLID principles in Godot's node and script systemDecide when to use scenes, scripts, or Resources for logicUse signals, State, and Strategy patterns for gameplay logicBuild modular, component-based systems over inheritanceAutomate instancing with Factory and Builder patternsDecouple input, audio, and saves with Command and Service patternsSeparate logic from data with Resources and data-driven designStructure gameplay systems using scalable architectural patternsWho this book is forThis book is ideal for intermediate and advanced Godot developers who already know how to make simple games but want to adopt professional practices for larger, more complex projects. It is especially useful for indie developers, technical leads, and small teams who need scalable workflows, as well as educators and advanced students who want to learn how to apply SOLID principles and design patterns in Godot. If you’ve ever struggled with messy prototypes, monolithic scripts, or unscalable Scene Trees, this book will show you how to organize, refactor, and future-proof your projects.",ieee,llm,0.940,unreviewed,,hash:9b3a2d58e0b3fc35
discarded,Towards Bidirectional Live Programming for Incomplete Programs,Xing Zhang; Zhenjiang Hu,2022,2022 IEEE/ACM 44th International Conference on Software Engineering (ICSE),10.1145/3510003.3510195,https://ieeexplore.ieee.org/document/9794025/,adjacent-subtopic,"Bidirectional live programming not only allows software developers to see continuous feedback on the output as they write the program, but also allows them to modify the program by directly manipulating the output, so that the modified program can get the output that was directly manipulated. Despite the appealing of existing bidirectional live programming systems, there is a big limitation: they cannot deal with incomplete programs where code blanks exist in the source programs. In this paper, we propose a framework to support bidirectional live programming for incomplete programs, by extending the output value structure, introducing hole binding, and formally defining bidirectional evaluators that are well-behaved. To illustrate the usefulness of the framework, we realize the core bidirectional evaluations of incomplete programs in a tool called Bidirectional Preview. Our experimental results show that our extended back-ward evaluation for incomplete programs is as efficient as that for complete programs in that it is only $21 ms$ slower on a program with 10 holes than that on its full program, and our extended forward evaluation makes no difference. Furthermore, we use quick sort and student grades, two nontrivial examples of incomplete programs, to demonstrate its usefulness in algorithm teaching and program debugging.",ieee,llm,0.980,unreviewed,,doi:10.1145/3510003.3510195
discarded,Design and Implementation of a Programmable Dynamic Geometry System with Support for Reverse Debugging,Xiuxiu Zhang; Xiaowei Guan; Ying Wang; Hao Guan,2024,2024 International Symposium on Digital Home (ISDH),10.1109/ISDH64927.2024.00053,https://ieeexplore.ieee.org/document/10908001/,adjacent-subtopic,"Dynamic geometry systems (DGS) are widely used in mathematics education to enhance students' thinking skills through geometric exploration. Integrating programming into DGS fosters both mathematical and computational thinking. However, research on reverse debugging design for programmable dynamic geometry systems is limited, and existing systems fail to meet the needs for operation reversal. To address this, this paper proposes a programming environment that supports reverse debugging, aiming to overcome the limitations of current programmable dynamic geometry systems in debugging. We abstracted dynamic geometry operations and defined three types of drawing instructions. To ensure sequential execution and debugging, we designed a debuggable sequential execution algorithm, followed by a reverse debugging control algorithm. The effectiveness of the system is verified by experiments.",ieee,llm,0.960,unreviewed,,doi:10.1109/isdh64927.2024.00053
discarded,Compact Rectifier Extended Frequency and Power Ranges Based on Lange Coupler,Shao Fei Bo; Jun-Hui Ou; Xiu Yin Zhang,2021,2021 IEEE International Workshop on Electromagnetics: Applications and Student Innovation Competition (iWEM),10.1109/iWEM53379.2021.9790615,https://ieeexplore.ieee.org/document/9790615/,off-topic-false-hit,"A compact rectifier with extended ranges of frequency and power is presented. By the adoption of a grounded Lange coupler and wideband impedance matching network, the proposed rectifier achieves high efficiency at wide ranges of frequency and power. Mechanism of the rectifier is studied and the experimental verification is carried out. Measured results exhibit that, within the frequency range of 1.0 – 2.7 GHz and power range of 5.2 – 23.0 dBm, the rectifying efficiency maintains over 70% of its maximum values. The size of the rectifier is 0.28 × 0.16 $\lambda _c^2$.",ieee,llm,1.000,unreviewed,,doi:10.1109/iwem53379.2021.9790615
discarded,Toward A More Scalable End-User Scripting Language,Alessandro Warth; Takashi Yamamiya; Yoshiki Ohshima; Scott Wallace,2008,"Sixth International Conference on Creating, Connecting and Collaborating through Computing (C5 2008)",10.1109/C5.2008.33,https://ieeexplore.ieee.org/document/4459482/,adjacent-subtopic,"End-user scripting languages are relatively easy to learn, but have limited expressive power. Tile-based scripting systems are particularly accessible to beginners, but usually are very limited in scope and usually lack extensibility, and for some tasks the tile idiom becomes cumbersome. Conventional programming languages used by computer professionals are far more powerful, but at the cost of additional complexity and limited environmental support, which place them out of the casual programmer's reach. This paper presents TileScript, an attempt to combine the accessibility of a tile-based programming interface with the leverage of a full textual programming language and with a simple means of extension, making it potentially an appealing tool for the novice programmer without sacrificing any expressiveness. All TileScript programs, whether built originally with tiles or textually, can always be edited both graphically via a drag-and-drop tile interface and textually, and the user can freely switch back and forth between tile and textual representations at any time. Additionally TileScript's simple yet powerful extensibility mechanisms allow the language to be used to tackle problems that would normally be out of the scope of an end-user scripting language.",ieee,llm,0.820,unreviewed,,doi:10.1109/c5.2008.33
discarded,GLAF: A Visual Programming and Auto-tuning Framework for Parallel Computing,Konstantinos Krommydas; Ruchira Sasanka; Wu-Chun Feng,2015,2015 44th International Conference on Parallel Processing,10.1109/ICPP.2015.95,https://ieeexplore.ieee.org/document/7349641/,adjacent-subtopic,"The past decade's computing revolution has delivered parallel hardware to the masses. However, the ability to exploit its capabilities and ignite scientific breakthrough at a proportionate level remains a challenge due to the lack of parallel programming expertise. Although different solutions have been proposed to facilitate harvesting the seeds of parallel computing, most target seasoned programmers and ignore the special nature of a target audience like domain experts. This paper addresses the challenge of realizing a programming abstraction and implementing an integrated development framework for this audience. We present GLAF -- a grid-based language and auto-parallelizing, auto-tuning framework. Its key elements are its intuitive visual programming interface, which attempts to render expressing and validating an algorithm easier for domain experts, and its ability to automatically generate efficient serial and parallel Fortran and C code, including potentially beneficial code modifications (e.g., With respect to data layout). We find that the above features assist novice programmers to avoid common programming pitfalls and provide fast implementations.",ieee,llm,0.940,unreviewed,,doi:10.1109/icpp.2015.95
