status,title,authors,year,venue,doi,url,tags,abstract,provider,decision_source,llm_confidence,llm_review_outcome,llm_change_direction,paper_id
discarded,Education Technology: An Evidence-Based Review,Maya Escueta; Vincent Quan; Andre Joshua Nickow; Philip Oreopoulos,2017,National Bureau of Economic Research,10.3386/w23744,https://openalex.org/W2753127894,adjacent-subtopic,"In recent years, there has been widespread excitement around the potential for technology to transform learning.As investments in education technology continue to grow, students, parents, and teachers face a seemingly endless array of education technologies from which to choosefrom digital personalized learning platforms to educational games to online courses.Amidst the excitement, it is important to step back and understand how technology can help-or in some cases hinder-how students learn.This review paper synthesizes and discusses experimental evidence on the effectiveness of technology-based approaches in education and outlines areas for future inquiry.In particular, we examine RCTs across the following categories of education technology: (1) access to technology, (2) computer-assisted learning, (3) technology-enabled behavioral interventions in education, and (4) online learning.While this review focuses on literature from developed countries, it also draws upon extensive research from developing countries.We hope this literature review will advance the knowledge base of how technology can be used to support education, outline key areas for new experimental research, and help drive improvements to the policies, programs, and structures that contribute to successful teaching and learning.",openalex,llm,0.990,unreviewed,,doi:10.3386/w23744
discarded,Effects of Computer Competency on Usability and Learning Experience in Online Learning Environments,G. Meiselwitz; G. Trajkovski,2006,"Seventh ACIS International Conference on Software Engineering, Artificial Intelligence, Networking, and Parallel/Distributed Computing (SNPD'06)",10.1109/SNPD-SAWN.2006.37,https://ieeexplore.ieee.org/document/1640714/,adjacent-subtopic,"Many institutions in higher education are offering at least some of their curriculum online and use online course management systems to support these learning environments. Successful participation in online learning depends on many factors, and may especially be influenced by the degree of computer competency users bring with them to the learning environment. The purpose of this study is to evaluate the effects of several areas of computer competency on student learning experiences and learning environment usability in online learning environments. Subject of evaluation was a multi-section course consisting of eight sections taught in hybrid format; approximately 50% of course work was conducted using the World Wide Web. Results of the study have direct implications in online course design and development.",ieee,llm,0.990,unreviewed,,doi:10.1109/snpd-sawn.2006.37
discarded,Adaptive Synaptic Scaling in Spiking Networks for Continual Learning and Enhanced Robustness,Mingkun Xu; Faqiang Liu; Yifan Hu; Hongyi Li; Yuanyuan Wei; Shuai Zhong; Jing Pei; Lei Deng,2025,IEEE Transactions on Neural Networks and Learning Systems,10.1109/TNNLS.2024.3373599,https://ieeexplore.ieee.org/document/10479209/,off-topic-false-hit,"Synaptic plasticity plays a critical role in the expression power of brain neural networks. Among diverse plasticity rules, synaptic scaling presents indispensable effects on homeostasis maintenance and synaptic strength regulation. In the current modeling of brain-inspired spiking neural networks (SNN), backpropagation through time is widely adopted because it can achieve high performance using a small number of time steps. Nevertheless, the synaptic scaling mechanism has not yet been well touched. In this work, we propose an experience-dependent adaptive synaptic scaling mechanism (AS-SNN) for spiking neural networks. The learning process has two stages: First, in the forward path, adaptive short-term potentiation or depression is triggered for each synapse according to afferent stimuli intensity accumulated by presynaptic historical neural activities. Second, in the backward path, long-term consolidation is executed through gradient signals regulated by the corresponding scaling factor. This mechanism shapes the pattern selectivity of synapses and the information transfer they mediate. We theoretically prove that the proposed adaptive synaptic scaling function follows a contraction map and finally converges to an expected fixed point, in accordance with state-of-the-art results in three tasks on perturbation resistance, continual learning, and graph learning. Specifically, for the perturbation resistance and continual learning tasks, our approach improves the accuracy on the N-MNIST benchmark over the baseline by 44% and 25%, respectively. An expected firing rate callback and sparse coding can be observed in graph learning. Extensive experiments on ablation study and cost evaluation evidence the effectiveness and efficiency of our nonparametric adaptive scaling method, which demonstrates the great potential of SNN in continual learning and robust learning.",ieee,llm,1.000,unreviewed,,doi:10.1109/tnnls.2024.3373599
discarded,Optimizing Lung Cancer Diagnosis Through Dimensionality Reduction and Transfer Learning,B Gunasundari; S Sathya; S Arun Kumar; Yarrabally Durga Bhargavi; Bojjodu Asha; V.S. Divya Sundar,2024,"2024 2nd International Conference on Advances in Computation, Communication and Information Technology (ICAICCIT)",10.1109/ICAICCIT64383.2024.10912383,https://ieeexplore.ieee.org/document/10912383/,off-topic-false-hit,"Globally, lung cancer is a major contributor to cancer-related deaths, making it one of the most fatal forms of the disease, primarily because diagnoses are often made in advanced stages due to the lack of early symptoms. Detecting diseases at an early stage is vital for increasing survival rates, as it significantly enhances treatment effectiveness and patient outcomes. Advances in diagnostic methods, including low-dose CT scans and machine learning models, are essential for detecting lung cancer earlier and improving survival chances. This study presents a system designed to address the challenge of using CT scan images To ensure prompt and accurate identification of lung cancer, a critical tool for identifying potential tumors. The proposed approach integrates UMAP for dimension reduction, which helps in managing the high-dimensional nature of CT scan images, and leverages transfer learning with fine-tuned EfficientNetB3 to enhance classification accuracy and efficiency. Dataset balancing is achieved through augmentation techniques to address class imbalance, a common issue in medical imaging datasets. Refining the parameters of the EfficientNetB3 model with pre-trained ImageNet weights, the model converges faster and delivers superior results. Additionally, a custom callback mechanism dynamically adjusts the learning rate as per the validation loss trends, aiding in the prevention of overfitting and ensuring effective optimization throughout training. The model records an accuracy level of $\mathbf{9 6. 3 \%}$, indicating its potential for accurate lung cancer detection. These results underscore the effectiveness of combining UMAP for dimension reduction, transfer learning, data balancing, and dynamic learning rate adjustments in overcoming the challenges of lung cancer diagnosis through computed tomography (CT) scan data.",ieee,llm,1.000,unreviewed,,doi:10.1109/icaiccit64383.2024.10912383
discarded,Energy-Efficient Ground-Air-Space Vehicular Crowdsensing by Hierarchical Multi-Agent Deep Reinforcement Learning With Diffusion Models,Yinuo Zhao; Chi Harold Liu; Tianjiao Yi; Guozheng Li; Dapeng Wu,2024,IEEE Journal on Selected Areas in Communications,10.1109/JSAC.2024.3459039,https://ieeexplore.ieee.org/document/10679184/,off-topic-false-hit,"The integrated ground-air-space (GAS) communications system can enhance post-disaster rescue and management efforts when traditional networks fail, by navigating unmanned ground vehicles (UGVs) and unmanned arieal vehicles (UAVs) to collaboratively collect sufficient data from point-of-interests (PoIs) in a timely manner. In this paper, we consider the GAS vehicular crowdsensing (VCS) campaign, where UGVs dispatch and callback UAVs periodically across multiple stops in the workzone, to maximize the total collected amount of data, geographic fairness while minimizing the energy consumption simultaneously. Specifically, we propose an energy-efficient, go-directed hierarchical multi-agent deep reinforcement learning (MADRL) method with discrete diffusion models called “gMADRL-VCS”, to optimize the high-level goal-conditioned navigation policies of UGVs, and the low-level long-term sensing strategies of UAVs. Extensive experimental results on two real-world datasets in Roma, Italy, and Hong Kong SAR, China show that gMADRL-VCS outperforms baselines in terms of energy efficiency, data collection ratio, energy consumption, and UAV-UGV cooperation factor.",ieee,llm,1.000,unreviewed,,doi:10.1109/jsac.2024.3459039
discarded,Mastering Vim: Efficient and effortless editing with Vim and Vimscript,Ruslan Osipov,2024,Mastering Vim: Efficient and effortless editing with Vim and Vimscript,,https://ieeexplore.ieee.org/document/10769268/,adjacent-subtopic,"Build applications with advanced movement, text operations, and IDE capabilities in Vim 9.0 and NeovimKey FeaturesDevelop proficiency in Vim and Vimscript for efficient text editingIntegrate Vim into your daily development workflow and customize it to suit your preferencesLearn through examples in Python code, explore scenarios with version control, and focus on the build/test flowPurchase of the print or Kindle book includes a free PDF eBookBook DescriptionDiscover what makes Vim one of the most popular text editors in the world, renowned for its blend of efficiency, customization, extensibility, and portability. With Mastering Vim, you’ll come to appreciate its extensive plugin system and seamless integration with various tools, which enable Vim to provide developers with an extensible and customizable development environment for programmers. This comprehensive guide to Vim will help you become more efficient at editing text: be it prose or code. Starting from the basics, advanced movement, and text operations, you’ll learn how Vim can be used as a full-fledged IDE. You’ll then progress to refactoring, debugging, building, testing, version control, plugins, and Vimscript through practical guidance. This second edition comes packed with fully revamped examples that are both engaging and easy to understand, complemented by drawings and diagrams that help to visualize the concepts covered in the book. Updated to cover Vim 9, this edition includes updated installation and troubleshooting instructions, along with examples in Vim9script. By the end of this Vim book, you’ll be well-versed in Vim and have the skills you need to build a complete application using this popular text editor.What you will learnBecome more efficient at navigating and editing textInstall and update Vim on Linux, Mac, Windows, and ChromeOS machinesIdentify which plugins you need and how to keep them organizedExplore and tailor Vim configurations to fit your needsWrite scripts to complement your workflow using VimscriptLearn that Vim is better than EmacsWho this book is forThis book is for software developers interested in using Vim in their workflow. Anyone new to Vim and looking to gain in-depth knowledge will find this guide useful. Basic familiarity with Python programming is beneficial but not necessary to get started.",ieee,llm,0.980,unreviewed,,hash:a0623e1c6d5571af
discarded,A Superficial Analysis Approach for Identifying Malicious Domain Names Generated by DGA Malware,Akihiro Satoh; Yutaka Fukuda; Toyohiro Hayashi; Gen Kitagata,2020,IEEE Open Journal of the Communications Society,10.1109/OJCOMS.2020.3038704,https://ieeexplore.ieee.org/document/9261614/,off-topic-false-hit,"Some of the most serious security threats facing computer networks involve malware. To prevent malware-related damage, administrators must swiftly identify and remove the infected machines that may reside in their networks. However, many malware families have domain generation algorithms (DGAs) to avoid detection. A DGA is a technique in which the domain name is changed frequently to hide the callback communication from the infected machine to the command-and-control server. In this article, we propose an approach for estimating the randomness of domain names by superficially analyzing their character strings. This approach is based on the following observations: human-generated benign domain names tend to reflect the intent of their domain registrants, such as an organization, product, or content. In contrast, dynamically generated malicious domain names consist of meaningless character strings because conflicts with already registered domain names must be avoided; hence, there are discernible differences in the strings of dynamically generated and human-generated domain names. Notably, our approach does not require any prior knowledge about DGAs. Our evaluation indicates that the proposed approach is capable of achieving recall and precision as high as 0.9960 and 0.9029, respectively, when used with labeled datasets. Additionally, this approach has proven to be highly effective for datasets collected via a campus network. Thus, these results suggest that malware-infected machines can be swiftly identified and removed from networks using DNS queries for detected malicious domains as triggers.",ieee,llm,1.000,unreviewed,,doi:10.1109/ojcoms.2020.3038704
discarded,Leftover curry and reheated Pizza: how functional programming nourishes software reuse,M. Odersky; P. Wadler,1998,Proceedings. Fifth International Conference on Software Reuse (Cat. No.98TB100203),10.1109/ICSR.1998.685724,https://ieeexplore.ieee.org/document/685724/,off-topic-false-hit,"Functional programmers and reuse engineers dine at the same table. Delicacies like type abstraction and higher order functions are meat and potatoes for those who need to reuse code parameterised by types and operations. The article starts with a review of modern functional languages. Isolation has given way to systems that interact with C and COM components. Code quality can rival C. Functional programs deliver calls in Brussels, route planes through Paris, and play CDs over networks at Cornell. The article then describes Pizza, an attempt to make functional ideas accessible to a wider community by embedding them in Java. Pizza contains Java as a subset, so it is easy to learn, and it compiles to the Java Virtual Machine, so it runs anywhere Java runs, including Web browsers. We focus on how Pizza is designed to add parametric types on top of existing Java libraries, enhancing reuse. Applications of functional languages have been described elsewhere (P. Wadler, 1998); the paper describes salient features of the latest version of Pizza.",ieee,llm,0.980,unreviewed,,doi:10.1109/icsr.1998.685724
discarded,"Functional Programming in C#, Second Edition",Enrico Buonanno,2021,"Functional Programming in C#, Second Edition",,https://ieeexplore.ieee.org/document/10280629/,adjacent-subtopic,"Real world examples and practical techniques for functional programming in C# without the jargon and theory. In Functional Programming in C#, Second Edition you will learn how to:  Use higher-order functions to reduce duplication and do more with less code Use pure functions to write code that is easy to test and optimize Write pleasant APIs that accurately describe your program's behavior Use dedicated types to handle nullability, system errors, and validation rules predictably and elegantly Write composable code without the overhead of an IoC container   Functional Programming in C# has helped thousands of developers apply functional thinking to C# code. Its practical examples and spot-on treatment of FP concepts makes it the perfect guide for proficient C# programmers. This second edition is fully revised to cover new functional-inspired features in the most recent releases of C#, including tuples, async streams, pattern matching, and records. Each chapter is packed with awesome perspectives and epiphany moments on how functional programming can change the way you code.",ieee,llm,0.960,unreviewed,,hash:059a658c4c00087e
discarded,Interactive Dashboards and Data Apps with Plotly and Dash: Harness the power of a fully fledged frontend web framework in Python – no JavaScript required,Elias Dabbas,2021,Interactive Dashboards and Data Apps with Plotly and Dash: Harness the power of a fully fledged frontend web framework in Python – no JavaScript required,,https://ieeexplore.ieee.org/document/10163265/,adjacent-subtopic,"Build web-based, mobile-friendly analytic apps and interactive dashboards with PythonKey FeaturesDevelop data apps and dashboards without any knowledge of JavaScriptMap different types of data such as integers, floats, and dates to bar charts, scatter plots, and moreCreate controls and visual elements with multiple inputs and outputs and add functionality to the app as per your requirementsBook DescriptionPlotly's Dash framework is a life-saver for Python developers who want to develop complete data apps and interactive dashboards without JavaScript, but you'll need to have the right guide to make sure you’re getting the most of it. With the help of this book, you'll be able to explore the functionalities of Dash for visualizing data in different ways. Interactive Dashboards and Data Apps with Plotly and Dash will first give you an overview of the Dash ecosystem, its main packages, and the third-party packages crucial for structuring and building different parts of your apps. You'll learn how to create a basic Dash app and add different features to it. Next, you’ll integrate controls such as dropdowns, checkboxes, sliders, date pickers, and more in the app and then link them to charts and other outputs. Depending on the data you are visualizing, you'll also add several types of charts, including scatter plots, line plots, bar charts, histograms, and maps, as well as explore the options available for customizing them. By the end of this book, you'll have developed the skills you need to create and deploy an interactive dashboard, handle complexities and code refactoring, and understand the process of improving your application.What you will learnFind out how to run a fully interactive and easy-to-use appConvert your charts to various formats including images and HTML filesUse Plotly Express and the grammar of graphics for easily mapping data to various visual attributesCreate different chart types, such as bar charts, scatter plots, histograms, maps, and moreExpand your app by creating dynamic pages that generate content based on URLsImplement new callbacks to manage charts based on URLs and vice versaWho this book is forThis Plotly Dash book is for data professionals and data analysts who want to gain a better understanding of their data with the help of different visualizations and dashboards – and without having to use JS. Basic knowledge of the Python programming language and HTML will help you to grasp the concepts covered in this book more effectively, but it’s not a prerequisite.",ieee,llm,0.950,unreviewed,,hash:dcab11b98da6bd68
discarded,Proposal of a REST-Based Architecture Server to Control a Robot,Roger Esteller-Curto; Enric Cervera; Angel P. del Pobil; Raul Marin,2012,2012 Sixth International Conference on Innovative Mobile and Internet Services in Ubiquitous Computing,10.1109/IMIS.2012.130,https://ieeexplore.ieee.org/document/6296941/,adjacent-subtopic,"Middle wares such as Player and ROS are commonly used in network robotics applications in order to provide networking capabilities and other functionalities such as remote control, vision, and others. On the other hand, they introduce more complexity to the system and decrease the system performance. For that reason, the use of web services, remote procedure calls, or messaging can be considered as an alternative to minimize the system complexity and design a more specific architecture that works at a certain performance. In fact, using simple HTTP connections to a robot can be very adequate in education and training or benchmarking applications where the students and researchers must concentrate on the design of the system and have an easy way to interact with the robot. This article proposes a REST architecture used over a HTTP connection to control a robot and exchanging information using xml. That provide great advantages, using standard HTTP calls enhances the availability of the system, and increases the debug facilities. The REST architecture has some characteristics that sometimes can be seen as an advantage and other times as an inconvenient, it is very simple and stateless. As opposite to SOAP and other RPC servers, REST is based on resources, not on operations. The REST philosophy aims to access URIs through HTTP protocol using CRUD operations. On the other hand, there are functionalities not supported as the need of callbacks which can be solved with different approaches (polling or non-REST callbacks). The research is based on the experience of constructing a server to control a 6-degree of freedom FANUC robot, letting the robot be accessed by simple HTTP connections using a REST-based architecture.",ieee,llm,0.950,unreviewed,,doi:10.1109/imis.2012.130
