status,title,authors,year,venue,doi,url,tags,abstract,provider,decision_source,llm_confidence,llm_review_outcome,llm_change_direction,paper_id
discarded,Enterprise Resource Management in Mesos Clusters,"Abu-Dbai, Abed; Breitgand, David; Gershinsky, Gidon; Glikson, Alex; Ahmed, Khalid",2016,PROCEEDINGS OF THE 9TH ACM INTERNATIONAL SYSTEMS AND STORAGE CONFERENCE (SYSTOR'16),10.1145/2928275.2933272,https://www.webofscience.com/wos/woscc/full-record/WOS:000392281700017,off-topic-false-hit,"Enterprise data centers increasingly adopt a cloud-like architecture that enables the execution of multiple workloads on a shared pool of resources, reduces the data center footprint and drives down the costs. A number of cluster resource managers have appeared over the last few years, aimed at providing a uniform technology-neutral resource representation and management substrate. Examples include Apache YARN, Google Borg and Omega, Apache Mesos, and IBM Platform EGO.

The Apache Mesos project [2] is emerging as a leading open source resource management technology for server clusters. Mesos offers simple yet powerful and flexible APIs, highly available and fault tolerant architecture, scalability to large clusters, isolation between tasks using Linux containers, multi-dimensional resource scheduling, ability to allocate shares of the cluster to roles representing users or user groups, and a clear separation of concerns between the applications (termed frameworks) and the ""cluster kernel"", which is Mesos. The resource scheduler of Mesos supports a generalization of max-min fairness, termed Dominant Resource Fairness (DRF) [1] scheduling discipline, which allows to harmonize execution of heterogeneous workloads (in terms of resource demand) by maximizing the share of any resource allocated to a specific framework.

However, the default Mesos allocation mechanism lacks a number of policy and tenancy capabilities, important in enterprise deployments. We have investigated integration of Mesos with the IBM EGO (enterprise grid orchestrator) technology [3] which underpins various high performance computing, analytics and big data clusters in a variety of industry verticals including financial services, life sciences, manufacturing and electronics. We have designed and implemented an experimental integration prototype, and have tested it with SparkBench workloads. We demonstrate how Mesos can be enriched with new resource policy capabilities, required for managing enterprise data centers, such as

Capturing of the hierarchical structure of an enterprise (organisations, departments, groups, teams, users) by defining the corresponding resource consumer tree;

A fine grained resource plan allowing to define resource share ratio, ownership and lending/borrowing policies for each resource consumer;

A rich set of resource management policies making use of the hierarchical resource consumer model and providing fairness and isolation to the members of hierarchy including an important ability to dynamically change the allocations (time-based policy);

AWeb-based GUI providing a centralized console through which the whole cluster is observed and managed. In particular, the cluster-wide resource management policies are applied through this GUI.",wos,llm,0.990,unreviewed,,doi:10.1145/2928275.2933272
kept,Semantic User Interfaces,"Tilly, Karoly; Porkolab, Zoltan",2012,ENTERPRISE INFORMATION SYSTEMS AND ADVANCING BUSINESS SOLUTIONS: EMERGING MODELS,10.4018/978-1-4666-1761-2.ch015,https://www.webofscience.com/wos/woscc/full-record/WOS:000424113000016,supports-claim,"Semantic User Interfaces (SUIs), are sets of interrelated, static, domain specific documents having layout and content, whose interpretation is defined through semantic decoration. SUIs are declarative in nature. They allow program composition by the user herself at the user interface level. The operation of SUI based applications follow a service oriented approach. SUI elements referenced in user requests are automatically mapped to reusable service provider components, whose contracts are specified in domain ontologies. This assures semantic separation of user interface components from elements of the underlying application system infrastructure, which allows full separation of concerns during system development; real, application independent, reusable components; user editable applications and generic learnability. This article presents the architecture and components of a SUI framework, basic elements of SUI documents and relevant properties of domain ontologies for SUI documents. The basics of representation and operation of SUI applications are explained through a motivating example.",wos,llm,0.930,unreviewed,,doi:10.4018/978-1-4666-1761-2.ch015
kept,Semantic User Interfaces,"Tilly, Karoly; Porkolab, Zoltan",2010,INTERNATIONAL JOURNAL OF ENTERPRISE INFORMATION SYSTEMS,10.4018/jeis.2010120203,https://www.webofscience.com/wos/woscc/full-record/WOS:000212228500003,supports-claim,"Semantic User Interfaces (SUIs), are sets of interrelated, static, domain specific documents having layout and content, whose interpretation is defined through semantic decoration. SUIs are declarative in nature. They allow program composition by the user herself at the user interface level. The operation of SUI based applications follow a service oriented approach. SUI elements referenced in user requests are automatically mapped to reusable service provider components, whose contracts are specified in domain ontologies. This assures semantic separation of user interface components from elements of the underlying application system infrastructure, which allows full separation of concerns during system development; real, application independent, reusable components; user editable applications and generic learnability. This article presents the architecture and components of a SUI framework, basic elements of SUI documents and relevant properties of domain ontologies for SUI documents. The basics of representation and operation of SUI applications are explained through a motivating example.",wos,llm,0.930,unreviewed,,doi:10.4018/jeis.2010120203
kept,Software Support for User Interface Description Language,"Coyette, Adrien; Faure, David; Gonzalez-Calleros, Juan; Vanderdonckt, Jean",2011,"HUMAN-COMPUTER INTERACTION - INTERACT 2011, PT IV",,https://www.webofscience.com/wos/woscc/full-record/WOS:000392249500142,supports-claim,"A User Interface Description Language (UIDL) is a formal language used in Human-Computer Interaction (HCI) in order to describe a particular user interface independently of any implementation. Considerable research effort has been devoted to defining various meta-models in order to define rigorously the semantics of a UIDL. These meta-models adhere to the principle of separation of concerns. Any aspect of concern should univocally fall into one of the following meta-models: context of use (user, platform, environment), task, domain, abstract user interface, concrete user interface, usability (including accessibility), workflow, organization, evolution, program, transformation, and mapping. Not all these meta-models should be used concurrently, but may be manipulated during different steps of a user interface development method. In order to support this kind of development method, software is required throughout the user interface development life cycle in order to create, edit, check models that are compliant with these meta-models and to produce user interfaces out of these methods. This workshop is aimed at reviewing the state of the art of software support for a UIDL in the context of any development method (e.g., formal method, model-based, model-driven). From this review, a taxonomy of software support for UIDLs will emerge that will serve for describing, comparing, and exploring software support for UIDLs.",wos,llm,0.880,unreviewed,,hash:97b3b65c11b09e09
discarded,Engineering Accessible Web Applications. An Aspect-Oriented Approach,"Martin, Adriana; Rossi, Gustavo; Cechich, Alejandra; Gordillo, Silvia",2010,WORLD WIDE WEB-INTERNET AND WEB INFORMATION SYSTEMS,10.1007/s11280-010-0091-3,https://www.webofscience.com/wos/woscc/full-record/WOS:000281394200002,adjacent-subtopic,"The development of accessible Web software is complicated for several reasons. Though some of them are technological, the majority are related with the need to compose different and, many times, unrelated design concerns which may be functional as in the case of most of the specific application's requirements, or non-functional such as Accessibility itself. In this paper, we present a novel approach to conceive, design and develop Accessible Web applications in an aspect-oriented manner. In order to reach our goal, we provide some modeling techniques that we specifically developed for handling the non-functional, generic and crosscutting characteristics of the Accessibility concerns. Specifically, we have enriched User Interaction Diagrams with integration points, which are used to reason and document Accessibility for activity modeling during user interface design. Then by instantiating a Softgoal Interdependency Graph template with association tables, we work on an abstract interface model (composed by ontology widgets) to obtain a concrete and accessible interface model for the Web application being developed. We use a real application example to illustrate our ideas and point out the advantages of a clear separation of concerns throughout the development life-cycle.",wos,llm,0.950,unreviewed,,doi:10.1007/s11280-010-0091-3
kept,Bridging the Gap: Empowering Use Cases with Task Models,"Sinnig, Daniel; Mizouni, Rabeb; Khendek, Ferhat",2010,EICS 2010: PROCEEDINGS OF THE 2010 ACM SIGCHI SYMPOSIUM ON ENGINEERING INTERACTIVE COMPUTING SYSTEMS,,https://www.webofscience.com/wos/woscc/full-record/WOS:000286907500039,supports-claim,"Use cases have become the standard for modeling functional requirements, whereas task models are used to capture UI requirements. Despite recent advances, software engineering (SE) and user interface (UI) design methods are poorly integrated making it difficult for SE and UI teams to collaborate, synchronize their efforts and avoid inconsistencies. To address these issues, we propose an integrated development methodology for use cases and task models. Both artifacts are used to specify software requirements, but emphasize two different aspects in a complementary manner. The integration consists of using CTT task models to iteratively enrich UI related steps in the use case model. We demonstrate that such an approach allows for a clear separation of concerns and therefore avoids potential inconsistencies between the two artifacts.",wos,llm,0.830,unreviewed,,hash:c9d51c022192d8b1
kept,Enriching Use Cases with CTTs,"Mizouni, Rabeb; Sinnig, Daniel; Khendek, Ferhat",2010,2010 15TH IEEE INTERNATIONAL CONFERENCE ON ENGINEERING OF COMPLEX COMPUTER SYSTEMS (ICECCS 2010),10.1109/ICECCS.2010.39,https://www.webofscience.com/wos/woscc/full-record/WOS:000410029700031,supports-claim,"User interface (UI) development methods are poorly integrated with standard software engineering (SE) practices. Despite current efforts of closing the conceptual gap between these two disciplines, there is still a lack of methodologies supporting a collaborative and synchronized development approach. To address this shortcoming, we propose an integrated development methodology for use cases and task models. Use cases have become the standard to model functional requirements, whereas task models are used to specify UI requirements. Based on this understanding we propose using CTT task models to incrementally enrich the UI-related steps in the use case model, thus achieving a clear separation of concerns and avoiding potential inconsistencies between the two artifacts.",wos,llm,0.820,unreviewed,,doi:10.1109/iceccs.2010.39
discarded,Hypermedia presentation generation in Hera,"Frasincar, Flavius; Houben, Geert-Jan; Barna, Peter",2010,INFORMATION SYSTEMS,10.1016/j.is.2009.03.003,https://www.webofscience.com/wos/woscc/full-record/WOS:000271782700002,adjacent-subtopic,"Hera is a model-driven methodology for designing Semantic Web Information Systems (SWIS). Based on the principle of separation-of-concerns, Hera defines models to describe the different aspects of an SWIS. These models are represented using RDF, the foundation language of the Semantic Web. Hera is composed of two phases: the data collection phase, which integrates data from different sources, and the presentation generation phase, which builds a hypermedia presentation for the integrated data. The focus of this paper is on the hypermedia presentation generation phase and the associated model specifications. The Hera presentation generation phase has two variants: a static one that computes at once a full Web presentation, and a dynamic one that computes one-page-at-a-time by letting the user influence the next Web page to be presented. The dynamic variant proposes, in addition to the models from the static variant, new models to capture the data resulted from the user's interaction with the system. The implementation is based on a sequence of data transformations applied to the Hera models that eventually produces a hypermedia presentation. (C) 2009 Elsevier B.V. All rights reserved.",wos,llm,0.720,unreviewed,,doi:10.1016/j.is.2009.03.003
discarded,OBLIVIOUS INTEGRATION OF VOLATILE FUNCTIONALITY IN WEB APPLICATION INTERFACES,"Ginzburg, Jeronimo; Distante, Damiano; Rossi, Gustavo; Urbieta, Matias",2009,JOURNAL OF WEB ENGINEERING,,https://www.webofscience.com/wos/woscc/full-record/WOS:000264939300003,adjacent-subtopic,"Web applications are used to fast and continuous evolution. In response to new or changing requirements, additional code is developed and existing one is properly modified. When new requirements are temporary, i.e., when they specify some volatile functionality that is expected to be online only for some time and then removed, the additions and changes are destined to be later rolled back. This way to proceed, apart from being time and effort demanding, by involving the intrusive editing of the application's source code, brings along the risk of polluting it and introducing mistakes. In this paper, we present an approach to deal with volatile functionality in Web applications at the presentation level, based on oblivious composition of Web user interfaces. Our approach, which is inspired by well-known techniques for advanced separation of concerns such as aspect-oriented software design, allows to clearly separate the design of the application's core user interface from the one corresponding to more volatile functionality. Both core and volatile user interfaces are oblivious from each other and can be seamlessly composed using a transformation language. We show that in this way we simplify the application's evolution by preventing intrusive edition of the user interface code. Using some illustrative examples, we focus both on design and implementation issues, presenting an extension of the OOHDM design model that supports modular design of volatile functionality.",wos,llm,0.940,unreviewed,,hash:9b690c4a4b539d20
discarded,Panda: a Pattern-based Programming System for Automatic Code Generation,"Mazzeranghi, Daniele",2008,JOURNAL OF OBJECT TECHNOLOGY,,https://www.webofscience.com/wos/woscc/full-record/WOS:000214573800009,adjacent-subtopic,"This article provides an overview of a pattern-based programming system, named Panda, for automatic generation of high-level programming language code. Many code generation systems have been developed [2, 3, 4, 5, 6] that are able to generate source code by means of templates, which are defined by means of transformation languages such as XSL, ASP, etc. But these templates cannot be easily combined because they map parameters and code snippets provided by the programmer directly to the target programming language. On the contrary, the patterns used in a Panda program generate a code model that can be used as input to other patterns, thereby providing an unlimited capability of composition. Since such a composition may be split across different files or code units, a high degree of separation of concerns [15] can be achieved.

A pattern itself can be created by using other patterns, thus making it easy to develop new patterns. It is also possible to implement an entire programming paradigm, methodology or framework by means of a pattern library: design patterns [8], Design by Contract [12], Aspect-Oriented Programming [1, 11], multi-dimensional separation of concerns [13, 18], data access layer, user interface framework, class templates, etc. This way, developing a new programming paradigm does not require to extend an existing programming system (compiler, runtime support, etc.), thereby focusing on the paradigm concepts.

The Panda programming system introduces a higher abstraction level with respect to traditional programming languages: the basic elements of a program are no longer classes and methods but, for instance, design patterns and crosscutting concerns [1, 11].",wos,llm,0.960,unreviewed,,hash:53574e43dc1783a5
discarded,Modular specification of GUI layout using constraints,"Lutteroth, Christof; Weber, Gerald",2008,"ASWEC 2008: 19TH AUSTRALIAN SOFTWARE ENGINEERING CONFERENCE, PROCEEDINGS",,https://www.webofscience.com/wos/woscc/full-record/WOS:000255154800031,adjacent-subtopic,"The Auckland Layout Model (ALM) is a novel technique for specifying layout. It generalizes grid-based layouts as they are widely used for print layout as well as for GUI layout. Qualitatively, in ALM the focus switches from the cells of the grid to the tabstops between cells. Quantitatively, the model permits the specification of constraints based on linear algebra, and an optimal layout is calculated using linear programming. ALM provides several advantages for developers: first, it supports several different levels of abstraction through higher-level layout constructs that are automatically translated into the lower-level primitives of linear programming. The formalism of linear programming defines a clean separation of ALM's interface and its implementation. Second, the compositional nature of ALM allows developers to group parts of a specification that belong naturally together, resulting in a modular GUI specification. Our experience has shown that it is much harder to achieve a similar separation of concerns when using common GUI layout techniques.",wos,llm,0.940,unreviewed,,hash:008d959019ac6ae4
discarded,Modeling user interfaces with the XIS UML profile,"Martins, Carlos; da Silva, Alberto Rodrigues",2007,ICEIS 2007: PROCEEDINGS OF THE NINTH INTERNATIONAL CONFERENCE ON ENTERPRISE INFORMATION SYSTEMS,,https://www.webofscience.com/wos/woscc/full-record/WOS:000253307100020,adjacent-subtopic,"This paper discusses different User Interface design approaches. We describe how to design user interfaces, based on a MDD approach, by applying the XIS language. XIS is a coherent UML profile focused on model interactive systems. XIS integrates best practices and principles of the MDA/MDD paradigm to improve the User Interface design, such as separation of concerns, model-to-model and model-to-code transformations. In that way, we discuss some issues regarding the transformation processes, from XIS-based models into software systems artifacts.",wos,llm,0.840,unreviewed,,hash:0d2a2def0c7f6d97
discarded,Designing the interface of rich internet applications,"Urbieta, Matias; Rossi, Gustavo; Ginzburg, Jeronimo; Schwabe, Daniel",2007,"LA-WEB 2007: 5TH LATIN AMERICAN WEB CONGRESS, PROCEEDINGS",10.1109/LA-Web.2007.14,https://www.webofscience.com/wos/woscc/full-record/WOS:000252244100017,adjacent-subtopic,"In this paper we present a novel approach for designing the interface of rich internet applications. Our approach uses the Abstract Data Views (ADV) design model which allows to express at a high level of abstraction the structure and behaviors of the user interface. Additionally, by using advanced techniques for separation of concerns it allows to create complex interfaces as oblivious compositions of simple interface atoms. Using a simple illustrative example we present the rationale of our approach, its core stages and how it is integrated into the Object Oriented Hypermedia Design Method (OOHDM). Some implementation issues are finally analyzed",wos,llm,0.910,unreviewed,,doi:10.1109/la-web.2007.14
