status,title,authors,year,venue,doi,url,tags,abstract,provider,decision_source,llm_confidence,llm_review_outcome,llm_change_direction,paper_id
discarded,Choosing novice friendly sensors,Kimmo Karvinen,2018,International Journal of Electrical Engineering Education,10.1177/0020720918800821,https://openalex.org/W2892265304,adjacent-subtopic,"Using breakout physical computing toolkits, such as Arduino, has become a common practice of both engineers and non-engineers alike. While these development platforms solve many low-level challenges, getting started with embedded system prototyping may seem overwhelming for novices. Choosing novice friendly sensors can make a substantial difference. In this paper, a framework for selecting sensors for novice use is presented and accessibility obstacles are defined. Six learning barriers in end-user programming are adopted for evaluating obstacles effecting on novice usability. Four properties for evaluating sensors and to overcome the barriers are presented: protocol complexity, connection type and component size, understandable real-life phenomena measured and documentation. Sensor protocol complexity and documentation are identified as key factors affecting implementation challenges.",openalex,llm,0.960,unreviewed,,doi:10.1177/0020720918800821
discarded,SIDE-lib: A Library for Detecting Symptoms of Python Programming Misconceptions,Abigail C. Evans; Zihan Wang; Jieren Liu; Mingming Zheng,2023,,10.1145/3587102.3588838,https://openalex.org/W4382652750,adjacent-subtopic,"Extensive prior work has identified and described misconceptions held by novice programmers. Much of this prior work has involved at least some automatic detection of potential misconceptions using a variety of methods such as intercepting compiler error messages, pattern matching, and black-box testing. To the best of our knowledge, no independent and flexible tool for automatic detection of misconceptions is currently available to the research community, meaning that detection must be reimplemented from scratch for each new project that aims to understand or support novice programmers using automatic analysis. This is time-consuming work, particularly for misconceptions that require understanding of the context of a program beyond localised syntax patterns. In this paper, we introduce SIDE-lib, a standalone library for detecting symptoms of Python misconceptions. This library is made available with the goal of simplifying and speeding up research on Python misconceptions and the development of tools to support learning. We also describe example use cases for the library, including how we are using it in our ongoing research.",openalex,llm,0.920,unreviewed,,doi:10.1145/3587102.3588838
discarded,Do Current Online Coding Tutorial Systems Address Novice Programmer Difficulties?,Ohud Abdullah Alasmari; Jeremy Singer; Mireilla Bikanga Ada,2023,,10.1145/3629296.3629333,https://openalex.org/W4390870788,adjacent-subtopic,"Mastering programming skills is a multifaceted challenge, particularly for novice learners. While abundant existing literature examines students’ learning obstacles and proposes potential resolutions—predominantly through questionnaire-based methodologies—this study presents a fresh perspective. This paper focuses on identifying programming learning impediments as presented in the literature, paired with an exploration of the supportive features intrinsic to online coding platforms that could potentially mitigate these difficulties. The findings reveal that several of these online coding systems lack crucial features that could effectively address the learning difficulties experienced by novice programmers. This lack stresses an urgent call to create more robust and learner-centric environments that better facilitate the acquisition of programming skills for beginners, thus bridging the identified gap in the existing pedagogical tools.",openalex,llm,0.970,unreviewed,,doi:10.1145/3629296.3629333
discarded,"Discovering, Autogenerating, and Evaluating Distractors for Python Parsons Problems in CS1",David Horton Smith; Craig B. Zilles,2023,,10.1145/3545945.3569801,https://openalex.org/W4323033853,adjacent-subtopic,"In this paper, we make three contributions related to the selection and use of distractors (lines of code reflecting common errors or misconceptions) in Parsons problems. First, we demonstrate a process by which templates for creating distractors can be selected through the analysis of student submissions to short answer questions. Second, we describe the creation of a tool that uses these templates to automatically generate distractors for novel problems. Third, we perform a preliminary analysis of how the presence of distractors impacts performance, problem solving efficiency, and item discrimination when used in summative assessments. Our results suggest that distractors should not be used in summative assessments because they significantly increase the problem's completion time without a significant increase in problem discrimination.",openalex,llm,0.980,unreviewed,,doi:10.1145/3545945.3569801
discarded,iProgVR: Design of a Virtual Reality Environment to Improve Introductory Programming Learning,Chyanna Wee; Kian Meng Yap; Woan Ning Lim,2022,IEEE Access,10.1109/access.2022.3204392,https://openalex.org/W4294691590,adjacent-subtopic,"Currently, there are a plethora of solutions developed to help students learn the basics of programming. However, there is a relative paucity of solutions that cater to problems students face when learning programming that is mainly caused by the abstract nature of programming, misconceptions of programming concepts, and lack of motivation. Hence, in this study, a framework to address the abstract nature of programming and common programming misconceptions is developed. The framework consists of three modules that correspond to each issue, powered by a simulation engine. The first module is developed to address the abstract nature of programming by representing programming concepts with concrete objects in the virtual environment. The second module employs simulation techniques such as interactions and player perspectives to address common programming misconceptions. Lastly, the third module employs elements in the virtual environment to engage students when learning through the system. To evaluate the system, 60 participants were randomly divided into the control group (N=30) and the experimental group (N=30). Participants in the control group were taught using a video lecture while participants in the experimental group were taught using the developed intervention. Evaluation results gathered quantitatively indicated that the VR intervention was able to significantly increase programming concepts comprehension and address common programming misconceptions. Participants also rated the developed VR intervention to be significantly more engaging than the video lecture.",openalex,llm,0.940,unreviewed,,doi:10.1109/access.2022.3204392
discarded,A Survey on Teaching and Learning Recursive Programming,Christian Rinderknecht,2014,Informatics in Education,10.15388/infedu.2014.06,https://openalex.org/W2183370417,adjacent-subtopic,"We survey the literature about the teaching and learning of recursive programming. After a short history of the advent of recursion in programming languages and its adoption by programmers, we present curricular approaches to recursion, including a review of textbooks and some programming methodology, as well as the functional and imperative paradigms and the distinction between control flow vs. data flow. We follow the researchers in stating the problem with base cases, noting the similarity with induction in mathematics, making concrete analogies for recursion, using games, visualizations, animations, multimedia environments, intelligent tutoring systems and visual programming. We cover the usage in schools of the Logo programming language and the associated theoretical didactics, including a brief overview of the constructivist and constructionist theories of learning; we also sketch the learners' mental models which have been identified so far, and non-classical remedial strategies, such as kinesthesis and syntonicity. We append an extensive and carefully collated bibliography, which we hope will facilitate new research.",openalex,llm,0.980,unreviewed,,doi:10.15388/infedu.2014.06
discarded,Towards Automated Interactive Tutoring - Focussing on Misconceptions and Adaptive Level-Specific Feedback,Lea Jell; Corinna List; Michael F. Kipp,2023,,10.1145/3593663.3593692,https://openalex.org/W4379434830,adjacent-subtopic,"Programming is an essential cross-disciplinary skill, yet teaching it effectively in large classes can be challenging due to the need for close feedback loops. Identifying and addressing common misconceptions is particularly important during the initial stages of learning to program. While automated interactive tutoring systems have the potential to offer personalized tutoring at scale, current systems tend to emphasize errors and predefined solutions rather than focusing on common misconceptions. In this study, we introduce a novel platform centered on addressing misconceptions in programming education. We describe methods for detecting misconceptions using Abstract Syntax Trees (AST) and providing tailored, level-specific feedback to emulate human-like tutoring. As an empirical basis for this project, we gathered data from various introductory programming courses. Additionally, we advocate for the establishment of a repository of common misconceptions, offering examples derived from both the literature and our own data. Investigating misconceptions can ultimately enhance the teaching strategies of both human educators and AI agents, such as GPT, in guiding learners effectively.",openalex,llm,0.950,unreviewed,,doi:10.1145/3593663.3593692
discarded,Decoding Logic Errors: A Comparative Study on Bug Detection by Students and Large Language Models,Stephen MacNeil; Paul C. Denny; Andrew Tran; Juho Leinonen; Seth Bernstein; Arto Hellas; Sami Sarsa; Joanne Kim,2024,,10.1145/3636243.3636245,https://openalex.org/W4390490882,adjacent-subtopic,"Identifying and resolving logic errors can be one of the most frustrating challenges for novices programmers. Unlike syntax errors, for which a compiler or interpreter can issue a message, logic errors can be subtle. In certain conditions, buggy code may even exhibit correct behavior – in other cases, the issue might be about how a problem statement has been interpreted. Such errors can be hard to spot when reading the code, and they can also at times be missed by automated tests. There is great educational potential in automatically detecting logic errors, especially when paired with suitable feedback for novices. Large language models (LLMs) have recently demonstrated surprising performance for a range of computing tasks, including generating and explaining code. These capabilities are closely linked to code syntax, which aligns with the next token prediction behavior of LLMs. On the other hand, logic errors relate to the runtime performance of code and thus may not be as well suited to analysis by LLMs. To explore this, we investigate the performance of two popular LLMs, GPT-3 and GPT-4, for detecting and providing a novice-friendly explanation of logic errors. We compare LLM performance with a large cohort of introductory computing students (n = 964) solving the same error detection task. Through a mixed-methods analysis of student and model responses, we observe significant improvement in logic error identification between the previous and current generation of LLMs, and find that both LLM generations significantly outperform students. We outline how such models could be integrated into computing education tools, and discuss their potential for supporting students when learning programming.",openalex,llm,0.980,unreviewed,,doi:10.1145/3636243.3636245
discarded,CAITLIN : implementation of a musical program auralisation system to study the effects on debugging tasks as performed by novice Pascal programmers,Paul Vickers,1999,Loughborough University Institutional Repository (Loughborough University),,https://openalex.org/W2321737715,adjacent-subtopic,A Doctoral Thesis. Submitted in partial fulfillment of the requirements for the award of Doctor of Philosophy of Loughborough University.,openalex,llm,0.970,unreviewed,,hash:c456e6da7be116c2
discarded,On the Design and Development of a UML-Based Visual Environment for Novice Programmers,Brian Moor; Fadi P. Deek,2006,Journal of Information Technology Education Research,10.28945/234,https://openalex.org/W1499265435,adjacent-subtopic,"An international association advancing the multidisciplinary study of informing systems. Founded in 1998, the Informing Science Institute (ISI) is a global community of academics shaping the future of informing science.",openalex,llm,0.940,unreviewed,,doi:10.28945/234
discarded,Animation Metaphors for Object-Oriented Concepts,Jorma Sajaniemi; Pauli Byckling; Petri Gerdt,2007,Electronic Notes in Theoretical Computer Science,10.1016/j.entcs.2007.01.037,https://openalex.org/W2118014692,adjacent-subtopic,"Program visualization and animation has traditionally been done at the level of the programming language and its implementation in a computer. However, novices do not know these concepts and visualizations that build upon programming language implementation may easily fail in helping novices to learn programming concepts. Metaphor, on the contrary, involves the presentation of a new idea in terms of a more familiar one and can facilitate active learning. This paper applies a metaphor approach to object-oriented programming by presenting new metaphors for such concepts as class, object, object instantiation, method invocation, parameter passing, object reference, and garbage collection. The use of these metaphors in introductory programming education is also discussed.",openalex,llm,0.900,unreviewed,,doi:10.1016/j.entcs.2007.01.037
discarded,Teaching the Teacher: Tutoring SimStudent Leads to More Effective Cognitive Tutor Authoring,Noboru Matsuda; William W. Cohen; Kenneth R. Koedinger,2014,International Journal of Artificial Intelligence in Education,10.1007/s40593-014-0020-1,https://openalex.org/W2091168828,adjacent-subtopic,"SimStudent is a machine-learning agent initially developed to help novice authors to create cognitive tutors without heavy programming. Integrated into an existing suite of software tools called Cognitive Tutor Authoring Tools (CTAT), SimStudent helps authors to create an expert model for a cognitive tutor by tutoring SimStudent on how to solve problems. There are two different ways to author an expert model with SimStudent. In the context of Authoring by Tutoring, the author interactively tutors SimStudent by posing problems to SimStudent, providing feedback on the steps performed by SimStudent, and also demonstrating steps as a response to SimStudent’s hint requests when SimStudent cannot perform steps correctly. In the context of Authoring by Demonstration, the author demonstrates solution steps, and SimStudent attempts to induce underlying domain principles by generalizing those worked-out examples. We conducted evaluation studies to investigate which authoring strategy better facilitates authoring and found two key results. First, the expert model generated with Authoring by Tutoring is better and has higher accuracy while maintaining the same level of completeness than the one generated with Authoring by Demonstration. The reason for this better accuracy is that the expert model generated by tutoring benefits from negative feedback provided for SimStudent’s incorrect production applications. Second, authoring by Tutoring requires less time than Authoring by Demonstration. This enhanced authoring efficiency is partially because (a) when Authoring by Demonstration, the author needs to test the quality of the expert model, whereas the formative assessment of the expert model is done naturally by observing SimStudent’s performance when Authoring by Tutoring, and (b) the number of steps that need to be demonstrated during tutoring decreases as learning progresses.",openalex,llm,0.980,unreviewed,,doi:10.1007/s40593-014-0020-1
discarded,Access to graphical interfaces for blind users,W. Keith Edwards; Elizabeth D. Mynatt; Kathryn Stockton,1995,interactions,10.1145/208143.208161,https://openalex.org/W1993105423,off-topic-false-hit,"he crisis was imminent.Gaphical user intefaces were quick4 adopted by the sighted m community as a more intuitive inteface.Ironically, these intefaces were deemed more I accessible 6y the sightedpopuhtion because they seemed approachable for novice computer users.The danger was tangible in the forms of Lostjobs, barriers to education, and the simple fitiation of being lej behind as the computer industry charged abead",openalex,llm,0.990,unreviewed,,doi:10.1145/208143.208161
discarded,Accident Sequence Evaluation Program: Human reliability analysis procedure,Alan D. Swain,1987,,10.2172/6370593,https://openalex.org/W1499461515,off-topic-false-hit,"This document presents a shortened version of the procedure, models, and data for human reliability analysis (HRA) which are presented in the Handbook of Human Reliability Analysis With emphasis on Nuclear Power Plant Applications (NUREG/CR-1278, August 1983). This shortened version was prepared and tried out as part of the Accident Sequence Evaluation Program (ASEP) funded by the US Nuclear Regulatory Commission and managed by Sandia National Laboratories. The intent of this new HRA procedure, called the ''ASEP HRA Procedure,'' is to enable systems analysts, with minimal support from experts in human reliability analysis, to make estimates of human error probabilities and other human performance characteristics which are sufficiently accurate for many probabilistic risk assessments. The ASEP HRA Procedure consists of a Pre-Accident Screening HRA, a Pre-Accident Nominal HRA, a Post-Accident Screening HRA, and a Post-Accident Nominal HRA. The procedure in this document includes changes made after tryout and evaluation of the procedure in four nuclear power plants by four different systems analysts and related personnel, including human reliability specialists. The changes consist of some additional explanatory material (including examples), and more detailed definitions of some of the terms. 42 refs.",openalex,llm,1.000,unreviewed,,doi:10.2172/6370593
discarded,Facilitating K-12 Teachers in Creating Apps by Visual Programming and Project-based Learning,Chiung-Fang Chiu,2020,International Journal of Emerging Technologies in Learning (iJET),10.3991/ijet.v15i01.11013,https://openalex.org/W2999578118,"qualifies-claim; adjacent-subtopic; tool or course description, no finding on learning event-driven programming or functions as values","The use of apps in education has become popular in recent years with the development of technology. How to prepare K-12 teachers in creating apps for students learning is worth our attention. This paper presents how to ap-ply visual programming and project-based learning to facilitate K-12 teachers in creating apps. Seven K-12 teachers with less computer background partic-ipated in this study. Data source including (1) K-12 teachers’ project codes, (2) K-12 teachers’ questionnaire, (3) K-12 teachers’ interviews, and (4) ques-tionnaire giving to K-12 students were collected and analyzed. The results reveal that K-12 teachers applied many programming concepts in the coding implementation in these projects. Most students gave positive feedback to these K-12 teachers’ app projects. Furthermore, K-12 teachers were also very positive toward the creation of apps by visual programming and project implementation, which was reflected through K-12 teachers’ questionnaire surveys and interview results. The above findings provide a practicable ap-proach for future teaching to K-12 teachers or novice programmers on app programming.",openalex,llm_reviewed,0.720,changed,kept->discarded,doi:10.3991/ijet.v15i01.11013
discarded,Search improvement via automatic query reformulation,Susan Gauch; John Bernhard Smith,1991,ACM Transactions on Information Systems,10.1145/125187.125193,https://openalex.org/W2060702445,off-topic-false-hit,"Users of online retrievalsystems experience many difficulties, particularly with search tactics, User studies have indicated that searchers use vocabulary incorrectly and do not take full advantage of iteration to improve their queries.To address these problems, an expert system for online search assistance was developed.This prototype augments the searching capabilities of novice users by providing automatic query reformulation to improve the search results, and automatic ranking of the retrieved passages to speed the identification of relevant information.Users' search performance using the expert system was compared with their search performance on their own, and their search performance using an online thesaurus.The following conclusions were reached: (1) the expert system significantly reduced the number of queries necessary to find relevant passages compared with the user searching alone or with the thesaurus.(2) The expert system produced marginally significant improvements in precision compared with the user searching on their own.There was no significant difference in the recall achieved by the three system configurations.(3) Overall, the expert system ranked relevant passages above irrelevant passages.",openalex,llm,0.990,unreviewed,,doi:10.1145/125187.125193
