status,title,authors,year,venue,doi,url,tags,abstract,provider,decision_source,llm_confidence,llm_review_outcome,llm_change_direction,paper_id
discarded,Team learning: building shared mental models,Piet Van den Bossche; Wim Gijselaers; Mien S. R. Segers; Geert B. Woltjer; Paul A. Kirschner,2010,Instructional Science,10.1007/s11251-010-9128-3,https://openalex.org/W2116651343,off-topic-false-hit,"To gain insight in the social processes that underlie knowledge sharing in teams, this article questions which team learning behaviors lead to the construction of a shared mental model. Additionally, it explores how the development of shared mental models mediates the relation between team learning behaviors and team effectiveness. Analyses were performed on student-teams engaged in a business simulation game. The measurement of shared mental models was based on cognitive mapping techniques. The results indicate that a team learning perspective provides insight in how people share knowledge. Particularly the team learning behaviors identified as co-construction and constructive conflict are related to the development of shared mental models. In addition, a shared mental model of the task environment in a team leads to improved performance. This underscores the importance of developing shared cognition in teamwork.",openalex,llm,0.990,unreviewed,,doi:10.1007/s11251-010-9128-3
discarded,Force Dynamics in Language and Cognition,Léonard Talmy,1988,Cognitive Science,10.1207/s15516709cog1201_2,https://openalex.org/W2047317708,off-topic-false-hit,"“Force dynamics” refers to a previously neglected semantic category—how entities interact with respect to force. This category includes such concepts as: the exertion of force, resistance to such exertion and the overcoming of such resistance, blockage of a force and the removal of such blockage, and so forth. Force dynamics is a generalization over the traditional linguistic notion of “causative”: it analyzes “causing” into finer primitives and sets it naturally within a framework that also includes “letting,”“hindering,”“helping,” and still further notions. Force dynamics, moreover, appears to be the semantic category that uniquely characterizes the grammatical category of modals, in both their basic and epistemic usages. In addition, on the basis of force dynamic parameters, numerous lexical items fall into systematic semantic patterns, and there exhibit parallelisms between physical and psychosocial reference. Further, from research on the relation of semantic structure to general cognitive structure, it appears that the concepts of force interaction that are encoded within language closely parallel concepts that appear both in early science and in naive physics and psychology. Overall, force dynamics thus emerges as a fundamental notional system that structures conceptual material pertaining to force interaction in a common way across a linguistic range: the physical, psychological, social, inferential, discourse, and mental‐model domains of reference and conception.",openalex,llm,1.000,unreviewed,,doi:10.1207/s15516709cog1201_2
discarded,Visual search while driving: skill and awareness during inspection of the scene,Geoffrey Underwood; Peter Chapman; Karen Bowden; David E. Crundall,2002,Transportation Research Part F Traffic Psychology and Behaviour,10.1016/s1369-8478(02)00008-6,https://openalex.org/W2117103318,off-topic-false-hit,,openalex,llm,1.000,unreviewed,,doi:10.1016/s1369-8478(02)00008-6
discarded,Novice Java Programming Mistakes,Neil C. C. Brown; Amjad Altadmri,2017,ACM Transactions on Computing Education,10.1145/2994154,https://openalex.org/W2612252595,adjacent-subtopic,"Teaching is the process of conveying knowledge and skills to learners. It involves preventing misunderstandings or correcting misconceptions that learners have acquired. Thus, effective teaching relies on solid knowledge of the discipline, but also a good grasp of where learners are likely to trip up or misunderstand. In programming, there is much opportunity for misunderstanding, and the penalties are harsh: failing to produce the correct syntax for a program, for example, can completely prevent any progress in learning how to program. Because programming is inherently computer-based, we have an opportunity to automatically observe programming behaviour -- more closely even than an educator in the room at the time. By observing students’ programming behaviour, and surveying educators, we can ask: do educators have an accurate understanding of the mistakes that students are likely to make? In this study, we combined two years of the Blackbox dataset (with more than 900 thousand users and almost 100 million compilation events) with a survey of 76 educators to investigate which mistakes students make while learning to program Java, and whether the educators could make an accurate estimate of which mistakes were most common. We find that educators’ estimates do not agree with one another or the student data, and discuss the implications of these results.",openalex,llm,0.910,unreviewed,,doi:10.1145/2994154
discarded,Conceptual Integration Networks,Gilles Fauconnier; Mark B. Turner,1998,Cognitive Science,10.1207/s15516709cog2202_1,https://openalex.org/W3125572598,off-topic-false-hit,"Conceptual integration—“blending”—is a general cognitive operation on a par with analogy, recursion, mental modeling, conceptual categorization, and framing. It serves a variety of cognitive purposes. It is dynamic, supple, and active in the moment of thinking. It yields products that frequently become entrenched in conceptual structure and grammar, and it often performs new work on its previously entrenched products as inputs. Blending is easy to detect in spectacular cases but it is for the most part a routine, workaday process that escapes detection except on technical analysis. It is not reserved for special purposes, and is not costly. In blending, structure from input mental spaces is projected to a separate, “blended” mental space. The projection is selective. Through completion and elaboration, the blend develops structure not provided by the inputs. Inferences, arguments, and ideas developed in the blend can have effect in cognition, leading us to modify the initial inputs and to change our view of the corresponding situations. Blending operates according to a set of uniform structural and dynamic principles. It additionally observes a set of optimality principles.",openalex,llm,0.990,unreviewed,,doi:10.1207/s15516709cog2202_1
discarded,Switching points of view in spatial mental models,Nancy Franklin; Barbara Tversky; Vicky E. Coon,1992,Memory & Cognition,10.3758/bf03199583,https://openalex.org/W2035853072,off-topic-false-hit,,openalex,llm,0.990,unreviewed,,doi:10.3758/bf03199583
discarded,Mental models in design teams: a valid approach to performance in design collaboration?,Petra Badke‐Schaub; Andre Neumann; Kristina Lauche; Susan Mohammed,2007,CoDesign,10.1080/15710880601170768,https://openalex.org/W2044562973,off-topic-false-hit,"This article provides an overview of research into mental models in teams and discusses the relevance of this theoretical concept for design teams. Researchers in several disciplines have applied the construct of mental models to understand how people perform tasks based on their knowledge, experience and expectation. The notion has also been used to study teams and to analyse the relationship between team mental model and team performance. Five different types of mental models for studying design teams are proposed: task, process, team, competence, and context. A review the literature found only very few studies on team mental models in design-related areas. A brief overview is provided on what is known about team mental models in general, on the effect of team mental models on team performance, and on what kind of results can be transferred to design teams. A short review of measurement techniques and how they can be applied to design research is presented. Finally, implications for the field of design are discussed and a methodological framework for studying mental models in design teams is proposed.",openalex,llm,0.990,unreviewed,,doi:10.1080/15710880601170768
discarded,Naive causality: a mental model theory of causal meaning and reasoning,Eugenia Goldvarg; Philip Nicholas Johnson-Laird,2001,Cognitive Science,10.1207/s15516709cog2504_3,https://openalex.org/W4250595197,off-topic-false-hit,"Abstract This paper outlines a theory and computer implementation of causal meanings and reasoning. The meanings depend on possibilities, and there are four weak causal relations: A causes B, A prevents B, A allows B, and A allows not‐B, and two stronger relations of cause and prevention. Thus, A causes B corresponds to three possibilities: A and B, not‐A and B, and not‐A and not‐B, with the temporal constraint that B does not precede A; and the stronger relation conveys only the first and last of these possibilities. Individuals represent these relations in mental models of what is true in the various possibilities. The theory predicts a number of phenomena, and, contrary to many accounts, it implies that the meaning of causation is not probabilistic, differs from the meaning of enabling conditions, and does not depend on causal powers or mechanisms. The theory also implies that causal deductions do not depend on schemas or rules.",openalex,llm,0.990,unreviewed,,doi:10.1207/s15516709cog2504_3
discarded,Use of mass media campaigns to change health behaviour,Melanie A Wakefield; Barbara Loken; Robert Hornik,2010,The Lancet,10.1016/s0140-6736(10)60809-4,https://openalex.org/W2163988786,off-topic-false-hit,,openalex,llm,1.000,unreviewed,,doi:10.1016/s0140-6736(10)60809-4
discarded,The Importance of Mental Models in Implementation Science,Jodi Summers Holtrop; Laura Danielle Scherer; Daniel D. Matlock; Russell E. Glasgow; Lee A. Green,2021,Frontiers in Public Health,10.3389/fpubh.2021.680316,https://openalex.org/W3178522720,off-topic-false-hit,"Implementation science is concerned with the study of adoption, implementation and maintenance of evidence-based interventions and use of implementation strategies to facilitate translation into practice. Ways to conceptualize and overcome challenges to implementing evidence-based practice may enhance the field of implementation science. The concept of mental models may be one way to view such challenges and to guide selection, use, and adaptation of implementation strategies to deliver evidence-based interventions. A mental model is an interrelated set of beliefs that shape how a person forms expectations for the future and understands the way the world works. Mental models can shape how an individual thinks about or understands how something or someone does, can, or should function in the world. Mental models may be sparse or detailed, may be shared among actors in implementation or not, and may be substantially tacit, that is, of limited accessibility to introspection. Actors' mental models can determine what information they are willing to accept and what changes they are willing to consider. We review the concepts of mental models and illustrate how they pertain to implementation of an example intervention, shared decision making. We then describe and illustrate potential methods for eliciting and analyzing mental models. Understanding the mental models of various actors in implementation can provide crucial information for understanding, anticipating, and overcoming implementation challenges. Successful implementation often requires changing actors' mental models or the way in which interventions or implementation strategies are presented or implemented. Accurate elicitation and understanding can guide strategies for doing so.",openalex,llm,1.000,unreviewed,,doi:10.3389/fpubh.2021.680316
discarded,"Measures for explainable AI: Explanation goodness, user satisfaction, mental models, curiosity, trust, and human-AI performance",Robert R. Hoffman; Shane T. Mueller; Gary A. Klein; Jordan A. Litman,2023,Frontiers in Computer Science,10.3389/fcomp.2023.1096257,https://openalex.org/W4319321305,off-topic-false-hit,"If a user is presented an AI system that portends to explain how it works, how do we know whether the explanation works and the user has achieved a pragmatic understanding of the AI? This question entails some key concepts of measurement such as explanation goodness and trust. We present methods for enabling developers and researchers to: (1) Assess the a priori goodness of explanations, (2) Assess users' satisfaction with explanations, (3) Reveal user's mental model of an AI system, (4) Assess user's curiosity or need for explanations, (5) Assess whether the user's trust and reliance on the AI are appropriate, and finally, (6) Assess how the human-XAI work system performs. The methods we present derive from our integration of extensive research literatures and our own psychometric evaluations. We point to the previous research that led to the measurement scales which we aggregated and tailored specifically for the XAI context. Scales are presented in sufficient detail to enable their use by XAI researchers. For Mental Model assessment and Work System Performance, XAI researchers have choices. We point to a number of methods, expressed in terms of methods' strengths and weaknesses, and pertinent measurement issues.",openalex,llm,0.980,unreviewed,,doi:10.3389/fcomp.2023.1096257
discarded,Comparing the Effectiveness of Online Learning Approaches on CS1 Learning Outcomes,Michael Jongseon Lee; Amy J. Ko,2015,,10.1145/2787622.2787709,https://openalex.org/W2079172301,adjacent-subtopic,"People are increasingly turning to online resources to learn to code. However, despite their prevalence, it is still unclear how successful these resources are at teaching CS1 programming concepts. Using a pretest-posttest study design, we measured the performance of 60 novices before and after they used one of the following, randomly assigned learning activities: 1) complete a Python course on a website called Codecademy, 2) play through and finish a debugging game called Gidget, or 3) use Gidget's puzzle designer to write programs from scratch. The pre- and post-test exams consisted of 24 multiple choice questions that were selected and validated based on data from 1,494 crowdsourced respondents. All 60 of our novices across the three conditions did poorly on the exams overall in both the pre-tests and post-tests (e.g., the best median post-test score was 50% correct). However, those completing the Codecademy course and those playing through the Gidget game showed over a 100% increase in correct answers when comparing their post-test exam scores to their pre-test exam scores. Those playing Gidget, however, achieved these same learning gains in half the time. This was in contrast to novices that used the puzzle designer, who did not show any measurable learning gains. All participants performed similarly within their own conditions, regardless of gender, age, or education. These findings suggest that discretionary online educational technologies can successfully teach novices introductory programming concepts (to a degree) within a few hours when explicitly guided by a curriculum.",openalex,llm,0.900,unreviewed,,doi:10.1145/2787622.2787709
discarded,Causal reasoning with mental models,Sangeet Khemlani; Aron Keith Barbey; Philip Nicholas Johnson-Laird,2014,Frontiers in Human Neuroscience,10.3389/fnhum.2014.00849,https://openalex.org/W1974731394,off-topic-false-hit,"This paper outlines the model-based theory of causal reasoning. It postulates that the core meanings of causal assertions are deterministic and refer to temporally-ordered sets of possibilities: A causes B to occur means that given A, B occurs, whereas A enables B to occur means that given A, it is possible for B to occur. The paper shows how mental models represent such assertions, and how these models underlie deductive, inductive, and abductive reasoning yielding explanations. It reviews evidence both to corroborate the theory and to account for phenomena sometimes taken to be incompatible with it. Finally, it reviews neuroscience evidence indicating that mental models for causal inference are implemented within lateral prefrontal cortex.",openalex,llm,1.000,unreviewed,,doi:10.3389/fnhum.2014.00849
discarded,Motion implies force: where to expect vestiges of the misconception?,Igal Galili; Varda Bar,1992,International Journal of Science Education,10.1080/0950069920140107,https://openalex.org/W1982694146,off-topic-false-hit,"The reported progress of post‐instruction students in understanding the force‐motion relationship in classical mechanics might be partially caused by the kind of questions used in tests. Citing a parallelism with historical progress towards correct force‐motion understanding, this research points to the factors which might help to discover the vestiges of the naive views of motion in novice students, and explains the motivation of their 'regression' to the motion‐implies‐force preconception. Among the factors are the novel context of qualitative questions, and situations of nonzero acceleration, especially when velocity and force are unparallel. The understanding of these factors should help to foster genuine progress in students' conceptual understanding as well as to provide its reliable check. The research sample included pre‐ and post‐instructional high‐school students, students of a University Pre‐academic Study Department and preservice teachers in a Technology Teachers College.",openalex,llm,1.000,unreviewed,,doi:10.1080/0950069920140107
discarded,Novice programmer’s misconception of programming reflected on problem-solving plans,Kyungbin Kwon,2017,International Journal of Computer Science Education in Schools,10.21585/ijcses.v1i4.19,https://openalex.org/W2766215290,adjacent-subtopic,"Understanding the misconception of students is critical in that it identifies the reasons of errors students make and allows instructors to design instructions accordingly. This study investigated the mental models of programming concepts held by pre-service teachers who were novice in programming. In an introductory programming course, students were asked to solve problems that could be solved by utilizing conditional statements. They developed solution plans pseudo-code including a simplified natural language, symbols, diagrams, and so on. Sixteen solution plans of three different types of problems were analyzed. As a result, the students’ egocentric and insufficient programming concepts were identified in terms of the misuse of variables, redundancy of codes, and weak strategic knowledge. The results revealed that the students had difficulty designing solution plans that could be executed by computers. They needed instructional supports to master how to express their solution plans in the way computers run. Problem driven instructional designs for novice students were discussed.",openalex,llm,0.940,unreviewed,,doi:10.21585/ijcses.v1i4.19
