status,title,authors,year,venue,doi,url,tags,abstract,provider,decision_source,llm_confidence,llm_review_outcome,llm_change_direction,paper_id
kept,Research on. NET Intelligent Platform Based on Three Layer Structure,Haoyue Xing,2023,2023 8th International Conference on Intelligent Computing and Signal Processing (ICSP),10.1109/ICSP58490.2023.10248801,https://ieeexplore.ieee.org/document/10248801/,supports-claim,"The. NET three-tier architecture is a commonly used software development architecture that divides applications into three logical layers: the presentation layer, the business logic layer, and the data access layer. The presentation layer is responsible for interacting with users and receiving user input; The business logic layer processes business rules, validates data, and executes application logic; The data access layer is responsible for interacting with the database, including querying, updating, and deleting data. Using the. NET three tier architecture can reduce code coupling and improve application scalability and maintainability. Developers need to design the interfaces and communication methods between various layers based on the requirements of the application. They can use ASP.NET MVC or Web Forms to build Web applications, and use C # language to write business logic and database operation code.",ieee,llm,0.960,unreviewed,,doi:10.1109/icsp58490.2023.10248801
discarded,"ASP.NET Core and Vue.js: Build real-world, scalable, full-stack applications using Vue.js 3, TypeScript, .NET 5, and Azure",Devlin Basilan Duldulao,2021,"ASP.NET Core and Vue.js: Build real-world, scalable, full-stack applications using Vue.js 3, TypeScript, .NET 5, and Azure",,https://ieeexplore.ieee.org/document/10162948/,adjacent-subtopic,"A busy .NET developer's step-by-step guide to building fully functional, cloud-ready, and professional web apps without diving into the theory of frameworks and librariesKey FeaturesDiscover tenants of clean architecture in the latest ASP.NET Core 5 Web APIDevelop Vue.js 3 single-page applications (SPAs) using TypeScript and VuexLearn techniques to secure, test, and deploy your full-stack web apps on AzureBook DescriptionVue.js 3 is faster and smaller than the previous version, and TypeScript’s full support out of the box makes it a more maintainable and easier-to-use version of Vue.js. Then, there's ASP.NET Core 5, which is the fastest .NET web framework today. Together, Vue.js for the frontend and ASP.NET Core 5 for the backend make a powerful combination. This book follows a hands-on approach to implementing practical methodologies for building robust applications using ASP.NET Core 5 and Vue.js 3. The topics here are not deep dive and the book is intended for busy .NET developers who have limited time and want a quick implementation of a clean architecture with popular libraries. You’ll start by setting up your web app’s backend, guided by clean architecture, command query responsibility segregation (CQRS), mediator pattern, and Entity Framework Core 5. The book then shows you how to build the frontend application using best practices, state management with Vuex, Vuetify UI component libraries, Vuelidate for input validations, lazy loading with Vue Router, and JWT authentication. Later, you’ll focus on testing and deployment. All the tutorials in this book support Windows 10, macOS, and Linux users. By the end of this book, you’ll be able to build an enterprise full-stack web app, use the most common npm packages for Vue.js and NuGet packages for ASP.NET Core, and deploy Vue.js and ASP.NET Core to Azure App Service using GitHub Actions.What you will learnDiscover CQRS and mediator pattern in the ASP.NET Core 5 Web APIUse Serilog, MediatR, FluentValidation, and Redis in ASP.NETExplore common Vue.js packages such as Vuelidate, Vuetify, and VuexManage complex app states using the Vuex state management libraryWrite integration tests in ASP.NET Core using xUnit and FluentAssertionsDeploy your app to Microsoft Azure using the new GitHub Actions for continuous integration and continuous deployment (CI/CD)Who this book is forThis app development book is for .NET developers who want to get started with Vue.js and build full-stack enterprise web applications. Web developers looking to build a proof-of-concept application quickly and pragmatically using their existing knowledge of ASP.NET Core as well as developers who want to write readable and maintainable code using TypeScript and the C# programming language will also find this book useful. The book assumes intermediate-level .NET knowledge along with an understanding of C# programming, JavaScript, and ECMAScript.",ieee,llm,0.860,unreviewed,,hash:0de9a52c48258cb2
discarded,"The Web 2.0 Services Ecosystem, How it Works and why",Paul Golding,2011,Connected Services: A Guide to the Internet Technologies Shaping the Future of Mobile Services and Operators,10.1002/9781119976448.ch2,https://ieeexplore.ieee.org/document/8042376/,adjacent-subtopic,"This chapter contains sections titled: <list style=""bulleted"" xml:id=""l1""> <listItem> Introduction </listItem> <listItem> Beneath the Hood of Web 2.0: CRUD, MVC and REST </listItem> <listItem> LAMP and Beyond: Web Frameworks and Middleware </listItem> <listItem> Open by Default: Open Source, Open APIs and Open Innovation </listItem> <listItem> One App Fits All? HTML5 and the Modern Browser </listItem> <listItem> It's all About People: Social Computing </listItem> <listItem> User Participation, Co‐Creation and Analytics </listItem> <listItem> Standing on the Shoulders of Giants: APIs and Mash‐Ups </listItem> <listItem> Mobile 2.0 – It's Really a Developer Thing! </listItem> </list>",ieee,llm,0.870,unreviewed,,doi:10.1002/9781119976448.ch2
kept,Modern JavaScript frameworks: A Survey Study,Sanja Delcev; Drazen Draskovic,2018,2018 Zooming Innovation in Consumer Technologies Conference (ZINC),10.1109/ZINC.2018.8448444,https://ieeexplore.ieee.org/document/8448444/,supports-claim,"With the increasing popularity of the web, some new web technologies emerged and introduced dynamics to web applications, in comparison to HTML, as a static programming language. JavaScript is the language that provided a dynamic web site which actively communicates with users. JavaScript is used in today's web applications as a client script language and on the server side. The JavaScript language supports the Model View Controller (MVC) architecture that maintains a readable code and clearly separates parts of the program code. The topic of this research is to compare the popular JavaScript frameworks: AngularJS, Ember, Knockout, Backbone. All four frameworks are based on MVC or similar architecture. In this paper, the advantages and disadvantages of each framework, the impact on application speed, the ways of testing such JS applications and ways to improve code security are presented.",ieee,llm,0.880,unreviewed,,doi:10.1109/zinc.2018.8448444
discarded,Development and analyses of “ProSysEngine” m-learning course management system,Jovica Saveski; Majlinda Fetaji; Bekim Fetaji; Mirlinda Ebibi; Lejla Abazi,2014,"2014 37th International Convention on Information and Communication Technology, Electronics and Microelectronics (MIPRO)",10.1109/MIPRO.2014.6859672,https://ieeexplore.ieee.org/document/6859672/,adjacent-subtopic,"The research study investigates the development approach and analyses of m-learning course management system developed as case study. The contribution of the research study is the analyses of the task based instructional strategy and conceptual definition of the assessment methods regarding the level of mobile learning outcomes while assessing different software engineering aspects of development mobile application for Windows phone 8. The analysis also covers the development with primary focus on mobile learning using ASP.NET MVC 5 technology, and design issues for responsive techniques. Finally insights are stated, results of the analyses are provided and recommendations and discussions of the approach are described.",ieee,llm,0.930,unreviewed,,doi:10.1109/mipro.2014.6859672
discarded,"Pro ASP.NET Core 7, Tenth Edition",Adam Freeman,2023,"Pro ASP.NET Core 7, Tenth Edition",,https://ieeexplore.ieee.org/document/10443901/,adjacent-subtopic,"Now in its tenth edition, this industry-leading guide to ASP.NET Core teaches everything you need to know to create easy, extensible, and cloud-native web applications. Inside Pro ASP.NET Core 7 you will learn how to:  Configure the ASP.NET Core request pipeline to handle requests Create RESTful web services with MVC controllers Create HTML responses with Razor and Razor Pages Create richly interactive web applications with Blazor Access data using Entity Framework Core Authenticate requests using ASP.NET Core Identity  Pro ASP.NET Core is an acclaimed bestseller, and a bible for .NET web developers. Tens of thousands of readers have benefited from its comprehensive coverage of ASP.NET’s key tools and techniques. Now in its tenth edition, this revised guide has been fully updated to .NET 7, with extensive chapters on Razor Pages, Blazor, and the MVC framework. It maintains the style and structure of popular previous editions, with content updated for ASP.NET Core’s latest evolution.",ieee,llm,0.820,unreviewed,,hash:af7e032c425905c8
discarded,Developing a contextualized mHealth integrated system for tracking and reporting obstetric violence incidences in Tanzania,"Masoi, Theresia J.; Kibusi, Stephen M.; Mselle, Lilian Teddy; Betuel, Siphael; Macha, Abraham; Sirili, Nathanael",2026,BMC DIGITAL HEALTH,10.1186/s44247-026-00266-9,https://www.webofscience.com/wos/woscc/full-record/WOS:001772139700001,off-topic-false-hit,"Background Obstetric violence, characterized by abuse during pregnancy, childbirth, and after childbirth, is a critical obstacle to maternal health globally especially in low-resource settings. Studies have found that many women have reported experiencing violence. The actual prevalence of obstetric violence is likely underestimated due to cultural norms that often discourage women from speaking out about their negative experiences encountered during pregnancy and childbirth. This study presents the development of a contextualized mobile health (m-Health) system, designed to monitor and report incidences of obstetric violence in the Central Zone of Tanzania. Methodology The first phase involved a qualitative study that examined context-specific components of obstetric violence among postnatal mothers, healthcare providers, and key community informants. The components identified from this qualitative study were used to develop the contextualized mHealth system. The contextualized system was designed using the Laravel framework, a robust Model-View-Controller (MVC) PHP framework designed for web application development. MySQL was selected as the relational database management system for data storage. Java was used to implement specific features, while XML was utilized for designing user interface layouts. During the pilot testing, 25 pregnant women and seven health care providers were randomly selected and followed for four weeks in one of the health care facility in Dodoma city. The sampling frame were pregnant women attending the Antenatal visits with the gestation age between 34 and 36 weeks. Results Overall, the system successfully captured 17 incidents of obstetric violence during pilot testing phase and sent 128 messages within a four-week period. A notable pattern was lack of supportive care and treatment 6 (35.4%), verbal violence 5(29.5%), lack of autonomy 2(11.8%), stigma and discrimination 1(5.9%), psychological and emotional violence 1(5.9%), Sexual violence 1(5.9%) and lack of privacy 1(5.9%). On the other hand, the system was also able to capture five self-reflection messages from the healthcare providers. Feedback on system functionalities was also received, and improvements were made. Conclusion The m-Health system has the potential to empower women and healthcare providers, offering an easily accessible reporting system. By incorporating local languages, and the use of regional technology infrastructure, this mHealth solution can be a significant step towards reducing obstetric violence.",wos,llm,0.980,unreviewed,,doi:10.1186/s44247-026-00266-9
discarded,Mobile Application Based on Clean Architecture for Sustainable Tourism Recommendation Using BERT,"Yataco, Cristhian Paolo Atuncar; Salinas, Marco Antonio Lopez; Quispe, Jose Alfredo Herrera",2025,INTERNATIONAL JOURNAL OF ADVANCED COMPUTER SCIENCE AND APPLICATIONS,,https://www.webofscience.com/wos/woscc/full-record/WOS:001638696100001,adjacent-subtopic,"The development of intelligent systems requires robust architectures and design patterns that ensure scalability, maintainability, and separation of concerns. This paper presents the design and implementation of a mobile application for recommending sustainable tourist destinations in Peru, employing a Clean Architecture approach in the backend and the MVC pattern in the frontend. The solution integrates a content-based recommendation engine using semantic embeddings generated through BERT, connected to open data sources from MINCETUR, SafeTravels, and OpenStreetMap. The proposed system was evaluated using three simulated user profiles, achieving an average similarity score of 0.83 and a more balanced distribution between traditional and emerging destinations. From a software engineering perspective, the system demonstrates decoupling between layers, modularity, interoperability with external APIs, and scalability potential. This architecture serves as a practical case study of applying modern design patterns to intelligent systems with an impact on sustainable tourism.",wos,llm,0.850,unreviewed,,hash:f399a06b376c3869
discarded,Proposed Design of a Mobile Lift Device to Reduce the Risk of Musculoskeletal Injuries Among Fire Extinguisher Inspectors,"Khunburan, Yonlada; Kaewdok, Teeraphun",2025,SAFETY,10.3390/safety11020053,https://www.webofscience.com/wos/woscc/full-record/WOS:001516703000001,off-topic-false-hit,"Fire extinguisher inspectors face ergonomic risk factors and are exposed to several musculoskeletal disorders (MSDs). The aim of this study was to design and evaluate a mobile lift device to reduce the risk of musculoskeletal injuries among fire extinguisher inspectors. This was followed by a quasi-experimental trial among 28 workers, using surface electromyography (EMG), in which muscle activity with percentage of maximum voluntary contraction (MVC), postural analysis using the Rapid Entire Body Assessment (REBA), perceived exertion, and perceived ease of use among workers were evaluated during the fire extinguisher inspection process employing a manual fire extinguisher and using a mobile lift device. The results of the EMG measurement of the muscle activity in the biceps brachii, triceps brachii, middle deltoid, and upper trapezius were obtained using the MVC parameter. The MVC parameter was employed to normalize the EMG signals, allowing for a standardized comparison of muscle activation levels across different tasks and conditions. The results showed a significant positive effect on the muscle activity of the middle deltoid and biceps brachii; the posture risk level and rating for perceived exertion with the mobile lift device were generally lower than those of manual lifting (p < 0.001). With the mobile lift device, there was significant reduction in the muscle activity of the triceps brachii and upper trapezius (p < 0.05). Accordingly, mobile lift devices were found to be useful due to the reduced muscle effort, and postural risks were reduced when using the mobile lift device. Further studies are needed for modifications to the lift assist device based on ergonomic measures of muscle activity and user tests by adjusting the task to suit the capabilities of workers.",wos,llm,1.000,unreviewed,,doi:10.3390/safety11020053
discarded,Evidence Gaps and Lessons in the Early Detection of Atrial Fibrillation: A Prospective Study in a Primary Care Setting (PREFATE Study),"Clua-Espuny, Josep L.; Hernandez-Pinilla, Alba; Gentille-Lorente, Delicia; Muria-Subirats, Eulalia; Forcadell-Arenas, Teresa; de Diego-Cabanes, Cinta; Ribas-Segui, Domingo; Diaz-Vilarasau, Anna; Molins-Rojas, Cristina; Palleja-Millan, Meritxell; Satue-Gracia, Eva M.; Martin-Lujan, Francisco; PREFATE Project-Grp",2025,BIOMEDICINES,10.3390/biomedicines13010119,https://www.webofscience.com/wos/woscc/full-record/WOS:001405962500001,off-topic-false-hit,"Background/Objectives: In Europe, the prevalence of AF is expected to increase 2.5-fold over the next 50 years with a lifetime risk of 1 in 3-5 individuals after the age of 55 years and a 34% rise in AF-related strokes. The PREFATE project investigates evidence gaps in the early detection of atrial fibrillation in high-risk populations within primary care. This study aims to estimate the prevalence of device-detected atrial fibrillation (DDAF) and assess the feasibility and impact of systematic screening in routine primary care. Methods: The prospective cohort study (NCT 05772806) included 149 patients aged 65-85 years, identified as high-risk for AF. Participants underwent 14 days of cardiac rhythm monitoring using the Fibricheck (R) app (CE certificate number BE16/819942412), alongside evaluations with standard ECG and transthoracic echocardiography. The primary endpoint was a new AF diagnosis confirmed by ECG or Holter monitoring. Statistical analyses examined relationships between AF and clinical, echocardiographic, and biomarker variables. Results: A total of 18 cases (12.08%) were identified as positive for possible DDAF using FibriCheck (R) and 13 new cases of AF were diagnosed during follow-up, with a 71.4-fold higher probability of confirming AF in FibriCheck (R)-positive individuals than in FibriCheck (R)-negative individuals, resulting in a post-test odds of 87.7%. Significant echocardiographic markers of AF included reduced left atrial strain (<26%) and left atrial ejection fraction (<50%). MVP ECG risk scores >= 4 strongly predicted new AF diagnoses. However, inconsistencies in monitoring outcomes and limitations in current guidelines, particularly regarding AF burden, were observed. Conclusions: The study underscores the feasibility and utility of AF screening in primary care but identifies critical gaps in diagnostic criteria, anticoagulation thresholds, and guideline recommendations.",wos,llm,0.990,unreviewed,,doi:10.3390/biomedicines13010119
discarded,Mobile application development to improve the active search for functional impairment and persistent symptoms in individuals post-COVID-19,"Serafim, L. M.; Guimaraes, R. F.; Martins, L. V.; Freitas, G. K. F.; Liberato, F. M. G.; Giglio, G. P. de Morais; Rizzi, P. H. B.; Moreira, H. C.; Martins, L. A.; Cruz, S. C. de Souza; da Silva, V. A.; Paro, F. M.",2025,MEDICINA DE FAMILIA-SEMERGEN,10.1016/j.semerg.2024.102430,https://www.webofscience.com/wos/woscc/full-record/WOS:001397705300001,off-topic-false-hit,"Objectives: This study aimed to develop a mobile application (App) to be used by primary care teams in the active search for functional impairment, long-term symptoms, and disabilities in individuals who have recovered from COVID-19, contributing to early treatment and referrals for multidisciplinary care and rehabilitation. This experimental study used the minimum viable product (MVP) methodology to develop an App named ReabilitaCOVID. Methods: This methodology involves ideation, content creation, prototype creation, usability tests, and adjustments based on feedback. The study was conducted in Brazil, and the population of the study included community health workers, who were the App's target users, and individuals from the community who had previously had COVID-19 and were at risk of developing PCS. Results: The App included a sociodemographic questionnaire, a clinical questionnaire, the postCOVID-19 Functional Status Scale (PCFS), the Modified Medical Research Council (MRC) Dyspnea Scale, and a flowchart. Usability tests were conducted, with feedback collected and adjustments made for improvements. Barriers to community health workers' use of the application were identified. Conclusion: A tailored app was developed for primary care teams to use in the active search for PCS. Functional and usability tests were performed in simulated and real environments. The App has the potential to facilitate referrals for multidisciplinary care and rehabilitation efficiently, and it will be available freely to public health care services. MVP is a suitable approach for developing a tailored App for healthcare teams. (c) 2024 Sociedad Espanola de Me<acute accent>dicos de Atencio<acute accent>n Primaria (SEMERGEN). Published by Elsevier Espana, S.L.U. All rights are reserved, including those for text and data mining, AI training, and similar technologies.",wos,llm,1.000,unreviewed,,doi:10.1016/j.semerg.2024.102430
