status,title,authors,year,venue,doi,url,tags,abstract,provider,decision_source,llm_confidence,llm_review_outcome,llm_change_direction,paper_id
discarded,Software engineering issues for ubiquitous computing,Gregory D. Abowd,1999,,10.1145/302405.302454,https://openalex.org/W2155940480,adjacent-subtopic,"In the last decade, we have experienced the advent of the paradigm of ubiquitous computing, with the goal of making computational services so pervasive throughout an environment that they become transparent to the human user.Research in ubiquitous computing raises many challenging issues for computer science in general, but successful research in ubiquitous computing requires the deployment of applications that can survive everyday use, and this in itself presents a great software engineering challenge.In our experience, we have found three features common across many ubiquitous computing applications -transparent interfaces that provide appropriate alternatives to the desktopbound traditional graphical user interface, the ability to modify behavior of a application based on knowledge of its context of use, and the ability to capture live experiences for later recall.Building ubiquitous computing applications with these features raises software engineering problems in toolkit design, software structuring for separation of concerns and component integration.We will clarify these problems and discuss our approaches towards their solution.",openalex,llm,0.750,unreviewed,,doi:10.1145/302405.302454
kept,Integrating support for temporal media into an architecture for graphical user interfaces,T.C. Nicholas Graham; Tore Urnes,1997,,10.1145/253228.253259,https://openalex.org/W1985975316,supports-claim,"As computers are increasingly used for communicating information, multimedia has become an important component of interactive applications.Effective communication with multimedia requires tight media integration, highly interactive control over multimedia, and the use of multimedia to support group interactions.This paper shows how the MVC paradigm for user interface development can be extended to support temporal media.The resulting framework allows easy specification of media-integrated interactive applications, including multimedia groupware.All examples in this paper have been implemented in Clock, a novel programming environment, and run on IBM, SGI, and Sun workstations.",openalex,llm,0.860,unreviewed,,doi:10.1145/253228.253259
discarded,Toolglass and magic lenses,Eric A. Bier; Maureen C. Stone; Ken Pier; William A. S. Buxton; Tony DeRose,1993,,10.1145/166117.166126,https://openalex.org/W2150874632,adjacent-subtopic,"Toolglass™ widgets are new user interface tools that can appear, as though on a transparent sheet of glass, between an application and a traditional cursor.They can be positioned with one hand while the other positions the cursor.The widgets provide a rich and concise vocabulary for operating on application objects.These widgets may incorporate visual filters, called Magic Lens™ filters, that modify the presentation of application objects to reveal hidden information, to enhance data of interest, or to suppress distracting information.Together, these tools form a see-through interface that offers many advantages over traditional controls.They provide a new style of interaction that better exploits the user's everyday skills.They can reduce steps, cursor motion, and errors.Many widgets can be provided in a user interface, by designers and by users, without requiring dedicated screen space.In addition, lenses provide rich context-dependent feedback and the ability to view details and context simultaneously.Our widgets and lenses can be combined to form operation and viewing macros, and can be used over multiple applications.",openalex,llm,0.930,unreviewed,,doi:10.1145/166117.166126
discarded,Building user interfaces by direct manipulation,Luca Cardelli,1988,,10.1145/62402.62428,https://openalex.org/W2149142096,adjacent-subtopic,"acknowledgment of the authors and individuals contributors to the work; and all applicable portions of the copyright notice. Copying, reproducing, or republishing for any other purpose shall require a license with payment of fee to the Systems Research Center. All rights reserved. Page 1",openalex,llm,0.720,unreviewed,,doi:10.1145/62402.62428
discarded,The movable filter as a user interface tool,Maureen C. Stone; Ken Fishkin; Eric A. Bier,1994,,10.1145/191666.191774,https://openalex.org/W2040688751,adjacent-subtopic,"MagicLensT'l filters area new user interface tool that combine an arbitrarily-shaped region with an operator that changes the view of objects viewed through that region.These tools can be interactively positioned over on-screen applications much as a magnifying glass is moved over a newspaper.They can be used to help the user understand various types of information, from text documents to scientific visualizations.Because these filters are movable and apply to only part of the screen, they have a number of advantages over traditional windowwide viewing modes: they employ an attractive metaphor based on physical lenses, show a modified view in the context of the original view, limit clutter to a small region, allow easy construction of visual macros and provide a uniform paradigm that can be extended across different types of infomlation and applications.This paper describes these advantages in more detail and illustrates them with examples of magic lens filters in use over a variety of applications.",openalex,llm,0.980,unreviewed,,doi:10.1145/191666.191774
kept,Model-view-controller and object teams,Matthias Veit; Stephan Herrmann,2003,,10.1145/643603.643618,https://openalex.org/W2073021358,supports-claim; qualifies-claim; kostnad,"From the early days of object-oriented programming, the model-view-controller paradigm has been pursued for a clear design which separates different responsibilities within an interactive application. In contrast to its untyped implementation in Smalltalk, any implementation in a statically typed language involves certain trade-offs which either blur the clear structure, destroy the intended independence, or introduce undue administrative overhead. Each alternative creates a different caricature of the originally crisp architecture. The programming model Object Teams provides a new modeling unit called Team plus a number of binding mechanisms by which a Team and its contained roles can be bound to existing parts of an application. It turns out that these mechanisms fit nicely for implementing a clear model-view-controller design not only for single elements but also for complex structures of GUI elements plus their binding to complex model structures. We furthermore propose to use the model-view-controller paradigm as a benchmark for AOSD approaches, since it combines a set of typical problems concerning the separation and integration of concerns.",openalex,llm_reviewed,0.990,confirmed,,doi:10.1145/643603.643618
discarded,An event-driven model-view-controller framework for Smalltalk,Yen-Ping Shan,1989,,10.1145/74877.74913,https://openalex.org/W2129703934,adjacent-subtopic,The Smalltalk Model-View-Controller (MVC) user interface paradigm uses polling for its input control. The polling loops consume CPU cycles even when the user is not interacting with the interface. Applications using Smalltalk as their front-end often suffer unnecessary performance loss. This paper presents a prototype event-driven MVC framework to solve these problems. A solution to the compatibility problem is also provided to allow interface objects built under both polling and event-driven mechanisms to be used by each other with no modification and no performance penalty.,openalex,llm,0.790,unreviewed,,doi:10.1145/74877.74913
kept,The Role of Model-View Controller in Object Oriented Software Development,Ram Naresh Thakur; U. S. Pandey,2019,Nepal Journal of Multidisciplinary Research,10.3126/njmr.v2i2.26279,https://openalex.org/W2987636392,supports-claim,"Object Oriented Software Development (OOSD) is a design technique that is used before the development and design of a software. This design method makes the system appears as a collection of objects to communicate with other objects by passing messages. The Model-View-Controller (MVC) has been inherited from Object-Oriented Programming (OOP) with the integration of Graphical User Interface (GUI) and interactive program execution. The MVC is very useful for developing Interactive and Dynamic Web Applications and iOS. With MVC, developers can trust on design patterns that are widely accepted as solutions for recurring problems. MVC can be used to develop flexible, reusable and modular Software. Applying the MVC design pattern in object-oriented Software development a flexible, reliable, modular and scalable website can be built. So, it’s necessary for every developer to have the knowledge of software development using MVC design pattern.",openalex,llm,0.960,unreviewed,,doi:10.3126/njmr.v2i2.26279
discarded,Mixture of volumetric primitives for efficient neural rendering,Stephen Lombardi; Tomas Simon; Gabriel Schwartz; Michael Zollhöfer; Yaser Ajmal Sheikh; Jason Saragih,2021,ACM Transactions on Graphics,10.1145/3450626.3459863,https://openalex.org/W3180589757,off-topic-false-hit,"Real-time rendering and animation of humans is a core function in games, movies, and telepresence applications. Existing methods have a number of drawbacks we aim to address with our work. Triangle meshes have difficulty modeling thin structures like hair, volumetric representations like Neural Volumes are too low-resolution given a reasonable memory budget, and high-resolution implicit representations like Neural Radiance Fields are too slow for use in real-time applications. We present Mixture of Volumetric Primitives (MVP), a representation for rendering dynamic 3D content that combines the completeness of volumetric representations with the efficiency of primitive-based rendering, e.g., point-based or mesh-based methods. Our approach achieves this by leveraging spatially shared computation with a convolutional architecture and by minimizing computation in empty regions of space with volumetric primitives that can move to cover only occupied regions. Our parameterization supports the integration of correspondence and tracking constraints, while being robust to areas where classical tracking fails, such as around thin or translucent structures and areas with large topological variability. MVP is a hybrid that generalizes both volumetric and primitive-based representations. Through a series of extensive experiments we demonstrate that it inherits the strengths of each, while avoiding many of their limitations. We also compare our approach to several state-of-the-art methods and demonstrate that MVP produces superior results in terms of quality and runtime performance.",openalex,llm,1.000,unreviewed,,doi:10.1145/3450626.3459863
kept,A new model for handling input,Brad A. Myers,1990,ACM Transactions on Information Systems,10.1145/98188.98204,https://openalex.org/W2063048463,supports-claim,"Although there has been important progress in models and packages for theoutputof graphics to computer screens, there has been little change in the way thatinputfrom the mouse, keyboard, and other input devices is handled. New graphics standards are still using a fifteen-year-old model even though it is widely accepted as inadequate, and most modern window managers simply return a stream of low-level, device-dependent input events. This paper presents a new model that handles input devices for highly interactive, direct manipulation, graphical user interfaces, which could be used in future toolkits, window managers, and graphics standards. This model encapsulates interactive behaviors into a few “Interactor” object types. Application programs can then create instances of these Interactor objects which hide the details of the underlying window manager events. In addition, Interactors allow a clean separation between the input handling, the graphics, and the application programs. This model has been extensively used as part of the Garnet system and has proven to be convenient, efficient, and easy to learn.",openalex,llm,0.980,unreviewed,,doi:10.1145/98188.98204
discarded,JASPAR 2018: update of the open-access database of transcription factor binding profiles and its web framework,Aziz Khan; Oriol Fornés; Arnaud Stigliani; Marius Gheorghe; Jaime Abraham Castro-Mondragon; Robin van der Lee; Adrien Bessy; Jeanne Chèneby; Shubhada R. Kulkarni; Ge Tan; Damir Baranas̆ić; David J. Arenillas; Albin Sandelin; Klaas Vandepoele; Boris Lenhard; Benoît Ballester; Wyeth W. Wasserman; François Parcy; Anthony Mathelier,2017,Nucleic Acids Research,10.1093/nar/gkx1126,https://openalex.org/W2770178180,off-topic-false-hit,"JASPAR (http://jaspar.genereg.net) is an open-access database of curated, non-redundant transcription factor (TF)-binding profiles stored as position frequency matrices (PFMs) and TF flexible models (TFFMs) for TFs across multiple species in six taxonomic groups. In the 2018 release of JASPAR, the CORE collection has been expanded with 322 new PFMs (60 for vertebrates and 262 for plants) and 33 PFMs were updated (24 for vertebrates, 8 for plants and 1 for insects). These new profiles represent a 30% expansion compared to the 2016 release. In addition, we have introduced 316 TFFMs (95 for vertebrates, 218 for plants and 3 for insects). This release incorporates clusters of similar PFMs in each taxon and each TF class per taxon. The JASPAR 2018 CORE vertebrate collection of PFMs was used to predict TF-binding sites in the human genome. The predictions are made available to the scientific community through a UCSC Genome Browser track data hub. Finally, this update comes with a new web framework with an interactive and responsive user-interface, along with new features. All the underlying data can be retrieved programmatically using a RESTful API and through the JASPAR 2018 R/Bioconductor package.",openalex,llm,1.000,unreviewed,,doi:10.1093/nar/gkx1126
discarded,A visualization-enhanced graphical user interface for geospatial resource discovery,Zhipeng Gui; Chaowei Phil Yang; Jizhe Xia; Jing Li; Abdelmounaam Rezgui; Min Sun; Yan Xu; Daniel T. Fay,2013,Annals of GIS,10.1080/19475683.2013.782467,https://openalex.org/W1981843422,adjacent-subtopic,"Information visualization and user interaction play critical roles in geospatial resource discovery processes. Well-designed graphical user interfaces improve user experience and also help convey important information to assist decision-making. Existing approaches have visualization problems that impact the efficiency of geospatial resource discovery including (1) search portals lack intuitive and diverse information visualization methods to present search results; (2) functions to sort, filter, explore and analyse search results are inadequate and inefficient and (3) value-added information to help users make selection is missing. To address these problems, we propose a visualization- and interaction-enhanced discovery workflow. We use the latest Rich Internet Application (RIA) technologies from Microsoft to implement the proposed methods for our search portal – GeoSearch. Specifically, (1) based on the Pivot Viewer, a multiple sorting, filtering and multi-level-zoom-enabled histogram clustering function is implemented to assist in records exploration. (2) A Bing Maps Viewer is built upon the Bing Maps Control to show geo-location (e.g. BoundingBox and server location) of resources and conduct map-based interactions. (3) Multiple data visualization tools are integrated to provide data preview and animation functions. (4) A service quality vieweris developed to help users select resources based on non-functional properties. Results show that the proposed visualization and interaction technologies improve user experience and can help users obtain required geospatial resources effectively and efficiently.",openalex,llm,0.980,unreviewed,,doi:10.1080/19475683.2013.782467
kept,Generating user interface code in a model based user interface development environment,Paulo Pinheiro da Silva; Tony Griffiths; Norman W. Paton,2000,,10.1145/345513.345301,https://openalex.org/W1979973791,supports-claim,"Declarative models play an important role in most software design activities, by allowing designs to be constructed that selectively abstract over complex implementation details. In the user interface setting, Model-Based User Interface Development Environments (MB-UIDEs) provide a context within which declarative models can be constructed and related, as part of the interface design process. However, such declarative models are not usually directly executable, and may be difficult to relate to existing software components. It is therefore important that MB-UIDEs both fit in well with existing software architectures and standards, and provide an effective route from declarative interface specification to running user interfaces. This paper describes how user interface software is generated from declarative descriptions in the Teallach MB-UIDE. Distinctive features of Teallach include its open architecture, which connects directly to existing applications and widget sets, and the generation of executable interface applications in Java. This paper focuses on how Java programs, organized using the model-view-controller pattern (MVC), are generated from the task, domain and presentation models of Teallach.",openalex,llm,0.830,unreviewed,,doi:10.1145/345513.345301
discarded,AUIT – the Adaptive User Interfaces Toolkit for Designing XR Applications,João Marcelo Evangelista Belo; Mathias N. Lystbæk; Anna Maria Feit; Ken Pfeuffer; Peter Kán; Antti Oulasvirta; Kaj Grønbæk,2022,,10.1145/3526113.3545651,https://openalex.org/W4307475996,adjacent-subtopic,"Adaptive user interfaces can improve experiences in Extended Reality (XR) applications by adapting interface elements according to the user’s context. Although extensive work explores different adaptation policies, XR creators often struggle with their implementation, which involves laborious manual scripting. The few available tools are underdeveloped for realistic XR settings where it is often necessary to consider conflicting aspects that affect an adaptation. We fill this gap by presenting AUIT, a toolkit that facilitates the design of optimization-based adaptation policies. AUIT allows creators to flexibly combine policies that address common objectives in XR applications, such as element reachability, visibility, and consistency. Instead of using rules or scripts, specifying adaptation policies via adaptation objectives simplifies the design process and enables creative exploration of adaptations. After creators decide which adaptation objectives to use, a multi-objective solver finds appropriate adaptations in real-time. A study showed that AUIT allowed creators of XR applications to quickly and easily create high-quality adaptations.",openalex,llm,0.970,unreviewed,,doi:10.1145/3526113.3545651
kept,Simulation Testing of Maritime Cyber‐Physical Systems: Application of Model‐View‐ViewModel,Dongchul Lee; Kyung-Min Seo; Hee-Mun Park; Byeong Soo Kim,2022,Complexity,10.1155/2022/1742772,https://openalex.org/W4207020486,supports-claim,"From the perspective of the system of systems development, system‐level functional testing is required for designing subsystems. This study utilizes modeling and simulation techniques to analyze the operational behaviors of the subsystems and confirm data communication between them. The targeted system in the study is a naval combat system (NCS), which is a typical type of defense cyber‐physical system (CPS). Three types of models were designed for the simulation testing of the NCS: a combat‐management model for simulating the overall computational activities, physical models to confirm the intrasubsystem behaviors, and data integration models to test the intersubsystem communications. These models are realized with the Model‐View‐ViewModel design pattern, which strongly facilitates graphical user interfaces being decoupled from model logic and data. We consider underwater combat scenarios as an application. Six significant physical subsystems within the NCS are simulated and tested: a ship‐steering system, an inertial navigation system, a global navigation satellite system, a periscope, sonar systems, and a plotting board. We expect that the proposed work will play a principal role when analyzing the behaviors and communications of defense CPSs and providing an environment for functional testing as a digital twin.",openalex,llm,0.960,unreviewed,,doi:10.1155/2022/1742772
