status,title,authors,year,venue,doi,url,tags,abstract,provider,decision_source,llm_confidence,llm_review_outcome,llm_change_direction,paper_id
discarded,Lifestate: Event-Driven Protocols and Callback Control Flow,Shawn Meier; Sergio Mover; Bor-Yuh Evan Chang,2019,arXiv (Cornell University),10.4230/lipics.ecoop.2019.1,https://openalex.org/W2964771667,adjacent-subtopic,"Developing interactive applications (apps) against event-driven software frameworks such as Android is notoriously difficult. To create apps that behave as expected, developers must follow complex and often implicit asynchronous programming protocols. Such protocols intertwine the proper registering of callbacks to receive control from the framework with appropriate application-programming interface (API) calls that in turn affect the set of possible future callbacks. An app violates the protocol when, for example, it calls a particular API method in a state of the framework where such a call is invalid. What makes automated reasoning hard in this domain is largely what makes programming apps against such frameworks hard: the specification of the protocol is unclear, and the control flow is complex, asynchronous, and higher-order. In this paper, we tackle the problem of specifying and modeling event-driven application-programming protocols. In particular, we formalize a core meta-model that captures the dialogue between event-driven frameworks and application callbacks. Based on this meta-model, we define a language called lifestate that permits precise and formal descriptions of application-programming protocols and the callback control flow imposed by the event-driven framework. Lifestate unifies modeling what app callbacks can expect of the framework with specifying rules the app must respect when calling into the framework. In this way, we effectively combine lifecycle constraints and typestate rules. To evaluate the effectiveness of lifestate modeling, we provide a dynamic verification algorithm that takes as input a trace of execution of an app and a lifestate protocol specification to either produce a trace witnessing a protocol violation or a proof that no such trace is realizable.",openalex,llm,0.900,unreviewed,,doi:10.4230/lipics.ecoop.2019.1
discarded,A Combination Method for Android Malware Detection Based on Control Flow Graphs and Machine Learning Algorithms,Zhuo Ma; Haoran Ge; Yang Liu; Meng Zhao; Jianfeng Ma,2019,IEEE Access,10.1109/access.2019.2896003,https://openalex.org/W2912135847,off-topic-false-hit,"Android malware severely threaten system and user security in terms of privilege escalation, remote control, tariff theft, and privacy leakage. Therefore, it is of great importance and necessity to detect Android malware. In this paper, we present a combination method for Android malware detection based on the machine learning algorithm. First, we construct the control flow graph of the application to obtain API information. Based on the API information, we innovatively construct Boolean, frequency, and time-series data sets. Based on these three data sets, three detection models for Android malware detection regarding API calls, API frequency, and API sequence aspects are constructed. Ultimately, an ensemble model is constructed for conformity. We tested and compared the accuracy and stability of our detection models through a large number of experiments. The experiments were conducted on 10010 benign applications and 10683 malicious applications. The results show that our detection model achieves 98.98% detection precision and has high accuracy and stability. All of the results are consistent with the theoretical analysis in this paper.",openalex,llm,1.000,unreviewed,,doi:10.1109/access.2019.2896003
discarded,Continuations and Aspects to Tame Callback Hell on the Web,Paul Leger; Hiroaki Fukuda; Ismael Figueroa,2021,JUCS - Journal of Universal Computer Science,10.3897/jucs.72205,https://openalex.org/W3202975824,adjacent-subtopic,"JavaScript is one of the main programming languages to develop highly rich responsive and interactive Web applications. In these kinds of applications, the use of asynchronous operations that execute callbacks is crucial. However, the dependency among nested callbacks, known as callback hell, can make it difficult to understand and maintain them, which will eventually mix concerns. Unfortunately, current solutions for JavaScript do not fully address the aforementioned issue. This paper presents Sync/cc, a JavaScript package that works on modern browsers. This package is a proof-of-concept that uses continuations and aspects that allow developers to write event handlers that need nested callbacks in a synchronous style, preventing callback hell. Unlike current solutions, Sync/cc is modular, succinct, and customizable because it does not require ad-hoc and scattered constructs, code refactoring, or adding ad-hoc implementations such as state machines. In practice, our proposal uses a) continuations to only suspend the current handler execution until the asynchronous operation is resolved, and b) aspects to apply continuations in a non-intrusive way. We test Sync/cc with a management information system that administers courses at a university in Chile.",openalex,llm,0.900,unreviewed,,doi:10.3897/jucs.72205
discarded,Escaping the event loop: an alternative control structure for multi-threaded GUIs,M. Fuchs,1996,IFIP advances in information and communication technology,10.1007/978-0-387-34907-7_5,https://openalex.org/W107272633,adjacent-subtopic,,openalex,llm,0.940,unreviewed,,doi:10.1007/978-0-387-34907-7_5
discarded,"An Overview of Hardware Security and Trust: Threats, Countermeasures, and Design Tools",Wei Hu; Chip-Hong Chang; Anirban Sengupta; Swarup Bhunia; Ryan Kastner; Hai Helen Li,2020,IEEE Transactions on Computer-Aided Design of Integrated Circuits and Systems,10.1109/tcad.2020.3047976,https://openalex.org/W3114160048,off-topic-false-hit,"Hardware security and trust have become a pressing issue during the last two decades due to the globalization of the semiconductor supply chain and ubiquitous network connection of computing devices. Computing hardware is now an attractive attack surface for launching powerful cross-layer security attacks, allowing attackers to infer secret information, hijack control flow, compromise system root-of-trust, steal intellectual property (IP), and fool machine learners. On the other hand, security practitioners have been making tremendous efforts in developing protection techniques and design tools to detect hardware vulnerabilities and fortify hardware design against various known hardware attacks. This article presents an overview of hardware security and trust from the perspectives of threats, countermeasures, and design tools. By introducing the most recent advances in hardware security research and developments, we aim to motivate hardware designers and electronic design automation tool developers to consider the new challenges and opportunities of incorporating an additional dimension of security into robust hardware design, testing, and verification.",openalex,llm,1.000,unreviewed,,doi:10.1109/tcad.2020.3047976
discarded,A semantic framework for event-driven service composition,Sourish Dasgupta,2011,MOspace Institutional Repository (University of Missouri),,https://openalex.org/W2244694296,off-topic-false-hit,"Title from PDF of title page, viewed on September 14, 2011",openalex,llm,0.990,unreviewed,,hash:8416df1bcaed1039
discarded,Experimental evaluation of a tool for the verification and transformation of source code in event-driven systems,Gürcan Güleşır; Klaas van den Berg; Lodewijk Bergmans; Mehmet Akşit,2009,Empirical Software Engineering,10.1007/s10664-009-9107-y,https://openalex.org/W2123256505,adjacent-subtopic,"In event-driven systems, separating the reactive part of software (i.e., event-driven control) from the non-reactive part is a common design practice. The reactive part is typically structured according to the states and transitions of a system, whereas the non-reactive part is typically structured according to the concepts of the application domain (e.g., the services provided by the system). In such systems, the non-reactive part of software stimulates the reactive part with event calls . Whenever the non-reactive part is modified (e.g., during evolution), the existing event calls may become invalid, new event calls may become necessary, and the two parts of software may become incompatible . Manually finding and repairing these types of defects is a time-consuming and error-prone maintenance task. In this article, we present a solution that combines source code model checking and aspect-oriented programming techniques, to reduce the time spent by developers and to automatically find defects, while performing the maintenance task mentioned above. In addition, we present controlled experiments showing that the solution can reduce the time by 75%, and enable the prevention of one defect per 140 lines of source code.",openalex,llm,0.960,unreviewed,,doi:10.1007/s10664-009-9107-y
discarded,Inversion-of-control layer,Stefan Sobernig; Uwe Zdun,2010,,10.1145/2328909.2328935,https://openalex.org/W2047263929,adjacent-subtopic,"Inversion of control is a common design practise that has been used in various application areas. It gained popularity in the context of object-oriented application frameworks and designs based on abstract classes and interfaces. Recently, dependency injection techniques, especially in the context of lightweight containers such as Spring, have raised the attention for inversion of control again. However, inversion of control has not yet been described in its architectural dimension with a focus on layering architectures, and the pros and cons of the design decision for control inversion. In this paper, we present the inversion-of-control layer pattern which describes the design practise from an architectural point of view, rather than focusing on particular implementation techniques.",openalex,llm,0.970,unreviewed,,doi:10.1145/2328909.2328935
discarded,Event-driven Adaptation in COP,Pierpaolo Degano; Gian-Luigi Ferrari; Letterio Galletta,2016,Electronic Proceedings in Theoretical Computer Science,10.4204/eptcs.211.4,https://openalex.org/W2437113907,adjacent-subtopic,"Context-Oriented Programming languages provide us with primitive constructs to adapt program behaviour depending on the evolution of their operational environment, namely the context. In previous work we proposed ML_CoDa, a context-oriented language with two-components: a declarative constituent for programming the context and a functional one for computing. This paper describes an extension of ML_CoDa to deal with adaptation to unpredictable context changes notified by asynchronous events.",openalex,llm,0.980,unreviewed,,doi:10.4204/eptcs.211.4
kept,Event driven languages for novice programmers,Peter Shackleton,1998,Victoria University Research Repository (Victoria University),,https://openalex.org/W77186371,supports-claim; edp-difficulty,"Event driven languages for novice programmers Declaration I certify that this thesis contains no material that has been submitted for the award of any other degree or diploma in any institute, college or university, and that it contains no material previously published or written by another person, except where due reference is made in the rest of the thesis.",openalex,llm_reviewed,0.800,confirmed,,hash:2137e98869bf79af
discarded,StateOS: A Memory-Efficient Hybrid Operating System for IoT Devices,Xinyu Tan; Ismo Hakala,2023,IEEE Internet of Things Journal,10.1109/jiot.2023.3234106,https://openalex.org/W4313555077,adjacent-subtopic,"The increasing significance of operating systems (OSs) in the development of the internet of things (IoT) has emerged in the last decade. An event-driven OS is memory efficient and suitable for resource-constrained IoT devices and wireless sensors, although the program’s control flow, which is determined by events, is not always obvious. A multithreaded OS with sequential control flow is often considered clearer. However, this approach is memory-consuming. A hybrid OS seeks to combine the strengths of the event-driven approach with multithreaded approach. An event-driven cooperative threaded OS represents a hybrid approach that supports concurrency by explicitly yielding control to another thread. Although this approach is memory efficient, as cooperative threads are not preemptive, it may not provide sufficient real-time performance. This article proposes a memory-efficient hybrid OS, called StateOS, for resource-constrained IoT devices. It is an event-driven cooperative threaded OS with partial real-time performance. StateOS implements a hybrid task scheduler that combines two cooperative threaded subsystems as kernel processes on a priority-based preemptive scheduler. This approach provides adequate real-time performance for IoT devices at a low memory cost.",openalex,llm,0.940,unreviewed,,doi:10.1109/jiot.2023.3234106
discarded,Using Actions Charts for Reactive Web Application Modeling,Nina Geiger; Tobias George; Marcel Hahn; Ruben Jubeh; Albert Zündorf,2010,Lecture notes in computer science,10.1007/978-3-642-16985-4_5,https://openalex.org/W1783582710,adjacent-subtopic,,openalex,llm,0.920,unreviewed,,doi:10.1007/978-3-642-16985-4_5
discarded,XTemp: Event-driven Testing and Monitoring of Business processes,Jacques Durand; Hyunbo Cho; Dale Moberg; Jungyub Woo,2011,Balisage series on markup technologies,10.4242/balisagevol7.durand01,https://openalex.org/W2399621937,off-topic-false-hit,"XML has proved to be a scalable archival format for messages of various kinds (e.g. email with MarkMail). It is also increasingly used as format of choice for several event models and taxonomies (XES, OASIS/SAF, CEE, XDAS) that need be both processable and human readable. As many eBusiness processes are also relying on XML for message content and/or protocol, there is a need to monitor and validate the messages and documents being exchanged as well as their sequences. XTemp is an XML vocabulary and execution language that is event-centric and intended for the analysis of sequence of events that represent traces of business processes. It is designed for both log analysis and real-time execution. It leverages XPath and XSLT.",openalex,llm,0.990,unreviewed,,doi:10.4242/balisagevol7.durand01
discarded,The Effects of Content Presentation Format and User Characteristics on Novice Developers’ Understanding of Process Models,Jan Recker; Alexander Dreiling,2011,Communications of the Association for Information Systems,10.17705/1cais.02806,https://openalex.org/W1519235393,adjacent-subtopic,"Process models are used by information professionals to convey semantics about the business operations in a real-world domain intended to be supported by an information system. The understandability of these models is vital to them being used for Information Systems development. In this article, we examine two factors that we predict will influence the understanding of a business process that novice developers obtain from a corresponding process model: the content presentation form chosen to articulate the business domain, and the user characteristics of the novice developers working with the model. Our experimental study provides evidence that novice developers obtain similar levels of understanding when confronted with an unfamiliar or a familiar process model. However, previous modeling experience, the use of English as a second language, and previous work experience in BPM are important influencing factors of model understanding. Our findings suggest that education and research in process modeling should increase the focus on human factors and how they relate to content and content presentation formats for different modeling tasks. We discuss implications for practice and research.",openalex,llm,0.970,unreviewed,,doi:10.17705/1cais.02806
discarded,DroidStar: Callback Typestates for Android Classes,Arjun Radhakrishna; Nicholas V. Lewchenko; Shawn Meier; Sergio Mover; Krishna Chaitanya Sripada; Damien Zufferey; Bor-Yuh Evan Chang; Pavol Černý,2017,arXiv (Cornell University),10.48550/arxiv.1701.07842,https://openalex.org/W2952359514,adjacent-subtopic,"Event-driven programming frameworks, such as Android, are based on components with asynchronous interfaces. The protocols for interacting with these components can often be described by finite-state machines we dub *callback typestates*. Callback typestates are akin to classical typestates, with the difference that their outputs (callbacks) are produced asynchronously. While useful, these specifications are not commonly available, because writing them is difficult and error-prone. Our goal is to make the task of producing callback typestates significantly easier. We present a callback typestate assistant tool, DroidStar, that requires only limited user interaction to produce a callback typestate. Our approach is based on an active learning algorithm, L*. We improved the scalability of equivalence queries (a key component of L*), thus making active learning tractable on the Android system. We use DroidStar to learn callback typestates for Android classes both for cases where one is already provided by the documentation, and for cases where the documentation is unclear. The results show that DroidStar learns callback typestates accurately and efficiently. Moreover, in several cases, the synthesized callback typestates uncovered surprising and undocumented behaviors.",openalex,llm,0.940,unreviewed,,doi:10.48550/arxiv.1701.07842
discarded,Towards Automated Safety Vetting of PLC Code in Real-World Plants,Mu Zhang; Chien-Ying Chen; Bin-Chou Kao; Yassine Qamsane; Yuru Shao; Yikai Lin; Elaine Shi; Sibin Mohan; Kira L. Barton; James R. Moyne; Z. Morley Mao,2019,,10.1109/sp.2019.00034,https://openalex.org/W2930135659,off-topic-false-hit,"Safety violations in programmable logic controllers (PLCs), caused either by faults or attacks, have recently garnered significant attention. However, prior efforts at PLC code vetting suffer from many drawbacks. Static analyses and verification cause significant false positives and cannot reveal specific runtime contexts. Dynamic analyses and symbolic execution, on the other hand, fail due to their inability to handle real-world PLC programs that are event-driven and timing sensitive. In this paper, we propose VetPLC, a temporal context-aware, program analysis-based approach to produce timed event sequences that can be used for automatic safety vetting. To this end, we (a) perform static program analysis to create timed event causality graphs in order to understand causal relations among events in PLC code and (b) mine temporal invariants from data traces collected in Industrial Control System (ICS) testbeds to quantitatively gauge temporal dependencies that are constrained by machine operations. Our VetPLC prototype has been implemented in 15K lines of code. We evaluate it on 10 real-world scenarios from two different ICS settings. Our experiments show that VetPLC outperforms state-of-the-art techniques and can generate event sequences that can be used to automatically detect hidden safety violations.",openalex,llm,0.990,unreviewed,,doi:10.1109/sp.2019.00034
discarded,Visual programming language environment for different IoT and robotics platforms in computer science education,Gennaro De Luca; Zhongtao Li; Sami Mian; Yinong Chen,2018,CAAI Transactions on Intelligence Technology,10.1049/trit.2018.0016,https://openalex.org/W2805321949,"qualifies-claim; adjacent-subtopic; tool or course description, no finding on learning event-driven programming or functions as values","This study presents the authors’ recent research and application of a new visual programming language and its development environment: VIPLE (Visual IoT/Robotics Programming Language Environment) at Arizona State University (ASU). ASU VIPLE supports a variety of IoT devices and robots based on an open architecture. Based on computational thinking, VIPLE supports the integration of engineering design process, workflow, fundamental programming concepts, control flow, parallel computing, event‐driven programming, and service‐oriented computing seamlessly into a wide range of curricula, such as introduction to computing, introduction to engineering, service‐oriented computing, and software integration. It is actively used at ASU in several sections of FSE 100: Introduction to Engineering and in CSE 446: Software Integration and Engineering, as well as in several other universities worldwide.",openalex,llm_reviewed,0.840,changed,kept->discarded,doi:10.1049/trit.2018.0016
