status,title,authors,year,venue,doi,url,tags,abstract,provider,decision_source,llm_confidence,llm_review_outcome,llm_change_direction,paper_id
discarded,Design and Development of an Online Education System Based on SpringBoot,Ling Li; Lin Gui,2024,2024 3rd International Conference on Artificial Intelligence and Computer Information Technology (AICIT),10.1109/AICIT62434.2024.10730277,https://ieeexplore.ieee.org/document/10730277/,adjacent-subtopic,"To support managers in effectively distributing and overseeing IT technology teaching resources, the author suggests implementing an online education system built on the Spring Boot framework. The system's design involves creating a comprehensive architecture diagram and delineating functional modules. Employing the B/S architecture pattern, the system adopts the MVC three-layer architecture model. The backend framework is constructed using the enterprise-level lightweight development framework Spring Boot and Mybatis. Data storage utilizes both a relational database, MySQL, and non-relational database Redis caching technology for efficient management of system data information. In the database design section, provide the E-R diagram and database table design of the main database entities of the system. On the mobile side, data communication with the server side is mainly realized through the API interface provided by WeChat official account. The data exchange uses the general JSON data format. The WeChat built-in browser is used to access the course home page of the online education and learning platform. The browser transmits data requests to the server side through 4G or Wi Fi networks, and the server returns the corresponding data to be displayed on the WeChat APP built-in browser page. The results showed that using Jmeter stress testing tool for online learning platform stress testing resulted in an average response time of 1.7 seconds and an error rate of 0.00%. Basically in line with expected performance. Conclusion: The system leverages the advantages of online learning on both PC and mobile devices to provide IT technology learning users with more convenient and cost-effective technology learning courses; At the same time, it reduces the management and operational costs of online education and learning platform management companies.",ieee,llm,0.910,unreviewed,,doi:10.1109/aicit62434.2024.10730277
discarded,A web-based framework using a Model-View-Controller architecture for human motion analysis,Joana Rosa; Hugo Silva; Ricardo Matias,2015,2015 IEEE 4th Portuguese Meeting on Bioengineering (ENBENG),10.1109/ENBENG.2015.7088815,https://ieeexplore.ieee.org/document/7088815/,adjacent-subtopic,"In a world with large technological advances and where technology takes a more and more essential place, the interaction between technology and health is increasingly present, particularly when one speaks of web technologies. The computerized clinical decision support systems (CDDS) are a good example of combination of web technology and health [1]. This work was part of a larger project that aimed to develop a tractable cloud-based open-source framework for human movement analysis and classification, using inverse kinematics from marker trajectories collected by means of a motion capture system. The main objective of the present work was to contribute to the development of a web-based framework for human motion analysis, throughout an interface designed under a Model-View-Controller (MVC) architecture [2]. The communication between the client and the server is based on the HyperText Transfer Protocol (HTTP) and the WebSocket standard. HTML5 is the base technology, which controls the overall layout of the front-end (user interface). Together with this technology we used Impress.js, which controls the style and layout of the web page. For a high-performance back-end, we used the Python programming language, which was responsible for the connection between the user interface and the tools of the OpenSim software (Scale and IK), as well as all the data processing. Usability and learnability assessment was assessed using the System Usability Scale [3]. The target audience for this study was chosen from two groups, which are representative of the potential end-user populations: a) Biomedical engineering students; b) Clinicians and students of physiotherapy. None of the groups had previous knowledge with the system, and before the experience, the individuals of the each groups had a 4 minutes explanation on the interface of the features and way of using. Preliminary results shown usability scores comprised between 74,2 and 84,4 respectively for groups a) and b), and learnability scores of 67,9 and 78,6 respectively for groups a) and b). With the proposed framework the users can simply upload the patient's clinical information, determine how the selected musculoskeletal model anthropometry should be modified so it best matches patients characteristics, and to what degree each model's segment (markers) should match the collected motion data during the inverse kinematics process. Finally a report is generated, where it is possible to observe a given variable, a group of variables compare, experimental and normative data, and also add comments, print, and save it in PDF. From SUS results we conclude that the interface was extremely useful, clear, and easy-to-use and learn for both groups. Also, the users are likely to recommend our framework to other.",ieee,llm,0.890,unreviewed,,doi:10.1109/enbeng.2015.7088815
kept,Component- vs. application-level MVC architecture,Yonglei Tao,2002,32nd Annual Frontiers in Education,10.1109/FIE.2002.1157950,https://ieeexplore.ieee.org/document/1157950/,supports-claim; etablering,"We describe our approach to teaching the MVC (Model-View-Controller) architecture for GUI applications. Swing adopts MVC at component level. We use it as a case study to illustrate features of MVC and also help students learn to use the tool for programming projects. To encourage them to see beyond a specific tool, we assign students a project to build a domain-specific framework for GUI applications using MVC at application level. This project allows students to learn hands on the MVC architecture as well as other design techniques in a new context. Our two-semester experience shows that a tool-based case study with a follow-up effort as such is productive in teaching practical design techniques.",ieee,llm_reviewed,0.980,confirmed,,doi:10.1109/fie.2002.1157950
discarded,Software to Support the Development of Metric and Spatial Thinking Implemented on a Robotic Platform,Mateus Vita-Charris; Álvaro Pulido-Aponte; Claudia L. Garzón-Castro,2025,2025 IEEE 43rd Central America and Panama Convention (CONCAPAN XLIII),10.1109/CONCAPAN66820.2025.11512627,https://ieeexplore.ieee.org/document/11512627/,off-topic-false-hit,"Metric and spatial thinking are inherent abilities for understanding magnitudes, measurements, and mental habits that lead to problem solving. These abilities must be strengthened at an early age. Poor development of these skills could have negative effects on other cognitive processes associated with quantitative reasoning, logic, and communication. In Colombia, specifically in the Cundinamarca and Boyacá regions, it has been shown that around $60 \%$ of preschool-aged children have difficulties understanding these concepts. Therefore, the implementation of strategies involving educational software could contribute to minimizing this issue. This paper presents the design and implementation of custom software for a differential robotic platform aimed at reinforcing the development of metric and spatial thinking in preschool children. The tool integrates voice processing and Quick Response (QR) code reading so that users can guide the robot using verbal commands articulated through a dynamic HMI interface. Python 3.13 was used under the object-oriented programming paradigm and a Model View Controller architecture to ensure modularity and scalability. The evaluation consisted of three experiments with four-year-old girls in a noisy environment, where the success rate in recognizing the commands “forward,” “backward,” “left,” and “right” was measured. The results showed success rates of $82.2 \%$, $84.4 \%$, $78.9 \%$, and 80.0 %, respectively, with an average of 18.6 % of commands not recognized and a sustained improvement throughout the repetitions attributable to the users’ familiarization. These findings demonstrate the effectiveness and potential of the tool as a playful virtual learning object for strengthening metric and spatial skills in preschoolers.",ieee,llm,0.990,unreviewed,,doi:10.1109/concapan66820.2025.11512627
discarded,Design and Implementation of an Education Management Information System Based on J2EE,Ling Li; Lin Gui,2024,2024 International Conference on Artificial Intelligence and Digital Technology (ICAIDT),10.1109/ICAIDT62617.2024.00016,https://ieeexplore.ieee.org/document/10608546/,adjacent-subtopic,"In order to meet the needs of educational management in vocational colleges and make daily educational management more effective and convenient, the author proposes an education management information system based on J2EE. Integrating the system’s functions from the user’s perspective and dividing the system into teacher end, student end, and administrator end can optimize the internal organization of the system and improve the user experience. In the selection of technical solutions for the system, the author adopts the SSH framework and combines the ideas provided by MVC, Ajax technology, MyEclipse, UML, SOA, workflow and other technologies to design the overall structure and database pattern of the system. In terms of system implementation and testing, the focus is on analyzing and designing how to specifically implement the scheduling algorithm in the teaching operation management module. The findings reveal a robust performance, with no instances of crashing errors detected throughout the testing phase. However, attention was directed towards certain functional points, particularly in the implementation and interface performance, where other errors were concentrated. These issues were successfully addressed and resolved during the testing period. Under optimal network conditions and with a simulated load of fewer than 1200 users, the system exhibited commendable performance. The average response time for a single transaction remained under 1 second, and all transactions were successfully completed. Nevertheless, as the user load increased to 1600, there was a noticeable rise in system transaction response time, leading to transaction failures and a subsequent decline in the success rate. Despite these challenges under higher user loads, the educational management system demonstrated excellent interactivity and, on the whole, successfully achieved its design objectives. It stands poised to meet the diverse requirements of daily educational management.",ieee,llm,0.920,unreviewed,,doi:10.1109/icaidt62617.2024.00016
discarded,"C# 10 and .NET 6 – Modern Cross-Platform Development: Build apps, websites, and services with ASP.NET Core 6, Blazor, and EF Core 6 using Visual Studio 2022 and Visual Studio Code",Mark J. Price,2021,"C# 10 and .NET 6 – Modern Cross-Platform Development: Build apps, websites, and services with ASP.NET Core 6, Blazor, and EF Core 6 using Visual Studio 2022 and Visual Studio Code",,https://ieeexplore.ieee.org/document/10162896/,adjacent-subtopic,"Publisher's Note: The newer 7th edition of this book covers C# 11 and EF Core 7 that can both be used with either .NET 7 or .NET 6. The 7th edition also has errata fixes and improvements suggested by readers of the 6th edition. Purchase of the print or Kindle book includes a free eBook in PDF format.Key FeaturesExplore the newest additions to C# 10, the .NET 6 class library, and Entity Framework Core 6Create professional websites and services with ASP.NET Core 6 and BlazorBuild cross-platform apps for Windows, macOS, Linux, iOS, and AndroidBook DescriptionExtensively revised to accommodate all the latest features that come with C# 10 and .NET 6, this latest edition of our comprehensive guide will get you coding in C# with confidence. You’ll learn object-oriented programming, writing, testing, and debugging functions, implementing interfaces, and inheriting classes. The book covers the .NET APIs for performing tasks like managing and querying data, monitoring and improving performance, and working with the filesystem, async streams, and serialization. You’ll build and deploy cross-platform apps, such as websites and services using ASP.NET Core. Instead of distracting you with unnecessary application code, the first twelve chapters will teach you about C# language constructs and many of the .NET libraries through simple console applications. In later chapters, having mastered the basics, you’ll then build practical applications and services using ASP.NET Core, the Model-View-Controller (MVC) pattern, and Blazor.What you will learnBuild rich web experiences using Blazor, Razor Pages, the Model-View-Controller (MVC) pattern, and other features of ASP.NET CoreBuild your own types with object-oriented programmingWrite, test, and debug functionsQuery and manipulate data using LINQIntegrate and update databases in your apps using Entity Framework Core, Microsoft SQL Server, and SQLiteBuild and consume powerful services using the latest technologies, including gRPC and GraphQLBuild cross-platform apps using XAMLWho this book is forDesigned for both beginners and C# and .NET programmers who have worked with C# in the past and want to catch up with the changes made in the past few years, this book doesn’t need you to have any C# or .NET experience. However, you should have a general understanding of programming before you jump in.",ieee,llm,0.960,unreviewed,,hash:1b7a73b651ce2fb2
kept,Migration model for rich internet applications based on PureMVC framework,Zhen Pang; Fuan Wen; Xiwei Pan; Cen Lu,2010,2010 International Conference On Computer Design and Applications,10.1109/ICCDA.2010.5541053,https://ieeexplore.ieee.org/document/5541053/,supports-claim,"With the development of Rich Internet Applications (RIAs) in recent years, the RIA technology is now widely deployed for user interface. But large amounts of conventional RIAs have close-coupled modules and not very well structure. They will become a great barrier for large scaled applications. In this paper we present an approach to transform conventional RIAs to structured well RIAs which are based on PureMVC framework. PureMVC is a lightweight framework for creating applications based upon the classic Model-View-Controller design meta-pattern. In this migration model, we adopt abstract structure view and abstract logical view to analyze original RIAs, and then make a smooth transform at a low cost. In addition, we introduce this migration model into a practical RIA and evaluate its utility.",ieee,llm,0.930,unreviewed,,doi:10.1109/iccda.2010.5541053
discarded,A New Method of Latin-To-Balinese Script Transliteration based on Bali Simbar Font,G. Indrawan; Sariyasa; I K. Paramarta,2019,2019 Fourth International Conference on Informatics and Computing (ICIC),10.1109/ICIC47613.2019.8985675,https://ieeexplore.ieee.org/document/8985675/,adjacent-subtopic,"As one of Balinese cultural richness, Balinese script writing is going to extinct because of its decreasing use. This research is one of the ways to preserve Balinese script writing using technological approach. Through collaboration between Software Engineering and Language discipline, this research focused on the development of a new method of Latin-to-Balinese script transliteration that can be used for a web/mobile learning application to give transliteration knowledge as one aspect of Balinese script writing. In this research area, this method utilized Bali Simbar font and was developed based on identified seventeen kinds of special words and three stages of string pattern process. Model-View-Controller (MVC) architectural pattern was used by this method, where each was implemented by using dictionary data structure (as a repository for words belong to seventeen kinds of special words), HTML (as a web/mobile application User Interface), and JavaScript (as controller between Model and View, where transliteration algorithm was written in here). The novelty of this method came from the accommodation of knowledge belong to seventeen kinds of special words through dictionary data structure look-up mechanism. Through the experiment, this method has passed over 98% (148 of 151) testing cases of The Balinese Alphabet writing rules and examples document. This result outperformed the best result of known existing method based on Bali Simbar font, i.e. Transliterasi Aksara Bali, that only has accuracy over 68% (103 of 151) cases of the same testing document.",ieee,llm,0.960,unreviewed,,doi:10.1109/icic47613.2019.8985675
discarded,iOS 15 Programming for Beginners: Kickstart your mobile app development journey by building iOS apps with Swift 5.5 and Xcode 13,Ahmad Sahar; Craig Clayton,2021,iOS 15 Programming for Beginners: Kickstart your mobile app development journey by building iOS apps with Swift 5.5 and Xcode 13,,https://ieeexplore.ieee.org/document/10162958/,adjacent-subtopic,"Learn iOS app development and work with Xcode 13 and Apple's iOS 15 simulatorsKey FeaturesExplore the latest features of Xcode 13 and the Swift 5.5 programming language in this updated sixth editionStart your iOS programming career and have fun building your own iOS appsDiscover the new features of iOS 15 such as Mac Catalyst, SwiftUI, Swift Concurrency, and SharePlayBook DescriptionWith almost 2 million apps on the App Store, iOS mobile apps continue to be incredibly popular. Anyone can reach millions of customers around the world by publishing their apps on the App Store. iOS 15 Programming for Beginners is a comprehensive introduction for those who are new to iOS. It covers the entire process of learning the Swift language, writing your own app, and publishing it on the App Store. Complete with hands-on tutorials, projects, and self-assessment questions, this easy-to-follow guide will help you get well-versed with the Swift language to build your apps and introduce exciting new technologies that you can incorporate into your apps. You'll learn how to publish iOS apps and work with Mac Catalyst, SharePlay, SwiftUI, Swift concurrency, and much more. By the end of this iOS development book, you'll have the knowledge and skills to write and publish interesting apps, and more importantly, to use the online resources available to enhance your app development journey.What you will learnGet to grips with the fundamentals of Xcode 13 and Swift 5.5, the building blocks of iOS developmentUnderstand how to prototype an app using storyboardsDiscover the Model-View-Controller design pattern and how to implement the desired functionality within an appImplement the latest iOS features such as Swift Concurrency and SharePlayConvert an existing iPad app into a Mac app with Mac CatalystDesign, deploy, and test your iOS applications with design patterns and best practicesWho this book is forThis book is for anyone who has programming experience but is new to Swift and iOS app development. Basics knowledge of programming, including loops, boolean, and so on, is necessary.",ieee,llm,0.780,unreviewed,,hash:0671cfe8fb52cd4b
kept,Programming Situational Mobile Web Applications with Cloud-Mobile Convergence: An Internetware-Oriented Approach,Gang Huang; Xuanzhe Liu; Yun Ma; Xuan Lu; Ying Zhang; Yingfei Xiong,2019,IEEE Transactions on Services Computing,10.1109/TSC.2016.2587260,https://ieeexplore.ieee.org/document/7505652/,supports-claim,"Mobile Web applications (a.k.a., Web apps) stand for an important trend for next-generation Internet-based software. Currently popular mobile Web apps need to be adapted to various and ever-changing contexts and personalized user requirements. Based on our over-decade research experiences and practice on the Internetware paradigm, this position article describes an Internetware-oriented approach to designing, developing, and deploying situational mobile Web apps, by synthesizing the resources and services of mobile and cloud. Guided by a novel Service-Model-View-Controller (SMVC) software model, a mobile Web app is organized into a well-defined structure that facilitates adaptation including online/offline data access, computation offloading, user interface optimization, hybrid composition, etc. We provide efficient runtime support spanning mobile and cloud to make mobile Web apps more flexibly adaptive. The proof-of-concept evaluation demonstrates that our approach can benefit end-users with optimized user experience of mobile Web apps.",ieee,llm,0.720,unreviewed,,doi:10.1109/tsc.2016.2587260
discarded,An Ada 95 sort race construction set,"Feldman, MB",1997,RELIABLE SOFTWARE TECHNOLOGIES - ADA-EUROPE '97,,https://www.webofscience.com/api/gateway?GWVersion=2&SrcApp=scholar-cli-kth&SrcAuth=WosAPI&KeyUT=WOS:000074027900003&DestLinkType=FullRecord&DestApp=WOS_CPL,adjacent-subtopic,,wos,llm,0.660,unreviewed,,hash:7817b5d57d16ca29
discarded,MAGMA: analysis of two-channel microarrays made easy,"Rehrauer, Hubert; Zoller, Stefan; Schlapbach, Ralph",2007,NUCLEIC ACIDS RESEARCH,10.1093/nar/gkm302,https://www.webofscience.com/api/gateway?GWVersion=2&SrcApp=scholar-cli-kth&SrcAuth=WosAPI&KeyUT=WOS:000255311500019&DestLinkType=FullRecord&DestApp=WOS_CPL,off-topic-false-hit,,wos,llm,0.950,unreviewed,,doi:10.1093/nar/gkm302
