status,title,authors,year,venue,doi,url,tags,abstract,provider,decision_source,llm_confidence,llm_review_outcome,llm_change_direction,paper_id
discarded,Best practices for single-cell analysis across modalities,Lukas Heumos; Anna Christina Schaar; Christopher Lance; Anastasia Litinetskaya; Felix Drost; Luke R. Zappia; Malte D. Luecken; Daniel C. Strobl; Juan Henao; Fabiola Curion; Hananeh Aliee; Meshal Ansari; Pau Badia-i-Mompel; Maren Büttner; Emma Dann; Daniel Dimitrov; Leander Dony; Amit Frishberg; Dongze He; Soroor Hediyeh-zadeh; Leon Hetzel; Ignacio L. Ibarra; Matthew G. Jones; Mohammad Lotfollahi; Laura D. Martens; Christian L. Müller; Mor Nitzan; Johannes Ostner; Giovanni Palla; Rob Patro; Zoe Piran; Ciro Ramírez-Suástegui; Julio Sáez-Rodríguez; Hirak Sarkar; Benjamin Schubert; Lisa Sikkema; Avi Srivastava; Jovan Tanevski; Isaac Virshup; Philipp Weiler; Herbert B. Schiller; Fabian Joachim Theis,2023,Nature Reviews Genetics,10.1038/s41576-023-00586-w,https://openalex.org/W4362521490,off-topic-false-hit,,openalex,llm,0.990,unreviewed,,doi:10.1038/s41576-023-00586-w
discarded,EEG and MEG Data Analysis in SPM8,Vladimir Litvak; Jérémie Mattout; Stefan J. Kiebel; Christophe L. M. Phillips; Richard N. Henson; James Morvan Kilner; Gareth Robert Barnes; Robert Oostenveld; Jean Daunizeau; Guillaume Flandin; W.D. Penny; Karl John Friston,2011,Computational Intelligence and Neuroscience,10.1155/2011/852961,https://openalex.org/W2028985479,off-topic-false-hit,"SPM is a free and open source software written in MATLAB (The MathWorks, Inc.). In addition to standard M/EEG preprocessing, we presently offer three main analysis tools: (i) statistical analysis of scalp-maps, time-frequency images, and volumetric 3D source reconstruction images based on the general linear model, with correction for multiple comparisons using random field theory; (ii) Bayesian M/EEG source reconstruction, including support for group studies, simultaneous EEG and MEG, and fMRI priors; (iii) dynamic causal modelling (DCM), an approach combining neural modelling with data analysis for which there are several variants dealing with evoked responses, steady state responses (power spectra and cross-spectra), induced responses, and phase coupling. SPM8 is integrated with the FieldTrip toolbox , making it possible for users to combine a variety of standard analysis methods with new schemes implemented in SPM and build custom analysis tools using powerful graphical user interface (GUI) and batching tools.",openalex,llm,0.990,unreviewed,,doi:10.1155/2011/852961
discarded,Democratising deep learning for microscopy with ZeroCostDL4Mic,Lucas von Chamier; Romain F. Laine; Johanna Jukkala; Christoph K. Spahn; Daniel Krentzel; Elias Nehme; Martina Lerche; Sara Hernández‐Pérez; Pieta K. Mattila; Eleni Karinou; Seamus J. Holden; Ahmet Can Solak; Alexander Krull; Tim-Oliver Buchholz; Martin L. Jones; Löıc A. Royer; Christophe Leterrier; Yoav Shechtman; Florian Jug; Mike Heilemann; Guillaume Jacquemet; Ricardo Henriques,2021,Nature Communications,10.1038/s41467-021-22518-0,https://openalex.org/W3156859314,off-topic-false-hit,"Deep Learning (DL) methods are powerful analytical tools for microscopy and can outperform conventional image processing pipelines. Despite the enthusiasm and innovations fuelled by DL technology, the need to access powerful and compatible resources to train DL networks leads to an accessibility barrier that novice users often find difficult to overcome. Here, we present ZeroCostDL4Mic, an entry-level platform simplifying DL access by leveraging the free, cloud-based computational resources of Google Colab. ZeroCostDL4Mic allows researchers with no coding expertise to train and apply key DL networks to perform tasks including segmentation (using U-Net and StarDist), object detection (using YOLOv2), denoising (using CARE and Noise2Void), super-resolution microscopy (using Deep-STORM), and image-to-image translation (using Label-free prediction - fnet, pix2pix and CycleGAN). Importantly, we provide suitable quantitative tools for each network to evaluate model performance, allowing model optimisation. We demonstrate the application of the platform to study multiple biological processes.",openalex,llm,0.990,unreviewed,,doi:10.1038/s41467-021-22518-0
discarded,"Open Ephys: an open-source, plugin-based platform for multichannel electrophysiology",Joshua H. Siegle; Aarón Cuevas-López; Yogi Patel; Kirill Abramov; Shay Ohayon; Jakob Voigts,2017,Journal of Neural Engineering,10.1088/1741-2552/aa5eea,https://openalex.org/W2586123043,off-topic-false-hit,"OBJECTIVE: Closed-loop experiments, in which causal interventions are conditioned on the state of the system under investigation, have become increasingly common in neuroscience. Such experiments can have a high degree of explanatory power, but they require a precise implementation that can be difficult to replicate across laboratories. We sought to overcome this limitation by building open-source software that makes it easier to develop and share algorithms for closed-loop control. APPROACH: We created the Open Ephys GUI, an open-source platform for multichannel electrophysiology experiments. In addition to the standard 'open-loop' visualization and recording functionality, the GUI also includes modules for delivering feedback in response to events detected in the incoming data stream. Importantly, these modules can be built and shared as plugins, which makes it possible for users to extend the functionality of the GUI through a simple API, without having to understand the inner workings of the entire application. MAIN RESULTS: In combination with low-cost, open-source hardware for amplifying and digitizing neural signals, the GUI has been used for closed-loop experiments that perturb the hippocampal theta rhythm in a phase-specific manner. SIGNIFICANCE: The Open Ephys GUI is the first widely used application for multichannel electrophysiology that leverages a plugin-based workflow. We hope that it will lower the barrier to entry for electrophysiologists who wish to incorporate real-time feedback into their research.",openalex,llm,0.980,unreviewed,,doi:10.1088/1741-2552/aa5eea
discarded,Plant Species Identification Using Computer Vision Techniques: A Systematic Literature Review,Jana Wäldchen; Patrick Mäder,2017,Archives of Computational Methods in Engineering,10.1007/s11831-016-9206-z,https://openalex.org/W2568155635,off-topic-false-hit,"Species knowledge is essential for protecting biodiversity. The identification of plants by conventional keys is complex, time consuming, and due to the use of specific botanical terms frustrating for non-experts. This creates a hard to overcome hurdle for novices interested in acquiring species knowledge. Today, there is an increasing interest in automating the process of species identification. The availability and ubiquity of relevant technologies, such as, digital cameras and mobile devices, the remote access to databases, new techniques in image processing and pattern recognition let the idea of automated species identification become reality. This paper is the first systematic literature review with the aim of a thorough analysis and comparison of primary studies on computer vision approaches for plant species identification. We identified 120 peer-reviewed studies, selected through a multi-stage process, published in the last 10 years (2005-2015). After a careful analysis of these studies, we describe the applied methods categorized according to the studied plant organ, and the studied features, i.e., shape, texture, color, margin, and vein structure. Furthermore, we compare methods based on classification accuracy achieved on publicly available datasets. Our results are relevant to researches in ecology as well as computer vision for their ongoing research. The systematic and concise overview will also be helpful for beginners in those research fields, as they can use the comparable analyses of applied methods as a guide in this complex activity.",openalex,llm,0.990,unreviewed,,doi:10.1007/s11831-016-9206-z
discarded,User-friendly workflows for catchment modelling: Towards reproducible SWAT+ model studies,Celray James Chawanda; Chris George; Wim Thiery; Ann van Griensven; Jaclyn Tech; Jeffrey G. Arnold; Raghavan Srinivasan,2020,Environmental Modelling & Software,10.1016/j.envsoft.2020.104812,https://openalex.org/W3082982124,off-topic-false-hit,"A Graphical User Interface (GUI) is regularly used to support model applications in catchment hydrological modelling software. A GUI is generally user-friendly for novice users but opens sources of irreproducible research. We illustrate that none of the 10 Soil and Water Assessment Tool (SWAT) models over the Upper Blue Nile can easily be reproduced. Scripted workflows provide the ability to reproduce model set-ups, but they may be less user-friendly especially to novice users. We present a software (SWAT + AW) that promotes reproducible SWAT + model studies while remaining user-friendly for both novice and expert users. SWAT + AW uses a configuration file to create models that are compatible with GUI. We applied the workflow to the Blue Nile catchment and show that it yields the same results the SWAT + GUI. We conclude that such user-friendly scripted workflows enhance reproducibility, transparency and reusability of hydrological models. The software is publicly available at https://github.com/VUB-HYDR/SWATPlus-AW.",openalex,llm,0.980,unreviewed,,doi:10.1016/j.envsoft.2020.104812
discarded,"Comparing Response Time, Errors, and Satisfaction Between Text-based and Graphical User Interfaces During Nursing Order Tasks",Nancy Staggers; David A. Kobus,2000,Journal of the American Medical Informatics Association,10.1136/jamia.2000.0070164,https://openalex.org/W1783750984,off-topic-false-hit,"Despite the general adoption of graphical users interfaces (GUIs) in health care, few empirical data document the impact of this move on system users. This study compares two distinctly different user interfaces, a legacy text-based interface and a prototype graphical interface, for differences in nurses' response time (RT), errors, and satisfaction when the interfaces are used in the performance of computerized nursing order tasks. In a medical center on the East Coast of the United States, 98 randomly selected male and female nurses completed 40 tasks using each interface. Nurses completed four different types of order tasks (create, activate, modify, and discontinue). Using a repeated-measures and Latin square design, the study was counterbalanced for tasks, interface types, and blocks of trials. Overall, nurses had significantly faster response times (P < 0.0001) and fewer errors (P < 0.0001) using the prototype GUI than the text-based interface. The GUI was also rated significantly higher for satisfaction than the text system, and the GUI was faster to leam (P < 0.0001). Therefore, the results indicated that the use of a prototype GUI for nursing orders significantly enhances user performance and satisfaction. Consideration should be given to redesigning older user interfaces to create more modern ones by using human factors principles and input from user-centered focus groups. Future work should examine prospective nursing interfaces for highly complex interactions in computer-based patient records, detail the severity of errors made on line, and explore designs to optimize interactions in life-critical systems.",openalex,llm,0.990,unreviewed,,doi:10.1136/jamia.2000.0070164
discarded,Instrumental interaction,Michel Beaudouin-Lafon,2000,,10.1145/332040.332473,https://openalex.org/W2133353349,off-topic-false-hit,"This article introduces a new interaction model called Instrumental Interaction that extends and generalizes the principles of direct manipulation. It covers existing interaction styles, including traditional WIMP interfaces, as well as new interaction styles such as two-handed input and augmented reality. It defines a design space for new interaction techniques and a set of properties for comparing them. Instrumental Interaction describes graphical user interfaces in terms of domain objects and interaction instruments. Interaction between users and domain objects is mediated by interaction instruments, similar to the tools and instruments we use in the real world to interact with physical objects. The article presents the model, applies it to describe and compare a number of interaction techniques, and shows how it was used to create a new interface for searching and replacing text.",openalex,llm,0.980,unreviewed,,doi:10.1145/332040.332473
discarded,Effects of training and representational characteristics in icon design,Ravindra S. Goonetilleke; Heloisa Martins Shih; Hung Kai On; Julien Fritsch,2001,International Journal of Human-Computer Studies,10.1006/ijhc.2001.0501,https://openalex.org/W2144009694,off-topic-false-hit,,openalex,llm,0.960,unreviewed,,doi:10.1006/ijhc.2001.0501
discarded,Recent developments in the PHENIX software for automated crystallographic structure determination,Paul D. Adams; Kreshna Gopal; Ralf W. Grosse‐Kunstleve; Li‐Wei Hung; Thomas R. Ioerger; Airlie J. McCoy; Nigel W. Moriarty; Reetal K. Pai; Randy J. Read; Tod D. Romo; James C. Sacchettini; Nicholas K. Sauter; Laurent C. Storoni; Thomas C. Terwilliger,2003,Journal of Synchrotron Radiation,10.1107/s0909049503024130,https://openalex.org/W2150687797,off-topic-false-hit,"A new software system called PHENIX (Python-based Hierarchical ENvironment for Integrated Xtallography) is being developed for the automation of crystallographic structure solution. This will provide the necessary algorithms to proceed from reduced intensity data to a refined molecular model, and facilitate structure solution for both the novice and expert crystallographer. Here, the features of PHENIXare reviewed and the recent advances in infrastructure and algorithms are briefly described.",openalex,llm,0.990,unreviewed,,doi:10.1107/s0909049503024130
discarded,Graphical User Interfaces forR,Pedro Valero‐Mora; Rubén Daniel Ledesma,2012,Journal of Statistical Software,10.18637/jss.v049.i01,https://openalex.org/W1929077188,off-topic-false-hit,"Since R was first launched, it has managed to gain the support of an ever-increasing percentage of academic and professional statisticians. However, the spread of its use among novice and occasional users of statistics have not progressed at the same pace, which can be attributed partially to the lack of a graphical user interface (GUI). Nevertheless, this situation has changed in the last years and there is currently several projects that have added GUIs to R. This article discusses briefly the history of GUIs for data analysis and then introduces the papers submitted to an special issue of the Journal of Statistical Software on GUIs for R.",openalex,llm,0.970,unreviewed,,doi:10.18637/jss.v049.i01
kept,Visual Tracing System for Novice Programmers of Java Applets Using Aspect-Oriented Programming,Masayuki Arai,2009,2009 International Conference on Computational Intelligence and Software Engineering,10.1109/CISE.2009.5365015,https://ieeexplore.ieee.org/document/5365015/,supports-claim,"The present paper describes the design of a visual tracing system that helps novice programmers of Java applets to acquire the capability of tracing source programs. Java applets are user-friendly because they have a graphical user interface (GUI). For this reason, Java applets are often used in learning programming. However, for novice programmers using Java applets, it is difficult to trace execution methods, which are driven by events, such as clicking on a GUI button, and the source code itself. In order to address this problem, we introduce a design for a visual tracing system. Furthermore, we propose a method by which to alter the functions of the system according to the skill level of the individual learner using aspect-oriented programming.",ieee,llm,0.980,unreviewed,,doi:10.1109/cise.2009.5365015
discarded,Web Based Programming Assistance Tool for Novices,Anmol More; Jitendra Kumar; Renumol V. G.,2011,2011 IEEE International Conference on Technology for Education,10.1109/T4E.2011.55,https://ieeexplore.ieee.org/document/6004399/,adjacent-subtopic,"One of the grand challenges in computing education is to teach programming to novice students. Typically, novices find it difficult to understand compiler error messages. Hence a prototype of web based programming assistance tool has been developed to assist them in the programming process. It is an online program development environment to help beginners to debug programs in C language. The debugger component assists to identify the errors and fix them. Hints will be provided to deal with the compiler error messages. The system comprises of a GUI editor, a GCC compiler and a central database. The database stores a list of almost all compiler error messages, and the corresponding fixes and hints. Based on the error messages generated after compilation, queries are sent to the database and the relevant fixes are presented to the programmer.",ieee,llm,0.980,unreviewed,,doi:10.1109/t4e.2011.55
discarded,Machine Learning Based Dynamic Difficulty Adaptation for Chess,Mohamed Gamal; Amal Aboulhassan; Yomna M.I. Hassan,2025,"2025 International Mobile, Intelligent, and Ubiquitous Computing Conference (MIUCC)",10.1109/MIUCC66482.2025.11196851,https://ieeexplore.ieee.org/document/11196851/,off-topic-false-hit,"Chess enhances problem-solving and decisionmaking skills. Traditional chess often features static difficulty, which can frustrate novices or bore masters. Dynamic Difficulty Adaptation (DDA) addresses this by adjusting the game's challenge based on player performance, enabling personalized learning and engagement. DDA relies on game analytics by collecting and interpreting performance data such as move timing, accuracy, and positional evaluations compared to top engines. In chess, the structured gameplay and availability of engines like Stockfish offer an ideal environment for DDA. By integrating game analytics, DDA can apply adjustments responsive to the player's current ability rather than relying on fixed difficulty presets. This approach tailors the gaming experience to individual skill levels, preventing novice frustration and keeping expert players challenged. Thus, game analytics enhances DDA in chess, creating an adaptive environment that caters to a broad spectrum of players.",ieee,llm,0.990,unreviewed,,doi:10.1109/miucc66482.2025.11196851
discarded,"Teaching computer programming: Practices, difficulties and opportunities",Sandra Milena Merchán Rubiano; Orlando López-Cruz; Esteban Gómez Soto,2015,2015 IEEE Frontiers in Education Conference (FIE),10.1109/FIE.2015.7344184,https://ieeexplore.ieee.org/document/7344184/,adjacent-subtopic,"It is highly recognized that difficulties involved in teaching programming in an introductory course, arise from the cognitive process complexity that is necessary for developing this ability. Previous studies on the best first programming language or the best first programming paradigm have been conducted. Even, the most appropriate integrated development environment (IDE) for novice programmers has been inquired, and the most appropriate problem solving strategy to teach to write computable solutions has been researched. From the investigation in a sample of Bogota universities, and from a holistic perspective, this paper presents an overview of the most common practices and difficulties in teaching these courses, providing important information to help diagnose possible weaknesses in the current process of teaching as well as providing some elements to consider in the design of new strategies, resources and planning criteria for these formative scenarios.",ieee,llm,0.910,unreviewed,,doi:10.1109/fie.2015.7344184
discarded,CUTE-the design and evolution of a first year programming environment,N.I. Churcher; A.J.G. Cockburn; B.N. McMaster; J. Horlor,1998,Proceedings. 1998 International Conference Software Engineering: Education and Practice (Cat. No.98EX220),10.1109/SEEP.1998.707644,https://ieeexplore.ieee.org/document/707644/,adjacent-subtopic,"A first computer science course should give students an appreciation of software engineering principles and not merely teach programming skills in isolation. This is a difficult task, especially within the constraints imposed by a semester system. We report the evolution of the Canterbury University Teaching Environment (CUTE) which we have used successfully since 1993 to support our first year programming courses. CUTE provides novice programmers with a simple graphical user interface (GUI) to important software development tools and services while shielding them from the underlying Unix system. This not only allows students to focus on core material within the constraints of the semester system but also simplifies administration.",ieee,llm,0.960,unreviewed,,doi:10.1109/seep.1998.707644
