status,title,authors,year,venue,doi,url,tags,abstract,provider,decision_source,llm_confidence,llm_review_outcome,llm_change_direction,paper_id
discarded,Issues In A User Access Management System,M.J. Muller; J.S. Kaminski; G.J. Stuk; J.C. Zolnowski; A. Shlifterstein; J.G. Smith; J.E. Daniel; D.T. Bartell; J.A. Wotus; G.J. Schwerdtman,1988,"Proceedings of the 1988 IEEE International Conference on Systems, Man, and Cybernetics",10.1109/ICSMC.1988.712851,https://ieeexplore.ieee.org/document/712851/,adjacent-subtopic,"Current efforts in end-user computing are focused in part on the need to provide more facile access to information, rather than individual systems and data. User Access Management System (UAMS) technology gives an underlying framework for this access. A UAMS is a network component that interfaces between the end-user and one or more applications residing on local or remote hosts. The UAMS provides services and capabilities such as network address resolution, user interface management system (UIMS), device independence, and automated information access. In this paper, we provide our definition of a UAMS, and describe a variety of issues germane to the on-going exploration of this technology.",ieee,llm,0.850,unreviewed,,doi:10.1109/icsmc.1988.712851
kept,Tools for building advanced user interfaces,J. L. Bennett,1986,IBM Systems Journal,10.1147/sj.253.0354,https://ieeexplore.ieee.org/document/5387683/,supports-claim,"System developers are noticing that their design decisions strongly affect computer usability. The design of the user interface has an important bearing on the knowledge users must have to accomplish work through the user-computer interface. Recognition of this fact is leading to the development of User Interface Management Systems (UIMSs). A UIMS is a design concept for separating the details of user interaction from the details of advanced applications. This paper shows how UIMS research and research into the representation of user process knowledge (i.e., user how-to-do-it skills) can help developers understand issues involving ease of learning and ease of use. This parallel progress in UIMS development and in user modeling makes it easier to build high-quality advanced user interfaces.",ieee,llm,0.970,unreviewed,,doi:10.1147/sj.253.0354
kept,The VIP interface design system,R.E. Droms; K.-T. Huang; C.B. Swart,1988,[Proceedings] 1988 IEEE Workshop on Visual Languages,10.1109/WVL.1988.18017,https://ieeexplore.ieee.org/document/18017/,supports-claim,"The goals of user interface management systems (UIMS) research are to reduce the high cost of implementing user interfaces and to increase the functionality of highly interactive, visually oriented user interfaces. The visual interface programming (VIP) system realizes the independence of the interface and computation functions of many programs and allows interface designers, whose expertise might lie in areas other than traditional computer programming, to construct interfaces independent of the development of other program components. The authors describe the structure of VIP and the principles that have guided its development.<>",ieee,llm,0.960,unreviewed,,doi:10.1109/wvl.1988.18017
kept,An education-oriented development framework research for business demand alteration,Ming Jing; Xueqing Li; Qi Bin,2008,2008 IEEE International Symposium on IT in Medicine and Education,10.1109/ITME.2008.4743849,https://ieeexplore.ieee.org/document/4743849/,supports-claim,"This paper designs and implements a development framework that fits the development of educational management information system (EMIS), and provides an interface-generated user interface management system (UIMS) components and flexible permissions management modules. Considering the complex technological process of business in EMIS, we implements workflow components and rule engine modules in the development framework to support the requirements. The controller-layered encapsulation in the development framework separates the interface design from the business development phase, and reduces development difficulty of educational management information system. Based upon the development framework proposed in this paper, several typical modules in the post-graduate EMIS as enrollment, cultivation, degree and graduation management are designed and implemented. Developers can efficiently create a new educational management information system, on the proposed development framework and business modules.",ieee,llm,0.900,unreviewed,,doi:10.1109/itme.2008.4743849
kept,Completing the job interface design,J. Rudolf; C. Waite,1992,IEEE Software,10.1109/52.168854,https://ieeexplore.ieee.org/document/168854/,supports-claim,"HyperNews, a user-interface management system that lets a user separate application and interface design to link a new interface to an old application with very little programming, is described. Much of a HyperNews interface can be designed without writing any code at all. With direct manipulation, a user can design a graphical user interface simply by creating, moving, and resizing objects on the screen. Experimentation with different interface styles is possible with less effort in HyperNews compared to specification languages and tool kits, and immediate feedback can result in extremely fast development. The ways HyperNews provides communication capabilities among all HyperNews objects (such as control objects, cards, backgrounds, and stacks) and links interfaces to internal applications, which were developed within HyperNews, to external applications, or to existing applications developed without HyperNews are discussed.<>",ieee,llm,0.960,unreviewed,,doi:10.1109/52.168854
discarded,Tools for human-computer interface and dialogue management,R. Vajde; I. Rozman,1991,[1991 Proceedings] 6th Mediterranean Electrotechnical Conference,10.1109/MELCON.1991.162043,https://ieeexplore.ieee.org/document/162043/,supports-claim; adjacent-subtopic,"The basic principles of a new area of a human-computer interface and dialogue management are described. The basic definitions of the human-computer interface, human-computer dialogue, and dialogue independence are given, and a few of the most widely used interface representation techniques are presented. Some of the tools for interface and dialogue management which are a result of the authors' research are described.<>",ieee,llm_reviewed,0.940,changed,kept->discarded,doi:10.1109/melcon.1991.162043
kept,Unified User Interface for a CAD System,A. Di Janni; M. Italiano,1985,22nd ACM/IEEE Design Automation Conference,10.1109/DAC.1985.1585906,https://ieeexplore.ieee.org/document/1585906/,supports-claim,"This paper deals with a part of the framework of a CAD system for VLSI circuit; namely the one concerned with the input-output information management. Of course the accent is put on the graphical information due to the characteristics of the specific domain. The package has mainly two purposes: one being to provide facilities to the application programmer in order to ease their tasks and the other one being to provide a uniform environment to the user of the CAD system. The described UIMS system possesses some of the more widely lauded attributes, like device independence, feedback at both syntactic and semantic levels, internal automatic recovery, style independent interface toward the application, management of structured graphic output, high level graphic functions and a simple definition language.",ieee,llm,0.760,unreviewed,,doi:10.1109/dac.1985.1585906
discarded,User-interface development tools,E. Lee; F. Hall; A. Bowers; S. Yang; L. Bass; A. Lemke; Y.-P. Shan,1990,IEEE Software,10.1109/52.55225,https://ieeexplore.ieee.org/document/55225/,adjacent-subtopic,"A brief description is given of three approaches to user-interface development: tool kits, user-interface management systems (UIMS), and interactive design tools. Six selected tools are then introduced, in separate presentations, by their originating organization. They provide a cross-section of work in progress today. The tools selected represent a combination of traditional UIMs and new interactive design tools, although they all call themselves UIMs. The tools covered are: UIMX; Jam; Speedcode Universe; Serpent; Framer; and Mode.<>",ieee,llm,0.780,unreviewed,,doi:10.1109/52.55225
kept,Improving accessibility with user-tailored interfaces,"Gonzalez-Rodriguez, Martin; Manrubia, Jorge; Vidau, Agueda; Gonzalez-Gallego, Marcos",2009,APPLIED INTELLIGENCE,10.1007/s10489-007-0098-3,https://www.webofscience.com/wos/woscc/full-record/WOS:000261831100007,supports-claim,"The first stage in the design of a user interface is the quest for its 'typical user', an abstract generalization of each user of the application. However, in web systems and other scenarios where the application can be used by dozens of different kinds of users, the identification of this 'typical user' is quite difficult, if not impossible. Our proposal is to avoid the construction of interactive dialogs during the design stage, building them dynamically once the specific cognitive, perceptual and motor requirements of the current user are known: that is, during the execution stage. This is the approach used by GADEA, an intelligent user interface management system (UIMS) able to separate the functionality of an application from its interface in real time. The system adapts the components of the interface depending on the information stored in a user model which is continuously updated by a small army of data-gathering agents.",wos,llm,0.880,unreviewed,,doi:10.1007/s10489-007-0098-3
discarded,Distribution of Human-Machine Interfaces in System-of-Systems Engineering,"Leuchter, Sandro; Muehlenberg, Dirk",2009,"HUMAN INTERFACE AND THE MANAGEMENT OF INFORMATION: DESIGNING INFORMATION ENVIRONMENTS, PT I",,https://www.webofscience.com/wos/woscc/full-record/WOS:000271797700031,adjacent-subtopic,"System-of-systems integration requires sharing of data, algorithms, user authorization/authentication, and user interfaces between independent systems. While SOA promises to solve the first issues the latter is still open. Within an experimental prototype for a distributed information system we have tested different methods to share not only the algorithmics and data of services but also their user interface. The experimental prototype consists of nodes providing services within process portals and nodes realizing services with software agents. Some of the services were extended with WSRP (web service remote portlet) to provide their own user interface components that can be transmitted between separated containers and application servers. Interoperability tests were conducted on JBoss and BEA Portal Workshop. Open questions remain on how the layout of one component should influence the internal layout of other GUI-components displayed concurrently. Former work on user interface management systems could improve todays tools in that respect.",wos,llm,0.920,unreviewed,,hash:9a6c91180dba0a39
kept,Toward multi-disciplinary model-based (re)design of sustainable user interfaces,"Van den Bergh, Jan; Haesen, Mieke; Luyten, Kris; Notelaers, Sofie; Coninx, Karin",2008,"INTERACTIVE SYSTEMS: DESIGN, SPECIFICATION, AND VERIFICATION, PROCEEDINGS",,https://www.webofscience.com/wos/woscc/full-record/WOS:000258912000016,supports-claim,"This paper reports on our experience in using the MuiCSer process framework for the redesign of the user interface for operating an industrial digital printing system. MuiCSer is created to support the user-centered interface design of new and legacy systems by a multi-disciplinary team. The process framework is created to enhance increased flexibility, usability and sustainability of the designed user interfaces. Resulting user interfaces are decoupled from the application logic, but still help to maintain consistency with the available functionality even when this changes over time. This report focuses on the usage of the task model during the analysis of the current user interface, the creation of user interface prototypes at various fidelity levels and the still ongoing realization of a flexible user interface management system to support future changes of the deployed user interfaces.",wos,llm,0.930,unreviewed,,hash:bd8f6aaa0fe11bd3
kept,An Education-Oriented Development Framework Research for Business Demand Alteration,"Jing, Ming; Li, Xueqing; Bin, Qi",2008,"2008 IEEE INTERNATIONAL SYMPOSIUM ON IT IN MEDICINE AND EDUCATION, VOLS 1 AND 2, PROCEEDINGS",,https://www.webofscience.com/wos/woscc/full-record/WOS:000262930600039,supports-claim,"This paper designs and implements a development framework that fits the development of educational management information system(EMIS), and provides an interface-generated User Interface Management System (UIMS) components and flexible Permissions Management modules. Considering the complex technological process of business in EMIS, we implements workflow components and ride engine modules in the development framework to support the requirements. The controller-layered encapsulation in the development framework separates the interface design from the business development phase, and reduces development difficulty of educational management information system. Based upon the development framework proposed in this paper, several typical modules in the post-graduate EMIS as Enrollment, Cultivation, Degree and Graduation Management are designed and implemented Developers can efficiently create a new educational management information system, on the proposed development framework and business modules.",wos,llm,0.880,unreviewed,,hash:9911d442749149a2
discarded,Distributed applications for collaborative three-dimensional workspaces,"Schmalstieg, D; Reitmayr, G; Hesina, G",2003,PRESENCE-VIRTUAL AND AUGMENTED REALITY,,https://www.webofscience.com/wos/woscc/full-record/WOS:000181873600005,qualifies-claim; adjacent-subtopic,"This paper focuses on the distributed architecture of the collaborative three-dimensional user interface management system, Studierstube. The system allows multiple users to experience a shared 3D workspace populated by multiple applications using see-through head-mounted displays or other presentation media such as projection systems. Building large, ubiquitous, or mobile workspaces requires distribution of applications over several hosts in varying and dynamic configurations. The system design is based on a distributed shared scene graph that alleviates the application programmer from explicitly considering distribution and that avoids a separation of graphical and application data. The idea of unifying all system data in the scene graph is taken to its logical consequence by implementing application instances as nodes in the scene graph. Through the distributed shared scene graph mechanism, consistency of scene graph replicas and the contained application nodes is assured. Dynamic configuration management is based on application migration between participating hosts and a spatial model of locales allowing dynamic work-group management. We describe a number of experimental workspaces that demonstrate the use of these configuration management techniques.",wos,llm_reviewed,0.840,changed,kept->discarded,hash:6f0897787c9bef6c
discarded,PENGUIN - A portable environment for a graphical user interface,"Fischer, M",1997,"WSCG '97: THE FIFTH INTERNATIONAL CONFERENCE IN CENTRAL EUROPE ON COMPUTER GRAPHICS AND VISUALIZATION '97, CONFERENCE PROCEEDINGS, VOL 1-4",,https://www.webofscience.com/wos/woscc/full-record/WOS:000074357800016,adjacent-subtopic,"Although designers of user interfaces can choose between several different use-interface management systems like InterViews, Fresco, Motif, Tcl/Tk, ET++, Forms, or WIN1 none of these systems is portable between different operating systems. Most of them are fixed to the X Window system. AII of them provide a large number of dialog objects, i.e. a large number of object classes like buttons or sliders. The complexity of the interfaces is further increased by the diversity of the individual objects(push buttons, cheek buttons,...). As a consequence, the training period for programers becomes unacceptably long. They are not designed to be easily extendible if the functionality provided is insufficient. The reusability of their objects is small. It is very hard to integrate them into another environment, e.g.use them in combination with a special graphics package. In this situation we felt the need for a portable graphical user interface that is easy to learn and easy to use still providing an adequate functionality.",wos,llm,0.900,unreviewed,,hash:d66435c32ebbfc78
discarded,JB-UIDS - An interactive UIMS based on OSF/Motif,"Chen, M; Sun, HH; Dong, SH",1996,FOURTH INTERNATIONAL CONFERENCE ON COMPUTER-AIDED DESIGN AND COMPUTER GRAPHICS,,https://www.webofscience.com/wos/woscc/full-record/WOS:A1996BF35B00118,adjacent-subtopic,,wos,llm,0.640,unreviewed,,hash:6c6d590f541ad526
kept,IMPLEMENTING DIALOGUE INDEPENDENCE,"SOTIROVSKI, DM; KRUCHTEN, PB",1995,IEEE SOFTWARE,,https://www.webofscience.com/wos/woscc/full-record/WOS:A1995TB59700012,supports-claim,"Dialogue independence - the decoupling of the Computer-Human Interface from the core application software - can be achieved simply through an appropriate architectural framework, with no loss of efficiency. We show that the objective of dialogue independence can be decomposed into three separate subgoals that a software architecture must resolve; existence, property, and transition. We identify architectural patterns that satisfy all three subgoals, and give a rough sketch of their design and implementation.

We chose an air-traffic-control system to illustrate our proposed decomposition because of our experience with it and because it exposes many of the difficulties inherent in a typical, large CHI software architecture. We use the terminology of object-oriented software architecture, but we propose a decomposition that is independent of the methodology used.",wos,llm,0.990,unreviewed,,hash:fd036cd0f6d20e05
kept,TOOLS FOR BUILDING THE HUMAN-COMPUTER INTERFACE OF A DECISION-SUPPORT SYSTEM,"RATHNAM, S; MANNINO, MV",1995,DECISION SUPPORT SYSTEMS,,https://www.webofscience.com/wos/woscc/full-record/WOS:A1995QA00100003,supports-claim; qualifies-claim,"There has been a recent trend towards using graphical, direct-manipulation interfaces in Decision Support Systems (DSS). The development of graphical, direct-manipulation interfaces for a DSS is often expensive in programming resources and elapsed time. To reduce the time and cost of interface development, User Interface Management Systems (UIMS) have been developed. The guiding principles of UIMSs are the re-use of interface code, the promotion of interfaces with a consistent ''look and feel'', and the separation of the functional part of an application from its interface. UIMSs have not been as successful as expected, even if due consideration is given to the immaturity of the technology. We feel this is due to a poor understanding of the basic theoretical formalisms and software design principles for UIMSs as well as the variety of competing standards. This expository paper surveys UIMSs and their role in the construction of the human-computer interface of DSSs. It covers the formalisms underlying UIMSs and describes representative systems. It then describes the direction DSS interfaces are headed towards by presenting illustrative examples of recent systems. Finally, we raise a set of six issues that need to be addressed if UIMSs are to become a standard tool to build DSSs.",wos,llm,0.980,unreviewed,,hash:c5a6c590277952b4
kept,VISUAL PROGRAMMING INTERFACE FOR AN IMAGE-PROCESSING ENVIRONMENT,"KOELMA, D; SMEULDERS, A",1994,PATTERN RECOGNITION LETTERS,,https://www.webofscience.com/wos/woscc/full-record/WOS:A1994PQ22400005,supports-claim,"The paper presents a visual programming interface for an image processing environment improving traditional interfaces by combining the user-friedliness of the menu and dialogue approach with programming capabilities. The interface gives a layman the opportunity to develop powerful image processing applications in a two-dimensional, data flow metaphor. This metaphor provides a better insight into the structure of an application than a traditional interface.

The visual programming interface was developed in the principle of dialogue independence (Hartson and Hix, 1989). The communication between the user interface components and the computational components is well defined without jeopardizing the expressive power of the user interface. This allows for the independent development of image processing functions and user interface aspects. The integration of new functions into the environment is trivial.",wos,llm,0.970,unreviewed,,hash:56c040af49492a57
kept,SEPARATIONS OF CONCERNS IN THE CHIRON-1 USER-INTERFACE DEVELOPMENT AND MANAGEMENT-SYSTEM,"TAYLOR, RN; JOHNSON, GF",1993,HUMAN FACTORS IN COMPUTING SYSTEMS,,https://www.webofscience.com/wos/woscc/full-record/WOS:A1993BZ64B00066,supports-claim,,wos,llm,0.930,unreviewed,,hash:e27382c9dd304f4e
