status,title,authors,year,venue,doi,url,tags,abstract,provider,decision_source,llm_confidence,llm_review_outcome,llm_change_direction,paper_id
discarded,Online Examination System of Japanese Course Based on WeChat Mini Program,L. Niu,2023,Lecture Notes on Data Engineering and Communications Technologies,10.1007/978-3-031-28893-7_79,https://www.scopus.com/inward/record.uri?partnerID=HzOxMe3b&scp=85152019809&origin=inward,adjacent-subtopic,,scopus,llm,0.940,unreviewed,,doi:10.1007/978-3-031-28893-7_79
discarded,Developing and validating high-value patient digital follow-up services: a pilot study in cardiac surgery,A. Londral,2022,BMC Health Services Research,10.1186/s12913-022-08073-4,https://www.scopus.com/inward/record.uri?partnerID=HzOxMe3b&scp=85130375105&origin=inward,off-topic-false-hit,,scopus,llm,0.970,unreviewed,,doi:10.1186/s12913-022-08073-4
discarded,A Comprehensive Experiment Approach to Enhancing Computer Engineering Ability,L. Zhang,2022,Proceedings Frontiers in Education Conference Fie,10.1109/FIE56618.2022.9962680,https://www.scopus.com/inward/record.uri?partnerID=HzOxMe3b&scp=85143779677&origin=inward,adjacent-subtopic,,scopus,llm,0.880,unreviewed,,doi:10.1109/fie56618.2022.9962680
discarded,Validating HyDe: Intelligent Method for Inferring Software Architectures from Mobile Codebase,D. Dobrean,2022,Communications in Computer and Information Science,10.1007/978-3-030-96648-5_1,https://www.scopus.com/inward/record.uri?partnerID=HzOxMe3b&scp=85125228106&origin=inward,adjacent-subtopic,,scopus,llm,0.840,unreviewed,,doi:10.1007/978-3-030-96648-5_1
discarded,Usability Measurement in User Interface Design Using Heuristic Evaluation Severity Rating (Case Study: Mobile TA Application based on MVVM),M.I.S.B. Khairat,2022,2022 IEEE 12th Annual Computing and Communication Workshop and Conference Ccwc 2022,10.1109/CCWC54503.2022.9720876,https://www.scopus.com/inward/record.uri?partnerID=HzOxMe3b&scp=85127699566&origin=inward,adjacent-subtopic,,scopus,llm,0.940,unreviewed,,doi:10.1109/ccwc54503.2022.9720876
discarded,Assistant Teaching of Hurdle Technology Based on Mobile Communication Multimedia Technology and MVP Theory,T. Zhou,2022,Mobile Information Systems,10.1155/2022/3083169,https://www.scopus.com/inward/record.uri?partnerID=HzOxMe3b&scp=85139735862&origin=inward,off-topic-false-hit,,scopus,llm,0.990,unreviewed,,doi:10.1155/2022/3083169
discarded,Trustworthy Software Development-Practical view of security processes through MVP methodology,C. Shiang-Jiun,2022,International Conference on Advanced Communication Technology Icact,10.23919/ICACT53585.2022.9728811,https://www.scopus.com/inward/record.uri?partnerID=HzOxMe3b&scp=85127534656&origin=inward,off-topic-false-hit,,scopus,llm,0.820,unreviewed,,doi:10.23919/icact53585.2022.9728811
discarded,Mobile Health Apps to Facilitate Self-Care: A Qualitative Study of User Experiences,Kevin Anderson; Oksana Burford; Lynne Emmerton,2016,PLoS ONE,10.1371/journal.pone.0156164,https://openalex.org/W2395164927,off-topic-false-hit,"OBJECTIVE: Consumers are living longer, creating more pressure on the health system and increasing their requirement for self-care of chronic conditions. Despite rapidly-increasing numbers of mobile health applications ('apps') for consumers' self-care, there is a paucity of research into consumer engagement with electronic self-monitoring. This paper presents a qualitative exploration of how health consumers use apps for health monitoring, their perceived benefits from use of health apps, and suggestions for improvement of health apps. MATERIALS AND METHODS: 'Health app' was defined as any commercially-available health or fitness app with capacity for self-monitoring. English-speaking consumers aged 18 years and older using any health app for self-monitoring were recruited for interview from the metropolitan area of Perth, Australia. The semi-structured interview guide comprised questions based on the Technology Acceptance Model, Health Information Technology Acceptance Model, and the Mobile Application Rating Scale, and is the only study to do so. These models also facilitated deductive thematic analysis of interview transcripts. Implicit and explicit responses not aligned to these models were analyzed inductively. RESULTS: Twenty-two consumers (15 female, seven male) participated, 13 of whom were aged 26-35 years. Eighteen participants reported on apps used on iPhones. Apps were used to monitor diabetes, asthma, depression, celiac disease, blood pressure, chronic migraine, pain management, menstrual cycle irregularity, and fitness. Most were used approximately weekly for several minutes per session, and prior to meeting initial milestones, with significantly decreased usage thereafter. Deductive and inductive thematic analysis reduced the data to four dominant themes: engagement in use of the app; technical functionality of the app; ease of use and design features; and management of consumers' data. CONCLUSIONS: The semi-structured interviews provided insight into usage, benefits and challenges of health monitoring using apps. Understanding the range of consumer experiences and expectations can inform design of health apps to encourage persistence in self-monitoring.",openalex,llm,0.990,unreviewed,,doi:10.1371/journal.pone.0156164
kept,Code smells for Model-View-Controller architectures,Mauricio Finavaro Aniche; Gabriele Bavota; Christoph Treude; Marco Aurélio Gerosa; Arie van Deursen,2017,Empirical Software Engineering,10.1007/s10664-017-9540-2,https://openalex.org/W2754176165,qualifies-claim; kostnad,"Previous studies have shown the negative effects that low-quality code can have on maintainability proxies, such as code change- and defect-proneness. One of the symptoms of low-quality code are code smells, defined as sub-optimal implementation choices. While this definition is quite general and seems to suggest a wide spectrum of smells that can affect software systems, the research literature mostly focuses on the set of smells defined in the catalog by Fowler and Beck, reporting design issues that can potentially affect any kind of system, regardless of their architecture (e.g., Complex Class). However, systems adopting a specific architecture (e.g., the Model-View-Controller pattern) can be affected by other types of poor practices that only manifest themselves in the chosen architecture. We present a catalog of six smells tailored to MVC applications and defined by surveying/interviewing 53 MVC developers. We validate our catalog from different perspectives. First, we assess the relationship between the defined smells and the code change- and defect-proneness. Second, we investigate when these smells are introduced and how long they survive. Third, we survey 21 developers to verify their perception of the defined smells. Fourth, since our catalog has been mainly defined together with developers adopting a specific Java framework in their MVC applications (e.g., Spring), we interview four expert developers working with different technologies for the implementation of their MVC applications to check the generalizability of our catalog. The achieved results show that the defined Web MVC smells (i) more often than not, have more chances of being subject to changes and defects, (ii) are mostly introduced when the affected file (i.e., the file containing the smell) is committed for the first time in the repository and survive for long time in the system, (iii) are perceived by developers as severe problems, and (iv) generalize to other languages/frameworks.",openalex,llm_reviewed,0.990,confirmed,,doi:10.1007/s10664-017-9540-2
discarded,What the App is That? Deception and Countermeasures in the Android User Interface,Antonio Bianchi; Jacopo Corbetta; Luca Invernizzi; Yanick Fratantonio; Christopher Kruegel; Giovanni Vigna,2015,,10.1109/sp.2015.62,https://openalex.org/W1582716752,adjacent-subtopic,"Mobile applications are part of the everyday lives of billions of people, who often trust them with sensitive information. These users identify the currently focused app solely by its visual appearance, since the GUIs of the most popular mobile OSes do not show any trusted indication of the app origin. In this paper, we analyze in detail the many ways in which Android users can be confused into misidentifying an app, thus, for instance, being deceived into giving sensitive information to a malicious app. Our analysis of the Android platform APIs, assisted by an automated state-exploration tool, led us to identify and categorize a variety of attack vectors (some previously known, others novel, such as a non-escapable full screen overlay) that allow a malicious app to surreptitiously replace or mimic the GUI of other apps and mount phishing and click-jacking attacks. Limitations in the system GUI make these attacks significantly harder to notice than on a desktop machine, leaving users completely defenseless against them. To mitigate GUI attacks, we have developed a two-layer defense. To detect malicious apps at the market level, we developed a tool that uses static analysis to identify code that could launch GUI confusion attacks. We show how this tool detects apps that might launch GUI attacks, such as ransom ware programs. Since these attacks are meant to confuse humans, we have also designed and implemented an on-device defense that addresses the underlying issue of the lack of a security indicator in the Android GUI. We add such an indicator to the system navigation bar, this indicator securely informs users about the origin of the app with which they are interacting (e.g., The Pay Pal app is backed by ""Pay Pal, Inc.""). We demonstrate the effectiveness of our attacks and the proposed on-device defense with a user study involving 308 human subjects, whose ability to detect the attacks increased significantly when using a system equipped with our defense.",openalex,llm,0.980,unreviewed,,doi:10.1109/sp.2015.62
discarded,ACC/AHA 2006 Guidelines for the Management of Patients With Valvular Heart Disease,Robert O. Bonow; Blase Anthony Carabello; Kanu Chatterjee; Antonio C. de Leon; David P. Faxon; Michael D. Freed; William H. Gaasch; Bruce Whitney Lytle; Rick A. Nishimura; Patrick T. O’Gara; Robert A. O’Rourke; Catherine M Otto; Pravin M. Shah; Jack S. Shanewise,2006,Circulation,10.1161/circulationaha.106.176857,https://openalex.org/W2054436867,off-topic-false-hit,"A. Left-sided valve disease Indicator Aortic Stenosis Mild Moderate Severe Jet velocity (m per second) Less than 3.0 3.0-4.0Greater than 4.0 Mean gradient (mm Hg)* Less than 25 25-40 Greater than 40 Valve area (cm 2 ) Greater than 1.5 1.0-1.5 Less than 1.0 Valve area index (cm 2 per m 2 ) Less than 0.6 Mitral Stenosis Mild Moderate Severe Mean gradient (mm Hg)* Less than 5 5-10 Greater than 10 Pulmonary artery systolic pressure (mm Hg) Less than 30 30-50 Greater than 50 Valve area (cm 2 ) Greater than 1.5 1.0-1.5 Less than 1.0 Aortic Regurgitation Mild Moderate Severe Qualitative Angiographic grade 1ϩ 2ϩ 3-4ϩ Color Doppler jet width Central jet, width less than 25% of LVOT Greater than mild but no signs of severe AR Central jet, width greater than 65% LVOT Doppler vena contracta width (cm) Less than 0.3 0.3-0.6Greater than 0.6 Quantitative (cath or echo) Regurgitant volume (ml per beat) Less than 30 30-59 Greater than or equal to 60 Regurgitant fraction (%) Less than 30 30-49 Greater than or equal to 50 Regurgitant orifice area (cm 2 ) Less than 0.10 0.10-0.29 Greater than or equal to 0.30 Additional essential criteria Left ventricular size Increased Mitral Regurgitation Mild Moderate Severe Qualitative Angiographic grade 1ϩ 2ϩ 3-4ϩ Color Doppler jet area Small, central jet (less than 4 cm 2 or less than 20% LA area) Signs of MR greater than mild present but no criteria for severe MR Vena contracta width greater than 0.7 cm with large central MR jet (area greater than 40% of LA area) or with a wallimpinging jet of any size, swirling in LA Doppler vena contracta width (cm) Less than 0.3 0.3-0.69Greater than or equal to 0.70 Quantitative (cath or echo) Regurgitant volume (ml per beat) Less than 30 30-59 Greater than or equal to 60 Regurgitant fraction (%) Less than 30 30-49 Greater than or equal to 50 Regurgitant orifice area (cm 2 ) Less than 0.20 0.2-0.39Greater than or equal to 0.40 Additional essential criteria Left atrial size Enlarged Left ventricular size Enlarged B. Right-sided valve disease Characteristic Severe tricuspid stenosis: Valve area less than 1.0 cm 2 Severe tricuspid regurgitation: Vena contracta width greater than 0.7 cm and systolic flow reversal in hepatic veins Severe pulmonic stenosis: Jet velocity greater than 4 m per second or maximum gradient greater than 60 mmHg Severe pulmonic regurgitation: Color jet fills outflow tract; dense continuous wave Doppler signal with a steep deceleration slope *Valve gradients are flow dependent and when used as estimates of severity of valve stenosis should be assessed with knowledge of cardiac output or forward flow across the valve.Modified from the Journal of the American Society of Echocardiography, 16, Zoghbi WA, Recommendations for evaluation of the severity of native valvular regurgitation with two-dimensional and Doppler echocardiography, 777-802, Copyright 2003, with permission from American Society of Echocardiography (27).AR indicates aortic regurgitation; cath, catheterization; echo, echocardiography; LA, left atrial/atruim; LVOT, left ventricular outflow tract; and MR, mitral regurgitation.Bonow et al ACC/AHA Practice Guidelines e97 Downloaded from http://ahajournals.org by on August 18, 2026 patients with acquired valvular dysfunction (e.g., rheumatic heart disease).(Level of Evidence: C) • Patients who have undergone valve repair.(Level of Evidence: C) • Patients who have hypertrophic cardiomyopathy when there is latent or resting obstruction.(Level of Evidence: C) • Patients with MVP and auscultatory evidence of valvular regurgitation and/or thickened leaflets on echocardiography.*(Level of Evidence: C) Class III Prophylaxis against infective endocarditis is not recommended for the following patients: • Patients with isolated secundum atrial septal defect.(Level of Evidence: C) • Patients 6 or more months after successful surgical or percutaneous repair of atrial septal defect, ventricular septal defect, or patent ductus arteriosus.(Level of Evidence: C) • Patients with MVP without MR or thickened leaflets on echocardiography.*(Level of Evidence: C) • Patients with physiological, functional, or innocent heart murmurs, including patients with aortic valve sclerosis as defined by focal areas of increased echogenicity and thickening of the leaflets without restriction of motion and a peak velocity less than 2.0 m per second.(Level of Evidence: C) • Patients with echocardiographic evidence of physiologic MR in the absence of a murmur and with structurally normal valves.(Level of Evidence: C) • Patients with echocardiographic evidence of physiological TR and/or pulmonary regurgitation in the absence of a murmur and with structurally normal valves.(Level of Evidence: C) *Total children's dose should not exceed adult dose.†Cephalosporins should not be used in individuals with immediate-type hypersensitivity reaction (urticaria, angioedema, or anaphylaxis) to penicillins.Reprinted with permission from Dajani AS, Taubert KA, Wilson W, et al.Prevention of bacterial endocarditis: recommendations by the American Heart Association.",openalex,llm,1.000,unreviewed,,doi:10.1161/circulationaha.106.176857
kept,Designing an MVC Model for Rapid Web Application Development,Dragoș-Paul Pop; Adam Altăr-Samuel,2014,Procedia Engineering,10.1016/j.proeng.2014.03.106,https://openalex.org/W1974042475,supports-claim,"In this paper, we present a model for rapid web application development. This model is based on the Model-View-Controller architecture (MVC) and has several other useful components like security, form generation and validation, database access and routing. This model was implemented using the PHP programming language, but it can be implemented in other development languages and environments using the same concepts. Improvements in both development and maintenance time have been the main objectives of this research, with the added benefit of correct and maintainable code.",openalex,llm,0.910,unreviewed,,doi:10.1016/j.proeng.2014.03.106
discarded,Research and Development of Mobile Application for Android Platform,Li Ma; Lei Gu; Jin Wang,2014,International Journal of Multimedia and Ubiquitous Engineering,10.14257/ijmue.2014.9.4.20,https://openalex.org/W2111956226,adjacent-subtopic,"Today, as the developing of hardware of mobile is getting better, the performance index is much higher than the actual requirements of the software configuration.Phone's features more depend on software.As the Android operating system is getting more popular, the application based on Android SDK attracts much more attention.But now, some of the Android application interface is too cumbersome, pop-up ads is overmuch and the function is too single, these cause some inconvenience to the users.This article presents the application by eliminating the redundancy.Three kinds of applications are developed base on Java and Android SDK ---Weibo client, video player and audio player.The audio player uses the ContentResolver and Curor to obtain music files and plays the music by using the Service Components to call the Media Player class in the background.The video player uses the Media Player class provided by Android SDK.This class loads the file through URL, realize the multimedia file parsing by calling the OpenCore Library, which is at the bottom of Android, through JNI and by calling the SurfaceFlinger interface to realize the video files' playback.The users' data is collected through the Sina open platform called by Sina client and the data will be returned under the format of JSON by the Sina server.The system uses the OAuth authentication method for user authorization to complete the login process.The specific functions of this system are developed based on Android Weibo SDK.The interfaces of these Android apps are pretty and the operation is smooth.What's more, the cumbersome interface and excessive advertising are eliminated, so that users are able to manipulate these apps more conveniently and smoothly.",openalex,llm,0.980,unreviewed,,doi:10.14257/ijmue.2014.9.4.20
discarded,User-Centered App Adaptation of a Low-Intensity E-Mental Health Intervention for Syrian Refugees,Sebastian Burchert; Mohammed Salem Alkneme; Martha Bird; Kenneth Carswell; Pim Cuijpers; Pernille Hansen; Eva Heim; Melissa Harper Shehadeh; Marit Sijbrandij; Edith van’t Hof; Christine Knaevelsrud,2019,Frontiers in Psychiatry,10.3389/fpsyt.2018.00663,https://openalex.org/W2914698442,off-topic-false-hit,"Introduction: The aim of this study is to describe the initial stages of the iterative and user-centered mobile mental health adaptation process of Step-by-Step (SbS), a modularized and originally web-based e-mental health intervention developed by the World Health Organization (WHO). Given the great need for improving the responsiveness and accessibility of health systems in host countries, the EU-funded STRENGTHS consortium studies the adaptation, implementation and scaling-up of SbS for Syrian refugees in Germany, Sweden and Egypt. Using early prototyping, usability testing and identification of barriers to implementation, the study demonstrates a user-centered process of contextual adaptation to the needs and expectations of Syrian refugees. Materials and methods: N = 128 adult Syrian refugees residing in Germany, Sweden and Egypt took part in qualitative assessments. Access, usage and potential barriers regarding information and communication technologies (ICTs) were assessed in free list interviews. Interactive prototypes of the app were presented in key informant interviews and evaluated on usability, user experience and dissemination strategies. Focus groups were conducted to verify the results. The interview protocols were analyzed using inductive and deductive thematic analysis. Results: The use of digital technologies was found to be widespread among Syrian refugees. Technical literacy and problems with accessing the internet were common barriers. The majority of the respondents reacted positively to the presented app prototypes, stressing the potential health impact of the intervention (n = 28; 78%), its flexibility and customizability (n = 19; 53%) as well as the easy learnability of the app (n = 12; 33%). Aesthetic components (n = 12; 33%) and the overall length and pace of the intervention sessions (n = 9; 25%) were criticized in regard to their negative impact on user motivation. Acceptability, credibility and technical requirements were identified as main barriers to implementation. Discussion: The study provided valuable guidance for adapting the app version of SbS and for mobile mental health adaptation in general. The findings underline the value of contextual adaptation with a focus on usability, user experience and context specific dissemination strategies. Related factors such as access, acceptability and adherence have major implications for scaling-up digital interventions.",openalex,llm,0.980,unreviewed,,doi:10.3389/fpsyt.2018.00663
