status,title,authors,year,venue,doi,url,tags,abstract,provider,decision_source,llm_confidence,llm_review_outcome,llm_change_direction,paper_id
discarded,Testing the Limits: Unusual Text Inputs Generation for Mobile App Crash Detection with Large Language Model,"Liu, Zhe; Chen, Chunyang; Wang, Junjie; Chen, Mengzhuo; Wu, Boyu; Tian, Zhilin; Huang, Yuekai; Hu, Jun; Wang, Qing",2024,"PROCEEDINGS OF THE IEEE/ACM 46TH INTERNATIONAL CONFERENCE ON SOFTWARE ENGINEERING, ICSE 2024",10.1145/3597503.3639118,https://www.webofscience.com/wos/woscc/full-record/WOS:001593206300137,adjacent-subtopic,"Mobile applications have become a ubiquitous part of our daily life, providing users with access to various services and utilities. Text input, as an important interaction channel between users and applications, plays an important role in core functionality such as search queries, authentication, messaging, etc. However, certain special text (e.g., -18 for Font Size) can cause the app to crash, and generating diversified unusual inputs for fully testing the app is highly demanded. Nevertheless, this is also challenging due to the combination of explosion dilemma, high context sensitivity, and complex constraint relations. This paper proposes InputBlaster which leverages the LLM to automatically generate unusual text inputs for mobile app crash detection. It formulates the unusual inputs generation problem as a task of producing a set of test generators, each of which can yield a batch of unusual text inputs under the same mutation rule. In detail, InputBlaster leverages LLM to produce the test generators together with the mutation rules serving as the reasoning chain, and utilizes the in-context learning schema to demonstrate the LLM with examples for boosting the performance. InputBlaster is evaluated on 36 text input widgets with cash bugs involving 31 popular Android apps, and results show that it achieves 78% bug detection rate, with 136% higher than the best baseline. Besides, we integrate it with the automated GUI testing tool and detect 37 unseen crashes in real-world apps.",wos,llm,0.950,unreviewed,,doi:10.1145/3597503.3639118
discarded,KuiTest: Leveraging Knowledge in the Wild as GUI Testing Oracle for Mobile Apps,"Hu, Yongxiang; Zhang, Yu; Wang, Xuan; Liu, Yingjie; Guo, Shiyu; Chen, Chaoyi; Wang, Xin; Zhou, Yangfan",2025,"2025 IEEE/ACM 47TH INTERNATIONAL CONFERENCE ON SOFTWARE ENGINEERING: SOFTWARE ENGINEERING IN PRACTICE, ICSE-SEIP",10.1109/ICSE-SEIP66354.2025.00009,https://www.webofscience.com/wos/woscc/full-record/WOS:001573680300004,supports-claim; qualifies-claim; adjacent-subtopic,"In industrial practice, UI (User Interface) functional bugs typically manifest as inconsistent UI input and corresponding response. Such bugs can deteriorate user experiences and are, therefore, a major target of industrial testing practice. For a long time, testing for UI functional bugs has relied on rule-based methods, which are labor-intensive for rule development and maintenance. Given that the UI functional bugs typically manifest where an app's response deviates from the user's expectations, we proposed the key point of reducing human efforts lies in simulating human expectations. Due to the vast in-the-wild knowledge of large language models (LLMs), they are well-suited for this simulation. By leveraging LLMs as UI testing oracle, we proposed KuiTest, the first rule-free UI functional testing tool we designed for Meituan, one of the largest E-commerce app providers serving over 600 million users. KuiTest can automatically predict the effect of UI inputs and verify the post-interaction UI response. We evaluate the design of KuiTest via a set of ablation experiments. Moreover, real-world deployments demonstrate that KuiTest can effectively detect previously unknown UI functional bugs and significantly improve the efficiency of GUI testing.",wos,llm_reviewed,0.870,changed,kept->discarded,doi:10.1109/icse-seip66354.2025.00009
discarded,Effectively Modeling UI Transition Graphs for Android Apps via Reinforcement Learning,"Guo, Wunan; Dong, Zhen; Shen, Liwei; Zhou, Daihong; Hu, Bin; Zhang, Chen; Xue, Hai",2025,"2025 IEEE/ACM 33RD INTERNATIONAL CONFERENCE ON PROGRAM COMPREHENSION, ICPC",10.1109/ICPC66645.2025.00011,https://www.webofscience.com/wos/woscc/full-record/WOS:001540533300002,adjacent-subtopic,"Mobile apps are ubiquitous, and have become an indispensable part of our daily life. It is crucial to ensure the correctness, security and performance of these apps through automated GUI modeling. UI Transition Graph (UTG) is an important way of app abstract and modeling. While there have been considerable research efforts on constructing UTG through static or dynamic analysis, obtaining a relatively accurate and complete UTG is challenging. To this end, we present an approach and tool RLDroid that synergistically combines static analysis, dynamic exploration and reinforcement learning techniques to construct UTGs for Android apps. Specifically, RLDroid first extracts a seed UTG through static analysis, and uses this UTG with a depth-first strategy to guide the dynamic exploration. Then, RLDroid provides a Q-learning-based strategy initialized with the generated partial UTG to enhance dynamic exploration and outputs the final UTG. Our experiments on 29 Android apps show that RLDroid identified a total of 871 nodes (i.e., UI pages) and 2726 edges (i.e., transitions) without any false positives, which significantly outperforms the state-of-the-art GUI modeling techniques. Our two exploration strategies, the seed-UTG-guided exploration and the Q-learning-enhanced exploration, make positive contributions to improving the completeness of UTG. Furthermore, the UTGs generated by RLDroid are highly useful for automated GUI testing, resulting in a 60% increase in code coverage and the discovery of 52 additional crashes.",wos,llm,0.960,unreviewed,,doi:10.1109/icpc66645.2025.00011
discarded,ELDetector: An Automated Approach Detecting Endless-loop in Mini Programs,"Hu, Nan; Fan, Ming; Lei, Jingyi; He, Jiaying; Hou, Zhe",2025,"2025 IEEE/ACM SECOND INTERNATIONAL CONFERENCE ON AI FOUNDATION MODELS AND SOFTWARE ENGINEERING, FORGE",10.1109/Forge66646.2025.00019,https://www.webofscience.com/wos/woscc/full-record/WOS:001549143400012,adjacent-subtopic,"In recent years, mini-programs have rapidly gained popularity and are widely used in payment, travel, shopping and other fields, greatly enhancing the convenience of users' lives. However, these services usually require access to sensitive personal information such as phone numbers, location information, ID numbers and other permissions. In the process of using them, users may frequently encounter permission requests, and sometimes even be forced to authorize them, leading to poor usage experience or even falling into an endless-loop authorization cycle that is difficult to exit. Unfortunately, most of the existing studies are fragmented and only deal with individual issues of personal information usage in mini-programs, lacking a comprehensive analysis of how permission requests affect user experience. To address this problem, this paper proposes an automated tool called ELDetector that automatically traverses mini-program pages through dynamic analysis and detects authorization endless-loops with the assistance of the Large Language Model (LLM). We find that authorization endless-loops of mini-programs are mainly classified into two categories: single-page endless-loop and multi-page endless-loop, based on the number of pages caught in the loop. We evaluated ELDetector on 97 popular mini-programs with an accuracy of 79.4% in detecting the authorization endless-loop problem, of which 15 mini-programs have been fixed by the developers. In addition, with the help of the Large Language Model (LLM), ELDetector is 54% faster than the traditional monkey test in identifying authorization endless-loop entrance points.",wos,llm,0.950,unreviewed,,doi:10.1109/forge66646.2025.00019
kept,LLM-Based Labelling of Recorded Automated GUI-Based Test Cases,"Franzosi, Diogo Buarque; Alegroth, Emil; Isaac, Maycel",2025,"2025 IEEE CONFERENCE ON SOFTWARE TESTING, VERIFICATION AND VALIDATION, ICST",10.1109/ICST62969.2025.10988984,https://www.webofscience.com/wos/woscc/full-record/WOS:001506893900040,supports-claim,"Graphical User Interface (GUI) based testing is a commonly used practice in industry. Although valuable and, in many cases, necessary, it is associated with challenges such as high cost and requirements on both technical and domain expertise. Augmented testing, a novel approach to GUI test automation, aims to mitigate these challenges by allowing users to record and render test cases and test data directly on the GUI of the system under test (SUT).

In this context, Scout is an augmented testing tool that captures system states and transitions during manual interaction with the SUT, storing them in a test model that is visually represented in the form of state trees and reports. While this representation provides basic overview of a test suite, e.g. about its size and number of scenarios, it is limited in terms of analysis depth, interpretability, and reproducibility. In particular, without human state labeling, it is challenging to produce meaningful and easily understandable test reports.

To address this limitation, we present a novel solution and a demonstrator, integrated into Scout, which leverages large language models (LLMs) to enrich the model-based test case representation by automatically labeling and describing states and describing transitions.

We conducted two experiments to evaluate the impact of the solution. First, we compared LLM-enhanced reports with expert-generated reports using embedding distance evaluation metrics. Second, we assessed the usability and perceived value of the enhanced reports through an industrial survey. The results of the study indicate that the plugin can improve readability, actionability, and interpretability of test reports.

This work contributes to the automation of GUI testing by reducing the need for manual intervention, e.g. labeling, and technical expertise, e.g. to understand test case models. Although the solution is studied in the context of augmented testing, we argue for the solution's generalizability to related test automation techniques. In addition, we argue that this approach enables actionable insights and lays the groundwork for further research into autonomous testing based on Generative AI.",wos,llm,0.910,unreviewed,,doi:10.1109/icst62969.2025.10988984
discarded,Integrating LLM-Based Text Generation with Dynamic Context Retrieval for GUI Testing,"Yoon, Juyeon; Kim, Seah; Kim, Somin; Jung, Sukchul; Yoo, Shin",2025,"2025 IEEE CONFERENCE ON SOFTWARE TESTING, VERIFICATION AND VALIDATION, ICST",10.1109/ICST62969.2025.10989041,https://www.webofscience.com/wos/woscc/full-record/WOS:001506893900035,adjacent-subtopic,"Automated GUI testing plays a crucial role for smartphone vendors who have to ensure that the widely used mobile apps-that are not essentially developed by the vendors-are compatible with new devices and system updates. While existing testing techniques can automatically generate event sequences to reach different GUI views, inputs such as strings and numbers remain difficult to generate, as their generation often involves semantic understanding of the app functionality. Recently, Large Language Models (LLMs) have been successfully adopted to generate string inputs that are semantically relevant to the test case. This paper evaluates the LLM-based input generation in the industrial context of vendor testing of both in-house and 3rd party mobile apps. We present DROIDFILLER, an LLM based input generation technique that builds upon existing work with more sophisticated prompt engineering and customisable context retrieval. DROIDFILLER is empirically evaluated using a total of 120 textfields collected from a total of 45 apps, including both in-house and 3rd party ones. The results show that DROIDFILLER can outperform both vanilla LLM based input generation as well as the existing resource pool approach. We integrate DROIDFILLER into the existing GUI testing framework used at Samsung, evaluate its performance, and discuss the challenges and considerations for practical adoption of LLM-based input generation in the industry.",wos,llm,0.890,unreviewed,,doi:10.1109/icst62969.2025.10989041
discarded,E2E-Loader: A Tool to Generate Performance Tests from End-to-End GUI-Level Tests,"Di Meglio, Sergio; Starace, Luigi Libero Lucio; Di Martino, Sergio",2025,"2025 IEEE CONFERENCE ON SOFTWARE TESTING, VERIFICATION AND VALIDATION, ICST",10.1109/ICST62969.2025.10989035,https://www.webofscience.com/wos/woscc/full-record/WOS:001506893900076,adjacent-subtopic,"Performance testing is essential for ensuring that web applications deliver a satisfactory user experience under varying workloads. Crafting meaningful workloads is a key challenge, addressed in previous research by analyzing system logs that reflect real user behaviors. However, these approaches face limitations: they require the system under test to be deployed to collect usage data, offer limited automation for managing data dependencies, and often lack support for modern protocols like WEBSOCKET.

We present E2E- LOADER, a tool for automating the generation of performance testing workloads for Web Applications. E2E-LOADER leverages existing End-to-End (E2E) GUI-level test cases to create workloads, allowing its use at early stages of development before user data is available. The tool fully supports HTTP and WEBSOCKET-based interactions and includes customizable heuristics to detect data dependencies automatically.

E2E- LOADER has been evaluated in previous research in an industrial case study, demonstrating that it produces workloads comparable in quality to those manually designed by practitioners, with significantly less effort and time. The tool and its source code are openly available to support researchers and practitioners in advancing performance testing practices.

A screencast showcasing E2E-LOADER in function is available at https://youtu.be/pDWN1l1kAhU.",wos,llm,0.960,unreviewed,,doi:10.1109/icst62969.2025.10989035
discarded,ADGE: Automated Directed GUI Explorer for Android Applications,"Jiang, Yue; Xiang, Xiaobo; Guo, Qingli; Gong, Qi; Gong, Xiaorui",2025,"2025 IEEE CONFERENCE ON SOFTWARE TESTING, VERIFICATION AND VALIDATION, ICST",10.1109/ICST62969.2025.10989023,https://www.webofscience.com/wos/woscc/full-record/WOS:001506893900011,adjacent-subtopic,"With the continuous growth in the number of Android applications and the size of their codebases, it has become increasingly difficult for testers to manually analyze and trigger the functionalities of interest in each application. For instance, it is hard to trigger vulnerability points reported by scanners or reproduce captured crash scenarios. On the other hand, most existing automated exploration techniques exhibit slow performance when triggering specified targets due to the extensive exploration of different paths. Target-directed techniques can effectively address this issue but are relatively underexplored in existing research. The only target-directed exploration tool, GOALEXPLORER, is constrained by the limitations in the precision of its static analysis, which negatively impacts both exploration efficiency and effectiveness.

To boost the efficiency of target-directed exploration, we propose an automated GUI testing method guided by target functions called Automated Directed GUI Explorer (ADGE). Specifically, ADGE first generates a tainted Inter-procedural Control Flow Graph with the GUI widgets by modeling the role of GUI widgets in the control flow as well as their relationship with the target using static analysis. In the dynamic exploration phase, ADGE constructs the real-time model of the fragments and menus on the current screen to guide its exploration decisions with the knowledge of static model. To validate the effectiveness of ADGE, we conduct extensive comparisons of ADGE with the state-of-the-art baseline GOALEXPLORER on 55 benchmark applications. The results demonstrate that ADGE reduced the average time to trigger targets by 44% compared to GOALEXPLORER, while also successfully triggering more than 5.24% targets. Furthermore, during the testing process, ADGE successfully triggered 5 crash events.",wos,llm,0.910,unreviewed,,doi:10.1109/icst62969.2025.10989023
discarded,Leveraging Large Vision-Language Model For Better Automatic Web GUI Testing,"Wang, Siyi; Wang, Sinan; Fan, Yujia; Li, Xiaolei; Liu, Yepang",2024,"2024 IEEE INTERNATIONAL CONFERENCE ON SOFTWARE MAINTENANCE AND EVOLUTION, ICSME 2024",10.1109/ICSME58944.2024.00022,https://www.webofscience.com/wos/woscc/full-record/WOS:001417197700011,adjacent-subtopic,"With the rapid development of web technology, more and more software applications have become web-based in the past decades. To ensure software quality and user experience, various techniques have been proposed to automatically test web applications by interacting with their GUIs. To achieve high functional coverage, web GUI testing tools often need to generate high-quality text inputs and interact with the associated GUI elements (e.g., click submit buttons). However, developing a holistic approach that solves both subtasks is challenging because the web GUI context can be complicated and highly dynamic, which is hard to process programmatically. The recent development of large vision-language models (LVLM) provides new opportunities to handle these longstanding problems. We in this paper propose VETL, the first LVLM-driven end-to-end web testing technique. With LVLM's scene understanding capabilities, VETL can generate valid and meaningful text inputs focusing on the local context, while avoiding the need to extract precise textual attributes. The selection of associated GUI elements is formulated as a visual question answering problem, allowing LVLM to capture the logical connection between the input box and the relevant element based on visual instructions. Further, the GUI exploration is guided by a multi-armed bandit module employing a curiosity-oriented strategy. Experiments show that VETL is effective in exploring web state/action spaces and detecting bugs. Compared with WebExplor, the state-of-the-art web testing technique, VETL can discover 25% more unique web actions on benchmark websites. Moreover, it can expose functional bugs in top-ranking commercial websites, which have been confirmed by the website maintainers. Our work makes the first attempt of leveraging LVLM in end-to-end GUI testing, demonstrating promising results of this research direction.",wos,llm,0.870,unreviewed,,doi:10.1109/icsme58944.2024.00022
discarded,General and Practical Property-based Testing for Android Apps,"Xiong, Yiheng; Su, Ting; Wang, Jue; Sun, Jingling; Pu, Geguang; Su, Zhendong",2024,"PROCEEDINGS OF 2024 39TH ACM/IEEE INTERNATIONAL CONFERENCE ON AUTOMATED SOFTWARE ENGINEERING, ASE 2024",10.1145/3691620.3694986,https://www.webofscience.com/wos/woscc/full-record/WOS:001353105400005,adjacent-subtopic,"Finding non-crashing functional bugs for Android apps is challenging for both manual testing and automated GUI testing techniques. This paper introduces and designs a general and practical testing technique based on the idea of property-based testing for finding such bugs. Specifically, our technique incorporates (1) a property description language (PDL) to allow specifying desired app properties, and (2) two exploration strategies as the input generators for effectively validating the properties. We implemented our technique as a tool named KEA and evaluated it on 124 historical bugs from eight real-world, popular Android apps. Our evaluation shows that our PDL can specify all the app properties violated by these historical bugs, demonstrating its generability for finding functional bugs. KEA successfully found 66 (68.0%) and 92 (94.8%) of the 97 historical bugs in scope under the two exploration strategies, demonstrating its practicability. Moreover, KEA found 25 new functional bugs on the latest versions of these eight apps, given the specified properties. To date, all these bugs have been confirmed, and 21 have been fixed. In comparison, prior state-of-the-art techniques found only 13 (13.4%) historical bugs and 1 new bug. We have made all the artifacts publicly available at https://github.com/ecnusse/Kea.",wos,llm,0.800,unreviewed,,doi:10.1145/3691620.3694986
