status,title,authors,year,venue,doi,url,tags,abstract,provider,decision_source,llm_confidence,llm_review_outcome,llm_change_direction,paper_id
discarded,Visual Communication Design and Wireless Data Transmission Technology for Blockchain Big Data Information Presentation (Retracted Article),"Liu, Guan-Chen; Ko, Chih-Hsiang",2022,WIRELESS COMMUNICATIONS & MOBILE COMPUTING,10.1155/2022/1380387,https://www.webofscience.com/wos/woscc/full-record/WOS:000827874200007,off-topic-false-hit,"The present work is aimed at solving the difficulty of BC big data information analysis and the defects of traditional BC platform visual interface (VI), such as nonstandard layout, unreasonable color use, unclear guidance, and increased user learning cost. Firstly, this paper expounds on BC technology, the related theory of information visualization (IV), and the IV design method of BC-generated big data. Secondly, by formulating the user experience design strategy, a big data visual information sharing platform (ISP) based on behavior experience (BE) is designed. Finally, the system performance is tested. The results show that (i) the proposed BE-based big data visual ISP has the basic functions of information query and module jump. The overall interface of the platform is simple and tidy, the information layout is reasonable, the presentation method is more intuitive, and the visual effect is better. (ii) The host throughput of each system module when processing business is greater than 100 times/s, and the success rate (SR) of event handling is greater than 99%. The average response time (RT) of terminal processing is less than 0.3s, and the average RT of the terminal side is less than 0.4s. The system's central processing unit (CPU) occupancy rate (OR) shall be controlled below 30%. The memory OR shall be below 30%, both of which are lower than the standard value, and the system performance meets the standard. To sum up, the proposed ISP has basic functions and ensures good operation performance. It is suitable for the IV of BC-generated big data. The purpose is to provide important technical support for the IV of BC-generated big data and improve the efficiency of users' data information acquisition and analysis.",wos,llm,0.990,unreviewed,,doi:10.1155/2022/1380387
discarded,Resilience in emergency management: Learning from COVID-19 in oil and gas platforms,"Cantelmi, R.; Steen, R.; Di Gravio, G.; Patriarca, R.",2022,INTERNATIONAL JOURNAL OF DISASTER RISK REDUCTION,10.1016/j.ijdrr.2022.103026,https://www.webofscience.com/wos/woscc/full-record/WOS:000806837900001,off-topic-false-hit,"Emergency management, both in civilian and military context, is regarded as a complex sociotechnical system, whose dynamic nature and complexity require a holistic approach. Over time, scholars developed diverse strategies and methods to capture such complexity and effectively design emergency plans for more or less severe disasters scenarios. Nonetheless, planning is not always an omni-comprehensive task, pushing organizations to stretch their adaptive capacities in dynamic and challenging settings.This manuscript explores such adaptive capacity as put in place by a leading Norwegian organization in providing emergency management solutions, facing unexpected challenges (at the time of the event): handling of Covid-19 infection episodes on offshore oil platforms.The study, conducted through the Functional Resonance Analysis Method (FRAM) highlights the relevance of organizational learning which allows to handle emergencies by adapting plans to the specific context and by renewing new emergency management procedures derived from lessons learned. The study focuses on three different Covid-19 infection management cases to understand the nuances of actions and emerging adaptations that led to the development of a revised emergency plan, seen again through the lens of FRAM. While the methodological approach refers to Covid-19 infection management, we believe it can be extended into larger crisis management, providing a use case for the applicability of FRAM into emergency management scenarios.",wos,llm,1.000,unreviewed,,doi:10.1016/j.ijdrr.2022.103026
discarded,Research on the Construction of University Public Health Emergency Management System Based on Psychological Counseling Intervention,"Zhang, Lingling",2022,JOURNAL OF HEALTHCARE ENGINEERING,10.1155/2022/2033018,https://www.webofscience.com/wos/woscc/full-record/WOS:000771976700004,off-topic-false-hit,"After entering the information society, all kinds of risks, crises, and conflicts in society are more severe, more sudden, and uncertain than those in agricultural society and industrial society. Under the unexpected events in colleges and universities, college students' psychological crisis, which cannot be dealt with and overcome by conventional methods, arises from their own experiences, psychological endurance, and weak self-awareness. In the face of emergencies, as a talent training base, how to collect information quickly and accurately and make prevention and control plans is directly related to the success or failure of event handling. This study attempts to analyze the characteristics and causes of students' psychological changes in public health emergencies in colleges and universities and puts forward relevant countermeasures, so as to improve the management system of public health emergencies in colleges and universities, improve the ability to effectively deal with and properly handle public health emergencies, and promote the harmonious development of society. In the face of public health emergencies, colleges and universities should enhance the awareness of emergency management of public health emergencies, change the concept of emergency, build an efficient emergency management system, improve the ability and level of emergency management, and ensure the harmony and stability of the school.",wos,llm,1.000,unreviewed,,doi:10.1155/2022/2033018
discarded,CONTROLLED EXPERIMENT FOR ASSESSING THE CONTRIBUTION OF ONTOLOGY BASED SOFTWARE REDOCUMENTATION APPROACH TO SUPPORT PROGRAM UNDERSTANDING,"Nallusamy, Sugumaran; Hoo, Meei Hao; Zulkifle, Farizuwana Akma",2021,COMPUTING AND INFORMATICS,10.31577/cai_2021_5_1025,https://www.webofscience.com/wos/woscc/full-record/WOS:000751537900004,adjacent-subtopic,"Redocumentation is an approach that is used to recover knowledge from raw software artifacts by using alternative presentations. Several legacy systems have been developed based on event-driven programming which require redocumentation. However, these existing repository and query techniques emphasize only on lexical and syntactical based queries which come with limitations in providing the semantic relationship for program understanding. We are using ontology based approach that uses both ontology reasoning and querying techniques to generate software documentation from the knowledge repository. We present a controlled experiment for the empirical evaluation on the proposed ontology based approach and implemented in a tool called Ontology Based Software Redocumentation (OBSR). In this experiment, two existing tools namely Universal Report (UR) and Microsoft Visual Studio specifically for Visual Basic (VB) programming environment have been selected to be compared with the OBSR tool. The goal is to provide experimental evidence of the viability of our approach in the context of program understanding using HTML based semantic software documentation. The experiment shows that the software maintainers are able to understand and provide significant improvement in program understanding to accomplish the maintenance task easily. We describe in detail the experiment performed, discuss its results and reflect the lesson learned from the experiment.",wos,llm,0.970,unreviewed,,doi:10.31577/cai_2021_5_1025
discarded,An Empirical Study of Developer Discussions on Low-Code Software Development Challenges,"Al Alamin, Md Abdullah; Malakar, Sanjay; Uddin, Gias; Afroz, Sadia; Bin Haider, Tameem; Iqbal, Anindya",2021,2021 IEEE/ACM 18TH INTERNATIONAL CONFERENCE ON MINING SOFTWARE REPOSITORIES (MSR 2021),10.1109/MSR52588.2021.00018,https://www.webofscience.com/wos/woscc/full-record/WOS:000693399500006,adjacent-subtopic,"Low-code software development (LCSD) is an emerging paradigm that combines minimal source code with interactive graphical interfaces to promote rapid application development. LCSD aims to democratize application development to software practitioners with diverse backgrounds. Given that LCSD is relatively a new paradigm, it is vital to learn about the challenges developers face during their adoption of LCSD platforms. The online developer forum, Stack Overflow (SO), is popular among software developers to ask for solutions to their technical problems. We observe a growing body of posts in SO with discussions of LCSD platforms. In this paper, we present an empirical study of around 5K SO posts (questions + accepted answers) that contain discussions of nine popular LCSD platforms. We apply topic modeling on the posts to determine the types of topics discussed. We find 13 topics related to LCSD in SO. The 13 topics are grouped into four categories: Customization, Platform Adoption, Database Management, and Third-Party Integration. More than 40% of the questions are about customization, i.e., developers frequently face challenges with customizing user interfaces or services offered by LCSD platforms. The topic ""Dynamic Event Handling"" under the ""Customization"" category is the most popular (in terms of average view counts per question of the topic) as well as the most difficult. It means that developers frequently search for customization solutions such as how to attach dynamic events to a form in low-code UI, yet most (75.9%) of their questions remain without an accepted answer. We manually label 900 questions from the posts to determine the prevalence of the topics' challenges across LCSD phases. We find that most of the questions are related to the development phase, and low-code developers also face challenges with automated testing. Our study findings offer implications for low-code practitioners, platform providers, educators, and researchers.",wos,llm,0.890,unreviewed,,doi:10.1109/msr52588.2021.00018
discarded,Icon2Code: Recommending code implementations for Android GUI components,"Zhao, Yanjie; Li, Li; Sun, Xiaoyu; Liu, Pei; Grundy, John",2021,INFORMATION AND SOFTWARE TECHNOLOGY,10.1016/j.infsof.2021.106619,https://www.webofscience.com/wos/woscc/full-record/WOS:000672531500001,adjacent-subtopic,"Context: Event-driven programming plays a crucial role in implementing GUI-based software systems such as Android apps. However, such event-driven code is inherently challenging to design and implement correctly. Despite a significant amount of research to help developers efficiently implement such software, improved approaches are still needed to assist developers in better handling events and associated callback methods. Objective: This work aims at inventing an intelligent recommendation system for helping app developers efficiently and effectively implement Android GUI components. Methods: To achieve the aforementioned objective, we introduce in this work a novel approach called Icon2Code. Given an icon or UI widget provided by designers as input, Icon2Code first searches from a largescale app database to locate similar icons used in existing popular apps. It then learns from the implementation of these similar apps and leverages a collaborative filtering model to select and recommend the most relevant APIs. Results: Our approach can achieve an 81% success rate when only five recommended APIs are considered, and a 94% success rate if twenty results are considered, based on ten-fold cross-validation with a large-scale dataset containing over 45,000 icons and their code implementations. Conclusion: It is feasible to automatically recommend code implementations for Android GUI components and Icon2Code is useful and effective in helping achieve such an objective.",wos,llm,0.930,unreviewed,,doi:10.1016/j.infsof.2021.106619
kept,Event-driven Programming in Programming Education: A Mapping Review,"Lukkarinen, Aleksi; Malmi, Lauri; Haaranen, Lassi",2021,ACM TRANSACTIONS ON COMPUTING EDUCATION,10.1145/3423956,https://www.webofscience.com/wos/woscc/full-record/WOS:000631102400001,supports-claim; qualifies-claim; edp-difficulty,"During the past two decades, event-driven programming (EDP) has emerged as a central and almost ubiquitous concept in modern software development: Graphical user interfaces are self-evident in most mobile and webbased applications, aswell as inmany embedded systems, and they are most often based on reacting to events. To facilitate both teaching practice and research in programming education, this mapping review seeks to give an overview of the related knowledge that is already available in conference papers and journal articles. Starting from early works of the 1990s, we identified 105 papers that address teaching practices, present learning resources, software tools or libraries to support learning, and empirical studies related to EDP. We summarize the publications, their main content, and findings. While most studies focus on bachelor's level education in universities, there has been substantial work in K-12 level, as well. Few courses address EDP as their main content-rather it is most often integrated with CS1, CS2, or computer graphics courses. The most common programming languages and environments addressed are Java, App Inventor, and Scratch. Moreover, very little of deliberate experimental scientific research has been carried out to explicitly address teaching and learning EDP. Consequently, while so-called experience reports, tool papers, and anecdotal evidence have been published, this theme offers a wide arena for empirical research in the future. At the end of the article, we suggest a number of directions for future research.",wos,llm_reviewed,0.990,confirmed,,doi:10.1145/3423956
discarded,STOIC: Serverless Teleoperable Hybrid Cloud for Machine Learning Applications on Edge Device,"Zhang, Michael; Krintz, Chandra; Wolski, Rich",2020,2020 IEEE INTERNATIONAL CONFERENCE ON PERVASIVE COMPUTING AND COMMUNICATIONS WORKSHOPS (PERCOM WORKSHOPS),10.1109/percomworkshops48775.2020.9156239,https://www.webofscience.com/wos/woscc/full-record/WOS:000612838200132,adjacent-subtopic,"Serverless computing is a promising new event-driven programming model that was designed by cloud vendors to expedite the development and deployment of scalable web services on cloud computing systems. Using the model, developers write applications that consist of simple, independent, stateless functions that the cloud invokes on-demand (i.e. elastically), in response to system-wide events (data arrival, messages, web requests, etc.).

In this work, we present STOIC (Serverless TeleOperable HybrId Cloud), an application scheduling and deployment system that extends the serverless model in two ways. First, it uses the model in a distributed setting and schedules application functions across multiple cloud systems. Second, STOIC supports serverless function execution using hardware acceleration (e.g. GPU resources) when available from the underlying cloud system. We overview the design and implementation of STOIC and empirically evaluate it using real-world machine learning applications and multi-tier (e.g. edge-cloud) deployments. We find that STOIC's combined use of edge and cloud resources is able to outperform using either cloud in isolation for the applications and datasets that we consider.",wos,llm,0.990,unreviewed,,doi:10.1109/percomworkshops48775.2020.9156239
discarded,pyFOOMB: Python framework for object oriented modeling of bioprocesses,"Hemmerich, Johannes; Tenhaef, Niklas; Wiechert, Wolfgang; Noack, Stephan",2021,ENGINEERING IN LIFE SCIENCES,10.1002/elsc.202000088,https://www.webofscience.com/wos/woscc/full-record/WOS:000605178700001,off-topic-false-hit,"Quantitative characterization of biotechnological production processes requires the determination of different key performance indicators (KPIs) such as titer, rate and yield. Classically, these KPIs can be derived by combining black-box bioprocess modeling with non-linear regression for model parameter estimation. The presented pyFOOMB package enables a guided and flexible implementation of bioprocess models in the form of ordinary differential equation systems (ODEs). By building on Python as powerful and multi-purpose programing language, ODEs can be formulated in an object-oriented manner, which facilitates their modular design, reusability, and extensibility. Once the model is implemented, seamless integration and analysis of the experimental data is supported by various Python packages that are already available. In particular, for the iterative workflow of experimental data generation and subsequent model parameter estimation we employed the concept of replicate model instances, which are linked by common sets of parameters with global or local properties. For the description of multi-stage processes, discontinuities in the right-hand sides of the differential equations are supported via event handling using the freely available assimulo package. Optimization problems can be solved by making use of a parallelized version of the generalized island approach provided by the pygmo package. Furthermore, pyFOOMB in combination with Jupyter notebooks also supports education in bioprocess engineering and the applied learning of Python as scientific programing language. Finally, the applicability and strengths of pyFOOMB will be demonstrated by a comprehensive collection of notebook examples.",wos,llm,0.990,unreviewed,,doi:10.1002/elsc.202000088
discarded,Edge-adaptable serverless acceleration for machine learning Internet of Things applications,"Zhang, Michael; Krintz, Chandra; Wolski, Rich",2021,SOFTWARE-PRACTICE & EXPERIENCE,10.1002/spe.2944,https://www.webofscience.com/wos/woscc/full-record/WOS:000599348700001,adjacent-subtopic,"Serverless computing is an emerging event-driven programming model that accelerates the development and deployment of scalable web services on cloud computing systems. Though widely integrated with the public cloud, serverless computing use is nascent for edge-based, Internet of Things (IoT) deployments. In this work, we present STOIC (serverless teleoperable hybrid cloud), an IoT application deployment and offloading system that extends the serverless model in three ways. First, STOIC adopts a dynamic feedback control mechanism to precisely predict latency and dispatch workloads uniformly across edge and cloud systems using a distributed serverless framework. Second, STOIC leverages hardware acceleration (e.g., GPU resources) for serverless function execution when available from the underlying cloud system. Third, STOIC can be configured in multiple ways to overcome deployment variability associated with public cloud use. We overview the design and implementation of STOIC and empirically evaluate it using real-world machine learning applications and multitier IoT deployments (edge and cloud). Specifically, we show that STOIC can be used for training image processing workloads (for object recognition)-once thought too resource-intensive for edge deployments. We find that STOIC reduces overall execution time (response latency) and achieves placement accuracy that ranges from 92% to 97%.",wos,llm,0.990,unreviewed,,doi:10.1002/spe.2944
kept,An Event Listener or an Event Handler? Students Explain Event-drivenness in JavaScript,"Lukkarinen, Aleksi; Lehtinen, Teemu; Haaranen, Lassi; Malmi, Lauri",2021,"PROCEEDINGS OF 21ST KOLI CALLING CONFERENCE ON COMPUTING EDUCATION RESEARCH, KOLI CALLING 2021,",10.1145/3488042.3488051,https://www.webofscience.com/wos/woscc/full-record/WOS:001119104600009,supports-claim; control-flow,"When students in programming courses are taught event-driven programming (EDP) for the first time, they face new terminology and concepts that they should internalize. Moreover, they learn a fully new approach for reasoning about program logic and execution order. However, there is a lack of research in students' understanding of these concepts. In this paper, we describe a study, in which we asked web development students to explain their conception of EDP: what are the main concepts involved and how they interact. Moreover, we asked them to explain the execution of a short piece of JavaScript code that focuses on basic usage of events and event listeners. The answers, which we requested as concept maps and text, were analyzed using inductive content analysis. Our results clearly demonstrate shortcomings in the students' learning and illustrate various misunderstandings that they may have regarding EDP. Based on the findings, we give suggestions for improving the teaching of EDP.",wos,llm_reviewed,1.000,confirmed,,doi:10.1145/3488042.3488051
