status,title,authors,year,venue,doi,url,tags,abstract,provider,decision_source,llm_confidence,llm_review_outcome,llm_change_direction,paper_id
discarded,SCOPE-K: development and initial validation of a novel self-referential expertise-mapping instrument for interprofessional education,"Greengrass, Colin John; Thelen, Kianna; Vacek, Shelie; Kozmenko, Valeriy",2026,JOURNAL OF INTERPROFESSIONAL CARE,10.1080/13561820.2026.2698727,https://www.webofscience.com/wos/woscc/full-record/WOS:001820224300001,off-topic-false-hit,"Interprofessional education (IPE) evaluation often relies on attitudes and satisfaction rather than case-anchored judgments about expertise distribution. We developed the Scope of Practice Evaluation, Knowledge Domain (SCOPE-K) to measure learners' self-referential expertise-mapping judgments; whether a clinical question falls within their own profession's knowledge domain. Undergraduate medical, nursing, and pharmacy students (N = 126) completed SCOPE-K before and after an interprofessional simulation. For each of eight, profession-linked clinical questions, participants rated relevance to their own profession on a four-point scale and completed a profession-attribution ranking task. Analyses examined internal consistency, internal structure, expert-referenced concordance against an 11-member panel, and own-versus-other profession comparisons. Among students with complete pre-post data (N = 99), McDonald's omega was .87 pre-simulation and .91 post-simulation (bootstrap CI for the difference including zero). Exploratory factor analysis indicated a two-factor pattern with a strong inter-factor correlation (|Phi| = .69), broadly consistent with an underlying unidimensional construct. Benchmark coherence was substantial (Kendall's W = .72). In the subset with complete relevance and ranking data (N = 62), student - expert concordance increased from (tau) over bar = .38 to .60 (p = .024) and profession-attribution ranking concordance from tau = .35 to .59 (p = .017). Students rated own-profession items higher than other-profession items at both time points, with the difference narrowing post-simulation. SCOPE-K shows promising initial psychometric properties as a novel, scenario-based measure of learners' self-referential expertise-mapping judgments within simulation-based IPE. The pattern of improved expert-referenced concordance, improved ranking concordance, and stronger association with profession-attribution performance provides encouraging initial validity evidence. SCOPE-K offers a distinct complement to attitudinal and behavioral assessment approaches by targeting a cognitive component of interprofessional learning that existing instruments do not directly elicit. Further validation with expanded item sampling, response-process evidence, and multi-center cohorts is warranted before SCOPE-K is used as a program-level IPE evaluation measure.",wos,llm,1.000,unreviewed,,doi:10.1080/13561820.2026.2698727
discarded,A scoping review of nature-based programmes in schools for mental health and wellbeing in young people,"Lorimer, J.; Menon, S.; Polgreen, K.; Wilhelm, K.; Singh, I.",2026,HEALTH & PLACE,10.1016/j.healthplace.2026.103704,https://www.webofscience.com/wos/woscc/full-record/WOS:001823419600001,off-topic-false-hit,"Background: Adolescent mental health difficulties are rising in the United Kingdom (UK), yet school-based provision is limited. Nature-based Programmes (NbPs) are increasingly promoted as alternative or supplementary interventions for Mental Health and Wellbeing (MHWB), but evidence in secondary schools is underexplored. Aim: This scoping review investigates NbPs in secondary school contexts; identifies reported outcomes for mental health, wellbeing, and learning; and assesses evidence quality for NbPs in secondary-school provision. Although this review synthesises international evidence, it is framed by growing interest in NbPs in UK secondary schools and aims to inform UK policy and practice. Methods: We followed PRISMA-ScR guidelines, searching five databases and grey literature. Eligible studies reported school-based NbPs for students aged 10-18. Screening, data extraction, and appraisal (using MMAT) were undertaken with policymakers, educators, and young people. Results: From 17,723 records, 22 studies were included. NbPs encompassed school gardening, outdoor education, conservation, forest pedagogy, recreation in nature, and passive nature engagement. Most NbPs were delivered weekly on schoolgrounds or in local greenspaces. Reported MHWB outcomes included reduced anxiety and stress, improved self-esteem and resilience, and enhanced prosocial behaviour, school connectedness, and nature connectedness. Evidence for academic outcomes was mixed, with modest gains in science engagement and arithmetic but little evidence of broader academic benefits. Study quality was moderate, with small samples, limited control groups, and heterogeneity in outcome metrics. Conclusion: NbPs show promise for supporting adolescent MHWB in UK secondary schools, with school and nature connectedness emerging as potential mediators. However, evidence for cognitive and academic gains remains limited.",wos,llm,1.000,unreviewed,,doi:10.1016/j.healthplace.2026.103704
discarded,Pharmacokinetics Education: Addressing Core Learning Challenges Through Innovations in Teaching,"Dobler, Catherine; Wu, Jiani; Leaman, Grace; Brassard, Leah; Arnot, Michelle; Mraiche, Fatima",2026,PHARMACOLOGY RESEARCH & PERSPECTIVES,10.1002/prp2.70286,https://www.webofscience.com/wos/woscc/full-record/WOS:001811903600001,off-topic-false-hit,"Pharmacokinetics is fundamental to drug discovery, therapeutic optimization, and patient safety. Despite its importance, students consistently demonstrate limited mastery of pharmacokinetic core concepts. Studies reveal that students have persistent misconceptions of pharmacokinetic core concepts, difficulty applying mathematical principles, and challenges in transferring theoretical knowledge to medical and biomedical practices. Contributing factors include mathematical skill deficits upon entering university programs, fragmented curricular integration, and limited opportunities for active application of knowledge. These gaps raise concerns about the preparedness of graduates entering health professions and drug design/discovery fields, where pharmacokinetic competence directly impacts the fundamentals of drug discovery, therapeutic optimization, and patient safety. In addition to student challenges with learning pharmacokinetics, this commentary highlights innovative teaching strategies for educators to support student comprehension and application of pharmacokinetic core concepts. Approaches such as team-based learning, case-based exercises, simulations, games, and prerequisite review tutorials have shown promise in strengthening conceptual understanding and bridging theory with practice. These strategies have largely been studied in isolated contexts, underscoring the need for broader evaluations examining how course design, delivery methods, and teaching strategies shape student learning of pharmacokinetic core concepts. Future research could explore pharmacology educator and student perspectives on pharmacokinetics to develop an international framework for pharmacokinetics education. Such a framework would ensure progressive reinforcement of core concepts, integration across curricula, and alignment of teaching practices with real-world application, ultimately preparing students for diverse careers where pharmacokinetics proficiency is essential.",wos,llm,1.000,unreviewed,,doi:10.1002/prp2.70286
discarded,Understanding design and accessibility issues in block-based programming for people with disabilities: a literature review,"Mollik, Rubel Hassan; Aljedaani, Wajdi; Ludi, Stephanie",2026,UNIVERSAL ACCESS IN THE INFORMATION SOCIETY,10.1007/s10209-026-01351-6,https://www.webofscience.com/wos/woscc/full-record/WOS:001807563200002,adjacent-subtopic,"Accessibility barriers in block-based programming environments (BBPEs) continue to hinder equitable participation in computer science education, particularly for learners with disabilities. While prior research has examined accessibility challenges for programmers with visual impairments, BBPEs introduce additional barriers due to their highly visual and drag-and-drop nature. This paper presents a systematic literature review of 22 peer-reviewed studies focusing exclusively on accessibility in virtual BBPEs such as Blockly, Scratch, and App Inventor. The review identifies six core categories of barriers-interaction and input limitations, navigation and orientation difficulties, inaccessible content and outputs, cognitive load, assistive technology conflicts, and educational or technical constraints. It also synthesizes proposed solutions, including accessible keyboard navigation, voice-based interaction, screen reader integration, program navigation models, and inclusive interface design. Despite promising developments, such as Accessible Blockly and Blocks4All, existing research remains fragmented and primarily focuses on visual impairments. This review consolidates the state of knowledge, exposes underexplored disability groups, and outlines a research roadmap for designing universally accessible block-based programming environments that promote inclusive computer science education.",wos,llm,0.910,unreviewed,,doi:10.1007/s10209-026-01351-6
discarded,Influence of online attributes and mode of learning in the satisfaction and effectiveness of online learning programs,"Mathew, Paul, V; Pappachan, Joemon",2026,E-LEARNING AND DIGITAL MEDIA,10.1177/20427530241256337,https://www.webofscience.com/wos/woscc/full-record/WOS:001794539400006,off-topic-false-hit,"A new paradigm in education is being ushered in by online learning. In the aftermath of the pandemic, online learning has become increasingly available in both academic and professional spheres. Despite difficulties, teachers strive to improve online learning effectiveness. Further emphasis is placed on learning characteristics, readiness, environment, design, and e-learning mode. Whether synchronous or asynchronous learning modes are used will determine the efficacy of the learner. In this study, researchers analyzed the influence of learning qualities on satisfaction and effectiveness, exploring the moderating function of learning mode with 545 online learners' results. According to this study, the characteristics of online learning significantly impact effectiveness. It also supports the idea that the modality of learning plays a moderating effect in online education. These findings have important practical ramifications for structuring the learning environment and adjusting relevant factors to the satisfaction of students, increasing e-learning efficiency.",wos,llm,0.990,unreviewed,,doi:10.1177/20427530241256337
discarded,Digital Training for Parents of Children With Reading/Spelling Difficulties: An Evaluative Comparison of a Live vs. Self-Learning Format,"Fritzler, Nicole J.; Bunte, Svea; Ucar, Deniz; Adam, Lea; Schafer, Michael; Wernke, Philine; Kummer, Silvia; Wild, Elke",2026,KINDHEIT UND ENTWICKLUNG,10.1026/0942-5403/a000516,https://www.webofscience.com/wos/woscc/full-record/WOS:001792297700006,off-topic-false-hit,"Theoretical background: Children with reading and spelling difficulties often face academic and emotional-motivational challenges that require structured parental support in everyday learning situations. However, elevated parental stress, limited time resources, and uncertainty regarding effective support strategies frequently impair the quality of learning support. Although parent training programs have proven effective, access is often restricted due to organizational demands. Digital formats may offer a low-threshold alternative, though we know little about the differential effects of synchronous versus asynchronous delivery. Objective: This study examined the effectiveness and acceptance of a digital parent training program for parents of children with reading and spelling difficulties. It compared a synchronous live online format with an in-content equivalent asynchronous self-learning format. Primary outcomes included parental stress, self-efficacy beliefs, and learning-related support behavior. Method: We conducted a randomized controlled trial with a pre-post follow-up design (live vs. self-learning format vs. waiting control group; N = 66 parents). The training conveyed psychoeducational content and practice-oriented strategies targeting structured learning support, constructive instructional and feedback behaviors, and parental emotion and stress regulation. We analyzed the data using repeated-measures analyses to assess intervention effects over time and between groups. Results: Compared to the waiting control group, both training formats led to significant improvements in parental self-efficacy and learning-related support as well as reductions in conflictual learning situations. Parental stress decreased considerably in both intervention groups, but only in the synchronous live format did it show a statistically significant reduction. We found no training effects for emotional support. Acceptance and satisfaction were high across both formats. Discussion and conclusion: The findings highlight the potential of digital training to strengthen parental resources in families of children with reading and spelling difficulties. Importantly, the results indicate that even a fully asynchronous self-learning format can produce meaningful effects, while synchronous elements may provide additional benefits for reducing parental stress.",wos,llm,1.000,unreviewed,,doi:10.1026/0942-5403/a000516
discarded,"Usability, Pedagogical Effectiveness, and Student Experience in a VR-Based Motor Skills Program for Special Educational Needs: Findings from an Erasmus+ Project","Aydogmus, Murat; Bostanci, Ceren; Ciftci, S. Koza; Simsek, Irfan; Zarra, Evi; Kubiak, Marta; Saiz, Javier; Gobbi, Agnese; Karadag, Engin",2026,INTERNATIONAL JOURNAL OF SPECIAL EDUCATION,,https://www.webofscience.com/wos/woscc/full-record/WOS:001787750900024,off-topic-false-hit,"Motor skills are essential for children's educational development, facilitating literacy, executive functioning, attention, and social integration. For children with special educational needs (SEN), motor difficulties frequently co-occur with other neurodevelopmental challenges, exacerbating barriers to inclusive learning environments. In response to these challenges, this study assessed a virtual reality (VR) motor skills training program developed by the Erasmus+ project and implemented across Turkiye, Greece, Spain, and Poland. A quantitative, cross-sectional survey design was employed using data from educators and students involved in the project's training and implementation phases. Three instruments were used to collect data: a workshop evaluation scale completed by educators following professional development training, a teacher evaluation form administered after program implementation, and a student feedback form completed by SEN students. The findings indicate that educators generally perceived the training process and VR-based intervention positively, particularly regarding pedagogical value, student engagement, and support for motor development. However, concerns were raised about the relevance of certain training components and the technology's usability, especially its ease of use in classroom settings. Students reported high levels of enjoyment and engagement with the VR activities, suggesting strong acceptance of the intervention, although variations in selfconfidence were noted. The results suggest that VR-based motor skills training holds significant promise as an engaging and pedagogically valuable tool for SEN education. Nevertheless, its effectiveness appears to depend on usability, contextual adaptation, and the quality of implementation. Future research should incorporate objective motor performance measures and longitudinal designs to understand better the sustained impact of VR-based interventions in inclusive educational contexts.",wos,llm,1.000,unreviewed,,hash:cc376652e047eba3
discarded,A Brief Preventive Version of the Unified Protocol (UP-Prevent): A Case Study With Adults With Subclinical Symptoms of Anxiety and/or Depression,"Francisco, Catarina; Pedro, Liliana; Silva, Cristiana; Pereira, Marco; Fonseca, Ana; Canavarro, Maria Cristina",2026,CLINICAL CASE STUDIES,10.1177/15346501261456300,https://www.webofscience.com/wos/woscc/full-record/WOS:001783747400001,off-topic-false-hit,"Subclinical symptoms of anxiety and/or depression may negatively impact individuals' lives, as they impair daily functioning and increase the risk of developing emotional disorders (e.g., depressive and anxiety disorders, and others related). Accordingly, preventive interventions targeting individuals with subclinical symptoms are essential. Among these, transdiagnostic approaches have proven to be particularly suitable, especially the Unified Protocol for Transdiagnostic Treatment of Emotional Disorders (UP). The UP has recently been adapted for preventive contexts and has shown encouraging results, including significant reductions in negative affect. Despite these promising findings, existing adaptations are not specifically tailored to adults who present with subclinical symptoms of anxiety and/or depression. Thus, this study describes the implementation of a brief preventive version of the UP (UP-Prevent), which was delivered in a face-to-face group format across six two-hour sessions to three women with subclinical symptoms of anxiety and/or depression. Assessments were conducted at three time points (preprogram, postprogram, and three-month follow-up) and included measures of depressive and anxiety symptom severity, symptom-related impairment, emotion regulation difficulties, perceived functional impairment across domains (e.g., work, social activities, private leisure activities, interpersonal relationships), quality of life, positive emotions, and positive mental health. To evaluate changes, the reliable change index (RCI) was computed. Significant improvements were observed across participants in several variables, including anxiety symptoms and anxiety-related impairment, emotion regulation difficulties, and positive mental health. Participants reported high levels of satisfaction with the program, underscoring its acceptability and feasibility and highlighting the UP-Prevent as a promising intervention for individuals with subclinical symptoms.",wos,llm,1.000,unreviewed,,doi:10.1177/15346501261456300
discarded,Identifying reading disabilities through eye movements: a validation study using Lexplore and AI-driven technology,"Berns-Conner, Monica; Dieker, Lisa; Roberts, Sherron",2026,FRONTIERS IN EDUCATION,10.3389/feduc.2026.1790777,https://www.webofscience.com/wos/woscc/full-record/WOS:001777865300001,off-topic-false-hit,"This study explores the potential of eye-tracking technology combined with artificial intelligence (AI) to identify early reading disabilities (RD). Findings indicate significant differences in fixation patterns between elementary students with and without RD, suggesting eye-tracking as a promising screening tool for classroom use. Students' reading failure is a systemic problem across the United States. Early reading interventions show promise in addressing reading disabilities (RD); however, traditional measures are costly, time-consuming, and unreliable. Recent researchers conclude that AI tools, such as eye-tracking, could detect RD for earlier intervention. This study investigated the potential impact of eye-tracking data during a Lexplore reading screening to determine if differences existed between the (a) average fixation time and (b) proportions of fixations to total stimuli duration while reading with 12 elementary students with RD and 17 students without RD. Although Lexplore incorporates AI and previously trained machine learning algorithms, the present study's goals were not to train, modify, or validate AI models. Instead, researchers analyzed pre-generated eye tracking output using traditional statistical methods to examine group differences regarding reading difficulties. This study showed statistically significant differences between groups in both average and proportions of eye fixations. The findings from this exploratory study indicate a need for further investigations regarding eye-tracking devices to screen, identify, and monitor elementary students potentially at risk for RD.",wos,llm,1.000,unreviewed,,doi:10.3389/feduc.2026.1790777
