status,title,authors,year,venue,doi,url,tags,abstract,provider,decision_source,llm_confidence,llm_review_outcome,llm_change_direction,paper_id
discarded,"Collaboration Contexts, Services, Events and Actions: Four Steps Closer to Adaptive Collaboration Support in IMS LD",Florian König; Alexandros Paramythis,2010,2010 International Conference on Intelligent Networking and Collaborative Systems,10.1109/INCOS.2010.68,https://ieeexplore.ieee.org/document/5702089/,off-topic-false-hit,"The IMS Learning Design specification, a widely known language for modelling collaboration scripts, has been criticized for a number of shortcomings and general lack of support for comprehensive adaptation features. We propose concrete extensions to the specification, aiming to alleviate deficiencies by specifically addressing (group) collaboration contexts, flexible service specification, fine-grained event handling and a wide range of adaptive interventions to support learners.",ieee,llm,0.960,unreviewed,,doi:10.1109/incos.2010.68
discarded,Internet based robot competition and education,Zhongli Wang; Yafang Liu; Dongxiao Wang; Qingyun Li; Tai Chen; Y. H. Liu; Yunde Jia,2007,2007 IEEE International Conference on Robotics and Biomimetics (ROBIO),10.1109/ROBIO.2007.4522175,https://ieeexplore.ieee.org/document/4522175/,adjacent-subtopic,"This paper presents a platform for Internet-based robotics competition and education of secondary students. The platform adopts the Client/Server architecture which enables students to compete interactive robotics games via the Internet. To facilitate learning of the students participating in the robotics competition, a robotics curriculum and the supporting hardware and software kits have been also developed. The kit includes an Integrated GUI-based programming interface, a logic simulator for debugging and a hardware platform for program verification. With the developed education kit, students can program robot actions just using the flowchart without knowing any program language. The effectiveness of the Internet competition platform and the robotics curriculum has been proven in the competitions and education activities organized in Hong Kong.",ieee,llm,0.830,unreviewed,,doi:10.1109/robio.2007.4522175
discarded,Management of sensors in robotic constructions provided by primary school children,Epaminondas Papigiotis; Theodoros Karvounidis; Anastastios Ladias; Christos Douligeris,2021,"2021 6th South-East Europe Design Automation, Computer Engineering, Computer Networks and Social Media Conference (SEEDA-CECNSM)",10.1109/SEEDA-CECNSM53056.2021.9565884,https://ieeexplore.ieee.org/document/9565884/,"supports-claim; adjacent-subtopic; tool or course description, no finding on learning event-driven programming or functions as values","The existing work investigates the ways that sensors are being used by primary school children in the automations of educational robotics projects. The research findings revealed that among the available (distance, tilt and sound) sensors the students preferred the distance sensors first, the tilt sensors second and last the sound one in their projects. The study has also recorded that the majority of the contestants made a rather conventional use of the aforementioned sensors. The assessment of the children projects revealed that the beginners predominately used distance sensors, in a conventional way, while their code was ranked in the unistructural level of the SOLO taxonomy. Finally, they used event-driven programming and the interrupt method for event detection. On the other hand, the advanced ones apart from the distance sensor have also used the tilt and the sound sensors, in a more advanced way in terms of innovation. Their code, in terms of the SOLO taxonomy, was ranked between the multi-structural and the relational level and the event detection was held with polling method using a structured programming approach.",ieee,llm_reviewed,0.910,changed,kept->discarded,doi:10.1109/seeda-cecnsm53056.2021.9565884
discarded,The Development of a Programming-Project Sharing Environment on Virtual Space,Tatsuya Morimoto; Ai Ohira; Manato Yoshimura; Hideyuki Takada,2012,"2012 10th International Conference on Creating, Connecting and Collaborating through Computing",10.1109/C5.2012.11,https://ieeexplore.ieee.org/document/6195219/,adjacent-subtopic,"Recently, there are classes using GUI programming environment such as Squeak Etoys or Scratch in primary education. When children study in such environment, children do not have enough opportunity to view the other's works and show their own work to parents and it is difficult to perform mutual evaluation and review lesson. In this paper, we propose an environment where children or parents can view the children's works on virtual space. It can provide opportunities for children to do mutual evaluation or review the past lesson. We have deployed this system to classes using GUI-programming environment and conducted a questionnaire for children. As a result, seven out of eleven children could view the other's works well. Moreover, eight out of ten children could find a scene in which other children watch the work together, and among these children, six of them viewed this attracting work.",ieee,llm,0.900,unreviewed,,doi:10.1109/c5.2012.11
discarded,Classification of keystroke dynamics - a case study of fuzzified discrete event handling,Gernot Herbst; Steffen R. Bocklisch,2008,2008 9th International Workshop on Discrete Event Systems,10.1109/WODES.2008.4605978,https://ieeexplore.ieee.org/document/4605978/,off-topic-false-hit,"The expressiveness of discrete events can be enhanced by incorporating additional attributes, which can be employed for a more detailed classification of an event or to formulate certain requirements towards future instantiations of an event in greater depth. This work is dedicated especially to attributes gained from potentially unreliable sources, such as virtually all sensor systems are. The two main aspects to be discussed are modelling of vague attributes on the one hand, and suitable methods of formulating requirements along with appropriate measures of fulfilment on the other hand. As one practical example, a biometrically enhanced password authentication procedure will be presented. It is meant to serve both as a case study and motivation for the approach pursued subsequently in this work.",ieee,llm,0.990,unreviewed,,doi:10.1109/wodes.2008.4605978
discarded,Generic Association Rule Engine Optimization Using Item Support Projection,Okan Tunalı; Ahmet Tuğrul Bayrak,2021,2021 2nd International Conference on Computing and Data Science (CDS),10.1109/CDS52072.2021.00096,https://ieeexplore.ieee.org/document/9463200/,off-topic-false-hit,"Transactional data analysis and association rule learning have become prominent requirements for effective decision making in marketing operations. Considering that, we propose an optimized near-real-time item associations generation mechanism combined with database utilities. Our solution adopts the association measures of the Apriori algorithm and constructs a live item associations database fed by a generic rule engine. The study also covers redundancy avoidance, memory management and rare event handling with logarithmic transformation. With an experimental case study, we demonstrate hyper-parameter tuning methods and evaluate the results for various scenarios.",ieee,llm,1.000,unreviewed,,doi:10.1109/cds52072.2021.00096
discarded,VIPLE: Visual IoT/Robotics Programming Language Environment for Computer Science Education,Yinong Chen; Gennaro De Luca,2016,2016 IEEE International Parallel and Distributed Processing Symposium Workshops (IPDPSW),10.1109/IPDPSW.2016.55,https://ieeexplore.ieee.org/document/7529965/,"qualifies-claim; adjacent-subtopic; tool or course description, no finding on learning event-driven programming or functions as values","Microsoft released its Robotics Developer Studio (MSRDS) and Visual Programming Language (VPL) in 2006. Microsoft VPL is service-oriented, uses workflow-based visual programming, and has strong support for parallel computing. It is a milestone and flagship in software engineering and in computer science education. Many universities and high schools have adopted VPL as a tool for teaching computing and engineering concepts and for programming robots. Unfortunately, as part of Microsoft's restructuring plan, the robotics division of Microsoft Research was suspended on September 22, 2014, leaving the Microsoft VPL community without updates and support. Arizona State University (ASU) is among the schools that adopted VPL since its first release in 2006. We started to find a solution to our VPL-based curriculum in 2014. This paper presents our research and development of a new visual programming language and its development environment: ASU VIPLE (Visual IoT/Robotics Programming Language Environment). ASU VIPLE extends the discontinued Microsoft VPL to sustain our curriculum and to help the community with their VPL projects. ASU VIPLE supports LEGO EV3 and all IoT devices based on an open architecture. ASU VIPLE integrates engineering design process, workflow, fundamental programming concepts, control flow, parallel computing, event-driven programming seamlessly into the curriculum. It has been pilot tested at Arizona State University in summer 2015 and in spring 2016, as well as in several other universities. ASU VIPLE software and documents can be freely downloaded at: http://venus.eas.asu.edu/WSRepository/VIPLE/.",ieee,llm_reviewed,0.730,changed,kept->discarded,doi:10.1109/ipdpsw.2016.55
discarded,WebProfiler: User Interaction Prediction Framework for Web Applications,Minwoo Joo; Wonjun Lee,2019,IEEE Access,10.1109/ACCESS.2019.2949077,https://ieeexplore.ieee.org/document/8880603/,adjacent-subtopic,"User interaction prediction for Web applications is crucial to improve browsing experience. With the prediction, for instance, a browser can prefetch the content to be accessed next reducing long wait times in advance. However, predicting the user interaction is challenging in practice. Collecting detailed interaction data is difficult due to the constraints on target application and platform. Moreover, Web navigation prediction mechanisms for general applications have a low accuracy with conventional machine learning models. To this end, in this paper, we propose a Web interaction profiling framework, WebProfiler, which collects user interaction data in a generic way and accurately predicts the next navigation. Both navigation and click events are collected by using JavaScript event handlers and clicked objects are identified reliably through a document object model based approach. Furthermore, we adopt gated recurrent unit (GRU), a representative deep learning technique suitable for coping with time series Web interaction data, and present two advanced techniques for training the GRU-based model: uniform resource locator (URL) grouping to handle the variant URLs of a Web page and Web embedding to represent both events in a unified vector space. The experimental results based on the real user interaction data showed that click events within an application improved the overall prediction performance by 13.7% on average, which were overlooked by most of the previous research. In addition, WebProfiler achieved an average F-measure of 0.798 for top three candidates where URL grouping and Web embedding contributed to 52.4% of the performance improvement.",ieee,llm,0.980,unreviewed,,doi:10.1109/access.2019.2949077
discarded,Expert Python Programming: Master Python by learning the best coding practices and advanced programming concepts,Michał Jaworski; Tarek Ziadé,2021,Expert Python Programming: Master Python by learning the best coding practices and advanced programming concepts,,https://ieeexplore.ieee.org/document/10163510/,adjacent-subtopic,"Gain a deep understanding of building, maintaining, packaging, and shipping robust Python applicationsKey FeaturesDiscover the new features of Python, such as dictionary merge, the zoneinfo module, and structural pattern matchingCreate manageable code to run in various environments with different sets of dependenciesImplement effective Python data structures and algorithms to write, test, and optimize codeBook DescriptionThis new edition of Expert Python Programming provides you with a thorough understanding of the process of building and maintaining Python apps. Complete with best practices, useful tools, and standards implemented by professional Python developers, this fourth edition has been extensively updated. Throughout this book, you’ll get acquainted with the latest Python improvements, syntax elements, and interesting tools to boost your development efficiency. The initial few chapters will allow experienced programmers coming from different languages to transition to the Python ecosystem. You will explore common software design patterns and various programming methodologies, such as event-driven programming, concurrency, and metaprogramming. You will also go through complex code examples and try to solve meaningful problems by bridging Python with C and C++, writing extensions that benefit from the strengths of multiple languages. Finally, you will understand the complete lifetime of any application after it goes live, including packaging and testing automation. By the end of this book, you will have gained actionable Python programming insights that will help you effectively solve challenging problems. What you will learnExplore modern ways of setting up repeatable and consistent Python development environmentsEffectively package Python code for community and production useLearn modern syntax elements of Python programming, such as f-strings, enums, and lambda functionsDemystify metaprogramming in Python with metaclassesWrite concurrent code in PythonExtend and integrate Python with code written in C and C++Who this book is forThe Python programming book is intended for expert programmers who want to learn Python’s advanced-level concepts and latest features. Anyone who has basic Python skills should be able to follow the content of the book, although it might require some additional effort from less experienced programmers. It should also be a good introduction to Python 3.9 for those who are still a bit behind and continue to use other older versions. ",ieee,llm,0.990,unreviewed,,hash:f7d0f848eb3f4274
discarded,Research on Three-Dimensional Interactive Storage Laboratory System under Virtual Reality Environment,Renwang Li; Zefei Zhu; Haixia Liu; Liang Gao; Yizhong Wu,2009,2009 International Conference on Computational Intelligence and Software Engineering,10.1109/CISE.2009.5363664,https://ieeexplore.ieee.org/document/5363664/,off-topic-false-hit,"Up to now, it has become a big problem for most institutions of higher learning in the experimental teaching of Industrial Engineering specialty for many apparent reasons, such as too expensive to buy logistics devices, update speed of devices getting faster and faster, too large bulk of devices to find an indoor place to settle them and so on. Therefore, a three-dimensional interactive storage laboratory system (TISLS) based on interactive virtual reality environment was built through taking the actual logistics lab as a background, which includes most useful modules such as teaching system, storage management teaching, sorting system teaching, RFID tally system and lab platform and so forth. The virtual logistics equipments are built by 3S software. These equipments are loaded to VimIPad and optimized. The files of the equipments are leaded into Java 3D scene via the loader interface. The interactive virtual assembly and the bidirectional drive between the virtual scene animation and the stocks are implemented by using the Java event-handling model, combined with the database technology. This method not only increased the modeling effective but also boosted up the verisimilitude of model. The instance indicates that the system is excellent in immersion and interaction.",ieee,llm,0.980,unreviewed,,doi:10.1109/cise.2009.5363664
discarded,Design of a Reference Architecture for Serverless IoT Systems,Neel Pradip Shah,2021,2021 IEEE International Conference on Omni-Layer Intelligent Systems (COINS),10.1109/COINS51742.2021.9524180,https://ieeexplore.ieee.org/document/9524180/,adjacent-subtopic,"The Internet of Things (IoT) proposes the concept of a global and pervasive network of heterogeneous devices that interact with the users and their surroundings improving work efficiency and quality of life. From the conventional software systems development perspective, a good system design and architecture are critical. Its importance increases many-fold when the domain’s objective is to connect an infinite set of heterogeneous devices, i.e., smaller systems should integrate and interoperate with each other with no or low modifications. Therefore, a consensus from a design perspective must be achieved in the community and the corporations working in the IoT domain to achieve this integrability and interoperability. One way to document this consensus is a reference architecture. This paper proposes a reference architecture that will act as a blueprint in developing Serverless IoT systems that integrate and interoperate with each other easily. The motivation behind selecting the serverless computing paradigm for IoT systems is that the system engineers can incorporate more decentralization. Thus, a significant amount of tasks will be handled at the Edge and the Fog layer. Only the heavy functions will be delegated to the Cloud, resulting in more efficient and inexpensive systems. Also, the event-driven programming model at the core of serverless computing, its advantages in scalability, focus on the core business logic, and high cohesion becomes necessary and valuable tools in the toolbox for efficiently developing IoT systems.",ieee,llm,0.980,unreviewed,,doi:10.1109/coins51742.2021.9524180
discarded,Control Flow Integrity in IoT Devices with Performance Counters and DWT,Ananda Biswas; Zelong Li; Akhilesh Tyagi,2020,2020 IEEE International Symposium on Smart Electronic Systems (iSES) (Formerly iNiS),10.1109/iSES50453.2020.00046,https://ieeexplore.ieee.org/document/9426149/,off-topic-false-hit,"IoT devices are open to traditional control flow integrity (CFI) attacks resulting from buffer overflow and return-oriented programming like techniques. They often have limited computational capacity ruling out many of the traditional heavy-duty software countermeasures. In this work, we deploy hardware/software solutions to detect CFI attacks. Some of the medium capability IoT devices, for example based on Raspberry Pi, contain ARM Cortex A-53 (Pi 3) or Cortex A-73 (Pi 4) processors. These processors include hardware counters to count microarchitecture level events affecting performance. Lighter weight IoT devices, say based on ARM Cortex M4 or M7, include DWT (Debug, Watch & Trace) module. When control flow anomalies caused by attacks such as buffer overflow or return oriented programming (ROP) occur, they leave a microarchitectural footprint. Hardware counters reflect such footprints to flag control flow anomalies. This paper is geared towards buffer overflow and ROP control flow anomaly detection in embedded programs. The targeted program entities are main event loops and task/event handlers. The proposed anomaly detection mechanism is evaluated on ArduPilot [1] - a popular autopilot software on a Raspberry Pi 3 with PMU and DWT. A self-navigation program is evaluated on an iCreate Roomba platform with an ARM Cortex M4 processor with DWT only. We are able to achieve 97-99%+ accuracy with 1-10 micro-second time overhead per control flow anomaly check.",ieee,llm,0.990,unreviewed,,doi:10.1109/ises50453.2020.00046
discarded,Multi-Granularity Control Flow Anomaly Detection with Hardware Counters,Ananda Biswas; Timothy M. Dee; Yunxi Guo; Zelong Li; Akhilesh Tyagi,2021,2021 IEEE 7th World Forum on Internet of Things (WF-IoT),10.1109/WF-IoT51360.2021.9595920,https://ieeexplore.ieee.org/document/9595920/,off-topic-false-hit,"Hardware counters are included in processors to count microarchitecture level events affecting performance. When control flow anomalies caused by attacks such as buffer overflow or return oriented programming (ROP) occur, they leave a microarchitectural footprint. Hardware counters reflect such footprints to flag control flow anomalies. This paper is geared towards buffer overflow and ROP control flow anomaly detection in embedded programs. The targeted program entities are main event loops and task/event handlers. Embedded systems also have enhanced need for variable anomaly detection time in order to meet the system response time requirements. We propose a novel repurposing of Patt-Yeh two level branch predictor data structure for abstracting/hashing HW counter signatures to support such variable anomaly detection times. The proposed anomaly detection mechanism is evaluated on some generic benchmark programs and ArduPilot - a popular autopilot software. Experimental evaluation encompasses both Intel X86 and ARM Cortex M processors. DWT within Cortex M provides sufficiently interesting program level event counts to capture these control flow anomalies. We are able to achieve 97-99%+ accuracy with 1-10 micro-second time overhead per anomaly check.",ieee,llm,0.990,unreviewed,,doi:10.1109/wf-iot51360.2021.9595920
