status,title,authors,year,venue,doi,url,tags,abstract,provider,decision_source,llm_confidence,llm_review_outcome,llm_change_direction,paper_id
discarded,The World Federation of ADHD International Consensus Statement: 208 Evidence-based conclusions about the disorder,Stephen V. Faraone; Tobias Banaschewski; David Coghill; Yi Zheng; Joseph Biederman; Mark A. Bellgrove; Jeffrey H. Newcorn; Martin Gignac; Nouf Mohammed Al Saud; Iris Manor; Luís Augusto Rohde; Li Yang; Samuele Cortese; Doron Almagor; Mark Allen Stein; Turki Homod Albatti; Haya F. Al-Joudi; Mohammed M. J. Alqahtani; Philip J. Asherson; Lukoye Atwoli; Sven Bölte; Jan K. Buitelaar; Cleo Lina Crunelle; David Daley; Søren Dalsgaard; Manfred Döpfner; Stacey D. Espinet; Michael Fitzgerald; Barbara Franke; Manfred Gerlach; Jan Haavik; Catharina Annette Hartman; Cynthia M. Hartung; Stephen P. Hinshaw; Pieter J. Hoekstra; Chris P. Hollis; Scott Haden Kollins; J. J. Sandra Kooij; Jonna Kuntsi; Henrik Larsson; Tingyu Li; Jing Liu; Eugene Merzon; Gregory W. Mattingly; Paulo Mattos; Suzanne McCarthy; Amori Yee Mikami; Brooke S. G. Molina; Joel T. Nigg; Diane Purper‐Ouakil; Olayinka Olusola Omigbodun; Guilherme V. Polanczyk; Yehuda Pollak; Alison Sally Poulton; Ravi Philip Rajkumar; Andrew Reding; Andreas Reif; Katya Rubia; Julia J. Rucklidge; Marcel Romanos; Josep Antoni Ramos‐Quiroga; Arnt Schellekens; Anouk Scheres; Renata Schoeman; Julie B. Schweitzer; Henal Rakesh Shah; Mary V. Solanto; Edmund J. S. Sonuga-Barke; César A. Soutullo; Hans‐Christoph Steinhausen; James M. Swanson; Anita Thapar; Gail Tripp; Geurt van de Glind; Wim van den Brink; Saskia Van der Oord; Andre R. Venter; Benedetto Vitiello; Susanne Walitza; Yufeng Wang,2021,Neuroscience & Biobehavioral Reviews,10.1016/j.neubiorev.2021.01.022,https://openalex.org/W3128855809,off-topic-false-hit,"BACKGROUND: Misconceptions about ADHD stigmatize affected people, reduce credibility of providers, and prevent/delay treatment. To challenge misconceptions, we curated findings with strong evidence base. METHODS: We reviewed studies with more than 2000 participants or meta-analyses from five or more studies or 2000 or more participants. We excluded meta-analyses that did not assess publication bias, except for meta-analyses of prevalence. For network meta-analyses we required comparison adjusted funnel plots. We excluded treatment studies with waiting-list or treatment as usual controls. From this literature, we extracted evidence-based assertions about the disorder. RESULTS: We generated 208 empirically supported statements about ADHD. The status of the included statements as empirically supported is approved by 80 authors from 27 countries and 6 continents. The contents of the manuscript are endorsed by 366 people who have read this document and agree with its contents. CONCLUSIONS: Many findings in ADHD are supported by meta-analysis. These allow for firm statements about the nature, course, outcome causes, and treatments for disorders that are useful for reducing misconceptions and stigma.",openalex,llm,1.000,unreviewed,,doi:10.1016/j.neubiorev.2021.01.022
discarded,A Review of Students’ Common Misconceptions in Science and Their Diagnostic Assessment Tools,Soeharto Soeharto; B. CsapÃ³; Eri Sarimanah; Figiati Indra Dewi; Tahmid Sabri,2019,Jurnal Pendidikan IPA Indonesia,10.15294/jpii.v8i2.18649,https://openalex.org/W2955464374,off-topic-false-hit,"A misconception is well-known as a barrier to students in learning science. Some topics in science learning are always giving misconception to novice students, and there have been various kinds of diagnostic assessment used by researchers to identify student misconceptions in science. This present study provides information about an overview of the common topics that students usually get misconception in science, and diagnostic assessment used to identify students’ misconception in science. This review also provides a comparison of every instrument with the weaknesses and the strengths reviewed from a total 111 articles that had published from the year 2015 to 2019 in the leading journal having the topic of students’ misconceptions in science. This study revealed that 33 physics, 12 chemistry, and 15 biology concepts in science that mainly caused misconceptions to students. Furthermore, it found that interview (10.74%), simple multiple-choice tests (32.23%) and multiple tier tests (33.06%), and open-ended tests (23.97%) are commonly used as diagnostic tests. However, every kind of tests has benefits and drawbacks over the other when it is used in assessing student conception. An expert user like teachers and researchers must be aware when using diagnostic assessment in the learning process, exceptionally to construct student conception. This study is expected to help researchers and teachers to decide the best instrument to be used in assessing student misconceptions and to examine the common science topics that caused misconceptions.",openalex,llm,1.000,unreviewed,,doi:10.15294/jpii.v8i2.18649
discarded,Validating A Method for Mapping Managers' Mental Models of Competitive Industry Structures,Kevin Daniels; Leslie de Chernatony; Gerry Johnson,1995,Human Relations,10.1177/001872679504800901,https://openalex.org/W2147107625,off-topic-false-hit,"Cognitive mapping techniques refer to methods used to elicit the structure and content of people's mental models. There is a growing interest in applying these techniques to the study of managers' mental models of strategic management issues. This paper reports on a new method for mapping managers' mental models of competitive industry structures, that is based upon recent developments in the cognitive psychology of the categorization of concepts. This method, a simple visual card sorting technique, is quick to administer and interpret. The method is evaluated with respect to its psychometric properties against the well established, but potentially cumbersome, repertory grid technique. The method is demonstrated to have good validity by comparing it with the repertory grid technique.",openalex,llm,1.000,unreviewed,,doi:10.1177/001872679504800901
discarded,Teachers teaching misconceptions: a study of factors contributing to high school biology students’ acquisition of biological evolution-related misconceptions,Tony B Yates; Edmund A. Marek,2014,Evolution Education and Outreach,10.1186/s12052-014-0007-2,https://openalex.org/W2112273221,off-topic-false-hit,"Research has revealed that high school students matriculate to college holding misconceptions related to biological evolution. These misconceptions interfere with students’ abilities to grasp accurate scientific explanations and serve as fundamental barriers to understanding evolution. Because the scientific community regards evolution as a vital part of science education, it is imperative that students’ misconceptions are identified and their sources revealed. The purpose of this study was to identify the types and prevalence of biological evolution-related misconceptions held by high school biology teachers and their students, and to identify those factors that contribute to student acquisition of such misconceptions, with particular emphasis given to the role of the teacher. Thirty-five teachers who taught at least one section of Biology I during the 2010 to 2011 academic year in one of 32 Oklahoma public high schools and their respective 536 students served as this study’s unit of analysis. The Biological Evolution Literacy Survey, which possesses 23 biological evolution misconception statements grouped into five categories, served as the research tool for identifying teachers’ misconceptions prior to student instruction and students’ misconceptions both prior to and following instruction in biological evolution concepts, calculating conception index scores, and collecting demographic data. Multiple statistical analyses were performed to identify statistically significant (p < .05) relationships between variables related to student’s acquisition of biological evolution-related misconceptions. Analyses revealed that students typically exit the Biology I classroom more confident in their biological evolution knowledge but holding greater numbers of misconceptions than they initially possessed upon entering the course. Significant relationships between student acquisition of misconceptions and teachers’ bachelor’s degree field, terminal degree, and hours dedicated to evolution instruction were also revealed. In addition, the probabilities that specific biological evolution-related misconceptions were being transmitted from teachers to their students were also identified. This study reveals some problematic issues concerning the teaching of biological evolution in Oklahoma’s public high school introductory biology course. No doubt, multiple factors contribute in varying degrees to the acquisition and retention of student misconceptions of biological evolution. However, based on this study’s results, there is little doubt that teachers may serve as sources of biological evolution-related misconceptions or, at the very least, propagators of existing misconceptions. It is imperative that we as educators identify sources of student biological evolution-related misconceptions, identify or develop strategies to reduce or eliminate such misconceptions, and implement these strategies at the appropriate junctures in students’ cognitive development.",openalex,llm,1.000,unreviewed,,doi:10.1186/s12052-014-0007-2
discarded,A Review and Comparison of Diagnostic Instruments to Identify Students’ Misconceptions in Science,Derya Kaltakci-Gurel; Ali Eryılmaz; Lillian Christie McDermott,2015,Eurasia Journal of Mathematics Science and Technology Education,10.12973/eurasia.2015.1369a,https://openalex.org/W2472851532,off-topic-false-hit,"Different diagnostic tools have been developed and used by researchers to identify students' conceptions. The present study aimed to provide an overview of the common diagnostic instruments in science to assess students' misconceptions. Also the study provides a brief comparison of these common diagnostic instruments with their strengths and weaknesses. A total of 273 articles published (from the year 1980 to 2014) in main journals were investigated thoroughly through document analysis method. The study reveals interviews (53%), open-ended tests (34%), multiple-choice tests (32%) and multiple tier tests (13%) as the most commonly used diagnostic tools. However, each tool has some advantages as well as disadvantages over the others that should be kept in mind in their usages. A careful user of a diagnostic instrument such as a classroom teacher or a researcher would be aware of the diagnostic instruments and selects the most effective one for his/her purposes.",openalex,llm,1.000,unreviewed,,doi:10.12973/eurasia.2015.1369a
discarded,Development of the Bonding Representations Inventory To Identify Student Misconceptions about Covalent and Ionic Bonding Representations,Cynthia J. Luxford; Stacey Lowery Bretz,2014,Journal of Chemical Education,10.1021/ed400700q,https://openalex.org/W2086252802,off-topic-false-hit,"High Resolution Image Download MS PowerPoint Slide Teachers use multiple representations to communicate the concepts of bonding, including Lewis structures, formulas, space-filling models, and 3D manipulatives. As students learn to interpret these multiple representations, they may develop misconceptions that can create problems in further learning of chemistry. Interviews were conducted with 28 high school physical science, high school chemistry, and general chemistry students. The interviews focused on identifying student understanding of, and misconceptions about, covalent and ionic bonding representations through analysis of both student-created and expert-generated representations. Misconceptions about bonding representations were identified regarding four themes: (i) periodic trends, (ii) electrostatic interactions, (iii) the octet rule, and (iv) surface features. The Bonding Representations Inventory (BRI) was developed to quantify the prevalence of these misconceptions. The BRI was administered to 1072 high school chemistry, advanced placement chemistry, and general chemistry students across the United States. Content validity was determined through expert validation of the items, and concurrent validity was established by comparing the three groups of students. Reliability was determined through individual item analysis and through Ferguson’s δ. Suggestions are offered for using the BRI in high school and general chemistry classrooms to inform the teaching of both bonding and representations.",openalex,llm,1.000,unreviewed,,doi:10.1021/ed400700q
discarded,Ocean plastic crisis—Mental models of plastic pollution from remote Indonesian coastal communities,Anna Phelan; Helen S. Ross; Novie Andri Setianto; Kelly S. Fielding; Lengga Pradipta,2020,PLoS ONE,10.1371/journal.pone.0236149,https://openalex.org/W3045866379,off-topic-false-hit,"The crisis facing the world's oceans from plastics is well documented, yet there is little knowledge of the perspectives, experiences and options of the coastal communities facing overwhelming quantities of plastics on their beaches and in their fishing waters. In emerging economies such as those in the Coral Triangle, the communities affected are among the poorest of their countries. To understand the consequences of ocean plastic pollution in coastal regions, through the eyes of local people, this study examines the knowledge, use, disposal and local consequences of single use plastics in remote island communities in two archipelagos of southern Sulawesi, Indonesia. Using mixed methods-a survey of plastic literacy and behaviour, household interviews about purchasing and disposal, and focus group discussions to generate shared mental models-we identify a complex set of factors contributing to extensive plastic leakage into the marine environment. The rising standard of living has allowed people in low resource, remote communities to buy more single-use plastic items than they could before. Meanwhile complex geography and minimal collection services make waste management a difficult issue, and leave the communities themselves to shoulder the impacts of the ocean plastic crisis. Although plastic literacy is low, there is little the coastal communities can do unless presented with better choice architecture both on the supply side and in disposal options. Our results suggest that for such coastal communities improved waste disposal is urgent. Responsible supply chains and non-plastic alternatives are needed. Producers and manufacturers can no longer focus only on low-cost packaged products, without taking responsibility for the outcomes. Without access to biodegradable, environmentally friendly products, and a circular plastic system, coastal communities and surrounding marine ecosystems will continue to be inundated in plastic waste.",openalex,llm,1.000,unreviewed,,doi:10.1371/journal.pone.0236149
discarded,EROSI—visualising recursion and discovering new errors,Carlisle E. George,2000,,10.1145/330908.331875,https://openalex.org/W1987895641,adjacent-subtopic,"This paper introduces a novel software visualisation aid, the EROSI (Explicit Representer Of Subprogram Invocations) tutor, hypothesised to support the acquisition (by novice programmers) of a mental model to facilitate the comprehension and use of recursion as a problem solving technique. Novices found the EROSI tutor easy to use, interesting and a valuable visualisation aid to forming correct mental models of recursive processes. Studies concluded that although novices many have a correct mental model of recursion, various errors and misconceptions (identified) due to exogenous factors affect their ability to complete recursive tasks.",openalex,llm,0.960,unreviewed,,doi:10.1145/330908.331875
discarded,"Reflections on dynamics, adaptation and control: A cognitive architecture for mental models",Laila van Ments; Jan Treur,2021,Cognitive Systems Research,10.1016/j.cogsys.2021.06.004,https://openalex.org/W3179852711,off-topic-false-hit,"In this paper, an overview of the wide variety of occurrences of mental models in the literature is discussed. They are classified according to two dimensions obtaining four categories of them: static-dynamic and world-mental, where static refers to mental models for static world states or for static mental states and dynamic refers to mental models for world processes or for mental processes. In addition, distinctions are made for what can be done by mental models: they can, for example, be (1) used for internal simulation, they can be (2) adapted, and these processes can be (3) controlled. This leads to a global three-level cognitive architecture covering these three ways of handling mental models. It is discussed that in this cognitive architecture reflection principles play an important role to define the interactions between the different levels.",openalex,llm,0.990,unreviewed,,doi:10.1016/j.cogsys.2021.06.004
discarded,What Do Experts and Novices “See” in Evolutionary Problems?,Ross H. Nehm; Judith S. Ridgway,2011,Evolution Education and Outreach,10.1007/s12052-011-0369-7,https://openalex.org/W2082951975,off-topic-false-hit,"Considerable research has focused on differences in expert and novice problem representation and performance within physics, chemistry, and genetics. Here, we examine whether models of problem solving based on this work are useful within the domain of evolutionary biology. We utilized card sort tasks, interviews, and paper-and-pencil tests to: (1) delineate problem categorization rules, (2) quantify problem solving success, and (3) measure the relationships between the composition, structure, and coherence of problem solutions. We found that experts and novices perceived different item features to be of significance in card sort tasks, and that sensitivity to item surface features was adversely associated with problem solving success. As in other science domains, evolutionary problem representation and problem solving performance were tightly coupled. Explanatory coherence and the absence of cognitive biases were distinguishing features of evolutionary expertise. We discuss the implications of these findings for biology teaching and learning.",openalex,llm,1.000,unreviewed,,doi:10.1007/s12052-011-0369-7
discarded,Inference making in young children: The concurrent and longitudinal contributions of verbal working memory and vocabulary.,Nicola Kate Currie; Marloes M. L. Muijselaar,2019,Journal of Educational Psychology,10.1037/edu0000342,https://openalex.org/W2923376123,off-topic-false-hit,"Inference making is fundamental to the construction of a coherent mental model of a text. We examined how vocabulary and verbal working memory relate to inference development concurrently and longitudinally in 4- to 9-year-olds. Four hundred and twenty pre-kindergartners completed oral assessments of inference making, vocabulary breadth, vocabulary depth, and verbal working memory each year until grade 3. Concurrently, hierarchical regressions revealed that a greater proportion of total variance in inference making was explained by vocabulary and verbal working memory for younger than older children. Vocabulary breadth was a stronger predictor of inference than verbal working memory but the opposite pattern was found for vocabulary depth and verbal working memory. The longitudinal relations between inference making, vocabulary and verbal working memory were investigated in two separate cross-lagged models: one with vocabulary breadth and a second with vocabulary depth. Both vocabulary breadth and depth explained subsequent inference making and verbal working memory throughout the early grades. Inference making also predicted subsequent vocabulary depth. The results highlight the critical role of vocabulary knowledge in the development of inference ability both within and across time, the importance of vocabulary in supporting the development of verbal working memory, and the changing dynamics between language and memory in early development.",openalex,llm,1.000,unreviewed,,doi:10.1037/edu0000342
discarded,Heuristic and analytic processes in mental models for conditionals: An integrative developmental theory,Caroline Gauffroy; Pierre Barrouillet,2009,Developmental Review,10.1016/j.dr.2009.09.002,https://openalex.org/W2029365761,off-topic-false-hit,,openalex,llm,0.990,unreviewed,,doi:10.1016/j.dr.2009.09.002
