status,title,authors,year,venue,doi,url,tags,abstract,provider,decision_source,llm_confidence,llm_review_outcome,llm_change_direction,paper_id
discarded,MVP and experimentation in software startups: a qualitative survey,Jorge Melegati; Rafael Chanin; Afonso Sales; Rafael Prikladnicki; Xiaofeng Wang,2020,2020 46th Euromicro Conference on Software Engineering and Advanced Applications (SEAA),10.1109/SEAA51224.2020.00060,https://ieeexplore.ieee.org/document/9226350/,off-topic-false-hit,"The Lean Startup methodology disseminated the concept of MVP. Since then, the term has been used in several contexts aside startups with a blur definition. Practitioners name several artifacts as MVPs, such as prototypes or initial versions of a new product, rather than an instrument for experimentation. Given the importance of experimentation to the success rate of software startups, it is essential to understand if the experimentation element is still present in practitioners' understanding of the term and how they applied MVPs. To achieve this objective, we performed a survey with practitioners and coded their answers according to aspects found in a systematic mapping study on MVP. Our results indicate that MVP is mostly associated with the ideas of a product version and customer value rather than hypothesis testing and learning processes. Additionally, those respondents that focused on the first related group of terms did not give experiments as examples of MVP. In contrast, the opposite happened to those that used the second group.",ieee,llm,1.000,unreviewed,,doi:10.1109/seaa51224.2020.00060
discarded,"Simple Object-Oriented Design: Create clean, maintainable applications",Mauricio Aniche,2024,"Simple Object-Oriented Design: Create clean, maintainable applications",,https://ieeexplore.ieee.org/document/10745308/,adjacent-subtopic,"Write object-oriented code that’s manageable, maintainable, and future-proof. Keeping your object-oriented designs simple demands a creative approach—and that’s exactly what you’ll find in Simple Object-Oriented Design. This book is full of patterns and principles for reducing complexity, each one proven in author Mauricio Aniche’s 20-year career in software development. You’ll learn how to tackle code’s natural growth in complexity, and adopt a “good enough” approach that means it’s easy to refactor when requirements change. You’ll discover insightful principles for:  Making code readable and documented Improving consistency and encapsulation Managing dependencies Designing abstractions Handling infrastructure Effective modularization  Learn what constitutes both good and bad object-oriented software design, discover how to make better trade-offs in design decisions, and when to embrace complexity over simpler data structures. With this book as your vital reference, you’ll be ready to write code that will last the test of time, without slowing feature delivery to a crawl.",ieee,llm,0.910,unreviewed,,hash:d04694e06bc0dcf5
discarded,Transformation from MVC Applications to Smart Contracts,Qiqi Gu; Wei Ke; Yilong Yang,2022,2022 IEEE 20th International Conference on Embedded and Ubiquitous Computing (EUC),10.1109/EUC57774.2022.00025,https://ieeexplore.ieee.org/document/10086178/,adjacent-subtopic,"A smart contract is a program running on a blockchain platform. Smart devices send data to smart contracts or change their own status based on smart contracts. Businesses want to use smart devices and smart contracts to streamline workflow because smart contracts reduce the need in trusted intermediators and cut down enforcement costs. However, developing smart contract applications is challenging due to different memory models, different interaction models, and a dearth of supporting tools and libraries. When developers are asked to reimplement conventional applications to smart contracts, it is thus ideal to automatically transform them, avoiding manual labor, as well as ensuring reliability and security. This paper contributes a set of rules to transform conventional applications in the Model-View-Controller (MVC) pattern into smart contracts running on Hyperledger Fabric, a blockchain platform preferred by businesses. Major transformations are performed in the model, while in the controller, model calls are replaced by smart contract calls. The source application and the target smart contract are all written in Java. Our rules add read-your-writes consistency that Hyperledger Fabric does not natively support. Runtime pre- and post-condition checking in the original application is supported in the transformed smart contract. We evaluated our rules on CoCoME and other MVC applications, and all code ran correctly and passed unit tests.",ieee,llm,0.940,unreviewed,,doi:10.1109/euc57774.2022.00025
discarded,EMG activities between sit-and-reach and stand-and-reach: a pilot study,D.P.K. Chu; T.C. Luk; Y. Hong,1998,Proceedings of the 20th Annual International Conference of the IEEE Engineering in Medicine and Biology Society. Vol.20 Biomedical Engineering Towards the Year 2000 and Beyond (Cat. No.98CH36286),10.1109/IEMBS.1998.744929,https://ieeexplore.ieee.org/document/744929/,off-topic-false-hit,"Some of the hamstring flexibility assessments used in Mainland China are the stand-and-reach test instead of the sit-and-reach test recommended by the American College of Sports Medicine (ACSM). The problem is that the back and leg muscles loading may be higher in stand-and-reach. This is a potential danger to the subjects when performing the stand-and-reach test. The main purpose of this study was to compare the myoelectric activities in hamstring and low back muscle during sit-and-reach test and stand-and-reach test. Four healthy physical education students participated in this study with no history of low back pain and hamstring injury. Muscle studied including semitendinosus, biceps femoris, and lumbar erector spinae. EMG activity was recorded with surface electrodes which were attached to the skin in a standardized manner. The EMG signals were received by the BTS TELEMG unit. The EMG signal was processed by ELITE data acquisition and analysis software. One-way ANOVA was employed to examine the difference in myoelectric activities between two flexibility tests. Results showed that muscle activity was relatively high during stand-and-reach test with low back muscle activity at 50%MVC in the recovery period. Furthermore, there was no significant difference in the performance of flexibility test between two different methods.",ieee,llm,1.000,unreviewed,,doi:10.1109/iembs.1998.744929
discarded,Control performance monitoring of LP-MPC cascade systems,Zhijie Sun; S. Joe Qin; Ashish Singhal; Larry Megan,2011,Proceedings of the 2011 American Control Conference,10.1109/ACC.2011.5991438,https://ieeexplore.ieee.org/document/5991438/,off-topic-false-hit,"Traditional minimum variance control (MVC) based performance monitoring methods treats all controlled variables (CVs) the same (or with some preselected weights). However, due to the nature of soft CV constraint, CVs have priority in cascade systems of linear programming - model predictive control (LP-MPC). It is desired to reduce violations of constraints for CVs at their upper or lower bounds and to keep CVs under control. In this paper, we introduce block lower triangular interactor matrix, based on which conditional MVC and corresponding performance benchmark is developed. We state that conditional MVC first consider CVs with multiple level priority and a subset of CVs in each level of priority. A simulation example is given to compare proposed method with traditional MVC methods.",ieee,llm,1.000,unreviewed,,doi:10.1109/acc.2011.5991438
discarded,Implementation of error resilience technique for Multiview Video Coding,Abdulkareem B. Ibrahim; Abdul H. Sadka,2014,2014 Southwest Symposium on Image Analysis and Interpretation,10.1109/SSIAI.2014.6806020,https://ieeexplore.ieee.org/document/6806020/,off-topic-false-hit,"Multimedia content over broadband wireless technology has always been a challenge in video communication, as wireless networks are inevitably prone to error burst. In this work, we present an approach in data partition technique to achieve error resilience in Multiview Video Coding (MVC). Data partitioning (DP) is an efficient and important way to make an encoded video stream more robust to errors by way of separating more important and less important syntax elements into a different format of packets, based on decoding importance, thereby enhancing improvement of error/loss robustness. As JMVC 8.5 reference software does not support data partitioning or any other error resilience technique for either base or non-base view slices, the proposed technique implemented introduces new non base view Network Abstraction Layer (NAL) units into the multiview video (MVV) bitstream. This concept helps to differentiate the data partitions of base view slices from non-base view slices. DP algorithm was developed to sort the individual video data into different partitions, namely, A, B, and C based on importance. The overall bitrate increase was found to be 0.7% and this overhead did not affect the overall quality of the video. The JMVC 8.5 reference software decoder on the other hand was modified to handle and decode the partitioned MVV bitstream. The technique presented can decode and reconstruct all frames in the MVV bitstream with minimum bitrate and exact quality as the original sequences.",ieee,llm,1.000,unreviewed,,doi:10.1109/ssiai.2014.6806020
discarded,IEEE Approved Draft Standard for Electric Penetration Assemblies in Containment Structures for Nuclear Power Generating Stations,,2025,"IEEE P317/D002, March 2025",,https://ieeexplore.ieee.org/document/10945625/,off-topic-false-hit,"An electric penetration assembly is an assembly of insulated electric conductors, conductor seals, module seals (if any), and aperture seals that provide the passage of the electric conductors through a single aperture in the nuclear containment structure, while providing a pressure barrier between the inside and the outside of the containment structure. The electric penetration assembly includes terminal (junction) boxes, terminal blocks, connectors and cable supports, and splices which are designed and furnished as an integral part of the assembly. Requirements for the design, construction, qualification, test, and installation of electric penetration assemblies in nuclear containment structures for stationary nuclear power generating stations are prescribed in this standard. Criteria intended to facilitate the determination of the features of design, construction, test, qualification, and installation relative to the electric penetration assemblies of primary containments of the nuclear facilities that comply with the United States Nuclear Regulatory Commission’s Code of Federal Regulations (10CFR50) are presented in this standard.",ieee,llm,1.000,unreviewed,,hash:6bcb59442dd10930
discarded,IEEE Draft Standard for Electric Penetration Assemblies in Containment Structures for Nuclear Power Generating Stations,,2024,"IEEE P317/D0, July 2024",,https://ieeexplore.ieee.org/document/10669300/,off-topic-false-hit,"An electric penetration assembly is an assembly of insulated electric conductors, conductor seals, module seals (if any), and aperture seals that provide the passage of the electric conductors through a single aperture in the nuclear containment structure, while providing a pressure barrier between the inside and the outside of the containment structure. The electric penetration assembly includes terminal (junction) boxes, terminal blocks, connectors and cable supports, and splices which are designed and furnished as an integral part of the assembly. Requirements for the design, construction, qualification, test, and installation of electric penetration assemblies in nuclear containment structures for stationary nuclear power generating stations are prescribed in this standard. Criteria intended to facilitate the determination of the features of design, construction, test, qualification, and installation relative to the electric penetration assemblies of primary containments of the nuclear facilities that comply with the United States Nuclear Regulatory Commission’s Code of Federal Regulations (10CFR50) are presented in this standard.",ieee,llm,1.000,unreviewed,,hash:77fb21d1f310b17a
kept,An Adaptive Development Framework for Web-Based Enterprise Information System,Liu Xudong; Xu Xiaofei; Zhan Dechen; Qiao Limin,2008,2008 International Symposium on Computer Science and Computational Technology,10.1109/ISCSCT.2008.127,https://ieeexplore.ieee.org/document/4731577/,supports-claim; qualifies-claim,"The rapid evolutions of software environment and business requirements place a high demand on the adaptiveness of enterprise information systems (EIS). Over the last few years, more and more EIS adopted the distributed multi-tiered Web-based application architecture. Crosscutting concerns and clone codes make the web-based EIS difficult to evolve and maintain. The traditional model-view-controller (MVC) model imposes design-level restrictions that give a clean separation between the presentation, functional and control concerns. However it does not modularize the structure crosscutting concerns. In this paper, we propose a novel development model named meta data object (MDO) that modularizes the structure concerns and reduces some specific clone codes. Panther is a new domain-driven web development framework that implements the MDO model. Panther has been used to develop many Web-based EIS. Development with Panther benefits from a significant improvement in code reuse, adaptability, and maintainability.",ieee,llm,0.900,unreviewed,,doi:10.1109/iscsct.2008.127
discarded,IEEE Standard for Electric Penetration Assemblies in Containment Structures for Nuclear Power Generating Stations,,2013,IEEE Std 317-2013 (Revision of IEEE Std 317-1983),10.1109/IEEESTD.2013.6557399,https://ieeexplore.ieee.org/document/6557399/,off-topic-false-hit,"An electric penetration assembly is an assembly of insulated electric conductors, conductor seals, module seals (if any), and aperture seals that provides the passage of the electric conductors through a single aperture in the nuclear containment structure, while providing a pressure barrier between the inside and the outside of the containment structure. The electric penetration assembly includes terminal (junction) boxes, terminal blocks, connectors and cable supports, and splices which are designed and furnished as an integral part of the assembly. Requirements for the design, construction, qualification, test, and installation of electric penetration assemblies in nuclear containment structures for stationary nuclear power generating stations are prescribed in this standard.",ieee,llm,1.000,unreviewed,,doi:10.1109/ieeestd.2013.6557399
discarded,IEEE Standard for Electric Penetration Assemblies in Containment Structures for Nuclear Power Generating Stations,,2025,IEEE Std 317-2025 (Revision of IEEE Std 317-2013),10.1109/IEEESTD.2025.11119209,https://ieeexplore.ieee.org/document/11119209/,off-topic-false-hit,"An electric penetration assembly is an assembly of insulated electric conductors, conductor seals, module seals (if any), and aperture seals that provide the passage of the electric conductors through a single aperture in the nuclear containment structure, while providing a pressure barrier between the inside and the outside of the containment structure. The electric penetration assembly includes terminal (junction) boxes, terminal blocks, connectors and cable supports, and splices which are designed and furnished as an integral part of the assembly. Requirements for the design, construction, qualification, test, and installation of electric penetration assemblies in nuclear containment structures for stationary nuclear power generating stations are prescribed in this standard. Criteria intended to facilitate the determination of the features of design, construction, test, qualification, and installation relative to the electric penetration assemblies of primary containments of the nuclear facilities that comply with the United States Nuclear Regulatory Commission’s Code of Federal Regulations (10CFR50) are presented in this standard.",ieee,llm,1.000,unreviewed,,doi:10.1109/ieeestd.2025.11119209
discarded,IEEE Standard for Electric Penetration Assemblies in Containment Structures for Nuclear Power Generating Stations - Redline,,2013,IEEE Std 317-2013 (Revision of IEEE Std 317-1983) - Redline,,https://ieeexplore.ieee.org/document/6655880/,off-topic-false-hit,"An electric penetration assembly is an assembly of insulated electric conductors, conductor seals, module seals (if any), and aperture seals that provides the passage of the electric conductors through a single aperture in the nuclear containment structure, while providing a pressure barrier between the inside and the outside of the containment structure. The electric penetration assembly includes terminal (junction) boxes, terminal blocks, connectors and cable supports, and splices which are designed and furnished as an integral part of the assembly. Requirements for the design, construction, qualification, test, and installation of electric penetration assemblies in nuclear containment structures for stationary nuclear power generating stations are prescribed in this standard.",ieee,llm,1.000,unreviewed,,hash:999be3d93bd09050
discarded,Application and safety issues for transient voltage surge suppressors,K.W. Eilers; M. Wingate; E. Pham,2000,IEEE Transactions on Industry Applications,10.1109/28.887228,https://ieeexplore.ieee.org/document/887228/,off-topic-false-hit,"This paper is intended as a guide to users and manufacturers of transient voltage surge suppressor devices based on metal-oxide varistor semiconductors. Many current designs and applications can result in safety problems, including short circuits, explosions, and energized panels and grounding conductors. If the recommendations contained in this paper are followed, then electrical system safety and reliability will be enhanced. The subjects of fusing, connections, grounding, and component compatibility are explored as they pertain to surge suppressor design and application.",ieee,llm,1.000,unreviewed,,doi:10.1109/28.887228
discarded,Application and safety issues for transient voltage surge suppressors,K.W. Eilers; M. Wingate; E. Pham,1999,Industry Applications Society 46th Annual Petroleum and Chemical Technical Conference (Cat.No. 99CH37000),10.1109/PCICON.1999.806451,https://ieeexplore.ieee.org/document/806451/,off-topic-false-hit,"This paper is intended as a guide to users and manufacturers of transient voltage surge suppressor devices based on metal oxide varistor semiconductors. Many current designs and applications can result in safety problems including short circuits, explosions, and energized panels and grounding conductors. If the recommendations contained in this paper are followed, then electrical system safety and reliability is enhanced. The subjects of fusing, connections, grounding, and component compatibility are explored as they pertain to surge suppressor design and application.",ieee,llm,1.000,unreviewed,,doi:10.1109/pcicon.1999.806451
discarded,Vehicle Dynamics Trajectory Planning: Minimum Violation Planning Modifications Reducing Computational Time,David Vosahlik; Petr Turnovec; Jaroslav Pekar; Marek Bohac; Tomas Hanis,2023,2023 SICE International Symposium on Control Systems (SICE ISCS),10.23919/SICEISCS57194.2023.10079204,https://ieeexplore.ieee.org/document/10079204/,off-topic-false-hit,"State trajectory planning is recently one of the main challenges for self-driving/autonomous vehicles technology. The Minimum Violation Planing (MVP) approach provides a reliable and user intuitive framework for states trajectory planning. It provides possibility of various logic constraints, boundary conditions, dynamic constraints, and many others. The MVP is revisited in this paper with a special focus on the time efficiency of the algorithm. Two modifications of the MVP reducing the calculation time while not significantly compromising the trajectory quality are proposed in this paper. The vehicle yaw, yaw rate, north and east position, velocity, and battery state of charge variables planning is selected to compare the proposed planning framework modifications. The presented modifications and the original MVP algorithm are compared in selected test scenario, where significant calculation time reduction is shown while the plan optimality is not affected remarkably.",ieee,llm,1.000,unreviewed,,doi:10.23919/siceiscs57194.2023.10079204
