status,title,authors,year,venue,doi,url,tags,abstract,provider,decision_source,llm_confidence,llm_review_outcome,llm_change_direction,paper_id
While there is potential value in comparing the performance of today's students with that in the literature of past decades, it is important to consider changes in technology that might impose a different level of challenge on the same problem.",wos,llm_reviewed,0.780,changed,kept->discarded,doi:10.1109/latice.2013.44
discarded,Learning to Reason about Ecosystems Dynamics over Time: The Challenges of an Event-Based Causal Focus,"Grotzer, Tina A.; Kamarainen, Amy M.; Tutwiler, M. Shane; Metcalf, Shari; Dede, Chris",2013,BIOSCIENCE,10.1525/bio.2013.63.4.9,https://www.webofscience.com/wos/woscc/full-record/WOS:000320491700015,off-topic-false-hit,"Expert reasoning about ecosystems requires a focus on the dynamics of the system, including the inherent processes, change over time, and responses to disturbances. However, students often bring assumptions to thinking about ecosystems that may limit their developing expertise. Cognitive science research has shown that novices often reduce ongoing patterns and processes to events across diverse science concepts. A robust, event-based focus may exacerbate student difficulties with reasoning about ecosystems in terms of resilience and change over time. In this study, we investigated middle-school students' initial reasoning about ecosystem dynamics and analyzed promising shifts in their reasoning after they interacted with a virtual environment with features designed to support thinking about change over time. Some students adopted a domino narrative pattern-a sequential story about the events and processes. The findings suggest that educators should consider the possibility that novices will bring event-based framing to their ecosystems learning.",wos,llm,0.990,unreviewed,,doi:10.1525/bio.2013.63.4.9
discarded,NEW COMPUTER TOOL TO LEARN TECHNICAL ANALYSIS,"Rosillo, Rafael; Garcia Fernandez, Nazario; Priore, Paolo; Pino, Raul",2012,"5TH INTERNATIONAL CONFERENCE OF EDUCATION, RESEARCH AND INNOVATION (ICERI 2012)",,https://www.webofscience.com/wos/woscc/full-record/WOS:000318422200126,off-topic-false-hit,"Business Management teaching involves contents related to statistical analysis. The mathematical background required for a proper comprehension is sometimes difficult to reach by the students due to the level of abstraction required. In this sense, the use of practical examples will facilitate the understanding of the statistical analysis.

For this reason, it is proposed the introduction of a new computer tool as an educational support for Business Management teaching. The software tool is devoted to the statistical analysis of stock markets based on classical techniques usually taught in the lecture session of the subject.

Initially, the aim of this software was to help the investors in the quantitative decision making. This tool generates recommendations for purchase and sale orders in stock markets. Thanks to an intuitive graphical user interface, the tool can be used by both expert and novice investors in financial markets. In consequence, it has been found to be suitable for educational support in subjects where this kind of statistical analysis is taught.

The software tool includes three different kinds of analysis which are widespread used by investors in finance: the Candlestick Analysis, the Quantitative Analysis and the Chartist Analysis. Candlestick pattern search is performed automatically, so when the tool finds a candlestick pattern the student can easily understand its meaning. Besides, an interesting innovation is the elimination of ambiguity in the indicators of quantitative analysis using a personalized system with the commissions suffered. In this way, students will be able to know which the best indicator is for each company or index. Finally, the software tool allows updating stock market data if the users require it.",wos,llm,0.990,unreviewed,,hash:9b7713fe73d245ac
discarded,Vehicle navigation system using UHF RF-ID Vehicle navigation in an aspect of lane support system,"Kawamura, Takeshi; Kashiwa, Tatsuya; Taguchi, Kenji",2013,EUROPEAN TRANSPORT RESEARCH REVIEW,10.1007/s12544-013-0092-2,https://www.webofscience.com/wos/woscc/full-record/WOS:000209727900003,off-topic-false-hit,"Purpose In northern countries, we sometimes encounter heavy snow fall and it causes low visible condition. In this circumstance, we have difficulty to keep the driving lane. For the purpose of safety driving, we develop the vehicle navigation system with Ultra High Frequency (UHF) Radio Frequency Identification (RF-ID) to keep the driving lane.

Methods We obtain a vehicle location on the driving lane using UHF RF-ID system. The vehicle position in driving lane is written on RF-ID tags in advance and these tags are buried in an asphalt road. Our experimental vehicle equips RF-ID antenna which communicates with RF-ID tags and gets vehicle location on the driving lane. This position information is given to a driver by Liquid Cristal Display. We make Graphical User Interface which shows vehicle location and direction to the center of the driving lane. And our system gives voice instruction, which says the above direction. In order to simulate low visible condition, we put a bubble wrap on the windshield in front of driver's seat. This bubble wrap makes driver difficult to see the outside.

Results In our driving experiment with a daily driver and a novice driver, they can keep on the driving lane using our navigation system against the bubble wrap on the windshield.

Conclusions The navigation system with RF-ID is useful under the low visible condition. And low visible condition is occurred in not only in the heavy snow fall, also thick fog and so on.",wos,llm,0.990,unreviewed,,doi:10.1007/s12544-013-0092-2
kept,Non-Event Driven Graphics API for Programming Education,"Mackin, Kenneth J.",2013,PROCEEDINGS OF THE EIGHTEENTH INTERNATIONAL SYMPOSIUM ON ARTIFICIAL LIFE AND ROBOTICS (AROB 18TH '13),,https://www.webofscience.com/wos/woscc/full-record/WOS:000387182200029,supports-claim; edp-difficulty,"Current multitasking window-based operating systems have adopted an event-driven model to support graphics and user interface control in application programs. But for beginner programmers, the idea of threads and event handling can be difficult to grasp, thus preventing beginner programmers for creating graphics applications, leaving programmers in the early stages to create simple text based console applications. In this research, a non-event driven graphics API for programming education is proposed. By applying the proposed graphics API, programmers can create graphics and real-time user interface applications by simple state-request method calls not requiring any event handling or event call-back methods. The proposed graphics API also supports text based console I/O such as print line and line input, so beginner programmers can shift from console based applications to graphics applications without any paradigm changes.",wos,llm_reviewed,0.990,confirmed,,hash:74db35da94f1e76f
discarded,Reducing the graphical user interface of a dynamic geometry system,"Schimpf, Florian; Spannagel, Christian",2011,ZDM-MATHEMATICS EDUCATION,10.1007/s11858-011-0325-6,https://www.webofscience.com/wos/woscc/full-record/WOS:000213241800007,off-topic-false-hit,"Graphical user interfaces (GUIs) of dynamic or interactive geometry software (DGS) allow users to interact with the DGS by using a computer mouse. Clicking on a GUI icon performs an action like choosing a construction tool or manipulating an object. For novices, it may be difficult to recognize and recall the icons needed for a task. Learning mathematics and learning the use of a dynamic geometry system at the same time could lead to cognitive overload. Several DGS systems try to solve this problem by offering different GUIs: expert users can choose between a wide range of icons, while for novice users only the most basic icons are presented. By preselecting a specific set of icons, a teacher can adapt a DGS to create a tool, which meets specific pedagogical demands. Two experiments were conducted to investigate the effects of reducing GUIs of a DGS. In experiment 1, which was carried out with full and reduced interfaces of the DGS Cinderella, the eye movements and gaze points of the users were recorded by an eye tracker. The time taken by users to find given icons in different types of interfaces was measured. In experiment 2, students measured the angle sums of polygons using the DGS Cinderella with a full or a reduced interface. No significant effects of GUI reduction were found in both experiments. The results are discussed and ideas for future research are presented.",wos,llm,0.970,unreviewed,,doi:10.1007/s11858-011-0325-6
discarded,LIFT: Taking GUI Unit Testing to New Heights,"Snyder, Jason; Edwards, Stephen H.; Perez-Quinones, Manuel A.",2011,SIGCSE 11: PROCEEDINGS OF THE 42ND ACM TECHNICAL SYMPOSIUM ON COMPUTER SCIENCE EDUCATION,,https://www.webofscience.com/wos/woscc/full-record/WOS:000289490900124,adjacent-subtopic,"The Library for Interface Testing (LIFT) supports writing unit tests for Java applications with graphical user interfaces (GUIs). Current frameworks for GUI testing provide the necessary tools, but are complicated and difficult to use for beginners, often requiring a significant amount of time to learn. LIFT takes the approach that unit testing GUIs should be no different than testing any other type of code. By providing a set of frequently used filters for identifying GUI components and a set of operations for acting on those components, LIFT lets programmers quickly and easily test their GUI applications.",wos,llm,0.880,unreviewed,,hash:b760c47e675df4da
discarded,Calculation of silent substitution stimuli for full-field electroretinography using the SilentSubstiTutor application,C. Huchzermeyer,2026,Documenta Ophthalmologica,10.1007/s10633-026-10090-1,https://www.scopus.com/inward/record.uri?partnerID=HzOxMe3b&scp=105033291781&origin=inward,off-topic-false-hit,,scopus,llm,0.990,unreviewed,,doi:10.1007/s10633-026-10090-1
discarded,WiReSens Toolkit: An Open-source Platform towards Accessible Wireless Tactile Sensing,D. Murphy,2026,Tei 2026 Proceedings of 20th International Conference on Tangible Embedded and Embodied Interaction,10.1145/3731459.3773323,https://www.scopus.com/inward/record.uri?partnerID=HzOxMe3b&scp=105037861549&origin=inward,off-topic-false-hit,,scopus,llm,0.990,unreviewed,,doi:10.1145/3731459.3773323
discarded,An Educational Videogame for a University-Level Introductory Programming Course,M.A. Hidalgo-Reyes,2026,Interdisciplinary Approaches to Game Design in Healthcare and Education,10.4018/979-8-3373-4657-1.ch005,https://www.scopus.com/inward/record.uri?partnerID=HzOxMe3b&scp=105040318966&origin=inward,adjacent-subtopic,,scopus,llm,0.720,unreviewed,,doi:10.4018/979-8-3373-4657-1.ch005
discarded,“What are they not telling me?” Learning machine learning: Understanding the challenges for novices,R. Cinca,2025,International Journal of Human Computer Studies,10.1016/j.ijhcs.2024.103438,https://www.scopus.com/inward/record.uri?partnerID=HzOxMe3b&scp=85212859495&origin=inward,adjacent-subtopic,,scopus,llm,0.960,unreviewed,,doi:10.1016/j.ijhcs.2024.103438
discarded,AI Foundations and Applications with MATLAB,Y. Bai,2025,AI Foundations and Applications with Matlab,10.1007/978-3-031-84423-2,https://www.scopus.com/inward/record.uri?partnerID=HzOxMe3b&scp=105025503775&origin=inward,adjacent-subtopic,,scopus,llm,0.950,unreviewed,,doi:10.1007/978-3-031-84423-2
discarded,Exploring the Concept of Goal-Oriented Human-Machine Interface Design in an Agricultural Use Case,H. Wanta,2025,Lecture Notes in Computer Science,10.1007/978-3-031-93508-4_23,https://www.scopus.com/inward/record.uri?partnerID=HzOxMe3b&scp=105007836185&origin=inward,off-topic-false-hit,,scopus,llm,0.980,unreviewed,,doi:10.1007/978-3-031-93508-4_23
discarded,An Exploration of the Impact of Using ChatGPT on Students’ On-Task Performance and Task Success,A. Ocay,2025,Proceedings of the International Conference on Computers in Education,,https://www.scopus.com/inward/record.uri?partnerID=HzOxMe3b&scp=105046226728&origin=inward,adjacent-subtopic,,scopus,llm,0.880,unreviewed,,hash:77efa2d6fc12603f
discarded,Multiscale small-target detection techniques in single-frame infrared images：a review,R. Kou,2024,Journal of Image and Graphics,10.11834/jig.230788,https://www.scopus.com/inward/record.uri?partnerID=HzOxMe3b&scp=105005009420&origin=inward,off-topic-false-hit,,scopus,llm,1.000,unreviewed,,doi:10.11834/jig.230788
discarded,Containerizing CS50: Standardizing Students' Programming Environments,D.J. Malan,2024,Annual Conference on Innovation and Technology in Computer Science Education Iticse,10.1145/3649217.3653567,https://www.scopus.com/inward/record.uri?partnerID=HzOxMe3b&scp=85198902539&origin=inward,adjacent-subtopic,,scopus,llm,0.970,unreviewed,,doi:10.1145/3649217.3653567
discarded,RecHap: An Interactive Recommender System for Navigating a Large Number of Mid-Air Haptic Designs,K. Theivendran,2024,IEEE Transactions on Haptics,10.1109/TOH.2023.3276812,https://www.scopus.com/inward/record.uri?partnerID=HzOxMe3b&scp=85162650970&origin=inward,off-topic-false-hit,,scopus,llm,0.990,unreviewed,,doi:10.1109/toh.2023.3276812
discarded,How to Run GUI Applications on a Java Development Environment Based on JupyterLab,Y. Liang,2024,Lecture Notes on Data Engineering and Communications Technologies,10.1007/978-3-031-57840-3_26,https://www.scopus.com/inward/record.uri?partnerID=HzOxMe3b&scp=85191349936&origin=inward,adjacent-subtopic,,scopus,llm,0.900,unreviewed,,doi:10.1007/978-3-031-57840-3_26
discarded,Graphical User Interfaces as a Method to Encourage Beginners in Learning Programming,M. Koren,2024,2024 47th ICT and Electronics Convention Mipro 2024 Proceedings,10.1109/MIPRO60963.2024.10569418,https://www.scopus.com/inward/record.uri?partnerID=HzOxMe3b&scp=85198224051&origin=inward,adjacent-subtopic,,scopus,llm,0.680,unreviewed,,doi:10.1109/mipro60963.2024.10569418
discarded,Development of Machine Learning-Based Assessment System for Laparoscopic Surgical Skills Using Motion-Capture,K. Ebina,2024,2024 IEEE SICE International Symposium on System Integration Sii 2024,10.1109/SII58957.2024.10417615,https://www.scopus.com/inward/record.uri?partnerID=HzOxMe3b&scp=85186265345&origin=inward,off-topic-false-hit,,scopus,llm,1.000,unreviewed,,doi:10.1109/sii58957.2024.10417615
discarded,LIRS-MazeGen: An Easy-to-Use Blender Extension for Modeling Maze-Like Environments for Gazebo Simulator,A. Iskhakova,2023,Smart Innovation Systems and Technologies,10.1007/978-981-19-7685-8_10,https://www.scopus.com/inward/record.uri?partnerID=HzOxMe3b&scp=85151305707&origin=inward,off-topic-false-hit,,scopus,llm,0.990,unreviewed,,doi:10.1007/978-981-19-7685-8_10
discarded,Study on the Differences of Icon Cognition of Graphical Interface for Age-Friendly Design,H. Liu,2023,Journal of Gerontological Social Work,10.1080/01634372.2022.2139319,https://www.scopus.com/inward/record.uri?partnerID=HzOxMe3b&scp=85141195557&origin=inward,off-topic-false-hit,,scopus,llm,1.000,unreviewed,,doi:10.1080/01634372.2022.2139319
discarded,fableBlocks: Toward Mitigating Programming Anxiety with Storytelling-based Tangible Block Programming Environments,A.G. de Siqueira,2022,Proceedings of IEEE Symposium on Visual Languages and Human Centric Computing Vl Hcc,10.1109/VL/HCC53370.2022.9833102,https://www.scopus.com/inward/record.uri?partnerID=HzOxMe3b&scp=85148761806&origin=inward,adjacent-subtopic,,scopus,llm,0.750,unreviewed,,doi:10.1109/vl/hcc53370.2022.9833102
discarded,Driving Experiment System Using HMDs to Measure Drivers’ Proficiency and Difficulty of Various Road Conditions,Y. Funazaki,2022,Lecture Notes in Computer Science Including Subseries Lecture Notes in Artificial Intelligence and Lecture Notes in Bioinformatics,10.1007/978-3-031-04987-3_17,https://www.scopus.com/inward/record.uri?partnerID=HzOxMe3b&scp=85133007435&origin=inward,off-topic-false-hit,,scopus,llm,1.000,unreviewed,,doi:10.1007/978-3-031-04987-3_17
discarded,CircSeqAlignTk: An R package for end-to-end analysis of RNA-seq data for circular genomes,J. Sun,2022,F1000research,10.12688/f1000research.127348.2,https://www.scopus.com/inward/record.uri?partnerID=HzOxMe3b&scp=85191916437&origin=inward,off-topic-false-hit,,scopus,llm,1.000,unreviewed,,doi:10.12688/f1000research.127348.2
discarded,Visualizing Data Flows in Computer Graphics Programs for Code Comprehension and Debugging,Y. Zhu,2022,Lecture Notes in Computer Science,10.1007/978-3-031-20713-6_28,https://www.scopus.com/inward/record.uri?partnerID=HzOxMe3b&scp=85145165936&origin=inward,adjacent-subtopic,,scopus,llm,0.820,unreviewed,,doi:10.1007/978-3-031-20713-6_28
discarded,Design and experimental evaluation of an automated catheter operating system,S. Norouzi-Ghazbi,2021,Artificial Organs,10.1111/aor.13870,https://www.scopus.com/inward/record.uri?partnerID=HzOxMe3b&scp=85099924447&origin=inward,off-topic-false-hit,,scopus,llm,1.000,unreviewed,,doi:10.1111/aor.13870
discarded,"AiiDAlab – an ecosystem for developing, executing, and sharing scientific workflows",A.V. Yakutovich,2021,Computational Materials Science,10.1016/j.commatsci.2020.110165,https://www.scopus.com/inward/record.uri?partnerID=HzOxMe3b&scp=85097866782&origin=inward,off-topic-false-hit,,scopus,llm,0.990,unreviewed,,doi:10.1016/j.commatsci.2020.110165
discarded,Development of the Educational Tool for Optimized Algorithm Model Using MATLAB GUI,S. Aunkaew,2021,International Conference on Electrical Computer and Energy Technologies Icecet 2021,10.1109/ICECET52533.2021.9698705,https://www.scopus.com/inward/record.uri?partnerID=HzOxMe3b&scp=85127041434&origin=inward,off-topic-false-hit,,scopus,llm,0.930,unreviewed,,doi:10.1109/icecet52533.2021.9698705
discarded,Testing Event-Driven Programs in Processing,H. Hosobe,2020,ACM International Conference Proceeding Series,10.1145/3393822.3432338,https://www.scopus.com/inward/record.uri?partnerID=HzOxMe3b&scp=85099406219&origin=inward,adjacent-subtopic,,scopus,llm,0.880,unreviewed,,doi:10.1145/3393822.3432338
discarded,An educational software suite for comprehensive learning of Computer-Aided Engineering,S. Otarawanna,2020,Computer Applications in Engineering Education,10.1002/cae.22285,https://www.scopus.com/inward/record.uri?partnerID=HzOxMe3b&scp=85086240443&origin=inward,off-topic-false-hit,,scopus,llm,0.980,unreviewed,,doi:10.1002/cae.22285
discarded,A new educational thermodynamic software to promote critical thinking in youth engineering students,M.R. Di Biasi,2020,Sustainability Switzerland,10.3390/SU12010110,https://www.scopus.com/inward/record.uri?partnerID=HzOxMe3b&scp=85079505799&origin=inward,off-topic-false-hit,,scopus,llm,0.990,unreviewed,,doi:10.3390/su12010110
discarded,Robot Teleoperation with Augmented Reality Virtual Surrogates,M.E. Walker,2019,ACM IEEE International Conference on Human Robot Interaction,10.1109/HRI.2019.8673306,https://www.scopus.com/inward/record.uri?partnerID=HzOxMe3b&scp=85063986210&origin=inward,off-topic-false-hit,,scopus,llm,0.990,unreviewed,,doi:10.1109/hri.2019.8673306
discarded,Fire simulation software,R. Beloiu,2019,Proceedings of the International Conference on Virtual Learning,,https://www.scopus.com/inward/record.uri?partnerID=HzOxMe3b&scp=85168591050&origin=inward,off-topic-false-hit,,scopus,llm,0.980,unreviewed,,hash:43f5739a9f3a64b2
discarded,A Small Java Application for Learning Blockchain,X. Liu,2018,2018 IEEE 9th Annual Information Technology Electronics and Mobile Communication Conference Iemcon 2018,10.1109/IEMCON.2018.8614961,https://www.scopus.com/inward/record.uri?partnerID=HzOxMe3b&scp=85062091651&origin=inward,adjacent-subtopic,,scopus,llm,0.880,unreviewed,,doi:10.1109/iemcon.2018.8614961
discarded,Plant data visualisation using network graphs,A.A. Mohamad-Matrol,2018,Peerj,10.7717/peerj.5579,https://www.scopus.com/inward/record.uri?partnerID=HzOxMe3b&scp=85052673572&origin=inward,off-topic-false-hit,,scopus,llm,1.000,unreviewed,,doi:10.7717/peerj.5579
discarded,Investigating tilt-based gesture keyboard entry for single-handed text entry on large devices,H.S. Yeo,2017,Conference on Human Factors in Computing Systems Proceedings,10.1145/3025453.3025520,https://www.scopus.com/inward/record.uri?partnerID=HzOxMe3b&scp=85019621712&origin=inward,off-topic-false-hit,,scopus,llm,1.000,unreviewed,,doi:10.1145/3025453.3025520
discarded,On design of online learning environments for programming education,M. Olsson,2016,Proceedings of the European Conference on E Learning Ecel,,https://www.scopus.com/inward/record.uri?partnerID=HzOxMe3b&scp=85000770477&origin=inward,adjacent-subtopic,,scopus,llm,0.770,unreviewed,,hash:c39339589f7dbe74
discarded,GENOMA: GENeric ontology matching architecture,R. Enea,2015,Lecture Notes in Computer Science Including Subseries Lecture Notes in Artificial Intelligence and Lecture Notes in Bioinformatics,10.1007/978-3-319-24309-2_23,https://www.scopus.com/inward/record.uri?partnerID=HzOxMe3b&scp=84983383205&origin=inward,off-topic-false-hit,,scopus,llm,0.990,unreviewed,,doi:10.1007/978-3-319-24309-2_23
