status,title,authors,year,venue,doi,url,tags,abstract,provider,decision_source,llm_confidence,llm_review_outcome,llm_change_direction,paper_id
discarded,ERPLAB: an open-source toolbox for the analysis of event-related potentials,Javier López‐Calderón; Steven J. Luck,2014,Frontiers in Human Neuroscience,10.3389/fnhum.2014.00213,https://openalex.org/W2123163997,off-topic-false-hit,"ERPLAB toolbox is a freely available, open-source toolbox for processing and analyzing event-related potential (ERP) data in the MATLAB environment. ERPLAB is closely integrated with EEGLAB, a popular open-source toolbox that provides many EEG preprocessing steps and an excellent user interface design. ERPLAB adds to EEGLAB's EEG processing functions, providing additional tools for filtering, artifact detection, re-referencing, and sorting of events, among others. ERPLAB also provides robust tools for averaging EEG segments together to create averaged ERPs, for creating difference waves and other recombinations of ERP waveforms through algebraic expressions, for filtering and re-referencing the averaged ERPs, for plotting ERP waveforms and scalp maps, and for quantifying several types of amplitudes and latencies. ERPLAB's tools can be accessed either from an easy-to-learn graphical user interface or from MATLAB scripts, and a command history function makes it easy for users with no programming experience to write scripts. Consequently, ERPLAB provides both ease of use and virtually unlimited power and flexibility, making it appropriate for the analysis of both simple and complex ERP experiments. Several forms of documentation are available, including a detailed user's guide, a step-by-step tutorial, a scripting guide, and a set of video-based demonstrations.",openalex,llm,0.990,unreviewed,,doi:10.3389/fnhum.2014.00213
discarded,"The Gendered Nature of Natural Disasters: The Impact of Catastrophic Events on the Gender Gap in Life Expectancy, 1981–2002",Eric Neumayer; Thomas Plümper,2007,Annals of the Association of American Geographers,10.1111/j.1467-8306.2007.00563.x,https://openalex.org/W2164774378,off-topic-false-hit,"Natural disasters do not affect people equally. In fact, a vulnerability approach to disasters would suggest that inequalities in exposure and sensitivity to risk as well as inequalities in access to resources, capabilities, and opportunities systematically disadvantage certain groups of people, rendering them more vulnerable to the impact of natural disasters. In this article we address the specific vulnerability of girls and women with respect to mortality from natural disasters and their aftermath. Biological and physiological differences between the sexes are unlikely to explain large-scale gender differences in mortality rates. Social norms and role behaviors provide some further explanation, but what is likely to matter most is the everyday socioeconomic status of women. In a sample of up to 141 countries over the period 1981 to 2002 we analyze the effect of disaster strength and its interaction with the socioeconomic status of women on the change in the gender gap in life expectancy. We find, first, that natural disasters lower the life expectancy of women more than that of men. In other words, natural disasters (and their subsequent impact) on average kill more women than men or kill women at an earlier age than men. Since female life expectancy is generally higher than that of males, for most countries natural disasters narrow the gender gap in life expectancy. Second, the stronger the disaster (as approximated by the number of people killed relative to population size), the stronger this effect on the gender gap in life expectancy. That is, major calamities lead to more severe impacts on female life expectancy (relative to that of males) than do smaller disasters. Third, the higher women's socioeconomic status, the weaker is this effect on the gender gap in life expectancy. Taken together our results show that it is the socially constructed gender-specific vulnerability of females built into everyday socioeconomic patterns that lead to the relatively higher female disaster mortality rates compared to men.",openalex,llm,1.000,unreviewed,,doi:10.1111/j.1467-8306.2007.00563.x
discarded,Concurrent Correlates and Predictors of Reading and Spelling Achievement in Deaf and Hearing School Children,Fiona Elizabeth Kyle,2006,The Journal of Deaf Studies and Deaf Education,10.1093/deafed/enj037,https://openalex.org/W2170514299,off-topic-false-hit,"Seven- and eight-year-old deaf children and hearing children of equivalent reading age were presented with a number of tasks designed to assess reading, spelling, productive vocabulary, speechreading, phonological awareness, short-term memory, and nonverbal intelligence. The two groups were compared for similarities and differences in the levels of performance and in the predictors of literacy. Multiple regressions showed that both productive vocabulary and speechreading were significant predictors of reading for the deaf children after hearing loss and nonverbal intelligence had been accounted for. However, spelling ability was not associated with any of the other measures apart from reading. For hearing children, age was the main determinant of reading and spelling ability (due to selection criterion). Possible explanations for the role of speechreading and productive vocabulary in deaf children's reading and the differences between the correlates of literacy for deaf and hearing children are discussed.",openalex,llm,1.000,unreviewed,,doi:10.1093/deafed/enj037
discarded,Guidelines for the Management of Spontaneous Intracerebral Hemorrhage,Lewis B. Morgenstern; J. Claude Hemphill; Craig S. Anderson; Kyra J. Becker; Joseph P. Broderick; Edward Sander Connolly; Steven Mark Greenberg; James N. Huang; Robert Loch Macdonald; Steven Russell Messe; Pamela H. Mitchell; Magdy H. Selim; Rafael John Tamargo,2010,Stroke,10.1161/str.0b013e3181ec611b,https://openalex.org/W2138238488,off-topic-false-hit,"PURPOSE: The aim of this guideline is to present current and comprehensive recommendations for the diagnosis and treatment of acute spontaneous intracerebral hemorrhage. METHODS: A formal literature search of MEDLINE was performed. Data were synthesized with the use of evidence tables. Writing committee members met by teleconference to discuss data-derived recommendations. The American Heart Association Stroke Council's Levels of Evidence grading algorithm was used to grade each recommendation. Prerelease review of the draft guideline was performed by 6 expert peer reviewers and by the members of the Stroke Council Scientific Statements Oversight Committee and Stroke Council Leadership Committee. It is intended that this guideline be fully updated in 3 years' time. RESULTS: Evidence-based guidelines are presented for the care of patients presenting with intracerebral hemorrhage. The focus was subdivided into diagnosis, hemostasis, blood pressure management, inpatient and nursing management, preventing medical comorbidities, surgical treatment, outcome prediction, rehabilitation, prevention of recurrence, and future considerations. CONCLUSIONS: Intracerebral hemorrhage is a serious medical condition for which outcome can be impacted by early, aggressive care. The guidelines offer a framework for goal-directed treatment of the patient with intracerebral hemorrhage.",openalex,llm,1.000,unreviewed,,doi:10.1161/str.0b013e3181ec611b
discarded,Look who's talking: speech style and social context in language input to infants are linked to concurrent and future speech development,Nairán Ramírez‐Esparza; Adrián García‐Sierra; Patricia K. Kuhl,2014,Developmental Science,10.1111/desc.12172,https://openalex.org/W1977979148,off-topic-false-hit,"Language input is necessary for language learning, yet little is known about whether, in natural environments, the speech style and social context of language input to children impacts language development. In the present study we investigated the relationship between language input and language development, examining both the style of parental speech, comparing 'parentese' speech to standard speech, and the social context in which speech is directed to children, comparing one-on-one (1:1) to group social interactions. Importantly, the language input variables were assessed at home using digital first-person perspective recordings of the infants' auditory environment as they went about their daily lives (N =26, 11- and 14-months-old). We measured language development using (a) concurrent speech utterances, and (b) word production at 24 months. Parentese speech in 1:1 contexts is positively correlated with both concurrent speech and later word production. Mediation analyses further show that the effect of parentese speech-1:1 on infants' later language is mediated by concurrent speech. Our results suggest that both the social context and the style of speech in language addressed to children are strongly linked to a child's future language development.",openalex,llm,1.000,unreviewed,,doi:10.1111/desc.12172
discarded,"Natural Theories of Mind: Evolution, Development and Simulation of Everyday Mindreading.",Andrew Lock; Andrew Whiten,1992,Man,10.2307/2804075,https://openalex.org/W1777811955,off-topic-false-hit,"1. Fundamental Issues in the Multidisciplinary Study of Mindreading: Andrew Whiten and Josef Perner (University of St. Andrews and Sussex University) 2. From Desires to Beliefs: Acquisition of a Theory of Mind: Henry M. Wellman (University of Michigan) 3. Developing Understanding of Desire and Intention: Janet W. Astington and Alison Gopnik (The Ontario Institute for Studies in Education and University of California at Berkeley) 4. Understanding Others: Evidence from Naturalistic Studies of Children: Judy Dunn (The Pennsylvania State University) 5. The Theory of Mind Impairment in Autism: Evidence for a Modular Mechanism of Development?: Alan M. Leslie (MRC Cognitive Development Group) 6. From Agency to Intention: A Rule-based Computational Approach: Thomas R. Shultz (McGill University) 7. How to Read Minds in Behaviour: A Suggestion from a Philosopher: Jonathan Bennet (Syracuse University) 8. Planning and Plan Recognition from a Computational Point of View: Charles F. Schmidt and Stacy C. Marsella (State University of New Jersey Rutgers) 9. Computation and Mindreading in Primate Tactical Deception: Richard W. Byrne and Andrew Whiten (University of St. Andrews) 10. Playing with others' expectations: Teasing and Mucking About in the First Year of Infancy: Vasudevi Reddy (Southampton University) 11. Jokes and Lies: Childrens' Understanding of Intentional Falsehood: Susan R. Leekam (Sussex University) 12. Reading Minds or Reading Behaviour? Tests for a Theory of Mind in Monkeys: Dorothy L. Cheney and Robert M. Seyfarth (University of Pennsylvania) 13. Visual Behaviour as a Window for Reading the Mind of Others in Primates: Juan C. Gomez (Universidad Autonoma de Madrid) 14. Before Mindreading: Attention, Purposes and Deception in Birds: Carolyn A. Ristau 15. The Ontogeny and Phylogeny of Joint Visual Attention: George Butterworth (University of Stirling) 16. Precursors to a Theory of Mind: Understanding Attention in Others: Simon Baron-Cohen (Institute of Psychiatry, London) 17. Perceptual Origins and Conceptual Evidence for Theory of Mind in Apes and Children: David Premack and Verena Dasser (University of Pennsylvania) 18. The Emergence of Metarepresentation in Human Ontogeny and Primate Phylogeny: Andrew Whiten and Richard W. Bryne (University of St. Andrews) 19. The Work of the Imagination: Paul L. Harris (University of Oxford) 20. Narrativity: Mindreading and Making Societies: Michael Carrithers (University of Durham) 21. Evolution, Development and Simulation of Mindreading: Steps Towards an Interdisciplinary Enterprise: Andrew Whiten (University of St. Andrews).",openalex,llm,0.990,unreviewed,,doi:10.2307/2804075
discarded,The Naïve Utility Calculus: Computational Principles Underlying Commonsense Psychology,Julian Jara‐Ettinger; Hyowon Gweon; Laura Schulz; Joshua B. Tenenbaum,2016,Trends in Cognitive Sciences,10.1016/j.tics.2016.05.011,https://openalex.org/W2474590732,off-topic-false-hit,,openalex,llm,0.990,unreviewed,,doi:10.1016/j.tics.2016.05.011
discarded,The OARSI histopathology initiative – recommendations for histological assessments of osteoarthritis in the mouse,S.S. Glasson; M.G. Chambers; Wim B. van den Berg; Christopher B. Little,2010,Osteoarthritis and Cartilage,10.1016/j.joca.2010.05.025,https://openalex.org/W4232024554,off-topic-false-hit,,openalex,llm,1.000,unreviewed,,doi:10.1016/j.joca.2010.05.025
discarded,How Including Prior Knowledge As a Subject Variable May Change Outcomes of Learning Research,Amy M. Shapiro,2004,American Educational Research Journal,10.3102/00028312041001159,https://openalex.org/W1998048600,off-topic-false-hit,"Prior knowledge has a marked effect on learning outcomes. Researchers typically rely on a number of methodologies to control for that factor in learning research, including the use of fictional stimuli and domain-novice subjects. The experiments reported here demonstrate that such methodological controls may be insufficient. In Experiment 1, students read texts about fictional places and events. In Experiment 2, novice students in a cognition course were asked to read several advanced texts. In both experiments, prior knowledge accounted for a large portion of the subjects’ posttest performance. The data demonstrate that methodological approaches intended to control for prior knowledge may be insufficient to prevent that variable from influencing learning outcomes. Thus researchers are urged to include measures of prior knowledge in their analyses.",openalex,llm,0.960,unreviewed,,doi:10.3102/00028312041001159
discarded,Dietary Advanced Glycation End Products and Their Potential Role in Cardiometabolic Disease in Children,Anshu Gupta; Jaime Uribarri,2016,Hormone Research in Paediatrics,10.1159/000444053,https://openalex.org/W2302447233,off-topic-false-hit,"BACKGROUND: Improved blood-glucose control decreases the progression of diabetic microvascular disease, but the effect on macrovascular complications is unknown. There is concern that sulphonylureas may increase cardiovascular mortality in patients with type 2 diabetes and that high insulin concentrations may enhance atheroma formation. We compared the effects of intensive blood-glucose control with either sulphonylurea or insulin and conventional treatment on the risk of microvascular and macrovascular complications in patients with type 2 diabetes in a randomised controlled trial. METHODS: 3867 newly diagnosed patients with type 2 diabetes, median age 54 years (IQR 48-60 years), who after 3 months' diet treatment had a mean of two fasting plasma glucose (FPG) concentrations of 6.1-15.0 mmol/L were randomly assigned intensive policy with a sulphonylurea (chlorpropamide, glibenclamide, or glipizide) or with insulin, or conventional policy with diet. The aim in the intensive group was FPG less than 6 mmol/L. In the conventional group, the aim was the best achievable FPG with diet alone; drugs were added only if there were hyperglycaemic symptoms or FPG greater than 15 mmol/L. Three aggregate endpoints were used to assess differences between conventional and intensive treatment: any diabetes-related endpoint (sudden death, death from hyperglycaemia or hypoglycaemia, fatal or non-fatal myocardial infarction, angina, heart failure, stroke, renal failure, amputation [of at least one digit], vitreous haemorrhage, retinopathy requiring photocoagulation, blindness in one eye, or cataract extraction); diabetes-related death (death from myocardial infarction, stroke, peripheral vascular disease, renal disease, hyperglycaemia or hypoglycaemia, and sudden death); all-cause mortality. Single clinical endpoints and surrogate subclinical endpoints were also assessed. All analyses were by intention to treat and frequency of hypoglycaemia was also analysed by actual therapy. FINDINGS: Over 10 years, haemoglobin A1c (HbA1c) was 7.0% (6.2-8.2) in the intensive group compared with 7.9% (6.9-8.8) in the conventional group--an 11% reduction. There was no difference in HbA1c among agents in the intensive group. Compared with the conventional group, the risk in the intensive group was 12% lower (95% CI 1-21, p=0.029) for any diabetes-related endpoint; 10% lower (-11 to 27, p=0.34) for any diabetes-related death; and 6% lower (-10 to 20, p=0.44) for all-cause mortality. Most of the risk reduction in the any diabetes-related aggregate endpoint was due to a 25% risk reduction (7-40, p=0.0099) in microvascular endpoints, including the need for retinal photocoagulation. There was no difference for any of the three aggregate endpoints between the three intensive agents (chlorpropamide, glibenclamide, or insulin). Patients in the intensive group had more hypoglycaemic episodes than those in the conventional group on both types of analysis (both p<0.0001). The rates of major hypoglycaemic episodes per year were 0.7% with conventional treatment, 1.0% with chlorpropamide, 1.4% with glibenclamide, and 1.8% with insulin. Weight gain was significantly higher in the intensive group (mean 2.9 kg) than in the conventional group (p<0.001), and patients assigned insulin had a greater gain in weight (4.0 kg) than those assigned chlorpropamide (2.6 kg) or glibenclamide (1.7 kg). INTERPRETATION: Intensive blood-glucose control by either sulphonylureas or insulin substantially decreases the risk of microvascular complications, but not macrovascular disease, in patients with type 2 diabetes.(ABSTRACT TRUNCATED)",openalex,llm,1.000,unreviewed,,doi:10.1159/000444053
discarded,A Corpus and Cloze Evaluation for Deeper Understanding of Commonsense Stories,Nasrin Mostafazadeh; Nathanael Chambers; Xiaodong He; Devi Parikh; Dhruv Batra; Lucy Vanderwende; Pushmeet Kohli; James F. Allen,2016,,10.18653/v1/n16-1098,https://openalex.org/W2466175319,off-topic-false-hit,"Nasrin Mostafazadeh, Nathanael Chambers, Xiaodong He, Devi Parikh, Dhruv Batra, Lucy Vanderwende, Pushmeet Kohli, James Allen. Proceedings of the 2016 Conference of the North American Chapter of the Association for Computational Linguistics: Human Language Technologies. 2016.",openalex,llm,0.990,unreviewed,,doi:10.18653/v1/n16-1098
discarded,Novice and expert teachers' conceptions of learners' prior knowledge,Helen Meyer,2004,Science Education,10.1002/sce.20006,https://openalex.org/W2059014075,off-topic-false-hit,"Abstract This study presents comparative case studies of preservice and first‐year teachers' and expert teachers' conceptions of the concept of prior knowledge. Kelly's (The Psychology of Personal Construct, New York: W.W. Norton, 1955) theory of personal constructs as discussed by Akerson, Flick, and Lederman (Journal of Research in Science Teaching, 2000, 37, 363–385) in relationship to prior knowledge underpins the study. Six teachers were selected to participate in the case studies based upon their level experience teaching science and their willingness to take part. The comparative case studies of the novice and expert teachers provide insights into (a) how novice and expert teachers understand the concept of prior knowledge and (b) how they use this knowledge to make instructional decisions. Data collection consisted of interviews, classroom observations, and document analysis. Findings suggest that novice teachers hold insufficient conceptions of prior knowledge and its role in instruction to effectively implement constructivist teaching practices. While expert teachers hold a complex conception of prior knowledge and make use of their students' prior knowledge in significant ways during instruction. A second finding was an apparent mismatch between the novice teachers' beliefs about their urban students' life experiences and prior knowledge and the wealth of knowledge the expert teachers found to draw upon. © 2004 Wiley Periodicals, Inc. Sci Ed 88:970–983, 2004",openalex,llm,0.970,unreviewed,,doi:10.1002/sce.20006
