status,title,authors,year,venue,doi,url,tags,abstract,provider,decision_source,llm_confidence,llm_review_outcome,llm_change_direction,paper_id
discarded,ENTRY AND SELECTION-BASED METHODS OF HUMAN-COMPUTER INTERACTION,"GREENE, SL; GOULD, JD; BOIES, SJ; RASAMNY, M; MELUSON, A",1992,HUMAN FACTORS,,https://www.webofscience.com/wos/woscc/full-record/WOS:A1992HL48300010,adjacent-subtopic,"The merits of entry and selection interaction methods were compared using an airline flight reservation scenario with a relatively small data base. For both experienced and inexperienced users, the most effective method was entry combined with autocompletion (i.e., string completion). Users took the least amount of time to carry out tasks with this method and also preferred it over both entry without autocompletion and selection from either a one-item menu or an N-item menu. Entry with autocompletion was not affected by increases in the underlying data base size. Both the entry with autocompletion methods and the selection method were not affected by the spelling difficulty level involved in making a reservation, but the unaided entry methods were. The results are discussed in the context of the Interactive Transaction System (ITS) project, which is a user-interface management system that separates the content of the user interface from the style of the interface.",wos,llm,0.860,unreviewed,,hash:25a1bf5d55acbf02
kept,TOWARDS A COMMON CONTEXT FOR USER-INTERFACE MANAGEMENT-SYSTEM DESIGN,"CARLSEN, NV; COCKTON, G; COUTAZ, J; DEWAN, P; CARLSON, N",1992,IFIP TRANSACTIONS A-COMPUTER SCIENCE AND TECHNOLOGY,,https://www.webofscience.com/wos/woscc/full-record/WOS:A1992LG01300003,qualifies-claim,"A user interface management system (UIMS) is an environment for prototyping interactive systems which comprises a set of user interface design tools and a user interface system (UIS). This latter component manages designed user interfaces at run-time and links them to the functional cores of the systems being prototyped.

Despite years of research, a sufficiently flexible and powerful UIS supporting 'all desirable' user interface designs interfacing to 'all kinds of' functional cores has yet to emerge. A multitude of different experimental systems have been presented but no consensus has been reached on most of the important design issues. One key factor is the lack of a common design context establishing a conceptual model of interactive systems, identifying a set of UIS benchmark requirements and all the different design decisions involved when constructing a UIS. A common design context would facilitate comparisons, evaluations and reuse of work done within the research community.

A taxonomy of user interface models is proposed as an important first step towards this. At the architectural level of abstraction the taxonomy specifies all the software abstractions needed to fully specify a UIS and classifies the alternatives. It suggests that two orthogonal models, separation strategy and architectural abstraction, together define a UIS system architecture. Other novel aspects are that explicit models address 1) the distribution of information across the separation interface and 2) the overall metadialogue control within a user interface.",wos,llm,0.940,unreviewed,,hash:0269ec8ca3860915
kept,THE GADGETS USER INTERFACE MANAGEMENT-SYSTEM,"MARAIS, JL",1991,STRUCTURED PROGRAMMING,,https://www.webofscience.com/wos/woscc/full-record/WOS:A1991FR82600002,supports-claim,"This paper presents the GADGETS User Interface Management System (UIMS) of the Oberon operating system and environment [6].  Several features, usually found separately in UIMSs and other graphical user interfaces, have been combined in the GADGETS user interface model to provide a user interface management system that is unique in its level of system integration, extensibility, and ease of use.  These features are the separation of application code and user interface, the interactive modification of user interfaces while applications are executing, the automatic generation of default user interfaces for applications, a drastic simplification in user interface programming, and a high level of integration between different application programs and the Oberon system.  A more general and intuitive way to interact with graphical applications based on the mutual interaction of graphical objects or entities is presented.  The ability to modify application user interfaces during application execution provides an ideal user interface prototyping environment and is the basis of the man-machine interaction styles used.  In addition, the GADGETS UIMS is more than a prototyping environment:  the user interface that is being prototyped is the actual user interface of the application.  The continual extension and refinement of user interfaces is a step towards end-user construction of application user interfaces.",wos,llm,0.970,unreviewed,,hash:8a7598ad131837e5
kept,A NEW MODEL FOR HANDLING INPUT,"MYERS, BA",1990,ACM TRANSACTIONS ON INFORMATION SYSTEMS,,https://www.webofscience.com/wos/woscc/full-record/WOS:A1990EX42700005,supports-claim,"Although there has been important progress in models and packages for the output of graphics to computer screens, there has been little change in the way that input from the mouse, keyboard, and other input devices is handled.  New graphics standards are still using a fifteen-year-old model even though it is widely accepted as inadequate, and most modern window managers simply return a stream of low-level, device-dependent input events.  This paper presents a new model that handles input devices for highly interactive, direct manipulation, graphical user interfaces, which could be used in future toolkits, window managers, and graphics standards.  This model encapsulates interactive behaviors into a few ""Interactor"" object types.  Application programs can then create instances of these Interactor objects which hide the details of the underlying window manager events.  In addition, Interactors allow a clean separation between the input handling, the graphics, and the application programs.  This model has been extensively used as part of the Garnet system and has proven to be convenient, efficient, and easy to learn.",wos,llm,0.910,unreviewed,,hash:43f79307466095c7
kept,ITS - A TOOL FOR RAPIDLY DEVELOPING INTERACTIVE APPLICATIONS,"WIECHA, C; BENNETT, W; BOIES, S; GOULD, J; GREENE, S",1990,ACM TRANSACTIONS ON INFORMATION SYSTEMS,,https://www.webofscience.com/wos/woscc/full-record/WOS:A1990EX42700002,supports-claim,"The ITS architecture separates applications into four layers.  The action layer implements back-end application functions.  The dialog layer defines the content of the user interface, independent of its style.  Content specifies the objects included in each frame of the interface, the flow of control among frames, and what actions are associated with each object.  The style rule layer defines the presentation and behavior of a family of interaction techniques.  Finally, the style program layer implements primitive toolkit objects that are composed by the rule layer into complete interaction techniques.  This paper describes the architecture in detail, compares it with previous User Interface Management Systems and toolkits, and describes how ITS is being used to implement the visitor information system for EXPO '92.",wos,llm,0.960,unreviewed,,hash:6dedd1c6231bf0f5
kept,DIALOG MANAGEMENT - SUPPORT FOR DIALOG INDEPENDENCE,"KUO, FY; KONSYNSKI, B",1988,MIS QUARTERLY,,https://www.webofscience.com/wos/woscc/full-record/WOS:A1988R364900008,supports-claim,,wos,llm,0.880,unreviewed,,hash:5b666533032fcc85
discarded,Rad23B Delays Ataxin-3 Liquid-to-solid Phase Transition Through Heterotypic Buffering,A. Prasad,2025,Journal of Molecular Biology,10.1016/j.jmb.2025.169351,https://www.scopus.com/inward/record.uri?partnerID=HzOxMe3b&scp=105011993390&origin=inward,off-topic-false-hit,,scopus,llm,1.000,unreviewed,,doi:10.1016/j.jmb.2025.169351
discarded,SOCIOLOGY OF THE TRANSNATIONAL CHILD: THE CASE STUDY OF NACCOMPANIED IMMIGRANT MINORS FROM THE NORTHERN TRIANGLE,H.A.A. Avila,2020,Sociological Studies of Children and Youth,10.1108/S1537-466120200000027013,https://www.scopus.com/inward/record.uri?partnerID=HzOxMe3b&scp=85133133319&origin=inward,off-topic-false-hit,,scopus,llm,0.990,unreviewed,,doi:10.1108/s1537-466120200000027013
discarded,Psychological practice with unaccompanied immigrant minors: Clinical and legal considerations.,A. NeMoyer,2019,Translational Issues in Psychological Science,10.1037/tps0000175,https://www.scopus.com/inward/record.uri?partnerID=HzOxMe3b&scp=85088234286&origin=inward,off-topic-false-hit,,scopus,llm,0.990,unreviewed,,doi:10.1037/tps0000175
discarded,Positioning oneself in relation to sources and context – Enactments of independence in undergraduate supervision,J. Magnusson,2017,Journal of Applied Linguistics and Professional Practice,10.1558/jalpp.19879,https://www.scopus.com/inward/record.uri?partnerID=HzOxMe3b&scp=85107444292&origin=inward,off-topic-false-hit,,scopus,llm,0.990,unreviewed,,doi:10.1558/jalpp.19879
discarded,"2012 5th Workshop on Software Engineering and Architectures for Realtime Interactive Systems, SEARIS 2012",,2012,2012 5th Workshop on Software Engineering and Architectures for Realtime Interactive Systems Searis 2012,,https://www.scopus.com/inward/record.uri?partnerID=HzOxMe3b&scp=84864974265&origin=inward,adjacent-subtopic,,scopus,llm,0.820,unreviewed,,hash:00796d6cb98c09ae
discarded,UI analysis and style design,J. Zhang,2012,Advanced Materials Research,10.4028/www.scientific.net/AMR.442.87,https://www.scopus.com/inward/record.uri?partnerID=HzOxMe3b&scp=84863183500&origin=inward,adjacent-subtopic,,scopus,llm,0.850,unreviewed,,doi:10.4028/www.scientific.net/amr.442.87
discarded,Declarative XML-based layout state encoding for managing screen real estate of interactive public displays,T. Heikkinen,2011,2011 IEEE International Conference on Pervasive Computing and Communications Workshops Percom Workshops 2011,10.1109/PERCOMW.2011.5766976,https://www.scopus.com/inward/record.uri?partnerID=HzOxMe3b&scp=79958038980&origin=inward,adjacent-subtopic,,scopus,llm,0.910,unreviewed,,doi:10.1109/percomw.2011.5766976
discarded,Design by physical composition for complex tangible user interfaces,T. Döring,2010,Conference on Human Factors in Computing Systems Proceedings,10.1145/1753846.1754015,https://www.scopus.com/inward/record.uri?partnerID=HzOxMe3b&scp=77953091221&origin=inward,adjacent-subtopic,,scopus,llm,0.910,unreviewed,,doi:10.1145/1753846.1754015
discarded,Distributed applications for collaborative three-dimensional workspaces,D. Schmalstieg,2003,Presence Teleoperators and Virtual Environments,10.1162/105474603763835332,https://www.scopus.com/inward/record.uri?partnerID=HzOxMe3b&scp=0037305923&origin=inward,adjacent-subtopic,,scopus,llm_reviewed,0.860,confirmed,,doi:10.1162/105474603763835332
discarded,An Agent-based Architecture for Distributed Interfaces and Timed Media in a Storytelling Application,J. Hu,2003,Proceedings of the International Conference on Autonomous Agents,10.1145/860575.860771,https://www.scopus.com/inward/record.uri?partnerID=HzOxMe3b&scp=1142268227&origin=inward,adjacent-subtopic,,scopus,llm,0.810,unreviewed,,doi:10.1145/860575.860771
discarded,Usability and software architecture,B. John,2001,Behaviour and Information Technology,10.1080/01449290110081686,https://www.scopus.com/inward/record.uri?partnerID=HzOxMe3b&scp=0035555126&origin=inward,adjacent-subtopic,,scopus,llm,0.670,unreviewed,,doi:10.1080/01449290110081686
discarded,Multiagent models for designing object-oriented distributed systems,F. Losavio,2000,JOOP Journal of Object Oriented Programming,,https://www.scopus.com/inward/record.uri?partnerID=HzOxMe3b&scp=0012001428&origin=inward,adjacent-subtopic,,scopus,llm,0.940,unreviewed,,hash:bcd51c4af42fe9dc
discarded,A Specification Paradigm for Design and Implementation of Non-WIMP User Interfaces,S.A. Morrison,1998,Conference on Human Factors in Computing Systems Proceedings,10.1145/286498.286826,https://www.scopus.com/inward/record.uri?partnerID=HzOxMe3b&scp=0003287826&origin=inward,adjacent-subtopic,,scopus,llm,0.720,unreviewed,,doi:10.1145/286498.286826
kept,Separating Application Functionality from the User Interface in a Distributed Environment,N. Dlodlo,1996,Proceedings Euromicro Conference on Real Time Systems,10.1109/EURMIC.1996.546389,https://www.scopus.com/inward/record.uri?partnerID=HzOxMe3b&scp=84888986821&origin=inward,supports-claim,,scopus,llm,0.970,unreviewed,,doi:10.1109/eurmic.1996.546389
discarded,JB-UIDS: an interactive UIMS based on OSF/motif,M. Chen,1996,Proceedings of SPIE the International Society for Optical Engineering,,https://www.scopus.com/inward/record.uri?partnerID=HzOxMe3b&scp=0029724762&origin=inward,supports-claim; adjacent-subtopic,,scopus,llm_reviewed,0.680,changed,kept->discarded,hash:4727cf9cf05947ea
discarded,Tools for building the human-computer interface of a decision support system,S. Rathnam,1995,Decision Support Systems,10.1016/0167-9236(93)E0030-H,https://www.scopus.com/inward/record.uri?partnerID=HzOxMe3b&scp=0029221025&origin=inward,adjacent-subtopic,,scopus,llm,0.700,unreviewed,,doi:10.1016/0167-9236(93)e0030-h
discarded,Programmers' Playground: A demonstration,K.J. Goldman,1995,Proceedings of the ACM International Multimedia Conference and Exhibition,,https://www.scopus.com/inward/record.uri?partnerID=HzOxMe3b&scp=0029458214&origin=inward,adjacent-subtopic,,scopus,llm,0.870,unreviewed,,hash:25b1d98dce66724b
kept,Design and implementation of a run-time architecture for a distributed and object-oriented UIMS,Y. Sato,1994,Denshi Gijutsu Sogo Kenkyusho Iho Bulletin of the Electrotechnical Laboratory,,https://www.scopus.com/inward/record.uri?partnerID=HzOxMe3b&scp=0028730744&origin=inward,supports-claim,,scopus,llm,0.720,unreviewed,,hash:921f8c0893295290
kept,Developing applications with a UIMS,D. Klein,1994,Usenix Applications Development Symposium Proceedings 1994,,https://www.scopus.com/inward/record.uri?partnerID=HzOxMe3b&scp=85096098336&origin=inward,supports-claim,,scopus,llm,0.760,unreviewed,,hash:c51e199af47c0f5a
discarded,A visual programming interface for an image processing environment,D. Koelma,1994,Pattern Recognition Letters,10.1016/0167-8655(94)90125-2,https://www.scopus.com/inward/record.uri?partnerID=HzOxMe3b&scp=0028550073&origin=inward,adjacent-subtopic,,scopus,llm,0.910,unreviewed,,doi:10.1016/0167-8655(94)90125-2
kept,Separation of user interface and application with the Delft Direct Manipulation Manager (D2M2),C. van der Mast,1993,IFAC Symposia Series,10.1016/b978-0-08-041900-8.50029-3,https://www.scopus.com/inward/record.uri?partnerID=HzOxMe3b&scp=0027266367&origin=inward,supports-claim,,scopus,llm,0.990,unreviewed,,doi:10.1016/b978-0-08-041900-8.50029-3
discarded,Tools for human-computer interface and dialogue management,R. Vajde,1991,Melecon,,https://www.scopus.com/inward/record.uri?partnerID=HzOxMe3b&scp=0026404043&origin=inward,supports-claim; adjacent-subtopic,,scopus,llm_reviewed,0.680,changed,kept->discarded,hash:66955cb1e61b4d6e
discarded,Comparing the programming demands of single-user and multi-user applications,J.F. Patterson,1991,Proceedings of the 4th Annual ACM Symposium on User Interface Software and Technology UIST 1991,10.1145/120782.120792,https://www.scopus.com/inward/record.uri?partnerID=HzOxMe3b&scp=84976833476&origin=inward,adjacent-subtopic,,scopus,llm,0.780,unreviewed,,doi:10.1145/120782.120792
kept,Window user interfaces and software maintenance,S. Yip,1991,Journal of Software Maintenance Research and Practice,10.1002/smr.4360030205,https://www.scopus.com/inward/record.uri?partnerID=HzOxMe3b&scp=84987229144&origin=inward,supports-claim; etablering,,scopus,llm_reviewed,0.720,confirmed,,doi:10.1002/smr.4360030205
kept,Surface interaction: A paradigm and model for separating application and interface,R. Took,1990,Conference on Human Factors in Computing Systems Proceedings,10.1145/97243.97249,https://www.scopus.com/inward/record.uri?partnerID=HzOxMe3b&scp=85027668421&origin=inward,supports-claim,,scopus,llm,0.980,unreviewed,,doi:10.1145/97243.97249
discarded,Engineerinng information system user interface management system (EIS-UIMS),E. Frankowski,1989,IEEE Proceedings of the National Aerospace and Electronics Conference,,https://www.scopus.com/inward/record.uri?partnerID=HzOxMe3b&scp=0024883265&origin=inward,adjacent-subtopic,,scopus,llm,0.620,unreviewed,,hash:c5bdea8a0bf32a1e
kept,Human-Computer Interface Development: Concepts and Systems for Its Management,H.R. Hartson,1989,ACM Computing Surveys Csur,10.1145/62029.62031,https://www.scopus.com/inward/record.uri?partnerID=HzOxMe3b&scp=0024628404&origin=inward,supports-claim; etablering,,scopus,llm_reviewed,0.910,confirmed,,doi:10.1145/62029.62031
kept,A case study of user interface management system development and application,J. Manheimer,1989,Conference on Human Factors in Computing Systems Proceedings,10.1145/67449.67475,https://www.scopus.com/inward/record.uri?partnerID=HzOxMe3b&scp=84901687075&origin=inward,supports-claim,,scopus,llm,0.780,unreviewed,,doi:10.1145/67449.67475
kept,A user interface management system,David J. Kasik,1982,,10.1145/800064.801268,https://openalex.org/W1981012826,supports-claim,"The design and construction of the user interface to interactive systems is receiving increased attention. This paper describes a user interface management system that allows a designer/developer to focus on the logical functionality of an application without the usual bookkeeping associated with a conventional programming language. The user interface management system contains two components: a special purpose, application independent dialogue specification language and a run-time interpreter that provides a number of interaction extensions not possible with procedure libraries.",openalex,llm,0.960,unreviewed,,doi:10.1145/800064.801268
kept,A user interface management system,David J. Kasik,1982,ACM SIGGRAPH Computer Graphics,10.1145/965145.801268,https://openalex.org/W4244720110,supports-claim,"The design and construction of the user interface to interactive systems is receiving increased attention. This paper describes a user interface management system that allows a designer/developer to focus on the logical functionality of an application without the usual bookkeeping associated with a conventional programming language. The user interface management system contains two components: a special purpose, application independent dialogue specification language and a run-time interpreter that provides a number of interaction extensions not possible with procedure libraries.",openalex,llm,0.960,unreviewed,,doi:10.1145/965145.801268
kept,Towards a comprehensive user interface management system,William A. S. Buxton; M. R. Lamb; Douglas J. Sherman; Kenneth C. Smith,1983,ACM SIGGRAPH Computer Graphics,10.1145/964967.801130,https://openalex.org/W2215669843,supports-claim,"A UIMS developed at the University of Toronto is presented. The system has two main components. The first is a set of tools to support the design and implementation of interactive graphics programs. The second is a run-time support package which handles interactions between the system and the user (things such as hit detection, event detection, screen updates, and procedure invocation), and provides facilities for logging user interactions for later protocol analysis. The design/implementation tool is a preprocessor, called MENULAY, which permits the applications programmer to use interactive graphics techniques to design graphics menus and their functionality. The output of this preprocessor is high-level code which can be compiled with application-specific routines. User interactions with the resulting executable module are then handled by the run-time support package. The presentation works through an example from design to execution in a step-by-step manner.",openalex,llm,0.880,unreviewed,,doi:10.1145/964967.801130
discarded,An object-oriented user interface management system,John L. Sibert; W. David Hurley; Teresa W. Bleser,1986,ACM SIGGRAPH Computer Graphics,10.1145/15886.15915,https://openalex.org/W2033685244,qualifies-claim; adjacent-subtopic,"The George Washington User Interface Management System (GWUIMS) has been designed as a test bed for comparing user interface models, as a tool for rapidly prototyping highly interactive graphic user interfaces, and as a vehicle for investigating the applicability of knowledge-based technology to user interface design. The GWUIMS was designed and implemented using the object-oriented programming paradigm and consists of a variety of object classes representing different levels of abstraction, Responsibility for lexical, syntactic, and semantic levels of both input parsing and feedback are distributed throughout these classes. We include a description of the GWUIMS and a brief scenario to demonstrate its capabilities. A description of the implementation is followed by a discussion of the future application of knowledge representation techniques and the evolution towards an intelligent assistant for the user interface designer.",openalex,llm_reviewed,0.720,changed,kept->discarded,doi:10.1145/15886.15915
