status,title,authors,year,venue,doi,url,tags,abstract,provider,decision_source,llm_confidence,llm_review_outcome,llm_change_direction,paper_id
discarded,Palette-based photo recoloring,Huiwen Chang; Ohad Fried; Yiming Liu; Stephen DiVerdi; Adam Finkelstein,2015,ACM Transactions on Graphics,10.1145/2766978,https://openalex.org/W1975514318,off-topic-false-hit,"Image editing applications offer a wide array of tools for color manipulation. Some of these tools are easy to understand but offer a limited range of expressiveness. Other more powerful tools are time consuming for experts and inscrutable to novices. Researchers have described a variety of more sophisticated methods but these are typically not interactive, which is crucial for creative exploration. This paper introduces a simple, intuitive and interactive tool that allows non-experts to recolor an image by editing a color palette. This system is comprised of several components: a GUI that is easy to learn and understand, an efficient algorithm for creating a color palette from an image, and a novel color transfer algorithm that recolors the image based on a user-modified palette. We evaluate our approach via a user study, showing that it is faster and easier to use than two alternatives, and allows untrained users to achieve results comparable to those of experts using professional software.",openalex,llm,0.990,unreviewed,,doi:10.1145/2766978
discarded,NeuroKit2: A Python toolbox for neurophysiological signal processing,Dominique Makowski; Tam N. Pham; Zen Juen Lau; Jan C. Brammer; François Lespinasse; Hung Pham; Christopher Schölzel; Shen‐Hsing Annabel Chen,2021,Behavior Research Methods,10.3758/s13428-020-01516-y,https://openalex.org/W3127637041,off-topic-false-hit,,openalex,llm,0.980,unreviewed,,doi:10.3758/s13428-020-01516-y
discarded,The design of Jemboss: a graphical user interface to EMBOSS,Tim J. Carver; Alan J. Bleasby,2003,Bioinformatics,10.1093/bioinformatics/btg251,https://openalex.org/W2148300596,off-topic-false-hit,"DESIGN: Jemboss is a graphical user interface (GUI) for the European Molecular Biology Open Software Suite (EMBOSS). It is being developed at the MRC UK HGMP-RC as part of the EMBOSS project. This paper explains the technical aspects of the Jemboss client-server design. The client-server model optionally allows that a Jemboss user have an account on the remote server. The Jemboss client is written in Java and is downloaded automatically to a user's workstation via Java Web Start using the HTML protocol. The client then communicates with the remote server using SOAP (Simple Object Access Protocol). A Tomcat server listens on the remote machine and communicates the SOAP requests to a Jemboss server, again written in Java. This Java server interprets the client requests and executes them through Java Native Interface (JNI) code written in the C language. Another C program having setuid privilege, jembossctl, is called by the JNI code to perform the client requests under the user's account on the server. The commands include execution of EMBOSS applications, file management and project management tasks. Jemboss allows the use of JSSE for encryption of communication between the client and server. The GUI parses the EMBOSS Ajax Command Definition language for form generation and maximum input flexibility. Jemboss interacts directly with the EMBOSS libraries to allow dynamic generation of application default settings. RESULTS: This interface is part of the EMBOSS distribution and has attracted much interest. It has been set up at many other sites globally as well as being used at the HGMP-RC for registered users. AVAILABILITY: The software, EMBOSS and Jemboss, is freely available to academics and commercial users under the GPL licence. It can be downloaded from the EMBOSS ftp server: http://www.uk.embnet.org/Software/EMBOSS/, ftp://ftp.uk.embnet.org/pub/EMBOSS/. Registered HGMP-RC users can access an installed server from: http://www.uk.embnet.org/Software/EMBOSS/Jemboss/",openalex,llm,1.000,unreviewed,,doi:10.1093/bioinformatics/btg251
discarded,Stylometry with R: A Package for Computational Text Analysis,Maciej Eder; Jan Rybicki; Mike Kestemont,2016,The R Journal,10.32614/rj-2016-007,https://openalex.org/W2787026234,off-topic-false-hit,"This software paper describes 'Stylometry with R' (stylo), a flexible R package for the highlevel analysis of writing style in stylometry.Stylometry (computational stylistics) is concerned with the quantitative study of writing style, e.g.authorship verification, an application which has considerable potential in forensic contexts, as well as historical research.In this paper we introduce the possibilities of stylo for computational text analysis, via a number of dummy case studies from English and French literature.We demonstrate how the package is particularly useful in the exploratory statistical analysis of texts, e.g. with respect to authorial writing style.Because stylo provides an attractive graphical user interface for high-level exploratory analyses, it is especially suited for an audience of novices, without programming skills (e.g. from the Digital Humanities).More experienced users can benefit from our implementation of a series of standard pipelines for text processing, as well as a number of similarity metrics.Authorship attribution plays a prominent role in the nascent field of stylometry, or the computational analysis of writing style (Juola, 2006;Stamatatos et al., 2000;Stamatatos, 2009;Koppel et al., 2009;Van Halteren et al., 2005).While this field has important historical precursors (Holmes, 1994(Holmes, , 1998)), recent decades have witnessed a clear increase in the scientific attention for this problem.Because of its emergent nature, replicability and benchmarking still pose significant challenges in the field (Stamatatos, 2009).Publicly available benchmark data sets are hard to come across, mainly because of copyright and privacy issues, and there are only a few stable, cross-platform software packages out there which are widely used in the community.Fortunately, a number of recent initiatives lead the way in this respect, such as the recent authorship tracks in the PAN competition (http://pan.webis.de),where e.g.relevant data sets are efficiently interchanged.In this paper we introduce 'Stylometry with R' (stylo), a flexible R package for the high-level stylistic analysis of text collections.This package explicitly seeks to further contribute to the recent development in the field towards a more advanced level of replicability and benchmarking in the field.Stylometry is a multidisciplinary research endeavor, attracting contributions from divergent scientific domains, which include researchers from Computer Science -with a fairly technical background -as well as experts from the Humanities -who might lack the computational skills which would allow them easy access to the state-of-the-art methods in the field (Schreibman et al., 2004).Importantly, this package has the potential to help bridge the methodological gap luring between these two communities of practice: on the one hand, stylo's API allows to set up a complete processing pipeline using traditional R scripting; on the other hand, stylo also offers a rich graphical user interface which allows non-technical, even novice practitioners to interface with state-of-the-art methods without the need for any programming experience. Overview of stylometryStylometry deals with the relationship between the writing style in texts and meta-data about those texts (such as date, genre, gender, authorship).Researchers in 'stylochronometry', for instance, are interested in inferring the date of composition of texts on the basis of stylistic aspects (Stamou, 2008;",openalex,llm,1.000,unreviewed,,doi:10.32614/rj-2016-007
discarded,Teacher vision: expert and novice teachers’ perception of problematic classroom management scenes,Charlotte Eliza Wolff; Halszka M. Jarodzka; Niek van den Bogert; Henny P. A. Boshuizen,2016,Instructional Science,10.1007/s11251-016-9367-z,https://openalex.org/W2258425634,off-topic-false-hit,"Visual expertise has been explored in numerous professions, but research on teachers’ vision remains limited. Teachers’ visual expertise is an important professional skill, particularly the ability to simultaneously perceive and interpret classroom situations for effective classroom management. This skill is complex and relies on an awareness of classroom events. Using eye tracking measurements and verbal think aloud, we investigated differences in how expert and novice teachers perceive problematic classroom scenes. Sixty-seven teachers participated, 35 experienced secondary school teachers (experts) and 32 teachers-in-training (novices). Participants viewed videos of authentic lessons and their eye movements were recorded as they verbalized thoughts about what they had seen in the lesson and how it was relevant to classroom management. Two different types of videos were viewed: lesson fragments showing (1) multiple events depicting disengaged students with no overt disruptions and (2) multiple events that included a prominent disruptive event affecting the class. Analysis of eye movements showed that novices’ viewing was more dispersed whereas experts’ was more focused. Irrespective of the video type, expert teachers focused their attention on areas where relevant information was available, while novice teachers’ attention was more scattered across the classroom. Experts’ perception appears to be more knowledge-driven whereas novices’ appears more image-driven. Experts monitored more areas than novices, while novices skipped more areas than experts. Word usage also differed, showing that expertise was associated with a higher frequency of words referencing cognition, perception, and events than novices.",openalex,llm,1.000,unreviewed,,doi:10.1007/s11251-016-9367-z
discarded,A MATLAB toolbox for Principal Component Analysis and unsupervised exploration of data structure,Davide Ballabio,2015,Chemometrics and Intelligent Laboratory Systems,10.1016/j.chemolab.2015.10.003,https://openalex.org/W2196404622,off-topic-false-hit,,openalex,llm,0.990,unreviewed,,doi:10.1016/j.chemolab.2015.10.003
discarded,jCAB: Making Java Class Design Easier for Novice Programmers,Qian Liu,2018,2018 IEEE Frontiers in Education Conference (FIE),10.1109/FIE.2018.8658507,https://ieeexplore.ieee.org/document/8658507/,adjacent-subtopic,"This Research Full Paper introduces a tool called Java Class Auto Builder (jCAB) that helps students to design Java custom classes, helps them to understand the core concepts in the class design, and helps them to develop Object-Oriented (OO) ideas efficiently. When OO programming is introduced to students, its fundamental concepts are difficult for them to learn at first, and also impact them when they start to design their custom class templates. The existing UML (Unified Modeling Language) based tools could be served for educational purpose, but they are not suitable for novice Java students or programmers. Those tools generate class template code automatically from UML diagrams which must represent the class structures and functionalities clearly. That requires users to have a comprehensive view on the class structures. However, when they are first exposed to custom class design, novice programmers usually do not know what are necessary in the design and/or the relationships among classes if there are any. Therefore, it would be hard for them to develop UML diagrams which could represent class templates clearly. A tool that could help students in this stage is necessary. The jCAB tool introduced in this paper is designed for Java CS1 course, and is a good start for novice programmers to learn how to implement custom classes. The tool divides the custom class design procedure into several steps in order to show students what are necessary in the class design clearly and how to do them in detail. Its GUI (Graphic User Interface) interacts with students, directs them step by step, and generates code in each step automatically, so that students will be aware of the class structure, the design procedures, and how each piece of code is related with OO concept, and they will have better grasp on the OO fundamentals and the custom class design procedures.",ieee,llm,0.980,unreviewed,,doi:10.1109/fie.2018.8658507
discarded,An enhanced software tool to aid novices in learning Object Oriented Programming (OOP),Yeeshtdevisingh Hosanee; Shireen Panchoo,2015,"2015 International Conference on Computing, Communication and Security (ICCCS)",10.1109/CCCS.2015.7374197,https://ieeexplore.ieee.org/document/7374197/,adjacent-subtopic,"Because of the complexity of Object Oriented Programming (OOP), various applications have been implemented as a learning support. However, results show that the novice learners still face problems in learning OOP. This paper has undergone an empirical research, aiming at understanding the problems faced by the novice learners in grasping the OOP concepts. This research has therefore the aim of determining requirements for a software tool which caters for the needs of the students. As methodology, a survey was carried out to identify the learners' difficulties and the types of supports they require while interacting with the OOP supporting tool. The latter also takes into consideration valid features of prior OOP teaching software tools. A particular feature, in-built in the tool, also caters for e-assessment which will allow the user to know his proficiency level. Novice learners are thus able to monitor their progress and take relevant actions accordingly. Thus, this will encourage novice learners to engage and be motivated to learn OOP at their own pace.",ieee,llm,0.980,unreviewed,,doi:10.1109/cccs.2015.7374197
discarded,Using computer aided language software for teaching and self-learning,Syed Hussain Abid; Samana Zehra; Haseeb Iftikhar,2011,2011 14th International Conference on Interactive Collaborative Learning,10.1109/ICL.2011.6059555,https://ieeexplore.ieee.org/document/6059555/,adjacent-subtopic,"In this modern age of technology advancement, the computers have played a pivotal role in bringing a revolution to all the fields including teaching and learning. Learning a new programming language is not an easy task as beginners often face problems in understanding the syntax, semantics and logic of the new language. Books are not sufficient to clear concepts and some alternate methods of learning are required. As Computer Aided Learning Software (CALS) has proven to improve the teaching and learning process, therefore, we propose software, “Programming Teaching Aid”, which facilitates teachers as well as self-learners to learn a new language. It has an easy to use graphical user interface (GUI) which helps the user in understanding a pre-written code to be learnt or understood. The language being focused is C++. The proposed software truly supports the pedagogical methodologies. The use of this software will make the learning of C++ language more effective and instill self-study skills among students.",ieee,llm,0.960,unreviewed,,doi:10.1109/icl.2011.6059555
discarded,Laboratory exercises using a graphical user interface to a queueing simulator,E.A. Billard; A.E. Riedmiller,1997,IEEE Transactions on Education,10.1109/13.572330,https://ieeexplore.ieee.org/document/572330/,off-topic-false-hit,"The study of queueing systems presents mathematical barriers to the novice, although the phenomena of queues can be readily observed in everyday life. In addition, English-speaking faculty have language barriers to surmount with Japanese students. This paper describes a graphical user interface to allow quick and easy comprehension of the dynamical behavior of queues. The interface is implemented using Tcl/Tk, a high-level Window programming script language that allows for the rapid development of educational software. An outline is presented for a set of exercises for a lower division laboratory. This material is also appropriate for laboratories associated with courses in operating systems, queueing systems, and performance evaluation.",ieee,llm,0.980,unreviewed,,doi:10.1109/13.572330
discarded,Your Phone as a Sensor: Making IoT Accessible for Novice Programmers,Devin Jean; Brian Broll; Gordon Stein; &#x00C1;kos L&#x00E9;deczi,2021,2021 IEEE Frontiers in Education Conference (FIE),10.1109/FIE49875.2021.9637272,https://ieeexplore.ieee.org/document/9637272/,"qualifies-claim; adjacent-subtopic; tool or course description, no finding on learning event-driven programming or functions as values","Distributed computing, computer networking, and the Internet of Things are all around us, yet only computer science and engineering majors learn the technologies that enable our modern lives. This paper introduces PhoneIoT, a mobile app that makes it possible to teach some of the basic concepts of distributed computation and networked sensing to novices. PhoneIoT turns mobile phones and tablets into IoT devices and makes it possible to create highly engaging projects through NetsBlox, an open-source block-based programming environment focused on teaching distributed computing at the high school level. PhoneIoT lets NetsBlox programs-running in the browser on the student's computer—access available sensors. Since phones have touchscreens, PhoneIoT also allows building a GUI remotely from NetsBlox, which can be set to trigger custom code written by the student via NetsBlox's message system. The approach enables students to create quite advanced distributed projects, such as turning their phone into a game controller or tracking their exercise on top of an interactive Google Maps background with just a few blocks of code.",ieee,llm_reviewed,0.840,changed,kept->discarded,doi:10.1109/fie49875.2021.9637272
discarded,SplashKit: A Development Framework for Motivating and Engaging Students in Introductory Programming,Jake Renzella; Alex Cummaudo; Andrew Cain; John Grundy; Jonathon Meyers,2018,"2018 IEEE International Conference on Teaching, Assessment, and Learning for Engineering (TALE)",10.1109/TALE.2018.8615203,https://ieeexplore.ieee.org/document/8615203/,adjacent-subtopic,"Learning to program is known to be challenging for many students. Upon entry, students often have poor perceptions of their capabilities with some anxiety around the challenges they expect to face in learning to code. Lowering the barriers to entry will help ease students into programming and enable a broader range of student to continue programming. SplashKit is an educationally focused development framework designed to aid the teaching of programming by empowering students to create interesting and dynamic programs from their first programming tasks. This paper explores how SplashKit can be used in tertiary education to underpin a range of introductory programming approaches.",ieee,llm,0.820,unreviewed,,doi:10.1109/tale.2018.8615203
discarded,EAGLE: GUI-Based Penetration Testing Tool for Scanning and Enumeration,Ammrish Singh Beker Singh; Yusnita Yusof; Yogeswaran Nathan,2021,2021 14th International Conference on Developments in eSystems Engineering (DeSE),10.1109/DeSE54285.2021.9719338,https://ieeexplore.ieee.org/document/9719338/,off-topic-false-hit,"Penetration testing is a security exercise that is carried out by penetration testers to identify and exploit vulnerabilities in a system. Many penetration testing tools are available in Command Line Interface (CLI) and this requires familiarization of commands. Beginner penetration testers might struggle to understand and choose the most suitable tools. This paper presents a Graphical User Interface (GUI)-Based Penetration Testing Tool for Scanning and Enumeration named as EAGLE. It is developed to assist beginner penetration testers. EAGLE integrates features from several scanning and enumeration tools such as Nmap, Gobuster, Hydra, Nikto, Enum4Linux and Whatweb. The tool's functions include port scanning, web server enumeration, website screenshot, service brute force and service enumeration. Users or beginner penetration testers are only required to provide an IP Address of the target system as the input. This eliminates the familiarization of extensive commands used in multiple tools. The tool displays the results in a convenient manner with a filtering feature so that it is easier to read and understand the scan results. The novelty of this work is done by comparing the output / results obtained using the CLI-based tools separately with the integrated results produced using EAGLE.",ieee,llm,1.000,unreviewed,,doi:10.1109/dese54285.2021.9719338
