status,title,authors,year,venue,doi,url,tags,abstract,provider,decision_source,llm_confidence,llm_review_outcome,llm_change_direction,paper_id
discarded,Isolated Limb Infusion With Cytotoxic Agents: A Simplified Approach for Venous Access,"Vyas, Ajit; Avritscher, Rony; Ensor, Joe; Ross, Merrick; Wallace, Michael J.",2010,CANCER,10.1002/cncr.24736,https://www.webofscience.com/wos/woscc/full-record/WOS:000273826000029,off-topic-false-hit,"BACKGROUND: Isolated limb infusion (ILI) of cytotoxic agents is a regional therapy for cutaneous malignancies in a single extremity. Conventional ILI technique requires retrograde catheterization of the contralateral femoral vein. A novel modified ILI technique uses an ipsilateral popliteal venous approach. The purpose of this study was to compare the performance of ILI using the 2 different approaches. METHODS: Data from patients who underwent lower-extremity ILI at the authors' institution between October 2005 and June 2008 were retrospectively reviewed. The authors compared the 2 ILI approaches with regard to overall procedure time, fluoroscopy time, and the number of callbacks to the operating room (OR) for flow-related issues. The Student t test and Fisher exact test were used. Adverse events, including deep venous thrombosis (DVT) in the treated limb, were recorded. RESULTS: Between October 2005 and June 2008, 67 lower-extremity ILI procedures (15 using a contralateral venous access approach and 52 using an ipsilateral venous access approach) were performed in 62 patients (28 men and 34 women aged 31-82 years). The mean fluoroscopy times for the contralateral and ipsilateral groups were 17.9 and 8.3 minutes, respectively (P = .0019). No significant difference in the overall procedure time and number of callbacks to the OR for flow-related issues between the 2 groups was identified. CONCLUSIONS: The ipsilateral popliteal venous approach is a simplified and safe ILI technique with significantly lower overall fluoroscopy procedure times required for catheter placement and no difference in catheter-related adverse events, when compared with the conventional contralateral approach. Cancer 2010;116:459-64. (C) 2010 American Cancer Society.",wos,llm,1.000,unreviewed,,doi:10.1002/cncr.24736
discarded,A new international apparel market research method-Cooperative research on university student apparel consumption between China VS France,"Xia, Jingbo; Yang, Lianxu; Xu, Ming",2009,"PROCEEDINGS OF THE FIBER SOCIETY 2009 SPRING CONFERENCE, VOLS I AND II",,https://www.webofscience.com/wos/woscc/full-record/WOS:000270540900315,off-topic-false-hit,"Nowadays, although the international trade is prevailing, the difference from country to country is apparent, especially on the university student apparel consumption. The effective method to acknowledge the difference is absence. So we introduce a new method to carry out the research about the international market. In our new method, by making use of the chance of French students studying in Donghua University, China, we finished our questionnaire of cooperative research on university student apparel consumption between China VS France. The questionnaire aimed at the consumer behavior of French and Chinese university students includes the purchasing frequency, the brands and shop types, the amount of clothes from 1(st) January to 1(st) march (we want to set the term as two months, because consumer may remember the detail about what, how they purchase) and so on. At the same time, a lot of Chinese university students are required to perform an exact answer. With these questionnaires, we have gotten the detailed data about the apparel consumption. Then we showed the data in chart intuitively, such as pie diagrams. Integrated all the steps above, we finished our research, and our new method is revealed. The merit of our new method is obvious:

1. Easy and available operation

1. Less cost

2. Callback percentage, reliability is high

3. Clear contrast

In the international marketing strategy, the research about the market is needed. With our new method, we can get the detail about the consumer behavior easily, quickly, reliably.",wos,llm,1.000,unreviewed,,hash:e81fb6c49c7adb2c
kept,Tips for Teaching Types and Functions,"Ruehr, Fritz",2008,FDPE'08: PROCEEDINGS OF THE 2008 ACM SIGPLAN WORKSHOP ON FUNCTIONAL AND DECLARATIVE PROGRAMMING IN EDUCATION,,https://www.webofscience.com/wos/woscc/full-record/WOS:000265741500009,supports-claim,"Many beginning students of functional programming have difficulty understanding higher-order functions and their types. Experienced functional programmers have such a close familiarity and intuitive grasp of these crucial concepts that they may find it hard to ""bridge the gap,"" so as to provide their students with a firm understanding of these ideas. I describe a loosely-related cluster of tips and techniques which address the pedagogy of higher-order functions and types, for students with varying degrees of mathematical background and different learning styles-these techniques include tabular presentations, code tools, visual metaphors and an abstract algebra. Although the underlying ideas will be familiar to experts, I believe these presentations can help educators bring important ideas in functional programming to a broader range of students, with less pain and with a deeper understanding.",wos,llm,0.990,unreviewed,,hash:b6026f41fbae8a77
discarded,'Proof-directed debugging' revisited for a first-order version,"Yi, Kwangkeun",2006,JOURNAL OF FUNCTIONAL PROGRAMMING,10.1017/S0956796806006149,https://www.webofscience.com/wos/woscc/full-record/WOS:000242525400001,"supports-claim; adjacent-subtopic; tool or course description, no finding on learning event-driven programming or functions as values","Some 10 years ago, Harper illustrated the powerful method of proof-directed debugging for developing programs with an article in this journal. Unfortunately, his example uses both higher-order functions and continuation-passing style, which is too difficult for students in an introductory programming course. In this pearl, we present a first-order version of Harper's example and demonstrate that it is easy to transform the final version into an efficient state machine. Our new version convinces students that the approach is useful, even essential, in developing both correct and efficient programs.",wos,llm_reviewed,0.880,changed,kept->discarded,doi:10.1017/s0956796806006149
discarded,A higher-order function approach to evolve recursive programs,"Yu, T",2006,GENETIC PROGRAMMING THEORY AND PRACTICE III,,https://www.webofscience.com/wos/woscc/full-record/WOS:000234830700007,off-topic-false-hit,"We demonstrate a functional style recursion implementation to evolve recursive programs. This approach re-expresses a recursive program using a non-recursive application of a higher-order function. It divides a program recursion pattern into two parts: the recursion code and the application of the code. With the higher-order functions handling recursion code application, GP effort becomes focused on the generation of recursion code. We employed this method to evolve two recursive programs: a STRSTR C library function, and programs that produce the Fibonacci sequence. In both cases, the program space defined by higher-order functions are much easier for GP to search and to find a solution. We have learned about higher-order function selection and fitness assignment through this study. The next step will be to test the approach on applications with open-ended solutions, such as evolutionary design.",wos,llm,1.000,unreviewed,,hash:2aaedca266a2fb72
discarded,Efficient mediators with closures for handling dynamic interfaces in an imperative language,"Shinjo, Y; Kubo, T; Pu, C",2004,INFORMATION AND SOFTWARE TECHNOLOGY,10.1016/j.infsof.2003.09.013,https://www.webofscience.com/wos/woscc/full-record/WOS:000189229500012,off-topic-false-hit,"Mediators are well-known software components in the construction of distributed systems and applications, with clear advantages when adding functionality to legacy code. However, mediators that must handle dynamic interfaces (i.e. those that may change at run-time such as callback functions) are not easy to build in most imperative languages such as C, due to the many variants implied by the dynamic interfaces. We call this kind of mediators intermediators. We propose a systematic implementation method based on the concept of closures to implement intermediators using the Tempo run-time specializer for C programs. To illustrate this method, we implemented a unified user authentication intermediator for Unix and Windows 2000 called GINA-IM. GINA-IM gets the password entries from a Unix NIS server and performs user authentication based on the Graphical Identification and Authentication (GINA) model of Windows 2000. The code of GINA-IM is a quarter of the code size of a conventional component written without our tools. GINA-IM is in production use at authors' university by two thousands of freshmen in class and several thousands of students daily. (C) 2003 Elsevier B.V. All rights reserved.",wos,llm,1.000,unreviewed,,doi:10.1016/j.infsof.2003.09.013
discarded,Leftover Curry and reheated Pizza: How functional programming nourishes software reuse,"Odersky, M; Wadler, P",1998,FIFTH INTERNATIONAL CONFERENCE ON SOFTWARE REUSE - PROCEEDINGS,,https://www.webofscience.com/wos/woscc/full-record/WOS:000074523400001,off-topic-false-hit,"Functional programmers and reuse engineers dine at the same table. Delicacies like type abstraction and higher-order functions are meat and potatoes for those who need to re reuse code parameterised by types and operations.

The talk will start with a review of modern functional languages. Isolation has given way to systems that interact with C and COM components. Code quality can rival C. Functional programs deliver calls in Brussels, route planes through Paris, and play CDs over networks at Cornell.

The talk will then describe Pizza, an attempt to make functional ideas accessible to a wider community by embedding them in Java. Pizza contains Java as a subset, so its easy to learn, and it compiles to the Java Virtual Machine, so it runs anywhere Java runs, including web browsers. We will focus on how Pizza is designed to add parametric types on top of existing Java libraries, enhancing reuse.

Applications of functional languages have been described elsewhere [Wad98]; this paper describes salient features of the latest version of Pizza.",wos,llm,0.980,unreviewed,,hash:053cdf7e1e944049
discarded,A hybrid EEG MRI ResNet50 fusion network with cross modal attention for early Parkinson’s disease detection using REMCAT,C.K.K. Reddy,2026,Discover Computing,10.1007/s10791-026-10045-9,https://www.scopus.com/inward/record.uri?partnerID=HzOxMe3b&scp=105036185355&origin=inward,off-topic-false-hit,,scopus,llm,1.000,unreviewed,,doi:10.1007/s10791-026-10045-9
discarded,Inductive Generalization in Reinforcement Learning from Specifications,V. Subramanian,2026,Lecture Notes in Computer Science,10.1007/978-3-032-08707-2_13,https://www.scopus.com/inward/record.uri?partnerID=HzOxMe3b&scp=105020800429&origin=inward,off-topic-false-hit,,scopus,llm,0.990,unreviewed,,doi:10.1007/978-3-032-08707-2_13
discarded,XAI-Driven Deep Neural Network Approach for Synthetic Image Identification,J. Rout,2026,2026 1st International Conference on Artificial Intelligence and Machine Learning in Communication and Power Systems Aimlcps 2026,10.1109/AIMLCPS68702.2026.11542486,https://www.scopus.com/inward/record.uri?partnerID=HzOxMe3b&scp=105042490666&origin=inward,off-topic-false-hit,,scopus,llm,1.000,unreviewed,,doi:10.1109/aimlcps68702.2026.11542486
discarded,Enhancing Automatic Answer Evaluation Using Bi-Directional Long Short-Term Memory-Based Deep Learning,T.S. Adharsh,2026,International Journal of Special Education,,https://www.scopus.com/inward/record.uri?partnerID=HzOxMe3b&scp=105041612510&origin=inward,adjacent-subtopic,,scopus,llm,0.990,unreviewed,,hash:f04d7f3f8ba2a9ea
discarded,Distinct roles of two thalamostriatal systems in visually triggered decision-making in common marmosets,S. Kato,2025,Iscience,10.1016/j.isci.2025.112921,https://www.scopus.com/inward/record.uri?partnerID=HzOxMe3b&scp=105009087409&origin=inward,off-topic-false-hit,,scopus,llm,1.000,unreviewed,,doi:10.1016/j.isci.2025.112921
discarded,Brain tumor diagnosis using modified DenseNet121 architecture with adaptive learning rate and callback mechanism,C. Venkatachalam,2025,Neural Computing and Applications,10.1007/s00521-025-11150-4,https://www.scopus.com/inward/record.uri?partnerID=HzOxMe3b&scp=105000489828&origin=inward,off-topic-false-hit,,scopus,llm,1.000,unreviewed,,doi:10.1007/s00521-025-11150-4
discarded,Serve with voice: The role of agents’ vocal cues in the call center service,Y. Zhou,2025,Journal of Business Research,10.1016/j.jbusres.2025.115282,https://www.scopus.com/inward/record.uri?partnerID=HzOxMe3b&scp=85219729499&origin=inward,off-topic-false-hit,,scopus,llm,1.000,unreviewed,,doi:10.1016/j.jbusres.2025.115282
discarded,A Single EfficientNet-B0 Model for Multi-Feature MRI-Based Prediction of Alzheimer's and Parkinson's Diseases,R.R. Sekar,2025,2025 International Conference on Future Technologies Icft 2025,10.1109/ICFT66708.2025.11336514,https://www.scopus.com/inward/record.uri?partnerID=HzOxMe3b&scp=105033659047&origin=inward,off-topic-false-hit,,scopus,llm,1.000,unreviewed,,doi:10.1109/icft66708.2025.11336514
discarded,Colon Cancer Detection Using Deep Learning,M. Abduljalil Ahmed,2025,2025 International Conference on Emerging Trends in Networks and Computer Communications Etncc 2025 Proceedings,10.1109/ETNCC66224.2025.11299761,https://www.scopus.com/inward/record.uri?partnerID=HzOxMe3b&scp=105031903866&origin=inward,off-topic-false-hit,,scopus,llm,1.000,unreviewed,,doi:10.1109/etncc66224.2025.11299761
discarded,NULLDect: A Dynamic Adaptive Learning Framework for Robust NULL Pointer Dereference Detection,T. Karim,2025,Proceedings of the International Conference on Security and Cryptography,10.5220/0013494400003979,https://www.scopus.com/inward/record.uri?partnerID=HzOxMe3b&scp=105010486975&origin=inward,off-topic-false-hit,,scopus,llm,0.990,unreviewed,,doi:10.5220/0013494400003979
discarded,A Specialized ResNet50 Computational Model for Intelligent Skin Lesion Diagnosis,S.B. Thamarai Selvi,2025,Proceedings IEEE 10th International Conference on Smart Structures and Systems Icsss 2025,10.1109/ICSSS66939.2025.11346363,https://www.scopus.com/inward/record.uri?partnerID=HzOxMe3b&scp=105033154875&origin=inward,off-topic-false-hit,,scopus,llm,1.000,unreviewed,,doi:10.1109/icsss66939.2025.11346363
discarded,GridNet: A Hybrid LSTM-Based Deep Learning Approach for Accurate Electricity Consumption Forecasting in Smart Grid Systems,T. Alazemi,2025,2025 60th International Universities Power Engineering Conference Upec 2025,10.1109/UPEC65436.2025.11279758,https://www.scopus.com/inward/record.uri?partnerID=HzOxMe3b&scp=105031428054&origin=inward,off-topic-false-hit,,scopus,llm,1.000,unreviewed,,doi:10.1109/upec65436.2025.11279758
discarded,International Natural Uranium Price Prediction Based on TF-CNN-BiLSTM Model,J. Yang,2025,Yuanzineng Kexue Jishu Atomic Energy Science and Technology,10.7538/yzk.2024.youxian.0950,https://www.scopus.com/inward/record.uri?partnerID=HzOxMe3b&scp=105009882647&origin=inward,off-topic-false-hit,,scopus,llm,1.000,unreviewed,,doi:10.7538/yzk.2024.youxian.0950
discarded,Subsea Inspection Supported by AI-Driven Computer Vision,R. Rahnama,2025,Society of Petroleum Engineers Adipec 2025,10.2118/229719-MS,https://www.scopus.com/inward/record.uri?partnerID=HzOxMe3b&scp=105033782527&origin=inward,off-topic-false-hit,,scopus,llm,1.000,unreviewed,,doi:10.2118/229719-ms
discarded,Enhanced skin cancer diagnosis using optimized CNN architecture and checkpoints for automated dermatological lesion classification,M.M. Musthafa,2024,BMC Medical Imaging,10.1186/s12880-024-01356-8,https://www.scopus.com/inward/record.uri?partnerID=HzOxMe3b&scp=85200204881&origin=inward,off-topic-false-hit,,scopus,llm,1.000,unreviewed,,doi:10.1186/s12880-024-01356-8
discarded,Development and evaluation of an artificial intelligence-based workflow for the prioritization of patient portal messages,J. Yang,2024,JAMIA Open,10.1093/jamiaopen/ooae078,https://www.scopus.com/inward/record.uri?partnerID=HzOxMe3b&scp=85201777892&origin=inward,off-topic-false-hit,,scopus,llm,1.000,unreviewed,,doi:10.1093/jamiaopen/ooae078
discarded,PTB-FLA Development Paradigm Adaptation for ChatGPT,M. Popovic,2024,Computer Science and Information Systems,10.2298/CSIS231224036P,https://www.scopus.com/inward/record.uri?partnerID=HzOxMe3b&scp=85207543988&origin=inward,adjacent-subtopic,,scopus,llm,0.900,unreviewed,,doi:10.2298/csis231224036p
discarded,Accuracy and safety of an autonomous artificial intelligence clinical assistant conducting telemedicine follow-up assessment for cataract surgery,E. Meinert,2024,Eclinicalmedicine,10.1016/j.eclinm.2024.102692,https://www.scopus.com/inward/record.uri?partnerID=HzOxMe3b&scp=85197502835&origin=inward,off-topic-false-hit,,scopus,llm,1.000,unreviewed,,doi:10.1016/j.eclinm.2024.102692
discarded,A Semiautonomous Deep Learning System to Reduce False Positives in Screening Mammography,S. Pedemonte,2024,Radiology Artificial Intelligence,10.1148/ryai.230033,https://www.scopus.com/inward/record.uri?partnerID=HzOxMe3b&scp=85196389495&origin=inward,off-topic-false-hit,,scopus,llm,1.000,unreviewed,,doi:10.1148/ryai.230033
discarded,Improving Interdisciplinary Communication on an Academic Hospitalist Service: A Quality Improvement Project,S. Biederman,2024,Journal for Healthcare Quality,10.1097/JHQ.0000000000000411,https://www.scopus.com/inward/record.uri?partnerID=HzOxMe3b&scp=85186591554&origin=inward,off-topic-false-hit,,scopus,llm,1.000,unreviewed,,doi:10.1097/jhq.0000000000000411
discarded,Translation and cultural adaptation of the HELPS Reading Fluency Program into Brazilian Portuguese: A report of systematic adaptation processes and initial evidence of efficacy,M.A. Martins,2023,Frontiers in Psychology,10.3389/fpsyg.2023.1034749,https://www.scopus.com/inward/record.uri?partnerID=HzOxMe3b&scp=85148624743&origin=inward,adjacent-subtopic,,scopus,llm,1.000,unreviewed,,doi:10.3389/fpsyg.2023.1034749
discarded,DeepSR: A deep learning tool for image super resolution,H. Temiz,2023,Softwarex,10.1016/j.softx.2022.101261,https://www.scopus.com/inward/record.uri?partnerID=HzOxMe3b&scp=85144093367&origin=inward,off-topic-false-hit,,scopus,llm,1.000,unreviewed,,doi:10.1016/j.softx.2022.101261
discarded,Developing Elementary Federated Learning Algorithms Leveraging the ChatGPT,M. Popovic,2023,2023 31st Telecommunications Forum Telfor 2023 Proceedings,10.1109/TELFOR59449.2023.10372714,https://www.scopus.com/inward/record.uri?partnerID=HzOxMe3b&scp=85183466937&origin=inward,adjacent-subtopic,,scopus,llm,0.960,unreviewed,,doi:10.1109/telfor59449.2023.10372714
discarded,Structural versus pipeline composition of higher-order functions (experience report),E. Rivera,2022,Proceedings of the ACM on Programming Languages,10.1145/3547633,https://www.scopus.com/inward/record.uri?partnerID=HzOxMe3b&scp=85139453771&origin=inward,off-topic-false-hit,,scopus,llm,0.760,unreviewed,,doi:10.1145/3547633
discarded,The First Line of Code: Android Programming with Kotlin,L. Guo,2022,First Line of Code Android Programming with Kotlin,10.1007/978-981-19-1800-1,https://www.scopus.com/inward/record.uri?partnerID=HzOxMe3b&scp=85163492639&origin=inward,adjacent-subtopic,,scopus,llm,0.940,unreviewed,,doi:10.1007/978-981-19-1800-1
discarded,Natural Language Processing for Learning Assessment in STEM,P. Caratozzolo,2022,IEEE Global Engineering Education Conference Educon,10.1109/EDUCON52537.2022.9766717,https://www.scopus.com/inward/record.uri?partnerID=HzOxMe3b&scp=85128419974&origin=inward,adjacent-subtopic,,scopus,llm,0.980,unreviewed,,doi:10.1109/educon52537.2022.9766717
discarded,Sign Language to Text Conversion using Deep Learning,A. Bhat,2022,2022 3rd International Conference for Emerging Technology Incet 2022,10.1109/INCET54531.2022.9824885,https://www.scopus.com/inward/record.uri?partnerID=HzOxMe3b&scp=85136331903&origin=inward,off-topic-false-hit,,scopus,llm,1.000,unreviewed,,doi:10.1109/incet54531.2022.9824885
discarded,Effect of diurnal changes on the auditory working memory in individuals with normal hearing,P. Prakash,2021,Neuroscience Research Notes,10.31117/neuroscirn.v4i4.110,https://www.scopus.com/inward/record.uri?partnerID=HzOxMe3b&scp=85127486390&origin=inward,off-topic-false-hit,,scopus,llm,1.000,unreviewed,,doi:10.31117/neuroscirn.v4i4.110
discarded,Reducing the Cognitive Footprint of Brain Tumor Surgery,N.B. Dadario,2021,Frontiers in Neurology,10.3389/fneur.2021.711646,https://www.scopus.com/inward/record.uri?partnerID=HzOxMe3b&scp=85114255097&origin=inward,off-topic-false-hit,,scopus,llm,1.000,unreviewed,,doi:10.3389/fneur.2021.711646
discarded,Privacy-Preserving Deep Speaker Separation for Smartphone-Based Passive Speech Assessment,A. Ditthapron,2021,IEEE Open Journal of Engineering in Medicine and Biology,10.1109/OJEMB.2021.3063994,https://www.scopus.com/inward/record.uri?partnerID=HzOxMe3b&scp=85122547864&origin=inward,off-topic-false-hit,,scopus,llm,1.000,unreviewed,,doi:10.1109/ojemb.2021.3063994
discarded,Genetic Inactivation of Two-Pore Channel 1 Impairs Spatial Learning and Memory,R.T. Mallmann,2020,Behavior Genetics,10.1007/s10519-020-10011-1,https://www.scopus.com/inward/record.uri?partnerID=HzOxMe3b&scp=85090315829&origin=inward,off-topic-false-hit,,scopus,llm,1.000,unreviewed,,doi:10.1007/s10519-020-10011-1
