status,title,authors,year,venue,doi,url,tags,abstract,provider,decision_source,llm_confidence,llm_review_outcome,llm_change_direction,paper_id
discarded,Desirable Difficulties in Vocabulary Learning,Robert A. Bjork; Judith F. Kroll,2015,The American Journal of Psychology,10.5406/amerjpsyc.128.2.0241,https://openalex.org/W2316805075,off-topic-false-hit,"In this article we discuss the role of desirable difficulties in vocabulary learning from two perspectives, one having to do with identifying conditions of learning that impose initial challenges to the learner but then benefit later retention and transfer, and the other having to do with the role of certain difficulties that are intrinsic to language processes, are engaged during word learning, and reflect how language is understood and produced. From each perspective we discuss evidence that supports the notion that difficulties in learning and imposed costs to language processing may produce benefits because they are likely to increase conceptual understanding. We then consider the consequences of these processes for actual second-language learning and suggest that some of the domain-general cognitive advantages that have been reported for proficient bilinguals may reflect difficulties imposed by the learning process, and by the requirement to negotiate cross-language competition, that are broadly desirable. As Alice Healy and her collaborators were perhaps the first to demonstrate, research on desirable difficulties in vocabulary and language learning holds the promise of bringing together research traditions on memory and language that have much to offer each other.",openalex,llm,0.990,unreviewed,,doi:10.5406/amerjpsyc.128.2.0241
discarded,Severely threatening events and marked life difficulties preceding onset or exacerbation of multiple sclerosis.,Igor Grant; George William Brown; Tirril Harris; W. I. McDonald; Thomas L. Patterson; Michael Trimble,1989,Journal of Neurology Neurosurgery & Psychiatry,10.1136/jnnp.52.1.8,https://openalex.org/W2037898705,off-topic-false-hit,"Introduction: Obstructive sleep apnoea (OSA) is a sleep disorder that remains under-diagnosed. Improved detection depends on increased public awareness. Aims: To assess awareness and knowledge of OSA in the population of a multiethnic Asian nation. Methods: The Singapore Health Study 2012 was a cross-sectional population-based study. A sample of 256 subjects completed the STOP-Bang questionnaire and a home-based sleep study. Moderate-to-severe OSA was defined as an apnoea-hypopnoea index (AHI) ≥15. Participants were then contacted by phone to complete a questionnaire assessing awareness and knowledge of OSA. Results: There were 217 completed surveys (response rate 84.8%) with 131 male participants (51.2%). Only 78 (35.9%) could correctly define OSA. A total of 48 (22.1%) and 80 (36.9%) respondents correctly listed ≥1 risk factor or symptom for OSA, respectively. Among 84 respondents with a STOP-Bang score ≥ 3, 24 (28.6%) correctly defined OSA, 16 (19.0%) correctly listed ≥1 risk factors and 29 (34.5%) correctly listed ≥1 symptoms. Among 61 respondents who had AHI ≥15, 11 (18.0%) correctly defined OSA, 6 (9.8%) correctly listed ≥1 risk factors and 11 (18.0%) correctly listed ≥1 symptoms. Significant predictors for incorrectly defining OSA included a low education (odds ratio (OR) 0.04, 95% confidence interval (CI) 0.007-0.18), ethnicity (Chinese baseline; Malay OR 0.44, 95% CI 0.20-0.93; Indian OR 0.31, 95% CI 0.14-0.73) and a diagnosis of moderate-to-severe OSA on the home-based sleep study (OR 0.28, 95% CI 0.12-0.62). Conclusion: Public awareness and knowledge of OSA is poor. Respondents with moderate-to-severe OSA had the least knowledge. Considerable educational effort is needed to increase awareness.",openalex,llm,1.000,unreviewed,,doi:10.1136/jnnp.52.1.8
discarded,Upgrade of the ALICE Experiment: Letter Of Intent,Betty Abelev,2014,Journal of Physics G Nuclear and Particle Physics,10.1088/0954-3899/41/8/087001,https://openalex.org/W2096068462,off-topic-false-hit,"ALICE (A Large Ion Collider Experiment) is studying the physics of strongly interacting matter, and in particular the properties of the Quark-Gluon Plasma (QGP), using proton-proton, proton-nucleus and nucleus-nucleus collisions at the CERN LHC (Large Hadron Collider). The ALICE Collaboration is preparing a major upgrade of the experimental apparatus, planned for installation in the second long LHC shutdown in the years 2018-2019. These plans are presented in the ALICE Upgrade Letter of Intent, submitted to the LHCC (LHC experiments Committee) in September 2012. In order to fully exploit the physics reach of the LHC in this field, high-precision measurements of the heavy-flavour production, quarkonia, direct real and virtual photons, and jets are necessary. This will be achieved by an increase of the LHC Pb-Pb instant luminosity up to 6Ã1027cm-2s-1and running the ALICE detector with the continuous readout at the 50 kHz event rate. The physics performance accessible with the upgraded detector, together with the main detector modifications, are presented. Â© 2014 CERN on behalf of The ALICE Collaboration.",openalex,llm,1.000,unreviewed,,doi:10.1088/0954-3899/41/8/087001
discarded,Revisiting Batch Normalization for Training Low-Latency Deep Spiking Neural Networks From Scratch,Youngeun Kim; Priyadarshini Panda,2021,Frontiers in Neuroscience,10.3389/fnins.2021.773954,https://openalex.org/W3097285691,off-topic-false-hit,"Spiking Neural Networks (SNNs) have recently emerged as an alternative to deep learning owing to sparse, asynchronous and binary event (or spike) driven processing, that can yield huge energy efficiency benefits on neuromorphic hardware. However, SNNs convey temporally-varying spike activation through time that is likely to induce a large variation of forward activation and backward gradients, resulting in unstable training. To address this training issue in SNNs, we revisit Batch Normalization (BN) and propose a temporal Batch Normalization Through Time (BNTT) technique. Different from previous BN techniques with SNNs, we find that varying the BN parameters at every time-step allows the model to learn the time-varying input distribution better. Specifically, our proposed BNTT decouples the parameters in a BNTT layer along the time axis to capture the temporal dynamics of spikes. We demonstrate BNTT on CIFAR-10, CIFAR-100, Tiny-ImageNet, event-driven DVS-CIFAR10 datasets, and Sequential MNIST and show near state-of-the-art performance. We conduct comprehensive analysis on the temporal characteristic of BNTT and showcase interesting benefits toward robustness against random and adversarial noise. Further, by monitoring the learnt parameters of BNTT, we find that we can do temporal early exit. That is, we can reduce the inference latency by ~5 - 20 time-steps from the original training latency. The code has been released at https://github.com/Intelligent-Computing-Lab-Yale/BNTT-Batch-Normalization-Through-Time.",openalex,llm,1.000,unreviewed,,doi:10.3389/fnins.2021.773954
discarded,2011 ACCF/AHA Guideline for the Diagnosis and Treatment of Hypertrophic Cardiomyopathy,Bernard John Gersh; Barry J. Maron; Robert O. Bonow; Joseph A. Dearani; Michael A. Fifer; Mark S. Link; Srihari S. Naidu; Rick A. Nishimura; Steve R. Ommen; Harry Rakowski; Christine E. Seidman; Jeffrey Allen Towbin; James E. Udelson; Clyde W. Yancy,2011,Journal of the American College of Cardiology,10.1016/j.jacc.2011.06.011,https://openalex.org/W2469018802,off-topic-false-hit,,openalex,llm,1.000,unreviewed,,doi:10.1016/j.jacc.2011.06.011
discarded,Block-based threshold modulation error diffusion,Yan Zhou; Chun Chen; Qiang Wang; Jiajun Bu,2009,2009 16th IEEE International Conference on Image Processing (ICIP),10.1109/ICIP.2009.5413974,https://ieeexplore.ieee.org/document/5413974/,off-topic-false-hit,"In this paper, we describe a block-based threshold modulation error diffusion algorithm to parallelize the halftone process without generating both block-boundary and diagonal artifacts. A novel scan path is used to pass quantization error effectively between blocks, and the input-dependent threshold modulation is applied during the inner-block processing. To obtain suitable parameter set for the error weights and threshold modulation strength, a cost function is designed. Experimental results show that the proposed algorithm generates high quality halftone image which is visually closed to those generated by serial error diffusion algorithms. It takes the advantage of both quality and parallelism compared to other halftoning approaches.",ieee,llm,1.000,unreviewed,,doi:10.1109/icip.2009.5413974
discarded,Fast online reconstruction and online calibration in the ALICE High Level Trigger,David Rohr; Mikolaj Krzewicki; Volker Lindenstruth,2016,2016 IEEE-NPSS Real Time Conference (RT),10.1109/RTC.2016.7543097,https://ieeexplore.ieee.org/document/7543097/,off-topic-false-hit,"ALICE (A Large Heavy Ion Experiment) is one of four major experiments at the Large Hadron Collider (LHC) at CERN. The ALICE High Level Trigger (HLT) is a cluster of 200 nodes, which reconstructs collisions as recorded by the ALICE detector in real-time. It employs a custom online data-transport framework to distribute data and workload among the compute nodes. ALICE employs subdetectors sensitive to environmental conditions such as pressure and temperature, e.g. the Time Projection Chamber (TPC). A precise reconstruction of particle trajectories requires the calibration of these detectors. Performing the calibration in real time in the HLT improves the online reconstructions and renders certain offline calibration steps obsolete speeding up offline physics analysis. For LHC Run 3, starting in 2020 when data reduction will rely on reconstructed data, online calibration becomes a necessity. Reconstructed particle trajectories build the basis for the calibration making a fast online-tracking mandatory. The main detectors used for this purpose are the TPC and ITS. Reconstructing the trajectories in the TPC is the most compute-intense step. We present several components of the ALICE High Level Trigger used for fast event reconstruction and then focus on newly developed components for online calibration. The TPC tracker employs GPUs to speed up the processing and is based on a Cellular Automaton and the Kalman filter. It has been used successfully in proton-proton, lead-lead, and proton-lead runs between 2011 and 2015. We have implemented a wrapper to run ALICE offline analysis and calibration software inside the HLT. Normally, the HLT works in an event-synchronous mode. We have added asynchronous processing capabilities to support long-running calibration tasks. In order to improve the resiliency, an isolated process performs the asynchronous operations such that even a fatal error does not disturb data taking. We have complemented the original loop-free HLT chain with ZeroMQ data-transfer components. The ZeroMQ components facilitate a feedback loop, that after a short delay inserts the calibration result created at the end of the chain back into tracking components at the beginning of the chain. On top of that, these components are used to ship QA histograms to the Data Quality Monitoring (DQM) and to obtain information of pressure and temperature sensors needed for calibration. All these new features are implemented in a general way, such that they have use-cases aside from online calibration. In order to gather sufficient statistics for the calibration, the asynchronous calibration component must process enough events per time interval. Since the calibration is only valid for a certain time period, the delay until the feedback loop provides updated calibration data must not be too long. A first full-scale test of the online calibration functionality was performed during the 2015 heavy-ion run under real conditions. We present a timing analysis of this first online-calibration test, which indicates that the HLT is capable of online TPC drift time calibration fast enough to calibrate the tracking via the feedback loop.",ieee,llm,1.000,unreviewed,,doi:10.1109/rtc.2016.7543097
discarded,Aspects of error resilience for block based video coders in multimedia communications,A.H. Sadka; F. Eryurtlu; A.M. Kondoz,1996,IEE Colloquium on the Future of Mobile Multimedia Communications (Digest No. 1996/248),10.1049/ic:19961331,https://ieeexplore.ieee.org/document/598517/,off-topic-false-hit,"There has been a gradually increasing need for using video in multimedia communication services. As there is a big tendency to move towards a third-generation universal telecommunication environment, the necessity to carry video information on mobile networks increases. Since mobile environments naturally impose a high level of hostility against carried intelligence, error resilience techniques must be formulated and applied on video coders to render their bit streams more immune to deteriorated channel conditions. The authors discuss bit rate variability in block based video coders, the effects of channel errors on an H.263 video bit stream, and error resilience improvement.",ieee,llm,1.000,unreviewed,,doi:10.1049/ic:19961331
discarded,Security-enhanced Key Distribution Based on Chaos Synchronization Between Dual Path-injected Semiconductor Lasers,Shiqin Liu; Ning Jiang; Yiqun Zhang; Jiafa Peng; Anke Zhao; Kun Qiu,2021,2021 International Conference on UK-China Emerging Technologies (UCET),10.1109/UCET54125.2021.9674962,https://ieeexplore.ieee.org/document/9674962/,off-topic-false-hit,"We propose and numerically demonstrate a novel secure key distribution scheme based on the chaos synchronization of two semiconductor lasers (SLs) subject to symmetrical double chaotic injections, which are outputted by two mutually-coupled semiconductor lasers. The results show that high quality chaos synchronization can be observed between two local SLs with suitable injection strength and identical injection time delays for Alice and Bob. On the basis of satisfactory chaos synchronization and a post-processing technology, identical secret keys for Alice and Bob are successfully generated with bit error ratio (BER) below the HD-FEC threshold of <tex>$3.8\times 10^{-3}$</tex>.",ieee,llm,1.000,unreviewed,,doi:10.1109/ucet54125.2021.9674962
discarded,"21.3 A Fully Integrated 2.7µW -70.2dBm-Sensitivity Wake-Up Receiver with Charge-Domain Analog Front-End, -16.5dB-SIR, FEC and Cryptographic Checksum",Kuo-Ken Huang; Jonathan K. Brown; Nicholas Collins; Richard K. Sawyer; Farah B. Yahya; Alice Wang; Nathan E. Roberts; Benton H. Calhoun; David D. Wentzloff,2021,2021 IEEE International Solid-State Circuits Conference (ISSCC),10.1109/ISSCC42613.2021.9365806,https://ieeexplore.ieee.org/document/9365806/,off-topic-false-hit,"Ultra-low-power (ULP) receivers are gaining traction in consumer and industrial IoT solutions as standards such as WiFi 802.11ba, BLE, and NB-IoT have adopted wakeup messages into their protocols to reduce synchronization energy overhead. ULP wakeup receivers (WRX) enable lower average power, lower latency, and precise time synchronization which leads to more dense network deployments [1–5]. This paper presents a $2.7\ \mu$W WRX that supports a simplified 802.15.4g MAC/PHY baseband, RSSI and clear channel assessment (CCA), forward error correction (FEC), and cryptographic checksum. The novelty of this WRX is the parallel-path rectifier and charge-domain analog front-end (AFE), which provides low power, wide dynamic range, pulsed interference rejection, and reliable operation across harsh environments and industrial wireless conditions in real-world deployments.",ieee,llm,1.000,unreviewed,,doi:10.1109/isscc42613.2021.9365806
discarded,Concurrent detection of control flow errors by hybrid signature monitoring,Yung-Yuan Chen,2005,IEEE Transactions on Computers,10.1109/TC.2005.158,https://ieeexplore.ieee.org/document/1501794/,off-topic-false-hit,"In this paper, we present a new concurrent error-detection scheme by hybrid signature to the online detection of program memory and control flow errors caused by transient and intermittent faults. The proposed hybrid signature-monitoring technique combines the vertical signature with the horizontal signature schemes. We first develop a new vertical signature based on linear additive code whose signature length could be easily adjusted. The attribute of adjustable length in vertical signature offers the feasibility to integrate the vertical signature, horizontal signature, and length of block into a single signature word. The horizontal signature mechanism can compensate for the coverage degradation due to the reduction of vertical signature length and significantly decrease the error-detection latency as well. The extensive block-based bit-error simulation and hardware-based simulated fault injection experiment are conducted to validate the effectiveness of the proposed technique: compared to the continuous signature monitoring (CSM) scheme, there are several notable enhancements accomplished in our work. One is the fault model used in our work is more realistic than the model employed in CSM. Another is the hardware-based experiments are performed so as to measure the design parameters more accurately. The final one is our scheme does not require being equipped with SEC-DED code in program memory in order to achieve the horizontal signatures if instruction bit correction is not an essential demand; as a result, our scheme is more flexible than CSM.",ieee,llm,0.990,unreviewed,,doi:10.1109/tc.2005.158
discarded,The design of naming features in App Inventor 2,Franklyn Turbak; David Wolber; Paul Medlock-Walton,2014,2014 IEEE Symposium on Visual Languages and Human-Centric Computing (VL/HCC),10.1109/VLHCC.2014.6883034,https://ieeexplore.ieee.org/document/6883034/,adjacent-subtopic,"Blocks languages, in which programs are constructed by connecting blocks resembling puzzle pieces, are increasingly used to introduce novices to programming. MIT App Inventor 2 has a blocks language for specifying the behavior of mobile apps. Its naming features (involving event and procedure parameters, global and local variables, and names for procedures, components, and component properties) were designed to address problems with names in other blocks languages, including its predecessor, MIT App Inventor Classic. We discuss the design of these features, and evaluate them with respect to cognitive dimensions and fundamental computer science naming concepts.",ieee,llm,0.780,unreviewed,,doi:10.1109/vlhcc.2014.6883034
discarded,Delay-tolerant equalization for OFDM and other block-based systems,Yonghong Zeng,2015,"2015 10th International Conference on Information, Communications and Signal Processing (ICICS)",10.1109/ICICS.2015.7459948,https://ieeexplore.ieee.org/document/7459948/,off-topic-false-hit,"Orthogonal frequency division multiplex (OFDM) and other block-based systems have been widely used in wireless and wired communications. To combat frequency selectivity of channel, such systems usually adds a cyclic prefix (CP) or zero-padding (ZP) into every block. In conventional equalization, the receiver discards the CP first and then implements the fast Fourier transform (FFT) and divides the output by the frequency domain channel. In practice the received signals usually has timing errors, which makes the conventional equalization unreliable. In this paper, we propose a new equalization method called ""delay-tolerant equalization"", which either discarding the CP or discarding the last Ng symbols of every block, where Ng is the length of the CP. Furthermore, practical ""tuning processes"" are proposed that use the existing preambles. Theoretic analysis and simulation show that the new method is much better than the conventional method when random time synchronization error exists.",ieee,llm,1.000,unreviewed,,doi:10.1109/icics.2015.7459948
discarded,Error concealment of still image and video streams with multi-directional recursive nonlinear filters,H.R. Rabiee; H. Radha; R.L. Kashyap,1996,Proceedings of 3rd IEEE International Conference on Image Processing,10.1109/ICIP.1996.560595,https://ieeexplore.ieee.org/document/560595/,off-topic-false-hit,"A novel approach for error concealment in block-based image and video coding systems over the ATM networks is presented. This new approach aims at reconstructing the lost pixels in the intra-coded frames by spatial interpolation of the nearest undamaged pixels with a recursive multi-directional nonlinear filtering scheme. The lost interframe information are also reconstructed by using robust nonlinear filtering of the adjacent and previous motion vector blocks. We assume that the important synchronization and header information of the compressed bit streams are packed into high priority ATM cells and an integral number of macroblocks are packed into normal cells for efficient transmission. Finally, simulation results are provided to illustrate the effectiveness of the proposed method.",ieee,llm,1.000,unreviewed,,doi:10.1109/icip.1996.560595
