status,title,authors,year,venue,doi,url,tags,abstract,provider,decision_source,llm_confidence,llm_review_outcome,llm_change_direction,paper_id
discarded,Toward a Reusable and Cost-effective Ground Control Software for Cubesat Missions,Ibtissam Latachi; Mahmoud Erradi; Tajjeeddine Rachidi; Mohammed Karim,2024,2024 International Symposium ELMAR,10.1109/ELMAR62909.2024.10694303,https://ieeexplore.ieee.org/document/10694303/,adjacent-subtopic,"Effective ground control processes – telecommand, telemetry, tracking, logging, data analysis and user-friendly visualization - are crucial for the success of a cubesat mission. Therefore, this paper introduces a hybrid design of ground control software for a university cubesat mission. It describes our approach to address limitations related to extensibility, user-friendliness, and ease of maintenance encountered with the C-based desktop application previously implemented for Masat-1, the first Moroccan initiative to develop a cubesat. The objective is to streamline these processes via a modular, reusable, and cost-efficient software solution while capitalizing on the strengths of the previous desktop application, the benefits of web technologies, and cost-effectiveness of open-source libraries and software tools. We are reusing the service-oriented architecture (SOA) and the client-server model as conceptual patterns, and we added a variant of the Model-View-Controller (MVC) to the list for separation of concerns and improved reusability. The front-end is developed using React, while Django powers the backend. We also integrated open-source libraries for user-friendly data visualization. Finally, the usage of Git and Docker will further enhance the development process, thus ensuring a reusable application suitable for the dynamic needs of eventual cubesat missions.",ieee,llm,0.800,unreviewed,,doi:10.1109/elmar62909.2024.10694303
kept,Reverse Engineering of Event Handlers of RAD-Based Applications,Óscar S´nchez Ramon; Jesus S´nchez Cuadrado; Jesus Garcia Molina,2011,2011 18th Working Conference on Reverse Engineering,10.1109/WCRE.2011.43,https://ieeexplore.ieee.org/document/6079854/,qualifies-claim; supports-claim,"Businesses are more and more modernising the legacy systems they developed with Rapid Application Development (RAD) environments, so that they can benefit from the new platforms and technologies. When facing the modernisation of applications developed with RAD environments, developers must deal with event handling code that typically mixes concerns such as GUI and business logic. In this paper we propose a model-based approach to tackle the reverse engineering of event handlers in RAD-based applications. Event handling code is transformed into an intermediate representation that captures the high-level behaviour of the code. From this representation, some modernisation tasks can be automated, and we propose the migration to a different architecture as an example. In particular, from PL/SQL code, a new Ajax application will be generated, where business logic, user interface and control code have been separated.",ieee,llm,0.960,unreviewed,,doi:10.1109/wcre.2011.43
kept,DEUCE : Separating Concerns in User Interfaces,Sofie Goderis; Dirk Deridder; Ellen Van Paesschen,2007,International Conference on Software Engineering Advances (ICSEA 2007),10.1109/ICSEA.2007.28,https://ieeexplore.ieee.org/document/4299932/,supports-claim,"As current software systems evolve continuously, both the application and its user interface (UI) have to be adapted. However, UI code is often scattered through and entangled with the application code. In large and complex UIs, this tangling renders the implementation complex and hard to maintain. The Deuce framework (Declarative User Interface Concerns Extrication) intends to reduce the complexity of UI implementations by applying separation of concerns on three UI concerns: presentation logic, business and data logic, and connection logic. It does so by using a declarative meta-language (SOUL) on top of an object oriented language (Smalltalk) such that an adequate language is provided to describe the entire structure and behavior of the UI, as well as linking it with the application.",ieee,llm,0.980,unreviewed,,doi:10.1109/icsea.2007.28
discarded,Model Driven Development of Business Applications - A Practitioner's Perspective,Vinay Kulkarni,2016,2016 IEEE/ACM 38th International Conference on Software Engineering Companion (ICSE-C),,https://ieeexplore.ieee.org/document/7883310/,adjacent-subtopic,"We discuss our experience in use of models and model-driven techniques for developing large business applications. Benefits accrued and limitations observed are highlighted. We describe possible means of overcoming some of the limitations and experience thereof. A case for shift in focus of model driven engineering (MDE) community in the context of large enterprises is argued. Though emerging from a specific context, we think, the takeaways from this experience may have a more general appeal for MDE practitioners, tool vendors and researchers.",ieee,llm,0.920,unreviewed,,hash:35ed14e663307bf4
discarded,"Efficient, Customizable and Edge-Based WebGIS System",Honglei He; Wenming Zhu,2020,IEEE Access,10.1109/ACCESS.2020.3007942,https://ieeexplore.ieee.org/document/9136926/,adjacent-subtopic,"Nowadays there is a wide range of applications for WebGIS which can add great value to modern economic, and building WebGIS system for specific scenarios is the common requirement of the industry. While currently separate WebGIS systems are deployed at different sites and operated by different owners, each of which has the whole set of functionalities of WebGIS, and thus introduce high cost of development and maintenance, which is a waste of resources as most of the functionalities are the same or similar. An edge computing based WebGIS architecture is proposed in the paper to meet the need of customization by applying the idea of SaaS. In this distributed architecture, the resource load is reasonably balanced between the server and the browser, which improves the overall performance of the system. Also it utilizes edge computing to reduce the pressure on the server by sharing map tiles among WebGIS clients. The proposed WebGIS system can not only be well customized and personalized as it is edge computing base, but also be well usable for large number of visits due to its distributed feature. The experiments show 5 concurrent requests per second, as well as response speed increases by more than 38.6% against traditional deployment.",ieee,llm,0.960,unreviewed,,doi:10.1109/access.2020.3007942
kept,A Web-Based Mashup Environment for On-the-Fly Service Composition,Qi Zhao; Gang Huang; Jiyu Huang; Xuanzhe Liu; Hong Mei,2008,2008 IEEE International Symposium on Service-Oriented System Engineering,10.1109/SOSE.2008.9,https://ieeexplore.ieee.org/document/4730459/,supports-claim,"The web-based service composition, e.g. mashup, is becoming a popular style to reuse web services. From the perspective of reuse, existing work has limitations on qualifying whether the service or the service composition satisfies user requirements and adapting the service or composition according to the qualification results. For addressing these limitations, this paper proposes an on-the-fly approach to web-based service composition. Firstly, we do not distinguish the design-time and run-time of services and their composition so that they can be qualified in a what you see is what you get manner when services are selected or assembled. Secondly, we propose a component model for separating the service business and user interface so that they can be changed dynamically and independently in the adaptation of service selection and composition. This approach is demonstrated by a browser-based mashup tool.",ieee,llm,0.850,unreviewed,,doi:10.1109/sose.2008.9
discarded,Design and implementation of protocol processing model based on responsibility chain and reflection mechanism,Xiangfei Gao; Feng Gao,2020,2020 7th International Conference on Dependable Systems and Their Applications (DSA),10.1109/DSA51864.2020.00035,https://ieeexplore.ieee.org/document/9331200/,off-topic-false-hit,"Aiming at the low code reuse rate and complex maintenance of traditional interface protocol processing models, this paper designs a general interface protocol processing model that combines the design pattern of responsibility chain, reflection mechanism, and template method. The interface data is analyzed and encapsulated, and the protocol structure is decoupled from the protocol data processing. The improved model can be applied to software projects with multiple data communication functions, which improves the code reuse rate and efficiency, and reduces the project maintenance cost.",ieee,llm,0.980,unreviewed,,doi:10.1109/dsa51864.2020.00035
kept,A rule-based approach to Web-based application development,T. Tammet; H.-M. Haav; V. Kadarpik; M. Kaaramees,2006,2006 7th International Baltic Conference on Databases and Information Systems,10.1109/DBIS.2006.1678497,https://ieeexplore.ieee.org/document/1678497/,supports-claim,"Common design patterns in application development mix implementation of business logic with application logic, user interface logic, or with data access logic. This leads to results that business logic is not well maintainable and reusable, the application code should be reimplemented each time the business logic has changed or the same business logic should be reimplemented for each application. This paper presents a new rule-based approach to Web-based IS development making possible separating the business logic from interface or application logic when creating complex Web-based software applications. The technology consists of 2 main parts: the application server Xstone for creating 3-layered systems and the RqlGandalf rule solver. The middleware server Xstone connects to Oracle, PostgreSQL databases and the Rql rule system. The Rql rule system is targeted for defining and using business logic rules. The Rql rule system is able to read data from a SQL database: it can call the application server and import/convert SQL-given data into its own knowledge base. The presented rule-based system development technology is implemented for the Linux platform as open source software.",ieee,llm,0.960,unreviewed,,doi:10.1109/dbis.2006.1678497
kept,A Graph Configuration Method Based on UI Service Composition,Youyu Chen; Yang Zhang; Junliang Chen,2011,2011 Seventh International Conference on Mobile Ad-hoc and Sensor Networks,10.1109/MSN.2011.61,https://ieeexplore.ieee.org/document/6117435/,supports-claim,"Traditional graph configuration software builds monitor screen by integrating user interface components in a block-building way. It is domain-specific, such as a graph configuration system for coal mine. And usually the control logic (also called business) of a graph configuration system for coal mine is not suitable for electricity, yet its user interface and control logic (also called business) are coupled together. In order to solve these problems this paper proposes a UI service composition method based on SCA (Service Component Architecture) and DTS (Domain, Task and Show) models. SCA is going to decouple business from user interface, while DTS is going to model user interface thinking about its reuse. Through experiments, we can see that this system not only can significantly reduce the cost of UI development by DTS, but also provide efficient support for users to participate in business processes.",ieee,llm,0.950,unreviewed,,doi:10.1109/msn.2011.61
kept,The Research of PHP Development Framework Based on MVC Pattern,Wei Cui; Lin Huang; LiJing Liang; Jing Li,2009,2009 Fourth International Conference on Computer Sciences and Convergence Information Technology,10.1109/ICCIT.2009.130,https://ieeexplore.ieee.org/document/5369976/,supports-claim,"PHP is one of the leading Web development languages, however, the development model of existing PHP organizes without a structure, which mixes the code of data access, the processing of business logic , and Web presentation layer together, as a relult, it brought about many problems in the Web applications , meanwhile, it could not meet the rapid development of Web apply any more. In this paper, a implementation of PHP based on MVC design patterns - FDF framework was provided for PHP developers, which can offer a framework for Web applications, separate the data, view and control of Web applications, afford to achieve loose coupling, thereby enhanced the efficiency, reliability, maintainability and scalability of application development.",ieee,llm,0.960,unreviewed,,doi:10.1109/iccit.2009.130
discarded,Joining the Dots: Efficient Joins Over Parent-Child Ordered Postings Lists,Karthikeyan Ramasamy; Yupeng Fu; Jinny Jingyu Wang; Philip Chan; Tejas Naik; George Zhai; Shubham Gupta; Saurabh Kathpalia; Noah Schlager; Kamyar Arbabifard; Sandhya Sainath; Kunal Veera; Vivek Muniyandi; Nimish Sheth; Yiyu Pan; Tao Gui; Frank Zhang; Kaustubh Butte; Monika Agarwal; Aparajita Pandey,2025,2025 IEEE International Conference on Big Data (BigData),10.1109/BigData66926.2025.11401496,https://ieeexplore.ieee.org/document/11401496/,off-topic-false-hit,"The inverted index, a fundamental data structure in search engines, is inherently optimized for flat document representations and falls short when dealing with hierarchical or relational data. However, many real-world applications-such as e-commerce (products and variants), online food delivery (restaurants and menu items), and streaming platforms (movies and episodes, or albums and songs) -frequently involve entities with parent-child relationships. A common approach is to denormalize relational entities at the application layer by copying parent attributes into child documents. While this method works for small-scale or low-cardinality scenarios, it becomes inefficient when parent entities have many children. In such cases, any update to a parent must be propagated to all its associated children, resulting in increased index size, slower ingestion, and higher serving cost. This paper examines existing techniques for managing hierarchical entities in inverted index-based systems and highlights their limitations. We propose a novel approach to support joins over parent-child relationships by enforcing a specific index layout in which child documents are collocated immediately after their parent, enabling efficient single-pass retrieval of all child documents corresponding to matching parents. Preserving this layout under continuous realtime updates requires periodic sort-and-merge operations, which are computationally expensive. To mitigate this, we adopt a read/write separation model that isolates indexing overhead from query execution. Finally, we describe how this design was scaled and deployed in production at Uber to support high-throughput real-time updates and latency-sensitive query workloads.",ieee,llm,0.990,unreviewed,,doi:10.1109/bigdata66926.2025.11401496
kept,[Poster] View management for webized mobile AR contents,Jungbin Kim; Joohyun Lee; Byounghyun Yoo; Sangchul Ahn; Heedong Ko,2014,2014 IEEE International Symposium on Mixed and Augmented Reality (ISMAR),10.1109/ISMAR.2014.6948445,https://ieeexplore.ieee.org/document/6948445/,supports-claim,"Information presentation techniques are important in augmented reality applications as they are in the traditional desktop user interface (WIMP) and web user interface [6]. This paper introduces view management for a web-based augmented reality mobile platform. We use a webized mobile AR browser called Insight that provides separation of the application logic, including the tracking engine and AR content, so that the view management logic and contents are easy to reuse. In addition, the view management is able to accommodate in-situ context of an AR application.",ieee,llm,0.730,unreviewed,,doi:10.1109/ismar.2014.6948445
kept,The Research of Web Application Framework Based on SSH,Fang Liu; Hongxia Guo; Bo Fu,2008,2008 International Seminar on Business and Information Management,10.1109/ISBIM.2008.209,https://ieeexplore.ieee.org/document/5116448/,supports-claim,"Based on the three popular open sources as Struts, Spring and Hibernate (SSH), an integrated framework for e-human resource (E-HR) is proposed in this paper as an effective web application framework. E-HR is generally regarded as a complicated enterprise information system and the proper application framework is supposed to improve the system expansibility and the enterprise competitiveness as well. The presented framework derives from model-driven approach with high usage of code generation tools and application layout templates. It not only separates the presentation layer, business layer and data persistence layer, but also provides a convenient platform for software reuse. Furthermore, it allows for speeding-up development of Web applications. By comprehensively analyzing the distinct characteristics of the framework such as scalability, maintainability and less coupling complexity, the specific application of the framework in the file management module of the E-HR system is carried out to further shows the advantages of SSH in software development efficiency.",ieee,llm,0.910,unreviewed,,doi:10.1109/isbim.2008.209
kept,An On-the-Fly Approach to Web-Based Service Composition,Qi Zhao; Gang Huang; Jiyu Huang; Xuanzhe Liu; Hong Mei; Ying Li; Ying Chen,2008,2008 IEEE Congress on Services Part II (services-2 2008),10.1109/SERVICES-2.2008.22,https://ieeexplore.ieee.org/document/4700521/,supports-claim,"The web-based service composition, e.g. mashup, is becoming a popular style to reuse Web services. From the perspective of reuse, existing work has limitations on qualifying whether the service or the service composition satisfies user requirements and adapting the service or composition according to the qualification results. For addressing these limitations, this paper proposes an on-the-fly approach to web-based service composition. Firstly, we do not distinguish the design-time and run-time of services and their composition so that they can be qualified in a what you see is what you get manner when services are selected or assembled. Secondly, we propose a component model for separating the service business and user interface so that they can be changed dynamically and independently in the adaptation of service selection and composition. This approach is demonstrated by a browser-based mashup tool.",ieee,llm,0.850,unreviewed,,doi:10.1109/services-2.2008.22
discarded,IoT-Aware Waste Management System Based on Cloud Services and Ultra-Low-Power RFID Sensor-Tags,Luca Catarinucci; Riccardo Colella; Stefano Irno Consalvo; Luigi Patrono; Claudia Rollo; Ilaria Sergi,2020,IEEE Sensors Journal,10.1109/JSEN.2020.3010675,https://ieeexplore.ieee.org/document/9144506/,off-topic-false-hit,"Waste management is a challenge for modern cities as it impacts on environmental sustainability and on the level of quality perceived by citizens. In the last few years, several progresses have been made in this direction with the introduction in the city of door-to-door separate waste collection. A key element for the success of such actions is to achieve excellent cooperation from citizens. The Digital Transformation process in this sector will require time other than a careful management of the data associated with the waste collection processes. At this regard, the progress of hardware and software technologies enabling the Internet of Things (IoT) will contribute significantly to accelerate the whole process. Among these innovative solutions, the use of RFID tags with augmented capabilities and cloud-based software architectures capable of properly managing collected data will be crucial to obtain an intelligent and efficient waste management system. In this paper, an innovative system capable of capturing and processing data relating to the door-to-door separate waste collection in the context of future smart cities is presented. In particular, the system includes an innovative RFID sensor-tag equipped with low-cost weight sensors and a Cloud software system capable of managing the collected data and satisfying the various stakeholders' expectations. First results on both functional and performance validation of the overall system are shown.",ieee,llm,0.990,unreviewed,,doi:10.1109/jsen.2020.3010675
