status,title,authors,year,venue,doi,url,tags,abstract,provider,decision_source,llm_confidence,llm_review_outcome,llm_change_direction,paper_id
discarded,Denotational Validation of Higher-Order Bayesian Inference,"Scibior, Adam; Kammar, Ohad; Vakar, Matthijs; Staton, Sam; Yang, Hongseok; Cai, Yufei; Ostermann, Klaus; Moss, Sean K.; Heunen, Chris; Ghahramani, Zoubin",2018,PROCEEDINGS OF THE ACM ON PROGRAMMING LANGUAGES-PACMPL,10.1145/3158148,https://www.webofscience.com/wos/woscc/full-record/WOS:000688016900060,adjacent-subtopic,"We present a modular semantic account of Bayesian inference algorithms for probabilistic programming languages, as used in data science and machine learning. Sophisticated inference algorithms are often explained in terms of composition of smaller parts. However, neither their theoretical justification nor their implementation reflects this modularity. We show how to conceptualise and analyse such inference algorithms as manipulating intermediate representations of probabilistic programs using higher-order functions and inductive types, and their denotational semantics.

Semantic accounts of continuous distributions use measurable spaces. However, our use of higher-order functions presents a substantial technical difficulty: it is impossible to define a measurable space structure over the collection of measurable functions between arbitrary measurable spaces that is compatible with standard operations on those functions, such as function application. We overcome this difficulty using quasiBorel spaces, a recently proposed mathematical structure that supports both function spaces and continuous distributions.

We define a class of semantic structures for representing probabilistic programs, and semantic validity criteria for transformations of these representations in terms of distribution preservation. We develop a collection of building blocks for composing representations. We use these building blocks to validate common inference algorithms such as Sequential Monte Carlo and Markov Chain Monte Carlo. To emphasize the connection between the semantic manipulation and its traditional measure theoretic origins, we use Kock's synthetic measure theory. We demonstrate its usefulness by proving a quasi-Borel counterpart to the MetropolisHastings-Green theorem.",wos,llm,0.980,unreviewed,,doi:10.1145/3158148
discarded,Reconciling the Past and the Present: An Empirical Study on the Application of Source Code Transformations to Automatically Rejuvenate Java Programs,"Dantas, Reno; Carvalho Junior, Antonio; Marcilio, Diego; Fantin, Luisa; Silva, Uriel; Lucas, Walter; Bonifacio, Rodrigo",2018,"2018 25TH IEEE INTERNATIONAL CONFERENCE ON SOFTWARE ANALYSIS, EVOLUTION AND REENGINEERING (SANER 2018)",,https://www.webofscience.com/wos/woscc/full-record/WOS:000568030200059,adjacent-subtopic,"Software systems change frequently over time, either due to new business requirements or technology pressures. Programming languages evolve in a similar constant fashion, though when a language release introduces new programming constructs, older constructs and idioms might become obsolete. The coexistence between newer and older constructs leads to several problems, such as increased maintenance efforts and steeper learning curve for developers. In this paper we present a RASCAL Java transformation library that evolves legacy systems to use more recent programming language constructs (such as multi-catch and lambda expressions). In order to understand how relevant automatic software rejuvenation is, we submitted 2462 transformations to 40 open source projects via the GitHub pull request mechanism. Initial results show that simple transformations, for instance the introduction of the diamond operator, are more likely to be accepted than transformations that change the code substantially, such as refactoring enhanced for loops to the newer functional style.",wos,llm,0.970,unreviewed,,hash:dc5deac37d539c7e
kept,An Empirical Study on the Impact of C plus plus Lambdas and Programmer Experience,"Uesbeck, Phillip Merlin; Stefik, Andreas; Hanenberg, Stefan; Pedersen, Jan; Daleiden, Patrick",2016,2016 IEEE/ACM 38TH INTERNATIONAL CONFERENCE ON SOFTWARE ENGINEERING (ICSE),10.1145/2884781.2884849,https://www.webofscience.com/wos/woscc/full-record/WOS:000406138600065,supports-claim; attach-vs-call,"Lambdas have seen increasing use in mainstream programming languages, notably in Java 8 and C++ 11. While the technical aspects of lambdas are known, we conducted the first randomized controlled trial on the human factors impact of C++ 11 lambdas compared to iterators. Because there has been recent debate on having students or professionals in experiments, we recruited undergraduates across the academic pipeline and professional programmers to evaluate these findings in a broader context.

Results afford some doubt that lambdas benefit developers and show evidence that students are negatively impacted in regard to how quickly they can write correct programs to a test specification and whether they can complete a task. Analysis from log data shows that participants spent more time with compiler errors, and have more errors, when using lambdas as compared to iterators, suggesting difficulty with the syntax chosen for C++. Finally, experienced users were more likely to complete tasks, with or without lambdas, and could do so more quickly, with experience as a factor explaining 45.7% of the variance in our sample in regard to completion time.",wos,llm_reviewed,0.980,confirmed,,doi:10.1145/2884781.2884849
discarded,The Role of Conditional Independence in the Evolution of Intelligent Systems,"Schossau, Jory; Albantakis, Larissa; Hintze, Arend",2017,PROCEEDINGS OF THE 2017 GENETIC AND EVOLUTIONARY COMPUTATION CONFERENCE COMPANION (GECCO'17 COMPANION),10.1145/3067695.3076033,https://www.webofscience.com/wos/woscc/full-record/WOS:000625865500070,off-topic-false-hit,"Systems are typically made from simple components regardless of their complexity. While the function of each part is easily understood, higher order functions are emergent properties and are notoriously difficult to explain. In networked systems, both digital and biological, each component receives inputs, performs a simple computation, and creates an output. When these components have multiple outputs, we intuitively assume that the outputs are causally dependent on the inputs but are themselves independent of each other given the state of their shared input [11]. However, this intuition can be violated for components with probabilistic logic, as these typically cannot be decomposed into separate logic gates with one output each. This violation of conditional independence on the past system state is equivalent to instantaneous interaction - the idea is that some information between the outputs is not coming from the inputs and thus must have been created instantaneously. Here we compare evolved artificial neural systems with and without instantaneous interaction across several task environments. We show that systems without instantaneous interactions evolve faster, to higher final levels of performance, and require fewer logic components to create a densely connected cognitive machinery.",wos,llm,0.990,unreviewed,,doi:10.1145/3067695.3076033
discarded,Digital Image Processing Teaching Auxiliary System Based on MATLAB Graphical User Interface,"Du, Yunming; Gai, Lina; Tian, Jing; Liu, Wenke",2015,2015 7TH INTERNATIONAL CONFERENCE ON INFORMATION TECHNOLOGY IN MEDICINE AND EDUCATION (ITME),10.1109/ITME.2015.67,https://www.webofscience.com/wos/woscc/full-record/WOS:000380403800100,adjacent-subtopic,"The purpose of this study is to design and develop an interactive dynamic simulation platform for digital image processing teaching. This platform is constructed and implemented by the hierarchical design. The user interfaces of platform are build by the graphical user interface controls of MATLAB and user operations are responded by writing callback functions. The abstract teaching contents and processing procedure are interpreted by image comparison and animation demonstration. On the platform, users can realize the learning and understanding of knowledge through interactions with operation interface. Moreover, utilizing the secondary development function of platform, students can consolidate and expand their study and application. The practice shows that the simulation platform, as a supplementary teaching method, can enhance students' interest and perceptual cognition and effectively improve the teaching and learning effect in the classroom.",wos,llm,0.960,unreviewed,,doi:10.1109/itme.2015.67
discarded,Cerebellar pilocytic astrocytoma in a patient with autism spectrum disorder and psychotic symptoms: a case report,K. Itami,2026,BMC Psychiatry,10.1186/s12888-025-07706-2,https://www.scopus.com/inward/record.uri?partnerID=HzOxMe3b&scp=105028711010&origin=inward,off-topic-false-hit,,scopus,llm,0.990,unreviewed,,doi:10.1186/s12888-025-07706-2
discarded,The critical role of microglia in the stress response,K. Chen,2026,Neuroscience and Biobehavioral Reviews,10.1016/j.neubiorev.2026.106894,https://www.scopus.com/inward/record.uri?partnerID=HzOxMe3b&scp=105046199473&origin=inward,off-topic-false-hit,,scopus,llm,0.990,unreviewed,,doi:10.1016/j.neubiorev.2026.106894
discarded,Adaptive Optimizer-Enhanced Variational Quantum Classifier Using ZZFeatureMap and TwoLocal Ansatz for Non-Linear Binary Classification,D. Rajalakshmi,2026,International Research Journal of Multidisciplinary Technovation,10.54392/irjmt26418,https://www.scopus.com/inward/record.uri?partnerID=HzOxMe3b&scp=105046399585&origin=inward,off-topic-false-hit,,scopus,llm,0.990,unreviewed,,doi:10.54392/irjmt26418
discarded,Traumatic Brain Injury-Induced White Matter Disruption and Its Impact on Information Processing Speed—Theoretical and Clinical Implications: A Selective Review,B. Lambez,2026,Journal of Clinical Medicine,10.3390/jcm15114020,https://www.scopus.com/inward/record.uri?partnerID=HzOxMe3b&scp=105041431498&origin=inward,off-topic-false-hit,,scopus,llm,0.990,unreviewed,,doi:10.3390/jcm15114020
discarded,Creating a Digital Twin RL DAA Model to Drone Flight Framework,M. Ullrich,2026,Integrated Communications Navigation and Surveillance Conference Icns,10.1109/ICNS69853.2026.11570433,https://www.scopus.com/inward/record.uri?partnerID=HzOxMe3b&scp=105043620397&origin=inward,off-topic-false-hit,,scopus,llm,0.980,unreviewed,,doi:10.1109/icns69853.2026.11570433
discarded,Enhanced skin cancer classification using modified efficientNetV2L with adaptive early stopping mechanism,C. Venkatachalam,2025,Scientific Reports,10.1038/s41598-025-22228-3,https://www.scopus.com/inward/record.uri?partnerID=HzOxMe3b&scp=105020725006&origin=inward,off-topic-false-hit,,scopus,llm,1.000,unreviewed,,doi:10.1038/s41598-025-22228-3
discarded,Investigating the neuronal role of the proteasomal ATPase subunit gene PSMC5 in neurodevelopmental proteasomopathies,S. Küry,2025,Nature Communications,10.1038/s41467-025-65556-8,https://www.scopus.com/inward/record.uri?partnerID=HzOxMe3b&scp=105023217892&origin=inward,off-topic-false-hit,,scopus,llm,1.000,unreviewed,,doi:10.1038/s41467-025-65556-8
discarded,Teaching Introductory Functional Programming Using Haskelite,P. Vasconcelos,2025,Electronic Proceedings in Theoretical Computer Science Eptcs,10.4204/EPTCS.424.3,https://www.scopus.com/inward/record.uri?partnerID=HzOxMe3b&scp=105013082103&origin=inward,"qualifies-claim; adjacent-subtopic; tool or course description, no finding on learning event-driven programming or functions as values",,scopus,llm_reviewed,0.740,changed,kept->discarded,doi:10.4204/eptcs.424.3
kept,"Map, Filter, and Conquer: A Visual Tool for Learning Higher-Order Functions",S. Renggli,2025,Annual Conference on Innovation and Technology in Computer Science Education Iticse,10.1145/3724363.3729111,https://www.scopus.com/inward/record.uri?partnerID=HzOxMe3b&scp=105010621956&origin=inward,supports-claim,,scopus,llm,0.930,unreviewed,,doi:10.1145/3724363.3729111
discarded,An Interactive Lambda Calculus Interpreter and Visualization Tool,B. Abeysinghe,2025,Communications in Computer and Information Science,10.1007/978-3-031-84391-4_9,https://www.scopus.com/inward/record.uri?partnerID=HzOxMe3b&scp=105001280168&origin=inward,"supports-claim; adjacent-subtopic; tool or course description, no finding on learning event-driven programming or functions as values",,scopus,llm_reviewed,0.780,changed,kept->discarded,doi:10.1007/978-3-031-84391-4_9
discarded,A Study on the Development of Data Literacy Content Framework for Elementary School Students,H. Moon,2025,International Journal on Informatics Visualization,10.62527/joiv.9.4.4385,https://www.scopus.com/inward/record.uri?partnerID=HzOxMe3b&scp=105015386936&origin=inward,adjacent-subtopic,,scopus,llm,0.970,unreviewed,,doi:10.62527/joiv.9.4.4385
discarded,ACTING HEIGHTENED TEXT: THE BASICS,C. Weidner,2025,Acting Heightened Text the Basics,10.4324/9781032695310,https://www.scopus.com/inward/record.uri?partnerID=HzOxMe3b&scp=105022575735&origin=inward,off-topic-false-hit,,scopus,llm,1.000,unreviewed,,doi:10.4324/9781032695310
discarded,Facial Emotion Detection in Autistic Children: A Deep Learning Approach,D. Madhusoodanan,2025,2nd International Conference on Electronics Computing Communication and Control Technology Iceccc 2025,10.1109/ICECCC65144.2025.11063965,https://www.scopus.com/inward/record.uri?partnerID=HzOxMe3b&scp=105012020831&origin=inward,off-topic-false-hit,,scopus,llm,1.000,unreviewed,,doi:10.1109/iceccc65144.2025.11063965
discarded,Cognitive neuroscience and miniature brains—Dissecting higher-order learning in the brain of honey bees,M. Giurfa,2025,Comptes Rendus Biologies,10.5802/crbiol.187,https://www.scopus.com/inward/record.uri?partnerID=HzOxMe3b&scp=105018893072&origin=inward,off-topic-false-hit,,scopus,llm,1.000,unreviewed,,doi:10.5802/crbiol.187
discarded,A Novel Approach Deep Learning Framework for Automatic Detection of Diseases in Retinal Fundus Images,K. Anvesh,2025,CMES Computer Modeling in Engineering and Sciences,10.32604/cmes.2025.063239,https://www.scopus.com/inward/record.uri?partnerID=HzOxMe3b&scp=105007945731&origin=inward,off-topic-false-hit,,scopus,llm,1.000,unreviewed,,doi:10.32604/cmes.2025.063239
discarded,Learning from Mistakes: Understanding Ad-hoc Logs through Analyzing Accidental Commits,Y.H. Chou,2025,Proceedings 2025 IEEE ACM 22nd International Conference on Mining Software Repositories MSR 2025,10.1109/MSR66628.2025.00017,https://www.scopus.com/inward/record.uri?partnerID=HzOxMe3b&scp=105009058503&origin=inward,adjacent-subtopic,,scopus,llm,0.980,unreviewed,,doi:10.1109/msr66628.2025.00017
kept,Identifying and Correcting Programming Language Behavior Misconceptions,K.C. Lu,2024,Proceedings of the ACM on Programming Languages,10.1145/3649823,https://www.scopus.com/inward/record.uri?partnerID=HzOxMe3b&scp=85195777168&origin=inward,adjacent-subtopic; supports-claim; attach-vs-call,,scopus,llm_reviewed,0.670,changed,discarded->kept,doi:10.1145/3649823
discarded,Dual task impact on functional mobility and interaction of functional level and balance in patients with Duchenne muscular dystrophy,D. Savas-Kalender,2024,Gait and Posture,10.1016/j.gaitpost.2023.12.010,https://www.scopus.com/inward/record.uri?partnerID=HzOxMe3b&scp=85182436755&origin=inward,off-topic-false-hit,,scopus,llm,1.000,unreviewed,,doi:10.1016/j.gaitpost.2023.12.010
discarded,An Integrated Approach for Improved Mammography Image Classification Using EfficientNet and Attention Mechanism,Y. Long,2024,Proceedings 2024 IEEE International Conference on Medical Artificial Intelligence Medai 2024,10.1109/MedAI62885.2024.00022,https://www.scopus.com/inward/record.uri?partnerID=HzOxMe3b&scp=85216653040&origin=inward,off-topic-false-hit,,scopus,llm,1.000,unreviewed,,doi:10.1109/medai62885.2024.00022
discarded,Animal studies related with the corpus callosum,E. Gümüş,2023,Corpus Callosum Embryology Neuroanatomy Neurophysiology Neuropathology and Surgery,10.1007/978-3-031-38114-0_7,https://www.scopus.com/inward/record.uri?partnerID=HzOxMe3b&scp=85194308717&origin=inward,off-topic-false-hit,,scopus,llm,1.000,unreviewed,,doi:10.1007/978-3-031-38114-0_7
discarded,Hybrid CNN-LSTM Transfer Learning for Dengue Diagnosis from Raman Spectroscopy Images,S. Ahmmed,2023,5th IEEE International Conference on Telecommunications and Photonics Ictp 2023 E Proceedings,10.1109/ICTP60248.2023.10490800,https://www.scopus.com/inward/record.uri?partnerID=HzOxMe3b&scp=85191440770&origin=inward,off-topic-false-hit,,scopus,llm,1.000,unreviewed,,doi:10.1109/ictp60248.2023.10490800
discarded,Visualizing Environments of Modern Scripting Languages,K. Cai,2023,International Conference on Computer Supported Education Csedu Proceedings,10.5220/0011766700003470,https://www.scopus.com/inward/record.uri?partnerID=HzOxMe3b&scp=85160861296&origin=inward,adjacent-subtopic,,scopus,llm,0.700,unreviewed,,doi:10.5220/0011766700003470
discarded,Brain-computer interface—Brain information reading and activity control,W. Xu,2023,Kexue Tongbao Chinese Science Bulletin,10.1360/TB-2022-0338,https://www.scopus.com/inward/record.uri?partnerID=HzOxMe3b&scp=85151061247&origin=inward,off-topic-false-hit,,scopus,llm,1.000,unreviewed,,doi:10.1360/tb-2022-0338
kept,Plan Composition Using Higher-Order Functions,E. Rivera,2022,Icer 2022 Proceedings of the 2022 ACM Conference on International Computing Education Research,10.1145/3501385.3543965,https://www.scopus.com/inward/record.uri?partnerID=HzOxMe3b&scp=85137095054&origin=inward,supports-claim; qualifies-claim; hof,,scopus,llm_reviewed,0.910,confirmed,,doi:10.1145/3501385.3543965
discarded,Dynamic Polymorphism without Inheritance: Implications for Education,I. Donchev,2022,International Journal of Advanced Computer Science and Applications,10.14569/IJACSA.2022.0131075,https://www.scopus.com/inward/record.uri?partnerID=HzOxMe3b&scp=85141772526&origin=inward,adjacent-subtopic,,scopus,llm,0.940,unreviewed,,doi:10.14569/ijacsa.2022.0131075
discarded,An Approach of Holographic Technology for the Practical Distance Education,C.F. Hsiao,2022,Lecture Notes in Computer Science Including Subseries Lecture Notes in Artificial Intelligence and Lecture Notes in Bioinformatics,10.1007/978-3-031-05675-8_6,https://www.scopus.com/inward/record.uri?partnerID=HzOxMe3b&scp=85133156691&origin=inward,off-topic-false-hit,,scopus,llm,0.980,unreviewed,,doi:10.1007/978-3-031-05675-8_6
discarded,DeepLocalize: Fault localization for deep neural networks,M. Wardat,2021,Proceedings International Conference on Software Engineering,10.1109/ICSE43902.2021.00034,https://www.scopus.com/inward/record.uri?partnerID=HzOxMe3b&scp=85112675039&origin=inward,off-topic-false-hit,,scopus,llm,0.980,unreviewed,,doi:10.1109/icse43902.2021.00034
kept,Developing Behavioral Concepts of Higher-Order Functions,S. Krishnamurthi,2021,Icer 2021 Proceedings of the 17th ACM Conference on International Computing Education Research,10.1145/3446871.3469739,https://www.scopus.com/inward/record.uri?partnerID=HzOxMe3b&scp=85113629834&origin=inward,supports-claim; qualifies-claim; hof,,scopus,llm_reviewed,0.980,confirmed,,doi:10.1145/3446871.3469739
discarded,"Pointers in C Programming: A Modern Approach to Memory Management, Recursive Data Structures, Strings, and Arrays",T. Mailund,2021,Pointers in C Programming A Modern Approach to Memory Management Recursive Data Structures Strings and Arrays,10.1007/978-1-4842-6927-5,https://www.scopus.com/inward/record.uri?partnerID=HzOxMe3b&scp=85159962305&origin=inward,adjacent-subtopic,,scopus,llm,0.990,unreviewed,,doi:10.1007/978-1-4842-6927-5
discarded,A Survey Protocol to Assess Meaningfulness and Usefulness of Automated Topic Finding in the NASA Aviation Safety Reporting System,C. Paradis,2021,AIAA Aviation and Aeronautics Forum and Exposition AIAA Aviation Forum 2021,10.2514/6.2021-2404,https://www.scopus.com/inward/record.uri?partnerID=HzOxMe3b&scp=85126797933&origin=inward,off-topic-false-hit,,scopus,llm,0.990,unreviewed,,doi:10.2514/6.2021-2404
discarded,Embodied working memory during ongoing input streams,N. Berberian,2021,Plos One,10.1371/journal.pone.0244822,https://www.scopus.com/inward/record.uri?partnerID=HzOxMe3b&scp=85099412946&origin=inward,off-topic-false-hit,,scopus,llm,1.000,unreviewed,,doi:10.1371/journal.pone.0244822
discarded,OCP Oracle Certified Professional Java SE 11 Developer Practice Tests: Exam 1Z0-819 and Upgrade Exam 1Z0-817,S. Selikoff,2021,OCP Oracle Certified Professional Java Se 11 Developer Practice Tests Exam 1z0 819 and Upgrade Exam 1z0 817,,https://www.scopus.com/inward/record.uri?partnerID=HzOxMe3b&scp=85173799583&origin=inward,adjacent-subtopic,,scopus,llm,0.990,unreviewed,,hash:25b45629503ddcc7
