status,title,authors,year,venue,doi,url,tags,abstract,provider,decision_source,llm_confidence,llm_review_outcome,llm_change_direction,paper_id
discarded,Effective Verifiable Index Structure for High Contention Workload,Sima Sheng,2023,2023 4th International Conference on Computer Engineering and Application (ICCEA),10.1109/ICCEA58433.2023.10135381,https://ieeexplore.ieee.org/document/10135381/,off-topic-false-hit,"Cloud storage systems have become a common data storage scheme. The most immediate problem is that the cloud service provider is not trusted, so certain measures must be taken to ensure the reliability of the data. In addition, when the system is in a highly concurrent scenario, the verification may affect the performance due to read/write conflicts, so this paper proposes a verifiable index structure Merkle Parallel Tree in the high-concurrency scenario, which solves the problem of read/write conflicts, effectively improves system performance, and supports query verification of historical versions of data.",ieee,llm,1.000,unreviewed,,doi:10.1109/iccea58433.2023.10135381
discarded,Event-related Potential Measures of Visual Word Processing in Monolingual and Bilingual Children and Adults: A Focus on Word Frequency Effects,Alexander W. D. McArthur; Veronica Whitford; Marc F. Joanisse,2024,Journal of Cognitive Neuroscience,10.1162/jocn_a_02190,https://ieeexplore.ieee.org/document/10568555/,off-topic-false-hit,"How does language background influence the neural correlates of visual word recognition in children? To address this question, we used an ERP lexical decision task to examine first-language (L1) and second-language (L2) visual word processing in monolingual and bilingual school-aged children and young adults (n = 123). In particular, we focused on the effects of word frequency (an index of lexical accessibility) on RTs and the N400 ERP component. Behaviorally, we found larger L1 versus L2 word frequency effects among bilingual children, driven by faster and more accurate responses to higher-frequency words (no other language or age group differences were observed). Neurophysiologically, we found larger L1 word frequency effects in bilinguals versus monolinguals (across both age groups), reflected in more negative ERP amplitudes to lower-frequency words. However, the bilingual groups processed L1 and L2 words similarly, despite lower levels of subjective and objective L2 proficiency. Taken together, our findings suggest that divided L1 experience (but not L2 experience) influences the neural correlates of visual word recognition across childhood and adulthood.",ieee,llm,1.000,unreviewed,,doi:10.1162/jocn_a_02190
discarded,Oxygen saturation in children with and without obstructive sleep apnea using the phone-oximeter,Ainara Garde; Walter Karlen; Parastoo Dehkordi; David Wensley; J. Mark Ansermino; Guy A. Dumont,2013,2013 35th Annual International Conference of the IEEE Engineering in Medicine and Biology Society (EMBC),10.1109/EMBC.2013.6610055,https://ieeexplore.ieee.org/document/6610055/,off-topic-false-hit,"Obstructive sleep apnea (OSA) in children can lead to daytime sleepiness, growth failure and developmental delay. Polysomnography (PSG), the gold standard to diagnose OSA is highly resource intensive and is confined to the sleep laboratory. In this study we propose to identify children with OSA using blood oxygen saturation (SpO2) obtained from the Phone Oximeter. This portable, in-home device is able to monitor patients over multiple nights, causes less sleep disturbance and facilitates a more natural sleep pattern. The proposed algorithm analyzes the SpO2 signal in the time and frequency domain using a 90-s sliding window. Three spectral parameters are calculated from the power spectral density (PSD) to evaluate the modulation in the SpO2 due to the oxyhemoblobin desaturations. The power P, slope S in the discriminant band (DB), and ratio R between P and total power are calculated for each window. Tendency and variability indices, number of SpO2 desaturations and time spent under 2% or 3% of baseline saturation level are computed for each time window. The statistical distribution of the temporal evolution of all parameters is analyzed to identify 68 children, 30 with OSA and 38 without OSA (nonOSA). This characterization was evaluated by a feature selection based on a linear discriminant. The combination of temporal and spectral parameters provided the best leave one out crossvalidation results with an accuracy of 86.8%, a sensitivity of 80.0%, and a specificity of 92.1% using only 5 parameters. The median of R, mean of P and S and mean and standard deviation of the number of desaturations below 3% of baseline saturation level, were the most representative parameters. Hence, a better knowledge of SpO2 dynamics could help identifying children with OSA with the Phone Oximeter.",ieee,llm,1.000,unreviewed,,doi:10.1109/embc.2013.6610055
discarded,A Novel Deconversion Algorithm for English to Tamil Translation using Universal Networking Language (UNL),Matan P; P Velvizhy,2025,2025 6th International Conference on Data Intelligence and Cognitive Informatics (ICDICI),10.1109/ICDICI66477.2025.11135209,https://ieeexplore.ieee.org/document/11135209/,off-topic-false-hit,"This paper proposes a novel algorithm for sentence formation in Tamil Language from the Enconverted UNL Knowledge graph. Universal Networking language is an intermediary representation of the natural language in the form of graphs. UNL was invented to avoid barriers in Language Translation. The system is fed with children's stories in English, which were enconverted into UNL graphs. In this paper, we focus on the deconverter module and propose a novel algorithm for rearranging the sentences according to the available Tamil sentence forming rule base. The rules are framed in such a way that the sentences follow Subject- Object- Verb (SOV) format. Also, the rules ensure that the original meaning is conveyed correctly after translating from English to Tamil. The Translation quality of the proposed system is evaluated with various performance metrics such as BLEU, TER and METEOR. The use of UNL in translation gives more flexibility and adaptability in handling various linguistic structures and nuances. Overall, this approach shows promise for improving cross-lingual communication and text processing tasks.",ieee,llm,1.000,unreviewed,,doi:10.1109/icdici66477.2025.11135209
discarded,Computational Analysis of Islamic Values in Digital Children’s Programming: A BERTopic Study of Quranic Narratives on YouTube,Ayah Wafiq Abdulraheem; Mahmoud Artemi,2026,2026 2nd International Conference on Computational Intelligence Approaches and Applications (ICCIAA),10.1109/ICCIAA68481.2026.11544027,https://ieeexplore.ieee.org/document/11544027/,off-topic-false-hit,"The current paper is a computational model of analyzing the Islamic values and conflict representation in the digital programming used by children distributed over YouTube. Although some studies have expressed worries about what is being directed to the youth via digital media and the spread of Islamic education based media, the idea of systematic methodological analysis of religious content among Arabic children has not been fully examined. To analyze the animated series of stories based on the Quran (30 episodes, 15 stories of Quran), we use the topic modelling based on BERTopic, which is based on AraBERT and conflict classification. The value framework 6 Islamic values (Faith), Obedience, Justice, Mercy, Patience, Negative Values ) was developed by scientific discovery of data and has been proven by: (1) computational evidence (topic coherence = 0.67), and (2) scriptural outlier of the Quranic scripture. The classification system of conflict is of four types (Physical, Verbal, Moral, Divine Punishment), based on the narrative theory, inductive analysis, and research on media violence. BERTopic AarBERT is better than the old fashioned LDA (0.67 vs. 0.52 coherence) and the conflict classifier has an F1-score of 0.84. The analysis has identified that 85 percent of the conflicts involve determined moral resolution in which the content does not cater to the secular media due to absence of moral framing to the conflict. This framework fills the crucial gap between the development of Arabic NLP and the methodology of assessing the Islamic digital programming.",ieee,llm,1.000,unreviewed,,doi:10.1109/icciaa68481.2026.11544027
discarded,Social integration and distance learning focused on hospitalized children with their habitual educational centers and leisure-pedagogical entertainment,B. Mora Plaza; D. Perez Donoso; A. de las Heras de Rivera; F. Hervas del Rio; L. Lebrero Aldegunde,2002,"International Conference on Computers in Education, 2002. Proceedings.",10.1109/CIE.2002.1186231,https://ieeexplore.ieee.org/document/1186231/,off-topic-false-hit,"The continuous progressing of computing and communications, along with the increasing number of Internet users, lead us to update the concept of health services, being succeeded to offer new and revolutionary functionalities. Derived from this evolution, the supply of health attention services via this media is required from the state authorities and administrations. Internet, as a universal net, offers a wide diversity of mechanisms that enable these types of services, from the concept of bibliographic information or as medium, between users of public heath and health staff, or between patient that reside in hospitals and their external family-social environment. In this sense, most demanding areas are the newborn children and paediatrics services. The position of the children that temporarily reside in hospitals should be emphasized for being somehow excluded from their natural environment, and coexistence with their families and other children. This event can be efficiently surmountable with technologies that nowadays are used for other purposes. The inclusion of those services using Internet (e-Health) will serve the child during his stay in hospital offering services of social integration with their own teaching centres keeping contact with their habitual teachers and colleagues, or participating in games, chats, etc. defined by experts in child care.",ieee,llm,0.990,unreviewed,,doi:10.1109/cie.2002.1186231
discarded,A multi-channel fusion framework for audio event detection,Huy Phan; Marco Maass; Lars Hertel; Radoslaw Mazur; Alfred Mertins,2015,2015 IEEE Workshop on Applications of Signal Processing to Audio and Acoustics (WASPAA),10.1109/WASPAA.2015.7336889,https://ieeexplore.ieee.org/document/7336889/,off-topic-false-hit,"We propose in this paper a simple, yet efficient multi-channel fusion framework for joint acoustic event detection and classification. The joint problem on individual channels is posed as a regression problem to estimate event onset and offset positions. As an intermediate result, we also obtain the posterior probabilities which measure the confidence that event onsets and offsets are present at a temporal position. It facilitates the fusion problem by accumulating the posterior probabilities of different channels. The detection hypotheses are then determined based on the summed posterior probabilities. While the proposed fusion framework appears to be simple and natural, it significantly outperforms all the single-channel baseline systems on the ITC-Irst database. We also show that adding channels one by one into the fusion system yields performance improvements, and the performance of the fusion system is always better than those of the individual-channel counterparts.",ieee,llm,1.000,unreviewed,,doi:10.1109/waspaa.2015.7336889
discarded,A Human Speech-based Behavior Model for Social Robots based on Parent-Child Interaction Therapy,David Vincze; Mihoko Niitsuma,2024,2024 IEEE/SICE International Symposium on System Integration (SII),10.1109/SII58957.2024.10417261,https://ieeexplore.ieee.org/document/10417261/,off-topic-false-hit,"Maintaining a healthy parent-child relationship in a family is paramount and has a significant effect on the mental well-being and development of children. One way for improving parent-child communication and relationship is the Parent- Child Interaction Therapy (PCIT), which is a well established therapy method for preschool children and their parents, and has proven to be highly successful. Employing PCIT requires well trained and certified therapist personnel, and a specially constructed therapy room. These requirements make it hard to adopt and practice PCIT for families who could profit from the therapy. In order to help to spread this successful therapy to more children and their parents, we propose a therapy robot system to aid those already taking part in the therapy. This way they can perform the therapy interaction tasks in their homes more effectively and without direct therapist supervision. The proposed system listens to the conversation between the child and parent, and based on the Dyadic Parent-Child Interaction Coding System (DPICS), gives appropriate reactions, so the parent receives feedback whether the interaction is going well or not, thus potentially improving the interaction between parent and child. This system uses Natural Language Processing and Understanding for extracting the necessary information from speech to drive a fuzzy automaton-based behavior model optionally attached to interfaces of social robots. We believe that in the near future, such robot system can improve the efficiency of the independent home users and can also reduce the burden on the therapist personnel. Furthermore, the proposed therapy assisting social robot system can be adopted outside parent-child interaction in the future, e.g. in elderly care for improving caregiver-patient interaction.",ieee,llm,1.000,unreviewed,,doi:10.1109/sii58957.2024.10417261
discarded,Extracting Physical Events from Digital Chatter for Covid-19,Vikram Nagapudi; Ameeta Agrawal; Nirupama Bulusu,2021,2021 IEEE International Conference on Smart Computing (SMARTCOMP),10.1109/SMARTCOMP52413.2021.00082,https://ieeexplore.ieee.org/document/9556294/,off-topic-false-hit,"By June 3, 2021, the US experienced over 33 million total cases of Covid-19, surpassing 592,000 deaths. In response, the Centers for Disease Control and Prevention (CDC) advised masking, social distancing and avoiding mass gatherings. In this work, we seek to automatically identify physical mass gathering events including dates and locations from digital chatter, i.e., social media data. We also study spread and sentiment associated with such large gathering events, finding a moderate negative correlation between large public gatherings, overall sentiment, and reported Covid-19 case numbers post event.",ieee,llm,1.000,unreviewed,,doi:10.1109/smartcomp52413.2021.00082
discarded,PoP: Panorama of the Past – A Visual Summary of High School History,Shushmita M.S.; Gowri Srinivasa,2018,2018 IEEE Tenth International Conference on Technology for Education (T4E),10.1109/T4E.2018.00019,https://ieeexplore.ieee.org/document/8590107/,off-topic-false-hit,"In this paper, we present an application of analytics, natural language processing and visualization to facilitate learning of History at the High School level. In particular, we demonstrate the use of a timeline with a summary of facts presented in CBSE textbooks on History for Classes 8, 9 and 10. This research focuses on providing a succinct summary of the voluminous chapters for easy and quick reference for reviews before a test. In particular, we present an automated framework that processes the textual content in history texts to create a timeline of all important historical events and a visual map showing all events that have taken place in relation to present day regions, with an appropriate legend carrying the year and event associated with a place. These facilitate the automated creation of pop quizzes raise questions pertaining to time, places and events, contributing to active learning, rather than a passive review of the material. Thus, the framework presented here envisages a better organization of the copious syllabus to make the process of studying history an interesting and engaging experience for the student.",ieee,llm,0.990,unreviewed,,doi:10.1109/t4e.2018.00019
discarded,Time-varying analysis of autonomic control in response to spontaneous sighs in sickle cell anemia,Suvimol Sangkatumvong; Thomas D. Coates; John C. Wood; Herbert J. Meiselman; Roberta Kato; Jon A. Detterich; Adam Bush; Michael C.K. Khoo,2010,2010 Annual International Conference of the IEEE Engineering in Medicine and Biology,10.1109/IEMBS.2010.5626649,https://ieeexplore.ieee.org/document/5626649/,off-topic-false-hit,"Sickle cell anemia (SCA) is a genetic disease which is characterized by painful episodes of vascular occlusions. In the present study, we investigated a potential contribution of the autonomic nervous system (ANS) in initiating such episodes. We observed prominent decreases in microvascular perfusion in response to spontaneous sighs, which may increase the likelihood of red blood cell polymerization followed by vascular occlusions in SCA patients. Time-varying spectral analysis of heart rate variability (HRV), based on recursive least squares estimation, was employed to study the modulation of the ANS in response to sighs. To improve robustness of the spectral estimation while retaining its ability to track rapid changes, we propose a time-varying parameter estimate variability reduction (TV-PEVR) technique. Because respiration patterns can vary considerably across subjects, we employed a time-varying autoregressive with exogenous input (TV-ARX) model to adjust for the effect of respiration patterns on the HRV indices. Results from 8 SCA subjects and 9 normal controls suggested that the cardiac ANS responses to sighs are not different between the two groups, after adjusting for the effect of post-sigh respiration. However, the peripheral sympathetic response in SCA appeared to be enhanced in this group relative to normals, and sighs may play a role in initiation of vaso-occlusive events in this group of patients.",ieee,llm,1.000,unreviewed,,doi:10.1109/iembs.2010.5626649
discarded,Emotion Simulation in Interactive Virtual Environment for Children's Safety Education,Zhen Liu; Shaohua He,2009,2009 Fifth International Conference on Natural Computation,10.1109/ICNC.2009.737,https://ieeexplore.ieee.org/document/5367003/,off-topic-false-hit,"Emotion simulation is very useful for modeling believable virtual character in safety education software, in order to enhance the efficacy of emotion simulation for Web3D applications, a fuzzy productive rule-based emotion model is presented, it integrates the mechanism of emotion decay and emotion filtering, an emotion intensity is calculated by Mamdani inference model. A 3D virtual interactive virtual environment is built in Virtools, a virtual character with the emotion model can express emotion to others, the result shows that the emotion simulation can improve the friendly interface of online education software.",ieee,llm,0.980,unreviewed,,doi:10.1109/icnc.2009.737
discarded,Analysis of finger tapping parameters in people with ADHD,Alex Frid; Yizhar Lavner; Israel Rabinowitz,2012,2012 IEEE 27th Convention of Electrical and Electronics Engineers in Israel,10.1109/EEEI.2012.6377064,https://ieeexplore.ieee.org/document/6377064/,off-topic-false-hit,"Spontaneous finger tapping, a measure of spontaneous motor tempo is thought to reflect the pace of an internal attentional timing mechanism, capable of adapting to external temporal events. Although people with ADHD display difficulties in timing of paced motor tasks and evidence altered time perception, studies have failed to show a difference in spontaneous finger tapping rate and have demonstrated inconsistent findings regarding finger tapping variability. We hypothesized that a more detailed analysis of finger tapping, which included the two main finger tapping phases: the touch-phase, defined as the time between onset and offset of the finger tap, and the off-phase, the period between offset and onset, would reveal a significant difference between people with and without ADHD. For this purpose, a highly sensitive system for finger tapping recording and analysis was developed. Finger tapping analysis was carried out on a total of 109 subjects; 68 had been diagnosed with ADHD, and 41 were without any diagnosis (control). We found that the variability of the touch phase (onset to offset), as measured using the coefficient of variation of the touch phase in subjects with ADHD, was significantly higher than that of subjects in the control group, while no differences were found in other parameters such as the finger tapping rate or the off phase.",ieee,llm,1.000,unreviewed,,doi:10.1109/eeei.2012.6377064
