status,title,authors,year,venue,doi,url,tags,abstract,provider,decision_source,llm_confidence,llm_review_outcome,llm_change_direction,paper_id
discarded,Precision Timing in Novice-to-Novice L2 Conversations,Donald Carroll,2000,Issues in Applied Linguistics,10.5070/l4111005025,https://openalex.org/W2145387296,off-topic-false-hit,"That next speakers in talk-in-interaction are capable of precisely timing their entry into the conversational flow is now taken as a given in conversation analytic research. However, the classic studies establishing this fact were based on the analysis of talk between proficient language users, that is, individuals traditionally referred to as ""native"" speakers. The question then arises as to whether novice-level second language (L2) speakers are similarly capable of precision timing. This paper examines instances of ""no-gap"" speaker transition, so-called ""normal overlap"" at transition relevant places, and cases of ""turn recycles"" in non-pedagogic, casual talk between novice-level Japanese speakers of English (NNS-NNS talk). The primary finding is that novice L2 users can and regularly do start ""on time."" The paper also explores the possibility that certain inter-turn gaps in the novice L2 data studied here are interactionally occasioned by disfluencies or insufficiencies in prior speaker's turn.",openalex,llm,1.000,unreviewed,,doi:10.5070/l4111005025
discarded,A Primer on Neural Network Models for Natural Language Processing,Yoav Goldberg,2016,Journal of Artificial Intelligence Research,10.1613/jair.4992,https://openalex.org/W1888026739,off-topic-false-hit,"Over the past few years, neural networks have re-emerged as powerful machine-learning models, yielding state-of-the-art results in fields such as image recognition and speech processing. More recently, neural network models started to be applied also to textual natural language signals, again with very promising results. This tutorial surveys neural network models from the perspective of natural language processing research, in an attempt to bring natural-language researchers up to speed with the neural techniques. The tutorial covers input encoding for natural language tasks, feed-forward networks, convolutional networks, recurrent networks and recursive networks, as well as the computation graph abstraction for automatic gradient computation.",openalex,llm,1.000,unreviewed,,doi:10.1613/jair.4992
discarded,Proceedings of the 2020 Conference on Empirical Methods in Natural Language Processing (EMNLP),,2020,,10.18653/v1/2020.emnlp-main,https://openalex.org/W2489487449,off-topic-false-hit,"Preface by the Program Committee Co-ChairsWelcome to EMNLP 2020!Due to the unprecedented situation with the Covid-19 pandemic, EMNLP 2020 will be held completely online this year.We decided to move EMNLP to a virtual format early on, when the pandemic just started, and postponed the paper submission deadlines by three weeks such that authors affected by the pandemic could have more time for their paper submissions.This resulted in a much tighter schedule for paper review and decisions, as well as publications, workshop programs, virtual infrastructure, etc.However, thanks to everyone's hard work, we made it.We received a record number of 3,677 submissions.This is a significant increase of 26% over EMNLP 2019, making it the largest NLP conference to date in terms of paper submissions.After removing withdrawals and desk rejecting papers which violated our formatting requirements, the anonymity policy, or double submission policy, 3,359 submissions were sent out for review.Despite the sharp increase in submissions, we kept the acceptance rates at a similar level as past years.The acceptance statistics are shown below: Long Short Total Reviewed 2,455 904 3,359 Accepted 602 150 752 Acceptance Rate 24.6% 16.6% 22.4% It is important to have a well-organized review structure to handle a large number of submissions.We first set up a total of 21 tracks (including a special Multidisciplinary and Area Chair Conflict of Interest track) based on the track information in past conferences such as ACL 2020, EMNLP 2019 and NAACL 2019.We used the submission numbers per track from past conferences to estimate the number of Senior Area Chairs (SACs) and Area Chairs (ACs) required for each track.We eventually recruited 33 SACs and 196 ACs.For reviewer recruitment, we started with the reviewer lists from NAACL 2019, EMNLP 2019 and ACL 2020 and sent out initial invitations asking reviewers to express their track preferences.In addition, we introduced a new policy that in order to submit paper(s) to EMNLP, at least one author must be nominated to serve as a reviewer (usually the most senior author) and for that author to take on a full load of up to 6 reviews.We filtered out some reviewers who were less experienced in paper review or did not hold a PhD degree (except those final-year PhD students).We then passed the reviewer list to SACs and asked them to select from these candidate reviewers based on their expertise and semantic scholar profiles.Overall, this resulted in a total of 2,633 reviewers.For AC assignments, we matched papers with ACs automatically based on comparing submissions' abstracts with ACs' past papers in ACL* venues, using semantic scholar to harvest this data.For reviewer assignment, we generated a ""seniority score"" for each reviewer based on their past publication record and recent ACL* papers.Where possible, we have ensured every paper has at least one ""senior"" reviewer and not more than one ""junior"" reviewer.As a result of ever increasing paper submissions, review quality is a pressing issue in our community.To help improve review quality, this year we prepared review guidelines with explicit dos and don'ts.We observed many cases where authors called out problems in reviews for these papers based on these guidelines, ACs took action, and reviewers revised their reviews.Overall the review guidelines seem to be well received by authors and reviewers, and we feel they lead to improved reviews in aggregate.Having said this, we emphasize that the guidelines are only a partial solution, and more work is needed vii from the entire community to manage the increasing submissions and continue to maintain or improve review quality.Authors resubmitting papers that were previously rejected from another publication venue were given the option of providing these previous reviews and a rejoinder as part of their submission.This was designed to accommodate authors who have improved their paper based on previous feedback, and feel they have addressed the key issues raised, and would benefit from having this considered as part of the EMNLP review process.Roughly, this is designed to mimic the ""revise-and-resubmit"" procedure in a journal.These ""sticky reviews"" were made available to the AC, SACs and PCs, but not the reviewers, lest it bias their assessments.A total of 349 submissions used this facility.While we do not have firm numbers confirming the utility of sticky reviews, we feel that it was useful for making decisions for borderline submissions, where the past reviews and quality of the rejoinder could be used to justify paper acceptance.This year we experimented with ""Findings"", a new publication model based on an idea floated in the ACL reviewing committee, designed to allow more papers to be accepted for publication beyond those accepted to the main conference.Please see the Preface to the Findings of ACL: EMNLP 2020 for a detailed description of this new initiative, including the acceptance rate and processes specific to this publication.Another ""first"" was the formation of an ethics committee, which was assembled to provide input on submissions which were flagged by reviewers, ACs or SACs as needing further consideration on ethical grounds during the review process.This might relate to potential misuse of the work, the legality of use of data, ethics approvals for work involving human subjects, suspected plagiarism and more.The committee provided careful assessment to ensure these papers were treated uniformly and fairly, and these ethics assessments were considered alongside the reviews when making acceptance decisions.Ideally, authors would be given a chance to respond to the ethical assessments, however this was not possible given the reviewing timeline.We recommend this is something that should be factored into future conference planning.Finally this year we introduced a Reproducibility Checklist in order to encourage reporting information necessary for reproducible research (thanks to Jesse Dodge and Noah Smith for initiating this).Many papers have included more details relating to code, data, and their experimental setup.78% of reviewers felt the reproduciblity checklist is useful or somewhat useful.In addition, EMNLP will join several major AI conferences in the upcoming ML Reproducibility Challenge (https://paperswithcode.com/rc2020).We hope you can participate in or contribute to the challenge.The current reproducibility checklist may not be a norm yet for our scientific community, but it is a step forward, and we expect it will lead to more reproducible published work in the future.From the accepted papers, 5 papers were selected for awards, include a best long paper and 4 outstanding papers.Best paper candidates were initially selected based on recommendations from SACs and ACs, and then evaluated by the best paper committee.The award winners will be announced at the closing session.In addition, EMNLP 2020 will feature 25 papers from Transactions of Association for Computational Linguistics (TACL), and 5 papers from the journal of Computational Linguistics.We are excited to have three keynote talks, by Professor Claire Cardie (Cornell University) on information extraction, Dr. Rich Caruana (Microsoft) on interpretability in machine learning, and Professor Janet Pierrehumbert (University of Oxford) on linguistic behaviour and the realistic testing of NLP systems.We thank them for accepting our invitation to give the keynote speeches.Another highlight of the program is the two panel sessions, one industry panel discussing NLP practice in industry and future directions, and another one on Ethics statements for future NLP paper submissions.viii We thank all the panelists for joining the live discussions.Putting together a virtual program is challenging.Based on the feedback on the ACL 2020 program, one of our goals is to provide more opportunities for authors and attendees to interact with each other and create an experience similar to in-person conferences.We have grouped papers into Zoom QA sessions (each session with 4-5 papers in similar areas) and Gather.towns(analogous to poster sessions where attendees can walk around and interact with paper authors).Doing this with timezone constraints is a hard optimization problem.We tried our best to make the program timezone friendly such that everyone is able to attend as many sessions as possible.However, the solutions are not perfect, and we appreciate everyone's understanding and cooperation.We are grateful for many people's contributions in the past year.Without their help, EMNLP 2020 would not be possible.We thank:• First our general chair, Bonnie Webber, who has provided us all the guidance we need and helped with many of our decision processes;",openalex,llm,1.000,unreviewed,,doi:10.18653/v1/2020.emnlp-main
discarded,MIT App Inventor: Enabling Personal Mobile Computing,Shaileen Crawford Pokress; José Juan Dominguez Veiga,2013,arXiv (Cornell University),10.48550/arxiv.1310.2830,https://openalex.org/W1572843933,"qualifies-claim; adjacent-subtopic; tool or course description, no finding on learning event-driven programming or functions as values","MIT App Inventor is a drag-and-drop visual programming tool for designing and building fully functional mobile apps for Android. App Inventor promotes a new era of personal mobile computing in which people are empowered to design, create, and use personally meaningful mobile technology solutions for their daily lives, in endlessly unique situations. App Inventor's intuitive programming metaphor and incremental development capabilities allow the developer to focus on the logic for programming an app rather than the syntax of the coding language, fostering digital literacy for all. Since it was moved from Google to MIT, a number of improvements have been added, and research projects are underway.",openalex,llm_reviewed,0.830,changed,kept->discarded,doi:10.48550/arxiv.1310.2830
discarded,m-Path: an easy-to-use and highly tailorable platform for ecological momentary assessment and intervention in behavioral research and clinical practice,Merijn Mestdagh; Stijn Verdonck; Maarten Piot; Koen Niemeijer; ghijs kilani; Francis Tuerlinckx; Peter Kuppens; Egon Dejonckheere,2023,Frontiers in Digital Health,10.3389/fdgth.2023.1182175,https://openalex.org/W4387742524,off-topic-false-hit,"In this paper, we present m-Path (www.m-Path.io), an online platform that provides an easy-to-use and highly tailorable framework for implementing smartphone-based ecological momentary assessment (EMA) and intervention (EMI) in both research and clinical practice in the context of blended care. Because real-time monitoring and intervention in people's everyday lives have unparalleled benefits compared to traditional data collection techniques (e.g., retrospective surveys or lab-based experiments), EMA and EMI have become popular in recent years. Although a surge in the use of these methods has led to a myriad of EMA and EMI applications, many existing platforms only focus on a single aspect of daily life data collection (e.g., assessment vs. intervention, active self-report vs. passive mobile sensing, research-dedicated vs. clinically-oriented tools). With m-Path, we aim to integrate all of these facets into a single platform, as it is exactly this all-in-one approach that fosters the clinical utility of accumulated scientific knowledge. To this end, we offer a comprehensive platform to set up complex and highly adjustable EMA and EMI designs with advanced functionalities, using an intuitive point-and click web interface that is accessible for researchers and clinicians with limited programming skills. We discuss the strengths of daily life data collection and intervention in general and m-Path in particular. We describe the regular workflow to set up an EMA or EMI design within the m-Path framework, and summarize both the basic functionalities and more advanced features of our software.",openalex,llm,0.990,unreviewed,,doi:10.3389/fdgth.2023.1182175
discarded,Frame-Based Editing,Michael Kölling; Neil C. C. Brown; Amjad Altadmri,2015,,10.1145/2818314.2818331,https://openalex.org/W2289809526,adjacent-subtopic,"Block-based programming systems, such as Scratch or Alice, are the most popular environments for introducing young children to programming. However, mastery of text-based programming continues to be the educational goal for students who continue to program into their teenage years and beyond. Transitioning across the significant gap between the two editing styles presents a difficult challenge in school-level teaching of programming. We propose a new style of program manipulation to bridge the gap: frame-based editing. Frame-based editing has the resistance to errors and approachability of block-based programming while retaining the flexibility and more conventional programming semantics of text-based programming languages. In this paper, we analyse the issues involved in the transition from blocks to text and argue that they can be overcome by using frame-based editing as an intermediate step. A design and implementation of a frame-based editor is provided.",openalex,llm,0.950,unreviewed,,doi:10.1145/2818314.2818331
discarded,Elements of a cognitive model of physics problem solving: Epistemic games,Jonathan Tuminaro; Edward F. Redish,2007,Physical Review Special Topics - Physics Education Research,10.1103/physrevstper.3.020101,https://openalex.org/W1966672298,off-topic-false-hit,"Although much is known about the differences between expert and novice problem solvers, knowledge of those differences typically does not provide enough detail to help instructors understand why some students seem to learn physics while solving problems and others do not. A critical issue is how students access the knowledge they have in the context of solving a particular problem. In this paper, we discuss our observations of students solving physics problems in authentic situations in an algebra-based physics class at the University of Maryland. We find that when these students are working together and interacting effectively, they often use a limited set of locally coherent resources for blocks of time of a few minutes or more. This coherence appears to provide the student with guidance as to what knowledge and procedures to access and what to ignore. Often, this leads to the students failing to apply relevant knowledge they later show they possess. In this paper, we outline a theoretical phenomenology for describing these local coherences and identify six organizational structures that we refer to as epistemic games. The hypothesis that students tend to function within the narrow confines of a fairly limited set of games provides a good description of our observations. We demonstrate how students use these games in two case studies and discuss the implications for instruction.",openalex,llm,1.000,unreviewed,,doi:10.1103/physrevstper.3.020101
discarded,Computational thinking in programming with Scratch in primary schools: A systematic review,Janne Fagerlund; Päivi Häkkinen; Mikko Vesisenaho; Jouni Viiri,2020,Computer Applications in Engineering Education,10.1002/cae.22255,https://openalex.org/W3021329496,"qualifies-claim; adjacent-subtopic; tool or course description, no finding on learning event-driven programming or functions as values","Abstract Computer programming is being introduced in educational curricula, even at the primary school level. One goal of this implementation is to teach computational thinking (CT), which is potentially applicable in various computational problem‐solving situations. However, the educational objective of CT in primary schools is somewhat unclear: curricula in various countries define learning objectives for topics, such as computer science, computing, programming or digital literacy but not for CT specifically. Additionally, there has been confusion in concretely and comprehensively defining and operationalising what to teach, learn and assess about CT in primary education even with popular programming akin to Scratch. In response to the growing demands of CT, by conducting a literature review on studies utilising Scratch in K–9, this study investigates what kind of CT has been assessed in Scratch at the primary education level. As a theoretical background for the review, we define a tangible educational objective for introducing CT comprehensively in primary education and concretise the fundamental skills and areas of understanding involved in CT as its “core educational principles”. The results of the review summarise Scratch programming contents that students can manipulate and activities in which they can engage that foster CT. Moreover, methods for formatively assessing CT via students' Scratch projects and programming processes are explored. The results underpin that the summarised “CT‐fostering” programming contents and activities in Scratch are vast and multidimensional. The next steps for this study are to refine pedagogically meaningful ways to assess CT in students' Scratch projects and programming processes.",openalex,llm_reviewed,0.780,changed,kept->discarded,doi:10.1002/cae.22255
discarded,Exploration Views: Understanding Dashboard Creation and Customization for Visualization Novices,Micheline Elias; Anastasia Bezerianos,2011,Lecture notes in computer science,10.1007/978-3-642-23768-3_23,https://openalex.org/W61978605,off-topic-false-hit,,openalex,llm,0.980,unreviewed,,doi:10.1007/978-3-642-23768-3_23
