status,title,authors,year,venue,doi,url,tags,abstract,provider,decision_source,llm_confidence,llm_review_outcome,llm_change_direction,paper_id
discarded,Integration of Visual Temporal Information and Textual Distribution Information for News Web Video Event Mining,Chengde Zhang; Xiao Wu; Mei-Ling Shyu; Qiang Peng,2016,IEEE Transactions on Human-Machine Systems,10.1109/THMS.2015.2489681,https://ieeexplore.ieee.org/document/7317769/,off-topic-false-hit,"News web videos exhibit several characteristics, including a limited number of features, noisy text information, and error in near-duplicate keyframes (NDK) detection. Such characteristics have made the mining of the events from news web videos a challenging task. In this paper, a novel framework is proposed to better group the associated web videos to events. First, the data preprocessing stage performs feature selection and tag relevance learning. Next, multiple correspondence analysis is applied to explore the correlations between terms and events with the assistance of visual information. Cooccurrence and visual near-duplicate feature trajectory induced from NDKs are combined to calculate the similarity between NDKs and events. Finally, a probabilistic model is proposed for news web video event mining, where both visual temporal information and textual distribution information are integrated. Experiments on the news web videos from YouTube demonstrate that the integration of visual temporal information and textual distribution information outperforms the existing methods in the news web video event mining.",ieee,llm,1.000,unreviewed,,doi:10.1109/thms.2015.2489681
discarded,FE-Fusion-VPR: Attention-Based Multi-Scale Network Architecture for Visual Place Recognition by Fusing Frames and Events,"Hou, Kuanxu; Kong, Delei; Jiang, Junjie; Zhuang, Hao; Huang, Xinjie; Fang, Zheng",2023,IEEE ROBOTICS AND AUTOMATION LETTERS,10.1109/LRA.2023.3268850,https://www.webofscience.com/wos/woscc/full-record/WOS:000981889200002,off-topic-false-hit,"Traditional visual place recognition (VPR), usually using standard cameras, is easy to fail due to glare or high-speed motion. By contrast, event cameras have the advantages of low latency, high temporal resolution, and high dynamic range, which can deal with the above issues. Nevertheless, event cameras are prone to failure in motionless scenes, while standard cameras can still provide appearance information in this case. Thus, exploiting the complementarity of standard cameras and event cameras can effectively improve the performance of VPR algorithms. In the paper, we propose FE-Fusion-VPR, an attention-based multi-scale network architecture for VPR by fusing frames and events. First, the intensity frame and event volume are fed into the two-stream feature extraction network for shallow feature fusion. Next, the three-scale features are obtained through the multi-scale fusion network and aggregated into three sub-descriptors using the VLAD layer. Finally, the weight of each sub-descriptor is learned through the descriptor re-weighting network to obtain the final refined descriptor. Experimental results show that our FE-Fusion-VPR outperforms existing frame-based, event-based and fusion-based VPR methods in most cases on Brisbane-Event-VPR and DDD20 datasets. In a word, compared to the previous works, our FE-Fusion-VPR achieves new state-of-the-art (SOTA) VPR performance on Brisbane-Event-VPR and DDD20 datasets by fusing frames and events.",wos,llm,1.000,unreviewed,,doi:10.1109/lra.2023.3268850
discarded,Application of Information and Communication Technologies in the Study of Natural Disciplines,"Romaniuk, Ruslana; Fonariuk, Olena; Pavliuchenko, Olesia; Shevchuk, Svitlana; Yermoshyna, Tetiana; Povidaichyk, Mykhailo",2022,POSTMODERN OPENINGS,10.18662/po/13.1/398,https://www.webofscience.com/wos/woscc/full-record/WOS:000751672600017,off-topic-false-hit,"Socio-cultural reality of the present time is marked by quite significant events. First, the active penetration into society of the latest information and communication technologies (ICT) arose as a result of the rapid development of electronics. And secondly, a special type of worldview under the general name of ""contemporary"" was formed and spread. It is the need for a philosophical understanding of these two events and determined the main idea of this article. The article also shows the role of information technology in the transformation of the cultural reality of contemporary. Also, the main directions of application of information systems and innovative technologies in the field of education and science in general, and at studying of disciplines of a natural cycle in particular are covered. Peculiarities of studying natural sciences by students are revealed, didactic potential of ICT and its realization in the process of studying natural disciplines is considered, methodical analysis of the problem of application of information technologies in natural education is carried out. The principle of integration, multimedia clarity, and interaction of participants of educational process at application of new information technologies at studying of natural disciplines is allocated. It is determined that ICT in the teaching of natural sciences can intensify the educational process, accelerate the transfer of knowledge and experience, as well as improve the quality of teaching and education.",wos,llm,0.980,unreviewed,,doi:10.18662/po/13.1/398
discarded,RecurBot: Learn to Auto-complete GUI Tasks From Human Demonstrations,"Intharah, Thanapong; Firman, Michael; Brostow, Gabriel J.",2018,CHI 2018: EXTENDED ABSTRACTS OF THE 2018 CHI CONFERENCE ON HUMAN FACTORS IN COMPUTING SYSTEMS,10.1145/3170427.3188532,https://www.webofscience.com/wos/woscc/full-record/WOS:000671090002040,off-topic-false-hit,"On the surface, task-completion should be easy in graphical user interface (GUI) settings. In practice however, different actions look alike and applications run in operating-system silos. Our aim within GUI action recognition and prediction is to help the user, at least in completing the tedious tasks that are largely repetitive. We propose a method that learns from a few user-performed demonstrations, and then predicts and finally performs the remaining actions in the task. For example, a user can send customized SMS messages to the first three contacts in a school's spreadsheet of parents; then our system loops the process, iterating through the remaining parents.

First, our analysis system segments the demonstration into discrete loops, where each iteration usually included both intentional and accidental variations. Our technical innovation approach is a solution to the standing motif-finding optimization problem, but we also find visual patterns in those intentional variations. The second challenge is to predict subsequent GUI actions, extrapolating the patterns to allow our system to predict and perform the rest of a task. We validate our approach on a new database of GUI tasks, and show that our system usually (a) gleans what it needs from short user demonstrations, and (b) auto-completes tasks in diverse GUI situations.",wos,llm,0.970,unreviewed,,doi:10.1145/3170427.3188532
discarded,Multi-Channel Fusion for Seismic Event Detection and Classification,"Lindenbaum, Ofir; Rabin, Neta; Bregman, Yuri",2016,2016 IEEE INTERNATIONAL CONFERENCE ON THE SCIENCE OF ELECTRICAL ENGINEERING (ICSEE),,https://www.webofscience.com/wos/woscc/full-record/WOS:000393410300061,off-topic-false-hit,"Automatic detection and identification of seismic events is an important task that is carried out constantly for seismic monitoring. This monitoring process results in a seismic event bulletin that contains information about the detected events, their locations and, magnitudes and type (natural or man made event). Current automatic seismic bulletins comprise a large number of false alarms, which have to be manually corrected by and analysts

The progress in machine learning methods and the availability of a big historic seismic archives emerge the template based seismic detection methods. We propose a two stage processes for detection and classification of seismic events. First an energy detector is applied to every channel. Then, we fuse data from multiple channels by applying a multiview kernel based construction. The framework produces a reduced mapping in which every seismic waveform is classified as related to seismic noise, explosion or earthquake.",wos,llm,1.000,unreviewed,,hash:0335ca858d6a1950
discarded,REEF: Retainable Evaluator Execution Framework,"Chun, Byung-Gon; Douglas, Chris; Narayanamurthy, Shravan; Rosen, Josh; Condie, Tyson; Matusevych, Sergiy; Ramakrishnan, Raghu; Sears, Russell; Curino, Carlo; Myers, Brandon; Rao, Sriram; Weimer, Markus",2013,PROCEEDINGS OF THE VLDB ENDOWMENT,,https://www.webofscience.com/wos/woscc/full-record/WOS:000219777100045,adjacent-subtopic,"In this demo proposal, we describe REEF, a framework that makes it easy to implement scalable, fault-tolerant runtime environments for a range of computational models. We will demonstrate diverse workloads, including extract-transform-load MapReduce jobs, iterative machine learning algorithms, and ad-hoc declarative query processing. At its core, REEF builds atop YARN (Apache Hadoop 2's resource manager) to provide retainable hardware resources with lifetimes that are decoupled from those of computational tasks. This allows us to build persistent (cross-job) caches and cluster-wide services, but, more importantly, supports high-performance iterative graph processing and machine learning algorithms.

Unlike existing systems, REEF aims for composability of jobs across computational models, providing significant performance and usability gains, even with legacy code. REEF includes a library of interoperable data management primitives optimized for communication and data movement (which are distinct from storage locality). The library also allows REEF applications to access external services, such as user-facing relational databases.

We were careful to decouple lower levels of REEF from the data models and semantics of systems built atop it. The result was two new standalone systems: Tang, a configuration manager and dependency injector, and Wake, a state-of-the-art event-driven programming and data movement framework. Both are language independent, allowing REEF to bridge the JVM and. NET.",wos,llm,0.980,unreviewed,,hash:74e23c580c86a67f
kept,Children Learning Computer Science Concepts via Alice Game-Programming,"Werner, Linda; Campe, Shannon; Denner, Jill",2011,SIGCSE 12: PROCEEDINGS OF THE 43RD ACM TECHNICAL SYMPOSIUM ON COMPUTER SCIENCE EDUCATION,,https://www.webofscience.com/wos/woscc/full-record/WOS:000304130200085,qualifies-claim; events-first,"Programming environments that incorporate drag-and-drop methods and many pre-defined objects and operations are being widely used in K-12 settings. But can middle school students learn complex computer science concepts by using these programming environments when computer science is not the focus of the course? In this paper, we describe a semester-long game-programming course where 325 middle school students used Alice. We report on our analysis of 231 final games where we measured the frequency of successful execution of programming constructs. Our results show that many games exhibit successful uses of high level computer science concepts such as student-created abstractions, concurrent execution, and event handlers. We discuss the implications of these results for designing effective game programming courses for young students.",wos,llm_reviewed,0.980,confirmed,,hash:14e60bf9cdedf0dc
discarded,iML:: A logic-based framework for constructing graphical user interface on mobile agents,"Fukuta, N; Mizutani, N; Ozono, T; Shintani, T",2003,WEB KNOWLEDGE MANAGEMENT AND DECISION SUPPORTS,,https://www.webofscience.com/wos/woscc/full-record/WOS:000182865900004,adjacent-subtopic,"Mobile agent technology is an emerging technology that allows easier design, implementation, and maintenance of distributed systems. Mobility enables agents to reduce network load, overcome network latency, and handle network disconnections. Few mobile agent systems support Prolog programming, and no system supports GUI programming on Prolog programming. Prolog's first order logic representation has benefits for constructing mobile agents. In this paper, we present a Prolog-based programming framework, iML, for constructing mobile agents with graphical user interfaces. The WL framework consists with three parts, an integrated development environment(IDE), runtime classes for standalone deployment, and an agent code generator. We evaluate the iML framework from two viewpoints: migration performance and the usability of the framework. Experimental results show that the WL method is 6.7 times smaller in size, and 6.0 times faster in migration speed in comparison with the Java serialization technique. We used the WL framework at our knowledge programming lecture. During the lecture, 60 students attended after which 45 students could create GUI-based mobile agents, and 16 students could create excellent applications by using the framework.",wos,llm,0.950,unreviewed,,hash:e8d26673e13c4b1c
discarded,Decision support systems (DSS) for predicting hypertensive events using real-world telemonitoring data,H.C. Kum,2026,International Journal of Medical Informatics,10.1016/j.ijmedinf.2026.106387,https://www.scopus.com/inward/record.uri?partnerID=HzOxMe3b&scp=105036360970&origin=inward,off-topic-false-hit,,scopus,llm,1.000,unreviewed,,doi:10.1016/j.ijmedinf.2026.106387
discarded,SPARS: A reinforcement learning-enabled simulator for power management in HPC job scheduling,M.A. Amrizal,2026,Softwarex,10.1016/j.softx.2026.102693,https://www.scopus.com/inward/record.uri?partnerID=HzOxMe3b&scp=105038471876&origin=inward,off-topic-false-hit,,scopus,llm,0.990,unreviewed,,doi:10.1016/j.softx.2026.102693
discarded,"Application of multimodal learning in robotic perception: an intelligent perception framework integrating vision, sound, and touch",J. He,2026,Intelligent Service Robotics,10.1007/s11370-025-00686-y,https://www.scopus.com/inward/record.uri?partnerID=HzOxMe3b&scp=105029590081&origin=inward,off-topic-false-hit,,scopus,llm,0.990,unreviewed,,doi:10.1007/s11370-025-00686-y
discarded,"Optimizing operations of flexible assembly systems: demonstration of a digital twin concept with optimized planning and control, sensors and visualization",T. Sobottka,2025,Journal of Intelligent Manufacturing,10.1007/s10845-024-02537-6,https://www.scopus.com/inward/record.uri?partnerID=HzOxMe3b&scp=85211226385&origin=inward,off-topic-false-hit,,scopus,llm,0.990,unreviewed,,doi:10.1007/s10845-024-02537-6
discarded,On the Implementation of Dynamic Visualizations: A Case-Study Using FSM Visualizations,A.M. Garced,2025,Proceedings of the 36th Symposium on Implementation and Application of Functional Languages Ifl 2024,10.1145/3723325.3723340,https://www.scopus.com/inward/record.uri?partnerID=HzOxMe3b&scp=105008421771&origin=inward,adjacent-subtopic,,scopus,llm,0.930,unreviewed,,doi:10.1145/3723325.3723340
discarded,Minecraft: An Engaging Platform to Learn Programming,W. Suwannik,2025,2025 IEEE Acis 23rd International Conference on Software Engineering Research Management and Applications SERA 2025 Proceedings,10.1109/SERA65747.2025.11154595,https://www.scopus.com/inward/record.uri?partnerID=HzOxMe3b&scp=105017595226&origin=inward,adjacent-subtopic,,scopus,llm,0.790,unreviewed,,doi:10.1109/sera65747.2025.11154595
discarded,"Leading Through Climate Disasters and Environmental Injustice: Past, Present, and Future",M.R. Griffard,2024,Reimagining School Leadership Sustaining Improvement Through and Beyond Uncertainty,10.1108/978-1-83797-410-820241007,https://www.scopus.com/inward/record.uri?partnerID=HzOxMe3b&scp=105018904353&origin=inward,off-topic-false-hit,,scopus,llm,1.000,unreviewed,,doi:10.1108/978-1-83797-410-820241007
discarded,MRME-Net: Towards multi-semantics learning and long-tail problem of efficient event detection from social messages,R. Wu,2024,Journal of King Saud University Computer and Information Sciences,10.1016/j.jksuci.2024.102070,https://www.scopus.com/inward/record.uri?partnerID=HzOxMe3b&scp=85194769167&origin=inward,off-topic-false-hit,,scopus,llm,1.000,unreviewed,,doi:10.1016/j.jksuci.2024.102070
discarded,The Curation Tree: A Lightweight Behavior Tree Framework for Implementing Puzzle and Narrative Games,A. Normoyle,2024,ACM International Conference Proceeding Series,10.1145/3649921.3659840,https://www.scopus.com/inward/record.uri?partnerID=HzOxMe3b&scp=85199107666&origin=inward,adjacent-subtopic,,scopus,llm,0.970,unreviewed,,doi:10.1145/3649921.3659840
discarded,Sokoban: An Assignment for an Object-Oriented and GUI Programming Course,J.P. Barros,2024,SIGCSE 2024 Proceedings of the 55th ACM Technical Symposium on Computer Science Education,10.1145/3626253.3635493,https://www.scopus.com/inward/record.uri?partnerID=HzOxMe3b&scp=85189183848&origin=inward,"qualifies-claim; adjacent-subtopic; tool or course description, no finding on learning event-driven programming or functions as values",,scopus,llm_reviewed,0.720,changed,kept->discarded,doi:10.1145/3626253.3635493
discarded,Assessment of the regeneration of landslides areas using unsupervised and supervised methods and explainable machine learning models,P. Arrogante-Funes,2024,Landslides,10.1007/s10346-023-02154-z,https://www.scopus.com/inward/record.uri?partnerID=HzOxMe3b&scp=85174233990&origin=inward,off-topic-false-hit,,scopus,llm,1.000,unreviewed,,doi:10.1007/s10346-023-02154-z
discarded,Hands-On Object-Oriented Programming: Mastering OOP Features for Real-World Software Systems Development,A.K. Rangisetti,2024,Hands on Object Oriented Programming Mastering Oop Features for Real World Software Systems Development,10.1007/979-8-8688-0524-0,https://www.scopus.com/inward/record.uri?partnerID=HzOxMe3b&scp=105004116163&origin=inward,adjacent-subtopic,,scopus,llm,0.980,unreviewed,,doi:10.1007/979-8-8688-0524-0
discarded,CREATIVE IMPACT OF AN EVENT-DRIVEN VISUAL SCRIPTING TOOL,P. Mathur,2023,Proceedings of the International Conference on Computer Aided Architectural Design Research in Asia,10.52842/conf.caadria.2023.2.331,https://www.scopus.com/inward/record.uri?partnerID=HzOxMe3b&scp=85197183810&origin=inward,adjacent-subtopic,,scopus,llm,0.800,unreviewed,,doi:10.52842/conf.caadria.2023.2.331
discarded,More than just Rules! Safety as a Universal Language- Transition to Industry Life-Saving Rules Embedding Human Performance in Practice,S. Abbasi,2023,SPE Offshore Europe Conference Proceedings,10.2118/215565-MS,https://www.scopus.com/inward/record.uri?partnerID=HzOxMe3b&scp=85172340780&origin=inward,off-topic-false-hit,,scopus,llm,1.000,unreviewed,,doi:10.2118/215565-ms
discarded,A machine learned go-around prediction model using pilot-in-the-loop simulations,I. Dhief,2022,Transportation Research Part C Emerging Technologies,10.1016/j.trc.2022.103704,https://www.scopus.com/inward/record.uri?partnerID=HzOxMe3b&scp=85130859112&origin=inward,off-topic-false-hit,,scopus,llm,1.000,unreviewed,,doi:10.1016/j.trc.2022.103704
discarded,Creating a Wiring Framework for Embedded GUI Programming Course,C.Z. Kertesz,2021,2021 International Aegean Conference on Electrical Machines and Power Electronics Acemp 2021 and 2021 International Conference on Optimization of Electrical and Electronic Equipment Optim 2021,10.1109/OPTIM-ACEMP50812.2021.9590074,https://www.scopus.com/inward/record.uri?partnerID=HzOxMe3b&scp=85119679195&origin=inward,"qualifies-claim; adjacent-subtopic; tool or course description, no finding on learning event-driven programming or functions as values",,scopus,llm_reviewed,0.840,changed,kept->discarded,doi:10.1109/optim-acemp50812.2021.9590074
discarded,An Online Robot Collision Detection and Identification Scheme by Supervised Learning and Bayesian Decision Theory,Z. Zhang,2021,IEEE Transactions on Automation Science and Engineering,10.1109/TASE.2020.2997094,https://www.scopus.com/inward/record.uri?partnerID=HzOxMe3b&scp=85112710359&origin=inward,off-topic-false-hit,,scopus,llm,1.000,unreviewed,,doi:10.1109/tase.2020.2997094
discarded,"24th International Conference on Foundations of Software Science and Computation Structures, FOSSACS 2021 held as part of the European Joint Conferences on Theory and Practice of Software, ETAPS 2021",,2021,Lecture Notes in Computer Science Including Subseries Lecture Notes in Artificial Intelligence and Lecture Notes in Bioinformatics,,https://www.scopus.com/inward/record.uri?partnerID=HzOxMe3b&scp=85108906640&origin=inward,adjacent-subtopic,,scopus,llm,0.990,unreviewed,,hash:52d9b4078264b0b8
discarded,"8th International Conference on End-User Development, IS-EUD 2021",,2021,Lecture Notes in Computer Science Including Subseries Lecture Notes in Artificial Intelligence and Lecture Notes in Bioinformatics,,https://www.scopus.com/inward/record.uri?partnerID=HzOxMe3b&scp=85111447403&origin=inward,adjacent-subtopic,,scopus,llm,0.960,unreviewed,,hash:f9b78c9187b4178b
discarded,Multitask Model for End-to-End Event Coreference Resolution,C. Huang,2021,Communications in Computer and Information Science,10.1007/978-3-030-92307-5_13,https://www.scopus.com/inward/record.uri?partnerID=HzOxMe3b&scp=85121929864&origin=inward,off-topic-false-hit,,scopus,llm,1.000,unreviewed,,doi:10.1007/978-3-030-92307-5_13
discarded,Comparing tuis and guis for primary school programming,A. Almjally,2020,SIGCSE 2020 Proceedings of the 51st ACM Technical Symposium on Computer Science Education,10.1145/3328778.3366851,https://www.scopus.com/inward/record.uri?partnerID=HzOxMe3b&scp=85081591061&origin=inward,adjacent-subtopic,,scopus,llm,0.900,unreviewed,,doi:10.1145/3328778.3366851
