status,title,authors,year,venue,doi,url,tags,abstract,provider,decision_source,llm_confidence,llm_review_outcome,llm_change_direction,paper_id
kept,Alice: Easy-to-Learn 3D Scripting for Novices,Matthew J. Conway,1998,,10.18130/v3m85j,https://openalex.org/W4244415541,qualifies-claim,"To the members of the UVA CS department for their personal support and their generous support of the UIGroup, through the years.To Jeni Willoughby and the teachers, administrators, and students in the Lynchburg Virginia School Systems for the courage and leadership it took to deploy the beta version of Alice in their high school.And finally to Cassi Sendroff, age 11, and her sister, Eireann age 13, for the wonderful Alice worlds they created and for their perseverance with Alice, especially in the face of inadequate documentation.Their accomplishments with Alice were wonderful and surprising, and an unexpected validation of this work. Chapter 1 -The Three Stages of Media 10The content of any medium is always another medium Marshall McLuhanChapter 1The Three Stages of MediaThe Alice project traces its roots back to early 1991, when the first Virtual Reality systems were being built at the University of Virginia.Starting with a desire to build new interaction techniques for immersive, head-tracked Virtual Reality (VR) simulations, we quickly found that the tools that were available for this work were extremely hard to use for exploring a new user interface design space.Realizing that this itself was a reasonable research agenda, we set out to build programming tools that were easier and faster to use, not just for ourselves but for as many people as we thought reasonably possible.This effort, though it started with several tentative prototypes under a variety of names 1 , soon settled into what is now called the Alice project.We took as our charter the task of making interactive 3D graphics much more accessible to 19 year old ""non-programmer"" 1 Alice is the lastest system in a series of prototypes that we built starting in the early 1990s.Previous systems were named RPVR, Strobe, and Joe.We never had a system named Dave.1.Wordpad is a very simple text editor that ships with Windows 95. Chapter 6 -Empirical Evidence 91You can observe a lot just by watching Yogi BerraChapter 6 Empirical Evidence 6.1",openalex,llm,0.820,unreviewed,,doi:10.18130/v3m85j
discarded,Teaching and learning introductory programming : a model-based approach,Jens Bennedsen,2008,Duo Research Archive (University of Oslo),,https://openalex.org/W2466857371,adjacent-subtopic,"The dissertation identifies and discusses impact of a model-based approach to teaching and learning introductory object-oriented programming both for practitioners and for computer science education research.Learning to program is notoriously difficult. This dissertation investigates ways to teach introductory object-oriented programming at the university level. It focuses on a model-based approach, describes and argues for this approach and investigates several of its aspects. It gives an overview of the research in teaching introductory programming in an objects-first way. The dissertation also investigates ways for university teachers to share and document best practices in teaching introductory object-oriented programming through pedagogical patterns. The dissertation addresses both traditional young full-time students and experienced programmers (although not in object-orientation) participating in part-time education. It examines whether the same success factors for learning programming apply to a model-based approach as to introductory programming courses in general for full-time students and gives a general overview of research in success factors for introductory programming. Some factors are the same, because students‘ math competence is positively correlated with their success. The dissertation examines how experienced programmers link a model-based programming course to their professional practices. The general answer is that the part-time students do not need to have a direct link to their specific work-practice, they expect to create the link themselves; but the teacher must be aware of the conditions facing the part-time students in industry. Furthermore, the dissertation addresses interaction patterns for part-time students learning model-based introductory programming in a net-based environment. A previously prepared solution to an exercise is found to mediate the interaction in three different ways. Design patterns have had a major impact on the quality of object-oriented software. Inspired by this, researchers have suggested pedagogical patterns for sharing best practices in teaching introductory object-oriented programming. It was expected that university teachers‘ knowledge of pedagogical patterns was limited, but this research proved that to be wrong; about half of the teachers know pedagogical patterns. One of the problems this dissertation identifies is the lack of a structuring principle for pedagogical patterns; potential users have problems identifying the correct patterns to apply. An alternative structuring principle based on a constructivist learning theory is suggested and analysed.",openalex,llm,0.940,unreviewed,,hash:baddb4feabb9e898
discarded,Conservatively radical Java in CS1,Stuart Reges,2000,,10.1145/330908.331821,https://openalex.org/W2123444601,"supports-claim; adjacent-subtopic; tool or course description, no finding on learning event-driven programming or functions as values","Java is fast becoming the language of choice in CSI, but we have yet to figure out how to take full advantage of it's special features. The conservatives teach the old course in Java syntax. The radicals restructure the course to include Graphical User Interfaces (GUIs) and concurrency. I prefer a “conservatively radical” middle ground where I use modern GUI programs to teach the old course concepts. I write GUI/concurrent code and ask my students to complete the program by supplying a particular class or two. Thus, they work on interesting problems without having to understand the details of how my code works. And in the process, they get a practical introduction to the modern programming experience of writing a small piece of a much larger program, allowing me to emphasize abstraction early.",openalex,llm_reviewed,0.860,changed,kept->discarded,doi:10.1145/330908.331821
kept,"Easy, realistic GUIs with Java in CS1",Ken Lambert; Martin Osborne,2000,Journal of computing sciences in colleges,,https://openalex.org/W2209595080,qualifies-claim,"Instructors who use Java as a teaching language are faced with a dilemma: either use terminal I/O and miss the excitement and relevance of graphical user interfaces and event-driven programming, or use Java's Abstract Windowing Toolkit and distract students from the fundamental concepts of computer science. This paper introduces a third alternative, the use of a toolkit, BreezyGUI, that enables students to develop realistic GUIs and event-driven programs easily while still focusing on traditional computer science concepts.",openalex,llm,0.950,unreviewed,,hash:ea4b2fed363bae86
discarded,Teaching an Introductory Programming Language in a General Education Course,Azad Ali; David Thomas Smith,2014,Journal of Information Technology Education Innovations in Practice,10.28945/1992,https://openalex.org/W2188657826,adjacent-subtopic,"An international association advancing the multidisciplinary study of informing systems. Founded in 1998, the Informing Science Institute (ISI) is a global community of academics shaping the future of informing science.",openalex,llm,0.870,unreviewed,,doi:10.28945/1992
discarded,Depression and the specificity of autobiographical memory,John Mark Williams,1996,Cambridge University Press eBooks,10.1017/cbo9780511527913.010,https://openalex.org/W1925700447,off-topic-false-hit,"There are many ways to become depressed, and many ways in which recovery from depression is impaired. This chapter outlines how a person's memory can play a role in both. Past research has shown how depression affects and is affected by the type of events a person remembers. Negative mood promotes the recall of unpleasant events, either by making their activation more easy, or by impeding retrieval of alternative, more positive events. But I am not concerned here with the connection between depression and the preferential access to negative episodic memory, important though it is. This has been reviewed before many times (see Blaney, 1986; Christianson & Safer, this volume; Teasdale & Barnard, 1993; Williams, Watts, Macleod, & Mathews, 1988). Most of the research investigating mood congruent memory uses word or story learning paradigms rather than autobiographical memory. When autobiographical memory is the subject of study, the questions asked of it naturally focus on the reasons why some memories are faster or more probable to retrieve than others. The predominant paradigm within which explanations are sought is associative network theory, a framework that has been increasingly found not to account for the complexity of the data (Teasdale & Barnard, 1993; Williams et al., 1988). Instead, in this chapter I am concerned with exploring the connection between depression and the quality of the memory that is retrieved, a topic of inquiry for which network theory was not designed. In particular, I am interested in whether a person retrieves a specific event or a summary of events. First, I shall review evidence suggesting that depressed people use an overgeneral mode of retrieval, itself a clinically important phenomenon.",openalex,llm,1.000,unreviewed,,doi:10.1017/cbo9780511527913.010
kept,Event-driven Programming can be Simple Enough for CS 1,Kim B. Bruce; Andrea Danyluk; Thomas P. Murtagh,2001,,,https://openalex.org/W164540960,qualifies-claim; events-first,"We have recently designed a CS 1 course that integrates event-driven programming from the very start. Our experience teaching this course runs counter to the prevailing sense that these techniques would add complexity to the content of CS 1. Instead, we found that they were simple to present and that they also simplified the presentation of other material in the course. In this paper, we explain the approach we used to introduce event-driven methods and discuss the factors underlying our success. 1 Introduction We recently implemented a major update of our CS 1 course. The new version of the course is based on Java (replacing Pascal), takes an objects-first approach, uses labs incorporating graphics, and introduces event-driven programming techniques including threads quite early in the course. Our decision to introduce our students to GUI programming and to use event-driven techniques was influenced by two arguments. The first, expressed by Culwin and others [2, 8, 10], is that ""ou...",openalex,llm_reviewed,1.000,confirmed,,hash:cec71596ba61de49
discarded,Performance of neural network basecalling tools for Oxford Nanopore sequencing,Ryan R. Wick; Louise M. Judd; Kathryn E. Holt,2019,Genome biology,10.1186/s13059-019-1727-y,https://openalex.org/W2950993016,off-topic-false-hit,"BACKGROUND: Basecalling, the computational process of translating raw electrical signal to nucleotide sequence, is of critical importance to the sequencing platforms produced by Oxford Nanopore Technologies (ONT). Here, we examine the performance of different basecalling tools, looking at accuracy at the level of bases within individual reads and at majority-rule consensus basecalls in an assembly. We also investigate some additional aspects of basecalling: training using a taxon-specific dataset, using a larger neural network model and improving consensus basecalls in an assembly by additional signal-level analysis with Nanopolish. RESULTS: Training basecallers on taxon-specific data results in a significant boost in consensus accuracy, mostly due to the reduction of errors in methylation motifs. A larger neural network is able to improve both read and consensus accuracy, but at a cost to speed. Improving consensus sequences ('polishing') with Nanopolish somewhat negates the accuracy differences in basecallers, but pre-polish accuracy does have an effect on post-polish accuracy. CONCLUSIONS: Basecalling accuracy has seen significant improvements over the last 2 years. The current version of ONT's Guppy basecaller performs well overall, with good accuracy and fast performance. If higher accuracy is required, users should consider producing a custom model using a larger neural network and/or training data from the same species.",openalex,llm,1.000,unreviewed,,doi:10.1186/s13059-019-1727-y
discarded,Teaching and Learning to Program: Umbrella Review of Introductory Programming in Higher Education,Sónia Rolland Sobral,2021,Mathematics,10.3390/math9151737,https://openalex.org/W3184094077,adjacent-subtopic,"Introductory programming courses in science, technology, engineering, and mathematics (STEM) degrees are critical to student success throughout the students’ academic and professional route but have traditional failure and dropout rates. The number of publications and reviews on the subject is growing, so we realize the need to prepare an umbrella review, or review of reviews, to group previous studies and extract more comprehensive and ambitious results. Based on the databases ACM, Google Scholar, IEEE, SCOPUS and Web of Science libraries, a formal search was created that resulted in 21 reviews on programming fundamentals in higher education context. Results include bibliometric information on the CS1 reviews, in the context of higher education (namely annual evolution, number and information on authors, types and sources of information, countries of affiliation, languages, keywords and most cited articles), the purpose of the reviews and research questions, methods (namely search strategy, databases used, eligibility criteria) and results (number of records and tables or divisions were made to catalog the articles). We present a taxonomy with four different types of purpose: general, specific, student group and teacher directed. We found very interesting catalogs that can serve as a tool for future work, whether by researchers in the field or by authors who intend to carry out reviews related to introduction to programming, especially in the context of higher education.",openalex,llm,0.910,unreviewed,,doi:10.3390/math9151737
kept,A CS1 to CS2 bridge class using 2D game programming,Scott T. Leutenegger,2006,Journal of computing sciences in colleges,,https://openalex.org/W143450579,qualifies-claim,"Many students view our current CS1/CS2 sequence as abstract, boring, and hence too difficult. We present a new CS1 to CS2 bridge class developed and taught spring 2005. Our bridge class, perhaps called CS 1.5, uses 2D game programming in Flash ActionScript to solidify CS1 concepts, introduce concrete examples, introduce some new concepts such as graphics and event driven programming, and motivating the need for CS2. It is our hope that this class will better prepare students for CS2, increase their enthusiasm, and help retain majors.",openalex,llm,0.810,unreviewed,,hash:7cf699d51c8c5fe9
kept,Infusing an HtDP-based CS1 with distributed programming using functional video games,Marco T. Morazán,2018,Journal of Functional Programming,10.1017/s0956796818000059,https://openalex.org/W2789598490,qualifies-claim,"Abstract A Computer Science introduction course ought to focus on exciting students about the subject matter and on problem solving through the methodical design of programs. An effective way to achieve both is through the development of functional video games. As most students are interested in video games, their development adds an exciting domain to any introduction to programming. This article advocates that an exciting crowning achievement for students in such a course is the design and implementation of a multiplayer distributed video game. By exploiting a domain that is popular with students, they are taught about design principles, communication protocols, and pitfalls in distributed programming. This article puts forth a successfully used design recipe that places distributed programming well within the reach of beginning students and outlines the use of this design recipe in the classroom. For those teaching beginners, this article presents a model for developing their own distributed programming module. The success of the presented methodology is measured through student feedback on their distributed programming experience. The empirical results suggest that the design and implementation of distributed functional video games is effective and well-received by students. Furthermore, the data suggests that the presented methodology fails to exhibit the gender gap common in Computer Science and is effective regardless of the programming experience CS1 students bring to the classroom.",openalex,llm,0.860,unreviewed,,doi:10.1017/s0956796818000059
discarded,Computing with Spiking Neuron Networks,Hélène Paugam‐Moisy; Sander M. Bohté,2012,,10.1007/978-3-540-92910-9_10,https://openalex.org/W1926086117,off-topic-false-hit,,openalex,llm,0.990,unreviewed,,doi:10.1007/978-3-540-92910-9_10
discarded,Boosting the Full Potential of PyMOL with Structural Biology Plugins,Serena Rosignoli; Alessandro Paiardini,2022,Biomolecules,10.3390/biom12121764,https://openalex.org/W4310215464,off-topic-false-hit,"Over the past few decades, the number of available structural bioinformatics pipelines, libraries, plugins, web resources and software has increased exponentially and become accessible to the broad realm of life scientists. This expansion has shaped the field as a tangled network of methods, algorithms and user interfaces. In recent years PyMOL, widely used software for biomolecules visualization and analysis, has started to play a key role in providing an open platform for the successful implementation of expert knowledge into an easy-to-use molecular graphics tool. This review outlines the plugins and features that make PyMOL an eligible environment for supporting structural bioinformatics analyses.",openalex,llm,0.990,unreviewed,,doi:10.3390/biom12121764
discarded,A Semantic IoT Early Warning System for Natural Environment Crisis Management,Stefan Poslad; Stuart E. Middleton; Fernando Chaves; Ran Tao; Öcal Necmioğlu; Ulrich Bügel,2015,IEEE Transactions on Emerging Topics in Computing,10.1109/tetc.2015.2432742,https://openalex.org/W1772616240,off-topic-false-hit,"An early warning system (EWS) is a core type of data driven Internet of Things (IoTs) system used for environment disaster risk and effect management. The potential benefits of using a semantic-type EWS include easier sensor and data source plug-and-play, simpler, richer, and more dynamic metadata-driven data analysis and easier service interoperability and orchestration. The challenges faced during practical deployments of semantic EWSs are the need for scalable time-sensitive data exchange and processing (especially involving heterogeneous data sources) and the need for resilience to changing ICT resource constraints in crisis zones. We present a novel IoT EWS system framework that addresses these challenges, based upon a multisemantic representation model. We use lightweight semantics for metadata to enhance rich sensor data acquisition. We use heavyweight semantics for top level W3C Web Ontology Language ontology models describing multileveled knowledge-bases and semantically driven decision support and workflow orchestration. This approach is validated through determining both system related metrics and a case study involving an advanced prototype system of the semantic EWS, integrated with a deployed EWS infrastructure.",openalex,llm,0.990,unreviewed,,doi:10.1109/tetc.2015.2432742
discarded,Hedonic value: enhancing adaptation for motivated agents,Ignasi Cos; Lola D. Cañamero; Gillian M. Hayes; Andrew Gillies,2013,Adaptive Behavior,10.1177/1059712313486817,https://openalex.org/W2146017847,off-topic-false-hit,"Reinforcement learning (RL) in the context of artificial agents is typically used to produce behavioral responses as a function of the reward obtained by interaction with the environment. When the problem consists of learning the shortest path to a goal, it is common to use reward functions yielding a fixed value after each decision, for example a positive value if the target location has been attained and a negative value at each intermediate step. However, this fixed strategy may be overly simplistic for agents to adapt to dynamic environments, in which resources may vary from time to time. By contrast, there is significant evidence that most living beings internally modulate reward value as a function of their context to expand their range of adaptivity. Inspired by the potential of this operation, we present a review of its underlying processes and we introduce a simplified formalization for artificial agents. The performance of this formalism is tested by monitoring the adaptation of an agent endowed with a model of motivated actor–critic, embedded with our formalization of value and constrained by physiological stability, to environments with different resource distribution. Our main result shows that the manner in which reward is internally processed as a function of the agent’s motivational state, strongly influences adaptivity of the behavioral cycles generated and the agent’s physiological stability.",openalex,llm,0.990,unreviewed,,doi:10.1177/1059712313486817
