status,title,authors,year,venue,doi,url,tags,abstract,provider,decision_source,llm_confidence,llm_review_outcome,llm_change_direction,paper_id
discarded,posVibEditor: Graphical authoring tool of vibrotactile patterns,Jonghyun Ryu; Seungmoon Choi,2008,2008 IEEE International Workshop on Haptic Audio visual Environments and Games,10.1109/HAVE.2008.4685310,https://ieeexplore.ieee.org/document/4685310/,off-topic-false-hit,"This paper presents an authoring tool, posVibEditor, for quick and easy design of vibrotactile patterns for vibration motors. The tool supports the drag-and-drop design paradigm so that novice users can easily learn and interact with the tool. Vibration patterns are managed in a database using XML formats in order to improve their reusability and extensibility. The multi-channel timeline interface is also developed for designing time-synchronized multiple vibrotactile patterns for multiple vibration motors. In addition, an internal vibration player is incorporated to allow the user to test and evaluate designed patterns immediately. The last unique feature is a module for perceptually transparent rendering that can guarantee the delivery of perceptually correct vibration effects. The authoring tool is suitable to mobile devices that contain a single vibration motor as well as applications in virtual reality and haptics that frequently employ multiple vibration motors.",ieee,llm,0.990,unreviewed,,doi:10.1109/have.2008.4685310
discarded,Shaping the Future of Photonics Education: Integrating Simulation-Based Learning with Theoretical Instruction,"Baghdadchi, Saharnaz",2025,OPTICS AND PHOTONICS FOR INFORMATION PROCESSING XIX,10.1117/12.3063758,https://www.webofscience.com/wos/woscc/full-record/WOS:001781494700010,off-topic-false-hit,"As photonics continues to expand into advanced computing, sensing, and communication applications, educational approaches must evolve to prepare students with both theoretical foundations and practical modeling skills. This paper presents two instructional implementations of photonic device simulations using Ansys Lumerical in distinct educational settings: a high school outreach program and an upper-division undergraduate optics course. In the outreach program, high school students explored photonics concepts through guided, Graphical User Interface-based simulation activities involving ring resonators, diffraction patterns, and microscopy models. Worksheets and instructor-facilitated discussions helped students investigate key parameters and interpret device behavior. In the undergraduate course, students engaged in script-based simulation assignments, building and analyzing models of directional couplers, Mach-Zehnder interferometers, and ring resonators. These tasks emphasized parameter control, spectral analysis, and scripting.

Student feedback from both programs indicates that simulation-based instruction enhanced engagement and conceptual understanding. While novice learners benefited from structured scaffolding and visual tools, more advanced students found scripting exercises to be valuable for bridging the gap between theory and applied design. Student feedback also revealed challenges, including the need for clearer onboarding resources.

This paper demonstrates how simulation activities can be tailored for diverse learners, ranging from high school students to advanced undergraduates, and provides practical guidance on incorporating simulation tools into photonics education. By tailoring simulation strategies to match the learners' experience levels, instructors can support both conceptual exploration and technical skill development.",wos,llm,0.990,unreviewed,,doi:10.1117/12.3063758
discarded,PentHack: AI-Enabled Penetration Testing Platform for Knowledge Development,"Alaryani, Meera; Alremeithi, Shamsa; Al Ali, Fatima; Ikuesan, Richard",2024,"PROCEEDINGS OF THE 23RD EUROPEAN CONFERENCE ON CYBER WARFARE AND SECURITY, ECCWS 2024",,https://www.webofscience.com/wos/woscc/full-record/WOS:001419654100004,off-topic-false-hit,"The process of conducting and executing penetration testing within the pedagogical paradigm often requires complex and arduous processes. This is especially daunting for beginners who often struggle with the complexities of penetration processes: reconnaissance, enumeration, and system hacking. Research works to address this complexity leverage industry tools that have proven to work for industry-related training, however, they fail to support pedagogical learning in higher education systems. To address this limitation, this study proposed the development of an academic-focused penetration testing learning platform. The proposed approach integrates large language models (LLM) into the penetration testing lifecycle through a user-friendly GUI tool. The tool addresses the void in beginner-friendly ethical hacking tools by offering a stepwise guide, built-in commands and justifications, report generation, and an LLM prompt-engineered output displayed in a simple tabular format for easy reference. Furthermore, the tool provides an interactive menu for each phase of the penetration lifecycle thereby guiding users through common penetration testing commands. To cater to deeper learning needs, the tool leverages LLMs to furnish additional information on commands, empowering users with AI-generated insights. With the capability to compile a comprehensive report with all commands and logs acquired during its use, the proposed tool has the potential to reduce the time spent on research and decision-making. In addition, it streamlines the learning curve, allowing a more informed and structured approach to Pen-testing for beginners. By leveraging this platform, academics and learners can enhance their penetration testing knowledge without the complexities associated with learning penetration testing.",wos,llm,0.990,unreviewed,,hash:7d9cd01d0ea3d264
discarded,"A Centralized Approach to Intrusion Detection System Management: Design, Implementation and Evaluation","Pekarcik, Peter; Chovancova, Eva; Chovanec, Martin; Stancel, Martin",2025,ACTA POLYTECHNICA HUNGARICA,,https://www.webofscience.com/wos/woscc/full-record/WOS:001354043800001,off-topic-false-hit,"This paper presents the design, implementation, and evaluation of a novel control node for managing Intrusion Detection Systems (IDS). Existing IDS management solutions primarily focus on data visualization and lack comprehensive management capabilities, which are critical for effective intrusion detection. Our approach addresses these limitations by developing a centralized control node capable of managing multiple IDSs, providing real-time monitoring, configuration management, and enhanced security features. The control node uses SSH and SCP protocols for secure communication, supporting both centralized and distributed rule configurations. This flexible architecture enables efficient intrusion detection, even in high-traffic environments. The implemented system, featuring an intuitive graphical user interface (GUI) and robust management tools, supports both novice and advanced users, improving the overall usability and effectiveness of IDS management. Evaluation of the system under real-world conditions demonstrates that the control node reduces resource consumption, minimizes packet loss, and enhances detection efficiency by distributing workloads across multiple IDSs. The proposed solution offers a significant improvement in security management by enabling better control, monitoring, and configuration of IDSs, contributing to the overall security of the protected network.",wos,llm,1.000,unreviewed,,hash:9df7864b56260436
discarded,CAT: a computational anatomy toolbox for the analysis of structural MRI data,"Gaser, Christian; Dahnke, Robert; Thompson, Paul M.; Kurth, Florian; Luders, Eileen",2024,GIGASCIENCE,10.1093/gigascience/giae049,https://www.webofscience.com/wos/woscc/full-record/WOS:001288645300001,off-topic-false-hit,"A large range of sophisticated brain image analysis tools have been developed by the neuroscience community, greatly advancing the field of human brain mapping. Here we introduce the Computational Anatomy Toolbox (CAT)-a powerful suite of tools for brain morphometric analyses with an intuitive graphical user interface but also usable as a shell script. CAT is suitable for beginners, casual users, experts, and developers alike, providing a comprehensive set of analysis options, workflows, and integrated pipelines. The available analysis streams-illustrated on an example dataset-allow for voxel-based, surface-based, and region-based morphometric analyses. Notably, CAT incorporates multiple quality control options and covers the entire analysis workflow, including the preprocessing of cross-sectional and longitudinal data, statistical analysis, and the visualization of results. The overarching aim of this article is to provide a complete description and evaluation of CAT while offering a citable standard for the neuroscience community.",wos,llm,1.000,unreviewed,,doi:10.1093/gigascience/giae049
discarded,Astrocytic Calcium Signaling Toolkit (astroCaST): efficient analysis of dynamic astrocytic calcium events,"Reising, Jan Philipp; Gonzalez-Sanchez, Ana Cristina; Samara, Athina; Herlenius, Eric",2024,FRONTIERS IN CELLULAR NEUROSCIENCE,10.3389/fncel.2024.1408607,https://www.webofscience.com/wos/woscc/full-record/WOS:001262727200001,off-topic-false-hit,"The Astrocytic Calcium Signaling Toolkit (astroCaST) is a novel solution to a longstanding challenge in neuroscience research: the specialized analysis of astrocytic calcium events within fluorescence time-series imaging. Distinct from existing neuron-centric tools, astroCaST is adept at detecting and clustering astrocytic calcium events based on their unique spatiotemporal characteristics, thus filling a gap in astrocytic research methodologies. This toolkit not only facilitates the detection of such events but also extends its utility to provide comprehensive end-to-end analysis. This feature is absent in most tools targeting astrocytic activity. AstroCaST's development was motivated by the critical need for dedicated software that supports researchers in transitioning from raw video data to insightful experimental conclusions, efficiently managing large-scale datasets without compromising computational speed. It offers a user-friendly interface that caters to both novice and expert users, incorporating both a graphical user interface (GUI) for detailed explorations and a command-line interface (CLI) for extensive analyses. Expected outcomes from utilizing astroCaST include the ability to process and analyze a significantly larger volume of data. This enables a more profound and comprehensive analysis than previously possible, addressing the demands of large-scale astrocytic studies. In summary, astroCaST aims to advance astrocytic calcium imaging analysis, offering a tailored, efficient, and comprehensive toolset that enhances our understanding of astrocytic functions and their implications in neuroscience.",wos,llm,1.000,unreviewed,,doi:10.3389/fncel.2024.1408607
discarded,"Design, Development and Validation of a Smart Cochlear Three-Dimensional-Printed Model to Train ENT Surgeons","Dauterman, Michala; Jeyakumar, Anita; Gautam, Ishwor; Mahajan, Alisha; Khanna, Sahana; Mahajan, Ajay",2023,JOURNAL OF MEDICAL DEVICES-TRANSACTIONS OF THE ASME,10.1115/1.4064064,https://www.webofscience.com/wos/woscc/full-record/WOS:001206572200007,off-topic-false-hit,"This paper presents a platform for self-learning cochlear insertion using computer vision in a three-dimensional surrogate model. Self-learning and practice experiences often improve the confidence associated with eventual real-world trials by novice medical trainees. This helps the trainees practice electrode insertion to minimize the effect of suboptimal electrode placement such as incomplete electrode insertion, electrode kinking, and electrode tip fold-over. Although existing mastoid fitting templates improve insertion trajectories, extensive training is still required. Current methods that use cadavers, virtual training, or physical models from reconstruction images are not good enough for training purposes. The model presented here simulates the dimensions, texture, and feel of inserting the electrode into the cochlea. Currently, the temporal bone is not included, hence it is not meant for practicing drilling and other procedures to access the cochlear. The insertion process is observed in real-time using a camera and a Graphical User Interface that not only shows the video feed, but also provides depth, trajectory, and speed measurements. In a trial conducted for medical trainees, there was an overall improvement in all four metrics after they were trained on the hardware/software. There was a 14.20% improvement in insertion depth, 44.24% reduction in insertion speed, 52.90% reduction in back-outs, and a 64.89% reduction in kinks/fold-overs. The advantage of this model is that medical trainees can use it as many times as they like, as the whole setup is easy, economical, and reusable.",wos,llm,1.000,unreviewed,,doi:10.1115/1.4064064
discarded,A service-oriented orchestration and planning tool for plug and produce manufacturing: a deformable object handling supervision paradigm,"Kavvathas, Konstantinos; Kampourakis, Emmanouil; Andronas, Dionisis; Fousekis, Nikolaos; Makris, Sotiris",2024,INTERNATIONAL JOURNAL OF COMPUTER INTEGRATED MANUFACTURING,10.1080/0951192X.2024.2331533,https://www.webofscience.com/wos/woscc/full-record/WOS:001194306400001,off-topic-false-hit,"Recurrent production changes due to shortened product lifecycles besides the increased complexity, that the industry 4.0 paradigm brings, highlight the need for tools that are able to seamlessly orchestrate intelligent resource agents and guarantee rapid commissioning times. This paper presents a complete package for the creation, debugging, editing, management and execution of complex work schedules of robotic systems, named Workcell Controller. The controller is capable of simultaneously orchestrating multiple resources and modules or managing errors based on the real-time shopfloor's state. For greater applicability and compatibility, it is completely integrated with the ROS framework, meaning that standard ROS interfaces, functionalities and practices can be deployed. An intuitive web-based graphical user interface is designed for offering high usability even for novice users during programming and execution phases. The proposed package has been deployed and tested in two use cases inspired from the composites industry, demonstrating the controller's applicability, usability and short ramp up times.",wos,llm,0.960,unreviewed,,doi:10.1080/0951192x.2024.2331533
discarded,MetaWin 3: open-source software for meta-analysis,"Rosenberg, Michael S.",2024,FRONTIERS IN BIOINFORMATICS,10.3389/fbinf.2024.1305969,https://www.webofscience.com/wos/woscc/full-record/WOS:001169246000001,off-topic-false-hit,"The rise of research synthesis and systematic reviews over the last 25 years has been aided by a series of software packages providing simple and accessible GUI interfaces which are intuitively easy to use by novice analysts and users. Development of many of these packages has been abandoned over time due to a variety of factors, leaving a gap in the software infrastructure available for meta-analysis. To fulfill the continued demand for a GUI-based meta-analytic system, we have now released MetaWin 3 as free, open-source, multi-platform software. MetaWin3 is written in Python and developed from scratch relative to earlier versions. The codebase is available on Github, with pre-compiled executables for both Windows and macOS available from the MetaWin website. MetaWin includes standardized effect size calculations, exploratory and publication bias analyses, and allows for both simple and complex explanatory models of variation within a meta-analytic framework, including meta-regression, using traditional least-squares/moments estimation.",wos,llm,1.000,unreviewed,,doi:10.3389/fbinf.2024.1305969
discarded,ScriptManager: an interactive platform for reducing barriers to genomics analysis,"Lang, Olivia W.; Pugh, B. Franklin; Lai, William Km",2022,PRACTICE AND EXPERIENCE IN ADVANCED RESEARCH COMPUTING 2022,10.1145/3491418.3535161,https://www.webofscience.com/wos/woscc/full-record/WOS:001051711300066,off-topic-false-hit,ScriptManager was built to be a lightweight and easy to use genomics analysis tool for novice bioinformaticians. It includes both a graphical interface for easy navigation of inputs and options while also supporting a command line interface for automation and integration with workflow managers like Galaxy. We describe here how a user unfamiliar with the command line can leverage national supercomputing resources using a graphical desktop interface like Open OnDemand to perform their analyses and generate publication quality figures for their research. Widespread adoption of this tool in the genomics community would lower technical barriers to accessing supercomputing resources and allow biochemists to prototype their own workflows that can be integrated into large scale production pipelines. Source code and precompiled binaries available at https://github.com/CEGRcode/scriptmanager.,wos,llm,1.000,unreviewed,,doi:10.1145/3491418.3535161
discarded,An easy-to-use graphical user interface for mass spectrometry imaging analysis,"Zhang, Yusong; Wang, Xiaofei; Li, Miao; Guo, Tianchang; Zhao, Zhengyu; Zhang, Xin; Zhang, Yu; Zhang, Xin; Liu, Kehui",2023,INTERNATIONAL JOURNAL OF MASS SPECTROMETRY,10.1016/j.ijms.2023.117105,https://www.webofscience.com/wos/woscc/full-record/WOS:001050832900001,off-topic-false-hit,"The authors developed a user-friendly graphical interface, MSItoolbox, for beginners without programming knowledge by providing most of the default parameters for guidance. The toolbox can provide 2D and 3D visualization based on mass spectra preprocessing and modeling of MSI data from one or more experiments. The ROI method is applied to significantly compress the original MS data while preserving most of the relevant information of the original data without losing instrument quality accuracy. The toolbox can process the MSI dataset with a large data file size. In the testing example, with appropriate parameters, it was able to compress 244 GB of data files to 14.7 MB in a commonly used laptop without suffering the out-of-memory problem in less than 2.5 h. This toolbox supports importing all pixels or pixels in a specified area in a customized shape. The software provides commonly used functions: single-ion imaging display, MCR-ALS, spatial segmentation, ROI mass spectra average, and image registration. PCA and t-SNE were also provided to help with data interpretation, evaluation of data reliability, and data mining to explore important spatiotemporal relationships in the analyzed samples. Users can import a homemade proteomics mass spectrometry library based on LC-MS to search for small molecule candidate compounds. Image registration was included to combine the information of stained images with MSI and give the potential to use supervised methods for the analysis of MSI data.",wos,llm,1.000,unreviewed,,doi:10.1016/j.ijms.2023.117105
discarded,MyoSpring: 3D Printing Mechanomyographic Sensors for Subtle Finger Gesture Recognition,"Lin, Stephen Shiao-ru; Gamage, Nisal Menuka; Herath, Kithmini; Withana, Anusha",2022,"TEI'22: PROCEEDINGS OF THE SIXTEENTH INTERNATIONAL CONFERENCE ON TANGIBLE, EMBEDDED, AND EMBODIED INTERACTION",10.1145/3490149.3501321,https://www.webofscience.com/wos/woscc/full-record/WOS:000940778800015,off-topic-false-hit,"We introduce MyoSpring, a novel technique to fabricate customised mechanomyographic sensors with 3D printed springs. MyoSpring averts from a traditional 'one-size-fits-all' approach and facilitates the development of functionally customisable wrist-worn sensors, which can be used to recognise subtle finger gestures with high accuracy. We automate the design process of MyoSpring sensors with an intuitive Graphical User Interface enabling novices to quickly design and fabricate customised sensors. We conducted a user study with 15 participants and 12 gestures, including partial and full flexion finger gestures, to verify the functionality of MyoSpring. Through the evaluation, we show that 1) MyoSpring can achieve high average accuracy of finger gesture sensing of 94.11% (SD = 9.73%), 2) mechanical customisation allows MyoSpring to significantly improve the average accuracy of overall gesture sensing and 3) MyoSpring better supports partial finger flexion gesture sensing, achieving an accuracy of 91.44% (SD = 11.76%) for partial gestures.",wos,llm,0.990,unreviewed,,doi:10.1145/3490149.3501321
