status,title,authors,year,venue,doi,url,tags,abstract,provider,decision_source,llm_confidence,llm_review_outcome,llm_change_direction,paper_id
discarded,A Preliminary Study on the Development of a Virtual Reality-Based Financial Decision-Making Training Tool for Investment Trusts: Usability and Acceptability Among Community-Dwelling Healthy Older People,"Kato, Yuka; Hiyama, Masami; Oya, Nozomu; Narumoto, Jin",2025,PSYCHOGERIATRICS,10.1111/psyg.70068,https://www.webofscience.com/wos/woscc/full-record/WOS:001705383800001,off-topic-false-hit,"Background: As global population ages, financial gerontology is becoming increasingly important in supporting older adults' financial decision-making. The decline in the real asset value of financial assets driven by inflation and social security reforms necessitates investment strategies beyond traditional savings. However, age-related cognitive decline can impair financial decision-making capacity, highlighting the need for effective interventions. Virtual reality (VR)-based training appears promising in enhancing cognitive function, making it an engaging tool for financial education. This study aimed to evaluate the usability and acceptability of a VR-based financial decision-making training tool for investment trust among community-dwelling older adults. Methods: Twenty-eight cognitively healthy older adults (>= 60 years, Japanese version of the Montreal Cognitive Assessment >= 26) participated in a usability study using the Oculus Quest 2. The VR training involved interacting with an avatar that explained investment trust and answered decision-making quizzes. Usability and acceptability were assessed using a System Usability Scale, a Simulator Sickness Questionnaire, Likert-scale ratings on content clarity and content analysis of open-ended responses. Results: The median training session lasted 21.8 min, and most participants (89.3%) completed the task with minimal or no support. The System Usability Scale score was 63.8, slightly below the usability benchmark, whereas Simulator Sickness Questionnaire scores indicated minimal VR-induced discomfort (overall score: median 3.7). Content analysis revealed three major strengths-cognitive support, emotional engagement and learner autonomy-and four key challenges including interface usability, content difficulty, physical comfort, and auditory pacing. Conclusions: This preliminary study suggests that VR-based financial decision-making training is a promising tool for financial education in older adults, as it may reduce psychological barriers to financial learning. However, improvements in usability, including intuitive and interactive feedback, are required. Future studies should explore the long-term impact of VR training on financial decision-making, potential adaptations for vulnerable populations, and its role within hybrid financial education programs.",wos,llm,1.000,unreviewed,,doi:10.1111/psyg.70068
discarded,Investigation of the Influence of Flipped Learning and Text-Based Generative Artificial Intelligence in Programming Education: Effectiveness and Pedagogical Strategies,"Jang, Eun-Sill; Oh, Kyung-Sun",2026,COMPUTER APPLICATIONS IN ENGINEERING EDUCATION,10.1002/cae.70146,https://www.webofscience.com/wos/woscc/full-record/WOS:001703999400001,adjacent-subtopic,"Computational thinking (CT) and programming are essential competencies in the Fourth Industrial Revolution, spurring interest in learner-centered and artificial intelligence (AI)-based education. Combining the active environment of flipped learning with the personalized support of generative AI is a promising new strategy for programming education; however, research integrating these elements remains limited. This study investigated the effects of programming education that incorporates both flipped learning and generative AI on students' CT and problem-solving skills, with particular attention to variations by university size and educational setting. Participants were students enrolled in introductory software courses at two universities (K and J). Programming lessons integrating generative AI and flipped learning were developed, and changes in students' CT and problem-solving skills were evaluated using pre- and post-surveys and analyses of programming assignments. The study also examined the relationship between programming-related CT components (problem decomposition, abstraction, algorithm design, automation, and simulation) and students' programming difficulties, as well as key factors contributing to differences in learning outcomes between institutes. The results revealed significant improvements in the CT and problem-solving skills of students. Based on these findings, pedagogical strategies were proposed to optimize the use of generative AI and flipped learning in diverse educational contexts. This study provides valuable insights into the application of active, personalized learning in various settings, including introductory software education and online learning.",wos,llm,0.980,unreviewed,,doi:10.1002/cae.70146
discarded,Impacts of Academic Recovery Interventions on Student Achievement in 2022 to 2023,"Carbonari, Maria V.; DeArmond, Michael; Dewey, Daniel; Dizon-Ross, Elise; Goldhaber, Dan; Kane, Thomas J.; McDonald, Anna; McEachin, Andrew; Morton, Emily; Muroga, Atsuko; Salazar, Alejandra; Staiger, Douglas O.",2026,EDUCATIONAL EVALUATION AND POLICY ANALYSIS,10.3102/01623737251400377,https://www.webofscience.com/wos/woscc/full-record/WOS:001686445100001,off-topic-false-hit,"The COVID-19 pandemic caused large, persistent declines in student achievement. This paper examines 2022-2023 recovery efforts across eight districts, including tutoring, small-group instruction, after-school, extended year, double-dose, digital learning, and expert teacher interventions. The study includes 12 math programs and 15 literacy programs (three covered both subjects). Most served fewer students and provided lower dosage than planned. Using value-added models, we find positive, robust effects in just five subject-intervention pairs: one subject-specific tutoring program (+0.22 SD math, +0.22 SD reading), a small-group reading intervention (+0.33 SD), and assignment to ""expert"" teachers (+0.06 SD math, +0.11 SD reading). Results highlight the promise of intensive interventions while underscoring the difficulty of scaling them to meet recovery needs.",wos,llm,1.000,unreviewed,,doi:10.3102/01623737251400377
discarded,"BARRIERS, LESSONS AND POSSIBLE IMPROVEMENTS WHEN IMPLEMENTING EVIDENCE-BASED TEACHING: A NARRATIVE REVIEW","Pauletto, Patricia; Feres, Murilo Fernando Neuppmann; Stefani, Cristine Miron; Canto, Graziela De Luca; Flores-Mir, Carlos",2026,JOURNAL OF EVIDENCE-BASED DENTAL PRACTICE,10.1016/j.jebdp.2026.102229,https://www.webofscience.com/wos/woscc/full-record/WOS:001682665800001,off-topic-false-hit,"Evidence-based dentistry (EBD) has been widely promoted as a cornerstone of contemporary dental education and clinical decision-making. Its integration into undergraduate and graduate curricula aims to equip future professionals with the skills needed to critically appraise scientific evidence, apply research findings to clinical scenarios, and deliver patient-centered care. Despite its broad endorsement, the effectiveness of EBD education in producing sustained changes in clinical behavior and patient outcomes remains insufficiently established. This narrative review discusses key teaching strategies, curricular integration models, and real-world implementation experiences related to EBD education, while critically examining persistent challenges and gaps in the current evidence base. Active learning approaches, including small-group learning, journal clubs, hybrid formats, and structured mentorship programs, appear to enhance students' knowledge, attitudes, and critical appraisal skills. However, structural constraints, limited faculty training, curricular overload, and difficulties in translating academic competencies into clinical practice continue to hinder effective implementation. Additionally, emerging digital and artificial intelligence-based tools offer promising opportunities to support evidence synthesis, guideline updating, and personalized learning, although concerns regarding accuracy, bias, and scientific integrity remain. Overall, while EBD education posits clear benefits in improving knowledge and attitudes, robust longitudinal evidence demonstrating its longterm impact on clinical practice is still lacking. Addressing these challenges will require institutional commitment, continuous faculty development, standardized assessment strategies, and the thoughtful integration of technological innovations to ensure the sustainable adoption of EBD in dental education.",wos,llm,1.000,unreviewed,,doi:10.1016/j.jebdp.2026.102229
discarded,Designing and Validating a Concept Map Coding Scheme: Practical Applications for Engineering Education,"Kumar, Pavan; Summers, Joshua D.",2026,JOURNAL OF INTEGRATED DESIGN & PROCESS SCIENCE,10.1177/10920617251409522,https://www.webofscience.com/wos/woscc/full-record/WOS:001673156500001,off-topic-false-hit,"Concept maps have been used to assess knowledge acquisition, track learning, and reveal mental models. This study proposes and validates a computationally measurable coding scheme to overcome educational assessment limitations: time consuming, inconsistency in coding, and difficulty in measuring semantic and structural complexity. The three-step coding scheme includes (i) classifying vertices and edges using a guidebook, (ii) training coders through a standardized manual, and (iii) validating reproducibility via inter-rater reliability (IRR) using Fleiss' Kappa. Results from 22 undergraduate researchers coding six student-generated maps yielded moderate to substantial agreement (Kappa = 0.67 for vertices, 0.45 for edges), supporting both the accuracy and consistency of the scheme. This coding scheme enables scalable, real-time analysis of student thinking and lays the groundwork for automated feedback systems, with potential applications in adaptive learning and tracking of engineering identity in students pursuing engineering education. Beyond enabling structural and semantic analysis of student thinking, the scheme supports automated translation of hand-drawn maps into a digital, analyzable format laying the groundwork for scalable, real-time feedback systems in engineering education. By aligning methodological precision with reflective assessment practices, this research introduces a tool for measuring how students organize and evolve their understanding within project-based curricula. Future directions include integrating AI for automated coding, with promising applications in adaptive learning environments, formative feedback mechanisms, and long-term identity tracking in engineering programs.",wos,llm,0.980,unreviewed,,doi:10.1177/10920617251409522
discarded,Impact of the Kusa prevention program on cannabis consumption and emotional competencies among French Polynesian adolescents,"Pitel, Marion; Phan, Olivier; Bonnaire, Celine",2025,GLOBAL HEALTH PROMOTION,10.1177/17579759251317515,https://www.webofscience.com/wos/woscc/full-record/WOS:001642079500017,off-topic-false-hit,"Introduction: French Polynesia has one of the highest cannabis use prevalences among French territories, particularly starting in adolescence. Difficulties in emotional competency are major factors contributing to the development and maintenance of cannabis use disorder. Therefore, a French prevention program targeting these competencies was adapted to the Polynesian sociocultural context.Objectives: This quantitative and longitudinal study evaluates the impact of the program on cannabis consumption and emotional competencies among Polynesian middle and high school students, specifically based on their levels of cannabis use.Methods: This study used repeated measures (pre- and 3-month post-program) with standardized questionnaires. Classes were randomized into two groups (program participation/control group), with 231 students included (57.8% girls, mean age 15.0 +/- 0.77).Results: The Kusa program positively impacted non-users and low-users by improving emotional acceptance, awareness, verbalization, impulse control and reducing emotional intensity. Participants also demonstrated shifts in their cannabis use habits, with a larger proportion of participants reporting generally not consuming cannabis during the day, after the program. Frequent-users did not show significant changes in cannabis consumption but did exhibit increased emotional verbalization and awareness of emotional regulation difficulties.Discussion: The prevention program showed promising results in enhancing emotional competencies and potentially influencing cannabis consumption. These findings underscore the program's benefits and support broader implementation in school settings.",wos,llm,1.000,unreviewed,,doi:10.1177/17579759251317515
discarded,A systematic review of research on teaching web design to secondary school students through HTML and CSS,O.Y. Kharchenko,2026,Discover Education,10.1007/s44217-025-01079-0,https://www.scopus.com/inward/record.uri?partnerID=HzOxMe3b&scp=105028714004&origin=inward,adjacent-subtopic,,scopus,llm,0.930,unreviewed,,doi:10.1007/s44217-025-01079-0
discarded,Teaching Parallel Programming with Python for Research Computing: Design and Pilot Evidence from an MSc Course,K. Stefanov,2026,Pearc 2026 Practice and Experience in Advanced Research Computing 2026 Resilient Roots Empowered Communities,10.1145/3785462.3815819,https://www.scopus.com/inward/record.uri?partnerID=HzOxMe3b&scp=105048738773&origin=inward,adjacent-subtopic,,scopus,llm,0.840,unreviewed,,doi:10.1145/3785462.3815819
discarded,A Good Rubber Duck Does Not Quack: Designing Socratic Scaffolding in AI Tutors,A. Thonge,2026,Iticse 2026 Proceedings of the 31st ACM Conference on Innovation and Technology in Computer Science Education V 1,10.1145/3803400.3809368,https://www.scopus.com/inward/record.uri?partnerID=HzOxMe3b&scp=105045580893&origin=inward,adjacent-subtopic,,scopus,llm,0.960,unreviewed,,doi:10.1145/3803400.3809368
discarded,Exploring the potential and limitations of large language models for novice program fault localization,H. Xu,2026,Journal of Systems and Software,10.1016/j.jss.2025.112731,https://www.scopus.com/inward/record.uri?partnerID=HzOxMe3b&scp=105024530056&origin=inward,adjacent-subtopic,,scopus,llm,0.980,unreviewed,,doi:10.1016/j.jss.2025.112731
discarded,DeliverC: Teaching Pointers through GenAI-Powered Game-Based Learning,W. Petula,2026,SIGCSE TS 2026 Proceedings of the 57th ACM Technical Symposium on Computer Science Education V 1,10.1145/3770762.3772509,https://www.scopus.com/inward/record.uri?partnerID=HzOxMe3b&scp=105031901696&origin=inward,adjacent-subtopic,,scopus,llm,0.980,unreviewed,,doi:10.1145/3770762.3772509
discarded,A design-based approach to analysing student engagement with a GenAI-Enabled brainstorming app,J. Chia,2025,Computers and Education Artificial Intelligence,10.1016/j.caeai.2025.100468,https://www.scopus.com/inward/record.uri?partnerID=HzOxMe3b&scp=105015043471&origin=inward,off-topic-false-hit,,scopus,llm,0.960,unreviewed,,doi:10.1016/j.caeai.2025.100468
discarded,Programming Structures and Their Misconceptions Across Modalities: The Pilot Study of a Code Tracing Assessment For Talented Primary School Students,K. Kunz,2025,Proceedings of 25th International Conference on Computing Education Research Koli Calling 2025,10.1145/3769994.3770040,https://www.scopus.com/inward/record.uri?partnerID=HzOxMe3b&scp=105022875950&origin=inward,adjacent-subtopic,,scopus,llm,0.860,unreviewed,,doi:10.1145/3769994.3770040
discarded,Engineering Students' Experiences With ChatGPT to Generate Code for Disciplinary Programming,C. Vieira,2025,Computer Applications in Engineering Education,10.1002/cae.70090,https://www.scopus.com/inward/record.uri?partnerID=HzOxMe3b&scp=105018459772&origin=inward,adjacent-subtopic,,scopus,llm,0.970,unreviewed,,doi:10.1002/cae.70090
discarded,Exploring the Potential of Generative AI to Support Non-experts in Learning Analytics Practice,X. Ochoa,2025,Journal of Learning Analytics,10.18608/jla.2025.8615,https://www.scopus.com/inward/record.uri?partnerID=HzOxMe3b&scp=105001798572&origin=inward,off-topic-false-hit,,scopus,llm,0.980,unreviewed,,doi:10.18608/jla.2025.8615
discarded,Generating Effective Distractors for Introductory Programming Challenges: LLMs vs Humans,M. Hassany,2025,15th International Conference on Learning Analytics and Knowledge Lak 2025,10.1145/3706468.3706529,https://www.scopus.com/inward/record.uri?partnerID=HzOxMe3b&scp=105000352192&origin=inward,adjacent-subtopic,,scopus,llm,0.940,unreviewed,,doi:10.1145/3706468.3706529
discarded,BarrelBots: ChatGPT Feedback for Middle School Student Creative Minecraft Artifacts,S. Hum,2025,Lecture Notes in Computer Science,10.1007/978-3-031-98420-4_1,https://www.scopus.com/inward/record.uri?partnerID=HzOxMe3b&scp=105011950510&origin=inward,adjacent-subtopic,,scopus,llm,0.940,unreviewed,,doi:10.1007/978-3-031-98420-4_1
discarded,Accessible and Reliable AI Coding Tutors: Augmenting Large Language Models with Retrieval-Augmented Generation for Java Programming,G. Puigcercos I Vilar,2025,IEEE Global Engineering Education Conference Educon,10.1109/EDUCON62633.2025.11016497,https://www.scopus.com/inward/record.uri?partnerID=HzOxMe3b&scp=105008225176&origin=inward,adjacent-subtopic,,scopus,llm,0.980,unreviewed,,doi:10.1109/educon62633.2025.11016497
discarded,Pirates of the Sea++: A Serious Game for Computer Science Education,W. Cherry,2025,IEEE Global Engineering Education Conference Educon,10.1109/EDUCON62633.2025.11016447,https://www.scopus.com/inward/record.uri?partnerID=HzOxMe3b&scp=105008193181&origin=inward,adjacent-subtopic,,scopus,llm,0.960,unreviewed,,doi:10.1109/educon62633.2025.11016447
discarded,Voice-over anatomy lectures created by AI-voice cloning technology: A descriptive article,S.R. Mogali,2024,Anatomical Sciences Education,10.1002/ase.2524,https://www.scopus.com/inward/record.uri?partnerID=HzOxMe3b&scp=85207260827&origin=inward,off-topic-false-hit,,scopus,llm,1.000,unreviewed,,doi:10.1002/ase.2524
discarded,Coding Decoded: Exploring Course Achievement and Gender Disparities in an Online Flipped Classroom Programming Course,S. Malkoc,2024,Education Sciences,10.3390/educsci14060634,https://www.scopus.com/inward/record.uri?partnerID=HzOxMe3b&scp=85197153207&origin=inward,adjacent-subtopic,,scopus,llm,0.960,unreviewed,,doi:10.3390/educsci14060634
discarded,Towards Attention-Based Automatic Misconception Identification in Introductory Programming Courses,M. Hoq,2024,SIGCSE 2024 Proceedings of the 55th ACM Technical Symposium on Computer Science Education,10.1145/3626253.3635575,https://www.scopus.com/inward/record.uri?partnerID=HzOxMe3b&scp=85189169144&origin=inward,adjacent-subtopic,,scopus,llm,0.910,unreviewed,,doi:10.1145/3626253.3635575
discarded,Utilization of Asynchronous Learning as an Innovation in Independent Learning of IoT Programming,R. Ariyanto,2024,Icaaeei 2024 1st International Conference of Adisutjipto on Aerospace Electrical Engineering and Informatics Shaping the Future Work for the Aerospace Technology in Science Engineering and Industry in the Disruptive Era,10.1109/ICAAEEI63658.2024.10899125,https://www.scopus.com/inward/record.uri?partnerID=HzOxMe3b&scp=105000720186&origin=inward,adjacent-subtopic,,scopus,llm,0.950,unreviewed,,doi:10.1109/icaaeei63658.2024.10899125
discarded,Breaking Boundaries: Introducing First-Year Engineering Students to Computational Fluid Dynamics,J.D. Ortega-Alvarez,2024,Proceedings Frontiers in Education Conference Fie,10.1109/FIE61694.2024.10893293,https://www.scopus.com/inward/record.uri?partnerID=HzOxMe3b&scp=105000701461&origin=inward,off-topic-false-hit,,scopus,llm,0.980,unreviewed,,doi:10.1109/fie61694.2024.10893293
discarded,Personalised Programming Education with Knowledge Tracing,M. Shaka,2023,ACM International Conference Proceeding Series,10.1145/3633083.3633220,https://www.scopus.com/inward/record.uri?partnerID=HzOxMe3b&scp=85183319039&origin=inward,adjacent-subtopic,,scopus,llm,0.970,unreviewed,,doi:10.1145/3633083.3633220
discarded,Giving Students a View of Buffer Overflow with Readily Available Tools,C.L. Resch,2023,ASEE Annual Conference and Exposition Conference Proceedings,,https://www.scopus.com/inward/record.uri?partnerID=HzOxMe3b&scp=85172145648&origin=inward,adjacent-subtopic,,scopus,llm,0.980,unreviewed,,hash:be662ebc799079db
discarded,Experimental evaluation of a neurophysiological intervention designed to increase student resilience: a pilot study,A. Kresovich,2023,Journal of Child and Adolescent Mental Health,10.2989/17280583.2024.2336473,https://www.scopus.com/inward/record.uri?partnerID=HzOxMe3b&scp=85195907539&origin=inward,off-topic-false-hit,,scopus,llm,1.000,unreviewed,,doi:10.2989/17280583.2024.2336473
discarded,Exploring the Learnability of Program Synthesizers by Novice Programmers,D. Jayagopal,2022,UIST 2022 Proceedings of the 35th Annual ACM Symposium on User Interface Software and Technology,10.1145/3526113.3545659,https://www.scopus.com/inward/record.uri?partnerID=HzOxMe3b&scp=85141597321&origin=inward,adjacent-subtopic,,scopus,llm,0.960,unreviewed,,doi:10.1145/3526113.3545659
discarded,An Asynchronous Call Graph for JavaScript,D. Seifert,2022,Proceedings International Conference on Software Engineering,10.1109/ICSE-SEIP55303.2022.9794057,https://www.scopus.com/inward/record.uri?partnerID=HzOxMe3b&scp=85132797007&origin=inward,adjacent-subtopic,,scopus,llm,0.780,unreviewed,,doi:10.1109/icse-seip55303.2022.9794057
