status,title,authors,year,venue,doi,url,tags,abstract,provider,decision_source,llm_confidence,llm_review_outcome,llm_change_direction,paper_id
discarded,Secure software Engineering through Sensible AutoMation (SESAM),"Fucci, Davide",2025,"2025 ACM/IEEE INTERNATIONAL SYMPOSIUM ON EMPIRICAL SOFTWARE ENGINEERING AND MEASUREMENT, ESEM",10.1109/ESEM64174.2025.00027,https://www.webofscience.com/wos/woscc/full-record/WOS:001776176200053,adjacent-subtopic,"Background: Security is incorporated late in the Software Development Life Cycle (SDLC), whereas early activities supporting developers in understanding and implementing security measures are difficult to integrate. Aims: The project focuses on empowering developers with tools and practices to seamlessly integrate security and understand the role automation plays in it. Method: During the project, we perform several industrial empirical studies, qualitative and quantitative, under the Design Science Research paradigm. Results: Our studies supporting developers to secure their software supply chain show a positive stance despite low adoption of artifacts such as SBOM and VEX. Other efforts, embedding security in GUI-based testing, are showing promising results. Conclusion: The project covers a broad spectrum of development activities that can be enhanced from a security perspective. Initial results show that despite developers' interest, adoption is limited.",wos,llm,0.950,unreviewed,,doi:10.1109/esem64174.2025.00027
discarded,Understanding Commercial Low-code App Bugs,"Syed, Hadia; He, Zhixing; Tang, Ye; Liu, Jiqing; Chen, Shengjie; Sun, Lixin; Zhong, Hao",2025,"2025 32ND ASIA-PACIFIC SOFTWARE ENGINEERING CONFERENCE, APSEC",10.1109/APSEC66846.2025.00015,https://www.webofscience.com/wos/woscc/full-record/WOS:001733912600004,adjacent-subtopic,"As a paradigm of end-user programming, low-code development has attracted attention from academics and enterprises. Consulting firms estimate that this paradigm can have great business value and that many large enterprises can switch to low-code development. To understand the emerging paradigm, researchers conducted various empirical studies about low-code development. Still, most studies analyze bugs in lowcode development platforms. Although these studies are related, low-code development platforms are classical programs, not low-code applications. Several other studies analyze how programmers perceive low-code applications, but do not provide direct analysis. As low-code applications are typically commercial, most low-code projects are not open source. It is difficult to collect the subjects, and many questions are still open.

In this paper, we propose the first study on bugs in low-code applications. To overcome the above-mentioned challenge, we collect 8 actively maintained low-code projects from our industrial partner. From the 8 projects, we collected 248 bugs from our industrial partner and analyzed their symptoms, causes, and repairs. Our study derives 7 interesting findings. For instance, we find that 78.23% of low-code bugs are related to human-computer interactions. The result indicates that GUI testing can be critical in detecting bugs in low-code applications. As another example, we find that even if programs are developed on low-code platforms, modifying source files is necessary to fix 78.23% of low-code bugs.",wos,llm,0.910,unreviewed,,doi:10.1109/apsec66846.2025.00015
kept,Semantic Matching based Test Case Reuse for Android Applications,"Ngoc Bao Nguyen; Takada, Shingo",2025,"2025 IEEE INTERNATIONAL CONFERENCE ON SOFTWARE ANALYSIS, EVOLUTION AND REENGINEERING-COMPANION, SANER-C",10.1109/SANER-C66551.2025.00033,https://www.webofscience.com/wos/woscc/full-record/WOS:001717061800029,supports-claim,"Graphical User Interface (GUI) testing is crucial for ensuring that Android applications deliver a positive, consistent, and functional user experience. Nonetheless, most automated GUI testing techniques aim at maximizing code coverage or finding as many crashes as possible, not focusing much on the functional features of the app. Recently, test reuse based on semantic similarities between applications with similar functionalities has been utilized to reduce the cost of GUI testing. However, they still face many obstacles, such as limited text semantic information and ineffective semantic matching rules, resulting in generating inaccurate test cases. In this paper, we propose SMAPDroid, a framework for reusing test cases between Android applications with similar features. Our evaluation results show that SMAPDroid performs better than prior work in terms of precision and recall, and reduced human effort by 91% compared to writing test scripts from scratch.",wos,llm,0.880,unreviewed,,doi:10.1109/saner-c66551.2025.00033
kept,Who's to Blame? Rethinking the Brittleness of Automated Web GUI Testing from a Pragmatic Perspective,"Zhang, Haonan; Yao, Kundi; Ding, Zishuo; Liao, Lizhi; Shang, Weiyi",2025,"2025 40TH IEEE/ACM INTERNATIONAL CONFERENCE ON AUTOMATED SOFTWARE ENGINEERING, ASE",10.1109/ASE63991.2025.00251,https://www.webofscience.com/wos/woscc/full-record/WOS:001706323100242,supports-claim,"Automated web GUI testing is important for software quality, however, its effectiveness is often undermined by test case brittleness, especially in continuously evolving real-world applications. In this experience paper, we pragmatically investigate the root causes of brittleness. We first analyze why legacy test cases, derived from the Mind2Web dataset, fail when executed on current web application versions. Our findings reveal that brittleness stems from multifaceted factors, including test script design, web application complexity, and automation framework limitations. A longitudinal study further shows that 81.7% of repaired tests break again within six months, primarily due to similar recurring issues, highlighting the persistent nature of brittleness. We further demonstrate that Large Language Models, when provided with human-like diagnostic context, can successfully repair a substantial portion of these brittle tests, though human expertise remains important for more complex scenarios. Our findings emphasize that brittleness is a multi-faceted problem requiring collaboration between different parts involved in the automation testing.",wos,llm,0.980,unreviewed,,doi:10.1109/ase63991.2025.00251
kept,Element-Aware Fine-Tuning of Vision-Language Models for Cost-Efficient GUI Testing in an Industrial Setting,"Wu, Mengzhou; Guo, Yuzhe; Cao, Yuan; Lu, Haochuan; Zhang, Hengyu; Zeng, Xia; Yao, Liangchao; Deng, Yuetang; Ran, Dezhi; Yang, Wei; Xie, Tao",2025,"2025 40TH IEEE/ACM INTERNATIONAL CONFERENCE ON AUTOMATED SOFTWARE ENGINEERING, ASE",10.1109/ASE63991.2025.00296,https://www.webofscience.com/wos/woscc/full-record/WOS:001706323100286,supports-claim,"User Interface (UI) testing is crucial for quality assurance of industrial mobile applications, and yet it remains labor-intensive and challenging to automate effectively. Recent advances in Vision-Language Models (VLMs) present a promising solution for automating GUI testing by mapping natural language instructions to pixel-level actions, significantly reducing the manual effort required for writing test scripts and even designing test cases. While numerous VLMs have been proposed and evaluated for GUI testing, they often fail to meet two critical industrial requirements: (1) effectiveness when handling complex, multi-step workflows in industrial applications, and (2) efficiency for large-scale, high-frequency testing environments typical in industrial settings. Toward addressing the preceding industrial requirements, in this paper, we report our experiences in developing and deploying REPEEK, a novel approach employing a unified three-stage pipeline for both training and inference, enables a VLM to explicitly detect and reason over discrete GUI elements, thereby overcoming the limitations of pixel-based reasoning for both efficiency and effectiveness improvements. In the first stage, REPEEK integrates a lightweight UI-element detector named OmniParser to decompose UI screenshots into a structured element list. In the second stage, REPEEK adopts the vision encoder of the VLM to generate the embedding for each element. In the third stage, REPEEK fuses these element embeddings with the textual instruction to reason and perform classification directly on the UI elements, empowering efficient small models to achieve superior performance against expensive large models. Comprehensive evaluations on public benchmarks and deployment at WeChat show that REPEEK consistently achieves superior accuracy and efficiency compared to state-of-the-art VLMs. Specifically, REPEEK enables a fine-tuned Qwen2.5-VL-3B model to outperform a 72B model with 75% less training data, validating the effectiveness of incorporating domain knowledge into VLM-based GUI testing. We conclude by summarizing three key lessons from developing and deploying REPEEK, offering insights for both researchers and practitioners working on industrial-strength UI testing.",wos,llm,0.820,unreviewed,,doi:10.1109/ase63991.2025.00296
kept,Practical Escape of Exploration Tarpits for Mini-Game Testing in an Industrial Setting,"Cao, Yuan; Ran, Dezhi; Lu, Haochuan; Guo, Chao; Hao, Xuran; Chen, Zhuoru; Xiong, Ting; Deng, Yuetang; Xie, Tao",2025,"2025 40TH IEEE/ACM INTERNATIONAL CONFERENCE ON AUTOMATED SOFTWARE ENGINEERING, ASE",10.1109/ASE63991.2025.00258,https://www.webofscience.com/wos/woscc/full-record/WOS:001706323100249,supports-claim,"Attracting over one billion registered users globally, WeChat's mini-game platform has become one of the largest gaming platforms with hundreds of thousands of published mini-games. To ensure the quality of experiences across a massive number of mini-games, automated UI testing has become essential for WeChat. However, sliding-gesture-induced exploration tarpits, states where a testing tool becomes trapped in repetitive, unsuccessful gesture attempts, cause the testing tool to waste up to 98% of its testing budget due to its inability to execute proper sliding gestures. While mini-games typically contain visual hints (e.g., sliding indicators) guiding the desired sliding gestures, exploiting these hints to escape exploration tarpits faces two major challenges in industrial settings: (1) robustness challenge when exploiting hints from only several discontinuous screenshots, and (2) efficiency challenge to support thousands of concurrent testing services with minimal overhead and costs.

To address the preceding challenges, we report our experiences in developing and deploying SLIDESCOUT, a threestage approach for detecting and escaping sliding-gesture-induced exploration tarpits via efficient exploitation of visual hints. First, SLIDESCOUT concurrently monitors the testing progress and detects sliding indicators alongside screenshot collection, improving efficiency by reusing preprocessed results in subsequent stages. Second, SLIDESCOUT reconstructs potential sliding trajectories using multiple heuristics, addressing robustness challenges when precise trajectories are unavailable due to discontinuous screenshots. Third, SLIDESCOUT applies the inferred sliding gestures until it successfully escapes the tarpit, enabling easy integration with existing testing tools. Deployed at WeChat internally for six months, SLIDESCOUT has helped reveal 25,000 crashes and 120,000 JavaScript errors, detecting 50% more crashes compared to the pre-deployment baseline within the same time period. We summarize three major lessons learned from developing and deploying SLIDESCOUT.",wos,llm,0.920,unreviewed,,doi:10.1109/ase63991.2025.00258
discarded,Dynamic Testing of GUI Exercises in Headless Environments,"Schmitz, Benjamin",2025,"2025 40TH IEEE/ACM INTERNATIONAL CONFERENCE ON AUTOMATED SOFTWARE ENGINEERING, ASE",10.1109/ASE63991.2025.00393,https://www.webofscience.com/wos/woscc/full-record/WOS:001706323100383,adjacent-subtopic,"Testing Graphical User Interface applications in non-graphical environments is challenging, especially for autograders in large-scale programming courses, where traditional approaches often depend on a graphical operating system. This paper presents a headless testing approach that simulates user interactions and verifies application state. A reference implementation demonstrates that interactive applications can be assessed reliably in headless settings. The approach ran in a large-scale introductory programming course, assessing 1,020 submissions without a graphical subsystem. A case study confirms the system meets key requirements and delivers reproducible, scalable, and pedagogically valuable feedback.",wos,llm,0.760,unreviewed,,doi:10.1109/ase63991.2025.00393
kept,LLM-Empowered Scriptless Functional Testing,"van Hooren, Colin; Pastor Ricos, Fernando; Bromuri, Stefano; Vos, Tanja E. J.; Marin, Beatriz",2025,"2025 25TH INTERNATIONAL CONFERENCE ON SOFTWARE QUALITY, RELIABILITY AND SECURITY, QRS",10.1109/QRS65678.2025.00012,https://www.webofscience.com/wos/woscc/full-record/WOS:001701524100001,supports-claim,"Scriptless testing generates test sequences dynamically by automatically exploring the Graphical User Interface (GUI). Instead of relying on predefined scripts-which have proven expensive to maintain-scriptless tools detect available widgets, derive possible actions, and select actions on the fly using exploratory techniques such as random selection, model-based inference, or reinforcement learning.

While scriptless testing is a valuable complement to scripted approaches, current techniques lack the intelligence needed to strategically select and execute GUI actions that fulfill specific functional testing goals-such as those derived from requirements, use cases, or user stories. Unsurprisingly, this leads companies to question the viability of scriptless testing tools and continue relying on scripts for test automation.

This paper reports on the integration of Large Language Models (LLMs) into a scriptless GUI testing tool for action selection, aiming to determine whether it can generate effective action sequences to test specific functional requirements.

Our results demonstrate that a multi-objective test goal structure, combined with historical and feedback context, enables LLM-empowered scriptless testing to automate functional testing. Although further research is needed to tackle challenges in complex test scenarios, our findings offer promising results that LLM-empowered scriptless testing can reduce reliance on the maintenance-heavy aspects of traditional scripted testing.",wos,llm,0.900,unreviewed,,doi:10.1109/qrs65678.2025.00012
discarded,Seeing is Believing: Vision-Driven Non-Crash Functional Bug Detection for Mobile Apps,"Liu, Zhe; Li, Cheng; Chen, Chunyang; Wang, Junjie; Chen, Mengzhuo; Wu, Boyu; Wang, Yawen; Hu, Jun; Wang, Qing",2025,IEEE TRANSACTIONS ON SOFTWARE ENGINEERING,10.1109/TSE.2025.3614469,https://www.webofscience.com/wos/woscc/full-record/WOS:001639031400023,qualifies-claim; adjacent-subtopic,"Mobile app GUI (Graphical User Interface) pages now contain rich visual information, with the visual semantics of each page helping users understand the application logic. However, these complex visual and functional logics present new challenges to software testing. Existing automated GUI testing methods, constrained by the lack of reliable testing oracles, are limited to detecting crash bugs with obvious abnormal signals. Consequently, many non-crash functional bugs, ranging from unexpected behaviors to logical errors, often evade detection by current techniques. While these non-crash functional bugs can exhibit visual cues that serve as potential testing oracles, they often entail a sequence of screenshots, and detecting them necessitates an understanding of the operational logic among GUI page transitions, which is challenging traditional techniques. Considering the remarkable performance of Multimodal Large Language Models (MLLM) in visual and language understanding, this paper proposes VisionDroid, a novel vision-driven, multi-agent collaborative automated GUI testing approach for detecting non-crash functional bugs. It comprises three agents: Explorer, Monitor, and Detector, to guide the exploration, oversee the testing progress, and spot issues. We also address several challenges, i.e., aligning visual and textual information for MLLM input, achieving functionality-oriented exploration, and inferring test oracles for non-crash bugs, to enhance the performance of functionality bug detection. We evaluate VisionDroid on 590 non-crash bugs and compare it with 12 baselines, it can achieve more than 14%-112% and 108%-147% boost in average recall and precision compared with the best baseline. The ablation study further proves the contribution of each module. Moreover, VisionDroid identifies 43 unknown bugs on Google Play, of which 31 have been fixed.",wos,llm_reviewed,0.880,changed,kept->discarded,doi:10.1109/tse.2025.3614469
discarded,Deeply Reinforcing Android GUI Testing with Deep Reinforcement Learning,"Lan, Yuanhong; Lu, Yifei; Li, Zhong; Pan, Minxue; Yang, Wenhua; Zhang, Tian; Li, Xuandong",2024,"PROCEEDINGS OF THE IEEE/ACM 46TH INTERNATIONAL CONFERENCE ON SOFTWARE ENGINEERING, ICSE 2024",10.1145/3597503.3623344,https://www.webofscience.com/wos/woscc/full-record/WOS:001593206300071,adjacent-subtopic,"As the scale and complexity of Android applications continue to grow in response to increasing market and user demands, quality assurance challenges become more significant. While previous studies have demonstrated the superiority of Reinforcement Learning (RL) in Android GUI testing, its effectiveness remains limited, particularly in large, complex apps. This limitation arises from the ineffectiveness of Tabular RL in learning the knowledge within the large state-action space of the App Under Test (AUT) and from the suboptimal utilization of the acquired knowledge when employing more advanced RL techniques. To address such limitations, this paper presents DQT, a novel automated Android GUI testing approach based on deep reinforcement learning. DQT preserves widgets' structural and semantic information with graph embedding techniques, building a robust foundation for identifying similar states or actions and distinguishing different ones. Moreover, a specially designed Deep Q-Network (DQN) effectively guides curiosity-driven exploration by learning testing knowledge from runtime interactions with the AUT and sharing it across states or actions. Experiments conducted on 30 diverse open-source apps demonstrate that DQT outperforms existing state-of-the-art testing approaches in both code coverage and fault detection, particularly for large, complex apps. The faults detected by DQT have been reproduced and reported to developers; so far, 21 of the reported issues have been explicitly confirmed, and 14 have been fixed.",wos,llm,0.940,unreviewed,,doi:10.1145/3597503.3623344
discarded,Practical Non-Intrusive GUI Exploration Testing with Visual-based Robotic Arms,"Yu, Shengcheng; Fang, Chunrong; Du, Mingzhe; Ling, Yuchen; Chen, Zhenyu; Su, Zhendong",2024,"PROCEEDINGS OF THE IEEE/ACM 46TH INTERNATIONAL CONFERENCE ON SOFTWARE ENGINEERING, ICSE 2024",10.1145/3597503.3639161,https://www.webofscience.com/wos/woscc/full-record/WOS:001593206300130,adjacent-subtopic,"Graphical User Interface (GUI) testing has been a significant topic in the software engineering community. Most existing GUI testing frameworks are intrusive and can only support some specific platforms, which are quite limited. With the development of distinct scenarios, diverse embedded systems or customized operating systems on different devices do not support existing intrusive GUI testing frameworks. Some approaches adopt robotic arms to replace the interface invoking of mobile apps under test and use computer vision technologies to identify GUI elements. However, some challenges remain unsolved with such approaches. First, existing approaches assume that GUI screens are fixed so that they cannot be adapted to diverse systems with different screen conditions. Second, existing approaches use XY-plane robotic arm system, which cannot flexibly simulate human testing operations. Third, existing approaches ignore the compatibility bugs of apps and only focus on the crash bugs. To sum up, a more practical approach is required for the non-intrusive scenario. In order to solve the remaining challenges, we propose a practical non-intrusive GUI testing framework with visual-based robotic arms, namely RoboTest. RoboTest integrates a set of novel GUI screen and widget detection algorithm that is adaptive to detecting screens of different sizes and then to extracting GUI widgets from the detected screens. Then, a complete set of widely-used testing operations are applied with a 4-DOF robotic arm, which can more effectively and flexibly simulate human testing operations. During the app exploration, RoboTest integrates the specially designed Principle of Proximity-guided (PoP-guided) exploration strategy, which chooses close widgets of the previous operation targets to reduce the robotic arm movement overhead and improve exploration efficiency. Moreover, RoboTest can effectively detect some compatibility bugs beyond crash bugs with a GUI comparison on different devices of the same test operations. We evaluate RoboTest with 20 real-world mobile apps, together with a case study on a representative industrial embedded system. The results show that RoboTest can effectively, efficiently, and generally explore the AUT to find bugs and reduce app exploration time overhead from the robotic arm movement.",wos,llm,0.830,unreviewed,,doi:10.1145/3597503.3639161
