status,title,authors,year,venue,doi,url,tags,abstract,provider,decision_source,llm_confidence,llm_review_outcome,llm_change_direction,paper_id
discarded,A Theoretical Framework for the Maintainability Model of Aspect Oriented Systems,"Sheshasaayee, Ananthi; Jose, Roby",2015,PROCEEDINGS OF THE 2015 INTERNATIONAL CONFERENCE ON SOFT COMPUTING AND SOFTWARE ENGINEERING (SCSE'15),10.1016/j.procs.2015.08.523,https://www.webofscience.com/wos/woscc/full-record/WOS:000364544900071,adjacent-subtopic,"Aspect Oriented Software Development is gaining wide attention because of its key feature modularization. Aspect Oriented paradigm supports the separation of concerns that are scattered over the system which helps in achieving modularity. Aspect Oriented Software Development encompasses software engineering abstractions and complexity at new and different dimensions. So Aspect Oriented Software Development requires models to assess its external quality attributes. The quality attribute maintainability is vital, because maintenance tasks employs major chunk of the total software development cost. The quality, maintainability is indicated using metrics. This paper proposes a framework to build maintainability model for aspect oriented systems using already defined software measures. (C) 2015 The Authors. Published by Elsevier B.V. This is an open access article under the CC BY-NC-ND license (http://creativecommons.org/licenses/by-nc-nd/4.0/).",wos,llm,0.980,unreviewed,,doi:10.1016/j.procs.2015.08.523
discarded,ASPECT ORIENTED SIMULATION: A CASE STUDY WITH THE JAPROSIM FRAMEWORK,"Chibani, Meriem; Belattar, Brahim; Bourouis, Abdelhabib",2013,EUROPEAN SIMULATION AND MODELLING CONFERENCE 2013,,https://www.webofscience.com/wos/woscc/full-record/WOS:000344910500013,adjacent-subtopic,"JAPROSIM is a free and open source discrete event simulation (DES) framework implemented in Java programming language for building discrete event simulation models. Separation of concerns (SOC) is one of the basic principles applied in design in order to improve software quality. Aspect oriented programming (AOP) has been proposed as a new technology that claims the application of this principle in the best way, through the modularisation of crosscutting concerns in additional units namely, aspects. In this paper, the main JAPROSIM crosscutting concerns are identified and adequate solutions using the AspectJ language are presented. An empirical evaluation of the Aspect Oriented version of JAPROSIM is. performed using the AOPmetrics tool. The results obtained show that the separation of JAPROSIM crosscutting concerns improves its quality attributes as modularity, understandability, maintainability, reusability, and testability.",wos,llm,0.940,unreviewed,,hash:fb875d40a8c6b2dc
discarded,A Framework to Separate Non-Functional Requirements for System Maintainability,"Umar, Mahrukh; Khan, Muhammad Naeem Ahmed",2012,KUWAIT JOURNAL OF SCIENCE & ENGINEERING,,https://www.webofscience.com/wos/woscc/full-record/WOS:000307319200011,adjacent-subtopic,"Requirement Engineering (RE) is the vital part of software development life cycle - the core of any successful software is to understand its requirements. In software development, Non-Functional Requirements (NFRs) are usually considered as one of the difficult area to deal with. However, there is still lack of awareness for modeling and formalizing NFRs as they are often ambiguously specified by the users. This paper analyzes various techniques, frameworks and recommendations from various literatures; and identifies their limitations to perform critical analysis on various NFRs techniques. In addition, the paper intends to propose architecture to separate NFRs and FRs during the software development to improve system maintainability. Further, the paper introduces a process model within the architecture to specifically identify, realize and implement NFRs. The proposed architecture and NFR-process model is supplemented with the validation of a case study for a library system.",wos,llm,0.980,unreviewed,,hash:23b3ad1f3d0888cf
discarded,Application of FOP and AOP Methodologies in Concert for Developing Insurance Software Using Eclipse-Based Open Source Environment,"Sharma, Amita; Sarangdevot, S. S.",2011,"ADVANCES IN COMPUTING AND COMMUNICATIONS, PT I",,https://www.webofscience.com/wos/woscc/full-record/WOS:000307258100058,adjacent-subtopic,"Feature-Oriented Programming (FOP) and Aspect-Oriented Programming (AOP) are complementary methodologies that can be combined to overcome their individual limitations. In the present study. usefulness of this approach has been investigated in developing Insurance Software: TG_Lifelnsurancesoft, using Eclipse-FeatureIDE-AJDT open source environment with Feature composition framework and enhanced tool chain: FeatureHouse. It is observed that integration of AOP concepts into stepwise refinement method of FOP enhances its capability of expressing and handling homogeneous as well as advanced dynamic crosscutting, thus reducing code redundancy, complexity, development time, maintainability and cost of the software system. The study concludes that combination of FOP and AOP methodologies using Eclipse-FeatureIDE-AJDT environment offers a powerful support for modular design and implementation of comprehensible. reusable, consistent, maintainable and cost effective insurance software system with user selected features.",wos,llm,0.980,unreviewed,,hash:46a0d540c902796e
kept,Dynamically choosing the appropriate input control strategy using novel Aspect-Oriented Software Development approach,"Zadahmad, Manouchehr; Arasteh, Bahman; Yousefzadehfard, Parisa",2012,"ICECCO'12: 9TH INTERNATIONAL CONFERENCE ON ELECTRONICS, COMPUTER AND COMPUTATION",,https://www.webofscience.com/wos/woscc/full-record/WOS:000396806300066,qualifies-claim,"Context: Evolution of web application development approaches represents the intense tendency to separation of concerns. It is accompanied by the cost of additional complexities like hardening the transforming of user input into service requests, executing them, and creating output for presentation for users especially if the application's user interface is separated from its functionality.

Objective: Thus study aims to introduce a solution to help web applications to choose an appropriate web presentation strategy using page controller concern to deal dynamically with aspectual and non aspectual requirements attributes of web applications.

Method: Design patterns and Aspect-Oriented Software Development (AOSD) practices are used to develop the solution. We have implemented a case study to implement student's pre ADD/ DROP process using the proposed approach. Results: The measured Degree of Scattering across Classes (DOSC) metric on the case study show that our novel solution improves web Applications attributes like centralized control, configurability, modularity, reusability, and maintainability.

Conclusion: The proposed approach satisfies the ASOD requirements, and represents a solid structure for developing aspectual requirements.",wos,llm,0.870,unreviewed,,hash:ab46c8b2978ac41c
discarded,AN ASPECT-BASED APPROACH FOR CONCURRENT PROGRAMMING USING CSP FEATURES,"Araujo, Jose Elias; Rebelo, Henrique; Lima, Ricardo; Mota, Alexandre; Castor, Fernando; Lima, Tiago; Lucena, Juliana; Lima, Filipe",2010,"ICSOFT 2010: PROCEEDINGS OF THE FIFTH INTERNATIONAL CONFERENCE ON SOFTWARE AND DATA TECHNOLOGIES, VOL 2",,https://www.webofscience.com/wos/woscc/full-record/WOS:000393150400034,adjacent-subtopic,"The construction of large scale parallel and concurrent applications is one of the greatest challenges faced by software engineers nowadays. Programming models for concurrency implemented by mainstream programming languages, such as Java, C, and C++, are too low-level and difficult to use by the average programmer. At the same time, the use of libraries implementing high level concurrency abstractions such as JCSP requires additional learning effort and produces programs where application logic is tangled with library-specific code. In this paper we propose separating concurrent concerns (CSP code) from the development of sequential Java processes. We explore aspect-oriented programming to implement this separation of concerns. A compiler generates an AspectJ code, which instruments the sequential Java program with JCSP concurrent constructors. We have conducted an experiment to evaluate the benefits of the proposed framework. We employ metrics for attributes such as separation of concerns, coupling, and size to compare our approach against the JCSP framework and thread based approaches.",wos,llm,0.970,unreviewed,,hash:863c84317043602c
discarded,"Ptolemy: A language with quantified, typed events","Rajan, Hridesh; Leavens, Gary T.",2008,"ECOOP 2008 - OBJECT-ORIENTED PROGRAMMING, PROCEEDINGS",,https://www.webofscience.com/wos/woscc/full-record/WOS:000257925100007,adjacent-subtopic,"Implicit invocation (II) and aspect-oriented (AO) languages provide related but distinct mechanisms for separation of concerns. II languages have explicitly announced events that run registered observer methods. AO languages have implicitly announced events that run method-like but more powerful advice. A limitation of II languages is their inability to refer to a large set of events succinctly. They also lack the expressive power of AO advice. Limitations of AO languages include potentially fragile dependence on syntactic structure that may hurt maintainability, and limits on the available set of implicit events and the reflective contextual information available. Quantified, typed events, as implemented ill Our language Ptolemy, solve all these problems. This paper describes Ptolemy and explores its advantages relative to both II and AO languages.",wos,llm,0.970,unreviewed,,hash:03b567690070dc3a
discarded,CrossMDA: a model-driven approach for aspect management,"Alves, Marcelo Pitanga; Pires, Paulo F.; Delicato, Flavia C.; Campos, Maria Luiza M.",2008,JOURNAL OF UNIVERSAL COMPUTER SCIENCE,,https://www.webofscience.com/wos/woscc/full-record/WOS:000257026500007,adjacent-subtopic,"Nowadays, the complexity of software applications has brought new challenges to developers, having to deal with a large number of computational requirements. Among these requirements, those known as crosscutting concerns transpass components boundaries, leading to maintainability and comprehension problems. This paper presents CrossMDA, a framework that encompasses a transformation process to integrate crosscutting concerns in model-oriented systems. It uses the concepts of horizontal separation of concerns from AOP to create independent business and aspect models, integrating those models through MDA transformations ( vertical separation of concerns). CrossMDA comprises a development process, a set of services and support tools. The main advantages of this approach are to raise the abstraction level of aspect modeling, to promote the reuse of crosscutting concerns modeled as PIM elements, besides automating the process of mapping the relationship of crosscutting concerns and business models through the process of MDA transformations.",wos,llm,0.980,unreviewed,,hash:504d112f9fa3ae8f
discarded,Models and aspects -: Handling crosscutting concerns in MDSD,"Jackson, Andrew; Groher, Iris; Schwanninger, Christa; Voelter, Markus",2008,OBJECT-ORIENTED TECHNOLOGY: ECOOP 2007 WORKSHOP READER,,https://www.webofscience.com/wos/woscc/full-record/WOS:000253835100007,adjacent-subtopic,"This report summarizes the presentations and discussions of the Third Workshop on Models and Aspects Handling Crosscutting Concerns in MDSD, held in conjunction with the 21st European Conference on Object-Oriented Programming (ECOOP) in Berlin, Germany on July, 31, 2007. This workshop was motivated by the fact that both Model-Driven Software Development (MDSD) and Aspect-Oriented Software Development (AOSD) are important new paradigms that both promise to change the way software is developed. Both approaches provide opportunities for concern separation. AOSD separates concerns horizontally and MDSD enables concern separation vertically. This workshop identified two key integration strategies to achieve the complementary benefits of both aspect-oriented and model-driven development. The first is the use of aspects within transformation languages to separate transformational concerns making model transformations easier to write. The second is the separation of concerns within models defined as aspects. This workshop established the key benefits of these. The major benefit of the first is easing the complexity of development and maintainability of transformations. The major benefit of the second is means to reduce the problems associated with aspects, such as, aspect interactions, fragile pointcuts and understandability.",wos,llm,0.980,unreviewed,,hash:7243820ba004f2bf
discarded,Modularizing design patterns with aspects: A quantitative study,"Garcia, A; Sant'Anna, C; Figueiredo, E; Kulesza, U; Lucena, C; von Staa, A",2006,TRANSACTIONS ON ASPECT-ORIENTED SOFTWARE DEVELOPMENT I,,https://www.webofscience.com/wos/woscc/full-record/WOS:000236493800002,adjacent-subtopic,"Design patterns offer flexible solutions to common problems in software development. Recent studies have shown that several design patterns involve crosscutting concerns. Unfortunately, object-oriented (OO) abstractions are often not able to modularize those crosscutting concerns, which in turn compromise the system reusability and maintainability. Hence, it is important verifying whether aspect-oriented approaches support improved modularization of crosscutting concerns relative to design patterns. Ideally, quantitative studies should be performed to compare OO and aspect-oriented implementations of classical patterns with respect to fundamental software engineering attributes, such as coupling and cohesion. This paper presents a quantitative study that compares Java and AspectJ solutions for the 23 Gang-of-Four patterns. We have used stringent software attributes as the assessment criteria. We have found that most aspect-oriented solutions improve separation of pattern-related concerns, although only four aspect-oriented implementations have exhibited significant reuse. This paper also discusses the scalability of the analyzed solutions with respect to separation of concerns, and the determination of a predictive model for the modularization of design patterns with aspects.",wos,llm,0.960,unreviewed,,hash:8c705c5f46207aed
discarded,Interactive framework and its supported environment between component and aspect,"Zhang, Y; Zhang, JJ",2005,Enabling Technologies for the New Knowledge Society,,https://www.webofscience.com/wos/woscc/full-record/WOS:000236349800055,adjacent-subtopic,"Aspect-Oriented Programming (AOP) may improve the software design; increase the reusability and implement separation of concerns. It enables the handling of crosscutting concerns. It will help to understand the software system and strengthen the adaptability, maintainability and reusability of the final software. Component-Based Software Development (CBSD) approach is one of the most promising solutions for emerging high development cost, low productivity, unmanageable software quality and high risk. This approach, however, suffers some problems about unseparated crosscutting concerns that are easy to lead to the code-tangling and code-scattering. AOP can settle the problem. This paper works on the combination between CBSD and AOP. The combinatorial semantic constraint is described in theory at first, and then this paper proposes a combinatorial interactive framework and set up the run-time supported environment through the message queue and message interceptor. At last, the framework uses the simple example-book management system-to be proved to be an effective way on the road of the combination between CBSD and AOP. This paper also discusses the further work.",wos,llm,0.980,unreviewed,,hash:08fa8bd2bdef6976
discarded,Combinatorial semantic constraint and its framework between component and aspect,"Zhang, JJ; Zhang, Y",2005,Proceedings of the 11th Joint International Computer Conference,,https://www.webofscience.com/wos/woscc/full-record/WOS:000233230700172,adjacent-subtopic,"Component-based software development approach is one of the most promising solutions for the emerging high development cost, low productivity, unmanageable software quality and high risk. This approach, however, encounters some problems about unseparated crosscutting concerns that are easy to lead to the code-tangling and code-scattering. Aspect-oriented programming enables the handling of crosscutting concerns and implements the separation of concerns. It will help to understand the software system better and strengthen the adaptability, maintainability and reusability of the final software. This paper works on the combination between CBSD and AOP. The combinatorial semantic constraint is described in theory, and then proposes a framework and sets up its supported environment. Taken book management system as an example, the framework is proved to be an effective way on the road of the combination between CBSD and AOP.",wos,llm,0.980,unreviewed,,hash:b89600e0727af5bd
discarded,Combinatorial model and aspect-oriented extension of architecture description language,"Zhang, JJ; Zhang, Y; Li, FR",2005,"ITRE 2005: 3rd International Conference on Information Technology: Research and Education, Proceedings",,https://www.webofscience.com/wos/woscc/full-record/WOS:000231071900053,adjacent-subtopic,"Component-based software development approach is one of the most promising solutions for the emerging high development cost, low productivity, unmanageable software quality and high risk. This approach, however, encounters some problems about unseparated crosscutting concerns that are easy to lead to the code-tangling and code-scattering. Aspect-oriented programming enables the handling of crosscutting concerns and implements the separation of concerns. It will help to understand the software system better and strengthen the adaptability, maintainability and reusability of the final software. This paper defines the aspect model at first, and then the static and dynamic combinatorial semantic between component and aspect are described. The definition is an extension of traditional architecture model. Based on the definition, we extend the XADL by introducing the aspect, which enhances the nonfunctional properties description capability of ADL. Furthermore, using the ATM system as an example, we illustrate how to describe the system with the label we defined.",wos,llm,0.970,unreviewed,,hash:0aaa87bda15c22d4
discarded,Improving the separation of non-functional concerns in requirements artifacts,"Sousa, G; Castro, J",2004,"12TH IEEE INTERNATIONAL REQUIREMENTS ENGINEERING CONFERENCE, PROCEEDINGS",,https://www.webofscience.com/wos/woscc/full-record/WOS:000224556900039,adjacent-subtopic,"One of the most important principles in Software Engineering is the separation of concerns. When this principle is correctly applied, it helps to promote comprehensibility, maintainability and reusability of software system artifacts. However, oft en, the specification of non-functional requirements is scattered and tangled with functional artifacts they affect. Hence, in order to produce better requirements specifications, this paper presents an approach to improve the separation of concerns in requirements artifacts, providing a way to represent non-functional concerns apart from the requirements they affect and to specify the composition between them in a noninvasive way.",wos,llm,0.980,unreviewed,,hash:4050d4026a773a32
discarded,Design Patterns in Software Architecture: A Critical Analysis of Their Influence on Performance and Maintainability,J.O. Alfaro Bernedo,2026,Proceedings of the Laccei International Multi Conference for Engineering Education and Technology,10.18687/LACCEI2026.1.1.962,https://www.scopus.com/inward/record.uri?partnerID=HzOxMe3b&scp=105048798893&origin=inward,adjacent-subtopic,,scopus,llm,0.720,unreviewed,,doi:10.18687/laccei2026.1.1.962
discarded,Engineering Control in LLM-Based Recommender Systems,Z. Xiao,2026,International Conference on Evaluation of Novel Approaches to Software Engineering Enase Proceedings,10.5220/0014829400004015,https://www.scopus.com/inward/record.uri?partnerID=HzOxMe3b&scp=105046607034&origin=inward,off-topic-false-hit,,scopus,llm,0.920,unreviewed,,doi:10.5220/0014829400004015
discarded,Mathematical Modeling Approaches for Scalable Internet of Things Architectures: Towards Formal Graph-Theoretic Frameworks,A. Bansal,2026,Lecture Notes in Networks and Systems,10.1007/978-3-032-20609-1_9,https://www.scopus.com/inward/record.uri?partnerID=HzOxMe3b&scp=105044803178&origin=inward,off-topic-false-hit,,scopus,llm,0.970,unreviewed,,doi:10.1007/978-3-032-20609-1_9
discarded,SIMPROV: Provenance capturing for simulation studies,A. Ruscheinski,2025,Plos One,10.1371/journal.pone.0327607,https://www.scopus.com/inward/record.uri?partnerID=HzOxMe3b&scp=105009931968&origin=inward,off-topic-false-hit,,scopus,llm,0.980,unreviewed,,doi:10.1371/journal.pone.0327607
discarded,Handling Cross-Cutting Concerns in Subject-Oriented Modeling: Exploration of Capabilities and an Aspect-Oriented Enrichment,T.E. Jost,2023,Communications in Computer and Information Science,10.1007/978-3-031-40213-5_15,https://www.scopus.com/inward/record.uri?partnerID=HzOxMe3b&scp=85172726763&origin=inward,adjacent-subtopic,,scopus,llm,0.960,unreviewed,,doi:10.1007/978-3-031-40213-5_15
