status,title,authors,year,venue,doi,url,tags,abstract,provider,decision_source,llm_confidence,llm_review_outcome,llm_change_direction,paper_id
discarded,"Type 1 Diabetes Genetic Risk in 109,954 Veterans With Adult-Onset Diabetes: The Million Veteran Program (MVP)",P.K. Yang,2024,Diabetes Care,10.2337/dc23-1927,https://www.scopus.com/inward/record.uri?partnerID=HzOxMe3b&scp=85194013433&origin=inward,off-topic-false-hit,,scopus,llm,1.000,unreviewed,,doi:10.2337/dc23-1927
discarded,A systematic review of the impact of brain tumours on risk of motor vehicle crashes,S. Tran,2024,Journal of Neuro Oncology,10.1007/s11060-024-04586-6,https://www.scopus.com/inward/record.uri?partnerID=HzOxMe3b&scp=85184218129&origin=inward,off-topic-false-hit,,scopus,llm,0.990,unreviewed,,doi:10.1007/s11060-024-04586-6
discarded,Research on WebGIS for Small Hydropower Groups Based on ASP.NET,Y. Ma,2024,2024 3rd International Conference on Energy Power and Electrical Technology Icepet 2024,10.1109/ICEPET61938.2024.10626327,https://www.scopus.com/inward/record.uri?partnerID=HzOxMe3b&scp=85202631579&origin=inward,adjacent-subtopic,,scopus,llm,0.880,unreviewed,,doi:10.1109/icepet61938.2024.10626327
discarded,Design Method of Intelligent Substation Configuration File Security Control System Based on AOP and MVC Architecture,J. Cheng,2024,China International Conference on Electricity Distribution Ciced,10.1109/CICED63421.2024.10754437,https://www.scopus.com/inward/record.uri?partnerID=HzOxMe3b&scp=85212082971&origin=inward,adjacent-subtopic,,scopus,llm,0.910,unreviewed,,doi:10.1109/ciced63421.2024.10754437
discarded,Remote delivery of cancer genetic testing in veterans with metastatic prostate cancer: A Million Veteran Program study,R.B. Montgomery,2024,Journal of Clinical Oncology,10.1200/JCO.2024.42.16_suppl.1541,https://www.scopus.com/inward/record.uri?partnerID=HzOxMe3b&scp=105023322587&origin=inward,off-topic-false-hit,,scopus,llm,1.000,unreviewed,,doi:10.1200/jco.2024.42.16_suppl.1541
discarded,Eddy Currents and Magnetic Field Calculation in a Conductive Rod of Finite and Infinite Length Wrapped by a Cylindrical Coil,M. Sari,2024,2024 12th International Conference on Systems and Control ICSC 2024,10.1109/ICSC63929.2024.10928933,https://www.scopus.com/inward/record.uri?partnerID=HzOxMe3b&scp=105002433618&origin=inward,off-topic-false-hit,,scopus,llm,0.990,unreviewed,,doi:10.1109/icsc63929.2024.10928933
discarded,Development of computer application system and database testing based on data encryption technology,W. Tang,2024,Applied Mathematics and Nonlinear Sciences,10.2478/amns.2023.2.01665,https://www.scopus.com/inward/record.uri?partnerID=HzOxMe3b&scp=85183331525&origin=inward,adjacent-subtopic,,scopus,llm,0.840,unreviewed,,doi:10.2478/amns.2023.2.01665
discarded,Ankle dorsiflexion asymmetry and the relationship with walking performance in people with multiple sclerosis,D.J. Lantis,2024,Gait and Posture,10.1016/j.gaitpost.2023.10.002,https://www.scopus.com/inward/record.uri?partnerID=HzOxMe3b&scp=85173976139&origin=inward,off-topic-false-hit,,scopus,llm,0.990,unreviewed,,doi:10.1016/j.gaitpost.2023.10.002
discarded,Impaired Physical Performance in X-linked Hypophosphatemia Is not Caused by Depleted Muscular Phosphate Stores,J.A.S. Kara,2023,Journal of Clinical Endocrinology and Metabolism,10.1210/clinem/dgad210,https://www.scopus.com/inward/record.uri?partnerID=HzOxMe3b&scp=85163913473&origin=inward,off-topic-false-hit,,scopus,llm,0.990,unreviewed,,doi:10.1210/clinem/dgad210
discarded,Marijuana Legalization and Rates of Crashing Under the Influence of Tetrahydrocannabinol and Alcohol,M. Kruse,2023,American Surgeon,10.1177/0003134821995053,https://www.scopus.com/inward/record.uri?partnerID=HzOxMe3b&scp=85117901543&origin=inward,off-topic-false-hit,,scopus,llm,0.990,unreviewed,,doi:10.1177/0003134821995053
discarded,Sudden cardiac arrest in a patient with malignant mitral valve prolapse with CACNB2 gene mutation: a simple coincidence or coexistence? —a case report,N. Parthiban,2023,European Heart Journal Case Reports,10.1093/ehjcr/ytad196,https://www.scopus.com/inward/record.uri?partnerID=HzOxMe3b&scp=85165154463&origin=inward,off-topic-false-hit,,scopus,llm,1.000,unreviewed,,doi:10.1093/ehjcr/ytad196
discarded,Combinatorial Optimization of Graphical User Interface Designs,Antti Oulasvirta; Niraj Ramesh Dayama; Morteza Shiripour; Maximilian John; Andreas Karrenbauer,2020,Proceedings of the IEEE,10.1109/jproc.2020.2969687,https://openalex.org/W3006937233,adjacent-subtopic,"The graphical user interface (GUI) has become the prime means for interacting with computing systems. It leverages human perceptual and motor capabilities for elementary tasks such as command exploration and invocation, information search, and multitasking. For designing a GUI, numerous interconnected decisions must be made such that the outcome strikes a balance between human factors and technical objectives. Normally, design choices are specified manually and coded within the software by professional designers and developers. This article surveys combinatorial optimization as a flexible and powerful tool for computational generation and adaptation of GUIs. As recently as 15 years ago, applications were limited to keyboards and widget layouts. The obstacle has been the mathematical definition of design tasks, on the one hand, and the lack of objective functions that capture essential aspects of human behavior, on the other. This article presents definitions of layout design problems as integer programming tasks, a coherent formalism that permits identification of problem types, analysis of their complexity, and exploitation of known algorithmic solutions. It then surveys advances in formulating evaluative functions for common design-goal foci such as user performance and experience. The convergence of these two advances has expanded the range of solvable problems. Approaches to practical deployment are outlined with a wide spectrum of applications. This article concludes by discussing the position of this application area within optimization and human-computer interaction research and outlines challenges for future work.",openalex,llm,0.970,unreviewed,,doi:10.1109/jproc.2020.2969687
discarded,SKIRT: An advanced dust radiative transfer code with a user-friendly architecture,Peter Camps; M. Baes,2014,Astronomy and Computing,10.1016/j.ascom.2014.10.004,https://openalex.org/W2037187722,adjacent-subtopic,,openalex,llm,0.830,unreviewed,,doi:10.1016/j.ascom.2014.10.004
discarded,A MDA-Compliant Environment for Developing User Interfaces of Information Systems,Jean M. Vanderdonckt,2005,Notes on numerical fluid mechanics and multidisciplinary design,10.1007/11431855_2,https://openalex.org/W2154951087,adjacent-subtopic,,openalex,llm,0.720,unreviewed,,doi:10.1007/11431855_2
discarded,The Land Administration Domain Model,C. Lemmen; Peter van Oosterom; Rohan Bennett,2015,Land Use Policy,10.1016/j.landusepol.2015.01.014,https://openalex.org/W2158619783,off-topic-false-hit,"Societal drivers including poverty eradication, gender equality, indigenous recognition, adequate housing, sustainable agriculture, food security, climate change response, and good governance, influence contemporary land administration design. Equally, the opportunities provided by technological development also influence design approaches. The Land Administration Domain Model (LADM) attempts to align both: the data model provides a standardised global vocabulary for land administration. As an international standard it can stimulate the development of software applications and may accelerate the implementation of land administration systems that support sustainability objectives. The LADM covers basic information-related components of land administration including those over land, in water, below the surface, and above the ground. The standard is an abstract, conceptual model with three packages related to: parties (people and organisations); basic administrative units, rights, responsibilities, and restrictions (ownership rights); spatial units (parcels, and the legal space of buildings and utility networks) with a sub package for surveying, and representation (geometry and topology). This paper examines the motivation, requirements and goals for developing LADM. Further, the standard itself is described and potential future maintenance. Despite being a very young standard, ‘born’ on 1st December 2012, it is already possible to observe some of the impact of LADM: examples are provided.",openalex,llm,0.990,unreviewed,,doi:10.1016/j.landusepol.2015.01.014
discarded,Leveraging Graphical User Interface Automation for Generic Robot Programming,Tudor B. Ionescu,2020,Robotics,10.3390/robotics10010003,https://openalex.org/W3116698489,adjacent-subtopic,"A novel approach to generic (or generalized) robot programming and a novel simplified, block-based programming environment, called “Assembly”, are introduced. The approach leverages the newest graphical user interface automation tools and techniques to generate programs in various proprietary robot programming environments by emulating user interactions in those environments. The “Assembly” tool is used to generate robot-independent intermediary program models, which are translated into robot-specific programs using a graphical user interface automation toolchain. The generalizability of the approach to list, tree, and block-based programming is assessed using three different robot programming environments, two of which are proprietary. The results of this evaluation suggest that the proposed approach is feasible for an entire range of programming models and thus enables the generation of programs in various proprietary robot programming environments. In educational settings, the automated generation of programs fosters learning different robot programming models by example. For experts, the proposed approach provides a means for generating program (or task) templates, which can be adjusted to the needs of the application at hand on the shop floor.",openalex,llm,0.960,unreviewed,,doi:10.3390/robotics10010003
discarded,A Unifying Reference Framework for the Development of Plastic User Interfaces,Gaëlle Calvary; Joëlle Coutaz; David Thévenin,2001,Lecture notes in computer science,10.1007/3-540-45348-2_17,https://openalex.org/W2110914403,adjacent-subtopic,,openalex,llm,0.730,unreviewed,,doi:10.1007/3-540-45348-2_17
discarded,Enabling high-level application development for the Internet of Things,Pankesh Patel; Damien Cassou,2015,Journal of Systems and Software,10.1016/j.jss.2015.01.027,https://openalex.org/W1514648770,adjacent-subtopic,,openalex,llm,0.780,unreviewed,,doi:10.1016/j.jss.2015.01.027
discarded,Sound mosaics : a graphical user interface for sound synthesis based on audio-visual associations,Konstantinos Giannakis,2001,Middlesex University Research Repository (Middlesex University Of London),,https://openalex.org/W396624055,adjacent-subtopic,"This thesis presents the design of a Graphical User Interface (GUI) for computer-based sound synthesis to support users in the externalisation of their musical ideas when interacting with the System in order to create and manipulate sound. \nThe approach taken consisted of three research stages. The first stage was the formulation of a novel visualisation framework to display perceptual dimensions of sound in Visual terms. This framework was based on the findings of existing related studies and a series of empirical investigations of the associations between auditory and visual precepts that we performed for the first time in the area of computer-based sound synthesis. The results of our empirical investigations suggested associations between the colour dimensions of brightness and saturation with the auditory dimensions of pitch and loudness respectively, as well as associations between the multidimensional precepts of visual texture and timbre. \nThe second stage of the research involved the design and implementation of Sound Mosaics, a prototype GUI for sound synthesis based on direct manipulation of visual representations that make use of the visualisation framework developed in the first stage. We followed an iterative design approach that involved the design and evaluation of an initial Sound Mosaics prototype. The insights gained during this first iteration assisted us in revising various aspects of the original design and visualisation framework that led to a revised implementation of Sound Mosaics. \nThe final stage of this research involved an evaluation study of the revised Sound Mosaics prototype that comprised two controlled experiments. First, a comparison experiment with the widely used frequency-domain representations of sound indicated that visual representations created with Sound Mosaics were more comprehensible and intuitive. Comprehensibility was measured as the level of accuracy in a series of sound image association tasks, while intuitiveness was related to subjects' response times and perceived levels of confidence. Second, we conducted a formative evaluation of Sound Mosaics, in which it was exposed to a number of users with and without musical background. Three usability factors were measured: effectiveness, efficiency, and subjective satisfaction. Sound Mosaics was demonstrated to perform satisfactorily in ail three factors for music subjects, although non-music subjects yielded less satisfactory results that can be primarily attributed to the subjects' unfamiliarity with the task of sound synthesis. \nOverall, our research has set the necessary groundwork for empirically derived and validated associations between auditory and visual dimensions that can be used in the design of cognitively useful GUIs for computer-based sound synthesis and related area.",openalex,llm,0.970,unreviewed,,hash:f68bb427b93e7886
discarded,DeerLab: a comprehensive software package for analyzing dipolar electron paramagnetic resonance spectroscopy data,Luis Fábregas Ibáñez; Gunnar Jeschke; Stefan W. Stoll,2020,Magnetic Resonance,10.5194/mr-1-209-2020,https://openalex.org/W3090176044,adjacent-subtopic,"Dipolar EPR spectroscopy (DEER and other techniques) enables the structural characterization of macromolecular and biological systems by measurement of distance distributions between unpaired electrons on a nanometer scale. The inference of these distributions from the measured signals is challenging due to the ill-posed nature of the inverse problem. Existing analysis tools are scattered over several applications with specialized graphical user interfaces. This renders comparison, reproducibility, and method development difficult. To remedy this situation, we present DeerLab, an open-source software package for analyzing dipolar EPR data that is modular and implements a wide range of methods. We show that DeerLab can perform one-step analysis based on separable non-linear least squares, fit dipolar multi-pathway models to multi-pulse DEER data, run global analysis with non-parametric distributions, and use a bootstrapping approach to fully quantify the uncertainty in the analysis.",openalex,llm,0.850,unreviewed,,doi:10.5194/mr-1-209-2020
discarded,Towards a model-driven approach for multiexperience AI-based user interfaces,Elena Planas; Gwendal Daniel; Marco Brambilla; Jordi Cabot,2021,Software & Systems Modeling,10.1007/s10270-021-00904-y,https://openalex.org/W3192923997,adjacent-subtopic,"Abstract Software systems start to include other types of interfaces beyond the “traditional” Graphical-User Interfaces (GUIs). In particular, Conversational User Interfaces (CUIs) such as chat and voice are becoming more and more popular. These new types of interfaces embed smart natural language processing components to understand user requests and respond to them. To provide an integrated user experience all the user interfaces in the system should be aware of each other and be able to collaborate. This is what is known as a multiexperience User Interface. Despite their many benefits, multiexperience UIs are challenging to build. So far CUIs are created as standalone components using a platform-dependent set of libraries and technologies. This raises significant integration, evolution and maintenance issues. This paper explores the application of model-driven techniques to the development of software applications embedding a multiexperience User Interface. We will discuss how raising the abstraction level at which these interfaces are defined enables a faster development and a better deployment and integration of each interface with the rest of the software system and the other interfaces with whom it may need to collaborate. In particular, we propose a new Domain Specific Language (DSL) for specifying several types of CUIs and show how this DSL can be part of an integrated modeling environment able to describe the interactions between the modeled CUIs and the other models of the system (including the models of the GUI). We will use the standard Interaction Flow Modeling Language (IFML) as an example “host” language.",openalex,llm,0.890,unreviewed,,doi:10.1007/s10270-021-00904-y
kept,MVC Architecture Driven Design and Implementation of Java Framework for Developing Desktop Application,Iqbal Hasan Sarker; K. Apu,2014,International Journal of Hybrid Information Technology,10.14257/ijhit.2014.7.5.29,https://openalex.org/W2920967751,supports-claim,"To avoid the problems of high complexity and low flexibility in Java based application Model-view-controller (MVC) framework is introduced to divide the whole application into model, view and controller, which can improve the software's reusability and flexibility.Java is one of the leading software development languages.However, the development model of existing Java organizes without a structure, which mixes the code of data access, the processing of business logic and graphical user interface (GUI) layer together.As a result, it creates many problems for software developers, meanwhile; it could not meet the rapid development of application software any more.In this paper, we design and implement a Java MVC framework for developing desktop based application which can separate the data, view and control of the software.",openalex,llm,0.980,unreviewed,,doi:10.14257/ijhit.2014.7.5.29
discarded,Graphical User Interfaces as Updatable Views,James F. Terwilliger,2000,,10.15760/etd.2672,https://openalex.org/W2288371835,adjacent-subtopic,"In contrast to a traditional setting where users express queries against the database schema, we assert that the semantics of data can often be understood by viewing the data in the context of the user interface (UI) of the software tool used to enter the data. That is, we believe that users will understand the data in a database by seeing the labels, dropdown menus, tool tips, help text, control contents, and juxtaposition or arrangement of controls that are built in to the user interface. Our goal is to allow domain experts with little technical skill to understand and query data. In this dissertation, we present our GUi As View (Guava) framework and describe how we use forms-based UIs to generate a conceptual model that represents the information in the user interface. We then describe how we generate a query interface from the conceptual model. We characterize the resulting query language using a subset of relational algebra. Since most application developers want to craft a physical database to meet desired performance needs independent of the schema used by the user interface, we subsequently present a general-purpose schema mapping tool called a channel that can be configured by instantiating a sequence of discrete transformations. Each transformation is an encapsulation of a physical design decision or business logic process. The channel, once configured, automatically transforms queries from our query interface into queries that address the underlying physical database, similar to a view. The channel also transforms data updates, schema updates, and constraint definitions posed against the channel’s input schema into equivalent forms against the physical schema. We present formal definitions of each transformation and properties that must be true of transformations, and prove that our definitions respect the properties.",openalex,llm,0.920,unreviewed,,doi:10.15760/etd.2672
discarded,Computational Modeling of Realistic Cell Membranes,‪Siewert J. Marrink; Valentina Corradi; Paulo C. T. Souza; Helgi I. Ingólfsson; D. Peter Tieleman; Mark S.P. Sansom,2019,Chemical Reviews,10.1021/acs.chemrev.8b00460,https://openalex.org/W2910356247,off-topic-false-hit,"Cell membranes contain a large variety of lipid types and are crowded with proteins, endowing them with the plasticity needed to fulfill their key roles in cell functioning. The compositional complexity of cellular membranes gives rise to a heterogeneous lateral organization, which is still poorly understood. Computational models, in particular molecular dynamics simulations and related techniques, have provided important insight into the organizational principles of cell membranes over the past decades. Now, we are witnessing a transition from simulations of simpler membrane models to multicomponent systems, culminating in realistic models of an increasing variety of cell types and organelles. Here, we review the state of the art in the field of realistic membrane simulations and discuss the current limitations and challenges ahead.",openalex,llm,1.000,unreviewed,,doi:10.1021/acs.chemrev.8b00460
