status,title,authors,year,venue,doi,url,tags,abstract,provider,decision_source,llm_confidence,llm_review_outcome,llm_change_direction,paper_id
discarded,Towards a Notional Machine for Runtime Stacks and Scope: When Stacks Don't Stack Up,J. Clements,2022,Icer 2022 Proceedings of the 2022 ACM Conference on International Computing Education Research,10.1145/3501385.3543961,https://www.scopus.com/inward/record.uri?partnerID=HzOxMe3b&scp=85137089556&origin=inward,adjacent-subtopic,,scopus,llm,0.980,unreviewed,,doi:10.1145/3501385.3543961
discarded,Identifying Informatively Easy and Informatively Hard Concepts,R.P. Wiegand,2022,ACM Transactions on Computing Education,10.1145/3477968,https://www.scopus.com/inward/record.uri?partnerID=HzOxMe3b&scp=105030660185&origin=inward,adjacent-subtopic,,scopus,llm,0.900,unreviewed,,doi:10.1145/3477968
discarded,From {Solution} Synthesis to {Student Attempt} Synthesis for Block-Based Visual Programming Tasks,A. Singla,2022,Proceedings of the 15th International Conference on Educational Data Mining Edm 2022,10.5281/zenodo.6853165,https://www.scopus.com/inward/record.uri?partnerID=HzOxMe3b&scp=85163103622&origin=inward,adjacent-subtopic,,scopus,llm,0.930,unreviewed,,doi:10.5281/zenodo.6853165
discarded,RetoñosApp: Work in Progress on a Platform to Support the Teaching of Programming in CS through the Automation and Customization of Learning Processes Guided by Artificial Intelligence,D.M. Valoyes-Porras,2022,International Conference on Computer Human Interaction Research and Applications Chira Proceedings,,https://www.scopus.com/inward/record.uri?partnerID=HzOxMe3b&scp=85146201392&origin=inward,adjacent-subtopic,,scopus,llm,0.980,unreviewed,,hash:627cd4fd11263665
discarded,Impact of the Ready to Learn and Play Framework on Occupational Performance for Students with Autism in the School Setting: A Pilot Study,J.J. Leinfuss,2022,Journal of Occupational Therapy Schools and Early Intervention,10.1080/19411243.2021.1898517,https://www.scopus.com/inward/record.uri?partnerID=HzOxMe3b&scp=85102760620&origin=inward,off-topic-false-hit,,scopus,llm,1.000,unreviewed,,doi:10.1080/19411243.2021.1898517
discarded,Pytch - an environment for bridging block and text programming styles (Work in progress),G. Strong,2021,ACM International Conference Proceeding Series,10.1145/3481312.3481318,https://www.scopus.com/inward/record.uri?partnerID=HzOxMe3b&scp=85118864748&origin=inward,adjacent-subtopic,,scopus,llm,0.890,unreviewed,,doi:10.1145/3481312.3481318
discarded,An open web-based module developed to advance data-driven hydrologic process learning,B. Lane,2021,Hydrological Processes,10.1002/hyp.14273,https://www.scopus.com/inward/record.uri?partnerID=HzOxMe3b&scp=85111375087&origin=inward,off-topic-false-hit,,scopus,llm,1.000,unreviewed,,doi:10.1002/hyp.14273
discarded,"Corrigendum to “A step toward measuring children's college-bound identity in children's savings accounts programs: The case of promise scholars” [Child. Youth Serv. Rev. 121 (2021) 105791] (Children and Youth Services Review (2021) 121, (S0190740920322131), (10.1016/j.childyouth.2020.105791))",W. Elliott,2021,Children and Youth Services Review,10.1016/j.childyouth.2021.105945,https://www.scopus.com/inward/record.uri?partnerID=HzOxMe3b&scp=85100600366&origin=inward,off-topic-false-hit,,scopus,llm,1.000,unreviewed,,doi:10.1016/j.childyouth.2021.105945
discarded,The origin of misconceptions in inorganic chemistry and their correction by computer modelling,T.M. Derkach,2021,Journal of Physics Conference Series,10.1088/1742-6596/1840/1/012012,https://www.scopus.com/inward/record.uri?partnerID=HzOxMe3b&scp=85103506276&origin=inward,off-topic-false-hit,,scopus,llm,1.000,unreviewed,,doi:10.1088/1742-6596/1840/1/012012
discarded,Assessment of Students During COVID-19 Case Experience,D. Snejana,2021,Proceedings of the International Conference on Virtual Learning,,https://www.scopus.com/inward/record.uri?partnerID=HzOxMe3b&scp=85168622631&origin=inward,off-topic-false-hit,,scopus,llm,0.960,unreviewed,,hash:4c2edc7268a4931a
discarded,Teaching Development of Distributed Software during COVID-19: An experience report in Brazil,F. Trinta,2020,ACM International Conference Proceeding Series,10.1145/3422392.3422480,https://www.scopus.com/inward/record.uri?partnerID=HzOxMe3b&scp=85099406867&origin=inward,adjacent-subtopic,,scopus,llm,0.890,unreviewed,,doi:10.1145/3422392.3422480
discarded,A closer look at metacognitive scaffolding: Solving test cases before programming,P. Denny,2019,ACM International Conference Proceeding Series,10.1145/3364510.3366170,https://www.scopus.com/inward/record.uri?partnerID=HzOxMe3b&scp=85076768506&origin=inward,adjacent-subtopic,,scopus,llm,0.980,unreviewed,,doi:10.1145/3364510.3366170
discarded,Methods for investigating mental models for learners of APIs,A. Horvath,2019,Conference on Human Factors in Computing Systems Proceedings,10.1145/3290607.3312897,https://www.scopus.com/inward/record.uri?partnerID=HzOxMe3b&scp=85067273839&origin=inward,adjacent-subtopic,,scopus,llm,0.880,unreviewed,,doi:10.1145/3290607.3312897
discarded,Examining the Use of an Educational Escape Room for Teaching Programming in a Higher Education Setting,S. López-Pernas,2019,IEEE Access,10.1109/ACCESS.2019.2902976,https://www.scopus.com/inward/record.uri?partnerID=HzOxMe3b&scp=85063595485&origin=inward,adjacent-subtopic,,scopus,llm,0.970,unreviewed,,doi:10.1109/access.2019.2902976
discarded,R: A Language and Environment for Statistical Computing,R Core Team,2000,,10.32614/r.manuals,https://openalex.org/W2582743722,off-topic-false-hit,This introduction to R is derived from an original set of notes describing the S and S-Plus environments written in 1990-2 by Bill Venables and David M,openalex,llm,1.000,unreviewed,,doi:10.32614/r.manuals
discarded,A New Look at Novice Programmer Errors,Davin McCall; Michael Kölling,2019,ACM Transactions on Computing Education,10.1145/3335814,https://openalex.org/W2962230923,adjacent-subtopic,"The types of programming errors that novice programmers make and struggle to resolve have long been of interest to researchers. Various past studies have analyzed the frequency of compiler diagnostic messages. This information, however, does not have a direct correlation to the types of errors students make, due to the inaccuracy and imprecision of diagnostic messages. Furthermore, few attempts have been made to determine the severity of different kinds of errors in terms other than frequency of occurrence. Previously, we developed a method for meaningful categorization of errors, and produced a frequency distribution of these error categories; in this article, we extend the previous method to also make a determination of error difficulty, in order to give a better measurement of the overall severity of different kinds of errors. An error category hierarchy was developed and validated, and errors in snapshots of students source code were categorized accordingly. The result is a frequency table of logical error categories rather than diagnostic messages. Resolution time for each of the analyzed errors was calculated, and the average resolution time for each category of error was determined; this defines an error difficulty score. The combination of frequency and difficulty allow us to identify the types of error that are most problematic for novice programmers. The results show that ranking errors by severity—a product of frequency and difficulty—yields a significantly different ordering than ranking them by frequency alone, indicating that error frequency by itself may not be a suitable indicator for which errors are actually the most problematic for students.",openalex,llm,0.970,unreviewed,,doi:10.1145/3335814
discarded,An exploration of novice compilation behaviour in BlueJ,Matthew C. Jadud,2021,Kent Academic Repository (University of Kent),10.22024/unikent/01.02.86458,https://openalex.org/W58732440,adjacent-subtopic,"Our research explores the process by which beginning programmers go about writing programs. We have focused our explorations on what we call compilation behaviour: the programming behaviour a student engages in while repeatedly editing and compiling their programs in an attempt to make them syntactically, if not semantically, correct. The students whose behaviour we have observed were engaged in learning to program in an objects-first style using BlueJ, an environment designed for supporting novice programmers just starting out with the Java programming language. The significant results of our work are two-fold. First, we have developed tools for visualising the process by which students write their programs. Using these tools, we can quickly obtain valuable information about their process, and use that information to inform further research regarding their behaviour, or apply it immediately in a classroom context to better support the struggling learner. Second, we have proposed a quantification of novice compilation behavior which we call the error quotient. Using this metric, we can determine how well (or poorly) a student fares with syntax errors while learning to program. This quantity, like our tools for visualisation, provides a powerful indicator for how much or little a student is struggling with the language while programming, and correlates significantly with traditional indicators for academic progress.",openalex,llm,0.980,unreviewed,,doi:10.22024/unikent/01.02.86458
discarded,Students’ Misconceptions and Other Difficulties in Introductory Programming,Yizhou Qian; James Daniel Lehman,2017,ACM Transactions on Computing Education,10.1145/3077618,https://openalex.org/W2766624855,adjacent-subtopic,"Efforts to improve computer science education are underway, and teachers of computer science are challenged in introductory programming courses to help learners develop their understanding of programming and computer science. Identifying and addressing students’ misconceptions is a key part of a computer science teacher's competence. However, relevant research on this topic is not as fully developed in the computer science education field as it is in mathematics and science education. In this article, we first review relevant literature on general definitions of misconceptions and studies about students’ misconceptions and other difficulties in introductory programming. Next, we investigate the factors that contribute to the difficulties. Finally, strategies and tools to address difficulties including misconceptions are discussed. Based on the review of literature, we found that students exhibit various misconceptions and other difficulties in syntactic knowledge, conceptual knowledge, and strategic knowledge. These difficulties experienced by students are related to many factors including unfamiliarity of syntax, natural language, math knowledge, inaccurate mental models, lack of strategies, programming environments, and teachers’ knowledge and instruction. However, many sources of students’ difficulties have connections with students’ prior knowledge. To better understand and address students’ misconceptions and other difficulties, various instructional approaches and tools have been developed. Nevertheless, the dissemination of these approaches and tools has been limited. Thus, first, we suggest enhancing the dissemination of existing tools and approaches and investigating their long-term effects. Second, we recommend that computing education research move beyond documenting misconceptions to address the development of students’ (mis)conceptions by integrating conceptual change theories. Third, we believe that developing and enhancing instructors’ pedagogical content knowledge (PCK), including their knowledge of students’ misconceptions and ability to apply effective instructional approaches and tools to address students’ difficulties, is vital to the success of teaching introductory programming.",openalex,llm,0.870,unreviewed,,doi:10.1145/3077618
discarded,A step-by-step guide to perform x-ray photoelectron spectroscopy,Grzegorz Greczyński; Lars Hultman,2022,Journal of Applied Physics,10.1063/5.0086359,https://openalex.org/W4283740148,off-topic-false-hit,"There is a growing concern within the surface science community that the massive increase in the number of XPS articles over the last few decades is accompanied by a decrease in work quality including in many cases meaningless chemical bond assignment. Should this trend continue, it would have disastrous consequences for scientific research. While there are many factors responsible for this situation, the lack of insight of physical principles combined with seeming ease of XPS operation and insufficient training are certainly the major ones. To counter that, we offer a comprehensive tutorial written in the form of a step-by-step guide starting from experimental planning, through sample selection and handling, instrument setup, data acquisition, spectra analysis, and results presentation. Six application examples highlight the broad range of research questions that can be answered by XPS. The topic selection and the discussion level are intended to be accessible for novices yet challenging possible preconceptions of experienced practitioners. The analyses of thin film samples are chosen for model cases as this is from where the bulk of XPS reports presently emanate and also where the author's key expertise lies. At the same time, the majority of discussed topics is applicable to surface science in general and is, thus, of relevance for the analyses of any type of sample and material class. The tutorial contains ca. 160 original spectra and over 290 references for further reading. Particular attention is paid to the correct workflow, development of good research practices, and solid knowledge of factors that impact the quality and reliability of the obtained information. What matters in the end is that the conclusions from the analysis can be trusted. Our aspiration is that after reading this tutorial each practitioner will be able to perform error-free data analysis and draw meaningful insights from the rich well of XPS.",openalex,llm,1.000,unreviewed,,doi:10.1063/5.0086359
discarded,CasADi: a software framework for nonlinear optimization and optimal control,Joel A.E. Andersson; Joris Gillis; Greg Horn; James B. Rawlings; Moritz Diehl,2018,Mathematical Programming Computation,10.1007/s12532-018-0139-4,https://openalex.org/W2842089854,off-topic-false-hit,,openalex,llm,1.000,unreviewed,,doi:10.1007/s12532-018-0139-4
discarded,Beginning Python: From Novice to Professional,Magnus Lie Hetland,2006,,10.1007/978-1-4302-0072-7,https://openalex.org/W3192347404,adjacent-subtopic,"Gain a fundamental understanding of Python’s syntax and features with this up–to–date introduction and practical reference. Covering a wide array of Python–related programming topics, including addressing language internals, database integration, network programming, and web services, you’ll be guided by sound development principles. Ten accompanying projects will ensure you can get your hands dirty in no time. Updated to reflect the latest in Python programming paradigms and several of the most crucial features found in Python 3, Beginning Python also covers advanced topics such as extending Python and packaging/distributing Python applications. You will: Become a proficient Python programmer by following along with a friendly, practical guide to the language’s key features Write code faster by learning how to take advantage of advanced features such as magic methods, exceptions, and abstraction Gain insight into modern Python programming paradigms including testing, documentation, packaging, and distribution Learn by following along with ten interesting projects, including a P2P file–sharing application, chat client, video game, remote text editor, and more.",openalex,llm,0.980,unreviewed,,doi:10.1007/978-1-4302-0072-7
discarded,An Activation‐Based Model of Sentence Processing as Skilled Memory Retrieval,Richard L. Lewis; Shravan Vasishth,2005,Cognitive Science,10.1207/s15516709cog0000_25,https://openalex.org/W2107265154,off-topic-false-hit,"We present a detailed process theory of the moment-by-moment working-memory retrievals and associated control structure that subserve sentence comprehension. The theory is derived from the application of independently motivated principles of memory and cognitive skill to the specialized task of sentence parsing. The resulting theory construes sentence processing as a series of skilled associative memory retrievals modulated by similarity-based interference and fluctuating activation. The cognitive principles are formalized in computational form in the Adaptive Control of Thought-Rational (ACT-R) architecture, and our process model is realized in ACT-R. We present the results of 6 sets of simulations: 5 simulation sets provide quantitative accounts of the effects of length and structural interference on both unambiguous and garden-path structures. A final simulation set provides a graded taxonomy of double center embeddings ranging from relatively easy to extremely difficult. The explanation of center-embedding difficulty is a novel one that derives from the model' complete reliance on discriminating retrieval cues in the absence of an explicit representation of serial order information. All fits were obtained with only 1 free scaling parameter fixed across the simulations; all other parameters were ACT-R defaults. The modeling results support the hypothesis that fluctuating activation and similarity-based interference are the key factors shaping working memory in sentence processing. We contrast the theory and empirical predictions with several related accounts of sentence-processing complexity.",openalex,llm,1.000,unreviewed,,doi:10.1207/s15516709cog0000_25
kept,Understanding beginners' mistakes with Haskell,Ville Tirronen; SAMUEL UUSI-MÄKELÄ; Ville Isomöttönen,2015,Journal of Functional Programming,10.1017/s0956796815000179,https://openalex.org/W2203258339,supports-claim,"Abstract This article presents an overview of student difficulties in an introductory functional programming (FP) course taught in Haskell. The motivation for this study stems from our belief that many student difficulties can be alleviated by understanding the underlying causes of errors and by modifying the educational approach and, possibly, the teaching language accordingly. We analyze students' exercise submissions and categorize student errors according to compiler error messages and then manually according to the observed underlying cause. Our study complements earlier studies on the topic by applying computer and manual analysis while focusing on providing descriptive statistics of difficulties specific to FP languages. We conclude that the majority of student errors, regardless of cause, are reported by three different compiler error messages that are not well understood by students. In addition, syntactic features, such as precedence, the syntax of function application, and deeply nested statements, cause difficulties throughout the course.",openalex,llm,0.810,unreviewed,,doi:10.1017/s0956796815000179
discarded,A cognitive theory of graphical and linguistic reasoning: Logic and implementation,Keith Stenning,1995,Cognitive Science,10.1016/0364-0213(95)90005-5,https://openalex.org/W2026507183,off-topic-false-hit,"We discuss external and internal graphical and linguistic representational systems. We argue that a cognitive theory of peoples' reasoning performance must account for (a) the logical equivalence of inferences expressed in graphical and linguistic form, and (b) the implementational differences that affect facility of inference. Our theory proposes that graphical representation limit abstraction and thereby aid “processibility”. We discuss the ideas of specificity and abstraction, and their cognitive relevance. Empirical support both comes from tasks which involve the manipulation of external graphics and tasks that do not. For the former, we take Euler's (1772) circles, provide a novel computational reconstruction, show how it captures abstractions, and contrast it with earlier construals and with Johnson-Laird's (1983) mental models representations. We demonstrate equivalence of the graphical Euler system, and the nongraphical mental models system. For tasks not involving manipulation of external graphics, we discuss text comprehension, and the mental performance of syllogisms. By positing an internal system with the same specificity as Euler's circles, we cover the mental models data, and generate new empirical predictions. Finally, we consider how the architecture of working memory explains why such specific representations are relatively easy to store.",openalex,llm,0.990,unreviewed,,doi:10.1016/0364-0213(95)90005-5
