status,title,authors,year,venue,doi,url,tags,abstract,provider,decision_source,llm_confidence,llm_review_outcome,llm_change_direction,paper_id
discarded,"""Just Another Tool for Online Studies” (JATOS): An Easy Solution for Setup and Management of Web Servers Supporting Online Studies",Kristian Lange; Simone Kühn; Elisa Filevich,2015,PLoS ONE,10.1371/journal.pone.0130834,https://openalex.org/W1621531000,adjacent-subtopic,"We present here ""Just Another Tool for Online Studies"" (JATOS): an open source, cross-platform web application with a graphical user interface (GUI) that greatly simplifies setting up and communicating with a web server to host online studies that are written in JavaScript. JATOS is easy to install in all three major platforms (Microsoft Windows, Mac OS X, and Linux), and seamlessly pairs with a database for secure data storage. It can be installed on a server or locally, allowing researchers to try the application and feasibility of their studies within a browser environment, before engaging in setting up a server. All communication with the JATOS server takes place via a GUI (with no need to use a command line interface), making JATOS an especially accessible tool for researchers without a strong IT background. We describe JATOS' main features and implementation and provide a detailed tutorial along with example studies to help interested researchers to set up their online studies. JATOS can be found under the Internet address: www.jatos.org.",openalex,llm,0.980,unreviewed,,doi:10.1371/journal.pone.0130834
discarded,Adaptive Graphical User Interface Solution for Modern User Devices,Miroslav Behan; Ondřej Krejcar,2012,Lecture notes in computer science,10.1007/978-3-642-28490-8_43,https://openalex.org/W2181600323,adjacent-subtopic,,openalex,llm,0.780,unreviewed,,doi:10.1007/978-3-642-28490-8_43
discarded,Online Controlled Experiments and A/B Testing,Ron Kohavi; Roger Longbotham,2017,Encyclopedia of Machine Learning and Data Mining,10.1007/978-1-4899-7687-1_891,https://openalex.org/W4300879629,off-topic-false-hit,,openalex,llm,0.990,unreviewed,,doi:10.1007/978-1-4899-7687-1_891
discarded,Online Controlled Experiments and A/B Testing,Ron Kohavi; Roger Longbotham,2016,Encyclopedia of Machine Learning and Data Mining,10.1007/978-1-4899-7502-7_891-1,https://openalex.org/W2542081672,off-topic-false-hit,,openalex,llm,0.990,unreviewed,,doi:10.1007/978-1-4899-7502-7_891-1
kept,Building Enterprise Applications with Windows Presentation Foundation and the Model View ViewModel Pattern,Raffaele Garofalo,2011,,,https://openalex.org/W2337526572,supports-claim,"Create rich, flexible, and maintainable line-of-business applications with the MVVM design patternSimplify and improve business application development by applying the MVVM pattern to Windows Presentation Foundation (WPF) and Microsoft Silverlight 4. With this hands-on guide, you'll use MVVM with data binding, commands, and behaviors to create user interfaces loosely coupled to business logic. MVVM is ideal for .NET developers working with WPF and Silverlightwhether or not you have experience building enterprise applications.Discover how to:Dive deep into MVVMand learn how it differs from other UI design patterns Build a simple Customer Relationship Management application you can adapt for your own projects Implement MVVM to maintain separation between UI declarative syntax and presentation logic code Create a Domain Model to define your applications business context Write dynamic code for the data access layer with the Microsoft Entity Framework and NHibernate Enforce complex data-validation scenarios using Windows Workflow Foundation 4 Implement MVVM using frameworks and toolkits such as Microsoft Prism Get code samples on the web For system requirements, see the Introduction.",openalex,llm,0.980,unreviewed,,hash:c8d2c130b150c3d7
kept,Separations of concerns in the Chiron-1 user interface development and management system,Richard N. Taylor; Gregory F. Johnson,1993,,10.1145/169059.169294,https://openalex.org/W2034950290,supports-claim,"The development of user interfaces for large applications is subject to a series of well-known problems including cost, maintainability, and sensitivity to changes in the operating environment. The Chiron user interface development system has been built to address these software engineering concerns. Chiron introduces a series of layers that insulate components of an application from other components that may experience change. To separate application code from user interface code, user interface agents called artists are attached to application abstract data types. Operations on abstract data types within the application implicitly trigger user interface activities. Chiron also provides insulation between the user interface layer and the underlying system; artist code is written in terms of abstract depiction libraries that insulate the code from the specifics of particular windowing systems and toolkits. Concurrency is pervasive in the Chiron architecture. Inside an application there can be multiple execution threads; there is no requirement for a user interface listening/dispatching routine to have exclusive control. Multiple artists can be attached to a single application abstract data type, providing alternative forms of access by a single user or coordinated access and manipulation by multiple users.",openalex,llm,0.990,unreviewed,,doi:10.1145/169059.169294
discarded,The Mitral Annulus Disjunction Arrhythmic Syndrome,Lars Andreas Dejgaard; Eystein Skjølsvik; Øyvind H. Lie; Margareth P. Ribe; Mathis K. Stokke; Finn Hegbom; Esther Scheirlynck; Erik Gjertsen; Kristoffer Andresen; Thomas M. Helle-Valle; Einar Hopp; Thor Edvardsen; Kristina Hermann Haugaa,2018,Journal of the American College of Cardiology,10.1016/j.jacc.2018.07.070,https://openalex.org/W2891096905,off-topic-false-hit,"BACKGROUND: Mitral annulus disjunction (MAD) is an abnormal atrial displacement of the mitral valve leaflet hinge point. MAD has been associated with mitral valve prolapse (MVP) and sudden cardiac death. OBJECTIVES: The purpose of this study was to describe the clinical presentation, MAD morphology, association with MVP, and ventricular arrhythmias in patients with MAD. METHODS: The authors clinically examined patients with MAD. By echocardiography, the authors assessed the presence of MVP and measured MAD distance in parasternal long axis. Using cardiac magnetic resonance (CMR), the authors assessed circumferential MAD in the annular plane, longitudinal MAD distance, and myocardial fibrosis. Aborted cardiac arrest and sustained ventricular tachycardia were defined as severe arrhythmic events. RESULTS: The authors included 116 patients with MAD (age 49 ± 15 years; 60% female). Palpitations were the most common symptom (71%). Severe arrhythmic events occurred in 14 (12%) patients. Longitudinal MAD distance measured by CMR was 3.0 mm (interquartile range [IQR]: 0 to 7.0 mm) and circumferential MAD was 150° (IQR: 90° to 210°). Patients with severe arrhythmic events were younger (age 37 ± 13 years vs. 51 ± 14 years; p = 0.001), had lower ejection fraction (51 ± 5% vs. 57 ± 7%; p = 0.002) and had more frequently papillary muscle fibrosis (4 [36%] vs. 6 [9%]; p = 0.03). MVP was evident in 90 (78%) patients and was not associated with ventricular arrhythmia. CONCLUSIONS: Ventricular arrhythmias were frequent in patients with MAD. A total of 26 (22%) patients with MAD did not have MVP, and MVP was not associated with arrhythmic events, indicating MAD itself as an arrhythmogenic entity. MAD was detected around a large part of the mitral annulus circumference and was interspersed with normal tissue.",openalex,llm,1.000,unreviewed,,doi:10.1016/j.jacc.2018.07.070
discarded,The Emerging MVC Standard for 3D Video Services,Ying Chen; Ye-Kui Wang; Kemal Uǧur; Miska M. Hannuksela; Jani Lainema; Moncef Gabbouj,2008,EURASIP Journal on Advances in Signal Processing,10.1155/2009/786015,https://openalex.org/W1987193942,off-topic-false-hit,"Multiview video has gained a wide interest recently. The huge amount of data needed to be processed by multiview applications is a heavy burden for both transmission and decoding. The joint video team has recently devoted part of its effort to extend the widely deployed H.264/AVC standard to handle multiview video coding (MVC). The MVC extension of H.264/AVC includes a number of new techniques for improved coding efficiency, reduced decoding complexity, and new functionalities for multiview operations. MVC takes advantage of some of the interfaces and transport mechanisms introduced for the scalable video coding (SVC) extension of H.264/AVC, but the system level integration of MVC is conceptually more challenging as the decoder output may contain more than one view and can consist of any combination of the views with any temporal level. The generation of all the output views also requires careful consideration and control of the available decoder resources. In this paper, multiview applications and solutions to support generic multiview as well as 3D services are introduced. The proposed solutions, which have been adopted to the draft MVC specification, cover a wide range of requirements for 3D video related to interface, transport of the MVC bitstreams, and MVC decoder resource management. The features that have been introduced in MVC to support these solutions include marking of reference pictures, supporting for efficient view switching, structuring of the bitstream, signalling of view scalability supplemental enhancement information (SEI) and parallel decoding SEI.",openalex,llm,1.000,unreviewed,,doi:10.1155/2009/786015
discarded,VEGETATION/SPOT: an operational mission for the Earth monitoring; presentation of new standard products,Philippe Maisongrande; Benoit Duchemin; Gérard Dedieu,2003,International Journal of Remote Sensing,10.1080/0143116031000115265,https://openalex.org/W2127179457,off-topic-false-hit,"The VEGETATION instrument is the starting point of a European Earth monitoring system that was developed jointly by France, the European Commission, Belgium, Italy and Sweden. Since April 1998, VEGETATION has provided a high quality global monitoring of the day-to-day land cover dynamics at 1 km resolution. The whole dataset is now available free of charge to the broad range of potential users and applications. The quality of delivered products in terms of radiometry, geometry and additional processing for directional and atmospheric effects stands VEGETATION as an excellent tool for the monitoring of surface hydrology, crops, forest and land cover. Surface reflectances that are delivered by the operational VEGETATION system are corrected for molecular and aerosol scattering, for water vapour, ozone and other gas absorption. So far, the only well known Maximum Value Composite (MVC) technique was used in the construction of 10-day synthesis. An additional enhanced composite product is now available, which evaluates the atmospheric optical depth and normalizes angular Sun–target–sensor variations. After presenting the VEGETATION instrument and products, this paper introduces the new compositing schemes (Duchemin and Maisongrande 2002 DUCHEMIN, B, Berthelot, B, Dedieu, G, Leroy, M and Maisongrande, P. 2002. Normalisation of directional effects in 10-day global synthesis derived from VEGETATION/SPOT-4: II. Validation of an operational method on actual data sets. Remote Sensing of Environment, 81: 101–113. [Crossref], [Web of Science ®] , [Google Scholar], Duchemin et al. 2002) and presents samples of the new products.",openalex,llm,1.000,unreviewed,,doi:10.1080/0143116031000115265
discarded,Notice of Retraction: Flexible GUI in robotics applications using Windows Presentation Foundation framework and Model View ViewModel pattern,Fran Jarnjak,2010,4th International Conference on New Trends in Information Science and Service Science,,https://ieeexplore.ieee.org/document/5488625/,adjacent-subtopic,Retracted.,ieee,llm,0.940,unreviewed,,hash:07b1170b459dd073
kept,A Testing Method for Detecting Data Inconsistencies in Model View Controller Architecture,Ali Nizam,2022,2022 Innovations in Intelligent Systems and Applications Conference (ASYU),10.1109/ASYU56188.2022.9925361,https://ieeexplore.ieee.org/document/9925361/,supports-claim; qualifies-claim,"Testing user acceptance is a complex and labor-intensive task in software applications. Many methods and tools have been proposed to detect user interface layer errors and ensure user satisfaction. In addition, the layered architecture of software complicates the testing process. However, manual tests of the user interface are required because of the extensive number of input-output-database state combinations and difficulties in measuring user acceptance in many projects. Preparing a test scenario can increase the opportunity to detect errors and improve user satisfaction. This paper describes a generic test scenario for the model-view-controller pattern that is one of the most widely used web development architectures. This scenario provides predefined and generic test cases for detecting data errors in layers with extension points to develop project-specific tests. We evaluate the effectiveness of our approach through a web application using a controlled experiment with a predefined testing procedure. Our evaluation results show that the scenario-based approach gives promising results to improve test outcomes.",ieee,llm,0.970,unreviewed,,doi:10.1109/asyu56188.2022.9925361
kept,An Empirical Evaluation and Comparison of the Impact of MVVM and MVC GUI Driven Application Architectures on Maintainability and Testability,Amy Wilson; Fadi Wedyan; Safwan Omari,2022,2022 International Conference on Intelligent Data Science Technologies and Applications (IDSTA),10.1109/IDSTA55301.2022.9923083,https://ieeexplore.ieee.org/document/9923083/,supports-claim; provbarhet,"Model View Controller (MVC) and Main-View-ViewModel (MVVM) are two similar, but different, architectural frameworks that utilize differing sets of components to produce a graphical user interface driven application. The primary difference between these two architectures resides in MVC’s use of a controller, MVVM’s use of a viewmodel, and how these two components interact with their respective views. These differing usages are factors that effect how tightly coupled their layered systems are and effects the ability to test and maintain systems built using these architectures. This paper seeks to explain both frameworks, evaluate a sample code base, collect metrics, and then compare the testability and maintainability of both architectures.",ieee,llm_reviewed,0.990,confirmed,,doi:10.1109/idsta55301.2022.9923083
discarded,QESADSYS V1.0: A New Cross-Platform Software for Quality Evaluation of Seismic Acquisition Data,Qiang Fu; Yunshi Xiao; Jiguang Yue,2009,2009 WRI World Congress on Software Engineering,10.1109/WCSE.2009.78,https://ieeexplore.ieee.org/document/5319402/,adjacent-subtopic,"QESADSYS V1.0 is a cross-platform software system to evaluate the seismic acquisition data. The software is designed to provide a powerful, flexible and expandable platform for field data evaluation methods developed by Chinese geologists and engineers. A complete seismic database, a powerful visualization platform and flexible and a strong functional secondary development platform have been encapsulated in this software. The adoption of MVC design pattern and plug-in technique ensure the robustness, flexibility, expandability, and stability of the system. Development environment which built with Qt tool kit and OpenGL library realizes the cross-platform characteristic of system so that it can be compiled and run on Linux and Unix operating system. The trail application of QESADSYS indicated that the software system satisfies users in different levels and the reliable quantitative evaluation result can be obtained.",ieee,llm,0.930,unreviewed,,doi:10.1109/wcse.2009.78
discarded,3D player for evaluation of new 3D techniques,Achim Freimann,2012,"2012 3DTV-Conference: The True Vision - Capture, Transmission and Display of 3D Video (3DTV-CON)",10.1109/3DTV.2012.6365456,https://ieeexplore.ieee.org/document/6365456/,off-topic-false-hit,"Capturing, transmission, and presentation of 3D audio-visual content is still an open field for standardization and deployment to end users. An extensible player platform is a key factor to investigate emerging techniques in 3D and to judge their feasibility in the mass-market. We built an extensible 3D player that supports different input sources and formats, coding standards, 3D video frame formats and a variety of 3D displays. Its highlights include H.264/MVC video decompression, depth perception adjustment, and support for auto-stereoscopic displays. The extensibility allows addition of further functionality to investigate technologies like H.264/SVC, MPEG-3DV or multi-layer H.264/MVC for 3D applications.",ieee,llm,1.000,unreviewed,,doi:10.1109/3dtv.2012.6365456
discarded,Research on customization-oriented Networked Manufacturing and CSI evaluation,Liang Tang; Ke Jing; Jianyu Yang; Wanshan Wang,2008,2008 12th International Conference on Computer Supported Cooperative Work in Design,10.1109/CSCWD.2008.4537096,https://ieeexplore.ieee.org/document/4537096/,adjacent-subtopic,"The networked manufacturing mode oriented customer aims to meet customer's individual demands. The research contains two parts, the first is NMS (networked manufacturing system) and the second part is CSI (customer satisfaction index) evaluation. The NMS has three-tier architecture: Customer Server-Web Server-Logic Server. It is developed under the mode of MVC (model-view-control), and techniques such as Javascript, JSP, SQL server 2000 are used. The NMS realizes two functions which are customization and cooperative design. The research also focuses on the evaluation of CSI (customer satisfaction index) and uses the method of mixed multi-dimensional decision-making evaluation based on TOPSIS to analyze the customer. The method classifies different types of evaluation indexes such as exact type, interval type and fuzzy type. It is proper and scientific for evaluating CSI.",ieee,llm,0.970,unreviewed,,doi:10.1109/cscwd.2008.4537096
discarded,SQUALES: A Qt-based application for full-reference objective stereoscopic video quality measurement,José Vinícius de Miranda Cardoso; Carlos Danilo Miranda Regis; Marcelo Sampaio de Alencar,2014,Proceedings of the 2014 ITU kaleidoscope academic conference: Living in a converged world - Impossible without standards?,10.1109/Kaleidoscope.2014.6858485,https://ieeexplore.ieee.org/document/6858485/,off-topic-false-hit,"This paper describes a Qt-based C++ application for full-reference stereoscopic video quality assessment. The application is platform independent and provides a friendly Graphical User Interface (GUI). The stereoscopic video signals used in the application are based in two-view model, such as the H.264/AVC standard with Multiview Video Coding (MVC), and several spatial resolutions are available. The application provides objective video quality algorithms, such as PSNR, SSIM and PW-SSIM and incorporates a recently published technique for stereoscopic video quality assessment, called disparity weighting (DW), DPSNR, DSSIM and DPW-SSIM. Numerical results corresponding to the performance of the objective measurements acquired using the proposed application are presented. The ultimate goal is that the application will contribute, as an open-source tool to be used by academia and industry, for standardization and development of objective algorithms and evaluation of impairments in stereoscopic video signals caused by some processing techniques.",ieee,llm,1.000,unreviewed,,doi:10.1109/kaleidoscope.2014.6858485
discarded,Remote control of magnetic levitation laboratory system using OpenModelica,Katarína Žáková,2016,2016 Cybernetics & Informatics (K&I),10.1109/CYBERI.2016.7438620,https://ieeexplore.ieee.org/document/7438620/,adjacent-subtopic,The paper demonstrates remote approach to the control of the magnetic levitation system produced by Humusoft company. The plant control is realized using free OpenModelica simulation environment. The core of the application was built using MVC architecture that enables to separate the business logic of the application and the application presentation layer. This approach enables developers to set focus on their core skills.,ieee,llm,0.880,unreviewed,,doi:10.1109/cyberi.2016.7438620
discarded,Research on Modeling for Safety Evaluation System of Amusement Ride Based on Fuzzy Neural Network,Yong Shen; Yuan Xiao; Jianping Ye; Jianjun Qian,2009,2009 International Conference on Computational Intelligence and Software Engineering,10.1109/CISE.2009.5365724,https://ieeexplore.ieee.org/document/5365724/,adjacent-subtopic,"According to the principles of fuzzy comprehensive evaluation and neural network, the calculation models of safety evaluation system of amusement ride were created. The requirements and functions of safe evaluating system of amusement ride based on fuzzy neural network were analyzed. The Use Case View was created with Unified Modeling Language. According to Model-View-Controller pattern, the classes were abstracted through analyzing system functions and workflows. The object sequence diagram was created according to fuzzy safety evaluation process, and the object sequence diagram of the optimizing process of weights with neural network was created. The system was developed with Visual C++6.0. The user interface of system is sample and easy to operate.",ieee,llm,0.970,unreviewed,,doi:10.1109/cise.2009.5365724
