status,title,authors,year,venue,doi,url,tags,abstract,provider,decision_source,llm_confidence,llm_review_outcome,llm_change_direction,paper_id
discarded,Functional analysis of masticatory muscles after intraoral proportional condylectomy,"Haas Junior, Orion Luiz; Colaco, Jaqueline; Martins Bastos, Rubens; Valls-Ontanon, Adaia; Hernandez-Alfaro, Federico; da Rosa, Bibiana Mello; Belle de Oliveira, Rogerio; Reimann Baptista, Rafael",2026,CRANIO-THE JOURNAL OF CRANIOMANDIBULAR & SLEEP PRACTICE,10.1080/08869634.2026.2685840,https://www.webofscience.com/wos/woscc/full-record/WOS:001795561200001,off-topic-false-hit,"Objective: To evaluate muscle activity during maximum voluntary clenching (MVC) in patients treated with intraoral proportional condylectomy and minimally invasive orthognathic surgery, assessing neuromuscular balance between operated and contralateral sides. Methods: Thirteen patients (11 women; mean age 28.2 +/- 5.23 years) were evaluated. Electromyographic activity of the masseter and anterior temporalis muscles was recorded using the Teethan (R) system during MVC. Asymmetry, POC, impact, and global indices were analyzed. Maximum mouth opening was measured, and sides were compared using paired t-tests (p < .05). Results: Mean maximum mouth opening was 39.6 +/- 4.05 mm, with a median follow-up of 2 years. No significant differences were found between sides for anterior temporalis (23.69 +/- 3.01 vs 25.37 +/- 2.60; p = .161) or masseter activity (25.52 +/- 4.11 vs 25.26 +/- 3.22; p = .887). The global index was 85.90 +/- 3.43 and asymmetry index 0.17 +/- 8.04. Conclusion: This combined approach preserved neuromuscular balance during MVC, supporting its role as a functionally conservative treatment.",wos,llm,1.000,unreviewed,,doi:10.1080/08869634.2026.2685840
discarded,Masticatory Muscle Activity in a Group of Thai Children with Skeletal and Dental Malocclusions: A Pilot Study Using Surface Electromyography,"Saleechan, Jedtapon; Pumklin, Jittima; Puapichartdumrong, Peraya; Piyapattamin, Thosapol",2026,EUROPEAN JOURNAL OF DENTISTRY,10.1055/s-0046-1820500,https://www.webofscience.com/wos/woscc/full-record/WOS:001783552400001,off-topic-false-hit,"Objective This pilot study aimed to investigate masseter muscle (MM) and anterior temporal muscle activity, symmetry, synergy, and effort in Thai children with skeletal and dental malocclusions. Materials and Methods Children aged 9 to 12 years were recruited ( N = 38) and classified using lateral cephalometric analysis. Skeletal sagittal (Class I, II, or III), skeletal vertical (normal, deep, or open bite), and dental vertical (normal or deep bite) relationships of each child were examined. Surface electromyography of the MM and anterior temporal muscle was recorded during rest, maximum voluntary clenching (MVC), and chewing. Parameters evaluated included muscle activity amplitude, bilateral symmetry, ipsilateral synergy, and muscle effort. Statistical Analysis Data comparisons across dental vertical and skeletal classifications were assessed using an independent t -test or Mann-Whitney U -tests and a one-way ANOVA or Kruskal-Wallis H -test, respectively. Age and body mass index (BMI) were evaluated as covariates using an analysis of covariance. Statistical significance was defined at p < 0.05. Results Significant differences in age and BMI, but not in the number of occlusal contact units, were observed among skeletal sagittal and dental vertical malocclusions. No significant intragroup difference in muscle activity, symmetry, synergy, or effort was detected across malocclusions at rest, during MVC, or during chewing. Specific pairwise comparisons with skeletal Class I group revealed significantly lower MM activity during chewing and greater MM symmetry during MVC in skeletal Classes III and II groups, respectively ( p < 0.05). No significant difference in muscle parameters was found between normal and deep bite groups. After covariate adjustments, the intergroup findings remained broadly consistent. Conclusion Masticatory muscle activity in growing subjects with mixed dentition exhibited minimal variation across different skeletal and dental malocclusions. Skeletal Class II subjects without unilateral posterior crossbite had increased symmetry. While they may influence the children's masticatory muscle activity, age and BMI did not account for the notably reduced MM chewing activity in the skeletal Class III group.",wos,llm,1.000,unreviewed,,doi:10.1055/s-0046-1820500
discarded,Pelvic Floor Muscle Training Combined with Biofeedback Therapy for Stress Urinary Incontinence in Postmenopausal Women: A Retrospective Analysis,"Shan, Jia; Zhu, Dai; Tao, Hong",2026,INTERNATIONAL UROGYNECOLOGY JOURNAL,10.1007/s00192-026-06730-4,https://www.webofscience.com/wos/woscc/full-record/WOS:001782723300001,off-topic-false-hit,"Introduction and Hypothesis To evaluate the effectiveness of pelvic floor muscle training (PFMT) combined with biofeedback therapy for stress urinary incontinence (SUI) in postmenopausal women and to explore multidimensional changes in symptoms, urine leakage, pelvic floor muscle function, imaging parameters, and urethral dynamics. Methods This single-center retrospective controlled study included 168 postmenopausal women with SUI treated between January 2021 and December 2023 with a 12-week follow-up. The control group received conventional PFMT (n = 82), and the combined group received PFMT plus EMG biofeedback training (n = 86). Primary outcomes were changes in ICIQ-SF and 1-h pad test leakage. Secondary outcomes included pelvic floor EMG parameters, Oxford scale grade, transperineal ultrasound indices, urethral pressure/LPP parameters, and adverse events. Results At week 12, the International Consultation on Incontinence Questionnaire-Short Form (ICIQ-SF) score showed a statistically significantly greater reduction in the combined group compared to controls (mean difference [MD] 2.6 points; 95% confidence interval [CI] 1.8-3.4; p < 0.001), although this inter-group difference did not reach the predefined minimal clinically important difference (MCID) of 4 points. Pad-test leakage decreased by a mean of 21.8 g in the combined group vs. 12.7 g in controls (MD 9.1 g; 95% CI 5.4-12.8; p < 0.001). The combined group showed larger gains in maximum voluntary contraction (MVC) (+11.7 vs. +6.3 & micro;V) and greater reductions in bladder neck mobility (-5.8 vs. -2.8 mm) (all p < 0.01). Urethral dynamics showed modest improvements favoring the combined intervention. No severe adverse events occurred. Conclusions PFMT combined with biofeedback leads to greater short-term (12-week) reductions in objective urine leakage and improved muscle function compared with PFMT alone. However, the incremental benefit in subjective symptom scores, while statistically significant, did not meet the threshold for minimal clinical importance.",wos,llm,1.000,unreviewed,,doi:10.1007/s00192-026-06730-4
discarded,Fascicle lengthening during a large torque reduction subsequently decreases dorsiflexion torque steadiness,"Raiteri, Brent James; De Lorenzo, Ricardo; Kraul, Malte; Hahn, Daniel",2026,SCIENTIFIC REPORTS,10.1038/s41598-026-52001-z,https://www.webofscience.com/wos/woscc/full-record/WOS:001778570100013,off-topic-false-hit,"Here we assessed the effect of different rates and amplitudes of active torque reduction on the subsequent steady-state EMG amplitude, torque steadiness, and fascicle length during submaximal voluntary fixed-end (isometric) dorsiflexion contractions. Based on previous findings following active muscle-tendon unit lengthening, we expected a reduced steady-state EMG amplitude and torque steadiness relative to torque-matched reference contractions. In Experiment 1, thirteen participants performed reference contractions to 40% of maximum voluntary torque (MVT) and test contractions to 60 then 40% MVT over durations of 0.25, 0.5, 1 or 2 s. In Experiment 2, fourteen different participants performed reference contractions to 15, 30, and 45% MVT and test contractions to 85 then 15, 30, or 45% MVT at a fixed rate. Increasing the rate or amplitude of active torque reduction respectively increased tibialis anterior's fascicle lengthening rate (1.6 to 6.9 mm & centerdot;s(- 1), p <=.041) or amplitude (3.6 to 7.5 mm; p<.001). However, fascicle lengthening did not subsequently change EMG amplitudes relative to the reference conditions (-1.5 to 2.7% MVC, p >=.102) at similar steady-state torques. Fascicle lengthening amplitudes of >= 8 +/- 3% (5.2 +/- 1.7 mm) reduced torque steadiness (0.7 to 1.5%, p <=.005) relative to reference conditions though, but the contributing mechanisms remain unclear and are worthy of further investigation.",wos,llm,1.000,unreviewed,,doi:10.1038/s41598-026-52001-z
discarded,Electromyographic and co-activation patterns during landings: A sex-based analysis in athletes,"Del Ojo Lopez, Juan Jose; Hewett, Timothy; Sanchez-Oliver, Antonio Jesus; Carnero Diaz, Angel; Feria Madueno, Adrian",2026,PROCEEDINGS OF THE INSTITUTION OF MECHANICAL ENGINEERS PART H-JOURNAL OF ENGINEERING IN MEDICINE,10.1177/09544119261452730,https://www.webofscience.com/wos/woscc/full-record/WOS:001772611000001,off-topic-false-hit,"Knee injuries remain prevalent in sports involving landing tasks, particularly among non-professional athletes. Sex-specific neuromuscular strategies during landing may contribute to different joint stabilization patterns. The aim of this study was to examine sex-related differences in thigh muscle activation and hamstrings-to-quadriceps (H/Q) co-activation during standardized single-leg landings in recreational athletes. A total of 162 physically active participants (25% women) performed a single-leg drop landing from 30 cm. Surface electromyography was recorded from the rectus femoris and biceps femoris and normalized to maximal voluntary contraction (MVC). Muscle activation was analyzed across early post-contact time windows (50, 100, 150, and 200 ms). Between-sex comparisons were conducted using independent t-tests with Bonferroni correction (alpha = 0.0033). At the group level, quadriceps activation exceeded hamstrings under MVC-normalized conditions, whereas during the early post-contact phase hamstring activation was slightly higher, with H/Q ratios close to unity. Men showed greater quadriceps activation than women at 50 ms post-contact, which remained significant after correction. Other sex differences did not reach the adjusted significance threshold. No significant sex differences were observed for hamstring activation. Recreational single-leg landings are characterized by high early-phase thigh activation with balanced H/Q ratios. These findings suggest that early neuromuscular responses and sex-specific activation patterns should be considered when designing injury prevention and neuromuscular training programs, particularly those targeting rapid muscle coordination during the initial phase of landing.",wos,llm,1.000,unreviewed,,doi:10.1177/09544119261452730
discarded,Motoneuron excitability in Parkinson's disease: effects of dopaminergic medication,"Alaei, Parisa; Pearcey, Gregory E. P.; Wile, Daryl J.; Holobar, Ales; Jakobi, Jennifer M.",2026,JOURNAL OF NEUROPHYSIOLOGY,10.1152/jn.00614.2025,https://www.webofscience.com/wos/woscc/full-record/WOS:001769554500002,off-topic-false-hit,"Dopamine is a critical neuromodulator of motor function. In Parkinson's disease (PD), the degeneration of dopaminergic neurons not only disrupts motor function but may also alter motoneuron excitability, contributing to motor deficits. The aim of this study was to investigate motoneuron excitability in people with PD during ON and OFF medication states and to compare these responses with those of controls of similar age. Fourteen people with PD (4 females) were tested in two sessions (ON and OFF medication), and 13 controls (5 females) completed the same protocol in one session. Participants performed slow triangular elbow flexion isometric contractions to 30% of their maximum voluntary contraction (MVC). Motor unit discharge rates, recruitment threshold, discharge rate hysteresis (DF), brace height, acceleration and attenuation slopes, ascending and descending rate modulations, and self-sustained discharge duration were calculated. People with PD showed higher initial discharge rates (P < 0.05) and lower recruitment thresholds (P < 0.001) in both medication states compared with controls, with no significant differences between the OFF and ON conditions (P > 0.05). DF and acceleration slope were both elevated in the OFF state compared with controls (P = 0.04 and P = 0.05, respectively), with no significant medication effects on either measure (P> 0.05). Motoneuron excitability was higher in people with PD compared with controls, and dopaminergic medication does not fully normalize motoneuron excitability or suppress persistent inward current (PIC)-related amplification. These findings raise the possibility that changes associated with long-term monoaminergic loss may not be fully restored by medication.",wos,llm,1.000,unreviewed,,doi:10.1152/jn.00614.2025
discarded,Reliability of force production based on the sense of effort at different force levels,"Sugaya, Ryosuke; Hayashi, Yoichi",2026,EXPERIMENTAL BRAIN RESEARCH,10.1007/s00221-026-07317-7,https://www.webofscience.com/wos/woscc/full-record/WOS:001763357600003,off-topic-false-hit,"Force production under sense of effort conditions is essential for motor control and clinical assessment; however, its reliability across different force levels remains unclear. In addition, the lack of standardized measurement methods has limited the accumulation of consistent findings. Therefore, establishing reliable measurement conditions is necessary for both research and practical applications. This study examined the test-retest reliability of grip-force production based on the sense of effort at three force levels: 25%, 50%, and 75% of maximum voluntary contraction (MVC). Thirty-three healthy young men performed grip-force tasks across two sessions separated by 1 week without external feedback. Relative reliability was assessed using intraclass correlation coefficients (ICCs), and absolute reliability was evaluated using the standard error of measurement (SEM) and the 95% minimal detectable change (MDC). The highest reliability was observed at 25% MVC across both outcome measures. At higher force levels, absolute reliability varied depending on the error index, with lower reliability at 50% MVC for absolute error and at 75% MVC for signed error. These findings indicate that reliability depends on the aspect of error being measured and that increasing force levels alter the structure of error rather than simply increasing its magnitude. Furthermore, systematic bias at low force levels suggests that high reliability does not necessarily reflect close correspondence to the prescribed force level. Overall, low-force conditions provide more reliable assessments, highlighting the importance of considering both the magnitude and direction of error.",wos,llm,1.000,unreviewed,,doi:10.1007/s00221-026-07317-7
discarded,A Mummy Berry Update from Northwestern Washington Blueberry Fields: Spore Trapping and Assessing the Sensitivity of Monilinia vaccinii-corymbosi to DMI Fungicides,"Ocana-Gallegos, Cristina; Puri, Purnima; Mattupalli, Chakradhar",2026,PLANT HEALTH PROGRESS,10.1094/PHP-07-25-0187-RS,https://www.webofscience.com/wos/woscc/full-record/WOS:001743854500001,off-topic-false-hit,"Mummy berry, caused by Monilinia vaccinii-corymbosi (Mvc), is a disease characterized by blighted young shoots and flower clusters and mummification of fruits in blueberry (Vaccinium corymbosum), resulting in economic losses. To monitor the timing of primary inoculum (ascospore) release from apothecia, rotating-arm air samplers were deployed in a northern highbush blueberry field in Whatcom County of northwestern Washington during the 2022, 2023, and 2024 production seasons. Mvc was detected and quantified via a quantitative real-time PCR (qPCR) using species-specific primers. To complement these data, field observations on host and pathogen phenology were recorded from February to April in all three study years. Although qPCR results aligned with visual observations of apothecia formation on mummified berries in the field, use of air samplers did not result in earlier detection of the primary inoculum compared with visual observations during the study period. In parallel, 64 Mvc isolates were obtained from blueberry fields with mummy berry across five Washington counties during 2021 and 2022. These isolates were evaluated with mycelial growth inhibition assays for their sensitivity to fenbuconazole and metconazole fungicides, which are commonly used to manage mummy berry. All tested isolates exhibited EC50 values less than 0.08 & micro;g/ml for both fungicides, indicating their in vitro efficacy.",wos,llm,1.000,unreviewed,,doi:10.1094/php-07-25-0187-rs
discarded,Do manual workers with persistent lifting-related LBP show different trunk muscle activity compared to manual workers with no history of LBP during repeated lifting?,"Saraceni, Nic; Au, Ivan Pui Hung; Ng, Sze Ki; Yum, Jordan; Choi, Cheuk Ki; Lai, Yan Ning; Low, Sophia; O'Sullivan, Peter; Campbell, Amity",2026,MUSCULOSKELETAL SCIENCE AND PRACTICE,10.1016/j.msksp.2026.103552,https://www.webofscience.com/wos/woscc/full-record/WOS:001742154500001,off-topic-false-hit,"Objectives: To investigate if manual workers with and without a history of LBP show different trunk muscle activity during repeated lifting? And explore if pain or fatigue is related to trunk muscle activity in people with LBP during repeated lifting? Methods: This study compared peak and average muscle activity between manual workers with LBP (n = 21) and without a history of LBP (n = 16) during lifting. A box of 10% of the participant's body mass was lifted from the floor at a self-selected speed and posture. A 12-sensor trunk muscle surface electromyography (sEMG) protocol was used to compare peak and average muscle activity over 100 lifts. This lifting task induced pain and fatigue; therefore, associations between trunk muscle activity, pain and fatigue in manual workers with LBP could be explored. Peak and average muscle activity over a 100-lift task were used. Results: There were no differences in trunk muscle activity between groups. Associations between muscle activity and pain or muscle activity and fatigue in manual workers with LBP were rare (4 of 96 tests of association were statistically significant). Peak abdominal muscle activation was consistently low at 12 to 31% of maximal voluntary contraction (MVC) throughout the lifting task in both groups, whereas peak paraspinal muscle activation was around 33 to 59% of MVC. Conclusion: At a group level, trunk muscle activity during lifting does not differ between people with and without a history of LBP. In this study, neither repetition, pain, nor fatigue had a consistent effect on trunk muscle activity during lifting. These sEMG results question the importance of trunk muscle activity during lifting in people with lifting-related LBP with low levels of pain and disability.",wos,llm,1.000,unreviewed,,doi:10.1016/j.msksp.2026.103552
discarded,"Performance validity tests in a large racially and linguistically diverse pediatric and young adult clinical sample: Investigations of the TOMM, MVP, and MSVT","MacAllister, William S.; Desire, Naddley; Brooks, Brian L.",2026,CLINICAL NEUROPSYCHOLOGIST,10.1080/13854046.2026.2648272,https://www.webofscience.com/wos/woscc/full-record/WOS:001732898500001,off-topic-false-hit,"Objective: There is strong support for the use of performance validity tests (PVTs) in all neuropsychological evaluations, however, research examining racial, ethnic, and linguistic differences in failure rates remains scarce, particularly in younger populations. The current investigation sought to determine whether race/ethnicity, primary household language, and participant's first language predicts failure rates on the Test of Memory Malingering (TOMM), Memory Validity Profile (MVP), and Medical Symptom Validity (MSVT) in a large clinical sample. Method: This sample included N = 2,266 neurologically, racially, and linguistically diverse children, adolescents, and young adults (Mean age = 11.78 [SD = 3.98], range = 5-25; Female sex = 45.9%; mean FSIQ = 80.31 [SD = 18.57]) who completed one or more stand-alone PVTs as part of their neuropsychological assessment. PVT failure rates across groups were calculated and regression analyses assessed predictors of failure. Results: Although those with a non-English household and child's first language had higher failure rates on TOMM and MVP (Chi-square), logistic regression analyses showed that race/ethnicity, primary household language, and child's first language did not predict PVT failures rates across measures above age of assessment and FSIQ. Notably, FSIQ was the most consistent predictor of PVT failure rates, with increasing FSIQ score being associated with lower likelihood of PVT failure (all p < .001). Conclusions: Findings suggest largely comparable failure rates across racial/ethnic/linguistic groups, reinforcing the clinical utility of PVTs in racially diverse populations.",wos,llm,1.000,unreviewed,,doi:10.1080/13854046.2026.2648272
