status,title,authors,year,venue,doi,url,tags,abstract,provider,decision_source,llm_confidence,llm_review_outcome,llm_change_direction,paper_id
discarded,BookedSlurm: meeting user needs for advanced resource reservations in Slurm,Sandro Gepiro Contaldo; Lorenzo Bosio; Janneth Estefania Hoyos Rea; Elisa Li Perottino; Sergio Rabellino; Marco Aldinucci; Marco Beccuti; Iacopo Colonnelli,2025,2025 IEEE International Conference on eScience (eScience),10.1109/eScience65000.2025.00037,https://ieeexplore.ieee.org/document/11181481/,off-topic-false-hit,"Modern scientific discovery is frequently backed by largescale scientific experiments, which cannot prescind from the unparalleled computational capabilities provided by highperformance computing systems. However, large data centers usually prioritize system efficiency over user accessibility, posing challenges for researchers without advanced computer science expertise. This work introduces BookedSlurm, a secure and userfocused extension of the Slurm workload manager, aiming to democratize HPC access across interdisciplinary research domains. BookedSlurm enables a partially decentralized regulation of finegrained advanced resource reservations through a novel creditbased framework, ensuring fair and predictable access to computing resources. Its modular architecture leverages dedicated microservices to manage reservations, credit handling, and accounting. These components are exposed through a secure REST API and an intuitive webbased dashboard, enhancing system usability for novice and expert users. While the dashboard simplifies interactions for nonspecialists, advanced users can directly access agentlevel APIs for more complex and automated operations. The effectiveness of BookedSlurm is validated on a realworld bioinformatics use case from the SUSMIRRI.IT project, showcasing its ability to enhance usability, optimize job scheduling, and streamline execution workflows.",ieee,llm,1.000,unreviewed,,doi:10.1109/escience65000.2025.00037
discarded,Task-Level Programming by Demonstration for Mobile Robotic Manipulators through Human Demonstrations based on Semantic Skill Recognition,Luisa Mayershofer; Peter Lehner; Daniel Leidner; Alin Albu-Schaeffer,2023,ISR Europe 2023; 56th International Symposium on Robotics,,https://ieeexplore.ieee.org/document/10363049/,off-topic-false-hit,"The community has developed many concepts to facilitate the programming of industrial and service robots for non-expert users. Despite the increasing popularity of mobile robotic manipulators in various industries, most of the intuitive programming concepts are tailored to static manipulators. We developed a concept for novice user programming of mobile manipulators based on the Task-Level Programming by Demonstration (TLPbD) approach. To transfer the approach onto the mobile system, we integrate an interface for programming tasks through human demonstration by extracting the observed skills from the camera stream of the robotic system. Our approach allows the user to adapt and parameterize the created program after the demonstration as well as to integrate the demonstrated task into a sequence of tasks. We evaluated our approach in a user study with ten participants in comparison to a standard Task-Level Programming (TLP) method. With our approach, the users were on average four to five times faster in programming the specified task. In addition, we assessed the mental workload and the perceived usability and can show a significant advantage in comparison to the original TLP method.",ieee,llm,0.970,unreviewed,,hash:93cc0d25c5bd98fa
discarded,A learning based training and skill assessment platform with haptic guidance for endovascular catheterization,Wenqiang Chi; Hedyeh Rafii-Tari; Christopher J. Payne; Jindong Liu; Celia Riga; Colin Bicknell; Guang-Zhong Yang,2017,2017 IEEE International Conference on Robotics and Automation (ICRA),10.1109/ICRA.2017.7989273,https://ieeexplore.ieee.org/document/7989273/,off-topic-false-hit,"Increasing demands in endovascular intervention have motivated technical skill training and competency-based measures of performance. However, there are no well-established online metrics for technical skill assessment; few studies have explored operator behavioral patterns from catheter motion and operator hand motions. This paper proposes a platform for active online training and objective assessment of endovascular skills, through learning optimum catheter motions from multiple demonstrations. An ungrounded hand-held haptic device for providing intuitive haptic guidance to novice users based on this learnt information is also proposed. Statistical models are implemented to extract the underlying catheter motion patterns, and utilize them for performance evaluation and haptic guidance. The results show significant improvements in endovascular navigation for inexperienced operators. Finer catheter motions were achieved with the provided haptic guidance. The results suggest that the proposed platform can be integrated into current clinical training setups, and motivate the improvement of endovascular training platforms with better realism.",ieee,llm,1.000,unreviewed,,doi:10.1109/icra.2017.7989273
discarded,Speak Pseudocode2c : A framework to convert customized pseudocode to c code,Raghav Aggarwal; Rajdeep Sengupta; Shaashwat Jain; Srishti Sachan; Nitin V. Pujari,2022,2022 3rd International Conference for Emerging Technology (INCET),10.1109/INCET54531.2022.9824336,https://ieeexplore.ieee.org/document/9824336/,adjacent-subtopic,"The source code of certain languages can be tough to understand for beginners and might make them lose interest in the subject altogether. Instead, the pseudocode is simpler compared to source code, as it abstracts away the peculiarities of programming language. The solution proposed in this paper is a framework, Speak Pseudocode2c, that addresses the simplicity of using natural language pseudocode, spoken line-by-line by the user which is simultaneously converted into source code in c language using a static stub-based approach. This approach is designed on programming constructs for different types of statements and loops, triggered by the user speaking an action word i.e. the first word present in the speech, which otherwise is counted as narration and is commented. Using Natural Language Processing (NLP) gives this approach the flexibility to interpret the pseudocode robustly.",ieee,llm,0.980,unreviewed,,doi:10.1109/incet54531.2022.9824336
discarded,Leveraging Visual Languages to Foster User Participation in Designing Trustworthy Machine Learning Systems: A Comparative Study,Serena Versino; Tommaso Turchi; Alessio Malizia,2024,2024 IEEE Symposium on Visual Languages and Human-Centric Computing (VL/HCC),10.1109/VL/HCC60511.2024.00013,https://ieeexplore.ieee.org/document/10714564/,adjacent-subtopic,"In the era of ubiquitous Artificial Intelligence (AI), Machine Learning (ML) systems have emerged as pivotal in advancing societal progress. Yet, their complexity often requires the expertise of professionals, presenting an entry barrier for less-experienced computing practitioners. In the realm of Human-Centered AI (HCAI), ongoing research is developing new approaches to engage users via intuitive interfaces in the design of ML-based systems. For example, Visual Programming Languages (VPLs) and no-code platforms offer user-friendly experiences by avoiding complex computational operations. However, literature on VPL-based tools for novices reveals a gap: many tools offer limited interpretability approaches or are overly complex for easy customization. To address this gap, we developed the PyFlowML prototype, an open-source, flow-based programming tool with a focus on Explainable AI (XAI). This study aims to set a benchmark in the field by comparing PyFlowML with KNIME, a similar tool known for its usability among domain specialists. Our results show that domain specialists perceive flow-based language tools as valuable. This study highlights the potential of VPL-based tools to make the design of trustworthy ML-based systems more inclusive, thereby contributing to the advancement of AI democratization.",ieee,llm,0.920,unreviewed,,doi:10.1109/vl/hcc60511.2024.00013
discarded,Easy robot programming concepts: An industrial perspective,Gregory F. Rossano; Carlos Martinez; Mikael Hedelind; Steve Murphy; Thomas A. Fuhlbrigge,2013,2013 IEEE International Conference on Automation Science and Engineering (CASE),10.1109/CoASE.2013.6654035,https://ieeexplore.ieee.org/document/6654035/,off-topic-false-hit,"One of the key challenges for industrial robotics is the high level of expertise and effort required to program a robust, production-quality robot system. In most cases, a highly trained specialist is required to setup a system, which drives up the installation costs. Standard text-based methods for programming robots oftentimes result in programs that are difficult to maintain due to their complex program structure and editing methods. This is a major issue in today's manufacturing environment where product changeover is often measured in months. This paper identifies some of the major difficulties in creating robot programs, distinguishing between creating and maintaining the logical program structure and creating robot paths. Next it describes several recent attempts to simplify industrial robot programming, focusing on those two aspects. This paper then analyzes the applicability, strengths and weakness of various approaches assessing them in light of novice, intermediate and advanced users. Lastly, some recommendations are given for further development in this area of simplifying industrial robot programming.",ieee,llm,0.960,unreviewed,,doi:10.1109/coase.2013.6654035
discarded,Qualitative and Quantitative Assessment of Technical Skills in Percutaneous Coronary Intervention: In Vivo Porcine Studies,Xiao-Hu Zhou; Gui-Bin Bian; Xiao-Liang Xie; Zeng-Guang Hou; Rui-Qi Li; Yan-Jie Zhou,2020,IEEE Transactions on Biomedical Engineering,10.1109/TBME.2019.2913431,https://ieeexplore.ieee.org/document/8700300/,off-topic-false-hit,"Objective: Technical skill assessment plays an important role in the professional development of an interventionalist in percutaneous coronary intervention (PCI). However, most of the traditional assessment methods are time consuming and subjective. This paper aims to develop objective assessment techniques. Methods: In this study, a natural-behavior-based assessment framework is proposed to qualitatively and quantitatively assess technical skills in PCI. In vivo porcine studies were conducted to deliver a medical guidewire to two target coronaries of left circumflex arteries by six novice and four expert interventionalists. Simultaneously, four types of natural behaviors (i.e., hand motion, proximal force, muscle activity, and finger motion) were acquired from the subjects' dominant hand and arm. The features extracted from the behaviors of different skill-level groups were compared using the Mann-Whitney U-test for effective behavior selection. The effective ones were further applied in the Gaussian-mixture-model-based qualitative assessment and Mahalanobis-distance-based quantitative assessment. Results: The qualitative assessment achieves an accuracy of 92% to distinguish the novice and expert attempts, which is significantly higher than that of using single guidewire motions. Furthermore, the quantitative assessment can assign objective and effective scores for all attempts, indicating high correlation (R = 0.9225) to those obtained by traditional methods. Conclusion: The objective, effective, and comprehensive assessment of technical skills can be provided by qualitatively and quantitatively analyzing interventionalists' natural behaviors in PCI. Significance: This paper suggests a novel approach for the technical skill assessment and the promising results demonstrate the great importance and effectiveness of the proposed method for promoting the development of objective assessment techniques.",ieee,llm,1.000,unreviewed,,doi:10.1109/tbme.2019.2913431
discarded,Towards a natural interaction for rapid prototyping of parametric closets,Iván Rodríguez; Celso Campos; Enrique Barreiro; Jorge Vázquez; Rocío Veiga,2014,2014 International Conference on Computer Graphics Theory and Applications (GRAPP),,https://ieeexplore.ieee.org/document/7296091/,off-topic-false-hit,"Custom closets customers usually lack the expertise to design their desired closet. The use of a software tool that incorporates the design expertise might allow them to sketch their ideas without third party oversight. While architecture related applications are very powerful and make it possible to have an accurate graphical representation of real world, these Computer-Aided Design (CAD) tools demand high technical training and their use in the engineering field is generic. Our work, framed within the development of a rapid prototyping tool of custom closets called Sketch Arm, introduces an interaction proposal that seeks to minimize the time and complexity associated with typical operations in CAD. Supported by multi-touch capabilities of today's mobile devices, our system allows users to manipulate the closet structure directly in real time by using a minimalist graphical user interface (GUI) together with a touch interface based on easily recognizable gesture patterns. Direct on-screen data manipulation is very attractive to the end-user in general and highly beneficial for novice IT users in particular while gesture-based interaction is extremely intuitive for performing artistic tasks. Throughout the article, we will describe in depth the designed interaction system and we will present the original solutions we made to common problems in touch systems like accuracy and occlusion.",ieee,llm,1.000,unreviewed,,hash:a77e9f1e5e07bcfa
discarded,VRCK: A Virtual Reality Teaching System based on Generation and Editing of Constrained Keyframes,Kaiyi Wang; Yongjia Zhao; Shuling Dai; Ruize Sun,2023,2023 9th International Conference on Virtual Reality (ICVR),10.1109/ICVR57957.2023.10169439,https://ieeexplore.ieee.org/document/10169439/,off-topic-false-hit,"Virtual reality (VR) demonstration is safe, convenient, low-cost, and has easy access to learning data. Keyframes have been extensively used in learning from demonstration (LfD) to teach robots skills, especially when the skills need to be further updated and adapted. However, few works use keyframe-based methods in VR demonstrations to combine the advantages of both. Besides, human annotations and multiple demonstrations are always required to generate keyframe models, which causes problems of large demonstration workload, poor interpretability, and low generalization performance. To tackle the issues mentioned above, we propose VRCK: a VR teaching system based on generation and editing of constrained keyframes. In this system, only one demonstration is needed to generate the skill keyframes, path keyframes and additional keyframes. Constraints can be generated automatically using object detection and binocular localization algorithms. During the VR teaching process, users can visualize keyframes and constraints, and use UI to bind and edit them at any time. Finally, three task cases and a physical experiment are provided to validate our system and illustrate how it enables intratask generalization.",ieee,llm,0.990,unreviewed,,doi:10.1109/icvr57957.2023.10169439
discarded,Object oriented interface to Matlab,J.B. Levy,1996,IEE Colloquium on Advances in Computer-Aided Control System Design (Digest No: 1996/061),10.1049/ic:19960427,https://ieeexplore.ieee.org/document/574967/,off-topic-false-hit,"For many novice users the interface to Matlab can appear somewhat daunting. Users brought up on programs with a graphical user interface can find the command line interface presented by Matlab daunting. For average users, requiring the ability to perform tasks such as Control System Design and basic Signal Processing operations, numerous calls to Matlab routines need to be learnt to achieve even the simplest of results. In order to alleviate this obstacle and provide an easy to use and intuitive interface a graphical 'front end' employing the freely available Tcl/Tk programming toolkit is utilised to provide a point and click and drag and drop interface in order to enable rapid design and prototyping with minimal knowledge of the underlying computer engine, in this case Matlab.",ieee,llm,1.000,unreviewed,,doi:10.1049/ic:19960427
discarded,Educational Chatbot on Promoting Agricultural Business Financing Access for Millennial Farmers,Annisa Shafira Putri Puspita; Bayu Rima Aditya; Shadia Suhaimi,2025,2025 Multimedia University Engineering Conference (MECON),10.1109/MECON67253.2025.11277106,https://ieeexplore.ieee.org/document/11277106/,off-topic-false-hit,"Artificial intelligence-based chatbots are increasingly used to provide information in various sectors, including education, customer service, and business. However, its use in the agricultural sector is still limited. This research aims to design and develop a website-based chatbot using the Dialogflow Framework. The result of this research is a chatbot feature that can be used by millennial farmers to ask questions to the chatbot related to 6 topics, including agricultural business financing guarantees, how to get agricultural business financing, agricultural business financing provider institutions, finance management, government agricultural business financing programs, and agricultural business financing for beginner farmers Next, the chatbot will process the questions and display the suitable answers to the millennial farmers. The test results show that the developed chatbot can provide accurate and relevant responses according to the information needs of millennial farmers. The conclusion of this research shows that the implementation of the developed website-based chatbot has successfully provided a technology-based solution to offer educational information for millennial farmers regarding financial literacy and access to capital easier, faster, and real-time. The results of this research are expected to serve as an effective medium for millennial farmers in obtaining information related to agricultural business financing and to be a preliminary step for further research on the application of chatbots in the agricultural sector.",ieee,llm,1.000,unreviewed,,doi:10.1109/mecon67253.2025.11277106
discarded,Is it an HPC Workflow Assistant? Is it a Framework? It's Drona Workflow Engine,Andrii Kryvenko; Duy Pham; Marinus Pennings; Honggao Liu,2025,"SC25-W: Workshops of the International Conference for High Performance Computing, Networking, Storage and Analysis",,https://ieeexplore.ieee.org/document/11358047/,off-topic-false-hit,"HPC resources are becoming increasingly complex, while HPC itself is becoming more popular among novice researchers across a wide range of research domains. These novice researchers often lack typical HPC skills, which results in a steep learning curve that leads to frustration and inefficient use of HPC resources. To address this, we developed Drona Workflow Engine. Drona offers an intuitive Graphical User Interface (GUI) that assists researchers in running their scientific workflows. The researcher provides the required information for their specific scientific workflow, and Drona generates all the scripts needed to run that workflow on the researcher's behalf. For transparency and additional flexibility, Drona will display all generated scripts in a fully editable preview window, allowing the researcher to make any final adjustments as needed. Drona also provides a flexible framework for importing, creating, adapting, and sharing custom scientific workflows. Drona significantly enhances researcher productivity by abstracting the underlying HPC complexities while retaining full control over their workflows.",ieee,llm,1.000,unreviewed,,hash:12b37bf4cfcd63da
discarded,RAZER—A HRI for Visual Task-Level Programming and Intuitive Skill Parameterization,Franz Steinmetz; Annika Wollschläger; Roman Weitschat,2018,IEEE Robotics and Automation Letters,10.1109/LRA.2018.2798300,https://ieeexplore.ieee.org/document/8269311/,off-topic-false-hit,"Maintaining competitiveness and mitigating health issues test caused by unergonomic working conditions are two main reasons for automating production processes. But such automation is expensive, also because test experts are required to program the robots. One approach to lowering these costs is to enable shop-floor workers to program robots by providing task-level programming tools. Task-level programming is an established approach, yet appropriate workflows for experts and shop-floor workers remain to be defined. The objective of this letter is to evaluate RAZER, a framework for robot task-level programming, in which skill programming and parameter interface definitions are integrated. The framework provides workflows for both experts-creating skills and providing their parameter interfaces-and for shop-floor workers-using these skills to create executable robot tasks in an intuitive human-robot interface (HRI). The HRI is a graphical user interface that runs in a browser, and provides access to other man-machine interface, such as programming by demonstration. Two pilot and two user studies proof that RAZER fulfills the demands of both experts and novice users.",ieee,llm,0.960,unreviewed,,doi:10.1109/lra.2018.2798300
