status,title,authors,year,venue,doi,url,tags,abstract,provider,decision_source,llm_confidence,llm_review_outcome,llm_change_direction,paper_id
discarded,Adaptive Learning Systems for Students with Intellectual and Developmental Disabilities,"Sule, Bipin; Deshmukh, Vidya V.; Sonavale, Rahul; Wani, Tanveer Ahmad; Subramanyan, P. V. Hari Hara; Qushnazarova, Ugiljon; Matniyozova, Marhabo",2026,INTERNATIONAL JOURNAL OF SPECIAL EDUCATION,,https://www.webofscience.com/wos/woscc/full-record/WOS:001765345600005,off-topic-false-hit,"Adaptive learning systems have become one of the promising applications of improving the inclusive education, especially among students with Intellectual and Developmental Disabilities (IDD). These students tend to encounter difficulties with cognitive processing, interacting and learning in conventional learning contexts. This paper suggests a smart adaptive learning model that combines artificial intelligence, assistive technology, and inclusive pedagogy, to deliver customized and accessible learning experiences. The framework will be developed based on a modular architecture that includes profiling of learners, data collection, adaptive content delivery, supportive assistance and feedback systems. The program employs machine learning algorithms to process the behavior of learners and modify the instructional materials as per the needs, preferences and performance of the learners dynamically. Both the concept of multimodal content delivery and the Universal Design of Learning (UDL) can guarantee the access to the educational resources and their flexibility, allowing learners to engage with the educational materials in varying manners. Also, the usability of students with communication and motor disabilities is improved by the presence of assistive technology (text-to-speech, speech-to-text and Augmentative and Alternative Communication (AAC)). Experimental analysis reveals that the adaptive learning system developed is much more effective in terms of learning outcomes, engagement, and effectiveness in personalization as opposed to conventional learning methods. The outcomes show an increased accuracy, comprehending the concepts better, higher rates of accomplishing tasks and a decrease in the level of frustration among learners. The study comparing the adaptive model with other models through the use of graphical representations further support its superiority in various aspects such as performance, usability and accessibility. The research concludes that adaptive learning systems will be instrumental in changing the concept of inclusive education through offering customized, smart, and supportive learning systems.",wos,llm,1.000,unreviewed,,hash:e3f6ed99c8f544a9
discarded,Convergence education in a STEM-focused university: an ethnographic study of a cross-college design and innovation program,"Strimel, Greg J.; Briller, Sherylyn; Otto, Jackson; Martinez, Rebecca; Pruim, Douglas; Kelley, Todd R.",2026,INTERNATIONAL JOURNAL OF STEM EDUCATION,10.1186/s40594-026-00610-5,https://www.webofscience.com/wos/woscc/full-record/WOS:001765237900001,off-topic-false-hit,"Background Innovation often transcends the bounds of individual disciplines, yet undergraduate teaching is still largely organized today within single disciplines and respective academic units. Convergence education offers a promising organizational approach to bring transdisciplinary teaching and learning into undergraduate education by aligning institutional structures, pedagogy, and partnerships around meaningful, innovation experiences to address contemporary problems. However, longstanding academic silos in higher education hinder the adoption of convergence-focused pedagogies. Therefore, this study examined the three-year implementation of a novel convergence education initiative developed to foster design and innovation capabilities across multiple academic disciplines. By integrating faculty from the university's engineering technology, liberal arts, and business disciplines, this initiative promotes a transdisciplinary teaching and learning environment where differing perspectives, knowledge, and skillsets converge. Guided by a Communities of Transformation framework for institutional change, the study ethnographically examines how cross-college partnerships formed, how a shared philosophy that 'every student can be an innovator' developed, and how stakeholders experienced cross-college co-teaching and co-learning. Data sources included extended participant observations and semi-structured interviews with faculty, administrators, academic advisors, students, and alumni. Results The findings show how a compelling convergence education philosophy emerged over time as faculty and administrators experimented with cross-college co-teaching and as students sought more authentic, purpose-driven learning experiences. Stakeholders described how the convergence education program strengthened participants' innovation and design capabilities, expanded experiences working in cross-functional teams, and helped to develop new transdisciplinary teaching and learning practices. At the same time, the study surfaces persistent tensions: misaligned advising and scheduling systems, inadequate funding and incentive structures, uneven buy-in across departments, and the difficulty of sustaining co-teaching partnerships amid administrative turnover and competing institutional priorities. Conclusions This convergence education example illustrates both the promise and delicateness of transdisciplinary undergraduate teaching and learning. Using the Communities of Transformation framework helps explain how a shared philosophy, new teaching practices, and emerging networks can begin to shift some local practices, while also highlighting why such efforts often remain 'islands of innovation' within the broader institution. The study offers conceptual grounding and practical guidance for institutions seeking to implement, scale, and sustain convergence education in undergraduate STEM learning, emphasizing the need to align structures, incentives, and advising practices with cross-college co-teaching and co-learning.",wos,llm,0.990,unreviewed,,doi:10.1186/s40594-026-00610-5
discarded,Effects of argumentation-supported model-based learning on gifted students' conceptual understanding,"Alpaydin, Oznur; Costu, Bayram",2026,JOURNAL OF EDUCATIONAL RESEARCH,10.1080/00220671.2026.2666205,https://www.webofscience.com/wos/woscc/full-record/WOS:001760431500001,off-topic-false-hit,"This study examines the educational effects of an argumentation-supported model-based learning (AB-MBL) approach on gifted sixth-grade students' conceptual learning in biodiversity and sustainable living. The research was conducted with 21 gifted students attending a Science and Art Center (SAC) in T & uuml;rkiye. During the four-week process, students engaged in modeling and argumentation activities designed to support learning in biodiversity and sustainable living education. Quantitative data were collected using a two-tier Biodiversity Conceptual Understanding Test administered as a pre-test and post-test, while qualitative data were obtained from students' learning journals. Quantitative findings revealed a statistically significant increase in gifted students' conceptual understanding of biodiversity after the intervention. Analysis of the learning journals indicated increased awareness of biodiversity conservation and active engagement in the learning process. The findings suggest that AB-MBL was associated with improvements in gifted students' conceptual understanding and shows promise as a pedagogical approach for biodiversity and sustainable living education.",wos,llm,1.000,unreviewed,,doi:10.1080/00220671.2026.2666205
discarded,Immersive Technologies (AR/VR) for Computer Science and Computational Thinking Education: A Systematic Literature Review of Trends and Gaps,"Jang, Junhyeok; Jeon, Jaecheon; Jung, Soon Ki",2026,IEEE ACCESS,10.1109/ACCESS.2026.3680395,https://www.webofscience.com/wos/woscc/full-record/WOS:001740841500035,adjacent-subtopic,"Education in computer science and computational thinking is fundamentally challenged by the high abstraction of its core concepts, which creates significant cognitive load and misconceptions for novice learners. Immersive technologies, including augmented reality and virtual reality, are emerging as promising solutions to visualize these abstract concepts. Despite a rapid increase in empirical studies, a comprehensive analysis of the field remains lacking. This paper conducts a systematic literature review to analyze 159 empirical studies published between 2016 and June 2025. Additionally, a meta-analysis of 50 comparative studies (101 effect sizes) was conducted to quantify learning outcomes. Our analysis reveals that research is heavily concentrated on foundational topics such as programming and algorithms, while overwhelmingly measuring cognitive (e.g., achievement) and affective (e.g., motivation) outcomes. The primary contribution of this review is the identification of three profound gaps: 1) a critical curriculum gap, showing a neglect of modern topics like artificial intelligence and computing ethics; 2) a significant theory-practice gap, wherein cognitive load reduction is a common theoretical justification for using augmented reality and virtual reality but is empirically measured in only 3.8% of studies; and 3) a methodological gap, demonstrating a bias toward measuring 'outcomes' over analyzing the learning 'process'. This paper concludes by proposing a future research agenda to steer the field toward process-oriented analysis of complex computer science and computational thinking competencies, specifically advocating for the adoption of multidimensional cognitive load measurement using triangulation of physiological signals and dual-task methodologies.",wos,llm,0.940,unreviewed,,doi:10.1109/access.2026.3680395
discarded,Asynchronous Grading Calibration Exercises to Improve Graduate Teaching Assistant Grading Accuracy,"Ramirez-Lopez, Sofia; Vassalotti, Anthony M.; Howitz, William J.",2026,JOURNAL OF CHEMICAL EDUCATION,10.1021/acs.jchemed.5c01142,https://www.webofscience.com/wos/woscc/full-record/WOS:001723674500001,off-topic-false-hit,"Postsecondary institutions employ graduate teaching assistants (GTAs) to support STEM lecture and laboratory courses. Currently, professional development programs to ensure high-quality GTA assessment of undergraduate student work are underdeveloped, and previous studies underscore the importance of developing a long-term, course-specific intervention to reduce the grading discrepancies between GTAs and faculty. In an attempt to support GTA professional development in regards to grading accuracy, we implemented a series of asynchronous grading calibration exercises in a lower-division organic chemistry laboratory course that uses a specifications grading system. While the initial implementation of the grading calibration exercises using a completion-based model did not improve GTA grading accuracy, adjustment to a threshold-based model did. GTAs had a positive reception to the exercises, highlighting their utility in constructing feedback, recognizing misconceptions, and developing confidence in their grading abilities. These outcomes exemplify the benefits of implementing grading calibration exercises using a threshold-based model as part of GTA professional development training to ensure high-quality GTA assessment of undergraduate student work and to minimize grading discrepancies between GTAs and faculty.",wos,llm,0.990,unreviewed,,doi:10.1021/acs.jchemed.5c01142
discarded,CS Teaching-Track Faculty Recruiting in the USA: An Experience Report From the University of Washington,"Hsia, Justin",2026,"PROCEEDINGS OF THE 57TH ACM TECHNICAL SYMPOSIUM ON COMPUTER SCIENCE EDUCATION V.1, SIGCSE TS 2026",10.1145/3770762.3772585,https://www.webofscience.com/wos/woscc/full-record/WOS:001722635800071,adjacent-subtopic,"Undergraduate computing programs have struggled to meet the demand for computing education. The increase in teaching needs has expanded the creation and hiring of teaching-track positions (i.e., at least 50% time spent on teaching). However, many job openings go unfilled due to hiring difficulties such as perceived gaps in applicant qualifications and applicant confusion over varied job characteristics. This places increased scrutiny on the teaching-track recruitment process to (1) identify promising candidates who might not have sufficient qualifications and (2) transparently communicate the job responsibilities and expectations.

In this experience report, we present the details of a teaching-track faculty recruiting process at a Research 1 university in the United States so that other computing teaching-track search committees can draw inspiration to improve their own. Our process contains some uncommon elements, including a public evaluation rubric, a potential interview questions checklist, and a recruiting guide for students. We also present feedback from a survey of the invited candidates from the 2024-25 recruiting cycle. The feedback confirms that the current process is largely meeting the objectives of encouraging applicants to apply and providing more transparency. Suggestions for improvement included greater transparency in the evaluation of the teaching demonstration, more breaks during the campus interview, and more guidance when it comes to service and the diversity statement.",wos,llm,1.000,unreviewed,,doi:10.1145/3770762.3772585
discarded,False promises and false hopes: credentialization and games education,"Sooknanan, Vishal; Gordon, Kenzie; Emembolu, Itoro; Weststar, Johanna; Whitson, Jennifer; Harvey, Alison; Gouglas, Sean",2026,COGENT EDUCATION,10.1080/2331186X.2026.2642450,https://www.webofscience.com/wos/woscc/full-record/WOS:001728325800001,adjacent-subtopic,"Many educational institutions now offer credentials in game development/design and game studies to meet perceived industry demands and cater to students' employment aspirations. However, graduates have difficulty finding relevant employment. These programs differ fundamentally in their purpose and curricula, and their quality and worth are debated (Ashton, 2009; Keogh & Hardwick, 2024). We use credentialization and signaling theory to suggest that the value associated with games credentials may be abstracted from the skills required for successful games-related careers, rendering credentials unclear value signals to students and potential employers (Spence, 1973). To interrogate this proposition, this study examined the signaling strength and valuation of a games credential by triangulating interview data from three key stakeholder groups: graduates (n = 207), games program educators (n = 12) and games industry professionals (n = 42). Using a grounded theory approach to interview analysis, we identified three interrelated themes which collectively point to misperceptions and differential valuations of games credentials and a fourth theme that identifies challenges to change. This study is one of the first to problematize the credentialization of the games industry and to offer practical recommendations for partnership development between educators and industry professionals.",wos,llm,0.980,unreviewed,,doi:10.1080/2331186x.2026.2642450
discarded,Teaching Computational Thinking Skills Through Scratch in K-12 Education: A Systematic Review,"Sun, Jiwei; Wang, Ruobing; Wei, Bing",2026,JOURNAL OF COMPUTER ASSISTED LEARNING,10.1002/jcal.70230,https://www.webofscience.com/wos/woscc/full-record/WOS:001723370900015,adjacent-subtopic,"Background Computational thinking (CT) is increasingly critical in K-12 education for fostering essential digital-age problem-solving abilities. Scratch, a widely adopted block-based programming environment, has emerged as a promising platform for developing CT skills, yet a clear synthesis of instructional use remains limited.Objectives This paper presents a systematic literature review on instructional methods for teaching CT skills through Scratch in K-12 settings. The review aims to: (1) identify the contexts and subject domains in which Scratch is used to teach CT; (2) explore the instructional strategies employed to integrate CT teaching through Scratch; (3) examine factors that influence CT learning outcomes; and (4) investigate challenges in implementing Scratch-based CT instruction.Method Following PRISMA guidelines, a comprehensive search strategy was used to identify relevant literature, resulting in 46 included empirical studies. Studies were thematically coded and analysed to synthesise key findings.Results and Conclusions Scratch-based CT instruction is common in primary and middle school settings. Most studies position Scratch as a standalone tool for CT teaching, followed by integration with science, mathematics, and STEM, with very few studies in non-STEM subjects. Three categories of teaching approaches were identified, including task-oriented, social-oriented, and technology-based approaches. Instructional effectiveness is influenced by student age, gender, and task difficulty. Key challenges include the unstructured Scratch interface, difficulties in teaching abstract CT concepts, and reliance on trial-and-error methods. The review highlights the need for scaffolded, developmentally appropriate teaching approaches and suggests expanding CT education into non-STEM domains and diverse school levels.",wos,llm,0.880,unreviewed,,doi:10.1002/jcal.70230
discarded,Cultivating responsive teaching with AI: exploring preservice teachers' questioning patterns with student-emulating agents,"Lee, Dabae; Webel, Corey; Yeo, Sheunghyun; Alapala, Burcu; Hanak, Rebekah",2026,JOURNAL OF MATHEMATICS TEACHER EDUCATION,10.1007/s10857-026-09751-4,https://www.webofscience.com/wos/woscc/full-record/WOS:001723171100001,off-topic-false-hit,"We report on a project in which 78 preservice elementary teachers (PSTs) engaged with two AI-based conversational agents programmed to emulate children with distinct mathematical conceptions related to fractions: one (Gabriel) who did not exhibit a misconception, and another (Noah) who demonstrated a common error-comparing fractional quantities without considering the relative sizes of unequal parts. Using a quantitative content analysis approach, we examined the nature and patterns of PSTs' interactions, including whether their questions served to elicit, extend, or take over the thinking of the virtual students. Results revealed notable differences between the two chatbot conditions, suggesting that features of the instructional scenario-such as the mathematical task and the nature of the student work-shaped PSTs' engagement. While eliciting questions were dominant overall, PSTs posed more extending and taking-over questions with Noah, whose incorrect but well-articulated solution prompted stronger instructional moves. Additionally, object-level questioning showed divergent trajectories: PSTs' questions to Gabriel began with a focus on partitioning and visual representation and gradually diversified, while questions to Noah quickly shifted toward comparison, which became dominant. These findings reinforce that developing responsive teaching skills is deeply contingent on the specific context in which practice occurs. They also highlight the promise of AI tools to support practice responsive teaching skills and demonstrate an approach for analyzing how novices engage with such tools to inform the design of increasingly authentic and effective learning environments.",wos,llm,1.000,unreviewed,,doi:10.1007/s10857-026-09751-4
