status,title,authors,year,venue,doi,url,tags,abstract,provider,decision_source,llm_confidence,llm_review_outcome,llm_change_direction,paper_id
discarded,JBrowse: a dynamic web platform for genome visualization and analysis,Robert Buels; Eric Yao; Colin M. Diesh; Richard D. Hayes; Monica C. Muñoz-Torres; Gregg A. Helt; David M. Goodstein; Christine G. Elsik; Suzanna Lewis; Lincoln Stein; Ian H. Holmes,2016,Genome biology,10.1186/s13059-016-0924-1,https://openalex.org/W2336957559,adjacent-subtopic,"BACKGROUND: JBrowse is a fast and full-featured genome browser built with JavaScript and HTML5. It is easily embedded into websites or apps but can also be served as a standalone web page. RESULTS: Overall improvements to speed and scalability are accompanied by specific enhancements that support complex interactive queries on large track sets. Analysis functions can readily be added using the plugin framework; most visual aspects of tracks can also be customized, along with clicks, mouseovers, menus, and popup boxes. JBrowse can also be used to browse local annotation files offline and to generate high-resolution figures for publication. CONCLUSIONS: JBrowse is a mature web application suitable for genome visualization and analysis.",openalex,llm,0.980,unreviewed,,doi:10.1186/s13059-016-0924-1
discarded,Guidelines for the Management of Patients With Valvular Heart Disease,Robert O. Bonow; Blase Anthony Carabello; Antonio C. de Leon; L. Henry Edmunds; Bradley J. Fedderly; Michael D. Freed; William H. Gaasch; Charles R. McKay; Rick A. Nishimura; Patrick T. O’Gara; Robert A. O’Rourke; Shahbudin H. Rahimtoola; James L. Ritchie; Melvin D. Cheitlin; Kim Allen Eagle; Timothy J. Gardner; Arthur Garson; Raymond J. Gibbons; Richard O. Russell; Thomas J. Ryan; Sidney C. Smith,1998,Circulation,10.1161/01.cir.98.18.1949,https://openalex.org/W1969563698,off-topic-false-hit,"This committee recommends prophylaxis in hypertrophic cardiomyopathy only when there is latent or resting obstruction.• Patients with mitral valve prolapse (MVP) without regurgitation require additional clinical judgment.Indications for antibiotic prophylaxis in MVP are discussed in section III.D. Patients who do not have mitral regurgitation (MR) but do have echocardiographic evidence of thickening and/or redundancy of the valve leaflets and especially men >45 years may be at increased risk for bacterial endocarditis.5 Additionally, approximately one third of patients with MVP without MR at rest may have exercise-induced MR.Some patients may exhibit MR at rest on 1 occasion and none on others.There are no data available to address this latter issue, and at present, the decision must be left to clinical judgment, taking into account the nature of the invasive procedure, the previous history of endocarditis, and the presence or absence of valve thickening and/or redundancy.• In patients with echocardiographic evidence of physiological MR in the absence of a murmur and with structurally normal valves, prophylaxis is not recommended.The committee also does not recommend prophylaxis for physiological tricuspid and pulmonary regurgitation detected by Doppler in the absence of a murmur, as such findings occur in a large number of normal individuals and the risk of endocarditis is extremely low.Recommendations regarding Doppler echocardiography for purposes of antibiotic prophylaxis in patients who have received anorectic drugs are given in section III.H. of these guidelines.",openalex,llm,1.000,unreviewed,,doi:10.1161/01.cir.98.18.1949
discarded,MLaaS: Machine Learning as a Service,Mauro Ribeiro; Katarina Grolinger; Miriam A. M. Capretz,2015,,10.1109/icmla.2015.152,https://openalex.org/W2294710185,off-topic-false-hit,"The demand for knowledge extraction has been increasing. With the growing amount of data being generated by global data sources (e.g., social media and mobile apps) and the popularization of context-specific data (e.g., the Internet of Things), companies and researchers need to connect all these data and extract valuable information. Machine learning has been gaining much attention in data mining, leveraging the birth of new solutions. This paper proposes an architecture to create a flexible and scalable machine learning as a service. An open source solution was implemented and presented. As a case study, a forecast of electricity demand was generated using real-world sensor and weather data by running different algorithms at the same time.",openalex,llm,0.990,unreviewed,,doi:10.1109/icmla.2015.152
kept,"Architectural Patterns in Android Development: Comparing MVP, MVVM, and MVI",Ayush Vijaywargi; Uchinta Kumar Boddapati,2024,International Journal for Research in Applied Science and Engineering Technology,10.22214/ijraset.2024.60762,https://openalex.org/W4396230761,supports-claim; qualifies-claim,"Abstract: This technical article provides an in-depth exploration of three prominent architectural patterns in Android development: Model-View-Presenter (MVP), Model-View-ViewModel (MVVM), and the more recent Model-View-Intent (MVI). By dissecting the core components, advantages, and trade-offs of each pattern through the lens of a hypothetical ""Jetpack Composer"" app, the article aims to provide developers with a comprehensive understanding of their suitability for different application scenarios. The MVP pattern separates the application's data layer from the UI, promoting maintainability and testability. The MVVM pattern, tailored for frameworks supporting two-way data binding, facilitates cleaner UI code and simplifies unit testing. The MVI pattern, well-suited for reactive programming environments, enforces a unidirectional data flow, aiding in predictable state management while introducing additional complexity. Through comparative analysis and examination of real-world examples, this article equips developers with the knowledge and insights necessary to navigate the architectural landscape of Android development, enabling informed decisions that align with project requirements and development philosophies, ultimately leading to more maintainable, scalable, and robust Android applications.",openalex,llm,0.970,unreviewed,,doi:10.22214/ijraset.2024.60762
kept,An empirical catalog of code smells for the presentation layer of Android apps,Suelen Goularte Carvalho; Mauricio Finavaro Aniche; Júlio Veríssimo; Rafael S. Durelli; Marco Aurélio Gerosa,2019,Empirical Software Engineering,10.1007/s10664-019-09768-9,https://openalex.org/W2991463935,qualifies-claim,"Abstract Software developers, including those of the Android mobile platform, constantly seek to improve their applications’ maintainability and evolvability. Code smells are commonly used for this purpose, as they indicate symptoms of design problems. However, although the literature presents a variety of code smells, such as God Class and Long Method, characteristics that are specific to the underlying technologies are not taken into account. The presentation layer of an Android app, for example, implements specific architectural decisions from the Android platform itself (such as the use of Activities, Fragments, and Listeners) as well as deal with and integrate different types of resources (such as layouts and images). Through a three-step study involving 246 Android developers, we investigated code smells that developers perceive for this part of Android apps. We devised 20 specific code smells and collected the developers’ perceptions of their frequency and importance. We also implemented a tool that identifies the proposed code smells and studied their prevalence in 619 open-source Android apps. Our findings suggest that: 1) developers perceive smells specific to the presentation layer of Android apps; 2) developers consider these smells to be of high importance and frequency; and 3) the proposed smells occur in real-world Android apps. Our domain-specific smells can be leveraged by developers, researchers, and tool developers for searching potentially problematic pieces of code.",openalex,llm,0.940,unreviewed,,doi:10.1007/s10664-019-09768-9
discarded,Architectural Approaches to Migrating Key Features in Android Apps,Archit Joshi; Krishna Kishor Tirupati; Akshun Chhapola; S. K. Jain; Om Goel,2024,Modern Dynamics: Mathematical Progressions.,10.36676/mdmp.v1.i2.33,https://openalex.org/W4402848035,adjacent-subtopic,"The rapid evolution of Android platforms and user expectations necessitates continual enhancement and migration of key features within Android applications. This paper explores various architectural approaches to effectively migrate essential functionalities in Android apps, ensuring scalability, maintainability, and optimal user experience. Initially, the study delineates the challenges inherent in feature migration, including compatibility issues, performance constraints, and the preservation of existing user interfaces. It then examines prominent architectural paradigms such as Model-View-View Model (MVVM), Clean Architecture, and modular architectures, evaluating their suitability for facilitating seamless feature transitions. The research further investigates the role of microservices and component-based designs in enabling incremental migration, allowing developers to update or replace specific modules without overhauling the entire application. Additionally, the paper discusses best practices for managing dependencies, ensuring backward compatibility, and employing automated testing to mitigate risks during the migration process. Case studies of successful Android app migrations are presented to illustrate the practical application of these architectural strategies. The findings highlight that adopting a modular and flexible architectural framework significantly enhances the ability to migrate key features efficiently while minimizing disruptions. Moreover, the integration of robust architectural patterns fosters better code maintainability and accelerates the development cycle for future updates. In conclusion, this study provides a comprehensive guide for Android developers aiming to navigate the complexities of feature migration, advocating for architectural approaches that balance innovation with stability. The insights garnered offer valuable implications for the design and evolution of resilient Android applications in a dynamic technological landscape.",openalex,llm,0.720,unreviewed,,doi:10.36676/mdmp.v1.i2.33
kept,Guidelines for Architecting Android Apps: A Mixed-Method Empirical Study,Roberto Verdecchia; Ivano Malavolta; Patricia Lago,2019,,10.1109/icsa.2019.00023,https://openalex.org/W2922720877,supports-claim; qualifies-claim; etablering,"For surviving in the highly competitive market of Android apps, it is fundamental for app developers to deliver apps of high quality and with short release times. A well-architected Android app is beneficial for developers, e.g. in terms of maintainability, testability, performance, and avoidance of resource leaks. However, how to properly architect Android apps is still debated and subject to conflicting opinions usually influenced by technological hypes rather than objective evidence. In this paper we present an empirical study on how developers architect Android apps, what architectural patterns and practices Android apps are based on, and their potential impact on quality. We apply a mixed-method empirical research design that combines (i) semi-structured interviews with Android practitioners in the field and (ii) a systematic analysis of both the grey (i.e., websites, Online blogs) and white literature (i.e., academic studies) on the architecture of Android apps. Based on the analysis of the state of the art and practice about architecting Android apps, we systematically extract a set of 42 evidence-based guidelines supporting developers when architecting their Android apps.",openalex,llm_reviewed,0.980,confirmed,,doi:10.1109/icsa.2019.00023
discarded,Classifying Model-View-Controller Software Applications Using Self-Organizing Maps,Daniel Guamán; Soledad Delgado; Jennifer Pérez,2021,IEEE Access,10.1109/access.2021.3066348,https://openalex.org/W3146035656,qualifies-claim; adjacent-subtopic,"The new era of information and the needs of our society require continuous change in software and technology. Changes are produced very quickly and software systems require evolving at the same velocity, which implies that the decision-making process of software architectures should be (semi-)automated to satisfy changing needs and to avoid wrong decisions. This issue is critical since suboptimal architecture design decisions may lead to high cost and poor software quality. Therefore, systematic and (semi-)automated mechanisms that help software architects during the decision-making process are required. Architectural patterns are one of the most important features of software applications, but the same pattern can be implemented in different ways, leaving to results of different quality. When an application requires to evolve, knowledge extracted from similar applications is useful for driving decisions, since quality pattern implementations can be reproduced in similar applications to improve specific quality attributes. Therefore, clustering methods are especially suitable for classifying similar pattern implementations. In this paper, we apply a novel unsupervised clustering technique, based on the well-known artificial neural network model Self-Organizing Maps, to classify Model-View-Controller (MVC) pattern from a quality point of view. Software quality is analyzed by 24 metrics organized into the categories of Count/Size, Maintainability, Duplications, Complexity, and Design Quality. The main goal of this work is twofold: to identify the quality features that establish the similarity of MVC applications without software architect bias, and to classify MVC applications by means of Self-Organizing Maps based on quality metrics. To that end, this work performs an exploratory study by conducting two analyses with a dataset of 87 Java MVC applications characterized by the 24 metrics and two attributes that describe the technology dimension of the application. The stated findings provide a knowledge base that can help in the decision-making process for the architecture of Java MVC applications.",openalex,llm_reviewed,0.870,changed,kept->discarded,doi:10.1109/access.2021.3066348
discarded,Feasibility and outcomes of a multi-function mobile health approach for the schizophrenia spectrum: App4Independence (A4i),Sean A. Kidd; Laura A. Feldcamp; Amos Adler; Linda Kaleis; Wei Wang; Klara Vichnevetski; Kwame Julius McKenzie; Aristotle N. Voineskos,2019,PLoS ONE,10.1371/journal.pone.0219491,https://openalex.org/W2982007511,off-topic-false-hit,"Relative to the large investments in mobile health (mHealth) strategies for mental illnesses such as anxiety and depression, the development of technology to facilitate illness self-management for people with schizophrenia spectrum illnesses is limited. This situation falls out of step with the opportunity mHealth represents for providing inexpensive and accessible self-care resources and the routine use of mobile technologies by people with schizophrenia. Accordingly, the focus of this study was upon the feasibility of a schizophrenia-focused mobile application: App4Independence (A4i). A4i is a multi-feature app that uses feed, scheduling, and text-based functions co-designed with service users to enhance illness self-management. This study was completed in a large urban Canadian centre and employed pre-post assessments over a 1-month period that examined medication adherence, personal recovery, and psychiatric symptomatology. App use metrics were assessed as was qualitative feedback through semi-structured interview. Findings are reported in line with the World Health Organization mHealth Evidence and Assessment (mERA) checklist. Among the 38 individuals with a primary psychosis who participated, there was no research attrition and classic retention on the app was 52.5%. Significant improvement was observed in some psychiatric symptom domains with small-medium effects. Significant change in recovery engagement and medication adherence were not observed after controlling for multiple comparisons. Those who interacted with the app more frequently were more depressed and had higher hostility and interpersonal sensitivity at baseline. Satisfaction with the app was high and qualitative feedback provided insights regarding feature enhancements. This research suggested that A4i is feasible in terms of outcome and process indicators and is a technology that is ready to move on to clinical trial and validation testing. This study contributes to the small but emergent body of work investigating digital health approaches in severe mental illness populations.",openalex,llm,0.990,unreviewed,,doi:10.1371/journal.pone.0219491
discarded,AndroDialysis: Analysis of Android Intent Effectiveness in Malware Detection,Ali Feizollah; Nor Badrul Anuar; Rosli Salleh; Guillermo Suárez‐Tangil; Steven Furnell,2016,Computers & Security,10.1016/j.cose.2016.11.007,https://openalex.org/W2551095084,adjacent-subtopic,"The wide popularity of Android systems has been accompanied by increase in the number of malware targeting these systems. This is largely due to the open nature of the Android framework that facilitates the incorporation of third-party applications running on top of any Android device. Inter-process communication is one of the most notable features of the Android framework as it allows the reuse of components across process boundaries. This mechanism is used as gateway to access different sensitive services in the Android framework. In the Android platform, this communication system is usually driven by a late runtime binding messaging object known as Intent. In this paper, we evaluate the effectiveness of Android Intents (explicit and implicit) as a distinguishing feature for identifying malicious applications . We show that Intents are semantically rich features that are able to encode the intentions of malware when compared to other well-studied features such as permissions. We also argue that this type of feature is not the ultimate solution. It should be used in conjunction with other known features. We conducted experiments using a dataset containing 7406 applications that comprise 1846 clean and 5560 infected applications. The results show detection rate of 91% using Android Intent against 83% using Android permission. Additionally, experiment on combination of both features results in detection rate of 95.5%.",openalex,llm,0.990,unreviewed,,doi:10.1016/j.cose.2016.11.007
discarded,Extending a model-driven cross-platform development approach for business apps,Henning Heitkötter; Herbert Kuchen; Tim A. Majchrzak,2013,Science of Computer Programming,10.1016/j.scico.2013.11.013,https://openalex.org/W1981505260,adjacent-subtopic,,openalex,llm,0.760,unreviewed,,doi:10.1016/j.scico.2013.11.013
discarded,Towards the definitive evaluation framework for cross-platform app development approaches,Christoph Rieger; Tim A. Majchrzak,2019,Journal of Systems and Software,10.1016/j.jss.2019.04.001,https://openalex.org/W2934885709,adjacent-subtopic,"Mobile app development is hindered by device fragmentation and vendor-specific modifications. Boundaries between devices blur with PC-tablet hybrids on the one side and wearables on the other. Future apps need to support a host of app-enabled devices with differing capabilities, along with their software ecosystems. Prior work on cross-platform app development concerned concepts and prototypes, and compared approaches that target smartphones. To aid choosing an appropriate framework and to support the scientific assessment of approaches, an up-to-date comparison framework is needed. Extending work on a holistic, weighted set of assessment criteria, we propose what could become the definitive framework for evaluating cross-platform approaches. We have based it on sound abstract concepts that allow extensions. The weighting capabilities offer customisation to avoid the proverbial comparison of apples and oranges lurking in the variety of available frameworks. Moreover, it advises on multiple development situations based on a single assessment. In this article, we motivate and describe our evaluation criteria. We then present a study that assesses several frameworks and compares them to Web Apps and native development. Our findings suggest that cross-platform development has seen much progress but the challenges are ever growing. Therefore, additional support for app developers is warranted.",openalex,llm,0.970,unreviewed,,doi:10.1016/j.jss.2019.04.001
