status,title,authors,year,venue,doi,url,tags,abstract,provider,decision_source,llm_confidence,llm_review_outcome,llm_change_direction,paper_id
discarded,The ArmarX Statechart Concept: Graphical Programing of Robot Behavior,Mirko Wächter; Simon Ottenhaus; Manfred Kröhnert; Nikolaus Vahrenkamp; Tamim Asfour,2016,Frontiers in Robotics and AI,10.3389/frobt.2016.00033,https://openalex.org/W2466581433,adjacent-subtopic,"Programming sophisticated robots such as service robots or humanoids is still a complex endeavor. Although programming robotic applications requires specialist knowledge, a robot software environment should support convenient development while maintaining full flexibility needed when realizing challenging robotics tasks. In addition, several desirable properties should be fulfilled, such as robustness, reusability of existing programs, and skill transfer between robots. In this work, we introduce the ArmarX statechart concept, which is used for describing control and data flow of robot programs. This event-driven statechart approach of ArmarX helps realizing important features such as increased robustness through distributed program execution, convenient programming through graphical user interfaces, and versatility by interweaving dynamic statechart structure with custom user-code. We show that using hierarchical and distributed statecharts increases reusability, allows skill transfer between robots, and hides complexity in robot programming by splitting robot behavior into control flow and functionality.",openalex,llm,0.940,unreviewed,,doi:10.3389/frobt.2016.00033
discarded,Coding with Minecraft: The Development of Middle School Students’ Computational Thinking,Emine Kutay; Diler Öner,2022,ACM Transactions on Computing Education,10.1145/3471573,https://openalex.org/W4211211764,adjacent-subtopic,"The purpose of this study is to examine the role of Minecraft-based coding activities on computational thinking (CT) of middle school students. In the study, CT was conceptualized so that it encapsulates not only the knowledge of computational concepts (e.g., loops and conditionals) but also the use of CT practices (e.g., testing and debugging). Data were collected using a combination of knowledge of computational concepts tests, the Minecraft-based coding artifacts, and one-on-one student interviews focusing on the processes of developing computational artifacts. The participants were 20 fifth-grade middle school students from a low-income public school with very limited (if none) formal computer programming experiences before the study. The Minecraft-based coding activities were designed and implemented as an instructional program to last 6 weeks. The results of the study showed a statistically significant increase in students’ knowledge of computational concepts. Based on the analysis of the students’ final coding artifacts, we identified that students mostly used the concepts of sequences, events, loops, and parallelism correctly, whereas variables, operators, and conditionals appeared to be the least successfully used concepts. The qualitative analysis of the artifact-based interviews showed that students employed the CT practices of testing and debugging most of the time while developing an artifact through coding. In contrast, the least resorted CT practice appeared to be reusing and remixing.",openalex,llm,0.840,unreviewed,,doi:10.1145/3471573
discarded,MakeCode and CODAL: intuitive and efficient embedded systems programming for education,James A. Devine; Joe Finney; Peli de Halleux; Michał Moskal; Thomas J. Ball; Steve E. Hodges,2018,ACM SIGPLAN Notices,10.1145/3299710.3211335,https://openalex.org/W4237520725,"qualifies-claim; adjacent-subtopic; tool or course description, no finding on learning event-driven programming or functions as values","Across the globe, it is now commonplace for educators to engage in the making (design and development) of embedded systems in the classroom to motivate and excite their students. This new domain brings its own set of unique requirements. Historically, embedded systems development requires knowledge of low-level programming languages, local installation of compilation toolchains, device drivers, and applications. For students and educators, these requirements can introduce insurmountable barriers. We present the motivation, requirements, implementation, and evaluation of a new programming platform that enables novice users to create software for embedded systems. The platform has two major components: 1) Microsoft MakeCode ( www.makecode.com ), a web app that encapsulates an entire beginner IDE for microcontrollers; and 2) CODAL, an efficient component-oriented C++ runtime for microcontrollers. We show how MakeCode and CODAL provide an accessible, cross-platform, installation-free programming experience for the BBC micro:bit and other embedded devices.",openalex,llm_reviewed,0.760,changed,kept->discarded,doi:10.1145/3299710.3211335
discarded,MakeCode and CODAL: Intuitive and efficient embedded systems programming for education,James A. Devine; Joe Finney; Peli de Halleux; Michał Moskal; Thomas J. Ball; Steve E. Hodges,2019,Journal of Systems Architecture,10.1016/j.sysarc.2019.05.005,https://openalex.org/W2947090253,"qualifies-claim; adjacent-subtopic; tool or course description, no finding on learning event-driven programming or functions as values","Historically, embedded systems development has been a specialist skill, requiring knowledge of low-level programming languages, complex compilation toolchains, and specialist hardware, firmware, device drivers and applications. However, it has now become commonplace for a broader range of non-specialists to engage in the making (design and development) of embedded systems - including educators to motivate and excite their students in the classroom. This diversity brings its own set of unique requirements, and the complexities of existing embedded systems development platforms introduce insurmountable barriers to entry. In this paper we present the motivation, requirements, implementation, and evaluation of a new programming platform that enables novice users to create effective and efficient software for embedded systems. The platform has two major components: (1) Microsoft MakeCode (www.makecode.com), a web app that encapsulates an accessible IDE for microcontrollers; and (2) CODAL, an efficient component-oriented C++ runtime for microcontrollers. We show how MakeCode and CODAL combine to provide an accessible, cross-platform, installation-free, high level programming experience for embedded devices without sacrificing performance and efficiency.",openalex,llm_reviewed,0.760,changed,kept->discarded,doi:10.1016/j.sysarc.2019.05.005
kept,Isopleth,Joshua Hibschman; Darren Gergle; Eleanor O’Rourke; Haoqi Zhang,2019,ACM Transactions on Computer-Human Interaction,10.1145/3310274,https://openalex.org/W2940839813,supports-claim,"Online resources can help novice developers learn basic programming skills, but few resources support progressing from writing working code to learning professional web development practices. We address this gap by advancing Readily Available Learning Experiences, a conceptual approach for transforming all professional web applications into opportunities for authentic learning. This article presents Isopleth, a web-based platform that helps learners make sense of complex code constructs and hidden asynchronous relationships in professional web code. Isopleth embeds sensemaking scaffolds informed by the learning sciences to (1) expose hidden functional and event-driven relationships, (2) surface functionally related slices of code, and (3) support learners manipulating the provided code representations. To expose event-driven relationships, Isopleth implements a novel technique called Serialized Deanonymization to determine and visualize asynchronous functional relationships. To evaluate Isopleth, we conducted a case study across 12 professional websites and a user study with 14 junior and senior developers. Results show that Isopleth’s sensemaking scaffolds helped to surface implementation approaches in event binding, web application design, and complex interactive features across a range of complex professional web applications. Moreover, Isopleth helped junior developers improve the accuracy of their conceptual models of how features are implemented by 31% on average.",openalex,llm,0.970,unreviewed,,doi:10.1145/3310274
discarded,ITS: a tool for rapidly developing interactive applications,Charles F. Wiecha; William Bennett; Stephen J. Boies; John Gould; Sharon L. Greene,1990,ACM Transactions on Information Systems,10.1145/98188.98194,https://openalex.org/W2118826983,adjacent-subtopic,"The ITS architecture separates applications into four layers. The action layer implements back-end application functions. The dialog layer defines the content of the user interface, independent of its style. Content specifies the objects included in each frame of the interface, the flow of control among frames, and what actions are associated with each object. The style rule layer defines the presentation and behavior of a family of interaction techniques. Finally, the style program layer implements primitive toolkit objects that are composed by the rule layer into complete interaction techniques. This paper describes the architecture in detail, compares it with previous User Interface Management systems and toolkits, and describes how ITS is being used to implement the visitor information system for EXPO '92.",openalex,llm,0.950,unreviewed,,doi:10.1145/98188.98194
discarded,ROSCallBaX: Statically Detecting Inconsistencies in Callback Function Setup of Robotic Systems,Sayali Kate; Yifei Gao; Shiwei Feng; Xiangyu Zhang,2025,Proceedings of the ACM on software engineering.,10.1145/3715748,https://openalex.org/W4411450193,adjacent-subtopic,"Increasingly popular Robot Operating System (ROS) framework allows building robotic systems by integrating newly developed and/or reused modules, where the modules can use different versions of the framework (e.g., ROS1 or ROS2) and programming language (e.g. C++ or Python). The majority of such robotic systems’ work happens in callbacks. The framework provides various elements for initializing callbacks and for setting up the execution of callbacks. It is the responsibility of developers to compose callbacks and their execution setup elements, and hence can lead to inconsistencies related to the setup of callback execution due to developer’s incomplete knowledge of the semantics of elements in various versions of the framework. Some of these inconsistencies do not throw errors at runtime, making their detection difficult for developers. We propose a static approach to detecting such inconsistencies by extracting a static view of the composition of robotic system’s callbacks and their execution setup, and then checking it against the composition conventions based on the elements’ semantics. We evaluate our ROSCallBaX prototype on the dataset created from the posts on developer forums and ROS projects that are publicly available. The evaluation results show that our approach can detect real inconsistencies.",openalex,llm,0.900,unreviewed,,doi:10.1145/3715748
discarded,Components and Methods of Evaluating Computational Thinking for Fostering Creative Problem-Solvers in Senior Primary School Education,Siu Cheung Kong,2019,,10.1007/978-981-13-6528-7_8,https://openalex.org/W2964431529,adjacent-subtopic,"The challenge of introducing Computation Thinking (CT) education to K-12 is how to evaluate learners’ CT development. This study used information from previous studies to identify essential components and methods for evaluation. A review of literature from 2010 onwards aimed to identify all studies related to CT evaluation to contribute to the development of appropriate evaluation components and methods for senior primary school education. To facilitate the design of a comprehensive evaluation approach, the CT framework of concepts, practices and perspectives developed by Brennan and Resnick ( 2012 ) was adopted in this study. This study has two highlights: (1) problem formulation is proposed to be included as a component of CT practices and (2) CT perspectives are refined to include computational identity and programming empowerment as components. CT concepts could be evaluated by test designs with multiple choice questions to identify students’ learning outcomes. CT practices could be evaluated by designing rubrics to rate programming projects and using test designs with task-based questions to identify learners’ learning outcomes. Finally, CT perspectives could be measured by designing survey instruments and administrating surveys to learners.",openalex,llm,0.920,unreviewed,,doi:10.1007/978-981-13-6528-7_8
discarded,FaaSten your decisions: A classification framework and technology review of function-as-a-Service platforms,Vladimir Yussupov; Jacopo Soldani; Uwe Breitenbücher; Antonio Brogi; Frank Leymann,2021,Journal of Systems and Software,10.1016/j.jss.2021.110906,https://openalex.org/W3014586721,off-topic-false-hit,"Function-as-a-Service (FaaS) is a cloud service model enabling developers to offload event-driven executable snippets of code. The execution and management of such functions becomes a FaaS provider’s responsibility, therein included their on-demand provisioning and automatic scaling. Key enablers for this cloud service model are FaaS platforms, e.g., AWS Lambda, Microsoft Azure Functions, or OpenFaaS. At the same time, the choice of the most appropriate FaaS platform for deploying and running a serverless application is not trivial, as various organizational and technical aspects have to be taken into account. In this work, we present (i) a FaaS platform classification framework derived using a multivocal review and (ii) a technology review of the ten most prominent FaaS platforms, based on the proposed classification framework. We also present a FaaS platform selection support system, called FaaStener, which can help researchers and practitioners to choose the FaaS platform most suited for their requirements.",openalex,llm,0.980,unreviewed,,doi:10.1016/j.jss.2021.110906
discarded,Full On-Device Stay Points Detection in Smartphones for Location-Based Mobile Applications,Rafael Pérez-Torres; César Torres-Huitzil; Hiram Galeana‐Zapién,2016,Sensors,10.3390/s16101693,https://openalex.org/W2531573559,off-topic-false-hit,"The tracking of frequently visited places, also known as stay points, is a critical feature in location-aware mobile applications as a way to adapt the information and services provided to smartphones users according to their moving patterns. Location based applications usually employ the GPS receiver along with Wi-Fi hot-spots and cellular cell tower mechanisms for estimating user location. Typically, fine-grained GPS location data are collected by the smartphone and transferred to dedicated servers for trajectory analysis and stay points detection. Such Mobile Cloud Computing approach has been successfully employed for extending smartphone's battery lifetime by exchanging computation costs, assuming that on-device stay points detection is prohibitive. In this article, we propose and validate the feasibility of having an alternative event-driven mechanism for stay points detection that is executed fully on-device, and that provides higher energy savings by avoiding communication costs. Our solution is encapsulated in a sensing middleware for Android smartphones, where a stream of GPS location updates is collected in the background, supporting duty cycling schemes, and incrementally analyzed following an event-driven paradigm for stay points detection. To evaluate the performance of the proposed middleware, real world experiments were conducted under different stress levels, validating its power efficiency when compared against a Mobile Cloud Computing oriented solution.",openalex,llm,1.000,unreviewed,,doi:10.3390/s16101693
discarded,Configurable multi-perspective business process models,Marcello La Rosa; Marlon Dumas; Arthur H. M. ter Hofstede; Jan Mendling,2010,Information Systems,10.1016/j.is.2010.07.001,https://openalex.org/W2011469345,off-topic-false-hit,,openalex,llm,0.980,unreviewed,,doi:10.1016/j.is.2010.07.001
discarded,A Study of Bisimulation Theory for Session Types,Dimitrios Kouzapas,2013,Spiral (Imperial College London),10.25560/23985,https://openalex.org/W1423284446,adjacent-subtopic,"Bisimulation theory is a co-inductive tool used as a tractable method for studying equivalence relations in process calculi. This dissertation studies bisimulation theory for session types. We define the Asynchronous Session π-calculus (ASP for short), which is a session type calculus with queue configurations acting as a communication medium at each session endpoint The semantics for ASP offer fine-grained communication that enjoys the non-blocking property of asynchrony and the order-preserving property of session types. The ASP typing system is shown to be sound to guarantee type safety in the presence of subtyping. A typed labelled transition system gives rise to a bisimilarity which is sound and complete with respect to typed reduction-closed congruence. The bisimilarity theory of ASP highlights the determinacy and confluence properties of session types. Event-driven programming is one of the major paradigms that utilise the asynchronous nature of distributed systems, where events are recognised as the presence of messages and their typed information in the communication medium. To justify the design choices made, we develop a superset of ASP, called the Eventful Session π-calculus (ESP for short), equipped with the minimal session primitives for an expressive event-driven computational model. The eventful session type system introduces the session set type, which is a collection of session types used to type a set of possible events. The ESP typing system maintains its consistency with respect to the ASP session typing system up-to a subtyping relation for session set types. The straightforward extension from ASP to ESP offers behavioural transparency, making the bisimilarity theory for the ASP a special case for the ESP theory – the bisimilarity relation coincides with typed reduction-closed congruence and determinacy and confluence properties are shown to hold for session transitions. Many studies regarding event-driven computation have identified the selector or its equivalent, the polling operator, as the key construct for describing an event-driven framework. The selector is defined as a higher level construct in ESP and it is used to implement the core event handling routine called the event loop. Following the empirical study by Lauer and Needham, we define a session-based transformation from a multi-threaded server to an event loop server. Confluence theory proves that the transformation is type- and semantics-preserving. In the last part of the dissertation we extend the behavioural theory to multiparty session types, both in the synchronous and the asynchronous cases. For each case, we examine two different typed labelled transition systems. In the first case we examine a standard labelled transition system with respect to the local session typing of processes. In the second case a choreography specification governs the behaviour of a multiparty session process and its observer. Each labelled transition system defines a bisimilarity relation, which coincides with the corresponding reduction-closed congruence.",openalex,llm,0.980,unreviewed,,doi:10.25560/23985
discarded,Learning Asynchronous Typestates for Android Classes,Arjun Radhakrishna; Nicholas V. Lewchenko; Shawn Meier; Sergio Mover; Krishna Chaitanya Sripada; Damien Zufferey; Bor-Yuh Evan Chang; Pavol Černý,2017,Max Planck Digital Library,,https://openalex.org/W2583473510,adjacent-subtopic,"In event-driven programming frameworks, such as Android, the client and the framework interact using callins (framework methods that the client invokes) and callbacks (client methods that the framework invokes). The protocols for interacting with these frameworks can often be described by finite-state machines we dub *asynchronous typestates*. Asynchronous typestates are akin to classical typestates, with the key difference that their outputs (callbacks) are produced asynchronously. We present an algorithm to infer asynchronous typestates for Android framework classes. It is based on the L* algorithm that uses membership and equivalence queries. We show how to implement these queries for Android classes. Membership queries are implemented using testing. Under realistic assumptions, equivalence queries can be implemented using membership queries. We provide an improved algorithm for equivalence queries that is better suited for our application than the algorithms from literature. Instead of using a bound on the size of the typestate to be learned, our algorithm uses a *distinguisher bound*. The distinguisher bound quantifies how two states in the typestate are locally different. We implement our approach and evaluate it empirically. We use our tool, Starling, to learn asynchronous typestates for Android classes both for cases where one is already provided by the documentation, and for cases where the documentation is unclear. The results show that Starling learns asynchronous typestates accurately and efficiently. Additionally, in several cases, the synthesized asynchronous typestates uncovered surprising and undocumented behaviors.",openalex,llm,0.940,unreviewed,,hash:9fd95c2d4302ca81
