status,title,authors,year,venue,doi,url,tags,abstract,provider,decision_source,llm_confidence,llm_review_outcome,llm_change_direction,paper_id
kept,Scripted and scriptless GUI testing for web applications: An industrial case,Axel Bons; Beatriz Marín; Pekka Aho; Tanja E. J. Vos,2023,Information and Software Technology,10.1016/j.infsof.2023.107172,https://openalex.org/W4320487225,supports-claim,"Automation is required in the software development to reduce the high costs of producing software and to address the short release cycles of modern development processes. Lot of effort has been performed to automate testing, which is one of the most resource-consuming development phases. Automation of testing through the Graphical User Interface (GUI) has been researched to improve the system testing. We aim to evaluate the complementarity of automated GUI testing tools in a real industrial context, which refers to the capability of the tools to work usefully together. To address the objective, we conduct an exploratory case study in an IT development company from The Netherlands. We select two representative tools for automated GUI testing, one for scripted and another for scriptless testing. We measure the complementarity by measuring the effectiveness, the efficiency, and subjective satisfaction of the tools. It can be observed that the scripted tool performs better in detecting process failures, and the scriptless tool performs better in detecting visible failures and also reaching higher coverage. Both tools perform in a similar way in terms of efficiency. Additionally, both tools were perceived to be useful in the survey performed for the subjective satisfaction. We conclude that scriptless and scripted testing approaches are complementary, and they can improve the effectiveness compared to manual testing processes performed in an industrial context by detecting different failures and reducing the effort and time to find these failures and to reproduce them.",openalex,llm,0.910,unreviewed,,doi:10.1016/j.infsof.2023.107172
discarded,XplorSeq: A software environment for integrated management and phylogenetic analysis of metagenomic sequence data,Daniel N. Frank,2008,BMC Bioinformatics,10.1186/1471-2105-9-420,https://openalex.org/W2101362519,off-topic-false-hit,"BACKGROUND: Advances in automated DNA sequencing technology have accelerated the generation of metagenomic DNA sequences, especially environmental ribosomal RNA gene (rDNA) sequences. As the scale of rDNA-based studies of microbial ecology has expanded, need has arisen for software that is capable of managing, annotating, and analyzing the plethora of diverse data accumulated in these projects. RESULTS: XplorSeq is a software package that facilitates the compilation, management and phylogenetic analysis of DNA sequences. XplorSeq was developed for, but is not limited to, high-throughput analysis of environmental rRNA gene sequences. XplorSeq integrates and extends several commonly used UNIX-based analysis tools by use of a Macintosh OS-X-based graphical user interface (GUI). Through this GUI, users may perform basic sequence import and assembly steps (base-calling, vector/primer trimming, contig assembly), perform BLAST (Basic Local Alignment and Search Tool; 123) searches of NCBI and local databases, create multiple sequence alignments, build phylogenetic trees, assemble Operational Taxonomic Units, estimate biodiversity indices, and summarize data in a variety of formats. Furthermore, sequences may be annotated with user-specified meta-data, which then can be used to sort data and organize analyses and reports. A document-based architecture permits parallel analysis of sequence data from multiple clones or amplicons, with sequences and other data stored in a single file. CONCLUSION: XplorSeq should benefit researchers who are engaged in analyses of environmental sequence data, especially those with little experience using bioinformatics software. Although XplorSeq was developed for management of rDNA sequence data, it can be applied to most any sequencing project. The application is available free of charge for non-commercial use at http://vent.colorado.edu/phyloware.",openalex,llm,0.980,unreviewed,,doi:10.1186/1471-2105-9-420
discarded,Development of a User Interface for a Regression Analysis Software Tool,Norbert M. Ulbrich; Thomas Volden,2010,48th AIAA Aerospace Sciences Meeting Including the New Horizons Forum and Aerospace Exposition,10.2514/6.2010-932,https://openalex.org/W2012314431,adjacent-subtopic,"An easy-to -use user interface was implemented in a highly automated regression analysis tool. The user interface was developed from the start to run on computers that use the Windows, Macintosh, Linux, or UNIX operating system. Many user interface features were specifically designed such that a novice or inexperienced user can apply the regression analysis tool with confidence. Therefore, the user interface s design minimizes interactive input from the user. In addition, reasonable default combinations are assigned to those analysis settings that influence the outcome of the regression analysis. These default combinations will lead to a successful regression analysis result for most experimental data sets. The user interface comes in two versions. The text user interface version is used for the ongoing development of the regression analysis tool. The official release of the regression analysis tool, on the other hand, has a graphical user interface that is more efficient to use. This graphical user interface displays all input file names, output file names, and analysis settings for a specific software application mode on a single screen which makes it easier to generate reliable analysis results and to perform input parameter studies. An object-oriented approach was used for the development of the graphical user interface. This choice keeps future software maintenance costs to a reasonable limit. Examples of both the text user interface and graphical user interface are discussed in order to illustrate the user interface s overall design approach.",openalex,llm,0.760,unreviewed,,doi:10.2514/6.2010-932
discarded,TrioSon: A Graphical User Interface for Pattern Sonification,Charlie Cullen; Eugene D. Coyle,2005,Arrow@dit (Dublin Institute of Technology),,https://openalex.org/W2124530604,off-topic-false-hit,"The TrioSon software allows users to map musical patterns to input data variables via a graphical user interface (GUI). The application is a Java routine designed to take input files of standard Comma Separated Values (CSV) format and output Standard Midi Files (SMF) using the internal Java Sound API. TrioSon renders output Sonifications from input data files for up to 3 user-defined parameters, allocated as bass, chord and melody instruments for the purposes of arrangement. In this manner each parameter concerned is distinguished by its individual instrumental timbre, with the option of rendering any combination of 1 to 3 parameters as required. The software parses indexed input data relating to individual variables for each user-defined parameter, and provides the means to allocate musical patterns to each variable for Sonification using drag and drop functionality. Control over the Rhythmic Parsing of the Sonification is provided, alongside individual control of the volume, panning, muting and timbre of each instrument in the trio. Sonifications can be rendered as full output files of the entire data, or can also be auditioned by index as required. This feature is designed to allow the user complete control over the data they are sonifying- either on an individual or collective basis. Context for each output Sonification is provided by Midi events defined by the index of the input data, which are mapped to percussive timbres in the final SMF (via track 10). Java development provides the added advantage of portability, with the final application being small enough (200kb) to attach in an email document. It is hoped that the compact and intuitive nature of the application will make it a straightforward means of investigating the Sonification of data sets.",openalex,llm,0.980,unreviewed,,hash:a96170f0da8990bb
discarded,KNIME - the Konstanz information miner,Michael R. Berthold; Nicolas Cebron; Fabian Dill; Thomas R. Gabriel; Tobias Kötter; Thorsten Meinl; Peter Ohl; Kilian Thiel; Bernd Wiswedel,2009,ACM SIGKDD Explorations Newsletter,10.1145/1656274.1656280,https://openalex.org/W1979900513,adjacent-subtopic,"The Konstanz Information Miner is a modular environment, which enables easy visual assembly and interactive execution of a data pipeline. It is designed as a teaching, research and collaboration platform, which enables simple integration of new algorithms and tools as well as data manipulation or visualization methods in the form of new modules or nodes. In this paper we describe some of the design aspects of the underlying architecture, briey sketch how new nodes can be incorporated, and highlight some of the new features of version 2.0.",openalex,llm,0.910,unreviewed,,doi:10.1145/1656274.1656280
kept,Implementation of MVC (Model-View-Controller) Architectural to Academic Management Information System with Android Platform Base,Ni L. P. Pravina Utpatadevi; Oka Sudana; A. A. Kt. Agung Cahyawan,2012,International Journal of Computer Applications,,https://openalex.org/W2106405712,supports-claim,"It is really a critical factor for an organization nowadays to have an advance information system, which is especially in the terms of service and information for Educational purpose. Therefore the existence of an Academic Management Information System-based mobile application on android platform could make the process of education information service can take place effectively and efficiently since the information can be accessed anywhere. MVC is a method for making an application by separating data (model) from the view (View) and how to process it (Controller). MVC separates the development of applications based on the key components to build an application such as data manipulation, user interface, and the portion that controls in an application for MVC using the application easier to maintain and develop[1] General Terms Implementation MVC, Android Platform, Web Service JSON",openalex,llm,0.940,unreviewed,,hash:a2d7c23ee808c07e
discarded,Tac-Trace: A Tangible User Interface-Based Solution for Teaching Shape Concepts to Visually Impaired Children,Rabia Jafri; Shatha Musaed M. Althbiti; Nora Abdualrazaq A. Alattas; Amal Abdullah A. Albraiki; Sarah Hassan A. Almuhawwis,2022,IEEE Access,10.1109/access.2022.3228455,https://openalex.org/W4312495477,off-topic-false-hit,"A novel, low-cost, Arabic language tangible user interface (TUI)-based solution for teaching and reinforcing the concepts of planar shapes and their relationships to visually impaired (VI) children is presented. The solution employs a computer vision-based system to track tagged 3D-printed objects which children can manipulate to receive audio instructions and feedback in the context of various activities for learning progressively difficult shape concepts in a systematic manner. A graphical user interface (GUI) is also provided for the teachers to create and manage student accounts, track their students’ individual progress and download and print the templates and models of the tangible tokens along with their barcodes. The aim is to provide an engaging, accessible solution that would mitigate the demands on the time, efforts and financial resources of the teachers while allowing children to autonomously learn and review shape concepts at their own pace. By utilizing off-the-shelf components for setting up the TUI and providing templates and CAD models for generating the tangible tokens, we have endeavored to make the system affordable and easily reproducible. The system has been developed in consultation with teachers for VI children to ensure its compliance with current teaching and classroom practices. Initial evaluations of the system with VI children and teachers have validated its potential and yielded valuable design recommendations which would not only inform the design of future iterations of our system but also benefit other researchers seeking to build similar systems.",openalex,llm,0.980,unreviewed,,doi:10.1109/access.2022.3228455
discarded,Prutor: A System for Tutoring CS1 and Collecting Student Programs for Analysis,"Das, Rajdeep; Umair Z. Ahmed; Amey Karkare; Sumit Gulwani",2016,arXiv (Cornell University),10.48550/arxiv.1608.03828,https://openalex.org/W2507186400,adjacent-subtopic,"An introductory programming course (CS1) is an integral part of any undergraduate curriculum. Due to large number and diverse programming background of students, providing timely and personalised feedback to individual students is a challenging task for any CS1 instructor. The help provided by teaching assistants (typically senior students) is not sufficient as it suffers from unintentional bias and, most of the time, not quick enough. In this paper, we present Prutor, a tutoring system platform to conduct introductory programming courses. Prutor is a cloud-based web application that provides instant and useful feedback to students while solving programming problems. Prutor stores, at regular intervals, the snapshots of students' attempts to solve programming problems. These intermediate versions of the student programs provide the instructors (and data analysts) a view of the students' approach to solving programming problems. Since Prutor is accessible through any standard web browser, students do not need to worry about dependencies external to the programming course, viz. Operating Systems, Editors, Compilers, Compiler Options, etc.. This enables the students to focus on solving only the programming problems. Apart from the code snapshots at regular intervals, Prutor also collects other valuable data such as the time taken by the students to solve the problems, the number of compile and execution events, and the errors made. We have used this data in developing intelligent tools for giving feedback to students, some of which are described briefly in this paper. This system thus serves as a platform for tutoring as well as data collection for researchers.",openalex,llm,0.960,unreviewed,,doi:10.48550/arxiv.1608.03828
discarded,"Design, development, and evaluation of a virtual reality game-based application to support computational thinking",Friday Joseph Agbo; Solomon Sunday Oyelere; Jarkko T Suhonen; Markku Tukiainen,2022,Educational Technology Research and Development,10.1007/s11423-022-10161-5,https://openalex.org/W4308188359,off-topic-false-hit,"Computational thinking (CT) has become an essential skill nowadays. For young students, CT competency is required to prepare them for future jobs. This competency can facilitate students' understanding of programming knowledge which has been a challenge for many novices pursuing a computer science degree. This study focuses on designing and implementing a virtual reality (VR) game-based application (iThinkSmart) to support CT knowledge. The study followed the design science research methodology to design, implement, and evaluate the first prototype of the VR application. An initial evaluation of the prototype was conducted with 47 computer science students from a Nigerian university who voluntarily participated in an experimental process. To determine what works and what needs to be improved in the iThinkSmart VR game-based application, two groups were randomly formed, consisting of the experimental (n = 21) and the control (n = 26) groups respectively. Our findings suggest that VR increases motivation and therefore increase students' CT skills, which contribute to knowledge regarding the affordances of VR in education and particularly provide evidence on the use of visualization of CT concepts to facilitate programming education. Furthermore, the study revealed that immersion, interaction, and engagement in a VR educational application can promote students' CT competency in higher education institutions (HEI). In addition, it was shown that students who played the iThinkSmart VR game-based application gained higher cognitive benefits, increased interest and attitude to learning CT concepts. Although further investigation is required in order to gain more insights into students learning process, this study made significant contributions in positioning CT in the HEI context and provides empirical evidence regarding the use of educational VR mini games to support students learning achievements.",openalex,llm,0.990,unreviewed,,doi:10.1007/s11423-022-10161-5
kept,Design and implementation of ATM simulation system based on MVC pattern,Tao Peng; Lianying Sun; Hong Bao,2010,2010 International Conference on Educational and Information Technology,10.1109/ICEIT.2010.5607693,https://ieeexplore.ieee.org/document/5607693/,supports-claim,"The Model-View-Controller (MVC) pattern style separates software into models representing core functionality, views which display the models to the user, and controllers which let the user change the models. Although more sophisticated architectures have since been developed, MVC is interesting to explore because its simplicity makes it more acceptable to practitioners and it is beginning to be come well-known in industry. This paper presents teaching reform and practice of the course - “software design and development”, using the methods of case analysis and group discussion. In the teaching reform, the teaching case, ATM simulation system based MVC design pattern was illustrated. The usage of MVC pattern was illustrated. Moreover, the ways to deal with business rules variation were also described and compared with each other. At last, the problem of permission management was explained based on role-based access control principle. Students are very familiar with the domain of this system and so teaching effect can be improved.",ieee,llm,0.960,unreviewed,,doi:10.1109/iceit.2010.5607693
discarded,Organization of Remote Interaction Between Lecturer and Student During Completion of Study Assignment,Kyaw Zaw Ye; Natella Yu. Sokolova; Yulia S. Shevnina,2021,2021 IEEE Conference of Russian Young Researchers in Electrical and Electronic Engineering (ElConRus),10.1109/ElConRus51938.2021.9396197,https://ieeexplore.ieee.org/document/9396197/,adjacent-subtopic,"The article presents an approach to organization of remote interaction between participants of the educational process, i.e. lecturers and students, in the electronic educational environment. The approach implies usage of ""Study assignment"" complementary program module of electronic educational environment. Design and modelling of named program module are thoroughly described in the article. An example of implementation of the module based on Model-View-Controller (MVC) concept is given.",ieee,llm,0.860,unreviewed,,doi:10.1109/elconrus51938.2021.9396197
kept,An adaptable model for teaching mobile app development,Andrey Esakia; D. Scott McCrickard,2016,2016 IEEE Frontiers in Education Conference (FIE),10.1109/FIE.2016.7757478,https://ieeexplore.ieee.org/document/7757478/,supports-claim,"As mobile software development becomes more mainstream, universities recognize a need to integrate mobile platform programming into the curriculum. This integration requires an understanding of mobile software development that defines it not just as a collection of topics but that acknowledges cross-topic areas that serve as the basis for specific interests. This paper presents a platform-agnostic model for teaching mobile software development that identifies established foundational topics, offering an adaptable teaching model aimed at providing enhanced understating of the topics and their integration. The model identifies three core areas of importance to computer science education: asynchronous programming, model view controller, and platform underpinnings. This framework enables mobile-specific topics like location, notifications, sensors, and more that are positioned with respect to the core areas to assist with lecture and assignment planning. Testing this model showed that students exhibited better skills and knowledge of both the core concepts and the specific topics as observed in their integration of features in term projects. This suggests that, through emphasis on core areas and repeated exposure to them in the context of new topics, students exhibit higher quality of integration of various mobile topics and deeper understand of the core-cross topic areas for mobile software development. Next steps are adoption by the education community in project-based mobile development classes of various format, scope, level, and purpose.",ieee,llm,0.930,unreviewed,,doi:10.1109/fie.2016.7757478
