status,title,authors,year,venue,doi,url,tags,abstract,provider,decision_source,llm_confidence,llm_review_outcome,llm_change_direction,paper_id
discarded,testar – scriptless testing through graphical user interface,Tanja E. J. Vos; Pekka Aho; Fernando Pastor Ricós; Olivia Rodríguez-Valdés; Ad Mulders,2021,Software Testing Verification and Reliability,10.1002/stvr.1771,https://openalex.org/W3165430709,adjacent-subtopic,"Summary Covering all the possible paths of the graphical user interface (GUI) with test scripts would take too much effort and result in serious maintenance issues. We propose complementing scripted testing with scriptless test automation using the open‐source testar tool. This paper gives a comprehensive overview of testar and its latest extensions together with the ongoing and future research. With this paper, we hope we can help and encourage other researchers to use testar for their GUI testing‐related research and pave the way for an international research agenda in GUI testing built upon stable and open‐source infrastructure.",openalex,llm,0.820,unreviewed,,doi:10.1002/stvr.1771
discarded,GERRY: a gamified browser tool for GUI testing,Giacomo Garaccione; Tommaso Fulcini; Marco Torchiano,2022,,10.1145/3548771.3561408,https://openalex.org/W4308653684,adjacent-subtopic,"Graphical User Interface (GUI) testing is a relevant step of the software development process which is not often performed thoroughly due to its unappealing nature, to the inherent fragility of test cases, and to the fact that test cases – composed of long and complicated sequences of operations – have to be manually written by testers. We propose GERRY , a Capture & Replay GUI testing tool which implements an approach based on Gamification, i.e., the application of gaming elements to non-ludic activities. The purpose of the tool is to increase the engagement of the testers when performing GUI test case definition tasks. The tool makes use of mechanics typical of games such as progress indicators, leaderboards, and unlockable rewards, to increase user interest and involvement. GERRY also generates reports (i.e., traces of all actions and milestones reached during a session), written logs of the performed testing sessions, and scripts compatible with existing GUI testing tools (SikuliX and Selenium) for replay purposes.",openalex,llm,0.860,unreviewed,,doi:10.1145/3548771.3561408
kept,GUI-Guided Test Script Repair for Mobile Apps,Minxue Pan; Tongtong Xu; Yu Pei; Zhong Li; Tian Zhang; Xuandong Li,2020,IEEE Transactions on Software Engineering,10.1109/tse.2020.3007664,https://openalex.org/W3041622874,supports-claim,"Graphical User Interface (GUI) testing is widely used to test mobile apps. As mobile apps are frequently updated and need repeated testing, to reduce the test cost, their test cases are often coded as scripts to enable automated execution using test harnesses/tools. When those mobile apps evolve, many of the test scripts, however, may become broken due to changes made to the app GUIs. While it is desirable that the broken scripts get repaired, doing it manually can be preventively expensive if the number of tests need repairing is large. We propose in this paper a novel approach namedMeterto repairing broken GUI test scripts automatically when mobile apps evolve.Meterleverages computer vision techniques to infer GUI changes between two versions of a mobile app and uses the inferred changes to guide the repair of GUI test scripts. SinceMeteronly relies on screenshots to repair GUI tests, it is applicable to apps targeting open or closed source mobile platforms. In experiments conducted on 22 Android apps and 6 iOS apps, repairs produced byMeterhelped preserve 63.7 and 38.8 percent of all the test actions broken by the GUI changes, respectively.",openalex,llm,0.940,unreviewed,,doi:10.1109/tse.2020.3007664
discarded,Models in Graphical User Interface Testing: Study Design,Alper Silistre; Onur Kılınççeker; Fevzi Belli; Moharram Challenger; Geylani Kardaş,2020,,10.1109/uyms50627.2020.9247072,https://openalex.org/W3098537892,adjacent-subtopic,Model-based GUI testing is an important concept in Software GUI testing. Manual testing is a time-consuming labor and heavily error-prone. It has several well-accepted models that Software Testing community has been working and contributing to them for many years. This paper reviews different models used in model-based GUI testing and presents a case study with a proposed approach for how to convert several well-accepted models to ESG (Event Sequence Graphs) to generate test cases and execute them with an aim to consolidate past and future works in a single model.,openalex,llm,0.880,unreviewed,,doi:10.1109/uyms50627.2020.9247072
discarded,Vision-Based Mobile App GUI Testing: A Survey,Shengcheng Yu; Chunrong Fang; Ziyuan Tuo; Quanjun Zhang; Chunyang Chen; Zhenyu Chen; Zhendong Su,2025,ACM Computing Surveys,10.1145/3773027,https://openalex.org/W4415507077,adjacent-subtopic,"Graphical User Interface (GUI) has become one of the most significant parts of mobile applications (apps). It is a direct bridge between mobile apps and end users, which directly affects the end user’s experience. Neglecting GUI quality can undermine the value and effectiveness of the entire mobile app solution. Significant research efforts have been devoted to GUI testing, one effective method to ensure mobile app quality. By conducting rigorous GUI testing, developers can ensure that the visual and interactive elements of the mobile apps not only meet functional requirements but also provide a seamless and user-friendly experience. However, traditional solutions, relying on the source code or layout files, have met challenges in both effectiveness and efficiency due to the gap between what is obtained and what app GUI actually presents. Vision-based mobile app GUI testing approaches emerged with the development of computer vision technologies and have achieved promising progress. In this survey article, we provide a comprehensive investigation of the state-of-the-art techniques on 271 articles, among which 92 are vision-based studies. This survey covers different topics of GUI testing, like GUI test generation, GUI test record & replay, GUI testing framework, and so on. In particular, we highlight the emerging role of vision-based techniques and analyze how they reshape traditional approaches to mobile app GUI testing. Based on the investigation of existing studies, we outline the challenges and opportunities of (vision-based) mobile app GUI testing and propose promising research directions with the combination of emerging techniques.",openalex,llm,0.860,unreviewed,,doi:10.1145/3773027
kept,Investigating the adoption and maintenance of web GUI testing: Insights from GitHub repositories,Sergio Di Meglio; Luigi Libero Lucio Starace; Valeria Pontillo; Ruben Opdebeeck; Coen De Roover; Sergio Di Martino,2025,Information and Software Technology,10.1016/j.infsof.2025.107928,https://openalex.org/W4415289665,supports-claim,"Web GUI testing is a quality assessment practice aimed at evaluating the functionality of web applications from the perspective of its end users. While prior studies have explored the technical challenges of automated Web GUI testing, fewer works have explored how this practice is applied in real-world web apps. This study aims to investigate the adoption, characteristics, and maintenance of automated web GUI testing practices in open-source web applications, focusing on identifying trends and providing actionable insights for researchers and practitioners. We conducted a large-scale empirical analysis of 472 web applications on the GitHub platform, developed in Java , JavaScript , Python , and TypeScript . These projects use popular browser automation frameworks like Selenium , Playwright , Cypress , and Puppeteer . The study involved examining project characteristics and analyzing the co-evolution and maintenance of automated web GUI tests over time. Our findings empirically document automated web GUI testing adoption patterns in open-source projects, providing insights into the practical drivers behind both initial framework adoption and migration between different testing frameworks. Projects incorporating these tests generally show higher community engagement and consistent maintenance efforts. The analysis reveals that Web GUI tests tend to co-evolve with the underlying applications, reflecting their integration into the development lifecycle. The study provides valuable insights into the prevalence and maintenance of Web GUI testing, highlighting practical implications for improving testing practices. Our findings can guide further research on the matter and support practitioners in enhancing their testing strategies.",openalex,llm,0.910,unreviewed,,doi:10.1016/j.infsof.2025.107928
discarded,Scenario-Guided LLM-based Mobile App GUI Testing,Shengcheng Yu; Yuchen Ling; Chunrong Fang; Quan Zhi Zhou; Yi Zhao; Chunyang Chen; Shaomin Zhu; Zhenyu Chen,2026,ACM Transactions on Software Engineering and Methodology,10.1145/3816025,https://openalex.org/W4416137816,adjacent-subtopic,"The assurance of mobile application (app) GUI has become increasingly important, as the GUI serves as the primary medium of interaction between users and apps. Although numerous automated GUI testing approaches have been developed with diverse strategies, a substantial gap remains between these approaches and the underlying app business logic. Most existing approaches focus on general exploration rather than the completion of specific testing scenarios, often resulting in missed coverage of critical functionalities. Inspired by the manual testing process, which treats business logic, driven testing scenarios as the fundamental unit of testing, this paper introduces an approach that leverages large language models (LLMs) to comprehend the semantics expressed in app GUIs and their contextual relevance to given testing scenarios. Building upon this capability, we propose ScenGen , a novel scenario-guided LLM-based GUI testing framework that employs a multi-agent collaboration mechanism to simulate and automate the phases of manual testing. Specifically, ScenGen integrates five agents: the Observer, Decider, Executor, Supervisor, and Recorder . The Observer perceives the app GUI state by extracting and structuring GUI widgets and layouts, thereby interpreting the semantic information presented in the GUI. This information is then passed to the Decider , which makes scenario-driven decisions with the guidance of LLMs to identify target widgets and determine appropriate actions toward fulfilling specific testing goals. The Executor executes the decided operations on the app, while the Supervisor verifies whether the execution results align with the intended testing scenario completion, ensuring traceability and consistency in test generation and execution. Finally, the Recorder records the corresponding GUI operations into the context memory as a knowledge base for subsequent decision-making and concurrently monitors runtime bug occurrences. Comprehensive evaluations demonstrate that ScenGen effectively generates scenario-guided GUI tests guided by LLM collaboration, achieving higher relevance to app business logic and improving the completeness of automated GUI testing.",openalex,llm,0.890,unreviewed,,doi:10.1145/3816025
discarded,Standing on the Shoulders of Giants: Bug-Aware Automated GUI Testing via Retrieval Augmentation,M. Chen; Zhe Liu; Chunyang Chen; Junjie Wang; Boyu Wu; Jun Cheng Hu; Qing Wang,2025,Proceedings of the ACM on software engineering.,10.1145/3715755,https://openalex.org/W4411449947,adjacent-subtopic,"In software development, similar apps often encounter similar bugs due to shared functionalities and implementation methods. However, current automated GUI testing methods mainly focus on generating test scripts to cover more pages by analyzing the internal structure of the app, without targeted exploration of paths that may trigger bugs, resulting in low efficiency in bug discovery. Considering that a large number of bug reports on open source platforms can provide external knowledge for testing, this paper proposes BugHunter , a novel bug-aware automated GUI testing approach that generates exploration paths guided by bug reports from similar apps, utilizing a combination of Large Language Models (LLMs) and Retrieval-Augmented Generation (RAG). Instead of focusing solely on coverage, BugHunter dynamically adapts the testing process to target bug paths, thereby increasing bug detection efficiency. BugHunter first builds a high-quality bug knowledge base from historical bug reports. Then it retrieves relevant reports from this large bug knowledge base using a two-stage retrieval process, and generates test paths based on similar apps’ bug reports. BugHunter also introduces a local and global path-planning mechanism to handle differences in functionality and UI design across apps, and the ambiguous behavior or missing steps in the online bug reports. We evaluate BugHunter on 121 bugs across 71 apps and compare its performance against 16 state-of-the-art baselines. BugHunter achieves 60% improvement in bug detection over the best baseline, with comparable or higher coverage against the baselines. Furthermore, BugHunter successfully detects 49 new crash bugs in real-world apps from Google Play, with 33 bugs fixed, 9 confirmed, and 7 pending feedback.",openalex,llm,0.930,unreviewed,,doi:10.1145/3715755
kept,Graphic user interface modelling and testing automation,Xuebing Yang,2011,Victoria University Research Repository (Victoria University),,https://openalex.org/W132511846,supports-claim,"A Graphical User Interface (GUI) is the most widely used method whereby information systems interact with users. According to ACM Computing Surveys, on average, more than 45% of software code in a software application is dedicated to the GUI. However, GUI testing is extremely expensive. In unit testing, 10,000 cases can often be automatically tested within a minute whereas, in GUI testing, 10,000 simple GUI test cases need more than 10 hours to complete. This thesis effectively addresses the challenges of existing GUI testing methods and provides a unified solution to GUI testing automation. The three main contributions of this thesis are the proposal of the Graphic User Interface Testing Automation Model (GUITAM), the development of GUI Defect Classification and the proposal of the Long Use Case Closure Envelope Model.",openalex,llm,0.950,unreviewed,,hash:8d5a4f69795ba451
discarded,Automata-Based Trace Analysis for Aiding Diagnosing GUI Testing Tools for Android,Enze Ma; Shan Huang; Weigang He; Ting Su; Jue Wang; Huiyu Liu; Geguang Pu; Zhendong Su,2023,,10.1145/3611643.3616361,https://openalex.org/W4389158526,adjacent-subtopic,"Benchmarking software testing tools against known bugs is a classic approach to evaluating the tools’ bug finding abilities. However, this approach is difficult to give some clues on the tool-missed bugs to aid diagnosing the testing tools. As a result, heavy and ad hoc manual analysis is needed. In this work, in the setting of GUI testing for Android apps, we introduce an automata-based trace analysis approach to tackling the key challenge of manual analysis, i.e., how to analyze the lengthy event traces generated by a testing tool against a missed bug to find the clues. Our key idea is that, we model a bug in the form of a finite automaton which captures its bug-triggering traces; and match the event traces generated by the testing tool (which misses this bug) against this automaton to obtain the clues. Specifically, the clues are presented in the form of three designated automata-based coverage values. We apply our approach to enhance Themis, a representative benchmark suite for Android, to aid diagnosing GUI testing tools. Our extensive evaluation on nine state-of-the-art GUI testing tools and the involvement with several tool developers shows that our approach is feasible and useful. Our approach enables Themis+ (the enhanced benchmark suite) to provide the clues on the tool-missed bugs, and all the Themis+’s clues are identical or useful, compared to the manual analysis results of tool developers. Moreover, the clues have helped find several tool weaknesses, which were unknown or unclear before. Based on the clues, two actively-developing industrial testing tools in our study have quickly made several optimizations and demonstrated their improved bug finding abilities. All the tool developers give positive feedback on the usefulness and usability of Themis+’s clues. Themis+ is available at https://github.com/DDroid-Android/home.",openalex,llm,0.910,unreviewed,,doi:10.1145/3611643.3616361
discarded,Verification and Validation of the General Mission Analysis Tool (GMAT),Steven P. Hughes; Rizwan H. Qureshi; Steven Cooley; Joel J. K. Parker,2014,AIAA/AAS Astrodynamics Specialist Conference,10.2514/6.2014-4151,https://openalex.org/W2119382848,adjacent-subtopic,"This paper describes the processes and results of Verification and Validation (V&V) efforts for the General Mission Analysis Tool (GMAT). We describe the test program and environments, the tools used for independent test data, and comparison results. The V&V effort produced approximately 13,000 test scripts that are run as part of the nightly buildtest process. In addition, we created approximately 3000 automated GUI tests that are run every two weeks. Presenting all test results are beyond the scope of a single paper. Here we present high-level test results in most areas, and detailed test results for key areas. The final product of the V&V effort presented in this paper was GMAT version R2013a, the first Gold release of the software with completely updated documentation and greatly improved quality. Release R2013a was the staging release for flight qualification performed at Goddard Space Flight Center (GSFC) ultimately resulting in GMAT version R2013b.",openalex,llm,0.910,unreviewed,,doi:10.2514/6.2014-4151
kept,"An Exploratory Study of Automated GUI Testing: Goals, Issues, and Best Practices",Theodore D. Hellmann; Elham Moazzen; Abhishek B. Sharma; Zabedul Akbar; Jonathan Sillito; Frank Maurer,2014,,10.11575/prism/30915,https://openalex.org/W2300062158,supports-claim; gui-test,"Manually testing GUIs can be expensive and complex, so the creation of automated GUI test suites has been an area of significant interest. However, to our knowledge, the motivations of testers and the problems they encounter when attempting to create and use automated GUI tests have not been explored. We used Grounded Theory to investigate the goals motivating automated GUI testing, the issues testers encounter, and the best practices applied to overcome these issues. Through this study, we demonstrate that automated GUI test suite evolution and architecture are extremely important to the success of automated GUI testing and describe techniques that can be of use to practitioners. In addition to these best practices, this study identifies additional areas in which future research should be concentrated.",openalex,llm_reviewed,0.980,confirmed,,doi:10.11575/prism/30915
kept,GUICop: Approach and toolset for specification‐based GUI testing,Dalal Hammoud; Fadi A. Zaraket; Wes Masri,2017,Software Testing Verification and Reliability,10.1002/stvr.1642,https://openalex.org/W2474780953,supports-claim,"Summary Oracles used for testing graphical user interface (GUI) programmes are required to take into consideration complicating factors such as variations in screen resolution or colour scheme when comparing observed GUI elements with expected GUI elements. Researchers proposed fuzzy comparison rules and computationally expensive image processing techniques to tame the comparison process because otherwise the naïve matching comparison would be too constraining and consequently impractical. Alternatively, this paper proposes GUICop, a novel approach with a supporting toolset that takes (1) a GUI programme and (2) user‐defined GUI specifications characterizing the rendering behaviour of the GUI elements and checks whether the execution traces of the programme satisfy the specifications. GUICop comprises the following: (1) a GUI Specification Language; (2) a Driver; (3) Instrumented GUI Libraries; 4) a Solver; and (5) a Code Weaver. The user defines the specifications of the subject GUI programme using the GUI Specification Language. The Driver traverses the GUI structure of the programme and generates events that drive its execution. The Instrumented GUI Libraries capture the GUI execution trace, ie, information about the positions and visibility of the GUI elements. And the Solver, enabled by code injected by the Code Weaver, checks whether the traces satisfy the specifications. GUICop was successfully evaluated using 4 open source GUI applications that included 8 defects, namely, Jajuk, Gason, JEdit, and TerpPaint.",openalex,llm,0.870,unreviewed,,doi:10.1002/stvr.1642
