status,title,authors,year,venue,doi,url,tags,abstract,provider,decision_source,llm_confidence,llm_review_outcome,llm_change_direction,paper_id
kept,Application of MVP Architecture in Reengineering of Legacy Financial System,Bo Wu; Xiaohu Yang,2009,2009 International Conference on Computational Intelligence and Software Engineering,10.1109/CISE.2009.5366503,https://ieeexplore.ieee.org/document/5366503/,supports-claim,"As the progress of information technology, some financial systems used for long time can no longer meet the requirement of customers in both user interface and business process, and need reengineering imminently. In order to save the human resource and financial effort, this article raises a reengineering approach by encapsulating the back-end data access code of legacy system and only refactoring the front-end user interface and business logic. In the reengineering work, this article uses MVP (Model-View-Presenter) Architecture. By extracting screen logic into Presenters, the display code in View is independent from logic code in Presenter. Also, the introduction of MVP Architecture greatly enhances the reusability and the testability of business logic code, and finally improves the efficiency of development and test work significantly.",ieee,llm,0.990,unreviewed,,doi:10.1109/cise.2009.5366503
discarded,Design of Laboratory Management System Based on JSF Framework,Xiaoting Zhang; Gengguo Cheng,2008,2008 International Conference on Computer Science and Software Engineering,10.1109/CSSE.2008.979,https://ieeexplore.ieee.org/document/4722022/,adjacent-subtopic,"JavaServer Faces(JSF) is an exciting new technology that will change the way we build user interface for enterprise Java applications. This article introduces the features and working mechanisms of JSF, and illustrates event-driven model of JSF development process based on a project example. The project shows that JSF has a better extendibility and maintainability to develop Web user interface, and it helps to separate the role of Web application developers so as to improve the developing efficiency.",ieee,llm,0.860,unreviewed,,doi:10.1109/csse.2008.979
discarded,A flexible and efficient presentation-architecture for adaptive hypermedia: description and technical evaluation,C. Ullrich; P. Libbrecht; S. Winterstein; M. Muhlenbrock,2004,"IEEE International Conference on Advanced Learning Technologies, 2004. Proceedings.",10.1109/ICALT.2004.1357367,https://ieeexplore.ieee.org/document/1357367/,adjacent-subtopic,"Means of achieving personalization in the Web are adaptive hypermedia techniques and the flexible composition of learning content from individual learning objects. If the objects are represented in a format different from the presentation format (e.g. as XML as opposed to HTML), a potentially expensive transformation process is required. Furthermore, caching becomes impractical depending on the degree of personalization, as the dynamic information is available at presentation time only and varies for each user. In this paper we present a flexible and efficient presentation pipeline based on a model-view-controller architecture, which overcomes performance problems and couples caching and personalization. It transforms single learning objects and uses a view-layer for adaptive presentation and navigation support that provides additional advantages such as incremental rendering and the easy adaption to different layout styles. Both theoretical and simulation results prove the efficiency of this architecture.",ieee,llm,0.870,unreviewed,,doi:10.1109/icalt.2004.1357367
discarded,A Study on Customer Individual Demand-Oriented Networked Manufacturing System,Liang Tang; Junming Hou; Wanshan Wang; Ke Jing,2008,2008 International Conference on Computer Science and Software Engineering,10.1109/CSSE.2008.1354,https://ieeexplore.ieee.org/document/4722358/,adjacent-subtopic,"The networked manufacturing system oriented customer aims to meet customerpsilas individual demands. From the evaluation of CSI (customer satisfaction index), customer individual demands can be analyzed. The method of case-based reasoning (CBR) was used to evaluate CSI. The proposed method involves establishing source cases warehouse, describing historic CSI, and retrieving the source case for the target case by calculating similarity degree. The NMS (networked manufacturing system) can be developed oriented customer individual demands after CSI evaluation. The NMS has a three-tier architecture: customer server-web server-logic server. It was developed under the mode of MVC (model-view-control), and techniques such as Javascript, JSP, SQL server 2000 were used. The NMS realizes two functions which are customization and cooperative design.",ieee,llm,0.970,unreviewed,,doi:10.1109/csse.2008.1354
discarded,An Architecture for Interactive Context-Aware Applications,Kasim Rehman; Frank Stajano; George Coulouris,2007,IEEE Pervasive Computing,10.1109/MPRV.2007.5,https://ieeexplore.ieee.org/document/4101145/,adjacent-subtopic,"The interactive behavior of context-aware applications depends on the physical and logical context in which the interaction occurs. The main difference between traditional HCI design and context-aware design is how we deal with context. In this article, we pick up on recent ubicomp community trends, drawing from sociology and focusing on interaction's communicative aspects. So, starting from the premise that interaction is communication, we propose a new interaction model for context-aware applications. We then derive an architectural framework that developers can use to implement our interaction model. The main benefit of our architecture is that, by modeling context in the user interface, developers can represent the application's inferences visually for users",ieee,llm,0.840,unreviewed,,doi:10.1109/mprv.2007.5
discarded,Design and implementation of a collaboration-based AHP evaluation system,Xianghui Wang; Yuejun Li; Wei Cui,2012,Proceedings of the 2012 IEEE 16th International Conference on Computer Supported Cooperative Work in Design (CSCWD),10.1109/CSCWD.2012.6221853,https://ieeexplore.ieee.org/document/6221853/,adjacent-subtopic,"AHP (Analytic Hierarchy Process) is used to make decision in many fields. There are many tasks to be completed artificially in an AHP evaluation. Traditional AHP evaluation systems rarely support collaborative evaluation among many experts and the decision maker. The paper presents the design and implementation of a collaboration-based AHP evaluation system. In its architecture, workflow technology is used to implement collaboration among different experts, MVC framework based on web is adopted to organize modules, and Ajax technology is used to provide friend user interface. Based on the architecture, a prototype is developed, using Struts2, jBPM and jQuery.",ieee,llm,0.970,unreviewed,,doi:10.1109/cscwd.2012.6221853
discarded,A toolkit for developing Web-based information systems: case studies,T. Bodhuin; M. Tortorella,2003,Proceedings 27th Annual International Computer Software and Applications Conference. COMPAC 2003,10.1109/CMPSAC.2003.1245380,https://ieeexplore.ieee.org/document/1245380/,adjacent-subtopic,"The widespread usage of Internet increases the need of Web-based software applications for diffusing, searching and exchanging information useful to support a large variety of activities, such as business exchange, collaborative work, training, etc. The use of Internet allows the enterprise to experiment new and more efficient organization models through innovative elements that simplify the communication among their different sites. This situation motivates the increasing need of Web-based applications and calls for a quick development of new tools making easier the interaction with and/or between the enterprises' information systems. This paper briefly introduces an approach for a quick development of Web-based Information Systems by using a toolkit, named MVCGen, Model/View/Controller Generator. The name exhibits that the software systems produced are based on the Model-View-Controller design pattern. The paper presents a set of experiences regarding the automatic generation of Web-based software systems.",ieee,llm,0.760,unreviewed,,doi:10.1109/cmpsac.2003.1245380
kept,Development of ePPMS for research proposals based on integrated spring and Hibernate framework,Nisha Sharma; B K Murthy; Paras Nath Barwal,2015,2015 2nd International Conference on Computing for Sustainable Global Development (INDIACom),,https://ieeexplore.ieee.org/document/7100253/,supports-claim,"To facilitate researchers and scientists an ePPMS (electronic Project proposal Management system) is implemented using spring and Hibernate and designed using HTML5 and CSS3. PostgreSQL database was used as back end. The developed system has overcome the time consuming process of research proposal submission, scrutiny, review, obtaining required reports and certificates, monitoring etc. The Model-View-Controller design pattern of spring which provide legible code structure along with code reuse and Object Relation mapping of hibernate which makes data manipulation easy have been used in system development. HTML5 and CSS3 provides responsive layout that suits different screen sizes. PostgreSQL provides flexibility in deployment without additional license cost. The developed system is a multitier system which can separate presentation logic from business logic and improves reliability, reusability, maintainability and low coupling.",ieee,llm,0.910,unreviewed,,hash:ea3f1c61c9b19a02
kept,Research and Design on Library Management System Based on Struts and Hibernate Framework,Erxiang Chen; Minghui Liu,2009,2009 WASE International Conference on Information Engineering,10.1109/ICIE.2009.161,https://ieeexplore.ieee.org/document/5211400/,supports-claim,"If some small libraries use traditional library management system, they maybe waste resources. In order to this problem, a library management system based on struts and hibernate frame is put forward. This system has MVC architecture. It is a multi-tier system including presentation layer, business layer, data persistence layer and database layer, which can separate codes, and improve maintainability and reuse of the system.",ieee,llm,0.890,unreviewed,,doi:10.1109/icie.2009.161
kept,Towards Smart User Interface Design,Tomas Cerny; Vaclav Chalupa; Michael J. Donahoo,2012,2012 International Conference on Information Science and Applications,10.1109/ICISA.2012.6220929,https://ieeexplore.ieee.org/document/6220929/,supports-claim,"User interface development and maintenance presents a burden for many developers. UI development approaches often restate information already captured in the application model such as entity attributes, validation, security, etc. Changes in application model often require many subsequent changes to the UI. Such duplication creates additional maintenance requirements for synchronization (at a minimum) and often is a source for errors (i.e., when model and UI disagree). Adding to the difficulties of creation and maintenance, typical UI implementations often tangle multiple concerns together such as presentation, validation, layout, security, etc. In this paper, we provide an approach that reduces information duplication and untangles mixed concerns. The capability of runtime UI generation can render user-specific UI, reduce conditional evaluation, and integrate third party security frameworks. To evaluate our approach, we provide a case study that demonstrates reduction of maintenance efforts, separation of concerns and performance of runtime UI generation.",ieee,llm,0.880,unreviewed,,doi:10.1109/icisa.2012.6220929
discarded,"Haboob Dust Storms and Motor Vehicle Collision-related Trauma in Phoenix, Arizona","Henry, Michael B.; Mozer, Michael; Rogich, Jerome J.; Farrell, Kyle; Sachs, Jonathan W.; Selzer, Jordan; Chikani, Vatsal; Bradley, Gail; Comp, Geoff",2023,WESTERN JOURNAL OF EMERGENCY MEDICINE,10.5811/westjem.59381,https://www.webofscience.com/wos/woscc/full-record/WOS:001076144200018,off-topic-false-hit,"Background: The Sonoran Desert region, encompassing most of southern Arizona, has an extreme climate that is famous for dust storms known as haboobs. These storms lead to decreased visibility and potentially hazardous driving conditions. In this study we evaluate the relationship between haboob events and emergency department (ED) visits due to motor vehicle collisions (MVCs) in Phoenix, Arizona.

Methods: This study is a retrospective analysis of MVC-related trauma presentations to Phoenix, AZ, hospitals before and following haboob dust storms. These events were identified from 2009-2017 primarily using Phoenix International Airport weather data. De-identified trauma data were obtained from the Arizona Department of Health Services (ADHS) Arizona State Trauma Registry (ASTR) from seven trauma centers within a 10-mile radius of the airport. We compared MVC-related trauma using six- and 24-hour windows before and following the onset of haboob events.

Results: There were 31,133 MVC-related trauma encounters included from 2009-2017 and 111 haboob events meeting meteorological criteria during that period. There was a 17% decrease in MVC-related ED encounters in the six hours following haboob onset compared to before onset (235 vs 283, P = 0.04), with proportionally more injuries among males (P < 0.001) and higher mortality (P = 0.02). There was no difference in frequency of presentations (P = 0.82), demographics, or outcomes among the 24-hour pre- and post-haboob groups.

Conclusion: Haboob dust storms in Phoenix, Arizona, are associated with a decrease in MVC-related injuries during the six-hour period following storm onset, likely indicating the success of public safety messaging efforts. Males made up a higher proportion of those injured during the storms, suggesting a target for future interventions. Future public-targeted weather-safety initiatives should be accompanied more closely by monitoring and evaluation efforts to assess for effectiveness.",wos,llm,1.000,unreviewed,,doi:10.5811/westjem.59381
discarded,"Description of a new clinical syndrome: thoracic constriction without evidence of the typical funnel-shaped depression-the ""invisible"" pectus excavatum","Hohneck, Anna; Ansari, Uzair; Natale, Michele; Wittig, Karsten; Overhoff, Daniel; Riffel, Philipp; Boettcher, Michael; Akin, Ibrahim; Duerschmied, Daniel; Papavassiliu, Theano",2023,SCIENTIFIC REPORTS,10.1038/s41598-023-38739-w,https://www.webofscience.com/wos/woscc/full-record/WOS:001037011600021,off-topic-false-hit,"Pectus excavatum (PE) is a congenital malformation with a funnel-shaped depression of the sternum that can lead to cardiac symptoms. However, there are patients with thoracic constriction (defined as elevated Haller-Index > 3.25 determined by cardiac magnetic resonance imaging (CMR)) without visible evidence of PE, leading to similar complaints. Between January 2004 till June 2020, patients who underwent CMR for further evaluation of the heart, due to cardiac symptoms were enrolled and compared to controls. Biventricular global strain analysis was assessed using feature tracking (CMR-FT). ECG and/or Holter recordings were performed to detect rhythm events. Cardiac symptoms were evaluated in detail using a questionnaire. Finally, 88 patients (male 35, female 53) with elevated Haller-Index (3.9 +/- 0.8) were included and compared to CMR data from 25 individuals with confirmed PE and 25 healthy controls (HC). Mean age at time of CMR was 35 +/- 16 years. The most common symptoms at presentation were palpitations (41%), followed by dyspnea (24%) and atypical chest pain (14%). Three patients (3%) had atrial fibrillation or atrial flutter. Concomitant phenomena were pericardial effusion in 39% and mitral valve prolapse (MVP) in 27% of the study cohort. While there were no differences in left ventricular function or volumes, right ventricular function (RVEF) was significantly lower in patients with internal PE compared to HC (RVEF (%) 50 +/- 5 vs 59 +/- 4, p < 0.01). Strain analysis revealed only discrete changes in RV strain, implying a purely mechanical problem in the absence of structural changes. RV dimensions were negatively correlated with the size of thoracic indices (r = 0.41), reflecting the extent of thoracic constriction. MVP was more prevalent in patients with greater thoracic indices (r = 0.24). The described cohort, referred to as internal PE because of the absence of external changes, showed similar CMR morphologic findings as patients with real PE (especially altered dimensions of the right heart and a lower RVEF). In addition, there was a high incidence of rhythm disturbances, such as extrasystoles or arrhythmias. In one-third of the study cohort additional abnormalities such as pericardial effusion or MVP were present, with MVP being found more frequently in patients with larger thoracic indices, suggesting a possible common pathogenesis.",wos,llm,1.000,unreviewed,,doi:10.1038/s41598-023-38739-w
discarded,A Clinical Decision Support System for Increasing Compliance with Protocols in Chemotherapy of Children with Acute Lymphoblastic Leukemia,"Moghaddasi, Hamid; Rahimi, Rezvan; Kazemi, Alireza; Rafsanjani, Khadijeh Arjmandi; Bahoush, Gholamreza; Rahimi, Forough",2022,CANCER INFORMATICS,10.1177/11769351221084812,https://www.webofscience.com/wos/woscc/full-record/WOS:000773909000001,adjacent-subtopic,"OBJECTIVE: In this survey. a protocol-based Chemotherapy Prescription Decision Support System (CPDSS) was designed and evaluated to reduce medication errors in the chemotherapy process of children with ALL.

METHODS: The CPDSS algorithm was extracted by the software development team based on the protocol used by doctors to treat children with ALL. The ASP.Net MVC and SQL Server 2016 programming languages were used to develop the system. A 3-step evaluation (technical, retrospective, and user satisfaction) was performed on CPDSS designed at 2 children's hospitals in Tehran. The data were analyzed using descriptive statistics. At the technical evaluation step, users provided recommendations included in the system.

RESULTS: In the retrospective CPDSS evaluation step. 1281 prescribed doses of the drugs related to 30 patients were entered into the system. CPDSS detected 735 cases of protocol deviations and 57 (95%, CI =1.25-2.55) errors in prescribed chemotherapy for children with ALL. In the user satisfaction evaluation. the users approved two dimensions of the user interface and functionality of the system.

CONCLUSIONS: With the provision of alerts, the CPDSS can help increase compliance with chemotherapy protocols and decrease the chemotherapy prescribing errors that can improve patient safety.",wos,llm,0.960,unreviewed,,doi:10.1177/11769351221084812
discarded,DESIGN AND IMPLEMENTATION OF PIG INTELLIGENT CLASSIFICATION MONITORING SYSTEM BASED ON CONVOLUTION NEURAL NETWORK (CNN),"Wang, Ziwei; Hou, Yiming; Xu, Kai; Li, Lifeng",2021,INMATEH-AGRICULTURAL ENGINEERING,10.35633/inmateh-63-21,https://www.webofscience.com/wos/woscc/full-record/WOS:000683032400021,adjacent-subtopic,"With the development of agricultural information technology, the intelligent monitoring system applied in pigsty can alert people when domestic pigs and wild boars jump into each other's pigsty, and bring convenience to breeding staff. The system uses convolution neural network as the core algorithm to realize the function of real-time monitoring and reminding users. Using Spring MVC framework technology, a pig intelligent classification monitoring system based on C/S architecture is developed. Three layer architecture model of presentation layer, business layer and persistence layer is used. Neural network algorithm is embedded in the i mage processing module, and Netty framework is used to maintain the connection between each module. Field experiments show that the recognition accuracy of the system can reach 97.08%. This system can be used as a reference for the design of pig intelligent classification monitoring system, and provide a reference for the design of related systems.",wos,llm,0.980,unreviewed,,doi:10.35633/inmateh-63-21
kept,A Failed attempt at creating Guidelines for Visual GUI Testing: An industrial case study,"Alegroth, Emil; Petersen, Elin; Tinnerholm, John",2021,"2021 14TH IEEE CONFERENCE ON SOFTWARE TESTING, VERIFICATION AND VALIDATION (ICST 2021)",10.1109/ICST49551.2021.00046,https://www.webofscience.com/wos/woscc/full-record/WOS:000680831800034,supports-claim; qualifies-claim,"Software development is governed by guidelines that aim to improve the code's qualities, such as maintainability. However, whilst coding guidelines are commonplace for software, guidelines for testware are much less common. In particular, for GUI-based tests driven with image recognition, also referred to as Visual GUI Testing (VGT), explicit coding guidelines are missing.

In this industrial case study, performed at the Swedish defence contractor Saab AB, we propose a set of coding guidelines for VGT and evaluate their impact on test scripts for an industrial, safety-critical system. To study the guidelines' effect on maintenance costs, five representative manual test cases are each translated with and without the proposed guidelines in the two VGT tools SikuliX and EyeAutomate. As such, 20 test scripts were developed, with a combined development cost of more than 100 man-hours. Three of the tests are then maintained by one researcher and two practitioners for another version of the system and costs measured to evaluate return on investment. This analysis is complemented with observations and interviews to elicit practitioners' perceptions and experiences with VGT.

