status,title,authors,year,venue,doi,url,tags,abstract,provider,decision_source,llm_confidence,llm_review_outcome,llm_change_direction,paper_id
discarded,High performance computing in petroleum applications,"Ewing, Richard E.; Qin, Guan; Zhao, Wei",2005,INTERNATIONAL JOURNAL OF NUMERICAL ANALYSIS AND MODELING,,https://www.webofscience.com/wos/woscc/full-record/WOS:000241068100005,adjacent-subtopic,"The purpose of mathematical reservoir simulation models in petroleum applications is to try to optimize the recovery of hydrocarbon from permeable underground reservoirs. To accomplish this, one must be able to predict the performance of the reservoir under various production schemes. There are two essential issues, modeling and software architecture design, while developing a comprehensive oil reservoir modeling platform that should be an integration of subsurface models, facility network models and economic models. Effective subsurface models must be constructed to describe the complex geomechanical, physical, and multiphase fluid flow processes that accompany the various recovery mechanisms. Upscaling needs to be utilized to provide effective rock properties for coarse-grid models used for field-scale simulations. However, localized flow regimes at sub-coarse grid scales must often be resolved using local grid refinement techniques. Finite volume element methods for accurate resolution of localized geometrics can be coupled with cell-centered finite difference methods used in many existing simulators. Aspects of coupling different grids, different discretization schemes, and different physical equations via mortar techniques will be presented. Reservoir simulation is an integration of various technologies through the construction of a reservoir model as well as optimization of production strategies. A comprehensive oil reservoir modeling platform should be an integration of different software applications or components and its software architecture should be scaleable, extendable and should have the capability to create and modify a workflow. Beyond the traditional three-tier software architecture, data, application, and user-interface, separation of control and business logic through those three tiers is proposed to achieve those goals. The aspect of the software architecture design will be discussed.",wos,llm,0.970,unreviewed,,hash:1435e9111797c6e2
kept,Modernizing JavaServer pages by transformation,"Xu, S; Dean, T",2005,"WSE 2005: SEVENTH IEEE INTERNATIONAL SYMPOSIUM ON WEB SITE EVOLUTION, PROCEEDINGS",,https://www.webofscience.com/wos/woscc/full-record/WOS:000233372500015,supports-claim,"One way to improve the maintainability of a web application is to separate its presentation from the business logic. Such separation not only makes a web application easier to evolve and maintain, but also allows individual developers with different skills to cooperate more efficiently. Custom tags are a recent addition to the JSP standard that helps to facilitate this separation. In this paper, we present a transform to restructure JSP pages by moving embedded Java code into Custom tags without changing the original functionality or user interface. This reduces the complexity of the web applications, makes them more maintainable and makes best use different skill sets.",wos,llm,0.990,unreviewed,,hash:b8739ed03a48842f
discarded,Moving the business logic tier to the client.: Cost-effective distributed computing for the WWW,"Anido, L; Santos, J; Caeiro, M; Rodríguez, J; Fernández, MJ; Llamas, M",2001,SOFTWARE-PRACTICE & EXPERIENCE,,https://www.webofscience.com/wos/woscc/full-record/WOS:000172193600002,qualifies-claim; adjacent-subtopic,"The Internet and the WWW have encouraged the adoption of a three-tiered architectural style as the general framework for distributed computing. The thin client concept associated with this model is the most suitable for the WWW, because it can be easily mapped to the browser concept. Additionally, the separation of business logic (middle tier) and back-end services enable further flexibility for the design of this kind of service. Nevertheless, the advent of platform-independent software models like Java and the availability of common off-the-shelf services, like FTP or HTTP, offer new opportunities to more classical distributed computing models. In this paper we revisit the two,tiered model for Internet environments, and show that the fat client (user interface plus business logic) may still be valid, at least in some environments. We propose two solutions to provide full FTP access from a Java applet. Copyright (C) 2001 John Wiley & Sons, Ltd.",wos,llm_reviewed,0.820,changed,kept->discarded,hash:48190ee446578e26
kept,IAIMS architecture,"Hripcsak, G",1997,JOURNAL OF THE AMERICAN MEDICAL INFORMATICS ASSOCIATION,,https://www.webofscience.com/wos/woscc/full-record/WOS:A1997WN34800008,supports-claim,"An information system architecture defines the components of a system and the interfaces among the components. A good architecture is essential for creating an integrated Advanced Information Management System (IAIMS) that works as an integrated whole yet is flexible enough to accommodate many users and roles, multiple applications, changing vendors, evolving user needs, and advancing technology. Modularity and layering promote flexibility by reducing the complexity of a system and by restricting the ways in which components may interact. Enterprise-wide mediation promotes integration by providing message routing, support for standards, dictionary-based code translation, a centralized conceptual data schema, business rule implementation, and consistent access to databases. Several IAIMS sites have adopted a client-server architecture, and some have adopted a three-tiered approach, separating user interface functions, application logic, and repositories.",wos,llm,0.910,unreviewed,,hash:e91548b311a003cd
discarded,Application Framework for OpenHarmony Distributed Trusted Execution Environment,Y. Wang,2025,Communications in Computer and Information Science,10.1007/978-981-96-0055-7_15,https://www.scopus.com/inward/record.uri?partnerID=HzOxMe3b&scp=85218500478&origin=inward,adjacent-subtopic,,scopus,llm,0.910,unreviewed,,doi:10.1007/978-981-96-0055-7_15
discarded,Development of IC Scheduling Management System,T. Chen,2024,Proceedings 2024 International Conference on Power Electrical Engineering Electronics and Control Peeec 2024,10.1109/PEEEC63877.2024.00030,https://www.scopus.com/inward/record.uri?partnerID=HzOxMe3b&scp=85217855315&origin=inward,adjacent-subtopic,,scopus,llm,0.880,unreviewed,,doi:10.1109/peeec63877.2024.00030
discarded,Use of web application frameworks in the development of small applications,I.P. Vuksanovic,2011,Mipro 2011 34th International Convention on Information and Communication Technology Electronics and Microelectronics Proceedings,,https://www.scopus.com/inward/record.uri?partnerID=HzOxMe3b&scp=80052284721&origin=inward,adjacent-subtopic,,scopus,llm,0.720,unreviewed,,hash:c45bf6553d811521
discarded,Improving user experience by infusing web technologies into desktops,J. Bardin,2011,Splash 11 Compilation Proceedings of OOPSLA 11 Onward 2011 Gpce 11 Dls 11 and Splash 11 Companion,10.1145/2048147.2048219,https://www.scopus.com/inward/record.uri?partnerID=HzOxMe3b&scp=81355123371&origin=inward,adjacent-subtopic,,scopus,llm,0.830,unreviewed,,doi:10.1145/2048147.2048219
discarded,MVC extension: Evaluation according to rating criteria and possible integration,J. Dargham,2007,Proceedings of the 11th IASTED International Conference on Internet and Multimedia Systems and Applications Imsa 2007,,https://www.scopus.com/inward/record.uri?partnerID=HzOxMe3b&scp=56149094569&origin=inward,supports-claim; adjacent-subtopic,,scopus,llm_reviewed,0.620,changed,kept->discarded,hash:08c970cf2c160629
discarded,Context-aware user interface framework for mobile applications,T. Butter,2007,Proceedings International Conference on Distributed Computing Systems,10.1109/ICDCSW.2007.31,https://www.scopus.com/inward/record.uri?partnerID=HzOxMe3b&scp=35948981599&origin=inward,adjacent-subtopic,,scopus,llm,0.820,unreviewed,,doi:10.1109/icdcsw.2007.31
kept,DEUCE: A declarative framework for extricating user interface concerns,S. Goderis,2007,Journal of Object Technology,10.5381/jot.2007.6.9.a5,https://www.scopus.com/inward/record.uri?partnerID=HzOxMe3b&scp=36049000621&origin=inward,supports-claim,,scopus,llm,0.980,unreviewed,,doi:10.5381/jot.2007.6.9.a5
discarded,Science and engineering: A collusion of cultures,T. Hoare,2007,Proceedings of the International Conference on Dependable Systems and Networks,10.1109/DSN.2007.87,https://www.scopus.com/inward/record.uri?partnerID=HzOxMe3b&scp=36049051052&origin=inward,off-topic-false-hit,,scopus,llm,0.970,unreviewed,,doi:10.1109/dsn.2007.87
kept,Modernizing JavaServer pages by transformation,S. Xu,2005,Proceedings Seventh IEEE International Symposium on Web Site Evolution Wse 2005,10.1109/WSE.2005.9,https://www.scopus.com/inward/record.uri?partnerID=HzOxMe3b&scp=33748856803&origin=inward,supports-claim,,scopus,llm,0.990,unreviewed,,doi:10.1109/wse.2005.9
discarded,Template directed development of web-based information systems,A. Singh,2003,Proceedings of the International Conference on Information and Knowledge Engineering,,https://www.scopus.com/inward/record.uri?partnerID=HzOxMe3b&scp=1642330679&origin=inward,adjacent-subtopic,,scopus,llm,0.700,unreviewed,,hash:d4b7467848bf1dc6
discarded,Product line architecture and the separation of concerns,J. van Zyl,2002,Lecture Notes in Computer Science Including Subseries Lecture Notes in Artificial Intelligence and Lecture Notes in Bioinformatics,10.1007/3-540-45652-x_7,https://www.scopus.com/inward/record.uri?partnerID=HzOxMe3b&scp=84974733881&origin=inward,adjacent-subtopic,,scopus,llm,0.920,unreviewed,,doi:10.1007/3-540-45652-x_7
discarded,Moving the business logic tier to the client. Cost-effective distributed computing for the WWW,L. Anido,2001,Software Practice and Experience,10.1002/spe.416,https://www.scopus.com/inward/record.uri?partnerID=HzOxMe3b&scp=0035950892&origin=inward,adjacent-subtopic,,scopus,llm_reviewed,0.740,confirmed,,doi:10.1002/spe.416
discarded,IAIMS Architecture,G. Hripcsak,1997,Journal of the American Medical Informatics Association,,https://www.scopus.com/inward/record.uri?partnerID=HzOxMe3b&scp=0031093764&origin=inward,adjacent-subtopic,,scopus,llm,0.780,unreviewed,,hash:d010bf6aef77fc7e
discarded,A comprehensive study of autonomous vehicle bugs,Joshua Garcia; Yang Feng; Junjie Shen; Sumaya Almanee; Yuan Xia; and Qi Alfred Chen,2020,,10.1145/3377811.3380397,https://openalex.org/W3090561201,adjacent-subtopic,"Self-driving cars, or Autonomous Vehicles (AVs), are increasingly becoming an integral part of our daily life. About 50 corporations are actively working on AVs, including large companies such as Google, Ford, and Intel. Some AVs are already operating on public roads, with at least one unfortunate fatality recently on record. As a result, understanding bugs in AVs is critical for ensuring their security, safety, robustness, and correctness. While previous studies have focused on a variety of domains (e.g., numerical software; machine learning; and error-handling, concurrency, and performance bugs) to investigate bug characteristics, AVs have not been studied in a similar manner. Recently, two software systems for AVs, Baidu Apollo and Autoware, have emerged as frontrunners in the open-source community and have been used by large companies and governments (e.g., Lincoln, Volvo, Ford, Intel, Hitachi, LG, and the US Department of Transportation). From these two leading AV software systems, this paper describes our investigation of 16,851 commits and 499 AV bugs and introduces our classification of those bugs into 13 root causes, 20 bug symptoms, and 18 categories of software components those bugs often affect. We identify 16 major findings from our study and draw broader lessons from them to guide the research community towards future directions in software bug detection, localization, and repair.",openalex,llm,0.980,unreviewed,,doi:10.1145/3377811.3380397
kept,Automated Test Selection for Android Apps Based on APK and Activity Classification,Luca Ardito; Riccardo Coppola; Simone Leonardi; Maurizio Morisio; Ugo A. Buy,2020,IEEE Access,10.1109/access.2020.3029735,https://openalex.org/W3091778553,supports-claim,"Several techniques exist for mobile test automation, from script-based techniques to automated test generation based on GUI models. Most techniques fall short in being adopted extensively by practitioners because of the very costly definition (and maintenance) of test cases. We present a novel testing framework for Android apps that allows a developer to write effective test scripts without having to know the implementation details and the user interface of the app under test. The main goal of the framework is to generate adaptive tests that can be executed on a significant number of apps, or different releases of the same app, without manual editing of the tests. The frameworks consists of: (1) a Test Scripting Language, that allows the tester to write generic test scripts tailored to activity and app categories; (2) a State Graph Modeler, that creates a model of the app's GUI, identifying activities (i.e., screens) and widgets; (3) an app classifier that determines the type of application under test; (4) an activity classifier that determines the purpose of each screen; (5) a test adapter that executes test scripts that are compatible with the specific app and activity, automatically tailoring the test scripts to the classes of the app and the activities under test. We evaluated empirically the components of our testing framework. The classifiers were able to outperform available approaches in the literature. The developed testing framework was able to correctly adapt high-level test cases to 28 out of 32 applications, and to reduce the LOCs of the test scripts of around 90%. We conclude that machine learning can be fruitfully applied to the creation of high-level, adaptive test cases for Android apps. Our framework is modular in nature and allows expansions through the addition of new commands to be executed on the classified apps and activities.",openalex,llm,0.910,unreviewed,,doi:10.1109/access.2020.3029735
discarded,Safer User Interfaces: A Case Study in Improving Number Entry,Harold Thimbleby,2014,IEEE Transactions on Software Engineering,10.1109/tse.2014.2383396,https://openalex.org/W2139666195,qualifies-claim; adjacent-subtopic,"Numbers are used in critical applications, including finance, healthcare, aviation, and of course in every aspect of computing. User interfaces for number entry in many devices (calculators, spreadsheets, infusion pumps, mobile phones, etc.) have bugs and design defects that induce unnecessary use errors that compromise their dependability. Focusing on Arabic key interfaces, which use digit keys 0-9-· usually augmented with correction keys, this paper introduces a method for formalising and managing design problems. Since number entry and devices such as calculators have been the subject of extensive user interface research since at least the 1980s, the diverse design defects uncovered imply that user evaluation methodologies are insufficient for critical applications. Likewise, formal methods are not being applied effectively. User interfaces are not trivial and more attention should be paid to their correct design and implementation. The paper includes many recommendations for designing safer number entry user interfaces.",openalex,llm_reviewed,0.920,changed,kept->discarded,doi:10.1109/tse.2014.2383396
discarded,SoK: An Exhaustive Taxonomy of Display Issues for Mobile Applications,Liming Nie; Kabir Sulaiman Said; Ming Hu,2024,,10.1145/3640543.3645193,https://openalex.org/W4393970698,qualifies-claim; adjacent-subtopic,"Display issues, often arising from design inconsistencies or software problems, can have a significant impact on both user experience and system functionality. This study focuses on three primary challenges in the field of display issues: the absence of a standardized classification system, the limitations of existing detection tools, and the inadequacy of available data. To systematically address these challenges, we introduce a comprehensive Display Issue Analysis Framework (DIS). Utilizing this framework, we construct a comprehensive and industry-validated taxonomy for display issues. When evaluating the capabilities of existing detection tools and the completeness of available data against this taxonomy, we find that current mainstream tools can identify only 77% of the cataloged display issues. This finding suggests that, although the field has received some attention from the industry, there is still room for further improvement and research. This study not only deepens our understanding of the classification of display issues and the capabilities of detection tools, but also provides valuable insights for future research and applications in this domain.",openalex,llm_reviewed,0.880,changed,kept->discarded,doi:10.1145/3640543.3645193
discarded,Automatically detecting API-induced compatibility issues in Android apps: a comparative analysis (replicability study),Pei Liu; Yanjie Zhao; Haipeng Cai; Mattia Fazzini; John Grundy; Li Li,2022,,10.1145/3533767.3534407,https://openalex.org/W4281895829,adjacent-subtopic,"Fragmentation is a serious problem in the Android ecosystem. This problem is mainly caused by the fast evolution of the system itself and the various customizations independently maintained by different smartphone manufacturers. Many efforts have attempted to mitigate its impact via approaches to automatically pinpoint compatibility issues in Android apps. Unfortunately, at this stage, it is still unknown if this objective has been fulfilled, and the existing approaches can indeed be replicated and reliably leveraged to pinpoint compatibility issues in the wild. We, therefore, propose to fill this gap by first conducting a literature review within this topic to identify all the available approaches. Among the nine identified approaches, we then try our best to reproduce them based on their original datasets. After that, we go one step further to empirically compare those approaches against common datasets with real-world apps containing compatibility issues. Experimental results show that existing tools can indeed be reproduced, but their capabilities are quite distinct, as confirmed by the fact that there is only a small overlap of the results reported by the selected tools. This evidence suggests that more efforts should be spent by our community to achieve sound compatibility issues detection.",openalex,llm,0.960,unreviewed,,doi:10.1145/3533767.3534407
discarded,Can LLM Replace Stack Overflow? A Study on Robustness and Reliability of Large Language Model Code Generation,Li Zhong; Zilong Wang,2024,Proceedings of the AAAI Conference on Artificial Intelligence,10.1609/aaai.v38i19.30185,https://openalex.org/W4393152795,off-topic-false-hit,"Recently, large language models (LLMs) have shown an extraordinary ability to understand natural language and generate programming code. It has been a common practice for software engineers to consult LLMs when encountering coding questions. Although efforts have been made to avoid syntax errors and align the code with the intended semantics, the reliability, and robustness of the code generation from LLMs have not yet been thoroughly studied. The executable code is not equivalent to reliable and robust code, especially in the context of real-world software development. For example, the misuse of APIs in the generated code could lead to severe problems, such as resource leaks, program crashes, etc. Existing code evaluation benchmarks and datasets focus on crafting small tasks such as programming questions in coding interviews, which, however, deviates from the problem that developers would ask LLM for real-world coding help. To fill the missing piece, in this work, we propose a dataset RobustAPI for evaluating the reliability and robustness of code generated by LLMs. We collect 1208 coding questions from Stack Overflow on 18 representative Java APIs. We summarize the common misuse patterns of these APIs and evaluate them on current popular LLMs. The evaluation results show that even for GPT-4, 62% of the generated code contains API misuses, which would cause unexpected consequences if the code is introduced into real-world software.",openalex,llm,0.990,unreviewed,,doi:10.1609/aaai.v38i19.30185
