status,title,authors,year,venue,doi,url,tags,abstract,provider,decision_source,llm_confidence,llm_review_outcome,llm_change_direction,paper_id
discarded,Critiquing Antipatterns In Novice Code,Leo C. Ureel,2020,,10.37099/mtu.dc.etdr/1158,https://openalex.org/W3130125100,adjacent-subtopic,"Students in introductory computer science courses, are learning to program. Indeed, most students perceive that learning to code is the central topic explored in the courses. Students spend an enormous amount of time struggling to learn the syntax and understand semantics of a particular language. Instructors spend a similar amount of time reading student code and explaining the meaning of the cryptic error messages displayed by compilers. Messages provided by compilers are intended to give feedback on the adherence of one’s code to the language specification and conventions. Unfortunately, these message are geared towards experts who have a clear understanding of the language syntax and semantics and a deep model of what comprises a program and how a program is developed. These students are novices who lack fundamental understanding of the structure of a program and have no basic mental model of how a program works. Novices make different kinds of mistakes than experts. Instructors need to spend a lot of time simply assisting novices in using compilers and understanding their output. In addition to mastering the syntax and semantics of their first programming language, novices are exposed to the question of what constitutes good design. Instructors can identify virtuous design choices and articulate areas of improvement. But contact time with students is limited, and waiting for in-person feedback or replies to personal messages can be a critical delay. Novices, still struggling to use the compiler, have not yet developed the sophisticated analytical processes employed by experts and this is reflected in their design choices and the kinds of mistakes they make. When a novice approaches an instructor with a question, the instructor must often provide a balanced critique that assists the student with understanding both the structure and the design aspects of their own code. My research has focused on whether we can identify examples of early programming antipatterns that have arisen from our teaching experience, and describe different ways of detecting them automatically. Novice students may produce code that is close to a correct solution but contains syntactic errors; code critiquers attempt to salvage the promising portions of the students submission and suggest repairs in ways more meaningful than typical compiler error messages. Alternatively, a student misunderstanding may result in well-formed code that passes unit tests yet contains clear design flaws; through additional analysis, code critiquers can detect and flag these flaws. Finally, certain types of antipatterns can",openalex,llm,0.960,unreviewed,,doi:10.37099/mtu.dc.etdr/1158
discarded,metan: An R package for multi‐environment trial analysis,Tiago Olivoto; Alessandro Dal’Cól Lúcio,2020,Methods in Ecology and Evolution,10.1111/2041-210x.13384,https://openalex.org/W3009699234,off-topic-false-hit,"Abstract Multi‐environment trials (MET) are crucial steps in plant breeding programs that aim at increasing crop productivity to ensure global food security. The analysis of MET data requires the combination of several approaches including data manipulation, visualization and modelling. As new methods are proposed, analysing MET data correctly and completely remains a challenge, often intractable with existing tools. Here we describe the metan R package, a collection of functions that implement a workflow‐based approach to (a) check, manipulate and summarize typical MET data; (b) analyse individual environments using both fixed and mixed‐effect models; (c) compute parametric and nonparametric stability statistics; (d) implement biometrical models widely used in MET analysis and (e) plot typical MET data quickly. In this paper, we present a summary of the functions implemented in metan and how they integrate into a workflow to explore and analyse MET data. We guide the user along a gentle learning curve and show how adding only a few commands or options at a time, powerful analyses can be implemented. metan offers a flexible, intuitive and richly documented working environment with tools that will facilitate the implementation of a complete analysis of MET datasets.",openalex,llm,1.000,unreviewed,,doi:10.1111/2041-210x.13384
discarded,If It Were Only That Easy: The Use of Meta-Analytic Research by Organizational Scholars,Justin A. DeSimone; Tine Köhler; Jeremy L. Bowers Schoen,2018,Organizational Research Methods,10.1177/1094428118756743,https://openalex.org/W2794152256,off-topic-false-hit,"This paper evaluates how researchers are currently citing meta-analytic results and provides specific recommendations for interpreting the information provided by meta-analysis (MA). The past four decades have seen a proliferation of MA research across the organizational sciences and myriad improvements to how MA is conducted. MAs are cited more frequently than individual primary studies and have a substantial influence on subsequent research and theorizing. Yet the consumption of meta-analytic results in organizational scholarship remains superficial. We evaluate citation practices for four seminal MAs and find that authors predominantly interpret meta-analytic findings in the simplest way possible: as evidence of the existence of a relationship between variables. In focusing only on this basic finding, citing authors neglect the complexity and rich detail provided by MA. We offer advice for how researchers can more effectively leverage the strengths of meta-analytic findings to inform subsequent research by taking advantage of the benefits that meta-analytic methodology can provide for the explanation of organizational phenomena.",openalex,llm,1.000,unreviewed,,doi:10.1177/1094428118756743
discarded,Effects of pre-analytical processes on blood samples used in metabolomics studies,Peiyuan Yin; Rainer Lehmann; Guowang Xu,2015,Analytical and Bioanalytical Chemistry,10.1007/s00216-015-8565-x,https://openalex.org/W1986202285,off-topic-false-hit,"Every day, analytical and bio-analytical chemists make sustained efforts to improve the sensitivity, specificity, robustness, and reproducibility of their methods. Especially in targeted and non-targeted profiling approaches, including metabolomics analysis, these objectives are not easy to achieve; however, robust and reproducible measurements and low coefficients of variation (CV) are crucial for successful metabolomics approaches. Nevertheless, all efforts from the analysts are in vain if the sample quality is poor, i.e. if preanalytical errors are made by the partner during sample collection. Preanalytical risks and errors are more common than expected, even when standard operating procedures (SOP) are used. This risk is particularly high in clinical studies, and poor sample quality may heavily bias the CV of the final analytical results, leading to disappointing outcomes of the study and consequently, although unjustified, to critical questions about the analytical performance of the approach from the partner who provided the samples. This review focuses on the preanalytical phase of liquid chromatography-mass spectrometry-driven metabolomics analysis of body fluids. Several important preanalytical factors that may seriously affect the profile of the investigated metabolome in body fluids, including factors before sample collection, blood drawing, subsequent handling of the whole blood (transportation), processing of plasma and serum, and inadequate conditions for sample storage, will be discussed. In addition, a detailed description of latent effects on the stability of the blood metabolome and a suggestion for a practical procedure to circumvent risks in the preanalytical phase will be given.",openalex,llm,1.000,unreviewed,,doi:10.1007/s00216-015-8565-x
discarded,COOPER-framework: A unified process for non-parametric projects,Ali Emrouznejad; Kristof De Witte,2010,European Journal of Operational Research,10.1016/j.ejor.2010.07.025,https://openalex.org/W2024413571,off-topic-false-hit,,openalex,llm,1.000,unreviewed,,doi:10.1016/j.ejor.2010.07.025
discarded,Modeling novice-to-expert shifts in problem-solving strategy and knowledge organization,Renée Elio,1990,Cognitive Science,10.1016/0364-0213(90)90010-t,https://openalex.org/W4253719500,off-topic-false-hit,"This research presents a computer model called EUREKA that begins with novice-like strategies and knowledge organizations for solving physics word problems and acquires features of knowledge organizations and basic approaches that characterize experts in this domain. EUREKA learns a highly interrelated network of problem-type schemas with associated solution methodologies. Initially, superficial features of the problem statement form the basis for both the problem-type schemas and the discriminating features that organize them in the P-MOP (Problem Memory Organization Packet) network. As EUREKA solves more problems, the content of the schemas and the discriminating features change to reflect more fundamental physics principles. This changing network allows EUREKA to shift from a novicelike means-ends strategy to a more expertlike “knowledge development” strategy in which the presence of abstract concepts are triggered by problem features. In this model, the strategy shift emerges as a natural consequence of the evolving expertlike organization of problem-type schemos. EUREKA captures many of the descriptive models of novice expert differences, and also suggests a number of empirically testable assumptions regarding problem-solving strategies and the representation of problem-solving knowledge.",openalex,llm,0.990,unreviewed,,doi:10.1016/0364-0213(90)90010-t
