status,title,authors,year,venue,doi,url,tags,abstract,provider,decision_source,llm_confidence,llm_review_outcome,llm_change_direction,paper_id
discarded,Ethnic Discrimination in Germany’s Labour Market: A Field Experiment,Leo Kaas; Christian Manger,2011,German Economic Review,10.1111/j.1468-0475.2011.00538.x,https://openalex.org/W1906367169,off-topic-false-hit,"Abstract This paper studies ethnic discrimination in Germany’s labour market with a correspondence test. We send two similar applications to each of 528 advertisements for student internships, one with a Turkish-sounding and one with a German-sounding name. A German name raises the average probability of a callback by about 14%. Differential treatment is particularly strong and significant in smaller firms at which the applicant with the German name receives 24% more callbacks. Discrimination disappears when we restrict our sample to applications including reference letters which contain favourable information about the candidate’s personality. We interpret this finding as evidence for statistical discrimination.",openalex,llm,1.000,unreviewed,,doi:10.1111/j.1468-0475.2011.00538.x
discarded,Deep learning with long short-term memory networks for financial market predictions,Thomas Günter Fischer; Christopher Krauß,2017,European Journal of Operational Research,10.1016/j.ejor.2017.11.054,https://openalex.org/W2624385633,off-topic-false-hit,,openalex,llm,1.000,unreviewed,,doi:10.1016/j.ejor.2017.11.054
discarded,Java in a Nutshell,B. J. K. Evans; David Flanagan,1996,Medical Entomology and Zoology,,https://openalex.org/W2112115709,adjacent-subtopic,"The sixth edition of Java in a Nutshell helps experienced Java programmers get the most out of Java 7 and 8, but its also a learning path for new developers. With examples rewritten to take full advantage of modern Java APIs and development best practices, this fully updated book brings you up to date and gets you ready to develop Java applications for the future.Learn how lambda expressions make your programs shorter, and easier to write and understandExplore Nashorn, the brand new implementation of Javascript on the Java Virtual MachineStart using the new I/O APIs to make your code cleaner, shorter, and saferUnderstand Javas concurrency model and learn how to write multithreaded code with confidence",openalex,llm,0.970,unreviewed,,hash:874e7397e078f160
discarded,EASY Meta-programming with Rascal,Paul Klint; Tijs van der Storm; Jurgen J. Vinju,2011,Lecture notes in computer science,10.1007/978-3-642-18023-1_6,https://openalex.org/W2170251310,off-topic-false-hit,,openalex,llm,0.960,unreviewed,,doi:10.1007/978-3-642-18023-1_6
discarded,Meta-analysis of field experiments shows no change in racial discrimination in hiring over time,Lincoln Quillian; Devah Pager; Ole Hexel; Arnfinn Haagensen Midtbøen,2017,Proceedings of the National Academy of Sciences,10.1073/pnas.1706255114,https://openalex.org/W2756054281,off-topic-false-hit,"= 24 studies), when field experiments became more common and improved methodologically. Since 1989, whites receive on average 36% more callbacks than African Americans, and 24% more callbacks than Latinos. We observe no change in the level of hiring discrimination against African Americans over the past 25 years, although we find modest evidence of a decline in discrimination against Latinos. Accounting for applicant education, applicant gender, study method, occupational groups, and local labor market conditions does little to alter this result. Contrary to claims of declining discrimination in American society, our estimates suggest that levels of discrimination remain largely unchanged, at least at the point of hire.",openalex,llm,1.000,unreviewed,,doi:10.1073/pnas.1706255114
discarded,Effectiveness of Virtual Medical Teaching During the COVID-19 Crisis: Systematic Review,Robyn‐Jenia Wilcha,2020,JMIR Medical Education,10.2196/20963,https://openalex.org/W3093863710,adjacent-subtopic,"BACKGROUND: In December 2019, COVID-19 emerged and rapidly spread worldwide. Transmission of SARS-CoV-2, the virus that causes COVID-19, is high; as a result, countries worldwide have imposed rigorous public health measures, such as quarantine. This has involved the suspension of medical school classes globally. Medical school attachments are vital to aid the progression of students' confidence and competencies as future physicians. Since the outbreak of COVID-19, medical schools have sought ways to replace medical placements with virtual clinical teaching. OBJECTIVE: The objective of this study was to review the advantages and disadvantages of virtual medical teaching for medical students during the COVID-19 pandemic based on the current emerging literature. METHODS: A brief qualitative review based on the application and effectiveness of virtual teaching during the COVID-19 pandemic was conducted by referencing keywords, including medical student virtual teaching COVID-19, virtual undergraduate medical education, and virtual medical education COVID-19, in the electronic databases of PubMed and Google Scholar. A total of 201 articles were found, of which 34 were included in the study. Manual searches of the reference lists of the included articles yielded 5 additional articles. The findings were tabulated and assessed under the following headings: summary of virtual teaching offered, strengths of virtual teaching, and weaknesses of virtual teaching. RESULTS: The strengths of virtual teaching included the variety of web-based resources available. New interactive forms of virtual teaching are being developed to enable students to interact with patients from their homes. Open-access teaching with medical experts has enabled students to remain abreast of the latest medical advancements and to reclaim knowledge lost by the suspension of university classes and clinical attachments. Peer mentoring has been proven to be a valuable tool for medical students with aims of increasing knowledge and providing psychological support. Weaknesses of virtual teaching included technical challenges, confidentiality issues, reduced student engagement, and loss of assessments. The mental well-being of students was found to be negatively affected during the pandemic. Inequalities of virtual teaching services worldwide were also noted to cause differences in medical education. CONCLUSIONS: In the unprecedented times of the COVID-19 pandemic, medical schools have a duty to provide ongoing education to medical students. The continuation of teaching is crucial to enable the graduation of future physicians into society. The evidence suggests that virtual teaching is effective, and institutions are working to further develop these resources to improve student engagement and interactivity. Moving forward, medical faculties must adopt a more holistic approach to student education and consider the mental impact of COVID-19 on students as well as improve the security and technology of virtual platforms.",openalex,llm,0.990,unreviewed,,doi:10.2196/20963
discarded,Fuzzy Logic with Engineering Applications,Timothy J. Ross,2010,,10.1002/9781119994374,https://openalex.org/W1485268022,off-topic-false-hit,"About the Author. Preface to the Third Edition. 1 Introduction. The Case for Imprecision. A Historical Perspective. The Utility of Fuzzy Systems. Limitations of Fuzzy Systems. The Illusion: Ignoring Uncertainty and Accuracy. Uncertainty and Information. The Unknown. Fuzzy Sets and Membership. Chance Versus Fuzziness. Sets as Points in Hypercubes. Summary. References. Problems. 2 Classical Sets and Fuzzy Sets. Classical Sets. Operations on Classical Sets. Properties of Classical (Crisp) Sets. Mapping of Classical Sets to Functions. Fuzzy Sets. Fuzzy Set Operations. Properties of Fuzzy Sets. Alternative Fuzzy Set Operations. Summary. References. Problems. 3 Classical Relations and Fuzzy Relations. Cartesian Product. Crisp Relations. Cardinality of Crisp Relations. Operations on Crisp Relations. Properties of Crisp Relations. Composition. Fuzzy Relations. Cardinality of Fuzzy Relations. Operations on Fuzzy Relations. Properties of Fuzzy Relations. Fuzzy Cartesian Product and Composition. Tolerance and Equivalence Relations. Crisp Equivalence Relation. Crisp Tolerance Relation. Fuzzy Tolerance and Equivalence Relations. Value Assignments. Cosine Amplitude. Max Min Method. Other Similarity Methods. Other Forms of the Composition Operation. Summary. References. Problems. 4 Properties of Membership Functions, Fuzzification, and Defuzzification. Features of the Membership Function. Various Forms. Fuzzification. Defuzzification to Crisp Sets. -Cuts for Fuzzy Relations. Defuzzification to Scalars. Summary. References. Problems. 5 Logic and Fuzzy Systems. Part I Logic. Classical Logic. Proof. Fuzzy Logic. Approximate Reasoning. Other Forms of the Implication Operation. Part II Fuzzy Systems. Natural Language. Linguistic Hedges. Fuzzy (Rule-Based) Systems. Graphical Techniques of Inference. Summary. References. Problems. 6 Development of Membership Functions. Membership Value Assignments. Intuition. Inference. Rank Ordering. Neural Networks. Genetic Algorithms. Inductive Reasoning. Summary. References. Problems. 7 Automated Methods for Fuzzy Systems. Definitions. Batch Least Squares Algorithm. Recursive Least Squares Algorithm. Gradient Method. Clustering Method. Learning From Examples. Modified Learning From Examples. Summary. References. Problems. 8 Fuzzy Systems Simulation. Fuzzy Relational Equations. Nonlinear Simulation Using Fuzzy Systems. Fuzzy Associative Memories (FAMS). Summary. References. Problems. 9 Decision Making with Fuzzy Information. Fuzzy Synthetic Evaluation. Fuzzy Ordering. Nontransitive Ranking. Preference and Consensus. Multiobjective Decision Making. Fuzzy Bayesian Decision Method. Decision Making Under Fuzzy States and Fuzzy Actions. Summary. References. Problems. 10 Fuzzy Classification. Classification by Equivalence Relations. Crisp Relations. Fuzzy Relations. Cluster Analysis. Cluster Validity. c-Means Clustering. Hard c-Means (HCM). Fuzzy c-Means (FCM). Fuzzy c-Means Algorithm. Classification Metric. Hardening the Fuzzy c-Partition. Similarity Relations from Clustering. Summary. References. Problems. 11 Fuzzy Pattern Recognition. Feature Analysis. Partitions of the Feature Space. Single-Sample Identification. Multifeature Pattern Recognition. Image Processing. Summary. References. Problems. 12 Fuzzy Arithmetic and the Extension Principle. Extension Principle. Crisp Functions, Mapping, and Relations. Functions of Fuzzy Sets Extension Principle. Fuzzy Transform (Mapping). Practical Considerations. Fuzzy Arithmetic. Interval Analysis in Arithmetic. Approximate Methods of Extension. Vertex Method. DSW Algorithm. Restricted DSW Algorithm. Comparisons. Summary. References. Problems. 13 Fuzzy Control Systems. Control System Design Problem. Control (Decision) Surface. Assumptions in a Fuzzy Control System Design. Simple Fuzzy Logic Controllers. Examples of Fuzzy Control System Design. Aircraft Landing Control Problem. Fuzzy Engineering Process Control. Classical Feedback Control. Fuzzy Control. Fuzzy Statistical Process Control. Measurement Data Traditional SPC. Attribute Data Traditional SPC. Industrial Applications. Summary. References. Problems. 14 Miscellaneous Topics. Fuzzy Optimization. One-Dimensional Optimization. Fuzzy Cognitive Mapping. Concept Variables and Causal Relations. Fuzzy Cognitive Maps. Agent-Based Models. Summary. References. Problems. 15 Monotone Measures: Belief, Plausibility, Probability, and Possibility. Monotone Measures. Belief and Plausibility. Evidence Theory. Probability Measures. Possibility and Necessity Measures. Possibility Distributions as Fuzzy Sets. Possibility Distributions Derived from Empirical Intervals. Deriving Possibility Distributions from Overlapping Intervals. Redistributing Weight from Nonconsonant to Consonant Intervals. Comparison of Possibility Theory and Probability Theory. Summary. References. Problems. Index.",openalex,llm,1.000,unreviewed,,doi:10.1002/9781119994374
discarded,Learning to Branch in Mixed Integer Programming,Elias B. Khalil; Pierre Le Bodic; Le Song; George L. Nemhauser; Bistra Dilkina,2016,Proceedings of the AAAI Conference on Artificial Intelligence,10.1609/aaai.v30i1.10080,https://openalex.org/W2563592268,off-topic-false-hit,"The design of strategies for branching in Mixed Integer Programming (MIP) is guided by cycles of parameter tuning and offline experimentation on an extremely heterogeneous testbed, using the average performance. Once devised, these strategies (and their parameter settings) are essentially input-agnostic. To address these issues, we propose a machine learning (ML) framework for variable branching in MIP.Our method observes the decisions made by Strong Branching (SB), a time-consuming strategy that produces small search trees, collecting features that characterize the candidate branching variables at each node of the tree. Based on the collected data, we learn an easy-to-evaluate surrogate function that mimics the SB strategy, by means of solving a learning-to-rank problem, common in ML. The learned ranking function is then used for branching. The learning is instance-specific, and is performed on-the-fly while executing a branch-and-bound search to solve the MIP instance. Experiments on benchmark instances indicate that our method produces significantly smaller search trees than existing heuristics, and is competitive with a state-of-the-art commercial solver.",openalex,llm,1.000,unreviewed,,doi:10.1609/aaai.v30i1.10080
discarded,mlr: Machine Learning in R,Bernd Bischl; Michel Lang; Lars Kotthoff; Patrick Schratz; Julia Schiffner; Jakob Richter; Zachary Jones; Giuseppe Casalicchio; Mason Gallo; Martin Binder,2013,,10.32614/cran.package.mlr,https://openalex.org/W2544745230,off-topic-false-hit,"Interface to a large number of classification and regression techniques, including machine-readable parameter descriptions. There is also an experimental extension for survival analysis, clustering and general, example-specific cost-sensitive learning. Generic resampling, including cross-validation, bootstrapping and subsampling. Hyperparameter tuning with modern optimization techniques, for single- and multi-objective problems. Filter and wrapper methods for feature selection. Extension of basic learners with additional operations common in machine learning, also allowing for easy nested resampling. Most operations can be parallelized.",openalex,llm,1.000,unreviewed,,doi:10.32614/cran.package.mlr
discarded,Building Machine Learning and Deep Learning Models on Google Cloud Platform,Ekaba Bisong,2019,Apress eBooks,10.1007/978-1-4842-4470-8,https://openalex.org/W4234971943,off-topic-false-hit,Use this comprehensive guide to learn how to build learning models by leveraging the computational resources that Google Cloud Platform makes available. All the essential principles and tools for building learning models from the ground up are covered.,openalex,llm,0.990,unreviewed,,doi:10.1007/978-1-4842-4470-8
discarded,Reinforcement Learning and Dynamic Programming Using Function Approximators,Lucian Buşoniu; Robert Babuška; Bart De Schutter; Damien Ernst,2010,,10.1201/9781439821091,https://openalex.org/W1626155273,off-topic-false-hit,"From household appliances to applications in robotics, engineered systems involving complex dynamics can only be as effective as the algorithms that control them. While Dynamic Programming (DP) has provided researchers with a way to optimally solve decision and control problems involving complex dynamic systems, its practical value was limited by algorithms that lacked the capacity to scale up to realistic problems. However, in recent years, dramatic developments in Reinforcement Learning (RL), the model-free counterpart of DP, changed our understanding of what is possible. Those developments led to the creation of reliable methods that can be applied even when a mathematical model of the system is unavailable, allowing researchers to solve challenging control problems in engineering, as well as in a variety of other disciplines, including economics, medicine, and artificial intelligence. Reinforcement Learning and Dynamic Programming Using Function Approximators provides a comprehensive and unparalleled exploration of the field of RL and DP. With a focus on continuous-variable problems, this seminal text details essential developments that have substantially altered the field over the past decade. In its pages, pioneering experts provide a concise introduction to classical RL and DP, followed by an extensive presentation of the state-of-the-art and novel methods in RL and DP with approximation. Combining algorithm development with theoretical guarantees, they elaborate on their work with illustrative examples and insightful comparisons. Three individual chapters are dedicated to representative algorithms from each of the major classes of techniques: value iteration, policy iteration, and policy search. The features and performance of these algorithms are highlighted in extensive experimental studies on a range of control applications. The recent development of applications involving complex systems has led to a surge of interest in RL and DP methods and the subsequent need for a quality resource on the subject. For graduate students and others new to the field, this book offers a thorough introduction to both the basics and emerging methods. And for those researchers and practitioners working in the fields of optimal and adaptive control, machine learning, artificial intelligence, and operations research, this resource offers a combination of practical algorithms, theoretical analysis, and comprehensive examples that they will be able to adapt and apply to their own work. Access the authors' website at www.dcsc.tudelft.nl/rlbook/ for additional material, including computer code used in the studies and information concerning new developments.",openalex,llm,1.000,unreviewed,,doi:10.1201/9781439821091
discarded,Swarm Learning for decentralized and confidential clinical machine learning,Stefanie Warnat‐Herresthal; Hartmut Schultze; Krishnaprasad Lingadahalli Shastry; Sathyanarayanan Manamohan; Saikat Mukherjee; Vishesh Garg; Ravi Sarveswara; Kristian Händler; Peter Pickkers; N. Ahmad Aziz; Sofia Ira Ktena; Florian Tran; Michael Bitzer; Stephan Ossowski; Nicolas Casadei; Christian Herr; Daniel Petersheim; Uta Behrends; Fabian Kern; Tobias Fehlmann; Philipp Schommers; Clara Lehmann; Max Augustin; Jan Rybniker; Janine Altmüller; Neha Mishra; Joana P. Bernardes; Benjamin Krämer; Lorenzo Bonaguro; Jonas Schulte-Schrepping; Elena De Domenico; Christian Siever; Michael Kraut; Milind Y. Desai; Bruno Monnet; Maria Saridaki; Charles Martin Siegel; Anna Drews; Melanie Nuesch-Germano; Heidi Theis; Jan Heyckendorf; Stefan Schreiber; Sarah Kim-Hellmuth; COVID-19 Aachen Study (COVAS); Paul Balfanz; Thomas Eggermann; Peter Boor; Ralf Hausmann; Hannah Kuhn; Susanne Isfort; Julia Stingl; Günther Schmalzing; Christiane Katharina Kuhl; Rainer Röhrig; Gernot Marx; Stefan Uhlig; Edgar Dahl; Dirk Müller‐Wieland; Michael Dreher; Nikolaus Marx; Jacob Nattermann; Dirk Skowasch; Ingo Kurth; Andreas Keller; Robert Bals; Peter Nürnberg; Olaf Horst Riess; Philip C Rosenstiel; Mihai Gheorghe Netea; Fabian Joachim Theis; Sach Mukherjee; Michael Backes; Anna C. Aschenbrenner; Thomas Ulas; Deutsche COVID-19 Omics Initiative (DeCOI); Angel Angelov; Alexander Bartholomäus; Anke Becker; Daniela Bezdan; Conny Blumert; Ezio E. Bonifacio; Peer Bork; Boyke Bunk; Helmut Blum; Thomas Clavel; Maria Colomé‐Tatché; Markus Cornberg; Inti Alberto De La Rosa Velázquez; Andreas Diefenbach; Alexander Dilthey; Nicole E. Fischer; Konrad U. Förstner; Sören Franzenburg; Julia-Stefanie Frick; Gisela Gabernet; Julien Gagneur; Tina Ganzenmueller; Marie Gauder; Janina K. Geißert; Alexander Goesmann,2021,Nature,10.1038/s41586-021-03583-3,https://openalex.org/W3164573547,off-topic-false-hit,"Abstract Fast and reliable detection of patients with severe and heterogeneous illnesses is a major goal of precision medicine 1,2 . Patients with leukaemia can be identified using machine learning on the basis of their blood transcriptomes 3 . However, there is an increasing divide between what is technically possible and what is allowed, because of privacy legislation 4,5 . Here, to facilitate the integration of any medical data from any data owner worldwide without violating privacy laws, we introduce Swarm Learning—a decentralized machine-learning approach that unites edge computing, blockchain-based peer-to-peer networking and coordination while maintaining confidentiality without the need for a central coordinator, thereby going beyond federated learning. To illustrate the feasibility of using Swarm Learning to develop disease classifiers using distributed data, we chose four use cases of heterogeneous diseases (COVID-19, tuberculosis, leukaemia and lung pathologies). With more than 16,400 blood transcriptomes derived from 127 clinical studies with non-uniform distributions of cases and controls and substantial study biases, as well as more than 95,000 chest X-ray images, we show that Swarm Learning classifiers outperform those developed at individual sites. In addition, Swarm Learning completely fulfils local confidentiality regulations by design. We believe that this approach will notably accelerate the introduction of precision medicine.",openalex,llm,1.000,unreviewed,,doi:10.1038/s41586-021-03583-3
