status,title,authors,year,venue,doi,url,tags,abstract,provider,decision_source,llm_confidence,llm_review_outcome,llm_change_direction,paper_id
discarded,Growth Hormone Therapy in Children Born Small for Gestational Age with Persistent Short Stature: Lessons Learned from Real-World International Databases and Directions for Future Research,"Samvelyan, Sona; Ahmed, S. Faisal; Alimussina, Malika; Kodytkova, Aneta; Jirova, Barbora; Amaratunga, Shenali Anne; Lebl, Jan",2026,HORMONE RESEARCH IN PAEDIATRICS,10.1159/000553457,https://www.webofscience.com/wos/woscc/full-record/WOS:001871575300001,off-topic-false-hit,"Background: Children born small for gestational age (SGA) account for approximately 5% of the newborn population. Although most experience spontaneous catch-up growth during early childhood, up to 10% remain short beyond 2-4 years of age and are classified as having SGA with persistent short stature (SGA-SS). Recombinant human growth hormone (rhGH) has been approved for the treatment of SGA-SS for more than 2 decades, and numerous clinical trials and real-world observational studies have confirmed its efficacy in improving childhood growth and adult height. However, treatment response is highly variable and likely reflects the heterogeneous aetiology of SGA-SS, ranging from intrauterine environmental influences to genetic and epigenetic determinants of growth. Over the past 40 years, large international drug-specific registry programs (KIGS, GeNeSIS, NordiNet IOS, ANSWER, PATRO, NCGS, and ECOS) have provided invaluable data on the long-term safety and efficacy of individual rhGH therapies, including thousands of patients with SGA-SS and extended follow-up. Summary: Safety outcomes across registries consistently demonstrate a low incidence of serious adverse events, with no excess metabolic or oncological risk compared with background population rates. With the increasing availability of next-generation sequencing, genetic diagnoses can now be identified in a substantial proportion of children with SGA-SS, opening new avenues for stratified treatment approaches. Key Messages: Future research should focus on defining genotype-specific growth responses, optimizing treatment regimens, and integrating next-generation patient databases such as GloBE-Reg to enhance long-term surveillance in the era of conventional and long-acting GH preparations.",wos,llm,1.000,unreviewed,,doi:10.1159/000553457
discarded,Loss to Follow-Up Rates Among Pediatric Sickle Cell Disease Patients in an Ophthalmology Clinic,"Ikram, Naira; Chaaya, Celine; Altamirano, Francisco; Hoyek, Sandra; Meshkin, Ryan S.; Lemire, Colin; Halawa, Omar; Sorour, Osama; Gonzalez, Efren; Patel, Nimesh A.",2026,JOURNAL OF VITREORETINAL DISEASES,10.1177/24741264261427828,https://www.webofscience.com/wos/woscc/full-record/WOS:001870793200001,off-topic-false-hit,"Purpose: To report the rates of loss to follow-up of pediatric patients with sickle disease. Methods: This retrospective cohort analysis included patients with sickle cell disease who were referred from Boston Children's Hospital hematology division and had an ophthalmic examination from January 2014 to 2024. Loss to follow-up was defined as failure to attend an appointment within 6 months of the scheduled date. After adjusting for covariates, the prevalence of sickle cell retinopathy, maculopathy, and systemic conditions (eg, stroke, acute chest syndrome, vaso-occlusive crisis, asthma, hospitalization) was tabulated and compared between the loss to follow-up and non-loss to follow-up groups. Results: Among the 255 included patients with sickle cell disease, 165 (65%) had at least 1 loss to follow-up event, with 66 (26%) having attended only 1 visit. Of the patients (n = 99) who did follow-up eventually, the median duration of loss to follow-up was 17.2 months/523.5 days (interquartile range, 335.5-655), and the mean duration was 25.1 months/754 days (SD, 611.7). In the entire cohort, sickle cell retinopathy was present in 61 eyes (24%), while the rate of coexisting major systemic comorbidities was 13%. No statistically significant differences in demographics, retinal findings, or systemic outcomes existed between the 2 groups. Conclusions: More than half of the pediatric patients with sickle cell disease were lost to follow-up, many with retinopathy and maculopathy. It is important to monitor this patient population to prevent disease progression and visual impairment.",wos,llm,1.000,unreviewed,,doi:10.1177/24741264261427828
discarded,AI App Behaviour Monitor Development for Children with ALNS,"Sherwin, Oscar; Jenkins, Paul",2026,"CONTRIBUTIONS PRESENTED AT THE INTERNATIONAL CONFERENCE ON COMPUTING, COMMUNICATION, CYBERSECURITY & AI, C3AI 2025",10.1007/978-3-032-16791-0_25,https://www.webofscience.com/wos/woscc/full-record/WOS:001851374800025,off-topic-false-hit,"This paper explores how components of Computational Thinking (CT) and concepts from Artificial Intelligence (AI) can be applied to enhance support work for disabled children. The study investigates the integration of rule-based systems, natural language processing (NLP), and pattern recognition techniques to model behavioural patterns and inform decision-making in care-environments. Drawing from both theoretical and applied research, the paper proposes a hybrid AI framework through expert systems with basic machine learning models to support the identification of triggers and suitable interventions for challenging behaviours.",wos,llm,0.990,unreviewed,,doi:10.1007/978-3-032-16791-0_25
discarded,The Challenge of 3D Scanning and Printing Copies in Natural History Museum Exhibits,"Gioldasis, Nikolaos; Stoupathis, Konstantinos; Ganetsos, Theodoros; Kantaros, Andreas",2025,ADVANCES IN NONDESTRUCTIVE EVALUATION TECHNOLOGIES FOR THE PRESERVATION OF CULTURAL HERITAGE,10.1007/978-3-032-13156-0_4,https://www.webofscience.com/wos/woscc/full-record/WOS:001848177000004,off-topic-false-hit,"The evolution of digital design applications as well as the development of technologies that improve processing power as well as minimize the volume of circuits have been instrumental in the development of 3D printers. Their field of application is constantly expanding in a multitude of fields. The modern market demands resilient supply chains that are able to cope with periods of high fluctuation in demand and supply (eg during a pandemic) such that they are able to quickly respond and recover from unforeseen events. The shrinking time needed to develop customized products at the lowest possible cost and the lowest possible failure probability are factors that prove that the possibilities this technology holds for the future are innumerable.

The use of 3d scanning and 3d printing is gaining ground in the field of cultural heritage conservation as a technique to create faithful copies of objects that can be used for educational and research purposes. Especially fragile objects need to maintain their integrity. In this specific work, exhibits from a natural history museum were scanned in order to print faithful copies which will be used as educational material in the museum. Primarily, the use of replicas of museum exhibits may be able to convey to the visitor of an exhibition multiple museological messages and provide a complete museum experience(when the original exhibits are impossible to exhibit due to high transport costs from the warehouses to the exhibition, bureaucracy or rarity of the collection itself). Secondly, the poor state of preservation of an exhibit, the vulnerability of the construction material (inc. in fragile shells in shells, crustaceans or fossils of the Helmi Collection) as well as the risk of worsening their damage due to poor handling or inappropriate microclimate conditions make it necessary to exhibit copies.

3D printing is an alternative practice-given that it opposes the ""traditional"" ban on touching objects in museums, while the use of museum copies in educational programs is offered in the case of special groups of audiences, such as young children, people with dementia or mentally retarded, visually impaired, etc., who can understand the exhibit through touch.

Finally, the 3d scanning technique is used to virtually represent a complete copy of an exhibit, preserving all its details so that there is a digital representation that can come into physical form using 3d printing.",wos,llm,0.990,unreviewed,,doi:10.1007/978-3-032-13156-0_4
discarded,Dupilumab Combined with Topical 5% Minoxidil for Severe Alopecia Areata in a 2-Year-Old Child with Type 2 Immune Features: A Case Report,"Song, Yu-Hao; Zhang, Ying-Qi; Zhang, Bin; Zhang, Qiang; Wu, Ri-Ga",2026,CLINICAL COSMETIC AND INVESTIGATIONAL DERMATOLOGY,10.2147/CCID.S617906,https://www.webofscience.com/wos/woscc/full-record/WOS:001868757700001,off-topic-false-hit,"Background: Severe alopecia areata (AA) in very young children is difficult to manage because evidence-based treatment options are limited and currently approved Janus kinase (JAK) inhibitor therapies do not cover children younger than 12 years. Type 2 immune activity may contribute to AA in a subset of patients with atopic features, providing a rationale for considering dupilumab. Case Presentation: A 2-year-and-5-month-old girl with a 2-year history of progressive scalp hair loss presented with severe diffuse AA (Severity of Alopecia Tool [SALT] score, 85%). She had a history of eczema, a family history of eczema, and mildly elevated total serum immunoglobulin E. Baseline dermoscopy showed sparse vellus hairs and occasional black dots without prominent perifollicular erythema or vascular changes. Previous topical and systemic treatments had produced minimal improvement. Intervention and Outcome: After discussion with the family regarding the off-label nature, uncertainties, potential risks, and alternatives, subcutaneous dupilumab was initiated together with topical 5% minoxidil. Initial regrowth was observed at week 7, followed by progressive improvement; the SALT score decreased to approximately 9% by week 37. No treatment-related adverse events were reported during 9 months of follow-up. Conclusion: This case adds to emerging evidence that dupilumab may be considered in carefully selected pediatric patients with severe, treatment-refractory AA and features suggestive of type 2 immune involvement. Because minoxidil was continued concomitantly, baseline inflammatory activity was limited, and spontaneous regrowth cannot be excluded, the clinical improvement cannot be attributed to dupilumab alone.",wos,llm,1.000,unreviewed,,doi:10.2147/ccid.s617906
discarded,Natural history of inguinal hernia in neonates and infants: clinical regression and incarceration,"Miyazaki, Ko; Hayashida, Makoto; Koga, Shoma; Tamaki, Akihiko",2026,PEDIATRIC SURGERY INTERNATIONAL,10.1007/s00383-026-06626-w,https://www.webofscience.com/wos/woscc/full-record/WOS:001868485700002,off-topic-false-hit,"Purpose In our institution, infants with inguinal hernias are managed with elective repair at approximately 1 year of age to reduce perioperative complications and allow for possible clinical regression. This study aimed to clarify the natural history of infantile inguinal hernia and identify factors associated with clinical regression and incarceration.Methods We conducted a retrospective chart review of patients diagnosed before 1 year of age between 2015 and 2023, supplemented with telephone follow-ups to confirm clinical regression. Factors associated with clinical regression were analyzed, and the time to incarceration was evaluated using a Fine-Gray competing risks model with surgery as a competing event.Results In total, 357 patients were included. Clinical regression was confirmed in 45 patients, including 33 term infants with a median follow-up period of 5.3 (IQR 3.9-8.0) years. In multivariable analysis, older age at diagnosis was independently associated with a lower likelihood of clinical regression (odds ratio: 0.65 [0.51-0.82]). Incarceration occurred in 43 patients and was associated with male sex (multivariable subdistribution hazard ratio: 2.68 [1.19-6.02]).Conclusion Despite the risk of incarceration, a watchful waiting strategy may be acceptable for selected patients when careful follow-up and prompt access to care are available.",wos,llm,1.000,unreviewed,,doi:10.1007/s00383-026-06626-w
discarded,Efficacy and Safety of Linaclotide in Pediatric Patients of Functional Constipation: A Meta-analysis of Randomized Controlled Trials,"Khan, Muhammad Saad; Ahmed, Humayou; Siddiqui, Erum; Khalid, Maliha; Chandani, Devya Khaim; Naseer, Hafiz Waqas; Abro, Muhammad Tarish",2026,ANNALS OF PHARMACOTHERAPY,10.1177/10600280261479335,https://www.webofscience.com/wos/woscc/full-record/WOS:001868045300001,off-topic-false-hit,"Objective: To evaluate the efficacy and safety of linaclotide in children with functional constipation (FC) by synthesizing evidence from randomized controlled trials (RCTs). Data Sources: A systematic search of PubMed, Scopus, Cochrane Central Register of Controlled Trials, and Google Scholar was conducted from inception through December 2024. The protocol was registered in PROSPERO (CRD420251018285), and the review was performed according to PRISMA guidelines. Study Selection and Data Extraction: RCTs comparing linaclotide with placebo in children (<18 years) with FC were included. Two reviewers independently screened studies, extracted data, and assessed risk of bias using the Cochrane RoB 2 tool. Certainty of evidence was evaluated using the GRADE framework. Data Synthesis: Three RCTs involving 309 pediatric patients were included. Random-effects models demonstrated significant improvements with linaclotide in stool consistency (MD = 0.56, 95% CI, 0.27-0.86; P = .0001) and reduction in straining (MD = -0.26, 95% CI, -0.42 to -0.10; P = .001). No significant effects were observed for spontaneous bowel movement frequency, complete spontaneous bowel movement frequency, or abdominal pain. Treatment-related adverse events were more frequent with linaclotide (relative risk [RR] = 2.93, 95% CI, 1.27-6.77), mainly due to increased diarrhea (RR = 3.81, 95% CI, 1.48-9.82). Relevance to Patient Care and Clinical Practice: Linaclotide may provide symptom relief for selected children with FC, particularly those with hard stools and straining despite conventional therapy. Clinicians should counsel families regarding diarrhea risk and monitor tolerability, while recognizing the limited long-term pediatric evidence. Conclusions: Linaclotide improves stool consistency and reduces straining in pediatric FC but does not consistently improve bowel frequency or global symptom resolution. Its safety profile is generally acceptable, although diarrhea is a notable adverse effect. Further long-term, independently funded trials are needed to define its optimal role in clinical practice.",wos,llm,1.000,unreviewed,,doi:10.1177/10600280261479335
discarded,Divergent Utilization of Health Care Following Traumatic Life Events,"Bashir, N. Z.; Gonzalez-Padilla, D.; Wood, A.; Burgess, S.",2026,JOURNAL OF DENTAL RESEARCH,10.1177/00220345261475568,https://www.webofscience.com/wos/woscc/full-record/WOS:001867145000001,off-topic-false-hit,"Traumatic life events may shape how individuals utilize health care, yet their impact on medical and dental service utilization is underexplored. This study investigates how such events influence subsequent health care use. We analyzed data from the Mexican Health and Aging Study, the first longitudinal cohort in Mexico of middle-aged and older adults. The analytic sample comprised 17,424 unique individuals across 39,875 total observations. Three traumatic events were examined in relation to their effects on medical and dental service use: (1) experience of a natural disaster, (2) experience of the death of a child, and (3) experience of a crime or accident. We combined propensity score weighting with multivariable mixed-effects logistic regression to account for both confounding and correlation arising from repeated measures. We estimated the effect of exposure to each traumatic event by parametric g-computation, calculating risk differences with 95% confidence intervals (CIs). Exposure to a natural disaster increased medical service use by 4.2% (95% CI, 2.2 to 6.2) while reducing utilization of dental care by 4.8% (95% CI, -7.0 to -2.5). The death of a child increased medical service use by 4.9% (95% CI, 2.7 to 7.2) while reducing utilization of dental care by 6.0% (95% CI, -8.6 to -3.4). Crime or accidents increased utilization of medical services by 12.7% (95% CI, 11.1 to 14.2) while having no clear effect on utilization of dental care. Traumatic events have substantial and differential impacts on health care utilization. In particular, among middle-aged and older adults in Mexico, natural disasters and the death of a child have divergent effects on the utilization of medical versus dental care, while crime and accidents only affect medical care. Future research into this underdeveloped area may help to develop a more precise understanding of the underlying mechanisms.",wos,llm,1.000,unreviewed,,doi:10.1177/00220345261475568
discarded,Pharmacovigilance signals of dupilumab among pediatric patients: A real-world analysis based on the FAERS database,"Ma, Xueqing; Fan, Jiaojiao; Liu, Ben",2026,HUMAN VACCINES & IMMUNOTHERAPEUTICS,10.1080/21645515.2026.2727805,https://www.webofscience.com/wos/woscc/full-record/WOS:001867293400001,off-topic-false-hit,"Dupilumab is effective for the treatment of moderate-to-severe type 2 inflammatory diseases; however, its real-world safety profile in pediatric patients remains to be further clarified. This retrospective pharmacovigilance study analyzed U.S. Food and Drug Administration Adverse Event Reporting System (FAERS) data from 2017 to 2025, including 44,593 reports where dupilumab was the primary suspect drug in children. Disproportionality analyses (ROR, PRR, BCPNN, MGPS), time-to-onset analysis, stratified analysis, and Weibull modeling assessed adverse event (AE) distribution and patterns. Results showed balanced sex distribution (male 50.1%, female 48.6%), with adolescents (12-17y) most common (45.3%), and report counts increasing over time. 93 positive safety signals were detected. The most common core AEs were rash (4,105 cases; ROR = 4.55, 95% CI: 4.38-4.72), injection site pain (3,582 cases; ROR = 8.59, 95% CI: 8.22-8.97), and skin exfoliation (1,834 cases; ROR = 3.41, 95% CI: 3.23-3.59). Potential unlisted signals included vitiligo (33 cases; ROR = 10.46, 95% CI: 6.52-16.78), skin depigmentation (32 cases; ROR = 13.04, 95% CI: 7.85-21.66), and eye color change (13 cases; ROR = 7.06, 95% CI: 3.54-14.11). Stratified analyses indicated distinct patterns of adverse-event reporting across age and sex strata. Among cases with complete temporal information, most AEs occurred within 30d after dupilumab initiation, with a median time-to-onset of 14d. In conclusion, this large-scale spontaneous-reporting study detected potential safety signals in children. Given FAERS data limitations, the associations should be viewed as hypothesis-generating rather than confirmatory, and may inform future signal validation and prospective studies.",wos,llm,1.000,unreviewed,,doi:10.1080/21645515.2026.2727805
discarded,Efficacy and safety of 5-day versus 7-day antibiotic therapy for spontaneous bacterial peritonitis in children with idiopathic nephrotic syndrome: an open-label randomized controlled trial,"Kherojit, Hijam; Dawman, Lesa; Vallabhaneni, Pujitha; Gupta, Aarchie; Ray, Pallab; Jayashree, Muralidharan; Tiewsoh, Karalanglin",2026,JOURNAL OF TROPICAL PEDIATRICS,10.1093/tropej/fmag060,https://www.webofscience.com/wos/woscc/full-record/WOS:001867649600001,off-topic-false-hit,"Spontaneous bacterial peritonitis (SBP) is a life-threatening complication of idiopathic nephrotic syndrome (INS) in children. Evidence on the optimal duration of antibiotics in this population is limited. We investigated whether 5-day antibiotic therapy is non-inferior to 7-day therapy for SBP in children with INS. In this single-center, open-label, randomized controlled non-inferiority trial, 50 children aged 1-14 years with INS and SBP were allocated 1:1 to intravenous ceftriaxone for 5 days (Group A, n = 25) or 7 days (Group B, n = 25). The primary outcome was composite clinical response (resolution of fever, abdominal pain, and tenderness) at the end of treatment, analyzed by intention-to-treat. The pre-specified non-inferiority margin was -15%. Secondary outcomes included bacteriological cure, cytological response, and the need for additional antibiotics. Fifty children [median age 50 (30.8-92) months] were randomized. Composite clinical response was achieved in 25/25 (100%) in Group A versus 22/25 (88%) in Group B (risk difference 12%, 95% CI -3.5% to 30.0%; P = 0.23); the lower CI bound exceeded the -15% non-inferiority margin, establishing non-inferiority. Bacteriological cure was achieved in 96% of both groups. Cytological response (64% vs 72%; P = 0.54) was inconclusive for non-inferiority. Additional or modified antibiotic therapy was required in 16% versus 20% (P = 1.00). Median hospitalization was comparable (10 vs 11 days; P > 0.05). No ceftriaxone-related adverse events were recorded. Five-day intravenous ceftriaxone is non-inferior to 7-day therapy for SBP in children with INS, with respect to composite clinical response; the secondary outcome of cytological response was inconclusive for non-inferiority.",wos,llm,1.000,unreviewed,,doi:10.1093/tropej/fmag060
