status,title,authors,year,venue,doi,url,tags,abstract,provider,decision_source,llm_confidence,llm_review_outcome,llm_change_direction,paper_id
discarded,Exploring gender stereotypes and norms among peri-urban very young adolescents in Zimbabwe using participatory and qualitative approaches,"Nyamwanza, Owen; Bikwayi, Tariro S.; Chinozvina, Tariro; Makoni, Leviticus; Muronzi, Farai; Changombe, Maxwell; Obasi, Angela; Makoni, Talent; Xaba, Sinokuthemba; Mugurungi, Owen; Hargreaves, James R.; Cowan, Frances M.; Mavhu, Webster",2025,PLOS GLOBAL PUBLIC HEALTH,10.1371/journal.pgph.0003845,https://www.webofscience.com/wos/woscc/full-record/WOS:001499347700001,off-topic-false-hit,"Gender stereotypes and norms shape very young adolescents' (VYAs, 10-14 years old) behaviours, including in relation to sexual and reproductive health (SRH). This formative study sought to determine and prioritise the stereotypes and norms to be targeted as part of work to co-develop a gender-transformative intervention for VYAs in Zimbabwe to promote positive masculinities and SRH. In 2023, we collected data from VYAs, using participatory workshops encompassing various activities. We also held focus group discussions with older adolescents and parents/guardians, and individual interviews with community influencers. We used interpretive thematic analysis to generate themes across data. We later presented research findings to diverse stakeholders to explore how the findings might influence the design of our gender-transformative intervention. Gender stereotypes emerged in relation to sexual behaviour and SRH norms. Both boys and girls seemed to condone boys' multiple, concurrent relationships. Boys were deemed to be unable to control their sexual urges. Menstrual stigma, myths and misconceptions were pervasive. Stereotypes were also evident in beliefs and norms around resource and task allocation. For example, both boys and girls concurred that given limited resources, educating a boy child should be prioritised even when a girl sibling is performing better academically. Stereotypes relating to labour distribution were also evident. Daily activity charts suggested longer working hours for girls. Differential attitudes towards drug and substance use among boys and girls were driven by underlying masculine norms. Of note, adolescents disapproved of some of these norms, pointing to an opportunity to shift them. Stakeholders highlighted the need for our planned intervention to focus on the wider community, in addition to VYAs themselves. The formative research enabled us to identify key gender stereotypes and norms, information which is critical for informing the planned gender-transformative intervention. Although deeply seated, these stereotypes are not insurmountable, particularly among VYAs.",wos,llm,1.000,unreviewed,,doi:10.1371/journal.pgph.0003845
discarded,Effective Visualization of Implicit Hydrogens with Prime Formulae,"Buzzolani, Scott P.; Mistretta, Matthew J.; Bugajczyk, Aleksandra E.; Sam, Arun J.; Elezi, Samantha R.; Silverio, Daniel L.",2025,JOURNAL OF CHEMICAL EDUCATION,10.1021/acs.jchemed.3c01347,https://www.webofscience.com/wos/woscc/full-record/WOS:001397195900001,off-topic-false-hit,"The ability to extract structural information from a drawing of a molecule is key to being successful in organic chemistry. One source of difficulty for novices in interpreting structures is that hydrogens bound to carbon are represented implicitly in the often-used line-angle structures. Other representations that explicitly show hydrogens, such as Kekule structures or condensed formulae, are less efficient to draw than line-angle structures and can therefore make tasks such as proposing a mechanism prohibitively long. A new type of formula, the prime formula, is disclosed in this article as an efficient way to draw chemical structures with hydrogens being clearly represented. The number of hydrogen atoms on each carbon are represented by superscripts with degrees = 0 H, ' = 1 H, '' = 2 H, and & tprime; = 3 H. Pre-treatment and post-treatment data was collected and compared to a control group. By viewing a question in prime formula vs line-angle formula, an improvement in student performance with a significance of p tukey = 0.008 and df = 63.3 was observed for mapping atoms of a starting material onto a product, a key skill for proposing complex arrow-pushing mechanisms. An increase in performance with a significance of p = <0.001 and df = 57.3 was obtained for determining the number of stereogenic centers in a complex molecule. Data collected also support that it is efficient to learn how to interpret and draw prime formulae.",wos,llm,1.000,unreviewed,,doi:10.1021/acs.jchemed.3c01347
discarded,"A qualitative study of perceptions of the care pathway for familial hypercholesterolemia: screening, diagnosis, treatment, and family cascade screening","Pettit, Amy R.; Klaiman, Tamar; Kersting, Rebecca Connelly; Johnson, Christina; Ogbuefi, Nkiru; Moran, Maeve; Sinclair, Krystin; Steckel, Jenna; Norton, Laurie; Orr, Jennifer A.; Lieberman, Adina; Mcgowan, Mary P.; Tricou, Eric; Chen, Jinbo; Rader, Daniel J.; Volpp, Kevin G.; Beidas, Rinad S.",2024,IMPLEMENTATION SCIENCE COMMUNICATIONS,10.1186/s43058-024-00670-0,https://www.webofscience.com/wos/woscc/full-record/WOS:001376833700001,off-topic-false-hit,"BackgroundFamilial hypercholesterolemia (FH) is an autosomal dominant genetic condition that carries increased risk for premature atherosclerotic cardiovascular disease, cardiovascular events, and death. Due to low uptake of evidence-based practices, up to 80% of FH patients remain undiagnosed and most are undertreated. This project aimed to understand patient and clinician perceptions across the care pathway of evidence-based diagnosis and treatment of FH, to inform implementation strategy design for two clinical trials seeking to increase evidence-based care.MethodsWith input from FH experts, we identified key points along the FH care pathway that might be targeted with broad-scale implementation efforts, including: (a) identification of the need for screening; (b) completion of screening test(s); (c) diagnosis; (d) connection to treatment; and (e) family cascade screening (a process used to identify and screen relatives of individuals diagnosed with FH). Then, we conducted qualitative interviews with patients who had participated in a prior FH quality improvement initiative and with clinicians who treat high cholesterol. We analyzed data using thematic analysis.ResultsWe interviewed 21 patients and 17 clinicians. Patient themes offered insights related to the impact of family history, reactions to a diagnosis of high cholesterol and/or FH, experiences with FH treatment and clinical care, perceptions of tools to diagnose FH, motivations and preferences for FH screening efforts, and reactions to family screening. Clinician themes offered insights into the perceived value of FH screening and diagnosis, current FH-related practice and context, and attitudes toward tools to aid clinical practice. In both sets of interviews, confusion and misconceptions about what makes FH unique and its clinical implications were common, as were concerns about logistics and competing priorities.ConclusionQualitative inquiry generated insights into several modifiable patient and clinician determinants of engagement with evidence-based implementation along the FH care pathway, many of which can be targeted with behavioral economics strategies that simplify complex decisions and by addressing informational and emotional needs. These findings offer actionable insights to inform future implementation research that seeks to close the evidence-to-practice gap in diagnosis and delivery of evidence-based care for FH.",wos,llm,1.000,unreviewed,,doi:10.1186/s43058-024-00670-0
discarded,Psychological Interventions for Pediatric Posttraumatic Stress Disorder: A Systematic Review and Network Meta-Analysis,"Hoppen, Thole H.; Wessarges, Lena; Jehn, Marvin; Mutz, Julian; Kip, Ahlke; Schlechter, Pascal; Meiser-Stedman, Richard; Morina, Nexhmedin",2025,JAMA PSYCHIATRY,10.1001/jamapsychiatry.2024.3908,https://www.webofscience.com/wos/woscc/full-record/WOS:001371864400001,off-topic-false-hit,"Importance Pediatric posttraumatic stress disorder (PTSD) is a common and debilitating mental disorder, yet a comprehensive network meta-analysis examining psychological interventions is lacking. Objective To synthesize all available evidence on psychological interventions for pediatric PTSD in a comprehensive systematic review and network meta-analysis. Data Sources PsycINFO, MEDLINE, Web of Science, and PTSDpubs were searched from inception to January 2, 2024, and 74 related systematic reviews were screened. Study Selection Two independent raters screened publications for eligibility. Inclusion criteria were randomized clinical trial (RCT) with at least 10 patients per arm examining a psychological intervention for pediatric PTSD compared to a control group in children and adolescents (19 years and younger) with full or subthreshold PTSD. Data Extraction and Synthesis PRISMA guidelines were followed to synthesize and present evidence. Two independent raters extracted data and assessed risk of bias with Cochrane criteria. Random-effects network meta-analyses were run. Main Outcome and Measures Standardized mean differences (Hedges g) in PTSD severity. Results In total, 70 RCTs (N = 5528 patients) were included. Most RCTs (n = 52 [74%]) examined trauma-focused cognitive behavior therapies (TF-CBTs). At treatment end point, TF-CBTs (g, 1.06; 95% CI, 0.86-1.26; P < .001), eye movement desensitization and reprocessing (EMDR; g, 0.86; 95% CI, 0.54-1.18; P < .001), multidisciplinary treatments (MDTs) (g, 0.88; 95% CI, 0.53-1.23; P < .001), and non-trauma-focused interventions (g, 0.95; 95% CI, 0.62-1.28; P < .001) were all associated with significantly larger reductions in pediatric PTSD than passive control conditions. TF-CBTs were associated with the largest short-term reductions in pediatric PTSD relative to both passive and active control conditions and across all sensitivity analyses. In a sensitivity analysis including only trials with parent involvement, TF-CBTs were associated with significantly larger reductions in pediatric PTSD than non-trauma-focused interventions (g, 0.35; 95% CI, 0.04-0.66; P = .03). Results for midterm (up to 5 months posttreatment) and long-term data (6-24 months posttreatment) were similar. Conclusions and Relevance Results from this systematic review and network meta-analysis indicate that TF-CBTs were associated with significant reductions in pediatric PTSD in the short, mid, and long term. More long-term data are needed for EMDR, MDTs, and non-trauma-focused interventions. Results of TF-CBTs are encouraging, and disseminating these results may help reduce common treatment barriers by counteracting common misconceptions, such as the notion that TF-CBTs are harmful rather than helpful.",wos,llm,1.000,unreviewed,,doi:10.1001/jamapsychiatry.2024.3908
discarded,Concurrent Mentions of Vaping and Alcohol on Twitter: LatentDirichlet Analysis,"Ranker, Lynsie R.; Tofu, David Assefa; Lu, Manyuan; Wu, Jiaxi; Bhatnagar, Aruni; Robertson, Rose Marie; Wijaya, Derry; Hong, Traci; Fetterman, Jessica L.; Xuan, Ziming",2024,JOURNAL OF MEDICAL INTERNET RESEARCH,10.2196/51870,https://www.webofscience.com/wos/woscc/full-record/WOS:001364369700002,off-topic-false-hit,"Background: Co-use of alcohol and e-cigarettes (often called vaping) has been linked with long-term health outcomes, includingincreased risk for substance use disorder. Co-use may have been exacerbated by the COVID-19 pandemic. Social networkingsites may offer insights into current perspectives on polysubstance use.Objective: The aims of this study were to investigate concurrent mentions of vaping and alcohol on Twitter (subsequentlyrebranded X) during a time of changing vaping regulations in the United States and the emergence of the COVID-19 pandemic.Methods: Tweets including both vape- and alcohol-related terms posted between October 2019 and September 2020 wereanalyzed using latent Dirichlet allocation modeling. Distinct topics were identified and described.Results: Three topics were identified across 6437 tweets: (1) flavors and flavor ban (n=3334, 51.8% of tweets), (2) co-usediscourse (n=1119, 17.4%), and (3) availability and access regulation (n=1984, 30.8%). Co-use discussions often portrayed co-useas positive and prosocial. Tweets focused on regulation often used alcohol regulations for comparison. Some focused on theperceived overregulation of vaping (compared to alcohol), while others supported limiting youth access but not at the expenseof adult access (eg, stronger age verification over product bans). Across topics, vaping was typically portrayed as less harmfulthan alcohol use. The benefits of flavors for adult smoking cessation were also discussed. The distribution of topics across timevaried across both pre- and post-regulatory change and pre- and post-COVID-19 pandemic declaration periods, suggestingshifts in topic focus salience across time.Conclusions: Co-use discussions on social media during this time of regulatory change and social upheaval typically portrayedboth vaping and alcohol use in a positive light. It also included debates surrounding the differences in regulation of the 2substances-particularly as it related to limiting youth access. Emergent themes from the analysis suggest that alcohol wasperceived as more harmful but less regulated and more accessible to underage youth than vaping products. Frequent discussionsand comparisons of the 2 substances as it relates to their regulation emphasize the still-evolving vaping policy landscape. Social media content analyses during times of change may help regulators and policy makers to better understand and respond to commonconcerns and potential misconceptions surrounding drug-related policies and accessibility",wos,llm,1.000,unreviewed,,doi:10.2196/51870
discarded,Fever management in children and insights into fever of unknown origin: a survey among Italian pediatricians,"Chiappini, Elena; Orlandi, Michela; Chiarugi, Alberto; Di Mauro, Antonio; Insalaco, Antonella; Milani, Gregorio Paolo; Vallini, Monica; Lo Vecchio, Andrea",2024,FRONTIERS IN PEDIATRICS,10.3389/fped.2024.1452226,https://www.webofscience.com/wos/woscc/full-record/WOS:001357647700001,off-topic-false-hit,"Background Fever is a common symptom in children, but despite existing guidelines, pediatricians may not fully apply recommendations. Fever of Unknown Origin (FUO) is generally referred to as an unexplained prolonged fever. However, a standardized FUO definition and management is missing. Objective To collect updated data on the approach to fever and FUO among Italian pediatricians. Methods A cross-sectional anonymous survey was conducted among a large sample of primary care and hospital pediatricians. The panel group formulated and proposed a practical FUO definition, using a modified Delphi approach. A 75% consensus was required to reach an agreement. Results Among 620 respondents, paracetamol was the first-choice antipyretic for 97.7% of participants, followed by ibuprofen; 38.4% prescribed antipyretics based on a specific body temperature rather than on child's discomfort, while physical methods were almost completely abandoned. Alternate treatment was recommended by 19.8% (123/620) of participants, 16.9% (105/620) would prescribe antipyretics to prevent adverse events following immunization. Regarding FUO diagnosis, 58.3% (362/620) considered as cut-off a body temperature above 38 degrees C; the duration required was one week according to 36.45% (226/620) of participants, two weeks according to 35.32% (219/620). The FUO definition proposed by the expert panel reached 81% of consent. Large agreement was observed on first-level laboratory and instrumental investigations in the diagnostic evaluation of FUO, whereas more discrepancies arose on second and third-level investigations. Compared to what participants reported for the treatment of non-prolonged fever, a significant decrease in the prescription of paracetamol as first-choice drug in children with FUO was observed (80.5%; P < 0.0001). Interestingly, 39% of participants would empirically recommend antibiotics, 13.7% steroids, and 4.5% Nonsteroidal Anti-Inflammatory Drugs (NSAIDs) for persistent FUO. Conclusion Non-recommended behaviors in fever management persist among pediatricians, including alternating use of paracetamol and ibuprofen, and their prophylactic use for vaccinations. Our data confirm the variability in the definition, work-up, and management of FUO. We observed that in children with FUO paracetamol was significantly less commonly preferred than in non-prolonged fever, which is not supported by evidence. Our findings combined with evidence from existing literature underlined the need for future consensus documents.",wos,llm,1.000,unreviewed,,doi:10.3389/fped.2024.1452226
discarded,"‘My mother said it is not good, so I poured that one away’: mixed methods study on breastfeeding perceptions and practices in Ghana’s urban slums",E.A. Adimazoya,2026,International Breastfeeding Journal,10.1186/s13006-025-00793-7,https://www.scopus.com/inward/record.uri?partnerID=HzOxMe3b&scp=105029586079&origin=inward,off-topic-false-hit,,scopus,llm,1.000,unreviewed,,doi:10.1186/s13006-025-00793-7
discarded,"Knowledge, perception and practices of menstrual hygiene among adolescents in selected secondary schools, Ilorin West LGA of Kwara State, Nigeria",D.N. Conteh,2026,Discover Public Health,10.1186/s12982-026-01623-9,https://www.scopus.com/inward/record.uri?partnerID=HzOxMe3b&scp=105031568448&origin=inward,off-topic-false-hit,,scopus,llm,1.000,unreviewed,,doi:10.1186/s12982-026-01623-9
discarded,Food Colorants as a Context-Based Approach for High School Chemistry: From Natural Sources to Marketing Practices,L. Detomaso,2026,Journal of Chemical Education,10.1021/acs.jchemed.6c00124,https://www.scopus.com/inward/record.uri?partnerID=HzOxMe3b&scp=105049673865&origin=inward,off-topic-false-hit,,scopus,llm,1.000,unreviewed,,doi:10.1021/acs.jchemed.6c00124
discarded,Mapping Flood Co-Adaptation Strategies in a Vulnerable River Basin: Engaging Youth in Collaborative Decision-Making,Z. Sa’adi,2026,Environmental Management,10.1007/s00267-026-02583-1,https://www.scopus.com/inward/record.uri?partnerID=HzOxMe3b&scp=105048067010&origin=inward,off-topic-false-hit,,scopus,llm,1.000,unreviewed,,doi:10.1007/s00267-026-02583-1
discarded,‘Tell me your story’ a qualitative analysis of written narratives from individuals affected by sibling sexual abuse and behaviour: The perspective of parents,A. Adams,2026,Child Abuse and Neglect,10.1016/j.chiabu.2026.108221,https://www.scopus.com/inward/record.uri?partnerID=HzOxMe3b&scp=105044378335&origin=inward,off-topic-false-hit,,scopus,llm,1.000,unreviewed,,doi:10.1016/j.chiabu.2026.108221
discarded,"Beyond thermostat setpoints and comfort: an interview study examining attitudes, behaviors, and context around grid-interactive smart homes",V. Whittem,2026,Energy Research and Social Science,10.1016/j.erss.2026.104786,https://www.scopus.com/inward/record.uri?partnerID=HzOxMe3b&scp=105043501272&origin=inward,off-topic-false-hit,,scopus,llm,0.990,unreviewed,,doi:10.1016/j.erss.2026.104786
discarded,Understanding Barriers to Uptake of TB Preventive Treatment Among People Living with HIV in Zimbabwe: A Qualitative Assessment of Healthcare Workers’ Perspectives,T. Mapuranga,2026,Tropical Medicine and Infectious Disease,10.3390/tropicalmed11080225,https://www.scopus.com/inward/record.uri?partnerID=HzOxMe3b&scp=105048665508&origin=inward,off-topic-false-hit,,scopus,llm,1.000,unreviewed,,doi:10.3390/tropicalmed11080225
discarded,“I don’t want to be a burden”: the double-edged role of filial piety in fall-risk perception among community-dwelling older adults in China,Y. Zhu,2026,Frontiers in Public Health,10.3389/fpubh.2026.1875906,https://www.scopus.com/inward/record.uri?partnerID=HzOxMe3b&scp=105046600748&origin=inward,off-topic-false-hit,,scopus,llm,1.000,unreviewed,,doi:10.3389/fpubh.2026.1875906
discarded,Using Chalk Sticks to Illustrate How Surface Area Affects Reaction Rate,K.C. Smith,2026,Journal of Chemical Education,10.1021/acs.jchemed.6c00199,https://www.scopus.com/inward/record.uri?partnerID=HzOxMe3b&scp=105044772842&origin=inward,off-topic-false-hit,,scopus,llm,1.000,unreviewed,,doi:10.1021/acs.jchemed.6c00199
discarded,Conceptual Framework of Common Misconceptions Regarding Generative AI in Elementary School Students Using Concurrent Think-Aloud Protocols,M. Thode,2026,Computers,10.3390/computers15070443,https://www.scopus.com/inward/record.uri?partnerID=HzOxMe3b&scp=105045712479&origin=inward,off-topic-false-hit,,scopus,llm,0.990,unreviewed,,doi:10.3390/computers15070443
discarded,Developing a cognitive model of advanced teacher professional vision for understanding processes of noticing and reasoning,T. Seidel,2026,Frontiers in Psychology,10.3389/fpsyg.2026.1769094,https://www.scopus.com/inward/record.uri?partnerID=HzOxMe3b&scp=105044518140&origin=inward,off-topic-false-hit,,scopus,llm,1.000,unreviewed,,doi:10.3389/fpsyg.2026.1769094
discarded,Research on primary school students’ understanding of nature and natural disasters,S. Yeler,2026,Social Sciences and Humanities Open,10.1016/j.ssaho.2026.103072,https://www.scopus.com/inward/record.uri?partnerID=HzOxMe3b&scp=105041253467&origin=inward,off-topic-false-hit,,scopus,llm,1.000,unreviewed,,doi:10.1016/j.ssaho.2026.103072
