status,title,authors,year,venue,doi,url,tags,abstract,provider,decision_source,llm_confidence,llm_review_outcome,llm_change_direction,paper_id
discarded,CaseMan: A Case Management Tool for CFD Applications,Alan Shih; Corey Shum; Mark Dillavou; Ralph Noack; Bharat Soni; Greg Power,2006,2006 HPCMP Users Group Conference (HPCMP-UGC'06),10.1109/HPCMP-UGC.2006.10,https://ieeexplore.ieee.org/document/4134085/,off-topic-false-hit,"In order for the design and analysis processes to benefit from high fidelity CFD simulations, a CFD user must be able to improve the throughput dramatically to produce data in a timely and cost-effectively manner. Unfortunately, many users, especially those casual or novice CFD users, are frustrated with the difficulties in setting up correct input files for CFD solvers and further hampered by the complexity of using the Linux-dominated HPC systems, as many of them are mostly familiar with the WINDOWS operating system. Therefore, the main objective of CaseMan is to develop an intuitive user environment that allows the user to prepare, submit, monitor, and manage large numbers of CFD simulation jobs for parametric studies. It is designed to hide the complexity of using CFD tools and computer clusters from casual users while improving productivity for expert users. CaseMan takes advantage of a revised version of an existing code called ISE by reusing some of its codebase",ieee,llm,0.990,unreviewed,,doi:10.1109/hpcmp-ugc.2006.10
discarded,Implementing hierarchical features in a graphically based formal modelling language,P. Henderson; R.J. Walters; S. Crouch,2004,"Proceedings of the 28th Annual International Computer Software and Applications Conference, 2004. COMPSAC 2004.",10.1109/CMPSAC.2004.1342811,https://ieeexplore.ieee.org/document/1342811/,adjacent-subtopic,"Many developers who could benefit from building and analysing formal models of their systems are deterred from doing so by the process algebra style input languages of formal modelling languages which they find difficult to read and understand. This barrier to the adoption of formal modelling techniques can be significantly reduced if the process algebra is replaced with a graphical notation supported by a model generation tool. However, whilst having a diagrammatic base for the language appeals to the novice modeller, the diagrams can become cluttered for larger models. In this paper we address the issues of how to add hierarchical features to a graphical language without losing the fundamental benefits and appeal of having the graphical interface to the language. We illustrate these ideas using an existing formal modelling language",ieee,llm,0.930,unreviewed,,doi:10.1109/cmpsac.2004.1342811
discarded,A Case Study: File Access Privacy Control Using Filter Hook Driver,Aiguo He; Tomohiro Ohdaira,2009,2009 IEEE International Symposium on Parallel and Distributed Processing with Applications,10.1109/ISPA.2009.61,https://ieeexplore.ieee.org/document/5207891/,off-topic-false-hit,"Sand-box security model is extremely useful for secure execution of untrusted applications. Many sand-box model based security systems proposed so far provide security by intercepting system calls invoked by applications and controlling their execution. However, a problem in existing sand-box based systems is the amount of overhead required for security checks performed after system call interception. In addition, it is difficult for computer novices to manage their security systems because the system settings are complex. In this paper, a function was proposed and implemented to monitor only the file access in Microsoft Windows environment. Test result shows that this function could protect files from unallowed access and then minimize the overhead of application execution time.",ieee,llm,0.990,unreviewed,,doi:10.1109/ispa.2009.61
discarded,Information retrieval from a user perspective,N. Reeves; S. Mills; J. Noyes,1995,IEE Colloquium on Information Overload,10.1049/ic:19951428,https://ieeexplore.ieee.org/document/496839/,off-topic-false-hit,"The volume of information available to individuals in Western Society is ever-increasing. Developments in computing and communications have culminated in encouraging an increasing number of individuals to use information technology. Although this situation is generally viewed positively, there are many problems associated with unskilled and untrained novice computer users accessing the technology for their own specific information needs. In addition, the increasing amount of information that is becoming available on computers is making retrieval difficult for all types of user. This paper addresses some of these information retrieval problems in relation to the user interface mediating between the user and the information and considers a number of possible solutions.",ieee,llm,0.990,unreviewed,,doi:10.1049/ic:19951428
kept,"Teaching Visual Programming to High School Students, Experience from Pakistan",A.W. Khan; A. Siddiqi,2005,2005 International Conference on Information and Communication Technologies,10.1109/ICICT.2005.1598587,https://ieeexplore.ieee.org/document/1598587/,supports-claim,"This paper presents the lessons learnt from a Visual Basic. Net curriculum from Microsoft. The said curriculum by the global name of ""Code Rules"" was recently localized and called ""Coding Mela"". A pilot was conducted to evaluate its efficacy towards high school students in a number of cities in Pakistan. The objective of this pilot was to introduce students to basic programming concepts in an easy and interesting manner. Modern programming languages are becoming increasingly complex these days, Visual Basic provides an event based programming model which is more intuitive and interactive for visual programming but a little difficult for the novices to programming. However the language as a whole is easy and simple to learn.",ieee,llm,0.970,unreviewed,,doi:10.1109/icict.2005.1598587
discarded,AWEDF: An Architecture-Aware Execution and Debugging Workflow for a Highly Reliable Chip,Yuewei Wang; Qirui Gui; Meng Wang; Lizhe Wang; Albert Y. Zomaya,2017,2017 IEEE 19th International Conference on High Performance Computing and Communications Workshops (HPCCWS),10.1109/HPCCWS.2017.00014,https://ieeexplore.ieee.org/document/8329097/,off-topic-false-hit,"As the technology node of the semiconductor chip enters the nano region, which can help very large scale integration (VLSI) circuits achieve better integration of production density which are companied with faster system operation speed, the embedded industry has been significantly boosted up. Despite the embedded industry trend to embrace the nano region technology, research is lacking on combining the architecture of the chip with the specific workflow to enhance the performance. This paper illustrates a system, focusing on a specific chip, that provides an execution and debugging workflow with a visibility interface to allow user access and operate. Since the existing workflow is primarily applied to common system-on-chip (SoC), and for chips requiring high reliability and execution and energy efficiency that make it difficult to execute programs with good performance, a workflow designed for the unique hardware architecture of the chip is proposed to make good use of hardware. Apart from the high performance of the system, the user-friendly condition is taken into consideration to reduce the developing difficulties. When assessing systems, while correctness,execution and energy efficiency are guaranteed, and, due to the design of workflow, users can conveniently operate the chip even for a beginner, while consuming roughly the same time as or even slightly less time than programming directly on the chip.",ieee,llm,0.990,unreviewed,,doi:10.1109/hpccws.2017.00014
discarded,Design and Implementation of Vulnerability Attack and Utilization Platform Based on Container Virtualization,Jiajun Duan,2021,2021 3rd International Academic Exchange Conference on Science and Technology Innovation (IAECST),10.1109/IAECST54258.2021.9695508,https://ieeexplore.ieee.org/document/9695508/,off-topic-false-hit,"With the rapid development of the Internet, various vulnerabilities have brought great pressure to network security. However, the practitioners of network security are in short supply. One of the main reasons is that vulnerability testing is difficult to learn for beginners. Therefore, a graphical operation platform is designed and implemented. The graphical interface is designed and developed based on Web system, and the virtual environment is developed based on Docker. The attack method is implemented by encapsulating the Metasploit framework. It has the functions of virtual environment management, port scanning data management, attack mode selection and attack result output, etc. This platform can effectively reduce the amount of code that beginners need to master, and enable users to have an overall understanding of vulnerability testing in network security.",ieee,llm,0.980,unreviewed,,doi:10.1109/iaecst54258.2021.9695508
discarded,Learning Programming with Robotics Using Arduino: Practice and Interdisciplinarity,Enza Rafaela De Nadai Victal; Alex Premoli Candido,2019,"2019 Latin American Robotics Symposium (LARS), 2019 Brazilian Symposium on Robotics (SBR) and 2019 Workshop on Robotics in Education (WRE)",10.1109/LARS-SBR-WRE48964.2019.00094,https://ieeexplore.ieee.org/document/9018577/,adjacent-subtopic,"For various reasons, mainly social, Brazilian schools have difficulties inserting technological resources as allies for learning. Many classrooms still follow the old standard of teacher-centered classes. However, this scenario has been changing, even if slowly, and it is already seen some education institutions using mobile devices, augmented reality, digital games and robotics. Educational robotics has been gaining ground, bringing many positive arguments that justify its use, consolidating itself as a fundamental technological practice, as a tool to support learning. This article presents an experience report about robotics used as a teaching strategy for beginners of the Computer Science course. In that experiment, students used Arduino1 to create real and accessible projects, putting the theoretical content in a playful, dynamic, attractive and immersive way.",ieee,llm,0.940,unreviewed,,doi:10.1109/lars-sbr-wre48964.2019.00094
discarded,Providing More Interactivity to Virtual Museums: A Proposal for a VR Authoring Tool,Raul S. Wazlawick; Marta C. Rosatelli; Edla M. F. Ramos; Walter A. Cybis; Bernd H. Storb; Vera R. N. Schuhmacher; Antonio C. Mariani; Tereza Kirner; Claudio Kirner; Lea C. Fagundes,2001,Presence,10.1162/105474601753272880,https://ieeexplore.ieee.org/document/6791012/,"qualifies-claim; off-topic-false-hit; another field, keyword overlap only","This paper describes the museuVirtual project that is developing an authoring tool for the collaborative building of nonimmersive museums in virtual reality. The rationale behind museuVirtual is based on the observation that virtual museums found on the Internet normally have very limited opportunities for user interactivity. We examine different kinds of interactivity and propose an authoring tool that allows a teacher or student to create virtual exhibits in which dynamic interactive objects and chatterbots may be programmed in a relatively easy way. This proposal is strongly based on the concepts of actor-based programming and constructivist theory, which have been applied in the last five years to teach basic programming skills to beginners. The ideas applied with success in many previous experiments using 2-D graphics are now being introduced in an authoring tool that generates VRML/Java code. The museuVirtual project is developing a tool that not only allows the students to be the organizers and curators of their own museums, but also to work collaboratively, by building such museums in a virtual distributed environment.",ieee,llm_reviewed,0.730,changed,kept->discarded,doi:10.1162/105474601753272880
discarded,IoT service development via adaptive interfaces: Improving utilization of cyber-physical systems by competence based user interfaces,Matthias Kalverkamp; Christian Gorldt,2014,"2014 International Conference on Engineering, Technology and Innovation (ICE)",10.1109/ICE.2014.6871591,https://ieeexplore.ieee.org/document/6871591/,off-topic-false-hit,"The more complex the processes, the higher the need for process transparency through high-quality real-time data. The steady improvement of Internet-of-Things technologies, or of the recently phrased cyber physical systems, during the last years ensures this process transparency. Although these technologies are promising, the potential of IoT/CPS technologies is not yet fully applied in practice. One reason is that technology novices have difficulties participating in development processes and consequently prevent case-specific and relevant services from being described. This paper presents an adaptive interface approach to support the development and utilization of IoT solutions. An exemplary solution is presented based on an IoT toolkit with a GUI for configuration, making service development possible without coding skills. Based on experiment observations, design improvements of the GUI are implemented. Furthermore, a more sophisticated design is introduced. This will allow users with different competence levels to improve their interaction with sensor and actuator networks further; consequently, more appropriate solutions can be developed and used.",ieee,llm,0.960,unreviewed,,doi:10.1109/ice.2014.6871591
discarded,Object-oriented programming semantics education based on intelligent agents,Teh Noranis Mohd Aris; Shahrin Azuan Nazeer,2011,2011 Malaysian Conference in Software Engineering,10.1109/MySEC.2011.6140706,https://ieeexplore.ieee.org/document/6140706/,adjacent-subtopic,"Comprehending Object-Oriented Programming (OOP) concepts is a difficult task especially for novice students. This usually happens during the transition form learning fundamental concepts to object-oriented (OO) concepts. When given an OO problem to solve, novices find it hard to relate with objects. If novices can view the world based on real objects, this can help them solve their problem of comprehending the OO concepts. In this paper, we propose to design an agent model to understand the semantics of OO Java source codes. The agents are designed based on the Belief-Desire-Intention (BDI) architecture. Three agents namely GUI agent, semantic agent and novice agents are constructed. The GUI agent is controlled by the user to provide source codes examples. The semantic agent submits the source codes to the novice agent and explains the semantic or meaning of the source codes to the novice agent. The process involves source codes comparison technique. This model provides an OOP semantics knowledge representation based on intelligent agents.",ieee,llm,0.970,unreviewed,,doi:10.1109/mysec.2011.6140706
discarded,An Evaluation of Space Time Cube Representation of Spatiotemporal Patterns,Per Ola Kristensson; Nils Dahlback; Daniel Anundi; Marius Bjornstad; Hanna Gillberg; Jonas Haraldsson; Ingrid Martensson; Mathias Nordvall; Josefine Stahl,2009,IEEE Transactions on Visualization and Computer Graphics,10.1109/TVCG.2008.194,https://ieeexplore.ieee.org/document/4668344/,off-topic-false-hit,"Space time cube representation is an information visualization technique where spatiotemporal data points are mapped into a cube. Information visualization researchers have previously argued that space time cube representation is beneficial in revealing complex spatiotemporal patterns in a data set to users. The argument is based on the fact that both time and spatial information are displayed simultaneously to users, an effect difficult to achieve in other representations. However, to our knowledge the actual usefulness of space time cube representation in conveying complex spatiotemporal patterns to users has not been empirically validated. To fill this gap, we report on a between-subjects experiment comparing novice users' error rates and response times when answering a set of questions using either space time cube or a baseline 2D representation. For some simple questions, the error rates were lower when using the baseline representation. For complex questions where the participants needed an overall understanding of the spatiotemporal structure of the data set, the space time cube representation resulted in on average twice as fast response times with no difference in error rates compared to the baseline. These results provide an empirical foundation for the hypothesis that space time cube representation benefits users analyzing complex spatiotemporal patterns.",ieee,llm,0.990,unreviewed,,doi:10.1109/tvcg.2008.194
discarded,Employing object technology to expose fundamental object concepts,M. Woodman; R. Griffiths; S. Holland; H. Robinson; M. Macgregor,1999,Proceedings Technology of Object-Oriented Languages and Systems. TOOLS 29 (Cat. No.PR00275),10.1109/TOOLS.1999.779081,https://ieeexplore.ieee.org/document/779081/,adjacent-subtopic,"We explore technical issues in the design of programming tools, development environments, simulations, code examples, user interface frameworks and pedagogies for a university-level course on object-oriented software development. The course, M206 Computing: An Object-Oriented Approach has been specifically developed for distance learning, and is enrolling over 5,000 students per year (average age 37) in the UK, Europe and Singapore. The course introduces computing via an object-oriented approach. M206 is substantial in extent representing one sixth of a degree. It embodies a practical, industry oriented view of computing and includes programming, analysis, design and group working. Considerable effort has been invested in making the simplicity, consistency and power of object technology accessible to and capable of being applied by beginners. A diverse set of educational media, such as CD-ROMs, TV and the Web, have been deployed as learning resources. We describe the agenda for the course; its object-oriented pedagogy and our strategy for delivery. We explain measures taken to avoid misconceptions about objects, our analysis and design method, and the Smalltalk programming environment we have developed specifically for learners and which is crucial to our approach. We outline how our adherence to the separation of view and domain model leads to technical innovations. Concluding remarks reflect on the benefits a reflexive strategy, both in education and training.",ieee,llm,0.920,unreviewed,,doi:10.1109/tools.1999.779081
discarded,Fill-in Type Testing System Cooperated in Both of Web and Stand-Alone Execution for C Programming Exercise,Shingo Kuninobu; Hiroyuki Tominaga; Toshihiro Hayashi,2007,SICE Annual Conference 2007,10.1109/SICE.2007.4421240,https://ieeexplore.ieee.org/document/4421240/,adjacent-subtopic,"We developed Web test and drill system DrilLs-F for IT education. A problem in the system has simple format with fill-in type answering. By a large number of problems in the DB, DrilLs-F gives random questioning with a specific genre and level. It aims to offer sufficient opportunity of test and drill repeatedly. We have managed the system a few years, especially for beginners' C programming lesson. We made and used several problems with a short source code to cultivate their ability of code reading. Therefore, we faced some troubles about system performance in test execution. For test execution efficiently, we propose a model of vertical task distribution with session management between modules. We discuss client side function and implement stand-alone drill system DrilLs-H as a sub-system. DrilLs-H offers almost similar GUI of DrilLs-F for the purpose of continuous drill exercise at home. After a learner downloads problem information for simple test from DrilLs server, he uploads the results to feedback score DB in DrilLs-F. We report a trial execution of DrilLs-H in the winter vacation.",ieee,llm,0.980,unreviewed,,doi:10.1109/sice.2007.4421240
discarded,Improving User Interface of Spreadsheet Functions by Object-Oriented Design,Jiro Suzuki; Seiji Matsumoto,2010,2010 IEEE/ACIS 9th International Conference on Computer and Information Science,10.1109/ICIS.2010.136,https://ieeexplore.ieee.org/document/5590974/,adjacent-subtopic,"We propose an improved user interface to use spreadsheet functions by adopting object-oriented design. We examine each step of users' operations under the existing interface, and clarity the reasons why beginners feel it difficult to make use of built-in-functions. Then we construct so called `function wizard' for numerical objects by classifying numerical and statistical functions at the K-12 level into eight classes. It is expected that our interface will help learners understand function of functions through easy trial-and-error experiences.",ieee,llm,0.880,unreviewed,,doi:10.1109/icis.2010.136
