status,title,authors,year,venue,doi,url,tags,abstract,provider,decision_source,llm_confidence,llm_review_outcome,llm_change_direction,paper_id
discarded,Recipes for Continuation,Harry Dankowicz; Frank Schilder,2013,Society for Industrial and Applied Mathematics eBooks,10.1137/1.9781611972573,https://openalex.org/W567289629,off-topic-false-hit,"This book provides a comprehensive introduction to the mathematical methodology of parameter continuation, the computational analysis of families of solutions to nonlinear mathematical equations. It develops a systematic formalism for constructing abstract representations of continuation problems and for implementing these in an existing computational platform. Recipes for Continuation lends equal importance to theoretical rigor, algorithm development, and software engineering. The book demonstrates the use of fully developed toolbox templates for single- and multisegment boundary-value problems to the analysis of periodic orbits in smooth and hybrid dynamical systems, quasi-periodic invariant tori, and homoclinic and heteroclinic connecting orbits between equilibria and/or periodic orbits. It also shows the use of vectorization for optimal computational efficiency, an object-oriented paradigm for the modular construction of continuation problems, and adaptive discretization algorithms for guaranteed bounds on estimated errors. The book contains extensive and fully worked examples that illustrate the application of the MATLAB-based Computational Continuation Core (COCO) to problems from recent research literature that are relevant to dynamical system models from mechanics, electronics, biology, economics, and neuroscience. A large number of the exercises at the end of each chapter can be used as self-study or for course assignments that range from reflections on theoretical content to implementations in code of algorithms and toolboxes that generalize the discussion in the book or the literature. Open-ended projects throughout the book provide opportunities for summative assessments. Audience: It is intended for students and teachers of nonlinear dynamics and engineering, as well as engineers and scientists engaged in modeling and simulation, and is valuable to potential developers of computational tools for analysis of nonlinear dynamical systems. It assumes some familiarity with MATLAB programming and a theoretical sophistication expected of upper-level undergraduate or first-year graduate students in applied mathematics and/or computational science and engineering. Contents: Part I: Design Fundamentals: Chapter 1: A Continuation Paradigm; Chapter 2: Encapsulation; Chapter 3: Construction; Chapter 4: Toolbox Development; Chapter 5: Task Embedding; Part II: Toolbox Templates: Chapter 6: Discretization; Chapter 7: The Collocation Continuation Problem; Chapter 8: Single-Segment Continuation Problems; Chapter 9: Multisegment Continuation Problems; Chapter 10: The Variational Collocation Problem; Part III: Atlas Algorithms: Chapter 11: Covering Manifolds; Chapter 12: Single-Dimensional Atlas Algorithms; Chapter 13: Multidimensional Manifolds; Chapter 14: Computational Domains; Part IV: Event Handling: Chapter 15: Special Points and Events; Chapter 16: Atlas Events and Toolbox Integration; Chapter 17: Event Handlers and Branch Switching; Part V: Adaptation: Chapter 18: Pointwise Adaptation and Comoving Meshes; Chapter 19: A Spectral Toolbox; Chapter 20: integrating Adaptation in Atlas Algorithms; Part VI: Epilogue: Chapter 21: Toolbox Projects; Index",openalex,llm,0.990,unreviewed,,doi:10.1137/1.9781611972573
discarded,STREAM,Michael E. Caspersen; Michael Kölling,2009,ACM Transactions on Computing Education,10.1145/1513593.1513597,https://openalex.org/W2097910337,adjacent-subtopic,"Programming is recognized as one of seven grand challenges in computing education. Decades of research have shown that the major problems novices experience are composition-based---they may know what the individual programming language constructs are, but they do not know how to put them together. Despite this fact, textbooks, educational practice, and programming education research hardly address the issue of teaching the skills needed for systematic development of programs. We provide a conceptual framework for incremental program development, called Stepwise Improvement, which unifies best practice in modern software development such as test-driven development and refactoring with the prevailing perspective of programming methodology, stepwise refinement. The conceptual framework enables well-defined characterizations of incremental program development. We utilize the conceptual framework to derive a programming process, STREAM, designed specifically for novices. STREAM is a carefully down-scaled version of a full and rich agile software engineering process particularly suited for novices learning object-oriented programming. In using it we hope to achieve two things: to help novice programmers learn faster and better while at the same time laying the foundation for a more thorough treatment of more advanced aspects of software engineering. In this article, two examples demonstrate the application of STREAM. The STREAM process has been taught in the introductory programming courses at our universities for the past three years and the results are very encouraging. We report on a small, preliminary study evaluating the learning outcome of teaching STREAM. The study indicates a positive effect on the development of students’ process competences.",openalex,llm,0.970,unreviewed,,doi:10.1145/1513593.1513597
kept,Workshop “Business Programming” - Critical Factors from Zero to Portable GUI Programming in 4 Hours,Rony G. Flatscher,2023,2023 IEEE 35th International Conference on Software Engineering Education and Training (CSEE&T),10.1109/CSEET58097.2023.00047,https://ieeexplore.ieee.org/document/10229370/,qualifies-claim,"At the Vienna University of Economics and Business Administration (WU), Bachelor students can learn programming from scratch and become able to create portable GUI programs for Windows, macOS and Linux in just one semester. This is possible within 60 hours (4 hours per week) of class attendance (“contact hours”) and a total teaching load of 200 hours, which corresponds to 8 ECTS (European Credit Transfer System). Several critical success factors make this possible, including the course objectives, the course structure, the pedagogical principles, and finally the programming language used for teaching the introductory course [1].",ieee,llm,0.880,unreviewed,,doi:10.1109/cseet58097.2023.00047
discarded,Distributed Gesture Controlled Systems for Human-Machine Interface,Hans Johnson; Jafar Saniie,2022,2022 IEEE International Conference on Electro Information Technology (eIT),10.1109/eIT53891.2022.9813764,https://ieeexplore.ieee.org/document/9813764/,adjacent-subtopic,"This paper presents the design flow of an IoT human–machine touchless interface. The device uses embedded computing in conjunction with the Leap Motion Controller to provide an accurate and intuitive touchless interface. Its main function is to augment current touchscreen devices in public spaces through a combination of computer vision technology, event-driven programming, and machine learning. Especially following the COVID-19 pandemic, this technology is important for hygiene and sanitation purposes for public devices such as airport, food, and ATM kiosks where hundreds or even thousands of people may touch these devices in a single day. A prototype of the touchless interface was designed with a Leap Motion Controller housed on a Windows PC exchanging information with a Raspberry Pi microcontroller via internet connection.",ieee,llm,0.980,unreviewed,,doi:10.1109/eit53891.2022.9813764
discarded,Architecture of Modern E-Learning Management System,Nikolai Scerbakov; Alexander Schukin; Eugenia Rezedinova,2023,"2023 4th International Conference on Communications, Information, Electronic and Energy Systems (CIEES)",10.1109/CIEES58940.2023.10378809,https://ieeexplore.ieee.org/document/10378809/,off-topic-false-hit,"Abstract-In contemporary educational institutions, a robust Learning Management System (LMS) plays an important role within the E-Learning infrastructure. An LMS serves as an organized repository for course materials while also incorporating vital communication features like discussion forums, annotations, and chats. The LMS encompasses tools designed to monitor students’ advancement through course materials and assess the knowledge they acquire during their learning journey. Since the LMS is a complex software application, which operates for extended periods of time, it needs a careful consideration of its design in terms of functionality, dependability, and lifecycle management. In this paper, we present the architecture of a modern LMS called WBT-Master. This architectural framework is referred to as CDAT, representing Controller, Data, Activity, and Template. The ""Activity"" assumes a central role within the application. It processes the incoming data according to its designated purpose, and visualizes the data on the user’s screen. The “Template” element comprises HTML fragments containing placeholders The placeholders are bound to the activity variables. “Controllers” act as event handlers and load the different activities depending on user actions. “Data Provider” offer a unified data representation on diverse data sources. We also explore the system’s data organization principles and its seamless integration with popular cloud services.",ieee,llm,0.980,unreviewed,,doi:10.1109/ciees58940.2023.10378809
discarded,Robotic rescue simulation for computing teaching in the UK: A case study,Josie Hughes,2016,2016 IEEE Global Engineering Education Conference (EDUCON),10.1109/EDUCON.2016.7474683,https://ieeexplore.ieee.org/document/7474683/,adjacent-subtopic,"Physical computing, and robotics in particular, is an excellent tool which can be used to help students understand many aspects of Engineering and Computer Science. However, obtaining and using suitable kits or hardware can involve significant financial outlay for a school. Additionally maintaining, storing and using the physical hardware presents many practical problems for teachers. These factors combine to create a significant entry barrier, especially for teachers who have previously not used robots and may be lacking confidence or motivation to use physical computing as a teaching aid. Robotic simulation provides a good alternative as it provides the experience and many of the benefits of working with robots to be gained at low cost, using computers already available in school. A software platform which meets this need is CoSpace Rescue. This has been created by Singapore Polytechnic as an educational tool and provides a simulation platform for RoboCupJunior. This platform allows students to experience event driven programming by developing search strategies to find and deposit coloured objects, whilst avoiding obstacles and traps. CoSpace was introduced to the UK in 2013 coincident with the introduction of a new compulsory national computing curriculum for England. The approach used to introduce CoSpace into schools and the relevance that CoSpace has to the new curriculum for England are presented in this paper. Four teams have now represented the UK at international RoboCupJunior competitions and the UK national competition, now in its third year, is already attracting over 100 competing teams with over 300 schools making use of the CoSpace Platform nationwide.",ieee,llm,0.880,unreviewed,,doi:10.1109/educon.2016.7474683
discarded,A drawing program for teaching computer science II students,K. White,2003,"33rd Annual Frontiers in Education, 2003. FIE 2003.",10.1109/FIE.2003.1263368,https://ieeexplore.ieee.org/document/1263368/,"supports-claim; qualifies-claim; adjacent-subtopic; tool or course description, no finding on learning event-driven programming or functions as values","Students in the introductory computer science classes are usually given relatively small programs that help the students learn new concepts covered in class. The students need to focus on the new material and giving them a large project is counter-productive to them learning the important concepts. I wanted to challenge the students in our second computer science course by giving them a large project without overwhelming them. To accomplish this I gave them a project that was accomplished in various stages throughout the semester. This paper discusses the various stages of the project and how they fit together so at the end of the semester the students had a large comprehensive project. Also, I wanted a project the students would be excited about doing. A drawing project that allowed the user of the program to draw lines, rectangles, ovals, text, and free hand lines with various colors and having the option to fill or not fill closed objects was selected. The finished project covered the following topics from the second computer science class: graphical interface design, event handling, color control, arrays, inheritance, polymorphism and singly linked list. The students were challenged for this project and enjoyed the finish product.",ieee,llm_reviewed,0.750,changed,kept->discarded,doi:10.1109/fie.2003.1263368
discarded,Concurrent event handling through multithreading,S.W. Keckler; A. Chang; W.S.L.S. Chatterjee; W.J. Dally,1999,IEEE Transactions on Computers,10.1109/12.795220,https://ieeexplore.ieee.org/document/795220/,off-topic-false-hit,"Exceptions have traditionally been used to handle infrequently occurring and unpredictable events during normal program execution. Current trends in microprocessor and operating systems design continue to increase the cost of event handling. Because of the deep pipelines and wide out-of-order superscalar architectures of contemporary microprocessors, an event may need to nullify a large number of in-flight instructions. Large register files require existing software systems to save and restore a substantial amount of process state before executing an exception handler. At the same time, processors are executing in environments that supply higher event frequencies and demand higher performance. We have developed an alternative architecture, ""concurrent event handling"", that incorporates multithreading into event handling architectures. Instead of handling the event in the faulting thread's architectural and pipeline registers, the fault handler is forked into its own thread slot and executes concurrently with the faulting thread. Microbenchmark programs show a factor-of-3 speedup for concurrent event handling over a traditional architecture on code that takes frequent exceptions. We also demonstrate substantial speedups on two event-based applications. Concurrent event handling is implemented in the MIT's MAP (Multi-ALU Processor) chip.",ieee,llm,0.990,unreviewed,,doi:10.1109/12.795220
discarded,Learn Java 17 Programming: Learn the fundamentals of Java Programming with this updated guide with the latest features,Nick Samoylov,2022,Learn Java 17 Programming: Learn the fundamentals of Java Programming with this updated guide with the latest features,,https://ieeexplore.ieee.org/document/10162944/,adjacent-subtopic,"Explore the essential concepts of programming such as object-oriented, functional, and reactive programming by writing code and building projects using the latest LTS version of JavaKey FeaturesA step-by-step guide for beginners to get started with programming in Java 17Explore core programming topics including GUI programming, concurrency, and error handlingWrite efficient code and build projects while learning the fundamentals of programmingBook DescriptionJava is one of the most preferred languages among developers. It is used in everything right from smartphones and game consoles to even supercomputers, and its new features simply add to the richness of the language. This book on Java programming begins by helping you learn how to install the Java Development Kit. You’ll then focus on understanding object-oriented programming (OOP), with exclusive insights into concepts such as abstraction, encapsulation, inheritance, and polymorphism, which will help you when programming for real-world apps. Next, you’ll cover fundamental programming structures of Java such as data structures and algorithms that will serve as the building blocks for your apps with the help of sample programs and practice examples. You’ll also delve into core programming topics that will assist you with error handling, debugging, and testing your apps. As you progress, you’ll move on to advanced topics such as Java libraries, database management, and network programming and also build a sample project to help you understand the applications of these concepts. By the end of this Java book, you’ll not only have become well-versed with Java 17 but also gained a perspective into the future of this language and have the skills to code efficiently with best practices.What you will learnUnderstand and apply object-oriented principles in JavaExplore Java design patterns and best practices to solve everyday problemsBuild user-friendly and attractive GUIs with easeUnderstand the usage of microservices with the help of practical examplesDiscover techniques and idioms for writing high-quality Java codeGet to grips with the usage of data structures in JavaWho this book is forThis book is for those who would like to start a new career in the modern Java programming profession, as well as those who do it professionally already and would like to refresh their knowledge of the latest Java and related technologies and ideas.",ieee,llm,0.920,unreviewed,,hash:dac87421797c73f3
discarded,Demo program of fourier series analysis for continuous system,Bo Jin,2011,2011 International Conference on Electrical and Control Engineering,10.1109/ICECENG.2011.6057990,https://ieeexplore.ieee.org/document/6057990/,adjacent-subtopic,"The powerful teaching demonstration program was developed quickly based on GUIDE of MATLAB. Taking fourier series of continuous-time signal system as a study case ,the paper introduced numerical computation and methods and skills of GUI Programming, the corresponding graphical user interface programs was developed. The time domain and frequency spectrum of system response was displayed for any period signals through any filters by changing the parameters of any signals and filters in teaching program. The teaching experiment came off satisfactorily and the analysis of frequency domain for period signal through filter was vividly demonstrated in teaching demonstration program.",ieee,llm,0.940,unreviewed,,doi:10.1109/iceceng.2011.6057990
discarded,Dispatching in Real Frontend Fabs With Industrial Grade Discrete-Event Simulations by Deep Reinforcement Learning with Evolution Strategies,Patrick Stöckermann; Alessandro Immordino; Thomas Altenmüller; Georg Seidel; Martin Gebser; Pierre Tassel; Chew Wye Chan; Feifei Zhang,2023,2023 Winter Simulation Conference (WSC),10.1109/WSC60868.2023.10408625,https://ieeexplore.ieee.org/document/10408625/,off-topic-false-hit,"Scheduling is a fundamental task in each production facility with implications on the overall efficiency of the facility. While classic job-shop scheduling problems become intractable when the number of machines and jobs increase, the problem gets even more complex in the context of semiconductor manufacturing, where flexible production control and stochastic event handling are required. In this paper, we propose a Deep Reinforcement Learning approach for lot dispatching to minimize the Flow Factor (FF) of a digital twin of a real-world, stochastic, large-scale semiconductor manufacturing facility. We present the first application of Reinforcement Learning to an industrial grade semiconductor manufacturing scenario of that size. Our approach leverages self-attention mechanisms to learn an effective dispatching policy for the manufacturing facility and is able to reduce the global FF of the fab.",ieee,llm,1.000,unreviewed,,doi:10.1109/wsc60868.2023.10408625
discarded,Design and Implementation of Embedded Cloth Edge Detection System,Ran Cao; Bing Jiang; Dawei Tang,2020,2020 IEEE International Conference on Advances in Electrical Engineering and Computer Applications( AEECA),10.1109/AEECA49918.2020.9213542,https://ieeexplore.ieee.org/document/9213542/,off-topic-false-hit,"In response to the snake-like deviation phenomenon in the fabric production process, an embedded development system based on ARM Cortex-A9 for fabric edge detection is designed. The system uses an edge detection algorithm based on machine learning, supplemented by image preprocessing and Huff's line detection algorithm. The embedded operating system and the OpenCV computer vision library are ported on the ARM side, a cross-compilation environment is built, and QT- GUI programming for real-time display. Experiments prove that compared with traditional systems, this system has better adaptability and can more effectively track the edges of cloth.",ieee,llm,0.990,unreviewed,,doi:10.1109/aeeca49918.2020.9213542
