status,title,authors,year,venue,doi,url,tags,abstract,provider,decision_source,llm_confidence,llm_review_outcome,llm_change_direction,paper_id
kept,Students Struggle to Explain Their Own Program Code,"Lehtinen, Teemu; Lukkarinen, Aleksi; Haaranen, Lassi",2021,"PROCEEDINGS OF THE 26TH ACM CONFERENCE ON INNOVATION AND TECHNOLOGY IN COMPUTER SCIENCE EDUCATION, ITICSE 2021, VOL 1",10.1145/3430665.3456322,https://www.webofscience.com/wos/woscc/full-record/WOS:001427124600032,supports-claim; attach-vs-call,"We asked students to explain the structure and execution of their small programs after they had submitted them to a programming exercise. These questions about learner's code (QLCs) were delivered at three occasions in an online and open course in introductory programming as a part of the digital learning material. We make inductive content analysis to research the open-ended text answers we collected. One third of the students struggled to explain their own program code. This estimates possible occurrences of fragile learning at the moment when a student seemingly succeeds in a program writing exercise. Furthermore, we examine correlations between the correctness of the answers with other learning data. Our results indicate that answering properly aligned QLCs correctly has stronger correlation with student success and retention than merely submitting a correct program. Additionally, we present observations on learning event-driven programming to explore QLCs' potential in identifying students' thinking process.",wos,llm_reviewed,0.970,confirmed,,doi:10.1145/3430665.3456322
discarded,Usage of the Java Language by Novices over Time: Implications for Tool and Language Design,"Weill-Tessier, Pierre; Costache, Alexandra Lucia; Brown, Neil C. C.",2021,"PROCEEDINGS OF THE 52ND ACM TECHNICAL SYMPOSIUM ON COMPUTER SCIENCE EDUCATION, SIGCSE 2021",10.1145/3408877.3432408,https://www.webofscience.com/wos/woscc/full-record/WOS:001426020100054,adjacent-subtopic,"Java is a popular programming language for teaching at university level. BlueJ is a popular tool for teaching Java to beginners. We provide several analyses of Java use in BlueJ to answer three questions: what use is made of different parts of Java by beginners when learning to program; how has this pattern of use changed between 2013 and 2019 in a longstanding language such as Java; and to what extent do beginners follow the specific style that BlueJ is designed to guide them into? These analyses allow us to see what features are important in object-oriented introductory programming languages, which could inform language and tool designers - and see to what extent the design of these programming tools can have an effect on the way the language is used. We find that many beginners disobey the guidelines that BlueJ promotes, and that patterns of Java use are generally stable over time - but we do see decreased exception use and a change in target application domains away from GUI programming towards text processing. We conclude that programming languages for novices could have fewer built-in types but should retain rich libraries.",wos,llm,0.850,unreviewed,,doi:10.1145/3408877.3432408
discarded,Introducing robotics and block programming in elementary education,"Saez Lopez, Jose Manuel; Buceta Otero, Rogelio; De Lara Garcia-Cervigon, Sebastian",2021,RIED-REVISTA IBEROAMERICANA DE EDUCACION A DISTANCIA,10.5944/ried.24.1.27649,https://www.webofscience.com/wos/woscc/full-record/WOS:000591838600005,adjacent-subtopic,"This study shows the relevance of introducing visual block programming and robotics in primary education. The study describes how robotics are effectively implemented in schools, based on computational concepts and the classroom activities. We describe, apply and present specific resources teachers, who may think of introducing programming and robotics in education must consider. These resources can be adapted to their students' levels and education stages. It is essential to be aware of the resources available and adapt them to students' needs. The analysis involves 107 fifth-grade students in primary education at three schools. The sample of the study was non-probabilistic and intentional. The study is bidimensional. The first dimension is a quasi-experimental design obtaining data from a test. Construct validity was tested by an exploratory factor analysis. The second dimension details the results for four scales previously described: active learning, computational concepts, perceived usefulness and enjoyment. This dimension examines the results of the aforementioned scale, which analyses the pedagogical interactions. Statistically significant improvements were achieved in the understanding of basic computational concepts such as sequences, loops, conditional statements, parallel execution, event handling and use of robotics. Improvements were also noted in didactic interaction, and in greater enjoyment, enthusiasm, efficiency and active participation of students. They also showed stronger motivation, commitment and interest in the process.",wos,llm,0.790,unreviewed,,doi:10.5944/ried.24.1.27649
discarded,A Predictive Digital Twin Framework for Real-Time Urban Traffic Management,M. Alvi,2026,IEEE Internet of Things Journal,10.1109/JIOT.2026.3697481,https://www.scopus.com/inward/record.uri?partnerID=HzOxMe3b&scp=105040173632&origin=inward,off-topic-false-hit,,scopus,llm,0.980,unreviewed,,doi:10.1109/jiot.2026.3697481
discarded,Async/await is an Effective Paradigm for Event Management of User Interfaces,D. Grolaux,2026,Eics 2026 Companion Companion of the 2026 ACM Sigchi Symposium on Engineering Interactive Computing Systems,10.1145/3807968.3810928,https://www.scopus.com/inward/record.uri?partnerID=HzOxMe3b&scp=105046070104&origin=inward,adjacent-subtopic,,scopus,llm,0.910,unreviewed,,doi:10.1145/3807968.3810928
discarded,Architecture-Aware Static Analysis and Violation Detection of C# Student Submissions,B.D. Orosz,2026,Computers,10.3390/computers15070404,https://www.scopus.com/inward/record.uri?partnerID=HzOxMe3b&scp=105045822745&origin=inward,adjacent-subtopic,,scopus,llm,0.940,unreviewed,,doi:10.3390/computers15070404
discarded,Explainable and Behavior-Aware Decision Making in Self-Organizing Swarms,Y. Alaverdyan,2026,Programming and Computer Software,10.1134/S0361768826700076,https://www.scopus.com/inward/record.uri?partnerID=HzOxMe3b&scp=105041849170&origin=inward,off-topic-false-hit,,scopus,llm,0.990,unreviewed,,doi:10.1134/s0361768826700076
discarded,A Context-Aware Temporal Convolutional Network for Water Replacement Prediction in Catfish Biofloc Ponds With Imbalanced Event Handling,Yaddarabullah,2026,Journal of Computer Science,10.3844/jcssp.2026.747.765,https://www.scopus.com/inward/record.uri?partnerID=HzOxMe3b&scp=105034318836&origin=inward,off-topic-false-hit,,scopus,llm,1.000,unreviewed,,doi:10.3844/jcssp.2026.747.765
discarded,Review of autonomous driving behavior decision-making based on deep reinforcement learning,Y.Z. Wang,2026,Kongzhi Yu Juece Control and Decision,10.13195/j.kzyjc.2025.0441,https://www.scopus.com/inward/record.uri?partnerID=HzOxMe3b&scp=105027974109&origin=inward,off-topic-false-hit,,scopus,llm,1.000,unreviewed,,doi:10.13195/j.kzyjc.2025.0441
discarded,CUBEX: A CubeSat Exemplar for Teaching Software Architecture Principles,A. Motsios,2026,Lecture Notes in Computer Science,10.1007/978-3-032-04403-7_4,https://www.scopus.com/inward/record.uri?partnerID=HzOxMe3b&scp=105016222254&origin=inward,adjacent-subtopic,,scopus,llm,0.850,unreviewed,,doi:10.1007/978-3-032-04403-7_4
discarded,"26th International Symposium on Trends in Functional Programming, TFP 2025",,2026,Lecture Notes in Computer Science,,https://www.scopus.com/inward/record.uri?partnerID=HzOxMe3b&scp=105019311374&origin=inward,adjacent-subtopic,,scopus,llm,0.970,unreviewed,,hash:dc834737e48d1f8b
discarded,Decentralized Intelligence in the Service of Heterogeneous Swarms,B. Dragana,2026,Communications in Computer and Information Science,10.1007/978-3-032-24513-7_2,https://www.scopus.com/inward/record.uri?partnerID=HzOxMe3b&scp=105047664481&origin=inward,off-topic-false-hit,,scopus,llm,0.990,unreviewed,,doi:10.1007/978-3-032-24513-7_2
discarded,Review of Deep Learning Approaches for Stock Market Forecasting: A Multiscale Perspective,R. Saini,2026,2026 International Conference on Nextgen Data Science and Analytics Icndsa 2026,10.1109/ICNDSA68777.2026.11652320,https://www.scopus.com/inward/record.uri?partnerID=HzOxMe3b&scp=105048484313&origin=inward,off-topic-false-hit,,scopus,llm,1.000,unreviewed,,doi:10.1109/icndsa68777.2026.11652320
discarded,A Case Study to Efficiently Detect and Prevent Cybersecurity Threats Using AI/ML,F. Quader,2026,Lecture Notes in Networks and Systems,10.1007/978-3-032-11515-7_9,https://www.scopus.com/inward/record.uri?partnerID=HzOxMe3b&scp=105027593395&origin=inward,off-topic-false-hit,,scopus,llm,0.990,unreviewed,,doi:10.1007/978-3-032-11515-7_9
discarded,Ai-Assisted Legacy Front-End Modernization: Intelligent Jquery-To-React Transformation Using Automated Component Extraction And Dependency Analysis,M. Sayerwala,2026,International Journal of Artificial Intelligence and Machine Learning,10.51483/IJAIML.6.4s.2026.903-909,https://www.scopus.com/inward/record.uri?partnerID=HzOxMe3b&scp=105044944880&origin=inward,adjacent-subtopic,,scopus,llm,0.970,unreviewed,,doi:10.51483/ijaiml.6.4s.2026.903-909
discarded,An Integrated Framework for Adaptive Dynamic Path Planning in Multi-Robot Systems: Emergency Response and Conflict Resolution,F. Kong,2026,Iaeng International Journal of Applied Mathematics,,https://www.scopus.com/inward/record.uri?partnerID=HzOxMe3b&scp=105039333905&origin=inward,off-topic-false-hit,,scopus,llm,1.000,unreviewed,,hash:2b7e0591a4e8a727
discarded,Advancements in Student Attendance Management: A Facial Recognition Based System,V. Bondugula,2025,Aip Conference Proceedings,10.1063/5.0294678,https://www.scopus.com/inward/record.uri?partnerID=HzOxMe3b&scp=105022797109&origin=inward,off-topic-false-hit,,scopus,llm,1.000,unreviewed,,doi:10.1063/5.0294678
discarded,A Dynamic Multi-Objective Optimization Algorithm for AGV Routing in Assembly Workshops,Y. Chen,2025,Applied Sciences Switzerland,10.3390/app152011076,https://www.scopus.com/inward/record.uri?partnerID=HzOxMe3b&scp=105020238422&origin=inward,off-topic-false-hit,,scopus,llm,1.000,unreviewed,,doi:10.3390/app152011076
discarded,Real-Time Electrical Energy Optimization in E-Commerce Systems Based on IoT and Mobile Agents,M. Shili,2025,Information Switzerland,10.3390/info16070551,https://www.scopus.com/inward/record.uri?partnerID=HzOxMe3b&scp=105011631257&origin=inward,off-topic-false-hit,,scopus,llm,1.000,unreviewed,,doi:10.3390/info16070551
discarded,Communicating StateCharts (CSC),S. Emdadi,2025,Annual Conference on Innovation and Technology in Computer Science Education Iticse,10.1145/3724389.3731259,https://www.scopus.com/inward/record.uri?partnerID=HzOxMe3b&scp=105011815354&origin=inward,"qualifies-claim; adjacent-subtopic; tool or course description, no finding on learning event-driven programming or functions as values",,scopus,llm_reviewed,0.580,changed,kept->discarded,doi:10.1145/3724389.3731259
discarded,AI-based monitoring of steel scrap properties for improved utilization in scrap based steelmaking,B. Kleimt,2025,Metallurgia Italiana,,https://www.scopus.com/inward/record.uri?partnerID=HzOxMe3b&scp=105006989979&origin=inward,off-topic-false-hit,,scopus,llm,1.000,unreviewed,,hash:21d2e521daefb7e1
discarded,Hybrid Newton method for the acceleration of well event handling in the simulation of CO2 storage using supervised learning,A. Lechevallier,2025,Computers and Geosciences,10.1016/j.cageo.2025.105872,https://www.scopus.com/inward/record.uri?partnerID=HzOxMe3b&scp=85217388555&origin=inward,off-topic-false-hit,,scopus,llm,1.000,unreviewed,,doi:10.1016/j.cageo.2025.105872
discarded,An Implementation of Comment Insertion Problem for Game Programming Study in Python Programming Learning Assistant System,H. Fujiwara,2025,Icce Taiwan 2025 12th IEEE International Conference on Consumer Electronics Taiwan Generative AI in Innovative Consumer Technology Proceedings,10.1109/ICCE-Taiwan66881.2025.11207889,https://www.scopus.com/inward/record.uri?partnerID=HzOxMe3b&scp=105022413941&origin=inward,adjacent-subtopic,,scopus,llm,0.860,unreviewed,,doi:10.1109/icce-taiwan66881.2025.11207889
discarded,Software Method for Distributed Asynchronous Big Data Processing of Fundraising,L. Oleshchenko,2025,Lecture Notes on Data Engineering and Communications Technologies,10.1007/978-3-031-84228-3_8,https://www.scopus.com/inward/record.uri?partnerID=HzOxMe3b&scp=105002815605&origin=inward,off-topic-false-hit,,scopus,llm,0.980,unreviewed,,doi:10.1007/978-3-031-84228-3_8
discarded,Visualization of Methods of Machine Learning. GUI Programming,N.O. Shesterin,2025,Scientific Visualization,10.26583/sv.17.2.09,https://www.scopus.com/inward/record.uri?partnerID=HzOxMe3b&scp=105012038702&origin=inward,adjacent-subtopic,,scopus,llm,0.830,unreviewed,,doi:10.26583/sv.17.2.09
discarded,Hybrid model using bond graph-TCN network and event triggered predictive control of pH neutralization process,J. Xavier,2025,ISA Transactions,10.1016/j.isatra.2024.11.025,https://www.scopus.com/inward/record.uri?partnerID=HzOxMe3b&scp=85210769526&origin=inward,off-topic-false-hit,,scopus,llm,1.000,unreviewed,,doi:10.1016/j.isatra.2024.11.025
discarded,Handling Out-Of-Order Events with Event Time Consistency Models,M. Lakshmanan,2025,2025 8th International Conference on Circuit Power and Computing Technologies Iccpct 2025,10.1109/ICCPCT65132.2025.11176547,https://www.scopus.com/inward/record.uri?partnerID=HzOxMe3b&scp=105020186581&origin=inward,adjacent-subtopic,,scopus,llm,0.980,unreviewed,,doi:10.1109/iccpct65132.2025.11176547
discarded,Intelligent Traffic Flow Prediction Using Hybrid Deep Learning Models,R.T. Kumari,2025,Proceedings of International Conference on Sustainable Communication Networks and Application Icscn 2025,10.1109/ICSCN67106.2025.11308486,https://www.scopus.com/inward/record.uri?partnerID=HzOxMe3b&scp=105032730763&origin=inward,off-topic-false-hit,,scopus,llm,1.000,unreviewed,,doi:10.1109/icscn67106.2025.11308486
discarded,Assessing the hospital pharmacy preparedness to mass casualty incidents,H.M. Mousli,2025,International Journal of Health Care Quality Assurance,10.1108/IJHCQA-10-2025-0175,https://www.scopus.com/inward/record.uri?partnerID=HzOxMe3b&scp=105025458949&origin=inward,off-topic-false-hit,,scopus,llm,1.000,unreviewed,,doi:10.1108/ijhcqa-10-2025-0175
discarded,Dynamic flexible job shop scheduling problem considering multiple types of dynamic events,W. Yi,2025,International Journal of Production Research,10.1080/00207543.2025.2550454,https://www.scopus.com/inward/record.uri?partnerID=HzOxMe3b&scp=105014890024&origin=inward,off-topic-false-hit,,scopus,llm,1.000,unreviewed,,doi:10.1080/00207543.2025.2550454
discarded,Deep Contrastive Siamese Network Based Repeated Event Identification,Z. Li,2024,Computer Science,10.11896/jsjkx.240300025,https://www.scopus.com/inward/record.uri?partnerID=HzOxMe3b&scp=105019487062&origin=inward,off-topic-false-hit,,scopus,llm,0.990,unreviewed,,doi:10.11896/jsjkx.240300025
discarded,Government Event Dispatch Approach Based on Deep Multi-view Network,Z. Li,2024,Computer Science,10.11896/jsjkx.230300034,https://www.scopus.com/inward/record.uri?partnerID=HzOxMe3b&scp=105019710977&origin=inward,off-topic-false-hit,,scopus,llm,0.990,unreviewed,,doi:10.11896/jsjkx.230300034
discarded,Scalable and micro serviceoriented approach using FaaS,S.S. Bavirthi,2024,Serverless Computing Concepts Technology and Architecture,10.4018/979-8-3693-1682-5.ch009,https://www.scopus.com/inward/record.uri?partnerID=HzOxMe3b&scp=85191884815&origin=inward,off-topic-false-hit,,scopus,llm,0.980,unreviewed,,doi:10.4018/979-8-3693-1682-5.ch009
discarded,JavaScript Design Patterns: Deliver fast and efficient production-grade JavaScript applications at scale,H. Di Francesco,2024,Javascript Design Patterns Deliver Fast and Efficient Production Grade Javascript Applications at Scale,,https://www.scopus.com/inward/record.uri?partnerID=HzOxMe3b&scp=105023568689&origin=inward,off-topic-false-hit,,scopus,llm,0.950,unreviewed,,hash:2abe9e57082a415a
discarded,Web-Based Application for GUI Programming Learning Through Reverse Engineering Method,Y. Tunardi,2024,2024 International Conference on Information Technology Systems and Innovation Icitsi 2024 Proceedings,10.1109/ICITSI65188.2024.10929136,https://www.scopus.com/inward/record.uri?partnerID=HzOxMe3b&scp=105002470208&origin=inward,"qualifies-claim; adjacent-subtopic; tool or course description, no finding on learning event-driven programming or functions as values",,scopus,llm_reviewed,0.720,changed,kept->discarded,doi:10.1109/icitsi65188.2024.10929136
kept,Teaching Novices Programming and Important Applications in a Single Semester - Critical Factors from Zero to Portable GUI Programming in Four Hours,R.G. Flatscher,2024,Software Engineering Education Conference Proceedings,10.1109/CSEET62301.2024.10663019,https://www.scopus.com/inward/record.uri?partnerID=HzOxMe3b&scp=85204428804&origin=inward,qualifies-claim,,scopus,llm,0.860,unreviewed,,doi:10.1109/cseet62301.2024.10663019
discarded,The impact of teaching a graphical programming language before character-based programming on Japanese university students’ programming understanding,M. Osogami,2024,SN Social Sciences,10.1007/s43545-023-00824-2,https://www.scopus.com/inward/record.uri?partnerID=HzOxMe3b&scp=85211184898&origin=inward,"qualifies-claim; adjacent-subtopic; tool or course description, no finding on learning event-driven programming or functions as values",,scopus,llm_reviewed,0.650,changed,kept->discarded,doi:10.1007/s43545-023-00824-2
discarded,Mental models of the day/night cycle,Stella Vosniadou,1994,Cognitive Science,10.1016/0364-0213(94)90022-1,https://openalex.org/W1975847479,off-topic-false-hit,"This article presents the results of an experiment which investigated elementary school children's explanations of the day/night cycle. First, third, and fifth grade children were asked to explain certain phenomena, such as the disappearance of the sun during the night, the disappearance of stars during the day, the apparent movement of the moon, and the alteration of day and night. The results showed that the majority of the children in our sample used in a consistent fashion a small number of relatively well-defined mental models of the earth, the sun, and the moon to explain the day/night cycle. These mental models of the day/night cycle were empirically accurate, logically consistent and revealed some sensitivity on the part of the children to issues of simplicity of explanation. The younger children formed Initial mental models which provided explanations of the day/night cycle based on everyday experience (e.g., the sun goes down behind mountains, clouds cover up the sun). The older children constructed synthetic mental models (e.g., the sun and the moon revolve around the stationary earth every 24 hours; the earth rotates in an up/down direction and the sun and moon are fixed on opposite sides) which represented attempts to synthesize the culturally accepted view with aspects of their Initial models. A few of the older children appeared to have constructed a mental model of the day/night cycle similar to the scientific one. A theoretical framework is outlined which explains the formation of initial, synthetic, and scientific models of the day/night cycle in terms of the reinterpretation of a hierarchy of constraints, some of which are present early in the child's life, and others which emerge later out of the structure of the acquired knowledge.",openalex,llm,1.000,unreviewed,,doi:10.1016/0364-0213(94)90022-1
discarded,Mental Models of the Day/Night Cycle,Stella Vosniadou; William F. Brewer,1994,Cognitive Science,10.1207/s15516709cog1801_4,https://openalex.org/W4255337044,off-topic-false-hit,"This article presents the results of an experiment which investigated elementary school children's explanations of the day/night cycle. First, third, and fifth grade children were asked to explain certain phenomena, such as the disappearance of the sun during the night, the disappearance of stars during the day, the apparent movement of the moon, and the alteration of day and night. The results showed that the majority of the children in our sample used in a consistent fashion a small number of relatively well‐defined mental models of the earth, the sun, and the moon to explain the day/night cycle. These mental models of the day/night cycle were empirically accurate, logically consistent and revealed some sensitivity on the part of the children to issues of simplicity of explanation. The younger children formed Initial mental models which provided explanations of the day/night cycle based on everyday experience (e.g., the sun goes down behind mountains, clouds cover up the sun). The older children constructed synthetic mental models (e.g., the sun and the moon revolve around the stationary earth every 24 hours; the earth rotates in an up/down direction and the sun and moon are fixed on opposite sides) which represented attempts to synthesize the culturally accepted view with aspects of their Initial models. A few of the older children appeared to have constructed a mental model of the day/night cycle similar to the scientific one. A theoretical framework is outlined which explains the formation of initial, synthetic, and scientific models of the day/night cycle in terms of the reinterpretation of a hierarchy of constraints, some of which are present early in the child's life, and others which emerge later out of the structure of the acquired knowledge.",openalex,llm,1.000,unreviewed,,doi:10.1207/s15516709cog1801_4
