status,title,authors,year,venue,doi,url,tags,abstract,provider,decision_source,llm_confidence,llm_review_outcome,llm_change_direction,paper_id
kept,Maintenance of Automated Test Suites in Industry: An Empirical study on Visual GUI Testing,Emil Alégroth; ROBERT H. FELDT; Pirjo Kolström,2016,arXiv (Cornell University),10.48550/arXiv.1602.01226,https://openalex.org/W4300560182,supports-claim,"Context: Verification and validation (V&V) activities make up 20 to 50 percent of the total development costs of a software system in practice. Test automation is proposed to lower these V&V costs but available research only provides limited empirical data from industrial practice about the maintenance costs of automated tests and what factors affect these costs. In particular, these costs and factors are unknown for automated GUI-based testing. Objective: This paper addresses this lack of knowledge through analysis of the costs and factors associated with the maintenance of automated GUI-based tests in industrial practice. Method: An empirical study at two companies, Siemens and Saab, is reported where interviews about, and empirical work with, Visual GUI Testing is performed to acquire data about the technique's maintenance costs and feasibility. Results: 13 factors are observed that affect maintenance, e.g. tester knowledge/experience and test case complexity. Further, statistical analysis shows that developing new test scripts is costlier than maintenance but also that frequent maintenance is less costly than infrequent, big bang maintenance. In addition a cost model, based on previous work, is presented that estimates the time to positive return on investment (ROI) of test automation compared to manual testing. Conclusions: It is concluded that test automation can lower overall software development costs of a project whilst also having positive effects on software quality. However, maintenance costs can still be considerable and the less time a company currently spends on manual testing, the more time is required before positive, economic, ROI is reached after automation.",openalex,llm,0.970,unreviewed,,doi:10.48550/arxiv.1602.01226
discarded,Research of the Defect Model Based on Similarity and Association Rule,Wanjiang Han; Lixin Jiang; Xiaoyan Zhang; Tianbo Lu; Yi Sun; Yan Li; Weijian Li,2014,TELKOMNIKA Indonesian Journal of Electrical Engineering,10.11591/telkomnika.v12i6.5452,https://openalex.org/W2062350552,adjacent-subtopic,"In order to detect defects efficiently and improve the quality of products, this paper puts forward the concept about defect classification model and defect association model by a lot of defect data. The technology of similarity is applied to defect classification model, and the idea of Knowledge Discovery in Database is applied to defect association model. Defect classification model can analyze the defect efficiently and provides the basis of solving problems quickly while defect association model can be used to detect early and prevent problem, which can make effective improvements to testing and development. This paper summed up GUI defect model based on a large number of interface defects. The model is useful to improve the accuracy of forecast and be used for test planning and implementation through the practice of several projects. DOI :  http://dx.doi.org/10.11591/telkomnika.v12i6.5452 Full Text: PDF",openalex,llm,0.880,unreviewed,,doi:10.11591/telkomnika.v12i6.5452
discarded,Adaptation of Orthogonal Defect Classification for Mobile Applications,Osama Barack; LiGuo Huang,2019,EPiC series in computing,10.29007/wtwg,https://openalex.org/W2997156763,adjacent-subtopic,"As mobile applications have become popular among end-users, developers have intro- duced a wide range of features that increase the complexity of application code. Orthogonal Defect Classification (ODC) is a model that enables developers to classify defects and track the process of inspection and testing. However, ODC was introduced to classify defects of traditional software. Mobile applications differ from traditional applications in many ways; they are susceptible to external factors, such as screen and network changes, notifi- cations, and phone interruptions, which affect the applications’ functioning. Therefore, in this paper, the ODC model will be adapted to accommodate defects of mobile applications. This allows us to address newly introduced application defects found in the mobile domain, such as energy, notification, and Graphical User Interface (GUI). In addition, based on the new model, we classify found defects of two well-known mobile applications. Moreover, we discuss one-way and two-way analyses. This work provides developers with a suitable defect analysis technique for mobile applications.",openalex,llm,0.940,unreviewed,,doi:10.29007/wtwg
discarded,CaPBug-A Framework for Automatic Bug Categorization and Prioritization Using NLP and Machine Learning Algorithms,Hafiza Anisa Ahmed; Narmeen Zakaria Bawany; Jawwad Ahmed Shamsi,2021,IEEE Access,10.1109/access.2021.3069248,https://openalex.org/W3149438326,adjacent-subtopic,"Bug reports facilitate software development teams in improving the quality of software. These reports include significant information related to problems encountered within a software, possible enhancement suggestions, and other potential issues. Bug reports are typically complex and are too detailed; hence a lot of resources are required to analyze and process them manually. Moreover, it leads to delays in the resolution of high priority bugs. Accurate and timely processing of bug reports based on their category and priority plays a significant role in improving the quality of software maintenance. Therefore, an automated process of categorization and prioritization of bug reports is needed to address the aforementioned issues. Automated categorization and prioritization of bug reports have been explored recently by many researchers; however, limited progress has been made in this regard. In this research, we present a novel framework, titled CaPBug, for automated categorization and prioritization of bug reports. The framework is implemented using Natural Language Processing (NLP) and supervised machine learning algorithms. A baseline corpus is built with six categories and five prioritization levels by analyzing more than 2000 bug reports of Mozilla and Eclipse repository. Four classification algorithms i.e., Naive Bayes, Random Forest, Decision Tree, and Logistic Regression have been used to categorize and prioritize bug reports. We demonstrate that the CaPBug framework achieved an accuracy of 88.78% by using a Random Forest classifier with a textual feature for predicting the category. Similarly, using the CaPBug framework, an accuracy of 90.43% was achieved in predicting the priority of bug reports. Synthetic Minority Over-Sampling Technique (SMOTE) has been applied to address the class imbalance issue in priority classes.",openalex,llm,0.970,unreviewed,,doi:10.1109/access.2021.3069248
discarded,MiSFIT: Mining Software Fault Information and Types,Billy Kidwell,2015,UKnowledge (University of Kentucky),,https://openalex.org/W330460648,adjacent-subtopic,"As software becomes more important to society, the number, age, and complexity of systems grow. Software organizations require continuous process improvement to maintain the reliability, security, and quality of these software systems. Software organizations can utilize data from manual fault classification to meet their process improvement needs, but organizations lack the expertise or resources to implement them correctly. This dissertation addresses the need for the automation of software fault classification. Validation results show that automated fault classification, as implemented in the MiSFIT tool, can group faults of similar nature. The resulting classifications result in good agreement for common software faults with no manual effort. To evaluate the method and tool, I develop and apply an extended change taxonomy to classify the source code changes that repaired software faults from an open source project. MiSFIT clusters the faults based on the changes. I manually inspect a random sample of faults from each cluster to validate the results. The automatically classified faults are used to analyze the evolution of a software application over seven major releases. The contributions of this dissertation are an extended change taxonomy for software fault analysis, a method to cluster faults by the syntax of the repair, empirical evidence that fault distribution varies according to the purpose of the module, and the identification of project-specific trends from the analysis of the changes.",openalex,llm,0.960,unreviewed,,hash:5f5a26f287d5a4fa
discarded,Can FOSS projects benefit from integrating Kanban: a case study,Annemarie Harzl,2017,Journal of Internet Services and Applications,10.1186/s13174-017-0058-z,https://openalex.org/W2622792182,off-topic-false-hit,"Free and Open Source Software (FOSS) and Agile Software Development (ASD) have both been recognized as important software development methods; they have many success stories and share some similarities. However, there is a lack of research regarding the comprehensive integration of the two. This work presents a single case of a hybrid student FOSS project where ASD and FOSS were combined and reports if this combination benefits the contributors. We conducted Action Research (AR) with one sub-team of a large hybrid student FOSS project, and performed three AR cycles based on the Kanban method. The Kanban practices visualize the workflow, make policies explicit and implement feedback loops were examined during the AR cycles. They are discussed in detail in this paper, which has two main contributions: first, it describes a real world situation, where Kanban is applied to a hybrid student FOSS project, and second, it determines that the combination is experienced as beneficial by contributors. Study participants report a positive effect on communication with other teams and stakeholders due to the use of the Kanban and regard their time acquiring knowledge about Kanban practices as well spent.",openalex,llm,0.990,unreviewed,,doi:10.1186/s13174-017-0058-z
kept,An Initial Characterization of Industrial Graphical User Interface Systems,Penelope A. Brooks; Brian P. Robinson; Atif M. Memon,2009,2009 International Conference on Software Testing Verification and Validation,10.1109/ICST.2009.11,https://ieeexplore.ieee.org/document/4815333/,qualifies-claim,"To date we have developed and applied numerous model-based GUI testing techniques; however, we are unable to provide definitive improvement schemes to real-world GUI test planners, as our data was derived from open source applications, small compared to industrial systems. This paper presents a study of three industrial GUI-based software systems developed at ABB, including data on classified defects detected during late-phase testing and customer usage, test suites, and source code change metrics. The results show that (1) 50% of the defects found through the GUI are categorized as data access and handling, control flow and sequencing, correctness, and processing defects, (2) system crashes exposed defects 12-19% of the time, and (3) GUI and non-GUI components are constructed differently, in terms of source code metrics.",ieee,llm,0.910,unreviewed,,doi:10.1109/icst.2009.11
discarded,"The first decade of GUI ripping: Extensions, applications, and broader impacts",Atif Memon; Ishan Banerjee; Bao N. Nguyen; Bryan Robbins,2013,2013 20th Working Conference on Reverse Engineering (WCRE),10.1109/WCRE.2013.6671275,https://ieeexplore.ieee.org/document/6671275/,adjacent-subtopic,"This paper provides a retrospective examination of GUI Ripping - reverse engineering a workflow model of the graphical user interface of a software application - born a decade ago out of recognition of the severe need for improving the then largely manual state-of-the-practice of functional GUI testing. In these last 10 years, GUI ripping has turned out to be an enabler for much research, both within our group at Maryland and other groups. Researchers have found new and unique applications of GUI ripping, ranging from measuring human performance to re-engineering legacy user interfaces. GUI ripping has also enabled large-scale experimentation involving millions of test cases, thereby helping to understand the nature of GUI faults and characteristics of test cases to detect them. It has resulted in large multi-institutional Government-sponsored research projects on test automation and benchmarking. GUI ripping tools have been ported to many platforms, including Java AWT and Swing, iOS, Android, UNO, Microsoft Windows, and web. In essence, the technology has transformed the way researchers and practitioners think about the nature of GUI testing, no longer considered a manual activity; rather, thanks largely to GUI Ripping, automation has become the primary focus of current GUI testing techniques.",ieee,llm,0.850,unreviewed,,doi:10.1109/wcre.2013.6671275
discarded,UlChecker:An Automatic Detection Platform for Android GUI Errors,"Ji, Meichen",2018,PROCEEDINGS OF 2018 IEEE 9TH INTERNATIONAL CONFERENCE ON SOFTWARE ENGINEERING AND SERVICE SCIENCE (ICSESS),,https://www.webofscience.com/wos/woscc/full-record/WOS:000467282900206,adjacent-subtopic,"At present, And..oid automated GUI testing has been widely used in mobile application testing. Automated GUI test input generation technology and tools are hot topics for practitione..s, but errors in some test sc..eenshots generated by automated test Input tools still need to be reviewed manuaUy. In this paper, we creatively proposed an automatic detection platfo..m for GUI errOI""s, detecting the GUI erras of mobile related and image-related widget error classification model though machine learning, which detects the error of widgets. On all experimental App test sets, the accuracy of the text-related widget error classification model reached an average of 98.06%, and the accuracy of image-related widgets error classification model achieved an average of 95.44%, which greatly reduced the time cost of reviewing GUI errors manually. In addition, we analyze the relative positional relationship between the widgets, and use the Wilson score sorting algorithm to analyze the symbiosis and interdependence between the widgets, and finally generate the assertion tables, thus mo..e complex GUI erro..s can be detected.",wos,llm,0.950,unreviewed,,hash:be868d79cd93666d
discarded,A Longitude Analysis on Bitcoin Issue Repository,"Hinds-Charles, Chelsea; Adames, Jenelee; Yang, Ye; Shen, Yusong; Wang, Yong",2018,PROCEEDINGS OF 2018 1ST IEEE INTERNATIONAL CONFERENCE ON HOT INFORMATION-CENTRIC NETWORKING (HOTICN 2018),,https://www.webofscience.com/wos/woscc/full-record/WOS:000458100900034,off-topic-false-hit,"As one of the most successful Blockchain systems, Bitcoin evolved over the past 8 years. The collaborative contribution of its online software development community gradually shaped the functionality and performance of Bitcoin. To date, most discussions around Bitcoin are from technologies underlying the product, as well as market applications. There are very few studies on the development and evolution processes of the Bitcoin software. It is important to investigate on such developmental issues, in order to better understand the development methodologies and lessons learnt from such a spearheaded Blockchain system. This paper serves this purpose by examining the issues data extracted from the Bitcoin GitHub repository from 2011 to 2018. It reports the trends of the major development issues from a longitude perspective. The main results include: 1) the average lifespan of an issue in Bitcoin issue repository is approximately 57 days; and 2) the Top-7 issue types including refactoring, tests, doe, RPC.REST.ZMQ, GUI, bugs, and wallet, accounting for 64.3% of all issues; 3) topic modeling techniques are beneficial in mining popularity and evolution of key issue topics and most problematic architecture components. Using data analysis and visualization techniques. this paper suggests the insights for significant development decisions such as better managing issue repository and strategic allocating of bug resolution effort.",wos,llm,0.980,unreviewed,,hash:f4031112878055dd
kept,Classifying and Qualifying GUI Defects,"Lelli, Valeria; Blouin, Arnaud; Baudry, Benoit",2015,"2015 IEEE 8TH INTERNATIONAL CONFERENCE ON SOFTWARE TESTING, VERIFICATION AND VALIDATION (ICST)",,https://www.webofscience.com/wos/woscc/full-record/WOS:000380913300004,qualifies-claim; gui-fel,"Graphical user interfaces (GUIs) are integral parts of software systems that require interactions from their users. Software testers have paid special attention to GUI testing in the last decade, and have devised techniques that are effective in finding several kinds of GUI errors. However, the introduction of new types of interactions in GUIs (e.g., direct manipulation) presents new kinds of errors that are not targeted by current testing techniques. We believe that to advance GUI testing, the community needs a comprehensive and high level GUI fault model, which incorporates all types of interactions. The work detailed in this paper establishes 4 contributions: 1) A GUI fault model designed to identify and classify GUI faults. 2) An empirical analysis for assessing the relevance of the proposed fault model against failures found in real GUIs. 3) An empirical assessment of two GUI testing tools (i.e. GUITAR and Jubula) against those failures. 4) GUI mutants we've developed according to our fault model. These mutants are freely available and can be reused by developers for benchmarking their GUI testing tools.",wos,llm_reviewed,0.930,confirmed,,hash:917384a0e0547830
discarded,GUIFuzz++: Unleashing Grey-box Fuzzing on Desktop Graphical User Interfacing Applications,D. Otto,2025,Proceedings 2025 40th IEEE ACM International Conference on Automated Software Engineering Ase 2025,10.1109/ASE63991.2025.00098,https://www.scopus.com/inward/record.uri?partnerID=HzOxMe3b&scp=105034636362&origin=inward,adjacent-subtopic,,scopus,llm,0.880,unreviewed,,doi:10.1109/ase63991.2025.00098
discarded,User Interface Bug Classification Model Using ML and NLP Techniques: A Comparative Performance Analysis of ML Models,S. Khan,2024,International Journal of Experimental Research and Review,10.52756/ijerr.2024.v45spl.005,https://www.scopus.com/inward/record.uri?partnerID=HzOxMe3b&scp=85211196209&origin=inward,adjacent-subtopic,,scopus,llm,0.880,unreviewed,,doi:10.52756/ijerr.2024.v45spl.005
discarded,Error-prone voice and graphical user interfaces in a mobile application,S. Schaffer,2012,Proceedings of 10th ITG Symposium on Speech Communication,,https://www.scopus.com/inward/record.uri?partnerID=HzOxMe3b&scp=84919823272&origin=inward,adjacent-subtopic,,scopus,llm,0.800,unreviewed,,hash:7e6949afc07a2266
discarded,Textout: Detecting Text-Layout Bugs in Mobile Apps via Visualization-Oriented Learning,Y. Wang,2019,Proceedings International Symposium on Software Reliability Engineering ISSRE,10.1109/ISSRE.2019.00032,https://www.scopus.com/inward/record.uri?partnerID=HzOxMe3b&scp=85081112062&origin=inward,adjacent-subtopic,,scopus,llm,0.940,unreviewed,,doi:10.1109/issre.2019.00032
discarded,A Longitude Analysis on Bitcoin Issue Repository,C. Hinds-Charles,2019,Proceedings of 2018 1st IEEE International Conference on Hot Information Centric Networking Hoticn 2018,10.1109/HOTICN.2018.8605996,https://www.scopus.com/inward/record.uri?partnerID=HzOxMe3b&scp=85062008762&origin=inward,off-topic-false-hit,,scopus,llm,0.990,unreviewed,,doi:10.1109/hoticn.2018.8605996
discarded,UIChecker: An Automatic Detection Platform for Android GUI Errors,M. Ji,2018,Proceedings of the IEEE International Conference on Software Engineering and Service Sciences Icsess,10.1109/ICSESS.2018.8663923,https://www.scopus.com/inward/record.uri?partnerID=HzOxMe3b&scp=85063610547&origin=inward,adjacent-subtopic,,scopus,llm,0.960,unreviewed,,doi:10.1109/icsess.2018.8663923
discarded,An empirical analysis of android apps bug and automated testing approach for Android apps,Y. Bie,2016,International Journal of Multimedia and Ubiquitous Engineering,10.14257/ijmue.2016.11.9.01,https://www.scopus.com/inward/record.uri?partnerID=HzOxMe3b&scp=84989324665&origin=inward,adjacent-subtopic,,scopus,llm,0.820,unreviewed,,doi:10.14257/ijmue.2016.11.9.01
kept,Classifying and qualifying GUI defects,V. Lelli,2015,2015 IEEE 8th International Conference on Software Testing Verification and Validation Icst 2015 Proceedings,10.1109/ICST.2015.7102582,https://www.scopus.com/inward/record.uri?partnerID=HzOxMe3b&scp=84935067533&origin=inward,qualifies-claim; gui-fel,,scopus,llm_reviewed,0.930,confirmed,,doi:10.1109/icst.2015.7102582
discarded,Software defect model based on similarity and association rule,W. Han,2015,International Journal of Multimedia and Ubiquitous Engineering,10.14257/ijmue.2015.10.7.01,https://www.scopus.com/inward/record.uri?partnerID=HzOxMe3b&scp=84938590184&origin=inward,adjacent-subtopic,,scopus,llm,0.870,unreviewed,,doi:10.14257/ijmue.2015.10.7.01
discarded,Study on the defect classification model,W.J. Han,2014,Applied Mechanics and Materials,10.4028/www.scientific.net/AMM.513-517.4008,https://www.scopus.com/inward/record.uri?partnerID=HzOxMe3b&scp=84897732098&origin=inward,adjacent-subtopic,,scopus,llm,0.700,unreviewed,,doi:10.4028/www.scientific.net/amm.513-517.4008
discarded,Automating GUI testing for android applications,C. Hu,2011,Proceedings International Conference on Software Engineering,10.1145/1982595.1982612,https://www.scopus.com/inward/record.uri?partnerID=HzOxMe3b&scp=79959449597&origin=inward,adjacent-subtopic,,scopus,llm,0.840,unreviewed,,doi:10.1145/1982595.1982612
