status,title,authors,year,venue,doi,url,tags,abstract,provider,decision_source,llm_confidence,llm_review_outcome,llm_change_direction,paper_id
kept,The University of Alberta user interface management system,Mark Green,1985,,10.1145/325334.325286,https://openalex.org/W4256363397,supports-claim,"In this paper the design and implementation of the University of Alberta user interface management system (UIMS) is discussed. This UIMS is based on the Seeheim model of user interfaces, which divides the user interface into three separate components. The Seeheim model of user interfaces is discussed along with its relationship to the design of UIMSs. The techniques used to design the three user interface components are briefly presented. A mixture of interactive and written notations are used in the design of the user interface. Some interesting features of this UIMS are interactive screen and menu layout, support for three dialogue notations, flexible interface to the application program, ability to adapt to different users, and the use of concurrent processes in user interface implementation The techniques used in the implementation of this UIMS are discussed.",openalex,llm,0.970,unreviewed,,doi:10.1145/325334.325286
kept,A knowledge-based user interface management system,James D. Foley; Christina A. Gibbs; Srdjan Kovačevic,1988,,10.1145/57167.57178,https://openalex.org/W2060620872,supports-claim,"A knowledge base which defines a user-computer interface is described. The knowledge base serves as input to a user interface management system, which implements the user interface. However, the knowledge base represents user interface design knowledge at a level of abstraction higher than is typical of user interface management systems. In particular, it represents objects, actions, attributes of objects, an object class hierarchy, and pre- and post-conditions on the actions. The knowledge base can be algorithmically transformed into a number of functionally equivalent interfaces, each of which is slightly different from the original interface. The transformed interface definition can be input to the UIMS, providing a way to quickly experiment with a family of related interfaces.",openalex,llm,0.830,unreviewed,,doi:10.1145/57167.57178
kept,Generating highly interactive user interfaces,Charles F. Wiecha; W. Bennett; Stephen J. Boies; J. Gould,1989,,10.1145/67449.67502,https://openalex.org/W2027986962,supports-claim,"Developers of User Interface Management Systems (UIMS) have demonstrated that separating the application from its user interface supports device independence and customization. Interfaces produced in UIMS are typically crafted by designers expert in human factors and graphic arts. Little attention has been paid, however, to capturing the knowledge of such experts so that interfaces might be automatically generated by the application of style rules to additional applications. This paper considers how toolkits and style rules can be structured so that the resulting interfaces take advantage of the best human factors and graphic arts knowledge, and are consistently styled.",openalex,llm,0.970,unreviewed,,doi:10.1145/67449.67502
kept,A critical examination of separable user interface management systems,Carson Reynolds,1997,ACM SIGCHI Bulletin,10.1145/264853.264874,https://openalex.org/W2043331920,qualifies-claim,"article A critical examination of separable user interface management systems: constructs for individualization Share on Author: Carson Reynolds View Profile Authors Info & Claims ACM SIGCHI BulletinVolume 29Issue 3July 1997 pp 41–45https://doi.org/10.1145/264853.264874Online:01 July 1997Publication History 9citation6DownloadsMetricsTotal Citations9Total Downloads6Last 12 Months0Last 6 weeks0 Get Citation AlertsNew Citation Alert added!This alert has been successfully added and will be sent to:You will be notified whenever a record that you have chosen has been cited.To manage your alert preferences, click on the button below.Manage my AlertsNew Citation Alert!Please log in to your account Save to BinderSave to BinderCreate a New BinderNameCancelCreateExport CitationPublisher SiteGet Access",openalex,llm,0.910,unreviewed,,doi:10.1145/264853.264874
discarded,DNA methylation requires a DNMT1 ubiquitin interacting motif (UIM) and histone ubiquitination,Weihua Qin; Patricia Wolf; Nan Liu; Stephanie Link; Martha Smets; Federica La Mastra; Ignasi Forné; Garwin Pichler; David Hörl; Karin Fellinger; Fabio Spada; Ian Marc Bonapace; Axel Imhof; Hartmann Harz; Heinrich Leonhardt,2015,Cell Research,10.1038/cr.2015.72,https://openalex.org/W2209705351,off-topic-false-hit,"DNMT1 is recruited by PCNA and UHRF1 to maintain DNA methylation after replication. UHRF1 recognizes hemimethylated DNA substrates via the SRA domain, but also repressive H3K9me3 histone marks with its TTD. With systematic mutagenesis and functional assays, we could show that chromatin binding further involved UHRF1 PHD binding to unmodified H3R2. These complementation assays clearly demonstrated that the ubiquitin ligase activity of the UHRF1 RING domain is required for maintenance DNA methylation. Mass spectrometry of UHRF1-deficient cells revealed H3K18 as a novel ubiquitination target of UHRF1 in mammalian cells. With bioinformatics and mutational analyses, we identified a ubiquitin interacting motif (UIM) in the N-terminal regulatory domain of DNMT1 that binds to ubiquitinated H3 tails and is essential for DNA methylation in vivo. H3 ubiquitination and subsequent DNA methylation required UHRF1 PHD binding to H3R2. These results show the manifold regulatory mechanisms controlling DNMT1 activity that require the reading and writing of epigenetic marks by UHRF1 and illustrate the multifaceted interplay between DNA and histone modifications. The identification and functional characterization of the DNMT1 UIM suggests a novel regulatory principle and we speculate that histone H2AK119 ubiquitination might also lead to UIM-dependent recruitment of DNMT1 and DNA methylation beyond classic maintenance.",openalex,llm,1.000,unreviewed,,doi:10.1038/cr.2015.72
discarded,A user interface toolkit based on graphical objects and constraints,Pedro A. Szekely; Brad A. Myers,1988,ACM SIGPLAN Notices,10.1145/62084.62088,https://openalex.org/W3163845468,adjacent-subtopic,"One of the most difficult aspects of creating graphical, direct manipulation user interfaces is managing the relationships between the graphical objects on the screen and the application data structures that they represent. Coral (Constraint-based Object-oriented Relations And Language) is a new user interface toolkit under development that uses efficiently-implemented constraints to support these relationships. Using Coral, user interface designers can construct interaction techniques such as menus and scroll bars. More importantly, Coral makes it easy to construct direct-manipulation user interfaces specialized to particular applications. Unlike previous constraint-based toolkits, Coral supports defining constraints in the abstract, and then applying them to different object instances. In addition, it provides iteration constructs where lists of items (such as those used in menus) can be constrained as a group. Coral has two interfaces: a declarative interface that provides a convenient way to specify the desired constraints, and a procedural interface that will allow a graphical user interface management system (UIMS) to automatically create Coral calls.",openalex,llm,0.780,unreviewed,,doi:10.1145/62084.62088
discarded,Specifying complex dialogs in ALGAE,Mark A. Flecchia; R. Daniel Bergeron,1986,ACM SIGCHI Bulletin,10.1145/1165387.275635,https://openalex.org/W2200266862,adjacent-subtopic,"The complexity and high development costs of user interfaces has led to research into the design of User Interface Management Systems (UIMSs). At the heart of a UIMS is a facility for specifying a dialog control component, which processes user actions and coordinates program responses. This paper describes a language called ALGAE, which allows the specification of multi-threaded, event driven dialogs.",openalex,llm,0.700,unreviewed,,doi:10.1145/1165387.275635
kept,Introduction to the Serpent User Interface Management System,Len Bass; Erik Hardy; Kurt Hoyt; Murray Reed Little; Seacord; Robert,1988,,10.21236/ada200085,https://openalex.org/W1543552284,supports-claim,"Serpent is an example of the class of systems known as a User Interface Management System. It uses the X Window System to interact with the end user, and is useful both as a portion of a production system and as a separate prototyping tool. Serpent supports the development and execution of the user interface of a system. It provides an editor with which to specify the user interface and a runtime system that communicates with the application to get the data to display. The system then uses the specification previously output from the editor to decide how to display that data. This report provides a technical overview of Serpent, its components, the module used in specifying the user interface, and the editor used in constructing the user interface.",openalex,llm,0.880,unreviewed,,doi:10.21236/ada200085
kept,PICASSO: A User Interface Management System for Real-Time Applications,Kjell Arne Barmsnes; Arne Hornaes; Øystein Jakobsen; Rune Storkås,2008,,,https://openalex.org/W2164347663,supports-claim,"Picasso is a User Interface Management System supporting object-oriented definition of graphical user interfaces (GUIs) in a distributed computing environment. GUIs are defined using an interactive editor, however GUI components can be created, modified, and deleted at run-time. Attributes of GUI components can be connected to application data in order to reflect some state of an application. The Picasso system is designed to handle large amounts of application data in a real-time environment, and offers complete separation of user interface and application. The Picasso system runs on standard UNIX workstations, and is based on industry standards such as C++/C, RPC, SQL, and X-Windows. 1",openalex,llm,0.980,unreviewed,,hash:763ccbf3f69e3295
kept,The engineering information system user interface management system (EIS-UIMS),E.N. Frankowski; W.T. Wood; P. Jamar,1989,Proceedings of the IEEE National Aerospace and Electronics Conference,10.1109/NAECON.1989.40378,https://ieeexplore.ieee.org/document/40378/,supports-claim,"A user-interface management system (UIMS) is a system for developing and executing user interfaces. It provides design tools, human factors guidelines, definition languages, and run-time support for user-computer interfaces. The engineering information system (EIS) is the specification of a software framework providing services for accessing, controlling, managing, and exchanging design data and tools (into which organizations that use EIS place their own tools and databases). The authors describe the benefits of including a UIMS in a framework system such as EIS and present the EIS-UIMS concepts, model, and architecture. The two most important features of the UIMS are the separation of computational behavior from appearance and the provision of a script language that allows interface designers to represent the interface at a high level of abstraction, the user task level. The whole EIS program, including the UIMS activity, is currently in the design stage.<>",ieee,llm,0.960,unreviewed,,doi:10.1109/naecon.1989.40378
kept,Interactive user interface design: the chimera UIMS,P.D. Gray,1989,IEE Colloquium on User Interface Management Systems,,https://ieeexplore.ieee.org/document/199005/,supports-claim,"UIMSs are software components designed to handle the dialogue between user and application, enforcing a separation of application functionality from interface presentation and behaviour, by interpreting user input, providing feedback, controlling the execution of application actions and (ideally) handling application-generated output. Usually, a specification language is available for specifying the syntax of the user-computer dialogue, which is then linked to application functions and compiled into an executable program or interpreted at run-time. The Chimera UIMS is being developed as part of the Druid Project. The goal of Project Druid is to produce a highly interactive user interface design environment to support the style of design described above. Chimera is implemented in C and runs under Unix and the NeWS distributed window system on Sun 3 workstations. It consists of three parts: Chisl (a specification language), Chip (an interpreter) and Chime (an integrated multi-view editing environment). In various ways, each of these components provides support for the interactive design process.<>",ieee,llm,0.980,unreviewed,,hash:ae9ece1e42d13301
discarded,HyperNeWS: an interactive interface design tool,D. Pearce,1989,IEE Colloquium on User Interface Management Systems,,https://ieeexplore.ieee.org/document/199004/,adjacent-subtopic,"HyperNeWS is a powerful tool for designing user interfaces, developed at the Turing Institute. It runs on Sun3 and Sun4 workstations, using either the X11/NeWS server, or NeWS server. It is somewhat like the Macintosh HyperCard system in its screen organisation, with windows (or stacks) composed of backgrounds and cards. Each background/card/stack can contain a variety of objects, such as buttons, sliders, dials etc. The implementation language is Postscript. Objects scripts are written directly in Postscript, and HyperNeWS can be used for interesting applications without involving anything but the server. All communication is message-based, where using an object oriented design, if an object cannot handle a given message, it is passed to its parent. HyperNeWs can communicate with external clients. This interface has been developed in C, is type-secure and allows each stack to communicate with a separate client. Interfaces to other languages, such as Prolog and Lisp, are built on top of the C interface. Some of the features that HyperNeWS provides are: simple to use, reusable and good error handling.<>",ieee,llm,0.760,unreviewed,,hash:99b78e689b33c9db
discarded,Software Refactoring Process to Accommodate User-Interface Adaptivity in Existing Applications,Anthony Savidis; Constantine Stephanidis,2013,Interacting with Computers,10.1093/iwc/iwt020,https://ieeexplore.ieee.org/document/8154868/,adjacent-subtopic,"Adaptive user-interfaces are capable of: (a) composing themselves at runtime according to a given deployment profile typically encompassing user and usage-context information and (b) possibly dropping user-interface components and activate better alternatives in their place in response to dynamic profile modifications. While adaptive behavior increasingly gains interest for a wide range of software products and services, its support is very demanding requiring adoption of user-interface architectural patterns from the very early software design phases. While previous research addressed the issue of engineering adaptive interactive applications right from scratch, there is an important methodological gap as we lack processes for the systematic evolution of existing non-adaptive applications to adaptive ones. We present a stepwise transformation process of the user-interface source code by incrementally upgrading all relevant implementation structures towards user-interface adaptivity. Because all transformation actions have been chosen to be standard refactorings the conduct of the process is well-defined while adoption preserves the original application architecture and quality of the source code.",ieee,llm,0.700,unreviewed,,doi:10.1093/iwc/iwt020
kept,User interface management systems: themes and variations a review of the literature,S. Rathnam; M.V. Mannino,1991,Proceedings of the Twenty-Fourth Annual Hawaii International Conference on System Sciences,10.1109/HICSS.1991.184178,https://ieeexplore.ieee.org/document/184178/,supports-claim; qualifies-claim; kostnad,"There has been a trend towards the use of graphical direct manipulation interfaces. Many of them are being built using user interface management systems (UIMS). The main guiding principles in the development of UIMS have been the need to re-use interface code, promote interfaces which have a consistent 'look and feel', and to separate the functional part of an application from its interface. UIMS have not been as successful as expected. Their adoption has been slow and at times painful. That is due to a poor understanding of the basic theoretical formalisms, and software design principals for UIMS. The authors review existing UIMS from the perspectives of theoretical formalisms and applications. One of the outcomes of the study is that systems which support an object-oriented (OO) design methodology for interfaces are more likely to be successful.<>",ieee,llm_reviewed,0.990,confirmed,,doi:10.1109/hicss.1991.184178
kept,HutWindows: an improved architecture for a user interface management system,M.-R. Koivunen; M. Mantyla,1988,IEEE Computer Graphics and Applications,10.1109/38.489,https://ieeexplore.ieee.org/document/489/,supports-claim,"The design of HutWindows, a user interface management system intended for applications in mechanical CAD, is discussed,. HutWindows features a three-layered internal architecture, where the presentation, dialogue-control, and application-processing layers are clearly separated from each other. This leads to increased simplicity and flexibility in user interface design over the more traditional situation where all of these layers are closely coupled.<>",ieee,llm,0.970,unreviewed,,doi:10.1109/38.489
discarded,Removable user identity module (R-UIM) for ANSI based third generation systems,M. Ohashi; T. Nemoto; K. Suzuki; M. Kudo,2000,VTC2000-Spring. 2000 IEEE 51st Vehicular Technology Conference Proceedings (Cat. No.00CH37026),10.1109/VETECS.2000.851689,https://ieeexplore.ieee.org/document/851689/,off-topic-false-hit,"Removable user identity module (R-UIM) is widely deployed in GSM, known as SIM (subscriber identity module). It is expected that such R-ULM will be also available for ANSI based third generation systems. However, unlike GSM based systems, ANSI based systems have a potential issue so called ""MSID-ESN decoupling"" associated with deployment of R-UIM. This paper identifies this issue and proposes a network support scenario for third generation ANSI based R-UIM.",ieee,llm,1.000,unreviewed,,doi:10.1109/vetecs.2000.851689
discarded,Machine learning: a personal tour,Joseph R. Barr; Jon C. Haass,2023,2023 Fifth International Conference on Transdisciplinary AI (TransAI),10.1109/TransAI60598.2023.00046,https://ieeexplore.ieee.org/document/10387632/,off-topic-false-hit,"Machine learning is about learning patterns in data. More specifically, it's about ‘input-output’ paradigms and computational frameworks, often, but not always applied to inputs to estimate outputs. It's also about the practice of abstraction and representation of of data, about model construction and estimation and calibrations; about testing, and assessing a model's performance and, last but not least, the application and interpretation of a model. Without touching every aspect, we'll describe the main thrust of machine learning, from the foundations up to applications and point out how machine learning is used in practice.",ieee,llm,0.990,unreviewed,,doi:10.1109/transai60598.2023.00046
kept,Human-Computer Interaction - An Overview of Software Architecture,Sonal Pandey; Abha Rani; Suman Arora; Shilpa Jain,2019,2019 6th International Conference on Computing for Sustainable Global Development (INDIACom),,https://ieeexplore.ieee.org/document/8991290/,supports-claim,"Human-Computer Interaction (HCI) has a long and vital job in the field of science and innovation. In this paper, Human-Computer interaction is discussed along with its definitions, phrasings, Historical development, existing innovations, and ongoing advancement and future scope in the field. An outline of software architecture for human-computer interaction is also discussed in the article. An overview of Seeheim model and model-view-controller are also presented.",ieee,llm,0.830,unreviewed,,hash:ad3268d18f8ff108
discarded,A neurodynamical retinal network based on reaction-diffusion systems,M.S. Keil; G. Cristobal; H. Neumann,2001,Proceedings 11th International Conference on Image Analysis and Processing,10.1109/ICIAP.2001.957010,https://ieeexplore.ieee.org/document/957010/,off-topic-false-hit,"A dynamical model for retinal processing is presented. The model describes the output of retinal ganglion cells whose receptive field is composed of a center and a surround combining linearly. However, in comparison to the classical difference-of-Gaussian (DOG) model, center and surround are generated in two separate layers of reaction-diffusion systems, through a difference in the speed of activity-propagation between both layers. Thus, intra-layer coupling is based exclusively on next-neighbor interactions. This makes the model suitable for VLSI implementation. Furthermore, the layers are connected by equations with feedback-inhibition to form ON-center/OFF-surround and OFF-center/OFF-surround receptive fields. The model's output in the early dynamics corresponds to high-resolution contrast information, whereas the output at later times can be considered as correlated with local brightness and darkness, respectively. To examine this in more detail, simulations with the Hermann/Hering-grid and grating induction were carried out.",ieee,llm,1.000,unreviewed,,doi:10.1109/iciap.2001.957010
