status,title,authors,year,venue,doi,url,tags,abstract,provider,decision_source,llm_confidence,llm_review_outcome,llm_change_direction,paper_id
discarded,Development of a Mobile Health Monitoring and Alert Application for Agricultural Workers,O. Oztoprak,2025,Applied System Innovation,10.3390/asi8050133,https://www.scopus.com/inward/record.uri?partnerID=HzOxMe3b&scp=105020017929&origin=inward,adjacent-subtopic,,scopus,llm,0.880,unreviewed,,doi:10.3390/asi8050133
kept,The Origin of Model-View-Presenter Pattern by Means of System Decomposition,I. Dubov,2025,International Conference on Artificial Intelligence Computer Data Sciences and Applications Acdsa 2025,10.1109/ACDSA65407.2025.11165834,https://www.scopus.com/inward/record.uri?partnerID=HzOxMe3b&scp=105018453043&origin=inward,supports-claim,,scopus,llm,0.960,unreviewed,,doi:10.1109/acdsa65407.2025.11165834
discarded,Contactless dual-function sensors based on Si-cholesteric liquid crystal systems for optical identification,A. Fechan,2024,Journal of Materials Science Materials in Electronics,10.1007/s10854-024-13005-5,https://www.scopus.com/inward/record.uri?partnerID=HzOxMe3b&scp=85196727896&origin=inward,off-topic-false-hit,,scopus,llm,1.000,unreviewed,,doi:10.1007/s10854-024-13005-5
discarded,Deployment of an Artificial Intelligence-Based Well Integrity Monitoring Solution,P. Aditama,2024,Society of Petroleum Engineers SPE Europe Energy Conference and Exhibition Euro 2024,10.2118/220003-MS,https://www.scopus.com/inward/record.uri?partnerID=HzOxMe3b&scp=85199468231&origin=inward,off-topic-false-hit,,scopus,llm,0.990,unreviewed,,doi:10.2118/220003-ms
discarded,User Interface Rendering Time in Android Applications: Revealing the Effects of Design Patterns,R.B. Paramadani,2023,ACM International Conference Proceeding Series,10.1145/3626641.3626948,https://www.scopus.com/inward/record.uri?partnerID=HzOxMe3b&scp=85182400943&origin=inward,adjacent-subtopic,,scopus,llm,0.900,unreviewed,,doi:10.1145/3626641.3626948
discarded,Research on Logic Design of Proton Treatment Control System,Z. Cai,2023,Zhongguo Yi Liao Qi Xie Za Zhi Chinese Journal of Medical Instrumentation,10.3969/j.issn.1671-7104.2023.04.004,https://www.scopus.com/inward/record.uri?partnerID=HzOxMe3b&scp=85168209716&origin=inward,off-topic-false-hit,,scopus,llm,0.970,unreviewed,,doi:10.3969/j.issn.1671-7104.2023.04.004
discarded,Cloud Based Attendance Automation System with Analytics and Reporting,A. Singh,2023,Proceedings of the 1st IEEE International Conference on Networking and Communications 2023 Icnwc 2023,10.1109/ICNWC57852.2023.10127524,https://www.scopus.com/inward/record.uri?partnerID=HzOxMe3b&scp=85163091138&origin=inward,adjacent-subtopic,,scopus,llm,0.910,unreviewed,,doi:10.1109/icnwc57852.2023.10127524
discarded,The multi-tenancy queueing system “QuAntri” for public service mall,W. Suwarningsih,2022,Bulletin of Electrical Engineering and Informatics,10.11591/eei.v11i5.4348,https://www.scopus.com/inward/record.uri?partnerID=HzOxMe3b&scp=85135998135&origin=inward,adjacent-subtopic,,scopus,llm,0.900,unreviewed,,doi:10.11591/eei.v11i5.4348
discarded,A new version of Hyper-Fractal Analysis: .Net WPF module for RGB 3D reconstruction of medical three-channel images,I.V. Grossu,2022,Computer Physics Communications,10.1016/j.cpc.2022.108335,https://www.scopus.com/inward/record.uri?partnerID=HzOxMe3b&scp=85126510691&origin=inward,adjacent-subtopic,,scopus,llm,0.910,unreviewed,,doi:10.1016/j.cpc.2022.108335
discarded,System for developing industrial safety management strategies,M.V. Krivov,2022,Vestnik Tomskogo Gosudarstvennogo Universiteta Upravlenie Vychislitel Naya Tekhnika I Informatika,10.17223/19988605/59/6,https://www.scopus.com/inward/record.uri?partnerID=HzOxMe3b&scp=85150737569&origin=inward,off-topic-false-hit,,scopus,llm,0.950,unreviewed,,doi:10.17223/19988605/59/6
discarded,Migration of hyper-fractal analysis from visual basic 6 to C#.Net,I.V. Grossu,2022,Computer Physics Communications,10.1016/j.cpc.2021.108189,https://www.scopus.com/inward/record.uri?partnerID=HzOxMe3b&scp=85117251908&origin=inward,adjacent-subtopic,,scopus,llm,0.910,unreviewed,,doi:10.1016/j.cpc.2021.108189
discarded,Information Technology for Chest X-Ray Images Analysis,O. Bychkov,2021,Ceur Workshop Proceedings,,https://www.scopus.com/inward/record.uri?partnerID=HzOxMe3b&scp=85136314018&origin=inward,off-topic-false-hit,,scopus,llm,0.930,unreviewed,,hash:dae548bb8011d728
kept,Research on MVP design pattern modeling based on MDA,D.D. Li,2020,Procedia Computer Science,10.1016/j.procs.2020.02.012,https://www.scopus.com/inward/record.uri?partnerID=HzOxMe3b&scp=85084380910&origin=inward,supports-claim,,scopus,llm,0.820,unreviewed,,doi:10.1016/j.procs.2020.02.012
kept,A linked data model-view-* approach for decoupled client-server applications,T. Spieldenner,2020,Lecture Notes in Computer Science Including Subseries Lecture Notes in Artificial Intelligence and Lecture Notes in Bioinformatics,10.1007/978-3-030-41407-8_5,https://www.scopus.com/inward/record.uri?partnerID=HzOxMe3b&scp=85080919010&origin=inward,supports-claim,,scopus,llm,0.720,unreviewed,,doi:10.1007/978-3-030-41407-8_5
discarded,Building Xamarin.Forms Mobile Apps Using XAML: Mobile Cross-Platform XAML and Xamarin.Forms Fundamentals,D. Hermes,2019,Building Xamarin Forms Mobile Apps Using Xaml Mobile Cross Platform Xaml and Xamarin Forms Fundamentals,10.1007/978-1-4842-4030-4,https://www.scopus.com/inward/record.uri?partnerID=HzOxMe3b&scp=105003327473&origin=inward,adjacent-subtopic,,scopus,llm,0.720,unreviewed,,doi:10.1007/978-1-4842-4030-4
discarded,ViewModel Visualization Tool,P. Capek,2017,Proceedings 2016 International Conference on Computational Science and Computational Intelligence Csci 2016,10.1109/CSCI.2016.0281,https://www.scopus.com/inward/record.uri?partnerID=HzOxMe3b&scp=85017320449&origin=inward,adjacent-subtopic,,scopus,llm,0.650,unreviewed,,doi:10.1109/csci.2016.0281
discarded,Xamarin.Forms Essentials: First Steps Toward Cross-Platform Mobile Apps,G. Versluis,2017,Xamarin Forms Essentials First Steps Toward Cross Platform Mobile Apps,10.1007/978-1-4842-3240-8,https://www.scopus.com/inward/record.uri?partnerID=HzOxMe3b&scp=85168865299&origin=inward,adjacent-subtopic,,scopus,llm,0.740,unreviewed,,doi:10.1007/978-1-4842-3240-8
discarded,An object-oriented interface for telemetry and control of a mars rover,J. Reed,2015,Proceedings of the International Telemetering Conference,,https://www.scopus.com/inward/record.uri?partnerID=HzOxMe3b&scp=84958528611&origin=inward,adjacent-subtopic,,scopus,llm,0.760,unreviewed,,hash:7dc2f15fff5ae8f3
discarded,UML-Based integration testing,Jean Hartmann; Claudio Imoberdorf; Michael Meisinger,2000,,10.1145/347324.348872,https://openalex.org/W2126590950,adjacent-subtopic,"Increasing numbers of software developers are using the Unified Modeling Language (UML) and associated visual modeling tools as a basis for the design and implementation of their distributed, component-based applications. At the same time, it is necessary to test these components, especially during unit and integration testing.",openalex,llm,0.920,unreviewed,,doi:10.1145/347324.348872
kept,Model-based testing of multiple GUI variants using the GUI test generator,Duc Hoai Nguyen; Paul A. Strooper; Jörn Guy Süß,2010,,10.1145/1808266.1808270,https://openalex.org/W2005858905,supports-claim,"Many modern application development frameworks separate presentation logic and business logic into layers. However, current model-based GUI testing tools do not model and test presentation logic and business logic separately. This paper proposes to separate business logic from the GUI behaviour model. The business logic is modelled using traditional modelbased testing tools like Spec Explorer while the presentation logic is recorded by a capture/replay tool. The two parts are connected via a mapping model. This paper proposes a new approach to test multiple GUI variants of an application in a reusable manner and introduces the GUI Test Generator (GTG). GTG is a tool which allows testers to define a mapping from business logic to presentation logic. Based on the mapping, GTG converts business logic test cases into presentation logic test cases. GTG is particularly useful for testing applications with a single business logic core and multiple variants of the user interface. This paper introduces the architecture of GTG and presents a case study for testing two different front-ends of an email client.",openalex,llm,0.980,unreviewed,,doi:10.1145/1808266.1808270
discarded,Object modeling and user interface design,Mark van Harmelen,2000,Addison-Wesley eBooks,,https://openalex.org/W400830870,adjacent-subtopic,"Preface. Part I. Participatory Design. 1. Accelerated Business Concept Modeling: Combining User Interface Design with Object Modeling Simon McGinnes and Johnny Amos. Introduction. Mental Models, Business Concepts, and Object Models. Barriers and Enablers. Framework. Dynamic System Development Method (DSDM). Facilitated Workshops. Accelerated Business Concept Modeling. Philosophy. Integrating User Interface Design and Modeling. Reducing Design Choice. Experience in Commercial Organizations. Introduction. Experiment. Qualitative Results. Quantitative Results. Combining the Results. Possible Further Research. Conclusion. References. Part II. Scenario- and Task-Based Design. 2. Scenarios, Objects, and Points of View in User Interface Design Mary Beth Rosson and John M. Carroll. Introduction. Designing with Objects. Responsibility-Driven Design. Task-Object Interactions in Scenario-Based Design. An Example: The Virtual Science Fair. Developing Basic User Interaction Scenarios for the Virtual Science Fair. Elaborating Virtual Science Fair Scenarios with an Object Perspective. Trade-offs Suggested by Objects and Their POVs. User Interactions in the Virtual Science Fair Scenarios. Trade-offs in Object-Oriented User Interaction. Discussion. Model-First Design. Refining the Object Metaphor. Tools for Scenario-Based Design. Conclusion. References. 3. Designing with Idiom Mark van Harmelen. Introduction. Idiom. Designing and Specifying User Interfaces with Idiom. Early Work with Users and the Domain. Scenario Generation. Coarse-Grained Task Modeling. Interaction Exploration Using Sequence Diagrams. Describing Tasks and Identifying Referents. The Domain Model. Visualization Using Sketches. Formulating Abstract Descriptions of the Interactive System. The Core Model. Finer-Grained Task Models. The View Model. Concrete User Interface Design. Interaction Sequences. Prototypes. Generation of Use Cases. Conclusions. How Does Idiom Perform?. Idiom as an Accommodating Framework. Acknowledgments. References. 4. Entity, Task, and Presenter Classification in User Interface Architecture: An Approach to Organizing HCI Practice John M. Artim. Introduction. CHI97 Workshop Framework. Organizing Descriptions. Architecture. System Architecture. User Interface Architecture. An ETP-Based User Interface Architecture. Key Processes in Practice. User Task Modeling: Requirements. Extracting a Domain Concept Description: Analysis. User Interface Design. Implications for Usability Testing. System Design and Implementation. ETP Summary. ETP and Ontological Drift. Conclusion. Acknowledgments. References. Part III. Use Case Based Design. 5. User Interface Design in the Rational Unified Process Philippe Kruchten, Stefan Ahlqvist, and Stefan Bylund. The Rational Unified Process. The Structure of the Rational Unified Process. Workers. Activity. Steps. Artifacts. Workflow. Additional Process Elements. Guidelines. User Interface Design in the Rational Unified Process. Use Cases. Analysis Model and Boundary Classes. Workflow. Worker: The User Interface Designer. Artifact: The Use Case Storyboard. Properties. Timing. Responsibility. Activity: User Interface Modeling. Artifact: The User Interface Prototype. Purpose. Timing. Responsibility. Activity: User Interface Prototyping. Guidelines: Use Case Storyboard. Describing the Flow of Events-Storyboard. Desired Guidance. Average Attribute Values and Volumes of Objects. Average Action Usage. Summary of the Flow of Events-Storyboard. Creating Boundary Class Diagrams. Creating Boundary Object Interaction Diagrams. Complementing the Diagrams of a Use Case Storyboard. Capturing Usability Requirements on the Use Case Storyboard. Referring to the User Interface Prototype the Use Case Storyboard. Conclusion. References. 6. Wisdom--Whitewater Interactive System Development with Object Models Nuno Jardim Nunes and Joao Falcao e Cunha. Introduction. The Working Context: SSDs and Lightweight Techniques. Chapter Structure. Wisdom: Process, Architecture, and Notation. The Wisdom Process. The Wisdom Architecture. The Wisdom Notation. The Wisdom Method. Requirements Workflow. 2 Analysis Workflow. Design Workflow. Wisdom and the CHI97 Metamodel. Conclusion. Acknowledgments. References. 7. Structure and Style in Use Cases for User Interface Design Larry L. Constantine and Lucy A. D. Lockwood. Introduction. Use Cases Undefined. Concrete and Essential Use Cases. Notation. Usage-Centered Design. A Usage-Centered Process. Task Modeling, Scenarios, and Use Cases. Use Case Decomposition. Use Case Narrative Style and User Interface Design. Language and Structure in Models. Common Narrative Styles. Task Goals and User Intentions. Structured Essential Use Cases. Identity and Purpose. Relationships. Process. Elements of Style in Structured Essential Narratives. Objects. Included Use Cases. Conditional Interaction. Partial Ordering. Extensions. Use Case Maps. Representing Use Cases. Representing Relationships. Business Rules. Recommendations. References. Part IV User-Centered Design. 8. A User-Centered Approach to Object-Oriented User Interface Design Jan Gulliksen, Bengtransson, and Magnus Lif. Introduction. Usability and User-Centered Design. Design Methods and Tools. Learning Object-Oriented Design. Prototyping and Iterative Design. System Development Processes. ISO 13407: Human-Centered Design Processes for Interactive Systems. The Rational Unified Process. The Dynamic Systems Development Method. Design in Context. The Usability Designer. User Interface Modeling. Experiences in Promoting User-Centered Design at the Swedish National Tax Board. Methods of Enhancing the User Interface Design Process. Introducing User-Centered Design. Obstacles to the Development Work. Discussion. References. 9. Toward Unified Models in User-Centered and Object-Oriented Design William Hudson. Introduction. Why Bring User-Centered Design to UML? Why Not Another New Method? How Can UML Be Made User-Centered? Survey of User-Centered Techniques and Methods. Description of the Survey. The User-Centered Top Ten. User-Centered Techniques. User-Centered Methods. The Informal UML Method. Perspectives. Confusion over Use Cases. No Separation of User and Domain Models. No Deliberate User Interface Design. Lack of Contextual Information. No Usability Evaluation. A Unified Approach to Use Cases and Scenarios. Goal-Based Use Cases. Scenarios versus Use Cases. Context of Use. Essential Use Cases. Use Cases as Requirements. A User-Centered UML Method. Incorporating the User-Centered Top Ten. Modifying UML for User-Centered Design. Applying UML Notation to User-Centered Design. Comparisons with Other Use Case-Driven Methods. Rational Unified Process. Usage-Centered Design. Conclusions. The Benefits. The Challenges. The Future. References. Part V. Summary. 10. Interactive System Design Using Oo&hci Methods Mark van Harmelen Introduction. Problems in Object-Oriented Practice. Oo&hci Methods. An HCI View of the Design of Interactive Systems. Cognitive Engineering. User-Centered Design and Human-Centered Design. Model-Based User Interface Design. System Visualization and Design Using Scenarios. Describing Concrete User Interface Designs. The Process of Interactive System Design. Ensuring Design Quality. HCI Summary. Creating an Integrated Oo&hci Approach. The Foundations of an Integrated Approach. Characteristics of an Oo&hci Approach. Activities in the Oo&hci Process. Activities and Examples. An Oo&hci Domain Model. Adopting an Oo&hci Approach. Conclusion. Acknowledgments. References. About the Authors. Index.",openalex,llm,0.790,unreviewed,,hash:0cabaf664de62494
discarded,A platform-independent graphical user interface for SEQSEE and XALIGN,David Scott Wishart; Scott Fortin; David Woloschuk; Warren O. Wong; Timothy Rosborough; Gay Van Domselaar; Jonathan Schaeffer; Duane Szafron,1997,Computer applications in the biosciences,10.1093/bioinformatics/13.5.561,https://openalex.org/W2104629102,adjacent-subtopic,"David S. Wishart, Scott Fortin, David R. Woloschuk, Warren Wong, Timothy Rosborough, Gay Van Domselaar, Jonathan Schaeffer, Duane Szafron; A platform-independen",openalex,llm,0.870,unreviewed,,doi:10.1093/bioinformatics/13.5.561
discarded,Towards Model-Driven Testing,Reiko Heckel; Marc Lohmann,2003,Electronic Notes in Theoretical Computer Science,10.1016/s1571-0661(04)81023-5,https://openalex.org/W1975168644,adjacent-subtopic,"The OMG's Model-Driven Architecture is a strategy towards interoperability across heterogeneous middleware platforms through the reuse of platform independent designs based on the distinction of, and transformation between, platform-independent and platform-specific models. A corresponding strategy for model-driven testing requires a similar structure to facilitate, besides the generation of test cases and oracles, the execution of tests on different target platforms. In this paper, we discuss different aspects of such a strategy in a specific instance: the development of web-based distributed applications. In particular, we will be concerned with the problem of reusing platform-independent test cases and test oracles and with the generation of oracles from executable models.",openalex,llm,0.910,unreviewed,,doi:10.1016/s1571-0661(04)81023-5
discarded,NeuronBridge: an intuitive web application for neuronal morphology search across large data sets,Jody Clements; Cristian Goina; Philip M. Hubbard; Takashi Kawase; Donald J. Olbris; Hideo Otsuna; Robert Svirskas; Konrad Rokicki,2024,BMC Bioinformatics,10.1186/s12859-024-05732-7,https://openalex.org/W4392864582,off-topic-false-hit,"BACKGROUND: Neuroscience research in Drosophila is benefiting from large-scale connectomics efforts using electron microscopy (EM) to reveal all the neurons in a brain and their connections. To exploit this knowledge base, researchers relate a connectome's structure to neuronal function, often by studying individual neuron cell types. Vast libraries of fly driver lines expressing fluorescent reporter genes in sets of neurons have been created and imaged using confocal light microscopy (LM), enabling the targeting of neurons for experimentation. However, creating a fly line for driving gene expression within a single neuron found in an EM connectome remains a challenge, as it typically requires identifying a pair of driver lines where only the neuron of interest is expressed in both. This task and other emerging scientific workflows require finding similar neurons across large data sets imaged using different modalities. RESULTS: Here, we present NeuronBridge, a web application for easily and rapidly finding putative morphological matches between large data sets of neurons imaged using different modalities. We describe the functionality and construction of the NeuronBridge service, including its user-friendly graphical user interface (GUI), extensible data model, serverless cloud architecture, and massively parallel image search engine. CONCLUSIONS: NeuronBridge fills a critical gap in the Drosophila research workflow and is used by hundreds of neuroscience researchers around the world. We offer our software code, open APIs, and processed data sets for integration and reuse, and provide the application as a service at http://neuronbridge.janelia.org .",openalex,llm,0.990,unreviewed,,doi:10.1186/s12859-024-05732-7
discarded,A unit test approach for database schema evolution,Katarina Grolinger; Miriam A. M. Capretz,2010,Information and Software Technology,10.1016/j.infsof.2010.10.002,https://openalex.org/W2058906762,off-topic-false-hit,,openalex,llm,0.970,unreviewed,,doi:10.1016/j.infsof.2010.10.002
