status,title,authors,year,venue,doi,url,tags,abstract,provider,decision_source,llm_confidence,llm_review_outcome,llm_change_direction,paper_id
discarded,Extending RDBMSs to support sparse datasets using an interpreted attribute storage format,J.L. Beckmann,2006,Proceedings International Conference on Data Engineering,10.1109/ICDE.2006.67,https://www.scopus.com/inward/record.uri?partnerID=HzOxMe3b&scp=33749647670&origin=inward,adjacent-subtopic,"""Sparse"" data, in which relations have many attributes that are null for most tuples, presents a challenge for relational database management systems. If one uses the normal ""horizontal"" schema to store such data sets in any of the three leading commercial RDBMS, the result is tables that occupy vast amounts of storage, most of which is devoted to nulls. If one attempts to avoid this storage blowup by using a ""vertical"" schema, the storage utilization is indeed better, but query performance is orders of magnitude slower for certain classes of queries. In this paper, we argue that the proper way to handle sparse data is not to use a vertical schema, but rather to extend the RDBMS tuple storage format to allow the representation of sparse attributes as interpreted fields. The addition of interpreted storage allows for efficient and transparent querying of sparse data, uniform access to all attributes, and schema scalability. We show, through an implementation in PostgreSQL, that the interpreted storage approach dominates in query efficiency and ease-of-use over the current horizontal storage and vertical schema approaches over a wide range of queries and sparse data sets.",scopus,llm,0.990,unreviewed,,doi:10.1109/icde.2006.67
discarded,Analysis and design for uniform access control strategy in spatial data warehouse,H. Li,2006,Jisuanji Gongcheng Computer Engineering,,https://www.scopus.com/inward/record.uri?partnerID=HzOxMe3b&scp=33751434624&origin=inward,adjacent-subtopic,,scopus,llm,0.980,unreviewed,,hash:944cd2774ac59a44
discarded,Adaptive middleware for uniform access to legacy systems for mobile clients,Z. Xiaoli,2006,Spca 2006 2006 First International Symposium on Pervasive Computing and Applications Proceedings,10.1109/SPCA.2006.297474,https://www.scopus.com/inward/record.uri?partnerID=HzOxMe3b&scp=38649115346&origin=inward,adjacent-subtopic,"The trends of mobile accessibility are bringing new challenges to the viability of computerized systems that can't support mobile clients. Taking in instead of ignoring the ever-increasing number of mobile users is important and urgent to save legacy properties and maintain business prosperity. And a uniform access to heterogeneous end hosts is most desirable for computationally challenged mobile devices. To address the above two issues, this paper proposes a mobile adaptive data accessing middleware (MADAM). It uses a non-intrusive way to mobilize legacy systems and offer a consistent accessing interface to mobile users. MADAM provides the adaptability of heterogeneity for both sides. On the client side, a context structure is used to differentiate clients' circumstances. On the server side, a service registration mechanism allows components customized for specific servers to be easily added or removed. MADAM achieves good extensibility and performance by adopting a semi service oriented architecture. Experiments with a prototype implementation show the validity of MADAM",scopus,llm,0.990,unreviewed,,doi:10.1109/spca.2006.297474
discarded,The electronic properties of graphene,A. H. Castro Neto; Francisco Javier Esteban Guinea; Nuno M. R. Peres; Kostya S. Novoselov; Andre K. Geim,2009,Reviews of Modern Physics,10.1103/revmodphys.81.109,https://openalex.org/W2105685140,off-topic-false-hit,"This article reviews the basic theoretical aspects of graphene, a one-atom-thick allotrope of carbon, with unusual two-dimensional Dirac-like electronic excitations. The Dirac electrons can be controlled by application of external electric and magnetic fields, or by altering sample geometry and/or topology. The Dirac electrons behave in unusual ways in tunneling, confinement, and the integer quantum Hall effect. The electronic properties of graphene stacks are discussed and vary with stacking order and number of layers. Edge (surface) states in graphene depend on the edge termination (zigzag or armchair) and affect the physical properties of nanoribbons. Different types of disorder modify the Dirac equation leading to unusual spectroscopic and transport properties. The effects of electron-electron and electron-phonon interactions in single layer and multilayer graphene are also presented.",openalex,llm,1.000,unreviewed,,doi:10.1103/revmodphys.81.109
discarded,Maintaining knowledge about temporal intervals,James F. Allen,1983,Communications of the ACM,10.1145/182.358434,https://openalex.org/W2161484642,adjacent-subtopic,"article Free Access Share on Maintaining knowledge about temporal intervals Author: James F. Allen Univ. of Rochester, Rochester, NY Univ. of Rochester, Rochester, NYView Profile Authors Info & Claims Communications of the ACMVolume 26Issue 11Nov. 1983 pp 832–843https://doi.org/10.1145/182.358434Online:01 November 1983Publication History 5,173citation11,531DownloadsMetricsTotal Citations5,173Total Downloads11,531Last 12 Months644Last 6 weeks101 Get Citation AlertsNew Citation Alert added!This alert has been successfully added and will be sent to:You will be notified whenever a record that you have chosen has been cited.To manage your alert preferences, click on the button below.Manage my Alerts New Citation Alert!Please log in to your account Save to BinderSave to BinderCreate a New BinderNameCancelCreateExport CitationPublisher SiteeReaderPDF",openalex,llm,0.990,unreviewed,,doi:10.1145/182.358434
discarded,Basics of qualitative research : techniques and procedures for developing grounded theory,Anselm L. Strauss; Juliet M. Corbin,1998,Sage eBooks,,https://openalex.org/W1658908529,off-topic-false-hit,"Part I: Introduction to Grounded Theory of Anselm Strauss Chapter 1: Inspiration and Background Chapter 2: Theoretical Foundations Chapter 3: Practical Considerations for Getting Started Chapter 4: Prelude to Analysis Chapter 5: Strategies for Qualitative Data Analysis Chapter 6: Memos and Diagrams Chapter 7: Theoretical Sampling Chapter 8: Context Chapter 9: Process Chapter 10: Techniques for Achieving Theoretical Integration Chapter 11: The Use of Computer Programs in Qualitative Data Analysis Part II: Research Demonstration Project Chapter 12 Open Coding: Identifying Concepts Chapter 13: Developing Concepts in Terms of Their Properties and Dimensions Chapter 14: Analyzing Data for Context Chapter 15: Bringing Process Into the Analysis Chapter 16: Integrating Categories Part III: Finishing the Research Project Chapter 17: Writing Theses, Monographs, and Dissertations, and Giving Talks About Your Research Chapter 18: Criteria for Evaluation Chapter 19: Student Questions and Answers",openalex,llm,0.990,unreviewed,,hash:cfb539ae2bce0c68
discarded,Fitting Linear Mixed-Effects Models Using lme4,Douglas M. Bates; Martin Mächler; Benjamin M. Bolker; Steve Walker,2015,Journal of Statistical Software,10.18637/jss.v067.i01,https://openalex.org/W1951724000,adjacent-subtopic,"Maximum likelihood or restricted maximum likelihood (REML) estimates of the parameters in linear mixed-effects models can be determined using the lmer function in the lme4 package for R. As for most model-fitting functions in R, the model is described in an lmer call by a formula, in this case including both fixed- and random-effects terms. The formula and data together determine a numerical representation of the model from which the profiled deviance or the profiled REML criterion can be evaluated as a function of some of the model parameters. The appropriate criterion is optimized, using one of the constrained optimization functions in R, to provide the parameter estimates. We describe the structure of the model, the steps in evaluating the profiled deviance or REML criterion, and the structure of classes or types that represents such a model. Sufficient detail is included to allow specialization of these structures by users who wish to write functions to fit specialized linear mixed models, such as models incorporating pedigrees or smoothing splines, that are not easily expressible in the formula language used by lmer.",openalex,llm,0.980,unreviewed,,doi:10.18637/jss.v067.i01
discarded,Best practices in exploratory factor analysis: four recommendations for getting the most from your analysis,Anna B. Costello; Jason W. Osborne,2020,,10.7275/jyj1-4868,https://openalex.org/W2896548965,off-topic-false-hit,"Exploratory factor analysis (EFA) is a complex, multi-step process. The goal of this paper is to collect, in one article, information that will allow researchers and practitioners to understand the various choices available through popular software packages, and to make decisions about “best practices” in exploratory factor analysis. In particular, this paper provides practical information on making decisions regarding (a) extraction, (b) rotation, (c) the number of factors to interpret, and (d) sample size.",openalex,llm,0.990,unreviewed,,doi:10.7275/jyj1-4868
discarded,XGBoost,Tianqi Chen; Carlos Guestrin,2016,,10.1145/2939672.2939785,https://openalex.org/W2295598076,adjacent-subtopic,"Tree boosting is a highly effective and widely used machine learning method. In this paper, we describe a scalable end-to-end tree boosting system called XGBoost, which is used widely by data scientists to achieve state-of-the-art results on many machine learning challenges. We propose a novel sparsity-aware algorithm for sparse data and weighted quantile sketch for approximate tree learning. More importantly, we provide insights on cache access patterns, data compression and sharding to build a scalable tree boosting system. By combining these insights, XGBoost scales beyond billions of examples using far fewer resources than existing systems.",openalex,llm,0.990,unreviewed,,doi:10.1145/2939672.2939785
discarded,A Theory of Access*,Jesse Ribot; Nancy Lee Peluso,2003,Rural Sociology,10.1111/j.1549-0831.2003.tb00133.x,https://openalex.org/W2160065655,off-topic-false-hit,"Abstract The term “access” is frequently used by property and natural resource analysts without adequate definition. In this paper we develop a concept of access and examine a broad set of factors that differentiate access from property. We define access as “the ability to derive benefits from things,” broadening from property's classical definition as “the right to benefit from things.” Access, following this definition, is more akin to “a bundle of powers” than to property's notion of a “bundle of rights.” This formulation includes a wider range of social relationships that constrain or enable benefits from resource use than property relations alone. Using this framing, we suggest a method of access analysis for identifying the constellations of means, relations, and processes that enable various actors to derive benefits from resources. Our intent is to enable scholars, planners, and policy makers to empirically “map” dynamic processes and relationships of access.",openalex,llm,1.000,unreviewed,,doi:10.1111/j.1549-0831.2003.tb00133.x
discarded,"SwissADME: a free web tool to evaluate pharmacokinetics, drug-likeness and medicinal chemistry friendliness of small molecules",Antoine Daina; Olivier Alain Michielin; Vincent Zoete,2017,Scientific Reports,10.1038/srep42717,https://openalex.org/W2593436234,off-topic-false-hit,"To be effective as a drug, a potent molecule must reach its target in the body in sufficient concentration, and stay there in a bioactive form long enough for the expected biologic events to occur. Drug development involves assessment of absorption, distribution, metabolism and excretion (ADME) increasingly earlier in the discovery process, at a stage when considered compounds are numerous but access to the physical samples is limited. In that context, computer models constitute valid alternatives to experiments. Here, we present the new SwissADME web tool that gives free access to a pool of fast yet robust predictive models for physicochemical properties, pharmacokinetics, drug-likeness and medicinal chemistry friendliness, among which in-house proficient methods such as the BOILED-Egg, iLOGP and Bioavailability Radar. Easy efficient input and interpretation are ensured thanks to a user-friendly interface through the login-free website http://www.swissadme.ch. Specialists, but also nonexpert in cheminformatics or computational chemistry can predict rapidly key parameters for a collection of molecules to support their drug discovery endeavours.",openalex,llm,1.000,unreviewed,,doi:10.1038/srep42717
discarded,ClinVar: improving access to variant interpretations and supporting evidence,Melissa Landrum; Jennifer M. Lee; Mark Benson; Garth Brown; Chen Chao; Shanmuga Chitipiralla; Baoshan Gu; Jennifer Anne Hart; Douglas C. Hoffman; Wonhee Jang; K. V. Karapetyan; Kenneth Katz; Chunlei Liu; Zenith Maddipatla; Adriana Malheiro; Kurt McDaniel; Michael Ovetsky; George Riley; George Zhou; J. Bradley Holmes; Brandi L. Kattman; Donna R. Maglott,2017,Nucleic Acids Research,10.1093/nar/gkx1153,https://openalex.org/W2770026599,off-topic-false-hit,"ClinVar (https://www.ncbi.nlm.nih.gov/clinvar/) is a freely available, public archive of human genetic variants and interpretations of their significance to disease, maintained at the National Institutes of Health. Interpretations of the clinical significance of variants are submitted by clinical testing laboratories, research laboratories, expert panels and other groups. ClinVar aggregates data by variant-disease pairs, and by variant (or set of variants). Data aggregated by variant are accessible on the website, in an improved set of variant call format files and as a new comprehensive XML report. ClinVar recently started accepting submissions that are focused primarily on providing phenotypic information for individuals who have had genetic testing. Submissions may come from clinical providers providing their own interpretation of the variant ('provider interpretation') or from groups such as patient registries that primarily provide phenotypic information from patients ('phenotyping only'). ClinVar continues to make improvements to its search and retrieval functions. Several new fields are now indexed for more precise searching, and filters allow the user to narrow down a large set of search results.",openalex,llm,0.990,unreviewed,,doi:10.1093/nar/gkx1153
discarded,"Deep eutectic solvents: syntheses, properties and applications",Qinghua Zhang; Karine De Oliveira Vigier; Sébastien Royer; François Jérôme,2012,Chemical Society Reviews,10.1039/c2cs35178a,https://openalex.org/W1967410318,off-topic-false-hit,"Within the framework of green chemistry, solvents occupy a strategic place. To be qualified as a green medium, these solvents have to meet different criteria such as availability, non-toxicity, biodegradability, recyclability, flammability, and low price among others. Up to now, the number of available green solvents are rather limited. Here we wish to discuss a new family of ionic fluids, so-called Deep Eutectic Solvents (DES), that are now rapidly emerging in the current literature. A DES is a fluid generally composed of two or three cheap and safe components that are capable of self-association, often through hydrogen bond interactions, to form a eutectic mixture with a melting point lower than that of each individual component. DESs are generally liquid at temperatures lower than 100 °C. These DESs exhibit similar physico-chemical properties to the traditionally used ionic liquids, while being much cheaper and environmentally friendlier. Owing to these remarkable advantages, DESs are now of growing interest in many fields of research. In this review, we report the major contributions of DESs in catalysis, organic synthesis, dissolution and extraction processes, electrochemistry and material chemistry. All works discussed in this review aim at demonstrating that DESs not only allow the design of eco-efficient processes but also open a straightforward access to new chemicals and materials.",openalex,llm,1.000,unreviewed,,doi:10.1039/c2cs35178a
discarded,A theory of lexical access in speech production [target paper],Willem J. M. Levelt; Ardi Roelofs; Antje S. Meyer,1999,Radboud Repository (Radboud University),10.1017/s0140525x99001776,https://openalex.org/W2974832207,off-topic-false-hit,Contains fulltext : 121229.pdf (Publisher’s version ) (Open Access),openalex,llm,0.990,unreviewed,,doi:10.1017/s0140525x99001776
discarded,Corporate social responsibility and access to finance,Beiting Cheng; Ioannis Ioannou; George Serafeim,2013,Strategic Management Journal,10.1002/smj.2131,https://openalex.org/W1738524706,off-topic-false-hit,"We investigate whether superior performance on corporate social responsibility ( CSR ) strategies leads to better access to finance. We hypothesize that better access to finance can be attributed to (1) reduced agency costs due to enhanced stakeholder engagement and (2) reduced informational asymmetry due to increased transparency. Using a large cross‐section of firms, we find that firms with better CSR performance face significantly lower capital constraints. We provide evidence that both better stakeholder engagement and transparency around CSR performance are important in reducing capital constraints. The results are further confirmed using several alternative measures of capital constraints, a paired analysis based on a ratings shock to CSR performance, an instrumental variables approach, and a simultaneous equations approach. Finally, we show that the relation is driven by both the social and environmental dimension of CSR . Copyright © 2013 John Wiley & Sons, Ltd.",openalex,llm,1.000,unreviewed,,doi:10.1002/smj.2131
discarded,\nThe use of partial least squares path modeling in international marketing,Jörg Henseler; Christian M. Ringle; Rudolf R. Sinkovics,2009,Radboud Repository (Radboud University),10.1108/s1474-7979(2009)0000020014,https://openalex.org/W3122877168,off-topic-false-hit,\n Contains fulltext :\n 82505.pdf (Publisher’s version ) (Closed access)\n,openalex,llm,0.990,unreviewed,,doi:10.1108/s1474-7979(2009)0000020014
discarded,MedRec: Using Blockchain for Medical Data Access and Permission Management,Asaph Azaria; Ariel Ekblaw; Thiago Augusto Vieira; Andrew Lippman,2016,,10.1109/obd.2016.11,https://openalex.org/W2522448907,off-topic-false-hit,"Years of heavy regulation and bureaucratic inefficiency have slowed innovation for electronic medical records (EMRs). We now face a critical need for such innovation, as personalization and data science prompt patients to engage in the details of their healthcare and restore agency over their medical data. In this paper, we propose MedRec: a novel, decentralized record management system to handle EMRs, using blockchain technology. Our system gives patients a comprehensive, immutable log and easy access to their medical information across providers and treatment sites. Leveraging unique blockchain properties, MedRec manages authentication, confidentiality, accountability and data sharing- crucial considerations when handling sensitive information. A modular design integrates with providers' existing, local data storage solutions, facilitating interoperability and making our system convenient and adaptable. We incentivize medical stakeholders (researchers, public health authorities, etc.) to participate in the network as blockchain “miners”. This provides them with access to aggregate, anonymized data as mining rewards, in return for sustaining and securing the network via Proof of Work. MedRec thus enables the emergence of data economics, supplying big data to empower researchers while engaging patients and providers in the choice to release metadata. The purpose of this short paper is to expose, prior to field tests, a working prototype through which we analyze and discuss our approach.",openalex,llm,0.990,unreviewed,,doi:10.1109/obd.2016.11
discarded,CRC Handbook of Chemistry and Physics,William M. Haynes,2016,,10.1201/9781315380476,https://openalex.org/W2964344211,off-topic-false-hit,"Proudly serving the scientific community for over a century, this 97th edition of the CRC Handbook of Chemistry and Physics is an update of a classic reference, mirroring the growth and direction of science. This venerable work continues to be the most accessed and respected scientific reference in the world. An authoritative resource consisting of tables of data and current international recommendations on nomenclature, symbols, and units, its usefulness spans not only the physical sciences but also related areas of biology, geology, and environmental science. The 97th edition of the Handbook includes 20 new or updated tables along with other updates and expansions. It is now also available as an eBook. This reference puts physical property data and mathematical formulas used in labs and classrooms every day within easy reach.",openalex,llm,1.000,unreviewed,,doi:10.1201/9781315380476
