status,title,authors,year,venue,doi,url,tags,abstract,provider,decision_source,llm_confidence,llm_review_outcome,llm_change_direction,paper_id
discarded,VASPKIT: A user-friendly interface facilitating high-throughput computing and analysis using VASP code,Vei Wang; Nan Xu; Jincheng Liu; Gang Tang; W. T. Geng,2021,Computer Physics Communications,10.1016/j.cpc.2021.108033,https://openalex.org/W3038025793,adjacent-subtopic,"We present the VASPKIT, a command-line program that aims at providing a powerful and user-friendly interface to perform high-throughput analysis of a variety of material properties from the raw data produced by the VASP code. It consists of mainly the pre- and post-processing modules. The former module is designed to prepare and manipulate input files such as the necessary input files generation, symmetry analysis, supercell transformation, k-path generation for a given crystal structure. The latter module is designed to extract and analyze the raw data about elastic mechanics, electronic structure, charge density, electrostatic potential, linear optical coefficients, wave function plots in real space, and etc. This program can run conveniently in either interactive user interface or command line mode. The command-line options allow the user to perform high-throughput calculations together with bash scripts. This article gives an overview of the program structure and presents illustrative examples for some of its usages. The program can run on Linux, MacOS, and Windows platforms. The executable versions of VASPKIT and the related examples, together with the tutorials, are available in its official website vaspkit.com.",openalex,llm,0.990,unreviewed,,doi:10.1016/j.cpc.2021.108033
discarded,Phaser crystallographic software,Airlie J. McCoy; Ralf W. Grosse‐Kunstleve; Paul D. Adams; Martyn Winn; Laurent C. Storoni; Randy J. Read,2007,Journal of Applied Crystallography,10.1107/s0021889807021206,https://openalex.org/W2163341755,adjacent-subtopic,"Phaser is a program for phasing macromolecular crystal structures by both molecular replacement and experimental phasing methods. The novel phasing algorithms implemented in Phaser have been developed using maximum likelihood and multivariate statistics. For molecular replacement, the new algorithms have proved to be significantly better than traditional methods in discriminating correct solutions from noise, and for single-wavelength anomalous dispersion experimental phasing, the new algorithms, which account for correlations between F(+) and F(-), give better phases (lower mean phase error with respect to the phases given by the refined structure) than those that use mean F and anomalous differences DeltaF. One of the design concepts of Phaser was that it be capable of a high degree of automation. To this end, Phaser (written in C++) can be called directly from Python, although it can also be called using traditional CCP4 keyword-style input. Phaser is a platform for future development of improved phasing methods and their release, including source code, to the crystallographic community.",openalex,llm,0.990,unreviewed,,doi:10.1107/s0021889807021206
discarded,GOATOOLS: A Python library for Gene Ontology analyses,D. V. Klopfenstein; Liangsheng Zhang; Brent S. Pedersen; Fidel Ramírez; Alex Warwick Vesztrocy; Aurélien Naldi; Chris Mungall; Jeffrey M. Yunes; Olga Borisovna Botvinnik; Mark Weigel; Will Dampier; Christophe Dessimoz; Patrick Flick; Haibao Tang,2018,Scientific Reports,10.1038/s41598-018-28948-z,https://openalex.org/W2845591014,off-topic-false-hit,"The biological interpretation of gene lists with interesting shared properties, such as up- or down-regulation in a particular experiment, is typically accomplished using gene ontology enrichment analysis tools. Given a list of genes, a gene ontology (GO) enrichment analysis may return hundreds of statistically significant GO results in a ""flat"" list, which can be challenging to summarize. It can also be difficult to keep pace with rapidly expanding biological knowledge, which often results in daily changes to any of the over 47,000 gene ontologies that describe biological knowledge. GOATOOLS, a Python-based library, makes it more efficient to stay current with the latest ontologies and annotations, perform gene ontology enrichment analyses to determine over- and under-represented terms, and organize results for greater clarity and easier interpretation using a novel GOATOOLS GO grouping method. We performed functional analyses on both stochastic simulation data and real data from a published RNA-seq study to compare the enrichment results from GOATOOLS to two other popular tools: DAVID and GOstats. GOATOOLS is freely available through GitHub: https://github.com/tanghaibao/goatools .",openalex,llm,0.990,unreviewed,,doi:10.1038/s41598-018-28948-z
discarded,CIGALE: a python Code Investigating GALaxy Emission,Médéric Boquien; D. Burgarella; Y. Roehlly; V. Buat; Laure Ciesla; D. Corre; Akio K. Inoue; Héctor Salas,2018,Astronomy and Astrophysics,10.1051/0004-6361/201834156,https://openalex.org/W2899552690,off-topic-false-hit,"Context . Measuring how the physical properties of galaxies change across cosmic times is essential to understand galaxy formation and evolution. With the advent of numerous ground-based and space-borne instruments launched over the past few decades we now have exquisite multi-wavelength observations of galaxies from the far-ultraviolet (FUV) to the radio domain. To tap into this mine of data and obtain new insight into the formation and evolution of galaxies, it is essential that we are able to extract information from their spectral energy distribution (SED). Aims . We present a completely new implementation of Code Investigating GALaxy Emission ( CIGALE ). Written in python , its main aims are to easily and efficiently model the FUV to radio spectrum of galaxies and estimate their physical properties such as star formation rate, attenuation, dust luminosity, stellar mass, and many other physical quantities. Methods . To compute the spectral models, CIGALE builds composite stellar populations from simple stellar populations combined with highly flexible star formation histories, calculates the emission from gas ionised by massive stars, and attenuates both the stars and the ionised gas with a highly flexible attenuation curve. Based on an energy balance principle, the absorbed energy is then re-emitted by the dust in the mid- and far-infrared domains while thermal and non-thermal components are also included, extending the spectrum far into the radio range. A large grid of models is then fitted to the data and the physical properties are estimated through the analysis of the likelihood distribution. Results . CIGALE is a versatile and easy-to-use tool that makes full use of the architecture of multi-core computers, building grids of millions of models and analysing samples of thousands of galaxies, both at high speed. Beyond fitting the SEDs of galaxies and parameter estimations, it can also be used as a model-generation tool or serve as a library to build new applications.",openalex,llm,0.990,unreviewed,,doi:10.1051/0004-6361/201834156
discarded,MDAnalysis: A Python Package for the Rapid Analysis of Molecular Dynamics Simulations,Richard J. Gowers; Max Linke; Jonathan Barnoud; Tyler J. Reddy; Manuel N. Melo; Sean Lee Seyler; Jan Domański; David Dotson; Sébastien Buchoux; Ian M. Kenney; Oliver Beckstein,2016,Proceedings of the Python in Science Conferences,10.25080/majora-629e541a-00e,https://openalex.org/W2510475640,adjacent-subtopic,"MDAnalysis (http://mdanalysis.org) is a library for structural and temporal analysis of molecular dynamics (MD) simulation trajectories and individual protein structures.MD simulations of biological molecules have become an important tool to elucidate the relationship between molecular structure and physiological function.Simulations are performed with highly optimized software packages on HPC resources but most codes generate output trajectories in their own formats so that the development of new trajectory analysis algorithms is confined to specific user communities and widespread adoption and further development is delayed.MDAnalysis addresses this problem by abstracting access to the raw simulation data and presenting a uniform object-oriented Python interface to the user.It thus enables users to rapidly write code that is portable and immediately usable in virtually all biomolecular simulation communities.The user interface and modular design work equally well in complex scripted work flows, as foundations for other packages, and for interactive and rapid prototyping work in IPython / Jupyter notebooks, especially together with molecular visualization provided by nglview and time series analysis with pandas.MDAnalysis is written in Python and Cython and uses NumPy arrays for easy interoperability with the wider scientific Python ecosystem.It is widely used and forms the foundation for more specialized biomolecular simulation tools.MDAnalysis is available under the GNU General Public License v2.",openalex,llm,0.940,unreviewed,,doi:10.25080/majora-629e541a-00e
discarded,Mordred: a molecular descriptor calculator,Hirotomo Moriwaki; Yu‐Shi Tian; Norihito Kawashita; Tatsuya Takagi,2018,Journal of Cheminformatics,10.1186/s13321-018-0258-y,https://openalex.org/W2791355014,off-topic-false-hit,"Molecular descriptors are widely employed to present molecular characteristics in cheminformatics. Various molecular-descriptor-calculation software programs have been developed. However, users of those programs must contend with several issues, including software bugs, insufficient update frequencies, and software licensing constraints. To address these issues, we propose Mordred, a developed descriptor-calculation software application that can calculate more than 1800 two- and three-dimensional descriptors. It is freely available via GitHub. Mordred can be easily installed and used in the command line interface, as a web application, or as a high-flexibility Python package on all major platforms (Windows, Linux, and macOS). Performance benchmark results show that Mordred is at least twice as fast as the well-known PaDEL-Descriptor and it can calculate descriptors for large molecules, which cannot be accomplished by other software. Owing to its good performance, convenience, number of descriptors, and a lax licensing constraint, Mordred is a promising choice of molecular descriptor calculation software that can be utilized for cheminformatics studies, such as those on quantitative structure-property relationships.",openalex,llm,0.990,unreviewed,,doi:10.1186/s13321-018-0258-y
discarded,galpy: A python LIBRARY FOR GALACTIC DYNAMICS,Jo Bovy,2015,The Astrophysical Journal Supplement Series,10.1088/0067-0049/216/2/29,https://openalex.org/W2121480729,off-topic-false-hit,"I describe the design, implementation, and usage of galpy , a python package for galactic-dynamics calculations. At its core, galpy consists of a general framework for representing galactic potentials both in python and in C (for accelerated computations); galpy functions, objects, and methods can generally take arbitrary combinations of these as arguments. Numerical orbit integration is supported with a variety of Runge–Kutta-type and symplectic integrators. For planar orbits, integration of the phase-space volume is also possible. galpy supports the calculation of action–angle coordinates and orbital frequencies for a given phase-space point for general spherical potentials, using state-of-the-art numerical approximations for axisymmetric potentials, and making use of a recent general approximation for any static potential. A number of different distribution functions (DFs) are also included in the current release; currently, these consist of two-dimensional axisymmetric and non-axisymmetric disk DFs, a three-dimensional disk DF, and a DF framework for tidal streams. I provide several examples to illustrate the use of the code. I present a simple model for the Milky Way's gravitational potential consistent with the latest observations. I also numerically calculate the Oort functions for different tracer populations of stars and compare them to a new analytical approximation. Additionally, I characterize the response of a kinematically warm disk to an elliptical m = 2 perturbation in detail. Overall, galpy consists of about 54,000 lines, including 23,000 lines of code in the module, 11,000 lines of test code, and about 20,000 lines of documentation. The test suite covers 99.6% of the code. galpy is available at http://github.com/jobovy/galpy with extensive documentation available at http://galpy.readthedocs.org/en/latest .",openalex,llm,0.980,unreviewed,,doi:10.1088/0067-0049/216/2/29
discarded,MitoHiFi: a python pipeline for mitochondrial genome assembly from PacBio high fidelity reads,Marcela Uliano‐Silva; João Gabriel R. N. Ferreira; Ksenia Krasheninnikova; Mark Blaxter; Nova Mieszkowska; Neil Hall; Peter W. H. Holland; Richard M. Durbin; Thomas A. Richards; Paul Julian Kersey; Peter M. Hollingsworth; Willie Wilson; Alex D. Twyford; Ester Gaya; Mara Lawniczak; Owen T. Lewis; Gavin R. Broad; Fergal J. Martin; Michelle L. Hart; Ian Barnes; Giulio Formenti; Linelle Ann L. Abueg; James Torrance; Eugene Wimberly Myers; Richard M. Durbin; Mark Blaxter; Shane McCarthy,2023,BMC Bioinformatics,10.1186/s12859-023-05385-y,https://openalex.org/W4384652177,off-topic-false-hit,"BACKGROUND: PacBio high fidelity (HiFi) sequencing reads are both long (15-20 kb) and highly accurate (> Q20). Because of these properties, they have revolutionised genome assembly leading to more accurate and contiguous genomes. In eukaryotes the mitochondrial genome is sequenced alongside the nuclear genome often at very high coverage. A dedicated tool for mitochondrial genome assembly using HiFi reads is still missing. RESULTS: MitoHiFi was developed within the Darwin Tree of Life Project to assemble mitochondrial genomes from the HiFi reads generated for target species. The input for MitoHiFi is either the raw reads or the assembled contigs, and the tool outputs a mitochondrial genome sequence fasta file along with annotation of protein and RNA genes. Variants arising from heteroplasmy are assembled independently, and nuclear insertions of mitochondrial sequences are identified and not used in organellar genome assembly. MitoHiFi has been used to assemble 374 mitochondrial genomes (368 Metazoa and 6 Fungi species) for the Darwin Tree of Life Project, the Vertebrate Genomes Project and the Aquatic Symbiosis Genome Project. Inspection of 60 mitochondrial genomes assembled with MitoHiFi for species that already have reference sequences in public databases showed the widespread presence of previously unreported repeats. CONCLUSIONS: MitoHiFi is able to assemble mitochondrial genomes from a wide phylogenetic range of taxa from Pacbio HiFi data. MitoHiFi is written in python and is freely available on GitHub ( https://github.com/marcelauliano/MitoHiFi ). MitoHiFi is available with its dependencies as a Docker container on GitHub (ghcr.io/marcelauliano/mitohifi:master).",openalex,llm,0.990,unreviewed,,doi:10.1186/s12859-023-05385-y
discarded,P y SCF: the Python‐based simulations of chemistry framework,Qiming Sun; Timothy C. Berkelbach; Nick S. Blunt; George H. Booth; Sheng Guo; Zhendong Li; Junzi Liu; James D. McClain; Elvira R. Sayfutyarova; Sandeep Sharma; Sebastian Wouters; Garnet Kin‐Lic Chan,2017,Wiley Interdisciplinary Reviews Computational Molecular Science,10.1002/wcms.1340,https://openalex.org/W2756519801,off-topic-false-hit,"Python‐based simulations of chemistry framework (P y SCF) is a general‐purpose electronic structure platform designed from the ground up to emphasize code simplicity, so as to facilitate new method development and enable flexible computational workflows. The package provides a wide range of tools to support simulations of finite‐size systems, extended systems with periodic boundary conditions, low‐dimensional periodic systems, and custom Hamiltonians, using mean‐field and post‐mean‐field methods with standard Gaussian basis functions. To ensure ease of extensibility, P y SCF uses the Python language to implement almost all of its features, while computationally critical paths are implemented with heavily optimized C routines. Using this combined Python/C implementation, the package is as efficient as the best existing C or Fortran‐based quantum chemistry programs. In this paper, we document the capabilities and design philosophy of the current version of the P y SCF package. WIREs Comput Mol Sci 2018, 8:e1340. doi: 10.1002/wcms.1340 This article is categorized under: Structure and Mechanism > Computational Materials Science Electronic Structure Theory > Ab Initio Electronic Structure Methods Software > Quantum Chemistry",openalex,llm,0.980,unreviewed,,doi:10.1002/wcms.1340
discarded,NeuroKit2: A Python toolbox for neurophysiological signal processing,Dominique Makowski; Tam N. Pham; Zen Juen Lau; Jan C. Brammer; François Lespinasse; Hung Pham; Christopher Schölzel; Shen‐Hsing Annabel Chen,2021,Behavior Research Methods,10.3758/s13428-020-01516-y,https://openalex.org/W3127637041,adjacent-subtopic,"NeuroKit2 is an open-source, community-driven, and user-centered Python package for neurophysiological signal processing. It provides a comprehensive suite of processing routines for a variety of bodily signals (e.g., ECG, PPG, EDA, EMG, RSP). These processing routines include high-level functions that enable data processing in a few lines of code using validated pipelines, which we illustrate in two examples covering the most typical scenarios, such as an event-related paradigm and an interval-related analysis. The package also includes tools for specific processing steps such as rate extraction and filtering methods, offering a trade-off between high-level convenience and fine-tuned control. Its goal is to improve transparency and reproducibility in neurophysiological research, as well as foster exploration and innovation. Its design philosophy is centred on user-experience and accessibility to both novice and advanced users.",openalex,llm,0.950,unreviewed,,doi:10.3758/s13428-020-01516-y
discarded,ABINIT: First-principles approach to material and nanosystem properties,Xavier Gonze; Bernard Amadon; P.-M. Anglade; J.-M. Beuken; François Bottin; P. Boulanger; Fabien Bruneval; Damien Caliste; Razvan Caracas; Michel Côté; Thierry Deutsch; Luigi Genovese; Philippe Ghosez; Matteo Giantomassi; Stefan Goedecker; Donald R. Hamann; P. Hermet; Francois Jollet; Gérald Jomard; S. Leroux; Mark T. Mancini; S. Mazevet; Micael J. T. Oliveira; Giovanni Onida; Yann Pouillon; Tonatiuh Rangel; Gian‐Marco Rignanese; Davide Sangalli; Riad Shaltaf; Marc Torrent; Matthieu Jean Verstraete; Gilles Zerah; Josef W. Zwanziger,2009,Computer Physics Communications,10.1016/j.cpc.2009.07.007,https://openalex.org/W2104757784,off-topic-false-hit,"ABINIT [http://www.abinit.org] allows one to study, frorn first-principles, systems made of electrons and nuclei (e.g. periodic solids, molecules. nanostructures, etc.), on the basis of Density-Functional Theory (DFT) and Many-Body Perturbation Theory. Beyond the computation of the total energy, charge density and electronic structure of such systems, ABINIT also implements many dynamical, dielectric, thermodynamical, mechanical. or electronic properties, at different levels of approximation. The present paper provides an exhaustive account of the capabilities of ABINIT. It should be helpful to scientists that are not familiarized with ABINIT, as well as to already regular users. First, we give a broad overview of ABINIT, including the list of the capabilities and how to access them. Then, we present in more details the recent, advanced, developments of ABINIT, with adequate references to the underlying theory, as well as the relevant input variables, tests and, if available, ABINIT tutorials.

Program summary

Program title: ABINIT

Catalogue identifier: AEEU-v1-0

Distribution fop-mat: tar.gz

Joumal reference: Comput. Phys. Comm.

Programming language: Fortran95, PERL scripts, Python scripts

Computer: All systems with a Fortran95 compiler

Operating system: All systems with a Fortran95 compiler

Has the code been vectorized or parallelized?: Sequential, or parallel with proven speed-up up to one thousand processors.

RAM: Ranges from a few Mbytes to several hundred Gbytes, depending on the input file.

Classification: 7.3. 7.8

External routines: (all optional) BigDFT [1], ETSF 10 [2], libxc [3]. NetCDF [4], MPI [5], Wannier90 [6]

Nature of problem: This package has the purpose of computing accurately material and nanostructure properties: electronic structure, bond lengths, bond angles, primitive cell size, cohesive energy, dielectric properties, vibrational properties, elastic properties, optical properties, magnetic properties, non-linear couplings, electronic and vibrational lifetimes, etc.

Solution method: Software application based on Density-Functional Theory and Many-Body Perturbation Theory, pseudopotentials, with planewaves, Projector-Augmented Waves (PAW) or wavelets as basis functions.

Running time: From less than one second for the simplest tests, to several weeks. The vast majority of the >600 provided tests run in less than 30 seconds.

References:

[1] http://inac.cea.fr/LSim/BigDFr.

[2] http://etsLeu/index.php?page=standardization.

[3] http://www.tddft.org/programs/octopus/wiki/index.php/Libxc.

[4] http://www.uniciata.ucar.edti/software/iietcdL

[5] http://en.wikipedia.org/wiki/MessagePassinginterface.

[6] http://www.wannier.org. (C) 2009 Elsevier B.V. All rights reserved.",openalex,llm,1.000,unreviewed,,doi:10.1016/j.cpc.2009.07.007
