status,title,authors,year,venue,doi,url,tags,abstract,provider,decision_source,llm_confidence,llm_review_outcome,llm_change_direction,paper_id
discarded,On the C-property and Generalized C-property of Residual Distribution for the Shallow Water Equations,Mario Ricchiuto,2010,Journal of Scientific Computing,10.1007/s10915-010-9369-y,https://openalex.org/W1996923088,off-topic-false-hit,In this paper we consider the discretization of the Shallow Water equations by means of Residual Distribution (RD) schemes. We review the conditions allowing the exact preservation of some exact steady solutions. These conditions are shown to be related both to the type of spatial approximation and to the quadrature used to evaluate the cell residual. Numerical examples are shown to validate the theory.,openalex,llm,1.000,unreviewed,,doi:10.1007/s10915-010-9369-y
discarded,A Visualization of OCL Using Collaborations,Paolo Bottoni; Manuel Koch; Francesco Parisi-Presicce; Gabriele Taentzer,2001,Lecture notes in computer science,10.1007/3-540-45441-1_20,https://openalex.org/W2103247738,adjacent-subtopic,,openalex,llm,0.940,unreviewed,,doi:10.1007/3-540-45441-1_20
discarded,Computing property variability of polycrystals induced by grain size and orientation uncertainties,Sethuraman Sankaran; Nicholas J. Zabaras,2007,Acta Materialia,10.1016/j.actamat.2006.11.025,https://openalex.org/W2064372755,off-topic-false-hit,"Multiscale computational methods that link microscale models to macro-properties have practical significance. It is difficult to obtain probability distribution functions (PDFs) that provide a complete representation of microstructural variability in three-dimensional polycrystalline materials using limited information since this inverse problem is highly ill-posed. We use the maximum entropy (MaxEnt) principle to compute a PDF of microstructures based on given information about a microstructural system. Microstructural features are incorporated into the maximum entropy framework using data obtained from experiments or simulations. Microstructures are sampled from the computed MaxEnt PDF using concepts from computational geometry and Voronoi cell tessellations. These microstructures are then interrogated in virtual deformation tests, and by using homogenization techniques the variability of non-linear macro-properties is computed. (c) 2006 Acta Materialia Inc. Published by Elsevier Ltd. All rights reserved.",openalex,llm,1.000,unreviewed,,doi:10.1016/j.actamat.2006.11.025
discarded,Measuring time-frequency information content using the Renyi entropies,Richard G. Baraniuk; Patrick Flandrin; Augustus J. E. M. Janssen; Olivier Michel,2001,IEEE Transactions on Information Theory,10.1109/18.923723,https://openalex.org/W2100620757,off-topic-false-hit,"The generalized entropies of Renyi inspire new measures for estimating signal information and complexity in the time-frequency plane. When applied to a time-frequency representation (TFR) from Cohen's class or the affine class, the Renyi entropies conform closely to the notion of complexity that we use when visually inspecting time-frequency images. These measures possess several additional interesting and useful properties, such as accounting and cross-component and transformation invariances, that make them natural for time-frequency analysis. This paper comprises a detailed study of the properties and several potential applications of the Renyi entropies, with emphasis on the mathematical foundations for quadratic TFRs. In particular, for the Wigner distribution, we establish that there exist signals for which the measures are not well defined.",openalex,llm,1.000,unreviewed,,doi:10.1109/18.923723
discarded,"Constructing, conducting and interpreting animal social network analysis",Damien Roger Farine; Hal Whitehead,2015,Journal of Animal Ecology,10.1111/1365-2656.12418,https://openalex.org/W1828958803,off-topic-false-hit,"1. Animal social networks are descriptions of social structure which, aside from their intrinsic interest for understanding sociality, can have significant bearing across many fields of biology. 2. Network analysis provides a flexible toolbox for testing a broad range of hypotheses, and for describing the social system of species or populations in a quantitative and comparable manner. However, it requires careful consideration of underlying assumptions, in particular differentiating real from observed networks and controlling for inherent biases that are common in social data. 3. We provide a practical guide for using this framework to analyse animal social systems and test hypotheses. First, we discuss key considerations when defining nodes and edges, and when designing methods for collecting data. We discuss different approaches for inferring social networks from these data and displaying them. We then provide an overview of methods for quantifying properties of nodes and networks, as well as for testing hypotheses concerning network structure and network processes. Finally, we provide information about assessing the power and accuracy of an observed network. 4. Alongside this manuscript, we provide appendices containing background information on common programming routines and worked examples of how to perform network analysis using the r programming language. 5. We conclude by discussing some of the major current challenges in social network analysis and interesting future directions. In particular, we highlight the under-exploited potential of experimental manipulations on social networks to address research questions.",openalex,llm,1.000,unreviewed,,doi:10.1111/1365-2656.12418
discarded,An overview of SystemC/sup FL/,K.L. Man,2005,"Research in Microelectronics and Electronics, 2005 PhD",10.1109/RME.2005.1543024,https://ieeexplore.ieee.org/document/1543024/,adjacent-subtopic,"This paper describes our on-going research. Recently, we developed an algebraic theory based on classical process algebra ACP, called SystemC/sup FL/, for the specification and analysis of SystemC designs. The semantics of SystemC/sup FL/ is defined by means of deduction rules in a standard structured operational semantics style that associate a labelled transition system with a SystemC/sup FL/ process. In this paper, we first provide an overview of the current status of SystemC/sup FL/ and show some practical applications of SystemC/sup FL/, as well as some key features and results of SystemC/sup FL/. Then, we give an outline for the latest developments of SystemC/sup FL/ and point out the direction for future work.",ieee,llm,0.970,unreviewed,,doi:10.1109/rme.2005.1543024
discarded,Measurement of In-Field E-J Characteristics in Multi-Filamentary Bi-2223 Tapes at Ultra-Low Electric-Field Down to Around 10−13 V/m,Zeyu Wu; Takanobu Kiss; Shan Tian; Sohki Kishikawa; Kohei Higashikawa; Yoshinori Yanagisawa; Jun-Ichi Shimoyama,2022,IEEE Transactions on Applied Superconductivity,10.1109/TASC.2022.3160972,https://ieeexplore.ieee.org/document/9739993/,off-topic-false-hit,"We have developed a method to investigate in-field electric-field v.s. current-density (E-J) characteristics at ultra-low electric field criterion around 10−13 V/m in a multi-filamentary Bi-2223 tape at 5 K based on scanning Hall probe microscopy (SHPM). Bi-2223 is widely used in high field applications, e.g., a 30.5 T NMR magnet system is currently being developed in Japan. Ultra-low electric field is induced in such magnets operating in persistent current mode with extremely steady field. Namely, E-J characteristics need to be clarified around that criterion. E-J characteristics can be estimated from decay of magnetization in the whole sample, assuming the uniformity of J. But for multi-filamentary Bi-2223 tape, magnetization current path should be clarified. In this study, we measured local magnetic field profile as a function of time for Bi-2223 tapes using SHPM. Additionally, we carried out “flux annealing” measurements to realize ultra-low electric field induced in the tape. As a result, two main messages we obtained. Experimental field profile or sheet current density obtained from the inverted Biot-Savart law indicated that filaments remain coupled up to high field, and even at ultra-low E criterion. Moreover, local E-J characteristics around 10−13 V/m are obtained at 5 K and 4.5 T of perpendicular magnetic field, which is comparable perpendicular field component in a Bi-2223 insert coil in the high field NMR magnet system. Ic properties at 10−12 V/m decrease to nearly 50%, in comparison to the transport Ic properties at 10−4 V/m.",ieee,llm,1.000,unreviewed,,doi:10.1109/tasc.2022.3160972
discarded,Development and Electrical Properties of (Ca0.7Sr0.3) (Zr0.8Ti0.2)O3 Thin Film Applied to Embedded Decoupling Capacitors,Seung-Hwan Lee; Hong-Ki Kim; Min-Gyu Kang; Chong-Yun Kang; Sung-Gap Lee; Young-Hie Lee; Jung-Rag Yoon,2014,IEEE Electron Device Letters,10.1109/LED.2014.2320295,https://ieeexplore.ieee.org/document/6814281/,off-topic-false-hit,"A formed device embedded-type 0402 sized (Ca0.7Sr0.3)(Zr0.8Ti0.2)O3 (CSZT) embedded capacitor was fabricated for use in embedded printed circuit board. The capacitance and dielectric loss of the CSZT embedded capacitor were 406.1 pF and 0.015, respectively, at 1 MHz. The CSZT embedded capacitor exhibits stable capacitance with varying applied voltage and C Zero G (−55 °C–125 °C, delta C/C  \(= \pm 30\)  ppm/°C) properties. The measured values of equivalent series resistance and equivalent series inductance were 6.1  \(\Omega \)  and 62.39  \(\mu \vphantom {\sum _{R_r}}\) H, respectively. The leakage current density was 0.78  \(\mu \) A/cm \(^{2}\)  at 3 V of applied voltage. These electrical properties indicate that the CSZT embedded capacitor holds promise for use as an embedded passive capacitor.",ieee,llm,1.000,unreviewed,,doi:10.1109/led.2014.2320295
discarded,A Possible Approach to Improve Angular Dependent Critical Current Characteristics of REBCO Coated Conductors by Face-to-Face Double Stacked Architecture,Miyuki Nakamura; Takanobu Kiss; Zeyu Wu; Ivan Veshchunov; Kamil Etxagibel; Vladimir Vyatkin; Marat Gaifullin; Valery Petrykin; Sergey Lee,2026,IEEE Transactions on Applied Superconductivity,10.1109/TASC.2026.3653723,https://ieeexplore.ieee.org/document/11359498/,off-topic-false-hit,"REBa2Cu3O7-δ (REBCO, RE: rare earth element) coated conductors (CCs) have superior in-field performance compared to low-temperature superconductors and Bi-based superconductors, however, due to its crystal structure, REBCO CCs exhibit significant anisotropy, i.e., critical current density (Jc) is generally high for B // a-b and low for B // c-axis. Isotropic angular dependence would be ideal for such applications as magnets and coils, because anisotropic angular dependence will hinder current carrying capability in the winding and also make it more difficult for quench protection. To realize an isotropic angular dependence, artificial pinning centers (APCs), such as BaMO3 (M: Metal), have been introduced to enhance Jc for B // c-axis. However, it is still challenging to enhance pinning over all angles. In this study, we investigated a possible way to improve the angular dependence of REBCO CCs by applying face-to-face double-stacked (FFDS) configuration. Our previous study showed that FFDS interface resistivity is around 50 nΩcm2 at 77 K, enabling sufficient current sharing with small enough dissipation in cases of local Jc degradation in one side of the REBCO CC. In addition, Based on this finding, we examined whether to compensate for the angular dependence of the REBCO CCs. We made a FFDS CC by combining two REBCO CCs with different angular dependences, i.e., YBa2Cu3O7-δ (YBCO) CC with low Jc for B // c-axis and EuBa2Cu3O7-δ (EuBCO) with BaHfO3 (BHO) doping CC which has high Jc for B // c-axis. Current–voltage (I-V) measurements at various angles confirmed that FFDS CCs facilitate current sharing under applied fields. As a result, we analyze the I-V characteristics by applying an equivalent circuit model and confirmed the more isotropic angle dependence of Ic properties as designed. In conclusion, the FFDS configuration provides a practical means to current-carrying performance compared to the original CC strands and presents a practical method for tailoring REBCO CCs angular dependence with flexibility.",ieee,llm,1.000,unreviewed,,doi:10.1109/tasc.2026.3653723
discarded,Fock-space relativistic coupled-cluster calculations of clock transition properties and systematic shifts in <mml:msup>Ca+</mml:msup> and <mml:msup>Sr+</mml:msup> optical clocks,"Gakkhar, Palki; Angom, D.; Mani, B. K.",2026,JOURNAL OF PHYSICS B-ATOMIC MOLECULAR AND OPTICAL PHYSICS,10.1088/1361-6455/aea3d0,https://www.webofscience.com/wos/woscc/full-record/WOS:001883067400001,off-topic-false-hit,"We present a high-precision theoretical study of clock-transition related properties of single-ion optical frequency standards based on Ca+ and Sr+ ions. Using a relativistic coupled-cluster framework, we calculate the lifetimes of the metastable clock states, static and dynamic polarizabilities, electric quadrupole moments, and hyperfine structure constants. The accuracy of our calculated wavefunctions is benchmarked through excellent agreement with available experimental data. To achieve the precision required for optical clock applications, we systematically incorporate higher order electron correlation effects via perturbative triple excitations, as well as relativistic corrections from Breit interaction and quantum electrodynamic effects. Using the computed properties, we extract nuclear quadrupole moments, identify magic wavelengths for optical trapping, and evaluate the key systematic frequency shifts, including blackbody radiation, AC Stark, micromotion, and electric quadrupole shifts in Ca+ and Sr+ ions. For Ca+, our predicted magic wavelength near 395.8 nm is in excellent agreement with experiment, thereby strengthening the reliability of our additional predictions, including a far detuned wavelength near 1011 nm. For Sr+, where no experimental magic wavelength has yet been reported, our predictions provide essential guidance for future precision measurements. The results presented in this work offer a self-consistent and systematically improved set of atomic properties that are crucial for reducing uncertainties and optimizing next generation single ion optical clocks.",wos,llm,1.000,unreviewed,,doi:10.1088/1361-6455/aea3d0
discarded,"Fock-space relativistic coupled-cluster two-valence calculations of clock transition properties, dipole polarizability, and isotope shifts in fermionic and bosonic Sr","Gakkhar, Palki; Angom, D.; Mani, B. K.",2026,PHYSICAL REVIEW A,10.1103/k2mx-wczj,https://www.webofscience.com/wos/woscc/full-record/WOS:001729089300006,off-topic-false-hit,"We employ an all-particle multireference Fock-space relativistic coupled-cluster (FSRCC) theory to study the 5s2 1S0 - 5s5p 3P0o clock transition in both fermionic and bosonic isotopes of Sr. We compute the excitation energies for several low-lying states, E1 and M1 transition amplitudes, hyperfine reduced matrix elements, and isotope shifts using FSRCC theory. Further, using our results on E1, M1, and hyperfine structure (HFS) reduced matrix elements, we calculate the lifetime of the metastable clock states for 87Sr and 88Sr. Furthermore, we employ perturbed relativistic coupled-cluster (PRCC) theory to compute the ground state electric dipole polarizability of Sr. To improve the accuracy of our results, we incorporate the corrections from the relativistic and quantum electrodynamical (QED) effects, and perturbative triples to all our calculations. Moreover, we employ large bases to ensure the convergence of the computed properties. Our computed excitation energies are in good agreement with the experimental data for low-lying excited states. Our results for E1, M1, and HFS reduced matrix elements are within the experimental error bars, however, with slight difference from the previous calculations due to more accurate treatment of electron correlations in FSRCC theory. Our computed lifetime of the clock state for 87Sr is within the error bars of the available experimental results, whereas for 88Sr it is an order of magnitude smaller than the only available calculation [R. Santra et al., Phys. Rev. A 69, 042510 (2004)] using model potential. Our PRCC result for the ground state polarizability is in good agreement with the experiment, and smaller than previous calculations. Our results on isotope shift factors are consistent with available experimental results for intercombination transitions. From detailed analysis of the results, we find that the corrections from the Breit interaction, QED effects, and perturbative triples are crucial to get accurate clock transition properties in Sr. Moreover, valence-valence electron correlation is important to get accurate energies and properties of Sr.",wos,llm,1.000,unreviewed,,doi:10.1103/k2mx-wczj
discarded,"ELECTRONIC, MAGNETIC, AND ELASTIC PROPERTIES OF FeNi3 AND FeNi2Pt","Baira, F.; Achour, Y.; Benkrima, Y.; Zidani, S.; Baira, K.; Ouache, R.; Megdoud, Y.; Chinar, T. A.; Tamerabet, M.",2025,ARCHIVES OF METALLURGY AND MATERIALS,10.24425/amm.2025.156280,https://www.webofscience.com/wos/woscc/full-record/WOS:001692834400048,off-topic-false-hit,"The ab initio pseudopotential method relies on Density Functional Theory (DFT), utilizing the generalized gradient approximation (GGA) as outlined by Perdew-Burke-Ernzerhof (PBE). Implemented through the Siesta program, this method examines the structural and optical properties of the nickel-iron alloy (Fe-Ni) that crystallizes in the FeNi3 structure. This approach is highly regarded for its accuracy in predicting the crystal structure and properties of FeNi3. The computed structural parameters align closely with both theoretical and experimental data, confirming the reliability of these predictions. The lattice constants, calculated at zero pressure, match previously reported theoretical and experimental results. Furthermore, the computed properties, including the Band Structure, Total Density of States (DOS), and Partial Density of States (PDOS), and elastic constants values for the alloy, suggesting its suitability for specific applications in targeted fields.",wos,llm,1.000,unreviewed,,doi:10.24425/amm.2025.156280
discarded,Minimum Tracking Linear Response Hubbard and Hund Corrected Density Functional Theory in CP2K,"Chai, Ziwei; Si, Rutong; Chen, Mingyang; Teobaldi, Gilberto; O'Regan, David D.; Liu, Li-Min",2024,JOURNAL OF CHEMICAL THEORY AND COMPUTATION,10.1021/acs.jctc.4c00964,https://www.webofscience.com/wos/woscc/full-record/WOS:001335481700001,off-topic-false-hit,"We present the implementation of the Hubbard (U) and Hund (J) corrected Density Functional Theory (DFT + U + J) functionality in the Quickstep program, which is part of the CP2K suite. The tensorial and Lowdin subspace representations are implemented and compared. Full analytical DFT + U + J forces are implemented and benchmarked for the tensorial and Lowdin representations. We also present the implementation of the recently proposed minimum-tracking linear-response method that enables the U and J parameters to be calculated on first-principles basis without reference to the Kohn-Sham eigensystem. These implementations are benchmarked against recent results for different materials properties including DFT + U band gap opening in NiO, the relative stability of various polaron distributions in TiO2, the dependence of the calculated TiO2 band gap on +J corrections, and, finally, the role of the +U and +J corrections for the computed properties of a series of the hexahydrated transition metals. Our implementation provides results consistent with those already reported in the literature from comparable methods. We conclude the contribution with tests on the influence of the Lowdin orthonormalization on the occupancies, calculated parameters, and derived properties.",wos,llm,0.990,unreviewed,,doi:10.1021/acs.jctc.4c00964
