status,title,authors,year,venue,doi,url,tags,abstract,provider,decision_source,llm_confidence,llm_review_outcome,llm_change_direction,paper_id
discarded,Graphene-based composite materials,Sasha Stankovich; Dmitriy A. Dikin; Geoffrey Dommett; Kevin M. Kohlhaas; Eric J. Zimney; Eric A. Stach; Richard D. Piner; SonBinh T. Nguyen; Rodney S. Ruoff,2006,Nature,10.1038/nature04969,https://openalex.org/W2101977779,off-topic-false-hit,"Graphene sheets - one- atom-thick two-dimensional layers of sp(2)-bonded carbon - are predicted to have a range of unusual properties. Their thermal conductivity and mechanical stiffness may rival the remarkable in-plane values for graphite (similar to 3,000 W m(-1) K-1 and 1,060 GPa, respectively); their fracture strength should be comparable to that of carbon nanotubes for similar types of defects(1-3); and recent studies have shown that individual graphene sheets have extraordinary electronic transport properties(4-8). One possible route to harnessing these properties for applications would be to incorporate graphene sheets in a composite material. The manufacturing of such composites requires not only that graphene sheets be produced on a sufficient scale but that they also be incorporated, and homogeneously distributed, into various matrices. Graphite, inexpensive and available in large quantity, unfortunately does not readily exfoliate to yield individual graphene sheets. Here we present a general approach for the preparation of graphene-polymer composites via complete exfoliation of graphite(9) and molecular-level dispersion of individual, chemically modified graphene sheets within polymer hosts. A polystyrene - graphene composite formed by this route exhibits a percolation threshold(10) of similar to 0.1 volume per cent for room-temperature electrical conductivity, the lowest reported value for any carbon-based composite except for those involving carbon nanotubes(11); at only 1 volume per cent, this composite has a conductivity of similar to 0.1 S m(-1), sufficient for many electrical applications(12). Our bottom-up chemical approach of tuning the graphene sheet properties provides a path to a broad new class of graphene-based materials and their use in a variety of applications.",openalex,llm,1.000,unreviewed,,doi:10.1038/nature04969
discarded,Naming and Necessity,Saul A. Kripke,1972,,10.1007/978-94-010-2557-7_9,https://openalex.org/W1516748551,off-topic-false-hit,,openalex,llm,0.990,unreviewed,,doi:10.1007/978-94-010-2557-7_9
discarded,AmiGO: online access to ontology and annotation data,Seth J Carbon; Amelia Ireland; Chris Mungall; Shengqiang Shu; Brad Marshall; Suzanna Lewis; the AmiGO Hub; the Web Presence Working Group,2008,Bioinformatics,10.1093/bioinformatics/btn615,https://openalex.org/W2141545183,off-topic-false-hit,"Abstract AmiGO is a web application that allows users to query, browse and visualize ontologies and related gene product annotation (association) data. AmiGO can be used online at the Gene Ontology (GO) website to access the data provided by the GO Consortium1; it can also be downloaded and installed to browse local ontologies and annotations.2 AmiGO is free open source software developed and maintained by the GO Consortium. Availability: http://amigo.geneontology.org Download: http://sourceforge.net/projects/geneontology/ Contact: sjcarbon@berkeleybop.org",openalex,llm,0.980,unreviewed,,doi:10.1093/bioinformatics/btn615
discarded,Analytic Hierarchy Process,Thomas L. Saaty,2013,,10.1007/978-1-4419-1153-7_31,https://openalex.org/W4245699803,off-topic-false-hit,,openalex,llm,0.990,unreviewed,,doi:10.1007/978-1-4419-1153-7_31
discarded,A framework for the study of access to medical care.,Lu Ann Aday; Ronald Andersen,1974,PubMed,,https://openalex.org/W1565893470,off-topic-false-hit,"Definitions and aspects of the concept of access to medical care are reviewed and integrated into a framework that views health policy as designed to affect characteristics of the health care delivery system and of the population at risk in order to bring about changes in the utilization of health care services and in the satisfaction of consumers with those services. Indicators are suggested for the measurement of the various relevant aspects of access, with the system and population descriptors seen as process indicators and utilization and satisfaction as outcome indicators in a theoretical model of the access concept.",openalex,llm,1.000,unreviewed,,hash:6807ca850246a494
discarded,The optics of language-integrated query,J. López-González,2020,Science of Computer Programming,10.1016/j.scico.2020.102395,https://www.scopus.com/inward/record.uri?partnerID=HzOxMe3b&scp=85078128644&origin=inward,adjacent-subtopic,"Abstract Monadic comprehensions reign over the realm of language-integrated query (LINQ), and for good reasons. Indeed, comprehensions are tightly integrated with general purpose programming languages and close enough to common query languages, such as SQL, to guarantee their translation into effective queries. Comprehensions also support features for writing reusable and composable queries, such as the handling of nested data and the use of functional abstractions. In parallel to these developments, optics have emerged in recent years as the technology of choice to write programs that manipulate complex data structures with nested components. Optic abstractions are easily composable and, in principle, permit both data access and updates. This paper attempts to exploit the notion of optic for LINQ as a higher-level language that complements comprehension-based approaches. In order to do this, we lift a restricted subset of optics, namely getters, affine folds and folds, into a full-blown DSL. The type system of the resulting language of optics, that we have named Optica, distills their compositional properties, whereas its denotational semantics is given by standard optics. This formal specification of the concept of optic enables the definition of non-standard optic representations beyond van Laarhoven, profunctor optics, etc. In particular, the paper demonstrates that a restricted subset of XQuery can be understood as an optic representation; it introduces Triplets, a non-standard semantic domain to normalize optic expressions and facilitate the generation of SQL queries; and it describes how to generate comprehension-based queries from optic expressions, thus showing that both approaches can coexist. Despite the limited expressiveness of optics in relation to comprehensions, results are encouraging enough to anticipate the convenience and feasibility of extending existing comprehension-based libraries for LINQ in the functional ecosystem, with optic capabilities. In order to show this potential, the paper also describes S-Optica, a Scala implementation of Optica using the tagless-final approach.",scopus,llm,0.930,unreviewed,,doi:10.1016/j.scico.2020.102395
discarded,Petri net-based context modeling for context-aware systems,S. Han,2012,Artificial Intelligence Review,10.1007/s10462-011-9218-x,https://www.scopus.com/inward/record.uri?partnerID=HzOxMe3b&scp=84855355034&origin=inward,adjacent-subtopic,"The context-aware services require to efficiently perceive not only the user requirements but also the context of the environment to provide customized services to the user. To efficiently develop the context-aware applications a systematic methodology correctly specifying the relation among dynamically changing contexts is essential. Here the context model simplifying the manipulation of complex contexts is a key accessor for the specification and analysis of the service. Among various modeling approaches such as timed automata (Tang and You in Intell Automat Soft Comput 16(4):605-619, 2010), workflow (Rosemann et al. in Understanding context-awareness in business process design, 2010), Petri net (PN) (Jorgensen et al. in Innovat Syst Softw Eng 5(1):13-25, 2009), etc. developed for context-aware system, the PN-based approach has been recognized as one of the most effective one. In this paper we identify the issues of how the contexts are modeled and what kinds of the requirements needs to be considered in the context processing. We then discuss various Petri net (PN)-based modeling methodologies concerning the five important features for context processing: relationships and dependencies, time constraint, resource constraint, usability of modeling formalisms, and context identification. The study reveals that the approach effectively allowing both the time and resource constraints in the model while supporting other important properties needs to be developed further for accurately assess the context-aware systems. Also, the expandability and scalability issue need to be investigated.",scopus,llm,0.980,unreviewed,,doi:10.1007/s10462-011-9218-x
discarded,Stabilization of a tungsten 〈310〉 cold field emitter,K. Kasuya,2010,Journal of Vacuum Science and Technology B Nanotechnology and Microelectronics,10.1116/1.3488988,https://www.scopus.com/inward/record.uri?partnerID=HzOxMe3b&scp=77957745183&origin=inward,off-topic-false-hit,"Cold-field-emission current from a tungsten ⟨310⟩ emitter in a scanning electron microscope (SEM) gun, evacuated by an ion pump and a supplementary nonevaporative getter pump, was stabilized. It was verified that the probe current from a local (310) crystal plane exhibits different time variations in comparison to that of total current. As for the probe current under a pressure of 2×10−9 Pa, a stable plateau region—which lasted about 4 h—appeared just after flashing of the emitter. By observing emission patterns, it was verified that these different emission characteristics are originated from the anisotropy of current decay in accordance with crystal planes. With low-temperature “mild flashings” at 700 °C, the plateau region was extended to 12 h, which is long enough for practical SEM application. The superior properties of the plateau region, namely, high current, low noise, and small current variation, will enhance the performance and usability of electron microscopes.",scopus,llm,1.000,unreviewed,,doi:10.1116/1.3488988
discarded,Towards selective addressing of aircraft with voice radio watermarks,H. Hering,2007,Collection of Technical Papers 7th AIAA Aviation Technology Integration and Operations Conference,,https://www.scopus.com/inward/record.uri?partnerID=HzOxMe3b&scp=37249012923&origin=inward,off-topic-false-hit,,scopus,llm,0.990,unreviewed,,hash:4803e8fdb9f16304
discarded,Freebase,Kurt Bollacker; Colin Evans; Praveen K. Paritosh; Tim Sturge; Jamie Taylor,2008,,10.1145/1376616.1376746,https://openalex.org/W2094728533,adjacent-subtopic,"Freebase is a practical, scalable tuple database used to structure general human knowledge. The data in Freebase is collaboratively created, structured, and maintained. Freebase currently contains more than 125,000,000 tuples, more than 4000 types, and more than 7000 properties. Public read/write access to Freebase is allowed through an HTTP-based graph-query API using the Metaweb Query Language (MQL) as a data query and manipulation language. MQL provides an easy-to-use object-oriented interface to the tuple data in Freebase and is designed to facilitate the creation of collaborative, Web-based data-oriented applications.",openalex,llm,0.960,unreviewed,,doi:10.1145/1376616.1376746
discarded,API design for machine learning software: experiences from the scikit-learn project,"Lars Buitinck; Gilles Louppe; Mathieu Blondel; Fabián Pedregosa; Mueller, Andreas; Olivier Grisel; Vlad Niculae; Peter Prettenhofer; Alexandre Gramfort; Jaques Grobler; Layton, Robert; Jake Vanderplas; Arnaud Joly; Holt, Brian; Gaël Varoquaux",2013,arXiv (Cornell University),10.48550/arxiv.1309.0238,https://openalex.org/W4294089543,adjacent-subtopic,"Scikit-learn is an increasingly popular machine learning li- brary. Written in Python, it is designed to be simple and efficient, accessible to non-experts, and reusable in various contexts. In this paper, we present and discuss our design choices for the application programming interface (API) of the project. In particular, we describe the simple and elegant interface shared by all learning and processing units in the library and then discuss its advantages in terms of composition and reusability. The paper also comments on implementation details specific to the Python ecosystem and analyzes obstacles faced by users and developers of the library.",openalex,llm,0.860,unreviewed,,doi:10.48550/arxiv.1309.0238
discarded,"The NHGRI-EBI GWAS Catalog of published genome-wide association studies, targeted arrays and summary statistics 2019",Annalisa Buniello; Jacqueline A. L. MacArthur; María Cerezo; Laura Wiseman Harris; James D. Hayhurst; Claudio Malangone; Aoife McMahon; Joannella Morales; Edward Mountjoy; Elliot Sollis; Dániel Süveges; Olga Vrousgou; Patricia L. Whetzel; Ridwan Amode; José Ángel Guillén; Harpreet Singh Riat; Stephen J. Trevanion; Peggy Hall; Heather Junkins; Paul Flicek; Tony Burdett; Lucia A. Hindorff; Fiona M Cunningham; Helen E. Parkinson,2018,Nucleic Acids Research,10.1093/nar/gky1120,https://openalex.org/W2901303766,off-topic-false-hit,"The GWAS Catalog delivers a high-quality curated collection of all published genome-wide association studies enabling investigations to identify causal variants, understand disease mechanisms, and establish targets for novel therapies. The scope of the Catalog has also expanded to targeted and exome arrays with 1000 new associations added for these technologies. As of September 2018, the Catalog contains 5687 GWAS comprising 71673 variant-trait associations from 3567 publications. New content includes 284 full P-value summary statistics datasets for genome-wide and new targeted array studies, representing 6 × 109 individual variant-trait statistics. In the last 12 months, the Catalog's user interface was accessed by ∼90000 unique users who viewed >1 million pages. We have improved data access with the release of a new RESTful API to support high-throughput programmatic access, an improved web interface and a new summary statistics database. Summary statistics provision is supported by a new format proposed as a community standard for summary statistics data representation. This format was derived from our experience in standardizing heterogeneous submissions, mapping formats and in harmonizing content. Availability: https://www.ebi.ac.uk/gwas/.",openalex,llm,0.980,unreviewed,,doi:10.1093/nar/gky1120
discarded,tidyverse: Easily Install and Load the 'Tidyverse',Hadley Wickham,2016,,10.32614/cran.package.tidyverse,https://openalex.org/W4399576166,adjacent-subtopic,The 'tidyverse' is a set of packages that work in harmony because they share common data representations and 'API' design. This package is designed to make it easy to install and load multiple 'tidyverse' packages in a single step. Learn more about the 'tidyverse' at <https://www.tidyverse.org>.,openalex,llm,0.960,unreviewed,,doi:10.32614/cran.package.tidyverse
discarded,API design matters,Michi Henning,2009,Communications of the ACM,10.1145/1506409.1506424,https://openalex.org/W2100809735,adjacent-subtopic,Bad application programming interfaces plague software engineering. How do we get things right?,openalex,llm,0.840,unreviewed,,doi:10.1145/1506409.1506424
discarded,Conducting behavioral research on Amazon’s Mechanical Turk,Winter Mason; Siddharth Suri,2011,Behavior Research Methods,10.3758/s13428-011-0124-6,https://openalex.org/W1984022436,off-topic-false-hit,"Amazon's Mechanical Turk is an online labor market where requesters post jobs and workers choose which jobs to do for pay. The central purpose of this article is to demonstrate how to use this Web site for conducting behavioral research and to lower the barrier to entry for researchers who could benefit from this platform. We describe general techniques that apply to a variety of types of research and experiments across disciplines. We begin by discussing some of the advantages of doing experiments on Mechanical Turk, such as easy access to a large, stable, and diverse subject pool, the low cost of doing experiments, and faster iteration between developing theory and executing experiments. While other methods of conducting behavioral research may be comparable to or even better than Mechanical Turk on one or more of the axes outlined above, we will show that when taken as a whole Mechanical Turk can be a useful tool for many researchers. We will discuss how the behavior of workers compares with that of experts and laboratory subjects. Then we will illustrate the mechanics of putting a task on Mechanical Turk, including recruiting subjects, executing the task, and reviewing the work that was submitted. We also provide solutions to common problems that a researcher might face when executing their research on this platform, including techniques for conducting synchronous experiments, methods for ensuring high-quality work, how to keep data private, and how to maintain code security.",openalex,llm,0.990,unreviewed,,doi:10.3758/s13428-011-0124-6
discarded,Inside Java™ Platform Security: Architecture API Design and Implementation,,2000,Kybernetes,10.1108/k.2000.06729aae.004,https://openalex.org/W1504054062,off-topic-false-hit,"From the Book:
Give me a lever and a fulcrum, and I can move the globe. Archimedes 

Since Java technology's inception, and especially its public debut in the spring of 1995, strong and growing interest has developed regarding the security of the Java platform, as well as new security issues raised by the deployment of Java technology. This level of attention to security is a fairly new phenomenon in computing history. Most new computing technologies tend to ignore security considerations when they emerge initially, and most are never made more secure thereafter. Attempts made to do so typically are not very successful, as it is now well known that retrofitting security is usually very difficult, if not impossible, and often causes backward compatibility problems. Thus it is extremely fortunate that when Java technology burst on the Internet scene, security was one of its primary design goals. Its initial security model, although very simplistic, served as a great starting place, an Archimedean fulcrum. The engineering talents and strong management team at JavaSoft are the lever; together they made Java's extensive security architecture a reality. 

From a technology provider's point of view, security on the Java platform focuses on two aspects. The first is to provide the Java platform, primarily through the Java Development Kit, as a secure, platform on which to run Java-enabled applications in a secure fashion. The second is to provide security tools and services implemented in the Java programming language that enable a wider range of security-sensitive applications, for example, in the enterprise world. 

I wrote this book with many purposes inmind. First, I wanted to equip the reader with a brief but clear understanding of the overall picture of systems and network security, especially in the context of the Internet environment within which Java technology plays a central role, and how various security technologies relate to each other. 

Second, I wanted to provide a comprehensive description of the current security architecture on the Java platform. This includes language features, platform APIs, security policies, and their enforcement mechanisms. Whenever appropriate, I discuss not only how a feature functions, but also why it is designed in such a way and the alternative approaches that wethe Java security development team at Sun Microsystemsexamined and rejected. When demonstrating the use of a class or its methods, I use real-world code examples whenever appropriate. Some of these examples are synthesized from the JDK 1.2 code source tree. 

Third, I sought to tell the reader about security deployment issues, both how an individual or an enterprise manages security and how to customize, extend, and enrich the existing security architecture. Finally, I wanted to help developers avoid programming errors by discussing a number of common mistakes and by providing tips for safe programming that can be immediately applied to ongoing projects. 
How This Book Is Organized
This book is organized as follows: 
Chapter 1. A general background on computer, network, and information security Chapter 2. A review of the original Java security model, the sandbox Chapter 3. An in-depth look at the new security architecture in JDK 1.2, which is policy-driven and capable of enforcing fine-grained access controls Chapter 4. An explanation of how to deploy and utilize the new security features in JDK 1.2, including security policy management, digital certificates, and various security tools Chapter 5. A demonstration of how to customize various aspects of the security architecture, including how to move legacy security code onto the JDK 1.2 platform Chapter 6. A review of techniques to make objects secure and tips for safe programming Chapter 7. An outline of the Java cryptography architecture along with usage examples Chapter 8. A look ahead to future directions for Java security 


This book is primarily for serious Java programmers and for security professionals who want to understand Java security issues both from a macro (architectural) point of view as well as from a micro (design and implementation) perspective. It is also suitable for nonexperts who are concerned about Internet security as a whole, as this book clears up a number of misconceptions around Java security. 

