status,title,authors,year,venue,doi,url,tags,abstract,provider,decision_source,llm_confidence,llm_review_outcome,llm_change_direction,paper_id
discarded,Logomaker: beautiful sequence logos in Python,Ammar Tareen; Justin B. Kinney,2019,Bioinformatics,10.1093/bioinformatics/btz921,https://openalex.org/W2995997429,off-topic-false-hit,"SUMMARY: Sequence logos are visually compelling ways of illustrating the biological properties of DNA, RNA and protein sequences, yet it is currently difficult to generate and customize such logos within the Python programming environment. Here we introduce Logomaker, a Python API for creating publication-quality sequence logos. Logomaker can produce both standard and highly customized logos from either a matrix-like array of numbers or a multiple-sequence alignment. Logos are rendered as native matplotlib objects that are easy to stylize and incorporate into multi-panel figures. AVAILABILITY AND IMPLEMENTATION: Logomaker can be installed using the pip package manager and is compatible with both Python 2.7 and Python 3.6. Documentation is provided at http://logomaker.readthedocs.io; source code is available at http://github.com/jbkinney/logomaker.",openalex,llm,0.990,unreviewed,,doi:10.1093/bioinformatics/btz921
discarded,"PyMC: a modern, and comprehensive probabilistic programming framework in Python",Oriol Abril-Pla; Virgile Andreani; Colin Carroll; Larry Dong; Christopher Fonnesbeck; Maxim Kochurov; Ravin R. Kumar; Junpeng Lao; Christian C. Luhmann; Osvaldo A. Martin; Michael Osthege; Ricardo Vieira; Thomas V. Wiecki; Robert Zinkov,2023,PeerJ Computer Science,10.7717/peerj-cs.1516,https://openalex.org/W4386373863,adjacent-subtopic,"PyMC is a probabilistic programming library for Python that provides tools for constructing and fitting Bayesian models. It offers an intuitive, readable syntax that is close to the natural syntax statisticians use to describe models. PyMC leverages the symbolic computation library PyTensor, allowing it to be compiled into a variety of computational backends, such as C, JAX, and Numba, which in turn offer access to different computational architectures including CPU, GPU, and TPU. Being a general modeling framework, PyMC supports a variety of models including generalized hierarchical linear regression and classification, time series, ordinary differential equations (ODEs), and non-parametric models such as Gaussian processes (GPs). We demonstrate PyMC's versatility and ease of use with examples spanning a range of common statistical models. Additionally, we discuss the positive role of PyMC in the development of the open-source ecosystem for probabilistic programming.",openalex,llm,0.930,unreviewed,,doi:10.7717/peerj-cs.1516
discarded,Conservative constraints on early cosmology with MONTE PYTHON,Benjamin Audren; J. Lesgourgues; K. Benabed; S. Prunet,2013,Journal of Cosmology and Astroparticle Physics,10.1088/1475-7516/2013/02/001,https://openalex.org/W1849126332,off-topic-false-hit,"Models for the latest stages of the cosmological evolution rely on a less solid theoretical and observational ground than the description of earlier stages like BBN and recombination. As suggested in a previous work by Vonlanthen et al., it is possible to tweak the analysis of CMB data in such way to avoid making assumptions on the late evolution, and obtain robust constraints on ''early cosmology parameters''. We extend this method in order to marginalise the results over CMB lensing contamination, and present updated results based on recent CMB data. Our constraints on the minimal early cosmology model are weaker than in a standard ΛCDM analysis, but do not conflict with this model. Besides, we obtain conservative bounds on the effective neutrino number and neutrino mass, showing no hints for extra relativistic degrees of freedom, and proving in a robust way that neutrinos experienced their non-relativistic transition after the time of photon decoupling. This analysis is also an occasion to describe the main features of the new parameter inference code MONTE PYTHON, that we release together with this paper. MONTE PYTHON is a user-friendly alternative to other public codes like COSMOMC, interfaced with the Boltzmann code CLASS.",openalex,llm,0.990,unreviewed,,doi:10.1088/1475-7516/2013/02/001
discarded,astroquery : An Astronomical Web-querying Package in Python,Adam Ginsburg; Brigitta M. Sipőcz; C. E. Brasseur; Philip S. Cowperthwaite; Matthew W. Craig; Christoph Deil; James Guillochon; Giannina Guzman; Simon Liedtke; Pey Lian Lim; Kelly E. Lockhart; Michael Mommert; Brett M. Morris; Henrik Norman; Madhura Parikh; Magnus V. Persson; Thomas P. Robitaille; Juan-Carlos Segovia; Leo P. Singer; Erik J. Tollerud; Miguel de Val-Borro; Ivan Valtchanov; Julien Woillez,2019,The Astronomical Journal,10.3847/1538-3881/aafc33,https://openalex.org/W2908845717,adjacent-subtopic,"astroquery is a collection of tools for requesting data from databases hosted on remote servers with interfaces exposed on the internet, including those with web pages but without formal application program interfaces. These tools are built on the Python requests package, which is used to make HTTP requests, and astropy , which provides most of the data parsing functionality. astroquery modules generally attempt to replicate the web page interface provided by a given service as closely as possible, making the transition from browser-based to command-line interaction easy. astroquery has received significant contributions from throughout the astronomical community, including several from telescope archives. astroquery enables the creation of fully reproducible workflows from data acquisition through publication. This paper describes the philosophy, basic structure, and development model of the astroquery package. The complete documentation for astroquery can be found at http://astroquery.readthedocs.io/ .",openalex,llm,0.960,unreviewed,,doi:10.3847/1538-3881/aafc33
discarded,Time Series FeatuRe Extraction on basis of Scalable Hypothesis tests (tsfresh – A Python package),Maximilian Christ; Nils Braun; Julius Neuffer; Andreas W. Kempa-Liehr,2018,Neurocomputing,10.1016/j.neucom.2018.03.067,https://openalex.org/W2802314367,adjacent-subtopic,"Time series feature engineering is a time-consuming process because scientists and engineers have to consider the multifarious algorithms of signal processing and time series analysis for identifying and extracting meaningful features from time series. The Python package tsfresh (Time Series FeatuRe Extraction on basis of Scalable Hypothesis tests) accelerates this process by combining 63 time series characterization methods, which by default compute a total of 794 time series features, with feature selection on basis automatically configured hypothesis tests. By identifying statistically significant time series characteristics in an early stage of the data science process, tsfresh closes feedback loops with domain experts and fosters the development of domain specific features early on. The package implements standard APIs of time series and machine learning libraries (e.g. pandas and scikit-learn ) and is designed for both exploratory analyses as well as straightforward integration into operational data science applications.",openalex,llm,0.970,unreviewed,,doi:10.1016/j.neucom.2018.03.067
discarded,Clean Code in Python: Develop maintainable and efficient code,Mariano Anaya,2021,Clean Code in Python: Develop maintainable and efficient code,,https://ieeexplore.ieee.org/document/10163022/,supports-claim; adjacent-subtopic; general style book; nothing on properties in the record,"Tackle inefficiencies and errors the Pythonic wayKey FeaturesEnhance your coding skills using the new features introduced in Python 3.9Implement the refactoring techniques and SOLID principles in PythonApply microservices to your legacy systems by implementing practical techniquesBook DescriptionExperienced professionals in every field face several instances of disorganization, poor readability, and testability due to unstructured code. With updated code and revised content aligned to the new features of Python 3.9, this second edition of Clean Code in Python will provide you with all the tools you need to overcome these obstacles and manage your projects successfully. The book begins by describing the basic elements of writing clean code and how it plays a key role in Python programming. You will learn about writing efficient and readable code using the Python standard library and best practices for software design. The book discusses object-oriented programming in Python and shows you how to use objects with descriptors and generators. It will also show you the design principles of software testing and how to resolve problems by implementing software design patterns in your code. In the concluding chapter, we break down a monolithic application into a microservices-based one starting from the code as the basis for a solid platform. By the end of this clean code book, you will be proficient in applying industry-approved coding practices to design clean, sustainable, and readable real-world Python code.What you will learnSet up a productive development environment by leveraging automatic toolsLeverage the magic methods in Python to write better code, abstracting complexity away and encapsulating detailsCreate advanced object-oriented designs using unique features of Python, such as descriptorsEliminate duplicated code by creating powerful abstractions using software engineering principles of object-oriented designCreate Python-specific solutions using decorators and descriptorsRefactor code effectively with the help of unit testsBuild the foundations for solid architecture with a clean code base as its cornerstoneWho this book is forThis book is designed to benefit new as well as experienced programmers. It will appeal to team leads, software architects and senior software engineers who would like to write Pythonic code to save on costs and improve efficiency. The book assumes that you have a strong understanding of programming",ieee,llm_reviewed,0.780,changed,kept->discarded,hash:6122534b19b73021
