status,title,authors,year,venue,doi,url,tags,abstract,provider,decision_source,llm_confidence,llm_review_outcome,llm_change_direction,paper_id
discarded,Studying the effect of AI Code Generators on Supporting Novice Learners in Introductory Programming,Majeed Kazemitabaar; Justin Chow; Carl Ka To; Barbara Jane Ericson; David Weintrop; Tovi Grossman,2023,,10.1145/3544548.3580919,https://openalex.org/W4321162272,adjacent-subtopic,"AI code generators like OpenAI Codex have the potential to assist novice programmers by generating code from natural language descriptions, however, over-reliance might negatively impact learning and retention. To explore the implications that AI code generators have on introductory programming, we conducted a controlled experiment with 69 novices (ages 10-17). Learners worked on 45 Python code-authoring tasks, for which half of the learners had access to Codex, each followed by a code-modification task. Our results show that using Codex significantly increased code-authoring performance (1.15x increased completion rate and 1.8x higher scores) while not decreasing performance on manual code-modification tasks. Additionally, learners with access to Codex during the training phase performed slightly better on the evaluation post-tests conducted one week later, although this difference did not reach statistical significance. Of interest, learners with higher Scratch pre-test scores performed significantly better on retention post-tests, if they had prior access to Codex.",openalex,llm,0.980,unreviewed,,doi:10.1145/3544548.3580919
discarded,Toward an instance theory of automatization.,Gordon D. Logan,1988,Psychological Review,10.1037/0033-295x.95.4.492,https://openalex.org/W2073371272,off-topic-false-hit,"This article presents a theory in which automatization is construed as the acquisition of a domainspeciSc knowledge base, formed of separate representations, instances, of each exposure to the task. Processing is considered automatic if it relies on retrieval of stored instances, which will occur only after practice in a consistent environment. Practice is important because it increases the amount retrieved and the speed of retrieval; consistency is important because it ensures that the retrieved instances will be useful. The theory accounts quantitatively for the power-function speed-up and predicts a power-function reduction in the standard deviation that is constrained to have the same exponent as the power function for the speed-up. The theory accounts for qualitative properties as well, explaining how some may disappear and others appear with practice. More generally, it provides an alternative to the modal view of automaticity, arguing that novice performance is limited by a lack of knowledge rather than a scarcity of resources. The focus on learning avoids many problems with the modal view that stem from its focus on resource limitations. Automaticity is an important phenomenon in everyday mental life. Most of us recognize that we perform routine activities quickly and effortlessly, with little thought and conscious awareness—in short, automatically (James, 1890). As a result, we often perform those activities on ""automatic pilot "" and turn our minds to other things. For example, we can drive to dinner while conversing in depth with a visiting scholar, or we can make coffee while planning dessert. However, these benefits may be offset by costs. The automatic pilot can lead us astray, causing errors and sometimes catastrophes (Reason & Myceilska, 1982). If the conversation is deep enough, we may find ourselves and the scholar arriving at the office rather than the restaurant, or we may discover that we aren't sure whether we put two or three scoops of coffee into the pot. Automaticity is also an important phenomenon in skill acquisition (e.g., Bryan & Hatter, 1899). Skills are thought to consist largely of collections of automatic processes and procedures",openalex,llm,0.990,unreviewed,,doi:10.1037/0033-295x.95.4.492
discarded,Metadata matters: access to image data in the real world,Melissa Linkert; Curtis Rueden; Chris Allan; Jean‐Marie Burel; Will Moore; Andrew J. Patterson; Brian Loranger; Josh Moore; Carlos Neves; Donald MacDonald; Aleksandra Tarkowska; Caitlin Sticco; Emma Hill; Mike Rossner; Kevin W. Eliceiri; Jason R. Swedlow,2010,The Journal of Cell Biology,10.1083/jcb.201004104,https://openalex.org/W2031502025,off-topic-false-hit,"Data sharing is important in the biological sciences to prevent duplication of effort, to promote scientific integrity, and to facilitate and disseminate scientific discovery. Sharing requires centralized repositories, and submission to and utility of these resources require common data formats. This is particularly challenging for multidimensional microscopy image data, which are acquired from a variety of platforms with a myriad of proprietary file formats (PFFs). In this paper, we describe an open standard format that we have developed for microscopy image data. We call on the community to use open image data standards and to insist that all imaging platforms support these file formats. This will build the foundation for an open image data repository.",openalex,llm,0.980,unreviewed,,doi:10.1083/jcb.201004104
discarded,"Translation, Cross-Cultural Adaptation, and Validation of Measurement Instruments: A Practical Guideline for Novice Researchers",Paulo Jorge Marcos Cruchinho; María Dolores López-Franco; Manuel Luís Capelas; Sofia Almeida; Phillippa May Bennett; Marcelle Miranda da Silva; Gisela Mosca Teixeira; Elisabete Nunes; Pedro Ricardo Martins Bernardes Lucas; Filomena Gaspar,2024,Journal of Multidisciplinary Healthcare,10.2147/jmdh.s419714,https://openalex.org/W4399245583,off-topic-false-hit,"Cross-cultural validation of self-reported measurement instruments for research is a long and complex process, which involves specific risks of bias that could affect the research process and results. Furthermore, it requires researchers to have a wide range of technical knowledge about the translation, adaptation and pre-test aspects, their purposes and options, about the different psychometric properties, and the required evidence for their assessment and knowledge about the quantitative data processing and analysis using statistical software. This article aimed: 1) identify all guidelines and recommendations for translation, cross-cultural adaptation, and validation within the healthcare sciences; 2) describe the methodological approaches established in these guidelines for conducting translation, adaptation, and cross-cultural validation; and 3) provide a practical guideline featuring various methodological options for novice researchers involved in translating, adapting, and validating measurement instruments. Forty-two guidelines on translation, adaptation, or cross-cultural validation of measurement instruments were obtained from ""CINAHL with Full Text"" (via EBSCO) and ""MEDLINE with Full Text"". A content analysis was conducted to identify the similarities and differences in the methodological approaches recommended. Bases on these similarities and differences, we proposed an eight-step guideline that includes: a) forward translation; 2) synthesis of translations; 3) back translation; 4) harmonization; 5) pre-testing; 6) field testing; 7) psychometric validation, and 8) analysis of psychometric properties. It is a practical guideline because it provides extensive and comprehensive information on the methodological approaches available to researchers. This is the first methodological literature review carried out in the healthcare sciences regarding the methodological approaches recommended by existing guidelines.",openalex,llm,1.000,unreviewed,,doi:10.2147/jmdh.s419714
discarded,Characterization techniques for nanoparticles: comparison and complementarity upon studying nanoparticle properties,Stefanos Mourdikoudis; Roger M. Pallares; Nguyễn Thị Kim Thanh,2018,Nanoscale,10.1039/c8nr02278j,https://openalex.org/W2806432392,off-topic-false-hit,"Nanostructures have attracted huge interest as a rapidly growing class of materials for many applications. Several techniques have been used to characterize the size, crystal structure, elemental composition and a variety of other physical properties of nanoparticles. In several cases, there are physical properties that can be evaluated by more than one technique. Different strengths and limitations of each technique complicate the choice of the most suitable method, while often a combinatorial characterization approach is needed. In addition, given that the significance of nanoparticles in basic research and applications is constantly increasing, it is necessary that researchers from separate fields overcome the challenges in the reproducible and reliable characterization of nanomaterials, after their synthesis and further process (e.g. annealing) stages. The principal objective of this review is to summarize the present knowledge on the use, advances, advantages and weaknesses of a large number of experimental techniques that are available for the characterization of nanoparticles. Different characterization techniques are classified according to the concept/group of the technique used, the information they can provide, or the materials that they are destined for. We describe the main characteristics of the techniques and their operation principles and we give various examples of their use, presenting them in a comparative mode, when possible, in relation to the property studied in each case.",openalex,llm,1.000,unreviewed,,doi:10.1039/c8nr02278j
discarded,Learning phase transitions by confusion,Evert van Nieuwenburg; Ye-Hua Liu; Sebastian D. Huber,2017,Nature Physics,10.1038/nphys4037,https://openalex.org/W2531147647,off-topic-false-hit,"A neural-network technique can exploit the power of machine learning to mine the exponentially large data sets characterizing the state space of condensed-matter systems. Topological transitions and many-body localization are first on the list. Classifying phases of matter is key to our understanding of many problems in physics. For quantum-mechanical systems in particular, the task can be daunting due to the exponentially large Hilbert space. With modern computing power and access to ever-larger data sets, classification problems are now routinely solved using machine-learning techniques1. Here, we propose a neural-network approach to finding phase transitions, based on the performance of a neural network after it is trained with data that are deliberately labelled incorrectly. We demonstrate the success of this method on the topological phase transition in the Kitaev chain2, the thermal phase transition in the classical Ising model3, and the many-body-localization transition in a disordered quantum spin chain4. Our method does not depend on order parameters, knowledge of the topological content of the phases, or any other specifics of the transition at hand. It therefore paves the way to the development of a generic tool for identifying unexplored phase transitions.",openalex,llm,1.000,unreviewed,,doi:10.1038/nphys4037
discarded,The impact of class imbalance in classification performance metrics based on the binary confusion matrix,Amalia Luque Sendra; Alejandro Carrasco; Alejandro Manuel Martín-Gómez; Ana de las Heras,2019,Pattern Recognition,10.1016/j.patcog.2019.02.023,https://openalex.org/W2918408501,off-topic-false-hit,"A major issue in the classification of class imbalanced datasets involves the determination of the most suitable performance metrics to be used. In previous work using several examples, it has been shown that imbalance can exert a major impact on the value and meaning of accuracy and on certain other well-known performance metrics. In this paper, our approach goes beyond simply studying case studies and develops a systematic analysis of this impact by simulating the results obtained using binary classifiers. A set of functions and numerical indicators are attained which enables the comparison of the behaviour of several performance metrics based on the binary confusion matrix when they are faced with imbalanced datasets. Throughout the paper, a new way to measure the imbalance is defined which surpasses the Imbalance Ratio used in previous studies. From the simulation results, several clusters of performance metrics have been identified that involve the use of Geometric Mean or Bookmaker Informedness as the best null-biased metrics if their focus on classification successes (dismissing the errors) presents no limitation for the specific application where they are used. However, if classification errors must also be considered, then the Matthews Correlation Coefficient arises as the best choice. Finally, a set of null-biased multi-perspective Class Balance Metrics is proposed which extends the concept of Class Balance Accuracy to other performance metrics.",openalex,llm,0.990,unreviewed,,doi:10.1016/j.patcog.2019.02.023
discarded,The Ensembl Variant Effect Predictor,William M. McLaren; Laurent Gil; Sarah E Hunt; Harpreet Singh Riat; Graham R. S. Ritchie; Anja Thormann; Paul Flicek; Fiona M Cunningham,2016,Genome biology,10.1186/s13059-016-0974-4,https://openalex.org/W2417483443,off-topic-false-hit,"The Ensembl Variant Effect Predictor is a powerful toolset for the analysis, annotation, and prioritization of genomic variants in coding and non-coding regions. It provides access to an extensive collection of genomic annotation, with a variety of interfaces to suit different requirements, and simple options for configuring and extending analysis. It is open source, free to use, and supports full reproducibility of results. The Ensembl Variant Effect Predictor can simplify and accelerate variant interpretation in a wide range of study designs.",openalex,llm,0.980,unreviewed,,doi:10.1186/s13059-016-0974-4
discarded,Effect of Molding Pressure on Structure and Properties of Ring-Shaped Bonded NdFeB Magnet,Youwen Yang; Ruidong Ren; Yongle Wang; Lizhi Fang; Yufan Chen; Qinguo Gao; Lei Yang; Jiguang Liu; Xiaogang Fang; Buke Dong,2020,IEEE Transactions on Magnetics,10.1109/TMAG.2020.3027438,https://ieeexplore.ieee.org/document/9207960/,off-topic-false-hit,"Ring-shaped polymer-bonded magnets (RSMs) were produced from a mixture of an isotropic NdFeB powder, steel use stainless (SUS) powder, and epoxy resins as binders, using a comprehension-molding technique. Morphology of RSM determined by an SEM indicated that inappropriate molding pressure leads surface defect and brings adverse impact on properties of magnets. The research on mechanical properties shows that the maximum tensile strength of 11.4 N was achieved at optimal pressing pressure of 85 kN. Meanwhile, RSM has excellent stability as the critical component of motor and its amount of unbalance is as low as 0.754 mg. Magnetic property in optimal mechanical conditions was also found to be optimum at Hcj = 8.42 kA/m and (BH)max = 31.17 kJ/m3.",ieee,llm,1.000,unreviewed,,doi:10.1109/tmag.2020.3027438
discarded,The Misconception of Relational Database and the ACID Properties,Suphamit Chittayasothorn,2022,"2022 8th International Conference on Engineering, Applied Sciences, and Technology (ICEAST)",10.1109/ICEAST55249.2022.9826318,https://ieeexplore.ieee.org/document/9826318/,adjacent-subtopic,"Relational Database Model is the database model which is widely used and has been used for decades. It is precisely described based on the mathematical concept of relation. The abstract concept is presented by the tabular format, commonly known as the SQL tables. Due to the simplicity of the tabular format and the simple, high productivity SQL language, software developers without or with minimum theoretical backgrounds can use RDBMSs for application development. There are also DBMSs which are based on other database models which do not use the SQL language and are collectively called NoSQL databases. These systems' advocates claim that the Relational Database Model and RDBMSs require ACID transactions. This paper clarifies the related terms and concepts of the Relational Database Model. The more recent concept of relation variable is explained and related to SQL tables. ACID properties of transactions are also presented to confirm that they are not directly related to a particular database model. Thus, it is a misconception that the Relational Database Model requires ACID properties.",ieee,llm,0.980,unreviewed,,doi:10.1109/iceast55249.2022.9826318
discarded,VPLs and novice program comprehension: how do different languages compare?,J. Good,1999,Proceedings 1999 IEEE Symposium on Visual Languages,10.1109/VL.1999.795912,https://ieeexplore.ieee.org/document/795912/,adjacent-subtopic,"This paper reports on an experiment which compared small control and data flow visual programming languages (VPLs). The study used a combination of the match-mismatch conjecture and the information types approach in order to investigate the effect of language style on comprehension. Results showed that the control flow VPL is associated with faster task performance, regardless of the match between language and task. However, accuracy scores showed some evidence of a match-mismatch effect. These results were supported by program summary data, which showed that the data flow VPL was associated with abstract, functional accounts of the program, while the control flow language led to low-level, procedural descriptions. This suggests that specific properties of VPLs lead to differences in program comprehension.",ieee,llm,0.980,unreviewed,,doi:10.1109/vl.1999.795912
discarded,The Role of Method Chains and Comments in Software Readability and Comprehension—An Experiment,Jürgen Börstler; Barbara Paech,2016,IEEE Transactions on Software Engineering,10.1109/TSE.2016.2527791,https://ieeexplore.ieee.org/document/7404062/,adjacent-subtopic,"Software readability and comprehension are important factors in software maintenance. There is a large body of research on software measurement, but the actual factors that make software easier to read or easier to comprehend are not well understood. In the present study, we investigate the role of method chains and code comments in software readability and comprehension. Our analysis comprises data from 104 students with varying programming experience. Readability and comprehension were measured by perceived readability, reading time and performance on a simple cloze test. Regarding perceived readability, our results show statistically significant differences between comment variants, but not between method chain variants. Regarding comprehension, there are no significant differences between method chain or comment variants. Student groups with low and high experience, respectively, show significant differences in perceived readability and performance on the cloze tests. Our results do not show any significant relationships between perceived readability and the other measures taken in the present study. Perceived readability might therefore be insufficient as the sole measure of software readability or comprehension. We also did not find any statistically significant relationships between size and perceived readability, reading time and comprehension.",ieee,llm,0.980,unreviewed,,doi:10.1109/tse.2016.2527791
discarded,Using run-time data for program comprehension,T. Gschwind; J. Oberleitner; M. Pinzger,2003,"11th IEEE International Workshop on Program Comprehension, 2003.",10.1109/WPC.2003.1199208,https://ieeexplore.ieee.org/document/1199208/,adjacent-subtopic,"Traditional approaches for program comprehension use static program analysis or dynamic program analysis in the form of execution traces. Our approach, however, makes use of runtime-data such as parameter and object values. Compared to traditional program comprehension techniques, this approach enables fundamentally new ways of program analysis which we have not seen so far. Reflection analysis which allows engineers to understand programs making use of reflective (dynamic) method invocations is one such analysis. Another is object tracing which allows engineers to trace and track the use of a given instance of a class within the program to be understood. In this paper we present these techniques along with a case study to which we have applied them.",ieee,llm,0.980,unreviewed,,doi:10.1109/wpc.2003.1199208
