status,title,authors,year,venue,doi,url,tags,abstract,provider,decision_source,llm_confidence,llm_review_outcome,llm_change_direction,paper_id
discarded,A Precise Method-Method Interaction-Based Cohesion Metric for Object-Oriented Classes,Jehad Al Dallal; Lionel Briand,2012,ACM Transactions on Software Engineering and Methodology,10.1145/2089116.2089118,https://openalex.org/W2014412501,adjacent-subtopic,"The building of highly cohesive classes is an important objective in object-oriented design. Class cohesion refers to the relatedness of the class members, and it indicates one important aspect of the class design quality. A meaningful class cohesion metric helps object-oriented software developers detect class design weaknesses and refactor classes accordingly. Several class cohesion metrics have been proposed in the literature. Most of these metrics are applicable based on low-level design information such as attribute references in methods. Some of these metrics capture class cohesion by counting the number of method pairs that share common attributes. A few metrics measure cohesion more precisely by considering the degree of interaction, through attribute references, between each pair of methods. However, the formulas applied by these metrics to measure the degree of interaction cause the metrics to violate important mathematical properties, thus undermining their construct validity and leading to misleading cohesion measurement. In this paper, we propose a formula that precisely measures the degree of interaction between each pair of methods, and we use it as a basis to introduce a low-level design class cohesion metric (LSCC). We verify that the proposed formula does not cause the metric to violate important mathematical properties. In addition, we provide a mechanism to use this metric as a useful indicator for refactoring weakly cohesive classes, thus showing its usefulness in improving class cohesion. Finally, we empirically validate LSCC. Using four open source software systems and eleven cohesion metrics, we investigate the relationship between LSCC, other cohesion metrics, and fault occurrences in classes. Our results show that LSCC is one of three metrics that explains more accurately the presence of faults in classes. LSCC is the only one among the three metrics to comply with important mathematical properties, and statistical analysis shows it captures a measurement dimension of its own. This suggests that LSCC is a better alternative, when taking into account both theoretical and empirical results, as a measure to guide the refactoring of classes. From a more general standpoint, the results suggest that class quality, as measured in terms of fault occurrences, can be more accurately explained by cohesion metrics that account for the degree of interaction between each pair of methods.",openalex,llm,0.970,unreviewed,,doi:10.1145/2089116.2089118
discarded,Effective clustering of complex objects in object-oriented databases,Jia-Bing R. Cheng; Ali R. Hurson,1991,,10.1145/115790.115793,https://openalex.org/W2120795737,off-topic-false-hit,Clusteringis an effective mechanism for retrieving complex objects.Many object-oriented database,openalex,llm,0.960,unreviewed,,doi:10.1145/115790.115793
discarded,FEMPAR: An Object-Oriented Parallel Finite Element Framework,Santiago Badia; Alberto F. Martı́n; Javier Príncipe,2017,Archives of Computational Methods in Engineering,10.1007/s11831-017-9244-1,https://openalex.org/W2742934820,adjacent-subtopic,"FEMPAR is an open source object oriented Fortran200X scientific software library for the high-performance scalable simulation of complex multiphysics problems governed by partial differential equations at large scales, by exploiting state-of-the-art supercomputing resources. It is a highly modularized, flexible, and extensible library, that provides a set of modules that can be combined to carry out the different steps of the simulation pipeline. FEMPAR includes a rich set of algorithms for the discretization step, namely (arbitrary-order) grad, div, and curl-conforming finite element methods, discontinuous Galerkin methods, B-splines, and unfitted finite element techniques on cut cells, combined with h-adaptivity. The linear solver module relies on state-of-the-art bulk-asynchronous implementations of multilevel domain decomposition solvers for the different discretization alternatives and block-preconditioning techniques for multiphysics problems. FEMPAR is a framework that provides users with out-of-the-box state-of-the-art discretization techniques and highly scalable solvers for the simulation of complex applications, hiding the dramatic complexity of the underlying algorithms. But it is also a framework for researchers that want to experience with new algorithms and solvers, by providing a highly extensible framework. In this work, the first one in a series of articles about FEMPAR, we provide a detailed introduction to the software abstractions used in the discretization module and the related geometrical module. We also provide some ingredients about the assembly of linear systems arising from finite element discretizations, but the software design of complex scalable multilevel solvers is postponed to a subsequent work.",openalex,llm,0.970,unreviewed,,doi:10.1007/s11831-017-9244-1
discarded,Object-oriented database support for software environments,Scott E. Hudson; Roger King,1987,,10.1145/38713.38763,https://openalex.org/W2003654123,adjacent-subtopic,"Cactis is an object-oriented, multi-user DBMS developed at the University of Colorado. The implementation is self-adaptive and concurrent, and runs in the Unix/C Sun workstation environment. A central, unique focus of Cactis is the support of functionally-defined data in a manner which provides good performance. Cactis is intended for use in applications which are conducive to an object-oriented approach and involve derived data. Such applications include software environments.",openalex,llm,0.920,unreviewed,,doi:10.1145/38713.38763
discarded,Research directions in object-oriented database systems,Won Bae Kim,1990,,10.1145/298514.298537,https://openalex.org/W2074838411,adjacent-subtopic,"The set of object-oriented concepts found in object-oriented programming languages forms a good basis for a data model for post-relational database systems which will extend the domain of database applications beyond conventional business data processing. However, despite the high level of research and development activities during the past several years, there is no standard object-oriented data model, and criticisms and concerns about the field still remain. In this paper, I will first provide a historical perspective on the emergence of object-oriented database systems in order to derive a definition of object-oriented database systems. I will then examine a number of major challenge which remain for researchers and implementers of object-oriented database systems.",openalex,llm,0.970,unreviewed,,doi:10.1145/298514.298537
discarded,A distributed 3D graphics library,Blair MacIntyre; Steven Feiner,1998,,10.1145/280814.280935,https://openalex.org/W2139085541,adjacent-subtopic,"We present Repo-3D, a general-purpose, object-oriented library for developing distributed, interactive 3D graphics applications across a range of heterogeneous workstations.Repo-3D is designed to make it easy for programmers to rapidly build prototypes using a familiar multi-threaded, object-oriented programming paradigm.All data sharing of both graphical and non-graphical data is done via general-purpose remote and replicated objects, presenting the illusion of a single distributed shared memory.Graphical objects are directly distributed, circumventing the ""duplicate database"" problem and allowing programmers to focus on the application details.Repo-3D is embedded in Repo, an interpreted, lexically-scoped, distributed programming language, allowing entire applications to be rapidly prototyped.We discuss Repo-3D's design, and introduce the notion of local variations to the graphical objects, which allow local changes to be applied to shared graphical structures.Local variations are needed to support transient local changes, such as highlighting, and responsive local editing operations.Finally, we discuss how our approach could be applied using other programming languages, such as Java.",openalex,llm,0.980,unreviewed,,doi:10.1145/280814.280935
discarded,Implementing remote procedure calls,Andrew D. Birrell; Bruce Jay Nelson,1984,ACM Transactions on Computer Systems,10.1145/2080.357392,https://openalex.org/W2106035061,adjacent-subtopic,"Remote procedure calls (RPC) appear to be a useful paradig m for providing communication across a network between programs written in a high-level language.This paper describes a package providing a remote procedure call facility, the options that face the designer of such a package, and the decisions ~we made.We describe the overall structure of our RPC mechanism, our facilities for binding RPC clients, the transport level communication protocol, and some performance measurements.We include descriptioro~ of some optimizations used to achieve high performance and to minimize the load on server machines that have many clients.",openalex,llm,0.990,unreviewed,,doi:10.1145/2080.357392
discarded,Programming constructs for database system implementation in EXODUS,Joel E. Richardson; Michael J. Carey,1987,,10.1145/38713.38738,https://openalex.org/W2113906833,adjacent-subtopic,"The goal of the EXODUS extensible DBMS project is to enable the rapid development of a wide spectrum of high-performance, application-specific database systems EXODUS provides certain kernel facilities for use by all applications and a set of tools to aid the database implementor (DBI) in generating new database system software. Some of the DBI's work is supported by EXODUS tools which generate database components from a specification. However, components such as new abstract data types, access methods, and database operations must be explicitly coded by the DBI. This paper analyzes the major programming problems faced by the DBI, describing the collection of programming language constructs that EXODUS provides for simplifying the DBI's task. These constructs have been embedded in the E programming language, an extension of C++ designed specifically for implementing DBMS software.",openalex,llm,0.970,unreviewed,,doi:10.1145/38713.38738
discarded,The Boost graph library : user guide and reference manual,Jeremy G. Siek; Lie‐Quan Lee; Andrew Lumsdaine,2002,CERN Document Server (European Organization for Nuclear Research),,https://openalex.org/W1572663059,adjacent-subtopic,"Foreword. Preface. I User Guide. 1. Introduction. Some Graph Terminology. Graph Concepts. Vertex and Edge Descriptors. Property Maps. Graph Traversa. Graph Construction and Modification Algorithm Visitors. Graph Classes and Adaptors. Graph Classes. Graph Adaptors. Generic Graph Algorithms. The Topological Sort Generic Algorithm. The Depth-First Search Generic Algorithm. 2.Generic Programming in C++. Introduction. Polymorphism in Object-Oriented Programming. Polymorphism in Generic Programming. Comparison of GP and OOP. Generic Programming and the STL. Concepts and Models. Sets of Requirements. Example: InputIterator. Associated Types and Traits Classes. Associated Types Needed in Function Template. Typedefs Nested in Classes. Definition of a Traits Class. Partial Specialization. Tag Dispatching. Concept Checking. Concept-Checking Classes. Concept Archetypes. The Boost Namespace. Classes. Koenig Lookup. Named Function Parameters. 3. A BGL Tutorial. File Dependencies. Graph Setup. Compilation Order. Topological Sort via DFS. Marking Vertices Using External Properties. Accessing Adjacent Vertices. Traversing All the Vertices. Cyclic Dependencies. Toward a Generic DFS: Visitors. Graph Setup: Internal Properties. Compilation Time. A Generic Topological Sort and DFS. Parallel Compilation Time. Summary. 4. Basic Graph Algorithms. Breadth-First Search. Definitions. Six Degrees of Kevin Bacon. Depth-First Search. Definitions. Finding Loops in Program-Control-Flow Graphs. 5. Shortest-Paths Problems. Definitions. Internet Routing. Bellman-Ford and Distance Vector Routing. Dijkstra and Link-State Routing. 6. Minimum-Spanning-Tree Problem. Definitions. Telephone Network Planning. Kruskal's Algorithm. Prim's Algorithm. 7. Connected Components. Definitions. Connected Components and Internet Connectivity. Strongly Connected Components and Web Page Links. 8. Maximum Flow. Definitions. Edge Connectivity. 9. Implicit Graphs: A Knight's Tour. Knight's Jumps as a Graph. Backtracking Graph Search. Warnsdorff's Heuristic. 10. Interfacing with Other Graph Libraries. Using BGL Topological Sort with a LEDA Graph. Using BGL Topological Sort with a SGB Graph. Implementing Graph Adaptors. 11. Performance Guidelines. Graph Class Comparisons. The Results and Discussion. Conclusion. II Reference Manual. 12. BGL Concepts. Graph Traversal Concepts. Undirected Graphs. Graph. IncidenceGraph. BidirectionalGraph. AdjacencyGraph. VertexListGraph. EdgeListGraph. AdjacencyMatrix. Graph Modification Concepts. VertexMutableGraph. EdgeMutableGraph. MutableIncidenceGraph. MutableBidirectionalGraph. MutableEdgeListGraph. PropertyGraph. VertexMutablePropertyGraph. EdgeMutablePropertyGraph. Visitor Concepts. BFSVisitor. DFSVisitor. DijkstraVisitor. BellmanFordVisitor. 13. BGL Algorithms. Overview. Basic Algorithms. breadth_first_search. breadth_first_visit. depth_first_search. depth_first_visit. topological_sort. Shortest-Path Algorithms. dijkstra_shortest_paths. bellman_ford_shortest_paths. johnson_all_pairs_shortest_paths. Minimum-Spanning-Tree Algorithms. kruskal_minimum_spanning_tree. prim_minimum_spanning_tree. Static Connected Components. connected_components. strong_components. Incremental Connected Components. initialize_incremental_components. incremental_components. same_component. component_index. Maximum-Flow Algorithms. edmunds_karp_max_flow. push_relabel_max_flow. 14. BGL Classes. Graph Classes. adjacency_list. adjacency_matrix. Auxiliary Classes. graph_traits. adjacency_list_traits. adjacency_matrix_traits. property_map. property. Graph Adaptors. edge_list. reverse_graph. filtered_graph. SGB GraphPointer. LEDA GRAPH . std::vector . 15. Property Map Library. Property Map Concepts. ReadablePropertyMap. WritablePropertyMap. ReadWritePropertyMap. LvaluePropertyMap. Property Map Classes. property_traits. iterator_property_map. Property Tags. Creating Your Own Property Maps. Property Maps for Stanford GraphBase. A Property Map Implemented with std::map. 16 Auxiliary Concepts, Classes, and Functions. Buffer. ColorValue. MultiPassInputIterator. Monoid. mutable queue. Disjoint Sets. disjoint_sets. find_with_path_halving. find_with_full_path_compression. tie. graph_property_iter_range. Bibliography. Index. 0201729148T12172001",openalex,llm,0.960,unreviewed,,hash:54dd08829a2773dd
discarded,Extending the operating system to support an object-oriented environment,José Alves Marques; Paulo Guedes,1989,,10.1145/74877.74890,https://openalex.org/W2082189801,adjacent-subtopic,Comandos is a project within the European Strategic Programme for Research on Information Technology - ESPRIT and it stems from the identified need of providing simpler and more integrated environments for application development in large distributed systems.,openalex,llm,0.970,unreviewed,,doi:10.1145/74877.74890
discarded,A model for the prediction of R-tree performance,Yannis Theodoridis; Timos Sellis,1996,,10.1145/237661.237705,https://openalex.org/W2032596397,adjacent-subtopic,"In this paper we present an analytical model that predicts the performance of R-trees (and its variants) when a range query needs to be answered.The cost model uses knowledge of the dataset only, i.e., the proposed formula that estimates the number of disk accesses is a hmction of data properties, namely, the amount of data and their density in the work space.In other words, the proposed model is applicable even before the construction of the R-tree index, a fact that makes it a useful tool for dynamic spatial databases.Several experiments on synthetic and real datasets show that the proposed analytical model is very accurate, the relative error being usually around 10%-15%, for uniform and non-uniform distributions.We believe that this error is involved with the gap between efficient R-tree variants, like the R*-tree, and an optimum, not implemented yet, method.Our work extends previous research concerning R-tree analysis and constitutes a useful tool for spatial query optimizers that need to evaluate the cost of a complex spatial query and its execution procedure.",openalex,llm,0.990,unreviewed,,doi:10.1145/237661.237705
discarded,Reusable Object‐Oriented Solutions for Numerical Simulation of PDEs in a High Performance Environment,Andrea Lani; Tiago Quintino; Dries Kimpe; H. Deconinck; Stefan Vandewalle; Stefaan Poedts,2006,Scientific Programming,10.1155/2006/393058,https://openalex.org/W2052194883,adjacent-subtopic,"Object‐oriented platforms developed for the numerical solution of PDEs must combine flexibility and reusability, in order to ease the integration of new functionalities and algorithms. While designing similar frameworks, a built‐in support for high performance should be provided and enforced transparently, especially in parallel simulations. The paper presents solutions developed to effectively tackle these and other more specific problems (data handling and storage, implementation of physical models and numerical methods) that have arisen in the development of COOLFluiD, an environment for PDE solvers. Particular attention is devoted to describe a data storage facility, highly suitable for both serial and parallel computing, and to discuss the application of two design patterns, Perspective and Method‐Command‐Strategy, that support extensibility and run‐time flexibility in the implementation of physical models and generic numerical algorithms respectively.",openalex,llm,0.980,unreviewed,,doi:10.1155/2006/393058
discarded,TIMBER: A native XML database,H. V. Jagadish; Shurug Al-Khalifa; Adriane P. Chapman; Laks V. S. Lakshmanan; Andrew Nierman; S. Paparizos; Jignesh M. Patel; Divesh Srivastava; Nuwee Wiwatwattana; Yuqing Wu; Cong Yu,2002,The VLDB Journal,10.1007/s00778-002-0081-x,https://openalex.org/W2040374677,adjacent-subtopic,"This paper describes the overall design and architecture of the Timber XML database system currently being implemented at the University of Michigan. The system is based upon a bulk algebra for manipulating trees, and natively stores XML. New access methods have been developed to evaluate queries in the XML context, and new cost estimation and query optimization techniques have also been developed. We present performance numbers to support some of our design decisions. We believe that the key intellectual contribution of this system is a comprehensive set-at-a-time query processing ability in a native XML store, with all the standard components of relational query processing, including algebraic rewriting and a cost-based optimizer.",openalex,llm,0.990,unreviewed,,doi:10.1007/s00778-002-0081-x
discarded,The process of object-oriented design,Dennis de Champeaux; Doug Lea; Penelope Faure,1992,,10.1145/141936.141942,https://openalex.org/W2005751535,adjacent-subtopic,"The object-oriented design process is investigated within the classic software development classification of Analysis, Design, and Implementation.When all development is performed using object oriented methods, OOD is best characterized as a transformational process, mapping declarative descriptions of objects and classes to implementation plans.Subphases of class design, system design, and program design accommodate and rationalize 00 practices including abstraction, prototyping, refinement, bottom-up composition, delegation, interoperablity, clustering objects into processes, resource management design, tuning and optimization.",openalex,llm,0.920,unreviewed,,doi:10.1145/141936.141942
