status,title,authors,year,venue,doi,url,tags,abstract,provider,decision_source,llm_confidence,llm_review_outcome,llm_change_direction,paper_id
discarded,Functional and structural genomics using PEDANT,D. Frishman,2001,Bioinformatics,10.1093/bioinformatics/17.1.44,https://www.scopus.com/inward/record.uri?partnerID=HzOxMe3b&scp=0035109680&origin=inward,adjacent-subtopic,"MOTIVATION: Enormous demand for fast and accurate analysis of biological sequences is fuelled by the pace of genome analysis efforts. There is also an acute need in reliable up-to-date genomic databases integrating both functional and structural information. Here we describe the current status of the PEDANT software system for high-throughput analysis of large biological sequence sets and the genome analysis server associated with it. RESULTS: The principal features of PEDANT are: (i) completely automatic processing of data using a wide range of bioinformatics methods, (ii) manual refinement of annotation, (iii) automatic and manual assignment of gene products to a number of functional and structural categories, (iv) extensive hyperlinked protein reports, and (v) advanced DNA and protein viewers. The system is easily extensible and allows to include custom methods, databases, and categories with minimal or no programming effort. PEDANT is actively used as a collaborative environment to support several on-going genome sequencing projects. The main purpose of the PEDANT genome database is to quickly disseminate well-organized information on completely sequenced and unfinished genomes. It currently includes 80 genomic sequences and in many cases serves as the only source of exhaustive information on a given genome. The database also acts as a vehicle for a number of research projects in bioinformatics. Using SQL queries, it is possible to correlate a large variety of pre-computed properties of gene products encoded in complete genomes with each other and compare them with data sets of special scientific interest. In particular, the availability of structural predictions for over 300 000 genomic proteins makes PEDANT the most extensive structural genomics resource available on the web.",scopus,llm,0.990,unreviewed,,doi:10.1093/bioinformatics/17.1.44
discarded,Optimality of Some Class of Incomplete Block Designs,M. Kozłowska,1999,Biometrical Journal,10.1002/(SICI)1521-4036(199907)41:4<427::AID-BIMJ427>3.0.CO;2-A,https://www.scopus.com/inward/record.uri?partnerID=HzOxMe3b&scp=0042630922&origin=inward,off-topic-false-hit,"A class of incomplete block designs called C-design, was considered by Caliński (1971), Saha (1976), Ceranka (1983) and Ceranka, Kozłowska (1983, 1984). In this paper we extend the theory of block designs having the C-property. We consider optimality of C-designs with respect to any criterion of a described form. Das and Kageyama (1991) considered a class of E-optimal proper efficiency balanced designs (strictly speaking, Das and Kageyama considered ER-optimality of some class of block designs). Hence we consider ER, AR, DR optimality of C-designs.",scopus,llm,1.000,unreviewed,,doi:10.1002/(sici)1521-4036(199907)41:4<427::aid-bimj427>3.0.co;2-a
discarded,Development of high thermal conductivity ihermostructural C-C,A. Caso,1995,SAE Technical Papers,10.4271/951621,https://www.scopus.com/inward/record.uri?partnerID=HzOxMe3b&scp=85072439470&origin=inward,off-topic-false-hit,,scopus,llm,0.990,unreviewed,,doi:10.4271/951621
discarded,A translation method from natural language specifications into formal specifications using contextual dependencies,Y. Ishihara,1993,Proceedings of the IEEE International Conference on Requirements Engineering,10.1109/ISRE.1993.324853,https://www.scopus.com/inward/record.uri?partnerID=HzOxMe3b&scp=2342539012&origin=inward,adjacent-subtopic,"A method of translating natural language specifications of communication protocols into algebraic specifications is presented. Such a natural language specification specifies action sequences performed by the protocol machine (program). Usually, a sentence implicitly specifies the state of the protocol machine in which the described actions should be performed. A method of analyzing the implicitly specified states of the protocol machine is proposed, taking the OSI session protocol specification as an example. The method uses the following properties: (a) syntactic properties of a natural language; (b) syntactic properties introduced by the target algebraic specifications, e.g., subtype relations; and (c) properties of a data type, e.g., properties of timer. The results of applying this method to the main part of the OSI session protocol specification is shown.>",scopus,llm,0.980,unreviewed,,doi:10.1109/isre.1993.324853
discarded,Random resistor-capacitor network model of island metal films and three-dimensional metal-insulator composites,P. Šmilauer,1991,Thin Solid Films,10.1016/0040-6090(91)90510-5,https://www.scopus.com/inward/record.uri?partnerID=HzOxMe3b&scp=0026204834&origin=inward,off-topic-false-hit,A new random resistor-capacitor network model for the study of the a.c. properties of island metal films and three-dimensional metal-insulator composites is proposed. The model is a generalization of the random resistor network model (which is used in the study of the variable-range hopping conductivity): randomly placed sites representing metallic particles are interlinked by parallel R-C circuits. The a.c. response of this random impedance network is calculated using methods of percolation theory and a novel highly efficient algorithm for the network simplification. The correspondence between the frequency dependence of the real part of the network impedance and the distribution of time constants of R-C circuits in the backbone of the percolating cluster is established. The role played by the self-similar nature of the backbone and by its bottlenecks is also discussed.,scopus,llm,1.000,unreviewed,,doi:10.1016/0040-6090(91)90510-5
discarded,Antipattern and Code Smell False Positives: Preliminary Conceptualization and Classification,Francesca Arcelli Fontana; Jens B. Dietrich; Bartosz Walter; Aiko Fallas Yamashita; Marco Zanoni,2016,,10.1109/saner.2016.84,https://openalex.org/W2403793401,adjacent-subtopic,"Anti-patterns and code smells are archetypes used for describing software design shortcomings that can negatively affect software quality, in particular maintainability. Tools, metrics and methodologies have been developed to identify these archetypes, based on the assumption that they can point at problematic code. However, recent empirical studies have shown that some of these archetypes are ubiquitous in real world programs, and many of them are found not to be as detrimental to quality as previously conjectured. We are therefore interested in revisiting common anti-patterns and code smells, and building a catalogue of cases that constitute candidates for ""false positives"". We propose a preliminary classification of such false positives with the aim of facilitating a better understanding of the effects of anti-patterns and code smells in practice. We hope that the development and further refinement of such a classification can support researchers and tool vendors in their endeavour to develop more pragmatic, context-relevant detection and analysis tools for anti-patterns and code smells.",openalex,llm,0.980,unreviewed,,doi:10.1109/saner.2016.84
discarded,On the impact of code smells on the energy consumption of mobile applications,Fabio Palomba; Dario Di Nucci; Annibale Panichella; Andy Zaidman; Andrea De Lucia,2018,Information and Software Technology,10.1016/j.infsof.2018.08.004,https://openalex.org/W2509415277,adjacent-subtopic,"Abstract Context. The demand for green software design is steadily growing higher especially in the context of mobile devices, where the computation is often limited by battery life. Previous studies found how wrong programming solutions have a strong impact on the energy consumption. Objective. Despite the efforts spent so far, only a little knowledge on the influence of code smells, i.e.,symptoms of poor design or implementation choices, on the energy consumption of mobile applications is available. Method. To provide a wider overview on the relationship between smells and energy efficiency, in this paper we conducted a large-scale empirical study on the influence of 9 Android-specific code smells on the energy consumption of 60 Android apps. In particular, we focus our attention on the design flaws that are theoretically supposed to be related to non-functional attributes of source code, such as performance and energy consumption. Results. The results of the study highlight that methods affected by four code smell types, i.e.,Internal Setter, Leaking Thread, Member Ignoring Method, and Slow Loop, consume up to 87 times more than methods affected by other code smells. Moreover, we found that refactoring these code smells reduces energy consumption in all of the situations. Conclusions. Based on our findings, we argue that more research aimed at designing automatic refactoring approaches and tools for mobile apps is needed.",openalex,llm,0.990,unreviewed,,doi:10.1016/j.infsof.2018.08.004
discarded,Lightweight detection of Android-specific code smells: The aDoctor project,Fabio Palomba; Dario Di Nucci; Annibale Panichella; Andy Zaidman; Andrea De Lucia,2017,,10.1109/saner.2017.7884659,https://openalex.org/W2594575963,adjacent-subtopic,"Code smells are symptoms of poor design solutions applied by programmers during the development of software systems. While the research community devoted a lot of effort to studying and devising approaches for detecting the traditional code smells defined by Fowler, little knowledge and support is available for an emerging category of Mobile app code smells. Recently, Reimann et al. proposed a new catalogue of Android-specific code smells that may be a threat for the maintainability and the efficiency of Android applications. However, current tools working in the context of Mobile apps provide limited support and, more importantly, are not available for developers interested in monitoring the quality of their apps. To overcome these limitations, we propose a fully automated tool, coined ADOCTOR, able to identify 15 Android-specific code smells from the catalogue by Reimann et al. An empirical study conducted on the source code of 18 Android applications reveals that the proposed tool reaches, on average, 98% of precision and 98% of recall. We made ADOCTOR publicly available.",openalex,llm,0.990,unreviewed,,doi:10.1109/saner.2017.7884659
discarded,Automatic detection of bad smells in code: An experimental assessment.,Francesca Arcelli Fontana; Pietro Braione; Marco Zanoni,2012,The Journal of Object Technology,10.5381/jot.2012.11.2.a5,https://openalex.org/W2073792498,adjacent-subtopic,"Code smells are structural characteristics of software that may indicate a code or design problem that makes software hard to evolve and maintain, and may trigger refactoring of code.Recent research is active in defining automatic detection tools to help humans in finding smells when code size becomes unmanageable for manual review.Since the definitions of code smells are informal and subjective, assessing how effective code smell detection tools are is both important and hard to achieve.This paper reviews the current panorama of the tools for automatic code smell detection.It defines research questions about the consistency of their responses, their ability to expose the regions of code most affected by structural decay, and the relevance of their responses with respect to future software evolution.It gives answers to them by analyzing the output of four representative code smell detectors applied to six different versions of GanttProject, an open source system written in Java.The results of these experiments cast light on what current code smell detection tools are able to do and what the relevant areas for further improvement are.",openalex,llm,0.990,unreviewed,,doi:10.5381/jot.2012.11.2.a5
discarded,A Novel Approach for Code Smell Detection: An Empirical Study,Seema Dewangan; Rajwant Singh Rao; Alok Mishra; Manjari Gupta,2021,IEEE Access,10.1109/access.2021.3133810,https://openalex.org/W4205117944,adjacent-subtopic,"Code smells detection helps in improving understandability and maintainability of software while reducing the chances of system failure. In this study, six machine learning algorithms have been applied to predict code smells. For this purpose, four code smell datasets (God-class, Data-class, Feature-envy, and Long-method) are considered which are generated from 74 open-source systems. To evaluate the performance of machine learning algorithms on these code smell datasets, 10-fold cross validation technique is applied that predicts the model by partitioning the original dataset into a training set to train the model and test set to evaluate it. Two feature selection techniques are applied to enhance our prediction accuracy. The Chi-squared and Wrapper-based feature selection techniques are used to improve the accuracy of total six machine learning methods by choosing the top metrics in each dataset. Results obtained by applying these two feature selection techniques are compared. To improve the accuracy of these algorithms, grid search-based parameter optimization technique is applied. In this study, 100% accuracy was obtained for the Long-method dataset by using the Logistic Regression algorithm with all features while the worst performance 95.20 % was obtained by Naive Bayes algorithm for the Long-method dataset using the chi-square feature selection technique.",openalex,llm,0.990,unreviewed,,doi:10.1109/access.2021.3133810
discarded,The probe spectrum access method,Mark A. McHenry,2005,,10.1109/dyspan.2005.1542651,https://openalex.org/W2134624166,off-topic-false-hit,"This paper describes the probe spectrum access method. This dynamic spectrum access method can be used in the TV band to enable a system to transmit at high power levels (>1 W) without causing harmful interference. Each ""Frequency Agile Radio"" (FAR) transceiver measures the background spectrum to identify potential available channels. The system uses a high-processing gain probe waveform that enables propagation measurements to be made with minimal interference to the non-cooperative users. The system uses a modulation method to identify the FAR signal to all non-cooperative users via on/off amplitude modulation, allowing easy resolution of interference claims. Other TV band spectrum access methods do not enable high transmit power levels (>1 W) without causing interference to the existing users",openalex,llm,1.000,unreviewed,,doi:10.1109/dyspan.2005.1542651
discarded,Code Smell Detection Using Ensemble Machine Learning Algorithms,Seema Dewangan; Rajwant Singh Rao; Alok Mishra; Manjari Gupta,2022,Applied Sciences,10.3390/app122010321,https://openalex.org/W4306149605,adjacent-subtopic,"Code smells are the result of not following software engineering principles during software development, especially in the design and coding phase. It leads to low maintainability. To evaluate the quality of software and its maintainability, code smell detection can be helpful. Many machine learning algorithms are being used to detect code smells. In this study, we applied five ensemble machine learning and two deep learning algorithms to detect code smells. Four code smell datasets were analyzed: the Data class, the God class, the Feature-envy, and the Long-method datasets. In previous works, machine learning and stacking ensemble learning algorithms were applied to this dataset and the results found were acceptable, but there is scope of improvement. A class balancing technique (SMOTE) was applied to handle the class imbalance problem in the datasets. The Chi-square feature extraction technique was applied to select the more relevant features in each dataset. All five algorithms obtained the highest accuracy—100% for the Long-method dataset with the different selected sets of metrics, and the poorest accuracy, 91.45%, was achieved by the Max voting method for the Feature-envy dataset for the selected twelve sets of metrics.",openalex,llm,0.990,unreviewed,,doi:10.3390/app122010321
discarded,Improving change prediction models with code smell-related information,Gemma Catolino; Fabio Palomba; Francesca Arcelli Fontana; Andrea De Lucia; Andy Zaidman; Filomena Ferrucci,2019,Empirical Software Engineering,10.1007/s10664-019-09739-0,https://openalex.org/W2946009226,adjacent-subtopic,"Code smells are sub-optimal implementation choices applied by developers that have the effect of negatively impacting, among others, the change-proneness of the affected classes. Based on this consideration, in this paper we conjecture that code smell-related information can be effectively exploited to improve the performance of change prediction models, i.e., models having the goal of indicating which classes are more likely to change in the future. We exploit the so-called intensity index-a previously defined metric that captures the severity of a code smell-and evaluate its contribution when added as additional feature in the context of three state of the art change prediction models based on product, process, and developer-based features. We also compare the performance achieved by the proposed model with a model based on previously defined antipattern metrics, a set of indicators computed considering the history of code smells in files. Our results report that (i) the prediction performance of the intensity-including models is statistically better than the baselines and, (ii) the intensity is a better predictor than antipattern metrics. We observed some orthogonality between the set of change-prone and non-change-prone classes correctly classified by the models relying on intensity and antipattern metrics: for this reason, we also devise and evaluate a smell-aware combined change prediction model including product, process, developer-based, and smell-related features. We show that the F-Measure of this model is notably higher than other models.",openalex,llm,0.990,unreviewed,,doi:10.1007/s10664-019-09739-0
discarded,Do Code Smells Impact the Effort of Different Maintenance Programming Activities?,Zéphyrin Soh; Aiko Fallas Yamashita; Foutse Khomh; Yann‐Gaël Guéhéneuc,2016,,10.1109/saner.2016.103,https://openalex.org/W2394837668,adjacent-subtopic,"Empirical studies have shown so far that code smells have relatively low impact over maintenance effort at file level. We surmise that previous studies have found low effects of code smells because the effort considered is a ""sheer-effort"" that does not distinguish between the kinds of developers' activities. In our study, we investigate the effects of code smells at the activity level. Examples of activities are: reading, editing, searching, and navigating, which are performed independently over different files during maintenance. We conjecture that structural attributes represented in the form of different code smells do indeed have an effect on the effort for performing certain kinds of activities. To verify this conjecture, we revisit a previous study about the impact of code smell on maintenance effort, using the same dataset, but considering activity effort. Six professional developers were hired to perform three maintenance tasks on four functionally equivalent Java Systems. Each developer performs two maintenance tasks. During maintenance task, we monitor developers' logs. Then, we define an annotation schema to identify developers' activities and assess whether code smells affect different maintenance activities. Results show that different code smells affect differently activity effort. Yet, the size of the changes performed to solve the task impacts the effort of all activities more than code smells and file size. While code smells impact the editing and navigating effort more than file size, the file size impacts the reading and searching activities more than code smells. One major implication of these results is that if code smells indeed affect the effort of certain kinds of activities, it means that their effects are contingent on the type of maintenance task at hand, where some kinds of activities will become more predominant than others.",openalex,llm,0.950,unreviewed,,doi:10.1109/saner.2016.103
