status,title,authors,year,venue,doi,url,tags,abstract,provider,decision_source,llm_confidence,llm_review_outcome,llm_change_direction,paper_id
discarded,AMAS: a fast tool for alignment manipulation and computing of summary statistics,Marek L. Borowiec,2016,PeerJ,10.7717/peerj.1660,https://openalex.org/W2174364811,off-topic-false-hit,"The amount of data used in phylogenetics has grown explosively in the recent years and many phylogenies are inferred with hundreds or even thousands of loci and many taxa. These modern phylogenomic studies often entail separate analyses of each of the loci in addition to multiple analyses of subsets of genes or concatenated sequences. Computationally efficient tools for handling and computing properties of thousands of single-locus or large concatenated alignments are needed. Here I present AMAS (Alignment Manipulation And Summary), a tool that can be used either as a stand-alone command-line utility or as a Python package. AMAS works on amino acid and nucleotide alignments and combines capabilities of sequence manipulation with a function that calculates basic statistics. The manipulation functions include conversions among popular formats, concatenation, extracting sites and splitting according to a pre-defined partitioning scheme, creation of replicate data sets, and removal of taxa. The statistics calculated include the number of taxa, alignment length, total count of matrix cells, overall number of undetermined characters, percent of missing data, AT and GC contents (for DNA alignments), count and proportion of variable sites, count and proportion of parsimony informative sites, and counts of all characters relevant for a nucleotide or amino acid alphabet. AMAS is particularly suitable for very large alignments with hundreds of taxa and thousands of loci. It is computationally efficient, utilizes parallel processing, and performs better at concatenation than other popular tools. AMAS is a Python 3 program that relies solely on Python's core modules and needs no additional dependencies. AMAS source code and manual can be downloaded from http://github.com/marekborowiec/AMAS/ under GNU General Public License.",openalex,llm,0.980,unreviewed,,doi:10.7717/peerj.1660
discarded,Stably Computable Properties of Network Graphs,Dana Angluin; James Aspnes; Melody Chan; Michael J. Fischer; Hong Xu Jiang; René Peralta,2005,Lecture notes in computer science,10.1007/11502593_8,https://openalex.org/W1493079923,adjacent-subtopic,,openalex,llm,0.970,unreviewed,,doi:10.1007/11502593_8
discarded,DrugBank 3.0: a comprehensive resource for 'Omics' research on drugs,Craig Knox; Vivian Law; Timothy Jewison; P. Liu; S. Ly; Alex Frolkis; Allison Pon; K. Banco; C. Mak; Vanessa Neveu; Y. Djoumbou; Roman Eisner; An Chi Guo; David Scott Wishart,2010,Nucleic Acids Research,10.1093/nar/gkq1126,https://openalex.org/W2137052779,off-topic-false-hit,"DrugBank (http://www.drugbank.ca) is a richly annotated database of drug and drug target information. It contains extensive data on the nomenclature, ontology, chemistry, structure, function, action, pharmacology, pharmacokinetics, metabolism and pharmaceutical properties of both small molecule and large molecule (biotech) drugs. It also contains comprehensive information on the target diseases, proteins, genes and organisms on which these drugs act. First released in 2006, DrugBank has become widely used by pharmacists, medicinal chemists, pharmaceutical researchers, clinicians, educators and the general public. Since its last update in 2008, DrugBank has been greatly expanded through the addition of new drugs, new targets and the inclusion of more than 40 new data fields per drug entry (a 40% increase in data 'depth'). These data field additions include illustrated drug-action pathways, drug transporter data, drug metabolite data, pharmacogenomic data, adverse drug response data, ADMET data, pharmacokinetic data, computed property data and chemical classification data. DrugBank 3.0 also offers expanded database links, improved search tools for drug-drug and food-drug interaction, new resources for querying and viewing drug pathways and hundreds of new drug entries with detailed patent, pricing and manufacturer data. These additions have been complemented by enhancements to the quality and quantity of existing data, particularly with regard to drug target, drug description and drug action data. DrugBank 3.0 represents the result of 2 years of manual annotation work aimed at making the database much more useful for a wide range of 'omics' (i.e. pharmacogenomic, pharmacoproteomic, pharmacometabolomic and even pharmacoeconomic) applications.",openalex,llm,1.000,unreviewed,,doi:10.1093/nar/gkq1126
discarded,Creation and analysis of biochemical constraint-based models using the COBRA Toolbox v.3.0,Laurent Heirendt; Sylvain Arreckx; Thomas Pfau; Sebastián N. Mendoza; Anne Richelle; Almut Heinken; Hulda S. Haraldsdóttir; Jacek Wachowiak; Sarah Keating; Vanja Vlasov; Stefanía Magnúsdóttir; Chiam Yu Ng; German Preciat; Alise Žagare; Siu Hung Joshua Chan; Maike Kathrin Aurich; Catherine M. Clancy; Jennifer Modamio; John T. Sauls; Alberto Noronha; Aarash Bordbar; Benjamin R. Cousins; Diana Charles El Assal; Luis V. Valcárcel; Iñigo Apaolaza; Susan Ghaderi; Masoud Ahookhosh; Marouen Ben Guebila; Andrejs Kostromins; Nicolas Sompairac; Hoai Minh Le; Ding Ma; Yuekai Sun; Lin Wang; James T. Yurkovich; Miguel A. P. Oliveira; Phan Tu Vuong; Lemmer P. El Assal; Inna Kuperstein; Andrei Y. Zinovyev; Harvard S. Hinton; William A Bryant; Francisco J. Aragón Artacho; Francisco J. Planes; Egils Stalidzāns; Alejandro Maass; Santosh Vempala; Michael Hucka; Michael A. Saunders; Costas D. Maranas; Nathan E. Lewis; Thomas Sauter; Bernhard Ørn Palsson; Ines Thiele; Ronan M. T. Fleming,2019,Nature Protocols,10.1038/s41596-018-0098-2,https://openalex.org/W2762019694,off-topic-false-hit,"Constraint-based reconstruction and analysis (COBRA) provides a molecular mechanistic framework for integrative analysis of experimental molecular systems biology data and quantitative prediction of physicochemically and biochemically feasible phenotypic states. The COBRA Toolbox is a comprehensive desktop software suite of interoperable COBRA methods. It has found widespread application in biology, biomedicine, and biotechnology because its functions can be flexibly combined to implement tailored COBRA protocols for any biochemical network. This protocol is an update to the COBRA Toolbox v.1.0 and v.2.0. Version 3.0 includes new methods for quality-controlled reconstruction, modeling, topological analysis, strain and experimental design, and network visualization, as well as network integration of chemoinformatic, metabolomic, transcriptomic, proteomic, and thermochemical data. New multi-lingual code integration also enables an expansion in COBRA application scope via high-precision, high-performance, and nonlinear numerical optimization solvers for multi-scale, multi-cellular, and reaction kinetic modeling, respectively. This protocol provides an overview of all these new features and can be adapted to generate and analyze constraint-based models in a wide variety of scenarios. The COBRA Toolbox v.3.0 provides an unparalleled depth of COBRA methods. The COBRA toolbox provides quality-controlled reconstruction, modeling, topological analysis, and network visualization, as well as network integration of chemoinformatic, metabolomic, transcriptomic, proteomic, and thermochemical data.",openalex,llm,0.980,unreviewed,,doi:10.1038/s41596-018-0098-2
discarded,Experimental determination of acoustic properties using a two-microphone random-excitation technique,Andrew F. Seybert; David F. Ross,1977,The Journal of the Acoustical Society of America,10.1121/1.381403,https://openalex.org/W4236868207,off-topic-false-hit,"An experimental technique is presented for the determination of normal acoustic properties in a tube, including the effect of mean flow. An acoustic source is driven by Gaussian white noise to produce a randomly fluctuating sound field in a tube terminated by the system under investigation. Two stationary, wall-mounted microphones measure the sound pressure at arbitrary but known positions in the tube. Theory is developed, including the effect of mean flow, showing that the incident- and reflected-wave spectra, and the phase angle between the incident and reflected waves, can be determined from measurement of the auto- and cross-spectra of the two microphone signals. Expressions for the normal specific acoustic impedance and the reflection coefficient of the tube termination are developed for a random sound field in the tube. Three no-flow test cases are evaluated using the two-microphone random-excitation technique: a closed tube of specified length, an open, unbaffled tube of specified length, and a prototype automotive muffler. Comparison is made between results using the present method and approximate theory and results from the traditional standing-wave method. In all cases agreement between the two-microphone random-excitation method and comparison data is excellent. The two-microphone random-excitation technique can be used to evaluate acoustic properties very rapidly since no traversing is necessary and since random excitation is used (in each of three test cases only 7 sec of continuous data was needed). In addition, the bandwidth may be made arbitrarily small, within limits, so that the computed properties will have a high degree of frequency resolution.",openalex,llm,1.000,unreviewed,,doi:10.1121/1.381403
discarded,Mechanical program analysis,Ben Wegbreit,1975,Communications of the ACM,10.1145/361002.361016,https://openalex.org/W2003295303,adjacent-subtopic,"One means of analyzing program performance is by deriving closed-form expressions for their execution behavior. This paper discusses the mechanization of such analysis, and describes a system, Metric, which is able to analyze simple Lisp programs and produce, for example, closed-form expressions for their running time expressed in terms of size of input. This paper presents the reasons for mechanizing program analysis, describes the operation of Metric, explains its implementation, and discusses its limitations.",openalex,llm,0.990,unreviewed,,doi:10.1145/361002.361016
discarded,Enhancing materials property prediction by leveraging computational and experimental data using deep transfer learning,Dipendra Jha; Kamal Kumar Choudhary; Francesca Tavazza; Wei‐keng Liao; Alok Choudhary; Carelyn E. Campbell; Ankit Agrawal,2019,Nature Communications,10.1038/s41467-019-13297-w,https://openalex.org/W2990015413,off-topic-false-hit,"The current predictive modeling techniques applied to Density Functional Theory (DFT) computations have helped accelerate the process of materials discovery by providing significantly faster methods to scan materials candidates, thereby reducing the search space for future DFT computations and experiments. However, in addition to prediction error against DFT-computed properties, such predictive models also inherit the DFT-computation discrepancies against experimentally measured properties. To address this challenge, we demonstrate that using deep transfer learning, existing large DFT-computational data sets (such as the Open Quantum Materials Database (OQMD)) can be leveraged together with other smaller DFT-computed data sets as well as available experimental observations to build robust prediction models. We build a highly accurate model for predicting formation energy of materials from their compositions; using an experimental data set of [Formula: see text] observations, the proposed approach yields a mean absolute error (MAE) of [Formula: see text] eV/atom, which is significantly better than existing machine learning (ML) prediction modeling based on DFT computations and is comparable to the MAE of DFT-computation itself.",openalex,llm,1.000,unreviewed,,doi:10.1038/s41467-019-13297-w
discarded,Saccharomyces cerevisiae phenotypes can be predicted by using constraint-based analysis of a genome-scale reconstructed metabolic network,Iman Famili; Jochen Förster; JENS KVIST NIELSEN; Bernhard Ørn Palsson,2003,Proceedings of the National Academy of Sciences,10.1073/pnas.2235812100,https://openalex.org/W2163823651,off-topic-false-hit,"Full genome sequences of prokaryotic organisms have led to reconstruction of genome-scale metabolic networks and in silico computation of their integrated functions. The first genome-scale metabolic reconstruction for a eukaryotic cell, Saccharomyces cerevisiae, consisting of 1,175 metabolic reactions and 733 metabolites, has appeared. A constraint-based in silico analysis procedure was used to compute properties of the S. cerevisiae metabolic network. The computed number of ATP molecules produced per pair of electrons donated to the electron transport system (ETS) and energy-maintenance requirements were quantitatively in agreement with experimental results. Computed whole-cell functions of growth and metabolic by-product secretion in aerobic and anaerobic culture were consistent with experimental data, and thus mRNA expression profiles during metabolic shifts were computed. The computed consequences of gene knockouts on growth phenotypes were consistent with experimental observations. Thus, constraint-based analysis of a genome-scale metabolic network for the eukaryotic S. cerevisiae allows for computation of its integrated functions, producing in silico results that were consistent with observed phenotypic functions for approximately 70-80% of the conditions considered.",openalex,llm,1.000,unreviewed,,doi:10.1073/pnas.2235812100
discarded,Single-Atom Catalysts across the Periodic Table,Selina K. Kaiser; Zupeng Chen; Dario Faust Akl; Sharon Mitchell; Javier Pérez‐Ramírez,2020,Chemical Reviews,10.1021/acs.chemrev.0c00576,https://openalex.org/W3093925967,off-topic-false-hit,"Isolated atoms featuring unique reactivity are at the heart of enzymatic and homogeneous catalysts. In contrast, although the concept has long existed, single-atom heterogeneous catalysts (SACs) have only recently gained prominence. Host materials have similar functions to ligands in homogeneous catalysts, determining the stability, local environment, and electronic properties of isolated atoms and thus providing a platform for tailoring heterogeneous catalysts for targeted applications. Within just a decade, we have witnessed many examples of SACs both disrupting diverse fields of heterogeneous catalysis with their distinctive reactivity and substantially enriching our understanding of molecular processes on surfaces. To date, the term SAC mostly refers to late transition metal-based systems, but numerous examples exist in which isolated atoms of other elements play key catalytic roles. This review provides a compositional encyclopedia of SACs, celebrating the 10th anniversary of the introduction of this term. By defining single-atom catalysis in the broadest sense, we explore the full elemental diversity, joining different areas across the whole periodic table, and discussing historical milestones and recent developments. In particular, we examine the coordination structures and associated properties accessed through distinct single-atom-host combinations and relate them to their main applications in thermo-, electro-, and photocatalysis, revealing trends in element-specific evolution, host design, and uses. Finally, we highlight frontiers in the field, including multimetallic SACs, atom proximity control, and possible applications for multistep and cascade reactions, identifying challenges, and propose directions for future development in this flourishing field.",openalex,llm,1.000,unreviewed,,doi:10.1021/acs.chemrev.0c00576
