status,title,authors,year,venue,doi,url,tags,abstract,provider,decision_source,llm_confidence,llm_review_outcome,llm_change_direction,paper_id
discarded,Profunctor Optics: Modular Data Accessors,M. Pickering,2017,Art Science and Engineering of Programming,10.22152/programming-journal.org/2017/1/7,https://www.scopus.com/inward/record.uri?partnerID=HzOxMe3b&scp=85051101131&origin=inward,adjacent-subtopic,"CONTEXT: Data accessors allow one to read and write components of a data structure, such as the fields of a record, the variants of a union, or the elements of a container. These data accessors are collectively known as optics; they are fundamental to programs that manipulate complex data. INQUIRY: Individual data accessors for simple data structures are easy to write, for example as pairs of ""getter"" and ""setter"" methods. However, it is not obvious how to combine data accessors, in such a way that data accessors for a compound data structure are composed out of smaller data accessors for the parts of that structure. Generally, one has to write a sequence of statements or declarations that navigate step by step through the data structure, accessing one level at a time - which is to say, data accessors are traditionally not first-class citizens, combinable in their own right. APPROACH: We present a framework for modular data access, in which individual data accessors for simple data structures may be freely combined to obtain more complex data accessors for compound data structures. Data accessors become first-class citizens. The framework is based around the notion of profunctors, a flexible generalization of functions. KNOWLEDGE: The language features required are higher-order functions (""lambdas"" or ""closures""), parametrized types (""generics"" or ""abstract types""), and some mechanism for separating interfaces from implementations (""abstract classes"" or ""modules""). We use Haskell as a vehicle in which to present our constructions, but languages such as Java, C#, or Scala that provide the necessary features should work just as well. GROUNDING: We provide implementations of all our constructions, in the form of a literate program: the manuscript file for the paper is also the source code for the program, and the extracted code is available separately for evaluation. We also prove the essential properties demonstrating that our profunctor-based representations are precisely equivalent to the more familiar concrete representations. IMPORTANCE: Our results should pave the way to simpler ways of writing programs that access the components of compound data structures.",scopus,llm,0.880,unreviewed,,doi:10.22152/programming-journal.org/2017/1/7
discarded,"Combining Supervisory Control, object-oriented petri-nets and 3d simulation for hybrid simulation systems using a flexible meta data approach",J. Rossmann,2013,Simultech 2013 Proceedings of the 3rd International Conference on Simulation and Modeling Methodologies Technologies and Applications,,https://www.scopus.com/inward/record.uri?partnerID=HzOxMe3b&scp=84888406982&origin=inward,adjacent-subtopic,,scopus,llm,0.940,unreviewed,,hash:26c5869b58502273
kept,On the use of properties in Java applications,M. Lumpe,2010,Proceedings of the Australian Software Engineering Conference ASWEC,10.1109/ASWEC.2010.35,https://www.scopus.com/inward/record.uri?partnerID=HzOxMe3b&scp=77954322306&origin=inward,qualifies-claim; accessor-practice,"When building software systems, developers have to weigh the benefits of using one specific solution approach against the risks and costs of using another one. This process is not random. Certain preferences, architectural styles, and solution domain pressures create systematic biases that we can measure in order to assess their impact on the system being built and the underlying development process itself. In this paper we explore, whether the getter and setter methods in Java give rise to a bias also. Getter and setter methods, called ""properties"", are perceived commonplace and considered by some as a threat to data encapsulation. However, little empirical evidence exists that can reliably inform us about the real impact of the use of properties in Java. For this reason, we examined 102 open-source Java systems and discovered that properties are employed much more carefully than one might expect. Contrary to some folklore, developers use properties not just to gain access to an object's private state, but in a systematic and responsible manner and, in general, consistent with the domain requirements of the developed software system.",scopus,llm_reviewed,0.970,confirmed,,doi:10.1109/aswec.2010.35
discarded,Cystatin C-Properties and use as diagnostic marker,ANDERS O. GRUBB,2001,Advances in clinical chemistry,10.1016/s0065-2423(01)35015-1,https://openalex.org/W1496215511,off-topic-false-hit,"This chapter focuses on the most well characterized inhibitors—cystatin C—and provide some information on its structure, biochemical properties, its role in normal and abnormal physiological processes, as well as on its use as a diagnostic marker. A major part of the cysteine proteases are evolutionary related to the structurally well–defined cysteine protease papain and are called papain–like cysteine proteases. The biological roles and the cystatin superfamily inhibitors of papain–like cystein proteases are also discussed. The aminoacid sequence and schematic structure of human cystatin C is also presented. The evolutionary relationships among all known inhibitory active human cystatins and kininogen cystatin domains are diagrammatically represented. The distribution of cystatins in body fluids and additional functions attributed to cystatin C are described. The serum or plasma cystatin C is used as a marker for glomerular filtration rate (GFR). The urine cystatin C is used as a marker for proximal tubular damage. The two types of brain hemorrhage associated with Cystatin C amyloid deposits are also demonstrated. The conditions connected with deposition of amyloid β–protein in cystatin C and cerebral hemorrhage is also provided.",openalex,llm,1.000,unreviewed,,doi:10.1016/s0065-2423(01)35015-1
discarded,Query by image and video content: the QBIC system,Myron Flickner; Harpreet Sawhney; Wayne Niblack; J. Ashley; Qian Huang; Byron Dom; Monika Gorkani; J. Hafner; D. Lee; Dragutin Petković; David A. Steele; Peter Yanker,1995,Computer,10.1109/2.410146,https://openalex.org/W2144679084,adjacent-subtopic,"Research on ways to extend and improve query methods for image databases is widespread. We have developed the QBIC (Query by Image Content) system to explore content-based retrieval methods. QBIC allows queries on large image and video databases based on example images, user-constructed sketches and drawings, selected color and texture patterns, camera and object motion, and other graphical information. Two key properties of QBIC are (1) its use of image and video content-computable properties of color, texture, shape and motion of images, videos and their objects-in the queries, and (2) its graphical query language, in which queries are posed by drawing, selecting and other graphical means. This article describes the QBIC system and demonstrates its query capabilities. QBIC technology is part of several IBM products.>",openalex,llm,0.990,unreviewed,,doi:10.1109/2.410146
discarded,Query by Image and Video Content: The QBIC System,Myron Flickner; Harpreet Sawhney; Wayne Niblack; Jonathan J. Ashley; Qian Huang; Byron Dom; Monika Gorkani; Jim Hafner; Denis Lee; Dragutin Petković; David A. Steele; Peter Yanker,2002,Elsevier eBooks,10.1016/b978-155860651-7/50108-x,https://openalex.org/W2160066518,off-topic-false-hit,,openalex,llm,0.980,unreviewed,,doi:10.1016/b978-155860651-7/50108-x
discarded,Analytic Self-Consistent Field Wavefunctions and Computed Properties for Homonuclear Diatomic Molecules,Arnold C. Wahl,1964,The Journal of Chemical Physics,10.1063/1.1726327,https://openalex.org/W1982568518,off-topic-false-hit,The analytic and computational framework for Hartree—Fock—Roothaan calculations on homonuclear diatomic molecules is presented. Several approaches to calculating the wavefunction are sketched as well as methods of computing molecular properties from the wavefunction. Emphasis is given to the efficient organization of these calculations for existing digital computers. Typical results obtained through the application of the programs and techniques developed are presented for the fluorine molecule.,openalex,llm,1.000,unreviewed,,doi:10.1063/1.1726327
discarded,Reservoir Computing Properties of Neural Dynamics in Prefrontal Cortex,Pierre Enel; Emmanuel Procyk; René Quilodran; Peter Ford Dominey,2016,PLoS Computational Biology,10.1371/journal.pcbi.1004967,https://openalex.org/W2414006382,off-topic-false-hit,"Primates display a remarkable ability to adapt to novel situations. Determining what is most pertinent in these situations is not always possible based only on the current sensory inputs, and often also depends on recent inputs and behavioral outputs that contribute to internal states. Thus, one can ask how cortical dynamics generate representations of these complex situations. It has been observed that mixed selectivity in cortical neurons contributes to represent diverse situations defined by a combination of the current stimuli, and that mixed selectivity is readily obtained in randomly connected recurrent networks. In this context, these reservoir networks reproduce the highly recurrent nature of local cortical connectivity. Recombining present and past inputs, random recurrent networks from the reservoir computing framework generate mixed selectivity which provides pre-coded representations of an essentially universal set of contexts. These representations can then be selectively amplified through learning to solve the task at hand. We thus explored their representational power and dynamical properties after training a reservoir to perform a complex cognitive task initially developed for monkeys. The reservoir model inherently displayed a dynamic form of mixed selectivity, key to the representation of the behavioral context over time. The pre-coded representation of context was amplified by training a feedback neuron to explicitly represent this context, thereby reproducing the effect of learning and allowing the model to perform more robustly. This second version of the model demonstrates how a hybrid dynamical regime combining spatio-temporal processing of reservoirs, and input driven attracting dynamics generated by the feedback neuron, can be used to solve a complex cognitive task. We compared reservoir activity to neural activity of dorsal anterior cingulate cortex of monkeys which revealed similar network dynamics. We argue that reservoir computing is a pertinent framework to model local cortical dynamics and their contribution to higher cognitive function.",openalex,llm,1.000,unreviewed,,doi:10.1371/journal.pcbi.1004967
discarded,Programs for computing properties of coastal-trapped waves and wind-driven motions over the continental shelf and slope,K. H. Brink; David C. Chapman,1985,Woods Hole Oceanographic Institution eBooks,10.1575/1912/5363,https://openalex.org/W2263908194,off-topic-false-hit,Documentation and listings are presented for a sequence of computer programs to be used for problems in continental shelf dynamics.Three of the programs are to be used for computing properties of free and forced coastal-trapped waves.A final program may be used to compute wind-driven fluctuations over the continental shelf and slope.i.oo/~ = 310 cm/s.Note that he had h(O) = 0. CHAPTER 4 NEAR-INERTIAL COASTAL-TRAPPED WAVES WITH STRATIFICATION AND TOPOGRAPHY Documentation for CROSSA.,openalex,llm,1.000,unreviewed,,doi:10.1575/1912/5363
discarded,Programs for computing properties of coastal-trapped waves and wind-driven motions over the continental shelf and slope,K. H. Brink; David C. Chapman,1987,Woods Hole Oceanographic Institution eBooks,10.1575/1912/5368,https://openalex.org/W4233804855,off-topic-false-hit,"Documentation and listings are presented for a sequence of computer programs to be used for problems in continental shelf dynamics.Three of the programs are to be used for computing properties of free and forced coastal-trapped waves.A final program may be used to compute wind-driven fluctuations over the continental shelf and slope.This second edition includes several minor revisions and corrections in the computer code and the documentation.i.4) BIGDRV2: Wind-driven motions over the continental margin (e.g.Clarke and Brink, 1985).The velocity, pressure and density fluctuations driven by a wind stress of the form i(x) exp[i(wt + ~y)] can be computed for general topography, stratification and bottom friction.Finally, the user should be aware that programs BTCSW and CROSS require very little CPU time to complete, whereas program BIGLOAD2 uses approximately one minute of CPU time for each point on a dispersion curve and program BIGDRV2 requires approximately one minute of CPU time to complete (both on a VAX 11/780).4",openalex,llm,1.000,unreviewed,,doi:10.1575/1912/5368
discarded,Recommendations for Improving Serum Creatinine Measurement: A Report from the Laboratory Working Group of the National Kidney Disease Education Program,Gary L. Myers,2005,Clinical Chemistry,10.1373/clinchem.2005.0525144,https://openalex.org/W2104443849,off-topic-false-hit,"BACKGROUND: Reliable serum creatinine measurements in glomerular filtration rate (GFR) estimation are critical to ongoing global public health efforts to increase the diagnosis and treatment of chronic kidney disease (CKD). We present an overview of the commonly used methods for the determination of serum creatinine, method limitations, and method performance in conjunction with the development of analytical performance criteria. Available resources for standardization of serum creatinine measurement are discussed, and recommendations for measurement improvement are given. METHODS: The National Kidney Disease Education Program (NKDEP) Laboratory Working Group reviewed problems related to serum creatinine measurement for estimating GFR and prepared recommendations to standardize and improve creatinine measurement. RESULTS: The NKDEP Laboratory Working Group, in collaboration with international professional organizations, has developed a plan that enables standardization and improved accuracy (trueness) of serum creatinine measurements in clinical laboratories worldwide that includes the use of the estimating equation for GFR based on serum creatinine concentration that was developed from the Modification of Diet in Renal Disease (MDRD) study. CONCLUSIONS: The current variability in serum creatinine measurements renders all estimating equations for GFR, including the MDRD Study equation, less accurate in the normal and slightly increased range of serum creatinine concentrations [<133 micromol/L (1.5 mg/dL)], which is the relevant range for detecting CKD [<60 mL.min(-1).(1.73 m2)(-1)]. Many automated routine methods for serum creatinine measurement meet or exceed the required precision; therefore, reduction of analytical bias in creatinine assays is needed. Standardization of calibration does not correct for analytical interferences (nonspecificity bias). The bias and nonspecificity problems associated with some of the routine methods must be addressed.",openalex,llm,1.000,unreviewed,,doi:10.1373/clinchem.2005.0525144
discarded,A high-throughput infrastructure for density functional theory calculations,Anubhav Jain; Geoffroy Hautier; Charles J. Moore; Shyue Ping Ong; Christopher C. Fischer; Tim Mueller; Kristin Aslaug Persson; Gerbrand Ceder,2011,Computational Materials Science,10.1016/j.commatsci.2011.02.023,https://openalex.org/W2162653998,off-topic-false-hit,"The use of high-throughput density functional theory (DFT) calculations to screen for new materials and conduct fundamental research presents an exciting opportunity for materials science and materials innovation. High-throughput DFT typically involves computations on hundreds, thousands, or tens of thousands of compounds, and such a change of scale requires new calculation and data management methodologies. In this article, we describe aspects of the necessary data infrastructure for such projects to handle data generation and data analysis in a scalable way. We discuss the problem of accurately computing properties of compounds across diverse chemical spaces with a single exchange correlation functional, and demonstrate that errors in the generalized gradient approximation are highly dependent on chemical environment. (C) 2011 Elsevier B.V. All rights reserved.",openalex,llm,0.990,unreviewed,,doi:10.1016/j.commatsci.2011.02.023
discarded,The intelligent use of space,David Kirsh,1995,Artificial Intelligence,10.1016/0004-3702(94)00017-u,https://openalex.org/W2153137796,off-topic-false-hit,"The objective of this essay is to provide the beginning of a principled classification of some of the ways space is intelligently used. Studies of planning have typically focused on the temporal ordering of action, leaving as unaddressed, questions of where to lay down instruments, ingredients, work-in-progress, and the like. But, in having a body, we are spatially located creatures: we must always be facing some direction, have only certain objects in view, be within reach of certain others. How we manage the spatial arrangement of items around us, is not an afterthought; it is an integral part of the way we think, plan and behave. The proposed classification has three main categories: spatial arrangements that simplify choice; spatial arrangements that simplify perception; and spatial dynamics that simplify internal computation. The data for such a classification is drawn from videos of cooking, assembly and packing, everyday observations in supermarkets, workshops and playrooms, and experimental studies of subjects playing Tetris, the computer game. This study, therefore, focusses on interactive processes in the medium and short term: on how agents set up their workplace for particular tasks, and how they continuously manage that workplace.",openalex,llm,0.980,unreviewed,,doi:10.1016/0004-3702(94)00017-u
discarded,Molecular Similarity Indices in a Comparative Analysis (CoMSIA) of Drug Molecules to Correlate and Predict Their Biological Activity,Gerhard Klebe; Ute Abraham; Thomas Mietzner,1994,Journal of Medicinal Chemistry,10.1021/jm00050a010,https://openalex.org/W2026610312,off-topic-false-hit,"An alternative approach is reported to compute property fields based on similarity indices of drug molecules that have been brought into a common alignment. The fields of different physicochemical properties use a Gaussian-type distance dependence, and no singularities occur at the atomic positions. Accordingly, no arbitrary definitions of cutoff limits and deficiencies due to different slopes of the fields are encountered. The fields are evaluated by a PLS analysis similar to the CoMFA formalism. Two data sets of steroids binding to the corticosteroid-binding-globulin and thermolysin inhibitors were analyzed in terms of the conventional CoMFA method (Lennard-Jones and Coulomb potential fields) and the new comparative molecular similarity indices analysis (CoMSIA). Models of comparative statistical significance were obtained. Field contribution maps were produced for the different models. Due to cutoff settings in the CoMFA fields and the steepness of the potentials close to the molecular surface, the CoMFA maps are often rather fragmentary and not contiguously connected. This makes their interpretation difficult. The maps obtained by the new CoMSIA approach are superior and easier to interpret. Whereas the CoMFA maps denote regions apart from the molecules where interactions with a putative environment are to be expected, the CoMSIA maps highlight those regions within the area occupied by the ligand skeletons that require a particular physicochemical property important for activity. This is a more significant guide to trace the features that really matter especially with respect to the design of novel compounds.",openalex,llm,1.000,unreviewed,,doi:10.1021/jm00050a010
