status,title,authors,year,venue,doi,url,tags,abstract,provider,decision_source,llm_confidence,llm_review_outcome,llm_change_direction,paper_id
discarded,A fair distributed queue dual bus access method,K.M. Khalil; M.E. Koblentz,2003,,10.1109/lcn.1989.65260,https://openalex.org/W1631120269,adjacent-subtopic,"The distributed queue dual bus (DQDB) has emerged as a proposed draft standard of the IEEE 802.6 Metropolitan Area Network Working Group. DQDB nodes using the queued arbitrated access mechanism are shown to access the transmission medium in a way that depends on their physical locations with respect to other nodes. The fundamental reasons for this asymmetric access property are analyzed in detail and simulation modeling results are shown that verify the analysis. A modified access control mechanism is proposed that augments the normal DQDB information about downstream nodes with status information about upstream nodes, thereby allowing the distributed queue to behave like a centralized queue with a round-robin queueing discipline. This method is based on distributed control of the slot reservation requests in order to minimize the effects of propagation delay and allow multiple simultaneous entries in the distributed queue. For each DQDB priority level, this may be accomplished by the addition of two bits in the access control field and two counters per bus. The proposed mechanism is shown to be robust in the presence of transmission errors in the access control bits.>",openalex,llm,1.000,unreviewed,,doi:10.1109/lcn.1989.65260
discarded,Review of rope‐based access methods for the forest canopy: safe and unsafe practices in published information sources and a summary of current methods,David L. Anderson; Will Koomjian; Brian French; Scott R. Altenhoff; James Luce,2015,Methods in Ecology and Evolution,10.1111/2041-210x.12393,https://openalex.org/W2001524663,off-topic-false-hit,"Summary The availability of reliable information on tree climbing methods is critical for the development of canopy science and for the safety of workers accessing the forest canopy. To assess the breadth and quality of information contained in published climbing information, we performed searches in Web of Science and Google Scholar and evaluated 54 published sources on 10 predetermined criteria related to safety. We found a high incidence of unsafe recommendations that, if followed, could result in serious injury or death. Common errors included recommendations for equipment not suitable for tree climbing, advocating methods suitable for rock climbing but that can result in falls and trauma in tree climbing, and outdated information that no longer reflects best practices. We conclude by providing safety recommendations and a short review of tree climbing methods. This article thus serves as a guide for finding and interpreting best sources of methods for canopy access.",openalex,llm,1.000,unreviewed,,doi:10.1111/2041-210x.12393
discarded,Development of Ultrasonic Multiple Access Method Based on M-Sequence Code,Yong Wang; Takehiko Siginouchi; Masahiko Hashimoto; Hiroyuki Hachiya,2007,Japanese Journal of Applied Physics,10.1143/jjap.46.4490,https://openalex.org/W2003245413,off-topic-false-hit,"Sonar systems are currently used in automobiles or mobile robots. When multiple active sonar systems operate in a small area, ultrasonic interference is a serious problem. In this paper, we propose an ultrasonic multiple access method (UMAM), in order to realize aerial active sonar systems that can operate in an interference environment. From experimental results, the proposed UMAM was shown to be useful for a highly precise measurement in such an interference environment.",openalex,llm,0.990,unreviewed,,doi:10.1143/jjap.46.4490
discarded,TBSAM: an access method for efficient processing of statistical queries,Jaideep Srivastava; Jian Tan; Vincent Y. Lum,1989,IEEE Transactions on Knowledge and Data Engineering,10.1109/69.43417,https://openalex.org/W2167150678,adjacent-subtopic,"The domain of statistical and scientific databases is targeted here, and the class of aggregate queries which are very often encountered in this domain is considered. Such a query is aimed at retrieving some aggregate characteristics of the raw data. The tree-based statistics access method (TBSAM), which provides support for the efficient processing of aggregate queries, is presented. It is related to the B/sup +/-tree and also processes the B/sup +/-tree's efficient update properties. Complementing TBSAM is the provision of a grouped update algorithm for minimizing expensive indexed database updates.>",openalex,llm,1.000,unreviewed,,doi:10.1109/69.43417
discarded,THE SECOND-GENERATION GUIDE STAR CATALOG: DESCRIPTION AND PROPERTIES,Barry M. Lasker; Mario G. Lattanzi; Brian J. McLean; Beatrice Bucciarelli; R. Drimmel; Jorge Garcia; Gretchen Greene; Fabrizia Guglielmetti; Christopher Hanley; George Hawkins; Victoria G. Laidler; Charles Loomis; Michael Meakes; R. Mignani; R. Morbidelli; Jane Morrison; Renato Pannunzio; Amy Rosenberg; Maria Sarasso; Richard L. Smart; Alessandro Spagna; Conrad R. Sturch; A. Volpicelli; Richard L. White; David Wolfe; Andrea Zacchei,2008,The Astronomical Journal,10.1088/0004-6256/136/2/735,https://openalex.org/W2015359974,off-topic-false-hit,"The Guide Star Catalog II (GSC-II) is an all-sky database of objects derived from the uncompressed Digitized Sky Surveys that the Space Telescope Science Institute has created from the Palomar and UK Schmidt survey plates and made available to the community. Like its predecessor (GSC-I), the GSC-II was primarily created to provide guide star information and observation planning support for Hubble Space Telescope . This version, however, is already employed at some of the ground-based new-technology telescopes such as GEMINI, VLT, and TNG, and will also be used to provide support for the James Webb Space Telescope ( JWST ) and GAIA space missions as well as the Large Sky Area Multi-Object Fiber Spectroscopic Telescope, one of the major ongoing scientific projects in China. Two catalogs have already been extracted from the GSC-II database and released to the astronomical community. A magnitude-limited ( R F = 18.0) version, GSC2.2, was distributed soon after its production in 2001, while the GSC2.3 release has been available for general access since 2007. The GSC2.3 catalog described in this paper contains astrometry, photometry, and classification for 945,592,683 objects down to the magnitude limit of the plates. Positions are tied to the International Celestial Reference System; for stellar sources, the all-sky average absolute error per coordinate ranges from 0 2 to 0 28 depending on magnitude. When dealing with extended objects, astrometric errors are 20% worse in the case of galaxies and approximately a factor of 2 worse for blended images. Stellar photometry is determined to 0.13–0.22 mag as a function of magnitude and photographic passbands ( R F , B J , I N ). Outside of the galactic plane, stellar classification is reliable to at least 90% confidence for magnitudes brighter than R F = 19.5, and the catalog is complete to R F = 20.",openalex,llm,0.990,unreviewed,,doi:10.1088/0004-6256/136/2/735
discarded,Linked Open Vocabularies (LOV): A gateway to reusable semantic vocabularies on the Web,Pierre-Yves Vandenbussche; Ghislain Auguste Atemezing; María Poveda‐Villalón; Bernard Vatant,2016,Semantic Web,10.3233/sw-160213,https://openalex.org/W2281806033,adjacent-subtopic,"One of the major barriers to the deployment of Linked Data is the difficulty that data publishers have in determining which vocabularies to use to describe the semantics of data. This systematic report describes Linked Open Vocabularies (LOV), a high-quality catalogue of reusable vocabularies for t he description of data on the Web. The LOV initiative gathers and makes visible indicators such as the interconnections between vocabularies and each vocabulary’s version history, along with past and current editor (individual or organization). The report details the various components of the system along with some innovations, such as the introduction of a property-level boost in the vocabulary search scoring that takes into account the property’s type (e.g., dc:comment) associated with a matching literal value. By providing an extensive range of data access methods (full-text search, SPARQL endpoint, API, data dump or UI), the project aims at facilitating the reuse of well-documented vocabularies in the Linked Data ecosystem. The adoption of LOV by many applications and methods shows the importance of such a set of vocabularies and related features for ontology design and the publication of data on the Web.",openalex,llm,0.990,unreviewed,,doi:10.3233/sw-160213
discarded,Performance modeling of asynchronous data transfer methods of IEEE 802.11 MAC protocol,H.S. Chhaya; Sanjay Kumar Gupta,1997,Wireless Networks,10.1023/a:1019109301754,https://openalex.org/W1673008520,adjacent-subtopic,"To satisfy the needs of wireless data networking, study group 802.11 was formed under IEEE project 802 to recommend an international standard for Wireless Local Area Networks (WLANs). A key part of standard are the Medium Access Control (MAC) protocol needed to support asynchronous and time bounded delivery of data frames. It has been proposed that unslotted Carrier Sense Multiple Access with Collision Avoidance (CSMA/CA) be the basis for the IEEE 802.11 WLAN MAC protocols. We conduct performance evaluation of the asynchronous data transfer protocols that are a part of the proposed IEEE 802.11 standard taking into account the decentralized nature of communication between stations, the possibility of ""capture"", and presence of ""hidden"" stations. We compute system throughput and evaluate fairness properties of the proposed MAC protocols. Further, the impact of spatial characteristics on the performance of the system and that observed by individual stations is determined. A comprehensive comparison of the access methods provided by the 802.11 MAC protocol is done and observations are made as to when each should be employed. Extensive numerical and simulation results are presented to help understand the issues involved.",openalex,llm,1.000,unreviewed,,doi:10.1023/a:1019109301754
discarded,Signature files,Christos Faloutsos; Stavros Christodoulakis,1984,ACM Transactions on Information Systems,10.1145/2275.357411,https://openalex.org/W1981663733,adjacent-subtopic,"The signature-file access method for text retrieval is studied.According to this method, documents are stored sequentially in the ""text file.""Abstractions (""signatures"") of the documents are stored in the ""signature file.""The latter serves as a filter on retrieval: It helps in discarding a large number of nonqualifying documents.In this paper two methods for creating signatures are studied analytically, one based on word signatures and the other on superimposed coding.Closed-form formulas are derived for the false-drop probability of the two methods, factors that affect it are studied, and performance comparisons of the two methods based on these formulas are provided.",openalex,llm,1.000,unreviewed,,doi:10.1145/2275.357411
discarded,FastMap,Christos Faloutsos; King-Ip Lin,1995,,10.1145/223784.223812,https://openalex.org/W2167081989,adjacent-subtopic,"A very promising idea for fast searching in traditional and multimedia databases is to map objects into points in k-d space, using k feature-extraction functions, provided by a domain expert [25]. Thus, we can subsequently use highly fine-tuned spatial access methods (SAMs), to answer several types of queries, including the 'Query By Example' type (which translates to a range query); the 'all pairs' query (which translates to a spatial join [8]); the nearest-neighbor or best-match query, etc.However, designing feature extraction functions can be hard. It is relatively easier for a domain expert to assess the similarity/distance of two objects. Given only the distance information though, it is not obvious how to map objects into points.This is exactly the topic of this paper. We describe a fast algorithm to map objects into points in some k-dimensional space (k is user-defined), such that the dis-similarities are preserved. There are two benefits from this mapping: (a) efficient retrieval, in conjunction with a SAM, as discussed before and (b) visualization and data-mining: the objects can now be plotted as points in 2-d or 3-d space, revealing potential clusters, correlations among attributes and other regularities that data-mining is looking for.We introduce an older method from pattern recognition, namely, Multi-Dimensional Scaling (MDS) [51]; although unsuitable for indexing, we use it as yardstick for our method. Then, we propose a much faster algorithm to solve the problem in hand, while in addition it allows for indexing. Experiments on real and synthetic data indeed show that the proposed algorithm is significantly faster than MDS, (being linear, as opposed to quadratic, on the database size N), while it manages to preserve distances and the overall structure of the data-set.",openalex,llm,0.990,unreviewed,,doi:10.1145/223784.223812
discarded,A novel optimization approach to efficiently process aggregate similarity queries in metric access methods,Humberto Razente; Maria Camila N. Barioni; Agma J. M. Traina; Christos Faloutsos; Caetano Traina,2008,,10.1145/1458082.1458110,https://openalex.org/W2157956941,adjacent-subtopic,"A similarity query considers an element as the query center and searches a dataset to find either the elements far up to a bounding radius or the k nearest ones from the query center. Several algorithms have been developed to efficiently execute similarity queries. However, there are queries that require more than one center, which we call Aggregate Similarity Queries. Such queries appear when the user gives multiple desirable examples, and requests data elements that are similar to all of the examples, as in the case of applying relevance feedback. Here we give the first algorithms that can handle aggregate similarity queries on Metric Access Methods (MAM) such as the M-tree and Slim-tree. Our method, which we call Metric Aggregate Similarity Search (MASS) has the following properties: (a) it requires only the triangle inequality property; (b) it guarantees no false-dismissals, as we prove that it lower-bounds the aggregate distance scores; (c) it can work with any MAM; (d) it can handle any number of query centers, which are either scattered all over the space or concentrated on a restricted region. Experiments on both real and synthetic data show that our method scales on both the number of elements and, if the dataset is in a spatial domain, also on its dimensionality. Moreover, it achieves better results than previous related methods.",openalex,llm,1.000,unreviewed,,doi:10.1145/1458082.1458110
discarded,Access methods,Betty Joan Salzberg,1996,ACM Computing Surveys,10.1145/234313.234365,https://openalex.org/W2294896234,adjacent-subtopic,"article Free Access Share on Access methods Author: Betty Salzberg Northeastern University, Boston, Massachusetts Northeastern University, Boston, MassachusettsView Profile Authors Info & Claims ACM Computing SurveysVolume 28Issue 1pp 117–120https://doi.org/10.1145/234313.234365Published:01 March 1996Publication History 5citation676DownloadsMetricsTotal Citations5Total Downloads676Last 12 Months14Last 6 weeks1 Get Citation AlertsNew Citation Alert added!This alert has been successfully added and will be sent to:You will be notified whenever a record that you have chosen has been cited.To manage your alert preferences, click on the button below.Manage my AlertsNew Citation Alert!Please log in to your account Save to BinderSave to BinderCreate a New BinderNameCancelCreateExport CitationPublisher SiteeReaderPDF",openalex,llm,0.990,unreviewed,,doi:10.1145/234313.234365
discarded,A new content-based access method for video databases,Pu‐Jen Cheng,1999,Information Sciences,10.1016/s0020-0255(99)00033-x,https://openalex.org/W2094019421,adjacent-subtopic,"This paper presents a novel video data model and a nested annotation language for describing complex information of video data. In contrast to conventional approaches, the proposed model classifies different video materials of interest to users into different representation frameworks according to their individual properties. It makes the model flexible and capable of sharing video materials. The nested annotation language effectively describes scenarios in video data and can be effectively analysed. With the assistance of domain knowledge and index organizations this investigaton also develops algorithms to effectively process five types of familiar video queries: semantic query, temporal quaery, similar query, fuzzy query and hybrid query. In addition, a SQL-like query language for video content retrival is provided. Experimental results indicate that combining the concepts of Bayesian networks and inheritance of attributes by context significantly improves the content based retrieval of video data. Moreover a prototype system based on proposed model has been implemented. (C) 1999 Published by Elsevier Science Inc. All rights reserved.",openalex,llm,0.990,unreviewed,,doi:10.1016/s0020-0255(99)00033-x
discarded,"A high performance, universal, key associative access method",David Lomet,1983,,10.1145/582192.582213,https://openalex.org/W1982279067,adjacent-subtopic,"A new file organization is proposed that combines the advantages of digital B-trees and extendible hashing methods into one organization that can be used universally. The method, like these predecessors, relies on digital searching. The key notions are: (i) that multipage nodes are addressed by the root and can have both data and index entries, the mix of entries changing over time; and (ii) that these nodes can be doubled with file growth and, when this occurs, data nodes at the next level of the tree are absorbed into the pages of these nodes, frequently keeping data closer to the root and simultaneously improving utilization. The result is an unbalanced tree that we call a digital lopsided tree or DL-tree. The paper describes DL-trees and their operations, and examines their properties. The most important engineering issues involve the doubling process and the methods used to optimize the tree properties. Ways of dealing with these issues are suggested.",openalex,llm,1.000,unreviewed,,doi:10.1145/582192.582213
discarded,Predicting the battery core temperature: Explanatory power of measurement quantities under different uncertainty scenarios,J. Mehne,2018,Journal of Energy Storage,10.1016/j.est.2018.06.001,https://www.scopus.com/inward/record.uri?partnerID=HzOxMe3b&scp=85049033114&origin=inward,off-topic-false-hit,"Abstract Predicting the highest battery temperature, the core temperature, is an important task for the safe operation of lithium-ion batteries. This prediction task is complicated by inherent system uncertainties that result in uncertain core temperature estimates. Aside from model, parameter and measurement uncertainty, this also includes uncertain user behavior in form of uncertain future discharge currents. However, measurable quantities like voltage, surface temperature or discharge current can potentially decrease the uncertainty in predicting the core temperature. The extent to which a measurement is able to decrease this estimation uncertainty, called data worth, depends on the uncertainty scenario. We conduct a model-based study to investigate the potential of voltage, current and surface temperature measurements to decrease core temperature estimation uncertainty. We use our previously developed stochastic, physically-based battery model to estimate the core battery temperature of a cylindrical LiFePO4-Graphite cell. The data worth is computed with the Preposterior Data Impact Accessor method. We find that the common input to state-of-charge estimation methods, i.e. voltage and current measurements, can theoretically partially substitute a temperature measurement, if the user behavior is anticipated to some degree. Moreover, we highlight the importance of adequately estimating the involved uncertainties when assessing the data worth of measurement quantities.",scopus,llm,1.000,unreviewed,,doi:10.1016/j.est.2018.06.001
