status,title,authors,year,venue,doi,url,tags,abstract,provider,decision_source,llm_confidence,llm_review_outcome,llm_change_direction,paper_id
discarded,Generative Adversarial Active Learning for Unsupervised Outlier Detection,Yezheng Liu; Zhe Li; Chong Zhou; Yuanchun Jiang; Jianshan Sun; Meng Wang; Xiangnan He,2020,IEEE Transactions on Knowledge and Data Engineering,10.1109/TKDE.2019.2905606,https://ieeexplore.ieee.org/document/8668550/,off-topic-false-hit,"Outlier detection is an important topic in machine learning and has been used in a wide range of applications. In this paper, we approach outlier detection as a binary-classification issue by sampling potential outliers from a uniform reference distribution. However, due to the sparsity of data in high-dimensional space, a limited number of potential outliers may fail to provide sufficient information to assist the classifier in describing a boundary that can separate outliers from normal data effectively. To address this, we propose a novel Single-Objective Generative Adversarial Active Learning (SO-GAAL) method for outlier detection, which can directly generate informative potential outliers based on the mini-max game between a generator and a discriminator. Moreover, to prevent the generator from falling into the mode collapsing problem, the stop node of training should be determined when SO-GAAL is able to provide sufficient information. But without any prior information, it is extremely difficult for SO-GAAL. Therefore, we expand the network structure of SO-GAAL from a single generator to multiple generators with different objectives (MO-GAAL), which can generate a reasonable reference distribution for the whole dataset. We empirically compare the proposed approach with several state-of-the-art outlier detection methods on both synthetic and real-world datasets. The results show that MO-GAAL outperforms its competitors in the majority of cases, especially for datasets with various cluster types or high irrelevant variable ratio. The experiment codes are available at: https://github.com/leibinghe/GAAL-based-outlier-detection.",ieee,llm,1.000,unreviewed,,doi:10.1109/tkde.2019.2905606
discarded,Using the functional data model to integrate distributed biological data sources,G.J.L. Kemp; J. Dupont; P.M.D. Gray,1996,Proceedings of 8th International Conference on Scientific and Statistical Data Base Management,10.1109/SSDM.1996.506060,https://ieeexplore.ieee.org/document/506060/,adjacent-subtopic,"There is unavoidable heterogeneity in the databanks and databases currently used for biological data collections. The authors are aiming to develop a system that will provide uniform access to heterogeneous databases via a single high-level query language or graphical interface and will enable multi-database queries. They have taken an approach in which high-level code in an object-oriented database system (based on the functional data model) is used effectively as a mediator between distributed heterogeneous databases. The resulting system enables one to ask queries that combine, for example, geometric calculations on three-dimensional protein structures stored locally and access to databanks held at the European Bioinformatics Institute, while making use of existing search engines and indexes when accessing remote data.",ieee,llm,0.990,unreviewed,,doi:10.1109/ssdm.1996.506060
discarded,The Haptik Library,Maurizio De Pascale; Domenico Prattichizzo,2007,IEEE Robotics & Automation Magazine,10.1109/M-RA.2007.905747,https://ieeexplore.ieee.org/document/4437753/,adjacent-subtopic,"The Haptik Library is component based architecture for uniform access to haptic devices. It introduces many advantages besides device independency, such as driver version transparency and both backward and future binary compatibility with new devices, drivers and APIs, thus solving many problems that arise when using other libraries or native SDKs. One of the key features of the Haptik Library is its plugin-based architecture that allows the addition of support for latest devices and drivers without requiring recompilation of the library or existing client applications. Moreover, the library has been designed to be easily used in existing complex applications with different architectures and even when replacing previously used libraries tor haptic device access. Its use is therefore recommended to add haptic rendering into already existing applications, to develop research applications requiring custom graphic engines, and to achieve easy but powerful low-level access to haptic devices.",ieee,llm,0.980,unreviewed,,doi:10.1109/m-ra.2007.905747
discarded,Candoia: A Platform for Building and Sharing Mining Software Repositories Tools as Apps,Nitin M. Tiwari; Ganesha Upadhyaya; Hoan Anh Nguyen; Hridesh Rajan,2017,2017 IEEE/ACM 14th International Conference on Mining Software Repositories (MSR),10.1109/MSR.2017.56,https://ieeexplore.ieee.org/document/7962355/,adjacent-subtopic,"We propose Candoia, a novel platform and ecosystemfor building and sharing Mining Software Repositories(MSR) tools. Using Candoia, MSR tools are built as apps, and Candoia ecosystem, acting as an appstore, allows effective sharing. Candoia platform provides, data extraction tools for curating custom datasets for user projects, and data abstractions for enabling uniform access to MSR artifacts from disparate sources, which makes apps portable and adoptable across diverse software project settings of MSR researchers and practitioners. The structured design of a Candoia app and the languages selected for building various components of a Candoia app promotes easy customization. To evaluate Candoia we have built over two dozen MSR apps for analyzing bugs, software evolution, project management aspects, and source code and programming practices showing the applicability of the platform for buildinga variety of MSR apps. For testing portability of apps acrossdiverse project settings, we tested the apps using ten popularproject repositories, such as Apache Tomcat, JUnit, Node.js, etc, and found that apps required no changes to be portable. We performed a user study to test customizability and we found that five of eight Candoia users found it very easy to customize an existing app. Candoia is available for download.",ieee,llm,0.980,unreviewed,,doi:10.1109/msr.2017.56
discarded,Challenges in Achieving IaaS Cloud Interoperability across Multiple Cloud Management Frameworks,Boris Parák; Zdenêk Ŝustr,2014,2014 IEEE/ACM 7th International Conference on Utility and Cloud Computing,10.1109/UCC.2014.51,https://ieeexplore.ieee.org/document/7027518/,adjacent-subtopic,"In academia, many institutes have deployed IaaS cloud services in isolation, based on cloud management frameworks of their choice, making the cloudscape quite heterogeneous. Now, with the effort to federate cloud resources well underway, the challenge is not to make everyone switch to a common solution, but rather to allow everyone to keep their setup but still provide uniform access to essential services. This seems to be best achieved by implementing common standards. This paper discusses the different areas such standardization effort must address, ranging from the choice of the actual standardization approach (i.e., Choosing a recognized open standard or possibly a non-standard solution with a strong community backing) through authentication and virtual machine life-cycle management to monitoring or accounting (billing) services. The discussion is based on the authors' own practical experience with implementing standard compliance in multiple cloud management frameworks, producing a real-world interoperability solution -- the rOCCI Framework -- which is also introduced in the paper.",ieee,llm,0.990,unreviewed,,doi:10.1109/ucc.2014.51
discarded,A generic query-translation framework for a mediator architecture,J. Calmet; S. Jekutsch; J. Schu,1997,Proceedings 13th International Conference on Data Engineering,10.1109/ICDE.1997.581980,https://ieeexplore.ieee.org/document/581980/,adjacent-subtopic,"A mediator is a domain-specific tool to support uniform access to multiple heterogeneous information sources and to abstract and combine data from different but related databases to gain new information. This middleware product is urgently needed for these frequently occurring tasks in a decision support environment. In order to provide a front end, a mediator usually defines a new language. If an application or a user submits a question to the mediator, it has to be decomposed into several queries to the underlying information sources. Since these sources can only be accessed using their own query language, a query translator is needed. This paper presents a new approach for implementing query translators. It supports conjunctive queries as well as negation. Care is taken to enable information sources of which processing capabilities do not allow conjunctive queries in general. Rapid implementation is guided by reusing previously prepared code. The specification of the translator is done declaratively and domain-independently.",ieee,llm,0.990,unreviewed,,doi:10.1109/icde.1997.581980
discarded,Distributed data servers and Web interface in the Climate Data Portal,W.H. Zhu,2001,MTS/IEEE Oceans 2001. An Ocean Odyssey. Conference Proceedings (IEEE Cat. No.01CH37295),10.1109/OCEANS.2001.968361,https://ieeexplore.ieee.org/document/968361/,adjacent-subtopic,"The Climate Data Portal provides consistent and uniform access to geographically distributed data collections, through an interactive Web interface or networked Java client application. The Climate Data Portal system is fully object oriented, utilizing off-the-shelf the CORBA (Common Object Request Broker Architecture) networking middleware to establish the communication between data servers and client interface. The use of CORBA services provides network ""awareness"" of the distributed data servers, and eliminates the need for a central registry or Web crawlers to locate and interrogate the distributed data servers. The current Climate Data Portal system consists of distributed data servers located at PMEL (real-time TAO buoy data and PMEL archived in situ data collection), University of Hawaii (sea level data from Sea Level Center), and NODC (the Global Temperature-Salinity Profile Program dataset). This paper describes technologies used to develop and support the Web interactive client interface and the distributed data servers in the Climate Data Portal system.",ieee,llm,0.990,unreviewed,,doi:10.1109/oceans.2001.968361
discarded,Optimization method of remote core locking,"Paznikov, Alexey A.",2017,VESTNIK TOMSKOGO GOSUDARSTVENNOGO UNIVERSITETA-UPRAVLENIE VYCHISLITELNAJA TEHNIKA I INFORMATIKA-TOMSK STATE UNIVERSITY JOURNAL OF CONTROL AND COMPUTER SCIENCE,10.17223/19988605/38/8,https://www.webofscience.com/wos/woscc/full-record/WOS:000427461700008,adjacent-subtopic,"The number of processor cores in shared memory computer systems is increasing nowadays. Therefore, the need of scalable parallel programs rises up. These programs must be efficient on large number of parallel threads.

Among the perspective scalable approaches of multithreading programming, one can emphasize lock-free algorithms and data structures and software transactional memory. The main drawbacks of lock-free algorithms and data structures are their restrained area of applying and essential complexity of parallel programs development. Besides the throughput of those structures is comparable with lock-based structures. Current implementations of software transactional memory do not provide high performance of multithreading programs and have not common in real applications yet.

Classical approach of lock-based critical sections in multithreading programs remains the most prevalent.

Locks are easier than lock-free algorithms and data structures and ensures high level of productivity. Besides that, the most of present software is lock-based. Thus, development of scalable locks is substantial now. Locks scalability depends on access contention while accessing of parallel threads to share memory and space cache locality. Access contention takes place while simultaneous access of multiple thread to one critical section, protected by one synchronization object. This leads to cache become inefficiency. Cache locality is significant when the critical section contains the access to shared data, which was accessed previously on the other core. This circumstance leads to cache misses and severe critical section execution time increasing.

The most efficient approaches of scalable locks implementation are CAS spinlocks, MCS-locks, Flat combining CC-Synch, DSMSynch, Oyama lock. However, these methods cannot guarantee the minimum of critical section execution.

The critical section execution time includes time of lock ownership transfer and critical section execution time. In this work, we consider the method of critical section execution on remote processor cores (Remote Core Locking, RCL). RCL minimizes the execution time of legacy multithreading programs by reduction critical section execution critical path. This method replaces critical sections in legacy programs by procedures remote calls. All critical sections protected by one lock are performed by server thread launched on remote core. Therefore, by execution of the critical section by the particular thread minimizes the overheads of lock ownership transfer.

In the current implementation RCL, they do not consider the non-uniform access to memory in NUMA-systems. These systems are the compositions multicore processors connected with local area of global memory. Time of critical section execution in RCL depends on RCL-server latency while accessing to memory blocks within critical section. Thus, in these programs memory should be allocated on NUMA node with the RCL-server. This reduces time of memory accesses and minimizes of programs execution time.

In this work, we propose the algorithm minimizing the memory access time in NUMA systems while RCL-programs execution. The algorithm optimizes the memory allocation on NUMA-systems. The essential of the algorithms is allocating on the NUMA-node, on which RCL-server is executing. The results of experiments show that the memory allocation algorithm increases the throughput of critical sections execution by reducing the time of RCL-server access to memory.",wos,llm,0.980,unreviewed,,doi:10.17223/19988605/38/8
discarded,ATraPos: Adaptive Transaction Processing on Hardware Islands,"Porobic, Danica; Liarou, Erietta; Toezuen, Pinar; Ailamaki, Anastasia",2014,2014 IEEE 30TH INTERNATIONAL CONFERENCE ON DATA ENGINEERING (ICDE),,https://www.webofscience.com/wos/woscc/full-record/WOS:000355411500059,off-topic-false-hit,"Nowadays, high-performance transaction processing applications increasingly run on multisocket multicore servers. Such architectures exhibit non-uniform memory access latency as well as non-uniform thread communication costs. Unfortunately, traditional shared-everything database management systems are designed for uniform inter-core communication speeds. This causes unpredictable access latencies in the critical path. While lack of data locality may be a minor nuisance on systems with fewer than 4 processors, it becomes a serious scalability limitation on larger systems due to accesses to centralized data structures.

In this paper, we propose ATraPos, a storage manager design that is aware of the non-uniform access latencies of multisocket systems. ATraPos achieves good data locality by carefully partitioning the data as well as internal data structures (e.g., state information) to the available processors and by assigning threads to specific partitions. Furthermore, ATraPos dynamically adapts to the workload characteristics, i.e., when the workload changes, ATraPos detects the change and automatically revises the data partitioning and thread placement to fit the current access patterns and hardware topology.

We prototype ATraPos on top of an open-source storage manager Shore-MT and we present a detailed experimental analysis with both synthetic and standard (TPC-C and TATP) benchmarks. We show that ATraPos exhibits performance improvements of a factor ranging from 1.4 to 6.7x for a wide collection of transactional workloads. In addition, we show that the adaptive monitoring and partitioning scheme of ATraPos poses a negligible cost, while it allows the system to dynamically and gracefully adapt when the workload changes.",wos,llm,1.000,unreviewed,,hash:eff7dd4474196a5b
discarded,Towards intelligent VR -: Multi-layered semantic reflection for intelligent virtual environments,"Latoschik, Marc; Froehlich, Christian",2007,"GRAPP 2007: PROCEEDINGS OF THE SECOND INTERNATIONAL CONFERENCE ON COMPUTER GRAPHICS THEORY AND APPLICATIONS, VOL AS/IE",,https://www.webofscience.com/wos/woscc/full-record/WOS:000252426600034,adjacent-subtopic,"This paper introduces semantic reflection, a novel concept for a modular design of intelligent applications. SCIVE, a simulation core for intelligent Virtual Environments (IVEs), provides semantic reflection on multiple layers: SCIVE's architecture grants semantic driven uniform access to low-level simulation core logic, to specific simulation modules' application definitions, as well as to high-level semantic environment descriptions. It additionally provides a frame to conveniently interconnect various simulation modules, e.g., for graphics, physics, audio, haptics, or AI etc. SCIVE's Knowledge Representation Layer's base formalism provides the central organizing structure for the diverse modules' data representations. It allows bidirectional knowledge driven access between the modules since their specific data structures and functions are transitively reflected by the semantic layer. Hence SCIVE preserves, integrates and provides unified access to the development paradigms of the interconnected modules, e.g., scene graph metaphors or field route concepts etc. well known from todays Virtual Reality systems. SCIVE's semantic reflection implementation details are illustrated following a complex example application. We illustrate how semantic reflection and modularity support extensibility and maintainability of VR applications, potential for automatic system configuration and optimization, as well as the base for comprehensive knowledge driven access for IVEs.",wos,llm,0.970,unreviewed,,hash:c637b8c4b1cd2e04
discarded,Object-oriented modeling of data sources as a tool for the integration of heterogeneous geoscientific information,"Gärtner, H; Bergmann, A; Schmidt, J",2001,COMPUTERS & GEOSCIENCES,,https://www.webofscience.com/wos/woscc/full-record/WOS:000169811700008,adjacent-subtopic,"Investigation of geosystems and processes at large temporal and spatial scales, such as the development of landforms and ecosystems, requires integrated access to heterogeneous and distributed sources of geoscientific data. The object-oriented, paleoecological information system OPALIS aims to support interoperability of various data sources. While retaining the advantages of local data maintenance and formats, it will provide uniform access to information by means of integrated queries. In this paper, we present the derivation of geoscientific knowledge from distributed databases to enable a precise representation of data and semantics in object-oriented data models to support the integration process. Furthermore, the query types that will be supported and the integration process are characterized. As an example an interdisciplinary research project on landslides is presented. The diverse structure of data methods and tools used in this specific project complicates exchange of scientific data and research results. An object-oriented approach is compared with classic concepts of data representation. The results show that object-oriented data modeling can facilitate user access to multiple data sets, support integrated use of different analysis technologies and could aid in the development of standards for exchanging data in multidisciplinary environments. (C) 2001 Elsevier Science Ltd. All rights reserved.",wos,llm,0.990,unreviewed,,hash:ebdcb9937a765f5a
