status,title,authors,year,venue,doi,url,tags,abstract,provider,decision_source,llm_confidence,llm_review_outcome,llm_change_direction,paper_id
discarded,Crowdsmelling: A preliminary study on using collective knowledge in code smells detection,José Pereira dos Reis; Fernando Brito e Abreu; Glauco de Figueiredo Carneiro,2022,Empirical Software Engineering,10.1007/s10664-021-10110-5,https://openalex.org/W4221005884,adjacent-subtopic,"Code smells are seen as major source of technical debt and, as such, should be detected and removed. However, researchers argue that the subjectiveness of the code smells detection process is a major hindrance to mitigate the problem of smells-infected code. This paper presents the results of a validation experiment for the Crowdsmelling approach proposed earlier. The latter is based on supervised machine learning techniques, where the wisdom of the crowd (of software developers) is used to collectively calibrate code smells detection algorithms, thereby lessening the subjectivity issue. In the context of three consecutive years of a Software Engineering course, a total “crowd” of around a hundred teams, with an average of three members each, classified the presence of 3 code smells (Long Method, God Class, and Feature Envy) in Java source code. These classifications were the basis of the oracles used for training six machine learning algorithms. Over one hundred models were generated and evaluated to determine which machine learning algorithms had the best performance in detecting each of the aforementioned code smells. Good performances were obtained for God Class detection (ROC= 0.896 for Naive Bayes) and Long Method detection (ROC= 0.870 for AdaBoostM1), but much lower for Feature Envy (ROC= 0.570 for Random Forrest). The results suggest that Crowdsmelling is a feasible approach for the detection of code smells. Further validation experiments based on dynamic learning are required to a comprehensive coverage of code smells to increase external validity.",openalex,llm,0.980,unreviewed,,doi:10.1007/s10664-021-10110-5
discarded,A study of dealing class imbalance problem with machine learning methods for code smell severity detection using PCA-based feature selection technique,Rajwant Singh Rao; Seema Dewangan; Alok Mishra; Manjari Gupta,2023,Scientific Reports,10.1038/s41598-023-43380-8,https://openalex.org/W4387078716,adjacent-subtopic,"Detecting code smells may be highly helpful for reducing maintenance costs and raising source code quality. Code smells facilitate developers or researchers to understand several types of design flaws. Code smells with high severity can cause significant problems for the software and may cause challenges for the system's maintainability. It is quite essential to assess the severity of the code smells detected in software, as it prioritizes refactoring efforts. The class imbalance problem also further enhances the difficulties in code smell severity detection. In this study, four code smell severity datasets (Data class, God class, Feature envy, and Long method) are selected to detect code smell severity. In this work, an effort is made to address the issue of class imbalance, for which, the Synthetic Minority Oversampling Technique (SMOTE) class balancing technique is applied. Each dataset's relevant features are chosen using a feature selection technique based on principal component analysis. The severity of code smells is determined using five machine learning techniques: K-nearest neighbor, Random forest, Decision tree, Multi-layer Perceptron, and Logistic Regression. This study obtained the 0.99 severity accuracy score with the Random forest and Decision tree approach with the Long method code smell. The model's performance is compared based on its accuracy and three other performance measurements (Precision, Recall, and F-measure) to estimate severity classification models. The impact of performance is also compared and presented with and without applying SMOTE. The results obtained in the study are promising and can be beneficial for paving the way for further studies in this area.",openalex,llm,0.960,unreviewed,,doi:10.1038/s41598-023-43380-8
discarded,Systematic analysis of geo-location and spectrum sensing as access methods to TV white space,Hope Mauwa; Antoine Bagula; Marco Zennaro; Ermanno Pietrosémoli; Albert A. Lysko; Timothy X. Brown,2016,,10.1109/itu-wt.2016.7805706,https://openalex.org/W2568996610,off-topic-false-hit,"Access to the television white space by white space devices comes with a major technical challenge: white space devices can potentially interfere with existing television signals. Two methods have been suggested in the literature to help white space devices identify unused channels in the TV frequency band so that they can avoid causing harmful interference to primary services legally protected to run on the band. These methods are geo-location spectrum database and spectrum sensing. Discussions in the literature have placed much emphasis on the limitations of the spectrum sensing approach and mainly based on the developed world environment ignoring the performance requirements of the geo-location database approach and how the absence of these requirements in a developing region could affect its performance. This paper considers a broader analysis of the approaches by looking at factors that can affect the performance of each approach and how the presence or absence of these factors in a developed region or developing region can affect their performance. In so doing, the paper highlights the need to conduct more research on the performance of spectrum sensing in developing regions where there are plenty of white spaces to ascertain its use in these regions.",openalex,llm,0.990,unreviewed,,doi:10.1109/itu-wt.2016.7805706
discarded,Fusion of deep convolutional and LSTM recurrent neural networks for automated detection of code smells,Anh Ho; Anh M. T. Bui; Phuong T. Nguyen; Amleto Di Salle,2023,,10.1145/3593434.3593476,https://openalex.org/W4380568684,adjacent-subtopic,"Code smells is the term used to signal certain patterns or structures in software code that may contain a potential design or architecture problem, leading to maintainability or other software quality issues. Detecting code smells early in the software development process helps prevent these problems and improve the overall software quality. Existing research concentrates on the process of collecting and handling dataset, then exploring the potential of utilizing deep learning models to detect smells, while ignoring extensive feature engineering. Though these approaches obtained promising results, the following issues need to be tackled: (i) extracting both structural and semantic features from the software units; (ii) mitigating the effects of imbalanced data distribution on the performance.In this paper, we propose DeepSmells as a novel approach to code smells detection. To learn the complex hierarchical representations of the code fragment, we apply a deep convolutional neural network (CNN). Then, in order to improve the quality of the context encoding and preserve semantic information, long short-term memory networks (LSTM) is placed immediately after the CNN. The final classification is conducted by deep neural networks with weighted loss function to reduce the impact of skewed data distribution. We performed an empirical study using the existing code smell benchmark datasets to assess the performance of our proposed approach, and compare it with state-of-the-art baselines. The results demonstrate the effectiveness of our proposed method for all kinds of code smells with outperformed evaluation metrics in terms of F1 score and MCC.",openalex,llm,0.980,unreviewed,,doi:10.1145/3593434.3593476
discarded,An Evaluation of Multi-Label Classification Approaches for Method-Level Code Smells Detection,Pravin Singh Yadav; Rajwant Singh Rao; Alok Mishra,2024,IEEE Access,10.1109/access.2024.3387856,https://openalex.org/W4394730962,adjacent-subtopic,"(1) Background: Code smell is the most popular and reliable method for detecting potential errors in code. In real-world circumstances, a single source code may have multiple code smells. Multi-label code smell detection is a popular research study. However, limited studies are available on it, and there is a need for a standardized classifier for reliably identifying various multi-label code smells that belong to the method-level code smell category. The primary goal of this study is to develop a rule-based method for detecting multi-label code smells. (2) Methods: Binary Relevance, Label Powerset, and Classifier Chain methods are utilized with tree based single-label algorithms, including some ensemble algorithms in this research paper. The chi-square feature selection technique is applied to select relevant features. The proposed model is trained using 10-fold cross-validation, Random Search cross-validation parameter tuning, and different performance measures are used to evaluate the model. (3) Results: The proposed model achieves 99.54% of the best jaccard accuracy for detecting method-level code smells using the Classifier Chain method with the Decision Tree. The Decision Tree model incorporating a multi-label classifier outperforms alternative approaches to multi-label classification. Single-label classifiers produced better results after considering the correlation factor. (4) Conclusion: This study will facilitate scientists and programmers by providing a systematic method for detecting various code smells in software projects and saving time and effort during code reviews by detecting multiple problems simultaneously. After detecting multi-label code smell, programmers can create more organized, easier-to-understand, and trustworthy programs.",openalex,llm,0.980,unreviewed,,doi:10.1109/access.2024.3387856
discarded,Exploring the Eradication of Code Smells: An Empirical and Theoretical Perspective,Steve Counsell; Robert M. Hierons; H. Hamza; Sue Black; M. Durrand,2010,Advances in Software Engineering,10.1155/2010/820103,https://openalex.org/W2156168162,adjacent-subtopic,"Code smells reflect code decay, and, as such, developers should seek to eradicate such smells through application of “deodorant” in the form of one or more refactorings. However, a relative lack of studies exploring code smells either theoretically or empirically when compared with literature on refactoring suggests that there are reasons why smell eradication is neither being applied in anger, nor the subject of significant research. In this paper, we present three studies as supporting evidence for this stance. The first is an analysis of a set of five, open-source Java systems in which we show very little tendency for smells to be eradicated by developers; the second is an empirical study of a subsystem of a proprietary, C# web-based application where practical problems arise in smell identification and the third, a theoretical enumeration of smell-related refactorings to suggest why smells may be left alone from an effort perspective. Key findings of the study were that first, smells requiring application of simple refactorings were eradicated in favour of smells requiring more complex refactorings; second, a wide range of conflicts and anomalies soon emerged when trying to identify smelly code; an interesting result with respect to comment lines was also observed. Finally, perceived (estimated) effort to eradicate a smell may be a key factor in explaining why smell eradication is avoided by developers. The study thus highlights the need for a clearer research strategy on the issue of code smells and all aspects of their identification and measurement.",openalex,llm,0.960,unreviewed,,doi:10.1155/2010/820103
discarded,Modeling and analysis of interference in Listen‐Before‐Talk spectrum access schemes,Alexe E. Leu; Mark A. McHenry; Brian L. Mark,2006,International Journal of Network Management,10.1002/nem.610,https://openalex.org/W2018669777,off-topic-false-hit,"Abstract Spectrum measurement studies have shown that substantial portions of the allocated wireless spectrum are highly underutilized. Frequency‐agile radios (FARs) have the potential to make opportunistic use of such spectrum holes without causing harmful interference to users of the allocated spectrum. Toward this goal, we develop a framework for modeling the interference caused by FARs employing spectrum access mechanisms based on the simple Listen‐Before‐Talk (LBT) scheme. Two variations of LBT are considered: individual LBT, whereby the FARs act independently of each other; and collaborative LBT, whereby the FARs communicate with each other in order to more accurately identify the spectrum holes. Our analysis of the LBT scheme reveals the fundamental interdependencies among key system design metrics and provides a basis for analyzing more complex spectrum access methods. In particular, the analysis of LBT provides a lower bound on the capacity gain achievable by FARs employing spectrum‐sharing schemes. Our numerical results show that the individual LBT scheme can provide substantial capacity gains, while even more gain can be achieved using the collaborative LBT schemes. Our analysis suggests that much greater gains should be achievable via spectrum access schemes that incorporate location information and/or more sophisticated group behaviors. Copyright © 2006 John Wiley & Sons, Ltd.",openalex,llm,0.990,unreviewed,,doi:10.1002/nem.610
discarded,The Relationship between Traceable Code Patterns and Code Smells,Zadia Codabux; Kazi Zakia Sultana; Byron J. Williams,2017,Proceedings/Proceedings of the ... International Conference on Software Engineering and Knowledge Engineering,10.18293/seke2017-121,https://openalex.org/W4248495898,adjacent-subtopic,"Context: It is important to maintain software quality as a software system evolves.Managing code smells in source code contributes towards quality software.While metrics have been used to pinpoint code smells in source code, we present an empirical study on the correlation of code smells with class-level (micro pattern) and methodlevel (nano-pattern) traceable patterns of code.Objective: This study explores the relationship between code smells and class-level and method-level structural code constructs.Method: We extracted micro patterns at the class level and nano-patterns at the method level from three versions of Apache Tomcat and PersonalBlog and Roller from Standford SecuriBench and compared their distributions in code smell versus non-code smell classes and methods.Result: We found that DataM anager, Record and Outline micro patterns are more frequent in classes having code smell compared to non-code smell classes in the applications we analyzed.localReader, localW riter, Switcher, and ArrReader nano-patterns are more frequent in code smell methods compared to the non-code smell methods.Conclusion: We conclude that code smells are correlated with both micro and nano-patterns.",openalex,llm,0.960,unreviewed,,doi:10.18293/seke2017-121
discarded,Understanding the Correlation between Code Smells And Software Bugs,Marouane Kessentini,2019,Deep Blue (University of Michigan),,https://openalex.org/W2910421920,adjacent-subtopic,https://deepblue.lib.umich.edu/bitstream/2027.42/147342/1/CodeSmellsBugs.pdf,openalex,llm,0.920,unreviewed,,hash:fb004c9bc324983f
discarded,An Analytical Study of Code Smells,Lida Bamizadeh; Bınod Kumar; Ajay Anand Kumar; Shailaja C. Shirwaikar,2021,Tehnički glasnik,10.31803/tg-20210205095410,https://openalex.org/W3135526658,adjacent-subtopic,"Software development process involves developing, building and enhancing high-quality software for specific tasks and as a consequence generates considerable amount of data. This data can be managed in a systematic manner creating knowledge repositories that can be used to competitive advantage. Lesson's learned as part of the development process can also be part of the knowledge bank and can be used to advantage in subsequent projects by developers and software practitioners. Code smells are a group of symptoms which reveal that code is not good enough and requires some actions to have a cleansed code. Software metrics help to detect code smells while refactoring methods are used for removing them. Furthermore, various tools are applicable for detecting of code smells. A Code smell repository organizes all the available knowledge in the literature about code smells and related concepts. An analytical study of code smells is presented in this paper which extracts useful, actionable and indicative knowledge.",openalex,llm,0.970,unreviewed,,doi:10.31803/tg-20210205095410
discarded,Android Source Code Smells: A Systematic Literature Review,Muhammad Fawad; Ghulam Rasool; Francis Palma,2024,Software Practice and Experience,10.1002/spe.3401,https://openalex.org/W4405868299,adjacent-subtopic,"ABSTRACT Introduction Modern software developers strive to develop applications that are robust, easy to maintain, and possess high levels of quality. However, code smells can hinder this goal as they are visible signs of underlying issues. Numerous techniques and tools have been proposed for detecting code smells in various contexts and programming languages. Despite this, research on Android‐specific code smells and their impact on external quality attributes is still in its early stages. Objective This study aims to provide a comprehensive summary of state‐of‐the‐art techniques, tools, and approaches used for detecting and refactoring code smells in Android applications. Methodology A systematic literature review was conducted between November 2007 and December 2023, adhering to standard guidelines. In total, 79 primary studies were identified, analyzed, and synthesized. Results A total of 237 code smells were identified using 51 techniques and tools, based on seven distinct approaches. Efficiency was found to be the most affected external quality attribute. The code smell Durable Wakelock was the most studied. Challenges Despite the extensive research, the software engineering community faces numerous challenges. These include a lack of in‐depth investigation into Android‐specific code smells, a limited number of studied quality attributes, insufficient involvement of industry experts in the research process, scarcity of Android‐oriented metrics, and dependence on industry‐exclusive datasets. Future Directions This review suggests potential research directions that are valuable for researchers and practitioners seeking to gain insights into current open research problems in this domain.",openalex,llm,0.980,unreviewed,,doi:10.1002/spe.3401
discarded,Dynamic wireless access methods with applications to eHealth services,Phond Phunchongharn,2012,Mspace (University of Manitoba),,https://openalex.org/W2604977281,off-topic-false-hit,"For opportunistic spectrum access and spectrum sharing in cognitive radio networks, one key problem is how to develop wireless access schemes for secondary users so that harmful interference to primary users can be avoided and quality-of-service (QoS) of secondary users can be guaranteed. In this research, dynamic wireless access protocols for secondary users are designed and optimized for both infrastructure-based and ad-hoc wireless networks. Under the infrastructure-based model, the secondary users are connected through a controller (i.e., an access point). In particular, the problem of wireless access for eHealth applications is considered. In a single service cell, an innovative wireless access scheme, called electromagnetic interference (EMI)-aware prioritized wireless access, is proposed to address the issues of EMI to the medical devices and QoS differentiation for different eHealth applications. Afterwards, the resource management problem for multiple service cells, specifically, in multiple spatial reuse time-division multiple access (STDMA) networks is addressed. The problem is formulated as a dual objective optimization problem that maximizes the spectrum utilization of secondary users and minimizes their power consumption subject to the EMI constraints for active and passive medical devices and minimum throughput guarantee for secondary users. Joint scheduling and power control algorithms based on greedy approaches are proposed to solve the problem with much less computational complexity. In an ad-hoc wireless network, the robust transmission scheduling and power control problem for collision-free spectrum sharing between secondary and primary users in STDMA wireless networks is investigated. Traditionally, the problem only considers the average link gains; therefore, QoS violation can occur due to improper power allocation with respect to instantaneous channel gain realization. To overcome this problem, a robust power control problem is formulated. A column generation based algorithm is proposed to solve the problem by considering only the potential subset of variables when solving the problem. To increase the scalability, a novel distributed two-stage algorithm based on the distributed column generation method is then proposed to obtain the near-optimal solution of the robust transmission schedules for vertical spectrum sharing in an ad-hoc wireless network.",openalex,llm,0.990,unreviewed,,hash:5c5cd74112b22356
