status,title,authors,year,venue,doi,url,tags,abstract,provider,decision_source,llm_confidence,llm_review_outcome,llm_change_direction,paper_id
discarded,A Management Framework for WS-BPEL,Tammo van Lessen; Frank Leymann; Ralph Mietzner; Jörg Nitzsche; Daniel Schleicher,2008,2008 Sixth European Conference on Web Services,10.1109/ECOWS.2008.25,https://ieeexplore.ieee.org/document/4711662/,adjacent-subtopic,"WS-BPEL is the standard to define executable business processes in a Web service world. Numerous commercial and open source BPEL engines exist on the market today that allow the execution of process models defined in BPEL. However, these execution engines only provide access to process model and process instance data in terms of proprietary APIs. In this paper we present an approach that models BPEL process models and process instances as resources and thus provides a uniform access scheme for process model and process instance data. This is crucial because access to process model and process instance data is needed in different scenarios that are of key relevance in enterprises today. These scenarios include compliance checking, repair of faulted business processes as well as real-time monitoring of business processes. The lack of a uniform access scheme to process model and process instance data hampers the exchangeability of BPEL engines and therefore results in a potential vendor lock-in.",ieee,llm,0.990,unreviewed,,doi:10.1109/ecows.2008.25
discarded,MemAxes: Visualization and Analytics for Characterizing Complex Memory Performance Behaviors,Alfredo Giménez; Todd Gamblin; Ilir Jusufi; Abhinav Bhatele; Martin Schulz; Peer-Timo Bremer; Bernd Hamann,2018,IEEE Transactions on Visualization and Computer Graphics,10.1109/TVCG.2017.2718532,https://ieeexplore.ieee.org/document/7955092/,adjacent-subtopic,"Memory performance is often a major bottleneck for high-performance computing (HPC) applications. Deepening memory hierarchies, complex memory management, and non-uniform access times have made memory performance behavior difficult to characterize, and users require novel, sophisticated tools to analyze and optimize this aspect of their codes. Existing tools target only specific factors of memory performance, such as hardware layout, allocations, or access instructions. However, today's tools do not suffice to characterize the complex relationships between these factors. Further, they require advanced expertise to be used effectively. We present MemAxes, a tool based on a novel approach for analytic-driven visualization of memory performance data. MemAxes uniquely allows users to analyze the different aspects related to memory performance by providing multiple visual contexts for a centralized dataset. We define mappings of sampled memory access data to new and existing visual metaphors, each of which enabling a user to perform different analysis tasks. We present methods to guide user interaction by scoring subsets of the data based on known performance problems. This scoring is used to provide visual cues and automatically extract clusters of interest. We designed MemAxes in collaboration with experts in HPC and demonstrate its effectiveness in case studies.",ieee,llm,1.000,unreviewed,,doi:10.1109/tvcg.2017.2718532
discarded,Data Currency in Replicated Distributed Storage System,Bingheng Yan; Depei Qian; Yuanqiang Huang,2009,"2009 IEEE International Conference on Networking, Architecture, and Storage",10.1109/NAS.2009.16,https://ieeexplore.ieee.org/document/5197300/,adjacent-subtopic,"Application-level storage aggregation provides a massive storage capacity with high scalability and low cost. However, these systems usually only support their special sites, which ignores the legacy storage systems. So we developed a distributed storage system to aggregate these popular storages and provide a uniform access and management interface for these sites. To ensure high data availability, our distributed storage system utilizes a sophisticated way known as data replication. In this paper, we present the data currency scenario employed in our distributed storage system, which can be also used in other replicated distributed storage systems. We propose a replica access service (RAS) to deal with data availability and efficient retrieval of current replicas based on version controlling, which can balance the data accessibility and replica consistency. We validate our solution's performance and scalability through simulation up to 10,000 distributed sites. The simulation results show that our algorithm used in RAS achieves major performance gains, in terms of response time, compared with a baseline algorithm.",ieee,llm,0.990,unreviewed,,doi:10.1109/nas.2009.16
discarded,Reducing configuration efforts in energy management systems based on natural language processing methods and asset administration shells,Maximilian Both; Jochen Müller; Christian Diedrich,2022,2022 IEEE 27th International Conference on Emerging Technologies and Factory Automation (ETFA),10.1109/ETFA52439.2022.9921479,https://ieeexplore.ieee.org/document/9921479/,adjacent-subtopic,"Energy management systems are an important tool for increasing the energy efficiency of buildings. However, the widespread availability of such systems is offset by the complexity and high costs of implementation, as well as a lack of data. These obstacles can be addressed by using standardized digital twins of technical components. In combination with homogeneous semantics and standardized interfaces as uniform access points to information, the implementation of an energy management system can be simplified. However, given the large number of different manufacturers of the technical components, an agreement on a common semantic standard of the information elements seems unlikely. Studies show that methods from the field of natural language processing can be used to process heterogeneous semantics. An agreement on a common vocabulary is no longer necessary. Instead, different semantics can be used and matched to a target vocabulary. The implementation of such a matching service reduces the configuration effort for the implementation of an energy management system. Providing an Industrie 4.0 interface that contains the semantic matching service within the components allows the interaction between them and an energy management system. A prerequisite for automated interaction is the availability of information in a uniform structure in the form of an information model. This paper presents the design of an Industrie 4.0 asset administration shell and initial submodels for an energy management system. Additionally, an Industrie 4.0 interface for the semantic matching service is implemented in a prototypical application of an energy management system. This implementation demonstrates how the configuration effort of such a system can be reduced by semantic matching.",ieee,llm,0.990,unreviewed,,doi:10.1109/etfa52439.2022.9921479
discarded,HACS: Access Control for Streaming Data Across Heterogeneous Communication Models,Atul Anand Gopalakrishnan; Ashish Christopher Victor; Deepika Karanji; Umashankar Sivakumar; Seema Nambiar; Subramaniam Kalambur,2021,2021 IEEE World AI IoT Congress (AIIoT),10.1109/AIIoT52608.2021.9454185,https://ieeexplore.ieee.org/document/9454185/,adjacent-subtopic,"Streaming Big Data pipelines frequently use multiple platforms connected to each other for performing analytics with different communication models. Existing techniques like Access Control Lists (ACLs) or Role-Based Access Control (RBAC) are unable to address access control at the granularity of an individual tuple. Moreover, ACLs and RBAC fail to impose uniform access control over heterogeneous streaming platforms. In this paper, we present a unified mechanism to insert access control policies into data streams at the point of ingestion and enforce it across multiple platforms that use different communication models like publish-subscribe and point to point. We exemplify our solution through implementation with Apache Kafka and Apache Storm. We further illustrate the enforcement of access control in join queries involving streams with different access control rules.",ieee,llm,1.000,unreviewed,,doi:10.1109/aiiot52608.2021.9454185
discarded,Convertible Codes for Data and Device Heterogeneity,Anina Gruica; Benjamin Jany; Stanislav Kruglik,2026,2026 IEEE International Symposium on Information Theory (ISIT),10.1109/ISIT62367.2026.11653653,https://ieeexplore.ieee.org/document/11653653/,adjacent-subtopic,"Distributed storage systems must handle both data heterogeneity, arising from non-uniform access demands, and device heterogeneity, caused by time-varying node reliability. In this paper, we study convertible codes, which enable the transformation of one code into another with minimum cost in the merge regime, addressing the latter. We derive general lower bounds on the read and write costs of linear code conversion, applicable to arbitrary linear codes. We then focus on Reed–Muller codes, which efficiently handle data heterogeneity, addressing the former issue, and construct explicit conversion procedures that, for the first time, combine both forms of heterogeneity for distributed data storage.",ieee,llm,1.000,unreviewed,,doi:10.1109/isit62367.2026.11653653
discarded,Cachier: A Tool for Automatically Inserting CICO Annotations,T.M. Chilimbi; J.R. Larus,1994,1994 Internatonal Conference on Parallel Processing Vol. 2,10.1109/ICPP.1994.65,https://ieeexplore.ieee.org/document/5727768/,adjacent-subtopic,"Shared memory in a parallel computer provides programmers with the valuable abstraction of a shared address space--through which any part of a computation can access any datum Although uniform access simplifies programming, it also hides communication, which can lead to inefficient programs The check-in, check-out (CICO) performance model for cache-coherent, shared-memory parallel computers helps a programmer identify the communication underlying memory references and account for its cost CICO consists of annotations that a programmer can use to elucidate communication and a model that attributes costs to these annotations The annotations can also serve as directives to a memory system to improve program performance Inserting CICO annotations requires reasoning about the dynamic cache behavior of a program, which is not always easy This paper describes Cachier, a tool that automatically inserts CICO annotations into shared-memory programs A novel feature of this tool is its use of both dynamic information, obtained from a program execution trace, as well as static information, obtained from program analysis We measured several benchmarks annotated by Cachier by running them on a simulation of the DiriSW cache coherence protocol [10], which supports these directives The results show that programs annotated by Cachier perform significantly better than both programs without CICO annotations and programs that were annotated by hand",ieee,llm,0.980,unreviewed,,doi:10.1109/icpp.1994.65
discarded,Integrating Web services and mobile agent systems,P. Bellavista; A. Corradi; S. Monti,2005,25th IEEE International Conference on Distributed Computing Systems Workshops,10.1109/ICDCSW.2005.81,https://ieeexplore.ieee.org/document/1437187/,adjacent-subtopic,"Middleware supports based on mobile agents (MAs) have recently emerged with the goal of allowing application developers to easily manage and control the properties and behaviors of mobile systems, especially in novel wireless and ubiquitous scenarios. Several MA systems have grown independently with no widely recognized standardization and still lack functions for easy integration. The primary consequence is that one MA platform tends to offer middleware facilities scarcely compatible with other MA systems. Moreover, MA tools are sometimes difficult to employ by common users who have to overcome a significant knowledge gap before properly exploiting MA-specific functions. The paper proposes a solution to open up the usage of MA systems via the bridge of the emerging Web services (WS) standard technology to achieve interoperability. We have developed an integration infrastructure, called WSMI, with the twofold goal of exporting the MA functions with a WS interface and of simplifying the access to legacy WS components from any MA system. This promotes the uniform access to different MA system functions, independently of the specific MA implementation. We have thoroughly evaluated the WSMI prototype performance, also by comparing the WSMI integration functions with similar non-WS-based facilities: the increased dynamicity and openness of our integration infrastructure have demonstrated to largely counterbalance the overhead introduced by WS adoption.",ieee,llm,0.990,unreviewed,,doi:10.1109/icdcsw.2005.81
discarded,Temporal Abstractions-Augmented Temporally Contrastive Learning: An Alternative to the Laplacian in RL,"Erraqabi, Akram; Machado, Marlos C.; Zhao, Mingde; Sukhbaatar, Sainbayar; Lazaric, Alessandro; Denoyer, Ludovic; Bengio, Yoshua",2022,"UNCERTAINTY IN ARTIFICIAL INTELLIGENCE, VOL 180",,https://www.webofscience.com/wos/woscc/full-record/WOS:001228408900062,adjacent-subtopic,"In reinforcement learning, the graph Laplacian has proved to be a valuable tool in the task-agnostic setting, with applications ranging from skill discovery to reward shaping. Recently, learning the Laplacian representation has been framed as the optimization of a temporally-contrastive objective to overcome its computational limitations in large (or continuous) state spaces. However, this approach requires uniform access to all states in the state space, overlooking the exploration problem that emerges during the representation learning process. In this work, we propose an alternative method that is able to recover, in a non-uniform-prior setting, the expressiveness and the desired properties of the Laplacian representation. We do so by combining the representation learning with a skill-based covering policy, which provides a better training distribution to extend and refine the representation. We also show that a simple augmentation of the representation objective with the learned temporal abstractions improves dynamics-awareness and helps exploration. We find that our method succeeds as an alternative to the Laplacian in the non-uniform setting and scales to challenging continuous control environments. Finally, even if our method is not optimized for skill discovery, the learned skills can successfully solve difficult continuous navigation tasks with sparse rewards, where standard skill discovery approaches are no so effective.",wos,llm,1.000,unreviewed,,hash:1bed60b24fc7f2e1
discarded,BLACKSMITH: Scalable Rowhammering in the Frequency Domain,"Jattke, Patrick; van der Veen, Victor; Frigo, Pietro; Gunter, Stijn; Razavi, Kaveh",2022,43RD IEEE SYMPOSIUM ON SECURITY AND PRIVACY (SP 2022),10.1109/SP46214.2022.00048,https://www.webofscience.com/wos/woscc/full-record/WOS:000852887300042,adjacent-subtopic,"We present the new class of non-uniform Rowhammer access patterns that bypass undocumented, proprietary in-DRAM Target Row Refresh (TRR) while operating in a production setting. We show that these patterns trigger bit flips on all 40 DDR4 DRAM devices in our test pool. We make a key observation that all published Rowhammer access patterns always hammer ""aggressor"" rows uniformly. While uniform accesses maximize the number of aggressor activations, we find that in-DRAM TRR exploits this behavior to catch aggressor rows and refresh neighboring ""victims"" before they fail. There is no reason, however, to limit Rowhammer attacks to uniform access patterns: smaller technology nodes make underlying DRAM technologies more vulnerable, and significantly fewer accesses are nowadays required to trigger bit flips, making it interesting to investigate less predictable access patterns.

The search space for non-uniform access patterns, however, is tremendous. We design experiments to explore this space with respect to the deployed mitigations, highlighting the importance of the order, regularity, and intensity of accessing aggressor rows in non-uniform access patterns. We show how randomizing parameters in the frequency domain captures these aspects and use this insight in the design of Blacksmith, a scalable Rowhammer fuzzer that generates access patterns that hammer aggressor rows with different phases, frequencies, and amplitudes. Blacksmith finds complex patterns that trigger Rowhammer bit flips on all 40 of our recently purchased DDR4 DIMMs, 2.6x more than state of the art, and generating on average 87 x more bit flips. We also demonstrate the effectiveness of these patterns on Low Power DDR4X devices. Our extensive analysis using Blacksmith further provides new insights on the properties of currently deployed TRR mitigations. We conclude that after almost a decade of research and deployed in-DRAM mitigations, we are perhaps in a worse situation than when Rowhammer was first discovered.",wos,llm,1.000,unreviewed,,doi:10.1109/sp46214.2022.00048
discarded,SoTRAACE - Socio-Technical Risk-Adaptable Access Control Model,"Moura, Pedro; Fazendeiro, Paulo; Marques, Pedro; Ferreira, Ana",2017,2017 INTERNATIONAL CARNAHAN CONFERENCE ON SECURITY TECHNOLOGY (ICCST),,https://www.webofscience.com/wos/woscc/full-record/WOS:000424779200046,adjacent-subtopic,"Within the necessary security requirements, access control measures are essential to provide adequate means to protect data from unauthorized accesses. However, current and traditional solutions are commonly based on predefined access policies and roles and are therefore inflexible by assuming uniform access control decisions through people's different type of devices, environments and situational conditions, and across enterprises, location and time. We live in an age of the mobile paradigm of anytime/anywhere access as the smartphone is the most ubiquitous device that people now hold. In this new age, access control models need to determine adaptable access decisions based on multiple factors aggregated at the moment of request and not just perform a predefined comparison of attributes. This paper presents a new access control model: SoTRAACE -Socio-Technical Risk-Adaptable Access Control Model. This model aggregates attributes from various domains to help performing a risk assessment that is balanced against the operational needs at the moment of each request, so to provide the most accurate and secure access decision. As a proof of concept, SoTRAACE is used to model and compare two different use case scenarios in the healthcare sector.",wos,llm,1.000,unreviewed,,hash:fc0d209f528c2762
discarded,Influence of fabric structure on sodium hydroxide release from woven lyocell,"Siroky, Jan; Blackburn, Richard S.; Bechtold, Thomas",2011,TEXTILE RESEARCH JOURNAL,10.1177/0040517511399968,https://www.webofscience.com/wos/woscc/full-record/WOS:000296191100001,off-topic-false-hit,"The sodium hydroxide release (alkali wash-off) from lyocell fabrics with different weave constructions (plain, twill, sateen) was studied by conductivity measurements in the wash bath. An alkali transport coefficient (K) was established to quantify alkali release, which represents the liquid-side mass transfer of alkali release after a pad-batch process into the wash bath.

Three regions of NaOH-release behaviour were observed and two competitive phenomena related to swelling, increase of the substrate surface, and the substrate compactness, have been recognized. Firstly (up to 2.25 mol dm(-3)), the influence of fabric-alkali interactions and non-uniform access of NaOH determines alkali release, and also the absolute K value is mainly determined by the bulk densities (plain 0.4998, twill 0.4622 and sateen 0.4096 g cm(-3)) and porosities (plain 0.671, twill 0.696 and sateen 0.731) and thus, it increases continuously. The maximum swelling of cellulose fibers occurs between 2.25-3.00 mol dm(-3) NaOH; here, maximum K is observed as well as dependency on fabric construction is still determining factor. Above 3.75 mol dm(-3) NaOH, the treated substrates are highly swollen sheets and the K does not show dependency on fabric constructions, thus, the fabric construction is not relevant at this range anymore for the alkali-diffusion.

Because materials consisting of the same type of fiber and with similar mass per area are currently considered to behave identically, the findings herein which contrast with the existing theory are of particular relevance in optimization of technical processing of regenerated cellulosic fabrics during alkalization.",wos,llm,1.000,unreviewed,,doi:10.1177/0040517511399968
