status,title,authors,year,venue,doi,url,tags,abstract,provider,decision_source,llm_confidence,llm_review_outcome,llm_change_direction,paper_id
discarded,"Open-access bacterial population genomics: BIGSdb software, the PubMLST.org website and their applications",Keith A. Jolley; James E. Bray; Martin C. J. Maiden,2018,Wellcome Open Research,10.12688/wellcomeopenres.14826.1,https://openalex.org/W2891078715,off-topic-false-hit,"The PubMLST.org website hosts a collection of open-access, curated databases that integrate population sequence data with provenance and phenotype information for over 100 different microbial species and genera. Although the PubMLST website was conceived as part of the development of the first multi-locus sequence typing (MLST) scheme in 1998 the software it uses, the Bacterial Isolate Genome Sequence database (BIGSdb, published in 2010), enables PubMLST to include all levels of sequence data, from single gene sequences up to and including complete, finished genomes. Here we describe developments in the BIGSdb software made from publication to June 2018 and show how the platform realises microbial population genomics for a wide range of applications. The system is based on the gene-by-gene analysis of microbial genomes, with each deposited sequence annotated and curated to identify the genes present and systematically catalogue their variation. Originally intended as a means of characterising isolates with typing schemes, the synthesis of sequences and records of genetic variation with provenance and phenotype data permits highly scalable (whole genome sequence data for tens of thousands of isolates) means of addressing a wide range of functional questions, including: the prediction of antimicrobial resistance; likely cross-reactivity with vaccine antigens; and the functional activities of different variants that lead to key phenotypes. There are no limitations to the number of sequences, genetic loci, allelic variants or schemes (combinations of loci) that can be included, enabling each database to represent an expanding catalogue of the genetic variation of the population in question. In addition to providing web-accessible analyses and links to third-party analysis and visualisation tools, the BIGSdb software includes a RESTful application programming interface (API) that enables access to all the underlying data for third-party applications and data analysis pipelines.",openalex,llm,0.990,unreviewed,,doi:10.12688/wellcomeopenres.14826.1
discarded,"BART: Denoising Sequence-to-Sequence Pre-training for Natural Language Generation, Translation, and Comprehension",Mike Lewis; Yinhan Liu; Naman Goyal; Marjan Ghazvininejad; Abdelrahman Mohamed; Omer Levy; Veselin Stoyanov; Luke Zettlemoyer,2020,,10.18653/v1/2020.acl-main.703,https://openalex.org/W2982399380,off-topic-false-hit,"Mike Lewis, Yinhan Liu, Naman Goyal, Marjan Ghazvininejad, Abdelrahman Mohamed, Omer Levy, Veselin Stoyanov, Luke Zettlemoyer. Proceedings of the 58th Annual Meeting of the Association for Computational Linguistics. 2020.",openalex,llm,1.000,unreviewed,,doi:10.18653/v1/2020.acl-main.703
discarded,"The COSMIN study reached international consensus on taxonomy, terminology, and definitions of measurement properties for health-related patient-reported outcomes",Lidwine Brigitta Mokkink; Caroline Barbara Terwee; Donald L. Patrick; Jordi Alonso; Paul W. Stratford; Dirk L. Knol; L.M. Bouter; Henrica C. W. de Vet,2010,Journal of Clinical Epidemiology,10.1016/j.jclinepi.2010.02.006,https://openalex.org/W2171762906,off-topic-false-hit,"Objective: Lack of consensus on taxonomy, terminology, and definitions has led to confusion about which measurement properties are relevant and which concepts they represent. The aim was to clarify and standardize terminology and definitions of measurement properties by reaching consensus among a group of experts and to develop a taxonomy of measurement properties relevant for evaluating health instruments.

Study Design and Setting: An international Delphi study with four written rounds was performed. Participating experts had a background in epidemiology, statistics, psychology, and clinical medicine. The panel was asked to rate their (dis)agreement about proposals on a five-point scale. Consensus was considered to be reached when at least 67% of the panel agreed.

Results: Of 91 invited experts, 57 agreed to participate and 43 actually participated. Consensus was reached on positions of measurement properties in the taxonomy (68-84%), terminology (74-88%, except for structural validity [56%]), and definitions of measurement properties (68-88%). The panel extensively discussed the positions of internal consistency and responsiveness in the taxonomy, the terms ""reliability"" and ""structural validity,"" and the definitions of internal consistency and reliability.

Conclusions: Consensus on taxonomy, terminology, and definitions of measurement properties was reached. Hopefully, this will lead to a more uniform use of terms and definitions in the literature on measurement properties. (C) 2010 Elsevier Inc. All rights reserved.",openalex,llm,1.000,unreviewed,,doi:10.1016/j.jclinepi.2010.02.006
discarded,Spintronics based random access memory: a review,Sabpreet Bhatti; R. Sbiaa; Atsufumi Hirohata; Hideo Ohno; Shunsuke Fukami; S. N. Piramanayagam,2017,Materials Today,10.1016/j.mattod.2017.07.007,https://openalex.org/W2742177062,off-topic-false-hit,"This article reviews spintronics based memories, in particular, magnetic random access memory (MRAM) in a systematic manner. Debuted as a humble 4 Mb product by FreeScale in 2006, the MRAM has grown to a 256 Mb product of Everspin in 2016. During this period, MRAM has overcome several hurdles and have reached a stage, where the potential for MRAM is very promising. One of the main hurdles that the MRAM overcome between 2006 and 2016 is the way the information is written. The 4 Mb MRAM used a magnetic field based switching technology that would be almost impossible to scale below 100 nm. The 256 Mb MRAM, on the other hand uses a different writing mechanism based on Spin Transfer Torque (STT), which is scalable to very low dimensions. In addition to the difference in the writing mechanism, there has also been a major shift in the storage material. Whereas the 4 Mb MRAM used materials with in-plane magnetic anisotropy, the 256 Mb MRAM uses materials with a perpendicular magnetic anisotropy (PMA). MRAM based on PMA is also scalable to much higher densities. The paper starts with a brief history of memory technologies, followed by a brief description of the working principles of MRAM for novice. Reading information from MRAM, the technologies, materials and the physics behind reading of bits in MRAM are described in detail. As a next step, the physics and technologies involved in writing information are described. The magnetic field based writing and its limitations are described first, followed by an explanation of STT mechanism. The materials and physics behind storage of information is described next. MRAMs with in-plane magnetization, their layered material structure and the disadvantages are described first, followed by the advantages of MRAMs with perpendicular magnetization, their advantages etc. The technologies to improve writability and potential challenges and reliability issues are discussed next. Some of the future technologies that might help the industry to move beyond the conventional MRAM technology are discussed at the end of the paper, followed by a summary and an outlook.",openalex,llm,1.000,unreviewed,,doi:10.1016/j.mattod.2017.07.007
discarded,Automatic sense disambiguation using machine readable dictionaries,Michael Lesk,1986,,10.1145/318723.318728,https://openalex.org/W1971220772,off-topic-false-hit,"Article Free Access Share on Automatic sense disambiguation using machine readable dictionaries: how to tell a pine cone from an ice cream cone Author: Michael Lesk Bell Communications Research, Morristown, NJ Bell Communications Research, Morristown, NJView Profile Authors Info & Claims SIGDOC '86: Proceedings of the 5th annual international conference on Systems documentationJune 1986 Pages 24–26https://doi.org/10.1145/318723.318728Online:01 June 1986Publication History 861citation3,775DownloadsMetricsTotal Citations861Total Downloads3,775Last 12 Months247Last 6 weeks34 Get Citation AlertsNew Citation Alert added!This alert has been successfully added and will be sent to:You will be notified whenever a record that you have chosen has been cited.To manage your alert preferences, click on the button below.Manage my AlertsNew Citation Alert!Please log in to your account Save to BinderSave to BinderCreate a New BinderNameCancelCreateExport CitationPublisher SiteeReaderPDF",openalex,llm,0.990,unreviewed,,doi:10.1145/318723.318728
discarded,Distribution of the Estimators for Autoregressive Time Series with a Unit Root,David Alan Dickey; Wayne Arthur Fuller,1979,Journal of the American Statistical Association,10.1080/01621459.1979.10482531,https://openalex.org/W1975994995,off-topic-false-hit,"Let n observations Y 1, Y 2, ···, Y n be generated by the model Y t = pY t−1 + e t , where Y 0 is a fixed constant and {e t } t-1 n is a sequence of independent normal random variables with mean 0 and variance σ2. Properties of the regression estimator of p are obtained under the assumption that p = ±1. Representations for the limit distributions of the estimator of p and of the regression t test are derived. The estimator of p and the regression t test furnish methods of testing the hypothesis that p = 1.",openalex,llm,1.000,unreviewed,,doi:10.1080/01621459.1979.10482531
discarded,Aggregate Confusion: The Divergence of ESG Ratings,Florian Berg; Julian F Kölbel; Roberto Rigobón,2022,European Finance Review,10.1093/rof/rfac033,https://openalex.org/W4281296357,off-topic-false-hit,"Abstract This paper investigates the divergence of environmental, social, and governance (ESG) ratings based on data from six prominent ESG rating agencies: Kinder, Lydenberg, and Domini (KLD), Sustainalytics, Moody’s ESG (Vigeo-Eiris), S&P Global (RobecoSAM), Refinitiv (Asset4), and MSCI. We document the rating divergence and map the different methodologies onto a common taxonomy of categories. Using this taxonomy, we decompose the divergence into contributions of scope, measurement, and weight. Measurement contributes 56% of the divergence, scope 38%, and weight 6%. Further analyzing the reasons for measurement divergence, we detect a rater effect where a rater’s overall view of a firm influences the measurement of specific categories. The results call for greater attention to how the data underlying ESG ratings are generated.",openalex,llm,1.000,unreviewed,,doi:10.1093/rof/rfac033
discarded,Distracted Driving and Risk of Road Crashes among Novice and Experienced Drivers,Sheila G. Klauer; Feng Guo; Bruce G. Simons‐Morton; Marie Claude Ouimet; Suzanne E. Lee; Thomas A. Dingus,2014,New England Journal of Medicine,10.1056/nejmsa1204142,https://openalex.org/W1985757759,off-topic-false-hit,"BACKGROUND: Distracted driving attributable to the performance of secondary tasks is a major cause of motor vehicle crashes both among teenagers who are novice drivers and among adults who are experienced drivers. METHODS: We conducted two studies on the relationship between the performance of secondary tasks, including cell-phone use, and the risk of crashes and near-crashes. To facilitate objective assessment, accelerometers, cameras, global positioning systems, and other sensors were installed in the vehicles of 42 newly licensed drivers (16.3 to 17.0 years of age) and 109 adults with more driving experience. RESULTS: During the study periods, 167 crashes and near-crashes among novice drivers and 518 crashes and near-crashes among experienced drivers were identified. The risk of a crash or near-crash among novice drivers increased significantly if they were dialing a cell phone (odds ratio, 8.32; 95% confidence interval [CI], 2.83 to 24.42), reaching for a cell phone (odds ratio, 7.05; 95% CI, 2.64 to 18.83), sending or receiving text messages (odds ratio, 3.87; 95% CI, 1.62 to 9.25), reaching for an object other than a cell phone (odds ratio, 8.00; 95% CI, 3.67 to 17.50), looking at a roadside object (odds ratio, 3.90; 95% CI, 1.72 to 8.81), or eating (odds ratio, 2.99; 95% CI, 1.30 to 6.91). Among experienced drivers, dialing a cell phone was associated with a significantly increased risk of a crash or near-crash (odds ratio, 2.49; 95% CI, 1.38 to 4.54); the risk associated with texting or accessing the Internet was not assessed in this population. The prevalence of high-risk attention to secondary tasks increased over time among novice drivers but not among experienced drivers. CONCLUSIONS: The risk of a crash or near-crash among novice drivers increased with the performance of many secondary tasks, including texting and dialing cell phones. (Funded by the Eunice Kennedy Shriver National Institute of Child Health and Human Development and the National Highway Traffic Safety Administration.).",openalex,llm,1.000,unreviewed,,doi:10.1056/nejmsa1204142
discarded,Mechanical properties of graphene and graphene-based nanocomposites,Dimitrios G. Papageorgiou; Ian A. Kinloch; Robert J. Young,2017,Progress in Materials Science,10.1016/j.pmatsci.2017.07.004,https://openalex.org/W2736441330,off-topic-false-hit,"In this present review, the current status of the intrinsic mechanical properties of the graphene-family of materials along with the preparation and properties of bulk graphene-based nanocomposites is thoroughly examined. The usefulness of Raman spectroscopy for the characterization and study of the mechanical properties of graphene flakes and their composites is clearly exhibited. Furthermore, the preparation strategies of bulk graphene-based nanocomposites are discussed and the mechanical properties of nanocomposites reported in the literature are analysed. In particular, through the analyse of several hundred literature papers on graphene composites, we have found a unique correlation between the filler modulus, derived from the rule of mixtures, and the composite matrix. This correlation is found to hold true across a wide range of polymer matrices and thus suggests that the common assumption that the filler modulus is independent of the matric is incorrect, explaining the apparent under performance of graphene in some systems. The presence of graphene even at very low loadings can provide significant reinforcement to the final material, while the parameters that affect the nanocomposite strongly are thoroughly reviewed. Finally, the potential applications and future perspectives are discussed with regard to scale up capabilities and possible developments of graphene-based nanocomposite materials.",openalex,llm,1.000,unreviewed,,doi:10.1016/j.pmatsci.2017.07.004
discarded,LHAPDF6: parton density access in the LHC precision era,A. G. Buckley; J. Ferrando; S. L. Lloyd; Karl Nordström; Ben Page; Martin Rüfenacht; Marek Schönherr; Graeme Watt,2015,The European Physical Journal C,10.1140/epjc/s10052-015-3318-8,https://openalex.org/W1965888463,adjacent-subtopic,"The Fortran LHAPDF library has been a long-term workhorse in particle physics, providing standardised access to parton density functions for experimental and phenomenological purposes alike, following on from the venerable PDFLIB package. During Run 1 of the LHC, however, several fundamental limitations in LHAPDF’s design have became deeply problematic, restricting the usability of the library for important physics-study procedures and providing dangerous avenues by which to silently obtain incorrect results. In this paper we present the LHAPDF 6 library, a ground-up re-engineering of the PDFLIB/LHAPDF paradigm for PDF access which removes all limits on use of concurrent PDF sets, massively reduces static memory requirements, offers improved CPU performance, and fixes fundamental bugs in multi-set access to PDF metadata. The new design, restricted for now to interpolated PDFs, uses centralised numerical routines and a powerful cascading metadata system to decouple software releases from provision of new PDF data and allow completely general parton content. More than 200 PDF sets have been migrated from LHAPDF 5 to the new universal data format, via a stringent quality control procedure. LHAPDF 6 is supported by many Monte Carlo generators and other physics programs, in some cases via a full set of compatibility routines, and is recommended for the demanding PDF access needs of LHC Run 2 and beyond.",openalex,llm,0.910,unreviewed,,doi:10.1140/epjc/s10052-015-3318-8
discarded,PHENIX : building new software for automated crystallographic structure determination,Paul D. Adams; Ralf W. Grosse‐Kunstleve; Li‐Wei Hung; Thomas R. Ioerger; Airlie J. McCoy; Nigel W. Moriarty; Randy J. Read; James C. Sacchettini; Nicholas K. Sauter; Thomas C. Terwilliger,2002,Acta Crystallographica Section D Biological Crystallography,10.1107/s0907444902016657,https://openalex.org/W2109184569,off-topic-false-hit,Structural genomics seeks to expand rapidly the number of protein structures in order to extract the maximum amount of information from genomic sequence databases. The advent of several large-scale projects worldwide leads to many new challenges in the field of crystallographic macromolecular structure determination. A novel software package called PHENIX (Python-based Hierarchical ENvironment for Integrated Xtallography) is therefore being developed. This new software will provide the necessary algorithms to proceed from reduced intensity data to a refined molecular model and to facilitate structure solution for both the novice and expert crystallographer.,openalex,llm,0.970,unreviewed,,doi:10.1107/s0907444902016657
discarded,The advantages of the Matthews correlation coefficient (MCC) over F1 score and accuracy in binary classification evaluation,Davide Chicco; Giuseppe Jurman,2020,BMC Genomics,10.1186/s12864-019-6413-7,https://openalex.org/W2999309192,off-topic-false-hit,"Abstract Background To evaluate binary classifications and their confusion matrices, scientific researchers can employ several statistical rates, accordingly to the goal of the experiment they are investigating. Despite being a crucial issue in machine learning, no widespread consensus has been reached on a unified elective chosen measure yet. Accuracy and F 1 score computed on confusion matrices have been (and still are) among the most popular adopted metrics in binary classification tasks. However, these statistical measures can dangerously show overoptimistic inflated results, especially on imbalanced datasets. Results The Matthews correlation coefficient (MCC), instead, is a more reliable statistical rate which produces a high score only if the prediction obtained good results in all of the four confusion matrix categories (true positives, false negatives, true negatives, and false positives), proportionally both to the size of positive elements and the size of negative elements in the dataset. Conclusions In this article, we show how MCC produces a more informative and truthful score in evaluating binary classifications than accuracy and F 1 score, by first explaining the mathematical properties, and then the asset of MCC in six synthetic use cases and in a real genomics scenario. We believe that the Matthews correlation coefficient should be preferred to accuracy and F 1 score in evaluating binary classification tasks by all scientific communities.",openalex,llm,0.990,unreviewed,,doi:10.1186/s12864-019-6413-7
discarded,Are We There Yet? Data Saturation in Qualitative Research,Patricia I Fusch; Lawrence Ness,2015,The Qualitative Report,10.46743/2160-3715/2015.2281,https://openalex.org/W1780778418,off-topic-false-hit,"Failure to reach data saturation has an impact on the quality of the research conducted and hampers content validity. The aim of a study should include what determines when data saturation is achieved, for a small study will reach saturation more rapidly than a larger study. Data saturation is reached when there is enough information to replicate the study when the ability to obtain additional new information has been attained, and when further coding is no longer feasible. The following article critiques two qualitative studies for data saturation: Wolcott (2004) and Landau and Drori (2008). Failure to reach data saturation has a negative impact on the validity on one’s research. The intended audience is novice student researchers.",openalex,llm,1.000,unreviewed,,doi:10.46743/2160-3715/2015.2281
