status,title,authors,year,venue,doi,url,tags,abstract,provider,decision_source,llm_confidence,llm_review_outcome,llm_change_direction,paper_id
discarded,Source Code Summarization in the Era of Large Language Models,W. Sun,2025,Proceedings International Conference on Software Engineering,10.1109/ICSE55347.2025.00034,https://www.scopus.com/inward/record.uri?partnerID=HzOxMe3b&scp=105010316207&origin=inward,adjacent-subtopic,"To support software developers in understanding and maintaining programs, various automatic (source) code summarization techniques have been proposed to generate a concise natural language summary (i.e., comment) for a given code snippet. Recently, the emergence of large language models (LLMs) has led to a great boost in the performance of coderelated tasks. In this paper, we undertake a systematic and comprehensive study on code summarization in the era of LLMs, which covers multiple aspects involved in the workflow of LLMbased code summarization. Specifically, we begin by examining prevalent automated evaluation methods for assessing the quality of summaries generated by LLMs and find that the results of the GPT-4 evaluation method are most closely aligned with human evaluation. Then, we explore the effectiveness of five prompting techniques (zero-shot, few-shot, chain-of-thought, critique, and expert) in adapting LLMs to code summarization tasks. Contrary to expectations, advanced prompting techniques may not outperform simple zero-shot prompting. Next, we investigate the impact of LLMs' model settings (including top_p and temperature parameters) on the quality of generated summaries. We find the impact of the two parameters on summary quality varies by the base LLM and programming language, but their impacts are similar. Moreover, we canvass LLMs' abilities to summarize code snippets in distinct types of programming languages. The results reveal that LLMs perform suboptimally when summarizing code written in logic programming languages compared to other language types (e.g., procedural and object-oriented programming languages). Finally, we unexpectedly find that CodeLlamaInstruct with 7B parameters can outperform advanced GPT-4 in generating summaries describing code design rationale and asserting code properties. We hope that our findings can provide a comprehensive understanding of code summarization in the era of LLMs.",scopus,llm,0.990,unreviewed,,doi:10.1109/icse55347.2025.00034
discarded,Unearthing Gas-Wasting Code Smells in Smart Contracts With Large Language Models,J. Jiang,2025,IEEE Transactions on Software Engineering,10.1109/TSE.2024.3491578,https://www.scopus.com/inward/record.uri?partnerID=HzOxMe3b&scp=105003245320&origin=inward,adjacent-subtopic,"Smart contracts are automated programs stored on a blockchain, featuring unique attributes such as permissionlessness, trustlessness, immutability, and transparency. These properties underpin an array of unprecedented decentralized services. Compiled into bytecodes, Ethereum smart contracts are executed within the Ethereum Virtual Machine (EVM). Ethereum's distinct gas mechanism assigns a price to each bytecode execution, incentivizing resource-efficient computing. However, a disconnect exists between conventional coding practices and the less intuitive gas consumption computation mechanism, resulting in inadvertent gas wastage. Gas-wasting code smells at the source code level have been studied in various related works; however, the task of manually identifying such code smells by reading through codes and reasoning about them is both time-consuming and economically inefficient. In this work, we propose to leverage Large Language Models (LLMs), which have seen a surge in popularity recently, to facilitate undertaking the labor-intensive part of the code-smell-finding pipeline. In particular, we focus on Solidity, the predominant programming language for Ethereum smart contracts. Overall, we identified 26 gas-wasting code smells, out of which 13 were not presented in previous papers. On average, applying these code smells led to a reduction of approximately 10.534% in deployment costs and 21.528% in message call costs across our test codes. We further make a report on each of the identified code smells with associated example contracts sourced from either previous literature or recently deployed contracts.",scopus,llm,0.990,unreviewed,,doi:10.1109/tse.2024.3491578
discarded,WHAT'S NEW IN MY DATA? NOVELTY EXPLORATION VIA CONTRASTIVE GENERATION,M. Isonuma,2025,13th International Conference on Learning Representations Iclr 2025,,https://www.scopus.com/inward/record.uri?partnerID=HzOxMe3b&scp=105010250783&origin=inward,off-topic-false-hit,,scopus,llm,0.940,unreviewed,,hash:5194743fa6fff264
discarded,A Critique on the Role of Object-Oriented Finite Element Analysis (OOF2) in Predicting Thermal and Mechanical Properties in Thermal Sprayed Coatings,R. Joshi,2024,Journal of Thermal Spray Technology,10.1007/s11666-024-01797-1,https://www.scopus.com/inward/record.uri?partnerID=HzOxMe3b&scp=85196096251&origin=inward,off-topic-false-hit,"Microstructural modeling at progressive length scales can enable the prediction of thermal and mechanical properties of thermal sprayed coatings with hierarchical features. Object-oriented finite (OOF2) element modeling conducted using microstructural images, although a powerful technique, has been employed to a limited extent in thermally sprayed materials. Consequently, there is little scientific understanding of the efficiency of the OOF2 technique for estimating bulk properties. For the first time, this study provides a comprehensive analysis of these factors' role in the OOF2 technique's capability to predict thermal and mechanical properties in ceramic and metallic coatings manufactured by plasma spray, high-velocity oxyfuel (HVOF) spray, wire_arc spray, and cold spray. The prediction efficiency generally increases for larger grain sizes as overall microstructural features are captured even at lower magnifications. The same effect is obtained in microstructures having lower and uniformly shaped pores. The data on the porosity suggest that OOF2 predictions are most accurate when conducted on coatings manufactured using sintered feedstock because of the dense powder. In contrast, OOF2 predictions are the least accurate when hollow spherical (HOSP) feedstock having empty cores is used. These multiscale facets of microstructure, porosity, etc., thus, highlight the importance of the selection of the representative volume element for accurate analysis in OOF2, which, depending upon the process, is captured at 300x - 500x for HVOF and wire-arc spray, and 1000x - 15,000x magnifications for plasma and cold spray. This overall assessment charts the relative importance of variables such as grain size, porosity, and feedstock as compared to that of the process and anisotropy in the prediction of properties in thermally sprayed coatings. While these conclusions are based on the limited literature of 37 articles, this study makes a bold attempt towards a guidebook for future thermal spray researchers in conducting more accurate OOF2 analysis.",scopus,llm,1.000,unreviewed,,doi:10.1007/s11666-024-01797-1
discarded,Mathematical Models for Energy and Resource-Efficient Management of Coke Ovens Considering Environmental Impact,F. Zagidullina,2024,Proceedings 2024 6th International Conference on Control Systems Mathematical Modeling Automation and Energy Efficiency Summa 2024,10.1109/SUMMA64428.2024.10803671,https://www.scopus.com/inward/record.uri?partnerID=HzOxMe3b&scp=105014159136&origin=inward,off-topic-false-hit,"The study analyzes the environmental aspects of the coking process, examines the current state of the coke-chemical industry, and formulates the problem of resource- and energy-efficient management of the coke oven battery considering environmental impact. A formalized description of the controlled obj ect and an algorithm for calculating the characteristics of the coking process have been developed. The paper presents a mathematical model of the static behavior of the coke oven battery, including calculations of material and thermal balances, hydraulic regime, and the amount of harmful emissions. An example of calculating gaseous emissions into the atmosphere is provided, implemented in the MS Visual Studio development environment using the object-oriented programming language C#.",scopus,llm,0.990,unreviewed,,doi:10.1109/summa64428.2024.10803671
discarded,Correlation gas chromatography and two-dimensional volatility basis methods to predict gas-particle partitioning for e-cigarette aerosols,L. Tian,2024,Aerosol Science and Technology,10.1080/02786826.2024.2326547,https://www.scopus.com/inward/record.uri?partnerID=HzOxMe3b&scp=85188542873&origin=inward,off-topic-false-hit,"Abstract E-cigarette aerosols contain a complex mixture of harmful and potentially harmful chemicals. Once released into the environment, they evolve and become new sources of indoor air pollutants that could pose a significant threat to both users and non-users. However, current understanding of the physicochemical properties of e-cigarette aerosol constituents that govern gas-particle partitioning in the atmosphere is limited, making it difficult to estimate the health risks associated with exposure. Here, we used correlation gas chromatography (C-GC) and two-dimensional volatility basis set (2D-VBS) methods to determine the vapor pressures and volatility for commonly reported toxic and irritating e-cigarette aerosol constituents. The vapor pressures of target compounds at 298 K were estimated from the Antoine-type linear relationship between the vapor pressure of reference standards and their retention times. Our C-GC results showed an overall positive correlation (R = 0.84) with estimates using the EPI (Estimation Programs Interface) Suite. The volatility calculated by 2D-VBS correlates well with the calculated vapor pressure from both C-GC (R = 0.82) and EPI Suite (R = 0.85). The volatility distribution also indicated fresh e-cigarette aerosol constituents are mainly more volatile organic compounds. Our case study revealed that low-vapor-pressure compounds (e.g., σ-dodecalactone, γ-decalactone, and maltol) become enriched in the e-cigarette aerosols within 2 h following vaping emissions. Overall, these findings demonstrate the applicability of the C-GC and 2D-VBS methods for determining the physiochemical properties of e-cigarette aerosol constituents, which can aid in assessing the dynamic chemical composition of e-cigarette aerosols and exposures to vaping emissions in indoor environments. Graphical Abstract",scopus,llm,1.000,unreviewed,,doi:10.1080/02786826.2024.2326547
discarded,A Survey on Parallelism and Determinism,L. Gonnord,2023,ACM Computing Surveys,10.1145/3564529,https://www.scopus.com/inward/record.uri?partnerID=HzOxMe3b&scp=85147856744&origin=inward,adjacent-subtopic,"Parallelism is often required for performance. In these situations an excess of non-determinism is harmful as it means the program can have several different behaviours or even different results. Even in domains such as high-performance computing where parallelism is crucial for performance, the computed value should be deterministic. Unfortunately, non-determinism in programs also allows dynamic scheduling of tasks, reacting to the first task that succeeds, cancelling tasks that cannot lead to a result, and so on. Non-determinism is thus both a desired asset or an undesired property depending on the situation. In practice, it is often necessary to limit non-determinism and to identify precisely the sources of non-determinism to control what parts of a program are deterministic or not. This survey takes the perspective of programming languages, and studies how programming models can ensure the determinism of parallel programs. This survey studies not only deterministic languages but also programming models that prevent one particularly demanding source of non-determinism: data races. Our objective is to compare existing solutions to the following questions: How programming languages can help programmers write programs that run in a parallel manner without visible non-determinism? What programming paradigms ensure this kind of properties? We study these questions and discuss the merits and limitations of different approaches.",scopus,llm,0.990,unreviewed,,doi:10.1145/3564529
discarded,"A systematic literature review on source code similarity measurement and clone detection: Techniques, applications, and challenges",M. Zakeri-Nasrabadi,2023,Journal of Systems and Software,10.1016/j.jss.2023.111796,https://www.scopus.com/inward/record.uri?partnerID=HzOxMe3b&scp=85165159999&origin=inward,adjacent-subtopic,"Measuring and evaluating source code similarity is a fundamental software engineering activity that embraces a broad range of applications, including but not limited to code recommendation, duplicate code, plagiarism, malware, and smell detection. This paper proposes a systematic literature review and meta-analysis on code similarity measurement and evaluation techniques to shed light on the existing approaches and their characteristics in different applications. We initially found over 10,000 articles by querying four digital libraries and ended up with 136 primary studies in the field. The studies were classified according to their methodology, programming languages, datasets, tools, and applications. A deep investigation reveals 80 software tools, working with eight different techniques on five application domains. Nearly 49% of the tools work on Java programs and 37% support C and C++, while there is no support for many programming languages. A noteworthy point was the existence of 12 datasets related to source code similarity measurement and duplicate codes, of which only eight datasets were publicly accessible. The lack of reliable datasets, empirical evaluations, hybrid methods, and focuses on multi-paradigm languages are the main challenges in the field. Emerging applications of code similarity measurement concentrate on the development phase in addition to the maintenance.& COPY; 2023 Elsevier Inc. All rights reserved.",scopus,llm,0.990,unreviewed,,doi:10.1016/j.jss.2023.111796
discarded,iSOFT ISEC 2023 - Proceedings of the 16th Innovations in Software Engineering Conference (Formerly known as India Software Engineering Conference),,2023,ACM International Conference Proceeding Series,,https://www.scopus.com/inward/record.uri?partnerID=HzOxMe3b&scp=85149143954&origin=inward,adjacent-subtopic,,scopus,llm,0.860,unreviewed,,hash:5da3400a5172e34f
discarded,Exploration of the Feasibility and Applicability of Domain Adaptation in Machine Learning-Based Code Smell Detection,P. Sukkasem,2023,Communications in Computer and Information Science,10.1007/978-981-99-7969-1_6,https://www.scopus.com/inward/record.uri?partnerID=HzOxMe3b&scp=85177813101&origin=inward,adjacent-subtopic,,scopus,llm,0.980,unreviewed,,doi:10.1007/978-981-99-7969-1_6
discarded,On Developing and Improving Tools for Architecture-Smell Tracking in Java Systems,P. Gnoyke,2023,Proceedings 2023 IEEE 23rd International Working Conference on Source Code Analysis and Manipulation Scam 2023,10.1109/SCAM59687.2023.00034,https://www.scopus.com/inward/record.uri?partnerID=HzOxMe3b&scp=85182727633&origin=inward,adjacent-subtopic,"Architecture smells indicate violations of software-design principles. So, identifying and assessing architecture smells facilitates refactorings to reduce technical debt and ensure maintainability. Detecting architecture smells in only one version at a time provides a static and limited picture, since, for example, historical trends remain obfuscated. Both, for practitioners and researchers, obtaining information on how specific architecture smells evolved over time can yield valuable insights, be it for avoiding the growth of critical smells, grasping the code’s degradation, or getting a better understanding of development processes. To support such analyses, we developed our tool AsTdEA, which tracks architecture smells throughout a system’s evolution. AsTdEA runs a modified version of the architecture-smell detection tool Arcan and allows the automated batch-processing of multiple versions of one or multiple systems. First, AsTdEA generates data on the components that are involved in each smell on a version-to-version basis and how these intra-version smells are related with one another across the entire system history, forming inter-version smells. Second, for every intra-version smell, inter-version smell, and system version, AsTdEA outputs a multitude of properties, which we have already used for multiple empirical studies. In this paper, we show the implementation and use of AsTdEA, as well as the lessons that we learned during its development and how we want to improve it in the future.",scopus,llm,0.990,unreviewed,,doi:10.1109/scam59687.2023.00034
discarded,Advanced metric analysis tool for Java source code,V.V. Burakov,2023,Informatsionno Upravliaiushchie Sistemy,10.31799/1684-8853-2023-1-17-28,https://www.scopus.com/inward/record.uri?partnerID=HzOxMe3b&scp=85175830607&origin=inward,adjacent-subtopic,,scopus,llm,0.940,unreviewed,,doi:10.31799/1684-8853-2023-1-17-28
discarded,GraphIAST: A graphical user interface software for Ideal Adsorption Solution Theory (IAST) calculations,E. Dautzenberg,2022,Computer Physics Communications,10.1016/j.cpc.2022.108494,https://www.scopus.com/inward/record.uri?partnerID=HzOxMe3b&scp=85136561594&origin=inward,off-topic-false-hit,"Industrial exhaust gases have a strong environmental impact, including on global warming. Carbon dioxide (CO2) is a prominent example of such an exhaust gas. Therefore, CO2 capture and storage in industrial processes is becoming increasingly important. Preferably, these emitted gases are separated before their release into the environment. Such applications require selective gas separation to isolate the harmful gases or to allow recycling of industrially relevant gases. Porous materials are promising candidates to achieve gas separation, since their large surface area enables them to adsorb large quantities while their selectivity can be tuned by controlling their chemical composition. Modelling adsorption behavior and calculating corresponding selectivities in multicomponent gas mixtures of such porous materials, which is essential to quantify their gas separation performance, can be achieved through the Ideal Adsorption Solution Theory (IAST), which can be challenging to perform. The current available softwares for IAST calculations demand programming knowledge that not every materials scientist has or has access to, limiting the development of new porous materials for gas separation purposes. In this paper, we present a simple, user-friendly program for IAST loading and selectivity predictions for binary gas mixtures based on the Python module pyIAST. We have developed a graphical user interface resembling commonly known software and made three-dimensional selectivity predictions easily accessible within just a few clicks. The input and output data structure relies on the widely used *.csv format and isotherm data can be fitted with various established models. Therefore, our software provides a platform for IAST calculations for non-programming researchers, which is expected to enable more materials scientists to screen their porous materials for desired gas separation properties. Program Title: GraphIAST CPC Library link to program files: https://doi.org/10.17632/ytc64xwcr5.1 Developer's repository link: https://github.com/ORC-WUR/GraphIAST Licensing provisions: MIT Programming language: Python External Routines: Math, Matplotlib, Numpy, Pandas, PIL, pyIAST, Tkinter Supplementary material: User Manual, Case studies Nature of problem: Using IAST to predict the selectivity in binary gas mixtures based on their pure component isotherms. Solution method: Employing the pyIAST package [1] and incorporating this into a GUI surrounding for a facilitated use of IAST analysis. Additionally, the selectivity predictions have been extended to multiple selectivities at different mole fractions and pressures. C.M. Simon, B. Smit, M. Haranczyk, Comput. Phys. Commun. 200 (2016) 364–380.",scopus,llm,0.990,unreviewed,,doi:10.1016/j.cpc.2022.108494
