status,title,authors,year,venue,doi,url,tags,abstract,provider,decision_source,llm_confidence,llm_review_outcome,llm_change_direction,paper_id
discarded,Chaos based quantum key generation for image encryption/decryption in secure communication,K. Meera,2026,Journal of Information Security and Applications,10.1016/j.jisa.2026.104565,https://www.scopus.com/inward/record.uri?partnerID=HzOxMe3b&scp=105044087102&origin=inward,adjacent-subtopic,"The rapid growth of multimedia communication and escalating cyber threats necessitate secure and adaptable image encryption schemes. This paper proposes a novel chaos-quantum hybrid key generation framework with a three key set switch architecture. Chaotic keys are derived from fractional order complex Lorenz system, while the quantum keys are obtained from quantum key distribution protocols such as BB84 and E91. These keys are independently processed and combined through a configurable mechanism, which enables the use of chaotic, quantum or hybrid keys based on the requirement. The generated keys are further hashed using SHA 512 for improving the Shannon entropy and validated through NIST statistical test suite. In addition, the proposed keys exhibit the highest key space to withstand quantum Grover's attack. The robustness of the framework under practical conditions is analyzed by evaluating the Quantum Bit Error Rate (QBER) for different channel noise levels leading to automatic key rejection beyond a threshold. A nonlinear fractional observer based synchronisation mechanism is employed to ensure key alignment between transmitter and receiver. The generated keys are further integrated with AES-CBC algorithm for image encryption, achieving high information entropy (7.9994) and MSE (12850.7962) with hybrid keys. The proposed method shows the strongest resistance against the crypt-analytic attacks such as chosen plaintext and ciphertext attacks. The analysis of the quantum intercept-resend attack on the proposed method reveals an increase in QBER and reduced CHSH value thereby confirming the presence of an eavesdropper and discarding the keys. The runtime analysis validates the computational complexity and the learning based attack using neural networks exhibits the resistance with evaluation metrics such as MSE, PSNR and SSIM. The cryptanalytic performance metrics indicate that the proposed method offers strong confusion and diffusion properties thereby ensuring high security against statistical, differential and quantum attacks compared to the existing algorithms.",scopus,llm,0.980,unreviewed,,doi:10.1016/j.jisa.2026.104565
discarded,Environmental photocatalysis under scrutiny: Rethinking characterization and mechanistic interpretation,G. Manickavasagam,2026,Chemical Engineering Journal,10.1016/j.cej.2026.180382,https://www.scopus.com/inward/record.uri?partnerID=HzOxMe3b&scp=105046539794&origin=inward,off-topic-false-hit,"Photocatalysis has emerged as one of the most promising and sustainable approaches for addressing environmental challenges, particularly water pollution. Recent advances in material reconstruction, heterostructure engineering, and nanostructure development, aimed at designing efficient photocatalysts through electronic structure and band gap engineering, have significantly improved the performance of photocatalytic systems for pollutant removal. Nevertheless, a systematic review of the literature shows that current characterization and experimental practices in photocatalysis can still lead to ambiguous interpretations and overstated conclusions regarding material properties, reaction mechanisms, and performance. Recurring issues identified in current literature include X-ray photoelectron spectroscopy peak assignment, reliability of experimentally-derived band gap values, determination of band positions relevant to reactive species (RS) formation, measurement of band edge positions in heterostructure photocatalysts, differentiation between doping and composite structures, and verification of single-atom photocatalysts. Additional concerns involve evaluations of RS contributions, role of adsorption, degradation kinetics, density functional theory calculations, and degradation pathways and mineralization. Therefore, this review aims to scrutinize these issues using fundamental principles and to provide practical guidance for accurate data interpretation and experimental validation. The guidelines outlined herein are expected to support the development of more reliable and scientifically robust photocatalytic systems for environmental applications.",scopus,llm,0.990,unreviewed,,doi:10.1016/j.cej.2026.180382
discarded,"Real-world evaluation of the christie symptom inventory-lung cancer (CSI-lung) electronic patient-reported outcome measure: validity, reliability, responsiveness, and patient experiences",T. Nuamek,2026,Lung Cancer,10.1016/j.lungcan.2026.109564,https://www.scopus.com/inward/record.uri?partnerID=HzOxMe3b&scp=105046788906&origin=inward,off-topic-false-hit,"OBJECTIVES
The routine use of electronic patient-reported outcome measures (ePROMs) in oncology is expanding internationally, yet uncertainty remains regarding the most suitable tool for routine care. The Christie Symptom Inventory-Lung Cancer (CSI-Lung) was developed for routine care. This study evaluated its content validity, psychometric performance using real-world data, and patient experience.


MATERIALS AND METHODS
A mixed-methods evaluation, guided by COSMIN methodology, was conducted. Content validity was assessed through cognitive interviews with nine patients, examining item relevance, comprehensibility, and comprehensiveness. Quantitative analyses used routinely collected ePROM data from 2,483 patients with lung cancer. Test-retest reliability was assessed using quadratic-weighted Cohen's kappa, with stable health defined using EQ-5D-5L and EQ-VAS. Construct validity was evaluated using Spearman correlations with EQ-5D-5L (convergent validity) and comparisons across ECOG performance status (known-groups validity). Responsiveness was assessed using Kendall's tau between symptom changes and EQ-VAS changes. Patients experience was evaluated through surveys completed by 274 patients.


RESULTS
Interviews demonstrated high relevance and comprehensibility. Test-retest reliability showed weighted kappa > 0.7 for 10/14 items, with over 80% agreement across items. All items expectedly correlated negatively with EQ-5D-5L, particularly tiredness, pain, and breathlessness. Known-group validity was supported, with worse symptoms in patients with poorer performance status. Responsiveness analyses showed expected negative correlations with EQ-VAS. Patient experience was positive: 93% found CSI-Lung easy to complete, 92% clinically useful, and 89% supportive of care.


CONCLUSION
CSI-Lung demonstrated measurement properties consistent with clinical expectations and high patient acceptability, supporting its use in routine care and further validation across diverse settings and populations.",scopus,llm,0.990,unreviewed,,doi:10.1016/j.lungcan.2026.109564
discarded,Numerical simulation of multi-field coupling and reservoir combination optimization for coal-measure superimposed gas reservoirs (Coal-MSGR): A case study of the Dahebian Block in Western Guizhou,H. Fang,2026,Energy,10.1016/j.energy.2026.142062,https://www.scopus.com/inward/record.uri?partnerID=HzOxMe3b&scp=105046233171&origin=inward,off-topic-false-hit,"In coal-measure superimposed gas reservoirs (Coal-MSGR), significant differences exist in the mechanical and petrophysical properties among different lithologies. During combined-drainage production of coal-measure gases, several challenges remain: insufficient understanding of interlayer fluid cross-flow mechanisms, a lack of robust multiphysics coupling models, and poor comprehension of production performance variations across different lithological assemblages. In this study, the Dahebian Block in western Guizhou was selected as the research target. First, a fully coupled thermo-hydro-mechanical (THM) mathematical model for Coal-MSGR was established. Second, a geometric model of a three-layer superimposed reservoir was constructed, and four numerical schemes for coal-measure gas drainage were established. Subsequently, the temporal and spatial evolution patterns of reservoir pressure, temperature, permeability, gas content, and gas production under different drainage modes were systematically analyzed. The results indicate that the proposed fully coupled THM model, validated against production data, achieves an average fitting error of 2.83%, confirming its high accuracy. When the sandstone layer participates in drainage production, free gas is rapidly yielded. The vertical interlayer pressure difference drives gas migration from the shale and sandstone layers toward the coal layer. Full-seam drainage promotes radial pressure depletion across the entire reservoir. The permeability of the coal layer exhibits a trend of ""initial decline, followed by recovery, and then stabilization."" Under full-seam drainage, the recovery time for coal permeability advances to day 302, with the permeability reaching 2.015 times its initial value. Shale permeability shows a relatively limited and delayed recovery. In contrast, sandstone permeability displays a continuous decline, primarily governed by effective stress. Owing to significant endothermic effects from adsorbed gas desorption and low thermal diffusivity, the coal layer exhibits the greatest temperature drop. During combined-drainage production, the secondary endothermic effect caused by interlayer gas cross-flow further intensifies local cooling in the coal layer. Under the full-seam drainage mode, the reduction in matrix gas content is greatest for both coal and shale, with a CH4 recovery factor of 45.17%, approximately 7.6% higher than that for single coal layer drainage. Adsorbed CH4 constitutes 79.98% of the total recovery. Full-seam drainage is identified as the optimal reservoir combination scheme; however, the drainage intensity must be properly controlled to avoid water lock damage induced by a rapid pressure drawdown to zero in the sandstone layer. The findings of this study provide a theoretical basis and technical support for the optimizing combined-drainage strategies and for the efficient development of the Dahebian Block in western Guizhou and analogous Coal-MSGR.",scopus,llm,0.990,unreviewed,,doi:10.1016/j.energy.2026.142062
discarded,Deep learning-based prediction of drug bitterness using molecular structures,H. Iwata,2026,European Journal of Pharmaceutical Sciences,10.1016/j.ejps.2026.107616,https://www.scopus.com/inward/record.uri?partnerID=HzOxMe3b&scp=105045399644&origin=inward,off-topic-false-hit,"Bitterness is a major cause of poor medication adherence, particularly in pediatric patients. Although several machine learning models have been developed for bitterness prediction, most rely on single-task learning and have undergone limited validation using pharmaceutically relevant compounds. We developed a multitask graph neural network (GNN) that predicts drug bitterness directly from molecular structures using sweetness as an auxiliary task. SMILES-derived molecular graphs were used as model inputs. Predictive performance was evaluated using scaffold-based five-fold cross-validation and an independent external dataset of pediatric oral drugs after removing compounds overlapping with the model development dataset. Compared with a single-task GNN, the multitask model consistently improved predictive performance across all folds, yielding higher ROC-AUC values and F1-scores. UMAP and silhouette analyses revealed substantial overlap between taste classes, indicating that bitterness cannot be explained by simple structural similarity. For external validation, an independent dataset comprising 185 pediatric drug compounds was used. The model correctly identified 139 of 157 previously reported bitter compounds, achieving a sensitivity of 0.8854, a precision of 0.9026, an F1-score of 0.8939, and an average precision of 0.9339, exceeding the prevalence baseline (0.849). These findings demonstrate that multitask molecular representation learning improves bitterness prediction and suggest that the proposed model may serve as a high-sensitivity in silico screening tool for prioritizing potentially bitter compounds during early-stage pharmaceutical development, thereby supporting formulation design and improving patient adherence.",scopus,llm,0.990,unreviewed,,doi:10.1016/j.ejps.2026.107616
discarded,Mixed-mode multidimensional polysaccharide fingerprint coupled with hierarchical data fusion for the precise authentication of Gastrodia elata Blume subtypes,X. Kong,2026,Journal of Chromatography A,10.1016/j.chroma.2026.467305,https://www.scopus.com/inward/record.uri?partnerID=HzOxMe3b&scp=105045992942&origin=inward,off-topic-false-hit,"Gastrodia elata Blume is a vital herb requiring precise subtype discrimination for market authentication and traceability. However, the current analytical focus on small molecules limits the extraction of highly discriminative polysaccharide features, making chemometric authentication under class-imbalanced conditions highly challenging. To address these limitations, we established a robust multi-detector size-exclusion chromatography platform utilizing a 5 mM NH₄Ac mobile phase to induce a mixed-mode separation, effectively resolving the cryptic structural heterogeneities and multidimensional properties of the bioactive polysaccharides. Furthermore, we systematically evaluated nine machine learning algorithms, comparing hierarchical versus direct architectures to mitigate class imbalance. For multimodal data fusion, we assessed chromatographic profile, physicochemical expert, and fused feature strategies, utilizing PCA, RFECV, and SFM for dimensionality reduction. Results demonstrated that the hierarchical architecture successfully resolved class imbalance. The KNN model utilizing PCA-reduced fused features achieved optimal performance (Accuracy: 0.8927, F1-Macro: 0.8515). More importantly, interpretable analysis using SHapley Additive exPlanations and PCA loadings revealed a robust chemical decision mechanism: the model prioritizes macroscopic molecular weight (PC1) to identify Gastrodia elata Bl. f. glauca S. Chow (WTM), while utilizing microscopic structural details (PC3/PC5) to distinguish Gastrodia elata Bl. f. elata (HTM) and their hybrids (WHTM). This interpretable chemometric strategy enables precise Gastrodia elata subtype authentication and offers a reliable reference for analyzing polysaccharide-rich herbs.",scopus,llm,0.990,unreviewed,,doi:10.1016/j.chroma.2026.467305
discarded,"Correction: Synergistic effects of specimen dimensions and curing regimes on mechanical, physical, microstructural properties and high-temperature performance of alkali-activated mortars (Archives of Civil and Mechanical Engineering, (2026), 26, 4, (189), 10.1007/s43452-026-01540-3)",E. Ekinci,2026,Archives of Civil and Mechanical Engineering,10.1007/s43452-026-01585-4,https://www.scopus.com/inward/record.uri?partnerID=HzOxMe3b&scp=105044181130&origin=inward,off-topic-false-hit,,scopus,llm,0.990,unreviewed,,doi:10.1007/s43452-026-01585-4
discarded,Evaluating the Efficacy of a Novel Multimaterial 3D-Printed Phantom for Otologic Surgical Education and Simulation,J. Wang,2026,Otology and Neurotology,10.1097/MAO.0000000000004950,https://www.scopus.com/inward/record.uri?partnerID=HzOxMe3b&scp=105040933699&origin=inward,off-topic-false-hit,"OBJECTIVE
To design and validate a cost-effective, multimaterial 3D-printed temporal bone phantom that replicates the anatomic and haptic properties of human bone for surgical simulation and training.


STUDY DESIGN
Prospective cohort study.


SETTING
Tertiary academic medical center.


PARTICIPANTS
Sixteen otolaryngology residents (PGY-1 to PGY-5) are participating in a multi-institutional temporal bone dissection course.


INTERVENTION
Participants performed mastoidectomy and facial recess dissection on a novel 3D-printed phantom fabricated from calcium-enriched SimuBone PLA (for osseous structures) and contrasting colored PLA (for neurovascular anatomy). Performance was compared against cadaveric controls.


MAIN OUTCOME MEASURES
Participants completed a structured 5-point Likert-scale survey assessing anatomic realism, tactile feedback, visual fidelity, and educational utility. Spearman rank-order correlations evaluated the relationship between surgeon experience and perceived model fidelity.


RESULTS
The phantom demonstrated moderately high scores for anatomic fidelity (mean 3.56±0.51) and visual realism (mean 3.62±0.50), with overall realism rated at 3.50±0.52. Although tactile realism was rated lower (mean 3.06±0.57), 100% of participants rated the model as moderately to highly valuable for surgical training. Senior residents were more critical of anatomic fidelity (P<0.05) yet reported continued willingness to use the phantom for skill development. Qualitative feedback confirmed the utility of color-coded ""no-go"" zones for novice spatial orientation.


CONCLUSIONS
The multimaterial 3D-printed phantom offers a scalable, cost-effective ($6.13 USD) alternative to cadaveric dissection with high anatomic accuracy. Although haptic nuances require further optimization, the model serves as an effective foundational simulator for otologic surgical education.",scopus,llm,0.990,unreviewed,,doi:10.1097/mao.0000000000004950
discarded,Rapid antigen testing and public support for freedom granting in Germany during the COVID-19 pandemic,F.G. Rebitschek,2026,Heliyon,10.1016/j.heliyon.2026.e45309,https://www.scopus.com/inward/record.uri?partnerID=HzOxMe3b&scp=105048177629&origin=inward,off-topic-false-hit,"Pandemic management can involve restricting people's freedoms to curb the spread of infection, as done with introducing large-scale rapid antigen testing for SARS-CoV-2 in 2021. But do people understand what a test result means? Because testing has both benefits (e.g., societal) and risks (e.g., classification errors), we investigated whether understanding test performance and perception of societal benefits are associated with the acceptance of test-based granting of individual freedoms and personal testing intentions. We conducted a longitudinal study with a representative online panel of German citizens (N = 4991) during the Corona pandemic between 5 March and 26 May 2021. We assessed support for granting freedoms for various activities (e.g., visiting restaurants) based on health status indicators (negative rapid antigen test, vaccination status, COVID-19 recovery, or none of these), as well as comprehension of rapid antigen test performance. An experiment within the panel (N = 1660) examined how information from a national health authority about the societal benefits of regular testing and test performance related to citizens' comprehension of tests and willingness to grant freedoms. Initially, substantial freedoms were only granted to individuals with negative test results and those who were vaccinated, based on perceived infectivity. By May 2021, recovered individuals were also included. Restrictions on activities for other citizens were widely accepted. Providing evidence-based information improved comprehension of test performance and reduced willingness to grant freedoms to test-negative groups, unless additional societal benefit information was provided. Citizens expressed uncertainty about both infectivity risks and test properties. However, presenting performance information improved understanding and reduced freedom granting to test-negative groups. Evidence-based information has the potential to foster critical acceptance of targeted ‘freedom granting' as a measure for pandemic management.",scopus,llm,0.990,unreviewed,,doi:10.1016/j.heliyon.2026.e45309
discarded,Machine learning driven photonic crystal sensor analysis for multi nutrient detection in soil,S. Ramya,2026,Optik,10.1016/j.ijleo.2026.172808,https://www.scopus.com/inward/record.uri?partnerID=HzOxMe3b&scp=105040976910&origin=inward,off-topic-false-hit,,scopus,llm,0.970,unreviewed,,doi:10.1016/j.ijleo.2026.172808
