status,title,authors,year,venue,doi,url,tags,abstract,provider,decision_source,llm_confidence,llm_review_outcome,llm_change_direction,paper_id
discarded,Using collaborative filtering to weave an information tapestry,David Goldberg; David Nichols; Brian M. Oki; Douglas B. Terry,1992,Communications of the ACM,10.1145/138859.138867,https://openalex.org/W1966553486,off-topic-false-hit,"Tapestry is an experimental mail system developed at the Xerox Palo Alto Research Center.The motivation for Tapestry comes from the increasing use of electronic mail, which is resulting in users being inundated by a huge stream of incoming documents [2, 7, 12].One way to handle large volumes of mail is to provide mailing lists, enabling users to subscribe only to those lists of interest to them.However, as illustrated in Figure 1, the set of documents of interest to a particular user rarely map neatly to existing lists.A better solution is for a user to specify afi'lter that scans all lists, selecting interesting documents no matter what list they are in.Several mail systems support filtering based on a document's contents [3, 5, 6, 8].A basic tenet of the Tapestry work is that more effective filtering can be done by involving humans in the filtering process.In addition to content-based filtering, the Tapestry system was designed and built to support coUaborativefi'ltering. Collaborative filtering simply means that people collaborate to help one another perform filtering by recording their reactions to documents they read.Such reactions may be that a document was particularly interesting (or particularly uninteresting).These reactions, more generally called annotations, can be accessed by others' filters.One application of annotations is in support of moderated newsgroups.",openalex,llm,1.000,unreviewed,,doi:10.1145/138859.138867
discarded,A survey of structured and object-oriented software specification methods and techniques,Roel J. Wieringa,1998,ACM Computing Surveys,10.1145/299917.299919,https://openalex.org/W2124970417,adjacent-subtopic,"This article surveys techniques used in structured and object-oriented software specification methods. The techniques are classified as techniques for the specification of external interaction and internal decomposition. The external specification techniques are further subdivided into techniques for the specification of functions, behavior, and communication. After surveying the techniques, we summarize the way they are used in structured and object-oriented methods and indicate ways in which they can be combined. This article ends with a plea for simplicity in diagram techniques and for the use of formal semantics to define these techniques. The appendices show how the reviewed techniques are used in 6 structured and 19 object-oriented specification methods.",openalex,llm,0.980,unreviewed,,doi:10.1145/299917.299919
discarded,The motor theory of social cognition: a critique,Pierre Jacob; Marc Jeannerod,2004,Trends in Cognitive Sciences,10.1016/j.tics.2004.11.003,https://openalex.org/W2159025961,off-topic-false-hit,"Recent advances in the cognitive neuroscience of action have considerably enlarged our understanding of human motor cognition. In particular, the activity of the mirror system, first discovered in the brain of non-human primates, provides an observer with the understanding of a perceived action by means of the motor simulation of the agent's observed movements. This discovery has raised the prospects of a motor theory of social cognition. In humans, social cognition includes the ability to mindread, and many motor theorists of social cognition try to bridge the gap between motor cognition and mindreading by endorsing a simulation account of mindreading. Here, we question the motor theory of social cognition and give reasons for our skepticism.",openalex,llm,1.000,unreviewed,,doi:10.1016/j.tics.2004.11.003
discarded,Access Control in a Core Calculus of Dependency,Martı́n Abadi,2007,Electronic Notes in Theoretical Computer Science,10.1016/j.entcs.2007.02.002,https://openalex.org/W2067072801,adjacent-subtopic,"The Dependency Core Calculus (DCC) is an extension of the computational lambda calculus that was designed in order to capture the notion of dependency that arises in information-flow control, partial evaluation, and other programming-language settings. We show that, unexpectedly, DCC can also be used as a calculus for access control in distributed systems. Initiating the study of DCC from this perspective, we explore some of its appealing properties.",openalex,llm,0.990,unreviewed,,doi:10.1016/j.entcs.2007.02.002
discarded,"Book review: Genetic Algorithms + Data Structures = Evolution Programs by Zbigniew Michalewicz (Springer-Verlag, 1992)",Michael de la Maza,1993,ACM SIGART Bulletin,10.1145/152941.1064724,https://openalex.org/W2042704421,adjacent-subtopic,"article Free Access Share on Book review: Genetic Algorithms + Data Structures = Evolution Programs by Zbigniew Michalewicz (Springer-Verlag, 1992) Reviewer: Michael de la Maza Numinous Noetics Group MIT AI Lab Cambridge, MA Numinous Noetics Group MIT AI Lab Cambridge, MAView Profile Authors Info & Claims ACM SIGART BulletinVolume 4Issue 2April 1993 https://doi.org/10.1145/152941.1064724Online:01 April 1993Publication History 0citation244DownloadsMetricsTotal Citations0Total Downloads244Last 12 Months0Last 6 weeks0 Get Citation AlertsNew Citation Alert added!This alert has been successfully added and will be sent to:You will be notified whenever a record that you have chosen has been cited.To manage your alert preferences, click on the button below.Manage my AlertsNew Citation Alert!Please log in to your account Save to BinderSave to BinderCreate a New BinderNameCancelCreateExport CitationPublisher SiteeReaderPDF",openalex,llm,0.990,unreviewed,,doi:10.1145/152941.1064724
discarded,Notions of computation and monads,Eugenio Moggi,1991,Information and Computation,10.1016/0890-5401(91)90052-4,https://openalex.org/W1997143185,adjacent-subtopic,"Abstract The λ-calculus is considered a useful mathematical tool in the study of programming languages, since programs can be identified with λ-terms. However, if one goes further and uses βη-conversion to prove equivalence of programs, then a gross simplification is introduced (programs are identified with total functions from values to values ) that may jeopardise the applicability of theoretical results. In this paper we introduce calculi, based on a categorical semantics for computations , that provide a correct basis for proving equivalence of programs for a wide range of notions of computation .",openalex,llm,0.990,unreviewed,,doi:10.1016/0890-5401(91)90052-4
discarded,On the diffuseness and the impact on maintainability of code smells: a large scale empirical investigation,Fabio Palomba; Gabriele Bavota; Massimiliano Di Penta; Fausto Fasano; Rocco Oliveto; Andrea De Lucia,2017,Empirical Software Engineering,10.1007/s10664-017-9535-z,https://openalex.org/W2742512005,adjacent-subtopic,"Code smells are symptoms of poor design and implementation choices that may hinder code comprehensibility and maintainability. Despite the effort devoted by the research community in studying code smells, the extent to which code smells in software systems affect software maintainability remains still unclear. In this paper we present a large scale empirical investigation on the diffuseness of code smells and their impact on code change- and fault-proneness. The study was conducted across a total of 395 releases of 30 open source projects and considering 17,350 manually validated instances of 13 different code smell kinds. The results show that smells characterized by long and/or complex code (e.g., Complex Class ) are highly diffused, and that smelly classes have a higher change- and fault-proneness than smell-free classes.",openalex,llm,0.970,unreviewed,,doi:10.1007/s10664-017-9535-z
discarded,JDeodorant: Identification and Removal of Type-Checking Bad Smells,Nikolaos Tsantalis; Theodoros Chaikalis; Alexander Chatzigeorgiou,2008,2008 12th European Conference on Software Maintenance and Reengineering,10.1109/CSMR.2008.4493342,https://ieeexplore.ieee.org/document/4493342/,adjacent-subtopic,"In this demonstration, we present an Eclipse plug-in that automatically identifies type-checking bad smells in Java source code, and resolves them by applying the ""replace conditional with polymorphism"" or ""replace type code with state/strategy "" refactorings. To the best of our knowledge there is a lack of tools that identify type-checking bad smells. Moreover, none of the state-of-the-art IDEs support the refactorings that resolve such kind of bad smells.",ieee,llm,0.990,unreviewed,,doi:10.1109/csmr.2008.4493342
discarded,Using Declarative Meta Programming for Design Flaws Detection in Object-Oriented Software,Sakorn Mekruksavanich; Pornsiri Muenchaisri,2009,2009 International Conference on Signal Processing Systems,10.1109/ICSPS.2009.143,https://ieeexplore.ieee.org/document/5166838/,adjacent-subtopic,"Nowadays, many software developers and maintainers encounter with incomprehensible, unexpandable and unchangeable program structures that consequently reduce software quality. Such problems come from poor design and poor programming called design flaws. Design flaws are program properties that indicate a potentially deficient design of a software system. It can increase the software maintenance cost drastically. Therefore detection of these flaws is necessary. This paper proposes a declarative-based approach in which the design flaws of an object-oriented system can be detected at the meta-level in the declarative meta programming. We apply our approach to detect some well-known design flaws, and the results show that the proposed approach is able to detect those flaws.",ieee,llm,0.980,unreviewed,,doi:10.1109/icsps.2009.143
discarded,Multi-language Design Smells: A Backstage Perspective,Mouna Abidi; Moses Openja; Foutse Khomh,2020,2020 IEEE/ACM 17th International Conference on Mining Software Repositories (MSR),10.1145/3379597.3387508,https://ieeexplore.ieee.org/document/10148696/,adjacent-subtopic,"Context: Multi-language systems became prevalent with technological advances. Developers opt for the combination of programming languages to build an application. Problem: Software quality is achieved by following good practices and avoiding bad ones. However, most of the practices in the literature are applied to a single programming language and do not consider the interaction between programming languages. Objective: We previously defined a catalog of bad practices i.e., design smells related to multi-language systems. This paper aims to provide empirical evidence on the relevance of our catalog and its impact on software quality. Method: We analysed 262 snapshots of nine open source projects to detect occurrences of multi-language design smells. We also extracted information about the developers that contributed to those systems. We plan to perform an open and a closed survey targeting developers in general but also developers that contributed to those systems. We will survey developers about the perceived prevalence of those smells, their severity and impact on software quality attributes.",ieee,llm,0.980,unreviewed,,doi:10.1145/3379597.3387508
discarded,A Catalogue of Model Smells and Refactoring Operations for Object-Oriented Software,Brahmaleen K. Sidhu; Kawaljeet Singh; Neeraj Sharma,2018,2018 Second International Conference on Inventive Communication and Computational Technologies (ICICCT),10.1109/ICICCT.2018.8473027,https://ieeexplore.ieee.org/document/8473027/,adjacent-subtopic,"The advent of Model Driven Engineering has promoted software quality assurance activities to a higher level of abstraction than code, i.e. architectural models. Early quality assessment facilitates better design, reduces maintenance costs, manages requirement volatility and leads to faster software development. Less than optimal design decisions made during development and subsequent evolution introduce smells in the software. Model Refactoring uncovers smells at architectural level and transforms graphical representations of software to enhance design without affecting its observable behaviour. Focusing on object-oriented software systems, this paper presents a catalogue of smells and refactoring operations for UML class diagrams. The paper concludes by highlighting challenges in model refactoring and the potential of learning-based approach in automating the process.",ieee,llm,0.980,unreviewed,,doi:10.1109/icicct.2018.8473027
discarded,TERTIARY STUDY ON LANDSCAPING THE REVIEW IN CODE SMELLS,R. Yaqoob; Sanaa; S. U. R. Khan; M. A. Shah,2021,Competitive Advantage in the Digital Economy (CADE 2021),10.1049/icp.2021.2421,https://ieeexplore.ieee.org/document/9650952/,adjacent-subtopic,"Code smells are a sign of bad design and poor implementation decisions, which increases fault proneness and code complexity and reduces software system maintainability. Digital innovations are increasingly transforming the world in which businesses operate. The infusion of digital technologies into services, processes and goods has significant implications for how companies achieve and retain competitive advantages. The timely detection of code smells in a company's systems and software that operates an internet-based business, such as an e-commerce company that sells products and services over the internet, aids the company's team to build strategies to maintain and gain competitive advantages in the digital economy. However, there has been no specific landscaping research on code smells in recent studies that combine all of the disparate and classified information into a single paper. We performed a manual search process to collect various systematic literature reviews (SLRs) and mapping studies from 2015 to 2020. The aim was to cover and integrate as much information as possible based on code smells, such as previous years' methods and techniques, domains targeted thus far, and challenges faced between 2015 and 2020.",ieee,llm,0.980,unreviewed,,doi:10.1049/icp.2021.2421
discarded,DECOR: A Method for the Specification and Detection of Code and Design Smells,Naouel Moha; Yann-Gael Gueheneuc; Laurence Duchien; Anne-Francoise Le Meur,2010,IEEE Transactions on Software Engineering,10.1109/TSE.2009.50,https://ieeexplore.ieee.org/document/5196681/,adjacent-subtopic,"Code and design smells are poor solutions to recurring implementation and design problems. They may hinder the evolution of a system by making it hard for software engineers to carry out changes. We propose three contributions to the research field related to code and design smells: (1) DECOR, a method that embodies and defines all the steps necessary for the specification and detection of code and design smells, (2) DETEX, a detection technique that instantiates this method, and (3) an empirical validation in terms of precision and recall of DETEX. The originality of DETEX stems from the ability for software engineers to specify smells at a high level of abstraction using a consistent vocabulary and domain-specific language for automatically generating detection algorithms. Using DETEX, we specify four well-known design smells: the antipatterns Blob, Functional Decomposition, Spaghetti Code, and Swiss Army Knife, and their 15 underlying code smells, and we automatically generate their detection algorithms. We apply and validate the detection algorithms in terms of precision and recall on XERCES v2.7.0, and discuss the precision of these algorithms on 11 open-source systems.",ieee,llm,0.980,unreviewed,,doi:10.1109/tse.2009.50
discarded,An Empirical Study of Evaluating the Correlation between Class Stability and Bad Smells,Mohammad H. Yahia; Mohammad I. Amro; Mohammad R. Alshayeb,2021,2021 22nd International Arab Conference on Information Technology (ACIT),10.1109/ACIT53391.2021.9677443,https://ieeexplore.ieee.org/document/9677443/,adjacent-subtopic,"Several quality attributes are used in designing and developing object-oriented software. Some of these quality attributes have high influence on developing desirable high-quality software (i.e. stable software) by reducing the maintenance cost and efforts. One of these quality attributes is stability. Software quality attributes can be affected by many factors. One of these factors is bad smells. The main objective of this empirical study is to investigate the correlations between bad smells and the stability on the level of class. Proper software metrics such as Class Stability Metric (CSM) will be used to measure class stability. In addition, different bad smells such as Fowler bad smells are collected and correlated with CSM. The results show that there is a negative correlation between bad smells and class stability.",ieee,llm,0.980,unreviewed,,doi:10.1109/acit53391.2021.9677443
discarded,Defining and Detecting Bad Smells of Aspect-Oriented Software,Komsan Srivisut; Pornsiri Muenchaisri,2007,31st Annual International Computer Software and Applications Conference (COMPSAC 2007),10.1109/COMPSAC.2007.103,https://ieeexplore.ieee.org/document/4290985/,adjacent-subtopic,"Bad smells are software patterns that are generally associated with bad design and bad programming. They can be removed by using the refactoring technique which improves the quality of software. Aspect-oriented (AO) software development, which involves new notions and the different ways of thinking for developing software and solving the crosscutting problem, possibly introduces different kinds of design flaws. Defining bad smells hidden in AO software in order to point out bad design and bad programming is then necessary. This paper proposes the definition of new AO bad smells. Moreover, appropriate existing AO refactoring methods for eliminating each bad smell are presented. The proposed bad smells are validated. The results show that after removing the bad smells by using appropriate refactoring methods, the software quality is increased.",ieee,llm,0.990,unreviewed,,doi:10.1109/compsac.2007.103
discarded,Get Programming with Scala,Daniela Sfregola,2021,Get Programming with Scala,,https://ieeexplore.ieee.org/document/10280278/,adjacent-subtopic,"The perfect starting point for your journey into Scala and functional programming. In Get Programming in Scala you will learn:  Object-oriented principles in Scala Express program designs in functions Use types to enforce program requirements Use abstractions to avoid code duplication Write meaningful tests and recognize code smells  Scala is a multi-style programming language for the JVM that supports both object-oriented and functional programming. Master Scala, and you'll be well-equipped to match your programming approach to the type of problem you're dealing with. Packed with examples and exercises, Get Programming with Scala is the perfect starting point for developers with some OO knowledge who want to learn Scala and pick up a few FP skills along the way.",ieee,llm,0.950,unreviewed,,hash:2b1e573ab1273799
discarded,Bad Smells in Software Product Lines: A Systematic Review,Gustavo Vale; Eduardo Figueiredo; Ramon Abílio; Heitor Costa,2014,"2014 Eighth Brazilian Symposium on Software Components, Architectures and Reuse",10.1109/SBCARS.2014.21,https://ieeexplore.ieee.org/document/7012985/,adjacent-subtopic,"Software product line (SPL) is a set of software systems that share a common, managed set of features satisfying the specific needs of a particular market segment. Bad smells are symptoms that something may be wrong in system design. Bad smells in SPL are a relative new topic and need to be explored. This paper performed a Systematic Literature Review (SLR) to find and classify published work about bad smells in SPLs and their respective refactoring methods. Based on 18 relevant papers found in the SLR, we identified 70 bad smells and 95 refactoring methods related to them. The main contribution of this paper is a catalogue of bad smells and refactoring methods related to SPL.",ieee,llm,0.980,unreviewed,,doi:10.1109/sbcars.2014.21
discarded,Continuous detection of design flaws in evolving object-oriented programs using incremental multi-pattern matching,Sven Peldszus; Géza Kulcsár; Malte Lochau; Sandro Schulze,2016,2016 31st IEEE/ACM International Conference on Automated Software Engineering (ASE),,https://ieeexplore.ieee.org/document/7582793/,adjacent-subtopic,"Design flaws in object-oriented programs may seriously corrupt code quality thus increasing the risk for introducing subtle errors during software maintenance and evolution. Most recent approaches identify design flaws in an ad-hoc manner, either focusing on software metrics, locally restricted code smells, or on coarse-grained architectural anti-patterns. In this paper, we utilize an abstract program model capturing high-level object-oriented code entities, further augmented with qualitative and quantitative design-related information such as coupling/cohesion. Based on this model, we propose a comprehensive methodology for specifying object-oriented design flaws by means of compound rules integrating code metrics, code smells and anti-patterns in a modular way. This approach allows for efficient, automated design-flaw detection through incremental multi-pattern matching, by facilitating systematic information reuse among multiple detection rules as well as between subsequent detection runs on continuously evolving programs. Our tool implementation comprises well-known anti-patterns for Java programs. The results of our experimental evaluation show high detection precision, scalability to real-size programs, as well as a remarkable gain in efficiency due to information reuse.",ieee,llm,0.980,unreviewed,,hash:91a649440dd86b40
