status,title,authors,year,venue,doi,url,tags,abstract,provider,decision_source,llm_confidence,llm_review_outcome,llm_change_direction,paper_id
discarded,Architecture exploration of QoS control Silicon Intellectual Properties for Cross-Layer Designs in wireless networks,Chao-Lieh Chen; Li-Shin Chuo; Wu-Liang Cheng; Chun-Ching Wu; Chien-Hao Lai,2011,2011 IEEE International Conference on Multimedia and Expo,10.1109/ICME.2011.6012125,https://ieeexplore.ieee.org/document/6012125/,adjacent-subtopic,"We propose an architecture exploration scheme for QoS control Silicon Intellectual Properties (SIPs). The scheme integrates network simulator (NS-2), embedded Linux operating system, Linux driver, Electronic Design Automation (EDA) tools, extended on-chip bus, and real Field Programmable Gate Array (FPGA) hardware for comprehension of how data bus width and clock rate affect QoS performance in wireless networks. Software and hardware co-design flow and programming paradigm for evolving the FPGA prototype toward a platform-based reusable SIP with driver and cross-layer interface are also depicted. Three QoS control experiments in video streaming over HCCA, EDCA, and WiMAX wireless technologies demonstrate the proposed exploration scheme effectively helps engineers comprehend impacts of architectural design parameters on networking performances in wireless multimedia communications.",ieee,llm,0.970,unreviewed,,doi:10.1109/icme.2011.6012125
discarded,Multi-Perspective Cross-Modal Object Encoding for Referring Expression Comprehension,Jingcheng Ke; Jie Wen; Huiting Wang; Wen-Huang Cheng; Jia Wang,2025,IEEE Transactions on Image Processing,10.1109/TIP.2025.3620129,https://ieeexplore.ieee.org/document/11206016/,off-topic-false-hit,"Referring expression comprehension (REC) is a crucial task in understanding how a given text description identifies a target object within an image. Existing two-stage REC methods have demonstrated strong performance due to their rational framework design. However, during the encoding of object candidates in an image, most two-stage methods rely exclusively on features extracted from pre-trained detectors, often neglecting the contextual relationships between an object and its neighboring elements. This limitation hinders the full capture of contextual and relational information, reducing the discriminative power of object representations and negatively impacting subsequent processing. In this paper, we propose two novel plug-and-adapt modules: expression-guided label representation module (ELR) and cross-modal calibrated semantic module (CCS), designed to enhance two-stage REC methods. Specifically, the ELR module connects the noun phases of expression to the categorical labels of object candidates in the image, ensuring effective alignment between them. Guided by these connections, a CCS module is introduced to represent each object candidate by integrating its features with those of neighboring candidates from multiple perspectives. This preserves the intrinsic information of each candidate while incorporating relational cues from other objects, enabling more precise embeddings and effective downstream processing in two-stage REC methods. Extensive experiments on six datasets demonstrate the importance of incorporating prior statistical knowledge, and detailed analysis shows that the proposed modules strengthen the alignment between image and text. As a result, our method achieves competitive performance and is compatible with most two-stage methods in the REC task. The code is available on Github: https://github.com/freedom6927/ELR_CCS.git.",ieee,llm,0.990,unreviewed,,doi:10.1109/tip.2025.3620129
discarded,Performance Evaluation Of Classifiers For Analysis Of Road Accidents,C. Sugetha; L. Karunya; E. Prabhavathi; P. Kola Sujatha,2017,2017 Ninth International Conference on Advanced Computing (ICoAC),10.1109/ICoAC.2017.8441188,https://ieeexplore.ieee.org/document/8441188/,off-topic-false-hit,Road accidents happen quite often nowadays. Some accidents result in severe injuries whereas few are fatal. The consequences have a great impact on society. Many analytical procedures have been carried out to determine the causes of road accidents. The objective of this analysis is to employ data mining techniques for determining the factors that influence road accidents. The paper also focuses on evaluating the performance of various classification model in predicting the severity of accidents and it is tested upon different types of datasets. The results can be used to choose the suitable classifier to use with various kinds of datasets.,ieee,llm,1.000,unreviewed,,doi:10.1109/icoac.2017.8441188
discarded,Exploring the Relationships between Design Metrics and Package Understandability: A Case Study,Mahmoud O. Elish,2010,2010 IEEE 18th International Conference on Program Comprehension,10.1109/ICPC.2010.43,https://ieeexplore.ieee.org/document/5521752/,adjacent-subtopic,"In object-oriented designs, packages represent important high-level organization units that group classes. This paper explores the relationships between five package-level metrics and the average effort required to understand a package in object-oriented design. These metrics measure different structural properties of a package such as size, coupling and stability. A case study was conducted using eighteen packages taken from two open source software systems. Correlation, collinearity, and multivariate regression analyses were performed. The results obtained from this study indicate statistically significant correlation between most of the metrics and understandability of a package.",ieee,llm,0.990,unreviewed,,doi:10.1109/icpc.2010.43
discarded,Predicting Students Performance in Exams using Machine Learning Techniques,Khanyisile Sixhaxa; Ashwini Jadhav; Ritesh Ajoodha,2022,"2022 12th International Conference on Cloud Computing, Data Science & Engineering (Confluence)",10.1109/Confluence52989.2022.9734218,https://ieeexplore.ieee.org/document/9734218/,off-topic-false-hit,"Predicting students success has been a very popular study across different fields and with this study we will be focusing on how Machine Learning can aid us in giving us insight in how students will perform in their exams. In this paper, we propose a model that takes in Demographic, Academic and Behavioural attributes and investigate the how these attributes contribute a student’s performance and also predict at risk students. For the analysis of the features we will use the Mutual Information algorithm, alongside five machine learning models that are a mixture of classification and regression classifiers. We will also use these models to predict our students performance. The five classifiers used in this study are as follows: Gaussian Naive Bayes, Support Vector Machine, Random Forest, K-Nearest Neighbour and Logistic Regression and we achieved prediction accuracy of 50.83%, 81.67%, 78.33%, 75.00% and 74.17% respectively. The results yielded revealed that there is a strong correlation between a student’s behavioural characteristics and their academic performance.",ieee,llm,1.000,unreviewed,,doi:10.1109/confluence52989.2022.9734218
discarded,Utilizing Footstep Sound Event Detection by Using CNN Techniques for Assuring Property Security,Furkan Y. Yavuz; Nejat Yumusak,2025,IEEE Access,10.1109/ACCESS.2025.3561076,https://ieeexplore.ieee.org/document/10966859/,off-topic-false-hit,"The advanced camera systems developed for property security prove inadequate when faced with the ease of disabling the cameras. Therefore, incorporating sound data from potential threats can also play a significant role in ensuring property security. This sound event-based approach enables a more compact installation and allows for the use of affordable microphones, offering an alternative to visual-based security systems. We propose deep learning based on a convolutional neural network (CNN) algorithm for classification of footstep sound events. The study includes two consecutive stages: ReaLISED dataset and refined ReaLISED supported by Epidemic Sound data. Sound event files are transformed into Mel-Frequency Cepstral Coefficients (MFCC) and a CNN is fed with the represented images of MFCC. By optimizing the model parameters, our unique model detected footstep sound events with 98% accuracy among 17 other sound events. Validation through Repeated Stratified K-Fold Cross-Validation (5 folds, 10 repetitions) and comparisons with state-of-the-art architectures demonstrated robust performance, with F1-Scores ranging from 0.905 to 0.992 and a mean of 0.960. The strategic incorporation of diverse open-source data fosters transparency and reproducibility, enhancing the model’s adaptability and reliability in handling real-world audio patterns, as evidenced by its commendable 1% error rate in precise identification.",ieee,llm,1.000,unreviewed,,doi:10.1109/access.2025.3561076
discarded,Exploring non-destructive mechanical characterisation of hydrogels using hyperspectral imaging and machine vision,Jean Henri Odendaal; Nitin Bhatia; Russell Wilson; Johan Potgieter,2022,2022 28th International Conference on Mechatronics and Machine Vision in Practice (M2VIP),10.1109/M2VIP55626.2022.10041047,https://ieeexplore.ieee.org/document/10041047/,off-topic-false-hit,"Hydrogel polymer networks are non-covalently crosslinked soft materials that exhibit unique mechanical and excellent bio-characteristics such as adapting to environmental forces and strengthening to the conditions they experience. Quantifying these characteristics are important for their usage in multitude of applications especially where new formulations or composites of hydrogels being prepared such as for 3D printing. Often such characteristics are quantified using destruc-tive methods and/or using complex mathematical models, which can destroy samples, are limiting and time-consuming. Herein, we describe non-destructive hyperspectral imaging (HSI) based machine vision approach that enable faster characterisation of hydrogel's mechanical properties. Several measurements of hydrogel samples were collected using HSI to develop a database used to train a Gaussian Process Regression (GPR) based learning model. From the confusion matrix results, we observed the >90% accuracy, which we think can provide relatively good performance compared to other traditional methods. We conclude that HSI with machine vision could simplify the measurement procedure, allowing for a more straightforward characterisation of hydrogel samples, is fast and reproducible to provide serve as both an in-process and a quality control method.",ieee,llm,1.000,unreviewed,,doi:10.1109/m2vip55626.2022.10041047
discarded,Evaluating the Performance of Different Machine Learning Algorithms for Crop Recommendation,Mudit Kumar; Parth Sharma; Radhika Pal; Preeti Saini; Supriya Shukla,2024,2024 International Conference on Electrical Electronics and Computing Technologies (ICEECT),10.1109/ICEECT61758.2024.10739019,https://ieeexplore.ieee.org/document/10739019/,off-topic-false-hit,"A significant portion of Indians view agriculture as their main source of revenue. Crop production is a significant industry in our nation. Applications of machine learning are changing the data processing and decisioning process that have a significant influence on the world economy. The natural nutrients or physiochemical characteristics of the soil aid in the understanding of the dynamics of the soil ecosystem by the researchers and are essential in assisting farmers in making daily choices. In order to forecast and evaluate soil properties and make better decisions on agricultural soil health management, our work focuses on closely examining and assessing machine learning (ML) methodologies.Machine learning has entered the picture with the introduction of big data technologies and high-performance computers, creating new opportunities for data-intensive research in the interdisciplinary field of agricultural technology. On the other hand, single-component soil property predictions were not as accurate. In the long run, combining these technologies can have revolutionized contemporary agriculture by raising crop yields and reducing waste. Helping someone cultivate crops successfully to obtain a high yield is the aim of this activity. Estimating enhanced crop output through the application of machine learning algorithms, which are utilized in crop yield estimates, is one of the challenging issues facing the agricultural sector. We have implemented the five supervised learning models. Random Forest give the best accuracy score of 97%.",ieee,llm,1.000,unreviewed,,doi:10.1109/iceect61758.2024.10739019
discarded,Recognition-Memory Asymmetries Predicted by Individual Item Memorability,"Utochkin, Igor; Chiang, Nicholas; Bainbridge, Wilma A.",2026,JOURNAL OF EXPERIMENTAL PSYCHOLOGY-GENERAL,10.1037/xge0002003,https://www.webofscience.com/wos/woscc/full-record/WOS:001885886100001,off-topic-false-hit,"According to current recognition-memory theories, a major source of confusion when people judge which stimuli they remember is the contextual similarity of those stimuli to those from the studied list. However, these theories overlook the potential for confusions to arise from item-specific memorability properties not explained by list properties-namely, the likelihood that a stimulus will be correctly recognized if studied (""hittability"") or falsely recognized if not (""false alarmability"")-independent of contextual similarity. Here, we introduce a memorability continuum model based on signal detection theory. The model predicts that differences in the individual ""hittability"" and ""false alarmability"" of arbitrary Items A and B grounded in their representational locations on an internal familiarity axis can often lead to asymmetric recognition performance in a forced-choice task such that recognition of Target A over Foil B is more accurate than recognition of Target B over Foil A. In a forced-choice experiment testing memory for real-world object images, the model successfully predicted specific item pair asymmetries. Using deep convolutional neural networks validated on human similarity judgments, we showed that memory-list context explains only a small fraction of variance in false alarmability but not hittability. We also show that, while interitem similarity explains a small percentage of variance in their forced-choice discriminability, ignoring their differential memorability properties as targets and foils fails to predict the asymmetries. Our results highlight the need to integrate item-level memorability into existing recognition-memory theories.",wos,llm,1.000,unreviewed,,doi:10.1037/xge0002003
discarded,Compound Fault Separation and Extraction of Gears Using Adaptive Correlated Kurtogram and Product Envelope Spectrum,"Peng, Yeping; Duan, Qiao; Kong, Desheng; Li, Junnan; Wu, Chao; Cao, Guang-Zhong",2026,IEEE TRANSACTIONS ON INSTRUMENTATION AND MEASUREMENT,10.1109/TIM.2026.3731718,https://www.webofscience.com/wos/woscc/full-record/WOS:001885939800004,off-topic-false-hit,"With the increasing complexity of mechanical equipment, gear compound fault diagnosis faces severe challenges due to signal cross-coupling and strong noise interference. Existing compound fault separation methods suffer from prominent drawbacks including severe mode aliasing, cross-modulation confusion and erroneous band selection under complicated operating conditions, which greatly degrade the separation performance of multisource coupled fault signals. To this end, this article presents a novel method for separation and feature extraction of gear compound faults based on an adaptive correlated kurtogram (ACKgram) and product envelope spectrum (PES) is proposed. First, an adaptive frequency band partitioning strategy combining a 1/3 binary and fault feature-driven sliding window is constructed to identify resonant frequency bands, which eliminates spectral aliasing and information loss induced by the fixed partitioning in conventional resonance demodulation techniques. Second, correlated kurtosis of ES (CKES) is introduced to as the frequency band selection index to replace traditional kurtosis, which effectively avoids misjudgment caused by aperiodic random impulse interference and realizes accurate selection of optimal frequency band. Third, an empirical wavelet transform (EWT) filter bank is used to separate target fault components and restrain global mode aliasing. Finally, PES demodulation is implemented to amplify weak periodic fault signatures while suppressing irrelevant nonperiodic noise, taking full advantage of the synergistic properties of multichannel envelope spectra. Simulations and gearbox experimental results demonstrate that the proposed method extracts separated compound fault signatures. It achieves an envelope signal-to-noise ratio ${(\boldsymbol {SNR}}_{\boldsymbol {env}})$ improvement of 10-32 dB compared with raw signals, with an overall fault frequency recognition rate (FFRR) exceeding 0.935.",wos,llm,1.000,unreviewed,,doi:10.1109/tim.2026.3731718
discarded,Predicting the Difficulty of Korean College Scholastic Ability Test Reading Comprehension Questions Using LLM-Based Qualitative Features,"Jo, Juhye; Cho, Seok Hyeon; Choi, Junhyeok; Yoon, Jeewhan; Han, Sung Won",2026,IEEE ACCESS,10.1109/ACCESS.2026.3727508,https://www.webofscience.com/wos/woscc/full-record/WOS:001883506700010,off-topic-false-hit,"Accurate estimation of item difficulty is essential to ensure fairness, reliability, and discriminative power in high-stakes standardized tests. However, existing approaches rely primarily on surface-level linguistic features or implicit representations learned by neural models, which may not explicitly capture the cognitive and reasoning processes underlying perceived difficulty. In this study, we propose a feature-based framework for predicting the difficulty of Korean College Scholastic Ability Test (KCSAT) reading comprehension items by integrating quantitative item features ( F-1 ) and large language model (LLM)-based qualitative features ( F-2 ). Although F-1 captures traditional linguistic and structural properties, F-2 is designed to quantify deeper aspects of item difficulty, including abstraction, logical complexity, cognitive load, and distractor effectiveness, using an LLM. Extensive experiments were conducted on KCSAT reading data collected from 2016 to 2024 under both time-based and stratified evaluation settings. The results indicate that feature-only models using F-1+F-2 achieve a performance comparable to, and in some cases, exceeding, that of models that utilize contextual textual embeddings. In the classification task, the proposed approach achieved a Macro F1-score of 0.6215 under a time-based split, highlighting the importance of temporal structure in difficulty prediction. Ablation studies further demonstrated that LLM-based features provide complementary information beyond traditional features, with different components contributing differently depending on the task. These findings indicate that structured feature representations, particularly those incorporating LLM-derived qualitative factors, provide an effective and interpretable approach for modeling item difficulty in high-stakes reading assessments.",wos,llm,1.000,unreviewed,,doi:10.1109/access.2026.3727508
discarded,"Effects of Item Format, Language Family, and Orthographic System Typology on L2 Reading Comprehension","Algeciras, Karen Martinez; Elosua, Paula; Gimenez, Javier Fruns",2026,REVISTA SIGNOS,10.4151/S0718-09342026012101495,https://www.webofscience.com/wos/woscc/full-record/WOS:001880330800005,off-topic-false-hit,"Ensuring score comparability constitutes a central issue in L2 reading comprehension assessment, particularly when multiple sources of variability may affect the interpretation of test results. Within this context, the present study examines the relationship between item format and specific L1 linguistic properties-such as orthographic transparency, typological family, and writing system-in order to analyze how performance varies as a function of these linguistic characteristics. To this end, data from 8,701 participants who took the DELE B2 certification examination were analyzed using repeated-measures linear mixed models. Speakers of transparent, alphabetic, and Indo-European languages tended to obtain higher scores, although the magnitude of these differences varied across task types. Multiple-choice and selective cloze formats accentuated some between-group differences, whereas rational cloze showed more homogeneous performance patterns. Overall, the findings suggest that the relationship between item format and performance varies according to L1 linguistic characteristics. The implications of these findings for score validity in multilingual contexts are discussed, highlighting the need to consider item format as a potential method factor.",wos,llm,1.000,unreviewed,,doi:10.4151/s0718-09342026012101495
