status,title,authors,year,venue,doi,url,tags,abstract,provider,decision_source,llm_confidence,llm_review_outcome,llm_change_direction,paper_id
discarded,Automated measurement of API usability: The API Concepts Framework,T. Scheller,2015,Information and Software Technology,10.1016/j.infsof.2015.01.009,https://www.scopus.com/inward/record.uri?partnerID=HzOxMe3b&scp=84924652882&origin=inward,adjacent-subtopic,"Context: Usability is an important software quality attribute for APIs. Unfortunately, measuring it is not an easy task since many things like experienced evaluators, suitable test users, and a functional product are needed. This makes existing usability measurement methods difficult to use, especially for non-professionals.

Objective: To make API usability measurement easier, an automated and objective measurement method would be needed. This article proposes such a method. Since it would be impossible to find and integrate all possible factors that influence API usability in one step, the main goal is to prove the feasibility of the introduced approach, and to define an extensible framework so that additional factors can easily be defined and added later.

Method: A literature review is conducted to find potential factors influencing API usability. From these factors, a selected few are investigated more closely with usability studies. The statistically evaluated results from these studies are used to define specific elements of the introduced framework. Further, the influence of the user as a critical factor for the framework's feasibility is evaluated.

Results: The API Concepts Framework is defined, with an extensible structure based on concepts that represent the user's actions, measurable properties that define what influences the usability of these concepts, and learning effects that represent the influence of the user's experience. A comparison of values calculated by the framework with user studies shows promising results.

Conclusion: It is concluded that the introduced approach is feasible and provides useful results for evaluating API usability. The extensible framework easily allows to add new concepts and measurable properties in the future. (C) 2015 Elsevier B.V. All rights reserved.",scopus,llm,0.850,unreviewed,,doi:10.1016/j.infsof.2015.01.009
discarded,Towards API Usability Engineering as a Software Engineering Paradigm,C. Klauß,2015,Lecture Notes in Informatics Lni Proceedings Series of the Gesellschaft Fur Informatik Gi,,https://www.scopus.com/inward/record.uri?partnerID=HzOxMe3b&scp=85134773664&origin=inward,adjacent-subtopic,,scopus,llm,0.840,unreviewed,,hash:d3aa434edf5783cd
discarded,Burst and collapse responses of production casing in thermal applications,D. Dall'Acqua,2013,SPE Drilling and Completion,10.2118/151810-PA,https://www.scopus.com/inward/record.uri?partnerID=HzOxMe3b&scp=84878794952&origin=inward,off-topic-false-hit,"Summary American Petroleum Institute (API) design equations describing burst and collapse limits of tubulars do not address pipe body response when axial stress in the casing exceeds the material yield strength. However, casing yielding commonly occurs in thermal operations in western Canada, where steam-assisted gravity-drainage (SAGD) and cyclic-steam-stimulation (CSS) operating temperatures generally range from 200 to 350°C. Cemented production casing is subject to both passive and active loading conditions during operation: thermally induced strain-based cyclic axial loading occurs in conjunction with net internal or external differential pressure. A sound engineering basis for selecting tubular configurations that considers the combined loading state in this situation and establishes an appropriate design margin does not currently exist. This paper describes numerical analyses for combined post-yield loading conditions and provides a starting point for burst and collapse design for thermal casing. Burst analysis of axially constrained casing indicates that, contrary to what might be inferred from elastic-strength calculations, an initial thermally induced axial compressive strain does not substantially reduce the burst (rupture) pressure. By contrast, even low net external pressures can lead to ovalization and loss of wellbore access when combined with thermally induced axial strain if the cement sheath does not offer adequate radial support. Sensitivity studies demonstrate the strong influence of pipe diameter-to-thickness ratio (D/t) and pressure ratios and pipe material mechanical properties on ovalization response. Analysis results are compared with API burst and collapse predictions, thermal operating experience at Shell Canada's Peace River project, and available physical testing results for similar loading conditions.",scopus,llm,1.000,unreviewed,,doi:10.2118/151810-pa
discarded,Usable results from the field of API usability: A systematic mapping and further analysis,C. Burns,2012,Proceedings of IEEE Symposium on Visual Languages and Human Centric Computing Vl Hcc,10.1109/VLHCC.2012.6344511,https://www.scopus.com/inward/record.uri?partnerID=HzOxMe3b&scp=84870895497&origin=inward,adjacent-subtopic,"Modern software development often involves the use of complex, reusable components called Application Programming Interfaces (APIs). Developers use APIs to complete tasks they could not otherwise accomplish in a reasonable time. These components are now vital to mainstream software development. But as APIs have become more important, understanding how to make them more usable is becoming a significant research question. To assess the current state of research in the field, we conducted a systematic mapping. A total of 28 papers were reviewed and categorized based on their research type and on the evaluation method employed by its authors. We extended the analysis of a subset of the papers we reviewed beyond the usual limits of a systematic map in order to more closely examine details of their evaluations - such as their structure and validity - and to summarize their recommendations. Based on these results, common problems in the field are discussed and future research directions are suggested.",scopus,llm,0.850,unreviewed,,doi:10.1109/vlhcc.2012.6344511
discarded,scikit-image: image processing in Python,Stéfan van der Walt; Johannes L. Schönberger; Juan Nunez-Iglesias; François Boulogne; Joshua Warner; Neil Yager; Emmanuelle Gouillart; Tony Yu,2014,PeerJ,10.7717/peerj.453,https://openalex.org/W2015159529,adjacent-subtopic,"scikit-image is an image processing library that implements algorithms and utilities for use in research, education and industry applications. It is released under the liberal Modified BSD open source license, provides a well-documented API in the Python programming language, and is developed by an active, international team of collaborators. In this paper we highlight the advantages of open source to achieve the goals of the scikit-image library, and we showcase several real-world image processing applications that use scikit-image. More information can be found on the project homepage, http://scikit-image.org.",openalex,llm,0.980,unreviewed,,doi:10.7717/peerj.453
discarded,"Python Materials Genomics (pymatgen): A robust, open-source python library for materials analysis",Shyue Ping Ong; William D. Richards; Anubhav Jain; Geoffroy Hautier; Michael Kocher; Shreyas Cholia; Dan Gunter; Vincent L. Chevrier; Kristin Aslaug Persson; Gerbrand Ceder,2012,Computational Materials Science,10.1016/j.commatsci.2012.10.028,https://openalex.org/W2015197254,adjacent-subtopic,"We present the Python Materials Genomics (pymatgen) library, a robust, open-source Python library for materials analysis. A key enabler in high-throughput computational materials science efforts is a robust set of software tools to perform initial setup for the calculations (e. g., generation of structures and necessary input files) and post-calculation analysis to derive useful material properties from raw calculated data. The pymatgen library aims to meet these needs by (1) defining core Python objects for materials data representation, (2) providing a well-tested set of structure and thermodynamic analyses relevant to many applications, and (3) establishing an open platform for researchers to collaboratively develop sophisticated analyses of materials data obtained both from first principles calculations and experiments. The pymatgen library also provides convenient tools to obtain useful materials data via the Materials Project's REpresentational State Transfer (REST) Application Programming Interface (API). As an example, using pymatgen's interface to the Materials Project's RESTful API and phasediagram package, we demonstrate how the phase and electrochemical stability of a recently synthesized material, Li4SnS4, can be analyzed using a minimum of computing resources. We find that Li4SnS4 is a stable phase in the Li-Sn-S phase diagram (consistent with the fact that it can be synthesized), but the narrow range of lithium chemical potentials for which it is predicted to be stable would suggest that it is not intrinsically stable against typical electrodes used in lithium-ion batteries. (C) 2012 Elsevier B. V. All rights reserved.",openalex,llm,0.980,unreviewed,,doi:10.1016/j.commatsci.2012.10.028
discarded,Biopython: freely available Python tools for computational molecular biology and bioinformatics,Peter Cock; Tiago Antão; Jeffrey T. Chang; Brad Chapman; Cymon J. Cox; Andrew Dalke; Iddo Friedberg; Thomas Hamelryck; Frank Kauff; Bartek Wilczyński; Michiel de Hoon,2009,Bioinformatics,10.1093/bioinformatics/btp163,https://openalex.org/W2114850508,adjacent-subtopic,"Abstract Summary: The Biopython project is a mature open source international collaboration of volunteer developers, providing Python libraries for a wide range of bioinformatics problems. Biopython includes modules for reading and writing different sequence file formats and multiple sequence alignments, dealing with 3D macro molecular structures, interacting with common tools such as BLAST, ClustalW and EMBOSS, accessing key online databases, as well as providing numerical methods for statistical learning. Availability: Biopython is freely available, with documentation and source code at www.biopython.org under the Biopython license. Contact: All queries should be directed to the Biopython mailing lists, see www.biopython.org/wiki/_Mailing_listspeter.cock@scri.ac.uk.",openalex,llm,0.990,unreviewed,,doi:10.1093/bioinformatics/btp163
discarded,AutoResearch Lite: a reproducible paper-inspired experiment runner (Adam mechanism reproduction and convergence-speed comparison),Antoni Rogowski; Anna Sztyber,2026,DROPS (Schloss Dagstuhl – Leibniz Center for Informatics),10.4230/oasics.dx.2026.15,https://openalex.org/W2964121744,adjacent-subtopic,"A dependency-free experiment runner that turns a paper's research question into a configuration-driven, verifiable experiment task. The bundled reproduction maps the first/second moment estimates and bias correction of Adam (Kingma & Ba, arXiv:1412.6980) into runnable Python and compares them against fixed-learning-rate SGD under fixed seeds and epoch budgets. A second experiment measures convergence speed (epochs to reach a target training loss) against SGD with heavy-ball momentum, AdaGrad and RMSProp, with every optimizer family tuned by the same coarse learning-rate sweep. In that experiment Adam is not the fastest; the negative result is reported in full. Every reported number is pinned in an expected-values file with explicit tolerances and checked by one command that also runs the unit tests, and the checking harness is validated against deliberately broken implementations (negative controls). The repository also ships a task contract that expresses the reproduction as a repeatable, scoreable task for an automated research loop.",openalex,llm,0.980,unreviewed,,doi:10.4230/oasics.dx.2026.15
discarded,"AutoDock Vina 1.2.0: New Docking Methods, Expanded Force Field, and Python Bindings",Jérôme Eberhardt; Diogo Santos‐Martins; Andreas Frank Tillack; Stefano Forli,2021,Journal of Chemical Information and Modeling,10.1021/acs.jcim.1c00203,https://openalex.org/W3168436232,adjacent-subtopic,"AutoDock Vina is arguably one of the fastest and most widely used open-source programs for molecular docking. However, compared to other programs in the AutoDock Suite, it lacks support for modeling specific features such as macrocycles or explicit water molecules. Here, we describe the implementation of this functionality in AutoDock Vina 1.2.0. Additionally, AutoDock Vina 1.2.0 supports the AutoDock4.2 scoring function, simultaneous docking of multiple ligands, and a batch mode for docking a large number of ligands. Furthermore, we implemented Python bindings to facilitate scripting and the development of docking workflows. This work is an effort toward the unification of the features of the AutoDock4 and AutoDock Vina programs. The source code is available at https://github.com/ccsb-scripps/AutoDock-Vina.",openalex,llm,0.990,unreviewed,,doi:10.1021/acs.jcim.1c00203
discarded,The atomic simulation environment—a Python library for working with atoms,Ask Hjorth Larsen; Jens Jørgen Mortensen; Jakob Blomqvist; Ivano E. Castelli; Rune Christensen; Marcin Dułak; Jesper Friis; Michael N. Groves; Bjørk Hammer; Cory Hargus; Eric Hermes; Paul C Jennings; Peter Bjerre Jensen; James R. Kermode; John R. Kitchin; Esben L. Kolsbjerg; Joseph Kubal; Kristen Kaasbjerg; Steen Lysgaard; Jón Bergmann Maronsson; Tristan Maxson; Thomas Olsen; Lars Pastewka; Andrew A. Peterson; C. Rostgaard; Jakob Schiøtz; Ole Schütt; Mikkel Strange; Kristian Sommer Thygesen; Tejs Vegge; Lasse B. Vilhelmsen; Michael Walter; Zhenhua Zeng; Karsten W. Jacobsen,2017,Journal of Physics Condensed Matter,10.1088/1361-648x/aa680e,https://openalex.org/W2601081289,adjacent-subtopic,"The atomic simulation environment (ASE) is a software package written in the Python programming language with the aim of setting up, steering, and analyzing atomistic simulations. In ASE, tasks are fully scripted in Python. The powerful syntax of Python combined with the NumPy array library make it possible to perform very complex simulation tasks. For example, a sequence of calculations may be performed with the use of a simple 'for-loop' construction. Calculations of energy, forces, stresses and other quantities are performed through interfaces to many external electronic structure codes or force fields using a uniform interface. On top of this calculator interface, ASE provides modules for performing many standard simulation tasks such as structure optimization, molecular dynamics, handling of constraints and performing nudged elastic band calculations.",openalex,llm,0.960,unreviewed,,doi:10.1088/1361-648x/aa680e
discarded,MEG and EEG data analysis with MNE-Python,Alexandre Gramfort,2013,Frontiers in Neuroscience,10.3389/fnins.2013.00267,https://openalex.org/W2169918686,adjacent-subtopic,"Magnetoencephalography and electroencephalography (M/EEG) measure the weak electromagnetic signals generated by neuronal activity in the brain. Using these signals to characterize and locate neural activation in the brain is a challenge that requires expertise in physics, signal processing, statistics, and numerical methods. As part of the MNE software suite, MNE-Python is an open-source software package that addresses this challenge by providing state-of-the-art algorithms implemented in Python that cover multiple methods of data preprocessing, source localization, statistical analysis, and estimation of functional connectivity between distributed brain regions. All algorithms and utility functions are implemented in a consistent manner with well-documented interfaces, enabling users to create M/EEG data analysis pipelines by writing Python scripts. Moreover, MNE-Python is tightly integrated with the core Python libraries for scientific comptutation (NumPy, SciPy) and visualization (matplotlib and Mayavi), as well as the greater neuroimaging ecosystem in Python via the Nibabel package. The code is provided under the new BSD license allowing code reuse, even in commercial products. Although MNE-Python has only been under heavy development for a couple of years, it has rapidly evolved with expanded analysis capabilities and pedagogical tutorials because multiple labs have collaborated during code development to help share best practices. MNE-Python also gives easy access to preprocessed datasets, helping users to get started quickly and facilitating reproducibility of methods by other researchers. Full documentation, including dozens of examples, is available at http://martinos.org/mne.",openalex,llm,0.980,unreviewed,,doi:10.3389/fnins.2013.00267
discarded,ACPYPE - AnteChamber PYthon Parser interfacE,Alan Sousa da Silva; Wim Vranken,2012,BMC Research Notes,10.1186/1756-0500-5-367,https://openalex.org/W2045683699,adjacent-subtopic,"BACKGROUND: ACPYPE (or AnteChamber PYthon Parser interfacE) is a wrapper script around the ANTECHAMBER software that simplifies the generation of small molecule topologies and parameters for a variety of molecular dynamics programmes like GROMACS, CHARMM and CNS. It is written in the Python programming language and was developed as a tool for interfacing with other Python based applications such as the CCPN software suite (for NMR data analysis) and ARIA (for structure calculations from NMR data). ACPYPE is open source code, under GNU GPL v3, and is available as a stand-alone application at http://www.ccpn.ac.uk/acpype and as a web portal application at http://webapps.ccpn.ac.uk/acpype. FINDINGS: We verified the topologies generated by ACPYPE in three ways: by comparing with default AMBER topologies for standard amino acids; by generating and verifying topologies for a large set of ligands from the PDB; and by recalculating the structures for 5 protein-ligand complexes from the PDB. CONCLUSIONS: ACPYPE is a tool that simplifies the automatic generation of topology and parameters in different formats for different molecular mechanics programmes, including calculation of partial charges, while being object oriented for integration with other applications.",openalex,llm,0.990,unreviewed,,doi:10.1186/1756-0500-5-367
discarded,"Exploring Network Structure, Dynamics, and Function using NetworkX",Aric A. Hagberg; Dan Schult; Pieter J. Swart,2008,Proceedings of the Python in Science Conferences,10.25080/tcwv9851,https://openalex.org/W2132022337,adjacent-subtopic,"NetworkX is a Python language package for exploration and analysis of networks and network algorithms. The core package provides data structures for representing many types of networks, or graphs, including simple graphs, directed graphs, and graphs with parallel edges and self-loops. The nodes in NetworkX graphs can be any (hashable) Python object and edges can contain arbitrary data; this flexibility makes NetworkX ideal for representing networks found in many different scientific fields. In addition to the basic data structures many graph algorithms are implemented for calculating network properties and structure measures: shortest paths, betweenness centrality, clustering, and degree distribution and many more. NetworkX can read and write various graph formats for easy exchange with existing data, and provides generators for many classic graphs and popular graph models, such as the Erdos-Renyi, Small World, and Barabasi-Albert models. The ease-of-use and flexibility of the Python programming language together with connection to the SciPy tools make NetworkX a powerful tool for scientific computations. We discuss some of our recent work studying synchronization of coupled oscillators to demonstrate how NetworkX enables research in the field of computational networks.",openalex,llm,0.980,unreviewed,,doi:10.25080/tcwv9851
discarded,Pymoo: Multi-Objective Optimization in Python,Julian Blank; Kalyanmoy Deb,2020,IEEE Access,10.1109/access.2020.2990567,https://openalex.org/W3021613070,adjacent-subtopic,"Python has become the programming language of choice for research and industry projects related to data science, machine learning, and deep learning. Since optimization is an inherent part of these research fields, more optimization related frameworks have arisen in the past few years. Only a few of them support optimization of multiple conflicting objectives at a time, but do not provide comprehensive tools for a complete multi-objective optimization task. To address this issue, we have developed pymoo, a multi-objective optimization framework in Python. We provide a guide to getting started with our framework by demonstrating the implementation of an exemplary constrained multi-objective optimization scenario. Moreover, we give a high-level overview of the architecture of pymoo to show its capabilities followed by an explanation of each module and its corresponding sub-modules. The implementations in our framework are customizable and algorithms can be modified/extended by supplying custom operators. Moreover, a variety of single, multi- and many-objective test problems are provided and gradients can be retrieved by automatic differentiation out of the box. Also, pymoo addresses practical needs, such as the parallelization of function evaluations, methods to visualize low and high-dimensional spaces, and tools for multi-criteria decision making. For more information about pymoo, readers are encouraged to visit: https://pymoo.org.",openalex,llm,0.990,unreviewed,,doi:10.1109/access.2020.2990567
