status,title,authors,year,venue,doi,url,tags,abstract,provider,decision_source,llm_confidence,llm_review_outcome,llm_change_direction,paper_id
discarded,CommonLoops: merging Lisp and object-oriented programming,Daniel G. Bobrow; Ken Kahn; Gregor Kiczales; Larry M. Masinter; Mark Stefik; Frank Zdybel,1986,ACM SIGPLAN Notices,10.1145/960112.28700,https://openalex.org/W2095219277,adjacent-subtopic,"CommonLoops blends object-oriented programming smoothly and tightly with the procedure-oriented design of Lisp. Functions and methods are combined in a more general abstraction. Message passing is invoked via normal Lisp function call. Methods are viewed as partial descriptions of procedures. Lisp data types are integrated with object classes. With these integrations, it is easy to incrementally move a program between the procedure and object-oriented styles. One of the most important properties of CommonLoops is its extensive use of meta-objects. We discuss three kinds of meta-objects: objects for classes, objects for methods, and objects for discriminators. We argue that these meta-objects make practical both efficient implementation and experimentation with new ideas for object-oriented programming. CommonLoops' small kernel is powerful enough to implement the major object-oriented systems in use today.",openalex,llm,0.920,unreviewed,,doi:10.1145/960112.28700
discarded,Spatial query processing in an object-oriented database system,Jack A. Orenstein,1986,,10.1145/16894.16886,https://openalex.org/W4236783998,off-topic-false-hit,"DBMSs must offer spatial query processing capabilities to meet the needs of applications such as cartography, geographic information processing and CAD. Many data structures and algorithms that process grid representations of spatial data have appeared in the literature. We unify much of this work by identifying common principles and distilling them into a small set of constructs. (Published data structures and algorithms can be derived as special cases.) We show how these constructs can be supported with only minor modifications to current DBMS implementations. The ideas are demonstrated in the context of the range query problem. Analytical and experimental evidence indicates that performance of the derived solution is very good (e.g., comparable to performance of the kd tree.)",openalex,llm,0.980,unreviewed,,doi:10.1145/16894.16886
discarded,An object-oriented approach to multimedia databases,Darrell Woelk; Won Bae Kim; Willis Luther,1986,ACM SIGMOD Record,10.1145/16856.16885,https://openalex.org/W2092290862,adjacent-subtopic,"This paper identifies data modelling and data access and sharing requirements which multimedia applications impose on a database system. It shows the capabilities of an object-based data model and indicates extensions which are needed to meet the data modelling aspects of these requirements. A logical implementation of the operations on the model is described. The model generalizes the notions of instantiation and generalization in the standard object-oriented paradigm, and augments it with the notions of aggregation and relationships which are specialized for a multimedia application environment. Objects may exist in aggregation hierarchies which provide the capability to integrate diverse types of multimedia information such as text, sound, bit-mapped images, and complex graphics drawings. Objects may also be linked through other user-defined relationships to capture such application functions as voice annotation and referencing of one document by another. Using this model, the semantics of aggregation and relationships in a multimedia application environment can be understood and efficiently supported by a database system.",openalex,llm,0.950,unreviewed,,doi:10.1145/16856.16885
discarded,An object-oriented approach to multimedia databases,Darrell Woelk; Won Bae Kim; Willis Luther,1986,,10.1145/16894.16885,https://openalex.org/W4232791710,adjacent-subtopic,"This paper identifies data modelling and data access and sharing requirements which multimedia applications impose on a database system. It shows the capabilities of an object-based data model and indicates extensions which are needed to meet the data modelling aspects of these requirements. A logical implementation of the operations on the model is described. The model generalizes the notions of instantiation and generalization in the standard object-oriented paradigm, and augments it with the notions of aggregation and relationships which are specialized for a multimedia application environment. Objects may exist in aggregation hierarchies which provide the capability to integrate diverse types of multimedia information such as text, sound, bit-mapped images, and complex graphics drawings. Objects may also be linked through other user-defined relationships to capture such application functions as voice annotation and referencing of one document by another. Using this model, the semantics of aggregation and relationships in a multimedia application environment can be understood and efficiently supported by a database system.",openalex,llm,0.950,unreviewed,,doi:10.1145/16894.16885
discarded,"SHERPA 1. , a proof-of-concept version",T. Gleisberg; Stefan Höche; Frank Krauss; A. Schaelicke; S. Schumann; Jan-Christopher Winter,2004,Journal of High Energy Physics,10.1088/1126-6708/2004/02/056,https://openalex.org/W1841536582,off-topic-false-hit,"The new multipurpose event-generation framework SHERPA, acronym for Simulation for High-Energy Reactions of PArticles, is presented. It is entirely written in the object-oriented programming language C++. In its current form, it is able to completely simulate electron-positron and unresolved photon-photon collisions at high energies. Also, fully hadronic collisions, such as, e.g., proton-anti-proton, proton-proton, or resolved photon-photon reactions, can be described on the signal level.",openalex,llm,0.990,unreviewed,,doi:10.1088/1126-6708/2004/02/056
discarded,Query evaluation techniques for large databases,Goetz Graefe,1993,ACM Computing Surveys,10.1145/152610.152611,https://openalex.org/W2158237121,off-topic-false-hit,"Database management systems will continue to manage large data volumes. Thus, efficient algorithms for accessing and manipulating large sets and sequences will be required to provide acceptable performance. The advent of object-oriented and extensible database systems will not solve this problem. On the contrary, modern data models exacerbate the problem: In order to manipulate large sets of complex objects as efficiently as today's database systems manipulate simple records, query-processing algorithms and software will become more complex, and a solid understanding of algorithm and architectural issues is essential for the designer of database management software. This survey provides a foundation for the design and implementation of query execution facilities in new database management systems. It describes a wide array of practical query evaluation techniques for both relational and postrelational database systems, including iterative execution of complex query evaluation plans, the duality of sort- and hash-based set-matching algorithms, types of parallel query execution and their implementation, and special operators for emerging database application domains.",openalex,llm,0.980,unreviewed,,doi:10.1145/152610.152611
discarded,An object-oriented representation for product and design processes,Sreenivasa Rao Gorti; A.K. Gupta; GJ Kim; R. D. Sriram; Albert Kai-Sun Wong,1998,Computer-Aided Design,10.1016/s0010-4485(97)00087-0,https://openalex.org/W2069088270,adjacent-subtopic,"We report on the development of a knowledge representation model, which is based on the SHARED object model reported in Shared Workspaces for Computer-Aided Collaborative Engineering (Wong, A. and Sriram, D., Technical Report, IESL 93-06, Intelligent Engineering Systems Laboratory, Department of Civil Engineering, MIT, March, 1993) and Research in Engineering Design (Wong, A. and Sriram, D., SHARED: An Information Model for Cooperative Product Development, 1993, Fall, 21-39). Our current model is implemented as a layered scheme, that incorporates both an evolving artifact and its associated design process. To represent artifacts as they evolve, we define objects recursively without a pre-defined granularity on this recursive decomposition. This eliminates the need for translations between levels of abstraction in the design process. The SHARED model extends traditional OOP in three ways: by allowing explicit relationship classes with inheritance hierarchies; by permitting constraints to be associated with objects and relationships; and by comparing `similar' objects at three different levels (form, function and behavior).",openalex,llm,0.940,unreviewed,,doi:10.1016/s0010-4485(97)00087-0
discarded,The design and implementation of INGRES,Michael R Stonebraker; Gerald Held; Eugene Wong; Peter Kreps,1976,ACM Transactions on Database Systems,10.1145/320473.320476,https://openalex.org/W2133384222,off-topic-false-hit,"The currently operational (March 1976) version of the INGRES database management system is described. This multiuser system gives a relational view of data, supports two high level nonprocedural data sublanguages, and runs as a collection of user processes on top of the UNIX operating system for Digital Equipment Corporation PDP 11/40, 11/45, and 11/70 computers. Emphasis is on the design decisions and tradeoffs related to (1) structuring the system into processes, (2) embedding one command language in a general purpose programming language, (3) the algorithms implemented to process interactions, (4) the access methods implemented, (5) the concurrency and recovery control currently provided, and (6) the data structures used for system catalogs and the role of the database administrator. Also discussed are (1) support for integrity constraints (which is only partly operational), (2) the not yet supported features concerning views and protection, and (3) future plans concerning the system.",openalex,llm,0.990,unreviewed,,doi:10.1145/320473.320476
discarded,The design of POSTGRES,Michael R Stonebraker; Lawrence A. Rowe,1986,ACM SIGMOD Record,10.1145/16856.16888,https://openalex.org/W2072627547,off-topic-false-hit,"This paper presents the preliminary design of a new database management system, called POSTGRES, that is the successor to the INGRES relational database system. The main design goals of the new system are to provide better support for complex objects, provide user extendibility for data types, operators and access methods, provide facilities for active databases (i.e., alerters and triggers) and inferencing including forward- and backward-chaining, simplify the DBMS code for crash recovery, produce a design that can take advantage of optical disks, workstations composed of multiple tightly-coupled processors, and custom designed VLSI chips, and make as few changes as possible (preferably none) to the relational model. The paper describes the query language, programming language interface, system architecture, query processing strategy, and storage system for the new system.",openalex,llm,0.980,unreviewed,,doi:10.1145/16856.16888
discarded,An incremental access method for ViewCache,N. Roussopoulos,1991,ACM Transactions on Database Systems,10.1145/111197.111215,https://openalex.org/W1998147193,off-topic-false-hit,"A ViewCache is a stored collection of pointers pointing to records of underlying relations needed to materialize a view. This paper presents an Incremental Access Method (IAM) that amortizes the maintenance cost of ViewCaches over a long time period or indefinitely. Amortization is based on deferred and other update propagation strategies. A deferred update strategy allows a ViewCache to remain outdated until a query needs to selectively or exhaustively materialize the view. At that point, an incremental update of the ViewCache is performed. This paper defines a set of conditions under which incremental access to the ViewCache is cost effective. The decision criteria are based on some dynamically maintained cost parameters, which provide accurate information but require inexpensive bookkeeping. The IAM capitalizes on the ViewCache storage organization for performing the update and the materialization of the ViewCaches in an interleaved mode using one-pass algorithms. Compared to the standard technique for supporting views that requires reexecution of the definition of the view, the IAM offers significant performance advantages. We will show that under favorable conditions, most of which depend on the size of the incremental update logs between consecutive accesses of the views, the incremental access method outperforms query modification. Performance gains are higher for multilevel ViewCaches because all the I/O and CPU for handling intermediate results are avoided.",openalex,llm,0.990,unreviewed,,doi:10.1145/111197.111215
discarded,A Tool Framework for Static and Dynamic Analysis of Object-Oriented Software with Templates,"Kathleen Lindlan; Janice E. Cuny; Allen D. Malony; Sameer Shende; Bernd Mohr, et al.",2000,,,https://openalex.org/W2157456548,adjacent-subtopic,"The developers of high-performance scientific applications often work in complex computing environments that place heavy demands on program analysis tools. The developers need tools that interoperate, are portable across machine architectures, and provide source-level feedback. In this paper, we describe a tool framework, the Program Database Toolkit (PDT), that supports the development of program analysis tools meeting these requirements. PDT uses compile-time information to create a complete database of high-level program information that is structured for well-defined and uniform access by tools and applications. PDT's current applications make heavy use of advanced features of C++, in particular, templates. We describe the toolkit, focussing on its most important contribution -- its handling of templates -- as well as its use in existing applications.",openalex,llm,0.950,unreviewed,,hash:486518aa7721f37b
discarded,"Nipype: A Flexible, Lightweight and Extensible Neuroimaging Data Processing Framework in Python",Krzysztof J. Gorgolewski; Christopher D. Burns; Cindee M. Madison; Dav Clark; Yaroslav O. Halchenko; Michael Waskom; Satrajit Ghosh,2011,Frontiers in Neuroinformatics,10.3389/fninf.2011.00013,https://openalex.org/W2113619522,off-topic-false-hit,"Current neuroimaging software offer users an incredible opportunity to analyze their data in different ways, with different underlying assumptions. Several sophisticated software packages (e.g., AFNI, BrainVoyager, FSL, FreeSurfer, Nipy, R, SPM) are used to process and analyze large and often diverse (highly multi-dimensional) data. However, this heterogeneous collection of specialized applications creates several issues that hinder replicable, efficient, and optimal use of neuroimaging analysis approaches: (1) No uniform access to neuroimaging analysis software and usage information; (2) No framework for comparative algorithm development and dissemination; (3) Personnel turnover in laboratories often limits methodological continuity and training new personnel takes time; (4) Neuroimaging software packages do not address computational efficiency; and (5) Methods sections in journal articles are inadequate for reproducing results. To address these issues, we present Nipype (Neuroimaging in Python: Pipelines and Interfaces; http://nipy.org/nipype), an open-source, community-developed, software package, and scriptable library. Nipype solves the issues by providing Interfaces to existing neuroimaging software with uniform usage semantics and by facilitating interaction between these packages using Workflows. Nipype provides an environment that encourages interactive exploration of algorithms, eases the design of Workflows within and between packages, allows rapid comparative development of algorithms and reduces the learning curve necessary to use different packages. Nipype supports both local and remote execution on multi-core machines and clusters, without additional scripting. Nipype is Berkeley Software Distribution licensed, allowing anyone unrestricted usage. An open, community-driven development philosophy allows the software to quickly adapt and address the varied needs of the evolving neuroimaging community, especially in the context of increasing demand for reproducible research.",openalex,llm,0.970,unreviewed,,doi:10.3389/fninf.2011.00013
discarded,"Cactis: a self-adaptive, concurrent implementation of an object-oriented database management system",Scott E. Hudson; Roger King,1989,ACM Transactions on Database Systems,10.1145/68012.68013,https://openalex.org/W1967307074,adjacent-subtopic,"Cactis is an object-oriented, multiuser DBMS developed at the University of Colorado. The system supports functionally-defined data and uses techniques based on attributed graphs to optimize the maintenance of functionally-defined data. The implementation is self-adaptive in that the physical organization and the update algorithms dynamically change in order to reduce disk access. The system is also concurrent. At any given time there are some number of computations that must be performed to bring the database up to date; these computations are scheduled independently and are performed when the expected cost to do so is minimal. The DBMS runs in the Unix/C Sun workstation environment. Cactis is designed to support applications that require rich data modeling capabilities and the ability to specify functionally-defined data, but that also demand good performance. Specifically, Cactis is intended for use in the support of such applications as VLSI and PCB design, and software environments.",openalex,llm,0.890,unreviewed,,doi:10.1145/68012.68013
discarded,The design of the E programming language,Joel E. Richardson; Michael J. Carey; Daniel T. Schuh,1993,ACM Transactions on Programming Languages and Systems,10.1145/169683.174157,https://openalex.org/W2164306675,adjacent-subtopic,"E is an extension of C++ designed for writing software systems to support persistent applica- tions.Originally designed as a language for implementing database systems, E has evolved into a general persistent programming language E was the first C++ extension to support transparent persistence, the first C++ implementation to support generic classes, and remains the only C++ extension to provide general-purpose lterators, In addition to its contributions to the C + + programming domain, work on E has made several contributions to the field of persmtent languages in general, including several distinct implementations of persistence.Thm paper describes the main features of E and shows through examples how E addresses many of the problems that arise in building persistent systems.",openalex,llm,0.940,unreviewed,,doi:10.1145/169683.174157
discarded,Security Metrics for Object-Oriented Class Designs,Bandar Mzel Alshammari; Colin Fidge; Diane Corney,2009,,10.1109/qsic.2009.11,https://openalex.org/W2172100572,adjacent-subtopic,"Measuring quality attributes of object-oriented designs (e.g. maintainability and performance) has been covered by a number of studies. However, these studies have not considered security as much as other quality attributes. Also, most security studies focus at the level of individual program statements. This approach makes it hard and expensive to discover and fix vulnerabilities caused by design errors. In this work, we focus on the security design of an object-oriented application and define a number of security metrics. These metrics allow designers to discover and fix security vulnerabilities at an early stage, and help compare the security of various alternative designs. In particular, we propose seven security metrics to measure data encapsulation (accessibility) and Cohesion (interactions) of a given object-oriented class from the point of view of potential information flow.",openalex,llm,0.950,unreviewed,,doi:10.1109/qsic.2009.11
