status,title,authors,year,venue,doi,url,tags,abstract,provider,decision_source,llm_confidence,llm_review_outcome,llm_change_direction,paper_id
discarded,HYBRID KNOWLEDGE-BASED ARCHITECTURE FOR BUILDING AN INTELLIGENT NONDESTRUCTIVE SIGNAL INSPECTION SYSTEM,"KANG, SJ; KWON, YR",1995,KNOWLEDGE-BASED SYSTEMS,,https://www.webofscience.com/wos/woscc/full-record/WOS:A1995QH04300003,adjacent-subtopic,"The paper deals with the methods of implementing an intelligent inspection system for monitoring the health of any device or material using a nondestructive signal. A hybrid knowledge representation and processing architecture is proposed as a solution to problems encountered in the processes of the nondestructive inspection. In the proposed system, to modularize knowledge elicitation and to make knowledge processing reliable, the task of inspection is delegated to two subsystems each of which has a proper knowledge processing scheme to match the properties of its own task. The front-end subsystem which detects the signal patterns (events) for any harmful flaw is built by integrating a fuzzified syntactic pattern recognition concept and a neural network concept. The back-end subsystem which evaluates the characteristics of the events is based upon object-oriented rule base system concepts. The methods of integrating the approaches in the proposed architecture are also proposed in the paper. The proposed architecture is verified by developing and evaluating a prototype which automatically interprets eddy current Lissajous signals to inspect the state of tubes used in nuclear power plants.",wos,llm,0.980,unreviewed,,hash:a0b26a2003cf91b2
discarded,APPROACHES TO DEDUCTIVE OBJECT-ORIENTED DATABASES,"FERNANDES, AAA; PATON, NW; WILLIAMS, MH; BOWLES, A",1992,INFORMATION AND SOFTWARE TECHNOLOGY,,https://www.webofscience.com/wos/woscc/full-record/WOS:A1992KU66300003,adjacent-subtopic,"The paper is concerned with the problem of combining deductive and object-oriented features to produce a deductive object-oriented database system which is comparable to those currently available under the relational view of data modelling not only in its functionality but also in the techniques employed in its construction and use. Under this assumption, the kinds of issues that have to be tackled for a similar research strategy to produce comparable results are highlighted. The authors motivate their terms of comparison, characterize three broad approaches to deductive object-oriented databases and introduce the notion of language convergence to help in the characterization of some shortcomings that have been perceived in them. Three proposals that have come to light in the past three years are looked into in some detail, in so far as they exemplify some of the positions in the space of choices defined. The main contribution of the paper is towards a characterization of the language convergence property of deductive database languages which has a key role in addressing critiques of the deductive and object-oriented database research enterprise. A basic familiarity with notions from deductive databases and from object-oriented databases is assumed.",wos,llm,0.970,unreviewed,,hash:2d2158765da88bfb
discarded,The semiconductor paradigm in carbon dots: Useful approximation or conceptual misstep?,P. Innocenzi,2026,Materials Today Nano,10.1016/j.mtnano.2026.100956,https://www.scopus.com/inward/record.uri?partnerID=HzOxMe3b&scp=105051169230&origin=inward,off-topic-false-hit,"The widespread description of carbon dots (C-dots) as semiconductor nanomaterials of quantum nature has become a diffuse paradigm in the field. This representation, although conceptually sounding at a first approach, is not supported for a large fraction of reported systems. In many cases, the optical response of C-dots arises, instead, from ensembles of localized, molecular-like emissive states, often coexisting with disordered carbon domains and surface defects. This review critically examines the origin and persistence of the semiconductor paradigm, tracing it to the early transfer of quantum dot terminology and to the reliance on limited characterization protocols. It is shown that commonly used descriptors, including band-gap estimation via Tauc analysis, frequently lack physical meaning in heterogeneous, multi-state systems. An operational framework comprising three limiting regimes is proposed: molecular-state-dominated C-dots, hybrid core-surface C-dots, and graphene rich C-dots. Each class is associated with specific structural signatures, photophysical properties, and levels of applicability of semiconductor descriptors. Photophysical interpretation directly impacts functional claims, particularly singlet oxygen generation and photocatalytic activity, where misassignment of electronic structure can lead to misleading mechanistic conclusions. The review suggests that progress in the field requires a shift from a unified but imprecise material identity to a class-resolved, evidence-driven approach, in which the structure-property relationships are supported by purification, molecular analysis, and direct probing of electronic structure.",scopus,llm,1.000,unreviewed,,doi:10.1016/j.mtnano.2026.100956
discarded,Characterizing Mn-MOF-74 for Adsorbing HFO-1336 Decomposition Products,D. Sun,2026,Lecture Notes in Electrical Engineering,10.1007/978-981-95-4274-1_33,https://www.scopus.com/inward/record.uri?partnerID=HzOxMe3b&scp=105027164189&origin=inward,off-topic-false-hit,,scopus,llm,1.000,unreviewed,,doi:10.1007/978-981-95-4274-1_33
discarded,CLASSICS NON-HUMANLY REFRAMED,A.V. Markov,2026,Praxema,10.23951/2312-7899-2026-1-121-148,https://www.scopus.com/inward/record.uri?partnerID=HzOxMe3b&scp=105037728253&origin=inward,off-topic-false-hit,"Предлагается радикальный пересмотр понятия «классика», пребывающего в состоянии методологического тупика из-за прочной ассоциации с антропоцентрическими категориями канона, влияния и ценности. Исходный тезис заключается в том, что современный кризис интерпретации является следствием фундаментального эпистемологического разрыва, а не просто результатом постмодернистского скепсиса. Для демонстрации этого в статье проводится детальный генеалогический анализ с привлечением инструментария интеллектуальной истории (М. Фуко, К. Скиннер, Х. Уайт) и герменевтики (П. Рикёр). Прослеживается переход от антично-ренессансной, метонимической парадигмы, где классический текст выступал активным, учреждающим элементом политической и этической реальности («священное слово») и понимался через риторику смежности и участия, к новоевропейской, метафорической парадигме. Последняя превратила классику в объект интерпретации и верификации, отдалив её от реальности непреодолимой дистанцией метафоры и замкнув в корреляционистском круге, где её сущность сводится к значению для человеческого сообщества. Этот сдвиг привёл к тому, что любые теоретические стратегии, апеллирующие к классике, обречены на процедуру бесконечного самообоснования. В качестве выхода из этого тупика предлагается онтологический поворот, основанный на принципах спекулятивного реализма и объектно-ориентированной онтологии (ООО). В этой парадигме классический текст понимается не как сосуд с вечными смыслами, обращённый к человеку, а как особый тип объекта, чья «классичность» является эмерджентным свойством его существования в «плоской онтологии». Эта свойство порождается тремя ключевыми факторами: 1) аллюзивной мощью (Г. Харман) – плотностью реальных, не зависящих от человеческого восприятия связей с другими текстами-объектами; 2) устойчивостью космотехнического (Ю. Хуэй) плато – способностью текста образовывать долговременную сборку с языковыми кодами, материальными носителями и философскими идеями; 3) сопротивлением энтропии (Р. Брассье, Ю. Такер) – способностью аккумулировать следы столкновений с радикально не-человеческим измерением реальности («Миром-Без-Нас»). Таким образом, ценность текста измеряется не его моральным уроком или эстетическим совершенством, а его «объектной мощью»: сложностью внутренней структуры, устойчивостью к распаду и интенсивностью связей в не-человеческих сетях. В заключение формулируются принципы «не-человеческой филологии» – новой исследовательской программы, предлагающей конкретные процедуры: картографию аллюзивных сетей, археологию материального носителя, анализ внутреннего диссонанса и космотехническое картирование. Этот подход позволяет онтологически нивелировать иерархию западного канона, признавая равенство различных текстовых экосистем (санскритской, арабской, китайской), и намечает путь к семиотике не-человеческого восприятия, где «зрителем» текста выступают также алгоритмы, архивы и библиотечные системы.
 This article addresses the persistent theoretical impasse surrounding the concept of the ""classic"" by diagnosing its roots not in contemporary cultural wars but in a deeper, unacknowledged epistemological rupture. It argues that the endless debates between canonical traditionalism and critical deconstruction share a fundamental correlationalist premise: the classic is invariably a human-centered phenomenon, a product of culture, history, and interpretation. To dismantle this premise, the article first performs a genealogical critique, exposing the historical shift from a pre-modern, metonymic paradigm to a modern, metaphorical one. Drawing on Foucault, Skinner, and White, it demonstrates how the classical text was transformed from an active, world-constituting agent (operating through the logic of contiguity and participation in a shared political reality) into a passive object of knowledge, requiring endless verification and explanation through the distancing lens of metaphor. This shift, it is argued, is the true source of the modern hermeneutic crisis. The core contribution of the article is its constructive proposal for an ontological turn beyond hermeneutics. It mobilizes the frameworks of Speculative Realism and Object-Oriented Ontology (OOO) to redefine the classic in radically non-human terms. A classic work is not a repository of timeless wisdom but a specific type of object whose ""classicity"" is an emergent property of its mode of existence within a flat ontology. This property is analyzed through a synthesis of several key concepts: 1) Allusive Power (Graham Harman): the text's dense network of real relations with other object-terms, existing independently of human recognition. 2) Cosmotechnical (Yuk Hui) Plateau: the text's exceptional ability to form a stable, generative assembly with linguistic codes, material supports, and philosophical concepts, creating a durable ecological niche. 3) Resistance to Entropy (Ray Brassier, Eugene Thacker): the text's capacity to endure as a testament to cosmic indifference, its internal complexities and dissonances seen as scars from encounters with the ""World-Without-Us."" Consequently, a text's value is measured not by its humanistic meaning but by its ""object-oriented vitality""—its robustness, connectivity, and complexity within non-human networks. The article concludes by outlining a positive methodological program for a ""non-human philology,"" with practical protocols such as mapping allusive networks, analyzing the archaeology of the material carrier, and diagnosing internal dissonance. This approach offers a path for a genuine decolonization of the canon, not through moral inclusion but by recognizing the ontological equality of diverse, non-interchangeable cosmotechnical plateaus (e.g., Sanskrit epic vs. Greek tragedy). Ultimately, it calls for a shift from an ethics of human recognition to an ethics of respect for the opaque, non-human reality of the textual object itself, reorienting the humanities towards the study of texts as autonomous actors in a universe of things.",scopus,llm,1.000,unreviewed,,doi:10.23951/2312-7899-2026-1-121-148
discarded,Modulation of gut microbiota and metabolic profiles by Astragaloside IV in a chronic enteritis model,J.X. Liu,2026,Frontiers in Cellular and Infection Microbiology,10.3389/fcimb.2026.1645113,https://www.scopus.com/inward/record.uri?partnerID=HzOxMe3b&scp=105033674431&origin=inward,off-topic-false-hit,"Chronic intestinal inflammatory diseases like ulcerative colitis severely impact millions globally. Current treatments using drugs manage inflammation short-term but have significant side effects and don’t address underlying issues like mucosal barrier repair. New treatments are needed, and Chinese herbal medicine is gaining attention for its low cost and side effects. This study used a DSS-induced chronic enteritis animal model and treated it with Astragaloside IV(AS-IV), a traditional Chinese medicine. 16S sequencing and LC-MS analysis showed that AS-IV significantly reduces DSS-induced inflammation. This encompasses an enhancement in body weight, a reduction in the bleeding index, diarrhea index, and disease activity index (DAI). Furthermore, AS-IV has the capacity to modulate gut microbiota diversity, augment the abundance of beneficial bacteria, diminish the prevalence of harmful bacteria, and mitigate disease progression through alterations in metabolic profiles. Integrated omics analysis has revealed that AS-IV can attenuate disease progression by modulating the biosynthesis of primary bile acids. In summary, this study showed that AS-IV significantly protects against chronic enteritis, as demonstrated by a DSS-induced colitis model. It explored the mechanisms involving gut microbiota and its metabolites, highlighting a new understanding of AS-IV’s pharmacological effects and the crucial role of gut microbiota in enhancing the anti-inflammatory properties of traditional Chinese medicine monomers.",scopus,llm,1.000,unreviewed,,doi:10.3389/fcimb.2026.1645113
discarded,Monitoring Approach for Wind-Induced Structural Deformation of Transmission Towers,X. Yu,2025,Advances in Transdisciplinary Engineering,10.3233/ATDE250752,https://www.scopus.com/inward/record.uri?partnerID=HzOxMe3b&scp=105024749002&origin=inward,off-topic-false-hit,"Transmission towers are prone to significant structural deformation under wind loads. Due to the harmful influence of excessive inclination on the normal operation of the entire transmission tower structure, wind-induced inclination is a primary concern in the structural health monitoring for transmission tower. This paper proposed an online monitoring and early warning method for wind-induced inclination, based on a finite element theory for truss structures. A finite element analysis was implemented and locally deployed and executed based on Java programming language. According to the cross-section and material properties of the transmission tower components, and with real-time wind speed time-series data collected by the monitoring system, a truss structure finite element model was established. This allows for the completion of structural wind load analysis and the calculation of tower deflection. According to relevant codes and standards, an inclination judgment and early warning strategy was developed to achieve online monitoring of peak structural inclination and provide timely warnings.",scopus,llm,0.990,unreviewed,,doi:10.3233/atde250752
discarded,Shaky structures: The wobbly world of causal graphs in software analytics,J. Hulse,2025,Empirical Software Engineering,10.1007/s10664-025-10690-6,https://www.scopus.com/inward/record.uri?partnerID=HzOxMe3b&scp=105011141231&origin=inward,adjacent-subtopic,"Causal graphs are widely used in software engineering to document and explore causal relationships. Though widely used, they may also be wildly misleading. Causal structures generated from SE data can be highly variable. This instability is so significant that conclusions drawn from one graph may be totally reversed in another, even when both graphs are learned from the same or very similar project data. To document this problem, this paper examines causal graphs found by four causal graph generators (PC, FCI, GES, and LiNGAM) when applied to 23 data sets, relating to three different SE tasks: (a) learning how configuration options are selected for different properties; (b) understanding how management choices affect software projects; and (c) defect prediction. Graphs were compared between (a) different projects exploring the same task; (b) version i and \documentclass[12pt]{minimal} \usepackage{amsmath} \usepackage{wasysym} \usepackage{amsfonts} \usepackage{amssymb} \usepackage{amsbsy} \usepackage{mathrsfs} \usepackage{upgreek} \setlength{\oddsidemargin}{-69pt} \begin{document}$$i+1$$\end{document} of a system; (c) different 90% samples of the data; and (d) small variations in the causal graph generator. Measured in terms of the Jaccard index of the number of edges shared by two different graphs, over half the edges were changed by these treatments. Hence, we conclude two things. Firstly, specific conclusions found by causal graph generators about how two specific variables affect each other may not generalize since those conclusions could be reversed by minor changes in how those graphs are generated. Secondly, before researchers can report supposedly general conclusions from causal graphs (e.g., “long functions cause more defects”), they should test that such conclusions hold over the numerous causal graphs that might be generated from the same data.",scopus,llm,0.980,unreviewed,,doi:10.1007/s10664-025-10690-6
discarded,Probabilistic modelling to account for uncertainty in portable energy dispersive X-ray diffraction measurements,B. Mawdsley,2025,Nuclear Instruments and Methods in Physics Research Section A Accelerators Spectrometers Detectors and Associated Equipment,10.1016/j.nima.2025.170430,https://www.scopus.com/inward/record.uri?partnerID=HzOxMe3b&scp=105000731229&origin=inward,off-topic-false-hit,"Security systems often rely on being able to identify unknown materials in order to categorise them as harmful or safe. The process must be non-destructive, to preserve the material, and be applicable at a distance to reduce the hazard posed when performing the analysis. These restrictions have led to the use of X-ray diffraction imaging, with the challenge then becoming how best to analyse the data to provide well calibrated risk estimates. In this work, we explore probabilistic methods for quantifying our uncertainty when classifying energy dispersive X-ray diffraction data. Changes in the observational environment, or in the condition of the material itself, will introduce significant variation in the data collected. Through the use of a novel detector system, we collect data which aims to represent some of this uncertainty whilst capturing both angular and energy information. We apply Bayesian modelling techniques to the resultant images to enable inference of material properties whilst being robust to changes in experimental geometry. Such a model is more robust to operating in differing environments, and therefore well suited to practical applications. This model additionally aims to provide well quantified probabilities, in contrast to other approaches which do not assign a confidence level, allowing for more informed decision making. Our probabilistic approach is particularly well suited to a small data domain, where collecting data is a costly exercise and incorporating prior knowledge is desirable. We find that our model manages to extract key, material-specific information such that it is able to classify them with approximately 70% accuracy. Finally, we begin to develop an explicit Bayesian model of the experimental design, opening the way for future work to increasingly parameterise the data collection process and more accurately quantify uncertainty, and to do so across more varied environments.",scopus,llm,1.000,unreviewed,,doi:10.1016/j.nima.2025.170430
discarded,Skylines: Visualizing Object-Oriented Software Systems Through Class Contours,M. Giannaccari,2025,Proceedings 2025 IEEE Working Conference on Software Visualization Vissoft 2025,10.1109/VISSOFT67405.2025.00015,https://www.scopus.com/inward/record.uri?partnerID=HzOxMe3b&scp=105018915302&origin=inward,adjacent-subtopic,"Classes are the fundamental building blocks of object-oriented software systems, making their comprehension critical for effective software maintenance and evolution. Traditional source code views provide detailed information but often lack intuitive representations that reveal the structural and behavioral roles of a class at a glance. This is even harder for an overview of multiple classes in large and complex codebases. Moreover, identifying patterns and anomalies within classes remains challenging through conventional inspection.We propose Class Contours, a novel visualization metaphor that portrays individual classes as simple 2D architectural structures. Our approach visually encodes key class properties (e.g., lines of code, attributes, accessors) into customizable building features (e.g., windows, door frames, doors), supporting pattern recognition and task-specific visual exploration. With ZION, the tool we developed to exemplify our approach, we investigate how common class types correspond to recurring visual archetypes, allowing developers to swiftly recognize typical roles and structures within software systems.Our initial findings suggest that the simple but effective metaphor can enhance the understanding of class semantics in large codebases and support the identification of design issues and code smells.",scopus,llm,0.910,unreviewed,,doi:10.1109/vissoft67405.2025.00015
