status,title,authors,year,venue,doi,url,tags,abstract,provider,decision_source,llm_confidence,llm_review_outcome,llm_change_direction,paper_id
discarded,The UNICORE grid infrastructure,M. Romberg,2002,Scientific Programming,10.1155/2002/483253,https://www.scopus.com/inward/record.uri?partnerID=HzOxMe3b&scp=0036331612&origin=inward,adjacent-subtopic,"UNICORE (Uniform Interface to Computer Resources) is a software infrastructure supporting seamless and secure access to distributed resources. UNICORE allows uniform access to different hardware and software platforms as well as different organizational environments. Based on the abstract job model it offers services for security, translation of abstract jobs into real batch jobs for different target systems, and a public key infrastructure. This paper describes the UNICORE architecture and the services provided.",scopus,llm,0.990,unreviewed,,doi:10.1155/2002/483253
discarded,Object-oreinted modeling of data sources as a tool for the integration of heterogeneous geoscienctific information,H. Gärtner,2001,Computers and Geosciences,10.1016/S0098-3004(00)00135-7,https://www.scopus.com/inward/record.uri?partnerID=HzOxMe3b&scp=0035480450&origin=inward,adjacent-subtopic,"Investigation of geosystems and processes at large temporal and spatial scales, such as the development of landforms and ecosystems, requires integrated access to heterogeneous and distributed sources of geoscientific data. The object-oriented, paleoecological information system OPALIS aims to support interoperability of various data sources. While retaining the advantages of local data maintenance and formats, it will provide uniform access to information by means of integrated queries. In this paper, we present the derivation of geoscientific knowledge from distributed databases to enable a precise representation of data and semantics in object-oriented data models to support the integration process. Furthermore, the query types that will be supported and the integration process are characterized. As an example an interdisciplinary research project on landslides is presented. The diverse structure of data methods and tools used in this specific project complicates exchange of scientific data and research results. An object-oriented approach is compared with classic concepts of data representation. The results show that object-oriented data modeling can facilitate user access to multiple data sets, support integrated use of different analysis technologies and could aid in the development of standards for exchanging data in multidisciplinary environments. (C) 2001 Elsevier Science Ltd. All rights reserved.",scopus,llm,0.990,unreviewed,,doi:10.1016/s0098-3004(00)00135-7
discarded,Sensitivity of parallel applications to large differences in bandwidth and latency in two-layer interconnects,A. Plaat,2001,Future Generation Computer Systems,10.1016/S0167-739X(00)00103-5,https://www.scopus.com/inward/record.uri?partnerID=HzOxMe3b&scp=0035312547&origin=inward,adjacent-subtopic,"This paper studies application performance on systems with strongly non-uniform remote memory access. In current generation NUMAs the speed difference between the slowest and fastest link in an interconnect-the "" NUMA gap "" - is typically less than an order of magnitude, and many conventional parallel programs achieve good performance. We study how different NUMA gaps influence application performance, up to and including typical wide area latencies and bandwidths. We find that for gaps larger than those of current generation NUMAs, performance suffers considerably (for applications that were designed for a uniform access interconnect). For many applications, however, performance can be greatly improved with comparatively simple changes: traffic over slow links can be reduced by making communication patterns hierarchical- like the interconnect. We find that in four out of our six applications the size of the gap can be increased by an order of magnitude or more without severely impacting speedup. We analyze why the improvements are needed, why they work so well, and how much non-uniformity they can mask. (C) 2001 Elsevier Science B.V. All rights reserved.",scopus,llm,1.000,unreviewed,,doi:10.1016/s0167-739x(00)00103-5
discarded,Access to heterogeneous data sources for supporting business process execution,M. Staudt,2001,Proceedings of the ACM Symposium on Applied Computing,10.1145/372202.372323,https://www.scopus.com/inward/record.uri?partnerID=HzOxMe3b&scp=85053193165&origin=inward,adjacent-subtopic,"Article Share on Access to heterogeneous data sources for supporting business process execution Authors: Martin Staudt Swiss Life, IT R&D, Zurich, Switzerland Swiss Life, IT R&D, Zurich, SwitzerlandView Profile , Jörg-Uwe Kietz Swiss Life, IT R&D, Zurich, Switzerland Swiss Life, IT R&D, Zurich, SwitzerlandView Profile , Ulrich Reimer Swiss Life, IT R&D, Zurich, Switzerland Swiss Life, IT R&D, Zurich, SwitzerlandView Profile Authors Info & Claims SAC '01: Proceedings of the 2001 ACM symposium on Applied computingMarch 2001 Pages 197–206https://doi.org/10.1145/372202.372323Online:01 March 2001Publication History 0citation318DownloadsMetricsTotal Citations0Total Downloads318Last 12 Months0Last 6 weeks0 Get Citation AlertsNew Citation Alert added!This alert has been successfully added and will be sent to:You will be notified whenever a record that you have chosen has been cited.To manage your alert preferences, click on the button below.Manage my Alerts New Citation Alert!Please log in to your account Save to BinderSave to BinderCreate a New BinderNameCancelCreateExport CitationPublisher SiteGet Access",scopus,llm,0.970,unreviewed,,doi:10.1145/372202.372323
discarded,Supporting dynamic interactions among web-based information sources,A. Bouguettaya,2000,IEEE Transactions on Knowledge and Data Engineering,10.1109/69.877508,https://www.scopus.com/inward/record.uri?partnerID=HzOxMe3b&scp=0034268362&origin=inward,adjacent-subtopic,"The ubiquity of the World Wide Web offers an ideal opportunity for the deployment of highly distributed applications. Now that connectivity is no longer an issue, attention has turned to providing a middleware infrastructure that will sustain data sharing among Web-accessible databases. We present a dynamic architecture and system for describing, locating, and accessing data from Web-accessible databases. We propose the use of flexible organizational constructs service links and coalitions to facilitate data organization, discovery, and sharing among Internet-accessible databases. A language is also proposed to support the definition and manipulation of these constructs. The implementation combines Java, CORBA, database API (JDBC), agent, and database technologies to support a scalable and portable architecture interconnecting large networks of heterogeneous and autonomous databases. We report on an experiment to provide uniform access to a Web of healthcare-related databases.",scopus,llm,0.990,unreviewed,,doi:10.1109/69.877508
discarded,The R*-tree: an efficient and robust access method for points and rectangles,Norbert Beckmann; Hans‐Peter Kriegel; Ralf Schneider; Bernhard Seeger,1990,,10.1145/93597.98741,https://openalex.org/W2151135734,adjacent-subtopic,"The R-tree, one of the most popular access methods for rectangles, is based on the heuristic optimization of the area of the enclosing rectangle in each inner node. By running numerous experiments in a standardized testbed under highly varying data, queries and operations, we were able to design the R*-tree which incorporates a combined optimization of area, margin and overlap of each enclosing rectangle in the directory. Using our standardized testbed in an exhaustive performance comparison, it turned out that the R*-tree clearly outperforms the existing R-tree variants. Guttman's linear and quadratic R-tree and Greene's variant of the R-tree. This superiority of the R*-tree holds for different types of queries and operations, such as map overlay, for both rectangles and multidimensional points in all experiments. From a practical point of view the R*-tree is very attractive because of the following two reasons 1 it efficiently supports point and spatial data at the same time and 2 its implementation cost is only slightly higher than that of other R-trees.",openalex,llm,1.000,unreviewed,,doi:10.1145/93597.98741
discarded,Comparison of access methods for time-evolving data,Betty Joan Salzberg; Vassilis J. Tsotras,1999,ACM Computing Surveys,10.1145/319806.319816,https://openalex.org/W2103465290,adjacent-subtopic,"This paper compares different indexing techniques proposed for supporting efficient access to temporal data. The comparison is based on a collection of important performance criteria, including the space consumed, update processing, and query time for representative queries. The comparison is based on worst-case analysis, hence no assumptions on data distribution or query frequencies are made. When a number of methods have the same asymptotic worst-case behavior, features in the methods that affect average case behavior are discussed. Additional criteria examined are the pagination of an index, the ability to cluster related data together, and the ability to efficiently separate old from current data (so that larger archival storage media such as write-once optical disks can be used). The purpose of the paper is to identify the difficult problems in accessing temporal data and describe how the different methods aim to solve them. A general lower bound for answering basic temporal queries is also introduced.",openalex,llm,1.000,unreviewed,,doi:10.1145/319806.319816
discarded,Ubiquitous B-Tree,Douglas E. Comer,1979,ACM Computing Surveys,10.1145/356770.356776,https://openalex.org/W2161694911,adjacent-subtopic,"B-trees have become, de facto, a standard for file organization.File indexes of users, dedicated database systems, and general-purpose access methods have all been proposed and nnplemented using B-trees This paper reviews B-trees and shows why they have been so successful It discusses the major variations of the B-tree, especially the B+-tree, contrasting the relatwe merits and costs of each implementatmn.It illustrates a general purpose access method whmh uses a B-tree.",openalex,llm,1.000,unreviewed,,doi:10.1145/356770.356776
discarded,Designing access methods for bitemporal databases,A. Kumar; Vassilis J. Tsotras; Christos Faloutsos,1998,IEEE Transactions on Knowledge and Data Engineering,10.1109/69.667079,https://openalex.org/W2155322254,adjacent-subtopic,"By supporting the valid and transaction time dimensions, bitemporal databases represent reality more accurately than conventional databases. The authors examine the issues involved in designing efficient access methods for bitemporal databases, and propose the partial-persistence and the double-tree methodologies. The partial-persistence methodology reduces bitemporal queries to partial persistence problems for which an efficient access method is then designed. The double-tree methodology ""sees"" each bitemporal data object as consisting of two intervals (a valid-time and a transaction-time interval) and divides objects into two categories according to whether the right endpoint of the transaction time interval is already known. A common characteristic of both methodologies is that they take into account the properties of each time dimension. Their performance is compared with a straightforward approach that ""sees"" the intervals associated with a bitemporal object as composing one rectangle, which is stored in a single multidimensional access method. Given that some limited additional space is available, the experimental results show that the partial-persistence methodology provides the best overall performance, especially for transaction timeslice queries. For those applications that require ready, off-the-shelf, access methods, the double-tree methodology is a good alternative.",openalex,llm,1.000,unreviewed,,doi:10.1109/69.667079
discarded,The Buddy-Tree: An Efficient and Robust Access Method for Spatial Data Base Systems,Bernhard Seeger; Hans‐Peter Kriegel,1990,Very Large Data Bases,,https://openalex.org/W2047984902,adjacent-subtopic,"In this paper, we propose a new multidimensional access method, called the buddy-tree, to support point as well as spatial data in a dynamic environment. The buddy-tree can be seen as a compromise of the R-tree and the grid file, but it is fundamentally different from each of them. Because grid files loose performance for highly correlated data, the buddy-tree is designed to organize such data very efficiently, partitioning only such parts of the data space which contain data and not partitioning empty data space. The directory consists of a very flexible partitioning and reorganization scheme based on a generalization of the buddy-system. As for B-trees, the buddy-tree fulfills the property that insertions and deletions are restricted to exactly one path of the directory. Additional important properties which are not fulfilled in this combination by any other multidimensional tree-based access method are: (i) the directory grows linear in the number of records, (ii) no overflow pages are allowed, (iii) the data space is partitioned into minimum bounding rectangles of the actual data and (iv) the performance is basicly independent of the sequence of insertions. In this paper, we introduce the principles of the buddy-tree, the organization of its directory and the most important algorithms. Using our standardized testbed, we present a performance comparison of the buddy-tree with other access methods demonstrating the superiority and robustness of the buddy-tree.",openalex,llm,1.000,unreviewed,,hash:f7b86f87ca138350
discarded,Analysis of the clustering properties of the Hilbert space-filling curve,Bongki Moon; H. V. Jagadish; Christos Faloutsos; Joel Haskin Saltz,2001,IEEE Transactions on Knowledge and Data Engineering,10.1109/69.908985,https://openalex.org/W2159772324,adjacent-subtopic,"AbstractÐSeveral schemes for the linear mapping of a multidimensional space have been proposed for various applications, such as access methods for spatio-temporal databases and image compression. In these applications, one of the most desired properties from such linear mappings is clustering, which means the locality between objects in the multidimensional space being preserved in the linear space. It is widely believed that the Hilbert space-filling curve achieves the best clustering [1], [14]. In this paper, we analyze the clustering property of the Hilbert space-filling curve by deriving closed-form formulas for the number of clusters in a given query region of an arbitrary shape (e.g., polygons and polyhedra). Both the asymptotic solution for the general case and the exact solution for a special case generalize previous work [14]. They agree with the empirical results that the number of clusters depends on the hypersurface area of the query region and not on its hypervolume. We also show that the Hilbert curve achieves better clustering than the z curve. From a practical point of view, the formulas given in this paper provide a simple measure that can be used to predict the required disk access behaviors and, hence, the total access time.",openalex,llm,0.990,unreviewed,,doi:10.1109/69.908985
discarded,The log-structured merge-tree (LSM-tree),Patrick Eugene O'Neil; Edward Cheng; Dieter Gawlick; Elizabeth J. O'Neil,1996,Acta Informatica,10.1007/s002360050048,https://openalex.org/W2068739275,adjacent-subtopic,"High-performance transaction system applications typically insert rows in a History table to provide an activity trace; at the same time the transaction system generates log records for purposes of system recovery. Both types of generated information can benefit from efficient indexing. An example in a well-known setting is the TPC-A benchmark application, modified to support efficient queries on the history for account activity for specific accounts. This requires an index by account-id on the fast-growing History table. Unfortunately, standard disk-based index structures such as the B-tree will effectively double the I/O cost of the transaction to maintain an index such as this in real time, increasing the total system cost up to fifty percent. Clearly a method for maintaining a real-time index at low cost is desirable. The log-structured merge-tree (LSM-tree) is a disk-based data structure designed to provide low-cost indexing for a file experiencing a high rate of record inserts (and deletes) over an extended period. The LSM-tree uses an algorithm that defers and batches index changes, cascading the changes from a memory-based component through one or more disk components in an efficient manner reminiscent of merge sort. During this process all index values are continuously accessible to retrievals (aside from very short locking periods), either through the memory component or one of the disk components. The algorithm has greatly reduced disk arm movements compared to a traditional access methods such as B-trees, and will improve cost-performance in domains where disk arm costs for inserts with traditional access methods overwhelm storage media costs. The LSM-tree approach also generalizes to operations other than insert and delete. However, indexed finds requiring immediate response will lose I/O efficiency in some cases, so the LSM-tree is most useful in applications where index inserts are more common than finds that retrieve the entries. This seems to be a common property for history tables and log files, for example. The conclusions of Sect. 6 compare the hybrid use of memory and disk components in the LSM-tree access method with the commonly understood advantage of the hybrid method to buffer disk pages in memory.",openalex,llm,1.000,unreviewed,,doi:10.1007/s002360050048
discarded,Access method concurrency with recovery,David Lomet; Betty Joan Salzberg,1992,,10.1145/130283.130336,https://openalex.org/W2030279442,adjacent-subtopic,"Providing high concurrency in B+-trees has been studied extensively. But few efforts have been documented for combining concurrency methods with a recovery scheme that preserves well-formed trees across system crashes. We describe an approach for this that works for a class of index trees that is a generalization of the Blink-tree. A major feature of our method is that it works with a range of different recovery methods. It achieves this by decomposing structure changes in an index tree into a sequence of atomic actions, each one leaving the tree well-formed and each working on a separate level of the tree. All atomic actions on levels of the tree above the leaf level are independent of database transactions, and so are of short duration.",openalex,llm,1.000,unreviewed,,doi:10.1145/130283.130336
discarded,Access method concurrency with recovery,David Lomet; Betty Joan Salzberg,1992,ACM SIGMOD Record,10.1145/141484.130336,https://openalex.org/W4245341547,adjacent-subtopic,"Providing high concurrency in B + -trees has been studied extensively. But few efforts have been documented for combining concurrency methods with a recovery scheme that preserves well-formed trees across system crashes. We describe an approach for this that works for a class of index trees that is a generalization of the B link -tree. A major feature of our method is that it works with a range of different recovery methods. It achieves this by decomposing structure changes in an index tree into a sequence of atomic actions, each one leaving the tree well-formed and each working on a separate level of the tree. All atomic actions on levels of the tree above the leaf level are independent of database transactions, and so are of short duration.",openalex,llm,1.000,unreviewed,,doi:10.1145/141484.130336
discarded,Multikey access methods based on superimposed coding techniques,Ron Sacks‐Davis; Alan J. Kent; Kotagiri Ramamohanarao,1987,ACM Transactions on Database Systems,10.1145/32204.32222,https://openalex.org/W2004620064,adjacent-subtopic,"Both single-level and two-level indexed descriptor schemes for multikey retrieval are presented and compared. The descriptors are formed using superimposed coding techniques and stored using a bit-inversion technique. A fast-batch insertion algorithm for which the cost of forming the bit-inverted file is less than one disk access per record is presented. For large data files, it is shown that the two-level implementation is generally more efficient for queries with a small number of matching records. For queries that specify two or more values, there is a potential problem with the two-level implementation in that costs may accrue when blocks of records match the query but individual records within these blocks do not. One approach to overcoming this problem is to set bits in the descriptors based on pairs of indexed terms. This approach is presented and analyzed.",openalex,llm,1.000,unreviewed,,doi:10.1145/32204.32222
