status,title,authors,year,venue,doi,url,tags,abstract,provider,decision_source,llm_confidence,llm_review_outcome,llm_change_direction,paper_id
discarded,Discovering unanticipated dependency schemas in class hierarchies,G. Arevalo; S. Ducasse; O. Nierstrasz,2005,Ninth European Conference on Software Maintenance and Reengineering,10.1109/CSMR.2005.24,https://ieeexplore.ieee.org/document/1402115/,adjacent-subtopic,"Object-oriented applications are difficult to extend and maintain, due to the presence of implicit dependencies in the inheritance hierarchy. Although these dependencies often correspond to well-known schemas, such as hook and template methods, new unanticipated dependency schemas occur in practice, and can consequently be hard to recognize and detect. To tackle this problem, we have applied concept analysis to automatically detect recurring dependency schemas in class hierarchies used in object-oriented applications. In this paper we describe our mapping of OO dependencies to the formal framework of concept analysis, we apply our approach to a non-trivial case study, and we report on the kinds of dependencies that are uncovered with this technique. As a result, we show how the discovered dependency schemas correspond not only to good design practices, but also to ""bad smells"" in design.",ieee,llm,0.980,unreviewed,,doi:10.1109/csmr.2005.24
discarded,Revealing Mistakes in Concern Mapping Tasks: An Experimental Evaluation,Camila Nunes; Alessandro Garcia; Eduardo Figueiredo; Carlos Lucena,2011,2011 15th European Conference on Software Maintenance and Reengineering,10.1109/CSMR.2011.16,https://ieeexplore.ieee.org/document/5741266/,adjacent-subtopic,"Concern mapping is the activity of assigning a stakeholder's concern to its corresponding elements in the source code. This activity is primordial to guide software maintainers in several tasks, such as understanding and restructuring the implementation of existing concerns. Even though different techniques are emerging to facilitate the concern mapping process, they are still manual and error-prone according to recent studies. Existing work does not provide any guidance to developers to review and correct concern mappings. In this context, this paper presents the characterization and classification of eight concern mapping mistakes commonly made by developers. These mistakes were found to be associated with various properties of concerns and modules in the source code. The mistake categories were derived from actual mappings of 10 concerns in 12 versions of industry systems. In order to further evaluate to what extent these mistakes also occur in wider contexts, we ran two experiments where 26 subjects mapped 10 concerns in two systems. Our experimental results confirmed the mapping mistakes that often occur when developers need to interact with the source code.",ieee,llm,0.990,unreviewed,,doi:10.1109/csmr.2011.16
discarded,"Embodied Software: Patents and the History of Software Development, 1946-1970",Gerardo Con Diaz,2015,IEEE Annals of the History of Computing,10.1109/MAHC.2015.45,https://ieeexplore.ieee.org/document/7155426/,adjacent-subtopic,"In the late 1960s, attorneys and programmers used the term ""embodying software""' in reference to a patent-drafting technique for software inventions. This strategy consisted of claiming a computer in which a program served as the control system instead of claiming the program itself. If the application was successful, this machine would receive patent protection in lieu of the program. This article argues that the histories of embodied software and software patenting are constitutive of, and inseparable from, one another. It traces the origins of embodying software to Bell Laboratories in the late 1940s and studies the flowcharting program Autoflow to illustrate how and why firms embraced this technique. The history of embodied software demonstrates that software patenting predated the birth of the software industry, and it invites a revision of how we account for the history of software patents.",ieee,llm,0.990,unreviewed,,doi:10.1109/mahc.2015.45
discarded,Compositional adjustment of concurrent programs to satisfy temporal logic constraints in MENDELS ZONE,N. Uchihira; S. Honiden,1995,Proceedings of the Twenty-Eighth Annual Hawaii International Conference on System Sciences,10.1109/HICSS.1995.375522,https://ieeexplore.ieee.org/document/375522/,adjacent-subtopic,"Examines ""program adjustment"", a formal and practical approach to developing correct concurrent programs, by automatically adjusting an imperfect program to satisfy given constraints. A concurrent program is modeled by a finite-state process, and program adjustment to satisfy temporal logic constraints is formalized as the synthesis of an arbiter process which partially serializes target (i.e. imperfect) processes to remove harmful nondeterministic behaviors. Compositional adjustment is also proposed for large-scale compound target processes, using process equivalence theory. We have developed a programming environment on the parallel computer Multi-PSI, called MENDELS ZONE, that adopts this compositional adjustment. The target concurrent programming language, MENDEL, is based on a high-level Petri net. Adjusted programs can be compiled into the kernel language KL1 and executed on Multi-PSI.<>",ieee,llm,0.990,unreviewed,,doi:10.1109/hicss.1995.375522
discarded,Tool for detecting standardwise differences in C++ legacy code,Tibor Brunner; Norbert Pataki; Zoltan Porkolab,2015,2015 IEEE 13th International Scientific Conference on Informatics,10.1109/Informatics.2015.7377808,https://ieeexplore.ieee.org/document/7377808/,adjacent-subtopic,"Programming languages are continuously evolving as the experiences are accumulated, developers face new problems and other requirements such as increasing support for multi-threading is emerging. These changes are reflected in new language standards and compiler versions. Although these changes are carefully planned to keep reverse compatibility with previous versions to keep the syntax and the semantics of earlier written code, sometimes languages break this rule. In case of silent semantic changes, when the earlier written code is recompiled with the new version, this is especially harmful. The new C++11 standard introduced major changes in the core language. This changes are widely believed to be reverse compatible, i.e. a simple recompilation of earlier written code will keep the old semantics. Recently we found examples that the backward compatibility between language versions is broken. The previously written code compiled with a new C++ compiler may change the program behaviour without any compiler diagnostic message. In a large code base such issues are very hard to catch by manual inspection, therefore some automatic tool support is required for this purpose. In this paper we propose a tool support to detect such backward incompatibilities in C++. The basic idea is to parse the source code using different standards, and then compare the abstract syntax trees. We implemented a proof of concept prototype tool to demonstrate our idea based on the LLVM/Clang compiler infrastructure.",ieee,llm,0.990,unreviewed,,doi:10.1109/informatics.2015.7377808
discarded,CHOOM: a CHemical Object Oriented Model for Prediction of the Toxicity and Sustainability of New Molecules in Food and the Environment,"Colloc, Joel",2022,"36TH ANNUAL EUROPEAN SIMULATION AND MODELLING CONFERENCE, ESM 2022",,https://www.webofscience.com/wos/woscc/full-record/WOS:001235849500002,off-topic-false-hit,CHOOM is a new Artificial Intelligence (AI) model that offers novel deep dynamic knowledge for predicting the toxicity of molecules and their metabolism. It is based on our object-oriented model based on temporal fuzzy vector spaces (FVSOOM) to qualitatively and quantitatively assess the structure-activity relationship (QSAR) from its already known component molecules. The QSAR approaches advocated by the Organisation for Economic Co-operation and Development (OECD) are mainly based on top-down analytical research OECD (2009). CHOOM offers a systemic evaluation of the emergence of the properties of a new molecule based on the ascending inheritance of FVSOOM and thus an explanation of the causes of its toxicity at each level of its composition hierarchy from each atom to the whole molecule. CHOOM is an innovation AI tool for assessing the continuous flow of new molecules produced by human activity whose potential toxicity must be tested to avoid harmful issues to health and environment sustainability. The reproducibility of the model is based on chemical knowledge of invariant covalent bonds between atoms and previously stored experience of already known molecules.,wos,llm,0.990,unreviewed,,hash:c84fcb44100f88f6
discarded,E-CARGO and Role-based Collaboration,"Zhu, Haibin",2024,"18TH INTERNATIONAL SYMPOSIUM ON APPLIED COMPUTATIONAL INTELLIGENCE AND INFORMATICS, SACI 2024",10.1109/SACI60582.2024.10619770,https://www.webofscience.com/wos/woscc/full-record/WOS:001301886500002,adjacent-subtopic,"Role-Based Collaboration (RBC) is a computational methodology that uses roles as the primary underlying mechanism to facilitate collaboration activities. It consists of a set of concepts, principles, models, processes, and algorithms.

RBC and its Environments - Classes, Agents, Roles, Groups, and Objects (E-CARGO) model have been developed to a powerful tool for investigating collaboration and complex systems. Related research has brought and will bring in exciting improvements to the development, evaluation, and management of systems including collaboration, services, clouds, productions, and administration systems. RBC and E-CARGO grow gradually into a strong fundamental methodology and model for exploring solutions to problems of complex systems including Collective Intelligence, Sensor Networking, Scheduling, Smart Cities, Internet of Things, Cyber-Physical Systems, and Social Simulation Systems.

E-CARGO assists scientists and engineering to formalize abstract problems, which originally are taken as complex problems, and finally points out solutions to such problems including programming. The E-CARGO model possesses all the preferred properties of a computational model. It has been verified by formalizing and solving significant problems in collaboration and complex systems, e.g., Group Role Assignment (GRA). With the help of E-CARGO, the methodology of RBC can be applied to solve various real-world problems. E-CARGO itself can be extended to formalize abstract problems as innovative investigations in research. On the other hand, the details of E-CARGO components are still open for renovations for specific fields to make the model easily applied. For example, in programming, we need to specify the primitive elements for each component of E-CARGO. When these primitive elements are well-specified, a new type of modelling/programming language can be developed and applied to solve general problems with software design and implementations.

In this talk, the speaker examines the requirement of research on collaboration systems and technologies, discusses RBC and its model E-CARGO; reviews the related research achievements on RBC and E-CARGO in the past years; illustrates those problems that have not yet been solved satisfactorily; presents the fundamental methods to conduct research related to RBC and E-CRAGO and discover related problems; and analyzes their connections with other cutting-edge fields. This talk aims to inform the audience that E-CARGO is a well-developed model and has been investigated and applied in many ways. The speaker welcomes queries, reviews, studies, applications, and criticisms.

As case studies of E-CARGO, GRA and its related problem models are inspired by delving into the details of the E-CARGO components and the RBC process. GRA can help solve related collaboration problems with the help of programming and optimization platforms. All the related Java codes can be downloaded by GitHub: https://github.com/haibinnipissing/E-CARGO-Codes. The speaker welcomes interested researchers and practitioners to use these codes in their research and practice and contact the speaker if there are any questions about them.",wos,llm,0.990,unreviewed,,doi:10.1109/saci60582.2024.10619770
discarded,Towards a metrics suite for the complexity analysis of LabVIEW systems models,"Zhao, Xin; Gray, Jeff",2023,SCIENCE OF COMPUTER PROGRAMMING,10.1016/j.scico.2023.102931,https://www.webofscience.com/wos/woscc/full-record/WOS:000992954500001,adjacent-subtopic,"LabVIEW is a popular commercial modeling tool that is often used in systems engineering. LabVIEW also includes a special programming language developed for engineers to help them support the automation of computer-aided systems. Although LabVIEW is widely used in various fields (e.g., industrial design, academic research, and engineering education), there has not been much attention given to the systems models built in LabVIEW (e.g., support for analyzing the complexity of systems models). Our previous work in surveying engineers who use LabVIEW suggests that systems engineers are deeply concerned about the complexity of the LabVIEW systems models that they create. To address the need for additional support in understanding the complexity of LabVIEW systems models, we introduce in this paper a metrics suite to assist end-users in characterizing the complexities of LabVIEW systems models from different aspects. We theoretically validated the metrics using Weyuker's validation. In addition, our metric suite was applied to 10 LabVIEW models mined from GitHub to empirically evaluate their suitability to support the description of systems model complexities. Our research is one of the first efforts to address the complexity analysis of LabVIEW systems models through a software metrics approach.(c) 2023 Elsevier B.V. All rights reserved.",wos,llm,0.990,unreviewed,,doi:10.1016/j.scico.2023.102931
discarded,MuFinder: A program to determine and analyse muon stopping sites,"Huddart, B. M.; Hernandez-Melian, A.; Hicken, T. J.; Gomilsek, M.; Hawkhead, Z.; Clark, S. J.; Pratt, F. L.; Lancaster, T.",2022,COMPUTER PHYSICS COMMUNICATIONS,10.1016/j.cpc.2022.108488,https://www.webofscience.com/wos/woscc/full-record/WOS:000862745700004,off-topic-false-hit,"Significant progress has recently been made in calculating muon stopping sites using density functional theory. The technique aims to address two of the most common criticisms of the muon-spin spectroscopy (mu+SR) technique, namely, where in the sample does the muon stop, and what is its effect on its local environment. We have designed and developed a program called MuFinder that enables users to carry out these calculations through a simple graphical user interface (GUI). The procedure for calculating muon sites by generating initial muon positions, relaxing the structures, and then clustering and analysing the resulting candidate sites, can be done entirely within the GUI. The local magnetic field at the muon site can also be computed, allowing the connection between the muon sites obtained and experiment to be made. MuFinder will make these computations significantly more accessible to non-experts and help to establish muon site calculations as a routine part of mu+SR experiments. Program summary Program Title: MuFinder CPC Library link to program files: https://doi .org /10 .17632 /pwwt7p9hv8 .1 Developer's repository link: https://gitlab .com /BenHuddart /mufinder Licensing provisions: GPLv3 Programming language: Python Nature of problem: To automate the process of calculating muon stopping sites using density functional theory, thereby making these calculations accessible to non-experts. Solution method: A Python-based graphical user interface (GUI) through which users can calculate muon stopping sites using the structural relaxation method. The program makes use of newly-developed algorithms for generating candidate initial muon positions and for clustering muon positions obtained from the structural relaxations. Analysis of the muon sites, including calculation of the local dipolar magnetic field, is also possible within the GUI. (C) 2022 The Author(s). Published by Elsevier B.V.",wos,llm,1.000,unreviewed,,doi:10.1016/j.cpc.2022.108488
discarded,THEORETICAL STUDY OF IMMERSION IN OBJECT-ORIENTED ONTOLOGY AND POSTHUMANISM,"Venkova, Alina V.",2021,VESTNIK TOMSKOGO GOSUDARSTVENNOGO UNIVERSITETA-KULTUROLOGIYA I ISKUSSTVOVEDENIE-TOMSK STATE UNIVERSITY JOURNAL OF CULTURAL STUDIES AND ART HISTORY,10.17223/22220836/44/1,https://www.webofscience.com/wos/woscc/full-record/WOS:000748566700001,off-topic-false-hit,"The article is devoted to a critical examination of the theoretical approaches of object-oriented ontology, posthumanism and vitalism to the phenomenon of immersion. Contemporary culture is shown to use immersion (multisensory experience of a receptive agent in a perceived environment) to build cognitive, communicative and aesthetic processes.

The purpose of the article is a comparative critical examination of the attitudes of a number of theoretical approaches of the XXI, based on the criticism of anthropocentrism, in relation to immersivity as the dominant cognitive style. The task of such a consideration is to search for similarities and differences in relation to the properties and principles of immersivity as a kind of body-oriented approach to a person's contact with the world. In addition, a search was carried out for the basic characteristics of immersion as one of the central practices of contemporary culture.

Particular attention is paid to the new ecological environmental paradigm, which denotes a turn from an anthropocentric model of culture to a posthumanistic perspective, which includes a new character of human integration into the world based on an environmental approach that takes into account the parity of various acting forces in a new post-anthropological perspective. In addition to object-oriented and post-anthropological concepts, the article touches upon the problems of new animism and materialism, emphasizes the importance of the activity of the environment, which determines the parameters of attunement of a person, understood as a cognitive agent, and the surrounding world.

As a result, the article shows the similarity of theoretical attitudes regarding the concept of immersion of immaterialism by G. Harman, the theory of hyperobjects by T. Morton, agent-based realism by K. Barad, posthumanism by D. Haraway and the new vitalism by J. Bennett. The article demonstrates that object-oriented ontology, posthumanism and new materialism of the vitalist type bring new positions in the understanding of the phenomenon of immersion. What they have in common is an emphasis on environmental multisensory experience, its performative and affective nature, the idea of non-articulation of the environment, and a rejection of the paradigm of human exclusivity.

The main conclusion of the article: in relation to epistemological attitudes, bodily practices and artistic processes, we can talk about the formation in contemporary culture of a specific ""immersive style"" based on a multisensory environmental approach to perception.",wos,llm,1.000,unreviewed,,doi:10.17223/22220836/44/1
discarded,Automatic metric thresholds derivation for code smell detection,"Fontana, Francesca Arcelli; Ferme, Vincenzo; Zanoni, Marco; Yamashita, Aiko",2015,PROCEEDINGS SIXTH INTERNATIONAL WORKSHOP ON EMERGING TRENDS IN SOFTWARE METRICS WETSOM 2015,10.1109/WETSoM.2015.14,https://www.webofscience.com/wos/woscc/full-record/WOS:000380446000007,adjacent-subtopic,"Code smells are archetypes of design shortcomings in the code that can potentially cause problems during maintenance. One known approach for detecting code smells is via detection rules: a combination of different object-oriented metrics with pre-defined threshold values. The usage of inadequate thresholds when using this approach could lead to either having too few observations (too many false negatives) or too many observations (too many false positives). Furthermore, without a clear methodology for deriving thresholds, one is left with those suggested in literature (or by the tool vendors), which may not necessarily be suitable to the context of analysis. In this paper, we propose a data-driven (i.e., benchmark-based) method to derive threshold values for code metrics, which can be used for implementing detection rules for code smells. Our method is transparent, repeatable and enables the extraction of thresholds that respect the statistical properties of the metric in question (such as scale and distribution). Thus, our approach enables the calibration of code smell detection rules by selecting relevant systems as benchmark data. To illustrate our approach, we generated a benchmark dataset based on 74 systems of the Qualitas Corpus, and extracted the thresholds for five smell detection rules.",wos,llm,0.980,unreviewed,,doi:10.1109/wetsom.2015.14
