status,title,authors,year,venue,doi,url,tags,abstract,provider,decision_source,llm_confidence,llm_review_outcome,llm_change_direction,paper_id
discarded,A Configurable Trait-Based API Framework for Enhancing Large Language Model Output,Anshul Kumar; Saurabh Nandwani; Shiv Kumar Yadav; David Alfred Ostrowski,2025,2025 Conference on AI x Software Engineering (AIxSE),10.1109/AIxSE64906.2025.00020,https://ieeexplore.ieee.org/document/11486318/,adjacent-subtopic,"Large Language Models (LLMs) show remarkable capabilities in writing, coding, analyzing, and data analysis yet existing API frameworks provide insufficient control over critical behavioral dimensions such as empathy, humor, ethical reasoning, privacy sensitivity, and security awareness. This limitation forces developers to implement ad-hoc solutions to provide additional context to the LLMs across these dimensions. We present a novel Trait-Based API Framework that enables structured, versioned control over these non-tangible traits through externally defined profiles. Our approach leverages weighted trait embeddings and contextual multipliers to modify LLM behavior systematically. Empirical evaluation across industry specific use cases in education, healthcare, legal, and marketing domains showcases substantial improvements in output alignment, with trait-specific enhancements ranging from 18.3% to 52.5%. The framework’s modular architecture ensures scalability while maintaining domain-specific customization capabilities.",ieee,llm,0.980,unreviewed,,doi:10.1109/aixse64906.2025.00020
discarded,Measurable Concepts for the Usability of Software Components,Thomas Scheller; Eva Kuhn,2011,2011 37th EUROMICRO Conference on Software Engineering and Advanced Applications,10.1109/SEAA.2011.28,https://ieeexplore.ieee.org/document/6068335/,adjacent-subtopic,"While usability has proven to be an important software quality attribute, its application to APIs is still rather uncommon. Available methods for measuring software usability show significant disadvantages when applied to APIs, like the need for test users and experienced evaluators. This makes it difficult to evaluate the usability of software components, as well as to compare different software components. An API usability measurement method is needed that is both machine-computable and objective. This paper takes a first step in the direction of such a measure by identifying measurable concepts for the usability of software components, and validating these concepts against existing studies and guidelines for usability and API design.",ieee,llm,0.910,unreviewed,,doi:10.1109/seaa.2011.28
discarded,A human-centric API for programming socially interactive robots,J. P. Diprose; B. Plimmer; B. A. MacDonald; J. G. Hosking,2014,2014 IEEE Symposium on Visual Languages and Human-Centric Computing (VL/HCC),10.1109/VLHCC.2014.6883033,https://ieeexplore.ieee.org/document/6883033/,adjacent-subtopic,"Whilst robots are increasingly being deployed as social agents, it is still difficult to program them to interact socially. This is because current programming tools either require programmers to work at a low level or lack features needed to create certain aspects of social interaction. High level, domain specific tools with features designed specifically to meet the requirements of social interaction have the potential to ease the creation of social applications. We present a domain specific application programming interface (API) that is designed to meet the requirements of social interaction. The Cognitive Dimensions Framework was used as a design tool during the design process and the API was validated by implementing an exemplar application. The evaluation of the API showed that programmers with no robotics knowledge were positively impressed by the notation and that its organization, domain specific interfaces and object oriented nature positively affected several Cognitive Dimensions.",ieee,llm,0.950,unreviewed,,doi:10.1109/vlhcc.2014.6883033
discarded,Ontology-specific API for a Curricula Management System,Adelina Tang; Jason Hoh,2013,2013 Second International Conference on E-Learning and E-Technologies in Education (ICEEE),10.1109/ICeLeTE.2013.6644391,https://ieeexplore.ieee.org/document/6644391/,adjacent-subtopic,"The ontology approach is used as the basis of a Computing Curricula Management System. Owing to the limitations of the Protégé platform, manipulation of ontological knowledge was found to be limited. A customized Application Programming Interface (API) is proposed to improve the knowledge manipulation and extraction capabilities of the system. However, the API can only operate effectively if the ontology is treated as an XML document. This paper discusses the API design and development. It then concludes with its contribution, limitation and future work.",ieee,llm,0.980,unreviewed,,doi:10.1109/icelete.2013.6644391
discarded,An Intelligent Self-Configuring Recommender System as a Service,Felipe Rebouças Ferreira Abreu; Joel Machado Pires; Frederico Araújo Durão,2026,IEEE Access,10.1109/ACCESS.2026.3707991,https://ieeexplore.ieee.org/document/11585804/,adjacent-subtopic,"Recommender systems (RS) typically require significant domain expertise and manual configuration, creating a substantial barrier for non-specialist developers. To address this, we propose a Recommender System-as-a-Service (RaaS) application programming interface (API) that enables intelligent self-configuration of underlying recommendation algorithms. Built on RESTful microservices, the system automatically selects and parameterizes collaborative filtering, content-based filtering, or hybrid strategies based on dataset characteristics and query context. We evaluate the system through two lenses: a performance analysis measuring response latency and resource consumption under varying data loads across local and cloud deployments, and a user study with 51 developers (N = 51) assessing API usability across varying levels of RS expertise. The API maintains response times below one second for datasets of up to 27,000 items in a typical cloud environment, though memory constraints arise on free-tier services for larger workloads. Developers using the proposed API completed recommendation integration tasks in less time than those using manual library-based implementations, and reported a mean usability score of 7.8/10. These results support the practical viability of self-configuring RaaS architectures as a means of lowering the barrier to adopting recommendation systems, with limited performance trade-offs.",ieee,llm,0.970,unreviewed,,doi:10.1109/access.2026.3707991
discarded,A Comparative Study Towards Designing a Hybrid Architecture of Microservices and LLM-based Multi-Agent Systems,Peyman Yazdanian; Yan Liu; Zheng Li,2025,2025 32nd Asia-Pacific Software Engineering Conference (APSEC),10.1109/APSEC66846.2025.00077,https://ieeexplore.ieee.org/document/11396570/,adjacent-subtopic,"LLM-based Multi-Agent Systems (LLM-MAS) present an emerging paradigm for constructing intelligent and adaptive applications that enable autonomous reasoning and collaborative problem-solving. Empirical studies show that current LLM-MAS still suffers from overlapping agent roles, unclear capabilities, and goal misalignment. In contrast, Microservice Systems (MS) are designed with modularity, and each service encapsulates a well-defined context and interface with structured and deterministic execution. From the system architecture principles, these paradigms demonstrate parallel attributes and complementary strengths that lead to a synthesized hybrid architecture. In this paper, we analyze the design factors of hybrid MS and LLM-MAS, as well as the main challenges, through a comparative study across eight architectural dimensions, including function encapsulation, orchestration, API design, auto-correction, data communication, operations, quality attributes, and environment awareness. The analysis reveals critical mismatches, design synergies, and transferable best practices. To motivate future work, we define four research questions to categorize the challenges. The goal is to create a converging design space for exploring architecture design towards intelligent, autonomous, modular, and adaptive systems.",ieee,llm,0.980,unreviewed,,doi:10.1109/apsec66846.2025.00077
discarded,Temporal analysis of API usage concepts,Gias Uddin; Barthélémy Dagenais; Martin P. Robillard,2012,2012 34th International Conference on Software Engineering (ICSE),10.1109/ICSE.2012.6227138,https://ieeexplore.ieee.org/document/6227138/,adjacent-subtopic,"Software reuse through Application Programming Interfaces (APIs) is an integral part of software development. The functionality offered by an API is not always accessed uniformly throughout the lifetime of a client program. We propose Temporal API Usage Pattern Mining to detect API usage patterns in terms of their time of introduction into client programs. We detect concepts as distinct groups of API functionality from the change history of a client program. We locate those concepts in the client change history and detect temporal usage patterns, where a pattern contains a set of concepts that were added into the client program in a specific temporal order. We investigated the properties of temporal API usage patterns through a multiple-case study of three APIs and their use in up to 19 client software projects. Our technique was able to detect a number of valuable patterns in two out of three of the APIs investigated. Further investigation showed some patterns to be relatively consistent between clients, produced by multiple developers, and not trivially derivable from program structure or API documentation.",ieee,llm,0.990,unreviewed,,doi:10.1109/icse.2012.6227138
discarded,"Microservice APIs: Using Python, Flask, FastAPI, OpenAPI and more",Jose Haro,2022,"Microservice APIs: Using Python, Flask, FastAPI, OpenAPI and more",,https://ieeexplore.ieee.org/document/10280595/,adjacent-subtopic,"Strategies, best practices, and patterns that will help you design resilient microservices architecture and streamline your API integrations. In Microservice APIs, you’ll discover:  Service decomposition strategies for microservices Documentation-driven development for APIs Best practices for designing REST and GraphQL APIs Documenting REST APIs with the OpenAPI specification (formerly Swagger) Documenting GraphQL APIs using the Schema Definition Language Building microservices APIs with Flask, FastAPI, Ariadne, and other frameworks Service implementation patterns for loosely coupled services Property-based testing to validate your APIs, and using automated API testing frameworks like schemathesis and Dredd Adding authentication and authorization to your microservice APIs using OAuth and OpenID Connect (OIDC) Deploying and operating microservices in AWS with Docker and Kubernetes  Microservice APIs teaches you practical techniques for designing robust microservices with APIs that are easy to understand, consume, and maintain. You’ll benefit from author José Haro Peralta’s years of experience experimenting with microservices architecture, dodging pitfalls and learning from mistakes he’s made. Inside you’ll find strategies for delivering successful API integrations, implementing services with clear boundaries, managing cloud deployments, and handling microservices security. Written in a framework-agnostic manner, its universal principles can easily be applied to your favorite stack and toolset.",ieee,llm,0.970,unreviewed,,hash:bec1043911a3209f
discarded,Automating API Delivery: APIOps with OpenAPI,Ikenna Nwaiwu,2024,Automating API Delivery: APIOps with OpenAPI,,https://ieeexplore.ieee.org/document/10745364/,adjacent-subtopic,"Improve speed, quality, AND cost by automating your API delivery process! Automating API Delivery shows you how to strike the perfect balance between speed and usability by applying DevOps automation principles to your API design and delivery process. It lays out a clear path to making both the organizational and technical changes you need to deliver high-quality APIs both rapidly and reliably. In Automating API Delivery you’ll learn how to:  Enforce API design standards with linting Automate breaking-change checks to control design creep Ensure accuracy of API reference documents Centralize API definition consistency checks Automate API configuration deployment Conduct effective API design reviews  Author Ikenna Nwaiwu provides comprehensive guidance on implementing APIOps in your organization. He carefully walks through the technical steps and introduces the essential open-source tools, with practical advice and insights from his years of experience. You’ll benefit from his personal tips for avoiding common pitfalls and challenges of moving to automated API delivery.",ieee,llm,0.980,unreviewed,,hash:f1ec4e37cd939c79
discarded,Mastering RESTful Web Services with Java: Practical guide for building secure and scalable production-ready REST APIs,Marián Varga; Pedro Henrique Pereira de Andrade; Silvio de Morais; Thiago Bomfim; Igor Avancini Fraga,2025,Mastering RESTful Web Services with Java: Practical guide for building secure and scalable production-ready REST APIs,,https://ieeexplore.ieee.org/document/11106405/,adjacent-subtopic,"Learn RESTful API design with Java, covering everything from fundamental design principles to advanced techniques for authentication, versioning, error handling, security, testing, performance, and moreKey FeaturesDiscover essential architectural principles for building robust and adaptable REST APIsGain practical insights into tuning performance and securing endpoints through real-world case studiesApply API design concepts to build fully functional services using popular frameworks like Spring BootPurchase of the print or Kindle book includes a free PDF eBookBook DescriptionREST powers the modern web, yet developers grapple with architectural missteps that lead to poorly designed REST endpoints, inadequate error handling, security vulnerabilities, and maintenance headaches. Written by five software engineering and Java experts, Mastering RESTful Web Services with Java helps you overcome these pitfalls with a deep, practical understanding of REST architecture, HTTP protocols, and modern API design principles. This hands-on guide introduces foundational concepts based on Roy Fielding’s principles and the Richardson Maturity Model and shows you how to apply them in your API development projects. You’ll build a Product API from scratch, progressively enhancing it with documentation, versioning, and security features, and then advance to creating an Order Management API that interacts with the Product API, while implementing advanced testing and performance optimization techniques. Each chapter delivers step-by-step explanations and practical examples, ensuring you develop production-ready skills that translate directly to your daily work. By the end of the book, you’ll be ready to deliver production-grade RESTful services and become the API expert your team turns to for critical application development projects.What you will learnDesign clean, modular REST APIs that support real-world business workflowsImplement secure authentication and authorization flows using modern identity standardsDeploy your application to the cloud with strategies that ensure reliability, elasticity, and cost-efficiencyUse the OpenAPI specification to define precise contracts and promote consumer-driven API developmentLeverage Java records and virtual threads to write concise, scalable, and concurrent service logicApply structured testing techniques to validate behavior, resilience, and security across your API layersWho this book is forThis book is for mid-to-senior level backend Java developers looking to improve the quality and performance of their REST APIs. Whether you’re optimizing existing APIs or launching a greenfield project, the ideas shared here will enhance your development practice. Additionally, tech leads and architects looking to sharpen their API design skills and master advanced Java API development techniques will find this book useful.",ieee,llm,0.990,unreviewed,,hash:8833280afb05cd8c
discarded,"Modern API Development with Spring and Spring Boot: Design highly scalable and maintainable APIs with REST, gRPC, GraphQL, and the reactive paradigm",Sourabh Sharma,2021,"Modern API Development with Spring and Spring Boot: Design highly scalable and maintainable APIs with REST, gRPC, GraphQL, and the reactive paradigm",,https://ieeexplore.ieee.org/document/10163159/,adjacent-subtopic,"A developer's guide to designing, testing, and securing production-ready modern APIs with the help of practical ideas to improve your application’s functionalityKey FeaturesBuild resilient software for your enterprises and customers by understanding the complete API development life cycleOvercome the challenges of traditional API design by adapting to a new and evolving culture of modern API developmentUse Spring and Spring Boot to develop future-proof scalable APIsBook DescriptionThe philosophy of API development has evolved over the years to serve the modern needs of enterprise architecture, and developers need to know how to adapt to these modern API design principles. Apps are now developed with APIs that enable ease of integration for the cloud environment and distributed systems. With this Spring book, you'll discover various kinds of production-ready API implementation using REST APIs and explore async using the reactive paradigm, gRPC, and GraphQL. You'll learn how to design evolving REST-based APIs supported by HATEOAS and ETAGs and develop reactive, async, non-blocking APIs. After that, you'll see how to secure REST APIs using Spring Security and find out how the APIs that you develop are consumed by the app's UI. The book then takes you through the process of testing, deploying, logging, and monitoring your APIs. You'll also explore API development using gRPC and GraphQL and design modern scalable architecture with microservices. The book helps you gain practical knowledge of modern API implementation using a sample e-commerce app. By the end of this Spring book, you'll be able to develop, test, and deploy highly scalable, maintainable, and developer-friendly APIs to help your customers to transform their business.What you will learnUnderstand RESTful API development, its design paradigm, and its best practicesBecome well versed in Spring's core components for implementing RESTful web servicesImplement reactive APIs and explore async API developmentApply Spring Security for authentication using JWT and authorization of requestsDevelop a React-based UI to consume APIsImplement gRPC inter-service communicationDesign GraphQL-based APIs by understanding workflows and toolingGain insights into how you can secure, test, monitor, and deploy your APIsWho this book is forThis book is for inexperienced Java programmers, comp science, or coding boot camp graduates who have knowledge of basic programming constructs, data structures, and algorithms in Java but lack the practical web development skills necessary to start working as a developer. Professionals who've recently joined a startup or a company and are tasked with creating real-world web APIs and services will also find this book helpful. This book is also a good resource for Java developers who are looking for a career move into web development to get started with the basics of web service development.",ieee,llm,0.990,unreviewed,,hash:3a2f89b064e7e5bd
discarded,Implementing a Flexible IIoT Service Framework with Microservices: A Case Study of Machine Tools,Wen-Ching Chen; Bo-Yu Ji; Hung-Hsiang Chen; Guan-Bo Wang; Chin-Kuei Li,2024,"2024 IEEE 4th International Conference on Electronic Communications, Internet of Things and Big Data (ICEIB)",10.1109/ICEIB61477.2024.10602702,https://ieeexplore.ieee.org/document/10602702/,adjacent-subtopic,"With the continuous attention given to “smart manufacturing” and “smart factories,” the importance of equipment networking and data collection has been increasing. One key issue is the standardization of equipment networking. Currently, Modbus and OPC/UA are important communication protocols in machine networking. However, software engineers who mainly focus on developing user interfaces and business logic are not proficient in dealing with communication protocols. Therefore, it becomes crucial to enable IT application software engineers to easily interface with various OPC/UA and Modbus machines. Due to the requirements of integration and application of various PLC devices in the machine tool industry, we designed an efficient and flexible IIoT Gateway framework. With the assistance of the IIoT Gateway, IT application engineers developing the ERP/MES systems can easily exchange data (with read and write operations) with various PLC machines. Additionally, to meet the requirements of high performance, the system's functional modules have been designed using multi-threading, asynchronous, and non-blocking techniques. To achieve flexibility in functionality expansion, deployment, high reusing, and low coupling of modules, the Spring Cloud framework has been used to implement microservices and API design for the functional modules. In the future, various system data exchanging and visualization can be facilitated through technologies such as Micrometer/Prometheus, MQTT/Node-RED, and others for convenient logging and tracking.",ieee,llm,0.980,unreviewed,,doi:10.1109/iceib61477.2024.10602702
