status,title,authors,year,venue,doi,url,tags,abstract,provider,decision_source,llm_confidence,llm_review_outcome,llm_change_direction,paper_id
discarded,SoTRAACE - Socio-technical risk-adaptable access control model,P. Moura,2017,Proceedings International Carnahan Conference on Security Technology,10.1109/CCST.2017.8167835,https://www.scopus.com/inward/record.uri?partnerID=HzOxMe3b&scp=85042316589&origin=inward,adjacent-subtopic,"Within the necessary security requirements, access control measures are essential to provide adequate means to protect data from unauthorized accesses. However, current and traditional solutions are commonly based on predefined access policies and roles and are therefore inflexible by assuming uniform access control decisions through people's different type of devices, environments and situational conditions, and across enterprises, location and time. We live in an age of the mobile paradigm of anytime/anywhere access as the smartphone is the most ubiquitous device that people now hold. In this new age, access control models need to determine adaptable access decisions based on multiple factors aggregated at the moment of request and not just perform a predefined comparison of attributes. This paper presents a new access control model: SoTRAACE — Socio-Technical Risk-Adaptable Access Control Model. This model aggregates attributes from various domains to help performing a risk assessment that is balanced against the operational needs at the moment of each request, so to provide the most accurate and secure access decision. As a proof of concept, SoTRAACE is used to model and compare two different use case scenarios in the healthcare sector.",scopus,llm,1.000,unreviewed,,doi:10.1109/ccst.2017.8167835
discarded,Adopting multi-mode access control for secure data sharing in cloud,C. Li,2015,Lecture Notes in Computer Science Including Subseries Lecture Notes in Artificial Intelligence and Lecture Notes in Bioinformatics,10.1007/978-3-319-27137-8_39,https://www.scopus.com/inward/record.uri?partnerID=HzOxMe3b&scp=84951916188&origin=inward,adjacent-subtopic,,scopus,llm,0.990,unreviewed,,doi:10.1007/978-3-319-27137-8_39
discarded,Confocal Raman microscopy for investigating synthesis and characterization of individual optically trapped vinyl-polymerized surfactant particles,J.J. Schaefer,2014,Applied Spectroscopy,10.1366/13-07337,https://www.scopus.com/inward/record.uri?partnerID=HzOxMe3b&scp=84928402544&origin=inward,off-topic-false-hit,"Small polymeric particles are increasingly employed as adsorbent materials, as molecular carriers, as delivery vehicles, and in preconcentration applications. The rational development of these materials requires in situ methods of analysis to characterize their synthesis, structure, and applications. Optical-trapping confocal Raman microscopy is a spectroscopic method capable of acquiring information at several stages of the development of such dispersed particulate materials. In the present study, an example material is developed and tested using confocal Raman microscopy for characterization at each stage of the process. Specifically, the method is used to investigate the synthesis, structure, and applications of individual polymeric surfactant particles produced by the vinyl polymerization of sodium 11-acrylamidoundecanoate (SAAU). The kinetics of polymerization can be monitored over time by measuring the loss of the acrylamide C=C functional groups using confocal Raman microscopy of particles optically trapped by the excitation laser, where, within the limits of detecting the vinyl functional group, the complete polymerization of the SAAU monomer was achieved. The polymerized SAAU particles are spherical, and they exhibit uniform access to water throughout their structure, as tested by the penetration of heavy water (D2O) and collection of spatially resolved Raman spectra from the interior of the particle. These porous particles contain hydrophobic domains that can be used to accumulate molecules for adsorption or carrier applications. This property was tested by using confocal Raman microscopy to measure the accumulation equilibria and kinetics of a model compound, dioxybenzone. The partitioning of this compound into the polymer surfactant could be determined on a quantitative basis using relative scattering cross sections of the SAAU monomer and the adsorbate. The study points out the utility of optical-trapping confocal Raman microscopy for investigating the synthesis, structure, and potential carrier applications of polymeric particle materials.",scopus,llm,1.000,unreviewed,,doi:10.1366/13-07337
discarded,Dynamic privacy policy management in services-based interactions,N. Ammar,2014,Lecture Notes in Computer Science Including Subseries Lecture Notes in Artificial Intelligence and Lecture Notes in Bioinformatics,10.1007/978-3-319-10085-2_23,https://www.scopus.com/inward/record.uri?partnerID=HzOxMe3b&scp=84958527316&origin=inward,adjacent-subtopic,,scopus,llm,0.980,unreviewed,,doi:10.1007/978-3-319-10085-2_23
discarded,"2013 International Conference of Information Science and Management Engineering, ISME 2013, Volume 2",,2014,Wit Transactions on Information and Communication Technologies,,https://www.scopus.com/inward/record.uri?partnerID=HzOxMe3b&scp=84888123352&origin=inward,adjacent-subtopic,,scopus,llm,0.930,unreviewed,,hash:24e7b29a22d82d39
discarded,"2013 International Conference of Information Science and Management Engineering, ISME 2013, Volume 3",,2014,Wit Transactions on Information and Communication Technologies,,https://www.scopus.com/inward/record.uri?partnerID=HzOxMe3b&scp=84888106429&origin=inward,adjacent-subtopic,,scopus,llm,0.930,unreviewed,,hash:5a5b786e7567cfe1
discarded,BioPortal as a Dataset of Linked Biomedical Ontologies and Terminologies in RDF,M. Salvadores,2013,Semantic Web,10.3233/SW-2012-0086,https://www.scopus.com/inward/record.uri?partnerID=HzOxMe3b&scp=84889563007&origin=inward,adjacent-subtopic,"BioPortal is a repository of biomedical ontologies—the largest such repository, with more than 300 ontologies to date. This set includes ontologies that were developed in OWL, OBO and other formats, as well as a large number of medical terminologies that the US National Library of Medicine distributes in its own proprietary format. We have published the RDF version of all these ontologies at http://sparql.bioontology.org. This dataset contains 190M triples, representing both metadata and content for the 300 ontologies. We use the metadata that the ontology authors provide and simple RDFS reasoning in order to provide dataset users with uniform access to key properties of the ontologies, such as lexical properties for the class names and provenance data. The dataset also contains 9.8M cross-ontology mappings of different types, generated both manually and automatically, which come with their own metadata.",scopus,llm,0.990,unreviewed,,doi:10.3233/sw-2012-0086
discarded,An uncertain data integration system,N. Ayat,2012,Lecture Notes in Computer Science Including Subseries Lecture Notes in Artificial Intelligence and Lecture Notes in Bioinformatics,10.1007/978-3-642-33615-7_26,https://www.scopus.com/inward/record.uri?partnerID=HzOxMe3b&scp=84872819987&origin=inward,adjacent-subtopic,,scopus,llm,0.970,unreviewed,,doi:10.1007/978-3-642-33615-7_26
discarded,PSA-NUCA: A pressure self-adapting dynamic non-uniform cache architecture,A. Huang,2012,Proceedings 2012 IEEE 7th International Conference on Networking Architecture and Storage Nas 2012,10.1109/NAS.2012.27,https://www.scopus.com/inward/record.uri?partnerID=HzOxMe3b&scp=84868089157&origin=inward,adjacent-subtopic,"The constantly widening processor-memory speed gap substantially exacerbates the dependence of program performance on the on-chip memory hierarchy design and data management in chip multiprocessors. However, traditional data management mechanisms take neither the characteristic of asymmetric distribution of on-chip memory accesses nor the property of non-uniform access latency into consideration in large distributed cache. It is difficult to make an intelligent trade-off between the hit rate and the hit latency, which has an important impact on the memory efficiency. To tackle this problem, this paper presents a novel pressure self-adapting dynamic non-uniform cache architecture (PSA-NUCA). By integrating the replica and activity aware pseudo-LRU replacement policy (RAA-LRU), the enhanced first-touch mapping policy based on selective victim retention (FT-SVR), and the pressure aware adaptive replication policy (PA-ARP) into a unified intelligent data management framework, PSA-NUCA alleviates the contradiction between the miss rate and hit latency effectively with concern for both the characteristic of asymmetric distribution of memory access and the property of non-uniform access latency. Simulation results using a full system simulator demonstrate that PSA-NUCA outperforms the baseline shared non-uniform cache architecture by an average of 7.78% for the multi-thread benchmark programs we examined, while the hardware overhead is negligible.",scopus,llm,1.000,unreviewed,,doi:10.1109/nas.2012.27
discarded,Interface integration of Deep Web based on ontology,Y. Wang,2012,Jisuanji Yanjiu Yu Fazhan Computer Research and Development,,https://www.scopus.com/inward/record.uri?partnerID=HzOxMe3b&scp=84871109089&origin=inward,adjacent-subtopic,,scopus,llm,0.980,unreviewed,,hash:cf5c9ad0b2a2bddd
discarded,An ontology-based approach to integrate deep web query interfaces,Y. Wang,2012,Advanced Science Letters,10.1166/asl.2012.2064,https://www.scopus.com/inward/record.uri?partnerID=HzOxMe3b&scp=84864209719&origin=inward,adjacent-subtopic,,scopus,llm,0.980,unreviewed,,doi:10.1166/asl.2012.2064
discarded,SVOPME: A scalable virtual organization privileges management environment,G. Garzoglio,2010,Managed Grids and Cloud Systems in the Asia Pacific Research Community,10.1007/978-1-4419-6469-4_15,https://www.scopus.com/inward/record.uri?partnerID=HzOxMe3b&scp=84892802792&origin=inward,adjacent-subtopic,"Grids enable uniform access to resources by implementing standard interfaces to resource gateways. In the Open Science Grid (OSG), privileges are granted on the basis of the user's membership to a Virtual Organization (VO). However, Grid sites are solely responsible to determine and control access privileges to resources using users' identity and personal attributes, which are available through Grid credentials. While this guarantees full control on access rights to the sites, it makes VO privileges heterogeneous throughout the Grid and hardly fits with the Grid paradigm of uniform access to resources. To address these challenges, we are developing the Scalable Virtual Organization Privileges Management Environment (SVOPME), which provides tools for VOs to define, publish, and verify desired privileges and assists sites to provide the appropriate access policies. Moreover, SVOPME provides tools for grid site to analyze site access policies for various resources, verify compliance with preferred VO policies, and generate directives for site administrators on how the local access policies can be amended to achieve such compliance without taking control of local configurations away from site administrators. This paper discusses what access policies are of interest to the OSG community and how SVOPME implements privilege management tools for the OSG.",scopus,llm,1.000,unreviewed,,doi:10.1007/978-1-4419-6469-4_15
discarded,SVOPME: A scalable virtual organization privileges management environment,G. Garzoglio,2010,Journal of Physics Conference Series,10.1088/1742-6596/219/6/062013,https://www.scopus.com/inward/record.uri?partnerID=HzOxMe3b&scp=77955384222&origin=inward,adjacent-subtopic,"Grids enable uniform access to resources by implementing standard interfaces to resource gateways. In the Open Science Grid (OSG), privileges are granted on the basis of the user's membership to a Virtual Organization (VO). However, Grid sites are solely responsible to determine and control access privileges to resources using users' identity and personal attributes, which are available through Grid credentials. While this guarantees full control on access rights to the sites, it makes VO privileges heterogeneous throughout the Grid and hardly fits with the Grid paradigm of uniform access to resources. To address these challenges, we are developing the Scalable Virtual Organization Privileges Management Environment (SVOPME), which provides tools for VOs to define and publish desired privileges and assists sites to provide the appropriate access policies. Moreover, SVOPME provides tools for Grid sites to analyze site access policies for various resources, verify compliance with preferred VO policies, and generate directives for site administrators on how the local access policies can be amended to achieve such compliance without taking control of local configurations away from site administrators. This paper discusses what access policies are of interest to the OSG community and how SVOPME implements privilege management for OSG.",scopus,llm,1.000,unreviewed,,doi:10.1088/1742-6596/219/6/062013
discarded,Fast and efficient searching of biological data resources-using EB-eye,F. Valentin,2010,Briefings in Bioinformatics,10.1093/bib/bbp065,https://www.scopus.com/inward/record.uri?partnerID=HzOxMe3b&scp=77954245304&origin=inward,adjacent-subtopic,"The EB-eye is a fast and efficient search engine that provides easy and uniform access to the biological data resources hosted at the EMBL-EBI. Currently, users can access information from more than 62 distinct datasets covering some 400 million entries. The data resources represented in the EB-eye include: nucleotide and protein sequences at both the genomic and proteomic levels, structures ranging from chemicals to macro-molecular complexes, gene-expression experiments, binary level molecular interactions as well as reaction maps and pathway models, functional classifications, biological ontologies, and comprehensive literature libraries covering the biomedical sciences and related intellectual property. The EB-eye can be accessed over the web or programmatically using a SOAP Web Services interface. This allows its search and retrieval capabilities to be exploited in workflows and analytical pipe-lines. The EB-eye is a novel alternative to existing biological search and retrieval engines. In this article we describe in detail how to exploit its powerful capabilities.",scopus,llm,0.990,unreviewed,,doi:10.1093/bib/bbp065
discarded,"Advances in cheminformatics methodologies and infrastructure to support the data mining of large, heterogeneous chemical datasets",R. Guha,2010,Current Computer Aided Drug Design,10.2174/157340910790980115,https://www.scopus.com/inward/record.uri?partnerID=HzOxMe3b&scp=77950533058&origin=inward,adjacent-subtopic,"In recent years, there has been an explosion in the availability of publicly accessible chemical information, including chemical structures of small molecules, structure-derived properties and associated biological activities in a variety of assays. These data sources present us with a significant opportunity to develop and apply computational tools to extract and understand the underlying structure-activity relationships. Furthermore, by integrating chemical data sources with biological information (protein structure, gene expression and so on), we can attempt to build up a holistic view of the effects of small molecules in biological systems. Equally important is the ability for non-experts to access and utilize state of the art cheminformatics method and models. In this review we present recent developments in cheminformatics methodologies and infrastructure that provide a robust, distributed approach to mining large and complex chemical datasets. In the area of methodology development, we highlight recent work on characterizing structure-activity landscapes, Quantitative Structure Activity Relationship (QSAR) model domain applicability and the use of chemical similarity in text mining. In the area of infrastructure, we discuss a distributed web services framework that allows easy deployment and uniform access to computational (statistics, cheminformatics and computational chemistry) methods, data and models. We also discuss the development of PubChem derived databases and highlight techniques that allow us to scale the infrastructure to extremely large compound collections, by use of distributed processing on Grids. Given that the above work is applicable to arbitrary types of cheminformatics problems, we also present some case studies related to virtual screening for anti-malarials and predictions of anti-cancer activity.",scopus,llm,0.980,unreviewed,,doi:10.2174/157340910790980115
discarded,Automatic integration of deep web query interfaces based on ontology,Y. Wang,2009,Iccit 2009 4th International Conference on Computer Sciences and Convergence Information Technology,10.1109/ICCIT.2009.108,https://www.scopus.com/inward/record.uri?partnerID=HzOxMe3b&scp=77749252649&origin=inward,adjacent-subtopic,"Query interface is used to formulate queries to receive needed data from web databases in deep web. In order to access domain-specific databases, the most important step is to construct an integration interface that allows uniform access to disparate relevant sources. Therefore, this paper proposes a novel method of integrating query interfaces based on ontology in deep web. Firstly, make full use of the complex relationships which are provided by ontology, and find the semantic relationships between attributes. Then, record the matching relationships and matching frequencies into a mapping table to reserve the structure and the order of attributes. Lastly, extract these concepts from ontology as integration interface attributes which are matched with corresponding attribute labels from local interfaces, and descend order in accordance with the matching frequencies to get an integration interface. Experiment result shows that this method has dramatically improved the matching precision of query interfaces.",scopus,llm,0.990,unreviewed,,doi:10.1109/iccit.2009.108
discarded,Property models from incidental algorithms to reusable components,J. Järvi,2008,Gpce 08 Proceedings of the ACM SIGPLAN 7th International Conference on Generative Programming and Component Engineering,10.1145/1449913.1449927,https://www.scopus.com/inward/record.uri?partnerID=HzOxMe3b&scp=63449083950&origin=inward,adjacent-subtopic,"A user interface, such as a dialog, assists a user in synthesising a set of values, typically parameters for a command object. Code for ""command parameter synthesis"" is usually application-specific and non-reusable, consisting of validation logic in event handlers and code that controls how values of user interface elements change in response to a user's actions, etc. These software artifacts are incidental - they are not explicitly designed and their implementation emerges from a composition of locally defined behaviors.",scopus,llm,0.940,unreviewed,,doi:10.1145/1449913.1449927
discarded,Short-term non-uniform access in IEEE 802.11-compliant WLANs: A study on its impact on the saturation performance,C. Hu,2008,Computer Networks,10.1016/j.comnet.2007.09.013,https://www.scopus.com/inward/record.uri?partnerID=HzOxMe3b&scp=36049010105&origin=inward,adjacent-subtopic,"Along with the success of IEEE 802.11-compliant WLANs, the distributed coordinated function (DCF) specified as the contention-based medium access mechanism in IEEE 802.11 has been widely used to support applications in new regimes. A thorough understanding of the characteristics of IEEE 802.11 DCF is therefore a research focus. DCF assumes the binary exponential backoff algorithm (BEBA) [D. Bertsekas, R. Gallager, Data Networks, Prentice Hall, 1992]. Several existing models that characterize BEBA as a p-persistent scheme have ignored several subtle protocol details. This has practically constrained the models from being applied in a broader range of configurations, e.g., small contention window, and from being further extended, e.g., 802.11e EDCA. In this paper, we develop an analytical model that captures the subtlety, and faithfully describes the channel activities as governed by DCF. Based on the devised model, we perform a rigorous analysis on the saturation throughput performance in a single-hop WLAN. We show that the stochastic property of the backoff time, r, may substantially impact the system performance. For example, setting the range of r to [1, CW] instead of [0, CW-1], can degrade the system throughput considerably. We also identify, by clearly defining and thus being able to differentiate the two terms, attempt probability and transmission probability, an erroneous extension made to Bianchi's model [G. Bianchi, Performance analysis of the IEEE 802.11 distributed coordination function, IEEE JSAC, 18(3) (2000) 535-547]. All the findings are corroborated by ns-2 simulation. (C) 2007 Elsevier B.V. All rights reserved.",scopus,llm,1.000,unreviewed,,doi:10.1016/j.comnet.2007.09.013
discarded,Service oriented grid architecture for geosciences community,R. Fraser,2007,Conferences in Research and Practice in Information Technology Series,,https://www.scopus.com/inward/record.uri?partnerID=HzOxMe3b&scp=84871230161&origin=inward,adjacent-subtopic,,scopus,llm,0.970,unreviewed,,hash:629a0709f4a912ee
discarded,Using qualitative information in query processing over multiresolution maps,P. Podestà,2007,Spatial Data on the Web Modeling and Management,10.1007/978-3-540-69878-4_8,https://www.scopus.com/inward/record.uri?partnerID=HzOxMe3b&scp=84855851762&origin=inward,adjacent-subtopic,,scopus,llm,0.970,unreviewed,,doi:10.1007/978-3-540-69878-4_8
