status,title,authors,year,venue,doi,url,tags,abstract,provider,decision_source,llm_confidence,llm_review_outcome,llm_change_direction,paper_id
discarded,Predicting an Optimal Virtual Data Model for Uniform Access to Large Heterogeneous Data,C.B. Bachir Belmehdi,2024,Data Intelligence,10.1162/dint_a_00216,https://www.scopus.com/inward/record.uri?partnerID=HzOxMe3b&scp=85199876535&origin=inward,adjacent-subtopic,"ABSTRACT The growth of generated data in the industry requires new efficient big data integration approaches for uniform data access by end-users to perform better business operations. Data virtualization systems, including Ontology-Based Data Access (ODBA) query data on-the-fly against the original data sources without any prior data materialization. Existing approaches by design use a fixed model e.g., TABULAR as the only Virtual Data Model — a uniform schema built on-the-fly to load, transform, and join relevant data. While other data models, such as GRAPH or DOCUMENT, are more flexible and, thus, can be more suitable for some common types of queries, such as join or nested queries. Those queries are hard to predict because they depend on many criteria, such as query plan, data model, data size, and operations. To address the problem of selecting the optimal virtual data model for queries on large datasets, we present a new approach that (1) builds on the principal of OBDA to query and join large heterogeneous data in a distributed manner and (2) calls a deep learning method to predict the optimal virtual data model using features extracted from SPARQL queries. OPTIMA — implementation of our approach currently leverages state-of-the-art Big Data technologies, Apache-Spark and Graphx, and implements two virtual data models, GRAPH and TABULAR, and supports out-of-the-box five data sources models: property graph, document-based, e.g., wide-columnar, relational, and tabular, stored in Neo4j, MongoDB, Cassandra, MySQL, and CSV respectively. Extensive experiments show that our approach is returning the optimal virtual model with an accuracy of 0.831, thus, a reduction in query execution time of over 40% for the tabular model selection and over 30% for the graph model selection.",scopus,llm,0.990,unreviewed,,doi:10.1162/dint_a_00216
discarded,Fracture-matrix fluid exchange in oil-bearing unconventional mudstones,J. Moore,2023,Scientific Reports,10.1038/s41598-023-48688-z,https://www.scopus.com/inward/record.uri?partnerID=HzOxMe3b&scp=85178931118&origin=inward,off-topic-false-hit,"The poromechanical properties of unconventional reservoir materials are in large part dictated by their mineralogy. Since these properties govern the response to stress experienced during hydraulic fracturing, fluid production, and fluid injection, they play a central role in the formation of microcracks or bedding delaminations which ultimately dominate mass transport. In this work we study access to the porosity of end member unconventional reservoir materials, where the end members are predominantly dictated by carbonate content. Access to the porosity is quantified using state of the art 3D x-ray computed tomography coupled with physics informed data analytics. Xenon gas, which attenuates x-rays, provides a spatiotemporal map of access to the porosity. The accessible porosity is quantified over a range of net confining stress relevant to the manmade disturbances listed above. These experiments demonstrate that heavily carbonated mudstones are nearly impermeable at the core (~ cm) scale, while carbonate free analogues afford better access to the microstructure. Consistent with previous qualitative 2D radiographs, access to the interior of the clastic mudstones is first observed along planar microcracks, followed by slow penetration into the surrounding matrix. Physics informed data analytics of the 3D tomography measurements presented here show that these microcracks do not permit uniform access to the adjacent rock matrix. In addition, variation of the effective pressure elucidates the mechanisms that govern fracture/matrix fluid exchange. Under conditions consistent with hydrocarbon production fluid accumulates in the immediate vicinity of the nearest microcrack. While there is clear evidence that, as intended, part of this accumulation is from the more distant matrix, fluid is also squeezed out of the microcrack. The fluid build-up at the microcrack indicates that migration out of the rock is hindered by the coupled poroelastic response of the microcrack and adjacent rock matrix. We show that these mechanisms ultimately account for the meager oil recovery factors realized in practice. These insights have implications for making reservoir scale predictions based on core scale observations, and provide a basis for devising new asset development techniques to access more porosity, and enhance fluid extraction. Finally, these findings shed light on key features and mechanisms that govern shale storage capacity, with relevance to other important industrial processes, such as geologic CO_2 storage.",scopus,llm,1.000,unreviewed,,doi:10.1038/s41598-023-48688-z
discarded,BLACKSMITH: Scalable Rowhammering in the Frequency Domain,P. Jattke,2022,Proceedings IEEE Symposium on Security and Privacy,10.1109/SP46214.2022.9833772,https://www.scopus.com/inward/record.uri?partnerID=HzOxMe3b&scp=85135956363&origin=inward,adjacent-subtopic,"We present the new class of non-uniform Rowhammer access patterns that bypass undocumented, proprietary in-DRAM Target Row Refresh (TRR) while operating in a production setting. We show that these patterns trigger bit flips on all 40 DDR4 DRAM devices in our test pool. We make a key observation that all published Rowhammer access patterns always hammer “aggressor” rows uniformly. While uniform accesses maximize the number of aggressor activations, we find that in-DRAM TRR exploits this behavior to catch aggressor rows and refresh neighboring “victims” before they fail. There is no reason, however, to limit Rowhammer attacks to uniform access patterns: smaller technology nodes make underlying DRAM technologies more vulnerable, and significantly fewer accesses are nowadays required to trigger bit flips, making it interesting to investigate less predictable access patterns. The search space for non-uniform access patterns, however, is tremendous. We design experiments to explore this space with respect to the deployed mitigations, highlighting the importance of the order, regularity, and intensity of accessing aggressor rows in non-uniform access patterns. We show how randomizing parameters in the frequency domain captures these aspects and use this insight in the design of Blacksmith, a scalable Rowhammer fuzzer that generates access patterns that hammer aggressor rows with different phases, frequencies, and amplitudes. Blacksmith finds complex patterns that trigger Rowhammer bit flips on all 40 of our recently purchased DDR4 DIMMs, $2.6 \times$ more than state of the art, and generating on average $87 \times$ more bit flips. We also demonstrate the effectiveness of these patterns on Low Power DDR4X devices. Our extensive analysis using Blacksmith further provides new insights on the properties of currently deployed TRR mitigations. We conclude that after almost a decade of research and deployed in-DRAM mitigations, we are perhaps in a worse situation than when Rowhammer was first discovered.",scopus,llm,1.000,unreviewed,,doi:10.1109/sp46214.2022.9833772
discarded,Visualizing Fracture-Matrix Fluid Exchange in Unconventional Tight Mudstone,J.J. Valenza,2022,SPE AAPG Seg Unconventional Resources Technology Conference Urtc 2022,10.15530/urtec-2022-3733022,https://www.scopus.com/inward/record.uri?partnerID=HzOxMe3b&scp=85156159403&origin=inward,off-topic-false-hit,,scopus,llm,0.990,unreviewed,,doi:10.15530/urtec-2022-3733022
discarded,Temporal Abstractions-Augmented Temporally Contrastive Learning: An Alternative to the Laplacian in RL,A. Erraqabi,2022,Proceedings of the 38th Conference on Uncertainty in Artificial Intelligence Uai 2022,,https://www.scopus.com/inward/record.uri?partnerID=HzOxMe3b&scp=85141735396&origin=inward,adjacent-subtopic,,scopus,llm,0.970,unreviewed,,hash:ba480ff4c772b9ee
discarded,The effect of subsurface placement of mineral fertilizer on some soil properties under reduced tillage soybean cultivation,P. Kraska,2021,Agronomy,10.3390/agronomy11050859,https://www.scopus.com/inward/record.uri?partnerID=HzOxMe3b&scp=85106530109&origin=inward,off-topic-false-hit,"One of the adverse effects of no-tillage is the accumulation of nutrients (in particular P and K) in the top soil layer. The subsurface application of mineral fertilizers at a depth of 10–30 cm can reduce this phenomenon and at the same time provide a relatively uniform access to soil nutrients for plant roots. Such a method of mineral fertilizer application can additionally decrease the environmental risk associated with water eutrophication because the water runoff from fields, where the soil P content is high, is reduced. The aim of this research was to evaluate the effect of the subsurface application of different rates of a compound mineral fertilizer on the content of some macronutrients, soil organic carbon content (SOC), and soil pH in a field after the harvest of soybean grown under reduced tillage conditions. The field experiment was conducted during the growing seasons of 2014/2015–2016/2017 in the village of Rogów, Zamość County, Poland. It was set up as a split-plot design in four replicates. The first experimental factor included two methods of mineral fertilization application: fertilizer broadcast over the soil surface (S); fertilizer applied deep (subsurface placed) using a specially designed cultivator (Sub-S). The other factor was the rates of the mineral fertilizer (NPKS): 85 kg∙ha−1 (F85) and 170 kg∙ha−1 (F170). Over the successive years of the study, the SOC content was found to increase. However, neither the fertilization rate nor the method of fertilizer application caused any significant difference in organic carbon. Under subsurface fertilizer application conditions, a higher soil pH was found in treatment F85, however, when the fertilizer was surface-applied, the soil in treatment F170 had a higher pH value. During the three-year study period, the P and K content in the 0–30 cm soil layer was higher than in the 30–60 cm and 60–90 cm layers. In turn, the highest Mg content was determined in the 30–60 cm layer. In the case of both mineral fertilizer application methods, a higher P content was determined in the soil fertilized at a rate of 170 kg NPKS, compared with a rate of 85 kg∙ha−1. The surface application of the higher rate of mineral fertilization resulted in an increase in the soil K content. On the other hand, when the mineral fertilizer was subsurface-applied, a higher soil K was determined in the treatments with lower mineral fertilization.",scopus,llm,1.000,unreviewed,,doi:10.3390/agronomy11050859
discarded,"WebLens: Towards Web-scale Data Integration, Training the Models",R. Khan,2020,Proceedings 2020 IEEE International Conference on Big Data Big Data 2020,10.1109/BigData50022.2020.9377742,https://www.scopus.com/inward/record.uri?partnerID=HzOxMe3b&scp=85103830460&origin=inward,adjacent-subtopic,"Schema matching, historically, is a sub-area of Data Integration, responsible for matching relational or semi-structured schemas to facilitate further data integration process. In a standard schema matching scenario, with two schemas, a semi-supervised matching algorithm would generate pairwise table and attribute matches. Having a correct mapping between two schemas enables many data integration scenarios, such as schema integration, data translation, schema evolution, mediated/global schema, reverse-engineering, and others [18], [20], [23], [29], [30].For Web scale datasets with millions of tables from hundreds of thousands of sources, for example WEBTABLES [11], schema matching in its classical format becomes computationally infeasible due to its quadratic complexity in the number of schemas. We make a step forward, by noticing, that such brute-force matching is no longer feasible, and is also not needed at scale. Instead, a scalable solution would be to match only the semantically relevant tables, which are much less numerous.WebLens, a scalable data integration system, first, trains Deep Learning models to find and match semantically similar tables, then derives mediated schemas for these subsets to enable uniform access to all relevant data. In this paper, we focus on a high-level description of the entire process and give an example of query processing. For all experiments in the paper, we use a large-scale structured dataset having more than 15 million of relational Web tables in English coming from more than 248 thousand of Web sources.",scopus,llm,0.990,unreviewed,,doi:10.1109/bigdata50022.2020.9377742
discarded,Exploiting inter-and intra-memory asymmetries for data mapping in hybrid tiered-memories,S. Song,2020,International Symposium on Memory Management Ismm,10.1145/3381898.3397215,https://www.scopus.com/inward/record.uri?partnerID=HzOxMe3b&scp=85086234711&origin=inward,adjacent-subtopic,"Modern computing systems are embracing hybrid memory comprising of DRAM and non-volatile memory (NVM) to combine the best properties of both memory technologies, achieving low latency, high reliability, and high density. A prominent characteristic of DRAM-NVM hybrid memory is that it has NVM access latency much higher than DRAM access latency. We call this inter-memory asymmetry. We observe that parasitic components on a long bitline are a major source of high latency in both DRAM and NVM, and a significant factor contributing to high-voltage operations in NVM, which impact their reliability. We propose an architectural change, where each long bitline in DRAM and NVM is split into two segments by an isolation transistor. One segment can be accessed with lower latency and operating voltage than the other. By introducing tiers, we enable non-uniform accesses within each memory type (which we call intra-memory asymmetry), leading to performance and reliability trade-offs in DRAM-NVM hybrid memory. We show that our hybrid tiered-memory architecture has a tremendous potential to improve performance and reliability, if exploited by an efficient page management policy at the operating system (OS). Modern OSes are already aware of inter-memory asymmetry. They migrate pages between the two memory types during program execution, starting from an initial allocation of the page to a randomly-selected free physical address in the memory. We extend existing OS awareness in three ways. First, we exploit both inter- and intra-memory asymmetries to allocate and migrate memory pages between the tiers in DRAM and NVM. Second, we improve the OS’s page allocation decisions by predicting the access intensity of a newly-referenced memory page in a program and placing it to a matching tier during its initial allocation. This minimizes page migrations during program execution, lowering the performance overhead. Third, we propose a solution to migrate pages between the tiers of the same memory without transferring data over the memory channel, minimizing channel occupancy and improving performance. Our overall approach, which we call MNEME, to enable and exploit asymmetries in DRAM-NVM hybrid tiered memory improves both performance and reliability for both single-core and multi-programmed workloads.",scopus,llm,1.000,unreviewed,,doi:10.1145/3381898.3397215
discarded,Characterizing the performance and resilience of HCI clusters with the TPCx-HCI benchmark,H.R. Taheri,2019,Lecture Notes in Computer Science Including Subseries Lecture Notes in Artificial Intelligence and Lecture Notes in Bioinformatics,10.1007/978-3-030-11404-6_5,https://www.scopus.com/inward/record.uri?partnerID=HzOxMe3b&scp=85061348077&origin=inward,adjacent-subtopic,,scopus,llm,0.960,unreviewed,,doi:10.1007/978-3-030-11404-6_5
discarded,Optimal linear multiparty conditional disclosure of secrets protocols,A. Beimel,2018,Lecture Notes in Computer Science Including Subseries Lecture Notes in Artificial Intelligence and Lecture Notes in Bioinformatics,10.1007/978-3-030-03332-3_13,https://www.scopus.com/inward/record.uri?partnerID=HzOxMe3b&scp=85057626366&origin=inward,adjacent-subtopic,"In a k-party CDS protocol, each party sends one message to a referee (without seeing the other messages) such that the referee will learn a secret held by the parties if and only if the inputs of the parties satisfy some condition (e.g., if the inputs are all equal). This simple primitive is used to construct attribute based encryption, symmetrically-private information retrieval, priced oblivious transfer, and secret-sharing schemes for any access structure. Motivated by these applications, CDS protocols have been recently studied in many papers.

In this work, we study linear CDS protocols, where each of the messages of the parties is a linear function of the secret and random elements taken from some finite field. Linearity is an important property of CDS protocols as many applications of CDS protocols required it. Our main result is a construction of linear k-party CDS protocols for an arbitrary function f : [N](k) -> {0, 1} with messages of size O(N(k- 1)/2) (a similar result was independently and in parallel proven by Liu et al. [27]). By a lower bound of Beimel et al. [TCC 2017], this message size is optimal. We also consider functions with few inputs that return 1, and design more efficient CDS protocols for them.

CDS protocols can be used to construct secret-sharing schemes for uniform access structures, where for some k all sets of size less than k are unauthorized, all sets of size greater than k are authorized, and each set of size k can be either authorized or unauthorized. We show that our results imply that every k-uniform access structure with n parties can be realized by a linear secret-sharing scheme with share size min { (O(n/k))((k-1)/2), O(n . 2(n/2)) }. Furthermore, the linear k-party CDS protocol with messages of size O(N ((k- 1)/2)) was recently used by Liu and Vaikuntanathan [STOC 2018] to construct a linear secret-sharing scheme with share size O(2(0.999n)) for any n-party access structure.",scopus,llm,0.990,unreviewed,,doi:10.1007/978-3-030-03332-3_13
discarded,Beyond traditional collaborative search: Understanding the effect of awareness on multi-level collaborative information retrieval,N. Htun,2018,Information Processing and Management,10.1016/j.ipm.2017.09.003,https://www.scopus.com/inward/record.uri?partnerID=HzOxMe3b&scp=85030251624&origin=inward,adjacent-subtopic,"Although there has been a great deal of research into Collaborative Information Retrieval (CIR) and Collaborative Information Seeking (CIS), the majority has assumed that team members have the same level of unrestricted access to underlying information. However, observations from different domains (e.g. healthcare, business, etc.) have suggested that collaboration sometimes involves people with differing levels of access to underlying information. This type of scenario has been referred to as Multi-Level Collaborative Information Retrieval (MLCIR). To the best of our knowledge, no studies have been conducted to investigate the effect of awareness, an existing CIR/CIS concept, on MLCIR. To address this gap in current knowledge, we conducted two separate user studies using a total of 5 different collaborative search interfaces and 3 information access scenarios. A number of Information Retrieval (IR), CIS and CIR evaluation metrics, as well as questionnaires were used to compare the interfaces. Design interviews were also conducted after evaluations to obtain qualitative feedback from participants. Results suggested that query properties such as time spent on query, query popularity and query effectiveness could allow users to obtain information about team's search performance and implicitly suggest better queries without disclosing sensitive data. Besides, having access to a history of intersecting viewed, relevant and bookmarked documents could provide similar positive effect as query properties. Also, it was found that being able to easily identify different team members and their actions is important for users in MLCIR. Based on our findings, we provide important design recommendations to help develop new CIR and MLCIR interfaces.",scopus,llm,0.990,unreviewed,,doi:10.1016/j.ipm.2017.09.003
