status,title,authors,year,venue,doi,url,tags,abstract,provider,decision_source,llm_confidence,llm_review_outcome,llm_change_direction,paper_id
discarded,Identifying Behavioral Design Flaws in Evolving Object-Oriented Software Using an Ontology-Based Approach,Sakorn Mekruksavanich,2017,2017 13th International Conference on Signal-Image Technology & Internet-Based Systems (SITIS),10.1109/SITIS.2017.76,https://ieeexplore.ieee.org/document/8334782/,adjacent-subtopic,"It is a demanding process when safeguarding superiority in software development and preservation. Understanding of reoccurring problems to enhance the quality of existing and future software development is employed in the concept of design flaws. Recurring bad design solutions or error-free source codes comprise design flaws, which are hard to comprehend and sustain. Eliminating these flaws without modifying a programs functionality while enhancing program quality at the same time are the goals of code refactoring. To identify some flaws from source code, several rules-based and metrics-based approaches can be used. However, information and consideration of these indicators of low quality software remain insufficient to answer the numerous issues they signify. An ontology-based method is offered in this research to reinforce design flaws detection. Describing the concepts and related properties of design flaws is supported by ontology. A universal understanding of these concepts among those in the software community is fostered by an ontological infrastructure. Further, it gives more succinct definitions that can prevent intersecting and inconstant accounts. When declarative meta-programming is used, detection is carried out at the meta-level. To identify various design flaws that have previously been well documented, this research employs the approach detailed. The approach is effective for detecting such flaws, as substantiated by the findings.",ieee,llm,0.980,unreviewed,,doi:10.1109/sitis.2017.76
discarded,A Maintainability Framework to Ensure the Software Quality in Object-Oriented Programming,Siti Rochimah; Tiara Rahmania Hadiningrum; Bella Dwi Mardiana; Daniel Oranova Siahaan; Rizky Januar Akbar; Ary Mazharuddin Shiddiqi,2025,IEEE Access,10.1109/ACCESS.2025.3633265,https://ieeexplore.ieee.org/document/11250643/,adjacent-subtopic,"In recent years, there have been significant challenges in the attempt to improve modular structure and code reusability in software development. Software developers should ensure that refactoring not only eliminates code smells but also leads to measurable improvements in software quality metrics. Although metric-based approaches allow for objective and systematic measurements, they have limitations. They cannot ascertain the effectiveness of refactoring techniques in terms of readability, code maintainability, and their impact on system performance and developer productivity. This study proposes mathematical formulations for five key metrics: Modularity (MMo-1-G, MMo-2-S), Analysability (MAn-2-S), Reusability (MRe-1-G), and Testability (MTe-1-G). These metrics are used to evaluate and verify the effectiveness of refactoring in improving module separability and code reuse rate. The proposed model is presented in mathematical notation to link the concepts of modularity and reusability with the corresponding refactoring implementation. Case studies are conducted by applying this formulation to various refactoring techniques aimed at addressing specific types of code smells. Based on the metric analysis conducted on 17 types of code smells using three refactoring techniques, the results demonstrate improvements of 11.46% in MMo-1-G, 0.8% in MMo-2-S, 1.2% in MAn-2-S, 0.82% in MRe-1-G, and 3.07% in MTe-1-G. These findings demonstrate that the proposed formulation can be effectively applied to evaluate code quality changes after refactoring and provide more objective insights into code improvement decision-making.",ieee,llm,0.960,unreviewed,,doi:10.1109/access.2025.3633265
discarded,Refactoring Android Source Code Smells From Android Applications,Muhammad Fawad; Ghulam Rasool; Muhammad Bilal Riaz,2025,IEEE Access,10.1109/ACCESS.2025.3529687,https://ieeexplore.ieee.org/document/10840228/,adjacent-subtopic,"As technology advances and new features emerge, the demand for Android applications continues to grow, leading to rapid release schedules. These accelerated development timelines often push developers to make rushed changes, often resulting in suboptimal design practices, commonly known as code smells. These issues can degrade application quality, drive up maintenance costs, lead to unexpected behaviors, and complicate evolution and re-engineering efforts. While substantial research has focused on identifying Android-specific and object-oriented code smells, comparatively less attention has been devoted to their systematic refactoring and evaluation. This study introduces a web-based technique, validated through a tool specifically developed to detect 20 Android-specific code smells and automatically refactor 10 of them. Our approach surpasses traditional desktop and plugin solutions by providing easy accessibility, cross-platform compatibility, and eliminating setup requirements. When applied to six open-source and two industrial Android applications and evaluated against the ISO/IEC 25010 quality standard, our tool demonstrated considerable improvements: reducing CPU utilization by 15.39%, lowering memory consumption by 12.85%, and enhancing battery efficiency by up to 5.78%. The tool’s accuracy, validated through precision, recall, and F-measure metrics, achieved averages of 91.81% precision, 97.77% recall, and a 94.67% F-measure. This study enhances the Android application development lifecycle by offering developers a feasible solution for optimizing CPU efficiency, reducing memory use, and minimizing battery consumption.",ieee,llm,0.980,unreviewed,,doi:10.1109/access.2025.3529687
discarded,Quality-Driven Detection and Resolution of Metamodel Smells,Lorenzo Bettini; Davide Di Ruscio; Ludovico Iovino; Alfonso Pierantonio,2019,IEEE Access,10.1109/ACCESS.2019.2891357,https://ieeexplore.ieee.org/document/8632659/,adjacent-subtopic,"In model-driven engineering, analogously to any software development practice, metamodel design must be accurate and performed by considering relevant quality factors, including maintainability, reusability, and understandability. The quality of metamodels might be compromised by the introduction of smells that can be the result of inappropriate design decisions. Detecting and resolving metamodel smells are a complex task. The existing approaches deal with this problem by supporting the identification and resolution of smells without providing the means to explicitly trace them with the quality attributes that can be potentially affected. In this paper, we present an approach to defining extensible catalogues of metamodel smells. Each smell can be linked to the corresponding quality attributes. Such links are exploited to automatically select only those smells that have to be necessarily resolved for enhancing the quality factors that are of interest for the modeler. The implementation of the approach is based on the Edelta language, and it has been validated on a corpus of metamodels retrieved from a publicly available repository.",ieee,llm,0.980,unreviewed,,doi:10.1109/access.2019.2891357
discarded,Anti-pattern Mutations and Fault-proneness,Fehmi Jaafar; Foutse Khomh; Yann-Gaël Guéhéneuc; Mohammad Zulkernine,2014,2014 14th International Conference on Quality Software,10.1109/QSIC.2014.45,https://ieeexplore.ieee.org/document/6958412/,adjacent-subtopic,"Software evolution and development are continuous activities that have a never-ending cycle. While developers commit changes on a software system to fix bugs or to implement new requirements, they sometimes introduce anti-patterns, which are bad solutions to recurring design problems in the system. Many previous studies have shown that these anti-patterns have negative effects on code quality, in particular fault-proneness. However, it is not clear if and how anti-patterns evolve and which evolutionary behaviours are more fault-prone. This paper presents results from an empirical study aimed at understanding the evolution of anti-patterns in 27 releases of three open-source software systems: ArgoUML, Mylyn, and Rhino. Specifically, the study analyzes the mutations of anti-patterns, the changes that they undergo, and the relation between anti-pattern evolution behaviours and fault-proneness. Results show that (1) anti-patterns mutate from one type of anti-patterns to another, (2) structural changes are behind these mutations, and (3) some mutations are more risky in terms of fault-proneness.",ieee,llm,0.980,unreviewed,,doi:10.1109/qsic.2014.45
discarded,Analysis Software for the Principal Physical Properties in Food Matrices,José-David Martínez-Velasco; Fernando Izquierdo-Manrique; Annamaria Filomena-Ambrosio; Claudia L. Garzón-Castro,2022,2022 IEEE 4th International Conference on BioInspired Processing (BIP),10.1109/BIP56202.2022.10032471,https://ieeexplore.ieee.org/document/10032471/,off-topic-false-hit,"This paper presents a custom software under development, which is part of a device in a patent process capable of simultaneously measuring three variables (odor, texture, and sound) from a food matrix. This device was inspired by the conventional sensory analysis process with trained panelists, emulating some of the senses used for evaluating a product. This solution was proposed to guarantee the repeatability and reproducibility of this type of process, reducing the time incurred in the training of panelists and the number of samples to be prepared for the characterization and standardization of various food matrices. The device was evaluated in an experiment involving hundred (100) panelists. Concurrently, the results were compared with the sensory analysis done. The data obtained showed a high similarity between the information obtained from the panelists and the analysis carried out in the software. It is expected to continue testing with panelists to finish adjusting the prototype and transfer technology to the food industry in the near future.",ieee,llm,1.000,unreviewed,,doi:10.1109/bip56202.2022.10032471
discarded,Modularity-Oriented Refactoring,Sergio Bryton; Fernando Brito e Abreu,2008,2008 12th European Conference on Software Maintenance and Reengineering,10.1109/CSMR.2008.4493330,https://ieeexplore.ieee.org/document/4493330/,adjacent-subtopic,"Refactoring, in spite of widely acknowledged as one of the best practices of object-oriented design and programming, still lacks quantitative grounds and efficient tools for tasks such as detecting smells, choosing the most appropriate refactoring or validating the goodness of changes. This is a proposal for a method, supported by a tool, for cross-paradigm refactoring (e.g. from OOP to AOP), based on paradigm and formalism-independent modularity assessment.",ieee,llm,0.980,unreviewed,,doi:10.1109/csmr.2008.4493330
discarded,Refactoring for Usability in Web Applications,Alejandra Garrido; Gustavo Rossi; Damiano Distante,2011,IEEE Software,10.1109/MS.2010.114,https://ieeexplore.ieee.org/document/5518753/,adjacent-subtopic,Refactoring a Web application's design structure can improve its usability. Characterizing each refactoring according to the usability factor it improves and the bad usability smells it targets can further clarify its intent.,ieee,llm,0.970,unreviewed,,doi:10.1109/ms.2010.114
discarded,Improving the Security of UML Sequence Diagram Using Genetic Algorithm,Mohammad Alshayeb; Haris Mumtaz; Sajjad Mahmood; Mahmood Niazi,2020,IEEE Access,10.1109/ACCESS.2020.2981742,https://ieeexplore.ieee.org/document/9040580/,adjacent-subtopic,"A sequence diagram is a modeling approach for visualizing the behavioral execution of a system. The objective of this research is to investigate the problem of security in a behavioral model (sequence diagram) through the application of model refactoring. We propose detection and correction techniques, empirical evaluation of the proposed techniques and assessment of security improvement in sequence diagrams. The detection of security bad smells is achieved through the adaptation of a genetic algorithm, while correction is accomplished by the model transformation approach. The results show significant detection recall and correction efficacy of the proposed detection and correction approaches, respectively. Our results show that the proposed approach is effective in detecting and correcting bad smells and can improve the security of UML Sequence Diagram.",ieee,llm,0.990,unreviewed,,doi:10.1109/access.2020.2981742
discarded,A metrics suite for object oriented design,S.R. Chidamber; C.F. Kemerer,1994,IEEE Transactions on Software Engineering,10.1109/32.295895,https://ieeexplore.ieee.org/document/295895/,adjacent-subtopic,"Given the central role that software development plays in the delivery and application of information technology, managers are increasingly focusing on process improvement in the software development area. This demand has spurred the provision of a number of new and/or improved approaches to software development, with perhaps the most prominent being object-orientation (OO). In addition, the focus on process improvement has increased the demand for software measures, or metrics with which to manage the process. The need for such metrics is particularly acute when an organization is adopting a new technology for which established practices have yet to be developed. This research addresses these needs through the development and implementation of a new suite of metrics for OO design. Metrics developed in previous research, while contributing to the field's understanding of software development processes, have generally been subject to serious criticisms, including the lack of a theoretical base. Following Wand and Weber (1989), the theoretical base chosen for the metrics was the ontology of Bunge (1977). Six design metrics are developed, and then analytically evaluated against Weyuker's (1988) proposed set of measurement principles. An automated data collection tool was then developed and implemented to collect an empirical sample of these metrics at two field sites in order to demonstrate their feasibility and suggest ways in which managers may use these metrics for process improvement.<>",ieee,llm,0.980,unreviewed,,doi:10.1109/32.295895
discarded,Delivering cognitive psychology to HCI: the problems of common language and of knowledge transfer,T.R.G. Green; S.P. Davies; D.J. Gilmore,1996,Interacting with Computers,10.1016/0953-5438(95)01020-3,https://ieeexplore.ieee.org/document/8160387/,adjacent-subtopic,"Although cognitive psychology showed much initial promise, it has failed to make significant contributions to the study of human-computer interaction, which has led to a rejection of cognitivism in favour of situated action theory. The authors accept that the critique has much to offer, but reject the outright abandoning of cognitivism. Cognitive psychology needs a common language in which to describe interaction between people and artifacts: two examples of research in progress are described, one focused on events, the other on representations and the relationship between the information display and the conceptual model. Cognitive psychology also needs a better delivery method than the traditional research paper, and the idea is proposed of a vocabulary of ‘cognitive dimensions’, terms which can be meaningfully used by non-specialists (who will recognise familiar but uncrystallised concepts) and which can be used as indexes to the professional literature. These two components form a proposal for improving the effectiveness of cognitive psychology. The paper ends with the hope that mainstream cognitive psychology will broaden its area of enquiry.",ieee,llm,0.940,unreviewed,,doi:10.1016/0953-5438(95)01020-3
discarded,Integration of intelligent engineering activities using multifunctional space,László Horváth; Imre J. Rudas,2016,2016 IEEE 20th Jubilee International Conference on Intelligent Engineering Systems (INES),10.1109/INES.2016.7555100,https://ieeexplore.ieee.org/document/7555100/,adjacent-subtopic,"On the way of moving engineering activities into generic contextual and self-adaptive virtual space, this paper introduces a new concept of integration virtual representation and simulation background for research, product development, and higher education processes in the form of appropriately configured multidisciplinary professional engineering models. These models can be organized in advanced product lifecycle management systems for engineering projects. Old wish of integrating activities of research, higher education, and industrial organizations can be realized in a purposeful cloud environment where all represented theory, practice, and proven solution are active at any intervention and contribution. This means that engineer communication is possible only through models in order to assure support, checking, approval, and criticism in presence of active content. This paper introduces new research results at the Laboratory of Intelligent Engineering Systems. It starts with preliminaries in the research area and own work. Next, purpose and characteristics of the proposed multifunctional engineering space (MES) are discussed. Following this, configuration and work of the MES are explained. Finally, issues of implementation in professional engineering systems are discussed.",ieee,llm,0.990,unreviewed,,doi:10.1109/ines.2016.7555100
discarded,Client based Object-Oriented Cohesion Metrics,Sami Makela; Ville Leppanen,2007,31st Annual International Computer Software and Applications Conference (COMPSAC 2007),10.1109/COMPSAC.2007.90,https://ieeexplore.ieee.org/document/4291203/,adjacent-subtopic,"For code quality control, there exists tens of object- oriented (OO) metrics on class cohesion and coupling. This abundant variety indicates that designing feasible metrics to differentiate good object-oriented programs from bad ones is not an easy task. Even worse, in practice OO cohesion metrics have a minor role in code reviews. In this paper we argue the proposed cohesion metrics, based on internal usage of class members, yield misleading (bad) values for several reasons. We propose a totally different kind of cohesion metric based on external class usage. Cohesion metrics typically define a bipartite usage graph between methods of a class and its variables. Providing different interpretations for methods, variables, usage relation, and calculation method have served as sources of variation. Classical interpretation is to measure internal usage of instance variables by the instance methods of a class to evaluate relatedness of the class properties. We argue that the relatedness also depends on the usage context, e.g. an application. Another problem is that objects often consist of property sets that are only slightly related internally, since an inheriting class often defines properties that are only slightly related to the inherited ones. Yet, the clients of such objects often make connections between the property sets by simultaneously advancing internally seemingly unrelated property sets. We propose forming cohesion graphs between the clients of a class and its member variables. Our approach complements the internal cohesion view with external views based on the external usage of class properties. We provide results for three popular open-source projects indicating our external cohesion measure to give much more meaningful results.",ieee,llm,0.960,unreviewed,,doi:10.1109/compsac.2007.90
discarded,Cognac: A Framework for Documenting and Verifying the Design of Cobol Systems,Andy Kellens; Kris De Schutter; Theo D'Hondt; Luc Jorissen; Bart Van Passel,2009,2009 13th European Conference on Software Maintenance and Reengineering,10.1109/CSMR.2009.9,https://ieeexplore.ieee.org/document/4812753/,adjacent-subtopic,"For any non-trivial software project, architectural drift is a well-known problem. Over time, the design rules and guidelines governing the software project are no longer obeyed, resulting in that the software becomes more difficult to maintain. While there exist numerous tools - such as code checkers, architecture and design checkers, and source code query languages - that aid in alleviating this problem none of these approaches are tailored towards supporting one of the main languages still in use today in industry, namely Cobol. In this paper we present Cognac, an extension of the Intensive tool that allows for documenting and verifying design rules in Cobol systems. Next to discussing the architecture of Cognac, we present a validation of our tool on an industrial, large-scale Cobol system.",ieee,llm,0.990,unreviewed,,doi:10.1109/csmr.2009.9
