status,title,authors,year,venue,doi,url,tags,abstract,provider,decision_source,llm_confidence,llm_review_outcome,llm_change_direction,paper_id
discarded,Flutter Cookbook: Over 100 proven techniques and solutions for app development with Flutter 2.2 and Dart,Simone Alessandria; Brian Kayfitz,2021,Flutter Cookbook: Over 100 proven techniques and solutions for app development with Flutter 2.2 and Dart,,https://ieeexplore.ieee.org/document/10163215/,adjacent-subtopic,"Discover how to build, scale, and debug native iOS and Android applications from a single codebase using the Dart programming language – a hands-on approachKey FeaturesWork through practical recipes for building mobile applications with FlutterQuickly build and iterate on your user interface (UI) with hot reloadFix bugs and prevent them from reappearing using Flutter's developer tools and test suitesBook Description“Anyone interested in developing Flutter applications for Android or iOS should have a copy of this book on their desk.” – Amazon 5* Review Lauded as the ‘Flutter bible’ for new and experienced mobile app developers, this recipe-based guide will teach you the best practices for robust app development, as well as how to solve cross-platform development issues. From setting up and customizing your development environment to error handling and debugging, The Flutter Cookbook covers the how-tos as well as the principles behind them. As you progress, the recipes in this book will get you up to speed with the main tasks involved in app development, such as user interface and user experience (UI/UX) design, API design, and creating animations. Later chapters will focus on routing, retrieving data from web services, and persisting data locally. A dedicated section also covers Firebase and its machine learning capabilities. The last chapter is specifically designed to help you create apps for the web and desktop (Windows, Mac, and Linux). Throughout the book, you’ll also find recipes that cover the most important features needed to build a cross-platform application, along with insights into running a single codebase on different platforms. By the end of this Flutter book, you’ll be writing and delivering fully functional apps with confidence. What you will learnUse Dart programming to customize your Flutter applicationsDiscover how to develop and think like a Dart programmerLeverage Firebase Machine Learning capabilities to create intelligent appsCreate reusable architecture that can be applied to any type of appUse web services and persist data locallyDebug and solve problems before users can see themUse asynchronous programming with Future and StreamManage the app state with Streams and the BLoC patternWho this book is forIf you’re familiar with the basic concepts of programming and have your eyes set on developing mobile apps using Dart, then this book is for you. As a beginner, you’ll benefit from the clear and concise step-by-step recipes, while a more experienced programmer will learn best practices and find useful tips. You’ll get the most out of this book if you have experience coding in either JavaScript, Swift, Kotlin, Java, Objective-C, or C#.",ieee,llm,0.980,unreviewed,,hash:768571eec5f46c57
discarded,"AI Under Attack: A Practical Guide to Threats, Defenses, and Governance for AI Systems",Kris Kimmerle; David Okeyode,2026,"AI Under Attack: A Practical Guide to Threats, Defenses, and Governance for AI Systems",,https://ieeexplore.ieee.org/document/11600789/,adjacent-subtopic,"Built on Fortune 500 experience, this guide delivers hands-on methods to secure generative AI with extensive coverage of RAG, agents, prompt injection, data pipelines, Zero Trust, and sustainable programs. Includes the AI Under Attack Practitioner Toolkit, featuring chapter-specific Field Artifacts for real-world AI security practice.Key FeaturesDefend LLMs, RAG, and autonomous agents against prompt injection, jailbreaks, and tool abuseApply Zero Trust architecture to AI agents with tool access, memory, and goal-directed reasoningRun AI governance and red teaming programs aligned to NIST AI RMF, ISO 42001, and OWASP for LLMsPurchase of the print or Kindle book includes a free PDF eBookBook DescriptionContrary to general AI texts or cybersecurity books with limited AI coverage, this guide offers a comprehensive dive into securing the generative AI ecosystem. It moves through four parts: Foundations establishes why AI security is fundamentally different, covering threat modeling, attack surfaces, and core defense principles. Attacks provides deep technical examination of prompt injection, memory and context abuse, RAG system vulnerabilities, agent exploitation techniques, training data poisoning, and AI red teaming methodology. Building Secure AI Systems covers infrastructure and MLOps hardening, secure application and API design, defensive prompt engineering, guardrails with human oversight, supply chain integrity, and Zero Trust architecture for agents. Running AI Security Programs addresses governance, risk and compliance frameworks, security engineering practices, security operations, and building sustainable organizational capabilities. Throughout, you will gain access to practical insights and structured approaches applicable to real-world scenarios. By the end, you will be able to design, implement, and maintain security programs for generative AI, defend against advanced threats, communicate risks to stakeholders, and establish governance ensuring secure, compliant operations across the lifecycle.What you will learnIdentify AI-specific risks and clearly communicate them to business teamsDefend models, data, RAG, and agents from threats like poisoning, prompt injection, jailbreaking, and data exfiltrationDesign resilient cloud/MLOps with Zero Trust, supply chain security, and isolationBuild secure APIs, apps, and agents with strong auth, validation, and safe tool useApply AI-focused GRC, alignment checks, bias mitigation, monitoring, and incident responseTranslate complex concepts into actionable steps, using threat intel and collaboration for lasting securityWho this book is forThis book is for mid- to senior-level cybersecurity professionals, security architects, and tech leaders managing risks in generative AI deployments. It’s also valuable for early-career practitioners, AI/ML engineers, red teamers, DevSecOps, governance specialists, compliance officers, and product stakeholders with foundational cybersecurity knowledge. Readers should have basic familiarity with security concepts, some exposure to cloud platforms (AWS, Azure, or GCP), and a fundamental grasp of AI/ML, though no prior AI security expertise is required.",ieee,llm,0.990,unreviewed,,hash:ac4a9676863d76de
discarded,NONLINEAR FINITE ELEMENT MODELING AND EXPERIMENTAL VALIDATION OF ADVANCED HIGH FATIGUE STRENGTH THREADED CONNECTIONS FOR SUCKER ROD PUMPING APPLICATIONS,"Song, Fei; Li, Ke",2021,"PROCEEDINGS OF ASME 2021 INTERNATIONAL MECHANICAL ENGINEERING CONGRESS AND EXPOSITION (IMECE2021), VOL 12",,https://www.webofscience.com/wos/woscc/full-record/WOS:000883362400056,off-topic-false-hit,"Rod pump systems can be the most commonly used artificial lift technology for oil production. A rod pump system that brings underground oil to the earth's surface consists of a prime mover, a surface pump, a sucker rod string, and a downhole pump. A pin at each end of the rod and a box coupling are threaded together to connect the sucker rod and form the rod string. The sucker rod string acts as the connecting link between the surface pumping unit and the subsurface rod pump. The loads generated from the reciprocating upstroke and downstroke motions could impose a risk of fatigue failure in the sucker rod connections with cyclic tensile stresses. The increasingly harsh field operational conditions that require deeper wells and higher production are pushing the connections to their limits. As a result, failures of the standard API (the American Petroleum Institute) sucker rod connections are becoming increasingly more frequent. The resulting rod string failures are expensive to repair because the whole string must be disassembled and removed so that the failed rod can be accessed, and the rod string must then be reassembled. Such high repair cost is unaffordable for the wells with low production rates. Therefore, there is a strong demand for having a threaded connection design with high fatigue strength that is suitable for sucker rod pumping applications.

To enable a long service life and to reduce cost of service delivery caused by frequent repairs, an advanced rod pump threaded connection design with significantly improved fatigue resistance over the standard API design has been developed and experimentally qualified. Modeling and simulation techniques had been extensively used to drive the design and qualification process. The newly developed connection design is featured by an optimized thread form and stress relief groove, and an advanced manufacturing process. Nonlinear finite element analysis (FEA) was extensively utilized to predict the fatigue resistance of the threaded connection with makeup torque and service stroke loads, and to explore and optimize the designs of the threads and stress relieffeature prior to physical prototyping and testing. The FEA models had favorably predicted the performance of the new design, which was later experimentally validated through full-scale axial and rotary bending fatigue tests, respectively. The work presented in the paper sets a successful example of model-driven design, which can significantly shorten the development time and cost. The newly developed high fatigue strength sucker rod connections have great potential for mitigating the risk of rod string failures during pumping operations and therefore improving operational reliability for both beam and progressing cavity pumping systems.",wos,llm,1.000,unreviewed,,hash:22b15ff0bb0f4fae
discarded,Reference Data and Collaborative Identifier Sharing in Agricultural Field Operations,"Craker, B. E.; Ferreyra, R. A.; Rhea, S. T.; Graumans, C.; Kaempf, U.; Nachtmann, M.; Schuster, F.; Wilson, J. A.",2017,"LAND, TECHNIK AGENG 2017: THE FORUM FOR AGRICULTURAL ENGINEERING INNOVATIONS (VDI-MEG 2017)",,https://www.webofscience.com/wos/woscc/full-record/WOS:000424955500021,off-topic-false-hit,"Contemporary agriculture requires the continuous exchange of information between farmers and partners such as agronomists, input suppliers, custom applicators, and customers. A critical component of this interoperability is identification, where a name or code (the ""identifier"") is used to reference a kind of object (e.g., a specific crop protection product) or a particular instance of an object (e.g., one of a farmer's fields).

There are multiple motivations for uniquely identifying resources in production agriculture data exchange. Exathples include unambiguously specifying the resources being allocated to a particular field operation (e.g., products, fields, people, equipment); and enabling an audit trail (the aspiration of having farm-to-fork traceability) and regulatory compliance for all the processes of interest.

A special case in identification is Reference Data, a set of shared controlled vocabularies that allow all participants in a data exchange process to unambiguously identify concepts of interest. A noteworthy example is identifiers for crop inputs, such as seeds, crop protection products, and fertilizers. Reference data is increasingly being sourced through application 'programming interfaces (APIs) accessible by FMIS over the Internet. This presents an interoperability problem, however, because there is currently no product reference data standard format.

AgGateway's collaborative identification model provides a solution to the aforementioned problems. (need for identifiers; distributed identifier sourcing; and a lack of standard formats for identifiers or product reference data). It uses a concept called the Compoundldentifier to enable associating multiple unique identifiers (conceivably in multiple formats) to each data object, and provides a standardized API design to enable sourcing product reference data identifiers.

This paper describes AgGateway-Europe's Identity Project. It is focused on enabling principled decision-making in agricultural field operations. In particular, it focuses on the step of a farmer's process where, given a set of observations and measurements, an actor with expertise (e.g., a consultant or agronomist) recommends a field operation such as the application of one or more crop protection products, and communicates that recommendation back to the farmer. Important aspects of the system include a flexible identification scheme that can accommodate the myriad types of identifiers currently in use in FMIS; a distributed system for finding and accessing pertinent product reference data; and semantics to inform the data transfer process.",wos,llm,0.980,unreviewed,,hash:1abaa64445b0cea0
discarded,Human-Centered Methods for Improving API Usability,"Myers, Brad A.",2017,2017 IEEE/ACM 1ST INTERNATIONAL WORKSHOP ON API USAGE AND EVOLUTION (WAPI),10.1109/WAPI.2017.2,https://www.webofscience.com/wos/woscc/full-record/WOS:000424194600001,adjacent-subtopic,"Application programming interfaces (APIs) are the way that developers reuse functionality supplied in libraries, software development kits (SDKs), toolkits, frameworks, etc. By adapting a variety of user-centered methods from human-computer interaction (HCI), we have studied usability problems both for API users and for API designers. These studies revealed barriers both at a low level (such as using the factory pattern in an API) and at a high level (such as the lack of example code in the documentation). In lab studies, we have shown that some patterns can slow programmers down by a factor of 10, and in the field, we have seen problematic APIs block programmers for up to a week while they waited for an answer from the API designer. The implications of our results can guide the design of the API, and, when APIs cannot be changed, inspire novel documentation and tools to help use the APIs. Our collaboration with SAP resulted in significant improvements to their APIs, documentation and tools.

This talk will summarize results presented in our recent paper on Improving API Usability [2], along with our newly proposed work on studying the needs of API designers. I will also cover a wide variety of HCI methods we have found to be effective for better understanding and meeting the needs of API users of all levels: novice, professional, and end-user programmers (EUPs). We have applied these methods across all activities of API development: requirements and problem analysis, design, development, testing, and deployment [1]. Since programming is a human process, we have found that many of these HCI methods can be used without change to answer many useful questions, but for other questions, we have needed to create new human-centered methods.",wos,llm,0.910,unreviewed,,doi:10.1109/wapi.2017.2
discarded,API Designers in the Field: Design Practices and Challenges for Creating Usable APIs,"Murphy, Lauren; Kery, Mary Beth; Alliyu, Oluwatosin; Macvean, Andrew; Myers, Brad A.",2018,2018 IEEE SYMPOSIUM ON VISUAL LANGUAGES AND HUMAN-CENTRIC COMPUTING (VL/HCC),,https://www.webofscience.com/wos/woscc/full-record/WOS:000574767400033,adjacent-subtopic,"Application Programming Interfaces (APIs) are a rapidly growing industry and the usability of the APIs is crucial to programmer productivity. Although prior research has shown that APIs commonly suffer from significant usability problems, little attention has been given to studying how APIs are designed and created in the first place. We interviewed 24 professionals involved with API design from 7 major companies to identify their training and design processes. Interviewees had insights into many different aspects of designing for API usability and areas of significant struggle. For example, they learned to do API design on the job, and had little training for it in school. During the design phase they found it challenging to discern which potential use cases of the API users will value most. After an API is released, designers lack tools to gather aggregate feedback from this data even as developers openly discuss the API online.",wos,llm,0.970,unreviewed,,hash:b33bc53f0e630f39
discarded,BASE RESISTANCE OF OPEN-ENDED PILES EVALUATED BY VARIOUS DESIGN METHODS,"Kumara, Janaka J.; Kikuchi, Yoshiaki; Kurashina, Takashi; Hyodo, Taichi",2016,INTERNATIONAL JOURNAL OF GEOMATE,,https://www.webofscience.com/wos/woscc/full-record/WOS:000378635800019,off-topic-false-hit,"The design bearing capacity of an open-ended pile depends largely on the accuracy of the design method. Although the knowledge of shaft resistance has been understood quite well, the base resistance has not yet been completely understood due to the effects of soil plugging. The mechanisms of soil plugging is yet to be fully understood particularly for large diameter and long length piles installed in large construction projects. This paper compares the base resistance of two open-ended field piles constructed in the Tokyo Bay project evaluated by various design methods including cone penetration test (CPT)- and standard penetration test (SPT)-based methods. In total, five design methods including the conventional American Petroleum Institute (API) approach were included. In Japan, SPT-based design methods are used in practice. The CPT-based design methods, which are not popular in Japan were also included to evaluate their effectiveness. The CPT-design methods discussed in this paper classify open-ended piles into plugged or unplugged modes. The results reveal that the Fugro (i.e., CPT-based) and the API design methods overestimate the base resistance. In contrast, the ICP (i.e., CPT-based) and Port and Airport Research Institute (PARI) (i.e., SPT-based) design methods underestimate the base resistance. Based on the results, we can recommend the University of Western Australia (UWA) design method (i.e., CPT-based) as it produces the nearest results to the actual base resistance measured from the field load tests.",wos,llm,1.000,unreviewed,,hash:dde46cbf11a0ac06
discarded,Burst and Collapse Responses of Production Casing in Thermal Applications,"Dall'Acqua, D.; Hodder, M.; Kaiser, T. M. V.",2013,SPE DRILLING & COMPLETION,,https://www.webofscience.com/wos/woscc/full-record/WOS:000316777900009,off-topic-false-hit,"American Petroleum Institute (API) design equations describing burst and collapse limits of tubulars do not address pipe body response when axial stress in the casing exceeds the material yield strength. However, casing yielding commonly occurs in thermal operations in western Canada, where steam-assisted gravity-drainage (SAGD) and cyclic-steam-stimulation (CSS) operating temperatures generally range from 200 to 350 degrees C. Cemented production casing is subject to both passive and active loading conditions during operation: thermally induced strain-based cyclic axial loading occurs in conjunction with net internal or external differential pressure. A sound engineering basis for selecting tubular configurations that considers the combined loading state in this situation and establishes an appropriate design margin does not currently exist.

This paper describes numerical analyses for combined post-yield loading conditions and provides a starting point for burst and collapse design for thermal casing. Burst analysis of axially constrained casing indicates that, contrary to what might be inferred from elastic-strength calculations, an initial thermally induced axial compressive strain does not substantially reduce the burst (rupture) pressure. By contrast, even low net external pressures can lead to ovalization and loss of wellbore access when combined with thermally induced axial strain if the cement sheath does not offer adequate radial support. Sensitivity studies demonstrate the strong influence of pipe diameter-to-thickness ratio (D/t) and pressure ratios and pipe material mechanical properties on ovalization response. Analysis results are compared with API burst and collapse predictions, thermal operating experience at Shell Canada's Peace River project, and available physical testing results for similar loading conditions.",wos,llm,1.000,unreviewed,,hash:d596e9275a9bb641
discarded,Temporal Analysis of API Usage Concepts,"Uddin, Gias; Dagenais, Barthelemy; Robillard, Martin P.",2012,2012 34TH INTERNATIONAL CONFERENCE ON SOFTWARE ENGINEERING (ICSE),,https://www.webofscience.com/wos/woscc/full-record/WOS:000312908700074,adjacent-subtopic,"Software reuse through Application Programming Interfaces (APIs) is an integral part of software development. The functionality offered by an API is not always accessed uniformly throughout the lifetime of a client program. We propose Temporal API Usage Pattern Mining to detect API usage patterns in terms of their time of introduction into client programs. We detect concepts as distinct groups of API functionality from the change history of a client program. We locate those concepts in the client change history and detect temporal usage patterns, where a pattern contains a set of concepts that were added into the client program in a specific temporal order. We investigated the properties of temporal API usage patterns through a multiple-case study of three APIs and their use in up to 19 client software projects. Our technique was able to detect a number of valuable patterns in two out of three of the APIs investigated. Further investigation showed some patterns to be relatively consistent between clients, produced by multiple developers, and not trivially derivable from program structure or API documentation.",wos,llm,0.990,unreviewed,,hash:0069932fa330d91a
