status,title,authors,year,venue,doi,url,tags,abstract,provider,decision_source,llm_confidence,llm_review_outcome,llm_change_direction,paper_id
discarded,Solid‐state and submerged fermentation effects on functional properties of pea protein‐enriched flour,Barkhas Batbayar; Yuriy Kryachko; Michael T. Nickerson; Darren R. Korber; Takuji Tanaka,2023,Cereal Chemistry,10.1002/cche.10691,https://openalex.org/W4379650672,off-topic-false-hit,"Abstract Background and Objectives Modification of plant proteins is often required to make them suitable substitutes for animal proteins in food applications. The effects of fermentation on the quality and functional properties of pea protein‐enriched flour (PPEF) were evaluated in this study. PPEF was fermented by Aspergillus oryzae , Rhizopus oryzae , Rhizopus oligosporus , Lactobacillus plantarum , and Bacillus subtilis strains using solid‐state and submerged fermentation (SSF and SmF, respectively). Findings Protein contents significantly increased following fermentation for all samples, while lipid contents significantly decreased in SSF and increased in SmF samples. Surface properties were modified: enhanced zeta potential and decreased surface hydrophobicity were observed. At pH 7, emulsification activities and stabilities increased in A. oryzae and R. oligosporus samples, and emulsion stability increased for all fermented samples. Water and oil holding capacities increased after fermentation. SmF‐PPEF showed generally more significant changes in these properties. Conclusions Fermentation improved the functional properties of PPEF to varying degrees, depending on the mode of fermentation, pH conditions, and fermenting strains. Significance and Novelty This research demonstrates that fermentation can be efficient in modifying various functional properties of legume proteins, thus, helping increase their values.",openalex,llm,1.000,unreviewed,,doi:10.1002/cche.10691
discarded,Wool: From Properties and Structure to Genetic Insights and Sheep Improvement Strategies,Huitong Zhou; Lingrong Bai; Shaobin Li; Jiqing Wang; Jon G. H. Hickford,2025,Animals,10.3390/ani15192790,https://openalex.org/W4415279994,off-topic-false-hit,"The wool of sheep consists of structurally intricate natural fibres that can be processed and manufactured into a range of products. It is prized for its insulation, moisture-buffering capability, flame resistance, and biodegradability. These features arise from its unique fibre architecture and specialised protein composition, which set it apart from most other natural and synthetic fibres. However, despite these novel characteristics, wool fibre variation hampers its uses and reduces its ability to compete with other fibres. This review summarises our current knowledge of wool fibre biology. It begins with a description of wool's functional properties and performance attributes, then explores the structural foundations of these properties, the molecular basis of fibre trait variation, and prospects for improving fibre quality using genetic approaches. Particular attention is given to the wool keratin and keratin-associated protein genes, their spatiotemporal expression patterns, and genetic polymorphism that may influence fibre characteristics. Opportunities for the genetic improvement of sheep are discussed, including the use of genetic modification and marker-assisted selection. Challenges in interpreting gene-trait associations, particularly from high-throughput omics studies, are highlighted, along with the need for functionally validated genetic markers. Potential trade-offs between wool characteristics and other production and reproductive traits are considered, emphasising the need for balanced breeding approaches. By integrating insights from structural biology, molecular genetics, and breeding strategies, this review provides a foundation for wool fibre improvement.",openalex,llm,1.000,unreviewed,,doi:10.3390/ani15192790
discarded,Simplified Ciphertext Policy Attribute Based Encryption for Multimedia Applications,J. Joshua Daniel Raj; P. Karthik; J. Samson Immanuel,2020,Procedia Computer Science,10.1016/j.procs.2020.04.294,https://openalex.org/W3033258217,adjacent-subtopic,"In this modern age we generate data from various sophisticated systems and technologies for our personal use, the security and privacy of the data becomes a major concern while sharing it over the cloud platform. The conventional CP-ABE scheme is used to secure different types of data.The CP-ABE uses the access policy in the form of access tree for generating keys to encrypt and decrypt data. However using an explicit access structure with several nodes requires more computational requirements and consumes significant amount of time to process every node of access structure and to encrypt the data. In this paper, to overcome these challenges, we proposed a simplified Ciphertext Policy Attribute Based Encryption for multimedia applications scheme without an access structure, which is more practical to secure the data with less overhead. In this proposed work, the owner of the data carefully frames the attribute string in a prescribed manner that can be used for encryption and decryption process. The performance measurement of the proposed scheme demonstrate that our system has high level of security with less computational requirements.",openalex,llm,1.000,unreviewed,,doi:10.1016/j.procs.2020.04.294
discarded,Organizational Change and the Digital Economy: A Computational Organization Science Perspective,Kathleen M. Carley,2000,The MIT Press eBooks,10.7551/mitpress/6986.003.0018,https://openalex.org/W122485541,adjacent-subtopic,"E-commerce, the web, computers, and information technology in general are often viewed as a technological panacea where all that is needed is better technology to eliminate social and organizational problems, to make organizations more efficient, effective and productive, and to create an effective digital economy. Technological solutions are expected to eliminate barriers to entry, increase the amount of available information, and provide uniform access to information, people, and information based services. There can be little doubt that information technology is transforming social and economic systems, particularly commerce. However, it is still the case that the networks linking people, knowledge, and companies both enable and constrain the impact of this technology. These social and cognitive networks, along with the needs of individuals for privacy, and the needs of companies to protect core intellectual property, are at odds with the open and uniform access assumptions often made about the digital economy. As we move into a digital economy we need to understand how these networks and individual and corporate needs will influence and shape the resulting organizations and markets. Recent work in computational organization science provides guidance for assessing, measuring, monitoring, and predicting organizational change as we move into a digital economy where technological change is increasing information and access in the face of social and cognitive constraints. • Much of the work reported herein was supported by the National Science Foundation, different projects were supported by the NSF CSS9711548, NSF IRI9633 662, and NSF GRT9354995. In addition support was provided by ICES (the Institute for Complex Engineered Systems) and CASOS – the center for Computational Analysis of Social and Organizational Systems, http://www.ices.cmu.edu/casos , at Carnegie Mellon University.",openalex,llm,0.990,unreviewed,,doi:10.7551/mitpress/6986.003.0018
discarded,Locking performance in centralized databases,Yong Chiang Tay; Nathan Goodman; R. Suri,1985,ACM Transactions on Database Systems,10.1145/4879.4880,https://openalex.org/W4229791920,adjacent-subtopic,"An analytic model is used to study the performance of dynamic locking. The analysis uses only the steady-state average values of the variables. The solution to the model is given by a cubic, which has exactly one valid root for the range of parametric values that is of interest. The model's predictions agree well with simulation results for transactions that require up to twenty locks. The model separates data contention from resource contention, thus facilitating an analysis of their separate effects and their interaction. It shows that systems with a particular form of nonuniform access, or with shared locks, are equivalent to systems with uniform access and only exclusive locks. Blocking due to conflicts is found to impose an upper bound on transaction throughput; this fact leads to a rule of thumb on how much data contention should be permitted in a system. Throughput can exceed this bound if a transaction is restarted whenever it encounters a conflict, provided restart costs and resource contention are low. It can also be exceeded by making transactions predeclare their locks. Raising the multiprogramming level to increase throughput also raises the number of restarts per completion. Transactions should minimize their lock requests, because data contention is proportional to the square of the number of requests. The choice of how much data to lock at a time depends on which part of a general granularity curve the system sees.",openalex,llm,1.000,unreviewed,,doi:10.1145/4879.4880
discarded,Uniform Access to the Distributed Resources for the Computational Chemistry Using UNICORE,Jarosław Pytliński; Łukasz Skorwider; Krzysztof Benedyczak; Michał Wroński; Piotr Bała; Valentina Huber,2003,Lecture notes in computer science,10.1007/3-540-44862-4_33,https://openalex.org/W1757273505,adjacent-subtopic,,openalex,llm,0.990,unreviewed,,doi:10.1007/3-540-44862-4_33
discarded,On file structuring for non-uniform access frequencies,E. G. Coffman; J. Bruno,1970,BIT Numerical Mathematics,10.1007/bf01935564,https://openalex.org/W2075859983,adjacent-subtopic,,openalex,llm,0.990,unreviewed,,doi:10.1007/bf01935564
discarded,A model and stack implementation of multiple environments,Daniel G. Bobrow; Ben Wegbreit,1973,Communications of the ACM,10.1145/362375.362379,https://openalex.org/W2058691906,adjacent-subtopic,"Many control and access environment structures require that storage for a procedure activation exist at times when control is not nested within the procedure activated. This is straightforward to implement by dynamic storage allocation with linked blocks for each activation, but rather expensive in both time and space. This paper presents an implementation technique using a single stack to hold procedure activation storage which allows retention of that storage for durations not necessarily tied to control flow. The technique has the property that, in the simple case, it runs identically to the usual automatic stack allocation and deallocation procedure. Applications of this technique to multitasking, coroutines, backtracking, label-valued variables, and functional arguments are discussed. In the initial model, a single real processor is assumed, and the implementation assumes multiple-processes coordinate by passing control explicitly to one another. A multiprocessor implementation requires only a few changes to the basic technique, as described.",openalex,llm,0.990,unreviewed,,doi:10.1145/362375.362379
discarded,801 storage: architecture and programming,Albert Chang; Mark F. Mergen,1988,ACM Transactions on Computer Systems,10.1145/35037.42270,https://openalex.org/W2057811740,adjacent-subtopic,"Based on novel architecture, the 801 minicomputer project has developed a low-level storage manager that can significantly simplify storage programming in subsystems and applications. The storage manager embodies three ideas: (1) large virtual storage , to contain all temporary data and permanent files for the active programs; (2) the innovation of database storage , which has implicit properties of access serializability and atomic update, similar to those of database transaction systems; and (3) access to all storage, including files, by the usual operations and types of a high-level programming language . The IBM RT PC implements the hardware architecture necessary for these storage facilities in its storage controller (MMU). The storage manager and language elements required, as well as subsystems and applications that use them, have been implemented and studied in a prototype operating system called CPR, that runs on the RT PC. Low cost and good performance are achieved in both hardware and software. The design is intended to be extensible across a wide performance/cost spectrum.",openalex,llm,0.960,unreviewed,,doi:10.1145/35037.42270
discarded,Sensitive and Energetic IoT Access Control for Managing Cloud Electronic Health Records,Khaled Riad; Rafik Hamza; Hongyang Yan,2019,IEEE Access,10.1109/access.2019.2926354,https://openalex.org/W2954963846,adjacent-subtopic,"Electronic health records (EHRs) replaced the old paper-based systems to make patient data more accurate, reliable, and more accessible. Yet, the EHRs system requires high transmission cost, energy, and waste of time for both doctors and patients. Furthermore, EHRs security presents a serious issue threatening the patient's privacy. Most of the third-party hosting systems have some issues related to the users' privacy and data security. Hence, it is necessary to restrict the access control policies and develop efficient mechanisms for cloud-based EHRs data. In this paper, a sensitive and energetic access control (SE-AC) mechanism is proposed for managing the cloud-hosted EHRs and providing a fine-grained access control even in critical situations. The proposed mechanism ensures the confidentiality of the patient's data, where only authorized individuals to have permission to be able to edit or review certain of the patient's data. Each EHR data is encrypted by the managing authority before submitting to the cloud storage. The requesting user can get dynamically changing permissions based on authentication and context attributes. In addition, seven major aspects have been quantified to assess the operation of any access control that could be deployed in the Internet-of-Thing (IoT). The security analysis indicates that the SE-AC mechanism is secure and will prevent any unauthorized access. The results show exceptional compatibility and performance with different setups and configuration.",openalex,llm,1.000,unreviewed,,doi:10.1109/access.2019.2926354
discarded,Specification and dialogue control of visual interaction through visual rewriting systems,Paolo Bottoni; Maria Francesca Costabile; P. Mussio,1999,ACM Transactions on Programming Languages and Systems,10.1145/330643.330644,https://openalex.org/W2094853090,adjacent-subtopic,"Computers are increasingly being seen not only as computing tools but more so as communication tools, thus placing special emphasis on human-computer interaction (HCI). In this article, the focus is on visual HCI, where the messages exchanged between human and computer are images appearing on the computer screen, as usual in current popular user interfaces. We formalize interactive sessions of a human-computer dialogue as a structured set of legal visual sentences, i.e., as a visual language, and show how rewriting systems can be generalized to specify both the pictorial and the computational aspects of visual languages. To this end, Visual Conditional Attributed Rewriting (VCARW) systems are introduced, and use for specification of visual languages. These specifications are given as inputs to a procedure illustrated in the article as a system of algorithms, which automatically generates control mechanisms of the interaction, thus favoring the design of more reliable and usable systems.",openalex,llm,0.990,unreviewed,,doi:10.1145/330643.330644
discarded,IMPLEMENTING BI-TEMPORAL PROPERTIES INTO VARIOUS NOSQL DATABASE CATEGORIES,Mohammed Eshtay; Azzam Sleit; Monther Aldwairi,2019,International Journal of Computing,10.47839/ijc.18.1.1272,https://openalex.org/W2945320064,adjacent-subtopic,"NoSQL database systems have emerged and developed at an accelerating rate in the last years. Attractive properties such as scalability and performance, which are needed by many applications today, contributed to their increasing popularity. Time is very important aspect in many applications. Many NoSQL database systems do not offer built in management for temporal properties. In this paper, we discuss how we can embed temporal properties in NoSQL databases. We review and differentiate between the most popular NoSQL stores. Moreover, we propose various solutions to modify data models for embedding bitemporal properties in two of the most popular categories of NoSQL databases (Key-value stores and Column stores). In addition, we give examples of how to represent bitemporal properties using Redis Key-value store and Cassandra column oriented store. This work can be used as basis for designing and implementing temporal operators and temporal data management in NoSQL databases.",openalex,llm,0.990,unreviewed,,doi:10.47839/ijc.18.1.1272
discarded,Iterative integration of visual insights during patent search and analysis,Steffen Koch; Harald Bosch; Mark Giereth; Thomas Ertl,2009,2009 IEEE Symposium on Visual Analytics Science and Technology,10.1109/VAST.2009.5333564,https://ieeexplore.ieee.org/document/5333564/,adjacent-subtopic,"Patents are an important economic factor in todays globalized markets. Therefore, the analysis of patent information has become an inevitable task for a variety of interest groups. The retrieval of relevant patent information is an integral part of almost every patent analysis scenario. Unfortunately, the complexity of patent material inhibits a straightforward retrieval of all relevant patent documents and leads to iterative, time-consuming approaches in practice. With `PatViz', a new system for interactive analysis of patent information has been developed to leverage iterative query refinement. PatViz supports users in building complex queries visually and in exploring patent result sets interactively. Thereby, the visual query module introduces an abstraction layer that provides uniform access to different retrieval systems and relieves users of the burden to learn different complex query languages. By establishing an integrated environment it allows for interactive reintegration of insights gained from visual result set exploration into the visual query representation. We expect that the approach we have taken is also suitable to improve iterative query refinement in other Visual Analytics systems.",ieee,llm,0.990,unreviewed,,doi:10.1109/vast.2009.5333564
discarded,Automated linked data generation from the transport administration domain,Bojan Najdenov; Goran Petkovski; Milos Jovanovik; Riste Stojanov; Dimitar Trajanov,2015,2015 23rd Telecommunications Forum Telfor (TELFOR),10.1109/TELFOR.2015.7377593,https://ieeexplore.ieee.org/document/7377593/,adjacent-subtopic,"The Linked Data approach in data publishing allows the users and their data-driven applications to have broader use cases which encompass various data sources, either publicly available on the Web, or in private repositories. The use of W3C standards in publishing such data enables uniform access across platforms. Transport information today has higher importance to the citizens and society than ever and accessing the right information at the right time can improve the quality of everyday life for many people in the world. In this paper, we describe our approach of building a system for automated Linked Data generation from the transportation domain. We used the data from the Swedish Transport Administration (STA) as a specific case study. For the purpose of RDF annotation, we developed the Transport Administration Ontology (TAO). The resulting five-star data enables advanced use case scenarios over the original STA data, which we also demonstrate with our web application.",ieee,llm,0.990,unreviewed,,doi:10.1109/telfor.2015.7377593
discarded,Network middleware for utilization of sensors in room,H. Noguchi; T. Mori; T. Sato,2003,Proceedings 2003 IEEE/RSJ International Conference on Intelligent Robots and Systems (IROS 2003) (Cat. No.03CH37453),10.1109/IROS.2003.1248910,https://ieeexplore.ieee.org/document/1248910/,adjacent-subtopic,"This paper proposes a network middleware for flexible, easy and uniform utilization of sensors in a room. The middleware has three features; 1) concentrated network configuration, which consists of sensor services and a management server, achieves network transparency for flexible and uniform sensor utilization. 2) Abstraction of sensor information using XML description makes easy utilization and uniform access to multiple sensors. 3) Management of shapes as well as position information is introduced in the network enabling the search function based on the room information and management of spatial data. Not only the implementation for sensors and a management server but also an application software by the middleware show validation of the proposed network middleware.",ieee,llm,0.990,unreviewed,,doi:10.1109/iros.2003.1248910
