status,title,authors,year,venue,doi,url,tags,abstract,provider,decision_source,llm_confidence,llm_review_outcome,llm_change_direction,paper_id
discarded,Class-based Obfuscation with Multi-objective Evolutionary Algorithms on Source Code,"Yang, Guan-Yan; Liu, Tsung-Han; Wang, Farn; Yeh, Kuo-Hui",2026,INTERNATIONAL JOURNAL OF INFORMATION SECURITY,10.1007/s10207-026-01297-z,https://www.webofscience.com/wos/woscc/full-record/WOS:001882895200001,adjacent-subtopic,"With the proliferation of software, protecting intellectual property from reverse engineering has become a paramount concern. Malicious actors who successfully decipher program logic can replicate applications, inject malicious code, and compromise user security. Code obfuscation serves as a critical defense mechanism by transforming a program's structure to impede analysis while preserving its original functionality. This process inherently involves a trade-off between maximizing the confusion introduced (potency) and minimizing performance degradation (cost), which defines a multi-objective optimization problem. In this study, we propose MOCCO (Multi-Objective Class-based Code Obfuscation), a novel framework that leverages Multi-Objective Evolutionary Algorithms (MOEAs) to automate and optimize the source code obfuscation process. Our primary contribution is the introduction and integration of class-based obfuscation techniques, which manipulate object-oriented constructs-an aspect often neglected by existing tools. We model obfuscation as a search for optimal solutions on a Pareto front, balancing metrics such as cyclomatic complexity, nesting level, code similarity, and execution time. We implement and compare three distinct MOEAs within our framework, including a global-update adaptation of MOEA/D. Our experimental evaluation, conducted on a set of benchmark programs, demonstrates that our approach, particularly when incorporating class-based techniques, generates code that scores substantially higher on structural-complexity (potency) proxies, with comparable or, in most cases, substantially lower performance overhead, relative to code produced by existing open-source obfuscators under comparable conditions.",wos,llm,0.990,unreviewed,,doi:10.1007/s10207-026-01297-z
discarded,TCN⁃Transformer: a Method for FBG Bimodal Bionic Tactile Sensing System,"Chengang, Lu; Yongqi, Liu; Shuhui, Xing; Huiquan, Lu; Yanxia, Du; Hao, Chen",2026,CHINESE JOURNAL OF LASERS-ZHONGGUO JIGUANG,10.3788/CJL251693,https://www.webofscience.com/wos/woscc/full-record/WOS:001878948100001,off-topic-false-hit,"Objective The evolution of embodied intelligence and human-robot collaboration has created an urgent demand for sophisticated tactile perception, enabling machines to interact with the physical world as dexterously and safely as humans. This capability is paramount for applications ranging from robotic-assisted minimally invasive surgery (MIS) and precision assembly to search and rescue in unstructured environments. Among various sensing modalities, fiber Bragg grating (FBG)-based tactile sensing presents a compelling solution due to its inherent advantages: immunity to electromagnetic interference , suitability for harsh environments, and potential for multiplexing and miniaturization. Crucially, a single FBG sensor can simultaneously transduce both static stress and dynamic vibration, mirroring the function of slow-adapting (SA) and fast-adapting (FA) mechanoreceptors in human skin. However, a significant gap exists between the raw potential of FBG sensing and its practical realization in intelligent systems. The core challenge lies in the effective processing of the bimodal signals. Static and dynamic signals possess fundamentally different temporal characteristics, making their feature extraction and fusion non-trivial. Existing algorithms, such as standalone temporal convolutional networks (TCN) or Transformers, often excel in one aspect but falter in another: TCN is adept at capturing local temporal features but may struggle with long-range dependencies, while standard Transformers can model global context but are computationally heavy and may overlook fine-grained local vibration details. Furthermore, practical deployment in robotic systems demands not only high accuracy but also real-time inference and model lightweighting for embedded platforms, a requirement seldom addressed in concert. Therefore, this work is motivated by the necessity to bridge this gap. Its primary objective is to develop and validate a dedicated, efficient neural network architecture that can synergistically decode the bimodal information from a single FBG tactile sensor. The proposed TCN-Transformer hybrid framework aims to achieve robust, high-accuracy material classification (hardness and texture) while maintaining the low latency and compact model size essential for real-time, embedded tactile perception in next-generation robotic systems. Methods To address the aforementioned challenges, we propose a bio-inspired TCN-Transformer fusion network, architected explicitly for FBG bimodal signal processing. The overall system pipeline is depicted in Figure 1. The raw wavelength shifts from a three-channel FBG sensor are first demodulated into static pressure and dynamic vibration signals. These two distinct temporal streams are then processed in parallel by two specialized, lightweight TCN branches before being fused and refined by a streamlined Transformer encoder. The static signal TCN branch is designed for efficiency and focus. It employs depthwise separable convolutions to reduce computational overhead significantly compared to standard convolutions, making it suitable for processing the lower-dimensional but noise-prone static signals. An attention gating mechanism is incorporated immediately after depthwise separable convolutions to allow the network to adaptively weight important temporal features, suppressing irrelevant fluctuations. Conversely, the dynamic signal TCN branch is architected for multi-scale feature extraction to capture the rich, high-frequency content of vibrations.

It utilizes a dual-branch dilated convolution structure: one branch with a larger dilation rate to capture macroscopic vibration patterns, and another with a smaller dilation rate to capture microscopic transient impacts. The outputs are fused and passed through a context enhancement module to ensure coherent integration of multi-scale features. The features from both branches are concatenated to form a unified bimodal representation. This representation is fed into a lightweight, single-layer Transformer Encoder. We adopt a Pre-LayerNorm structure for stable training and incorporate Dropout in both the attention and feed-forward networks for regularization. The Transformer's self-attention mechanism dynamically models the interdependencies between static and dynamic features across the entire sequence, performing a soft, content-aware feature fusion. The final output is projected through a fully connected layer for classification. The model is trained end-to-end using cross-entropy loss. Results and Discussions The proposed TCN-Transformer network was rigorously evaluated on a comprehensive dataset comprising 16 classes of materials with varying hardness and textures. The results demonstrate its superior performance across multiple metrics. First, the model achieved a mean classification accuracy of 95.924 degrees o based on 5-fold cross-validation, with a variance of less than +/- 0.5 degrees o, indicating high robustness and generalizability. This performance significantly outperforms several strong baselines: a CNN-LSTM model (79.236 degrees o ), a pure TCN (85.903 degrees o ), and a pure Transformer (86.837 degrees o ). This decisive margin underscores the effectiveness of the hybrid architecture in leveraging the complementary strengths of both TCN and Transformer components for bimodal signal understanding. Detailed analysis via confusion matrices provides further insight. For hardness classification alone, the model attained an accuracy of 98.54 degrees o, with near-perfect diagonal concentration, confirming the static branch's efficacy in decoding steady-state pressure. For texture classification, accuracy reached 96.25 degrees o. While some confusion exists between textures with similar spectral properties, the model demonstrates a strong capacity to discriminate high-frequency features. The integrated confusion matrix for all 16 classes shows that most errors are confined to samples with the lowest hardness (A0), a challenging case where signal-to-noise ratio is inherently lower, suggesting future work could focus on sensor structure or signal enhancement for very soft materials. Crucially for deployment, the model excels in efficiency. The final optimized model has a compact size of only 4.26 MB. It achieves a single inference latency of 6.3002 ms. This lightweight and fast performance is a direct result of the architectural choices: depthwise separable convolutions, a single Transformer layer, and the removal of redundant components. The attention heatmaps from the Transformer Encoder offer an interpretable view of the model's decision-making. One attention head primarily focuses on local, corresponding time-step correlations, likely aligning static and dynamic features from the same moment. Another head exhibits a more global, diffuse attention pattern, capturing long-range dependencies across the sequence. It validates the design of using multiple attention heads to learn diverse relational strategies between the two modalities.

Conclusions In conclusion, this work presents the TCN-Transformer, a hybrid neural network algorithm designed for processing bimodal tactile signals from a single FBG sensor. Experimental results verify the effectiveness of the proposed method. The framework achieves superior classification accuracy for material hardness and texture while meeting the critical requirements of computational efficiency and model lightweighting necessary for embedded deployment. The core innovation lies in its bio-inspired dual-path design, which enables efficient and synergistic processing of static and dynamic tactile modalities. The main contributions of this study are twofold: first, it provides a feasible deep learning solution for the challenging task of FBG-based bimodal signal fusion; second, it demonstrates a practical pathway towards implementing high-fidelity tactile perception in resource-constrained, real-time robotic systems. This work contributes to bridging the gap between sophisticated optical tactile sensing and its practical application in intelligent robots. Future efforts will focus on further optimizing the sensor's performance for extremely soft materials and validating the system in more complex, real-world robotic manipulation tasks.",wos,llm,1.000,unreviewed,,doi:10.3788/cjl251693
discarded,Gender Differences in Test Anxiety During Computer Adaptive Tests in Elementary School,"Bruggemann, Thomas; Ludewig, Ulrich; Lorenz, Ramona; McElvany, Nele",2026,JOURNAL OF PSYCHOEDUCATIONAL ASSESSMENT,10.1177/07342829261485868,https://www.webofscience.com/wos/woscc/full-record/WOS:001877359200001,off-topic-false-hit,"Computer-adaptive tests (CATs) adapt item selection to the student's ability, increasing test efficiency. Unlike fixed item tests (FITs), the solution rate of a CAT is independent of the student's ability. This can interfere with students' expectations about their test performance and increase test anxiety. Since girls tend to report higher levels of trait test anxiety, adaptive testing could have a differential effect on girls' and boys' perceived test anxiety. This study investigates differences in test anxiety between tests administered in FIT or CAT formats. In an experimental within- and between-subject design, the state anxiety of 253 fourth-grade students was measured before, during, and after a reading comprehension test administered either as a FIT or a CAT. Linear mixed-effect models showed that girls reported slightly more state test anxiety at the end of a CAT than boys. Implications for the application of CATs in elementary school classroom settings are discussed.",wos,llm,1.000,unreviewed,,doi:10.1177/07342829261485868
discarded,On the Design and Evaluation of Human-Centered Explainable AI Systems: A Systematic Review and Taxonomy,"Mangold, Aline; Zietz, Juliane; Weinhold, Susanne; Pannasch, Sebastian",2026,ADVANCES IN HUMAN-COMPUTER INTERACTION,10.1155/ahci/8450102,https://www.webofscience.com/wos/woscc/full-record/WOS:001877817000001,adjacent-subtopic,"As Artificial Intelligence (AI) becomes more common in everyday living, there is an increasing demand for intelligent systems that are both performant and understandable. Explainable AI (XAI) systems aim to provide comprehensible explanations of decisions and predictions. At present, however, evaluation processes are rather technical and not sufficiently focused on the needs of human users. Consequently, evaluation studies involving humans can serve as a valuable guide for conducting user studies. This paper presents a comprehensive review of 65 user studies evaluating XAI systems across different domains and application contexts. As a guideline for XAI developers, we provide a holistic overview of the properties of XAI systems and evaluation metrics focused on users (human centered). We propose goals for the human-centered design (design goals) of XAI systems for different user groups (AI novices and data experts). The first part of our results includes the analysis of XAI system characteristics. Importantly, we distinguish between the core system and the XAI explanation, which together form the whole system. Further results include the distinction of evaluation metrics into affection, cognition, usability, interpretability, and explanation metrics. Furthermore, the users, along with their specific characteristics and behavior, can be assessed. For AI novices, the relevant extended design goals include responsibility, acceptance, and user experience. For data experts, the focus is performance oriented, including human-AI collaboration and system task performance. Future literature trends include the design of context-aware and inclusive systems, adapting to users and the situational context. Several limitations in the reviewed literature were identified: a lack of validation, standardization, and documentation; evaluation is focused on particular metrics, rather than holistic; evaluation of explanatory and transparency components of the system is often neglected in user studies. These research gaps could be addressed by integrating existing XAI evaluation frameworks and developing validated questionnaires.",wos,llm,0.980,unreviewed,,doi:10.1155/ahci/8450102
discarded,"Educational series: thermal properties of thermoplastic polymeric materials, experimental and theoretical practices","Ajjagola, Sreecharan; Raji, Ibrahim O.; Weerasinghe, M. A. Sachini N.; Eisenhart, Mary; Konkolewicz, Dominik; Clarkson, Caitlyn M.; Youngblood, Jeffrey P.; Hubbard, Amber M.",2026,POLYMER CHEMISTRY,10.1039/d6py00427j,https://www.webofscience.com/wos/woscc/full-record/WOS:001875321400001,off-topic-false-hit,"A cornerstone in fundamental polymer processing knowledge remains the thermal properties of polymers and the structure-property-process relationships that culminate in application specific performance. Thermal properties, like the glass transition temperature and melting point, have real world significance and are measured experimentally as they depend on the thermal mechanical history of the material. This educational review introduces the typical experimental methods used to measure the thermal properties of polymers, amorphous and semi-crystalline, and how these properties depend on polymer chemistry and experimental conditions. While not a comprehensive review of all techniques available to characterize polymers, the goal of the present review is to provide sufficient information for a novice to employ commonly available techniques, using best practices, in differential scanning calorimetry, dynamic mechanical analysis, and microscopy. Additionally, introductory theoretical concepts, essential to understanding the observed properties, are also presented to provide context for the experimental methods discussed.",wos,llm,1.000,unreviewed,,doi:10.1039/d6py00427j
discarded,Metal-Organic Frameworks-Derived Carbon-Based Materials for Energy Storage and Conversion,"Nafees, Amina; Islam, Md. Merajul; Natarajan, Varagunapandiyan",2026,CHEMISTRYSELECT,10.1002/slct.74364,https://www.webofscience.com/wos/woscc/full-record/WOS:001872714400001,off-topic-false-hit,"Carbon compounds generated from metal-organic frameworks (MOFs) have emerged as exceptionally promising functional materials for enhanced energy storage and conversion, owing to their adjustable porosity, extensive surface area, customizable shape, and plentiful active sites. Most recently published reviews on MOF-derived carbon materials primarily focus on individual aspects such as supercapacitors (SCs), specific electrocatalytic reactions (oxygen reduction reaction ORR/oxygen evolution reaction (OER) or Hydrogen evolution reaction (HER)), synthesis strategies, or catalyst design, resulting in fragmented coverage of the field. In contrast, the present review provides a comprehensive and integrated perspective by systematically correlating material design, synthesis strategies, structure-property relationships, and electrochemical mechanisms across both energy storage (SCs, Lithium-ion batteries (LIBs), sodium-ion batteries (SIBs)/KIBs, Aqueous zinc-ion batteries (AZIBs), and ZABs) and energy conversion (ORR, OER, HER, HOR, CO2 reduction reaction (CO2RR), and nitrogen reduction reaction (NRR)). Furthermore, it highlights emerging topics-including advanced synthesis routes, operando/in situ characterization, structure-reaction relationships, pilot-scale production, commercialization, and future research directions-that are largely underrepresented in existing reviews. Ultimately, critical challenges and future outlooks are discussed, encompassing the creation of innovative MOF-derived carbon materials, concurrent improvement of catalytic efficiency and stability, a more profound comprehension of internal structure-reaction correlations, the application of operando and in situ characterization techniques, and the advancement of scalable pilot-scale production methods for practical energy applications.",wos,llm,1.000,unreviewed,,doi:10.1002/slct.74364
