status,title,authors,year,venue,doi,url,tags,abstract,provider,decision_source,llm_confidence,llm_review_outcome,llm_change_direction,paper_id
discarded,Context Sensitive Typechecking And Inference: Ownership And Immutability,Mier Ta,2018,UWSpace (University of Waterloo),,https://openalex.org/W2801266367,adjacent-subtopic,"Context sensitivity is one important feature of type systems that helps creating concise type rules and getting accurate types without being too conservative. In a context-sensitive type system, declared types can be resolved to different types according to invocation contexts, such as receiver and assignment contexts. Receiver-context sensitivity is also called viewpoint adaptation, meaning adapting declared types from the viewpoint of receivers. In receiver-context sensitivity, resolution of declared types only depends on receivers' types. In contrast, in assignment-context sensitivity, declared types are resolved based on context types to which declared types are assigned to. \n \nThe Checker Framework is a poweful framework for developing pluggable type systems for Java. However, it lacks the ability of supporting receiver- and assignment-context sensitivity, which makes the development of such type systems hard. The Checker Framework Inference is a framework based on the Checker Framework to infer and insert pluggable types for unannotated programs to reduce the overhead of manually doing so. This thesis presents work that adds the two context sensitivity features into the two frameworks and how those features are reused in typechecking and inference and shared between two different type systems --- Generic Universe Type System (GUT) and Practical Immutability for Classes And Objects (PICO). \n \nGUT is an existing light-weight object ownership type system that is receiver-context sensitive. It structures the heap hierarchically to control aliasing and access between objects. GUTInfer is the corresponding inference system to infer GUT types for unannotated programs. GUT is the first type system that introduces the concept of viewpoint adaptation, which inspired us to raise the receiver-context sensitivity feature to the framework level. We adapt the old GUT and GUTInfer implementation to use the new framework-level receiver-context sensitivity feature. We also improve implicits rules of GUT to better handle corner cases. \n \nImmutability is a way to control mutation and avoid unintended side-effects. Object immutability specifies restrictions on objects, such that immutable objects' states can not be changed. It provides many benefits such as safe sharing of objects between threads without the need of synchronization, compile- and run-time optimizations, and easier reasoning about the software behaviour etc. PICO is a novel object and class immutability type system developed using the Checker Framework with the new framework-level context sensitivity features. It transitively guarentees the immutability of the objects that constitute the abstraction of the root object. It supports circular initialization of immutable objects and mutability restrictions on classes that influence all instances of that class. PICO supports creation of objects whose mutability is independent from receivers, which inspired us to add the assignment-context sensitivity feature to the framework level. PICOInfer is the inference system that infers and propagates mutability types to unannotated programs according to PICO's type rules. \n \nWe experiment PICO, PICOInfer and GUTInfer on 16 real-world projects up to 71,000 lines of code in total. Our experiments indicate that the new framework-level context sensitivity features work correctly in PICO and GUT. PICO is expressive and flexible enough to be used in real-world programs. Improvements to GUT are also correct.",openalex,llm,0.980,unreviewed,,hash:9f85517c11fbbbdd
discarded,"Exercise design for introductory programming: ""Learn-by-Doing"" basic O-O-concepts using Inverted Curriculum",Marcel Kessler,2004,Repository for Publications and Research Data (ETH Zurich),10.3929/ethz-a-005115601,https://openalex.org/W2519121042,adjacent-subtopic,"In a computer science curriculum, the introductory course to programming is probably the most important course, because it can shape the student's mind forever.In Winter 2003, ETH Zurich tried a new teaching approach called Inverted Curriculum, which is starting directly with the object-oriented paradigm.The approach is based around a library that the students rst use and later modify and extend.As the evaluation in this thesis shows, the rst run of this completely new course was mostly successful.However, because preparation time was short, some material could still be improved.This thesis lists possible improvements.One main aspect of the thesis is to present more suitable exercises.The other goal is to redesign and extend the library and increase its usability.",openalex,llm,0.940,unreviewed,,doi:10.3929/ethz-a-005115601
discarded,Declarative Immutability in Java,John W Crowley,2020,DigitalCommons - Fairfield (Fairfield University),,https://openalex.org/W3097888463,adjacent-subtopic,"A pervasive mechanism is proposed to declare that variables and object instances are mutable or immutable, and whether methods mutate instances. These declarations are integral to the type structure of the language and allow the developer to declare, and the reader (and compiler) to determine, if a variable or instance is immutable (even if other instances of the Class are mutable) or that an instance is immutable throughout the application (a Pure instance). The concept of the owner or outsiders of variables and instances is combined with a series of tags to declare mutability, and can be enforced during compilation. This provides a more informative definition of the interface for a Class, requires fewer lines of code for implementation, and reduces the runtime overhead of defensive coding (creating clones). In a multi-threaded application, flagging a Pure instance to the JVM can provide significant performance improvements by eliminating unnecessary synchronizations. Many of the benefits recognized for Functional Programming are introduced to Java as an optional enhancement.",openalex,llm,0.970,unreviewed,,hash:22b50c94596d09ab
discarded,Wybe: Design of a Programming Language,Peter Schachte,2026,Software,10.3390/software5020014,https://openalex.org/W7147036511,adjacent-subtopic,"We propose a set of design principles to guide the design of a programming language intended for general, practical use. These principles center around supporting the development of robust programs, supporting independent development, the evolution of separate components of an application, and developing programs with adequate performance. We identify one key principle, interface integrity, as the most important characteristic of declarative programming languages. Following these principles has led to the development of the Wybe programming language, which provides a range of features common in functional, procedural, and logic programming languages. In particular, we argue that it provides much of the benefit of declarative programming languages, while providing much of the flexibility of imperative programming.",openalex,llm,0.900,unreviewed,,doi:10.3390/software5020014
discarded,The role of concurrency in an evolutionary view of programming abstractions,Silvia Crafà,2015,Journal of Logical and Algebraic Methods in Programming,10.1016/j.jlamp.2015.07.006,https://openalex.org/W1003799474,adjacent-subtopic,"In this paper we examine how concurrency has been embodied in mainstream programming languages. In particular, we rely on the evolutionary talking borrowed from biology to discuss major historical landmarks and crucial concepts that shaped the development of programming languages. We examine the general development process, occasionally deepening into some language, trying to uncover evolutionary lineages related to specific programming traits. We mainly focus on concurrency, discussing the different abstraction levels involved in present-day concurrent programming and emphasizing the fact that they correspond to different levels of explanation. We then comment on the role of theoretical research on the quest for suitable programming abstractions, recalling the importance of changing the working framework and the way of looking every so often. This paper is not meant to be a survey of modern mainstream programming languages: it would be very incomplete in that sense. It aims instead at pointing out a number of remarks and connect them under an evolutionary perspective, in order to grasp a unifying, but not simplistic, view of the programming languages development process.",openalex,llm,0.990,unreviewed,,doi:10.1016/j.jlamp.2015.07.006
discarded,Omega: The Power of Visual Simplicity,Benoît Sonntag; Dominique Colnet,2024,arXiv (Cornell University),10.48550/arxiv.2408.15631,https://openalex.org/W4402028497,adjacent-subtopic,"We are currently developing an innovative and visually-driven programming language called Omega.Although the Omega code is stored in text files, these files are not intended for manual editing or traditional printing.Furthermore, parsing these files using a context-free grammar is not possible.The parsing of the code and the facilitation of user-friendly manual editing both necessitate a global knowledge of the codebase.Strictly speaking, code visualization is not an integral part of the Omega language; instead, this task is delegated to the editing tools.Thanks to the global knowledge of the code, the editing process becomes remarkably straightforward, with numerous automatic completion features that enhance usability.Omega leverages a visual-oriented approach to encompass all fundamental aspects of software engineering.It offers robust features, including safe static typing, design by contracts, rules for accessing slots, operator definitions, and more,all presented in an intuitively and visually comprehensible manner, eliminating the need for obscure syntax.",openalex,llm,0.930,unreviewed,,doi:10.48550/arxiv.2408.15631
discarded,Integrating proof-transforming compilation into EiffelStudio,"Hess, Manuel",2008,Repository for Publications and Research Data (ETH Zurich),10.3929/ethz-a-005675793,https://openalex.org/W2519597465,adjacent-subtopic,Compilation from Eiffel to CIL 6 2.1 Background on the logic for Eiffel and the logic for CIL Bytecode.. 6,openalex,llm,0.960,unreviewed,,doi:10.3929/ethz-a-005675793
discarded,Rapid Prototyping Using UML and Dynamically Typed Languages,Erik Inge Marcussen,2002,NORA - Norwegian Open Research Archives,,https://openalex.org/W2408500042,adjacent-subtopic,"The Cand. Scient. thesis explores the idea of combining languages for specification and experimentation in mixed approaches of software development. Extending on the idea that a mixed approach of analytical and experimental behaviour countermeasures the weaknesses of the sole use of one approach, the thesis concentrates on how to combine two languages typically used for each approach. \nThe main goal of the thesis has been to explore the idea of mixing two languages, one typically used for specification and object-oriented modelling, the Unified Modelling Language (UML), and one for rapid development of prototypes, Ruby. The goal has been to elaborate on the possibility and implications of such a mixed language approach in the early stages of software development. The motivation for the idea has been the fact that a mixed approach of specifying and prototyping has proven to be better than a pure evolutionary or analytical approach.\nThe approach to answer this question was to develop a functional (one-to-one) mapping between UML class diagrams and Ruby, a translation model. This translation model was then used in a real life setting to develop the design of a component supporting client independent hour and absence registration. By following this approach, it was possible to examine the feasibility of such a mixed language approach, and draw conclusions based on experiences from using it in practice.",openalex,llm,0.970,unreviewed,,hash:6b6d8df2a34c6455
discarded,Designing an innovative e-mail client,Andrea Rezzonico,2005,Repository for Publications and Research Data (ETH Zurich),10.3929/ethz-a-005230641,https://openalex.org/W2110913814,adjacent-subtopic,"Most of today's e-mail tools do not address the main problem experienced by people who get a lot of e-mail messages: information overload.This project aims to propose an applicable solution to this problem using database technology.During this work we develop a set of deferred classes which defines the main components of our proposed e-mail client.Since the proposed tool should deal with a huge amount of data we payed particular attention to performance issues.We develop a search algorithm which, according to our test, achieves a performance comparable with the fastest today's tools.We believe that the object-oriented design and the algorithm described here are possible steps towards solving the information overload problem in the e-mail domain.",openalex,llm,0.990,unreviewed,,doi:10.3929/ethz-a-005230641
kept,Right and wrong: ten choices in language design,Bertrand Meyer,2022,arXiv (Cornell University),10.48550/arxiv.2211.16597,https://openalex.org/W4310557112,adjacent-subtopic; readability-claim; supports-claim,"A description of language design choices that have profound effects on software quality, criticism of how ordinary OO languages address them, and explanation of the thinking behind Eiffel's corresponding mechanisms.",openalex,llm_reviewed,0.720,changed,discarded->kept,doi:10.48550/arxiv.2211.16597
discarded,An open-source tool for detecting violations of object-oriented design principles in Java,Roland Oberweger,2020,reposiTUm (TU Wien),10.34726/hss.2020.65189,https://openalex.org/W3154524683,adjacent-subtopic,"Designprinzipien helfen Entwicklern beim Erstellen von Designs, welche leicht implementiert und gewartet werden können. Designprinzipien sind aber nur Heuristiken. Eine Verletzung eines Designprinzips zu finden hat zwei Vorteile. Erstens hat eine Designprinzip-Verletzung, im Gegensatz zu einer Metrik, eine genaue Stelle im Programmcode. Zweitens ist das Designprinzip selbst schon die Anleitung, um das Problem zu beheben. Normalerweise wird die Einhaltung von Designprinzipien manuell überprüft, weil es wenig bis gar keine Toolunterstützung gibt, vor allem im Open-Source Bereich. Verfügbare Tools konzentrieren sich auf Metriken, häufige Programmierfehler und ein paar wenige Best-Practices, bringen diese aber nie in Verbindung mit Designprinzipien. Die meiste bestehende Literatur im Bereich der Designqualität und ihrer Messbarkeit fokussiert sich auf Metriken, aber es wurde auch schon daran geforscht Verletzungen von Designprinzipien zu finden. Designprinzipien können in Design-Best-Practices zerlegt werden, welche konkret genug sind, damit ihre Verletzungen mittels statischer Code-Analyse gefunden werden können. In dieser Arbeit analysieren wir die Erkennbarkeit von Verletzungen von 23 Designprinzipien. Wir schauen uns alle Prinzipien an die bei einer Websuche aufscheinen und häufig diskutiert werden. Weil Designprinzipien vage sind, beschreiben wir sie genau. Für manche Designprinzipien gibt es bereits Erkennungsstrategien in der Literatur, für die restlichen haben wir selbst welche entwickelt. Um die Erkennungsstrategien zu evaluieren führen wir ein statisches Code-Analyse-Tool ein, welches die Erkennungsstrategien implementiert. Das neue Tool lassen wir über Open-Source Projekte laufen und analysieren das Ergebnis, um die Eignung der Erkennungsstrategien und das Tool selbst zu bewerten. Unsere Evaluierung legt nahe, dass Verletzungen von 13 der analysierten Designprinzipien automatisch erkannt werden können. Wir finden heraus, dass Verletzungen von sieben Designprinzipien grundsätzlich nicht automatisch erkennbar sind. Bei zwei Prinzipien waren wir von ihrer automatischen Erkennbarkeit überzeugt, müssen diese Annahme aber aufgrund unserer Evaluierung wieder verwerfen. Für ein Designprinzip haben wir zu wenig Information um eine sichere Aussage treffen zu können. Wir denken die automatische Erkennung von Verletzungen von Designprinzipien ist hilfreich, um die Designqualität eines Projekts zu bestimmen. Die Anzahl an gefundenen Verletzungen ist ein Indikator für die Gesamtqualität. Weiters denken wir, dass die Typen von Verletzungen Aufschluss darüber geben, welche Designaspekte vernachlässigt wurden.",openalex,llm,0.950,unreviewed,,doi:10.34726/hss.2020.65189
discarded,Using Scala to Boost Web Development,"Lähteenmäki, Jyri-Matti",2010,Tampere University Institutional Repository (Tampere University),,https://openalex.org/W1141448170,adjacent-subtopic,"Web-sovellusten kehittämiseen on tarjolla useita vaihtoehtoisia teknologioita. Loppukäyttäjälle valittu toteutusteknologia ei välttämättä ole näkyvissä, mutta asiakkaalle se näkyy projektista aiheutuvina kustannuksina. Lisäksi teknologiavalinnoilla on vaikutusta lopputuloksen laadulle ja projektin kehittäjien työn mielekkyydelle. Pääsääntöisesti vaihtoehdot perustuvat dynaamisiin ohjelmointikieliin, ja staattisesti tyypitetty kieli toisikin mielenkiintoisen vaihtoehdon. Tässä työssä tarkastellaan Scala-ohjelmointikielen soveltuvuutta perinteiseen Web-kehittämiseen ja arvioidaan sen tuomia etuja ja haittoja. \n\nScala-ohjelmointikieli on tavukoodiyhteensopiva yleisesti käytetyn Java-kielen kanssa, mutta sen funktionaalisen paradigman hyödyntäminen ja mahdollisesti hyvinkin erilainen syntaksi tekevät siitä hankalahkon opittavan Java-ohjelmoijalle. Tämän vuoksi työssä esitellään Scala-ohjelmointikielen perusteet sekä työn kannalta oleellisimmat tekniikat. Työ pyrkii tuomaan esiin eroja ja yhtäläisyyksiä Java-kieleen nähden ja luo silmäyksen tämänhetkiseen työkalutukeen. \n\nTyössä toteutetaan Scala-kielellä perinteisiä Web-kehityksessä vastaantulevia asioita ja arvioidaan niiden etuja ja haittoja vaihtoehtoisiin tapoihin nähden. Ohjelmakoodiesimerkit tarjoavat samalla konkreettisen näkymän asiaan. Joitakin mielenkiintoisia mahdollisuuksia havaittiin, joilla voi olla merkittäväkin positiivinen vaikutus ohjelmistokehitykseen. \n\nTyön yhteydessä toteutettu yksinkertainen esimerkkiprojekti tarkastelee työssä tehtyjä havaintoja käytännössä. Tällä pyritään tuomaan esille asioita, jotka tulisivat vastaan tosielämän projekteissakin. Projekti toteutettiin sekä Javalla että Scalalla, mikä osoittaa että Scala-kieltä voidaan käyttää saumattomasti osassa projektia ilman että se liikaa häiritsee muita osia. Esimerkkiprojektille ajettu yksinkertainen suorituskykytesti osoittaa, ettei Scala-toteutuksella ole suorituskykyongelmia Javatoteutukseen nähden. /Kir10",openalex,llm,0.920,unreviewed,,hash:e8f2bdb62644b3b5
kept,Truly abstract interfaces for algebraic data types: The extractor typing problem,N. Stucki,2018,Scala 2018 Proceedings of the 9th ACM SIGPLAN International Symposium on Scala Co Located with ICFP 2018,10.1145/3241653.3241658,https://www.scopus.com/inward/record.uri?partnerID=HzOxMe3b&scp=85056715453&origin=inward,supports-claim; uap-design-value,"Pattern matching enables inspecting algebraic data types, but typically prevents hiding the implementation of the matched algebraic data type. In Scala, instead, extractors also allow pattern matching on non-algebraic data types and invoking methods on the obtained objects, while partially decoupling API consumers from the API implementation. But as we show in this paper, pattern matching using extractors is restricted compared to matching against case classes. We argue this violates the appropriate variant of the uniform access principle. To address this problem, we propose a small language extension, which enables defining truly abstract interfaces and freely evolve their implementation.",scopus,llm_reviewed,0.960,confirmed,,doi:10.1145/3241653.3241658
discarded,Beyond programming languages,Terry Winograd,1979,Communications of the ACM,10.1145/359131.359133,https://openalex.org/W2134984189,adjacent-subtopic,"As computer technology matures, our growing ability to create large systems is leading to basic changes in the nature of programming. Current programming language concepts will not be adequate for building and maintaining systems of the complexity called for by the tasks we attempt. Just as high level languages enabled the programmer to escape from the intricacies of a machine's order code, higher level programming systems can provide the means to understand and manipulate complex systems and components. In order to develop such systems, we need to shift our attention away from the detailed specification of algorithms, towards the description of the properties of the packages and objects with which we build. This paper analyzes some of the shortcomings of programming languages as they now exist, and lays out some possible directions for future research.",openalex,llm,0.940,unreviewed,,doi:10.1145/359131.359133
