status,title,authors,year,venue,doi,url,tags,abstract,provider,decision_source,llm_confidence,llm_review_outcome,llm_change_direction,paper_id
discarded,EFFECTS OF BIODIVERSITY ON ECOSYSTEM FUNCTIONING: A CONSENSUS OF CURRENT KNOWLEDGE,David U. Hooper; F. Stuart Chapin; John J. Ewel; Andy Hector; Pablo Inchausti; Sandra Lavorel; John Hartley Lawton; David M. Lodge; Michel Loreau; Shahid Naeem; Bernhard Schmid; Heikki M. Setälä; Amy J. Symstad; John H. Vandermeer; David A. Wardle,2005,Ecological Monographs,10.1890/04-0922,https://openalex.org/W2103317434,off-topic-false-hit,"Humans are altering the composition of biological communities through a variety of activities that increase rates of species invasions and species extinctions, at all scales, from local to global. These changes in components of the Earth's biodiversity cause concern for ethical and aesthetic reasons, but they also have a strong potential to alter ecosystem properties and the goods and services they provide to humanity. Ecological experiments, observations, and theoretical developments show that ecosystem properties depend greatly on biodiversity in terms of the functional characteristics of organisms present in the ecosystem and the distribution and abundance of those organisms over space and time. Species effects act in concert with the effects of climate, resource availability, and disturbance regimes in influencing ecosystem properties. Human activities can modify all of the above factors; here we focus on modification of these biotic controls. The scientific community has come to a broad consensus on many aspects of the relationship between biodiversity and ecosystem functioning, including many points relevant to management of ecosystems. Further progress will require integration of knowledge about biotic and abiotic controls on ecosystem properties, how ecological communities are structured, and the forces driving species extinctions and invasions. To strengthen links to policy and management, we also need to integrate our ecological knowledge with understanding of the social and economic constraints of potential management practices. Understanding this complexity, while taking strong steps to minimize current losses of species, is necessary for responsible management of Earth's ecosystems and the diverse biota they contain. Based on our review of the scientific literature, we are certain of the following conclusions: 1) Species' functional characteristics strongly influence ecosystem properties. Functional characteristics operate in a variety of contexts, including effects of dominant species, keystone species, ecological engineers, and interactions among species (e.g., competition, facilitation, mutualism, disease, and predation). Relative abundance alone is not always a good predictor of the ecosystem-level importance of a species, as even relatively rare species (e.g., a keystone predator) can strongly influence pathways of energy and material flows. 2) Alteration of biota in ecosystems via species invasions and extinctions caused by human activities has altered ecosystem goods and services in many well-documented cases. Many of these changes are difficult, expensive, or impossible to reverse or fix with technological solutions. 3) The effects of species loss or changes in composition, and the mechanisms by which the effects manifest themselves, can differ among ecosystem properties, ecosystem types, and pathways of potential community change. 4) Some ecosystem properties are initially insensitive to species loss because (a) ecosystems may have multiple species that carry out similar functional roles, (b) some species may contribute relatively little to ecosystem properties, or (c) properties may be primarily controlled by abiotic environmental conditions. 5) More species are needed to insure a stable supply of ecosystem goods and services as spatial and temporal variability increases, which typically occurs as longer time periods and larger areas are considered. We have high confidence in the following conclusions: 1) Certain combinations of species are complementary in their patterns of resource use and can increase average rates of productivity and nutrient retention. At the same time, environmental conditions can influence the importance of complementarity in structuring communities. Identification of which and how many species act in a complementary way in complex communities is just beginning. 2) Susceptibility to invasion by exotic species is strongly influenced by species composition and, under similar environmental conditions, generally decreases with increasing species richness. However, several other factors, such as propagule pressure, disturbance regime, and resource availability also strongly influence invasion success and often override effects of species richness in comparisons across different sites or ecosystems. 3) Having a range of species that respond differently to different environmental perturbations can stabilize ecosystem process rates in response to disturbances and variation in abiotic conditions. Using practices that maintain a diversity of organisms of different functional effect and functional response types will help preserve a range of management options. Uncertainties remain and further research is necessary in the following areas: 1) Further resolution of the relationships among taxonomic diversity, functional diversity, and community structure is important for identifying mechanisms of biodiversity effects. 2) Multiple trophic levels are common to ecosystems but have been understudied in biodiversity/ecosystem functioning research. The response of ecosystem properties to varying composition and diversity of consumer organisms is much more complex than responses seen in experiments that vary only the diversity of primary producers. 3) Theoretical work on stability has outpaced experimental work, especially field research. We need long-term experiments to be able to assess temporal stability, as well as experimental perturbations to assess response to and recovery from a variety of disturbances. Design and analysis of such experiments must account for several factors that covary with species diversity. 4) Because biodiversity both responds to and influences ecosystem properties, understanding the feedbacks involved is necessary to integrate results from experimental communities with patterns seen at broader scales. Likely patterns of extinction and invasion need to be linked to different drivers of global change, the forces that structure communities, and controls on ecosystem properties for the development of effective management and conservation strategies. 5) This paper focuses primarily on terrestrial systems, with some coverage of freshwater systems, because that is where most empirical and theoretical study has focused. While the fundamental principles described here should apply to marine systems, further study of that realm is necessary. Despite some uncertainties about the mechanisms and circumstances under which diversity influences ecosystem properties, incorporating diversity effects into policy and management is essential, especially in making decisions involving large temporal and spatial scales. Sacrificing those aspects of ecosystems that are difficult or impossible to reconstruct, such as diversity, simply because we are not yet certain about the extent and mechanisms by which they affect ecosystem properties, will restrict future management options even further. It is incumbent upon ecologists to communicate this need, and the values that can derive from such a perspective, to those charged with economic and policy decision-making.",openalex,llm,1.000,unreviewed,,doi:10.1890/04-0922
discarded,One-electron properties of several small molecules using near Hartree–Fock limit basis sets,David F. Feller; Caroline M. Boyle; Ernest R. Davidson,1987,The Journal of Chemical Physics,10.1063/1.451999,https://openalex.org/W2060970724,off-topic-false-hit,"Selected one-electron properties for eight small molecules (H2O, CO, N2, H2S, NH3, PH3, HCl, and HF) have been computed using extended Gaussian basis sets at the SCF and CI levels. The basis sets and CI methodologies were capable of recovering approximately 86% of the estimated total correlation energy (88% of the valence) and, to the best of our knowledge, yielded the lowest variational energies and closest overall agreement with experimentally determined properties to date. Compared to numerical Hartree–Fock properties the current values are generally within 1%, with the largest deviation being 2.6% for δ at the nucleus. The sensitivity of the computed properties to the basis set composition and type of CI are discussed.",openalex,llm,1.000,unreviewed,,doi:10.1063/1.451999
discarded,Classification and reconstruction of three-dimensional microstructures using support vector machines,Veera Sundararaghavan; Nicholas J. Zabaras,2004,Computational Materials Science,10.1016/j.commatsci.2004.07.004,https://openalex.org/W2086774128,off-topic-false-hit,"Reconstruction of three-dimensional (3D) microstructures is posed and solved as a pattern recognition problem. A microstructure database is used within a support vector machines framework: for predicting 3D reconstructions of microstructures using limited statistical information available from planar images. The 3D distributions of the grain size of the reconstructed polyhedral microstructures exhibit qualitative agreement with stereological predictions. Amenability of the approach for studying microstructure-property relationships is shown by comparing the computed properties of reconstructed microstructures with available experimental results. Combination of classification methodology and principal component analysis for effective reduced-order representation of 3D microstructures is demonstrated. The pattern recognition technique discussed uses two-dimensional microstructure signatures to generate in nearly real-time 3D realizations, thus accelerating prediction of material properties and contributing to the development of materials-by-design. (C) 2004 Elsevier B.V. All rights reserved.",openalex,llm,1.000,unreviewed,,doi:10.1016/j.commatsci.2004.07.004
discarded,The ITensor Software Library for Tensor Network Calculations,Matthew Fishman; Steven R. White; Edwin Miles Stoudenmire,2022,SciPost Physics Codebases,10.21468/scipostphyscodeb.4,https://openalex.org/W3045710579,adjacent-subtopic,"ITensor is a system for programming tensor network calculations with an interface modeled on tensor diagrams, allowing users to focus on the connectivity of a tensor network without manually bookkeeping tensor indices. The ITensor interface rules out common programming errors and enables rapid prototyping of algorithms. After discussing the philosophy behind the ITensor approach, we show examples of each part of the interface including Index objects, the ITensor product operator, tensor factorizations, tensor storage types, algorithms for matrix product state (MPS) and matrix product operator (MPO) tensor networks, quantum number conserving block sparse tensors, and the NDTensors library. We also review publications that have used ITensor for quantum many-body physics and for other areas where tensor networks are increasingly applied. To conclude we discuss promising features and optimizations to be added in the future.",openalex,llm,0.920,unreviewed,,doi:10.21468/scipostphyscodeb.4
discarded,"Effects of exchange, correlation, and numerical approximations on the computed properties of the rutile TiO2 (100) surface",Joseph Muscat; N. M. Harrison; Geoff Thornton,1999,"Physical review. B, Condensed matter",10.1103/physrevb.59.2320,https://openalex.org/W1982315985,off-topic-false-hit,"We present fully converged, all-electron, ab initio calculations of the structural relaxation at the ${\mathrm{TiO}}_{2}(100)\ensuremath{-}(1\ifmmode\times\else\texttimes\fi{}1)$ surface. The effects of electron exchange, correlation, and various numerical approximations are isolated and quantified. We find that the predicted relaxations are insensitive to the treatment of exchange and correlation, but do depend on numerical approximations. The results of previous ab initio calculations are discussed in the light of these findings.",openalex,llm,1.000,unreviewed,,doi:10.1103/physrevb.59.2320
discarded,Ab Initio Molecular Dynamics: Basic Theory and Advanced Methods,Donald G. Truhlar,2010,Physics Today,10.1063/1.3366243,https://openalex.org/W2041778475,off-topic-false-hit,Preface 1. Setting the stage: why ab initio molecular dynamics? Part I. Basic Techniques: 2. Getting started: unifying MD and electronic structure 3. Implementation: using the plane wave basis set 4. Atoms with plane waves: accurate pseudopotentials Part II. Advanced Techniques: 5. Beyond standard ab initio molecular dynamics 6. Beyond norm-conserving pseudopotentials 7. Computing properties 8. Parallel computing Part III. Applications: 9. From materials to biomolecules 10. Properties from ab initio simulations 11. Outlook Bibliography Index.,openalex,llm,0.990,unreviewed,,doi:10.1063/1.3366243
discarded,Formal Verification of Smart Contracts,Karthikeyan Bhargavan; Antoine Delignat-Lavaud; Cédric Fournet; Anitha Gollamudi; Georges Gonthier; Nadim Kobeissi; Natalia Kulatova; Aseem Rastogi; Thomas Sibut-Pinote; Nikhil Swamy; Santiago Zanella-Béguelin,2016,,10.1145/2993600.2993611,https://openalex.org/W2538848838,adjacent-subtopic,"Ethereum is a framework for cryptocurrencies which uses blockchain technology to provide an open global computing platform, called the Ethereum Virtual Machine (EVM). EVM executes bytecode on a simple stack machine. Programmers do not usually write EVM code; instead, they can program in a JavaScript-like language, called Solidity, that compiles to bytecode. Since the main purpose of EVM is to execute smart contracts that manage and transfer digital assets (called Ether), security is of paramount importance. However, writing secure smart contracts can be extremely difficult: due to the openness of Ethereum, both programs and pseudonymous users can call into the public methods of other programs, leading to potentially dangerous compositions of trusted and untrusted code. This risk was recently illustrated by an attack on TheDAO contract that exploited subtle details of the EVM semantics to transfer roughly $50M worth of Ether into the control of an attacker.",openalex,llm,0.980,unreviewed,,doi:10.1145/2993600.2993611
discarded,Removal of cement mortar remains from recycled aggregate using pre-soaking approaches,Vivian W.Y. Tam; C. M. Tam; Khoa N. Le,2006,Resources Conservation and Recycling,10.1016/j.resconrec.2006.05.012,https://openalex.org/W2119305381,off-topic-false-hit,"With a rising tide of adoption of recycled aggregate (RA) for construction, investigation on ways to improve the quality of RA has been overwhelming. The adoption of RA brings benefits including savings in the limited landfill spaces and the use of natural resources. However, the poorer quality of RA often limits its utilization to low grade applications such as sub-grade activities, filling materials and low grade concrete. The major reason that affects the quality of RA is the large amount of cement mortar remains on the surface of the aggregate, resulting in higher porosity, water absorption rates and thus a weaker interfacial zone between new cement mortar and aggregates, which weakens the strength and mechanical performance of concrete made from RA. This paper attempts to study three pre-soaking treatment approaches; namely ReMortar(HCl), ReMortar(H2SO4) and ReMortar(H3PO4) in reducing the mortar attached to RA. The results show that the behaviour of RA has improved with reduction in water absorption, without simultaneous exceeding the limits of chloride and sulphate compositions after the treatment. This work has also compared the compressive strength, flexural strength and modulus of elasticity of concrete made from the approaches, which shows marked improvements in quality when compared with those using traditional approaches. (c) 2006 Elsevier B.V. All rights reserved.",openalex,llm,1.000,unreviewed,,doi:10.1016/j.resconrec.2006.05.012
discarded,Functional materials discovery using energy–structure–function maps,Angeles Pulido; Linjiang Chen; Tomasz Kaczorowski; Daniel Holden; Marc A. Little; Samantha Yu-ling Chong; Benjamin J. Slater; David P. McMahon; Baltasar Bonillo; Chloe J. Stackhouse; Andrew Stephenson; Christopher M. Kane; Rob Clowes; Tom Hasell; Andrew Ian Cooper; Graeme Matthew Day,2017,Nature,10.1038/nature21419,https://openalex.org/W2591366729,off-topic-false-hit,"Molecular crystals cannot be designed in the same manner as macroscopic objects, because they do not assemble according to simple, intuitive rules. Their structures result from the balance of many weak interactions, rather than from the strong and predictable bonding patterns found in metal–organic frameworks and covalent organic frameworks. Hence, design strategies that assume a topology or other structural blueprint will often fail. Here we combine computational crystal structure prediction and property prediction to build energy–structure–function maps that describe the possible structures and properties that are available to a candidate molecule. Using these maps, we identify a highly porous solid, which has the lowest density reported for a molecular crystal so far. Both the structure of the crystal and its physical properties, such as methane storage capacity and guest-molecule selectivity, are predicted using the molecular structure as the only input. More generally, energy–structure–function maps could be used to guide the experimental discovery of materials with any target function that can be calculated from predicted crystal structures, such as electronic structure or mechanical properties.",openalex,llm,1.000,unreviewed,,doi:10.1038/nature21419
discarded,Two-step homogenization of textile composites using mechanics of structure genome,Xin Liu; Khizar Rouf; Bo Peng; Wenbin Yu,2017,Composite Structures,10.1016/j.compstruct.2017.03.029,https://openalex.org/W2593714367,off-topic-false-hit,"Mechanics of structure genome is extended to provide a novel two-step homogenization approach to predicting the effective properties of textile composites. The first homogenization step (micro-homogenization) deals with determining the effective properties of tows (yarns) from fiber and matrix properties. In the second homogenization step (macro-homogenization), the effective properties of textile composites are computed from the yarn and matrix properties. MSG is enabled to capture pointwise anisotropy that is due to woven microstructures. The finite thickness effects and inter-ply shift effects of textile composites are also accurately predicted by enabling MSG to treat aperiodic conditions in the thickness direction. A new software TexGen4SC, freely accessible in the cloud as an App at https://cdmhub.org/resources/texgen4sc, is developed based on TexGen and MSG companion code SwiftComp (TM). TexGen4SC provides a fast and convenient way to compute properties of textile composites. Several numerical examples are presented to investigate the efficiency and accuracy of the proposed method. (C) 2017 Elsevier Ltd. All rights reserved.",openalex,llm,1.000,unreviewed,,doi:10.1016/j.compstruct.2017.03.029
discarded,Recent progress of the Computational 2D Materials Database (C2DB),Morten Niklas Gjerding; Alireza Taghizadeh; Asbjørn Rasmussen; Sajid Ali; Fabian Bertoldo; Thorsten Deilmann; Nikolaj Rørbæk Knøsgaard; Mads Kruse; Ask Hjorth Larsen; Simone Manti; Thomas Garm Pedersen; Urko Petralanda; Thorbjørn Skovhus; Mark Kamper Svendsen; Jens Jørgen Mortensen; Thomas Olsen; Kristian Sommer Thygesen,2021,2D Materials,10.1088/2053-1583/ac1059,https://openalex.org/W3129006275,off-topic-false-hit,"Abstract The Computational 2D Materials Database (C2DB) is a highly curated open database organising a wealth of computed properties for more than 4000 atomically thin two-dimensional (2D) materials. Here we report on new materials and properties that were added to the database since its first release in 2018. The set of new materials comprise several hundred monolayers exfoliated from experimentally known layered bulk materials, (homo)bilayers in various stacking configurations, native point defects in semiconducting monolayers, and chalcogen/halogen Janus monolayers. The new properties include exfoliation energies, Bader charges, spontaneous polarisations, Born charges, infrared polarisabilities, piezoelectric tensors, band topology invariants, exchange couplings, Raman spectra and second harmonic generation spectra. We also describe refinements of the employed material classification schemes, upgrades of the computational methodologies used for property evaluations, as well as significant enhancements of the data documentation and provenance. Finally, we explore the performance of Gaussian process-based regression for efficient prediction of mechanical and electronic materials properties. The combination of open access, detailed documentation, and extremely rich materials property data sets make the C2DB a unique resource that will advance the science of atomically thin materials.",openalex,llm,1.000,unreviewed,,doi:10.1088/2053-1583/ac1059
