status,title,authors,year,venue,doi,url,tags,abstract,provider,decision_source,llm_confidence,llm_review_outcome,llm_change_direction,paper_id
discarded,Specific Identification Method of Depolarization Enhanced Skin State,"Ying, Chang; Wanrong, Gao",2026,LASER & OPTOELECTRONICS PROGRESS,10.3788/LOP260442,https://www.webofscience.com/wos/woscc/full-record/WOS:001857719600010,off-topic-false-hit,"Objective Polarization sensitive optical coherence tomography is a technique that combines optical coherence tomography with polarization measurement to obtain two-dimensional or three-dimensional depth resolution images of sample intensity and polarization parameters by exploiting the low coherence characteristics of the light source. Due to its potential to obtain more comprehensive information on biological tissue structures, it has currently been applied in the diagnosis and monitoring of eye diseases, burn and scar skin, tendon and myelinated nerve fiber lesions, atherosclerosis, breast tumors, etc. However, the combination of polarization theory and optical coherence tomography is difficult to be widely used due to its complex information, low specificity and poor readability. From the perspective of exploring the specific analysis method of tissue polarization information, this paper combines the multiple parameter theory of depolarization mechanism and the Mueller matrix classification theory to define a specific pointer parameter group, which can efficiently and accurately characterize early skin lesions. Methods In this study, firstly, the expressions of multiple polarization parameters with clear physical meanings containing elements of the Mueller matrix are summarized. One set of parameters is derived based on the light propagation model, while the other set of polarization parameters is derived by establishing the relationship between the component matrix of the classical decomposition of the macroscopic Mueller matrix and the component matrix of the polar decomposition based on its unique form. On this basis, on the one hand, six combined parameters obtained by classifying and combining 14 polarization parameters derived from two methods, namely the light propagation model and the unique form exploration of regular decomposition, are introduced. By combining multiple types of depolarizing parameters with the expressions of non-depolarizing parameters, a method for enhancing the contrast mechanism considering the depolarizing mechanism is obtained. On the other hand, the polarization degree and statistical analysis theory are studied and the general classification form of the Mueller matrix is given. The arrow form of the Mueller matrix containing statistical parameters is characterized under specific conditions of different polarization degree values. The RVC parameters including the variance in the form of classification arrows of the experimental Mueller matrix are obtained to characterize the polarization characteristics of the tissue. Finally, the specific parameter RVC obtained by the Mueller matrix classification based on the arrow representation method is combined with the multiple polarization parameters obtained by the depolarization mechanism considered method as D Delta e-com, alpha epsilon(d Delta e-com), R Delta e-com, and alpha epsilon(r Delta e-com). Four depolarization enhanced specific recognition parameters, DRVC Delta e-com, alpha epsilon(RVCd Delta e-com), RRVC Delta e-com and alpha epsilon(RVCr Delta e-com) are then obtained to characterize the diattenuation and birefringence and their axis. In order to demonstrate the application potential of the proposed method, parametric images of mouse skin under different conditions are obtained using a built polarization-sensitive optical coherence tomography (PS-OCT).

Results and Discussions The PS-OCT system, imaging principle and depth-resolved polarization imaging process are shown. It highlights the system structure, sample preparation, data acquisition and analysis processes. Under four different incident conditions of polarized light, the image information of 16 elements in the Mueller matrix within the effective imaging depth of the sample is obtained by using the PS-OCT system. Then, the corresponding multiple polarization parameter images, RVC parameter image and specific recognition parameter images are calculated. Furthermore, the region of interest is determined and the image analysis is completed. The sample preparation process is based on isolated normal skin tissues in the resting phase and inflammatory fibrotic skin tissues of mouse, which are fixed with paraformaldehyde and stored in a laboratory-specific refrigerator. The analysis shows that for isolated normal and inflammatory skin samples of mice, the proposed method not only improves the contrast of RVC images, but also retains the characteristics of superior depth contrast performance, high sensitivity to specific structures, and high integration of polarization information. It also has the significant potential of depolarization parameters to enhance and smooth the contrast of the entire imaging depth, indicate skin dehydration phenomena, be sensitive to changes in the micro-structure of the skin surface, and identify the boundaries of deep skin tissue structures. Conclusions Based on PS-OCT technology, this paper conducts research on a specific recognition method for depolarization enhanced skin structure states, aiming to achieve accurate and efficient assessment of skin tissue structure states and their changes. Combining a method of enhancing the polarization contrast of isolated mouse skin by PS-OCT considering the depolarizing mechanism, and a multi-state specific recognition method of skin tissue structure based on the Mueller matrix classification theory, a set of depolarizing enhanced skin structure state-specific parameters is proposed. The specific parameter images of the depolarizing enhanced skin structure state of isolated mouse skin, including normal skin tissue in the resting phase and inflammatory fibrotic skin tissue, are obtained and calculated using the PS-OCT system established in the laboratory. The experimental results show that the proposed method has the characteristics of superior depth contrast performance, high sensitivity to specific structures, and high integration of polarization information. At the same time, it also has the important potential to improve and smooth the depth contrast of the entire imaging, indicate skin dehydration phenomena, be sensitive to changes in the micro-structure of the skin surface, and identify the boundaries of deep skin tissue structures.",wos,llm,1.000,unreviewed,,doi:10.3788/lop260442
discarded,"Adaptation and Psychometric Validation of a Family, Teacher, and Peer Support Questionnaire in Primary Education Using Visual and Auditory Supports","Lara, Laura; Saracostti, Mahia; de-Toro, Ximena",2026,ELECTRONIC JOURNAL OF RESEARCH IN EDUCATIONAL PSYCHOLOGY,,https://www.webofscience.com/wos/woscc/full-record/WOS:001869020100007,off-topic-false-hit,"Introduction. Perceived support from family, teachers, and peers is a central component of school adjustment in primary education. The aim of this study was to adapt and examine the psychometric properties of a brief questionnaire designed to assess family, teacher, and peer support among 3rd-and 4th-grade students in Chile, incorporating illustrations, pictorial response scales, and auditory resources to ensure accessibility. Method. The adaptation process included item redesign, expert judgment, and focus groups with students. The final version was administered to 471 students in third grade (53.7%) and fourth grade (46.3%) of Primary Education, aged 7 to 11 years (M = 8.77, SD = 0.71) (non-probabilistic sampling; 51% boys and 49% girls), using a computer-based application with integrated audio. Descriptive analyses and a confirmatory factor analysis (CFA) were conducted. Results. Confirmatory factor analysis supported a three-factor correlated structure (family, teacher, and peer support) with adequate fit indices (RMSEA = .046; CFI = .971; TLI = .967). The three subscales demonstrated satisfactory internal consistency (ordinal alpha = .78-.89) and showed predictive validity with respect to academic performance. Conclusion. Overall, the results indicate that the questionnaire is a valid, reliable, and developmentally appropriate tool for assessing perceived support in Primary Education. Its application facilitates the early identification of support needs and informs educational and preventive practices within schools. These findings provide empirical evidence for the measurement of contextual factors in early grades and support its use in educational screening and intervention aimed at improving students' school adjustment.",wos,llm,1.000,unreviewed,,hash:094a79ab90835cdf
discarded,An Efficient and Fast Image Encryption Scheme Based on a Novel One-Dimensional Hybrid Chaotic System,"Terchoune, Fatma Zohra; Mehallel, Elhadi; Rabehi, Abdelhalim; Agajie, Takele Ferede; Khlifi, Mohamed Arbi; Rabehi, Abdelaziz",2026,IET IMAGE PROCESSING,10.1049/ipr2.70467,https://www.webofscience.com/wos/woscc/full-record/WOS:001867404500001,off-topic-false-hit,"Recently, images have been used widely in a variety of fields, including social media, the military and medicine. Sensitive images are often transmitted over insecure networks and chaotic maps offer effective cryptographic properties for securing these transmissions. One-dimensional (1D) chaotic maps are commonly employed in data encryption due to their simplicity, high randomness properties, excellent chaotic behaviours and high security levels. However, numerous chaos-based image encryption algorithms have drawbacks that are generally related to the chaotic systems used and their encryption structures. To overcome these limitations, this paper first proposes a hybrid chaotic system based on 1D-sine-logistic-sine-tent (1D-SLST) chaotic maps. Using 1D-SLST chaotic generators, we produced a new 1D chaotic map exhibiting enhanced chaotic properties compared to the conventional maps. To examine its application in multimedia security, an effective image encryption algorithm is also introduced that leverages the chaotic behaviour of 1D-SLST. Our algorithm utilises a variety of confusion operations, including zigzag transform, image rotation and pixel confusion. A pixel adaptive diffusion operation based on modulo arithmetic is also introduced. Simulation experiments and security performance evaluations confirm the effectiveness of the proposed scheme, which gives information entropy, NPCR and UACI values of 7.998866, 99.60876% and 33.46990%, respectively, which are close to ideal values. Comparative simulation results indicate that the proposed image encryption algorithm ensures a high level of security and fast encryption speed, achieving superior performance compared to several state-of-the-art methods.",wos,llm,1.000,unreviewed,,doi:10.1049/ipr2.70467
discarded,A Task-Specific Performance Rating Scale for Laparoscopic Intracorporeal Suturing and Knot Tying: Development and Initial Evaluation,"Xia, Xiang; Zhou, Zihan; Lu, Yihong; Bian, Zhengqian; Tang, Qiushi; Zhang, Zizhen",2026,JOURNAL OF LAPAROENDOSCOPIC & ADVANCED SURGICAL TECHNIQUES,10.1177/10926429261486295,https://www.webofscience.com/wos/woscc/full-record/WOS:001867998600001,off-topic-false-hit,"Background: Laparoscopic intracorporeal suturing and knot tying is a core minimally invasive surgical skill, but generic global rating instruments may not identify the task-specific technical errors needed for targeted feedback. We developed an 8-item performance rating scale for a standardized simulator task and evaluated its measurement properties. Methods: In a cross-sectional cohort, 82 participants across 5 training levels completed 1 interrupted laparoscopic suture consisting of 1 needle pass, 3 intracorporeal knots, and final cutting. Deidentified videos were independently scored by 3 raters. Interrater reliability was estimated using 2-way random effects, absolute-agreement intraclass correlation coefficients (ICCs). Between-level performance was assessed using Kruskal-Wallis tests, Holm-adjusted pairwise comparisons, and Spearman correlation. Twelve learners completed the task before and after standardized training. Results: Quality scores differed across training levels (P < .001) and correlated strongly with level (Spearman rho = 0.872, P < .001). Completion time decreased with level (rho = -0.897, P < .001). Total-score reliability was excellent (ICC[2,1] = 0.960; ICC[2,3] = 0.986). After training, mean quality score increased by 5.83 points, and completion time decreased by 29.17 seconds (both P < .001). Conclusions: The scale provides a reliable, reproducible method for video-based assessment of laparoscopic intracorporeal suturing and knot-tying performance. Its principal current use is to differentiate novice and early-stage operators and to track progress during simulator-based practice. More demanding tasks and multicenter evaluation are needed before use for advanced proficiency decisions.",wos,llm,1.000,unreviewed,,doi:10.1177/10926429261486295
discarded,Developing prediction model for ripeness level of melon (Cucumis melo L.) based on acoustic impulses using artificial neural network (ANN),"Khuriyati, Nafis; Kasih, Avicenna Nur",2026,BULGARIAN JOURNAL OF AGRICULTURAL SCIENCE,,https://www.webofscience.com/wos/woscc/full-record/WOS:001862524200027,off-topic-false-hit,"Non-climacteric fruits such as melons are often difficult to assess for ripeness due to the lack of obvious physical changes upon ripeness. Currently, melon producers rely on visual assessment, which requires specialized expertise and involves inefficient, destructive test methods. Thus, a non-destructive approach like acoustic impulse is crucial for ripeness classification. This study aims to develop a melon ripeness prediction model based on an acoustic impulse test. A total of 120 Honey Globe melons (Cucumis melo var. inodorus) were measured for acoustic properties (dominant frequency, magnitude, zero moment power, and short-term energy), using a knocker to obtain acoustic parameter data. The acoustic parameter data were processed using an artificial neural network (ANN) with the Backpropagation method, and model performance was evaluated using a confusion matrix. The model showed excellent performance with an R2 value of 94.46% and accuracy, precision, and recall rates of 98.33%, 97.37%, and 97.37%, respectively.",wos,llm,1.000,unreviewed,,hash:6cb26f20fcb9ba65
discarded,Kinetic and Simulation Study of Methane Stepwise Conversion with CO for Clean Fuel Production,"Yu, Hanzhi; Yang, Shiying; Mei, Lixinyu; Weng, Yixin; Jiao, Fan; Liu, Qibin",2026,JOURNAL OF THERMAL SCIENCE,10.1007/s11630-026-2338-z,https://www.webofscience.com/wos/woscc/full-record/WOS:001862205500001,off-topic-false-hit,"Dry methane reforming (DMR) is a promising pathway for clean fuel production owing to its capability to convert CO2 into value-added carbon monoxide. However, its practical deployment is plagued by catalyst deactivation from carbon deposition and high activation energy barriers. Methane carbon cyclic reforming (MCCR) enables in situ removal of deposited carbon by coupling catalytic decomposition of methane (CDM) with the reverse Boudouard (RB) reaction, thereby generating H2 and CO with favorable selectivity. This makes MCCR a potential pathway for clean fuel synthesis. The development of numerical models has been hampered by the lack of understanding of the dynamics of MCCR, allowing key aspects such as kinetic response to remain in a state of confusion. In this study, a kinetic model for MCCR over commercial Ni/Al2O3 catalysts has been established. Apparent activation energies for CDM and RB are quantified under varying experimental conditions, and a numerical model is introduced to characterize the thermodynamic and kinetic properties of MCCR. Over 200 carbon deposition-removal cycles, the timely elimination of low-graphitized carbon enables a carbon removal efficiency of 99.73%, highlighting the catalyst's stability under cyclic operation. Compared with conventional DMRs, the stepwise pathway of CDM and RB reduces the apparent activation energies by 76.41% and 18.83%, respectively, in the temperature range of 948 K-1023K. The simulation results agree with experimental conversion data and provide insights into distributions of velocity, pressure, and species during the reforming process. These findings offer theoretical insights and quantitative support for design and experiment of MCCR.",wos,llm,1.000,unreviewed,,doi:10.1007/s11630-026-2338-z
discarded,Large Language Models as Distributional Baselines for Language Tasks,"Trott, Sean; Michaelov, James; Jones, Cameron; Chang, Tyler; Bergen, Benjamin",2026,OPEN MIND-DISCOVERIES IN COGNITIVE SCIENCE,10.1162/OPMI.a.373,https://www.webofscience.com/wos/woscc/full-record/WOS:001860911400001,off-topic-false-hit,"In order to ask questions about the mechanisms underpinning human cognition, researchers must control for properties of stimuli that could confound detected effects. In experiments involving linguistic stimuli, this includes properties like frequency, length, and neighborhood size of those stimuli, which are known to affect behavioral and neural responses. With improvements in the performance and usability of language models, it is now possible to also control for how predictable stimuli and their parts are, on the basis of the distributions of words alone: their distributional predictability. This coincides with a resurgence of interest in the possibility that statistical language learning may underlie a broad range of human cognitive phenomena; indeed, there are both theoretical and empirical reasons to believe that humans rely on distributional information during certain cognitive tasks. This creates a confound, whereby experimental operationalizations of psychological constructs with linguistic stimuli may not in fact be testing what they are intended to test. Thus, the central contributions of this paper are twofold: first, we articulate the conditions under which distributional predictability threatens the internal validity of an experiment; and second, we provide concrete recommendations for how to control for this potential confound. Beyond these primary contributions, we survey techniques for measuring distributional predictability, review theoretical and empirical work supporting the role of distributional statistics in human cognition, and present several case studies illustrating the range of possible outcomes-from the ""distributional baselines"" only marginally affecting theoretical inferences to constituting fully deflationary confounds. We also enumerate and address potential objections to this approach. This paper is primarily intended for researchers in psychology, cognitive science, and linguistics who use linguistic stimuli but have not yet incorporated distributional baselines into their work.",wos,llm,0.990,unreviewed,,doi:10.1162/opmi.a.373
