status,title,authors,year,venue,doi,url,tags,abstract,provider,decision_source,llm_confidence,llm_review_outcome,llm_change_direction,paper_id
discarded,"Is clinical experience associated with lower perceived resuscitation stress in emergency nurses? Psychometric validation of the Chinese Perceived Stress during Resuscitation Scale and comparison of novice, intermediate, and expert practitioners",H. Zhao,2026,BMC Nursing,10.1186/s12912-026-05030-y,https://www.scopus.com/inward/record.uri?partnerID=HzOxMe3b&scp=105049595671&origin=inward,off-topic-false-hit,"Resuscitation imposes substantial psychological stress on emergency nurses, potentially impairing clinical performance and patient outcomes. Whether cumulative clinical experience is associated with lower perceived resuscitation stress remains empirically unresolved, and no validated Chinese instrument exists to measure resuscitation-specific perceived stress. This study aimed to translate the Perceived Stress during Resuscitation Scale (PSDRS) into Chinese, psychometrically evaluate its properties, and test its known-groups validity by comparing scores across novice, intermediate, and expert emergency nurses. A multicenter cross-sectional study was conducted across seven tertiary hospitals in Liaoning Province, China, from June 2025 to February 2026. Following the Brislin translation model, the original PSDRS was translated, back-translated, and culturally adapted through expert panel review and pilot testing. A convenience sample of 434 emergency nurses completed the Chinese PSDRS. Participants were stratified by clinical experience: novice (< 2 years, n = 52), intermediate (2–10 years, n = 202), and expert (≥ 10 years, n = 180). Psychometric evaluation included content validity (S-CVI), construct validity via exploratory factor analysis (EFA) and confirmatory factor analysis (CFA) on randomly split subsamples, internal consistency reliability (Cronbach’s α), test-retest reliability (ICC), and known-groups validity tested through one-way ANOVA. The Chinese PSDRS demonstrated robust psychometric properties. Content validity was excellent (S-CVI = 0.926). A randomly split subsample for EFA (n = 210) extracted a seven-factor structure explaining 75.17% of total variance. CFA on the validation subsample (n = 224) confirmed satisfactory model fit (χ²/df = 1.295, RMSEA = 0.036, CFI = 0.958, TLI = 0.951). Internal consistency was satisfactory (Cronbach’s α = 0.815) and test-retest reliability was acceptable (ICC = 0.774). Known-groups validity was supported, with expert nurses reporting lower PSDRS scores (M = 2.31, SD = 0.42) than intermediate (M = 2.48, SD = 0.45) and novice nurses (M = 2.67, SD = 0.49; F = 24.36, P < 0.001, η²=0.102). Post-hoc analyses confirmed all pairwise comparisons were statistically significant (all P < 0.01). The Chinese PSDRS is a reliable and valid instrument. A significant dose-response gradient was observed, with greater clinical experience associated with lower perceived resuscitation stress. This pattern is consistent with theoretical perspectives such as the stress-inoculation hypothesis and professional development frameworks; however, these mechanisms were not directly tested, and causal inferences cannot be drawn given the cross-sectional design. This tool can facilitate early identification of at-risk novice nurses and inform experience-tailored stress management interventions. Not applicable.",scopus,llm,0.990,unreviewed,,doi:10.1186/s12912-026-05030-y
discarded,A complex circular intuitionistic fuzzy decision framework for evaluating sustainable agriculture strategies under uncertainty,Y. Yu,2026,Scientific Reports,10.1038/s41598-025-30241-9,https://www.scopus.com/inward/record.uri?partnerID=HzOxMe3b&scp=105027157439&origin=inward,off-topic-false-hit,"Agricultural productivity is accompanied by complex multi-factor problems that are economic, environmental, and social. Decision-making practice in this area requires a methodology that can handle uncertainty, regular growth, circular patterns, and conflicting evaluation requirements. A new multi-criteria decision-making (MCDM) model based on complex circular intuitionistic fuzzy sets (CCIRIFSs) is presented in this study. This model combines the circular intuitionistic fuzzy set and complex numbers synergistically to address directional periodicity and two-dimensional uncertainties. On the other hand, to improve aggregation performance, two new operators are introduced, namely complex circular intuitionistic fuzzy dombi weighted averaging (CCIRIFDWA) and geometric (CCIRIFDWG). These operators, which have, of necessity, mathematical properties including idempotency, boundedness, and monotonicity, are built up of parameterized Dombi t-norms and t-conorms and thus meet the analytical requirements of rigour and flexibility in the processing of imprecise data. The case study presented in this study is a detailed analysis of sustainable agriculture, demonstrating that the given framework can be effective and useful for evaluating sustainability approaches across different criteria. The results established that greenhouse farming under a controlled environment was the best strategy, with scores of 0.874 for CCIRIFDWA and 0.861 for CCIRIFDWG, indicating the model’s strong and flexible nature. Altogether, the given framework can be regarded as a novice, mathematically complete, and context-specific decision-making approach to cyclic, uncertain agricultural systems.",scopus,llm,0.990,unreviewed,,doi:10.1038/s41598-025-30241-9
discarded,Explainable artificial intelligence-based parametric analysis of cotton fiber and yarn properties,B. Sarker,2026,Journal of Cotton Research,10.1186/s42397-026-00263-3,https://www.scopus.com/inward/record.uri?partnerID=HzOxMe3b&scp=105038013635&origin=inward,off-topic-false-hit,"Abstract Background Effective modeling and parametric studies strengthen analyses of the influence of cotton fiber properties on the yarn properties, which are important for developing a higher-quality product. Machine learning (ML)-based predictive algorithms have been adopted for accurate modeling of fiber-yarn relationships. However, the complex black-box models lack interpretability and transparency, thereby limiting parametric studies. Therefore, an integrated ML-based black-box modeling and explainable artificial intelligence (XAI)-based analysis can facilitate accurate yet interpretable parametric analysis of yarn quality. Results In this study, three ML algorithm-based models, i.e., random forest, support vector regression, and K-nearest neighbors, were developed based on an experimental cotton fiber dataset. Five cotton fiber properties were considered input variables for predicting yarn tenacity and unevenness. Based on their performances, the most appropriate model for each yarn property was selected. Shapley additive explanations (SHAP), an XAI technique, is applied to provide interpretability to the models’ predictions and study the contributions of fiber properties. Short fiber content, with a mean absolute SHAP value of 0.359, was the most significant property, followed by fiber strength (0.242). Unevenness was influenced maximally by short fiber content, with a mean absolute SHAP value of 0.735. Other fiber properties exhibited comparatively weaker and nonlinear influences. Conclusions The study conducts an analysis of fiber-yarn relationships, aided by SHAP-based analysis. The parametric interpretations of the SHAP technique were validated using linear regression and parametric sweeping, strengthening the robustness of the deduced nature of relationships. The proposed framework provides a practical and interpretable decision-support tool for the analysis of the quality of yarn and the comprehension of its production through fiber processing.",scopus,llm,0.990,unreviewed,,doi:10.1186/s42397-026-00263-3
discarded,Microscopic image dataset for air-permeability classification of patterned knitted fabrics,M. Merkepçi,2026,Scientific Reports,10.1038/s41598-026-47596-2,https://www.scopus.com/inward/record.uri?partnerID=HzOxMe3b&scp=105040671057&origin=inward,off-topic-false-hit,"This study presents a comprehensive multimodal dataset and an integrated analysis framework aimed at predicting key structural properties of patterned knitted fabrics using advanced image-based techniques. High-resolution microscope images were collected from forty-five fabric groups, each exhibiting different porosity levels, structural densities, and pattern configurations. For each fabric sample, twenty color images were captured under controlled lighting conditions, and 12 class labels were assigned based on expert-validated porosity categories. The dataset reflects real-world variability due to differences in yarn density, stitch geometry, and color–texture interactions, making the classification task inherently challenging. To evaluate the discriminative power of deep learning models on this fabric dataset, three widely used convolutional neural network architectures—VGG19, EfficientNet-B3, and DenseNet-121—were trained and compared using k-fold cross-validation. Class imbalance was addressed through the use of Focal Loss, and performance was assessed using accuracy, confusion matrices, and fold-averaged metrics. Among the tested architectures, VGG19 achieved the highest overall accuracy, while DenseNet-121 showed balanced performance across several porosity categories. Overall, VGG19 achieved the highest cross-validation accuracy of 87.42% and a final test accuracy of 79.01% demonstrating robust predictive performance for estimating the structural properties of patterned knitted fabrics.",scopus,llm,0.990,unreviewed,,doi:10.1038/s41598-026-47596-2
discarded,A newly image encryption scheme based on 3-D coupled map lattice and Baker map,Z. Liu,2026,Cybersecurity,10.1186/s42400-025-00541-8,https://www.scopus.com/inward/record.uri?partnerID=HzOxMe3b&scp=105027520384&origin=inward,adjacent-subtopic,"Recently, image encryption is becoming increasingly important, many chaotic models have been prevalently used to design kinds of cryptographic schemes in chaos cryptography. Among those models, coupled map lattice (CML), as a classics spatiotemporal chaotic model with good performance, is popularly used for those chaos-based cryptographic schemes. However, there exist no scientific studies in the three dimensional (3D) CML model from the view of theoretical and application perspectives besides our previous research. To further improve the complicated chaotic dynamic behavior and extend the application scenarios of CML into a3D CML one, therefore it is introduced into our paper for constructing chaos-based image encryption scheme with higher security. First of all, properties of 3D CML are comprehensively analyzed to fully verify that it possesses more complicated chaotic behavior than one dimensional and two dimensional CML. Subsequently, the chaotic sequences are produced by means of intercepting 32 bit from each node of the 3D CML model, both NIST and TestU01 testing certificate those chaotic sequences have high randomness, which are pretty suitable for designing the chaos-based cryptographic scheme. Based on those above-mentioned analyses, a new color image encryption scheme is proposed via diffusion and confusion. In our scheme, diffusion is performed based on those above-mentioned chaotic sequences via the 3D CML model, while confusion is carried out according to the Baker map. Specially, before diffusion and confusion operations, red, green and blue channel of a plain color image are combined into one pixel including 24 bit (0 or 1) for improving the efficiency of our scheme. To sum up, all corresponding simulations show our scheme has excellent encryption performance, and it would be popularly applied in the real-life cryptographic domains. Our research contributes to enriching the theoretical research on chaotic cryptography and provides new chaotic image encryption schemes.",scopus,llm,0.980,unreviewed,,doi:10.1186/s42400-025-00541-8
discarded,Rethinking Metaphor Evaluation: Aptness Judgments as a Cognitive Probe for Language Models,C. Yang,2026,Cognitive Computation,10.1007/s12559-026-10567-w,https://www.scopus.com/inward/record.uri?partnerID=HzOxMe3b&scp=105033693436&origin=inward,off-topic-false-hit,"Metaphor is a pervasive rhetorical resource and a core cognitive mechanism for cross-domain conceptual mapping. We define metaphorical aptness as the extent to which a metaphorical expression captures the core attributes of the target concept, modeled as a continuous measure of how well source properties map onto the target in context. Although large language models (LLMs) have recently achieved strong results on metaphor detection, it remains unclear whether these gains reflect surface cue learning or human-like semantic integration. We propose an aptness-based continuum evaluation framework that extends binary identification into a finer-grained test of cognitive alignment. Experiments on the VU Amsterdam Metaphor Corpus (VUA), the largest English metaphor dataset, across representative LLMs (e.g., GPT-4, LLaMA-3) reveal a consistent gradient: performance is substantially higher on high-aptness metaphors than on low-aptness ones, suggesting models are more reliable when the mapping preserves central target properties but struggle when those attributes are weakly captured. We further replace binary labels with aptness annotations as supervision and show that a baseline trained under this paradigm improves metaphor detection over prior state-of-the-art systems. Overall, aptness provides an informative alignment signal and a principled basis for metaphor comprehension evaluation grounded in how metaphors convey core target attributes.",scopus,llm,0.980,unreviewed,,doi:10.1007/s12559-026-10567-w
discarded,"Validity, reliability and diagnostic accuracy of the Thai version of the cognitive assessment scale of stroke patient (T-CASP) in non-aphasic stroke",N. Kaew-on,2026,BMC Research Notes,10.1186/s13104-026-07784-9,https://www.scopus.com/inward/record.uri?partnerID=HzOxMe3b&scp=105038324489&origin=inward,off-topic-false-hit,"Objectives This study aimed to translate, culturally adapt the Cognitive Assessment Scale for Stroke Patients into Thai (T-CASP). It is also aimed to evaluate the psychometric properties, including validity, reliability, and diagnostic accuracy, for detecting post-stroke cognitive impairment (PSCI) among patients with non-aphasic stroke. Results A total of 66 stroke patients from a neurology clinic completed the Thai Mental State Examination (TMSE), Montreal Cognitive Assessment (MoCA), and T-CASP. All participants scored above the cutoff on the TMSE; therefore, the MoCA was used as the reference instrument. T-CASP scores showed a strong positive correlation with the MoCA (r = 0.71, p < 0.001). Internal consistency of the original T-CASP was acceptable (Cronbach’s α = 0.67) and improved after removal of items C2 (Comprehension) and C4 (Drawing a picture series) (Cronbach’s α = 0.72). Test–retest reliability was excellent for both the original version (ICC = 0.89) and the modified version excluding items C2 and C4 (ICC = 0.87). Both versions demonstrated high diagnostic performance, with sensitivity of 79.5% and 72.7%, specificity of 95.5% and 99.5%, and area under the ROC curve values of 0.87 and 0.84, respectively. Taken together, these findings suggest that the T-CASP shows promise as a screening tool for PSCI in Thai patients. Supplementary Information The online version contains supplementary material available at 10.1186/s13104-026-07784-9.",scopus,llm,0.990,unreviewed,,doi:10.1186/s13104-026-07784-9
discarded,Risk assessment of geologic hazards in county-slope units based on RF-AER-AHP combined models,Y. Wen,2026,Scientific Reports,10.1038/s41598-026-50138-5,https://www.scopus.com/inward/record.uri?partnerID=HzOxMe3b&scp=105041329419&origin=inward,off-topic-false-hit,"As among the most destructive types of natural hazards, geological disasters pose serious threats to human life, property safety, and socioeconomic development. Accurate identification and assessment of geological disaster risk are crucial for revealing the spatial distribution and underlying mechanisms of disasters and for providing scientific support for regional disaster prevention and territorial spatial planning. However, traditional risk assessment methods often suffer from high subjectivity in weight determination, limited model precision, and insufficient coupling among influencing factors, making it difficult to capture the complexity of disaster risk. To address these limitations, in this study, a coupled random forest–assumption of extreme rainfall–analytic hierarchy process (RF–ARE–AHP) model based on slope units for county-level geological disaster risk assessment was developed, using Ningyuan County in Hunan Province, China, as a case study. Model performance was validated using the area under the ROC curve (AUC), confusion matrix parameters, and field investigation results, and a high-resolution risk zoning map was generated at the slope-unit scale. The results show that the susceptibility model achieved an AUC of 0.92, with true positive, true negative, and overall accuracy rates exceeding 85% and false rates below 15%, indicating high model reliability and discriminative capacity. The hazard of geological disasters increased significantly with increasing rainfall intensity, expanding both the spatial extent and the severity of high-hazard areas. In the exposure assessment, the introduction of a damping coefficient effectively differentiated the exposure levels of the threatened elements. The medium–high-risk zones were concentrated mainly in Jiuyi Mountain, Mianhuaping, and Tongmulou Yao ethnic townships, which is consistent with field observations. Overall, the proposed RF–ARE–AHP model reduces subjectivity and enhances accuracy, providing a robust and scalable approach for county-level geological disaster risk evaluation and disaster prevention planning.",scopus,llm,0.990,unreviewed,,doi:10.1038/s41598-026-50138-5
discarded,Arabic validation of infant and child feeding questionnaire,N.M. Othman,2026,Egyptian Journal of Otolaryngology,10.1186/s43163-026-01139-8,https://www.scopus.com/inward/record.uri?partnerID=HzOxMe3b&scp=105042235955&origin=inward,off-topic-false-hit,"The Infant and Child Feeding Questionnaire (ICFQ) is a validated instrument designed for the early screening of feeding disorders and guides referrals for at-risk infants and children. To date, there is no data on the ICFQ from Arab countries, a gap that is likely due to the lack of an Arabic-language version. This study aims to produce a linguistically adapted Arabic version of Infant and Child Feeding Questionnaire (A-ICFQ) and to assess its psychometric properties, including validity and reliability, within an Arabic-speaking caregivers of children with feeding disorders, in order to facilitate early detection of pediatric feeding problems. This study was conducted in four stages: (I) translation of the questionnaire, (II) a pilot study to identify any issues with question comprehension, (III) full administration of the questionnaire, and (IV) statistical analysis and validation. We recruited caregivers of children aged 48 months or younger, with and without known feeding problems, to fulfill the A-ICFQ together with sociodemographic survey. Responses analysis were done to determine the ability of the items to distinguish between the two groups. A total of 60 caregivers were recruited (30 cases, 30 controls), thirty caregivers of children with feeding problems (FP) and thirty from the non-feeding problem (NFP) group. A combination of two A-ICFQ questions successfully distinguished between the groups. Additionally, significant odds ratios were identified for four specific feeding behaviors that also differentiated the groups. Several items from the A-ICFQ demonstrated potential to differentiate between the feeding problems and non- feeding problems groups. Future studies should recruit larger, geographically diverse Arabic-speaking samples with balanced age representation to further confirm the discriminatory performance of these specific items.",scopus,llm,0.990,unreviewed,,doi:10.1186/s43163-026-01139-8
