status,title,authors,year,venue,doi,url,tags,abstract,provider,decision_source,llm_confidence,llm_review_outcome,llm_change_direction,paper_id
kept,On the problem of uniform references to data structures,Charles M. Geschke; Jim Mitchell,1975,ACM SIGPLAN Notices,10.1145/390016.808422,https://openalex.org/W2049594694,supports-claim; origin,"The cost of a change to a large software system is often primarily a function of the size of the system rather than the complexity of the change. One reason for this is that programs which access some given data structure must operate on it using notations which are determined by its exact representation. Thus, changing how it is implemented may necessitate changes to the programs which access it. This paper develops a programming language notation and semantic interpretations which allow a program to operate on a data object in a manner which is dependent only on its logical or abstract properties and independent of its underlying concrete representation.",openalex,llm_reviewed,0.950,confirmed,,doi:10.1145/390016.808422
kept,On the problem of uniform references to data structures,Charles M. Geschke; James G. Mitchell,1975,IEEE Transactions on Software Engineering,10.1109/tse.1975.6312841,https://openalex.org/W4240349876,supports-claim; origin,"The cost of a change to a large software system is often primarily a function of the size of the system rather than the complexity of the change. One reason for this is that programs which access some given data structure must operate on it using notations which are determined by its exact representation. Thus, changing how it is implemented may necessitate changes to the programs which access it. This paper develops a programming language notation and semantic interpretations which allow a program to operate on a data object in a manner which is dependent only on its logical or abstract properties and independent of its underlying concrete representation.",openalex,llm_reviewed,0.950,confirmed,,doi:10.1109/tse.1975.6312841
kept,On the problem of uniform references to data structures,Charles M. Geschke; Jim Mitchell,1975,,10.1145/800027.808422,https://openalex.org/W2611073191,supports-claim; origin,"The cost of a change to a large software system is often primarily a function of the size of the system rather than the complexity of the change. One reason for this is that programs which access some given data structure must operate on it using notations which are determined by its exact representation. Thus, changing how it is implemented may necessitate changes to the programs which access it. This paper develops a programming language notation and semantic interpretations which allow a program to operate on a data object in a manner which is dependent only on its logical or abstract properties and independent of its underlying concrete representation.",openalex,llm_reviewed,0.950,confirmed,,doi:10.1145/800027.808422
discarded,"The model, language, and implementation of an object-oriented multimedia knowledge base management system",Hiroshi Ishikawa; Fumio Suzuki; Fumihiko Kozakura; Akifumi Makinouchi; Mika Miyagishima; Yoshio Izumida; Masaaki Aoshima; Yasuo Yamane,1993,ACM Transactions on Database Systems,10.1145/151284.151285,https://openalex.org/W2044005000,supports-claim; adjacent-subtopic; database object model,"New applications such as CAD, AI, and hypermedia require direct representation and flexible use of complex objects, behavioral knowledge, and multimedia data. To this end, we have devised a knowledge base management system called Jasmine. An object-oriented approach in a programming language also seems promising for use in Jasmine. Jasmine extends the current object-oriented approach and provides the following features. Our object model is based on functional data models and well-established set theory. Attributes or functions composing objects can represent both structural and behavioral knowledge. The object model can represent incomplete and generic knowledge. The model can support the basic storage and operations of multimedia data. The facets of attributes can flexibly represent constraints and triggers. The object manipulation language can support associative access of objects. The structural and behavioral knowledge can be uniformly treated to allow the user to specify complex object operations in a compact manner. The user-defined and system-defined attributes can be uniformly specified to ease user customization of the language. The classes and instances can be uniformly accessed. Incomplete knowledge can be flexibly accessed. The system has a layered architecture. Objects are stored in nested relations provided by extensive DBMS as a sublayer. User query of objects is compiled into relational operations such as select and join, which can be efficiently processed using hashing. The behavioral knowledge is compiled into predicate and manipulation function interfaces that can directly access tuples in a buffer.— Authors' Abstract",openalex,llm_reviewed,0.700,changed,kept->discarded,doi:10.1145/151284.151285
discarded,Providing uniform access to heterogeneous information bases,Tim Connors; Peter Lyngbæk,1988,Lecture notes in computer science,10.1007/3-540-50345-5_13,https://openalex.org/W1541146916,adjacent-subtopic,,openalex,llm,0.900,unreviewed,,doi:10.1007/3-540-50345-5_13
discarded,Joshua: uniform access to heterogeneous knowledge structures or why joshing is better than conniving or planning,Steve Rowley; Howard E. Shrobe; Robert Cassels; Walter C. Hamscher,1987,National Conference on Artificial Intelligence,,https://openalex.org/W261987182,adjacent-subtopic,"This paper presents Joshua, a system which provides syntactically uniform access to heterogeneously implemented knowledge bases. Its power comes from the observation that there is a Protocol of Inference consisting of a small set of abstract actions, each of which can be implemented in many ways. We use the object-oriented programming facilities of Flavors to control the choice of implementation. A statement is an instance of a class identified with its predicate. The steps of the protocol are implemented by methods inherited from the classes. Inheritance of protocol methods is a compile-time operation, leading to very fine-grained control with little run-time cost.

Joshua has two major advantages: First, a Joshua programmer can easily change his program to use more efficient data structures without changing the rule set or other knowledge-level structures. We show how we thus sped up one application by a factor of 3. Second, it is straightforward to build an interface which incorporates an existing tool into Joshua, without modifying the tool. We show how a different TMS, implemented for another system, was thus Interfaced to Joshua.",openalex,llm,0.860,unreviewed,,hash:01396a1e7df77774
discarded,Open issues in object-oriented programming—A scandinavian perspective,Ole Lehrmann Madsen,1995,Software Practice and Experience,10.1002/spe.4380251303,https://openalex.org/W2013790082,adjacent-subtopic,"We discuss a number of open issues within object-oriented programming. The central mechanisms of object-oriented programming appeared with Simula, developed more than 30 years ago; these include class, subclass, virtual function, active object and the first application framework, Class Simulation. The core parts of object-oriented programming should be well understood, but there are still a large number of issues where there is no consensus. The term object-orientation has been applied to many subjects, such as analysis, design implementation, data modeling in databases, and distribution. In this paper the term object-oriented programming is meant to cover all these subjects, since one of the advantages of object-orientation is that it provides a unified approach to these subjects. The issues being discussed in this paper are the following: modeling versus reuse as the main benefit of object-orientation; the need for a language independent conceptual framework; abstraction mechanisms for supporting object-oriented programming, including classification and composition, single and multiple inheritance, inner versus super, genericity versus virtual classes and issues related to typing; class-based versus prototype-based languages; and concurrency. The points of view presented in this paper reflect the author's background in the Scandinavian tradition as manifested in the BETA language and the Mjölner project.",openalex,llm,0.890,unreviewed,,doi:10.1002/spe.4380251303
discarded,Integrating a Structured-Text Retrieval System with an Object-Oriented Database System,Tak W. Yan; Jurgen Annevelink,1994,,,https://openalex.org/W1567583992,adjacent-subtopic,"We describe the integration of a structured-text retrieval system (TextMachine) into an object-oriented database system (OpenODB). Our approach is a light-weight one, using the external function capability of the database system to encapsulate the text retrieval system as an external information source. Yet, we are able to provide a tight integration in the query language and processing; the user can access the text retrieval system using a standard database query language. The efficient and effective retrieval of structured text performed by the text retrieval system is seamlessly combined with the rich modeling and general-purpose querying capabilities of the database system, resulting in an integrated system with querying power beyond those of the underlying systems. The integrated system also provides uniform access to textual data in the text retrieval system and structured data in the database system, thereby achieving information fusion. We discuss the design and imple...",openalex,llm,0.980,unreviewed,,hash:6a62ad71fdd4fe9d
discarded,Incorporation of units into programming languages,Michael Karr; David B. Loveman,1978,Communications of the ACM,10.1145/359488.359501,https://openalex.org/W2049376654,adjacent-subtopic,"The issues of how a programming language might aid in keeping track of physical units (feet, sec, etc.) are discussed. A method is given for the introduction of relationships among units (a watt is volts*amps, a yard is three feet) and subsequent automatic conversion based upon these relationships. Various proposals for syntax are considered.",openalex,llm,0.990,unreviewed,,doi:10.1145/359488.359501
discarded,Foundations for the Arcadia environment architecture,Richard N. Taylor; Frank C. Belz; Lori A. Clarke; Leon J. Osterweil; Richard W. Selby; Jack C. Wileden; Alexander L. Wolf; Michal Young,1988,,10.1145/64135.65004,https://openalex.org/W1996486194,adjacent-subtopic,"Early software environments have supported a narrow range of activities (programming environments) or else been restricted to a single “hard-wired” software development process. The Arcadia research project is investigating the construction of software environments that are tightly integrated, yet flexible and extensible enough to support experimentation with alternative software processes and tools. This has led us to view an environment as being composed of two distinct, cooperating parts. One is the variant part, consisting of process programs and the tools and objects used and defined by those programs. The other is the fixed part, or infrastructure, supporting creation, execution, and change to the constituents of the variant part. The major components of the infrastructure are a process programming language and interpreter, object management system, and user interface management system. Process programming facilitates precise definition and automated support of software development and maintenance activities. The object management system provides typing, relationships, persistence, distribution and concurrency control capabilities. The user interface management system mediates communication between human users and executing processes, providing pleasant and uniform access to all facilities of the environment. Research in each of these areas and the interaction among them is described.",openalex,llm,0.990,unreviewed,,doi:10.1145/64135.65004
discarded,The Smalltalk-76 programming system design and implementation,Daniel H. H. Ingalls,1978,,10.1145/512760.512762,https://openalex.org/W2048310176,adjacent-subtopic,"This paper describes a programming system based on the metaphor of communicating objects. Experience with a running system shows that this model provides flexibility, modularity and compactness. A compiled representation for the language is presented, along with an interpreter suitable for microcoding. The object-oriented model provides naturally efficient addressing; a corresponding virtual memory is described which offers dense utilization of resident space.",openalex,llm,0.930,unreviewed,,doi:10.1145/512760.512762
discarded,Early experience with Mesa,Charles M. Geschke; James H. Morris; Edwin H. Satterthwaite,1977,Communications of the ACM,10.1145/359763.359771,https://openalex.org/W1980885047,adjacent-subtopic,"The experiences of Mesa's first users—primarily its implementers—are discussed, and some implications for Mesa and similar programming languages are suggested. The specific topics addressed are: module structure and its use in defining abstractions, data-structuring facilities in Mesa, an equivalence algorithm for types and type coercions, the benefits of the type system and why it is breached occasionally, and the difficulty of making the treatment of variant records safe.",openalex,llm,0.940,unreviewed,,doi:10.1145/359763.359771
discarded,An Adaptive Object-Oriented Approach to Integration and Access of Heterogeneous Information Sources,Ling Liu; Calton Pu,1997,Distributed and Parallel Databases,10.1023/a:1008641408566,https://openalex.org/W1506976197,adjacent-subtopic,"A large-scale interoperable database system operating in a dynamic environment should provide Uniform access to heterogeneous information sources, Scalability to the growing number of information sources, Evolution and Composability of software and information sources, and Autonomy of participants, both information consumers and information producers. We refer to these set of properties as the USECA properties [29]. To address the research issues presented by such systems in a systematic manner, we introduce the Distributed Interoperable Object Model (DIOM). DIOM promotes an adaptive approach to interoperation via intelligent mediation [46, 47], aimed at enhancing the robustness and scalability of the services provided for integrating and accessing heterogeneous information sources. DIOM's main features include (1) the recursive construction and organization of information access through a network of application-specific mediators, (2) the explicit use of interface composition meta operations (such as specialization, generalization, aggregation, import and hide) to support the incremental design and construction of consumer's domain query model, (3) the deferment of semantic heterogeneity resolution to the query result assembly time instead of before or at the time of query formulation, and (4) the systematic development of the query mediation framework and the procedure of each query processing step from query routing, query decomposition, parallel access planning, query translation to query result assembly. To make DIOM concrete, we outline the DIOM-based information mediation architecture, which includes important auxiliary services such as domain-specific metadata library and catalog functions, object linking databases, and associated query services. Several practical examples and application scenarios illustrate the flavor of DIOM query mediation framework and the usefulness of DIOM in multi database query processing.",openalex,llm,0.980,unreviewed,,doi:10.1023/a:1008641408566
discarded,Automatic data structure selection,James Richard Low,1978,Communications of the ACM,10.1145/359488.359498,https://openalex.org/W2068571651,adjacent-subtopic,"The use of several levels of abstraction has proved to be very helpful in constructing and maintaining programs. When programs are designed with abstract data types such as sets and lists, programmer time can be saved by automating the process of filling in low-level implementation details. In the past, programming systems have provided only a single general purpose implementation for an abstract type. Thus the programs produced using abstract types were often inefficient in space or time. In this paper a system for automatically choosing efficient implementations for abstract types from a library of implementations is discussed. This process is discussed in detail for an example program. General issues in data structure selection are also reviewed.",openalex,llm,0.960,unreviewed,,doi:10.1145/359488.359498
discarded,Model integration in an object-oriented model management system,L. Tung; R.G. Ramirez; Robert D. St. Louis,2002,,10.1109/hicss.1991.184156,https://openalex.org/W2171331735,adjacent-subtopic,"Model integration is a difficult task. The difficulty is partly due to the complexity of representing each individual model and model relationships, and partly due to the lack of uniform references to model components. Object-oriented database systems have the capability of depicting different levels of data abstraction and assigning a unique identifier to each object. By applying object-oriented representation techniques, models and their relationships can be better expressed. By assigning object identifiers to model components, the problem of uniform references becomes easier to solve. The authors show a logical flow linking integration related modeling activities. They illustrate how model relationships are detected through the concept of object predicates. A procedure to implement model integration is also discussed.>",openalex,llm,0.970,unreviewed,,doi:10.1109/hicss.1991.184156
discarded,The Design of an Object-Oriented Environment and Language for Teaching,Michael Kölling,1999,Kent Academic Repository (University of Kent),,https://openalex.org/W2102872330,adjacent-subtopic,"While object-orientation has been widely accepted as an important programming paradigm, teaching object-orientation remains difficult.Experience reports suggest that some problems can be avoided by teaching object-orientation as the first language in an introductory course.However, other problems remain, in particular languages and environments are regularly criticised as unsuitable and overly complex.This thesis discusses aspects of object-oriented languages and environments that affect their suitability for first year teaching.General requirements for languages and environments are identified and used as a means to judge the suitability of the most popular systems in use today.The discussion shows that none of the currently available systems is suitable for object-oriented first year teaching.I have to thank my good friends Detlef Rudolph, who first introduced me to computers and awoke my interest in these machines, and Axel Schmolitzky, who helped a great deal in maintaining the fun of it while we were studying.Axel also gave valuable comments on a first draft of this thesis.Damien Watkins read large parts of this work, and gave helpful feedback.I am grateful to Professor J. L. Keedy who has opened many doors for me that have turned out to be important in my life, one of which was the one to Australia.Very special thanks go to Professor John Rosenberg who, as my supervisor, not only provided the most excellent help and supervision I could wish for, but also was of great importance to me privately when I arrived in this then foreign country.His support enabled me to find my way and build a new life",openalex,llm,0.910,unreviewed,,hash:6e45c78a4c40df0e
discarded,"Distributed, object-based programming systems",Roger S. Chin; Samuel T. Chanson,1991,ACM Computing Surveys,10.1145/103162.103165,https://openalex.org/W2159080426,adjacent-subtopic,"The development of distributed operating systems and object-based programming languages makes possible an environment in which programs consisting of a set of interacting modules, or objects, may execute concurrently on a collection of loosely coupled processors. An object-based programming language encourages a methodology for designing and creating a program as a set of autonomous components, whereas a distributed operating system permits a collection of workstations or personal computers to be treated as a single entity. The amalgamation of these two concepts has resulted in systems that shall be referred to asdistributed,object-based programming systems. This paper discusses issues in the design and implementation of such systems. Following the presentation of fundamental concepts and various object models, issues in object management, object interaction management, and physical resource management are discussed. Extensive examples are drawn from existing systems.",openalex,llm,0.990,unreviewed,,doi:10.1145/103162.103165
discarded,Patterns for decoupling data structures and algorithms,Dung “Zung” Nguyen; Stephen B. Wong,1999,,10.1145/299649.299693,https://openalex.org/W2010499953,adjacent-subtopic,"In order to build a data structure that is extensible and reusable, it is necessary to decouple the intrinsic and primitive behavior of the structure from the application specific behavior that manipulates it. To illustrate such a construction, this paper proposes a uniform object-oriented structural pattern for recursive data structures, and shows how external algorithms can be added without rewriting any code using the visitor design pattern. By presenting data structures in this manner, we can more effectively teach students about recursion, abstraction, design, and good software engineering practices.",openalex,llm,0.980,unreviewed,,doi:10.1145/299649.299693
