status,title,authors,year,venue,doi,url,tags,abstract,provider,decision_source,llm_confidence,llm_review_outcome,llm_change_direction,paper_id
discarded,Understanding object-oriented: a unifying paradigm,Timothy D. Korson; John D. McGregor,1990,Communications of the ACM,10.1145/83880.84459,https://openalex.org/W2056287941,adjacent-subtopic,"The need to develop and maintain large complex software systems in a competitive and dynamic environment has driven interest in new approaches to software design and development. The problems with the classical waterfall model have been cataloged in almost every software engineering text [19,23]. In response, alternative models such as the spiral [2], and fountain [9] have been proposed. Problems with traditional development using the classical life cycle include no iteration, no emphasis on reuse, and no unifying model to integrate the phases. The difference in point of view between following data flows in structured analysis and building hierarchies of tasks in structured design has always been a major problem [4]. Each system is built from scratch and maintenance costs account for a notoriously large share of total system costs. The object-oriented paradigm addresses each of these issues. A look at the object-oriented software life cycle, as described by Meyer [5], Coad and Yourdon [4], and Henderson-Sellers and Edwards [9], identifies the three traditional activities of analysis, design, and implementation. However, each of the referenced descriptions eliminates the distinct boundaries between the phases. The primary reason for this blurring of boundaries is that the items of interest in each phase are the same: objects. Objects and the relationships between objects are identified in both the analysis and design phases. Objects and relationships identified and documented in the analysis phase serve not only as input to the design phase, but as an initial layer in the design. This continuity provides for a much more seamless interface between the phases. Analysts, designers and programmers are working with a common set of items upon which to build. A second reason for the blurring of these boundaries is that the object-oriented development process is iterative. Henderson-Sellers and Edwards further refine this idea by replacing the waterfall model of software development with a fountain model. Development reaches a high level only to fall back to a previous level to begin the climb once again. As an example of the blurring of the traditional boundaries of the life cycle phases, Coad and Yourdon recommend that classification relationships between objects be captured and documented during the object-oriented analysis (OOA) phase. This classification will be directly reflected in the class inheritance structure developed in the design and in the code. This classification is in no way required in order to document the system requirements. In other words, Coad and Yourdon are recommending a traditional design activity in the analysis phase. The blurring of the traditional design and implementation phases has been fueled by the development of encapsulation and abstraction mechanisms in object-oriented and object-based languages. For example, Meyer claims [14] that Eiffel is both a design and an implementation language. He goes on to say that software design is sometimes mistakenly viewed as an activity totally secluded from actual implementation. From his point of view, much is to be gained from an approach that integrates both activities within the same conceptual framework. The object-oriented design paradigm is the next logical step in a progression that has led from a purely procedural approach to an object-based approach and now to the object-oriented approach. The progression has resulted from a gradual shift in point of view in the development process. The procedural design paradigm utilizes functional decomposition to specify the tasks to be completed in order to solve a problem. The object-based approach, typified by the techniques of Yourdon, Jackson and Booth, gives more attention to data specifications than the procedural approach but still utilizes functional decomposition to develop the architecture of a system. The object-oriented approach goes beyond the object-based technique in the emphasis given to data by utilizing the relationships between objects as a fundamental part of the system architecture. The goal in designing individual software components is to represent a concept in what will eventually be an executable form. The Abstract Data Type (ADT) is the object-based paradigm's technique for capturing this conceptual information. The class is the object-oriented paradigm's conceptual modeling tool. The design pieces resulting from the object-oriented design technique represent a tighter coupling of data and functionality than traditional ADTs. These artifacts of the design process used in conjunction with a modeling-based decomposition approach yield a paradigm, a technique, which is very natural and flexible. It is natural in the sense that the design pieces are closely identified with the real-world concepts which they model. It is flexible in the sense of quickly adapting to changes in the problem specifications. Object-oriented remains a term which is interpreted differently by different people. Before presenting an overview of a set of techniques for the design process, we will give our perspective so the reader may judge the techniques in terms of those definitions. Briefly, we adapt Wegner's [27] definition for object-oriented languages to object-oriented design. The pieces of the design are objects which are grouped into classes for specification purposes. In addition to traditional dependencies between data elements, an inheritance relation between classes is used to express specializations and generalizations of the concepts represented by the classes. As natural and flexible as the object-oriented technique is, it is still possible to produce a bad design when using it. We will consider a number of general design criteria and will discuss how the object-oriented approach assists the designer in meeting these criteria. We will refer to a number of design guidelines developed specifically for the object-oriented design paradigm and will discuss how these properties reinforce the concepts of good design. The paradigm sprang from language, has matured into design, and has recently moved into analysis. The blurring of boundaries between these phases has led us to include topics in this article that are outside the realm of design, but which we consider important to understanding the design process. Since the paradigm sprang from language, we define the concepts basic to object-oriented programming in the following section.",openalex,llm,0.900,unreviewed,,doi:10.1145/83880.84459
discarded,Can programming be liberated from the von Neumann style?,John Backus,1978,Communications of the ACM,10.1145/359576.359579,https://openalex.org/W2172307690,adjacent-subtopic,"Conventional programming languages are growing ever more enormous, but not stronger. Inherent defects at the most basic level cause them to be both fat and weak: their primitive word-at-a-time style of programming inherited from their common ancestor—the von Neumann computer, their close coupling of semantics to state transitions, their division of programming into a world of expressions and a world of statements, their inability to effectively use powerful combining forms for building new programs from existing ones, and their lack of useful mathematical properties for reasoning about programs. An alternative functional style of programming is founded on the use of combining forms for creating programs. Functional programs deal with structured data, are often nonrepetitive and nonrecursive, are hierarchically constructed, do not name their arguments, and do not require the complex machinery of procedure declarations to become generally applicable. Combining forms can use high level programs to build still higher level ones in a style not possible in conventional languages. Associated with the functional style of programming is an algebra of programs whose variables range over programs and whose operations are combining forms. This algebra can be used to transform programs and to solve equations whose “unknowns” are programs in much the same way one transforms equations in high school algebra. These transformations are given by algebraic laws and are carried out in the same language in which programs are written. Combining forms are chosen not only for their programming power but also for the power of their associated algebraic laws. General theorems of the algebra give the detailed behavior and termination conditions for large classes of programs. A new class of computing systems uses the functional programming style both in its programming language and in its state transition rules. Unlike von Neumann languages, these systems have semantics loosely coupled to states—only one state transition occurs per major computation.",openalex,llm,0.990,unreviewed,,doi:10.1145/359576.359579
discarded,The prediction of faulty classes using object-oriented design metrics,Khaled El Emam; Walcélio L. Melo; Javam C. Machado,2001,Journal of Systems and Software,10.1016/s0164-1212(00)00086-8,https://openalex.org/W2135250985,adjacent-subtopic,"Contemporary evidence suggests that most field faults in software applications are found in a small percentage of the software's components. This means that if these faulty software components can be detected early in the development project's life cycle, mitigating actions can be taken, such as a redesign. For object-oriented applications, prediction models using design metrics can be used to identify faulty classes early on. In this paper we report on a study that used object-oriented design metrics to construct such prediction models. The study used data collected from one version of a commercial Java application for constructing a Prediction model. The model was then validated on a subsequent release of the same application. Our results indicate that the prediction model has a high accuracy. Furthermore, we found that an export coupling (EC) metric had the strongest association with fault-proneness, indicating a structural feature that may be symptomatic of a class with a high probability of latent faults. (C) 2001 Elsevier Science Inc. All rights reserved.",openalex,llm,0.990,unreviewed,,doi:10.1016/s0164-1212(00)00086-8
discarded,An empirical investigation of an object-oriented software system,Michelle Cartwright; Martin Shepperd,2000,IEEE Transactions on Software Engineering,10.1109/32.879814,https://openalex.org/W2139085711,adjacent-subtopic,"The paper describes an empirical investigation into an industrial object oriented (OO) system comprised of 133000 lines of C++. The system was a subsystem of a telecommunications product and was developed using the Shlaer-Mellor method (S. Shlaer and S.J. Mellor, 1988; 1992). From this study, we found that there was little use of OO constructs such as inheritance, and therefore polymorphism. It was also found that there was a significant difference in the defect densities between those classes that participated in inheritance structures and those that did not, with the former being approximately three times more defect-prone. We were able to construct useful prediction systems for size and number of defects based upon simple counts such as the number of states and events per class. Although these prediction systems are only likely to have local significance, there is a more general principle that software developers can consider building their own local prediction systems. Moreover, we believe this is possible, even in the absence of the suites of metrics that have been advocated by researchers into OO technology. As a consequence, measurement technology may be accessible to a wider group of potential users.",openalex,llm,0.980,unreviewed,,doi:10.1109/32.879814
discarded,Systematic concurrent object-oriented programming,Bertrand Meyer,1993,Communications of the ACM,10.1145/162685.162705,https://openalex.org/W1966037709,adjacent-subtopic,"SYSTEMATIC CONCURRENT OBJECT-ORIENTED PROGRAMMINGudging by the looks of the two parties, the marriage between concurrent computation and object-oriented programming-a union much desired by practitioners in such fields as telecommunications, highperformance computing, banking and operating systems--appears easy enough to arrange.This appearance, however, is deceptive: the problem is a hard one.This article points the way toward a pos,;ible solution.The precise problem examined here is restricted to: What is the simplest, smallest and most convincing extension to the method of systematic object-oriented software construction that can address the needs oJ concurrent and distributed computing as well as those of sequential computation?The article does not claim to discuss concurrency and distribution in a general and unbiased way.Rather, it takes the object-oriented paradigm as a given (on the basis of its contributions to the production of quality software) and investigates how best to adapt it so it covers both concurrent and sequentia;[ applications.The word ""systematic"" as used in the title of the article will provide strong gqaidance to our search for this minimal extension.We are interested in an approach that makes it possible to reason about software systems in a precise way, by extending to the concurrent case the systematic techniques, known as 'design by contract', which can be applied to the systematic (~dthough not necessarily fully formal) development of sequential object-oriented software.A word ofwaming as to the actual ambition of the model discussed here.No claim is made that the work as reported is final, and a number of possible criticisms are discussed in the final section.I do think, however, that in its discussion of how the mutual attraction between object orientation and concurrency can be turned into a reasonably happy marriage, this article raises a number of questions.Although crucial for both COMMUNICATIONS OP THII ACM September 1993/'VoL36, No.9 ~l/ text, will describe bounded buffers.Following is a sketch of the class, with the implementation details omitted.Preconditions are introduced by require, postconditions by ensure.class BOUNDED_QUEUE[G] feature empty: BOOLEAN is --Is rhere no accessible element?do Result: = ... end; full: BOOLEAN is --Is there no room left --for more elements?do Result: = ... end; put (x:G) is --Add x as newest element.",openalex,llm,0.910,unreviewed,,doi:10.1145/162685.162705
discarded,Stack-based access control and secure information flow,Anindya Banerjee; David A. Naumann,2005,Journal of Functional Programming,10.1017/s0956796804005453,https://openalex.org/W2075849836,adjacent-subtopic,"Access control mechanisms are often used with the intent of enforcing confidentiality and integrity policies, but few rigorous connections have been made between information flow and runtime access control. The Java virtual machine and the .NET runtime system provide a dynamic access control mechanism in which permissions are granted to program units and a runtime mechanism checks permissions of code in the calling chain. We investigate a design pattern by which this mechanism can be used to achieve confidentiality and integrity goals: a single interface serves callers of more than one security level and dynamic access control prevents release of high information to low callers. Programs fitting this pattern would be rejected by previous flow analyses. We give a static analysis that admits them, using permission-dependent security types. The analysis is given for a class-based object-oriented language with features including inheritance, dynamic binding, dynamically allocated mutable objects, type casts and recursive types. The analysis is shown to ensure a noninterference property formalizing confidentiality and integrity.",openalex,llm,0.990,unreviewed,,doi:10.1017/s0956796804005453
discarded,Segmental and Suprasegmental Mismatch in Lexical Access☆☆☆,Salvador Soto‐Faraco; Núria Sebastián‐Gallés; Anne Cutler,2001,Journal of Memory and Language,10.1006/jmla.2000.2783,https://openalex.org/W2153016616,off-topic-false-hit,"Four cross-modal priming experiments in Spanish addressed the role of suprasegmental and segmental information in the activation of spoken words. Listeners heard neutral sentences ending with word fragments (e.g., princi-) and made lexical decisions on letter strings presented at fragment offset. Responses were compared for fragment primes that fully matched the spoken form of the initial portion of target words, versus primes that mismatched in a single element (stress pattern; one vowel; one consonant), versus control primes. Fully matching primes always facilitated lexical decision responses, in comparison to the control condition, while mismatching primes always produced inhibition. The respective strength of the contribution of stress, vowel, and consonant (one feature mismatch or more) information did not differ statistically. The results support a model of spoken-word recognition involving automatic activation of word forms and competition between activated words, in which the activation process is sensitive to all acoustic information relevant to the language's phonology. (C) 2001 Academic Press.",openalex,llm,1.000,unreviewed,,doi:10.1006/jmla.2000.2783
discarded,"Forecasting day-ahead electricity prices: A review of state-of-the-art algorithms, best practices and an open-access benchmark",Jesus Lago; Grzegorz Marcjasz; Bart De Schutter; Rafał Weron,2020,arXiv (Cornell University),10.1016/j.apenergy.2021.116983,https://openalex.org/W3159580687,off-topic-false-hit,"While the field of electricity price forecasting has benefited from plenty of contributions in the last two decades, it arguably lacks a rigorous approach to evaluating new predictive algorithms. The latter are often compared using unique, not publicly available datasets and across too short and limited to one market test samples. The proposed new methods are rarely benchmarked against well established and well performing simpler models, the accuracy metrics are sometimes inadequate and testing the significance of differences in predictive performance is seldom conducted. Consequently, it is not clear which methods perform well nor what are the best practices when forecasting electricity prices. In this paper, we tackle these issues by performing a literature survey of state-of-the-art models, comparing state-of-the-art statistical and deep learning methods across multiple years and markets, and by putting forward a set of best practices. In addition, we make available the considered datasets, forecasts of the state-of-the-art models, and a specifically designed python toolbox, so that new algorithms can be rigorously evaluated in future studies.",openalex,llm,1.000,unreviewed,,doi:10.1016/j.apenergy.2021.116983
discarded,An object-oriented requirements specifications method,Sidney C. Bailin,1989,Communications of the ACM,10.1145/63485.63491,https://openalex.org/W1994694525,adjacent-subtopic,"Analyzing requirements for object-oriented software is examined in an alternative methodology from the more standard structured analysis approach. Through parallel processes of decomposing objects and allocating functions, the methodology is explained in detail.",openalex,llm,0.980,unreviewed,,doi:10.1145/63485.63491
discarded,Evaluating the Lifespan of Code Smells using Software Repository Mining,Ralph J. M. Peters; Andy Zaidman,2012,,10.1109/csmr.2012.79,https://openalex.org/W1550966611,adjacent-subtopic,"An anti-pattern is a commonly occurring solution to a recurring problem that will typically negatively impact code quality. Code smells are considered to be symptoms of anti-patterns and occur at source code level. The lifespan of code smells in a software system can be determined by mining the software repository on which the system is stored. This provides insight into the behaviour of software developers with regard to resolving code smells and anti-patterns. In a case study, we investigate the lifespan of code smells and the refactoring behaviour of developers in seven open source systems. The results of this study indicate that engineers are aware of code smells, but are not very concerned with their impact, given the low refactoring activity.",openalex,llm,0.970,unreviewed,,doi:10.1109/csmr.2012.79
discarded,Algebraic reasoning for object-oriented programming,Paulo Henrique Monteiro Borba; Augusto C. A. Sampaio; Ana Cavalcanti; Márcio Cornélio,2004,Science of Computer Programming,10.1016/j.scico.2004.03.003,https://openalex.org/W2002295687,adjacent-subtopic,"We present algebraic laws for a language similar to a subset of sequential Java that includes inheritance, recursive classes, dynamic binding, access control, type tests and casts, assignment, but no sharing. These laws are proved sound with respect to a weakest precondition semantics. We also show that they are complete in the sense that they are sufficient to reduce an arbitrary program to a normal form substantially close to an imperative program; the remaining object-oriented constructs could be further eliminated if our language had recursive records. This suggests that our laws are expressive enough to formally derive behaviour preserving program transformations; we illustrate that through the derivation of provably-correct refactorings. (C) 2004 Elsevier B.V. All rights reserved.",openalex,llm,0.960,unreviewed,,doi:10.1016/j.scico.2004.03.003
