status,title,authors,year,venue,doi,url,tags,abstract,provider,decision_source,llm_confidence,llm_review_outcome,llm_change_direction,paper_id
discarded,Elasticity and stability of Fe-P ordered systems from first principles,"Cerny, M; Pokluda, J",2005,MATERIALS STRUCTURE & MICROMECHANICS OF FRACTURE IV,,https://www.webofscience.com/wos/woscc/full-record/WOS:000228329200022,off-topic-false-hit,"Elastic properties of Fe-P ordered system (the bulk modulus and the theoretical strength under isotropic tension) are computed by means of ab initio computational program code VASP. Different configurations and relative amounts of constituent atoms are considered in the crystal cells of known stable phases as well as of some hypothetical structures. The influence of a relative content of P in the alloy on computed properties is studied. Magnetic ordering is taken into account by means of collinear spin-polarization. The results of calculations reveal that, somewhat surprisingly, no dramatic changes of elastic moduli are to be expected up to the 67% atomic concentration of P.",wos,llm,1.000,unreviewed,,hash:8d6c3f50295a7f21
discarded,Functional and structural genomics using PEDANT,"Frishman, D; Albermann, K; Hani, J; Heumann, K; Metanomski, A; Zollner, A; Mewes, HW",2001,BIOINFORMATICS,,https://www.webofscience.com/wos/woscc/full-record/WOS:000167241500006,adjacent-subtopic,"Motivation: Enormous demand for fast and accurate analysis of biological sequences is fuelled by the pace of genome analysis efforts. There is also an acute need in reliable up-to-date genomic databases integrating both functional and structural information. Here we describe the current status of the PEDANT software system for high-throughput analysis of large biological sequence sets and the genome analysis server associated with it.

Results: The principal features of PEDANT are: (i) completely automatic processing of data using a wide range of bioinformatics methods, (ii) manual refinement of annotation, (iii) automatic and manual assignment of gene products to a number of functional and structural categories, (iv) extensive hyperlinked protein reports, and (v) advanced DNA and protein viewers. The system is easily extensible and allows to include custom methods, databases, and categories with minimal or no programming effort. PEDANT is actively used as a collaborative environment to support several on-going genome sequencing projects.

The main purpose of the PEDANT genome database is to quickly disseminate well-organized information on completely sequenced and unfinished genomes. It currently includes 80 genomic sequences and in many cases serves as the only source of exhaustive information on a given genome. The database also acts as a vehicle for a number of research projects in bioinformatics. Using SQL queries, it is possible to correlate a large variety of pre-computed properties of gene products encoded in complete genomes with each other and compare them with data sets of special scientific interest. In particular, the availability of structural predictions for over 300 000 genomic proteins makes PEDANT the most extensive structural genomics resource available on the web.",wos,llm,0.990,unreviewed,,hash:d29d277deefc3058
discarded,First principles calculations of the adsorption of NH3 on a periodic model of the silica surface,"Civalleri, B; Ugliengo, P",2000,JOURNAL OF PHYSICAL CHEMISTRY B,10.1021/jp002353q,https://www.webofscience.com/wos/woscc/full-record/WOS:000090087600019,off-topic-false-hit,"For the first time, the interaction of a NH3 molecule with a periodic hydroxylated surface resulting from the (100) face of edingtonite has been studied ab initio by both the Hartree-Fock and B3-LYP levels using a localized Gaussian basis set and the fully periodic treatment as coded in the CRYSTAL98 program. For comparison, molecular clusters of different size and topology have also been adopted. The simulation mimics the physical adsorption of NH3 on a highly dehydroxylated amorphous silica surface, that being the OH density of the adopted (100) edingtonite face around 2 OH/nm(2). Geometries, binding energy, and the vibrational frequency of the surface OH groups perturbed by NH3 have been fully characterized. The basis-set dependence of the binding energy has also been addressed using basis sets for the periodic calculation that include both diffuse functions and multiple sets of polarization functions. BSSE and thermal corrections to the binding energy have also been included. Our best estimate of the DeltaH(0)(0) is -31.2 +/- 0.6 kJ/mol for the periodic model, to be compared with the experimental molar heat of adsorption of about -45 kJ/mol and with the isosteric heat of adsorption of about -37 kJ/mol. The anharmonic frequency shift Delta omega (01) caused by NH3 adsorption on the OH stretching mode has been computed to be -663 cm(-1), including estimated corrections for basis set and B3-LYP deficiencies, mechanical coupling, and BSSE. The comparison with the value of -950 cm(-1) measured at 4 K on amorphous silica shows a definite underestimation, in agreement with the too-high computed DeltaH(0)(0). It is concluded that the proposed periodic edingtonite slab behaves satisfactorily as a model for the dehydroxylated surface of siliceous materials, also requiring very few computer resources. Cagelike clusters, when properly designed, give results that are close to those obtained with the periodic model. The remaining differences between the computed properties are due to cooperative interactions of a long-range nature that are not accounted for by the finite cluster.",wos,llm,1.000,unreviewed,,doi:10.1021/jp002353q
discarded,A TRANSLATION METHOD FROM NATURAL-LANGUAGE SPECIFICATIONS OF COMMUNICATION PROTOCOLS INTO ALGEBRAIC SPECIFICATIONS USING CONTEXTUAL DEPENDENCIES,"ISHIHARA, Y; SEKI, H; KASAMI, T; SHIMABUKURO, J; OKAWA, K",1993,IEICE TRANSACTIONS ON INFORMATION AND SYSTEMS,,https://www.webofscience.com/wos/woscc/full-record/WOS:A1993MP15500012,adjacent-subtopic,"This paper presents a method of translating natural language specifications of communication protocols into algebraic specifications. Such a natural language specification specifies action sequences performed by the protocol machine (program). Usually, a sentence implicitly specifies the state of the protocol machine at which the described actions must be performed. The authors propose a method of analyzing the implicitly specified states of the protocol machine taking the OSI session protocol specification (265 sentences) as an example. The method uses the following properties: (a) syntactic properties of a natural language (English in this paper); (b) syntactic properties introduced by the target algebraic specifications, e.g., type constraints; (c) properties specific to the target domain, e.g., properties of data types. This paper also shows the result of applying this method to the main part of the OSI session protocol specification (29 paragraphs, 98 sentences). For 95 sentences, the translation system uniquely determines the states specified implicitly by these sentences, using only (a) and (b) described above. By using (c) in addition, each implicitly specified state in the remaining three sentences is uniquely determined.",wos,llm,0.980,unreviewed,,hash:0845045e662e40ae
discarded,PERIODIC HARTREE-FOCK STUDY OF NITRIC-ACID MONOHYDRATE CRYSTAL - BULK AND CLEAN SURFACE,"POSHUSTA, RD; TSENG, DC; HESS, AC; MCCARTHY, MI",1993,JOURNAL OF PHYSICAL CHEMISTRY,,https://www.webofscience.com/wos/woscc/full-record/WOS:A1993LV57900029,off-topic-false-hit,"This study reports the first quantum mechanical investigation of crystalline nitric acid monohydrate (NAM), HNO3.H2O. The goal of this work is to characterize the physical properties of NAM in order to better understand its role as a catalyst in the destruction of polar stratospheric ozone in the Antarctic. The computations probed energetic, electronic, and elastic properties of the crystalline material using the Periodic Hartree-Fock (PHF) method (as implemented in the program CRYSTAL92). All calculations were performed by using standard Pople basis sets. A description of the bulk material was obtained from calculations of the estimated cohesive binding energy, optimized lattice constants, band structure, total and projected density of states, Mulliken population analysis, electrostatic potentials, and elastic constants. The computed intracrystal interactions are: consistent with the proposed hydronium/nitrate ionic crystal structure inferred from X-ray diffraction data. The calculated elastic constants, interlayer electrostatic potential maps, and characterization of the bonding in the crystal indicate that NAM is composed of weakly bound puckered layers aligned parallel to the (100) plane in the crystal. Accordingly, a surface that exposes such a puckered layer would be expected to have the minimum surface energy. The properties of this surface were studied by using a model system that consists of a two-layer slab of NAM formed by cleaving along the (100) direction in the crystal. This computational model represents a finite-thickness thin film that is periodic in two dimensions and finite along the remaining coordinate. A comparison is made between the computed properties of the bulk material and the model (100) NAM surface. Maps of the electrostatic potential above and within the slab are used to predict favorable sites for physisorption on the (100) surface of NAM crystals. These sites may be important regions for surface catalysis.",wos,llm,1.000,unreviewed,,hash:0e02a7aa22169e33
discarded,"MDTransport: A Modular, Open-Source, Extensible Python Tool for Computing Transport Properties from GROMACS and LAMMPS Simulations",A.K. Verma,2026,Journal of Chemical Information and Modeling,10.1021/acs.jcim.6c00558,https://www.scopus.com/inward/record.uri?partnerID=HzOxMe3b&scp=105048920223&origin=inward,off-topic-false-hit,"Discovering novel materials for energy-efficient separations, electrochemical reactions, and energy storage requires characterization of thermophysical properties such as diffusivity and ionic conductivity. Over the past several decades, molecular dynamics (MD) simulations have been playing an important role for predictions of properties in a materials-discovery pipeline. In a typical property estimation workflow, trajectories of materials/fluids of interest are generated using MD simulation engines such as GROMACS or LAMMPS, which are then processed to calculate properties such as molar volume, self-diffusion coefficients, ionic conductivity, radial distribution functions, etc. Several postprocessing tools have been developed to facilitate various property calculations. However, many of these tools are geared toward analyzing trajectories produced from a specific MD engine, requiring expertise in multiple postprocessing tools if more than one MD engine is employed, which is very likely given the unique functionalities offered by various MD engines. In addition, these tools are typically limited to routinely computed properties from MD trajectories and do not readily support more advanced analyses, such as cage correlation lifetimes, elucidation of transport mechanisms, or decomposition of ionic conductivity into self- and cross-correlation contributions. To address this research gap, we introduce MDTransport, a comprehensive, open-source, Python-based postprocessing tool, optimized for the estimation of ionic conductivity, self-diffusion coefficient, Onsager transport coefficient, and transference number. It also calculates ion–ion correlation, performs spatial decomposition of cross-correlations, estimates pair and cage correlation lifetimes, performs cluster analysis, and predicts ion-transport mechanisms, thereby providing insights into the structure of the electrolyte and underlying ion dynamics. An intuitive, user-friendly, modular, plug-and-play design, with a prompt-based command-line interface, also allows customization of various input parameters, aiming to serve researchers from diverse research backgrounds and a wide range of programming expertise.",scopus,llm,0.990,unreviewed,,doi:10.1021/acs.jcim.6c00558
discarded,"SootImage: An image recreation, post-processing validation procedure for sooting axisymmetric flames",V. Chernov,2024,Computer Physics Communications,10.1016/j.cpc.2024.109204,https://www.scopus.com/inward/record.uri?partnerID=HzOxMe3b&scp=85190555424&origin=inward,off-topic-false-hit,"Validation is a vital part of any computational fluid dynamics study. Validation is done by comparing the computed results to the experimental measurements performed in a known configuration. In sooting flames, such a comparison is non-trivial since the measurements have a wide range of uncertainty due to difficulties in directly measuring soot volume fractions. This work introduces a different way to verify the computations using a software package called SootImage. In this proposed methodology, comparisons are not made directly to the computed properties of interest (soot volume fraction and temperature). Instead, a post-processing procedure is performed to obtain an image of the flame based on the computed properties. This reconstructed image is compared to an actual image of the flame being studied. The algorithm of the image reconstruction utilized within SootImage is presented in detail. Finally, the usage of SootImage is demonstrated on a co-flowing, laminar ethylene/air diffusion flame . Program summary Program Title: SootImage CPC Library link to program files: https://doi.org/10.17632/nc5myw64km.1 Developer's repository link: https://github.com/VictorChernov/SootImage Licensing provisions: CC BY NC 3.0 Programming language: MATLAB Nature of problem: The software allows comparing images of a real flame with the recreated image of a simulated flame. This requires two major steps. One is the recreation of the image of an axisymmetrical flame from the computed soot volume fraction and temperature fields for a known camera and optical configuration. The second is cropping and position images to obtain a meaningful comparison. Solution method: The solution recreates the image by integrating the soot thermal radiation over a line-of-sight. Soot is assumed to emit as gray body. The integrated radiation is passed through the color filters of the camera and is translated to pixel values. After the process is done for the whole flame, the width, height and origin of both flames are found, and images that can be easily compared are created.",scopus,llm,0.990,unreviewed,,doi:10.1016/j.cpc.2024.109204
discarded,Reducing Static Analysis Unsoundness with Approximate Interpretation,M.R. Laursen,2024,Proceedings of the ACM on Programming Languages,10.1145/3656424,https://www.scopus.com/inward/record.uri?partnerID=HzOxMe3b&scp=85197577058&origin=inward,adjacent-subtopic,"Static program analysis for JavaScript is more difficult than for many other programming languages. One of the main reasons is the presence of dynamic property accesses that read and write object properties via dynamically computed property names. To ensure scalability and precision, existing state-of-the-art analyses for JavaScript mostly ignore these operations although it results in missed call edges and aliasing relations. We present a novel dynamic analysis technique named approximate interpretation that is designed to efficiently and fully automatically infer likely determinate facts about dynamic property accesses, in particular those that occur in complex library API initialization code, and how to use the produced information in static analysis to recover much of the abstract information that is otherwise missed. Our implementation of the technique and experiments on 141 real-world Node.js-based JavaScript applications and libraries show that the approach leads to significant improvements in call graph construction. On average the use of approximate interpretation leads to 55.1% more call edges, 21.8% more reachable functions, 17.7% more resolved call sites, and only 1.5% fewer monomorphic call sites. For 36 JavaScript projects where dynamic call graphs are available, average analysis recall is improved from 75.9% to 88.1% with a negligible reduction in precision.",scopus,llm,0.980,unreviewed,,doi:10.1145/3656424
discarded,How Novices Use LLM-Based Code Generators to Solve CS1 Coding Tasks in a Self-Paced Learning Environment,M. Kazemitabaar,2023,ACM International Conference Proceeding Series,10.1145/3631802.3631806,https://www.scopus.com/inward/record.uri?partnerID=HzOxMe3b&scp=85185538200&origin=inward,adjacent-subtopic,"As Large Language Models (LLMs) gain in popularity, it is important to understand how novice programmers use them and the effect they have on learning to code. We present the results of a thematic analysis on a data set from 33 learners, aged 10-17, as they independently learned Python by working on 45 code-authoring tasks with access to an AI Code Generator based on OpenAI Codex. We explore several important questions related to how learners used LLM-based AI code generators, and provide an analysis of the properties of the written prompts and the resulting AI generated code. Specifically, we explore (A) the context in which learners use Codex, (B) what learners are asking from Codex in terms of syntax and logic, (C) properties of prompts written by learners in terms of relation to task description, language, clarity, and prompt crafting patterns, (D) properties of the AI-generated code in terms of correctness, complexity, and accuracy, and (E) how learners utilize AI-generated code in terms of placement, verification, and manual modifications. Furthermore, our analysis reveals four distinct coding approaches when writing code with an AI code generator: AI Single Prompt, where learners prompted Codex once to generate the entire solution to a task; AI Step-by-Step, where learners divided the problem into parts and used Codex to generate each part; Hybrid, where learners wrote some of the code themselves and used Codex to generate others; and Manual coding, where learners wrote the code themselves. Our findings reveal consistently positive trends between learners’ utilization of the Hybrid coding approach and their post-test evaluation scores, while showing consistent negative trends between the AI Single Prompt and the post-test evaluation scores. Furthermore, we offer insights into novice learners’ use of AI code generators in a self-paced learning environment, highlighting signs of over-reliance, self-regulation, and opportunities for enhancing AI-assisted learning tools.",scopus,llm,0.980,unreviewed,,doi:10.1145/3631802.3631806
discarded,AQME: Automated quantum mechanical environments for researchers and educators,J.V. Alegre-Requena,2023,Wiley Interdisciplinary Reviews Computational Molecular Science,10.1002/wcms.1663,https://www.scopus.com/inward/record.uri?partnerID=HzOxMe3b&scp=85149715129&origin=inward,off-topic-false-hit,"AQME, automated quantum mechanical environments, is a free and open‐source Python package for the rapid deployment of automated workflows using cheminformatics and quantum chemistry. AQME workflows integrate tasks performed across multiple computational chemistry packages and data formats, preserving all computational protocols, data, and metadata for machine and human users to access and reuse. AQME has a modular structure of independent modules that can be implemented in any sequence, allowing the users to use all or only the desired parts of the program. The code has been developed for researchers with basic familiarity with the Python programming language. The CSEARCH module interfaces to molecular mechanics and semi‐empirical QM (SQM) conformer generation tools (e.g., RDKit and Conformer–Rotamer Ensemble Sampling Tool, CREST) starting from various initial structure formats. The CMIN module enables geometry refinement with SQM and neural network potentials, such as ANI. The QPREP module interfaces with multiple QM programs, such as Gaussian, ORCA, and PySCF. The QCORR module processes QM results, storing structural, energetic, and property data while also enabling automated error handling (i.e., convergence errors, wrong number of imaginary frequencies, isomerization, etc.) and job resubmission. The QDESCP module provides easy access to QM ensemble‐averaged molecular descriptors and computed properties, such as NMR spectra. Overall, AQME provides automated, transparent, and reproducible workflows to produce, analyze and archive computational chemistry results. SMILES inputs can be used, and many aspects of tedious human manipulation can be avoided. Installation and execution on Windows, macOS, and Linux platforms have been tested, and the code has been developed to support access through Jupyter Notebooks, the command line, and job submission (e.g., Slurm) scripts. Examples of pre‐configured workflows are available in various formats, and hands‐on video tutorials illustrate their use.",scopus,llm,0.990,unreviewed,,doi:10.1002/wcms.1663
discarded,Comparing Sampling Strategies for the Classification of Bi-objective Problems by FLACCO Features,P. Krömer,2023,Lecture Notes on Data Engineering and Communications Technologies,10.1007/978-3-031-35734-3_13,https://www.scopus.com/inward/record.uri?partnerID=HzOxMe3b&scp=85162978608&origin=inward,adjacent-subtopic,,scopus,llm,0.940,unreviewed,,doi:10.1007/978-3-031-35734-3_13
