status,title,authors,year,venue,doi,url,tags,abstract,provider,decision_source,llm_confidence,llm_review_outcome,llm_change_direction,paper_id
discarded,The Effects of Cognitive-Affective Interaction Strategy on Novices' Creative Performance in Game Design Project,Li-Chun Wang; Ming-Puu Chen,2012,2012 IEEE 12th International Conference on Advanced Learning Technologies,10.1109/ICALT.2012.27,https://ieeexplore.ieee.org/document/6268174/,adjacent-subtopic,"The purpose of this study was to investigate the effects of Cognitive Affective Interaction (CAI) strategy on novices' creative performance in game design. There were one hundred and eighty-nine seventh graders participated in the game design project. The CAI strategies, including the visualization and the discrepancy strategies, were administrated and served as the experimental treatment. The visualization strategy was conducted to provide opportunities for the learners to perceive or visualize the content in many contexts. The discrepancy strategy was conducted to provide opportunities for the learners to explore the deficiencies in their understanding. The results showed that the discrepancy strategy could facilitate learners' recognition, elaboration, application and creation and inspire their creative thinking during game design task. For the visualization group, instructor may provide more experiential learning experiences and scaffolding opportunities. The learning by doing game design activity engaged the learners in similar motivation.",ieee,llm,0.970,unreviewed,,doi:10.1109/icalt.2012.27
discarded,Investigating the Impact of Soluble Metal Ions on the Electrical Properties of Insulating Oil: Experiments and Simulation Modeling,K. Liang; F. Wang; L. Zhong; C. Hu; H. Yi,2024,2024 IEEE International Conference on Plasma Science (ICOPS),10.1109/ICOPS58192.2024.10627593,https://ieeexplore.ieee.org/document/10627593/,off-topic-false-hit,"Metal contamination in insulating oil poses a significant risk to the safe and efficient function of oil-immersed machinery. Previous research has seldom explored how metal ions affect the discharge behavior of insulating oil. This study uses experimental methods to examine the impact of copper ions on the dielectric properties, breakdown performance, and partial discharge behavior of insulating oil, coupled with a theoretical simulation analysis. Dielectric spectroscopy tests show that copper ions in solution alter the oil’s dielectric properties, particularly by lowering its relative permittivity due to iongenerated internal electric fields. Moreover, these ions cause an increase in dielectric losses at lower frequencies and a marked rise in conductivity at higher frequencies, likely through electron tunneling and heat-driven polarization. AC Breakdown tests demonstrate that the oil’s breakdown voltage drops with rising copper ion levels. This decline in breakdown voltage is attributed to the ions’ comparatively lower ionization potential and the effects of charge saturation. Partial discharge tests verify that copper ions decrease the inception voltage, and the incidence of discharges across needle-plate gaps in the oil escalates with ion concentration. A numerical model to developed to simulate streamer movement in oil, accounting for soluble metal ions’ presence. This model introduces a dissociation source term for ionic compounds into the charge continuity equation to clarify metal ions’ role in streamer dynamics. Findings indicate that metal ions accelerate the streamer’s velocity and reduce the peak field intensity at the streamer’s front compared to pure oil. However, excessive ion concentrations stifle streamer growth through the space charge shielding effect. These insights enhance our comprehension of how ionic metal contaminants microscopically influence the discharge process in insulating oil.",ieee,llm,1.000,unreviewed,,doi:10.1109/icops58192.2024.10627593
discarded,A Concern Visualization Approach for Improving MATLAB and Octave Program Comprehension,Ivan De M. Lessa; Glauco De F. Carneiro; Miguel P. Monteiro; Fernando Brito e Abreu,2015,2015 29th Brazilian Symposium on Software Engineering,10.1109/SBES.2015.19,https://ieeexplore.ieee.org/document/7328017/,adjacent-subtopic,"The literature has pointed out the need for focusing efforts to better support comprehension of MATLAB and Octave programs. Despite being largely used in the industry and academia in the engineering domain, programs and routines written in those languages still require efforts to propose approaches and tools for its understanding. Considering the use of crosscutting concerns (CCCs) to support the comprehension of object-oriented programs, there is room of its use in the context of MATLAB and Octave programs. The literature has purpose and examples in this direction. Considering this scenario, we propose the use of visualization enriched with CCCs representation to support the comprehension of such programs. This paper discusses the use of a multiple view interactive environment called OctMiner in the context of two case studies to characterize how collected information relating to crosscutting concerns can foster the comprehension of MATLAB and GNU/Octave programs. As a result of the conducted case studies, we propose strategies based on OctMiner and tailored to support different comprehension activities of programs written in MATLAB and Octave.",ieee,llm,0.990,unreviewed,,doi:10.1109/sbes.2015.19
discarded,"Predicting Psychological State of Students based on Physiological, Behavioral, and Environmental Attributes",Deeya Agarwal; Jai Satrawada; Sohail Zaidi,2025,2025 IEEE Integrated STEM Education Conference (ISEC),10.1109/ISEC64801.2025.11147412,https://ieeexplore.ieee.org/document/11147412/,off-topic-false-hit,"Comprehension of psychological states is important because it can lead to better mental health support, improved educational outcomes, and enhanced workplace productivity. By understanding an individual's emotional and cognitive condition, timely interventions can be made to reduce stress, anxiety, and other negative psychological states. This research focuses on predicting psychological states using a diverse dataset containing physiological, environmental, behavioral, psychological, and demographic features. In this study physiological indicators such as heart rate variability, skin response, and brain activity were captured alongside environmental factors like ambient noise and light levels. Behavioral features such as focus duration and typing speed were included and analyzed in relation to cognitive load and emotional states. The data was preprocessed, converting categorical strings into numerical values for compatibility with machine learning algorithms. IBM Watson selected the Decision Tree Classifier and Snap Decision Tree Classifier for modeling. Performance analysis revealed the most accurate model in this study was the Decision Tree Classifier, with an accuracy of about 30%. While the results were not ideal, possible methods for improving the accuracy are given in the future work section. In general, the work in this paper analyzes the potential for identifying the correlation between behavioral, physical, and environmental attributes and one's psychological state.",ieee,llm,0.990,unreviewed,,doi:10.1109/isec64801.2025.11147412
discarded,Diagnosis and evaluation of ADHD using Naïve Bayes and J48 classifiers,K. Krishnaveni; E. Radhamani,2016,2016 3rd International Conference on Computing for Sustainable Global Development (INDIACom),,https://ieeexplore.ieee.org/document/7724579/,off-topic-false-hit,"Naive Bayes and J48 Data mining classifiers to Diagnose and Evaluate the Attention Deficit Hyperactivity Disorder is proposed in this paper. A sample questionnaire focusing the Behavioral, Educational and Medical characteristics of the children is prepared with three parts grouping the symptoms of different types of ADHD: Inattentive, Hyperactivity and Impulsive. School going children at the age of 5-9 years is targeted and an ADHD data set with 105 data samples with 30 attributes is created from their parents and teachers under the guidance of physicians. The ADHD data set is preprocessed to remove duplicate records, missing data, noisy and inconsistent data and classified initially into NOADHD and ADHD. The ADHD prone samples are further classified into moderate ADHD (ADHDmod) and high ADHD (ADHDhigh) classes using Naive Bayes and J48 classifiers and their classification performance is evaluated with the aid of Confusion matrix, ROC curve and Accuracy measures using WEKA tool. The experimental results show that the J48 classifier gives 100% accuracy on ADHD dataset compared to Naive Bayes which yields 94.3% with less time. To create awareness about the influence of ADHD among the school going children is the main intension of this work.",ieee,llm,1.000,unreviewed,,hash:c1b20241ca767d49
discarded,First-principles calculations of structural and elastic properties of hexagonal Cu2In intermetallic compound,Hsien-Chie Cheng; Ching-Feng Yu; Wen-Hwa Chen,2012,"2012 7th International Microsystems, Packaging, Assembly and Circuits Technology Conference (IMPACT)",10.1109/IMPACT.2012.6420284,https://ieeexplore.ieee.org/document/6420284/,off-topic-false-hit,"In recent years, Pb-Sn solders have been commonly applied in the microelectronic packaging industry over last decades due to their remarkable properties, such as good wetting, low melting temperature and low cost. Nevertheless, because of the toxic Pb element in the solders, significant environmental and health issues are created. Due to the high environmental awareness, green electronics products are presently advocated and proclaimed through legislation [1]. It has been extensively reported that multi-component Pb-free solders are potential to be the substitute of the Pb-Sn solders for developing green products. In recent years, extensive thermodynamic database of some metal elements, such as Ag, Cu, In, Sn, and Zn, has been established by many studies in replace of Pb to synthesize a novel Pb-free solder alloy [2]. The In-based solders could be one of the favorable candidates due to their good wetting, thermal fatigue durability, high ductility and appropriate melting point. However, there are some significant technical challenges needed to be resolved prior to their full and successful implementation and application. For example, Cu has been widely utilized in the under bump metallurgy (UBM) of chip and substrate metallization for solder bonding in the microelectronics industry. Because of the active chemical diffusion characteristics, it tends to diffuse into Sn-In based solder during assembly process and isothermal aging testing to form several intermetallic compounds (IMCs) at the interfaces between the solder and UBM, such as Cu2In. The IMCs can induce a great influence on the structural stiffness and material strengths of solder joints, which are essential to the reliability performance of the electronic packaging. In literature, extensive focuses have been placed on the interfacial formation and evolution of the Cu2In IMC by many researches. It should be noted that the success of application of the Pb-free solder in the advanced interconnect technology strongly relies on the full comprehension of the mechanical properties of the IMC. Unfortunately, only limited studies have been attempted to explore the essential subject in literature. Thus, the main goal of the study attempts to provide a more complete and comparative investigation of the structural and elastic properties of the Cu2In IMC through first-principles calculation by density functional theory (DFT) [3] within the generalized gradient approximation (GGA) [4] based on pseudopotential method. It is believed that through the investigation of its elastic properties, one can have a better understanding of its relation to the thermal-mechanical reliability of solder joints.",ieee,llm,1.000,unreviewed,,doi:10.1109/impact.2012.6420284
discarded,Notice of Retraction: Study on modularized synthetic cultivation system of technology entrepreneurship education,Xiaoqing Fan; Yu Qi; Fan Gao,2010,2010 IEEE International Conference on Advanced Management Science(ICAMS 2010),10.1109/ICAMS.2010.5552826,https://ieeexplore.ieee.org/document/5552826/,off-topic-false-hit,Retracted.,ieee,llm,1.000,unreviewed,,doi:10.1109/icams.2010.5552826
discarded,Evaluating the Impact of Input Text Properties on LLM-Based Requirements Extraction,Konstantin Valeev; Fabiano Dalpiaz; Fatma Başak Aydemir,2026,2026 IEEE 34th International Requirements Engineering Conference (RE),10.1109/RE68928.2026.00048,https://ieeexplore.ieee.org/document/11676732/,adjacent-subtopic,"Large Language Models (LLMs) are increasingly applied to requirements engineering tasks, yet existing benchmarks measure model performance without accounting for how properties of the input text affect extraction outcomes. Among the broad spectrum of requirements engineering activities, this research focuses on requirements extraction, identifying requirement statements in existing documents, a task that can be evaluated against human-annotated ground truth. We argue that measurable text properties can indicate extraction performance. We propose a three-stage research program. Stage 1 defines a metrics toolkit spanning five dimensions (entity coherence, readability, structure, requirements readiness, domain terminology) and validates their discriminative power on a corpus of 376 documents: 19 metrics were used for statistical analysis; all 19 significantly distinguish document types (Welch's ANOVA with Benjamini-Hochberg FDR correction, $p<0.05$), achieving $93.09 \%$ classification accuracy. Stage 2 will assemble a dataset of natural-language documents paired with human-annotated requirement statements, then measure how each document's metric profile correlates with LLM extraction quality. Stage 3 will compare multiple LLMs and prompting strategies to map technique-specific failure boundaries. The envisioned outcome is a decision framework mapping document profiles to expected extraction quality. We report Stage 1 results and the research roadmap.",ieee,llm,0.980,unreviewed,,doi:10.1109/re68928.2026.00048
discarded,Performance Analysis Of Fuzzy Rough Set-Based And Correlation-Based Attribute Selection Methods On Detection Of Chronic Kidney Disease With Various Classifiers,Muhammet Sinan Başarslan; Fatih Kayaalp,2019,2019 Scientific Meeting on Electrical-Electronics & Biomedical Engineering and Computer Science (EBBT),10.1109/EBBT.2019.8741688,https://ieeexplore.ieee.org/document/8741688/,off-topic-false-hit,"Technological developments generally have positive effects on our daily lives especially on health domain. Diagnosing diseases through new machines or methods are easier than compared to the past. Benchmarking the effect of attribute selection methods on the performance of classification algorithms in a study to diganose the chronic kidney disease (CKD) by using classification algorithms are aimed. Data set on CKD taken from the UCI machine learning repository has been used for the experiments. After a variety of pre-processing, normalization and attribute selection processes, classifier models are designed. In order to determine the attributes that have gerater contribution on the classification results, the Correlation Based attribute selection (CBAS) method and Fuzzy Rough Set Based attribute selection (FRSBAS) method were used. Two data sets obtained by each attribute selection method and the raw data are classified by 4 classifiers including k-Nearest Neighbor, Navie Bayes, Random Forest and Logistic Regression. The test and training data are separated by 5-fold cross validation. The accuracy, precision, sensitivity, ROC curve and F-measure parameters obtained from confusion matrix are used to compare and evaluate the results of the models. As a result of the study, it is seen that the application of FRSBAS method on CKD data set performs better in all classification algorithms.",ieee,llm,1.000,unreviewed,,doi:10.1109/ebbt.2019.8741688
discarded,Logo Image Dataset (LID): A Dataset of Trademark Images with Vienna Codes and Bounding Boxes for Logo Detection,Thananuch Leeratanachai; Suparerk Manitpornsut,2026,2026 18th International Conference on Knowledge and Smart Technology (KST),10.1109/KST67832.2026.11432019,https://ieeexplore.ieee.org/document/11432019/,off-topic-false-hit,"Logos are considered crucial for brands and businesses, and the development of logo recognition processes and brand identification processes is of particular interest, with the aim of leveraging artificial intelligence to enhance the efficiency of trademark management. Although recent deep learning-based object detection methods have demonstrated promising performance, their effectiveness is often limited by the lack of datasets that provide fine-grained spatial annotations. This paper presents the Logo Image Dataset (LID), a dataset of 7,463 real-world trademark images collected from publicly available sources commonly encountered in Thailand. Each image is manually annotated with object-level labels, bounding-box coordinates, and Vienna Classification codes describing figurative elements. Evaluated using a custom YOLO architecture, the model achieved a mAP at 0.5 IoU of 0.918 and a mAP across thresholds from 0.5 to 0.95 of 0.85. The results yielded a peak F1 score of 0.84 at a confidence threshold of 0.73. Analysis of confusion matrices indicates that residual errors mainly arise from visually similar geometric motifs and long-tailed classes. These results demonstrate that LID provides effective supervision for fine-grained logo detection and offers a practical foundation for automated trademark search and analysis systems.",ieee,llm,0.990,unreviewed,,doi:10.1109/kst67832.2026.11432019
discarded,Cops-Ref: A New Dataset and Task on Compositional Referring Expression Comprehension,Zhenfang Chen; Peng Wang; Lin Ma; Kwan-Yee K. Wong; Qi Wu,2020,2020 IEEE/CVF Conference on Computer Vision and Pattern Recognition (CVPR),10.1109/CVPR42600.2020.01010,https://ieeexplore.ieee.org/document/9157652/,off-topic-false-hit,"Referring expression comprehension (REF) aims at identifying a particular object in a scene by a natural language expression. It requires joint reasoning over the textual and visual domains to solve the problem. Some popular referring expression datasets, however, fail to provide an ideal test bed for evaluating the reasoning ability of the models, mainly because 1) their expressions typically describe only some simple distinctive properties of the object and 2) their images contain limited distracting information. To bridge the gap, we propose a new dataset for visual reasoning in context of referring expression comprehension with two main features. First, we design a novel expression engine rendering various reasoning logics that can be flexibly combined with rich visual properties to generate expressions with varying compositionality. Second, to better exploit the full reasoning chain embodied in an expression, we propose a new test setting by adding additional distracting images containing objects sharing similar properties with the referent, thus minimising the success rate of reasoning-free cross-domain alignment. We evaluate several state-of-the-art REF models, but find none of them can achieve promising performance. A proposed modular hard mining strategy performs the best but still leaves substantial room for improvement.",ieee,llm,0.990,unreviewed,,doi:10.1109/cvpr42600.2020.01010
discarded,Enhancing Automatic Readability Assessment with Verb Frame Features,Tianyuan Cai; Ho Hung Lim; John S. Y. Lee; Meichun Liu,2022,2022 International Conference on Asian Language Processing (IALP),10.1109/IALP57159.2022.9961289,https://ieeexplore.ieee.org/document/9961289/,off-topic-false-hit,"Patterns of verb usage, as encoded in verb frame elements, have been shown to correlate with text readability. While automatic readability assessment models have incorporated a wide range of features on lexical, syntactic, semantic and discourse properties of a text, none of these features directly exploit the semantic information provided in verb frames. This paper investigates whether features based on semantic frames can improve the performance of Chinese readability assessment models. We conduct experiments with manually annotated verb frame elements in Mandarin VerbNet, including the use of non-core frame elements, subject omission, metaphoric usage and clause as verb argument. Experimental results on a corpus of Chinese texts, spanning twelve school grades, show that these frame features significantly raise readability assessment accuracy over a baseline model that relies on surface features only.",ieee,llm,1.000,unreviewed,,doi:10.1109/ialp57159.2022.9961289
