status,title,authors,year,venue,doi,url,tags,abstract,provider,decision_source,llm_confidence,llm_review_outcome,llm_change_direction,paper_id
discarded,"Advances in Cheminformatics Methodologies and Infrastructure to Support the Data Mining of Large, Heterogeneous Chemical Datasets","Guha, Rajarshi; Gilbert, Kevin; Fox, Geoffrey; Pierce, Marlon; Wild, David; Yuan, Huapeng",2010,CURRENT COMPUTER-AIDED DRUG DESIGN,,https://www.webofscience.com/wos/woscc/full-record/WOS:000275149800004,adjacent-subtopic,"In recent years, there has been an explosion in the availability of publicly accessible chemical information, including chemical structures of small molecules, structure-derived properties and associated biological activities in a variety of assays. These data sources present us with a significant opportunity to develop and apply computational tools to extract and understand the underlying structure-activity relationships. Furthermore, by integrating chemical data sources with biological information (protein structure, gene expression and so on), we can attempt to build up a holistic view of the effects of small molecules in biological systems. Equally important is the ability for non-experts to access and utilize state of the art cheminformatics method and models. In this review we present recent developments in cheminformatics methodologies and infrastructure that provide a robust, distributed approach to mining large and complex chemical datasets. In the area of methodology development, we highlight recent work on characterizing structure-activity landscapes, Quantitative Structure Activity Relationship (QSAR) model domain applicability and the use of chemical similarity in text mining. In the area of infrastructure, we discuss a distributed web services framework that allows easy deployment and uniform access to computational (statistics, cheminformatics and computational chemistry) methods, data and models. We also discuss the development of PubChem derived databases and highlight techniques that allow us to scale the infrastructure to extremely large compound collections, by use of distributed processing on Grids. Given that the above work is applicable to arbitrary types of cheminformatics problems, we also present some case studies related to virtual screening for anti-malarials and predictions of anti-cancer activity.",wos,llm,0.980,unreviewed,,hash:463d5ef1d581035e
discarded,Automatic Integration of Deep Web Query Interfaces based on Ontology,"Wang, Ying; Peng, Tao; Zuo, Wanli; He, Fengling",2009,"ICCIT: 2009 FOURTH INTERNATIONAL CONFERENCE ON COMPUTER SCIENCES AND CONVERGENCE INFORMATION TECHNOLOGY, VOLS 1 AND 2",,https://www.webofscience.com/wos/woscc/full-record/WOS:000280705700319,adjacent-subtopic,"Query interface is used to formulate queries to receive needed data from web databases in deep web. In order to access Domain-Specific databases, the most important step is to construct an integration interface that allows uniform access to disparate relevant sources. Therefore, this paper proposes a novel method of integrating query interfaces based on ontology in deep web. Firstly, make full use of the complex relationships which are provided by ontology, and find the semantic relationships between attributes. Then, record the matching relationships and matching frequencies into a mapping table to reserve the structure and the order of attributes. Lastly, extract these concepts from ontology as integration interface attributes which are matched with corresponding attribute labels from local interfaces, and descend order in accordance with the matching frequencies to get an integration interface. Experiment result shows that this method has dramatically improved the matching precision of query interfaces.",wos,llm,0.990,unreviewed,,hash:f79b795524e5ff14
discarded,Conceptual Modeling for Data Integration,"Calvanese, Diego; De Giacomo, Giuseppe; Lembo, Domenico; Lenzerini, Maurizio; Rosati, Riccardo",2009,CONCEPTUAL MODELING: FOUNDATIONS AND APPLICATIONS,,https://www.webofscience.com/wos/woscc/full-record/WOS:000270407700011,adjacent-subtopic,"The goal of data integration is to provide a uniform access to a set of heterogeneous data sources, freeing the user from the knowledge about where the data are, how they are stored, and how they can be accessed. One of the outcomes of the research work carried out on data integration in the last years is a clear architecture, comprising a global schema, the source schema, and the mapping between the source and the global schema. Although in many research works and commercial tools the global schema is simply a data structure integrating the data at the sources, we argue that the global schema should represent, instead, the conceptual model of the domain. However, to fully pursue such an approach, several challenging issues are to be addressed. The main goal of this paper is to analyze one of them, namely, how to express the conceptual model representing the global schema. We start our analysis with the case where such a schema is expressed in terms of a UML class diagram, and we end up with a proposal of a particular Description Logic, called DL-Lire(A,id). We show that the data integration framework based on such a logic has several interesting properties, including the fact that both reasoning at design time, and answering queries at run time can be done efficiently.",wos,llm,0.990,unreviewed,,hash:e959ec8aecbd5387
discarded,Property Models From Incidental Algorithms to Reusable Components,"Jarvi, Jaakko; Marcus, Mat; Parent, Sean; Freeman, John; Smith, Jacob N.",2008,GPCE'08: PROCEEDINGS OF THE ACM SIGPLAN SEVENTH INTERNATIONAL CONFERENCE ON GENERATIVE PROGRAMMING AND COMPONENT ENGINEERING,,https://www.webofscience.com/wos/woscc/full-record/WOS:000267584600009,adjacent-subtopic,"A user interface, such as a dialog, assists a user in synthesising a set of values, typically parameters for a command object. Code for ""command parameter synthesis"" is usually application-specific and non-reusable, consisting of validation logic in event handlers and code that controls how values of user interface elements change in response to a user's actions, etc. These software artifacts are incidental-they are not explicitly designed and their implementation emerges from a composition of locally defined behaviors.

This article presents property models to capture explicitly the algorithms, validation, and interaction rules, arising from command parameter synthesis. A user interface's behavior can be derived from a declarative property model specification, with the assistance of a component akin to a constraint solver. This allows multiple interfaces, both human and programmatic, to reuse a single model along with associated validation logic and widget activation logic.

The proposed technology is deployed in large commercial software application suites. Where we have applied property models, we have measured significant reductions in source-code size with equivalent or increased functionality; additional levels of reuse are apparent, both within single applications, and across product lines; and applications are able to provide more uniform access to functionality. There is potential for wide adoption: by our measurements command parameter synthesis comprises roughly one third of the code and notably more of the defects in desktop applications.",wos,llm,0.950,unreviewed,,hash:f51d14b27523e89a
discarded,Adaptive middleware for uniform access to legacy systems for mobile clients,"Zhi, Xiaoli; Rong, Lu; Tong, Weiqin",2006,"2006 1ST INTERNATIONAL SYMPOSIUM ON PERVASIVE COMPUTING AND APPLICATIONS, PROCEEDINGS",,https://www.webofscience.com/wos/woscc/full-record/WOS:000240859900008,adjacent-subtopic,"The trends of mobile accessibility are bringing new challenges to the viability of computerized systems that can't support mobile clients. Taking in instead of ignoring the ever-increasing number of mobile users is important and urgent to save legacy properties and maintain business prosperity. And a uniform access to heterogeneous end hosts is most desirable for computationally challenged mobile devices. To address the above two issues, this paper proposes a Mobile Adaptive Data Accessing Middleware, (MADAM). It uses a non-intrusive way to mobilize legacy systems and offer a consistent accessing interface to mobile users. MADAM provides the adaptability of heterogeneity for both sides. On the client side, a context structure is used to differentiate clients' circumstances. On the server side, a service registration mechanism allows components customized for specific servers to be easily added or removed. MADAM achieves good extensibility and performance by adopting a semi service oriented architecture. Experiments with a prototype implementation show the validity of MADAM.",wos,llm,0.990,unreviewed,,hash:57df0531128990cd
discarded,Policy-based access control framework for grid computing,"Wu, Jin; Leangsuksun, Chokchai Box; Rampure, Vishal; Ong, Hong",2006,SIXTH IEEE INTERNATIONAL SYMPOSIUM ON CLUSTER COMPUTING AND THE GRID,,https://www.webofscience.com/wos/woscc/full-record/WOS:000238329200057,adjacent-subtopic,"Grid technology enables access and sharing of data and computational resources across administrative domains. Thus, it is important to provide a uniform access and management mechanism couple with fine-grain usage policies for enforcing authorization. In this paper, we describe our work on enabling fine-grain access control for resource usage and management. We describe the prototype as well as the policy mark-up language that we designed to express fine-grain security policies. We then present our experimental results. and discuss our plans for future work.",wos,llm,1.000,unreviewed,,hash:ba6d6a2189a4e80d
discarded,Integrating web services and Mobile Agent systems,"Bellavista, P; Corradi, A; Monti, S",2005,"25TH IEEE INTERNATIONAL CONFERENCE ON DISTRIBUTED COMPUTING SYSTEMS WORKSHOPS, PROCEEDINGS",,https://www.webofscience.com/wos/woscc/full-record/WOS:000230452100036,adjacent-subtopic,"Middleware supports based on Mobile Agents (MAs) have recently emerged with the goal of allowing application developers to easily manage and control the properties and behaviors of mobile systems, especially in novel wireless and ubiquitous scenarios. Several MA systems have grown independently with no widely recognized standardization and still lack functions for easy integration. The primary consequence is that one AIM platform tends to offer middleware facilities scarcely compatible with other MA systems. Moreover, MA tools are sometimes difficult to employ by common users who have to overcome a significant knowledge gap before properly exploiting MA-specific functions. The paper proposes a solution to open up the usage of AM systems via the bridge of the emerging Web Services (WS) standard technology to achieve interoperability. We have developed an integration infrastructure, called WSMI, with the twofold goal of exporting the MA functions with a WS interface and of simplifying the access to legacy WS components from any AM system. This promotes the uniform access to different MA system functions, independently of the specific AM implementation. We have thoroughly evaluated the WSMI prototype performance, also by comparing the WSMI integration functions with similar non-WS-based facilities: the increased dynamicity and openness of our integration infrastructure have demonstrated to largely counterbalance the overhead introduced by WS adoption.",wos,llm,0.990,unreviewed,,hash:051f916beb2c199a
discarded,Schema matching in GIS,"Manoah, S; Boucelma, O; Lassoued, Y",2004,"ARTIFICIAL INTELLIGENCE: METHODOLOGY, SYSTEMS, AND APPLICATIONS, PROCEEDINGS",,https://www.webofscience.com/wos/woscc/full-record/WOS:000223825100051,adjacent-subtopic,"With the proliferation of spatial data on the Internet, there is an increasing need for flexible and powerful GIS data integration solutions. Recall that a data integration system provides users with a uniform access to a multitude of (local) data sources. The user poses his query against a virtual (global) schema, which is rewritten into queries against the local sources. A key issue in this context is to provide (semi)automatic schema mappings between schemas. In this paper we describe a machine-learning based approach for GIS schema matching. Our approach extends existing machine-learning approaches for (traditional) data mapping but departs from them due to the nature of geographic data. Our solution reduces the complex mappings by identifying different values of a determining property.",wos,llm,0.990,unreviewed,,hash:c2e845490770614b
discarded,Omnibase: Uniform access to heterogeneous data for question answering,"Katz, B; Felshin, S; Yuret, D; Ibrahim, A; Lin, J; Marton, G; McFarland, AJ; Temelkuran, B",2002,NATURAL LANGUAGE PROCESSING AND INFORMATION SYSTEMS,,https://www.webofscience.com/wos/woscc/full-record/WOS:000181620700023,adjacent-subtopic,"Although the World Wide Web contains a tremendous amount of information, the lack of uniform structure makes finding the right knowledge difficult. A solution is to turn the Web into a ""virtual database"" and to access it through natural language. We built Omnibase, a system that integrates heterogeneous data sources using an object-property-value model. With the help of Omnibase, our START natural language system can now access numerous heterogeneous data sources on the Web in a uniform manner, and answers millions of user questions with high precision.",wos,llm,0.990,unreviewed,,hash:cb676e6472c9a0ef
discarded,Optimized querying of integrated data over the web,"Calì, A; Calvanese, D",2002,ENGINEERING INFORMATION SYSTEMS IN THE INTERNET CONTEXT,,https://www.webofscience.com/wos/woscc/full-record/WOS:000178980700017,adjacent-subtopic,"Information Integration is the problem of providing a uniform access to multiple and heterogeneous data sources. The most common approach to this task, called global-as-view, consists in providing a global schema of the data, in which each relation is defined as a view over a set of data sources. Recent works deal with this problem in the case of limited source capabilities, where, in general, sources can only be accessed respecting certain binding patterns for their attributes, In this case, computing the answer to a user query over the global schema cannot be done by simply substituting the concepts appearing in the query with their definitions. Instead, it may require the evaluation of a suitable recursive Datalog program.

In this paper we study the evaluation of conjunctive queries in the global-as-view approach with limited source capabilities. We first present an algorithm for optimizing query answering which takes into account the structure of the query together with the binding patterns in order to compute an optimized query plan. The optimization allows for excluding from the query plan the sources that are not relevant for the answer. We then study online optimization of query answering by taking into account full inclusion and functional dependencies between sources, Such an optimization, at a certain step of the answering process, uses the dependencies together with the data retrieved so far to avoid unnecessary accesses to the sources.",wos,llm,0.990,unreviewed,,hash:9c558773829c1ccd
discarded,A uniform methodology for extracting type conflicts and subscheme similarities from heterogeneous databases,"Terracina, G; Ursino, D",2000,INFORMATION SYSTEMS,,https://www.webofscience.com/wos/woscc/full-record/WOS:000166338200005,adjacent-subtopic,"Cooperative Information Systems have been proposed to allow a uniform access to heterogeneous data yet preserving their operational autonomy. They use global dictionaries defined on the basis of interscheme properties; these include nominal and structural properties, type conflicts and object cluster similarities. Whereas in the literature a certain number of techniques has been proposed for deriving nominal and structural properties, few approaches exist for detecting type conflicts and object cluster similarities. The type of an object indicates if it is an entity, a relationship or an attribute; type conflicts indicate the existence of objects representing the same concept yet having different types. Object cluster similarities denote similitudes between portions of different schemes. This paper proposes an automatic, probabilistic approach to the detection of type conflicts and object cluster similarities in database schemes. The method we are proposing here is based on considering pairs of objects having different types (resp., pairs of clusters), belonging to different schemes and on measuring their similarity. To this purpose object (resp., cluster) structures as well as object (resp., cluster) neighborhoods are analysed to verify similitudes and differences. A number of examples shows the suitability of our techniques to effectively detect type conflicts and object cluster similarities. (C) 2001 Elsevier Science Ltd. All rights reserved.",wos,llm,0.990,unreviewed,,hash:eac702c3577f7225
discarded,DIFFERENTIAL-EFFECTS OF PROTEASE DIGESTION ON PHOTORECEPTOR LECTIN BINDING-SITES,"WOOD, JG; NAPIERMARSHALL, L",1985,JOURNAL OF HISTOCHEMISTRY & CYTOCHEMISTRY,,https://www.webofscience.com/wos/woscc/full-record/WOS:A1985AKX7300004,off-topic-false-hit,"The use of lectin cytochemistry together with proteolytic digestion techniques to partially characterize lectin binding sites of several intracellular compartments in frog photoreceptors was studied. Uniform access of reagents to all intracellular compartments was obtained by performing the experiments directly on semithin sections of retinal tissue embedded in a hydrophilic plastic resin. Protease pretreatment of sections of Xenopus laevis eyecup leads to a loss of wheat germ agglutinin (WGA) binding sites from most of the rod outer segment. Under this experimental conditions used, cone outer segment WGA binding sites are resistant to proteolytic digestion. Another major difference between rod and cone under segments is that rod outer segments are heavily labeled with succinylated WGA, whereas cone outer segments are barely labeled except for a region of intense staining thought to be at the connecting cilium. WGA binding sites in the shed outer segment tip (phagosome) are also relatively resistant to proteolytic digestion, as is the tip region of a few rod outer segments. This difference in lectin binding properties between the bulk of the outer segment membrane and the shed outer segment membrane is the only distinction observed between the 2 compartments in terms of their glycoconjugates. Results may be useful in terms of designing experiments to isolate cone and rod outer segments separately. A change in outer segment glycoconjugates may accompany the shedding and  phagocytosis events, as previously suggested, but this change does not necessarily involve the addition of saccharides to outer segment glycoproteins.",wos,llm,1.000,unreviewed,,hash:080e8cb42d75d848
discarded,"Equal Access, Unequal Interaction: A Counterfactual Audit of Large Language Models Fairness",A. Amiri-Margavi,2027,IFIP Advances in Information and Communication Technology,10.1007/978-3-032-30805-4_15,https://www.scopus.com/inward/record.uri?partnerID=HzOxMe3b&scp=105046114368&origin=inward,adjacent-subtopic,"Prior work on fairness in large language models (LLMs) has primarily focused on access-level behaviors such as refusals and safety filtering. However, equitable access does not ensure equitable interaction quality once a response is provided. In this paper, we conduct a controlled fairness audit examining how LLMs differ in tone, uncertainty, and linguistic framing across demographic identities after access is granted. Using a counterfactual prompt design, we evaluate GPT-4 and LLaMA-3.1-70B on career advice tasks while varying identity attributes along age, gender, and nationality. We assess access fairness through refusal analysis and measure interaction quality using automated linguistic metrics, including sentiment, hedging frequency, and politeness. Identity-conditioned differences are evaluated using paired statistical tests. Both models exhibit zero refusal rates across all identities, indicating uniform access. Nevertheless, we observe systematic, model-specific disparities in interaction quality: GPT-4 expresses significantly higher hedging toward younger male users, while LLaMA exhibits broader sentiment variation across identity groups. These results show that fairness disparities can persist at the interaction level even when access is equal, motivating evaluation beyond refusal-based audits.",scopus,llm,0.990,unreviewed,,doi:10.1007/978-3-032-30805-4_15
discarded,"Enhancing Cyber Security, Data Confidentiality, and Access Control in Multi-Tenant Cloud Infrastructures Through Blockchain-Integrated Attribute-Based Encryption Mechanisms",S.S.R. Yerramada,2026,Lecture Notes in Networks and Systems,10.1007/978-3-032-14194-1_36,https://www.scopus.com/inward/record.uri?partnerID=HzOxMe3b&scp=105028810225&origin=inward,adjacent-subtopic,,scopus,llm,0.980,unreviewed,,doi:10.1007/978-3-032-14194-1_36
