status,title,authors,year,venue,doi,url,tags,abstract,provider,decision_source,llm_confidence,llm_review_outcome,llm_change_direction,paper_id
discarded,Access Methods for Markovian Streams,Julie Letchner; Christopher Ré; Magdalena Bałazińska; Matthai Philipose,2009,Proceedings - International Conference on Data Engineering,10.1109/icde.2009.21,https://openalex.org/W2112630366,adjacent-subtopic,"Model-based views have recently been proposed as an effective method for querying noisy sensor data. Commonly used models from the AI literature (e.g., the hidden Markov model) expose to applications a stream of probabilistic and correlated state estimates computed from the sensor data. Many applications want to detect sophisticated patterns of states from these Markovian streams. Such queries are called event queries. In this paper, we present a new Markovian stream storage manager, Caldera. We develop and evaluate Caldera as a component of Lahar, a Markovian stream event query processing system developed in previous work. At the heart of Caldera is a set of access methods for Markovian streams that can improve event query performance by orders of magnitude compared to existing techniques, which must scan the entire stream. Our access methods use new adaptations of traditional B+ tree indexes, and a new index, called the Markov-chain index. They efficiently extract only the relevant timesteps from a stream, while retaining the stream's Markovian properties. We have implemented our prototype system on BDB and demonstrate its effectiveness on both synthetic data and real data from a building-wide RFID deployment.",openalex,llm,0.990,unreviewed,,doi:10.1109/icde.2009.21
discarded,Balanced media access methods for wireless networks,Timucin Ozugur; M. Naghshineh; Parviz Kermani; C.M. Olsen; B. Rezvani; John A. Copeland,1998,,10.1145/288235.288244,https://openalex.org/W1992878053,adjacent-subtopic,"The wireless medium is a s=ce shared resource in mobde computing.Consequently, the media access control (MAC) layer influences the fairness and robustness of the wireless network.According to the current MAC protocok, stations are not able to gain access equdy to the shared wireless medium.This problem is conunody known as the fairness problem.The fairness problem occurs mostly bemuse of the existence of hidden stations and the presumption of a non-Wy connected wird=s network topology.This paper addresses solutions to the fairness problem in wireless networks.persistent carrier sense mdtiple access based dg~ rithms are proposed in which a fair wirel=s access for each user is accomplished using a precsdtiated N acce~Probabfity, Pij, . .that represents the Eti access probabtity horn station i to j. Lii access probabfities are dcdated at the source station in two ways using connection-based and time-based media access methods.According to the used methods, each active user broadcasts information on either the number of Iogicd connections or the average cent ent ion time to the stations within the communication reach.This information exchange provides partird understanding of the topology of the network to the stations.Each station reserves a specific priority for itse~to gain access to the shared medium.It is suggested that the information is exchanged during the W access discovery procedure for the connection-based method, and periodidy for the time-based method.Link access probabtit ies are modified every time the exchanged information is received.The proposed algorithms are dynamic and sensitive to the changes in the network topology.The sdgoritb have been implemented in a specific media access control protocol [1], but they are app~mble to d media access control protocok.Simdation restits show that the algorithms restit in an order of magnitude performance improvement in terms of throughput in a wirel= network.",openalex,llm,1.000,unreviewed,,doi:10.1145/288235.288244
discarded,A survey on multidimensional access methods,Hee-Kap Ahn; Nikos Mamoulis; Ho Min Wong,2001,Utrecht University Repository (Utrecht University),,https://openalex.org/W1513336996,adjacent-subtopic,"The extraordinary format of spatial data and the fact that there is no straightforward mapping of spatial \nobjects from the multidimensional space to the 1-dimensional space, stimulated various researchers \nduring the past two decades to develop multidimensional access methods that facilitate efficient \nindexing of spatial objects in large databases. This survey paper tries a classification of existing \nmultidimensional access methods, according to the types of data they are most suitable for (points or \nobjects with spatial extent), their structure (hierarchical or flat), and their performance over spatial \nqueries. Most of this work is based on an excellent survey paper[Gaed97]",openalex,llm,1.000,unreviewed,,hash:e9b8c2213b6f4103
discarded,A review of recent work on multi-attribute access methods,David Lomet,1992,ACM SIGMOD Record,10.1145/140979.141006,https://openalex.org/W1965001839,adjacent-subtopic,"Most database systems provide database designers with single attribute indexing capability via some form of B+tree. Multi-attribute search structures are rare, and are mostly found in systems specialized to some more narrow application area, e.g. geographic databases. The reason is that no multi-attirbute search structure has been demonstrated, with high confidence. Multi-attribute search is an active area of research. This paper reviews the state of this field and some of the difficult problems, and reviews some recent notable papers.",openalex,llm,1.000,unreviewed,,doi:10.1145/140979.141006
discarded,The bounded disorder access method,Witold Litwin; David Lomet,1986,,10.1109/icde.1986.7266204,https://openalex.org/W2111234995,adjacent-subtopic,"A new key associative access method, called the bounded disorder method, is described. The method uses a combination of hashing and tree indexing. The method has very good random access performance, being comparable to the best hashing methods if its small index is stored entirely in main memory. The method's advantage compared with hashing is that range searches are possible while searching only a portion of the file proportional to the size of the range. It is possible to control index size by controlling node size. Node size can be increased without increasing the amount of data transferred during a random probe. Further, increasing node size has only a minor effect on key sequential access performance. Even quite large nodes, so long as they can be read into memory in their entirety, have good key sequential performance. The bounded disorder method is the only one of the methods employing large nodes that can cope well with arbitrary key distributions. These properties make the bounded disorder method a good choice as the only access method of a data base system.",openalex,llm,1.000,unreviewed,,doi:10.1109/icde.1986.7266204
discarded,DBM-Tree: A Dynamic Metric Access Method Sensitive to Local Density Data,Marcos R. Vieira; Caetano Traina; Fabio Jun Takada Chino; Agma J. M. Traina,2004,Cadernos de Linguística e Teoria da Literatura (Universidade Federal de Minas Gerais),,https://openalex.org/W2153454206,adjacent-subtopic,"Abstract. Metric Access Methods (MAM) are widely employed to speed up the evaluation of similarity queries, such as range and k-nearest neighbor queries. Most of the currently MAM available today achieve reasonable good performance of query evaluation through minimizing the number of disk accesses required to evaluate a query. The classical way of minimizing the number of disk accesses in hierarchical access methods is to keep the height of the structures very short. This class of structures is called height-balanced structures and are widely employed in Database Management Systems (DBMS). Slim-tree and M-tree are examples of MAM that are height-balanced structures which achieve very good performance both in terms of disk accesses and running time mainly because the height of the trees are kept very short. However, the performance of these two structures degrade very easy because the covering radius of nodes and the overlapping between nodes increase in a way that a large number of subtrees have to be analyzed when processing a query. This paper presents a new dynamic MAM called the DBM-tree (Density-Based Metric tree), which can minimize the overlap between “high-density ” nodes by, in a controlled way, “relaxing ” the height-balancing of the structure. Thus, the height of the tree is higher in denser regions in order to keep a tradeoff between breadth-searching and depth-searching. We also present a new optimization algorithm called Shrink, which improves the performance of already built DBM-trees by reorganizing the elements among their nodes. Experiments performed over several synthetic and real-world datasets showed that the DBM-tree is on average 50 % faster than traditional MAM. The DBM-tree also",openalex,llm,1.000,unreviewed,,hash:a138f27baa85f4bf
discarded,Query Processing Techniques for Multiversion Access Methods,Jochen Van den Bercken; Bernhard Seeger,1996,Very Large Data Bases,,https://openalex.org/W1844522501,adjacent-subtopic,"Multiversion access methods have been emerged in the literature primarily to support queries on a transaction-time database where records are never physically deleted. For a popular class of efficient methods (including the multiversion Btree), data records and index entries are occasionally duplicated to separate data according to time. In this paper, we present techniques for improving query processing in multiversion access methods. In particular, we address the problem of avoiding duplicates in the response sets. We first discuss traditional approaches that eliminate duplicates using hashing and sorting. Next, we propose two new algorithms for avoiding duplicates without using additional data structures. The one performs queries in a depth-first order starting from a root, whereas the other exploits links between data pages. These methods are discussed in full details and their main properties are identitied. Preliminary performance results confirm the advantages of these methods in comparison to traditional ones according to CPU-time, disk accesses and storage.",openalex,llm,1.000,unreviewed,,hash:d02067b43f333d8b
discarded,The BT-tree: A Branched and Temporal Access Method,Linan Jiang; Betty Joan Salzberg; David Lomet; Manuel Barrena García,2000,,,https://openalex.org/W1598754936,adjacent-subtopic,"Temporal databases assume a single line of time evolution. In other words, they support timeevolving data. However there are applications which require the support of temporal data with branched time evolution. With new branches created as time proceeds, branched and temporal data tends to increase in size rapidly, making the need for efficient indexing crucial. We propose a new (paginated) access method for branched and temporal data: the BT-tree. The BT-tree is both storage efficient and access efficient. We have implemented the BT-tree and performance results confirm these properties. 1 Introduction There are many database applications that require the support of time-evolving data. Temporal database systems model explicitly the temporal behavior of data, thus providing the ability to store and query temporal data efficiently [9]. Conventional temporal databases assume a single line of time evolution. As an example, consider an architect's design of a new house (say J...",openalex,llm,1.000,unreviewed,,hash:178ab6e8e118f3d0
discarded,Properties of geographic data: Requirements for spatial access methods,Andrew U. Frank,1991,Lecture notes in computer science,10.1007/3-540-54414-3_40,https://openalex.org/W1479705487,adjacent-subtopic,,openalex,llm,0.980,unreviewed,,doi:10.1007/3-540-54414-3_40
discarded,A Framework for Access Methods for Versioned Data,Betty Joan Salzberg; Linan Jiang; David Lomet; Manuel Barrena García; Jing Shan; Evangelos Kanoulas,2004,Lecture notes in computer science,10.1007/978-3-540-24741-8_42,https://openalex.org/W2161834541,adjacent-subtopic,,openalex,llm,0.990,unreviewed,,doi:10.1007/978-3-540-24741-8_42
discarded,Open Knowledge Accessing Method in IoT-Based Hospital Information System for Medical Record Enrichment,Cheng Xie; Po Yang; Yun Yang,2018,IEEE Access,10.1109/access.2018.2810837,https://openalex.org/W2792303017,adjacent-subtopic,"For a medical treatment with IoT-based facilities, physicians always have to pay much more attentions to the raw medical records of target patients instead of directly making medical advice, conclusions or diagnosis from their experiences. Because the medical records in IoT-based hospital information system (HIS) are dispersedly obtained from distributed devices such as tablet computer, personal digital assistant, automated analyzer, and other medical devices, they are raw, simple, weak-content, and massive. Such medical records cannot be used for further analyzing and decision supporting due to that they are collected in a weak-semantic manner. In this paper, we propose a novel approach to enrich IoT-based medical records by linking them with the knowledge in linked open data. A case study is conducted on a real-world IoT-based HIS system in association with our approach, the experimental results show that medical records in the local HIS system are significantly enriched and useful for healthcare analysis and decision making, and further demonstrate the feasibility and effectiveness of our approach for knowledge accessing.",openalex,llm,0.980,unreviewed,,doi:10.1109/access.2018.2810837
discarded,Design Tradeoffs of Data Access Methods,Manos Athanassoulis; Stratos Idreos,2016,,10.1145/2882903.2912569,https://openalex.org/W2435355301,adjacent-subtopic,"Database researchers and practitioners have been building methods to store, access, and update data for more than five decades. Designing access methods has been a constant effort to adapt to the ever changing underlying hardware and workload requirements. The recent explosion in data system designs - including, in addition to traditional SQL systems, NoSQL, NewSQL, and other relational and non-relational systems - makes understanding the tradeoffs of designing access methods more important than ever. Access methods are at the core of any new data system. In this tutorial we survey recent developments in access method design and we place them in the design space where each approach focuses primarily on one or a subset of read performance, update performance, and memory utilization. We discuss how to utilize designs and lessons-learned from past research. In addition, we discuss new ideas on how to build access methods that have tunable behavior, as well as, what is the scenery of open research problems.",openalex,llm,1.000,unreviewed,,doi:10.1145/2882903.2912569
discarded,A Novel Access Method for Supporting Absolute and Proportional Priorities in 802.11 WLANs,Mohammad Nassiri; Martin Heusse; Andrzej Duda,2008,,10.1109/infocom.2008.121,https://openalex.org/W2155446651,adjacent-subtopic,"Many researchers have addressed the problem of QoS differentiation in 802.11 wireless networks, however no method proposed so far benefits from all desirable properties: high aggregate throughput even for a large number of contending stations, fair allocation to all stations in the same class, fast adaptation to changing conditions, and support for absolute priorities. If we consider the IEEE 802.11e standard, its EDCA (enhanced distributed channel access) access method suffers from an increased collision rate when the number of stations increases. In this paper, we propose a novel access method that supports both relative proportional throughput allocation and absolute priorities in 802.11 wireless networks. The method is efficient, scalable, and fair. It builds on the idea of the Idle Sense method that provides the optimal throughput and fairness for 802.11 WLANs [1]: each station adjusts its contention window based on the observed average number of idle slots. We achieve absolute priority differentiation by setting the target value for the number of idle slots to a small value, so that the absolute priority class gains all the available throughput. The method also supports relative proportional throughput allocation in which several classes share the available throughput according to desired ratios. Our simulations show that the proposed method achieves its objectives of relative and absolute differentiation both with respect to the aggregated throughput and the speed of convergence. Unlike 802.11e EDCA, it presents very good scalability - the throughput remains almost constant in function of the number of contending stations.",openalex,llm,1.000,unreviewed,,doi:10.1109/infocom.2008.121
discarded,"Intrathecal Therapeutics: Device Design, Access Methods, and Complication Mitigation",Sean J. Nagel; Chandan G. Reddy; Leonardo A. Frizon; Marshall T. Holland; André G. Machado; G. T. Gillies; Matthew A. Howard,2017,Neuromodulation Technology at the Neural Interface,10.1111/ner.12693,https://openalex.org/W2759695203,off-topic-false-hit,"IntroductionThe intrathecal space remains underutilized for diagnostic testing, invasive monitoring or as a pipeline for the delivery of neurological therapeutic agents and devices. The latter including drug infusions, implants for electrical modulation, and a means for maintaining the physiologic pressure column. The reasons for this are many but include unfamiliarity with the central nervous system and the historical risks that continue to overshadow the low complication rates in modern clinical series.

Materials and MethodsOur intent in this review is to explore the access devices currently on the market, assess the risk associated with breaching the intrathecal space, and propose a research model for bringing to patients the next generation of intrathecal hardware. For this purpose, we reviewed both historical and contemporary literature that pertains to the access devices and catheters intended for both temporary and permanent implantation and the complications thereof.

ResultsThere are few devices that are currently marketed in the United States or Europe for intrathecal use. Most hew to a relatively fixed design pattern predicated on the dimensions and properties of the thecal sac. All are typically composed of soft silicone, and employ a Tuohy needle for access despite design limitations. In general, these catheters are engineered for durability, ease of use, and regional deployment. Devices on the market with steerability or targeted intrathecal fixation are not yet available. Complications, once a legitimate concern, are now quite rare when recommended techniques are followed.

ConclusionsOver the next decade, advances in intrathecal catheter design, access techniques, imaging, and greater understanding of the spinal cord neurophysiology will usher in an era where the intrathecal space is recognized as a highly valued diagnostic and therapeutic target. We anticipate that this will occur in several concurrent phases, each with the potential to accelerate the growth of the others.",openalex,llm,1.000,unreviewed,,doi:10.1111/ner.12693
discarded,Cellulose nanocrystal based composites: A review,Jamileh Shojaeiarani; Dilpreet S. Bajwa; Saptaparni Chanda,2021,Composites Part C Open Access,10.1016/j.jcomc.2021.100164,https://openalex.org/W3170240163,off-topic-false-hit,"Cellulose nanocrystals (CNC) have received much attention as renewable, biodegradable, nontoxic, and low-cost nanomaterials with some remarkable properties. Desirable engineering properties of CNC include large surface to volume ratio, high tensile strength (~10 GPa), high stiffness (~110–130 GPa), and high flexibility. They can be chemically modified to tailor their properties for high-end engineering and biomedical applications. Despite their outstanding properties, the wide-scale application is lacking due to their surface characteristics and processing challenges. To achieve their full potential safer extraction methods, improved surface modification and functionalization methods and processing techniques are being researched. This review attempts to access methods for characterizing CNC, and CNC composites as well as their emerging new applications as smart materials. The review is a valuable resource for researchers and scientists working in industry or academia to provide an update on the use of CNC materials and their composites in packaging, biomedical, and high-efficiency energy systems.",openalex,llm,1.000,unreviewed,,doi:10.1016/j.jcomc.2021.100164
