status,title,authors,year,venue,doi,url,tags,abstract,provider,decision_source,llm_confidence,llm_review_outcome,llm_change_direction,paper_id
discarded,Provisioning of UE behavior prognostic by multiaccess edge computing,I. Atanasov,2019,2019 International Symposium on Networks Computers and Communications Isncc 2019,10.1109/ISNCC.2019.8909152,https://www.scopus.com/inward/record.uri?partnerID=HzOxMe3b&scp=85075955600&origin=inward,off-topic-false-hit,"Multi-access Edge Computing (MEC) provides cloud intelligence at the mobile network edge. MEC provides services for access to radio network information and User Equipment (UE) location and for data plane handling. The potential of MEC is beyond standardized services. In this paper, we propose a new mobile edge service, which provides open access information about UE reachability and activity and enables analytics mobile edge applications to provide UE behavior prognostic to the network. The service is described by typical use cases illustrating the service functionality, data providing uniform access to and storage of data for different applications, and interface definition. Some implementation aspects are considered in terms of modeling the resource state as seen by the network and mobile edge application.",scopus,llm,0.970,unreviewed,,doi:10.1109/isncc.2019.8909152
discarded,Data modelling in the NoSQL world: A contradiction?,P. Atzeni,2016,ACM International Conference Proceeding Series,10.1145/2983468.2983469,https://www.scopus.com/inward/record.uri?partnerID=HzOxMe3b&scp=85000893914&origin=inward,adjacent-subtopic,"NoSQL systems have recently obtained significant attention, and have been widely used in many development activities. There are many systems in this family, and they are indeed very different from one another, both in the way they allow data to be organized and in the functions they support. As a consequence, many of the NoSQL advocates claim that the traditional notions of model and modeling are not relevant in this area. We argue that, nevertheless, some data modeling issues can be useful, and illustrate two research directions in which we have been involved. First, we show that, as the variety of systems and models can create difficulties in developers and in their organizations, modeling-based approach leverage the search for standardization and uniform access. Second, we argue that data models can provide a basis to the definition of generic approaches to logical and physical design.",scopus,llm,0.980,unreviewed,,doi:10.1145/2983468.2983469
discarded,ATraPos: Adaptive transaction processing on hardware Islands,D. Porobic,2014,Proceedings International Conference on Data Engineering,10.1109/ICDE.2014.6816692,https://www.scopus.com/inward/record.uri?partnerID=HzOxMe3b&scp=84901794872&origin=inward,off-topic-false-hit,"Nowadays, high-performance transaction processing applications increasingly run on multisocket multicore servers. Such architectures exhibit non-uniform memory access latency as well as non-uniform thread communication costs. Unfortunately, traditional shared-everything database management systems are designed for uniform inter-core communication speeds. This causes unpredictable access latencies in the critical path. While lack of data locality may be a minor nuisance on systems with fewer than 4 processors, it becomes a serious scalability limitation on larger systems due to accesses to centralized data structures. In this paper, we propose ATraPos, a storage manager design that is aware of the non-uniform access latencies of multisocket systems. ATraPos achieves good data locality by carefully partitioning the data as well as internal data structures (e.g., state information) to the available processors and by assigning threads to specific partitions. Furthermore, ATraPos dynamically adapts to the workload characteristics, i.e., when the workload changes, ATraPos detects the change and automatically revises the data partitioning and thread placement to fit the current access patterns and hardware topology. We prototype ATraPos on top of an open-source storage manager Shore-MT and we present a detailed experimental analysis with both synthetic and standard (TPC-C and TATP) benchmarks. We show that ATraPos exhibits performance improvements of a factor ranging from 1.4 to 6.7x for a wide collection of transactional workloads. In addition, we show that the adaptive monitoring and partitioning scheme of ATraPos poses a negligible cost, while it allows the system to dynamically and gracefully adapt when the workload changes.",scopus,llm,1.000,unreviewed,,doi:10.1109/icde.2014.6816692
discarded,Session summary:Parallel and multicore systems,L. Pinho,2013,Ada User Journal,,https://www.scopus.com/inward/record.uri?partnerID=HzOxMe3b&scp=84897673938&origin=inward,adjacent-subtopic,,scopus,llm,0.910,unreviewed,,hash:77396054bb70c5d3
discarded,Variable granularity access tracking scheme for improving the performance of software transactional memory,S.S. Mannarswamy,2011,Proceedings 25th IEEE International Parallel and Distributed Processing Symposium IPDPS 2011,10.1109/IPDPS.2011.51,https://www.scopus.com/inward/record.uri?partnerID=HzOxMe3b&scp=80053270500&origin=inward,off-topic-false-hit,"Software transactional memory (STM) has been proposed as a promising programming paradigm for shared memory multi-threaded programs as an alternative to conventional lock based synchronization primitives. Typical STM implementations employ a conflict detection scheme, which works with uniform access granularity, tracking shared data accesses either at word/cache line or at object level. It is well known that a single fixed access tracking granularity cannot meet the conflicting goals of reducing false conflicts without impacting concurrency adversely. A fine grained granularity while improving concurrency can have an adverse impact on performance due to lock aliasing, lock validation overheads, and additional cache pressure. On the other hand, a coarse grained granularity can impact performance due to reduced concurrency. Thus, in general, a fixed or uniform granularity access tracking (UGAT) scheme is application-unaware and rarely matches the access patterns of individual application or parts of an application, leading to sub-optimal performance for different parts of the application(s). In order to mitigate the disadvantages associated with UGAT scheme, we propose a Variable Granularity Access Tracking (VGAT) scheme in this paper. We propose a compiler based approach wherein the compiler uses inter-procedural whole program static analysis to select the access tracking granularity for different shared data structures of the application based on the application's data access pattern. We describe our prototype VGAT scheme, using TL2 as our STM implementation. Our experimental results reveal that VGAT-STM scheme can improve the application performance of STAMP benchmarks from 1.87% to up to 21.2%.",scopus,llm,0.990,unreviewed,,doi:10.1109/ipdps.2011.51
discarded,Access control enforcement of organizational wide policies in object-oriented application,T. Wang,2009,Proceedings 2009 International Conference on Information Engineering and Computer Science Iciecs 2009,10.1109/ICIECS.2009.5363510,https://www.scopus.com/inward/record.uri?partnerID=HzOxMe3b&scp=77949639483&origin=inward,adjacent-subtopic,"Along with the development of information technology, the demand on uniformly enforcing authentication and authorization for multiple organizational applications is increasing. However, it is challenging for original applications to integrate with an uniform authorization infrastructure because each of them has respective separate logic. To solve this problem, in this paper, an approach of enforcing organizational wide authorization and access control for object-oriented application is proposed, which realizes a uniform authorization and access control mechanism. The concept of abstract resource is introduced to bridge the gap between uniform authorization logic and application logic. And the abstract resource shields the specific details of an application system, so that it can provide supports for easier management of high-level authorization and uniform access control. In the end, the analysis of our approach is given. The proposed approach is integrated tightly with application, easy to manage, and able to effectively enforce uniform authorization and access control in organizational wide multiple applications.",scopus,llm,0.980,unreviewed,,doi:10.1109/iciecs.2009.5363510
discarded,3D GIS database model for efficient management of large scale underground spatial data,G. Liu,2009,2009 17th International Conference on Geoinformatics Geoinformatics 2009,10.1109/GEOINFORMATICS.2009.5293455,https://www.scopus.com/inward/record.uri?partnerID=HzOxMe3b&scp=74349100456&origin=inward,adjacent-subtopic,"One issue of GIS is management of huge amount of spatial data. Nowadays, acquisition capacity of 3D spatial data with various scales and resolutions is much more convenient due to new 3D acquisition technologies. It is a difficulty that how to efficiently and synthetically organize and manage large scale underground 3D spatial data with contents of continuous distribution and nonuniformity. A 3D GIS data management system framework with three layers is proposed to deal with large scale underground data integrated management. The related key issues and methods include: (1) Multi-scale underground spatial object concept model. (2) 3D spatial database model considering spatial and semantic relationship and corresponding data structure is introduced to support extendable storage environment such as file system, typical commercial database management system and cluster parallel system. (3) True 3D spatial index considering level of detail (LOD). (4) Efficient dynamic dispatch method of great amount of 3D spatial data is adopted based on 3D data content and associated information. (5) 3D spatial data engine (SDE) provides a uniform access interface for file management system, relational database management system and cluster parallel system and other applications. The 3D GIS database model focuses on the key issues of massive underground 3D spatial data provides a new way for the high performance database organization and management of true 3D geological data as well as its integration with the aboveground spatial data.",scopus,llm,0.980,unreviewed,,doi:10.1109/geoinformatics.2009.5293455
discarded,"CSSim 2009 - 1st International Conference on Computational Intelligence, Modelling, and Simulation",,2009,Cssim 2009 1st International Conference on Computational Intelligence Modelling and Simulation,,https://www.scopus.com/inward/record.uri?partnerID=HzOxMe3b&scp=74749095772&origin=inward,off-topic-false-hit,,scopus,llm,0.940,unreviewed,,hash:bf2b90c13530dec3
discarded,A hybrid positioning system for technology-independent location-aware computing,M. Ficco,2009,Software Practice and Experience,10.1002/spe.919,https://www.scopus.com/inward/record.uri?partnerID=HzOxMe3b&scp=68349138297&origin=inward,adjacent-subtopic,"Abstract Location‐aware computing is a form of context‐aware mobile computing that refers to the ability of providing users with services that depend on their position. Locating the user terminal, often called positioning, is essential in this form of computing. Towards this aim, several technologies exist, ranging from personal area networking, to indoor, outdoor, and up to geographic area systems. Developers of location‐aware software applications have to face with a number of design choices, that typically depend on the chosen technology. This work addresses the problem of easing the development of pull location‐aware applications, by allowing uniform access to multiple heterogeneous positioning systems. Towards this aim, the paper proposes an approach to structure location‐aware mobile computing systems in a way independent of positioning technologies. The approach consists in structuring the system into a layered architecture, that provides application developers with a standard Java Application Programming Interface (JSR‐179 API), and encapsulates location data management and technology‐specific positioning subsystems into lower layers with clear interfaces. In order to demonstrate the proposed approach we present the development of HyLocSys. It is an open hybrid software architecture designed to support indoor/outdoor applications, which allows the uniform (combined or separate) use of several positioning technologies. HyLocSys uses a hybrid data model, which allows the integration of different location information representations (using symbolic and geometric coordinates). Moreover, it allows support to handset‐ and infrastructure‐based positioning approaches while respecting the privacy of the user. The paper presents a prototypal implementation of HyLocSys for heterogeneous scenarios. It has been implemented and tested on several platforms and mobile devices. Copyright © 2009 John Wiley & Sons, Ltd.",scopus,llm,0.980,unreviewed,,doi:10.1002/spe.919
discarded,Conceptual Modeling for Data Integration,D. Calvanese,2009,Lecture Notes in Computer Science Including Subseries Lecture Notes in Artificial Intelligence and Lecture Notes in Bioinformatics,10.1007/978-3-642-02463-4_11,https://www.scopus.com/inward/record.uri?partnerID=HzOxMe3b&scp=69049103260&origin=inward,adjacent-subtopic,,scopus,llm,0.960,unreviewed,,doi:10.1007/978-3-642-02463-4_11
discarded,Achieving programming model abstractions for reconfigurable computing,D. Andrews,2008,IEEE Transactions on Very Large Scale Integration VLSI Systems,10.1109/TVLSI.2007.912106,https://www.scopus.com/inward/record.uri?partnerID=HzOxMe3b&scp=37249011320&origin=inward,adjacent-subtopic,"This paper introduces hthreads, a unifying programming model for specifying application threads running within a hybrid computer processing unit (CPU)/field-programmable gate-array (FPGA) system. Presently accepted hybrid CPU/FPGA computational models-and access to these computational models via high level languages-focus on programming language extensions to increase accessibility and portability. However, this paper argues that new high-level programming models built on common software abstractions better address these goals. The hthreads system, in general, is unique within the reconfigurable computing community as it includes operating system and middleware layer abstractions that extend across the CPU/FPGA boundary. This enables all platform components to be abstracted into a unified multiprocessor architecture platform. Application programmers can then express their computations using threads specified from a single POSIX threads (pthreads) multithreaded application program and can then compile the threads to either run on the CPU or synthesize them to run within an FPGA. To enable this seamless framework, we have created the hardware thread interface (HWTI) component to provide an abstract, platform-independent compilation target for hardware-resident computations. The HWTI enables the use of standard thread communication and synchronization operations across the software/hardware boundary. Key operating system primitives have been mapped into hardware to provide threads running in both hardware and software uniform access to a set of sub-microsecond, minimal-jitter services. Migrating the operating system into hardware removes the potential bottleneck of routing all system service requests through a central CPU.",scopus,llm,0.980,unreviewed,,doi:10.1109/tvlsi.2007.912106
discarded,Towards intelligent vr multi-layered semantic reflection for intelligent virtual environments,M. Latoschik,2007,Grapp 2007 2nd International Conference on Computer Graphics Theory and Applications Proceedings,,https://www.scopus.com/inward/record.uri?partnerID=HzOxMe3b&scp=67649923736&origin=inward,adjacent-subtopic,,scopus,llm,0.970,unreviewed,,hash:2909bfdf829ac95f
discarded,Indexing dataspaces,X. Dong,2007,Proceedings of the ACM SIGMOD International Conference on Management of Data,10.1145/1247480.1247487,https://www.scopus.com/inward/record.uri?partnerID=HzOxMe3b&scp=35448953024&origin=inward,adjacent-subtopic,"Dataspaces are collections of heterogeneous and partially unstructured data. Unlike data-integration systems that also offer uniform access to heterogeneous data sources, dataspaces do not assume that all the semantic relationships between sources are known and specified. Much of the user interaction with dataspaces involves exploring the data, and users do not have a single schema to which they can pose queries. Consequently, it is important that queries are allowed to specify varying degrees of structure, spanning keyword queries to more structure-aware queries.",scopus,llm,0.990,unreviewed,,doi:10.1145/1247480.1247487
discarded,"Uniform job monitoring in the HPC-Europa project: Data model, API and services",F. Guim,2007,International Journal of Web and Grid Services,10.1504/IJWGS.2007.014956,https://www.scopus.com/inward/record.uri?partnerID=HzOxMe3b&scp=35448990447&origin=inward,adjacent-subtopic,"Job monitoring in Grid systems presents an important challenge because Grid environments are volatile, heterogeneous, not reliable and are managed by different middleware and monitoring tools. We present the infrastructure that we have designed and implemented in the HPC-Europa European project, which allows uniform access to job-monitoring information from different Virtual Organisations (VOs). The presented system introduces the user to the complexities of the underlying systems of each middleware. The API that each centre has to implement for providing access to its job-monitoring information is explained. Finally, we show all the features that a user can use in the portal to personalise his/her monitoring environment, i.e., to choose how and which information has to be presented.",scopus,llm,0.990,unreviewed,,doi:10.1504/ijwgs.2007.014956
discarded,RDF and traditional query architectures,R. Vdovjak,2006,Semantic Web and Peer to Peer Decentralized Management and Exchange of Knowledge and Information,10.1007/3-540-28347-1_3,https://www.scopus.com/inward/record.uri?partnerID=HzOxMe3b&scp=63149152091&origin=inward,adjacent-subtopic,,scopus,llm,0.960,unreviewed,,doi:10.1007/3-540-28347-1_3
discarded,Policy-based access control framework for grid computing,J. Wu,2006,Sixth IEEE International Symposium on Cluster Computing and the Grid 2006 Ccgrid 06,10.1109/CCGRID.2006.80,https://www.scopus.com/inward/record.uri?partnerID=HzOxMe3b&scp=33751083589&origin=inward,adjacent-subtopic,"Grid technology enables access and sharing of data and computational resources across administrative domains. Thus, it is important to provide a uniform access and management mechanism couple with finegrain usage policies for enforcing authorization. In this paper, we describe our work on enabling finegrain access control for resource usage and management. We describe the prototype as well as the policy mark-up language that we designed to express fine-grain security policies. We then present our experimental results and discuss our plans for future work.",scopus,llm,0.990,unreviewed,,doi:10.1109/ccgrid.2006.80
discarded,Analysis of deployment dependencies in software components,M. Belguidoum,2006,Proceedings of the ACM Symposium on Applied Computing,10.1145/1141277.1141445,https://www.scopus.com/inward/record.uri?partnerID=HzOxMe3b&scp=33751046632&origin=inward,adjacent-subtopic,"Administration and deployment of software systems become increasingly complex. This complexity results from the need of uniform access to applications from heterogeneous terminals through different communication infrastructures. Moreover, applications consists in complex architectures of lot of small components connected together. A first step to simplify deployment is to have an unified and abstract model for representing deployment dependencies and managing them properly. Therefore, we propose here a deployment model and a conceptual foundation for component installation. Installation dependencies and installation rules are expressed in a logic language.",scopus,llm,0.970,unreviewed,,doi:10.1145/1141277.1141445
discarded,Query processing in a geographic mediation system,M. Essid,2004,GIS Proceedings of the ACM International Symposium on Advances in Geographic Information Systems,10.1145/1032222.1032239,https://www.scopus.com/inward/record.uri?partnerID=HzOxMe3b&scp=19544385435&origin=inward,adjacent-subtopic,"Despite various interoperability recommendations, heterogeneity of Geographic Information Systems (GIS) is still an issue. This led to an increasing need for a data integration system that allows transparent and uniform access to spatial data disseminated over a network. In this paper, we describe the internals of query processing in the VirGIS mediation system. Recall that a data mediation system provides users with a uniform access to a multitude of (local/remote) data sources, without duplicating the data. The user poses his query against a virtual (global) schema, the query is in turn rewritten into queries sent to the local sources. VirGIS complies with Open GIS Consortium recommendations in using the Geography Markup Language (GML) for the encoding and the transport of geographic information, and the Web Feature Server (WFS) interfaces to perform communications with clients and data sources.",scopus,llm,0.990,unreviewed,,doi:10.1145/1032222.1032239
discarded,Schema matching in GIS,S. Manoah,2004,Lecture Notes in Artificial Intelligence Subseries of Lecture Notes in Computer Science,10.1007/978-3-540-30106-6_51,https://www.scopus.com/inward/record.uri?partnerID=HzOxMe3b&scp=22944474926&origin=inward,adjacent-subtopic,,scopus,llm,0.960,unreviewed,,doi:10.1007/978-3-540-30106-6_51
