status,title,authors,year,venue,doi,url,tags,abstract,provider,decision_source,llm_confidence,llm_review_outcome,llm_change_direction,paper_id
discarded,A Hierarchical Multi Blockchain for Fine Grained Access to Medical Data,Vangelis Malamas; Panayiotis Kotzanikolaou; Thomas K. Dasaklis; Mike V. D. Burmester,2020,IEEE Access,10.1109/access.2020.3011201,https://openalex.org/W3045145144,adjacent-subtopic,"The health care ecosystem involves various interconnected stakeholders with different, and sometimes conflicting security and privacy needs. Sharing medical data, sometimes generated by remote medical devices, is a challenging task. Although several solutions exist in the literature covering functional requirements such as interoperability and scalability, as well as security & privacy requirements such as fine-grained access control and data privacy, balancing between them is not a trivial task as off-the-shelf solutions do not exist. On one hand, centralized cloud architectures provide scalability and interoperable access, but make strong trust assumptions. On the other, decentralized blockchain based solutions favor data privacy and independent trust management, but typically do not support dynamic changes of the underlying trust domains. To cover this gap, in this paper, we present a novel hierarchical multi expressive blockchain architecture. At the top layer, a proxy blockchain enables independently managed trust authorities to interoperate. End-users from different health care domains, such as hospitals or device manufacturers are able to access and securely exchange medical data, provided that a commonly agreed domain-wise access policy is enforced. At the bottom layer, one or more domain blockchains allow each domain (e.g. a hospital or device manufacturer) to enforce their policy and allow fine-grained access control with attribute-based encryption. This architecture is designed to provide the autonomous management of trusted medical data/devices and the transactions of mutually untrusted stakeholders, as well as an inherent forensics mechanism tailored for granular auditing. Smart contracts are used to enforce decentralized policies. Ciphertext-policy attribute based encryption (CP-ABE) is used to distribute the decryption process among end users and the system, as well as support an efficient credential revocation mechanism. We demonstrate the efficiency of the proposed architecture through a proof of concept implementation. Finally we analyse the major security and performance characteristics.",openalex,llm,0.990,unreviewed,,doi:10.1109/access.2020.3011201
discarded,Towards a standard API design for open services in smart buildings,Syafril Bandara; Takeshi Yashiro; Noboru Koshizuka; Ken Sakamura,2016,2016 TRON Symposium (TRONSHOW),10.1109/TRONSHOW.2016.7842883,https://ieeexplore.ieee.org/document/7842883/,adjacent-subtopic,"The growing number of Internet of Things (IoT) devices gives a great impact on every aspect of our daily lives. To increase interoperability of such devices, they are often equipped with RESTful API. To encourage developers to utilize devices by developing innovative applications, those APIs are open to the public. However, integrating IoT devices as a whole system is challenging because of the lack of API standardization. Each manufacturer defines their own API for their products. Moreover, the traditional RESTful style, which is designed based on a resource-oriented paradigm, lacks in functionality description. Consequently, application development cost increases, which obstructs innovative applications to emerge. In this paper, we present an alternative approach for API standardization, which can realize open services in smart buildings. To deal with a wide variety of devices, we design each device API to have two endpoints: attribute and state, based on device abstraction. To support developers, we provide functionality descriptions by investigating the useful information in application development and include it into attribute endpoint. To evaluate the proposed design, we implemented Smart Building API in the real building environment and developed a Smart Room Application as a use case. The comparison of the development process by using traditional RESTful style and the proposed design is analyzed. The results showed that the proposed API design succeeded in reducing the development cost and supported the developers to create application more easily.",ieee,llm,0.950,unreviewed,,doi:10.1109/tronshow.2016.7842883
discarded,Continuous API Design for Software Ecosystems,Imed Hammouda; Eric Knauss; Leonardo Costantini,2015,2015 IEEE/ACM 2nd International Workshop on Rapid Continuous Software Engineering,10.1109/RCoSE.2015.13,https://ieeexplore.ieee.org/document/7167170/,adjacent-subtopic,"Today more and more software operates in a software ecosystem where software products and services are shared over a common technological platform between business actors. In such a setting, a software platform API becomes the interface between the platform and its owner (s) on the one side and other actors and their extensions on the other side. In such ecosystem context, platform API fitness for application development has a huge impact on the success of the ecosystem. However, software ecosystems are usually evolving at a high pace given their dynamic structure and the continuously changing business strategies of ecosystem actors. The design of APIs for software ecosystems therefore has to co-evolve. In this position paper, we propose a continuous (re-)assessment method for platform API's that takes into account ecosystem needs. We illustrate the method with insights from an ongoing case study.",ieee,llm,0.960,unreviewed,,doi:10.1109/rcose.2015.13
discarded,API Design Patterns,John J. (JJ) Geewax,2021,API Design Patterns,,https://ieeexplore.ieee.org/document/10280387/,adjacent-subtopic,"A collection of best practices and design standards for web and internal APIs. In API Design Patterns you will learn:  Guiding principles for API patterns Fundamentals of resource layout and naming Handling data types for any programming language Standard methods that ensure predictability Field masks for targeted partial updates Authentication and validation methods for secure APIs Collective operations for moving, managing, and deleting data Advanced patterns for special interactions and data transformations  API Design Patterns reveals best practices for building stable, user-friendly APIs. These design patterns can be applied to solve common API problems and flexibly altered to fit your specific needs. Hands-on examples and relevant use-cases illustrate patterns for API fundamentals, advanced functionalities, and even uncommon scenarios.",ieee,llm,0.970,unreviewed,,hash:96e7ba7e691e11a2
discarded,Informing API Design through Usability Studies of API Design Choices: A Research Abstract,J. Stylos,2006,Visual Languages and Human-Centric Computing (VL/HCC'06),10.1109/VLHCC.2006.27,https://ieeexplore.ieee.org/document/1698803/,adjacent-subtopic,"Using APIs is a common and often difficult task for developers. Successful API designs can guide users of an API and reduce their dependence on documentation; however API design is far from a science. Usability lab studies have been shown to be successful at improving the usability of specific APIs; however these are expensive and not always possible to run for every API. This paper describes an approach to generalize from studies of specific APIs to investigate the usability impact of design choices that commonly arise in the creation of APIs. Based on these results we will inform the design of many new APIs. A preliminary usability study of whether or not to require constructor parameters confirms our belief that the answer to common design decisions is not always obvious, and making the wrong choice can have a strong negative impact on usability for large groups of API users",ieee,llm,0.940,unreviewed,,doi:10.1109/vlhcc.2006.27
discarded,On the Role of Fitness Dimensions in API Design Assessment - An Empirical Investigation,Amir Zghidi; Imed Hammouda; Brahim Hnich; Eric Knauss,2017,2017 IEEE/ACM 1st International Workshop on API Usage and Evolution (WAPI),10.1109/WAPI.2017.4,https://ieeexplore.ieee.org/document/7965488/,adjacent-subtopic,"In this paper we present a case study of applying fitness dimensions in API design assessment. We argue that API assessment is company specific and should take into consideration various stakeholders in the API ecosystem. We identified new fitness dimensions and introduced the notion of design considerations for fitness dimensions such as priorities, tradeoffs, and technical versus cognitive classification.",ieee,llm,0.970,unreviewed,,doi:10.1109/wapi.2017.4
discarded,Application of HATEOAS Principle in RESTful API Design,Fikri Aydemir; Fatih Basciftci,2022,"2022 IEEE 22nd International Symposium on Computational Intelligence and Informatics and 8th IEEE International Conference on Recent Achievements in Mechatronics, Automation, Computer Science and Robotics (CINTI-MACRo)",10.1109/CINTI-MACRo57952.2022.10029427,https://ieeexplore.ieee.org/document/10029427/,adjacent-subtopic,"Hypermedia as the Engine of Application State (HATEOAS) is a principle that has been built upon the term hypermedia to refer to a constraint on the Representational State Transfer (REST) application architecture. This principle distinguishes REST from other application architectures, such as Simple Object Access Protocol in a way that client applications (e.g., a web app or a mobile app) need no prior knowledge for interacting with a REST-based Application Programming Interface (API) beyond a generic understanding of its hypermedia. Ion is an intuitive JavaScript Object Notation-based hypermedia type for REST, which can help software developers realize the principle of HATEOAS in their API design with ease. The goal of the work that is described in this paper has been to practically demonstrate the use of Ion in practice to have a self-documented REST API. For this purpose, a C# library has been implemented to demonstrate the use of Ion in having a REST API with self-documentation.",ieee,llm,0.990,unreviewed,,doi:10.1109/cinti-macro57952.2022.10029427
discarded,A framework for extending usability engineering: API usability essentials: Extending usability via component-based platform,Muhammad Bilal Munir; Arif Mushtaq,2012,2012 IEEE Conference on Open Systems,10.1109/ICOS.2012.6417654,https://ieeexplore.ieee.org/document/6417654/,adjacent-subtopic,"Application Programming Interface (API) in software development acts as an important milestone for software productions. It is believed that API usability impacts upon ease-in-use, operationability and acceptability among its audience. Likewise, an ever increasing need for extending and integrating Usability Engineering (UE) has become vital for the success of software products. Earlier researches within this domain do not address API's usability via a component-based framework approach. The proposed framework emphasizes on consolidated formulation of various usability and quality models to derive chunks of dimensional variables. Further the paper highlights API usability practices and heuristics applied in API development process and discusses API product's artifacts component to be used in deriving further product-related components to support enhancing usability.",ieee,llm,0.930,unreviewed,,doi:10.1109/icos.2012.6417654
discarded,Web Platform API Design Principles and Service Contract,Yonghong Chen; Xiwei Xu; Liming Zhu,2012,2012 19th Asia-Pacific Software Engineering Conference,10.1109/APSEC.2012.24,https://ieeexplore.ieee.org/document/6462757/,adjacent-subtopic,"The emergence of web services gives rise to service ecosystems, where core service platforms are exposed through APIs to a large number of third parties to provide new solutions. This often requires platform APIs to be able to evolve rapidly while not breaking backward compatibility in order to support a wider range of planned and unplanned use. The REST architecture style allows a service contract to be negotiated and delivered at runtime aiming to achieve higher level of evolvability. However this potential is often not fully realized due to the lack of systematic approach in architecture design to separate requirement-related contract elements from specification-related elements and integrate them into the overall API design. In this paper, we present a novel approach to designing service platform APIs in order to achieve high evolvability. We firstly apply the problem frames approach to better understand the interface coupling and the evolution of requirements. Based on the problem frame analysis, we propose a media-type centric approach to designing RESTful service API. We applied our approach to the Twitter API evolution. The result shows significant improvements in the areas of contract leaking prevention, interface consistency and adding new features.",ieee,llm,0.980,unreviewed,,doi:10.1109/apsec.2012.24
discarded,Profiling software API usability for consumer electronics,C. Bore; S. Bore,2005,"2005 Digest of Technical Papers. International Conference on Consumer Electronics, 2005. ICCE.",10.1109/ICCE.2005.1429764,https://ieeexplore.ieee.org/document/1429764/,adjacent-subtopic,"To profile an API's 'usability', we suggest easily quantified measures that can be made quickly and without deep thought. As an example, we apply the profiling to a new API, the universal home API, which is designed specifically for usability. The profiles also help to identify how the API may be 'usable' to differently skilled programmers. Profiling an API in this way involves a logical exploration from the viewpoint of the application domain, and that is beneficial as an exercise in itself.",ieee,llm,0.940,unreviewed,,doi:10.1109/icce.2005.1429764
discarded,An Empirical Study of API Usability,Marco Piccioni; Carlo A. Furia; Bertrand Meyer,2013,2013 ACM / IEEE International Symposium on Empirical Software Engineering and Measurement,10.1109/ESEM.2013.14,https://ieeexplore.ieee.org/document/6681333/,adjacent-subtopic,"Modern software development extensively involves reusing library components accessed through their Application Programming Interfaces (APIs). Usability is therefore a fundamental goal of API design, but rigorous empirical studies of API usability are still relatively uncommon. In this paper, we present the design of an API usability study which combines interview questions based on the cognitive dimensions framework, with systematic observations of programmer behavior while solving programming tasks based on ``tokens''. We also discuss the implementation of the study to assess the usability of a persistence library API (offering functionalities such as storing objects into relational databases). The study involved 25 programmers (including students, researchers, and professionals), and provided additional evidence to some critical features evidenced by related studies, such as the difficulty of finding good names for API features and of discovering relations between API types. It also discovered new issues relevant to API design, such as the impact of flexibility, and confirmed the crucial importance of accurate documentation for usability.",ieee,llm,0.920,unreviewed,,doi:10.1109/esem.2013.14
discarded,How Do Microservice API Patterns Impact Understandability? A Controlled Experiment,Justus Bogner; Pawel Wójcik; Olaf Zimmermann,2024,2024 IEEE 21st International Conference on Software Architecture (ICSA),10.1109/ICSA59870.2024.00023,https://ieeexplore.ieee.org/document/10592780/,adjacent-subtopic,"Microservices expose their functionality via remote Application Programming Interfaces (APIs), e.g., based on HTTP or asynchronous messaging technology. To solve recurring problems in this design space, Microservice API Patterns (MAPs) have emerged to capture the collective experience of the API design community. At present, there is a lack of empirical evidence for the effectiveness of these patterns, e.g., how they impact understandability and API usability. We therefore conducted a controlled experiment with 6 microservice patterns to evaluate their impact on understandability with 65 diverse participants. Additionally, we wanted to study how demographics like years of professional experience or experience with MAPs influence the effects of the patterns. Per pattern, we constructed two API examples, each in a pattern version P and a functionally equivalent non-pattern version N (24 in total). Based on a crossover design, participants had to answer comprehension Questions, while we measured the time. For five of the six patterns, we identified a significant positive impact on understandability, i.e., participants answered faster and / or more correctly for P. However, effect sizes were mostly small, with one pattern showing a medium effect. The correlations between performance and demographics seem to suggest that certain patterns may introduce additional complexity; people experienced with MAPs will profit more from their effects. This has important implications for training and education around MAPs and other patterns.",ieee,llm,0.980,unreviewed,,doi:10.1109/icsa59870.2024.00023
discarded,Mapping the Space of API Design Decisions,Jeffrey Stylos; Brad Myers,2007,IEEE Symposium on Visual Languages and Human-Centric Computing (VL/HCC 2007),10.1109/VLHCC.2007.44,https://ieeexplore.ieee.org/document/4351326/,adjacent-subtopic,"When creating new application programming interfaces (APIs), designers must make many decisions. These decisions affect the quality of the resulting APIs in terms of performance (such as speed and memory usage), power (expressiveness, extensibility and evolvability) and usability (leamability, productivity and error prevention). Experienced API designers have written recommendations on how to design APIs, offering their opinions on various API design decisions. Additionally, empirical research has begun to measure the usability tradeoffs of specific design decisions. While previous work has offered specific suggestions, there has not been a clear description of the design space of all possible API design decisions, or the quality attributes that these decisions affect. This paper puts existing API design recommendations into context by mapping out the space of API design decisions and API quality attributes.",ieee,llm,0.870,unreviewed,,doi:10.1109/vlhcc.2007.44
discarded,Work-in-Progress: Large-scale Timer Hardware Analysis for a Flexible Low-level Timer-API Design,Niels Gandraß; Michel Rottleuthner; Thomas C. Schmidt,2021,2021 International Conference on Embedded Software (EMSOFT),,https://ieeexplore.ieee.org/document/9589085/,adjacent-subtopic,"We report on our ongoing development of an optimized low-level timer-API for the RIOT operating system. Starting with a survey of hardware timer peripherals from 43 MCU-families and 8 manufacturers, we identify common properties and differences of all available timer types. Based on this hardware analysis, we propose a lightweight yet powerful low-level timer-API design. It streamlines existing timer interfaces and relieves application developers from the error-prone task of repeatedly writing additional peripheral driver code.",ieee,llm,0.980,unreviewed,,hash:48e60c80b14b76a9
discarded,Tools for programming human robot interaction,James P. Diprose,2014,2014 IEEE Symposium on Visual Languages and Human-Centric Computing (VL/HCC),10.1109/VLHCC.2014.6883046,https://ieeexplore.ieee.org/document/6883046/,adjacent-subtopic,"Whilst robots are increasingly being used in scenarios that involve human-robot interaction, it is still difficult to program them to interact with humans. This is because current programming tools either require programmers to work at low abstraction levels or they lack features needed to implement particular aspects of human-robot interaction. Our goal is to create an API that is both capable of programming a wide range of human-robot interaction scenarios and is easy to use by the various users of human-robot interaction programming tools. We have taken a first step toward this API by developing an exemplar, high level API for programming social interaction and evaluating it with the Cognitive Dimensions framework. We plan to explore other aspects of human-robot interaction, including navigation and manipulation and exploring how they should be integrated with our existing primitives for programming social interaction.",ieee,llm,0.960,unreviewed,,doi:10.1109/vlhcc.2014.6883046
