status,title,authors,year,venue,doi,url,tags,abstract,provider,decision_source,llm_confidence,llm_review_outcome,llm_change_direction,paper_id
discarded,The Modified Object Buffer: A Storage Management Technique for Object-Oriented Databases,Sanjay Ghemawat; Barbara H. Liskov; M. Frans Kaashoek,1995,DSpace@MIT (Massachusetts Institute of Technology),,https://openalex.org/W1552460860,adjacent-subtopic,"Object-oriented databases store many small objects on disks.Disks perform poorly when reading and writing individual small objects.This thesis presents a new storage management architecture that substantially improves disk performance of a distributed object-oriented database system.The storage architecture is built around a large modified object buffer (MOB) that is stored in primary memory.The MOB provides volatile storage for modified objects.Modified objects are placed in the MOB instead of being immediately written out to disk.Modifications are written to disk lazily as the MOB fills up and space is required for new modifications.The MOB improves performance because even if an object is modified many times in a short period of time, the object has to be written out to disk only once.Furthermore, by the time an object modification has to be flushed from the MOB, many modifications to other objects on the same page may have accumulated.All of these modifications can be written to disk with a single disk write.This thesis evaluates the modified object buffer in combination with a number of disk layout policies that make different tradeoffs between read performance and write performance.The MOB has been implemented as part of the Thor object-oriented database.Results from simulations and from this implementation show that the MOB improves the performance of a read-optimized disk layout that preserves clustering by over 200%.As a result, the read-optimized disk layout consistently out-performs a write-optimized disk layout that does not preserve clustering.The readoptimized disk layout provides better overall performance on a wide range of workloads, including workloads that write a lot of data.Performance results also show that for typical object-oriented database access patterns, the modified object buffer architecture out-performs the traditional page based organization of server memory used in many databases and file systems.",openalex,llm,0.990,unreviewed,,hash:b89e0bd528873bd7
discarded,Advances in Database Technology — EDBT '96,"Steenhagen, H.J.; de By, R.A.; Henk Blanken",1996,Lecture notes in computer science,10.1007/bfb0014139,https://openalex.org/W2495383882,adjacent-subtopic,,openalex,llm,0.830,unreviewed,,doi:10.1007/bfb0014139
discarded,Programming language abstractions for extensible software components,Matthias Zenger,2004,Infoscience (Ecole Polytechnique Fédérale de Lausanne),10.5075/epfl-thesis-2930,https://openalex.org/W1710644225,adjacent-subtopic,"With the growing demand for software systems that can cope with an increasing range of information processing tasks, the reuse of code from existing systems is essential to reduce the production costs of systems as well as the time to manufacture new software applications. For this reason, component-based software development techniques gain increasing attention in industry and research. Component technology is driven by the promise of building software by composing off-the-shelf components provided by a software component industry. Therefore, component technology emphasizes the independent development and deployment of components. Even though components look like perfect reusable assets, they embody general software solutions that need to be adapted to deploymentspecific needs and therefore cannot be deployed ""as is"" in general. Furthermore, as architectural building blocks, components are subject to continuous change. For these reasons, it is essential that components can easily be extended by both the component manufacturer to create new versions of components and by thirdparties that have to adapt components for use in specific software systems. Since in both cases concrete changes cannot be foreseen in general, mechanisms to integrate unanticipated extensions into components and component systems are required. While today many modern programming techniques, methodologies, and languages provide means that are well suited for creating static black-box components, the design and implementation of extensible components and extensible software systems often remains a challenge. In practice, extensibility is mostly achieved through ad-hoc techniques, like the disciplined use of design patterns and component frameworks, often in conjunction with meta-programming. The use of design patterns and component frameworks requires a rigorous coding discipline and often forces programmers to write tedious ""boilerplate"" code by hand, which makes this approach fragile and error-prone. Meta-programming techniques on the other hand are rather code-centric and mostly source code-based. Therefore, they are often not very suitable for today's component technology practice that stresses the binary reuse of black-box components. In this thesis I argue that technical difficulties in the development of extensible software components are due to the lack of appropriate programming language abstractions. To overcome the problems, concrete programming language mechanisms are proposed to facilitate the creation of extensible software. The proposed language features are strongly typed to help the programmer extend systems safely and consistently. The first part of the thesis illustrates the vision of truly extensible software components by proposing a simple theoretical model of first-class components built on top of a conventional class-based object-oriented language. This typed model includes a small set of primitives to dynamically build, compose, and extend software components safely, while supporting features like explicit context dependencies, late composition, unanticipated component extensibility, and strong encapsulation. The second part takes some ideas from the theoretical model and applies them in the design of the programming language Keris. Keris extends Java with an expressive module system featuring extensible modules. The main contributions are: A module system that combines the benefits of classical module systems for imperative languages with the advantages of modern component-oriented formalisms. In particular, modules are reusable, generic software components that can be linked with different cooperating modules without the need for resolving context dependencies by hand. A module composition scheme based on aggregation that makes the static architecture of a system explicit, and A type-safe mechanism for extending atomic modules aswell as fully linked systems statically by replacing selected subsystems with compatible versions without needing to re-link the full system. The extensibility mechanism is non-invasive; i.e. it preserves the original version and does not require access to source code. The overall design of the language was guided by the aim to develop a pragmatic, implementable, and conservative extension of Java which supports software development according to the open/closed principle: Systems written in Keris are closed in the sense that they can be executed, but they are open for unanticipated extensions that add, refine, or replace modules or whole subsystems. The last part of the thesis finally presents a case study which compares an extensible Java compiler implemented using mainstream object-oriented language features with one that was written in Keris. It shows how in practice, extensible modules can be used to develop extensible systems safely and efficiently.",openalex,llm,0.940,unreviewed,,doi:10.5075/epfl-thesis-2930
discarded,Object operations benchmark,R. G. G. Cattell; Jim Skeen,1992,ACM Transactions on Database Systems,10.1145/128765.128766,https://openalex.org/W2025194432,adjacent-subtopic,"Performance is a major issue in the acceptance of object-oriented and relational database systems aimed at engineering applications such as computer-aided software engineering (CASE) and computer-aided design (CAD). Because traditional database systems benchmarks are inapproriate to measure performance for operations on engineering objects, we designed a new benchmark Object Operations version 1 (OO1) to focus on important characteristics of these applications. OO1 is descended from an earlier benchmark for simple database operations and is based on several years experience with that benchmark. In this paper we describe the OO1 benchmark and results we obtained running it on a variety of database systems. We provide a careful specification of the benchmark, show how it can be implemented on database systems, and present evidence that more than an order of magnitude difference in performance can result from a DBMS implementation quite different from current products; minimizing overhead per database call, offloading database server functionality to workstations, taking advantage of large main memories, and using link-based methods.",openalex,llm,0.990,unreviewed,,doi:10.1145/128765.128766
discarded,The EXODUS extensible DBMS project: an overview,Michael J. Carey; David J. DeWitt; Goetz Graefe; D. M. Haight; Joel E. Richardson; Daniel T. Schuh; Eugene J. Shekita; Scott L. Vandenberg,1989,,,https://openalex.org/W2176873512,adjacent-subtopic,"This paper presents an overview of EXODUS, an extensible database system project that is addressing data management problems posed by a variety of challenging new applications. The goal of the project is to facilitate the fast development of high-performance, application-specific database systems. EXODUS provides certain kernel facilities, including a versatile storage manager. In addition, it provides an architectural framework for building application-specific database systems; powerful tools to help automate the generation of such systems, including a rule-based query optimizer generator and a persistent programming language; and libraries of generic software components (e.g., access methods) that are likely to be useful for many application domains. We briefly describe each of the components of EXODUS in this paper, and we also describe a next-generation DBMS that we are now building using the EXODUS tools. 1.",openalex,llm,0.990,unreviewed,,hash:3e637e164229d267
discarded,Prototype of Domain-Specific Language for Uniform Access to Vector Databases,Elena Akik; Marko Vještica; Vladimir Dimitrieski; Milan Čeliković; Sonja Ristić,2024,2024 IEEE 17th International Scientific Conference on Informatics (Informatics),10.1109/Informatics62280.2024.10900871,https://ieeexplore.ieee.org/document/10900871/,adjacent-subtopic,"Vector databases efficiently gather, retrieve, and evaluate data in vector form, complementing and enhancing Artificial Intelligence (AI) applications. The utilization of programming languages is typically necessitated for accessing these databases, requiring users to possess programming skills, thus hindering the user experience. Additionally, challenges are encountered due to differences in the syntax used among vector databases of different vendors, making querying and migration between diverse vector databases difficult. The main goal of the research presented in this paper is to provide users with straightforward use and uniform access to vector databases of various vendors. To achieve such a goal, a prototype of Domain-Specific Language (DSL) is developed, with the aim to overcome challenges in accessing vector databases and to offer users the benefits of simplified interaction with vector databases.",ieee,llm,0.980,unreviewed,,doi:10.1109/informatics62280.2024.10900871
discarded,Querying conceptual schemata of object-oriented databases,I. Savnik; Z. Tari,1996,Proceedings of 7th International Conference and Workshop on Database and Expert Systems Applications: DEXA 96,10.1109/DEXA.1996.558349,https://ieeexplore.ieee.org/document/558349/,adjacent-subtopic,"The authors propose a set of operations for inquiring about the properties of individual objects and classes in an object-oriented database. The operations are closely related to the constructs introduced by their formalisation of the object-oriented data model, through which they unify the representation of the intensional and the extensional portions of the object-oriented database. As a consequence, they provide a uniform access to the extensional and the intensional parts of the object-oriented database. The proposed operations are used for inquiring about the associations among individual objects, the relationships between individual objects and class objects, and the relationships among the class objects themselves. They show that if they are integrated into an object algebra, they can serve for querying the intensional portion of the database, and for using the relationships between individual objects and the conceptual schema in conventional queries.",ieee,llm,0.980,unreviewed,,doi:10.1109/dexa.1996.558349
discarded,Uniform and Efficient Data Provisioning for SOA-Based Information Systems,Ralf Wagner; Bernhard Mitschang,2009,2009 Sixth International Conference on Information Technology: New Generations,10.1109/ITNG.2009.52,https://ieeexplore.ieee.org/document/5070756/,adjacent-subtopic,"Web service infrastructures access heterogeneous remote systems to execute Web service requests. The way in which these remote systems are accessed is not standardized and requires to perform complex integration tasks which are often solved by developing adapters. In this paper, we apply a virtualization approach so that Web service infrastructures can rely on existing adapters instead of writing new ones. This approach enables seamless and uniform access to heterogeneous remote systems at an acceptable performance.",ieee,llm,0.990,unreviewed,,doi:10.1109/itng.2009.52
discarded,"CRYSPLOT: A new tool to visualize physical and chemical properties of molecules, polymers, surfaces, and crystalline solids","Beata, Giorgia; Perego, Gianpaolo; Civalleri, Bartolomeo",2019,JOURNAL OF COMPUTATIONAL CHEMISTRY,10.1002/jcc.25858,https://www.webofscience.com/wos/woscc/full-record/WOS:000481576100007,off-topic-false-hit,"CRYSPLOT is a web-oriented tool () to visualize computed properties of periodic systems, in particular, as computed with the CRYSTAL code. Along with plotting, CRYSPLOT also permits the modification and customization of plots to meet the standards required for scientific graphics. CRYSPLOT has been designed with advanced and freely available graphical Javascript libraries as Plotly. The programming language used is Javascript. The code parses the input files, reads the data, and organizes them into objects ready to be plotted with the plotly.js library. It is modular and flexible so that it is very simple to add other input data formats. The new graphical tool is presented in details along with selected applications on metal-organic frameworks to show some of its capabilities. (c) 2019 Wiley Periodicals, Inc.",wos,llm,1.000,unreviewed,,doi:10.1002/jcc.25858
discarded,Developing secure web services for computational portals,"Youn, C; Pierce, M; Fox, G",2003,"SAM'03: PROCEEDINGS OF THE INTERNATIONAL CONFERENCE ON SECURITY AND MANAGEMENT, VOLS 1 AND 2",,https://www.webofscience.com/wos/woscc/full-record/WOS:000189433900055,adjacent-subtopic,"Computational web portals provide uniform access to remote computational resources--hardware, software, and data--by hiding the complexity of the heterogeneous, distributed, high performance computing back end These portal services may be implemented in a programming-language and platform independent way using a Web services approach. However, security in Web services for distributed computing systems is an open issue involving multiple security mechanisms and competing standards. In this paper we present an implementation of a flexible, message-based security system that can be bound to multiple mechanism and multiple message formats.",wos,llm,0.990,unreviewed,,hash:528673caf76c4d56
discarded,Persistent Iterators with Value Semantics,Y. Li,2026,Proceedings of the ACM on Programming Languages,10.1145/3808324,https://www.scopus.com/inward/record.uri?partnerID=HzOxMe3b&scp=105041482003&origin=inward,adjacent-subtopic,"Iterators are a fundamental programming abstraction for traversing and modifying elements in containers in mainstream imperative languages such as C++. Iterators provide a uniform access mechanism that hides low-level implementation details of the underlying data structure. However, iterators over mutable containers suffer from well-known hazards including invalidation, aliasing, data races, and subtle side effects. Immutable data structures, as used in functional programming languages, avoid the pitfalls of mutation but rely on a very different programming model based on recursion and higher-order combinators (map, foldl, traverse, etc.) rather than iteration. However, these combinators are not always well-suited to expressing certain algorithms, and recursion can expose implementation details of the underlying data structure. In this paper, we propose persistent iterators—a new abstraction that reconciles the familiar iterator-based programming style of imperative languages with the semantics of persistent data structures. A persistent iterator snapshots the version of its underlying container at creation, ensuring safety against invalidation and aliasing. Iterator operations (++, erase, etc.) operate on the iterator-local copy of the container, giving true value semantics: variables can be rebound to new persistent values while previous versions remain accessible. We implement our approach in the form of LibFpp—a C++ container library providing persistent vectors, maps, sets, strings, and other abstractions as persistent counterparts to the Standard Template Library (STL). Our evaluation shows that LibFpp retains the expressiveness of iterator-based programming, eliminates iterator-invalidation, and achieves asymptotic complexities comparable to STL implementations—albeit with the higher constant-factor overheads of persistence. Our design targets use cases where persistence and safety are desired, while allowing developers to retain familiar iterator-based programming patterns.",scopus,llm,0.970,unreviewed,,doi:10.1145/3808324
discarded,Improving Large Molecular Language Model via Relation-aware Multimodal Collaboration,J. Park,2026,Proceedings of the Aaai Conference on Artificial Intelligence,10.1609/aaai.v40i2.37058,https://www.scopus.com/inward/record.uri?partnerID=HzOxMe3b&scp=105034369540&origin=inward,off-topic-false-hit,"Large language models (LLMs) have demonstrated their instruction-following capabilities and achieved powerful performance on various tasks. Inspired by their success, recent works in the molecular domain have led to the development of large molecular language models (LMLMs) that integrate 1D molecular strings or 2D molecular graphs into the language models. However, existing LMLMs often suffer from hallucination and limited robustness, largely due to inadequate integration of diverse molecular modalities such as 1D sequences, 2D molecular graphs, and 3D conformations. To address these limitations, we propose CoLLaMo, a large language model-based molecular assistant equipped with a multi-level molecular modality-collaborative projector. The relation-aware modality-collaborative attention mechanism in the projector facilitates fine-grained and relation-guided information exchange between atoms by incorporating 2D structural and 3D spatial relations. Furthermore, we present a molecule-centric new automatic measurement, including a hallucination assessment metric and GPT-based caption quality evaluation to address the limitations of token-based generic evaluation metrics (i.e., BLEU) widely used in assessing molecular comprehension of LMLMs. Our extensive experiments demonstrate that our CoLLaMo enhances the molecular modality generalization capabilities of LMLMs, achieving the best performance on multiple tasks, including molecule captioning, computed property QA, descriptive property QA, motif counting, and IUPAC name prediction.",scopus,llm,1.000,unreviewed,,doi:10.1609/aaai.v40i2.37058
