status,title,authors,year,venue,doi,url,tags,abstract,provider,decision_source,llm_confidence,llm_review_outcome,llm_change_direction,paper_id
discarded,Improving Material Property Prediction by Leveraging the Large-Scale Computational Database and Deep Learning,P. Chen,2022,Journal of Physical Chemistry C,10.1021/acs.jpcc.2c03051,https://www.scopus.com/inward/record.uri?partnerID=HzOxMe3b&scp=85136606958&origin=inward,off-topic-false-hit,"Predicting physical and chemical properties of materials based on structures is critical for bottom-up material design. Many property prediction models and material training databases have been proposed, but accurately predicting properties is still challenging. Here, we report a package of “Matgen + CrystalNet” approach to improve material property prediction. We construct a large-scale material genome database (Matgen) containing 76k materials collected from an experimentally observed database and compute their properties through the density functional theory method with the Perdew–Burke–Ernzerhof (PBE) functional. Our database achieves the same computation accuracy by comparing part of our results with those from the open Material Project and Open Quantum Materials Database, all with PBE computations, and contains more diverse chemical species and big-sized structures. Based on the computed properties of our comprehensive data set, we have developed a new graph neural network (GNN) model, namely, CrystalNet, by strengthening the message passing between atoms and bonds to mimic physical and chemical interactions. The model is shown to outperform other GNN prediction models. The proof-of-concept applications, such as fine-tuning data on experimental values to improve prediction accuracy and bandgap prediction on hypothetical materials, showcase the usability and potential capacity of our package of “database + model” to improve material design.",scopus,llm,1.000,unreviewed,,doi:10.1021/acs.jpcc.2c03051
discarded,Infinite classes of generalised complete permutations,N. Cepak,2021,Discrete Applied Mathematics,10.1016/j.dam.2021.05.032,https://www.scopus.com/inward/record.uri?partnerID=HzOxMe3b&scp=85107764245&origin=inward,off-topic-false-hit,"In Pasalic et al. (2016) a construction allowing for high levels of modification was presented. It can be used to construct several important combinatorial structures, among them are examples of complete permutations. Here the method is used to construct infinite classes of generalised complete permutations F (x), where both F (x) and F (x) + h(D)(x) are permutations, not just F (x) + x. In the article three families of the function h(D)(x) are considered: h(D)(x) being a function multiplying the vector x with a vector D, a permutation matrix D, or a linear mapping matrix D. Most existing results related to complete permutations use the finite field notation, while in this article we are developing permutations based on the vector space structure. The case where D is a binary vector needs to be emphasised. In this case the permutation F (x) is defined in such a way that F (x) + D-T x remains a permutation for any of the 2(n-3) vectors D as defined in Eq. (5). Let S be the set of all such vectors. We present for arbitrary n > 4 construction of an S-complete permutation F (x), where vertical bar S vertical bar = 2(n-3). Additionally, we prove that each of these permutations F has such a corresponding linear subspace L that the pair (F, L) satisfies the (C)-property and can be used to construct a huge infinite class of bent functions in Carlet's C class. In Mandal et al. (2016) it was proven that finding such pairs (F, L) is a difficult problem. (C) 2021 Elsevier B.V. All rights reserved.",scopus,llm,1.000,unreviewed,,doi:10.1016/j.dam.2021.05.032
discarded,Virtual crystal approximation study of the complex refractory carbides based on ti-nb-mo-v-c system with castep computer code,P. Prysyazhnyuk,2021,Ceur Workshop Proceedings,,https://www.scopus.com/inward/record.uri?partnerID=HzOxMe3b&scp=85121205077&origin=inward,off-topic-false-hit,,scopus,llm,0.990,unreviewed,,hash:74f85ebc418887f6
discarded,JavaScript®: The New Toys,T.J. Crowder,2020,Javascript® the New Toys,10.1002/9781119367901,https://www.scopus.com/inward/record.uri?partnerID=HzOxMe3b&scp=85218655803&origin=inward,adjacent-subtopic,,scopus,llm,0.760,unreviewed,,doi:10.1002/9781119367901
discarded,GRASP2018—A Fortran 95 version of the General Relativistic Atomic Structure Package,C. Froese Fischer,2019,Computer Physics Communications,10.1016/j.cpc.2018.10.032,https://www.scopus.com/inward/record.uri?partnerID=HzOxMe3b&scp=85057291022&origin=inward,adjacent-subtopic,"Abstract The present Grasp 2018 is an updated Fortran 95 version of the recommended block versions of programs from Grasp 2K Version 1_1 for large-scale calculations Jonsson et al. (2013). MPI programs are included so that all major tasks can be executed using parallel computers. Tools have been added that simplify the generation of configuration state function expansions for the multireference single- and double computational model. Names of programs have been changed to accurately reflect the task performed by the code. Modifications to the relativistic self-consistent field program have been made that, in some instances, greatly reduce the number of iterations needed for determining the requested eigenvalues and the memory required. Changes have been made to the relativistic configuration interaction program to substantially cut down on the time for constructing the Hamiltonian matrix for configuration state function expansions based on large orbital sets. In the case of a finite nucleus the grid points have been changed so that the first non-zero point is Z-dependent as for the point nucleus. A number of tools have been developed to generate LaTeX tables of eigenvalue composition, energies, transition data and lifetimes. Tools for plotting and analyzing computed properties along an iso-electronic sequence have also been added. A number of minor errors have been corrected. A detailed manual is included that describes different aspects of the package as well as the steps needed in order to produce reliable results. Program summary Program Title: Grasp 2018 Program Files doi: http://dx.doi.org/10.17632/x574wpp2vg.1 Licensing provisions: MIT license Programming language: Fortran 95. Nature of problem: Prediction of atomic properties – atomic energy levels, isotope shifts, oscillator strengths, radiative decay rates, hyperfine structure parameters, specific mass shift parameters, Zeeman effects – using a multiconfiguration Dirac–Hartree–Fock approach. Solution method: The computational method is the same as in the previous Grasp 2K [1,2] version except that only the latest recommended versions of certain routines are included. Restrictions: All calculations are for bound state solutions. Instead of relying on packing algorithms for specifying arguments of arrays of integrals, orbitals are designated by a “short integer” requiring one byte of memory for a maximum of 127 orbitals. The tables of reduced coefficients of fractional parentage used in this version are limited to sub-shells with j ≤ 9 ∕ 2 [3]; occupied sub-shells with j > 9 ∕ 2 are, therefore, restricted to a maximum of two electrons. Some other parameters, such as the maximum number of orbitals are determined in a parameter_def_M.f90 file that can be modified prior to compile time. Unusual features: Parallel versions are available for several applications. References • [[1]] P. Jonsson, X. He, C. Froese Fischer, and I. P. Grant, Comput. Phys. Commun. 176, 597 (2007). • [[2]] P. Jonsson, G. Gaigalas, J. Bieron, C. Froese Fischer, and I. P. Grant, Comput. Phys. Commun. 184, 2197 (2013). • [[3]] G. Gaigalas, S. Fritzsche, Z. Rudzikas, Atomic Data and Nuclear Data Tables 76, 235 (2000).",scopus,llm,0.990,unreviewed,,doi:10.1016/j.cpc.2018.10.032
discarded,Formal Techniques for Effective Co-verification of Hardware/Software Co-designs,R. Mukherjee,2017,Proceedings Design Automation Conference,10.1145/3061639.3062253,https://www.scopus.com/inward/record.uri?partnerID=HzOxMe3b&scp=85023600451&origin=inward,adjacent-subtopic,"Verification is indispensable for building reliable of hardware/software co-designs. However, the scope of formal methods in this domain is limited. This is attributed to the lack of unified property specification languages, the semantic gap between hardware and software components, and the lack of verifiers that support both C and Verilog/VHDL. To address these limitations, we present an approach that uses a bounded co-verification tool, HW-CBMC, for formally validating hardware/software co-designs written in Verilog and C. Properties are expressed in C enriched with special-purpose primitives that capture temporal correlation between hardware and software events. We present an industrial case-study, proving bounded safety properties as well as discovering critical co-design bugs on a large and complex text analytics FPGA accelerator from IBM®.",scopus,llm,0.990,unreviewed,,doi:10.1145/3061639.3062253
discarded,Performance of modified wma mixtures prepared using the same class pg binders of hma mixtures,S. Kim,2014,Journal of Testing and Evaluation,10.1520/JTE20120367,https://www.scopus.com/inward/record.uri?partnerID=HzOxMe3b&scp=84901374282&origin=inward,off-topic-false-hit,"Abstract When the same class performance graded (PG) binders are used, the asphalt mixtures using the same aggregate and gradation are expected to perform similarly whether they are the hot-mix asphalt (HMA) or warm-mix asphalt (WMA). In this study, HMA and WMA mixtures with the same class PG binders were used to compare their performance. Two high-temperature (60°C) rut-related properties were evaluated, the wheel tracking (WT) and the strength against deformation (SD). One ambient-temperature (25°C) property, the indirect tensile strength (St), was also evaluated. The performance grades of normal (unmodified) and modified binders for all WMA and HMA mixtures were 64-22 and 76-22, respectively. According to study results, the modified WMA mixtures, which were short-term aged at 135°C, did not show high enough SD and WT resistance at 60°C than the HMA mixtures prepared using the same class PG binders, 76-22. However, the same WMA mixtures were found to be similar to or better than HMA mixtures in St. Therefore, it was found that tensile strength of WMA mixtures was not inferior to HMA at ambient temperature. However, rut-related properties of modified WMA mixtures were observed to be inferior to the same PG HMA mixtures at high service temperature.",scopus,llm,1.000,unreviewed,,doi:10.1520/jte20120367
discarded,"Cytochrome c-lipid interaction in the regulation of cell fate: Respiration, apoptosis and diseases",L. Fiorucci,2014,Cytochromes B and C Biochemical Properties Biological Functions and Electrochemical Analysis,,https://www.scopus.com/inward/record.uri?partnerID=HzOxMe3b&scp=84949483326&origin=inward,off-topic-false-hit,,scopus,llm,1.000,unreviewed,,hash:3c6cd6a1e0dacd4a
discarded,Atomic detail brownian dynamics simulations of concentrated protein solutions with a mean field treatment of hydrodynamic interactions,P. Mereghetti,2012,Journal of Physical Chemistry B,10.1021/jp212532h,https://www.scopus.com/inward/record.uri?partnerID=HzOxMe3b&scp=84864225957&origin=inward,off-topic-false-hit,"High macromolecular concentrations are a distinguishing feature of living organisms. Understanding how the high concentration of solutes affects the dynamic properties of biological macromolecules is fundamental for the comprehension of biological processes in living systems. In this paper, we describe the implementation of mean field models of translational and rotational hydrodynamic interactions into an atomically detailed many-protein brownian dynamics simulation method. Concentrated solutions (30-40% volume fraction) of myoglobin, hemoglobin A, and sickle cell hemoglobin S were simulated, and static structure factors, oligomer formation, and translational and rotational self-diffusion coefficients were computed. Good agreement of computed properties with available experimental data was obtained. The results show the importance of both solvent mediated interactions and weak protein-protein interactions for accurately describing the dynamics and the association properties of concentrated protein solutions. Specifically, they show a qualitative difference in the translational and rotational dynamics of the systems studied. Although the translational diffusion coefficient is controlled by macromolecular shape and hydrodynamic interactions, the rotational diffusion coefficient is affected by macromolecular shape, direct intermolecular interactions, and both translational and rotational hydrodynamic interactions.",scopus,llm,1.000,unreviewed,,doi:10.1021/jp212532h
discarded,"Technology-enhanced learning for java programming- Duo cum faciunt idem, non est idem",M. Ivanović,2011,ACM Inroads,10.1145/1929887.1929906,https://www.scopus.com/inward/record.uri?partnerID=HzOxMe3b&scp=79952940421&origin=inward,adjacent-subtopic,"Background pedagogical theories and methods underpinning technology-enhanced learning in introductory programming courses at a university level attract teachers' community and foster continuous research at least since the end of the nineties. However, it still has not led to a generally applicable way of teaching and learning that would guarantee the best possible success under the given circumstances. This rather pessimistic fi nding intrigued and inspired authors of this paper to analyze, present, and compare selected experiences gathered during nearly a decade of technology-enhanced approach in teaching an object-oriented programming languages with specifi c focus on Java at two large universities in two countries. In this paper we have examined a number of issues affecting its positioning in the curriculum, learning design, and quality at both institutions. Based on quantitative and qualitative analysis, the history and current state is evaluated and key recommendations for planning, designing, deployment, and evaluation of similar courses are provided. Different traditions and independent development at both institutions allow us to draw generally applicable conclusions not infl uenced by specifi c properties of one particular educational system.",scopus,llm,0.970,unreviewed,,doi:10.1145/1929887.1929906
discarded,Spatial and cure-time distribution of dynamic-mechanical properties of a dimethacrylate nano-composite,N. Ilie,2009,Dental Materials,10.1016/j.dental.2008.11.008,https://www.scopus.com/inward/record.uri?partnerID=HzOxMe3b&scp=59149093481&origin=inward,off-topic-false-hit,"Objective. The purpose of this study was to evaluate a nano-filled dental composite, with varying cure irradiation-time, in terms of the spatial distribution of dynamic-mechanical properties determined at nanometre scale and the resultant distinction between filler, matrix and inter-phase regions.

Materials and methods. Specimen groups (n = 5) of the composite Filtek Supreme XT were cured in 2 mm deep molds for 5, 10, 20 and 40 s, and stored for 24 h in distilled water at 37 C. Properties were measured at 2 mm depth, on the lower specimen surfaces. Nano-dynamicmechanical parameters (complex, storage and loss modulus, tans) were determined at an array of 65,000 locations in a 5 mu m x 5 mu m area. Micro-mechanical properties (hardness, modulus of elasticity, creep and elastic/plastic deformation) were also measured and additionally the real-time degree of cure, by ATR-FTIR, for 10 min after photo-initiation and after storage.

Results. The spatial distribution of nano-dynamic-mechanical properties varied significantly enabling four distinguishable matrix, filler-cluster and inter-phase regions to be identified. Proceeding from matrix to filler-cluster locations, complex-moduli increased linearly and loss-factors decreased linearly, consistent with visco-elastic composite theory. Curing time strongly affected all measured properties at 2 mm depth. The organic matrix was shown to be inhomogeneous for all curing times. By increasing cure-time, the proportion of less well polymerized area decreased from 37.7 to 1.1%, resulting in a more homogeneous organic matrix.

Significance. The experimentally observed graduated transition, in complex modulus and related dynamic-mechanical properties, across the matrix - inter-phases - filler-cluster regions is conducive to low internal stresses, in contrast to the abrupt modulus transitions anticipated or observed in many other particulate composite structures. The identification of these phase-regions provides a realistic basis for accurate nano- and micro-mechanical computational modelling. (C) 2008 Academy of Dental Materials. Published by Elsevier Ltd. All rights reserved.",scopus,llm,1.000,unreviewed,,doi:10.1016/j.dental.2008.11.008
discarded,Remote access of electronic resources for thermal plant using mobile devices,F.L. Tan,2007,International Journal of Computer Applications in Technology,10.1504/IJCAT.2007.017237,https://www.scopus.com/inward/record.uri?partnerID=HzOxMe3b&scp=39649103824&origin=inward,adjacent-subtopic,"This paper proposes a framework that extends a typical intelligent thermal system management that enables field engineers retrieving vital resources from centralised management station using mobile devices with limited memory, such as PDAs and cell phones. The user enters the input through a Java MIDlet running on the mobile device. The inputs are then transferred to a Java Servlet running on a server to access the electronic resources. A case study on the computation of thermodynamic properties for steam and refrigerant on the server is demonstrated. The computed properties are transmitted back to the mobile device for display.",scopus,llm,0.970,unreviewed,,doi:10.1504/ijcat.2007.017237
discarded,Deep integration of python with Web ontology language,M. Babik,2006,Ceur Workshop Proceedings,,https://www.scopus.com/inward/record.uri?partnerID=HzOxMe3b&scp=84884404294&origin=inward,adjacent-subtopic,,scopus,llm,0.930,unreviewed,,hash:a760eccd8b642e35
discarded,Cubic and quadruple Paley graphs with the n-e.c. property,W. Ananchuen,2006,Discrete Mathematics,10.1016/j.disc.2006.03.073,https://www.scopus.com/inward/record.uri?partnerID=HzOxMe3b&scp=33749438083&origin=inward,off-topic-false-hit,"A graph G is n-existentially closed or n-e.c. if for any two disjoint subsets A and B of vertices of G with vertical bar A boolean OR B vertical bar = n, there is a vertex u is not an element of A boolean OR B that is adjacent to every vertex of A but not adjacent to any vertex of B. It is well-known that almost all graphs are n-e.c. However, few classes of n-e.c. graphs have been constructed. A good construction is the Paley graphs which are defined as follows. Let q  1 (mod 4) be a prime power. The vertices of Paley graphs are the elements of the finite field F-q, Two vertices a and b are adjacent if and only if their difference is a quadratic residue. Previous results established that Paley graphs are n-e.c. for sufficiently large q. By using higher order residues on finite fields we can generate other classes of graphs which we called cubic and quadruple Paley graphs. We show that cubic Paley graphs are n-e.c. whenever q >= n(2)2(4n-2) and quadruple Paley graphs are n-e.c. whenever q >= 9n(2)6(2n-2). We also investigate a similar adjacency property for quadruple Paley digraphs. Crown Copyright (c) 2006 Published by Elsevier B.V. All rights reserved.",scopus,llm,1.000,unreviewed,,doi:10.1016/j.disc.2006.03.073
discarded,Elasticity and stability of Fe-P ordered systems from first principles,M. Černý,2005,Materials Science Forum,10.4028/0-87849-964-4.135,https://www.scopus.com/inward/record.uri?partnerID=HzOxMe3b&scp=35148816982&origin=inward,off-topic-false-hit,"This DOI is not currently attached to any metadata records. DOIs can’t actually ever be deleted (they’re persistent), but sometimes our members create DOIs in error. We do have a process to approximate deletion which we follow only in rare cases where the DOI has been genuinely created in error, and most crucially, if the DOI has never been published anywhere online or in print and never otherwise distributed to or communicated with anyone (authors, readers, reviewers, etc.",scopus,llm,1.000,unreviewed,,doi:10.4028/0-87849-964-4.135
