status,title,authors,year,venue,doi,url,tags,abstract,provider,decision_source,llm_confidence,llm_review_outcome,llm_change_direction,paper_id
discarded,Usable Results from the Field of API Usability A Systematic Mapping and Further Analysis,"Burns, Chris; Ferreira, Jennifer; Hellmann, Theodore D.; Maurer, Frank",2012,2012 IEEE SYMPOSIUM ON VISUAL LANGUAGES AND HUMAN-CENTRIC COMPUTING (VL/HCC),,https://www.webofscience.com/wos/woscc/full-record/WOS:000313198600031,adjacent-subtopic,"Modern software development often involves the use of complex, reusable components called Application Programming Interfaces (APIs). Developers use APIs to complete tasks they could not otherwise accomplish in a reasonable time. These components are now vital to mainstream software development. But as APIs have become more important, understanding how to make them more usable is becoming a significant research question. To assess the current state of research in the field, we conducted a systematic mapping. A total of 28 papers were reviewed and categorized based on their research type and on the evaluation method employed by its authors. We extended the analysis of a subset of the papers we reviewed beyond the usual limits of a systematic map in order to more closely examine details of their evaluations - such as their structure and validity and to summarize their recommendations. Based on these results, common problems in the field are discussed and future research directions are suggested.",wos,llm,0.880,unreviewed,,hash:c3138a4d16a2cb26
discarded,Developing distributed applications rapidly and reliably using the TENA middleware,"Noseworthy, J. Russell",2005,"MILCOM 2005 - 2005 IEEE MILITARY COMMUNICATIONS CONFERENCE, VOLS 1-5",,https://www.webofscience.com/wos/woscc/full-record/WOS:000242920502028,adjacent-subtopic,"The Test and Training Enabling Architecture (TENA) Middleware is the result of a joint interoperability initiative of the Director Operational Test and Evaluation (DOME) of the Office of the Secretary of Defense (OSD). The goals of the initiative are to enable interoperability among ranges, facilities, and simulations in a quick and cost-efficient manner, and to foster reuse of range assets and future range system developments.

The TENA Middleware uses Unified Modeling Language (UML)-based model-driven code generation to automatically create a complex Common Object Request Broker Architecture (CORBA) application. This model-driven automatic code-generation greatly reduces the amount of software that must be hand-written and tested.

Furthermore, the TENA Middleware combines distributed shared memory, anonymous publish-subscribe, and model-driven distributed object-oriented programming paradigms into a single distributed middleware system. This unique combination yields a powerful middleware system that enables its users to rapidly develop sophisticated yet understandable distributed applications.

The TENA Middleware offers powerful programming abstractions that are not present in CORBA alone and provides a strongly-typed Application Programmer Interface (API) that is much less error-prone than the existing CORBA API. These high-level, easy-to-understand programming abstractions combined with an API designed to reduce programming errors enable users to quickly and correctly express the concepts of their applications.

Re-usable standardized objects further simplify the development of applications. The net result of this combination of features is a significant reduction of application programming errors yielding increased overall reliability and decreased overall development time.

Distributed applications developed using the TENA Middleware exchange data using the publish-subscribe paradigm. Although many publish-subscribe systems exist, the TENA Middleware represents a significant advance in the field due to the many high-level, model-driven programming abstractions it presents to the programmer.

The TENA Middleware API relies heavily on compile-time type-safety to help ensure reliable behavior at run-time. Careful API design allows a great number of potential errors to be detected at compile-time that might otherwise go unnoticed until run-time-where the cost of an error could be extremely high!

The implementation of the TENA Middleware uses C++, as well as a real-time CORBA ORB. The TENA Middleware is currently in use at dozens of Department of Defense (DoD) testing and training range facilities across the country, and has been used to support major test and training events such as Joint Red Flag '05. The TENA Middleware is available(1) at http: //www. tena-sda. org/.",wos,llm,0.970,unreviewed,,hash:90cc2f14ae2a2783
discarded,Secure distributed human computation,"Gentry, C; Ramzan, Z; Stubblebine, S",2005,FINANCIAL CRYPTOGRAPHY AND DATA SECURITY,,https://www.webofscience.com/wos/woscc/full-record/WOS:000231171200024,adjacent-subtopic,"We suggest a general paradigm of using large-scale distributed computation to solve difficult problems, but where humans can act as agents and provide candidate solutions. We are especially motivated by problem classes that appear to be difficult for computers to solve effectively, but are easier for humans; e.g., image analysis, speech recognition, and natural language processing. This paradigm already seems to be employed in several real-world scenarios, but we are unaware of any formal and unified attempt to study it. Nonetheless, this concept spawns interesting research questions in cryptography, algorithm design, human computer interfaces, and programming language / API design, among other fields. There are also interesting implications for Internet commerce and the B24b model. We describe this general research area at a high level and touch upon some preliminary work; a more extensive treatment can be found in [6].",wos,llm,0.990,unreviewed,,hash:1b2c725ff207bac5
discarded,Cryptographic Agility for Applications: An Assessment Framework and Principled API Design,N. Rameshan,2026,Communications in Computer and Information Science,10.1007/978-3-032-28946-9_9,https://www.scopus.com/inward/record.uri?partnerID=HzOxMe3b&scp=105045533999&origin=inward,adjacent-subtopic,"The impending post-quantum cryptographic transition requires replacing algorithms across entire software portfolios, yet no systematic method exists for decomposing cryptographic agility into assessable dimensions. The term conflates distinct capabilities, including algorithm replacement, policy-driven selection, and implementation substitution, and the absence of a structured decomposition impedes both assessment and principled API design. We make four contributions. First, we introduce a component-based assessment framework that characterizes application-level cryptographic agility along seven orthogonal dimensions, capturing non-hierarchical profiles that linear maturity models cannot represent. Second, we derive thirteen API design principles from five foundational architectural properties. Third, we demonstrate their realization through concrete Protocol Buffers API patterns. Fourth, we evaluate six representative systems (PKCS#11, OpenSSL 3.0, JCA, Google Tink, AWS KMS, and HashiCorp Vault Transit), revealing three pervasive gaps: most achieve only partial operation decoupling (uniform signatures, but algorithm-specific parameters still leak through) and none reaches intent-based key creation, making algorithm migration a per-site code-change problem; none provides policy-driven algorithm selection, so organizations govern who may use cryptography but not which algorithms; and most lack the ability to transform existing keys to new algorithms. These gaps are independent and individually sufficient to prevent agile migration, explaining why post-quantum transition remains a code-change problem despite decades of API progress.",scopus,llm,0.970,unreviewed,,doi:10.1007/978-3-032-28946-9_9
discarded,Towards Secure Blockchain-Integrated IoT: Attack Taxonomy and Countermeasures,K. Wimal,2026,2026 IEEE International Conference on Smart Sustainable Systems for Computer and Engineering Applications 3scea 2026,10.1109/3SCEA68071.2026.11602794,https://www.scopus.com/inward/record.uri?partnerID=HzOxMe3b&scp=105046118236&origin=inward,adjacent-subtopic,"The integration of blockchain technology with the Internet of Things (IoT) has emerged as a promising approach to enhance trust, data integrity, and resilience in distributed systems. Despite the inherent security benefits of blockchain, IoT devices remain vulnerable due to their limited computational resources, heterogeneous deployments, and exposure to physical and network-based threats. This paper presents a comprehensive security analysis of blockchainenabled IoT systems using a novel four-layer architecture spanning the physical, network, blockchain, and application layers. For each layer, potential attacks are systematically classified, including hardware tampering, side-channel attacks, node capture, man-in-the-middle, Sybil, routing, selfish mining, $\mathbf{5 1 \%}$ attacks, insecure APIs, and crypto-locking ransomware targeting IoT-integrated blockchain wallets. The study further explores mitigation strategies, including tamperresistant hardware, robust key management, consensus improvements, peer diversity, secure API design, and anomaly detection mechanisms. Unlike prior surveys, this work explicitly links each attack to targeted countermeasures within a unified four-layer framework and discusses the practical feasibility challenges of deploying those countermeasures in resource-constrained IoT environments. The framework provides systematic recommendations for future research and practical implementation in fields such as critical infrastructure, smart transportation, and healthcare.",scopus,llm,0.990,unreviewed,,doi:10.1109/3scea68071.2026.11602794
discarded,"HYDRAULIC MODELING AND OPTIMIZATION OF THE OIL GATHERING NETWORK IN THE PERIPHERAL FIELD RAMA–RAA NORTH, HASSI MESSAOUD (ALGERIA)",O. Amzal,2025,Studia Universitatis Babes Bolyai Chemia,10.24193/subbchem.2025.4.16,https://www.scopus.com/inward/record.uri?partnerID=HzOxMe3b&scp=105027551096&origin=inward,off-topic-false-hit,"This study presents the hydraulic modeling and optimization of the RAMA and RAA crude oil gathering network in Algeria’s Hassi Messaoud oil field to enhance production efficiency and ensure stable field performance. A digital network model was developed using PIPESIM to simulate multiphase flow behavior from the wellheads to the Early Production Facility (EPF). The model calibration showed strong agreement between simulated and measured pressures, with deviations below 7%, confirming its reliability. Simulation results revealed several oversized flowlines with velocities below the recommended 1–5 m/s range and an undersized line (MFD BEKEN) exhibiting excessive velocities and pressure losses above 0.85 bar/km. To address these issues, the impact of integrating 11 new wells was evaluated, showing increase in line and manifold pressures. An optimization study was subsequently conducted by adjusting pipeline diameters and adding new flowlines in compliance with API design standards. The optimized configuration improved velocity distribution and reduced erosion risks, ensuring safer and more efficient network operation across the RAMA–RAA fields.",scopus,llm,0.990,unreviewed,,doi:10.24193/subbchem.2025.4.16
discarded,Web API Usability: A Systematic Mapping Study,A. Machini,2025,Interacting with Computers,10.1093/iwc/iwae053,https://www.scopus.com/inward/record.uri?partnerID=HzOxMe3b&scp=85218635388&origin=inward,adjacent-subtopic,"Abstract Context Web APIs play a key role in modern application development, and their usability is crucial for them to be of value. Aim: This systematic mapping study aims to identify and categorize metrics related to web API usability. Method We identified four research questions and a set of search terms related to these. We applied inclusion, exclusion, and quality criteria to filter out unrelated articles, and then performed data extraction on the remaining studies. Results We found a total of 96 metrics. Most of the usability metrics (40 %) were related to learnability. We also found that only one of the articles proposed metrics in the context of a usability model and that most of the studies obtained values for their metrics automatically. Conclusions Our findings highlight a lack of research in the field of web API usability + metrics, with only 14 % of the metrics we identified being explicitly related to web APIs.",scopus,llm,0.910,unreviewed,,doi:10.1093/iwc/iwae053
discarded,"37th International Conference on Computer Applications in Industry and Engineering, CAINE 2024",,2025,Communications in Computer and Information Science,,https://www.scopus.com/inward/record.uri?partnerID=HzOxMe3b&scp=85214139502&origin=inward,adjacent-subtopic,,scopus,llm,0.730,unreviewed,,hash:7b975b7f1e7df11a
discarded,"2nd EAI International Conference on Security and Privacy in Cyber-Physical Systems and Smart Vehicles, SmartSP 2024",,2025,Lecture Notes of the Institute for Computer Sciences Social Informatics and Telecommunications Engineering Lnicst,,https://www.scopus.com/inward/record.uri?partnerID=HzOxMe3b&scp=105009989198&origin=inward,adjacent-subtopic,,scopus,llm,0.760,unreviewed,,hash:c019ac736fe6bfe0
discarded,Ecotoxicological risk assessment of active pharmaceutical ingredients (APIs) against different aquatic species leveraging intelligent consensus prediction and i-QSTTR modeling,P. Samanta,2024,Journal of Hazardous Materials,10.1016/j.jhazmat.2024.136110,https://www.scopus.com/inward/record.uri?partnerID=HzOxMe3b&scp=85206260320&origin=inward,off-topic-false-hit,"The increasing presence of active pharmaceutical ingredients (APIs) in aquatic ecosystems, driven by widespread human use, poses significant risks, including acute and chronic toxicity to aquatic species. However, the scarcity of experimental toxicity data on APIs and related compounds due to the high costs, time requirements, and ethical concerns associated with animal testing hinders comprehensive risk assessment. In response, we developed quantitative structure-toxicity relationship (QSTR) and interspecies quantitative structure toxicity-toxicity relationship (i-QSTTR) models for three key aquatic species: zebrafish, water fleas, and green algae, using NOEC as an endpoint, following OECD guidelines. Algae, daphnia, and fish, recognized as standard organisms in toxicity testing, are crucial bio-indicators due to their size, transparency, adaptability, and regulatory acceptance. We used partial least squares (PLS) and multiple linear regression (MLR) methods for model development alongside machine learning techniques such as Random Forest (RF), Support Vector Machines (SVM), K-nearest Neighbor (kNN), and Neural Networks (NN) to enhance the predictivity. Lipophilicity, electronegativity, unsaturation, a molecular cyclized degree in molecular structure, large fragments, aliphatic secondary C(sp2), and R-CR-R groups were identified as critical biomarkers for API toxicity. Screening of the PPDB (pesticide properties databases) and DrugBank validated the practical application of these models, offering valuable tools for regulatory decisions, safer API design, and the preservation of aquatic biodiversity.",scopus,llm,1.000,unreviewed,,doi:10.1016/j.jhazmat.2024.136110
discarded,μXL: explainable lead generation with microservices and hypothetical answers,L. Cruz-Filipe,2024,Computing,10.1007/s00607-024-01321-x,https://www.scopus.com/inward/record.uri?partnerID=HzOxMe3b&scp=85199443562&origin=inward,adjacent-subtopic,"Lead generation refers to the identification of potential topics (the ‘leads’) of importance for journalists to report on. In this article we present μ\documentclass[12pt]{minimal} \usepackage{amsmath} \usepackage{wasysym} \usepackage{amsfonts} \usepackage{amssymb} \usepackage{amsbsy} \usepackage{mathrsfs} \usepackage{upgreek} \setlength{\oddsidemargin}{-69pt} \begin{document}$$\mu $$\end{document}XL, a new lead generation tool based on a microservice architecture that includes a component of explainable AI. μ\documentclass[12pt]{minimal} \usepackage{amsmath} \usepackage{wasysym} \usepackage{amsfonts} \usepackage{amssymb} \usepackage{amsbsy} \usepackage{mathrsfs} \usepackage{upgreek} \setlength{\oddsidemargin}{-69pt} \begin{document}$$\mu $$\end{document}XL collects and stores historical and real-time data from web sources, like Google Trends, and generates current and future leads. Leads are produced by a novel engine for hypothetical reasoning based on temporal logical rules, which can identify propositions that may hold depending on the outcomes of future events. This engine also supports additional features that are relevant for lead generation, such as user-defined predicates (allowing useful custom atomic propositions to be defined as Java functions) and negation (needed to specify and reason about leads characterized by the absence of specific properties). Our microservice architecture is designed using state-of-the-art methods and tools for API design and implementation, namely API patterns and the Jolie programming language. Thus, our development provides an additional validation of their usefulness in a new application domain (journalism). We also carry out an empirical evaluation of our tool.",scopus,llm,0.960,unreviewed,,doi:10.1007/s00607-024-01321-x
discarded,Development of a Micro Counselling Educational Platform Based on AI and Face Recognition to Prevent Students Anxiety Disorder,D.F. Putri Syarifa,2024,Proceedings Ieit 2024 2024 International Conference on Electrical and Information Technology,10.1109/IEIT64341.2024.10763282,https://www.scopus.com/inward/record.uri?partnerID=HzOxMe3b&scp=85214673617&origin=inward,adjacent-subtopic,"The rapid development of Information and Communication Technology (ICT) has brought broad consequences for example in the fields of education, health but mental health is rarely considered especially among Indonesian teenagers. Traditional approaches, such as in-person consultations with mental health professionals, often fall short due to accessibility and affordability issues. This research developed MoodNow, an E-learning system with personalized mental support using face recognition and artificial intelligence for students in grades 10 to 11 of SMK Negeri 10 Malang. Built with Design Thinking, the platform is dedicated to offering real-time mental health checks and customized virtual counseling. The system architecture incorporates user-friendly interfaces, robust backend processing, and AI-driven mood detection via the Gemini API Usability tests were also conducted, which presented a very high detection accuracy on emotions of 90%. This exchange rate gave the platform an excellent usability score, scoring 85.9% thus characterizing the project as highly effective. MoodNow's integration of AI and face recognition technologies demonstrates its potential to transform mental health support by offering real-time, personalized interventions. Despite challenges such as privacy concerns and the need for improved emotion detection accuracy, MoodNow represents a significant advancement in providing accessible and effective mental health care. This research contributes to the Sustainable Development Goals (SDG 3) by promoting mental well-being and fostering a supportive educational environment",scopus,llm,0.970,unreviewed,,doi:10.1109/ieit64341.2024.10763282
discarded,An API Field Design Method Based on Pre-trained Model,H. Wang,2024,Proceedings 2024 14th International Conference on Software Technology and Engineering Icste 2024,10.1109/ICSTE63875.2024.00012,https://www.scopus.com/inward/record.uri?partnerID=HzOxMe3b&scp=85217806096&origin=inward,adjacent-subtopic,"Application programming interface (API) plays an important role in modern software development, a well designed API can provide tremendous convenience for developers. However, designing an excellent API is not a trivial task, each field in the API should avoid any ambiguity. Besides, in some special cases, for instance, a Chinese developer might not accurately translate the meaning of a Chinese API field into its English counterpart. Therefore, there exists a tremendous requirement in designing high quality API field. In this paper, a fine-tuning pre-trained model based method is proposed for API field design task. Firstly, we consider the design of API fields as a translation task, converting the fields from another language into English. Secondly, we fine-tune a pre-trained model for API field design task. In the end, we curate two datasets to illustrate our method and the experiment results demonstrate that our method has a better performance in designing API field.",scopus,llm,0.950,unreviewed,,doi:10.1109/icste63875.2024.00012
