status,title,authors,year,venue,doi,url,tags,abstract,provider,decision_source,llm_confidence,llm_review_outcome,llm_change_direction,paper_id
discarded,Comparison of Network and Readability Properties With Traditional Bibliometric Properties in the Journal of Universal Computer Science,Diego Jacobs; Aleksandar Bobic; Christian Gütl,2022,"2022 Ninth International Conference on Social Networks Analysis, Management and Security (SNAMS)",10.1109/SNAMS58071.2022.10062567,https://ieeexplore.ieee.org/document/10062567/,off-topic-false-hit,"To better understand publication data in the context of a single journal and potentially provide alternative measurements of scientific authors' performance and projected paper quality as a first step, this work analyzes journal data through social media analysis and natural language processing techniques. This paper describes the process of enriching and analyzing bibliometric data by creating a co-author network and calculating multiple node properties, which are compared to traditional bibliometric measurements. Furthermore, communities are extracted, and the averaged bibliometric properties of authors in those communities are compared to various community properties. Finally, the abstract and title length and readability were calculated and compared to the citation counts of respective papers. The comparison of the aforementioned values did not indicate a strong correlation among any of the values. However, some of the properties were slightly correlated. The analysis reveals that a single journal co-authorship network is not enough to extract meaningful alternative measurements for academic performance of authors or papers. However, it also indicates that network properties and readability measures could be potentially successfully leveraged to extract alternative performance indicators with a larger dataset.",ieee,llm,0.980,unreviewed,,doi:10.1109/snams58071.2022.10062567
discarded,A Comparison of Seven Techniques for Choosing Subsets of Pattern Recognition Properties,A.N. Mucciardi; E.E. Gose,1971,IEEE Transactions on Computers,10.1109/T-C.1971.223398,https://ieeexplore.ieee.org/document/1671991/,off-topic-false-hit,"The only guaranteed technique for choosing the best subset of N properties from a set of M is to try all (MN) possible combinations. This is computationally impractical for sets of even moderate size, so heuristic techniques are required. This paper presents seven techniques for choosing good subsets of properties and compares their performance on a nine-class vectorcardiogram classification problem.",ieee,llm,0.990,unreviewed,,doi:10.1109/t-c.1971.223398
discarded,Performance Comparison of Machine Learning Algorithms for Identification of Physiological Maturity of Pineapple using Optical Property,Ravipat Lapcharoensuk; Noppadon Phannote; Dimae Kasetyangyunsapa,2023,2023 15th International Conference on Computer and Automation Engineering (ICCAE),10.1109/ICCAE56788.2023.10111216,https://ieeexplore.ieee.org/document/10111216/,off-topic-false-hit,"Pineapple is important fruit of Thailand which is consumed in its fresh state or in processed products. Typically, harvested dates affected to quality of pineapple fresh. Identification of pineapple harvested dates at raw material receiving state in factory is very difficult. This research aims to determination of appropriate machine learning algorithm for Identifying maturity of pineapple using optical property. Color of pineapple fruits and fresh was measured by portable colorimeter on CIE system (L*, a* and b* values). The ten algorithms were fit to the training set including naive Bayes (NB), linear discriminant analysis (LDA), K-nearest neighbor (KNN), support vector machine (SVM), artificial neural network (ANN), logistic regression (LR), decision tree (DT), random forest (RF), gradient boosting (GB) and adaptive boosting (AB). The best model for pineapple fruit were established from ANN while DT showed highest performance for pineapple fresh. The accuracy of ANN and DT for fruit and fresh models were 83 and 92% respectively. This finding point is novel technique for identification of pineapple according to harvested dates which it can apply to quality control and assurance in pineapple industries.",ieee,llm,1.000,unreviewed,,doi:10.1109/iccae56788.2023.10111216
discarded,A Genetic Algorithm for Automatic Dashboard Generation: First Results,Praveen Soni; Cyril De Runz; Fatma Bouali; Gilles Venturini,2023,2023 27th International Conference Information Visualisation (IV),10.1109/IV60283.2023.00023,https://ieeexplore.ieee.org/document/10303326/,adjacent-subtopic,"In this paper, we present a method for the automatic generation of dashboards (DBo) using a genetic algorithm (GA). A DBo is a set of visualizations, with possible linkage, intended to help users explore and analyse a dataset. Our Automatic Dashboard Generation System (ADGS) considers several input models for data, user and visualizations. We propose to represent a solution (i.e. a DBo) as a variable size matrix in which rows are visualizations and columns are data attributes. This representation can be evolved with a GA. For this purpose, we define genetic operators for DBo such as random generation, crossover, and mutation. We propose a fitness function to evaluate the quality of a DBo, as well as selection and replacement schemes. Finally, we present results with a benchmark dataset and a given user scenario. We show that the GA can find DBo that maximizes the evaluation function and that can be interesting for novice users. In perspectives, we will improve further the GA and we will study how to automatically propose a layout of the optimized DBo.",ieee,llm,0.980,unreviewed,,doi:10.1109/iv60283.2023.00023
discarded,Unseen Epitope-TCR Interaction Prediction based on Amino Acid Physicochemical Properties,Rawshon Raha; Yulian Ding; Qiang Liu; Fang-Xiang Wu,2022,2022 IEEE International Conference on Bioinformatics and Biomedicine (BIBM),10.1109/BIBM55620.2022.9995066,https://ieeexplore.ieee.org/document/9995066/,off-topic-false-hit,"Successful prediction of epitope-T cell receptor (TCR) interactions can help with effective vaccination and personalized healthcare. Unseen epitope-TCR interaction prediction is based on independent sets of training and testing data, which is good to find their corresponding epitopes for novel, unseen diseases. In this study, we present a framework for predicting the unseen epitope-TCR interactions based on physicochemical properties of constituent amino acids of epitope and TCR CDR3 sequences. Sequence based models for epitope-TCR interaction prediction generally extract features individually from each sequence and then combine them together. However, in this study, the features for the unseen epitope-TCR interaction model have been generated as images from both sequences simultaneously by computing the absolute difference and outer product of two vectors consisting of the physicochemical property values of amino acids. The performances based on nine different physicochemical properties of amino acids have been compared and the best performing properties are selected. Some properties are combined together to achieve the highest performance. The model exhibits much higher performance in comparison with the existing unseen epitope prediction models. The model produces the AUC of 0.64 for absolute difference based features with only two best performing properties, and the AUC of 0.60 for vector outer product with the same two properties. Furthermore, our model achieves the AUC of 0.82 by combining both types of features while the best existing model achieves the AUC of only 0.55 in the setting of unseen epitope-TCR interaction prediction.",ieee,llm,1.000,unreviewed,,doi:10.1109/bibm55620.2022.9995066
discarded,Emotion Transformer Fusion: Complementary Representation Properties of EEG and Eye Movements on Recognizing Anger and Surprise,Yiting Wang; Wei-Bang Jiang; Rui Li; Bao-Liang Lu,2021,2021 IEEE International Conference on Bioinformatics and Biomedicine (BIBM),10.1109/BIBM52615.2021.9669556,https://ieeexplore.ieee.org/document/9669556/,off-topic-false-hit,"Emotion recognition plays an important role in di-agnosing and treating many mental disorders as well as affective computing. Among six basic emotions, anger and surprise are relatively hard to be elicited in lab settings, and the complementary representation properties of encephalography (EEG) and eye movement signals on recognizing anger and surprise emotions remain unknown. Although the transformer architecture has the ability of parallelism which avoids many sequential operations as recurrent and convolutional layers, the knowledge of its performance and effectiveness on multimodal emotion recognition from EEG and eye movement signals is limited. To tackle these issues, we elaborately design the experiment and stimuli materials to effectively elicit surprise, anger, and neutral emotions, and propose an Emotion Transformer Fusion (ETF) model based on pure attention mechanism. Results of extensive experiments with multiple models on our dataset indicate that the complementary information of EEG and eye movements significantly improves the performance of discriminating anger, surprise and neutral emotions. Meanwhile, our proposed architecture outperforms baseline models with higher parallelism, which proves the capability of Transformer based architecture on multimodal emotion recognition with EEG and eye movement signals.",ieee,llm,1.000,unreviewed,,doi:10.1109/bibm52615.2021.9669556
discarded,Visualizing the Performance of Computational Linguistics Algorithms,Stephen G. Eick; Justin Mauger; Alan Ratner,2006,2006 IEEE Symposium On Visual Analytics Science And Technology,10.1109/VAST.2006.261417,https://ieeexplore.ieee.org/document/4035760/,adjacent-subtopic,"We have built a visualization system and analysis portal for evaluating the performance of computational linguistics algorithms. Our system focuses on algorithms that classify and cluster documents by assigning weights to words and scoring each document against high dimensional reference concept vectors. The visualization and algorithm analysis techniques include confusion matrices, ROC curves, document visualizations showing word importance, and interactive reports. One of the unique aspects of our system is that the visualizations are thin-client Web-based components built using SVG visualization components",ieee,llm,0.980,unreviewed,,doi:10.1109/vast.2006.261417
discarded,Ontology development of metacognitive support system for novice programmers (MSSNP),Siti Nurulain Mohd Rum; Maizatul Akmar Ismail,2014,2014 International Symposium on Technology Management and Emerging Technologies,10.1109/ISTMET.2014.6936526,https://ieeexplore.ieee.org/document/6936526/,adjacent-subtopic,"Learning and teaching computer programming have been acknowledged as being difficult and challenging. The metacognitive learning environment is needed for learning success in Computer Programming problem solving. In designing a support learning tool, the main principal of the instructional approach is to support metacognitive ability. Ontology has gained popularity in building E-learning, in which the formalism of ontology-based description can be achieved, thus giving a specification domain scope and offering an effective reuse of software patterns and systems of patterns. As there is no exact methodology for developing ontologies, here, in this paper, we present an approach for the development of MSSNP Ontology based on the general criteria and issues to be considered.",ieee,llm,0.980,unreviewed,,doi:10.1109/istmet.2014.6936526
discarded,SeqProFT: Sequence-Only Protein Property Prediction With LoRA Finetuning,Shuo Zhang; Jian K. Liu,2026,IEEE Transactions on Artificial Intelligence,10.1109/TAI.2025.3636109,https://ieeexplore.ieee.org/document/11267100/,off-topic-false-hit,"Protein language models (PLMs) have demonstrated remarkable capabilities in learning relationships between protein sequences and functions. However, finetuning these large models requires substantial computational resources, often with suboptimal task-specific results. This study investigates how parameter-efficient finetuning (PEFT) via low-rank adaptation (LoRA) can enhance protein property prediction while significantly reducing computational demands. By applying LoRA to ESM-2 and ESM-C models of varying sizes and evaluating ten diverse protein property prediction tasks, we demonstrate that smaller models with LoRA adaptation can match or exceed the performance of larger models without adaptation. In addition, we integrate contact map (CM) information through a multihead attention mechanism, improving model comprehension of structural features. Our systematic analysis reveals that LoRA finetuning enables faster convergence, better performance, and more efficient resource utilization, providing practical guidance for protein research applications in resource-constrained environments.",ieee,llm,1.000,unreviewed,,doi:10.1109/tai.2025.3636109
discarded,Advanced light curing practices for electronic and optoelectronic assembly,D.G. Roy,2003,Proceedings of the 5th Electronics Packaging Technology Conference (EPTC 2003),10.1109/EPTC.2003.1271618,https://ieeexplore.ieee.org/document/1271618/,off-topic-false-hit,"Previous research and ongoing materials evaluation continue to demonstrate that the developed properties of light curing adhesives are directly affected by their conditions of cure. The use of ultraviolet light to cure adhesives is a well established method for the assembly of small components. Advanced curing practices have been shown to improve developed material properties, evidenced by Differential Scanning Calorimetry and Shore Microhardness testing, as well as actual device performance data. Such curing techniques can include multiple phase light exposure and component preheating. More recently, controlled delivery of light in the infrared spectrum has been shown suitable for initiating heat cured adhesives. Contemporary experience with small electronic components suggests that targeting partial cure of catalytic adhesives can improve process yield, when compared with processing to full cure in a conventional oven. This paper reviews newly developed applications and processes based on a-priori characterization of the adhesive products involved. We further demonstrate cases where the adhesive manufacturer's published curing recommendations may be insufficient to generate best results.",ieee,llm,1.000,unreviewed,,doi:10.1109/eptc.2003.1271618
discarded,Haptic stiffness identification by veterinarians and novices: A comparison,Neil Forrest; Sarah Baillie; Hong Z. Tan,2009,World Haptics 2009 - Third Joint EuroHaptics conference and Symposium on Haptic Interfaces for Virtual Environment and Teleoperator Systems,10.1109/WHC.2009.4810800,https://ieeexplore.ieee.org/document/4810800/,off-topic-false-hit,"Palpation is important in both veterinary and medical health professions. It is however difficult to learn, teach and assess. More must be understood about the skills involved in palpation. The present study compares the ability of practicing veterinarians and veterinary students to identify stiffness values. An absolute identification paradigm was used where a force-feedback device rendered virtual surfaces with 5 levels of stiffness within a ldquoclinically relevantrdquo range of 0.2 - 0.5 N/mm. The results from 12 veterinarians and 14 veterinary students show that the veterinarians performed significantly better than the students (p Lt 0.001). The mean information transfer was 0.97 bits (almost 2 perfectly-identifiable stiffness levels) for the veterinarians and 0.58 bits (1 correctly-identified stiffness level) for the students. However, neither group was able to reliably identify more than 2 levels of stiffness, indicating that the success of veterinarians in clinical practice probably relies on additional properties such as size, shape and texture. Our findings suggest that stiffness perception in the context of veterinary medicine is a learned clinical skill. Quantifying expert ability will help inform teaching methods and set targets for students. Similar psychophysical methods can also be used to monitor student performance throughout the learning process. Future work will examine the contributions of other object properties as well as motor strategies to palpation performance.",ieee,llm,1.000,unreviewed,,doi:10.1109/whc.2009.4810800
discarded,An Ensemble-based Predictive Framework for Student PE Performance using Engineered Fitness and Engagement Metrics,Epifelward Niño O. Amora; Jose C. Agoylo; Haidelyn J. Sacro; Joedee Mark Rodriguez,2025,2025 3rd International Conference on Sustainable Computing and Smart Systems (ICSCSS),10.1109/ICSCSS64956.2025.11500957,https://ieeexplore.ieee.org/document/11500957/,off-topic-false-hit,"This study presents a predictive framework for evaluating student performance in Physical Education (PE) using ensemble machine learning models and engineered composite indicators. A structured dataset was enhanced with four derived metrics: Performance Density Score (PDS), Fitness Symmetry Ratio (FSR), Fatigue Ratio, and Engagement Score. These features combined physical output, behavioral consistency, and body composition for improved prediction accuracy and interpretability. Five classifiers— Random Forest, Extra Trees, Gradient Boosting, AdaBoost, and Naive Bayes—were evaluated, with the Extra Trees model achieving the highest accuracy at 90%. Feature importance analysis highlighted PDS and Engagement Score as the most influential predictors. Visualizations, including boxplots and violin plots, revealed strong class-wise associations across all engineered variables. The findings support the integration of composite metrics in PE assessment and the adoption of predictive tools to support targeted interventions. This research offers a scalable, interpretable solution that bridges educational insights and data-driven decision-making in school-based fitness evaluation.",ieee,llm,1.000,unreviewed,,doi:10.1109/icscss64956.2025.11500957
discarded,Review on Radar Automatic Target Recognition Performance Evaluation Methodology,J. He; D. Lu; G. Wang,2025,2025 International Conference on Microwave and Millimeter Wave Technology (ICMMT),10.1109/ICMMT65948.2025.11187857,https://ieeexplore.ieee.org/document/11187857/,off-topic-false-hit,"Automatic target recognition (ATR) is a technical field that integrates the development of multiple specialist subjects such as artificial intelligence, information processing, etc. Then ATR evaluation is the decision behavior that takes ATR algorithms/systems as its researching objects. Since ATR technique faces many difficulties such as non-cooperation targets, complex and diverse working conditions, and multiple preferences of decision makers, ATR performance evaluation plays an important role in the whole ATR technology development. This paper focuses on the radar ATR performance evaluation methodology, their applications and the latest research progress from the aspects of performance measures, train/test condition construction, comprehensive evaluation of multiple attributes, aiming to provide reference for better understanding and effective use of ATR evaluation methods.",ieee,llm,0.990,unreviewed,,doi:10.1109/icmmt65948.2025.11187857
discarded,The Effect of Freespace Properties on Unilateral Stiffness Classification,Emma Treadway; Kristian Journet,2021,2021 IEEE World Haptics Conference (WHC),10.1109/WHC49131.2021.9517213,https://ieeexplore.ieee.org/document/9517213/,off-topic-false-hit,"Virtual environments rendered through kinesthetic haptic devices have frequency-dependent dynamic properties that affect perception. Previous studies on the perception of virtual walls have suggested that the properties not only of the wall, but also of the freespace with which it is paired, influence the perceived wall stiffness (bias) and discrimination thresholds. In this work, two experiments were undertaken to examine the effect of mass and damping properties in freespace on virtual wall stiffness classification. The results suggest that there may be alterations to classification performance under large changes in freespace conditions, but that small changes in mass and damping do not appear to significantly affect performance. These results suggest that additional study is needed to fully understand the effects of freespace properties on wall stiffness classification, which may differ from their effects on discrimination or bias.",ieee,llm,1.000,unreviewed,,doi:10.1109/whc49131.2021.9517213
