status,title,authors,year,venue,doi,url,tags,abstract,provider,decision_source,llm_confidence,llm_review_outcome,llm_change_direction,paper_id
discarded,PyWavelets: A Python package for wavelet analysis,Gregory R. Lee; Ralf Gommers; Filip Waselewski; Kai Wohlfahrt; Aaron O'Leary,2019,The Journal of Open Source Software,10.21105/joss.01237,https://openalex.org/W2936479322,off-topic-false-hit,"Wavelets are a popular tool for computational harmonic analysis.They provide localization in both the temporal (or spatial) domain as well as in the frequency domain (Daubechies, 1992).A prominent feature is the ability to perform a multiresolution analysis (S. Mallat, 2008).The wavelet transform of natural signals and images tends to have most of its energy concentrated in a small fraction of the coefficients.This sparse representation property is key to the good performance of wavelets in applications such as data compression and denoising.For example, the wavelet transform is a key component of the JPEG 2000 image compression standard.",openalex,llm,0.990,unreviewed,,doi:10.21105/joss.01237
discarded,Stanza: A Python Natural Language Processing Toolkit for Many Human Languages,Peng Qi; Yuhao Zhang; Yuhui Zhang; Jason Bolton; Christopher D. Manning,2020,,10.18653/v1/2020.acl-demos.14,https://openalex.org/W3037109418,off-topic-false-hit,"We introduce Sta n z a , an open-source Python natural language processing toolkit supporting 66 human languages.Compared to existing widely used toolkits, Sta n z a features a language-agnostic fully neural pipeline for text analysis, including tokenization, multiword token expansion, lemmatization, part-ofspeech and morphological feature tagging, dependency parsing, and named entity recognition.We have trained Sta n z a on a total of 112 datasets, including the Universal Dependencies treebanks and other multilingual corpora, and show that the same neural architecture generalizes well and achieves competitive performance on all languages tested.Additionally, Sta n z a includes a native Python interface to the widely used Java Stanford CoreNLP software, which further extends its functionality to cover other tasks such as coreference resolution and relation extraction.",openalex,llm,0.990,unreviewed,,doi:10.18653/v1/2020.acl-demos.14
discarded,batman : BAsic Transit Model cAlculatioN in Python,Laura Kreidberg,2015,Publications of the Astronomical Society of the Pacific,10.1086/683602,https://openalex.org/W1635849035,off-topic-false-hit,"I introduce batman , a Python package for modeling exoplanet transit and eclipse light curves. The batman package supports calculation of light curves for any radially symmetric stellar limb darkening law, using a new integration algorithm for models that cannot be quickly calculated analytically. The code uses C extension modules to speed up model calculation and is parallelized with OpenMP. For a typical light curve with 100 data points in transit, batman can calculate one million quadratic limb-darkened models in 30 s with a single 1.7 GHz Intel Core i5 processor. The same calculation takes seven minutes using the four-parameter nonlinear limb darkening model (computed to 1 ppm accuracy). Maximum truncation error for integrated models is an input parameter that can be set as low as 0.001 ppm, ensuring that the community is prepared for the precise transit light curves we anticipate measuring with upcoming facilities. The batman package is open source and publicly available at https://github.com/lkreidberg/batman.",openalex,llm,0.990,unreviewed,,doi:10.1086/683602
discarded,The Astropy Project: Building an Open-science Project and Status of the v2.0 Core Package *,Adrian M. Price-Whelan; Brigitta Sipőcz; Hans Moritz Günther; Pey Lian Lim; Steven M. Crawford; Simon Conseil; David L. Shupe; Matthew Craig; Nadia Dencheva; Adam G. Ginsburg; Jake Vanderplas; Larry Bradley; David Pérez–Suárez; M. de Val-Borro; (Primary Paper Contributors); Thomas L. Aldcroft; Kelle L. Cruz; Thomas Robitaille; Erik J. Tollerud; C. Ardelean; Tomáš Babej; Yoonsoo P. Bach; Matteo Bachetti; A. V. Bakanov; S. P. Bamford; Geert Barentsen; P. Barmby; A. Baumbach; K. L. Berry; Francesco Biscani; Médéric Boquien; K. Azalee Bostroem; Luke G. Bouma; Gabriel Brammer; E. M. Bray; H. Breytenbach; Hugo Buddelmeijer; D. J. Burke; Giorgio Calderone; J. L. Cano Rodríguez; Mihai Cara; J. V. M. Cardoso; Sourabh Cheedella; Y. Copin; Lía Corrales; Devin Crichton; Daniel D’Avella; Christoph Deil; É. Depagne; Jörg P. Dietrich; Axel Donath; Michael Droettboom; N. Earl; T. Erben; S. Fabbro; L. A. Ferreira; T. Finethy; R. T. Fox; Lehman H. Garrison; S. L. J. Gibbons; Daniel A. Goldstein; Ralf Gommers; Johnny P. Greco; P. Greenfield; Austen M. Groener; Frédéric Grollier; Alex Hagen; P. Hirst; D. Homeier; Anthony J. Horton; G. Hosseinzadeh; Lei Hu; Joseph S. Hunkeler; Željko Ivezić; A. Jain; Tim Jenness; G. Kanarek; Sarah Kendrew; Nicholas S. Kern; Wolfgang Kerzendorf; A. Khvalko; J. King; David P. Kirkby; A.M. Kulkarni; Akhil Kumar; Antony Lee; Daniel Lenz; S. P. Littlefair; Zhiyuan Ma; Duncan M. Macleod; M. Mastropietro; C. McCully; S. Montagnac; Brett M. Morris; Michael Mueller; Stuart Mumford; Demitri Muna; Nicholas A. Murphy; S. Nelson; Giang Hoang Nguyen,2018,The Astronomical Journal,10.3847/1538-3881/aabc4f,https://openalex.org/W2888532099,adjacent-subtopic,"Abstract The Astropy Project supports and fosters the development of open-source and openly developed Python packages that provide commonly needed functionality to the astronomical community. A key element of the Astropy Project is the core package astropy , which serves as the foundation for more specialized projects and packages. In this article, we provide an overview of the organization of the Astropy project and summarize key features in the core package, as of the recent major release, version 2.0. We then describe the project infrastructure designed to facilitate and support development for a broader ecosystem of interoperable packages. We conclude with a future outlook of planned new features and directions for the broader Astropy Project.",openalex,llm,0.970,unreviewed,,doi:10.3847/1538-3881/aabc4f
discarded,Imbalanced-learn: A Python Toolbox to Tackle the Curse of Imbalanced Datasets in Machine Learning,"Guillaume Lemaître; Nogueira, Fernando; Christos K. Aridas",2016,arXiv (Cornell University),10.48550/arxiv.1609.06570,https://openalex.org/W2521200999,off-topic-false-hit,"Imbalanced-learn is an open-source python toolbox aiming at providing a wide range of methods to cope with the problem of imbalanced dataset frequently encountered in machine learning and pattern recognition. The implemented state-of-the-art methods can be categorized into 4 groups: (i) under-sampling, (ii) over-sampling, (iii) combination of over- and under-sampling, and (iv) ensemble learning methods. The proposed toolbox only depends on numpy, scipy, and scikit-learn and is distributed under MIT license. Furthermore, it is fully compatible with scikit-learn and is part of the scikit-learn-contrib supported project. Documentation, unit tests as well as integration tests are provided to ease usage and contribution. The toolbox is publicly available in GitHub: https://github.com/scikit-learn-contrib/imbalanced-learn.",openalex,llm,0.990,unreviewed,,doi:10.48550/arxiv.1609.06570
discarded,"LAMMPS - a flexible simulation tool for particle-based materials modeling at the atomic, meso, and continuum scales",Aidan P. Thompson; Hasan Metin Aktulga; Richard A. Berger; Dan Bolintineanu; W. Michael Brown; Paul Crozier; Pieter J. in ’t Veld; Axel Kohlmeyer; Stan Moore; Trung Dac Nguyen; Ray Shan; Mark J. Stevens; Julien Tranchida; Christian Robert Trott; Steven J. Plimpton,2021,Computer Physics Communications,10.1016/j.cpc.2021.108171,https://openalex.org/W3201073812,off-topic-false-hit,"Since the classical molecular dynamics simulator LAMMPS was released as an open source code in 2004, it has become a widely-used tool for particle-based modeling of materials at length scales ranging from atomic to mesoscale to continuum. Reasons for its popularity are that it provides a wide variety of particle interaction models for different materials, that it runs on any platform from a single CPU core to the largest supercomputers with accelerators, and that it gives users control over simulation details, either via the input script or by adding code for new interatomic potentials, constraints, diagnostics, or other features needed for their models. As a result, hundreds of people have contributed new capabilities to LAMMPS and it has grown from fifty thousand lines of code in 2004 to a million lines today. In this paper several of the fundamental algorithms used in LAMMPS are described along with the design strategies which have made it flexible for both users and developers. We also highlight some capabilities recently added to the code which were enabled by this flexibility, including dynamic load balancing, on-the-fly visualization, magnetic spin dynamics models, and quantum-accuracy machine learning interatomic potentials. Program Title: Large-scale Atomic/Molecular Massively Parallel Simulator (LAMMPS) CPC Library link to program files: https://doi.org/10.17632/cxbxs9btsv.1 Developer's repository link: https://github.com/lammps/lammps Licensing provisions: GPLv2 Programming language: C++, Python, C, Fortran Supplementary material: https://www.lammps.org Nature of problem: Many science applications in physics, chemistry, materials science, and related fields require parallel, scalable, and efficient generation of long, stable classical particle dynamics trajectories. Within this common problem definition, there lies a great diversity of use cases, distinguished by different particle interaction models, external constraints, as well as timescales and lengthscales ranging from atomic to mesoscale to macroscopic. Solution method: The LAMMPS code uses parallel spatial decomposition, distributed neighbor lists, and parallel FFTs for long-range Coulombic interactions [1]. The time integration algorithm is based on the Størmer-Verlet symplectic integrator [2], which provides better stability than higher-order non-symplectic methods. In addition, LAMMPS supports a wide range of interatomic potentials, constraints, diagnostics, software interfaces, and pre- and post-processing features. Additional comments including restrictions and unusual features: This paper serves as the definitive reference for the LAMMPS code. S. Plimpton, Fast parallel algorithms for short-range molecular dynamics. J. Comp. Phys. 117 (1995) 1–19. L. Verlet, Computer experiments on classical fluids: I. Thermodynamical properties of Lennard–Jones molecules, Phys. Rev. 159 (1967) 98–103.",openalex,llm,0.990,unreviewed,,doi:10.1016/j.cpc.2021.108171
discarded,HDDM: Hierarchical Bayesian estimation of the Drift-Diffusion Model in Python,Thomas V. Wiecki; Imri Sofer; Michael J. Frank,2013,Frontiers in Neuroinformatics,10.3389/fninf.2013.00014,https://openalex.org/W2115971452,off-topic-false-hit,"The diffusion model is a commonly used tool to infer latent psychological processes underlying decision-making, and to link them to neural mechanisms based on response times. Although efficient open source software has been made available to quantitatively fit the model to data, current estimation methods require an abundance of response time measurements to recover meaningful parameters, and only provide point estimates of each parameter. In contrast, hierarchical Bayesian parameter estimation methods are useful for enhancing statistical power, allowing for simultaneous estimation of individual subject parameters and the group distribution that they are drawn from, while also providing measures of uncertainty in these parameters in the posterior distribution. Here, we present a novel Python-based toolbox called HDDM (hierarchical drift diffusion model), which allows fast and flexible estimation of the the drift-diffusion model and the related linear ballistic accumulator model. HDDM requires fewer data per subject/condition than non-hierarchical methods, allows for full Bayesian data analysis, and can handle outliers in the data. Finally, HDDM supports the estimation of how trial-by-trial measurements (e.g., fMRI) influence decision-making parameters. This paper will first describe the theoretical background of the drift diffusion model and Bayesian inference. We then illustrate usage of the toolbox on a real-world data set from our lab. Finally, parameter recovery studies show that HDDM beats alternative fitting methods like the χ(2)-quantile method as well as maximum likelihood estimation. The software and documentation can be downloaded at: http://ski.clps.brown.edu/hddm_docs/",openalex,llm,0.990,unreviewed,,doi:10.3389/fninf.2013.00014
discarded,powerlaw: A Python Package for Analysis of Heavy-Tailed Distributions,Jeff Alstott; Edward Thomas Bullmore; Dietmar Plenz,2014,PLoS ONE,10.1371/journal.pone.0085777,https://openalex.org/W2088856850,off-topic-false-hit,"Power laws are theoretically interesting probability distributions that are also frequently used to describe empirical data. In recent years, effective statistical methods for fitting power laws have been developed, but appropriate use of these techniques requires significant programming and statistical insight. In order to greatly decrease the barriers to using good statistical methods for fitting power law distributions, we developed the powerlaw Python package. This software package provides easy commands for basic fitting and statistical analysis of distributions. Notably, it also seeks to support a variety of user needs by being exhaustive in the options available to the user. The source code is publicly available and easily extensible.",openalex,llm,0.990,unreviewed,,doi:10.1371/journal.pone.0085777
discarded,iFeature : a Python package and web server for features extraction and selection from protein and peptide sequences,Zhen Chen; Pei Zhao; Fuyi Li; André Leier; Tatiana T. Marquez‐Lago; Yanan Wang; Geoffrey I. Webb; A. Ian Smith; Roger J. Daly; Kuo‐Chen Chou; Jiangning Song,2018,Bioinformatics,10.1093/bioinformatics/bty140,https://openalex.org/W2793168264,off-topic-false-hit,"Summary: Structural and physiochemical descriptors extracted from sequence data have been widely used to represent sequences and predict structural, functional, expression and interaction profiles of proteins and peptides as well as DNAs/RNAs. Here, we present iFeature, a versatile Python-based toolkit for generating various numerical feature representation schemes for both protein and peptide sequences. iFeature is capable of calculating and extracting a comprehensive spectrum of 18 major sequence encoding schemes that encompass 53 different types of feature descriptors. It also allows users to extract specific amino acid properties from the AAindex database. Furthermore, iFeature integrates 12 different types of commonly used feature clustering, selection and dimensionality reduction algorithms, greatly facilitating training, analysis and benchmarking of machine-learning models. The functionality of iFeature is made freely available via an online web server and a stand-alone toolkit. Availability and implementation: http://iFeature.erc.monash.edu/; https://github.com/Superzchen/iFeature/. Supplementary information: Supplementary data are available at Bioinformatics online.",openalex,llm,1.000,unreviewed,,doi:10.1093/bioinformatics/bty140
discarded,DScribe: Library of descriptors for machine learning in materials science,Lauri Himanen; Marc O. J. Jäger; Eiaki V. Morooka; Filippo Federici Canova; Yashasvi S. Ranawat; David Zhe Gao; Patrick Rinke; Adam Stuart Foster,2019,Computer Physics Communications,10.1016/j.cpc.2019.106949,https://openalex.org/W2976720228,off-topic-false-hit,"DScribe is a software package for machine learning that provides popular feature transformations (“descriptors”) for atomistic materials simulations. DScribe accelerates the application of machine learning for atomistic property prediction by providing user-friendly, off-the-shelf descriptor implementations. The package currently contains implementations for Coulomb matrix, Ewald sum matrix, sine matrix, Many-body Tensor Representation (MBTR), Atom-centered Symmetry Function (ACSF) and Smooth Overlap of Atomic Positions (SOAP). Usage of the package is illustrated for two different applications: formation energy prediction for solids and ionic charge prediction for atoms in organic molecules. The package is freely available under the open-source Apache License 2.0. Program Title: DScribe Program Files doi: http://dx.doi.org/10.17632/vzrs8n8pk6.1 Licensing provisions: Apache-2.0 Programming language: Python/C/C++ Supplementary material: Supplementary Information as PDF Nature of problem: The application of machine learning for materials science is hindered by the lack of consistent software implementations for feature transformations. These feature transformations, also called descriptors, are a key step in building machine learning models for property prediction in materials science. Solution method: We have developed a library for creating common descriptors used in machine learning applied to materials science. We provide an implementation the following descriptors: Coulomb matrix, Ewald sum matrix, sine matrix, Many-body Tensor Representation (MBTR), Atom-centered Symmetry Functions (ACSF) and Smooth Overlap of Atomic Positions (SOAP). The library has a python interface with computationally intensive routines written in C or C++. The source code, tutorials and documentation are provided online. A continuous integration mechanism is set up to automatically run a series of regression tests and check code coverage when the codebase is updated.",openalex,llm,1.000,unreviewed,,doi:10.1016/j.cpc.2019.106949
discarded,Python reference manual,Guido van Rossum,1995,"Centrum Wiskunde & Informatica (CWI), the national research institute for mathematics and computer science in the Netherlands",,https://openalex.org/W2145691535,adjacent-subtopic,"Python is a simple, yet powerful, interpreted programming language that bridges the gap between C and shell programming, and is thus ideally suited for ``throw-away programming'' and rapid prototyping. Its syntax is put together from constructs borrowed from a variety of other languages; most prominent are influences from ABC, C, Modula-3 and Icon. The Python interpreter is easily extended with new functions and data types implemented in C. Python is also suitable as an extension language for highly customizable C applications such as editors or window managers. Python is available for various operating systems, amongst which several flavors of UNIX (including Linux), the Apple Macintosh O.S., MS-DOS, MS-Windows 3.1, Windows NT, and OS/2. This reference manual describes the syntax and ``core semantics'' of the language. It is terse, but attempts to be exact and complete. The semantics of non-essential built-in object types and of the built-in functions and modules are described in the Python Library Reference. For an informal introduction to the language, see the Python Tutorial.",openalex,llm,0.840,unreviewed,,hash:747960212c659dff
discarded,AllergenFP: allergenicity prediction by descriptor fingerprints,Ivan Dimitrov; Lyudmila Naneva; Irini Atanas Doytchinova; Ivan P. Bangov,2013,Bioinformatics,10.1093/bioinformatics/btt619,https://openalex.org/W2151932306,off-topic-false-hit,"MOTIVATION: Allergenicity, like antigenicity and immunogenicity, is a property encoded linearly and non-linearly, and therefore the alignment-based approaches are not able to identify this property unambiguously. A novel alignment-free descriptor-based fingerprint approach is presented here and applied to identify allergens and non-allergens. The approach was implemented into a four step algorithm. Initially, the protein sequences are described by amino acid principal properties as hydrophobicity, size, relative abundance, helix and β-strand forming propensities. Then, the generated strings of different length are converted into vectors with equal length by auto- and cross-covariance (ACC). The vectors were transformed into binary fingerprints and compared in terms of Tanimoto coefficient. RESULTS: The approach was applied to a set of 2427 known allergens and 2427 non-allergens and identified correctly 88% of them with Matthews correlation coefficient of 0.759. The descriptor fingerprint approach presented here is universal. It could be applied for any classification problem in computational biology. The set of E-descriptors is able to capture the main structural and physicochemical properties of amino acids building the proteins. The ACC transformation overcomes the main problem in the alignment-based comparative studies arising from the different length of the aligned protein sequences. The conversion of protein ACC values into binary descriptor fingerprints allows similarity search and classification. AVAILABILITY AND IMPLEMENTATION: The algorithm described in the present study was implemented in a specially designed Web site, named AllergenFP (FP stands for FingerPrint). AllergenFP is written in Python, with GIU in HTML. It is freely accessible at http://ddg-pharmfac.net/Allergen FP. CONTACT: idoytchinova@pharmfac.net or ivanbangov@shu-bg.net.",openalex,llm,1.000,unreviewed,,doi:10.1093/bioinformatics/btt619
