status,title,authors,year,venue,doi,url,tags,abstract,provider,decision_source,llm_confidence,llm_review_outcome,llm_change_direction,paper_id
discarded,Toward a Smell-Aware Bug Prediction Model,Fabio Palomba; Marco Zanoni; Francesca Arcelli Fontana; Andrea De Lucia; Rocco Oliveto,2017,IEEE Transactions on Software Engineering,10.1109/tse.2017.2770122,https://openalex.org/W2593156329,adjacent-subtopic,"Code smells are symptoms of poor design and implementation choices. Previous studies empirically assessed the impact of smells on code quality and clearly indicate their negative impact on maintainability, including a higher bug-proneness of components affected by code smells. In this paper, we capture previous findings on bug-proneness to build a specialized bug prediction model for smelly classes. Specifically, we evaluate the contribution of a measure of the severity of code smells (i.e., code smell intensity) by adding it to existing bug prediction models based on both product and process metrics, and comparing the results of the new model against the baseline models. Results indicate that the accuracy of a bug prediction model increases by adding the code smell intensity as predictor. We also compare the results achieved by the proposed model with the ones of an alternative technique which considers metrics about the history of code smells in files, finding that our model works generally better. However, we observed interesting complementarities between the set of buggy and smelly classes correctly classified by the two models. By evaluating the actual information gain provided by the intensity index with respect to the other metrics in the model, we found that the intensity index is a relevant feature for both product and process metrics-based models. At the same time, the metric counting the average number of code smells in previous versions of a class considered by the alternative model is also able to reduce the entropy of the model. On the basis of this result, we devise and evaluate a smell-aware combined bug prediction model that included product, process, and smell-related features. We demonstrate how such model classifies bug-prone code components with an F-Measure at least 13 percent higher than the existing state-of-the-art models.",openalex,llm,0.990,unreviewed,,doi:10.1109/tse.2017.2770122
discarded,Empirical Evaluation of the Energy Impact of Refactoring Code Smells,Roberto Verdecchia; René Aparicio Saez; Giuseppe Procaccianti; Patricia Lago,2018,EPiC series in computing,10.29007/dz83,https://openalex.org/W2795015657,adjacent-subtopic,"Software energy efficiency has gained increasing attention of the research community. How to improve it, however, still lacks evidence. Specifically, the impact of code smell refactoring on energy efficiency has been scarcely investigated. In the pilot study here reported, we investigate the impact on performance and energy consumption of refactoring well-known code smells on Java software applications. In order to understand if software metrics can be used as indicators of the energy impact of refactoring, we also measured the variation caused by refactoring on a set of well-established software metrics. We conducted a controlled experiment using state-of-the-art power measurement equipment. Statistical hypothesis testing and effect size estimation were performed on the experimental results. Results show that in one out of three applications, refactoring each smell significantly impacted power- and energy consumption. Specifically, refactoring Feature Envy and Long Method smells led to a 49% energy efficiency improvement. No software metrics significantly correlated with execution time, power or energy consumption. In conclusion, refactoring code smells can significantly improve software energy efficiency. The magnitude of the impact may depend on application properties, e.g. size or age. Further research is needed to understand the relationship between software metrics and energy efficiency.",openalex,llm,0.980,unreviewed,,doi:10.29007/dz83
discarded,A Systematic Literature Review on the Code Smells Datasets and Validation Mechanisms,Morteza Zakeri Nasrabadi; Saeed Parsa; Ehsan Esmaili; Fabio Palomba,2023,ACM Computing Surveys,10.1145/3596908,https://openalex.org/W4376505268,adjacent-subtopic,"The accuracy reported for code smell-detecting tools varies depending on the dataset used to evaluate the tools. Our survey of 45 existing datasets reveals that the adequacy of a dataset for detecting smells highly depends on relevant properties such as the size, severity level, project types, number of each type of smell, number of smells, and the ratio of smelly to non-smelly samples in the dataset. Most existing datasets support God Class, Long Method, and Feature Envy, while six smells in Fowler and Beck's catalog are not supported by any datasets. We conclude that existing datasets suffer from imbalanced samples, lack of supporting severity level, and restriction to Java language.",openalex,llm,0.990,unreviewed,,doi:10.1145/3596908
discarded,MORE: A multi‐objective refactoring recommendation approach to introducing design patterns and fixing code smells,Ali Ouni; Marouane Kessentini; Mel Ó Cinnéide; Houari A. Sahraoui; Kalyanmoy Deb; Katsuro Inoue,2017,Journal of Software Evolution and Process,10.1002/smr.1843,https://openalex.org/W2592568457,adjacent-subtopic,"Refactoring is widely recognized as a crucial technique applied when evolving object‐oriented software systems. If applied well, refactoring can improve different aspects of software quality including readability, maintainability, and extendibility. However, despite its importance and benefits, recent studies report that automated refactoring tools are underused much of the time by software developers. This paper introduces an automated approach for refactoring recommendation, called MORE, driven by 3 objectives: (1) to improve design quality (as defined by software quality metrics), (2) to fix code smells, and (3) to introduce design patterns. To this end, we adopt the recent nondominated sorting genetic algorithm, NSGA‐III, to find the best trade‐off between these 3 objectives. We evaluated the efficacy of our approach using a benchmark of 7 medium and large open‐source systems, 7 commonly occurring code smells (god class, feature envy, data class, spaghetti code, shotgun surgery, lazy class, and long parameter list), and 4 common design pattern types (visitor, factory method, singleton, and strategy). Our approach is empirically evaluated through a quantitative and qualitative study to compare it against 3 different state‐of‐the art approaches, 2 popular multiobjective search algorithms, and random search. The statistical analysis of the results confirms the efficacy of our approach in improving the quality of the studied systems while successfully fixing 84% of code smells and introducing an average of 6 design patterns. In addition, the qualitative evaluation shows that most of the suggested refactorings (an average of 69%) are considered by developers to be relevant and meaningful.",openalex,llm,0.980,unreviewed,,doi:10.1002/smr.1843
discarded,Machine Learning-Based Methods for Code Smell Detection: A Survey,Pravin Singh Yadav; Rajwant Singh Rao; Alok Mishra; Manjari Gupta,2024,Applied Sciences,10.3390/app14146149,https://openalex.org/W4400642180,adjacent-subtopic,"Code smells are early warning signs of potential issues in software quality. Various techniques are used in code smell detection, including the Bayesian approach, rule-based automatic antipattern detection, antipattern identification utilizing B-splines, Support Vector Machine direct, SMURF (Support Vector Machines for design smell detection using relevant feedback), and immune-based detection strategy. Machine learning (ML) has taken a great stride in this area. This study includes relevant studies applying ML algorithms from 2005 to 2024 in a comprehensive manner for the survey to provide insight regarding code smell, ML algorithms frequently applied, and software metrics. Forty-two pertinent studies allow us to assess the efficacy of ML algorithms on selected datasets. After evaluating various studies based on open-source and project datasets, this study evaluated additional threats and obstacles to code smell detection, such as the lack of standardized code smell definitions, the difficulty of feature selection, and the challenges of handling large-scale datasets. The current studies only considered a few factors in identifying code smells, while in this study, several potential contributing factors to code smells are included. Several ML algorithms are examined, and various approaches, datasets, dataset languages, and software metrics are presented. This study provides the potential of ML algorithms to produce better results and fills a gap in the body of knowledge by providing class-wise distributions of the ML algorithms. Support Vector Machine, J48, Naive Bayes, and Random Forest models are the most common for detecting code smells. Researchers can find this study helpful in better anticipating and taking care of software development design and implementation issues. The findings from this study, which highlight the practical implications of ML algorithms in software quality improvement, will help software engineers fix problems during software design and development to ensure software quality.",openalex,llm,0.990,unreviewed,,doi:10.3390/app14146149
discarded,Context‐based approach to prioritize code smells for prefactoring,Natthawute Sae‐Lim; Shinpei Hayashi; Motoshi Saeki,2017,Journal of Software Evolution and Process,10.1002/smr.1886,https://openalex.org/W2754460963,adjacent-subtopic,"Existing techniques for detecting code smells (indicators of source code problems) do not consider the current context, which renders them unsuitable for developers who have a specific context, such as modules within their focus. Consequently, the developers must spend time identifying relevant smells. We propose a technique to prioritize code smells using the developers' context. Explicit data of the context are obtained using a list of issues extracted from an issue tracking system. We applied impact analysis to the list of issues and used the results to specify the context‐relevant smells. Results show that our approach can provide developers with a list of prioritized code smells related to their current context. We conducted several empirical studies to investigate the characteristics of our technique and factors that might affect the ranking quality. Additionally, we conducted a controlled experiment with professional developers to evaluate our technique. The results demonstrate the effectiveness of our technique.",openalex,llm,0.990,unreviewed,,doi:10.1002/smr.1886
discarded,Utilising Code Smells to Detect Quality Problems in TTCN-3 Test Suites,Helmut Neukirchen; Martin Bisanz,2007,Lecture notes in computer science,10.1007/978-3-540-73066-8_16,https://openalex.org/W1556297068,adjacent-subtopic,,openalex,llm,0.840,unreviewed,,doi:10.1007/978-3-540-73066-8_16
discarded,5G Technology: Towards Dynamic Spectrum Sharing Using Cognitive Radio Networks,Wan Siti Halimatul Munirah Wan Ahmad; Nurul Asyikin Mohamed Radzi; Faris Syahmi Samidi; Aiman Ismail; Fairuz Abdullah; M. Z. Jamaludin; Mohd Nasim Zakaria,2020,IEEE Access,10.1109/access.2020.2966271,https://openalex.org/W2998755892,off-topic-false-hit,"The explosive popularity of small-cell and Internet of Everything devices has tremendously increased traffic loads. This increase has revolutionised the current network into 5G technology, which demands increased capacity, high data rate and ultra-low latency. Two of the research focus areas for meeting these demands are exploring the spectrum resource and maximising the utilisation of its bands. However, the scarcity of the spectrum resource creates a serious challenge in achieving an efficient management scheme. This work aims to conduct an in-depth survey on recent spectrum sharing (SS) technologies towards 5G development and recent 5G-enabling technologies. SS techniques are classified, and SS surveys and related studies on SS techniques relevant to 5G networks are reviewed. The surveys and studies are categorised into one of the main SS techniques on the basis of network architecture, spectrum allocation behaviour and spectrum access method. Moreover, a detailed survey on cognitive radio (CR) technology in SS related to 5G implementation is performed. For a complete survey, discussions are conducted on the issues and challenges in the current implementation of SS and CR, and the means to support efficient 5G advancement are provided.",openalex,llm,0.990,unreviewed,,doi:10.1109/access.2020.2966271
discarded,Bi-code channel access method for ad hoc networks,Jarmo Prokkola; Timo Bräysy,2005,,10.1109/isssta.2004.1371698,https://openalex.org/W2129676024,off-topic-false-hit,"Ad hoc networks operate conventionally on a contention based common channel where harmful collisions bring problems with increasing traffic load. The use of code division multiple access (CDMA) increases the capacity by allowing multiple successful transmissions simultaneously within the limits of multiple access interference (MAI). However, so far, most of the studies on CDMA ad hoc networking have concentrated on complex schemes like transmitter based orthogonal coding. This paper takes a cross-layered design approach for ad hoc networking, and proposes a CDMA-based bi-code channel access methods. In this method, two channels are tracked at the receiver. One is used as a dedicated receiver based channel for robust data transmission, and the other is used as a common access channel. It is shown that this method outperforms traditional methods and still is easy to implement over different platforms, robust for the design parameters and different conditions while maintaining the original idea of ad hoc networking.",openalex,llm,0.990,unreviewed,,doi:10.1109/isssta.2004.1371698
discarded,"Research Trends, Detection Methods, Practices, and Challenges in Code Smell: SLR",Muhammad Anis Al Hilmi; Alifia Puspaningrum; Darsih; Daniel Siahaan; Hernawati Susanti Samosir; Amelia Sahira Rahma,2023,IEEE Access,10.1109/access.2023.3334258,https://openalex.org/W4388755800,adjacent-subtopic,"Context: A code smell indicates a flaw in the design, implementation, or maintenance process that could degrade the software’s quality and potentially cause future disruptions. Since being introduced by Beck and Fowler, the term code smell has attracted several studies from researchers and practitioners. However, over time, studies are needed to discuss whether this issue is still interesting and relevant. Objective: Conduct a thorough systematic literature review to learn the most recent state of the art for studying code smells, including detection methods, practices, and challenges. Also, an overview of trends and future relevance of the topic of code smell, whether it is still developing, or if there has been a shift in the discussion. Method: The search methodology was employed to identify pertinent scholarly articles from reputable databases such as ScienceDirect, IEEE Xplore, ACM Digital Library, SpringerLink, ProQuest, and CiteSeerX. The application of inclusion and exclusion criteria serves to filter the search results. In addition, forward and backward snowballing techniques are employed to enhance the comprehensiveness of the results. Results: The inquiry yielded 354 scholarly articles published over the timeframe spanning from January 2013 to July 2022. After inclusion, exclusion, and snowballing techniques were applied, 69 main studies regarding code smells were identified. Many researchers focus on detecting code smells, primarily via machine learning techniques and, to a lesser extent, deep learning methods. Additional subjects encompass the ramifications of code smells; code smells within specific contexts, the correlation between code smells and software metrics, and facets about security, refactoring, and development habits. Contexts and types of code smells vary in the focus of the study. Some tools used are Jspirit, aDoctor, CAME, and SonarQube. The study also explores the concept of design smells and anti-pattern detection. While a singular dominating technique to code smell detection has yet to be thoroughly investigated, other aspects of code smell detection remain that still need to be examined. Conclusion: The findings underscore scholarly attention’s evolution towards code smells over the years. This study identified significant journals and conferences and influential researchers in this field. The detection methods used include empirical, machine learning, and deep learning. However, challenges include subjective interpretation and limited contextual applicability.",openalex,llm,0.970,unreviewed,,doi:10.1109/access.2023.3334258
discarded,Access methods for Big Data: current status and future directions,Ayesha Rashid,2017,ICST Transactions on Scalable Information Systems,10.4108/eai.28-12-2017.153520,https://openalex.org/W2781549732,off-topic-false-hit,"Heterogeneity, size, timeliness, difficulty & confidentiality problems with Big Data hinder advancement at all phases of the channel that can create value from data. Data analysis, organization, retrieval & modeling are initial challenges for Big Data. Data investigation is a clear traffic jam in m",openalex,llm,0.960,unreviewed,,doi:10.4108/eai.28-12-2017.153520
discarded,Anti-Pattern Scanner: An Approach to Detect Anti-Patterns and Design Violations,Ruben Wieman,2011,Research Repository (Delft University of Technology),,https://openalex.org/W9023122,adjacent-subtopic,"In this Master's Thesis Project, two Code Smells, four Anti-Patterns and four types of Design Principle violations have been examined. We developed a detection program called the Anti-Pattern Scanner. This scanner has been used in an empirical evaluation where five open-source Java projects have been examined and scanned for these `pattern' problems. The results are that the examined problems generally do occur in software systems. The problems are estimated to be inconvenient to software development, depending on the strength of their presence. Based on the Anti-Pattern Scanner and the results from this evaluation, suggestions for follow-up studies are offered.",openalex,llm,0.940,unreviewed,,hash:ba1a374ad9de8bf4
discarded,The detrimental effects of lead on human and animal health,Mohammed Abdulrazzaq Assi; Mohd Hezmee Mohd Noor; Abd Wahid Haron; Mohd Yusof Sabri; Mohd Ali Rajion,2016,Veterinary World,10.14202/vetworld.2016.660-671,https://openalex.org/W2467357685,off-topic-false-hit,"Lead, a chemical element in the carbon group with symbol Pb (from Latin: Plumbum, meaning ""the liquid silver"") and has an atomic number 82 in the periodic table. It was the first element that was characterized by its kind of toxicity. In animal systems, lead (Pb) has been incriminated in a wide spectrum of toxic effects and it is considered one of the persistent ubiquitous heavy metals. Being exposed to this metal could lead to the change of testicular functions in human beings as well as in the wildlife. The lead poising is a real threat to the public health, especially in the developing countries. Accordingly, great efforts on the part of the occupational and public health have been taken to curb the dangers of this metal. Hematopoietic, renal, reproductive, and central nervous system are among the parts of the human body and systems that are vulnerable toward the dangers following exposure to high level of Pb. In this review, we discussed the massive harmful impact that leads acetate toxicity has on the animals and the worrying fact that this harmful toxicant can be found quite easily in the environment and abundance. Highlighting its (Pb) effects on various organs in the biological systems, its economic, as well as scientific importance, with the view to educate the public/professionals who work in this area. In this study, we focus on the current studies and research related to lead toxicity in animals and also to a certain extent toward human as well.",openalex,llm,1.000,unreviewed,,doi:10.14202/vetworld.2016.660-671
