status,title,authors,year,venue,doi,url,tags,abstract,provider,decision_source,llm_confidence,llm_review_outcome,llm_change_direction,paper_id
discarded,Automated Pattern-Based Recommendation for Improving API Operation Performance and Reliability in Cloud-Based Architectures,A.E. Malki,2023,Proceedings 2023 IEEE International Conference on Software Services Engineering Sse 2023,10.1109/SSE60056.2023.00021,https://www.scopus.com/inward/record.uri?partnerID=HzOxMe3b&scp=85173571830&origin=inward,adjacent-subtopic,"The extensive use of APIs as the entry point to many Cloud-based applications has created challenging problems, especially concerning API quality properties such as performance and reliability. API best practices and patterns, such as bundling requests, rate limiting, or load balancing, have been proposed to solve these challenges. Unfortunately, no study investigating the impact of existing API practices and patterns on such quality properties exists beyond informal recommendations. In this paper, we fill this gap by proposing a pattern-based, automated recommendation approach to improve the performance and reliability of API operations. We provide a benchmark suite based on a realistic open-source microservice application to enable the automatic generation of comprehensive decision tree models. These models are then processed to generate API design recommendation algorithms to improve API operations regarding performance and reliability stored in catalogs for reuse. We validate our algorithms using extensive data sets generated by running the benchmark on a private cloud and AWS. For both environments, based on the decision tree models automatically generated from the measured data, API design recommendation algorithms have been calculated using our approach.",scopus,llm,0.970,unreviewed,,doi:10.1109/sse60056.2023.00021
discarded,Mining the Usage of Reactive Programming APIs: A Study on GitHub and Stack Overflow,C. Zimmerle,2022,Proceedings 2022 Mining Software Repositories Conference MSR 2022,10.1145/3524842.3527966,https://www.scopus.com/inward/record.uri?partnerID=HzOxMe3b&scp=85134004827&origin=inward,adjacent-subtopic,"Conventionally, callbacks and inversion of control have been the main tools to structure event-driven applications. Sadly, those patterns constitute a well-known source of design problems. The Reactive Programming (RP) paradigm has arisen as an approach to mitigate these problems. Yet, little evidence has been provided regarding the advantages of RP, and concerns have also arisen about the API usability of RP libraries given their disparate number of operators. In this work, we conduct a study on GitHub (GH) and Stack Overflow (SO) and explore three Reactive Extensions (Rx) libraries (RxJava, RxJS, and RxSwift) with the most GH projects to understand how much the vast Rx operators are being used. Also, we examine Rx SO posts to complement the results from the GH exploration by understanding the problems faced by RP developers and how they relate with the operators' frequencies found in open source projects. Results reveal that, in spite of its API size, the great majority of the Rx operators are actually being used (95.2%), with only a few, mostly related to RxJava, not being utilized. Also, we unveil 23 topics from SO with more posts concerning the Stream Abstraction (36.4%). Posts related to Dependency Management, Introductory Questions, and iOS Development figure as relevant topics to the community. The findings herein present can not only stimulate advancements in the field by understanding the usage of RP API and the main problems faced by developers, but also help newcomers in identifying the most important operators and the areas that are the most likely to be relevant for a RP application.",scopus,llm,0.950,unreviewed,,doi:10.1145/3524842.3527966
discarded,API Design based on HL7 standard to interoperability of medical information systems,I.A. Juárez,2022,Applications in Software Engineering Proceedings of the 11th International Conference on Software Process Improvement Cimps 2022,10.1109/CIMPS57786.2022.10035566,https://www.scopus.com/inward/record.uri?partnerID=HzOxMe3b&scp=85148691251&origin=inward,adjacent-subtopic,"Currently, the information of the clinical records that can be obtained from the health systems in Mexico is disaggregated and without the possibility of immediate access, this lack of information affects the medical service to formulate timely diagnoses and adequate follow-up. Based on the HL7 standard focused on the interoperability of data between medical systems in version 3, the design of an API capable of exchanging data belonging to the clinical history of patients entitled to any dependency of the health sector was carried out. The HL7-CDA substandard has been selected, which, due to its semantic characteristics, is currently the most used in this field of medical informatics, since among other advantages it allows solving one of the most important challenges for the exchange of information, which is the heterogeneity with which the different information systems are built. The design has focused on establishing a portable and efficient API, through a semantic and object- oriented approach, thus an architecture has been proposed through design patterns, which allow the creation of a system capable of generating objects at runtime, in combination with the Fog index as readability metrics, for the evaluation and incorporation of the contents of the clinical files of the patients.",scopus,llm,0.970,unreviewed,,doi:10.1109/cimps57786.2022.10035566
discarded,Large-scale timer hardware analysis for a flexible low-level timer-API design: work-in-progress,N. Gandraß,2021,Proceedings 2021 International Conference on Embedded Software Emsoft 2021,10.1145/3477244.3477617,https://www.scopus.com/inward/record.uri?partnerID=HzOxMe3b&scp=85117467879&origin=inward,adjacent-subtopic,"We report on our ongoing development of an optimized low-level timer-API for the RIOT operating system. Starting with a survey of hardware timer peripherals from 43 MCU-families and 8 manufacturers, we identify common properties and differences of all available timer types. Based on this hardware analysis, we propose a lightweight yet powerful low-level timer-API design. It streamlines existing timer interfaces and relieves application developers from the error-prone task of repeatedly writing additional peripheral driver code.",scopus,llm,0.950,unreviewed,,doi:10.1145/3477244.3477617
discarded,"Workflows in AiiDA: Engineering a high-throughput, event-based engine for robust and modular computational workflows",M. Uhrin,2021,Computational Materials Science,10.1016/j.commatsci.2020.110086,https://www.scopus.com/inward/record.uri?partnerID=HzOxMe3b&scp=85096159747&origin=inward,adjacent-subtopic,"Over the last two decades, the field of computational science has seen a dramatic shift towards incorporating high-throughput computation and big-data analysis as fundamental pillars of the scientific discovery process. This has necessitated the development of tools and techniques to deal with the generation, storage and processing of large amounts of data. In this work we present an in-depth look at the workflow engine powering AiiDA, a widely adopted, highly flexible and database-backed informatics infrastructure with an emphasis on data reproducibility. We detail many of the design choices that were made which were informed by several important goals: the ability to scale from running on individual laptops up to high-performance supercomputers, managing jobs with runtimes spanning from fractions of a second to weeks and scaling up to thousands of jobs concurrently, and all this while maximising robustness. In short, AiiDA aims to be a Swiss army knife for high-throughput computational science. As well as the architecture, we outline important API design choices made to give workflow writers a great deal of liberty whilst guiding them towards writing robust and modular workflows, ultimately enabling them to encode their scientific knowledge to the benefit of the wider scientific community.",scopus,llm,0.980,unreviewed,,doi:10.1016/j.commatsci.2020.110086
discarded,A File-Based Linked Data Fragments Approach to Prefix Search,R. Dedecker,2021,Lecture Notes in Computer Science,10.1007/978-3-030-74296-6_5,https://www.scopus.com/inward/record.uri?partnerID=HzOxMe3b&scp=85111125278&origin=inward,adjacent-subtopic,"Text-fields that need to look up specific entities in a dataset can be equipped with autocompletion functionality. When a dataset becomes too large to be embedded in the page, setting up a full-text search API is not the only alternative. Alternate API designs that balance different trade-offs such as archivability, cacheability and privacy, may not require setting up a new back-end architecture. In this paper, we propose to perform prefix search over a fragmentation of the dataset, enabling the client to take part in the query execution by navigating through the fragmented dataset. Our proposal consists of (i) a self-describing fragmentation strategy, (ii) a client search algorithm, and (iii) an evaluation of the proposed solution, based on a small dataset of 73k entities and a large dataset of 3.87m entities. We found that the server cache hit ratio is three times higher compared to a server-side prefix search API, at the cost of a higher bandwidth consumption. Nevertheless, an acceptable user-perceived performance has been measured: assuming 150 ms as an acceptable waiting time between keystrokes, this approach allows 15 entities per prefix to be retrieved in this interval. We conclude that an alternate set of trade-offs has been established for specific prefix search use cases: having added more choice to the spectrum of Web APIs for autocompletion, a file-based approach enables more datasets to afford prefix search.",scopus,llm,0.970,unreviewed,,doi:10.1007/978-3-030-74296-6_5
discarded,NONLINEAR FINITE ELEMENT MODELING AND EXPERIMENTAL VALIDATION OF ADVANCED HIGH FATIGUE STRENGTH THREADED CONNECTIONS FOR SUCKER ROD PUMPING APPLICATIONS,F. Song,2021,ASME International Mechanical Engineering Congress and Exposition Proceedings Imece,10.1115/IMECE2021-72196,https://www.scopus.com/inward/record.uri?partnerID=HzOxMe3b&scp=85124395999&origin=inward,off-topic-false-hit,"
 Rod pump systems can be the most commonly used artificial lift technology for oil production. A rod pump system that brings underground oil to the earth’s surface consists of a prime mover, a surface pump, a sucker rod string, and a downhole pump. A pin at each end of the rod and a box coupling are threaded together to connect the sucker rod and form the rod string. The sucker rod string acts as the connecting link between the surface pumping unit and the subsurface rod pump. The loads generated from the reciprocating upstroke and downstroke motions could impose a risk of fatigue failure in the sucker rod connections with cyclic tensile stresses. The increasingly harsh field operational conditions that require deeper wells and higher production are pushing the connections to their limits. As a result, failures of the standard API (the American Petroleum Institute) sucker rod connections are becoming increasingly more frequent. The resulting rod string failures are expensive to repair because the whole string must be disassembled and removed so that the failed rod can be accessed, and the rod string must then be reassembled. Such high repair cost is unaffordable for the wells with low production rates. Therefore, there is a strong demand for having a threaded connection design with high fatigue strength that is suitable for sucker rod pumping applications.
 To enable a long service life and to reduce cost of service delivery caused by frequent repairs, an advanced rod pump threaded connection design with significantly improved fatigue resistance over the standard API design has been developed and experimentally qualified. Modeling and simulation techniques had been extensively used to drive the design and qualification process. The newly developed connection design is featured by an optimized thread form and stress relief groove, and an advanced manufacturing process. Nonlinear finite element analysis (FEA) was extensively utilized to predict the fatigue resistance of the threaded connection with makeup torque and service stroke loads, and to explore and optimize the designs of the threads and stress relief feature prior to physical prototyping and testing. The FEA models had favorably predicted the performance of the new design, which was later experimentally validated through full-scale axial and rotary bending fatigue tests, respectively. The work presented in the paper sets a successful example of model-driven design, which can significantly shorten the development time and cost. The newly developed high fatigue strength sucker rod connections have great potential for mitigating the risk of rod string failures during pumping operations and therefore improving operational reliability for both beam and progressing cavity pumping systems.",scopus,llm,1.000,unreviewed,,doi:10.1115/imece2021-72196
discarded,Vibration diagnosis of turbomachinery coupled with induction motor,G. Krishnareddy,2020,Vibroengineering Procedia,10.21595/vp.2020.21768,https://www.scopus.com/inward/record.uri?partnerID=HzOxMe3b&scp=85097610718&origin=inward,off-topic-false-hit,"This paper is focusing on diagnosis for longitudinal and radial vibrations of turbomachinery coupled with induction motors. In this context, extensive field vibration measurements are conducted and analysed to identify the source of predominant vibrations on rotor bearing system in a chosen centrifugal compressor in the radial and longitudinal directions. As a first step, the measured overall vibration levels at multiple locations on bearing surface are compared with the existing ISO standard limits. These measurements showed severe longitudinal vibration values and failure of thrust collar assembly which were not considered in turbomachinery (API) design standards. The second step in diagnosis for vibration spectrum measurements are conducted both in longitudinal and radial directions during transient and steady state operations to find the vibration source and thrust collar assembly failure mechanism. This study on vibration diagnosis and analysis on turbomachinery is useful in correcting the severe longitudinal vibrations and damage control measures and corrections associated with static eccentric airgaps through motor air gap diagram.",scopus,llm,1.000,unreviewed,,doi:10.21595/vp.2020.21768
discarded,Towards an API for the real numbers,H.J. Boehm,2020,Proceedings of the ACM SIGPLAN Conference on Programming Language Design and Implementation PLDI,10.1145/3385412.3386037,https://www.scopus.com/inward/record.uri?partnerID=HzOxMe3b&scp=85086827851&origin=inward,adjacent-subtopic,"The real numbers are pervasive, both in daily life, and in mathematics. Students spend much time studying their properties. Yet computers and programming languages generally provide only an approximation geared towards performance, at the expense of many of the nice properties we were taught in high school. Although this is entirely appropriate for many applications, particularly those that are sensitive to arithmetic performance in the usual sense, we argue that there are others where it is a poor choice. If arithmetic computations and result are directly exposed to human users who are not floating point experts, floating point approximations tend to be viewed as bugs. For applications such as calculators, spreadsheets, and various verification tasks, the cost of precision sacrifices is high, and the performance benefit is often not critical. We argue that previous attempts to provide accurate and understandable results for such applications using the recursive reals were great steps in the right direction, but they do not suffice. Comparing recursive reals diverges if they are equal. In many cases, comparison of numbers, including equal ones, is both important, particularly in simple cases, and intractable in the general case. We propose an API for a real number type that explicitly provides decidable equality in the easy common cases, in which it is often unnatural not to. We describe a surprisingly compact and simple implementation in detail. The approach relies heavily on classical number theory results. We demonstrate the utility of such a facility in two applications: testing floating point functions, and to implement arithmetic in Google's Android calculator application.",scopus,llm,0.940,unreviewed,,doi:10.1145/3385412.3386037
discarded,Generating a Generic Fluent API in Java,T. Nakamaru,2020,Art Science and Engineering of Programming,10.22152/programming-journal.org/2020/4/9,https://www.scopus.com/inward/record.uri?partnerID=HzOxMe3b&scp=85093672072&origin=inward,adjacent-subtopic,"Context: The algorithms for generating a safe fluent API are actively studied these years. A safe fluent API is the fluent API that reports incorrect chaining of the API methods as a type error to the API users. Although such a safe property improves the productivity of its users, the construction of a safe fluent API is too complicated for the developers. The generation algorithms are studied to reduce the development cost of a safe fluent API. The study on the generation would benefit a number of programmers since a fluent API is a popular design in the real world. 
Inquiry: The generation of a generic fluent API has been left untackled. A generic fluent API refers to the fluent API that provides generic methods (methods that contain type parameters in their definitions). The Stream API in Java is an example of such a generic API. The recent research on the safe fluent API generation rather focuses on the grammar class that the algorithm can deal with for syntax checking. The key idea of the previous study is to use nested generics to represent a stack structure for the parser built on top of the type system. In that idea, the role of a type parameter was limited to internally representing a stack element of that parser on the type system. The library developers could not use type parameters to include a generic method in their API so that the semantic constraints for their API would be statically checked, for example, the type constraint on the items passed through a stream. 
Approach: We propose an algorithm to generate a generic fluent API. Our translation algorithm is modeled as the construction of deterministic finite automaton (DFA) with type parameter information. Each state of the DFA holds information about which type parameters are already bound in that state. This information is used to identify whether a method invocation in a chain newly binds a type to a type parameter, or refers to a previously bound type. The identification is required since a type parameter in a chain is bound at a particular method invocation, and that bound type is referred to in the following method invocations. Our algorithm constructs the DFA by analyzing the binding time of type parameters and their propagation among the states in a DFA that is naively constructed from the given grammar. 
Knowledge and Importance: Our algorithm helps library developers to develop a generic fluent API. The ability to generate a generic fluent API is essential to bring the safe fluent API generation to the real world since the use of type parameters is a common technique in the library API design. By our algorithm, the generation of a safe fluent API will be ready for practical use. 
Grounding: We implemented a generator named Protocool to demonstrate our algorithm. We also generated several libraries using Protocool to show the ability and the limitations of our algorithm.",scopus,llm,0.960,unreviewed,,doi:10.22152/programming-journal.org/2020/4/9
discarded,API design implications of boilerplate client code,D. Nam,2019,Proceedings 2019 34th IEEE ACM International Conference on Automated Software Engineering Ase 2019,10.1109/ASE.2019.00153,https://www.scopus.com/inward/record.uri?partnerID=HzOxMe3b&scp=85078947782&origin=inward,adjacent-subtopic,"Designing usable APIs is critical to developers' productivity and software quality but is quite difficult. In this paper, I focus on ""boilerplate"" code, sections of code that have to be included in many places with little or no alteration, which many experts in API design have said can be an indicator of API usability problems. I investigate what properties make code count as boilerplate, and present a novel approach to automatically mine boilerplate code from a large set of client code. The technique combines an existing API usage mining algorithm, with novel filters using AST comparison and graph partitioning. With boilerplate candidates identified by the technique, I discuss how this technique could help API designers in reviewing their design decisions and identifying usability issues.",scopus,llm,0.840,unreviewed,,doi:10.1109/ase.2019.00153
