status,title,authors,year,venue,doi,url,tags,abstract,provider,decision_source,llm_confidence,llm_review_outcome,llm_change_direction,paper_id
discarded,Code Smell Analysis in Cloned Java Variants: the Apo-games Case Study,L. Marchezan,2022,26th ACM International Systems and Software Product Line Conference Splc 2022 Proceedings,10.1145/3546932.3547015,https://www.scopus.com/inward/record.uri?partnerID=HzOxMe3b&scp=85139116073&origin=inward,adjacent-subtopic,"Families of software products are usually created using opportunistic reuse (clone-and-own) in which products are cloned and adapted to meet new requirements, user preferences, or non-functional properties. Opportunistic reuse brings short-term benefits, e.g., reduced time-to-market, whereas creating long-term drawbacks, e.g., the need of changing multiple variants for any maintenance and evolution activity. This situation is even worse when the individual products have poor design or implementation choices, the so-called code smells. Due to their harmfulness to software quality, code smells should be detected and removed as early as possible. In a family of software products, the same code smell must be identified and removed in all variants where it is are present. Identifying instances of similar code smells affecting different variants has not been investigated in the literature yet. This is the case of the Apo-Games family, which has the challenge of identifying the flaws in the design and implementation of cloned games. To address this challenge, we applied our inconsistency and repair approach to detect and suggest solutions for six types of code smells in 19 products of the Apo-games family. Our results show that a considerable number of smells were identified, most of them for the long parameter list and data class types. The number of the same smells identified in multiple variants ranged between 2.9 and 20.2 on average, showing that clone-and-own may lead to the replication of code smells in multiple products. Lastly, our approach was able to generate between 4.9 and 28.98 repair alternatives per smell on average.",scopus,llm,0.990,unreviewed,,doi:10.1145/3546932.3547015
discarded,CHOOM: a CHemical Object Oriented Model for Prediction of the Toxicity and Sustainability of New Molecules in Food and the Environment,J. Colloc,2022,Modelling and Simulation 2022 European Simulation and Modelling Conference Esm 2022,,https://www.scopus.com/inward/record.uri?partnerID=HzOxMe3b&scp=85160813097&origin=inward,off-topic-false-hit,,scopus,llm,0.970,unreviewed,,hash:29e830632f5034b1
discarded,Analyzing the relationship between software metrics and bad smells using critical metric value (CMV),M. Agnihotri,2021,ACM International Conference Proceeding Series,10.1145/3474124.3474193,https://www.scopus.com/inward/record.uri?partnerID=HzOxMe3b&scp=85119096085&origin=inward,adjacent-subtopic,"User requirements for a software system frequently evolve with time, and developers sometimes make incorrect implementation choices while meeting such requirements. These choices tend to introduce system flaws, i.e., bad smells in the program's source code. Bad smells do not disturb the normal functioning of a system, but they might worsen the software quality by increasing its complexity. Software metrics play a significant role in the analysis of object-oriented properties of a system. Also, change in software metrics’ values are often used to predict bad smells in a code. In the current study, an investigation has been conducted on four open-source projects. The concept of Critical Metric Value (CMV) has been introduced in the current study, and its impact on the occurrence of five selected bad smells has been examined to establish a relationship between software metrics and bad smells. CMV is that value of any software metric that is considered an outlier when compared to the rest of the metric values. The selected bad smells have been categorized as Null, Only, and Multiple based on the presence of CMV in a class. This study shows that 37.3% of the total classes have been affected by bad smells. Long statement bad smell pre-dominantly affects the selected systems as it is present in 25.74% classes. The experiment's findings show that 82.5% of the total bad smells occur in a class that consists of at least one CMV. The current study helps to establish a relationship between the bad smells and critical software metrics.",scopus,llm,0.990,unreviewed,,doi:10.1145/3474124.3474193
discarded,Architecture smells and pareto principle: A preliminary empirical exploration,A.M. Chaniotaki,2021,Proceedings 2021 IEEE ACM 18th International Conference on Mining Software Repositories MSR 2021,10.1109/MSR52588.2021.00031,https://www.scopus.com/inward/record.uri?partnerID=HzOxMe3b&scp=85113636276&origin=inward,adjacent-subtopic,"Architecture smells represent violations of best practices recommended for software architecture that adversely impact various quality attributes of a software system. Though architecture quality is considered very important by the software engineering community, architecture refactoring, given involved high risk and effort, is often avoided by software development teams. In this paper, we empirically explore the properties of architecture smells in the context of the Pareto principle. We investigate the degree of adherence of architecture smell occurrences to the Pareto principle and explore the influence of other related factors i.e., programming language and size of the repositories. To this end, we analyzed 750 Java and 361 C# repositories containing more than 50 million lines of code to detect seven kinds of architecture smells. We found that approximately 45% of the Java repositories follow the Pareto principle. Moreover, C# repositories show significantly higher adherence (66%) to the principle than the repositories written in Java. Our results indicate that the size of the repositories shows a low negative correlation with the Pareto categories. The results imply that software development teams can figure out a few vital components suffering from architecture smells by carrying out the Pareto analysis. It will allow them to optimize their efforts towards making their software architecture quality better.",scopus,llm,0.990,unreviewed,,doi:10.1109/msr52588.2021.00031
discarded,A Study of Relevant Parameters Influencing Code Smell Prioritization in Object-Oriented Software Systems,R. Verma,2021,Proceedings of IEEE International Conference on Signal Processing Computing and Control,10.1109/ISPCC53510.2021.9609478,https://www.scopus.com/inward/record.uri?partnerID=HzOxMe3b&scp=85122978028&origin=inward,adjacent-subtopic,"Code smells are indicators of some design flaws in the software code. The evolutionary property of an object-oriented software product increases the number of code smells with every release of a version of the product. These code smells like to hamper the quality of the software system. During software maintenance, it becomes cost and effort-intensive to eliminate such a large number of smells due to time and budget constraints. This demands the prioritization of code smells where the developers are with top severe smells to save time and effort. Before proposing any prioritization approach, it becomes important to Figure out the need for code smell elimination using different refactoring activities. Following this, it is imperative to understand the role of different relevant elements in code smell prioritization. To address this need, this paper highlights the drawbacks of code smells as well as provides an overview of several prioritization-related elements such as factors, subject programs, performance metrics, and detection tools. This would help the researchers in getting a preliminary understanding of various parameters that are crucial for proposing and validating code smell prioritization approaches.",scopus,llm,0.990,unreviewed,,doi:10.1109/ispcc53510.2021.9609478
discarded,Application Algorithms of Nonlinear Dimensionality Reduction to Material Database Visualization,O. Vodka,2020,International Scientific and Technical Conference on Computer Sciences and Information Technologies,10.1109/CSIT49958.2020.9321965,https://www.scopus.com/inward/record.uri?partnerID=HzOxMe3b&scp=85100499814&origin=inward,off-topic-false-hit,"In our world there is a huge quantity of different materials, alloys, compositions, substances. They have different mechanical properties, chemical compositions, different colors, smells, and, most importantly, applications in human life, etc. Because of so many properties of various compounds, it poses the problem of storing information about them and also creates a space for their visualization in different ways.This work deals with the creation of an online application and database that makes it possible to use information about metals, their alloys, and the search for the closest analogs. The web application gives the user a wide selection of devices to use and also uninstalls additional software products. During development, we used the general-purpose programming language Python with Flask library and web technologies HTML, CSS, and JavaScript. For the correct search for similar materials, a reasonable search is developed and implemented in an online application. The database is created based on SQL technologies the database management system - MySQL. To obtain information about metals on the Internet, a parser program is developed that selectively received data from open sources and recorded them in the created database.Humans can effectively use visual information in a maximum of three projections. Therefore, the task of reducing the dimension of information, and its visualization is one of the main directions when working with multidimensional data. The solution to this problem allows the researcher to correctly build assumptions and manipulate data in the course of reasoning or evidence.The task of the correct visualization of multidimensional data on the plane and three-dimensional space is solved by several well-known algorithms, namely: Isomap, t-SNE, MDS. As a result of the visualization of all the collected information about metals, clusters of materials is identified that correspond to the already known classes of metals. The study confirmed the correctness of the algorithms for reducing the dimension, the correctness of the information collected, the usability of the web application.",scopus,llm,0.990,unreviewed,,doi:10.1109/csit49958.2020.9321965
discarded,The Classification and Propagation of Program Comments,X. Xu,2020,Proceedings 2020 35th IEEE ACM International Conference on Automated Software Engineering Ase 2020,10.1145/3324884.3418913,https://www.scopus.com/inward/record.uri?partnerID=HzOxMe3b&scp=85099189206&origin=inward,adjacent-subtopic,"Natural language comments are like bridges between human logic and software semantics. Developers use comments to describe the function, implementation, and property of code snippets. This kind of connections contains rich information, like the potential types of a variable and the pre-condition of a method, among other things. In this paper, we categorize comments and use natural language processing techniques to extract information from them. Based on the semantics of programming languages, different rules are built for each comment category to systematically propagate comments among code entities. Then we use the propagated comments to check the code usage and comments consistency. Our demo system finds 37 bugs in real-world projects, 30 of which have been confirmed by the developers. Except for bugs in the code, we also find 304 pieces of defected comments. The 12 of them are misleading and 292 of them are not correct. Moreover, among the 41573 pieces of comments we propagate, 87 comments are for private native methods which had neither code nor comments. We also conduct a user study where we find that propagated comments are as good as human-written comments in three dimensions of consistency, naturalness, and meaningfulness.",scopus,llm,0.980,unreviewed,,doi:10.1145/3324884.3418913
discarded,Impact of natural gas quality on engine performances during a voyage using a thermodynamic fuel system model,J. Thiaucourt,2020,Energy,10.1016/j.energy.2020.117250,https://www.scopus.com/inward/record.uri?partnerID=HzOxMe3b&scp=85080132739&origin=inward,off-topic-false-hit,"Abstract Liquefied Natural Gas (LNG) as a fuel is seen as a solution to curb harmful emissions in shipping and its quick uptake is now significant. As heat leaks into the LNG fuel tanks, composition of the vapor and liquid phase change. This process, known as ageing, alters the fuel properties and can impact negatively the main engine performance. In this paper, a dynamical model to assess the methane number at engine inlet from the bunkered composition is presented. The fuel system is made of a 40 ft container tank and two heat exchangers. The model considers the two-phase real mixture in the tank and solves explicitly the heat and mass conservation laws. Then a strategy is developed to avoid “off-spec” methane number at engine inlet. The approach is tested on two bunkered compositions, one from Libya and one from Australia. The simulations have been conducted for a concept LNG/wind electric ship using multiple removable 40 ft container LNG tanks. Results show that with the proposed mixing strategy, the methane number remains above its limit value at engine inlet, insuring optimal operating conditions of engines.",scopus,llm,1.000,unreviewed,,doi:10.1016/j.energy.2020.117250
discarded,Empirical study of abnormality in local variables and its application to fault-prone Java method analysis,H. Aman,2020,Journal of Software Evolution and Process,10.1002/smr.2220,https://www.scopus.com/inward/record.uri?partnerID=HzOxMe3b&scp=85074585429&origin=inward,adjacent-subtopic,"Programmers are familiar with local variables, and in many cases, they can freely define the local variables they use. Thus, the properties of these variables are widely diverse, and this may cause variations in the quality of code. Although variables are named in accordance with coding conventions, the following matters have not received much attention from an empirical viewpoint: automatically deciding whether a local variable is “abnormal” and determining the harmful effect of an abnormal variable. This study focuses on the trends in the name, type, and scope of local variables, then proposes the use of the Mahalanobis distance to evaluate their abnormality. The empirical study entailed collecting local variables from eight open‐source software projects, and the paper reports the following findings: (a) the trend in the variation of the names of variables according to their type; (b) the majority of variables have short names with narrow scopes, where a name is often a word or an abbreviation thereof; (c) methods with an abnormal variable are approximately 1.4 times more likely to be fault prone than methods that contain only normal variables; (d) the proposed abnormality metric can be useful in a random forest‐based fault‐prone method analysis model.",scopus,llm,0.980,unreviewed,,doi:10.1002/smr.2220
discarded,Visualization of Codes and Code Smells with 3D Mushroom Farm Metaphor,A.M. Nababan,2019,Proceedings of the International Conference on Electrical Engineering and Informatics,10.1109/ICEEI47359.2019.8988796,https://www.scopus.com/inward/record.uri?partnerID=HzOxMe3b&scp=85085860708&origin=inward,adjacent-subtopic,"Code visualization presents a visual representation of the state of the code to support code comprehension activities. In addition to representing code elements (for example, methods, classes and packages) and relationships between them, previous studies of code visualization also represent metrics to indicate code smell. However, the metric value only shows vague symptoms in describing the code smell behind it. This study tries to visualize the code smell directly using detection strategies, which are formulation of one or more than one metric and its threshold value for each type of code smell. ‘Smelly’ elements are immediately shown in code visualization according to the predetermined detection strategies. 3D mushroom farm metaphor is a new metaphor proposed in this study for code visualization. Through code visualization in a familiar natural 3D environment, code properties are displayed in an attractive manner. The presented code properties are chosen by considering object-oriented paradigm key ideas. During this time, there has never been a fundamental reason as to why a specific property was chosen to be included in a code visualization metaphor. Therefore, this study questioned code properties visualized to participants of the evaluation: is the early comprehension of the code sufficient enough or should it be added/reduced. The evaluation results showed that the code smell that was immediately shown in the visualization could be captured by the user correctly. All evaluated participants managed to identify all the smelly elements. Broadly speaking, participants understood the purpose of visualization and agreed that code visualization with the 3D mushroom farm metaphor is intuitive and easy to use. All participants stated that they needed all code properties displayed in code visualization with the 3D mushroom farm metaphor, although there were participants who proposed several properties to be added to the visualization.",scopus,llm,0.980,unreviewed,,doi:10.1109/iceei47359.2019.8988796
discarded,Applying Social Network Analysis Techniques to Architectural Smell Prediction,A. Tommasel,2019,Proceedings 2019 IEEE International Conference on Software Architecture Companion Icsa C 2019,10.1109/ICSA-C.2019.00053,https://www.scopus.com/inward/record.uri?partnerID=HzOxMe3b&scp=85066501193&origin=inward,adjacent-subtopic,"As a software system evolves, the amount and complexity of the interactions amongst its components is likely to increase, which negatively affects the system design structure and also its quality. For instance, certain modules might become coupled due to a new user feature being added or to suboptimal development decisions. Design degradation symptoms are often related to high coupling and unwanted dependencies, such as: cyclic dependencies or violations to design rules, amongst other architectural smells. Thus, the early detection of such symptoms is important for architects to: i) anticipate dependency-related design problems in different parts of the system, ii) assess possible situations of technical debt, and iii) proactively look for solutions to preserve the quality of the system. Although there are approaches that analyse design dependencies in code bases and flag smell occurrences, very few of them have dealt with the prediction of dependency relations amongst software components. This research hypothesises that a predictive approach can warn architects about dependency-related problems before they appear. To this end, a particular graph-based approach is social networks analysis (SNA), which has been used for modelling both nature and human phenomena. Specifically, SNA techniques can predict links that do not yet exist between pairs of nodes in a network. SNA applications have shown evidence that the topological features of dependency graphs can reveal interesting properties of the software system under analysis. Nonetheless, SNA techniques have not yet been extensively exploited in the Software Architecture community. In this context, the question that motivates this research is to what extent SNA can leverage on information from a software design (and its evolution over time) for inferring new dependencies and likely configurations of architectural smells out of those dependencies.",scopus,llm,0.990,unreviewed,,doi:10.1109/icsa-c.2019.00053
discarded,Analyzing scale-free properties in Erlang and Scala,G. Oláh,2019,Lecture Notes in Computer Science Including Subseries Lecture Notes in Artificial Intelligence and Lecture Notes in Bioinformatics,10.1007/978-3-030-28346-9_10,https://www.scopus.com/inward/record.uri?partnerID=HzOxMe3b&scp=85071418505&origin=inward,adjacent-subtopic,,scopus,llm,0.960,unreviewed,,doi:10.1007/978-3-030-28346-9_10
