status,title,authors,year,venue,doi,url,tags,abstract,provider,decision_source,llm_confidence,llm_review_outcome,llm_change_direction,paper_id
Throughout this book, I assume that the reader is familiar with the fundamentals of the Java language. For those who want to learn more about that language, the book by Arnold and Gosling is a good source. This book is not a complete API specification. For such details, please refer to JDK 1.2 documentation. 
Acknowledgments
It is a cliche to say that writing a book is not possible without the help of many others, but it is true. I am very grateful to Dick Neiss, my manager at JavaSoft, who encouraged me to write the book and regularly checked on my progress. Lisa Friendly, the Addison-Wesley Java series editor, helped by guiding me through the writing process while maintaining a constant but friendly pressure. The team at Addison-Wesley was tremendously helpful. I'd like particularly to thank Mike Hendrickson, Katherine Kwack, Marina Lang, Laura Michaels, Marty Rabinowitz, and Tracy Russ. They are always encouraging, kept faith in me, and rescued me whenever I encountered obstacles. 

This book is centered around JDK 1.2 security development, a project that lasted fully two years, during which many people inside and outside of Sun Microsystems contributed in one way or another to the design, implementation, testing, and documentation of the final product. I would like to acknowledge Dirk Balfanz, Bob Blakley, Josh Bloch, David Bowen, Gilad Bracha, David Brownell, Eric Chu, David Connelly, Mary Dageforde, Drew Dean, Satya Dodda, Michal Geva, Gadi Guy, Graham Hamilton, Mimi Hills, Larry Koved, Charlie Lai, Sheng Liang, Tim Lindholm, Jan Luehe, Gary McGraw, Marianne Mueller, Tony Nadalin, Don Neal, Jeff Nisewanger, Yu-Ching Peng, Hemma Prafullchandra, Benjamin Renaud, Roger Riggs, Jim Roskind, Nakul Saraiya, Roland Schemers, Bill Shannon, Tom van Vleck, Dan Wallach, and Frank Yellin. I also appreciate the technical guidance from James Gosling and Jim Mitchell, as well as management support from Dick Neiss, Jon Kannegaard, and Alan Baratz. I have had the pleasure of chairing the Java Security Advisory Council, and I thank the external members, Ed Felten, Peter Neumann, Jerome Saltzer, Fred Schneider, and Michael Schroeder for their participation and superb insights into all matters that relate to computer security. 

Isabel Cho, Lisa Friendly, Charlie Lai, Jan Luehe, Teresa Lunt, Laura Michaels, Stephen Northcutt, Peter Neumann, and a number of anonymous reviewers provided valuable comments on draft versions of this book. 

G. H. Hardy once said that young men should prove theorems, while old men should write books. It is now time to prove some more theorems. 
Li Gong
Los Altos, California
June 1999",openalex,llm,0.970,unreviewed,,doi:10.1108/k.2000.06729aae.004
discarded,From enabling technologies to medicinal mechanochemistry: an eco-friendly access to hydantoin-based active pharmaceutical ingredients,Evelina Colacino; Andrea Porcheddu; Clarence Charnay; Francesco Delogu,2019,Reaction Chemistry & Engineering,10.1039/c9re00069k,https://openalex.org/W2935127476,off-topic-false-hit,"The sustainable preparation of hydantoin-based Active Pharmaceutical Ingredients (APIs) using modern non-conventional activation methods, including mechanochemistry is herein described.",openalex,llm,1.000,unreviewed,,doi:10.1039/c9re00069k
discarded,The synthesis of active pharmaceutical ingredients (APIs) using continuous flow chemistry,Marcus Baumann; Ian R. Baxendale,2015,Beilstein Journal of Organic Chemistry,10.3762/bjoc.11.134,https://openalex.org/W1840182658,off-topic-false-hit,"The implementation of continuous flow processing as a key enabling technology has transformed the way we conduct chemistry and has expanded our synthetic capabilities. As a result many new preparative routes have been designed towards commercially relevant drug compounds achieving more efficient and reproducible manufacture. This review article aims to illustrate the holistic systems approach and diverse applications of flow chemistry to the preparation of pharmaceutically active molecules, demonstrating the value of this strategy towards every aspect ranging from synthesis, in-line analysis and purification to final formulation and tableting. Although this review will primarily concentrate on large scale continuous processing, additional selected syntheses using micro or meso-scaled flow reactors will be exemplified for key transformations and process control. It is hoped that the reader will gain an appreciation of the innovative technology and transformational nature that flow chemistry can leverage to an overall process.",openalex,llm,1.000,unreviewed,,doi:10.3762/bjoc.11.134
discarded,"The Materials Application Programming Interface (API): A simple, flexible and efficient API for materials data based on REpresentational State Transfer (REST) principles",Shyue Ping Ong; Shreyas Cholia; Anubhav Jain; Miriam Brafman; Dan Gunter; Gerbrand Ceder; Kristin Aslaug Persson,2014,Computational Materials Science,10.1016/j.commatsci.2014.10.037,https://openalex.org/W2109939806,adjacent-subtopic,"In this paper, we describe the Materials Application Programming Interface (API), a simple, flexible and efficient interface to programmatically query and interact with the Materials Project database based on the REpresentational State Transfer (REST) pattern for the web. Since its creation in Aug 2012, the Materials API has been the Materials Project's de facto platform for data access, supporting not only the Materials Project's many collaborative efforts but also enabling new applications and analyses. We will highlight some of these analyses enabled by the Materials API, particularly those requiring consolidation of data on a large number of materials, such as data mining of structural and property trends, and generation of phase diagrams. We will conclude with a discussion of the role of the API in building a community that is developing novel applications and analyses based on Materials Project data. (C) 2014 Elsevier B.V. All rights reserved.",openalex,llm,0.970,unreviewed,,doi:10.1016/j.commatsci.2014.10.037
discarded,gprofiler2 -- an R package for gene list functional enrichment analysis and namespace conversion toolset g:Profiler,Liis Kolberg; Uku Raudvere; Ivan Kuzmin; Jaak Vilo; Hedi Peterson,2020,F1000Research,10.12688/f1000research.24956.2,https://openalex.org/W3042896257,off-topic-false-hit,"g:Profiler ( https://biit.cs.ut.ee/gprofiler ) is a widely used gene list functional profiling and namespace conversion toolset that has been contributing to reproducible biological data analysis already since 2007. Here we introduce the accompanying R package, gprofiler2 , developed to facilitate programmatic access to g:Profiler computations and databases via REST API. The gprofiler2 package provides an easy-to-use functionality that enables researchers to incorporate functional enrichment analysis into automated analysis pipelines written in R. The package also implements interactive visualisation methods to help to interpret the enrichment results and to illustrate them for publications. In addition, gprofiler2 gives access to the versatile gene/protein identifier conversion functionality in g:Profiler enabling to map between hundreds of different identifier types or orthologous species. The gprofiler2 package is freely available at the CRAN repository .",openalex,llm,0.980,unreviewed,,doi:10.12688/f1000research.24956.2
discarded,gprofiler2 -- an R package for gene list functional enrichment analysis and namespace conversion toolset g:Profiler,Liis Kolberg; Uku Raudvere; Ivan Kuzmin; Jaak Vilo; Hedi Peterson,2020,F1000Research,10.12688/f1000research.24956.1,https://openalex.org/W4242856680,off-topic-false-hit,"g:Profiler ( https://biit.cs.ut.ee/gprofiler ) is a widely used gene list functional profiling and namespace conversion toolset that has been contributing to reproducible biological data analysis already since 2007. Here we introduce the accompanying R package, gprofiler2 , developed to facilitate programmatic access to g:Profiler computations and databases via REST API. The gprofiler2 package provides an easy-to-use functionality that enables researchers to incorporate functional enrichment analysis into automated analysis pipelines written in R. The package also implements interactive visualisation methods to help to interpret the enrichment results and to illustrate them for publications. In addition, gprofiler2 gives access to the versatile gene/protein identifier conversion functionality in g:Profiler enabling to map between hundreds of different identifier types or orthologous species. The gprofiler2 package is freely available at the CRAN repository .",openalex,llm,0.980,unreviewed,,doi:10.12688/f1000research.24956.1
discarded,Federated Identity and Access Management for the Internet of Things,Paul Fremantle; Benjamin Aziz; Jacek Kopecký; Philip James Scott,2014,,10.1109/siot.2014.8,https://openalex.org/W2001974708,off-topic-false-hit,"We examine the use of Federated Identity andAccess Management (FIAM) approaches for the Internet ofThings (IoT). We look at specific challenges that devices, sensorsand actuators have, and look for approaches to address them.OAuth is a widely deployed protocol -- built on top of HTTP -- forapplying FIAM to Web systems. We explore the use of OAuth forIoT systems that instead use the lightweight MQTT 3.1 protocol.In order to evaluate this area, we built a prototype that usesOAuth 2.0 to enable access control to information distributed viaMQTT. We evaluate the results of this prototyping activity, andassess the strengths and weaknesses of this approach, and thebenefits of using the FIAM approaches with IoT and Machine toMachine (M2M) scenarios. Finally we outline areas for furtherresearch.",openalex,llm,0.990,unreviewed,,doi:10.1109/siot.2014.8
discarded,VDJtools: Unifying Post-analysis of T Cell Receptor Repertoires,Mikhail Shugay; Dmitriy V. Bagaev; Maria A. Turchaninova; Dmitriy A. Bolotin; Olga V. Britanova; Ekaterina V. Putintseva; Mikhail V. Pogorelyy; Vadim I. Nazarov; Ivan V. Zvyagin; Vitalina Kirgizova; Кирилл Игоревич Киргизов; Е. В. Скоробогатова; Dmitriy M. Chudakov,2015,PLoS Computational Biology,10.1371/journal.pcbi.1004503,https://openalex.org/W2185265351,off-topic-false-hit,"Despite the growing number of immune repertoire sequencing studies, the field still lacks software for analysis and comprehension of this high-dimensional data. Here we report VDJtools, a complementary software suite that solves a wide range of T cell receptor (TCR) repertoires post-analysis tasks, provides a detailed tabular output and publication-ready graphics, and is built on top of a flexible API. Using TCR datasets for a large cohort of unrelated healthy donors, twins, and multiple sclerosis patients we demonstrate that VDJtools greatly facilitates the analysis and leads to sound biological conclusions. VDJtools software and documentation are available at https://github.com/mikessh/vdjtools.",openalex,llm,0.970,unreviewed,,doi:10.1371/journal.pcbi.1004503
discarded,A global map of travel time to cities to assess inequalities in accessibility in 2015,Dan J. Weiss; Andrew Nelson; Harry S. Gibson; William H. Temperley; Stephen Peedell; Allison Lieber; M. Hancher; E. Poyart; S. Belchior; Nancy Fullman; Bonnie Mappin; Ursula Dalrymple; Jennifer A. Rozier; Tim C. D. Lucas; Rosalind E. Howes; Lucy S. Tusting; Su Yun Kang; Ewan Cameron; Donal Bisanzio; Katherine E. Battle; Samir Bhatt; Peter W. Gething,2018,Nature,10.1038/nature25181,https://openalex.org/W2783065878,off-topic-false-hit,"The economic and man-made resources that sustain human wellbeing are not distributed evenly across the world, but are instead heavily concentrated in cities. Poor access to opportunities and services offered by urban centres (a function of distance, transport infrastructure, and the spatial distribution of cities) is a major barrier to improved livelihoods and overall development. Advancing accessibility worldwide underpins the equity agenda of 'leaving no one behind' established by the Sustainable Development Goals of the United Nations(1). This has renewed international efforts to accurately measure accessibility and generate a metric that can inform the design and implementation of development policies. The only previous attempt to reliably map accessibility worldwide, which was published nearly a decade ago(2), predated the baseline for the Sustainable Development Goals and excluded the recent expansion in infrastructure networks, particularly in lower-resource settings. In parallel, new data sources provided by Open Street Map and Google now capture transportation networks with unprecedented detail and precision. Here we develop and validate a map that quantifies travel time to cities for 2015 at a spatial resolution of approximately one by one kilometre by integrating ten global-scale surfaces that characterize factors affecting human movement rates and 13,840 high-density urban centres within an established geospatial-modelling framework. Our results highlight disparities in accessibility relative to wealth as 50.9% of individuals living in low-income settings (concentrated in sub-Saharan Africa) reside within an hour of a city compared to 90.7% of individuals in high-income settings. By further triangulating this map against socioeconomic datasets, we demonstrate how access to urban centres stratifies the economic, educational, and health status of humanity.",openalex,llm,1.000,unreviewed,,doi:10.1038/nature25181
discarded,Influence of physical properties of carrier on the performance of dry powder inhalers,Tingting Peng; Shiqi Lin; Boyi Niu; Xinyi Wang; Ying Huang; Xuejuan Zhang; Ge Li; Xin Pan; Chuanbin Wu,2016,Acta Pharmaceutica Sinica B,10.1016/j.apsb.2016.03.011,https://openalex.org/W2347092680,off-topic-false-hit,"Dry powder inhalers (DPIs) offer distinct advantages as a means of pulmonary drug delivery and have attracted much attention in the field of pharmaceutical science. DPIs commonly contain micronized drug particles which, because of their cohesiveness and strong propensity to aggregate, have poor aerosolization performance. Thus carriers with a larger particle size are added to address this problem. However, the performance of DPIs is profoundly influenced by the physical properties of the carrier, particularly their particle size, morphology/shape and surface roughness. Because these factors are interdependent, it is difficult to completely understand how they individually influence DPI performance. The purpose of this review is to summarize and illuminate how these factors affect drug-carrier interaction and influence the performance of DPIs.",openalex,llm,1.000,unreviewed,,doi:10.1016/j.apsb.2016.03.011
discarded,Polymorph Characterization of Active Pharmaceutical Ingredients (APIs) Using Low-Frequency Raman Spectroscopy,Peter J. Larkin; Marta Dabros; Beth A. Sarsfield; Eric J. Chan; James T. A. Carriere; Brian C. Smith,2014,Applied Spectroscopy,10.1366/13-07329,https://openalex.org/W2128446827,off-topic-false-hit,"Polymorph detection, identification, and quantitation in crystalline materials are of great importance to the pharmaceutical industry. Vibrational spectroscopic techniques used for this purpose include Fourier transform mid-infrared (FT-MIR) spectroscopy, Fourier transform near-infrared (FT-NIR) spectroscopy, Raman spectroscopy, and terahertz (THz) and far-infrared (FIR) spectroscopy. Typically, the fundamental molecular vibrations accessed using high-frequency Raman and MIR spectroscopy or the overtone and combination of bands in the NIR spectra are used to monitor the solid-state forms of active pharmaceutical ingredients (APIs). The local environmental sensitivity of the fundamental molecular vibrations provides an indirect probe of the long-range order in molecular crystals. However, low-frequency vibrational spectroscopy provides access to the lattice vibrations of molecular crystals and, hence, has the potential to more directly probe intermolecular interactions in the solid state. Recent advances in filter technology enable high-quality, low-frequency Raman spectra to be acquired using a single-stage spectrograph. This innovation enables the cost-effective collection of high-quality Raman spectra in the 200-10 cm(-1) region. In this study, we demonstrate the potential of low-frequency Raman spectroscopy for the polymorphic characterization of APIs. This approach provides several benefits over existing techniques, including ease of sampling and more intense, information-rich band structures that can potentially discriminate among crystalline forms. An improved understanding of the relationship between the crystalline structure and the low-frequency vibrational spectrum is needed for the more widespread use of the technique.",openalex,llm,1.000,unreviewed,,doi:10.1366/13-07329
discarded,Situational Access Control in the Internet of Things,Roei Schuster; Vitaly Shmatikov; Eran Tromer,2018,,10.1145/3243734.3243817,https://openalex.org/W2890591751,off-topic-false-hit,"Access control in the Internet of Things (IoT) often depends on a situation --- for example, ""the user is at home'' --- that can only be tracked using multiple devices. In contrast to the (well-studied) smartphone frameworks, enforcement of situational constraints in the IoT poses new challenges because access control is fundamentally decentralized. It takes place in multiple independent frameworks, subjects are often external to the enforcement system, and situation tracking requires cross-framework interaction and permissioning. Existing IoT frameworks entangle access-control enforcement and situation tracking. This results in overprivileged, redundant, inconsistent, and inflexible implementations. We design and implement a new approach to IoT access control. Our key innovation is to introduce ""environmental situation oracles'' (ESOs) as first-class objects in the IoT ecosystem. An ESO encapsulates the implementation of how a situation is sensed, inferred, or actuated. IoT access-control frameworks can use ESOs to enforce situational constraints, but ESOs and frameworks remain oblivious to each other's implementation details. A single ESO can be used by multiple access-control frameworks across the ecosystem. This reduces inefficiency, supports consistent enforcement of common policies, and --- because ESOs encapsulate sensitive device-access rights --- reduces overprivileging. ESOs can be deployed at any layer of the IoT software stack where access control is applied. We implemented prototype ESOs for the IoT resource layer, based on the IoTivity framework, and for the IoT Web services, based on the Passport middleware.",openalex,llm,0.990,unreviewed,,doi:10.1145/3243734.3243817
discarded,The Immune Epitope Database and Analysis Resource in Epitope Discovery and Synthetic Vaccine Design,Ward Fleri; Sinu Paul; Sandeep Kumar Dhanda; Swapnil Mahajan; Xiaojun Xu; Bjoern Peters; Alessandro Sette,2017,Frontiers in Immunology,10.3389/fimmu.2017.00278,https://openalex.org/W2607286972,off-topic-false-hit,"The task of epitope discovery and vaccine design is increasingly reliant on bioinformatics analytic tools and access to depositories of curated data relevant to immune reactions and specific pathogens. The Immune Epitope Database and Analysis Resource (IEDB) was indeed created to assist biomedical researchers in the development of new vaccines, diagnostics, and therapeutics. The Analysis Resource is freely available to all researchers and provides access to a variety of epitope analysis and prediction tools. The tools include validated and benchmarked methods to predict MHC class I and class II binding. The predictions from these tools can be combined with tools predicting antigen processing, TCR recognition, and B cell epitope prediction. In addition, the resource contains a variety of secondary analysis tools that allow the researcher to calculate epitope conservation, population coverage, and other relevant analytic variables. The researcher involved in vaccine design and epitope discovery will also be interested in accessing experimental published data, relevant to the specific indication of interest. The database component of the IEDB contains a vast amount of experimentally derived epitope data that can be queried through a flexible user interface. The IEDB is linked to other pathogen-specific and immunological database resources.",openalex,llm,0.990,unreviewed,,doi:10.3389/fimmu.2017.00278
