status,title,authors,year,venue,doi,url,tags,abstract,provider,decision_source,llm_confidence,llm_review_outcome,llm_change_direction,paper_id
discarded,Stan : A Probabilistic Programming Language,Bob Carpenter; Andrew Gelman; Matthew D. Hoffman; Daniel C. Lee; Ben Goodrich; Michael Betancourt; Marcus A. Brubaker; Jiqiang Guo; Peter Li; Allen Beye Riddell,2017,Journal of Statistical Software,10.18637/jss.v076.i01,https://openalex.org/W2577537660,adjacent-subtopic,"Stan is a probabilistic programming language for specifying statistical models. A Stan program imperatively defines a log probability function over parameters conditioned on specified data and constants. As of version 2.14.0, Stan provides full Bayesian inference for continuous-variable models through Markov chain Monte Carlo methods such as the No-U-Turn sampler, an adaptive form of Hamiltonian Monte Carlo sampling. Penalized maximum likelihood estimates are calculated using optimization methods such as the limited memory Broyden-Fletcher-Goldfarb-Shanno algorithm. Stan is also a platform for computing log densities and their gradients and Hessians, which can be used in alternative algorithms such as variational Bayes, expectation propagation, and marginal inference using approximate integration. To this end, Stan is set up so that the densities, gradients, and Hessians, along with intermediate quantities of the algorithm such as acceptance probabilities, are easily accessible. Stan can be called from the command line using the cmdstan package, through R using the rstan package, and through Python using the pystan package. All three interfaces support sampling and optimization-based inference with diagnostics and posterior analysis. rstan and pystan also provide access to log probabilities, gradients, Hessians, parameter transforms, and specialized plotting.",openalex,llm,0.980,unreviewed,,doi:10.18637/jss.v076.i01
discarded,Object-oriented software construction,Pierre America,1989,Science of Computer Programming,10.1016/0167-6423(89)90034-8,https://openalex.org/W221670187,"supports-claim; adjacent-subtopic; book review of the 1988 edition, no abstract; the 1997 edition is read in full",,openalex,llm_reviewed,0.700,changed,kept->discarded,doi:10.1016/0167-6423(89)90034-8
discarded,Partial Least Squares Structural Equation Modeling (PLS-SEM) Using R,Joseph F. Hair; G. Tomas M. Hult; Christian M. Ringle; Marko Sarstedt; Nicholas Patrick Danks; Soumya Ray,2021,Classroom companion: business,10.1007/978-3-030-80519-7,https://openalex.org/W3210383951,off-topic-false-hit,"This is an open-access step-by-step guide to analyzing PLS models using R, especially using the SEMinR package and with in-depth case studies.",openalex,llm,0.990,unreviewed,,doi:10.1007/978-3-030-80519-7
discarded,The Semantics of Predicate Logic as a Programming Language,M. H. van Emden; Robert Kowalski,1976,Journal of the ACM,10.1145/321978.321991,https://openalex.org/W2108911687,adjacent-subtopic,"Sentences in first-order predicate logic can be usefully interpreted as programs. In this paper the operational and fixpoint semantics of predicate logic programs are defined, and the connections with the proof theory and model theory of logic are investigated. It is concluded that operational semantics is a part of proof theory and that fixpoint semantics is a special case of model-theoretic semantics.",openalex,llm,0.990,unreviewed,,doi:10.1145/321978.321991
discarded,Actors: A Model of Concurrent Computation in Distributed Systems,Gul Agha,1986,DSpace@MIT (Massachusetts Institute of Technology),,https://openalex.org/W2072794470,adjacent-subtopic,"A foundational model of concurrency is developed in this thesis. It examines issues in the design of parallel systems and show why the actor model is suitable for exploiting large-scale parallelism. Concurrency in actors is constrained only by the availability of hardware resources and by the logical dependence inherent in the computation. Unlike dataflow and functional programming, however, actors are dynamically reconfigurable and can model shared resources with changing local state. Concurrency is spawned in actors using asynchronous message-passing, pipelining, and the dynamic creation of actors. The author defines an abstract actor machine and provide a minimal programming language for it. A more expressive language, which includes higher level constructs such as delayed and eager evaluation, can be defined in terms of the primitives. Examples are given to illustrate the ease with which concurrent data and control structures can be programmed. This thesis deals with some central issues in distributed computing. Specifically, problems of divergence and deadlock are addressed. Additional keywords: Object oriented programming; Semantics.",openalex,llm,0.990,unreviewed,,hash:c088412fdd1322d4
discarded,The next 700 programming languages,Peter J. Landin,1966,Communications of the ACM,10.1145/365230.365257,https://openalex.org/W2134112335,adjacent-subtopic,"A family of unimplemented computing languages is described that is intended to span differences of application area by a unified framework. This framework dictates the rules about the uses of user-coined names, and the conventions about characterizing functional relationships. Within this framework the design of a specific language splits into two independent parts. One is the choice of written appearances of programs (or more generally, their physical representation). The other is the choice of the abstract entities (such as numbers, character-strings, list of them, functional relations among them) that can be referred to in the language. The system is biased towards “expressions” rather than “statements.” It includes a nonprocedural (purely functional) subsystem that aims to expand the class of users' needs that can be met by a single print-instruction, without sacrificing the important properties that make conventional right-hand-side expressions easy to construct and understand.",openalex,llm,0.980,unreviewed,,doi:10.1145/365230.365257
discarded,Ownership types for flexible alias protection,David G. Clarke; John M. Potter; James Noble,1998,,10.1145/286936.286947,https://openalex.org/W2073407646,adjacent-subtopic,"Object-oriented programming languages allow inter-object aliasing. Although necessary to construct linked data structures and networks of interacting objects, aliasing is problematic in that an aggregate object's state can change via an alias to one of its components, without the aggregate being aware of any aliasing.Ownership types form a static type system that indicates object ownership. This provides a flexible mechanism to limit the visibility of object references and restrict access paths to objects, thus controlling a system's dynamic topology. The type system is shown to be sound, and the specific aliasing properties that a system's object graph satisfies are formulated and proven invariant for well-typed programs.",openalex,llm,0.980,unreviewed,,doi:10.1145/286936.286947
discarded,From object-oriented to goal-oriented requirements analysis,John Mylopoulos; Lawrence Chung; Eric S. K. Yu,1999,Communications of the ACM,10.1145/291469.293165,https://openalex.org/W2051028605,adjacent-subtopic,"The article focuses on the object-oriented and goal-oriented requirements analysis. The growing influence of object-oriented programming on programming practice has led to the rise of a new paradigm for system and software requirements analysis, popularly known as object-oriented analysis (OOA). This paradigm adopts ideas from object-oriented programming and blends them with ideas from semantic data modeling and knowledge representation into modeling framework that is more powerful than traditional techniques such as data flow diagrams, structured analysis and the like. The Object-Oriented Systems Analysis technique adopts the Entity-Relationship model to capture the declarative aspects of a software system. OOA is popular because it significantly advances the state of practice in requirements modeling. OOA techniques offer a coherent framework which integrates a comprehensive set of modeling concepts for capturing declarative, behavioral and interactive aspects of a system. In addition, OOA techniques strongly support two structuring mechanisms, generalization and aggregation, in terms of which a modeler can organize and manage the immense amount of information captured by her models.",openalex,llm,0.990,unreviewed,,doi:10.1145/291469.293165
discarded,Letters to the editor: go to statement considered harmful,Edsger W. Dijkstra,1968,Communications of the ACM,10.1145/362929.362947,https://openalex.org/W1994718921,adjacent-subtopic,No abstract.,openalex,llm,1.000,unreviewed,,doi:10.1145/362929.362947
discarded,Concepts and paradigms of object-oriented programming,Peter W. Wegner,1990,ACM SIGPLAN OOPS Messenger,10.1145/382192.383004,https://openalex.org/W2012408028,adjacent-subtopic,"We address the following questions for object-oriented programming: What is it? What are its goals? What are its origins? What are its paradigms? What are its design alternatives? What are its models of concurrency? What are its formal computational models? What comes after object-oriented programming? Starting from software engineering goals, we examine the origins and paradigms of object-oriented programming, explore its language design alternatives, consider its models of concurrency, and review its mathematical models to make them accessible to nonmathematical readers. Finally, we briefly speculate on what may come after object-oriented programming and conclude that it is a robust component-based modeling paradigm that is both effective and fundamental. This paper expands on the OOPSLA 89 keynote talk.",openalex,llm,0.840,unreviewed,,doi:10.1145/382192.383004
discarded,"Customization: optimizing compiler technology for SELF, a dynamically-typed object-oriented programming language",Craig Chambers; David Ungar,1989,ACM SIGPLAN Notices,10.1145/74818.74831,https://openalex.org/W3142323636,adjacent-subtopic,"Dynamically-typed object-oriented languages please programmers, but their lack of static type information penalizes performance. Our new implementation techniques extract static type information from declaration-free programs. Our system compiles several copies of a given procedure, each customized for one receiver type, so that the type of the receiver is bound at compile time. The compiler predicts types that are statically unknown but likely, and inserts run-time type tests to verify its predictions. It splits calls, compiling a copy on each control path, optimized to the specific types on that path. Coupling these new techniques with compile-time message lookup, aggressive procedure inlining, and traditional optimizations has doubled the performance of dynamically-typed object-oriented languages.",openalex,llm,0.970,unreviewed,,doi:10.1145/74818.74831
discarded,"ConGolog, a concurrent programming language based on the situation calculus",Giuseppe De Giacomo; Yves Lespérance; Hector J. Levesque,2000,Artificial Intelligence,10.1016/s0004-3702(00)00031-x,https://openalex.org/W2062205093,adjacent-subtopic,"As an alternative to planning, an approach to high-level agent control based on concurrent program execution is considered. A formal definition in the situation calculus of such a programming language is presented and illustrated with some examples. The language includes facilities for prioritizing the execution of concurrent processes, interrupting the execution when certain conditions become true, and dealing with exogenous actions. The language differs from other procedural formalisms for concurrency in that the initial state can be incompletely specified and the primitive actions can be user-defined by axioms in the situation calculus. Some mathematical properties of the language are proven, for instance, that the proposed semantics is equivalent to that given earlier for the portion of the language without concurrency. (C) 2000 Elsevier Science B.V. All rights reserved.",openalex,llm,0.990,unreviewed,,doi:10.1016/s0004-3702(00)00031-x
discarded,A role-based access control model and reference implementation within a corporate intranet,David F. Ferraiolo; John F. Barkley; D. Richard Kuhn,1999,ACM Transactions on Information and System Security,10.1145/300830.300834,https://openalex.org/W2081186654,off-topic-false-hit,"This paper describes NIST's enhanced RBAC model and our approach to designing and implementing RBAC features for networked Web servers. The RBAC model formalized in this paper is based on the properties that were first described in Ferraiolo and Kuhn [1992] and Ferraiolo et al. [1995], with adjustments resulting from experience gained by prototype implementations, market analysis, and observations made by Jansen [1988] and Hoffman [1996]. The implementation of RBAC for the Web (RBAC/Web) provides an alternative to the conventional means of administering and enforcing authorization policy on a server-by-server basis. RBAC/Web provides administrators with a means of managing authorization data at the enterprise level, in a manner consistent with the current set of laws, regulations, and practices.",openalex,llm,1.000,unreviewed,,doi:10.1145/300830.300834
discarded,The family of concurrent logic programming languages,Ehud Y. Shapiro,1989,ACM Computing Surveys,10.1145/72551.72555,https://openalex.org/W2053384008,adjacent-subtopic,"Concurrent logic languages are high-level programming languages for parallel and distributed systems that offer a wide range of both known and novel concurrent programming techniques. Being logic programming languages, they preserve many advantages of the abstract logic programming model, including the logical reading of programs and computations, the convenience of representing data structures with logical terms and manipulating them using unification, and the amenability to metaprogramming. Operationally, their model of computation consists of a dynamic set of concurrent processes, communicating by instantiating shared logical variables, synchronizing by waiting for variables to be instantiated, and making nondeterministic choices, possibly based on the availability of values of variables. This paper surveys the family of concurrent logic programming languages within a uniform operational framework. It demonstrates the expressive power of even the simplest language in the family and investigates how varying the basic synchronization and control constructs affect the expressiveness and efficiency of the resulting languages. In addition, the paper reports on techniques for sequential and parallel implementation of languages in this family, mentions their applications to date, and relates these languages to the abstract logic programming model, to the programming language PROLOG, and to other concurrent computational models and programming languages.",openalex,llm,0.990,unreviewed,,doi:10.1145/72551.72555
discarded,Programming languages for distributed computing systems,Henri E. Bal; Jennifer G. Steiner; Andrew S. Tanenbaum,1989,ACM Computing Surveys,10.1145/72551.72552,https://openalex.org/W1993503482,adjacent-subtopic,"When distributed systems first appeared, they were programmed in traditional sequential languages, usually with the addition of a few library procedures for sending and receiving messages. As distributed applications became more commonplace and more sophisticated, this ad hoc approach became less satisfactory. Researchers all over the world began designing new programming languages specifically for implementing distributed applications. These languages and their history, their underlying principles, their design, and their use are the subject of this paper. We begin by giving our view of what a distributed system is, illustrating with examples to avoid confusion on this important and controversial point. We then describe the three main characteristics that distinguish distributed programming languages from traditional sequential languages, namely, how they deal with parallelism, communication, and partial failures. Finally, we discuss 15 representative distributed languages to give the flavor of each. These examples include languages based on message passing, rendezvous, remote procedure call, objects, and atomic transactions, as well as functional languages, logic languages, and distributed data structure languages. The paper concludes with a comprehensive bibliography listing over 200 papers on nearly 100 distributed programming languages.",openalex,llm,0.990,unreviewed,,doi:10.1145/72551.72552
discarded,A systematic literature review: Refactoring for disclosing code smells in object oriented software,Satwinder Singh; Sharanpreet Kaur,2017,Ain Shams Engineering Journal,10.1016/j.asej.2017.03.002,https://openalex.org/W2601190106,adjacent-subtopic,"Reusing a design pattern is not always in the favor of developers. Thus, the code starts smelling. The presence of “Code Smells” leads to more difficulties for the developers. This racket of code smells is sometimes called Anti-Patterns. The paper aimed at a systematic literature review of refactoring with respect to code smells. However the review of refactoring is done in general and the identification of code smells and anti-patterns is performed in depth. A systematic literature survey has been performed on 238 research items that includes articles from leading Conferences, Workshops and premier journals, theses of researchers and book chapters. Several data sets and tools for performing refactoring have been revealed under the specified research questions. The work done in the paper is an addition to prior systematic literature surveys. With the study of paper the attentiveness of readers about code smells and anti-patterns will be enhanced.",openalex,llm,0.980,unreviewed,,doi:10.1016/j.asej.2017.03.002
