status,title,authors,year,venue,doi,url,tags,abstract,provider,decision_source,llm_confidence,llm_review_outcome,llm_change_direction,paper_id
discarded,Production and use of microfibrillated cellulose from virgin and recycled lignin-rich sources: a comprehensive comparison,L. Brault,2026,Nordic Pulp and Paper Research Journal,10.1515/npprj-2026-0004,https://www.scopus.com/inward/record.uri?partnerID=HzOxMe3b&scp=105037318525&origin=inward,off-topic-false-hit,"Abstract Use of microfibrillated cellulose (MFC) from recycled sources gain more and more interests in paper industry, whose prevailing direction is to increase the incorporation rate of recycled fibers without decreasing paper quality, increasing the cost or toxicity of current processes. This study proposes a better comprehension in the phenomenon involved during the fibrillation of recycled fibers. MFC were prepared from two recycled paper grades, Corrugated Cardboard (CC) and Recycled Liner (RL), and from virgin lignin-rich unbleached Kraft pulp (VKP). These materials were compared with a commercial MFC from virgin bleached pulp. Morphological analyses and AFM images evidenced highly fibrillated materials after ultra-grinding. Tensile and air permeability tests on nanopapers revealed better performance for MFC from virgin resources, even compared to recycled pulp devoid of mineral fillers. Ozonation as a pretreatment showed limited effectiveness for fibrillation. Incorporation of MFC from recycled sources (RMFC) into RL significantly enhanced mechanical properties: +39 % in Young’s modulus and +44 % in tensile strength. Despite RFMC exhibited lower intrinsic performance than MFC from VKP, its reinforcement efficiency brought to RL was similar. Sheet porosity, assessed through air permeability and roughness, further decreased with RMFC addition. Finally, RMFC proved a sustainable alternative to virgin MFC.",scopus,llm,0.990,unreviewed,,doi:10.1515/npprj-2026-0004
discarded,"A comprehensive review of poly(ethylene oxide)-based solid polymer electrolytes: Preparation, ionic transport, failure mechanism and energy storage applications",M. Hou,2026,Materials Science and Engineering R Reports,10.1016/j.mser.2026.101275,https://www.scopus.com/inward/record.uri?partnerID=HzOxMe3b&scp=105045280191&origin=inward,off-topic-false-hit,"Poly(ethylene oxide) (PEO)-based solid polymer electrolytes (SPEs) have garnered considerable attention in the field of all-solid-state batteries (ASSBs). However, challenges such as low room-temperature ionic conductivity and failure behaviors have impeded the practical applications. In this context, this review firstly summarizes the latest developments in the processing-structure-property relationships for PEO-based SPEs. Then, a comprehensive overview and assessment of the mechanisms governing ionic conduction in PEO-based SPEs and different molecular-architectural designation encompassing block copolymerization, cross-linking, blending and composite solid electrolyte (CSEs) are highlighted. Moreover, the failure mechanism of PEO-based SPEs, such as lithium dendrites, decomposition and performance deterioration are discussed further and analyzed by employing cutting-edge characterization techniques. Furthermore, a dedicated comprehension on AI-driven material innovation is supplemented by reviewing the state-of-the-art machine learning (ML) strategies for multi-objective optimizations of PEO-based SPEs. Then, the industrialization challenges (scale-up processing, ultrathin film preparation < 20 mu m, low-temperature performance, cost control) and potential resolutions are opposed for future applications. This review provides a unified theoretical framework and practical guidance for the development of high-performance PEO-based SPEs, which is expected to advance the commercialization of ASSBs with high energy density.",scopus,llm,0.990,unreviewed,,doi:10.1016/j.mser.2026.101275
discarded,Enhancing ship recognition in satellite imagery: a YOLO-centric framework based on the updated ShipRSImageNet benchmark,X. Fang,2026,Applied Ocean Research,10.1016/j.apor.2026.105179,https://www.scopus.com/inward/record.uri?partnerID=HzOxMe3b&scp=105046442659&origin=inward,off-topic-false-hit,"To better monitor human maritime activities, this study presents an updated version of the ShipRSImageNet benchmark and evaluates recent fine-grained ship recognition models on high-resolution optical satellite imagery. The updated benchmark provides corrected and refined annotations with enhanced consistency. Approximately one-third of the samples (1206 out of 3435 images) have undergone correction, thereby improving label reliability for both model training and performance benchmarking. Based on this updated dataset, You Only Look Once (YOLO)-based models improved mean average precision (mAP) from the previously reported 0.66–0.70 to approximately 0.80, with improved precision and recall. Comparison experiments show that this gain mainly results from more reliable training supervision enabled by improved annotation quality. The normalized confusion matrices further indicate that the models can distinguish most ship categories under complex coastal backgrounds and diverse viewing geometries. Remaining errors are mainly caused by fine-grained class confusion, false positives in harbor environments, and missed detections of small vessels in crowded nearshore scenes. The updated ShipRSImageNet benchmark and ship recognition models developed in this study can support maritime activity monitoring, port vessel analysis, and non-cooperative vessel surveillance.",scopus,llm,0.990,unreviewed,,doi:10.1016/j.apor.2026.105179
discarded,Chemoinformatic and machine learning fusion for designing silver nanoparticles with enhanced antimicrobial properties,H. Yin,2026,3 Biotech,10.1007/s13205-026-04991-w,https://www.scopus.com/inward/record.uri?partnerID=HzOxMe3b&scp=105047026118&origin=inward,off-topic-false-hit,"Predicting the antimicrobial efficacy of newly synthesized nanoparticles remains a complex and resource-intensive task. In this study, we present an interpretable machine learning framework for predicting the antimicrobial activity of silver nanoparticles (AgNPs), utilizing a curated dataset from NanoAntimicrobialDB. The dataset includes physicochemical descriptors and synthesis metadata, which are processed through multi-view feature fusion. We integrate structured numerical features, such as particle size, morphology, and surface charge, with unstructured text features from bacterial strains, synthesis methods, and reagents using TF-IDF embedding and Truncated Singular Value Decomposition (SVD). Six machine learning models-Logistic Regression, Random Forest, XGBoost, LightGBM, CatBoost, and Support Vector Machine (SVM)-were trained and evaluated, with threshold optimization performed using Youden's J statistic. Among the models, CatBoost achieved the highest ROC AUC of 0.9496. At the same time, Logistic Regression achieved the highest accuracy after threshold tuning. SHapley Additive exPlanations (SHAP) analysis identified synthesis method, particle size, nanoparticle stabilization, and surface charge as critical factors influencing antimicrobial efficacy. These results highlight the potential of the proposed framework to predict antimicrobial activity and guide the rational design of next-generation antimicrobial nanoparticles.",scopus,llm,0.990,unreviewed,,doi:10.1007/s13205-026-04991-w
discarded,A brain synergistic interaction inspired lightweight segmentation deep neural network for multi-slice and multi-angle spine MR images,S. He,2026,Biomedical Signal Processing and Control,10.1016/j.bspc.2026.110565,https://www.scopus.com/inward/record.uri?partnerID=HzOxMe3b&scp=105038792880&origin=inward,off-topic-false-hit,"Deep neural network-based segmentation of MR images is a fundamental component of intelligent computer-aided diagnostic. In applications such as lumbar disc analysis, MR data are typically acquired with multiple slices, scan angles, and sequence modalities, which places high demands on the feature representation capability of segmentation models. Existing approaches often rely on increasingly complex network architectures to improve multimodal segmentation performance, but this strategy usually leads to a substantial increase in parameter scale and computational cost, limiting practical deployment in resource-constrained settings. Achieving a favorable balance between segmentation accuracy and model efficiency therefore remains a challenging problem. To address this issue, we propose a brain-inspired lightweight segmentation network termed SIL-Net (Synergistic Interaction Lightweight Network). Motivated by the synergistic interaction mechanisms observed in functional brain networks, SIL-Net is composed of two lightweight subnetworks exhibiting small-world and rich-club properties. In addition, a dynamic loss function is introduced to adaptively regulate the synergistic interaction between the subnetworks during training, enabling effective feature learning under a compact parameter budget. As a result, SIL-Net contains only 2.39 M parameters, approximately 6.5% of those in U-Net++, while achieving superior performance on spine MR image segmentation tasks involving multi-slice and multi-angle data (Dice score of 0.9015 for SIL-Net versus 0.8726 for U-Net++).Furthermore, the segmentation outputs produced by SIL-Net can be readily reconstructed into three-dimensional structures using a simple post-processing algorithm, facilitating structural visualization and auxiliary analysis. These results demonstrate that SIL-Net provides an effective and efficient solution for multimodal MR image segmentation with promising practical applicability.",scopus,llm,0.990,unreviewed,,doi:10.1016/j.bspc.2026.110565
discarded,Stratified Efficacy and Peripheral Neuroinflammatory Mechanisms of Jin’s Tongue Triple Acupuncture as Adjunctive Therapy for Subacute Post-Stroke Broca Aphasia: A 1:1 PSM Retrospective Cohort Study,T. Ma,2026,Journal of Molecular Neuroscience,10.1007/s12031-026-02585-y,https://www.scopus.com/inward/record.uri?partnerID=HzOxMe3b&scp=105047830599&origin=inward,off-topic-false-hit,"Post-stroke Broca-type motor aphasia is characterized by impaired oral expression and naming function (C & abreve;t & abreve;lin Jianu ). Single standardized speech rehabilitation requires a long period for neural remodeling and carries a high risk of long-term deterioration of language function. Jin's tongue triple acupuncture is a targeted tongue acupuncture therapy, which is widely adopted as an adjuvant aphasia intervention in multiple rehabilitation departments nationwide. Existing relevant clinical studies have limitations including small sample sizes, single outcome indicators, lack of stratified efficacy comparison, absence of biomarker detection, and merely qualitative safety description.We performed a 1:1 propensity score-matched retrospective cohort analysis to quantify intergroup disparities in language function, peripheral neuroinflammatory mediators, and graded acupuncture-related adverse reactions. We further clarified the target population and therapeutic boundaries of Jin's tongue triple acupuncture while avoiding overestimation of its clinical efficacy. We retrospectively retrieved consecutive inpatient rehabilitation medical records of stroke patients admitted to the Department of Rehabilitation Medicine, Jingzhou First People's Hospital from March 2025 to March 2026. Sample size calculation was performed based on effective rates reported in previous similar studies. Of the 614 initially screened patients, 188 were excluded according to predefined inclusion and exclusion criteria. The remaining 426 eligible patients were divided into a combined group (Jin's tongue triple acupuncture + standardized speech rehabilitation, n = 221) and a control group (standardized speech rehabilitation alone). To balance baseline confounding variables, 1:1 nearest-neighbor propensity score matching with a caliper of 0.05 was conducted; baseline covariates were regarded as balanced when the standardized mean difference (SMD) was less than 0.1. Primary outcomes covered the total score and four subscores (spontaneous speech, naming, repetition, auditory comprehension) of the Aphasia Battery of Chinese (ABC). Secondary outcomes referred to serum concentrations of BDNF, CGRP, ET-1, IL-1 beta and TNF-alpha measured via ELISA. Stratified subgroup analyses were carried out in accordance with aphasia severity, stroke subtype, age and type 2 diabetes status. All acupuncture-associated adverse reactions were counted by grading standards. Statistical analyses were completed with SPSS 26.0; propensity score matching was performed via the MatchIt package of R 4.2, and conditional logistic regression was conducted using the clogit function from the survival package Table 1. A total of 182 pairs of samples with balanced baseline data were obtained after matching. After continuous 30-day complete intervention, all ABC subscale scores were significantly improved compared with baseline in both groups. The total ABC score, spontaneous speech score and naming score in the combined group were significantly higher than those in the control group (all P < 0.001). No statistically significant intergroup differences were observed in repetition and auditory comprehension (P > 0.05, Table 2). serological detection revealed statistically significant yet moderate-magnitude changes in the expression levels of peripheral neurotrophic factors and inflammatory mediators in the combined group after intervention (all P < 0.001, Table 3).

Stratified analysis revealed that Jin's tongue triple acupuncture yielded definite clinical benefits only in patients with mild and moderate motor aphasia Fig. 4. Patients with ischemic stroke, aged <= 65 years and without type 2 diabetes exhibited better intervention responses Fig. 5. The total incidence of acupuncture-related adverse events was 6.59%, all presenting as self-resolving mild reactions without moderate or severe complications Fig. 6. Propensity-matched real-world clinical data demonstrated that adjuvant Jin's tongue triple acupuncture selectively enhanced spontaneous speech and naming performance among subacute stroke survivors with mild-to-moderate ischemic Broca aphasia. The therapy also modulated circulating levels of peripheral neurotrophic factors and inflammatory mediators. This acupuncture therapy appeared to produce limited expressive language improvements in patients with severe aphasia and extensive bilateral cortical lesions; older age, hemorrhagic stroke, and type 2 diabetes might be associated with attenuated rehabilitation responses based on exploratory subgroup analyses. Formal interaction testing is needed to verify whether these factors significantly modify therapeutic efficacy. Mild acupuncture adverse reactions had low incidence and strong self-healing property, yet clear boundaries existed for applicable populations. Individualized rehabilitation protocols should be formulated according to stratified results to reasonably control rehabilitation expectations.",scopus,llm,0.990,unreviewed,,doi:10.1007/s12031-026-02585-y
discarded,U,Stephen Marvin,2010,,10.1002/9781118582121.ch21,https://openalex.org/W4250679226,supports-claim; adjacent-subtopic; encyclopedia entry listing principle names,This chapter contains sections titled: U(2) Principle Ultrafilter Principle Ultrasonic Measurement Principle Ultrasound Doppler Principle Uncertainty Principle Uncertainty Threshold Principle Unified Principle Unified Principle of Accumulated Advantages Unified Reinforcement Principle Unified Variational Principle Uniform Access Principle Uniform Boundedness Principle Uniformity Principle Unlearned Principle Unreality Principle Unsupported Area Principle Upper Boundedness Principle Use/Disuse Principle Usufruct Principle,openalex,llm_reviewed,0.780,changed,kept->discarded,doi:10.1002/9781118582121.ch21
discarded,Scala Overview,Sufyan bin Uzayr,2023,,10.1201/9781003358527-1,https://openalex.org/W4386027570,supports-claim; adjacent-subtopic; language overview chapter,"Scala was created by Martin Odersky, a German computer scientist and professor of programming techniques at Ecole Polytechnique Federale de Lausanne (EPFL) in Switzerland. On the Java platform, Scala&s;s original version was made available to the public in 2004. After successful compilation, Scala programs are translated into class files containing Java Byte Code and may subsequently be launched on JVM. Scala is intended to be brief and solves Java&s;s shortcomings. Scala programs may be converted to bytecodes and executed on the JVM. Scala&s;s fundamental feature that makes it scalable is that it combines object-oriented and functional programming. It is also possible to use a subset of Java libraries inside Scala and several of Scala&s;s third-party libraries. In this chapter, the authors covered Introduction and History, Setting up the environment in Scala, Hello World program, and Uniform Access Principle.",openalex,llm_reviewed,0.900,changed,kept->discarded,doi:10.1201/9781003358527-1
kept,Polymorphic identifiers,Marcel Weiher; Robert Hirschfeld,2013,ACM SIGPLAN Notices,10.1145/2578856.2508169,https://openalex.org/W4239265625,qualifies-claim; uap-limits,"In object-oriented programming, polymorphic dispatch of operations decouples clients from specific providers of services and allows implementations to be modified or substituted without affecting clients. The Uniform Access Principle (UAP) tries to extend these qualities to resource access by demanding that access to state be indistinguishable from access to operations. Despite language features supporting the UAP, the overall goal of substitutability has not been achieved for either alternative resources such as keyed storage, files or web pages, or for alternate access mechanisms: specific kinds of resources are bound to specific access mechanisms and vice versa. Changing storage or access patterns either requires changes to both clients and service providers and trying to maintain the UAP imposes significant penalties in terms of code-duplication and/or performance overhead. We propose introducing first class identifiers as polymorphic names for storage locations to solve these problems. With these Polymorphic Identifiers , we show that we can provide uniform access to a wide variety of resource types as well as storage and access mechanisms, whether parametrized or direct, without affecting client code, without causing code duplication or significant performance penalties.",openalex,llm_reviewed,0.990,confirmed,,doi:10.1145/2578856.2508169
discarded,Object Inheritance Without Classes,"Jones, Timothy; Michael Homer; James Noble; Kim B. Bruce",2016,DROPS (Schloss Dagstuhl – Leibniz Center for Informatics),10.4230/lipics.ecoop.2016.13,https://openalex.org/W2549844392,adjacent-subtopic,"Which comes first: the object or the class? Language designers enjoy the conceptual simplicity of object-based languages (such as Emerald or Self) while many programmers prefer the pragmatic utility of classical inheritance (as in Simula and Java). Programmers in object-based languages have a tendency to build libraries to support traditional inheritance, and language implementations are often contorted to the same end. In this paper, we revisit the relationship between classes and objects. We model various kinds of inheritance in the context of an object-oriented language whose objects are not defined by classes, and explain why class inheritance and initialisation cannot be easily modelled purely by delegation.",openalex,llm,0.960,unreviewed,,doi:10.4230/lipics.ecoop.2016.13
