status,title,authors,year,venue,doi,url,tags,abstract,provider,decision_source,llm_confidence,llm_review_outcome,llm_change_direction,paper_id
discarded,Industrial Internet-Oriented Unsupervised Hydro-Turbine Bearing Fault Diagnosis via Prototype-Disentangled Conditional Wasserstein Domain Adaptation,"Li, Xueyi; Hu, Binghao; Dong, Jiannan; Dong, Zhilin",2026,FUTURE INTERNET,10.3390/fi18080428,https://www.webofscience.com/wos/woscc/full-record/WOS:001860094200001,off-topic-false-hit,"With the rapid development of Industrial Internet-oriented smart energy systems, hydro-turbine generator units are increasingly monitored through networked sensors, industrial communication infrastructures, and edge/cloud-based condition-monitoring platforms. These Internet-connected monitoring environments provide abundant vibration data for intelligent operation and maintenance (O&M) but also introduce a challenging unsupervised cross-scenario diagnosis problem. Specifically, diagnostic models trained on labeled historical data may suffer severe performance degradation when deployed to unlabeled online data collected under different hydraulic conditions, rotational speeds, or operating conditions. Furthermore, existing domain adaptation methods, in their pursuit of distribution alignment, frequently overlook a critical bottleneck that limits generalization performance: inter-class entanglement. Specifically, under intense hydraulic background noise and cross-condition distribution shifts, features belonging to distinct fault types are highly susceptible to aliasing within the feature space. To overcome these issues, this paper proposes a Conditional Wasserstein Adversarial Network with Bi-level Prototype Disentanglement Regularization (CWAN-BPDR). First, a Conditional Wasserstein Adversarial Network (CWAN) is constructed by combining the smooth-gradient property of Wasserstein distance with conditional adversarial alignment, thereby achieving stable and fine-grained category-level domain adaptation. Furthermore, to alleviate the inter-class entanglement problem that may arise during cross-domain alignment, a Bi-level Prototype Disentanglement Regularization (BPDR) term is designed. By jointly implementing source-target prototype alignment and prototype-feature bidirectional alignment, BPDR explicitly suppresses inter-class confusion and enhances intra-class compactness and inter-class separability in the feature space. Experimental results on the JNU and NEFU datasets demonstrate that CWAN-BPDR achieves average diagnostic accuracies of 97.82% and 98.99%, respectively, while significantly mitigating label entanglement in challenging cross-operating-condition tasks. These results indicate that the proposed method can effectively transfer diagnostic knowledge acquired from labeled historical operating conditions to unlabeled online monitoring data. It can therefore serve as an offline-trained diagnostic module for Industrial Internet of Things-based condition-monitoring platforms in hydropower systems.",wos,llm,0.990,unreviewed,,doi:10.3390/fi18080428
discarded,Emotion Recognition Using Acoustic Features and Deep Learning: A Speaker-Independent Study,"Kolodziej, Marcin; Majkowski, Andrzej; Rywik, Tomasz",2026,SIGNALS,10.3390/signals7040069,https://www.webofscience.com/wos/woscc/full-record/WOS:001859820300001,off-topic-false-hit,"This study compares the effectiveness of two approaches to speech emotion recognition for three affective states in Polish: sad, neutral, and happy. Both a set of acoustic features-capturing prosodic, phonatory, temporal, spectral, and cepstral properties-and representations learned by self-supervised models (wav2vec 2.0 and WavLM) were analyzed. Experiments were conducted on the nEMO corpus, comprising 2327 recordings from nine speakers, using a rigorous leave-one-subject-out protocol to evaluate cross-speaker generalization. In the feature-based approach, 107 acoustic features were used, and classification was performed with logistic regression and, additionally, SVM variants. In the deep learning approach, the wav2vec2-base and WavLM-base models were fine-tuned for the three-class task. The best results were achieved by the self-supervised models: WavLM reached a global balanced accuracy of 0.727 and a macro-F1 score of 0.710, while wav2vec 2.0 achieved 0.722 and 0.695, respectively. Both outperformed the feature-based approach (BAcc = 0.627, macro-F1 = 0.584). Confusion matrix analysis showed that the greatest difficulty lies in distinguishing the neutral class from the sad and happy classes, whereas sad and happy classes are more clearly separable. Feature utility analysis (SFS under the LOSO protocol) indicated the significant role of cepstral features (MFCCs and their derivatives), complemented by selected prosodic and temporal features. An additional comparison of SVM classifiers suggested that the main limitation of this approach lies in the signal representation itself rather than solely in the choice of classifier. Explainability analyses of the deep models, using layer-wise probing and integrated gradients, showed that affective information is best represented in intermediate layers, and that model decisions rely on locally salient segments of the signal. Furthermore, a speaker adaptation experiment demonstrated that personalization significantly improves classification performance, highlighting the potential of such methods for long-term monitoring of affective expression changes in the same individual.",wos,llm,0.990,unreviewed,,doi:10.3390/signals7040069
discarded,Extracting and clustering human visual strategies from video gaze data with Hidden Markov Models for Video-QA performance understanding,"Joutei, Badr Tahri; Le-Callet, Patrick; Bruckert, Alexandre; Dolle, Laurent",2025,"2025 13TH EUROPEAN WORKSHOP ON VISUAL INFORMATION PROCESSING, EUVIP",10.1109/EUVIP66349.2025.11238573,https://www.webofscience.com/wos/woscc/full-record/WOS:001831915500012,off-topic-false-hit,"Human gaze patterns during tasked viewing of an action offer insights into human attention, intention recognition, and the cognitive state of the viewer. These insights have applications in many domains such as collaborative robotics, user interface design, and medical assessment.

In this work, we demonstrate an association between visual strategies employed during task-driven viewing and performance in video question answering (Video-QA). To do so, we leverage eye-tracking data to analyze human visual strategies during action recognition. Specifically, we record participants' gaze as they watch demonstrations of short atomic actions, which form a basis to describe all long form actions, followed by a question-answering step to assess their comprehension.

We model the spatio-temporal dynamics of gaze behavior using Hidden Markov Models (HMMs) and cluster visual strategies for demonstrations of the same task based on visual behavior similarity. We use Binomial Generalized Linear Mixed Model (BGLMM) to investigate how this behavior relates to Video-QA performance. Our results show that participants who exhibit specific visual strategies, as well as participants who are consistent in their visual strategy across different videos, perform better on the question-answering task, while other visual strategies are associated with poor performance and can reveal misunderstandings of the questions. Specifically, more dynamic gaze behavior, with more focused fixations on a relevant object, and more relevant objects considered in the scene are all properties of a better performing visual strategy.

By identifying gaze patterns associated with Video-QA performance, using a probabilistic Bayesian method with interpretable learnable parameters, our approach enables clearer insights into human perception, potentially contributing to more robust and efficient action recognition machine learning models.",wos,llm,0.980,unreviewed,,doi:10.1109/euvip66349.2025.11238573
discarded,SpkAugTSE: A Simple and Efficient Approach to Address Target Confusion in End-to-End Speaker Extraction,"You, Zhenghai; Zhou, Zhenyu; Li, Lantian; Wang, Dong",2025,"2025 ASIA PACIFIC SIGNAL AND INFORMATION PROCESSING ASSOCIATION ANNUAL SUMMIT AND CONFERENCE, APSIPA ASC",10.1109/APSIPAASC65261.2025.11249310,https://www.webofscience.com/wos/woscc/full-record/WOS:001819068300342,off-topic-false-hit,"Target confusion, defined as occasional switching to non-target speakers, poses a key challenge for end-to-end speaker extraction (E2E-SE) systems. We argue that this problem is largely caused by the lack of generalizability and discrimination of the speaker embeddings, and introduce a simple yet effective speaker augmentation strategy to tackle the problem. Specifically, we propose a time-domain resampling and rescaling pipeline that alters speaker traits while preserving other speech properties. This generates a variety of pseudo-speakers to help establish a generalizable speaker embedding space, while the speaker-trait-specific augmentation creates hard samples that force the model to focus on genuine speaker characteristics. Experiments on WSJ02Mix and LibriMix show that our method mitigates the target confusion and improves extraction performance. Moreover, it can be combined with metric learning, another effective approach to address target confusion, leading to further gains.",wos,llm,0.990,unreviewed,,doi:10.1109/apsipaasc65261.2025.11249310
discarded,Learning Mathematical Vectors' Properties and Operations Using the LSEESC Methodology in Engineering and Science Students,"Sanchez Guzman, Daniel; Cervantes Juarez, Erika",2025,"2025 IEEE FRONTIERS IN EDUCATION CONFERENCE, FIE",10.1109/FIE63693.2025.11328730,https://www.webofscience.com/wos/woscc/full-record/WOS:001792342800588,off-topic-false-hit,"In this research-to-practice WIP full work, we investigated the impact of the learning process on the vector's definition and operation concepts utilizing the Learning Science and Engineering with Electronic Spreadsheet Cycle (LSEESC) methodology. This approach was adopted because of the numerous physics courses at different engineering academic programs, students' difficulty in understanding the mathematical models in learning physics is one of the primary factors influencing students' academic low performance. For enhanced the vectors' comprehension, we selected the Free-Body Diagram Analysis (FBDA), as it is the fundamental approach for understanding dynamics with forces and masses interactions. The study was conducted with N = 140 students, taking courses in the first and second semesters, and being the first course of physics in both cases. In the lecture sessions, electronic spreadsheets were used to describe the operations of vector subtraction and addition, also these are used in the practice reports and experiments. For analyzing the impact in the learning process, we employed as quantitative tools the Normalized Conceptual Gain (NCG), Concentration Factor (CF), and Rasch's Index (RI), and for a qualitative analysis, the Semantic Differential (SD) was implemented to ascertain the students' perceptions of the learning experience. Before and after the learning sequence, students answered the Test of Understanding of Vectors (TUV) as pre- and post-test for measuring in a quantitative manner the concepts addressed and learned, and at the conclusion they complete the semantic differential test to collect the perceptions about the learning sequence.",wos,llm,0.990,unreviewed,,doi:10.1109/fie63693.2025.11328730
discarded,Analysis of a Generative AI-Based Graphical Learning Assistance Tool in IPR Courses,"Yen, Chen-Chieh; Hsieh, Pei-Tsen; Chen, Yu-Chieh; Chang, Chia-Kai",2025,"2025 IEEE INTERNATIONAL CONFERENCE ON ADVANCED LEARNING TECHNOLOGIES, ICALT",10.1109/ICALT64023.2025.00071,https://www.webofscience.com/wos/woscc/full-record/WOS:001817562800062,off-topic-false-hit,"This study develops dAIgram, a generative AI-assisted learning platform that integrates automatic visual diagram generation, quiz creation, and interactive Q&A to help students transform large volumes of text into intuitive visuals, enhancing comprehension and application of complex content. It supports various data formats, including PDFs, videos, and text files. An experiment with 76 students from an Intellectual Property Right (IPR) course examined its impact, revealing a significant improvement between midterm and final scores, with an average increase of 6.23% for all students and 9.2% for science and engineering students. Visual diagrams, adaptive quizzes, and interactive Q&A effectively strengthened comprehension, while machine learning analysis showed that platform activity data could predict quiz performance with 3.04% RMSE. Humanities students benefited more from ChatGPT Q&A, whereas science and engineering students showed greater improvement when using the visual diagram generation model. Additionally, survey results indicate that dAIgram reduces learning anxiety and increases engagement. These findings highlight its effectiveness in enhancing learning outcomes and its potential applications in large-volume textual content education. Future research can explore dAIgram's applicability across different disciplines, evaluating its broader educational impact.",wos,llm,0.980,unreviewed,,doi:10.1109/icalt64023.2025.00071
discarded,Validity and Reliability of the 3-Dimensional Printed PhysioCode Handheld Dynamometer for Knee Muscle Strength Assessment,"Sabino, George Schayer; Nascimento, Diego Henrique Antunes; Madaleno, Fernanda Oliveira; Vimieiro, Claysson Bruno Santos; Costa, Pollyana Helena Vieira; Araujo, Guilherme Augusto Santos; Ferreira, Matheus Hissa Lourenco; Resende, Renan Alves",2026,JOURNAL OF SPORT REHABILITATION,10.1123/jsr.2025-0408,https://www.webofscience.com/wos/woscc/full-record/WOS:001853308900001,off-topic-false-hit,"Context: Handheld dynamometry is common for isometric strength testing, but the high cost and import barriers of commercial devices (eg, MicroFET II) limit access. Three-dimensional (3D) printing enables low-cost, customizable instruments. We developed the 3D-printed PhysioCode and examined its measurement properties for knee strength. Design: Methods and Technical Report evaluating concurrent validity and test-retest reliability versus a reference handheld dynamometer. Methods: Forty-nine healthy adults (23.2 [3.9] y; body mass index 21.9 [2.8] kg/m2) performed 3 isometric trials of dominant-limb knee extension and flexion with both devices in randomized order, assessed by 2 trained novice raters under blinded analysis. Concurrent validity was evaluated using Pearson correlation coefficients (r) and root mean square error, and agreement between devices was assessed using Bland-Altman analyses. Reliability was assessed using intraclass correlation coefficients (ICC[2,1] and ICC[2,k]), along with the standard error of measurement and minimal detectable change at 95% confidence. We compared single and repeated test strategies. Results: All mean values differed by <= 21 N between devices across knee extensors and flexors. Concurrent validity was strong-very strong (r= .88-.95; P <.001), with lower root mean square error for averaged repetitions. Bland-Altman showed small, direction-specific bias: PhysioCode slightly overestimated extensor force values (-17 to 21 N) and underestimated flexor force values (-12 N). Reliability was excellent: PhysioCode ICC(2,1) = .93 to .95 and ICC(2,k) = .98 to .98; MicroFET II ICC(2,1) = .89 to .94 and ICC(2, k) = .96 to .98. Averaging 2 to 3 trials reduced standard error of measurement and minimal detectable change at 95% confidence relative to single trials or maxima. Conclusions: The 3D-printed PhysioCode showed adequate concurrent validity and excellent test-retest reliability for knee extensor/flexor strength, with performance comparable to the MicroFET II in this sample of young, healthy adults. Averaging 2 or 3 repetitions improved precision. These findings suggest that PhysioCode may represent an option for strength assessment, warranting further evaluation in target clinical populations.",wos,llm,0.990,unreviewed,,doi:10.1123/jsr.2025-0408
discarded,Validation of versatile training tissue based on konjac powder materials as a surgical training model,"Hiki, Ruriko; Tanaka, Ryota; Ishii, Shun; Kojima, Yohei; Kishiki, Tomokazu; Kaneda, Ryo; Nakazato, Yoko",2026,SURGERY TODAY,10.1007/s00595-026-03462-2,https://www.webofscience.com/wos/woscc/full-record/WOS:001851783500001,off-topic-false-hit,"Purpose Simulation-based surgical training is becoming increasingly important. However, dry laboratory materials lack tissue realism, whereas wet laboratory training raises ethical and cost concerns. We investigated Versatile Training Tissue (VTT), a konjac glucomannan-based model designed to solve problems. This study validated the use of VTT as an educational tool for surgical simulation.Methods Twenty physicians, including 10 expert surgeons and 10 novice residents, performed dissection, ligation, excision, and suturing using the VTT (VESSEL-IN TYPE). The participants' performance was evaluated by three blinded specialist surgeons using four items extracted from the Objective Structured Assessment of Technical Skills. Additionally, evaluations were conducted based on the measured procedural time and wound dehiscence area.Results The expert group showed significantly better performances than the novice group in terms of the modified Objective Structured Assessment of Technical Skills (14.0 vs. 8.7 points, P = 0.007), procedural time (455.5 vs. 891.6 s, P = 0.002), and wound dehiscence area, representing a 58% reduction (4.12 vs. 9.92 mm2, P = 0.039, Cohen's d = 1.025).Conclusions The VTT demonstrated construct validity as an objective assessment tool for surgical training, offering realistic tissue properties. Our results suggest that VTT could be used as a simulation model for surgical training.",wos,llm,0.990,unreviewed,,doi:10.1007/s00595-026-03462-2
discarded,A High-Readability and Image-Integrated QR Code Generation Method,"Lin, Jun-Sheng; Lin, Pei-Yu",2026,"RECENT CHALLENGES IN INTELLIGENT INFORMATION AND DATABASE SYSTEMS, ACIIDS 2026, PT I",10.1007/978-981-92-0068-9_35,https://www.webofscience.com/wos/woscc/full-record/WOS:001814296600035,off-topic-false-hit,"This research presents an aesthetic and readable QR Code beautification method that embeds image information into QR Codes in a structured manner, achieving natural visual fusion while preserving stable scanning performance. The proposed approach exploits the linear properties of Reed-Solomon (RS) codes to redistribute data and error-correction symbols. By constructing an RS extension matrix via Gaussian-Jordan elimination, the control bits originally located at the QR Code center are remapped to peripheral modules, producing results that maintain both data robustness and visual alignment. To enhance visual quality, the QR Code is partitioned into central and peripheral regions. The central modules are rendered using circular elements with an 8-pixel diameter and are further refined through brightness and color adjustments, maximizing retention of the original image details. In contrast, the peripheral modules preserve the traditional black-and-white structure to ensure decoding stability. For improved recognizability, the system automatically adjusts brightness based on grayscale balance and the contribution of each RGB channel, applying weighted corrections when the available dynamic range becomes limited. Experimental results demonstrate that the proposed method significantly enhances the visual appeal and perceptual integration of QR Codes while maintaining a high scanning success rate. The overall design is compatible, reproducible, and provides a practical technical foundation for the generation and application of visually enriched QR Codes.",wos,llm,0.990,unreviewed,,doi:10.1007/978-981-92-0068-9_35
