status,title,authors,year,venue,doi,url,tags,abstract,provider,decision_source,llm_confidence,llm_review_outcome,llm_change_direction,paper_id
discarded,A novel 1D powered Chebyshev quadratic map-based image encryption using dynamic permutation-diffusion,B. Sarra,2026,Scientific Reports,10.1038/s41598-026-38483-x,https://www.scopus.com/inward/record.uri?partnerID=HzOxMe3b&scp=105033822066&origin=inward,adjacent-subtopic,"Chaotic maps have gained significant attention in image encryption systems due to their intrinsic features, including sensitive dependence on initial conditions, non-linear dynamics, high entropy, and ergodicity. These properties enable the generation of complex, pseudo-random sequences that enhance unpredictability and randomness over time. However, many existing chaotic maps suffer from limited chaotic ranges and low adaptability, resulting in reduced encryption strength and vulnerability to differential or statistical attacks. This limitation motivates the development of a new chaotic system with stronger non-linearity, wider chaotic behavior, and improved dynamic flexibility. Based on this, the 1D-Powered Chebyshev Quadratic Map (1D-PCQM) is integrated into a cryptographic framework that aims to improve both security and efficiency. The proposed image encryption scheme referred as Dynamic Triple Chaotic Map Image Encryption Scheme (D3CM-IES) is based on the use of three chaotic maps: the Sine-cosine map, the Sine-Tangent-Sine (STS) map, and the novel 1D-PCQM map. These maps are employed to generate chaotic sequences, and a dynamic selection mechanism is then used to select one of these sequences during encryption, enhancing attack resistance. This scheme is performed through four main steps: (i) generating three chaotic sequences built from the aforementioned chaotic maps; (ii) performing a dynamic selection procedure that selects a single chaotic sequence for encryption; (iii) dynamic switching, where spatial locations (the spatial position of pixels) within the image are rearranged; and (iv) dynamic diffusion, where pixel values are modified to further conceal the image content. A series of experiments and tests were conducted to measure the performance of the proposed scheme and evaluate its ability to withstand known cryptographic attacks. Statistical and security results demonstrated that the proposed scheme exhibits a high degree of robustness. In particular, the method achieves Number of Pixels Change Rate (NPCR) of 99.66% and a Unified Average Changing Intensity (UACI) of 49.94%. Which reflect a high resistance to differential attacks small changes in the plain-text lead to significantly altered cipher-text. These results confirm the method’s effectiveness in providing strong confusion and diffusion, essential for modern image encryption systems.",scopus,llm,0.980,unreviewed,,doi:10.1038/s41598-026-38483-x
discarded,Enhanced simple quadratic map for lightweight PRBG and IoT image encryption,M. Nazish,2026,Iran Journal of Computer Science,10.1007/S42044-026-00389-2,https://www.scopus.com/inward/record.uri?partnerID=HzOxMe3b&scp=105034931649&origin=inward,adjacent-subtopic,,scopus,llm,0.960,unreviewed,,doi:10.1007/s42044-026-00389-2
discarded,Identification of silage bacterial clusters and analysis of their microecological characteristics,M. Li,2026,Environmental Microbiome,10.1186/s40793-026-00891-x,https://www.scopus.com/inward/record.uri?partnerID=HzOxMe3b&scp=105039578236&origin=inward,off-topic-false-hit,"Enterotypes refer to the different bacterial clusters in the gut microecosystem, which are closely related to host physiology, digestion, disease, and other phenotypes. However, whether there are clear clusters in the silage microecosystem, and the fermentation quality and characteristics of unique cluster silage remain unknown. To determine whether distinct bacterial clusters exist in the silage microecosystem and to characterize their fermentation properties, we analyzed the bacterial community composition and fermentation quality of 156 silage samples, and further explored their underlying microbial ecological features. We confirmed three distinct clusters in the silage microbiome, which were named according to their dominant bacterial taxa: the E-cluster (characterized by a higher abundance of unclassified Enterobacteriaceae (UG)), the P-cluster (enriched with Pseudomonas and Janthinobacterium), and the L-cluster (dominated by Lactobacillus). These microbial clusters were closely associated with fermentation quality: the L-cluster exhibited superior silage quality compared to the E- and P-clusters. Meanwhile, the microbial functional profiles differed significantly among the three clusters of silage. Numerous pathways were significantly enriched in the P-cluster, such as the Biosynthesis of other secondary metabolites, etc. Moreover, bacterial co-occurrence networks of three clusters silage displayed cooperative interactions mainly, P-cluster silage network was more complex and tighter, E-cluster silage has more functional microbial units and more stable. Furthermore, the assembly of microbial communities in the three silage clusters was dominated by stochastic processes. Specifically, the E-cluster and L-cluster were governed by ecological drift, while dispersal limitation was more influential in the P-cluster. Overall, we found in our study that the silage microbiome can be divided into three clusters, and different clusters have significant differences in fermentation quality, microbial diversity and compositions, functional profiles, microbial network characteristics and community assembly mechanisms. These results could broaden our comprehension of the silage microbial ecology processes and also provide a scientific basis on which to develop a method to precisely regulate silage quality.",scopus,llm,0.990,unreviewed,,doi:10.1186/s40793-026-00891-x
discarded,SwitchNet: protecting neural networks by structure obfuscation and switch-controlled inference,Y. Cai,2026,Cybersecurity,10.1186/s42400-025-00408-y,https://www.scopus.com/inward/record.uri?partnerID=HzOxMe3b&scp=105037824579&origin=inward,adjacent-subtopic,"
 
 Training deep learning models requires substantial financial and human resources, so once deployed in untrusted environments, these models immediately attract the attention of attackers who seek to steal and misuse them. Traditional model protection methods are ineffective in addressing model accuracy, performance, and proactive defense. To this end, we present an active defensive approach
 SwitchNet
 by obfuscating model structure and proposing a switch-controlled mechanism to manage model inference. Specifically,
 SwitchNet
 learns the weight distribution of the original model and then constructs confusion layers that are strategically inserted into the original model for structure obfuscation. Each of the model layers is equipped with a
 switch
 , which is controlled by a switching policy network. We train this policy network with an adaptive pattern as a “secret key” that can accurately control the switch states, and thereby the model inference process. We conduct a comprehensive theoretical analysis of the perturbation boundary and certify that
 SwitchNet
 maintains high robustness under
 
 
 $$\ell _\infty$$
 
 
 ℓ
 ∞
 
 
 
 
 perturbations, with certified accuracy exceeding 80% at
 
 
 $$\epsilon = 0.0048$$
 
 
 ϵ
 =
 0.0048
 
 
 
 
 (CROWN). In addition, we perform extensive experiments on both classical convolutional networks and Vision Transformers. The results show that
 SwitchNet
 effectively preserves model accuracy for legitimate users (with only a 0.35% drop), while reducing the accuracy for unauthorized users to near-random guessing. Compared to the state-of-the-art, our approach reduces inference and construction overhead by 20.89% and 12.08%, respectively. Furthermore,
 SwitchNet
 proves to be stealthy and resilient against various attacks aimed at detecting or compromising the protection mechanism.
",scopus,llm,0.970,unreviewed,,doi:10.1186/s42400-025-00408-y
discarded,Novel structures of chaos-based parallel multiple image encryption and FPGA implementation,T.M. Hoang,2026,Scientific Reports,10.1038/s41598-025-30471-x,https://www.scopus.com/inward/record.uri?partnerID=HzOxMe3b&scp=105027099080&origin=inward,adjacent-subtopic,"Image data has been generated massively by devices in medical imaging modalities, cameras, and even by artificial intelligence. Encryption is the powerful method to keep the image content confidential, in which an encryption algorithm must include the confusion and diffusion properties. For massive images, a efficient method of encryption must be chosen to meet the demands of encryption speed and confidentiality. So far, chaos-based image encryption has been an active topic of research because it is considered an effective method to remove the correlation in image data as well as to keep confidential by the involvement of chaotic system in the encryption process. Besides, multiple image encryption algorithms encrypt multiple images in parallel, and it provides highly efficient performance in term of speed if it is implemented on a parallel computing platform such as multiple core processing as well as digital hardware design. Chaos-based multiple image encryption is constructed by integrating a chaotic system into multiple image encryption. Recently, many algorithms of chaos-based multiple image encryption have been proposed, and they are proved to have high efficient in terms of both speed and confidentiality. However, all the existing algorithms of chaos-based multiple image encryption require images of the same size and of the same number of bits representing pixels. Further, they encrypt a cohort of plain images at the same time, and all ciphertext images of a cohort must also be decrypted at the same time. It means that if it does not allow to decrypt one or some selected ciphertext images from a cohort separately; and as a result, it wastes time and energy to decrypt unwanted images. In this paper, three novel structures of chaos-based multiple image encryption are proposed which overcome the drawbacks of existing algorithms. That is, the proposed cryptosystems accept cohort images of different sizes; pixels of images can be represented by different numbers of bits; and any selected ciphertext images from a cohort can be decrypted separately. The security is improved by using the session keys of image-content dependency. The proposed structures of multiple image encryption consist of permutation, substitution, and diffusion processes. The difference between three structures is the order of such processes. A perturbed chaotic map and a linear-feedback shift register are employed to generate pseudo-random bit sequences for session keys. The simulation results for the exemplar designs using the proposed structures show the effectiveness by means of the statistical analysis for the session keys using the NIST randomness test, information entropy, histogram, and correlation coefficients of adjacent pixels in ciphertext images, and security analysis by means of space and sensitivity of the secret key. The hardware implementation on the FPGA platform demonstrates the feasibility of the proposed structures by means of throughput and hardware efficiency.",scopus,llm,0.980,unreviewed,,doi:10.1038/s41598-025-30471-x
discarded,Structural connectivity of auditory-linguistic brain networks predicts success in speech categorization and listening in noise,R. Rizzi,2026,Neuroscience,10.1016/j.neuroscience.2026.09.024,https://www.scopus.com/inward/record.uri?partnerID=HzOxMe3b&scp=105051424597&origin=inward,off-topic-false-hit,"Successful speech perception requires listeners to bin continuous acoustic information into discrete phonetic categories. However, some people maintain within-category acoustic information (gradient) while others discard category-irrelevant information (discrete) during perception. Listeners also vary in how consistently they label speech sounds and more gradient/consistent labeling has been linked with better speech-in-noise (SIN) perception. Here, we test how neuroanatomical properties of the brain's major speech-language and auditory pathways relate to individual differences in speech categorization and SIN processing. We measured phonetic categorization and SIN comprehension via phoneme labeling and QuickSIN tasks. Diffusion-weighted imaging (DWI) with probabilistic tractography estimated axonal density within the bilateral arcuate fasciculi and brainstem-cortical auditory projections. Anatomical morphology (surface area, gray matter volume, thickness) was also quantified in the adjacent frontotemporal cortical areas and midbrain. Behaviorally, we found more consistent categorizers had better performance on the QuickSIN. DWI showed that more gradient listeners had greater white matter density in the left arcuate fasciculus and brainstem-cortical auditory pathways, while better SIN performance was predicted by denser white matter in the brainstem-cortical auditory pathways. Morphometric results revealed more consistent listening was associated with greater cortical thickness in right superior temporal gyrus and more gradient listening was associated with greater surface area in right pars opercularis. We infer that individual differences in phonetic categorization relate to SIN comprehension and are at least partially explained by neuroanatomical properties of the auditory-linguistic brain.",scopus,llm,0.990,unreviewed,,doi:10.1016/j.neuroscience.2026.09.024
discarded,Revealing contradictory reduction behavior in shaft furnaces at increasing H2 contents: Combined roles of thermodynamic equilibrium differences and gas flow rate,Y. Fei,2026,Fuel,10.1016/j.fuel.2026.139374,https://www.scopus.com/inward/record.uri?partnerID=HzOxMe3b&scp=105035502705&origin=inward,off-topic-false-hit,"• Roles of H 2 in shaft furnaces are studied across H 2 :CO = 0:100–100:0. • The study uses our recently developed CFD process model. • The reported contradictory reduction behavior is successfully reproduced. • Thermodynamic data and gas flow rate together account for the reduction behavior. • The observed phenomena are explained in terms of internal states. Major iron and steel companies have identified the H 2 -based shaft furnace (SF) as a key decarbonization technology for future development. Its continued advancement aims to achieve full H 2 operation and broaden the applicability of ores with different grades. However, published studies report contradictory trends in SF reduction performance with increasing H 2 content, leading to significant confusion about the role of H 2 . The underlying causes remain unclear, and the influence of ore properties on SF performance has received limited investigation. In this work, using our recently developed CFD model for industrial SFs, the influence of ore properties on SF reduction behavior is investigated under various H 2 contents. Differences in ore properties focus on thermodynamic equilibrium differences, as documented in two well-known databases, NIST and FactSage. The results show that thermodynamic equilibrium differences can modify the contributions of high- and low-temperature reduction, leading to inconsistent trends in metallization as H 2 content increases. The gas flow rate is also a contributing factor, as it alters the H 2 :CO range in which the thermodynamic disadvantage of H 2 reduction hinders reduction. These findings provide insight into how ore properties and the reducing gas flow rate modulate in-furnace H 2 reduction and highlight the need for reliable ore characterization to properly assess H 2 -based SF performance.",scopus,llm,0.990,unreviewed,,doi:10.1016/j.fuel.2026.139374
discarded,Distribution-anchored causal regularization network for exemplar-free class incremental fault diagnosis under unseen operating domains,H. Wu,2026,Advanced Engineering Informatics,10.1016/j.aei.2026.104956,https://www.scopus.com/inward/record.uri?partnerID=HzOxMe3b&scp=105041659128&origin=inward,off-topic-false-hit,"Class incremental fault diagnosis (CIFD) models can continuously learn newly emerging fault types without requiring retraining from scratch. Unfortunately, existing approaches achieve promising performance only within seen operating domains and rely on storing historical data. In practice, fault types continually arise under varying operating conditions, and data privacy further limits the preservation of past data. Given these limitations, we propose a distribution-anchored causal regularization network (DCRN) for exemplar-free CIFD under unseen operating conditions. Specifically, a causal effect matrix (CEM) is introduced to characterize the causal mechanisms underlying model decision-making by quantifying relationships between features and prediction scores. Subsequently, a causal regularization loss is designed to guide the model to rely on causal properties during classification, thereby mitigating confusion induced by feature drift in unseen operating domains. Furthermore, a distribution-anchored prototype generation strategy is developed to represent different fault types. To mitigate catastrophic forgetting, we propose a dual-phase fine-tuning strategy that systematically optimizes the network by incorporating a prototype-anchored regularization loss. Experiments conducted on the bearing and wheelset datasets show that the DCRN achieves average accuracies of 96.08 % and 95.80 %, respectively, representing significant improvements of 8.29 % and 15.63 % over existing approaches. The experimental results indicate that DCRN achieves superior performance in exemplar-free CIFD across unseen operating domains.",scopus,llm,0.980,unreviewed,,doi:10.1016/j.aei.2026.104956
discarded,Geoelectric curve amplitude and percentage thickening for aquifer vulnerability and hydrological connectivity in aquifer-water channel systems: Machine learning performance metrics in Akwa Ibom State,N.J. George,2026,Geosystems and Geoenvironment,10.1016/j.geogeo.2026.100550,https://www.scopus.com/inward/record.uri?partnerID=HzOxMe3b&scp=105042864701&origin=inward,off-topic-false-hit,"This study examines the geoelectric properties of aquifer systems in Akwa Ibom State, Nigeria, to assess vulnerability and hydrological connectivity in a coastal environment challenged by saltwater intrusion and fluctuating recharge–discharge dynamics. The objective is to determine how resistivity inversion, subsurface variability, and geoelectric indices can be applied to quantify aquifer protection and exposure to surface water influence. vertical electrical sounding (VES) and electrical resistivity tomography (ERT) were combined with the VES attendant curve amplitude and percentage thickening analyses to characterize aquifer depth, thickness, and resistivity across different layers. Aquifer depths ranged from 0.6 to 104.3 m, while resistivity values in unconfined freshwater aquifers varied between 35.4 and 104.3 Ωm. Coastal areas such as Oron, Eket, and Ikot Abasi showed pronounced saltwater intrusion, reducing both resistivity and usable aquifer thickness. Recharge inflow accounted for 56% against 44% discharge outflow, highlighting the dynamic interaction between rivers and aquifers in maintaining hydrological balance, while additional parameters including formation factor, porosity, hydraulic conductivity, and transmissivity further emphasized the spatial variability of groundwater flow and extraction potential. A tuned extreme gradient boosting (XGBoost) model was applied to assess aquifer vulnerability, and the receiver operating characteristic (ROC) curve produced a perfect training AUC of 1.00 and a robust test AUC of 0.875, demonstrating high classification accuracy and generalization. The confusion matrix recorded six correct predictions out of eight (accuracy = 0.75), with precision, recall, specificity, and F1-score each attaining 0.75, thereby confirming consistent identification of vulnerable aquifers with minimal misclassification of protected ones. Hydrogeologically, high amplitude values corresponded to protective clay overburden, whereas reduced percentage thickening indicated weaker barriers, greater connectivity with surface channels, and increased contamination risk. The innovation of this work lies in the integration of geoelectric curve amplitude and percentage thickening indices with machine learning performance evaluation, and by validating these indices through statistical performance metrics rather than qualitative interpretation alone, the study establishes them as reliable proxies for aquifer vulnerability and hydrological connectivity. The findings provide a scientific foundation for groundwater protection, sustainable abstraction, and long-term aquifer management in hydrologically sensitive coastal regions.",scopus,llm,0.990,unreviewed,,doi:10.1016/j.geogeo.2026.100550
