status,title,authors,year,venue,doi,url,tags,abstract,provider,decision_source,llm_confidence,llm_review_outcome,llm_change_direction,paper_id
discarded,OpenCL Programming Guide,Aaftab Munshi; Benedict R. Gaster; Timothy G. Mattson; James Fung; Dan Ginsburg,2011,,,https://openalex.org/W1906046253,adjacent-subtopic,"Using the new OpenCL (Open Computing Language) standard, you can write applications that access all available programming resources: CPUs, GPUs, and other processors such as DSPs and the Cell/B.E. processor. Already implemented by Apple, AMD, Intel, IBM, NVIDIA, and other leaders, OpenCL has outstanding potential for PCs, servers, handheld/embedded devices, high performance computing, and even cloud systems. This is the first comprehensive, authoritative, and practical guide to OpenCL 1.1 specifically for working developers and software architects. Written by five leading OpenCL authorities, OpenCL Programming Guide covers the entire specification. It reviews key use cases, shows how OpenCL can express a wide range of parallel algorithms, and offers complete reference material on both the API and OpenCL C programming language. Through complete case studies and downloadable code examples, the authors show how to write complex parallel programs that decompose workloads across many different devices. They also present all the essentials of OpenCL software performance optimization, including probing and adapting to hardware. Coverage includes Understanding OpenCL’s architecture, concepts, terminology, goals, and rationale Programming with OpenCL C and the runtime API Using buffers, sub-buffers, images, samplers, and events Sharing and synchronizing data with OpenGL and Microsoft’s Direct3D Simplifying development with the C++ Wrapper API Using OpenCL Embedded Profiles to support devices ranging from cellphones to supercomputer nodes Case studies dealing with physics simulation; image and signal processing, such as image histograms, edge detection filters, Fast Fourier Transforms, and optical flow; math libraries, such as matrix multiplication and high-performance sparse matrix multiplication; and more Source code for this book is available at https://code.google.com/p/opencl-book-samples/",openalex,llm,0.970,unreviewed,,hash:0faa30e72cd0a7ec
discarded,What Makes APIs Hard to Learn? Answers from Developers,Martin P. Robillard,2009,IEEE Software,10.1109/ms.2009.193,https://openalex.org/W2008107570,adjacent-subtopic,"The paper discusses the application program interface (API). Most software projects reuse components exposed through APIs. In fact, current-day software development technologies are becoming inseparable from the large APIs they provide. An API is the interface to implemented functionality that developers can access to perform various tasks. APIs support code reuse, provide high-level abstractions that facilitate programming tasks, and help unify the programming experience. A study of obstacles that professional Microsoft developers faced when learning to use APIs uncovered challenges and resulting implications for API users and designers. The article focuses on the obstacles to learning an API. Although learnability is only one dimension of usability, there's a clear relationship between the two, in that difficult-to-use APIs are likely to be difficult to learn as well. Many API usability studies focus on situations where developers are learning to use an API. The author concludes that as APIs keep growing larger, developers will need to learn a proportionally smaller fraction of the whole. In such situations, the way to foster more efficient API learning experiences is to include more sophisticated means for developers to identify the information and the resources they need-even for well-designed and documented APIs.",openalex,llm,0.930,unreviewed,,doi:10.1109/ms.2009.193
discarded,"A Survey on Open Radio Access Networks: Challenges, Research Directions, and Open Source Approaches",Wilfrid Azariah; Fransiscus Asisi Bimo; Chih-Wei Lin; Ray‐Guang Cheng; Navid Nikaein; Rittwik Jana,2024,Sensors,10.3390/s24031038,https://openalex.org/W4391540976,off-topic-false-hit,"The open radio access network (RAN) aims to bring openness and intelligence to the traditional closed and proprietary RAN technology and offer flexibility, performance improvement, and cost-efficiency in the RAN's deployment and operation. This paper provides a comprehensive survey of the Open RAN development. We briefly summarize the RAN evolution history and the state-of-the-art technologies applied to Open RAN. The Open RAN-related projects, activities, and standardization is then discussed. We then summarize the challenges and future research directions required to support the Open RAN. Finally, we discuss some solutions to tackle these issues from the open source perspective.",openalex,llm,1.000,unreviewed,,doi:10.3390/s24031038
discarded,API: Design Matters,Michi Henning,2007,Queue,10.1145/1255421.1255422,https://openalex.org/W3129164296,adjacent-subtopic,"After more than 25 years as a software engineer, I still find myself underestimating the time it will take to complete a particular programming task. Sometimes, the resulting schedule slip is caused by my own shortcomings: as I dig into a problem, I simply discover that it is a lot harder than I initially thought, so the problem takes longer to solve—such is life as a programmer. Just as often I know exactly what I want to achieve and how to achieve it, but it still takes far longer than anticipated. When that happens, it is usually because I am struggling with an API that seems to do its level best to throw rocks in my path and make my life difficult. What I find telling is that, after 25 years of progress in software engineering, this still happens. Worse, recent APIs implemented in modern programming languages make the same mistakes as their two-decade-old counterparts written in C. There seems to be something elusive about API design that, despite many years of progress, we have yet to master.",openalex,llm,0.860,unreviewed,,doi:10.1145/1255421.1255422
discarded,A RESTful API for Accessing Microbial Community Data for MG-RAST,Andreas Wilke; Jared Bischof; Travis Harrison; Tom Brettin; Mark D’Souza; Wolfgang Gerlach; Hunter Matthews; Tobias Paczian; Jared Wilkening; Elizabeth M. Glass; Narayan Desai; Folker Meyer,2015,PLoS Computational Biology,10.1371/journal.pcbi.1004008,https://openalex.org/W1997787178,adjacent-subtopic,"Metagenomic sequencing has produced significant amounts of data in recent years. For example, as of summer 2013, MG-RAST has been used to annotate over 110,000 data sets totaling over 43 Terabases. With metagenomic sequencing finding even wider adoption in the scientific community, the existing web-based analysis tools and infrastructure in MG-RAST provide limited capability for data retrieval and analysis, such as comparative analysis between multiple data sets. Moreover, although the system provides many analysis tools, it is not comprehensive. By opening MG-RAST up via a web services API (application programmers interface) we have greatly expanded access to MG-RAST data, as well as provided a mechanism for the use of third-party analysis tools with MG-RAST data. This RESTful API makes all data and data objects created by the MG-RAST pipeline accessible as JSON objects. As part of the DOE Systems Biology Knowledgebase project (KBase, http://kbase.us) we have implemented a web services API for MG-RAST. This API complements the existing MG-RAST web interface and constitutes the basis of KBase's microbial community capabilities. In addition, the API exposes a comprehensive collection of data to programmers. This API, which uses a RESTful (Representational State Transfer) implementation, is compatible with most programming environments and should be easy to use for end users and third parties. It provides comprehensive access to sequence data, quality control results, annotations, and many other data types. Where feasible, we have used standards to expose data and metadata. Code examples are provided in a number of languages both to show the versatility of the API and to provide a starting point for users. We present an API that exposes the data in MG-RAST for consumption by our users, greatly enhancing the utility of the MG-RAST service.",openalex,llm,0.980,unreviewed,,doi:10.1371/journal.pcbi.1004008
discarded,Pharmaceutical aspects of salt and cocrystal forms of APIs and characterization challenges,Paolo Cerreia Vioglio; Michele R. Chierotti; Roberto Gobetto,2017,Advanced Drug Delivery Reviews,10.1016/j.addr.2017.07.001,https://openalex.org/W2727451508,off-topic-false-hit,"In recent years many efforts have been devoted to the screening and the study of new solid-state forms of old active pharmaceutical ingredients (APIs) with salification or co-crystallization processes, thus modulating final properties without changing the pharmacological nature. Salts, hydrates/solvates, and cocrystals are the common solid-state forms employed. They offer the intriguing possibility of exploring different pharmaceutical properties for a single API in the quest of enhancing the final drug product. New synthetic strategies and advanced characterization techniques have been recently proposed in this hot topic for pharmaceutical companies. This paper reviews the recent progresses in the field particularly focusing on the characterization challenges encountered when the nature of the solid-state form must be determined. The aim of this article is to offer the state-of-the-art on this subject in order to develop new insights and to promote cooperative efforts in the fascinating field of API salt and cocrystal forms. (C) 2017 Elsevier B.V. All rights reserved.",openalex,llm,1.000,unreviewed,,doi:10.1016/j.addr.2017.07.001
discarded,Improvement of Dissolution Rates of Poorly Water Soluble APIs Using Novel Spray Freezing into Liquid Technology,Jiahui Hu; True L. Rogers; Judith Brown; Tim Young; Keith P. Johnston; Robert O. Williams,2002,Pharmaceutical Research,10.1023/a:1020390422785,https://openalex.org/W44329909,off-topic-false-hit,"Purpose. To develop and demonstrate a novel particle engineering technology, spray freezing into liquid (SFL), to enhance the dissolution rates of poorly water-soluble active pharmaceutical ingredients (APIs).

Methods. Model APIs, danazol or carbamazepine with or without excipients, were dissolved in a tetrahydrofuran/water cosolvent system and atomized through a nozzle beneath the surface of liquid nitrogen to produce small frozen droplets, which were subsequently lyophilized. The physicochemical properties of the SFL powders and controls were characterized by X-ray diffraction, scanning electron microscopy (SEM), particle size distribution, surface area analysis, contact angle measurement, and dissolution.

Results. The X-ray diffraction pattern indicated that SFL powders containing either danazol or carbamazepine were amorphous. SEM micrographs indicated that SFL particles were highly porous. The mean particle diameter of SFL carbamazepine/SLS powder was about 7 mum. The surface area of SFL danazol/poloxamer 407 powder was 11.04 m(2)/g. The dissolution of SFL danazol/poloxamer 407 powder at 10 min was about 99%. The SFL powders were free flowing and had good physical and chemical stability after being stored at 25degreesC/60% RH for 2 months.

Conclusions. The novel SFL technology was demonstrated to produce nanostructured amorphous highly porous particles of poorly water soluble APIs with significantly enhanced wetting and dissolution rates.",openalex,llm,1.000,unreviewed,,doi:10.1023/a:1020390422785
discarded,API usability,John M. Daughtry; Umer Farooq; Jeffrey Stylos; Brad A. Myers,2009,,10.1145/1520340.1520403,https://openalex.org/W2069527335,adjacent-subtopic,"Programmers of all types from novice end-user developers to professional software engineers make use of application programming interfaces (API) within their various designs. And, while the use of these interfaces is ubiquitous, there is little research about their design. Recently, a number of researchers and practitioners have begun to treat API design as a first-order object of study and practice. The purpose of this special interest group meeting is to bring together the community of usability researchers and professionals interested in API usability. The time will be used to discuss attendees' ideas and opinions in order to stimulate this new and exciting emerging field that crosses the boundaries between human-computer interaction and software engineering.",openalex,llm,0.930,unreviewed,,doi:10.1145/1520340.1520403
discarded,Fastai: A Layered API for Deep Learning,Jeremy Howard; Sylvain Gugger,2020,Information,10.3390/info11020108,https://openalex.org/W3006436762,adjacent-subtopic,"fastai is a deep learning library which provides practitioners with high-level components that can quickly and easily provide state-of-the-art results in standard deep learning domains, and provides researchers with low-level components that can be mixed and matched to build new approaches. It aims to do both things without substantial compromises in ease of use, flexibility, or performance. This is possible thanks to a carefully layered architecture, which expresses common underlying patterns of many deep learning and data processing techniques in terms of decoupled abstractions. These abstractions can be expressed concisely and clearly by leveraging the dynamism of the underlying Python language and the flexibility of the PyTorch library. fastai includes: a new type dispatch system for Python along with a semantic type hierarchy for tensors; a GPU-optimized computer vision library which can be extended in pure Python; an optimizer which refactors out the common functionality of modern optimizers into two basic pieces, allowing optimization algorithms to be implemented in 4–5 lines of code; a novel 2-way callback system that can access any part of the data, model, or optimizer and change it at any point during training; a new data block API; and much more. We used this library to successfully create a complete deep learning course, which we were able to write more quickly than using previous approaches, and the code was more clear. The library is already in wide use in research, industry, and teaching.",openalex,llm,0.970,unreviewed,,doi:10.3390/info11020108
discarded,FedML: A Research Library and Benchmark for Federated Machine Learning,"Chaoyang He; Songze Li; Jinhyun So; Zeng, Xiao; Mi Zhang; Hongyi Wang; Xiaoyang Wang; Praneeth Vepakomma; Abhishek Singh; Hang Qiu; Zhu, Xinghua; Wang, Jianzong; Li Shen; Peilin Zhao; Yan Kang; Yang Liu; Ramesh Raskar; Qiang Yang; Murali Annavaram; Salman Avestimehr",2020,arXiv (Cornell University),10.48550/arxiv.2007.13518,https://openalex.org/W3044211235,adjacent-subtopic,"Federated learning (FL) is a rapidly growing research field in machine learning. However, existing FL libraries cannot adequately support diverse algorithmic development; inconsistent dataset and model usage make fair algorithm comparison challenging. In this work, we introduce FedML, an open research library and benchmark to facilitate FL algorithm development and fair performance comparison. FedML supports three computing paradigms: on-device training for edge devices, distributed computing, and single-machine simulation. FedML also promotes diverse algorithmic research with flexible and generic API design and comprehensive reference baseline implementations (optimizer, models, and datasets). We hope FedML could provide an efficient and reproducible means for developing and evaluating FL algorithms that would benefit the FL research community. We maintain the source code, documents, and user community at https://fedml.ai.",openalex,llm,0.980,unreviewed,,doi:10.48550/arxiv.2007.13518
discarded,"The Dfam community resource of transposable element families, sequence models, and genome annotations",Jessica M. Storer; Robert M. Hubley; Jeb R. Rosen; Travis J. Wheeler; Arian F. A. Smit,2021,Mobile DNA,10.1186/s13100-020-00230-y,https://openalex.org/W3119908887,off-topic-false-hit,"Dfam is an open access database of repetitive DNA families, sequence models, and genome annotations. The 3.0-3.3 releases of Dfam ( https://dfam.org ) represent an evolution from a proof-of-principle collection of transposable element families in model organisms into a community resource for a broad range of species, and for both curated and uncurated datasets. In addition, releases since Dfam 3.0 provide auxiliary consensus sequence models, transposable element protein alignments, and a formalized classification system to support the growing diversity of organisms represented in the resource. The latest release includes 266,740 new de novo generated transposable element families from 336 species contributed by the EBI. This expansion demonstrates the utility of many of Dfam's new features and provides insight into the long term challenges ahead for improving de novo generated transposable element datasets.",openalex,llm,0.990,unreviewed,,doi:10.1186/s13100-020-00230-y
discarded,Access Control Mechanism for IoT Environments Based on Modelling Communication Procedures as Resources,Luis Cruz-Piris; Diego Rivera; Iván Marsá-Maestre; Enrique de la Hoz; Juan R. Velasco,2018,Sensors,10.3390/s18030917,https://openalex.org/W2790633456,adjacent-subtopic,"Internet growth has generated new types of services where the use of sensors and actuators is especially remarkable. These services compose what is known as the Internet of Things (IoT). One of the biggest current challenges is obtaining a safe and easy access control scheme for the data managed in these services. We propose integrating IoT devices in an access control system designed for Web-based services by modelling certain IoT communication elements as resources. This would allow us to obtain a unified access control scheme between heterogeneous devices (IoT devices, Internet-based services, etc.). To achieve this, we have analysed the most relevant communication protocols for these kinds of environments and then we have proposed a methodology which allows the modelling of communication actions as resources. Then, we can protect these resources using access control mechanisms. The validation of our proposal has been carried out by selecting a communication protocol based on message exchange, specifically Message Queuing Telemetry Transport (MQTT). As an access control scheme, we have selected User-Managed Access (UMA), an existing Open Authorization (OAuth) 2.0 profile originally developed for the protection of Internet services. We have performed tests focused on validating the proposed solution in terms of the correctness of the access control system. Finally, we have evaluated the energy consumption overhead when using our proposal.",openalex,llm,0.990,unreviewed,,doi:10.3390/s18030917
discarded,"BiGG Models: A platform for integrating, standardizing and sharing genome-scale models",Zachary A. King; Justin S. Lu; Andreas Dräger; Philip Miller; Stephen Federowicz; Joshua A. Lerman; Ali Ebrahim; Bernhard Ørn Palsson; Nathan E. Lewis,2015,Nucleic Acids Research,10.1093/nar/gkv1049,https://openalex.org/W2202347610,off-topic-false-hit,"Genome-scale metabolic models are mathematically-structured knowledge bases that can be used to predict metabolic pathway usage and growth phenotypes. Furthermore, they can generate and test hypotheses when integrated with experimental data. To maximize the value of these models, centralized repositories of high-quality models must be established, models must adhere to established standards and model components must be linked to relevant databases. Tools for model visualization further enhance their utility. To meet these needs, we present BiGG Models (http://bigg.ucsd.edu), a completely redesigned Biochemical, Genetic and Genomic knowledge base. BiGG Models contains more than 75 high-quality, manually-curated genome-scale metabolic models. On the website, users can browse, search and visualize models. BiGG Models connects genome-scale models to genome annotations and external databases. Reaction and metabolite identifiers have been standardized across models to conform to community standards and enable rapid comparison across models. Furthermore, BiGG Models provides a comprehensive application programming interface for accessing BiGG Models with modeling and analysis tools. As a resource for highly curated, standardized and accessible models of metabolism, BiGG Models will facilitate diverse systems biology studies and support knowledge-based analysis of diverse experimental data.",openalex,llm,0.970,unreviewed,,doi:10.1093/nar/gkv1049
