status,title,authors,year,venue,doi,url,tags,abstract,provider,decision_source,llm_confidence,llm_review_outcome,llm_change_direction,paper_id
discarded,Array programming with NumPy,Charles R. Harris; K. Jarrod Millman; Stéfan J. van der Walt; Ralf Gommers; Pauli Virtanen; David Cournapeau; Eric Wieser; Julian Taylor; Sebastian Berg; Nathaniel J. Smith; Robert Kern; Matti Picus; Stephan Hoyer; Marten H. van Kerkwijk; Matthew Brett; Allan Haldane; Jaime Fernández del Río; Mark Wiebe; Pearu Peterson; Pierre Gérard-Marchant; Kevin Sheppard; Tyler Reddy; Warren Weckesser; Hameer Abbasi; Christoph Gohlke; Travis E. Oliphant,2020,Nature,10.1038/s41586-020-2649-2,https://openalex.org/W3035965352,adjacent-subtopic,"Abstract Array programming provides a powerful, compact and expressive syntax for accessing, manipulating and operating on data in vectors, matrices and higher-dimensional arrays. NumPy is the primary array programming library for the Python language. It has an essential role in research analysis pipelines in fields as diverse as physics, chemistry, astronomy, geoscience, biology, psychology, materials science, engineering, finance and economics. For example, in astronomy, NumPy was an important part of the software stack used in the discovery of gravitational waves 1 and in the first imaging of a black hole 2 . Here we review how a few fundamental array concepts lead to a simple and powerful programming paradigm for organizing, exploring and analysing scientific data. NumPy is the foundation upon which the scientific Python ecosystem is constructed. It is so pervasive that several projects, targeting audiences with specialized needs, have developed their own NumPy-like interfaces and array objects. Owing to its central position in the ecosystem, NumPy increasingly acts as an interoperability layer between such array computation libraries and, together with its application programming interface (API), provides a flexible framework to support the next decade of scientific and industrial analysis.",openalex,llm,0.940,unreviewed,,doi:10.1038/s41586-020-2649-2
discarded,High Performance Multilayer MoS2 Transistors with Scandium Contacts,Saptarshi Das; Hong-Yan Chen; Ashish Verma Penumatcha; Joerg Appenzeller,2012,Nano Letters,10.1021/nl303583v,https://openalex.org/W1978905540,off-topic-false-hit,"While there has been growing interest in two-dimensional (2-D) crystals other than graphene, evaluating their potential usefulness for electronic applications is still in its infancy due to the lack of a complete picture of their performance potential. The focus of this article is on contacts. We demonstrate that through a proper understanding and design of source/drain contacts and the right choice of number of MoS(2) layers the excellent intrinsic properties of this 2-D material can be harvested. Using scandium contacts on 10-nm-thick exfoliated MoS(2) flakes that are covered by a 15 nm Al(2)O(3) film, high effective mobilities of 700 cm(2)/(V s) are achieved at room temperature. This breakthrough is largely attributed to the fact that we succeeded in eliminating contact resistance effects that limited the device performance in the past unrecognized. In fact, the apparent linear dependence of current on drain voltage had mislead researchers to believe that a truly Ohmic contact had already been achieved, a misconception that we also elucidate in the present article.",openalex,llm,1.000,unreviewed,,doi:10.1021/nl303583v
discarded,The SIDER database of drugs and side effects,Michael Kuhn; Ivica Letunić; Lars Juhl Jensen; Peer Bork,2015,Nucleic Acids Research,10.1093/nar/gkv1075,https://openalex.org/W2145578524,off-topic-false-hit,"Unwanted side effects of drugs are a burden on patients and a severe impediment in the development of new drugs. At the same time, adverse drug reactions (ADRs) recorded during clinical trials are an important source of human phenotypic data. It is therefore essential to combine data on drugs, targets and side effects into a more complete picture of the therapeutic mechanism of actions of drugs and the ways in which they cause adverse reactions. To this end, we have created the SIDER ('Side Effect Resource', http://sideeffects.embl.de) database of drugs and ADRs. The current release, SIDER 4, contains data on 1430 drugs, 5880 ADRs and 140 064 drug-ADR pairs, which is an increase of 40% compared to the previous version. For more fine-grained analyses, we extracted the frequency with which side effects occur from the package inserts. This information is available for 39% of drug-ADR pairs, 19% of which can be compared to the frequency under placebo treatment. SIDER furthermore contains a data set of drug indications, extracted from the package inserts using Natural Language Processing. These drug indications are used to reduce the rate of false positives by identifying medical terms that do not correspond to ADRs.",openalex,llm,1.000,unreviewed,,doi:10.1093/nar/gkv1075
discarded,Supercapacitors Performance Evaluation,Sanliang Zhang; Ning Pan,2014,Advanced Energy Materials,10.1002/aenm.201401401,https://openalex.org/W2156962388,off-topic-false-hit,"The performance of a supercapacitor can be characterized by a series of key parameters, including the cell capacitance, operating voltage, equivalent series resistance, power density, energy density, and time constant. To accurately measure these parameters, a variety of methods have been proposed and are used in academia and industry. As a result, some confusion has been caused due to the inconsistencies between different evaluation methods and practices. Such confusion hinders effective communication of new research findings, and creates a hurdle in transferring novel supercapacitor technologies from research labs to commercial applications. Based on public sources, this article is an attempt to inventory, critique and hopefully streamline the commonly used instruments, key performance metrics, calculation methods, and major affecting factors for supercapacitor performance evaluation. Thereafter the primary sources of inconsistencies are identified and possible solutions are suggested, with emphasis on device performance vs. material properties and the rate dependency of supercapacitors. We hope, by using reliable, intrinsic, and comparable parameters produced, the existing inconsistencies and confusion can be largely eliminated so as to facilitate further progress in the field.",openalex,llm,1.000,unreviewed,,doi:10.1002/aenm.201401401
discarded,The Development and Psychometric Properties of LIWC2015,"James W. Pennebaker; Boyd, Ryan L.; Jordan, Kayla; Blackburn, Kate",2015,Zenodo (CERN European Organization for Nuclear Research),10.15781/t25p41,https://openalex.org/W2281492572,off-topic-false-hit,"The paper summarizes the nature of the LIWC2015 text analysis program, including the development of the dictionaries and the basic psychometrics of the output. Results of the 2015 version are compared with the 2007 version.",openalex,llm,0.990,unreviewed,,doi:10.15781/t25p41
discarded,Resilience and Stability of Ecological Systems,Crawford S. Holling,1973,Annual Review of Ecology and Systematics,10.1146/annurev.es.04.110173.000245,https://openalex.org/W2011303397,off-topic-false-hit,"Individuals die, populations disappear, and species become extinct. That is one view of the world. But another view of the world concentrates not so much on presence or absence as upon the numbers of organisms and the degree of constancy of their numbers. These are two very different ways of viewing the behavior of systems and the usefulness of the view depends very much on the properties of the system concerned. If we are examining a particular device designed by the engineer to perform specific tasks under a rather narrow range of predictable external conditions, we are likely to be more concerned with consistent nonvariable performance in which slight departures from the performance goal are immediately counteracted. A quantitative view of the behavior of the system is, therefore, essential. With attention focused upon achieving constancy, the critical events seem to be the amplitude and frequency of oscillations. But if we are dealing with a system profoundly affected by changes external to it, and continually confronted by the unexpected, the constancy of its behavior becomes less important than the persistence of the relationships. Attention shifts, therefore, to the qualitative and to questions of existence or not. Our traditions of analysis in theoretical and empirical ecology have been largely inherited from developments in classical physics and its applied variants. Inevitably, there has been a tendency to emphasize the quantitative rather than the qualitative, for it is important in this tradition to know not just that a quantity is larger than another quantity, but precisely how much larger. It is similarly important, if a quantity fluctuates, to know its amplitude and period of fluctuation. But this orientation may simply reflect an analytic approach developed in one area because it was useful and then transferred to another where it may not be. Our traditional view of natural systems, therefore, might well be less a meaningful reality than a perceptual convenience. There can in some years be more owls and fewer mice and in others, the reverse. Fish populations wax and wane as a natural condition, and insect populations can range over extremes that only logarithmic",openalex,llm,1.000,unreviewed,,doi:10.1146/annurev.es.04.110173.000245
discarded,ADMETlab 2.0: an integrated online platform for accurate and comprehensive predictions of ADMET properties,Guo‐Li Xiong; Zhenhua Wu; Jiacai Yi; Li Fu; Zhijiang Yang; Chang‐Yu Hsieh; Mingzhu Yin; Xiangxiang Zeng; Chengkun Wu; Aiping Lü; Xiang Chen; Tingjun Hou; Dongsheng Cao,2021,Nucleic Acids Research,10.1093/nar/gkab255,https://openalex.org/W3154258817,off-topic-false-hit,"Because undesirable pharmacokinetics and toxicity of candidate compounds are the main reasons for the failure of drug development, it has been widely recognized that absorption, distribution, metabolism, excretion and toxicity (ADMET) should be evaluated as early as possible. In silico ADMET evaluation models have been developed as an additional tool to assist medicinal chemists in the design and optimization of leads. Here, we announced the release of ADMETlab 2.0, a completely redesigned version of the widely used AMDETlab web server for the predictions of pharmacokinetics and toxicity properties of chemicals, of which the supported ADMET-related endpoints are approximately twice the number of the endpoints in the previous version, including 17 physicochemical properties, 13 medicinal chemistry properties, 23 ADME properties, 27 toxicity endpoints and 8 toxicophore rules (751 substructures). A multi-task graph attention framework was employed to develop the robust and accurate models in ADMETlab 2.0. The batch computation module was provided in response to numerous requests from users, and the representation of the results was further optimized. The ADMETlab 2.0 server is freely available, without registration, at https://admetmesh.scbdd.com/.",openalex,llm,1.000,unreviewed,,doi:10.1093/nar/gkab255
discarded,Standards and guidelines for the interpretation of sequence variants: a joint consensus recommendation of the American College of Medical Genetics and Genomics and the Association for Molecular Pathology,Sue Richards; Nazneen Aziz; Sherri J. Bale; David P Bick; Soma Das; Julie M. Gastier‐Foster; Wayne W. Grody; Madhuri Hegde; Elaine Lyon; Elaine Spector; Karl V. Voelkerding; Heidi L. Rehm,2015,Genetics in Medicine,10.1038/gim.2015.30,https://openalex.org/W2051978340,off-topic-false-hit,"Disclaimer: These ACMG Standards and Guidelines were developed primarily as an educational resource for clinical laboratory geneticists to help them provide quality clinical laboratory services. Adherence to these standards and guidelines is voluntary and does not necessarily assure a successful medical outcome. These Standards and Guidelines should not be considered inclusive of all proper procedures and tests or exclusive of other procedures and tests that are reasonably directed to obtaining the same results. In determining the propriety of any specific procedure or test, the clinical laboratory geneticist should apply his or her own professional judgment to the specific circumstances presented by the individual patient or specimen. Clinical laboratory geneticists are encouraged to document in the patient’s record the rationale for the use of a particular procedure or test, whether or not it is in conformance with these Standards and Guidelines. They also are advised to take notice of the date any particular guideline was adopted and to consider other relevant medical and scientific information that becomes available after that date. It also would be prudent to consider whether intellectual property interests may restrict the performance of certain tests and other procedures.The American College of Medical Genetics and Genomics (ACMG) previously developed guidance for the interpretation of sequence variants.1 In the past decade, sequencing technology has evolved rapidly with the advent of high-throughput next-generation sequencing. By adopting and leveraging next-generation sequencing, clinical laboratories are now performing an ever-increasing catalogue of genetic testing spanning genotyping, single genes, gene panels, exomes, genomes, transcriptomes, and epigenetic assays for genetic disorders. By virtue of increased complexity, this shift in genetic testing has been accompanied by new challenges in sequence interpretation. In this context the ACMG convened a workgroup in 2013 comprising representatives from the ACMG, the Association for Molecular Pathology (AMP), and the College of American Pathologists to revisit and revise the standards and guidelines for the interpretation of sequence variants. The group consisted of clinical laboratory directors and clinicians. This report represents expert opinion of the workgroup with input from ACMG, AMP, and College of American Pathologists stakeholders. These recommendations primarily apply to the breadth of genetic tests used in clinical laboratories, including genotyping, single genes, panels, exomes, and genomes. This report recommends the use of specific standard terminology—“pathogenic,” “likely pathogenic,” “uncertain significance,” “likely benign,” and “benign”—to describe variants identified in genes that cause Mendelian disorders. Moreover, this recommendation describes a process for classifying variants into these five categories based on criteria using typical types of variant evidence (e.g., population data, computational data, functional data, segregation data). Because of the increased complexity of analysis and interpretation of clinical genetic testing described in this report, the ACMG strongly recommends that clinical molecular genetic testing should be performed in a Clinical Laboratory Improvement Amendments–approved laboratory, with results interpreted by a board-certified clinical molecular geneticist or molecular genetic pathologist or the equivalent.Genet Med 17 5, 405–423.",openalex,llm,1.000,unreviewed,,doi:10.1038/gim.2015.30
discarded,Array programming with NumPy,"Harris, CR; KJ Millman; Stéfan van der Walt; Ralf Gommers; Pauli Virtanen; David Cournapeau; Eric Wieser; J Taylor; S Berg; Smith, NJ; Robert Kern; M Picus; Stephan Hoyer; MH van Kerkwijk; Matthew Brett; A Haldane; JF Rio; M Wiebe; P Peterson; P Gérard-Marchant; K Sheppard; Tyler Reddy; Warren Weckesser; H Abbasi; Christoph Gohlke; TE Oliphant;  ",2020,RePEc: Research Papers in Economics,,https://openalex.org/W3099878876,adjacent-subtopic,"Abstract Array programming provides a powerful, compact and expressive syntax for accessing, manipulating and operating on data in vectors, matrices and higher-dimensional arrays. NumPy is the primary array programming library for the Python language. It has an essential role in research analysis pipelines in fields as diverse as physics, chemistry, astronomy, geoscience, biology, psychology, materials science, engineering, finance and economics. For example, in astronomy, NumPy was an important part of the software stack used in the discovery of gravitational waves1 and in the first imaging of a black hole2. Here we review how a few fundamental array concepts lead to a simple and powerful programming paradigm for organizing, exploring and analysing scientific data. NumPy is the foundation upon which the scientific Python ecosystem is constructed. It is so pervasive that several projects, targeting audiences with specialized needs, have developed their own NumPy-like interfaces and array objects. Owing to its central position in the ecosystem, NumPy increasingly acts as an interoperability layer between such array computation libraries and, together with its application programming interface (API), provides a flexible framework to support the next decade of scientific and industrial analysis.",openalex,llm,0.940,unreviewed,,hash:50a1d346ed32ec6c
discarded,A multi-national study of reading and tracing skills in novice programmers,Raymond Lister; Elizabeth S. Adams; Sue Fitzgerald; William Fone; John Hamer; Morten Lindholm; Robert McCartney; Jan Erik Moström; Kate Sanders; Otto Seppälä; Beth Simon; Lynda Thomas,2004,ACM SIGCSE Bulletin,10.1145/1041624.1041673,https://openalex.org/W2122166962,adjacent-subtopic,"A study by a ITiCSE 2001 working group (""the McCracken Group"") established that many students do not know how to program at the conclusion of their introductory courses. A popular explanation for this incapacity is that the students lack the ability to problem-solve. That is, they lack the ability to take a problem description, decompose it into sub-problems and implement them, then assemble the pieces into a complete solution. An alternative explanation is that many students have a fragile grasp of both basic programming principles and the ability to systematically carry out routine programming tasks, such as tracing (or ""desk checking"") through code. This ITiCSE 2004 working group studied the alternative explanation, by testing students from seven countries, in two ways. First, students were tested on their ability to predict the outcome of executing a short piece of code. Second, students were tested on their ability, when given the desired function of short piece of near-complete code, to select the correct completion of the code from a small set of possibilities. Many students were weak at these tasks, especially the latter task, suggesting that such students have a fragile grasp of skills that are a prerequisite for problem-solving.",openalex,llm,0.980,unreviewed,,doi:10.1145/1041624.1041673
discarded,"Negative emissions—Part 2: Costs, potentials and side effects",Sabine Fuss; William F. Lamb; Max Callaghan; Jérôme Hilaire; Felix Creutzig; Thorben Amann; Tim Beringer; Wagner de Oliveira Garcia; Jens Hartmann; Tarun M. Khanna; Gunnar Luderer; Gregory F. Nemet; Joeri Rogelj; Pete Smith; José Luis Vicente‐Vicente; Jennifer L. Wilcox; Maria del Mar Zamora Dominguez; Jan Christoph Minx,2018,Environmental Research Letters,10.1088/1748-9326/aabf9f,https://openalex.org/W2804406438,off-topic-false-hit,"The most recent IPCC assessment has shown an important role for negative emissions technologies (NETs) in limiting global warming to 2 °C cost-effectively. However, a bottom-up, systematic, reproducible, and transparent literature assessment of the different options to remove CO 2 from the atmosphere is currently missing. In part 1 of this three-part review on NETs, we assemble a comprehensive set of the relevant literature so far published, focusing on seven technologies: bioenergy with carbon capture and storage (BECCS), afforestation and reforestation, direct air carbon capture and storage (DACCS), enhanced weathering, ocean fertilisation, biochar, and soil carbon sequestration. In this part, part 2 of the review, we present estimates of costs, potentials, and side-effects for these technologies, and qualify them with the authors' assessment. Part 3 reviews the innovation and scaling challenges that must be addressed to realise NETs deployment as a viable climate mitigation strategy. Based on a systematic review of the literature, our best estimates for sustainable global NET potentials in 2050 are 0.5–3.6 GtCO 2 yr −1 for afforestation and reforestation, 0.5–5 GtCO 2 yr −1 for BECCS, 0.5–2 GtCO 2 yr −1 for biochar, 2–4 GtCO 2 yr −1 for enhanced weathering, 0.5–5 GtCO 2 yr −1 for DACCS, and up to 5 GtCO 2 yr −1 for soil carbon sequestration. Costs vary widely across the technologies, as do their permanency and cumulative potentials beyond 2050. It is unlikely that a single NET will be able to sustainably meet the rates of carbon uptake described in integrated assessment pathways consistent with 1.5 °C of global warming.",openalex,llm,1.000,unreviewed,,doi:10.1088/1748-9326/aabf9f
