status,title,authors,year,venue,doi,url,tags,abstract,provider,decision_source,llm_confidence,llm_review_outcome,llm_change_direction,paper_id
discarded,Omnibase: Uniform Access to Heterogeneous Data for Question Answering,Boris Katz; Sue Felshin; Deniz Yüret; Ali Ibrahim; Jimmy Lin; Gregory A. Marton; Alton Jerome McFarland; Baris Temelkuran,2002,Lecture notes in computer science,10.1007/3-540-36271-1_23,https://openalex.org/W2148527697,adjacent-subtopic,,openalex,llm,0.980,unreviewed,,doi:10.1007/3-540-36271-1_23
discarded,"gbeta - a Language with Virtual Attributes, Block Structure, and Propagating, Dynamic Inheritance",Erik Ernst,2000,DAIMI Report Series,10.7146/dpb.v29i549.7654,https://openalex.org/W1810858699,adjacent-subtopic,"A language design development process is presented which leads to a language, gbeta, with a tight integration of virtual classes, general block structure, and a multiple inheritance mechanism based on coarse-grained structural type equivalence. From this emerges the concept of propagating specialization. The power lies in the fact that a simple expression can have far-reaching but well-organized consequences, e.g., in one step causing the combination of families of classes, then by propagation the members of those families, and finally by propagation the methods of the members. Moreover, classes are first class values which can be constructed at run-time, and it is possible to inherit from classes whether or not they are compile-time constants, and whether or not they were created dynamically. It is also possible to change the class and structure of an existing object at run-time, preserving object identity. Even though such dynamism is normally not seen in statically type-checked languages, these constructs have been integrated without compromising the static type safety of the language.",openalex,llm,0.860,unreviewed,,doi:10.7146/dpb.v29i549.7654
discarded,Attribute-Based Prediction of File Properties,Daniel Ellard; Michael P. Mesnier; Eno Thereska; Gregory R. Ganger; Margo Seltzer,2003,Digital Access to Scholarship at Harvard (DASH) (Harvard University),,https://openalex.org/W67597731,adjacent-subtopic,"We present evidence that attributes that are known to the file system when a file is created, such as its name, permission mode, and owner, are often strongly related to future properties of the file such as its ultimate size, lifespan, and access pattern. More importantly, we show that we can exploit these relationships to automatically generate predictive models for these properties, and that these predictions are sufficiently accurate to enable optimizations. 1",openalex,llm,0.990,unreviewed,,hash:4774ee4b4bd4c0e9
discarded,Extending document management systems with user-specific active properties,Paul Dourish; W. Keith Edwards; Anthony LaMarca; John Lamping; Karin Petersen; Michael P. Salisbury; Douglas B. Terry; James D. Thornton,2000,ACM Transactions on Information Systems,10.1145/348751.348758,https://openalex.org/W2082001372,adjacent-subtopic,"Document properties are a compelling infrastructure on which to develop document management applications. A property-based approach avoids many of the problems of traditional heierarchical storage mechanisms, reflects document organizations meaningful to user tasks, provides a means to integrate the perspectives of multiple individuals and groups, and does this all within a uniform interaction framework. Document properties can reflect not only categorizations of documents and document use, but also expressions of desired system activity, such as sharing criteria, replication management, and versioning. Augmenting property-based document management systems with active properties that carry executable code enables the provision of document-based services on a property infrastructure. The combination of document properties as a uniform mechanism for document management, and active properties as a way of delivering document services, represents a new paradigm for document management infrastructures. The Placeless Documents system is an experimental prototype developed to explore this new paradigm. It is based on the seamless integration of user-specific, active properties. We present the fundamental design approach, explore the challenges and opportunities it presents, and show our architectures deals with them.",openalex,llm,0.980,unreviewed,,doi:10.1145/348751.348758
discarded,Glioma Stem Cell Lines Expanded in Adherent Culture Have Tumor-Specific Phenotypes and Are Suitable for Chemical and Genetic Screens,Steven M. Pollard; Koichi Yoshikawa; Ian D. Clarke; Davide Danovi; Stefan H. Stricker; Roslin Russell; Jane Bayani; Renee Head; Marco Lee; Mark Bernstein; Jeremy Andrew Squire; Austin G Smith; Peter B. Dirks,2009,Cell stem cell,10.1016/j.stem.2009.03.014,https://openalex.org/W2081758137,off-topic-false-hit,"Human brain tumors appear to have a hierarchical cellular organization suggestive of a stern cell foundation. In vitro expansion of the putative cancer stem cells as stable cell lines would provide a powerful model system to study their biology. Here, we demonstrate routine and efficient derivation of adherent cell lines from malignant glioma that display stem cell properties and initiate high-grade gliomas following xenotransplantation. Significantly, glioma neural stem (GNS) cell lines from different tumors exhibit divergent gene expression signatures and differentiation behavior that correlate with specific neural progenitor subtypes. The diversity of gliomas may, therefore, reflect distinct cancer stem cell phenotypes. The purity and stability of adherent GNS cell lines offer significant advantages compared to ""sphere"" cultures, enabling refined studies of cancer stem cell behavior. A proof-of-principle live cell imaging-based chemical screen (450 FDA-approved drugs) identifies both differential sensitivities of GNS cells and a common susceptibility to perturbation of serotonin signaling.",openalex,llm,1.000,unreviewed,,doi:10.1016/j.stem.2009.03.014
discarded,Challenges,Guruduth S. Banavar; James Beck; Eugene Gluzberg; Jonathan Munson; Jeremy Sussman; Deborra Zukowski,2000,,10.1145/345910.345957,https://openalex.org/W2136409968,adjacent-subtopic,"The way mobile computing devices and applications are developed, deployed and used today does not meet the expectations of the user community and falls far short of the potential for pervasive computing. This paper challenges the mobile computing community by questioning the roles of devices, applications, and a user's environment. A vision of pervasive computing is described, along with attributes of a new application model that supports this vision, and a set of challenges that must be met in order to bring the vision to reality.",openalex,llm,0.980,unreviewed,,doi:10.1145/345910.345957
discarded,Transit Stations and Commercial Property Values: A Case Study with Policy and Land-Use Implications,A C Nelson,1999,Journal of Public Transportation,10.5038/2375-0901.2.3.4,https://openalex.org/W635119420,off-topic-false-hit,"There is little research about the association between rail transit station proximity and commercial property values. There is even less research on the role of public policy in influencing commercial property markets near transit stations without resorting to supply-side constraints. The research reported in this article helps close these gaps in research. This article develops a theory on commercial property value with respect to both transit station proximity and the role of policies that encourage commercial development around transit stations without discouraging commercial development elsewhere. The theory is applied to the universe of commercial property sales in the area of Atlanta known as ""Midtown"", which is located about 1 kilometer north of the downtown edge. Midtown is served by three heavy rail transit stations operated by the Metropolitan Atlanta Rapid Transit Authority (MARTA). To encourage development around MARTA stations, Atlanta waives parking and floor area ratio requirements in Special Public Interest Districts (SP IDs) located around rail stations. Research shows that commercial property values are influenced positively by both access to rail stations and policies that encourage more intensive development around those stations. This article explores both theoretical and policy implications.",openalex,llm,1.000,unreviewed,,doi:10.5038/2375-0901.2.3.4
discarded,"TIDAL SIGNATURES IN THE FAINTEST MILKY WAY SATELLITES: THE DETAILED PROPERTIES OF LEO V, PISCES II, AND CANES VENATICI II",David J. Sand; Jay Strader; Beth Willman; Dennis Zaritsky; B. A. McLeod; Nelson Caldwell; Anil C. Seth; Edward W. Olszewski,2012,The Astrophysical Journal,10.1088/0004-637x/756/1/79,https://openalex.org/W1975191314,off-topic-false-hit,"We present deep wide-field photometry of three recently discovered faint Milky Way (MW) satellites: Leo V, Pisces II, and Canes Venatici II. Our main goals are to study the structure and star formation history of these dwarfs; we also search for signs of tidal disturbance. The three satellites have similar half-light radii (∼60–90 pc) but a wide range of ellipticities. Both Leo V and CVn II show hints of stream-like overdensities at large radii. An analysis of the satellite color–magnitude diagrams shows that all three objects are old (>10 Gyr) and metal-poor ([Fe/H] ∼ −2), though neither the models nor the data have sufficient precision to assess when the satellites formed with respect to cosmic reionization. The lack of an observed younger stellar population (≲ 10 Gyr) possibly sets them apart from the other satellites at Galactocentric distances ≳ 150 kpc. We present a new compilation of structural data for all MW satellite galaxies and use it to compare the properties of classical dwarfs to the ultra-faints. The ellipticity distribution of the two groups is consistent at the ∼2σ level. However, the faintest satellites tend to be more aligned toward the Galactic Center, and those satellites with the highest ellipticity (≳ 0.4) have orientations (Δθ GC ) in the range 20° ≲ Δθ GC ≲ 40°. This latter observation is in rough agreement with predictions from simulations of dwarf galaxies that have lost a significant fraction of their dark matter halos and are being tidally stripped.",openalex,llm,1.000,unreviewed,,doi:10.1088/0004-637x/756/1/79
discarded,The nonperturbative functional renormalization group and its applications,N. Dupuis; Léonie Canet; Astrid Eichhorn; Walter Metzner; Jan Martin Pawlowski; Matthieu Tissier; Nicolás Wschebor,2021,Physics Reports,10.1016/j.physrep.2021.01.001,https://openalex.org/W3034337694,off-topic-false-hit,"The renormalization group plays an essential role in many areas of physics, both conceptually and as a practical tool to determine the long-distance low-energy properties of many systems on the one hand and on the other hand search for viable ultraviolet completions in fundamental physics. It provides us with a natural framework to study theoretical models where degrees of freedom are correlated over long distances and that may exhibit very distinct behavior on different energy scales. The nonperturbative functional renormalization-group (FRG) approach is a modern implementation of Wilson's RG, which allows one to set up nonperturbative approximation schemes that go beyond the standard perturbative RG approaches. The FRG is based on an exact functional flow equation of a coarse-grained effective action (or Gibbs free energy in the language of statistical mechanics). We review the main approximation schemes that are commonly used to solve this flow equation and discuss applications in equilibrium and out-of-equilibrium statistical physics, quantum many-particle systems, high-energy physics and quantum gravity.",openalex,llm,1.000,unreviewed,,doi:10.1016/j.physrep.2021.01.001
discarded,"3D printing in chemical engineering and catalytic technology: structured catalysts, mixers and reactors",Cesar Parra‐Cabrera; Clement Achille; Simon Kuhn; Rob Ameloot,2017,Chemical Society Reviews,10.1039/c7cs00631d,https://openalex.org/W2768242625,off-topic-false-hit,"Computer-aided fabrication technologies combined with simulation and data processing approaches are changing our way of manufacturing and designing functional objects. Also in the field of catalytic technology and chemical engineering the impact of additive manufacturing, also referred to as 3D printing, is steadily increasing thanks to a rapidly decreasing equipment threshold. Although still in an early stage, the rapid and seamless transition between digital data and physical objects enabled by these fabrication tools will benefit both research and manufacture of reactors and structured catalysts. Additive manufacturing closes the gap between theory and experiment, by enabling accurate fabrication of geometries optimized through computational fluid dynamics and the experimental evaluation of their properties. This review highlights the research using 3D printing and computational modeling as digital tools for the design and fabrication of reactors and structured catalysts. The goal of this contribution is to stimulate interactions at the crossroads of chemistry and materials science on the one hand and digital fabrication and computational modeling on the other.",openalex,llm,1.000,unreviewed,,doi:10.1039/c7cs00631d
discarded,Shifting Common Spaces of Plant Genetic Resources in the International Regulation of Property,Carolina Roa‐Rodríguez; Thom van Dooren,2008,The Journal of World Intellectual Property,10.1111/j.1747-1796.2008.00342.x,https://openalex.org/W2055696627,off-topic-false-hit,"The appellative “common heritage of mankind” is often used as a description of the property domain that governed plant genetic resources (PGR) at an international level up until the end of the twentieth century. However, the concept is rarely elaborated on. In this article we explore the origins of common property in PGR and the shifting content and shape of the genetic commons over the past several decades. Using the theoretical framework of diverse common property regimes developed by Peter Drahos, we chart the way in which the emergence and interaction of various international regulatory regimes related to PGR reshape common property spaces, rights and obligations. We argue that these international agreements do not regulate a single property domain in isolation, but rather modify the content and boundaries of the complex set of property domains that apply to PGR: private, state, common and public. More than a theoretical conundrum, we show that any realistic appraisal of the implementation of the international regulatory regimes in relation to PGR must acknowledge the conflicting and complex dynamics of these interrelated property domains, as well as the way in which they are being put into place on the ground.",openalex,llm,1.000,unreviewed,,doi:10.1111/j.1747-1796.2008.00342.x
discarded,Facilitating the Rapid Development and Scalable Orchestration of Composite Web Services,Boualem Benatallah; Marlon Dumas; Quan Z. Sheng,2004,Distributed and Parallel Databases,10.1023/b:dapd.0000045366.15607.67,https://openalex.org/W2007221630,adjacent-subtopic,"The development of new Web services through the composition of existing ones has gained a considerable momentum as a means to realise business-to-business collaborations. Unfortunately, given that services are often developed in an ad hoc fashion using manifold technologies and standards, connecting and coordinating them in order to build composite services is a delicate and time-consuming task. In this paper, we describe the design and implementation of a system in which services are composed using a model-driven approach, and the resulting composite services are orchestrated following a peer-to-peer paradigm. The system provides tools for specifying composite services through statecharts, data conversion rules, and multi-attribute provider selection policies. These specifications are interpreted by software components that interact in a peer-to-peer way to coordinate the execution of the composite service. We report results of an experimental evaluation showing the relative advantages of this peer-to-peer approach with respect to a centralised one.",openalex,llm,0.980,unreviewed,,doi:10.1023/b:dapd.0000045366.15607.67
discarded,Broadcast disks,Swarup Acharya; Rafael del Hoyo Alonso; Michael J. M. Franklin; Stanley B. Zdonik,1995,ACM SIGMOD Record,10.1145/568271.223816,https://openalex.org/W4241821344,adjacent-subtopic,"This paper proposes the use of repetitive broadcast as a way of augmenting the memory hierarchy of clients in an asymmetric communication environment. We describe a new technique called ""Broadcast Disks"" for structuring the broadcast in a way that provides improved performance for non-uniformly accessed data. The Broadcast Disk superimposes multiple disks spinning at different speeds on a single broadcast channel--in effect creating an arbitrarily fine-grained memory hierarchy. In addition to proposing and defining the mechanism, a main result of this work is that exploiting the potential of the broadcast structure requires a re-evaluation of basic cache management policies. We examine several ""pure"" cache management policies and develop and measure implementable approximations to these policies. These results and others are presented in a set of simulation studies that substantiates the basic idea and develops some of the intuitions required to design a particular broadcast program.",openalex,llm,0.990,unreviewed,,doi:10.1145/568271.223816
discarded,UIO: a uniform I/O system interface for distributed systems,David R. Cheriton,1987,ACM Transactions on Computer Systems,10.1145/7351.7353,https://openalex.org/W2034963492,adjacent-subtopic,"A uniform I/O interface allows programs to be written relatively independently of specific I/O services and yet work with a wide variety of the I/O services available in a distributed environment. Ideally, the interface provides this uniform access without excessive complexity in the interface or loss of performance. However, a uniform interface does not arise from careful design of individual system interfaces alone; it requires explicit definition. In this paper, the UIO (uniform I/O) system interface that has been used for the past five years in the V distributed operating system is described, with the focus on the key design issues. This interface provides several extensions beyond the I/O interface of UNIX™, including support for record I/O, locking, atomic transactions, and replication, as well as attributes that indicate whether optional semantics and operations are available. Experience in using and implementing this interface with a variety of different I/O services is described, along with the performance of both local and network I/O. It is concluded that the UIO interface provides a uniform I/O system interface with significant functionality, wide applicability, and no significant performance penalty.",openalex,llm,0.980,unreviewed,,doi:10.1145/7351.7353
discarded,The WebDAV property design,E. James Whitehead; Yaron Y. Goland,2004,Software Practice and Experience,10.1002/spe.574,https://openalex.org/W2140319512,adjacent-subtopic,"Abstract This paper provides a detailed description of the general design space for metadata storage capabilities. The design space considers issues of metadata identification, typing and representation, dynamic behavior, predefined and user‐defined metadata, schema discovery/update, operations, API packaging/marshalling, searching, and versioning. The design space is used to structure a retrospective analysis of the three major alternative metadata designs considered during the design of the WebDAV distributed authoring protocol. Deployment experience with WebDAV properties is also discussed, with the most successful use occurring in custom client/server pairs and in protocol extensions. Copyright © 2004 John Wiley & Sons, Ltd.",openalex,llm,0.970,unreviewed,,doi:10.1002/spe.574
