status,title,authors,year,venue,doi,url,tags,abstract,provider,decision_source,llm_confidence,llm_review_outcome,llm_change_direction,paper_id
discarded,Beethoven-architecture for media telephony,"Keskinarkaus, A; Ohtonen, T; Sauvola, J",1999,INTERNET II: QUALITY OF SERVICE AND FUTURE DIRECTIONS,,https://www.webofscience.com/wos/woscc/full-record/WOS:000084199400027,off-topic-false-hit,"This paper presents a new architecture and techniques for media-based telephony over wireless/wireline IP networks, called 'Beethoven'. The platform supports complex media transport and mobile conferencing for multi-user environments having a non-uniform access. New techniques are presented to provide advanced multimedia call management over different media types and their presentation. The routing and distribution of the media is rendered over the standards based protocol. Our approach offers a generic, distributed and object-oriented solution having interfaces, where signal processing and unified messaging algorithms are embedded as instances of core classes. The platform services are divided into 'basic communication', 'conferencing' and 'media session'. The basic communication form platform core services and supports access from scalable user interface to network end-points. Conferencing services take care of media filter adaptation, conversion, error resiliency, multi-party connection and event signaling, while the media session services offer resources for application-level communication between the terminals. The platform allows flexible attachment of any number of plug-in modules, and thus we use it as a test bench for multiparty/multi-point conferencing and as an evaluation bench for signal coding algorithms. In tests, our architecture showed the ability to easily be scaled from simple voice terminal to complex multi-user conference sharing virtual data.",wos,llm,0.970,unreviewed,,hash:9eca68a61324119d
discarded,An evaluation of automatic object inline allocation techniques,"Dolby, J; Chien, AA",1998,ACM SIGPLAN NOTICES,,https://www.webofscience.com/wos/woscc/full-record/WOS:000076378100003,adjacent-subtopic,"Object-oriented languages such as Java and Smalltalk provide a uniform object reference model, allowing objects to be conveniently shared. If implemented directly, these uniform reference models can suffer in efficiency due to additional memory dereferences and memory management operations. Automatic inline allocation of child objects within parent objects can reduce overheads of heap-allocated pointer-referenced objects.

We present three compiler analyses to identify inlinable fields by tracking accesses to heap objects. These analyses span a range from local data flow to adaptive whole-program, flow-sensitive inter-procedural analysis. We measure their cost and effectiveness on a suite of moderate-sized C++ programs (up to 30,000 lines including libraries). We show that aggressive interprocedural analysis is required to enable object inlining, and our adaptive inter-procedural analysis [23] computes precise information efficiently. Object inlining eliminates typically 40% of object accesses and allocations (improving performance up to 50%). Furthermore,.",wos,llm,0.930,unreviewed,,hash:e339d63fc587bd82
discarded,An adaptive object-oriented approach to integration and access of heterogeneous information sources,"Liu, L; Pu, C",1997,DISTRIBUTED AND PARALLEL DATABASES,,https://www.webofscience.com/wos/woscc/full-record/WOS:A1997XC02500002,adjacent-subtopic,"A large-scale interoperable database system operating in a dynamic environment should provide Uniform access to heterogeneous information sources, Scalability to the growing number of information sources, Evolution and Composability of software and information sources, and Autonomy of participants, both information consumers and information producers. We refer to these set of properties as the USECA properties [29]. To address the research issues presented by such systems in a systematic manner, we introduce the Distributed Interoperable Object Model (DIOM). DIOM promotes an adaptive approach to interoperation via intelligent mediation [46, 47], aimed at enhancing the robustness and scalability of the services provided for integrating and accessing heterogeneous information sources. DIOM's main features include (1) the recursive construction and organization of information access through a network of application-specific mediators, (2) the explicit use of interface composition meta operations (such as specialization, generalization, aggregation, import and hide) to support the incremental design and construction of consumer's domain query model, (3) the deferment of semantic heterogeneity resolution to the query result assembly time instead of before or at the time of query formulation, and (4) the systematic development of the query mediation framework and the procedure of each query processing step from query routing, query decomposition, parallel access planning, query translation to query result assembly. To make DIOM concrete, we outline the DIOM-based information mediation architecture, which includes important auxiliary services such as domain-specific metadata library and catalog functions, object linking databases, and associated query services. Several practical examples and application scenarios illustrate the flavor of DIOM query mediation framework and the usefulness of DIOM in multi database query processing.",wos,llm,0.990,unreviewed,,hash:9a1c8964e2ff17c1
discarded,DOOCS: an object oriented control system as the integrating part for the TTF linac,"Goloborodko, S; Grygiel, G; Hensler, O; Kocharyan, V; Rehlich, K; Shevtsov, P",1997,ACCELERATOR AND LARGE EXPERIMENTAL PHYSICS CONTROL SYSTEMS,,https://www.webofscience.com/wos/woscc/full-record/WOS:000081716600122,adjacent-subtopic,"DOOCS is a distributed control system that was developed for the HERA and TESLA Test Facility TTF applications. It is an object oriented system design from the device server level up to the operator console. Class libraries were developed as building blocks for device server, communication objects and display components. The whole system is written in the programming language C++. DOOCS has been designed as a stand-alone control system and was extended to allow uniform access to all TTF control systems. The architecture is based on an object oriented application programming interface (API) on the client side that provides multiple protocols. A so called Equipment Name Server (ENS) consists of a central data base with all names and protocols in the system and is consulted by the client programs before the first data transfer to the device. This paper describes the object-oriented architecture of the system and the integration of the subsystems.",wos,llm,0.980,unreviewed,,hash:d9ec847e1c7e1347
discarded,geoPOM: A heterogeneous geoscientific persistent object system,"Nittel, S; Muntz, RR; Mesrobian, E",1997,"NINTH INTERNATIONAL CONFERENCE ON SCIENTIFIC AND STATISTICAL DATABASE MANAGEMENT, PROCEEDINGS",,https://www.webofscience.com/wos/woscc/full-record/WOS:A1997BJ47Y00030,adjacent-subtopic,"Lately, a need for uniform access to and integration of data stored in specialized, non-standard repositories such as GIS or multimedia storage servers has become apparent. In this paper, we provide an overview of a heterogeneous geoscientific persistent object manager (geoPOM) developed at the UCLA Data Mining Laboratory. GeoPOM provides users with the ''illusion'' of a single object-oriented spatial data store even though the data is actually stored in several different spatial data repositories, thus, allowing users to define and handle spatial data in a uniform manner. The geoPOM data model is based on the ODMG-93 standard for the object-oriented data models, and the Open Geodata Consortium's (OGC) standardization effort for temporal-spatial object types (OGIS).",wos,llm,0.990,unreviewed,,hash:4dbf79b159371a8f
discarded,Extending an ODBMS to support ISO network management,"Bellosta, MJ; Nicolas, B; Lecorgne, G; Valduriez, P",1996,ENGINEERING INTELLIGENT SYSTEMS FOR ELECTRICAL ENGINEERING AND COMMUNICATIONS,,https://www.webofscience.com/wos/woscc/full-record/WOS:A1996VQ44500004,adjacent-subtopic,"Network management requires consistent cooperation between local and distributed applications. The challenge of a network management system is to provide a transparent local application management using an ODBMS. The problem lies in the heterogeneousness between the models of the languages used by these applications. The difficulties encountered demonstrate that the DBMS model being used still lack flexibility. We claim that the natural way to overcome these shortcomings is to introduce a sophisticated meta-class mechanism. This paper presents such mechanism, one which allows a programmer to extend the model of an ODBMS and modify the structure and the behavior of a set of classes in order to integrate his own application model. This mechanism is associated with a methodology to analyze any object models. We demonstrate the feasibility of our solution with the Judicael system description. This system is focused on the network management domain. domain. In our approach, the consistency of local programming language and the network information schema is made by inte-grating their models within an extensible schema manager based on our meta-class model. Moreover, the system provides transparent and uniform access to objects sharable through the network.",wos,llm,0.960,unreviewed,,hash:15286dfa269ba500
discarded,THE C++ INTERFACE IN OBJECTIVITY,"AGARWAL, R",1994,SIGPLAN NOTICES,,https://www.webofscience.com/wos/woscc/full-record/WOS:A1994PX39000012,adjacent-subtopic,"Computerized databases are essential and inseparable components of a vast majority of today's information systems. Database systems are used at all levels of management, research and production to provide uniform access and control of consistent information. Computer aided software engineering system require extensive database system support. Several industrial and academic research and development projects attempt to provide this support by using conventional database management systems or special purpose data managers. Object-oriented database management system technology provides a set of capabilities which are required by computer integrated software engineering systems. Our objective is to take advantage of this new technology and develop computer integrated software engineering systems that support complete user-defined life cycles with uniform interface and logical centralized database support. This paper presents Objectivity (DEC Object/DB) in relation to its architectural issues and shows how applications can be developed by the help of C++ interface.",wos,llm,0.910,unreviewed,,hash:dc13eb86bd80ba8d
discarded,ALGORITHMS AND PERFORMANCE EVALUATION OF JOIN PROCESSING ON KD-TREE INDEXED RELATIONS,"KITSUREGAWA, M; TAKAGI, M; HARADA, L",1994,SYSTEMS AND COMPUTERS IN JAPAN,,https://www.webofscience.com/wos/woscc/full-record/WOS:A1994PL90100007,adjacent-subtopic,"This paper proposes a new join processing algorithm for the KD-tree indexed relations. The processing is evaluated by a simulation and the effectiveness is demonstrated. The KD-tree index is one of the typical multidimensional clustering data structures. A flexible database can be constructed which provides uniform access characteristics in regard to the multiple attributes. On the other hand, the data structure is made complex, and the traditional join processing technique for the ordinary one-dimensional clustering relation, which maintains the physical order, cannot be applied. Also, there has not been proposed a join technique for the KD-tree indexed relations.

This paper introduces anew the concepts called ''wave and ''join range,'' and proposes an efficient join algorithm for the KD-tree indexed relations. Then an extended algorithm is proposed by introducing the garbage collection function into the forementioned basic algorithm, where the unnecessary tuples on the main memory can be eliminated dynamically. Each of those algorithms is evaluated by a simulation, and the effectiveness is verified.

When the order of the join attribute is not preserved, the join processing by the hash-based algorithm, which at present is considered the fastest, requires two read scannings and one write scanning, while the best algorithm proposed in this paper can execute the processing by almost one read scanning. Thus, a drastic improvement of the performance can be expected for the join processing by the proposed algorithm.",wos,llm,0.990,unreviewed,,hash:ab88e903c315642b
discarded,"WEA, A DISTRIBUTED OBJECT MANAGER BASED ON A WORKSPACE HIERARCHY","DONSEZ, D; HOMOND, P; FAUDEMAY, P",1994,APPLICATIONS IN PARALLEL AND DISTRIBUTED COMPUTING,,https://www.webofscience.com/wos/woscc/full-record/WOS:A1994BZ97K00026,adjacent-subtopic,"WEA is our implementation of a new architectural model for virtual memory access, the WorkSpace. It relies on a generalisation of client / server model and enables to build new distributed applications. The workspace supplies uniform access to a distributed persistent object store. This paper describes several ways of building multi-workspace architecture, and an implementation of this architecture. This implementation is based on new operating systems features.",wos,llm,0.980,unreviewed,,hash:91d750715ff66c51
discarded,MKS - A CONCEPTUALLY CENTRALIZED KNOWLEDGE SERVICE FOR DISTRIBUTED CIM ENVIRONMENTS,"GLICKSMAN, J; HITSON, BL; PAN, JC; TENENBAUM, JM",1991,JOURNAL OF INTELLIGENT MANUFACTURING,,https://www.webofscience.com/wos/woscc/full-record/WOS:A1991EW02300004,adjacent-subtopic,"The Manufacturing Knowledge System (MKS) uses a uniform representation of manufacturing knowledge, in combination with uniform access to that knowledge in a distributed environment, to provide a comprehensive computational framework for manufacturing.  MKS should be viewed as a meta-CIM system, whose goal is to tie together existing CIM systems and other resources of a large manufacturing enterprise, not to duplicate their functionality.  At the core of MKS is a conceptually centralized, object-oriented model containing information that is common to many applications.  The model is connected to existing CIM systems, to equipment and to databases which supply up-to-date information about the status of engineering and manufacturing processes.  Application modules access the CIM data and each other's services using language independent knowledge service protocols that insulate them from details such as where data or services reside, and how they are called.  MKS itself is designed to be both scalable and efficient.  It has a distributed implementation that allows incremental growth and robust operation in large and dynamic enterprises.  Changing information is communicated to application modules that have registered their interests with the model by means of a message based notification mechanism.  The focus in this paper is on the system-level features of the current implementation of MKS.  Examples from the domain of semiconductor manufacturing are used to illustrate real world applications.",wos,llm,0.980,unreviewed,,hash:71044013113a49d0
discarded,Verification of Global and Local as View Data Integration in an Object Data Model,S.A. Stupnikov,2025,Lobachevskii Journal of Mathematics,10.1134/S1995080225610033,https://www.scopus.com/inward/record.uri?partnerID=HzOxMe3b&scp=105038305024&origin=inward,adjacent-subtopic,"Abstract Semantic data integration is a challenging field of research that is required for uniform access, interpretation, and further utilization of heterogeneous data sources with increasing volume, variety, and complexity. Over the last twenty years, many technologies and systems have been developed to support semantic data integration. However, verification of data integration meaning the formal proof that semantics of data and behavior are preserved during data integration is still a challenging problem. This paper concentrates on data integration using views, namely on Global and Local as View (GLAV) data integration in an object data model. An algorithm for the application of a specification language based on first-order logic and set theory and automated provers for data integration verification is proposed. An advantage of object data models is the combining of data structures and methods for their manipulation in classes. This allows us to integrate both structured relational and NoSQL databases as well as behavior-driven data sources like web services. The algorithm is illustrated via a use case in the land use management domain.",scopus,llm,0.980,unreviewed,,doi:10.1134/s1995080225610033
discarded,Towards a Model-Driven Approach to Enable Uniform Access to Vector Databases,E. Akik,2025,Communications in Computer and Information Science,10.1007/978-3-031-70421-5_19,https://www.scopus.com/inward/record.uri?partnerID=HzOxMe3b&scp=85210161024&origin=inward,adjacent-subtopic,"Vector databases have recently gained much attention for managing unstructured data in the era of big data. They efficiently store, retrieve, and analyze data in the vector form, facilitating the processing of vast amounts of data. However, challenges arise due to syntax variations among database vendors, resulting in complexities in querying and migrating between vector databases of different vendors. Additionally, the lack of a standardized language for accessing vector databases necessitates programming skills, as end-users usually access them by using programming languages, hindering user experience. The main goal of our research is to provide end-users with straightforward use of vector databases by proposing a uniform approach across various vector databases. To achieve such a goal, the development of a Model-Driven (MD) solution is proposed, with a novel Domain-Specific Language (DSL) as its core component, aiming to overcome identified challenges. As a domain analysis is a prerequisite for creating a DSL, vector database concepts and terminology are analyzed, and in this paper, the results of such a domain analysis are presented using the Feature-Oriented Domain Analysis (FODA) method, alongside a proposal for the MD solution architecture.",scopus,llm,0.990,unreviewed,,doi:10.1007/978-3-031-70421-5_19
discarded,"5th Workshop on Intelligent Data - From Data to Knowledge, DOING 2024, 3rd Workshop on Knowledge Graphs Analysis on a Large Scale, K-GALS 2024, 6th Workshop on Modern Approaches in Data Engineering and Information System Design, MADEISD 2024 and 3rd Workshop on Personalization and Recommender Systems, PERS 2024 held in conjunction with 28th European Conference on Advances in Databases and Information Systems, ADBIS 2024",,2025,Communications in Computer and Information Science,,https://www.scopus.com/inward/record.uri?partnerID=HzOxMe3b&scp=85210157946&origin=inward,adjacent-subtopic,,scopus,llm,0.960,unreviewed,,hash:a0bb88875ebcb557
discarded,PyUDLF: A Python Framework for Unsupervised Distance Learning Tasks,G. Leticio,2023,Mm 2023 Proceedings of the 31st ACM International Conference on Multimedia,10.1145/3581783.3613466,https://www.scopus.com/inward/record.uri?partnerID=HzOxMe3b&scp=85179549061&origin=inward,adjacent-subtopic,"The representation of multimedia content experienced tremendous advances in the last decades. Mainly supported by deep learning models, impressive results have been obtained. However, despite such advances in representation, the definition of similarity has been neglected. Effectively computing the similarity between representations remains a challenge. Traditional distance functions, such as the Euclidean distance, are not able to properly consider the relevant similarity information encoded in the dataset manifold. In fact, manifolds are essential to perception in many scenarios, such that exploiting the underlying structure of dataset manifolds plays a central role in multimedia content understanding and retrieval. In this paper, we present a framework for unsupervised distance learning which provides easy and uniform access to methods capable of considering the dataset manifold for redefining similarity. Such methods perform context-sensitive similarity learning based on more global measures, capable of improving the effectiveness of retrieval and machine learning tasks. The framework can use distance, similarity, or ranking information both as input and output and compute traditional retrieval effectiveness measures. Implemented as a wrapper in Python, the framework allows integration with a large number of Python libraries while keeping a back-end in C++ for efficiency. The paper also discusses diverse applications of the methods available in the pyUDLF framework, including image re-ranking, video retrieval, person re-ID, and pre-processing of distance measurements for clustering and classification.",scopus,llm,0.990,unreviewed,,doi:10.1145/3581783.3613466
