status,title,authors,year,venue,doi,url,tags,abstract,provider,decision_source,llm_confidence,llm_review_outcome,llm_change_direction,paper_id
discarded,Patterns for decoupling data structures and algorithms,Dung “Zung” Nguyen; Stephen B. Wong,1999,ACM SIGCSE Bulletin,10.1145/384266.299693,https://openalex.org/W4244471696,adjacent-subtopic,"In order to build a data structure that is extensible and reusable, it is necessary to decouple the intrinsic and primitive behavior of the structure from the application specific behavior that manipulates it. To illustrate such a construction, this paper proposes a uniform object-oriented structural pattern for recursive data structures, and shows how external algorithms can be added without rewriting any code using the visitor design pattern. By presenting data structures in this manner, we can more effectively teach students about recursion, abstraction, design, and good software engineering practices.",openalex,llm,0.980,unreviewed,,doi:10.1145/384266.299693
discarded,Primitives for the manipulation of general subdivisions and the computation of Voronoi,Leonidas Guibas; Jorge Stolfi,1985,ACM Transactions on Graphics,10.1145/282918.282923,https://openalex.org/W2052165970,adjacent-subtopic,"The following problem is discussed: given n points in the plane (the sites) and an arbitrary query point q , find the site that is closest to q . This problem can be solved by constructing the Voronoi diagram of the griven sites and then locating the query point inone of its regions. Two algorithms are given, one that constructs the Voronoi diagram in O ( n log n ) time, and another that inserts a new sit on O(n) time. Both are based on the use of the Voronoi dual, or Delaunay triangulation, and are simple enough to be of practical value. the simplicity of both algorithms can be attributed to the separation of the geometrical and topological aspects of the problem and to the use of two simple but powerful primitives, a geometric predicate and an operator for manipulating the topology of the diagram. The topology is represented by a new data structure for generalized diagrams, that is, embeddings of graphs in two-dimensional manifolds. This structure represents simultaneously an embedding, its dual, and its mirror image. Furthermore, just two operators are sufficients for building and modifying arbitrary diagrams.",openalex,llm,0.990,unreviewed,,doi:10.1145/282918.282923
discarded,Object orientation in multidatabase systems,Evaggelia Pitoura; Omran Bukhres; Ahmed K. Elmagarmid,1995,ACM Computing Surveys,10.1145/210376.210378,https://openalex.org/W2149646637,adjacent-subtopic,"A multidatabase system (MDBS) is a confederation of preexisting distributed, heterogeneous, and autonomous database systems. There has been a recent proliferation of research suggesting the application of object-oriented techniques to facilitate the complex task of designing and implementing MDBSs. Although this approach seems promising, the lack of a general framework impedes any further development. The goal of this paper is to provide a concrete analysis and categorization of the various ways in which object orientation has affected the task of designing and implementing MDBSs. We identify three dimensions in which the object-oriented paradigm has influenced this task: the general system architecture, the schema architecture, and the heterogeneous transaction management. Then we provide a classification and a comprehensive analysis of the issues related to each of the above dimensions. To demonstrate the applicability of this analysis, we conclude with a comparative review of existing multidatabase systems.",openalex,llm,0.980,unreviewed,,doi:10.1145/210376.210378
discarded,Providing Database Interoperability through Object-Oriented Language Constructs,Evaggelia Pitoura,1997,Journal of Systems Integration,10.1023/a:1008242720789,https://openalex.org/W1571829627,adjacent-subtopic,,openalex,llm,0.960,unreviewed,,doi:10.1023/a:1008242720789
discarded,Operational semantics of programming languages,Peter W. Wegner,1972,,10.1145/800235.807081,https://openalex.org/W2086942791,adjacent-subtopic,"A framework is developed for the operational characterization of the semantics of computational formalisms such as programming languages, digital computers and automata. Operational semantics is contrasted with input-output semantics and it is shown that input-output semantics is inappropriate to the study of certain important implementation-dependent attributes of computational formalisms. Notions of equivalence are developed for a very general class of operational models called information structure models. The structure of proofs of compiler correctness and interpreter equivalence is discussed independently of the form of the states and state transitions of a specific interpreter. These techniques are then applied to defining a correctness criterion for block structure implementations and to correctness proofs of interpreters for block structure languages.",openalex,llm,0.990,unreviewed,,doi:10.1145/800235.807081
discarded,Haystack,Eytan Adar; David R. Karger; Lynn Andrea Stein,1999,,10.1145/319950.323231,https://openalex.org/W1965563707,adjacent-subtopic,"Traditional Information Retrieval (IR) systems are designed to provide uniform access to centralized corpora by large numbers of people. The Haystack project emphasizes the relationship between a particular individual and his corpus. An individual's own haystack priviliges information with which that user interacts, gathers data about those interactions, and uses this metadata to further personalize the retrieval process. This paper describes the prototype Haystack system.",openalex,llm,0.990,unreviewed,,doi:10.1145/319950.323231
discarded,"An object-oriented, distributed architecture for large-scale Ada systems",Phillipe Kruchten; Christopher J. Thompson,1994,,10.1145/197694.197728,https://openalex.org/W2053774294,adjacent-subtopic,"This paper presents an architectural model ideally suited for the description of large, distributed command and control systems. This model is organized around multiple dimensions (or views) of software architecture and is used to describe the software architecture of a family of automated air traffic control systems currently under development by Hughes Aircraft of Canada. Some of the features of this family of systems are described, and in particular the mechanism used for transparent access to objects. This distributed object management mechanism illustrates the implementation of the most salient architectural principles used in the design.",openalex,llm,0.970,unreviewed,,doi:10.1145/197694.197728
discarded,"A framework for uniform access to data, software and knowledge.",Erik M. van Mulligen; T. Timmers; F van den Heuvel,1991,PubMed,,https://openalex.org/W95955751,adjacent-subtopic,"An object-oriented framework is presented that offers integration of various types of entities at one workstation. Five types of entities are distinguished: data, knowledge, functions, presentation forms and hardware, and for each of these entities an 'accessor' is introduced. An accessor offers abstraction from the particularities of access to the entities. For the interaction with this framework a programming language has been defined. A restricted form of the framework has been used to implement a prototype medical workstation for the support of clinical data analysis.",openalex,llm,0.950,unreviewed,,hash:6c6df7be5fd958ac
discarded,An overview of Trilinos.,Kevin Long; Raymond S. Tuminaro; Roscoe A. Bartlett; Robert J. Hoekstra; Eric Phipps; Tamara G. Kolda; Richard B. Lehoucq; Heidi Thornquist; Jonathan Joseph Hu; ALAN E. WILLIAMS; Andrew G. Salinger; Victoria E. Howle; Roger P. Pawlowski; James Willenbring; Michael A. Heroux,2003,,10.2172/918383,https://openalex.org/W92933111,adjacent-subtopic,"The Trilinos Project is an effort to facilitate the design, development, integration and ongoing support of mathematical software libraries. In particular, our goal is to develop parallel solver algorithms and libraries within an object-oriented software framework for the solution of large-scale, complex multi-physics engineering and scientific applications. Our emphasis is on developing robust, scalable algorithms in a software framework, using abstract interfaces for flexible interoperability of components while providing a full-featured set of concrete classes that implement all abstract interfaces. Trilinos uses a two-level software structure designed around collections of packages. A Trilinos package is an integral unit usually developed by a small team of experts in a particular algorithms area such as algebraic preconditioners, nonlinear solvers, etc. Packages exist underneath the Trilinos top level, which provides a common look-and-feel, including configuration, documentation, licensing, and bug-tracking. Trilinos packages are primarily written in C++, but provide some C and Fortran user interface support. We provide an open architecture that allows easy integration with other solver packages and we deliver our software to the outside community via the Gnu Lesser General Public License (LGPL). This report provides an overview of Trilinos, discussing the objectives, history, current development and future plans of the project.",openalex,llm,0.990,unreviewed,,doi:10.2172/918383
discarded,Modeling and Implementation of Visibility in Programming Languages,Phil Garrison; Susan J. Graham,1987,UC Berkeley,,https://openalex.org/W51799135,adjacent-subtopic,"The term visibility control refers to the use of names in programming languages. A binding of a name and an entity results from a declaration. A binding is visible where the name can be used to reference the entity. The visibility rules of a language define how names may be used in that language, how to determine which declaration is denoted by a reference anywhere in a program, and the meaning of multiple declarations of the same name. Existing approaches to modeling visibility rules are not powerful enough to model the wide variety of visibility features present in modern programming languages. The Inheritance Graph Model, presented in this dissertation, is a natural and general model of visibility that embodies the fundamental concepts of visibility. Because the Inheritance Graph Model is based on fundamental concepts, it is easy to represent the visibility structure of a wide variety of languages and visibility features in a straightforward manner. These fundamental concepts were developed on the basis of a comprehensive survey and analysis of the visibility features used in programming languages. The visibility structure of a program is represented by an inheritance graph. A vertex in the graph represents a uniform referencing environment (a contour). Multiple visibility classes can be used to explicitly represent different kinds of visibility in the graph. An edge in the graph represents inheritance of visibility of bindings with a specific visibility class from one vertex to another. Inheritance of visibility of bindings via an edge can be restricted depending on attributes of each binding or on the program construct represented by the edge. A general mechanism for detecting errors and specifying shadowing of bindings declared in enclosing scopes is also provided. An implementation based on data flow analysis techniques can be generated automatically from a specification of the inheritance graph for a language. The study of visibility features and their precise meanings exposed several subtle complexities in the visibility rules of popular languages. Among these is the requirement in Pascal that a declaration precede all references to the declaration. This requirement provides few benefits, and results in visibility rules that are difficult to understand, specify, and implement correctly",openalex,llm,0.980,unreviewed,,hash:20c911d02d36b068
discarded,Extending an object-oriented programming language to support the integration of heterogeneous database systems,E. Pitoura,1995,Proceedings of the Twenty-Eighth Annual Hawaii International Conference on System Sciences,10.1109/HICSS.1995.375486,https://ieeexplore.ieee.org/document/375486/,adjacent-subtopic,"Many advanced applications need to access and integrate resources and services provided by distributed, autonomous, and heterogeneous systems. Building an integrated system to provide uniform access and cooperation among these underlying heterogeneous systems is both an increasing necessity and a formidable challenge. An important component of such a complex integrated system is a language that would serve both as a data definition and as a data manipulation tool. Special requirements are posed in the instance of an integrated system which includes database systems among its components. In this paper, we present the necessary constructs that an object-oriented programming language should provide for being adopted as the language of the integrated system in such a setting.<>",ieee,llm,0.980,unreviewed,,doi:10.1109/hicss.1995.375486
discarded,Editing model based on the object-oriented approach,T. Watanabe; Y. Yoshida; T. Fukumura,1988,Proceedings COMPSAC 88: The Twelfth Annual International Computer Software & Applications Conference,10.1109/CMPSAC.1988.17152,https://ieeexplore.ieee.org/document/17152/,adjacent-subtopic,The authors propose a fundamental framework for the editing facility applicable to uniform manipulation for various kinds of data. The basic principle is to separate the object scheme and the data instance from the editing data extractively. This separation method makes it possible to specify various kinds of data under explicitly structured forms and then manipulate them with the uniform access paths. The editing model has an object-oriented feature based on the relational data model. The design concept of the editing mechanism is described in detail. Integration and functionality issues are addressed.<>,ieee,llm,0.970,unreviewed,,doi:10.1109/cmpsac.1988.17152
discarded,An overview of the Iris object-oriented DBMS,D.H. Fishman,1988,Digest of Papers. COMPCON Spring 88 Thirty-Third IEEE Computer Society International Conference,10.1109/CMPCON.1988.4854,https://ieeexplore.ieee.org/document/4854/,adjacent-subtopic,"The Iris database management system, a research prototype of a next-generation DBMS (database management system) is presented. Iris is intended to meet the needs of new and emerging database applications such as office information and knowledge-based systems, engineering test and measurement, and hardware and software design. In addition to providing for permanence of data, controlled sharing, backup, and recovery, Iris will also provide a number of needed capabilities that include rich data-modeling constructs, uniform access to specialized storage subsystems and to foreign DBMSs, novel data types (images, voice, text, vectors, matrices), prolonged transactions, direct database support for inference, and version control. Iris will also provide sharing of objects across applications and programming languages.<>",ieee,llm,0.980,unreviewed,,doi:10.1109/cmpcon.1988.4854
discarded,A uniform semantic-based access model for realtime interactive systems,Dennis Wiebusch; Marc Erich Latoschik,2014,2014 IEEE 7th Workshop on Software Engineering and Architectures for Realtime Interactive Systems (SEARIS),10.1109/SEARIS.2014.7152801,https://ieeexplore.ieee.org/document/7152801/,adjacent-subtopic,"This research presents a uniform semantic simulation state representation and access model for realtime interactive systems (RIS) in the field of Virtual, Augmented, and Mixed Reality. The role of this model is to provide a uniform interface to a centralized virtual world state, and simple mechanisms to manage all simulation components acting on it. It addresses the low maintainability and reusability of the traditional non-uniform world access schemes. The proposed model is based on two fundamental requirements: sharing a common simulation state and updating it via events. The state is structured around an entity-model, which is combined with a central registry that provides symbol-based semantic access.",ieee,llm,0.960,unreviewed,,doi:10.1109/searis.2014.7152801
discarded,A graphical interface for cooperative access to distributed and heterogeneous database systems,Xuequn Wu; N. Weissenberg,1997,Proceedings of the 1997 International Database Engineering and Applications Symposium (Cat. No.97TB100166),10.1109/IDEAS.1997.625655,https://ieeexplore.ieee.org/document/625655/,adjacent-subtopic,"We present the graphical interface of the system VHDBS, which has been jointly developed by an industrial research project at the Technology Center of the German Telekom and at the Fraunhofer ISST. The VHDBS system enables the integration and interoperation of existing distributed and heterogeneous databases, which were developed independently. The graphical interface FGRAPH of VHDBS provides uniform access to distributed and heterogeneous data. The interface is based on a sophisticated design, which enables browsing on both schema and object level, and allows both query and browsing of objects. In particular the user can move back and forth freely between query and browsing activities. Cooperative access to the data in various underlying databases is supported and platform, location and data model transparency is provided to the user.",ieee,llm,0.990,unreviewed,,doi:10.1109/ideas.1997.625655
discarded,Framework for the semantic Web: an RDF tutorial,S. Decker; P. Mitra; S. Melnik,2000,IEEE Internet Computing,10.1109/4236.895018,https://ieeexplore.ieee.org/document/895018/,adjacent-subtopic,"The current World Wide Web supports mainly human browsing and searching of textual content. This model has become less and less adequate as the mass of available information increases. What is required instead is a model that supports integrated and uniform access to information sources and services as well as intelligent applications for information processing on the Web. Such a model requires standard mechanisms for interchanging data and handling different data semantics. The Resource Description Framework (RDF) is a step in this direction. RDF provides a data model that supports fast integration of data sources by bridging semantic differences. It is often used (and was initially designed) for representing metadata about other Web resources, such as XML files. However, representing metadata about the Web is not different from representing data generally. Thus, RDF can be used as a general framework for data exchange on the Web.",ieee,llm,0.990,unreviewed,,doi:10.1109/4236.895018
discarded,Understanding the Behavior of Pthread Applications on Non-Uniform Cache Architectures,Gagandeep S. Sachdev; Kshitij Sudan; Mary W. Hall; Rajeev Balasubramonian,2011,2011 International Conference on Parallel Architectures and Compilation Techniques,10.1109/PACT.2011.26,https://ieeexplore.ieee.org/document/6113802/,off-topic-false-hit,"Future scalable multi-core chips are expected to implement a shared last-level cache (LLC) with banks distributed on chip, forcing a core to incur non-uniform access latencies to each bank. Consequently, high performance and energy efficiency depend on whether a thread's data is placed in local or nearby banks. Using compiler and programmer support, we aim to find an alternative solution to existing high-overhead designs. In this paper, we take existing parallel programs written in Pthreads, and show the performance gap between current static mapping schemes, costly migration schemes and idealized static and dynamic best-case scenarios.",ieee,llm,1.000,unreviewed,,doi:10.1109/pact.2011.26
discarded,geoPOM: a heterogeneous geoscientific persistent object system,S. Nittel; R.R. Muntz; E. Mesrobian,1997,Proceedings. Ninth International Conference on Scientific and Statistical Database Management (Cat. No.97TB100150),10.1109/SSDM.1997.621194,https://ieeexplore.ieee.org/document/621194/,adjacent-subtopic,"Lately, a need for uniform access to and integration of data stored in specialized, non-standard repositories such as GIS or multimedia storage servers has become apparent. The authors provide an overview of a heterogeneous geoscientific persistent object manager (geoPOM) developed at the UCLA Data Mining Laboratory. GeoPOM provides users with the ""illusion"" of a single object-oriented spatial data store even though the data is actually stored in several different spatial data repositories, thus, allowing users to define and handle spatial data in a uniform manner The geoPOM data model is based on the ODMG-93 standard for object-oriented data models, and the Open Geodata Consortium's (OGC) standardization effort for temporal-spatial object types (OGIS).",ieee,llm,0.990,unreviewed,,doi:10.1109/ssdm.1997.621194
