status,title,authors,year,venue,doi,url,tags,abstract,provider,decision_source,llm_confidence,llm_review_outcome,llm_change_direction,paper_id
discarded,CellListMap.jl: Efficient and customizable cell list implementation for calculation of pairwise particle properties within a cutoff,L. Martínez,2022,Computer Physics Communications,10.1016/j.cpc.2022.108452,https://www.scopus.com/inward/record.uri?partnerID=HzOxMe3b&scp=85132737611&origin=inward,off-topic-false-hit,"N-body simulations and trajectory analysis rely on the calculation of attributes that depend on pairwise particle distances within a cutoff. Interparticle potential energies, forces, distribution functions, neighbor lists, and distance-dependent distributions, for example, must be calculated. Cell lists are widely used to avoid computing distances outside the cutoff. However, efficient cell list implementations are difficult to customize. Here, we provide a fast and parallel implementation of cell lists in Julia that allows the mapping of custom functions dependent on particle positions in 2 or 3 dimensions. Arbitrary periodic boundary conditions are supported. Automatic differentiation and unit propagation can be used. The implementation provides a framework for the development of new analysis tools and simulations with custom potentials. The performance of resulting computations is comparable to state-of-the-art implementations of neighbor list algorithms and cell lists, available in specialized software. Examples are provided for the computation of potential energies, forces, distribution of pairwise velocities, neighbor lists and other typical calculations in molecular and astrophysical simulations. The Julia package is freely available at http://m3g.github.io/CellListMap.jl. Interfacing with Python and R with minimal overhead is possible.",scopus,llm,0.980,unreviewed,,doi:10.1016/j.cpc.2022.108452
discarded,Flexible data views: Design and implementation,L. Osvald,2017,Array 2017 Proceedings of the 4th ACM SIGPLAN International Workshop on Libraries Languages and Compilers for Array Programming Co Located with PLDI 2017,10.1145/3091966.3091970,https://www.scopus.com/inward/record.uri?partnerID=HzOxMe3b&scp=85029722492&origin=inward,adjacent-subtopic,"In this paper, we present a library-based framework of data views over chunks of memory segments. Such views not only enable a uniform treatment of references and arrays, but they provide a more general abstraction in the sense that parts of arrays, references, or even views, can be combined into hierarchies to form new logical data structures. To provide efficient implementations in widely used industrial languages such as C++ and Scala, we employ static and dynamic multi-staging techniques, respectively. Through staging and code specialization, the overhead of traversal and tracking of such view hierarchies is mostly eliminated. Thus, our data views can be used as building blocks for creating data structures for which programmers need not pick a specific representation but can rely on code generation and specialization to provide the right implementation that meets asymptotic running time and space guarantees. We apply our approach in case studies in which two-dimensional array views are used to efficiently encode real-world matrices, showing performance on par with specialized data structures such as sparse matrices from popular linear algebra libraries (Armadillo and Eigen), or hand-tuned dense representations. We also show the practicality of specializing data views at run-time on the JVM via Lightweight Modular Staging, a Scala framework for dynamic multi-stage programming, by designing a user-friendly API that hides the underlying compilation through lazy evaluation and a uniform access principle.",scopus,llm,0.970,unreviewed,,doi:10.1145/3091966.3091970
discarded,The performance of object encodings in javascript,F. Alexander,2016,Proceedings of the 11th Workshop on Implementation Compilation Optimization of Object Oriented Languages Programs and Systems Icooolps 2016,10.1145/3012408.3012417,https://www.scopus.com/inward/record.uri?partnerID=HzOxMe3b&scp=85011957237&origin=inward,adjacent-subtopic,"We investigate how to represent objects when JavaScript is used as a compilation target. This is an interesting question because JavaScript is the target language of choice for compiler writers who wish to deploy to ""the Internet"", and because JavaScript offers many ways to say the same thing.",scopus,llm,0.940,unreviewed,,doi:10.1145/3012408.3012417
kept,Polymorphic identifiers: Uniform resource access in objective-smalltalk,M. Weiher,2014,ACM SIGPLAN Notices,,https://www.scopus.com/inward/record.uri?partnerID=HzOxMe3b&scp=84894063356&origin=inward,adjacent-subtopic; uap-limits; qualifies-claim,,scopus,llm_reviewed,0.840,changed,discarded->kept,hash:dfee11111123bdf5
kept,Polymorphic identifiers: Uniform resource access in objective-smalltalk,M. Weiher,2013,Dls 2013 Proceedings of the 9th Symposium on Dynamic Languages Co Located with Splash 2013,10.1145/2508168.2508169,https://www.scopus.com/inward/record.uri?partnerID=HzOxMe3b&scp=84888117580&origin=inward,adjacent-subtopic; uap-limits; qualifies-claim,"In object-oriented programming, polymorphic dispatch of operations decouples clients from specific providers of services and allows implementations to be modified or substituted without affecting clients.",scopus,llm_reviewed,0.870,changed,discarded->kept,doi:10.1145/2508168.2508169
discarded,"Objects and Databases - Third International Conference, ICOODB 2010, Proceedings",,2010,Lecture Notes in Computer Science Including Subseries Lecture Notes in Artificial Intelligence and Lecture Notes in Bioinformatics,,https://www.scopus.com/inward/record.uri?partnerID=HzOxMe3b&scp=78249254563&origin=inward,adjacent-subtopic,,scopus,llm,0.830,unreviewed,,hash:f1e0a52e0c91b166
discarded,Design and evaluation of a high-level Grid communication infrastructure,F. Messina,2007,Concurrency and Computation Practice and Experience,10.1002/cpe.1104,https://www.scopus.com/inward/record.uri?partnerID=HzOxMe3b&scp=34547333437&origin=inward,adjacent-subtopic,"Abstract Developing a distributed application in a Grid context is likely to require considerable effort, whether to evolve existing code or to upgrade programmers' skills, for the sake of adapting to Grid‐specific communication technologies. As a solution, targeted to the Java technology, this paper proposes HiC, a high‐level communication infrastructure, which hides the low‐level data transfer mechanisms and hides concerns about them from applications. HiC adheres to a service‐aware, connection‐oriented, object stream paradigm. It can easily cater for a new data‐transfer technology, without any impact on the application built on top of it and, furthermore, without undergoing much adaptation itself. Architecturally, HiC consists of two layers. The upper layer allows software to obtain remote services through simple but powerful abstractions, while the lower layer provides the upper layer with uniform access to a specific underlying data‐transfer technology, such as GridRPC and XIO. The performance of HiC has been evaluated, and found to be acceptable even for relatively small amounts of data and the faster XIO data transfer. A standard interfacing architecture is also proposed, whereby all dependencies on HiC of user software can be confined within just an ‘intermediary’ pair per service. Furthermore, HiC has proven useful as a communication infrastructure for our ReD reflective framework for transparent distributed object allocation. The combination of HiC and ReD affords an advantageous synergy, which frees developers from the concerns of retargeting ReD to specific transfer technologies, and implementing the intermediaries between an application and HiC. Copyright © 2006 John Wiley & Sons, Ltd.",scopus,llm,0.990,unreviewed,,doi:10.1002/cpe.1104
discarded,"3rd International Conference on Grid and Cooperative Computing, GCC 2004",,2004,Lecture Notes in Computer Science Including Subseries Lecture Notes in Artificial Intelligence and Lecture Notes in Bioinformatics,,https://www.scopus.com/inward/record.uri?partnerID=HzOxMe3b&scp=84945897212&origin=inward,adjacent-subtopic,,scopus,llm,0.910,unreviewed,,hash:57be8ecc9743dd44
discarded,Developing secure web services for computational portals,C. Youn,2003,Proceedings of the International Conference on Security and Management,,https://www.scopus.com/inward/record.uri?partnerID=HzOxMe3b&scp=1642368433&origin=inward,adjacent-subtopic,,scopus,llm,0.990,unreviewed,,hash:6dfe8ee36854e2c8
discarded,Applying CORBA technology to ad-hoc network services with mobile terminals,N. Iga,2002,Proceedings 5th IEEE International Symposium on Object Oriented Real Time Distributed Computing Isorc 2002,10.1109/ISORC.2002.1003684,https://www.scopus.com/inward/record.uri?partnerID=HzOxMe3b&scp=84949803096&origin=inward,adjacent-subtopic,"The latest mobile terminals have rich and high performance peripherals like USB, IrDA, and Bluetooth. The mobile terminal and external devices are connected to form an ad-hoc network with a wired or wireless network locally, and to realize services with the external devices. The WAP Forum defines the specification of External Functionality Interface (EFI) framework specifications. The EFI provides a uniform access interface to external devices and enables access from all applications described by a markup language and a script language in the mobile terminal to the external devices. This paper shows that actual correspondence between EFI and CORBA, and architecture to implement CORBA-based EFI framework, specifications. The EFI does not define an interface for software components to provide services from the external devices. This paper also shows that the interface for software components can be systematically derived based on the architecture.",scopus,llm,0.980,unreviewed,,doi:10.1109/isorc.2002.1003684
discarded,A tool framework for static and dynamic analysis of object-oriented software with templates,K.A. Lindlan,2000,Proceedings of the International Conference on Supercomputing,10.1109/SC.2000.10052,https://www.scopus.com/inward/record.uri?partnerID=HzOxMe3b&scp=84862321901&origin=inward,adjacent-subtopic,"The developers of high-performance scientific applications often work in complex computing environments that place heavy demands on program analysis tools. The developers need tools that interoperate, are portable across machine architectures, and provide source-level feedback. In this paper, we describe a tool framework, the Program Database Toolkit (PDT), that supports the development of program analysis tools meeting these requirements. PDT uses compile-time information to create a complete database of high-level program information that is structured for well-defined and uniform access by tools and applications. PDT’s current applications make heavy use of advanced features of C++, in particular, templates. We describe the toolkit, focussing on its most important contribution -- its handling of templates -- as well as its use in existing applications.",scopus,llm,0.980,unreviewed,,doi:10.1109/sc.2000.10052
discarded,Mapping parallel application communication topology to rhombic overlapping-cluster multiprocessors,K. Hoganson,2000,Journal of Supercomputing,10.1023/A:1008171822063,https://www.scopus.com/inward/record.uri?partnerID=HzOxMe3b&scp=0034246109&origin=inward,adjacent-subtopic,"This paper extends research into rhombic overlapping-connectivity interconnection networks into the area of parallel applications. As a foundation for a shared-memory non-uniform access bus-based multiprocessor, these interconnection networks create overlapping groups of processors, buses, and memories, forming a clustered computer architecture where the clusters overlap. This overlapping-membership characteristic is shown to be useful for matching parallel application communication topology to the architecture's bandwidth characteristics. Many parallel applications can be mapped to the architecture topology so that most or all communication is localized within an overlapping cluster, at the low latency of processor direct to cache (or memory) over a bus. The latency of communication between parallel threads does not degrade parallel performance or limit the graininess of applications. Parallel applications can execute with good speedup and scaling on a proposed architecture which is designed to obtain maximum advantage from the overlapping-cluster characteristic, and also allows dynamic workload migration without moving the instructions or data. Scalability limitations of bus-based shared-memory multiprocessors are overcome by judicious workload allocation schemes, that take advantage of the overlapping-cluster memberships. Bus-based rhombic shared-memory multiprocessors are examined in terms of parallel speedup models to explain their advantages and justify their use as a foundation for the proposed computer architecture. Interconnection bandwidth is maximized with bi-directional circular and segmented overlapping buses. Strategies for mapping parallel application communication topologies to rhombic architectures are developed. Analytical models of enhanced rhombic multiprocessor performance are developed with a unique bandwidth modeling technique, and are compared with the results of simulation.",scopus,llm,1.000,unreviewed,,doi:10.1023/a:1008171822063
discarded,Object-oriented database management system for process control systems - development and evaluation,R. Wakizono,1999,Proceedings of the ACM Symposium on Applied Computing,10.1145/298151.298245,https://www.scopus.com/inward/record.uri?partnerID=HzOxMe3b&scp=0032665683&origin=inward,adjacent-subtopic,,scopus,llm,0.940,unreviewed,,doi:10.1145/298151.298245
discarded,A scalable mark-sweep garbage collector on large-scale shared-memory machines,T. Endo,1997,Proceedings of the International Conference on Supercomputing,10.1145/509593.509641,https://www.scopus.com/inward/record.uri?partnerID=HzOxMe3b&scp=84900330693&origin=inward,adjacent-subtopic,"This work describes implementation of a mark-sweep garbage collector (GC) for shared-memory machines and reports its performance. It is a simple 'parallel' collector in which all processors cooperatively traverse objects in the global shared heap. The collector stops the application program during a collection. To achieve scalability, collector performs dynamic load balancing, which exchanges objects to be scanned between processors. However, we observed that the implementation detail affects the performance heavily. For example, large objects, which become a source of significant load imbalance are split into small pieces. With all careful implementation, we achieved 28-fold speed-up on 64 processors.",scopus,llm,0.990,unreviewed,,doi:10.1145/509593.509641
discarded,A global object name space for the intel hypercube,W. Bain,1988,Proceedings of the 3rd Conference on Hypercube Concurrent Computers and Applications Architecture Software Computer Systems and General Issues C3p 1988,10.1145/62297.62370,https://www.scopus.com/inward/record.uri?partnerID=HzOxMe3b&scp=85034013088&origin=inward,adjacent-subtopic,"The Intel iPSC and iPSC®/2 concurrent computer systems provide the processing power and memory to solve very large parallel programming problems. However, their distributed memory and large grain process model complicate the implementation of object oriented programs.",scopus,llm,0.970,unreviewed,,doi:10.1145/62297.62370
