status,title,authors,year,venue,doi,url,tags,abstract,provider,decision_source,llm_confidence,llm_review_outcome,llm_change_direction,paper_id
discarded,Code Smell Detection Research Based on Pre-training and Stacking Models,Dongwen Zhang; Shuai Song; Yang Zhang; Haiyang Liu; Gaojie Shen,2023,IEEE Latin America Transactions,10.1109/tla.2024.10375735,https://openalex.org/W4390380216,adjacent-subtopic,"Code smells detection primarily adopts heuristic-based, machine learning, and deep learning approaches, However, to enhance accuracy, most studies employ deep learning methods, but the value of traditional machine learning methods should not be underestimated. Additionally, existing code smells detection methods do not pay sufficient attention to the textual features in the code. To address this issue, this paper proposes a code smell detection method, SCSmell, which utilizes static analysis tools to extract structure features, then transforms the code into txt format using static analysis tools , and inputs it into the BERT pre-training model to extract textual features. The structure features are combined with the textual features to generate sample data and label code smells instances. The REFCV method is then used to filter important structure features. To deal with the issue of data imbalance, the Borderline-SMOTE method is used to generate positive sample data, and a three-layer Stacking model is ultimately employed to detect code smells. In our experiment, we select 44 large actual projects programs as the training and testing sets and conducted smell detection for four types of code smells: brain class, data class, God class, and brain method. The experimental results indicate that the SCSmell method improves the average accuracy by 10.38 % compared to existing detection methods, while maintaining high precision, recall, and F1 scores. The SCSmell method is an effective solution for implementing code smells detection.",openalex,llm,0.980,unreviewed,,doi:10.1109/tla.2024.10375735
discarded,NB-IoT and LoRA connectivity analysis for M2M/IoT smart grids applications,Samuela Persia; Claudia Carciofi; Manuel Faccioli,2017,,10.23919/aeit.2017.8240558,https://openalex.org/W2781119409,off-topic-false-hit,"The evolution of the new M2M/IoT paradigm suggests new applications in several fields. However, the unique characteristics of M2M communications pose different challenges in terms of connectivity and capacity with respect to the conventional telecommunications networks. In particular, the harmful locations where IoT devices could be deployed and the massive number of the devices to be connected require a different approach with respect the traditional wireless communication. In this paper, we analyzed two different technologies expressly devoted the M2M communication: the Long Term Evolution (LTE) based solution, NB-IoT (Narrow Band - Internet of Things), and the LPWAN (Low Power Wide Area Network) based solution, LoRa (Low Range). The analysis has been provided taking into account different propagation scenarios and geographical information of the real MNOs (Mobile Network Operators) sites operating in the territory under test. The aim of this work is to check wireless access method of both cellular and proprietary technologies for the novel IoT Smart Grid applications requirements.",openalex,llm,0.990,unreviewed,,doi:10.23919/aeit.2017.8240558
discarded,Topological Access Methods for Spatial and Spatiotemporal Data,Markus Jahn; Patrick Erik Bradley,2022,ISPRS International Journal of Geo-Information,10.3390/ijgi11100533,https://openalex.org/W4306925949,off-topic-false-hit,"In order to perform topological queries on geographic data, it is necessary to first develop a topological access method (TOAM). Using the fact that any (incidence or other binary) relation produces a topology which includes the common usage of topology for spatial or spatiotemporal data, here, such a TOAM is developed on the basis of the previously applied concept of Property Graph used in order to manage topological information in data of any dimension, whether time dependent or not. As a matter of fact, it is necessary to have a TOAM in order to query such a graph, and also to have data which are topologically consistent in a certain sense. While the rendering of topological consistency was the concern of previous work, here, the aim is to develop a methodology which builds on this concept. In the end, an experimental test of this approach on a small city model is performed. It turned out that the Euler characteristic, a well-known topological invariant, can be helpful for the initial data validation. Practically, this present theoretical work is seen to be necessary in view of future innovative applications, e.g., in the context of city model simulations, including distributed geo-processing.",openalex,llm,0.980,unreviewed,,doi:10.3390/ijgi11100533
discarded,"Opening up ChatGPT: Tracking openness, transparency, and accountability in instruction-tuned text generators",Andreas Liesenfeld; Alianda Lopez; Mark Dingemanse,2023,,10.1145/3571884.3604316,https://openalex.org/W4384261711,off-topic-false-hit,"Large language models that exhibit instruction-following behaviour represent one of the biggest recent upheavals in conversational interfaces, a trend in large part fuelled by the release of OpenAI’s ChatGPT, a proprietary large language model for text generation fine-tuned through reinforcement learning from human feedback (LLM+RLHF). We review the risks of relying on proprietary software and survey the first crop of open-source projects of comparable architecture and functionality. The main contribution of this paper is to show that openness is differentiated, and to offer scientific documentation of degrees of openness in this fast-moving field. We evaluate projects in terms of openness of code, training data, model weights, RLHF data, licensing, scientific documentation, and access methods. We find that while there is a fast-growing list of projects billing themselves as ‘open source’, many inherit undocumented data of dubious legality, few share the all-important instruction-tuning (a key site where human annotation labour is involved), and careful scientific documentation is exceedingly rare. Degrees of openness are relevant to fairness and accountability at all points, from data collection and curation to model architecture, and from training and fine-tuning to release and deployment.",openalex,llm,0.970,unreviewed,,doi:10.1145/3571884.3604316
discarded,Uncertainty-wise software anti-patterns detection: A possibilistic evolutionary machine learning approach,Sofien Boutaib; Maha Elarbi; Slim Bechikh; Carlos A. Coello Coello; Lamjed Ben Saïd,2022,Applied Soft Computing,10.1016/j.asoc.2022.109620,https://openalex.org/W4296182861,adjacent-subtopic,"Context. Code smells (a.k.a. anti-patterns) are manifestations of poor design solutions that can deteriorate software maintainability and evolution. Research gap. Existing works did not take into account the issue of uncertain class labels, which is an important inherent characteristic of the smells detection problem. More precisely, two human experts may have different degrees of uncertainty about the smelliness of a particular software class not only for the smell detection task but also for the smell type identification one. Unluckily, existing approaches usually reject and/or ignore uncertain data that correspond to software classes (i.e. dataset instances) with uncertain labels. Throwing away and/or disregarding the uncertainty factor could considerably degrade the detection/identification process effectiveness. From a solution approach viewpoint, there is no work in the literature that proposed a method that is able to detect and/or identify code smells while preserving the uncertainty aspect. Objective. The main goal of our research work is to handle the uncertainty factor, issued from human experts, in detecting and/or identifying code smells by proposing an evolutionary approach that is able to deal with anti-patterns classification with uncertain labels. Method. We suggest Bi-ADIPOK, as an ∗Corresponding author Email addresses: boutaibsofien@yahoo.fr (Sofien Boutaib ), arbi.maha@yahoo.com (Maha Elarbi), slim.bechikh@fsegn.rnu.tn (Slim Bechikh ), ccoello@cs.cinvestav.mx (Carlos A. Coello Coello), lamjed.bensaid@isg.rnu.tn (Lamjed Ben Said) Preprint submitted to Journal of LTEX Templates October 19, 2022 effective search-based tool that is capable to tackle the previously mentioned challenge for both detection and identification cases. The proposed method corresponds to an EA (Evolutionary Algorithm) that optimizes a set of detectors encoded as PK-NNs (Possibilistic K-nearest neighbors) based on a bi-level hierarchy, in which the upper level role consists on finding the optimal PKNNs parameters, while the lower level one is to generate the PK-NNs. A newly fitness function has been proposed fitness function PomAURPC-OVA dist (Possibilistic modified Area Under Recall Precision Curve One-Versus-All distance, abbreviated PAURPC d in this paper). Bi-ADIPOK is able to deal with label uncertainty using some concepts stemming from the Possibility Theory. Furthermore, the PomAURPC-OVA dist is capable to process the uncertainty issue even with imbalanced data. We notice that Bi-ADIPOK is first built and then validated using a possibilistic base of smell examples that simulates and mimics the subjectivity of software engineers opinions. Results. The statistical analysis of the obtained results on a set of comparative experiments with respect to four relevant state-of-the-art methods shows the merits of our proposal. The obtained detection results demonstrate that, for the uncertain environment, the PomAURPC-OVA dist of Bi-ADIPOK ranges between 0.902 and 0.932 and its IAC lies between 0.9108 and 0.9407, while for the certain environment, the PomAURPC-OVA dist lies between 0.928 and 0.955 and the IAC ranges between 0.9477 and 0.9622. Similarly, the identification results, for the uncertain environment, indicate that the PomAURPC-OVA dist of Bi-ADIPOK varies between 0.8576 and 0.9273 and its IAC is between 0.8693 and 0.9318. For the certain environment, the PomAURPC-OVA dist lies between 0.8613 and 0.9351 and the IAC values are between 0.8672 and 0.9476. With uncertain data, BiADIPOK can find 35% more code smells than the second best approach (i.e., BLOP). Furthermore, Bi-ADIPOK has succeeded to reduce the number of false alarms (i.e., misclassified smelly instances) by 12%. In addition, our proposed approach can identify 43% more smell types than BLOP and reduces the number of false alarms by 32%. The same results have been obtained for the certain environment, demonstrating Bi-ADIPOK’s ability to deal with such environ2 ment.",openalex,llm,0.980,unreviewed,,doi:10.1016/j.asoc.2022.109620
discarded,Data critique and analytical opportunities for very large Facebook Pages: Lessons learned from exploring “We are all Khaled Said”,Bernhard Rieder; Rasha A. Abdulla; Thomas Poell; Robbert A. F. L. Woltering; Liesbeth Zack,2015,Big Data & Society,10.1177/2053951715614980,https://openalex.org/W2259271556,adjacent-subtopic,"This paper discusses the empirical, Application Programming Interface (API)-based analysis of very large Facebook Pages. Looking in detail at the technical characteristics, conventions, and peculiarities of Facebook’s architecture and data interface, we argue that such technical fieldwork is essential to data-driven research, both as a crucial form of data critique and as a way to identify analytical opportunities. Using the “We are all Khaled Said” Facebook Page, which hosted the activities of nearly 1.9 million users during the Egyptian Revolution and beyond, as empirical example, we show how Facebook’s API raises important questions about data detail, completeness, consistency over time, and architectural complexity. We then outline an exploratory approach and a number of analytical techniques that take the API and its idiosyncrasies as a starting point for the concrete investigation of a large dataset. Our goal is to close the gap between Big Data research and research about Big Data by showing that the critical investigation of technicity is essential for empirical research and that attention to the particularities of empirical work can provide a deeper understanding of the various issues Big Data research is entangled with.",openalex,llm,0.950,unreviewed,,doi:10.1177/2053951715614980
discarded,,,,,,,off-topic-false-hit; empty record,,scopus,llm_reviewed,0.550,confirmed,,hash:cbe5cfdf7c2118a9
discarded,Multidimensional access methods,Volker Gaede; Oliver Günther,1998,ACM Computing Surveys,10.1145/280277.280279,https://openalex.org/W2106642566,off-topic-false-hit,"Search operations in databases require special support at the physical level. This is true for conventional databases as well as spatial databases, where typical search operations include the point query (find all objects that contain a given search point) and the region query (find all objects that overlap a given search region). More than ten years of spatial database research have resulted in a great variety of multidimensional access methods to support such operations. We give an overview of that work. After a brief survey of spatial data management in general, we first present the class of point access methods , which are used to search sets of points in two or more dimensions. The second part of the paper is devoted to spatial access methods to handle extended objects, such as rectangles or polyhedra. We conclude with a discussion of theoretical and experimental results concerning the relative performance of various approaches.",openalex,llm,0.990,unreviewed,,doi:10.1145/280277.280279
discarded,Combining language and database advances in an object-oriented development environment,Timothy Andrews; Craig Harris,1987,,10.1145/38765.38847,https://openalex.org/W1992847198,adjacent-subtopic,"Object-oriented languages generally lack support for persistent objects—that is objects that survive the process or programming session. On the other hand, database systems lack the expressibility of object-oriented languages. Both persistence and expressibility are necessary for production application development.This paper presents a brief overview of VBASE, an object-oriented development environment that combines a procedural object language and persistent objects into one integrated system. Language aspects of VBASE include strong datatyping, a block structured schema definition language, and parameterization, or the ability to type members of aggregate objects. Database aspects include system support for one-to-one, one-to-many, and many-to-many relationships between objects, an inverse mechanism, user control of object clustering in storage for space and retrieval efficiency, and support for trigger methods.Unique aspects of the system are its mechanisms for custom implementations of storage allocation and access methods of properties and types, and free operations, that is operations that are not dispatched according to any defined type.During the last several years, both languages and database systems have begun to incorporate object features. There are now many object-oriented programming languages. [Gol1983, Tes1985, Mey 1987, Cox 1986, Str 1986]. Object-oriented database management systems are not as prevalent yet, and sometimes tend to use different terms (Entity-Relationship, Semantic Data Model), but they are beginning to appear on the horizon [Cat1983, Cop1984, Ston1986, Mylo1980]. However, we are not aware of any system which combines both language and database features in a single object-oriented development platform. This is essential since a system must provide both complex data management and advanced programming language features if it is to be used to develop significant production software systems. Providing only one or the other is somewhat akin to providing half a bridge: it might be made structurally sound, perhaps, but it is not particularly useful to one interested in getting across the river safely.Object-oriented languages have been available for many years. The productivity increases achievable through the use of such languages are well recognized. However, few serious applications have been developed using them. One reason has been performance, though this drawback is being eliminated through the development of compiled object languages. The remaining major negative factor, in our view, is the lack of support for persistence; the lack of objects that survive the processing session and provide object sharing among multiple users of an application.Database management systems, in contrast, suffer from precisely the opposite problem. While having excellent facilities for managing large amounts of data stored on mass media, they generally support only limited expression capabilities, and no structuring facilities.Both language and database systems usually solve this problem by providing bridges between the systems. Thus the proliferation of 'embedded languages', allowing language systems to access database managers. These bridges are usually awkward, and still provide only restricted functionality. Both performance and safety can be enhanced through a tighter coupling between the data management and programming language facilities.It is this lack of a truly integrated system which provided our inspiration at Ontologic, Inc. This paper reviews Ontologic's VBASE Integrated Object System and describes how it combines language and database functionality.",openalex,llm,0.870,unreviewed,,doi:10.1145/38765.38847
discarded,Object-Oriented Reengineering Patterns,"Serge Demeyer; Ducasse, Stéphane; Oscar Nierstrasz",2003,Elsevier eBooks,10.1016/b978-1-55860-639-5.x5000-7,https://openalex.org/W2121898992,adjacent-subtopic,"Thank you very much for reading object oriented reengineering patterns. As you may know, people have search numerous times for their chosen novels like this object oriented reengineering patterns, but end up in harmful downloads. Rather than enjoying a good book with a cup of coffee in the afternoon, instead they juggled with some harmful virus inside their laptop. object oriented reengineering patterns is available in our book collection an online access to it is set as public so you can download it instantly. Our book servers hosts in multiple locations, allowing you to get the most less latency time to download any of our books like this one. Merely said, the object oriented reengineering patterns is universally compatible with any devices to read.",openalex,llm,0.760,unreviewed,,doi:10.1016/b978-1-55860-639-5.x5000-7
discarded,Object Data Management: Object-Oriented and Extended Relational Database Systems,R. G. G. Cattell,1991,CERN Document Server (European Organization for Nuclear Research),,https://openalex.org/W1578824034,adjacent-subtopic,"(All chapters, excepts Chapters 1 and 8, begin with an Introduction.) Preface. 1. Introduction. Need for Object Data Management. Data Models and Database Architectures. Object Data Management Concepts. 2. Advanced Database Applications. Software Engineering. Mechanical and Electrical Design. Documents and Office Applications. Other Applications. Conclusions. 3. Traditional Database Systems. Database Concepts. Relational Databases. Query Languages. Storing Relations. Access Methods. Query Processing. Concurrency and Recovery. Distributed Databases. Application Tools. Performance. Summary. 4. Object Data Management Concepts. Objects. Relationships. Composite Objects. Procedures. Types and Inheritance. Query and Programming Languages. Persistence, Concurrency, and Recovery. Other Topics. Summary. 5. Implementation Issues. Object Storage. Relationships. Composite Objects and Clustering. Procedures and Programming Languages. Object Types. Query Processing. Concurrency and Recovery. Distribution. Performance. Summary. 6. Future Database Systems. ODMG. ODMG C++. SQL3. Other Standards Activities. Summary. 7. Goals for Object Data Management. Database Functionality. Objects and Properties. Type System. Programming and Query Languages. Database Architecture. Other Issues. Summary. 8. Conclusions. Needs for Object Data Management. Object Data Management Approaches. Future Directions. Summary. Appendix: Products and Prototypes. Introduction. Object-Oriented Database Systems. Extended Relational Database Systems. Extended Functional and Semantic Database Systems. Database System Generators. Object Managers. Summary. System Bibliography. Annotated Bibliography. Index. 0201547481T04062001",openalex,llm,0.900,unreviewed,,hash:f6933970524743b0
discarded,Relations as semantic constructs in an object-oriented language,James E. Rumbaugh,1987,,10.1145/38765.38850,https://openalex.org/W2107145247,adjacent-subtopic,"The relation as a semantic construct in an object-oriented language clearly expresses associations and constraints among objects which would otherwise be buried in implementation code. The externalization of references between objects permits a symmetric, non-redundant conceptual model which merits its own special notation and predefined operations. The object-relation model, which combines the object-oriented model with the entity-relationship model from data base theory, is particularly useful for designing and partitioning systems of interrelated objects. Relations can be implemented efficiently using hash tables. The model proposed here has been fully implemented in an object-oriented language written by the author which has been used to implement several production applications.",openalex,llm,0.930,unreviewed,,doi:10.1145/38765.38850
