status,title,authors,year,venue,doi,url,tags,abstract,provider,decision_source,llm_confidence,llm_review_outcome,llm_change_direction,paper_id
discarded,Adam: A Method for Stochastic Optimization,Diederik P. Kingma; Jimmy Lei Ba,2014,arXiv (Cornell University),10.48550/arxiv.1412.6980,https://openalex.org/W1522301498,adjacent-subtopic,"We introduce Adam, an algorithm for first-order gradient-based optimization of stochastic objective functions, based on adaptive estimates of lower-order moments. The method is straightforward to implement, is computationally efficient, has little memory requirements, is invariant to diagonal rescaling of the gradients, and is well suited for problems that are large in terms of data and/or parameters. The method is also appropriate for non-stationary objectives and problems with very noisy and/or sparse gradients. The hyper-parameters have intuitive interpretations and typically require little tuning. Some connections to related algorithms, on which Adam was inspired, are discussed. We also analyze the theoretical convergence properties of the algorithm and provide a regret bound on the convergence rate that is comparable to the best known results under the online convex optimization framework. Empirical results demonstrate that Adam works well in practice and compares favorably to other stochastic optimization methods. Finally, we discuss AdaMax, a variant of Adam based on the infinity norm.",openalex,llm,0.990,unreviewed,,doi:10.48550/arxiv.1412.6980
discarded,On the Properties of Neural Machine Translation: Encoder–Decoder Approaches,Kyunghyun Cho; Bart van Merriënboer; Dzmitry Bahdanau; Yoshua Bengio,2014,,10.3115/v1/w14-4012,https://openalex.org/W2964199361,adjacent-subtopic,"Neural machine translation is a relatively new approach to statistical machine translation based purely on neural networks.The neural machine translation models often consist of an encoder and a decoder.The encoder extracts a fixed-length representation from a variable-length input sentence, and the decoder generates a correct translation from this representation.In this paper, we focus on analyzing the properties of the neural machine translation using two models; RNN Encoder-Decoder and a newly proposed gated recursive convolutional neural network.We show that the neural machine translation performs relatively well on short sentences without unknown words, but its performance degrades rapidly as the length of the sentence and the number of unknown words increase.Furthermore, we find that the proposed gated recursive convolutional network learns a grammatical structure of a sentence automatically.",openalex,llm,0.990,unreviewed,,doi:10.3115/v1/w14-4012
discarded,Commentary: The Materials Project: A materials genome approach to accelerating materials innovation,Anubhav Jain; Shyue Ping Ong; Geoffroy Hautier; Wei Chen; William D. Richards; Stephen T. Dacek; Shreyas Cholia; Dan Gunter; David E. Skinner; Gerbrand Ceder; Kristin Aslaug Persson,2013,APL Materials,10.1063/1.4812323,https://openalex.org/W1992985800,off-topic-false-hit,"Accelerating the discovery of advanced materials is essential for human welfare and sustainable, clean energy. In this paper, we introduce the Materials Project (www.materialsproject.org), a core program of the Materials Genome Initiative that uses high-throughput computing to uncover the properties of all known inorganic materials. This open dataset can be accessed through multiple channels for both interactive exploration and data mining. The Materials Project also seeks to create open-source platforms for developing robust, sophisticated materials analyses. Future efforts will enable users to perform ‘‘rapid-prototyping’’ of new materials in silico, and provide researchers with new avenues for cost-effective, data-driven materials design.",openalex,llm,0.990,unreviewed,,doi:10.1063/1.4812323
discarded,How do galaxies get their gas?,D. Kere; Neal Katz; David H. Weinberg; Romeel Davé,2005,Monthly Notices of the Royal Astronomical Society,10.1111/j.1365-2966.2005.09451.x,https://openalex.org/W2001085255,off-topic-false-hit,"We examine the temperature history of gas accreted by forming galaxies in smoothed particle hydrodynamics simulations. About half of the gas follows the track expected in the conventional picture of galaxy formation, shock heating to roughly the virial temperature of the galaxy potential well (T ∼ 106 K for a Milky Way type galaxy) before cooling, condensing and forming stars. However, the other half radiates its acquired gravitational energy at much lower temperatures, typically T < 105 K, and the histogram of maximum gas temperatures is clearly bimodal. The ‘cold mode’ of gas accretion dominates for low-mass galaxies (baryonic mass Mgal ≲ 1010.3 M⊙ or halo mass Mhalo ≲ 1011.4 M⊙), while the conventional ‘hot mode’ dominates the growth of high-mass systems. Cold accretion is often directed along filaments, allowing galaxies to efficiently draw gas from large distances, while hot accretion is quasi-spherical. The galaxy and halo mass dependence leads to redshift and environment dependence of cold and hot accretion rates, with the cold mode dominating at high redshift and in low-density regions today, and the hot mode dominating in group and cluster environments at low redshift. The simulations reproduce an important feature of the observed relation between the galaxy star formation rate (SFR) and the environment, namely a break in star formation rates at surface densities σ∼ 1 h275 Mpc−2, outside the virial radii of large groups and clusters. The cosmic SFR tracks the overall history of gas accretion, and its decline at low redshift follows the combined decline of cold and hot accretion rates. The drop in cold accretion is driven by the decreasing infall rate on to haloes, while for hot accretion this slower mass growth is further modified by the longer cooling times within haloes. If we allowed hot accretion to be suppressed by conduction or active galactic nuclei feedback, then the simulation predictions would change in interesting ways, perhaps resolving conflicts with the colours of ellipticals and the cut-off of the galaxy luminosity function. The transition at Mhalo∼ 1011.4 M⊙ between cold-mode domination and hot-mode domination is similar to that found by Birnboim & Dekel using one-dimensional simulations and analytic arguments. The corresponding baryonic mass is tantalizingly close to the scale at which Kauffmann et al. find a marked shift in galaxy properties, and we speculate on possible connections between these theoretical and observational transitions.",openalex,llm,1.000,unreviewed,,doi:10.1111/j.1365-2966.2005.09451.x
discarded,Integrative Analysis of Complex Cancer Genomics and Clinical Profiles Using the cBioPortal,Jianjiong Gao; Bülent Arman Aksoy; Uğur Doğrusöz; Gideon Dresdner; Benjamin E Gross; Selçuk Onur Sümer; Yichao Sun; Anders J. Skanderup; Rileen Sinha; Erik Larsson; Ethan G Cerami; Chris Sander; Nikolaus D. Schultz,2013,Science Signaling,10.1126/scisignal.2004088,https://openalex.org/W2114843025,off-topic-false-hit,"The cBioPortal for Cancer Genomics (http://cbioportal.org) provides a Web resource for exploring, visualizing, and analyzing multidimensional cancer genomics data. The portal reduces molecular profiling data from cancer tissues and cell lines into readily understandable genetic, epigenetic, gene expression, and proteomic events. The query interface combined with customized data storage enables researchers to interactively explore genetic alterations across samples, genes, and pathways and, when available in the underlying data, to link these to clinical outcomes. The portal provides graphical summaries of gene-level data from multiple platforms, network visualization and analysis, survival analysis, patient-centric queries, and software programmatic access. The intuitive Web interface of the portal makes complex cancer genomics profiles accessible to researchers and clinicians without requiring bioinformatics expertise, thus facilitating biological discoveries. Here, we provide a practical guide to the analysis and visualization features of the cBioPortal for Cancer Genomics.",openalex,llm,0.980,unreviewed,,doi:10.1126/scisignal.2004088
discarded,pkCSM: Predicting Small-Molecule Pharmacokinetic and Toxicity Properties Using Graph-Based Signatures,Douglas E. V. Pires; Tom L. Blundell; David Benjamin Ascher,2015,Journal of Medicinal Chemistry,10.1021/acs.jmedchem.5b00104,https://openalex.org/W2009867031,off-topic-false-hit,"Drug development has a high attrition rate, with poor pharmacokinetic and safety properties a significant hurdle. Computational approaches may help minimize these risks. We have developed a novel approach (pkCSM) which uses graph-based signatures to develop predictive models of central ADMET properties for drug development. pkCSM performs as well or better than current methods. A freely accessible web server (http://structure.bioc.cam.ac.uk/pkcsm), which retains no information submitted to it, provides an integrated platform to rapidly evaluate pharmacokinetic and toxicity properties.",openalex,llm,1.000,unreviewed,,doi:10.1021/acs.jmedchem.5b00104
discarded,"Computer ""Experiments"" on Classical Fluids. I. Thermodynamical Properties of Lennard-Jones Molecules",Loup Verlet,1967,Physical Review,10.1103/physrev.159.98,https://openalex.org/W2323178299,off-topic-false-hit,"The equation of motion of a system of 864 particles interacting through a Lennard-Jones potential has been integrated for various values of the temperature and density, relative, generally, to a fluid state. The equilibrium properties have been calculated and are shown to agree very well with the corresponding properties of argon. It is concluded that, to a good approximation, the equilibrium state of argon can be described through a two-body potential.",openalex,llm,1.000,unreviewed,,doi:10.1103/physrev.159.98
discarded,Biological properties of extracellular vesicles and their physiological functions,María Yáñez‐Mó; Pia R. M. Siljander; Zoraida Andreu; Apolonija Bedina Zavec; Francesc Enric Borràs; Edit I. Buzás; Krisztina Buzás; Enriqueta Casal; Francesco Cappello; Joana Carvalho; Eva Colás; Anabela Cordeiro‐da‐Silva; Stefano Fais; Juan Manuel Falcón‐Pérez; Irene M. Ghobrial; Bernd Giebel; Mario Gimona; Michael W. Graner; İhsan Gürsel; Mayda Gürsel; Niels H. H. Heegaard; An Hendrix; Peter Kierulf; Katsutoshi Kokubun; Maja Kosanović; Veronika Kralj‐Iglič; Eva‐Maria Krämer‐Albers; Saara Laitinen; Cecilia Lässer; Thomas Lener; Erzsébet Ligeti; Aija Linē; Georg Lipps; Alicia Llorente; Jan O. Lötvall; Mateja Manček‐Keber; Antonio Marcilla; Marı́a Mittelbrunn; Irina A. Nazarenko; Esther N. M. Nolte‐‘t Hoen; Tuula A. Nyman; Lorraine O’Driscoll; Mireia Oliván; Carla Oliveíra; Éva Pállinger; Hernando Antonio Del Portillo; Jaume Reventós; Marina Rigau; Eva Rohde; Marei Sammar; Francisco Sánchez‐Madrid; Nuno Santarém; Katharina Schallmoser; Marie S. Ostenfeld; Willem Stoorvogel; Roman Štukelj; Susanne G. van der Grein; M. Helena Vasconcelos; Marca H. M. Wauben; Olivier De Wever,2015,Journal of Extracellular Vesicles,10.3402/jev.v4.27066,https://openalex.org/W2170852633,off-topic-false-hit,"In the past decade, extracellular vesicles (EVs) have been recognized as potent vehicles of intercellular communication, both in prokaryotes and eukaryotes. This is due to their capacity to transfer proteins, lipids and nucleic acids, thereby influencing various physiological and pathological functions of both recipient and parent cells. While intensive investigation has targeted the role of EVs in different pathological processes, for example, in cancer and autoimmune diseases, the EV-mediated maintenance of homeostasis and the regulation of physiological functions have remained less explored. Here, we provide a comprehensive overview of the current understanding of the physiological roles of EVs, which has been written by crowd-sourcing, drawing on the unique EV expertise of academia-based scientists, clinicians and industry based in 27 European countries, the United States and Australia. This review is intended to be of relevance to both researchers already working on EV biology and to newcomers who will encounter this universal cell biological system. Therefore, here we address the molecular contents and functions of EVs in various tissues and body fluids from cell systems to organs. We also review the physiological mechanisms of EVs in bacteria, lower eukaryotes and plants to highlight the functional uniformity of this emerging communication system.",openalex,llm,1.000,unreviewed,,doi:10.3402/jev.v4.27066
discarded,Using Bayes to get the most out of non-significant results,Zoltan Paul Dienes,2014,Frontiers in Psychology,10.3389/fpsyg.2014.00781,https://openalex.org/W2167796542,off-topic-false-hit,"No scientific conclusion follows automatically from a statistically non-significant result, yet people routinely use non-significant results to guide conclusions about the status of theories (or the effectiveness of practices). To know whether a non-significant result counts against a theory, or if it just indicates data insensitivity, researchers must use one of: power, intervals (such as confidence or credibility intervals), or else an indicator of the relative evidence for one theory over another, such as a Bayes factor. I argue Bayes factors allow theory to be linked to data in a way that overcomes the weaknesses of the other approaches. Specifically, Bayes factors use the data themselves to determine their sensitivity in distinguishing theories (unlike power), and they make use of those aspects of a theory's predictions that are often easiest to specify (unlike power and intervals, which require specifying the minimal interesting value in order to address theory). Bayes factors provide a coherent approach to determining whether non-significant results support a null hypothesis over a theory, or whether the data are just insensitive. They allow accepting and rejecting the null hypothesis to be put on an equal footing. Concrete examples are provided to indicate the range of application of a simple online Bayes calculator, which reveal both the strengths and weaknesses of Bayes factors.",openalex,llm,0.990,unreviewed,,doi:10.3389/fpsyg.2014.00781
discarded,"Macromolecular structure determination using X-rays, neutrons and electrons: recent developments in Phenix",Dorothee Claudia Liebschner; Pavel V. Afonine; Matthew L. Baker; Gàbor Bunkòczi; Vincent B. Chen; Tristan Ian Croll; Bradley J. Hintze; Li‐Wei Hung; Swati Jain; Airlie J. McCoy; Nigel W. Moriarty; Robert D. Oeffner; Billy K. Poon; Michael G. Prisant; Randy J. Read; Jane S. Richardson; David C. Richardson; Massimo Domenico Sammito; Oleg V. Sobolev; Duncan H. Stockwell; Thomas C. Terwilliger; Alexandre Urzhumtsev; Lizbeth L. Videau; Christopher J. Williams; Paul D. Adams,2019,Acta Crystallographica Section D Structural Biology,10.1107/s2059798319011471,https://openalex.org/W2973457155,off-topic-false-hit,"Diffraction (X-ray, neutron and electron) and electron cryo-microscopy are powerful methods to determine three-dimensional macromolecular structures, which are required to understand biological processes and to develop new therapeutics against diseases. The overall structure-solution workflow is similar for these techniques, but nuances exist because the properties of the reduced experimental data are different. Software tools for structure determination should therefore be tailored for each method. Phenix is a comprehensive software package for macromolecular structure determination that handles data from any of these techniques. Tasks performed with Phenix include data-quality assessment, map improvement, model building, the validation/rebuilding/refinement cycle and deposition. Each tool caters to the type of experimental data. The design of Phenix emphasizes the automation of procedures, where possible, to minimize repetitive and time-consuming manual tasks, while default parameters are chosen to encourage best practice. A graphical user interface provides access to many command-line features of Phenix and streamlines the transition between programs, project tracking and re-running of previous tasks.",openalex,llm,0.980,unreviewed,,doi:10.1107/s2059798319011471
discarded,Drug-like properties and the causes of poor solubility and poor permeability,Christopher A. Lipinski,2000,Journal of Pharmacological and Toxicological Methods,10.1016/s1056-8719(00)00107-6,https://openalex.org/W2069506489,off-topic-false-hit,"There are currently about 10 000 drug-like compounds. These are sparsely, rather than uniformly, distributed through chemistry space. True diversity does not exist in experimental combinatorial chemistry screening libraries. Absorption, distribution, metabolism, and excretion (ADME) and chemical reactivity-related toxicity is low, while biological receptor activity is higher dimensional in chemistry space, and this is partly explainable by evolutionary pressures on ADME to deal with endobiotics and exobiotics. ADME is hard to predict for large data sets because current ADME experimental screens are multi-mechanisms, and predictions gel worse as more data accumulates. Currently, screening for biological receptor activity precedes or is concurrent with screening for properties related to ""drugability."" In the future, ""drugability"" screening may precede biological receptor activity screening. The level of permeability or solubility needed for oral absorption is related to potency. The relative importance of poor solubility and poor permeability towards the problem of poor oral absorption depends on the research approach used for lead generation. A ""rational drug design"" approach as exemplified by Merck advanced clinical candidates leads to time-dependent higher molecular weight, higher II-bonding properties, unchanged lipophilicity, and, hence, poorer permeability. A high throughput screening (HTS)-based approach as exemplified by unpublished data on Pfizer (Groton, CT) early candidates leads to higher molecular weight, unchanged H-bonding properties, higher lipophilicity, and, hence, poorer aqueous solubility. (C) 2001 Elsevier Science Inc. All rights reserved.",openalex,llm,1.000,unreviewed,,doi:10.1016/s1056-8719(00)00107-6
discarded,On Approximating the Statistical Properties of Elasticities,Itzhak Krinsky; A. Leslie Robb,1986,The Review of Economics and Statistics,10.2307/1924536,https://openalex.org/W1968097274,off-topic-false-hit,"Empirical studies of consumer demand or of factor demand have now moved far beyond the Cobb-Douglas functional form and elasticities of interest are no longer estimated as parameters of the system. Instead, such elasticities are typically non-linear functions of the parameters that have been estimated and it is natural to want to be able to say something about the statistical properties of such elasticities. One way of dealing with this is to linearly approximate the elasticity formulas (in terms of the estimated parameters) and use classical statistical procedures to get approximations to the underlying variances. If y-f(x) and x has a variance covariance matrix V, the linear approximation is given by: Var(y) (8f/8x)V(8f/8x). The data needed for such an approximation are estimates of the parameters and of the associated variance-covariance matrix. Some of the earliest references that we have found to uses of this approximation technique in the elasticity context are to Griffin and Gregory (1976), Griffin (1977), and Fuss (1977), while the earliest references to",openalex,llm,1.000,unreviewed,,doi:10.2307/1924536
discarded,PubChem 2019 update: improved access to chemical data,Sunghwan Kim; Jie Chen; Tiejun Cheng; Asta Gindulytė; Jia He; Siqian He; Qingliang Li; Benjamin A. Shoemaker; Paul A Thiessen; Bo Yu; Leonid Yu. Zaslavsky; Jian Zhang; Evan Bolton,2018,Nucleic Acids Research,10.1093/nar/gky1033,https://openalex.org/W2899070097,off-topic-false-hit,"PubChem (https://pubchem.ncbi.nlm.nih.gov) is a key chemical information resource for the biomedical research community. Substantial improvements were made in the past few years. New data content was added, including spectral information, scientific articles mentioning chemicals, and information for food and agricultural chemicals. PubChem released new web interfaces, such as PubChem Target View page, Sources page, Bioactivity dyad pages and Patent View page. PubChem also released a major update to PubChem Widgets and introduced a new programmatic access interface, called PUG-View. This paper describes these new developments in PubChem.",openalex,llm,0.980,unreviewed,,doi:10.1093/nar/gky1033
