status,title,authors,year,venue,doi,url,tags,abstract,provider,decision_source,llm_confidence,llm_review_outcome,llm_change_direction,paper_id
discarded,Are Fix-Inducing Changes a Moving Target? A Longitudinal Case Study of Just-In-Time Defect Prediction,S. McIntosh,2018,IEEE Transactions on Software Engineering,10.1109/TSE.2017.2693980,https://www.scopus.com/inward/record.uri?partnerID=HzOxMe3b&scp=85046992607&origin=inward,adjacent-subtopic,"Just-In-Time (JIT) models identify fix-inducing code changes. JIT models are trained using techniques that assume that past fix-inducing changes are similar to future ones. However, this assumption may not hold, e.g., as system complexity tends to accrue, expertise may become more important as systems age. In this paper, we study JIT models as systems evolve. Through a longitudinal case study of 37,524 changes from the rapidly evolving Qt and OpenStack systems, we find that fluctuations in the properties of fix-inducing changes can impact the performance and interpretation of JIT models. More specifically: (a) the discriminatory power (AUC) and calibration (Brier) scores of JIT models drop considerably one year after being trained; (b) the role that code change properties (e.g., Size, Experience) play within JIT models fluctuates over time; and (c) those fluctuations yield over- and underestimates of the future impact of code change properties on the likelihood of inducing fixes. To avoid erroneous or misleading predictions, JIT models should be retrained using recently recorded data (within three months). Moreover, quality improvement plans should be informed by JIT models that are trained using six months (or more) of historical data, since they are more resilient to period-specific fluctuations in the importance of code change properties.",scopus,llm,0.990,unreviewed,,doi:10.1109/tse.2017.2693980
discarded,Design of testing framework for code smell detection (OOPS) using BFO algorithm,P. Sharma,2018,International Journal of Engineering and Technology Uae,,https://www.scopus.com/inward/record.uri?partnerID=HzOxMe3b&scp=85082344132&origin=inward,adjacent-subtopic,,scopus,llm,0.980,unreviewed,,hash:a2fb06328421414a
discarded,On the Properties of Design-Relevant Classes for Design Anomaly Assessment,L.N. Vale,2017,IEEE International Conference on Program Comprehension,10.1109/ICPC.2017.17,https://www.scopus.com/inward/record.uri?partnerID=HzOxMe3b&scp=85025168292&origin=inward,adjacent-subtopic,"Several object-oriented systems have their respective designs documented by using only a few design-relevant classes, which we will refer to as key classes. In this paper, we automatically detect key classes, and investigate some of their properties, and evaluate their role for assessing design. We propose focusing on such classes to make design decisions during maintenance tasks as those classes of this type are, by definition, more relevant than non-key classes. First, we show that key classes are more prone to bad smells than non-key classes. Although, structural metrics of key classes tend to be, in general, higher than non-key classes, there are still a significant set of non-key classes with poor structural metrics, suggesting that prioritizing design anomaly assessment using key classes would likely to be more effective.",scopus,llm,0.980,unreviewed,,doi:10.1109/icpc.2017.17
discarded,JAVACHECK: A domain specific language for the static analysis of Java code,S. Pérez-Soler,2017,Ceur Workshop Proceedings,,https://www.scopus.com/inward/record.uri?partnerID=HzOxMe3b&scp=85041449600&origin=inward,adjacent-subtopic,,scopus,llm,0.860,unreviewed,,hash:f132575924f0692e
discarded,Automated detection of code smells caused by null checking conditions in Java programs,K. Sirikul,2016,2016 13th International Joint Conference on Computer Science and Software Engineering Jcsse 2016,10.1109/JCSSE.2016.7748884,https://www.scopus.com/inward/record.uri?partnerID=HzOxMe3b&scp=85006929873&origin=inward,adjacent-subtopic,"A null object in Java is occurred when an object is not initialized properly, but a property or a method in the object is called; resulting in the null pointer exception problem and low software quality. To solve this problem, developers usually create a number of null checking conditions in their codes. Duplicated null checking conditions affect the code quality. The duplicated code makes a computer program repeatedly and exhaustively checks for null value, therefore, it reduces the performance of the program. This research involves automatically detecting the code smells caused by null checking conditions in Java by using regular expression. The research specifically focuses on detecting (i) introduce null object, (ii) duplicated code, and (iii) null checking in a string comparison problem. Thirteen Java open-source projects were employed to verify and validate our approach. The detection results were significantly improved when using regular expression comparing to using Abstract Syntax Tree (AST) for detecting code smells caused by null checking conditions in Java programs.",scopus,llm,0.970,unreviewed,,doi:10.1109/jcsse.2016.7748884
discarded,Material subjects and vital objects — prefiguring property and rights for an entangled world,M. Davies,2016,Australian Journal of Human Rights,10.1080/1323238X.2016.11910941,https://www.scopus.com/inward/record.uri?partnerID=HzOxMe3b&scp=85036617334&origin=inward,off-topic-false-hit,"This article considers the effects of the critique of the subject-object distinction on the concept of property rights. My starting point is that there is nothing ‘given’ or natural about the subject-object distinction: rather, it is an effect produced by a distinctive matrix of ideas, physical-environmental facts, and social behaviours or performances. I explore what it might mean for property if we shift the human being from a position of control over the world to a position of being situated fully in the world. I argue that there are a number of intellectual resources within Western thinking that promote a more object-oriented approach to property, more attentive to the range of relationships between humans and the world.",scopus,llm,1.000,unreviewed,,doi:10.1080/1323238x.2016.11910941
discarded,MUSE: A framework for measuring object-oriented design quality,R. Plösch,2016,Journal of Object Technology,10.5381/jot.2016.15.4.a2,https://www.scopus.com/inward/record.uri?partnerID=HzOxMe3b&scp=84990913604&origin=inward,adjacent-subtopic,"Good object-oriented design facilitates the maintainability of a software product.While metric-based approaches and the idea of identifying design smells have been established, there still remains the gap of verifying the compliance of design best practices in source code.Thus, there is no comprehensive set of metrics or design best practices that does not only support design measurement and evaluation but can also guide the improvement process.This paper proposes a novel approach based on measuring design best practices that closes the gap between the identification of design flaws and the support for improvements.An expert group six researchers captured a set of 67 design best practices that are implemented by the framework MUSE (Muse Understand Script Engine).For a first validation of MUSE in this paper, its measuring result is compared with QMOOD, which is an established metric-based approach for measuring the quality of object-oriented design.The qualitative assessment based on data from six versions of the Java tool jEdit shows that MUSE is better suited to guide improvements than QMOOD, e.g., for the design property encapsulation QMOOD indicates no substantial changes in the design quality while the data provided by MUSE highlights that the encapsulation property of jEdit became worse over time.These first promising results of the application of MUSE have to be further validated and future work will concentrate on measuring object-oriented design principles.",scopus,llm,0.890,unreviewed,,doi:10.5381/jot.2016.15.4.a2
discarded,Features and development of Coot,Paul Emsley; Bernhard Lohkamp; William G. Scott; Kevin D. Cowtan,2010,Acta Crystallographica Section D Biological Crystallography,10.1107/s0907444910007493,https://openalex.org/W2124026197,off-topic-false-hit,"Coot is a molecular-graphics application for model building and validation of biological macromolecules. The program displays electron-density maps and atomic models and allows model manipulations such as idealization, real-space refinement, manual rotation/translation, rigid-body fitting, ligand search, solvation, mutations, rotamers and Ramachandran idealization. Furthermore, tools are provided for model validation as well as interfaces to external programs for refinement, validation and graphics. The software is designed to be easy to learn for novice users, which is achieved by ensuring that tools for common tasks are 'discoverable' through familiar user-interface elements (menus and toolbars) or by intuitive behaviour (mouse controls). Recent developments have focused on providing tools for expert users, with customisable key bindings, extensions and an extensive scripting interface. The software is under rapid development, but has already achieved very widespread use within the crystallographic community. The current state of the software is presented, with a description of the facilities available and of some of the underlying methods employed.",openalex,llm,0.960,unreviewed,,doi:10.1107/s0907444910007493
discarded,A systematic analysis of performance measures for classification tasks,Marina Sokolova; Guy Lapalme,2009,Information Processing & Management,10.1016/j.ipm.2009.03.002,https://openalex.org/W2170505850,off-topic-false-hit,"This paper presents a systematic analysis of twenty four performance measures used in the complete spectrum of Machine Learning classification tasks, i.e., binary, multi-class, multi-labelled, and hierarchical. For each classification task, the study relates a set of changes in a confusion matrix to specific characteristics of data. Then the analysis concentrates on the type of changes to a confusion matrix that do not change a measure, therefore, preserve a classifier's evaluation (measure invariance). The result is the Measure invariance taxonomy with respect to all relevant label distribution changes in a classification problem. This formal analysis is supported by examples of applications where invariance properties of measures lead to a more reliable evaluation of classifiers. Text classification Supplements the discussion with several case studies. (C) 2009 Elsevier Ltd. All rights reserved.",openalex,llm,0.990,unreviewed,,doi:10.1016/j.ipm.2009.03.002
discarded,"Reproducible, interactive, scalable and extensible microbiome data science using QIIME 2",Evan K Bolyen; Jai Ram Rideout; Matthew R. Dillon; Nicholas A. Bokulich; Christian C. Abnet; Gabriel A. Al‐Ghalith; Harriet Alexander; Eric J. Alm; Manimozhiyan Arumugam; Francesco Asnicar; Yang Bai; Jordan E. Bisanz; Kyle L. Bittinger; Asker Brejnrod; Colin Brislawn; C. Titus Brown; Benjamin J. Callahan; Andrés Mauricio Caraballo‐Rodríguez; John Chase; Emily K. Cope; Ricardo Silva; Christian Diener; Pieter C. Dorrestein; Gavin M. Douglas; Daniel M. Durall; Claire Duvallet; Christian F. Edwardson; Madeleine Ernst; Mehrbod Estaki; Jennifer Fouquier; Julia M. Gauglitz; Sean M. Gibbons; Deanna Lynn Gibson; Antonio González; Kestrel Gorlick; Jiarong Guo; Benjamin Hillmann; Susan Holmes; Hannes Holste; Curtis Huttenhower; Gavin A. Huttley; Stefan Janssen; Alan K. Jarmusch; Lingjing Jiang; Benjamin D. Kaehler; Kyo Bin Kang; Christopher R. Keefe; Paul Keim; Scott Theodore Kelley; Dan Knights; Irina Koester; Tomasz Kościółek; Jorden Kreps; Morgan G. I. Langille; Joslynn S. Lee; Ruth E. Ley; Yongxin Liu; Erikka Loftfield; Catherine Lozupone; Massoud Maher; Clarisse A. Marotz; Bryan D Martin; Daniel T. McDonald; Lauren J. McIver; Alexey V. Melnik; Jessica L. Metcalf; Sydney Morgan; Jamie T. Morton; Ahmad Turan Naimey; Jose Antonio Navas-Molina; Louis-Félix Nothias-Scaglia; Stephanie B. Orchanian; Talima Pearson; Samuel L Peoples; Daniel Petras; Mary Lai Preuss; Elmar Pruesse; Lasse Buur Rasmussen; Adam R. Rivers; Michael Scott Robeson; Patrick Rosenthal; Nicola Segata; Michael Shaffer; Arron Shiffer; Rashmi R. Sinha; Se Jin Song; John R. Spear; Austin D.-E. Swafford; Luke Thompson; Pedro J. Torres; Pauline Trinh; Anupriya Tripathi; Peter James Turnbaugh; Sabah Ul-Hasan; Justin J. J. van der Hooft; Fernando Vargas; Yoshiki Vázquez‐Baeza; Emily Vogtmann; Max von Hippel; William Anton Walters,2019,Nature Biotechnology,10.1038/s41587-019-0209-9,https://openalex.org/W2963276645,off-topic-false-hit,"QIIME 2 development was primarily funded by NSF Awards 1565100 to J.G.C. and 1565057 to R.K. Partial support was also provided by the following: grants NIH U54CA143925 (J.G.C. and T.P.) and U54MD012388 (J.G.C. and T.P.); grants from the Alfred P. Sloan Foundation (J.G.C. and R.K.); ERCSTG project MetaPG (N.S.); the Strategic Priority Research Program of the Chinese Academy of Sciences QYZDB-SSW-SMC021 (Y.B.); the Australian National Health and Medical Research Council APP1085372 (G.A.H., J.G.C., Von Bing Yap and R.K.); the Natural Sciences and Engineering Research Council (NSERC) to D.L.G.; and the State of Arizona Technology and Research Initiative Fund (TRIF), administered by the Arizona Board of Regents, through Northern Arizona University. All NCI coauthors were supported by the Intramural Research Program of the National Cancer Institute. S.M.G. and C. Diener were supported by the Washington Research Foundation Distinguished Investigator Award.",openalex,llm,0.990,unreviewed,,doi:10.1038/s41587-019-0209-9
discarded,Quality criteria were proposed for measurement properties of health status questionnaires,Caroline Barbara Terwee; Sandra D.M. Bot; Michiel R. de Boer; Daniëlle van der Windt; Dirk L. Knol; Joost Dekker; L.M. Bouter; Henrica C. W. de Vet,2006,Journal of Clinical Epidemiology,10.1016/j.jclinepi.2006.03.012,https://openalex.org/W2115988342,off-topic-false-hit,"Objectives: Recently, an increasing number of systematic reviews have been published in which the measurement properties of health status questionnaires are compared. For a meaningful comparison, quality criteria for measurement properties are needed. Our aim was to develop quality criteria for design, methods, and outcomes of studies on the development and evaluation of health status questionnaires.

Study Design and Setting: Quality criteria for content validity, internal consistency, criterion validity, construct validity, reproducibility, longitudinal validity, responsiveness, floor and ceiling effects, and interpretability were derived from existing guidelines and consensus within our research group.

Results: For each measurement property a criterion was defined for a positive, negative, or indeterminate rating, depending on the design, methods, and outcomes of the validation study.

Conclusion: Our criteria make a substantial contribution toward defining explicit quality criteria for measurement properties of health status questionnaires. Our criteria can be used in systematic reviews of health status questionnaires, to detect shortcomings and gaps in knowledge of measurement properties, and to design validation studies. The future challenge will be to refine and complete the criteria and to reach broad consensus, especially on quality criteria for good measurement properties. (c) 2006 Elsevier Inc. All rights reserved.",openalex,llm,1.000,unreviewed,,doi:10.1016/j.jclinepi.2006.03.012
discarded,Patient-centred access to health care: conceptualising access at the interface of health systems and populations,Jean‐Frédéric Lévesque; Mark Harris; Grant M. Russell,2013,International Journal for Equity in Health,10.1186/1475-9276-12-18,https://openalex.org/W2139726867,off-topic-false-hit,"BACKGROUND: Access is central to the performance of health care systems around the world. However, access to health care remains a complex notion as exemplified in the variety of interpretations of the concept across authors. The aim of this paper is to suggest a conceptualisation of access to health care describing broad dimensions and determinants that integrate demand and supply-side-factors and enabling the operationalisation of access to health care all along the process of obtaining care and benefiting from the services. METHODS: A synthesis of the published literature on the conceptualisation of access has been performed. The most cited frameworks served as a basis to develop a revised conceptual framework. RESULTS: Here, we view access as the opportunity to identify healthcare needs, to seek healthcare services, to reach, to obtain or use health care services, and to actually have a need for services fulfilled. We conceptualise five dimensions of accessibility: 1) Approachability; 2) Acceptability; 3) Availability and accommodation; 4) Affordability; 5) Appropriateness. In this framework, five corresponding abilities of populations interact with the dimensions of accessibility to generate access. Five corollary dimensions of abilities include: 1) Ability to perceive; 2) Ability to seek; 3) Ability to reach; 4) Ability to pay; and 5) Ability to engage. CONCLUSIONS: This paper explains the comprehensiveness and dynamic nature of this conceptualisation of access to care and identifies relevant determinants that can have an impact on access from a multilevel perspective where factors related to health systems, institutions, organisations and providers are considered with factors at the individual, household, community, and population levels.",openalex,llm,1.000,unreviewed,,doi:10.1186/1475-9276-12-18
discarded,Intriguing properties of neural networks,Christian Szegedy; Wojciech Zaremba; Ilya Sutskever; Joan Bruna; Dumitru Erhan; Ian Goodfellow; Rob Fergus,2013,arXiv (Cornell University),10.48550/arxiv.1312.6199,https://openalex.org/W1673923490,off-topic-false-hit,"Deep neural networks are highly expressive models that have recently achieved state of the art performance on speech and visual recognition tasks. While their expressiveness is the reason they succeed, it also causes them to learn uninterpretable solutions that could have counter-intuitive properties. In this paper we report two such properties. First, we find that there is no distinction between individual high level units and random linear combinations of high level units, according to various methods of unit analysis. It suggests that it is the space, rather than the individual units, that contains of the semantic information in the high layers of neural networks. Second, we find that deep neural networks learn input-output mappings that are fairly discontinuous to a significant extend. We can cause the network to misclassify an image by applying a certain imperceptible perturbation, which is found by maximizing the network's prediction error. In addition, the specific nature of these perturbations is not a random artifact of learning: the same perturbation can cause a different network, that was trained on a different subset of the dataset, to misclassify the same input.",openalex,llm,1.000,unreviewed,,doi:10.48550/arxiv.1312.6199
discarded,"Derivation of New Readability Formulas (Automated Readability Index, Fog Count and Flesch Reading Ease Formula) for Navy Enlisted Personnel",J. Peter Kincaid; Jr. Fishburne; Rogers Robert P.; Chissom Richard L.; Brad S.,1975,,10.21236/ada006655,https://openalex.org/W1507711477,off-topic-false-hit,"Three readability formulas were recalculated to be more suitable for Navy use. The three formulas are the Automated Readability Index (ARI), Fog Count, and Flesch Reading Ease Formula. They were derived from test results of 531 Navy enlisted personnel enrolled in four technical training schools at two Navy bases: Naval Air Station at Memphis, and Great Lakes Navy Training Center. Personnel were tested for their reading comprehension level according to the comprehension section of the Gates-McGinitie reading test. At the same time, they were tested for their comprehension of 18 passages taken from Rate Training Manuals.",openalex,llm,1.000,unreviewed,,doi:10.21236/ada006655
discarded,MDAnalysis: A toolkit for the analysis of molecular dynamics simulations,Naveen Michaud‐Agrawal; Elizabeth J. Denning; Thomas B. Woolf; Oliver Beckstein,2011,Journal of Computational Chemistry,10.1002/jcc.21787,https://openalex.org/W2170711116,adjacent-subtopic,"MDAnalysis is an object-oriented library for structural and temporal analysis of molecular dynamics (MD) simulation trajectories and individual protein structures. It is written in the Python language with some performance-critical code in C. It uses the powerful NumPy package to expose trajectory data as fast and efficient NumPy arrays. It has been tested on systems of millions of particles. Many common file formats of simulation packages including CHARMM, Gromacs, Amber, and NAMD and the Protein Data Bank format can be read and written. Atoms can be selected with a syntax similar to CHARMM's powerful selection commands. MDAnalysis enables both novice and experienced programmers to rapidly write their own analytical tools and access data stored in trajectories in an easily accessible manner that facilitates interactive explorative analysis. MDAnalysis has been tested on and works for most Unix-based platforms such as Linux and Mac OS X. It is freely available under the GNU General Public License from http://mdanalysis.googlecode.com.",openalex,llm,0.910,unreviewed,,doi:10.1002/jcc.21787
