status,title,authors,year,venue,doi,url,tags,abstract,provider,decision_source,llm_confidence,llm_review_outcome,llm_change_direction,paper_id
discarded,"Rosen's (M,R) system in Unified Modelling Language","Zhang, Ling; Williams, Richard A.; Gatherer, Derek",2016,BIOSYSTEMS,10.1016/j.biosystems.2015.12.006,https://www.webofscience.com/wos/woscc/full-record/WOS:000369464700005,adjacent-subtopic,"Robert Rosen's (M,R) system is an abstract biological network architecture that is allegedly non computable on a Turing machine. If (M,R) is truly non-computable, there are serious implications for the modelling of large biological networks in computer software. A body of work has now accumulated addressing Rosen's claim concerning (M,R) by attempting to instantiate it in various software systems. However, a conclusive refutation has remained elusive, principally since none of the attempts to date have unambiguously avoided the critique that they have altered the properties of (M,R) in the coding process, producing merely approximate simulations of (M,R) rather than true computational models. In this paper, we use the Unified Modelling Language (UML), a diagrammatic notation standard, to express (M,R) as a system of objects having attributes, functions and relations. We believe that this instantiates (M,R) in such a way than none of the original properties of the system are corrupted in the process. Crucially, we demonstrate that (M,R) as classically represented in the relational biology literature is implicitly a UML communication diagram. Furthermore, since UML is formally compatible with object-oriented computing languages, instantiation of (M,R) in UML strongly implies its computability in object-oriented coding languages. (C) 2015 Elsevier Ireland Ltd. All rights reserved.",wos,llm,0.960,unreviewed,,doi:10.1016/j.biosystems.2015.12.006
discarded,A bottom-up approach to verifiable embedded system information flow security,"Mu, Dejun; Hu, Wei; Mao, Baolei; Ma, Bo",2014,IET INFORMATION SECURITY,10.1049/iet-ifs.2012.0342,https://www.webofscience.com/wos/woscc/full-record/WOS:000328580900003,adjacent-subtopic,"With the wide deployment of embedded systems and constant increase in their inter-connections, embedded systems tend to be confronted with attacks through security holes that are hard to predict using typical security measures such as access control or data encryption. To eliminate these security holes, embedded security should be accounted for during the design phase from all abstraction levels with effective measures taken to prevent unintended interference between different system components caused by harmful flows of information. This study proposes a bottom-up approach to designing verifiably information flow secure embedded systems. The proposed method enables tight information flow controls by monitoring all flows of information from the level of Boolean gates. It lays a solid foundation to information flow security in the underlying hardware and exposes the ability to prove security properties to all abstraction levels in the entire system stack. With substantial amounts of modifications made to the instruction set architecture, operating system, programming language and input/output architecture, the target system can be designed to be verifiably information flow secure.",wos,llm,0.980,unreviewed,,doi:10.1049/iet-ifs.2012.0342
discarded,Quantifying the Effect of Code Smells on Maintenance Effort,"Sjoberg, Dag I. K.; Yamashita, Aiko; Anda, Bente C. D.; Mockus, Audris; Dyba, Tore",2013,IEEE TRANSACTIONS ON SOFTWARE ENGINEERING,10.1109/TSE.2012.89,https://www.webofscience.com/wos/woscc/full-record/WOS:000322388400007,adjacent-subtopic,"Context: Code smells are assumed to indicate bad design that leads to less maintainable code. However, this assumption has not been investigated in controlled studies with professional software developers. Aim: This paper investigates the relationship between code smells and maintenance effort. Method: Six developers were hired to perform three maintenance tasks each on four functionally equivalent Java systems originally implemented by different companies. Each developer spent three to four weeks. In total, they modified 298 Java files in the four systems. An Eclipse IDE plug-in measured the exact amount of time a developer spent maintaining each file. Regression analysis was used to explain the effort using file properties, including the number of smells. Result: None of the 12 investigated smells was significantly associated with increased effort after we adjusted for file size and the number of changes; Refused Bequest was significantly associated with decreased effort. File size and the number of changes explained almost all of the modeled variation in effort. Conclusion: The effects of the 12 smells on maintenance effort were limited. To reduce maintenance effort, a focus on reducing code size and the work practices that limit the number of changes may be more beneficial than refactoring code smells.",wos,llm,0.970,unreviewed,,doi:10.1109/tse.2012.89
discarded,Towards a Principle-based Classification of Structural Design Smells,"Ganesh, S. G.; Sharma, Tushar; Suryanarayana, Girish",2013,JOURNAL OF OBJECT TECHNOLOGY,10.5381/jot.2013.12.2.a1,https://www.webofscience.com/wos/woscc/full-record/WOS:000215177900002,adjacent-subtopic,"Fred Brooks in his book ""The Mythical Man Month"" describes how the inherent properties of software (i.e. complexity, conformity, changeability, and invisibility) make its design an ""essential"" difficulty. Good design practices are fundamental requisites to address this difficulty. One such good practice is that a software designer should be aware of and address ""design smells"" that can manifest as a result of his design decisions. However, our study of the vast literature on object-oriented design smells reveals the lack of an effective organization of smells that could better guide a designer in understanding and addressing potential issues in his design. In order to address this gap, we have adopted a novel approach to classify and catalog a number of recurring structural design smells based on how they violate key object oriented (OO) design principles. To evaluate the usefulness of our design smell catalog, we first asked Siemens CT DC AA architects to use it to identify design smells in their projects, and later elicited feedback from them about their experience. The feedback received indicates that these architects found the catalog to be very useful. In this paper, we present our catalog, classification, and naming scheme for design smells and also highlight several interesting observations and insights that result from our work.",wos,llm,0.960,unreviewed,,doi:10.5381/jot.2013.12.2.a1
discarded,Applying and evaluating concern-sensitive design heuristics,"Figueiredo, Eduardo; Sant'Anna, Claudio; Garcia, Alessandro; Lucena, Carlos",2012,JOURNAL OF SYSTEMS AND SOFTWARE,10.1016/j.jss.2011.09.060,https://www.webofscience.com/wos/woscc/full-record/WOS:000300387900003,adjacent-subtopic,"Manifestation of crosscutting concerns in software systems is often an indicative of design modularity flaws and further design instabilities as those systems evolve. Without proper design evaluation mechanisms, the identification of harmful crosscutting concerns can become counter-productive and impractical. Nowadays, metrics and heuristics are the basic mechanisms to support their identification and classification either in object-oriented or aspect-oriented programs. However, conventional mechanisms have a number of limitations to support an effective identification and classification of crosscutting concerns in a software system. In this paper, we claim that those limitations are mostly caused by the fact that existing metrics and heuristics are not sensitive to primitive concern properties, such as either their degree of tangling and scattering or their specific structural shapes. This means that modularity assessment is rooted only at conventional attributes of modules, such as module cohesion, coupling and size. This paper proposes a representative suite of concern-sensitive heuristic rules. The proposed heuristics are supported by a prototype tool. The paper also reports an exploratory study to evaluate the accuracy of the proposed heuristics by applying them to seven systems. The results of this exploratory analysis give evidences that the heuristics offer support for: (i) addressing the shortcomings of conventional metrics-based assessments, (ii) reducing the manifestation of false positives and false negatives in modularity assessment, (iii) detecting sources of design instability, and (iv) finding the presence of design modularity flaws in both object-oriented and aspect-oriented programs. Although our results are limited to a number of decisions we made in this study, they indicate a promising research direction. Further analyses are required to confirm or refute our preliminary findings and, so, this study should be seen as a stepping stone on understanding how concerns can be useful assessment abstractions. We conclude this paper by discussing the limitations of this exploratory study focusing on some situations which hinder the accuracy of concern-sensitive heuristics. (C) 2011 Elsevier Inc. All rights reserved.",wos,llm,0.980,unreviewed,,doi:10.1016/j.jss.2011.09.060
discarded,ISO terminological analysis of the VIM3 concepts 'quantity' and 'kind-of-quantity',"Dybkaer, Rene",2010,METROLOGIA,10.1088/0026-1394/47/3/003,https://www.webofscience.com/wos/woscc/full-record/WOS:000277695900005,off-topic-false-hit,"The recent third edition of the International Vocabulary of Metrology-Basic and General Concepts and Associated Terms (VIM3) (JCGM 200: 2008 (Sevres: BIPM); also ISO/IEC Guide 99: 2007 3rd edn (Geneva: ISO)) has undergone important changes, not least by adhering to ISO International Standards on terminology work (ISO 704: 2000 Terminology Work-Principles and Methods; ISO 1087-1: 2000 Terminology Work-Vocabulary-Part 1: Theory and Application; ISO 10241: 1992 International Terminology Standards-Preparation and Layout). A recent critique (Mari 2009 Metrologia 46 L11-L15)-based on Object-Oriented Analysis-centres on the meaning and relation of the two first and fundamental concepts 'quantity'(1) and the new entry 'kind-of-quantity'. This makes it timely to analyse the two concepts, their relation and their respective role in forming the generic hierarchical concept system of VIM3 from 'property' to individual quantities. It is suggested that 'kind-of-quantity' acts as a division criterion(2).",wos,llm,0.990,unreviewed,,doi:10.1088/0026-1394/47/3/003
discarded,Simulation and Measurement of Power Waveform Distortions using LabVIEW,"Bath, S. K.; Kumra, Sanjay",2008,PROCEEDINGS OF THE 2008 IEEE INTERNATIONAL POWER MODULATORS AND HIGH VOLTAGE CONFERENCE,,https://www.webofscience.com/wos/woscc/full-record/WOS:000264853400121,off-topic-false-hit,"The increased requirements on supervision, control, and performance in modern power systems make power quality monitoring a common practice for utilities. Power quality is the set of parameters defining the properties of power supply delivered to the users in normal operating conditions in terms of continuity of supply and characteristics of voltage (magnitude, frequency, symmetry, waveform etc.). Current electronic devices, such as microprocessors, micro-controllers, sensitive computerized equipment or telecommunications equipment etc. use ground as the reference for all their internal operations and connect throughout the plant This makes them susceptible to ground differences and to power quality problems.

Power disturbances compromise product quality, increase downtime, and reduce customer satisfaction. Power signal waveforms are not clean 50 Hz sine waves. Waveform distortion is an important aspect of power quality. In a power system, harmonies, transient impulses and noise are mainly responsible for waveform distortion. Harmonic analysis is an important part of power quality monitoring system. Waveform harmonics related power quality problems are usually caused by equipments which draw nonlinear currents. Modern electrical equipment such as computerized equipment and telecommunication equipment often use switching mode power supplies to ""step up"" or ""step down"" the voltage. This introduces a non sinusoidal load which pulls current in short pulses during every cycle. Other nonlinear devices such as digital/electronic/power electronic components and arching devices like fluorescent lamps can cause abnormal waveforms and serious decreases in power quality.

By knowing the exact amount of harmonics, transient impulses and noise distortion in the system, it is possible to take appropriate actions to reduce their harmful effects. In the present study, graphical programming of LABVIEW has been utilized to simulate and measure different harmonies, noise and impulsive transients in the sinusoidal voltage waveforms. Results have been displayed on instrument like front panels on a computer screen, called virtual instruments. With virtual instrumentation, engineers and scientists can reduce development time, design higher quality products, lower their design costs, and keep close watch on waveforms. This helps in efficient use of electric power, and system reliability is also improved at the same time.",wos,llm,1.000,unreviewed,,hash:2f1598f59f2c51f3
discarded,Power-laws in a large oriented software system,"Concas, Giulio; Marchesi, Michele; Pinna, Sandro; Serra, Nicola",2007,IEEE TRANSACTIONS ON SOFTWARE ENGINEERING,10.1109/TSE.2007.1019,https://www.webofscience.com/wos/woscc/full-record/WOS:000249076200004,adjacent-subtopic,"We present a comprehensive study of an implementation of the Smalltalk object-oriented system, one of the first and purest object-oriented programming environments, searching for scaling laws in its properties. We study 10 system properties, including the distributions of variable and method names, inheritance hierarchies, class and method sizes, and system architecture graph. We systematically found Pareto-or, sometimes, log-normal-distributions in these properties. This denotes that the programming activity, even when modeled from a statistical perspective, can in no way be simply modeled as a random addition of independent increments with finite variance, but exhibits strong organic dependencies on what has been already developed. We compare our results with similar ones obtained for large Java systems, reported in the literature or computed by us for those properties never studied before, showing that the behavior found is similar in all studied object-oriented systems. We show how the Yule process is able to stochastically model the generation of several of the power-laws found, identifying the process parameters and comparing theoretical and empirical tail indexes. Lastly, we discuss how the distributions found are related to existing object-oriented metrics, like Chidamber and Kemerer's, and how they could provide a starting point for measuring the quality of a whole system, versus that of single classes. In fact, the usual evaluation of systems based on mean and standard deviation of metrics can be misleading. It is more interesting to measure differences in the shape and coefficients of the data's statistical distributions.",wos,llm,0.980,unreviewed,,doi:10.1109/tse.2007.1019
discarded,Client based object-oriented cohesion metrics,"Makela, Sami; Leppanen, Ville",2007,"COMPSAC 2007: THE THIRTY-FIRST ANNUAL INTERNATIONAL COMPUTER SOFTWARE AND APPLICATIONS CONFERENCE, VOL II, PROCEEDINGS",,https://www.webofscience.com/wos/woscc/full-record/WOS:000249654100109,adjacent-subtopic,"For code quality control, there exists tens of object-oriented (OO) metrics on class cohesion and coupling. This abundant variety indicates that designing feasible metrics to differentiate good object-oriented programs from bad ones is not an easy task. Even worse, in practice OO cohesion metrics have a minor role in code reviews. In this paper we argue the proposed cohesion metrics, based on internal usage of class members, yield misleading (bad) values for several reasons. We propose a totally different kind of cohesion metric based on external class usage.

Cohesion metrics typically define a bipartite usage graph between methods of a class and its variables. Providing different interpretations for methods, variables, usage relation, and calculation method have served as sources of variation. Classical interpretation is to measure internal usage of instance variables by the instance methods of a class to evaluate relatedness of the class properties. We argue that the relatedness also depends on the usage context, e.g. an application. Another problem is that objects often consist of property sets that are only slightly related internally, since an inheriting class often defines properties that are only slightly related to the inherited ones. Yet, the clients of such objects often make connections between the property sets by simultaneously advancing internally seemingly unrelated property sets.

We propose forming cohesion graphs between the clients of a class and its member variables. Our approach complements the internal cohesion view with external views based on the external usage of class properties. We provide results for three popular open-source projects indicating our external cohesion measure to give much more meaningful results.",wos,llm,0.950,unreviewed,,hash:52cde710361b2c28
discarded,Reconciling instead of aborting unsuccessful transactions in multiversion object bases,"Hadaegh, A. R.; Barker, K.",2006,IRANIAN JOURNAL OF SCIENCE AND TECHNOLOGY TRANSACTION B-ENGINEERING,,https://www.webofscience.com/wos/woscc/full-record/WOS:000241077700002,adjacent-subtopic,"This paper describes an architectural model to facilitate multiversion objects that are explicitly designed to enhance concurrency. The reader should be aware that version management has been used in the object literature in several ways, most commonly dealing with design issues. Our goal here is related to concurrency control and reliability, so care must be taken to ensure the reader is not misled by this overloading of terminology found in the literature. Within the context of concurrency the key aspects addressed by this paper are: 1) An architectural model is developed to support multiversioning that provides the well-known ACID transaction properties; 2) An optimistic concurrency control algorithm that functions on this architecture is described and demonstrated to be correct with respect to a correctness criterion; 3) The algorithm is enhanced to examine the history of past versions with the goal of inserting a committing transaction at a time earlier in the sequence when it would have been valid if other, later transactions had not been completed before this one attempted to commit; and 4) Based on static analysis information, other algorithms are developed to optimize the compiler in order to generate reconciliation procedures automatically from the initial transaction specification.",wos,llm,0.990,unreviewed,,hash:54005f741f748b53
discarded,Domain-specific design of a non-destructive health monitoring expert system,"Kang, SJ; Chien, SI",1998,EXPERT SYSTEMS WITH APPLICATIONS,,https://www.webofscience.com/wos/woscc/full-record/WOS:000074571800014,adjacent-subtopic,"This paper introduces a signal-to-symbol transformation model and proposes a corresponding software architecture for implementing an event-synchronous flaw signal diagnostic mechanism in a health monitoring expert system. In the proposed concept, to filter out input signal data effectively, and to modularize the process of knowledge processing and elicitation, the task of inspection can be delegated to two knowledge spaces each of which has a proper knowledge processing scheme to match the properties of its own task. The task for representing signal-specific knowledge which detects the signal patterns (events) leading to any harmful flaw is implemented by integrating a symbolic representation and syntactic parsing concept based on fuzzy set theory. The task for domain-specific knowledge evaluating the characteristics of the events is built based upon a rule-based expert system concept on the top of the fuzzy symbolic processing architecture. To propose a guideline of system integration, the signal-specific knowledge and domain-specific knowledge are conceptually modeled using object-oriented abstraction hierarchy. The proposed architecture has been verified by implementing a prototype which was developed to automatically interpret non-destructive evaluation signals for inspecting health of tubes used in nuclear power plants. (C) 1998 Elsevier Science Ltd. All rights reserved.",wos,llm,0.980,unreviewed,,hash:bcf0762bf982bb53
