status,title,authors,year,venue,doi,url,tags,abstract,provider,decision_source,llm_confidence,llm_review_outcome,llm_change_direction,paper_id
discarded,Perturbation Theory Treatment of Spin-Orbit Coupling. III: Coupled Perturbed Method for Solids,"Desmarais, Jacques K.; Boccuni, Alberto; Flament, Jean-Pierre; Kirtman, Bernard; Erba, Alessandro",2023,JOURNAL OF CHEMICAL THEORY AND COMPUTATION,10.1021/acs.jctc.3c00088,https://www.webofscience.com/wos/woscc/full-record/WOS:000953993700001,off-topic-false-hit,"A previously proposed noncanonical coupled -perturbed Kohn-Sham density functional theory (KS-DFT)/Hartree- Fock (HF) treatment for spin-orbit coupling is here generalized to infinite periodic systems. The scalar-relativistic periodic KS-DFT/ HF solution, obtained with a relativistic effective core potential, is taken as the zeroth-order approximation. Explicit expressions are given for the total energy through third-order, which satisfy the 2N + 1 rule (i.e., requiring only the first-order perturbed wave function for determining the energy through third-order). Expressions for additional second-order corrections to the perturbed wave function (as well as related one-electron properties) are worked out at the uncoupled-perturbed level of theory. The approach is implemented in the CRYSTAL program and validated with calculations of the total energy, electronic band structure, and density variables of spin-current DFT on the tungsten dichalcogenide hexagonal bilayer series (i.e., WSe2, WTe2, WPo2, WLv2), including 6p and 7p elements as a stress test. The computed properties through second-or third order match well with those from reference two-component self-consistent field (2c-SCF) calculations. For total energies, E(3) was found to consistently improve the agreement against the 2c-SCF reference values. For electronic band structures, visible differences w.r.t. 2c-SCF remained through second-order in only the single-most difficult case of WLv2. As for density variables of spin-current DFT, the perturbed electron density, being vanishing in first-order, is the most challenging for the perturbation theory approach. The visible differences in the electron densities are, however, largest close to the core region of atoms and smaller in the valence region. Perturbed spin-current densities, on the other hand, are well reproduced in all tested cases.",wos,llm,0.990,unreviewed,,doi:10.1021/acs.jctc.3c00088
discarded,Programmable cleavage of linear double-stranded DNA by combined action of Argonaute CbAgo from Clostridium butyricum and nuclease deficient RecBC helicase from E.coli,"Vaiskunaite, Rita; Vainauskas, Jogirdas; Morris, Janna J. L.; Potapov, Vladimir; Bitinaite, Jurate",2022,NUCLEIC ACIDS RESEARCH,10.1093/nar/gkac229,https://www.webofscience.com/wos/woscc/full-record/WOS:000785725200001,off-topic-false-hit,"Prokaryotic Argonautes (pAgos) use small nucleic acids as specificity guides to cleave single-stranded DNA at complementary sequences. DNA targeting function of pAgos creates attractive opportunities for DNA manipulations that require programmable DNA cleavage. Currently, the use of mesophilic pAgos as programmable endonucleases is hampered by their limited action on double-stranded DNA (dsDNA). We demonstrate here that efficient cleavage of linear dsDNA by mesophilic Argonaute CbAgo from Clostridium butyricum can be activated in vitro via the DNA strand unwinding activity of nuclease deficient mutant of RecBC DNA helicase from Escherichia coli (referred to as RecB(exo-)C). Properties of CbAgo and characteristics of simultaneous cleavage of DNA strands in concurrence with DNA strand unwinding by RecB(exo-)C were thoroughly explored using 0.03-25 kb dsDNAs. When combined with RecB(exo-)C, CbAgo could cleave targets located 11-12.5 kb from the ends of linear dsDNA at 37 degrees C. Our study demonstrates that CbAgo with RecB(exo-)C can be programmed to generate DNA fragments with custom-designed single-stranded overhangs suitable for ligation with compatible DNA fragments. The combination of CbAgo and RecB(exo-)C represents the most efficient mesophilic DNA-guided DNA-cleaving programmable endonuclease for in vitro use in diagnostic and synthetic biology methods that require sequence-specific nicking/cleavage of linear dsDNA at any desired location.",wos,llm,1.000,unreviewed,,doi:10.1093/nar/gkac229
discarded,Development of a Nanocrystal Formulation of a Low Melting Point API Following a Quality by Design Approach,"Ouranidis, Andreas; Gkampelis, Nikos; Markopoulou, Catherine; Nikolakakis, Ioannis; Kachrimanis, Kyriakos",2021,PROCESSES,10.3390/pr9060954,https://www.webofscience.com/wos/woscc/full-record/WOS:000665997100001,off-topic-false-hit,"Preparation of nanocrystal formulations by wet media milling and spray-drying is a reliable technique to enhance dissolution and ameliorate absorption limitations of poorly soluble BCS II drugs. However, when thermosensitive compositions are dried at high temperatures, the risks of particle aggregation and thermal degradation must be considered. The present study investigates the effects of nanosuspension formulation variables when performing the spray drying process at equidistant temperatures above and below the melting point. Towards this purpose, Fenofibrate is exploited as a model drug of unfavorable pharmacokinetic profile and low melting point (79-82 degrees C), properties that render thermal processing a nontrivial task. Rationalizing the system's behavior by combining molecular simulations with QbD methodology, the preparation of stable nanocrystals can be ""steered"" in order to avoid undesirable melting. The statistically resolved operational conditions showed that Fenofibrate Critical Quality Attribute-compliant nanosuspensions i.e., bearing hydrodynamic diameter and zeta-potential of 887 nm and -16.49 mV, respectively, were obtained by wet milling drug to Pharmacoat and mannitol weighted optimum ratios of 4.075% and 0.75%, after spray drying at the desired temperature of 77 degrees C. In conclusion, we present a quality assurance methodology of nano-comminution generally applicable for thermo-labile BCS II drugs.",wos,llm,1.000,unreviewed,,doi:10.3390/pr9060954
discarded,Measuring the Sampling Robustness of Complex Networks,"Areekijseree, Katchaguy; Soundarajan, Sucheta",2019,PROCEEDINGS OF THE 2019 IEEE/ACM INTERNATIONAL CONFERENCE ON ADVANCES IN SOCIAL NETWORKS ANALYSIS AND MINING (ASONAM 2019),10.1145/3341161.3342873,https://www.webofscience.com/wos/woscc/full-record/WOS:000555683800044,off-topic-false-hit,"When studying a network, it is often of interest to understand the robustness of that network to noise. Network robustness has been studied in a variety of contexts, examining network properties such as the number of connected components and the lengths of shortest paths. In this work, we present a new network robustness measure, which we refer to as 'sampling robustness'. The goal of the sampling robustness measure is to quantify the extent to which a network sample collected from a graph with errors is a good representation of a network sample collected from that same graph, but without errors. These errors may be introduced by humans or by the system (e.g., mistakes from the respondents or a bug in an API program), and may affect the performance of a data collection algorithm and the quality of the obtained sample. Thus, when data analysts analyze the sampled network, they may wish to know whether such errors will affect future analysis results.

We demonstrate that sampling robustness is dependent on a few, easily-computed properties of the network: the leading eigenvalue, average node degree and clustering coefficient. In addition, we introduce regression models for estimating sampling robustness given an obtained sample. As a result, our models can estimate the sampling robustness with MSE < 0.0015 and the model has an R-squared of up to 75%.",wos,llm,0.970,unreviewed,,doi:10.1145/3341161.3342873
discarded,The PANDA experiment at FAIR The world facility for QCD studies,"Tomasi-Gustafsson, Egle",2018,HYPERFINE INTERACTIONS,10.1007/s10751-018-1503-5,https://www.webofscience.com/wos/woscc/full-record/WOS:000438647500001,off-topic-false-hit,"The PANDA experiment is a core project of the future Facility for Antiproton and Ion Research (FAIR) at GSI in Darmstadt. It will investigate antiproton-proton annihilations on nucleons and nuclei with the aim to explore fundamental questions in the non-perturbative regime of QCD as the origin of the hadron mass. The multi-purpose detector is currently under construction. The intense and high quality anti-proton beam will span the momentum range between 1.5 and 15 GeV/c. Properties of hadrons, leptons, and photons in the final states will be determined with very high precision. A rich physics program including the study of resonances in the charmonium and open charm region, electromagnetic form factors, and hypernuclear physics is planned. The worldwide collaboration gathers today more than 450 physicists from 60 institutions in 19 countries. An overview of the PANDA experiment is given, focussing on aspects of the physics program that will be investigated as soon as the facility becomes operational.",wos,llm,1.000,unreviewed,,doi:10.1007/s10751-018-1503-5
discarded,Relating form to function in the hummingbird feeding apparatus,"Rico-Guevara, Alejandro",2017,PEERJ,10.7717/peerj.3449,https://www.webofscience.com/wos/woscc/full-record/WOS:000403263100002,off-topic-false-hit,"A complete understanding of the feeding structures is fundamental in order to study how animals survive. Some birds use long and protrusible tongues as the main tool to collect their central caloric source (e.g., woodpeckers and nectarivores). Hummingbirds are the oldest and most diverse clade of nectarivorous vertebrates, being a perfect subject to study tongue specializations. T eir tongue ftmctions to intraorally transport arthropods throu h their lon bills and enables them to ex loft the nectarivorous niche by collecting small amounts of liquid, therefore it is of vital importance to study rts anatomy and structure at various scales. I focused on the portions of the hummingbird tongue that ave been s own to be key for. understanding their feeding. mechanisms. I used histo transmission and scanning electron microscopy, microCT, arid ex-vivo experiments in order to advance t e comprehension of the morphology and functioning of the hummingbird feeding apparatus. I found.that hummingbird tongues are composed mainly of thin cornified epithe. liurn, lack papillae, and completely fill the internal cast of the rostra' oropharynge.al cavity. Understanding this puzzle-piece match between bill and tongue will be essential for.th. e study of intraoral transport of nectar. Likewise, I found that the structural composition and tiss.ue architecture of.the tongue groove walls pro ""cl the rostral porti.on of the tongue. with elasti.c properties that are central to the stuvidy eof tongue-nectar interactions during the feeding process. Detailed studies on hummingbirds set the basis for comparisons with other nectar-feeding birds and contribute to comprehend the natural solutions to collecting liquids in the most efficient way possible.",wos,llm,1.000,unreviewed,,doi:10.7717/peerj.3449
discarded,Generating Structured Test Data with Specific Properties using Nested Monte-Carlo Search,"Poulding, Simon; Feldt, Robert",2014,GECCO'14: PROCEEDINGS OF THE 2014 GENETIC AND EVOLUTIONARY COMPUTATION CONFERENCE,10.1145/2576768.2598339,https://www.webofscience.com/wos/woscc/full-record/WOS:000364333000160,adjacent-subtopic,"Software acting on complex data structures can be challenging to test: it is di ffi cult to generate diverse test data that satis fi es structural constraints while simultaneously exhibiting properties, such as a particular size, that the test engineer believes will be e ff ective in detecting faults. In our previous work we introduced GodelTest, a framework for generating such data structures using non-deterministic programs, and combined it with Di ff erential Evolution to optimize the generation process.

Monte-Carlo Tree Search (MCTS) is a search technique that has shown great success in playing games that can be represented as a sequence of decisions. In this paper we apply Nested Monte-Carlo Search, a single-player variant of MCTS, to the sequence of decisions made by the generating programs used by GodelTest, and show that this combination can e ffi ciently generate random data structures which exhibit the speci fi c properties that the test engineer requires. We compare the results to Boltzmann sampling, an analytical approach to generating random combinatorial data structures.",wos,llm,0.990,unreviewed,,doi:10.1145/2576768.2598339
discarded,Checking Data Structure Properties Orders of Magnitude Faster,"Koukoutos, Emmanouil; Kuncak, Viktor",2014,"RUNTIME VERIFICATION, RV 2014",,https://www.webofscience.com/wos/woscc/full-record/WOS:000358524900022,adjacent-subtopic,"Executable formal contracts help verify a program at runtime when static verification fails. However, these contracts may be prohibitively slow to execute, especially when they describe the transformations of data structures. In fact, often an efficient data structure operation with O(log(n)) running time executes in O(n log(n)) when naturally written specifications are executed at run time.

We present a set of techniques that improve the efficiency of run-time checks by orders of magnitude, often recovering the original asymptotic behavior of operations. Our implementation first removes any statically verified parts of checks. Then, it applies a program transformation that changes recursively computed properties into data structure fields, ensuring that properties are evaluated no more than once on a given data structure node. We present evaluation of our techniques on the Leon system for verification of purely functional programs.",wos,llm,0.980,unreviewed,,hash:b289adce26c465c6
discarded,Biological Significance and Applications of Heme c Proteins and Peptides,"Kleingardner, Jesse G.; Bren, Kara L.",2015,ACCOUNTS OF CHEMICAL RESEARCH,10.1021/acs.accounts.5b00106,https://www.webofscience.com/wos/woscc/full-record/WOS:000358556400008,off-topic-false-hit,"CONSPECTUS: Hemes are ubiquitous in biology and carry out a wide range of functions. The heme group is largely invariant across proteins with different functions, although there are a few variations seen in nature. The most common variant is heme c, which is formed by a post-translational modification in which heme is covalently linked to two Cys residues on the polypeptide via thioether bonds. In this Account, the influence of this covalent attachment on heme c properties and function is discussed, and examples of how covalent attachment has been used in selected applications are presented.

Proteins that bind heme c are among the most well-characterized proteins in biochemistry. Most of these proteins are cytochromes c (cyts c) that serve as electron carriers in photosynthesis and respiration. Despite the intense study of cyts c, the functional significance of heme covalent attachment has remained elusive. One observation is that heme c reaches a lower reduction potential in nature than its noncovalently linked counterpart, heme b, when comparing proteins with the same axial ligands. Furthermore, covalent attachment is known to enhance protein stability and allow the heme to be relatively solvent exposed. However, an inorganic chemistry perspective on the effects of covalent attachment has been lacking. Spectroscopic measurements and computations on cyts c and model systems reveal a number of effects of covalent attachment on heme electronic structure and reactivity. One is that the predominant nonplanar ruffling distortion seen in heme c lowers heme reduction potential. Another is that covalent attachment influences the interaction of the heme iron with the proximal His ligand. Heme ruffling also has been shown to influence electronic coupling to redox partners and, therefore, electron transfer rates by altering the distribution of the orbital hole on the porphyrin in oxidized cyt c. Another consequence of heme covalent attachment is the strong vibrational coupling seen between the iron and the protein surface as revealed by nuclear resonance vibrational spectroscopy studies. Finally, heme covalent attachment is proposed to be an important feature supporting multiple roles of cyt c in programmed cell death (apoptosis).

Heme covalent attachment is not only vital for the biological functions of cyt c but also provides a useful handle in a number of applications. For one, the engineering of heme c onto an exposed portion of a protein of interest has been shown to provide a visible affinity purification tag. In addition, peptides with covalently attached heme, known as microperoxidases, have been studied as model compounds and oxidation catalysts and, more recently, in applications for energy conversion and storage. The wealth of insight gained about heme c through fundamental studies of cyts c forms a basis for future efforts toward engineering natural and artificial cytochromes for a variety of applications.",wos,llm,1.000,unreviewed,,doi:10.1021/acs.accounts.5b00106
discarded,AC loss reduction of TFA-MOD coated conductors in long length by laser scribing technique,"Katayama, K.; Hirano, H.; Machi, T.; Takagi, Y.; Takahashi, Y.; Izumi, T.",2012,ADVANCES IN SUPERCONDUCTIVITY XXIV,10.1016/j.phpro.2012.03.447,https://www.webofscience.com/wos/woscc/full-record/WOS:000305968900051,off-topic-false-hit,"TFA-MOD process is expected to be promising for future applications since it can produce high performance YBCO coated conductors with low cost. Applying YBCO coated conductors to the power electric devices such as transformer, cable, motors, reduction of AC loss for long wire is necessary. Multifilamentation, which is one of the effective approaches for AC loss reduction, has been developed by the scribing process. YBCO coated conductors produced by our standard TFA-MOD process delaminated into two parts by the laser scribing. The delamination was clarified to occur within the superconducting layer caused by the defects such as pores in the superconducting layer. In order to reduce the defects in the superconducting layer, we modify the heat treatment profile performed on the decomposed precursor films by applying the interim annealing(550-600 degrees C) before crystallization heat treatment(740-770 degrees C). The interim annealed samples had much less and smaller pores than the standard processed ones. The peel strength measured by transverse tensile test was as high as the PLD derived coated conductors which was successfully scribed into five filaments resulting in 1/5 AC loss. A 50m long YBCO coated conductor with the characteristics of 398A/cm-width was obtained and cut into 5mm width, followed by the laser scribing process into five filaments. The multifilamentation process was successfully performed without delamination throughout the wire. The hysteresis loss was down to 1/N (N: number of filaments), as we aimed. The I-C properties of the filaments were 29 +/- 4A, indicating the wire was uniformly fabricated. (C) 2012 Published by Elsevier B.V. Selection and/or peer-review under responsibility of ISS Program Committee.",wos,llm,1.000,unreviewed,,doi:10.1016/j.phpro.2012.03.447
discarded,UTP Semantics for Handel-C,"Perna, Juan Ignacio; Woodcock, Jim",2010,UNIFYING THEORIES OF PROGRAMMING,,https://www.webofscience.com/wos/woscc/full-record/WOS:000283805200009,adjacent-subtopic,"Only limited progress has been made so far towards an axiomatic semantics or discovering the algebraic rules that characterise Handel-C programs. In this paper we present a UTP semantics together with extensions we needed to include in order to express Handel-C properties that were not addressable with standard UTP. We also show how our extensions can be abstracted to a more general context and prove a set of algebraic rules that hold for them. Finally, we use the semantics to prove some properties about Handel-C constructs.",wos,llm,0.980,unreviewed,,hash:6eac002b639dba04
discarded,Determinants and effects on property values of participation in voluntary cleanup programs: The case of Colorado,"Alberini, Anna",2007,CONTEMPORARY ECONOMIC POLICY,10.1111/j.1465-7287.2007.00051.x,https://www.webofscience.com/wos/woscc/full-record/WOS:000247526400008,off-topic-false-hit,"State voluntary cleanup programs (VCPs) were established in the 1990s to encourage cleanup and redevelopment of contaminated properties. I ask three questions: First, what properties are attracted to VCPs? Second, is there an interaction between VCP incentives and enterprise or brownfield zone incentives? Third, does participation in VCPs affect property values? Data from Colorado's VCP suggest that (a) the main determinants of participation are the size of the parcel and the surrounding land use, (b) other incentives have little effect, (c) properties with confirmed contamination sell at a 43%-56% discount, and (d) participation does tend to raise the property price.",wos,llm,1.000,unreviewed,,doi:10.1111/j.1465-7287.2007.00051.x
