status,title,authors,year,venue,doi,url,tags,abstract,provider,decision_source,llm_confidence,llm_review_outcome,llm_change_direction,paper_id
discarded,PyBEST: Improved functionality and enhanced performance,K. Boguslawski,2024,Computer Physics Communications,10.1016/j.cpc.2023.109049,https://www.scopus.com/inward/record.uri?partnerID=HzOxMe3b&scp=85184812365&origin=inward,off-topic-false-hit,"We present a methodological update to the Pythonic Black-box Electronic Structure Tool (PyBEST), a fully-fledged modern electronic structure software package. Among other things, these include the extensions to pair Coupled Cluster Doubles (pCCD) open-shell electronic structures via the ionization potential and double ionization potential equation of motion formalism (IP-EOM-pCCD and DIP-EOM-pCCD), tailored Coupled Cluster methods, EOM extensions on top of the linearized Coupled Cluster correction on top of pCCD, the configuration interaction correction on top of pCCD, and the static pCCD-in-DFT embedding. Furthermore, we have increased the performance of PyBEST by optimizing its underlying tensor contraction engine and providing GPU support via the CuPy library. Program Title: PyBEST: Pythonic Black-box Electronic Structure Tool CPC Library link to program files: https://doi.org/10.17632/xf9kb7yfwr.2 Developer's repository link: https://pypi.org/project/pybest/ and https://zenodo.org/records/10069179 Licensing provisions: GPLv3 Programming language: Python3.9–Python3.12, C++ Journal reference of previous version: Computer Physics Communication 264 (2021) 107933. Does the new version supersede the previous version?: Yes Reasons for the new version: The new version includes significant speedup and memory optimizations. We provide an interface to CUDA GPU via the Python CuPy library. New methodological features are the ionization potential/double ionization potential equation of motion pair coupled cluster doubles (IP/DIP-EOM-pCCD), configuration interaction on top of pCCD (pCCD-CI), tailored CC methods including DMRG-tCC, density matrices from LCC(S)D and pCCD-LCC(S)D, a static WFT-in-DFT embedding and an external charge module. We also introduced support for frozen core orbitals in correlated methods, dumping orbitals in the cube format, printing of Hartree–Fock (HF) orbital energies, the one-dimensional contact potential model Hamiltonian, and wrappers to calculate properties such as dipole and quadrupole moments. To do that, we redesigned and optimized the class structure of several PyBEST's core sub-packages, such as the linear algebra, geminals, and occupation model classes. Summary of revisions: GPU support (via the CuPy library [1]) for selected contractions in PyBEST's [2] tensor contraction engine [3]. It allows us to obtain a significant speedup (up to a factor of 15) for bottleneck contractions in standard coupled cluster and post-pCCD [4] implementations in PyBEST using the Cholesky linear algebra factory. Overall, a speedup of approximately a factor 4 is achieved [3]. We provide a batch-wise algorithm, which alleviates the limitations of a single Video Memory (VRAM) and enables large-scale quantum chemical calculation even on one GPU card [3]. Several new quantum chemistry methods have been implemented in PyBEST. These include: EOM-LCCD and EOM-LCCSD methods with an RHF/pCCD [5–9] reference function for the calculation of electronic excitation energies [10–12]. The implementation allows for targeting singlet-singlet excitation energies, including doubly excited states. IP-EOM-pCCD and DIP-EOM-pCCD methods [13] that allow us to compute open-shell electronic structures on top of a pCCD reference function. Our implementation supports singlet, doublet, triplet, quartet, and quintet spin states. The user can choose between a low-spin and different high-spin versions of these methods. A CI-based dynamic energy correction on top of RHF and pCCD: pCCD-CID and pCCD-CISD only support a spin-free implementation, while for CIS, CID, and CISD, the user can choose between the Slater Determinant (SD) and Configuration State Function (CSF) implementations. We feature various Davidson-type corrections on top of a CI wave function [14]. tailored CC-based methods [15] that use a pCCD wave function as the fixed reference function (so-called frozen-pair coupled cluster methods [16,15]) or the external amplitudes are provided from different wave function ansätze, e.g., from an MPS representation or any external file. Density matrices from LCC(S)D and pCCD-LCC(S)D methods [17]. These are used to determine orbital entanglement and correlation measures [18–21, 17] and other method-dependent properties. Wrappers for calculating nuclear and total dipole and quadrupole moments using integrals provided in the Libint library. A static embedding module, where all wave-function-based methods provided in PyBEST can be embedded in the potential generated from external software [22]. Introduction of a universal and more general way to define core orbitals in post-HF calculations. New Hamiltonians: Support for 1-D contact interactions (Hˆii′=Tˆii′+Vˆii′) in an arbitrary external potential (Vˆii′=δii′V(xi)) [23]. Tˆii′ represents the 1-D kinetic energy, and xi=iΔx is a grid point, where i can take values of 0,±1,±2,…. Thus, this choice of the Hamiltonian leads to a uniform grid in the coordinates. It corresponds to using a Fourier basis set. Augmentation of the quantum chemical Hamiltonian with external point charges [22]. The following one-electron integrals have been added: integrals for the interaction of point charges and electrons integrals for the interaction between point charges and nucleiHˆ=Hˆel+∑i∫ρel(r)qidr+∑i∫ρnuc(r)qidr, where Hˆel is the electronic Hamiltonian of the molecular system, qi is the i-th external point charge, ρel and ρnuc denote electronic and nuclear densities of the molecular structure under consideration. the point charge counterpart of pVp integrals. For the relativistic Douglas–Kroll–Hess Hamiltonian in PyBEST, the picture-change error correction is also provided [24]. Code optimization: Replacement of slicing and C++-based routines with numpy.tensordot, numpy.einsum, and opt_einsum, which leads, for instance, to a speedup of about a factor of 50 when constructing the Fock matrix. Reduced memory requirements in post-pCCD calculations. We allow for dumping effective Hamiltonian objects in all CC sub-packages to disk if the intermediates are larger than o2v2 to reduce RAM consumption in large-scale calculations [25], where o is the number of occupied orbitals and v the number of virtual orbitals with respect to some reference determinant. New flavors of the 4-index transformation based on opt_einsum and a naive einsum implementation [26] and replacement of former slicing operations. Memory-optimized Cholesky routines throughout the codebase, which reduce the memory peak even by a factor of 2. New select features for PyBEST's contract function in its tensor contraction engine. It defaults to CuPy for specific bottleneck operations. Code restructuring: A more optimal structure for the linear algebra sub-package that avoids circular imports. All .h5 format interactions are now done purely with h5py. Support for dumping the occupation model instance to a .h5 file. Rewrite of occupation model class to support future updates and extensions (automatic definition of frozen core orbitals and the possibility to introduce an active orbital space). A new structure of the geminal module to allow for future support of other geminal models. Change of the contraction order for tensor contractions (cupy → tensordot → einsum/opt_einsum: Download : Download high-res image (100KB)Download : Download full-size image Nature of problem: The idea behind the PyBEST software package is the efficient and reliable modeling of electronic structures and properties of small and large-scale quantum systems at the interface between chemistry and physics using geminal-based, and specifically pCCD-based, methods. Such models represent an efficient and compact representation of the wave function. The aim of PyBEST is focused on reliable predictions of organic electronic materials [27,25] and actinide-containing complexes and their properties [28–30]. Solution method: The modular design and general tensor contraction engine implementation in PyBEST allows for a convenient and prompt code acceleration by drop-in-replacements of modern Python-based packages. Combined with a series of unconventional (and conventional) electronic structure models based on the pCCD ansatz to solve the electronic Schrödinger equation, PyBEST represents a modern alternative to the existing quantum chemistry and physics software packages. With PyBEST, we cannot only model ground- and exited-state properties but also provide a better understanding of orbital interaction through orbital-based quantum-information measures. Additional comments including restrictions and unusual features: PyBEST features unique electronic structure methods based on orbital-optimized pCCD and their interpretation in terms of orbital entanglement and correlation that are not available in any other software package. While pCCD-based methods are limited to closed-shell systems, open-shell configurations can be accessed via the IP/DIP-EOM extensions. R. Okuta, Y. Unno, D. Nishino, S. Hido, C. Loomis, Cupy: A numpy-compatible library for nvidia gpu calculations, in: 31st Conference on Neural Information Processing Systems (NIPS 2017), Long Beach, CA, 2017, pp. 55–62. K. Boguslawski, A. Leszczyk, A. Nowak, F. Brzęk, P.S. Żuchowski, D. Kędziera, P. Tecmer, Pythonic black-box electronic structure tool (PyBEST), an open-source python platform for electronic structure calculations at the interface between chemistry and physics, Comput. Phys. Commun. 264 (2021) 107933. M.H. Kriebel, P. Tecmer, M. Gałyńska, A. Leszczyk, B. Katharina, Accelerating Pythonic coupled cluster implementations: a comparison between CPUs and GPUs, J. Chem. Theory Comput. (2023), submitted for publication, arXiv:2310.04559. K. Boguslawski, P.W. Ayers, Linearized coupled cluster correction on the antisymmetric product of 1-reference orbital geminals, J. Chem. Theory Comput. 11 (2015) 5252–5261. P.A. Limacher, P.W. Ayers, P.A. Johnson, S. De Baerdemacker, D. Van Neck, P. Bultinck, A new mean-field method suitable for strongly correlated electrons: computationally facile antisymmetric products of nonorthogonal geminals, J. Chem. Theory Comput. 9 (2013) 1394–1401. K. Boguslawski, P. Tecmer, P.W. Ayers, P. Bultinck, S. De Baerdemacker, D. Van Neck, Efficient description of strongly correlated electrons, Phys. Rev. B 89 (2014) 201106(R). K. Boguslawski, P. Tecmer, P.W. Ayers, P. Bultinck, S. De Baerdemacker, D. Van Neck, Non-variational orbital optimization techniques for the AP1roG wave function, J. Chem. Theory Comput. 10 (2014) 4873–4882. P.A. Limacher, T.D. Kim, P.W. Ayers, P.A. Johnson, S. De Baerdemacker, D. Van Neck, P. Bultinck, The influence of orbital rotation on the energy of closed-shell wavefunctions, Mol. Phys. 112 (2014) 853–862. T. Stein, T.M. Henderson, G.E. Scuseria, Seniority zero pair coupled cluster doubles theory, J. Chem. Phys. 140 (21) (2014) 214113. K. Boguslawski, Targeting excited states in all-trans polyenes with electron-pair states, J. Chem. Phys. 145 (2016) 234105. K. Boguslawski, Erratum: “Targeting excited states in all-trans polyenes with electron-pair states”, J. Chem. Phys. 147 (13) (2017) 139901. K. Boguslawski, Targeting doubly excited states with equation of motion coupled cluster theory restricted to double excitations, J. Chem. Theory Comput. 15 (1) (2019) 18–24. K. Boguslawski, Open-shell extensions to closed-shell pccd, Chem. Commun. 57 (2021) 12277–12280. A. Nowak, K. Boguslawski, A configuration interaction correction on top of pair coupled cluster doubles, Phys. Chem. Chem. Phys. 25 (10) (2023) 7289–7301. A. Leszczyk, M. Máté, Ö. Legeza, K. Boguslawski, Assessing the accuracy of tailored coupled cluster methods corrected by electronic wave functions of polynomial cost, J. Chem. Theory Comput. 18 (1) (2022) 96–117. T.M. Henderson, I.W. Bulik, T. Stein, G.E. Scuseria, Seniority-based coupled cluster theory, J. Chem. Phys. 141 (24) (2014) 244104. A. Nowak, O. Legeza, K. Boguslawski, Orbital entanglement and correlation from pccd-tailored coupled cluster wave functions, J. Chem. Phys. 154 (8) (2021) 084111. J. Rissler, R.M. Noack, S.R. White, Measuring orbital interaction using quantum information theory, Chem. Phys. 323 (2006) 519–531. K. Boguslawski, P. Tecmer, Orbital entanglement in quantum chemistry, Int. J. Quant. Chem. 115 (19) (2015) 1289–1295. K. Boguslawski, P. Tecmer, Erratum: “Orbital entanglement in quantum chemistry”, Int. J. Quant. Chem. 117 (24) (2017) e25455. K. Boguslawski, P. Tecmer, Ö. Legeza, Analysis of two-orbital correlations in wavefunctions restricted to electron-pair states, Phys. Rev. B 94 (2016) 155126. R. Chakraborty, K. Boguslawski, P. Tecmer, Static embedding with pair coupled cluster doubles based methods, Phys. Chem. Chem. Phys. 25 (2023) 25377–25388. D.T. Colbert, W.H. Miller, A novel discrete variable representation for quantum mechanical reactive scattering via the s-matrix Kohn method, J. Chem. Phys. 96 (3) (1992) 1982–1991. V. Kellö, A.J. Sadlej, Picture change and calculations of expectation values in approximate relativistic theories, Int. J. Quant. Chem. 68 (1998) 159–174. S. Jahani, K. Boguslawski, P. Tecmer, The relationship between structure and excited-state properties in polyanilines from geminal-based methods, RSC Adv. 13 (40) (2023) 27898–27911. D.G.A. Smith, J. Gray, opt_einsum - a python package for optimizing contraction order for einsum-like expressions, J. Open Sour. Softw. 3 (26) (2018) 753. P. Tecmer, M. Gałyńska, L. Szczuczko, K. Boguslawski, Geminal-based strategies for modeling large building blocks of organic electronic materials, J. Phys. Chem. Lett. 14 (2023) 9909–9917. P. Tecmer, K. Boguslawski, P.W. Ayers, Singlet ground state actinide chemistry with geminals, Phys. Chem. Chem. Phys. 17 (2015) 14427–14436. A. Nowak, P. Tecmer, K. Boguslawski, Assessing the accuracy of simplified coupled cluster methods for electronic excited states in f0 actinide compounds, Phys. Chem. Chem. Phys. 21 (35) (2019) 19039–19053. A. Leszczyk, T. Dome, P. Tecmer, D. Kedziera, K. Boguslawski, Resolving the π-assisted u–n σ f-bond formation using quantum information theory, Phys. Chem. Chem. Phys. 24 (35) (2022) 21296–21307.",scopus,llm,0.990,unreviewed,,doi:10.1016/j.cpc.2023.109049
discarded,Higher Order Probabilistic Analysis of Network Trajectories of Intelligent Agents in Thespian,G. Drakopoulos,2023,2023 8th South East Europe Design Automation Computer Engineering Computer Networks and Social Media Conference Seeda Cecnsm 2023,10.1109/SEEDA-CECNSM61561.2023.10470503,https://www.scopus.com/inward/record.uri?partnerID=HzOxMe3b&scp=85190067834&origin=inward,off-topic-false-hit,"Intelligent agents (IAs) are autonomous pieces of software designed to be deployed to and operate on infrastructure, whether physical or digital, and perform various tasks on them ranging from integrity check and structure discovery to functionality monitoring and information collection. Their task performing capability has been considerably increased with the recent advent of machine learning. An important parameter of IAs operating on networks such as the Web is their trajectory, which in many engineering scenarios depends heavily on random outcomes taking place at each vertex visited by the IA. In order to study the probabilistic properties of the trajectory length, said outcomes instead of being modeled or simulated are computed as the result as a game taking place between the vertex and the IA, developed in the Thespian framework for Python, and the vertex. The latter selects a random but fixed strategy, whereas the IA can adapt to learn this strategy either by observing the entropy of the choices of its opponent. If IA loses, then it backtracks, otherwise it chooses its next destination with a preferential attachment scheme. The mean, variance, skewness, and kurtosis of the trajectories of IAs operating on three scale-free graphs generated by NetworkX. Emphasis was placed on proper Pythonic code as many major Python modules such as threads, for generating game instances, Counter instances from collections to keep track of player choices, and functools for map/reduce functionality. Results indicate that IAs learning the opponent strategy have longer and richer network trajectories in terms of vertices, indicating the importance of learning.",scopus,llm,0.990,unreviewed,,doi:10.1109/seeda-cecnsm61561.2023.10470503
discarded,The case for writing network drivers in high-level programming languages,P. Emmerich,2019,2019 ACM IEEE Symposium on Architectures for Networking and Communications Systems Ancs 2019,10.1109/ANCS.2019.8901892,https://www.scopus.com/inward/record.uri?partnerID=HzOxMe3b&scp=85075713731&origin=inward,adjacent-subtopic,"Drivers are written in C or restricted subsets of C++ on all production-grade server, desktop, and mobile operating systems. They account for 66 % of the code in Linux, but 39 out of 40 security bugs related to memory safety found in Linux in 2017 are located in drivers. These bugs could have been prevented by using high-level languages for drivers. We present user space drivers for the Intel ixgbe 10 Gbit/s network cards implemented in Rust, Go, C#, Java, OCaml, Haskell, Swift, JavaScript, and Python written from scratch in idiomatic style for the respective languages. We quantify costs and benefits of using these languages: High-level languages are safer (fewer bugs, more safety checks), but run-time safety checks reduce throughput and garbage collection leads to latency spikes. Out-of-order CPUs mitigate the cost of safety checks: Our Rust driver executes 63 % more instructions per packet but is only 4 % slower than a reference C implementation. Go's garbage collector keeps latencies below 100 μs even under heavy load. Other languages fare worse, but their unique properties make for an interesting case study. All implementations are available as free and open source at https://githud.com/ixy-languages/ixy-languages.",scopus,llm,0.960,unreviewed,,doi:10.1109/ancs.2019.8901892
discarded,Plastid: Nucleotide-resolution analysis of next-generation sequencing and genomics data,J.G. Dunn,2016,BMC Genomics,10.1186/s12864-016-3278-x,https://www.scopus.com/inward/record.uri?partnerID=HzOxMe3b&scp=84998980264&origin=inward,off-topic-false-hit,"Next-generation sequencing (NGS) informs many biological questions with unprecedented depth and nucleotide resolution. These assays have created a need for analytical tools that enable users to manipulate data nucleotide-by-nucleotide robustly and easily. Furthermore, because many NGS assays encode information jointly within multiple properties of read alignments ― for example, in ribosome profiling, the locations of ribosomes are jointly encoded in alignment coordinates and length ― analytical tools are often required to extract the biological meaning from the alignments before analysis. Many assay-specific pipelines exist for this purpose, but there remains a need for user-friendly, generalized, nucleotide-resolution tools that are not limited to specific experimental regimes or analytical workflows. Plastid is a Python library designed specifically for nucleotide-resolution analysis of genomics and NGS data. As such, Plastid is designed to extract assay-specific information from read alignments while retaining generality and extensibility to novel NGS assays. Plastid represents NGS and other biological data as arrays of values associated with genomic or transcriptomic positions, and contains configurable tools to convert data from a variety of sources to such arrays. Plastid also includes numerous tools to manipulate even discontinuous genomic features, such as spliced transcripts, with nucleotide precision. Plastid automatically handles conversion between genomic and feature-centric coordinates, accounting for splicing and strand, freeing users of burdensome accounting. Finally, Plastid’s data models use consistent and familiar biological idioms, enabling even beginners to develop sophisticated analytical workflows with minimal effort. Plastid is a versatile toolkit that has been used to analyze data from multiple NGS assays, including RNA-seq, ribosome profiling, and DMS-seq. It forms the genomic engine of our ORF annotation tool, ORF-RATER, and is readily adapted to novel NGS assays. Examples, tutorials, and extensive documentation can be found at https://plastid.readthedocs.io.",scopus,llm,0.980,unreviewed,,doi:10.1186/s12864-016-3278-x
