status,title,authors,year,venue,doi,url,tags,abstract,provider,decision_source,llm_confidence,llm_review_outcome,llm_change_direction,paper_id
discarded,MARBLE: Mining for boilerplate code to identify API usability problems,D. Nam,2019,Proceedings 2019 34th IEEE ACM International Conference on Automated Software Engineering Ase 2019,10.1109/ASE.2019.00063,https://www.scopus.com/inward/record.uri?partnerID=HzOxMe3b&scp=85078887604&origin=inward,adjacent-subtopic,"Designing usable APIs is critical to developers' productivity and software quality, but is quite difficult. One of the challenges is that anticipating API usability barriers and real-world usage is difficult, due to a lack of automated approaches to mine usability data at scale. In this paper, we focus on one particular grievance that developers repeatedly express in online discussions about APIs: ""boilerplate code."" We investigate what properties make code count as boilerplate, the reasons for boilerplate, and how programmers can reduce the need for it. We then present MARBLE, a novel approach to automatically mine boilerplate code candidates from API client code repositories. MARBLE adapts existing techniques, including an API usage mining algorithm, an AST comparison algorithm, and a graph partitioning algorithm. We evaluate MARBLE with 13 Java APIs, and show that our approach successfully identifies both already-known and new API-related boilerplate code instances.",scopus,llm,0.850,unreviewed,,doi:10.1109/ase.2019.00063
discarded,Unity check of typical offshore wellhead platform in Malaysia using Aceh earthquake loading data and SAP2000,S. Ahmad,2019,Iop Conference Series Earth and Environmental Science,10.1088/1755-1315/244/1/012048,https://www.scopus.com/inward/record.uri?partnerID=HzOxMe3b&scp=85063496037&origin=inward,off-topic-false-hit,"One of the most significant regional earthquakes which brought catastrophic impacts is the magnitude of Mw = 9.1 earthquake which occurred on the western coast of Banda Aceh, North Sumatera had generated a massive Indian Ocean tsunami on December 26th, 2004. Apart from that, several local earthquakes also occurred in Bukit Tinggi, Pahang and Ranau, Sabah according to Malaysian Meteorological Department (METMalaysia). However, oil and gas industry plays a vital role in Malaysian economy due to the significant contribution to the country’s gross domestic product. In fact, the existing fixed offshore structure in Malaysia region only take into considerations the wind load, wave load, and current load rather than earthquake load. The objective of this study is to perform unity check for every element of offshore wellhead platform when subjected to 2004 Aceh earthquake loading. All the environmental loads such as wave, wind, and current load have been designed by referring the American Petroleum Institute (API) design criteria. The computer software SAP2000 is selected to model and analyse the offshore structure. There are three types of analysis that have been performed in this study which are the free vibration analysis, time history analysis, and response spectrum analysis. The time history of earthquake data from 2004 Aceh earthquake has been used in performing time history analysis. For the response spectrum analysis, the analysis was performed by using response spectra curves in Eurocode 8. As a result, the offshore wellhead platforms in Malaysia are situated under a safe condition when subjected to low seismic activity based on the study.",scopus,llm,1.000,unreviewed,,doi:10.1088/1755-1315/244/1/012048
discarded,Weaving seams with data: Conceptualizing City APIs as elements of infrastructures,C. Raetzsch,2019,Big Data and Society,10.1177/2053951719827619,https://www.scopus.com/inward/record.uri?partnerID=HzOxMe3b&scp=85074155800&origin=inward,adjacent-subtopic,"This article addresses the role of application programming interfaces (APIs) for integrating data sources in the context of smart cities and communities. On top of the built infrastructures in cities, application programming interfaces allow to weave new kinds of seams from static and dynamic data sources into the urban fabric. Contributing to debates about “urban informatics” and the governance of urban information infrastructures, this article provides a technically informed and critically grounded approach to evaluating APIs as crucial but often overlooked elements within these infrastructures. The conceptualization of what we term City APIs is informed by three perspectives: In the first part, we review established criticisms of proprietary social media APIs and their crucial function in current web architectures. In the second part, we discuss how the design process of APIs defines conventions of data exchanges that also reflect negotiations between API producers and API consumers about affordances and mental models of the underlying computer systems involved. In the third part, we present recent urban data innovation initiatives, especially CitySDK and OrganiCity, to underline the centrality of API design and governance for new kinds of civic and commercial services developed within and for cities. By bridging the fields of criticism, design, and implementation, we argue that City APIs as elements of infrastructures reveal how urban renewal processes become crucial sites of socio-political contestation between data science, technological development, urban management, and civic participation.",scopus,llm,0.960,unreviewed,,doi:10.1177/2053951719827619
discarded,OpenLL: An API for dynamic 2d and 3d labeling,D. Limberger,2018,Information Visualisation Biomedical Visualization Visualisation on Built and Rural Environments and Geometric Modelling and Imaging IV 2018,10.1109/iV.2018.00039,https://www.scopus.com/inward/record.uri?partnerID=HzOxMe3b&scp=85060133005&origin=inward,adjacent-subtopic,"Today's rendering APIs lack robust functionality and capabilities for dynamic, real-time text rendering and labeling, which represent key requirements for 3D application design in many fields. As a consequence, most rendering systems are barely or not at all equipped with respective capabilities. This paper drafts the unified text rendering and labeling API OpenLL intended to complement common rendering APIs, frameworks, and transmission formats. For it, various uses of static and dynamic placement of labels are showcased and a text interaction technique is presented. Furthermore, API design constraints with respect to state-of-the-art text rendering techniques are discussed. This contribution is intended to initiate a community-driven specification of a free and open label library.",scopus,llm,0.940,unreviewed,,doi:10.1109/iv.2018.00039
discarded,A Feld Study on Improving the API Usability of Software Platforms for Consumer Electronics Devices,H. Kwon,2018,2018 IEEE International Conference on Consumer Electronics Asia Icce Asia 2018,10.1109/ICCE-ASIA.2018.8552127,https://www.scopus.com/inward/record.uri?partnerID=HzOxMe3b&scp=85060027895&origin=inward,adjacent-subtopic,"Providing highly usable APIs is considered to be a foundation of any software platform since an API is a basic unit which is used by software developers to develop on a platform. Furthermore, it is even more critical that a software platform aims to build an application ecosystem. There have been researches on API usability such as how to design a good API how to improve API usability, how to measure API usability, etc. However, there has been no empirical field study of how to improve the usability of API for a software platform which aims to build an application ecosystem especially for CE devices. The software platform we have worked on is the open source Tizen platform. Tizen platform was introduced in 2012 and has been adapted to CE devices such as smartphones, TVs, wearable devices, refrigerators, etc. We present lessons learned from multiple public releases of Tizen platform APIs and SDKs to improve Tizen API usability consequently to improve the usability of the application development environment noticeably by introducing Tizen. NET.",scopus,llm,0.890,unreviewed,,doi:10.1109/icce-asia.2018.8552127
discarded,API designers in the field: Design practices and challenges for creating usable APIs,L. Murphy,2018,Proceedings of IEEE Symposium on Visual Languages and Human Centric Computing Vl Hcc,10.1109/VLHCC.2018.8506523,https://www.scopus.com/inward/record.uri?partnerID=HzOxMe3b&scp=85056846084&origin=inward,adjacent-subtopic,"Application Programming Interfaces (APIs) are a rapidly growing industry and the usability of the APIs is crucial to programmer productivity. Although prior research has shown that APIs commonly suffer from significant usability problems, little attention has been given to studying how APIs are designed and created in the first place. We interviewed 24 professionals involved with API design from 7 major companies to identify their training and design processes. Interviewees had insights into many different aspects of designing for API usability and areas of significant struggle. For example, they learned to do API design on the job, and had little training for it in school. During the design phase they found it challenging to discern which potential use cases of the API users will value most. After an API is released, designers lack tools to gather aggregate feedback from this data even as developers openly discuss the API online.",scopus,llm,0.910,unreviewed,,doi:10.1109/vlhcc.2018.8506523
discarded,Visual Design of GraphQL Data: A Practical Introduction with Legacy Data and Neo4j,T. Frisendal,2018,Visual Design of Graphql Data A Practical Introduction with Legacy Data and Neo4j,10.1007/978-1-4842-3904-9,https://www.scopus.com/inward/record.uri?partnerID=HzOxMe3b&scp=105001911611&origin=inward,adjacent-subtopic,"Get an introduction to the visual design of GraphQL data and concepts, including GraphQL structures, semantics, and schemas in this compact book. In it you will see simple guidelines based on lessons learned from real-life data discovery and unification, as well as useful visualization techniques.",scopus,llm,0.960,unreviewed,,doi:10.1007/978-1-4842-3904-9
discarded,Parcels v0.9: Prototyping a Lagrangian ocean analysis framework for the petascale age,M. Lange,2017,Geoscientific Model Development,10.5194/gmd-10-4175-2017,https://www.scopus.com/inward/record.uri?partnerID=HzOxMe3b&scp=85034571659&origin=inward,adjacent-subtopic,"Abstract. As ocean general circulation models (OGCMs) move into the petascale age, where the output of single simulations exceeds petabytes of storage space, tools to analyse the output of these models will need to scale up too. Lagrangian ocean analysis, where virtual particles are tracked through hydrodynamic fields, is an increasingly popular way to analyse OGCM output, by mapping pathways and connectivity of biotic and abiotic particulates. However, the current software stack of Lagrangian ocean analysis codes is not dynamic enough to cope with the increasing complexity, scale and need for customization of use-cases. Furthermore, most community codes are developed for stand-alone use, making it a nontrivial task to integrate virtual particles at runtime of the OGCM. Here, we introduce the new Parcels code, which was designed from the ground up to be sufficiently scalable to cope with petascale computing. We highlight its API design that combines flexibility and customization with the ability to optimize for HPC workflows, following the paradigm of domain-specific languages. Parcels is primarily written in Python, utilizing the wide range of tools available in the scientific Python ecosystem, while generating low-level C code and using just-in-time compilation for performance-critical computation. We show a worked-out example of its API, and validate the accuracy of the code against seven idealized test cases. This version 0.9 of Parcels is focused on laying out the API, with future work concentrating on support for curvilinear grids, optimization, efficiency and at-runtime coupling with OGCMs.",scopus,llm,0.940,unreviewed,,doi:10.5194/gmd-10-4175-2017
discarded,Empirical Studies on the Security and Usability Impact of Immutability,S. Weber,2017,Proceedings 2017 IEEE Cybersecurity Development Conference Secdev 2017,10.1109/SecDev.2017.21,https://www.scopus.com/inward/record.uri?partnerID=HzOxMe3b&scp=85035762813&origin=inward,adjacent-subtopic,"Although it is well-known that API design has a large and long-term impact on security, the literature contains few substantial guidelines for practitioners on how to design APIs that improve security. Even fewer of those guidelines have been evaluated empirically. Security professionals have proposed that software engineers choose immutable APIs and architectures to enhance security. Unfortunately, prior empirical research argued that immutablity decreases API usability. This paper brings together the results from a number of previous papers that together aim to show that immutability, when carefully designed using usability as a first-class requirement, can have positive effects on both usability and security. We also make observations on study design in this field.",scopus,llm,0.930,unreviewed,,doi:10.1109/secdev.2017.21
discarded,Reference data and collaborative identifier sharing in agricultural field operations,B.E. Craker,2017,VDI Berichte,,https://www.scopus.com/inward/record.uri?partnerID=HzOxMe3b&scp=85105981598&origin=inward,off-topic-false-hit,,scopus,llm,0.910,unreviewed,,hash:f795fa2ea27e525a
discarded,Revitalized three-dimensional design method improves tubular design,J.A. Aasen,2017,Society of Petroleum Engineers SPE Abu Dhabi International Petroleum Exhibition and Conference 2017,10.2118/188605-ms,https://www.scopus.com/inward/record.uri?partnerID=HzOxMe3b&scp=85044218248&origin=inward,off-topic-false-hit,"Abstract The ANSI/API Technical Report 5C3 was updated with addendum Annex M in October 2015 (informative). This is a significant step forward, since the effect of internal pressure on collapse is now calculated on the basis of Lubinski (1975) theory instead of using an inaccurate approximation. This theory is utilized in the present study to demonstrate three-dimensional model with API design formulas expressed as a circle instead of the conventional ellipse. The presented three-dimensional method is easy to use and the main user group is drilling and well engineers working in the field or in well tubular design. Industry practice is to use the effective axial tension (buoyed force) for buckling calculations, while for yielding and collapse analysis the actual axial force is used. In this study we use the effective tension for yielding and collapse calculations, thus employing a stress reference datum that is in agreement with buckling equilibrium and buoyancy. Using the effective tension, a yield circle is produced instead of the conventional yield ellipse. The circle is easy to use and a full set of design equations including buckling stresses are developed in this study. Effective force is equivalent to oilfield definitions such as fictitious force, buckling force, stability force and buoyed force. Note that for some of these terms compression is defined positive. A comprehensive set of equations for yielding and collapse are presented in this study, where the theory includes bending stresses from helical buckling and wellbore curvature. Tension is defined positive herein while compression is negative.",scopus,llm,1.000,unreviewed,,doi:10.2118/188605-ms
discarded,TSSDroid: realization of an efficient and usable TSS API for the Android software stack,S. Khan,2016,Security and Communication Networks,10.1002/sec.1448,https://www.scopus.com/inward/record.uri?partnerID=HzOxMe3b&scp=84958593990&origin=inward,adjacent-subtopic,"Abstract The advancement in smartphones capabilities has attracted malware writers to build more sophisticated attacks on these devices. Traditional software‐based security mechanisms have failed to provide strong security against these attacks. Similar threats on the PC have been countered using the concepts of Trusted Computing—a highly flexible trust mechanism with strong security properties. However, smartphone platforms have yet to see any Trusted Computing applications—primarily because of the difficulty in adopting this relatively new paradigm of security. In this paper, we present the design of a high‐level application programming interface (API) that allows Android‐based smartphone application developers to adopt Trusted Computing and use it in their applications without having to learn the intricate details of how Trusted Computing works. The API abstracts away the complexity in using Trusted Computing constructs by offering easy‐to‐use interfaces for complex tasks. The API has enhanced the usability of Trusted Computing development by significantly reducing the number of lines and complexity of code required to perform these diverse tasks. This paper provides a reference implementation for the proposed API in order to show that the API is efficient in terms of performance overhead. Copyright © 2016 John Wiley & Sons, Ltd.",scopus,llm,0.930,unreviewed,,doi:10.1002/sec.1448
discarded,Understanding the API usage in Java,D. Qiu,2016,Information and Software Technology,10.1016/j.infsof.2016.01.011,https://www.scopus.com/inward/record.uri?partnerID=HzOxMe3b&scp=84960395805&origin=inward,adjacent-subtopic,"Context: Application Programming Interfaces (APIs) facilitate the use of programming languages. They define sets of rules and specifications for software programs to interact with. The design of language API is usually artistic, driven by aesthetic concerns and the intuitions of language architects. Despite recent studies on limited scope of API usage, there is a lack of comprehensive, quantitative analyses that explore and seek to understand how real-world source code uses language APIs.

Objective: This study aims to understand how APIs are employed in practical development and explore their potential applications based on the results of API usage analysis.

Method: We conduct a large-scale, comprehensive, empirical analysis of the actual usage of APIs on Java, a modern, mature, and widely-used programming language. Our corpus contains over 5000 open-source Java projects, totaling 150 million source lines of code (SLoC). We study the usage of both core (official) API library and third-party (unofficial) API libraries. We resolve project dependencies automatically, generate accurate resolved abstract syntax trees (ASTs), capture used API entities from over 1.5 million ASTs, and measure the usage based on our defined metrics: frequency, popularity and coverage.

Results: Our study provides detailed quantitative information and yield insight, particularly, (1) confirms the conventional wisdom that the usage of APIs obeys Zipf distribution; (2) demonstrates that core API is not fully used (many classes, methods and fields have never been used); (3) discovers that deprecated API entities (in which some were deprecated long ago) are still widely used; (4) evaluates that the use of current compact profiles is under-utilized; (5) identifies API library coldspots and hotspots.

Conclusions: Our findings are suggestive of potential applications across language API design, optimization and restriction, API education, library recommendation and compact profile construction. (C) 2016 Elsevier B.V. All rights reserved.",scopus,llm,0.910,unreviewed,,doi:10.1016/j.infsof.2016.01.011
discarded,Base resistance of open-ended piles evaluated by various design methods,J.J. Kumara,2016,International Journal of Geomate,,https://www.scopus.com/inward/record.uri?partnerID=HzOxMe3b&scp=84958231436&origin=inward,off-topic-false-hit,,scopus,llm,0.990,unreviewed,,hash:548851e980baba06
discarded,The driving forces of api evolution,W. Granli,2015,International Workshop on Principles of Software Evolution IWPSE,10.1145/2804360.2804364,https://www.scopus.com/inward/record.uri?partnerID=HzOxMe3b&scp=84958641245&origin=inward,adjacent-subtopic,"Evolving an Application Programming Interface (API) is a delicate activity, as modifications to them can significantly impact their users. The increasing use of APIs means that software development organisations must take an empirical and scientific approach to the way they manage the evolution of their APIs. If no attempt at analysing or quantifying the evolution of an API is made, there will be a diminished understanding of the evolution, and possible improvements to the maintenance strategy will be difficult to identify. We believe that long-standing software evolution theories can provide additional insight to the field of APIs, and can be of great use to companies maintaining APIs. In this case study, we conduct a qualitative investigation to understand what drives the evolution of an industry company's existing API, by examining two versions of the API interface. The changes were analysed based on two software evolution theories, and the extent to which we could reverse engineer the change decisions was determined by interviewing an architect of the API. The results of this analysis show that the largest driving force of the APIs evolution was the desire for new functionality. Our findings which show that changes happen sporadically, rather than continuously, appear to show that the law of Conservation of Organisational Stability was not a considerable factor for the evolution of the API. We also found that it is possible to reverse engineer change decisions and in doing so, identified that the feedback loop of an API is an important area of improvement.",scopus,llm,0.960,unreviewed,,doi:10.1145/2804360.2804364
