status,title,authors,year,venue,doi,url,tags,abstract,provider,decision_source,llm_confidence,llm_review_outcome,llm_change_direction,paper_id
discarded,Cultural Adaptation and Psychometric Properties of the Turkish Version of the Dementia Literacy Assessment (DeLA),"Yilmaz, Fikriye; Ozcan, Emre; Ozcan, Deniz Gungor",2026,CURRENT ALZHEIMER RESEARCH,10.2174/0115672050488853260622072108,https://www.webofscience.com/wos/woscc/full-record/WOS:001850886800001,off-topic-false-hit,"Introduction: This study aims to culturally adapt the Dementia Literacy Assessment (DeLA) scale into Turkish and to evaluate its psychometric properties. The DeLA introduces an innovative approach by employing narrative-based storytelling, rather than conventional didactic methods, to assess dementia literacy and to challenge prevailing societal misconceptions. Methods: The study comprised procedures including linguistic equivalence testing, expert consensus (ICC = 0.88), and readability analysis. The sample consisted of 120 participants (mean age: 60.88 +/- 8.72 years). Participants completed a pre-test, read two culturally adapted stories, and subsequently completed a post-test. Psychometric evaluation included KR-20 reliability coefficients and corrected item-total correlations. Results: The mean DeLA score increased significantly from 7.71 +/- 1.95 to 8.54 +/- 1.99 (p < 0.05), corresponding to an overall improvement of 14%. The greatest increase was observed among male participants (25.01%). Correct response rates to the statement that ""forgetfulness is a normal part of aging"" improved by 47.3%. The scale demonstrated good internal consistency, with KR-20 values of 0.701 (pre-test) and 0.734 (post-test). Education level, family history of dementia, and caregiving experience were significantly associated with higher post-test performance (p < 0.05). Discussion: Narrative-based assessments such as the DeLA may bridge gaps in dementia knowledge more effectively than traditional approaches by directly addressing deeply rooted cultural myths, including the normalization of forgetfulness. Conclusion: The Turkish version of the DeLA is a valid and reliable instrument with high sensitivity for assessing dementia literacy. Its narrative-based format effectively challenges deeply ingrained cultural misconceptions. The scale offers a robust framework for epidemiological research and public health initiatives aimed at reducing stigma and promoting early diagnosis within Turkey's aging population.",wos,llm,0.990,unreviewed,,doi:10.2174/0115672050488853260622072108
discarded,Redefining the determinant of apparent electrocatalytic hydrogen evolution in alkaline media,"Yin, Xuanwei; Wei, Cong; Bian, Zenan; Tang, Chongyang; Liu, Zhaohui; Du, Xinyue; He, Zhankang; Fang, Yanyan; Wang, Gongming",2026,NANO RESEARCH,10.26599/NR.2026.94908841,https://www.webofscience.com/wos/woscc/full-record/WOS:001850465000024,off-topic-false-hit,"The complex multicomponent interactions in realistic electrochemical hydrogen evolution reaction significantly challenge the conventional theoretical frameworks established relying on simplified binary adsorption models, resulting in the discrepancy between the theoretical intrinsic activity and apparent activity due to the absence of the local mass transport factors. The underlying governing principles of the apparent catalytic activity is still unclear. Herein, by experimentally interfacial mass transfer kinetics of metals in alkaline media, we have established a robust positive correlation between local proton conduction and apparent activity, thereby redefining the key factor in practical hydrogen electrocatalysis. The essence underlying the hierarchal interplay is attributed to the catalyst intrinsic property-induced regulation of the interfacial hydrogen-bond microenvironment. Its unique volcanic domination to proton transport demonstrates the trade-off between connectivity and flexibility of proton-hopping pathways. The definition and mechanistic comprehension of local proton mass transport as the bridge linking surface-interface characteristics to macroscopic electrochemistry offer a transformative approach to resolving the longstanding challenge of identifying performance determinant for apparent electrocatalytic systems.",wos,llm,0.990,unreviewed,,doi:10.26599/nr.2026.94908841
discarded,"SEARCHING FOR THE ELUSIVE ""A"" HORIZON IN BURIED PALEOSOLS","Nordt, Lee C.; Stinchcomb, Gary E.; Lukens, William E.; McCarthy, Paul J.",2026,JOURNAL OF SEDIMENTARY RESEARCH,10.2110/jsr.2026.009,https://www.webofscience.com/wos/woscc/full-record/WOS:001848478000001,off-topic-false-hit,"Presence of an A horizon in paleosols is important for taxonomic classification, interpreting pedogenic processes, and reconstructing paleoenvironments. However, identifying the A horizon in buried contexts is challenging because of potential erosion during burial and post-burial diagenesis. Thus, 745 master horizons from 299 training pedons were analyzed to develop indicators for identifying buried A horizons and non-A horizons. Indicators of A horizons include < 12% organic carbon or < 24% LOI, ped diameters <= 1 cm, platy peds, or > 2% root traces in sandy substrates. Non-A horizon indicators represent properties of the O, E, transitional (e.g., AB), B, or C horizons. Together, the indicators yield the highest proportion of true positives for classification of known A horizons and true negatives (TN) for classification of known non-A horizons in the database (similar to 80 to 90% success rate). Confusion-matrix statistics show that the classification performance of the indicators are optimized when considering sensitivity, specificity, precision, and accuracy. In addition, there were no significant differences (z-test) in the performance of the indicators between the training pedons and 30 validation pedons. Testing the indicators on buried Quaternary paleosol sequences demonstrates that most A horizons survive the burial process in alluvial settings, giving confidence in their potential preservation in lithified paleosols of deeply buried contexts. Applying the indicators to selected Quaternary and lithified Miocene through Permian buried paleosols with previously assigned master horizons altered some pedogenic and climate interpretations. Examples are given of problematic buried paleosols for further testing of the indicators.",wos,llm,0.990,unreviewed,,doi:10.2110/jsr.2026.009
discarded,PCA-Enhanced Deep Features for Alzheimer's Disease Stage Classification with EFMM,"Al-Hatab, Marwa Mawfaq Mohamedsheet; Al-Mallah, Ruaa H. Ali; Qasim, Maysaloon Abed; Mohammed, Mohammed Falah; Rassem, Taha H.; Ahmed, Abdulghani Ali",2026,DIAGNOSTICS,10.3390/diagnostics16152428,https://www.webofscience.com/wos/woscc/full-record/WOS:001848008400001,off-topic-false-hit,"Background/Objectives: Alzheimer's disease (AD) is a progressive neurodegenerative disorder necessitating accurate and timely diagnosis for effective clinical intervention. While deep learning methods have shown promise in AD classification, many rely on computationally intensive architectures and high-dimensional feature representations. This study introduces a lightweight hybrid framework combining deep feature extraction, dimensionality reduction, and adaptive classification for MRI-based Alzheimer's disease stage classification. Methods: Utilizing MRI images from a publicly available Alzheimer's disease dataset encompassing four clinical stages (Non-Demented, Very Mild Demented, Mild Demented, and Moderate Demented), deep features were extracted using a pre-trained SqueezeNet model as a fixed feature extractor, generating 1000-dimensional feature vectors. Due to the computational complexity and for the improvement of the model efficiency, the dimensionality reduction technique, Principal Component Analysis (PCA) was then applied. This resulted in an optimum representation of 100 principal components, retaining about 96% of the variance. Then, the performances of various machine learning classifiers such as k-Nearest Neighbors (kNN), Support Vector Machine (SVM), Decision Tree (DT), Neural Network (NN), Na & iuml;ve Bayes (NB), Logistic Regression (LR) and Enhanced Fuzzy Min-Max Neural Network (EFMM) were tested. The accuracy, precision, recall, F1-score, area under the receiver operating characteristic curve (AUC), and confusion matrices were used to evaluate the performance. Stratified 5-fold cross validation was used to ensure the strength of our results. Results: The findings show that PCA has a significant improvement in classification accuracy for most of the models. In particular, the EFMM classifier outperformed the other classifiers, with an accuracy of 97.19% on the independent test set. After PCA, the AUC values for classes such as Mild Demented, Moderate Demented, Non-Demented and Very Mild Demented were obtained as 97.12%, 99.97%, 93.79% and 95.26% respectively. We further validated our proposed framework using stratified 5-fold cross validation which further corroborated the robustness of our proposed framework. The EFMM achieved a mean accuracy of 98.38% +/- 0.36 and a mean macro-F1 score of 98.48% +/- 0.43. Friedman statistical testing demonstrated that there were significant differences between the performance of the classifiers evaluated (p < 0.001), which further validated the performance of the EFMM. Conclusions: To sum up, the proposed SqueezeNet-PCA-EFMM is an effective and efficient method for Alzheimer's disease stage classification under MRI images. The combination of SqueezeNet, PCA, and EFMM-led not only to high classification performance, but also to good cross validation results. Furthermore, this property of incremental learning is the intrinsic one of the EFMM and renders this framework interesting for its incorporation in the next-generation intelligent clinical decision supports in particular, as medical care evolves.",wos,llm,0.990,unreviewed,,doi:10.3390/diagnostics16152428
discarded,Enhanced loss of circulation prediction using Sea Lion-optimized machine learning models,S.H. Hashemi,2027,Unconventional Resources,10.1016/j.uncres.2026.100524,https://www.scopus.com/inward/record.uri?partnerID=HzOxMe3b&scp=105046510230&origin=inward,off-topic-false-hit,"Lost circulation is a major drilling challenge that increases cost and non-productive time and is influenced by different parameters. This study develops and evaluates machine learning models for predicting lost circulation severity during drilling operations. Three machine learning algorithms, Decision Tree, K-Nearest Neighbors (K-NN), and Random Forest, were optimized using the Sea Lion Optimization algorithm to enhance prediction accuracy. Feature importance analysis identified azimuth as the most significant predictor, followed by measure depth, average bit RPM, hook load, and torque, indicating that directional and mechanical drilling parameters outweigh mud properties and formation data in predicting fluid loss. Correlation analysis further confirmed strong relationships among these key parameters. The results indicate that azimuth and depth have a stronger correlation with the target parameters. All optimized models demonstrated good performance in classifying fluid loss severity. The Random Forest model achieved the best performance among the evaluated models. The K-NN and Decision Tree models also showed strong performance. Confusion matrix analysis validated all models' capability to reliably distinguish between different fluid loss severity categories (Seepage, Partial, Severe, and Total Loss) on both training and testing datasets. The findings of this study can help to provide an effective approach for predicting lost circulation severity, offering potential for reducing non-productive time, cost, and improving drilling safety.",scopus,llm,0.990,unreviewed,,doi:10.1016/j.uncres.2026.100524
discarded,A unified algebraic framework for classification performance evaluation,R.C. Prati,2027,Information Fusion,10.1016/j.inffus.2026.104767,https://www.scopus.com/inward/record.uri?partnerID=HzOxMe3b&scp=105049922290&origin=inward,adjacent-subtopic,"We propose a unified algebraic framework for classification performance evaluation covering binary, multiclass, multilabel, ordinal, hierarchical, cost-sensitive, and soft-label settings. Actual and predicted labels are represented as binary indicator matrices, where three aggregation operators (global, column-wise, row-wise) correspond directly to micro, macro/weighted, and exemplar averaging. Any binary measure expressed in terms of the four confusion-matrix counts extends to all these settings by substituting an operator, with no measure-specific derivation. We show that structural properties governing an extension are derivable from the binary formula. Micro-averaging equals denominator-weighted macro-averaging precisely for aggregation-decomposable (linear-fractional) measures, a strict class characterised algebraically. For soft ground truth, we prove from t-norm axioms alone that the product t-norm is the unique choice whose confusion counts preserve marginal memberships. In multiclass settings, micro-precision, micro-recall, and micro-F1 collapse identically onto accuracy. Furthermore, binary skew-invariance transfers unconditionally to multilabel aggregation, but only partially to multiclass problems. For measures with a linear numerator and prediction-independent denominator, the optimal decision threshold is the share of the numerator weight favouring a negative prediction, revealing when standard training targets the measure. Under one-hot multiclass encoding, a measure fails to attain its theoretical minimum whenever its zero-true-positive value still depends on true negatives, establishing non-trivial performance floors even for completely incorrect classifiers (e.g., zero correct predictions on 10 classes yields a label accuracy of 0.8).",scopus,llm,0.970,unreviewed,,doi:10.1016/j.inffus.2026.104767
discarded,"Incidental vocabulary learning through reading in multilingual primary school Children: The Roles of reading Comprehension, contextual Diversity, and contextual informativeness",H. Joseph,2027,Journal of Experimental Child Psychology,10.1016/j.jecp.2026.106648,https://www.scopus.com/inward/record.uri?partnerID=HzOxMe3b&scp=105048199292&origin=inward,off-topic-false-hit,"Incidental word learning through reading plays a central role in vocabulary development. Multilingual children, for whom English is an additional language, bring relevant language-learning experience to the task of learning new words through reading in English. However, it is not yet known how this learning is shaped by properties of the contexts in which words are encountered, or by reader characteristics such as reading comprehension. This study used eye tracking to examine whether two text-based properties, contextual diversity and informativeness, as well as reading comprehension skill, affect how multilingual children process and learn novel words encountered in text. Fifty children aged 9-11 read sentences containing six unfamiliar low-frequency words over two sessions. Eye movements were recorded during exposure and at pre- and post-exposure, and offline tests measured word form and meaning knowledge. Results showed reliable reductions in reading times across exposures, indicating that multilingual children do learn new words incidentally from text. In addition, reading comprehension was a strong predictor of reading times and of performance in the offline learning tests. Contextual diversity did not reliably enhance learning but the informativeness of contextual information affected reading times, with evidence that the advantage of informative over neutral contexts diminished following repeated exposure. These findings suggest that, in multilingual primary-school children, incidental word learning through reading depends more clearly on reading comprehension skill than on contextual diversity, underscoring the importance of both reader characteristics and the quality of contextual support in vocabulary growth.",scopus,llm,0.990,unreviewed,,doi:10.1016/j.jecp.2026.106648
discarded,FAMPN: A Frequency-Aware Multi-scale Purification Network for Document Image Restoration,Y. Wang,2027,Lecture Notes in Computer Science,10.1007/978-981-92-2852-2_28,https://www.scopus.com/inward/record.uri?partnerID=HzOxMe3b&scp=105045985935&origin=inward,off-topic-false-hit,"Document images frequently suffer from interference factors such as watermarks, seals, and blur, which severely reduce readability and constrain the performance of downstream tasks like Optical Character Recognition (OCR). Existing restoration methods struggle to balance interference suppression and detail preservation in complex scenarios. To address this issue, we propose a Frequency-Aware Multi-scale Purification Network (FAMPN). The network introduces a Complex Frequency Domain Module (CFDM) to leverage frequency-domain properties to model spectral differences and improve its interference suppression capability. Furthermore, a Multi -scale Feature Purification Module (MFPM) is designed, combining multi -scale dilated convolutions and dynamic attention mechanisms to adaptively select and enhance effective detail features. Ultimately, FAMPN achieves interference suppression while concurrently preserving document content information. Experimental results on watermark removal, seal removal, and deblurring datasets demonstrate the effectiveness of the proposed method.",scopus,llm,0.990,unreviewed,,doi:10.1007/978-981-92-2852-2_28
discarded,Synergistically sensitized three-dimensional inverse opal Au/Ce-In2O3 for ultrafast low-concentration acetone sensing,L. Zhang,2027,Sensors and Actuators B Chemical,10.1016/j.snb.2026.140923,https://www.scopus.com/inward/record.uri?partnerID=HzOxMe3b&scp=105050674844&origin=inward,off-topic-false-hit,"Acetone (C3H6O) is a highly volatile organic compound (VOC) that is frequently encountered in industrial production and is also relevant to environmental and health monitoring. Sensitive acetone detection therefore requires sensing materials that combine a strong response with rapid kinetics and low-concentration readability. Indium oxide (In2O3), as an important n-type semiconductor metal oxide, exhibits broad application prospects in the field of gas detection due to its excellent gas-sensing properties. However, critical limitations such as high operating temperatures, poor low-concentration gas detection capability, and insufficient long-term stability have severely restricted its practical application in high-precision and high-reliability scenarios. Here we report a synergistic design that integrates three-dimensional inverse opal (3DIO) morphological engineering, Au nanoparticle decoration and Ce ion doping in an In2O3 sensing matrix. The ordered 3DIO framework provides interconnected macroporous channels and accessible reaction sites, while Au nanoparticles catalyze the adsorption and activation of oxygen and acetone molecules. Ce doping further promotes the Ce4+/Ce3+ redox equilibrium and increases oxygen-vacancy-related active sites. As a result, the optimized 3DIO Au3/Ce0.1%-In2O3 sensor delivers a response of 40-100 ppm acetone at 200 degrees C, an ultrafast response time of 1 s, a recovery time of 25 s and a measured detection limit of 0.7 ppm. The sensor also shows good selectivity, repeatability, humidity tolerance and 30-day stability. These findings demonstrate that coupling ordered macroporous architecture with dual chemical sensitization is an effective route to high-performance acetone sensing for environmental monitoring.",scopus,llm,0.990,unreviewed,,doi:10.1016/j.snb.2026.140923
discarded,Characterization and prediction of phosphate responsiveness using hyperspectral imaging in snakehead fillets during water retention,Q. Wei,2026,Spectrochimica Acta Part A Molecular and Biomolecular Spectroscopy,10.1016/j.saa.2026.128150,https://www.scopus.com/inward/record.uri?partnerID=HzOxMe3b&scp=105041230975&origin=inward,off-topic-false-hit,"Phosphate additives are widely used to improve water-holding capacity in fish fillets, yet their effectiveness is strongly influenced by muscle structure, particularly after freeze-thaw treatments. In this study, the potential of hyperspectral imaging (HSI) was investigated for predicting phosphate dosage levels in snakehead fillets among different freeze-thaw cycles during the water retention stage. With shortwave infrared (SWIR) spectra and physicochemical properties as predictors, ordinal logistic regression (OLR) and light gradient boosting machine (LightGBM) models were developed to predict ordered responsiveness categories. LightGBM achieved the best performance for soaking weight gain (SWG) and centrifugal loss (CL) with prediction overall accuracies (OA) of 0.77 and 0.74 (RMSE of 0.45 and 0.51) respectively, while OLR showed greater stability for bound water (BW) and immobilized water (IW), reaching accuracies up to 0.79 and 0.74 with RMSE of 0.45 and 0.51. According to confusion matrices, most samples were correctly classified, especially at lower dosage 1levels. The pixel-wise prediction maps based on LightGBM further revealed pronounced intra-fillet heterogeneity associated with freeze-thaw cycles, highlighting spatially non-uniform phosphate responsiveness. This research demonstrates that SWIR hyperspectral imaging could be used to characterize and predict phosphate responsiveness in fish fillets, providing an insight of freeze-thaw history induced heterogeneity and its impact on water retention behavior for phosphate addition.",scopus,llm,0.990,unreviewed,,doi:10.1016/j.saa.2026.128150
