status,title,authors,year,venue,doi,url,tags,abstract,provider,decision_source,llm_confidence,llm_review_outcome,llm_change_direction,paper_id
discarded,Waste Management of Printed Wiring Boards: A Life Cycle Assessment of the Metals Recycling Chain from Liberation through Refining,"Xue, Mianqiang; Kendall, Alissa; Xu, Zhenming; Schoenung, Julie M.",2015,ENVIRONMENTAL SCIENCE & TECHNOLOGY,10.1021/es504750q,https://www.webofscience.com/wos/woscc/full-record/WOS:000348332400031,off-topic-false-hit,"Due to economic and societal reasons, informal activities including open burning, backyard recycling, and landfill are still the prevailing methods used for electronic waste treatment in developing countries. Great efforts have been made, especially in China, to promote formal approaches for electronic waste management by enacting laws, developing green recycling technologies, initiating pilot programs, etc. The formal recycling process can, however, engender environmental impact and resource consumption, although information on the environmental loads and resource consumption is currently limited. To quantitatively assess the environmental impact of the processes in a formal printed wiring board (PWB) recycling chain, life cycle assessment (LCA) was applied to a formal recycling chain that includes the steps from waste liberation through materials refining. The metal leaching in the refining stage was identified as a critical process, posing most of the environmental impact in the recycling chain. Global warming potential was the most significant environmental impact category after normalization and weighting, followed by fossil abiotic depletion potential, and marine aquatic eco-toxicity potential. Scenario modeling results showed that variations in the power source and chemical reagents consumption had the greatest influence on the environmental performance. The environmental impact from transportation used for PWB collection was also evaluated. The results were further compared to conventional primary metals production processes, highlighting the environmental benefit of metal recycling from waste PWBs. Optimizing the collection mode, increasing the precious metals recovery efficiency in the beneficiation stage and decreasing the chemical reagents consumption in the refining stage by effective materials liberation and separation are proposed as potential improvement strategies to make the recycling chain more environmentally friendly. The LCA results provide environmental information for the improvement of future integrated technologies and electronic waste management.",wos,llm,1.000,unreviewed,,doi:10.1021/es504750q
discarded,Origin Tracking in Attribute Grammars,"Williams, Kevin; Van Wyk, Eric",2014,"SOFTWARE LANGUAGE ENGINEERING, SLE 2014",,https://www.webofscience.com/wos/woscc/full-record/WOS:000348352300017,"qualifies-claim; adjacent-subtopic; normal forms in rewriting, logic or type theory","Origin tracking is a technique for relating the output of a transformation back to its input. In term rewriting systems, where this notion was developed, it relates subtrees in the resulting normal form term to the original term. The technique is useful in several settings, including program debugging and error reporting.

We show how origin tracking can be integrated into higher-order attribute grammars, which construct new syntax trees during attribute evaluation. Furthermore, we extend origins with additional information to track sub trees that correspond to the redex and contractum of rewrite rules when implemented using attribute grammars. The computation of origins and their extensions is formally defined using big-step operational semantics. Finally we describe a program transformation framework as an example use of origin tracking in attribute grammars.",wos,llm_reviewed,0.780,changed,kept->discarded,hash:a35c306a9a9e4257
discarded,DTW-RADON-BASED SHAPE DESCRIPTOR FOR PATTERN RECOGNITION,"Santosh, K. C.; Lamiroy, Bart; Wendling, Laurent",2013,INTERNATIONAL JOURNAL OF PATTERN RECOGNITION AND ARTIFICIAL INTELLIGENCE,10.1142/S0218001413500080,https://www.webofscience.com/wos/woscc/full-record/WOS:000320616700001,off-topic-false-hit,"In this paper, we present a pattern recognition method that uses dynamic programming for the alignment of Radon features. The key characteristic of the method is to use dynamic time warping (DTW) to match corresponding pairs of the Radon features for all possible projections. Thanks to DTW, we avoid compressing the feature matrix into a single vector which would otherwise miss information. To reduce the possible number of matchings, we rely on a initial normalization based on the pattern orientation. A comprehensive study is made using major state-of-the-art shape descriptors over several public datasets of shapes such as graphical symbols (both printed and hand-drawn), handwritten characters and footwear prints. In all tests, the method proves its generic behavior by providing better recognition performance. Overall, we validate that our method is robust to deformed shape due to distortion, degradation and occlusion.",wos,llm,0.990,unreviewed,,doi:10.1142/s0218001413500080
discarded,Pattern definition of the p-efficiency concept,"Lejeune, Miguel A.",2012,ANNALS OF OPERATIONS RESEARCH,10.1007/s10479-010-0803-1,https://www.webofscience.com/wos/woscc/full-record/WOS:000309856400004,off-topic-false-hit,"This study revisits the celebrated p-efficiency concept introduced by Pr,kopa (Z. Oper. Res. 34:441-461, 1990) and defines a p-efficient point (pLEP) as a combinatorial pattern. The new definition uses elements from the combinatorial pattern recognition field and is based on the combinatorial pattern framework for stochastic programming problems proposed in Lejeune (Stochastic programming e-print series (SPEPS) 2010-5, 2010). The approach is based on the binarization of the probability distribution, and the generation of a consistent partially defined Boolean function representing the combination (F,p) of the binarized probability distribution F and the enforced probability level p. A combinatorial pattern provides a compact representation of the defining characteristics of a pLEP and opens the door to new methods for the generation of pLEPs. We show that a combinatorial pattern representing a pLEP constitutes a strong and prime pattern and we derive it through the solution of an integer programming problem. Next, we demonstrate that the (finite) collection of pLEPs can be represented as a disjunctive normal form (DNF). We propose a mixed-integer programming formulation allowing for the construction of the DNF that is shown to be prime and irreducible. We illustrate the proposed method on a problem studied by Pr,kopa (Stochastic programming: handbook in operations research and management science, vol. 10, Elsevier, Amsterdam, 2003).",wos,llm,0.980,unreviewed,,doi:10.1007/s10479-010-0803-1
discarded,Enhancing the Debugging of Maude Specifications,"Riesco, Adrian; Verdejo, Alberto; Marti-Oliet, Narciso",2010,REWRITING LOGIC AND ITS APPLICATIONS,,https://www.webofscience.com/wos/woscc/full-record/WOS:000289494800015,"supports-claim; adjacent-subtopic; normalisation of programs, queries or documents for comparison; not values of a data type","Declarative debugging is a semi-automatic technique that locates a program fragment responsible for the error by building a tree representing the computation and guiding the user through it to find the error. Two different kinds of errors are considered for debugging: wrong answers-a wrong result obtained from an initial value-and missing answers-a term that should be reachable but cannot be obtained from an initial value-, where the latter has only been considered in nondeterministic systems. However, we consider that missing answers can also appear in deterministic systems, when we obtain correct results that do not provide all the expected information, which corresponds, in the context of Maude modules, to terms whose normal form is not reached and to terms whose computed least sort is, although correct, bigger than the expected one. We present in this paper a calculus to deduce normal forms and least sorts, and a proper abbreviation of the trees obtained with it. These trees increase both the causes (missing equations and memberships) and the errors (erroneous normal forms and least sorts) detected in our debugging framework.",wos,llm_reviewed,0.880,changed,kept->discarded,hash:c1415a62589fe51b
discarded,Towards a Notion of Unsatisfiable Cores for LTL,"Schuppan, Viktor",2010,FUNDAMENTALS OF SOFTWARE ENGINEERING,,https://www.webofscience.com/wos/woscc/full-record/WOS:000279393700007,adjacent-subtopic,"Unsatisfiable cores, i.e., parts of an unsatisfiable formula that are themselves unsatisfiable, have important uses in debugging specifications, speeding up search in model checking or SMT, and generating certificates of unsatisfiability. While unsatisfiable cores have been well investigated for Boolean SAT and constraint programming, the notion of unsatisfiable cores for temporal logics such as LTL has not received much attention. In this paper we investigate notions of unsatisfiable cores for LTL that arise from the syntax tree of an LTL, formula., from converting it into a. conjunctive normal form, and from proofs of its unsatisfiability. The resulting notions are more fine-granular than existing ones.",wos,llm,0.950,unreviewed,,hash:e01c88cb9c1668c0
discarded,Development and exploration of a new methodology for the fitting and analysis of XAS data,"Delgado-Jaime, Mario Ulises; Kennepohl, Pierre",2010,JOURNAL OF SYNCHROTRON RADIATION,10.1107/S090904950904655X,https://www.webofscience.com/wos/woscc/full-record/WOS:000272990700015,off-topic-false-hit,"A new data analysis methodology for X-ray absorption near-edge spectroscopy (XANES) is introduced and tested using several examples. The methodology has been implemented within the context of a new Matlab-based program discussed in a companion related article [Delgado-Jaime et al. (2010), J. Synchrotron Rad. 17, 132-137]. The approach makes use of a Monte Carlo search method to seek appropriate starting points for a fit model, allowing for the generation of a large number of independent fits with minimal user-induced bias. The applicability of this methodology is tested using various data sets on the Cl K-edge XAS data for tetragonal CuCl42-, a common reference compound used for calibration and covalency estimation in M-Cl bonds. A new background model function that effectively blends together background profiles with spectral features is an important component of the discussed methodology. The development of a robust evaluation function to fit multiple-edge data is discussed and the implications regarding standard approaches to data analysis are discussed and explored within these examples. (C) 2010 International Union of Crystallography Printed in Singapore - all rights reserved",wos,llm,0.990,unreviewed,,doi:10.1107/s090904950904655x
discarded,Detection of disjunctive normal form predicate in distributed systems,"Huang, Hongtao",2008,"DISTRIBUTED COMPUTING AND NETWORKING, PROCEEDINGS",,https://www.webofscience.com/wos/woscc/full-record/WOS:000252395000013,adjacent-subtopic,"Predicate detection in a distributed system is an important problem. It is useful in debugging and testing of the distributed system. Two modalities are introduced for predicate detection by Cooper and Marzullo. They are denoted by Possibly and Definitely. In general, the complexity of detecting predicates in the two modalities is NP-complete and coNP-complete. On detecting conjunctive predicates in Definitely modality, Garg and Waldecker proposed an efficient method. In this paper, we extend the notion of the conjunctive predicate to the notion of the disjunctive normal form (DNF) predicate, which is a disjunction of several conjunctive predicates. We are concerned with the problem of detecting DNF predicates in Definitely modality. We study two classes of DNF predicates called separation DNF predicates and separation-inclusion DNF predicates, which can be detected in Definitely modality using an idea similar to that of Garg and Waldecker.",wos,llm,0.960,unreviewed,,hash:3bdc682dc39fa56f
discarded,Detection of a Set of States in Distributed Systems,"Huang, Hongtao",2008,"APSEC 2008:15TH ASIA-PACIFIC SOFTWARE ENGINEERING CONFERENCE, PROCEEDINGS",10.1109/APSEC.2008.36,https://www.webofscience.com/wos/woscc/full-record/WOS:000263222500033,adjacent-subtopic,"This paper discusses detection of a set of states in Definitely modality in a distributed system, which means determining whether all paths from the initial state to the final state in the state space of the distributed computation pass through a state in the set. It is associated with predicate detection in Definitely modality in distributed systems, which is useful in debugging and testing of distributed systems. Me study some properties of inevitable states and inevitable sets. In. this paper we introduce the concept Of independence of zones, which is closely related to detection of disjunctive normal form predicates, and helps us,for better understanding of local detection of disjunctive normal form predicates. And we give some results on independence of zones.",wos,llm,0.950,unreviewed,,doi:10.1109/apsec.2008.36
discarded,Efficient OCR using simple features and decision trees with backtracking,"Abuhaiba, Ibrahim S. I.",2006,ARABIAN JOURNAL FOR SCIENCE AND ENGINEERING,,https://www.webofscience.com/wos/woscc/full-record/WOS:000245688200008,off-topic-false-hit,"In this paper, it is shown that it is adequate to use simple and easy-to-compute features such as those we call sliced horizontal and vertical projections to solve efficiently the OCR problem for machine-printed documents. Recognition is achieved using a decision tree supported with backtracking, smoothing, row and column cropping, and other additions to increase the success rate. Symbols from Times New Roman typeface are used to train our system. Activating backtracking, smoothing, and cropping achieved more than 98% success rate for a recognition time below 30 ms per character. The recognition algorithm was exposed to a hard test by polluting the original dataset with additional artificial noise and could maintain a high success rate and low error rate for highly polluted images, which is a result of backtracking, smoothing, and row and column cropping. Results indicate that we can depend on simple features and hints to reliably recognize characters. The error rate can be decreased by increasing the size of the training dataset. The recognition time can be reduced by using some programming optimization techniques and more powerful computers.",wos,llm,0.990,unreviewed,,hash:a06cf2302619e85a
discarded,"Brownian models of open processing networks: Canonical representation of workload (vol 10, pg 75, 2000)","Harrison, J. Michael",2006,ANNALS OF APPLIED PROBABILITY,10.1214/105051606000000583,https://www.webofscience.com/wos/woscc/full-record/WOS:000241428300023,off-topic-false-hit,"Due to a printing error the above mentioned article had numerous equations appearing incorrectly in the print version of this paper. The entire article follows as it should have appeared. IMS apologizes to the author and the readers for this error.

A recent paper by Harrison and Van Mieghem explained in general mathematical terms how one forms an ""equivalent workload formulation"" of a Brownian network model. Denoting by Z(t) the state vector of the original Brownian network, one has a lower dimensional state descriptor W(t)=MZ(t) in the equivalent workload formulation, where M can be chosen as any basis matrix for a particular linear space. This paper considers Brownian models for a very general class of open processing networks, and in that context develops a more extensive interpretation of the equivalent workload formulation, thus extending earlier work by Laws on alternate routing problems. A linear program called the static planning problem is introduced to articulate the notion of ""heavy traffic"" for a general open network, and the dual of that linear program is used to define a canonical choice of the basis matrix M. To be specific, rows of the canonical M are alternative basic optimal solutions of the dual linear program. If the network data satisfy a natural monotonicity condition, the canonical matrix M is shown to be nonnegative, and another natural condition is identified which ensures that M admits a factorization related to the notion of resource pooling.",wos,llm,0.980,unreviewed,,doi:10.1214/105051606000000583
discarded,SimArray: a user-friendly and user-configurable microarray design tool - art. no. 102,"Auburn, RP; Russell, RR; Fischer, B; Meadows, LA; Matilla, SS; Russell, S",2006,BMC BIOINFORMATICS,10.1186/1471-2105-7-102,https://www.webofscience.com/wos/woscc/full-record/WOS:000237262300001,off-topic-false-hit,"Background: Microarrays were first developed to assess gene expression but are now also used to map protein-binding sites and to assess allelic variation between individuals. Regardless of the intended application, efficient production and appropriate array design are key determinants of experimental success. Inefficient production can make larger-scale studies prohibitively expensive, whereas poor array design makes normalisation and data analysis problematic.

Results: We have developed a user-friendly tool, SimArray, which generates a randomised spot layout, computes a maximum meta-grid area, and estimates the print time, in response to user-specified design decisions. Selected parameters include: the number of probes to be printed; the microtitre plate format; the printing pin configuration, and the achievable spot density. SimArray is compatible with all current robotic spotters that employ 96-, 384- or 1536-well microtitre plates, and can be configured to reflect most production environments. Print time and maximum meta-grid area estimates facilitate evaluation of each array design for its suitability. Randomisation of the spot layout facilitates correction of systematic biases by normalisation.

Conclusion: SimArray is intended to help both established researchers and those new to the microarray field to develop microarray designs with randomised spot layouts that are compatible with their specific production environment. SimArray is an open-source program and is available from http://www.flychip.org.uk/SimArray/.",wos,llm,0.990,unreviewed,,doi:10.1186/1471-2105-7-102
discarded,Local mean normalization of microarray element signal intensities across an array surface: Quality control and correction of spatially systematic artifacts,"Colantuoni, C; Henry, G; Zeger, S; Pevsner, J",2002,BIOTECHNIQUES,,https://www.webofscience.com/wos/woscc/full-record/WOS:000176146400016,off-topic-false-hit,"Here we present a methodology for the normalization of element signal intensities to a mean intensity calculated locally across the surface of a DNA microarray. These methods allow the detection and/or correction of spatially systematic artifacts in microarray data. These include artifacts that can be introduced during the robotic printing, hybridization, washing, or imaging of microarrays. Using array element signal intensities alone, this local mean normalization process can correct for such artifacts because they vary across the surface of the array. The local mean normalization can be used for quality control and data correction purposes in the analysis of microarray data. These algorithms assume that array elements are not spatially ordered with regard to sequence or biological function and require that this spatial mapping is identical between the two sets of intensities to be compared. The tool described in this report was developed in the R statistical language and is freely available on the Internet as part of a larger gene expression analysis package. This Web implementation is interactive and user-friendly and allows the easy use of the local mean normalization tool described here, without programming expertise or downloading of additional software.",wos,llm,0.990,unreviewed,,hash:78343be260213c94
discarded,Modeling an algebraic stepper,"Clements, J; Flatt, M; Felleisen, M",2001,"PROGRAMMING LANGUAGES AND SYSTEMS, PROCEEDINGS",,https://www.webofscience.com/wos/woscc/full-record/WOS:000174203100021,"supports-claim; qualifies-claim; adjacent-subtopic; normalisation of programs, queries or documents for comparison; not values of a data type","Programmers rely on the correctness of the tools in their programming environments. In the past, semanticists have studied the correctness of compilers and compiler analyses, which are the most important tools. In this paper, we make the case that other tools, such as debuggers and steppers, deserve semantic models, too, and that using these models can help in developing these tools.

Our concrete starting point is the algebraic stepper in DrScheme, our Scheme programming environment. The algebraic stepper explains a Scheme computation in terms of an algebraic rewriting of the program text. A program is rewritten until it is in a canonical form (if it has one). The canonical form is the final result.

The stepper operates within the existing evaluator, by placing breakpoints and by reconstructing source expressions from source information placed on the stack. This approach raises two questions. First, do the run-time breakpoints correspond to the steps of the reduction semantics? Second, does the debugging mechanism insert enough information to reconstruct source expressions?

