status,title,authors,year,venue,doi,url,tags,abstract,provider,decision_source,llm_confidence,llm_review_outcome,llm_change_direction,paper_id
discarded,"Gaussian Groups and Garside Groups, Two Generalisations of Artin Groups",Patrick Dehornoy; Luis Paris,1999,Proceedings of the London Mathematical Society,10.1112/s0024611599012071,https://openalex.org/W2158446505,"supports-claim; adjacent-subtopic; number theory or algebra: representation of numbers or group elements, no equality-testing claim for a data type","It is known that a number of algebraic properties of the braid groups extend to arbitrary finite Coxeter-type Artin groups. Here we show how to extend the results to more general groups that we call Garside groups. Define a Gaussian monoid to be a finitely generated cancellative monoid where the expressions of a given element have bounded lengths, and where left and right lowest common multiples exist. A Garside monoid is a Gaussian monoid in which the left and right lowest common multiples satisfy an additional symmetry condition. A Gaussian group is the group of fractions of a Gaussian monoid, and a Garside group is the group of fractions of a Garside monoid. Braid groups and, more generally, finite Coxeter-type Artin groups are Garside groups. We determine algorithmic criteria in terms of presentations for recognizing Gaussian and Garside monoids and groups, and exhibit infinite families of such groups. We describe simple algorithms that solve the word problem in a Gaussian group, show that these algorithms have a quadratic complexity if the group is a Garside group, and prove that Garside groups have quadratic isoperimetric inequalities. We construct normal forms for Gaussian groups, and prove that, in the case of a Garside group, the language of normal forms is regular, symmetric, and geodesic, has the 5-fellow traveller property, and has the uniqueness property. This shows in particular that Garside groups are geodesically fully biautomatic. Finally, we consider an automorphism of a finite Coxeter-type Artin group derived from an automorphism of its defining Coxeter graph, and prove that the subgroup of elements fixed by this automorphism is also a finite Coxeter-type Artin group that can be explicitly determined. 1991 Mathematics Subject Classification: primary 20F05, 20F36; secondary 20B40, 20M05.",openalex,llm_reviewed,0.860,changed,kept->discarded,doi:10.1112/s0024611599012071
discarded,The Strength of Weak Learnability,Robert E. Schapire,1990,Machine Learning,10.1023/a:1022648800760,https://openalex.org/W2093717447,adjacent-subtopic,,openalex,llm,0.980,unreviewed,,doi:10.1023/a:1022648800760
discarded,The strength of weak learnability,Robert E. Schapire,1990,Machine Learning,10.1007/bf00116037,https://openalex.org/W3004732066,adjacent-subtopic,,openalex,llm,0.980,unreviewed,,doi:10.1007/bf00116037
discarded,Behavioral Game Theory,Sanjit Dhami,2025,Cambridge University Press eBooks,10.1017/9781009422314.012,https://openalex.org/W2745547123,off-topic-false-hit,"Principles of Behavioral Economics, written by an acknowledged leader in the field, provides a comprehensive introduction to one of the most exciting areas of modern economics. It demonstrates how models of economic theory can be enriched by using interdisciplinary insights from psychology, sociology, evolutionary biology, and neuroscience to build the basis for a more empirically supported set of economic principles. Unique in its level of rigor and lucidity, the book highlights the important link between theoretical and empirical economics by demonstrating the usefulness of a range of data sources such as observational data, lab data, survey data, and neuroeconomic data. This field-defining textbook argues that behavioral economics is not just a supplement to mainstream economics. Taking behavioral economics seriously requires a total rethink, and eventual transformation, of every area of economics.",openalex,llm,0.990,unreviewed,,doi:10.1017/9781009422314.012
discarded,A database of genus-2 curves over the rational numbers,Andrew R. Booker; Jeroen Sijsling; Andrew V. Sutherland; John Voight; Dan Yasaki,2016,LMS Journal of Computation and Mathematics,10.1112/s146115701600019x,https://openalex.org/W2270990862,off-topic-false-hit,"We describe the construction of a database of genus- $2$ curves of small discriminant that includes geometric and arithmetic invariants of each curve, its Jacobian, and the associated $L$ -function. This data has been incorporated into the $L$ -Functions and Modular Forms Database (LMFDB).",openalex,llm,0.970,unreviewed,,doi:10.1112/s146115701600019x
discarded,Learning Decision Lists,Ronald L. Rivest,1987,Machine Learning,10.1023/a:1022607331053,https://openalex.org/W2428981601,adjacent-subtopic,,openalex,llm,0.980,unreviewed,,doi:10.1023/a:1022607331053
discarded,Fundamental Problems of Algorithmic Algebra,Chee Keng Yap,1999,,,https://openalex.org/W1506764403,adjacent-subtopic; textbook on algorithmic algebra; record without claim,O INTRODUCTION 1. Fundamental Problem of Algebra 2. Fundamental Problem of Classical Algebraic Geometry 3. Fundamental Problem of Ideal Theory 4. Representation and Size 5. Computational Models 6. Asymptotic Notations 7. Complexity of Multiplication 8. On Bit versus Algebraic Complexity 9. Miscellany 10. Computer Algebra Systems I ARITHMETIC 1. The Discrete Fourier Transform 2. Polynomial Multiplication 3. Modular FFT 4. Fast Integer Multiplication 5. Matrix Multiplication II THE GCD 1. Unique Factorization Domain 2. Euclid's Algorithm 3. Euclidean Ring 4. The Half-GCD problem 5. Properties of the Norm 6. Polynomial HGCD A. APPENDIX: Integer HGCD III SUBRESULTANTS 1. Primitive Factorization 2. Pseudo-remainders and PRS 3. Determinantal Polynomials 4. Polynomial Pseudo-Quotient 5. The Subresultant PRS 6. Subresultants 7. Pseudo-subresultants 8. Subresultant Theorem 9. Correctness of the Subresultant PRS Algorithm IV MODULAR TECHNIQUES 1. Chinese Remainder Theorem 2. Evaluation and Interpolation 3. Finiding Prime Moduli 4. Lucky homomorphisms for the GCD 5. Coefficient Bounds for Factors 6. A Modular GCD algorithm 7. What else in GCD computation? IV FUNDAMENTAL THEOREM OF ALGEBRA 1. Elements of Field Theory 2. Ordered Rings 3. Formally Real Rings 4. Constructible Extensions 5. Real Closed Fields 6. Fundamental Theorem of Algebra VI ROOTS OF POLYNOMIALS 1. Elementary Properties of Polynomial Roots 2. Root Bounds 3. Algebraic Numbers 4. Resultants 5. Symmetric Functions 6. Discriminant 7. Root Separation 8. A Generalized Hadamard Bound 9. Isolating Intervals 10. On Newton's Method 11. Guaranteed Convergence of Newton Iteration VII STURM THEORY 1. Sturm Sequences from PRS 2. A Generalized Sturm Theorem 3. Corollaries and Applications 4. Integer and Complex Roots 5. The Routh-Hurwitz Theorem 6. Sign Encoding of Algebraic Numbers: Thom's Lemma 7. Problem of Relative Sign Conditions 8. The BKR algorithm VIII GAUSSIAN LATTICE REDUCTION 1. Lattices 2. Shortest vectors in planar lattices 3. Coherent Remainder Sequences IX LATTICE REDUCTION AND APPLICATIONS 1. Gram-Schmidt Orthogonalization 2. Minkowski's Convex Body Theorem 3. Weakly Reduced Bases 4. Reduced Bases and the LLL-algorithm 5. Short Vectors 6. Factorization via Reconstruction of Minimal Polynomials X LINEAR SYSTEMS 1. Sylvester's Identity 2. Fraction-free Determinant Computation 3. Matrix Inversion 4. Hermite Normal Form 5. A Multiple GCD Bound and Algorithm 6. Hermite Reduction Step 7. Bachem-Kannan Algorithm 8. Smith Normal Form 9. Further Applications XI ELIMINATION THEORY 1. Hilbert Basis Theorem 2. Hilbert Nullstellensatz 3. Specializations 4. Resultant Systems 5. Sylvester Resultant Revisited 6. Interial Ideal 7. The Macaulay Resultant 8. U-Resultant 9. Generalized Characteristic Polynomial 10. Generalized U - resultant 11. A Multivariate Root Bound A. APPENDIX A: Power Series B. APPENDIX B: Counting Irreducible Polynomials XII GROBNER BASES 1. Admissible Orderings 2. Normal Form ALgorithm 3. Characterizations of Grobner Bases 4. Buchberger's Algorithm 5. Uniqueness 6. Elimination Properties 7. Computing in Quotient Rings 8. Syzygies XIII BOUNDS IN POLYNOMIAL IDEAL THEORY 1. Some Bounds in Polynomial Ideal Theory 2. The Hilbert-Sette Theorem 3. Homogeneous Sets 4. Cone Decomposition 5. Exact Decomposition of NF (I) 6. Exact Decomposition of Ideals 7. Bouding the Macaulay constants 8. Term Rewriting Systems 9. A Quadratic Counter 10. Uniqueness Property 11. Lower Bounds A. APPENDIX: Properties of So XIV CONTINUED FRACTIONS 1. Introductions 2. Extended Numbers 3. General Terminology 4. Ordinary Continued Fractions 5. Continued fractions as Mobius transformations 6. Convergence Properties 7. Real Mobius Transformations 8. Continued Fractions of Roots 9. Arithmetic Operations,openalex,llm_reviewed,0.680,confirmed,,hash:98e5e113591d35eb
discarded,Molcas 8: New capabilities for multiconfigurational quantum chemical calculations across the periodic table,Francesco Aquilante; Jochen Autschbach; Rebecca K. Carlson; Liviu F. Chibotaru; Mickaël G. Delcey; Luca De Vico; Ignacio Fdez. Galván; Nicolas Ferré; Luis Manuel Frutos; Laura Gagliardi; Marco Garavelli; Angelo Giussani; Chad E. Hoyer; Giovanni Li Manni; Hans Lischka; Dongxia Ma; Per‐Åke Malmqvist; Thomas Müller; Artur Nenov; Massimo Olivucci; Thomas Bondo Pedersen; Daoling Peng; Felix Plasser; Ben Pritchard; Markus Reiher; Ivan Rivalta; Igor Schapiro; Javier Segarra‐Martí; Michael Stenrup; Donald G. Truhlar; Liviu Ungur; Alessio Valentini; Steven Vancoillie; Valera Veryazov; Victor P. Vysotskiy; Oliver Weingart; Felipe Zapata; Roland H. Lindh,2015,Journal of Computational Chemistry,10.1002/jcc.24221,https://openalex.org/W2097764239,off-topic-false-hit,"In this report, we summarize and describe the recent unique updates and additions to the Molcas quantum chemistry program suite as contained in release version 8. These updates include natural and spin orbitals for studies of magnetic properties, local and linear scaling methods for the Douglas-Kroll-Hess transformation, the generalized active space concept in MCSCF methods, a combination of multiconfigurational wave functions with density functional theory in the MC-PDFT method, additional methods for computation of magnetic properties, methods for diabatization, analytical gradients of state average complete active space SCF in association with density fitting, methods for constrained fragment optimization, large-scale parallel multireference configuration interaction including analytic gradients via the interface to the Columbus package, and approximations of the CASPT2 method to be used for computations of large systems. In addition, the report includes the description of a computational machinery for nonlinear optical spectroscopy through an interface to the QM/MM package Cobramm. Further, a module to run molecular dynamics simulations is added, two surface hopping algorithms are included to enable nonadiabatic calculations, and the DQ method for diabatization is added. Finally, we report on the subject of improvements with respects to alternative file options and parallelization.",openalex,llm,0.990,unreviewed,,doi:10.1002/jcc.24221
discarded,Spectral sequences and parametric normal forms,Majid Gazor; Pei Yu,2011,Journal of Differential Equations,10.1016/j.jde.2011.09.043,https://openalex.org/W2053511179,off-topic-false-hit,"Abstract This paper extends recent developments on spectral sequence approach on the simplest normal form theory to parametric cases. In this paper, the method is first applied to two simple examples (parametric single zero and parametric resonant saddle singularities) and then, to parametric generalized Hopf singularity. We provide the simplest parametric normal form for these cases.",openalex,llm,0.990,unreviewed,,doi:10.1016/j.jde.2011.09.043
discarded,Normal sperm morphology and chromatin packaging: comparison between aniline blue and chromomycin A3 staining,D. R. Franken; C. J. Franken; H. de la Guerre; A. de Villiers,1999,Andrologia,10.1046/j.1439-0272.1999.00290.x,https://openalex.org/W2103755474,off-topic-false-hit,"The successful implementation of ICSI has provided a unique means of allowing couples suffering from severe male infertility to achieve their reproductive goals. However, despite the great therapeutic advantages of the technique, ICSI often provides solutions to clinicians in the absence of an aetiological or pathophysiological diagnosis. The development of a sequential diagnostic schedule for patients consulting for fertility disturbances would be an ideal method of approach. Since sperm morphology recorded by strict criteria has often been correlated with fertilization failure, the present study aimed to evaluate the relationship between normal morphology and chromatin staining among fertile and subfertile men. Both chromomycin A3 (CMA3) and acidic aniline blue (AAB) were employed to record chromatin packaging quality among 58 men visiting the andrology laboratory. Intra- and interassay variations were initially recorded for fertile sperm donors. The coefficients of variation (CV) for all intra- and inter-assay assessments were < 12%. Chromatin packaging was significantly and negatively correlated with normal sperm morphology, namely r = 0.40 (P = 0.001) and r = 0.33 (P = 0.001) for CMA3 and AAB, respectively. Receiver operator characteristics illustrated sensitivity and specificity values of 75% and 82% for CMA3 and 60% and 91% for AAB, respectively. Significantly different CMA3 and AAB staining was recorded among men with severe teratozoospermia (< 4% normal forms) when compared with normozoospermic men (> 14% normal forms), namely 49% vs. 29% for CMA3 and 51% vs. 26% for AAB staining, respectively. Chromatin packaging assessments should be a valuable addition to the sequential diagnostic programme in an assisted reproduction arena.",openalex,llm,1.000,unreviewed,,doi:10.1046/j.1439-0272.1999.00290.x
discarded,Deuterium Fractionation in Protoplanetary Disks,Yuri Aikawa; Eric Herbst,1999,The Astrophysical Journal,10.1086/307973,https://openalex.org/W2063670147,off-topic-false-hit,"We investigate the chemistry of deuterium-bearing molecules in outer regions of protoplanetary disks, where comets may form. We find that molecules formed in the disk have higher D/H ratios (by which we mean abundance ratios between the singly deuterated species and the normal species) than the elemental D/H ratio in protosolar abundance, which is consistent with observations of recent comets. Despite the higher densities in protoplanetary disks, deuterium fractionation occurs in a similar way as in molecular clouds; because of the differences in zero-point energies and the existence of rapid ion-molecule isotopic exchange reactions, species such as H have high D/H ratios, which propagate to other molecules via gas-phase chemical reactions. Our results depend on a variety of factors such as the ionization rate and the temperature of the disk, which is somewhat uncertain because of possible variations in stellar luminosity and the existence of accretion shocks. In order to reproduce the observed cometary values of DCN/HCN and HDO/H 2 O, a lower ionization rate (~10 -18 s -1 ) than is ""standard"" in molecular clouds is more favorable. The calculated DCN/HCN ratio also depends on whether the products assumed for the grain surface recombination reaction between HCO + and electrons are dissociative or not.",openalex,llm,1.000,unreviewed,,doi:10.1086/307973
discarded,Church-Rosser Thue systems and formal languages,Robert McNaughton; Paliath Narendran; Friedrich Otto,1988,Journal of the ACM,10.1145/42282.42284,https://openalex.org/W2057834256,"supports-claim; adjacent-subtopic; number theory or algebra: representation of numbers or group elements, no equality-testing claim for a data type","Since about 1971, much research has been done on Thue systems that have properties that ensure viable and efficient computation. The strongest of these is the Church-Rosser property, which states that two equivalent strings can each be brought to a unique canonical form by a sequence of length-reducing rules. In this paper three ways in which formal languages can be defined by Thue systems with this property are studied, and some general results about the three families of languages so determined are studied.",openalex,llm_reviewed,0.990,changed,kept->discarded,doi:10.1145/42282.42284
discarded,Normal Forms and Conservative Extension Properties for Query Languages over Collection Types,Limsoon Wong,1996,Journal of Computer and System Sciences,10.1006/jcss.1996.0037,https://openalex.org/W2025969711,adjacent-subtopic,"Strong normalization results are obtained for a general language for collection types. An induced normal form for sets and bags is then used to show that the class of functions whose input has height (that is, the maximal depth of nestings of sets/bags/lists in the complex object) at most i and output has height at most o definable in a nested relational query language without powerset operator is independent of the height of intermediate expressions used. Our proof holds regardless of whether the language is used for querying sets, bags, or lists, even in the presence of variant types. Moreover, the normal forms are useful in a general approach to query optimization. Paredaens and Van Gucht (ACM Trans on Database Systems 17, No. 1 (1992), 65-93), proved a similar result for the special case when i = o = 1. Their result is complemented by Hull and Su (J. Comput. Systems Sci. 43 (1991), 219-261) who demonstrated the failure of independence when powerset operator is present and i = o = 1. The theorem of Hull and Su was generalized to all i and o by Grumbach and Vianu (in ''Proceedings of the 3rd International Conference on Database Theory,'' Lecture Notes in Computer Science, Vol. 470, Springer-Verlag, Berlin, 1990). Our result generalizes Paredaens and Van Gucht's to all i and o, providing a counterpart to the theorem of Grumbach and Vianu. (C) 1996 Academic Press. Inc.",openalex,llm,0.880,unreviewed,,doi:10.1006/jcss.1996.0037
discarded,Symbolic and Neural Learning Algorithms: An Experimental Comparison,JUDE W. SHAVLIK; Raymond J. Mooney; Geoffrey G. Towell,1991,Machine Learning,10.1023/a:1022602303196,https://openalex.org/W2605974740,adjacent-subtopic,"Despite the fact that many symbolic and neural network (connectionist) learning algorithms address the same problem of learning from classified examples, very little is known regarding their comparative strengths and weaknesses.  Experiments comparing the ID3 symbolic learning algorithm with the perceptron and backpropagation neural learning algorithms have been performed using five large, real-world data sets.  Overall, backpropagation performs slightly better than the other two algorithms in terms of classification accuracy on new examples, but takes much longer to train.  Experimental results suggest that backpropagation can work significantly better on data sets containing numerical data.  Also analyzed empirically are the effects of (1) the amount of training data, (2) imperfect training examples, and (3) the encoding of the desired outputs.  Backpropagation occasionally outperforms the other two systems when given relatively small amounts of training data.  It is slightly more accurate than ID3 when examples are noisy or incompletely specified.  Finally, backpropagation more effectively utilizes a ""distributed"" output encoding.",openalex,llm,0.990,unreviewed,,doi:10.1023/a:1022602303196
discarded,Hadamard-Free Circuits Expose the Structure of the Clifford Group,Sergey Bravyi; Dmitri Maslov,2021,IEEE Transactions on Information Theory,10.1109/tit.2021.3081415,https://openalex.org/W3012928806,"supports-claim; adjacent-subtopic; number theory or algebra: representation of numbers or group elements, no equality-testing claim for a data type","The Clifford group plays a central role in quantum randomized benchmarking, quantum tomography, and error correction protocols. Here we study the structural properties of this group. We show that any Clifford operator can be uniquely written in the canonical form F1HSF2, where H is a layer of Hadamard gates, S is a permutation of qubits, and Fiare parameterized Hadamard-free circuits chosen from suitable subgroups of the Clifford group. Our canonical form provides a one-to-one correspondence between Clifford operators and layered quantum circuits. We report a polynomial-time algorithm for computing the canonical form. We employ this canonical form to generate a random uniformly distributed n-qubit Clifford operator in runtime O(n2). The number of random bits consumed by the algorithm matches the information-theoretic lower bound. A surprising connection is highlighted between random uniform Clifford operators and the Mallows distribution on the symmetric group. The variants of the canonical form, one with a short Hadamard-free part and one allowing a circuit depth 9n implementation of arbitrary Clifford unitaries in the Linear Nearest Neighbor architecture are also discussed. Finally, we study computational quantum advantage where a classical reversible linear circuit can be implemented more efficiently using Clifford gates, and show an explicit example where such an advantage takes place.",openalex,llm_reviewed,0.900,changed,kept->discarded,doi:10.1109/tit.2021.3081415
