status,title,authors,year,venue,doi,url,tags,abstract,provider,decision_source,llm_confidence,llm_review_outcome,llm_change_direction,paper_id
discarded,Computing balanced realizations of transfer function matrics using householder transformations,Frederick W. Fairman; J. Alex De Abreu-garcia,1987,26th IEEE Conference on Decision and Control,10.1109/CDC.1987.272864,https://ieeexplore.ieee.org/document/4049311/,off-topic-false-hit,A method involving Householder transformations is presented for obtaining a minimal Jordan form realization of a transfer function matrix from its partial fraction expansion. The Jordan form simplifies the determination or the Gramians while the minimality of the realizations assures the numerical stability of the Chclesky decomposition of both Gramians. Finally the matrix requiring SVD to complete the transformation to balanced form is simplified to an upper triangular matrix by performing the aforementioned Cholesky decomposition in a complementary manner.,ieee,llm,0.980,unreviewed,,doi:10.1109/cdc.1987.272864
discarded,The Baryon Catastrophe and the multiphase intracluster medium,F. Gunn Katherine; Peter A. Thomas,1996,Monthly Notices of the Royal Astronomical Society,10.1093/mnras/281.4.1133,https://ieeexplore.ieee.org/document/8160964/,off-topic-false-hit,"In this paper, we review the theories and observations which together have led to the concept of the Baryon Catastrophe: observed values of the baryon fraction on the scale of clusters of galaxies appear to be at least three times as high as the universal baryon fraction predicted by the theory of primordial nucleosynthesis in a flat, Ω0 = 1, universe. We have investigated whether this discrepancy could be eliminated by treating the intracluster gas as a multiphase medium, and found that this treatment both lowers the calculated mass of gas in a cluster and increases the inferred gravitational potential. These combined effects can reduce the calculated baryon fraction by between a quarter and a half: the precise amount depends upon the volume fraction distribution of density phases in the gas but is independent of the temperature profile across the cluster. Thus moving to a multiphase intracluster medium cannot resolve the Baryon Catastrophe by itself; other possible causes and explanations are discussed.",ieee,llm,1.000,unreviewed,,doi:10.1093/mnras/281.4.1133
discarded,Synthesis of control systems with stability constraints via the direct method of Lyapunov,G. Johnson,1964,IEEE Transactions on Automatic Control,10.1109/TAC.1964.1105694,https://ieeexplore.ieee.org/document/1105694/,off-topic-false-hit,,ieee,llm,0.980,unreviewed,,doi:10.1109/tac.1964.1105694
discarded,On a type of second-order generalized Sylvester equations,Guang-Ren Duan,2013,2013 9th Asian Control Conference (ASCC),10.1109/ASCC.2013.6606409,https://ieeexplore.ieee.org/document/6606409/,off-topic-false-hit,"In this paper, a new type of second-order generalized Sylvester equations (GSEs) associated with the general eigenstructure assignment of a type of second-order linear systems are proposed. Degrees of freedom is first investigated using the concept of F-coprimeness, and a complete general parametric solution in a neat explicit closed form is then established using a generalized matrix fraction right factorization. The primary feature of this solution is that the matrix F does not need to be in any canonical form, or may be even unknown a priori. The results provide great convenience to the computation and analysis of the solutions to this class of equations, and can perform important functions in many control systems analysis and design problems involving second-order dynamical systems.",ieee,llm,0.980,unreviewed,,doi:10.1109/ascc.2013.6606409
discarded,Realization of Cauer third form by integrators,Chyi Hwang; Chee-Fai Yung; Kuo-Kai Shyu,1986,IEEE Transactions on Circuits and Systems,10.1109/TCS.1986.1085917,https://ieeexplore.ieee.org/document/1085917/,off-topic-false-hit,The realization of Cauer third form of continued fraction expansion (CFE) by both integrators and differentiators is restricted to even-order systems. In this paper we present a new realization form which involves integrators only and is applicable to both odd- and even-order systems. A new similarity transformation matrix is derived to transform a state-space model in its phase-variable canonical form to that in the new Cauer third CFE canonical form. This transformation matrix can be used to construct an approximate aggregation matrix which relates the states of a high-order system and its reduced-order model obtained by the method of the new Cauer third form.,ieee,llm,0.980,unreviewed,,doi:10.1109/tcs.1986.1085917
discarded,Linear multivariable state-feedback starting from the MPF model; as recurrent algorithm to the control for canonical forms,Franklin Pineda; Alonso Chica,2010,2010 IEEE ANDESCON,10.1109/ANDESCON.2010.5633060,https://ieeexplore.ieee.org/document/5633060/,off-topic-false-hit,"This article presents an alternative method for finding the state feedback matrix for MIMO systems from the model matrix polynomial fraction MPF. The proposed algorithm is recurrent state-feedback method for multivariable canonical forms. This algorithm tends to be more efficient at level structurally, but not computationally, because advances in simulation with the model MPF not yet have a clear prospect by using symbolic mathematics. This works shown a simple and easy handling that this model provides to engineers and researches. To facilitate and validate the algorithm, some functions have been developed with Matlab®, which are available in Matlab Mathworks Center.",ieee,llm,0.980,unreviewed,,doi:10.1109/andescon.2010.5633060
discarded,Aspects of Numerical Analysis,D. S. J. Jones,1994,Methods in Electromagnetic Wave Propagation,10.1109/9780470545256.ch1,https://ieeexplore.ieee.org/document/5311861/,adjacent-subtopic,This chapter contains sections titled:   Interpolation and approximation   Solution of equations   Matrices   Linear equations   Generalized inverse   ]]>,ieee,llm,0.930,unreviewed,,doi:10.1109/9780470545256.ch1
discarded,On element-values and realizability conditions of canonical digital networks,S. Hwang,1974,"IEEE Transactions on Acoustics, Speech, and Signal Processing",10.1109/TASSP.1974.1162548,https://ieeexplore.ieee.org/document/1162548/,off-topic-false-hit,Explicit formulas for the element-values and realizability conditions of the recently obtained basic canonical forms are presented.,ieee,llm,0.980,unreviewed,,doi:10.1109/tassp.1974.1162548
discarded,Number-theoretical analysis of the structures of classical IIR digital filters,Vladislav Lesnikov; Tatiana Naumovich; Alexander Chastikov,2018,2018 7th Mediterranean Conference on Embedded Computing (MECO),10.1109/MECO.2018.8406099,https://ieeexplore.ieee.org/document/8406099/,off-topic-false-hit,"To implement IIR digital filters with specified requirements for frequency characteristics, a large number of structures can be used. If we do not take into account the finiteness of the word length, then all structures are equivalent in terms of the accuracy of the realization of the characteristics. However, in the practical implementation of digital Alters, the bitness is finite, and the coefficients of the filter structure, and hence the coefficients of the transfer function, are rational numbers. As a consequence, the zeros and poles of the transfer function are elements of a set of algebraic numbers. For different structures, the maximum degree of algebraic numbers that are zeros and fields themselves can be different. Therefore, the maximal degrees of zeros and poles can be used as the basis for classifying structures and dividing them into equivalence classes. The proposed method is demonstrated on classical structures.",ieee,llm,0.980,unreviewed,,doi:10.1109/meco.2018.8406099
discarded,Non-Canonical Topography of the z-Plane Discretized due to Quantization of the IIR Digital Filter Coefficients,Vladislav Lesnikov; Tatiana Naumovich; Alexander Chastikov,2019,2019 IEEE East-West Design & Test Symposium (EWDTS),10.1109/EWDTS.2019.8884400,https://ieeexplore.ieee.org/document/8884400/,off-topic-false-hit,"It is known that all possible positions of the zeros and poles of IIR digital filters with finite word length form some discrete structure in z-plane. In this paper, this structure is called the z-plane topography. Discretization of the z-plane is explained by the fact that, due to quantization of the filter coefficients, not any of its points can be a zero or a pole. In their previous publications, the authors showed that for practically implemented digital filters, zeros and poles are elements of the algebraic number set. It was also shown that the topography of the sampled z-plane is completely determined by the degree of algebraic numbers and the bitness of fractional part of the transfer function coefficients. The corresponding topography is proposed to be called canonical. At the same time, structures are known for which the topography differs from the canonical one. For them, the name of non-canonical topography is suggested. These structures include the structure known as the coupled form, the normal form, the structure of Gold and Raider. This article is devoted to the study of such structures. It may seem that this is a completely new topography, not connected with the canonical one. However, this is not true. This paper establishes the relationship between the canonical topography and the topography of the coupled and other structures. It is shown that the coefficients of such structures are not independent. They are related by some additional equations. As a result, the number of possible zeros and poles is reduced. But the remaining zeros and poles are elements of the set that make up the canonical topography.",ieee,llm,0.990,unreviewed,,doi:10.1109/ewdts.2019.8884400
discarded,Routh Matrix Algorithm: A State-Space Approach,Jan Jantzen,2026,"2026 12th International Conference on Control, Decision and Information Technologies (CoDIT)",10.1109/CoDIT70676.2026.11631039,https://ieeexplore.ieee.org/document/11631039/,off-topic-false-hit,"In contrast to the classical Routh-Hurwitz stability tests, the algorithm produces a square matrix R composed of Routh array elements. By construction, the matrix is compatible with the state vector of a state-space model. The similarity transformation R reduces a system matrix in observable canonical form to a tridiagonal form. That form is characteristic of an electrical RLC ladder network.",ieee,llm,0.990,unreviewed,,doi:10.1109/codit70676.2026.11631039
discarded,Data-driven scale identification in oscillatory dynamos,"Guseva, Anna",2024,MONTHLY NOTICES OF THE ROYAL ASTRONOMICAL SOCIETY,10.1093/mnras/stae079,https://www.webofscience.com/wos/woscc/full-record/WOS:001153798300031,off-topic-false-hit,"Parker's mean-field model includes two processes generating large-scale oscillatory dynamo waves: stretching of magnetic field lines by small-scale helical flows and by differential rotation. In this work, we investigate the capacity of data-driven modal analysis, dynamic mode decomposition (DMD), to identify coherent magnetic field structures of this model. In its canonical form, the only existing field scale corresponds to the dynamo instability. To take into account multiscale nature of the dynamo, the model was augmented with coherent in time flow field, forcing small-scale magnetic field with a faster temporal evolution. Two clusters of DMD modes were obtained: the 'slow' cluster, located near the dynamo wave frequency and associated with its non-linear self-interaction, and the 'fast' cluster, centred around the forcing frequency and resulting from the interaction between the wave and the flow. Compared to other widely used methods of data analysis, such as Fourier transform, DMD provides a natural spatiotemporal basis for the dynamo, related to its non-linear dynamics. We assess how the parameters of the DMD model, rank, and delay, influence its accuracy, and finally discuss the limitations of this approach when applied to randomly forced, more complex dynamo flows.",wos,llm,0.990,unreviewed,,doi:10.1093/mnras/stae079
discarded,On Probabilistic Generalization of Backdoors in Boolean Satisfiability,"Semenov, Alexander; Pavlenko, Artem; Chivilikhin, Daniil; Kochemazov, Stepan",2022,THIRTY-SIXTH AAAI CONFERENCE ON ARTIFICIAL INTELLIGENCE / THIRTY-FOURTH CONFERENCE ON INNOVATIVE APPLICATIONS OF ARTIFICIAL INTELLIGENCE / TWELVETH SYMPOSIUM ON EDUCATIONAL ADVANCES IN ARTIFICIAL INTELLIGENCE,,https://www.webofscience.com/wos/woscc/full-record/WOS:000893639103041,adjacent-subtopic,"The paper proposes a probabilistic generalization of the well-known Strong Backdoor Set (SBS) concept applied to the Boolean Satisfiability Problem (SAT). We call a set of Boolean variables B a rho-backdoor, if for a fraction of at least rho of possible assignments of variables from B, assigning their values to variables in a Boolean formula in Conjunctive Normal Form (CNF) results in polynomially solvable formulas. Clearly, a rho-backdoor with rho =1 is an SBS. For a given set B it is possible to efficiently construct an (epsilon, delta)-approximation of parameter rho using the Monte Carlo method. Thus, we define an (epsilon, delta)-SBS as such a set B for which the conclusion ""parameter rho deviates from 1 by no more than epsilon"" is true with probability no smaller than 1 - delta. We consider the problems of finding the minimum SBS and the minimum (epsilon, delta)-SBS. To solve the former problem, one can use the algorithm described by R. Williams, C. Gomes and B. Selman in 2003. In the paper we propose a new probabilistic algorithm to solve the latter problem, and show that the asymptotic estimation of the worst-case complexity of the proposed algorithm is significantly smaller than that of the algorithm by Williams et al. For practical applications, we suggest a metaheuristic optimization algorithm based on the penalty function method to seek the minimal (epsilon, delta)-SBS . Results of computational experiments show that the use of (epsilon, delta)-SBS es found by the proposed algorithm allows speeding up solving of test problems related to equivalence checking and hard crafted and combinatorial benchmarks compared to state-of-the-art SAT solvers.",wos,llm,0.980,unreviewed,,hash:b8c588e23e61255b
discarded,Conditional Linear Regression for Heterogeneous Covariances,"Juba, Brendan; Liang, Leda",2022,"INTERNATIONAL CONFERENCE ON ARTIFICIAL INTELLIGENCE AND STATISTICS, VOL 151",,https://www.webofscience.com/wos/woscc/full-record/WOS:000841852300027,adjacent-subtopic,"Often machine learning and statistical models will attempt to describe the majority of the data. However, there may be situations where only a fraction of the data can be fit well by a linear regression model. Here, we are interested in a case where such inliers can be identified by a Disjunctive Normal Form (DNF) formula. We give a polynomial time algorithm for the conditional linear regression task, which identifies a DNF condition together with the linear predictor on the corresponding portion of the data. In this work, we improve on previous algorithms by removing a requirement that the covariances of the data satisfying each of the terms of the condition have to all be very similar in spectral norm to the covariance of the overall condition.",wos,llm,0.980,unreviewed,,hash:6d0394947eff93f9
discarded,Stoker's Problem for Quasi-periodically Forced Reversible Systems with Multidimensional Liouvillean Frequency,"Xu, Xiaodan; Si, Wen; Si, Jianguo",2020,SIAM JOURNAL ON APPLIED DYNAMICAL SYSTEMS,10.1137/19M1270033,https://www.webofscience.com/wos/woscc/full-record/WOS:000600670700003,off-topic-false-hit,"In this paper, we consider a class of quasi-periodically forced reversible systems, obtained as perturbations of a set of harmonic oscillators, and study Stoker's problem (the existence of response solutions) of such systems in the case of Liouvillean frequency. This is based on a finite dimensional Kolmogorov-Arnold-Moser (KAM) theory for quasi-periodically forced reversible systems with multidimensional Liouvillean frequency. As we know, the results existing in the literature deal with two-dimensional frequency and exploit the theory of continued fractions to control the small divisor problem. The results in this paper partially extend the analysis to higher-dimensional frequency and impose a nonresonance condition weaker than the Brjuno condition, thus allowing a class of Liouvillean frequencies. The main idea in KAM theory is to perform a first normal form reduction, in which the nonresonance condition is required to solve the homological equation, and then to impose further Melnikov conditions on the small divisors by discarding some values of the parameters lambda, the proper frequency of the unperturbed oscillator. The overall strategy of this paper comes from the literature [H. Cheng, W. Si, and J. Si, J. Dynam. Differential Equations, 32 (2020), pp. 705-739], but the method is still in the spirit of Hou and You [Invent. Math., 190 (2012), pp. 209-260], which, however, has to be substantially developed to deal with the equations considered here.",wos,llm,0.990,unreviewed,,doi:10.1137/19m1270033
discarded,A standard form in (some) free fields: How to construct minimal linear representations,"Schrempf, Konrad",2020,OPEN MATHEMATICS,10.1515/math-2020-0076,https://www.webofscience.com/wos/woscc/full-record/WOS:000598191000001,"supports-claim; adjacent-subtopic; number theory or algebra: representation of numbers or group elements, no equality-testing claim for a data type","We describe a standard form for the elements in the universal field of fractions of free associative algebras (over a commutative field). It is a special version of the normal form provided by Cohn and Reutenauer and enables the use of linear algebra techniques for the construction of minimal linear representations (in standard form) for the sum and the product of two elements (given in a standard form). This completes ""minimal"" arithmetic in free fields since ""minimal"" constructions for the inverse are already known. The applications are wide: linear algebra (over the free field), rational identities, computing the left gcd of two non-commutative polynomials, etc.",wos,llm_reviewed,0.920,changed,kept->discarded,doi:10.1515/math-2020-0076
discarded,Amdahl's law in the context of heterogeneous many-core systems - a survey,"Al-hayanni, Mohammed A. Noaman; Xia, Fei; Rafiev, Ashur; Romanovsky, Alexander; Shafik, Rishad; Yakovlev, Alex",2020,IET COMPUTERS AND DIGITAL TECHNIQUES,10.1049/iet-cdt.2018.5220,https://www.webofscience.com/wos/woscc/full-record/WOS:000545618700001,adjacent-subtopic,"For over 50 years, Amdahl's Law has been the hallmark model for reasoning about performance bounds for homogeneous parallel computing resources. As heterogeneous, many-core parallel resources continue to permeate into the modern server and embedded domains, there has been growing interest in promulgating realistic extensions and assumptions in keeping with newer use cases. This study aims to provide a comprehensive review of the purviews and insights provided by the extensive body of work related to Amdahl's law to date, focusing on computation speedup. The authors show that a significant portion of these studies has looked into analysing the scalability of the model considering both workload and system heterogeneity in real-world applications. The focus has been to improve the definition and semantic power of the two key parameters in the original model: the parallel fraction (f) and the computation capability improvement index (n). More recently, researchers have shown normal-form and multi-fraction extensions that can account for wider ranges of heterogeneity, validated on many-core systems running realistic workloads. Speedup models from Amdahl's law onwards have seen a wide range of uses, such as the optimisation of system execution, and these uses are even more important with the advent of the heterogeneous many-core era.",wos,llm,0.940,unreviewed,,doi:10.1049/iet-cdt.2018.5220
discarded,Computer methods for calculating tuple solutions of polynomial matrix equations,"Dorozynski, J.; Nedashkovskyy, M.",2020,BULLETIN OF THE POLISH ACADEMY OF SCIENCES-TECHNICAL SCIENCES,10.24425/bpasts.2020.133113,https://www.webofscience.com/wos/woscc/full-record/WOS:000530869300008,adjacent-subtopic,"Schemes are presented for calculating tuples of solutions of matrix polynomial equations using continued fractions. Despite the fact that the simplest matrix equations were solved in the second half of the 19th century, and the problem of multiplier decomposition was then deeply analysed, many tasks in this area have not yet been solved. Therefore, the construction of computer schemes for calculating the sequences of solutions is proposed in this work. The second-order matrix equations can be solved by a matrix chain function or iterative method. The results of the numerical experiment using the MatLab package for a given number of iterations are presented. A similar calculation is done for a symmetric square matrix equation of the 2nd order. Also, for the discrete (time) Riccati equation, as its analytical solution cannot be performed yet, we propose constructing its own special scheme of development of the solution in the matrix continued fraction. Next, matrix equations of the n-th order, matrix polynomial equations of the order of non-canonical form, and finally, the conditions for the termination of the iterative process in solving matrix equations by branched continued fractions and the criteria of convergence of matrix branching chain fractions to solutions are discussed.",wos,llm,0.950,unreviewed,,doi:10.24425/bpasts.2020.133113
