status,title,authors,year,venue,doi,url,tags,abstract,provider,decision_source,llm_confidence,llm_review_outcome,llm_change_direction,paper_id
discarded,The program dependence graph and its use in optimization,Jeanne Ferrante; Karl J. Ottenstein; Joe D. Warren,1987,ACM Transactions on Programming Languages and Systems,10.1145/24039.24041,https://openalex.org/W2144344516,adjacent-subtopic,"In this paper we present an intermediate program representation, called the program dependence graph ( PDG ), that makes explicit both the data and control dependences for each operation in a program. Data dependences have been used to represent only the relevant data flow relationships of a program. Control dependences are introduced to analogously represent only the essential control flow relationships of a program. Control dependences are derived from the usual control flow graph. Many traditional optimizations operate more efficiently on the PDG. Since dependences in the PDG connect computationally related parts of the program, a single walk of these dependences is sufficient to perform many optimizations. The PDG allows transformations such as vectorization, that previously required special treatment of control dependence, to be performed in a manner that is uniform for both control and data dependences. Program transformations that require interaction of the two dependence types can also be easily handled with our representation. As an example, an incremental approach to modifying data dependences resulting from branch deletion or loop unrolling is introduced. The PDG supports incremental optimization, permitting transformations to be triggered by one another and applied only to affected dependences.",openalex,llm,0.980,unreviewed,,doi:10.1145/24039.24041
discarded,3D printing of robotic soft actuators with programmable bioinspired architectures,Manuel Schaffner; Jakob A. Faber; Lucas Pianegonda; Patrick Alberto Rühs; Fergal B. Coulter; André R. Studart,2018,Nature Communications,10.1038/s41467-018-03216-w,https://openalex.org/W2790615739,off-topic-false-hit,"Soft actuation allows robots to interact safely with humans, other machines, and their surroundings. Full exploitation of the potential of soft actuators has, however, been hindered by the lack of simple manufacturing routes to generate multimaterial parts with intricate shapes and architectures. Here, we report a 3D printing platform for the seamless digital fabrication of pneumatic silicone actuators exhibiting programmable bioinspired architectures and motions. The actuators comprise an elastomeric body whose surface is decorated with reinforcing stripes at a well-defined lead angle. Similar to the fibrous architectures found in muscular hydrostats, the lead angle can be altered to achieve elongation, contraction, or twisting motions. Using a quantitative model based on lamination theory, we establish design principles for the digital fabrication of silicone-based soft actuators whose functional response is programmed within the material's properties and architecture. Exploring such programmability enables 3D printing of a broad range of soft morphing structures.",openalex,llm,1.000,unreviewed,,doi:10.1038/s41467-018-03216-w
discarded,Multimaterial 4D Printing with Tailorable Shape Memory Polymers,Qi Ge; Amir Hosein Sakhaei; Howon Lee; Conner K. Dunn; Nicholas X. Fang; Martin L. Dunn,2016,Scientific Reports,10.1038/srep31110,https://openalex.org/W2519831124,off-topic-false-hit,"We present a new 4D printing approach that can create high resolution (up to a few microns), multimaterial shape memory polymer (SMP) architectures. The approach is based on high resolution projection microstereolithography (PμSL) and uses a family of photo-curable methacrylate based copolymer networks. We designed the constituents and compositions to exhibit desired thermomechanical behavior (including rubbery modulus, glass transition temperature and failure strain which is more than 300% and larger than any existing printable materials) to enable controlled shape memory behavior. We used a high resolution, high contrast digital micro display to ensure high resolution of photo-curing methacrylate based SMPs that requires higher exposure energy than more common acrylate based polymers. An automated material exchange process enables the manufacture of 3D composite architectures from multiple photo-curable SMPs. In order to understand the behavior of the 3D composite microarchitectures, we carry out high fidelity computational simulations of their complex nonlinear, time-dependent behavior and study important design considerations including local deformation, shape fixity and free recovery rate. Simulations are in good agreement with experiments for a series of single and multimaterial components and can be used to facilitate the design of SMP 3D structures.",openalex,llm,1.000,unreviewed,,doi:10.1038/srep31110
discarded,Phaser crystallographic software,Airlie J. McCoy; Ralf W. Grosse‐Kunstleve; Paul D. Adams; Martyn Winn; Laurent C. Storoni; Randy J. Read,2007,Journal of Applied Crystallography,10.1107/s0021889807021206,https://openalex.org/W2163341755,off-topic-false-hit,"Phaser is a program for phasing macromolecular crystal structures by both molecular replacement and experimental phasing methods. The novel phasing algorithms implemented in Phaser have been developed using maximum likelihood and multivariate statistics. For molecular replacement, the new algorithms have proved to be significantly better than traditional methods in discriminating correct solutions from noise, and for single-wavelength anomalous dispersion experimental phasing, the new algorithms, which account for correlations between F(+) and F(-), give better phases (lower mean phase error with respect to the phases given by the refined structure) than those that use mean F and anomalous differences DeltaF. One of the design concepts of Phaser was that it be capable of a high degree of automation. To this end, Phaser (written in C++) can be called directly from Python, although it can also be called using traditional CCP4 keyword-style input. Phaser is a platform for future development of improved phasing methods and their release, including source code, to the crystallographic community.",openalex,llm,0.990,unreviewed,,doi:10.1107/s0021889807021206
discarded,A general framework for implementing NLO calculations in shower Monte Carlo programs: the POWHEG BOX,Simone Alioli; Paolo Nason; Carlo Oleari; Emanuele Ré,2010,Journal of High Energy Physics,10.1007/jhep06(2010)043,https://openalex.org/W2020084508,off-topic-false-hit,"In this work we illustrate the POWHEG BOX , a general computer code framework for implementing NLO calculations in shower Monte Carlo programs according to the POWHEG method. Aim of this work is to provide an illustration of the needed theoretical ingredients, a view of how the code is organized and a description of what a user should provide in order to use it.",openalex,llm,0.990,unreviewed,,doi:10.1007/jhep06(2010)043
discarded,Multimaterial magnetically assisted 3D printing of composite materials,Dimitri Kokkinis; Manuel Schaffner; André R. Studart,2015,Nature Communications,10.1038/ncomms9643,https://openalex.org/W2176655155,off-topic-false-hit,3D printing has become commonplace for the manufacturing of objects with unusual geometries. Recent developments that enabled printing of multiple materials indicate that the technology can potentially offer a much wider design space beyond unusual shaping. Here we show that a new dimension in this design space can be exploited through the control of the orientation of anisotropic particles used as building blocks during a direct ink-writing process. Particle orientation control is demonstrated by applying low magnetic fields on deposited inks pre-loaded with magnetized stiff platelets. Multimaterial dispensers and a two-component mixing unit provide additional control over the local composition of the printed material. The five-dimensional design space covered by the proposed multimaterial magnetically assisted 3D printing platform (MM-3D printing) opens the way towards the manufacturing of functional heterogeneous materials with exquisite microstructural features thus far only accessible by biological materials grown in nature.,openalex,llm,1.000,unreviewed,,doi:10.1038/ncomms9643
discarded,"The Esterel synchronous programming language: design, semantics, implementation",Gérard Berry; Georges Gonthier,1992,Science of Computer Programming,10.1016/0167-6423(92)90005-v,https://openalex.org/W2081938726,adjacent-subtopic,"We present the ESTEREL programming language which is especially designed to program reactive systems, that is systems which maintain a permanent interaction with their environment: real-time process controllers, communication protocols, man machine interface drivers, etc. ESTEREL is a deterministic concurrent programming language. It differs from classical asynchronous languages by its synchrony hypothesis: the outputs of a system are conceptually synchronous with its inputs. The synchrony hypothesis permits a high-level modular programming style simpler and more rigorous than its asynchronous counterpart. We present the imperative primitives of ESTEREL and the temporal manipulations they permit. We give a small programming example. We present two mathematical semantics of ESTEREL, which are given by conditional rewrite rules and related by a correctness theorem. The behavioral semantics defines the behavior of programs in an uneffective way as the solution of fixpoint equations. The effective execution semantics computes actions to be performed by a conceptually infinitely fast execution machine. To relate the two semantics, we solve the causality problems that are inherent in synchronous formalisms. We show how the ESTEREL v2 and ESTEREL v3 compilers efficiently translate concurrent ESTEREL programs into efficient equivalent sequential automata that can be implemented in conventional sequential languages. We discuss the quality of this object code and the practical adequacy of the synchrony hypothesis.",openalex,llm,0.960,unreviewed,,doi:10.1016/0167-6423(92)90005-v
discarded,Fundamental Fluid Dynamics Challenges in Inkjet Printing,Detlef Lohse,2021,Annual Review of Fluid Mechanics,10.1146/annurev-fluid-022321-114001,https://openalex.org/W3207504787,off-topic-false-hit,"Inkjet printing is the most widespread technological application of microfluidics. It is characterized by its high drop productivity, small volumes, and extreme reproducibility. This review gives a synopsis of the fluid dynamics of inkjet printing and discusses the main challenges for present and future research. These lie both on the printhead side—namely, the detailed flow inside the printhead, entrained bubbles, the meniscus dynamics, wetting phenomena at the nozzle plate, and jet formation—and on the receiving substrate side—namely, droplet impact, merging, wetting of the substrate, droplet evaporation, and drying. In most cases the droplets are multicomponent, displaying rich physicochemical hydrodynamic phenomena. The challenges on the printhead side and on the receiving substrate side are interwoven, as optimizing the process and the materials with respect to either side alone is not enough: As the same ink (or other jetted liquid) is used and as droplet frequency and size matter on both sides, the process must be optimized as a whole.",openalex,llm,1.000,unreviewed,,doi:10.1146/annurev-fluid-022321-114001
discarded,"Avogadro: an advanced semantic chemical editor, visualization, and analysis platform",Marcus D. Hanwell; Donald E Curtis; David C. Lonie; Tim Vandermeersch; Eva Zurek; Geoffrey Hutchison,2012,Journal of Cheminformatics,10.1186/1758-2946-4-17,https://openalex.org/W2028046413,off-topic-false-hit,"BACKGROUND: The Avogadro project has developed an advanced molecule editor and visualizer designed for cross-platform use in computational chemistry, molecular modeling, bioinformatics, materials science, and related areas. It offers flexible, high quality rendering, and a powerful plugin architecture. Typical uses include building molecular structures, formatting input files, and analyzing output of a wide variety of computational chemistry packages. By using the CML file format as its native document type, Avogadro seeks to enhance the semantic accessibility of chemical data types. RESULTS: The work presented here details the Avogadro library, which is a framework providing a code library and application programming interface (API) with three-dimensional visualization capabilities; and has direct applications to research and education in the fields of chemistry, physics, materials science, and biology. The Avogadro application provides a rich graphical interface using dynamically loaded plugins through the library itself. The application and library can each be extended by implementing a plugin module in C++ or Python to explore different visualization techniques, build/manipulate molecular structures, and interact with other programs. We describe some example extensions, one which uses a genetic algorithm to find stable crystal structures, and one which interfaces with the PackMol program to create packed, solvated structures for molecular dynamics simulations. The 1.0 release series of Avogadro is the main focus of the results discussed here. CONCLUSIONS: Avogadro offers a semantic chemical builder and platform for visualization and analysis. For users, it offers an easy-to-use builder, integrated support for downloading from common databases such as PubChem and the Protein Data Bank, extracting chemical data from a wide variety of formats, including computational chemistry output, and native, semantic support for the CML file format. For developers, it can be easily extended via a powerful plugin mechanism to support new features in organic chemistry, inorganic complexes, drug design, materials, biomolecules, and simulations. Avogadro is freely available under an open-source license from http://avogadro.openmolecules.net.",openalex,llm,0.990,unreviewed,,doi:10.1186/1758-2946-4-17
discarded,A Concise Guide to cDNA Microarray Analysis,Priti S. Hegde; R. Qi; K. Abernathy; Cyril G. Gay; Sonia S. Dharap; Renee M. Gaspard; Joanne E. Hughes; Erik C. Snesrud; N. Lee; John Quackenbush,2000,BioTechniques,10.2144/00293bi01,https://openalex.org/W2099388441,off-topic-false-hit,"Microarray expression analysis has become one of the most widely used functional genomics tools. Efficient application of this technique requires the development of robust and reproducible protocols. We have optimized all aspects of the process, including PCR amplification of target cDNA clones, microarray printing, probe labeling and hybridization, and have developed strategies for data normalization and analysis.",openalex,llm,1.000,unreviewed,,doi:10.2144/00293bi01
discarded,Graphene Oxide‐Based Electrode Inks for 3D‐Printed Lithium‐Ion Batteries,Kun Kelvin Fu; Yibo Wang; Chaoyi Yan; Yonggang Yao; Yanan Chen; Jiaqi Dai; Steven D. Lacey; Yanbin Wang; Jiayu Wan; Tian Li; Zhengyang Wang; Yue Xu; Liangbing Hu,2016,Advanced Materials,10.1002/adma.201505391,https://openalex.org/W2322477478,off-topic-false-hit,"All-component 3D-printed lithium-ion batteries are fabricated by printing graphene-oxide-based composite inks and solid-state gel polymer electrolyte. An entirely 3D-printed full cell features a high electrode mass loading of 18 mg cm(-2) , which is normalized to the overall area of the battery. This all-component printing can be extended to the fabrication of multidimensional/multiscale complex-structures of more energy-storage devices.",openalex,llm,1.000,unreviewed,,doi:10.1002/adma.201505391
discarded,Maude: specification and programming in rewriting logic,Manuel Clavel; Francisco Durán; Steven Eker; Patrick D. Lincoln; Narciso Martı́-Oliet; José Meseguer; José Francisco Quesada,2002,Theoretical Computer Science,10.1016/s0304-3975(01)00359-0,https://openalex.org/W2134287022,adjacent-subtopic,"Maude is a high-level language and a high-performance system supporting executable specification and declarative programming in rewriting logic. Since rewriting logic contains equational logic, Maude also supports equational specification and programming in its sublanguage of functional modules and theories. The underlying equational logic chosen for Maude is membership equational logic, that has sorts, subsorts, operator overloading, and partiality definable by membership and equality conditions. Rewriting logic is reflective, in the sense of being able to express its own metalevel at the object level. Reflection is systematically exploited in Maude endowing the language with powerful metaprogramming capabilities, including both user-definable module operations and declarative strategies to guide the deduction process. This paper explains and illustrates with examples the main concepts of Maude's language design, including its underlying logic, functional, system and object-oriented modules, as well as parameterized modules, theories, and views. We also explain how Maude supports reflection, metaprogramming and internal strategies. The paper outlines the principles underlying the Maude system implementation, including its semicompilation techniques. We conclude with some remarks about applications, work on a formal environment for Maude, and a mobile language extension of Maude. (C) 2002 Elsevier Science B.V. All rights reserved.",openalex,llm,0.830,unreviewed,,doi:10.1016/s0304-3975(01)00359-0
discarded,Notes on Structured Programming,Edsger W. Dijkstra,1970,TU/e Research Portal,10.26153/tsw/53177,https://openalex.org/W1577384748,adjacent-subtopic,"On our inability to do much.I am fac ed with a b asic problem of presentati on.What I am reall y concerned about i s t he compo s ition of large pr og rams , the text of which may be, s a y , of t he s ame s ize as the who l e text of thi s booklet .Al so I have to include e xamples to illu s trate the various techniqu e s .For prac tical re as on s , the demon str ation programs mu st be smal l , many time s s maller than the "" l ife-size programs "" I have in mind.M y basi c probl e m i s that prec isel y this differen ce in scale is on e of the major sources of ou r difficulties in programming !It would be very nice if I cou ld illustrate the various techniqu es with small demo n stration programs a nd cou l d co nclude wit h H • • • and wh en faced with a program a thou san d time s as l arg e , you comJXlse it i n the same way .1IThi s common educ a t ional dev ic e , howe ve r, would be sel f-defeatin g as one of my cen tral theme s wi l l be that any two t hings that differ in some respe ct by a factor of already a hund re d or more, are utterly in compar able.Histo ry has s hown that this t ru t h is very hard to believe.Apparent ly we are t oo muc h train e d to di sreg ard diffe r ences in scale , to treat them as ""g radual di f fere nces that are not essential n .W e tell ourse lve s that what we can do once, we can also do twice and by induction we fool ours elves into believing that we can do it as man y t im es as needed , but this is just not t rue~ A fac tor of a thousand i s a l re ady fa r beyond our powers of imagination!Let me give you two examples to ru b this in.A one-year old child will crawl o n all fo urs with a speed of, say, on e mile per hou r .But a speed of a thousand mil es per hour i s that of a super s on i c jet. Con s ider ed as ob jects with moving abili ty the child and the jet are incomparable, for whatever one can do the other can not and viCE vers a. Also: one can close one' s eye s and imagine how it feels to be s tanding in an open place, a prairie or a sea s hare, while far away a big, reinless horse i s approaching at a gallop , one can ""s ee "" it approac hi ng and passing.To do the same wi t h a phalan x of a t hou s and of the s e big beas t s i s me ntal l y impo ss ible: your heart would miss a n umber of beats b y pure panic, if you could !To complicate matters stil l furt her, problems of si ze do not on ly cause me probl ems of pre s entation, but they lie at the heart of the subject: wide s pread",openalex,llm,0.980,unreviewed,,doi:10.26153/tsw/53177
