status,title,authors,year,venue,doi,url,tags,abstract,provider,decision_source,llm_confidence,llm_review_outcome,llm_change_direction,paper_id
discarded,BSDCE-IoV: Blockchain-Based Secure Data Collection and Exchange Scheme for IoV in 5G Environment,Sulaiman M. Karim; Adib Habbal; Shehzad Ashraf Chaudhry; Azeem Irshad,2023,IEEE Access,10.1109/access.2023.3265959,https://openalex.org/W4364321939,off-topic-false-hit,"The Internet of Vehicles (IoV) is a network that connects vehicles and their environment: in-built devices, pedestrians, and infrastructure through the Internet using heterogeneous access technologies. During communication between vehicles, roadside units, and control rooms, data confidentiality and privacy are critical issues that require effective measures. Several works have been proposed for securing IoV environments based on vehicles-to-infrastructure authentication; However, some schemes have security vulnerabilities, while others have shown efficiency issues. Due to its decentralization, stability, and transaction tracking capabilities, Blockchain as an emerging technology presents a potential solution for IoV security. This article provides an in-depth examination of the benefits of blockchain for a 5G-based IoV environment. In particular, we propose and evaluate a novel blockchain-based secure data exchange (BSDCE-IoV) scheme based on Elliptic Curve Cryptography algorithm. Our solution is designed to eliminate several potential attacks that pose a threat to the IoV environment. Deep examination using the Real-or-Random oracle model and Scyther tool, in addition to the informal security analysis, validates the scheme regarding security and privacy. The Multi-precision Integer and Rational Arithmetic Cryptographic Library (MIRACL) assesses the computational and communication overhead. Computational and communicative overheads were also evaluated using the Multi-precision Integer and Rational Arithmetic Cryptographic Library (MIRACL). BSDCE-IoV shows higher performance in terms of security, functionality, and time delay than a number of recent selective work in IoV security.",openalex,llm,0.990,unreviewed,,doi:10.1109/access.2023.3265959
discarded,Constructing strongly convex hulls using exact or rounded arithmetic,Zhenyu Li; Victor Milenkovic,1990,,10.1145/98524.98577,https://openalex.org/W2070790227,adjacent-subtopic,"One useful generalization of the convex hull of a set S of points is the ε-strongly convex δ-hull. It is defined to be a convex polygon Rgr; with vertices taken from S such that no point in S lies farther than δ outside Rgr; and such that even if the vertices of Rgr; are perturbed by as much as ε, Rgr; remains convex. It was an open question as to whether an ε-strongly convex Ο(ε)-hull existed for all positive ε. We give here an Ο(n log n) algorithm for constructing it (which thus proves its existence). This algorithm uses exact rational arithmetic. We also show how to construct an ε-strongly convex Ο(ε + μ)-hull in Ο(n log n) time using rounded arithmetic with rounding unit μ. This is the first rounded arithmetic convex hull algorithm which guarantees a convex output and which has error independent of n.",openalex,llm,0.950,unreviewed,,doi:10.1145/98524.98577
discarded,Computing sum of squares decompositions with rational coefficients,Helfried Peyrl; Pablo A. Parrilo,2008,Theoretical Computer Science,10.1016/j.tcs.2008.09.025,https://openalex.org/W1995320256,adjacent-subtopic,"Sum of squares (SOS) decompositions for nonnegative polynomials are usually computed numerically, using convex optimization solvers. Although the underlying floating point methods in principle allow for numerical approximations of arbitrary precision, the computed solutions will never be exact. In many applications such as geometric theorem proving, it is of interest to obtain solutions that can be exactly verified. In this paper, we present a numeric-symbolic method that exploits the efficiency of numerical techniques to obtain an approximate solution, which is then used as a starting point for the computation of an exact rational result. We show that under a strict feasibility assumption, an approximate solution of the semidefinite program is sufficient to obtain a rational decomposition, and quantify the relation between the numerical error versus the rounding tolerance needed. Furthermore, we present an implementation of our method for the computer algebra system Macaulay 2. (C) 2008 Elsevier B.V. All rights reserved.",openalex,llm,0.930,unreviewed,,doi:10.1016/j.tcs.2008.09.025
discarded,The CLP( ℛ ) language and system,Joxan Jaffar; Spiro Michaylov; Peter J. Stuckey; Roland H. C. Yap,1992,ACM Transactions on Programming Languages and Systems,10.1145/129393.129398,https://openalex.org/W2060498389,adjacent-subtopic,"The CLP( ℛ ) programming language is defined, its underlying philosophy and programming methodology are discussed, important implementation issues are explored in detail, and finally, a prototype interpreter is described. CLP( ℛ ) is designed to be an instance of the Constraint Logic Programming Scheme, a family of rule-based constraint programming languages defined by Jaffar and Lassez. The domain of computation ℛ of this particular instance is the algebraic structure consisting of uninterpreted functors over real numbers. An important property of CLP( ℛ )is that the constraints are treated uniformly in the sense that they are used to specify the input parameters to a program, they are the only primitives used in the execution of a program, and they are used to describe the output of a program. Implementation of a CLP language, and of CLP( ℛ ) in particular, raises new problems in the design of a constraint-solver. For example, the constraint solver must be incremental in the sense that solving additional constraints must not entail the resolving of old constraints. In our system, constraints are filtered through an inference engine, an engine/solver interface, an equation solver and an inequality solver. This sequence of modules reflects a classification and prioritization of the classes of constraints. Modules solving higher priority constraints are isolated from the complexities of modules solving lower priority constraints. This multiple-phase solving of constraints, together with a set of associated algorithms, gives rise to a practical system.",openalex,llm,0.950,unreviewed,,doi:10.1145/129393.129398
kept,A rational arithmetic processor,Mary Jane Irwin; Dwight R. Smith,1981,1981 IEEE 5th Symposium on Computer Arithmetic (ARITH),10.1109/ARITH.1981.6159277,https://ieeexplore.ieee.org/document/6159277/,supports-claim; rational-canonical,An arithmetic processor based upon a rational representation scheme is examined. The key feature of this rational processor is its ability to efficiently reduce a result ratio to its irreducible form (the greatest common divisor of the numerator and denominator is unity). The reduction algorithm presented generates the reduced ratio in parallel with the evaluation of the ratio's greatest common divisor. Hardware designs for the reduction algorithm and the basic arithmetic operations are given.,ieee,llm_reviewed,0.990,confirmed,,doi:10.1109/arith.1981.6159277
discarded,A feasibility analysis of fixed-slash rational arithmetic,Peter Kornerup; David W. Matula,1978,1978 IEEE 4th Symposium onomputer Arithmetic (ARITH),10.1109/ARITH.1978.6155784,https://ieeexplore.ieee.org/document/6155784/,adjacent-subtopic,An investigation of the feasibility of a finite precision approximate rational arithmetic based on fixed-slash representation of rational numbers is presented. Worst-case and average-case complexity analyses of the involved rounding algorithm (an extended shift-subtract gcd algorithm) are presented. The results are applied to a proposed hardware realization of a fixed-slash arithmetic unit.,ieee,llm,0.820,unreviewed,,doi:10.1109/arith.1978.6155784
discarded,Finite Precision Rational Arithmetic: An Arithmetic Unit,Kornerup; Matula,1983,IEEE Transactions on Computers,10.1109/TC.1983.1676239,https://ieeexplore.ieee.org/document/1676239/,adjacent-subtopic,"The foundations of an arithmetic unit performing the add, subtract, multiply, and divide operations on rational operands are developed. The unit uses the classical Euclidean algorithm as one unified algorithm for all the arithmetic operations, including rounding. Binary implementations are discussed, based on techniques known from SRT division, and utilizing ripple-free borrow-save and carry-save addition. Average time behavior is investigated.",ieee,llm,0.870,unreviewed,,doi:10.1109/tc.1983.1676239
discarded,An integrated rational arithmetic unit,Peter Kornerup; David W. Matula,1981,1981 IEEE 5th Symposium on Computer Arithmetic (ARITH),10.1109/ARITH.1981.6159280,https://ieeexplore.ieee.org/document/6159280/,adjacent-subtopic,"Based on the classical Euclidian Algorithm, we develop the foundations of an arithmetic unit performing Add, Subtract, Multiply and Divide on rational operands. The unit uses one unified algorithm for all operations, including rounding. A binary implementation, based on techniques known from the SRT division, is described. Finally, a hardware implementation using ripple-free, carry-save addition is analyzed, and adapted to a floating-slash representation of the rational operands.",ieee,llm,0.870,unreviewed,,doi:10.1109/arith.1981.6159280
discarded,Two Minimal Problems for Cameras with Radial Distortion,Zuzana Kukelova; Tomas Pajdla,2007,2007 IEEE 11th International Conference on Computer Vision,10.1109/ICCV.2007.4409190,https://ieeexplore.ieee.org/document/4409190/,adjacent-subtopic,"Epipolar geometry and relative camera pose computation for uncalibrated cameras with radial distortion has recently been formulated as a minimal problem and successfully solved in floating point arithmetics. The singularity of the fundamental matrix has been used to reduce the minimal number of points to eight. It was assumed that the cameras were not calibrated but had same distortions. In this paper we formulate two new minimal problems for estimating epipolar geometry of cameras with radial distortion. First we present a minimal algorithm for partially calibrated cameras with same radial distortion. Using the trace constraint which holds for the epipolar geometry of calibrated cameras to reduce the number of necessary points from eight to six. We demonstrate that the problem is solvable in exact rational arithmetics. Secondly, we present a minimal algorithm for uncalibrated cameras with different radial distortions. We show that the problem can be solved using nine points in two views by manipulating polynomials by a sequence of Gauss-Jordan eliminations in exact rational arithmetics. We demonstrate the algorithms on synthetic and real data.",ieee,llm,0.960,unreviewed,,doi:10.1109/iccv.2007.4409190
discarded,Combining Precision Boosting with LP Iterative Refinement for Exact Linear Optimization,"Eifler, Leon; Nicolas-Thouvenin, Jules; Gleixner, Ambros",2025,INFORMS JOURNAL ON COMPUTING,10.1287/ijoc.2023.0409,https://www.webofscience.com/wos/woscc/full-record/WOS:001552936000009,adjacent-subtopic,"This article studies a combination of the two state-of-the-art algorithms for the exact solution of linear programs (LPs) over the rational numbers in practice, that is, without any roundoff errors or numerical tolerances. By integrating the method of precision boosting inside an LP iterative refinement loop, the combined algorithm is able to leverage the strengths of both methods: the speed of LP iterative refinement, in particular, in the majority of cases when a double-precision floating-point solver is able to compute approximate solutions with small errors, and the robustness of precision boosting whenever extended levels of precision become necessary. We compare the practical performance of the resulting algorithm with both pure methods on a large set of LPs and mixed-integer programs (MIPs). The results show that the combined algorithm solves more instances than a pure LP iterative refinement approach while being faster than pure precision boosting. When embedded in an exact branch-and-cut framework for MIPs, the combined algorithm is able to reduce the number of failed calls to the exact LP solver to zero while maintaining the speed of the pure LP iterative refinement approach.",wos,llm,0.950,unreviewed,,doi:10.1287/ijoc.2023.0409
discarded,Population-Based Algorithms Built on Weighted Automata,"Schroder, Gijs; Wortel, Inge; Textor, Johannes",2024,"PARALLEL PROBLEM SOLVING FROM NATURE-PSN XVIII, PPSN 2024, PT III",10.1007/978-3-031-70071-2_20,https://www.webofscience.com/wos/woscc/full-record/WOS:001313631000020,adjacent-subtopic,"Many algorithms in natural computing and computational biology are population-based: genetic algorithms evolve candidate solutions for optimization problems; artificial immune systems and learning classifier systems maintain populations of rules. Using such algorithms at very large population sizes (e.g., millions or billions) is computationally expensive. Here, we develop a methodology for implementing population-based models using weighted finite state machines (WFSMs) with exact rational weights. For populations that can be represented as weighted sets of strings, WFSMs can reduce memory use and runtime of population-based algorithms by orders of magnitude. We demonstrate the generality of our approach by constructing an immune-inspired anomaly detector for string data and an evolutionary algorithm that solves Boolean satisfiability problems. The WFSM approach allows repurposing of advanced algorithms developed for natural language processing, and should be applicable to other population-based algorithms such as learning classifier systems.",wos,llm,0.940,unreviewed,,doi:10.1007/978-3-031-70071-2_20
discarded,A smart contract-based robotic surgery authentication system for healthcare using 6G-Tactile Internet,"Kumar, Neeraj; Ali, Rifaqat",2024,COMPUTER NETWORKS,10.1016/j.comnet.2023.110133,https://www.webofscience.com/wos/woscc/full-record/WOS:001135504900001,off-topic-false-hit,"An intelligent robotic surgical system, utilizing the capabilities of 6G-enabled Tactile Internet (TI) and blockchain technology, holds remarkable promise for providing remote healthcare services in real-time. This system has the potential to deliver high-quality and reliable healthcare services with a focus on responsiveness. It holds considerable benefits for society, particularly in terms of achieving exceptionally accurate surgical diagnoses. Yet, contemporary robotic surgery systems face challenges such as security, privacy, reliability, latency, and the costly implications of blockchain-based storage. These issues curtail the immediate global implementation of tactile internet in surgical procedures. In order to address the previously mentioned concerns, we present a new solution referred to as ""A Smart Contract-Based Robotic Surgery Authentication System for Healthcare Using 6G-Tactile Internet"". It is an innovative framework for intelligent and blockchain-driven tactile internet. By incorporating a smart contract, we aim to effectively tackle the challenges associated with security, privacy, and the transparency. The introduced approach also effectively thwarts the implementation of malicious commands that might be transmitted by an unauthorized individual. The utilization of the 6G communication channel substantially reduces the latency challenges associated with exchanging surgical commands. The security of the suggested protocol is formally showcased through the utilization of the Real-Or-Random Oracle (ROR) model and Scyther simulation tool. Furthermore, an informal security analysis is conducted to validate and support the findings from the formal security analyses. We conduct simulations of the proposed protocol utilizing the Multi-precision Integer and Rational Arithmetic Cryptographic Library (MIRACL). Moreover, the performance and comparative analysis illustrate that the presented solution outperforms currently existing approaches.",wos,llm,0.990,unreviewed,,doi:10.1016/j.comnet.2023.110133
discarded,Exact Matrix Factorization Updates for Nonlinear Programming,"Escobedo, Adolfo R.",2023,INFORMS JOURNAL ON COMPUTING,,https://www.webofscience.com/wos/woscc/full-record/WOS:001067976600002,adjacent-subtopic,"LU and Cholesky matrix factorization algorithms are core subroutines used to solve systems of linear equations (SLEs) encountered when solving an optimization problem. Standard floating-point algorithms are highly efficient but remain susceptible to the accumulation of round-off errors, which can lead solvers to return feasibility and optimality claims that are actually invalid. This paper introduces a novel direct solution approach for solving sequences of closely related SLEs encountered in nonlinear programming efficiently and without round-off errors. Specifically, it introduces rank-one update algorithms for the round-off error-free factorization framework, a tool set built on integer-preserving arithmetic that has led to the development and implementation of extremely reliable subroutines for solving SLEs occurring in linear programming. The formal guarantees of the presented algorithms are established through the derivation of theoretical insights. Their advantages are supported with computational experiments, which demonstrate upward of 75x improvements over exact factorization runtimes on fully dense matrices with more than one million entries. A significant advantage of the featured integer-preserving framework is that the length of any matrix coefficient produced by its algorithms is bounded polynomially in the size of the inputs without having to resort to greatest common divisor operations, which are required by and thereby hinder an efficient implementation of exact rational arithmetic approaches.",wos,llm,0.940,unreviewed,,hash:fb8c5a21acb29a24
discarded,Certifying solutions to overdetermined and singular polynomial systems over Q,"Akoglu, Tulay Ayyildiz; Hauenstein, Jonathan D.; Szanto, Agnes",2018,JOURNAL OF SYMBOLIC COMPUTATION,10.1016/j.jsc.2017.03.004,https://www.webofscience.com/wos/woscc/full-record/WOS:000413282200008,adjacent-subtopic,"This paper is concerned with certifying that a given point is near an exact root of an overdetermined or singular polynomial system with rational coefficients. The difficulty lies in the fact that consistency of overdetermined systems is not a continuous property. Our certification is based on hybrid symbolic-numeric methods to compute an exact rational univariate representation (RUR) of a component of the input system from approximate roots. For overdetermined polynomial systems with simple roots, we compute an initial RUR from approximate roots. The accuracy of the RUR is increased via Newton iterations until the exact RUR is found, which we certify using exact arithmetic. Since the RUR is well-constrained, we can use it to certify the given approximate roots using a-theory. To certify isolated singular roots, we use a determinantal form of the isosingular deflation, which adds new polynomials to the original system without introducing new variables. The resulting polynomial system is overdetermined, but the roots are now simple, thereby reducing the problem to the overdetermined case. We prove that our algorithms have complexity that are polynomial in the input plus the output size upon successful convergence, and we use worst case upper bounds for termination when our iteration does not converge to an exact RUR. Examples are included to demonstrate the approach. (C) 2017 Elsevier Ltd. All rights",wos,llm,0.910,unreviewed,,doi:10.1016/j.jsc.2017.03.004
