status,title,authors,year,venue,doi,url,tags,abstract,provider,decision_source,llm_confidence,llm_review_outcome,llm_change_direction,paper_id
discarded,Optimized decision delays in finite-length MIMO DFE,Hai Huyen Dam.; S. Nordholm; G. Day,2005,IEEE Signal Processing Letters,10.1109/LSP.2005.845591,https://ieeexplore.ieee.org/document/1420348/,off-topic-false-hit,"Finite-length multiple-input multiple-output (MIMO) decision feedback equalizers (DFEs) that optimize the decision delays are investigated herein. The mean square error (MSE) of each output with respect to the decision delays is derived to form the basis of the optimization cost function. A genetic algorithm (GA) is implemented to reduce the computational burden of the search. Simulation results show that the GA successfully tracks the optimum decision delays with only a fraction of the computational complexity of the global search. Moreover, the use of optimized decision delays in the MIMO DFE for simulated fading MIMO channels provides an average improvement of 4.1 dB for the combined output MSE.",ieee,llm,0.990,unreviewed,,doi:10.1109/lsp.2005.845591
discarded,Delay-dependent synchronization stability for delayed complex dynamical networks with stochastic coupling,Li Hongjie,2012,Proceedings of the 31st Chinese Control Conference,,https://ieeexplore.ieee.org/document/6390101/,off-topic-false-hit,"The synchronization stability problem is investigated for a class of stochastic complex dynamical network with time delay. In order to reduce the conservatism, the delay is divided into several segments, by employing a novel delay-segment-dependent Lyapunov functional, some new delay-dependent synchronization stability conditions are derived in terms of linear matrix inequalities, which can be solved efficiently by the LMI toolbox. This new criteria based on a delay fractioning approach can reduce the conservation as the delay fractioning number increases. A numerical example is provided to show the advantage of the proposed techniques.",ieee,llm,0.990,unreviewed,,hash:f971183f78787a67
discarded,Optimal-Cost Reachability Analysis Based on Time Petri Nets,Hanifa Boucheneb; Didier Lime; Olivier H. Roux; Charlotte Seidner,2018,2018 18th International Conference on Application of Concurrency to System Design (ACSD),10.1109/ACSD.2018.000-1,https://ieeexplore.ieee.org/document/8542124/,adjacent-subtopic,"This paper investigates the optimal-cost reachability problem in the context of time Petri nets, where a rate cost is associated with each place. This problem consists in deciding whether or not a given goal marking is reachable and providing, in case it is reachable, a sequence leading at lower cost to the goal marking. This paper shows that for some subclasses of cost time Petri nets, the optimal-cost reachability problem can be solved more efficiently using a method based on the state classes, without resorting to linear programming or splitting state classes.",ieee,llm,0.980,unreviewed,,doi:10.1109/acsd.2018.000-1
discarded,Parallel test reduces cost of test more effectively than just a cheap tester,J. Rivoir,2004,IEEE/CPMT/SEMI 29th International Electronics Manufacturing Technology Symposium (IEEE Cat. No.04CH37585),10.1109/IEMT.2004.1321674,https://ieeexplore.ieee.org/document/1321674/,adjacent-subtopic,"Today's manufacturers of high-volume consumer devices are under tremendous cost pressure and consequently under extreme pressure to reduce cost of test. Low-cost ATE has often been promoted as the obvious solution. Parallel test is another well-known approach, where multiple devices are tested in parallel (multi-site test) and/or multiple blocks within one device are tested in parallel (concurrent test). This paper shows quantitatively that parallel test is a much effective test cost reduction method than low-cost ATE, because it reduces all test cost contributors, not only capital cost of ATE. It also shows that the optimum number of sites is relatively insensitive to ATE capital cost, operating cost, yield, and various limiting factors, but the cost benefits diminish fast, if limited independent ATE resources reduce the degree of parallelism and force a partially sequential test.",ieee,llm,0.990,unreviewed,,doi:10.1109/iemt.2004.1321674
discarded,Fractional delay compensation in digital predistortion system,Hao Huang; Hua Qian; Hui Xu; Xiaotao Wang,2012,"2012 IEEE International Conference on Acoustics, Speech and Signal Processing (ICASSP)",10.1109/ICASSP.2012.6288687,https://ieeexplore.ieee.org/document/6288687/,off-topic-false-hit,"Delay mismatch between the input and output signals of power amplifiers (PAs) may lead to an erroneous assumption of memory effects. In adaptive digital predistortion (DPD) system, the delay mismatch affects the accuracy of coefficients estimation and degrades performance of the DPD system. In this paper, we reveal the impact of fractional delay mismatch, and analyze the relationship between delay mismatch and memory effects. The fractional delay compensation helps to reduce or eliminate the delay mismatch. Benefits of fractional delay compensation are provided through numerical analysis and experimental results.",ieee,llm,0.990,unreviewed,,doi:10.1109/icassp.2012.6288687
discarded,Design and Verification of a Fractional Delay Implementation Scheme for Wireless Communication Channel Simulation,Kai Han; Lv Ping; Ting Chen; Rui Cao; Zhaohui Wang; Yixin You,2025,"2025 International Conference on Signal Processing, Computer Networks and Communications (SPCNC)",10.1109/SPCNC68200.2025.11406598,https://ieeexplore.ieee.org/document/11406598/,off-topic-false-hit,"Channel simulation is a key link in the design and testing of wireless communication systems, and accurate multipath delay control directly affects the authenticity of simulation results. Traditional integer delay implementation (based on shift registers or circular buffers) cannot meet the demand for non-integer sampling period delay in complex channels, leading to phase distortion of high-frequency signals. To solve this problem, this paper has two core contributions: (1) A low-resource linear interpolation design is adopted for the fractional delay module, which only requires 2 multipliers and 1 adder, significantly reducing hardware resource consumption compared with state-of-the-art methods. (2) The scheme balances resource efficiency and delay accuracy, and is suitable for real-time wireless channel simulation scenarios. Experimental results show that it has low hardware resource consumption and high delay accuracy (the delay error is less than 0.05 sampling periods for narrowband signals and less than 0.1 sampling periods for wideband signals), with signal distortion degree (evaluated by EVM) less than $3 \%$, which can effectively simulate the multipath channel characteristics of wireless communication systems.",ieee,llm,0.990,unreviewed,,doi:10.1109/spcnc68200.2025.11406598
discarded,Optimization and Feasibility Analysis of a Grid-Connected Hybrid Renewable Microgrid for Cost and Emission Reduction in Bangladesh,Rasel Islam; Md Abu Yousuf; M Shaharyar Alam; MD. Asraful Mursalin Jesun; Md. Mehedi Hasan,2026,"2026 International Conference on Power, Electronics, Communications, Computing, and Intelligent Infrastructure (PECCII)",10.1109/PECCII70991.2026.11661851,https://ieeexplore.ieee.org/document/11661851/,off-topic-false-hit,"The increasing demand for sustainable and reliable energy systems has accelerated the integration of renewable energy technologies to reduce fossil fuel dependency and grid instability. This paper presents the design and techno-economic optimization of a grid-connected PV–Wind–Battery Energy Storage System microgrid for an educational institution in Bangladesh. The proposed system is modelled and optimized using HOMER Pro to evaluate its economic, environmental and operational performance. Simulation results indicate that the optimized hybrid microgrid reduces the Net Present Cost by 65% to $45,085 and the Cost of Energy by 75% to $0.0246/kWh compared to the existing grid-only system. The proposed system achieves an 84% renewable energy fraction and decreases annual CO2 emissions by 75.3%. Furthermore, sensitivity analysis with ±40% variation in key technical and economic parameters confirms the robustness and financial viability of the proposed system. The findings demonstrate that grid-connected hybrid microgrids provide a cost-effective, reliable, and sustainable solution for institutional energy management in Bangladesh.",ieee,llm,1.000,unreviewed,,doi:10.1109/peccii70991.2026.11661851
discarded,Performance of non-delay-line constant-fraction discriminator timing circuits,D.M. Binkley,1994,IEEE Transactions on Nuclear Science,10.1109/23.322878,https://ieeexplore.ieee.org/document/322878/,off-topic-false-hit,"The delay line in the constant-fraction discriminator (CFD) can be replaced with circuit networks to permit monolithic fabrication. The previously reported non-delay-line CFD utilizing a single-pole highpass filter is reviewed, followed by a presentation of non-delay-line circuits utilizing Gaussian lowpass filters. Circuit response for non-delay-line CFDs utilizing single-pole highpass or single-pole lowpass filters is shown to be equivalent. However, timing-signal underdrive and zero-crossing slope are increased and timing jitter reduced when higher-order lowpass filters are used. Comparisons of non-delay-line and delay-line CFD circuit timing performance are presented for lowpass-filtered step inputs representative of scintillation detector signals. Timing resolution of non-delay-line and delay-line CFDs is compared for BGO/photomultiplier scintillation detector applications. Monte Carlo simulations indicate that comparable timing resolution is available with proper selection of non-delay-line CFD filter time-constants. A fully-monolithic CMOS, non-delay-line CFD was fabricated to experimentally validate timing resolution. The measured timing resolution of 3.26 ns FWHM and 6.5 ns FWTM is in good agreement with measured resolution of 3.30 ns FWHM and 6.4 ns FWTM for a standard delay-line CFD circuit.<>",ieee,llm,0.990,unreviewed,,doi:10.1109/23.322878
discarded,Application of Compensating Conductors to Reduce the Impact of Magnetic Field from the Power Lines on the Main Pipelines,Julia V. Mokrousova; Alexander A. Myulbaer,2018,2018 XIV International Scientific-Technical Conference on Actual Problems of Electronics Instrument Engineering (APEIE),10.1109/APEIE.2018.8545486,https://ieeexplore.ieee.org/document/8545486/,off-topic-false-hit,"The paper touches upon the problem of protection of pipeline systems for transportation of raw materials from the destructive effect of the voltage induced by the overhead AC power transmission lines. The authors propose a new method of reducing the negative impact of the overhead power transmission lines, i.e. application of compensating conductor, which is quite effective and does not require special technical control being an economical way of pipelines protection. The method of increasing the efficiency of compensating conductor application is also suggested.",ieee,llm,1.000,unreviewed,,doi:10.1109/apeie.2018.8545486
discarded,New Delay-Dependent Exponential Stability for Neural Networks With Time Delay,Shaoshuai Mou; Huijun Gao; Wenyi Qiang; Ke Chen,2008,"IEEE Transactions on Systems, Man, and Cybernetics, Part B (Cybernetics)",10.1109/TSMCB.2007.913124,https://ieeexplore.ieee.org/document/4436071/,off-topic-false-hit,"In this correspondence, the problem of exponential stability for neural networks with time delay is investigated. By introducing a novel Lyapunov-Krasovskii functional with the idea of delay fractioning, a new criterion of exponential stability is derived and then formulated in terms of a linear matrix inequality. This new criterion proves to be much less conservative than the most recent result, and the conservatism can be notably reduced as the fractioning goes thinner. An example is provided to demonstrate the advantage of the proposed result.",ieee,llm,0.990,unreviewed,,doi:10.1109/tsmcb.2007.913124
discarded,Delay macromodels for point-to-point MCM interconnections,A.I. Kayssi; K.A. Sakallah,1994,"IEEE Transactions on Components, Packaging, and Manufacturing Technology: Part B",10.1109/96.330436,https://ieeexplore.ieee.org/document/330436/,off-topic-false-hit,"We develop delay macromodels for lossless as well as lossy point-to-point MCM transmission lines using a systematic model construction procedure that includes dimensional analysis. The result for lossless lines confirms earlier work and extends it to the case of nonlinear drivers and capacitive termination. For lossy lines, we show that dimensional analysis allows us to reduce the complexity of the delay expression without any loss in accuracy. A second-order polynomial fit to a four-argument delay function is shown to yield predictions that are within 5% of detailed circuit simulation at a fraction of the computational cost. We illustrate the applications of these macromodels in studying the effects of packaging technology on signal delay and in sensitivity analysis.<>",ieee,llm,0.990,unreviewed,,doi:10.1109/96.330436
discarded,On the overhead-delay tradeoff in carrier sense collision channels,Ahmad Khoshnevis; Ashutosh Sabharwal,2005,"Proceedings. International Symposium on Information Theory, 2005. ISIT 2005.",10.1109/ISIT.2005.1523719,https://ieeexplore.ieee.org/document/1523719/,off-topic-false-hit,"In this paper, we study the impact of delay constraints on the throughput of a queued multiple-access system. We model the channel as a collision channel with carrier sense to capture the inherent information sharing due to broadcast nature of the wireless channels. Since the queue state information is unknown to other nodes and a delay-bounded communication is desired, we show that a fraction of throughput is lost as protocol overhead. More importantly, we show that there is a tradeoff between protocol overhead and queuing delay; larger delays allowing smaller overheads. In addition, we show that larger network loads can also be used to reduce protocol overhead, which is in direct contrast of the behavior exhibited by commonly used medium access protocols",ieee,llm,1.000,unreviewed,,doi:10.1109/isit.2005.1523719
discarded,Reducing Communication Overhead of Key Distribution Schemes for Wireless Sensor Networks,E.C. Park; I.F. Blake,2007,2007 16th International Conference on Computer Communications and Networks,10.1109/ICCCN.2007.4318008,https://ieeexplore.ieee.org/document/4318008/,off-topic-false-hit,"Establishing a secure communication link in a wireless sensor network is a challenging task due to resource limitation and wireless nature of transmission. A symmetric key distribution is a practical and efficient solution which has been studied extensively [4][5][6][7][9][11]. A secure communication link is established between sensors that hold common keys, which are discovered by each node broadcasting the key identifiers of its key ring. We make modifications to existing schemes to reduce communication overhead during the key discovery phase. This is achieved without weakening network connectivity or system resiliency against key compromise. We also introduce families of new deterministic key distribution schemes with low-communication overhead.",ieee,llm,0.990,unreviewed,,doi:10.1109/icccn.2007.4318008
discarded,CFD Analysis Of Hydrodynamics And Oil-Water Separation In Surface-Enhanced Quartz Granular Filtration Systems,"Ramanamane, Nthabiseng",2026,JOURNAL OF APPLIED SCIENCE AND ENGINEERING,10.6180/jase.202612_35.038,https://www.webofscience.com/wos/woscc/full-record/WOS:001886096200010,off-topic-false-hit,"Understanding hydrodynamic behaviour within granular filtration systems is critical for optimizing oil-water separation performance. This study presents a computational fluid dynamics (CFD) analysis of flow characteristics and multiphase interactions in surface-enhanced quartz granular filtration systems. The model is developed based on the Navier-Stokes equations coupled with a Volume of Fluid (VOF) approach and a porous media framework to simulate the transport and separation of oil-water mixtures under varying operating conditions. The simulation results reveal that flow within the granular bed is inherently non-uniform, with localized high-velocity regions near the inlet reducing residence time and limiting effective separation. In contrast, reduced velocities along the filtration bed enhance fluid-surface interaction, promoting improved oil removal. The CFD results, interpreted in conjunction with experimentally validated wettability data, indicate that surface-enhanced quartz promotes improved fluid-surface interaction and enhanced separation performance. The pressure distribution indicates a gradual pressure drop along the bed height, consistent with porous media flow behaviour and indicative of stable, energy-efficient operation. The oil volume fraction analysis further confirms progressive phase separation, with significant reduction in oil concentration along the flow path. The findings highlight the critical role of hydrodynamic conditions and surface engineering in governing oil-water separation efficiency. This study provides a CFD-based framework for understanding internal flow mechanisms and supports the design and optimization of cost-effective, scalable, and energy-efficient granular filtration systems for industrial wastewater treatment.",wos,llm,1.000,unreviewed,,doi:10.6180/jase.202612_35.038
discarded,FDASR-PINNs: A feature-enhanced dual-head physics-informed neural network for sparse-data liquid hydrogen dispersion prediction,"Wang, Chengyang; Jiang, Shangfeng; Tao, Ting; Zhao, Shichang; Xie, An; Zeng, Sheng",2026,ENERGY AND AI,10.1016/j.egyai.2026.100913,https://www.webofscience.com/wos/woscc/full-record/WOS:001886609400001,off-topic-false-hit,"Liquid hydrogen (LH2) leakage produces cryogenic plumes with sharp, coupled concentration and temperature gradients that are difficult to reconstruct from sparse observations. High-fidelity computational fluid dynamics (CFD) remains computationally expensive for transient consequence analysis, and a standard physics-informed neural network (PINN) struggles with multiscale structures, coupled outputs, imbalanced constraints, and evolving high-residual regions. This study develops a feature-enhanced dual-head physics-informed neural network with adaptive weighting, staged training and residual refinement (FDASR-PINNs) to reconstruct coupled multiscale concentration-temperature fields in a reduced two-dimensional center-plane setting. Fourier/radialbasis-function (RBF) feature lifting improves the representation of sharp plume structures, while separate physics-constrained output heads reconstruct hydrogen mass fraction and temperature. Adaptive loss weighting, staged Adam/L-BFGS training, and residual-based resampling stabilize optimization under sparse supervision. The model is evaluated against CFD-derived no-wind and wind benchmarks using 10-50 % of the training data. With 10% of the training data, FDASR-PINNs achieves a wind-case temperature root-mean-square error (RMSE) of 37.7 K, compared with 48.2 K for a standard PINN and 47.7 K for a data-only deep neural network (DNN). In the no-wind concentration case, the RMSE is 3.89 & times;10-2, compared with 4.15 & times;10-2 for the standard PINN and 4.88 & times;10-2 for the DNN. The results support CFD-benchmark screening for unobstructed, approximately symmetric, near-ground releases during the simulated interval, but they do not establish performance for threedimensional, multiphase, obstacle-dominated, or experimentally measured releases.",wos,llm,1.000,unreviewed,,doi:10.1016/j.egyai.2026.100913
