status,title,authors,year,venue,doi,url,tags,abstract,provider,decision_source,llm_confidence,llm_review_outcome,llm_change_direction,paper_id
discarded,An Improved Generator for 3-CNF Formulas,"Uvarov, S., I",2020,AUTOMATION AND REMOTE CONTROL,10.1134/S0005117920010117,https://www.webofscience.com/wos/woscc/full-record/WOS:000516566600011,adjacent-subtopic,"We consider the satisfiability problem (SAT) for Boolean formulas given in conjunctive normal form with the restriction that each clause contains three literals (3-CNF). Generation of random formulas with a fixed clause length is widely used in empirical studies. An interesting phenomenon of this method is the repeatedly confirmed linear dependence of the number of clauses in the formula on the number of Boolean variables at the point of the ""phase transition"" from satisfiable to unsatisfiable formulas (when the fraction of unsatisfiable formulas becomes prevailing). We propose and study a method for generating random formulas that has a smaller coefficient (3.49) of proportionality between the number of clauses and the number of variables at the point of the ""phase transition"" (for the previously known generation method this coefficient is 4.23).",wos,llm,0.990,unreviewed,,doi:10.1134/s0005117920010117
discarded,A note on generalized companion pencils in the monomial basis,"De Teran, Fernando; Hernando, Carla",2020,REVISTA DE LA REAL ACADEMIA DE CIENCIAS EXACTAS FISICAS Y NATURALES SERIE A-MATEMATICAS,10.1007/s13398-019-00760-y,https://www.webofscience.com/wos/woscc/full-record/WOS:000501312000001,off-topic-false-hit,"In this paper, we introduce a new notion of generalized companion pencils for scalar polynomials over an arbitrary field expressed in the monomial basis. Our definition is quite general and extends the notions of companion pencil in De Teran et al. (Linear Algebra Appl 459:264-333, 2014), generalized companion matrix in Garnett et al. (Linear Algebra Appl 498:360-365, 2016), and Ma-Zhan companion matrices in Ma and Zhan (Linear Algebra Appl 438: 621-625, 2013), as well as the class of quasi-sparse companion pencils introduced in De Teran and Hernando (INdAM Series, Springer, Berlin, pp 157-179, 2019). We analyze some algebraic properties of generalized companion pencils. We determine their Smith canonical form and we prove that they are all nonderogatory. In the last part of the work we will pay attention to the sparsity of these constructions. In particular, by imposing some natural conditions on its entries, we determine the smallest number of nonzero entries of a generalized companion pencil.",wos,llm,0.960,unreviewed,,doi:10.1007/s13398-019-00760-y
discarded,Semi-analytic Computations of the Speed of Arnold Diffusion Along Single Resonances in A Priori Stable Hamiltonian Systems,"Guzzo, Massimiliano; Efthymiopoulos, Christos; Paez, Rocio I.",2020,JOURNAL OF NONLINEAR SCIENCE,10.1007/s00332-019-09594-9,https://www.webofscience.com/wos/woscc/full-record/WOS:000495740100001,off-topic-false-hit,"Cornerstone models of physics, from the semi-classical mechanics in atomic and molecular physics to planetary systems, are represented by quasi-integrable Hamiltonian systems. Since Arnold's example, the long-term diffusion in Hamiltonian systems with more than two degrees of freedom has been represented as a slow diffusion within the 'Arnold web,' an intricate web formed by chaotic trajectories. With modern computers it became possible to perform numerical integrations which reveal this phenomenon for moderately small perturbations. Here we provide a semi-analytic model which predicts the extremely slow-time evolution of the action variables along the resonances of multiplicity one. We base our model on two concepts: (i) by considering a (quasi-)stationary-phase approach to the analysis of the Nekhoroshev normal form, we demonstrate that only a small fraction of the terms of the associated optimal remainder provide meaningful contributions to the evolution of the action variables. (ii) We provide rigorous analytical approximations to the Melnikov integrals of terms with stationary or quasi-stationary phase. Applying our model to an example of three degrees of freedom steep Hamiltonian provides the speed of Arnold diffusion, as well as a precise representation of the evolution of the action variables, in very good agreement (over several orders of magnitude) with the numerically computed one.",wos,llm,0.990,unreviewed,,doi:10.1007/s00332-019-09594-9
discarded,Learning Deviation Payoffs in Simulation-Based Games,"Sokota, Samuel; Ho, Caleb; Wiedenbeck, Bryce",2019,THIRTY-THIRD AAAI CONFERENCE ON ARTIFICIAL INTELLIGENCE / THIRTY-FIRST INNOVATIVE APPLICATIONS OF ARTIFICIAL INTELLIGENCE CONFERENCE / NINTH AAAI SYMPOSIUM ON EDUCATIONAL ADVANCES IN ARTIFICIAL INTELLIGENCE,,https://www.webofscience.com/wos/woscc/full-record/WOS:000485292602024,adjacent-subtopic,"We present a novel approach for identifying approximate role-symmetric Nash equilibria in large simulation-based games. Our method uses neural networks to learn a mapping from mixed-strategy profiles to deviation payoffs-the expected values of playing pure-strategy deviations from those profiles. This learning can generalize from data about a tiny fraction of a game's outcomes, permitting tractable analysis of exponentially large normal-form games. We give a procedure for iteratively refining the learned model with new data produced by sampling in the neighborhood of each candidate Nash equilibrium. Relative to the existing state of the art, deviation payoff learning dramatically simplifies the task of computing equilibria and more effectively addresses player asymmetries. We demonstrate empirically that deviation payoff learning identifies better approximate equilibria than previous methods and can handle more difficult settings, including games with many more players, strategies, and roles.",wos,llm,0.970,unreviewed,,hash:772814d153b86d94
discarded,Analytic matrix descriptions with application to time-delay systems,R. Alam,2026,Linear Algebra and Its Applications,10.1016/j.laa.2026.08.038,https://www.scopus.com/inward/record.uri?partnerID=HzOxMe3b&scp=105050483039&origin=inward,off-topic-false-hit,"A polynomial matrix description(PMD) of a rational matrix G(lambda) is a matrix polynomial of the form

P(lambda) := [A(lambda) vertical bar B(lambda)/-C(lambda)vertical bar D(lambda)

such that G(lambda) = D(lambda) + C(lambda)A(lambda)B-1(lambda),

where A(lambda) is regular and called the state matrix. PMDs have been studied extensively in the context of higher order linear time-invariant systems. An analytic matrix description(AMD) of a meromorphic matrix M(lambda) is a holomorphic matrix (i.e., a holomorphic matrix-valued function) of the form

H(lambda) := [A(lambda) vertical bar B(lambda)/-C(lambda)vertical bar D(lambda)

such that M(lambda) = D(lambda) + C(lambda)A(lambda)B-1(lambda),

where A(lambda) is regular and called the state matrix. AMDs arise in the study of linear time-invariant time-delay systems (TDS). Our aim is to develop a framework for analysis of AMDs analogous to the framework for PMDs and discuss the extent to which results of PMDs can be generalized to AMDs. We show that important results (e.g., coprime matrix-fraction descriptions (MFDs), solution of linear Diophantine equations, least order PMDs, equivalence of PMDs, canonical forms, characterization of PMDs by transfer functions, structural indices of zeros and poles) which hold for PMDs can be generalized to AMDs. We show that AMDs provide a natural framework for analyzing system properties such as spectral controllability and spectral observability of linear time-invariant time-delay systems. We also show that system properties of time-delay systems can be analyzed in exactly the same way as those of their delay-free counterparts. (c) 2026 Elsevier Inc. All rights are reserved, including those for text and data mining, AI training, and similar technologies.",scopus,llm,0.980,unreviewed,,doi:10.1016/j.laa.2026.08.038
discarded,Representations of the flat space wavefunction,T. Dunaisky,2026,Letters in Mathematical Physics,10.1007/s11005-026-02128-x,https://www.scopus.com/inward/record.uri?partnerID=HzOxMe3b&scp=105046200548&origin=inward,off-topic-false-hit,"From any graph G arises a flat space wavefunction, obtained by integrating a product of propagatorsassociated to the vertices and edges of G. This function is a key ingredient in the computation of cosmological correlators, and several representations for it have been proposed. We formulate three such representations and prove their correctness. In particular, we show that the flat space wavefunction can be read off from the canonical form of the cosmological polytope, and we settle a conjecture of Fevola, Pimentel, Sattelberger, and Westerdijk regarding a partial fraction decomposition for the flat space wavefunction. The terms of the decomposition correspond to certain collections of connected subgraphs associated to G and its spanning subgraphs, reflecting the fact that the flat space wavefunction contains information about how G is connected.",scopus,llm,0.990,unreviewed,,doi:10.1007/s11005-026-02128-x
discarded,Partial fraction decompositions on hyperplane arrangements,C.d. Korte,2026,Journal of Physics A Mathematical and Theoretical,10.1088/1751-8121/ae8728,https://www.scopus.com/inward/record.uri?partnerID=HzOxMe3b&scp=105045876212&origin=inward,adjacent-subtopic,We study partial fraction decompositions (PFDs) in several variables using tools from commutative algebra. We give criteria for when a rational function with poles on a hyperplane arrangement has a desirable PFD. Our criteria are obtained by examining the primary decomposition of ideals coming from hyperplane arrangements. We then present an algorithm based on Gröbner bases for finding a PFD that satisfies properties desired for simplifying the calculation of scattering amplitudes. We demonstrate the effectiveness of this algorithm by computing practical examples coming from Feynman integrals.,scopus,llm,0.880,unreviewed,,doi:10.1088/1751-8121/ae8728
discarded,"Erratum: Multivariate CARMA processes, continuous-time state space models and complete regularity of the innovations of the sampled processes (J. Time Series Anal. 46 (2025) 692–726 (10.3150/10-BEJ329))",R. Stelzer,2026,Bernoulli,10.3150/25-BEJ1875,https://www.scopus.com/inward/record.uri?partnerID=HzOxMe3b&scp=105028556807&origin=inward,off-topic-false-hit,"A serious flaw in the proof of the equivalence of continuous time state space models and MCARMA processes spotted in Fasen-Hartmann and Schenk (J. Time Series Anal. 46 (2025) 692–726) is corrected. We point out that likewise an issue in the proof of Theorem 3.2 in Brockwell and Schlemm (J. Multivariate Anal. 115 (2013) 217–251) can be resolved and, hence, any MCARMA process and linear state space model has both a controller and an observer canonical representation. Equivalently, the transfer function has both a left and right matrix fraction representation.",scopus,llm,0.980,unreviewed,,doi:10.3150/25-bej1875
discarded,Stability and bifurcation analysis in a commensalism model with saturation and efficiency constraints,S.J. Aldosari,2026,Aims Mathematics,10.3934/math.20261101,https://www.scopus.com/inward/record.uri?partnerID=HzOxMe3b&scp=105050148525&origin=inward,off-topic-false-hit,"Mathematical modeling of commensalism provides insights into ecological interactions in which one species benefits while the other remains unaffected. In this study, a discrete-time commensalism model is proposed by incorporating a saturating interaction benefit and an interaction efficiency parameter. In contrast to related models, the proposed formulation accounts for both the saturation of the commensal benefit and the fraction of the host population that is either ineffective or unavailable for interaction. The existence and stability of fixed points are analyzed, and conditions for period-doubling bifurcation are derived using the center manifold and normal form theories. Numerical simulations, including bifurcation diagrams, maximum Lyapunov exponents, phase portraits, and basins of attraction, confirm the theoretical results and reveal periodic, chaotic, and multistable dynamics. The findings demonstrate the important role of interaction efficiency and saturation in shaping commensal dynamics.",scopus,llm,0.990,unreviewed,,doi:10.3934/math.20261101
discarded,An m-adic algorithm for bivariate Gröbner bases,É. Schost,2025,Journal of Symbolic Computation,10.1016/j.jsc.2024.102389,https://www.scopus.com/inward/record.uri?partnerID=HzOxMe3b&scp=85205662708&origin=inward,qualifies-claim; adjacent-subtopic; canonical representation in hardware verification or data structures; the cited BDD/graph examples carry the point,"Let A be a domain, with m c_ A a maximal ideal, and let F C A[ x , y ] be any finite generating set of an ideal with finitely many roots (in an algebraic closure of the fraction field K of A ). We present a randomized m- adic algorithm to recover the lexicographic Gr & ouml;bner basis G of (F) C K[ x , y ] , or of its primary component at the origin. We observe that previous results of Lazard's that use Hermite normal forms to compute Gr & ouml;bner bases for ideals with two generators can be generalized to a generating set F of cardinality greater than two. We use this result to bound the size of the coefficients of G, and to control the probability of choosing a good maximal ideal m c_ A . We give a complete cost analysis over number fields (K K = Q(alpha) ) and function fields (K K = k( z ) ), and we obtain a complexity that is less than cubic in terms of the dimension of K/(G) and softly linear in the size of its coefficients. (c) 2024 Published by Elsevier Ltd.",scopus,llm_reviewed,0.750,changed,kept->discarded,doi:10.1016/j.jsc.2024.102389
discarded,Self-duality from twisted cohomology,C. Duhr,2025,Journal of High Energy Physics,10.1007/JHEP03(2025)053,https://www.scopus.com/inward/record.uri?partnerID=HzOxMe3b&scp=86000754926&origin=inward,off-topic-false-hit,"Recently a notion of self-duality for differential equations of maximal cuts was introduced, which states that there should be a basis in which the matrix for an ε-factorised differential equation is persymmetric. It was observed that the rotation to this special basis may introduce a Galois symmetry relating different integrals. We argue that the proposed notion of self-duality for maximal cuts stems from a very natural notion of self-duality from twisted cohomology. Our main result is that, if the differential equations and their duals are simultaneously brought into canonical form, the cohomology intersection matrix is a constant. Furthermore, we show that one can associate quite generically a Lie algebra representation to an ε-factorised system. For maximal cuts, this representation is irreducible and self-dual. The constant intersection matrix can be interpreted as expressing the equivalence of this representation and its dual, which in turn results in constraints for the differential equation matrix. Unlike the earlier proposal, the most natural symmetry of the differential equation matrix is defined entirely over the rational numbers and is independent of the basis choice.",scopus,llm,0.990,unreviewed,,doi:10.1007/jhep03(2025)053
discarded,Circuit models for thermoviscous acoustics in waveguides of various cross sections via continued fractions,R. Christensen,2024,Journal of the Acoustical Society of America,10.1121/10.0034550,https://www.scopus.com/inward/record.uri?partnerID=HzOxMe3b&scp=85211967900&origin=inward,off-topic-false-hit,"Thermal and viscous losses are crucial for accurate representation of wave propagation in small conduits. Analytical expressions exist for the series and shunt immitances representing the transmission line characteristics of thermoviscous acoustics in one-dimensional tubes of certain cross sections, and for a subset of these cases, circuit models with constant and positive component values can approximate these generally nonrational solutions. A continued fraction approach introduced previously for the circular cross section has been applied, here, to the slit and equilateral triangular cross-section cases with the same canonical forms and constant and positive component values for the series and shunt immitances. The resulting networks can be used for steady-state and time-dependent calculations due to their passivity and rational nature and are easily expanded to cover any desired frequency range.",scopus,llm,0.980,unreviewed,,doi:10.1121/10.0034550
discarded,A new approach to multi-delay matrix valued fractional linear differential equations with constant coefficients,A.F. Neto,2023,Fractional Calculus and Applied Analysis,10.1007/s13540-023-00183-y,https://www.scopus.com/inward/record.uri?partnerID=HzOxMe3b&scp=85164371608&origin=inward,off-topic-false-hit,"In this work we obtain a new generalization of the multi-delay perturbation of the two parameter Mittag-Leffler function introduced recently by Mahmudov in the context of multi-delay fractional differential equations [36]. The generalization is introduced to extend Mahmudov results to include besides discrete delay also pantograph fractional differential equations and can be useful to generalize previous work due to Putzer on the representation of the usual matrix exponential avoiding the Jordan canonical form [46]. We adapt Putzer's representation to the fractional setting with delay using an extension of the Omega Matrix Calculus in order to deal with matrices over a field of fractions of a suitable commutative ring instead of the usual complex field. In contrast to previous representations, ours involves only a fixed finite number of matrix powers and no spectral information is required to compute the solutions of the fractional differential equations. Furthermore, by specializing to integer order systems we show that several results of the literature are special cases of our general formulation including a version of Putzer's original representation. The Dickson polynomials of the second kind play an intrinsic and important role in our new representation.",scopus,llm,0.970,unreviewed,,doi:10.1007/s13540-023-00183-y
discarded,"Best-response dynamics, playing sequences, and convergence to equilibrium in random games",T. Heinrich,2023,International Journal of Game Theory,10.1007/s00182-023-00837-4,https://www.scopus.com/inward/record.uri?partnerID=HzOxMe3b&scp=85163123085&origin=inward,off-topic-false-hit,"We analyze the performance of the best-response dynamic across all normal-form games using a random games approach. The playing sequence—the order in which players update their actions—is essentially irrelevant in determining whether the dynamic converges to a Nash equilibrium in certain classes of games (e.g. in potential games) but, when evaluated across all possible games, convergence to equilibrium depends on the playing sequence in an extreme way. Our main asymptotic result shows that the best-response dynamic converges to a pure Nash equilibrium in a vanishingly small fraction of all (large) games when players take turns according to a fixed cyclic order. By contrast, when the playing sequence is random, the dynamic converges to a pure Nash equilibrium if one exists in almost all (large) games.",scopus,llm,0.990,unreviewed,,doi:10.1007/s00182-023-00837-4
discarded,Pyroglutamate-modified amyloid β(3-42) monomer has more β-sheet content than the amyloid β(1-42) monomer,S. Nath,2023,Physical Chemistry Chemical Physics,10.1039/d2cp05961d,https://www.scopus.com/inward/record.uri?partnerID=HzOxMe3b&scp=85163529766&origin=inward,off-topic-false-hit,"The aggregation of the amyloid β (Aβ) peptide is a major hallmark of Alzheimer's disease. This peptide can aggregate into oligomers, proto-fibrils and mature fibrils, which eventually assemble into amyloid plaques in vivo. Several post-translational modifications lead to the presence of different forms of the Aβ peptide in the amyloid plaques with different biophysical and biochemical properties. While the canonical forms Aβ(1-40) and Aβ(1-42) have been found to be the major components of amyloid plaques, N-terminally pyroglutamate-modified variants, specifically pE-Aβ(3-42), amount to a significant fraction of the total Aβ plaque content of AD brains. With increased hydrophobicity, these variants display a more pronounced aggregation behaviour in vitro which, together with their higher stability against degradation in vivo is thought to make them crucial molecular players in the aetiology of AD. The peptide monomers are the smallest assembly units, and play an important role in most of the individual molecular processes involved in amyloid fibril formation, such as primary and secondary nucleation and elongation. Understanding the monomeric conformational ensembles of the isoforms is important in unraveling observed differences in their bio-physico-chemical properties. Here we use enhanced and extensive molecular dynamics simulations to study the structural flexibility of the N-terminally truncated Pyroglutamate modified isomer of Aβ, pE-Aβ(3-42) monomer, and compared it with simulations of the Aβ(1-42) peptide monomer under the same conditions. We find significant differences, especially in the secondary structure and hydrophobic exposure, which might be responsible for their different behaviour in biophysical experiments.",scopus,llm,1.000,unreviewed,,doi:10.1039/d2cp05961d
