status,title,authors,year,venue,doi,url,tags,abstract,provider,decision_source,llm_confidence,llm_review_outcome,llm_change_direction,paper_id
discarded,Modeling and analysis of crosstalk coupling effect on the victim interconnect using the ABCD network model,A.K. Palit; V. Meyer; W. Anheier; J. Schloeffel,2004,"19th IEEE International Symposium on Defect and Fault Tolerance in VLSI Systems, 2004. DFT 2004. Proceedings.",10.1109/DFTVS.2004.1347838,https://ieeexplore.ieee.org/document/1347838/,off-topic-false-hit,"After order reduction, the crosstalk model is utilized for the analysis of crosstalk coupling effects on the victim's output signal. Various timing issues related to signal waveform such as, delay time, overshoot and undershoot occurrence time etc., that in effect help to ensure the desired signal integrity (SI) and performance reliability of the SoCs, can be estimated analytically using the reduced order crosstalk model. It has been observed that the crosstalk coupling effect introduces a delay in the victim's output signal which can be significant enough, or even unacceptable, if many aggressors simultaneously couple energy to the victim line, or the line spacing between the aggressor and victim is reduced due to under-etching ,or even, the length of the victim interconnect is increased because of improper layout/routing. Influences of other interconnect parasitics on the victim's output signal can also be tested using the same model. Simulation results obtained with our reduced order model is found to be quite good and comparable to the accuracy of PSPICE simulation.",ieee,llm,0.990,unreviewed,,doi:10.1109/dftvs.2004.1347838
discarded,A Loop Delay Estimation Algorithm Based on Sliding Window in Digital Predistortion Systems,Jing Zhang; Weimin Li; Haoyang Duan; Menghao Wang,2023,2023 3rd International Symposium on Computer Technology and Information Science (ISCTIS),10.1109/ISCTIS58954.2023.10212997,https://ieeexplore.ieee.org/document/10212997/,off-topic-false-hit,"With the development of communication technology, the linearity of power amplifiers has become an important indicator of the modern communication systems, and digital predistortion (DPD) techniques have emerged in this context. When there is a delay between the output signal and the input signal, the performance of a DPD system is significantly reduced. To address the shortcomings of the widely used loop delay estimation algorithms, an integer loop delay algorithm based on sliding window and a fractional loop delay algorithm using cubic spline interpolation are proposed. The simulation results show that the algorithms not only have low complexity and good accuracy, but also exclude the problems of signal fading and noise interference, which makes them widely applicable to DPD systems.",ieee,llm,0.990,unreviewed,,doi:10.1109/isctis58954.2023.10212997
discarded,Scheduling Policies for Wireless Downlink With Correlated Random Connectivity and Multislot Reconfiguration Delay,Amit Kumar; Vineeth Bala Sukumaran,2018,IEEE Communications Letters,10.1109/LCOMM.2017.2770138,https://ieeexplore.ieee.org/document/8097412/,adjacent-subtopic,"Stable and minimum delay scheduling of wireless downlinks, with time correlated random connectivity between the base station and each associated user, is an important problem in modern communication systems. We assume that the base station of the wireless downlink dynamically switches between the users to transmit packets to each user. The dynamic switching of the base station incurs a reconfiguration delay. We find that as the reconfiguration delay increases the stability region of the wireless downlink with correlated channel connectivity shrinks to that achieved by time sharing among the users over large time periods. Since existing scheduling policies are designed either for single slot reconfiguration delay and correlated random connectivity, or multislot reconfiguration delay but without correlated connectivity, we propose scheduling policies which explicitly takes into account the correlated channel connectivity and multislot reconfiguration delay and show using simulations that the average delay is reduced compared to existing policies.",ieee,llm,0.990,unreviewed,,doi:10.1109/lcomm.2017.2770138
discarded,Low-Cost Agricultural Robotics: An AI-Enabled Autonomous Rover,Circiumariu Dragos Andrei; Sendrescu Dorin,2025,2025 IEEE 31st International Symposium for Design and Technology in Electronic Packaging (SIITME),10.1109/SIITME67657.2025.11293697,https://ieeexplore.ieee.org/document/11293697/,adjacent-subtopic,"The prohibitive initial costs and operational complexities of commercial agricultural robots significantly impede the widespread adoption of precision agriculture, particularly for small and medium-sized farms, limiting crucial applications like early disease detection. This abstract presents a novel, low-cost, AI-enabled autonomous agricultural rover designed to overcome these barriers. By leveraging readily available and affordable components, this approach offers a cost-effective and easily adaptable platform, significantly reducing the financial entry point and simplifying maintenance compared to traditional commercial solutions. The prototype rover is engineered to perform critical field monitoring tasks, with a particular focus on early disease detection in young plant cultures. Utilizing integrated AI capabilities, the rover is designed for autonomous navigation and employs vision-based systems for real-time plant health assessment, identifying anomalies indicative of disease onset. This system demonstrates the feasibility of deploying advanced robotic solutions for targeted agricultural applications at a fraction of traditional costs. This work contributes to making precision agriculture technology more accessible to a wider range of farmers, fostering sustainable practices by enabling timely, localized interventions and enhancing crop resilience through proactive management.",ieee,llm,0.990,unreviewed,,doi:10.1109/siitme67657.2025.11293697
discarded,Low cost floating-point unit design for audio applications,Sung-Won Lee; In-Cheol Park,2002,2002 IEEE International Symposium on Circuits and Systems (ISCAS),10.1109/ISCAS.2002.1009979,https://ieeexplore.ieee.org/document/1009979/,adjacent-subtopic,"This paper presents a low-cost single-cycle floating-point unit developed for digital audio processing applications. In the unit, the serial steps of floating-point operations are paralleled to reduce critical path delay, and hardware resources are shared with the integer datapath to minimize area overhead. Its area overhead is as small as 38% of the fixed-point datapath, and the critical path delay is 6 ns in 0.25 /spl mu/m CMOS technology, which makes it well suited to modern audio applications such as MP3 and AAC. The floating-point unit is verified through an efficient test vector generation method developed to reduce verification time significantly.",ieee,llm,0.970,unreviewed,,doi:10.1109/iscas.2002.1009979
discarded,Investigation of delay compensation circuit techniques to reduce timing walk,Haiming Yu; R.S. Miyaoka; T.K. Lewellen,1998,1998 IEEE Nuclear Science Symposium Conference Record. 1998 IEEE Nuclear Science Symposium and Medical Imaging Conference (Cat. No.98CH36255),10.1109/NSSMIC.1998.775173,https://ieeexplore.ieee.org/document/775173/,off-topic-false-hit,"Two methods are investigated to reduce the timing walk for an integrated ASIC chip to less than 1 ns without requiring an offchip delay line. In each method a delay compensation circuit is used to adjust the position of the timing marker dependent upon the size of the input signal. For signals with identical rise times a large signal will usually generate its timing pulse faster than a small signal. The first circuit is added to a monolithic constant fraction discriminator (CFD). Using one control signal based on the input signal size, an analog delay is used to delay the zero-crossing signal to the comparator for signals above a certain threshold. After analog delay compensation, the timing walk of the CFD is 660 ps or 54% of the value of the CFD without analog compensation for a signal size range of 10. The second circuit is added to a simple leading-edge discriminator. The circuit uses digital delay lines, where the length of the delay is based on the size of the input signal. The timing walk is reduced by 83%, from 4.05 ns (without digital compensation) to 700 ps (with digital compensation) for a signal size range of 8.",ieee,llm,1.000,unreviewed,,doi:10.1109/nssmic.1998.775173
discarded,A Mathematical Model for the Estimation of Treatment Cost in Cancer Radiotherapy,Suzi Wahl; Tanísia Foletto; Gerson Feldmann,2009,2009 3rd Southern Conference on Computational Modeling,10.1109/MCSUL.2009.24,https://ieeexplore.ieee.org/document/5597984/,off-topic-false-hit,"In this work we present a methodology for the investigation of costs of cancer treatment by radiotherapy, aiming to reduce the undesired effects of radiation and to obtain better results of the treatment. The tumor growth is simulated by using a mathematical model composed of three ordinary diferential equations corresponding to the population of Normal (N), Tumoral (T) and Imune (I) cells. The effect of radiation over each type of cells is considered using the linear quadratic model applied for the various distinct treatment protocols investigated. Cost of treatment is obtained using a model based on the concept of tumor cure probability, cost per fraction and cost of failure. The concept of biological effective dose is used in order to compare differente treatment protocols. We investigated different protocols currently used for various tumor types. Our results show that with this approach it is possible to obtain more efficient protocols with lower cost that those used. It is also possible to investigate the effect of fractionation protocols on the tumor evolution in order to obtain less aggressive protocols that are effective for patient cure with lower total dose and in smaller treatment time.",ieee,llm,0.990,unreviewed,,doi:10.1109/mcsul.2009.24
discarded,Input ordering in concurrent checkers to reduce power consumption,K. Mohanram; N.A. Touba,2002,"17th IEEE International Symposium on Defect and Fault Tolerance in VLSI Systems, 2002. DFT 2002. Proceedings.",10.1109/DFTVS.2002.1173505,https://ieeexplore.ieee.org/document/1173505/,adjacent-subtopic,"A novel approach for reducing power consumption in checkers used for concurrent error detection is presented. Spatial correlations between the outputs of the circuit that drives the primary inputs of the checker are analyzed to order them such that switching activity (and hence power consumption) in the checker is minimized. The reduction in power consumption comes at no additional impact to area or performance and does not require any alteration to the design flow. Since the number of possible input orders increases exponentially in the number of inputs to the checker, the computational costs of determining the optimum order can be very expensive. We present a very effective technique to build a reduced cost function to solve the optimization problem to find a near optimal order.",ieee,llm,0.980,unreviewed,,doi:10.1109/dftvs.2002.1173505
discarded,Symmetric And Asymmetric Algorithms for Susceptible Harmful in Wireless Sensor Network on FPGA Platform,L. Saranya; C. Arvind; Zhu; Seng Tang,2023,2023 9th International Conference on Advanced Computing and Communication Systems (ICACCS),10.1109/ICACCS57279.2023.10112758,https://ieeexplore.ieee.org/document/10112758/,adjacent-subtopic,"WSNs are made up of a network of sensor nodes that are used to track environmental characteristics like pressure, temperature, etc. and communicate the data to the intended location. Networks must overcome obstacles including security, routing, problems with energy conservation, scalability, dependability, secrecy, integrity, authentication, and others when transmitting information. Different routing systems, including data-centric, location- and mobility-based, Quality of Service (QoS)-based, and multipath routing protocols, have been employed to address these issues. Even while these routing methods guarantee a successful transaction, the network still has to manage intermediary assaults that can completely alter the content of messages being carried. Therefore, a number of cryptographic approaches have been used to minimise the network. The newly developed symmetric and asymmetric algorithms are susceptible to problems with route latency, area overhead, and on-chip power consumption. Thus, to reduce these harmful actions in WSNs, an efficient reduced key size and high security based cryptographic method must be used. Utilizing the limited network resources, the main goal of the study is to increase network security while reducing network overhead and path delay-related problems.",ieee,llm,0.980,unreviewed,,doi:10.1109/icaccs57279.2023.10112758
discarded,Optimal outsourcing for intellectual property protection and production cost minimization,John P Kim; Karim Hamza; Kazuhiro Saitou,2009,2009 IEEE International Symposium on Assembly and Manufacturing,10.1109/ISAM.2009.5376919,https://ieeexplore.ieee.org/document/5376919/,off-topic-false-hit,"This paper presents a methodology for optimal outsourcing of products. Outsourcing of products can have the advantage of reducing the production cost, but often causes a risk that important technology may leak and get used by competitors. To help reduce the risk of intellectual property (IP) leakage, a model proposed in this paper assumes that it is possible to separate some of the important geometrical features on some of the product parts that are outsourced, and then manufacture them in-house. The model estimates the fraction of IP-value that is subject to risk of leakage based on patent claims and how they relate to the outsourced parts and/or features. Production cost is modelled by assuming a base cost for manufacturing parts in-house, and then a discount rate is applied if the decision to outsource is made. Separation of geometrical features from manufactured parts introduces additional cost, which is modelled as an overhead if the decision to separate features is made. The outsourcing management process is then viewed as a two-objective problem, with the objectives being the minimization of both the fraction of IP-value at risk of leakage, as well as the production cost. A case study of an auto-slide-hinge mechanism is presented, in which the two-objective optimization problem is transformed into a single-objective constrained problem. Genetic algorithm is then applied iteratively on the problem in order generate the Pareto-plot that visualizes the trade-offs between the two objectives.",ieee,llm,0.990,unreviewed,,doi:10.1109/isam.2009.5376919
discarded,Utilization Analysis of a Hybrid Power Plant in Sangihe Islands to Decrease the Cost of Supply and Carbon Emission Rate,Yusmar; Ade Rahmat; Abdullah Umar,2024,2024 International Conference on Technology and Policy in Energy and Electric Power (ICTPEP),10.1109/ICT-PEP63827.2024.10733436,https://ieeexplore.ieee.org/document/10733436/,off-topic-false-hit,"To contribute to the electricity sector's energy transition program, PT PLN (Persero) continues to increase the renewable energy mix to meet customer demand, particularly through the de-dieselization program in remote areas and islands. This involves utilizing local renewable energy potential, including hybrid power plants. The fuel cost for the Sangihe Island electricity system remains high, with an average biodiesel/HSD requirement in 2022 of 8,198,343 liters/year, equivalent to Rp. 88,115,790,564 billion annually. Thus, renewable energy is an alternative to reduce operational costs from diesel generator fuel. Additionally, hybridizing diesel generators with solar power plants can increase efficiency and reduce carbon emissions from an environmental sustainability perspective. This paper discusses the effect of operating a 1.3 MW peak hybrid solar power plant in the Sangihe Islands, North Sulawesi Province, to achieve efficiency by reducing supply costs and carbon emissions, analyzing calculations according to IPCC 2006 through direct data collection. The Sangihe solar power plant began operating in July 2022. From January to December 2023, the Sangihe electricity system produced 30,104,354 kWh, with 1,251,759 kWh from the solar power plant, resulting in fuel savings of 355,500 liters, equivalent to Rp. 5,046,494,028. During January-December 2023, a Renewable Fraction of 4.15% was obtained, and the carbon emission rate was reduced to 960,149 tons C02.",ieee,llm,0.990,unreviewed,,doi:10.1109/ict-pep63827.2024.10733436
discarded,Power dispatching in microgrids considering the cost of Hydrogen-Based power generation,Tan Loc Luu; Chau Le Thi Minh; Hai Pham Hong; My Hien Nguyen Thi; Hieu Nguyen Hoang Xuan; Tu Duc Nguyen,2025,2025 Asia Meeting on Environment and Electrical Engineering (EEE-AM),10.1109/EEE-AM66675.2025.11473750,https://ieeexplore.ieee.org/document/11473750/,off-topic-false-hit,"This paper proposes a power dispatch method for a biomass–hydrogen integrated microgrid, considering economic, technical, and environmental aspects. A hybrid gas turbine model fueled by methane (CH4) from a biomass plant and hydrogen (H2) is developed on the Brayton cycle framework using Aspen HYSYS, with input parameters calibrated from real-world data. The generation cost of the biomass unit is modeled using a quadratic cost function, while the hydrogen price is represented by a time-of-use (TOU) tariff to capture energy market variability. Several operating scenarios are investigated to minimize the cost objective function and to analyze the impact of the hydrogen blending ratio on power output, CO2 emissions, and turbine inlet temperature (TIT). The results show that increasing the hydrogen share from 0% to 100% raises the power output from 3.973 MW to 11.053 MW, while CO2 emissions decrease from 2.743 ton/h to zero. However, TIT rises from 958.6°C to 1615°C, imposing constraints related to material strength and cooling requirements. The cost analysis indicates that the optimal hydrogen fraction depends on TOU pricing, enabling a trade-off between economic performance and emission reduction. The proposed dispatch strategy identifies the optimal hydrogen share under both cost and technical constraints, ensuring safe operation while reducing CO2 emissions. These findings provide a techno-economic basis for the development of low-carbon biomass–hydrogen microgrids",ieee,llm,0.990,unreviewed,,doi:10.1109/eee-am66675.2025.11473750
discarded,"Reducing energy consumption, operation cost, environmental impact for LPG separation unity, by using process energy integration",Ahmed Ould Brahim; Souad Abderafi,2016,2016 International Renewable and Sustainable Energy Conference (IRSEC),10.1109/IRSEC.2016.7983915,https://ieeexplore.ieee.org/document/7983915/,off-topic-false-hit,"The Liquefied Petroleum Gas (LPG) separation unit is one of process, in chemical industries that consume great energy. In this work, Pinch technology for heat recovery is used to minimize the energy consumption of the LPG separation process, for a Moroccan oil refinery. This methodology was applied to the study of the separation of LPG, using the two distillation columns: recovery and splitter columns. Experimental data required to follow this method, were obtained from Moroccan oil refinery, during period of May 2015. To find the optimal energetic integration, the different calculations were performed by simulation, using PRO II software. Results analyses show that the integration of three heat exchangers in conventional process reduces the energy consumption of process, operation cost and decreases the impact environment.",ieee,llm,0.990,unreviewed,,doi:10.1109/irsec.2016.7983915
discarded,A Generic Circuit Platform of Covering All Rational Numbers for Determnistic Stochastic Computing in the Time Dimension,Xiangye Wei; Junjian Ma; Liming Xiu; Yimao Cai,2025,2025 IEEE International Symposium on Circuits and Systems (ISCAS),10.1109/ISCAS56072.2025.11043279,https://ieeexplore.ieee.org/document/11043279/,adjacent-subtopic,"The key advantages of stochastic computing (SC) are its simple arithmetic circuits and high tolerance for bit errors. Deterministic SC (DSC) improves SC by using deterministic bitstreams, resulting in accurate results without fluctuation. Recently, a platform that conducts DSC in the time domain has been proposed. This platform enhances the feasibility of DSC and brings it closer to becoming a mainstream computational paradigm. However, its circuit is unable to represent all rational numbers. This work improves the platform by enabling the representation of all rational numbers for computation. Furthermore, it reduces hardware costs and power consumption, paving the way for new SC applications.",ieee,llm,0.760,unreviewed,,doi:10.1109/iscas56072.2025.11043279
