status,title,authors,year,venue,doi,url,tags,abstract,provider,decision_source,llm_confidence,llm_review_outcome,llm_change_direction,paper_id
discarded,A case for redundant arrays of inexpensive disks (RAID),David A. Patterson; Garth A. Gibson; Randy Howard Katz,1988,ACM SIGMOD Record,10.1145/971701.50214,https://openalex.org/W2147504831,adjacent-subtopic,"Increasing performance of CPUs and memories will be squandered if not matched by a similar performance increase in I/O. While the capacity of Single Large Expensive Disks (SLED) has grown rapidly, the performance improvement of SLED has been modest. Redundant Arrays of Inexpensive Disks (RAID), based on the magnetic disk technology developed for personal computers, offers an attractive alternative to SLED, promising improvements of an order of magnitude in performance, reliability, power consumption, and scalability. This paper introduces five levels of RAIDs, giving their relative cost/performance, and compares RAID to an IBM 3380 and a Fujitsu Super Eagle.",openalex,llm,0.990,unreviewed,,doi:10.1145/971701.50214
discarded,"The effect of control strategies to reduce social mixing on outcomes of the COVID-19 epidemic in Wuhan, China: a modelling study",Kiesha Prem; Yang Liu; Timothy Russell; Adam J. Kucharski; Rosalind M. Eggo; Nicholas G. M. Davies; Stefan Flasche; Samuel Clifford; Carl A. B. Pearson; James D Munday; Sam Abbott; Hamish P. Gibbs; Alicia Roselló; Billy J. Quilty; Thibaut Jombart; Fiona Sun; Charlie Diamond; Amy Gimma; Kevin van Zandvoort; Sebastian Funk; Christopher I Jarvis; W. John Edmunds; Nikos I Bosse; Joel Hellewell; Mark Jit; Petra Klepac,2020,The Lancet Public Health,10.1016/s2468-2667(20)30073-6,https://openalex.org/W3012789146,off-topic-false-hit,"BACKGROUND: In December, 2019, severe acute respiratory syndrome coronavirus 2 (SARS-CoV-2), a novel coronavirus, emerged in Wuhan, China. Since then, the city of Wuhan has taken unprecedented measures in response to the outbreak, including extended school and workplace closures. We aimed to estimate the effects of physical distancing measures on the progression of the COVID-19 epidemic, hoping to provide some insights for the rest of the world. METHODS: To examine how changes in population mixing have affected outbreak progression in Wuhan, we used synthetic location-specific contact patterns in Wuhan and adapted these in the presence of school closures, extended workplace closures, and a reduction in mixing in the general community. Using these matrices and the latest estimates of the epidemiological parameters of the Wuhan outbreak, we simulated the ongoing trajectory of an outbreak in Wuhan using an age-structured susceptible-exposed-infected-removed (SEIR) model for several physical distancing measures. We fitted the latest estimates of epidemic parameters from a transmission model to data on local and internationally exported cases from Wuhan in an age-structured epidemic framework and investigated the age distribution of cases. We also simulated lifting of the control measures by allowing people to return to work in a phased-in way and looked at the effects of returning to work at different stages of the underlying outbreak (at the beginning of March or April). FINDINGS: Our projections show that physical distancing measures were most effective if the staggered return to work was at the beginning of April; this reduced the median number of infections by more than 92% (IQR 66-97) and 24% (13-90) in mid-2020 and end-2020, respectively. There are benefits to sustaining these measures until April in terms of delaying and reducing the height of the peak, median epidemic size at end-2020, and affording health-care systems more time to expand and respond. However, the modelled effects of physical distancing measures vary by the duration of infectiousness and the role school children have in the epidemic. INTERPRETATION: and the duration of infectiousness. FUNDING: Bill & Melinda Gates Foundation, National Institute for Health Research, Wellcome Trust, and Health Data Research UK.",openalex,llm,1.000,unreviewed,,doi:10.1016/s2468-2667(20)30073-6
discarded,Identifying a High Fraction of the Human Genome to be under Selective Constraint Using GERP++,Eugene V. Davydov; David L. Goode; Marina Sirota; Gregory M. Cooper; Arend Sidow; Serafim Batzoglou,2010,PLoS Computational Biology,10.1371/journal.pcbi.1001025,https://openalex.org/W2038473742,off-topic-false-hit,"Computational efforts to identify functional elements within genomes leverage comparative sequence information by looking for regions that exhibit evidence of selective constraint. One way of detecting constrained elements is to follow a bottom-up approach by computing constraint scores for individual positions of a multiple alignment and then defining constrained elements as segments of contiguous, highly scoring nucleotide positions. Here we present GERP++, a new tool that uses maximum likelihood evolutionary rate estimation for position-specific scoring and, in contrast to previous bottom-up methods, a novel dynamic programming approach to subsequently define constrained elements. GERP++ evaluates a richer set of candidate element breakpoints and ranks them based on statistical significance, eliminating the need for biased heuristic extension techniques. Using GERP++ we identify over 1.3 million constrained elements spanning over 7% of the human genome. We predict a higher fraction than earlier estimates largely due to the annotation of longer constrained elements, which improves one to one correspondence between predicted elements with known functional sequences. GERP++ is an efficient and effective tool to provide both nucleotide- and element-level constraint scores within deep multiple sequence alignments.",openalex,llm,0.990,unreviewed,,doi:10.1371/journal.pcbi.1001025
discarded,Stability of Linear Systems with Time Delay: A New Delay Fractioning Based Lyapunov-Krasovskii Approach,Min Zheng; Shumin Fei,2007,2007 IEEE International Conference on Control and Automation,10.1109/ICCA.2007.4376493,https://ieeexplore.ieee.org/document/4376493/,off-topic-false-hit,"This paper investigates the stability of linear systems with time delay. Both single delay and multiple delay cases are considered respectively. The criteria of stability is derived based on a new type of Lyapunov-Krasovskii functional and is formulated as feasibility problems of Linear Matrix Inequalities. Less conservative stability conditions are obtained through a new delay fractioning approach, and the conservatism can be reduced as the delay fractioning grows. When time-varying norm-bounded uncertainties appear in the delay system, the robust delay-dependent stability condition is also given. Numerical examples are provided to illustrate the effectiveness of our main results.",ieee,llm,0.990,unreviewed,,doi:10.1109/icca.2007.4376493
discarded,Delay-fractioning-dependent Robust stabilization of nonlinear networked control systems,Engang Tian; Dong Yue; Chen Peng,2010,2010 Chinese Control and Decision Conference,10.1109/CCDC.2010.5498503,https://ieeexplore.ieee.org/document/5498503/,off-topic-false-hit,"A Delay-fractioning-dependent method is proposed to investigate the stability and stabilization for nonlinear networked control systems (NNCSs), which are presented in the form of T-S fuzzy model with time-varying input delay. Different from the existing method in dealing with the time-varying delay, the whole variation interval of the delay is divided into two subintervals with equal length. Respecting for the delay belonging to different subintervals, new criteria on stability analysis of the NNCSs are obtained by checking the variation of the derivative of the Lyapunov functional in the two subintervals. Then, criteria for the stability of the NNCSs are obtained by using the convexity properties of the matrix inequality and some other new analysis techniques, which are shown in terms of nonlinear matrix inequalities and can be solved by using a cone complementarity liberalization method. Numerical examples show that the proposed method can reduce the conservativeness greatly.",ieee,llm,0.990,unreviewed,,doi:10.1109/ccdc.2010.5498503
discarded,Constant Fraction Discriminator Involving Automatic Gain Control to Reduce Time Walk,Hansang Lim,2014,IEEE Transactions on Nuclear Science,10.1109/TNS.2014.2339362,https://ieeexplore.ieee.org/document/6870499/,off-topic-false-hit,"A constant fraction discriminator (CFD) is a widely used time-pickoff circuit because it ideally produces no time walk for signals with equal rise times. However, a practical CFD produces some time walk because of the dependency of the response time in an involved comparator on the input signal size. In this paper, a CFD combined with an automatic gain control (AGC) circuit at the input stage is proposed to reduce this dependence. The AGC has four step gains that are inversely proportional to the amplitude of their input signal. Accordingly, the AGC reduces the dynamic range of the signal entering the CFD and consequently reduces the dependency of the response time on the input signal, i.e., time walk. For a short resolving time, this gain setting is performed at one time by amplitude comparison. The proposed CFD is evaluated by experiment for input signals with a rise time of 2 ns and a dynamic range of 40 dB, and the time walk is reduced to 277 ps, a decrease of more than 42%.",ieee,llm,1.000,unreviewed,,doi:10.1109/tns.2014.2339362
discarded,Closed-Form Design of Half-Sample Delay IIR Filter Using Continued Fraction Expansion,Chien-Cheng Tseng,2007,IEEE Transactions on Circuits and Systems I: Regular Papers,10.1109/TCSI.2006.887643,https://ieeexplore.ieee.org/document/4126810/,off-topic-false-hit,"In this paper, the closed-form design of half-sample delay infinite-impulse response (IIR) filter is presented. First, the continued fraction expansion (CFE) and its recursive computation are reviewed briefly. Then, the CFE of square root function is applied to design half-sample delay IIR filters with various orders. The comparisons with conventional maximally flat half-sample delay all-pass and Lagrange filters are made and implementation issue is also addressed. Next, the designed half-sample delay filter is used to reduce the approximation error of the conventional IIR Simpson integrator, to design half-band and diamond shaped filters, and to magnify the digital image. Finally, several numerical examples are illustrated to demonstrate the effectiveness of the proposed design method",ieee,llm,0.980,unreviewed,,doi:10.1109/tcsi.2006.887643
discarded,Observer-Based Active Disturbance Rejection Control for Fraction-Delay Grid-Tied Inverters,Dingcheng Zhang; Qiang Qian; Zhuolin Yang; Li Zhang; Jinming Xu,2025,2025 IEEE 16th International Symposium on Power Electronics for Distributed Generation Systems (PEDG),10.1109/PEDG62294.2025.11060422,https://ieeexplore.ieee.org/document/11060422/,off-topic-false-hit,"Aiming at damping high-frequency resonances, the pulse-width modulation strategy characterized by reduced control delay is gaining attention in grid-tied inverter. However, the outcome of the fractional ratio of the sampling-computation period to the control period challenges the discrete-time state-space modeling and the control implementation. Therefore, a delay-based input matrix is proposed for discretizing the fraction-delay system, which further facilitates the application of active disturbance rejection control. The observer is also exemplified by introducing a feedback of the error of the observable state, which avoids using extra sensors. Finally, experiments are conducted on a grid-tied inverter to corroborate the effectiveness of the model and the modern control method.",ieee,llm,0.990,unreviewed,,doi:10.1109/pedg62294.2025.11060422
discarded,Design and analysis of a jitter-tolerant digital delay-locked-loop based fraction-of-clock delay line,J.R. Burnham; G.K. Yeh; E. Sun; Chih-Kong Ken Yang,2004,2004 IEEE International Solid-State Circuits Conference (IEEE Cat. No.04CH37519),10.1109/ISSCC.2004.1332739,https://ieeexplore.ieee.org/document/1332739/,off-topic-false-hit,A digital DLL-based fraction-of-clock delay line is described. It uses a combination of scaling and phase-detector window alignment to improve jitter tolerance and loop stability without requiring a loop filter or reducing tracking bandwidth.,ieee,llm,1.000,unreviewed,,doi:10.1109/isscc.2004.1332739
discarded,Reducing energy costs in Internet-scale distributed systems using load shifting,Vimal Mathew; Ramesh K. Sitaraman; Prashant Shenoy,2014,2014 Sixth International Conference on Communication Systems and Networks (COMSNETS),10.1109/COMSNETS.2014.6734894,https://ieeexplore.ieee.org/document/6734894/,adjacent-subtopic,"Energy costs have become a significant fraction of the operational costs of running large Internet-scale distributed systems (IDS). In this work, we propose a demand-response technique where the system temporarily reduces its energy usage in response to pricing signals from a smart grid. Our proposed demand-response technique involves deferring the load from elastic requests to later time periods in order to reduce the server demand and the current energy usage, and hence, energy costs. We propose an optimal offline algorithm for demand response and evaluate it on production workloads from a commercial content delivery network using realistic electricity pricing models. Our optimal offline algorithm can achieve 12% energy cost savings for time-of-use electricity pricing, even when only 40% of the load is elastic and the service delay is at most 6 hours. The savings increase to 32% under peak-based demand pricing and to 23% under a combination of time-of-use and demand pricing. Further, we show that almost all the energy cost savings can be achieved with no increase in the bandwidth cost of the IDS.",ieee,llm,0.990,unreviewed,,doi:10.1109/comsnets.2014.6734894
discarded,Cascade-parallel realization of 2-D separable-denominator transfer functions using a variant partial-fraction expansion,Tong-Yi Guo; Chyi Hwang,1990,IEEE Transactions on Circuits and Systems,10.1109/31.45705,https://ieeexplore.ieee.org/document/45705/,off-topic-false-hit,A direct procedure based on using a variant partial-fraction expansion (VPFE) is presented for finding a canonical minimal realization of cascade-parallel structure for 2-D transfer functions having a separable denominator. A similarity transforming matrix that transforms a 2-D separable-denominator state-space model from a phase-variable canonical form to the VPFE canonical form is presented. A numerical example is provided to illustrate the procedure.<>,ieee,llm,0.960,unreviewed,,doi:10.1109/31.45705
discarded,Stability and Stabilization of Delayed T--S Fuzzy Systems: A Delay Partitioning Approach,Yan Zhao; Huijun Gao; James Lam; Baozhu Du,2009,IEEE Transactions on Fuzzy Systems,10.1109/TFUZZ.2008.928598,https://ieeexplore.ieee.org/document/4565673/,off-topic-false-hit,"This paper proposes a new approach, namely, the delay partitioning approach, to solving the problems of stability analysis and stabilization for continuous time-delay Takagi-Sugeno fuzzy systems. Based on the idea of delay fractioning, a new method is proposed for the delay-dependent stability analysis of fuzzy time-delay systems. Due to the instrumental idea of delay partitioning, the proposed stability condition is much less conservative than most of the existing results. The conservatism reduction becomes more obvious with the partitioning getting thinner. Based on this, the problem of stabilization via the so-called parallel distributed compensation scheme is also solved. Both the stability and stabilization results are further extended to time-delay fuzzy systems with time-varying parameter uncertainties. All the results are formulated in the form of linear matrix inequalities (LMIs), which can be readily solved via standard numerical software. The advantage of the results proposed in this paper lies in their reduced conservatism, as shown via detailed illustrative examples. The idea of delay partitioning is well demonstrated to be efficient for conservatism reduction and could be extended to solving other problems related to fuzzy delay systems.",ieee,llm,0.990,unreviewed,,doi:10.1109/tfuzz.2008.928598
discarded,Reduced-Order Transfer Function Model of the Droop-Controlled Inverter via Jordan Continued-Fraction Expansion,Wang Rui; Sun Qiuye; Zhang Pinjia; Gui Yonghao; Qin Dehao; Wang Peng,2020,IEEE Transactions on Energy Conversion,10.1109/TEC.2020.2980033,https://ieeexplore.ieee.org/document/9034114/,off-topic-false-hit,"This article proposes a reduced-order small-signal closed-loop transfer function model based on Jordan continued-fraction expansion to assess the dynamic characteristics of the droop-controlled inverter and provide the preprocessing method for the real-time simulation of power systems. Firstly, dynamic phasors, time delay and zero-order hold are embedded into the small-signal model at the same time, then the closed-loop transfer function of the droop-controlled inverter is built. Compared with the existing closed-loop transfer function approaches, the accuracy of the built transfer function model is dramatically enhanced. Meanwhile, the inner cascaded voltage/current controller parameters are also designed. In order to directly obtain and preserve the maximum overshoot and settling time, which are main features to evaluate the system input-output dynamic response characteristics, the reduced second order closed-loop transfer function is proposed through the continued-fraction expansion regarding arbitrary points on the real frequency axis. Therein, this second order closed-loop transfer function with dynamic response of the original inverter is reduced to the lowest order. Furthermore, combined with the impedance-based approach, the proposed stability assessment approach is utilized to analyze the stability of the microgrid with multiple converters. Finally, simulations and experimental results demonstrate the convenience and accuracy of the proposed approach.",ieee,llm,0.980,unreviewed,,doi:10.1109/tec.2020.2980033
discarded,Modeling Research on Tropospheric Delay Mapping Function,Ruoyu Li; Leke Lin; Xiangming Chen; Qiang Zhang,2023,2023 Cross Strait Radio Science and Wireless Technology Conference (CSRSWTC),10.1109/CSRSWTC60855.2023.10426875,https://ieeexplore.ieee.org/document/10426875/,off-topic-false-hit,"Due to the increasing demands for atmospheric refraction in radio systems, the investigation of atmospheric propagation errors has emerged as a primary approach to enhancing system accuracy. The mapping function plays a crucial role in accurately converting zenith direction delay to the signal transmission path direction, thus serving as a vital parameter for analyzing tropospheric delays. To enhance the accuracy of slant path delay in radio systems, this study utilizes meteorological sounding data from the Qingdao station in 2022, including pressure, temperature, humidity, and other variables. By employing the parameter fitting method, a rational mapping function model is established. The results demonstrate that the new mapping function model outperforms traditional models in calculating slant path delays, particularly in reducing error in the wet term delay. This improvement carries significant implications for enhancing the accuracy of radio systems.",ieee,llm,0.980,unreviewed,,doi:10.1109/csrswtc60855.2023.10426875
discarded,E-commerce Supply Chain Cost Optimization with Incentive Compatibility Constraints,Sahani Rathnasiri; Pritee Ray; Sardar M.N. Islam; Carlos A. Vega-Mejía,2019,"2019 IEEE International Conference on Service Operations and Logistics, and Informatics (SOLI)",10.1109/SOLI48380.2019.8955039,https://ieeexplore.ieee.org/document/8955039/,off-topic-false-hit,"Even though the e-commerce supply chain operations have paid continuous attention in improving their operational capabilities and optimizing costs, strategic interactions and management issues still exist, thereby impeding the optimal performances. Game theory-based contract models have vastly been adopted in supply chain studies to resolve issues of strategic interactions and decision-making among different supply chain members. In that context, contracts include incentive compatibility constraints to ensure that the players have sufficient incentive to remain within the contract. However, less attention has been given to contract models, which includes multi-levels of e-commerce-based supply chain operations. Therefore, this study develops a cost-sharing contract, including incentive compatibility constraints for the three-level e-commerce supply chain to address the issues of cost information asymmetry. We consider cost information asymmetry issues of the upstream and downstream of the supply chain where e-tailer shares a fraction of operational costs of the product supplier and the 3PL operator. The results of this study emphasize that the cost-sharing contract significantly reduces the overall supply chain cost while proving Pareto-improved outcomes in terms of cost minimization.",ieee,llm,0.990,unreviewed,,doi:10.1109/soli48380.2019.8955039
