status,title,authors,year,venue,doi,url,tags,abstract,provider,decision_source,llm_confidence,llm_review_outcome,llm_change_direction,paper_id
discarded,Efficacy of micronized purified flavonoid fraction in reducing pain after anal fistula surgery: a randomized controlled trial,Y.W. Tsai,2026,Techniques in Coloproctology,10.1007/s10151-026-03298-5,https://www.scopus.com/inward/record.uri?partnerID=HzOxMe3b&scp=105032452523&origin=inward,off-topic-false-hit,"Background This prospective randomized controlled trial investigated the efficacy of micronized purified flavonoid fraction (MPFF) in managing postoperative pain and complications following anal fistula surgery. MPFF, a phlebotropic agent with anti-inflammatory and microcirculatory benefits, has demonstrated efficacy in hemorrhoidectomy recovery but remains unexplored in fistula surgery. Methods A total of 106 patients undergoing fistulotomy or fistulectomy were allocated to receive either MPFF at a dose of 1 g twice daily or serve as controls. The primary endpoints were daily pain scores measured by visual analog scale (VAS) and the frequency of dressing changes. Secondary outcomes included analgesic consumption, postoperative complications, and wound healing at 3 months. Results Among the enrolled patients, 104 completed the study, comprising 52 patients in the MPFF group and 52 in the control group. VAS scores were significantly lower in the MPFF group compared to the control group at multiple time points from 8 h post-surgery to day 7, with statistically significant differences observed on days 2 (3.02 ± 2.37 vs. 3.92 ± 2.16; P = 0.045), 4 (2.54 ± 2.29 vs. 3.40 ± 1.89; P = 0.038), and 5 (2.34 ± 2.09 vs. 3.25 ± 1.88; P = 0.022). Additionally, the frequency of dressing changes was reduced in the MPFF group relative to the control group from day 1 to day 7 post-surgery, with statistically significant differences observed from day 4 onward (day 4, P = 0.036; day 5, P = 0.012; day 6, P = 0.012; day 7, P = 0.012). Secondary outcomes, including analgesic use, wound healing, and postoperative complications such as infection, bleeding, urinary retention, delayed healing, and recurrence, showed no significant differences between groups. No patient required re-intervention for hemorrhage. Conclusion This study demonstrates that MPFF not only decreases postoperative pain but also lowers the frequency of dressing changes, supporting its role as a valuable therapeutic option for improving recovery after anal fistula surgery. Clinical trial registration This study was registered with ClinicalTrials.gov, and its registration number is NCT06184438.",scopus,llm,0.990,unreviewed,,doi:10.1007/s10151-026-03298-5
discarded,Computational limitations on learning from examples,Leonard Pitt; Leslie Gabriel Valiant,1988,Journal of the ACM,10.1145/48014.63140,https://openalex.org/W2117049614,adjacent-subtopic,"The computational complexity of learning Boolean concepts from examples is investigated. It is shown for various classes of concept representations that these cannot be learned feasibly in a distribution-free sense unless R = NP. These classes include (a) disjunctions of two monomials, (b) Boolean threshold functions, and (c) Boolean formulas in which each variable occurs at most once. Relationships between learning of heuristics and finding approximate solutions to NP-hard optimization problems are given.",openalex,llm,0.960,unreviewed,,doi:10.1145/48014.63140
discarded,A normal form for relational databases that is based on domains and keys,Ronald Fagin,1981,ACM Transactions on Database Systems,10.1145/319587.319592,https://openalex.org/W2000773957,adjacent-subtopic,"A new normal form for relational databases, called domain-key normal form (DK/NF), is defined. Also, formal definitions of insertion anomaly and deletion anomaly are presented. It is shown that a schema is in DK/NF if and only if it has no insertion or deletion anomalies. Unlike previously defined normal forms, DK/NF is not defined in terms of traditional dependencies (functional, multivalued, or join). Instead, it is defined in terms of the more primitive concepts of domain and key, along with the general concept of a “constraint.” We also consider how the definitions of traditional normal forms might be modified by taking into consideration, for the first time, the combinatorial consequences of bounded domain sizes. It is shown that after this modification, these traditional normal forms are all implied by DK/NF. In particular, if all domains are infinite, then these traditional normal forms are all implied by DK/NF.",openalex,llm,0.990,unreviewed,,doi:10.1145/319587.319592
discarded,Cognition and Behavior in Normal-Form Games: An Experimental Study,Miguel A. Costa‐Gomes; Vincent P. Crawford; Bruno Broseta,1999,SSRN Electronic Journal,10.2139/ssrn.145793,https://openalex.org/W2108978823,off-topic-false-hit,,openalex,llm,0.990,unreviewed,,doi:10.2139/ssrn.145793
discarded,Canonical Forms for Hamiltonian and Symplectic Matrices and Pencils,Wen‐Wei Lin; Volker Mehrmann; Hongguo Xu,1999,Linear Algebra and its Applications,10.1016/s0024-3795(99)00191-3,https://openalex.org/W2072305544,supports-claim; adjacent-subtopic; matrix/system normal form in mathematics or control,,openalex,llm_reviewed,0.720,changed,kept->discarded,doi:10.1016/s0024-3795(99)00191-3
discarded,Termination of rewriting,Nachum Dershowitz,1987,Journal of Symbolic Computation,10.1016/s0747-7171(87)80022-6,https://openalex.org/W2121757274,"qualifies-claim; adjacent-subtopic; normal forms in rewriting, logic or type theory",,openalex,llm_reviewed,0.760,changed,kept->discarded,doi:10.1016/s0747-7171(87)80022-6
discarded,The undecidability of unification in third order logic,Gérard Huet,1973,Information and Control,10.1016/s0019-9958(73)90301-x,https://openalex.org/W2023266231,adjacent-subtopic,,openalex,llm,0.840,unreviewed,,doi:10.1016/s0019-9958(73)90301-x
discarded,Beyond Equilibrium: Predicting Human Behavior in Normal-Form Games,James Wright; Kevin Leyton‐Brown,2010,Proceedings of the AAAI Conference on Artificial Intelligence,10.1609/aaai.v24i1.7644,https://openalex.org/W2155014708,off-topic-false-hit,"It is standard in multiagent settings to assume that agents will adopt Nash equilibrium strategies. However, studies in experimental economics demonstrate that Nash equilibrium is a poor description of human players' initial behavior in normal-form games. In this paper, we consider a wide range of widely-studied models from behavioral game theory. For what we believe is the first time, we evaluate each of these models in a meta-analysis, taking as our data set large-scale and publicly-available experimental data from the literature. We then propose modifications to the best-performing model that we believe make it more suitable for practical prediction of initial play by humans in normal-form games.",openalex,llm,0.990,unreviewed,,doi:10.1609/aaai.v24i1.7644
discarded,Extensional concepts in intensional type theory,Martin O. Hofmann,1995,ERA,,https://openalex.org/W1773829243,"supports-claim; qualifies-claim; adjacent-subtopic; normal forms in rewriting, logic or type theory","Theories of dependent types have been proposed as a foundation of constructive mathematics and as a framework in which to construct certified programs. In these applications an important role is played by identity types which internalise equality and therefore are essential for accommodating proofs and programs in the same formal system. This thesis attempts to reconcile the two different ways that type theories deal with identity types. In extensional type theory the propositional equality induced by the identity types is identified with definitional equality, i.e. conversion. This renders type-checking and well-formedness of propositions undecidable and leads to non-termination in the presence of universes. In intensional type theory propositional equality is coarser than definitional equality, the latter being confined to definitional expansion and normalisation. Then type-checking and well-formedness are decidable, and this variant is therefore adopted by most implementations. However, the identity type in intensional type theory is not powerful enough for formalisation of mathematics and program development. Notably, it does not identify pointwise equal functions (functional extensionality) and provides no means of redefining equality on a type as a given relation, i.e. quotient types. We call such capabilities extensional concepts. Other extensional concepts of interest are uniqueness of proofs and more specifically of equality proofs, subset types, and propositional extensionality---the identification of equivalent propositions. In this work we investigate to what extent these extensional concepts may be added to intensional type theory without sacrificing decidability and existence of canonical forms. The method we use is the translation of identity types into equivalence relations defined by induction on the type structure. In this way type theory with extensional concepts can be understood as a high-level language for working with equivalence relations instead of equality. Such translations of type theory into itself turn out to be best described using categorical models of type theory. We thus begin with a thorough treatment of categorical models with particular emphasis on the interpretation of type-theoretic syntax in such models. We then show how pairs of types and predicates can be organised into a model of type theory in which subset types are available and in which any two proofs of a proposition are equal. This model has applications in the areas of program extraction from proofs and modules for functional programs. For us its main purpose is to clarify the idea of syntactic translations via categorical model constructions. The main result of the thesis consists of the construction of two models in which functional extensionality and quotient types are available. In the first one types are modelled by types together with proposition-valued partial equivalence relations. This model is rather simple and in addition provides subset types and propositional extensionality. However, it does not furnish proper dependent types such as vectors or matrices. We try to overcome this disadvantage by using another model based on families of type-valued equivalence relations which is however much more complicated and validates certain conversion rules only up to propositional equality. We illustrate the use of these models by several small examples taken from both formalised mathematics and program development. We also establish various syntactic properties of propositional equality including a proof of the undecidability of typing in extensional type theory and a correspondence between derivations in extensional type theory and terms in intensional type theory with extensional concepts added. Furthermore we settle affirmatively the hitherto open question of the independence of unicity of equality proofs in intensional type theory which implies that the addition of pattern matching to intensional type theory does not yield a conservative extension.",openalex,llm_reviewed,0.980,changed,kept->discarded,hash:564935fc58b08b38
discarded,"A Methodology for the Numerical Computation of Normal Forms, Centre Manifolds and First Integrals of Hamiltonian Systems",Àngel Jorba,1999,Experimental Mathematics,10.1080/10586458.1999.10504397,https://openalex.org/W2036685798,adjacent-subtopic,"This paper deals with the effective computation of normal forms, centre manifolds and first integrals in Hamiltonian mechanics. These calculations are very useful since they allow us, among other things, to give explicit estimates on the diffusion time and to compute invariant tori. The approach presented here is based on the algebraic manipulation of formal series with numerical coefficients for them. This, together with a very efficient software implementation, allows big savings in memory and execution time in comparison with the use of commercial algebraic manipulators. The algorithms are discussed together with their C/C++ implementations, and they are applied to some concrete examples from celestial mechanics.",openalex,llm,0.910,unreviewed,,doi:10.1080/10586458.1999.10504397
discarded,Group Decision Making under Multiple Criteria: Methods and Applications,C. L. Hwang; Ming-Jeng Lin,1986,Infoscience (Ecole Polytechnique Fédérale de Lausanne),,https://openalex.org/W1546303393,off-topic-false-hit,,openalex,llm,0.990,unreviewed,,hash:1e511f2107e4aa06
discarded,An algebraic theory of normal forms,Silvio Ghilardi,1995,Annals of Pure and Applied Logic,10.1016/0168-0072(93)e0084-2,https://openalex.org/W2093814492,adjacent-subtopic,"Abstract In this paper we present a general theory of normal forms, based on a categorial result (Dubuc, 1974) for the free monoid construction. We shall use the theory mainly for proposictional modal logic, although it seems to have a wider range of applications. We shall formally represent normal forms as combinatorial objects, basically labelled trees and forests. This geometric conceptualization is implicit in (Fine, 1975) and our approach will extend it to other cases and make it more direct: operations of a purely geometric and combinatorial nature (cuts of leaves and roots, renaming labels and more generally segment-by-label replacements) will be introduced in order to give a mathematical description of the basic logical/algebraic constructions (free algebras, morphisms among them, canonical models, the lattice of varieties). We begin (Section 1) by recalling the above-mentioned categorial construction: we need a careful inspection of it because in the various examples considered later (Sections 2 and 3) we plan to deduce from it in a uniform way the normal forms and the description of finitely generated free algebras. This method always works whenever we can describe the category of algebras corresponding to the logic under consideration as a T-objects category. When this simple description seems not to be available, still the general theory might be of some interest, because a description of the category of algebras as a T-objects category plus equation is possible (we shall give examples in Section 5). The central part of the paper (Sections 4 and 5) is more advanced and specific: we show how the general approach presented here can provide some insights even in the basic case of the modal system K. Section 4 contains a contribution to the theory of normal forms, namely the description of the uniform substitution. This result will enable us to give a duality theorem for the category of finitely generated free modal algebras and in Section 5 to provide a characterization of the collections of normal forms which happen to be normal forms for a logic, thus giving a description of the lattice of modal logics. Section 6 (that can be read independently on Section 5) deals with some applications: we shall show how to use normal forms in order to prove for the modal system K the definability of higher-order propositional quantifiers and of the tense operator F (the parallel results for intuitionistic logic are in Pitts, 1992; Ghilardi, 1992; Ghilardi and Zawadowski, 1993). As to the prerequisites, the paper is almost self-contained. The reader is only assumed to have familiarity with standard techniques in algebraic logic (a possible reference is Rasiowa (1974)). Knowledge of the basic facts about adjoint functors is required too, see e.g. McLane (1971) or the appendix.",openalex,llm,0.730,unreviewed,,doi:10.1016/0168-0072(93)e0084-2
discarded,On the limitations of the Birkhoff-Gustavson normal form approach,W. Robert Wood; M. K. Ali,1987,Journal of Physics A Mathematical and General,10.1088/0305-4470/20/2/020,https://openalex.org/W2090127624,off-topic-false-hit,"Recently, the Birkhoff-Gustavson normal form (BGNF) approach has been used in both classical and semiclassical calculations. The authors consider the limitations associated with this approach using as an illustration the anharmonic oscillator. At the classical level, they emphasise the need to properly take into account the divergence properties of the BGNF series. By reviewing an earlier work they demonstrate that this divergence problem may, in some cases, be resolved. However, after considering several standard quantisation rules, they find that it is not possible to obtain the correct quantisation of a system via the BGNF. As a result, they maintain that care should be used when working with the BGNF.",openalex,llm,0.940,unreviewed,,doi:10.1088/0305-4470/20/2/020
discarded,Estimators of primary production for interpretation of remotely sensed data on ocean color,Trevor Platt; Shubha Sathyendranath,1993,Journal of Geophysical Research Atmospheres,10.1029/93jc01001,https://openalex.org/W2005308811,off-topic-false-hit,"The theoretical basis is explained for some commonly used estimators of daily primary production in a vertically uniform water column. These models are recast into a canonical form, with dimensionless arguments, to facilitate comparison with each other and with an analytic solution. The limitations of each model are examined. The values of the photoadaptation parameter Ik observed in the ocean arc analyzed, and Ik is used as a scale to normalize the surface irradiance. The range of this scaled irradiance is presented. An equation is given for estimation of Ik from recent light history. It is shown how the models for water column production can be adapted for estimation of the production in finite layers. The distinctions between model formulation, model implementation and model evaluation are discussed. Recommendations are given on the choice of algorithm for computation of daily production according to the degree of approximation acceptable in the result.",openalex,llm,0.990,unreviewed,,doi:10.1029/93jc01001
discarded,On the translation of languages from left to right,Donald E. Knuth,1965,Information and Control,10.1016/s0019-9958(65)90426-2,https://openalex.org/W2064490449,adjacent-subtopic,,openalex,llm,0.910,unreviewed,,doi:10.1016/s0019-9958(65)90426-2
discarded,High-gain observers with limited gain power for systems with observability canonical form,Lei Wang; Daniele Astolfi; Lorenzo Marconi; Hongye Su,2016,Automatica,10.1016/j.automatica.2016.09.006,https://openalex.org/W2548864416,off-topic-false-hit,"We consider the problem of state observation for systems having a well-defined observability canonical form (Gauthier and Kupka (2004)) by means of high-gain observers. The main goal is to show that, for this class of systems, observers can be designed with the high-gain parameter powered just up to the order 2 regardless the dimension of the state system. In this way we substantially overtake the main limitations of standard design procedures in which the high-gain parameter is powered up to the order of the system. The observer structure, which generalizes the ideas presented in Astolfi and Marconi (2015), can be used in all those contexts where fast state observation is required, such as in the design of output feedback stabilizers by means of the nonlinear separation principle that is also specifically addressed in the paper. (C) 2016 Elsevier Ltd. All rights reserved.",openalex,llm,0.990,unreviewed,,doi:10.1016/j.automatica.2016.09.006
