status,title,authors,year,venue,doi,url,tags,abstract,provider,decision_source,llm_confidence,llm_review_outcome,llm_change_direction,paper_id
discarded,How Middle School Students Deal with Rational Numbers? A Mixed Methods Research Study,Sebahat Yetim; Ramazan Alkan,2013,Eurasia Journal of Mathematics Science and Technology Education,10.12973/eurasia.2013.9211a,https://openalex.org/W2733061311,adjacent-subtopic,"The aim of this study was to identify 7th grade students’ common mistakes and/or misconceptions about representing rational numbers in different forms. Seventy-three 7th grade students participated in this study. We utilized a diagnostic test with 8 questions in order to determine common student mistakes. For identifying misconceptions, we conducted interviews with 25 of the participants purposefully chosen from among the ones who made mistakes more frequently. The data analysis showed that students had difficulties especially in determining rational numbers, relating rational numbers with decimals, representing rational numbers, and rational-number division. Moreover, the current study also revealed students’ misconceptions about dividing by zero and division of integers (with + – signs). The results suggest that using concrete materials and multiple representations would be more beneficial for overcoming these difficulties and for a sound understanding of the abstract nature of rational numbers.",openalex,llm,0.740,unreviewed,,doi:10.12973/eurasia.2013.9211a
discarded,Fractal Analysis of Contours of Breast Masses in Mammograms,Rangaraj Mandayam Rangayyan; Thanh Minh Nguyen,2006,Journal of Imaging Informatics in Medicine,10.1007/s10278-006-0860-9,https://openalex.org/W2026506545,off-topic-false-hit,"Fractal analysis has been shown to be useful in image processing for characterizing shape and gray-scale complexity. Breast masses present shape and gray-scale characteristics that vary between benign masses and malignant tumors in mammograms. Limited studies have been conducted on the application of fractal analysis specifically for classifying breast masses based on shape. The fractal dimension of the contour of a mass may be computed either directly from the 2-dimensional (2D) contour or from a 1-dimensional (1D) signature derived from the contour. We present a study of four methods to compute the fractal dimension of the contours of breast masses, including the ruler method and the box counting method applied to 1D and 2D representations of the contours. The methods were applied to a data set of 111 contours of breast masses. Receiver operating characteristics (ROC) analysis was performed to assess and compare the performance of fractal dimension and four previously developed shape factors in the classification of breast masses as benign or malignant. Fractal dimension was observed to complement the other shape factors, in particular fractional concavity, in the representation of the complexity of the contours. The combination of fractal dimension with fractional concavity yielded the highest area (A(z)) under the ROC curve of 0.93; the two measures, on their own, resulted in A(z) values of 0.89 and 0.88, respectively.",openalex,llm,1.000,unreviewed,,doi:10.1007/s10278-006-0860-9
discarded,Singular Polynomials and Modules for the Symmetric Groups,Charles F. Dunkl,2005,arXiv (Cornell University),10.48550/arxiv.math/0501494,https://openalex.org/W1761811135,off-topic-false-hit,"For certain negative rational numbers k0, called singular values, and associated with the symmetric group S_N on N objects, there exist homogeneous polynomials annihilated by each Dunkl operator when the parameter k = k0. It was shown by de Jeu, Opdam and the author (TAMS 346(1994),237-256) that the singular values are exactly the values m/n with 2<=n<=N, m = 1,2... and m/n is not an integer. For each pair (m,n) satisfying these conditions there is a unique irreducible S_N-module of singular polynomials for the singular value -m/n. The existence of these polynomials was established by the author (IMRN 2004,#67,3607-3635). The uniqueness is proven in the present paper. By using Murphy's (J. Alg. 69(1981), 287-297) results on the eigenvalues of the Murphy elements, the problem of existence of singular polynomials is first restricted to the isotype of a partition of N (corresponding to an irreducible representation of S_N) such that (n/gcd(m,n)) divides t+1 for each part t of the partition except the last one. Then by arguments involving nonsymmetric Jack polynomials it is shown that the assumption that the second part of the partition is greater than or equal to n/gcd(m,n) leads to a contradiction.This shows that the singular polynomials are exactly those already determined.",openalex,llm,0.990,unreviewed,,doi:10.48550/arxiv.math/0501494
discarded,Normalized Information Distance,Paul M. B. Vitanyi; Frank J. Balbach; Rudi Cilibrasi; Ming Li,2008,Information Theory and Statistical Learning,10.1007/978-0-387-84816-7_3,https://openalex.org/W1782524086,adjacent-subtopic,"The normalized information distance is a universal distance measure for objects of all kinds. It is based on Kolmogorov complexity and thus uncomputable, but there are ways to utilize it. First, compression algorithms can be used to approximate the Kolmogorov complexity if the objects have a string representation. Second, for names and abstract concepts, page count statistics from the World Wide Web can be used. These practical realizations of the normalized information distance can then be applied to machine learning tasks, especially clustering, to perform feature-free and parameter-free data mining. This chapter discusses the theoretical foundations of the normalized information distance and both practical realizations. It presents numerous examples of successful real-world applications based on these distance measures, ranging from bioinformatics to music clustering to machine translation.",openalex,llm,0.960,unreviewed,,doi:10.1007/978-0-387-84816-7_3
discarded,An Analysis of Subeloud-Layer Heat and Moisture Budgets in the Western Atlantic Trades,Steven K. Esbensen,1975,Journal of the Atmospheric Sciences,10.1175/1520-0469(1975)032<1921:aaoslh>2.0.co;2,https://openalex.org/W2002179553,off-topic-false-hit,"Using rawinsonde, radiation, and surface heat and moisture flux data from the Barbados Oceanographic and Meteorological Experiment (BOMEX), the budgets of heat and moisture in the subcloud layer are calculated. The results show that the vertical eddy flux of dry static energy at the top of the mixed layer is small compared with the sensible beat flux at the sea surface during a relatively undisturbed period. The eddy flux of moisture at the top of the mixed layer is large and nearly balances the sea-surface evaporation. The large eddy moisture flux dominates the eddy flux of dry static energy across the top of the layer and results in a positive eddy buoyancy flux during relatively undisturbed synoptic conditions. For weakly unstable boundary layers topped by cumulus convection this suggests that the commonly used representation of the eddy buoyancy flux at the mixed layer top as a small negative fraction of the sea surface flux may be valid only in the environment away from the convection. Large cumulus cloud base mass fluxes computed using subcloud-layer information are consistent with the values obtained by Nitta using cloud-layer information for the same period.",openalex,llm,1.000,unreviewed,,doi:10.1175/1520-0469(1975)032<1921:aaoslh>2.0.co;2
discarded,Singular polynomials for the symmetric groups,Charles F. Dunkl,2004,arXiv (Cornell University),10.48550/arxiv.math/0403277,https://openalex.org/W2951550143,off-topic-false-hit,"For certain negative rational numbers k, called singular values, and associated with the symmetric group S_N on N objects, there exist homogeneous polynomials annihilated by each Dunkl operator when the parameter equals k. It was shown by the author, de Jeu and Opdam (Trans. Amer. Math. Soc. 346 (1994), 237-256) that the singular values are exactly the values -m/n with 2 <= n <= N, m = 1,2,... and m/n is not an integer. This paper constructs for each pair (m,n) satisfying these conditions an irreducible S_N-module of singular polynomials for the singular value -m/n. The module is of isotype (n-1,(n1-1)^p,r) where n1 = n/gcd(m,n), r = N-n+1-p(n1-1) and 1 <= r <= n1-1 (thus defining p). The singular polynomials are special cases of nonsymmetric Jack polynomials. The paper presents some formulae for the action of Dunkl operators on these polynomials valid in general, and a method for showing the dependence of poles (in the parameter) on the number of variables (N). Murphy elements are used to analyze the representation of S_N on irreducible spaces of singular polynomials.",openalex,llm,0.990,unreviewed,,doi:10.48550/arxiv.math/0403277
discarded,On proximity relations for valuations dominating a two-dimensional regular local ring,José Juan Aparicio; Ángel Granja; Tomás Sánchez-Giralda,1999,Revista Matemática Iberoamericana,10.4171/rmi/267,https://openalex.org/W1973104768,off-topic-false-hit,"The purpose of this paper is to define a new numerical invariant of valuations centered in a regular two-dimensional regular local ring. For this, we define a sequence of non-negative rational numbers \delta_\nu = \lbrace \delta_\nu (j)\rbrace_{j≥0} which is determined by the proximity relations of the successive quadratic transformations at the points determined by a valuation \nu . This sequence is characterized by seven combinatorial properties so that any sequence of non-negative rational numbers having the above properties is the sequence associated to a valuation.",openalex,llm,0.980,unreviewed,,doi:10.4171/rmi/267
discarded,Computer-Aided Segmentation System for Breast MRI Tumour using Modified Automatic Seeded Region Growing (BMRI-MASRG),Ali Qusay Al-Faris; Umi Kalthum Ngah; Nor Ashidi Mat Isa; Ibrahim Lutfi Shuaib,2013,Journal of Imaging Informatics in Medicine,10.1007/s10278-013-9640-5,https://openalex.org/W2076424125,off-topic-false-hit,"In this paper, an automatic computer-aided detection system for breast magnetic resonance imaging (MRI) tumour segmentation will be presented. The study is focused on tumour segmentation using the modified automatic seeded region growing algorithm with a variation of the automated initial seed and threshold selection methodologies. Prior to that, some pre-processing methodologies are involved. Breast skin is detected and deleted using the integration of two algorithms, namely the level set active contour and morphological thinning. The system is applied and tested on 40 test images from the RIDER breast MRI dataset, the results are evaluated and presented in comparison to the ground truths of the dataset. The analysis of variance (ANOVA) test shows that there is a statistically significance in the performance compared to the previous segmentation approaches that have been tested on the same dataset where ANOVA p values for the evaluation measures' results are less than 0.05, such as: relative overlap (p = 0.0002), misclassification rate (p = 0.045), true negative fraction (p = 0.0001) and sum of true volume fraction (p = 0.0001).",openalex,llm,1.000,unreviewed,,doi:10.1007/s10278-013-9640-5
discarded,Epstein-Barr virus genomes are found predominantly in IgA-positive B cells in the blood of healthy carriers,Barbro Ehlin‐Henriksson; Jie‐Zhi Zou; George Klein; Ingemar Ernberg,1999,International Journal of Cancer,10.1002/(sici)1097-0215(19990924)83:1<50::aid-ijc10>3.0.co;2-1,https://openalex.org/W2008854758,off-topic-false-hit,"B lymphocytes have been identified as the main reservoir of latent Epstein-Barr virus (EBV) in healthy virus carriers. We have established a semi-quantitative PCR method to estimate the EBV genome load in the blood B-cell subpopulation in healthy individuals. EBV DNA was detected in subfractionated IgM-, IgG- and IgA-positive B cells. Between 80% and 90% of the viral DNA was found in the IgA-positive compared with the IgA-negative fraction.",openalex,llm,1.000,unreviewed,,doi:10.1002/(sici)1097-0215(19990924)83:1<50::aid-ijc10>3.0.co;2-1
discarded,How COVID-19 Affected Computer Science MOOC Learner Behavior and Achievements: A Demographic Study,Anindya Roy; Michael Yee; Meghan Perdue; Julius Stein; Ana Bell; Ronisha Carter; Shigeru Miyagawa,2022,,10.1145/3491140.3528328,https://openalex.org/W4281783044,adjacent-subtopic,"Learner data from multiple instances of two introductory Python MOOCs, offered before and during the COVID-19 pandemic, were analyzed to see if and how learner behavior and overall learning outcomes changed during the pandemic. We found a surge in interest during the pandemic, but the certification rate fell short of the pre-pandemic average. Moreover, this drop in certification rate is more noticeable for the advanced course in the sequence, and is more pronounced in groups traditionally underrepresented in computer-science and coding communities. Additionally, we analyzed learners' interaction with one another on the course discussion forum, and performed a sentiment analysis of the forum comments using natural language processing, which revealed behavioral trends that differed significantly during the pandemic.",openalex,llm,0.990,unreviewed,,doi:10.1145/3491140.3528328
discarded,Admissible Representations of Probability Measures,Matthias Schröder,2007,Electronic Notes in Theoretical Computer Science,10.1016/j.entcs.2006.08.007,https://openalex.org/W2007418879,adjacent-subtopic,"In a recent paper, probabilistic processes are used to generate Borel probability measures on topological spaces X that are equipped with a representation in the sense of Type-2 Theory of Effectivity. This gives rise to a natural representation of the set M(X) of Borel probability measures on X. We compare this representation to a canonically constructed representation which encodes a Borel probability measure as a lower semicontinuous function from the open sets to the unit interval. This canonical representation turns out to be admissible with respect to the weak topology on M(X). Moreover, we prove that for countably based topological spaces X the representation via probabilistic processes is equivalent to the canonical representation and thus admissible with respect to the weak topology on M(X).",openalex,llm,0.900,unreviewed,,doi:10.1016/j.entcs.2006.08.007
discarded,On a theory of the b-function in positive characteristic,Thomas Bitoun,2018,Selecta Mathematica,10.1007/s00029-017-0383-x,https://openalex.org/W2247508598,off-topic-false-hit,"We present a theory of the b-function (or Bernstein–Sato polynomial) in positive characteristic. Let f be a non-constant polynomial with coefficients in a perfect field k of characteristic $$p>0.$$ Its b-function $$b_f$$ is defined to be an ideal of the algebra of continuous k-valued functions on $${\mathbb {Z}}_p.$$ The zero-locus of the b-function is thus naturally interpreted as a subset of $${\mathbb {Z}}_p,$$ which we call the set of roots of $$b_f.$$ We prove that $$b_f$$ has finitely many roots and that they are negative rational numbers. Our construction builds on an earlier work of Mustaţă and is in terms of D-modules, where D is the ring of Grothendieck differential operators. We use the Frobenius to obtain finiteness properties of $$b_f$$ and relate it to the test ideals of f.",openalex,llm,0.990,unreviewed,,doi:10.1007/s00029-017-0383-x
discarded,Novice and expert Grade 9 teachers’ responses to unexpected learner offers in the teaching of algebra,Julian Moodliar; Lawan Abdulhamid,2021,Pythagoras,10.4102/pythagoras.v42i1.624,https://openalex.org/W4200598129,adjacent-subtopic,"In South Africa, limited studies have been conducted investigating responsive teaching and little is known about how teachers respond to unexpected events ‘in the moment’ that did not form part of their planning. In this article, we report how a Grade 9 novice and expert teacher responded to unexpected learner offers during the teaching of algebra using a qualitative case study approach. Three consecutive lessons for each teacher were video recorded, transcribed and analysed. Our units of analysis for episodes were teachers’ responses to unexpected learner offers and we coded the responses as ‘appropriate’ or ‘inappropriate’. Indicators used to highlight the degree of quality of the response were ‘minimum’, ‘middle’ and ‘maximum’ if a response was coded as appropriate to a learner’s offer. Once lessons were analysed, the first author conducted video-stimulated recall interviews with each participant to gain insight into the two teachers’ thoughts and decision-making when responding to unexpected learner offers. The findings from this study illustrated that the novice teacher failed to press learners when their thinking was unclear, chose to ignore or provided an incorrect answer when faced with an unexpected learner offer. Conversely, the expert teacher continuously interrogated learner offers by pressing if a learner offer was unclear or if she wanted learners to explain their thinking. This suggests that the expert teacher’s responses were highly supportive of emergent mathematics learning in the collective classroom space.",openalex,llm,0.970,unreviewed,,doi:10.4102/pythagoras.v42i1.624
discarded,Inferring tumour purity and stromal and immune cell admixture from expression data,Kosuke Yoshihara; Maria Shahmoradgoli; Emmanuel Martínez-Ledesma; Rahulsimham Vegesna; Hoon Kim; Wandaliz Torres‐García; Víctor Treviño; Hui Shen; Peter W. Laird; Douglas A. Levine; Scott L. Carter; Gad A. Getz; Katherine Stemke‐Hale; Gordon Brent Mills; Roel G.W. Verhaak,2013,Nature Communications,10.1038/ncomms3612,https://openalex.org/W2130430382,off-topic-false-hit,"Infiltrating stromal and immune cells form the major fraction of normal cells in tumour tissue and not only perturb the tumour signal in molecular studies but also have an important role in cancer biology. Here we describe ‘Estimation of STromal and Immune cells in MAlignant Tumours using Expression data’ (ESTIMATE)—a method that uses gene expression signatures to infer the fraction of stromal and immune cells in tumour samples. ESTIMATE scores correlate with DNA copy number-based tumour purity across samples from 11 different tumour types, profiled on Agilent, Affymetrix platforms or based on RNA sequencing and available through The Cancer Genome Atlas. The prediction accuracy is further corroborated using 3,809 transcriptional profiles available elsewhere in the public domain. The ESTIMATE method allows consideration of tumour-associated normal cells in genomic and transcriptomic studies. An R-library is available on https://sourceforge.net/projects/estimateproject/ . Tumour biopsies contain contaminating normal cells and these can influence the analysis of tumour samples. In this study, Yoshihara et al.develop an algorithm based on gene expression profiles from The Cancer Genome Atlas to estimate the number of contaminating normal cells in tumour samples.",openalex,llm,1.000,unreviewed,,doi:10.1038/ncomms3612
discarded,Monoclonal antibodies detecting antigenic determinants with restricted expression on erythroid cells: from the erythroid committed progenitor level to the mature erythroblast,Takashi Yokochi; Martha C. Brice; Peter S. Rabinovitch; TH. PAPAYANNOPOULOU; G Stamatoyannopoulos,1984,Blood,10.1182/blood.v63.6.1376.1376,https://openalex.org/W272009590,off-topic-false-hit,"Two new cell surface antigens specific for the erythroid lineage were defined with cytotoxic IgM monoclonal antibodies (McAb) (EP-1; EP-2) that were produced using BFU-E-derived colonies as immunogens. These two antigens are expressed on in vivo and in vitro derived adult and fetal erythroblasts, but not on erythrocytes. They are not detectable on resting lymphocytes, concanavalin-A (Con-A) activated lymphoblasts, granulocytes, and monocytes or granulocytic cells or macrophages present in peripheral blood or harvested from CFU-GM cultures. Cell line and tissue distributions distinguish McAb EP-1 and EP-2 from all previously described monoclonal antibodies. McAb EP-1 (for erythropoietic antigen-1) inhibits the formation of BFU-E and CFU-E, but not CFU-GM, colonies in complement-dependent cytotoxicity assays. By cell sorting analysis, about 90% of erythroid progenitors (CFU-E, BFU-E) were recovered in the antigen-positive fraction. Seven percent of the cells in this fraction were progenitors (versus 0.1% in the negative fraction). The expression of EP-1 antigen is greatly enhanced in K562 cells, using inducers of hemoglobin synthesis. McAb EP-2 fails to inhibit BFU-E and CFU-E colony formation in complement-dependent cytotoxicity assays. EP-2 antigen is predominantly expressed on in vitro derived immature erythroblasts, and it is weakly expressed on mature erythroblasts. The findings with McAb EP-1 provide evidence that erythroid progenitors (BFU-E and CFU-E) express determinants that fail to be expressed on other progenitor cells and hence appear to be unique to the erythroid lineage. McAb EP-1 and EP-2 are potentially useful for studies of erythroid differentiation and progenitor cell isolation.",openalex,llm,1.000,unreviewed,,doi:10.1182/blood.v63.6.1376.1376
