status,title,authors,year,venue,doi,url,tags,abstract,provider,decision_source,llm_confidence,llm_review_outcome,llm_change_direction,paper_id
discarded,OPORP: One Permutation + One Random Projection,P. Li,2023,Proceedings of the ACM SIGKDD International Conference on Knowledge Discovery and Data Mining,10.1145/3580305.3599457,https://www.scopus.com/inward/record.uri?partnerID=HzOxMe3b&scp=85171322044&origin=inward,adjacent-subtopic,"OPORP is a variant of the count-sketch data structure by using a fixed-length binning scheme and a normalization step for the estimation. In our experience, we find engineers like the name ""one permutation + one random projection"" as it tells the exact steps. Consider two vectors (e.g., embeddings): u, v ? R D with p = cos(u, v). In embedding-based applications (e.g., EBR), D = 256 - 4096 are common. With OPORP, we first apply a permutation on the data vectors. A vector r ∈ R D is generated i.i.d. with E(i) = 0, E(r 2 i ) = 1, E(r 3 i ) = 0, E(r4 i ) = s, where s ≥ 1. We multiply (as Hadamard product) r with all permuted data vectors. Then we break the D columns into k equal-length bins and aggregate (i.e., sum) the values in each bin to obtain k samples from each data vector. One crucial step is to normalize the k samples to the unit l2 norm. We show that the estimation variance equals:(s - 1)A + D-k/D-1 1/k [(1-p2)2 -2A ] , A ≥ 0, s ≥ 1, which reveals several key properties of the proposed scheme: We need s = 1, otherwise the variance would have a term which does not decrease with increasing sample size k. The factor d-k/d-1 is beneficial in reducing variances, especially for short vectors which are common in embeddings. The term (1-p2)2 is a drastic variance reduction compared to (1+p 2 ) which is the variance term without normalization. Moreover, the technique in our work also substantially improves the ""very sparse random projections"" (VSRP) in kDD'06. Another major use of OPORP will be in differential privacy (DP).",scopus,llm,0.970,unreviewed,,doi:10.1145/3580305.3599457
discarded,Importance of Data Structure Change byApplying Domain Knowledge in Industrial Tabular Data,J. Hwang,2023,Digest of Technical Papers SID International Symposium,10.1002/sdtp.16885,https://www.scopus.com/inward/record.uri?partnerID=HzOxMe3b&scp=85175333767&origin=inward,off-topic-false-hit,"Recently, AI has penetrated various fields in industrial settings. For example, the display industry is also actively researching AI applications, and the most advanced field is using inspection data. A measurement sensor from a processing facility or data from an inspection facility is used to detect defects at the display manufacturing site. However, in the case of raw material defects, the effects of minor defects can accumulate and cause abnormalities in subsequent processes, which are very difficult to detect. In this case, the accumulated data is analyzed, but there is no exact standard, and there is a limit to subjective judgment by the inspector. To solve this issue, we applied DBSCAN clustering, clustering the X and Y axes individually, coordinates with binning, and normalization as the preprocessing method to maximize the discriminative power of the defect. Moreover, for the final defect detection, an AI structure that detects defects was completed using a structure that combines DBSCAN and Isolation Forest. We minimized detection errors by using the clustering function of DBSCAN as a noise removal effect. As a result, it was possible to develop and mass‐produce ML with an F1 score of 0.998 for defect detection, which was difficult to automate in the past. AI performed this comparison, objectifying the existing engineer's resource‐based work and shortening the progress time.",scopus,llm,0.980,unreviewed,,doi:10.1002/sdtp.16885
discarded,Three metric-based method for data compatibility calculation,D. Vodnanský,2021,Acta Informatica Pragensia,10.18267/J.AIP.145,https://www.scopus.com/inward/record.uri?partnerID=HzOxMe3b&scp=85111208261&origin=inward,adjacent-subtopic,"This article analyzes ways of calculating characteristics of data and most common data structure types that allow comparison between them or on a time axis. To achieve this, it studies the key aspects of relational databases, XML, JSON and RDF structure types. These data structure types are compared to multiple isolated approaches to data quality and other data characteristics measurements. The goals of the article are the calculation method itself and a storage structure for calculated values. The article presents a method of characterization of data and data structure types based on the calculation of three metrics: the amount of structuredness, the amount of hierarchicallity and the amount of information. This triad of metrics allows comparison between various data sets (objects), for example evaluating the complexity of the transformation of data from one data object to another, as well as with data structure types (as mentioned above). Based on the vector of three metrics, the calculation method of the compatibility between data and data structure type is proposed. This method can help select the most compatible data format for existing data. The calculated values of metrics can also detect non-optimal storage design and classify data transformations. The method was evaluated on an example case study, which showed its usability on an example demonstration data set. It can be used in the process of data modelling to help select optimal data structure type, to design a data transformation process and to optimize existing data storages.",scopus,llm,0.960,unreviewed,,doi:10.18267/j.aip.145
discarded,Comparison of Left Fold and Tree Fold Strategies in Creation of Binary Decision Diagrams,M. Mrena,2021,International Conference on Information and Digital Technologies 2021 Idt 2021,10.1109/IDT52577.2021.9497593,https://www.scopus.com/inward/record.uri?partnerID=HzOxMe3b&scp=85112413303&origin=inward,adjacent-subtopic,"A Binary Decision Diagram (BDD) is a data structure that can be used for efficient representation of Boolean functions. It allows storing a Boolean function of many variables and manipulating with it. For a given Boolean function, a BDD can be created statically or dynamically. The static creation has usually high demands on memory and time, therefore, it can be applied only to functions of few variables. On the other hand, the dynamic creation has less demands on computation time and memory, therefore, it is more preferable in case of real-world problems that usually deal with functions containing many variables. The dynamic creation is based on a fact that a function of many variables can be viewed as a composition of several smaller functions. Using this idea, BDDs of smaller functions are firstly created and then they are combined together to obtain a BDD of the whole function. The time needed for dynamic creation of a BDD depends on several factors. In case of a Boolean function that can be viewed as a composition of several smaller functions merged using an associative binary operation (e.g., AND, OR, NAND, NOR), time needed to create the final BDD can be influenced by the order in which the smaller functions are processed to obtain a BDD representing the whole function. This processing order is known as fold strategy and, generally, two basic strategies can be defined. These strategies are left (right) fold, in which the functions are processed from left to right (from right to left), and tree fold, when the functions at odd positions are merged with their right neighbors and this process is repeated until we obtain the final BDD. In this paper, we analyze influence of these two strategies on time needed to create a BDD representing Boolean function that is defined in a disjunctive normal form. The experimental analysis is primarily realized using our C++library for creation and manipulation with decision diagrams named as TeDDy (Templated Decision Diagram library).",scopus,llm,0.760,unreviewed,,doi:10.1109/idt52577.2021.9497593
discarded,The impact of preprocessing methods for a successful prostate cell lines discrimination using partial least squares regression and discriminant analysis based on fourier transform infrared imaging,D. Liberda,2021,Cells,10.3390/cells10040953,https://www.scopus.com/inward/record.uri?partnerID=HzOxMe3b&scp=85105138387&origin=inward,off-topic-false-hit,"Fourier transform infrared spectroscopy (FT-IR) is widely used in the analysis of the chemical composition of biological materials and has the potential to reveal new aspects of the molecular basis of diseases, including different types of cancer. The potential of FT-IR in cancer research lies in its capability of monitoring the biochemical status of cells, which undergo malignant transformation and further examination of spectral features that differentiate normal and cancerous ones using proper mathematical approaches. Such examination can be performed with the use of chemometric tools, such as partial least squares discriminant analysis (PLS-DA) classification and partial least squares regression (PLSR), and proper application of preprocessing methods and their correct sequence is crucial for success. Here, we performed a comparison of several state-of-the-art methods commonly used in infrared biospectroscopy (denoising, baseline correction, and normalization) with the addition of methods not previously used in infrared biospectroscopy classification problems: Mie extinction extended multiplicative signal correction, Eiler’s smoothing, and probabilistic quotient normalization. We compared all of these approaches and their effect on the data structure, classification, and regression capability on experimental FT-IR spectra collected from five different prostate normal and cancerous cell lines. Additionally, we tested the influence of added spectral noise. Overall, we concluded that in the case of the data analyzed here, the biggest impact on data structure and performance of PLS-DA and PLSR was caused by the baseline correction; therefore, much attention should be given, especially to this step of data preprocessing.",scopus,llm,1.000,unreviewed,,doi:10.3390/cells10040953
discarded,AIGEN: Random Generation of Symbolic Transition Systems,S. Jacobs,2021,Lecture Notes in Computer Science Including Subseries Lecture Notes in Artificial Intelligence and Lecture Notes in Bioinformatics,10.1007/978-3-030-81688-9_20,https://www.scopus.com/inward/record.uri?partnerID=HzOxMe3b&scp=85115879163&origin=inward,supports-claim; qualifies-claim; adjacent-subtopic; canonical representation in hardware verification or data structures; the cited BDD/graph examples carry the point,"AIGEN is an open source tool for the generation of transition systems in a symbolic representation. To ensure diversity, it employs a uniform random sampling over the space of all Boolean functions with a given number of variables. AIGEN relies on reduced ordered binary decision diagrams (ROBDDs) and canonical disjunctive normal form (CDNF) as canonical representations that allow us to enumerate Boolean functions, in the former case with an encoding that is inspired by data structures used to implement ROBDDs. Several parameters allow the user to restrict generation to Boolean functions or transition systems with certain properties, which are then output in AIGER format. We report on the use of AIGEN to generate random benchmark problems for the reactive synthesis competition SYNTCOMP 2019, and present a comparison of the two encodings with respect to time and memory efficiency in practice.",scopus,llm_reviewed,0.940,changed,kept->discarded,doi:10.1007/978-3-030-81688-9_20
discarded,Data Structure Comparison between MySql Relational Database and Firebase Database NoSql on Mobile Based Tourist Tracking Application,I.K.G. Sudiartha,2020,Journal of Physics Conference Series,10.1088/1742-6596/1569/3/032092,https://www.scopus.com/inward/record.uri?partnerID=HzOxMe3b&scp=85089074458&origin=inward,adjacent-subtopic,"Tracking application is widely used to help outdoor activities. One of them is used to help tourists who do tourist destinations in group activities. Tourist tracking application requires data on the position of tourists on earth. This coordinate data can be obtained using latitude and longitude data from GPS (Global Positioning System). Coordinate latitude and longitude position of tourists from time to time are stored in a database. Database Selection for media storage will determines the level of speed and ease in accessing data. There are some differences in designing the structure of the MySql and Firebase databases. Relational Database begins with identification of entities involved in the system. One entity with another entity is related and has a cardinality level of the relationship. Relational database implementation in the form of tables in normal forms that are interconnected. Data will be stored in columns and rows. Normalization of tables causes high query computation when calling data that involves many tables. Firebase, which is one of the NoSql databases, in building data structures is stored in JSON objects. JSON tree structures usually consider the display of information that will be presented to users. So that the generated JSON tree has high efficiency and speed in processing data. In this study a comparison between the design of the relational database structure, namely MySql and NoSql Firebase database structure was developed. Firebase is more power full for the development of applications which update data in realtime and and handle a lot of coordinate data such as tourist tracking applications. Applications that do not have complex data relations such as tourist tracking applications are more suitable to use firebase than using MySQL.",scopus,llm,0.980,unreviewed,,doi:10.1088/1742-6596/1569/3/032092
discarded,Spatial-Neighborhood Manifold Learning for Nondestructive Testing of Defects in Polymer Composites,Y. Liu,2020,IEEE Transactions on Industrial Informatics,10.1109/TII.2019.2949358,https://www.scopus.com/inward/record.uri?partnerID=HzOxMe3b&scp=85078217854&origin=inward,off-topic-false-hit,"The subspace learning (dimensionality reduction) algorithms have played an important role in the analysis of thermographic data: a key step in infrared thermography-based nondestructive testing of subsurface defects in composite materials. However, one of its branches, manifold learning, with excellent ability to preserve local data structure, is rarely applied. In this article, a spatial-neighborhood manifold learning (SNML) framework is proposed for thermographic data analysis. Different from traditional manifold learning methods, SNML uses the spatial-neighborhood information instead of the traditional k-nearest neighbors, or $\varepsilon$-neighborhood, to construct the adjacency graph. This overcomes the difficulty of parameter selection and extracts local features in images in a more reasonable way. Additionally, the data preprocessing step and the means of thermographic data normalization in the proposed framework are discussed. For performance comparison, three traditional manifold learning methods are also implemented. The experiments on carbon fiber-reinforced polymer specimens demonstrate the validity and feasibility of SNML.",scopus,llm,0.990,unreviewed,,doi:10.1109/tii.2019.2949358
discarded,MLSeq: Machine learning interface for RNA-sequencing data,D. Goksuluk,2019,Computer Methods and Programs in Biomedicine,10.1016/j.cmpb.2019.04.007,https://www.scopus.com/inward/record.uri?partnerID=HzOxMe3b&scp=85064937612&origin=inward,off-topic-false-hit,"BACKGROUND AND OBJECTIVE
In the last decade, RNA-sequencing technology has become method-of-choice and prefered to microarray technology for gene expression based classification and differential expression analysis since it produces less noisy data. Although there are many algorithms proposed for microarray data, the number of available algorithms and programs are limited for classification of RNA-sequencing data. For this reason, we developed MLSeq, to bring not only frequently used classification algorithms but also novel approaches together and make them available to be used for classification of RNA sequencing data. This package is developed using R language environment and distributed through BIOCONDUCTOR network.


METHODS
Classification of RNA-sequencing data is not straightforward since raw data should be preprocessed before downstream analysis. With MLSeq package, researchers can easily preprocess (normalization, filtering, transformation etc.) and classify raw RNA-sequencing data using two strategies: (i) to perform algorithms which are directly proposed for RNA-sequencing data structure or (ii) to transform RNA-sequencing data in order to bring it distributionally closer to microarray data structure, and perform algorithms which are developed for microarray data. Moreover, we proposed novel algorithms such as voom (an acronym for variance modelling at observational level) based nearest shrunken centroids (voomNSC), diagonal linear discriminant analysis (voomDLDA), etc. through MLSeq.


MATERIALS
Three real RNA-sequencing datasets (i.e cervical cancer, lung cancer and aging datasets) were used to evalute model performances. Poisson linear discriminant analysis (PLDA) and negative binomial linear discriminant analysis (NBLDA) were selected as algorithms based on dicrete distributions, and voomNSC, nearest shrunken centroids (NSC) and support vector machines (SVM) were selected as algorithms based on continuous distributions for model comparisons. Each algorithm is compared using classification accuracies and sparsities on an independent test set.


RESULTS
The algorithms which are based on discrete distributions performed better in cervical cancer and aging data with accuracies above 0.92. In lung cancer data, the most of algorithms performed similar with accuracies of 0.88 except that SVM achieved 0.94 of accuracy. Our voomNSC algorithm was the most sparse algorithm, and able to select 2.2% and 6.6% of all features for cervical cancer and lung cancer datasets respectively. However, in aging data, sparse classifiers were not able to select an optimal subset of all features.


CONCLUSION
MLSeq is comprehensive and easy-to-use interface for classification of gene expression data. It allows researchers perform both preprocessing and classification tasks through single platform. With this property, MLSeq can be considered as a pipeline for the classification of RNA-sequencing data.",scopus,llm,1.000,unreviewed,,doi:10.1016/j.cmpb.2019.04.007
discarded,A new deep generative network for unsupervised remote sensing single-image super-resolution,J.M. Haut,2018,IEEE Transactions on Geoscience and Remote Sensing,10.1109/TGRS.2018.2843525,https://www.scopus.com/inward/record.uri?partnerID=HzOxMe3b&scp=85049321457&origin=inward,off-topic-false-hit,"Super-resolution (SR) brings an excellent opportunity to improve a wide range of different remote sensing applications. SR techniques are concerned about increasing the image resolution while providing finer spatial details than those captured by the original acquisition instrument. Therefore, SR techniques are particularly useful to cope with the increasing demand remote sensing imaging applications requiring fine spatial resolution. Even though different machine learning paradigms have been successfully applied in SR, more research is required to improve the SR process without the need of external high-resolution (HR) training examples. This paper proposes a new convolutional generator model to super-resolve low-resolution (LR) remote sensing data from an unsupervised perspective. That is, the proposed generative network is able to initially learn relationships between the LR and HR domains throughout several convolutional, downsampling, batch normalization, and activation layers. Then, the data are symmetrically projected to the target resolution while guaranteeing a reconstruction constraint over the LR input image. An experimental comparison is conducted using 12 different unsupervised SR methods over different test images. Our experiments reveal the potential of the proposed approach to improve the resolution of remote sensing imagery.",scopus,llm,1.000,unreviewed,,doi:10.1109/tgrs.2018.2843525
