status,title,authors,year,venue,doi,url,tags,abstract,provider,decision_source,llm_confidence,llm_review_outcome,llm_change_direction,paper_id
discarded,Undecidability of equality for codata types,U. Berger,2018,Lecture Notes in Computer Science Including Subseries Lecture Notes in Artificial Intelligence and Lecture Notes in Bioinformatics,10.1007/978-3-030-00389-0_4,https://www.scopus.com/inward/record.uri?partnerID=HzOxMe3b&scp=85057306570&origin=inward,"supports-claim; qualifies-claim; adjacent-subtopic; normal forms in rewriting, logic or type theory","Decidability of type checking for dependently typed languages usually requires a decidable equality on types. Since bisimilarity on (weakly final) coalgebras such as streams is undecidable, one cannot use it as the equality in type checking. Instead, languages based on dependent types with decidable type checking such as Coq or Agda use intensional equality for type checking. Two streams are definitionally equal if the underlying terms reduce to the same normal form, i.e. if the underlying programs are syntactically equivalent. For reasoning about equality of streams one introduces bisimilarity as a propositional rather than judgemental equality.",scopus,llm_reviewed,0.990,changed,kept->discarded,doi:10.1007/978-3-030-00389-0_4
discarded,Boyce-Codd normal form (BCNF) based privacy-preserving publishing multiple subtables with conditional functional dependencies,S. Balamurugan,2016,Asian Journal of Information Technology,10.3923/ajit.2016.347.358,https://www.scopus.com/inward/record.uri?partnerID=HzOxMe3b&scp=84963972253&origin=inward,adjacent-subtopic,,scopus,llm,0.980,unreviewed,,doi:10.3923/ajit.2016.347.358
discarded,Enhancing the accuracy of measurement techniques in high Reynolds number turbulent boundary layers for more representative comparison to their canonical representations,R. Vinuesa,2016,European Journal of Mechanics B Fluids,10.1016/j.euromechflu.2015.09.004,https://www.scopus.com/inward/record.uri?partnerID=HzOxMe3b&scp=85011668904&origin=inward,off-topic-false-hit,"Existing differences between experimental, computational and theoretical representations of a particular flow do not allow one-to-one comparisons, prevent us from identifying the absolute contributions of the various sources of uncertainty in each approach, and highlight the importance of developing suitable corrections for experimental techniques. In this study we utilize the latest Pitot tube correction schemes to develop a technique which improves on the outcome of hot-wire measurements of mean velocity profiles in ZPG turbulent boundary layers over the range 11 500 < Re-theta < 21 500. Measurements by Bailey et al. (2013), carried out with probes of diameters ranging from 0.2 to 1.89 mm, supplemented by other data with larger diameters up to 12.82 mm, are used first to develop a somewhat improved Pitot tube correction which is based on viscous, shear and near-wall schemes (which contribute with around 85% of the effect), together with a turbulence scheme which accounts for 15% of the whole correction. The correction proposed here leads to similar agreement with available high-quality datasets in the same Reynolds number range as the one proposed by Bailey et al. (2013), but this is the first time that the contribution of the turbulence scheme is quantified. In addition, four available algorithms to correct wall position in hot-wire measurements are tested, using as benchmark the corrected Pitot tube profiles with artificially simulated probe shifts and blockage effects. We find that the kappa B-Musker correction developed in this study produces the lowest deviations with respect to the introduced shifts. Unlike other schemes, which are based on a prescribed near-wall region profile description, the kappa B-Musker is focused on minimizing the deviation with respect to the (kappa) over tilde(B) over tilde relation, characteristic of wall-bounded turbulent flows. This general approach is able to locate the wall position in probe measurements of the wall-layer profiles with around one half the error of the other available methods. The difficulties encountered during the development of adequate corrections for high-Re boundary layer measurements highlight the existing gap between the conditions that can be reproduced and measured in the laboratory and the so-called canonical flows. (C) 2015 Elsevier Masson SAS. All rights reserved.",scopus,llm,1.000,unreviewed,,doi:10.1016/j.euromechflu.2015.09.004
discarded,Real-time closed-loop control for micro mirrors with quasistatic comb drives,R. Schroedter,2016,Proceedings of SPIE the International Society for Optical Engineering,10.1117/12.2208431,https://www.scopus.com/inward/record.uri?partnerID=HzOxMe3b&scp=84987657191&origin=inward,off-topic-false-hit,"This paper presents the application of a real-time closed-loop control for the quasistatic axis of electrostatic micro scanning mirrors. In comparison to resonantly driven mirrors, the quasistatic comb drive allows arbitrary motion profiles with frequencies up to its eigenfrequency. A current mirror setup at Fraunhofer IPMS is manufactured with a staggered vertical comb (SVC) drive and equipped with an integrated piezo-resistive deflection sensor, which can potentially be used as position feedback sensor. The control design is accomplished based on a nonlinear mechatronic system model and the preliminary parameter characterization. In previous papers [1, 2] we have shown that jerk-limited trajectories, calculated offline, provide a suitable method for parametric trajectory design, taking into account physical limitations given by the electrostatic comb and thus decreasing the dynamic requirements. The open-loop control shows in general unfavorable residual eigenfrequency oscillations leading to considerable tracking errors for desired triangle trajectories [3]. With real-time closed-loop control, implemented on a dSPACE system using an optical feedback, we can significantly reduce these errors and stabilize the mirror motion against external disturbances. In this paper we compare linear and different nonlinear closed-loop control strategies as well as two observer variants for state estimation. Finally, we evaluate the simulation and experimental results in terms of steady state accuracy and the concept feasibility for a low-cost realization.",scopus,llm,1.000,unreviewed,,doi:10.1117/12.2208431
discarded,Selective Smooth Fictitious Play: An approach based on game theory for patrolling infrastructures with a multi-robot system,E. Hernández,2014,Expert Systems with Applications,10.1016/j.eswa.2013.10.024,https://www.scopus.com/inward/record.uri?partnerID=HzOxMe3b&scp=84890572361&origin=inward,off-topic-false-hit,"The multi-robot patrolling problem is defined as the activity of traversing a given environment. In this activity, a fleet of robots visits some places at irregular intervals of time for security purpose. To date, this problem has been solved with different approaches. However, the approaches that obtain the best results are unfeasible for security applications because they are centralized and deterministic. To overcome the disadvantages of previous work, this paper presents a new distributed and non-deterministic approach based on a model from game theory called Smooth Fictitious Play. To this end, the multi-robot patrolling problem is formulated by using concepts of graph theory to represent an environment. In this formulation, several normal-form games are defined at each node of the graph. This approach is validated by comparison with best suited literature approaches by using a patrolling simulator. The results for the proposed approach turn out to be better than previous literature approaches in as many as 88% of the cases of study. Moreover, the novel approach presented in this work has many advantages over other approaches of the literature such distribution, robustness, scalability, and dynamism. The achievements obtained in this work validate the potential of game theory to protect infrastructures. (C) 2013 Elsevier Ltd. All rights reserved.",scopus,llm,0.990,unreviewed,,doi:10.1016/j.eswa.2013.10.024
discarded,A nonlinear high gain observer for an olive oil waste esterification in a continuous stirred tank reactor,A. Abdelkader,2014,Sta 2014 15th International Conference on Sciences and Techniques of Automatic Control and Computer Engineering,10.1109/STA.2014.7086732,https://www.scopus.com/inward/record.uri?partnerID=HzOxMe3b&scp=84949925929&origin=inward,off-topic-false-hit,"In this paper, a nonlinear high gain observer is developed to reconstruct the full state of an olive oil waste esterification process. This operation is taking place in a semi-continuous stirred tank reactor. The plant model, as most of the chemical processes, presents a high level of non linearities and interconnections between states. Most of the works developed around such model are based on a canonical form of the model or in single input single output structure. We show, in this work, that it is possible to synthesis a high gain based full observer for a multi input multi output system and to ensure good applicability of a such observer. The results are validated on real measurements of the plant. The second part is devoted to performances' comparison between our observer and the well used observer for such nonlinear systems, the Extended Kalman Filter. The comparison shows that the high gain observer presents better results in precision and application limitations.",scopus,llm,0.990,unreviewed,,doi:10.1109/sta.2014.7086732
discarded,Canonicalization and symplectic simulation of the gyrocenter dynamics in time-independent magnetic fields,R. Zhang,2014,Physics of Plasmas,10.1063/1.4867669,https://www.scopus.com/inward/record.uri?partnerID=HzOxMe3b&scp=84900579870&origin=inward,off-topic-false-hit,"The gyrocenter dynamics of charged particles in time-independent magnetic fields is a non-canonical Hamiltonian system. The canonical description of the gyrocenter has both theoretical and practical importance. We provide a general procedure of the gyrocenter canonicalization, which is expressed by the series of a small variable ϵ depending only on the parallel velocity u and can be expressed in a recursive manner. We prove that the truncation of the series to any given order generates a set of exact canonical coordinates for a system, whose Lagrangian approximates to that of the original gyrocenter system in the same order. If flux surfaces exist for the magnetic field, the series stops simply at the second order and an exact canonical form of the gyrocenter system is obtained. With the canonicalization schemes, the canonical symplectic simulation of gyrocenter dynamics is realized for the first time. The canonical symplectic algorithm has the advantage of good conservation properties and long-term numerical accuracy, while avoiding numerical instability. It is worth mentioning that explicitly expressing the canonical Hamiltonian in new coordinates is usually difficult and impractical. We give an iteration procedure that is easy to implement in the original coordinates associated with the coordinate transformation. This is crucial for modern large-scale simulation studies in plasma physics. The dynamics of gyrocenters in the dipole magnetic field and in the toroidal geometry are simulated using the canonical symplectic algorithm by comparison with the higher-order non symplectic Runge-Kutta scheme. The overwhelming superiorities of the symplectic method for the gyrocenter system are evidently exhibited.",scopus,llm,0.990,unreviewed,,doi:10.1063/1.4867669
discarded,Complete set of invariants of a 4th order tensor: The 12 tasks of HARDI from ternary quartics,T. Papadopoulo,2014,Lecture Notes in Computer Science Including Subseries Lecture Notes in Artificial Intelligence and Lecture Notes in Bioinformatics,10.1007/978-3-319-10443-0_30,https://www.scopus.com/inward/record.uri?partnerID=HzOxMe3b&scp=84906971773&origin=inward,off-topic-false-hit,,scopus,llm,0.890,unreviewed,,doi:10.1007/978-3-319-10443-0_30
discarded,Framework for efficient search and statistics computation on encrypted cloud data,S. Chatterjee,2014,Lecture Notes in Computer Science Including Subseries Lecture Notes in Artificial Intelligence and Lecture Notes in Bioinformatics,10.1007/978-3-319-09843-2_21,https://www.scopus.com/inward/record.uri?partnerID=HzOxMe3b&scp=84907317241&origin=inward,adjacent-subtopic,,scopus,llm,0.880,unreviewed,,doi:10.1007/978-3-319-09843-2_21
discarded,Complete set of invariants of a 4th order tensor: the 12 tasks of HARDI from ternary quartics.,T. Papadopoulo,2014,Medical Image Computing and Computer Assisted Intervention Miccai International Conference on Medical Image Computing and Computer Assisted Intervention,,https://www.scopus.com/inward/record.uri?partnerID=HzOxMe3b&scp=84909642031&origin=inward,off-topic-false-hit,,scopus,llm,0.900,unreviewed,,hash:247048b3bc977c5a
discarded,Adaptive control of discrete-time state-space T-S fuzzy systems with general relative degree,R. Qi,2013,Fuzzy Sets and Systems,10.1016/j.fss.2012.10.011,https://www.scopus.com/inward/record.uri?partnerID=HzOxMe3b&scp=84873736137&origin=inward,off-topic-false-hit,"This paper develops a new solution framework for adaptive control of general discrete-time single-input single-output (SISO) state-space Takagi-Sugeno (T-S) fuzzy systems with a relative degree rho (1 <=rho <= n). A new procedure is proposed to construct a normal form of a global T-S fuzzy system model from local state-space models in non-canonical form, and such a normal form system has an explicit relative degree structure and a specific input-output signal causality relationship in the sense that it does not include any future values of fuzzy membership functions. An adaptive feedback control scheme is designed based on the global normal form T-S fuzzy model, to ensure desired closed-loop stability and output tracking properties. A comparison is given to adaptive state tracking designs seen in the literature, which require much more restrictive matching conditions and do not take into account the high relative degree cases. As an illustrative example, a T-S fuzzy system is constructed based on the linearized local models of a transport airplane. Simulation results have demonstrated the developed new concepts and verified the desired performance of the new type of adaptive fuzzy control systems. (C) 2012 Elsevier B.V. All rights reserved.",scopus,llm,0.990,unreviewed,,doi:10.1016/j.fss.2012.10.011
discarded,SAT based model checking for MDG models,K.A. Hoque,2010,Proceedings of the 8th IEEE International Newcas Conference Newcas2010,10.1109/NEWCAS.2010.5603785,https://www.scopus.com/inward/record.uri?partnerID=HzOxMe3b&scp=78349253029&origin=inward,adjacent-subtopic,"Multiway Decision Graph (MDG) is a canonical representation of a subset of many-sorted first-order logic. It generalizes the logic of equality with abstract types and uninterpreted function symbols. The area of Satisfiability (SAT) ha s been the subject of intensive research in recent years, with significant theoretical and practical contributions. From a practical perspective, a large number of very effective SAT solvers have recently been proposed, most of which based on improvements made to the original Davis-Putnam algorithm. Local search algorithms have allowed solving extremely large satisfiable instances of SAT. The combination between various verification methodologies will enhance the capabilities of each and overcome their limitations. In this paper, we introduce a model checking methodology for MDG based models using MDG tool and SAT solver. We use SAT solver searching for feasible paths of reachable states satisfying the property under certain encoding constraints. Finally, we provide a case study showing the correctness and the efficiency of our approach.",scopus,llm,0.780,unreviewed,,doi:10.1109/newcas.2010.5603785
discarded,A state-space model for flat fading channels with a novel method of rational function filter design,F. Tao,2008,IEEE Transactions on Wireless Communications,10.1109/T-WC.2008.070912,https://www.scopus.com/inward/record.uri?partnerID=HzOxMe3b&scp=58149119327&origin=inward,off-topic-false-hit,"Clarke's model and Jakes' spectrum have been traditionally accepted in wireless channel modeling. In comparison with measured spectra, Jake's spectrum has limitations - it is unbounded and does not incorporate the effect of temporal phase fluctuations. Previous work extended Clarke's model to yield a theoretical power spectrum that is consistent with measured data. The modified spectrum, which includes the effects of phase fluctuations explicitly, is more appropriate as a theoretical basis for channel spectrum analysis and simulations. We develop here a state-space model that represents a wireless channel with these modified spectral characteristics. This is achieved by developing the relationship between a continuous-time state-space model and the theory of the rational transfer function. A novel method for the design of a rational transfer function of a linear system is proposed. The system input is a Gaussian white noise process, which generates a wireless channel with a desired arbitrary power spectrum. We represent the rational transfer function via the observable canonical form (OCF) to obtain the continuous-time state-space model. A discrete-time version of the state-space model is then provided to represent and simulate a discrete-time flat fading wireless channel.",scopus,llm,0.990,unreviewed,,doi:10.1109/t-wc.2008.070912
discarded,Reconciling perspectives of software logic testing,G. Kaminski,2008,Software Testing Verification and Reliability,10.1002/stvr.386,https://www.scopus.com/inward/record.uri?partnerID=HzOxMe3b&scp=52649154647&origin=inward,adjacent-subtopic,"Many software logic test coverage criteria have emerged over the past several years; however, they are scattered throughout the literature. The goal of this paper is to describe the various logic tests and explain their rationale in a centralized location in order to aid software testers in their decisions about which to implement. Each logic test is examined in terms of its minimum and maximum test sizes, subsumption relationship to other logic tests, and its fault detection capability. It is shown that although semantic tests generally have a smaller test size, syntactic tests are better in terms of fault detection capability. Furthermore, it is shown that the syntactic tests subsume their semantic counterparts. Two new software faults are introduced to Kuhn's fault hierarchy, namely the term insertion fault and the term negation fault, and the fault detection capability of the logic tests with respect to these faults is examined. A new software testing criterion called multiple unique true point/near false point (MUTP/NFP) is also presented, with a description of its benefits and limitations. Specifically, a detailed comparison of the MUTP/NFP criterion and the CUTPNFP/MNFP/MUTP criterion is given. Copyright © 2008 John Wiley & Sons, Ltd.",scopus,llm,0.980,unreviewed,,doi:10.1002/stvr.386
discarded,Combining decision procedures for the reals,J. Avigad,2006,Logical Methods in Computer Science,10.2168/LMCS-2(4:4)2006,https://www.scopus.com/inward/record.uri?partnerID=HzOxMe3b&scp=84862233869&origin=inward,"supports-claim; adjacent-subtopic; computer algebra simplification; the cited CAS sources carry the point (Davenport 2002, Stoutemyer 2011: no abstract obtained)","We address the general problem of determining the validity of boolean com- binations of equalities and inequalities between real-valued expressions. In particular, we consider methods of establishing such assertions using only restricted forms of distributiv- ity. At the same time, we explore ways in which ""local"" decision or heuristic procedures for fragments of the theory of the reals can be amalgamated into global ones. Let Tadd(Q) be the first-order theory of the real numbers in the language with symbols 0,1,+, , <, . . . , fa, . . . where for each a 2 Q, fa denotes the function fa(x) = ax. Let Tmult(Q) be the analogous theory for the language with symbols 0,1,×,÷, <, . . . , fa, . . .. We show that although T(Q) = Tadd(Q) ( Tmult(Q) is undecidable, the universal fragment of T(Q) is decidable. We also show that terms of T(Q) can fruitfully be put in a normal form. We prove analogous results for theories in which Q is replaced, more generally, by suitable subfields F of the reals. Finally, we consider practical methods of establishing quantifier-free validities that approximate our (impractical) decidability results.",scopus,llm_reviewed,0.940,changed,kept->discarded,doi:10.2168/lmcs-2(4:4)2006
