status,title,authors,year,venue,doi,url,tags,abstract,provider,decision_source,llm_confidence,llm_review_outcome,llm_change_direction,paper_id
discarded,Development of a Dual-Index Sequencing Strategy and Curation Pipeline for Analyzing Amplicon Sequence Data on the MiSeq Illumina Sequencing Platform,James J. Kozich; Sarah L. Westcott; Nielson T. Baxter; Sarah K. Highlander; Patrick D. Schloss,2013,Applied and Environmental Microbiology,10.1128/aem.01043-13,https://openalex.org/W2117457769,adjacent-subtopic,"Rapid advances in sequencing technology have changed the experimental landscape of microbial ecology. In the last 10 years, the field has moved from sequencing hundreds of 16S rRNA gene fragments per study using clone libraries to the sequencing of millions of fragments per study using next-generation sequencing technologies from 454 and Illumina. As these technologies advance, it is critical to assess the strengths, weaknesses, and overall suitability of these platforms for the interrogation of microbial communities. Here, we present an improved method for sequencing variable regions within the 16S rRNA gene using Illumina's MiSeq platform, which is currently capable of producing paired 250-nucleotide reads. We evaluated three overlapping regions of the 16S rRNA gene that vary in length (i.e., V34, V4, and V45) by resequencing a mock community and natural samples from human feces, mouse feces, and soil. By titrating the concentration of 16S rRNA gene amplicons applied to the flow cell and using a quality score-based approach to correct discrepancies between reads used to construct contigs, we were able to reduce error rates by as much as two orders of magnitude. Finally, we reprocessed samples from a previous study to demonstrate that large numbers of samples could be multiplexed and sequenced in parallel with shotgun metagenomes. These analyses demonstrate that our approach can provide data that are at least as good as that generated by the 454 platform while providing considerably higher sequencing coverage for a fraction of the cost.",openalex,llm,0.980,unreviewed,,doi:10.1128/aem.01043-13
discarded,Purely Organic Thermally Activated Delayed Fluorescence Materials for Organic Light‐Emitting Diodes,Michael Y. Wong; Eli Zysman‐Colman,2017,Advanced Materials,10.1002/adma.201605444,https://openalex.org/W2592007998,off-topic-false-hit,"The design of thermally activated delayed fluorescence (TADF) materials both as emitters and as hosts is an exploding area of research. The replacement of phosphorescent metal complexes with inexpensive organic compounds in electroluminescent (EL) devices that demonstrate comparable performance metrics is paradigm shifting, as these new materials offer the possibility of developing low-cost lighting and displays. Here, a comprehensive review of TADF materials is presented, with a focus on linking their optoelectronic behavior with the performance of the organic light-emitting diode (OLED) and related EL devices. TADF emitters are cross-compared within specific color ranges, with a focus on blue, green-yellow, orange-red, and white OLEDs. Organic small-molecule, dendrimer, polymer, and exciplex emitters are all discussed within this review, as is their use as host materials. Correlations are provided between the structure of the TADF materials and their optoelectronic properties. The success of TADF materials has ushered in the next generation of OLEDs.",openalex,llm,0.990,unreviewed,,doi:10.1002/adma.201605444
discarded,Spray and wait,Thrasyvoulos Spyropoulos; Konstantinos Psounis; Cauligi S. Raghavendra,2005,,10.1145/1080139.1080143,https://openalex.org/W2125957038,adjacent-subtopic,"Intermittently connected mobile networks are sparse wireless networks where most of the time there does not exist a complete path from the source to the destination. These networks fall into the general category of Delay Tolerant Networks. There are many real networks that follow this paradigm, for example, wildlife tracking sensor networks, military networks, inter-planetary networks, etc. In this context, conventional routing schemes would fail.To deal with such networks researchers have suggested to use flooding-based routing schemes. While flooding-based schemes have a high probability of delivery, they waste a lot of energy and suffer from severe contention, which can significantly degrade their performance. Furthermore, proposed efforts to significantly reduce the overhead of flooding-based schemes have often be plagued by large delays. With this in mind, we introduce a new routing scheme, called Spray and Wait, that ""sprays"" a number of copies into the network, and then ""waits"" till one of these nodes meets the destination.Using theory and simulations we show that Spray and Wait outperforms all existing schemes with respect to both average message delivery delay and number of transmissions per message delivered; its overall performance is close to the optimal scheme. Furthermore, it is highly scalable retaining good performance under a large range of scenarios, unlike other schemes. Finally, it is simple to implement and to optimize in order to achieve given performance goals in practice.",openalex,llm,0.990,unreviewed,,doi:10.1145/1080139.1080143
discarded,The Cost of Dichotomization,Jacob Cohen,1983,Applied Psychological Measurement,10.1177/014662168300700301,https://openalex.org/W1987838173,off-topic-false-hit,"Assuming bivariate normality with correlation r, dichotomizing one variable at the mean results in the reduction in variance accounted for to .647r²; and dichotomizing both at the mean, to .405r². These losses, in turn, result in reduction in statistical power equivalent to discarding 38% and 60% of the cases under representative conditions. As dichotomization departs from the mean, the costs in variance accounted for and in power are even larger. Consequences of this practice in measurement applications are considered. These losses may not be quite so large in real data, but since methods are available for making use of all the original scaling information, there is no reason to sustain them.",openalex,llm,0.990,unreviewed,,doi:10.1177/014662168300700301
discarded,Why Is Manhattan So Expensive? Regulation and the Rise in Housing Prices,Edward L. Glaeser; Joseph Gyourko; Raven E. Saks,2005,The Journal of Law and Economics,10.1086/429979,https://openalex.org/W3125335993,off-topic-false-hit,"In Manhattan, housing prices have soared since the 1990s. Although rising incomes, lower interest rates, and other factors can explain the demand side of this increase, some sluggishness in the supply of apartment buildings is needed to account for high and rising prices. In a market dominated by high‐rises, the marginal cost of supplying more housing is the cost of adding an extra floor to any new building. Home building is a highly competitive industry with almost no natural barriers to entry, and yet prices in Manhattan currently appear to be more than twice their supply costs. We argue that land use restrictions are the natural explanation for this gap. We also present evidence that regulation is constraining the supply of housing in a number of other housing markets across the country. In these areas, increases in demand have led not to more housing units but to higher prices.",openalex,llm,0.990,unreviewed,,doi:10.1086/429979
discarded,A beta-mixture quantile normalization method for correcting probe design bias in Illumina Infinium 450 k DNA methylation data,Andrew Erich Teschendorff; Francesco Marabita; Matthias Lechner; Thomas E. Bartlett; Jesper N. Tegner; David Gómez-Cabrero; Stephan Beck,2012,Bioinformatics,10.1093/bioinformatics/bts680,https://openalex.org/W2127431419,off-topic-false-hit,"MOTIVATION: The Illumina Infinium 450 k DNA Methylation Beadchip is a prime candidate technology for Epigenome-Wide Association Studies (EWAS). However, a difficulty associated with these beadarrays is that probes come in two different designs, characterized by widely different DNA methylation distributions and dynamic range, which may bias downstream analyses. A key statistical issue is therefore how best to adjust for the two different probe designs. RESULTS: Here we propose a novel model-based intra-array normalization strategy for 450 k data, called BMIQ (Beta MIxture Quantile dilation), to adjust the beta-values of type2 design probes into a statistical distribution characteristic of type1 probes. The strategy involves application of a three-state beta-mixture model to assign probes to methylation states, subsequent transformation of probabilities into quantiles and finally a methylation-dependent dilation transformation to preserve the monotonicity and continuity of the data. We validate our method on cell-line data, fresh frozen and paraffin-embedded tumour tissue samples and demonstrate that BMIQ compares favourably with two competing methods. Specifically, we show that BMIQ improves the robustness of the normalization procedure, reduces the technical variation and bias of type2 probe values and successfully eliminates the type1 enrichment bias caused by the lower dynamic range of type2 probes. BMIQ will be useful as a preprocessing step for any study using the Illumina Infinium 450 k platform. AVAILABILITY: BMIQ is freely available from http://code.google.com/p/bmiq/. CONTACT: a.teschendorff@ucl.ac.uk SUPPLEMENTARY INFORMATION: Supplementary data are available at Bioinformatics online.",openalex,llm,0.980,unreviewed,,doi:10.1093/bioinformatics/bts680
discarded,Comparing community structure identification,León Danon; Albert Dı́az-Guilera; Jordi Duch; Àlex Arenas,2005,Journal of Statistical Mechanics Theory and Experiment,10.1088/1742-5468/2005/09/p09008,https://openalex.org/W2120043163,adjacent-subtopic,"We compare recent approaches to community structure identification in terms of sensitivity and computational cost. The recently proposed modularity measure is revisited and the performance of the methods as applied to ad hoc networks with known community structure, is compared. We find that the most accurate methods tend to be more computationally expensive, and that both aspects need to be considered when choosing a method for practical purposes. The work is intended as an introduction as well as a proposal for a standard benchmark test of community detection methods.",openalex,llm,0.980,unreviewed,,doi:10.1088/1742-5468/2005/09/p09008
discarded,"Paradoxical Low-Flow, Low-Gradient Severe Aortic Stenosis Despite Preserved Ejection Fraction Is Associated With Higher Afterload and Reduced Survival",Zeineb Hachicha; Jean Gaston Dumesnil; Peter M. Bogaty; Philippe Pîbarot,2007,Circulation,10.1161/circulationaha.106.668681,https://openalex.org/W2137038354,off-topic-false-hit,"BACKGROUND: Recent studies and current clinical observations suggest that some patients with severe aortic stenosis on the basis of aortic valve area may paradoxically have a relatively low gradient despite the presence of a preserved left ventricular (LV) ejection fraction. The objective of the present study was to document the prevalence, potential mechanisms, and clinical relevance of this phenomenon. METHODS AND RESULTS: We retrospectively studied the clinical and Doppler echocardiographic data of 512 consecutive patients with severe aortic stenosis (indexed aortic valve area < or = 0.6 cm2 x m(-2)) and preserved LV ejection fraction (> or = 50%). Of these patients, 331 (65%) had normal LV flow output defined as a stroke volume index > 35 mL x m2, and 181 (35%) had paradoxically low-flow output defined as stroke volume index < or = 35 mL x m(-2). When compared with normal flow patients, low-flow patients had a higher prevalence of female gender (P<0.05), a lower transvalvular gradient (32+/-17 versus 40+/-15 mm Hg; P<0.001), a lower LV diastolic volume index (52+/-12 versus 59+/-13 mL x m(-2); P<0.001), lower LV ejection fraction (62+/-8% versus 68+/-7%; P<0.001), a higher level of LV global afterload reflected by a higher valvulo-arterial impedance (5.3+/-1.3 versus 4.1+/-0.7 mm Hg x mL(-1) x m(-2); P<0.001) and a lower overall 3-year survival (76% versus 86%; P=0.006). Only age (hazard ratio, 1.04; 95% CI, 1.01 to 1.08; P=0.025), valvulo-arterial impedance > 5.5 mm Hg x mL(-1) x m(-2) (hazard ratio, 2.6; 95% CI, 1.2 to 5.7; P=0.017), and medical treatment (hazard ratio, 3.3; 95% CI, 1.8 to 6.7; P=0.0003) were independently associated with increased mortality. CONCLUSION: Patients with severe aortic stenosis may have low transvalvular flow and low gradients despite normal LV ejection fraction. A comprehensive evaluation shows that this pattern is in fact consistent with a more advanced stage of the disease and has a poorer prognosis. Such findings are clinically relevant because this condition may often be misdiagnosed, which leads to a neglect and/or an underestimation of symptoms and an inappropriate delay of aortic valve replacement surgery.",openalex,llm,1.000,unreviewed,,doi:10.1161/circulationaha.106.668681
discarded,Mitigating routing misbehavior in mobile ad hoc networks,Sergio Marti; TJ Giuli; Kevin Lai; Mary Baker,2000,,10.1145/345910.345955,https://openalex.org/W2127699957,adjacent-subtopic,"This paper describes two techniques that improve throughput in an ad hoc network in the presence of nodes that agree to forward packets but fail to do so. To mitigate this problem, we propose categorizing nodes based upon their dynamically measured behavior. We use a watchdog that identifies misbehaving nodes and a pathrater that helps routing protocols avoid these nodes. Through simulation we evaluate watchdog and pathrater using packet throughput, percentage of overhead (routing) transmissions, and the accuracy of misbehaving node detection. When used together in a network with moderate mobility, the two techniques increase throughput by 17% in the presence of 40% misbehaving nodes, while increasing the percentage of overhead transmissions from the standard routing protocol's 9% to 17%. During extreme mobility, watchdog and pathrater can increase network throughput by 27%, while increasing the overhead transmissions from the standard routing protocol's 12% to 24%.",openalex,llm,0.990,unreviewed,,doi:10.1145/345910.345955
discarded,"Optimal Lot Sizing, Process Quality Improvement and Setup Cost Reduction",Evan L. Porteus,1986,Operations Research,10.1287/opre.34.1.137,https://openalex.org/W2158182297,off-topic-false-hit,"This paper seeks to demonstrate that lower setup costs can benefit production systems by improving quality control. It does so by introducing a simple model that captures a significant relationship between quality and lot size: while producing a lot, the process can go ""out of control"" with a given probability each time it produces another item. Once out of control, the process produces defective units throughout its production of the current lot. The system incurs an extra cost for rework and related operations for each defective piece that it produces. Thus, there is an incentive to produce smaller lots, and have a smaller fraction of defective units. The paper also introduces three options for investing in quality improvements: (i) reducing the probability that the process moves out of control (which yields fewer defects, larger lot sizes, fewer setups, and larger holding costs); (ii) reducing setup costs (which yields smaller lot sizes, lower holding costs, and fewer defects); and (iii) simultaneously using the two previous options. By assuming a specific form of the investment cost function for each option, we explicitly obtain the optimal investment strategy. We also briefly discuss the sensitivity of these solutions to changes in underlying parameter values. A numerical example illustrates the results.",openalex,llm,0.990,unreviewed,,doi:10.1287/opre.34.1.137
discarded,Wireless integrated network sensors,Gregory J. Pottie; William J. Kaiser,2000,Communications of the ACM,10.1145/332833.332838,https://openalex.org/W2121255383,adjacent-subtopic,"For pervasive computing performance, exploit the physical limits of these densely distributed networks of embedded sensors, controls, and processors.W ireless integrated network sensors (WINS) provide distributed network and Internet access to sensors, controls, and processors deeply embedded in equipment, facilities, and the environment.The WINS network represents a new monitoring and control capability for applications in such industries as transportation, manufacturing, health care, environmental oversight, and safety and security.WINS combine microsensor technology and low-power signal processing, computation, and low-cost wireless networking in a compact system.Recent advances in integrated circuit technology have enabled construction of far more capable yet inexpensive sensors, radios, and processors, allowing mass production of sophisticated systems linking the physical world to digital data networks [2-5].Scales range from local to global for applications in medicine, security, factory automation, environmental monitoring, and condition-based maintenance.Compact geometry and low cost allow WINS to be embedded and distributed at a fraction of the cost of conventional wireline sensor and actuator systems.WINS opportunities depend on development of a scalable, low-cost, sensor-network architecture.Such applications require delivery of sensor information to the user at a low bit rate through low-power transceivers.Continuous sensor signal processing enables the constant monitoring of events in an environment in which short message packets would suffice.Future applications of distributed embedded processors and sensors will require vast numbers of devices.Conventional methods of sensor networking represent an impractical demand on cable installation and network bandwidth.Processing at the source would drastically reduce the financial, computational, and management burden on communication system G.",openalex,llm,0.990,unreviewed,,doi:10.1145/332833.332838
discarded,Relation of Disease Pathogenesis and Risk Factors to Heart Failure With Preserved or Reduced Ejection Fraction,Douglas S. Lee; Philimon Nyakauru Gona; Ramachandran Srini Vasan; Martin G. Larson; Emelia J. Benjamin; Thomas J. Wang; Jack V. Tu; Daniel A Levy,2009,Circulation,10.1161/circulationaha.108.815944,https://openalex.org/W2144048294,off-topic-false-hit,"BACKGROUND: The contributions of risk factors and disease pathogenesis to heart failure with preserved ejection fraction (HFPEF) versus heart failure with reduced ejection fraction (HFREF) have not been fully explored. METHODS AND RESULTS: We examined clinical characteristics and risk factors at time of heart failure onset and long-term survival in Framingham Heart Study participants according to left ventricular ejection fraction < or =45% (n=314; 59%) versus >45% (n=220; 41%) and hierarchical causal classification. Heart failure was attributed to coronary heart disease in 278 participants (52%), valvular heart disease in 42 (8%), hypertension in 140 (26%), or other/unknown causes in 74 (14%). Multivariable predictors of HFPEF (versus HFREF) included elevated systolic blood pressure (odds ratio [OR]=1.13 per 10 mm Hg; 95% confidence interval [CI], 1.04 to 1.22), atrial fibrillation (OR=4.23; 95% CI, 2.38 to 7.52), and female sex (OR=2.29; 95% CI, 1.35 to 3.90). Conversely, prior myocardial infarction (OR=0.32; 95% CI, 0.19 to 0.53) and left bundle-branch block QRS morphology (OR=0.21; 95% CI, 0.10 to 0.46) reduced the odds of HFPEF. Long-term prognosis was grim, with a median survival of 2.1 years (5-year mortality rate, 74%), and was equally poor in men and women with HFREF or HFPEF. CONCLUSIONS: Among community patients with new-onset heart failure, there are differences in causes and time-of-onset clinical characteristics between those with HFPEF versus HFREF. In people with HFREF, mortality is increased when coronary heart disease is the underlying cause. These findings suggest that heart failure with reduced left ventricular systolic function and heart failure with preserved left ventricular systolic function are partially distinct entities, with potentially different approaches to early detection and prevention.",openalex,llm,1.000,unreviewed,,doi:10.1161/circulationaha.108.815944
discarded,Cost-effective approach for reducing soft error failure rate in logic circuits,Kartik Mohanram; Nur A. Touba,2004,,10.1109/test.2003.1271075,https://openalex.org/W2104122494,adjacent-subtopic,"In this paper, a new paradigm for designing logic circuits with concurrent error detection (CED) is described. The key idea is to exploit the asymmetric soft error susceptibility of nodes in a logic circuit. Rather than target all modeled faults, CED is targeted towards the nodes that have the highest soft error susceptibility to achieve cost-effective tradeoffs between overhead and reduction in the soft error failure rate. Under this new paradigm, we present one particular approach that is based on partial duplication and show that it is capable of reducing the soft error failure rate significantly with a fraction of the overhead required for full duplication. A procedure for characterizing the soft error susceptibility of nodes in a logic circuit, and a heuristic procedure for selecting the set of nodes for partial duplication are described. A full set of experimental results demonstrate the cost-effective tradeoffs that can be achieved. 1.",openalex,llm,0.980,unreviewed,,doi:10.1109/test.2003.1271075
