status,title,authors,year,venue,doi,url,tags,abstract,provider,decision_source,llm_confidence,llm_review_outcome,llm_change_direction,paper_id
discarded,Deep oxidative desulfurization in a continuous-flow fixed-bed system over acid-regulated tungsten-oxide/resin catalyst,Y. Liu,2027,Fuel,10.1016/j.fuel.2026.140186,https://www.scopus.com/inward/record.uri?partnerID=HzOxMe3b&scp=105041638921&origin=inward,off-topic-false-hit,"Deep desulfurization of model fuel oils is important for reducing SOx emissions and meeting increasingly stringent fuel-sulfur regulations. However, the translation of oxidative desulfurization (ODS) from batch operation to a cost-effective and reusable continuous-flow system remains challenging. Herein, a tungsten-oxide immobilized macroporous D301 resin catalyst (WxOy/D301) was prepared by a facile ion-exchange-assisted immobilization strategy, in which protonated tertiary amine sites in D301 anchor tungstate-derived W(VI) oxide species while retaining liquid-phase accessibility. Using H2O2 as a green oxidant and H3PO4 as an acid regulator, the batch system achieved > 99% dibenzothiophene (DBT) conversion at 70 degrees C and an O/S molar ratio of 4.15. When transferred to a fixed-bed reactor (70 degrees C, O/S = 8.3, residence time = 30 min), the separated oil phase from a 2500 ppm S DBT model oil was reduced to below 10 ppm sulfur, and stable desulfurization was maintained after the initial bed-stabilization period. The practical advantage of this approach lies in combining a low-cost commercial resin support, high tungsten loading, catalyst retention in a packed bed, and spontaneous oil/polar-phase separation after reaction, which reduces post-reaction catalyst separation and supports process intensification. Raman spectroscopy indicates the formation of H2O2-derived peroxo-tungsten species, while EPR spin trapping provides complementary evidence for transient -OOH-related oxygen-centered species and no dominant hydroxyl-radical pathway. Thus, DBT oxidation is mainly attributed to a peroxo-tungsten-mediated electrophilic oxygen-transfer pathway promoted by the acidic microenvironment. These results provide a promising model-oil demonstration for developing acid-regulated tungsten-oxide/resin fixed-bed systems, while further validation with real fuel fractions and long-term leaching analysis remains necessary for industrial application.",scopus,llm,0.990,unreviewed,,doi:10.1016/j.fuel.2026.140186
discarded,Surfactant-assisted Nd incorporation regulates lattice distortion and oxygen defects in electrodeposited Ti/PbO2 coatings for enhanced electrocatalytic oxidation,X. Zhou,2027,Applied Surface Science,10.1016/j.apsusc.2026.168279,https://www.scopus.com/inward/record.uri?partnerID=HzOxMe3b&scp=105049149675&origin=inward,off-topic-false-hit,"Rational control of the surface structure and defect chemistry of PbO2 electrodes is essential for electrocatalytic oxidation, yet the role of surfactant-mediated rare-earth incorporation in regulating lattice structure and interfacial reactivity remains unclear. Here, STAB-assisted electrodeposition was used to construct Nd-doped Ti/PbO2 electrodes by regulating crystal growth, Nd incorporation, and surface oxygen chemistry. STAB addition produced dense, refined coatings and increased Nd enrichment. The optimized TA2 electrode exhibited the largest relative (3-PbO2 (101) low-angle displacement, the maximum microstrain (0.497%, 23.9% above TA0), the highest (3-PbO2 fraction, the highest XPS Nd content (0.15 at.%), and an Oads/Olat ratio of 0.90. These structural changes coincided with an oxygen evolution potential of 2.66 V vs. SHE and a charge-transfer resistance of 14.01 Omega cm2, indicating delayed oxygen evolution and accelerated interfacial charge transfer. Chlorine evolution kinetics improved without changing the Volmer-Tafel pathway, while hydroxyl-radical generation and operational stability were enhanced, accompanied by reduced Pb release. In actual desulfurization wastewater, TA2 achieved chloride and COD removal efficiencies of 90.4% and 74.4%, respectively. These results establish a relationship among STAB-dependent Nd enrichment, lattice distortion, surface oxygen chemistry, and electrocatalytic activity, providing a practical strategy for engineering functional PbO2 coatings.",scopus,llm,0.990,unreviewed,,doi:10.1016/j.apsusc.2026.168279
discarded,Development of a phenomenological spray model for next generation dual-fuel marine engines: validation in free-field conditions,S. Heidarabadi,2027,Fuel,10.1016/j.fuel.2026.140328,https://www.scopus.com/inward/record.uri?partnerID=HzOxMe3b&scp=105042567289&origin=inward,off-topic-false-hit,"This study develops and validates a reduced-order phenomenological spray model for dual-fuel marine engines operating under reactivity controlled compression ignition (RCCI) conditions. Rather than introducing a new spray-theory class, the work adapts a Musculus-based formulation into an RCCI-oriented framework capable of predicting both spray penetration and cylinder-fixed fuel–air stratification at low computational cost. The main methodological advance is the introduction of a CV-to-zone mapping strategy for transferring spray control-volume information into the zonal structure required by multi-zone combustion models; among the three tested approaches, an angled non-uniform mapping gave the most accurate stratification representation. Validation is via high-speed optical measurements by the Optical Spray Combustion Chamber and high-fidelity CFD simulations with CONVERGE. Sensitivity analysis identified the discharge coefficient (Ca) and velocity profile factor (β) as dominant calibration parameters, with profile evolution factor (α) serving as a secondary shaper of radial distribution. A two-stage optimization strategy for local tuning per case and global tuning across conditions demonstrated that the globally calibrated model reproduces spray penetration within ∼14% of CFD, and peak high-reactivity fuel location within ±2 zones across calibration and validation datasets. Amplitude prediction of peak fuel fraction exhibited larger scatter (∼40%), but location fidelity was robust. The framework provides a reliable and computationally efficient surrogate for spray-mixing dynamics and is well suited for future integration with fast 0D/1D multi-zone combustion models to support predictive, cycle-resolved simulation of advanced RCCI engines.",scopus,llm,0.990,unreviewed,,doi:10.1016/j.fuel.2026.140328
discarded,Feedstock-specific effects of sulfur-rich vegetable fractions on food waste anaerobic digestion: Sulfide-associated redox perturbation and adaptive microbial reassembly,Z. Gao,2027,Bioresource Technology,10.1016/j.biortech.2026.135833,https://www.scopus.com/inward/record.uri?partnerID=HzOxMe3b&scp=105050318607&origin=inward,off-topic-false-hit,"Food waste (FW) anaerobic digestion (AD) is strongly affected by feedstock heterogeneity, yet the role of sulfur-rich vegetable fractions remains poorly defined. Here, garlic (GAR), Chinese cabbage (CHC), and cabbage (CAB) were used as representative sulfur-rich vegetables to assess their effects on methane production, redox status, and microbial function during FW AD. At equal volatile solids loading, GAR showed no significant effect, whereas CHC and CAB caused a biphasic response, with delayed methane accumulation and reduced cumulative yield followed by late-stage daily methane production 39.6% and 45.9% higher than the control, respectively. CHC and CAB promoted sulfide accumulation and elevated reactive oxygen species (ROS) during the early stage. Elevated ROS levels were associated with lower NADH/NAD+ ratios, reduced electron transport activity, and volatile fatty acid accumulation, collectively indicating a redox-perturbed state characterized by functional decoupling between acidogenesis and methanogenesis. Metagenomic analysis showed that this early disturbance was followed by functional reassembly of the community. Hydrolytic-acidogenic bacteria sustained fermentation, accompanied by enrichment of genes associated with PFOR-Rnf-mediated energy conservation and the ED and oxidative PPP pathways, while methanogenesis shifted toward acetoclastic and methylotrophic routes. Genome-resolved analysis attributed the genomic potential for PFOR-Rnf-mediated energy conservation to Aminobacterium and Defluviitoga MAGs, and showed that Methanosarcina possessed the broadest oxidative stress defense repertoire, supporting its dominance after ROS perturbation. These findings provide a mechanistic framework linking sulfur-rich feedstock heterogeneity to methane-production dynamics, involving sulfide-associated redox perturbation and subsequent microbial functional reassembly.",scopus,llm,0.990,unreviewed,,doi:10.1016/j.biortech.2026.135833
discarded,"CFD-based applicability assessment and multi-objective optimization of nanocomposite coating deposition by air-assisted atomization spraying: Thickness uniformity, effective coverage area, Gaussian-fitting NRMSE, and coefficient of variation",T. Zuo,2027,Progress in Organic Coatings,10.1016/j.porgcoat.2026.110629,https://www.scopus.com/inward/record.uri?partnerID=HzOxMe3b&scp=105050495199&origin=inward,off-topic-false-hit,"Background: Air-assisted atomization spraying (AAAS) has attracted considerable attention as a cost-effective and efficient technique for fabricating nanocomposite coatings. However, previous studies have mainly focused on small-scale spraying of nanoparticle systems, whereas large-area spray deposition has rarely been investigated. Methods: In this study, computational fluid dynamics (CFD) was employed to numerically investigate the deposition behavior of different nanoparticles on a large flat substrate. The effects of nanoparticle type, volume fraction, nozzle feed rate, and air pressure on the deposition profile, effective coverage area, Gaussian-fitting NRMSE, and coefficient of variation (CV) were systematically analyzed. To balance coating uniformity and coverage area, response surface methodology (RSM) combined with the non-dominated sorting genetic algorithm II (NSGA-II) was adopted for multi-objective optimization. Significant findings: The results indicate that all five nanoparticle systems are capable of forming stable coatings, thereby demonstrating the applicability of AAAS to nanocomposite coating fabrication. Compared with the coating at a nanoparticle volume fraction of 1%, the coating at 5% exhibits a thickness distribution closer to the ideal Gaussian profile, although its effective coverage area is reduced by 26.8%. In addition, increasing the feed rate and air pressure reduced the uniformity of the coating thickness distribution, while significantly enlarging the effective coverage area. Under the optimized conditions, the Gaussian-fitting NRMSE and effective coverage area reached 8.51% and 3.39 & times; 104 mm2, respectively, corresponding to a nanoparticle volume fraction of 2.94%, a feed rate of 4.88 g/s, and an air pressure of 0.128 MPa.",scopus,llm,0.990,unreviewed,,doi:10.1016/j.porgcoat.2026.110629
discarded,Enhancing network robustness under regional failures via cut module-driven resource-optimal link safeguarding,W. Wei,2027,Expert Systems with Applications,10.1016/j.eswa.2026.133980,https://www.scopus.com/inward/record.uri?partnerID=HzOxMe3b&scp=105047654880&origin=inward,adjacent-subtopic,"Complex networks are widely used in critical infrastructures such as communications, transportation, and power systems, yet regional failures can disrupt network functionality and severely threaten system reliability. Existing approaches to robustness enhancement often face high computational complexity or limited applicability. To overcome these challenges, this paper proposes a scalable link safeguard algorithm designed for large-scale networks. Node cut values are computed via pruned trees to identify vulnerable links. Building on this, cut modules are further selected based on node degrees, enabling more precise localization of network bottlenecks. After removing these cut modules, links in the resulting minimum-cost spanning tree are prioritized for safeguarding, thereby efficiently enhancing network connectivity. The proposed algorithm achieves the target connectivity for all nodes in the graph at a low solution cost across various small-scale networks. Competing methods either demand a five-orders-of-magnitude higher runtime to achieve the same proportion of qualified nodes or incur a higher cost while only enabling a smaller fraction of nodes to meet the target connectivity. Experiments on real-world Internet Service Provider (ISP) topologies further show that the algorithm rapidly produces low-cost solutions with near-optimal performance. For large-scale graphs, the algorithm ensures that nearly all nodes reach the target connectivity after multiple iterations, and the average runtime is approximately 230 seconds. With parallelization, the runtime can be further reduced to a few seconds, while the protection cost accounts for only 20% of the total link weight. Further comparative experiments with state-of-the-art methods show that the proposed algorithm consistently achieves superior performance at a lower safeguarding cost. These results collectively demonstrate that the proposed algorithm is effective and provide a new perspective on robustness enhancement in complex networks.",scopus,llm,0.980,unreviewed,,doi:10.1016/j.eswa.2026.133980
discarded,"Energy, Environmental, and Economic Impacts of Refuse-Derived Fuel (RDF) and Biomass-Derived Fuel (BDF) Mixes with Consideration of Fuel Mixing Ratios",R.M. Sayed,2027,Egyptian Journal of Chemistry,10.21608/ejchem.2026.476401.13173,https://www.scopus.com/inward/record.uri?partnerID=HzOxMe3b&scp=105049229678&origin=inward,off-topic-false-hit,,scopus,llm,0.990,unreviewed,,doi:10.21608/ejchem.2026.476401.13173
discarded,Do We Really Need Diffusion? A Fast U-Net for Paired Medical Image Translation,A. Pirwass,2027,Lecture Notes in Computer Science,10.1007/978-3-032-32335-4_8,https://www.scopus.com/inward/record.uri?partnerID=HzOxMe3b&scp=105046396452&origin=inward,off-topic-false-hit,"Magnetic resonance imaging-signal fat fraction (MRI-SFF) quantifies tissue fat and serves as an established biomarker for metabolic and musculoskeletal disorders. The acquisition requires, however, specialized MRI sequences, which are not available routinely. We investigate whether SFF can be estimated from widely available T2-weighted (T2w) MRI via image-to-image translation (I2I). We further compare a lightweight 4-level U-Net to a state-of-the-art Denoising Diffusion Probabilistic Model (DDPM) using a dataset of 230 048 paired 2D images (183 517 train, 23 621 val, 22 910 test) from the German National Cohort (NAKO). Both models clearly outperform the identity baseline (Pearson correlation r = 0.769, mean absolute error MAE = 0.070 +/- 0.054), which confirms that the models learn a non-trivial cross-modal mapping. Interestingly, the lightweight U-Net outperforms the DDPM in both correlation (r = 0.975 vs. 0.962) and error (MAE = 0.014 +/- 0.015 vs. 0.019 +/- 0.019), while reducing inference time by a factor of 208 (25.2 ms vs. 5 227.2 ms per image using 50 Denoising Diffusion Implicit Model (DDIM) steps). The strong clinical performance at substantially reduced computational cost enables real-time clinical use.",scopus,llm,0.990,unreviewed,,doi:10.1007/978-3-032-32335-4_8
discarded,Engineering synergies between thermochemical and biochemical processes for municipal solid waste management and sustainable fuels supply,J. Lu,2027,Bioresource Technology,10.1016/j.biortech.2026.135799,https://www.scopus.com/inward/record.uri?partnerID=HzOxMe3b&scp=105050484636&origin=inward,off-topic-false-hit,"Municipal solid waste (MSW) valorization is constrained by the mismatch between heterogeneous feedstock properties and the operating requirements of individual conversion technologies. This review synthesizes integrated thermochemical and biochemical pathways and treats MSW valorization as a system design problem organized around carbon cascading, in which each carbon fraction is routed to the process able to convert it and performance is governed by interactions between processes rather than by individual process yields. Four hybrid routes are examined: gasification-syngas fermentation, pyrolysis-anaerobic digestion, hydrothermal processing-anaerobic digestion, and reverse configurations in which digestion precedes thermochemical conversion. Across these routes, intermediate quality rather than process yield governs feasibility. Tar (1-150 g/Nm3), ammonia (up to 14,000 ppmv), and sulfur species must be reduced by two to three orders of magnitude before downstream bioconversion, relocating the critical engineering problem from the reactor to the interface. Environmental and economic evidence indicates that integration benefits are real but conditional. Coupling anaerobic digestion with pyrolysis approximately doubled the climate mitigation of standalone digestion, yet the advantage is not uniform across impact categories, and one configuration achieved the greatest climate benefit while increasing freshwater ecotoxicity 52-fold. Reported production costs for integrated routes ($0.31-1.95/L ethanol) exceed those of standalone biochemical conversion, though integrated systems convert carbon that cheaper routes cannot access, and scale and product value influence viability more than process configuration. Integration is therefore justified by feedstock coverage and interface management rather than by coupling processes as such, and full-chain demonstration on real MSW remains the principal research challenge.",scopus,llm,0.990,unreviewed,,doi:10.1016/j.biortech.2026.135799
discarded,Dynamic modeling of proton exchange membrane and alkaline water electrolyzers under fluctuating renewable energy: A comparative review and unified framework,W. Dong,2027,Renewable and Sustainable Energy Reviews,10.1016/j.rser.2026.117436,https://www.scopus.com/inward/record.uri?partnerID=HzOxMe3b&scp=105048831301&origin=inward,off-topic-false-hit,"The increasing penetration of renewable energy is shifting water electrolysis for hydrogen production from steady-state operation to dynamic conditions involving frequent load changes, low-load operation, overload, and repeated start-stop cycles. Proton exchange membrane (PEM) and alkaline (ALK) water electrolyzers are the two most widely deployed low-temperature electrolysis technologies, but they differ substantially in ion-conducting media, reactant transport pathways, gas evolution behavior, thermal management, and intrinsic time constants. These differences lead to distinct transient responses, performance evolution, and degradation risks under fluctuating power inputs. This review provides a critical and comparative synthesis of dynamic modeling studies on PEM and ALK electrolyzers under renewable-energy-driven operation. Existing models are examined from three interrelated perspectives: spatial non-uniformity of state variables, dynamic evolution and degradation of key performance parameters, and bidirectional multiphysics coupling with feedback closure. The analysis shows that PEM models should retain local current density, membrane water content, temperature gradients, membrane conductivity, and interfacial impedance, whereas ALK models should emphasize KOH concentration, electrolyte circulation, bubble coverage, gas void fraction, effective reaction area, and separator resistance. Highfidelity models provide mechanistic insight into local transport, thermal, and electrochemical processes, but their system-level application is limited by extensive parameter requirements and high computational cost. Reducedorder models are more suitable for control and operational optimization, yet may omit critical feedback pathways. Future research should prioritize dominant-state retention, dynamic parameter updating, feedback-loop closure, engineering deployability, and standardized validation under fluctuating operating conditions.",scopus,llm,0.990,unreviewed,,doi:10.1016/j.rser.2026.117436
