status,title,authors,year,venue,doi,url,tags,abstract,provider,decision_source,llm_confidence,llm_review_outcome,llm_change_direction,paper_id
discarded,Multiscale Neighborhood Normalization-Based Multiple Dynamic PCA Monitoring Method for Batch Processes with Frequent Operations,Y. Wang,2018,IEEE Transactions on Automation Science and Engineering,10.1109/TASE.2017.2713800,https://www.scopus.com/inward/record.uri?partnerID=HzOxMe3b&scp=85023754067&origin=inward,off-topic-false-hit,"This paper presents a novel multiscale neighborhood normalization-based multiple dynamic principal component analysis (MNN-MDPCA) method to detect the fault in complex batch processes with frequent operations. Since the difference between batches is larger under random frequent operations according to phase, the corresponding monitoring model should be changed accordingly. However, the data quantity is small under a single operation at each phase, the data with similar operations can be clustered together. Due to frequent operations, the data clustered follows non-Gaussian distribution. A normalization strategy called MNN is proposed to complete Gaussian distribution conversion so as to build multivariate statistical model. Subsequently, MDPCA is used to model the multioperation industry processes. Finally, to test the modeling and monitoring performance of the proposed method, a numerical example and the ladle furnace (LF) steelmaking process case are provided, where the comparison with Gaussian mixture model and MDPCA-based results is covered. Note to Practitioners—To ensure higher product quality and safe operation of batch process, process monitoring has become an essential issue in the manufacturing process of a great deal of modern industrial plants. This study hence presents a novel monitoring method for complex batch processes with frequent operation characteristics. The present method can model strong non-Gaussian distribution data. For complex batch processes with frequent operations, the data follow serious non-Gaussian distribution due to random operations. Multiscale neighborhood normalization method is proposed to transfer non-Gaussian distribution data to Gaussian distribution so as to build multivariate statistical model. When online monitoring, the method shows fast model matching speed. Meanwhile taking into account the dynamic characteristics of the process, the MDPCA method is chosen to establish the model. Experimental results show that the present monitoring method can get higher detection rates, lower false alarm rates and shorter delays of fault capture than the conventional method.",scopus,llm,1.000,unreviewed,,doi:10.1109/tase.2017.2713800
discarded,Efficient Symbolic Representation of Convex Polyhedra in High-Dimensional Spaces,B. Boigelot,2018,Lecture Notes in Computer Science Including Subseries Lecture Notes in Artificial Intelligence and Lecture Notes in Bioinformatics,10.1007/978-3-030-01090-4_17,https://www.scopus.com/inward/record.uri?partnerID=HzOxMe3b&scp=85054805509&origin=inward,supports-claim; adjacent-subtopic; canonical representation in hardware verification or data structures; the cited BDD/graph examples carry the point,"This work is aimed at developing an efficient data structure for representing symbolically convex polyhedra. We introduce an original data structure, the Decomposed Convex Polyhedron (DCP), that is closed under intersection and linear transformations, and allows to check inclusion, equality, and emptiness. The main feature of DCPs lies in their ability to represent concisely polyhedra that can be expressed as combinations of simpler sets, which can overcome combinatorial explosion in high dimensional spaces. DCPs also have the advantage of being reducible into a canonical form, which makes them efficient for representing simple sets constructed by long sequences of manipulations, such as those handled by state-space exploration tools. Their practical efficiency has been evaluated with the help of a prototype implementation, with promising results.",scopus,llm_reviewed,0.970,changed,kept->discarded,doi:10.1007/978-3-030-01090-4_17
discarded,Algorithm 959: VBF: A library of C++ classes for vector boolean functions in cryptography,J.A. Álvarez-Cubero,2016,ACM Transactions on Mathematical Software,10.1145/2794077,https://www.scopus.com/inward/record.uri?partnerID=HzOxMe3b&scp=84973598844&origin=inward,supports-claim; adjacent-subtopic; canonical representation in hardware verification or data structures; the cited BDD/graph examples carry the point,"VBF is a collection of C++ classes designed for analyzing vector Boolean functions (functions that map a Boolean vector to another Boolean vector) from a cryptographic perspective. This implementation uses the NTL library from Victor Shoup, adding new modules that call NTL functions and complement the existing ones, making it better suited to cryptography. The class representing a vector Boolean function can be initialized by several alternative types of data structures such as Truth Table, Trace Representation, and Algebraic Normal Form (ANF), among others. The most relevant cryptographic criteria for both block and stream ciphers as well as for hash functions can be evaluated with VBF: it obtains the nonlinearity, linearity distance, algebraic degree, linear structures, and frequency distribution of the absolute values of the Walsh Spectrum or the Autocorrelation Spectrum, among others. In addition, operations such as equality testing, composition, inversion, sum, direct sum, bricklayering (parallel application of vector Boolean functions as employed in Rijndael cipher), and adding coordinate functions of two vector Boolean functions are presented. Finally, three real applications of the library are described: the first one analyzes the KASUMI block cipher, the second one analyzes the Mini-AES cipher, and the third one finds Boolean functions with very high nonlinearity, a key property for robustness against linear attacks.",scopus,llm_reviewed,0.730,changed,kept->discarded,doi:10.1145/2794077
discarded,Enhancing the Accuracy of Movie Recommendation System Based on Probabilistic Data Structure and Graph Database,A. Sharma,2016,Proceedings 2015 5th International Conference on Advances in Computing and Communications Icacc 2015,10.1109/ICACC.2015.14,https://www.scopus.com/inward/record.uri?partnerID=HzOxMe3b&scp=84965164768&origin=inward,adjacent-subtopic,"User-based Collaborative-filtering (CF) which uses the matrix to store the ratings of the user, is the most frequently used recommender technique, widely used because of its simplicity and efficient performance. Although it is extensively used, one of its major problems is that its performance decreases when the user-item matrix becomes sparse. This paper provides a novel technique to overcome sparsity by the usage of combination of graph data base and with Locality Sensitive Hashing (LSH). Graph database provide the flexibility to developer to design database without performing any normalization and LSH provide the faster way to find the nearest neighbor for the recommendation to user. Paper concludes with comparison of traditional approach with the proposed approach.",scopus,llm,0.980,unreviewed,,doi:10.1109/icacc.2015.14
discarded,Optimizing hash-array mapped tries for fast and lean immutable JVM collections,M.J. Steindorfer,2015,Proceedings of the Conference on Object Oriented Programming Systems Languages and Applications OOPSLA,10.1145/2814270.2814312,https://www.scopus.com/inward/record.uri?partnerID=HzOxMe3b&scp=84958680472&origin=inward,supports-claim; qualifies-claim; adjacent-subtopic; canonical representation in hardware verification or data structures; the cited BDD/graph examples carry the point,"The data structures under-pinning collection API (e.g. lists, sets, maps) in the standard libraries of programming languages are used intensively in many applications. The standard libraries of recent Java Virtual Machine languages, such as Clojure or Scala, contain scalable and well-performing immutable collection data structures that are implemented as Hash-Array Mapped Tries (HAMTs). HAMTs already feature efficient lookup, insert, and delete operations, however due to their tree-based nature their memory footprints and the runtime performance of iteration and equality checking lag behind array-based counterparts. This particularly prohibits their application in programs which process larger data sets. In this paper, we propose changes to the HAMT design that increase the overall performance of immutable sets and maps. The resulting general purpose design increases cache locality and features a canonical representation. It outperforms Scala’s and Clojure’s data structure implementations in terms of memory footprint and runtime efficiency of iteration (1.3–6.7x) and equality checking (3–25.4x).",scopus,llm_reviewed,0.990,changed,kept->discarded,doi:10.1145/2814270.2814312
discarded,These are not the K-mers you are looking for: Efficient online K-mer counting using a probabilistic data structure,Q. Zhang,2014,Plos One,10.1371/journal.pone.0101271,https://www.scopus.com/inward/record.uri?partnerID=HzOxMe3b&scp=84904876565&origin=inward,adjacent-subtopic,"K-mer abundance analysis is widely used for many purposes in nucleotide sequence analysis, including data preprocessing for de novo assembly, repeat detection, and sequencing coverage estimation. We present the khmer software package for fast and memory efficient online counting of k-mers in sequencing data sets. Unlike previous methods based on data structures such as hash tables, suffix arrays, and trie structures, khmer relies entirely on a simple probabilistic data structure, a Count-Min Sketch. The Count-Min Sketch permits online updating and retrieval of k-mer counts in memory which is necessary to support online k-mer analysis algorithms. On sparse data sets this data structure is considerably more memory efficient than any exact data structure. In exchange, the use of a Count-Min Sketch introduces a systematic overcount for k-mers; moreover, only the counts, and not the k-mers, are stored. Here we analyze the speed, the memory usage, and the miscount rate of khmer for generating k-mer frequency distributions and retrieving k-mer counts for individual k-mers. We also compare the performance of khmer to several other k-mer counting packages, including Tallymer, Jellyfish, BFCounter, DSK, KMC, Turtle and KAnalyze. Finally, we examine the effectiveness of profiling sequencing error, k-mer abundance trimming, and digital normalization of reads in the context of high khmer false positive rates. khmer is implemented in C++ wrapped in a Python interface, offers a tested and robust API, and is freely available under the BSD license at github.com/ged-lab/khmer.",scopus,llm,0.950,unreviewed,,doi:10.1371/journal.pone.0101271
discarded,YuGene: A simple approach to scale gene expression data derived from different platforms for integrated analyses,K.A. Lê Cao,2014,Genomics,10.1016/j.ygeno.2014.03.001,https://www.scopus.com/inward/record.uri?partnerID=HzOxMe3b&scp=84900988245&origin=inward,off-topic-false-hit,"Gene expression databases contain invaluable information about a range of cell states, but the question ""Where is my gene of interest expressed?"" remains one of the most difficult to systematically assess when relevant data is derived on different platforms. Barriers to integrating this data include disparities in data formats and scale, a lack of common identifiers, and the disproportionate contribution of a platform to the 'batch effect'. There are few purpose-built cross-platform normalization strategies, and most of these fit data to an idealized data structure, which in turn may compromise gene expression comparisons between different platforms. YuGene addresses this gap by providing a simple transform that assigns a modified cumulative proportion value to each measurement, without losing essential underlying information on data distributions or experimental correlates. The Yugene transform is applied to individual samples and is suitable to apply to data with different distributions. Yugene is robust to combining datasets of different sizes, does not require global renormalization as new data is added, and does not require a common identifier. YuGene was benchmarked against commonly used normalization approaches, performing favorably in comparison to quantile (RMA), Z-score or rank methods. Implementation in the www.stemformatics.org resource provides users with expression queries across stem cell related datasets. Probe performance statistics including poorly performing (never expressed) probes, and examples of probes/genes expressed in a sample-restricted manner are provided. The YuGene software is implemented as an R package available from CRAN. (C) 2014 Published by Elsevier Inc.",scopus,llm,1.000,unreviewed,,doi:10.1016/j.ygeno.2014.03.001
discarded,Laplacian normalization for deriving thematic fuzzy clusters with an additive spectral approach,S. Nascimento,2013,Expert Systems,10.1111/exsy.12027,https://www.scopus.com/inward/record.uri?partnerID=HzOxMe3b&scp=84883794866&origin=inward,off-topic-false-hit,"Abstract This paper presents a further investigation into computational properties of a novel fuzzy additive spectral clustering method, Fuzzy Additive Spectral clustering (FADDIS), recently introduced by authors. Specifically, we extend our analysis to ‘difficult’ data structures from the recent literature and develop two synthetic data generators simulating affinity data of Gaussian clusters and genuine additive similarity data, with a controlled level of noise. The FADDIS is experimentally verified on these data in comparison with two state‐of‐the‐art fuzzy clustering methods. The claimed ability of FADDIS to help in determining the right number of clusters is experimentally tested, and the role of the pseudo‐inverse Laplacian data transformation in this is highlighted. A potentially useful extension of the method to biclustering is introduced.",scopus,llm,0.990,unreviewed,,doi:10.1111/exsy.12027
discarded,Comparing top-down with bottom-up approaches: Teaching data modeling,H.J. Kung,2012,Proceedings of the Information Systems Education Conference Isecon,,https://www.scopus.com/inward/record.uri?partnerID=HzOxMe3b&scp=84870369614&origin=inward,adjacent-subtopic,,scopus,llm,0.940,unreviewed,,hash:b22d151cf0cc5259
discarded,Comparison of different lemmatization approaches for information retrieval on Turkish text collection,O. Ozturkmenoglu,2012,Inista 2012 International Symposium on Innovations in Intelligent Systems and Applications,10.1109/INISTA.2012.6246934,https://www.scopus.com/inward/record.uri?partnerID=HzOxMe3b&scp=84866628732&origin=inward,adjacent-subtopic,"In this paper, we compare the performance of different lemmatization approaches for information retrieval over Turkish text collection. A lemma is simply the ""dictionary form"" of a word and lemmatization is the process of determining the lemma for a given word where different inflected forms of a word can be analyzed as a single item. We compared three different lemmatizer and one fixed length truncation approaches over Turkish text collection. The first one is based on morphological analyzer for Turkish using with finite state language processing technology; another one is Dictionary-based Turkish Lemmatizer (DTL), which uses radix-trie data structure; the third one is a simple dictionary based top-down parser and the last one is truncation of words at fix length. We have assessed the performance of lemmatizers on Bilkent University Milliyet collection, which contains more than 400K documents. The comparison of performance analysis was done by the well-known IR evaluation metrics and experimented in the IR system. The results we obtained show that the lemmatization process improves IR performance and we achieved the best results using with Turkish Lemmatizer that is DTL radix-trie data structure and it used the minimum number of terms in IR system.",scopus,llm,0.980,unreviewed,,doi:10.1109/inista.2012.6246934
discarded,Automata-based symbolic representations of polyhedra,B. Boigelot,2012,Lecture Notes in Computer Science Including Subseries Lecture Notes in Artificial Intelligence and Lecture Notes in Bioinformatics,10.1007/978-3-642-28332-1_2,https://www.scopus.com/inward/record.uri?partnerID=HzOxMe3b&scp=84857833447&origin=inward,adjacent-subtopic; symbolic representation of polyhedra,,scopus,llm_reviewed,0.620,confirmed,,doi:10.1007/978-3-642-28332-1_2
discarded,Programming with binders and indexed data-types,A. Cave,2012,Conference Record of the Annual ACM Symposium on Principles of Programming Languages,10.1145/2103656.2103705,https://www.scopus.com/inward/record.uri?partnerID=HzOxMe3b&scp=84857830360&origin=inward,adjacent-subtopic,"We show how to combine a general purpose type system for an existing language with support for programming with binders and contexts by refining the type system of ML with a restricted form of dependent types where index objects are drawn from contextual LF. This allows the user to specify formal systems within the logical framework LF and index ML types with contextual LF objects. Our language design keeps the index language generic only requiring decidability of equality of the index language providing a modular design. To illustrate the elegance and effectiveness of our language, we give programs for closure conversion and normalization by evaluation.",scopus,llm,0.820,unreviewed,,doi:10.1145/2103656.2103705
discarded,"Design database for Quantitative Trait Loci (QTL) data warehouse, data mining, and meta-analysis",Z.L. Hu,2012,Methods in Molecular Biology,10.1007/978-1-61779-785-9_7,https://www.scopus.com/inward/record.uri?partnerID=HzOxMe3b&scp=84865612675&origin=inward,off-topic-false-hit,"A database can be used to warehouse quantitative trait loci (QTL) data from multiple sources for comparison, genomic data mining, and meta-analysis. A robust database design involves sound data structure logistics, meaningful data transformations, normalization, and proper user interface designs. This chapter starts with a brief review of relational database basics and concentrates on issues associated with curation of QTL data into a relational database, with emphasis on the principles of data normalization and structure optimization. In addition, some simple examples of QTL data mining and meta-analysis are included. These examples are provided to help readers better understand the potential and importance of sound database design.",scopus,llm,0.990,unreviewed,,doi:10.1007/978-1-61779-785-9_7
discarded,Sufficient completeness verification for conditional and constrained TRS,A. Bouhoula,2012,Journal of Applied Logic,10.1016/j.jal.2011.09.001,https://www.scopus.com/inward/record.uri?partnerID=HzOxMe3b&scp=84856430594&origin=inward,adjacent-subtopic,"We present a procedure for checking sufficient completeness of conditional and constrained term rewriting systems containing axioms for constructors which may be constrained (by e.g. equalities, disequalities, ordering, membership, ...). Such axioms allow to specify complex data structures like e.g. sets, sorted lists or powerlists. Our approach is integrated into a framework for inductive theorem proving based on tree grammars with constraints, a formalism which permits an exact representation of languages of ground constructor terms in normal form.

The procedure is presented by an inference system which is shown sound and complete. A precondition of one inference of this system refers to a (undecidable) property called strong ground reducibility which is discharged to the above inductive theorem proving system. We have successfully applied our method to several examples, yielding readable proofs and, in case of negative answer, a counter-example suggesting how to complete the specification. Moreover, we show that it is a decision procedure when the TRS is unconditional but constrained, for an expressive class of constrained constructor axioms. (C) 2011 Elsevier B.V. All rights reserved.",scopus,llm,0.720,unreviewed,,doi:10.1016/j.jal.2011.09.001
discarded,Language morphology offset: Text classification on a Croatian-English parallel corpus,M. Malenica,2008,Information Processing and Management,10.1016/j.ipm.2006.12.007,https://www.scopus.com/inward/record.uri?partnerID=HzOxMe3b&scp=35548933268&origin=inward,adjacent-subtopic,"We investigate how, and to what extent, morphological complexity of the language influences text classification using support vector machines (SVM). The Croatian-English parallel corpus provides the basis for direct comparison of two languages of radically different morphological complexity. We quantified, compared, and statistically tested the effects of morphological normalisation on SVM classifier performance based on a series of parallel experiments on both languages, carried over a large scale of different feature subset sizes obtained by different feature selection methods, and applying different levels of morphological normalisation. We also quantified the trade-off between feature space size and performance for different levels of morphological normalisation, and compared the results for both languages. Our experiments have shown that the improvements in SVM classifier performance is statistically significant; they are greater for small and medium number of features, especially for Croatian, whereas for large number of features the improvements are rather small and may be negligible in practice for both languages. (c) 2007 Published by Elsevier Ltd.",scopus,llm,0.970,unreviewed,,doi:10.1016/j.ipm.2006.12.007
