status,title,authors,year,venue,doi,url,tags,abstract,provider,decision_source,llm_confidence,llm_review_outcome,llm_change_direction,paper_id
discarded,A Distance-Computation-Free Search Scheme for Binary Code Databases,Jingkuan Song; Heng Tao Shen; Jianfeng Wang; Zi Huang; Nicu Sebe; Jingdong Wang,2016,IEEE Transactions on Multimedia,10.1109/TMM.2016.2515990,https://ieeexplore.ieee.org/document/7377105/,adjacent-subtopic,"Recently, binary codes have been widely used in many multimedia applications to approximate high-dimensional multimedia features for practical similarity search due to the highly compact data representation and efficient distance computation. While the majority of the hashing methods aim at learning more accurate hash codes, only a few of them focus on indexing methods to accelerate the search for binary code databases. Among these indexing methods, most of them suffer from extremely high memory cost or extensive Hamming distance computations. In this paper, we propose a new Hamming distance search scheme for large scale binary code databases, which is free of Hamming distance computations to return the exact results. Without the necessity to compare database binary codes with queries, the search performance can be improved and databases can be externally maintained. More specifically, we adopt the inverted multi-index data structure to index binary codes. Importantly, the Hamming distance information embedded in the structure is utilized in the designed search scheme such that the verification of exact results no longer relies on Hamming distance computations. As a step further, we optimize the performance of the inverted multi-index structure by taking the code distributions among different bits into account for index construction. Empirical results on large-scale binary code databases demonstrate the superiority of our method over existing approaches in terms of both memory usage and search efficiency.",ieee,llm,0.970,unreviewed,,doi:10.1109/tmm.2016.2515990
discarded,A novel feature-based and application-oriented approach to Marine Sub-bottom Acoustic spatial data fusion,Xiaojun Jiang; Shaohua Ren; Yongzhong Shi,2012,2012 20th International Conference on Geoinformatics,10.1109/Geoinformatics.2012.6270285,https://ieeexplore.ieee.org/document/6270285/,off-topic-false-hit,"Aiming at the deficiencies in the field of Marine Sub-bottom Acoustic Exploration (MSAE), such as inefficiency in data management and limitation in data representation, full analyses are made on the technology and the exploring data of MSAE. A theme-based data integration model is proposed for MSAE data integration based on the themes of geomorphology, topography, and stratigraphy. The efficiencies of MSAE data management and use are consequently improved. Then a feature-based and application-oriented data fusion model is proposed for the full use and visual representation of the MSAE data. Evaluation of the two proposed models and their results are then made. With the successful application of the marine pipe route inspection (MPRI) in Hangzhou Bay, a GIS prototype system is constructed. All these studies show that the proposed models can improve the efficiencies of data management and use, meet the data needs of higher level applications, and implement the consistent visual data representation, in the field of MSAE. It can provide some references to the related applications in the field.",ieee,llm,0.990,unreviewed,,doi:10.1109/geoinformatics.2012.6270285
discarded,Fully Symbolic Timed Model Checking Using Constraint Matrix Diagrams,Rudiger Ehlers; Daniel Fass; Michael Gerke; Hans-Jorg Peter,2010,2010 31st IEEE Real-Time Systems Symposium,10.1109/RTSS.2010.36,https://ieeexplore.ieee.org/document/5702245/,adjacent-subtopic,"We present constraint matrix diagrams (CMDs), a novel data structure for the fully symbolic reach ability analysis of timed automata. CMDs combine matrix-based and diagram-based state space representations generalizing the concepts of difference bound matrices (DBMs), clock difference diagrams (CDDs), and clock restriction diagrams (CRDs). The key idea is to represent convex parts of the state space as (partial) DBMs which are, in turn, organized in a CDD/CRD-like ordered and reduced diagram. The location information is incorporated as a special Boolean constraint in the matrices. We describe all CMD operations needed for the construction of the transition relation and the reach ability fixed point computation. Based on a prototype implementation, we compare our technique with the timed model checkers RED and Uppaal, and furthermore investigate the impact of two different reduced forms on the time and space consumption.",ieee,llm,0.820,unreviewed,,doi:10.1109/rtss.2010.36
discarded,Prediction Algorithm of Guiding Effectiveness based on Fuzzy Data Network Structure Specification with Character Color Class,Zhenping Yuan,2022,2022 International Conference on Inventive Computation Technologies (ICICT),10.1109/ICICT54344.2022.9850443,https://ieeexplore.ieee.org/document/9850443/,off-topic-false-hit,"This paper summarizes the short-term market forecast of teaching effectiveness and the theoretical basis of fuzzy theory and deep belief network, studies the learning algorithm of DBN model, and constructs a fuzzy deep learning network model for stock price forecasting through experiments. For the first time, the deep learning network was applied to the market prediction of teaching effectiveness, and the model effect was tested and analyzed, and the DBN was determined through experiments to have the most structure. The abnormal teaching evaluation data was eliminated by using the improved cosine dissimilarity algorithm, and the normalization method was adopted. The standardization method standardizes the evaluation data, and uses the traditional K-modes algorithm to perform a preliminary cluster analysis on the evaluation data, and points out three problems.",ieee,llm,0.990,unreviewed,,doi:10.1109/icict54344.2022.9850443
discarded,A program anti-compiler,S. Letovsky,1989,[1989] Proceedings of the Twenty-Second Annual Hawaii International Conference on System Sciences. Volume II: Software Track,10.1109/HICSS.1989.48032,https://ieeexplore.ieee.org/document/48032/,adjacent-subtopic,"A description is given of CPU, a program analysis tool that converts programs into formal specifications. CPU takes as input a program plus a knowledge base of programming plans and finds instances of plans in the code. A technique called transformational analysis is used in which plans that are recognized in the code are replaced by descriptions of their goals. Both procedural plans and data-structuring plans can be recognized. The result of a transformational analysis is a hierarchical derivation of the program, where the topmost layer constitutes a formal specification for the input program, the bottommost layer is the original code, and the intermediate layers denote plans that were recognized in the program. This derivation can be used to generate summaries of the code and to answer questions about it.<>",ieee,llm,0.970,unreviewed,,doi:10.1109/hicss.1989.48032
discarded,Nested report generation for object-oriented databases,K. Tsuruoka,1991,[1991] Proceedings The Fifteenth Annual International Computer Software & Applications Conference,10.1109/CMPSAC.1991.170197,https://ieeexplore.ieee.org/document/170197/,adjacent-subtopic,"A presentation format generation strategy for composite reports is proposed for object-oriented databases. The reports can have nested formats (in extended non-first-normal-form). The problem of presentation view generation over object-oriented conceptual/external view is discussed. The presentation format should vary at run time, depending on repeating groups and data arrangement. A new format composition scheme is proposed, based on the idea of dynamic co-referring objects, which uses an object-oriented data model extended to the presentation layer. As important features, various composite reports can easily be derived from databases, and dynamic format modification is possible interactively, even after retrieving the data.<>",ieee,llm,0.980,unreviewed,,doi:10.1109/cmpsac.1991.170197
discarded,NeoDetect: Real-Time Multimodal Machine Learning for Neonatal Pain Detection,Megha Trivedi; Swati Varma; Chaitra Nair; Shruti Pachpor; Prachi Madane; Tanmay Narayankar,2026,2026 4th International Conference on Self Sustainable Artificial Intelligence Systems (ICSSAS),10.1109/ICSSAS68835.2026.11559529,https://ieeexplore.ieee.org/document/11559529/,off-topic-false-hit,"Neonates cannot verbally express their anguish, and current bedside scoring methods rely on subjective behavioral observation, which adds inter-observer variability and only provides episodic coverage, making accurate and continuous pain evaluation in neonates a crucial therapeutic problem. This paper introduces NeoDetect, a real-time multimodal machine learning framework for automated neonatal pain detection that combines cardiac RR-interval features, statistical and Welchestimated frequency-band descriptors derived from EEG, and peripheral oxygen saturation ($\text{SpO}_{2}$) metrics at the feature level in a single pipeline. In order to replicate real-world NICU sensor artifacts and annotation uncertainty, a clinically motivated preprocessing stage uses correlation-based feature selection to maintain a compact 7 -feature set spanning all three modalities. This is followed by RobustScaler normalization, controlled 5% Gaussian noise injection, and $\mathbf{1 0 \%}$ label-noise simulation. On a physiologically parameterized 50,000 -sample synthetic dataset with a nearly balanced class distribution (50.3% pain, 49.7% no-pain), three classifiers-Logistic Regression, Random Forest, and XGBoost are trained and compared using five-fold stratified cross-validation. With XGBoost achieving the best raw accuracy (85.26%) and Logistic Regression the highest AUC (0.8879), all models reach roughly $85.25-85.26$% accuracy and ROCAUC $\approx 0.887$. A noise robustness analysis shows a smooth deterioration from 85.98% at zero noise to 83.14% at 10% Gaussian noise, and a modality ablation investigation validates a 7.05 percentage-point accuracy increase from combining all three modalities over EEG alone. Under simulated stress-test settings, the system backend achieves a median inference latency of $\mathbf{3 1 2 m s}$ (95th-percentile 487 ms), and each API response is accompanied by SHAP attributions. The combination of EEG, ECG, and $\text{SpO}_{2}$ fusion, noise-aware preprocessing, SHAP explainability, and a fully deployable FastAPI/React NICU-facing interface features that no previous single system offers together is what makes NeoDetect innovative. Before clinical deployment, prospective validation using actual NICU recordings and confirmed bedside pain assessments is necessary. All results are proof-of-concept estimates.",ieee,llm,0.990,unreviewed,,doi:10.1109/icssas68835.2026.11559529
discarded,State Space Analysis Using Symmetries on Decision Diagrams,Maximilien Colange; Fabrice Kordon; Yann Thierry-Mieg; Souheib Baarir,2012,2012 12th International Conference on Application of Concurrency to System Design,10.1109/ACSD.2012.28,https://ieeexplore.ieee.org/document/6253468/,supports-claim; qualifies-claim; adjacent-subtopic; canonical representation in hardware verification or data structures; the cited BDD/graph examples carry the point,"Two well-accepted techniques to tackle combinatorial explosion in model-checking are exploitation of symmetries and the use of reduced decision diagrams. Some work showed that these two techniques can be stacked in specific cases. This paper presents a novel and more general approach to combine these two techniques. Expected benefits of this combination are:· in symmetry-based reduction, the main source of complexity resides in the canonization computation that must be performed for each new encountered state, the use of shared decision diagrams allows one to canonize sets of states at once.· in decision diagram based techniques, dependencies between variables induce explosion in representation size, the manipulation of canonical states allows to partly overcome this limitation. We show that this combination is experimentally effective in many typical cases.",ieee,llm_reviewed,0.970,changed,kept->discarded,doi:10.1109/acsd.2012.28
discarded,On the problem of uniform references to data structures,Charles M. Geschke; James G. Mitchell,1975,IEEE Transactions on Software Engineering,10.1109/TSE.1975.6312841,https://ieeexplore.ieee.org/document/6312841/,adjacent-subtopic,"The cost of a change to a large software system is often primarily a function of the size of the system rather than the complexity of the change. One reason for this is that programs which access some given data structure must operate on it using notations which are determined by its exact representation. Thus, changing how it is implemented may necessitate changes to the programs which access it. This paper develops a programming language notation and semantic interpretations which allow a program to operate on a data object in a manner which is dependent only on its logical or abstract properties and independent of its underlying concrete representation.",ieee,llm,0.860,unreviewed,,doi:10.1109/tse.1975.6312841
discarded,Efficient Strategies for Graph Pattern Mining Algorithms on GPUs,Samuel Ferraz; Vinicius Dias; Carlos H.C. Teixeira; George Teodoro; Wagner Meira,2022,2022 IEEE 34th International Symposium on Computer Architecture and High Performance Computing (SBAC-PAD),10.1109/SBAC-PAD55451.2022.00022,https://ieeexplore.ieee.org/document/9980941/,adjacent-subtopic,"Graph Pattern Mining (GPM) is an important, rapidly evolving, and computation demanding area. GPM computation relies on subgraph enumeration, which consists in extracting subgraphs that match a given property from an input graph. Graphics Processing Units (GPUs) have been an effective platform to accelerate applications in many areas. However, the irregularity of subgraph enumeration makes it challenging for efficient execution on GPU due to typical uncoalesced memory access, divergence, and load imbalance. Unfortunately, these aspects have not been fully addressed in previous work. Thus, this work proposes novel strategies to design and implement subgraph enumeration efficiently on GPU. We support a depth-first search style search (DFS-wide) that maximizes memory performance while providing enough parallelism to be exploited by the GPU, along with a warp-centric design that minimizes execution divergence and improves utilization of the computing capabilities. We also propose a low-cost load balancing layer to avoid idleness and redistribute work among thread warps in a GPU. Our strategies have been deployed in a system named DuMato, which provides a simple programming interface to allow efficient implementation of GPM algorithms. Our evaluation has shown that DuMato is often an order of magnitude faster than state-of-the-art GPM systems and can mine larger subgraphs (up to 12 vertices).",ieee,llm,0.980,unreviewed,,doi:10.1109/sbac-pad55451.2022.00022
discarded,Towards a Latin-Square Search Engine,Wenxiu Fang; Rebecca J. Stones; Trent G. Marbach; Gang Wang; Xiaoguang Liu,2019,"2019 IEEE Intl Conf on Parallel & Distributed Processing with Applications, Big Data & Cloud Computing, Sustainable Computing & Communications, Social Computing & Networking (ISPA/BDCloud/SocialCom/SustainCom)",10.1109/ISPA-BDCloud-SustainCom-SocialCom48970.2019.00110,https://ieeexplore.ieee.org/document/9047384/,supports-claim; qualifies-claim; adjacent-subtopic; canonical representation in hardware verification or data structures; the cited BDD/graph examples carry the point,"Latin squares are combinatorial matrices that are widely used in diverse areas of research such as codes and cryptography, software testing, mathematical research, and experimental designs. All of these fields would benefit from a search engine for Latin squares. One major obstacle to developing a Latin-square search engine is that any Latin square has a large number of equivalent Latin squares, which are contained in multiple equivalence classes, and thus we need an efficient online method for canonical labelling Latin squares. Canonical labelling usually proceeds via the Nauty graph isomorphism software, but this incurs conversion costs. Moreover, the canonical labels are practically random members of their equivalence classes. A second obstacle is how large amounts of searchable Latin-square data may be stored efficiently. In this paper, we design data structures and algorithms suitable for a Latin-square search engine. We use a tree-based data structure for storing large numbers of Latin squares that also enables efficient search capabilities. We design an efficient canonical labelling algorithm (via partial Latin squares, PLSs) which does not require graph conversion, facilitates compression, and the labels are more humanly meaningful. We implement and experiment with a skeletal prototype of the Latin-square search engine. Experimental results confirm that the PLS method is faster than Nauty, and has reduced space requirements.",ieee,llm_reviewed,0.980,changed,kept->discarded,doi:10.1109/ispa-bdcloud-sustaincom-socialcom48970.2019.00110
discarded,A scalable decision procedure for fixed-width bit-vectors,Roberto Bruttomesso; Natasha Sharygina,2009,2009 IEEE/ACM International Conference on Computer-Aided Design - Digest of Technical Papers,10.1145/1687399.1687403,https://ieeexplore.ieee.org/document/5361322/,adjacent-subtopic,"Efficient decision procedures for bit-vectors are essential for modern verification frameworks. This paper describes a new decision procedure for the core theory of bit-vectors that exploits a reduction to equality reasoning. The procedure is embedded in a congruence closure algorithm, whose data structures are extended in order to efficiently manage the relations between bit-vector slicings, modulo equivalence classes. The resulting procedure is incremental, backtrack-able, and proof producing: it can be used as a theory-solver for a lazy SMT schema. Experiments show that our approach is comparable and often superior to bit-blasting on the core fragment, and that it also helps as a theory layer when applied over the full bit-vector theory.",ieee,llm,0.800,unreviewed,,doi:10.1145/1687399.1687403
discarded,Decision diagrams and AND/OR graphs for design automation problems,R. Drechsler; W. Kunz; D. Stoffel; A. Zuzek,1997,"Proceedings of ICICS, 1997 International Conference on Information, Communications and Signal Processing. Theme: Trends in Information Systems Engineering and Wireless Multimedia Communications (Cat. ",10.1109/ICICS.1997.647096,https://ieeexplore.ieee.org/document/647096/,adjacent-subtopic,"Decision diagrams (DD) are the state-of-the-art data structure in design automation. Many problems can be easily solved if the corresponding DDs are given. Unfortunately, the DD size often becomes too large to fit in the main memory or the problem considered cannot easily be described using DDs. In order to overcome these limitations alternative data structures have to be considered. In this paper we review basic properties of DDs and discuss AND/OR graphs as a new way of approaching design automation problems. AND/OR graphs have already been successfully applied in artificial intelligence (AI). We attempt to give the reader an intuitive understanding for the difference between classical DDs and AND/OR graphs. We report on first promising applications and outline future trends.",ieee,llm,0.730,unreviewed,,doi:10.1109/icics.1997.647096
discarded,A calculus of functional BSP programs with projection,F. Loulergue,2006,Proceedings 20th IEEE International Parallel & Distributed Processing Symposium,10.1109/IPDPS.2006.1639552,https://ieeexplore.ieee.org/document/1639552/,adjacent-subtopic,"Bulk synchronous parallel ML (BSML) is an extension of the functional language Objective Caml to program bulk synchronous parallel (BSP) algorithms. It is deterministic, deadlock free and performances are good and predictable. Parallelism is expressed with a set of 4 primitives on a parallel data structure called parallel vector. These primitives are pure functional ones: they have no side-effect. It is thus possible, and we did it, to prove the correctness of BSML programs using a proof assistant like Coq. The BSlambda-calculus is an extension of the lambda-calculus which models the core semantics of BSML. Nevertheless some principles of BSML are not well captured by this calculus. This paper presents a new calculus, with a projection primitive, which provides a better model of the core semantics of BSML",ieee,llm,0.980,unreviewed,,doi:10.1109/ipdps.2006.1639552
