status,title,authors,year,venue,doi,url,tags,abstract,provider,decision_source,llm_confidence,llm_review_outcome,llm_change_direction,paper_id
discarded,ISOPLOT; a plotting and regression program for radiogenic-isotope data; version 2.53,Kenneth R. Ludwig,1991,Antarctica A Keystone in a Changing World,10.3133/ofr91445,https://openalex.org/W2271874944,off-topic-false-hit,"Construct U-Pb concordia plots (conventional, Tera-Wasserburg, or Tatsumoto-style) and calculate concordia-intercept ages and errors (p.18); ^ Construct projections of 3-dimensional (X-Y-Z) plots, determine best-fit planes to X-Y-Z data, and calculate concordia intercepts and uncertainties for 3-dimensional concordia data (p.21, 24); * Construct single-stage growth-curves for plots of common-Pb data (p.21, 24); * Construct MOTh/238U -^U^U evolution curves for U-series data (p.26); ^ Calculate and construct plots for weighted averages of a single variable (p.28); ^ Show histograms of a data-set, with calculated mean, median, and biweight-mean values (p.28); * Calculate radiogenic 207Pb/206Pb ages, common-Pb model ages, Nd, Sr, Os, and Hf model ages, U-series ages, and ages from the secular global-marine Sr-isotope trend (pp.30-31); * Do curvilinear (polynomial) regressions for X-Y data (p.17);* Fit a smooth curve (either precisely or in a least-squares sense) to data of arbitrary complexity using spline curves (p.17);To obtain a disk or disks containing Isoplot, write directly to K.R. Ludwig (U.S. Geological Survey,",openalex,llm,0.990,unreviewed,,doi:10.3133/ofr91445
discarded,Context-aware statistical debugging,Lingxiao Jiang; Zhendong Su,2007,,10.1145/1321631.1321660,https://openalex.org/W2127961981,adjacent-subtopic,"Effective bug localization is important for realizing automated debugging. One attractive approach is to apply statistical techniques on a collection of evaluation profiles of program properties to help localize bugs. Previous research has proposed various specialized techniques to isolate certain program predicates as bug predictors. However, because many bugs may not be directly associated with these predicates, these techniques are often ineffective in localizing bugs. Relevant control flow paths that may contain bug locations are more informative than stand-alone predicates for discovering and understanding bugs. In this paper, we propose an approach to automatically generate such faulty control flow paths that link many bug predictors together for revealing bugs. Our approach combines feature selection (to accurately select failure-related predicates as bug predictors), clustering (to group correlated predicates), and control flow graph traversal in a novel way to help generate the paths. We have evaluated our approach on code including the Siemens test suite and rhythmbox (a large music management application for GNOME). Our experiments show that the faulty control flow paths are accurate, useful for localizing many bugs, and helped to discover previously unknown errors in rhythmbox",openalex,llm,0.980,unreviewed,,doi:10.1145/1321631.1321660
discarded,On the progress of hydrogel-based 3D printing: Correlating rheological properties with printing behaviour,Sara Bom; Ricardo Da Conceicao Ribeiro; Helena Margarida Ribeiro; Catarina Ferreira Santos; Joana Marques Marto,2022,International Journal of Pharmaceutics,10.1016/j.ijpharm.2022.121506,https://openalex.org/W4206964890,off-topic-false-hit,"One of the exciting future directions in the 3D printing field is the development of innovative personalized smart constructions for bio-applications, including drug delivery, namely high-throughput drug screening and customized topical/oral administration of pharmaceuticals, as well as tissue engineering. In this context, hydrogels have emerged as a promising material that, when combined with extrusion 3D printing, allow the creation of soft-material structures with defined spatial locations, that can be printed at room temperature and customized by tuning the geometric design and/or the formulation components. Thus, the efficacy and quality of such vehicles is dependent on formulation, design, and printing process parameters. However, hydrogel inks are often designed and characterized using different methods and this lack of uniformity impairs. Characterization techniques are usually arbitrary and differ among research groups, challenging the inference of possible conclusions on hydrogel behaviour and potential applications. Therefore, to properly analyse the potential of a particular hydrogel ink formulation, we review, for the first time, the most frequently employed characterization procedures, from rheological approaches to printing parameters and settings, and discuss their relevance, limitations and drawbacks, and highlight future perspectives. Overall, to accelerate the development of high-quality 3D constructs, comprehensive characterization protocols for both pre-printing and printing assays should be adopted. Furthermore, their transversal adoption could serve as a boost in terms of quality requirements and regulatory aspects.",openalex,llm,1.000,unreviewed,,doi:10.1016/j.ijpharm.2022.121506
discarded,An efficient general-purpose least-squares refinement program for macromolecular structures,Dale E. Tronrud; Lynn F. Ten Eyck; Brain W. Matthews,1987,Acta Crystallographica Section A Foundations of Crystallography,10.1107/s0108767387099124,https://openalex.org/W2057984729,off-topic-false-hit,"A package of programs has been developed for efficient restrained least-squares refinement of macromolecular crystal structures. The package has been designed to be as flexible and general purpose as possible. The process of refinement is divided into basic units and an independent computer program handles each task. Each functional unit communicates with other programs in the package by way of files of well defined format. To modify or replace any program, the user need only understand the function of that particular element. Stereochemical restraints are defined in a general way that can be applied to proteins, nucleic acids, prosthetic groups, solvent atoms and so on. Guide values for bond lengths and bond angles are specified in a straightforward direct manner. Designated groups of atoms can be held constant or constrained to behave as a rigid body during refinement. In order to make the package as efficient as possible, the fast Fourier transform algorithm is used for all the crystallographic transformations. To highlight potential errors in the refined structure the user can list those atoms that have the worst bond lengths and angles, or have the largest positional, temperature-factor or occupancy gradients. It is also possible to check that protein and solvent atoms do not sterically clash with symmetry-related neighbors. Applications of the program package to a bacteriochlorophyll-containing protein, thermolysin-inhibitor complexes and mutants of bacteriophage T4 lysozyme are described.",openalex,llm,0.990,unreviewed,,doi:10.1107/s0108767387099124
discarded,A Deep-Learning-Based Partial-Volume Correction Method for Quantitative 177Lu SPECT/CT Imaging,"Leube, Julian; Gustafsson, Johan; Lassmann, Michael; Salas-Ramirez, Maikol; Tran-Gia, Johannes",2024,JOURNAL OF NUCLEAR MEDICINE,10.2967/jnumed.123.266889,https://www.webofscience.com/wos/woscc/full-record/WOS:001251294600025,off-topic-false-hit,"With the development of new radiopharmaceutical therapies, quantitative SPECT/CT has progressively emerged as a crucial tool for dosimetry. One major obstacle of SPECT is its poor resolution, which results in blurring of the activity distribution. Especially for small objects, this so-called partial-volume effect limits the accuracy of activity quantification. Numerous methods for partial-volume correction (PVC) have been proposed, but most methods have the disadvantage of assuming a spatially invariant resolution of the imaging system, which does not hold for SPECT. Furthermore, most methods require a segmentation based on anatomic information. Methods: We introduce DL-PVC, a methodology for PVC of 177Lu SPECT/CT imaging using deep learning (DL). Training was based on a dataset of 10,000 random activity distributions placed in extended cardiac-torso body phantoms. Realistic SPECT acquisitions were created using the SIMIND Monte Carlo simulation program. SPECT reconstructions without and with resolution modeling were performed using the CASToR and STIR reconstruction software, respectively. The pairs of ground-truth activity distributions and simulated SPECT images were used for training various U-Nets. Quantitative analysis of the performance of these U-Nets was based on metrics such as the structural similarity index measure or normalized root-mean-square error, but also on volume activity accuracy, a new metric that describes the fraction of voxels in which the determined activity concentration deviates from the true activity concentration by less than a certain margin. On the basis of this analysis, the optimal parameters for normalization, input size, and network architecture were identified. Results: Our simulation-based analysis revealed that DL-PVC (0.95/7.8%/35.8% for structural similarity index measure/normalized root-mean-square error/volume activity accuracy) outperforms SPECT without PVC (0.89/10.4%/12.1%) and after iterative Yang PVC (0.94/8.6%/15.1%). Additionally, we validated DL-PVC on 177Lu SPECT/CT measurements of 3-dimensionally printed phantoms of different geometries. Although DL-PVC showed activity recovery similar to that of the iterative Yang method, no segmentation was required. In addition, DL-PVC was able to correct other image artifacts such as Gibbs ringing, making it clearly superior at the voxel level. Conclusion: In this work, we demonstrate the added value of DL-PVC for quantitative 177Lu SPECT/CT. Our analysis validates the functionality of DL-PVC and paves the way for future deployment on clinical image data.",wos,llm,1.000,unreviewed,,doi:10.2967/jnumed.123.266889
discarded,A versatile dynamic noise control framework based on computer simulation and modeling,"Li, Jie; Zhang, Zonglu",2023,NONLINEAR ENGINEERING - MODELING AND APPLICATION,10.1515/nleng-2022-0272,https://www.webofscience.com/wos/woscc/full-record/WOS:001004425300001,off-topic-false-hit,"This article attempts to effectively reduce the impact of active noise pollution on human life, and to make up for the traditional passive noise control technique. In low-frequency noise control, there are some shortcomings. The making of active noise control (ANC) technique, in low-frequency noise reduction, can achieve very good results. This article proposes a versatile dynamic noise control framework based on computer simulation and modeling. The research is mainly focused on the principle and application of versatile dynamic noise control framework. To accomplish this, a research method combining theoretical analysis, software simulation, and hardware realization is adopted. The derivation process of the adaptive algorithm (LMS algorithm, filter-XLMS algorithm, etc.) is introduced in detail, and the influencing factors of algorithm performance, a variable step size normalization algorithm based on relative error is proposed. Perform simulation calculations on various algorithms in MATLAB, analyze parameters such as step factor, filter order, etc., and the degree of influence on the algorithm's convergence speed and steady-state performance. Common command set software is used, the path adaptive identification is realized, and the program design of the versatile dynamic noise control framework is used. After completion of software and hardware debugging on the experimental platform of generalized comfort, the experimental equipment layout is completed. Using the additive random noise method, the adaptive offline modeling of the first path of the versatile dynamic noise control framework is realized. Finally, utilizing the experimental platform of generalized comfort, the adaptive ANC experiment of the single-channel filtered least mean square algorithm is conducted, then the experimental data are analyzed, and at last, the actual application effect of the versatile dynamic noise control framework is verified.",wos,llm,0.990,unreviewed,,doi:10.1515/nleng-2022-0272
discarded,A Function Dependency based Approach for Fault Localization with D*,"Dutta, Arpita; Mall, Rajib",2020,ICSOFT: PROCEEDINGS OF THE 15TH INTERNATIONAL CONFERENCE ON SOFTWARE TECHNOLOGIES,10.5220/0009769402730283,https://www.webofscience.com/wos/woscc/full-record/WOS:000614139800028,adjacent-subtopic,"We present a scheme for hierarchically localizing software faults. First the functions are prioritized based on their suspiciousness of containing a fault. Further, the bug is localized within the suspected functions at the specific statement level. In our approach, a new function dependency graph is proposed, and based on that function prioritization is performed. In order to differentiate between the functions with equal suspiciousness value, function complexity metrics are considered. We proposed two different dependency edge weighting techniques, viz., Distribution Specified Normalization (DSN) method, and Highest Weight Normalization (HWN) method. These techniques help to measure the relevance of an edge in propagating a fault. We use spectrum-based fault localization (SBFL) technique DStar(D*) to localize the bugs at the statement level. We also extended our approach to localize multiple fault programs. Based on our experimental results, it is observed that using DSN and HWN scoring schemes, there is a reduction of 43.65% and 38.88% of statements examined compared to the well-accepted SBFL technique DStar(D*) respectively.",wos,llm,0.980,unreviewed,,doi:10.5220/0009769402730283
discarded,Automation of the Method for Construction of the Radial Distribution Function for Studying the Structure of Amorphous Substances,"Vasin, O. I.; Novikova, V. V.; Kulygin, A. K.; Avilov, A. S.",2020,JOURNAL OF SURFACE INVESTIGATION,10.1134/S1027451020050201,https://www.webofscience.com/wos/woscc/full-record/WOS:000581684700033,off-topic-false-hit,"An idea proposed by us previously is used in this paper. The idea is that the first coordination number in the structure of an amorphous substance is independent of the amplitudes of atomic thermal vibrations near the equilibrium position. A corresponding algorithm is developed, and a program which makes it possible to calculate the radial distribution function (RDF) of atoms in the automatic mode is created. The program calculates the normalization coefficient of the interference function and subtracts the incoherent scattering background. The program and algorithms are tested and debugged using the electron diffraction analysis of well-studied amorphous-Ge thin films. Tungsten-trioxide thin films obtained by pyrolysis are used as the substance under study. The results of RDF construction showed that it is necessary to correct the atomic WO3 model. Experimental curves for the intensities of both substances are obtained using our developed precision system for measuring electron diffraction patterns using an EMR-102 electron diffractometer. The developed algorithms and computing methods are independent of the type of radiation (diffraction of electrons, neutrons or X-rays) and make possible calculation of the first coordination number with an accuracy of several percent.",wos,llm,1.000,unreviewed,,doi:10.1134/s1027451020050201
discarded,"Roughness Decomposition: An on-Wafer Methodology to Discriminate Mask, Metrology, and Shot Noise Contributions","Lorusso, Gian Francesco; Rispens, Gijsbert; Rutigliani, Vito; Van Roey, Frieda; Frommhold, Andreas; Schiffelers, Guido",2019,"METROLOGY, INSPECTION, AND PROCESS CONTROL FOR MICROLITHOGRAPHY XXXIII",10.1117/12.2515175,https://www.webofscience.com/wos/woscc/full-record/WOS:000511157400020,off-topic-false-hit,"In order to meet the tight Line Width Roughness (LWR) requirements for advanced metrology nodes, it is critical to be able to identify what the fundamental sources of roughness are, so that they can be individually minimized. In fact, more and more efforts aiming to decouple mask and / or metrology contribution from wafer data have been recently reported [1]. However, these approaches often rely heavily on extensive mask characterization, something that is not always easily available.

We propose here an alternative path to investigate and discriminate the root causes of LWR using only wafer data. It is based on Local Critical Dimension Uniformity (LCDU) decomposition [2], a methodology used to identify and quantify the individual LCDU contributors. The decomposition approach requires a smart sampling of the wafer print, in which an array of contact hole is measured in different dies multiple times. For such an approach to be successful, it is critical to ensure that the measurement locations are individually identified. Hence, it is necessary to anchor the metrology to a reference feature. A linear nested model [3] is then used to quantify the three main variability components (mask, shot noise, and metrology). This approach allows to sample thousands of features at mask, a task that would not be practically achievable through direct mask measurements.

In this work, LWR decomposition is implemented for the first time. To this aim, 18nm lines at 36nm pitch, printed by EUV lithography, were used. We specifically worked with a pattern including programmed defects, used as anchoring features for the metrology. In order to limit the impact of the metrology noise, expected to be higher for lines as compared to CH, we sampled over 8000 anchored measurements per image (in the CH case, only 81 measurements per image were needed). The LWR decomposition results indicated the dominance of the metrology noise, as expected. In addition, the mask contribution was observed to be less relevant that the shot noise.

To verify the accuracy of the LWR decomposition results, Power Spectral Density (PSD) analysis on wafer and mask SEM images was used. The metrology noise contribution was removed at both mask and wafer level using an un-biasing normalization of the PSD curves [4]. The comparison with the PSD analysis confirmed the feasibility of LWR decomposition, opening the way to a more effective diagnostic technique for roughness and stochastics.",wos,llm,1.000,unreviewed,,doi:10.1117/12.2515175
discarded,Automated generation of (F)LTL oracles for testing and debugging,"Pill, Ingo; Wotawa, Franz",2018,JOURNAL OF SYSTEMS AND SOFTWARE,10.1016/j.jss.2018.02.002,https://www.webofscience.com/wos/woscc/full-record/WOS:000428493000008,adjacent-subtopic,"For being able to draw on automated reasoning that helps us in improving the quality of some software artifact or cyber-physical system, we have to express desired system traits in precise formal requirements. Verifying that a system adheres to these requirements allows us then to gain the crucial level of confidence in its capabilities and quality. Complementing related methods like model checking or runtime monitors, for testing and most importantly debugging recognized problems, we would certainly be interested in automated oracles. These oracles would allow us to judge whether observed (test) data really adhere to desired properties, and also to derive program spectra that have been shown to be an effective reasoning basis for debugging purposes. In this paper, we show how to automatically derive such an oracle as a dedicated satisfiability encoding that is specifically tuned to the considered test data at hand. In particular, we instantiate a dedicated SAT problem in conjunctive normal form directly from the requirements and a test case's execution data. Our corresponding experiments illustrate that our approach shows attractive performance and can be fully automated. (c) 2018 Elsevier Inc. All rights reserved.",wos,llm,0.970,unreviewed,,doi:10.1016/j.jss.2018.02.002
