status,title,authors,year,venue,doi,url,tags,abstract,provider,decision_source,llm_confidence,llm_review_outcome,llm_change_direction,paper_id
discarded,Chitosan nanoparticle-mediated delivery of miRNA-34a decreases prostate tumor growth in the bone and its expression induces non-canonical autophagy,Sanchaika Gaur; Yunfei Wen; Jian H. Song; Nila U. Parikh; Lingegowda Selanere Mangala; Alicia Marie Blessing; Cristina S. Ivan; Sherry Y. Wu; Andreas S. Varkaris; Yan Shi; Gabriel Lopez‐Berestein; Daniel E. Frigo; Anil K. Sood; Gary E. Gallick,2015,Oncotarget,10.18632/oncotarget.4971,https://openalex.org/W2112633544,off-topic-false-hit,"// Sanchaika Gaur 1,2,9 , Yunfei Wen 3 , Jian H. Song 1 , Nila U. Parikh 1 , Lingegowda S. Mangala 3,4 , Alicia M. Blessing 5 , Cristina Ivan 3,4 , Sherry Y. Wu 3 , Andreas Varkaris 1 , Yan Shi 5 , Gabriel Lopez-Berestein 4,6 , Daniel E. Frigo 5,7 , Anil K. Sood 2,3,4,8 and Gary E. Gallick 1,2 1 Department of Genitourinary Medical Oncology, David H. Koch Center for Applied Research of Genitourinary Cancers, The University of Texas, MD Anderson Cancer Center, Houston, TX, USA 2 Program in Cancer Biology and Cancer Metastasis, The University of Texas Graduate School of Biomedical Sciences at Houston, TX, USA 3 Department of Gynecologic Oncology and Reproductive Medicine, The University of Texas MD Anderson Cancer Center, Houston, TX, USA 4 Center for RNA Interference and Non-Coding RNA, The University of Texas MD Anderson Cancer Center, Houston, TX, USA 5 Center for Nuclear Receptors and Cell Signaling, Departments of Biology and Biochemistry, University of Houston, TX, USA 6 Department of Experimental Therapeutics, The University of Texas MD Anderson Cancer Center, Houston, TX, USA 7 Genomic Medicine Program, The Houston Methodist Research Institute, Houston, TX, USA 8 Department of Cancer Biology, The University of Texas MD Anderson Cancer Center, Houston, TX, USA 9 Department of Biomedical Sciences, Cedars Sinai Medical Center, Los Angeles, CA, USA Correspondence: Gary E. Gallick, email: // Keywords : prostate cancer, miR-34a, bone metastasis, apoptosis, autophagy Received : April 07, 2015 Accepted : July 11, 2015 Published : July 22, 2015 Abstract While several new therapies are FDA-approved for bone-metastatic prostate cancer (PCa), patient survival has only improved marginally. Here, we report that chitosan nanoparticle-mediated delivery of miR-34a, a tumor suppressive microRNA that downregulates multiple gene products involved in PCa progression and metastasis, inhibited prostate tumor growth and preserved bone integrity in a xenograft model representative of established PCa bone metastasis. Expression of miR-34a induced apoptosis in PCa cells, and, in accord with downregulation of targets associated with PCa growth, including MET and Axl and c-Myc, also induced a form of non-canonical autophagy that is independent of Beclin-1, ATG4, ATG5 and ATG7. MiR-34a-induced autophagy is anti-proliferative in prostate cancer cells, as blocking apoptosis still resulted in growth inhibition of tumor cells. Thus, combined effects of autophagy and apoptosis are responsible for miR-34a-mediated prostate tumor growth inhibition, and have translational impact, as this non-canonical form of autophagy is tumor inhibitory. Together, these results provide a new understanding of the biological effects of miR-34a and highlight the clinical potential for miR-34a delivery as a treatment for bone metastatic prostate cancer.",openalex,llm,0.990,unreviewed,,doi:10.18632/oncotarget.4971
discarded,Normalized Object Coordinate Space for Category-Level 6D Object Pose and Size Estimation,He Wang; Srinath Sridhar; Jingwei Huang; Julien Valentin; Shuran Song; Leonidas Guibas,2019,,10.1109/cvpr.2019.00275,https://openalex.org/W2909314588,adjacent-subtopic,"The goal of this paper is to estimate the 6D pose and dimensions of unseen object instances in an RGB-D image. Contrary to ""instance-level'' 6D pose estimation tasks, our problem assumes that no exact object CAD models are available during either training or testing time. To handle different and unseen object instances in a given category, we introduce a Normalized Object Coordinate Space (NOCS)-a shared canonical representation for all possible object instances within a category. Our region-based neural network is then trained to directly infer the correspondence from observed pixels to this shared object representation (NOCS) along with other object information such as class label and instance mask. These predictions can be combined with the depth map to jointly estimate the metric 6D pose and dimensions of multiple objects in a cluttered scene. To train our network, we present a new context-aware technique to generate large amounts of fully annotated mixed reality data. To further improve our model and evaluate its performance on real data, we also provide a fully annotated real-world dataset with large environment and instance variation. Extensive experiments demonstrate that the proposed method is able to robustly estimate the pose and size of unseen object instances in real environments while also achieving state-of-the-art performance on standard 6D pose estimation benchmarks.",openalex,llm,0.960,unreviewed,,doi:10.1109/cvpr.2019.00275
discarded,Structural Identifiability of Systems Biology Models: A Critical Comparison of Methods,Oana-Teodora Chis; Julio R. Banga; Eva Balsa‐Canto,2011,PLoS ONE,10.1371/journal.pone.0027755,https://openalex.org/W2033783472,off-topic-false-hit,"Analysing the properties of a biological system through in silico experimentation requires a satisfactory mathematical representation of the system including accurate values of the model parameters. Fortunately, modern experimental techniques allow obtaining time-series data of appropriate quality which may then be used to estimate unknown parameters. However, in many cases, a subset of those parameters may not be uniquely estimated, independently of the experimental data available or the numerical techniques used for estimation. This lack of identifiability is related to the structure of the model, i.e. the system dynamics plus the observation function. Despite the interest in knowing a priori whether there is any chance of uniquely estimating all model unknown parameters, the structural identifiability analysis for general non-linear dynamic models is still an open question. There is no method amenable to every model, thus at some point we have to face the selection of one of the possibilities. This work presents a critical comparison of the currently available techniques. To this end, we perform the structural identifiability analysis of a collection of biological models. The results reveal that the generating series approach, in combination with identifiability tableaus, offers the most advantageous compromise among range of applicability, computational complexity and information provided.",openalex,llm,0.980,unreviewed,,doi:10.1371/journal.pone.0027755
discarded,Hypergraph rewriting: critical pairs and undecidability of confluence,Detlef Plump,1993,"White Rose Research Online (University of Leeds, The University of Sheffield, University of York)",,https://openalex.org/W1482905321,"qualifies-claim; adjacent-subtopic; normal forms in rewriting, logic or type theory",,openalex,llm_reviewed,0.820,changed,kept->discarded,hash:65dcc480578f088b
discarded,More is not better: brood size and population growth in a self-fertilizing nematode,Jonathan Hodgkin; Thomas M. Barnes,1991,Proceedings of the Royal Society B Biological Sciences,10.1098/rspb.1991.0119,https://openalex.org/W2070992087,off-topic-false-hit,"The normal form of the nematode Caenorhabditis elegans is a self-fertilizing hermaphrodite, which produces from the same germ-line tissue first a limited number of sperm and then a larger number of oocytes. Self-progeny brood sizes are determined by the number of sperm, and most of the oocytes remain unfertilized. Therefore it might seem selectively advantageous to increase the number of sperm, and hence the size of the brood. A mutation that leads to a 50% increase in sperm production allows a comparison of population growth rates between the wild type (mean brood 327 progeny) and the mutant (mean brood 499 progeny). Wild-type populations grow faster, as measured by food consumption, indicating that increased brood size is not advantageous. The mutant appears to be at a disadvantage because the additional spermatogenesis leads to a delay in the onset of oogenesis, and hence to an increase in the minimum generation time. In support of the notion of an optimal brood size, it was found that different natural isolates of this species have self-fertilities similar to that of the standard laboratory strain, in the range 250-350 progeny per worm.",openalex,llm,1.000,unreviewed,,doi:10.1098/rspb.1991.0119
discarded,"On a theory of computation and complexity over the real numbers: 𝑁𝑃- completeness, recursive functions and universal machines",Lenore Blum; Mike Shub; Steve Smale,1989,Bulletin of the American Mathematical Society,10.1090/s0273-0979-1989-15750-9,https://openalex.org/W2071846104,adjacent-subtopic,"We present a model for computation over the reals or an arbitrary (ordered) ring R. In this general setting, we obtain universal machines, partial recursive functions, as well as JVP-complete problems.While our theory reflects the classical over Z (e.g., the computable functions are the recursive functions) it also reflects the special mathematical character of the underlying ring R (e.g., complements of Julia sets provide natural examples of R. E. undecidable sets over the reals) and provides a natural setting for studying foundational issues concerning algorithms in numerical analysis.Introduction.We develop here some ideas for machines and computation over the real numbers R.One motivation for this comes from scientific computation.In this use of the computer, a reasonable idealization has the cost of multiplication independent of the size of the number.This contrasts with the usual theoretical computer science picture which takes into account the number of bits of the numbers.Another motivation is to bring the theory of computation into the domain of analysis, geometry and topology.The mathematics of these subjects can then be put to use in the systematic analysis of algorithms.On the other hand, there is an extensively developed subject of the theory of discrete computation, which we don't wish to lose in our theory.Toward this end we define machines, partial recursive functions, and other objects of study over a ring R. Then in the case where R is the ring of integers Z, we have the same objects (or perhaps equivalent objects) as the classical ones.Computable functions over Z are thus ordinary computable functions.R.E.sets over Z are ordinary R.E.sets.But when the ring is specialized to the real numbers, we have computable functions which are reasonable for the study of algorithms of numerical analysis.R.E.sets over R are no longer countable and include, for example, basins of attraction of complex analytic dynamical systems.",openalex,llm,0.950,unreviewed,,doi:10.1090/s0273-0979-1989-15750-9
discarded,Hough-Transform and Extended RANSAC Algorithms for Automatic Detection of 3D Building Roof Planes from Lidar Data,Fayez Tarsha Kurdi; Tania Landes; Pierre Grussenmeyer,2007,HAL (Le Centre pour la Communication Scientifique Directe),,https://openalex.org/W746983226,adjacent-subtopic,"Airborne laser scanner technique is broadly the most appropriate way to acquire rapidly and with high density 3D data over a city. Once the 3D Lidar data are available, the next task is the automatic data processing, with major aim to construct 3D building models. Among the numerous automatic reconstruction methods, the techniques allowing the detection of 3D building roof planes are of crucial importance. Three main methods arise from the literature: region growing, Hough-transform and Random Sample Consensus (RANSAC) paradigm. Since region growing algorithms are sometimes not very transparent and not homogenously applied, this paper focuses only on the Hough-transform and the RANSAC algorithm. Their principles, their pseudocode- rarely detailed in the related literature- as well as their complete analyses are presented in this paper. An analytic comparison of both algorithms, in terms of processing time and sensitivity to cloud characteristics, shows that despite the limitation encountered in both methods, RANSAC algorithm is still more efficient than the first one. Under other advantages, its processing time is negligible even when the input data size is very large. On the other hand, Hough-transform is very sensitive to the segmentation parameters values. Therefore, RANSAC algorithm has been chosen and extended to exceed its limitations. Its major limitation is that it searches to detect the best mathematical plane among 3D building point cloud even if this plane does not always represent a roof plane. So the proposed extension allows harmonizing the mathematical aspect of the algorithm with the geometry of a roof. At last, it is shown that the extended approach provides very satisfying results, even in the case of very weak point density and for different levels of building",openalex,llm,0.990,unreviewed,,hash:c5ae73bbb0357df6
discarded,Phytochrome diversity in green plants and the origin of canonical plant phytochromes,Fay‐Wei Li; Michael Melkonian; Carl J. Rothfels; Juan Carlos Villarreal; Dennis Wm. Stevenson; Sean W. Graham; Gane Ka‐Shu Wong; Kathleen M. Pryer; Sarah Mathews,2015,Nature Communications,10.1038/ncomms8852,https://openalex.org/W1002761214,off-topic-false-hit,"Phytochromes are red/far-red photoreceptors that play essential roles in diverse plant morphogenetic and physiological responses to light. Despite their functional significance, phytochrome diversity and evolution across photosynthetic eukaryotes remain poorly understood. Using newly available transcriptomic and genomic data we show that canonical plant phytochromes originated in a common ancestor of streptophytes (charophyte algae and land plants). Phytochromes in charophyte algae are structurally diverse, including canonical and non-canonical forms, whereas in land plants, phytochrome structure is highly conserved. Liverworts, hornworts and Selaginella apparently possess a single phytochrome, whereas independent gene duplications occurred within mosses, lycopods, ferns and seed plants, leading to diverse phytochrome families in these clades. Surprisingly, the phytochrome portions of algal and land plant neochromes, a chimera of phytochrome and phototropin, appear to share a common origin. Our results reveal novel phytochrome clades and establish the basis for understanding phytochrome functional evolution in land plants and their algal relatives.",openalex,llm,1.000,unreviewed,,doi:10.1038/ncomms8852
discarded,The use of normal forms for analysing nonlinear mechanical vibrations,Simon A. Neild; ALAN R. CHAMPNEYS; David James Wagg; Thomas Lewis Hill; Andrea Cammarano,2015,Philosophical Transactions of the Royal Society A Mathematical Physical and Engineering Sciences,10.1098/rsta.2014.0404,https://openalex.org/W1733229080,off-topic-false-hit,"A historical introduction is given of the theory of normal forms for simplifying nonlinear dynamical systems close to resonances or bifurcation points. The specific focus is on mechanical vibration problems, described by finite degree-of-freedom second-order-in-time differential equations. A recent variant of the normal form method, that respects the specific structure of such models, is recalled. It is shown how this method can be placed within the context of the general theory of normal forms provided the damping and forcing terms are treated as unfolding parameters. The approach is contrasted to the alternative theory of nonlinear normal modes (NNMs) which is argued to be problematic in the presence of damping. The efficacy of the normal form method is illustrated on a model of the vibration of a taut cable, which is geometrically nonlinear. It is shown how the method is able to accurately predict NNM shapes and their bifurcations.",openalex,llm,0.990,unreviewed,,doi:10.1098/rsta.2014.0404
discarded,On the construction of the Kolmogorov normal form for the Trojan asteroids,Frederic Gabern; Àngel Jorba; Ugo Locatelli,2005,Nonlinearity,10.1088/0951-7715/18/4/017,https://openalex.org/W1970469570,off-topic-false-hit,"In this paper, we focus on the stability of the Trojan asteroids for the planar restricted three-body problem, by extending the usual techniques for the neighbourhood of an elliptic point to derive results in a larger vicinity. Our approach is based on numerical determination of the frequencies of the asteroid and effective computation of the Kolmogorov normal form for the corresponding torus. This procedure has been applied to the first 34 Trojan asteroids of the IAU Asteroid Catalogue, and it has worked successfully for 23 of them. The construction of this normal form allows computer-assisted proofs of stability. To show this, we have implemented a proof of existence of families of invariant tori close to a given asteroid, for a high order expansion of the Hamiltonian. This proof has been successfully applied to three Trojan asteroids.",openalex,llm,0.990,unreviewed,,doi:10.1088/0951-7715/18/4/017
discarded,A Review of Local Outlier Factor Algorithms for Outlier Detection in Big Data Streams,Omar Alghushairy; Raed A. I. Alsini; Terence Soule; Xiaogang Ma,2020,Big Data and Cognitive Computing,10.3390/bdcc5010001,https://openalex.org/W3117098906,off-topic-false-hit,"Outlier detection is a statistical procedure that aims to find suspicious events or items that are different from the normal form of a dataset. It has drawn considerable interest in the field of data mining and machine learning. Outlier detection is important in many applications, including fraud detection in credit card transactions and network intrusion detection. There are two general types of outlier detection: global and local. Global outliers fall outside the normal range for an entire dataset, whereas local outliers may fall within the normal range for the entire dataset, but outside the normal range for the surrounding data points. This paper addresses local outlier detection. The best-known technique for local outlier detection is the Local Outlier Factor (LOF), a density-based technique. There are many LOF algorithms for a static data environment; however, these algorithms cannot be applied directly to data streams, which are an important type of big data. In general, local outlier detection algorithms for data streams are still deficient and better algorithms need to be developed that can effectively analyze the high velocity of data streams to detect local outliers. This paper presents a literature review of local outlier detection algorithms in static and stream environments, with an emphasis on LOF algorithms. It collects and categorizes existing local outlier detection algorithms and analyzes their characteristics. Furthermore, the paper discusses the advantages and limitations of those algorithms and proposes several promising directions for developing improved local outlier detection methods for data streams.",openalex,llm,0.990,unreviewed,,doi:10.3390/bdcc5010001
discarded,A communication-efficient canonical form for fault-tolerant distributed protocols,Brian Coan,1986,,10.1145/10590.10596,https://openalex.org/W2091732787,adjacent-subtopic,Many fault-tolerant distributed protocols are known.Some of these require a large (exponential) amount of communication.We present a general simulation of any synchronous fault-tolerant consensus protocol by a communication-efficient protocol.An important corollary of the simulation technique is a new communicationefficient Byzantine agreement protocol that uses about half the number of rounds required by the best previouslyknown communication-efficient Byzantine agreement protocol.Our new protocol approaches the known lower bound for rounds to within a small factor arbitrarily close to 1.The only known protocols which achieve the lower bound for rounds use an exponential amount of communication.,openalex,llm,0.940,unreviewed,,doi:10.1145/10590.10596
discarded,Unique normal forms for lambda calculus with surjective pairing,Jan Willem Klop; R.C. de Vrijer,1989,Information and Computation,10.1016/0890-5401(89)90014-x,https://openalex.org/W2006607295,"supports-claim; adjacent-subtopic; normal forms in rewriting, logic or type theory",,openalex,llm_reviewed,0.960,changed,kept->discarded,doi:10.1016/0890-5401(89)90014-x
