status,title,authors,year,venue,doi,url,tags,abstract,provider,decision_source,llm_confidence,llm_review_outcome,llm_change_direction,paper_id
discarded,MISCIBILITY STUDIES ON POLYSTYRENE/POLY (METHYLMETHACRYALTE) BLENDS BY DILUTE SOLUTION VISCOMETRY,"Khan, Mohammad Saleem; Qazi, Raina Aman",2010,ARABIAN JOURNAL FOR SCIENCE AND ENGINEERING,,https://www.webofscience.com/wos/woscc/full-record/WOS:000282439500005,off-topic-false-hit,"Miscibility of Polystyrene (PS) with Poly (methylmethacrylate) was studied in dilute solution by viscometry. Blends with PS/PMMA composition of 0.1/0.9, 0.3/0.7, 0.5/0.5, 0.7/0.3, and 0.9/0.1 were studied at 20 degrees C and 30 degrees C in Tetrahydrofuran (THF) solvent. The intrinsic viscosity and the viscometric interaction parameter have been determined for the binary (solvent/polymer) and ternary (solvent/polymer1/polymer2) systems. The degree of compatibility of these polymer systems was estimated on the basis of the following six criteria: (1) the sign of Delta[eta], (2) the sign of Delta b(23), (3) the sign of mu, (4) the sign of Delta b(m), (5) the sign of alpha, and (6) the sign of beta. Based on sign convention involved in these criteria, partial miscibility was observed in the PS/PMMA system. Miscibility between PS and PMMA was found to increase with temperature from 20 degrees C to 30 degrees C and decrease with weight fraction of PS.",wos,llm,1.000,unreviewed,,hash:0ec1e1cad229a8cf
discarded,"Corrigendum to “Dietary glycocalyx mimetic reduces vascular risk in Type 2 diabetes: evidence from urinary peptidomic classifiers in a South–Asian Surinamese Cohort”. [DIAB 229 (2025) 112931] (Diabetes Research and Clinical Practice (2025) 229, (S0168822725009453), (10.1016/j.diabres.2025.112931))",S. Biglari,2026,Diabetes Research and Clinical Practice,10.1016/j.diabres.2025.112953,https://www.scopus.com/inward/record.uri?partnerID=HzOxMe3b&scp=105020936816&origin=inward,off-topic-false-hit,"contains the following errors, which arose during final Table preparation or were typographical.These corrections are limited to Table assembly or typographical errors and do not affect the study's results, interpretation, or conclusions.",scopus,llm,1.000,unreviewed,,doi:10.1016/j.diabres.2025.112953
discarded,"Correction: Square Array Designs for Unreplicated Test Treatments with Replicated Controls (Journal of Agricultural, Biological and Environmental Statistics, (2025), 10.1007/s13253-025-00699-1)",R.A. Bailey,2025,Journal of Agricultural Biological and Environmental Statistics,10.1007/s13253-025-00712-7,https://www.scopus.com/inward/record.uri?partnerID=HzOxMe3b&scp=105019764321&origin=inward,off-topic-false-hit,These are mistakes which occurred in the type-setting process.,scopus,llm,1.000,unreviewed,,doi:10.1007/s13253-025-00712-7
discarded,Deep learning of interfacial curvature: A symmetry-preserving approach for the volume of fluid method,A. Önder,2023,Journal of Computational Physics,10.1016/j.jcp.2023.112110,https://www.scopus.com/inward/record.uri?partnerID=HzOxMe3b&scp=85151652684&origin=inward,adjacent-subtopic,"Estimation of interface curvature in surface-tension dominated flows is a remaining challenge in Volume of Fluid (VOF) methods. Data-driven methods are recently emerging as a promising alternative in this domain. They outperform conventional methods on coarser grids but diverge with grid refinement. Furthermore, unlike conventional methods, data-driven methods are sensitive to coordinate system and sign conventions, thus often fail to capture basic symmetry patterns in interfaces. The present work proposes a new data-driven strategy which conserves the symmetries in a cost-effective way and delivers consistent results over a wide range of grids. The method is based on artificial neural networks with deep multilayer perceptron (MLP) architecture which read volume fraction fields on regular grids. The anti-symmetries are preserved with no additional cost by employing a neural network model with input normalization, odd-symmetric activation functions and bias-free neurons. The symmetries are further conserved by height-function inspired rotations and averaging over several different orientations. The new symmetry-preserving MLP model is implemented into a flow solver (OpenFOAM) and tested against conventional schemes in the literature. It shows superior performance compared to its standard counterpart and has similar accuracy and convergence properties with the state-of-the-art conventional method despite using smaller stencil.",scopus,llm,0.970,unreviewed,,doi:10.1016/j.jcp.2023.112110
discarded,"Corrigendum to “Fate of superconductivity in three-dimensional disordered Luttinger semimetals” [Ann. Phys. 392 (2018) 179–195] (Annals of Physics (2018) 392 (179–195), (S0003491618300599), (10.1016/j.aop.2018.03.004))",I. Mandal,2022,Annals of Physics,10.1016/j.aop.2022.168797,https://www.scopus.com/inward/record.uri?partnerID=HzOxMe3b&scp=85124399139&origin=inward,off-topic-false-hit,"There were errors in Eqs. (3.10) and (3.11) of the published version of the paper. There was also a small implementation issue of the formulation of the relations between the bare and renormalized quantities in Eq. (3.14). Finally, the corrections to disorder vertices coming from loops consisting of disorder itself were missing. These errors affect the RG flow equations in the main text, thus changing the fixed points. However, they do not affect our main results and conclusions, which remain that disorder destroys the superconducting quantum critical point in three-dimensional Corrections to the main text, including some minor typographical errors are listed below: 1. In the line before Eq. (2.3), the word ""Copper ""should be corrected to ""Cooper "". 2. In Eq. (2.4), phi psi & DAG; & UGamma;45 psi & DAG; should be replaced by phi psi & DAG; & UGamma;45 psi*. 3. In Eq. (2.5), the A3 and A5 factors should be removed. 4. Footnote 1 on pg-182 should be corrected to: A sample contraction of terms leading to the fermion self-energy can be written as:",scopus,llm,1.000,unreviewed,,doi:10.1016/j.aop.2022.168797
discarded,A scaling property of Farey fractions. Part IV: mean value formulas,M. Kunik,2018,European Journal of Mathematics,10.1007/s40879-017-0197-6,https://www.scopus.com/inward/record.uri?partnerID=HzOxMe3b&scp=85055131535&origin=inward,"supports-claim; adjacent-subtopic; number theory or algebra: representation of numbers or group elements, no equality-testing claim for a data type","The Farey sequence of order n consists of all reduced fractions a/b between 0 and 1 with positive denominator b less or equal to n. In a series of former papers we obtained a limit function which describes a scaling property of the Farey sequence of order n for n.8 in the vicinity of any fixed fraction a/b and which is independent of a/b. In this paper we derive a representation formula for a sequence of functions used in the Franel-Landau theorem to determine the number of Farey-fractions in prescribed intervals, and we establish a corresponding limit function for this sequence as well. This is combined with a former result to derive a remarkable representation formula for arithmetic means of related functions.",scopus,llm_reviewed,0.980,changed,kept->discarded,doi:10.1007/s40879-017-0197-6
discarded,A scaling property of Farey fractions. Part III: representation formulas,M. Kunik,2017,European Journal of Mathematics,10.1007/s40879-017-0132-x,https://www.scopus.com/inward/record.uri?partnerID=HzOxMe3b&scp=85019346528&origin=inward,"supports-claim; adjacent-subtopic; number theory or algebra: representation of numbers or group elements, no equality-testing claim for a data type","The Farey sequence of order n consists of all reduced fractions a/b between 0 and 1 with positive denominator b less or equal to n. The sums of the inverse denominators 1/b of the Farey fractions in prescribed intervals with rational bounds have simple main terms, whereas the deviations are determined by a sequence of polygonal functions f(n). In a former paper we obtained a limit function for n -> infinity which describes an asymptotic scaling property of functions f(n) in the vicinity of any fixed fraction a/b and which is independent of a/b. In this paper we derive new representation formulas for f(n) and related functions which give much better remainder term estimates. We also combine these results with those from our previous papers in order to prove that the sequence of functions f(n) converges pointwise to zero.",scopus,llm_reviewed,0.980,changed,kept->discarded,doi:10.1007/s40879-017-0132-x
discarded,A scaling property of Farey fractions. Part II: convergence at rational points,M. Kunik,2016,European Journal of Mathematics,10.1007/s40879-016-0106-4,https://www.scopus.com/inward/record.uri?partnerID=HzOxMe3b&scp=84981722681&origin=inward,"supports-claim; adjacent-subtopic; number theory or algebra: representation of numbers or group elements, no equality-testing claim for a data type","The Farey sequence of order n consists of all reduced fractions a/b between 0 and 1 with positive denominator b less or equal to n. The sums of the inverse denominators 1/b of the Farey fractions in prescribed intervals with rational bounds have a simple main term, but the deviations are determined by an interesting sequence of polygonal functions f(n). In a former paper we obtained a limit function for n -> infinity, which describes a scaling behaviour of the functions f(n) in the vicinity of any fixed rational number a/b and which is independent of a/b. In this paper we prove that f(n)(a/b) tends to zero for n -> infinity by using elementary representation formulas for f(n)(a/b) as well as a variant of the prime number theorem. An application of this result immediately gives a global version of the scaling behaviour of the functions f(n) around the rational numbers.",scopus,llm_reviewed,0.980,changed,kept->discarded,doi:10.1007/s40879-016-0106-4
discarded,"A computational framework for conservative, three-dimensional, unsplit, geometric transport with application to the volume-of-fluid (VOF) method",M. Owkes,2014,Journal of Computational Physics,10.1016/j.jcp.2014.04.022,https://www.scopus.com/inward/record.uri?partnerID=HzOxMe3b&scp=84899694482&origin=inward,off-topic-false-hit,"In this work, a novel computational framework for calculating convection fluxes is developed and employed in the context of the piecewise linear interface calculation (PLIC) volume-of-fluid (VOF) method. The scheme is three-dimensional, unsplit, discretely conservative, and bounded. The scheme leverages the idea of semi-Lagrangian transport to estimate the amount of liquid that is fluxed through each face during a time-step. The present work can be seen as an extension of the two-dimensional EMFPA method of Lopez et al. (2004) [16] to three dimensions and an improvement of the three-dimensional FMFPA-3D method of Hernandez et al. (2008) [17] with the addition of discrete conservation. In FMFPA-3D, fluxes of liquid volume fraction are calculated by transporting a cell face back in time with a semi-Lagrangian method that uses cell face edge velocities to produce a flux hexahedron with flat faces. The flux hexahedron may overlap with neighboring fluxes hindering the conservation properties of the method. The proposed method computes the fluxes by transporting the cell face back in time using a semi-Lagrangian step based on the cell face corner velocities, which results in a three-dimensional, generalized flux hexahedron that does not typically have flat faces. However, the flux volumes do not overlap and discrete conservation can be achieved. The complex flux volume is partitioned into a collection of simplices and a simple sign convention allows the calculation of the flux to be reduced to a straightforward and systematic algorithm. The proposed VOF scheme is tested on multiple benchmark cases including Zalesak's disk, two- and three-dimensional deformation tests, and the evolution of a droplet in homogeneous isotropic turbulence. (C) 2014 Elsevier Inc. All rights reserved.",scopus,llm,1.000,unreviewed,,doi:10.1016/j.jcp.2014.04.022
discarded,Experimental and theoretical approaches to investigating the miscibility or anhydride-containing copolymers and dextran,H. Kaplan Can,2006,Journal of Applied Polymer Science,10.1002/app.24137,https://www.scopus.com/inward/record.uri?partnerID=HzOxMe3b&scp=33750322253&origin=inward,off-topic-false-hit,"Abstract The miscibility behavior of dextran (Dx) with synthesized functional binary poly(citraconic anhydride‐acrylamide) (poly(CA‐alt‐AAm) and ternary poly(citraconic anhydride‐acrylamide‐vinyl acetate) (poly(CA‐co‐AAm‐co‐VA) copolymers was investigated in dilute aqueous solutions by viscometry and in a solid state by Fourier transform infrared (FTIR) spectroscopy. The relative viscosities of each polymer and their blends with Dx/related copolymer ratios of 20 : 80, 50 : 50, and 80 : 20 were measured at body temperature, 37°C, in bidistilled and deionized water. Starting with the classical Huggins equation, results of the viscosity measurements of each parent polymer and their blends were interpreted in terms of miscibility parameters: Δk, Δb, α, β, ΔB, and μ. Based on the sign convention used with these criteria, the miscibility between Dx and related copolymers was found to increase with the weight fraction of Dx in the blends and with the number of AAm units in the copolymer composition. From FTIR spectral analysis, supporting results were achieved that explained the interactions between Dx and the copolymers. Miscibility behavior was also investigated theoretically with Askadskii's miscibility criterion, and the theoretical calculations provided strong evidence supporting the experimental results. © 2006 Wiley Periodicals, Inc. J Appl Polym Sci 102: 2132–2141, 2006",scopus,llm,1.000,unreviewed,,doi:10.1002/app.24137
discarded,Miscibility of dextran and poly(ethylene glycol) in dilute aqueous solutions. II. Effect of temperature and composition,M. Barsbay,2006,Journal of Applied Polymer Science,10.1002/app.22797,https://www.scopus.com/inward/record.uri?partnerID=HzOxMe3b&scp=33646577830&origin=inward,off-topic-false-hit,"Abstract The miscibility of dextran (Dx) with poly(ethylene glycol) (PEG) was investigated in dilute aqueous solutions by viscometry. Homopolymers of Dx and PEG and their blends with Dx/PEG ratios of 10/90, 25/75, 50/50, 75/25, and 90/10 were studied at 25, 30, 35, 40, and 45°C in bidistilled and deionized water. Starting with the classical Huggins equation, the results of the viscosity behavior of each parent polymer and their blends were interpreted in terms of miscibility parameters, Δk, Δb, α, β, ΔB, and μ. On the basis of the sign convention involved in these criteria, miscibility between Dx and PEG was found to increase with the weight fraction of PEG in the blend composition and temperature. The fourier transform infrared (FTIR) analysis is also used to investigate the miscibility of the polymer pairs. The existence of specific interactions between Dx and PEG was demonstrated by FTIR spectroscopy. © 2006 Wiley Periodicals, Inc. J Appl Polym Sci 100: 4587–4594, 2006",scopus,llm,1.000,unreviewed,,doi:10.1002/app.22797
discarded,Persistent currents induced in the superconducting surface sheath,J. Park,1969,Advances in Physics,10.1080/00018736900101287,https://www.scopus.com/inward/record.uri?partnerID=HzOxMe3b&scp=84911819910&origin=inward,off-topic-false-hit,"The magnetization curves of type 2 superconductors, and type 1 super-conductors, for which H c3>H c, show a hysteretic tail in a range of field below H c3 which corresponds to a persistent current induced in the super-conducting surface layer (the sheath). Existing theories of this magnetization M are based on the hypotheses (a) that departures of the current distribution from uniformity are confined to the ends and may be neglected for long enough cylinders, and (b) that at the persistent (‘critical’) current, the free energy has the same value as it does in the normal state. These are the essential assumptions of what we call the infinite cylinder model. The apparent differences between the results of calculations based on this model made by Fink et al. and those made by Park, are shown to reside in a parameter η which Fink et al. assume to be ∼1. Values of η for a number of values of field and Ginzburg-Landau parameter κ are given. In a certain range, η ∼ 1 but η deviates markedly from 1 when κ is large (η∝ κ1/2 then), and at low fields when κ is small. It is shown that according to the model the tail should be symmetrical about the M=0 axis but that in order to show that it should be so, from free energy arguments, one must take into account the magnetization m of the sheath itself (due to its internal currents) even though m makes a negligible contribution to the total magnetic moment. The theory is compared with experiment, and significant discrepancies are found, particularly in the field dependence of M near H c3, which cannot be explained away as being the result of imperfections in specimen quality. The problem is then reconsidered on the basis of less arbitrary assumptions. First we consider the thermodynamic stability of the sheath. It is necessary to discuss the problem in terms of the current (per unit length, always) rather than magnetization M, so that we may distinguish between current in some particular region of the cylinder from the current averaged over its whole length. The average current J is directly related to the average magnetization M. Adopting the sign convention that a positive current produces a diamagnetic moment, M = −J. The continuous sheath will become unstable when the free energy in the presence of a break in the continuity over a small patch of surface is reduced by an increase in the area of the patch. That is our basic assumption. Unlike the homogeneous systems normally considered in thermodynamics, the sheath becomes unstable at an average current J which depends on the shape and position of the patch. If the patch lies in the central region of the cylinder the associated critical current J 1>>j c, where j c is the critical current calculated according to the infinite cylinder model. If it forms a ring of constant width on one end the sheath becomes unstable at J 2=j c. Thus the free energy criterion used to calculate j c corresponds to the assumption that J 2 is the lowest current at which the sheath becomes unstable. It is shown that the sheath may become unstable to penetration from the end along a large number of narrow slots at a current J 3⩽-j c. Whether or not J 3<j c, however, the sheath would always begin to break up at the end if the current reached a value J u before it became unstable. J u is the average current at which the current on the rim of the continuous sheath would reach j u. j u is the ‘ultimate’ current, the maximum current the sheath can carry under any circumstances. We show that for a high κ superconductor J u<j c, and assume the same inequality to hold for low κ superconductors. Thus at a certain current J p the sheath begins to break up at the end, and at this point, we argue, vortices or ‘flux spots’, of the type whose existence has been proposed by Hart and Swartz, enter the sheath from the ends. J p equals either J u or J 3, whichever is smaller. Only if J p equals J 3 does it correspond to a thermodynamic instability. In any case, since J u<j c, J p",scopus,llm,1.000,unreviewed,,doi:10.1080/00018736900101287
discarded,Persistent and Pernicious Errors in Algebraic Problem Solving,Julie L. Booth; Christina Barbieri; Francie Eyer; Juliana Paré-Blagoev,2014,The Journal of Problem Solving,10.7771/1932-6246.1161,https://openalex.org/W2030940232,adjacent-subtopic,"Students hold many misconceptions as they transition from arithmetic to algebraic thinking, and these misconceptions can hinder their performance and learning in the subject. To identify the errors in Algebra I which are most persistent and pernicious in terms of predicting student difficulty on standardized test items, the present study assessed algebraic misconceptions using an in-depth error analysis on algebra students’ problem solving efforts at different points in the school year. Results indicate that different types of errors become more prominent with different content at different points in the year, and that there are certain types of errors that, when made during different levels of content are indicative of math achievement difficulties. Recommendations for the necessity and timing of intervention on particular errors are discussed.",openalex,llm,0.920,unreviewed,,doi:10.7771/1932-6246.1161
discarded,Underprepared College Students’ Understanding of and Misconceptions with Fractions,Hea-Jin Lee; Irina Boyadzhiev,2020,International Electronic Journal of Mathematics Education,10.29333/iejme/7835,https://openalex.org/W3011212275,adjacent-subtopic,"This study investigated understanding of and misconceptions with fractions in college students enrolled in a remedial mathematics course. Data were collected from 22 college students for one semester. The analysis of 41 fraction problems revealed that participants’ common misconceptions were associated with a lack of understanding of basic definition of fractions, least common denominators/least common multiples, and order of operations. In addition, some students were able to recall the procedures but could not compute fractions accurately due to the misconceptions listed above.",openalex,llm,0.910,unreviewed,,doi:10.29333/iejme/7835
