status,title,authors,year,venue,doi,url,tags,abstract,provider,decision_source,llm_confidence,llm_review_outcome,llm_change_direction,paper_id
discarded,Flap: A Deterministic Parser with Fused Lexing,J. Yallop,2023,Proceedings of the ACM on Programming Languages,10.1145/3591269,https://www.scopus.com/inward/record.uri?partnerID=HzOxMe3b&scp=85161972652&origin=inward,adjacent-subtopic,"Lexers and parsers are typically defined separately and connected by a token stream. This separate definition is important for modularity and reduces the potential for parsing ambiguity. However, materializing tokens as data structures and case-switching on tokens comes with a cost. We show how to fuse separately-defined lexers and parsers, drastically improving performance without compromising modularity or increasing ambiguity. We propose a deterministic variant of Greibach Normal Form that ensures deterministic parsing with a single token of lookahead and makes fusion strikingly simple, and prove that normalizing context free expressions into the deterministic normal form is semantics-preserving. Our staged parser combinator library, flap, provides a standard interface, but generates specialized token-free code that runs two to six times faster than ocamlyacc on a range of benchmarks.",scopus,llm,0.950,unreviewed,,doi:10.1145/3591269
discarded,Graph-Based Soft-Balanced Fuzzy Clustering,C. Liu,2023,IEEE Transactions on Fuzzy Systems,10.1109/TFUZZ.2022.3218371,https://www.scopus.com/inward/record.uri?partnerID=HzOxMe3b&scp=85141639815&origin=inward,off-topic-false-hit,"Spectral clustering have attracted more and more attention due to their well-defined mathematical frameworks and superior performance. However, there still exist two limitations to be solved: 1) most spectral clustering methods consist of two independent stages, which may cause unpredictable deviation of obtained clustering results from the genuine ones and lead to severe information loss and performance degradation; 2) spectral clustering methods employ the hard clustering mode, which lacks interpretability for data points in the boundary area belonging to multiple clusters. To simultaneously address these challenging issues for spectral clustering, we propose a graph-based soft-balanced fuzzy clustering (GBFC) model. Specifically, we explicitly preserve the nonnegative property of the clustering indicator matrix to enhance the interpretability of clustering results. Moreover, row normalization is imposed on the cluster indicator matrix to show the membership of each data point to different clusters. Additionally, a novel balanced constraint is designed to regularize the clustering results and constrain the size of clusters. We can directly obtain the clustering assignments without any post-processing, and the limitations of the previous two-stage clustering framework can be effectively addressed. Extensive experiments performed on both synthetic datasets and real world datasets demonstrate the superiority and effectiveness of the proposed algorithm compared with several state-of-the-art methods.",scopus,llm,0.990,unreviewed,,doi:10.1109/tfuzz.2022.3218371
discarded,A Bloom Filter-based Algorithm for Fast Detection of Common Variables,Z. Wang,2023,Proceedings 2023 International Conference on Frontiers of Robotics and Software Engineering Frse 2023,10.1109/FRSE58934.2023.00015,https://www.scopus.com/inward/record.uri?partnerID=HzOxMe3b&scp=85173621469&origin=inward,adjacent-subtopic,"Satisfiability problem has significant applications in many fields, such as software verification and Robot path planning. Researchers have proposed many reduction rules for the conjunctive normal form formula, some of which need to detect the common variables in the formula. Even though these reduction rules only take polynomial time, when the time complexity of the rules exceeds $O\left(n^{3}\right)$, recursive inprocessing detections with in each branch are time-consuming. Due to this, the Bloom Common Variable Detection Algorithm (CVDA-Bloom) is proposed, which is based on the Bloom filter concept and hash clause detection technique. The hash method is utilized as a filter to detect common variables, while the Bloom filter concept is used to reduce the false positive rate in the hash process. The experiments used 85 SAT instances from 7 series of the SAT2021 Competition. The results show that compared to the pure hash clause detection technique, the clause pass rate of the CVDA-Bloom algorithm decreases by $21.01 \%$ on average, and the false positive rate decreases by $66.57\%$ on average. Furthermore, disabling the Bloom hash clause detection technique will increase the time by $260.03\%$. When used with the actual reduction rules, the CVDA-Bloom algorithm effectively lowers the number of clauses that must be checked explicitly, which can lower the performance overhead and speed up the detection.",scopus,llm,0.960,unreviewed,,doi:10.1109/frse58934.2023.00015
discarded,Distribution consistency-based missing value imputation algorithm for large-scale data sets,J. Yu,2023,Qinghua Daxue Xuebao Journal of Tsinghua University,10.16511/j.cnki.qhdxxb.2023.25.003,https://www.scopus.com/inward/record.uri?partnerID=HzOxMe3b&scp=85153972285&origin=inward,off-topic-false-hit,,scopus,llm,0.940,unreviewed,,doi:10.16511/j.cnki.qhdxxb.2023.25.003
discarded,Continual BatchNorm Adaptation (CBNA) for Semantic Segmentation,M. Klingner,2022,IEEE Transactions on Intelligent Transportation Systems,10.1109/TITS.2022.3190263,https://www.scopus.com/inward/record.uri?partnerID=HzOxMe3b&scp=85135739982&origin=inward,off-topic-false-hit,"Environment perception in autonomous driving vehicles often heavily relies on deep neural networks (DNNs), which are subject to domain shifts, leading to a significantly decreased performance during DNN deployment. Usually, this problem is addressed by unsupervised domain adaptation (UDA) approaches trained either simultaneously on source and target domain datasets or even source-free only on target data in an offline fashion. In this work, we further expand a source-free UDA approach to a continual and therefore online-capable UDA on a single-image basis for semantic segmentation. Accordingly, our method only requires the pre-trained model from the supplier (trained in the source domain) and the current (unlabeled target domain) camera image. Our method Continual BatchNorm Adaptation (CBNA) modifies the source domain statistics in the batch normalization layers, using target domain images in an unsupervised fashion, which yields consistent performance improvements during inference. Thereby, in contrast to existing works, our approach can be applied to improve a DNN continuously on a single-image basis during deployment without access to source data, without algorithmic delay, and nearly without computational overhead. We show the consistent effectiveness of our method across a wide variety of source/target domain settings for semantic segmentation. Code is available at https://github.com/ifnspaml/CBNA",scopus,llm,0.990,unreviewed,,doi:10.1109/tits.2022.3190263
discarded,Full-Circuit Implementation of Transformer Network Based on Memristor,C. Yang,2022,IEEE Transactions on Circuits and Systems I Regular Papers,10.1109/TCSI.2021.3136355,https://www.scopus.com/inward/record.uri?partnerID=HzOxMe3b&scp=85122585892&origin=inward,off-topic-false-hit,"As an emerging in-memory element, memristor has been widely used in various neural network circuits to represent the weights and accelerate the calculation. However, the Transformer Network (TN), one of the most important models for machine vision and natural language processing in recent years, has not yet been full-circuit implemented using memristors due to the complex calculation process and data storage. In order to carry out the computation of the TN more efficiently, this work proposes a memristor-based full-circuit implementation of the TN capable of: 1) a memristor crossbar module to preserve the weights of the TN and perform the vector-matrix multiplications; 2) an analog signal memory module to store the analog signal directly in near-memory mode; 3) function circuit modules to achieve five transformations, namely Softmax, Layer Normalization, ReLU, Multiply-add and Residual; 4) a timing signal generation module to schedule operations of the circuit. The proposed TN circuit can complete all calculations directly based on the analog signal without using any analog-digital converter (ADC), digital-analog converter (DAC) and digital memory. In addition, character image recognition experiments are carried out in PSPICE to verify the functional correctness of the designed circuit. The corresponding signal retention rates of the analog memory, the performance of the whole circuit, and the non-idealities of the memristors are also analyzed. The results indicate that the circuit has advantages in terms of area overhead, energy efficiency and anti-noise.",scopus,llm,0.990,unreviewed,,doi:10.1109/tcsi.2021.3136355
discarded,On the Incremental Construction of Deep Rule Theories,F. Beck,2022,Ceur Workshop Proceedings,,https://www.scopus.com/inward/record.uri?partnerID=HzOxMe3b&scp=85139871735&origin=inward,adjacent-subtopic,,scopus,llm,0.780,unreviewed,,hash:d992dcde5fb81f82
discarded,Flexible analysis of TSS mapping data and detection of TSS shifts with TSRexploreR,R.A. Policastro,2021,Nar Genomics and Bioinformatics,10.1093/nargab/lqab051,https://www.scopus.com/inward/record.uri?partnerID=HzOxMe3b&scp=85122703920&origin=inward,off-topic-false-hit,"Heterogeneity in transcription initiation has important consequences for transcript stability and translation, and shifts in transcription start site (TSS) usage are prevalent in various disease and developmental contexts. Accordingly, numerous methods for global TSS profiling have been developed, including our recently published Survey of TRanscription Initiation at Promoter Elements with high-throughput sequencing (STRIPE-seq), a method to profile transcription start sites (TSSs) on a genome-wide scale with minimal cost and time. In parallel to our development of STRIPE-seq, we built TSRexploreR, an R package for end-to-end analysis of TSS mapping data. TSRexploreR provides functions for TSS and TSR detection, normalization, correlation, visualization, and differential TSS/TSR analysis. TSRexploreR is highly interoperable, accepting the data structures of TSS and TSR sets generated by several existing tools for processing and alignment of TSS mapping data, such as CAGEr for Cap Analysis of Gene Expression (CAGE) data. Lastly, TSRexploreR implements a novel approach for the detection of shifts in TSS distribution.",scopus,llm,0.990,unreviewed,,doi:10.1093/nargab/lqab051
discarded,Comparative analysis of normalization techniques in the context of MCDM problems,A. Aytekin,2021,Decision Making Applications in Management and Engineering,10.31181/dmame210402001a,https://www.scopus.com/inward/record.uri?partnerID=HzOxMe3b&scp=85112675011&origin=inward,off-topic-false-hit,"NormNormalization is an essential step in data analysis and for MCDM methods. This study aims to outline the positive and negative features of the normalization techniques that can be used in MCDM problems. In order to compare the different normalization techniques, fourteen sets representing different scenarios of decision problems were used. According to the results, if the decision-maker chooses to take the alternative with the highest value in the criteria and avoid the one with the lowest value, or vice versa, optimization-based normalization techniques should be preferred, whereas the reference-based normalization techniques are considered appropriate for situations where there are ideal values determined by the decision-maker for each criterion. However, if the decision-maker believes that the values in the criteria do not represent the monotonous increasing or decreasing benefit/cost, then non-linear normalization techniques should be used. Also, in the event of a change in the conditions mentioned above, the decision maker may opt for mixed normalization techniques. However, some data structures, such as the presence of zero, and negative values in the decision matrix, can prevent the use of some normalization techniques. The choice of the normalization technique may also be affected by the problem of rank reversal, the range of normalized values, obtaining the same optimization aspect for all criteria, and the validity of results.",scopus,llm,0.990,unreviewed,,doi:10.31181/dmame210402001a
discarded,Smooth heaps and a dual view of self-adjusting data structures,L. KOZMA,2020,SIAM Journal on Computing,10.1137/18M1195188,https://www.scopus.com/inward/record.uri?partnerID=HzOxMe3b&scp=85096164752&origin=inward,adjacent-subtopic,"We present a new connection between self-adjusting binary search trees (BSTs) and heaps, two fundamental, extensively studied, and practically relevant families of data structures [B. Allen and I. Munro, J. ACM, 25 (1978), pp. 526--535; D. D. Sleator and R. E. Tarjan, J. ACM, 32 (1985), pp. 652--686; M. L. Fredman et al., Algorithmica, 1 (1986), pp. 111--129; R. Wilber, SIAM J. Comput., 18 (1989), pp. 56--67; M. L. Fredman, in WAE 1999, Springer, Berlin, 1999, pp. 244--258; J. Iacono and Ö. Özkan, in ICALP 2014, Springer, Berlin, 2014, pp. 637--649]. Roughly speaking, we map an arbitrary heap algorithm within a natural model, to a corresponding BST algorithm with the same cost on a dual sequence of operations (i.e., the same sequence with the roles of time and key-space switched). This is the first general transformation between the two families of data structures. There is a rich theory of dynamic optimality for BSTs (i.e., the theory of competitiveness between BST algorithms). The lack of an analogous theory for heaps has been noted in the literature (e.g., [S. Pettie, in FOCS 2005, IEEE, Washington, DC, 2005, pp. 174--183; S. Pettie, in SODA 2008, ACM, New York, SIAM, Philadelphia, 2008, pp. 1115--1124]). Through our connection, we transfer all instance-specific lower bounds known for BSTs to a general model of heaps, initiating a theory of dynamic optimality for heaps. On the algorithmic side, we obtain a new, simple, and efficient heap algorithm, which we call the smooth heap. We show the smooth heap to be the heap-counterpart of Greedy, the BST algorithm with the strongest proven and conjectured properties from the literature, widely believed to be instance-optimal [J. M. Lucas, Canonical Forms for Competitive Binary Search Tree Algorithms, Tech. rep. DCS-TR-250, Rutgers University, New Brunswick, NJ, 1988; J. Munro, in Algorithms---ESA 2000, Lecture Notes in Comput. Sci. 1879, Springer, Berlin, Heidelberg, 2000, pp. 338--345; E. D. Demaine et al., in SODA 2009, AMC, New York, SIAM, Philadelphia, 2009, pp. 496--505]. Assuming the optimality of Greedy, the smooth heap is also optimal within our model of heap algorithms. As corollaries of results known for Greedy, we obtain instance-specific upper bounds for the smooth heap, with applications in adaptive sorting. Intriguingly, the smooth heap, although derived from a non-practical BST algorithm, is simple and easy to implement (e.g., it stores no auxiliary data besides the keys and tree pointers). It can be seen as a variation on the popular pairing heap data structure, extending it with a “power-of-two-choices” type of heuristic.",scopus,llm,0.970,unreviewed,,doi:10.1137/18m1195188
discarded,System fr: Formalized foundations for the stainless verifier,J. Hamza,2019,Proceedings of the ACM on Programming Languages,10.1145/3360592,https://www.scopus.com/inward/record.uri?partnerID=HzOxMe3b&scp=85091976368&origin=inward,adjacent-subtopic,"We present the design, implementation, and foundation of a verifier for higher-order functional programs with generics and recursive data types. Our system supports proving safety and termination using preconditions, postconditions and assertions. It supports writing proof hints using assertions and recursive calls. To formalize the soundness of the system we introduce System FR, a calculus supporting System F polymorphism, dependent refinement types, and recursive types (including recursion through contravariant positions of function types). Through the use of sized types, System FR supports reasoning about termination of lazy data structures such as streams. We formalize a reducibility argument using the Coq proof assistant and prove the soundness of a type-checker with respect to call-by-value semantics, ensuring type safety and normalization for typeable programs. Our program verifier is implemented as an alternative verification-condition generator for the Stainless tool, which relies on the Inox SMT-based solver backend for automation. We demonstrate the efficiency of our approach by verifying a collection of higher-order functional programs comprising around 14000 lines of polymorphic higher-order Scala code, including graph search algorithms, basic number theory, monad laws, functional data structures, and assignments from popular Functional Programming MOOCs.",scopus,llm,0.940,unreviewed,,doi:10.1145/3360592
discarded,Doubleconvpool-structured 3D-CNN for hyperspectral remote sensing image classification,G. Li,2019,Journal of Image and Graphics,10.11834/jig.180422,https://www.scopus.com/inward/record.uri?partnerID=HzOxMe3b&scp=85186955121&origin=inward,off-topic-false-hit,,scopus,llm,0.970,unreviewed,,doi:10.11834/jig.180422
discarded,Cut-less technology mapping using shannon factor graph with on-the-fly size reduction,K.R. Basireddy,2018,Journal of Low Power Electronics,10.1166/jolpe.2018.1573,https://www.scopus.com/inward/record.uri?partnerID=HzOxMe3b&scp=85054954899&origin=inward,qualifies-claim; adjacent-subtopic; canonical representation in hardware verification or data structures; the cited BDD/graph examples carry the point,"The cut-based technology mapping algorithms are computationally expensive as they require cutenumeration, pruning, and computation of local function of cuts and their canonical form. The number of cuts to be enumerated increases exponentially (O(n K )) with the cut size (k) and graph size (n), due to which the design time and storage for storing the cuts become a bottleneck. Therefore, as a solution, we present a new graph data structure, called Shannon Factor Graph (SFG) to facilitate the cut-less technology mapping, thereby eliminating the need of cut-enumeration and its subsequent steps. Besides, we propose an on-the-fly graph size reduction algorithm to minimize the size of the subject graph, which in turn improves the circuit area (gate count) of the target graph. When compared with the cut-based technology mapping approaches using standard benchmarks, proposed methodology reduces the design time by up to 32× and storage requirements by 282×. Subsequently, comparison with Synopsys DC shows that proposed approach has only an average area overhead of 2.6%.",scopus,llm_reviewed,0.930,changed,kept->discarded,doi:10.1166/jolpe.2018.1573
kept,Canonical computation without canonical representation,A. Mishchenko,2018,Proceedings Design Automation Conference,10.1145/3195970.3196006,https://www.scopus.com/inward/record.uri?partnerID=HzOxMe3b&scp=85053663354&origin=inward,supports-claim; qualifies-claim; normalisation-cost,"A representation of a Boolean function is canonical if, given a variable order, only one instance of the representation is possible for the function. A computation is canonical if the result depends only on the Boolean function and a variable order, and does not depend on how the function is represented and how the computation is implemented.In the context of Boolean satisfiability (SAT), canonicity of the computation implies that the result (a satisfying assignment for satisfiable instances and an abstraction of the unsat core for unsatisfiable instances) does not depend on the functional representation and the SAT solver used.This paper shows that SAT-based computations can be made canonical, even though the SAT solver is not using a canonical data structure. This brings advantages in EDA applications, such as irredundant sum of product (ISOP) computation, counter-example minimization, etc, where the uniqueness of solutions and/or improved quality of results justify a runtime overhead.",scopus,llm_reviewed,0.990,confirmed,,doi:10.1145/3195970.3196006
discarded,Using triggers to provide database management and performance temporal environment,M. Kvet,2017,International Journal of Simulation Systems Science and Technology,10.5013/IJSSST.a.18.02.03,https://www.scopus.com/inward/record.uri?partnerID=HzOxMe3b&scp=85042669529&origin=inward,adjacent-subtopic,,scopus,llm,0.910,unreviewed,,doi:10.5013/ijssst.a.18.02.03
