status,title,authors,year,venue,doi,url,tags,abstract,provider,decision_source,llm_confidence,llm_review_outcome,llm_change_direction,paper_id
discarded,MUSCLE: a multiple sequence alignment method with reduced time and space complexity,R. C. Edgar,2004,BMC Bioinformatics,10.1186/1471-2105-5-113,https://openalex.org/W1519266993,off-topic-false-hit,"BACKGROUND: In a previous paper, we introduced MUSCLE, a new program for creating multiple alignments of protein sequences, giving a brief summary of the algorithm and showing MUSCLE to achieve the highest scores reported to date on four alignment accuracy benchmarks. Here we present a more complete discussion of the algorithm, describing several previously unpublished techniques that improve biological accuracy and / or computational complexity. We introduce a new option, MUSCLE-fast, designed for high-throughput applications. We also describe a new protocol for evaluating objective functions that align two profiles. RESULTS: We compare the speed and accuracy of MUSCLE with CLUSTALW, Progressive POA and the MAFFT script FFTNS1, the fastest previously published program known to the author. Accuracy is measured using four benchmarks: BAliBASE, PREFAB, SABmark and SMART. We test three variants that offer highest accuracy (MUSCLE with default settings), highest speed (MUSCLE-fast), and a carefully chosen compromise between the two (MUSCLE-prog). We find MUSCLE-fast to be the fastest algorithm on all test sets, achieving average alignment accuracy similar to CLUSTALW in times that are typically two to three orders of magnitude less. MUSCLE-fast is able to align 1,000 sequences of average length 282 in 21 seconds on a current desktop computer. CONCLUSIONS: MUSCLE offers a range of options that provide improved speed and / or alignment accuracy compared with currently available programs. MUSCLE is freely available at http://www.drive5.com/muscle.",openalex,llm,1.000,unreviewed,,doi:10.1186/1471-2105-5-113
discarded,"Heart Failure with Preserved and Reduced Ejection Fraction in Hemodialysis Patients: Prevalence, Disease Prediction and Prognosis",Marlies Antlanger; Stefan Aschauer; Chantal Kopecky; Manfred Hecking; Johannes Josef Kovarik; Johannes M. Werzowa; Julia Mascherbauer; Bernd Genser; Marcus D. Säemann; Diana Bonderman,2017,Kidney & Blood Pressure Research,10.1159/000473868,https://openalex.org/W2605975631,off-topic-false-hit,"BACKGROUND/AIMS: Heart failure (HF) is a main cause of mortality of hemodialysis (HD) patients. While HF with reduced ejection fraction (HFrEF) is known to only affect a minority of patients, little is known about the prevalence, associations with clinical characteristics and prognosis of HF with preserved ejection fraction (HFpEF). METHODS: We included 105 maintenance HD patients from the Medical University of Vienna into this prospective single-center cohort study and determined the prevalence of HFpEF (per the 2013 criteria of the European Society of Cardiology) and HFrEF (EF <45%), using standardized post-HD transthoracic echocardiography. We also assessed clinical, laboratory and volume status parameters (by bioimpedance spectroscopy). These parameters served to calculate prediction models for both disease entities, while clinical outcomes (frequency of cardiovascular hospitalizations and/or cardiac death) were assessed prospectively over 27±4 months of follow-up. RESULTS: All but 4 patients (96%) had evidence of diastolic dysfunction. 70% of the entire cohort fulfilled HF criteria (81% HFpEF, 19% HFrEF). Age, female sex, body mass index, blood pressure and dialysis vintage were predictive of HFpEF (sensitivity 86%, specificity 63%; AUC 0.87), while age, female sex, NT pro-BNP, history of coronary artery disease and atrial fibrillation were predictive of HFrEF (sensitivity 85%, specificity 90%; AUC 0.95). Compared to patients without HF, those with HFpEF and HFrEF had a higher risk of hospitalization for cardiovascular reason and/or cardiac death (adjusted HR 4.31, 95% CI 0.46-40.03; adjusted HR 3.24, 95% CI 1.08-9.75, respectively). CONCLUSION: Diastolic dysfunction and HFpEF are highly prevalent in HD patients while HFrEF only affects a minority. Distinct patient-specific characteristics predict diagnosis of either entity with good accuracy.",openalex,llm,1.000,unreviewed,,doi:10.1159/000473868
discarded,RSEM: accurate transcript quantification from RNA-Seq data with or without a reference genome,Bo Li; Colin N. Dewey,2011,BMC Bioinformatics,10.1186/1471-2105-12-323,https://openalex.org/W1999574084,off-topic-false-hit,"BACKGROUND: RNA-Seq is revolutionizing the way transcript abundances are measured. A key challenge in transcript quantification from RNA-Seq data is the handling of reads that map to multiple genes or isoforms. This issue is particularly important for quantification with de novo transcriptome assemblies in the absence of sequenced genomes, as it is difficult to determine which transcripts are isoforms of the same gene. A second significant issue is the design of RNA-Seq experiments, in terms of the number of reads, read length, and whether reads come from one or both ends of cDNA fragments. RESULTS: We present RSEM, an user-friendly software package for quantifying gene and isoform abundances from single-end or paired-end RNA-Seq data. RSEM outputs abundance estimates, 95% credibility intervals, and visualization files and can also simulate RNA-Seq data. In contrast to other existing tools, the software does not require a reference genome. Thus, in combination with a de novo transcriptome assembler, RSEM enables accurate transcript quantification for species without sequenced genomes. On simulated and real data sets, RSEM has superior or comparable performance to quantification methods that rely on a reference genome. Taking advantage of RSEM's ability to effectively use ambiguously-mapping reads, we show that accurate gene-level abundance estimates are best obtained with large numbers of short single-end reads. On the other hand, estimates of the relative frequencies of isoforms within single genes may be improved through the use of paired-end reads, depending on the number of possible splice forms for each gene. CONCLUSIONS: RSEM is an accurate and user-friendly software tool for quantifying transcript abundances from RNA-Seq data. As it does not rely on the existence of a reference genome, it is particularly useful for quantification with de novo transcriptome assemblies. In addition, RSEM has enabled valuable guidance for cost-efficient design of quantification experiments with RNA-Seq, which is currently relatively expensive.",openalex,llm,1.000,unreviewed,,doi:10.1186/1471-2105-12-323
discarded,A Novel Paradigm for Heart Failure With Preserved Ejection Fraction,Walter J. Paulus; Carsten Tschöpe,2013,Journal of the American College of Cardiology,10.1016/j.jacc.2013.02.092,https://openalex.org/W164205712,off-topic-false-hit,"Over the past decade, myocardial structure, cardiomyocyte function, and intramyocardial signaling were shown to be specifically altered in heart failure with preserved ejection fraction (HFPEF). A new paradigm for HFPEF development is therefore proposed, which identifies a systemic proinflammatory state induced by comorbidities as the cause of myocardial structural and functional alterations. The new paradigm presumes the following sequence of events in HFPEF: 1) a high prevalence of comorbidities such as overweight/obesity, diabetes mellitus, chronic obstructive pulmonary disease, and salt-sensitive hypertension induce a systemic proinflammatory state; 2) a systemic proinflammatory state causes coronary microvascular endothelial inflammation; 3) coronary microvascular endothelial inflammation reduces nitric oxide bioavailability, cyclic guanosine monophosphate content, and protein kinase G (PKG) activity in adjacent cardiomyocytes; 4) low PKG activity favors hypertrophy development and increases resting tension because of hypophosphorylation of titin; and 5) both stiff cardiomyocytes and interstitial fibrosis contribute to high diastolic left ventricular (LV) stiffness and heart failure development. The new HFPEF paradigm shifts emphasis from LV afterload excess to coronary microvascular inflammation. This shift is supported by a favorable Laplace relationship in concentric LV hypertrophy and by all cardiac chambers showing similar remodeling and dysfunction. Myocardial remodeling in HFPEF differs from heart failure with reduced ejection fraction, in which remodeling is driven by loss of cardiomyocytes. The new HFPEF paradigm proposes comorbidities, plasma markers of inflammation, or vascular hyperemic responses to be included in diagnostic algorithms and aims at restoring myocardial PKG activity.",openalex,llm,1.000,unreviewed,,doi:10.1016/j.jacc.2013.02.092
discarded,2019 ESC/EAS Guidelines for the management of dyslipidaemias: lipid modification to reduce cardiovascular risk,François Mach; Colin Baigent; Alberico Luigi Catapano; Konstantinos C. Koskinas; Manuela Casula; Lina Badimón; M. John Chapman; Guy G De Backer; Victoria Delgado; Brian A. Ference; Ian M Graham; Alison W Halliday; Ulf Landmesser; Borislava Mihaylova; Terje Rolf Pedersen; Gabriele Riccardi; Dimitrios J. Richter; Marc Steven Sabatine; Marja‐Riitta Taskinen; Lale Tokgozoglu; Olov Wiklund; ESC Scientific Document Group; Christian Eugen Mueller; Heinz Drexel; Victor Aboyans; Alberto Corsini; Wolfram Doehner; Michel Farnier; Bruna Gigante; Meral Kayıkçıoğlu; Goran Krstačić; Ekaterini Lambrinou; Basil S. Lewis; Josep Masip; Philippe Moulin; Steffen Erhard Petersen; Anna Sonia Petronio; Massimo Francesco Piepoli; Xavier Pintó; Lorenz Räber; Kausik Kumar Ray; Željko Reiner; Walter F. Riesen; Marco Roffi; Jean‐Paul Schmid; Evgeny V. Shlyakhto; Iain A Simpson; Erik S.G. Stroes; Isabella Sudano; Alexandros D. Tselepis; Margus Viigimaa; Cécile Vindis; Alexander Vonbank; Michal Vrablik; Mislav Vrsalović; José Luis Zamorano; Jean‐Philippe Collet; Konstantinos C. Koskinas; Manuela Casula; Lina Badimon; M. John Chapman; Guy G De Backer; Victoria Delgado; Brian A. Ference; Ian M Graham; Alison W Halliday; Ulf Landmesser; Borislava Mihaylova; Terje R Pedersen; Gabriele Riccardi; Dimitrios J. Richter; Marc Steven Sabatine; Marja‐Riitta Taskinen; Lale Tokgozoglu; Olov Wiklund; Stephan Windecker; Victor Aboyans; Colin Baigent; Jean‐Philippe Collet; Verónica Dean; Victoria Delgado; Donna Fitzsimons; Chris P Gale; Diederick E. Grobbee; Sigrun Halvorsen; Gerhard Hindricks; Bernard Iung; Peter Jüni; Hugo Albert Katus; Ulf Landmesser; Christophe Leclercq; Maddalena Lettino; Basil S Lewis; Bela Merkely; Christian Eugen Mueller; Steffen Erhard Petersen; Anna Sonia Petronio; Dimitrios J. Richter; Marco Roffi; Evgeny V. Shlyakhto,2019,European Heart Journal,10.1093/eurheartj/ehz455,https://openalex.org/W3183857127,off-topic-false-hit,"The ESC/EAS Guidelines represent the views of the ESC and EAS, and were produced after careful consideration of the scientific and medical knowledge, and the evidence available at the time of their publication.The ESC and EAS is not responsible in the event of any contradiction, discrepancy, and/or ambiguity between the ESC/EAS Guidelines and any other official recommendations or guidelines issued by the relevant public health authorities, in particular in relation to good use of healthcare or therapeutic strategies.Health professionals are encouraged to take the ESC/EAS Guidelines fully into account when exercising their clinical judgment, as well as in the determination and the implementation of preventive, diagnostic, or therapeutic medical strategies; however, the ESC/EAS Guidelines do not override, in any way whatsoever, the individual responsibility of health professionals to make appropriate and accurate decisions in consideration of each patient's health condition and in consultation with that patient and, where appropriate and/or necessary, the patient's caregiver.Nor do the ESC/EAS Guidelines exempt health professionals from taking into full and careful consideration the relevant official updated recommendations or guidelines issued by the competent public health authorities, in order to manage each patient's case in light of the scientifically accepted data pursuant to their respective ethical and professional obligations.It is also the health professional's responsibility to verify the applicable rules and regulations relating to drugs and medical devices at the time of prescription.",openalex,llm,1.000,unreviewed,,doi:10.1093/eurheartj/ehz455
discarded,2019 ESC/EAS guidelines for the management of dyslipidaemias: Lipid modification to reduce cardiovascular risk,François Mach; Colin Baigent; Alberico Luigi Catapano; Konstantinos C. Koskinas; Manuela Casula; Lina Badimón; M. John Chapman; Guy De Backer; Victoria Delgado; Brian A. Ference; Ian M Graham; Alison W Halliday; Ulf Landmesser; Borislava Mihaylova; Terje Rolf Pedersen; Gabriele Riccardi; Dimitrios J. Richter; Marc Steven Sabatine; Marja‐Riitta Taskinen; Lale Tokgozoglu; Olov Wiklund; Stephan Windecker; Victor Aboyans; Colin Baigent; Jean‐Philippe Collet; Verónica Dean; Victoria Delgado; Donna Fitzsimons; Chris P Gale; Diederick E. Grobbee; Sigrun Halvorsen; Gerhard Hindricks; Bernard Iung; Peter Jüni; Hugo Albert Katus; Ulf Landmesser; Christophe Leclercq; Maddalena Lettino; Basil S. Lewis; Bela Merkely; Christian Eugen Mueller; Steffen Erhard Petersen; Anna Sonia Petronio; Dimitrios J. Richter; Marco Roffi; Evgeny V. Shlyakhto; Iain A. Simpson; Miguel Sousa‐Uva; Rhian M. Touyz; Djamaleddine Nibouche; Parounak Zelveian; Peter Siostrzonek; Ruslan Najafov; Philippe van de Borne; Belma Pojskić; Arman Postadzhiyan; Lambros Kypris; Jindřich Špinar; Mogens Lytken Larsen; Hesham Salah Eldin; Margus Viigimaa; Timo E. Strandberg; Jean Ferrières; Rusudan Agladze; Ulrich Laufs; Loukianos S. Rallidis; László Bajnok; Thorbjörn Gudjónsson; Vincent Maher; Yaakov Henkin; Michele Massimo Gulizia; Aisulu Mussagaliyeva; Gani Bajraktari; Alina S Kerimkulova; Gustavs Latkovskis; Omar Hamoui; Rimvydas Šlapikas; Laurent Visser; Philip Francis Dingli; Victoria Ivanov; Aneta Bošković; M Nazzi; Frank L.J. Visseren; Irena Peovska Mitevska; Kjetil Retterstøl; Piotr Jankowski; Ricardo Fontes‐Carvalho; Dan Ion Gaiță; Ежов Марат Владиславович; Marina Foscoli; Vojislav L. Giga; Daniel Pella; Zlatko Fras; Leopoldo Pérez de Isla; Emil Hagström; Roger Lehmann; Leïla Abid; Öner Özdoğan; Olena Mitchenko; Riyaz S. Patel,2019,Atherosclerosis,10.1016/j.atherosclerosis.2019.08.014,https://openalex.org/W2953804067,off-topic-false-hit,International audience,openalex,llm,1.000,unreviewed,,doi:10.1016/j.atherosclerosis.2019.08.014
discarded,Global burden of disease and injury and economic cost attributable to alcohol use and alcohol-use disorders,Jürgen Rehm; Colin Douglas Mathers; Svetlana Popova; Montarat Thavorncharoensap; Yot Teerawattananon; Jayadeep Patra,2009,The Lancet,10.1016/s0140-6736(09)60746-7,https://openalex.org/W2160397887,off-topic-false-hit,"Alcohol consumption has been identified as an important risk factor for chronic disease and injury. in the first paper in this Series, we quantify the burden of mortality and disease attributable to alcohol, both globally and for ten large countries. We assess alcohol exposure and prevalence of alcohol-use disorders on the basis of reviews of published work. After identification of other major disease categories causally linked to alcohol, we estimate attributable fractions by sex, age, and WHO region. Additionally, we compare social costs of alcohol in selected countries. The net effect of alcohol consumption on health is detrimental, with an estimated 3.8% of all global deaths and 4.6% of global disability-adjusted life-years attributable to alcohol. Disease burden is closely related to average volume of alcohol consumption, and, for every unit of exposure, is strongest in poor people and in those who are marginalised from society. The costs associated with alcohol amount to more than 1% of the gross national product in high-income and middle-income countries, with the costs of social harm constituting a major proportion in addition to health costs. Overall, we conclude that alcohol consumption is one of the major avoidable risk factors, and actions to reduce burden and costs associated with alcohol should be urgently increased.",openalex,llm,1.000,unreviewed,,doi:10.1016/s0140-6736(09)60746-7
discarded,THE DISTRIBUTION AND CHEMICAL COMPOSITION OF ULTRACENTRIFUGALLY SEPARATED LIPOPROTEINS IN HUMAN SERUM,Richard J. Havel; Howard A. Eder; Joseph H. Bragdon,1955,Journal of Clinical Investigation,10.1172/jci103182,https://openalex.org/W2135503869,off-topic-false-hit,"In the past few years several methods have been developed for the analysis of serum lipoproteins.Lindgren, Elliott, and Gofman (1) have utilized the relatively low density of the lipoproteins to separate them from the other serum proteins by ultracentrifugal flotation.Quantitation was sub- sequently performed by refractometric methods in the analytical ultracentrifuge.Separations of lipoproteins have also been made by Cohn frac- tionation in cold ethanol, and the quantities of lipoprotein have been estimated from the lipid.content of the fractions (2, 3).Widely used at the present time is the method of zone electrophoresis with quantitation either by staining (4) or by chemical analysis of eluates from the support- ing medium (5, 6).Each of these methods has serious limitations.Analytical ultracentrifugal techniques (7, 8) require the possession of expensive equipment.The quantitation of data is subject to considerable error and gives no information regarding the chemi- cal composition of the lipoproteins.Cohn frac- tionation requires facilities for operation at -5°C.It permits accurate determination of the lipid com- ponents of the alpha and beta lipoproteins, but with this technique it is impossible to subfractionate these groups.With certain abnormal sera the method is unreliable (9).Determination of electrophoretically separated fractions by stain- ing techniques or by chemical analysis of eluates is subject to appreciable error.Both Cohn frac- tionation and electrophoretic techniques fail to separate lipoproteins from other serum pro- teins, thus making impossible the study of the protein moiety.The combination of preparative ultracentrifu- gation with chemical analysis of the separated fractions would seem to be a procedure by which both the distribution and composition of lipo- proteins could be determined simply and accu- rately.",openalex,llm,1.000,unreviewed,,doi:10.1172/jci103182
discarded,Information and the Cost of Capital,David A. Easley; Maureen O’Hara,2004,The Journal of Finance,10.1111/j.1540-6261.2004.00672.x,https://openalex.org/W3125512896,off-topic-false-hit,"ABSTRACT We investigate the role of information in affecting a firm's cost of capital. We show that differences in the composition of information between public and private information affect the cost of capital, with investors demanding a higher return to hold stocks with greater private information. This higher return arises because informed investors are better able to shift their portfolio to incorporate new information, and uninformed investors are thus disadvantaged. In equilibrium, the quantity and quality of information affect asset prices. We show firms can influence their cost of capital by choosing features like accounting treatments, analyst coverage, and market microstructure.",openalex,llm,1.000,unreviewed,,doi:10.1111/j.1540-6261.2004.00672.x
discarded,"Dementia prevention, intervention, and care",Gill Livingston; Andrew Sommerlad; Vasiliki Orgeta; Sergi G. Costafreda; Jonathan D. Huntley; David Ames; Clive G. Ballard; Sube Banerjee; Alistair S. Burns; Jiska Cohen‐Mansfield; Claudia Cooper; Nick C. Fox; Laura N. Gitlin; Robert Howard; Helen C. Kales; Eric B. Larson; Karen A. Ritchie; Kenneth J. Rockwood; Elizabeth L Sampson; Quincy Miles Samus; Lon S. S. Schneider; Geir Selbæk; Linda L Teri; Naaheed Mukadam,2017,The Lancet,10.1016/s0140-6736(17)31363-6,https://openalex.org/W2736307756,off-topic-false-hit,,openalex,llm,1.000,unreviewed,,doi:10.1016/s0140-6736(17)31363-6
