status,title,authors,year,venue,doi,url,tags,abstract,provider,decision_source,llm_confidence,llm_review_outcome,llm_change_direction,paper_id
discarded,Temporal constraint networks *,Ronald J. Brachman; Hector J. Levesque; Raymond Reiter,1992,Knowledge Representation,,https://ieeexplore.ieee.org/document/6278422/,adjacent-subtopic,"This paper extends network-based methods of constraint satisfaction to include continuous variables, thus providing a framework for processing temporal constraints. In this framework, called temporal constraint satisfaction problem (TCSP), variables represent time points and temporal information is represented by a set of unary and binary constraints, each specifying a set of permitted intervals. The unique feature of this framework lies in permitting the processing of metric information, namely, assessments of time differences between events. We present algorithms for performing the following reasoning tasks: finding all feasible times that a given event can occur, finding all possible relationships between two given events, and generating one or more scenarios consistent with the information provided. We distinguish between simple temporal problems (STPs) and general temporal problems, the former admitting at most one interval constraint on any pair of time points. We show that the STP, which subsumes the major part of Vilain and Kautz's point algebra, can be solved in polynomial time, For general TCSPs, we present a decomposition scheme that performs the three reasoning tasks considered, and introduce a variety nf techniques for improving its efficiency. We also study the applicability of path consistency algorithms as preprocessing of temporal problems, demonstrate their termination and bound their complexities.",ieee,llm,0.970,unreviewed,,hash:ac7360a9efab63fc
discarded,Control-Oriented Modeling of All-Solid-State Batteries Using Physics-Based Equivalent Circuits,Yang Li; Torsten Wik; Changjun Xie; Yicun Huang; Binyu Xiong; Jinrui Tang; Changfu Zou,2022,IEEE Transactions on Transportation Electrification,10.1109/TTE.2021.3131147,https://ieeexplore.ieee.org/document/9627711/,off-topic-false-hit,"Considered as one of the ultimate energy storage technologies for electrified transportation, the emerging all-solid-state batteries (ASSBs) have attracted immense attention due to their superior thermal stability, increased power and energy densities, and prolonged cycle life. To achieve the expected high performance, practical applications of ASSBs require accurate and computationally efficient models for the design and implementation of many onboard management algorithms so that the ASSB safety, health, and cycling performance can be optimized under a wide range of operating conditions. A control-oriented modeling framework is thus established in this work by systematically simplifying a rigorous partial differential equation (PDE)-based model of the ASSBs developed from underlying electrochemical principles. Specifically, partial fraction expansion and moment matching (PFE-MM) are used to obtain ordinary differential equation-based reduced-order models (ROMs). By expressing the models in a canonical circuit form, excellent properties for control design, such as structural simplicity and full observability, are revealed. Compared to the original PDE model, the developed ROMs have demonstrated high fidelity at significantly improved computational efficiency. Extensive comparisons have also been conducted to verify its superiority to the prevailing models due to the consideration of concentration-dependent diffusion and migration. Such ROMs can thus be used for advanced control design in future intelligent management systems of ASSBs.",ieee,llm,0.990,unreviewed,,doi:10.1109/tte.2021.3131147
discarded,Bounding Variable Values and Round-Off Effects Using Handelman Representations,David Boland; George A. Constantinides,2011,IEEE Transactions on Computer-Aided Design of Integrated Circuits and Systems,10.1109/TCAD.2011.2161307,https://ieeexplore.ieee.org/document/6046164/,adjacent-subtopic,"The precision used in an algorithm affects the error and performance of individual computations, the memory usage, and the potential parallelism for a fixed hardware budget. This paper describes a new method to determine the minimum precision required to meet a given error specification for an algorithm consisting of the basic algebraic operations. Using this approach, it is possible to significantly reduce the computational word-length in comparison to existing methods, and this can lead to superior hardware designs. We demonstrate the proposed procedure on an iteration of the conjugate gradient algorithm, achieving proofs of bounds that can translate to global word-length savings ranging from a few bits to proving the existence of ranges that must otherwise be assumed to be unbounded when using competing approaches. We also achieve comparable bounds to recent literature in a small fraction of the execution time, with greater scalability.",ieee,llm,0.950,unreviewed,,doi:10.1109/tcad.2011.2161307
discarded,Linearization of Gevrey flows on Td with a Brjuno type arithmetical condition,"Dias, Joao Lopes; Gaivao, Jose Pedro",2019,JOURNAL OF DIFFERENTIAL EQUATIONS,10.1016/j.jde.2019.07.020,https://www.webofscience.com/wos/woscc/full-record/WOS:000487935400011,off-topic-false-hit,"We show that in the Gevrey topology, a d-torus flow close enough to linear with a unique rotation vector omega is linearizable as long as omega satisfies a novel Brjuno type diophantine condition. The proof is based on the fast convergence under renormalization of the associated Gevrey vector field. It requires a multidimensional continued fractions expansion of omega, and the corresponding characterization of the Brjuno type vectors. This demonstrates that renormalization methods deal very naturally with Gevrey regularity expressed in the decay of Fourier coefficients. In particular, they provide new linearization results including frequencies beyond diophantine in non-analytic topologies. (C) 2019 Elsevier Inc. All rights reserved.",wos,llm,0.990,unreviewed,,doi:10.1016/j.jde.2019.07.020
discarded,Multifraction reduction I: The 3-Ore case and Artin-Tits groups of type FC,"Dehornoy, Patrick",2017,JOURNAL OF COMBINATORIAL ALGEBRA,10.4171/JCA/1-2-3,https://www.webofscience.com/wos/woscc/full-record/WOS:000416323000003,"supports-claim; adjacent-subtopic; number theory or algebra: representation of numbers or group elements, no equality-testing claim for a data type","We describe a new approach to the word problem for Artin-Tits groups and, more generally, for the enveloping group U(M) of a monoid M in which any two elements admit a greatest common divisor. The method relies on a rewrite system R-M that extends free reduction for free groups. Here we show that, if M satisfies what we call the 3-Ore condition about common multiples, what corresponds to type FC in the case of Artin-Tits monoids, then the system RM is convergent. Under this assumption, we obtain a unique representation result for the elements of U(M), extendingOre's theorem for groups of fractions and leading to a solution of the word problem of a new type. We also show that there exist universal shapes for the van Kampen diagrams of the words representing 1.",wos,llm_reviewed,0.980,changed,kept->discarded,doi:10.4171/jca/1-2-3
discarded,Micronized Organic Magnesium Salts Enhance Opioid Analgesia in Rats,"Bujalska-Zadrozny, Magdalena; Kulik, Kamila; Ordak, Michal; Sasinowska-Motyl, Malgorzata; Gasinska, Emilia; de Corde, Anna; Kowalczyk, Agnieszka; Sacharczuk, Mariusz; Naruszewicz, Marek",2016,PLOS ONE,10.1371/journal.pone.0161776,https://www.webofscience.com/wos/woscc/full-record/WOS:000389537000002,off-topic-false-hit,"Purpose As previously reported, magnesium sulphate administered parenterally significantly increased an opioid antinociception in different kinds of pain. Since the typical form of magnesium salts are poorly and slowly absorbed from the gastrointestinal tract we examined whether their micronized form could increase opioids induced antinociception.

Methods In behavioural studies on rats morphine, tramadol and oxycodone together with magnesium (lactate dihydrate, hydroaspartate, chloride) in micronized (particles of size D-90 < 50 mu m) and conventional forms were used. Changes in pain thresholds were determined using mechanical stimuli. The intestinal absorption of two forms of magnesium lactate dihydrate (at the doses of 7.5 or 15 mg ions) in the porcine gut sac model were also compared.

Results Micronized form of magnesium lactate dihydrate or hydroaspartate but not chloride (15 mg of magnesium ions kg-1) enhanced the analgesic activity of orally administered opioids, significantly faster and more effective in comparison to the conventional form of magnesium salts (about 40% for oxycodone administered together with a micronized form of magnesium hydroaspartate). Moreover, in vitro studies of transport across porcine intestines of magnesium ions showed that magnesium salts administered in micronized form were absorbed from the intestines to a greater extent than the normal form of magnesium salts.

Conclusions The co-administration of micronized magnesium organic salts with opioids increased their synergetic analgesic effect. This may suggest an innovative approach to the treatment of pain in clinical practice.",wos,llm,1.000,unreviewed,,doi:10.1371/journal.pone.0161776
discarded,A provably consistent method for imposing sparsity in feature-based SLAM information filters,"Walter, Matthew; Eustice, Ryan; Leonard, John",2007,ROBOTICS RESEARCH,,https://www.webofscience.com/wos/woscc/full-record/WOS:000245915500015,adjacent-subtopic,"An open problem in Simultaneous Localization and Mapping (SLAM) is the development of algorithms which scale with the size of the environment. A few promising methods exploit the key insight that representing the posterior in the canonical form parameterized by a sparse information matrix provides significant advantages regarding computational efficiency and storage requirements. Because the information matrix is naturally dense in the case of feature-based SLAM, additional steps are necessary to achieve sparsity. The delicate issue then becomes one of performing this sparsification in a manner which is consistent with the original distribution.

In this paper, we present a SLAM algorithm based in the information form in which sparseness is preserved while maintaining consistency. We describe an intuitive approach to controlling the population of the information matrix by essentially ignoring a small fraction of proprioceptive measurements whereby we track a modified version of the posterior. In this manner, the Exactly Sparse Extended Information Filter (ESEIF) performs exact inference, employing a model which is conservative relative to the standard distribution. We demonstrate our algorithm both in simulation as well as on two nonlinear datasets, comparing it against the standard EKF as well as the Sparse Extended Information Filter (SEIF) by Thrun et al. The results convincingly show that our method yields conservative estimates for the robot pose and map which are nearly identical to those of the EKF in comparison to the SEIF formulation which results in overconfident error bounds.",wos,llm,0.970,unreviewed,,hash:14ffaea32f79c2d4
discarded,Digital algebra and circuits,"Vuillemin, J",2003,VERIFICATION: THEORY AND PRACTICE,,https://www.webofscience.com/wos/woscc/full-record/WOS:000221438400031,adjacent-subtopic; hardware algebra,"Digital numbers D are the world's most popular data representation: nearly all texts, sounds and images are coded somewhere in time and space by binary sequences. The mathematical construction of the fixed-point D similar or equal to Z(2) and floating-point D' similar or equal to Q(2) digital numbers is a dual to the classical constructions of the real numbers R.

The domain D' contains the binary integers N and Z, as well as Q. The arithmetic operations in D' are the usual ones when restricted to integers or rational numbers. Similarly, the polynomial operations in D' axe the usual ones when applied to finite binary polynomials F-2[z] or their quotients F-2(z). Finally, the set operations in D are the usual ones over finite or infinite subsets of N.

The resulting algebraic structure is rich, and we identify over a dozen rings, fields and Boolean algebras in D and D'. Each structure is well-known in its own right. The unique nature of digital numbers is to combine all into a single algebraic structure, where operations of different nature happily mix. The two's complement formula -x = 1 + -x is an example. Digital algebra is concerned with the relations between a dozen operators. Digital synchronous circuits are built from a simple subset of these operators: three Boolean gates and the unit-delay z.

Digital analysis is simpler and more intuitive than analysis in R. The computable digital functions D --> D are continuous: each output bit depends upon finitely many input bits. Infinite circuits compute causal functions: present output depends upon past inputs. Sequential functions are equivalently computed by FSM and by finite circuits.

The v-transform is an infinite binary truth-table for causal functions. The v-transform provides a natural one-to-one correspondence between algebraic digital numbers and sequential functions. Questions about sequential functions are transformed by v into questions about algebraic digital numbers, where the whole of digital algebra applies. An algebraic digital number is finitely represented by a unique minimal regular binary tree RBT. The inverse transform of the RBT is the minimal deterministic FSM for computing the (reversed) sequential function.

An algebraic digital number is finitely represented by a unique minimal up-polynomial MUP of which it is root. The MUP is smaller than the RBT. It is exponentially smaller than the minimal deterministic FSM for a shift-register circuit.

The net-list of a circuit is transformed by v into the isomorphic truth-list: a system of equations over algebraic numbers. Circuit examples show how the truth-list is cast to normal form - either RBT or MUP - through a sequence of simple identities within digital algebra.",wos,llm_reviewed,0.750,confirmed,,hash:eb3d2d2182402805
discarded,A simulated annealing-based learning algorithm for Boolean DNF,"Albrecht, A; Steinhöfel, K",1999,ADVANCED TOPICS IN ARTIFICIAL INTELLIGENCE,,https://www.webofscience.com/wos/woscc/full-record/WOS:000165605700017,adjacent-subtopic,"We describe a stochastic algorithm learning Boolean functions from positive and negative examples. The Boolean functions are represented by disjunctive normal form formulas. Given a target DNF F depending on n variables and a set of uniformly distributed positive and negative examples, our algorithm computes a hypothesis H that rejects a given fraction of negative examples and has an epsilon -bounded error on positive examples. The stochastic algorithm utilises logarithmic cooling schedules for inhomogeneous Markov chains. The paper focuses on experimental results and comparisons with a previous approach where all negative examples have to be rejected [4]. The computational experiments provide evidence that a relatively high percentage of correct classifications on additionally presented examples can be achieved, even when misclassifications are allowed on negative examples. The detailed convergence analysis will be presented in a forthcoming paper [3].",wos,llm,0.980,unreviewed,,hash:9aadca2a619ce942
discarded,Accelerating set-based strategy sorting in multi-objective normal-form games,S. Regev,2026,Neural Computing and Applications,10.1007/s00521-026-12416-1,https://www.scopus.com/inward/record.uri?partnerID=HzOxMe3b&scp=105048188860&origin=inward,off-topic-false-hit,"When solving two-player multi-objective normal-form games (MONFGs) under worst-case considerations, each strategy is naturally represented by multiple payoff vectors, one for each possible interaction with an opponent’s strategy. While it may be simpler to compress these into a single “representative” vector (e.g., a Nadir point), such scalarization may obscure important trade-offs and potentially misidentify solutions when worst-case performance is critical. To address this, recent approaches compare full sets of payoff vectors to accurately capture adversarial behaviors. However, this approach is computationally expensive. We propose a novel two-stage acceleration method that retains the exactness of full set-based worst-case comparisons, yet substantially reduces runtime. First, a computationally inexpensive tuple-based dominance check identifies obviously dominated (and hence irrational) strategies, discarding them without affecting the final worst-case non-dominated set. Second, the remaining pool of strategies is subjected to the more complex set-based dominance check. We prove theoretically that this two-stage procedure yields the same final solutions as a direct set-based approach, but at a fraction of the computational cost—especially in large strategy spaces. We demonstrate the effectiveness of our method in both a full-search scenario (small problem) and a co-evolutionary setting (larger problem), using a two-player competitive Traveling Salesperson Problem framed as a MONFG. Empirical results show consistent alignment with our complexity analysis and reveal considerable speedups, highlighting the approach’s promise for scaling set-based worst-case methods to more complex multi-player decision domains.",scopus,llm,0.990,unreviewed,,doi:10.1007/s00521-026-12416-1
discarded,Coupling-induced Turing instability and O(3)-equivariant mode interactionin a bulk–surface system with fractional surface diffusion,D.H. Nguyen,2026,Aims Mathematics,10.3934/math.20261130,https://www.scopus.com/inward/record.uri?partnerID=HzOxMe3b&scp=105049671367&origin=inward,off-topic-false-hit,"We study a reaction–diffusion system in a three-dimensional ball and on its spherical boundary, coupled by species-dependent Robin exchange and fractional membrane transport. Both isolated compartments are linearly stable. A normalized spectral fractional Laplace–Beltrami operator fixes the damping of a reference spherical harmonic degree, allowing the fractional order to change spectral slope without merely rescaling diffusivity. Modewise boundary-response analysis reveals a coupling-induced instability band and a switch of the preferred degree from $ \ell = 7 $ to $ \ell = 6 $. At the codimension-two crossing, we derive the full cubic $ O(3) $-equivariant normal form on the 28-dimensional center space $ V_6\oplus V_7 $, containing three independent quadratic and twenty independent cubic Gaunt channels. Independent spectral checks and exact-sphere simulations verify the reduction and show reproducible degree-six selection approaching saturation together with angularly resolved finite-time degree-seven selection at $ t = 400 $ from random multimode data. At $ t = 800 $, degree seven remains dominant, but its modal energy fraction still changes with cutoff refinement, so the calculations do not identify a stationary degree-seven state. Coefficient convergence, equivariance residuals, trajectory comparisons, perturbation tests, and mesh/cutoff studies are used to separate robust conclusions from numerical and geometric limitations. The results connect compartment exchange, anomalous surface transport, symmetry-constrained mode interaction, and finite-amplitude pattern selection.",scopus,llm,0.990,unreviewed,,doi:10.3934/math.20261130
