status,title,authors,year,venue,doi,url,tags,abstract,provider,decision_source,llm_confidence,llm_review_outcome,llm_change_direction,paper_id
discarded,"Enhanced thermal management of pouch lithium-ion cells via phase change material, foam and wavy fin integrated hybrid air cooling",K. Kumar,2026,Journal of Energy Storage,10.1016/j.est.2026.124814,https://www.scopus.com/inward/record.uri?partnerID=HzOxMe3b&scp=105051339326&origin=inward,off-topic-false-hit,"Pouch lithium-ion cells are widely used due to their high energy density and compact design; however, effective thermal management remains essential, especially at high discharge rates. This study presents a novel hybrid battery thermal management system (BTMS) for a pouch cell pack, integrating wavy-channel air cooling, phase change material (PCM), and thermally conductive porous foam, where the wavy fin geometry is specifically designed to enhance the convective heat transfer while simultaneously improving PCM utilization—a feature not systematically explored in prior similar studies. A validated numerical model is used to analyze the effects of key parameters, including air velocity (1–3 m/s), inlet temperature (298–306 K), and foam porosity (60–85%), at a 3C discharge rate. Performance is assessed using maximum temperature, maximum temperature difference, temperature uniformity and PCM liquid fraction. Results show that higher air velocity reduces peak temperature but limits PCM activation, while lower inlet temperature enhances cooling at the cost of latent heat utilization. Increased porosity improves temperature uniformity but raises peak temperature due to reduced conductivity. Overall, the proposed BTMS demonstrates improved thermal regulation and reveals trade-offs between convection, latent heat storage, and conduction, offering a balanced approach for high-performance applications such as electric vehicles.",scopus,llm,0.990,unreviewed,,doi:10.1016/j.est.2026.124814
discarded,Topology optimization of adsorption beds using a decoupled thermal reduced-physics model and Eikonal-based penalization,F.S. Maffei,2026,International Journal of Heat and Mass Transfer,10.1016/j.ijheatmasstransfer.2026.129388,https://www.scopus.com/inward/record.uri?partnerID=HzOxMe3b&scp=105047538938&origin=inward,off-topic-false-hit,"Adsorbed natural gas (ANG) is a promising technology that can contribute to reducing the carbon footprint of the oil industry. This is because the ANG operates at a lower pressure relative to traditional methods. Topology optimization enables the generation of non-intuitive designs of adsorptive natural gas storage systems by inserting internal metallic structures to enhance thermal management. However, its application to adsorbent beds is often hindered by high computational cost and numerical instabilities when solving the fully coupled multiphysics problem. This work proposes a novel reduced-physics-based methodology that decouples the forward problem from the optimization stage. A steady-state heat conduction model, driven by transient heat-source profiles extracted from a single full-physics simulation, is used for topology optimization. In addition to preventing non-physical material placement near boundaries that may arise from the simplified model, an Eikonal-based penalization function is introduced to define exclusion zones. The approach is implemented in COMSOL Multiphysics® with the full physics (Navier–Stokes and adsorption model) simulation validated using experimental data. Results show that optimized fin-like structures increase gas storage capacity by up to 7.6% under specific volume fractions and filter sizes. Dimensionless analysis reveals that the Biot number serves as a threshold for the effectiveness of optimization, whereas the Fourier number governs the duration of the optimized loading cycle. The proposed reduced-physics framework is most effective under long-cycle and conduction-dominated conditions, where the Fourier number approaches unity; its applicability is therefore limited in rapid-filling scenarios where thermal capacitance dominates, and the steady-state approximation becomes less physically representative. The proposed method significantly reduces computational effort while preserving essential physics, providing a viable and generalizable framework for designing advanced adsorption vessels.",scopus,llm,0.990,unreviewed,,doi:10.1016/j.ijheatmasstransfer.2026.129388
discarded,Impact of microstructural and porosity optimization on the performance and durability of fuel electrode supported reversible solid oxide cells,J. Park,2026,Journal of Power Sources,10.1016/j.jpowsour.2026.241437,https://www.scopus.com/inward/record.uri?partnerID=HzOxMe3b&scp=105049191316&origin=inward,off-topic-false-hit,"Reversible solid oxide cells (RSOCs) offer high efficiency and fuel flexibility, but commercialization remains limited by electrode polarization, microstructural degradation, and manufacturing cost. Severe degradation in electrolysis cell (EC) mode remains a major challenge. This study investigates how fuel electrode microstructure, tuned through different pore-forming strategies, affects the performance and durability of fuel electrode supported RSOCs. Normal, starch-added, and organic-rich cells were evaluated in fuel cell (FC) and EC modes using current-voltage measurements, electrochemical impedance spectroscopy, distribution of relaxation times, transmission-line modeling, and quantitative SEM-BSE image analysis. The organic-rich 1300 degrees C cell exhibited the most favorable pore structure, with high pore volume fraction, longer mean-line intercept, and improved pore interconnectivity in both the substrate and functional layer. These features reduced transport and charge transfer related resistance and resulted in approximately 50% and 36% performance improvements in FC and EC modes, respectively, compared with the normal cell. At 700 degrees C, the optimized cell achieved 2.21 W/cm(2) in FC mode and 1.52 A/cm(2) at 1.3 V in EC mode. The enhanced pore network also suppressed early EC-mode degradation and sustained stable FC operation for similar to 270 h. These results offer a potentially cost-effective and scalable processing approach for advancing commercially relevant RSOC technologies.",scopus,llm,0.990,unreviewed,,doi:10.1016/j.jpowsour.2026.241437
discarded,Thermodynamic-kinetic investigation and process design for high-purity dicyclopentadiene production and isoprene recovery from C5 fractions,S. Ding,2026,Separation and Purification Technology,10.1016/j.seppur.2026.140189,https://www.scopus.com/inward/record.uri?partnerID=HzOxMe3b&scp=105050628140&origin=inward,off-topic-false-hit,"With the growing demand for advanced chemical applications, developing an efficient and economical process to synthesize high-purity dicyclopentadiene (DCPD) from cyclopentadiene (CPD) in C5 byproducts, while simultaneously recovering high-value isoprene (IP), has become a crucial research focus. In this study, a coupled reactive distillation-extractive distillation (RD-ED) process is proposed to not only enhance the dimerization of CPD into DCPD but also achieve the effective recovery of IP. First, the isobaric vapor-liquid equilibrium (VLE) data of the industrial CPD/IP and CPD/isopentane (ISO) binary systems were experimentally measured and correlated using the UNIQUAC activity coefficient model, thereby establishing a reliable thermodynamic database. Subsequently, kinetic experiments on CPD dimerization were carried out, and a reversible reaction kinetic model was developed to provide fundamental parameters for process simulation. Based on industrial feedstock, an RD process was designed for continuous production of high-purity DCPD, followed by ED to recover IP. Under comparable product-purity specifications, the RDC-2EDC-2REC configuration outperformed the RDC-2EDC-REC process in economic, energy, and environmental aspects. Specifically, it achieved a total annual cost (TAC) reduction of approximately 1.5 & times; 104 $/year, decreased total energy consumption by 29 kW, and reduced annual emissions by 19,054 kg of CO2, 573 kg of SO2, and 287 kg of NOx. This work provides a systematic thermodynamic, kinetic, and process-design framework for the continuous and efficient production of high-purity DCPD.",scopus,llm,0.990,unreviewed,,doi:10.1016/j.seppur.2026.140189
discarded,Economic burden of stroke attributable to excess body mass in Hungary: a population-attributable fraction analysis,T. Jarecsny,2026,BMC Public Health,10.1186/s12889-026-26355-y,https://www.scopus.com/inward/record.uri?partnerID=HzOxMe3b&scp=105031670923&origin=inward,off-topic-false-hit,"The prevalence of obesity in Hungary ranks among the highest in the European Union, representing a significant healthcare burden. In modern medicine, stroke remains one of the major cardiovascular cost drivers, with obesity being a key modifiable risk factor. To estimate annual stroke-related healthcare cost savings achievable through population-level reduction in body mass index (BMI) in Hungary, based on five international risk models. A cross-sectional study of 2,442 adults was conducted between June and August 2022 via the nationwide “Bringing Screening to You” program. Post-stratification weighting by sex and age was applied to align with the 2022 national census. Population-attributable fraction (PAF) analysis incorporated five published BMI–stroke models (HUNT, CHARLS-male cohort, Physicians’ Health Study, meta-analysis, INTERSTROKE) and was applied to the €1.016 billion national stroke cost for 2022. Uncertainty was assessed using a 10,000-iteration Monte Carlo simulation. Weighted overweight and obesity prevalence was 72.5% (95% CI: 70.6–74.4%), one of the highest observed among Central and Eastern European countries. The PAF of stroke cases associated with excess BMI ranged from 9.7% to 20.4%, corresponding to annual cost savings of €99–207 million under a theoretical maximum scenario of complete BMI normalization, assuming proportional cost reduction. Conservative estimates (HUNT model) projected €99 million in savings (95% CI: 75–127), while higher estimates (Physicians’ Health Study) yielded €207 million (95% CI: 145–265). Population-level BMI reduction could reduce Hungary’s annual stroke related healthcare expenditure by at least €99 million, representing substantial potential savings. These findings support implementation of population-level comprehensive obesity prevention strategies.",scopus,llm,0.990,unreviewed,,doi:10.1186/s12889-026-26355-y
discarded,Healthcare utilization and costs in the first two years after heart failure diagnosis: an observational study by phenotype in southwestern Sweden,J. Davidge,2026,BMC Health Services Research,10.1186/s12913-026-14020-4,https://www.scopus.com/inward/record.uri?partnerID=HzOxMe3b&scp=105028706691&origin=inward,off-topic-false-hit,"Assess healthcare utilization and direct costs for heart failure (HF) during the first two years post-diagnosis across HF subgroups. This retrospective population-based study included patients with HF aged 40–90 years in Region Halland. HF subgroups were defined based on echocardiographic ejection fraction, including HF with reduced ejection fraction (HFrEF), mildly reduced ejection fraction (HFmrEF), preserved ejection fraction (HFpEF), and no defined phenotype (HF-NDP). NT-proBNP and comorbidities were analyzed as clinical features. HF phenotypes were identified via algorithmic electronic medical records analysis. Data included primary and hospital care (inpatient and outpatient) healthcare utilization and costs during a two-year post-diagnosis during 2015–2017. Utilization covered visits to physicians, nurses, paramedical staff, and inpatient days. Costs were estimated using the Patient Encounter Costing model. HF phenotypes, differentiated by ejection fraction, were identified via algorithmic analysis of electronic medical records. ANOVA with Bonferroni correction compared subgroups; Poisson regression assessed factors associated with longer hospital stays. A total of 1769 patients were included: 472 (27%) with HFrEF, 318 (18%) HFmrEF, 505 (28%) HFpEF, and 474 (27%) HF-NDP. Hospitalizations represented the largest cost component, accounting for 68% of first-year expenditures. Average total costs per patient were €15,771 in year one and €7,459 in year two. Subgroup-specific costs declined over time: HFrEF (€18,682 to €7,083), HFpEF (€17,052 to €9,289), HFmrEF (€16,513 to €7,946), and HF-NDP (€11,009 to €5,556). HFpEF patients incurred the highest costs in the second year, indicating a sustained burden. Higher NT-proBNP levels and cardiovascular comorbidities were associated with longer lengths of stay (LoS) in both years. In year one, HFrEF served as reference, while HFmrEF had IRR 0.89 (95% CI:0.88–0.93), HFpEF IRR 0.98 (95% CI:0.94–1.01), and HF-NDP IRR 0.75 (95% CI:0.72–0.79). By year two, LoS risk increased for all other subgroups compared to HFrEF, most notably HFpEF (IRR 1.81; 95% CI:1.70–1.94; p < 0.001). Hospitalizations drove first-year costs, especially for HFrEF. Costs declined in year two for all subgroups, but HFpEF remained highest. Continuous care should target HFpEF and other high-risk phenotypes to reduce long-term burden.",scopus,llm,0.990,unreviewed,,doi:10.1186/s12913-026-14020-4
discarded,Association between CRP /ALB ratio and three month mortality in acute heart failure with reduced ejection fraction,M.S. Golzardi,2026,Journal of Diabetes and Metabolic Disorders,10.1007/s40200-026-02011-5,https://www.scopus.com/inward/record.uri?partnerID=HzOxMe3b&scp=105044124112&origin=inward,off-topic-false-hit,"Background Inflammation and nutritional status play important roles in the progression and prognosis of heart failure with reduced ejection fraction (HFrEF). The C-reactive protein-to-albumin ratio (CAR) has recently emerged as a potential prognostic biomarker integrating both inflammatory and nutritional pathways. This study evaluated the prognostic significance of admission CAR for predicting three-month mortality in patients hospitalized with acute HFrEF.Methods A prospective single-center study was conducted among patients admitted with acute HFrEF. CAR was calculated at hospital admission using serum C-reactive protein and albumin levels. Demographic and clinical variables were analyzed, and multivariable regression was performed to determine the independent prognostic value of CAR. Receiver operating characteristic (ROC) curve analysis was used to evaluate predictive performance and determine the optimal cutoff value for mortality prediction.Results Admission CAR values were significantly higher in patients who died during the three-month follow-up period. After adjustment for demographic and clinical confounders, CAR remained an independent predictor of short-term mortality. Compared with CRP and albumin assessed individually, CAR demonstrated superior prognostic performance. The optimal CAR cutoff value for predicting three-month mortality was 6.7, with a sensitivity of 75.8% and specificity of 62.5%. The area under the ROC curve was 0.713, indicating moderate discriminative ability. The prognostic significance of CAR remained evident despite the high prevalence of diabetes mellitus within the study population.Conclusion Admission CAR is a reliable and independent predictor of three-month mortality in acute HFrEF. Owing to its low cost, wide availability, and ease of calculation, CAR may serve as a practical bedside biomarker for early risk stratification and management optimization in high-risk patients.",scopus,llm,0.990,unreviewed,,doi:10.1007/s40200-026-02011-5
discarded,Modified atmosphere packaging delays softening of fresh-cut lotus rhizome by preserving cell-wall pectin integrity,Y. Zhang,2026,Postharvest Biology and Technology,10.1016/j.postharvbio.2026.114626,https://www.scopus.com/inward/record.uri?partnerID=HzOxMe3b&scp=105045525666&origin=inward,off-topic-false-hit,"Textural softening is a major factor limiting the storage quality and consumer acceptability of fresh-cut lotus rhizome (FCLR) and is closely associated with cell-wall polysaccharide disassembly. This study investigated how modified atmosphere packaging (MAP) delays FCLR softening, focusing on the preservation of pectin structure-function integrity. During 15 d of storage, MAP effectively maintained overall quality and markedly delayed firmness loss; final firmness in the control group was only approximately 57% of that in the MAP group. Microscopy showed that MAP alleviated loosening and disruption of the middle lamella and cell-wall matrix. MAP also reduced losses of chelator-soluble and sodium carbonate-soluble pectins by more than 20% compared with the control, indicating that better preservation of bound pectin fractions is critical for intercellular adhesion, wall cohesion, and texture maintenance. Multiscale analyses further supported these effects. MAP maintained higher apparent pectin molecular size and degree of methyl esterification, stabilized homogalacturonan-related structural features, preserved pectin network integrity, and sustained pectin viscoelasticity. Enzyme activity, transcriptomic, and RT-qPCR analyses further indicated reduced pectin remodeling, cell-wall loosening, and starch degradation. These findings suggest that MAP delays FCLR softening mainly by preserving pectin structure-function integrity, especially in bound pectin fractions.",scopus,llm,0.990,unreviewed,,doi:10.1016/j.postharvbio.2026.114626
discarded,A digital diagnostic pathway for heart failure: an economic evaluation,N. Mcmeekin,2026,Cost Effectiveness and Resource Allocation,10.1186/s12962-025-00695-9,https://www.scopus.com/inward/record.uri?partnerID=HzOxMe3b&scp=105029227865&origin=inward,off-topic-false-hit,"Guidelines recommend prompt diagnosis of suspected heart failure in people with elevated N-terminal pro b-type natriuretic peptide (NT-proBNP). Early diagnosis of heart failure improves patient outcomes, however diagnosis is complex and can often be delayed. Digital platforms can provide clinicians with greater access to information with which to diagnose heart failure, improving on standard diagnostic pathways. We modelled the potential cost-effectiveness of a digital pathway, adapting the UK NICE guideline (NG106) cost-effectiveness model to evaluate the impact of potentially speedier diagnosis and treatment of heart failure. Posited reductions in time to treatment were modelled to reduce short-term mortality and generate approximately 0.056 incremental quality adjusted life-years over a lifetime horizon. Additional costs arose from earlier heart failure treatment, resulting in a cost per quality adjusted life-year of £5,882 (95% confidence interval £4,377 - £11,084).",scopus,llm,0.990,unreviewed,,doi:10.1186/s12962-025-00695-9
discarded,Reducing commercial Gasohol 91 consumption through blending with waste cooking oil sludge-derived biogasoline: fuel properties and small- engine performance,N. Unsomsri,2026,Results in Engineering,10.1016/j.rineng.2026.112952,https://www.scopus.com/inward/record.uri?partnerID=HzOxMe3b&scp=105050410594&origin=inward,off-topic-false-hit,"Waste cooking oil sludge (WCOS), a residue from biodiesel pre-treatment, is commonly regarded as a problematic waste but still contains recoverable carbon and energy. This study investigated the conversion of WCOS into biogasoline-like fuel through continuous pyrolysis, bio-oil distillation, and blending with Gasohol 91 for small-scale power generation. WCOS was pyrolyzed in a continuous double-screw reactor at 450 ± 10°C, selected based on TGA/DTG results showing that major decomposition occurred below this temperature. The pyrolysis produced 52.61 wt.% bio-oil, which retained approximately 84.5% of the feedstock energy. Distillation of the bio-oil yielded 39.03 wt.% biogasoline-like fraction (BG), while the heavy oil fraction retained a larger energy share, indicating potential for further upgrading. GC–MS and FTIR analyses showed that Gasohol 91 was rich in aromatics, branched alkanes, naphthenes, and ethanol, whereas WCOS-derived BG was dominated by long-chain n-alkanes and alkenes, confirming its heavier aliphatic character. Among the tested blends, BG915050 provided the most balanced performance. It reduced Gasohol 91 use by 50%, retained 99.0% of the LHV-based electrical generation efficiency of neat Gasohol 91, and reduced the fuel cost per kWh from 1.35 to 0.97 EUR kWh⁻¹, corresponding to a 25.64% cost reduction on a gross-cost basis. Emission results showed that increasing BG fraction reduced CO emissions but increased NOx, indicating a CO–NOx trade-off. Overall, WCOS-derived BG is more suitable as a blending component than as a direct gasoline substitute, with the 50:50 BG/Gasohol 91 blend identified as a preliminary optimum for reducing commercial gasoline use in small-scale power generation.",scopus,llm,0.990,unreviewed,,doi:10.1016/j.rineng.2026.112952
