status,title,authors,year,venue,doi,url,tags,abstract,provider,decision_source,llm_confidence,llm_review_outcome,llm_change_direction,paper_id
discarded,"Landslide susceptibility mapping using machine learning algorithms and comparison of their performance at Abha Basin, Asir Region, Saudi Arabia",Ahmed M. Youssef; Hamid Reza Pourghasemi,2020,Geoscience Frontiers,10.1016/j.gsf.2020.05.010,https://openalex.org/W3036091573,off-topic-false-hit,"The current study aimed at evaluating the capabilities of seven advanced machine learning techniques (MLTs), including, Support Vector Machine (SVM), Random Forest (RF), Multivariate Adaptive Regression Spline (MARS), Artificial Neural Network (ANN), Quadratic Discriminant Analysis (QDA), Linear Discriminant Analysis (LDA), and Naive Bayes (NB), for landslide susceptibility modeling and comparison of their performances. Coupling machine learning algorithms with spatial data types for landslide susceptibility mapping is a vitally important issue. This study was carried out using GIS and R open source software at Abha Basin, Asir Region, Saudi Arabia. First, a total of 243 landslide locations were identified at Abha Basin to prepare the landslide inventory map using different data sources. All the landslide areas were randomly separated into two groups with a ratio of 70% for training and 30% for validating purposes. Twelve landslide-variables were generated for landslide susceptibility modeling, which include altitude, lithology, distance to faults, normalized difference vegetation index (NDVI), landuse/landcover (LULC), distance to roads, slope angle, distance to streams, profile curvature, plan curvature, slope length (LS), and slope-aspect. The area under curve (AUC-ROC) approach has been applied to evaluate, validate, and compare the MLTs performance. The results indicated that AUC values for seven MLTs range from 89.0% for QDA to 95.1% for RF. Our findings showed that the RF (AUC ​= ​95.1%) and LDA (AUC ​= ​941.7%) have produced the best performances in comparison to other MLTs. The outcome of this study and the landslide susceptibility maps would be useful for environmental protection.",openalex,llm,1.000,unreviewed,,doi:10.1016/j.gsf.2020.05.010
discarded,Gradient-based learning applied to document recognition,Yann LeCun; Léon Bottou; Yoshua Bengio; Patrick Haffner,1998,Proceedings of the IEEE,10.1109/5.726791,https://openalex.org/W2112796928,adjacent-subtopic,"Multilayer neural networks trained with the back-propagation algorithm constitute the best example of a successful gradient based learning technique. Given an appropriate network architecture, gradient-based learning algorithms can be used to synthesize a complex decision surface that can classify high-dimensional patterns, such as handwritten characters, with minimal preprocessing. This paper reviews various methods applied to handwritten character recognition and compares them on a standard handwritten digit recognition task. Convolutional neural networks, which are specifically designed to deal with the variability of 2D shapes, are shown to outperform all other techniques. Real-life document recognition systems are composed of multiple modules including field extraction, segmentation recognition, and language modeling. A new learning paradigm, called graph transformer networks (GTN), allows such multimodule systems to be trained globally using gradient-based methods so as to minimize an overall performance measure. Two systems for online handwriting recognition are described. Experiments demonstrate the advantage of global training, and the flexibility of graph transformer networks. A graph transformer network for reading a bank cheque is also described. It uses convolutional neural network character recognizers combined with global training techniques to provide record accuracy on business and personal cheques. It is deployed commercially and reads several million cheques per day.",openalex,llm,0.990,unreviewed,,doi:10.1109/5.726791
discarded,Abstract types have existential type,John C. Mitchell; Gordon D. Plotkin,1988,ACM Transactions on Programming Languages and Systems,10.1145/44501.45065,https://openalex.org/W2104204098,adjacent-subtopic,"Abstract data type declarations appear in typed programming languages like Ada, Alphard, CLU and ML. This form of declaration binds a list of identifiers to a type with associated operations, a composite “value” we call a data algebra . We use a second-order typed lambda calculus SOL to show how data algebras may be given types, passed as parameters, and returned as results of function calls. In the process, we discuss the semantics of abstract data type declarations and review a connection between typed programming languages and constructive logic.",openalex,llm,0.960,unreviewed,,doi:10.1145/44501.45065
discarded,Strongly History-Independent Hashing with Applications,Guy E. Blelloch; Daniel Golovin,2007,48th Annual IEEE Symposium on Foundations of Computer Science (FOCS'07),10.1109/FOCS.2007.36,https://ieeexplore.ieee.org/document/4389499/,"supports-claim; adjacent-subtopic; canonical memory layout for security (history independence), not equality of values","We present a strongly history independent (SHI) hash table that supports search in O(l) worst-case time, and insert and delete in O(l) expected time using O(n) data space. This matches the bounds for dynamic perfect hashing, and improves on the best previous results by Naor and league on history independent hashing, which were either weakly history independent, or only supported insertion and search (no delete) each in O(l) expected time. The results can be used to construct many other SHI data structures. We show straightforward constructions for SHI ordered dictionaries: for n keys from {l,..., nk} searches take O(log log n) worst-case time and updates (insertions and deletions) O(log log n) expected time, and for keys in the comparison model searches take O(log n) worst-case time and updates O(log n) expected time. We also describe a SHI data structure for the order-maintenance problem. It supports comparisons in O(l) worst-case time, and updates in 0(1) expected time. All structures use O(n) data space.",ieee,llm_reviewed,0.720,changed,kept->discarded,doi:10.1109/focs.2007.36
kept,Mod-p decision diagrams: a data structure for multiple-valued functions,H. Sack; E. Dubrova; C. Meinel,2000,Proceedings 30th IEEE International Symposium on Multiple-Valued Logic (ISMVL 2000),10.1109/ISMVL.2000.848625,https://ieeexplore.ieee.org/document/848625/,supports-claim; qualifies-claim; cross-domain-equality,"Multiple-valued decision diagrams (MDDs) give a way of approaching problems by using symbolic variables which are often more naturally associated with the problem statement than the variables obtained by a binary encoding. We present a more general class of MDDs, containing not only branching nodes but also functional nodes, labeled by addition modulo p operation, p-prime, and give algorithms for their manipulation Such decision diagrams have a potential of being more space-efficient than MDDs, However they are not a canonical representation of multiple-valued functions and thus the equivalence test of two Mod-p-DDs is more difficult then the test of two MDDs. To overcome this problem, we design a fast probabilistic equivalence test for Mod-p-DDs that requires time linear in the number of nodes.",ieee,llm_reviewed,0.990,confirmed,,doi:10.1109/ismvl.2000.848625
discarded,JSON Sensor Signatures (JSS): End-to-End Integrity Protection from Constrained Device to IoT Application,Henrich C. Pöhls,2015,2015 9th International Conference on Innovative Mobile and Internet Services in Ubiquitous Computing,10.1109/IMIS.2015.48,https://ieeexplore.ieee.org/document/7284966/,adjacent-subtopic,"Integrity of sensor readings or actuator commands is of paramount importance for a secure operation in the Internet-of-Things (IoT). Data from sensors might be stored, forwarded and processed by many different intermediate systems. In this paper we apply digital signatures to achieve end-to-end message level integrity for data in JSON. JSON has become very popular to represent data in the upper layers of the IoT domain. By signing JSON on the constrained device we extend the end-to-end integrity protection starting from the constrained device to any entity in the IoT data-processing chain. Just the JSON message's contents including the enveloped signature and the data must be preserved. We reached our design goal to keep the original data accessible by legacy parsers. Hence, signing does not break parsing. We implemented an elliptic curve based signature algorithm on a class 1 (following RFC 7228) constrained device (Zolertia Z1: 16-bit, MSP 430). Furthermore, we describe the challenges of end-to-end integrity when crossing from IoT to the Web and applications.",ieee,llm,0.830,unreviewed,,doi:10.1109/imis.2015.48
discarded,Leveraging HBM2 for Accelerating k-mer Counting with oneAPI on FPGAs,Owen P. Lucas; Alan D. George,2024,2024 34th International Conference on Field-Programmable Logic and Applications (FPL),10.1109/FPL64840.2024.00022,https://ieeexplore.ieee.org/document/10705621/,adjacent-subtopic,"Counting substrings of an arbitrary length k (k-mers) is the single most time-consuming step of de novo genome sequencing. Sequencing machines generate large quantities of data $(\gt100$ s of GBs per genome), which need to be processed using frequent memory accesses into data structures considerably larger than available cache, leading to a memorybound runtime. Stemming from the gap between processor and memory speed, this bottleneck requires alternative architectures. Recent FPGA devices, equipped with on-chip High-Bandwidth Memory (HBM), enable custom architectures to employ high-capacity, high-bandwidth memory to address memory-bound tasks. This research investigates accelerating k-mers counting with one such device, the BittWare 520N-MX, a Stratix 10 FPGA with 16 GB of on-chip HBM2. The architecture was designed using Intel’s oneAPI, which enables high-level synthesis for FPGA programming. The accelerator architecture was able to leverage inherent parallelism in the algorithm via the multiple parallel hash functions, along with partitioning data structure across multiple memory banks, and employing multiple independent parallel processing pipelines on the device to maximize throughput. The accelerator achieved $42.67 \mathrm{M} \boldsymbol{k}$-mers per second, $2.80 \times$ more than the throughput-optimized CPU version and $4.31 \times$ more than the original CPU app. Despite this speedup, the architectures saw diminishing returns when attempting to incorporate additional HBM2 banks. OneAPI was able to achieve speedup over the CPU using the FPGA and emerging memory, but it’s somewhat limited in its current scaling capabilities.",ieee,llm,1.000,unreviewed,,doi:10.1109/fpl64840.2024.00022
discarded,Efficient Boolean manipulation with OBDD's can be extended to FBDD's,J. Gergov; C. Meinel,1994,IEEE Transactions on Computers,10.1109/12.324545,https://ieeexplore.ieee.org/document/324545/,supports-claim; qualifies-claim; adjacent-subtopic; canonical representation in hardware verification or data structures; the cited BDD/graph examples carry the point,"OBDD's are the state-of-the-art data structure for Boolean function manipulation. Basic tasks of Boolean manipulation such as equivalence test, satisfiability test, tautology test and single Boolean synthesis steps can be performed efficiently in terms of fixed ordered OBDD's. The bottleneck of most OBDD-applications is the size of the represented Boolean functions since the total computation merely remains tractable as long as the OBDD-representations remain of reasonable size. Since it is well known that OBDD's are restricted FBDD's (free BDD's, i.e., BDD's that test, on each path, each input variable at most once), and that FBDD-representations are often much more (sometimes even exponentially more) concise than OBDD-representations. We propose to work with a more general FBDD-based data structure. We show that FBDD's of a fixed type provide, similar as OBDD's of a fixed variable ordering, canonical representations of Boolean functions, and that basic tasks of Boolean manipulation can be performed in terms of fixed typed FBDD's similarly efficient as in terms of fixed ordered OBDD's. In order to demonstrate the power of the FBDD-concept we show that the verification of the circuit design for the hidden weighted bit function proposed Bryant can be carried out efficiently in terms of FBDD's while this is, for principal reasons, impossible in terms of OBDD's.<>",ieee,llm_reviewed,1.000,changed,kept->discarded,doi:10.1109/12.324545
discarded,Practical Foundations of History Independence,Sumeet Bajaj; Anrin Chakraborti; Radu Sion,2016,IEEE Transactions on Information Forensics and Security,10.1109/TIFS.2015.2491309,https://ieeexplore.ieee.org/document/7299314/,qualifies-claim; adjacent-subtopic; canonical representation in hardware verification or data structures; the cited BDD/graph examples carry the point,"The way data structures organize data is often a function of the sequence of past operations. The organization of data is referred to as the data structure's state, and the sequence of past operations constitutes the data structure's history. A data structure state can, therefore, be used as an oracle to derive information about its history. For history-sensitive applications, such as privacy in e-voting, it is imperative to conceal historical information contained within data structure states. Data structure history can be hidden by making data structures history independent. In this paper, we explore how to achieve history independence (HI). We observe that the current HI notions are significantly limited in number and scope. There are two existing notions of HI: 1) weak HI (WHI) and 2) strong HI (SHI). WHI does not protect against insider adversaries, and SHI mandates canonical representations, resulting in inefficiency. We postulate the need for a broad, encompassing notion of HI, which can capture WHI, SHI, and a broad spectrum of new HI notions. To this end, we introduce AHI, a generic game-based framework that is malleable enough to accommodate the existing and new HI notions. As an essential step toward formalizing AHI, we explore the concepts of abstract data types, data structures, machine models, memory representations, and HI. Finally, to bridge the gap between theory and practice, we outline a general recipe for building end-to-end, history-independent systems and demonstrate the use of the recipe in designing two historyindependent file systems.",ieee,llm_reviewed,1.000,changed,kept->discarded,doi:10.1109/tifs.2015.2491309
discarded,A content-centric networking forwarding design for a network processor,Marc Mosko,2015,2015 IEEE International Conference on Communications (ICC),10.1109/ICC.2015.7249224,https://ieeexplore.ieee.org/document/7249224/,adjacent-subtopic,"We describe a method to use hardware-assisted hash tables for CCNx routing on variable length names. Hardware-assisted hash tables typically have fixed key and fixed result sizes, with performance knees at specific cutoffs, such as 32 bytes or 64 bytes for combined key and result sizes. CCNx names, like a URI, use a variable number of path segments, where each segment may be of variable length. The method presented here uses a combination of standard hash lookups plus compressed key hash lookups to handle path segments that exceed the maximum fixed key size. We present results based on an EzChip NP-4 network processor. This paper presents three main results. Based on analysis of a Stanford WebBase trace, we find the first and second order statistics for URLs which clearly shows that including application state (i.e. a Query String) in the name significantly bloats the name. Second, we analyze NP4 performance using several software-based hash functions to compress long CCNx Name components. Third, we present a design for the EzChip NP4 network processor to forward CCNx interest packets. We show the feasibility of the approach based on assumptions from the URL analysis. We estimate the forwarding scheme will achieve 37 Mpps on a single 100 Gbps EzChip NP4 and be able to store 5.6 million forwarding table entries in 2 GB of RAM.",ieee,llm,0.990,unreviewed,,doi:10.1109/icc.2015.7249224
discarded,Model and Score Adaptation for Biometric Systems: Coping With Device Interoperability and Changing Acquisition Conditions,Norman Poh; Josef Kittler; Sebastien Marcel; Driss Matrouf; Jean-Francois Bonastre,2010,2010 20th International Conference on Pattern Recognition,10.1109/ICPR.2010.306,https://ieeexplore.ieee.org/document/5597105/,adjacent-subtopic,"The performance of biometric systems can be significantly affected by changes in signal quality. In this paper, two types of changes are considered: change in acquisition environment and in sensing devices. We investigated three solutions: (i) model-level adaptation, (ii) score-level adaptation (normalisation), and (iii) the combination of the two, called “compound” adaptation. In order to cope with the above changing conditions, the model-level adaptation attempts to update the parameters of the expert systems (classifiers). This approach requires the authenticity of the candidate samples used for adaptation be known (corresponding to supervised adaptation), or can be estimated (unsupervised adaptation). In comparison, the score-level adaptation merely involves post processing the expert output, with the objective of rendering the associated decision threshold to be dependent only on the class priors despite the changing acquisition conditions. Since the above adaptation strategies treat the underlying biometric experts/classifiers as a black-box, they can be applied to any unimodal or multimodal biometric system, thus facilitating system-level integration and performance optimisation. Our contributions are: (i) proposal of compound adaptation; (ii) investigation and comparison of two different quality-dependent score normalisation strategies; and, (iii) empirical comparison of the merit of the above three solutions on the BANCA face (video) and speech database.",ieee,llm,0.990,unreviewed,,doi:10.1109/icpr.2010.306
discarded,Database Design and Modeling with PostgreSQL and MySQL: Build efficient and scalable databases for modern applications using open source databases,Alkin Tezuysal; Ibrar Ahmed; Peter Zaitsev,2024,Database Design and Modeling with PostgreSQL and MySQL: Build efficient and scalable databases for modern applications using open source databases,,https://ieeexplore.ieee.org/document/10769319/,adjacent-subtopic,"Become well-versed with database modeling and SQL optimization, and gain a deep understanding of transactional systems through practical examples and exercisesKey FeaturesGet to grips with fundamental-to-advanced database design and modeling concepts with PostgreSQL and MySQLExplore database integration with web apps, emerging trends, and real-world case studiesLeverage practical examples and hands-on exercises to reinforce learningPurchase of the print or Kindle book includes a free PDF eBookBook DescriptionDatabase Design and Modeling with PostgreSQL and MySQL will equip you with the knowledge and skills you need to architect, build, and optimize efficient databases using two of the most popular open-source platforms. As you progress through the chapters, you'll gain a deep understanding of data modeling, normalization, and query optimization, supported by hands-on exercises and real-world case studies that will reinforce your learning. You'll explore topics like concurrency control, backup and recovery strategies, and seamless integration with web and mobile applications. These advanced topics will empower you to tackle complex database challenges confidently and effectively. Additionally, you’ll explore emerging trends, such as NoSQL databases and cloud-based solutions, ensuring you're well-versed in the latest developments shaping the database landscape. By embracing these cutting-edge technologies, you'll be prepared to adapt and innovate in today's ever-evolving digital world. By the end of this book, you’ll be able to understand the technologies that exist to design a modern and scalable database for developing web applications using MySQL and PostgreSQL open-source databases.What you will learnDesign a schema, create ERDs, and apply normalization techniquesGain knowledge of installing, configuring, and managing MySQL and PostgreSQLExplore topics such as denormalization, index optimization, transaction management, and concurrency controlScale databases with sharding, replication, and load balancing, as well as implement backup and recovery strategiesIntegrate databases with web apps, use SQL, and implement best practicesExplore emerging trends, including NoSQL databases and cloud databases, while understanding the impact of AI and MLWho this book is forThis book is for a wide range of professionals interested in expanding their knowledge and skills in database design and modeling with PostgreSQL and MySQL. This includes software developers, database administrators, data analysts, IT professionals, and students. While prior knowledge of MySQL and PostgreSQL is not necessary, some familiarity with at least one relational database management system (RDBMS) will help you get the most out of this book. ",ieee,llm,0.990,unreviewed,,hash:d1986b932974b851
