status,title,authors,year,venue,doi,url,tags,abstract,provider,decision_source,llm_confidence,llm_review_outcome,llm_change_direction,paper_id
discarded,Simplification and normalization of indexed differentials involving coordinate transformation,J. Liu,2009,Science in China Series A Mathematics,10.1007/s11425-009-0005-y,https://www.scopus.com/inward/record.uri?partnerID=HzOxMe3b&scp=70350309339&origin=inward,supports-claim; qualifies-claim; adjacent-subtopic; canonical form for tensor expressions; equality of data-type values not addressed beyond the cited example,"In nD differential geometry, basic geometric structures and properties are described locally by differentiable functions and equations with indices that obey Einstein summation convention. Although symbolic manipulation of such indexed functions is one of the oldest research topics in computer algebra, so far there exists no normal form reduction algorithm to judge whether two indexed polynomials involving indices of different coordinate systems are equal or not. It is a challenging task in computer algebra.

In this paper, for a typical framework-the partial derivatives in coordinate transformation matrix involved are of order no more than two (such as local computations of ordinary curvatures and torsion), we put forward two algorithms, one on elimination of all redundant dummy indices of indexed polynomials, the other on normalization of,,rich indexed polynomials, by which we can judge whether two indexed polynomials are equal or not.

We implement the algorithms with Maple V.10 and use them to solve tensor verification problems in differential geometry, and to derive automatically the transformation rules of locally. defined indexed functions tinder the change of local coordinates.",scopus,llm_reviewed,0.990,changed,kept->discarded,doi:10.1007/s11425-009-0005-y
discarded,The Invar tensor package: Differential invariants of Riemann,J. Martín-García,2008,Computer Physics Communications,10.1016/j.cpc.2008.04.018,https://www.scopus.com/inward/record.uri?partnerID=HzOxMe3b&scp=52049098471&origin=inward,supports-claim; adjacent-subtopic; canonical form for tensor expressions; equality of data-type values not addressed beyond the cited example,"Abstract The long standing problem of the relations among the scalar invariants of the Riemann tensor is computationally solved for all 6 ⋅ 10 23 objects with up to 12 derivatives of the metric. This covers cases ranging from products of up to 6 undifferentiated Riemann tensors to cases with up to 10 covariant derivatives of a single Riemann. We extend our computer algebra system Invar to produce within seconds a canonical form for any of those objects in terms of a basis. The process is as follows: (1) an invariant is converted in real time into a canonical form with respect to the permutation symmetries of the Riemann tensor; (2) Invar reads a database of more than 6 ⋅ 10 5 relations and applies those coming from the cyclic symmetry of the Riemann tensor; (3) then applies the relations coming from the Bianchi identity, (4) the relations coming from commutations of covariant derivatives, (5) the dimensionally-dependent identities for dimension 4, and finally (6) simplifies invariants that can be expressed as product of dual invariants. Invar runs on top of the tensor computer algebra systems xTensor (for Mathematica ) and Canon (for Maple ). Program summary Program title: Invar Tensor Package v2.0 Catalogue identifier: ADZK_v2_0 Program summary URL: http://cpc.cs.qub.ac.uk/summaries/ADZK_v2_0.html Program obtainable from: CPC Program Library, Queen's University, Belfast, N. Ireland Licensing provisions: Standard CPC licence, http://cpc.cs.qub.ac.uk/licence/licence.html No. of lines in distributed program, including test data, etc.: 3 243 249 No. of bytes in distributed program, including test data, etc.: 939 Distribution format: tar.gz Programming language: Mathematica and Maple Computer: Any computer running Mathematica versions 5.0 to 6.0 or Maple versions 9 and 11 Operating system: Linux, Unix, Windows XP, MacOS RAM: 100 Mb Word size: 64 or 32 bits Supplementary material: The new database of relations is much larger than that for the previous version and therefore has not been included in the distribution. To obtain the Mathematica and Maple database files click on this link. Classification: 1.5, 5 Does the new version supersede the previous version?: Yes. The previous version (1.0) only handled algebraic invariants. The current version (2.0) has been extended to cover differential invariants as well. Nature of problem: Manipulation and simplification of scalar polynomial expressions formed from the Riemann tensor and its covariant derivatives. Solution method: Algorithms of computational group theory to simplify expressions with tensors that obey permutation symmetries. Tables of syzygies of the scalar invariants of the Riemann tensor. Reasons for new version: With this new version, the user can manipulate differential invariants of the Riemann tensor. Differential invariants are required in many physical problems in classical and quantum gravity. Summary of revisions: The database of syzygies has been expanded by a factor of 30. New commands were added in order to deal with the enlarged database and to manipulate the covariant derivative. Restrictions: The present version only handles scalars, and not expressions with free indices. Additional comments: The distribution file for this program is over 53 Mbytes and therefore is not delivered directly when download or Email is requested. Instead a html file giving details of how the program can be obtained is sent. Running time: One second to fully reduce any monomial of the Riemann tensor up to degree 7 or order 10 in terms of independent invariants. The Mathematica notebook included in the distribution takes approximately 5 minutes to run.",scopus,llm_reviewed,0.980,changed,kept->discarded,doi:10.1016/j.cpc.2008.04.018
discarded,General program of calculating the simplest normal forms for high-dimensional nonlinear dynamical systems,Q. Zhang,2008,Zhendong Gongcheng Xuebao Journal of Vibration Engineering,,https://www.scopus.com/inward/record.uri?partnerID=HzOxMe3b&scp=56149127838&origin=inward,off-topic-false-hit,,scopus,llm,0.950,unreviewed,,hash:07302ea887299401
discarded,Group-theoretic approach for symbolic tensor manipulation,L. Manssur,2002,International Journal of Modern Physics C,10.1142/S0129183102004571,https://www.scopus.com/inward/record.uri?partnerID=HzOxMe3b&scp=0036759048&origin=inward,supports-claim; adjacent-subtopic; canonical form for tensor expressions; equality of data-type values not addressed beyond the cited example,"We describe how Computational Group Theory provides tools for manipulating indexed objects (tensors, spinors, and so on) in explicit index notation. In particular, we present algorithms that put tensors with free and dummy indices obeying permutation symmetries into the canonical form. The method is based on algorithms for determining canonical double coset representatives of subgroups of the symmetric group. The complexity of the algorithms is polynomial on the number of indices in practical applications and allows one to address the simplification of tensor expressions with hundreds of indices, going beyond what is needed in practical applications.",scopus,llm_reviewed,0.980,changed,kept->discarded,doi:10.1142/s0129183102004571
discarded,Algebraic simplification techniques for propositional satisfiability,J. Marques-Silva,2000,Lecture Notes in Computer Science Including Subseries Lecture Notes in Artificial Intelligence and Lecture Notes in Bioinformatics,10.1007/3-540-45349-0_45,https://www.scopus.com/inward/record.uri?partnerID=HzOxMe3b&scp=84861431321&origin=inward,adjacent-subtopic,,scopus,llm,0.820,unreviewed,,doi:10.1007/3-540-45349-0_45
discarded,An algorithm to simplify tensor expressions,R. Portugal,1998,Computer Physics Communications,10.1016/s0010-4655(98)00117-9,https://www.scopus.com/inward/record.uri?partnerID=HzOxMe3b&scp=0032477214&origin=inward,supports-claim; adjacent-subtopic; canonical form for tensor expressions; equality of data-type values not addressed beyond the cited example,"Abstract The problem of simplifying tensor expressions is addressed in two parts. The first part presents an algorithm designed to put tensor expressions into a canonical form, taking into account the symmetries with respect to index permutations and the renaming of dummy indices. The tensor indices are split into classes and a natural place for them is defined. The canonical form is the closest configuration to the natural configuration. In the second part, the Grobner basis method is used to simplify tensor expressions which obey the linear identities that come from cyclic symmetries (or more general tensor identities, including nonlinear identities). The algorithm is suitable for implementation in general purpose computer algebra systems. Some timings of an experimental implementation over the Riemann package are shown.",scopus,llm_reviewed,0.980,changed,kept->discarded,doi:10.1016/s0010-4655(98)00117-9
kept,A normal form for function rings of piecewise functions,M. Von Mohrenschildt,1998,Journal of Symbolic Computation,10.1006/jsco.1998.0229,https://www.scopus.com/inward/record.uri?partnerID=HzOxMe3b&scp=0032210108&origin=inward,supports-claim; cross-domain-equality,"Computer algebra systems often have to deal with piecewise continuous functions. These are, for example, the absolute value function, signum, piecewise defined functions but also functions that are the supremum or infimum of two functions. We present a new algebraic approach to these types of problems. This paper presents a normal form for a function ring containing piecewise polynomial functions of a real variable. We give a complete rule system to compute the normal form of an expression. The main result is that this normal form can be used to decide extensional equality of two piecewise functions. Also we define supremum and infimum for piecewise functions; in fact, we show that the function ring forms a lattice. Additionally, a method to solve equalities and inequalities in this function ring is presented. Finally, we give a ""user interface"" to the algebraic representation of the piecewise functions. (C) 1998 Academic Press.",scopus,llm_reviewed,0.990,confirmed,,doi:10.1006/jsco.1998.0229
discarded,Stability of the planetary three-body problem - I. Expansion of the planetary Hamiltonian,J. Laskar,1995,Celestial Mechanics Dynamical Astronomy,10.1007/BF00692088,https://www.scopus.com/inward/record.uri?partnerID=HzOxMe3b&scp=0042096156&origin=inward,adjacent-subtopic,We present a direct method for the expansion of the planetary Hamiltonian in Poincare canonical elliptic variables with its effective implementation in computer algebra. This method allows us to demonstrate the existence of simplifications occurring in the analytical expression of the Hamiltonian coefficients. All the coefficients depending on the ratio of the semi major axis can thus be expressed in a concise and canonical form.,scopus,llm,0.910,unreviewed,,doi:10.1007/bf00692088
discarded,Canonical representations in lisp and applications to computer algebra systems,R.J. Fateman,1991,Proceedings of the International Symposium on Symbolic and Algebraic Computation ISSAC,10.1145/120694.120750,https://www.scopus.com/inward/record.uri?partnerID=HzOxMe3b&scp=85054675591&origin=inward,"supports-claim; adjacent-subtopic; computer algebra simplification; the cited CAS sources carry the point (Davenport 2002, Stoutemyer 2011: no abstract obtained)","Lisp, as well as many other programming languages, provides for the creation of compound data-structures or objects. What if we follow a discipline in which any time we construct an object which happens to be isomorphic to one previously stored, the constructor function simply returns the same location in memory as the first? We discuss some of the advantages and show how an implementation fits neatly into Common Lisp. Some of the results are especially relevant for the design and implementation of efficient “general representation’) computer algebra systems. We give some experimental results showing speedups of a factor of ten or more in basic operations such as simplification of sums.",scopus,llm_reviewed,0.970,changed,kept->discarded,doi:10.1145/120694.120750
discarded,"Parametric queries, linear constraints and variable elimination",J.L. Lassez,1990,Lecture Notes in Computer Science Including Subseries Lecture Notes in Artificial Intelligence and Lecture Notes in Bioinformatics,10.1007/3-540-52531-9_136,https://www.scopus.com/inward/record.uri?partnerID=HzOxMe3b&scp=84947780783&origin=inward,adjacent-subtopic,,scopus,llm,0.730,unreviewed,,doi:10.1007/3-540-52531-9_136
discarded,A canonical simplifier for trigonometric expressions in the kinematic equation,P. Schorn,1988,Information Processing Letters,10.1016/0020-0190(88)90116-0,https://www.scopus.com/inward/record.uri?partnerID=HzOxMe3b&scp=0024107285&origin=inward,"supports-claim; adjacent-subtopic; computer algebra simplification; the cited CAS sources carry the point (Davenport 2002, Stoutemyer 2011: no abstract obtained)",,scopus,llm_reviewed,0.780,changed,kept->discarded,doi:10.1016/0020-0190(88)90116-0
discarded,A structure theorem for the elementary functions and its application to the identity problem,H.I. Epstein,1979,International Journal of Computer Information Sciences,10.1007/BF00995426,https://www.scopus.com/inward/record.uri?partnerID=HzOxMe3b&scp=34250260610&origin=inward,"supports-claim; adjacent-subtopic; computer algebra simplification; the cited CAS sources carry the point (Davenport 2002, Stoutemyer 2011: no abstract obtained)",,scopus,llm_reviewed,0.720,changed,kept->discarded,doi:10.1007/bf00995426
discarded,Primal-Dual Interior-Point Methods,Stephen J. Wright,1997,Society for Industrial and Applied Mathematics eBooks,10.1137/1.9781611971453,https://openalex.org/W1518039036,adjacent-subtopic,"Preface Notation 1. Introduction. Linear Programming Primal-Dual Methods The Central Path A Primal-Dual Framework Path-Following Methods Potential-Reduction Methods Infeasible Starting Points Superlinear Convergence Extensions Mehrotra's Predictor-Corrector Algorithm Linear Algebra Issues Karmarkar's Algorithm 2. Background. Linear Programming and Interior-Point Methods Standard Form Optimality Conditions, Duality, and Solution Sets The B {SYMBOL 200 \f Symbol} N Partition and Strict Complementarity A Strictly Interior Point Rank of the Matrix A Bases and Vertices Farkas's Lemma and a Proof of the Goldman-Tucker Result The Central Path Background. Primal Method Primal-Dual Methods. Development of the Fundamental Ideas Notes and References 3. Complexity Theory. Polynomial Versus Exponential, Worst Case vs Average Case Storing the Problem Data. Dimension and Size The Turing Machine and Rational Arithmetic Primal-Dual Methods and Rational Arithmetic Linear Programming and Rational Numbers Moving to a Solution from an Interior Point Complexity of Simplex, Ellipsoid, and Interior-Point Methods Polynomial and Strongly Polynomial Algorithms Beyond the Turing Machine Model More on the Real-Number Model and Algebraic Complexity A General Complexity Theorem for Path-Following Methods Notes and References 4. Potential-Reduction Methods. A Primal-Dual Potential-Reduction Algorithm Reducing Forces Convergence A Quadratic Estimate of \Phi _{\rho } along a Feasible Direction Bounding the Coefficients in The Quadratic Approximation An Estimate of the Reduction in \Phi _{\rho } and Polynomial Complexity What About Centrality? Choosing {SYMBOL 114 \f Symbol} and {SYMBOL 97 \f Symbol} Notes and References 5. Path-Following Algorithms. The Short-Step Path-Following Algorithm Technical Results The Predictor-Corrector Method A Long-Step Path-Following Algorithm Limit Points of the Iteration Sequence Proof of Lemma 5.3 Notes and References 6. Infeasible-Interior-Point Algorithms. The Algorithm Convergence of Algorithm IPF Technical Results I. Bounds on \nu _k \delimiter 026B30D (x^k,s^k) \delimiter 026B30D Technical Results II. Bounds on (D^k)^{-1} \Delta x^k and D^k \Delta s^k Technical Results III. A Uniform Lower Bound on {SYMBOL 97 \f Symbol}k Proofs of Theorems 6.1 and 6.2 Limit Points of the Iteration Sequence 7. Superlinear Convergence and Finite Termination. Affine-Scaling Steps An Estimate of ({SYMBOL 68 \f Symbol}x, {SYMBOL 68 \f Symbol} s). The Feasible Case An Estimate of ({SYMBOL 68 \f Symbol} x, {SYMBOL 68 \f Symbol} s). The Infeasible Case Algorithm PC Is Superlinear Nearly Quadratic Methods Convergence of Algorithm LPF+ Convergence of the Iteration Sequence {SYMBOL 206 \f Symbol}(A,b,c) and Finite Termination A Finite Termination Strategy Recovering an Optimal Basis More on {SYMBOL 206 \f Symbol} (A,b,c) Notes and References 8. Extensions. The Monotone LCP Mixed and Horizontal LCP Strict Complementarity and LCP Convex QP Convex Programming Monotone Nonlinear Complementarity and Variational Inequalities Semidefinite Programming Proof of Theorem 8.4. Notes and References 9. Detecting Infeasibility. Self-Duality The Simplified HSD Form The HSDl Form Identifying a Solution-Free Region Implementations of the HSD Formulations Notes and References 10. Practical Aspects of Primal-Dual Algorithms. Motivation for Mehrotra's Algorithm The Algorithm Superquadratic Convergence Second-Order Trajectory-Following Methods Higher-Order Methods Further Enhancements Notes and References 11. Implementations. Three Forms of the Step Equation The Cholesky Factorization Sparse Cholesky Factorization. Minimum-Degree Orderings Other Orderings Small Pivots in the Cholesky Factorization Dense Columns in A The Augmented System Formulat",openalex,llm,0.940,unreviewed,,doi:10.1137/1.9781611971453
discarded,Efficient Algorithms for Pairing-Based Cryptosystems,Paulo S. L. M. Barreto; Hae Yong Kim; Ben Lynn; Michael Scott,2002,Lecture notes in computer science,10.1007/3-540-45708-9_23,https://openalex.org/W1637905077,adjacent-subtopic,,openalex,llm,0.910,unreviewed,,doi:10.1007/3-540-45708-9_23
discarded,Fast Probabilistic Algorithms for Verification of Polynomial Identities,Jacob T. Schwartz,1980,Journal of the ACM,10.1145/322217.322225,https://openalex.org/W2080132708,adjacent-subtopic,"The starthng success of the Rabm-Strassen-Solovay pnmahty algorithm, together with the intriguing foundattonal posstbthty that axtoms of randomness may constttute a useful fundamental source of mathemaucal truth independent of the standard axmmaUc structure of mathemaUcs, suggests a wgorous search for probabdisuc algonthms In dlustratmn of this observaUon, vanous fast probabdlsttc algonthms, with probability of correctness guaranteed a prion, are presented for testing polynomial ldentmes and propemes of systems of polynomials.Ancdlary fast algorithms for calculating resultants and Sturm sequences are given.Probabilistlc calculatton in real anthmetlc, prewously considered by Davis, is justified ngorously, but only in a special case.Theorems of elementary geometry can be proved much more efficiently by the techmques presented than by any known arttficml-mtelhgence approach",openalex,llm,0.910,unreviewed,,doi:10.1145/322217.322225
discarded,Efficient Delaunay triangulation using rational arithmetic,Michael Karasick; Derek Lieber; Lee R. Nackman,1991,ACM Transactions on Graphics,10.1145/99902.99905,https://openalex.org/W2125512233,adjacent-subtopic,"Many fundamental tests performed by geometric algorithms can be formulated in terms of finding the sign of a determinant. When these tests are implemented using fixed precision arithmetic such as floating point, they can produce incorrect answers; when they are implemented using arbitrary-precision arithmetic, they are expensive to compute. We present adaptive-precision algorithms for finding the signs of determinants of matrices with integer and rational elements. These algorithms were developed and tested by integrating them into the Guibas-Stolfi Delaunay triangulation algorithm. Through a combination of algorithm design and careful engineering of the implementation, the resulting program can triangulate a set of random rational points in the unit circle only four to five times slower than can a floating-point implementation of the algorithm. The algorithms, engineering process, and software tools developed are described.",openalex,llm,0.960,unreviewed,,doi:10.1145/99902.99905
discarded,The accelerated integer GCD algorithm,Kenneth Weber,1995,ACM Transactions on Mathematical Software,10.1145/200979.201042,https://openalex.org/W2136714656,adjacent-subtopic,"Since the greatest common divisor (GCD) of two integers is a basic arithmetic operation used in many mathematical software systems, new algorithms for its computation are of widespread interest. The accelerated integer GCD algorithm discussed here is based on a reduction step proposed by Sorenson ( k -ary reduction), coupled with the dmod operation similar to Norton's smod. Some practical limitations of Sorenson's reduction have been eliminated. Worst-case complexity is still O (n 2 ) for n -bit input, but actual implementations given input about 4096 bits long perform over 5.5 times as fast as the binary GCD on one computer architecture having a multiply instruction. Independent research by Jebelean points to the same conclusions.",openalex,llm,0.920,unreviewed,,doi:10.1145/200979.201042
