status,title,authors,year,venue,doi,url,tags,abstract,provider,decision_source,llm_confidence,llm_review_outcome,llm_change_direction,paper_id
discarded,On the Normalization of the Cosmic Star Formation History,Andrew Hopkins; John Francis Beacom,2006,The Astrophysical Journal,10.1086/506610,https://openalex.org/W1970058472,off-topic-false-hit,"Strong constraints on the cosmic star formation history (SFH) have recently been established using ultraviolet and far-infrared measurements, refining the results of numerous measurements over the past decade. The data show a compellingly consistent picture of the SFH out to redshift z ≈ 6, with especially tight constraints for z ≲ 1. We fit these data with simple analytical forms and derive conservative uncertainties. Since the z ≲ 1 SFH data are quite precise, we investigate the sequence of assumptions and corrections that together affect the SFH normalization to test their accuracy, both in this redshift range and beyond. As lower limits on this normalization, we consider the evolution in stellar and metal mass densities, and supernova rate density, finding it unlikely that the SFH normalization is much lower than indicated by our direct fit. As a corresponding upper limit on the SFH normalization, we consider the Super-Kamiokande limit on the electron antineutrino ( e ) flux from past core-collapse supernovae, which applies primarily to z ≲ 1. We find consistency with the SFH only if the neutrino temperatures from supernova events are relatively modest. Constraints on the assumed initial mass function (IMF) also become apparent. The traditional Salpeter IMF, assumed for convenience by many authors, is known to be a poor representation at low stellar masses (≲1 M ☉ ), and we show that recently favored IMFs are also constrained. In particular, somewhat shallow, or top-heavy, IMFs may be preferred, although they cannot be too top-heavy. To resolve the outstanding issues, improved data are called for on the supernova rate density evolution, the ranges of stellar masses leading to core-collapse and type Ia supernovae, and the antineutrino and neutrino backgrounds from core-collapse supernovae.",openalex,llm,1.000,unreviewed,,doi:10.1086/506610
discarded,Minimap2: pairwise alignment for nucleotide sequences,Heng Li,2018,Bioinformatics,10.1093/bioinformatics/bty191,https://openalex.org/W2789843538,off-topic-false-hit,"Motivation: Recent advances in sequencing technologies promise ultra-long reads of ∼100 kb in average, full-length mRNA or cDNA reads in high throughput and genomic contigs over 100 Mb in length. Existing alignment programs are unable or inefficient to process such data at scale, which presses for the development of new alignment algorithms. Results: Minimap2 is a general-purpose alignment program to map DNA or long mRNA sequences against a large reference database. It works with accurate short reads of ≥100 bp in length, ≥1 kb genomic reads at error rate ∼15%, full-length noisy Direct RNA or cDNA reads and assembly contigs or closely related full chromosomes of hundreds of megabases in length. Minimap2 does split-read alignment, employs concave gap cost for long insertions and deletions and introduces new heuristics to reduce spurious alignments. It is 3-4 times as fast as mainstream short-read mappers at comparable accuracy, and is ≥30 times faster than long-read genomic or cDNA mappers at higher accuracy, surpassing most aligners specialized in one type of alignment. Availability and implementation: https://github.com/lh3/minimap2. Supplementary information: Supplementary data are available at Bioinformatics online.",openalex,llm,1.000,unreviewed,,doi:10.1093/bioinformatics/bty191
discarded,Global mapping functions for the atmosphere delay at radio wavelengths,Arthur E. Niell,1996,Journal of Geophysical Research Atmospheres,10.1029/95jb03048,https://openalex.org/W1984123740,off-topic-false-hit,"I have developed expressions for calculating the ratios (mapping functions) of the “line of sight” hydrostatic and wet atmospheric path delays to their corresponding zenith delays at radio wavelengths for elevation angles down to 3°. The coefficients of the continued fraction representation of the hydrostatic mapping function depend on the latitude and height above sea level of the observing site and on the day of the year; the dependence of the wet mapping function is only on the site latitude. By comparing with mapping functions calculated from radiosonde profiles for sites at latitudes between 43°S and 75°N, the hydrostatic mapping function is seen to be more accurate than, and of comparable precision to, mapping functions currently in use, which are parameterized in terms of local surface meteorology. When the new mapping functions are used in the analysis of geodetic very long baseline interferometry (VLBI) data, the estimated lengths of baselines up to 10,400 km long change by less than 5 mm as the minimum elevation of included data is reduced from 12° to 3°. The independence of the new mapping functions from surface meteorology, while having comparable accuracy and precision to those that require such input, makes them particularly valuable for those situations where surface meteorology data are not available.",openalex,llm,0.990,unreviewed,,doi:10.1029/95jb03048
discarded,The cost of a cloud,Albert G. Greenberg; James Russell Hamilton; David A. Maltz; Parveen Patel,2008,ACM SIGCOMM Computer Communication Review,10.1145/1496091.1496103,https://openalex.org/W2169466806,adjacent-subtopic,"The data centers used to create cloud services represent a significant investment in capital outlay and ongoing costs. Accordingly, we first examine the costs of cloud service data centers today. The cost breakdown reveals the importance of optimizing work completed per dollar invested. Unfortunately, the resources inside the data centers often operate at low utilization due to resource stranding and fragmentation. To attack this first problem, we propose (1) increasing network agility, and (2) providing appropriate incentives to shape resource consumption. Second, we note that cloud service providers are building out geo-distributed networks of data centers. Geo-diversity lowers latency to users and increases reliability in the presence of an outage taking out an entire site. However, without appropriate design and management, these geo-diverse data center networks can raise the cost of providing service. Moreover, leveraging geo-diversity requires services be designed to benefit from it. To attack this problem, we propose (1) joint optimization of network and data center resources, and (2) new systems and mechanisms for geo-distributing state.",openalex,llm,0.990,unreviewed,,doi:10.1145/1496091.1496103
discarded,Routing in a delay tolerant network,Sushant Jain; Kevin Fall; Rabin K. Patra,2004,,10.1145/1015467.1015484,https://openalex.org/W2162076967,adjacent-subtopic,"We formulate the delay-tolerant networking routing problem, where messages are to be moved end-to-end across a connectivity graph that is time-varying but whose dynamics may be known in advance. The problem has the added constraints of finite buffers at each node and the general property that no contemporaneous end-to-end path may ever exist. This situation limits the applicability of traditional routing approaches that tend to treat outages as failures and seek to find an existing end-to-end path. We propose a framework for evaluating routing algorithms in such environments. We then develop several algorithms and use simulations to compare their performance with respect to the amount of knowledge they require about network topology. We find that, as expected, the algorithms using the least knowledge tend to perform poorly. We also find that with limited additional knowledge, far less than complete global knowledge, efficient algorithms can be constructed for routing in such environments. To the best of our knowledge this is the first such investigation of routing issues in DTNs.",openalex,llm,0.990,unreviewed,,doi:10.1145/1015467.1015484
discarded,Matching as Nonparametric Preprocessing for Reducing Model Dependence in Parametric Causal Inference,Daniel E. Ho; Kosuke Imai; Gary King; Elizabeth A. Stuart,2007,Political Analysis,10.1093/pan/mpl013,https://openalex.org/W2139577967,off-topic-false-hit,"Although published works rarely include causal estimates from more than a few model specifications, authors usually choose the presented estimates from numerous trial runs readers never see. Given the often large variation in estimates across choices of control variables, functional forms, and other modeling assumptions, how can researchers ensure that the few estimates presented are accurate or representative? How do readers know that publications are not merely demonstrations that it is possible to find a specification that fits the author's favorite hypothesis? And how do we evaluate or even define statistical properties like unbiasedness or mean squared error when no unique model or estimator even exists? Matching methods, which offer the promise of causal inference with fewer assumptions, constitute one possible way forward, but crucial results in this fast-growing methodological literature are often grossly misinterpreted. We explain how to avoid these misinterpretations and propose a unified approach that makes it possible for researchers to preprocess data with matching (such as with the easy-to-use software we offer) and then to apply the best parametric techniques they would have used anyway. This procedure makes parametric models produce more accurate and considerably less model-dependent causal inferences.",openalex,llm,0.980,unreviewed,,doi:10.1093/pan/mpl013
discarded,The Effect of Cardiac Resynchronization on Morbidity and Mortality in Heart Failure,John G.F. Cleland; Jean‐Claude Daubert; Erland Erdmann; Nick Freemantle; Daniel Gras; LUKAS J. KAPPENBERGER; Luigi Tavazzi,2005,New England Journal of Medicine,10.1056/nejmoa050496,https://openalex.org/W2035667813,off-topic-false-hit,"BACKGROUND: Cardiac resynchronization reduces symptoms and improves left ventricular function in many patients with heart failure due to left ventricular systolic dysfunction and cardiac dyssynchrony. We evaluated its effects on morbidity and mortality. METHODS: Patients with New York Heart Association class III or IV heart failure due to left ventricular systolic dysfunction and cardiac dyssynchrony who were receiving standard pharmacologic therapy were randomly assigned to receive medical therapy alone or with cardiac resynchronization. The primary end point was the time to death from any cause or an unplanned hospitalization for a major cardiovascular event. The principal secondary end point was death from any cause. RESULTS: A total of 813 patients were enrolled and followed for a mean of 29.4 months. The primary end point was reached by 159 patients in the cardiac-resynchronization group, as compared with 224 patients in the medical-therapy group (39 percent vs. 55 percent; hazard ratio, 0.63; 95 percent confidence interval, 0.51 to 0.77; P<0.001). There were 82 deaths in the cardiac-resynchronization group, as compared with 120 in the medical-therapy group (20 percent vs. 30 percent; hazard ratio 0.64; 95 percent confidence interval, 0.48 to 0.85; P<0.002). As compared with medical therapy, cardiac resynchronization reduced the interventricular mechanical delay, the end-systolic volume index, and the area of the mitral regurgitant jet; increased the left ventricular ejection fraction; and improved symptoms and the quality of life (P<0.01 for all comparisons). CONCLUSIONS: In patients with heart failure and cardiac dyssynchrony, cardiac resynchronization improves symptoms and the quality of life and reduces complications and the risk of death. These benefits are in addition to those afforded by standard pharmacologic therapy. The implantation of a cardiac-resynchronization device should routinely be considered in such patients.",openalex,llm,1.000,unreviewed,,doi:10.1056/nejmoa050496
discarded,Second-generation PLINK: rising to the challenge of larger and richer datasets,Christopher C. Chang; Carson C. Chow; Laurent C. A. M. Tellier; Shashaank Vattikuti; Shaun Purcell; James J. Lee,2015,GigaScience,10.1186/s13742-015-0047-8,https://openalex.org/W2099085143,adjacent-subtopic,"BACKGROUND: PLINK 1 is a widely used open-source C/C++ toolset for genome-wide association studies (GWAS) and research in population genetics. However, the steady accumulation of data from imputation and whole-genome sequencing studies has exposed a strong need for faster and scalable implementations of key functions, such as logistic regression, linkage disequilibrium estimation, and genomic distance evaluation. In addition, GWAS and population-genetic data now frequently contain genotype likelihoods, phase information, and/or multiallelic variants, none of which can be represented by PLINK 1's primary data format. FINDINGS: To address these issues, we are developing a second-generation codebase for PLINK. The first major release from this codebase, PLINK 1.9, introduces extensive use of bit-level parallelism, [Formula: see text]-time/constant-space Hardy-Weinberg equilibrium and Fisher's exact tests, and many other algorithmic improvements. In combination, these changes accelerate most operations by 1-4 orders of magnitude, and allow the program to handle datasets too large to fit in RAM. We have also developed an extension to the data format which adds low-overhead support for genotype likelihoods, phase, multiallelic variants, and reference vs. alternate alleles, which is the basis of our planned second release (PLINK 2.0). CONCLUSIONS: The second-generation versions of PLINK will offer dramatic improvements in performance and compatibility. For the first time, users without access to high-end computing resources can perform several essential analyses of the feature-rich and very large genetic datasets coming into use.",openalex,llm,0.990,unreviewed,,doi:10.1186/s13742-015-0047-8
discarded,The Potential to Narrow Uncertainty in Regional Climate Predictions,Ed Hawkins; Rowan T Sutton,2009,Bulletin of the American Meteorological Society,10.1175/2009bams2607.1,https://openalex.org/W1996653992,off-topic-false-hit,"Faced by the realities of a changing climate, decision makers in a wide variety of organizations are increasingly seeking quantitative predictions of regional and local climate. An important issue for these decision makers, and for organizations that fund climate research, is what is the potential for climate science to deliver improvements—especially reductions in uncertainty—in such predictions? Uncertainty in climate predictions arises from three distinct sources: internal variability, model uncertainty, and scenario uncertainty. Using data from a suite of climate models, we separate and quantify these sources. For predictions of changes in surface air temperature on decadal timescales and regional spatial scales, we show that uncertainty for the next few decades is dominated by sources (model uncertainty and internal variability) that are potentially reducible through progress in climate science. Furthermore, we find that model uncertainty is of greater importance than internal variability. Our findings have implications for managing adaptation to a changing climate. Because the costs of adaptation are very large, and greater uncertainty about future climate is likely to be associated with more expensive adaptation, reducing uncertainty in climate predictions is potentially of enormous economic value. We highlight the need for much more work to compare (a) the cost of various degrees of adaptation, given current levels of uncertainty and (b) the cost of new investments in climate science to reduce current levels of uncertainty. Our study also highlights the importance of targeting climate science investments on the most promising opportunities to reduce prediction uncertainty.",openalex,llm,1.000,unreviewed,,doi:10.1175/2009bams2607.1
discarded,"Chemicals from lignin: an interplay of lignocellulose fractionation, depolymerisation, and upgrading",Wouter Schutyser; Tom Renders; Sander Van den Bosch; S.-F. Koelewijn; Gregg T. Beckham; Bert F. Sels,2018,Chemical Society Reviews,10.1039/c7cs00566k,https://openalex.org/W2782590469,off-topic-false-hit,"In pursuit of more sustainable and competitive biorefineries, the effective valorisation of lignin is key. An alluring opportunity is the exploitation of lignin as a resource for chemicals. Three technological biorefinery aspects will determine the realisation of a successful lignin-to-chemicals valorisation chain, namely (i) lignocellulose fractionation, (ii) lignin depolymerisation, and (iii) upgrading towards targeted chemicals. This review provides a summary and perspective of the extensive research that has been devoted to each of these three interconnected biorefinery aspects, ranging from industrially well-established techniques to the latest cutting edge innovations. To navigate the reader through the overwhelming collection of literature on each topic, distinct strategies/topics were delineated and summarised in comprehensive overview figures. Upon closer inspection, conceptual principles arise that rationalise the success of certain methodologies, and more importantly, can guide future research to further expand the portfolio of promising technologies. When targeting chemicals, a key objective during the fractionation and depolymerisation stage is to minimise lignin condensation (i.e. formation of resistive carbon-carbon linkages). During fractionation, this can be achieved by either (i) preserving the (native) lignin structure or (ii) by tolerating depolymerisation of the lignin polymer but preventing condensation through chemical quenching or physical removal of reactive intermediates. The latter strategy is also commonly applied in the lignin depolymerisation stage, while an alternative approach is to augment the relative rate of depolymerisation vs. condensation by enhancing the reactivity of the lignin structure towards depolymerisation. Finally, because depolymerised lignins often consist of a complex mixture of various compounds, upgrading of the raw product mixture through convergent transformations embodies a promising approach to decrease the complexity. This particular upgrading approach is termed funneling, and includes both chemocatalytic and biological strategies.",openalex,llm,0.990,unreviewed,,doi:10.1039/c7cs00566k
discarded,Tightening Environmental Standards: The Benefit-Cost or the No-Cost Paradigm?,Karen Palmer; Wallace E. Oates; Paul R. Portney,1995,The Journal of Economic Perspectives,10.1257/jep.9.4.119,https://openalex.org/W2146006314,off-topic-false-hit,"This paper takes issue with the Porter-van der Linde claim that traditional benefit-cost analysis is a fundamental misrepresentation of the environmental problem. They contend that stringent environmental measures induce innovative efforts leading to improvements in abatement and production technologies that offset the costs of the regulations. Drawing both on basic economic theory and existing data on control costs, the authors argue that such offsets are special cases. The data indicate offsets are minuscule relative to control costs. There is no free lunch here: environmental programs must justify their costs by the benefits that improved environmental quality provides to society.",openalex,llm,0.990,unreviewed,,doi:10.1257/jep.9.4.119
discarded,"GROMACS 4: Algorithms for Highly Efficient, Load-Balanced, and Scalable Molecular Simulation",Berk Hess; Carsten Kutzner; David van der Spoel; Erik R. Lindahl,2008,Journal of Chemical Theory and Computation,10.1021/ct700301q,https://openalex.org/W1966078827,adjacent-subtopic,"Molecular simulation is an extremely useful, but computationally very expensive tool for studies of chemical and biomolecular systems. Here, we present a new implementation of our molecular simulation toolkit GROMACS which now both achieves extremely high performance on single processors from algorithmic optimizations and hand-coded routines and simultaneously scales very well on parallel machines. The code encompasses a minimal-communication domain decomposition algorithm, full dynamic load balancing, a state-of-the-art parallel constraint solver, and efficient virtual site algorithms that allow removal of hydrogen atom degrees of freedom to enable integration time steps up to 5 fs for atomistic simulations also in parallel. To improve the scaling properties of the common particle mesh Ewald electrostatics algorithms, we have in addition used a Multiple-Program, Multiple-Data approach, with separate node domains responsible for direct and reciprocal space interactions. Not only does this combination of algorithms enable extremely long simulations of large systems but also it provides that simulation performance on quite modest numbers of standard cluster nodes.",openalex,llm,0.980,unreviewed,,doi:10.1021/ct700301q
