status,title,authors,year,venue,doi,url,tags,abstract,provider,decision_source,llm_confidence,llm_review_outcome,llm_change_direction,paper_id
discarded,Selection of Cell Populations with High or Low Surface Marker Expression Using Magnetic Sorting,N. Polyakova,2023,Cells,10.3390/cells12091286,https://www.scopus.com/inward/record.uri?partnerID=HzOxMe3b&scp=85159186684&origin=inward,off-topic-false-hit,"Magnetic cell sorting technology stands out because of its speed, simplicity, and ability to process large cell numbers. However, it also suffers from a number of drawbacks, in particular low discrimination power, which results in all-or-none selection outcomes limited to a bulk separation of cell populations into positive and negative fractions, as well as the modest purity of the selected cells and the inability to select subpopulations of cells with high expression of a surface marker. In the present study, we developed a simple solution to this problem and confirmed the effectiveness of this approach by multiple experiments with the magnetic selection of transduced cell populations. Murine NIH 3T3 cells were transduced with the bicistronic retroviral vector constructs co-expressing fluorescent reporter proteins EGFP (enhanced green fluorescent protein) or DsRed-Express 2 and LNGFR (low-affinity nerve growth factor receptor) as surface selection markers. The effects of the magnetic selection of transduced cells with anti-LNGFR Micro Bead (MB) doses ranging from 0.5 to 80 µL have been assessed. Low doses of MBs favored the depletion of weakly positive cells from the population, resulting in the higher expression levels of EGFP or DsRed-Express2 reporters in the selected cell fractions. Low MB doses also contributed to the increased purity of the selected population, even for samples with a low initial percentage of positive cells. At the same time, high MB doses resulted in the increased yield and a more faithful representation of the original expression profiles following selection. We further demonstrate that for populations with fairly narrow distribution of expression levels, it is possible to achieve separation into high- and low-expressing subsets using the two-stage selection scheme based on the sequential use of low and high doses of MBs. For populations with broad expression distribution, a one-stage selection with low or high doses of MBs is sufficient for a clear separation of low- and high-expressing subsets in the column-retained and flow-through fractions, respectively. This study substantially extends the potential of magnetic cell sorting, and may open new possibilities in a number of biomedical applications.",scopus,llm,1.000,unreviewed,,doi:10.3390/cells12091286
discarded,"Correction: Mapping membrane lipids in the developing and adult mouse retina under physiological and pathological conditions using mass spectrometry (Journal of Biological Chemistry (2021) 296, (S0021925821000727), (10.1016/j.jbc.2021.100303))",F. Hamano,2022,Journal of Biological Chemistry,10.1016/j.jbc.2022.102427,https://www.scopus.com/inward/record.uri?partnerID=HzOxMe3b&scp=85137076199&origin=inward,off-topic-false-hit,"The authors provided three corrections for the Supporting information of their article.•The author list in the Supporting information file should be the same as in the main text and should read as follows.Fumie Hamano, Hiroshi Kuribayashi, Toshiro Iwagawa, Asano Tsuhako, Katsuyuki Nagata, Hiroshi Sagara, Takao Shimizu, Hideo Shindou, and Sumiko Watanabe.•In the original version of Fig. S4 the authors forgot to remove one data set which is not relevant to the text.•In the experiments presented on Fig. S4 p-values were calculated by the Student’s t-test.The authors state these corrections do not affect the results and conclusions of the paper.The correct Fig. S4 is provided below and the correct Fig. S4 legend should read as follows. The authors provided three corrections for the Supporting information of their article.•The author list in the Supporting information file should be the same as in the main text and should read as follows.Fumie Hamano, Hiroshi Kuribayashi, Toshiro Iwagawa, Asano Tsuhako, Katsuyuki Nagata, Hiroshi Sagara, Takao Shimizu, Hideo Shindou, and Sumiko Watanabe.•In the original version of Fig. S4 the authors forgot to remove one data set which is not relevant to the text.•In the experiments presented on Fig. S4 p-values were calculated by the Student’s t-test. The authors state these corrections do not affect the results and conclusions of the paper. The correct Fig. S4 is provided below and the correct Fig. S4 legend should read as follows. Mapping membrane lipids in the developing and adult mouse retina under physiological and pathological conditions using mass spectrometryJournal of Biological ChemistryVol. 296PreviewMembrane phospholipids play pivotal roles in various cellular processes, and their levels are tightly regulated. In the retina, phospholipids had been scrutinized because of their distinct composition and requirement in visual transduction. However, how lipid composition changes during retinal development remains unclear. Here, we used liquid chromatography–mass spectrometry (LC-MS) to assess the dynamic changes in the levels of two main glycerophospholipids, phosphatidylcholine (PC) and phosphatidylethanolamine (PE), in the developing mouse retina under physiological and pathological conditions. Full-Text PDF Open Access",scopus,llm,1.000,unreviewed,,doi:10.1016/j.jbc.2022.102427
discarded,Preliminaries and General Notation,D.J. Grynkiewicz,2022,Lecture Notes in Mathematics,10.1007/978-3-031-14869-9_2,https://www.scopus.com/inward/record.uri?partnerID=HzOxMe3b&scp=85140969559&origin=inward,adjacent-subtopic,,scopus,llm,0.760,unreviewed,,doi:10.1007/978-3-031-14869-9_2
discarded,Erratum: Isolation of Mouse Megakaryocyte Progenitors,,2021,Journal of Visualized Experiments Jove,10.3791/6472,https://www.scopus.com/inward/record.uri?partnerID=HzOxMe3b&scp=85112863161&origin=inward,off-topic-false-hit,"An erratum was issued for: Isolation of Mouse Megakaryocyte Progenitors. A figure was updated. Figure 2 was updated from: Figure 2: Magnetic depletion of lineage committed (Lin) cells. (A) Schematic representation of the magnetic depletion protocol. First, unsorted bone marrow cells are labeled with the biotin-conjugated rat anti-mouse antibody cocktail. Cells are then incubated with anti-rat Ig coated magnetic beads and subsequently subjected to the magnetic depletion using a strong magnet. The magnet will retain the labeled magnetic Lin+ fraction against the tube walls, while the unlabeled non-magnetic Lin- negative fraction will be collected in a new tube. (B) Lineage committed cells can be identified using fluorescent conjugated streptavidin. Typical analysis of the lineage expression in cells prior to magnetic depletion (total bone marrow) and after magnetic depletion (Lin- Fraction) N = 21. Please click here to view a larger version of this figure. to: Figure 2: Magnetic depletion of lineage committed (Lin) cells. (A) Schematic representation of the magnetic depletion protocol. First, unsorted bone marrow cells are labeled with the biotin-conjugated rat anti-mouse antibody cocktail. Cells are then incubated with anti-rat Ig coated magnetic beads and subsequently subjected to the magnetic depletion using a strong magnet. The magnet will retain the labeled magnetic Lin+ fraction against the tube walls, while the unlabeled non-magnetic Lin- negative fraction will be collected in a new tube. (B) Lineage committed cells can be identified using fluorescent conjugated streptavidin. Typical analysis of the lineage expression in cells prior to magnetic depletion (total bone marrow) and after magnetic depletion (Lin- Fraction) N = 21. Please click here to view a larger version of this figure.",scopus,llm,1.000,unreviewed,,doi:10.3791/6472
discarded,Representing rational numbers and divergent geometric series by binary graphs,E. Dmitrieff,2021,Bled Workshops in Physics,,https://www.scopus.com/inward/record.uri?partnerID=HzOxMe3b&scp=85136252345&origin=inward,"supports-claim; adjacent-subtopic; number theory or algebra: representation of numbers or group elements, no equality-testing claim for a data type",,scopus,llm_reviewed,0.620,changed,kept->discarded,hash:327281cfd318dd31
discarded,Inductive Sequences of Toeplitz Algebras and Limit Automorphisms,R.N. Gumerov,2020,Lobachevskii Journal of Mathematics,10.1134/S1995080220040125,https://www.scopus.com/inward/record.uri?partnerID=HzOxMe3b&scp=85088642558&origin=inward,off-topic-false-hit,"The note is concerned with inductive sequences of Toeplitz algebras. The Toeplitz algebra is the $$C^{*}$$ -subalgebra in the algebra of all bounded linear operators. This subalgebra is generated by the right shift operator on the Hilbert space of all square summable complex-valued functions defined on the additive semigroup of non-negative integers. We study the inductive sequences of Toeplitz algebras whose bonding $$\ast$$ -homomorphisms are defined by arbitrary sequences of natural numbers. The inductive limits of such sequences are the reduced semigroup $$C^{*}$$ -algebras generated by representations for semigroups of non-negative rational numbers. We consider the limit $$\ast$$ -endomorphisms of these inductive limits. Such an endomorphism is induced by a morphism between two copies of the same inductive sequence of Toeplitz algebras. We give the necessary and sufficient conditions for these endomorphisms to be $$\ast$$ -automorphisms of $$C^{*}$$ -algebras. These criteria are formulated in algebraic, number-theoretical and functional terms.",scopus,llm,0.980,unreviewed,,doi:10.1134/s1995080220040125
discarded,Learning to “See” Less Than Nothing: Putting Perceptual Skills to Work for Learning Numerical Structure,J.M. Tsang,2015,Cognition and Instruction,10.1080/07370008.2015.1038539,https://www.scopus.com/inward/record.uri?partnerID=HzOxMe3b&scp=84929879652&origin=inward,supports-claim; adjacent-subtopic; negative numbers in mathematics education; no abstract or no sign-placement content,"How can children's natural perceptuo-motor skills be harnessed for teaching and learning mathematical structure? We address this question in the case of the integers. Existing research suggests that adult mental representations of integers recruit perceptuo-motor functionalities involving symmetry. Building on these findings, we designed a hands-on curriculum that emphasizes symmetry to teach integer concepts to fourth graders. Compared to two control conditions, children who went through the experimental curriculum showed evidence of incorporating symmetry into their mental representations of integers and performed higher on problems beyond the scope of instruction, including negative fractions and algebra-readiness problems. Gains did not come at the expense of basic integer computation skill. This study has direct practical implications, as current integers curricula generally omit symmetry. The research demonstrates an approach to designing instruction that involves identifying perceptuo-motor functionalities underlying numerical cognition and creating learning activities to recruit them.",scopus,llm_reviewed,0.860,changed,kept->discarded,doi:10.1080/07370008.2015.1038539
discarded,Chest reporting by radiographers: Findings of an accredited postgraduate programme,K. Piper,2014,Radiography,10.1016/j.radi.2014.01.003,https://www.scopus.com/inward/record.uri?partnerID=HzOxMe3b&scp=84898598839&origin=inward,off-topic-false-hit,"Aim: To analyse the objective structured examination (OSE) results of the first six cohorts of radiographers (n = 40) who successfully completed an accredited postgraduate programme in clinical reporting of adult chest radiographs.

Methods: One hundred chest radiographs were used in the OSE which included a range of abnormal cases (prevalence of abnormal examinations approximated 50%) and included: cardiac, pulmonary, pleural, interstitial, inflammatory, neoplastic and traumatic appearances on patients referred from a range of referral sources. Normal variants and incidental findings were also included. True/false positive and negative fractions were used to mark the responses which were also scored for agreement with the previously agreed expected answers based on agreement between three consultant radiologists' reports.

Results: Mean sensitivity and specificity rates, for all six cohorts (4000 reports), was 95.4% (95% CI 94.4%-96.3%) and 95.9% (95% CI 94.9%-96.7%), respectively. The mean agreement rate was 89% (95% CI 88.0%-89.0%) and the most common errors were related to heart size, hilar enlargement or pleural effusion (false positive); and skeletal appearances or pneumothoraces (false negative).

Conclusions: These OSE results suggest therefore that in an academic setting, and following an accredited postgraduate education programme, this group of radiographers has the ability to correctly identify normal chest radiographs and are able to provide a report on the abnormal appearances to a high standard. Further work is required to confirm the clinical application of these findings. Crown Copyright (C) 2014 Published by Elsevier Ltd on behalf of The College of Radiographers. All rights reserved.",scopus,llm,1.000,unreviewed,,doi:10.1016/j.radi.2014.01.003
discarded,Locating negative decimals on the number line: Insights into the thinking of pre-service primary teachers,W. Widjaja,2011,Journal of Mathematical Behavior,10.1016/j.jmathb.2010.11.004,https://www.scopus.com/inward/record.uri?partnerID=HzOxMe3b&scp=79951767503&origin=inward,adjacent-subtopic,"This paper explores misconceptions of the number line which are revealed when preservice primary teachers locate negative decimals on a number line. Written test responses from 94 pre-service primary teachers provide an initial data source which is supplemented by group responses to worksheets completed during a lesson and individual interviews. Two main misconceptions leading to incorrect placement of negative decimals on a number line are identified. One relates to having separate number 'rays' for positive and negative numbers, which are aligned according to context. The other (with several variations) results from creating the negative part of the number line by amalgamating translated positive intervals. These misconceptions explain a large percentage of wrong answers. The most important implication for education at school, as well as in teacher education, is that the teaching of negative numbers and of the number line must not be confined to integers, as is frequently the case, but must also include negative fractions and decimals. (C) 2010 Elsevier Inc. All rights reserved.",scopus,llm,0.950,unreviewed,,doi:10.1016/j.jmathb.2010.11.004
discarded,On a sequence related to that of Thue-Morse and its applications,A. Dubickas,2007,Discrete Mathematics,10.1016/j.disc.2006.08.001,https://www.scopus.com/inward/record.uri?partnerID=HzOxMe3b&scp=33846781377&origin=inward,off-topic-false-hit,"It is known that the sequence 1, 2, 1, 1, 2, 2, 2, 1, 1, 2, 1, 1, 2, 1, 1, 2, 2,... of lengths of blocks of identical symbols in the Thue-Morse sequence has several extremal properties among all non-periodic sequences of the symbols 1 and 2. Its generating function W(x) is equal to Pi(infinity)(k=1) (1 + x((2k +(-1)k-1))/3). In terms of combinatorics on words, for any given X is an element of (0, 1) and epsilon > 0, we prove that every non-periodic word of an alphabet {1, 2} has a suffix s whose generating function S(x) satisfies the inequality xS(-x) > 1 - W(-x) -epsilon. Using this, we prove several bounds for the largest and the smallest limit points of the sequence of fractional parts {xi b(n)}, n = 0, 1, 2,..., where b < -1 is a negative rational number and is a real number. Our results show, for example, that, for any real number xi not equal 0 the sequence of fractional parts {xi(-3/2)(n)}, n = 0, 1, 2,..., has a limit point greater than 0.466452. Furthermore, for each integer b <= -2 and each real number xi is not an element of Q we prove that lim inf(n ->infinity) {xi b(n)}<=Pi(infinity)(k=1)(1-vertical bar b vertical bar-((2k+(-1)k-1) /3)) and show that this inequality is sharp. (c) 2006 Elsevier B.V. All rights reserved.",scopus,llm,0.990,unreviewed,,doi:10.1016/j.disc.2006.08.001
discarded,Closer representation and reasoning,M. Sheremet,2005,Ceur Workshop Proceedings,,https://www.scopus.com/inward/record.uri?partnerID=HzOxMe3b&scp=84872969979&origin=inward,adjacent-subtopic,,scopus,llm,0.720,unreviewed,,hash:4d56ffd9de6b4eef
discarded,"Decision making differences: novices, experts and a neural network",D. Manning,2000,Proceedings of SPIE the International Society for Optical Engineering,,https://www.scopus.com/inward/record.uri?partnerID=HzOxMe3b&scp=0033732830&origin=inward,off-topic-false-hit,,scopus,llm,0.980,unreviewed,,hash:2b89715073db773f
discarded,Prophylactic Implantation of a Defibrillator in Patients with Myocardial Infarction and Reduced Ejection Fraction,Arthur J. Moss; Wojciech Zaręba; William Jackson Hall; Helmut Klein; David J. Wilber; David S. Cannom; James P. Daubert; Steven L. Higgins; Mary W. Brown; Mark L. Andrews,2002,New England Journal of Medicine,10.1056/nejmoa013474,https://openalex.org/W2012574332,off-topic-false-hit,"BACKGROUND: Patients with reduced left ventricular function after myocardial infarction are at risk for life-threatening ventricular arrhythmias. This randomized trial was designed to evaluate the effect of an implantable defibrillator on survival in such patients. METHODS: Over the course of four years, we enrolled 1232 patients with a prior myocardial infarction and a left ventricular ejection fraction of 0.30 or less. Patients were randomly assigned in a 3:2 ratio to receive an implantable defibrillator (742 patients) or conventional medical therapy (490 patients). Invasive electrophysiological testing for risk stratification was not required. Death from any cause was the end point. RESULTS: The clinical characteristics at base line and the prevalence of medication use at the time of the last follow-up visit were similar in the two treatment groups. During an average follow-up of 20 months, the mortality rates were 19.8 percent in the conventional-therapy group and 14.2 percent in the defibrillator group. The hazard ratio for the risk of death from any cause in the defibrillator group as compared with the conventional-therapy group was 0.69 (95 percent confidence interval, 0.51 to 0.93; P=0.016). The effect of defibrillator therapy on survival was similar in subgroup analyses stratified according to age, sex, ejection fraction, New York Heart Association class, and the QRS interval. CONCLUSIONS: In patients with a prior myocardial infarction and advanced left ventricular dysfunction, prophylactic implantation of a defibrillator improves survival and should be considered as a recommended therapy.",openalex,llm,1.000,unreviewed,,doi:10.1056/nejmoa013474
discarded,ImageNet classification with deep convolutional neural networks,Alex Krizhevsky; Ilya Sutskever; Geoffrey E. Hinton,2017,Communications of the ACM,10.1145/3065386,https://openalex.org/W2163605009,adjacent-subtopic,"We trained a large, deep convolutional neural network to classify the 1.2 million high-resolution images in the ImageNet LSVRC-2010 contest into the 1000 different classes. On the test data, we achieved top-1 and top-5 error rates of 37.5% and 17.0%, respectively, which is considerably better than the previous state-of-the-art. The neural network, which has 60 million parameters and 650,000 neurons, consists of five convolutional layers, some of which are followed by max-pooling layers, and three fully connected layers with a final 1000-way softmax. To make training faster, we used non-saturating neurons and a very efficient GPU implementation of the convolution operation. To reduce overfitting in the fully connected layers we employed a recently developed regularization method called ""dropout"" that proved to be very effective. We also entered a variant of this model in the ILSVRC-2012 competition and achieved a winning top-5 test error rate of 15.3%, compared to 26.2% achieved by the second-best entry.",openalex,llm,1.000,unreviewed,,doi:10.1145/3065386
