status,title,authors,year,venue,doi,url,tags,abstract,provider,decision_source,llm_confidence,llm_review_outcome,llm_change_direction,paper_id
discarded,Methane Infrared Absorption Spectrum Denoising Filter Based on Hybrid Attention Autoencoder,"Lan, Xi; Lu, Yuting; Dong, Jiacheng; Jiang, Yicong; Du, Yuan; Guo, Ziyi; Zhu, Shouzheng; Wang, Senyuan; Li, Chunlai; Chen, Yuwei",2026,LASER & OPTOELECTRONICS PROGRESS,10.3788/LOP252616,https://www.webofscience.com/wos/woscc/full-record/WOS:001884905100018,off-topic-false-hit,"Objective Methane is both a critical greenhouse gas that significantly contributes to global climate change and a hazardous combustible gas with a low explosion threshold. Accurate and reliable detection of methane volume fraction is therefore of paramount importance for environmental governance, industrial safety, and public health protection. Among various sensing techniques, non-contact optical detection in open atmosphere based on active infrared absorption spectroscopy attracts increasing attention in industrial leak monitoring and atmospheric observation owing to its rapid temporal response, wide dynamic measurement range, and high molecular selectivity. However, in practical open-atmosphere measurement scenarios, spectral echo signals are inevitably contaminated by multiple noise sources, including detector noise, electronic noise, background radiation, and atmospheric scintillation noise induced by turbulence and refractive index fluctuations. These noise sources significantly degrade the signal-to-noise ratio (SNR) of the acquired spectra and severely limit detection sensitivity. Although hardware-based optimization can partially suppress noise, it is often accompanied by increased system cost and complexity. As a result, advanced signal processing and denoising algorithms are cost-effective and indispensable methods for improving methane detection performance. Traditional spectral denoising methods rely heavily on predefined assumptions about noise statistics and spectral characteristics. As a consequence, they exhibit limited adaptability to complex and temporally varying noise environments and often lead to insufficient noise suppression or distortion of weak absorption features. Recently, supervised deep learning-based denoising methods demonstrate promising performance. However, these methods depend strongly on large-scale paired datasets consisting of noisy measurements and clean reference spectra. In practical outdoor measurements, truly clean reference spectra are generally unobtainable, which inevitably degrades model generalization and robustness. Unsupervised denoising frameworks attempt to reduce the dependence on clean references, but they are typically built upon the assumption of statistically independent noise realizations. This assumption is violated by atmospheric scintillation noise, which exhibits strong temporal correlation and structured fluctuations. Consequently, existing unsupervised methods struggle to effectively suppress such physically correlated noise. Therefore, the development of a robust, physically consistent, and unsupervised spectral denoising method tailored for non-contact methane detection in open atmosphere remains an urgent and challenging research problem. This study aims to address these problems by proposing a novel unsupervised deep learning-based denoising framework. Methods To overcome the aforementioned challenges, this paper proposes an unsupervised hybrid-attention convolutional autoencoder (HA-CAE) for methane spectral denoising. The proposed method is designed to suppress complex and temporally correlated noise while preserving weak absorption features, without relying on paired clean reference signals. The HA-CAE is constructed upon a convolutional autoencoder architecture, which encodes noisy spectral signals into a compact latent representation and subsequently reconstructs denoised spectra through a decoding process.

Unlike conventional autoencoders that rely solely on convolutional feature extraction, the proposed model integrates three complementary attention mechanisms to enhance feature learning capability from multiple perspectives. A global attention module is introduced to capture long-range dependencies and global correlations across the entire spectral sequence, enabling the network to distinguish structured signal components from distributed noise patterns. A local attention mechanism is employed to emphasize localized spectral features, allowing the model to preserve sharp absorption peaks and transient signal variations. In addition, a channel-wise attention module is incorporated to adaptively reweight spectral feature channels, highlighting informative bands associated with methane absorption while suppressing channels dominated by noise. The network is trained under an unsupervised learning paradigm using only noisy spectral measurements. Reconstruction loss is employed to encourage the network to learn noise-invariant representations by exploiting the intrinsic redundancy and structural consistency of spectral signals. This design eliminates the requirement for clean reference spectra and reduces the mismatch between algorithmic assumptions and real atmospheric noise characteristics. To validate the effectiveness of the proposed method, extensive experiments are conducted using low SNR methane spectral data acquired under laboratory conditions that emulate realistic standoff measurement environments in open atmosphere. The denoising performance of the proposed method is systematically compared with that of a conventional convolutional autoencoder and several classical filtering algorithms. Quantitative evaluation is performed using the SNR improvement metric, while qualitative analysis is carried out in both the temporal and spectral domains. Results and Discussions Experimental results demonstrate that the proposed HA-CAE significantly outperforms conventional denoising methods in both quantitative metrics and visual quality. The denoising results in the temporal domain show that the reconstructed spectral signals exhibit substantially reduced noise fluctuations while preserving the original absorption profiles. Compared with the noisy input signals, the denoised spectra show smoother baselines and clearer absorption features, indicating effective suppression of atmospheric scintillation noise and electronic noise. Comparative results in the temporal and spectral domains reveal that traditional filtering methods exhibit limited noise reduction capability and often introduce signal distortion or residual oscillations, particularly under low SNR conditions. The conventional autoencoder improves noise suppression to a certain extent but fails to adequately handle temporally correlated noise, leading to partial loss of fine spectral details. In contrast, the proposed method consistently achieves superior denoising performance across all evaluated scenarios. Quantitatively, the proposed method achieves an average SNR improvement of up to 63.19%, outperforming the conventional autoencoder by 11.65 percentage points and exceeding classical filtering methods by at least 27.42 percentage points. These results indicate that the hybrid attention mechanism plays a critical role in enhancing the network ability to discriminate between physically meaningful spectral information and complex noise components.

The improved performance in the spectral domain further confirms that the proposed method effectively suppresses broadband noise while preserving essential spectral energy distributions. Conclusions This paper presents an unsupervised HA-CAE for spectral denoising in non-contact methane detection under open-atmosphere conditions. By integrating global, local, and channel-wise attention mechanisms into a convolutional autoencoder framework, the proposed method effectively addresses the limitations of traditional filtering techniques and supervised deep learning-based methods. The proposed framework eliminates the dependence on clean reference spectra and overcomes the restrictive assumption of noise independence, making it well-suited for real atmospheric measurement environments dominated by temporally correlated scintillation noise. Experimental results demonstrate that the proposed method achieves substantial SNR improvement and superior denoising performance in both temporal and spectral domains. The proposed method provides a robust and cost-effective signal processing solution for enhancing methane detection sensitivity and reliability. This work offers a promising pathway for the application of unsupervised deep learning techniques in optical gas sensing and contributes valuable insights for the future development of intelligent environmental monitoring systems.",wos,llm,1.000,unreviewed,,doi:10.3788/lop252616
discarded,Cascading effects of insufficient seed cold stratification across early life-stages in three temperate trees: impaired phenology and reduced seedling fitness under climate warming,"Vicente, Eduardo; Garzon, Marta Benito",2026,ANNALS OF BOTANY,10.1093/aob/mcag250,https://www.webofscience.com/wos/woscc/full-record/WOS:001884844800001,off-topic-false-hit,"Background and Aims Global warming is shortening winters in temperate ecosystems, limiting cold stratification for seeds with physiological dormancy (PD). The consequences of incomplete dormancy release can cascade beyond germination, potentially affecting fitness in subsequent life-stages, yet this remains understudied in trees. Here we assess the effects of insufficient stratification on germination, leaf emergence and seedling performance in three broad-range temperate tree species. We further evaluate how reduced cold stratification under climate change may drive shifts in these traits across the species distribution.Methods We sampled six Abies alba, six Acer pseudoplatanus and four Fagus sylvatica populations across their native distribution. 10 287 seeds of the three species were sown in climatic-controlled chambers at three different temperature regimes and two stratification treatments. We assessed the success, timing and synchrony of germination and first leaf emergence. We further monitored seedling growth and biomass, as well as root and leaf mass fractions. We analysed the effects of unfulfilled stratification in response to sowing temperature and the influence of populations' climate using generalized linear mixed effect models. We projected shifts in the studied traits under a SSP5-8.5 climate change scenario accounting for reduced cold stratification across the species native distributions.Key Results Missing cold stratification delayed germination time in all species and decreased F. sylvatica germination and leaf emergence proportions. It further constrained Ab. alba and F. sylvatica seedling growth, particularly under warm temperatures, irrespective of phenological changes. Spatial projections depicted important germination phenology changes across species distributions, uphill increases of Ab. alba seedling growth, and a decrease of F. sylvatica early fitness towards its western distribution.Conclusions Cold stratification improved seedling development and their performance under warming beyond regulating germination. Unfulfilled cold stratification in a warmer climate may therefore constrain temperate tree species seed regeneration even if germination proportions or phenology remain unaffected.",wos,llm,1.000,unreviewed,,doi:10.1093/aob/mcag250
discarded,Performance evaluation of a modified cascaded m-w-shaped solar distiller integrated with staggered porous material and condensation basin,"Alghafis, Abdullah; Alrashidi, Abdullah; Alshammari, Fuhaid; Essa, Fadl A.",2026,ENERGY CONVERSION AND MANAGEMENT-X,10.1016/j.ecmx.2026.102330,https://www.webofscience.com/wos/woscc/full-record/WOS:001883430800001,off-topic-false-hit,"Freshwater scarcity represents a fundamental challenge to sustainable socio-economic development globally. Traditional basin-type conventional solar stills (CSS) offer an environmentally benign path to decentralized water security, but are typically constrained by low localized thermal efficiencies, limited evaporative surface areas, and suboptimal vapor condensation kinetics. To overcome these systemic thermodynamic constraints, this study introduces a cascaded auxiliary condensation-porous evaporation section to recover additional latent heat and enhance mass transfer. This paper presents a modified M-W-shaped solar still (MWSS) coupled with an advanced multi-stage auxiliary condensation layout. The innovative geometry incorporates a built-in W-shaped lower condensing glass profile that dual-functions as a multi-angled localized evaporating surface for an upper M-shaped condensing framework, establishing a synchronized cascaded thermal loop. To significantly amplify phase-change rates, the internal matrix incorporates five fabric-wick-wrapped vertical absorbers strategically arranged on the water section (three lower, two upper), thereby expanding the active evaporation area by 20 %. Furthermore, a fraction of concentrated basin brine is gravity-fed onto a staggered array of 21 fabric-wickcovered cylindrical porous pipes localized within a subjoined rectangular auxiliary condensation basin. Comprehensive comparative outdoor matrices reveal that the advanced modified M-W solar still (MMWSS) achieves a cumulative daily yield of 6.64 L/m2 & sdot;day, representing a substantial 120.6 % increase over the baseline CSS (3.01 L/m2 & sdot;day). MMWSS with internal vertical absorbers and the integrated auxiliary porous-material condensation basin) achieves a daily freshwater productivity of 7.68 L/m2 & sdot;day with a total distillate enhancement of 155.15 %. Thermodynamic evaluations indicate that the maximum daily thermal and exergy efficiencies for the advanced MMWSS with porous basin are 58.4 % and 5.36 %, respectively, compared with 31.2 % and 1.85 % for the CSS. Economic analyses indicate a significantly reduced cost per liter (CPL) of $0.01/L and a shorter capital payback period, while environmental life-cycle metrics demonstrate a lifetime carbon mitigation potential exceeding 42.1 tons of CO2 equivalent, validating the high viability of the proposed architecture for sustainable decentralized desalination.",wos,llm,1.000,unreviewed,,doi:10.1016/j.ecmx.2026.102330
discarded,Evaluation of gasification agent strategies for underground coal gasification in post-ECBM reservoirs: A coupled thermo-hydro-chemical numerical simulation approach,"Hu, Zhuocheng; Yao, Jun; Sun, Hai; Wang, Zijie; Li, Jinlong; Li, Longlong; An, Guoqiang; Zhao, Dali; Zhang, Lei; Sang, Qian; Yang, Yongfei; Huang, Zhaoqin; Grasselli, Giovanni",2027,FUEL,10.1016/j.fuel.2026.141226,https://www.webofscience.com/wos/woscc/full-record/WOS:001883397600001,off-topic-false-hit,"Implementing underground coal gasification (UCG) in post-ECBM reservoirs, namely coal reservoirs after CO2enhanced coalbed methane (CO2-ECBM) recovery, provides a potential pathway for residual energy recovery. However, the pre-existing CO2-rich environment alters reservoir conditions and introduces additional constraints on gasification agent selection and process control. In this study, an in-house coupled thermo-hydro-chemical (THC) simulator was developed to investigate UCG under CO2-rich post-ECBM reservoir conditions. The gasification performance of different gasification agent strategies, including pure O2 injection, CO2-O2 co-injection, and water coinjection with O2, was systematically evaluated under various injection rates, together with a simplified screeninglevel cost assessment based on the assumed cost parameters. The results demonstrate that UCG can be initiated and maintained under the investigated reservoir, operating, and kinetic conditions. During gasification, the CO2 distribution evolves dynamically with cavity development, suggesting its potential to reflect reaction-zone evolution. For pure oxygen injection, increasing the injection rate accelerates coal conversion and reduces unit gas cost, but decreases syngas lower heating value and combustible component fraction. Compared with pure oxygen injection, CO2-O2 coinjection increases residual coal mass and results in lower syngas quality and higher unit gas cost under the investigated conditions. In contrast, moderate water co-injection improves syngas quality and reduces unit energy cost at low-to-moderate oxygen injection rates by promoting steam-related gasification reactions. Among the simulated cases, an oxygen injection rate of 3 & times; 10-4 m3/s combined with a water injection rate of 3 & times; 10-6 m3/s exhibited the most favorable overall performance within the investigated parameter range. Overall, this study provides insights into the thermochemical response of UCG under post-ECBM conditions and offers a numerical basis for comparative evaluation of gasification strategies prior to experimental and engineering-scale investigations.",wos,llm,1.000,unreviewed,,doi:10.1016/j.fuel.2026.141226
discarded,"Ten questions concerning air movement as a primary cooling strategy: ""Fan-first"" cooling","Tartarini, Federico; Chong, Adrian; Cheung, Toby; Jay, Ollie; Kent, Michael G.; Li, Jiayu; Lipczynska, Aleksandra; Mahdavi, Ardeshir; Pasut, Wilmer; Popiolek, Zbigniew; Raftery, Paul; Ravanelli, Nicholas; Taber, Christian; Tham, Kwok Wai; Wilkins, Arnold J.; Schiavon, Stefano",2026,BUILDING AND ENVIRONMENT,10.1016/j.buildenv.2026.115218,https://www.webofscience.com/wos/woscc/full-record/WOS:001884277500001,off-topic-false-hit,"Conventional cooling assumes that indoor air must be both cooled and kept still. While effective for maintaining thermal comfort and protecting occupants from heat stress, this approach is highly energy-intensive and costly. Raising air speed while allowing a higher air temperature can produce the same cooling sensation as still air at a lower temperature, with all other environmental and personal factors held constant, at only a fraction of the energy demand. Here, we argue for a ""fan-first"" approach that prioritises air movement as the primary cooling mechanism, applying mechanical cooling only when necessary, across mechanically conditioned, mixed-mode, and naturally ventilated buildings. We propose ten questions addressing the benefits and challenges of this approach across thermal comfort, energy efficiency, visual comfort, and indoor air quality, synthesising current evidence and identifying critical gaps for future research. Across these questions, evidence indicates that ""fan-first"" strategies can maintain thermal comfort at indoor temperatures of 27-30 degrees C, deliver cooling-energy savings of 20-40 %, and reduce zone-level Heating, Ventilation, and Air Conditioning (HVAC) construction costs by up to 35 %, while also supporting indoor air quality through improved room-scale mixing. While ceiling fans receive the most attention given the breadth of available ev idence, the underlying principles apply to any device that elevates air speed across the body, including desk, pedestal, and portable fans. Aimed at researchers, practitioners, and policymakers, this article encourages broader adoption of air movement as a viable, sustainable cooling strategy, reducing reliance on energy-intensive mechanical systems.",wos,llm,1.000,unreviewed,,doi:10.1016/j.buildenv.2026.115218
discarded,A high-performance Si0.5Ge0.5 source vertical nanowire TFET for ultra-sensitive biosensing and high-speed comparator applications,"Bhardwaj, Anjana; Kumar, Abhishek; Swarnima; Sharma, Upasana",2026,ENGINEERING RESEARCH EXPRESS,10.1088/2631-8695/aea753,https://www.webofscience.com/wos/woscc/full-record/WOS:001883223200001,off-topic-false-hit,"In this work, a SixGe1-x source-engineered vertical nanowire tunnel field effect transistor (VNW-TFET) is proposed and systematically investigated for biosensing and circuit applications. The effect of Ge mole fraction (x = 0-0.9) is analyzed, and it is observed that the Si0.5Ge0.5 configuration exhibits optimal performance, providing a balanced trade-off between enhanced band-to-band tunneling and controlled leakage current. Based on this optimized structure, a dielectrically modulated biosensor is designed, and its performance is evaluated for different dielectric constants (k = 2.1-12). The results show that the device sensitivity increases significantly with k due to enhanced electric field and tunneling probability, achieving a maximum I-ON sensitivity of 2036 and I-ON/I-OFF sensitivity of 1.6 & times; 10(6). Further, device optimization is performed by varying key parameters such as cavity thickness (2-2.4 nm), cavity length (24-36 nm), temperature (200-400 K), and drain voltage (0.4-1.4 V). It is observed that reduced cavity thickness enhances performance, while cavity length has minimal impact, confirming that sensing is dominated by the tunneling region. The device also exhibits stable operation under temperature variations. To validate circuit-level applicability, the proposed device is modeled in Verilog-A and implemented in Cadence to design a comparator circuit. The comparator achieves a slew rate of 5 MV mu s(-1), propagation delay of 242 ps, dynamic power of 112 mW, and static power of 28.6 mu W. The proposed Si0.5Ge0.5-VNW-TFET demonstrates excellent performance in terms of sensitivity, speed, and power efficiency, making it a promising candidate for next-generation biosensing and low-power circuit applications.",wos,llm,1.000,unreviewed,,doi:10.1088/2631-8695/aea753
