status,title,authors,year,venue,doi,url,tags,abstract,provider,decision_source,llm_confidence,llm_review_outcome,llm_change_direction,paper_id
discarded,The Theory of Matrices,Felix R. Gantmacher,1984,UCLA - Biblioteca de Ciencias y Tecnologia Felix Morales Bueno,,https://openalex.org/W2128978199,supports-claim; adjacent-subtopic; matrix/system normal form in mathematics or control,"Volume 2: XI. Complex symmetric, skew-symmetric, and orthogonal matrices: 1. Some formulas for complex orthogonal and unitary matrices 2. Polar decomposition of a complex matrix 3. The normal form of a complex symmetric matrix 4. The normal form of a complex skew-symmetric matrix 5. The normal form of a complex orthogonal matrix XII. Singular pencils of matrices: 1. Introduction 2. Regular pencils of matrices 3. Singular pencils. The reduction theorem 4. The canonical form of a singular pencil of matrices 5. The minimal indices of a pencil. Criterion for strong equivalence of pencils 6. Singular pencils of quadratic forms 7. Application to differential equations XIII. Matrices with non-negative elements: 1. General properties 2. Spectral properties of irreducible non-negative matrices 3. Reducible matrices 4. The normal form of a reducible matrix 5. Primitive and imprimitive matrices 6. Stochastic matrices 7. Limiting probabilities for a homogeneous Markov chain with a finite number of states 8. Totally non-negative matrices 9. Oscillatory matrices XIV. Applications of the theory of matrices to the investigation of systems of linear differential equations: 1. Systems of linear differential equations with variable coefficients. General concepts 2. Lyapunov transformations 3. Reducible systems 4. The canonical form of a reducible system. Erugin's theorem 5. The matricant 6. The multiplicative integral. The infinitesimal calculus of Volterra 7. Differential systems in a complex domain. General properties 8. The multiplicative integral in a complex domain 9. Isolated singular points 10. Regular singularities 11. Reducible analytic systems 12. Analytic functions of several matrices and their application to the investigation of differential systems. The papers of Lappo-Danilevskii XV. The problem of Routh-Hurwitz and related questions: 1. Introduction 2. Cauchy indices 3. Routh's algorithm 4. The singular case. Examples 5. Lyapunov's theorem 6. The theorem of Routh-Hurwitz 7. Orlando's formula 8. Singular cases in the Routh-Hurwitz theorem 9. The method of quadratic forms. Determination of the number of distinct real roots of a polynomial 10. Infinite Hankel matrices of finite rank 11. Determination of the index of an arbitrary rational fraction by the coefficients of numerator and denominator 12. Another proof of the Routh-Hurwitz theorem 13. Some supplements to the Routh-Hurwitz theorem. Stability criterion of Lienard and Chipart 14. Some properties of Hurwitz polynomials. Stieltjes' theorem. Representation of Hurwitz polynomials by continued fractions 15. Domain of stability. Markov parameters 16. Connection with the problem of moments 17. Theorems of Markov and Chebyshev 18. The generalized Routh-Hurwitz problem Bibliography Index.",openalex,llm_reviewed,0.720,changed,kept->discarded,hash:64c1dfb85253da13
kept,On Canonical Forms and Simplification,Bob F. Caviness,1970,Journal of the ACM,10.1145/321574.321591,https://openalex.org/W2121112004,supports-claim; qualifies-claim; cas-equality,"This paper deals with the simplification problem of symbolic mathematics. The notion of canonical form is defined and presented as a well-defined alternative to the concept of simplified form. Following Richardson it is shown that canonical forms do not exist for sufficiently rich classes of mathematical expressions. However, with the aid of a number-theoretic conjecture, a large subclass of the negative classes is shown to possess a canonical form.",openalex,llm_reviewed,0.990,confirmed,,doi:10.1145/321574.321591
discarded,Cellular localisation of the ataxia-telangiectasia (ATM) gene product and discrimination between mutated and normal forms,Dianne J. Watters; Kum Kum Khanna; Heather J. Beamish; Geoffrey W. Birrell; Kevin J. Spring; Padmini S. Kedar; Magtouf Hnaidi Gatei; Deborah J Stenzel; Karen Hobson; Sergei Kozlov; Ning Zhang; Áine Farrell; Jonathan Ramsay; Richard A. Gatti; Martin Francis Lavin,1997,Oncogene,10.1038/sj.onc.1201037,https://openalex.org/W2030720512,off-topic-false-hit,"The recently cloned gene (ATM) mutated in the human genetic disorder ataxia-telangiectasia (A-T) is involved in DNA damage response at different cell cycle checkpoints and also appears to have a wider role in signal transduction. Antibodies prepared against peptides from the predicted protein sequence detected a similar to 350 kDa protein corresponding to the open reading frame, which was absent in 13/23 A-T homozygotes. Subcellular fractionation, immunoelectronmicroscopy and immunofluorescence showed that the ATM protein is present in the nucleus and cytoplasmic vesicles. This distribution did not change after irradiation, We also provide evidence that ATM protein binds to p53 and this association is defective in A-T cells compatible with the defective p53 response in these cells. These results provide further support for a role for the ATM protein as a sensor of DNA damage and in a more general role in cell signalling, compatible with the broader phenotype of the syndrome.",openalex,llm,1.000,unreviewed,,doi:10.1038/sj.onc.1201037
discarded,Fast Parallel Computation of Hermite and Smith Forms of Polynomial Matrices,Erich Kaltofen; Mukkai S. Krishnamoorthy; B. David Saunders,1987,SIAM Journal on Algebraic and Discrete Methods,10.1137/0608057,https://openalex.org/W1971882029,supports-claim; adjacent-subtopic; matrix/system normal form in mathematics or control,"Boolean circuits of polynomial size and polylogarithmic depth are given for computing the Hermite and Smith normal forms of polynomial matrices over finite fields and the field of rational numbers. The circuits for the Smith normal form computation are probabilistic ones and also determine very efficient sequential algorithms. Furthermore, we give a polynomial-time deterministic sequential algorithm for the Smith normal form over the rationals. The Smith normal form algorithms are applied to the rational canonical form of matrices over finite fields and the field of rational numbers.",openalex,llm_reviewed,0.880,changed,kept->discarded,doi:10.1137/0608057
discarded,Spectral Asymptotics in the Semi-Classical Limit,Mouez Dimassi; Johannes Sjöstrand,1999,Cambridge University Press eBooks,10.1017/cbo9780511662195,https://openalex.org/W1498458032,off-topic-false-hit,"Semiclassical approximation addresses the important relationship between quantum and classical mechanics. There has been a very strong development in the mathematical theory, mainly thanks to methods of microlocal analysis. This book develops the basic methods, including the WKB-method, stationary phase and h-pseudodifferential operators. The applications include results on the tunnel effect, the asymptotics of eigenvalues in relation to classical trajectories and normal forms, plus slow perturbations of periodic Schrödinger operators appearing in solid state physics. No previous specialized knowledge in quantum mechanics or microlocal analysis is assumed, and only general facts about spectral theory in Hilbert space, distributions, Fourier transforms and some differential geometry belong to the prerequisites. This book is addressed to researchers and graduate students in mathematical analysis, as well as physicists who are interested in rigorous results. A fairly large fraction can be (and has been) covered in a one semester course.",openalex,llm,0.980,unreviewed,,doi:10.1017/cbo9780511662195
discarded,Computation of matrix fraction descriptions of linear time-invariant systems,Rajni V. Patel,1981,IEEE Transactions on Automatic Control,10.1109/tac.1981.1102552,https://openalex.org/W1991925733,off-topic-false-hit,"In this paper, algorithms are presented for obtaining relatively prime matrix fraction descriptions (MFD's) of linear time-invariant systems. Orthogonal coordinate transformations are used to reduce a given state-space model to one whose state matrix is in ""block Hessenberg"" form. The observability (controllability) indexes of the system are also obtained in the process. A recursive algorithm is then described for obtaining a relatively prime MFD from the block Hessenberg representation. It is then shown that some simplification can be made in the recursive algorithm by first reducing the block Hessenberg form, by means of a nonsingular (triangular) coordinate transformation, to a more compact form, such as the ""block Frobenius"" form. A permutation of the state variables of the block Frobenius form yields a canonical representation similar to the Luenberger canonical form. Some numerical and other properties of the algorithms are discussed, and the use of the algorithms is illustrated by numerical examples. The numerical performance of the algorithms is also compared with that of the structure algorithm of Wolovich and Falb.",openalex,llm,0.980,unreviewed,,doi:10.1109/tac.1981.1102552
discarded,Canonical matrix fraction and state-space descriptions for deterministic and stochastic linear systems,B. Dickinson; T. Kailath; M. Morf,1974,IEEE Transactions on Automatic Control,10.1109/tac.1974.1100699,https://openalex.org/W2045383384,off-topic-false-hit,"Several results exposing the interrelations between state-space and frequency-domain descriptions of multivariable linear systems are presented. Three canonical forms for constant parameter autoregressive-moving average (ARMA) models for input-output relations are described and shown to corrrespond to three particular canonical forms for the state variable realization of the model. Invariant parameters for the partial realization problem are characterized. For stochastic processes, it is shown how to construct an ARMA model, driven by white noise, whose output has a specified covariance. A two-step procedure is given, based on minimal realization and Cholesky-factorization algorithms. Though the goal is an ARMA model, it proves useful to introduce an artificial state model and to employ the recently developed Chandrasekhar-type equations for state estimation. The important case of autoregressive processes is studied and it is shown how the Chandrasekhar-type equations can be used to obtain and generalize the well known Levinson-Wiggins-Robinson (LWR) recursion for estimation of stationary autoregressive processes.",openalex,llm,0.980,unreviewed,,doi:10.1109/tac.1974.1100699
discarded,Depression Babies: Do Macroeconomic Experiences Affect Risk Taking?*,Ulrike Malmendier; Stefan Nagel,2011,The Quarterly Journal of Economics,10.1093/qje/qjq004,https://openalex.org/W2156667558,off-topic-false-hit,"We investigate whether individual experiences of macroeconomic shocks affect financial risk taking, as often suggested for the generation that experienced the Great Depression. Using data from the Survey of Consumer Finances from 1960 to 2007, we find that individuals who have experienced low stock market returns throughout their lives so far report lower willingness to take financial risk, are less likely to participate in the stock market, invest a lower fraction of their liquid assets in stocks if they participate, and are more pessimistic about future stock returns. Those who have experienced low bond returns are less likely to own bonds. Results are estimated controlling for age, year effects, and household characteristics. More recent return experiences have stronger effects, particularly on younger people.",openalex,llm,1.000,unreviewed,,doi:10.1093/qje/qjq004
discarded,On canonical forms for linear constant systems,A.C. Antoulas,1981,International Journal of Control,10.1080/00207178108922908,https://openalex.org/W2133575385,off-topic-false-hit,"Let ( F, 0, H) be a reachable system. We introduce the notion of a nice selection and that of a minimal nice selection of column vectors of the reachability matrix ( G FG.). These notions lead to a unified treatment and a parametrization of all the # and all the t> canonical forms of ( F, 0, H), which are sometimes called first and second control canonical forms. This global approach shows that the # and the ♭ canonical forms are local coordinates of the (quasi-projeetive) algebraic variety of all reachable systems of fixed dimension (modulo basis change in the state space). More-over, the canonical forms of ( F, G, H) we mentioned above, are in bijective correspondence with the so-called # and [and ♭matrix fraction representations of its transfer function. Finally, we investigate a canonical form for (proper rational) matrix fractions, which turns out to be a ♭ matrix fraction representation.",openalex,llm,0.970,unreviewed,,doi:10.1080/00207178108922908
discarded,Canonical Form and Synthesis of Cellular Cascades,Harold S. Stone; A. J. Korenjak,1965,IEEE Transactions on Electronic Computers,10.1109/pgec.1965.264079,https://openalex.org/W2069220898,adjacent-subtopic,"Cascades of two-input, one-output general function cells have been studied previously with the restriction that no external variable may drive more than one cell. Upon relaxing this restriction, it is shown that a variable that drives more than one cell in a cascade need never drive more than one cell that is not an EXCLUSIVE-OR cell, and that cell must be the first cell driven by the variable in the cascade. From this it follows that there exists a canonical form for cellular cascades with repeated inputs. Furthermore, the length of a cascade required to produce an n-variable function is bounded by (n2+n-4)/2, and there are functions that meet this bound for all n. Derived from knowledge of the canonical form, a realizability and synthesis algorithm is described that is an extension of previously described algorithms. The algorithm has been used to test the 402 Harvard functions, and a table of minimal-length cascades of realizable functions is included in the paper. Although the number of realizable functions is greatly increased when the input restriction is relaxed, it is shown that the fraction of n-variable functions that are realizable becomes vanishingly small as n grows large. In particular, for example, of the 2n+1symmetric functions of n-variables, precisely 12 are realizable for all n≥3.",openalex,llm,0.910,unreviewed,,doi:10.1109/pgec.1965.264079
discarded,Note on a Canonical Form for the Linear q-Difference System,George David Birkhoff; Paul E. Guenther,1941,Proceedings of the National Academy of Sciences,10.1073/pnas.27.4.218,https://openalex.org/W2062791637,off-topic-false-hit,berg.The idea of this proof is used in the following.I am indebted to Mr. Boas for information about the literature of the subject,openalex,llm,0.960,unreviewed,,doi:10.1073/pnas.27.4.218
discarded,"Pseudo-canonical forms, identifiable parametrizations and simple parameter estimation for linear multivariable systems: Input-output models",G.Ο. Corrêa; K. Glover,1984,Automatica,10.1016/0005-1098(84)90101-8,https://openalex.org/W1972075614,off-topic-false-hit,,openalex,llm,0.960,unreviewed,,doi:10.1016/0005-1098(84)90101-8
discarded,Stable normal forms for polynomial system solving,Bernard Mourrain; Philippe Trébuchet,2008,Theoretical Computer Science,10.1016/j.tcs.2008.09.004,https://openalex.org/W1999647319,supports-claim; qualifies-claim; adjacent-subtopic; canonical representation in hardware verification or data structures; the cited BDD/graph examples carry the point,"The paper describes and analyzes a method for computing border bases of a zero-dimensional ideal I. The criterion used in the computation involves specific commutation polynomials, and leads to an algorithm and an implementation extending the ones in [B. Mourrain, Ph. Trebuchet, Generalised normal forms and polynomial system solving, in: M. Kauers (Ed.), Proc. Intern. Symp. on Symbolic and Algebraic Computation, ACM Press, New-York, 2005, pp. 253-260]. This general border basis algorithm weakens the monomial ordering requirement for Grobner bases computations. It is currently the most general setting for representing quotient algebras, embedding into a single formalism Grobner bases, Macaulay bases and a new representation that does not fit into the previous categories. With this formalism, we show how the syzygies of the border basis are generated by commutation relations. We also show that our construction of normal form is stable under small perturbations of the ideal, if the number of solutions remains constant. This feature has a huge impact on practical efficiency, as illustrated by the experiments on classical benchmark polynomial systems, at the end of the paper.",openalex,llm_reviewed,0.910,changed,kept->discarded,doi:10.1016/j.tcs.2008.09.004
discarded,A Canonical Representation of Block Matrices with Applications to Covariance and Correlation Matrices,Ilya Archakov; Peter Reinhard Hansen,2022,The Review of Economics and Statistics,10.1162/rest_a_01258,https://openalex.org/W3111016823,off-topic-false-hit,"Abstract We obtain a canonical representation for block matrices. The representation facilitates simple computation of the determinant, the matrix inverse, and other powers of a block matrix, as well as the matrix logarithm and the matrix exponential. These results are particularly useful for block covariance and block correlation matrices, where evaluation of the Gaussian log-likelihood and estimation are greatly simplified. We illustrate this with an empirical application using a large panel of daily asset returns. Moreover, the representation paves new ways to model and regularize large covariance/correlation matrices, test block structures in matrices, and estimate regressions with many variables.",openalex,llm,0.880,unreviewed,,doi:10.1162/rest_a_01258
discarded,Relationship between Morphology and Motion Characteristics of Human Spermatozoa in Semen and in the Swim‐Up Sperm Fractions,Sergio Oehninger; ROSITA ACOSTA; Mahmood Morshedi; Christine B. Philput; Robert James Swanson; Anı́bal A. Acosta,1990,Journal of Andrology,10.1002/j.1939-4640.1990.tb00174.x,https://openalex.org/W1593693896,off-topic-false-hit,"In this study, the authors evaluated the morphology pattern and motion characteristics of human spermatozoa before and after swim-up separation. Samples were divided into two, morphologically different groups according to the percentage of normal sperm forms assessed by the strict criteria of the Norfolk laboratory: ""good""(G) and ""poor"" (P) prognosis patterns. The percentages of normal forms, slightly abnormal forms, and severe head defects were significantly different in the two groups. Motile characteristics were analyzed by a computerized semen analyzer with constant parameter settings. Before swim-up there were no significant differences in semen volume, percentage of neck and tail defects, concentration, or percentage of motility and linearity, but the mean velocity was higher in group G. After swim-up the percentage of motility, total number of motile cells, and recovery rate were higher for group G, and the incidence of severe head defects correlated negatively with the percentage of cells with a velocity of greater than 80 microns/sec. The results suggest that patients with a high incidence of sperm head defects have impaired original velocity, and swim-up selects for velocity as well as normal forms and motility. Although motility and velocity improved substantially after swim-up, the recovery rate and percentage of motility were significantly lower in the P group.",openalex,llm,1.000,unreviewed,,doi:10.1002/j.1939-4640.1990.tb00174.x
discarded,Metastatic potential of SP1 mouse mammary adenocarcinoma cells is differentially induced by activated and normal forms of c-H-ras.,Carol G. Waghorne; Robert S. Kerbel; Martin L. Breitman,1987,PubMed,,https://openalex.org/W183689541,off-topic-false-hit,"The mouse mammary adenocarcinoma cell line SP1 was transfected with either the activated T24-H-ras or the normal c-H-ras gene and assessed for metastatic potential in syngeneic CBA/J or nude mice. Unlike the parental control cells, which were tumorigenic but unable to metastasize from a subcutaneous site, all SP1 transfectants expressing the T24-H-ras gene were able to metastasize (predominantly to the lung). In contrast, a much smaller fraction of the clones obtained following transfection with either normal c-H-ras or pSV2neo were metastatic and, significantly, elevated expression of the c-H-ras proto-oncogene did not correlate with acquisition of metastatic potential. We conclude that activated and normal forms of the c-H-ras gene differ in their ability to confer metastatic potential to SP1 mouse mammary adenocarcinoma cells.",openalex,llm,1.000,unreviewed,,hash:339205644b472a43
