status,title,authors,year,venue,doi,url,tags,abstract,provider,decision_source,llm_confidence,llm_review_outcome,llm_change_direction,paper_id
discarded,Additive normal forms and integration of differential fractions,François Boulier; François Lemaire; Joseph Lallemand; Georg Regensburger; Markus Rosenkranz,2016,Journal of Symbolic Computation,10.1016/j.jsc.2016.01.002,https://openalex.org/W2290979728,supports-claim; adjacent-subtopic; normal form for differential fractions in computer algebra; no equality-testing claim,"This paper presents two new normal forms for fractions of differential polynomials, as well as algorithms for computing them. The first normal form allows to write a fraction as the derivative of a fraction plus a nonintegrable part. The second normal form is an extension of the first one, involving iterated differentiations. The main difficulty in this paper consists in defining normal forms which are linear operations over the field of constants, a property which was missing in our previous works. Our normal forms do not require fractions to be converted into polynomials, a key feature for further problems such as integrating differential fractions, and more generally solving differential equations. (C) 2016 Elsevier Ltd. All rights reserved.",openalex,llm_reviewed,0.890,changed,kept->discarded,doi:10.1016/j.jsc.2016.01.002
discarded,Superintegrability and higher order integrals for quantum systems,Ernest G. Kalnins; J. M. Kress; Willard Miller,2010,Journal of Physics A Mathematical and Theoretical,10.1088/1751-8113/43/26/265205,https://openalex.org/W2063001659,off-topic-false-hit,"We refine a method for finding a canonical form of symmetry operators of arbitrary order for the Schrödinger eigenvalue equation H Ψ ≡ (Δ 2 + V )Ψ = E Ψ on any 2D Riemannian manifold, real or complex, that admits a separation of variables in some orthogonal coordinate system. The flat space equations with potentials V = α( x + i y ) k − 1 /( x − i y ) k + 1 in Cartesian coordinates, and V = α r 2 + β/ r 2 cos 2 k θ + γ/ r 2 sin 2 k θ (the Tremblay, Turbiner and Winternitz system) in polar coordinates, have each been shown to be classically superintegrable for all rational numbers k . We apply the canonical operator method to give a constructive proof that each of these systems is also quantum superintegrable for all rational k . We develop the classical analog of the quantum canonical form for a symmetry. It is clear that our methods will generalize to other Hamiltonian systems.",openalex,llm,0.970,unreviewed,,doi:10.1088/1751-8113/43/26/265205
discarded,On Convergent Normal Form Transformations in Presence of Symmetries,Sebastian Walcher,2000,Journal of Mathematical Analysis and Applications,10.1006/jmaa.1999.6681,https://openalex.org/W1993223884,off-topic-false-hit,We prove a convergence criterion for transformations to Poincare-Dulac normal form that involves the centralizer of the given vector field. (C) 2000 Academic Press.,openalex,llm,0.990,unreviewed,,doi:10.1006/jmaa.1999.6681
discarded,Finite-time stabilization of stochastic nonlinear systems in p-normal form,Fangzheng Gao; Yuqiang Wu,2017,2017 36th Chinese Control Conference (CCC),10.23919/ChiCC.2017.8027512,https://ieeexplore.ieee.org/document/8027512/,off-topic-false-hit,"This paper investigates the problem of finite-time stabilization for a class of stochastic nonlinear systems in p-normal form. Different from the existing results, the considered systems are allowed to have the powers of both odd and even rational numbers. By delicately combining sign function with adding a power integrator technique, a continuous state feedback controller is presented to guarantee that the closed-loop system is finite-time stable in probability. Simulation results of a liquid-level system are provided to show the effectiveness and applicability of the proposed method.",ieee,llm,0.990,unreviewed,,doi:10.23919/chicc.2017.8027512
discarded,Finite precision lexicographic continued fraction number systems,Peter Kornerup; David W. Matula,1985,1985 IEEE 7th Symposium on Computer Arithmetic (ARITH),10.1109/ARITH.1985.6158959,https://ieeexplore.ieee.org/document/6158959/,"supports-claim; adjacent-subtopic; number theory or algebra: representation of numbers or group elements, no equality-testing claim for a data type","Lexicographic continued fraction binary (LCF) representation provides an order preserving bitstring representation of the non negative real numbers where every rational number has a finite length bitstring representation. We investigate the precision of k-bit LCF approximation. The maximum gap size over [0,1] for (k+1)-bit LCF representation is shown to be less than 2−.81k, comparable to binary coded decimal in worst case representation efficiency. The distribution of gap sizes for (k+1)-bit LCF representation over [0,1] is shown on a logarithmic scale to be bell shaped between 2−.81k and 2−1.39k, becoming more peaked near the value corresponding to uniform spacing, 2−k, with increasing k.",ieee,llm_reviewed,0.940,changed,kept->discarded,doi:10.1109/arith.1985.6158959
discarded,A new method for block partial fraction expansion of matrix fraction descriptions,J. Leyva-Ramos,1991,IEEE Transactions on Automatic Control,10.1109/9.106166,https://ieeexplore.ieee.org/document/106166/,off-topic-false-hit,The block-observability form is used to develop a method for finding the block partial fraction expansion of an irreducible right or left matrix fraction description with distinct and/or repeated solvents of the denominator matrix polynomials. The new formulas ar very simple and only require that the block Vandermonde matrix be formed from the right or left solvents. All the matrix residues of the expansion are found simultaneously by a simple matrix manipulation and the formulas are suitable for digital computer application.<>,ieee,llm,0.990,unreviewed,,doi:10.1109/9.106166
discarded,Eigenvalue sensitivity of some transfer function realizations,C.d. Oliveira,1975,IEEE Transactions on Automatic Control,10.1109/TAC.1975.1100932,https://ieeexplore.ieee.org/document/1100932/,off-topic-false-hit,"In this correspondence the eigenvalue sensitivities of the following transfer function realizations are calculated: controllable canonical form, observable canonical form, Jordan canonical form, and a particular realization for complex eigenvalues. From these results it is shown that the controllable and observable canonical forms may be less sensitive than the Jordan canonical form and the realization for complex eigenvalues. The general formulas are applied to second-order systems with complex eigenvalues.",ieee,llm,0.960,unreviewed,,doi:10.1109/tac.1975.1100932
discarded,Transformation of State-Space Model to a Modified Cauer's Canonical Form,Chyi Hwang,1982,1982 American Control Conference,10.23919/ACC.1982.4787864,https://ieeexplore.ieee.org/document/4787864/,off-topic-false-hit,A similarity transformation matrix which transforms a state-space model from a general form to a modified Cauer's canonical form is established. This matrix is then used derive an aggregation matrix which relates the original state vector and the state vector of reduced model obtained by the method of modified Cauer's continued fraction expansion.,ieee,llm,0.990,unreviewed,,doi:10.23919/acc.1982.4787864
discarded,A multipoint continued-fraction expansion for linear system reduction,Chyi Hwang; Muh-Yang Chen,1986,IEEE Transactions on Automatic Control,10.1109/TAC.1986.1104357,https://ieeexplore.ieee.org/document/1104357/,off-topic-false-hit,"This note presents a multipoint continued-fraction expansion (MCFE) to obtain reduced models for linear time-invariant systems. Algorithms for the expansion and inversion of the MCFE are outlined. A realization for the MCFE of a transfer function is suggested, and the corresponding MCFE canonical state-space model is established. A new similarity transformation matrix is constructed to transform a state-space model in the phase-variable canonical form to one in the MCFE canonical form. The attractive feature of the present MCFE is that it is general in form and the resulting reduced models approximate well the original system in both the frequency and time responses.",ieee,llm,0.980,unreviewed,,doi:10.1109/tac.1986.1104357
discarded,Routh approximations using the Schwarz canonical form,Y. Shamash,1978,IEEE Transactions on Automatic Control,10.1109/TAC.1978.1101835,https://ieeexplore.ieee.org/document/1101835/,off-topic-false-hit,"Reduced-order models are derived using the Schwarz canonical form description for the high-order system together with the Routh stability criterion. The reduced models have the property that they will be stable if the original high-order system is stable. Further, the initial time moments of the system and model are equal.",ieee,llm,0.990,unreviewed,,doi:10.1109/tac.1978.1101835
discarded,Recursive simultaneous parametrizations of state space and matrix fraction realizations,A. Barreiro,1990,1990 IEEE International Conference on Systems Engineering,10.1109/ICSYSE.1990.203121,https://ieeexplore.ieee.org/document/5725653/,off-topic-false-hit,Some parametrizations of all the minimal partial realizations of finite data are given. The main feature is that the realizations are simultaneously obtained as state-space and as matrix-fraction models. The parametrized realizations are easily built from certain generalized Hankel factorizations that can be recursively updated,ieee,llm,0.980,unreviewed,,doi:10.1109/icsyse.1990.203121
discarded,On continued fraction inversion by Routh's algorithm,R. Parthasarathy; H. Singh,1975,IEEE Transactions on Automatic Control,10.1109/TAC.1975.1100896,https://ieeexplore.ieee.org/document/1100896/,off-topic-false-hit,"This correspondence presents an algorithm for inverting a continued fraction given in the Cauer first form, in the light of the method proposed recently by Rao and Lamba for the Cauer second form.",ieee,llm,0.960,unreviewed,,doi:10.1109/tac.1975.1100896
discarded,Exact reduction of a polynomial matrix to the Smith normal form,V. Ramachandran,1979,IEEE Transactions on Automatic Control,10.1109/TAC.1979.1102104,https://ieeexplore.ieee.org/document/1102104/,supports-claim; qualifies-claim; adjacent-subtopic; matrix/system normal form in mathematics or control,"A finite field transform method is described for the exact reduction of a single-variable polynomial matrix to its Smith form, without the accompanying problem of coefficient growth.",ieee,llm_reviewed,0.880,changed,kept->discarded,doi:10.1109/tac.1979.1102104
discarded,Minimal realization of a transfer function matrix in canonical form,C. Montes,1976,IEEE Transactions on Automatic Control,10.1109/TAC.1976.1101227,https://ieeexplore.ieee.org/document/1101227/,off-topic-false-hit,"An algorithm is presented to obtain a minimal-order realization of a linear time invariant multivariable system from a given rational transfer function matrix. The procedure yields the dynamical equations directly in a canonical form, and it is computationally very efficient.",ieee,llm,0.980,unreviewed,,doi:10.1109/tac.1976.1101227
discarded,On Chuang's continued fraction method of model reduction,K. Khatwani; R. Tiwari; J. Bajwa,1980,IEEE Transactions on Automatic Control,10.1109/TAC.1980.1102437,https://ieeexplore.ieee.org/document/1102437/,off-topic-false-hit,"Based on Chuang's continued fraction method of model reduction, an algorithm for obtaining the reduced order model of linear time-invariant system from its state-space model directly, without requiring to determine the corresponding transfer function, has been suggested. The algorithm can also be used for determining the transfer function from the state-space model.",ieee,llm,0.990,unreviewed,,doi:10.1109/tac.1980.1102437
discarded,State space analysis of control systems,D. Luenberger,1967,IEEE Transactions on Automatic Control,10.1109/TAC.1967.1098729,https://ieeexplore.ieee.org/document/1098729/,off-topic-false-hit,,ieee,llm,0.980,unreviewed,,doi:10.1109/tac.1967.1098729
discarded,Controllability and observability of multivariable systems,C. Paul; Yen-Long Kuo,1971,IEEE Transactions on Automatic Control,10.1109/TAC.1971.1099691,https://ieeexplore.ieee.org/document/1099691/,off-topic-false-hit,"The controllability and observability of linear stationary multivariable control systems is investigated in the frequency domain. If the minimal polynomial of the system is of maximum degree, then a simple test involving mode cancellations determines controllability (observability). For the general case, a simple test based on a partial fraction expansion yields the necessary and sufficient conditions for controllability (observability).",ieee,llm,0.990,unreviewed,,doi:10.1109/tac.1971.1099691
discarded,Spectral expression for the frequency-limited ℋ2-norm of LTI dynamical systems with high order poles,Pierre Vuillemin; Charles Poussot-Vassal; Daniel Alazard,2014,2014 European Control Conference (ECC),10.1109/ECC.2014.6862158,https://ieeexplore.ieee.org/document/6862158/,off-topic-false-hit,"In this paper, the spectral expression of the frequency-limited ℋ2-norm, firstly presented in [18], is extended to the case of LTI dynamical systems which are not diagonalizable. This extension is achieved by considering partial fraction decomposition of the transfer function associated to a system which is in a Jordan form. Besides, examples are presented to illustrate the behaviour of the frequency-limited ℋ2-norm and to compare it with the commonly used frequency-weighted ℋ2-norm.",ieee,llm,0.990,unreviewed,,doi:10.1109/ecc.2014.6862158
discarded,Designing commutative cascades of multidimensional upsamplers and downsamplers,B.L. Evans,1997,IEEE Signal Processing Letters,10.1109/97.641397,https://ieeexplore.ieee.org/document/641397/,off-topic-false-hit,"In multiple dimensions, the cascade of an upsampler by L and a downsampler by M commutes if and only if the integer matrices L and M are right coprime and LM=ML. This letter presents algorithms to design L and M that yield commutative upsampler/dowsampler cascades. We prove that commutativity is possible if the Jordan canonical form of the rational (resampling) matrix R=LM/sup -1/ is equivalent to the Smith-McMillan form of R. A necessary condition for this equivalence is that R has an eigendecomposition and the eigenvalues are rational.",ieee,llm,0.960,unreviewed,,doi:10.1109/97.641397
discarded,Accurate time-domain semisymbolic analysis,Zdenek Kolka; Dalibor Biolek; Viera Biolkova,2010,"2010 XIth International Workshop on Symbolic and Numerical Methods, Modeling and Applications to Circuit Design (SM2ACD)",10.1109/SM2ACD.2010.5672333,https://ieeexplore.ieee.org/document/5672333/,qualifies-claim; adjacent-subtopic; matrix/system normal form in mathematics or control,"The paper deals with a method for accurate semisymbolic time-domain analysis of highly idealized linear lumped circuits. Pulse and step responses can be computed by means of the partial fraction decomposition. The procedure relies on an accurate computation of poles of the transfer function. The well known problem of the QR and QZ algorithms is their poor accuracy in the case of multiple roots. Moreover, the partial fraction decomposition itself is an ill-posed problem for closely-spaced clusters of roots. The method presented in this paper is based on an improved reduction procedure for transforming the generalized eigenproblem into a standard one in combination with an algorithm for computing the Jordan canonical form of inexact matrices.",ieee,llm_reviewed,0.760,changed,kept->discarded,doi:10.1109/sm2acd.2010.5672333
discarded,Rational Fraction Approach and Attitude Control of Spinning Satellite using Gyrotorquer,Prasanta K. De; Ashok Iyer,1989,1989 American Control Conference,10.23919/ACC.1989.4790439,https://ieeexplore.ieee.org/document/4790439/,off-topic-false-hit,"The problem of joint stabilization and tracking of a spinning satellite system in addition to its regulation are considered. Rational Fractional approach is used to obtain coprime equations in a multivariate setting. Parameterized compensators are obtained for regulation and, simultaneous stabilization and tracking cases. Simulation results are presented to show the accomplishment of attitude control in different settings with simple control inputs.",ieee,llm,0.990,unreviewed,,doi:10.23919/acc.1989.4790439
discarded,Efficient self-testing/self-correction of linear recurrences,S.R. Kumar; D. Sivakumar,1996,Proceedings of 37th Conference on Foundations of Computer Science,10.1109/SFCS.1996.548519,https://ieeexplore.ieee.org/document/548519/,adjacent-subtopic,"The authors consider the problem of designing self-testers/self-correctors for functions defined by linear recurrences. They present the first complete package of efficient and simple self-testers, self-correctors, and result-checkers for such functions. The results are proved by demonstrating an efficient reduction from this problem to the problem of testing linear functions over certain matrix groups. The tools include spectral analysis of matrices over finite fields, and various counting arguments that extend known techniques. The matrix twist yields simple and efficient self-testers for all linear recurrences. They also show a technique of using convolution identities to obtain very simple self-testers and self correctors. Their techniques promise new and efficient ways of testing VLSI chips for applications in control engineering, signal processing, etc. An interesting consequence of their methods is a completely new and randomness-efficient self-tester for polynomials over finite fields and rational domains. In particular the self-tester for polynomials over rational domains overcomes a main drawback of the result of Rubinfeld and Sudan (1992)-the need for a test domain of much larger size and of much finer precision.",ieee,llm,0.950,unreviewed,,doi:10.1109/sfcs.1996.548519
discarded,A transformation in a modified continued fraction expansion,Chyi Hwang; Yen-Ping Shih,1982,IEEE Transactions on Automatic Control,10.1109/TAC.1982.1102824,https://ieeexplore.ieee.org/document/1102824/,off-topic-false-hit,"A transformation between the state space model corresponding to the Cauer type continued fraction expansion abouts=0ands \rightarrow \inftyalternately, and the state-space model of the phase variable canonical form is presented.",ieee,llm,0.990,unreviewed,,doi:10.1109/tac.1982.1102824
discarded,On a canonical form of descriptor systems,T. Shiotsuki; S. Kawaji,1988,Proceedings of the 27th IEEE Conference on Decision and Control,10.1109/CDC.1988.194701,https://ieeexplore.ieee.org/document/194701/,off-topic-false-hit,"A canonical form of multi-input controllable descriptor systems is proposed, and a transformation procedure with admissible equivalence transformations is constructed. Controllability indices and the effects of proportional feedback are explicitly represented, and a natural extension of the result for regular systems is obtained. A relationship to the matrix fraction description is indicated.<>",ieee,llm,0.990,unreviewed,,doi:10.1109/cdc.1988.194701
discarded,Towards a Definition of an Algorithm,Noson S. Yanofsky,2011,Journal of Logic and Computation,10.1093/logcom/exq016,https://ieeexplore.ieee.org/document/8132790/,adjacent-subtopic,"We define an algorithm to be the set of programs that implement or express that algorithm. The set of all programs is partitioned into equivalence classes. Two programs are equivalent if they are essentially the same program. The set of equivalence classes forms the category of algorithms. Although the set of programs does not even form a category, the set of algorithms form a category with extra structure. The conditions we give that describe when two programs are essentially the same turn out to be coherence relations that enrich the category of algorithms with extra structure. Universal properties of the category of algorithms are proved.",ieee,llm,0.890,unreviewed,,doi:10.1093/logcom/exq016
discarded,Jordan form realization via singular value decomposition,F.W. Fairman,1988,IEEE Transactions on Circuits and Systems,10.1109/31.14467,https://ieeexplore.ieee.org/document/14467/,off-topic-false-hit,"A method is presented for computing a minimal J-form realization (A, B, C) of a transfer function matrix from its partial fraction expansion (PFE). The decoupling inherent in the Jordan form enables the computational algorithm for the general multipole case to be developed by considering the case of a transfer function matrix having one pole of multiplicity alpha . After developing matrix equations relating the column of C and rows of B to the fraction expansion coefficient, a single sweep method which utilizes orthogonal matrices generated sequentially by singular value decomposition (SVD) is developed for determining the column of C, rows of B and the structure of the J-form for A. At the ith state in the sequence, the matrix requiring SVD is composed from PFE coefficient matrices and matrices generated by previous SVDs. Other computational aspects of the proposed method are presented and discussed.<>",ieee,llm,0.980,unreviewed,,doi:10.1109/31.14467
