status,title,authors,year,venue,doi,url,tags,abstract,provider,decision_source,llm_confidence,llm_review_outcome,llm_change_direction,paper_id
discarded,Recovering variable-argument functions from binary executables,F. Wen,2008,Proceedings 7th IEEE Acis International Conference on Computer and Information Science IEEE Acis Icis 2008 in Conjunction with 2nd IEEE Acis Int Workshop on E Activity IEEE Acis Iwea 2008,10.1109/ICIS.2008.84,https://www.scopus.com/inward/record.uri?partnerID=HzOxMe3b&scp=51349138404&origin=inward,adjacent-subtopic,"Variable-argument functions, such as printf(), are broadly used in C programs because of its flexible usage of pointers. However, the recovery of such a function from a binary executable is not an easy task in the field of reverse compilation. The first problem is how to distinguish a variable-argument function from other functions in binary code. The second is how to implement a variable-argument function in a target program. The aim of this paper is to deal with these problems for IA-64 binary executables. We analyzed a large number of disassembled C programs to see how to implement variable-argument functions in machine code. According to calling conventions on IA-64/Linux platform, we abstracted some instruction patterns to recognize variable-argument functions from binary executables. Besides that, we put forward a normalization method to recover variable-argument lists. We use an example compiled by GCC with -O0 option for demonstration, but our methods are not limited to any particular compiler and compiling option.",scopus,llm,0.910,unreviewed,,doi:10.1109/icis.2008.84
discarded,"No ifs, ands, or buts uncovering the simplicity of conditionals",J. Edwards,2007,Proceedings of the Conference on Object Oriented Programming Systems Languages and Applications OOPSLA,10.1145/1297027.1297075,https://www.scopus.com/inward/record.uri?partnerID=HzOxMe3b&scp=42149147913&origin=inward,adjacent-subtopic,"Schematic tables are a new representation for conditionals. Roughly a cross between decision tables and data flowgraphs, they represent computation and decision-making orthogonally. They unify the full range of conditional constructs, from if statements through pattern matching to polymorphic predicate dispatch. Program logic is maintained in a declarative canonical form that enforces completeness and disjointness among choices. Schematic tables can beused either as a code specification/generation tool, or as a self-contained diagrammatic programming language. They give program logic the clarity of truth tables, and support high-level direct manipulation of that logic, avoiding much of the mental computation demanded by conventional conditionals.",scopus,llm,0.800,unreviewed,,doi:10.1145/1297027.1297075
discarded,Making designer schemas with colors,N. Wiwatwattana,2006,Proceedings International Conference on Data Engineering,10.1109/ICDE.2006.88,https://www.scopus.com/inward/record.uri?partnerID=HzOxMe3b&scp=33749590926&origin=inward,adjacent-subtopic,"XML schema design has two opposing goals: elimination of update anomalies requires that the schema be as normalized as possible; yet higher query performance and simpler query expression are often obtained through the use of schemas that permit redundancy. In this paper, we show that the recently proposed MCT data model, which extends XML by adding colors, can be used to address this dichotomy effectively. Specifically, we formalize the intuition of anomaly avoidance in MCT using notions of node normal and edge normal forms, and the goal of efficient query processing using notions of association recoverability and direct recoverability. We develop algorithms for transforming design specifications given as ER diagrams into MCT schemas that are in a node or edge normal form and satisfy association or direct recoverability. Experimental results using a wide variety of ER diagrams validate the benefits of our design methodology.",scopus,llm,0.960,unreviewed,,doi:10.1109/icde.2006.88
discarded,Continuations from generalized stack inspection,G. Pettyjohn,2005,Proceedings of the ACM SIGPLAN International Conference on Functional Programming ICFP,10.1145/1086365.1086393,https://www.scopus.com/inward/record.uri?partnerID=HzOxMe3b&scp=84876765493&origin=inward,adjacent-subtopic,"Implementing first-class continuations can pose a challenge if the target machine makes no provisions for accessing and re-installing the run-time stack. In this paper, we present a novel translation that overcomes this problem. In the first half of the paper, we introduce a theoretical model that shows how to eliminate the capture and the use of first-class continuations in the presence of a generalized stack inspection mechanism. The second half of the paper explains how to translate this model into practice in two different contexts. First, we reformulate the servlet interaction language in the PLT Web server, which heavily relies on first-class continuations. Using our technique, servlet programs can be run directly under the control of non-cooperative web servers such as Apache. Second, we show how to use our new technique to copy and reconstitute the stack on MSIL.Net using exception handlers. This establishes that Scheme's first-class continuations can exist on non-cooperative virtual machines.",scopus,llm,0.980,unreviewed,,doi:10.1145/1086365.1086393
discarded,"Proceedings of the Sixth ACM SIGPLAN Conference on Principles and Practice of Declarative Programming, PPDP'04",,2004,Proceedings of the Sixth ACM SIGPLAN Conference on Principles and Practice of Declarative Programming Ppdp 04,,https://www.scopus.com/inward/record.uri?partnerID=HzOxMe3b&scp=11244267183&origin=inward,adjacent-subtopic,,scopus,llm,0.760,unreviewed,,hash:022ec0386986c4c5
discarded,Stop Software Rot: Keep Your Architecture DRY,R. Lunde,2004,Cutter IT Journal,,https://www.scopus.com/inward/record.uri?partnerID=HzOxMe3b&scp=0442311042&origin=inward,adjacent-subtopic,,scopus,llm,0.830,unreviewed,,hash:2fbb1cfa76897ee4
discarded,Theoretical computer science,,2002,Theoretical Computer Science,,https://www.scopus.com/inward/record.uri?partnerID=HzOxMe3b&scp=0037028521&origin=inward,adjacent-subtopic,,scopus,llm,0.720,unreviewed,,hash:5d2b4d9c4eef868e
discarded,Local mean normalization of microarray element signal intensities across an array surface: Quality control and correction of spatially systematic artifacts,C. Colantuoni,2002,Biotechniques,10.2144/02326mt02,https://www.scopus.com/inward/record.uri?partnerID=HzOxMe3b&scp=0035987143&origin=inward,off-topic-false-hit,"Here we present a methodology for the normalization of element signal intensities to a mean intensity calculated locally across the surface of a DNA microarray. These methods allow the detection and/or correction of spatially systematic artifacts in microarray data. These include artifacts that can be introduced during the robotic printing, hybridization, washing, or imaging of microarrays. Using array element signal intensities alone, this local mean normalization process can correct for such artifacts because they vary across the surface of the array. The local mean normalization can be usedfor quality control and data correction purposes in the analysis of microarray data. These algorithms assume that array elements are not spatially ordered with regard to sequence or biological function and require that this spatial mapping is identical between the two sets of intensities to be compared. The tool described in this report was developed in the R statistical language and is freely available on the Internet as part of a larger gene expression analysis package. This Web implementation is interactive and user-friendly and allows the easy use of the local mean normalization tool described here, without programming expertise or downloading of additional software.",scopus,llm,0.990,unreviewed,,doi:10.2144/02326mt02
discarded,Generic type-preserving traversal strategies,R. Lämmel,2001,Electronic Notes in Theoretical Computer Science,10.1016/S1571-0661(04)00268-3,https://www.scopus.com/inward/record.uri?partnerID=HzOxMe3b&scp=19144362319&origin=inward,adjacent-subtopic,"Abstract A typed model of strategic rewriting with coverage of generic traversals is developed. The corresponding calculus offers, for example, a strategy operator □(·), which applies the argument strategy to all immediate subterms. To provide a typeful model for generic strategies, one has to identify signature-independent, that is, generic types. In the present article, we restrict ourselves to TP—the generic type of all Type-Preserving strategies. TP is easily integrated into a standard many-sorted type system for rewriting. To inhabit TP, we need to introduce a (left-biased) type-driven choice operator &. The operator applies its left argument (corresponding to a many-sorted strategy) if the type of the given term fits, and the operator resorts to the right argument (corresponding to a generic default) otherwise. This approach dictates that the semantics of strategy application must be type-dependent to a certain extent.",scopus,llm,0.950,unreviewed,,doi:10.1016/s1571-0661(04)00268-3
discarded,Modeling an algebraic stepper,J. Clements,2001,Lecture Notes in Computer Science Including Subseries Lecture Notes in Artificial Intelligence and Lecture Notes in Bioinformatics,10.1007/3-540-45309-1_21,https://www.scopus.com/inward/record.uri?partnerID=HzOxMe3b&scp=84945287629&origin=inward,adjacent-subtopic,,scopus,llm,0.720,unreviewed,,doi:10.1007/3-540-45309-1_21
discarded,The OORHS: A conceptual framework that provides easy and reversible distributed programming,D. Yeung,1998,Computer Systems Science and Engineering,,https://www.scopus.com/inward/record.uri?partnerID=HzOxMe3b&scp=0032156851&origin=inward,adjacent-subtopic,,scopus,llm,0.910,unreviewed,,hash:80079719258db4f9
discarded,A program normalization to improve flexibility of knowledge-based program understander,H. Ueno,1998,IEICE Transactions on Information and Systems,,https://www.scopus.com/inward/record.uri?partnerID=HzOxMe3b&scp=0032295752&origin=inward,adjacent-subtopic,,scopus,llm,0.840,unreviewed,,hash:86ef021c5ae45325
discarded,Non-deterministic call-by-need lambda calculus,A. Kutzner,1998,Proceedings of the ACM SIGPLAN International Conference on Functional Programming ICFP,,https://www.scopus.com/inward/record.uri?partnerID=HzOxMe3b&scp=0031611084&origin=inward,adjacent-subtopic,,scopus,llm,0.940,unreviewed,,hash:0f9c1c25e2d0af65
