status,title,authors,year,venue,doi,url,tags,abstract,provider,decision_source,llm_confidence,llm_review_outcome,llm_change_direction,paper_id
discarded,q-Calculus as operational algebra,T. Ernst,2009,Proceedings of the Estonian Academy of Sciences,10.3176/proc.2009.2.01,https://www.scopus.com/inward/record.uri?partnerID=HzOxMe3b&scp=67650935216&origin=inward,off-topic-false-hit,"This second paper on operational calculus is a continuation of Ernst, T. q-Analogues of some operational formulas. Algebras Groups Geom., 2006, 23(4), 354-374. We find multiple q-analogues of formulas in Carlitz, L. A note on the Laguerre polynomials. Michigan Math. J., 1960, 7, 219-223, for the Cigler q-Laguerre polynomials (Ernst, T. A method for q-calculus. J. Nonlinear Math. Phys., 2003, 10(4), 487-525). The q-Jacobi polynomials (Jacobi, C. G. J. Werke 6. Berlin, 1891) are treated in the same way, we generalize further to q-analogues of Manocha, H. L. and Sharma, B. L. (Some formulae for Jacobi polynomials. Proc. Cambridge Philos. Soc., 1966, 62, 459-462) and Singh, R. P. (Operational formulae for Jacobi and other polynomials. Rend. Sem. Mat. Univ. Padova, 1965, 35, 237-244). A field of fractions for Cigler's multiplication operator (Cigler, J. Operatormethoden fur q-Identitaten II, q-Laguerre-Polynome. Monatsh. Math., 1981, 91, 105-117) is used in the computations. The formulas for q-Jacobi polynomials are mostly formal. We find q-orthogonality relations for q-Laguerre, q-Jacobi, and q-Legendre polynomials using q-integration by parts. This q-Legendre polynomial is given here for the first time, we also find its q-difference equations. An inequality for a q-exponential function is proved. The q-difference equation for (p)phi(p-1) (a(1),...,a(p); b(1),...,b(p-1)vertical bar q, z) is given improving on Smith, E. R. Zur Theorie der Heineschen Reihe und ihrer Verallgemeinerung. Diss. Univ. Munchen 1911, p. 11, by using e(k) = elementary symmetric polynomial. Partial q-difference equations for the q-Appell and q-Lauricella functions are found, improving on Jackson, F. H. On basic double hypergeometric functions. Quart. J. Math., Oxford Ser., 1942, 13, 69-82, and Gasper, G. and Rahman, M. Basic hypergeometric series. Second edition. Cambridge, 2004, p. 299, where q-difference equations for q-Appell functions were given with different notation. The q-difference equation for Phi(1) can also be written in canonical form, a q-analogue of [p. 146] Mellin, H. J. Uber den Zusammenhang zwischen den linearen Differential- und Differenzengleichunge, Acta Math., 1901, 25, 139-164.",scopus,llm,0.960,unreviewed,,doi:10.3176/proc.2009.2.01
discarded,Retinal isoforms of inosine 5′-monophosphate dehydrogenase type 1 are poor nucleic acid binding proteins,D. Xu,2008,Archives of Biochemistry and Biophysics,10.1016/j.abb.2008.02.012,https://www.scopus.com/inward/record.uri?partnerID=HzOxMe3b&scp=40949123783&origin=inward,off-topic-false-hit,"The RP 10 form of autosomal dominant retinitis pigmentosa (adRP) is caused by mutations in the widely expressed protein inosine 5'-monophosphate dehydrogenase type I (IMPDH1). These mutations have no effect on the enzymatic activity of IMPDH1, but do perturb the association of IMPDH1 with nucleic acids. Two newlydiscovered retinal-specific isoforms, IMPDH1(546) and IMPDH1(595), may provide the key to the photoreceptor specificity of disease [S.J. Bowne, Q. Liu, L.S. Sullivan, J. Zhu, C.J. Spellicy, C.B. Rickman, E.A. Pierce, S.P. Daiger, Invest. Ophthalmol. Vis. Sci. 47 (2006) 3754-3765]. Here we express and characterize the normal IMPDHI(546) and IMPDHI(595), together with their adRP-linked variants, D226N. The enzymatic activity of the purified IMPDHI(546), IMPDHI(595) and the D226N variants is indistinguishable from the canonical form. The intracellular distribution of IMPDH1 (546) and IMPDH1 (595) is also similar to the canonical IMPDH1 and unaffected by the D226N mutation. However, unlike the canonical IMPDHI, the retinal specific isoforms do not bind significant fractions of a random pool of oligonucleotides. This observation indicates that the C-terminal extension unique to the retinal isoforms blocks the nucleic acid binding site of IMPDHI, and thus uniquely regulates protein function within photoreceptors. (c) 2008 Elsevier Inc. All rights reserved.",scopus,llm,1.000,unreviewed,,doi:10.1016/j.abb.2008.02.012
discarded,A provably consistent method for imposing sparsity in feature-based SLAM information filters,M. Walter,2007,Springer Tracts in Advanced Robotics,10.1007/978-3-540-48113-3_20,https://www.scopus.com/inward/record.uri?partnerID=HzOxMe3b&scp=33947510889&origin=inward,adjacent-subtopic,,scopus,llm,0.940,unreviewed,,doi:10.1007/978-3-540-48113-3_20
discarded,Normal forms for general polynomial matrices,B. Beckermann,2006,Journal of Symbolic Computation,10.1016/j.jsc.2006.02.001,https://www.scopus.com/inward/record.uri?partnerID=HzOxMe3b&scp=33645972548&origin=inward,supports-claim; adjacent-subtopic; matrix/system normal form in mathematics or control,"We present an algorithm for the computation of a shifted Popov normal form of a rectangular polynomial matrix. For specific input shifts, we obtain methods for computing the matrix greatest common divisor of two matrix polynomials (in normal form) and procedures for such polynomial normal form computations as those of the classical Popov form and the Hermite normal form. The method involves embedding the problem of computing shifted forms into one of computing matrix rational approximants. This has the advantage of allowing for fraction-free computations over integral domains such as Z vertical bar z vertical bar and K[a(1),..., a(n),][z].

In the case of rectangular matrix input, the corresponding multipliers for the shifted forms are not unique. We use the concept of minimal matrix approximants to introduce a notion of minimal multipliers and show how such multipliers are computed by our methods. (c) 2006 Elsevier Ltd. All rights reserved.",scopus,llm_reviewed,0.780,changed,kept->discarded,doi:10.1016/j.jsc.2006.02.001
discarded,Digital algebra and circuits,J. Vuillemin,2004,Lecture Notes in Computer Science Including Subseries Lecture Notes in Artificial Intelligence and Lecture Notes in Bioinformatics,,https://www.scopus.com/inward/record.uri?partnerID=HzOxMe3b&scp=35248894957&origin=inward,adjacent-subtopic; hardware algebra,,scopus,llm_reviewed,0.650,confirmed,,hash:4e847c3b93bdfbc1
kept,A simple canonical representation of rational numbers,Y. Bertot,2003,Electronic Notes in Theoretical Computer Science,10.1016/S1571-0661(04)80754-0,https://www.scopus.com/inward/record.uri?partnerID=HzOxMe3b&scp=18944370368&origin=inward,supports-claim; rational-canonical,"Abstract We propose to use a simple inductive type as a basis to represent the field of rational numbers. We describe the relation between this representation of numbers and the representation as fractions of non-zero natural numbers. The usual operations of comparison, multiplication, and addition are then defined in a naive way. The whole construction is used to build a model of the set of rational numbers as an ordered archimedian field. All constructions have been modeled and verified in the Coq proof assistant.",scopus,llm_reviewed,1.000,confirmed,,doi:10.1016/s1571-0661(04)80754-0
discarded,A simulated annealing-based learning algorithm for boolean DNF,A. Albrecht,1999,Lecture Notes in Computer Science Including Subseries Lecture Notes in Artificial Intelligence and Lecture Notes in Bioinformatics,10.1007/3-540-46695-9_17,https://www.scopus.com/inward/record.uri?partnerID=HzOxMe3b&scp=84957714165&origin=inward,adjacent-subtopic,,scopus,llm,0.980,unreviewed,,doi:10.1007/3-540-46695-9_17
discarded,Cryptography with Cellular Automata,S. Wolfram,1986,Lecture Notes in Computer Science Including Subseries Lecture Notes in Artificial Intelligence and Lecture Notes in Bioinformatics,10.1007/3-540-39799-X_32,https://www.scopus.com/inward/record.uri?partnerID=HzOxMe3b&scp=84992720189&origin=inward,adjacent-subtopic,,scopus,llm,0.970,unreviewed,,doi:10.1007/3-540-39799-x_32
discarded,Acoustic Signal Detection by Simple Correlators in the Presence of Non-Gaussian Noise. I. Signal-to-Noise Ratios and Canonical Forms,D. Middleton,1962,Journal of the Acoustical Society of America,10.1121/1.1909059,https://www.scopus.com/inward/record.uri?partnerID=HzOxMe3b&scp=0000302989&origin=inward,off-topic-false-hit,"The detection of underwater acoustic signals by simple auto- and cross-correlation receivers in the presence of nonnormal, as well as normal background noise is examined on the basis of signal-to-noise ratios calculated from a generalized deflection criterion. Particular attention is devoted to the effects of impulse noise and mixtures of impulse and normal noise on system performance. Comparisons between system behavior vis-à-vis the two types of interference are made. For impulse noise equivalent in spectral distribution and average intensity to a Gaussian noise background it is found that the output signal-to-noise (power) ratios are related by the canonical expression (SN)I2 = (S/N)G21 + (1 − μ)Λ(S/N)G2, 0⩽μ⩽1, where Λ(⩾0) is the “impulse factor” and μ is the fraction (in average intensity) of the total noise background that is attributable to normal noise. Impulse noise always degrades system performance vis-à-vis normal noise in the autocorrelation reception of stochastic signals, characteristic of applications where passive receiving methods must be used. This degradation can be considerable [O(10 dB or more)] if the noise is highly impulsive (large Λ) and if large values of (S/N)out2(>0 dB) are required (for high accuracy of decision). On the other hand, when coherent (i.e., deterministic) signals are employed, so that cross-correlation reception is possible, the degradation may be reduced essentially to zero (i.e., Λ → 0) under realizable conditions of operation. It is observed for impulsive, as well as normal noise backgrounds, that cross-correlation receivers are linear in their dependence on signal-to-noise ratio, i.e., (S/N)out2∼(S/N)in2 if sufficiently strong injected signals are employed. The analysis is carried out largely in canonical form, so that the general results for (S/N)out2 can be applied to other, special types of nonnormal noise backgrounds. Specific relations are included, along with a detailed summary of the principal results, showing the dependence of (S/N)out2 on (S/N)in2, filtering, delay, noise and signal spectra, etc., for weak and strong inputs, little or heavy postcorrelation smoothing and for Gaussian as well as for impulse noise.",scopus,llm,1.000,unreviewed,,doi:10.1121/1.1909059
discarded,featureCounts: an efficient general purpose program for assigning sequence reads to genomic features,Yang Liao; Gordon K. Smyth; Wei Shi,2013,Bioinformatics,10.1093/bioinformatics/btt656,https://openalex.org/W2138207763,off-topic-false-hit,"MOTIVATION: Next-generation sequencing technologies generate millions of short sequence reads, which are usually aligned to a reference genome. In many applications, the key information required for downstream analysis is the number of reads mapping to each genomic feature, for example to each exon or each gene. The process of counting reads is called read summarization. Read summarization is required for a great variety of genomic analyses but has so far received relatively little attention in the literature. RESULTS: We present featureCounts, a read summarization program suitable for counting reads generated from either RNA or genomic DNA sequencing experiments. featureCounts implements highly efficient chromosome hashing and feature blocking techniques. It is considerably faster than existing methods (by an order of magnitude for gene-level summarization) and requires far less computer memory. It works with either single or paired-end reads and provides a wide range of options appropriate for different sequencing applications. AVAILABILITY AND IMPLEMENTATION: featureCounts is available under GNU General Public License as part of the Subread (http://subread.sourceforge.net) or Rsubread (http://www.bioconductor.org) software packages.",openalex,llm,0.990,unreviewed,,doi:10.1093/bioinformatics/btt656
discarded,Semantic hashing,Ruslan Salakhutdinov; Geoffrey E. Hinton,2008,International Journal of Approximate Reasoning,10.1016/j.ijar.2008.11.006,https://openalex.org/W2913932916,adjacent-subtopic,"We show how to learn a deep graphical model of the word-count vectors obtained from a large set of documents. The values of the latent variables in the deepest layer are easy to infer and give a much better representation of each document than Latent Semantic Analysis. When the deepest layer is forced to use a small number of binary variables (e.g. 32), the graphical model performs ""semantic hashing"": Documents are mapped to memory addresses in such a way that semantically similar documents are located at nearby addresses. Documents similar to a query document can then be found by simply accessing all the addresses that differ by only a few bits from the address of the query document. This way of extending the efficiency of hash-coding to approximate matching is Much faster than locality sensitive hashing, which is the fastest current method. By using semantic hashing to filter the documents given to TF-IDF, we achieve higher accuracy than applying TF-IDF to the entire document set. (C) 2008 Elsevier Inc. All rights reserved.",openalex,llm,0.990,unreviewed,,doi:10.1016/j.ijar.2008.11.006
discarded,The Perseus computational platform for comprehensive analysis of (prote)omics data,Stefka Tyanova; Tikira Temu; Pavel G. Sinitcyn; Arthur Carlson; Marco Y. Hein; Tamar Geiger; Matthias Mann; Jürgen Cox,2016,Nature Methods,10.1038/nmeth.3901,https://openalex.org/W2463195069,off-topic-false-hit,"A main bottleneck in proteomics is the downstream biological analysis of highly multivariate quantitative protein abundance data generated using mass spectrometry-based analysis. We developed the Perseus software platform (http://www.perseus-framework.org) to support biological and biomedical researchers in interpreting protein quantification, interaction and post-translational modification data. Perseus contains a comprehensive portfolio of statistical toots for high-dimensional omics data analysis covering normalization, pattern recognition, time-series analysis, cross-omics comparisons and multiple hypothesis testing. A machine learning module supports the classification and validation of patient groups for diagnosis and prognosis, and it also detects predictive protein signatures. Central to Perseus is a user-friendly, interactive workflow environment that provides complete documentation of computational methods used in a publication. ALL activities in Perseus are realized as plugins, and users can extend the software by programming their own, which can be shared through a plugin store. We anticipate that Perseus's arsenal of algorithms and its intuitive usability will empower interdisciplinary analysis of complex large data sets.",openalex,llm,1.000,unreviewed,,doi:10.1038/nmeth.3901
discarded,Automated Anatomical Labeling of Activations in SPM Using a Macroscopic Anatomical Parcellation of the MNI MRI Single-Subject Brain,Nathalie Tzourio‐Mazoyer; Brigitte Landeau; Dimitri Papathanassiou; Fabrice Crivello; Olivier Etard; Nicolas Delcroix; Bernard M. Mazoyer; Marc Joliot,2002,NeuroImage,10.1006/nimg.2001.0978,https://openalex.org/W2058046532,off-topic-false-hit,"An anatomical parcellation of the spatially normalized single-subject high-resolution T1 volume provided by the Montreal Neurological Institute (MNI) (D. L. Collins et al., 1998, Trans. Med. Imag. 17, 463-468) was performed. The MNI single-subject main sulci were first delineated and further used as landmarks for the 3D definition of 45 anatomical volumes of interest (AVOI) in each hemisphere. This procedure was performed using a dedicated software which allowed a 3D following of the sulci course on the edited brain. Regions of interest were then drawn manually with the same software every 2 mm on the axial slices of the high-resolution MNI single subject. The 90 AVOI were reconstructed and assigned a label. Using this parcellation method, three procedures to perform the automated anatomical labeling of functional studies are proposed: (1) labeling of an extremum defined by a set of coordinates, (2) percentage of voxels belonging to each of the AVOI intersected by a sphere centered by a set of coordinates, and (3) percentage of voxels belonging to each of the AVOI intersected by an activated cluster. An interface with the Statistical Parametric Mapping package (SPM, J. Ashburner and K. J. Friston, 1999, Hum. Brain Mapp. 7, 254-266) is provided as a freeware to researchers of the neuroimaging community. We believe that this tool is an improvement for the macroscopical labeling of activated area compared to labeling assessed using the Talairach atlas brain in which deformations are well known. However, this tool does not alleviate the need for more sophisticated labeling strategies based on anatomical or cytoarchitectonic probabilistic maps. (C) 2002 Elsevier Science.",openalex,llm,1.000,unreviewed,,doi:10.1006/nimg.2001.0978
discarded,Development of a new family of normalized modulus reduction and material damping curves,Mehmet Baris Darendeli,2001,Texas ScholarWorks (Texas Digital Library),,https://openalex.org/W1908325611,off-topic-false-hit,"As part of various research projects [including the SRS (Savannah River Site) Project AA891070, EPRI (Electric Power Research Institute) Project 3302, and ROSRINE (Resolution of Site Response Issues from the Northridge Earthquake) Project], numerous geotechnical sites were drilled and sampled. Intact soil samples over a depth range of several hundred meters were recovered from 20 of these sites. These soil samples were tested in the laboratory at The University of Texas at Austin (UTA) to characterize the materials dynamically. The presence of a database accumulated from testing these intact specimens motivated a reevaluation of empirical curves employed in the state of practice. The weaknesses of empirical curves reported in the literature were identified and the necessity of viii developing an improved set of empirical curves was recognized. This study focused on developing the empirical framework that can be used to generate normalized modulus reduction and material damping curves. This framework is composed of simple equations, which incorporate the key parameters that control nonlinear soil behavior. The data collected over the past decade at The University of Texas at Austin are statistically analyzed using First-order, Second-moment Bayesian Method (FSBM). The effects of various parameters (such as confining pressure and soil plasticity) on dynamic soil properties are evaluated and quantified within this framework. One of the most important aspects of this study is estimating not only the mean values of the empirical curves but also estimating the uncertainty associated with these values. This study provides the opportunity to handle uncertainty in the empirical estimates of dynamic soil properties within the probabilistic seismic hazard analysis framework. A refinement in site-specific probabilistic seismic hazard assessment is expected to materialize in the near future by incorporating the results of this study into the state of practice.",openalex,llm,1.000,unreviewed,,hash:4c3032336d8a2fed
discarded,phyloseq: An R Package for Reproducible Interactive Analysis and Graphics of Microbiome Census Data,Paul J. McMurdie; Susan Holmes,2013,PLoS ONE,10.1371/journal.pone.0061217,https://openalex.org/W2056279562,off-topic-false-hit,"BACKGROUND: the analysis of microbial communities through dna sequencing brings many challenges: the integration of different types of data with methods from ecology, genetics, phylogenetics, multivariate statistics, visualization and testing. With the increased breadth of experimental designs now being pursued, project-specific statistical analyses are often needed, and these analyses are often difficult (or impossible) for peer researchers to independently reproduce. The vast majority of the requisite tools for performing these analyses reproducibly are already implemented in R and its extensions (packages), but with limited support for high throughput microbiome census data. RESULTS: Here we describe a software project, phyloseq, dedicated to the object-oriented representation and analysis of microbiome census data in R. It supports importing data from a variety of common formats, as well as many analysis techniques. These include calibration, filtering, subsetting, agglomeration, multi-table comparisons, diversity analysis, parallelized Fast UniFrac, ordination methods, and production of publication-quality graphics; all in a manner that is easy to document, share, and modify. We show how to apply functions from other R packages to phyloseq-represented data, illustrating the availability of a large number of open source analysis techniques. We discuss the use of phyloseq with tools for reproducible research, a practice common in other fields but still rare in the analysis of highly parallel microbiome census data. We have made available all of the materials necessary to completely reproduce the analysis and figures included in this article, an example of best practices for reproducible research. CONCLUSIONS: The phyloseq project for R is a new open-source software package, freely available on the web from both GitHub and Bioconductor.",openalex,llm,0.990,unreviewed,,doi:10.1371/journal.pone.0061217
