status,title,authors,year,venue,doi,url,tags,abstract,provider,decision_source,llm_confidence,llm_review_outcome,llm_change_direction,paper_id
discarded,Low-leakage secure search for boolean expressions,F. Krell,2017,Lecture Notes in Computer Science Including Subseries Lecture Notes in Artificial Intelligence and Lecture Notes in Bioinformatics,10.1007/978-3-319-52153-4_23,https://www.scopus.com/inward/record.uri?partnerID=HzOxMe3b&scp=85009469574&origin=inward,adjacent-subtopic,"Schemes for encrypted search face inherent trade-offs between efficiency and privacy guarantees. Whereas search in plaintext can leverage efficient structures to achieve sublinear query time in the data size, similar performance is harder to achieve for secure search. Oblivious RAM (ORAM) techniques can provide the desired efficiency for simple look-ups, but do not address the needs of complex search protocols. Several recent works achieve efficiency at the price of revealing the access pattern. We propose a new encrypted search scheme that reduces the leakage of current Boolean queries solutions, while introducing limited overhead and preserving the sublinear efficiency properties for the search protocol in the semi-honest model. Our scheme achieves a privacy-efficiency trade-off that lies between highly optimized systems such as Blind Seer [18] and OXT-OSPIR [15], which exhibit significant access pattern leakage, and the secure search solution of Gentry et al. [8], which has no leakage, but a much higher efficiency cost.

Our solution is based on a hybrid approach, which integrates ORAM techniques with the efficient search index structure of the Blind Seer system. We reduce the leakage to the server to only the number of nodes visited in the search tree during query execution. Queries that execute in sublinear time in Blind Seer execute also in sublinear time in our scheme.

To enable delegated queries, we develop a new protocol for oblivious PRF sum evaluation and perform secure Boolean queries in a Bloom filter that reveals only the match result.

We also enable oblivious-search token generation to hide the specifics of the delegated query from the data owner issuing the search tokens. We evaluated our system by implementing a prototype and testing it on a 100,000-record database. Our results indicate that the index can be traversed at a rate of a few seconds per matching record for both conjunction and small Disjunctive Normal Form queries.",scopus,llm,0.970,unreviewed,,doi:10.1007/978-3-319-52153-4_23
discarded,Termination of canonical context-sensitive rewriting and productivity of rewrite systems,S. Lucas,2015,Electronic Proceedings in Theoretical Computer Science Eptcs,10.4204/EPTCS.200.2,https://www.scopus.com/inward/record.uri?partnerID=HzOxMe3b&scp=84957975518&origin=inward,"qualifies-claim; adjacent-subtopic; normal forms in rewriting, logic or type theory","Termination of programs, i.e., the absence of infinite computations, ensures the existence of normal forms for all initial expressions, thus providing an essential ingredient for the definition of a normalization semantics for functional programs. In lazy functional languages, though, infinite data structures are often delivered as the outcome of computations. For instance, the list of all prime numbers can be returned as a neverending stream of numerical expressions or data structures. If such streams are allowed, requiring termination is hopeless. In this setting, the notion of productivity can be used to provide an account of computations with infinite data structures, as it ""captures the idea of computability, of progress of infinite-list programs"" (B.A. Sijtsma, On the Productivity of Recursive List Definitions, ACM Transactions on Programming Languages and Systems 11(4):633-649, 1989). However, in the realm of Term Rewriting Systems, which can be seen as (first-order, untyped, unconditional) functional programs, termination of Context-Sensitive Rewriting (CSR) has been showed equivalent to productivity of rewrite systems through appropriate transformations. In this way, tools for proving termination of CSR can be used to prove productivity. In term rewriting, CSR is the restriction of rewriting that arises when reductions are allowed on selected arguments of function symbols only. In this paper we show that well-known results about the computational power of CSR are useful to better understand the existing connections between productivity of rewrite systems and termination of CSR, and also to obtain more powerful techniques to prove productivity of rewrite systems.",scopus,llm_reviewed,0.860,changed,kept->discarded,doi:10.4204/eptcs.200.2
discarded,Neutral parametric canonical form for 2d and 3d wireframe cad geometry,R. Freeman,2015,ASME International Mechanical Engineering Congress and Exposition Proceedings Imece,10.1115/IMECE201551969,https://www.scopus.com/inward/record.uri?partnerID=HzOxMe3b&scp=84982924181&origin=inward,adjacent-subtopic,,scopus,llm,0.730,unreviewed,,doi:10.1115/imece201551969
discarded,Neurovascular network explorer 1.0: A database of 2-photon single-vessel diameter measurements with MATLAB® graphical user interface,V.B. Sridhar,2014,Frontiers in Neuroinformatics,10.3389/fninf.2014.00056,https://www.scopus.com/inward/record.uri?partnerID=HzOxMe3b&scp=84901254125&origin=inward,off-topic-false-hit,"We present a database client software—Neurovascular Network Explorer 1.0 (NNE 1.0)—that uses MATLAB® based Graphical User Interface (GUI) for interaction with a database of 2-photon single-vessel diameter measurements from our previous publication (Tian et al., 2010). These data are of particular interest for modeling the hemodynamic response. NNE 1.0 is downloaded by the user and then runs either as a MATLAB script or as a standalone program on a Windows platform. The GUI allows browsing the database according to parameters specified by the user, simple manipulation and visualization of the retrieved records (such as averaging and peak-normalization), and export of the results. Further, we provide NNE 1.0 source code. With this source code, the user can database their own experimental results, given the appropriate data structure and naming conventions, and thus share their data in a user-friendly format with other investigators. NNE 1.0 provides an example of seamless and low-cost solution for sharing of experimental data by a regular size neuroscience laboratory and may serve as a general template, facilitating dissemination of biological results and accelerating data-driven modeling approaches.",scopus,llm,0.990,unreviewed,,doi:10.3389/fninf.2014.00056
discarded,"Succinctness of valued decision diagrams. Normalization, heuristics and experiments",H. Fargier,2014,Revue D Intelligence Artificielle,10.3166/RIA.28.571-592,https://www.scopus.com/inward/record.uri?partnerID=HzOxMe3b&scp=84951271660&origin=inward,qualifies-claim; adjacent-subtopic; canonical representation in hardware verification or data structures; the cited BDD/graph examples carry the point,"Les diagrammes de décision valués (VDDs) sont particulièrement intéressants pour la compilation de problèmes de satisfaction de contraintes valuées (VCSPs). L'intérêt des différents langages de la famille VDD (en particulier, les langages ADD, SLDD, AADD) est qu'ils admettent des algorithmes en temps polynomial pour des traitements (comme l'optimisation) qui ne sont pas polynomiaux à partir des VCSPs de départ. Comme l'efficacité pratique de tels traitements dépend de la taille du VDD compilée obtenu, il est important d'obtenir une forme la plus compacte possible. Nous décrivons dans cet article quelques résultats issus de nos travaux sur la compacité expérimentale des VDDs. Nous présentons un compilateur ascendant de VCSPs en SLDD+ et SLDD, un jeu d'heuristiques d'ordonnancement des variables, ainsi que des procédures de traduction des langages SLDD+ et SLDD_ vers les langages ADD et AADD. Les différents langages cibles et les heuristiques ont été testés sur deux familles de jeux d'essai, des VCSPs additifs représentant des problèmes de configuration de voitures avec fonctions de coût, et des VCSPs multiplicatifs représentant des réseaux bayésiens. Il apparaît que, bien que le langage AADD soit strictement plus succinct en théorie que SLDD+ et SLDD_, ces deux langages conviennent bien en pratique quand il s'agit de compiler des problèmes de nature purement additive (respectivement purement multiplicative).",scopus,llm_reviewed,0.820,changed,kept->discarded,doi:10.3166/ria.28.571-592
discarded,TrieFinder: An efficient program for annotating Digital Gene Expression (DGE) tags,G. Renaud,2014,BMC Bioinformatics,10.1186/1471-2105-15-329,https://www.scopus.com/inward/record.uri?partnerID=HzOxMe3b&scp=84910127238&origin=inward,off-topic-false-hit,"Quantification of a transcriptional profile is a useful way to evaluate the activity of a cell at a given point in time. Although RNA-Seq has revolutionized transcriptional profiling, the costs of RNA-Seq are still significantly higher than microarrays, and often the depth of data delivered from RNA-Seq is in excess of what is needed for simple transcript quantification. Digital Gene Expression (DGE) is a cost-effective, sequence-based approach for simple transcript quantification: by sequencing one read per molecule of RNA, this technique can be used to efficiently count transcripts while obviating the need for transcript-length normalization and reducing the total numbers of reads necessary for accurate quantification. Here, we present trieFinder, a program specifically designed to rapidly map, parse, and annotate DGE tags of various lengths against cDNA and/or genomic sequence databases. The trieFinder algorithm maps DGE tags in a two-step process. First, it scans FASTA files of RefSeq, UniGene, and genomic DNA sequences to create a database of all tags that can be derived from a predefined restriction site. Next, it compares the experimental DGE tags to this tag database, taking advantage of the fact that the tags are stored as a prefix tree, or “trie”, which allows for linear-time searches for exact matches. DGE tags with mismatches are analyzed by recursive calls in the data structure. We find that, in terms of alignment speed, the mapping functionality of trieFinder compares favorably with Bowtie. trieFinder can quickly provide the user an annotation of the DGE tags from three sources simultaneously, simplifying transcript quantification and novel transcript detection, delivering the data in a simple parsed format, obviating the need to post-process the alignment results. trieFinder is available at http://research.nhgri.nih.gov/software/trieFinder/.",scopus,llm,0.990,unreviewed,,doi:10.1186/1471-2105-15-329
discarded,An overview of C-XSC as a tool for interval arithmetic and its application in computing verified uncertain probabilistic models under Dempster-Shafer theory,M. Zimmer,2013,Soft Computing,10.1007/s00500-013-1014-x,https://www.scopus.com/inward/record.uri?partnerID=HzOxMe3b&scp=84880955089&origin=inward,adjacent-subtopic,"Interval arithmetic can be a useful tool in soft computing. However, working with intervals requires specialized algorithms and appropriate data structures. In this paper, we give an overview of the C++ library C-XSC, which provides many useful data types and functions for (verified) scientific computing, with a special focus on interval arithmetic. We describe its basic features and focus especially on some recent new features that significantly broaden the range of uses of C-XSC, such as dot products in K-fold double precision, sparse data types and BLAS support. In a second section, we describe an application of C-XSC in soft computing in the form of an interface between C-XSC and MATLAB for the DSI-Toolbox, which combines Dempster-Shafer theory to model uncertain data with verified interval arithmetic. For some applications, utilizing C-XSC in MATLAB (or as a standalone) can be more effective than the widely used INTLAB extension for MATLAB, due to the lack of interpretation overhead. As an example, we use C-XSC for the normalization function in the DSI-Toolbox and compare the results and performance to those provided by INTLAB. Using C-XSC in MATLAB also extends the functionality of MATLAB/INTLAB. As an example, the interval error function of C-XSC (this function is not provided by INTLAB) is utilized via a MEX-interface for the verified sampling of the cumulative normal distribution.",scopus,llm,0.920,unreviewed,,doi:10.1007/s00500-013-1014-x
discarded,A short history of SHELX,George M. Sheldrick,2007,Acta Crystallographica Section A Foundations of Crystallography,10.1107/s0108767307043930,https://openalex.org/W2131350133,off-topic-false-hit,"An account is given of the development of the SHELX system of computer programs from SHELX-76 to the present day. In addition to identifying useful innovations that have come into general use through their implementation in SHELX, a critical analysis is presented of the less-successful features, missed opportunities and desirable improvements for future releases of the software. An attempt is made to understand how a program originally designed for photographic intensity data, punched cards and computers over 10000 times slower than an average modern personal computer has managed to survive for so long. SHELXL is the most widely used program for small-molecule refinement and SHELXS and SHELXD are often employed for structure solution despite the availability of objectively superior programs. SHELXL also finds a niche for the refinement of macromolecules against high-resolution or twinned data; SHELXPRO acts as an interface for macromolecular applications. SHELXC, SHELXD and SHELXE are proving useful for the experimental phasing of macromolecules, especially because they are fast and robust and so are often employed in pipelines for high-throughput phasing. This paper could serve as a general literature citation when one or more of the open-source SHELX programs (and the Bruker AXS version SHELXTL) are employed in the course of a crystal-structure determination.",openalex,llm,0.980,unreviewed,,doi:10.1107/s0108767307043930
discarded,"PyTorch: An Imperative Style, High-Performance Deep Learning Library","Adam Paszke; Sam Gross; Francisco Massa; Adam K. Lerer; James Bradbury; Gregory Chanan; Trevor Killeen; Zeming Lin; Natalia E. Gimelshein; Luca Antiga; Alban Desmaison; Köpf, Andreas; Edward Z. Yang; Zachary DeVito; Martin Raison; Alykhan Tejani; Sasank Chilamkurthy; Benoit Steiner; Lu Fang; Junjie Bai; Soumith Chintala",2019,arXiv (Cornell University),10.48550/arxiv.1912.01703,https://openalex.org/W2970971581,adjacent-subtopic,"Deep learning frameworks have often focused on either usability or speed, but not both. PyTorch is a machine learning library that shows that these two goals are in fact compatible: it provides an imperative and Pythonic programming style that supports code as a model, makes debugging easy and is consistent with other popular scientific computing libraries, while remaining efficient and supporting hardware accelerators such as GPUs. In this paper, we detail the principles that drove the implementation of PyTorch and how they are reflected in its architecture. We emphasize that every aspect of PyTorch is a regular Python program under the full control of its user. We also explain how the careful and pragmatic implementation of the key components of its runtime enables them to work together to achieve compelling performance. We demonstrate the efficiency of individual subsystems, as well as the overall speed of PyTorch on several common benchmarks.",openalex,llm,0.980,unreviewed,,doi:10.48550/arxiv.1912.01703
discarded,CHARMM: The biomolecular simulation program,Bernard R. Brooks; Charles L. Brooks; Alexander D. MacKerell; Lennart Nilsson; Robert John Petrella; Benoı̂t Roux; Youngdo Won; Georgios Archontis; Christian Bartels; Stefan Boresch; Amedeo Caflisch; Leo S. D. Caves; Qiang Cui; Aaron R. Dinner; Michael Feig; Stefan Fischer; Jun Gao; Milan Hodošček; Wonpil Im; Krzysztof Kuczera; Themis Lazaridis; Jianpeng Ma; Victor Ovchinnikov; Emanuele Paci; Richard W. Pastor; Carol Beth Post; Jingzhi Pu; Michael R. Schaefer; Bruce Tidor; Richard M. Venable; H. Lee Woodcock; Xiaojing Wu; Wei Yuan Yang; Darrin M. York; Martin Karplus,2009,Journal of Computational Chemistry,10.1002/jcc.21287,https://openalex.org/W2132262459,off-topic-false-hit,"CHARMM (Chemistry at HARvard Molecular Mechanics) is a highly versatile and widely used molecular simulation program. It has been developed over the last three decades with a primary focus on molecules of biological interest, including proteins, peptides, lipids, nucleic acids, carbohydrates, and small molecule ligands, as they occur in solution, crystals, and membrane environments. For the study of such systems, the program provides a large suite of computational tools that include numerous conformational and path sampling methods, free energy estimators, molecular minimization, dynamics, and analysis techniques, and model-building capabilities. The CHARMM program is applicable to problems involving a much broader class of many-particle systems. Calculations with CHARMM can be performed using a number of different energy functions and models, from mixed quantum mechanical-molecular mechanical force fields, to all-atom classical potential energy functions with explicit solvent and various boundary conditions, to implicit solvent and membrane models. The program has been ported to numerous platforms in both serial and parallel architectures. This article provides an overview of the program as it exists today with an emphasis on developments since the publication of the original CHARMM article in 1983.",openalex,llm,0.990,unreviewed,,doi:10.1002/jcc.21287
discarded,A relational model of data for large shared data banks,E. F. Codd,1970,Communications of the ACM,10.1145/362384.362685,https://openalex.org/W2185907055,adjacent-subtopic,"Future users of large data banks must be protected from having to know how the data is organized in the machine (the internal representation). A prompting service which supplies such information is not a satisfactory solution. Activities of users at terminals and most application programs should remain unaffected when the internal representation of data is changed and even when some aspects of the external representation are changed. Changes in data representation will often be needed as a result of changes in query, update, and report traffic and natural growth in the types of stored information. Existing noninferential, formatted data systems provide users with tree-structured files or slightly more general network models of the data. In Section 1, inadequacies of these models are discussed. A model based on n -ary relations, a normal form for data base relations, and the concept of a universal data sublanguage are introduced. In Section 2, certain operations on relations (other than logical inference) are discussed and applied to the problems of redundancy and consistency in the user's model.",openalex,llm,0.980,unreviewed,,doi:10.1145/362384.362685
discarded,TIMESAT—a program for analyzing time-series of satellite sensor data,Per Jönsson; Lars Eklundh,2004,Computers & Geosciences,10.1016/j.cageo.2004.05.006,https://openalex.org/W2138751033,off-topic-false-hit,"Three different least-squares methods for processing time-series of satellite sensor data are presented. The first method uses local polynomial functions and can be classified as an adaptive Savitzky-Golay filter. The other two methods are more clear cut least-squares methods, where data are fit to a basis of harmonic functions and asymmetric Gaussian functions, respectively. The methods incorporate qualitative information on cloud contamination from ancillary datasets. The resulting smooth curves are used for extracting seasonal parameters related to the growing seasons. The methods are implemented in a computer program, TIMESAT, and applied to NASA/NOAA Pathfinder AVHRR Land Normalized Difference Vegetation Index data over Africa, giving spatially coherent images of seasonal parameters such as beginnings and ends of growing seasons, seasonally integrated NDVI and seasonal amplitudes. Based on general principles, the TIMESAT program can be used also for other types of satellite-derived time-series data. (C) 2004 Elsevier Ltd. All rights reserved.",openalex,llm,0.990,unreviewed,,doi:10.1016/j.cageo.2004.05.006
