status,title,authors,year,venue,doi,url,tags,abstract,provider,decision_source,llm_confidence,llm_review_outcome,llm_change_direction,paper_id
discarded,"A review on machine learning in 3D printing: applications, potential, and challenges",Guo Dong Goh; Swee Leong Sing; Wai Yee Yeong,2020,Artificial Intelligence Review,10.1007/s10462-020-09876-9,https://openalex.org/W3043532440,off-topic-false-hit,"Additive manufacturing (AM) or 3D printing is growing rapidly in the manufacturing industry and has gained a lot of attention from various fields owing to its ability to fabricate parts with complex features. The reliability of the 3D printed parts has been the focus of the researchers to realize AM as an end-part production tool. Machine learning (ML) has been applied in various aspects of AM to improve the whole design and manufacturing workflow especially in the era of industry 4.0. In this review article, various types of ML techniques are first introduced. It is then followed by the discussion on their use in various aspects of AM such as design for 3D printing, material tuning, process optimization, in situ monitoring, cloud service, and cybersecurity. Potential applications in the biomedical, tissue engineering and building and construction will be highlighted. The challenges faced by ML in AM such as computational cost, standards for qualification and data acquisition techniques will also be discussed. In the authors' perspective, in situ monitoring of AM processes will significantly benefit from the object detection ability of ML. As a large data set is crucial for ML, data sharing of AM would enable faster adoption of ML in AM. Standards for the shared data are needed to facilitate easy sharing of data. The use of ML in AM will become more mature and widely adopted as better data acquisition techniques and more powerful computer chips for ML are developed.",openalex,llm,1.000,unreviewed,,doi:10.1007/s10462-020-09876-9
discarded,A New Normal-Form Theorem for Context-Free Phrase Structure Grammars,Sheila A. Greibach,1965,Journal of the ACM,10.1145/321250.321254,https://openalex.org/W2010117085,adjacent-subtopic,"A context>free phrase structure general~or is in..~landard jb~'m if and only if alt of its rules are of the form: Z -, aY~, ... , Y,~ where Z and Yi are intermediate symbels and a is a l~erminM symbol, so that one input., symbol is processed at each s-tep.Standard form is eonvenien(~ for computer manipulation of eontext-free languages.A proof is given that every context-free phrase structure generator is strongly equivalent to one in standard form; it, is in the form of an algorithm now being prograrr~med, and offers an independent proo[' of a variant of the Chomsky-Setditzenberger 1tortoni form theorem.",openalex,llm,0.960,unreviewed,,doi:10.1145/321250.321254
discarded,backus normal form vs. Backus Naur form,Donald E. Knuth,1964,Communications of the ACM,10.1145/355588.365140,https://openalex.org/W2020563325,adjacent-subtopic,No abstract available.,openalex,llm,0.980,unreviewed,,doi:10.1145/355588.365140
discarded,Debugging Incoherent Terminologies,Stefan Schlobach; Zhisheng Huang; Ronald Cornet; Frank van Harmelen,2007,Journal of Automated Reasoning,10.1007/s10817-007-9076-z,https://openalex.org/W2081966954,adjacent-subtopic,"In this paper we study the diagnosis and repair of incoherent terminologies. We define a number of new nonstandard reasoning services to explain incoherence through pinpointing, and we present algorithms for all of these services. For one of the core tasks of debugging, the calculation of minimal unsatisfiability preserving subterminologies, we developed two different algorithms, one implementing a bottom-up approach using support of an external description logic reasoner, the other implementing a specialized tableau-based calculus. Both algorithms have been prototypically implemented. We study the effectiveness of our algorithms in two ways: we present a realistic case study where we diagnose a terminology used in a practical application, and we perform controlled benchmark experiments to get a better understanding of the computational properties of our algorithms in particular and the debugging problem in general.",openalex,llm,0.970,unreviewed,,doi:10.1007/s10817-007-9076-z
discarded,Cellulose Nanocrystal Inks for 3D Printing of Textured Cellular Architectures,Gilberto De Freitas Siqueira; Dimitri Kokkinis; Rafael Libanori; Michael K. Hausmann; A. Sydney Gladman; Antonia Neels; Philippe Tingaut; Tanja Zimmermann; Jennifer A. Lewis; André R. Studart,2017,Advanced Functional Materials,10.1002/adfm.201604619,https://openalex.org/W2587752517,off-topic-false-hit,"3D printing of renewable building blocks like cellulose nanocrystals offers an attractive pathway for fabricating sustainable structures. Here, viscoelastic inks composed of anisotropic cellulose nanocrystals (CNC) that enable patterning of 3D objects by direct ink writing are designed and formulated. These concentrated inks are composed of CNC particles suspended in either water or a photopolymerizable monomer solution. The shear‐induced alignment of these anisotropic building blocks during printing is quantified by atomic force microscopy, polarized light microscopy, and 2D wide‐angle X‐ray scattering measurements. Akin to the microreinforcing effect in plant cell walls, the alignment of CNC particles during direct writing yields textured composites with enhanced stiffness along the printing direction. The observations serve as an important step forward toward the development of sustainable materials for 3D printing of cellular architectures with tailored mechanical properties.",openalex,llm,1.000,unreviewed,,doi:10.1002/adfm.201604619
discarded,FDM 3D Printing of Polymers Containing Natural Fillers: A Review of their Mechanical Properties,Valentina Mazzanti; Lorenzo Malagutti; Francesco Mollica,2019,Polymers,10.3390/polym11071094,https://openalex.org/W2956108599,off-topic-false-hit,"As biodegradable thermoplastics are more and more penetrating the market of filaments for fused deposition modeling (FDM) 3D printing, fillers in the form of natural fibers are convenient: They have the clear advantage of reducing cost, yet retaining the filament biodegradability characteristics. In plastics that are processed through standard techniques (e.g., extrusion or injection molding), natural fibers have a mild reinforcing function, improving stiffness and strength, it is thus interesting to evaluate whether the same holds true also in the case of FDM produced components. The results analyzed in this review show that the mechanical properties of the most common materials, i.e., acrylonitrile-butadiene-styrene (ABS) and PLA, do not benefit from biofillers, while other less widely used polymers, such as the polyolefins, are found to become more performant. Much research has been devoted to studying the effect of additive formulation and processing parameters on the mechanical properties of biofilled 3D printed specimens. The results look promising due to the relevant number of articles published in this field in the last few years. This notwithstanding, not all aspects have been explored and more could potentially be obtained through modifications of the usual FDM techniques and the devices that have been used so far.",openalex,llm,1.000,unreviewed,,doi:10.3390/polym11071094
discarded,ANGSD: Analysis of Next Generation Sequencing Data,Thorfinn Sand Korneliussen; Anders Albrechtsen; Rasmus Nielsen,2014,BMC Bioinformatics,10.1186/s12859-014-0356-4,https://openalex.org/W2129034036,off-topic-false-hit,"BACKGROUND: High-throughput DNA sequencing technologies are generating vast amounts of data. Fast, flexible and memory efficient implementations are needed in order to facilitate analyses of thousands of samples simultaneously. RESULTS: We present a multithreaded program suite called ANGSD. This program can calculate various summary statistics, and perform association mapping and population genetic analyses utilizing the full information in next generation sequencing data by working directly on the raw sequencing data or by using genotype likelihoods. CONCLUSIONS: The open source c/c++ program ANGSD is available at http://www.popgen.dk/angsd . The program is tested and validated on GNU/Linux systems. The program facilitates multiple input formats including BAM and imputed beagle genotype probability files. The program allow the user to choose between combinations of existing methods and can perform analysis that is not implemented elsewhere.",openalex,llm,0.990,unreviewed,,doi:10.1186/s12859-014-0356-4
discarded,Automatic detection and repair of errors in data structures,Brian Charles Demsky; Martin Rinard,2003,,10.1145/949305.949314,https://openalex.org/W2098010463,adjacent-subtopic,"We present a system that accepts a specification of key data structure consistency constraints, then dynamically detects and repairs violations of these constraints, enabling the program to continue to execute productively even in the face of otherwise crippling errors. Our experience using our system indicates that the specifications are relatively easy to develop once one understands the data structures. Furthermore, for our set of benchmark applications, our system can effectively repair inconsistent data structures and enable the program to continue to operate successfully.",openalex,llm,0.950,unreviewed,,doi:10.1145/949305.949314
discarded,"Linear, bounded, functional pretty-printing",S. Doaitse Swierstra; Olaf Chitil,2008,Journal of Functional Programming,10.1017/s0956796808006990,https://openalex.org/W2132310898,adjacent-subtopic,Abstract We present two implementations of Oppen's pretty-printing algorithm in Haskell that meet the efficiency of Oppen's imperative solution but have a simpler and a clear structure. We start with an implementation that uses lazy evaluation to simulate two co-operating processes. Then we present an implementation that uses higher-order functions for delimited continuations to simulate co-routines with explicit scheduling.,openalex,llm,0.980,unreviewed,,doi:10.1017/s0956796808006990
discarded,Three-dimensional printing of Hela cells for cervical tumor model in vitro,Yu Zhao; Rui Ray Yao; Liliang Ouyang; Hongxu Ding; Ting Zhang; Kaitai Zhang; Shujun Cheng; Wei Sun,2014,Biofabrication,10.1088/1758-5082/6/3/035001,https://openalex.org/W2013133290,off-topic-false-hit,"Advances in three-dimensional (3D) printing have enabled the direct assembly of cells and extracellular matrix materials to form in vitro cellular models for 3D biology, the study of disease pathogenesis and new drug discovery. In this study, we report a method of 3D printing for Hela cells and gelatin/alginate/fibrinogen hydrogels to construct in vitro cervical tumor models. Cell proliferation, matrix metalloproteinase (MMP) protein expression and chemoresistance were measured in the printed 3D cervical tumor models and compared with conventional 2D planar culture models. Over 90% cell viability was observed using the defined printing process. Comparisons of 3D and 2D results revealed that Hela cells showed a higher proliferation rate in the printed 3D environment and tended to form cellular spheroids, but formed monolayer cell sheets in 2D culture. Hela cells in 3D printed models also showed higher MMP protein expression and higher chemoresistance than those in 2D culture. These new biological characteristics from the printed 3D tumor models in vitro as well as the novel 3D cell printing technology may help the evolution of 3D cancer study.",openalex,llm,1.000,unreviewed,,doi:10.1088/1758-5082/6/3/035001
discarded,Projection-based runtime assertions for testing and debugging Quantum programs,Gushu Li; Li Zhou; Nengkun Yu; Yufei Ding; Mingsheng Ying; Yuan Xie,2020,Proceedings of the ACM on Programming Languages,10.1145/3428218,https://openalex.org/W3109961245,adjacent-subtopic,"In this paper, we propose Proq, a runtime assertion scheme for testing and debugging quantum programs on a quantum computer. The predicates in Proq are represented by projections (or equivalently, closed subspaces of the state space), following Birkhoff-von Neumann quantum logic. The satisfaction of a projection by a quantum state can be directly checked upon a small number of projective measurements rather than a large number of repeated executions. On the theory side, we rigorously prove that checking projection-based assertions can help locate bugs or statistically assure that the semantic function of the tested program is close to what we expect, for both exact and approximate quantum programs. On the practice side, we consider hardware constraints and introduce several techniques to transform the assertions, making them directly executable on the measurement-restricted quantum computers. We also propose to achieve simplified assertion implementation using local projection technique with soundness guaranteed. We compare Proq with existing quantum program assertions and demonstrate the effectiveness and efficiency of Proq by its applications to assert two sophisticated quantum algorithms, the Harrow-Hassidim-Lloyd algorithm and Shor’s algorithm.",openalex,llm,0.970,unreviewed,,doi:10.1145/3428218
discarded,Experimental investigations of the utility of detailed flowcharts in programming,Ben Shneiderman; Richard E. Mayer; Don McKay; Peter Heller,1977,Communications of the ACM,10.1145/359605.359610,https://openalex.org/W2054922473,adjacent-subtopic,"This paper describes previous research on flowcharts and a series of controlled experiments to test the utility of detailed flowcharts as an aid to program composition, comprehension, debugging, and modification. No statistically significant difference between flowchart and nonflowchart groups has been shown, thereby calling into question the utility of detailed flowcharting. A program of further research is suggested.",openalex,llm,0.980,unreviewed,,doi:10.1145/359605.359610
discarded,Projection micro stereolithography based 3D printing and its applications,Qi Ge; Zhiqin Li; Zhaolong Wang; Kavin Kowsari; Wang Zhang; Xiangnan He; Jianlin Zhou; Nicholas X. Fang,2020,International Journal of Extreme Manufacturing,10.1088/2631-7990/ab8d9a,https://openalex.org/W3018195139,off-topic-false-hit,"Abstract Projection micro stereolithography (P μ SL) is a high-resolution (up to 0.6 μ m) 3D printing technology based on area projection triggered photopolymerization, and capable of fabricating complex 3D architectures covering multiple scales and with multiple materials. This paper reviews the recent development of the P μ SL based 3D printing technologies, together with the related applications. It introduces the working principle, the commercialized products, and the recent multiscale, multimaterial printing capability of P μ SL as well as some functional photopolymers that are suitable to P μ SL. This review paper also summarizes a few typical applications of P μ SL including mechanical metamaterials, optical components, 4D printing, bioinspired materials and biomedical applications, and offers perspectives on the directions of the further development of P μ SL based 3D printing technology.",openalex,llm,1.000,unreviewed,,doi:10.1088/2631-7990/ab8d9a
discarded,Screen-Printing Fabrication and Characterization of Stretchable Electronics,Jari Suikkola; Toni Björninen; Milad Mosallaei; Timo Kankkunen; Pekka Iso-Ketola; Leena Ukkonen; Jukka J. Vanhala; Matti Mäntysalo,2016,Scientific Reports,10.1038/srep25784,https://openalex.org/W2375052763,off-topic-false-hit,"This article focuses on the fabrication and characterization of stretchable interconnects for wearable electronics applications. Interconnects were screen-printed with a stretchable silver-polymer composite ink on 50-μm thick thermoplastic polyurethane. The initial sheet resistances of the manufactured interconnects were an average of 36.2 mΩ/◽, and half the manufactured samples withstood single strains of up to 74%. The strain proportionality of resistance is discussed, and a regression model is introduced. Cycling strain increased resistance. However, the resistances here were almost fully reversible, and this recovery was time-dependent. Normalized resistances to 10%, 15%, and 20% cyclic strains stabilized at 1.3, 1.4, and 1.7. We also tested the validity of our model for radio-frequency applications through characterization of a stretchable radio-frequency identification tag.",openalex,llm,1.000,unreviewed,,doi:10.1038/srep25784
discarded,Transfer printing techniques for flexible and stretchable inorganic electronics,Changhong Linghu; Shun Zhang; Chengjun Wang; Jizhou Song,2018,npj Flexible Electronics,10.1038/s41528-018-0037-x,https://openalex.org/W2888405817,off-topic-false-hit,"Abstract Transfer printing is an emerging deterministic assembly technique for micro-fabrication and nano-fabrication, which enables the heterogeneous integration of classes of materials into desired functional layouts. It creates engineering opportunities in the area of flexible and stretchable inorganic electronics with equal performance to conventional wafer-based devices but the ability to be deformed like a rubber, where prefabricated inorganic semiconductor materials or devices on the donor wafer are required to be transfer-printed onto unconventional flexible substrates. This paper provides a brief review of recent advances on transfer printing techniques for flexible and stretchable inorganic electronics. The basic concept for each transfer printing technique is overviewed. The performances of these transfer printing techniques are summarized and compared followed by the discussions of perspectives and challenges for future developments and applications.",openalex,llm,1.000,unreviewed,,doi:10.1038/s41528-018-0037-x
discarded,On the Accuracy of Spectrum-based Fault Localization,Rui Abreu; Peter Zoeteweij; Arjan J. C. van Gemund,2007,,10.1109/taic.part.2007.13,https://openalex.org/W2153418968,adjacent-subtopic,"Spectrum-based fault localization shortens the test- diagnose-repair cycle by reducing the debugging effort. As a light-weight automated diagnosis technique it can easily be integrated with existing testing schemes. However, as no model of the system is taken into account, its diagnostic accuracy is inherently limited. Using the Siemens Set benchmark, we investigate this diagnostic accuracy as a function of several parameters (such as quality and quantity of the program spectra collected during the execution of the system), some of which directly relate to test design. Our results indicate that the superior performance of a particular similarity coefficient, used to analyze the program spectra, is largely independent of test design. Furthermore, near- optimal diagnostic accuracy (exonerating about 80% of the blocks of code on average) is already obtained for low-quality error observations and limited numbers of test cases. The influence of the number of test cases is of primary importance for continuous (embedded) processing applications, where only limited observation horizons can be maintained.",openalex,llm,0.980,unreviewed,,doi:10.1109/taic.part.2007.13
discarded,Speaker normalization in the perception of Mandarin Chinese tones,Corinne B. Moore; Allard Jongman,1997,The Journal of the Acoustical Society of America,10.1121/1.420092,https://openalex.org/W2096056018,off-topic-false-hit,"This study investigated speaker normalization in perception of Mandarin tone 2 (midrising) and tone 3 (low-falling-rising) by examining listeners' use of F0 range as a cue to speaker identity. Two speakers were selected such that tone 2 of the low-pitched speaker and tone 3 of the high-pitched speaker occurred at equivalent F0 heights. Production and perception experiments determined that turning point (or inflection point of the tone), and delta F0 (the difference in FO between onset and turning point) distinguished the two tones. Three tone continua varying in either turning point, delta FO, or both acoustic dimensions, were then appended to a natural precursor phrase from each of the two speakers. Results showed identification shifts such that identical stimuli were identified as low tones for the high precursor condition, but as high tones for the low precursor condition. Stimuli varying in turning point showed no significant shift, suggesting that listeners normalize only when the precursor varies in the same dimension as the stimuli. The magnitude of the shift was greater for stimuli varying only in delta FO, as compared to stimuli varying in both turning point and delta FO, indicating that normalization effects are reduced for stimuli more closely matching natural speech.",openalex,llm,1.000,unreviewed,,doi:10.1121/1.420092
