status,title,authors,year,venue,doi,url,tags,abstract,provider,decision_source,llm_confidence,llm_review_outcome,llm_change_direction,paper_id
discarded,A comparison of membrane markers on rat cytotoxic cells.,Doreen Ann Cantrell; R. Adrian Robins; Robert W. Baldwin,1983,PubMed,,https://openalex.org/W231366911,off-topic-false-hit,"The antigenic characteristics of cytotoxic T cells (CTL) and cells mediating antibody-dependent cellular cytotoxicity (ADCC) were defined using monoclonal antibodies W3/13, W3/25 and MRC OX8, and compared with the phenotype of natural killer (NK) cells previously defined by these antibodies. CTL, ADCC effector cells and NK cells were also tested for expression of Ia antigen using MRC OX6 monoclonal antibody. The fluorescence-activated cell sorter was used to separate effector populations into antigen-positive and antigen-negative subsets, and the cytotoxicity of the resultant lymphocyte fractions was then assessed using 6 hr 51Cr release assay and a quantitative method of analysis based on consideration of target cell lysis as an enzyme substrate reaction. CTL, ADCC effector cells and NK cells were W3/25 negative and OX6 negative. CTL were positive for W3/13 and OX8 antibody with no cytotoxicity in the W3/13 negative and OX8 negative fractions. In contrast, ADCC effector cells showed heterogeneity of staining with W3/13 and OX8 antibodies, with 50% cytotoxic activity in the W3/13 negative fraction, and 20-30% cytotoxic activity in the OX8 negative fraction. In parallel experiments, NK cells and ADCC effector cells showed identical marker heterogeneity when tested with W3/13 and OX8 antibodies.",openalex,llm,1.000,unreviewed,,hash:8e9f1bba6b249425
discarded,Classification of burn injuries using near-infrared spectroscopy,Michael G. Sowa; Lorenzo Leonardi; Jeri R. Payette; Karen Michelle Cross; Manuel Gómez; Joel S Fish,2006,Journal of Biomedical Optics,10.1117/1.2362722,https://openalex.org/W2041612765,off-topic-false-hit,"Early surgical management of those burn injuries that will not heal spontaneously is critical. The decision to excise and graft is based on a visual assessment that is often inaccurate but yet continues to be the primary means of grading the injury. Superficial and intermediate partial-thickness injuries generally heal with appropriate wound care while deep partial- and full-thickness injuries generally require surgery. This study explores the possibility of using near-infrared spectroscopy to provide an objective and accurate means of distinguishing shallow injuries from deeper burns that require surgery. Twenty burn injuries are studied in five animals, with burns covering <1% of the total body surface area. Carefully controlled superficial, intermediate, and deep partial-thickness injuries as well as full-thickness injuries could be studied with this model. Near-infrared reflectance spectroscopy was used to evaluate these injuries 1 to 3 hours after the insult. A probabilistic model employing partial least-squares logistic regression was used to determine the degree of injury, shallow (superficial or intermediate partial) from deep (deep partial and full thickness), based on the reflectance spectrum of the wound. A leave-animal-out cross-validation strategy was used to test the predictive ability of a 2-latent variable, partial least-squares logistic regression model to distinguish deep burn injuries from shallow injuries. The model displayed reasonable ranking quality as summarized by the area under the receiver operator characteristics curve, AUC = 0.879. Fixing the threshold for the class boundaries at 0.5 probability, the model sensitivity (true positive fraction) to separate deep from shallow burns was 0.90, while model specificity (true negative fraction) was 0.83. Using an acute porcine model of thermal burn injuries, the potential of near-infrared spectroscopy to distinguish between shallow healing burns and deeper burn injuries was demonstrated. While these results should be considered as preliminary and require clinical validation, a probabilistic model capable of differentiating these classes of burns would be a significant aid to the burn specialist.",openalex,llm,1.000,unreviewed,,doi:10.1117/1.2362722
discarded,The Impacts of Three Educational Technologies on Algebraic Understanding in the Context of COVID-19,Lauren E. Decker; Craig A. Mason; Ji-Eun Lee; Jenny Yun‐Chen Chan; Adam Chaim Sales; Allison S. Liu; Shihfen Tu,2023,AERA Open,10.1177/23328584231165919,https://openalex.org/W4366760248,adjacent-subtopic,"The current study investigated the effectiveness of three distinct educational technologies-two game-based applications (From Here to There and DragonBox 12+) and two modes of online problem sets in ASSISTments (an Immediate Feedback condition and an Active Control condition with no immediate feedback) on Grade 7 students' algebraic knowledge. More than 3,600 Grade 7 students across nine in-person and one virtual schools within the same district were randomly assigned to one of the four conditions. Students received nine 30-minute intervention sessions from September 2020 to March 2021. Hierarchical linear modeling analyses of the final analytic sample (N = 1,850) showed significantly higher posttest scores for students who used From Here to There and DragonBox 12+ compared to the Active Control condition. No significant difference was found for the Immediate Feedback condition. The findings have implications for understanding how game-based applications can affect algebraic understanding, even within pandemic pressures on learning.",openalex,llm,0.980,unreviewed,,doi:10.1177/23328584231165919
discarded,Liveness and Reachability Analysis of BPMN Process Models,Anass Rachdi,2016,Journal of Computing and Information Technology,10.20532/cit.2016.1002774,https://openalex.org/W2460444813,adjacent-subtopic,"Business processes are usually defined by business experts who require intuitive and informal graphical notations such as BPMN (Business Process Management Notation) for documenting and communicating their organization activities and behavior. However, BPMN has not been provided with a formal semantics, which limits the analysis of BPMN models to using solely informal techniques such as simulation. In order to address this limitation and use formal verification, it is necessary to define a certain “mapping” between BPMN and a formal language such as Concurrent Sequential Processes (CSP) and Petri Nets (PN). This paper proposes a method for the verification of BPMN models by defining formal semantics of BPMN in terms of a mapping to Time Petri Nets (TPN), which are equipped with very efficient analytical techniques. After the translation of BPMN models to TPN, verification is done to ensure that some functional properties are satisfied by the model under investigation, namely liveness and reachability properties. The main advantage of our approach over existing ones is that it takes into account the time components in modeling Business process models. An example is used throughout the paper to illustrate the proposed method. ACM CCS (2012) Classification : Applied computing → Enterprise computing → Business process management → Business process modeling *To cite this article: A. Rachdi et al ., ""Liveness and Reachability Analysis of BPMN Process Models"", CIT. Journal of Computing and Information Technology , vol. 24, no. 2, pp. 195–207, 2016.",openalex,llm,0.980,unreviewed,,doi:10.20532/cit.2016.1002774
discarded,Multi-objective ensemble deep learning using electronic health records to predict outcomes after lung cancer radiotherapy,Rongfang Wang; Yaochung Weng; Zhiguo Zhou; Liyuan Chen; Hongxia Hao; Jing Wang,2019,Physics in Medicine and Biology,10.1088/1361-6560/ab555e,https://openalex.org/W2988507258,off-topic-false-hit,"Accurately predicting treatment outcome is crucial for creating personalized treatment plans and follow-up schedules. Electronic health records (EHRs) contain valuable patient-specific information that can be leveraged to improve outcome prediction. We propose a reliable multi-objective ensemble deep learning (MoEDL) method that uses features extracted from EHRs to predict high risk of treatment failure after radiotherapy in patients with lung cancer. The dataset used in this study contains EHRs of 814 patients who had not achieved disease-free status and 193 patients who were disease-free with at least one year follow-up time after lung cancer radiation therapy. The proposed MoEDL consists of three phases: (1) training with dynamic ensemble deep learning; (2) model selection with adaptive multi-objective optimization; and (3) testing with evidential reasoning (ER) fusion. Specifically, in the training phase, we employ deep perceptron networks as base learners to handle various issues with EHR data. The architecture and key hyper-parameters of each base learner are dynamically adjusted to increase the diversity of learners while reducing the time spent tuning hyper-parameters. Furthermore, we integrate the snapshot ensembles (SE) restarting strategy, multi-objective optimization, and ER fusion to improve the prediction robustness and accuracy of individual networks. The SE restarting strategy can yield multiple candidate models at no additional training cost in the training stage. The multi-objective model simultaneously considers sensitivity, specificity, and AUC as objective functions, overcoming the limitations of single-objective-based model selection. For the testing stage, we utilized an analytic ER rule to fuse the output scores from each optimal model to obtain reliable and robust predictive results. Our experimental results demonstrate that MoEDL can perform better than other conventional methods.",openalex,llm,1.000,unreviewed,,doi:10.1088/1361-6560/ab555e
discarded,The Development and Validation of a Diagnostic Assessment of Algebraic Thinking Skills for Students in the Elementary Grades.,Nicole Caridad Ralston,2013,ResearchWorks at the University of Washington (University of Washington),,https://openalex.org/W2463820979,adjacent-subtopic,"Thesis (Ph.D.)--University of Washington, 2013",openalex,llm,0.910,unreviewed,,hash:35207e8b551fd5ad
discarded,Chlorine and bromine isotope evolution within a fully developed Upper Permian natural salt sequence,Hans Eggenkamp; Pascale Louvat; Jasper Griffioen; Pierre Agrinier,2018,Geochimica et Cosmochimica Acta,10.1016/j.gca.2018.11.010,https://openalex.org/W2901536559,off-topic-false-hit,"Abstract The behaviour of chlorine and bromine isotopes in evaporite deposits differs significantly. We studied the isotope variations of both elements in a fully developed natural salt sequence from Zechstein evaporite deposits (Wuchiapingian, Upper Permian) in the Northern Netherlands. We observed that the Cl isotope variations follow previously predicted characteristics, showing slightly positive δ37Cl (relative to seawater) in halite (NaCl) dominated layers (up to +0.05‰), decreasing to moderately negative values in carnallite (KMgCl3·6H2O) and bischofite (MgCl2·6H2O) dominated layers (down to −0.55‰). Bromine isotope variations, the first ever measured in marine evaporite samples, show a different characteristic. δ81Br values decrease quickly in layers dominated by halite (from +0.2 to −0.5‰) and increase again in layers dominated by carnallite and bischofite (up to −0.1 ± 0.2‰). These observations suggest that the Br isotope fractionation (103lnα) during precipitation of halite can be as high as +1.3, 3.8 times as large as Cl isotope fractionation. The increasing δ81Br values during precipitation of magnesium salts may suggest a negative fractionation (103lnα) of −0.9, meaning that the Br isotope ratio in the precipitated salt is lower than in the brine. We suggest that the difference in behaviour between Cl and Br can be explained by the fact that Br, as a minor component in the brine, has to compete with Cl to fit into the crystal lattice of Cl salts, where it does not fit perfectly due to its slightly larger ionic radius than Cl, resulting in relatively large isotope fractionation. Further research is however needed to confirm or reject this suggestion.",openalex,llm,1.000,unreviewed,,doi:10.1016/j.gca.2018.11.010
discarded,Singular polynomials for the symmetric groups,Charles F. Dunkl,2004,International Mathematics Research Notices,10.1155/S1073792804140610,https://ieeexplore.ieee.org/document/8147367/,off-topic-false-hit,"For certain negative rational numbers κ0, called singular values and associated with the symmetric group SN on N objects, there exist homogeneous polynomials annihilated by each Dunkl operator when the parameter κ=κ0. It was shown by the author, de Jeu, and Opdam (1994) that the singular values are exactly the values −m/n with 2 ≤ n ≤ N, m=1,2,…, and m/n is not an integer. This paper constructs for each pair (m,n) satisfying these conditions an irreducible SN-module of singular polynomials for the singular value −m/n. These singular polynomials are special cases of nonsymmetric Jack polynomials. The paper presents some formulae for the action of Dunkl operators on these polynomials valid in general, and a method for showing the dependence of poles (in the parameter κ) on the number of variables. Murphy elements are used to analyze the representation of SN on irreducible spaces of singular polynomials.",ieee,llm,0.990,unreviewed,,doi:10.1155/s1073792804140610
discarded,NON-NEGATIVE RATIONAL NUMBERS: A PROPOSAL FOR INTERDISCIPLINARITY IN KINDERGARTEN AND IN THE FIRST YEARS OF BASIC EDUCATION,"Leite, Helena; Catarino, Paula",2018,"11TH INTERNATIONAL CONFERENCE OF EDUCATION, RESEARCH AND INNOVATION (ICERI2018)",,https://www.webofscience.com/wos/woscc/full-record/WOS:000568991703002,adjacent-subtopic,"In the kindergarten (3-5 years old), mathematics plays an important role because it is at that period that children begin to have a first contact with that science and start to know all the mathematical content that go being deepened throughout its journey academic.

In the Portuguese case, mathematics in kindergarten takes on a domain of its own content that is inserted in the area of ""Expression and Communication"" and that appears in the Curriculum Guidelines for the kindergarten of the Ministry of Education. Particularly, the most varied opportunities for classification and serialization around us are also fundamental for the child to construct the notion of number, as corresponding to a sequence (ordinal number) or a hierarchy (cardinal number). In this age group the number definition is not required, but its construction and comprehension, as well as the distinction between digit and number.

In the first years of Basic Education, mathematics plays a key role in clarifying what was less consolidated in kindergarten, so that the children create their own definitions of mathematical knowledge that will deepen throughout his life and applying in their day routine. In particular, the topic of numbers is also important in this age group (6-9 years old). The teaching of numbers has not always been as we know it today. In the past, this teaching was centered on algorithmic, routine, and formal calculus, where understanding about numbers was undervalued. In Portuguese case, the particular sub-topic of non-negative rational numbers is included in one of the three mathematical contents for the first year's basic education ""Numbers and Operations"".

Rational numbers begin to be worked out in the first two years of this level of Basic Education, with an intuitive approach from situations of equitable sharing and division of unity in equal parts, using models and fractional representation in the simplest cases. It is in the 3rd and 4th years of the basic education that the study of these numbers is going to be deepened, either by using problems that allow other meanings of the fractions to be worked on, or by introducing numbers represented in decimal form from situations of equitable sharing or measurement, refining the unit of measurement. The learning of rational numbers is peculiarly complicated, with considerable studies proving that pupils show many difficulties in learning these numbers, including fractions, decimals, and percentages.

In an attempt to make teaching and learning of this topic more accessible, both for teachers and students, we present in this communication some proposals of tasks that have arisen within the framework of the Supervised Teaching Practice of the first author that can be developed, both in the kindergarten as in Basic Education and constitute a proposal of intervention in these levels of education.

In addition to the mathematical approach, we aim to highlight also the importance of interdisciplinarity, particularly in the teaching and learning non-negative rational numbers in the Basic Education.",wos,llm,0.930,unreviewed,,hash:c5dbaa7c8630f329
kept,MEANINGS OF NEGATIVE FRACTION NUMBERS IN HIGH SCHOOL STUDENTS,"Gallardo, A.; Saavedra, G.",2011,INVESTIGACION EN EDUCACION MATEMATICA XV,,https://www.webofscience.com/wos/woscc/full-record/WOS:000348251600025,supports-claim; negative-fractions,"This research provides theoretical elements to the study of negative fractions. The present topic has been poorly tackled at secondary school. The results point to the need for students to master the different meanings of positive fractions in order to make sense of negative fractions in non-routine problems. The most common meaning of positive fractions found in students' work is as ""measure"", belonging to the constructive mechanism of partition, it allows us to conceive the negative fraction, as well as the meanings of ""operator"" and ""ratio"".",wos,llm_reviewed,0.990,confirmed,,hash:aa212bf709ee6d54
discarded,Sense of Negative Fraction: An Analysis of the Epistemological Obstacles Encountered by Prospective Teachers,T.R. Murniasih,2026,Mathematics Education Journal,10.22342/mej.v20i3.pp739-766,https://www.scopus.com/inward/record.uri?partnerID=HzOxMe3b&scp=105048294178&origin=inward,supports-claim; adjacent-subtopic; negative numbers in mathematics education; no abstract or no sign-placement content,,scopus,llm_reviewed,0.920,changed,kept->discarded,doi:10.22342/mej.v20i3.pp739-766
discarded,Board Games and Mathematics: A Winning Strategy for Teaching Rational Numbers,A. Hilário,2025,Proceedings of the European Conference on Games Based Learning,10.34190/ecgbl.19.1.3995,https://www.scopus.com/inward/record.uri?partnerID=HzOxMe3b&scp=105030209863&origin=inward,adjacent-subtopic,"The use of games in educational context has been widely recognised as an effective strategy for making learning more engaging and meaningful. Educational games create a dynamic environment where students not only consolidate academic knowledge but also develop soft skills such as teamwork, decision-making, and communication. In mathematics education, where student motivation is often a major concern, the incorporation of gamification strategies has shown a very positive impact on learning. Through playful challenges, students are encouraged to apply mathematical concepts in a practical and interactive way, increasing their engagement and improving their understanding of the subject matter. Moreover, the use of games in mathematics education extends beyond reinforcing curricular content. It also helps foster a more positive attitude towards the subject. This paper presents a study which explores the use of non-digital games as a pedagogical strategy in the teaching and learning of rational numbers in primary school. The main objective was to assess the effectiveness of non-digital board and card games as a teaching strategy for non-negative rational numbers among Year 5 students. The methodology adopted was a qualitative case study with quantitative statistical analysis, involving the implementation of three physical board/card games in three classes. Data collection techniques included surveys, direct observation by the teacher-researcher, and analysis of students’ written work produced during gameplay. This study provides significant contributions, namely expanding knowledge on the effectiveness of non-digital games in mathematics education, offering evidence of their use as a pedagogical tool, and presenting a model that can be replicated and adapted by other educators. The results suggest that non-digital board and card games can be an effective strategy for teaching non-negative rational numbers, particularly due to increased student motivation, positive perceptions of mathematics, and improvements in self-confidence, self-esteem, willingness to overcome difficulties, and the development of social and collaborative skills.",scopus,llm,0.900,unreviewed,,doi:10.34190/ecgbl.19.1.3995
