status,title,authors,year,venue,doi,url,tags,abstract,provider,decision_source,llm_confidence,llm_review_outcome,llm_change_direction,paper_id
discarded,High-level symbolic simulation using integer equations,A.M. Gharehbaghi,2004,Canadian Conference on Electrical and Computer Engineering,10.1109/CCECE.2004.1349621,https://www.scopus.com/inward/record.uri?partnerID=HzOxMe3b&scp=6944231480&origin=inward,supports-claim; qualifies-claim; adjacent-subtopic; canonical representation in hardware verification; the cited BDD examples carry the point,"The Taylor expansion diagram (TED) has been recently introduced as a compact and canonical representation for arithmetic functions with finite Taylor series. It can represent Boolean logic interacting with arithmetic functions canonically. One of the main disadvantages of TED is that relations must be bit expanded to be represented in TED. This paper represents a method for high-level symbolic simulation and property checking based on integer equations. Functionality of design is represented in conditional TED (CTED), which is our enhancement of TED to represent relations without bit expansion. This way, a more compact structure is achieved for high-level designs, containing control path statements like if and case. The symbolic simulator is used for high-level property checking. Properties are in the form of assertions, and support integer equality and inequalities as well as Boolean equations. We have implemented our symbolic simulator for Verilog. It contains the CTED package with all necessary operations.",scopus,llm_reviewed,0.960,changed,kept->discarded,doi:10.1109/ccece.2004.1349621
discarded,"Redressing the past: The politics of early English-Canadian women's drama, 1880-1920",K. Bird,2004,Redressing the Past the Politics of Early English Canadian Women S Drama 1880 1920,,https://www.scopus.com/inward/record.uri?partnerID=HzOxMe3b&scp=84897306055&origin=inward,off-topic-false-hit,,scopus,llm,1.000,unreviewed,,hash:89d3ba3e78c2fd47
discarded,A semi-analytical finite elements method in problems of nonlinear continuum mechanics,V.A. Bazhenov,2003,Prikladnaya Mekhanika,,https://www.scopus.com/inward/record.uri?partnerID=HzOxMe3b&scp=0043063008&origin=inward,off-topic-false-hit,,scopus,llm,0.980,unreviewed,,hash:0dc05bc61a302bca
discarded,CRITICAL POINTS OF SMOOTH FUNCTIONS AND THEIR NORMAL FORMS,Vladimir I. Arnold,1975,Russian Mathematical Surveys,10.1070/rm1975v030n05abeh001521,https://openalex.org/W2030901336,off-topic-false-hit,"This paper contains a survey of research on critical points of smooth functions and their bifurcations. We indicate applications to the theory of Lagrangian singularities (caustics), Legendre singularities (wave fronts) and the asymptotic behaviour of oscillatory integrals (the stationary phase method). We describe the connections with the theories of groups generated by reflections, automorphic forms, and degenerations of elliptic curves. We give proofs of the theorems on the classification of critical points with at most one modulus, and also a list of all singularities with at most two moduli. The proofs of the classification theorems are based on a geometric technique associated with Newton polygons, on the study of the roots of certain Lie algebras resembling the Enriques-Demazure technique of fans, and on spectral sequences that are constructed with respect to quasihomogeneous filtrations of the Koszul complex defined by the partial derivatives of a function.",openalex,llm,0.990,unreviewed,,doi:10.1070/rm1975v030n05abeh001521
discarded,Some aspects of groups with unique roots,Gilbert Baumslag,1960,Acta Mathematica,10.1007/bf02546390,https://openalex.org/W2000922387,off-topic-false-hit,"groups, E~groups and D~-groups ........",openalex,llm,0.960,unreviewed,,doi:10.1007/bf02546390
discarded,A symbol of uniqueness: the cluster bootstrap for the 3-loop MHV heptagon,J. M. Drummond; Γεώργιος Παπαθανασίου; Marcus Spradlin,2015,Journal of High Energy Physics,10.1007/jhep03(2015)072,https://openalex.org/W2133548243,off-topic-false-hit,"Seven-particle scattering amplitudes in planar super-Yang-Mills theory are believed to belong to a special class of generalised polylogarithm functions called heptagon functions. These are functions with physical branch cuts whose symbols may be written in terms of the 42 cluster $$ \mathcal{A} $$ -coordinates on Gr(4, 7). Motivated by the success of the hexagon bootstrap programme for constructing six-particle amplitudes we initiate the systematic study of the symbols of heptagon functions. We find that there is exactly one such symbol of weight six which satisfies the MHV last-entry condition and is finite in the 7 ∥ 6 collinear limit. This unique symbol is both dihedral and parity-symmetric, and remarkably its collinear limit is exactly the symbol of the three-loop six-particle MHV amplitude, although none of these properties were assumed a priori. It must therefore be the symbol of the threeloop seven-particle MHV amplitude. The simplicity of its construction suggests that the n-gon bootstrap may be surprisingly powerful for n > 6.",openalex,llm,1.000,unreviewed,,doi:10.1007/jhep03(2015)072
discarded,Bayesian learning in normal form games,James S. Jordan,1991,Games and Economic Behavior,10.1016/0899-8256(91)90005-y,https://openalex.org/W2129760941,off-topic-false-hit,,openalex,llm,0.990,unreviewed,,doi:10.1016/0899-8256(91)90005-y
discarded,"Stackelberg vs. Nash in Security Games: An Extended Investigation of Interchangeability, Equivalence, and Uniqueness",D. Korzhyk; Z. Yin; C. Kiekintveld; V. Conitzer; M. Tambe,2011,Journal of Artificial Intelligence Research,10.1613/jair.3269,https://openalex.org/W2126879264,off-topic-false-hit,"There has been significant recent interest in game-theoretic approaches to security, with much of the recent research focused on utilizing the leader-follower Stackelberg game model. Among the major applications are the ARMOR program deployed at LAX Airport and the IRIS program in use by the US Federal Air Marshals (FAMS). The foundational assumption for using Stackelberg games is that security forces (leaders), acting first, commit to a randomized strategy; while their adversaries (followers) choose their best response after surveillance of this randomized strategy. Yet, in many situations, a leader may face uncertainty about the followers surveillance capability. Previous work fails to address how a leader should compute her strategy given such uncertainty. We provide five contributions in the context of a general class of security games. First, we show that the Nash equilibria in security games are interchangeable, thus alleviating the equilibrium selection problem. Second, under a natural restriction on security games, any Stackelberg strategy is also a Nash equilibrium strategy; and furthermore, the solution is unique in a class of security games of which ARMOR is a key exemplar. Third, when faced with a follower that can attack multiple targets, many of these properties no longer hold. Fourth, we show experimentally that in most (but not all) games where the restriction does not hold, the Stackelberg strategy is still a Nash equilibrium strategy, but this is no longer true when the attacker can attack multiple targets. Finally, as a possible direction for future research, we propose an extensive-form game model that makes the defenders uncertainty about the attackers ability to observe explicit.",openalex,llm,0.980,unreviewed,,doi:10.1613/jair.3269
discarded,Smith normal form and Laplacians,Dino Lorenzini,2008,Journal of Combinatorial Theory Series B,10.1016/j.jctb.2008.02.002,https://openalex.org/W2087694003,off-topic-false-hit,"Let M denote the Laplacian matrix of a graph G. Associated with G is a finite group Phi(G), obtained from the Smith normal form of M, and whose order is the number of spanning trees of G. We provide some general results on the relationship between the eigenvalues of M and the structure of Phi(G), and address the question of how often the group Phi(G) is cyclic. (c) 2008 Elsevier Inc. All rights reserved.",openalex,llm,0.950,unreviewed,,doi:10.1016/j.jctb.2008.02.002
discarded,FERMI LARGE AREA TELESCOPE SECOND SOURCE CATALOG,P. L. Nolan; A. A. Abdo; M. Ackermann; Marco Ajello; A. Allafort; Enrica Antolini; W. B. Atwood; M. Axelsson; L. Baldini; Jean Jacques Ballet; Guido Barbiellini; D. Bastieri; K. Bechtol; A. Belfiore; R. Bellazzini; B. Berenji; G. F. Bignami; Roger D. Blandford; E. D. Bloom; E. Bonamente; J. T. Bonnell; A. W. Borgland; E. Bottacini; A. Bouvier; T. J. Brandt; J. Bregeon; Monica Brigida; P. Bruel; R. Buehler; T. H. Burnett; Sara Buson; G. A. Caliandro; R. A. Cameron; R. Campana; Beatriz Cañadas; A. Cannon; P. A. Caraveo; J. M. Casandjian; E. Cavazzuti; M. Ceccanti; Claudia Cecchi; Ozlem Celik; E. Charles; Alexandre Chekhtman; C. C. Cheung; J. Chiang; R. Chipaux; S. Ciprini; R. Claus; J. Cohen-Tanugi; L. R. Cominsky; Janet M. Conrad; R. Corbet; S. Cutini; Filippo D'Ammando; David S. Davis; Alessandro De Angelis; Megan E. DeCesar; M. DeKlotz; Andrea De Luca; P. R. den Hartog; F. de Palma; CHARLES D. DERMER; S. W. Digel; E. do Couto e Silva; Persis S. Drell; A. Drlica-Wagner; R. Dubois; D. Dumora; Teruaki Enoto; L. Escande; D. Fabiani; L. Falletti; C. Favuzzi; S. Fegan; E. C. Ferrara; Warren B. Focke; P. Fortin; M. Frailis; Y. Fukazawa; S. Funk; P. Fusco; F. Gargano; D. Gasparrini; Neil Gehrels; S. Germani; Berrie Giebels; N. Giglietto; Paolo Giommi; F. Giordano; M. Giroletti; T. Glanzman; G. Godfrey; I. A. Grenier; M.-H. Grondin; J. E. Grove; Lucas Guillemot; S. Guiriec; M. Gustafsson; D. Hadasch,2012,The Astrophysical Journal Supplement Series,10.1088/0067-0049/199/2/31,https://openalex.org/W2156497844,off-topic-false-hit,"We present the second catalog of high-energy γ-ray sources detected by the Large Area Telescope (LAT), the primary science instrument on the Fermi Gamma-ray Space Telescope (Fermi) , derived from data taken during the first 24 months of the science phase of the mission, which began on 2008 August 4. Source detection is based on the average flux over the 24 month period. The second Fermi -LAT catalog (2FGL) includes source location regions, defined in terms of elliptical fits to the 95% confidence regions and spectral fits in terms of power-law, exponentially cutoff power-law, or log-normal forms. Also included are flux measurements in five energy bands and light curves on monthly intervals for each source. Twelve sources in the catalog are modeled as spatially extended. We provide a detailed comparison of the results from this catalog with those from the first Fermi -LAT catalog (1FGL). Although the diffuse Galactic and isotropic models used in the 2FGL analysis are improved compared to the 1FGL catalog, we attach caution flags to 162 of the sources to indicate possible confusion with residual imperfections in the diffuse model. The 2FGL catalog contains 1873 sources detected and characterized in the 100 MeV to 100 GeV range of which we consider 127 as being firmly identified and 1171 as being reliably associated with counterparts of known or likely γ-ray-producing source classes.",openalex,llm,1.000,unreviewed,,doi:10.1088/0067-0049/199/2/31
discarded,Transforming differential equations of multi-loop Feynman integrals into canonical form,Christoph Meyer,2017,Journal of High Energy Physics,10.1007/jhep04(2017)006,https://openalex.org/W2546851195,off-topic-false-hit,"The method of differential equations has been proven to be a powerful tool for the computation of multi-loop Feynman integrals appearing in quantum field theory. It has been observed that in many instances a canonical basis can be chosen, which drastically simplifies the solution of the differential equation. In this paper, an algorithm is presented that computes the transformation to a canonical basis, starting from some basis that is, for instance, obtained by the usual integration-by-parts reduction techniques. The algorithm requires the existence of a rational transformation to a canonical basis, but is otherwise completely agnostic about the differential equation. In particular, it is applicable to problems involving multiple scales and allows for a rational dependence on the dimensional regulator. It is demonstrated that the algorithm is suitable for current multi-loop calculations by presenting its successful application to a number of non-trivial examples.",openalex,llm,0.990,unreviewed,,doi:10.1007/jhep04(2017)006
discarded,Design of Experiments: Statistical Principles of Research Design and Analysis,Robert O. Kuehl,1999,,,https://openalex.org/W1239058172,off-topic-false-hit,"1. RESEARCH DESIGN PRINCIPLES The Legacy of Sir Ronald A. Fisher / Planning for Research / Experiments, Treatments, and Experimental Units / Research Hypotheses Generate Treatment Designs / Local Control of Experimental Errors / Replication for Valid Experiments / How Many Replications? / Randomization for Valid Inferences / Relative Efficiency of Experiment Designs / From Principles to Practice: A Case Study 2. GETTING STARTED WITH COMPLETELY RANDOMIZED DESIGNS Assembling the Research Design / How to Randomize / Preparation of Data Files for the Analysis / A Statistical Model for the Experiment / Estimation of the Model Parameters with Least Squares / Sums of Squares to Identify Important Sources of Variation / A Treatment Effects Model / Degrees of Freedom / Summaries in the Analysis of Variance Table / Tests of Hypotheses About Linear Models / Significance Testing and Tests of Hypotheses / Standard Errors and Confidence Intervals for Treatment Means / Unequal Replication of the Treatments / How Many Replications of the F Test? / Appendix: Expected Values / Appendix: Expected Mean Squares 3. TREATMENT COMPARISONS Treatment Comparisons Answer Research Questions / Planning Comparisons Among Treatments / Response Curves for Quantitative Treatment Factors / Multiple Comparisons Affect Error Rates / Simultaneous Statistical Inference / Multiple Comparisons with the Best Treatment / Comparison of All Treatments with a Control / Pairwise Comparisons of All Treatments / Summary Comments on Multiple Comparisons / Appendix: Linear Functions of Random Variables 4. DIAGNOSING AGREEMENT BETWEEN THE DATA AND THE MODEL Valid Analysis Depends on Valid Assumptions / Effects of Departures from Assumptions / Residuals Are the Basis of Diagnostic Tools / Looking for Outliers with the Residuals / Variance-Stabilizing Transformations for Data with Known Distributions / Power Transformations to Stabilize Variances / Generalizing the Linear Model / Model Evaluation with Residual-Fitted Spread Plots / Appendix: Data for Example 4.1 5. EXPERIMENTS TO STUDY VARIANCES Random Effects Models for Variances / A Statistical Model for Variance Components / Point Estimates of Variance Components / Interval Estimates for Variance Components / Courses of Action with Negative Variance Estimates / Intraclass Correlation Measures Similarity in a Group / Unequal Numbers of Observations in the Groups / How Many Observations to Study Variances? / Random Subsamples to Procure Data for the Experiment / Using Variance Estimates to Allocate Sampling Efforts / Unequal Numbers of Replications and Subsamples / Appendix: Coefficient Calculations for Expected Mean Squares in Table 5.9 6. FACTORIAL TREATMENT DESIGNS Efficient Experiments with Factorial Treatment Designs / Three Types of Treatment Factor Effects / The Statistical Model for Two Treatment Factors / The Analysis for Two Factors / Using Response Curves for Quantitative Treatment Factors / Three Treatment Factors / Estimation of Error Variance with One Replication / How Many Replications to Test Factor Effects? / Unequal Replication of Treatments / Appendix: Least Squares for Factorial Treatment Designs 7. FACTORIAL TREATMENT DESIGNS: RANDOM AND MIXED MODELS Random Effects for Factorial Treatment Designs / Mixed Models / Nested Factor Designs: A Variation on the Theme / Nested and Crossed Factors Designs / How Many Replications? / Expected Mean Square Rules 8. COMPLETE BLOCK DESIGNS Blocking to Increase Precision / Randomized Complete Block Designs Use One Blocking Criterion / Latin Square Designs Use Two Blocking Criteria / Factorial Experiments in Complete Block Designs / Missing Data in Blocked Designs / Experiments Performed Several Times / Appendix: Selected Latin Squares 9. INCOMPLETE BLOCK DESIGNS: AN INTRODUCTION Incomplete Blocks of Treatments to Reduce Block Size / Balanced Incomplete Block (BIB) Designs / How to Randomize Incomplete Block Designs / Analysis of BIB Designs / Row-Column Designs for Two Blocking Criteria / Reduce Experiment Size with Partially Balanced (PBIB) Designs / Efficiency of Incomplete Block Designs / Appendix: Selected Balanced Incomplete Block Designs / Appendix: Selected Incomplete Latin Square Designs / Appendix: Least Squares Estimates for BIB Designs 10. INCOMPLETE BLOCK DESIGNS: RESOLVABLE AND CYCLIC DESIGNS Resolvable Designs to Help Manage the Experiment / Resolvable Row-Column Designs for Two Blocking Criteria / Cyclic Designs Simplify Design Construction / Choosing Incomplete Block Designs / Appendix: Plans for Cyclic Designs / Appendix: Generating Arrays for a Designs 11. INCOMPLETE BLOCK DESIGNS: FACTORIAL TREATMENT DESIGNS Taking Greater Advantage of Factorial Treatment Designs / 2 to the nth Power Factorials to Evaluate Many Factors / Incomplete Block Designs for 2 to the nth Power Factorials / A General Method to Create Incomplete Blocks / Incomplete Blocks for 3 to the nth Power Factorials / Concluding Remarks / Appendix: Incomplete Block Design Plans for 2 to the nth Power Factorials 12. FRACTIONAL FACTORIAL DESIGNS Reduce Experiment Size with Fractional Treatment Designs / The Half Fraction of the 2 to the nth Power Factorial / Design Resolution Related to Aliases / Analysis of Half Replicate 2^n - 1 Designs / The Quarter Fractions of 2 to the nth Power Factorials / Construction of 2^(n - p) Designs with Resolution III and IV / Genichi Taguchi and Quality Improvement / Concluding Remarks / Appendix: Fractional Factorial Design Plans 13. RESPONSE SURFACE DESIGNS Describe Responses with Equations and Graphs / Identify Important Factors with 2 to the nth Power Factorials / Designs to Estimate Second-Order Response Surfaces / Quadratic Responses Surface Estimation / Response Surface Exploration / Designs for Mixtures of Ingredients / Analysis of Mixture Experiments / Appendix: Least Squares Estimation of Regression Models / Appendix: Location of Coordinates for the Stationary Point / Appendix: Canonical Form of the Quadratic Equation 14. SPLIT-PLOT DESIGNS Plots of Different Size in the Same Experiment / Two Experimental Errors for Two Plot Sizes / The Analysis for Split-Plot Designs / Standard Errors for Treatment Factor Means / Features of the Split-Plot Design / Relative Efficiency of Subplot and Whole-Plot Comparisons / The Split-Split-Plot Design for Three Treatment Factors / The Split-Block Design / Additional Information About Split-Plot Designs 15. REPEATED MEASURES DESIGNS Studies of Time Trends / Relationships Among Repeated Measurements / A Test for the Huynh-Feldt Assumption / A Univariate Analysis of Variance for Repeated Measures / Analysis When Univariate Analysis Assumptions Do Not Hold / Other Experiments with Repeated Measures Properties / Other Models for Correlation Among Repeated Measures / Appendix: The Mauchly Test for Sphericity / Appendix: Degrees of Freedom Adjustments for Repeated Measures Analysis of Variance 16. CROSSOVER DESIGNS Administer All Treatments to Each Experimental Unit / Analysis of Crossover Designs / Balanced Designs for Crossover Studies / Crossover Designs for Two Treatments / Appendix: Coding Data Files for Crossover Studies / Appendix: Treatment Sum of Squares for Balanced Designs 17. ANALYSIS OF COVARIANCE Local Control with a Measured Covariate / Analysis of Covariance for Completely Randomized Block Designs / The Analysis of Covariance for Blocked Experiment Designs / Practical Consequences of Covariance Analysis / REFERENCES / APPENDIX TABLES / ANSWERS TO SELECTED EXERCISES / INDEX",openalex,llm,0.990,unreviewed,,hash:b9e09c6adc6f360c
