status,title,authors,year,venue,doi,url,tags,abstract,provider,decision_source,llm_confidence,llm_review_outcome,llm_change_direction,paper_id
discarded,Combining extrusion-based 3D printing and Pickering emulsion technology for developing novel fat-reduced food products,M. Keramat,2026,Applied Food Research,10.1016/j.afres.2026.102390,https://www.scopus.com/inward/record.uri?partnerID=HzOxMe3b&scp=105044603759&origin=inward,off-topic-false-hit,"This study investigates the relationships among Pickering emulsion formulation, printing performance, rheological behavior, and the final physiochemical properties of 3D-printed fat-reduced foods. Previous reviews have evaluated the 3D printing of Pickering emulsions. However, a comprehensive understanding of how formulation parameters govern rheological properties and subsequently affect printing performance and the properties of fat-reduced foods remains limited. Thus, this study provides mechanistic insights into the design of Pickering emulsion-based edible inks, highlighting the critical parameters that determine printability, microstructure, texture, and sensory properties of the product. Pickering emulsions, especially Pickering emulsion gels and high internal phase Pickering emulsions showed structural stability, viscoelasticity, and shear-thinning properties that made them highly appropriate as edible inks. The rheological characteristics of Pickering emulsions can significantly influence their printability. The composition and concentration of solid particles, as well as the oil volume fraction, can affect the rheological properties and printing performance of Pickering emulsions. Successful production of 3D-printed fat-reduced food products requires a suitable balance between extrusion flowability and structural recovery after the printing process. Low throughput at the industrial scale, microbial contamination, and high operating and initial investment costs are the main challenges associated with the 3D printing of Pickering emulsions for the production of fat-reduced products. In conclusion, the combining of 3D extrusion-based printing and Pickering emulsion technology represents a novel approach for producing fat-reduced food products. In addition, addressing industrial deployment, food safety, and technological challenges is crucial for the successful production of 3D-printed fat-reduced food products containing Pickering emulsion at industrial scale.",scopus,llm,0.990,unreviewed,,doi:10.1016/j.afres.2026.102390
discarded,Transforming forest biomass residues into transport fuels part 2: Co-hydrotreatment and techno-economic analysis,R.J. Macias,2026,Biomass and Bioenergy,10.1016/j.biombioe.2026.109580,https://www.scopus.com/inward/record.uri?partnerID=HzOxMe3b&scp=105038952901&origin=inward,off-topic-false-hit,"This study evaluates the technical and economic potential of co-hydrotreating forest-derived pyrolysis oils with used cooking oil (UCO) and 1-butanol as a strategy to reduce coke formation and increase the yield of distilled fractions. Douglas-fir pyrolysis oil was blended with UCO in binary and ternary formulations and processed over a presulfided NiMo/gamma-Al2O3 catalyst under two-stage hydrotreatment conditions. The inclusion of UCO markedly improved process performance, increasing upgraded liquid yields from similar to 22 wt% for neat pyrolysis oil to nearly 60 wt% for a blend with 70 wt% UCO, while reducing coke formation from similar to 30 wt% to below 15 wt% (on bio-oil basis). The addition of 30 wt % of 1-butanol further enhanced these trends, lowering coke yields to 7-8 wt.% and slightly reducing hydrogen consumption, consistent with hydrogen-transfer/radical scavenging effects reported in literature. Distillation analyses showed a systematic shift toward lighter and more valuable fuel fractions, with higher gasoline and kerosene yields and reduced heavy residue. Elemental analysis and GC-MS classification confirmed deeper deoxygenation and a transition toward paraffinic hydrocarbon products. The experimental results were integrated into a techno-economic analysis to estimate the minimum fuel selling price (MFSP) of gasoline, kerosene, diesel, and bunker fuels. Co-processing significantly reduced MFSP relative to neat pyrolysis-oil upgrading, with the 30DF-70UCO-1B configuration achieving the lowest costs ($0.78-0.83 L-1), enabling diesel and gasoline at or below fossil benchmarks. Sensitivity analysis identified biomass and UCO prices as the dominant cost drivers.",scopus,llm,0.990,unreviewed,,doi:10.1016/j.biombioe.2026.109580
discarded,"Investigation of gas impact on surfactant displacement efficiency in high-salinity, tight carbonate reservoirs",A.T. Parekh,2026,Results in Engineering,10.1016/j.rineng.2026.112642,https://www.scopus.com/inward/record.uri?partnerID=HzOxMe3b&scp=105048900699&origin=inward,off-topic-false-hit,"Low-tension gas (LTG) flooding is an enhanced oil recovery technique that offers an alternative to alkali- and/or polymer-based methods for increasing oil production. This work investigated the effect of in-situ gas fraction on the recovery mechanisms of LTG flooding in high-salinity, tight carbonate reservoirs. Varying the gas fraction showed that, although higher gas fractions increased the oil recovery rate, they also introduced a longer delay to the onset of oil production due to the reduced liquid injection rate. The enhanced recovery rate is attributed to improved mobility control resulting from a larger volume of water-entrained microemulsions at higher gas fractions. This water-entrained macroemulsion–based mobility control mechanism becomes more prominent in delayed-emulsification systems. Increasing the slug surfactant concentration significantly steepened the recovery curve. As a promising alternative, a gas pre-flush prior to LTG injection was evaluated to accelerate oil recovery. The gas pre-flush had a beneficial effect on oil mobilization, comparable to that achieved by doubling the slug surfactant concentration. Halting gas injection during the drive stage demonstrated that the microemulsion phase behavior transition from slug to drive is, by itself, sufficient to mobilize the microemulsion front and produce the oil bank. However, gas still plays an important role in mobility control. An injection scheme that combines a low injection gas fraction with a gas pre-flush yields both earlier oil breakthrough and a relatively steep recovery curve. Overall, the results of this work provide important insight into the impact of gas on in-situ recovery mechanisms, enabling improved LTG injection strategies.",scopus,llm,0.990,unreviewed,,doi:10.1016/j.rineng.2026.112642
discarded,LINAC Stereotactic Radiosurgery for Functional Pituitary Adenomas Following Recurrence After Transsphenoidal Surgery: Tumor Control and Endocrine Outcomes in a Single-center Series,S.Z. Shemesh,2026,SN Comprehensive Clinical Medicine,10.1007/s42399-026-02423-7,https://www.scopus.com/inward/record.uri?partnerID=HzOxMe3b&scp=105038423623&origin=inward,off-topic-false-hit,"Functional pituitary adenomas often require multimodal therapy when surgery and medical treatment do not achieve durable endocrine remission. Stereotactic radiosurgery (SRS) is commonly used for residual or recurrent hormone-secreting tumors, achieving high tumor control rates but variable rates of biochemical remission. To evaluate endocrine response, tumor control, and treatment-related toxicity after linear accelerator (LINAC)-based SRS for functional pituitary adenomas. We retrospectively reviewed 24 patients treated with single-fraction LINAC SRS between 1995 and 2012 for adrenocorticotropic hormone (ACTH)-secreting (n = 6), growth hormone (GH)-secreting (n = 10), or prolactin (PRL)-secreting (n = 8) pituitary adenomas. All patients had prior transsphenoidal resection; most had failed or intolerant medical therapy. Two patients underwent repeat SRS for persistent disease, yielding 26 total SRS sessions. Endocrine outcomes were categorized as complete biochemical remission off medication, biochemical control while still requiring suppressive medical therapy, partial biochemical improvement without normalization, or persistent hypersecretion. Radiographic tumor control and late complications were assessed on long-term follow-up. After initial SRS, complete biochemical remission off medication was achieved in 3 of 6 patients with ACTH-secreting adenomas (50%; mean latency 24 months). In the GH-secreting group, 2 of 10 patients (20%) achieved remission off therapy, whereas an additional 3 of 10 (30%) achieved biochemical control only while continuing suppressive medical therapy; 2 of 10 patients (20%) demonstrated partial biochemical improvement without normalization. In the prolactinoma group, 3 of 8 patients (37.5%) achieved prolactin normalization off dopamine agonist therapy, whereas an additional 2 of 8 (25%) achieved biochemical control while maintained on dopamine agonist treatment; 1 of 8 patients (12.5%) showed partial biochemical improvement without normalization. Tumor growth control was attained in 6 of 6 ACTH (100%), 9 of 10 GH (90%), and 7 of 8 PRL adenomas (87.5%). One patient with persistent Cushing’s disease underwent bilateral adrenalectomy after SRS, and one dopamine-resistant prolactinoma patient required repeat resection; no other cases of disease progression occurred. Two patients (8.3%) experienced significant radiation-related complications, including one case of unilateral blindness with temporal lobe radionecrosis and one case of cognitive decline from temporal lobe injury. One patient (4.2%) developed a new pituitary hormone deficiency after SRS. LINAC-based SRS provided durable tumor control for most functional pituitary adenomas in this cohort and was associated with complete endocrine remission in a subset of patients, while others achieved biochemical control with continued medical therapy or partial hormonal improvement, with expected latency of up to several years. While uncommon, delayed toxicity (including visual loss or hypopituitarism) can occur and underscores the need for meticulous treatment planning with strict optic pathway and hypothalamic-pituitary axis dose constraints, as well as long-term endocrine follow-up.",scopus,llm,0.990,unreviewed,,doi:10.1007/s42399-026-02423-7
discarded,Why guideline-directed medical therapy depends on more than guidelines: microeconomics of medication use in heart failure,A.J. Milton,2026,Heart Failure Reviews,10.1007/s10741-026-10670-y,https://www.scopus.com/inward/record.uri?partnerID=HzOxMe3b&scp=105048478591&origin=inward,off-topic-false-hit,"Despite substantial mortality benefits, fewer than 25% of individuals with heart failure with reduced ejection fraction (HFrEF) receive all four pillars of guideline-directed medical therapy (GDMT), with underuse driven in part by economic and policy factors. Three clinician- and policy-relevant considerations may improve GDMT optimization. First, reduce patient cost sharing for GDMT at the public policy level. Evidence from national surveys demonstrates medication cost is a significant driver of nonadherence, particularly among economically vulnerable populations. Economic analyses have repeatedly shown GDMT produces high value welfare gains and cost-efficient savings through hospitalization and morbidity reduction. Second, enhance medication price transparency which is often obscured by insurance benefit design and complex rebate flows. Third, reduce overly burdensome administrative and formulary barriers. Cost containment mechanisms including prior authorizations and formulary limitations may delay or prevent initiation when applied to high-value therapies such as GDMT. Addressing these economic factors at both the policy-level and clinician-level is essential for translating GDMT into population-level survival gains. Therefore, this review integrates publicly available microeconomic data, economic theory, and health policy evidence to identify structural barriers to equitable GDMT optimization as well as provide pragmatic, policy-relevant solutions to aid clinicians in improving national adoption of GDMT.",scopus,llm,0.990,unreviewed,,doi:10.1007/s10741-026-10670-y
discarded,Scalable low-cost processes for arsenic removal from holopelagic Sargassum spp: Performance of soaking and pressing treatments,C. Renoul,2026,Bioresource Technology Reports,10.1016/j.biteb.2026.103032,https://www.scopus.com/inward/record.uri?partnerID=HzOxMe3b&scp=105050421359&origin=inward,off-topic-false-hit,"Massive stranding of holopelagic Sargassum spp. across the Caribbean have raised major environmental and socio-economic concerns, while also offering opportunities for biomass valorisation. However, the high content of inorganic arsenic (iAs), the most toxic arsenic fraction, remains a critical barrier to their use in agriculture or animal feed. This study investigates the feasibility of simple, low-cost treatments for reducing arsenic concentrations in Sargassum biomass, with a particular focus on iAs removal. Mechanical pressing (1.5–3.2 bar), with or without pre-soaking and mixing–rehydration steps, was evaluated alongside soaking treatments at different temperatures (20–60 °C). Pressing resulted in limited arsenic removal, whereas pre-soaking greatly enhanced efficiency. Soaking at 20 °C reduced total arsenic and iAs by 42% and 54%, respectively, with further improvements at higher temperatures, reaching up to 66% and 70% removal at 60 °C. Final iAs concentrations decreased to approximately 10 mg kg −1 . Importantly, no apparent loss of phenolic compounds was observed under these conditions. Although higher removal efficiencies have been reported using high-temperature treatments (e.g., 90 °C), such approaches involve greater energy costs and may compromise the preservation of valuable bioactive compounds. To the best of our knowledge, this study provides one of the first systematic evaluations of treatment strategies specifically targeting iAs reduction in holopelagic Sargassum . These findings highlight the potential of simple soaking-based processes as scalable pre-treatment options, while emphasizing the need for additional processing steps to meet stricter regulatory thresholds for certain applications.",scopus,llm,0.990,unreviewed,,doi:10.1016/j.biteb.2026.103032
discarded,"Valorisation of Quercus ilex acorn shells through green extraction: impact on phenolic composition, antioxidant and antimicrobial activities",M. Vázquez-Hernández,2026,Future Foods,10.1016/j.fufo.2026.101184,https://www.scopus.com/inward/record.uri?partnerID=HzOxMe3b&scp=105050393414&origin=inward,off-topic-false-hit,"Acorn shells from Quercus ilex represent an underexploited by-product with potential as a source of bioactive phenolic compounds. This study evaluated ultrasound-assisted extraction (UAE) and microwave-assisted extraction (MAE) using different ethanol-water mixtures to optimize phenolic recovery, antioxidant capacity, and antimicrobial activity. Hydroalcoholic solvents outperformed water. Hydroalcoholic solvents improved phenolic recovery compared with water. MAE with 25% ethanol provided the highest total phenolic content and antioxidant capacity, whereas UAE with 80% ethanol yielded a phenolic profile enriched in bioactive fractions. Advanced analysis (HPLC-ESI-QTOF-MS) identified a diverse phenolic composition, including phenolic acids, hydrolysable tannins, proanthocyanidins, flavonoids, and stilbene-related compounds. Furthermore, C18 solid-phase extraction (SPE) successfully purified and concentrated these extracts. Purified extracts showed concentration-dependent antimicrobial effects against food-borne pathogenic bacteria and postharvest filamentous fungi pathogens, mainly expressed as delayed growth onset and reduced overall growth. Antimicrobial performance was strongly microorganism-dependent, with UAE-SPE generally showing greater activity than MAE-SPE, particularly against Escherichia coli, Listeria spp., Monilinia fructicola , and Penicillium expansum . Overall, these findings support the valorisation of Q. ilex acorn shells as a sustainable source of phenolic-rich extracts with antioxidant and antimicrobial potential, although further studies in real food systems are required to confirm their technological applicability.",scopus,llm,0.990,unreviewed,,doi:10.1016/j.fufo.2026.101184
discarded,"Short-term effects and attributable burden of extreme heat and cold on dementia mortality: a case-time-series study in Hebei Province, China (2014–2022)",F. Zhang,2026,BMC Public Health,10.1186/s12889-026-27130-9,https://www.scopus.com/inward/record.uri?partnerID=HzOxMe3b&scp=105038400084&origin=inward,off-topic-false-hit,"Background People living with dementia may be particularly vulnerable to extreme temperature because of impaired thermoregulation and reduced adaptive capacity. There remains a gap regarding the impacts of extreme temperatures on dementia mortality and the associated mortality burden, especially in northern China. Methods A case time series (CTS) design was employed to evaluate both the cumulative and lag effects, using 21,358 dementia-related deaths recorded in Hebei Province, China, from 2014 to 2022. Daily mean temperature was obtained from the ERA5 reanalysis dataset and spatially matched to residential locations. Conditional Poisson Regression combined with distributed lag non-linear models were applied to estimate the associations. Stratified analyses were performed by age, sex, and marital status. Attributable fractions were calculated to quantify the mortality burden. Results Non-linear associations were observed, with the minimum mortality temperature at 23.4°C. Extreme heat was associated with a significantly increased mortality risk over lag 0-14 (RR=1.71, 95%CI: 1.37-2.14), whereas the effect of extreme cold was not statistically significant (RR=1.42, 95%CI: 0.96-2.09). Heat-related effects were strongest on the day of exposure and persisted for up to 11 days. Elevated heat-related risks were observed across many subgroups, with a significant interaction by marital status. Overall, 20.42% of dementia mortality was attributable to non-optimal temperatures, with extreme heat accounting for a larger proportion than extreme cold (1.39% vs. 0.91%). Conclusions Short-term exposure to extreme heat substantially increased dementia-related mortality in northern China, with both immediate and delayed effects. While extreme cold showed weaker cumulative associations, delayed risks at longer lags suggested that cold-related impacts should not be overlooked. Supplementary Information The online version contains supplementary material available at 10.1186/s12889-026-27130-9.",scopus,llm,0.990,unreviewed,,doi:10.1186/s12889-026-27130-9
discarded,Efficacy of levosimendan for acute decompensated heart failure with preserved ejection fraction in the elderly: a single-center retrospective analysis,X. Xu,2026,BMC Cardiovascular Disorders,10.1186/s12872-025-05224-3,https://www.scopus.com/inward/record.uri?partnerID=HzOxMe3b&scp=105026413380&origin=inward,off-topic-false-hit,"Current guidelines recommend medical treatment for heart failure with preserved ejection fraction (HFpEF) but do not address inotropic drug use during acute HF episodes. This real-world study aimed to evaluate the effects of levosimendan in elderly patients presenting with acute HFpEF. We retrospectively identified patients aged ≥ 65 years hospitalized with acute HFpEF at our institution. Using propensity score matching (PSM), 160 patients were selected. Echocardiographic parameters and B-type natriuretic peptide (BNP) levels were assessed before and after levosimendan administration. Rehospitalization for heart failure (HF) and all-cause mortality were compared during follow-up. Multivariable analysis revealed significantly greater improvements in the levosimendan group for septal early diastolic mitral inflow velocity to mitral annular tissue velocity ratio (E/e’) (ΔE/e’: -2.4 ± 2.4 vs. -1.9 ± 2.1; t = -2.09, 95% CI: -0.76 to -0.02; p = 0.038) and New York Heart Association (NYHA) class [median change: -1 (-1 to -0.25) vs. -1(-1 to 0); p = 0.048]. No significant between-group differences were observed in ΔBNP, Δabsolute global longitudinal strain (ΔaGLS), Δleft ventricular ejection fraction (ΔLVEF), or hospital length of stay. Subgroup analyses demonstrated greater improvements in ΔaGLS and Δseptal E/e’ among patients with baseline aGLS < 16% or septal E/e’ ≥15. After a median follow-up of 12.5 months, composite outcomes of rehospitalization for HF and all-cause mortality did not differ significantly between groups (levosimendan 21 vs. control 23; Log-rank p = 0.095). For older patients with acute HFpEF combined with more comorbidities, although levosimendan may transiently improve hemodynamics and functional capacity in the acute phase, it fails to demonstrate long-term prognostic benefits. The clinical benefit of this drug may be limited to select patients, and its clinical application may lack cost-effectiveness for broader application.",scopus,llm,0.990,unreviewed,,doi:10.1186/s12872-025-05224-3
