status,title,authors,year,venue,doi,url,tags,abstract,provider,decision_source,llm_confidence,llm_review_outcome,llm_change_direction,paper_id
discarded,ROUNDOFF-ERROR-FREE BASIS UPDATES OF LU FACTORIZATIONS FOR THE EFFICIENT VALIDATION OF OPTIMALITY CERTIFICATES,"Escobedo, Adolfo R.; Moreno-Centeno, Erick",2017,SIAM JOURNAL ON MATRIX ANALYSIS AND APPLICATIONS,10.1137/16M1089630,https://www.webofscience.com/wos/woscc/full-record/WOS:000412158000006,adjacent-subtopic,"The roundoff-error-free (REF) LU and Cholesky factorizations, combined with the REF substitution algorithms, allow rational systems of linear equations to be solved exactly and efficiently by working entirely in integer arithmetic. These REF computational tools share two key properties: their constituent divisions are exact, and their matrix entries' bit-lengths (i.e., required number of storage bits) are bounded polynomially. However, as this paper explains, updating the REF factorizations via the common delete-insert-reduce approach turns out to be inefficient in terms of operand bit-length growth and increased computational effort. In fact, we prove that this inefficiency can eliminate the computational savings expected of the factorization update process. Hence, the current work develops REF update algorithms that differ significantly from their traditional counterparts. To achieve this, it introduces the frame matrix methodology for representing and applying the REF factorizations, and then it devises new REF operations and shortcuts for transitioning between nearby frame matrices. The presented push-and-swap update approach utilizes these transitions to preserve the special structure of the REF factorizations and to avoid additional growth in their matrix entries' bit-lengths; this update process requires the expected O(n(2)) operations. The featured updates are column addition, deletion, and replacement with respect to the REF LU factorization. We also prove that analogous row updates can be performed via the column updates and discuss special considerations for updating the REF Cholesky factorization. An accompanying set of computational tests attests that for fully dense random instances, the push-and-swap column replacement update for the REF LU factorization is on average an order of magnitude faster than the corresponding delete-insert-reduce update for the exact rational arithmetic LU factorization. Altogether, the REF update algorithms represent a promising preliminary step toward enhancing the basic solution validation subroutines employed by state-of-the-art mixed-precision methodologies for exact linear and mixed-integer programming.",wos,llm,0.890,unreviewed,,doi:10.1137/16m1089630
discarded,Deconstructing Approximate Offsets,"Berberich, Eric; Halperin, Dan; Kerber, Michael; Pogalnikova, Roza",2011,COMPUTATIONAL GEOMETRY (SCG 11),,https://www.webofscience.com/wos/woscc/full-record/WOS:000292906900022,adjacent-subtopic,"We consider the offset-deconstruction problem: Given a polygonal shape Q with n vertices, can it be expressed, up to a tolerance a in Hausdorff distance, as the Minkowski sum of another polygonal shape P with a disk of fixed radius? If it does, we also seek a preferably simple-looking solution shape P; then, P's offset constitutes an accurate, vertex-reduced, and smoothened approximation of Q. We give an O(n log n)-time exact decision algorithm that handles any polygonal shape, assuming the real-RAM model of computation. An alternative algorithm, based purely on rational arithmetic, answers the same deconstruction problem, up to an uncertainty parameter delta, and its running time depends on the parameter delta (in addition to the other input parameters: n,epsilon and the radius of the disk). If the input shape is found to be approxirnable, the rational-arithmetic algorithm also computes an approximate solution shape for the problem. For convex shapes, the complexity of the exact decision algorithm drops to O(n), which is also the time required to compute a solution shape P with at most one more vertex than a vertex-minimal one. Our study is motivated by applications from two different domains. However, since the offset operation has numerous uses, we anticipate that the reverse question that we study here will be still more broadly applicable. We present results obtained with our implementation of the rational-arithmetic algorithm.",wos,llm,0.960,unreviewed,,hash:950fe5c96cff65ac
discarded,Exact Certification in Global Polynomial Optimization Via Rationalizing Sums-Of-Squares,"Kaltofen, Erich",2009,APPROXIMATE COMMUTATIVE ALGEBRA,,https://www.webofscience.com/wos/woscc/full-record/WOS:000293617000009,adjacent-subtopic,"Errors in the coefficients due to floating point round-off or through physical measurement can render exact symbolic algorithms unusable. Hybrid symbolic-numeric algorithms compute minimal deformations of those coefficients that yield non-trivial results, e.g. polynomial factorizations or sparse interpolants. The question is: are the computed approximations the globally nearest to the input? We present a new alternative to numerical optimization, namely the exact validation via symbolic methods of the global minimality of our deformations. Semidefinite programming and Newton refinement are used to compute a numerical sum-of-squares representation, which is converted to an exact rational identity for a nearby rational lower bound. Since the exact certificates leave no doubt, the numeric heuristics need not be fully analyzed. We demonstrate our approach on the approximate GCD, approximate factorization, and Rump's model problems. The talk covers joint work with Bin Li, Zhengfeng Yang and Lihong Zhi.",wos,llm,0.930,unreviewed,,hash:15be22335856bf95
discarded,"Recursive Markov Chains, Stochastic Grammars, and Monotone Systems of Nonlinear Equations","Etessami, Kousha; Yannakakis, Mihalis",2009,JOURNAL OF THE ACM,10.1145/1462153.1462154,https://www.webofscience.com/wos/woscc/full-record/WOS:000263490900001,adjacent-subtopic,"We define Recursive Markov Chains (RMCs), a class of finitely presented denumerable Markov chains, and we study algorithms for their analysis. Informally, an RMC consists of a collection of finite-state Markov chains with the ability to invoke each other in a potentially recursive manner. RMCs offer a natural abstract model for probabilistic programs with procedures. They generalize, in a precise sense, a number of well-studied stochastic models, including Stochastic Context-Free Grammars (SCFG) and Multi-Type Branching Processes (MT-BP).

We focus on algorithms for reachability and termination analysis for RMCs: what is the probability that an RMC started from a given state reaches another target state, or that it terminates? These probabilities are in general irrational, and they arise as (least) fixed point solutions to certain (monotone) systems of nonlinear equations associated with RMCs. We address both the qualitative problem of determining whether the probabilities are 0, 1 or in-between, and the quantitative problems of comparing the probabilities with a given bound, or approximating them to desired precision.

We show that all these problems can be solved in PSPACE using a decision procedure for the Existential Theory of Reals. We provide a more practical algorithm, based on a decomposed version of multi-variate Newton's method, and prove that it always converges monotonically to the desired probabilities. We show this method applies more generally to any monotone polynomial system. We obtain polynomial-time algorithms for various special subclasses of RMCs. Among these: for SCFGs and MT-BPs (equivalently, for 1-exit RMCs) the qualitative problem can be solved in P-time; for linearly recursive RMCs the probabilities are rational and can be computed exactly in P-time.

We show that our PSPACE upper bounds cannot be substantially improved without a breakthrough on long standing open problems: the square-root sum problem and an arithmetic circuit decision problem that captures P-time on the unit-cost rational arithmetic RAM model. We show that these problems reduce to the qualitative problem and to the approximation problem (to within any nontrivial error) for termination probabilities of general RMCs, and to the quantitative decision problem for termination (extinction) of SCFGs (MT-BPs).",wos,llm,0.940,unreviewed,,doi:10.1145/1462153.1462154
discarded,"Fractional Collections with Cardinality Bounds, and Mixed Linear Arithmetic with Stars","Piskac, Ruzica; Kuncak, Viktor",2008,"COMPUTER SCIENCE LOGIC, PROCEEDINGS",,https://www.webofscience.com/wos/woscc/full-record/WOS:000261091200010,adjacent-subtopic,"We present decision procedures for logical constraints involving collections such as sets, multisets, and fuzzy sets. Element membership in our collections is given by characteristic functions from a finite universe (of unknown size) to a user-defined subset of rational numbers. Our logic supports standard operators such as union, intersection, difference, or any operation defined pointwise using mixed linear integerrational arithmetic. Moreover, it, supports the notion of cardinality of the collection, defined as the sum of occurrences of all elements. Deciding formulas in such logic has applications in software verification.

Our decision procedure reduces satisfiability of formulas with collections to satisfiability of formulas in an extension of mixed linear integerrational arithmetic with a ""star"" operator. The star operator computes the integer cone (closure under vector addition) of the solution set of a given formula. We give an algorithm for eliminating the star operator, which reduces the problem to mixed linear integer-rational arithmetic. Star elimination combines naturally with quantifier elimination for mixed integer-rational arithmetic. Our decidability result subsumes previous special cases for sets and multisets. The extension with star is interesting in its own right because it can encode reachability problems for a simple class of transition systems.",wos,llm,0.950,unreviewed,,hash:d4be44d49f1f05ce
discarded,Two minimal problems for cameras with radial distortion,"Kukelova, Zuzana; Pajdla, Tomas",2007,"2007 IEEE 11TH INTERNATIONAL CONFERENCE ON COMPUTER VISION, VOLS 1-6",,https://www.webofscience.com/wos/woscc/full-record/WOS:000255099302104,adjacent-subtopic,"Epipolar geometry and relative camera pose computation for uncalibrated cameras with radial distortion has recently been formulated as a minimal problem and successfully solved in floating point arithmetics. The singularity of the fundamental matrix has been used to reduce the minimal number of points to eight. It was assumed that the cameras were not calibrated but had same distortions. In this paper we formulate two new minimal problems for estimating epipolar geometry of cameras with radial distortion. First we present a minimal algorithm for partially calibrated cameras with same radial distortion. Using the trace constraint which holds for the epipolar geometry of calibrated cameras to reduce the number of necessary points from eight to six. We demonstrate that the problem is solvable in exact rational arithmetics. Secondly, we present a minimal algorithm for uncalibrated cameras with different radial distortions. We show that the problem can be solved using nine points in two views by manipulating polynomials by a sequence of Gauss-Jordan eliminations in exact rational arithmetics. We demonstrate the algorithms on synthetic and real data.",wos,llm,0.960,unreviewed,,hash:f6432a5348119438
discarded,A subdivision-based algorithm for the sparse resultant,"Canny, JF; Emiris, IZ",2000,JOURNAL OF THE ACM,,https://www.webofscience.com/wos/woscc/full-record/WOS:000087994000001,adjacent-subtopic,"Multivariate resultants generalize the Sylvester resultant of two polynomials and characterize the solvability of a polynomial system. They also reduce the computation of an common roots to a problem in linear algebra. We propose a determinantal formula for the sparse resultant of an arbitrary system of n + 1 polynomials in n variables. This resultant generalizes the classical one and has significantly lower degree for polynomials that are sparse in the sense that their mixed volume is lower than their Bezout number. Our algorithm uses a mixed polyhedral subdivision of the Minkowski sum of the Newton polytopes in order to construct a Newton matrix. Its determinant is a nonzero multiple of the sparse resultant and the latter equals the GCD of at most n + 1 such determinants. This construction implies a restricted version of an effective sparse Nullstellensatz. For an arbitrary specialization of the coefficients, there are two methods that use one extra variable and yield the sparse resultant. This is the first algorithm to handle the general case with complexity polynomial in the resultant degree and simply exponential in n. We conjecture its extension to producing an exact rational expression for the sparse resultant.",wos,llm,0.940,unreviewed,,hash:94b8fd803b203491
discarded,A greatest common divisor algorithm,"Belenkiy, A; Vidunas, R",1998,INTERNATIONAL JOURNAL OF ALGEBRA AND COMPUTATION,,https://www.webofscience.com/wos/woscc/full-record/WOS:000079039900005,adjacent-subtopic,"Algorithms of computation of the Greatest Common Divisor (GCD) of two integers play a principal role in all computational systems dealing with rational arithmetic. The simplest one (Euclidean) is not the best for large numbers (see D. E. Knuth's book ""The Art of Computer Programming"" for details).

One improvement was suggested by D. H. Lehmer in 1938 who noticed that it is possible to run the Euclidean algorithm with a few leading digits of large numbers and, with some care, still obtain the correct answer.

In the 70's G. E. Collins pointed out that Lehmer's algorithm simultaneously analyzed two similar sequences of numbers and hence did twice as much work as necessary. Collins found a way to work with only one sequence of numbers together with a verification of a certain inequality. The proof of the validity of this inequality is, perhaps, too complicated. We present a similar but softer inequality and give a short and simple proof thereof.",wos,llm,0.870,unreviewed,,hash:7d4c248ebf5a9917
discarded,Topologically exact evaluation of polyhedra defined in CSG with loose primitives,"Banerjee, R; Rossignac, JR",1996,COMPUTER GRAPHICS FORUM,,https://www.webofscience.com/wos/woscc/full-record/WOS:A1996VL75800003,adjacent-subtopic,"Floating point round-of causes erroneous and inconsistent decisions in geometric modelling algorithms. These errors lead to the generation of topologically invalid boundary models for CSG objects and significantly reduce the reliability of CAD applications. Previously known methods that guarantee topological consistency by relying on arbitrary precision rational arithmetic or on symbol-manipulation techniques are too expensive for practical purposes. This paper presents a new solution which takes as input a ''fixed precision'' regularized Boolean combination of linear half-spaces and produces a polyhedral boundary model that has the exact topology of the corresponding solid. Each half-space is represented by four homogeneous coefficients in fixed precision format (L(a) bits for the three direction cosines and L(d) bits for the constant term, i.e. the distance from the origin). Exact answers to all topological and ordering questions are computed using a fixed length, 3 L(a) + L(d) + 2 bits, integer format. This new guaranteed tight limit on the number of bits necessary for performing intermediate calculations is achieved by expressing all of the topological decisions based on geometric computations in terms of the signs of 4 by 4 determinants of the input coefficients. The coordinates of intersection vertices are not required for making the correct topological decisions and hence vertices and lines are represented implicitly in terms of planes.",wos,llm,0.880,unreviewed,,hash:56dcc0a699b9cdbd
discarded,Integer and rational arithmetic on MasPar,"Jebelean, T",1996,DESIGN AND IMPLEMENTATION OF SYMBOLIC COMPUTATION SYSTEMS,,https://www.webofscience.com/wos/woscc/full-record/WOS:A1996BH80D00015,adjacent-subtopic,"The speed of integer and rational arithmetic increases significantly by systolic implementation on a SIMD architecture. For multiplication of integers one obtains linear speed-up (up to 29 times), using a serial-parallel scheme. A two-dimensional algorithm for multiplication of polynomials gives half-linear speed-up (up to 383 times). We also implement multiprecision rational arithmetic using known systolic algorithms for addition and multiplication, as well as recent algorithms for exact division and GCD computation. All algorithms work in ''least-significant digits first'' pipelined manner, hence they can be well aggregated together. The practical experiments show that the timings depend linearly on the input length, demonstrating the effectiveness of the systolic paradigm for multiple precision arithmetic.",wos,llm,0.820,unreviewed,,hash:217e29ac529c8e0f
discarded,Numerical validation method for nonlinear equations using interval analysis and rational arithmetic,"Kashiwagi, M; Oishi, S",1995,ELECTRONICS AND COMMUNICATIONS IN JAPAN PART III-FUNDAMENTAL ELECTRONIC SCIENCE,,https://www.webofscience.com/wos/woscc/full-record/WOS:A1995TM60600011,adjacent-subtopic,"This paper proposes an algorithm with a guaranteed accuracy for the finite-dimensional nonlinear equation. First, an algorithm is shown which can determine the interval containing the true solution, based on the given approximate solution. The method is based on the interval analysis and considers the representation error of the equation. Then the interval iteration method is shown which can arbitrarily reduce the interval. The rational number arithmetic is used and the rounding of the rational number is utilized effectively. Finally, an experimental implementation of the algorithm on a computer is presented, together with some numerical examples.",wos,llm,0.920,unreviewed,,hash:ba7a5e0a8aa02ca2
discarded,Exact Matrix Factorization Updates for Nonlinear Programming,A.R. Escobedo,2024,Informs Journal on Computing,10.1287/ijoc.2021.0331,https://www.scopus.com/inward/record.uri?partnerID=HzOxMe3b&scp=85186139274&origin=inward,adjacent-subtopic,"LU and Cholesky matrix factorization algorithms are core subroutines used to solve systems of linear equations (SLEs) encountered when solving an optimization problem. Standard floating-point algorithms are highly efficient but remain susceptible to the accumulation of round-off errors, which can lead solvers to return feasibility and optimality claims that are actually invalid. This paper introduces a novel direct solution approach for solving sequences of closely related SLEs encountered in nonlinear programming efficiently and without round-off errors. Specifically, it introduces rank-one update algorithms for the round-off error–free factorization framework, a tool set built on integer-preserving arithmetic that has led to the development and implementation of extremely reliable subroutines for solving SLEs occurring in linear programming. The formal guarantees of the presented algorithms are established through the derivation of theoretical insights. Their advantages are supported with computational experiments, which demonstrate upward of 75× improvements over exact factorization runtimes on fully dense matrices with more than one million entries. A significant advantage of the featured integer-preserving framework is that the length of any matrix coefficient produced by its algorithms is bounded polynomially in the size of the inputs without having to resort to greatest common divisor operations, which are required by and thereby hinder an efficient implementation of exact rational arithmetic approaches. History: Accepted by Antonio Frangioni, Area Editor for Design & Analysis of Algorithms–Continuous. Supplemental Material: The software that supports the findings of this study is available within the paper and its Supplemental Information ( https://pubsonline.informs.org/doi/suppl/10.1287/ijoc.2021.0331 ) as well as from the IJOC GitHub software repository ( https://github.com/INFORMSJoC/2021.0331 ). The complete IJOC Software and Data Repository is available at https://informsjoc.github.io/ .",scopus,llm,0.950,unreviewed,,doi:10.1287/ijoc.2021.0331
