status,title,authors,year,venue,doi,url,tags,abstract,provider,decision_source,llm_confidence,llm_review_outcome,llm_change_direction,paper_id
discarded,"Observational equality, now!",T. Altenkirch,2007,Plpv 07 Proceedings of the 2007 Workshop on Programming Languages Meets Program Verification,10.1145/1292597.1292608,https://www.scopus.com/inward/record.uri?partnerID=HzOxMe3b&scp=38849109953&origin=inward,adjacent-subtopic,This paper has something new and positive to say about propositional equality in programming and proof systems based on the Curry-Howard correspondence between propositions and types. We have found a way to present a propositional equality type,scopus,llm,0.740,unreviewed,,doi:10.1145/1292597.1292608
discarded,XML design for relational storage,S. Kolahi,2007,16th International World Wide Web Conference Www2007,10.1145/1242572.1242718,https://www.scopus.com/inward/record.uri?partnerID=HzOxMe3b&scp=35348821268&origin=inward,adjacent-subtopic,"Design principles for XML schemas that eliminate redundancies and avoid update anomalies have been studied recently. Several normal forms, generalizing those for relational databases, have been proposed. All of them, however, are based on the assumption of anative XML storage, while in practice most of XML data is stored inrelational databases.",scopus,llm,0.980,unreviewed,,doi:10.1145/1242572.1242718
discarded,Least and greatest fixed points in linear logic,D. Baelde,2007,Lecture Notes in Computer Science Including Subseries Lecture Notes in Artificial Intelligence and Lecture Notes in Bioinformatics,10.1007/978-3-540-75560-9_9,https://www.scopus.com/inward/record.uri?partnerID=HzOxMe3b&scp=38149040853&origin=inward,adjacent-subtopic,"The first-order theory of MALL (multiplicative, additive linear logic) over only equalities is an interesting but weak logic since it cannot capture unbounded (infinite) behavior. Instead of accounting for unbounded behavior via the addition of the exponentials (! and ?), we add least and greatest fixed point operators. The resulting logic, which we call mu MALL(=), satisfies two fundamental proof theoretic properties. In particular mu MALL(=) satisfies cut-elimination, which implies consistency, and has a complete focused proof system. This second result about focused proofs provides a strong normal form for cut-free proof structures that can be used, for example, to help automate proof search. We then consider applying these two results about mu MALL(=) to derive a focused proof system for an intuitionistic logic extended with induction and co-induction. The traditional approach to encoding intuitionistic logic into linear logic relies heavily on using the exponentials, which unfortunately weaken the focusing discipline. We get a better focused proof system by observing that certain fixed points satisfy the structural rules of weakening and contraction (without using exponentials). The resulting focused proof system for intuitionistic logic is closely related to the one implemented in Bedwyr, a recent model checker based on logic programming. We discuss how our proof theory might be used to build a computational system that can partially automate induction and co-induction.",scopus,llm,0.930,unreviewed,,doi:10.1007/978-3-540-75560-9_9
discarded,"Scater: pre-processing, quality control, normalization and visualization of single-cell RNA-seq data in R",Davis James McCarthy; Kieran R. Campbell; Aaron T. L. Lun; Quin F. Wills,2016,Bioinformatics,10.1093/bioinformatics/btw777,https://openalex.org/W2951158909,off-topic-false-hit,"Motivation: Single-cell RNA sequencing (scRNA-seq) is increasingly used to study gene expression at the level of individual cells. However, preparing raw sequence data for further analysis is not a straightforward process. Biases, artifacts and other sources of unwanted variation are present in the data, requiring substantial time and effort to be spent on pre-processing, quality control (QC) and normalization. Results: We have developed the R/Bioconductor package scater to facilitate rigorous pre-processing, quality control, normalization and visualization of scRNA-seq data. The package provides a convenient, flexible workflow to process raw sequencing reads into a high-quality expression dataset ready for downstream analysis. scater provides a rich suite of plotting tools for single-cell data and a flexible data structure that is compatible with existing tools and can be used as infrastructure for future software development. Availability and Implementation: The open-source code, along with installation instructions, vignettes and case studies, is available through Bioconductor at http://bioconductor.org/packages/scater . Contact: davis@ebi.ac.uk. Supplementary information: Supplementary data are available at Bioinformatics online.",openalex,llm,0.990,unreviewed,,doi:10.1093/bioinformatics/btw777
discarded,Abstract data types and software validation,John V. Guttag; Ellis Horowitz; David R. Musser,1978,Communications of the ACM,10.1145/359657.359666,https://openalex.org/W2015874281,adjacent-subtopic,"A data abstraction can be naturally specified using algebraic axioms. The virtue of these axioms is that they permit a representation-independent formal specification of a data type. An example is given which shows how to employ algebraic axioms at successive levels of implementation. The major thrust of the paper is twofold. First, it is shown how the use of algebraic axiomatizations can simplify the process of proving the correctness of an implementation of an abstract data type. Second, semi-automatic tools are described which can be used both to automate such proofs of correctness and to derive an immediate implementation from the axioms. This implementation allows for limited testing of programs at design time, before a conventional implementation is accomplished.",openalex,llm,0.700,unreviewed,,doi:10.1145/359657.359666
discarded,"The brain imaging data structure, a format for organizing and describing outputs of neuroimaging experiments",Krzysztof J. Gorgolewski; Tibor Auer; Vince D. Calhoun; Richard Cameron Craddock; Samir Das; Eugene Paul Duff; Guillaume Flandin; Satrajit Ghosh; Tristan Glatard; Yaroslav O. Halchenko; Daniel A. Handwerker; Michael Hanke; David B. Keator; Xiangrui Li; Zachary Michael; Camille Maumet; B. Nolan Nichols; Thomas E. Nichols; John S Pellman; Jean‐Baptiste Poline; Ariel Rokem; Gunnar Schaefer; Vanessa Sochat; William T. Triplett; Jessica A. Turner; Gaël Varoquaux; Russell Alan Poldrack,2016,Scientific Data,10.1038/sdata.2016.44,https://openalex.org/W2951103577,off-topic-false-hit,"The development of magnetic resonance imaging (MRI) techniques has defined modern neuroimaging. Since its inception, tens of thousands of studies using techniques such as functional MRI and diffusion weighted imaging have allowed for the non-invasive study of the brain. Despite the fact that MRI is routinely used to obtain data for neuroscience research, there has been no widely adopted standard for organizing and describing the data collected in an imaging experiment. This renders sharing and reusing data (within or between labs) difficult if not impossible and unnecessarily complicates the application of automatic pipelines and quality assurance protocols. To solve this problem, we have developed the Brain Imaging Data Structure (BIDS), a standard for organizing and describing MRI datasets. The BIDS standard uses file formats compatible with existing software, unifies the majority of practices already common in the field, and captures the metadata necessary for most common data processing operations.",openalex,llm,0.980,unreviewed,,doi:10.1038/sdata.2016.44
discarded,A lazy evaluator,Peter B. Henderson; James H. Morris,1976,,10.1145/800168.811543,https://openalex.org/W2067911767,adjacent-subtopic,A different way to execute pure LISP programs is presented. It delays the evaluation of parameters and list structures without ever having to perform more evaluation steps than the usual method. Although the central idea can be found in earlier work this paper is of interest since it treats a rather well-known language and works out an algorithm which avoids full substitution. A partial correctness proof using Scott-Strachey semantics is sketched in a later section.,openalex,llm,0.960,unreviewed,,doi:10.1145/800168.811543
discarded,Computational problems related to the design of normal form relational schemas,Catriel Beeri; Philip A. Bernstein,1979,ACM Transactions on Database Systems,10.1145/320064.320066,https://openalex.org/W2135105491,adjacent-subtopic,"Problems related to functional dependencies and the algorithmic design of relational schemas are examined. Specifically, the following results are presented: (1) a tree model of derivations of functional dependencies from other functional dependencies; (2) a linear-time algorithm to test if a functional dependency is in the closure of a set of functional dependencies; (3) a quadratic-time implementation of Bernstein's third normal form schema synthesis algorithm. Furthermore, it is shown that most interesting algorithmic questions about Boyce-Codd normal form and keys are NP -complete and are therefore probably not amenable to fast algorithmic solutions.",openalex,llm,0.990,unreviewed,,doi:10.1145/320064.320066
discarded,The metagenomics RAST server – a public resource for the automatic phylogenetic and functional analysis of metagenomes,Folker Meyer; Daniel Paarmann; M D'Souza; R Olson; EM Glass; Michael Kubal; Tobias Paczian; A Rodriguez; Rick L. Stevens; Andreas Wilke; Jan Wilkening; Robert Alan Edwards,2008,BMC Bioinformatics,10.1186/1471-2105-9-386,https://openalex.org/W1989348205,off-topic-false-hit,"BACKGROUND: Random community genomes (metagenomes) are now commonly used to study microbes in different environments. Over the past few years, the major challenge associated with metagenomics shifted from generating to analyzing sequences. High-throughput, low-cost next-generation sequencing has provided access to metagenomics to a wide range of researchers. RESULTS: A high-throughput pipeline has been constructed to provide high-performance computing to all researchers interested in using metagenomics. The pipeline produces automated functional assignments of sequences in the metagenome by comparing both protein and nucleotide databases. Phylogenetic and functional summaries of the metagenomes are generated, and tools for comparative metagenomics are incorporated into the standard views. User access is controlled to ensure data privacy, but the collaborative environment underpinning the service provides a framework for sharing datasets between multiple users. In the metagenomics RAST, all users retain full control of their data, and everything is available for download in a variety of formats. CONCLUSION: The open-source metagenomics RAST service provides a new paradigm for the annotation and analysis of metagenomes. With built-in support for multiple data sources and a back end that houses abstract data types, the metagenomics RAST is stable, extensible, and freely available to all researchers. This service has removed one of the primary bottlenecks in metagenome sequence analysis - the availability of high-performance computing for annotating the data. http://metagenomics.nmpdr.org.",openalex,llm,0.990,unreviewed,,doi:10.1186/1471-2105-9-386
kept,Efficient implementation of a BDD package,Karl S. Brace; Richard L. Rudell; Randal E. Bryant,1990,,10.1145/123186.123222,https://openalex.org/W2135453964,supports-claim; cross-domain-equality,"Efficient manipulation of Boolean functions is an important component of many computer-aided design tasks. This paper describes a package for manipulating Boolean functions based on the reduced, ordered, binary decision diagram (ROBDD) representation. The package is based on an efficient implementation of the if-then-else (ITE) operator. A hash table is used to maintain a strong canonical form in the ROBDD, and memory use is improved by merging the hash table and the ROBDD into a hybrid data structure. A memory function for the recursive ITE algorithm is implemented using a hash-based cache to decrease memory use. Memory function efficiency is improved by using rules that detect when equivalent functions are computed. The usefulness of the package is enhanced by an automatic and low-cost scheme for recycling memory. Experimental results are given to demonstrate why various implementation trade-offs were made. These results indicate that the package described here is significantly faster and more memory-efficient than other ROBDD implementations described in the literature.",openalex,llm_reviewed,0.990,confirmed,,doi:10.1145/123186.123222
kept,Efficient implementation of a BDD package,K.S. Brace; Richard L. Rudell; Randal E. Bryant,2002,,10.1109/dac.1990.114826,https://openalex.org/W4255413535,supports-claim; cross-domain-equality,"Efficient manipulation of Boolean functions is an important component of many computer-aided design tasks. This paper describes a package for manipulating Boolean functions based on the reduced, ordered, binary decision diagram (ROBDD) representation. The package is based on an efficient implementation of the if-then-else (ITE) operator. A hash table is used to maintain a strong canonical form in the ROBDD, and memory use is improved by merging the hash table and the ROBDD into a hybrid data structure. A memory function for the recursive ITE algorithm is implemented using a hash-based cache to decrease memory use. Memory function efficiency is improved by using rules that detect when equivalent functions are computed. The usefulness of the package is enhanced by an automatic and low-cost scheme for recycling memory. Experimental results are given to demonstrate why various implementation trade-offs were made. These results indicate that the package described here is significantly faster and more memory-efficient than other ROBDD implementations described in the literature.",openalex,llm_reviewed,0.990,confirmed,,doi:10.1109/dac.1990.114826
discarded,Compiler-based prefetching for recursive data structures,Chi-Keung Luk; Todd C. Mowry,1996,,10.1145/237090.237190,https://openalex.org/W2095679548,adjacent-subtopic,"Software-controlled data prefetching offers the potential for bridging the ever-increasing speed gap between the memory subsystem and today's high-performance processors. While prefetching has enjoyed considerable success in array-based numeric codes, its potential in pointer-based applications has remained largely unexplored. This paper investigates compiler-based prefetching for pointer-based applications---in particular, those containing recursive data structures. We identify the fundamental problem in prefetching pointer-based data structures and propose a guideline for devising successful prefetching schemes. Based on this guideline, we design three prefetching schemes, we automate the most widely applicable scheme (greedy prefetching) in an optimizing research compiler, and we evaluate the performance of all three schemes on a modern superscalar processor similar to the MIPS R10000. Our results demonstrate that compiler-inserted prefetching can significantly improve the execution speed of pointer-based codes---as much as 45% for the applications we study. In addition, the more sophisticated algorithms (which we currently perform by hand, but which might be implemented in future compilers) can improve performance by as much as twofold. Compared with the only other compiler-based pointer prefetching scheme in the literature, our algorithms offer substantially better performance by avoiding unnecessary overhead and hiding more latency.",openalex,llm,0.990,unreviewed,,doi:10.1145/237090.237190
discarded,A Value Transmission Method for Abstract Data Types,Maurice P. Herlihy; Barbara H. Liskov,1982,ACM Transactions on Programming Languages and Systems,10.1145/69622.357182,https://openalex.org/W2135032959,adjacent-subtopic,"data types have proved to be a useful technique for structuring systems.In large systems it is sometimes useful to have different regions of the system use different representations for the abstract data values.A technique is described for communicating abstract values between such regions.The method was developed for use in constructing distributed systems, where the regions exist at different computers and the values are communicated over a network.The method defines a call-by-value semantics; it is also useful in nondistributed systems wherever call by value is the desired semantics.An important example of such a use is a repository, such as a file system, for storing longlived data.",openalex,llm,0.880,unreviewed,,doi:10.1145/69622.357182
discarded,Memory bandwidth limitations of future microprocessors,Doug Burger; James R. Goodman; Alain Kägi,1996,,10.1145/232973.232983,https://openalex.org/W2100913437,adjacent-subtopic,"This paper makes the case that pin bandwidth will be a critical consideration for future microprocessors. We show that many of the techniques used to tolerate growing memory latencies do so at the expense of increased bandwidth requirements. Using a decomposition of execution time, we show that for modern processors that employ aggressive memory latency tolerance techniques, wasted cycles due to insufficient bandwidth generally exceed those due to raw memory latencies. Given the importance of maximizing memory bandwidth, we calculate effective pin bandwidth, then estimate optimal effective pin bandwidth. We measure these quantities by determining the amount by which both caches and minimal-traffic caches filter accesses to the lower levels of the memory hierarchy. We see that there is a gap that can exceed two orders of magnitude between the total memory traffic generated by caches and the minimal-traffic caches---implying that the potential exists to increase effective pin bandwidth substantially. We decompose this traffic gap into four factors, and show they contribute quite differently to traffic reduction for different benchmarks. We conclude that, in the short term, pin bandwidth limitations will make more complex on-chip caches cost-effective. For example, flexible caches may allow individual applications to choose from a range of caching policies. In the long term, we predict that off-chip accesses will be so expensive that all system memory will reside on one or more processor chips.",openalex,llm,0.990,unreviewed,,doi:10.1145/232973.232983
discarded,Lazy Satisfiability Modulo Theories,Roberto Sebastiani,2007,Journal on Satisfiability Boolean Modeling and Computation,10.3233/sat190034,https://openalex.org/W169672073,adjacent-subtopic,"Satisfiability Modulo Theories (SMT) is the problem of deciding the satisfiability of a first-order formula with respect to some decidable first-order theory T(SMT(T)). These problems are typically not handled adequately by standard automated theorem provers. SMT is being recognized as increasingly important due to its applications in many domains in different communities, in particular in formal verification. An amount of papers with novel and very efficient techniques for SMT has been published in the last years, and some very efficient SMT tools are now available. Typical SMT(T) problems require testing the satisfiability of formulas which are boolean combinations of atomic propositions and atomic expressions in T, so that heavy boolean reasoning must be efficiently combined with expressive theory-specific reasoning. The dominating approach to SMT(T), called lazy approach, is based on the integration of a SAT solver and of a decision procedure able to handle sets of atomic constraints in T (T-solver), handling respectively the boolean and the theory-specific components of reasoning. Unfortunately, neither the problem of building an efficient SMT solver, nor even that of acquiring a comprehensive background knowledge in lazy SMT, is of simple solution. In this paper we present an extensive survey of SMT, with particular focus on the lazy approach. We survey, classify and analyze from a theory-independent perspective the most effective techniques and optimizations which are of interest for lazy SMT and which have been proposed in various communities; we discuss their relative benefits and drawbacks; we provide some guidelines about their choice and usage; we also analyze the features for SAT solvers and T-solvers which make them more suitable for an integration. The ultimate goals of this paper are to become a source of a common background knowledge and terminology for students and researchers in different areas, to provide a domain-independent reference guide for developers of SMT tools, and to stimulate the cross-fertilization of techniques and ideas among different communities.",openalex,llm,0.920,unreviewed,,doi:10.3233/sat190034
