status,title,authors,year,venue,doi,url,tags,abstract,provider,decision_source,llm_confidence,llm_review_outcome,llm_change_direction,paper_id
discarded,Normal Forms for Planar Systems With Nilpotent Linear Part,E. Gamero; E. Freire; Enrique Ponce,1991,Birkhäuser Basel eBooks,10.1007/978-3-0348-7004-7_14,https://openalex.org/W64516538,off-topic-false-hit,"Normal forms corresponding to a linear degeneracy with a 2nd order nilpotent Jordan block are studied. By means of a recursive algorithm well suited to symbolic computation, we achieve the expressions for its coefficients. Further, from ideas behind the algorithm, we investigate the possibilities of simplifying the classical normal form, obtaining simpler and higher order normal forms than in previous works. These keywords were added by machine and not by the authors. This process is experimental and the keywords may be updated as the learning algorithm improves.",openalex,llm,0.990,unreviewed,,doi:10.1007/978-3-0348-7004-7_14
discarded,The use of symbolic computation in nonlinear control: is it viable?,Bram de Jager,1995,IEEE Transactions on Automatic Control,10.1109/9.362897,https://openalex.org/W2119698690,adjacent-subtopic,"To help along the analysis and design of nonlinear control systems the NONLINCON package, an acronym for nonlinear control, was developed. This note addresses the usefulness of symbolic computation, and of the NONLINCON package in particular, for the symbolic analysis and design of nonlinear control systems. The symbolic computation program MAPLE is used as computing substratum. Textbook problems show that the NONLINCON package can be used successfully. A larger scale problem is too complex, however, to be solved with the current versions of NONLINCON and MAPLE. The conclusion is that symbolic computation is a viable approach for textbook problems, but not yet for more complex ones.>",openalex,llm,0.920,unreviewed,,doi:10.1109/9.362897
discarded,Discriminator varieties and symbolic computation,Stanley N. Burris,1992,Journal of Symbolic Computation,10.1016/s0747-7171(08)80089-2,https://openalex.org/W2018277356,adjacent-subtopic; universal algebra; no equality-testing claim for a data type,,openalex,llm_reviewed,0.550,confirmed,,doi:10.1016/s0747-7171(08)80089-2
discarded,The simplest normal form of Hopf bifurcation,Pei Yu; A.Y.T. Leung,2002,Nonlinearity,10.1088/0951-7715/16/1/317,https://openalex.org/W2163703105,off-topic-false-hit,"Recently, further reduction on normal forms of differential equations leading to the simplest normal forms (SNFs) has received considerable attention. However, the computation of the SNF has been mainly restricted to systems which do not contain perturbation parameters (unfolding), since the computation of the SNF with unfolding is much more complicated than that of the SNF without unfolding. From the practical point of view, only the SNF with perturbation (bifurcation) parameters is useful in analysing physical or engineering problems. It is shown that the SNF with unfolding cannot be obtained using only near-identity transformation. Additional transformations such as time and parameter rescaling need to be introduced. An efficient computational method is presented for computing the algebraic equations that can be used to find the SNF. A physical example is given to show the applicability of the new method.",openalex,llm,0.990,unreviewed,,doi:10.1088/0951-7715/16/1/317
discarded,Normal forms for stochastic differential equations,Ludwig Arnold; Peter Imkeller,1998,Probability Theory and Related Fields,10.1007/s004400050159,https://openalex.org/W1972172122,off-topic-false-hit,"We address the following problem from the intersection of dynamical systems and stochastic analysis: Two SDE dx(t) = Sigma(j=0)(m)f(j)(x(t)) circle dW(t)(j) and dx(t) = Sigma=(m)(j=0) g(j)(x(t)) circle dW(t)(j) in R-d with smooth coefficients satisfying f(j)(0) = g(j)(0) = 0 are said to be smoothly equivalent if there is a smooth random diffeomorphism (coordinate transformation) h(omega) with h(omega, 0) = 0 and Dh(omega, 0) = id which conjugates the corresponding local flows,

phi(t, omega) circle h(omega) = h(theta(t omega)) circle psi(t, omega),

where theta(t omega)(s) = omega(t + s) - omega(t) is the (ergodic) shift on the canonical Wiener space. The normal form problem for SDE consists in finding the ""simplest possible"" member in the equivalence class of a given SDE, in particular in giving conditions under which it can be linearized (g(j)(x) = Df(j)(0)x).

We develop a mathematically rigorous normal form theory for SDE which justifies the engineering and physics literature on that problem. It is based on the multiplicative ergodic theorem and uses a uniform (with respect to a spatial parameter) Stratonovich calculus which allows the handling of non-adapted initial values and coefficients in the stochastic version of the cohomological equation. Our main result (Theorem 3.2) is that an SDE is (formally) equivalent to its linearization if the latter is nonresonant.

As a by-product, we prove a general theorem on the existence of a stationary solution of an anticipative affine SDE.

The study of the Duffing-van der Pol oscillator with small noise concludes the paper.",openalex,llm,0.990,unreviewed,,doi:10.1007/s004400050159
discarded,A perturbation method for computing the simplest normal forms of dynamical systems,Pei Yu; A.Y.T. Leung,2003,Journal of Sound and Vibration,10.1016/s0022-460x(02)00954-9,https://openalex.org/W2084558804,off-topic-false-hit,"A previously developed perturbation method is generalized for computing the simplest normal form (at each level of computation, the minimum number of terms are retained) of general n-dimensional differential equations. This ""direct"" approach, combining the normal form theory with center manifold theory in one unified procedure, can be used to systematically compute the simplest (or unique) normal form. Two particular singularities of the Jacobian of the system are considered in this paper: the first one is associated with one pair of purely imaginary eigenvalues (Hopf-type singularity), and the other corresponds to a simple zero and a pair of purely imaginary eigenvalues (Hopf-zero-type singularity). The approach can be easily formulated and implemented using a computer algebra system. Maple programs have been developed in this paper which can be ""automatically"" executed by a user without the knowledge of computer algebra. A physical oscillator model is studied in detail to show the computational efficiency of the ""direct"" method, and the advantage of using the simplest normal form, which greatly simplifies the analysis on dynamical systems, in particular, for bifurcations and stability. (C) 2002 Elsevier Science Ltd. All rights reserved.",openalex,llm,0.990,unreviewed,,doi:10.1016/s0022-460x(02)00954-9
discarded,An Algorithm to Simplify Tensor Expressions,Renato Portugal,1998,,,https://openalex.org/W3103731339,supports-claim; adjacent-subtopic; canonical form for tensor expressions; equality of data-type values not addressed beyond the cited example,"The problem of simplifying tensor expressions is addressed in two parts. The first part presents an algorithm designed to put tensor expressions into a canonical form, taking into account the symmetries with respect to index permutations and the renaming of dummy indices. The tensor indices are split into classes and a natural place for them is defined. The canonical form is the closest configuration to the natural configuration. In the second part, the Groebner basis method is used to simplify tensor expressions which obey the linear identities that come from cyclic symmetries (or more general tensor identities, including non-linear identities). The algorithm is suitable for implementation in general purpose computer algebra systems. Some timings of an experimental implementation over the Riemann package are shown.",openalex,llm_reviewed,0.970,changed,kept->discarded,hash:85bc1380c8fa9550
discarded,Normal form analysis of stressed power systems: incorporation of SVC models,E. Barocio; Arturo Roman Messina,2002,International Journal of Electrical Power & Energy Systems,10.1016/s0142-0615(02)00023-6,https://openalex.org/W2000169147,off-topic-false-hit,"In this paper a comprehensive analytical technique based on normal form theory and symbolic computer algebra is proposed for the analysis of non-linear inter-area oscillations in stressed power systems that incorporate the operation of Static VAR Compensators (SVCs). A second-order representation of the power system is derived that considers the explicit representation of synchronous machines and multiple SVCs in the state representation. On the basis of this model, normal form theory is used to study non-linear power system behaviour following large disturbances. The proposed approach is general and may be extended to include other FACTS devices. A simplified 4-machine, 11-bus test system is used to study the effect of SVC voltage support on system damping. (C) 2002 Elsevier Science Ltd. All rights reserved.",openalex,llm,0.990,unreviewed,,doi:10.1016/s0142-0615(02)00023-6
discarded,Orderings for term-rewriting systems,Nachum Dershowitz,1982,Theoretical Computer Science,10.1016/0304-3975(82)90026-3,https://openalex.org/W2086747974,"supports-claim; adjacent-subtopic; normal forms in rewriting, logic or type theory",,openalex,llm_reviewed,0.720,changed,kept->discarded,doi:10.1016/0304-3975(82)90026-3
discarded,Parametric normal forms for Bogdanov--Takens singularity; the generalized saddle-node case,Majid Gazor; Mojtaba Moazeni,2014,Discrete and Continuous Dynamical Systems,10.3934/dcds.2015.35.205,https://openalex.org/W2095831284,off-topic-false-hit,We obtain a parametric (and an orbital) normal form for any non-degenerate perturbation of the generalized saddle-node case of Bogdanov--Takens singularity. Explicit formulas are derived and greatly simplified for an efficient implementation in any computer algebra system. A Maple program is prepared for an automatic parametric normal form computation. A section is devoted to present some practical formulas which avoid technical details of the paper.,openalex,llm,0.990,unreviewed,,doi:10.3934/dcds.2015.35.205
discarded,Normal Forms for Nonautonomous Differential Equations,Stefan Siegmund,2002,Journal of Differential Equations,10.1006/jdeq.2000.4008,https://openalex.org/W2015821261,off-topic-false-hit,"We extend Henry Poincares normal form theory for autonomous differential equations (x)over dot = f(x) to nonautonomous differential equations (x)over dot = f(t, x). Poincares nonresonance condition lambda(j) - Sigma(i=1)(n)l(i)lambda(i) not equal 0 for eigenvalues is generalized to the new nonresonance condition lambda(j) boolean AND Sigma(i=1)(n) l(i)lambda(i) = phi for spectral intervals. (C) 2002 Elsevier Science.",openalex,llm,0.990,unreviewed,,doi:10.1006/jdeq.2000.4008
discarded,Simplification of expressions involving radicals,Richard E. Zippel,1985,Journal of Symbolic Computation,10.1016/s0747-7171(85)80014-6,https://openalex.org/W2078911011,"supports-claim; adjacent-subtopic; computer algebra simplification; the cited CAS sources carry the point (Davenport 2002, Stoutemyer 2011: no abstract obtained)",,openalex,llm_reviewed,0.680,changed,kept->discarded,doi:10.1016/s0747-7171(85)80014-6
discarded,Equality in Computer Algebra and Beyond,James H. Davenport,2002,Journal of Symbolic Computation,10.1006/jsco.2002.0551,https://openalex.org/W1982013717,"supports-claim; qualifies-claim; adjacent-subtopic; computer algebra simplification; the cited CAS sources carry the point (Davenport 2002, Stoutemyer 2011: no abstract obtained)","Equality is such a fundamental concept in mathematics that, in fact, we seldom explore it in detail, and tend to regard it as trivial. When it is shown to be non-trivial, we are often surprised. As is often the case, the computerization of mathematical computation in computer algebra systems on the one hand, and mathematical reasoning in theorem provers on the other hand, forces us to explore the issue of equality in greater detail. (C) 2002 Elsevier Science Ltd. All rights reserved.",openalex,llm_reviewed,0.980,changed,kept->discarded,doi:10.1006/jsco.2002.0551
discarded,Querying constraints,Jean-Louis Lassez,1990,,10.1145/298514.298581,https://openalex.org/W2294495175,"supports-claim; adjacent-subtopic; computer algebra simplification; the cited CAS sources carry the point (Davenport 2002, Stoutemyer 2011: no abstract obtained)","The design of languages to tackle constraint satisfaction problems has a long history. Only more recently the reverse problem of introducing constraints as primitive constructs in programming languages has been addressed. A main task that the designers and implementers of such languages face is to use and adapt the concepts and algorithms from the extensive studies on constraints done in areas such as Mathematical Programming, Symbolic Computation, Artificial Intelligence, Program Verification and Computational Geometry. In this paper, we illustrate this task in a simple and yet important domain: linear arithmetic constraints. We show how one can design a querying system for sets of linear constraints by using basic concepts from logic programming and symbolic computation, as well as algorithms from linear programming and computational geometry. We conclude by reporting briefly on how notions of negation and canonical representation used in linear constraints can be generalized to account for cases in term algebras, symbolic computation, affine geometry, and elsewhere.",openalex,llm_reviewed,0.760,changed,kept->discarded,doi:10.1145/298514.298581
discarded,Computer algebra in gravity research,Malcolm A H MacCallum,2018,Living Reviews in Relativity,10.1007/s41114-018-0015-6,https://openalex.org/W2888165491,adjacent-subtopic,"The complicated nature of calculations in general relativity was one of the driving forces in the early development of computer algebra (CA). CA has become widely used in gravity research (GR) and its use can be expected to grow further. Here the general nature of computer algebra is discussed, along with some aspects of CA system design; features particular to GR's requirements are considered; information on packages for CA in GR is provided, both for those packages currently available and for their predecessors; and applications of CA in GR are outlined.",openalex,llm,0.780,unreviewed,,doi:10.1007/s41114-018-0015-6
discarded,Application of genetic algorithms to the algebraic simplification of tensor polynomials,Masoud Kavian; R. G. McLenaghan; Keith O. Geddes,1997,,10.1145/258726.258759,https://openalex.org/W1966503196,qualifies-claim; adjacent-subtopic; canonical form for tensor expressions; equality of data-type values not addressed beyond the cited example,"Thr design of a new algorithm for the simplification of expressions which are polynomial in the Riemann tensor [11] and its covariant derivatives is described.The simplification of such indicial expressions is complex and should be based on nondeterministic algorithms, Due to the large number ofpossible terms the nondeterministic algorithms should be complemented by stochastic methods to control the size of the search space, We show that appropriately implemented genetic algorithms can provide solutions to these problems.Thealgorithms have been implemented inthe MapleTensor system for performing indicial and component tensor calculations using symbolic computation.",openalex,llm_reviewed,0.760,changed,kept->discarded,doi:10.1145/258726.258759
discarded,Coprimeness in multidimensional system theory and symbolic computation,D.S. Johnson,1993,Loughborough University Institutional Repository (Loughborough University),,https://openalex.org/W2802087291,off-topic-false-hit,A doctoral thesis submitted in partial fulfilment of the requirements for the award of Doctor of Philosophy at Loughborough University.,openalex,llm,0.740,unreviewed,,hash:e449420102e8c25b
discarded,$$\mathsf {SC}^\mathsf{2} $$ : Satisfiability Checking Meets Symbolic Computation,Erika Ábrahám; John Abbott; Bernd Becker; Anna Maria Bigatti; Martin Brain; Bruno Buchberger; Alessandro Cimatti; James H. Davenport; Matthew England; Pascal Fontaine; Stephen Forrest; Alberto Griggio; Daniel Kroening; Werner M. Seiler; Thomas Sturm,2016,Lecture notes in computer science,10.1007/978-3-319-42547-4_3,https://openalex.org/W2482086987,adjacent-subtopic,"Symbolic Computation and Satisfiability Checking are two research areas, both having their individual scientific focus but sharing also common interests in the development, implementation and application of decision procedures for arithmetic theories. Despite their commonalities, the two communities are rather weakly connected. The aim of our newly accepted SC 2 project (H2020-FETOPEN-CSA) is to strengthen the connection between these communities by creating common platforms, initiating interaction and exchange, identifying common challenges, and developing a common roadmap from theory along the way to tools and (industrial) applications. In this paper we report on the aims and on the first activities of this project, and formalise some relevant challenges for the unified SC 2 community.",openalex,llm,0.900,unreviewed,,doi:10.1007/978-3-319-42547-4_3
discarded,Normal Form for Renormalization Groups,Archishman Raju; Colin B. Clement; Lorien X. Hayden; Jaron Kent-Dobias; Danilo B. Liarte; D. Zeb Rocklin; James P. Sethna,2019,Physical Review X,10.1103/physrevx.9.021014,https://openalex.org/W2901605999,off-topic-false-hit,The results of the renormalization group are commonly advertised as the existence of power-law singularities near critical points.The classic predictions are often violated and logarithmic and exponential corrections are treated on a case-by-case basis.We use the mathematics of normal form theory to systematically group these into universality families of seemingly unrelated systems united by common scaling variables.We recover and explain the existing literature and predict the nonlinear generalization for the universal homogeneous scaling functions.We show that this procedure leads to a better handling of the singularity even in classic cases and elaborate our framework using several examples.,openalex,llm,0.990,unreviewed,,doi:10.1103/physrevx.9.021014
discarded,An upper bound for validity limits of asymptotic analytical approaches based on normal form theory,Claude‐Henri Lamarque; Cyril Touzé; Olivier Thomas,2012,Nonlinear Dynamics,10.1007/s11071-012-0584-y,https://openalex.org/W2094358046,off-topic-false-hit,"Perturbation methods are routinely used in all fields of applied mathematics where analytical solutions for nonlinear dynamical systems are searched. Among them, normal form theory provides a reliable method for systematically simplifying dynamical systems via nonlinear change of coordinates, and is also used in a mechanical context to define Nonlinear Normal Modes (NNMs). The main recognized drawback of perturbation methods is the absence of a criterion establishing their range of validity in terms of amplitude. In this paper, we propose a method to obtain upper bounds for amplitudes of changes of variables in normal form transformations. The criterion is tested on simple mechanical systems with one and two degrees-of-freedom, and for complex as well as real normal form. Its behavior with increasing order in the normal transform is established, and comparisons are drawn between exact solutions and normal form computations for increasing levels of amplitudes. The results clearly establish that the criterion gives an upper bound for validity limit of normal transforms.",openalex,llm,0.980,unreviewed,,doi:10.1007/s11071-012-0584-y
discarded,Algorithmic simplification of tensor expressions,Renato Portugal,1999,Journal of Physics A Mathematical and General,10.1088/0305-4470/32/44/313,https://openalex.org/W1966667974,supports-claim; adjacent-subtopic; canonical form for tensor expressions; equality of data-type values not addressed beyond the cited example,We present efficient algorithms for simplifying tensor expressions that obey generic symmetries. We define the canonical form of a single tensor and we show that the problem of finding the canonical form of a generic tensor expression reduces to finding the canonical form of single tensors. Special symmetries are considered in order to push the efficiency further. We also present algorithms to address the cyclic symmetry of the Riemann tensor. With these algorithms it is possible to simplify generic Riemann tensor polynomials.,openalex,llm_reviewed,0.980,changed,kept->discarded,doi:10.1088/0305-4470/32/44/313
