status,title,authors,year,venue,doi,url,tags,abstract,provider,decision_source,llm_confidence,llm_review_outcome,llm_change_direction,paper_id
discarded,Viability of in-house datamarting approaches for population genetics analysis of SNP genotypes,"Amigo, Jorge; Phillips, Christopher; Salas, Antonio; Carracedo, Angel",2009,BMC BIOINFORMATICS,10.1186/1471-2105-10-S3-S5,https://www.webofscience.com/wos/woscc/full-record/WOS:000265602600005,off-topic-false-hit,"Background: Databases containing very large amounts of SNP (Single Nucleotide Polymorphism) data are now freely available for researchers interested in medical and/or population genetics applications. While many of these SNP repositories have implemented data retrieval tools for general-purpose mining, these alone cannot cover the broad spectrum of needs of most medical and population genetics studies.

Results: To address this limitation, we have built in-house customized data marts from the raw data provided by the largest public databases. In particular, for population genetics analysis based on genotypes we have built a set of data processing scripts that deal with raw data coming from the major SNP variation databases (e. g. HapMap, Perlegen), stripping them into single genotypes and then grouping them into populations, then merged with additional complementary descriptive information extracted from dbSNP. This allows not only in-house standardization and normalization of the genotyping data retrieved from different repositories, but also the calculation of statistical indices from simple allele frequency estimates to more elaborate genetic differentiation tests within populations, together with the ability to combine population samples from different databases.

Conclusion: The present study demonstrates the viability of implementing scripts for handling extensive datasets of SNP genotypes with low computational costs, dealing with certain complex issues that arise from the divergent nature and configuration of the most popular SNP repositories. The information contained in these databases can also be enriched with additional information obtained from other complementary databases, in order to build a dedicated data mart. Updating the data structure is straightforward, as well as permitting easy implementation of new external data and the computation of supplementary statistical indices of interest.",wos,llm,0.970,unreviewed,,doi:10.1186/1471-2105-10-s3-s5
discarded,Modeling Service Level Agreements with Binary Decision Diagrams,"Kotsokalis, Constantinos; Yahyapour, Ramin; Gonzalez, Miguel Angel Rojas",2009,"SERVICE-ORIENTED COMPUTING - ICSOC 2009, PROCEEDINGS",,https://www.webofscience.com/wos/woscc/full-record/WOS:000278941500013,supports-claim; adjacent-subtopic; canonical representation in hardware verification or data structures; the cited BDD/graph examples carry the point,"The vision of automated service composition for enabling service economies is challenged by many theoretical and technical limitations of current technologies. There is a need for complete, dependable service hierarchies created on-the-fly for critical business environments. Such automatically-constructed, complex and dynamic service hierarchies imply a similarly automated process for establishing the contracts that specify the rules governing the consumption of services; and for binding them into respective contract hierarchies. Deducing these required contracts is a computationally challenging task. This also applies to the opthilization of such contract sets to maximize utility. We propose the application of (Shared) Reduced Ordered Binary Decision Diagrams, a suitable graph-based data structure well-known in the area of Electronic Design Automation. These diagrams can be used as a canonical representation of SLAs, thus allowing their efficient and unambiguous management independent of their structure's specifics. As such, this representation can facilitate the process of negotiating SLAs, subcontracting parts of thorn, optimizing their utility, and managing them during run-time for monitoring and enforcement.(1)",wos,llm_reviewed,0.850,changed,kept->discarded,hash:6bc18e17e1159b98
discarded,XML schema refinement through redundancy detection and normalization,"Yu, Cong; Jagadish, H. V.",2008,VLDB JOURNAL,10.1007/s00778-007-0063-0,https://www.webofscience.com/wos/woscc/full-record/WOS:000253630600004,adjacent-subtopic,"As XML becomes increasingly popular, XML schema design has become an increasingly important issue. One of the central objectives of good schema design is to avoid data redundancies: redundantly stored information can lead not just only to a higher data storage cost but also to increased costs for data transfer and data manipulation. Furthermore, such data redundancies can lead to potential update anomalies, rendering the database inconsistent. One strategy to avoid data redundancies is to design redundancy-free schema from the start on the basis of known functional dependencies. We observe that XML databases are often ""casually designed"" and XML FDs may not be determined in advance. Under such circumstances, discovering XML data redundancies from the data itself becomes necessary and is an integral part of the schema refinement (or re-design) process. We present the design and implementation of the first system, DiscoverXFD, for efficient discovery of XML data redun-dancies. It employs a novel XML data structure and introduces a new class of partition-based algorithms. The XML data redundancies are defined on the basis of a new notion of XML functional dependency (XML FD) that (1) extends previous notions by incorporating set elements into the XML FD specification, and (2) maintains tuple-based semantics through the novel concept of Generalized Tree Tuple (GTT). Using this comprehensive XML FD notion, we introduce a new normal form (GTT-XNF) for XML documents, and provide comprehensive comparisons with previous studies. Given the set of data redundancies (in the form of redundancy-indicating XML FDs) discovered by DiscoverXFD, we describe a normalization algorithm for converting any original XML schema into one in GTT-XNF.",wos,llm,0.970,unreviewed,,doi:10.1007/s00778-007-0063-0
discarded,Limit laws for partial match queries in quadtrees,"Neininger, R; Rüschendorf, L",2001,ANNALS OF APPLIED PROBABILITY,,https://www.webofscience.com/wos/woscc/full-record/WOS:000170730300007,adjacent-subtopic,It is proved that in an idealized uniform probabilistic model the cost of a partial match query in a multidimensional quadtree after normalization converges in distribution. The limiting distribution is given as a fixed point of a random affine operator. Also a first-order asymptotic expansion for the variance of the cost is derived and results on exponential moments are given. The analysis is based on the contraction method.,wos,llm,0.980,unreviewed,,hash:707840695be1f300
discarded,A multi-level framework for type-safe topological structures with efficient connectivity queries,P. Areias,2026,Advances in Engineering Software,10.1016/j.advengsoft.2026.104296,https://www.scopus.com/inward/record.uri?partnerID=HzOxMe3b&scp=105048344591&origin=inward,supports-claim; adjacent-subtopic; canonical representation in hardware verification or data structures; the cited BDD/graph examples carry the point,"We present a framework for representing and querying multi-type topological structures with applications to finite element meshes, hypergraphs, and hierarchical data. The framework introduces a four-level architecture—O2M (One-to-Many), M2M (Many-to-Many), MM2M (Multi-type Many-to-Many), and Topology (type-safe generic API)—that provides progressively richer operations while maintaining bounded complexity. Key contributions include: (1) a type-safe API with compile-time entity disambiguation and low runtime overhead; (2) lazy cache synchronization for transpose and position lookups achieving O(1) amortized query cost; (3) symmetry-based canonical forms enabling automatic element deduplication with O(|G|·k) complexity where |G| is the symmetry group size and k the element node count; and (4) algebraic operations on sparse adjacency structures supporting transitive connectivity computation via symbolic matrix multiplication. The framework's topological operations are demonstrated through two mesh modification algorithms that operate entirely at the connectivity level: edge bisection refinement with tetrahedral closure, and crack insertion by node duplication using level-set functions, both applicable in 2D and 3D without explicit crack geometry representation. We establish complexity bounds for all operations and demonstrate through benchmarks that common mesh connectivity queries achieve 40–625× speedup over naive implementations without caching through cache-aware traversal algorithms. On a 1M element mesh, our framework achieves 50M queries/sec for direct lookups and 400K queries/sec for neighbor traversals, with construction throughput of 8M elements/sec and near-linear parallel scaling for transpose operations up to 16 cores. Supplementary materials comprising a tutorial with complete FEA implementations, a technical supplement, and an API reference are provided to facilitate reproducibility.",scopus,llm_reviewed,0.950,changed,kept->discarded,doi:10.1016/j.advengsoft.2026.104296
discarded,"Dialect-tolerant, parser-free SQL injection defense for free-form workloads using fingerprinting and Bloom filters",M.F. Yuce,2026,Computers and Security,10.1016/j.cose.2026.105047,https://www.scopus.com/inward/record.uri?partnerID=HzOxMe3b&scp=105045338087&origin=inward,supports-claim; qualifies-claim; adjacent-subtopic; canonical representation in hardware verification or data structures; the cited BDD/graph examples carry the point,"SQL injection remains a major threat to data-driven applications, especially in modern BI and monitoring platforms (e.g., Grafana, Apache Superset, Power BI) that allow free-form queries across heterogeneous SQL dialects. Existing defenses often depend on database-specific parsers, static instrumentation, or rigid query models, limiting their portability. We introduce a parser-free, dialect-tolerant defense (relying on lexical normalization rather than dialect-specific grammars or AST reconstruction) validated across a bounded set of SQL families (PostgreSQL, Trino, MySQL, and ANSI SQL) including in-house extensions such as Trino SQL table functions and a JSON-embedded Quickwit connector; a coverage table (Table 6) reports which constructs were validated, lexically absorbed, or not implemented in the current rule set per dialect. The pipeline applies lightweight lexical normalization to abstract variable elements, computes stable fingerprints of structural query forms, and enforces them via a Bloom-filter allowlist. This enables constant-time detection of anomalous queries with minimal memory overhead. The design operates as a gateway filter or microservice, requiring no changes to application code. Our results show that Bloom-filter-backed fingerprinting provides scalable, low-latency protection for free-form SQL environments. Evaluated on a composite corpus of 1,678,552 queries (1,532,233 benign, 146,319 malicious), the defense achieves a 99.99% true-positive rate on the full corpus (12 residual false negatives traced to canonical-template collisions between malicious queries and benign-enrolled skeletons, not to membership errors of the Bloom primitive; see Section 6.5) and sustains 22,035 queries per second on a single-thread Rust microbench (measured separately; see Section 6.4 and Table 17). The in-sample benign-block FPR is 0.000% (Section 6; Wilson 95% upper bounds: row-weighted similar to 2.5 & times; 10(-6), per-template similar to 3.0 & times; 10(-6); a Bonferroni-widened family-wise upper bound is reported in Section 6.3) - a property of allowlist construction, since the Bloom filter is preloaded with the same template population subsequently evaluated; the deployment-time false-block rate is bounded above by canonicalization coverage rather than by this in-sample figure. A complementary tenant-disjoint experiment (seed: grafana production; test: 7 non-grafana benign sources, 39,611 rows) records FPR = 100% by design, surfacing the safe-zone enrollment loop as a deployment prerequisite for multi-tenant operation rather than an optional feature. Compared against three baselines (regex OWASP CRS, signature libinjection, ML TF-IDF+LR), the proposed parser-free fingerprinting pipeline is the only detector in the comparison that simultaneously achieves sub-1% benign-block FPR and sub-millisecond fast-path latency on this workload; regex and signature both incur > 70% benign-block FPR, and the ML baseline pays an order-of-magnitude latency cost relative to the fingerprint check (Tables 19, 14).",scopus,llm_reviewed,0.910,changed,kept->discarded,doi:10.1016/j.cose.2026.105047
discarded,NetGuard: A Hybrid Framework for Intelligent and Scalable Malicious URL Detection,S.D. Khudhur,2026,Journal of Cybersecurity and Privacy,10.3390/jcp6030102,https://www.scopus.com/inward/record.uri?partnerID=HzOxMe3b&scp=105042773588&origin=inward,adjacent-subtopic,"Due to the indispensable use of the internet, malicious actors have exploited URLs as a threat source of network information security and integrity. URL detection based on traditional methods has become inefficient against the uncontrolled increase of URLs, especially when facing dynamic and large-scale threats. To address the limitations of traditional methods and to provide intelligent and scalable detection of malicious URLs, this study proposes the hybrid framework (NetGuard) by integrating probabilistic data structures (PDSs) with machine learning (ML) capabilities. The proposed NetGuard utilizes PDSs to develop a Hybrid Scalable Detection Filter (HSDF), which combines the strengths of counting Bloom filters (CBFs) (deletion capability) and Scalable Bloom filters (SBFs). The proposed HSDF provides efficient membership queries under bounded false-positive rates (approximately 0.01) and ensures efficient data management and low-latency lookups on a scale of 10−5 s. On the other hand, NetGuard leverages the ML classifier capabilities to train and package a learned classifier for detecting malicious URLs. The proposed framework utilizes Decision Trees (DTs) and Random Forest (RF) classifiers. The proposed classifiers are trained by a novel SupURLsIdDs dataset which includes fifteen distinctive lexical and structural URL features extracted from four URL classes: benign, defacement, malware, and phishing URLs. The experimental results indicated the effectiveness of the HSDF in insertion and deletion operations, with minimal memory consumption (approximately 2.7 MB for 222,000 URLs) while maintaining a controlled false-positive rate (approximately 0.01 on Real-only subset up to 0.12 with synthetic data). The HSDF memory footprint represents a 99.88% enhancement compared to the RF model (which demands 2253.17 MB); thus, the HSDF complements RF as an ultra-lightweight first line of defense. The ML classifiers showed the superiority of RF, which achieved an overall classification accuracy of approximately 96% on large-scale URL data. These experiments are conducted using benchmark datasets constructed from aggregated real and synthetic data to demonstrate the scalability, adaptability, and resource efficiency of the first phase of NetGuard as a practical foundation for real-time web threat detection. The real-time integration and dynamic updates are presented as a deployment architecture and constitute future work.",scopus,llm,0.960,unreviewed,,doi:10.3390/jcp6030102
discarded,Local Sample Cohesion Normalization: Preserving Inherent Biological Heterogeneity in Metabolomics Data,F. Guo,2026,Analytical Chemistry,10.1021/acs.analchem.5c04710,https://www.scopus.com/inward/record.uri?partnerID=HzOxMe3b&scp=105027229886&origin=inward,off-topic-false-hit,"Metabolomics data from biofluids like urine or cell cultures are frequently confounded by unwanted overall sample concentration (or dilution effects). Conventional normalization methods, such as Constant Sum Normalization (CSN), L2-Norm Normalization (L2N), Probabilistic Quotient Normalization (PQN), and Quantile Normalization (QT), rely on a unified global reference, failing to account for inherent biological heterogeneity (e.g., interindividual variability, subgroup divergences). This limitation can distort biological data structures and compromise downstream analyses. To address this issue, we developed Local Sample Cohesion Normalization (LSCN), that corrects dilution effects while preserving biological heterogeneity. LSCN constructs a sample-specific neighbor set for each spectrum based on pairwise similarity in a reduced-dimensional space and performs locally weighted normalization within these neighborhoods. This approach mitigates technical bias without enforcing artificial global uniformity. We rigorously validated LSCN against CSN, L2N, PQN, and QT normalization using simulated data sets with known heterogeneity and diverse real-world metabolomics data sets (urine, cells, tissues, tea leaves). LSCN demonstrated superior performance in Preserving heterogeneity, achieving significantly higher global and local structural similarity to ground-truth references; Retaining biological signals, enhancing identification of differential metabolites, correlation networks, pathway enrichment, and classification accuracy; and Effectively correcting dilution effects, yielding more accurate normalization factors and reduced within-group variance. LSCN offers a robust, biologically faithful preprocessing framework for metabolomics, improving reliability in downstream analyses.",scopus,llm,0.990,unreviewed,,doi:10.1021/acs.analchem.5c04710
discarded,Entropy and Normalization in MCDA: A Data-Driven Perspective on Ranking Stability,E. Roszkowska,2026,Entropy,10.3390/e28010114,https://www.scopus.com/inward/record.uri?partnerID=HzOxMe3b&scp=105028513772&origin=inward,off-topic-false-hit,"Normalization is a critical step in Multiple-Criteria Decision Analysis (MCDA) because it transforms heterogeneous criterion values into comparable information. This study examines normalization techniques through the lens of entropy, highlighting how criterion data structure shapes normalization behavior and ranking stability within TOPSIS (Technique for Order Preference by Similarity to Ideal Solution). Seven widely used normalization procedures are analyzed regarding mathematical properties, sensitivity to extreme values, treatment of benefit and cost criteria, and rank reversal. Normalization is treated as a source of uncertainty in MCDA outcomes, as different schemes can produce divergent rankings under identical decision settings. Shannon entropy is employed as a descriptive measure of information dispersion and structural uncertainty, capturing the heterogeneity and discriminatory potential of criteria rather than serving as a weighting mechanism. An illustrative experiment with ten alternatives and four criteria (two high-entropy, two low-entropy) demonstrates how entropy mediates normalization effects. Seven normalization schemes are examined, including vector, max, linear Sum, and max–min procedures. For vector, max, and linear sum, cost-type criteria are treated using either linear inversion or reciprocal transformation, whereas max–min is implemented as a single method. This design separates the choice of normalization form from the choice of cost-criteria transformation, allowing a cleaner identification of their respective contributions to ranking variability. The analysis shows that normalization choice alone can cause substantial differences in preference values and rankings. High-entropy criteria tend to yield stable rankings, whereas low-entropy criteria amplify sensitivity, especially with extreme or cost-type data. These findings position entropy as a key mediator linking data structure with normalization-induced ranking variability and highlight the need to consider entropy explicitly when selecting normalization procedures. Finally, a practical entropy-based method for choosing normalization techniques is introduced to enhance methodological transparency and ranking robustness in MCDA.",scopus,llm,0.990,unreviewed,,doi:10.3390/e28010114
