status,title,authors,year,venue,doi,url,tags,abstract,provider,decision_source,llm_confidence,llm_review_outcome,llm_change_direction,paper_id
discarded,Implicit quantification for modal reasoning in large games,R. Das,2023,Synthese,10.1007/s11229-023-04156-9,https://www.scopus.com/inward/record.uri?partnerID=HzOxMe3b&scp=85156191618&origin=inward,off-topic-false-hit,"Reasoning about equilibria in normal form games involves the study of players' incentives to deviate unilaterally from any profile. In the case of large anonymous games, the pattern of reasoning is different. Payoffs are determined by strategy distributions rather than strategy profiles. In such a game each player would strategise based on expectations of what fraction of the population makes some choice, rather than respond to individual choices by other players. A player may not even know how many players there are in the game. Logicising such strategisation involves many challenges as the set of players is potentially unbounded. This suggests a logic of quantification over player variables and modalities for player deviation, but such a logic is easily seen to be undecidable. Instead, we propose a propositional modal logic using player types as names and implicit quantification over players. With modalities for player deviation and transitive closure, the logic can be used to specify game equilibrium and interesting patterns of reasoning in large games. We show that the logic is decidable and present a complete axiomatisation of the valid formulas.",scopus,llm,0.980,unreviewed,,doi:10.1007/s11229-023-04156-9
discarded,Mathematical analysis of an ecological system using a non-monotonic functional response: effects of gestation delay and predator harvesting,S. Sarwardi,2023,International Journal of Dynamics and Control,10.1007/s40435-022-00999-1,https://www.scopus.com/inward/record.uri?partnerID=HzOxMe3b&scp=85135324146&origin=inward,off-topic-false-hit,"This article has formulated a mathematical model for the dynamics of an ecological system consisting of one prey (nutrient) and two predators (two fish populations). We have assumed Holling Type I and generalized Holling Type IV (non-monotonic) functional responses for first and second predators, respectively, and harvesting of both predators. We have considered constant recruitment of nutrients (prey), and a certain fraction of nutrients is assumed to be unused/decomposed during interaction with the predators. The local stability behavior and the existence of the Hopf bifurcation of coexisting steady-state for both the delayed and non-delayed systems are analyzed. Using the normal form theory and the center manifold theorem, we have discussed the direction of the Hopf bifurcation and the stability of the bifurcating periodic solution. Finally, the results of theoretical analysis are verified via numerical simulations. We have established that time delay and harvesting parameters play a significant role in the system's dynamics. Model dynamics are sensitive to the initial size of the population. As the rate of harvesting increases, the steady state's stability shifts from unstable to stable, consequently bifurcation occurs when the harvesting rate changes. We have found that the Hopf bifurcation of both delayed and the non-delayed system is of sub-critical type.",scopus,llm,0.990,unreviewed,,doi:10.1007/s40435-022-00999-1
discarded,FUNCTIONAL EQUATIONS AS CONTROL CANONICAL FORMS FOR DISTRIBUTED PARAMETER CONTROL SYSTEMS AND A STATE SPACE THEORY FOR CERTAIN DIFFERENTIAL EQUATIONS OF INFINITE ORDER,D.L. Russell,2023,Volterra and Functional Differential Equations,10.1201/9781003420026-9,https://www.scopus.com/inward/record.uri?partnerID=HzOxMe3b&scp=105047264473&origin=inward,off-topic-false-hit,"This chapter discusses the canonical form theory as it is manifested in the control of finite dimensional discrete linear control systems with scalar input. The canonical reduction process can be extended quite directly to some infinite dimensional systems, particularly those associated with certain classes of hyperbolic partial differential equations. The chapter explains the use of a frequency domain procedure which relies on a partial fractions decomposition of the system transfer function. In general this approach makes use of many connections with completeness and independence results for sets of complex exponentials, spaces of entire and meromorphic functions, interpolation theorems, etc. The chapter explains state space theory for a class of differential equations of infinite order. It describes a scalar functional equation corresponds to in terms of semigroup theory.",scopus,llm,0.980,unreviewed,,doi:10.1201/9781003420026-9
discarded,Singularities of two-dimensional Nijenhuis operators,D. Akpan,2022,European Journal of Mathematics,10.1007/s40879-022-00585-x,https://www.scopus.com/inward/record.uri?partnerID=HzOxMe3b&scp=85139664000&origin=inward,off-topic-false-hit,"A Nijenhuis operator L is a (1, 1)-tensor field on a smooth manifold M with vanishing Nijenhuis torsion NL\documentclass[12pt]{minimal} \usepackage{amsmath} \usepackage{wasysym} \usepackage{amsfonts} \usepackage{amssymb} \usepackage{amsbsy} \usepackage{mathrsfs} \usepackage{upgreek} \setlength{\oddsidemargin}{-69pt} \begin{document}$${{\mathcal N_L}}$$\end{document}. At each point x∈M\documentclass[12pt]{minimal} \usepackage{amsmath} \usepackage{wasysym} \usepackage{amsfonts} \usepackage{amssymb} \usepackage{amsbsy} \usepackage{mathrsfs} \usepackage{upgreek} \setlength{\oddsidemargin}{-69pt} \begin{document}$$x\in M$$\end{document}, the algebraic type of L(x) is characterized by its Jordan normal form. In this paper we study singularities of a two-dimensional Nijenhuis operator in the case when its trace trL\documentclass[12pt]{minimal} \usepackage{amsmath} \usepackage{wasysym} \usepackage{amsfonts} \usepackage{amssymb} \usepackage{amsbsy} \usepackage{mathrsfs} \usepackage{upgreek} \setlength{\oddsidemargin}{-69pt} \begin{document}$${{\,\mathrm{tr}\,}}L$$\end{document} has a non-zero differential at the singular point. A description of such singularities reduces to studying the smoothness of some function which is a fraction depending on partial derivatives of the determinant of L. We completely describe singularities for some special classes of functions. We also obtained interesting examples of Nijenhuis operators and their singularities.",scopus,llm,0.980,unreviewed,,doi:10.1007/s40879-022-00585-x
discarded,"Modification of Nicholson–Bailey model under refuge effects with stability, bifurcation, and chaos control",Q. Din,2022,JVC Journal of Vibration and Control,10.1177/10775463211034021,https://www.scopus.com/inward/record.uri?partnerID=HzOxMe3b&scp=85111942011&origin=inward,off-topic-false-hit,"In this article, a modification is proposed for the classical Nicholson–Bailey model. It is assumed that the modified model follows all axioms of Nicholson–Bailey model except that in every generation a fraction of the hosts have a safe refuge from attack of parasitoids. It is investigated that under this assumption the modified model has stable coexistence. Furthermore, Neimark–Sacker bifurcation is interrogated at positive steady-state of modified model by implementing the normal forms theory of bifurcation. Chaos control methods based on perturbation of parameter and state feedback strategy are implemented to escape the trajectories from bifurcating and chaotic behavior. Furthermore, numerical simulations are carried out for illustration of theoretical discussion. Finally, all theoretical discussion is illustrated by taking into account real observed field data of host–parasitoid interaction.",scopus,llm,0.990,unreviewed,,doi:10.1177/10775463211034021
discarded,All-Loop Four-Point Aharony-Bergman-Jafferis-Maldacena Amplitudes from Dimensional Reduction of the Amplituhedron,S. He,2022,Physical Review Letters,10.1103/PhysRevLett.129.221604,https://www.scopus.com/inward/record.uri?partnerID=HzOxMe3b&scp=85143396461&origin=inward,off-topic-false-hit,"We define a new geometry obtained from the all-loop amplituhedron in N=4 SYM by reducing its four-dimensional external and loop momenta to three dimensions. Focusing on the simplest four-point case, we provide strong evidence that the canonical form of this ""reduced amplituhedron"" gives the all-loop integrand of the Aharony-Bergman-Jafferis-Maldacena four-point amplitude. In addition to various all-loop cuts manifested by the geometry, we present explicitly new results for the integrand up to five loops, which are much simpler than results in N=4 SYM. One of the reasons for such all-loop simplifications is that only a very small fraction of the so-called negative geometries survives the dimensional reduction, which corresponds to bipartite graphs. Our results suggest an unexpected relation between four-point amplitudes in these two theories.",scopus,llm,1.000,unreviewed,,doi:10.1103/physrevlett.129.221604
discarded,On Probabilistic Generalization of Backdoors in Boolean Satisfiability,A. Semenov,2022,Proceedings of the 36th Aaai Conference on Artificial Intelligence Aaai 2022,10.1609/aaai.v36i9.21277,https://www.scopus.com/inward/record.uri?partnerID=HzOxMe3b&scp=85145607772&origin=inward,adjacent-subtopic,"The paper proposes a probabilistic generalization of the well-known Strong Backdoor Set (SBS) concept applied to the Boolean Satisfiability Problem (SAT). We call a set of Boolean variables B a ρ-backdoor, if for a fraction of at least ρ of possible assignments of variables from B, assigning their values to variables in a Boolean formula in Conjunctive Normal Form (CNF) results in polynomially solvable formulas. Clearly, a ρ-backdoor with ρ=1 is an SBS. For a given set B it is possible to efficiently construct an (ε, δ)-approximation of parameter ρ using the Monte Carlo method. Thus, we define an (ε, δ)-SBS as such a set B for which the conclusion ""parameter ρ deviates from 1 by no more than ε"" is true with probability no smaller than 1 - δ. We consider the problems of finding the minimum SBS and the minimum (ε, δ)-SBS. To solve the former problem, one can use the algorithm described by R. Williams, C. Gomes and B. Selman in 2003. In the paper we propose a new probabilistic algorithm to solve the latter problem, and show that the asymptotic estimation of the worst-case complexity of the proposed algorithm is significantly smaller than that of the algorithm by Williams et al. For practical applications, we suggest a metaheuristic optimization algorithm based on the penalty function method to seek the minimal (ε, δ)-SBS. Results of computational experiments show that the use of (ε, δ)-SBSes found by the proposed algorithm allows speeding up solving of test problems related to equivalence checking and hard crafted and combinatorial benchmarks compared to state-of-the-art SAT solvers.",scopus,llm,0.980,unreviewed,,doi:10.1609/aaai.v36i9.21277
discarded,Self-similar monoids related to Hahn groups,W. Rump,2022,Semigroup Forum,10.1007/s00233-022-10267-5,https://www.scopus.com/inward/record.uri?partnerID=HzOxMe3b&scp=85126263863&origin=inward,off-topic-false-hit,"Self-similar monoids arising from a partially ordered set Omega are characterized by generators and relations, and put into a one-to-one correspondence with an abelian lattice-ordered group, the restricted Hahn group of Omega(op). The group of left fractions of such a self-similar monoid A is determined and shown to be closely related to non-commutative prime factorization of elements in A. For a well-ordered set Omega, this prime factorization specializes to the Cantor Normal Form Theorem for ordinals.",scopus,llm,0.980,unreviewed,,doi:10.1007/s00233-022-10267-5
discarded,Nonlinear dynamic and bifurcations analysis of an axially moving circular cylindrical nanocomposite shell,A. Mohamadi,2022,International Journal of Mechanics and Materials in Design,10.1007/s10999-021-09571-9,https://www.scopus.com/inward/record.uri?partnerID=HzOxMe3b&scp=85118279847&origin=inward,off-topic-false-hit,"The focus of the present paper is on investigating the nonlinear dynamics of the axially moving FG-CNTRC shells with different reinforcement distribution and the scale effects of CNTs in the subcritical regime of axial speed. The governing equations are derived in cylindrical coordinate utilizing the Hamilton principle by implementing the Donnell-Mushtari nonlinear shell theory and considering the mechanical properties of nanocomposite shells obtained from the extended rule of mixture. Two nonlinear coupled nonhomogeneous PDEs, a compatibility equation, and the motion equation in the radial direction are the result of applying in-plane airy stress function and continuity conditions on them. Then by substituting the flexural mode shape in the mentioned equations, the airy stress function is achieved. By the aid of Jordan conical form, the coupling of the second derivative of time in seven nonlinear nonhomogeneous ODEs resulted from applying the Galerkin method on the equilibrium equation in the radial direction is removed. Eventually, these ODEs are transformed into the Normal Form. The bifurcation analysis based on the frequency, the force, the damping ratio, and the velocity are carried out for circular cylindrical nanocomposite shells with four distribution types of SWCNT reinforcement and various volume fraction of CNTs. Four sorts of fixed points, including saddle nodes, pitchfork bifurcation, periodic doubling, and torus, have appeared in outlined parameters' responses of nanocomposite circular cylindrical shells' vibration. The Runge Kutta 4th order and pseudo arclength continuation as the numerical methods state the accuracy of the Normal Form Method.",scopus,llm,0.990,unreviewed,,doi:10.1007/s10999-021-09571-9
discarded,Conditional Linear Regression for Heterogeneous Covariances,B. Juba,2022,Proceedings of Machine Learning Research,,https://www.scopus.com/inward/record.uri?partnerID=HzOxMe3b&scp=85163129297&origin=inward,adjacent-subtopic,,scopus,llm,0.980,unreviewed,,hash:ed3dc398b662d790
discarded,Common Factors in Fraction-Free Matrix Decompositions,J. Middeke,2021,Mathematics in Computer Science,10.1007/s11786-020-00495-9,https://www.scopus.com/inward/record.uri?partnerID=HzOxMe3b&scp=85096554509&origin=inward,adjacent-subtopic,"We consider LU and QR matrix decompositions using exact computations. We show that fraction-free Gauß–Bareiss reduction leads to triangular matrices having a non-trivial number of common row factors. We identify two types of common factors: systematic and statistical. Systematic factors depend on the reduction process, independent of the data, while statistical factors depend on the specific data. We relate the existence of row factors in the LU decomposition to factors appearing in the Smith–Jacobson normal form of the matrix. For statistical factors, we identify some of the mechanisms that create them and give estimates of the frequency of their occurrence. Similar observations apply to the common factors in a fraction-free QR decomposition. Our conclusions are tested experimentally.",scopus,llm,0.780,unreviewed,,doi:10.1007/s11786-020-00495-9
discarded,"Denominator Assignment, Invariants, and Canonical Forms under Dynamic Feedback Compensation in Linear Multivariable Nonsquare Systems",A. Vardulakis,2021,IEEE Transactions on Automatic Control,10.1109/TAC.2020.3044009,https://www.scopus.com/inward/record.uri?partnerID=HzOxMe3b&scp=85097930790&origin=inward,off-topic-false-hit,"In this article, we generalize previously reported results for linear, time-invariant, stabilizable multivariable systems described by a <italic>strictly</italic> proper transfer function matrix <inline-formula><tex-math notation=""LaTeX"">$P(s)$</tex-math></inline-formula> with number of outputs greater than or equal to the number of inputs. By making use of a special kind of a left generalized inverse <inline-formula><tex-math notation=""LaTeX"">$P(s)_{\alpha }^{\oplus }$</tex-math></inline-formula> of <inline-formula><tex-math notation=""LaTeX"">$P(s)$</tex-math></inline-formula>, we define and examine the equivalent relation <inline-formula><tex-math notation=""LaTeX"">$\mathcal {R}$</tex-math></inline-formula> relating <inline-formula><tex-math notation=""LaTeX"">$P(s)$</tex-math></inline-formula> with the members of the equivalence class <inline-formula><tex-math notation=""LaTeX"">$[P(s)]_{R}$</tex-math></inline-formula> of the closed loop-transfer function matrices <inline-formula><tex-math notation=""LaTeX"">$P_{C}(s)$</tex-math></inline-formula> obtainable from <inline-formula><tex-math notation=""LaTeX"">$P(s)$</tex-math></inline-formula> by the use of a proper compensator <inline-formula><tex-math notation=""LaTeX"">$C(s)$</tex-math></inline-formula> in the feedback path. For <inline-formula><tex-math notation=""LaTeX"">$\mathcal {R}$</tex-math></inline-formula>, we establish a set of complete invariants and a canonical form. These results give rise to a simple algorithmic procedure for the computation of <italic>proper</italic> internally stabilizing and denominator assigning compensators <inline-formula><tex-math notation=""LaTeX"">$C(s)$</tex-math></inline-formula> for the class of plants with <inline-formula><tex-math notation=""LaTeX"">$p=m$</tex-math></inline-formula> and having no zeros in the closed right half complex plane: <inline-formula><tex-math notation=""LaTeX"">$\mathbb {C}^{+}$</tex-math></inline-formula> and in the case when <inline-formula><tex-math notation=""LaTeX"">$p>m$</tex-math></inline-formula> plants characterized by right polynomial matrix fraction descriptions with a polynomial matrix numerator having at least one subset of <inline-formula><tex-math notation=""LaTeX"">$m$</tex-math></inline-formula> rows that give rise to a nonsingular polynomial matrix with no zeros in <inline-formula><tex-math notation=""LaTeX"">$\mathbb {C}^{+}$</tex-math></inline-formula>.",scopus,llm,0.980,unreviewed,,doi:10.1109/tac.2020.3044009
discarded,Forced Nonlinear vibration and bifurcation analysis of circular cylindrical nanocomposite shells using the normal form,A. Mohamadi,2021,International Journal of Non Linear Mechanics,10.1016/j.ijnonlinmec.2021.103733,https://www.scopus.com/inward/record.uri?partnerID=HzOxMe3b&scp=85105692319&origin=inward,off-topic-false-hit,"The current paper focuses on investigating the effect of different distribution types of single-walled carbon nanotube (SWCNT) reinforcement and the volume fraction of CNTs on the nonlinear vibration of simply supported nanocomposite circular cylindrical shells. The governing equations are derived for uniform and three kinds of FG distribution of CNTs utilizing the extended mixture rule and Hamilton principle in cylindrical coordinate employing a classical nonlinear shell theory. The considered 1:1 internal resonance between asymmetric driven and companion vibration modes profoundly influences the frequency responses' nonlinear characteristics. Then by the aids of the Airy stress function and the Galerkin method, the motion equations turn into several nonlinear nonhomogeneous ODEs. Finally, the bifurcation analysis is carried out based on various parameters using the normal form method. Three stable, unstable, and quasi-period regions concerning the locations of saddle nodes, pitchfork bifurcation, and torus points at the limit cycle around the resonance condition would differ due to change the structure of the nanocomposite shells, viscous damping coefficient, and the amplitude of the concentrated external force. The perturbation method's accuracy is compared against the Runge-Kutta 4th order method's results validated by available data.",scopus,llm,0.990,unreviewed,,doi:10.1016/j.ijnonlinmec.2021.103733
discarded,Continued Fraction Approach to Gauss Reduction Theory,O. Karpenkov,2021,Lecture Notes in Computer Science Including Subseries Lecture Notes in Artificial Intelligence and Lecture Notes in Bioinformatics,10.1007/978-3-030-89716-1_7,https://www.scopus.com/inward/record.uri?partnerID=HzOxMe3b&scp=85118919611&origin=inward,"supports-claim; qualifies-claim; adjacent-subtopic; number theory or algebra: representation of numbers or group elements, no equality-testing claim for a data type","Jordan Normal Forms serve as excellent representatives of conjugacy classes of matrices over closed fields. Once we knows normal forms, we can compute functions of matrices, their main invariant, etc. The situation is much more complicated if we search for normal forms for conjugacy classes over fields that are not closed and especially for rings. In this paper we study PGL(2,Z)-conjugacy classes of GL(2,Z) matrices. For the ring of integers Jordan approach has various limitations and in fact it is not effective. The normal forms of conjugacy classes of GL(2,Z) matrices are provided by alternative theory, which is known as Gauss Reduction Theory. We introduce a new techniques to compute reduced forms In Gauss Reduction Theory in terms of the elements of certain continued fractions. Current approach is based on recent progress in geometry of numbers. The proposed technique provides an explicit computation of periods of continued fractions for the slopes of eigenvectors.",scopus,llm_reviewed,0.870,changed,kept->discarded,doi:10.1007/978-3-030-89716-1_7
