status,title,authors,year,venue,doi,url,tags,abstract,provider,decision_source,llm_confidence,llm_review_outcome,llm_change_direction,paper_id
discarded,Formalizing Jordan normal forms in Isabelle/HOL,René Thiemann; Akihisa Yamada,2016,,10.1145/2854065.2854073,https://openalex.org/W2256286306,adjacent-subtopic,"In automated complexity analysis of term rewriting, estimating the growth rate of the values in the k-th power of a matrix A – for fixed A and increasing k – is of fundamental interest. This growth rate can be exactly characterized via A’s Jordan normal form (JNF). We formalize this result in our library IsaFoR and our certifier CeTA, and thereby improve the support for certifying polynomial bounds derived by (untrusted) complexity analysis tools. To this end, we develop a new library for matrices that allows us to conveniently work with block matrices. Besides the mentioned complexity result, we formalize Gram-Schmidt’s orthogonalization algorithm and the Schur decomposition in order to prove existence of JNFs. We also provide a uniqueness result for JNFs which allows us to compute Jordan blocks for individual eigenvalues. In order to determine eigenvalues automatically, we moreover formalize Yun’s square-free factorization algorithm.",openalex,llm,0.840,unreviewed,,doi:10.1145/2854065.2854073
kept,"A Canonical Form for PROV Documents and Its Application to Equality, Signature, and Validation",Luc Moreau,2017,ACM Transactions on Internet Technology,10.1145/3032990,https://openalex.org/W2594359443,supports-claim; cross-domain-equality,"We present a canonical form for prov that is a normalized way of representing prov documents as mathematical expressions. As opposed to the normal form specified by the prov-constraints recommendation, the canonical form we present is defined for all prov documents, irrespective of their validity, and it can be serialized in a unique way. The article makes the case for a canonical form for prov and its potential uses, namely comparison of prov documents in different formats, validation, and signature of prov documents. A signature of a prov document allows the integrity and the author of provenance to be ascertained; since the signature is based on the canonical form, these checks are not tied to a particular encoding, but can be performed on any representation of prov .",openalex,llm_reviewed,1.000,confirmed,,doi:10.1145/3032990
discarded,On the Complexity of Nash Equilibria and Other Fixed Points,Kousha Etessami; Mihalis Yannakakis,2010,SIAM Journal on Computing,10.1137/080720826,https://openalex.org/W1991624978,adjacent-subtopic,"We reexamine what it means to compute Nash equilibria and, more generally, what it means to compute a fixed point of a given Brouwer function, and we investigate the complexity of the associated problems. Specifically, we study the complexity of the following problem: given a finite game, $\Gamma$, with 3 or more players, and given $\epsilon>0$, compute an approximation within $\epsilon$ of some (actual) Nash equilibrium. We show that approximation of an actual Nash equilibrium, even to within any nontrivial constant additive factor $\epsilon<1/2$ in just one desired coordinate, is at least as hard as the long-standing square-root sum problem, as well as a more general arithmetic circuit decision problem that characterizes P-time in a unit-cost model of computation with arbitrary precision rational arithmetic; thus, placing the approximation problem in P, or even NP, would resolve major open problems in the complexity of numerical computation. We show similar results for market equilibria: it is hard to estimate with any nontrivial accuracy the equilibrium prices in an exchange economy with a unique equilibrium, where the economy is given by explicit algebraic formulas for the excess demand functions. We define a class, FIXP, which captures search problems that can be cast as fixed point computation problems for functions represented by algebraic circuits (straight line programs) over basis $\{+,*,-,/,\max,\min\}$ with rational constants. We show that the (exact or approximate) computation of Nash equilibria for 3 or more players is complete for FIXP. The price equilibrium problem for exchange economies with algebraic demand functions is another FIXP-complete problem. We show that the piecewise linear fragment of FIXP equals PPAD. Many other problems in game theory, economics, and probability theory can be cast as fixed point problems for such algebraic functions. We discuss several important such problems: computing the value of Shapley's stochastic games and the simpler games of Condon, extinction probabilities of branching processes, probabilities of stochastic context-free grammars, and termination probabilities of recursive Markov chains. We show that for some of them, the approximation, or even exact computation, problem can be placed in PPAD, while for others, they are at least as hard as the square-root sum and arithmetic circuit decision problems.",openalex,llm,0.920,unreviewed,,doi:10.1137/080720826
discarded,Extended GCD and Hermite Normal Form Algorithms via Lattice Basis Reduction,George Havas; Bohdan S. Majewski; Keith R. Matthews,1998,Experimental Mathematics,10.1080/10586458.1998.10504362,https://openalex.org/W1992950589,adjacent-subtopic,"Extended gcd calculation has a long history and plays an important role in computational number theory and linear algebra. Recentresults have shown that finding optimal multipliers in extended gcd calculations is difficult. We present an algorithm which uses lattice basis reduction to produce small integer multipliers X1, …, Xm for the equation s = gcd (S1, …, sm) = X1S1 + … + XmSm, where S1, …, Sm are given integers. The method generalises to produce small unimodular transformation matrices for computing the Hermite normal form of an integer matrix.",openalex,llm,0.820,unreviewed,,doi:10.1080/10586458.1998.10504362
discarded,Error-free boundary evaluation using lazy rational arithmetic,Mohand Ourabah Benouamer; Dominique Michelucci; Bernard Péroche,1993,,10.1145/164360.164403,https://openalex.org/W2078834171,qualifies-claim; adjacent-subtopic; rational arithmetic implementation detail; no claim on canonical form and equality,"A new bounda~evaluation method is presetied It is based on error-free Boolean operations on polyhedral solids. We descn""be,in detail, art intersection atgorithm that handles on a straigi@orward way, & the possibk geometric cases.We also describe a general data structure that allows on unified storage of solid bourt&n""es.The intersectwn algorithm always runs to completion, producing consistent solids from consistent operands.Numerical errors are handled al an algorithm independeru level: an on""ginal exact arithmetic that peflorms ordy the necessary precise computations.Results from our implementation of this CSG solver are discussedPermission to copy without fee all or part of this material is granted provided (hat the copies are not made or distributed for direct commercial advantage, the ACM copyright notice and the title of the publication and its date appear, and no~ice is given that copying is by permission of the Association for Computing Machinery.To copy o(berwise",openalex,llm_reviewed,0.870,changed,kept->discarded,doi:10.1145/164360.164403
discarded,Normal forms of Hopf-zero singularity,Majid Gazor; Fahimeh Mokhtari,2014,Nonlinearity,10.1088/0951-7715/28/2/311,https://openalex.org/W2158977328,off-topic-false-hit,"The Lie algebra generated by Hopf-zero classical normal forms is decomposed into two versal Lie subalgebras. Some dynamical properties for each subalgebra are described; one is the set of all volume-preserving conservative systems while the other is the maximal Lie algebra of nonconservative systems. This introduces a unique conservative–nonconservative decomposition for the normal form systems. There exists a Lie-subalgebra that is Lie-isomorphic to a large family of vector fields with Bogdanov–Takens singularity. This gives rise to a conclusion that the local dynamics of formal Hopf-zero singularities is well-understood by the study of Bogdanov–Takens singularities. Despite this, the normal form computations of Bogdanov–Takens and Hopf-zero singularities are independent. Thus, by assuming a quadratic nonzero condition, complete results on the simplest Hopf-zero normal forms are obtained in terms of the conservative–nonconservative decomposition. Some practical formulas are derived and the results implemented using Maple. The method has been applied on the Rössler and Kuramoto–Sivashinsky equations to demonstrate the applicability of our results.",openalex,llm,0.990,unreviewed,,doi:10.1088/0951-7715/28/2/311
discarded,The GHZ/W-calculus contains rational arithmetic,Bob Coecke; Aleks Kissinger; Alex Merry; Shibdas Roy,2011,Electronic Proceedings in Theoretical Computer Science,10.4204/eptcs.52.4,https://openalex.org/W2080677022,adjacent-subtopic,"Graphical calculi for representing interacting quantum systems serve a number of purposes: compositionally, intuitive graphical reasoning, and a logical underpinning for automation. The power of these calculi stems from the fact that they embody generalized symmetries of the structure of quantum operations, which, for example, stretch well beyond the Choi-Jamiolkowski isomorphism. One such calculus takes the GHZ and W states as its basic generators. Here we show that this language allows one to encode standard rational calculus, with the GHZ state as multiplication, the W state as addition, the Pauli X gate as multiplicative inversion, and the Pauli Z gate as additive inversion.",openalex,llm,0.900,unreviewed,,doi:10.4204/eptcs.52.4
discarded,A normal form theorem for Brjuno skew systems through renormalization,João Lopes Dias,2006,Journal of Differential Equations,10.1016/j.jde.2006.07.021,https://openalex.org/W1984890522,off-topic-false-hit,"We develop a dynamical renormalization method for the problem of local reducibility of analytic linear quasi-periodic skew-product flows on T-2 x SL(2, R). This approach is based on the continued fraction expansion of the linear base flow and deals with ""small-divisors"" by turning them into ""large-divisors."" We use this method to give a new proof of a normal form theorem for a Brjuno base flow. (c) 2006 Elsevier Inc. All rights reserved.",openalex,llm,0.990,unreviewed,,doi:10.1016/j.jde.2006.07.021
discarded,Heterogeneous Agent Models in Economics and Finance,Cars Hommes,2005,SSRN Electronic Journal,10.2139/ssrn.742384,https://openalex.org/W1916722811,off-topic-false-hit,,openalex,llm,0.980,unreviewed,,doi:10.2139/ssrn.742384
discarded,Fracpairs and fractions over a reduced commutative ring,Jan Aldert Bergstra; Alban Ponse,2016,Indagationes Mathematicae,10.1016/j.indag.2016.01.007,https://openalex.org/W2269907218,"qualifies-claim; adjacent-subtopic; number theory or algebra: representation of numbers or group elements, no equality-testing claim for a data type","In the well-known construction of the field of fractions of an integral domain, division by zero is excluded. We introduce ""fracpairs"" as pairs subject to laws consistent with the use of the pair as a fraction, but do not exclude denominators to be zero. We investigate fracpairs over a reduced commutative ring (a commutative ring that has no nonzero nilpotent elements) and provide these with natural definitions for addition, multiplication, and additive and multiplicative inverse. We find that modulo a simple congruence these fracpairs constitute a ""common meadow"", which is a commutative monoid both for addition and multiplication, extended with a weak additive inverse, a multiplicative inverse except for zero, and an additional element ""a"" that is the image of the multiplicative inverse on zero and that propagates through all operations. Considering ""a"" as an error-value supports the intuition. 
The equivalence classes of fracpairs thus obtained are called common cancellation fractions (cc-fractions), and cc-fractions over the integers constitute a homomorphic pre-image of the common meadow Qa, the field Q of rational numbers expanded with an a-totalized inverse. Moreover, the initial common meadow is isomorphic to the initial algebra of cc-fractions over the integer numbers. Next, we define canonical term algebras for cc-fractions over the integers and some meadows that model the rational numbers expanded with a totalized inverse, and provide some negative results concerning their associated term rewriting properties. Then we consider reduced commutative rings in which the sum of two squares plus one cannot be a zero divisor: by extending the equivalence relation on fracpairs we obtain an initial algebra that is isomorphic to Qa. Finally, we express negative conjectures concerning alternative specifications for these (concrete) datatypes.",openalex,llm_reviewed,0.960,changed,kept->discarded,doi:10.1016/j.indag.2016.01.007
discarded,Cogent: uniqueness types and certifying compilation,Liam O’Connor; Zilin Chen; Christine Rizkallah; Vincent Jackson; Sidney Amani; Gerwin Klein; Toby Murray; Thomas Arthur Leck Sewell; Gabriele Keller,2021,Journal of Functional Programming,10.1017/s095679682100023x,https://openalex.org/W3210291382,adjacent-subtopic,"Abstract This paper presents a framework aimed at significantly reducing the cost of proving functional correctness for low-level operating systems components. The framework is designed around a new functional programming language, Cogent. A central aspect of the language is its uniqueness type system, which eliminates the need for a trusted runtime or garbage collector while still guaranteeing memory safety, a crucial property for safety and security. Moreover, it allows us to assign two semantics to the language: The first semantics is imperative, suitable for efficient C code generation, and the second is purely functional, providing a user-friendly interface for equational reasoning and verification of higher-level correctness properties. The refinement theorem connecting the two semantics allows the compiler to produce a proof via translation validation certifying the correctness of the generated C code with respect to the semantics of the Cogent source program. We have demonstrated the effectiveness of our framework for implementation and for verification through two file system implementations.",openalex,llm,0.980,unreviewed,,doi:10.1017/s095679682100023x
discarded,Comparison of Canonical Forms for Model Predictive Control,Pavel Čelovský; Renata Wagnerová,2022,2022 23rd International Carpathian Control Conference (ICCC),10.1109/ICCC54292.2022.9805894,https://ieeexplore.ieee.org/document/9805894/,off-topic-false-hit,"This paper presents the use of various canonical forms of mathematical models for predictive control design. The article represents five canonical forms, including Frobeni's canonical form (serial programming) and Jordan's canonical form (parallel programming). The individual canonical shapes are compared for the same controlled system and the same setting of the adjustable parameters of the predictive controller. The ITAE (integral time absolute error) integration criterion will be used for comparison. The paper aims to determine which canonical form is most suitable for the selected system and which of them achieves the highest quality of the control process.",ieee,llm,0.990,unreviewed,,doi:10.1109/iccc54292.2022.9805894
discarded,2-D partial fraction expansions and minimal commutative realizations,M. Bisiacco; E. Fornasini; G. Marchesini,1988,IEEE Transactions on Circuits and Systems,10.1109/31.9917,https://ieeexplore.ieee.org/document/9917/,off-topic-false-hit,"An analysis is presented of the class of rational functions in two variables realized by two-dimensional state-space models satisfying the commutativity assumption A/sub 1/A/sub 2/=A/sub 2/A/sub 1/. A complete characterization of these transfer functions is given in terms of the existence of a suitable partial fraction expansion. It is shown that, under the commutativity assumption, minimal realizations are unique modulo algebraic equivalence, and the minimality is equivalent to local observability and reachability.<>",ieee,llm,0.960,unreviewed,,doi:10.1109/31.9917
discarded,Matrix Processors Using p-adic Arithmetic for Exact Linear Computations,Krishnamurthy,1977,IEEE Transactions on Computers,10.1109/TC.1977.1674895,https://ieeexplore.ieee.org/document/1674895/,supports-claim; adjacent-subtopic; matrix/system normal form in mathematics or control,"A unique code (called Hensel's code) is derived for a rational number by truncating its infinite p-adic expansion. The four basic arithmetic algorithms for these codes are described and their application to rational matrix computations is demonstrated by solving a system of linear equations exactly, using the Gaussian elimination procedure.",ieee,llm_reviewed,0.940,changed,kept->discarded,doi:10.1109/tc.1977.1674895
discarded,Funnel Control of Uncertain High-Order Nonlinear Systems With Unknown Rational Powers,Yong-Hua Liu; Chun-Yi Su; Qi Zhou,2021,"IEEE Transactions on Systems, Man, and Cybernetics: Systems",10.1109/TSMC.2019.2956672,https://ieeexplore.ieee.org/document/8936552/,off-topic-false-hit,"This article considers the funnel output tracking control for a class of high-order uncertain nonlinear systems with the powers of positive odd rational numbers, aiming to accomplish output tracking with prescribed accuracy when both the system nonlinearities and the powers of the system are unknown. For such a purpose, a robust funnel control algorithm, i.e., a continuous, static, and universal, state-feedback controller is explicitly constructed, which achieves the state errors evolving within the predesigned performance space. Benefits of the proposed funnel output tracking controller comparing with the current approaches lie in the fact that the exact knowledge of system nonlinearities, including generally required bounding functions, is not needed to be a priori. Moreover, all the powers in each high-order subsystem are permitted to be any unknown positive odd rational numbers as well. The efficacy of the developed algorithm is confirmed through two illustrative examples.",ieee,llm,0.990,unreviewed,,doi:10.1109/tsmc.2019.2956672
discarded,A new canonical expansion of z-transfer function for reduced-order modeling of discrete-time systems,C. Hwang; C.-S. Hsieh,1989,IEEE Transactions on Circuits and Systems,10.1109/31.41314,https://ieeexplore.ieee.org/document/41314/,off-topic-false-hit,"On the basis of the unique decomposition of a polynomial into a mirror image polynomial (MIP) and an antimirror image polynomial (AMIP) and the expansion of A.M. Davis' discrete reactance function (ibid., vol.CAS-29, no.10, p.658-62, 1982) into a continued fraction which proceeds in terms of z/(z-1) and 1/(z-1) alternately, a new canonical expansion of the z-transfer function is presented. Although it has the same structure as the Routh canonical expansion of the s-transfer function, the new canonical expansion is suitable for deriving reduced-order models of discrete-time systems by direct truncation. Using this canonical expansion, frequency- and time-domain reduced-order modeling procedures are derived. The necessary and sufficient conditions imposed on the continued-fraction expansion of Davis' discrete reactance function for reduced-order models to be stable are also derived. It is shown that the reduced model has the partial Pade approximation property.<>",ieee,llm,0.980,unreviewed,,doi:10.1109/31.41314
discarded,Integration of Linear Constraints with a Temporal Logic Programming Language,Qian Ma; Zhenhua Duan; Mengfei Yang,2013,2013 International Symposium on Theoretical Aspects of Software Engineering,10.1109/TASE.2013.30,https://ieeexplore.ieee.org/document/6597893/,adjacent-subtopic,"This paper investigates the integration of linear constraints with MSVL. To this end, we first define linear constraint statements and discuss related issues of the incorporation. Further, for calling SMT solvers to solve the newly introduced constraints, we give a translation algorithm from state programs in MSVL with linear constraints to SMT-LIB2.0 script language and then supply a solving procedure.",ieee,llm,0.970,unreviewed,,doi:10.1109/tase.2013.30
discarded,On the Quantitative Evaluation of Edge Detection Schemes and their Comparison with Human Performance,J.R. Fram; E.S. Deutsch,1975,IEEE Transactions on Computers,10.1109/T-C.1975.224274,https://ieeexplore.ieee.org/document/1672867/,adjacent-subtopic,A technique for the quantitative evaluation of edge detection schemes is presented. It is used to assess the performance of three such schemes using a specially-generated set of images containing noise. The ability of human subjects to distinguish the edges in the presence of noise is also measured and compared with that of the edge detection schemes. The edge detection schemes are used on a high-resolution satellite photograph with varying degrees of noise added in order to relate the quantitative comparison to real-life imagery.,ieee,llm,0.990,unreviewed,,doi:10.1109/t-c.1975.224274
