status,title,authors,year,venue,doi,url,tags,abstract,provider,decision_source,llm_confidence,llm_review_outcome,llm_change_direction,paper_id
discarded,Type-theoretic approaches to ordinals,N. Kraus,2023,Theoretical Computer Science,10.1016/j.tcs.2023.113843,https://www.scopus.com/inward/record.uri?partnerID=HzOxMe3b&scp=85151788589&origin=inward,"qualifies-claim; adjacent-subtopic; normal forms in rewriting, logic or type theory","In a constructive setting, no concrete formulation of ordinal numbers can simultaneously have all the properties one might be interested in; for example, being able to calculate limits of sequences is constructively incompatible with deciding extensional equality. Using homotopy type theory as the foundational setting, we develop an abstract framework for ordinal theory and establish a collection of desirable properties and constructions. We then study and compare three concrete implementations of ordinals in homotopy type theory: first, a notation system based on Cantor normal forms (binary trees); second, a refined version of Brouwer trees (infinitely-branching trees); and third, extensional well-founded orders. Each of our three formulations has the central properties expected of ordinals, such as being equipped with an extensional and well-founded ordering as well as allowing basic arithmetic operations, but they differ with respect to what they make possible in addition. For example, for finite collections of ordinals, Cantor normal forms have decidable properties, but suprema of infinite collections cannot be computed. In contrast, extensional well-founded orders work well with infinite collections, but almost all properties are undecidable. Brouwer trees take the sweet spot in the middle by combining a restricted form of decidability with the ability to work with infinite increasing sequences. Our three approaches are connected by canonical order-preserving functions from the""more decidable""to the""less decidable""notions. We have formalised the results on Cantor normal forms and Brouwer trees in cubical Agda, while extensional well-founded orders have been studied and formalised thoroughly by Escardo and his collaborators. Finally, we compare the computational efficiency of our implementations with the results reported by Berger.",scopus,llm_reviewed,0.980,changed,kept->discarded,doi:10.1016/j.tcs.2023.113843
discarded,An Entity-based Claim Extraction Pipeline for Real-world Biomedical Fact-checking,A. Wührl,2023,Fever 2023 6th Fact Extraction and Verification Workshop Proceedings,,https://www.scopus.com/inward/record.uri?partnerID=HzOxMe3b&scp=85174576078&origin=inward,adjacent-subtopic,,scopus,llm,0.940,unreviewed,,hash:b128f7d8540e59df
discarded,Comparative Study of Point Cloud Classification Using Deep Learning Neural Networks,C.W. Sia,2023,2023 International Conference on Digital Applications Transformation and Economy Icdate 2023,10.1109/ICDATE58146.2023.10248818,https://www.scopus.com/inward/record.uri?partnerID=HzOxMe3b&scp=85173610989&origin=inward,adjacent-subtopic,"Point cloud processing using neural network is challenging due to its irregular and unstructured nature. In recent development, two general types of deep learning neural networks can generate point cloud in canonical representation for good classification performance, i.e. point-based method and neighborhood-based method. Point-based methods process every single point with neural linking to find its representation, while neighborhood-based methods compute the local correlation between each point and its neighbors. To study the difference of both approaches, a comparative study on the benchmarking PointNet and Dynamic Graph Convolutional Neural Network (DGCNN) with several experiments are provided in this paper to highlight their advantages and limitation. The comparison between DGCNN and PointNet is made in terms of training time in an epoch, inference time, accuracy and the number of parameters on point cloud classification tasks using the ModelNet40 dataset. The confusion matrices are visualized to provide an in-depth comparison of inter-class and intra-class of objects classification. As a result, DGCNN achieves better overall accuracy and a lower number of parameters (92.87% and 3.47 million parameters) when compared to PointNet (90.05% and 1.81 million parameters). However, PointNet achieves a faster training time (32 seconds) and inference time (3 seconds) as compared to DGCNN training time (162 seconds) and inference time (11 seconds).",scopus,llm,0.960,unreviewed,,doi:10.1109/icdate58146.2023.10248818
discarded,Virtual Sensors Design for Nonlinear Dynamic Systems,A. Zhirabok,2023,International Journal of Robotics and Control Systems,10.31763/ijrcs.v3i2.915,https://www.scopus.com/inward/record.uri?partnerID=HzOxMe3b&scp=85162974921&origin=inward,off-topic-false-hit,"The objective of the paper is virtual sensors design, estimating prescribed components of the systems state vector to solve the tasks of fault diagnosis in nonlinear systems. To solve the problem, the method called logic-dynamic approach is used, which allows to solve the problem for systems with non-smooth nonlinearities subjected to external disturbance by methods of linear algebra. According to this method, the problem is solved in three steps: at the first step, the nonlinear term is removed from the system, and the linear model invariant with respect to the disturbance is designed; at the second step, a possibility to take into account the nonlinear term and to estimate the given variable is checked; finally, the transformed nonlinear term is added to the linear model. The relations allowing to design virtual sensor of minimal dimension estimating prescribed component of the state vector of the system are obtained. The main contribution of the present paper is that a procedure to design virtual sensors of minimal dimension for nonlinear systems estimating prescribed components of the state vector is developed. This allows to reduce complexity of the virtual sensors in comparison with known papers where such sensors of full dimension are constructed. Besides, the limitations imposed on the initial system are relaxed that allow to extend a class of systems for which the virtual sensors can be constructed.",scopus,llm,0.990,unreviewed,,doi:10.31763/ijrcs.v3i2.915
discarded,Calculi of Epistemic Grounding Based on Prawitz’s Theory of Grounds,A.P. d’Aragona,2022,Studia Logica,10.1007/s11225-021-09979-6,https://www.scopus.com/inward/record.uri?partnerID=HzOxMe3b&scp=85124821842&origin=inward,"supports-claim; adjacent-subtopic; normal forms in rewriting, logic or type theory","We define a class of formal systems inspired by Prawitz’s theory of grounds. The latter is a semantics that aims at accounting for epistemic grounding, namely, at explaining why and how deductively valid inferences have the power to epistemically compel to accept the conclusion. Validity is defined in terms of typed objects, called grounds, that reify evidence for given judgments. An inference is valid when a function exists from grounds for the premises to grounds for the conclusion. Grounds are described by formal terms, either directly when the terms are in canonical form, or indirectly when they are in non-canonical form. Non-canonical terms must reduce to canonical form, and two terms may be said to be equal when they converge towards equivalent grounds. In our systems these properties can be proved through rules distinguished according to whether they concern types or logic. Type rules involve type introduction and elimination, equality for application of operational symbols, and re-writing equations for non-canonical terms. The logic amounts to a sort of intuitionistic system in a Gentzen format. To conclude, we show that each system of our class enjoys a normalization property.",scopus,llm_reviewed,0.980,changed,kept->discarded,doi:10.1007/s11225-021-09979-6
discarded,An Efficient Ciphertext Policy Attribute-Based Encryption Scheme from Lattices and Its Implementation,X. Qian,2021,2021 IEEE 6th International Conference on Computer and Communication Systems Icccs 2021,10.1109/ICCCS52626.2021.9449182,https://www.scopus.com/inward/record.uri?partnerID=HzOxMe3b&scp=85113293805&origin=inward,adjacent-subtopic,"Lattice-based Attribute-based encryption is a well-known cryptographic mechanism that can resist quantum attacks and has the ability of fine-grained access control, and it has a wide range of application scenarios in current Internet of Thing (IoT) era. However, lack of efficiency and existing the problem of large ciphertext expansion rate are the main disadvantages impede the applications of this mechanism. Thus, we propose an efficient and practical ciphertext policy attribute-based encryption (CP-ABE) scheme from lattices in the paper. In this scheme, to make the secret key reusable, we adjust access tree and propose a basic access tree structure, which can be converted from disjunctive normal form, and combine it with a light post-quantum scheme of Kyber. In addition, the compression method and plaintext expansion method are introduced to optimize the scheme. Our CP-ABE scheme is secure against chosen plaintext attack under the hardness of module learning with errors problem. We implement our scheme and compare it with three recent related schemes in terms of security, function and communication cost. Experiments and comparisons show that our CP-ABE scheme has advantages in high encryption efficiency, small matrix dimension, small key sizes, and low ciphertext expansion rate, which has some merit in practice.",scopus,llm,0.970,unreviewed,,doi:10.1109/icccs52626.2021.9449182
discarded,"Fault Trees, Decision Trees, And Binary Decision Diagrams: A Systematic Comparison",L.A. Jimenez-Roa,2021,Proceedings of the 31st European Safety and Reliability Conference Esrel 2021,10.3850/978-981-18-2016-8_241-cd,https://www.scopus.com/inward/record.uri?partnerID=HzOxMe3b&scp=85135442336&origin=inward,off-topic-false-hit,"In reliability engineering, we need to understand system dependencies, cause-effect relations, identify critical components, and analyze how they trigger failures. Three prominent graph models commonly used for these purposes are fault trees (FTs), decision trees (DTs), and binary decision diagrams (BDDs). These models are popular because they are easy to interpret, serve as a communication tool between stakeholders of various backgrounds, and support decision-making processes. Moreover, these models help to understand real-world problems by computing reliability metrics, minimum cut sets, logic rules, and displaying dependencies. Nevertheless, it is unclear how these graph models compare. Thus, the goal of this paper is to understand the similarities and differences through a systematic comparison based on their (i) purpose and application, (ii) structural representation, (iii) analysis methods, (iv) construction, and (v) benefits&limitations. Furthermore, we use a running example based on a Container Seal Design to showcase the models in practice. Our results show that, given that FTs, DTs and BDDs have different purposes and application domains, they adopt different structural representations and analysis methodologies that entail a variety of benefits and limitations, the latter can be addressed via conversion methods or extensions. Specific remarks are that BDDs can be considered as a compact representation of binary DTs, since the former allows sub-node sharing, which makes BDDs more efficient at representing logical rules than binary DTs. It is possible to obtain cut sets from BDDs and DTs and construct a FT using the (con/dis)junctive normal form, although this may result in a sub-optimal FT structure.",scopus,llm,0.930,unreviewed,,doi:10.3850/978-981-18-2016-8_241-cd
discarded,Instrumental System of Temporal Analysis of Models of Concurrent Computing Systems Constructed Using Theory of Temporary Finite State Automata,N.N. Konnov,2020,Moscow Workshop on Electronic and Networking Technologies Mwent 2020 Proceedings,10.1109/MWENT47943.2020.9067448,https://www.scopus.com/inward/record.uri?partnerID=HzOxMe3b&scp=85083975301&origin=inward,adjacent-subtopic,"This article examines the issue of poorly studied methods of temporal analysis of cyberphysical systems, as well as simulations of concurrent computing cyberphysical systems with a time component. The article describes the currently relevant methods and means of temporal analysis of computing cyber systems, their advantages and disadvantages[1]. Often, in the process of developing a real mechanical cyber system, it is necessary to simulate it and simulate its work under certain conditions, in order to identify possible difficulties in the functioning of the mechanism, and to adjust them subsequently. Actual methods of temporal analysis of cyber systems do not fully solve the posed problem or do not solve it at all. In order to solve the above-mentioned problem, a new method of temporal analysis was proposed that solves problems that other methods described in this article do not solve[2]. One of the advantages of the method proposed in this article is the modeling of non-deterministic time machines, so that this approach can be widely used in modeling cyber systems and simulating their work under a variety of conditions. As a test of the scientific solution of the problem described in this article, a software tool for temporal analysis and simulation of models of computing cyberphysical systems was developed and debugged. The main feature of the environment is the coding and building computing cyberphysical systems in the graph format of an abstract temporary finite deterministic or non-deterministic automaton using a system of canonical equations given in disjunctive normal form. The basic method of parsing the system of canonical equations for building a model of the target computing cyberphysical system in the graph format of an abstract automaton as well as simulation algorithms for the entire model in the mode of a deterministic and non-deterministic automaton are described. The user interface elements for managing the modeling environment, its main features and methods of temporal analysis of specified concurrent computing systems are described.",scopus,llm,0.960,unreviewed,,doi:10.1109/mwent47943.2020.9067448
discarded,Generalized register context-free grammars,R. Senda,2020,IEICE Transactions on Information and Systems,10.1587/transinf.2019FCP0010,https://www.scopus.com/inward/record.uri?partnerID=HzOxMe3b&scp=85081696355&origin=inward,adjacent-subtopic,"Register context-free grammars (RCFG) is an extension of context-free grammars to handle data values in a restricted way. In RCFG, a certain number of data values in registers are associated with each nonterminal symbol and a production rule has the guard condition, which checks the equality between the content of a register and an input data value. This paper starts with RCFG and introduces register type, which is a finite representation of a relation among the contents of registers. By using register type, the paper provides a translation of RCFG to a normal form and ϵ-removal from a given RCFG. We then define a generalized RCFG (GRCFG) where an arbitrary binary relation can be specified in the guard condition. Since the membership and emptiness problems are shown to be undecidable in general, we extend register type for GRCFG and introduce two properties of GRCFG, simulation and progress, which guarantee the decidability of these problems. As a corollary, these problems are shown to be EXPTIME-complete for GRCFG with a total order over a dense set.",scopus,llm,0.860,unreviewed,,doi:10.1587/transinf.2019fcp0010
discarded,Quaternary protoberberine alkaloids and their interactions with DNA,P. Jarošová,2019,Chemical Papers,10.1007/s11696-019-00857-z,https://www.scopus.com/inward/record.uri?partnerID=HzOxMe3b&scp=85073203733&origin=inward,off-topic-false-hit,"The G-quadruplex DNA is commonly present in several protooncogenic-DNA promoters and participates in many important biological processes such as replication, transcription, and translation. Because of their supposed role in cancer, G-quadruplex DNA is often studied as a target for anti-cancer drugs. Quaternary protoberberine and tetrahydroprotoberberine alkaloids (corysamine, coptisine, stylopine), which are supposed to selectively bind these structures, have been compared in terms of stability with selected types of DNA. Influence of selected alkaloids on the stability of double-stranded DNA and non-canonical forms of DNA was observed by determining association constants of alkaloid-DNA complexes using spectroscopic methods-molecular absorption spectrometry, fluorescence spectrometry, and mass spectrometry. Furthermore, the effect of given alkaloids on the melting temperature of these DNA structures was determined using CD spectrometry. Competitive dialysis and electrospray mass spectrometry were performed for affinity comparison of certain alkaloids to different DNA structures including G-quadruplexes. These experiments have proven that corysamine and coptisine prefer interaction with G-quadruplexes in comparison to dsDNA and ssDNA, whereas tetrahydroprotoberberine alkaloid stylopine does not interact with any DNA whatsoever.",scopus,llm,1.000,unreviewed,,doi:10.1007/s11696-019-00857-z
discarded,Semi-Automated and Manual Methods for Counting Cells Expressing P75 Receptor in Endometriotic Lesions,D. Agung,2018,Proceedings 2018 4th International Conference on Science and Technology Icst 2018,10.1109/ICSTC.2018.8528285,https://www.scopus.com/inward/record.uri?partnerID=HzOxMe3b&scp=85058546644&origin=inward,off-topic-false-hit,"There are several limitations to assess immunohistochemical staining in the cells manually such as wide differences in the qualifications of researchers working with histological samples, infeasible to count every single cell, time consuming and experience needed. In order to bridge the gap between experienced and inexperienced researchers, save time, and optimize quantitative accuracy, automated and semi-automated methods for histologic tissue analyses have been introduced. These methods make the interpretation of protein expression in immunohistochemistry (IHC) more objective. One such tool is HistoQuest® software, a semi-automated cell analysis program (TissueGnostics GmbH, Austria) that can be used for counting the number of positive and negative-staining cells as well as for quantitatively assessing the relative staining intensity on a histological slide. The aim of this methodological study was to compare the manual method of IHC with a semi-automated method in evaluating endometriosis lesions with IHC stained with p75 receptor antibody. Methods: Two independent observers were selected, both are experienced gynecologists: Experienced and inexperienced observer. Each received a tutorial about Histoquest® software and then independently set the parameters/tools in Histoquest® prior to independent slide interpretation. The images were arranged using TissueFaxs Plus system (Tissue-Gnostics®, Vienna, Austria) software with the same settings including exposure time and signal amplifications. Quantitative immunohistochemistry analysis was performed by using Histoquest® immunohistochemistry analysis software (TissueGnostics®, Vienna, Austria). Manual counting was done for comparison. Results: Histoquest software was able to identify nuclei stained with hematoxylin perfectly if the nucleus had a ‘normal’ form which is not pale color in the center. If the nucleus appeared irregular with uneven color, the software failed to identify. The discrepancy between semi-automated cell counting and manual counting by intra-experienced observer was smaller than the discrepancy in intra- inexperienced observer in overall result (95% LoA -9.76 to 12.8 vs. 95% LoA -63.39 to 49.25). The two observers had very poor agreement. Conclusion: With IHC, cell counting using Histoquest software benefits the experienced observer/user since it gives highly consistent results compared to the manual method, with the additional benefits of being more objective and very much less time consuming. The software cannot be used by the inexperienced observer, as it cannot overcome that individual's lack of knowledge and produces erroneous results.",scopus,llm,1.000,unreviewed,,doi:10.1109/icstc.2018.8528285
discarded,QCAN: Normalising congruent SPARQL queries,J. Salas,2018,Ceur Workshop Proceedings,,https://www.scopus.com/inward/record.uri?partnerID=HzOxMe3b&scp=85055319145&origin=inward,"supports-claim; adjacent-subtopic; normalisation of programs, queries or documents for comparison; not values of a data type",,scopus,llm_reviewed,0.900,changed,kept->discarded,hash:9687af627bd539df
