status,title,authors,year,venue,doi,url,tags,abstract,provider,decision_source,llm_confidence,llm_review_outcome,llm_change_direction,paper_id
discarded,MAC/FAC: A Model of Similarity‐Based Retrieval,Kenneth D. Forbus; Dedre Gentner; Keith Law,1995,Cognitive Science,10.1207/s15516709cog1902_1,https://openalex.org/W2078294512,adjacent-subtopic,"We present a model of similarity‐based retrieval that attempts to capture three seemingly contradictory psychological phenomena: (a) structural commonalities are weighed more heavily than surface commonalities in similarity judgments for items in working memory; (b) in retrieval, superficial similarity is more important than structural similarity; and yet (c) purely structural (analogical) remindings e sometimes experienced. Our model, MAC/FAC, explains these phenomena in terms of a two‐stage process. The first stage uses a computationally cheap, non‐structural matcher to filter candidate long‐term memory items. It uses content vectors, a redundant encoding of structured representations whose dot product estimates how well the corresponding structural representations will match. The second stage uses SME (structure‐mapping engine) to compute structural matches on the handful of items found by the first stage. We show the utility of the MAC/FAC model through a series of computational experiments: (a) We demonstrate that MAC/FAC can model patterns of access found in psychological data; (b) we argue via sensitivity analyses that these simulation results rely on the theory; and (c) we compare the performance of MAC/FAC with ARCS, an alternate model of similarity‐based retrieval, and demonstrate that MAC/FAC explains the data better than ARCS. Finally, we discuss limitations and possible extensions of the model, relationships with other recent retrieval models, and place MAC/FAC in the context of other recent work on the nature of similarity.",openalex,llm,0.990,unreviewed,,doi:10.1207/s15516709cog1902_1
discarded,Sestrin2 is induced by glucose starvation via the unfolded protein response and protects cells from non-canonical necroptotic cell death,Boxiao Ding; Anita Parmigiani; Ajit S. Divakaruni; Kellie J. Archer; Anne N. Murphy; Andrei V. Budanov,2016,Scientific Reports,10.1038/srep22538,https://openalex.org/W2325422538,off-topic-false-hit,"Sestrin2 is a member of a family of stress responsive proteins, which controls cell viability via antioxidant activity and regulation of the mammalian target of rapamycin protein kinase (mTOR). Sestrin2 is induced by different stress insults, which diminish ATP production and induce energetic stress in the cells. Glucose is a critical substrate for ATP production utilized via glycolysis and mitochondrial respiration as well as for glycosylation of newly synthesized proteins in the endoplasmic reticulum (ER) and Golgi. Thus, glucose starvation causes both energy deficiency and activation of ER stress followed by the unfolding protein response (UPR). Here, we show that UPR induces Sestrin2 via ATF4 and NRF2 transcription factors and demonstrate that Sestrin2 protects cells from glucose starvation-induced cell death. Sestrin2 inactivation sensitizes cells to necroptotic cell death that is associated with a decline in ATP levels and can be suppressed by Necrostatin 7. We propose that Sestrin2 protects cells from glucose starvation-induced cell death via regulation of mitochondrial homeostasis.",openalex,llm,1.000,unreviewed,,doi:10.1038/srep22538
discarded,Normal forms and conservative properties for query languages over collection types,Limsoon Wong,1993,,10.1145/153850.153853,https://openalex.org/W2011101258,adjacent-subtopic,"Strong normalization results are obtained for a general language for collection types. An induced normal form for sets and bags is then used to show that the class of functions whose input has height (that is, the maximal depth of nestings of sets/bags/lists in the complex object) at most i and output has height at most o definable in a nested relational query language without powerset operator is independent of the height of intermediate expressions used. Our proof holds regardless of whether the language is used for querying sets, bags, or lists, even in the presence of variant types. Moreover, the normal forms are useful in a general approach to query optimization. Paredaens and Van Gucht proved a similar result for the special case when i = o = 1. Their result is complemented by Hull and Su who demonstrated the failure of independence when powerset operator is present and i = o = 1. The theorem of Hull and Su was generalized to all i and o by Grumbach and Vianu. Our result generalizes Paredaens and Van Gucht's to all i and o, providing a counterpart to the theorem of Grumbach and Vianu.",openalex,llm,0.860,unreviewed,,doi:10.1145/153850.153853
discarded,Advantages and Limitations of Quantum Routing,Aniruddha Bapat; Andrew M. Childs; Alexey Vyacheslavovich Gorshkov; Eddie Schoute,2023,PRX Quantum,10.1103/prxquantum.4.010313,https://openalex.org/W4319047544,adjacent-subtopic,"The Swap gate is a ubiquitous tool for moving information on quantum hardware, yet it can be considered a classical operation because it does not entangle product states. Genuinely quantum operations could outperform Swap for the task of permuting qubits within an architecture, which we call routing. We consider quantum routing in two models: (1) allowing arbitrary two-qubit unitaries, or (2) allowing Hamiltonians with norm-bounded interactions. We lower bound the circuit depth or time of quantum routing in terms of spectral properties of graphs representing the architecture interaction constraints, and give a generalized upper bound for all simple connected $n$-vertex graphs. In particular, we give conditions for a superpolynomial classical-quantum routing separation, which exclude graphs with a small spectral gap and graphs of bounded degree. Finally, we provide examples of a quadratic separation between gate-based and Hamiltonian routing models with a constant number of local ancillas per qubit and of an $Ω(n)$ speedup if we also allow fast local interactions.",openalex,llm,0.990,unreviewed,,doi:10.1103/prxquantum.4.010313
discarded,Comparison of nonlinear mappings for reduced-order modelling of vibrating structures: normal form theory and quadratic manifold method with modal derivatives,Alessandra Vizzaccaro; Loïc Salles; Cyril Touzé,2020,Nonlinear Dynamics,10.1007/s11071-020-05813-1,https://openalex.org/W3041068260,off-topic-false-hit,"Abstract The objective of this contribution is to compare two methods proposed recently in order to build efficient reduced-order models for geometrically nonlinear structures. The first method relies on the normal form theory that allows one to obtain a nonlinear change of coordinates for expressing the reduced-order dynamics in an invariant-based span of the phase space. The second method is the modal derivative approach, and more specifically, the quadratic manifold defined in order to derive a second-order nonlinear change of coordinates. Both methods share a common point of view, willing to introduce a nonlinear mapping to better define a reduced-order model that could take more properly into account the nonlinear restoring forces. However, the calculation methods are different and the quadratic manifold approach has not the invariance property embedded in its definition. Modal derivatives and static modal derivatives are investigated, and their distinctive features in the treatment of the quadratic nonlinearity are underlined. Assuming a slow/fast decomposition allows understanding how the three methods tend to share equivalent properties. While they give proper estimations for flat symmetric structures having a specific shape of nonlinearities and a clear slow/fast decomposition between flexural and in-plane modes, the treatment of the quadratic nonlinearity makes the predictions different in the case of curved structures such as arches and shells. In the more general case, normal form approach appears preferable since it allows correct predictions of a number of important nonlinear features, including the hardening/softening behaviour, whatever the relationships between slave and master coordinates are.",openalex,llm,0.990,unreviewed,,doi:10.1007/s11071-020-05813-1
discarded,Reconstruction of normal forms by learning informed observation geometries from data,Or Yair; Ronen Talmon; Ronald R. Coifman; Ioannis G. Kevrekidis,2017,Proceedings of the National Academy of Sciences,10.1073/pnas.1620045114,https://openalex.org/W2745846861,off-topic-false-hit,"The discovery of physical laws consistent with empirical observations is at the heart of (applied) science and engineering. These laws typically take the form of nonlinear differential equations depending on parameters; dynamical systems theory provides, through the appropriate normal forms, an ""intrinsic"" prototypical characterization of the types of dynamical regimes accessible to a given model. Using an implementation of data-informed geometry learning, we directly reconstruct the relevant ""normal forms"": a quantitative mapping from empirical observations to prototypical realizations of the underlying dynamics. Interestingly, the state variables and the parameters of these realizations are inferred from the empirical observations; without prior knowledge or understanding, they parametrize the dynamics intrinsically without explicit reference to fundamental physical quantities.",openalex,llm,0.990,unreviewed,,doi:10.1073/pnas.1620045114
discarded,Overlapping block-balanced canonical forms for various classes of linear systems,Bernard Hanzon; Raimund J. Ober,1998,Linear Algebra and its Applications,10.1016/s0024-3795(98)10056-3,https://openalex.org/W2037371917,qualifies-claim; adjacent-subtopic; matrix/system normal form in mathematics or control,"Through the use of balanced realizations it has been possible to derive parametrizations and canonical forms for various classes of minimal linear systems of given dimension. A possible problem of these parametrizations is that they are not overlapping. This could be a drawback for the application of balanced parametrizations in such areas as system identification, model reduction and optimization. It is the topic of this paper to derive overlapping parametrizations which are closely related to the existing balanced parametrizations. We first introduce input-normal canonical forms which are defined through a novel way of choosing nice selections of columns of the reachability matrix. These canonical forms provide overlapping parametrizations in the sense that they form a real analytic atlas of the manifold of systems which are considered. Then we introduce so-called block-balanced input normal forms which use the previously constructed input normal forms as building blocks. The classes of systems for which such parametrizations are given are the stable minimal systems, positive-real minimal systems, bounded-real minimal systems and the class of all minimal systems of given McMillan degree. The results include both the single-input single-output and the multivariable case. In the single-input single-output case, however, the issue of choosing nice selections of columns does not occur. Therefore in this case the derivation and presentation of the results is considerably simplified. (C) 1998 Published by Elsevier Science Inc. All rights reserved.",openalex,llm_reviewed,0.760,changed,kept->discarded,doi:10.1016/s0024-3795(98)10056-3
discarded,The non-canonical LMS algorithm (NCLMS): characteristics and analysis,W.S. Gan; J.J. Soraghan; R.W. Stewart; T.S. Durrani,1991,"[Proceedings] ICASSP 91: 1991 International Conference on Acoustics, Speech, and Signal Processing",10.1109/ICASSP.1991.150835,https://ieeexplore.ieee.org/document/150835/,adjacent-subtopic,"The authors present analysis and simulations of an LMS (least mean square) based adaptive filtering algorithm called the NCLMS (non-canonical LMS). Rather than using the standard FIR (finite impulse response) filter as for the LMS algorithm, a modified structure called the NCFIR (non-canonical FIR) is used. The NCFIR allows a faster VLSI implementation than the conventional FIR. A comparison of the performances of the NCLMS and conventional LMS algorithm is presented for an inverse system modeling application. Simulation results are given which show a reduced EMSE (excess mean square error) level and an improved performance in an impulsive noise environment for the NCLMS over the LMS algorithm.<>",ieee,llm,0.990,unreviewed,,doi:10.1109/icassp.1991.150835
discarded,The Underlying Complexities Impacting Accelerator Decision Making—A Combined Methodological Analysis,Kelvin E. Donne; David L. Hughes; Michael D. Williams; Gareth H. Davies,2023,IEEE Transactions on Engineering Management,10.1109/TEM.2020.3041558,https://ieeexplore.ieee.org/document/9321717/,off-topic-false-hit,"Business accelerators play a key role in the initial critical stages of assessment of commercial viability, offering mentorship provision of funding and protection of intellectual property (IP) for product development and refinement. However, little is known about the decision-making criteria and detailed analysis of the underlying criteria and interdependencies between the key factors used by accelerator organizations to fund start-ups. This article focuses on the decision-making criteria utilized by a leading £21M accelerator program, largely funded by the European Regional Development Fund for initial stage funding and IP protection for product and innovation commercialization. We incorporate a multimethodological interpretive-based approach based on Day's “Real-Win-Worth” framework to develop the interrelationships and ranking between the factors. The results highlight the significance and weighting attached to the factors associated with the technical competency of the proposer and evidence of demand existing for the product. We propose a new framework that models the key factor interrelationships offering additional insight to accelerator-based decision making.",ieee,llm,1.000,unreviewed,,doi:10.1109/tem.2020.3041558
discarded,A comparative study between flatness-based control with an exact observer and functional observer-based feedback control,Safa Amara; Mohamed Ben Abdallah; Meriem Hamdoun; Mounir Ayadi,2025,"2025 11th International Conference on Control, Decision and Information Technologies (CoDIT)",10.1109/CoDIT66093.2025.11321698,https://ieeexplore.ieee.org/document/11321698/,off-topic-false-hit,"This paper presents a comparative study between flatness-based control and functional observer-based feedback control, with a focus on how each method addresses control tasks in systems with complex dynamics. Both control strategies are widely utilized in applications such as robotics, aerospace, and automotive systems, where efficient and reliable control is essential. The paper explores the key principles, advantages, and limitations of each approach, providing a detailed comparison of their applicability, design complexity and robustness. Our paper builds on our previous work [11] which focused exclusively on flatness-based control for the Ball Balancing Table (BBT) and its simulation results. We now extend this by comparing it with a functional observer-based feedback controller for the same system.",ieee,llm,0.990,unreviewed,,doi:10.1109/codit66093.2025.11321698
discarded,Efficient Verification and Optimization of Real-Time Logic-Specified Systems,Ştefan Andrei; Albert Mo Kim Cheng,2009,IEEE Transactions on Computers,10.1109/TC.2009.79,https://ieeexplore.ieee.org/document/5066964/,adjacent-subtopic,"Embedded and real-time systems are increasingly common and complex, requiring formal specification and verification in order to guarantee their satisfaction of desirable safety and timing requirements. Real-Time Logic (RTL) has been used to capture both the specification (denoted by SP) of a real-time system and the desirable safety assertions (denoted by SA) with respect to this system specification. A verification procedure then determines whether the safety assertions hold with respect to the system specification. However, the satisfiability problem for RTL (i.e., ""Can SP \rightarrow SA hold?”), as well as for other first order logics, is undecidable. Consequently, efforts have been focused on identifying nontrivial classes of formulas sufficiently practical for describing industrial real-time systems for which the verification and debugging can be done via efficient heuristics. One such class of formulas is the so-called path RTL. The first contribution of this paper is to extend the existing path RTL class without sacrificing the time complexity of the traditional path RTL heuristic for verification. This implies that we can specify and verify real-time systems, which we were unable to do using the existing path RTL, in the extended path RTL. For real-time systems with large specifications, there is a lot of room for improvement in the algorithms used for verification and debugging. The second contribution of this paper is an efficient method to perform verification and debugging of real-time systems specifications using decomposition techniques. Our idea is to decompose the constraint graph, used in existing approaches, into independent subgraphs so that it is no longer necessary to analyze the entire specification at once, but rather its individual and smaller components. However, none of the above heuristics necessarily finds an “optimal implication.” After verifying SP \rightarrow SA and deploying the system implementing SP, performance changes as a result of power saving, faulty components, and cost saving in the processing platform for the tasks specified in SP affect the computation times of the specified tasks. This leads to a different but related SP, which would violate the original SP \rightarrow SA theorem if SA remains the same. It is desirable, therefore, to determine an optimal SP with the slowest possible computation times for its tasks such that the SA is still guaranteed. This is clearly a fundamental issue in the design and implementation of highly dependable real-time/embedded systems. The third contribution of this paper tackles this fundamental issue by describing a new method for relaxing SP and tightening SA such that SP \rightarrow SA is still a theorem. We have implemented this method in the Java-based DEVO-RTL tool and tested it on several industrial real-time systems. Experimental results show that only about 10 percent of the running time of the heuristic for the verification of SP \rightarrow SA is needed to find an optimal theorem.",ieee,llm,0.980,unreviewed,,doi:10.1109/tc.2009.79
discarded,Faster Verification of RTL-Specified Systems via Decomposition and Constraint Extension,Stefan Andrei; Albert Mo Kim Cheng,2006,2006 27th IEEE International Real-Time Systems Symposium (RTSS'06),10.1109/RTSS.2006.23,https://ieeexplore.ieee.org/document/4032337/,adjacent-subtopic,"Embedded and real-time systems are increasingly common and complex, requiring formal specification and verification in order to guarantee their satisfaction of desirable safety and timing requirements. Real-Time Logic (RTL) has been used to capture both the specification of a real-time system and the desirable safety assertions with respect to this system specification. A verification procedure then determines whether the safety assertions hold with respect to the system specification. However, the satisfiability problem for RTL, as well as for other first-order logics, is undecidable. Consequently, efforts have been focused on identifying non-trivial classes of formulas sufficiently practical for describing industrial real-time systems for which the verification and debugging can be done via efficient heuristics. One such class of formulas is the so-called path RTL. The first contribution of this paper is to extend the existing path RTL class without sacrificing the time complexity of the traditional path RTL heuristic for verification. This implies that we can specify and verify real-time systems, which we were unable to do using the existing path RTL, in the extended path RTL. For real-time systems with large specifications, there is a lot of room for improvement in the algorithms used for verification and debugging. The second contribution of this paper is an efficient method to perform verification and debugging of real-time systems specifications using decomposition techniques. Our idea is to decompose the constraint graph, used in existing approaches, into independent subgraphs so that it is no longer necessary to analyze the entire specification at once, but rather its individual and smaller components. We have implemented this method in the Java-based DEVA-RTL tool and tested it on several industrial real-time systems.",ieee,llm,0.980,unreviewed,,doi:10.1109/rtss.2006.23
