status,title,authors,year,venue,doi,url,tags,abstract,provider,decision_source,llm_confidence,llm_review_outcome,llm_change_direction,paper_id
discarded,Formal verification of combinational circuits,J. Jain; A. Narayan; M. Fujita; A. Sangiovanni-Vincentelli,1997,Proceedings Tenth International Conference on VLSI Design,10.1109/ICVD.1997.568079,https://ieeexplore.ieee.org/document/568079/,supports-claim; adjacent-subtopic; canonical representation in hardware verification or data structures; the cited BDD/graph examples carry the point,"With the increase in the complexity of present day systems, proving the correctness of a design has become a major concern. Simulation based methodologies are generally inadequate to validate the correctness of a design with a reasonable confidence. More and more designers are moving towards formal methods to guarantee the correctness of their designs. In this paper we survey some state-of-the-art techniques used to perform automatic verification of combinational circuits. We classify the current approaches for combinational verification into two categories functional and structural. The functional methods consist of representing a circuit as a canonical decision diagram. Two circuits are equivalent if and only if their decision diagrams are equal. The structural methods consist of identifying related nodes in the circuit and using them to simplify the problem of verification. We briefly describe some of the methods in both the categories and discuss their merits and drawbacks.",ieee,llm_reviewed,0.990,changed,kept->discarded,doi:10.1109/icvd.1997.568079
discarded,IEEE Draft Standard for Wireless Access in Vehicular Environments--Security Services for Applications and Management Messages,,2022,"P1609.2/D11, August 2022",,https://ieeexplore.ieee.org/document/9873873/,adjacent-subtopic,"Secure message formats and processing for use by Wireless Access in Vehicular Environments (WAVE) devices are defined in this standard, including methods to secure WAVE management messages and methods to secure application messages. Administrative functions necessary to support the core security functions are also described.",ieee,llm,0.990,unreviewed,,hash:a6400c5c014054f8
discarded,Kaleido: An Efficient Out-of-core Graph Mining System on A Single Machine,Cheng Zhao; Zhibin Zhang; Peng Xu; Tianqi Zheng; Jiafeng Guo,2020,2020 IEEE 36th International Conference on Data Engineering (ICDE),10.1109/ICDE48307.2020.00064,https://ieeexplore.ieee.org/document/9101636/,adjacent-subtopic,"Graph mining is one of the most important categories of graph algorithms. However, exploring the subgraphs of an input graph produces a huge amount of intermediate data. The ""think like a vertex"" programming paradigm, pioneered by Pregel, cannot readily formulate mining problems, which is designed to produce graph computation problems like PageRank. Existing mining systems like Arabesque and RStream need large amounts of computing and memory resources. In this paper, we present Kaleido, an efficient single machine, out-of-core graph mining system which treats disks as an extension of memory. Kaleido treats intermediate data in graph mining tasks as a tensor and adopts a succinct data structure for the intermediate data. Kaleido implements half-memory-half-disk storage for storing large intermediate data, which treats the disk as an extension of the memory. Kaleido adopts a lightweight isomorphism checking strategy which uses an eigenvalue-based algorithm for small graphs and solves tree isomorphism for the other graphs. Comparing with two state-of-the-art mining systems, Arabesque and RStream, Kaleido outperforms them by a GeoMean 13.2× and 64.8× respectively.",ieee,llm,0.930,unreviewed,,doi:10.1109/icde48307.2020.00064
discarded,Automated Code Generation for Industrial-Strength Systems,Thomas Weigert; Frank Weil; Aswin van den Berg; Paul Dietz; Kevin Marth,2008,2008 32nd Annual IEEE International Computer Software and Applications Conference,10.1109/COMPSAC.2008.26,https://ieeexplore.ieee.org/document/4591598/,adjacent-subtopic,"Model-driven engineering proposes to develop software systems by first creating an executable model of the system design and then transforming this model into an implementation. This paper discusses the design of an automatic code generation system that transforms such models into product implementations for highly reliable, industrial-strength systems. It provides insights, practical considerations, and lessons learned when developing code generators for applications that must conform to the constraints imposed by real-world, high-performance systems. Automatic code generation has played a large part in dramatically increasing both the quality and the reliability of software for these systems.",ieee,llm,0.970,unreviewed,,doi:10.1109/compsac.2008.26
discarded,Bloom Filter Based Associative Deletion,Jiangbo Qian; Qiang Zhu; Yongli Wang,2014,IEEE Transactions on Parallel and Distributed Systems,10.1109/TPDS.2013.223,https://ieeexplore.ieee.org/document/6589587/,adjacent-subtopic,"Bloom filters are widely-used powerful tools for processing set membership queries. However, they are not entirely suitable for many new applications, such as deleting one attribute value according to another attribute value for a set of data objects/items with two correlated attributes. In this paper, we introduce a concept for such an operation, called the associative deletion. To realize this operation, we propose a new Bloom filter data structure, named IABF (Improved Associative deletion Bloom Filter), which keeps the association information on the two correlated attributes of items in the given data set. Based on IABF, we present an algorithm to perform associative deletions, which can be applied to both normal data and streaming data. To further accelerate the operation, we also illustrate a hardware coprocessor implementation for a crucial component of the algorithm. Detailed theoretical analysis and experimental results demonstrate that the presented IABF technique can accurately process associative deletions with controlled false positive and negative rates.",ieee,llm,0.980,unreviewed,,doi:10.1109/tpds.2013.223
discarded,Confidence-Aware Spatial-Temporal Attention Graph Convolutional Network for Skeleton-Based Expert-Novice Level Classification,Tatsuki Seino; Naoki Saito; Takahiro Ogawa; Satoshi Asamizu; Miki Haseyama,2024,"ICASSP 2024 - 2024 IEEE International Conference on Acoustics, Speech and Signal Processing (ICASSP)",10.1109/ICASSP48485.2024.10445994,https://ieeexplore.ieee.org/document/10445994/,off-topic-false-hit,"A skeleton-based expert-novice level classification method via Confidence-aware Spatial-Temporal Attention Graph Convolutional Network (ConfSTA-GCN) is presented in this paper. The main contribution of this paper is the realization of the accurate expert-novice level classification by introducing a confidence-aware attention mechanism to the Graph Convolutional Network (GCN)-based classification approach. The expert-novice level classification approach introducing an attention mechanism has a problem that the emphasized features may not be important for accurate classification, which may lead to poor classification performance. To deal with this problem, ConfSTA-GCN introduces the confidence-aware attention mechanism that controls the influence of attention based on the classification confidence measure. Consequently, ConfSTA-GCN solves the problem of the attention mechanism and enables accurate classification. The effectiveness of ConfSTA-GCN for the expert-novice level classification was verified from the experimental results.",ieee,llm,0.990,unreviewed,,doi:10.1109/icassp48485.2024.10445994
discarded,(No)good Recording and ROBDDs for Solving Structured (V)CSPs,Karim Boutaleb; Philippe Jegou; Cyril Terrioux,2006,2006 18th IEEE International Conference on Tools with Artificial Intelligence (ICTAI'06),10.1109/ICTAI.2006.1,https://ieeexplore.ieee.org/document/4031912/,supports-claim; qualifies-claim; adjacent-subtopic; canonical representation in hardware verification or data structures; the cited BDD/graph examples carry the point,"It was shown that constraint satisfaction problems (CSPs) with a low width can be solved efficiently by structural methods. However, these methods often present an important drawback: they generally require a large amount of memory space, what makes their use difficult or impossible. For instance, the BTD method solves efficiently difficult instances thanks to the recording of goods and nogoods. As this recording may require an exponential memory size, the exploitation of a compact data structure is crucial. In this paper, we propose to store (no)goods in binary decision diagrams (BDD). BDDs are data structures which efficiently represent informations in a compact and canonical form. Finally, we assess the practical interest of this tradeoff which allows to save space memory and consequently to solve problems that cannot be solved without BDDs",ieee,llm_reviewed,0.920,changed,kept->discarded,doi:10.1109/ictai.2006.1
discarded,MinHash Hierarchy for Privacy Preserving Trajectory Sensing and Query,Jiaxin Ding; Chien-Chun Ni; Mengyu Zhou; Jie Gao,2017,2017 16th ACM/IEEE International Conference on Information Processing in Sensor Networks (IPSN),,https://ieeexplore.ieee.org/document/7944776/,adjacent-subtopic,"In this work, we study privacy preserving trajectory sensing and query when n mobile entities (e.g., mobile devices or vehicles) move in an environment of m checkpoints (e.g, WiFi or cellular towers). The checkpoints detect the appearances of mobile entities in the proximity, meanwhile, employ the MinHash signatures to record the set of mobile entities passing by. We build on the checkpoints a distributed data structure named the MinHash hierarchy, with which one can efficiently answer queries regarding popular paths and other traffic patterns. The MinHash hierarchy has a total of near linear storage, linear construction cost, and logarithmic update cost. The cost of a popular path query is logarithmic in the number of checkpoints. Further, the MinHash signature provides privacy protection using a model inspired by the differential privacy model. We evaluated our algorithm using a large mobility data set and compared with previous works to demonstrate its utilities and performances.",ieee,llm,0.980,unreviewed,,hash:bf3d656858239cfd
discarded,Probabilistic construction and manipulation of Free Boolean Diagrams,A. Shen; S. Devadas; A. Ghosh,1993,Proceedings of 1993 International Conference on Computer Aided Design (ICCAD),10.1109/ICCAD.1993.580112,https://ieeexplore.ieee.org/document/580112/,qualifies-claim; adjacent-subtopic; canonical representation in hardware verification or data structures; the cited BDD/graph examples carry the point,"We propose a data structure for Boolean functions termed the Free Boolean Diagram (FBD). We extend a previous result to show that the equivalence of two Free Boolean Diagrams can be decided probabilistically in polynomial time. Based on the equivalence checking method, we develop a set of algorithms for the probabilistic construction of Free Boolean Diagrams from multilevel combinational logic circuits, and for their manipulation. These algorithms are modified versions of ordered Binary Decision Diagram manipulation methods. We provide the implementation details of a Free Boolean Diagram package. Results on applying this package to problems in combinational logic verification are presented.",ieee,llm_reviewed,0.840,changed,kept->discarded,doi:10.1109/iccad.1993.580112
discarded,Probabilistic manipulation of Boolean functions using free Boolean diagrams,A. Shen; S. Devadas; A. Ghosh,1995,IEEE Transactions on Computer-Aided Design of Integrated Circuits and Systems,10.1109/43.363122,https://ieeexplore.ieee.org/document/363122/,qualifies-claim; adjacent-subtopic; canonical representation in hardware verification or data structures; the cited BDD/graph examples carry the point,"We propose a data structure for Boolean functions termed ""the free Boolean diagram."" A free Boolean diagram allows decision vertices as in the conventional binary decision diagram, but also allows function vertices corresponding to the AND and XOR functions. It has been shown previously that the equivalence of two free Boolean diagrams can be decided probabilistically in polynomial time. Based on the equivalence checking method, we develop a set of algorithms for the probabilistic construction of free Boolean diagrams from multilevel combinational logic circuits, and for their manipulation. These algorithms are modified versions of reduced, ordered binary decision diagram manipulation methods. We provide the implementation details of a free Boolean diagram package. We show that functions difficult to verify using reduced, ordered binary decision diagrams can be verified using the free Boolean diagrams package using substantially less memory.<>",ieee,llm_reviewed,0.940,changed,kept->discarded,doi:10.1109/43.363122
discarded,Synthesis of Power and Delay Optimized NIG structures,Padmanabhan Balasubramanian; D. A. Edwards,2007,2007 Canadian Conference on Electrical and Computer Engineering,10.1109/CCECE.2007.65,https://ieeexplore.ieee.org/document/4232724/,adjacent-subtopic,"Structuring and mapping of a Boolean function is an important problem in the design of digital combinatorial circuits. Library aware constructive decomposition offers a solution to this problem. Compact multi-level representation of binary networks, based on simple circuit structures, such as AND-inverter graphs (AIG) [1] [5], NAND graphs, OR-inverter graphs (OIG), AND-XOR-inverter graphs, reduced Boolean circuits [8] does exist in literature. In this work, we discuss a novel efficient synthesis method for combinational logic circuits, represented using a NAND-inverter graph (NIG), which is composed of only two-input NAND (NAND2) and inverter (INV) cells. The networks are constructed on the basis of irredundant disjunctive normal forms, comprising terms with minimal cardinality. Construction of a NIG for a non-regenerative function in normal form would be straightforward, whereas for the opposite phase, it would be developed by considering a virtual instance of the function. However, the choice of best NIG for a given function would be based upon node count and cell count needed for actual implementation at the technology independent stage. We compare the power efficiency and delay improvement achieved by optimal NIGs over minimal AIGs and OIGs for some case studies. In comparison with functionally equivalent and redundant AIGs, NIGs report mean savings in power and delay of 33.76% and 18.57% respectively, after technology mapping with a 0.35 micron TSMC CMOS process. For a similar comparison with OIGs, NIGs demonstrate average savings in power and delay of 45.67% and 20.92% respectively.",ieee,llm,0.940,unreviewed,,doi:10.1109/ccece.2007.65
discarded,On the dimensionality of steady-state vowel normalization,D. Friedman,1986,"ICASSP '86. IEEE International Conference on Acoustics, Speech, and Signal Processing",10.1109/ICASSP.1986.1168760,https://ieeexplore.ieee.org/document/1168760/,off-topic-false-hit,"Vowel classification is considered from the viewpoint of cluster separation in a vector space, with Mahalanobis distance as the criterion. The number of significant axes of variation needed to characterize each speaker, weighted with respect to cluster separation, is found from actual formant data to be on the order of four, and the potential improvement in separation accountable to structure in the data is estimated at about 3 db by comparison with results for the same procedure applied to random data.",ieee,llm,0.990,unreviewed,,doi:10.1109/icassp.1986.1168760
discarded,Design and implementation of the UIMA Common Analysis System,T. Gotz; O. Suhre,2004,IBM Systems Journal,10.1147/sj.433.0476,https://ieeexplore.ieee.org/document/5386746/,adjacent-subtopic,"The Common Analysis System (CAS) is the subsystem in the Unstructured Information Management Architecture (UIMA) that handles data exchanges between the various UIMA components, such as analysis engines and unstructured information management applications. CAS supports data modeling via a type system independent of programming language, provides data access through a powerful indexing mechanism, and provides support for creating annotations on text data. In this paper we cover the CAS design philosophy, discuss the major design decisions, and describe some of the implementation details.",ieee,llm,0.970,unreviewed,,doi:10.1147/sj.433.0476
discarded,Efficient management of time-evolving databases,V.J. Tsotras; B. Gopinath; G.W. Hart,1995,IEEE Transactions on Knowledge and Data Engineering,10.1109/69.404032,https://ieeexplore.ieee.org/document/404032/,adjacent-subtopic,"Efficiently managing the history of a time-evolving system is one of the central problems in many database environments, like database systems that incorporate versioning, or object-oriented databases that implicitly or explicitly maintain the history of persistent objects. In this paper we propose algorithms that reconstruct past states of an evolving system for two general cases, i.e., when the system's state is represented by a set or by a hierarchy (a forest of trees). Sets are widely used as a canonical form of representing information in databases or program states. For more complex applications, like schema evolution in object-oriented databases, it becomes necessary to manage the history of data structures that have the form of forests or even graphs. The proposed algorithms use minimal space (proportional to the number of changes occurring in the evolution) and have the advantage of being on-line (in the amortized sense). Any past system state s(t) is reconstructed in time O.<>",ieee,llm,0.900,unreviewed,,doi:10.1109/69.404032
discarded,A feasibility and performance study of dependency inference (database design),D. Bitton; J. Millman; S. Torgersen,1989,[1989] Proceedings. Fifth International Conference on Data Engineering,10.1109/ICDE.1989.47271,https://ieeexplore.ieee.org/document/47271/,adjacent-subtopic,"The feasibility of inferring functional dependencies from an example relation is investigated. The problem occurs in the context of automatic database design, when a tool is needed to assist the database designer in the process of specifying logical dependencies. The complexity of the dependency inference problem is inherently exponential. However, algorithms could be developed that perform well when the input relation has certain characteristics. Two such algorithms for dependency inference are implemented and optimized. An extensive set of experiments is presented, in which dependencies were inferred from example relations with different cardinalities, number of attributes, and degree of normalization. It is concluded that for practical example relations, an adequate implementation of a dependence inference function leads to acceptable interactive response times.<>",ieee,llm,0.980,unreviewed,,doi:10.1109/icde.1989.47271
discarded,Efficient graph based representation of multi-valued functions with an application to genetic algorithms,B. Becker; R. Drechsler,1994,Proceedings of 24th International Symposium on Multiple-Valued Logic (ISMVL'94),10.1109/ISMVL.1994.302218,https://ieeexplore.ieee.org/document/302218/,adjacent-subtopic,"We present a new general data structure for representation of multi-valued input, multi-valued output functions, called function graphs (FG). Ordered FGs are shown to be a canonical form. We investigate read-once FGs and show that type-restricted FGs are also canonical. We use FGs for multi-valued set representation and manipulation. They allow efficient manipulation algorithms for set operations, e.g. union and intersection. An application to genetic algorithms (GAs) is presented in more detail. A population is represented by a multi-rooted FG. It is shown by experimental results that this new representation is very efficient and superior to other data structures for GAs.<>",ieee,llm,0.780,unreviewed,,doi:10.1109/ismvl.1994.302218
