status,title,authors,year,venue,doi,url,tags,abstract,provider,decision_source,llm_confidence,llm_review_outcome,llm_change_direction,paper_id
discarded,A cost-effective enzymatic strategy for high-efficiency aril removal and quality preservation in Torreya grandis nuts during the postripening stage,"Gao, Yadi; Chen, Shanshan; Fang, Di'er; Wei, Xixing; Chu, Tiansheng; Farag, Mohamed A.; Diao, Songfeng; Yu, Weiwu; Song, Lili; Gan, Yi; Hu, Yuanyuan",2026,LWT-FOOD SCIENCE AND TECHNOLOGY,10.1016/j.lwt.2026.119961,https://www.webofscience.com/wos/woscc/full-record/WOS:001882228300001,off-topic-false-hit,"Torreya grandis is an economic nut tree endemic to southern China. Aril removal is necessary for the post-ripening and processing of its nuts. However, due to the high cost of batch harvesting, production often involves harvesting large quantities of uncracked nuts, making aril removal time-consuming and labor-intensive, and often causing serious damage. In this study, we systematically optimized the enzymatic peeling process through three sequential steps: screening for effective pre-treatments to overcome the waxy cuticle barrier, conducting singlefactor experiments coupled with Response Surface Methodology (RSM) to identify optimal conditions, and performing comparative evaluation of two enzymatic peeling processes (knife cutting plus enzymatic peeling, namely KCE; and chemical dewaxing plus enzymatic peeling, namely DWE). The results showed that physical incisions made by knife cutting and a composite chemical dewaxing agent consisting of 600 mL/L ethanol and 50 g/L sucrose fatty acid ester, effectively overcame the waxy barrier. The optimal conditions were identified as follows: pH 4.0, 34 degrees C, 274 mL/L enzyme concentration and a volume proportion of 3.5:3:1 (Vpectinase: Vcellulase: Vhemicellulase). Additionally, both KCE and DWE significantly increased water-soluble pectin and degraded cellulose, facilitating efficient peeling while markedly reducing off-flavor volatiles (terpinen-4-ol and 2-octanone). Compared to DWE, KCE offered shorter processing time (30 vs. 50 min) and longer enzyme longevity (8 vs. 4 cycles). This technology enhances peeling efficiency and product quality, providing a sustainable and effective strategy for T. grandis nuts, which may also be applicable to other nut species.",wos,llm,1.000,unreviewed,,doi:10.1016/j.lwt.2026.119961
discarded,Nitrogen-Driven Microbial Functional Rewiring Dictates Soil Carbon Dynamics in High-Altitude Apple Orchards: A Metagenomic Perspective,"Huang, Wenqiang; Wu, Zheng; Tong, Lingchen; Hu, Minghang; Liu, Shuang; Han, Yanying; Zhang, Guangyu; Ye, Yanhui",2026,JOURNAL OF SOIL SCIENCE AND PLANT NUTRITION,10.1007/s42729-026-03570-5,https://www.webofscience.com/wos/woscc/full-record/WOS:001882764900001,off-topic-false-hit,"Understanding the impacts of nitrogen (N) fertilization on soil carbon (C) and N cycling, and the underlying micro-ecological mechanisms, is critical for alpine agroecosystems. This study investigates these non-linear dynamics to address the knowledge gap in high-altitude perennial orchard systems. We conducted a continuous six-year N addition gradient experiment (initiated in 2019) with four rates (0, 150, 300, and 450 kg ha(-)& sup1; yr(-)& sup1;) in a Xizang alpine apple orchard. Our methodology integrated metagenomic binning to reconstruct metagenome-assembled genomes (MAGs), extracellular enzyme assays, and soil organic carbon (SOC) physical and biochemical fractionation. SOC accumulation followed a non-linear trajectory, peaking under the 300 kg ha(-)& sup1; yr(-)& sup1; (N300) treatment with a 39.3% increase relative to the unfertilized control. Genome-resolved analysis revealed that N300 synergistically enhanced cellobiohydrolase and beta-1,4-N-acetylglucosaminidase activities. This coincided with higher relative abundances of multifunctional coupled microbial taxa (e.g., Pyrinomonadales), and was accompanied by the highest fungal necromass carbon and a 38.21% increase in particulate organic carbon (POC). Conversely, the 450 kg ha(-)& sup1; yr(-)& sup1; (N450) treatment induced severe soil acidification and significantly inhibited polyphenol oxidase activity by 30.56%. This triggered C-N functional decoupling as the microbial community shifted toward N-degradation-dominated taxa like Rhodanobacter spp. Although N450 reduced active C proportions, it was accompanied by a 46.69% increase in MAOC, consistent with a potential contribution of bacterial necromass to mineral-associated C formation. Soil C pool differentiation is governed by a cascading pathway spanning from environmental filtering through functional rewiring. Within the tested N gradient, the N300 treatment provided the most favorable balance between SOC accumulation, microbial functional coordination, and labile C maintenance in this alpine orchard system. Furthermore, excessive N application poses a clear trade-off, where enhanced MAOC sequestration comes at the cost of severe soil acidification and a substantial decline in active carbon pools.",wos,llm,1.000,unreviewed,,doi:10.1007/s42729-026-03570-5
discarded,Thermal energy storage performance of encapsulated palm waste derived bio based phase change materials for solar cooling applications,"Shehram, Muhammad",2026,JOURNAL OF ENERGY STORAGE,10.1016/j.est.2026.124611,https://www.webofscience.com/wos/woscc/full-record/WOS:001881339000001,off-topic-false-hit,"The increasing cooling demand and high electricity consumption of conventional air-conditioning systems have intensified interest in sustainable thermal energy storage solutions. This study presents a comprehensive review of solar cooling systems integrated with encapsulated palm waste derived bio based phase change materials for building applications. Particular emphasis is placed on thermal energy storage performance, including latent heat storage capacity, charging discharging behavior, thermal regulation, and load-shifting capability under tropical climatic conditions. The study evaluates the integration of bio-based phase change materials in absorption, adsorption, desiccant, and photovoltaic (PV) driven cooling systems while examining techno-economic and environmental performance. Palm-based materials with phase transition temperatures of 20-30 degrees C and latent heat capacities of 150-220 kJ kg(-1) demonstrate strong suitability for cooling-oriented thermal energy storage. Storage integration improves cooling continuity, enhances solar utilization, and reduces peak thermal loads, achieving energy savings of 20-40% and solar fractions of 60-70%. Economic analysis indicates that palmbased materials provide lower cost compared with conventional paraffin-based storage materials, with payback periods of 3-8 years despite encapsulation expenses. Environmental assessment further demonstrates significant carbon emission reduction potential. Encapsulated palm waste derived materials represent a promising low carbon thermal energy storage solution for sustainable solar cooling applications.",wos,llm,1.000,unreviewed,,doi:10.1016/j.est.2026.124611
discarded,Representative virtual heliostat: A reduced-order approach to accelerate flux estimation for a central receiver tower system,"Yadav, Aditya; Raj, Manish; Bhattacharya, Jishnu",2026,SOLAR ENERGY,10.1016/j.solener.2026.115116,https://www.webofscience.com/wos/woscc/full-record/WOS:001882088900001,off-topic-false-hit,"Flux estimation over the receiver surface is critical in design and analysis of a concentrating solar power (CSP) system based on heliostat field and central receiver tower. Monte Carlo ray tracing (MCRT) provides high accuracy in estimating flux distribution. However, it is computationally too expensive to be employed for yearround estimation for various sun-positions, or for different receiver geometries, for a large heliostat field of practical use. To address this limitation, a novel method is developed in the current study where a reduced-order framework based on Representative Virtual Heliostats (RVH) is introduced. In the present approach, particle swarm optimization (PSO) is employed to identify one or more RVHs which reproduce the optical signature of the full heliostat field on the receiver-vertical plane via utilization of only a fraction of the computational resource. Optimization minimises the deviation between the flux distribution generated by the RVHs and that obtained from the full-field MCRT. For a heliostat field of small width, a single RVH suffices. On the other hand, for large heliostat fields, multiple RVHs are introduced to preserve directional variation in the incident flux distribution. A scaling strategy is implemented to maintain parity in the input energy between the full-field MCRT and the RVH ray tracing. The proposed methodology is tested against the full-field MCRT across multiple sun positions spread through a year. It is demonstrated that the RVH-based novel method can effectively expedite feasibility estimation for the flux distribution on the receiver vertical plane with minimal loss of accuracy.",wos,llm,0.990,unreviewed,,doi:10.1016/j.solener.2026.115116
discarded,Electrode Architecture Effects on Lithium-Ion Battery Aging: A Pseudo-Two-Dimensional Modeling Approach,"Giusti, Irene; De Santis, Marella; Poli, Federico; Piancastelli, Luca; Liverani, Alfredo",2026,JOURNAL OF ELECTROCHEMICAL ENERGY CONVERSION AND STORAGE,10.1115/1.4072410,https://www.webofscience.com/wos/woscc/full-record/WOS:001882251100003,off-topic-false-hit,"This study investigates the electrochemical performance and aging behavior of lithium-ion batteries (LIBs), focusing on the architectural effects of electrode and separator geometries alongside active material particle sizes. A pseudo-two-dimensional (P2D) model is employed to simulate lithium intercalation, solid diffusion, and coupled thermal behavior across a full-factorial design space. Despite its one-dimensional formulation, the model provides an optimal balance between computational efficiency and comparative predictive capability. A range of cell configurations is analyzed by varying anode, cathode, and separator thicknesses, as well as particle sizes, to assess their coupled impact on cell performance. The results demonstrate that while smaller particle diameters mitigate solid-state diffusion limitations and enhance capacity retention specifically under high C-rates, minimizing separator thickness significantly reduces inactive mass fractions, boosting baseline specific capacity even in designs with larger commercial particles. However, higher electrode loadings lead to increased volumetric heat-generation rates, particularly within thicker electrode configurations. A comparative assessment is also conducted in terms of cell mass, enabling the estimation of specific energy and power scaled to a standard format. Although limited to relative heat-generation trends by the one-dimensional thermal approximation, the results provide practical guidelines for advanced LIB design, successfully balancing electrochemical performance, volumetric engineering, and computational cost.",wos,llm,1.000,unreviewed,,doi:10.1115/1.4072410
discarded,Variational Stokes method applied to free surface boundaries in numerical geodynamical models using the staggered-grid finite-difference discretisation,"Gray, Timothy S.; Tackley, Paul J.; Gerya, Taras V.",2026,GEOSCIENTIFIC MODEL DEVELOPMENT,10.5194/gmd-19-8839-2026,https://www.webofscience.com/wos/woscc/full-record/WOS:001882319800001,off-topic-false-hit,"Accurately and efficiently modelling topographic evolution is a key challenge in geodynamic modelling, which requires the solution of the Stokes equations with free surface boundary conditions. While finite difference methods on staggered grids, as used in geodynamic modelling codes such as StagYY, I3ELVIS and LaMEM, offer strong computational performance and compatibility with multigrid solvers, the use of fixed Eulerian grids complicates the implementation of realistic, deformable free surfaces. Two existing methods are available to model free surface boundary conditions in such codes: the commonly used sticky-air method, which suffers from limitations relating to high viscosity contrasts, and the ""staircase"" method, which improves upon the sticky air method by imposing free surface boundary conditions at cell boundaries.To address the limitations of existing methods of implementing free surface boundary conditions, this study investigates an alternative variational discretisation of the Stokes equations that uses volume fractions to represent a smooth surface within a fixed Eulerian grid, allowing the imposition of accurate free surface boundary conditions while allowing it to bypass the limitations of existing free surface discretisation methods.The variational Stokes method is demonstrated to be an accurate and computationally efficient alternative to existing methods. It reproduces results comparable to existing methods while reducing computational cost and enabling broader applications, including non-zero surface tractions, complex surface loading, and compatibility with 3D spherical geometries.",wos,llm,0.990,unreviewed,,doi:10.5194/gmd-19-8839-2026
discarded,Early Versus Delayed Percutaneous Coronary Intervention in Patients With NSTEMI and Stable Heart Failure,"Hanif, Muhammad; Bhat, Vivek; Mufarreh, Anthony; Chaudhuri, Debanik; Kalra, Ankur",2026,CATHETERIZATION AND CARDIOVASCULAR INTERVENTIONS,10.1002/ccd.70861,https://www.webofscience.com/wos/woscc/full-record/WOS:001882914300001,off-topic-false-hit,"Background Early percutaneous coronary intervention (PCI) has been shown to improve outcomes in certain high-risk patients with non-ST-segment elevation myocardial infarction (NSTEMI), but its optimal timing in those with stable heart failure (HF) remains unclear. Aim We aimed to compared 1 month and 1 year cardiovascular outcomes between early (< 24 h) and delayed (>= 24 h) PCI in patients with NSTEMI with stable HF. Methods We identified adults with both NSTEMI and HF in TriNetX, then divided them based on PCI timing. We excluded patients with decompensated HF, STEMI, or pregnancy. Cohorts were then balanced using propensity-score matching, with standardized mean difference < 0.1. Our primary outcome was a composite of all-cause mortality, HF exacerbation, recurrent myocardial infarction (MI), and ventricular tachycardia/fibrillation (VT/VF). Secondary outcomes included individual primary outcome components, acute kidney injury, and major bleeding. Outcomes were assessed at 1 month and 1 year, expressed as relative risks (RR) with 95% confidence intervals (CI). Results After matching, we included 2249 patients in each cohort. After PSM, the mean age of the early PCI cohort was 69.3 +/- 11.5 years, while that of the delayed PCI cohort was 69.2 +/- 11.7 years, with 35% women. Hypertension (84.8%), hyperlipidemia (67.2%), and diabetes mellitus (53.1%) were the most prevalent comorbidities. Patients included both HF with preserved and reduced ejection fraction (HFpEF and HFrEF). Early PCI was associated with a higher risk of the primary outcome at both 1 month (RR = 1.23, 95% CI: 1.15-1.31, p < 0.01) and 1 year (RR = 1.12, 95% CI: 1.07-1.18, p < 0.01), compared with delayed PCI. Early PCI was associated with higher risk of recurrent MI at both time points, while risk of all-cause mortality and VT/VF were similar. Risk of HF exacerbation was higher with early PCI at 1 month but was comparable at 1 year. Conclusion In patients with NSTEMI and stable HF, early PCI was associated with higher risk of adverse cardiovascular outcomes, warranting further investigation in this understudied subgroup.",wos,llm,1.000,unreviewed,,doi:10.1002/ccd.70861
discarded,Floxels: Fast Unsupervised Voxel Based Scene Flow Estimation,"Hoffmann, David T.; Raza, Syed Haseeb; Jiang, Hanqiu; Tananaev, Denis; Klingenhoefer, Steffen; Meinke, Martin",2025,2025 IEEE/CVF CONFERENCE ON COMPUTER VISION AND PATTERN RECOGNITION (CVPR),10.1109/CVPR52734.2025.02080,https://www.webofscience.com/wos/woscc/full-record/WOS:001601158200402,adjacent-subtopic,"Scene flow estimation is a foundational task for many robotic applications, including robust dynamic object detection, automatic labeling, and sensor synchronization. Two types of approaches to the problem have evolved: 1) Supervised and 2) optimization-based methods. Supervised methods are fast during inference and achieve high-quality results, however, they are limited by the need for large amounts of labeled training data and are susceptible to domain gaps. In contrast, unsupervised test-time optimization methods do not face the problem of domain gaps but usually suffer from substantial runtime, exhibit artifacts, or fail to converge to the right solution. In this work, we mitigate several limitations of existing optimization-based methods. To this end, we 1) introduce a simple voxel grid-based model that improves over the standard MLP-based formulation in multiple dimensions and 2) introduce a new multi-frame loss formulation. 3) We combine both contributions in our new method, termed Floxels. On the Argoverse 2 benchmark, Floxels is surpassed only by EulerFlow among unsupervised methods while achieving comparable performance at a fraction of the computational cost. Floxels achieves a massive speedup of more than similar to 60 - 140x over EulerFlow, reducing the runtime from a day to 10 minutes per sequence. Over the faster but low-quality baseline, NSFP, Floxels achieves a speedup of similar to 14x.",wos,llm,0.980,unreviewed,,doi:10.1109/cvpr52734.2025.02080
discarded,Age-dependent properties of fine fractions from landfill mining: implications for resource recovery,"Chen, Ping; Yang, Yijian; Bian, Yi; Qiu, Yufeng; Zheng, Kangqi; Guo, Qi-Meng; Zhan, Liang-Tong; Yang, Dong; Li, Shuisheng",2026,JOURNAL OF MATERIAL CYCLES AND WASTE MANAGEMENT,10.1007/s10163-026-02732-y,https://www.webofscience.com/wos/woscc/full-record/WOS:001880786100001,off-topic-false-hit,"The sustainable utilization of fine fractions from landfill mining remains a key challenge in waste management. This study examines geotechnical and environmental characteristics of soil-like fine fractions (< 15 mm) from the Woqishan landfill, China, with an apparent age range of 23-37 years. Observed age-dependent trends reflect combined biochemical degradation and physical processes. With increasing storage period and depth, organic content, particle size (D60), hydraulic conductivity (0.247 to 0.183 mm/s), and internal friction angle decreased, while specific gravity, water-holding capacity (375.1 to 502.2 g/kg), and cohesion increased. D60 and hydraulic conductivity are the most influential parameters governing engineering performance. The fine fractions have a sandy loam texture and abundant nutrients (N, P, K), but heavy metal concentrations exceed safety standards for direct agricultural use. Particles < 2 mm account for 50% of the mass yet contain > 90% of total heavy metals (Cu, Zn, Cd, Ni, Pb). We therefore recommend screening at 2 mm as pretreatment. The coarse fraction (2-15 mm) is relatively clean and suitable for direct engineering use, while the fine fraction (< 2 mm) is treated and then reused for non-food applications or recombined with the coarse fraction. This approach reduces pretreatment costs and enhance efficiency in large-scale resource utilization. Highlights Studied wastes storage period reached 37 years, 15 years beyond literature records. Strong correlations were observed between geotechnical properties and storage period. Heavy metals tend to accumulate in the fine fractions with a particle size <2 mm.",wos,llm,1.000,unreviewed,,doi:10.1007/s10163-026-02732-y
discarded,Effects of austenitizing time on microstructure and hydrogen environment-assisted cracking behavior of M54 steel,"Dong, Lijin; Dong, Caiyun; Liu, Jiuyun; Liao, Yunbo; Zheng, Huaibei; Liu, Tingyao; Wang, Qinying",2026,CORROSION ENGINEERING SCIENCE AND TECHNOLOGY,10.1177/1478422X261490217,https://www.webofscience.com/wos/woscc/full-record/WOS:001881167800001,off-topic-false-hit,"Ferrium M54 steel offers a cost-effective alternative to AerMet 100, achieving comparable strength and toughness through reduced Co content and additions of W, Nb, and Ti. However, hydrogen environment-assisted cracking (HEAC) is a critical concern for the engineering application of this steel. This study investigated the effect of austenitizing time on the microstructure and HEAC behavior of M54 steel. Microstructure analyses through optical microscopy, X-ray diffraction, electron backscatter diffraction, and transmission electron microscopy revealed that extending austenitizing time beyond 75 min led to noticeable grain growth, dissolution of MC carbides and a reduction of the austenite volume fraction. The prior austenite grain boundaries acted as the preferential pathway for hydrogen atoms to diffuse in M54 steel. The hydrogen diffusion coefficient, crack growth rate and HEAC susceptibility exhibited a peak value after austenitizing treatment for 75 min, which may be due to the combined effect of the austenite fraction and prior austenite grain size. This work elucidates how a specific austenitizing treatment can reduce HEAC risks and proposes an optimized austenitizing protocol for M54 steel.",wos,llm,1.000,unreviewed,,doi:10.1177/1478422x261490217
