status,title,authors,year,venue,doi,url,tags,abstract,provider,decision_source,llm_confidence,llm_review_outcome,llm_change_direction,paper_id
discarded,Parallel Implementation of the Accelerated Integer GCD Algorithm,Kenneth Weber,1996,Journal of Symbolic Computation,10.1006/jsco.1996.0025,https://openalex.org/W1977991821,adjacent-subtopic,"Abstract The accelerated integer greatest common divisor (GCD) algorithm has been shown to be one of the most efficient in practice. This paper describes a parallel implementation of the accelerated algorithm for the Sequent Balance, a shared-memory multiprocessor. For input of roughly 10 000 digits, it displays speed-ups of 1.6, 2.5, 3.4 and 4.0 using 2, 4, 8 and 16 processors, respectively.",openalex,llm,0.940,unreviewed,,doi:10.1006/jsco.1996.0025
discarded,A generalization of the binary GCD algorithm,Tudor Jebelean,1993,,10.1145/164081.164102,https://openalex.org/W1998153213,adjacent-subtopic,"A generalization of the binary algorithm for operation at 'word level"" by using a new concept of 'modular conjugates"" computes the GCD of multiprecision integers two times faster than Lehmer-Euclid method.Most importantly, however, the new algorithm is suitable for systolic parallelization, in 'least-significant digits jirst"" pipelined manner and for aggregation with other systolic algorithms for the arithmetic of multiprecision rational numbers.",openalex,llm,0.870,unreviewed,,doi:10.1145/164081.164102
discarded,Improperly parametrized rational curves,Thomas W. Sederberg,1986,Computer Aided Geometric Design,10.1016/0167-8396(86)90025-7,https://openalex.org/W2026722217,off-topic-false-hit,,openalex,llm,0.980,unreviewed,,doi:10.1016/0167-8396(86)90025-7
discarded,Adaptive Precision Floating-Point Arithmetic and Fast Robust Geometric Predicates,Jonathan Richard Shewchuk,1997,Discrete & Computational Geometry,10.1007/pl00009321,https://openalex.org/W2119352997,adjacent-subtopic,,openalex,llm,0.960,unreviewed,,doi:10.1007/pl00009321
discarded,Revised 6 Report on the Algorithmic Language Scheme,Michael Sperber; R. Kent Dybvig; Matthew Flatt; ANTON VAN STRAATEN; Robby Bruce Findler; Jacob Matthews,2009,Journal of Functional Programming,10.1017/s0956796809990074,https://openalex.org/W2101225843,"supports-claim; adjacent-subtopic; other revision of the cited Scheme report (R5RS), same numerator/denominator text","Abstract Programming languages should be designed not by piling feature on top of feature, but by removing the weaknesses and restrictions that make additional features appear necessary. Scheme demonstrates that a very small number of rules for forming expressions, with no restrictions on how they are composed, suffice to form a practical and efficient programming language that is flexible enough to support most of the major programming paradigms in use today. Scheme was one of the first programming languages to incorporate first-class procedures as in the lambda calculus, thereby proving the usefulness of static scope rules and block structure in a dynamically typed language. Scheme was the first major dialect of Lisp to distinguish procedures from lambda expressions and symbols, to use a single lexical environment for all variables, and to evaluate the operator position of a procedure call in the same way as an operand position. By relying entirely on procedure calls to express iteration, Scheme emphasized the fact that tail-recursive procedure calls are essentially gotos that pass arguments. Scheme was the first widely used programming language to embrace first-class escape procedures, from which all previously known sequential control structures can be synthesized. A subsequent version of Scheme introduced the concept of exact and inexact number objects, an extension of Common Lisp's generic arithmetic. More recently, Scheme became the first programming language to support hygienic macros, which permit the syntax of a block-structured language to be extended in a consistent and reliable manner.",openalex,llm_reviewed,0.880,changed,kept->discarded,doi:10.1017/s0956796809990074
discarded,Revised 4 report on the algorithmic language scheme,Harold Abelson; R. Kent Dybvig; Christopher T. Haynes; Guillermo Juan Rozas; N. I. Adams; Daniel P. Friedman; Eugene E. Kohlbecker; Guy Lewis Steele; D. H. Bartley; Robert H. Halstead; D. Oxley; Gerald Jay Sussman; Gregory W. Brooks; Chris Hanson; Kent M. Pitman; Mitchell Wand,1991,ACM SIGPLAN Lisp Pointers,10.1145/382130.382133,https://openalex.org/W2050613794,"supports-claim; adjacent-subtopic; other revision of the cited Scheme report (R5RS), same numerator/denominator text","The report gives a defining description of the programming language Scheme. Scheme is a statically scoped and properly tail-recursive dialect of the Lisp programming language invented by Guy Lewis Steele Jr. and Gerald Jay Sussman. It was designed to have an exceptionally clear and simple semantics and few different ways to form expressions. A wide variety of programming paradigms, including imperative, functional, and message passing styles, find convenient expression in Scheme.",openalex,llm_reviewed,0.880,changed,kept->discarded,doi:10.1145/382130.382133
discarded,"Design, implementation, and evaluation of the constraint language cc(FD)",Pascal Van Hentenryck; Vijay Saraswat; Yves Deville,1998,The Journal of Logic Programming,10.1016/s0743-1066(98)10006-7,https://openalex.org/W2067273780,adjacent-subtopic,"This paper describes the design, implementation, and applications of the constraint logic language cc(FD). cc(FD) is a declarative nondeterministic constraint logic language over finite domains based on the cc framework [33], an extension of the Constraint Logic Programming (CLP) scheme [21]. Its constraint solver includes (nonlinear) arithmetic constraints over natural numbers which are approximated using domain and interval consistency. The main novelty of cc (FD) is the inclusion of a number of general-purpose combinators, in particular cardinality, constructive disjunction, and blocking implication, in conjunction with new constraint operations such as constraint entailment and generalization. These combinators significantly improve the operational expressiveness, extensibility, and flexibility of CLP languages and allow issues such as the definition of nonprimitive constraints and disjunctions to be tackled at the language level. The implementation of cc (FD) (about 40,000 lines of C) includes a WAM-based engine [44], optimal are-consistency algorithms based on AC-5 [40], and incremental implementation of the combinators. Results on numerous problems, including scheduling, resource allocation, sequencing, packing, and hamiltonian paths are reported and indicate that cc(FD) comes close to procedural languages on a number of combinatorial problems. In addition, a small cc(FD) program was able to find the optimal solution and prove optimality to a famous 10/10 disjunctive scheduling problem [29], which was left open for more than 20 years and finally solved in 1986. (C) 1998 Elsevier Science Inc. All rights reserved.",openalex,llm,0.950,unreviewed,,doi:10.1016/s0743-1066(98)10006-7
discarded,Computing exact rational offsets of quadratic triangular Bézier surface patches,Bohumír Bastl; Bert Jüttler; Jiří Kosinka; Miroslav Lávička,2007,Computer-Aided Design,10.1016/j.cad.2007.10.008,https://openalex.org/W1965207295,off-topic-false-hit,"The offset surfaces to non-developable quadratic triangular Bezier patches are rational surfaces. In this paper we give a direct proof of this result and formulate an algorithm for computing the parameterization of the offsets. Based on the observation that quadratic triangular patches are capable of producing C(1) smooth surfaces, we use this algorithm to generate rational approximations to offset surfaces of general free-form surfaces. (c) 2007 Elsevier Ltd. All rights reserved.",openalex,llm,0.980,unreviewed,,doi:10.1016/j.cad.2007.10.008
discarded,"Boolean operations on 3D selective Nef complexes: Data structure, algorithms, optimized implementation and experiments",Peter Hachenberger; Lutz Kettner; Kurt Mehlhorn,2007,Computational Geometry,10.1016/j.comgeo.2006.11.009,https://openalex.org/W2155657794,adjacent-subtopic,"Nef polyhedra in d-dimensional space are the closure of half-spaces under boolean set operations. In consequence, they can represent non-manifold situations, open and closed sets, mixed-dimensional complexes, and they are closed under all boolean and topological operations, such as complement and boundary. They were introduced by W. Nef in his seminal 1978 book on polyhedra. The generality of Nef complexes is essential for some applications.

In this paper, we present a new data structure for the boundary representation of three-dimensional Nef polyhedra and efficient algorithms for boolean operations. We use exact arithmetic to avoid well-known problems with floating-point arithmetic and handle all degeneracies. Furthermore, we present important optimizations for the algorithms, and evaluate this optimized implementation with extensive experiments. The experiments supplement the theoretical runtime analysis and illustrate the effectiveness of our optimizations. We compare our implementation with the ACIS CAD kernel. ACIS is mostly faster, by a factor up to six. There are examples on which ACIS fails.

The implementation was released as Open Source in the Computational Geometry Algorithm Library (CGAL) release 3.1 in December 2004. (c) 2007 Elsevier B.V. All rights reserved.",openalex,llm,0.960,unreviewed,,doi:10.1016/j.comgeo.2006.11.009
discarded,Secure Authentication for Remote Patient Monitoring with Wireless Medical Sensor Networks,Thaier S. Hayajneh; Bassam Jamil Mohd; Muhammad Ali Imran; Ghada Almashaqbeh; Athanasios V. Vasilakos,2016,Sensors,10.3390/s16040424,https://openalex.org/W2310266561,off-topic-false-hit,"There is broad consensus that remote health monitoring will benefit all stakeholders in the healthcare system and that it has the potential to save billions of dollars. Among the major concerns that are preventing the patients from widely adopting this technology are data privacy and security. Wireless Medical Sensor Networks (MSNs) are the building blocks for remote health monitoring systems. This paper helps to identify the most challenging security issues in the existing authentication protocols for remote patient monitoring and presents a lightweight public-key-based authentication protocol for MSNs. In MSNs, the nodes are classified into sensors that report measurements about the human body and actuators that receive commands from the medical staff and perform actions. Authenticating these commands is a critical security issue, as any alteration may lead to serious consequences. The proposed protocol is based on the Rabin authentication algorithm, which is modified in this paper to improve its signature signing process, making it suitable for delay-sensitive MSN applications. To prove the efficiency of the Rabin algorithm, we implemented the algorithm with different hardware settings using Tmote Sky motes and also programmed the algorithm on an FPGA to evaluate its design and performance. Furthermore, the proposed protocol is implemented and tested using the MIRACL (Multiprecision Integer and Rational Arithmetic C/C++) library. The results show that secure, direct, instant and authenticated commands can be delivered from the medical staff to the MSN nodes.",openalex,llm,0.990,unreviewed,,doi:10.3390/s16040424
discarded,An algorithm for computing Jordan chains and inverting analytic matrix functions,Jon Wilkening,2007,Linear Algebra and its Applications,10.1016/j.laa.2007.06.012,https://openalex.org/W1974370014,off-topic-false-hit,"We present an efficient algorithm for obtaining a canonical system of Jordan chains for an n x n regular analytic matrix function A (lambda) that is singular at the origin. For any analytic vector function b(lambda), we show that each term in the Laurent expansion of A(lambda)(-1) b(lambda) may be obtained from the previous terms by solving an (n + d) x (n + d) linear system, where d is the order of the zero of del A (lambda) at lambda = 0. The matrix representing this linear system contains A (0) as a principal submatrix, which can be useful if A (0) is sparse. The last several iterations can be eliminated if left Jordan chains are computed in addition to right Jordan chains. The performance of the algorithm in floating point and exact (rational) arithmetic is reported for several test cases. The method is shown to be forward stable in floating point arithmetic. (c) 2007 Elsevier Inc. All rights reserved.",openalex,llm,0.940,unreviewed,,doi:10.1016/j.laa.2007.06.012
discarded,Early termination in sparse interpolation algorithms,Erich Kaltofen; Wen-shin Lee,2003,Journal of Symbolic Computation,10.1016/s0747-7171(03)00088-9,https://openalex.org/W2126318803,adjacent-subtopic,"A probabilistic strategy, early termination, enables different interpolation algorithms to adapt to the degree or the number of terms in the target polynomial when neither is supplied in the input. In addition to dense algorithms, we implement this strategy in sparse interpolation algorithms. Based on early termination, racing algorithms execute simultaneously dense and sparse algorithms. The racing algorithms can be embedded as the univariate interpolation substep within Zippel's multivariate method. In addition, we experimentally verify some heuristics of early termination, which make use of thresholds and post-verification. (C) 2003 Elsevier Ltd. All rights reserved.",openalex,llm,0.950,unreviewed,,doi:10.1016/s0747-7171(03)00088-9
discarded,Rational arithmetic units in computer systems,Michael J. Flynn; Oskar Mencer,2000,,,https://openalex.org/W135879513,adjacent-subtopic,"Computer arithmetic remains important as we move to systems-on-a-chip that dedicate large areas for special-purpose arithmetic units. System application areas such as signal processing, multimedia, and mobile computing require the evaluation of functions as fast as possible with as little power as possible. It is well known that rational approximations and continued fractions offer fast approximations and efficient algorithms to compute rational functions. Due to the difficulty of converting between continued fractions and binary numbers continued fractions have been impractical for the design of computer systems. 
Rational arithmetic is about division of two numbers, division of polynomials and/or division of digits. Continued fractions (CFs) enable the development of divide-add structures for digits of rational numbers. Continued fraction arithmetic deals with computing rational functions where input and output values are represented as simple continued fractions. The basic remaining problems of previous work are threefold: choosing the optimal CF-digit representation, converting between simple continued fractions and binary numbers, and error control. 
The M-log-Fraction Transform (MFT), introduced in this work, solves all three problems. Instant conversion is shown to be related to the distance between the '1's of the binary number. Applying M-log-Fractions to continued fraction arithmetic algorithms reduces the complexity of the implementation of the CF algorithm to shift-and-add structures, or more specifically, digit-serial arithmetic algorithms for computing rational functions. A multiplication-based scheme can be used to evaluate higher-degree rational approximations. 
This thesis demonstrates two applications of the MFT: (1) a rational arithmetic unit computing functions such as (ax+b)/(cx+d) in a shift-and-add-based structure. (2) the evaluation of rational approximations (continued fraction approximations in a multiplication-based structure. 
The MFT bridges the gap between continued fractions and the binary number representation, enabling the design of a new class of efficient rational arithmetic units and the efficient evaluation of rational approximations.",openalex,llm,0.830,unreviewed,,hash:f770bf56c419f768
discarded,A core library for robust numeric and geometric computation,Vijay Karamcheti; C. Li; Igor Pechtchanski; Chee Keng Yap,1999,,10.1145/304893.304989,https://openalex.org/W2012369998,adjacent-subtopic,"Nonrobustness is a well-known problem in many areas of computational science.Until now, robustness techniques and the construction of robust algorithms have been the province of experts in this field of research.We describe a new C/C++ library (CORE) for robust numeric and geometric computation based on the principles of Exact Geometric Computation (EGC).Through our library, for the first time, any programmer can write robust and efficient algorithms.The Core Library is based on a novel numerical core that is powerful enough to support EGC for algebraic problems.This is coupled with a simple delivery mechanism which transparently extends conventional C/C++ programs into robust codes.We are currently addressing efficiency issues in our library: (a) at the compiler and language level, (b) at the level of incorporating EGC techniques, as well as the (c) the system integration of both (a) and (b).Pilot experimental results are described.The basic library is availableathttp://cs.nyu.edu/exact/core/andtheC++-to-C compiler is under development.1 INTRODUCTION Numerical non-robustness is well-known in many areas of computational sciences and engineering [7].Nonrobustness in this paper1 refers to what is sometimes known as ""catastrophic errors"": errors that cause programs to enter unanticipated states and hence crash.In applications areas such as physical simulation and geometric modeling and design, the underlying geometry lWe are only interested in catastrophic errors that arise from numerical approximations.Th e computing literature often refers to preformance issues such as scalability of algorithms as ""robustness issues"".Such issues are also outside OUT scope.",openalex,llm,0.940,unreviewed,,doi:10.1145/304893.304989
discarded,The mpFq library and implementing curve-based key exchanges,Pierrick Gaudry; Emmanuel Thomé,2007,HAL (Le Centre pour la Communication Scientifique Directe),,https://openalex.org/W2145696290,off-topic-false-hit,International audience,openalex,llm,0.940,unreviewed,,hash:7bcb56f94c2ab4c0
discarded,A computational status update for exact rational mixed integer programming,Leon Eifler; Ambros Gleixner,2022,Mathematical Programming,10.1007/s10107-021-01749-5,https://openalex.org/W3122393325,adjacent-subtopic,"Abstract The last milestone achievement for the roundoff-error-free solution of general mixed integer programs over the rational numbers was a hybrid-precision branch-and-bound algorithm published by Cook, Koch, Steffy, and Wolter in 2013. We describe a substantial revision and extension of this framework that integrates symbolic presolving, features an exact repair step for solutions from primal heuristics, employs a faster rational LP solver based on LP iterative refinement, and is able to produce independently verifiable certificates of optimality. We study the significantly improved performance and give insights into the computational behavior of the new algorithmic components. On the MIPLIB 2017 benchmark set, we observe an average speedup of 10.7x over the original framework and 2.9 times as many instances solved within a time limit of two hours.",openalex,llm,0.940,unreviewed,,doi:10.1007/s10107-021-01749-5
discarded,Python Library Reference,Guido van Rossum,1999,"Centrum Wiskunde & Informatica (CWI), the national research institute for mathematics and computer science in the Netherlands",,https://openalex.org/W2232609331,adjacent-subtopic,"Python is an extensible, interpreted, object-oriented programming language. It supports a wide range of applications, from simple text processing scripts to interactive WWW browsers. While the Python Reference Manual describes the exact syntax and semantics of the language, it does not describe the standard library that is distributed with the language, and which greatly enhances its immediate usability. This library contains built-in modules (written in C) that provide access to system functionality such as file I/O that would otherwise be inaccessible to Python programmers, as well as modules written in Python that provide standardized solutions for many problems that occur in everyday programming. Some of these modules are explicitly designed to encourage and enhance the portability of Python programs. This library reference manual documents Python's standard library, as well as many optional library modules (which may or may not be available, depending on whether the underlying platform supports them and on the configuration choices made at compile time). It also documents the standard types of the language and its built-in functions and exceptions, many of which are not or incompletely documented in the Reference Manual. This manual assumes basic knowledge about the Python language. For an informal introduction to Python, see the Python Tutorial; the Python Reference Manual remains the highest authority on syntactic and semantic questions. Finally, the manual entitled Extending and Embedding the Python Interpreter describes how to add new extensions to Python and how to embed it in other applications.",openalex,llm,0.910,unreviewed,,hash:02c559202e5231a9
