status,title,authors,year,venue,doi,url,tags,abstract,provider,decision_source,llm_confidence,llm_review_outcome,llm_change_direction,paper_id
discarded,Cinnamaldehyde-lactic acid deep eutectic solvent modified chitosan composite film and its application in grape preservation,"Xu, Wanqin; Liu, Qun; Zeng, Xu; Sun, Xiaobo; Weng, Wuyin; Zhang, Yucang",2027,FOOD HYDROCOLLOIDS,10.1016/j.foodhyd.2026.113388,https://www.webofscience.com/wos/woscc/full-record/WOS:001884954100001,off-topic-false-hit,"To address the issues of non-degradability in traditional petroleum-based packaging materials and the limitations of chitosan (CS) films (e.g., poor mechanical properties, insufficient water resistance, and single functionality), this study incorporated a deep eutectic solvent (DES) composed of cinnamaldehyde (CIN) and DL-lactic acid (LA) into the CS matrix to fabricate high-performance composite films. The effect of DES content on the structure and properties of the composite films was investigated. FTIR and XPS analyses suggested that a fraction of the aldehyde groups of CIN participated in Schiff base formation with the amino groups of CS. Together with hydrogen-bond reorganization and LA induced protonation of CS amino groups, these interactions contributed to the regulation of the CS network. When the DES content was 60% of the dry weight of CS, the resulting CS(CIN: LA)60 film exhibited the optimal comprehensive performance: its tensile strength (TS) reached as high as 41.57 MPa; the water contact angle (WCA) was approximately 100 degrees, indicating good hydrophobicity; the water vapor transmission rate (WVTR) was reduced to 560.2 g/(m2 & sdot;24h); meanwhile, it possessed excellent ultraviolet (UV) shielding ability, remarkable anti-fogging performance, and good antibacterial activity. Grape preservation experiments demonstrated that the CS(CIN:LA)60 film could effectively inhibit microbial growth, reduce water loss, and delay fruit softening and the degradation of nutritional components. Compared with commercial polyethylene (PE) cling film, the composite film showed advantages in antibacterial activity, anti-fogging performance, and the maintenance of several grape quality attributes. This study provides a new strategy for the development of green food packaging materials.",wos,llm,1.000,unreviewed,,doi:10.1016/j.foodhyd.2026.113388
discarded,Multifunctional gel beads derived from coal gangue-phosphorus tailings layered double hydroxides for Cd(II) immobilization,"Zhao, Pei; Ye, Qinhan; Xia, Xuan; Xiao, Yang; Xin, Bingran; Li, Dou; Chen, Jinyi; Qiu, Xinhong",2026,GREEN AND SMART MINING ENGINEERING,10.1016/j.gsme.2026.04.002,https://www.webofscience.com/wos/woscc/full-record/WOS:001883276800001,off-topic-false-hit,"Remediating heavy metal-polluted soils requires not only effective contaminant immobilization but also water conservation and fertility restoration. In this study, polyacrylamide-layered double hydroxide gel beads (hereafter referred to as RFW-LDH beads, where RFW denotes Cd(II) remediation, fertilizer release, and water retention) were synthesized using solid wastes derived from coal gangue and phosphorus tailings. Their multifunctional performance, including Cd(II) immobilization, water retention, controlled fertilizer release, and magnetic recovery, was systematically evaluated. RFW-LDH beads exhibited excellent Cd(II) immobilization, primarily attributed to the synergistic contributions of polymer matrix complexation/coordination, LDH surface adsorption, and isomorphic substitution. Their stability was confirmed through the toxicity characteristic leaching procedure (TCLP), dry-wet cycling, and freeze-thaw tests. Sequential extraction further demonstrated the transformation of Cd into more stable fractions following remediation. Urea release from the beads was independent of environmental conditions and followed a two-stage pattern: an initial rapid release driven by surface swelling, followed by a slower diffusion-controlled phase. Swelling-deswelling and soil water-holding experiments showed that the beads effectively delayed evaporation and improved soil moisture retention. Plant toxicity assays revealed reduced Cd accumulation and mitigated phytotoxicity, while tissue carbon and nitrogen analyses confirmed enhanced soil fertility resulting from the encapsulated urea. Microbial community shifts indicated improved carbon and nitrogen cycling and overall enhancement of soil properties. Additionally, the incorporation of magnetic Fe3O4 imparted strong magnetic responsiveness, enabling rapid and nondestructive recovery under an external magnetic field. Collectively, the RFW-LDH beads integrate heavy metal immobilization, water retention, nutrient supply, and magnetic recovery into a single platform, offering a green, efficient, and sustainable strategy for remediating polluted soils.",wos,llm,1.000,unreviewed,,doi:10.1016/j.gsme.2026.04.002
discarded,Multiscale insights into the microstructure and mechanical behavior of Ag-doped Zr-based amorphous microwires,"Zhang, Peng; Liu, Jingshun; Yu, Shiyang; Ma, Yunfei; Ma, Shuang",2026,INTERMETALLICS,10.1016/j.intermet.2026.109567,https://www.webofscience.com/wos/woscc/full-record/WOS:001884146500001,off-topic-false-hit,"The effects of Ag-doping on the microstructure, thermal stability, and mechanical behavior of Zr53.5Cu29.5xNi5Al12Agx (x = 0-7 at.%) amorphous microwires (AMWs) were systematically investigated through experimental characterization combined with multiscale simulations. The results demonstrate that appropriate Agdoping significantly enhances the thermal stability and mechanical properties of Zr-based AMWs, with the Zr53.5Cu27.5Ni5Al12Ag2 (Ag2) AMW exhibiting a larger supercooled liquid region of 53.5 K, higher enthalpy change of 55.81 J/g, ultimate tensile strength of 2630 MPa, hardness of 6.3 GPa, and elastic modulus of 104.4 GPa ab initio molecular dynamics (AIMD) simulations reveal that 2 at.% Ag-doping reduces atomic-scale structural heterogeneity through enhanced atomic packing efficiency, increased fractions of icosahedral-like local structures, strengthened Zr-Ni and Cu-Al atomic correlations, and enlarged medium-range order size. These atomic-scale features enhance structural stability, thereby contributing to the improved thermal stability of the Ag2 AMW. Furthermore, classical molecular dynamics (MD) simulations provide atomistic insights into the deformation mechanisms during tensile loading, demonstrating that the Ag2 AMW maintains dispersed shear transformation zone (STZ) activation and homogeneous shear deformation at high strains, which is consistent with a reduced tendency for shear localization and a delayed development of dominant shear bands. In contrast, excessive Ag-doping is associated with STZ aggregation and promotes shear localization. These findings provide multiscale insights into the relationship between structural characteristics and macroscopic mechanical behavior, offering guidance for the design of high-performance Zr-based AMWs.",wos,llm,1.000,unreviewed,,doi:10.1016/j.intermet.2026.109567
discarded,Reduction of nanoparticle formation by humid air in single iron microparticle combustion,"Elsasser, Leon; Bonarens, Matthias; Li, Yuhang; Dreizler, Andreas; Li, Tao",2026,PROCEEDINGS OF THE COMBUSTION INSTITUTE,10.1016/j.proci.2026.106494,https://www.webofscience.com/wos/woscc/full-record/WOS:001881346600001,off-topic-false-hit,"Iron is a promising recyclable energy carrier in the metal fuel cycle; however, nanoparticle (NP) formation during combustion reduces fuel efficiency and raises emission concerns. While elevated particle temperatures are known to promote iron evaporation and NP formation, the role of ambient humidity in particle-tonanoparticle conversion remains unresolved. Here, single iron microparticles (51.5 +/- 3.2 mu m) were combusted in a drop-tube reactor under dry and humid atmospheres at nominal 20% and 40% O-2. Time-resolved dual-wavelength pyrometry and diffuse backlight illumination (DBI) at 10 kHz simultaneously resolved particle surface temperature, luminosity, diameter evolution, and NP cloud intensity from microparticle melting through NP formation to NP cloud detachment. Water mole fraction was quantified in situ using tunable diode laser absorption spectroscopy. Humid conditions with chi(H2O) approximate to 14-15% (v) reduce the apparent peak particle temperature by 6%-8%, causing an exponential decrease in iron vapor pressure and evaporative mass flux. As a result, NP onset is delayed, formation duration shortens (at nominal 20% O-2), and peak NP cloud intensity decreases by more than 80% compared to dry conditions. The suppressing effect of humidity exceeds the enhancement induced by increased oxygen concentration. Mechanistically, reduced vapor pressure and delayed transition to outward nanoparticle transport lower supersaturation and nucleation rates, thereby diminishing NP formation. These findings show that humidity fundamentally alters microparticle-to-nanoparticle conversion in iron combustion and provide quantitative benchmarks for predictive modeling and emission control in metal-fueled systems. Novelty and significance statement: This work presents the first quantitative, time-resolved investigation of humidity effects on nanoparticle formation during single iron microparticle combustion. Previous in situ studies correlated particle temperature with nanoparticle (NP) onset, primarily addressing effects of particle size and oxygen levels rather than humidity . Other investigations tracked NP cloud evolution without simultaneous quantitative surface-temperature measurements , while studies of humid iron flames did not isolate single-particle behavior. By combining full NP cloud tracking with simultaneous dual-wavelength surface-temperature measurements under controlled dry and humid atmospheres, this study enables a mechanistic assessment of how water vapor modifies evaporation, supersaturation, and microparticle-to-nanoparticle conversion. In addition, this work developed a novel optical setup for two-color pyrometry system using a single camera with an image doubler.",wos,llm,1.000,unreviewed,,doi:10.1016/j.proci.2026.106494
discarded,Phase transition analysis of mixed traffic string stability: Closed-form critical penetration rate and topology effects,"Wang, Xinrui; Yang, Panpan; Liu, Zhaolun",2026,PHYSICA A-STATISTICAL MECHANICS AND ITS APPLICATIONS,10.1016/j.physa.2026.132040,https://www.webofscience.com/wos/woscc/full-record/WOS:001884702900001,off-topic-false-hit,"The incremental deployment of connected and automated vehicles (CAVs) is producing a decades-long coexistence with human-driven vehicles (HDVs), while the minimum CAV fraction needed to stabilize this mixed traffic remains unknown, with reported thresholds ranging from a few percent to nearly half. This spread precludes a transferable deployment target, while the phase transition character and topology dependence of the stability boundary remain unclear. This paper removes the combinatorial barrier by recasting the multiplicative head-to-tail stability condition as an additive Lyapunov exponent. The criterion reduces to a scalar function of the HDV and CAV frequency responses. For a single-lane stream under linearized car-following dynamics, this yields a closed-form critical penetration rate. The resulting threshold is therefore a lower bound that excludes lane changing, communication delay, and actuator saturation. Within this scope, the stability transition exhibits mean-field finite-size scaling, with data collapse confirmed across platoon sizes from 50 to 1000 vehicles. In the large-system limit, random and structured deployments share the same threshold, so stability depends on the CAV fraction alone. Simulations confirm these analytical predictions within 1% and show robustness under nonlinear perturbations. The threshold also depends on information flow topology: under topology-appropriate gains, Multi-Successor Leading reduces the required CAV proportion by 70% relative to Predecessor Following. Application to 649 naturalistic trajectories from the HighD dataset reproduces the full range of reported thresholds as a monotonic function of CAV control aggressiveness.",wos,llm,1.000,unreviewed,,doi:10.1016/j.physa.2026.132040
discarded,Transferability of foundation MACE models to amorphous chemistry: Where they work and where they fail,"Malyi, Oleksandr I.; Usuga, Andres Felipe",2026,JOURNAL OF NON-CRYSTALLINE SOLIDS,10.1016/j.jnoncrysol.2026.124316,https://www.webofscience.com/wos/woscc/full-record/WOS:001882904100001,off-topic-false-hit,"Foundation machine-learning interatomic potentials have the potential to achieve first-principles-like accuracy at a significantly reduced computational cost, and have become one of the main breakthroughs in computational materials science. However, their transferability to new materials chemistry remains unclear. Motivated by this, herein, we benchmark 27 parameterizations derived from 16 foundation multi-atomic cluster expansion (MACE) pretrained models against density functional theory (DFT) energies for a set of 23 amorphous compounds generated by melt-quench molecular dynamics. We show that MACE generally preserves the ordering of structures but often distorts the energetic scale. Specifically, across 621 model-compound pairs, similar to 77% of fitted relative-energy slopes are below 1. In practical terms, these results suggest that a large fraction of MACE potentials are unable to predict the DFT distribution of local motifs in amorphous solids due to the underestimation of the energy difference between low and high-energy structural motifs abundant in amorphous solids. Among the tested models, MH-1/OMAT-PBE performs best overall with a weighted relative mean absolute error (MAE) of 0.02 eV/atom, followed by MH-0/OMAT-PBE and OMAT-0-M. However, the obtained results are highly chemistry-dependent. Specifically, amorphous oxides are described much more robustly than elemental networks, with weighted relative mean absolute errors of 0.02 and 0.09 eV/atom, respectively. The existence of the best overall model does not imply that the model is best for every compound, and hence, chemistry-aware model selection is essential for reliable amorphous-phase simulations.",wos,llm,0.990,unreviewed,,doi:10.1016/j.jnoncrysol.2026.124316
discarded,Assessing the effectiveness of barrier allocation strategies against the propagation of phytopathogens and pests with percolation,"Garcia Prieto, E. G.; Garcia Morales, G.; Silva Montiel, J. D.; Rosales Herrera, D.; Alvarado Garcia, J. R.; Fernandez Tellez, A.; Martinez Laguna, Y.; Lopez-Olguin, J. F.; Ramirez, J. E.",2026,CHAOS,10.1063/5.0349486,https://www.webofscience.com/wos/woscc/full-record/WOS:001884825900001,off-topic-false-hit,"We investigate the connectivity properties of square lattices with nearest neighbor interactions, where some sites have a reduced coordination number, meaning that certain sites can only connect through three or two adjacent sites. This model is similar to the random placement of physical barriers in plantations aimed at decreasing connectivity between susceptible individuals, which could help prevent the spread of phytopathogens and pests. In this way, we estimate the percolation threshold as a function of p(d) (the fraction of sites with reduced coordination number), finding that a q-exponential function can well describe the critical curves. Additionally, we derive a closed formula for the correlation between p(d) and the density of distinct barriers placed (accounting for shared barriers between adjacent sites). The latter is helpful in estimating the relative costs of the barrier allocation strategies. In particular, we found that the allocations of two barriers per site model{(sic) ,(sic)} can produce savings between 5% and 10% of the strategy cost compared to the independently random barrier allocations (joint site-bond percolation). From an agroecology perspective, adding barriers to the plantation gives farmers the opportunity to sow more vulnerable plant varieties.",wos,llm,1.000,unreviewed,,doi:10.1063/5.0349486
discarded,A SNP panel for coanalysis of capture and shotgun ancient DNA data,"Fournier, Romain; Pearson Fulton, Alice; Tabin, Daniel; Reich, David",2026,GENOME RESEARCH,10.1101/gr.281262.125,https://www.webofscience.com/wos/woscc/full-record/WOS:001883184400001,off-topic-false-hit,"Advances in technology have decreased the cost of generating genetic data from ancient people, resulting in exponentially increasing numbers of individuals with whole-genome data. However, these technologies come with platform-specific biases, limiting coanalyzability of individuals sequenced with different technologies as well as joint analysis of modern and ancient individuals. Here, we present a method to identify single-nucleotide polymorphisms (SNPs) with minimal technology-specific bias. Leveraging data from more than 18,000 individuals, we apply this method to identify a set of around 1 million SNPs that we call the ""compatibility"" panel, which has been effectively assayed in a large fraction of ancient human DNA experiments published to date. We also identify a subset of these SNPs, the ""compatibility-HO"" panel, which are restricted to positions that have been assayed in more than 10,000 modern people from more than 1000 diverse populations using the Affymetrix Human Origins (HO) genotyping array. The compatibility panel reduces spurious Z-scores owing to differing sequencing platforms by nearly an order of magnitude, while retaining similar to 60%-85% of statistical power for f-statistic analysis. We also provide a tool for users to select different tradeoffs between bias and power as well as sequencing platforms for their specific analyses.",wos,llm,1.000,unreviewed,,doi:10.1101/gr.281262.125
discarded,Membraneless flow-through water electrolysis: The importance of cell geometry,"Postma, J. i.; Yahyaee, A.; Haverkort, J. w.",2026,ENERGY CONVERSION AND MANAGEMENT-X,10.1016/j.ecmx.2026.102272,https://www.webofscience.com/wos/woscc/full-record/WOS:001881765800001,off-topic-false-hit,"Membraneless flow-through water electrolysers keep the generated hydrogen away from oxygen bubbles by forced convection, removing membrane costs while improving energy efficiency. Previously, micrometre holes were used to ensure a homogeneous flow distribution. Here, we strongly reduce flow resistance using electrodes with large holes, while a discharge channel that widens in the direction of the main flow improves flow distribution. At too low liquid velocities, we provide direct in-situ measurements showing that the bubble size between the electrodes increases over time and with height due to coalescence. Counterintuitively, we find that a straight discharge channel requires less liquid flow. Using a combination of multiphase simulations and imaging experiments, we find that the higher velocity through the final downstream holes in a straight discharge channel prevents gas bubbles in the gap. The superficial velocity at which the electrolyte enters the feed channel must be an order of magnitude greater than that of the hydrogen produced at the electrode. The electrolyte velocity through the last holes should be even two orders of magnitude greater, so the gas fraction stays well below 1 percent there. Interestingly, at lower liquid flow rates, computational fluid dynamics predicts that natural electrolyte convection diverts the flow towards the hydrogen-producing electrode. By identifying the local flow requirements, this work helps to balance low pressure drop with effective gas bubble removal in membraneless electrolysers.",wos,llm,1.000,unreviewed,,doi:10.1016/j.ecmx.2026.102272
