status,title,authors,year,venue,doi,url,tags,abstract,provider,decision_source,llm_confidence,llm_review_outcome,llm_change_direction,paper_id
discarded,An Efficient Graph Isomorphism Algorithm Based on Canonical Labeling and Its Parallel Implementation on GPU,Renda Wang; Longjiang Guo; Chunyu Ai; Jinbao Li; Meirui Ren; Keqin Li,2013,2013 IEEE 10th International Conference on High Performance Computing and Communications & 2013 IEEE International Conference on Embedded and Ubiquitous Computing,10.1109/HPCC.and.EUC.2013.154,https://ieeexplore.ieee.org/document/6832036/,"supports-claim; adjacent-subtopic; normalisation of programs, queries or documents for comparison; not values of a data type","The Graph Isomorphism (GI) problem has been extensively studied due to its significant applications. The most effective class of GI algorithms, i.e., canonical labeling algorithms, are suitable for either graphs with high randomness or symmetry, or graphs for which both of them are not strongly held. Also, the core operations of canonical labeling algorithms, i.e., individuation-refinement (IR) and certificate comparison, usually occupy more than 70% of the total running time. How to weaken the limitations of structures and improve the efficiency of these operations are challenges. In this paper, we present an efficient GI algorithm called PEACE, which is particularly suitable for graphs with high randomness or symmetry. We present a parallel implementation of our algorithm on GPUs. We design some new techniques and also use some existing methods to speed up calculations under CUDA. More importantly, these techniques can be applied to all IR-based GI algorithms. We evaluate the proposed algorithm on various graphs to make comprehensive comparison with currently the most efficient canonical labeling algorithms on CPUs. Experimental results show that PEACE is superior to other algorithms on graphs with high symmetry or many automorphisms, and up to 50% performance increase can be achieved in the best case. We also apply our parallel techniques on these algorithms, and compare the performance on CPU and multiple GPU devices. The results show that the techniques make all algorithms gain 15~55 speedup.",ieee,llm_reviewed,0.970,changed,kept->discarded,doi:10.1109/hpcc.and.euc.2013.154
discarded,Two-Variable Logic on Words with Data,M. Bojanczyk; A. Muscholl; T. Schwentick; Luc Segoufin; C. David,2006,21st Annual IEEE Symposium on Logic in Computer Science (LICS'06),10.1109/LICS.2006.51,https://ieeexplore.ieee.org/document/1691212/,adjacent-subtopic,"In a data word each position carries a label from a finite alphabet and a data value from some infinite domain. These models have been already considered in the realm of semistructured data, timed automata and extended temporal logics. It is shown that satisfiability for the two-variable first-order logic FO^2(~,\le,+1) is decidable over finite and over infinite data words, where ¡« is a binary predicate testing the data value equality and +1,\le are the usual successor and order predicates. The complexity of the problem is at least as hard as Petri net reachability. Several extensions of the logic are considered, some remain decidable while some are undecidable.",ieee,llm,0.960,unreviewed,,doi:10.1109/lics.2006.51
discarded,Simultaneous rigid E-unification and related algorithmic problems,A. Degtyarev; Y. Matiyasevich; A. Voronkov,1996,Proceedings 11th Annual IEEE Symposium on Logic in Computer Science,10.1109/LICS.1996.561466,https://ieeexplore.ieee.org/document/561466/,adjacent-subtopic,"The notion of simultaneous rigid E-unification was introduced in 1987 in the area of automated theorem proving with equality in sequent-based methods, for example the connection method or the tableau method. Recently, simultaneous rigid E-unification was shown undecidable. Despite the importance of this notion, for example in theorem proving in intuitionistic logic, very little is known of its decidable fragments. We prove decidability results for fragments of monadic simultaneous rigid E-unification and show the connections between this notion and some algorithmic problems of logic and computer science.",ieee,llm,0.940,unreviewed,,doi:10.1109/lics.1996.561466
discarded,A Decidable Two-Way Logic on Data Words,Diego Figueira,2011,2011 IEEE 26th Annual Symposium on Logic in Computer Science,10.1109/LICS.2011.18,https://ieeexplore.ieee.org/document/5970232/,adjacent-subtopic,"We study the satisfiability problem for a logic on data words. A data word is a finite word where every position carries a label from a finite alphabet and a data value from an infinite domain. The logic we consider is two-way, contains future and past modalities, which are considered as reflexive and transitive relations, and data equality and inequality tests. This logic corresponds to the fragment of XPath with the 'following-sibling-or-self' and 'preceding-sibling-or-self' axes over data words. We show that this problem is decidable, EXPSPACE-complete. This is surprising considering that with the strict (non-reflexive) navigation relations the satisfiability problem is undecidable. To prove this, we first reduce the problem to a derivation problem for an infinite transition system, and then we show how to abstract this problem into a reachability problem of a finite transition system.",ieee,llm,0.960,unreviewed,,doi:10.1109/lics.2011.18
discarded,Listen channel randomization for faster Wi-Fi direct device discovery,Weiping Sun; Changmok Yang; Sunggeun Jin; Sunghyun Choi,2016,IEEE INFOCOM 2016 - The 35th Annual IEEE International Conference on Computer Communications,10.1109/INFOCOM.2016.7524342,https://ieeexplore.ieee.org/document/7524342/,adjacent-subtopic,"Wi-Fi Direct, now part of Android smartphones, makes it possible for Wi-Fi devices to communicate directly without passing through an access point. Before starting actual data exchange, two devices should apparently find each other through a device discovery process, called find phase. After identifying the limitation of the legacy find phase, incurring long discovery delay, we propose a simple and efficient scheme, called Listen Channel Randomization (LCR), in order to expedite device discovery. Both the legacy find phase and LCR are evaluated with our elaborate Markov model and ns-3 simulations for comprehensive comparisons. Moreover, we have implemented a prototype of LCR in Android smartphone. Our experimental results reveal that LCR can significantly reduce the device discovery delay, yielding up to 72% delay reduction compared to the legacy find phase.",ieee,llm,1.000,unreviewed,,doi:10.1109/infocom.2016.7524342
discarded,Advanced Numerical Methods for Fractional-Order Differential Systems,"Helal, Khadeeja A. A.; Tahir, Ranya A.; Adam, Ahmed M. I.; Elbadri, Mohamed; Adam, Haroun Doud Suliman; Afif, Elmhadi",2026,EUROPEAN JOURNAL OF PURE AND APPLIED MATHEMATICS,10.29020/nybg.ejpam.v19i1.7205,https://www.webofscience.com/wos/woscc/full-record/WOS:001697478600003,off-topic-false-hit,"Fractional-order differential systems have become very popular in the last few years because they can model memory and hereditary effects. However, existing numerical techniques for solving such systems still have certain limitations. We used generalized Caputo-type fractional derivatives for the Abel differential equation in normal form and for the four-dimensional Chen system to avoid such problems. We also used two different methods for their solutions: the adaptive predictor-corrector (P-C) method and the generalized Laplace decomposition method (T rho DM). First, the methods are easy to use and give more accurate results than other methods. Second, the methods let you do calculations quickly without having to recalculate fractional sequences for different starting points. Thirdly, the methods are strong enough to accurately identify chaotic attractors and capture the system's dynamics. Lastly, they are flexible and work well with computers, which makes them useful for many different scientific and engineering systems. A lot of numerical tests and comparisons with the Adams-Bashforth-Moulton (ABM) method show that the proposed methods work well, are reliable, and have real-world benefits.",wos,llm,1.000,unreviewed,,doi:10.29020/nybg.ejpam.v19i1.7205
discarded,Asymptotic and oscillatory characteristics of solutions of neutral differential equations,"Masood, Fahd; Batiha, Belal; Bazighifan, Omar",2025,JOURNAL OF MATHEMATICS AND COMPUTER SCIENCE-JMCS,10.22436/jmcs.039.04.02,https://www.webofscience.com/wos/woscc/full-record/WOS:001472990100002,off-topic-false-hit,"The paper investigates third-order linear neutral differential equations in the non-canonical case, aiming to simplify the complexity of such equations by transforming them into the canonical form. This transformation reduces the number of potential cases for positive solutions and their derivatives from four in the non-canonical case to two in the canonical case, significantly facilitating the derivation of results. Using an iterative method, we establish conditions that exclude the existence of positive solutions fulfilling the equation. Furthermore, by employing a comparison approach with first-order equations, we derive additional conditions that exclude the existence of Kneser-type solutions that satisfy the equation. By combining these conditions, we derive new oscillation criteria that guarantee the oscillation of all solutions satisfying the studied equation. Our findings extend and generalize existing results in the literature. We provide three illustrative examples to demonstrate our results' validity and significance.",wos,llm,0.990,unreviewed,,doi:10.22436/jmcs.039.04.02
discarded,INTERLEAVING LOGIC AND COUNTING,"Van Benthem, Johan; Icard, Thomas",2023,BULLETIN OF SYMBOLIC LOGIC,10.1017/bsl.2023.30,https://www.webofscience.com/wos/woscc/full-record/WOS:001182582300003,adjacent-subtopic,"Reasoning with quantifier expressions in natural language combines logical and arithmetical features, transcending strict divides between qualitative and quantitative. Our topic is this cooperation of styles as it occurs in common linguistic usage and its extension into the broader practice of natural language plus 'grassroots mathematics'.We begin with a brief review of $\mathsf {FO}(\#)$ , first-order logic with counting operators and cardinality comparisons. This system is known to be of very high complexity, and drowns out finer aspects of the combination of logic and counting. We therefore move to a small fragment that can represent numerical syllogisms and basic reasoning about comparative size: monadic first-order logic with counting, $\mathsf {MFO}(\#)$ . We provide normal forms that allow for axiomatization, determine which arithmetical notions can be defined on finite and on infinite models, and conversely, we discuss which logical notions can be defined out of purely arithmetical ones, and what sort of (non-)classical logics can be induced.Next, we investigate a series of strengthenings of $\mathsf {MFO}(\#)$ , again using normal form methods. The monadic second-order version is close, in a precise sense, to additive Presburger Arithmetic, while versions with the natural device of tuple counting take us to Diophantine equations, making the logic undecidable. We also define a system $\mathsf {ML}(\#)$ that combines basic modal logic over binary accessibility relations with counting, needed to formulate ubiquitous reasoning patterns such as the Pigeonhole Principle. We prove decidability of $\mathsf {ML}(\#)$ , and provide a new kind of bisimulation matching the expressive power of the language.As a complement to the fragment approach pursued here, we also discuss two other ways of lowering the complexity of $\mathsf {FO}(\#)$ by changing the semantics of counting in natural ways. A first approach replaces cardinalities by abstract but well-motivated values of 'mass' or other mereological aggregating notions. A second approach keeps the cardinalities but generalizes the meaning of counting to work in models that allow dependencies between variables.Finally, we return to our starting point in natural language, confronting the architecture of our formal systems with linguistic quantifier vocabulary and syntax, as well as with natural reasoning modules such as the monotonicity calculus. In addition to these encounters with formal semantics, we discuss the role of counting in semantic evaluation procedures for quantifier expressions and determine, for instance, which binary quantifiers are computable by finite 'semantic automata'. We conclude with some general thoughts on yet further entanglements of logic and counting in formal systems, on rethinking the qualitative/quantitative divide, and on connecting our analysis to empirical findings in cognitive science.",wos,llm,0.880,unreviewed,,doi:10.1017/bsl.2023.30
discarded,Jordan-Schur Algorithms for Computing the Matrix Exponential,"Petkov, Petko H. H.",2023,INTERNATIONAL JOURNAL OF MATHEMATICS AND MATHEMATICAL SCIENCES,10.1155/2023/4908185,https://www.webofscience.com/wos/woscc/full-record/WOS:000943902100001,adjacent-subtopic,"In this paper, two new versions of the Schur algorithm for computing the matrix exponential of an nxn complex matrix A are presented. Instead of the Schur form, these algorithms use the Jordan-Schur form of A. The Jordan-Schur form is found by less computation and it is determined more reliable than the reduction to Jordan form since it is obtained using only unitary similarity transformations. In contrast to the known methods, the diagonal blocks of the matrix exponential are obtained by using finite Taylor series. This improves the accuracy and avoids the decisions made about the termination of the series expansion. The off-diagonal blocks of the exponential are determined by modifications of the Schur-Parlett or Schur-Frechet method, which takes advantage of the Jordan-Schur form of the matrix. The numerical features of the new algorithms are discussed, revealing their advantages and disadvantages in comparison with the other methods for computing the matrix exponential. Computational experiments show that using the new algorithms, the matrix exponential is determined in certain cases with higher accuracy than some widely used methods, however, at the price of an increase in the computational cost which is of order n4. It is shown that the Jordan-Schur algorithms for computing the matrix exponential are appropriate for matrices with multiple eigenvalues and are especially efficient in cases of large Weyr characteristics.",wos,llm,0.850,unreviewed,,doi:10.1155/2023/4908185
discarded,STUDY OF THE MULTI-INPUT LUT COMPLEXITY,"Tyurin, S. F.; Grekov, A., V",2018,RADIO ELECTRONICS COMPUTER SCIENCE CONTROL,10.15588/1607-3274-2018-1-2,https://www.webofscience.com/wos/woscc/full-record/WOS:000433407700002,adjacent-subtopic,"Contex. The programmable logic integrated circuits FPGA (field-programmable gate array) used realization of the generator of functions LUT (Look Up Table), which is configured by loading a configuration memory for calculating a logic function in perfect disjunctive normal form (PDNF). The LUT dimension determines the technological limitations of Mead and Conway on the number of series-connected MOS transistors. The standard number of LUT inputs for many years was 3 or 4, and 4-LUT is constructed from two 3LUTs with an additional 1-LUT. However, in many projects, it is required to calculate functions of a large number of arguments. This requires a multi-input LUT, which is built as a decomposition of 3-LUT, 4-LUT. The speed of computing logic functions determines by the delay in the coupling matrices, so this decomposition leads to a decrease in performance. In recent years, the direction of adaptive logical modules (ALM) has been actively developing, in which the user has access to various versions of logical elements for five, six and even seven, eight variables, which leads to an increase in performance. However, the manufacturer's documentation does not provide a detailed description of the features of such multi-input LUTs, taking into account the Meade-Conway constraints. In addition, there are no estimates of complexity and speed of multi-input LUTs. The analysis of sources allows suggests a further increase in the LUT bit capacity and the convergence of FPGA and CPLD (complex programmable logic devices) capabilities in terms of bit depth. Therefore, studies of the features of constructing multi-input LUTs are relevant and the authors attempted to analyze the implementation of such prospective multi-bit logic

Objective. The purpose of this work is to estimate the complexity and speed of the decomposition of a multi-bit LUT.

Method. Obtaining expressions for estimating the complexity and speed of decomposition of a multi-bit LUT on a LUT of a lower bit length.

Results. A comparison of the complexity and delay in the number of transistors in the decomposition of a multi-bit LUT in the computer mathematics system Mathcad is performed.

Conclusions. The conducted researches made it possible to establish the features of constructing multi-bit LUTs and to evaluate various variants of decomposition with further increase in the LUT dimension with the subsequent choice of the optimal ALM variant.",wos,llm,0.870,unreviewed,,doi:10.15588/1607-3274-2018-1-2
discarded,Complete Set of Invariants of a 4th Order Tensor: The 12 Tasks of HARDI from Ternary Quartics,"Papadopoulo, Theo; Ghosh, Aurobrata; Deriche, Rachid",2014,"MEDICAL IMAGE COMPUTING AND COMPUTER-ASSISTED INTERVENTION - MICCAI 2014, PT III",,https://www.webofscience.com/wos/woscc/full-record/WOS:000346250200030,supports-claim; adjacent-subtopic; canonical form for tensor expressions; equality of data-type values not addressed beyond the cited example,"Invariants play a crucial role in Diffusion MRI. In DTI (2nd order tensors), invariant scalars (FA, MD) have been successfully used in clinical applications. But DTI has limitations and HARDI models (e.g. 4th order tensors) have been proposed instead. These, however, lack invariant features and computing them systematically is challenging.

We present a simple and systematic method to compute a functionally complete set of invariants of a non-negative 3D 4th order tensor with respect to SO3. Intuitively, this transforms the tensor's non-unique ternary quartic (TQ) decomposition (from Hilbert's theorem) to a unique canonical representation independent of orientation the invariants.

The method consists of two steps. In the first, we reduce the 18 degrees-of-freedom (DOF) of a TQ representation by 3-DOFs via an orthogonal transformation. This transformation is designed to enhance a rotation-invariant property of choice of the 3D 4th order tensor. In the second, we further reduce 3-DOFs via a 3D rotation transformation of coordinates to arrive at a canonical set of invariants to SO3 of the tensor.

The resulting invariants are, by construction, (i) functionally complete, (ii) functionally irreducible (if desired), (iii) computationally efficient and (iv) reversible (mappable to the TQ coefficients or shape); which is the novelty of our contribution in comparison to prior work.

Results from synthetic and real data experiments validate the method and indicate its importance.",wos,llm_reviewed,0.890,changed,kept->discarded,hash:c553d1f44839e02f
discarded,"Model Comparisons Using Tournaments: Likes, ""Dislikes,"" and Challenges","Spiliopoulos, Leonidas; Ortmann, Andreas",2014,PSYCHOLOGICAL METHODS,10.1037/a0034249,https://www.webofscience.com/wos/woscc/full-record/WOS:000337898900004,off-topic-false-hit,"We examine the value added of tournaments that compare the predictive power of behavioral models. The advantages and disadvantages of this particular method have not been systematically discussed in the literature; here we aspire to do so. We conclude that tournaments are a useful addition to our arsenal of methods and a significant step forward in the study of the predictive power of behavioral models. Such tournaments are not without limitations, however, and we identify and illustrate current limitations, propose solutions to overcome some of them, and identify a research agenda to address the remaining.",wos,llm,0.990,unreviewed,,doi:10.1037/a0034249
discarded,A nonlinear high gain observer for an olive oil waste esterification in a Continuous Stirred Tank Reactor,"Abdelkader, Amira; Boussada, Moez; Nouri, Ahmed Said; Hammouri, Hassan; Fiaty, Koffi",2014,201415TH INTERNATIONAL CONFERENCE ON SCIENCES & TECHNIQUES OF AUTOMATIC CONTROL & COMPUTER ENGINEERING (STA'2014),,https://www.webofscience.com/wos/woscc/full-record/WOS:000392734600144,off-topic-false-hit,"In this paper, a nonlinear high gain observer is developed to reconstruct the full state of an olive oil waste esterification process. This operation is taking place in a semi-continuous stirred tank reactor. The plant model, as most of the chemical processes, presents a high level of non linearities and interconnections between states. Most of the works developed around such model are based on a canonical form of the model or in single input single output structure. We show, in this work, that it is possible to synthesis a high gain based full observer for a multi input multi output system and to ensure good applicability of a such observer. The results are validated on real measurements of the plant. The second part is devoted to performances' comparison between our observer and the well used observer for such nonlinear systems, the Extended Kalman Filter. The comparison shows that the high gain observer presents better results in precision and application limitations.",wos,llm,0.980,unreviewed,,hash:24db9f695fdc704a
