status,title,authors,year,venue,doi,url,tags,abstract,provider,decision_source,llm_confidence,llm_review_outcome,llm_change_direction,paper_id
discarded,The experience of using the drug Pineamin to improve the quality of ejaculate and reduce the symptoms associated with male aging,A.S. Al-Shukri,2025,Russian Journal of Human Reproduction,10.17116/repro202531021101,https://www.scopus.com/inward/record.uri?partnerID=HzOxMe3b&scp=105007352413&origin=inward,off-topic-false-hit,"Background. In recent years, there has been a continuous scientific search for new drugs to improve fertility and quality of life in men. One of these drugs is Pineamin — a complex of water-soluble polypeptide fractions of the bovine pineal gland, which is evaluated in this study. Objective. To evaluate the dynamics of ejaculate quality indicators and symptoms associated with male aging, against the background of the use of the drug Pineamin in comparison with a competitive intervention — the use of the drug L-carnitine. Material and methods. The pilot multicenter, randomized, parallel-group, interventional, comparative, prospective study included 60 men with pathozoospermia, divided into two comparable groups (Pineamin and L-carnitine). The study period was from May 2023 to December 2024. Spermogram parameters were determined and the AMS questionnaire was administered at baseline and after 3 months of the compared therapy. Results. In the group of patients treated with Pineamin, statistically significant differences were found in all the studied indicators of ejaculate quality before and after therapy. In the group of patients treated with L-carnitine, statistically significant differences were found only in sperm motility. When comparing the values of the changes in the studied parameters between the groups, statistically significant differences were revealed in all the studied indicators of ejaculate quality. The values of the changes in the studied parameters were more pronounced in the Pineamin group, were clinically significant and averaged 24 (95% CI 12; 36) million/ml for concentration, 18 (95% CI 12; 25)% for mobility and 2 (95% CI 1.5; 3.0)% for morphologically normal forms spermatozoa. Changes in the values of the studied parameters in the L-carnitine group were not clinically significant. The decrease in symptoms associated with male aging was statistically significant in the Pineamin group, while this was not observed in the L-carnitine group. Differences between the magnitude of changes in symptoms associated with male aging in the Pineamin and L-carnitine groups are statistically significant. The decrease in symptoms associated with male aging in the Pineamin group was –3 (95% CI –4; –1) points. No adverse events were observed. Conclusions. The use of the drug Pineamin may be promising in the treatment of men with pathozoospermia, as well as the relief of symptoms associated with aging.",scopus,llm,1.000,unreviewed,,doi:10.17116/repro202531021101
discarded,Analysis of Wave Motion and Deformation in a Nonlocal Micropolar Poro-Thermoelastic Plate with Three Memory-Dependent Theories,S. Kumar,2024,Journal of Engineering Mechanics,10.1061/JENMDT.EMENG-7944,https://www.scopus.com/inward/record.uri?partnerID=HzOxMe3b&scp=85207898526&origin=inward,off-topic-false-hit,"This article presents the impact of nonlocal parameters (NLP) on wave motion and deformation in a micropolar porous thermoelastic plate under memory-dependent derivatives (MDD). The basic equations are converted into dimensionless form and solved using normal form analysis. Two cases of boundary conditions, namely boundary conditions for stress free boundaries and boundary conditions for thermo-mechanical loading, are considered. The first case of boundary conditions is employed to formulate the propagation equations for symmetric and anti-symmetric systems. The phase velocity and attenuation coefficient under Lord–Shulman (LS), Green–Lindsay (GL) and dual-phase-lag (DPL) theories are examined for the first case. In the second case, thermomechanical conditions have been considered to derive the analytical terms for force stresses, couple stresses, volume fraction, and temperature. The analytically obtained results are numerically analyzed for aluminium–epoxy material under three memory-dependent theories. To depict the impact of nonlocal parameters, comparisons between DPL theory with NLP and DPL theory without NLP are shown graphically.",scopus,llm,0.990,unreviewed,,doi:10.1061/jenmdt.emeng-7944
discarded,Pivotal condensation and chemical balancing,H.C. Herbig,2024,Journal of Mathematical Chemistry,10.1007/s10910-024-01594-9,https://www.scopus.com/inward/record.uri?partnerID=HzOxMe3b&scp=85188817553&origin=inward,adjacent-subtopic,"A universal method, called pivotal condensation, for calculating stoichiometric factors of chemical reactions is presented. It is based on our new approach for calculating the basis of the kernel of a matrix over the field of rational numbers. This approach is referred to as kernel pivotal condensation (ker pc) and is presented in detail. It has roughly the same complexity as Gaussian elimination, but can be performed without working with fractions. It is also shown how ker pc can be adapted as a tool to solve inhomogeneous linear systems, invert matrices (this is referred to as inv pc) and determine simultaneously the four subspaces (referred to as 4 pc). Besides, the balancing by inspection method, which is widely used in practice to reduce the size of a linear system arising in chemical balancing, is formulated in a mathematical language. When calculating stoichiometric factors of chemical balancing problems with a non-unique solution the natural question arises how to determine a basis that generates all the solutions over the integers. A method, referred to as smitheration, is introduced that permits to determine such an integer basis from a basis over the rational numbers. If there are few solutions this approach is more efficient than calculating a Smith normal form directly. It is convenient to work over principal ideal domains instead of the ring of integers, so that one can treat balancing problems that depend on one parameter as well.",scopus,llm,0.780,unreviewed,,doi:10.1007/s10910-024-01594-9
discarded,The Inefficiency of Genetic Programming for Symbolic Regression,G. Kronberger,2024,Lecture Notes in Computer Science Including Subseries Lecture Notes in Artificial Intelligence and Lecture Notes in Bioinformatics,10.1007/978-3-031-70055-2_17,https://www.scopus.com/inward/record.uri?partnerID=HzOxMe3b&scp=85204543306&origin=inward,"supports-claim; adjacent-subtopic; computer algebra simplification; the cited CAS sources carry the point (Davenport 2002, Stoutemyer 2011: no abstract obtained)","We analyse the search behaviour of genetic programming for symbolic regression in practically relevant but limited settings, allowing exhaustive enumeration of all solutions. This enables us to quantify the success probability of finding the best possible expressions, and to compare the search efficiency of genetic programming to random search in the space of semantically unique expressions. This analysis is made possible by improved algorithms for equality saturation, which we use to improve the Exhaustive Symbolic Regression algorithm; this produces the set of semantically unique expression structures, orders of magnitude smaller than the full symbolic regression search space. We compare the efficiency of random search in the set of unique expressions and genetic programming. For our experiments we use two real-world datasets where symbolic regression has been used to produce well-fitting univariate expressions: the Nikuradse dataset of flow in rough pipes and the Radial Acceleration Relation of galaxy dynamics. The results show that genetic programming in such limited settings explores only a small fraction of all unique expressions, and evaluates expressions repeatedly that are congruent to already visited expressions.",scopus,llm_reviewed,0.890,changed,kept->discarded,doi:10.1007/978-3-031-70055-2_17
discarded,Unique sums and differences in finite Abelian groups,K.H. Leung,2022,Journal of Number Theory,10.1016/j.jnt.2021.06.014,https://www.scopus.com/inward/record.uri?partnerID=HzOxMe3b&scp=85115767610&origin=inward,off-topic-false-hit,"Abstract Let A , B be subsets of a finite abelian group G. Suppose that A + B does not contain a unique sum, i.e., there is no g ∈ G with a unique representation g = a + b , a ∈ A , b ∈ B . From such sets A , B , sparse linear systems over the rational numbers arise. We obtain a new determinant bound on invertible submatrices of the coefficient matrices of these linear systems. Under the condition that | A | + | B | is small compared to the order of G, these bounds provide essential information on the Smith Normal Form of these coefficient matrices. We use this information to prove that A and B admit coset partitions whose parts have properties resembling those of A and B. As a consequence, we improve previously known sufficient conditions for the existence of unique sums in A + B and show how our structural results can be used to classify sets A and B for which A + B does not contain a unique sum when | A | + | B | is relatively small. Our method also can be applied to subsets of abelian groups which have no unique differences.",scopus,llm,0.960,unreviewed,,doi:10.1016/j.jnt.2021.06.014
discarded,Reduction of the Critical Path of IIR Filters using Continued Fractions,C. Dalpiaz,2022,Austrochip 2022 30th Austrochip Workshop on Microelectronics,10.1109/Austrochip56145.2022.9940846,https://www.scopus.com/inward/record.uri?partnerID=HzOxMe3b&scp=85142888150&origin=inward,off-topic-false-hit,"Implementing infinite impulse response (IIR) filters as synchronous sequential circuits is common practice in dig-ital signal processing. In this paper, a decomposition of IIR filter transfer functions in order to reduce the critical path in comparison to the canonical form (transposed direct form II) implementation based on continued fractions is discussed. Moreover, the filtered quantization noise of the resulting con-tinued fraction structure is analyzed. The coefficients of the IIR filters are quantized with the canonical signed digit (CSD) representation. An adder tree structure has been used for the implementation of the multiplications. The continued fraction structure and the canonical form have been implemented in VHDL and synthesized for the Intel Cyclone V FPGA. The synthesis results of the continued fraction structure feature an increased maximum clock frequency in comparison with the canonical form implementation. However, the resource utilization of the continued fraction structure is significantly increased compared to the canonical form implementation. The filtered quantization noise of the continued fraction structure is decreased in comparison to the canonical form implementation.",scopus,llm,0.990,unreviewed,,doi:10.1109/austrochip56145.2022.9940846
discarded,An Analytical and Numerical Detour for the Riemann Hypothesis,M. Riguidel,2021,Information Switzerland,10.3390/INFO12110483,https://www.scopus.com/inward/record.uri?partnerID=HzOxMe3b&scp=85122521496&origin=inward,off-topic-false-hit,"From the functional equation of Riemann’s zeta function, this article gives new insight into Hadamard’s product formula. The function and its family of associated functions, expressed as a sum of rational fractions, are interpreted as meromorphic functions whose poles are the poles and zeros of the function. This family is a mathematical and numerical tool which makes it possible to estimate the value of the function at a point in the critical strip from a point on the critical line .Generating estimates of at a given point requires a large number of adjacent zeros, due to the slow convergence of the series. The process allows a numerical approach of the Riemann hypothesis (RH). The method can be extended to other meromorphic functions, in the neighborhood of isolated zeros, inspired by the Weierstraß canonical form. A final and brief comparison is made with the and functions over finite fields.",scopus,llm,0.990,unreviewed,,doi:10.3390/info12110483
discarded,Comparison of Methods for Heat Exchanger Control,L.G. Tugashova,2021,Theoretical Foundations of Chemical Engineering,10.1134/S0040579520060226,https://www.scopus.com/inward/record.uri?partnerID=HzOxMe3b&scp=85104074485&origin=inward,off-topic-false-hit,"Abstract The relevance of this work is conditioned by the need for maintaining a given temperature at the outlet of a heat exchanger under the conditions of variable flow rate and composition of the feedstock. This work reviews the methods for improving the heat exchanger control. The parameters of the control object are selected and its features are determined. A dynamic model of a heater with a steam space (shell-and-tube evaporator) applied for heating the gasoline fraction at the outlet of the topping column of the oil stabilization unit is obtained. The part of the distillate and fractional composition of the gasoline fraction, which is a disturbing factor, are determined. The mathematical model of the shell-and-tube evaporator is presented as an object with lumped parameters in the form of heat balance in a differential form taking into account transport delay. The heat transfer coefficient is determined from the side of gasoline fraction for the bubble boiling mode and from the side of stripped oil for the turbulent mode. A single-loop automated control system (ACS) and an ACS with the participation of the obtained model are implemented within Simulink. In the first case, the object model is represented in the canonical form in the state space. The intermediate signals (from matrix feedback amplifiers) are used as the control actions. In the second case, a combined temperature control system is developed at the outlet of the heat exchanger. The output signal of the model is supplied as a current parameter to controller 2, which generates a control signal that compensates for the disturbance. The task of controller 2 is the output signal of controller 1, which adjusts the operation according to the output temperature of the object. A comparison of the control methods with the use of standard controllers and with the participation of the developed object model is given. It is shown that the indicators of the transition process are higher when applying the models in the control.",scopus,llm,1.000,unreviewed,,doi:10.1134/s0040579520060226
discarded,Limits and limitations of no-regret learning in games,B. Monnot,2017,Knowledge Engineering Review,10.1017/S0269888917000133,https://www.scopus.com/inward/record.uri?partnerID=HzOxMe3b&scp=85037055838&origin=inward,off-topic-false-hit,"Abstract We study the limit behavior and performance of no-regret dynamics in general game theoretic settings. We design protocols that achieve both good regret and equilibration guarantees in general games. We also establish a strong equivalence between them and coarse correlated equilibria (CCE). We examine structured game settings where stronger properties can be established for no-regret dynamics and CCE. In congestion games with non-atomic agents (each contributing a fraction of the flow), as we decrease the individual flow of agents, CCE become closely concentrated around the unique equilibrium flow of the non-atomic game. Moreover, we compare best/worst case no-regret learning behavior to best/worst case Nash equilibrium (NE) in small games. We prove analytical bounds on these inefficiency ratios for 2×2 games and unboundedness for larger games. Experimentally, we sample normal form games and compute their measures of inefficiency. We show that the ratio distribution has sharp decay, in the sense that most generated games have small ratios. They also exhibit strong anti-correlation between each other, that is games with large improvements from the best NE to the best CCE present small degradation from the worst NE to the worst CCE.",scopus,llm,0.990,unreviewed,,doi:10.1017/s0269888917000133
discarded,Probing the excited state relaxation dynamics of pyrimidine nucleosides in chloroform solution,K. Röttger,2016,Faraday Discussions,10.1039/c6fd00068a,https://www.scopus.com/inward/record.uri?partnerID=HzOxMe3b&scp=85007454139&origin=inward,off-topic-false-hit,"Ultrafast transient electronic and vibrational absorption spectroscopy (TEAS and TVAS) of 2′-deoxy-cytidine (dC) and 2′-deoxy-thymidine (dT) dissolved in chloroform examines their excited-state dynamics and the recovery of ground electronic state molecules following absorption of ultraviolet light. The chloroform serves as a weakly interacting solvent, allowing comparisons to be drawn with prior experimental studies of the photodynamics of these nucleosides in the gas phase and in polar solvents such as water. The pyrimidine base nucleosides have some propensity to dimerize in aprotic solvents, but the monomer photochemistry can be resolved clearly and is the focus of this study. UV absorption at a wavelength of 260 nm excites a 1 ππ* ← S 0 transition, but prompt crossing of a significant fraction (50% in dC, 17% in dT) of the 1 ππ* population into a nearby 1 nπ* state is too fast for the experiments to resolve. The remaining flux on the 1 ππ* state leaves the vertical Franck–Condon region and encounters a conical intersection with the ground electronic state of ethylenic twist character. In dC, the 1 ππ* state decays to the ground state with a time constant of 1.1 ± 0.1 ps. The lifetime of the 1 nπ* state is much longer in the canonical forms of both molecules: recovery of the ground state population from these states occurs with time constants of 18.6 ± 1.1 ps in amino-oxo dC and ∼114 ps in dT, indicating potential energy barriers to the 1 nπ*/S 0 conical intersections. The small fraction of the imino-oxo tautomer of dC present in solution has a longer-lived 1 nπ* state with a lifetime for ground state recovery of 193 ± 55 ps. No evidence is found for photo-induced tautomerization of amino-oxo dC to the imino-oxo form, or for population of low lying triplet states of this nucleoside. In contrast, ∼8% of the UV-excited dT molecules access the long-lived T 1 ( 3 ππ*) state through the 1 nπ* state. The primary influence of the solvent appears to be the degree to which it destabilizes the states of 1 nπ* character, with consequences for the lifetimes of these states as well as the triplet state yields.",scopus,llm,1.000,unreviewed,,doi:10.1039/c6fd00068a
discarded,Normalization of edit sequences for text synchronization,R.C. Carrasco,2011,RAIRO Theoretical Informatics and Applications,10.1051/ita/2011017,https://www.scopus.com/inward/record.uri?partnerID=HzOxMe3b&scp=79959681602&origin=inward,"supports-claim; adjacent-subtopic; normalisation of programs, queries or documents for comparison; not values of a data type","It often occurs that local copies of a text are modified by users but that the local modifications are not synchronized (thus allowing the merged text to become the source for later editions) until later when, for instance the network connection is reestablished. Since text editions usually affect a small fraction of the whole content, the history of edit operations provides a compact representation of the modified file. In this paper, we define a normal form for these records which will permit for the comparison of all text files that have been obtained by editing a common source S when the difference between each output file Oi and the source file is given as a sequence Li of edit operations. We show that the normalized sequence is unique for all the equivalent text editions and provide efficient procedures with which to compute this normal form and to obtain the edit sequence LM transforming S into a merged file M which integrates all the local modifications. We also discuss how these normalization can be integrated into the operational transformation paradigm for optimistic replication.",scopus,llm_reviewed,0.980,changed,kept->discarded,doi:10.1051/ita/2011017
discarded,Long-run equilibria with dominated strategies,C. Kim,2010,Games and Economic Behavior,10.1016/j.geb.2009.07.005,https://www.scopus.com/inward/record.uri?partnerID=HzOxMe3b&scp=72049122941&origin=inward,off-topic-false-hit,"We show that the predictions of long-run behavior under the evolutionary process are highly sensitive to the addition and elimination of strictly dominated strategies. In particular, for the best response dynamics [cf. Kandori, M., Rob, R., 1995. Evolution of equilibria in the long run: A general theory and applications. J. Econ. Theory 65 (2), 383-414] we prove that for any symmetric normal form game, any strict Nash equilibrium can be selected as the unique long-run equilibrium by appropriately adding only one single strategy which is strictly dominated by all original strategies. Moreover, if we further assume instantaneous adjustment, then any convex combination of strict Nash equilibria with rational number weights can be realized as the long-run distribution by appropriately adding strictly dominated strategies. (C) 2009 Elsevier Inc. All rights reserved.",scopus,llm,0.990,unreviewed,,doi:10.1016/j.geb.2009.07.005
