status,title,authors,year,venue,doi,url,tags,abstract,provider,decision_source,llm_confidence,llm_review_outcome,llm_change_direction,paper_id
discarded,Computer simplification of formulas in linear systems theory,J.W. Helton; M. Stankus; J.J. Wavrik,1998,IEEE Transactions on Automatic Control,10.1109/9.661584,https://ieeexplore.ieee.org/document/661584/,supports-claim; adjacent-subtopic; matrix/system normal form in mathematics or control,"Currently, the three most popular commercial computer algebra systems are Mathematica, Maple, and MACSYMA. These systems provide a wide variety of symbolic computation facilities for commutative algebra and contain implementations of powerful algorithms in that domain. The Grobner basis algorithm, for example, is an important tool used in computation with commutative algebras and in solving systems of polynomial equations. On the other hand, most of the computation involved in linear control theory is performed on matrices, which do not commute, and Mathematica, Maple, and MACSYMA are weak in the area of noncommutative operations. The paper reports on applications of a powerful tool, a noncommutative version of the Grobner basis algorithm. The commutative version of this algorithm is implemented in most major computer algebra packages. The noncommutative version is relatively new.",ieee,llm_reviewed,0.880,changed,kept->discarded,doi:10.1109/9.661584
discarded,Computer simplification of engineering systems formulas,J.W. Helton; M. Stankus; J. Wavrik,1994,Proceedings of 1994 33rd IEEE Conference on Decision and Control,10.1109/CDC.1994.411103,https://ieeexplore.ieee.org/document/411103/,"supports-claim; adjacent-subtopic; computer algebra simplification; the cited CAS sources carry the point (Davenport 2002, Stoutemyer 2011: no abstract obtained)","The three most popular commercial computer algebra systems are Mathematica, Maple, and MACSYMA (the 3 M's), but they are weak in the area of noncommutative operations. This article reports on applications of a powerful tool: a noncommutative version of the Grobner basis algorithm. The commutative version of this algorithm is implemented on each of the 3 M's. It has many applications ranging from solving systems of equations to computations involving polynomial ideals. Our application to the simplification of expressions which occur in systems theory is unique. We describe the Grobner basis for several elementary situations which arise in systems theory. These give a ""complete"" set of simplifying rules for formulas which arise in these situations. We have found that this process elucidates the nature of simplifying rules and provides a practical means of simplifying some types of complex expressions. The research required the use of software suited for computing with noncommuting symbolic expressions. This system uses a new approach to the development of mathematical software. It provides the flexibility needed for experimentation with algorithms, data representation, and data analysis. In another direction, NCAlgebra packages for Mathematica extend many of Mathematica's commands to symbolic expressions in noncommutative algebras. We have incorporated in these packages some of the results on simplification described in this paper.<>",ieee,llm_reviewed,0.880,changed,kept->discarded,doi:10.1109/cdc.1994.411103
discarded,Algebraic Proofs of Information Inequalities and Identities,Laigang Guo; Raymond W. Yeung,2024,IEEE BITS the Information Theory Magazine,10.1109/MBITS.2025.3626679,https://ieeexplore.ieee.org/document/11220206/,off-topic-false-hit,"Proving information inequalities and identities involving Shannon’s information measures under linear constraints is an important problem in information theory, because such inequalities and identities are an indispensable tool for proving converse coding theorems. Among them, Shannon-type inequalities and identities, namely, those implied by the nonnegativity of Shannon’s information measures, are best understood, and their verification can be carried out by an algorithm. In this expository article, we discuss an algebraic approach recently developed by (Guo et al. 2023, 2025) for solving this problem, which drastically reduces the computation cost compared with the prior art. In addition, the algorithms developed from this approach can be implemented by symbolic computation, thus completely eliminating the errors incurred by numerical computation.",ieee,llm,0.900,unreviewed,,doi:10.1109/mbits.2025.3626679
discarded,Equivalence verification of polynomial datapaths with fixed-size bit-vectors using finite ring algebra,N. Shekhar; P. Kalla; F. Enescu; S. Gopalakrishnan,2005,"ICCAD-2005. IEEE/ACM International Conference on Computer-Aided Design, 2005.",10.1109/ICCAD.2005.1560081,https://ieeexplore.ieee.org/document/1560081/,"supports-claim; adjacent-subtopic; computer algebra simplification; the cited CAS sources carry the point (Davenport 2002, Stoutemyer 2011: no abstract obtained)","This paper addresses the problem of equivalence verification of RTL descriptions. The focus is on datapath-oriented designs that implement polynomial computations over fixed-size bit-vectors. When the size (m) of the entire datapath is kept constant, fixed-size bit-vector arithmetic manifests itself as polynomial algebra over finite integer rings of residue classes Z/sub 2//sup m/. The verification problem then reduces to that of checking equivalence of multi-variate polynomials over Z/sub 2//sup m/. This paper exploits the concepts of polynomial reducibility over Z/sub 2//sup m/ and derives an algorithmic procedure to transform a given polynomial into a unique canonical form modulo 2/sup m/. Equivalence testing is then carried out by coefficient matching. Experiments demonstrate the effectiveness of our approach over contemporary techniques.",ieee,llm_reviewed,1.000,changed,kept->discarded,doi:10.1109/iccad.2005.1560081
discarded,The Alpak system for nonnumerical algebra on a digital computer — I: Polynomials in several variables and truncated power series with polynomial coefficients,W. S. Brown,1963,The Bell System Technical Journal,10.1002/j.1538-7305.1963.tb00960.x,https://ieeexplore.ieee.org/document/6769374/,"supports-claim; adjacent-subtopic; computer algebra simplification; the cited CAS sources carry the point (Davenport 2002, Stoutemyer 2011: no abstract obtained)","This is the first of two papers on the ALPAK system for nonnumerical algebra on a digital computer. This paper is concerned with polynomials in several variables and truncated power series with polynomial coefficients. The second paper will discuss rational functions of several variables, truncated power series with rational-function coefficients, and systems of linear equations with rational-function coefficients. The ALPAK system has been programmed within the BE-SYS-4 monitor system on the IBM 7090 computer, but the language and concepts are machine independent. The available polynomial arithmetic operations are add, subtract, multiply, divide (if divisible), substitute, differentiate, zero test, nonzero test, and equality test. The speed of the system is indicated by the rule of thumb that one man-hour equals one 7090-second. The available space in core is usually sufficient for approximately 8000 polynomial terms. Section I of this paper consists of a nontechnical description of the system and a brief glimpse into the future. Section II discusses several specific problems to which the ALPAK system has been applied. These two parts do not presuppose any knowledge of computers or computer programming. Section III describes the use and the implementation of the algebraic operations relating to polynomials in several variables and truncated power series with polynomial coefficients. The reader of Section III is assumed to be acquainted with the elements of FAP (FORTRAN Assembly Program) programming, including the use of macros, as described in a series of IBM publications, the latest of which is IBM 7090–7094 Programming Systems MAP (Macro Assembly Program) Language (Form Number C28–6311).",ieee,llm_reviewed,0.690,changed,kept->discarded,doi:10.1002/j.1538-7305.1963.tb00960.x
discarded,Distance invariant method for normalization of indexed differentials,"Liu, Jiang; Ni, Feng",2021,JOURNAL OF SYMBOLIC COMPUTATION,10.1016/j.jsc.2020.05.001,https://www.webofscience.com/wos/woscc/full-record/WOS:000598670000014,supports-claim; adjacent-subtopic; canonical form for tensor expressions; equality of data-type values not addressed beyond the cited example,"A distance from free to dummy indices is defined. The distance is invariant with respect to both monoterm symmetries and bottom antisymmetry. Using the distance invariant, we present an index-replacement algorithm. We then develop two normalization algorithms. One is with respect to monoterm symmetries and has complexity lower than known algorithms; the other allows one to determine the equivalence of indexed polynomials in the Einstein summation ring R-2[(sic)]. (C) 2020 Elsevier Ltd. All rights reserved.",wos,llm_reviewed,0.990,changed,kept->discarded,doi:10.1016/j.jsc.2020.05.001
kept,Normalization in Riemann Tensor Polynomial Ring,"Liu, Jiang",2018,JOURNAL OF SYSTEMS SCIENCE & COMPLEXITY,10.1007/s11424-017-6325-z,https://www.webofscience.com/wos/woscc/full-record/WOS:000427907200015,supports-claim; qualifies-claim; cross-domain-equality,"It is one of the oldest research topics in computer algebra to determine the equivalence of Riemann tensor indexed polynomials. However, it remains to be a challenging problem since Grobner basis theory is not yet powerful enough to deal with ideals that cannot be finitely generated. This paper solves the problem by extending Grobner basis theory. First, the polynomials are described via an infinitely generated free commutative monoid ring. The authors then provide a decomposed form of the Grobner basis of the defining syzygy set in each restricted ring. The canonical form proves to be the normal form with respect to the Grobner basis in the fundamental restricted ring, which allows one to determine the equivalence of polynomials. Finally, in order to simplify the computation of canonical form, the authors find the minimal restricted ring.",wos,llm_reviewed,0.990,confirmed,,doi:10.1007/s11424-017-6325-z
discarded,Group-theoretic approach for symbolic tensor manipulation,"Manssur, LRU; Portugal, R; Svaiter, BF",2002,INTERNATIONAL JOURNAL OF MODERN PHYSICS C,,https://www.webofscience.com/wos/woscc/full-record/WOS:000178842600001,supports-claim; adjacent-subtopic; canonical form for tensor expressions; equality of data-type values not addressed beyond the cited example,"We describe how Computational Group Theory provides tools for manipulating indexed objects (tensors, spinors, and so on) in explicit index notation. In particular, we present algorithms that put tensors with free and dummy indices obeying permutation symmetries into the canonical form. The method is based on algorithms for determining canonical double coset representatives of subgroups of the symmetric group. The complexity of the algorithms is polynomial on the number of indices in practical applications and allows one to-address the simplification of tensor expressions with hundreds of indices, going beyond what is needed in practical applications.",wos,llm_reviewed,0.980,changed,kept->discarded,hash:c93d48025c3fe9de
discarded,An algorithm to simplify tensor expressions,"Portugal, R",1998,COMPUTER PHYSICS COMMUNICATIONS,,https://www.webofscience.com/wos/woscc/full-record/WOS:000077816400010,supports-claim; adjacent-subtopic; canonical form for tensor expressions; equality of data-type values not addressed beyond the cited example,"The problem of simplifying tensor expressions is addressed in two parts. The first part presents an algorithm designed to put tensor expressions into a canonical form, taking into account the symmetries with respect to index permutations and the renaming of dummy indices. The tensor indices are split into classes and a natural place for them is defined. The canonical form is the closest configuration to the natural configuration. In the second part, the Grobner basis method is used to simplify tensor expressions which obey the linear identities that come from cyclic symmetries (or more general tensor identities, including nonlinear identities). The algorithm is suitable for implementation in general purpose computer algebra systems. Some timings of an experimental implementation over the Riemann package are shown. (C) 1998 Published by Elsevier Science B.V.",wos,llm_reviewed,0.980,changed,kept->discarded,hash:1fddff0a0d7318be
kept,A normal form for function rings of piecewise functions,"Von Mohrenschildt, M",1998,JOURNAL OF SYMBOLIC COMPUTATION,,https://www.webofscience.com/wos/woscc/full-record/WOS:000076662700003,supports-claim; cross-domain-equality,"Computer algebra systems often have to deal with piecewise continuous functions. These are, for example, the absolute value function, signum, piecewise defined functions but also functions that are the supremum or infimum of two functions. We present a new algebraic approach to these types of problems. This paper presents a normal form for a function ring containing piecewise polynomial functions of a real variable. We give a complete rule system to compute the normal form of an expression. The main result is that this normal form can be used to decide extensional equality of two piecewise functions. Also we define supremum and infimum for piecewise functions; in fact, we show that the function ring forms a lattice. Additionally, a method to solve equalities and inequalities in this function ring is presented. Finally, we give a ""user interface"" to the algebraic representation of the piecewise functions. (C) 1998 Academic Press.",wos,llm_reviewed,1.000,confirmed,,hash:ba96c15e11249b05
discarded,STABILITY OF THE PLANETARY 3-BODY PROBLEM .1. EXPANSION OF THE PLANETARY HAMILTONIAN,"LASKAR, J; ROBUTEL, P",1995,CELESTIAL MECHANICS & DYNAMICAL ASTRONOMY,,https://www.webofscience.com/wos/woscc/full-record/WOS:A1995TC82900001,off-topic-false-hit,We present a direct method for the expansion of the planetary Hamiltonian in Poincare canonical elliptic variables with its effective implementation in computer algebra. This method allows us to demonstrate the existence of simplifications occurring in the analytical expression of the Hamiltonian coefficients. All the coefficients depending on the ratio of the semi major axis can thus be expressed in a concise and canonical form.,wos,llm,0.950,unreviewed,,hash:9696b950c3675c25
discarded,The Method of Colored Graphs for Simplifying Expressions with Indices,G.B. Shpiz,2021,Programming and Computer Software,10.1134/S0361768821010102,https://www.scopus.com/inward/record.uri?partnerID=HzOxMe3b&scp=85101565757&origin=inward,supports-claim; qualifies-claim; adjacent-subtopic; canonical form for tensor expressions; equality of data-type values not addressed beyond the cited example,"Abstract Computer algebra is increasingly used in research and applied computations. An example is tensor computations or, in a wide sense, simplification of expressions containing indices. In this paper, the method of colored graphs designed for simplifying abstract expressions containing indices is developed for the case when the indices are of different types. An example of such indices are upper and lower indices in tensor expressions. The proposed approach significantly reduces the number of combinations to be considered when the canonical form of the expression is sought; as a result, the computations are drastically accelerated.",scopus,llm_reviewed,0.960,changed,kept->discarded,doi:10.1134/s0361768821010102
discarded,"PAAR+SC-Square 2020 - Joint Proceedings of the 7th Workshop on Practical Aspects of Automated Reasoning and the 5th Satisfiability Checking and Symbolic Computation Workshop 2020, co-located with the 10th International Joint Conference on Automated Reasoning, IJCAR 2020",,2020,Ceur Workshop Proceedings,,https://www.scopus.com/inward/record.uri?partnerID=HzOxMe3b&scp=85097257438&origin=inward,adjacent-subtopic,,scopus,llm,0.880,unreviewed,,hash:d3c13f4077d49462
discarded,Simplification of tensor expressions in computer algebra,A. Kryukov,2019,Journal of Physics Conference Series,10.1088/1742-6596/1163/1/012052,https://www.scopus.com/inward/record.uri?partnerID=HzOxMe3b&scp=85064392104&origin=inward,supports-claim; adjacent-subtopic; canonical form for tensor expressions; equality of data-type values not addressed beyond the cited example,"Computer algebra is widely used in various fields of mathematics, physics and other sciences. The simplification of tensor expressions is an important special case of computer algebra. In this paper, we consider the reduction of tensor polynomials to canonical form, taking into account the properties of symmetry under permutations of indices, the symmetries associated with the renaming of summation indices, and also linear relations between tensors of a general form. We give a definition of the canonical representation for polynomial (multiplicative) expressions of variables with abstract indices, which is the result of averaging of the original expression by the action of some finite group (the signature stabilizer). In practice, the proposed algorithms demonstrate high efficiency for expressions made of Riemann curvature tensors.",scopus,llm_reviewed,0.970,changed,kept->discarded,doi:10.1088/1742-6596/1163/1/012052
discarded,Canonical Representation of Polynomial Expressions with Indices,G. Shpiz,2019,Programming and Computer Software,10.1134/S0361768819020105,https://www.scopus.com/inward/record.uri?partnerID=HzOxMe3b&scp=85066251893&origin=inward,supports-claim; adjacent-subtopic; canonical form for tensor expressions; equality of data-type values not addressed beyond the cited example,"Abstract Computer algebra methods are widely employed in various branches of mathematics, physics, and other sciences. Simplification of algebraic expressions with indices is one of the important problems. Tensor expressions are the most typical example of these expressions. This paper briefly describes some basic methods for reducing expressions with indices to canonical form. The focus is placed on taking into account the properties of symmetries with respect to various permutations of indices in elementary symbols, symmetries associated with renaming summation indices, and general linear relationships among them. This paper also gives a definition of canonical representation for polynomial (multiplicative) expressions of variables with abstract indices that results from averaging the initial expression over the action of some finite group (signature stabilizer). In practice, e.g., for expressions of Riemann curvature tensors, the proposed algorithms show high efficiency.",scopus,llm_reviewed,0.970,changed,kept->discarded,doi:10.1134/s0361768819020105
discarded,"17th International Workshop on Computer Algebra in Scientific Computing, CASC 2015",,2015,Lecture Notes in Computer Science Including Subseries Lecture Notes in Artificial Intelligence and Lecture Notes in Bioinformatics,,https://www.scopus.com/inward/record.uri?partnerID=HzOxMe3b&scp=84951138483&origin=inward,adjacent-subtopic,,scopus,llm,0.880,unreviewed,,hash:386021835bff5441
discarded,Ten commandments for good default expression simplification,D. Stoutemyer,2011,Journal of Symbolic Computation,10.1016/j.jsc.2010.08.017,https://www.scopus.com/inward/record.uri?partnerID=HzOxMe3b&scp=79955484360&origin=inward,"qualifies-claim; supports-claim; adjacent-subtopic; computer algebra simplification; the cited CAS sources carry the point (Davenport 2002, Stoutemyer 2011: no abstract obtained)","This article provides goals for the design and improvement of default computer algebra expression simplification. These goals can also help users recognize and partially circumvent some limitations of their current computer algebra systems. Although motivated by computer algebra, many of the goals are also applicable to manual simplification, indicating what transformations are necessary and sufficient for good simplification when no particular canonical result form is required.

After motivating the ten goals, the article then explains how the Altran partially factored form for rational expressions was extended for Derive and for the computer algebra in Texas Instruments products to help fulfill these goals. In contrast to the distributed Altran representation, this recursive partially factored semi-fraction form:

does not unnecessarily force common denominators,

discovers and preserves significantly more factors,

can represent general expressions, and

can produce an entire spectrum from fully factored over a common denominator through complete multivariate partial fractions, including a dense subset of all intermediate forms. (C) 2010 Elsevier Ltd. All rights reserved.",scopus,llm_reviewed,0.980,changed,kept->discarded,doi:10.1016/j.jsc.2010.08.017
