status,title,authors,year,venue,doi,url,tags,abstract,provider,decision_source,llm_confidence,llm_review_outcome,llm_change_direction,paper_id
discarded,Sampling-based algorithms for optimal motion planning,Sertaç Karaman; Emilio Frazzoli,2011,The International Journal of Robotics Research,10.1177/0278364911406761,https://openalex.org/W1481356306,adjacent-subtopic,"During the last decade, sampling-based path planning algorithms, such as probabilistic roadmaps (PRM) and rapidly exploring random trees (RRT), have been shown to work well in practice and possess theoretical guarantees such as probabilistic completeness. However, little effort has been devoted to the formal analysis of the quality of the solution returned by such algorithms, e.g. as a function of the number of samples. The purpose of this paper is to fill this gap, by rigorously analyzing the asymptotic behavior of the cost of the solution returned by stochastic sampling-based algorithms as the number of samples increases. A number of negative results are provided, characterizing existing algorithms, e.g. showing that, under mild technical conditions, the cost of the solution returned by broadly used sampling-based algorithms converges almost surely to a non-optimal value. The main contribution of the paper is the introduction of new algorithms, namely, PRM* and RRT* , which are provably asymptotically optimal, i.e. such that the cost of the returned solution converges almost surely to the optimum. Moreover, it is shown that the computational complexity of the new algorithms is within a constant factor of that of their probabilistically complete (but not asymptotically optimal) counterparts. The analysis in this paper hinges on novel connections between stochastic sampling-based path planning algorithms and the theory of random geometric graphs.",openalex,llm,0.990,unreviewed,,doi:10.1177/0278364911406761
discarded,Deriving a lazy abstract machine,Peter Sestoft,1997,Journal of Functional Programming,10.1017/s0956796897002712,https://openalex.org/W2103859677,adjacent-subtopic,"We derive a simple abstract machine for lazy evaluation of the lambda calculus, starting from Launchbury's natural semantics. Lazy evaluation here means non-strict evaluation with sharing of argument evaluation, i.e. call-by-need. The machine we derive is a lazy version of Krivine's abstract machine, which was originally designed for call-by-name evaluation. We extend it with datatype constructors and base values, so the final machine implements all dynamic aspects of a lazy functional language.",openalex,llm,0.970,unreviewed,,doi:10.1017/s0956796897002712
discarded,Low Overhead Scheduling of LoRa Transmissions for Improved Scalability,Jetmir Haxhibeqiri; Ingrid Moerman; Jeroen Hoebeke,2018,IEEE Internet of Things Journal,10.1109/jiot.2018.2878942,https://openalex.org/W2898664533,adjacent-subtopic,"Recently, LoRaWAN has attracted much attention for the realization of many Internet of Things applications because it offers low-power, long-distance, and low-cost wireless communication. Recent works have shown that the LoRaWAN specification for class A devices comes with scalability limitations due to the ALOHA-like nature of the MAC layer. In this paper, we propose a synchronization and scheduling mechanism for LoRaWAN networks consisting of class A devices. The mechanism runs on top of the LoRaWAN MAC layer. A central network synchronization and scheduling entity will schedule uplink and downlink transmissions. In order to reduce the synchronization packet length, all time slots that are being assigned to an end node are encoded in a probabilistic space-efficient data structure. An end node will check if a time slot is part of the received data structure in order to determine when to transmit. Time slots are assigned based on the traffic needs of the end nodes. We show that in case of a nonsaturated multichannel LoRaWAN network with synchronization being done in a separate channel, the packet delivery ratio (PDR) is easily 7% (for SF7) to 30% (for SF12) higher than in an unsynchronized LoRaWAN network. For saturated networks, the differences in PDR become more profound as nodes are only scheduled as long as they can be accommodated given the remaining capacity of the network. The synchronization process will use less than 3-mAh extra battery capacity per end node during a one year period, for synchronization periods longer than three days. This is less than the battery capacity used to transmit packets that are going to be lost in an unsynchronized network due to collisions.",openalex,llm,0.990,unreviewed,,doi:10.1109/jiot.2018.2878942
discarded,Virtual online consultations: advantages and limitations (VOCAL) study,Trisha Greenhalgh; Shanti Vijayaraghavan; Joseph P. Wherton; Sara Elizabeth Shaw; Emma Byrne; Desirée Campbell-Richards; Satya Bhattacharya; Philippa Hanson; Seendy Ramoutar; Charles Gutteridge; Isabel Hodkinson; Anna Collard; Joanne H. Morris,2016,BMJ Open,10.1136/bmjopen-2015-009388,https://openalex.org/W2263467157,off-topic-false-hit,"INTRODUCTION: Remote video consultations between clinician and patient are technically possible and increasingly acceptable. They are being introduced in some settings alongside (and occasionally replacing) face-to-face or telephone consultations. METHODS: To explore the advantages and limitations of video consultations, we will conduct in-depth qualitative studies of real consultations (microlevel) embedded in an organisational case study (mesolevel), taking account of national context (macrolevel). The study is based in 2 contrasting clinical settings (diabetes and cancer) in a National Health Service (NHS) acute trust in London, UK. Main data sources are: microlevel--audio, video and screen capture to produce rich multimodal data on 45 remote consultations; mesolevel--interviews, ethnographic observations and analysis of documents within the trust; macrolevel--key informant interviews of national-level stakeholders and document analysis. Data will be analysed and synthesised using a sociotechnical framework developed from structuration theory. ETHICS APPROVAL: City Road and Hampstead NHS Research Ethics Committee, 9 December 2014, reference 14/LO/1883. PLANNED OUTPUTS: We plan outputs for 5 main audiences: (1) academics: research publications and conference presentations; (2) service providers: standard operating procedures, provisional operational guidance and key safety issues; (3) professional bodies and defence societies: summary of relevant findings to inform guidance to members; (4) policymakers: summary of key findings; (5) patients and carers: 'what to expect in your virtual consultation'. DISCUSSION: The research literature on video consultations is sparse. Such consultations offer potential advantages to patients (who are spared the cost and inconvenience of travel) and the healthcare system (eg, they may be more cost-effective), but fears have been expressed that they may be clinically risky and/or less acceptable to patients or staff, and they bring significant technical, logistical and regulatory challenges. We anticipate that this study will contribute to a balanced assessment of when, how and in what circumstances this model might be introduced.",openalex,llm,1.000,unreviewed,,doi:10.1136/bmjopen-2015-009388
discarded,SUTime: A library for recognizing and normalizing time expressions,Angel X. Chang; Christopher D. Manning,2012,,10.63317/5pi53hxdrsdt,https://openalex.org/W2251758222,adjacent-subtopic,"We describe SUTIME, a temporal tagger for recognizing and normalizing temporal expressions in English text.SUTIME is available as part of the Stanford CoreNLP pipeline and can be used to annotate documents with temporal information.It is a deterministic rule-based system designed for extensibility.Testing on the TempEval-2 evaluation corpus shows that this system outperforms state-of-the-art techniques.",openalex,llm,0.850,unreviewed,,doi:10.63317/5pi53hxdrsdt
discarded,Implementing lazy functional languages on stock hardware: the Spineless Tagless G-machine,Simon Jones,1992,Journal of Functional Programming,10.1017/s0956796800000319,https://openalex.org/W2095621310,adjacent-subtopic,"Abstract The Spineless Tagless G-machine is an abstract machine designed to support non-strict higher-order functional languages. This presentation of the machine falls into three parts. Firstly, we give a general discussion of the design issues involved in implementing non-strict functional languages. Next, we present the STG language , an austere but recognizably-functional language, which as well as a denotational meaning has a well-defined operational semantics. The STG language is the ‘abstract machine code’ for the Spineless Tagless G-machine. Lastly, we discuss the mapping of the STG language onto stock hardware. The success of an abstract machine model depends largely on how efficient this mapping can be made, though this topic is often relegated to a short section. Instead, we give a detailed discussion of the design issues and the choices we have made. Our principal target is the C language, treating the C compiler as a portable assembler.",openalex,llm,0.980,unreviewed,,doi:10.1017/s0956796800000319
discarded,"Relax, but Don’t be Too Lazy",Joris van der Hoeven,2002,Journal of Symbolic Computation,10.1006/jsco.2002.0562,https://openalex.org/W2060801388,adjacent-subtopic,"Assume that we wish to expand the product h = fg of two formal power series f and g. Classically, there are two types of algorithms to do this: zealous algorithms first expand f and g up to order n, multiply the results and truncate at order n. Lazy algorithms on the contrary compute the coefficients of f, g and h gradually and they perform no more computations than strictly necessary at each stage. In particular, at the moment we compute the coefficient h(i) of z(i) in h, only f(0),...,f(i) and g(0),..., g(i) are known.

Lazy, algorithms have the advantage that the coefficients of f and g may actually depend on ""previous"" coefficients of h, as long as they are computed before they are needed in the multiplication, i.e. the coefficients f(i) and g(i) may depend on h(0),....,h(i-1). For this reason, lazy algorithms are extremely useful when solving functional equations in rings of formal power series. However, lazy algorithms have the disadvantage that the classical asymptotically fast multiplication algorithms on polynomials-such as the divide and conquer algorithm and fast Fourier multiplication-cannot be used.

In a previous paper, we therefore introduced relaxed algorithms, which share the property concerning the resolution of functional equations with lazy algorithms, but perform slightly more computations than lazy algorithms during the computation of a given coefficient of h. These extra computations anticipate the computations of the next coefficients of h and dramatically improve the asymptotic time complexities of such algorithms.

In this paper, we survey several classical and new zealous algorithms for manipulating formal power series, including algorithms for multiplication, division, resolution of differential equations, composition and reversion. Next, we give various relaxed algorithms for these operations. All algorithms are specified in great detail and we prove theoretical time and space complexity bounds. Most algorithms have been experimentally implemented in C++ and we provide benchmarks. We conclude by some suggestions for future developments and a discussion of the fitness of the lazy and relaxed approaches for specific applications.

This paper is intended both for those who are interested in the most recent algorithms for the manipulation of formal power series and for those who want to actually implement a power series library into a computer algebra system. (C) 2002 Elsevier Science Ltd. All rights reserved.",openalex,llm,0.830,unreviewed,,doi:10.1006/jsco.2002.0562
discarded,Strengths and Limitations of Period Estimation Methods for Circadian Data,T. Zieliński; Anne Moore; Eilidh Troup; Karen Halliday; Andrew John Millar,2014,PLoS ONE,10.1371/journal.pone.0096462,https://openalex.org/W2042167665,off-topic-false-hit,"A key step in the analysis of circadian data is to make an accurate estimate of the underlying period. There are many different techniques and algorithms for determining period, all with different assumptions and with differing levels of complexity. Choosing which algorithm, which implementation and which measures of accuracy to use can offer many pitfalls, especially for the non-expert. We have developed the BioDare system, an online service allowing data-sharing (including public dissemination), data-processing and analysis. Circadian experiments are the main focus of BioDare hence performing period analysis is a major feature of the system. Six methods have been incorporated into BioDare: Enright and Lomb-Scargle periodograms, FFT-NLLS, mFourfit, MESA and Spectrum Resampling. Here we review those six techniques, explain the principles behind each algorithm and evaluate their performance. In order to quantify the methods' accuracy, we examine the algorithms against artificial mathematical test signals and model-generated mRNA data. Our re-implementation of each method in Java allows meaningful comparisons of the computational complexity and computing time associated with each algorithm. Finally, we provide guidelines on which algorithms are most appropriate for which data types, and recommendations on experimental design to extract optimal data for analysis.",openalex,llm,0.990,unreviewed,,doi:10.1371/journal.pone.0096462
discarded,Quantization and Training of Neural Networks for Efficient Integer-Arithmetic-Only Inference,Benoit Jacob; Skirmantas Kligys; Bo Chen; Menglong Zhu; Matthew F. Tang; Andrew Howard; Hartwig Adam; Dmitry Kalenichenko,2018,,10.1109/cvpr.2018.00286,https://openalex.org/W2777406049,adjacent-subtopic,"The rising popularity of intelligent mobile devices and the daunting computational cost of deep learning-based models call for efficient and accurate on-device inference schemes. We propose a quantization scheme that allows inference to be carried out using integer-only arithmetic, which can be implemented more efficiently than floating point inference on commonly available integer-only hardware. We also co-design a training procedure to preserve end-to-end model accuracy post quantization. As a result, the proposed quantization scheme improves the tradeoff between accuracy and on-device latency. The improvements are significant even on MobileNets, a model family known for run-time efficiency, and are demonstrated in ImageNet classification and COCO detection on popular CPUs.",openalex,llm,0.990,unreviewed,,doi:10.1109/cvpr.2018.00286
discarded,HiC-Pro: an optimized and flexible pipeline for Hi-C data processing,Nicolas Servant; Nelle Varoquaux; Bryan R. Lajoie; Eric Viara; Chong-Jian Chen; Jean‐Philippe Vert; Édith Heard; Job Dekker; Emmanuel Barillot,2015,Genome biology,10.1186/s13059-015-0831-x,https://openalex.org/W2185693210,off-topic-false-hit,"HiC-Pro is an optimized and flexible pipeline for processing Hi-C data from raw reads to normalized contact maps. HiC-Pro maps reads, detects valid ligation products, performs quality controls and generates intra- and inter-chromosomal contact maps. It includes a fast implementation of the iterative correction method and is based on a memory-efficient data format for Hi-C contact maps. In addition, HiC-Pro can use phased genotype data to build allele-specific contact maps. We applied HiC-Pro to different Hi-C datasets, demonstrating its ability to easily process large data in a reasonable time. Source code and documentation are available at http://github.com/nservant/HiC-Pro .",openalex,llm,0.990,unreviewed,,doi:10.1186/s13059-015-0831-x
discarded,Non first normal form relations to represent hierarchically organized data,Serge Abiteboul; Nicole Bidoít,1984,,10.1145/588011.588038,https://openalex.org/W2020635076,adjacent-subtopic,"Article Free Access Share on Non first normal form relations to represent hierarchically organized data Authors: Serge Abiteboul Institut National de Recherche en Informatique et Automatique, 78153 Le Chesnay, FRANCE Institut National de Recherche en Informatique et Automatique, 78153 Le Chesnay, FRANCEView Profile , Nicole Bidoit Institut National de Recherche en Informatique et Automatique, 78153 Le Chesnay, FRANCE and Laboratoire de Recherche en Informatique, Université de Paris-Sud, Orsay, FRANCE. Institut National de Recherche en Informatique et Automatique, 78153 Le Chesnay, FRANCE and Laboratoire de Recherche en Informatique, Université de Paris-Sud, Orsay, FRANCE.View Profile Authors Info & Claims PODS '84: Proceedings of the 3rd ACM SIGACT-SIGMOD symposium on Principles of database systemsApril 1984 Pages 191–200https://doi.org/10.1145/588011.588038Online:02 April 1984Publication History 96citation665DownloadsMetricsTotal Citations96Total Downloads665Last 12 Months5Last 6 weeks0 Get Citation AlertsNew Citation Alert added!This alert has been successfully added and will be sent to:You will be notified whenever a record that you have chosen has been cited.To manage your alert preferences, click on the button below.Manage my AlertsNew Citation Alert!Please log in to your account Save to BinderSave to BinderCreate a New BinderNameCancelCreateExport CitationPublisher SiteeReaderPDF",openalex,llm,0.990,unreviewed,,doi:10.1145/588011.588038
discarded,Pretreating and normalizing metabolomics data for statistical analysis,Jun Sun; Yinglin Xia,2023,Genes & Diseases,10.1016/j.gendis.2023.04.018,https://openalex.org/W4383501045,off-topic-false-hit,"Metabolomics as a research field and a set of techniques is to study the entire small molecules in biological samples. Metabolomics is emerging as a powerful tool generally for precision medicine. Particularly, integration of microbiome and metabolome has revealed the mechanism and functionality of microbiome in human health and disease. However, metabolomics data are very complicated. Preprocessing/pretreating and normalizing procedures on metabolomics data are usually required before statistical analysis. In this review article, we comprehensively review various methods that are used to preprocess and pretreat metabolomics data, including MS-based data and NMR -based data preprocessing, dealing with zero and/or missing values and detecting outliers, data normalization, data centering and scaling, data transformation. We discuss the advantages and limitations of each method. The choice for a suitable preprocessing method is determined by the biological hypothesis, the characteristics of the data set, and the selected statistical data analysis method. We then provide the perspective of their applications in the microbiome and metabolome research.",openalex,llm,0.990,unreviewed,,doi:10.1016/j.gendis.2023.04.018
discarded,Instant neural graphics primitives with a multiresolution hash encoding,Thomas Müller; Alex Evans; Christoph Schied; Alexander Keller,2022,ACM Transactions on Graphics,10.1145/3528223.3530127,https://openalex.org/W4221151978,adjacent-subtopic,"Neural graphics primitives, parameterized by fully connected neural networks, can be costly to train and evaluate. We reduce this cost with a versatile new input encoding that permits the use of a smaller network without sacrificing quality, thus significantly reducing the number of floating point and memory access operations: a small neural network is augmented by a multiresolution hash table of trainable feature vectors whose values are optimized through stochastic gradient descent. The multiresolution structure allows the network to disambiguate hash collisions, making for a simple architecture that is trivial to parallelize on modern GPUs. We leverage this parallelism by implementing the whole system using fully-fused CUDA kernels with a focus on minimizing wasted bandwidth and compute operations. We achieve a combined speedup of several orders of magnitude, enabling training of high-quality neural graphics primitives in a matter of seconds, and rendering in tens of milliseconds at a resolution of 1920×1080.",openalex,llm,0.980,unreviewed,,doi:10.1145/3528223.3530127
discarded,Efficient normal-form parsing for combinatory categorial grammar,Jason M. Eisner,1996,,10.3115/981863.981874,https://openalex.org/W2108227097,"supports-claim; adjacent-subtopic; normalisation of programs, queries or documents for comparison; not values of a data type","Under categorial grammars that have powerful rules like composition, a simple n-word sentence can have exponentially many parses. Generating all parses is inefficient and obscures whatever true semantic ambiguities are in the input. This paper addresses the problem for a fairly general form of Combinatory Categorial Grammar, by means of an efficient, correct, and easy to implement normal-form parsing technique. The parser is proved to find exactly one parse in each semantic equivalence class of allowable parses; that is, spurious ambiguity (as carefully defined) is shown to be both safely and completely eliminated.",openalex,llm_reviewed,0.980,changed,kept->discarded,doi:10.3115/981863.981874
