status,title,authors,year,venue,doi,url,tags,abstract,provider,decision_source,llm_confidence,llm_review_outcome,llm_change_direction,paper_id
kept,Canonical Computation without Canonical Representation,Alan Mishchenko; Robert Brayton; Ana Petkovska; Mathias Soeken; Luca Amarú; Antun Domic,2018,2018 55th ACM/ESDA/IEEE Design Automation Conference (DAC),10.1109/DAC.2018.8465857,https://ieeexplore.ieee.org/document/8465857/,supports-claim; qualifies-claim; normalisation-cost,"A representation of a Boolean function is canonical if, given a variable order, only one instance of the representation is possible for the function. A computation is canonical if the result depends only on the Boolean function and a variable order, and does not depend on how the function is represented and how the computation is implemented. In the context of Boolean satisfiability (SAT), canonicity of the computation implies that the result (a satisfying assignment for satisfiable instances and an abstraction of the unsat core for unsatisfiable instances) does not depend on the functional representation and the SAT solver used. This paper shows that SAT-based computations can be made canonical, even though the SAT solver is not using a canonical data structure. This brings advantages in EDA applications, such as irredundant sum of product (ISOP) computation, counter-example minimization, etc, where the uniqueness of solutions and/or improved quality of results justify a runtime overhead.",ieee,llm_reviewed,0.980,confirmed,,doi:10.1109/dac.2018.8465857
discarded,Efficient fuzzy search enabled hash map,V. Topac,2010,4th International Workshop on Soft Computing Applications,10.1109/SOFA.2010.5565628,https://ieeexplore.ieee.org/document/5565628/,adjacent-subtopic,"Hash maps are data structures widely used in modern programming languages like Java for their simplicity and efficiency. When fuzzy string search is needed (like in natural language processing) finding an approximate key match in a regular Java HashMap is a trivial task. It usually requires the brute force method of iterating trough the set of keys and use of string metrics methods. Although this approach works it is time consuming and loses the hashing advantage of the hash map. Another option is to use a different data structure like TreeMap, which is faster, but also have limitations on fuzzy string search. This article presents FuzzyHashMap, an extension to the regular Java HashMap data structure allowing highly efficient fuzzy string key search. Based on object oriented principles this extended hash map uses a custom key that enables different types of pre-hashing functions and different types of dynamic programming algorithms for approximate string matching. Customizable algorithms and settings bring flexibility to this new data structure, making it adaptable to each specific use case. Fuzzy string search performance comparison between FuzzyHashMap and the regular HashMap are presented for both accuracy and time consumption. Results show very good performance for FuzzyHashMap compared to the regular HashMap. Some real use cases for the extended hash map are listed. All the work described in this paper is released as open source, making it easy for the community to use and extend the capabilities of the current implementation.",ieee,llm,0.960,unreviewed,,doi:10.1109/sofa.2010.5565628
discarded,A Comprehensive Empirical Evaluation of Token-Oriented Object Notation (TOON) for Large Language Model Applications,K. Ahaidous; L. Aarif; J. Schopplich; M. Tabaa; H. Hachimi,2026,IEEE Access,10.1109/ACCESS.2026.3707409,https://ieeexplore.ieee.org/document/11578959/,adjacent-subtopic,"Large language models operate on token-based pricing models, where input efficiency directly impacts operational costs. Traditional serialization formats such as JSON introduce substantial token overhead through redundant delimiters and repeated field names, yet structured data serialization for LLM consumption remains underexplored compared to natural language prompt compression. This paper presents a comprehensive empirical evaluation of Token-Oriented Object Notation (TOON), a lossless, human-readable serialization format designed to minimize token consumption through indentation-based nesting, tabular array encoding, and explicit structural metadata. We conducted 5,016 evaluations across 11 datasets spanning uniform tabular to deeply nested structures, 209 questions covering five task types, 6 serialization formats (TOON, JSON, JSON-compact, YAML, XML, CSV), and 4 language models (Claude Haiku 4.5, Gemini 2.5 Flash, GPT-5-nano, Grok-4-fast-non-reasoning), measuring both token efficiency and comprehension accuracy. Token efficiency analysis was further extended to 14 datasets including 3 real-world API sources (HuggingFace Datasets API, NPM registry, REST Countries), evaluated across 7 tokenizer families (GPT o200k, Claude API, LLaMA 3.1, Mistral 7B, Qwen 2.5, Gemma 2, Phi-3) with bootstrap statistical validation. Our results show that TOON reduces token consumption by 39.6% on average compared to JSON (2,744 vs 4,545 tokens per evaluation), with reductions reaching 59-61% on highly uniform tabular data. These efficiency gains are consistent across all 7 tokenizers tested, confirming they are not an artifact of GPT tokenization. Comprehension accuracy improves to 73.9% versus JSON’s 69.7% overall, with particularly strong gains on aggregation tasks (54.4% vs 48.8%) and structural validation (70% vs 50%). However, TOON is less efficient than JSON-compact on nested and heterogeneous structures, and models failed to consistently exploit TOON’s explicit length metadata for truncation detection, achieving 0% accuracy on truncation cases despite perfect metadata availability. These results provide a statistically validated empirical basis for format-optimized data serialization in LLM applications, demonstrating that careful format design can simultaneously reduce operational costs and improve model understanding, while clarifying the data structure conditions and limitations under which these benefits apply.",ieee,llm,0.970,unreviewed,,doi:10.1109/access.2026.3707409
discarded,FifthNet: Structured Compact Neural Networks for Automatic Chord Recognition,Ken O’Hanlon; Mark B. Sandler,2021,"IEEE/ACM Transactions on Audio, Speech, and Language Processing",10.1109/TASLP.2021.3070158,https://ieeexplore.ieee.org/document/9399463/,adjacent-subtopic,"Deep learning has become popular for many music processing tasks with Convolutional Neural Networks (CNNs) often applied. CNNs can be computationally expensive, a problem that may be alleviated through design of compact network elements or by compressing trained networks. CNNs assemble high-level structure in a hierarchical fashion, starting from small simple local patterns. On the other hand, much structure found in music spectra, such as harmonicity, is already well-defined. Both signal representations and processing methods have previously exploited such structure. We propose FifthNet, a compact neural network that is applied to the task of Automatic Chord Recognition (ACR). The compactness of FifthNet is effected through exploiting known data structure; first by arranging the network inputs according to expected data structures, then by separating processing of the semantically meaningful dimensions of the data. FifthNet is then seen to perform similar to a state-of-the-art CNN for ACR while employing only a small percentage of the parameters and computational expense used by the CNN.",ieee,llm,0.980,unreviewed,,doi:10.1109/taslp.2021.3070158
discarded,The Future is Hybrid: Next Generation Data Structures for Formal Verification,Rolf Drechsler; Christina Plump; Martha Schnieber,2024,2024 IEEE 33rd Asian Test Symposium (ATS),10.1109/ATS64447.2024.10915489,https://ieeexplore.ieee.org/document/10915489/,adjacent-subtopic,"Trust in electronic devices is dependent on their safe and reliable behavior. An integral part is the correct design of the hardware. While classically simulation-based approaches have been applied, only through formal proof techniques complete correctness can be guaranteed. The core of these formal approaches, and responsible for time and space complexity, is the choice of the underlying data structure to represent the functional behavior. A significant class of data structures are graph-based function representations, like BDDs, KFDDs or *BMDs. These have shown excellent properties – provability in polynomial time and space – for some function classes, e.g., adders. Experimental studies have validated these properties, and formal proofs can guarantee this behavior. Unfortunately, these properties often cannot be generalized to varying function classes. One reason is that graph-based representations are usually tailored for either bit-level or word-level functions. However, designing hybrid data structures that can represent both types in parallel might allow formal proofs for even larger functional classes.In this paper, we demonstrate how to design these hybrid data structures, overcoming limitations of current formal verification approaches. We introduce a generalized concept on decompositions and graph-based function representations based on Kronecker matrices with an extended element space and dimension. It is shown how these extensions allow the representation of hybrid function classes, paving the way for more trust in electronic devices.",ieee,llm,0.830,unreviewed,,doi:10.1109/ats64447.2024.10915489
discarded,The Space of Interaction,Beniamino Accattoli; Ugo Dal Lago; Gabriele Vanoni,2021,2021 36th Annual ACM/IEEE Symposium on Logic in Computer Science (LICS),10.1109/LICS52264.2021.9470726,https://ieeexplore.ieee.org/document/9470726/,adjacent-subtopic,"The space complexity of functional programs is not well understood. In particular, traditional implementation techniques are tailored to time efficiency, and space efficiency induces time inefficiencies, as it prefers re-computing to saving. Girard's geometry of interaction underlies an alternative approach based on the interaction abstract machine (IAM), claimed as space efficient in the literature. It has also been conjectured to provide a reasonable notion of space for the λ-calculus, but such an important result seems to be elusive.In this paper we introduce a new intersection type system precisely measuring the space consumption of the IAM on the typed term. Intersection types have been repeatedly used to measure time, which they achieve by dropping idempotency, turning intersections into multisets. Here we show that the space consumption of the IAM is connected to a further structural modification, turning multisets into trees. Tree intersection types lead to a finer understanding of some space complexity results from the literature. They also shed new light on the conjecture about reasonable space: we show that the usual way of encoding Turing machines into the λ-calculus cannot be used to prove that the space of the IAM is a reasonable cost model.",ieee,llm,0.980,unreviewed,,doi:10.1109/lics52264.2021.9470726
discarded,Elastic matching of diffusion tensor MRIs,D. Alexander; J. Gee; R. Bajcsy,1999,Proceedings. 1999 IEEE Computer Society Conference on Computer Vision and Pattern Recognition (Cat. No PR00149),10.1109/CVPR.1999.786946,https://ieeexplore.ieee.org/document/786946/,off-topic-false-hit,"In this paper we discuss work on the use of diffusion tensor MRIs for inter-subject brain matching. A multiresolution elastic matching algorithm for spatial normalisation of 3D image data, has been adapted for use with diffusion tensor data. The hope is that by exploitation of the added information contained in the diffusion tensor image, improved anatomical matches can be found, particularly in white matter regions of the brain. Results show that by matching on the diffusion tensor alone, anisotropic regions of the brain (white matter) are aligned better than if the match is computed on standard structural data. However, there is a cost of some accuracy in the alignment of prominent features in more conventional, structural MRI data, such as PD-, TI- and T2-weighted imagery. If both types of data to drive the matching process, prominent features in both images can be aligned simultaneously. The motivation for this work lies in the characterisation of the distribution of brain images taken from population groups.",ieee,llm,0.990,unreviewed,,doi:10.1109/cvpr.1999.786946
discarded,A Deep Learning Approach for Psychosis Spectrum Label Noise Detection from Multimodal Neuroimaging Data,Hooman Rokham; Haleh Falakshahi; Vince D. Calhoun,2023,2023 45th Annual International Conference of the IEEE Engineering in Medicine & Biology Society (EMBC),10.1109/EMBC40787.2023.10339949,https://ieeexplore.ieee.org/document/10339949/,off-topic-false-hit,"Understanding the structural and functional mechanisms of the brain is challenging for mood and mental disorders. Many neuroimaging techniques are widely used to reveal hidden patterns from different brain imaging modalities. However, these findings are bounded by the limitation of each modality. In addition, the lack of validity of current psychosis nosology created more complications in understanding biomarkers. In this study, we introduced a deep convolutional framework to classify and identify label noises using structural and functional magnetic resonance imaging data. We applied our method to functional and structural MRI data from a schizophrenia dataset and evaluated the model’s performance in a cross-validated form. In addition, we introduced a noise criterion to distinguish a potentially noisy subject for each modality. Our results show the learned model using resting-state functional MRI data is more informative and has higher performance in comparison with structural MRI data. Lastly, based on the noise level, we investigated potential borderline subjects as possible subtypes and made a statistical analysis to distinguish differences between resting-state static functional connectivity features.Clinical Relevance— Results show schizophrenia patients are separable from the healthy control group based on their neuroimaging data and resting-state functional MRI data is more informative than structural MRI data and hence contains less label noise.",ieee,llm,0.990,unreviewed,,doi:10.1109/embc40787.2023.10339949
discarded,Optimized Word Segmentation for the Word Based Cursive Handwriting Recognition,Muhammad M. Mehdi; Aqsa Riaz,2013,2013 European Modelling Symposium,10.1109/EMS.2013.52,https://ieeexplore.ieee.org/document/6779863/,adjacent-subtopic,"This paper is the result of research carried out to enhance the efficiency of cursive handwriting word based segmentation for sigma based offline cursive handwriting recognition. After success in recognition process the optimization process was undertaken. A new algorithm with the combination of smart data structure techniques was successfully developed and tested over various samples. Also the comparative analysis was taken in extensive research between bitmap and bitmap data. The algorithm was tested on both type of images and results under different circumstances were compared. Each image type had its advantaged and disadvantages. The segmentation time was well reduced by using basic iteration for just reading the image else every calculation and word segmentation was handled by different data structures depending upon their use and function they handle the best in different situations. Binary image made it faster with loss of some quality while with retaining the quality the speed was still better than before. The idea of using during-process image scaling and re-scaling is also under consideration and experiment. The input images to the algorithm were already processed, normalized and noise removed by edge detection techniques using very careful threshold to have the difference between a word and a noise. This segmentation algorithm is one of its kinds as it has been for the first time applied on word based handwriting. During the comparison search with other algorithms only one paper was found which used almost the same technique but it was for character based handwriting recognition [13].",ieee,llm,0.980,unreviewed,,doi:10.1109/ems.2013.52
discarded,Some Stability Measures for Software Maintenance,S.S. Yau; J.S. Collofello,1980,IEEE Transactions on Software Engineering,10.1109/TSE.1980.234503,https://ieeexplore.ieee.org/document/1702781/,adjacent-subtopic,"Software maintenance is the dominant factor contributing to the high cost of software. In this paper, the software maintenance process and the important software quality attributes that affect the maintenance effort are discussed. One of the most important quality attributes of software maintainability is the stability of a program, which indicates the resistance to the potential ripple effect that the program would have when it is modified. Measures for estimating the stability of a program and the modules of which the program is composed are presented, and an algorithm for computing these stability measures is given. An algorithm for normalizing these measures is also given. Applications of these measures during the maintenance phase are discussed along with an example. An indirect validation of these stability measures is also given. Future research efforts involving application of these measures during the design phase, program restructuring based on these measures, and the development of an overall maintainability measure are also discussed.",ieee,llm,0.970,unreviewed,,doi:10.1109/tse.1980.234503
discarded,Dynamic multi-agent influence diagrams for modeling multistage games,Zhong-Yu Zhang; Wei-Yu Liu; Wei-Hua Li,2002,Proceedings. International Conference on Machine Learning and Cybernetics,10.1109/ICMLC.2002.1167387,https://ieeexplore.ieee.org/document/1167387/,adjacent-subtopic,"The traditional representations of games using the extensive form or the strategic (normal) form obscure much of the structure that is present in real-world games. We extend multi-agent influence diagrams into dynamic multi-agent influence diagrams. In consequence, this data structure can be used for modeling multistage games and clearly representing them in semantics of time. It can also simplify the dependence relations between variables in multi-agent influence diagrams of multi-agent context.",ieee,llm,0.970,unreviewed,,doi:10.1109/icmlc.2002.1167387
discarded,Efficient search algorithm for SimRank,Yasuhiro Fujiwara; Makoto Nakatsuji; Hiroaki Shiokawa; Makoto Onizuka,2013,2013 IEEE 29th International Conference on Data Engineering (ICDE),10.1109/ICDE.2013.6544858,https://ieeexplore.ieee.org/document/6544858/,adjacent-subtopic,"Graphs are a fundamental data structure and have been employed to model objects as well as their relationships. The similarity of objects on the web (e.g., webpages, photos, music, micro-blogs, and social networking service users) is the key to identifying relevant objects in many recent applications. SimRank, proposed by Jeh and Widom, provides a good similarity score and has been successfully used in many applications such as web spam detection, collaborative tagging analysis, link prediction, and so on. SimRank computes similarities iteratively, and it needs O(N4T) time and O(N2) space for similarity computation where N and T are the number of nodes and iterations, respectively. Unfortunately, this iterative approach is computationally expensive. The goal of this work is to process top-k search and range search efficiently for a given node. Our solution, SimMat, is based on two ideas: (1) It computes the approximate similarity of a selected node pair efficiently in non-iterative style based on the Sylvester equation, and (2) It prunes unnecessary approximate similarity computations when searching for the high similarity nodes by exploiting estimations based on the Cauchy-Schwarz inequality. These two ideas reduce the time and space complexities of the proposed approach to O(Nn) where n is the target rank of the low-rank approximation (n ≪ N in practice). Our experiments show that our approach is much faster, by several orders of magnitude, than previous approaches in finding the high similarity nodes.",ieee,llm,0.980,unreviewed,,doi:10.1109/icde.2013.6544858
