status,title,authors,year,venue,doi,url,tags,abstract,provider,decision_source,llm_confidence,llm_review_outcome,llm_change_direction,paper_id
discarded,"Subsample averaging for non-periodic microstructures: Bias reduction, dispersion increase, and practical trade-offs in computational micromechanics",T. Sentler,2027,European Journal of Mechanics A Solids,10.1016/j.euromechsol.2026.106363,https://www.scopus.com/inward/record.uri?partnerID=HzOxMe3b&scp=105050603621&origin=inward,off-topic-false-hit,"The computation of effective properties of random microstructured materials via representative volume elements (RVE) is affected by both bias and dispersion. For non-periodic microstructures (snapshots), which naturally arise in experiments and imaging-based studies, the bias decays slowly, rendering standard homogenization approaches inaccurate, significantly biased, and therefore unreliable. Recent theoretical results suggest that subsample averaging – evaluating the apparent properties only on a strictly interior subdomain – can significantly reduce the bias. In this work, we investigate the practical performance of subsample averaging for linear elastic particle-reinforced composites using large-scale numerical experiments and FFT-based computational micromechanics. We first demonstrate that subsample averaging must respect the Hill–Mandel condition to improve the convergence behavior of the bias, i.e., both stress and strain fields must be subsample averaged. In particular, the naive approach of subsample averaging the apparent stress alone may reduce the magnitude of the bias, but does not improve its convergence rate. When applied consistently, subsample averaging reduces the magnitude of the bias and produces a more favorable decay trend for the investigated non-periodic microstructures. However, this bias reduction comes at the cost of an increased dispersion due to the reduced sampling domain, resulting in only marginal improvements of the total error when used in isolation. To overcome this limitation, we combine subsample averaging with variance reduction via optimized volume fraction (OVF), which significantly improves overall accuracy and reliability for matrix-inclusion composites. The presented strategy is straightforward to implement and can be readily applied within existing computational frameworks without modifying the underlying solver. These results reveal a fundamental bias–dispersion trade-off associated with subsample averaging and provide practical guidance for computing the effective properties from non-periodic microstructure samples, including samples obtained experimentally.",scopus,llm,0.990,unreviewed,,doi:10.1016/j.euromechsol.2026.106363
discarded,Physical decoupling and kinetic mechanisms of the combustion inertness of pressurized coal gasification fine slag,X. Yang,2027,Fuel,10.1016/j.fuel.2026.140804,https://www.scopus.com/inward/record.uri?partnerID=HzOxMe3b&scp=105045468246&origin=inward,off-topic-false-hit,"Pressurized coal gasification fine slag (PGFS) shows low combustion reactivity due to ash encapsulation. Using gravity separation, high-carbon PGFS-HC was obtained with ash content reduced to 10.73 wt% and SBET increased to 253 m2 & sdot;g-1. Its comprehensive combustion index S increased from 0.09 & times; 10-8 to 14.84 & times; 10-8. TG-MS analysis shows that the CO2 release peak in PGFS-HC coincides with the DTG peak, whereas it is delayed in raw PGFS, indicating that mass transfer limitation rather than carbon graphitization dominates combustion inertness. These results demonstrate that targeted removal of the physical ash barrier is key to improving PGFS combustion and enables cascade utilization of high-carbon and high-ash fractions.",scopus,llm,1.000,unreviewed,,doi:10.1016/j.fuel.2026.140804
discarded,Provable tensor robust principal component analysis via adaptive convex-concave regularization,H. Chen,2027,Signal Processing,10.1016/j.sigpro.2026.110877,https://www.scopus.com/inward/record.uri?partnerID=HzOxMe3b&scp=105049005385&origin=inward,adjacent-subtopic,"Balancing computational efficiency with reconstruction accuracy remains a core challenge in high-dimensional tensor recovery. We propose Adaptive Convex-Concave Tensor Robust Principal Component Analysis (AC2-TRPCA), which jointly leverages data-adaptive column-orthogonal subspace learning within a reduced-core representation and a convex-concave singular value separation strategy. A nonconvex regularizer applied to the reduced core tensor yields a tighter rank approximation and substantially lowers computational and memory complexity. On the theoretical side, we establish an approximate recovery guarantee under a modified tensor incoherence condition and prove that the Alternating Direction Method of Multipliers (ADMM)-based algorithm converges to a generalized Karush-Kuhn-Tucker (KKT) point. Experiments on synthetic data, hyperspectral image denoising, and video background modeling demonstrate that AC2-TRPCA improves reconstruction accuracy by 1.9-4.0 dB while substantially reducing runtime overhead, enabling the processing of large-scale tensors within a fraction of the time required by existing approaches. The source code is publicly available at https://github.com/chy0926/Provable-Tensor-Robust-Principal-Component-Analysis-via-Adaptive-Convex-C oncave-Regularization.",scopus,llm,0.970,unreviewed,,doi:10.1016/j.sigpro.2026.110877
discarded,Tailored graphene quantum dots improve heavy-metal immobilization in municipal solid waste incineration fly ash under low-cement conditions,Y. Gao,2027,Chemical Engineering Science,10.1016/j.ces.2026.124786,https://www.scopus.com/inward/record.uri?partnerID=HzOxMe3b&scp=105045841030&origin=inward,off-topic-false-hit,"Cement solidification/stabilization is widely used to immobilize heavy metals in municipal solid waste incineration fly ash (IFA), but the need for relatively high cement dosages increases the volume of solidified products, treatment cost, and landfill pressure. This study hypothesizes that highly dispersed, oxygen-functionalized graphene quantum dots (GQDs) can enhance heavy metal immobilization under low-cement conditions by promoting hydration-product formation and providing additional metal-binding sites. To test this hypothesis, tailored GQDs were synthesized and incorporated into cement-IFA matrices with a cement-to-IFA mass ratio of 1:5. The immobilization performance and mechanism were evaluated using combined leaching, speciation, microstructural, solution removal, and molecular dynamics analyses. The optimized GQD-modified matrix reduced Pb, Cd, and Zn leaching by 61.7-85.6% and promoted their transformation into more stable chemical fractions. Multiscale analyses indicate that GQDs promote the formation and polymerization of calcium (alumino) silicate hydrate gels, thereby strengthening the physical encapsulation of heavy metals. Meanwhile, oxygen-containing surface groups on GQDs interact with heavy metal ions and suppress their mobility. These synergistic effects improve heavy metal immobilization in the low-cement IFA treatment system. This study provides a feasible strategy for enhancing hazardous IFA treatment under low-cement conditions and suggests a potential engineering application for GQDs.",scopus,llm,1.000,unreviewed,,doi:10.1016/j.ces.2026.124786
discarded,"Enzyme-responsive Pickering emulsion-incorporated whey protein coating-forming system: Preparation, properties and application in banana preservation",H. Yang,2027,Food Hydrocolloids,10.1016/j.foodhyd.2026.113139,https://www.scopus.com/inward/record.uri?partnerID=HzOxMe3b&scp=105045037913&origin=inward,off-topic-false-hit,"We developed a pectin methylesterase (PME)-responsive whey protein coating for postharvest preservation of bananas. The coating incorporated a whey protein isolate-low methoxyl pectin (WPI-LMP) nanocomplexstabilized Pickering emulsion containing a mixed oil phase of thyme essential oil and soybean oil (TEOPE). At an oil-phase fraction of 40%, TEOPE exhibited an average particle size of 693 nm and a zeta-potential of-59 mV, while maintaining a high loading of active compounds and preventing droplet aggregation. The WPI film containing 1.5% (v/v) TEOPE exhibited an elongation at break of 83.21%, accompanied by significantly enhanced overall barrier properties. Moreover, PME-triggered de-esterification of LMP progressively disrupted the WPI-LMP nanocomplex as the PME concentration increased from 0 to 4 mg/mL, leading to an increase in the cumulative release of thyme essential oil (TEO) from 16% to 42%. In preservation trials, the WPI coating containing TEOPE effectively delayed fruit browning, reduced weight loss rate to 5.93%, and maintained hardness, with only a 35.59% reduction compared to 57.19% in the control group. Furthermore, owing to its enzyme-triggered release mechanism, the coating provided sustained antimicrobial protection. Compared with the WPI-TEO treatment, the WPI-TEOE1.5 coating more effectively suppressed microbial proliferation during the later stages of storage, resulting in a lower total viable count at day 10 (4.70 vs. 5.08 log CFU/g). These results indicate that the coating represents a promising and sustainable strategy for extending the shelf life of perishable fruits.",scopus,llm,1.000,unreviewed,,doi:10.1016/j.foodhyd.2026.113139
discarded,Nanoconfinement and wettability alteration govern crude-oil persistence in high-porosity mudstone with nm-sized pores,Q. Wang,2027,Chemical Engineering Science,10.1016/j.ces.2026.124665,https://www.scopus.com/inward/record.uri?partnerID=HzOxMe3b&scp=105045432226&origin=inward,off-topic-false-hit,"High-porosity mudstone with nm-sized pores is a potentially low-cost and widely available mineral sorbent for crude-oil spill remediation, but its practical reuse depends on whether oil-induced pore blockage and wettability alteration can be effectively reversed after cleaning. Here, three mudstones were investigated in raw, crude-oilimmersed, and solvent-extracted states using X-ray microscopy, N2 physisorption, dynamic vapor sorption, contact-angle measurements, FTIR (Fourier transform infrared spectroscopy) and XPS (X-ray photoelectron spectroscopy), and contrast-variation small-angle neutron scattering. Crude-oil immersion markedly reduced accessible pore volume and surface area, suppressed the low-pressure adsorption responses of water, octane, and toluene, and shifted all three mudstones from strongly water-wet to hydrophobic behavior. Water contact angles increased from 8.5 to 26.4 degrees in the raw state to 94.0-121.1 degrees after oil immersion, and remained at 72.9-78.8 degrees after solvent extraction. Across the three samples, BET (Brunauer, Emmett, and Teller) surface area decreased from 12.6-88.8 to 1.30-29.3 m2/g after oil immersion and recovered to 12.0-86.0 m2/g after extraction, indicating substantial reopening of the pore network but incomplete restoration of interfacial properties. FTIR and XPS analyses further indicate that persistent organic residues, especially resin/asphaltene-rich fractions, remained on mineral surfaces after extraction. Accordingly, solvent-cleaned mudstone should be regarded as a partially regenerated sorbent rather than a fully restored pristine material, with important implications for sorbent reuse and post-remediation management.",scopus,llm,1.000,unreviewed,,doi:10.1016/j.ces.2026.124665
discarded,A simulation study of X-ray-induced acoustic dosimetry for a compact FLASH radiotherapy device using digital phantoms,X. Hu,2027,Annals of Nuclear Energy,10.1016/j.anucene.2026.112786,https://www.scopus.com/inward/record.uri?partnerID=HzOxMe3b&scp=105050291564&origin=inward,off-topic-false-hit,"FLASH radiotherapy (FLASH-RT) is a novel technique characterized by its capacity to deliver ultra-high radiation doses to tumor sites within fractions of a second, thereby effectively sparing normal tissues while maintaining therapeutic efficacy against tumors. The X-ray-based FLASH-RT holds particular promise for clinical adoption due to its accessibility to ultra-high-dose-rate beams, compact accelerator design, and reduced treatment costs. Accurate dosimetric verification during FLASH-RT delivery necessitates online monitoring and visualization of spatial dose distribution within the irradiation target. However, the extreme radiotherapy conditions pose substantial challenges to conventional dosimetry methods, such as signal saturation and measurement inaccuracies caused by pair production effects. To address these challenges, in this study, we propose and evaluate an X-ray-induced acoustic imaging (XAI) approach for in-phantom dosimetry in FLASH-RT. Using the Monte Carlo (MC) simulation toolkit Geant4, we modeled the irradiation of three heterogeneous tissue-mimicking phantoms with a single-pulse X-ray beam delivered by a 10 MV medical linear accelerator (Linac) integrated into a compact FLASH radiotherapy device. The generation, propagation, and attenuation of the induced acoustic waves following irradiation from the Linac were approximated using the k-space pseudospectral method. The acoustic signals were collected by a 128-element annular array transducer and subsequently used to reconstruct the spatial dose distribution within the phantoms. The results demonstrate the feasibility of XAI-based dosimetry for ultra-high-dose-rate X-ray beams even under low signal-to-noise ratio (SNR) conditions, providing a preliminary basis for its further development toward clinical FLASH-RT applications.",scopus,llm,1.000,unreviewed,,doi:10.1016/j.anucene.2026.112786
discarded,CFD-PBM modeling and optimization of multiphase flow and crystallization in an industrial wet-process phosphoric acid reactor,Y. Jiao,2027,Chemical Engineering Science,10.1016/j.ces.2026.124924,https://www.scopus.com/inward/record.uri?partnerID=HzOxMe3b&scp=105048000177&origin=inward,off-topic-false-hit,"Industrial wet-process phosphoric acid (WPA) reactors operated by the dihydrate process involve strongly coupled multiphase flow, reactive mass transfer, and calcium sulfate dihydrate crystallization, together with pronounced spatial non-uniformity. To resolve these coupled phenomena, a CFD-PBM model was developed on the platform of OpenFOAM. Gas-liquid-solid three-phase flow was described using the Eulerian multi-fluid method, with coupled heat transfer, species transport, reaction kinetics, and crystal nucleation, growth, agglomeration, and breakage. The rotation of the impellers was represented by the multiple reference frame (MRF) method. A 400 kt/a industrial WPA unit with six reaction tanks in series was considered, and Tank 3 was selected as a representative domain because severe scaling and deposition occurred in the middle tanks, while single-tank modeling reduced computational cost. The model was validated against crystal size distribution data, and was then used to analyze operating parameters and optimize the locations of the passages between adjacent tanks. The simulated crystal size distribution agreed well with experimental data reported in the literature, with a mean relative deviation of about 14.7 %. The effects of operating parameters were then explored. Higher temperature increased the consumption of phosphate rock and sulfuric acid, while enhancing gas yield. Increased impeller speed improved mixing, diminished stagnant zones and refined crystal sizes. Moving the passage toward the side wall improved the main circulation path, decreasing the stagnant-zone fraction from 9.4 % to 6.6 % and increasing H3PO4 production. The results provide a theoretical method for structural optimization and crystallization-process intensification in industrial WPA reactors.",scopus,llm,0.990,unreviewed,,doi:10.1016/j.ces.2026.124924
discarded,Benchmarking reference-based cellular deconvolution algorithms to predict cell proportions,A.A. Malik,2027,Computational Biology and Chemistry,10.1016/j.compbiolchem.2026.109370,https://www.scopus.com/inward/record.uri?partnerID=HzOxMe3b&scp=105050601610&origin=inward,off-topic-false-hit,"Computational cellular deconvolution enables researchers to estimate the proportions of distinct cell types in bulk RNA-sequencing (RNA-seq) samples using single-cell RNA-seq (scRNA-seq) as a reference. This offers a scalable and cost-effective alternative to physical cell separation. Despite recent advancements in cellular deconvolution methods, rigorous comparative benchmarking across diverse conditions and independent datasets remains limited. Here we present a systematic benchmarking study of ten reference-based deconvolution algorithms: MuSiC, DWLS, BayesPrism, CIBERSORTx, SCDC, BisqueRNA, DISSECT, TAPE, Scaden, and scpDeconv. The algorithms were selected based on architectural diversity and popularity in the field. We evaluate these methods through six experiments using two independent datasets. Under baseline conditions, MuSiC, DWLS, and BayesPrism achieved the strongest performance (mean per-sample Pearson correlation coefficient r>0.95; Lin's concordance correlation coefficient CCC >0.95), while deep learning methods showed greater variability. Depth robustness experiments revealed that SCDC and DWLS were most stable across four sequencing-depth levels. Reference mismatch analysis showed that restricting the scRNA-seq reference to a single developmental stage substantially reduced average performance, with mean Pearson r across stage-restricted references ranging from 0.17 to 0.58 across methods; BayesPrism showed the highest average robustness. Overall, these results provide practical guidance for selecting deconvolution methods under different conditions. The code used to run the experiments on each algorithm is publicly available on GitHub at https://github.com/compbiolabucf/Benchmarking-Deconvolution-Algorithms.",scopus,llm,0.990,unreviewed,,doi:10.1016/j.compbiolchem.2026.109370
discarded,"Enhancing CO2 sequestration in saline aquifers using AOT-modified silica aerogel nanoparticles: synthesis, stability, and pore-scale flow dynamics",A. Sori,2027,Fuel,10.1016/j.fuel.2026.140021,https://www.scopus.com/inward/record.uri?partnerID=HzOxMe3b&scp=105043184988&origin=inward,off-topic-false-hit,"This study presents the synthesis, characterization, and performance evaluation of AOT-SA nanoparticles for enhanced CO 2 sequestration in saline aquifers. Hydrophobic silica aerogel nanoparticles were synthesized via a sol–gel process and subsequently modified with the anionic surfactant sodium dioctyl sulfosuccinate (AOT) to impart brine compatibility. Comprehensive characterization (BET, FESEM-EDS, FTIR, Raman) confirmed a mesoporous structure (79.5 m 2 /g surface area) with successful AOT surface adsorption. Colloidal stability tests in brines of varying ionic composition (0–45,000 ppm NaCl, 0–700 ppm MgCl 2 ) showed the modified nanoparticles maintained a high negative zeta potential, indicating stable dispersion. Wettability alteration experiments on oil-aged sandstone and carbonate rocks identified an optimal nanofluid concentration of 80 ppm, which significantly reduced the CO 2 -brine-rock contact angle. Crucially, pore-scale flow visualization in two-dimensional heterogeneous micromodels revealed that this optimal nanofluid reduced viscous fingering, delayed CO 2 breakthrough, and increased the fraction of pore volume accessed by CO 2 by up to 92% compared to nanoparticle-free brine. The work demonstrates that AOT-SA nanoparticles function as a multifunctional agent that concurrently addresses colloidal stability in saline environments, desirable wettability alteration, and improved pore-scale displacement efficiency, offering a tangible strategy to increase CO 2 storage security in saline formations.",scopus,llm,0.990,unreviewed,,doi:10.1016/j.fuel.2026.140021
