status,title,authors,year,venue,doi,url,tags,abstract,provider,decision_source,llm_confidence,llm_review_outcome,llm_change_direction,paper_id
discarded,Certain Macroeconomic Effects of the Federal Reserve's Quantitative Easing Program,"Czeczeli, Vivien",2016,PUBLIC FINANCE QUARTERLY-HUNGARY,,https://www.webofscience.com/wos/woscc/full-record/WOS:000392244700003,off-topic-false-hit,"Quantitative easing (QE) may be considered as one of the most controversial monetary policy tools in recent times. The launching of the programme has been triggered by the events of the financial and economic crisis unfolding in the United States in 2007, which caused a general loss of confidence of economic agents, as well as other serious problems such as the drying up of the interbank market(1) or the liquidity crisis(2). There is no clear agreement on the success of the strategy of money printing. With numerous arguments for and against, it is still debated whether the unprecedented amount of money pumped into the economy - about USD 3,750 billion in the United States - has effectively contributed to restoring the health of the economy. It is indisputable, however, that the US can still be regarded as one of the most stable economies, and the normalisation of the economy is also confirmed by the interest rate hike in December 2015. It should be also noted that the large amount of money created by the central bank has affected many areas of the economy in various channels through the increase of money supply, and due to globalisation many countries of the world could enjoy the possibilities offered by cheap money via spillover effects. The turning point of events can be connected to the withdrawal of the QE (also known as tapering), which was also a clear signal of the coming end of the asset purchase programme. Generally, it caused uncertainty and volatility in the markets. The period before the interest rate hike provoked similar reactions, and moving away from the zero interest rate policy can be regarded as the most important milestone of monetary tightening. This article is based on the review of the literature on the topic and on a comparison of the different views in order to reveal the role of QE in the period after the crisis.*",wos,llm,1.000,unreviewed,,hash:856de825f4aa808c
discarded,An Automated (F) LTL Test Oracle for Testing with Requirements,"Pill, Ingo; Wotawa, Franz",2016,2016 IEEE 27TH INTERNATIONAL SYMPOSIUM ON SOFTWARE RELIABILITY ENGINEERING WORKSHOPS (ISSREW),10.1109/ISSREW.2016.14,https://www.webofscience.com/wos/woscc/full-record/WOS:000391391100037,adjacent-subtopic,"Especially for safety-critical systems, we might want to express desired system properties in precise formal requirements. Verifying that a system then adheres to these requirements is obviously quite crucial. Complementing related methods like model checking or runtime monitors, for testing and most importantly debugging recognized problems, we would certainly be interested in automated test oracles for deriving program spectra. Such program spectra containing the details of the executions and the oracle's verdicts have been shown to be an effective reasoning basis for debugging purposes. In this paper, we show how to automatically derive such a test oracle via a special satisfiability encoding. In particular, we instantiate a dedicated SAT problem in conjunctive normal form directly from the requirements and a test case's execution data. As our experiments illustrate, our approach shows attractive performance and can be fully automated.",wos,llm,0.970,unreviewed,,doi:10.1109/issrew.2016.14
discarded,BCVEGPY2.2: A newly upgraded version for hadronic production of the meson Bc and its excited states,"Chang, Chao-Hsi; Wang, Xian-You; Wu, Xing-Gang",2015,COMPUTER PHYSICS COMMUNICATIONS,10.1016/j.cpc.2015.07.015,https://www.webofscience.com/wos/woscc/full-record/WOS:000362919500033,off-topic-false-hit,"A newly upgraded version of the BCVEGPY, a generator for hadronic production of the meson Be and its excited states, is available. In comparison with the previous one (Chang et al., 2006), the new version is to apply an improved hit-and-miss technology to generating the un-weighted events much more efficiently under various simulation environments. The codes for production of 2S-wave B-c states are also given here.

New version program summary

Title of program: BCVEGPY2.2

Catalogue identifier: ADTJ_v2_3

Program obtained from: CPC Program Library, Queen's University, Belfast, N. Ireland

Licensing provisions: Standard CPC licence, http://cpc.cs.qub.ac.uk/licence/licence.html

No. of lines in distributed program, including test data, etc.: 323731

No. of bytes in distributed program, including test data, etc.: 4498602

Distribution format: tar.gz

Computer: Any LINUX based on PC with FORTRAN 77 or FORTRAN 90 and GNU C compiler as well Operating systems: LINUX

Programming language used: FORTRAN 77/90

Memory required to execute with typical data: About 2.0 MB

Classification: 11.2, 11.5

Catalogue identifier of previous version: ADTJ_v2_2

Journal reference of previous version: Comput. Phys. Commun. 183 (2012) 442

Does the new version supersede the old version?: Yes

Nature of physical problem: Hadronic Production of B-c meson and its excited states.

Method of solution: To generate un-weighted events of B-c meson and its excited states by using an improved hit-and-miss technology.

Reasons for new version: Responding to the feedback from users, such as those from CMS and LHCb groups, we create a new hit-and-miss algorithm for generating the un-weighted events. Furthermore, the relevant codes for generating the 2S-excited state of B-c meson are added, because the excited state production may be sizable in the new LHC run.

Typical running time: it depends on which option is chosen to match PYTHIA when generating the full events and also on which state of B-c meson, either its ground state or its excited states, is to be generated. Typically on a 2.27GHz Intel Xeon E5520 processor machine, for producing the B-c meson ground state: I) If setting [IDWTUP=3 and unwght =.true.], it shall adopt the new hit-and-miss technology to generate the un-weighted events, and to generate 10(5) events takes 30 minutes; II) If setting [IDWTUP=3 and unwght =.false.] or [IDWTUP=1 and IGENERATE=0], it shall generate the weighted events, and to generate 105 events takes 2 minutes only (the fastest way, for theoretical purpose only); Ill) As a comparison, if setting [IDWTUP=1 and IGENERATE=1], it shall, as the same as the previous version, adopt the PYTHIA inner hit-and-miss technology to generate the un-weighted events, and to generate 1000 events takes about 22 hours. Thus, the efficiency (and accuracy also) for generating the un-weighted events obviously is greatly increased.

Keywords: Event generator; Hadronic production; B-c meson; Un-weighted events

Summary of revisions: 1). We improve the approach for generating un-weighted events. 2). Responding to the feedback from users, we adjust part of the codes to make it work more user-friendly. More specifically, we explain main changes in the following :

Event generation.

If each simulated event comes with a weight, it will make the data analysis much more complicated. Thus the un-weighted events are usually adopted for Monte Carlo simulations. As an external process of PYTHIA, the generator BCVEGPY [1-4] shall call the PYTHIA inner hit-and-miss mechanism to generate the un-weighted events by setting IDWGTUP=1 and IGENERATE=1 [5], i.e. the Von Neumann method is used for generating the un-weighted B-c events.

Every events bearing a weight (xwgtup) respectively, when inputting them to PYTHIA, they are suffered from being accepted or rejected, all the fully generated events at the output become to have a common weight. The Von Neumann method states that the event should be accepted by the PYTHIA subroutine PYEVNT with a probability R = xwgtup/xmaxup. This can be achieved by comparing R with a random number that is uniformly distributed within the region of [0, 1]. Namely if R is bigger than such a random number then the event is accepted, otherwise it should be rejected. Here xmaxup stands for the maximum event weight.

The von Neumann method works effectively for the cases when all the weights of input events are moderate in the whole phase-space. However if the input events' weights vary greatly, such as varying logarithmically, thee its efficiency shall be greatly depressed, since too much time shall be wasted for calculating xwgtup of the rejected events. Thus it is helpful to find a new method for generating unweighted events.

We will adopt the new hit-and-miss strategy suggested by Ref.[6] to do the Bc meson un-weight simulation. Extra switches for calling this new technology are added to BCVEGPY, e.g. the new hit-and-miss technology shall be called by setting IDWTUP=3 and unwght =.true.. Details for this new technology can be found in Ref. [6]. For self-consistency, we repeat its main idea here.

To be different from previous versions, BCVEGPY2.2 uses the VEGAS [7] and the MINT [8] as a combined way to generate the un-weighted events. The whole phase space shall be separated to a multidimensional phase-space grid. The main purpose of VEGAS [7] is to perform the adaptive Monte Carlo multi-dimensional integration, which uses the importance-sampling method to improve the integration efficiency. Each event shall generally result in a different weight, recorded by xwgtup, and the maximum weight within each grid shall be simultaneously recorded into the importance-sampling grid file (with the suffix.grid). Then following the idea of MINT, the Von Neumann method is used in each phase-space grid. Within this small grid region, the von Neumann algorithm works effectively, thus the efficiency for generating un-weighted events are greatly increased.

To implement the new hit-and-miss algorithm into BCVEGPY2.2, we change the original VEGAS subroutine as vegas (fxn, ndim, ncall, itmx, nprn, xint xmax, imode)

Three new variables xint, xmax and imode are added in the VEGAS subroutine. The xmax array is used to record the maximum weights in all cells and mode is a flag. xint stands for the output cross-section when setting imode=0, which shall be used to initialize the xmax array when setting imode=1. For convenience, the generated xmax array will be stored in the same grid file in which the importance sampling function is stored.

In the initialization stage, the VEGAS subroutine shall be called by the subroutine evntinit twice by setting imode=0 and imode=1 respectively to generate both the upper bound grid xmax for all cells and the importance sampling function.

A subroutine gem (fxn, ndim, Xmax, i mode) is defined in the file vegas. F with the purpose to generate the un-weighted events. Three options for calling gem subroutine are defined: jmode=0 is to initializes the parameter; jmode=3 is to print the generation statistics; jmode=1 is the key option, which is to use the new hit-and-miss technology to generate the un-weighted events. More explicitly, by calling gen (fxn, ndim,mmax, jmode=1), three steps shall be executed:

1. Call the phase_gen subroutine to generate a random phase-space point and to calculate its weight xwgtup.

2. Judge the point locates in which cell and read from the xmax array and get the upper bound value xmaxup for this particular cell.

3. Judge whether such point be kept or not by using the Von Neumann method with the help of the probability xwgtup/xmaxup.

To be more flexible, we add one parameter igenmode for generating or using the existed. grid files. When setting igenmode=1, the VEGAS subroutine shall be called to generate the. grid files. When setting igenmode=2, the VEGAS subroutine shall be called to generate more accurate. grid files from the existed. grid files. When setting igenmode=3, one can directly use the existed. grid files to generate events without running VEGAS. Importantly, before using the existed. grid files, one must ensure all the parameters be the same as the previous generation.

A script for setting the parameters and a cross-check of the un-weighted events.

We put an additional file, bcvegpy_set_par.nam, in the new version for setting the parameters. This way the user does not need to compile the program again if only the parameter values are changed.

[GRAPHICS]

Fig. 1. Comparison of the normalized B-c transverse momentum (PT) and rapidity (y) distributions derived by setting unwght=.true. (events) and unwght=.false. (differential distributions), which are represented by solid and dotted lines, respectively.

As a cross-check of the new technology, we compare the un-weighted Bc event distributions derived by setting unwght=.true. with the weighted Bc differential distributions derived by setting unwght=.false.. The results are shown in Fig. 1. Those two distributions after proper normalization agree well with each other, that shows our present scheme for un-weighted events is correct.

Bc(2S) generation.

In 2014 the ATLAS collaboration reported an observation about an excited state of Bc meson, which most probably is Bc (2S) state [9]. With more data being collected at LHC detectors, it is hopeful that more observations on the excited Bc states will be issued. Therefore in addition to the production via color-singlet B-c(1S), B-c(1P) and color-octet B-c(1S) states, the B-c(2S) production is involved in BCVEGPY2.2. It is achieved by replacing the 1S-wave bound-state parameters pmb, pmc and fbc with those of the 2S-wave one. Here pmb, pmc and fbc are for b-quark mass, c-quark mass and the radial wave function at the zero (vertical bar R(0)1), respectively. For the 2S-wave case, their default values are set as pmb =5.234 GeV, pmc =1.633 GeV and fbc =0.991 GeV3/2 [10] if the mass of the 2S-wave Bc state is 6.867 GeV.

More explicitly, two new values for ibcstate are added: ibcstate =9 is to generate 2(1)S(0) state and ibcstate =10 is to generate 2(3)S(1) state. Detailed technologies for deriving the production properties of all the mentioned ten Bc meson states can be found in Refs.[11-13]. Furthermore, the values for mix_type are rearranged. mix_type=1 is to generate the mixing events for all mentioned states. mix_type=2 is to generate the mixing events for 1(1)S(0) and 1(3)S(1) states. mix_type=3 is to generate the mixing events for the four 1P-wave states and the two color-octet 1(1)S(0) and 1(3)S(1) states. mix_type=4 is to generate the mixing events for 2(1)S(0) and 2(3)S(1) states. (C) 2015 Elsevier B.V. All rights reserved.",wos,llm,0.990,unreviewed,,doi:10.1016/j.cpc.2015.07.015
discarded,The IMP historical Slovene language resources,"Erjavec, Tomaz",2015,LANGUAGE RESOURCES AND EVALUATION,10.1007/s10579-015-9294-7,https://www.webofscience.com/wos/woscc/full-record/WOS:000358361300010,off-topic-false-hit,"The paper describes the combined results of several projects which constitute a basic language resource infrastructure for printed historical Slovene. The IMP language resources consist of a digital library, an annotated corpus and a lexicon, which are interlinked and uniformly encoded following the Text Encoding Initiative Guidelines. The library holds about 650 units (mostly complete books) consisting of facsimiles with 45,000 pages as well as hand-corrected and structured transcriptions. The hand-annotated corpus has 300,000 tokens, where each word is tagged with its modernised word form, lemma, part-of-speech and, in cases of archaic words, its nearest contemporary equivalents. This information was extracted into the lexicon, which also covers an extended target-annotated corpus, resulting in 20,000 lemmas (of these 4,000 archaic) with 50,000 modern word forms and 70,000 attested forms. We have also developed a program to modernise, tag and lemmatise historical Slovene, and annotated the digital library with it, producing an automatically annotated corpus of 15 million words. To serve the humanities, the digital library and lexicon are available for reading and browsing on the web and the corpora via a concordancer. For language technology research and development the resources are available in source TEI XML under the Creative Commons Attribution licence. The paper presents the IMP resources, available from http://nl.ijs.si/imp/, the process of their compilation, encoding and dissemination, and concludes with directions for future research.",wos,llm,0.980,unreviewed,,doi:10.1007/s10579-015-9294-7
discarded,Cattle Identification Based on Muzzle Images Using Gabor Features and SVM Classifier,"Tharwat, Alaa; Gaber, Tarek; Hassanien, Aboul Ella",2014,"ADVANCED MACHINE LEARNING TECHNOLOGIES AND APPLICATIONS, AMLTA 2014",,https://www.webofscience.com/wos/woscc/full-record/WOS:000357793100023,off-topic-false-hit,"The accuracy of animal identification plays an important role for producers to make management decisions about their individual animal or about their complete herd. The animal identification is also important to animal traceability systems as ensure the integrity of the food chain. Usually, recording and reading of tags-based systems are used to identify animal, but only effective in eradication programs of national disease. Recently, animal biometric-based solutions, e.g. muzzle imaging system, offer an effective and secure, and rapid method of addressing the requirements of animal identification and traceability systems. In this paper, we propose a robust and fast cattle identification through using Gabor filter-based feature extraction method. We extract Gabor features from three different scales of muzzle print images. SVM classifier with its different kernels (Gaussian, Polynomial, Linear and Sigmoid) has been applied to Gabor features. Also, two different levels of fusion are used namely feature fusion and classifier fusion. The experimental results showed that Gaussian-based SVM classifier has achieved the best accuracy among all other kernels and generally our approach is superior than existed works as ours achieves 99.5% identification accuracy. In addition, the identification rate when the fusion is done at the feature level is better than that is done at classification level.",wos,llm,1.000,unreviewed,,hash:5ebd16d294ae104b
discarded,CIPWFULL: A Software Program for Calculation of Comprehensive CIPW Norms of Igneous Rocks,"Al-Mishwat, Ali Theyab",2015,MATHEMATICAL GEOSCIENCES,10.1007/s11004-014-9568-4,https://www.webofscience.com/wos/woscc/full-record/WOS:000353206600004,off-topic-false-hit,"CIPWFULL is a user-friendly, stand-alone FORTRAN program designed to calculate comprehensive CIPW normative compositions of igneous rocks and adheres strictly to the original formulation of the CIPW protocol. This adherence alleviates inaccuracies in norms generated by current programs. Additionally, several important petrological and mineralogical parameters are calculated by the program. Along with major element oxides, all significant minor elements affecting CIPW norms are considered. CIPWFULL also calculates oxidation ratios for rocks reporting only one oxidation state of iron. It also provides an option for normalization of analyses to unity facilitating comparison of norms among rock suites. Other capabilities of the program cater to rare situations, like presence of cancrinite and exclusion of rare rocks from norm calculations. CIPWFULL is very efficient and flexible and allows for a user-defined free-format input of elements, and it permits feeding of minor elements in different notations. Results of calculations are printed in a formatted ASCII text file and may be casted into a space-delimited text file ready for export to general spreadsheet programs. CIPWFULL is implemented on the WINDOWS platform. The program source code resides on the journal web site.",wos,llm,1.000,unreviewed,,doi:10.1007/s11004-014-9568-4
