status,title,authors,year,venue,doi,url,tags,abstract,provider,decision_source,llm_confidence,llm_review_outcome,llm_change_direction,paper_id
discarded,On the Hasse invariants of the Tate normal forms E5 and E7,P. Morton,2021,Journal of Number Theory,10.1016/j.jnt.2020.07.008,https://www.scopus.com/inward/record.uri?partnerID=HzOxMe3b&scp=85089694272&origin=inward,off-topic-false-hit,"Abstract A formula is proved for the number of linear factors over F l of the Hasse invariant of the Tate normal form E 5 ( b ) for a point of order 5, as a polynomial in the parameter b, in terms of the class number of the imaginary quadratic field K = Q ( − l ) , proving a conjecture of the author from 2005. A similar theorem is proved for quadratic factors with constant term −1, and a theorem is stated for the number of quartic factors of a specific form in terms of the class number of Q ( − 5 l ) . These results are shown to imply a recent conjecture of Nakaya on the number of linear factors over F l of the supersingular polynomial s s l ( 5 ⁎ ) ( X ) corresponding to the Fricke group Γ 0 ⁎ ( 5 ) . The degrees and forms of the irreducible factors of the Hasse invariant of the Tate normal form E 7 for a point of order 7 are determined, which is used to show that the polynomial s s l ( N ⁎ ) ( X ) for the group Γ 0 ⁎ ( N ) has roots in F l 2 , for any prime l ≠ N , when N ∈ { 2 , 3 , 5 , 7 } .",scopus,llm,0.990,unreviewed,,doi:10.1016/j.jnt.2020.07.008
discarded,THE EXPONENTIAL MATRIX: AN EXPLICIT FORMULA BY AN ELEMENTARY METHOD,O.R.B. de Oliveira,2021,Real Analysis Exchange,10.14321/realanalexch.46.1.0099,https://www.scopus.com/inward/record.uri?partnerID=HzOxMe3b&scp=85125118526&origin=inward,off-topic-false-hit,"We show an explicit formula, with a quite easy deduction, for the exponential matrix $e^{tA}$ of a real and finite square matrix $A$ (and for complex ones also). The elementary method developed avoids Jordan canonical form, eigenvectors, resolution of any linear system, matrix inversion, polynomial interpolation, complex integration, functional analysis, and generalized Fibonacci sequences. The basic tools are the Cayley-Hamilton theorem and the method of partial fraction decomposition. Two examples are given. We also show that such method applies to algebraic operators on infinite dimensional real Banach spaces.",scopus,llm,0.960,unreviewed,,doi:10.14321/realanalexch.46.1.0099
discarded,Stable decomposability of matrices over the rational closure of a group algebra of an ordered group,N.I. Dubrovin,2020,Sbornik Mathematics,10.1070/SM9286,https://www.scopus.com/inward/record.uri?partnerID=HzOxMe3b&scp=85097216782&origin=inward,off-topic-false-hit,"Under the assumption that the rational closure of a group algebra of a left-ordered group in the ring of operators of the module of formal Malcev series is a division ring, we find a canonical form of nonsingular matrices of this division ring. Bibliography: 10 titles.",scopus,llm,0.820,unreviewed,,doi:10.1070/sm9286
discarded,The consequences of gamma-ray burst jet opening angle evolution on the inferred star formation rate,N.M. Lloyd-Ronning,2020,Monthly Notices of the Royal Astronomical Society,10.1093/mnras/staa2787,https://www.scopus.com/inward/record.uri?partnerID=HzOxMe3b&scp=85097175003&origin=inward,off-topic-false-hit,"Gamma-ray burst (GRB) data suggest that the jets from GRBs in the high redshift universe are more narrowly collimated than those at lower redshifts. This implies that we detect relatively fewer long GRB progenitor systems (i.e. massive stars) at high redshifts, because a greater fraction of GRBs have their jets pointed away from us. As a result, estimates of the star formation rate (from the GRB rate) at high redshifts may be diminished if this effect is not taken into account. In this paper, we estimate the star formation rate (SFR) using the observed GRB rate, accounting for an evolving jet opening angle. We find that the SFR in the early universe (z > 3) can be up to an order of magnitude higher than the canonical estimates, depending on the severity of beaming angle evolution and the fraction of stars that make long gamma-ray bursts. Additionally, we find an excess in the SFR at low redshifts, although this lessens when accounting for evolution of the beaming angle. Finally, under the assumption that GRBs do in fact trace canonical forms of the cosmic SFR, we constrain the resulting fraction of stars that must produce GRBs, again accounting for jet beaming-angle evolution. We find this assumption suggests a high fraction of stars in the early universe producing GRBs - a result that may, in fact, support our initial assertion that GRBs do not trace canonical estimates of the SFR.",scopus,llm,1.000,unreviewed,,doi:10.1093/mnras/staa2787
discarded,The Role of Depth and Flatness of a Potential Energy Surface in Chemical Reaction Dynamics,W. Lyu,2020,Regular and Chaotic Dynamics,10.1134/S1560354720050044,https://www.scopus.com/inward/record.uri?partnerID=HzOxMe3b&scp=85091649658&origin=inward,off-topic-false-hit,"In this study, we analyze how changes in the geometry of a potential energy surface in terms of depth and flatness can affect the reaction dynamics. We formulate depth and flatness in the context of one- and two-degree-of-freedom (DOF) Hamiltonian normal form for the saddle-node bifurcation and quantify their influence on chemical reaction dynamics [1, 2]. In a recent work, García-Garrido et al. [2] illustrated how changing the well-depth of a potential energy surface (PES) can lead to a saddle-node bifurcation. They have shown how the geometry of cylindrical manifolds associated with the rank-1 saddle changes en route to the saddle-node bifurcation. Using the formulation presented here, we show how changes in the parameters of the potential energy control the depth and flatness and show their role in the quantitative measures of a chemical reaction. We quantify this role of the depth and flatness by calculating the ratio of the bottleneck width and well width, reaction probability (also known as transition fraction or population fraction), gap time (or first passage time) distribution, and directional flux through the dividing surface (DS) for small to high values of total energy. The results obtained for these quantitative measures are in agreement with the qualitative understanding of the reaction dynamics.",scopus,llm,0.990,unreviewed,,doi:10.1134/s1560354720050044
kept,Algebraic simplification,Joel C. Moses,1971,Communications of the ACM,10.1145/362637.362648,https://openalex.org/W2162177141,supports-claim; qualifies-claim; cas-equality,"Algebraic simplification is examined first from the point of view of a user who needs to comprehend a large expression, and second from the point of view of a designer who wants to construct a useful and efficient system. First we describe various techniques akin to substitution. These techniques can be used to decrease the size of an expression and make it more intelligible to a user. Then we delineate the spectrum of approaches to the design of automatic simplification capabilities in an algebraic manipulation system. Systems are divided into five types. Each type provides different facilities for the manipulation and simplification of expressions. Finally we discuss some of the theoretical results related to algebraic simplification. We describe several positive results about the existence of powerful simplification algorithms and the number-theoretic conjectures on which they rely. Results about the nonexistence of algorithms for certain classes of expressions are included.",openalex,llm_reviewed,0.990,confirmed,,doi:10.1145/362637.362648
discarded,Symbolic computation of normal forms for semi-simple cases,Qinsheng Bi; Pei Yu,1999,Journal of Computational and Applied Mathematics,10.1016/s0377-0427(98)00222-2,https://openalex.org/W2006504966,adjacent-subtopic,"This paper presents a method and computer programs for computing the normal forms of ordinary differential equations whose Jacobian matrix evaluated at an equilibrium involves semi-simple eigenvalues. The method can be used to deal with systems which are not necessarily described on a center manifold. An iterative procedure is developed for finding the closed-form expressions of the normal forms and associated nonlinear transformations. Computer programs using a symbolic computer language Maple are developed to facilitate the application of the method. The programs can be conveniently executed on a main frame, a workstation or a PC machine without any interaction. A number of examples are presented to demonstrate the applicability of the method and the computation efficiency of the Maple programs. (C) 1999 Elsevier Science B.V. All rights reserved. AMS classification: 34C20; 58F36; 34A34.",openalex,llm,0.970,unreviewed,,doi:10.1016/s0377-0427(98)00222-2
discarded,Cadabra: a field-theory motivated symbolic computer algebra system,Kasper Peeters,2007,Computer Physics Communications,10.1016/j.cpc.2007.01.003,https://openalex.org/W2129206697,adjacent-subtopic,"Field theory is an area in physics with a deceptively compact notation. Although general purpose computer algebra systems, built around generic list-based data structures, can be used to represent and manipulate field-theory expressions, this often leads to cumbersome input formats, unexpected side-effects, or the need for a lot of special-purpose code. This makes a direct translation of problems from paper to computer and back needlessly time-consuming and error-prone. A prototype computer algebra system is presented which features TEX-like input, graph data structures, lists with Young-tableaux symmetries and a multiple-inheritance property system. The usefulness of this approach is illustrated with a number of explicit field-theory problems. 1. Field theory versus general-purpose computer algebra",openalex,llm,0.830,unreviewed,,doi:10.1016/j.cpc.2007.01.003
kept,Algebraic simplification a guide for the perplexed,Joel C. Moses,1971,,10.1145/800204.806298,https://openalex.org/W4214892831,supports-claim; qualifies-claim; cas-equality,"Algebraic simplification is examined first from the point of view of a user needing to comprehend a large expression, and second from the point of view of a designer who wants to construct a useful and efficient system. First we describe various techniques akin to substitution. These techniques can be used to decrease the size of an expression and make it more intelligible to a user. Then we delineate the spectrum of approaches to the design of automatic simplification capabilities in an algebraic manipulation system. Systems are divided into five types. Each type provides different facilities for the manipulation and simplification of expressions. Finally we discuss some of the theoretical results related to algebraic simplification. We describe several positive results about the existence of powerful simplification algorithms and the number-theoretic conjectures on which they rely. Results about the non-existence of algorithms for certain classes of expressions are included.",openalex,llm_reviewed,0.990,confirmed,,doi:10.1145/800204.806298
discarded,Introducing Cadabra: a symbolic computer algebra system for field theory problems,Kasper Peeters,2007,arXiv (Cornell University),10.48550/arxiv.hep-th/0701238,https://openalex.org/W1499654764,adjacent-subtopic,"Cadabra is a new computer algebra system designed specifically for the solution of problems encountered in field theory. It has extensive functionality for tensor polynomial simplification taking care of Bianchi and Schouten identities, for fermions and anti-commuting variables, Clifford algebras and Fierz transformations, implicit coordinate dependence, multiple index types and many other field theory related concepts. The input format is a subset of TeX and thus easy to learn. Both a command-line and a graphical interface are available. The present paper is an introduction to the program using several concrete problems from gravity, supergravity and quantum field theory.",openalex,llm,0.860,unreviewed,,doi:10.48550/arxiv.hep-th/0701238
discarded,On algebraic simplification,J. P. Fitch,1973,The Computer Journal,10.1093/comjnl/16.1.23,https://openalex.org/W2151985522,"supports-claim; adjacent-subtopic; computer algebra simplification; the cited CAS sources carry the point (Davenport 2002, Stoutemyer 2011: no abstract obtained)","After a brief review of the current state of simplification this paper proposes a classification of simplification rules that may help in the practical implementation of simplification procedures. The last part of the paper is concerned in the mathematical theory of simplification, and the set of expressions formed from rational powers of polynomials is shown to have a canonical form.",openalex,llm_reviewed,0.990,changed,kept->discarded,doi:10.1093/comjnl/16.1.23
discarded,Programming and symbolic computation in Maude,Francisco Durán; Steven Eker; Santiago Escobar; Narciso Martı́-Oliet; José Meseguer; Rubén Rubio; Carolyn Talcott,2019,Journal of Logical and Algebraic Methods in Programming,10.1016/j.jlamp.2019.100497,https://openalex.org/W2979518100,adjacent-subtopic,"Rewriting logic is both a flexible semantic framework within which widely different concurrent systems can be naturally specified and a logical framework in which widely different logics can be specified. Maude programs are exactly rewrite theories. Maude has also a formal environment of verification tools. Symbolic computation is a powerful technique for reasoning about the correctness of concurrent systems and for increasing the power of formal tools. We present several new symbolic features of Maude that enhance formal reasoning about Maude programs and the effectiveness of formal tools. They include: (i) very general unification modulo user-definable equational theories, and (ii) symbolic reachability analysis of concurrent systems using narrowing. The paper does not focus just on symbolic features: it also describes several other new Maude features, including: (iii) Maude's strategy language for controlling rewriting, and (iv) external objects that allow flexible interaction of Maude object-based concurrent systems with the external world. In particular, meta-interpreters are external objects encapsulating Maude interpreters that can interact with many other objects. To make the paper self-contained and give a reasonably complete language overview, we also review the basic Maude features for equational rewriting and rewriting with rules, Maude programming of concurrent object systems, and reflection. Furthermore, we include many examples illustrating all the Maude notions and features described in the paper. (C) 2019 Elsevier Inc. All rights reserved.",openalex,llm,0.780,unreviewed,,doi:10.1016/j.jlamp.2019.100497
discarded,A new efficient algorithm for computing Gröbner bases (F4),Jean‐Charles Faugère,1999,Journal of Pure and Applied Algebra,10.1016/s0022-4049(99)00005-5,https://openalex.org/W2128687423,adjacent-subtopic,"This paper introduces a new efficient algorithm for computing Grobner bases. To avoid as much intermediate computation as possible, the algorithm computes successive truncated Grobner bases and it replaces the classical polynomial reduction found in the Buchberger algorithm by the simultaneous reduction of several polynomials. This powerful reduction mechanism is achieved by means of a symbolic precomputation and by extensive use of sparse linear algebra methods. Current techniques in linear algebra used in Computer Algebra are reviewed together with other methods coming from the numerical field. Some previously untractable problems (Cyclic 9) are presented as well as an empirical comparison of a first implementation of this algorithm with other well known programs. This comparison pays careful attention to methodology issues. All the benchmarks and CPU times used in this paper are frequently updated and available on a Web page. Even though the new algorithm does not improve the worst case complexity it is several times faster than previous implementations both for integers and module p computations. (C) 1999 Published by Elsevier Science B.V. All rights reserved.",openalex,llm,0.820,unreviewed,,doi:10.1016/s0022-4049(99)00005-5
discarded,Challenges of Symbolic Computation: My Favorite Open Problems,Erich Kaltofen,2000,Journal of Symbolic Computation,10.1006/jsco.2000.0370,https://openalex.org/W2127412655,adjacent-subtopic,"The success of the symbolic mathematical computation discipline is striking. The theoretical advances have been continuous and significant: Grobner bases, the Risch integration algorithm, integer lattice basis reduction, hypergeometric summation algorithms, etc. From the beginning in the early 1960s, it has been the tradition of our discipline to create software that makes our ideas readily available to scientists, engineers, and educators: SAC-1, Reduce, Macsyma, etc. The commercial viability of our system products is proven by Maple and Mathematica.

Today's user communities of symbolic computation systems are diverse: educators, engineers, stock market analysts, etc. The mathematics and computer science in the design and implementation of our algorithms are sophisticated. The research challenges in symbolic computation at the close of the twentieth century are formidable.

I state my favorite eight open problems in symbolic computation. They range from problems in symbolic/numeric computing, symbolic algorithm synthesis, to system component construction, I have worked on seven of my problems and borrowed one from George Collins. I present background to each of my problems and a clear-cut test that evaluates whether a proposed attack has solved one of my problems. An additional ninth open problem by Rob Corless and David Jeffrey on complex function semantics is given in an appendix. (C) 2000 Academic Press.",openalex,llm,0.880,unreviewed,,doi:10.1006/jsco.2000.0370
discarded,SIMPLEST NORMAL FORMS OF HOPF AND GENERALIZED HOPF BIFURCATIONS,Pei Yu,1999,International Journal of Bifurcation and Chaos,10.1142/s0218127499001401,https://openalex.org/W1985956935,off-topic-false-hit,"The normal forms of Hopf and generalized Hopf bifurcations have been extensively studied, and obtained using the method of normal form theory and many other different approaches. It is well known that if the normal forms of Hopf and generalized Hopf bifurcations are expressed in polar coordinates, then all odd order terms must, in general, remain in the normal form. In this paper, three theorems are presented to show that the conventional normal forms of Hopf and generalized Hopf bifurcations can be further simplified. The forms obtained in this paper for Hopf and generalized Hopf bifurcations are shown indeed to be the ""simplest"", and at most only two terms remain in the amplitude equation of the ""simplest normal form"" up to any order. An example is given to illustrate the applicability of the theory. A computer algebra system using Maple is used to derive all the formulas and verify the results presented in this paper.",openalex,llm,0.990,unreviewed,,doi:10.1142/s0218127499001401
discarded,The Church-Rosser property in computer algebra and special theorem proving,Franz Winkler,1984,ACM SIGSAM Bulletin,10.1145/1089389.1089396,https://openalex.org/W1999922965,"supports-claim; adjacent-subtopic; normal forms in rewriting, logic or type theory","An important problem both in computer algebra and special theorem proving in connection with automatic program verification is the calculation of canonical forms with respect to some given side relations. If these side relations can be viewed as a rewrite system which has the Church-Rosser property then a normal form algorithm with respect to this system provides a canonical simplifier. For many computational domains there exists a ""completion algorithm"" for transforming an arbitrary rewrite system into an equivalent one which has the Church-Rosser property. Improvements to the existing completion algorithms are presented. A very general completion algorithm is described which contains all these various algorithms as special cases. A complexity bound for the Buchberger algorithm for trivariate polynomial equations is derived.",openalex,llm_reviewed,0.990,changed,kept->discarded,doi:10.1145/1089389.1089396
discarded,Lectures on differential equations for Feynman integrals,Johannes M. Henn,2015,Journal of Physics A Mathematical and Theoretical,10.1088/1751-8113/48/15/153001,https://openalex.org/W2131654852,off-topic-false-hit,"Over the last year significant progress was made in the understanding of the computation of Feynman integrals using differential equations (DE). These lectures give a review of these developments, while not assuming any prior knowledge of the subject. After an introduction to DE for Feynman integrals, we point out how they can be simplified using algorithms available in the mathematical literature. We discuss how this is related to a recent conjecture for a canonical form of the equations. We also discuss a complementary approach that is based on properties of the space–time loop integrands, and explain how the ideas of leading singularities and d-log representations can be used to find an optimal basis for the DE. Finally, as an application of these ideas we show how single-scale integrals can be bootstrapped using the Drinfeld associator of a DE.",openalex,llm,0.980,unreviewed,,doi:10.1088/1751-8113/48/15/153001
