status,title,authors,year,venue,doi,url,tags,abstract,provider,decision_source,llm_confidence,llm_review_outcome,llm_change_direction,paper_id
discarded,"Microbiome Multi-Omics Network Analysis: Statistical Considerations, Limitations, and Opportunities",Duo Jiang; Courtney R. Armour; Chenxiao Hu; Mei Meng; Chuan Tian; Thomas J. Sharpton; Yuan Jiang,2019,Frontiers in Genetics,10.3389/fgene.2019.00995,https://openalex.org/W2987640385,off-topic-false-hit,"The advent of large-scale microbiome studies affords newfound analytical opportunities to understand how these communities of microbes operate and relate to their environment. However, the analytical methodology needed to model microbiome data and integrate them with other data constructs remains nascent. This emergent analytical toolset frequently ports over techniques developed in other multi-omics investigations, especially the growing array of statistical and computational techniques for integrating and representing data through networks. While network analysis has emerged as a powerful approach to modeling microbiome data, oftentimes by integrating these data with other types of omics data to discern their functional linkages, it is not always evident if the statistical details of the approach being applied are consistent with the assumptions of microbiome data or how they impact data interpretation. In this review, we overview some of the most important network methods for integrative analysis, with an emphasis on methods that have been applied or have great potential to be applied to the analysis of multi-omics integration of microbiome data. We compare advantages and disadvantages of various statistical tools, assess their applicability to microbiome data, and discuss their biological interpretability. We also highlight on-going statistical challenges and opportunities for integrative network analysis of microbiome data.",openalex,llm,0.980,unreviewed,,doi:10.3389/fgene.2019.00995
discarded,Efficient data structures for range searching on a grid,Mark H. Overmars,1988,Journal of Algorithms,10.1016/0196-6774(88)90041-7,https://openalex.org/W1985273367,adjacent-subtopic,,openalex,llm,0.940,unreviewed,,doi:10.1016/0196-6774(88)90041-7
discarded,Pattern matching with abstract data types,F. Warren Burton; Robert D. Cameron,1993,Journal of Functional Programming,10.1017/s095679680000068x,https://openalex.org/W2141447233,adjacent-subtopic,"Abstract Pattern matching in modern functional programming languages is tied to the representation of data. Unfortunately, this is incompatible with the philosophy of abstract data types. Two proposals have been made to generalize pattern matching to a broader class of types. The laws mechanism of Miranda allows pattern matching with non-free algebraic data types. More recently, Wadler proposed the concept of views as a more general solution, making it possible to define arbitrary mappings between a physical implementation and a view supporting pattern matching. Originally, it was intended to include views in the new standard lazy functional programming language Haskell. Laws and views each offer important advantages, particularly with respect to data abstraction. However, if not used with great care, they also introduce serious problems in equational reasoning. As a result, laws have been removed from Miranda and views were not included in the final version of Haskell. We propose a third approach which unifies the laws and views mechanisms while avoiding their problems. Philosophically, we view pattern matching as a bundling of case recognition and component selection functions instead of a method for inverting data construction. This can be achieved by removing the implied equivalence between data constructors and pattern constructors. In practice, we allow automatic mapping into a view but not out of the view. We show that equational reasoning can still be used with the resulting system. In fact, equational reasoning is easier, since there are fewer hidden traps.",openalex,llm,0.860,unreviewed,,doi:10.1017/s095679680000068x
discarded,Highly correlated calculations with a polynomial cost algorithm: A study of the density matrix renormalization group,Garnet Kin‐Lic Chan; Martin Head‐Gordon,2002,The Journal of Chemical Physics,10.1063/1.1449459,https://openalex.org/W1986037653,off-topic-false-hit,"We study the recently developed Density Matrix Renormalization Group (DMRG) algorithm in the context of quantum chemistry. In contrast to traditional approaches, this algorithm is believed to yield arbitrarily high accuracy in the energy with only polynomial computational effort. We describe in some detail how this is achieved. We begin by introducing the principles of the renormalization procedure, and how one formulates an algorithm for use in quantum chemistry. The renormalization group algorithm is then interpreted in terms of familiar quantum chemical concepts, and its numerical behavior, including its convergence and computational cost, are studied using both model and real systems. The asymptotic convergence of the algorithm is derived. Finally, we examine the performance of the DMRG on widely studied chemical problems, such as the water molecule, the twisting barrier of ethene, and the dissociation of nitrogen. In all cases, the results compare favorably with the best existing quantum chemical methods, and particularly so when the nondynamical correlation is strong. Some perspectives for future development are given.",openalex,llm,0.990,unreviewed,,doi:10.1063/1.1449459
discarded,Parameter Estimation in Biochemical Pathways: A Comparison of Global Optimization Methods,Carmen G. Moles; Pedro Mendes; Julio R. Banga,2003,Genome Research,10.1101/gr.1262503,https://openalex.org/W2165603655,off-topic-false-hit,"Here we address the problem of parameter estimation (inverse problem) of nonlinear dynamic biochemical pathways. This problem is stated as a nonlinear programming (NLP) problem subject to nonlinear differential-algebraic constraints. These problems are known to be frequently ill-conditioned and multimodal. Thus, traditional (gradient-based) local optimization methods fail to arrive at satisfactory solutions. To surmount this limitation, the use of several state-of-the-art deterministic and stochastic global optimization methods is explored. A case study considering the estimation of 36 parameters of a nonlinear biochemical dynamic model is taken as a benchmark. Only a certain type of stochastic algorithm, evolution strategies (ES), is able to solve this problem successfully. Although these stochastic methods cannot guarantee global optimality with certainty, their robustness, plus the fact that in inverse problems they have a known lower bound for the cost function, make them the best available candidates.",openalex,llm,0.990,unreviewed,,doi:10.1101/gr.1262503
discarded,Current best practices in single‐cell RNA‐seq analysis: a tutorial,Malte D. Luecken; Fabian Joachim Theis,2019,Molecular Systems Biology,10.15252/msb.20188746,https://openalex.org/W2949237386,off-topic-false-hit,"Single-cell RNA-seq has enabled gene expression to be studied at an unprecedented resolution. The promise of this technology is attracting a growing user base for single-cell analysis methods. As more analysis tools are becoming available, it is becoming increasingly difficult to navigate this landscape and produce an up-to-date workflow to analyse one's data. Here, we detail the steps of a typical single-cell RNA-seq analysis, including pre-processing (quality control, normalization, data correction, feature selection, and dimensionality reduction) and cell- and gene-level downstream analysis. We formulate current best-practice recommendations for these steps based on independent comparison studies. We have integrated these best-practice recommendations into a workflow, which we apply to a public dataset to further illustrate how these steps work in practice. Our documented case study can be found at https://www.github.com/theislab/single-cell-tutorial This review will serve as a workflow tutorial for new entrants into the field, and help established users update their analysis pipelines.",openalex,llm,0.990,unreviewed,,doi:10.15252/msb.20188746
discarded,EROS,Jonathan S. Shapiro; Jonathan M. Smith; David J. Farber,1999,,10.1145/319151.319163,https://openalex.org/W2167800525,adjacent-subtopic,"EROS is a capability-based operating system for commodity processors which uses a single level storage model. The single level store's persistence is transparent to applications. The performance consequences of support for transparent persistence and capability-based architectures are generally believed to be negative. Surprisingly, the basic operations of EROS (such as IPC) are generally comparable in cost to similar operations in conventional systems. This is demonstrated with a set of microbenchmark measurements of semantically similar operations in Linux.The EROS system achieves its performance by coupling well-chosen abstract objects with caching techniques for those objects. The objects (processes, nodes, and pages) are well-supported by conventional hardware, reducing the overhead of capabilities. Software-managed caching techniques for these objects reduce the cost of persistence. The resulting performance suggests that composing protected subsystems may be less costly than commonly believed.",openalex,llm,0.970,unreviewed,,doi:10.1145/319151.319163
discarded,PointNet: Deep Learning on Point Sets for 3D Classification and Segmentation,Charles R. Qi; Hao Su; Kaichun Mo; Leonidas Guibas,2016,arXiv (Cornell University),10.48550/arxiv.1612.00593,https://openalex.org/W2950642167,adjacent-subtopic,"Point cloud is an important type of geometric data structure. Due to its irregular format, most researchers transform such data to regular 3D voxel grids or collections of images. This, however, renders data unnecessarily voluminous and causes issues. In this paper, we design a novel type of neural network that directly consumes point clouds and well respects the permutation invariance of points in the input. Our network, named PointNet, provides a unified architecture for applications ranging from object classification, part segmentation, to scene semantic parsing. Though simple, PointNet is highly efficient and effective. Empirically, it shows strong performance on par or even better than state of the art. Theoretically, we provide analysis towards understanding of what the network has learnt and why the network is robust with respect to input perturbation and corruption.",openalex,llm,0.980,unreviewed,,doi:10.48550/arxiv.1612.00593
discarded,The khmer software package: enabling efficient nucleotide sequence analysis,Michael Robin Crusoe; Hussien F. Alameldin; Sherine Awad; Elmar Boucher; Adam Caldwell; Reed A. Cartwright; Amanda L. Charbonneau; Bede Constantinides; Greg Edvenson; Scott Fay; Jacob Fenton; Thomas Fenzl; Jordan A. Fish; Leonor García-Gutierrez; Phillip Garland; Jonathan Gluck; Iván González; Sarah Guermond; Jiarong Guo; Aditi Gupta; Joshua R. Herr; Adina Howe; Alex J. Hyer; Andreas Härpfer; Luiz C. Irber; Rhys Kidd; David Ming Lin; Justin Lippi; Tamer A. Mansour; Pamela McA'Nulty; Eric McDonald; Jessica E. Mizzi; Kevin Murray; Joshua Nahum; Kaben Nanlohy; Alexander J. Nederbragt; Humberto Ortiz‐Zuazaga; Jeramia J. Ory; Jason Pell; Charles Pepe‐Ranney; Zachary N. Russ; Erich M. Schwarz; Camille Scott; Josiah Seaman; Scott Sievert; Jared T. Simpson; Connor T. Skennerton; James S. Spencer; S. Ramakrishnan; Daniel Standage; James A. Stapleton; Susan R. Steinman; J.J. Stein; Benjamin Taylor; Will Trimble; Heather L. Wiencko; Michael J. Wright; Brian Wyss; Qingpeng Zhang; en zyme; C. Titus Brown,2015,F1000Research,10.12688/f1000research.6924.1,https://openalex.org/W1954100204,off-topic-false-hit,"The khmer package is a freely available software library for working efficiently with fixed length DNA words, or k-mers. khmer provides implementations of a probabilistic k-mer counting data structure, a compressible De Bruijn graph representation, De Bruijn graph partitioning, and digital normalization. khmer is implemented in C++ and Python, and is freely available under the BSD license at https://github.com/dib-lab/khmer/.",openalex,llm,0.960,unreviewed,,doi:10.12688/f1000research.6924.1
discarded,Hypergraph Neural Networks,Yifan Feng; Haoxuan You; Zizhao Zhang; Rongrong Ji; Yue Gao,2019,Proceedings of the AAAI Conference on Artificial Intelligence,10.1609/aaai.v33i01.33013558,https://openalex.org/W2892880750,adjacent-subtopic,"In this paper, we present a hypergraph neural networks (HGNN) framework for data representation learning, which can encode high-order data correlation in a hypergraph structure. Confronting the challenges of learning representation for complex data in real practice, we propose to incorporate such data structure in a hypergraph, which is more flexible on data modeling, especially when dealing with complex data. In this method, a hyperedge convolution operation is designed to handle the data correlation during representation learning. In this way, traditional hypergraph learning procedure can be conducted using hyperedge convolution operations efficiently. HGNN is able to learn the hidden layer representation considering the high-order data structure, which is a general framework considering the complex data correlations. We have conducted experiments on citation network classification and visual object recognition tasks and compared HGNN with graph convolutional networks and other traditional methods. Experimental results demonstrate that the proposed HGNN method outperforms recent state-of-theart methods. We can also reveal from the results that the proposed HGNN is superior when dealing with multi-modal data compared with existing methods.",openalex,llm,0.990,unreviewed,,doi:10.1609/aaai.v33i01.33013558
discarded,Efficient Lazy Evaluation of Rule-Based Programs,Peter Van Weert,2010,IEEE Transactions on Knowledge and Data Engineering,10.1109/TKDE.2009.208,https://ieeexplore.ieee.org/document/5342423/,adjacent-subtopic,"Thirty years after Forgy's seminal dissertation, Rete remains the de facto standard matching algorithm. Despite promising research results, alternative algorithms such as TREAT and LEAPS have had little impact on modern production rule engines. Constraint Handling Rules (CHR) is a high-level, declarative programming language, similar to production rules. In recent years, CHR has increasingly been used in a wide range of general purpose applications. State-of-the-art CHR systems use LEAPS-like lazy matching, and implement a large body of novel program analyses and optimization techniques to further improve performance. While obviously related, CHR and production rules research have mostly evolved independently from each other. With this paper, we aim to foster cross fertilization of implementation techniques. We provide a lucid, comprehensive overview of CHR's rule evaluation methodology, and survey recent contributions to the field of lazy matching. Our empirical evaluation confirms that Rete-based engines would surely benefit from incorporating similar techniques and optimizations.",ieee,llm,0.950,unreviewed,,doi:10.1109/tkde.2009.208
discarded,Haskell in Depth,Vitaly Bragilevsky,2021,Haskell in Depth,,https://ieeexplore.ieee.org/document/10280282/,adjacent-subtopic,"Turn the corner from “Haskell student” to “Haskell developer.” Haskell in Depth explores the important language features and programming skills you’ll need to build production-quality software using Haskell. And along the way, you’ll pick up some interesting insights into why Haskell looks and works the way it does. Get ready to go deep!",ieee,llm,0.880,unreviewed,,hash:361b06a42d0f78b3
discarded,Index domain alignment: minimizing cost of cross-referencing between distributed arrays,J. Li; M. Chen,1990,[1990 Proceedings] The Third Symposium on the Frontiers of Massively Parallel Computation,10.1109/FMPC.1990.89493,https://ieeexplore.ieee.org/document/89493/,adjacent-subtopic,The issue of data movement between processors due to cross-references between multiple distributed arrays is addressed. The problem of index domain alignment is formulated as finding a set of suitable alignment functions that map the index domains of the arrays into a common index domain so as to minimize the cost of data movement due to cross-references between the arrays. The cost function and the machine model used are abstractions of the current generation of distributed-memory machines. The problem as formulated is shown to be NP-complete. A heuristic algorithm is devised and shown to be efficient and to provide excellent results.<>,ieee,llm,0.990,unreviewed,,doi:10.1109/fmpc.1990.89493
discarded,Symbolic parametric safety analysis of linear hybrid systems with BDD-like data-structures,Farn Wang,2005,IEEE Transactions on Software Engineering,10.1109/TSE.2005.13,https://ieeexplore.ieee.org/document/1392719/,adjacent-subtopic,"We introduce a new BDD-like data structure called hybrid-restriction diagrams (HRDs) for the representation and manipulation of linear hybrid automata (LHA) state-spaces and present algorithms for weakest precondition calculations. This permits us to reason about the valuations of parameters that make safety properties satisfied. Advantages of our approach include the ability to represent discrete state information and concave polyhedra in a unified scheme, as well as to save both memory consumptions and manipulation times when processing the same substructures in state-space representations. Our experimental results document its efficiency in practice.",ieee,llm,0.880,unreviewed,,doi:10.1109/tse.2005.13
discarded,Information systems requirements analysis and design: a balanced approach,R.L. Miller,1995,IEEE Aerospace and Electronic Systems Magazine,10.1109/62.464891,https://ieeexplore.ieee.org/document/464891/,adjacent-subtopic,"Over the last decade information engineering has become the methodology of choice for developing information systems. There are as many definitions of information engineering as there are practitioners of the techniques. This paper addresses information engineering from a practical perspective; it discusses how information engineering techniques can be applied to the real-life problem of identifying system requirements and satisfying those requirements with a computer-based information system. The paper also shows that information engineering, rather than being a new methodology, is made up of components of existing methodologies.<>",ieee,llm,0.990,unreviewed,,doi:10.1109/62.464891
discarded,Analysis and synthesis of abstract data types through generalization from examples,C. Wild,1988,[1988] Proceedings of the Twenty-First Annual Hawaii International Conference on System Sciences. Volume II: Software track,10.1109/HICSS.1988.11784,https://ieeexplore.ieee.org/document/11784/,adjacent-subtopic,"The discovery of general patterns of behavior from a set of input/output examples can be a useful technique in the automated analysis and synthesis of software systems. These generalized descriptions of the behavior form a set of assertions that can be used for validation, program synthesis, program testing, and run-time monitoring. Describing the behavior is characterized as a learning process in which the set of inputs is mapped into an appropriate transform space such that general patterns can be easily characterized. The learning algorithm must choose a transform function and define a subset of the transform space which is related to equivalence classes of behavior in the original domain. An algorithm for analyzing the behavior of abstract data types is presented and several examples are given. The use of the analysis for purposes of program synthesis is also discussed.<>",ieee,llm,0.860,unreviewed,,doi:10.1109/hicss.1988.11784
discarded,Data preparation for neural network of predicting malfunctions in a mobile network,Saule Zhanayeva,2022,"2022 IEEE International Multi-Conference on Engineering, Computer and Information Sciences (SIBIRCON)",10.1109/SIBIRCON56155.2022.10016981,https://ieeexplore.ieee.org/document/10016981/,off-topic-false-hit,"Mobile data network operators are facing increasing operational complexity and rising maintenance costs when quantity of equipment is increasing. When the number of base stations increases, the number of malfunctions increases simultaneously. The ability to predict network outages in advance would be a great solution for mobile operators. Modern technological solutions based on neural network algorithms are able to predict in advance, with a certain probability, the appearance of equipment malfunctions. Data of operation and malfunctions on equipment of mobile network is required for training a neural network. In this article the issue of preliminary preparation of the collected data on the operation of 4G+ mobile operator’s network for further use in the development of a neural model for predicting malfunctions discussesed. The results of the analysis of the collected data are presented. Characteristics, composition, structure of the data, and features that can further affect training of the neural network are shown.",ieee,llm,0.990,unreviewed,,doi:10.1109/sibircon56155.2022.10016981
