status,title,authors,year,venue,doi,url,tags,abstract,provider,decision_source,llm_confidence,llm_review_outcome,llm_change_direction,paper_id
discarded,FedTAN: Federated Learning in Internet of Things Data via Transformer With Agile Normalization,X. Cheng,2026,IEEE Internet of Things Journal,10.1109/JIOT.2026.3655168,https://www.scopus.com/inward/record.uri?partnerID=HzOxMe3b&scp=105028280785&origin=inward,off-topic-false-hit,"Interactive data generated by Internet of Things (IoT) devices provides a strong foundation for advancing artificial intelligence. However, the transmission of IoT data poses significant challenges, particularly with respect to privacy protection and communication efficiency. Federated learning (FL), which enables collaborative model training without direct data sharing, has emerged as a promising solution to these challenges. Nevertheless, since data are collected from heterogeneous IoT devices, feature shift inevitably arises across clients, thereby degrading the performance of FL. Although existing studies have made progress in alleviating this issue, few have explored solutions from the perspective of normalization. To address this gap, we propose FL framework via Transformer with agile normalization (FedTAN), a transformer framework with agile normalization, designed to mitigate feature shift among clients by exploiting the intrinsic strengths of transformers in handling non-IID data. Specifically, FedTAN introduces a dynamic Tanh (DyT) activation function to replace conventional normalization layers in the transformer, thereby reducing communication overhead while preserving model performance. Furthermore, FedTAN incorporates statistical information aggregated from the federation to perform randomized normalization on client data and constructs client-specific DyT layers to adaptively mitigate interclient feature shift. Notably, FedTAN not only personalizes a transformer model for each client but also alleviates the adverse impact of federated aggregation on the self-attention mechanism. Extensive experiments under feature shift scenarios demonstrate that FedTAN achieves state-of-the-art performance.",scopus,llm,0.990,unreviewed,,doi:10.1109/jiot.2026.3655168
discarded,Measuring Language Change in Diachronic Corpora,R. Zimmermann,2026,International Encyclopedia of Language and Linguistics Third Edition 14 Volume Set,10.1016/B978-0-323-95504-1.00827-9,https://www.scopus.com/inward/record.uri?partnerID=HzOxMe3b&scp=105050540752&origin=inward,off-topic-false-hit,,scopus,llm,0.980,unreviewed,,doi:10.1016/b978-0-323-95504-1.00827-9
discarded,Online Robust Detection of Structural Anomaly Under Environmental Variability via Orthogonal Projection and Noisy Low-Rank Matrix Completion,P. Ren,2025,Buildings,10.3390/buildings15203749,https://www.scopus.com/inward/record.uri?partnerID=HzOxMe3b&scp=105020168927&origin=inward,off-topic-false-hit,"A long-standing challenge for the structural health monitoring (SHM) community is the masking effect of environmental variability, typically addressed by orthogonal projection (OP)-based data normalization to isolate the influence of environmental variability and enable structural anomaly detection. However, conventional OP techniques, such as principal component analysis, rely on clean and complete data, and their performance degrades in the presence of outliers or missing entries. To overcome this limitation, this paper proposes an integrated approach that combines OP with noisy low-rank matrix completion (NLRMC). The main advantage of NLRMC is its ability to couple low-rank and sparse decomposition with matrix completion, simultaneously handling data corruption and missingness to recover incomplete datasets and enable robust anomaly detection. By incorporating novelty-indicator extraction, a fully online, unsupervised anomaly-detection procedure is established. Validation on a vibration-based SHM dataset from the KW51 railway bridge confirms that the NLRMC-OP approach achieves reliable detection of operational state changes before and after retrofitting, even under both data corruption and missing scenarios. This study advances the usability of SHM data and facilitates efficient decision-making, while also highlighting the broader significance of leveraging the low-rank data structure in AI-enabled operation and maintenance of civil infra-structure.",scopus,llm,0.990,unreviewed,,doi:10.3390/buildings15203749
discarded,A Synergistic Approach for Electricity Theft Detection Leveraging DeepBlendNet and Activeblendnet for Improved Learning Efficiency in Smart Grids,M. Ammar,2025,2025 IEEE Middle East Conference on Communications and Networking Mecom 2025,10.1109/MECOM67453.2025.11439474,https://www.scopus.com/inward/record.uri?partnerID=HzOxMe3b&scp=105036676875&origin=inward,off-topic-false-hit,"This study introduces DeepBlendNet and ActiveBlendNet, two innovative models designed to overcome these limitations and significantly enhance electricity theft detection. The proposed pipeline begins with an advanced data preprocessing strategy, including feature elimination, imputation of missing values, and data normalization. To address class imbalance, the localized randomized affine shadowsampling technique is applied, generating realistic synthetic minority class samples while preserving local data structure. Next, DeepBlendNet leverages a combination of a feature transformer model and densely connected convolutional networks as a base model, and a highway network as a meta-model to capture low- and highlevel features effectively. Building on this, ActiveBlendNet incorporates entropy-based active learning to intelligently query and label the most informative samples, enhancing learning efficiency and reducing annotation costs. The DeepBlendNet and ActiveBlendNet models are evaluated on key performance metrics, achieving remarkable improvements over state-of-the-art models, including a $\mathbf{7. 5 \%}$ and 15% boost in accuracy, 17.8% and 30.1% in precision, 4.8 % and 10.9 % in F1-score, respectively. Additionally, ActiveBlendNet's improvement in both ROC-AUC and PR-AUC is 2.1 %.",scopus,llm,0.990,unreviewed,,doi:10.1109/mecom67453.2025.11439474
discarded,Molecular Structure Learning with Graph Transformers: A Graph Reduction Approach for Improved Efficiency and Accuracy,S. Fadlallah,2025,2025 6th International Conference on Pattern Recognition and Machine Learning Prml 2025,10.1109/PRML66062.2025.11159676,https://www.scopus.com/inward/record.uri?partnerID=HzOxMe3b&scp=105017971413&origin=inward,off-topic-false-hit,"Transformer models have demonstrated impressive performance across various domains, yet their application to non-NLP fields, such as chemical and biological informatics, remains challenging due to difficulties in tokenizing and embedding complex data structures. While combining Large Language Models (LLMs) with large-scale pretraining shows potential, issues like computational cost, memory usage, and overfitting still pose significant obstacles.In this work, we present modifications to the Graphormer architecture aimed at addressing these limitations. Our contributions include a chemically intuitive graph reduction strategy, structural feature normalization, and a learnable graph readout. These improvements enhance efficiency and prediction accuracy while significantly reducing training time. Notably, our hierarchical pooling approach compresses graphs by reducing node count while preserving essential structural features, enabling more effective learning. Validation on molecular datasets demonstrates that our method reduces training time by an average of 98.35% and decreases testing error by approximately 47.97%. These results highlight the potential of our approach for large-scale pretraining and downstream molecular property prediction. Our work emphasizes the value of domain-aware architectural adaptations for applying graph transformers in chemical and biological contexts.",scopus,llm,0.980,unreviewed,,doi:10.1109/prml66062.2025.11159676
discarded,AI-Enabled Smart Manufacturing for Optimized Product Design,S. Jayanthy,2025,Proceedings of the 6th International Conference on Inventive Research in Computing Applications Icirca 2025,10.1109/ICIRCA65293.2025.11089508,https://www.scopus.com/inward/record.uri?partnerID=HzOxMe3b&scp=105013622691&origin=inward,off-topic-false-hit,"The automotive industry faces challenges in optimizing product design due to inefficiencies in customer feedback integration, which frequently results in long time development cycles, increased costs, and design flaws that impact performance and customer satisfaction. This paper presents an AI-integrated framework focused on extracting and analyzing customer feedback for informed design decisionmaking. Customer reviews, star ratings, and product details are collected from the e-commerce platforms such as Amazon using Scrapy. Scrapy automates the extraction process by navigating webpages, identifying relevant data structures, and retrieving large volumes of customer feedback in a structured and efficient manner. The scraped data subsequently undergoes normalization and noise removal in preprocessing to improve the consistency and quality of the data. Sentiment analysis is done using BERT model, achieving an accuracy of $\mathbf{9 4. 5 \%}$ in classifying customer reviews, while Latent Dirichlet Allocation (LDA)-based topic modeling enhances the identification of common feedback themes, improving decision-making efficiency to 92 %. After that, the examined insights are integrated with GPT Transformers with BLEU score of 0.82 and ROGUE score of 0.75, which generates design suggestions for potential improvement to product design, based on identified customer feedback patterns. This approach enables automotive manufacturers to better align their designs with user expectations, reduce development iteration cycles, and encourage customer-centric product innovation. Automotive OEMs can apply this framework to enhance design by addressing feedback from customers.",scopus,llm,0.990,unreviewed,,doi:10.1109/icirca65293.2025.11089508
discarded,Hybrid LSTM-Random Forest Model for Forecasting Lettuce Leaf Growth in Hydroponic Systems During the Rainy Season,A.F. Zayandra,2025,Proceedings 2025 8th International Seminar on Research of Information Technology and Intelligent Systems Isriti 2025,10.1109/ISRITI68345.2025.11393209,https://www.scopus.com/inward/record.uri?partnerID=HzOxMe3b&scp=105035722666&origin=inward,off-topic-false-hit,"Hydroponic lettuce cultivation in Indonesia suffers from unpredictable growth during the rainy season due to fluctuating temperature, humidity, pH, and nutrient levels, leading to inefficiencies and losses of yield. The classic approaches ARIMA and Prophet were unable to model nonlinear relationships, which for Prophet indicated MAE 1.475 and a lower RMSE 1.808 for identical 2024 NFT data. This research aims to merge LSTM and Random Forest in a hybrid model capable of providing precise and practical predictions for farmers. 344 daily values for data regarding months of Jan to May 2024 were prepared for training with time series creation, selection with a hole based on standard deviation values of less than 1.5, MinMax value normalization, and split data division based on seasons 1 to 3 for training and season 4 for validation. The hybrid model boasts LSTM for extracting temporal relationships and Random Forest for correcting nonlinear relationships for univariate and multivariate approaches. In several experiments based on differing data structures and other parameters, multivariate clearly outperformed others with MAE 1.256 and a lower RMSE 1.822 for 14.6 percent absolute improvement in MAE performance with 14.85 percent improvement in MAE values for identical data when compared with Prophet. This model clearly indicates major contributing factors for droughts in hydroponic systems for practical future creation of low-cost action rules for straightforward and immediate actions via existing IoT equipment for tropical hydroponic farming.",scopus,llm,0.990,unreviewed,,doi:10.1109/isriti68345.2025.11393209
discarded,Automated Structural Bolt Micro Looseness Monitoring Method Using Deep Learning,M. Qin,2024,Sensors,10.3390/s24227340,https://www.scopus.com/inward/record.uri?partnerID=HzOxMe3b&scp=85210250744&origin=inward,off-topic-false-hit,"The detection of bolt loosening in key components of aircraft engines faces problems such as complex and difficult-to-establish bolt loosening mechanism models, difficulty in identifying early loosening, and difficulty in extracting signal features with nonlinear and non-stationary characteristics. Therefore, the automated structural bolt micro looseness monitoring method using deep learning was proposed. Specifically, the addition of batch normalization methods enables the established Batch Normalized Stacked Autoencoders (BNSAEs) model to converge quickly and effectively, making the model easy to build and effective. Additionally, using characterization functions preprocess the original response signal not only simplifies the data structure but also ensures the integrity of features, which is beneficial for network training and reduces time costs. Finally, the effectiveness of the proposed method was verified by taking the bolted connection structures of two key components of aircraft engines, namely bolt connection structures and flange connection structures, as examples.",scopus,llm,0.990,unreviewed,,doi:10.3390/s24227340
discarded,Learning submanifold-specific normalization and attention with spd matrices for visual classification,E. Lv,2024,Frontiers in Artificial Intelligence and Applications,10.3233/FAIA240133,https://www.scopus.com/inward/record.uri?partnerID=HzOxMe3b&scp=85189344206&origin=inward,off-topic-false-hit,"Deep manifold learning has achieved significant success in handling visual tasks by using Symmetric Positive Definite (SPD) matrices, particularly within multi-scale submanifold networks (MSNet). This network is capable of extracting a series of main diagonal submatrices from SPD matrices. However, these submanifolds do not take into account the distribution of the submanifolds themselves. To address this limitation and introduce batch normalization tailored to submanifolds, we devise a submanifold-specific normalization approach that incorporates submanifold distribution information. Additionally, for submanifolds mapped into Euclidean space, considering the weight relationships between different submanifolds, we propose an attention mechanism tailored for log mapped submanifolds, termed submanifold attention. Submanifold attention is decomposed into multiple 1D feature encodings. This approach enables the capture of dependencies between different submanifolds, thus promoting a more comprehensive understanding of the data structure. To demonstrate the effectiveness of this method, we conducted experiments on various visual databases. Our results indicate that this approach outperforms the MSNet.",scopus,llm,0.990,unreviewed,,doi:10.3233/faia240133
discarded,Efficient Encrypted Range Query Integrity Authentication for Hundreds of Millions of Records,Z. Wang,2024,Moshi Shibie Yu Rengong Zhineng Pattern Recognition and Artificial Intelligence,10.16451/j.cnki.issn1003-6059.202401003,https://www.scopus.com/inward/record.uri?partnerID=HzOxMe3b&scp=85195505869&origin=inward,adjacent-subtopic,,scopus,llm,0.880,unreviewed,,doi:10.16451/j.cnki.issn1003-6059.202401003
discarded,Data Processing Methods in Solar Power Generation Forecasting Tasks,M. Melnyk,2024,International Scientific and Technical Conference on Computer Sciences and Information Technologies,10.1109/CSIT65290.2024.10982622,https://www.scopus.com/inward/record.uri?partnerID=HzOxMe3b&scp=105005834493&origin=inward,off-topic-false-hit,"his paper addresses the problem of determining the weighting coefficients of parameters affecting the generation volumes using the random forest method. This approach enabled the exclusion of meteorological data that had minimal impact. Using these results, the study investigates the impact of various data preprocessing methods on solar power generation forecasting using the k-nearest neighbors (kNN) algorithm. During the study, a dataset was formed and processed using various preprocessing methods, including logarithmic normalization, double logarithmic normalization, Min-Max Scaling, and the exclusion of zero generation values. The results showed that logarithmic normalization is the most effective approach to improving forecast accuracy. The advantages and disadvantages of other approaches are also discussed, and their feasibility is justified.",scopus,llm,0.990,unreviewed,,doi:10.1109/csit65290.2024.10982622
discarded,Privacy-Preserving Dijkstra,B. Ostrovsky,2024,Lecture Notes in Computer Science,10.1007/978-3-031-68400-5_3,https://www.scopus.com/inward/record.uri?partnerID=HzOxMe3b&scp=85202298343&origin=inward,adjacent-subtopic,"Given a graph G(V, E), represented as a secret-sharing of an adjacency list, we show how to obliviously convert it into an alternative, MPC-friendly secret-shared representation, so-called d-normalized replicated adjacency list (which we abbreviate to d-normalized), where the size of our new data-structure is only 4x larger - compared to the original (secret-shared adjacency list) representation of G. Yet, this new data structure enables us to execute oblivious graph algorithms that simultaneously improve underlying graph algorithms' round, computation, and communication complexity. Our d-normalization proceeds in two steps:

First, we show how for any graph G, given a secret-shared adjacency list, where vertices are arbitrary alphanumeric strings that fit into a single RAM memory word, we can efficiently and securely rename vertices to integers from 1 to V that will appear in increasing order in the resulting secret-shared adjacency list. The secure renaming takes O(log V) rounds and O((V + E) log V) secure operations. Our algorithm also outputs in a secret-shared form two arrays: a mapping from integers to alphanumeric names and its sorted inverse. Of course, if the adjacency list is already in such an integer format, this step could be skipped. Second, given a secret-shared adjacency list for any graph G, where vertices are integers from 1 to V and are sorted, there exists a d-normalization algorithm that takes O(1) rounds and O(V + E) secure operations.

We believe that both conversions are of independent interest. We demonstrate the power of our data structures by designing a privacy-preserving Dijkstra's single-source shortest-path algorithm that achieves O ((V + E) log V) secure operations and O(V.log V.log log log V) rounds. Our secure Dijkstra algorithm works for any adjacency list representation as long as all vertex labels and weights can individually fit into RAM memory word. Our algorithms work for two or a constant number of servers in the honest but curious setting. The limitation of our result (to only a constant number of servers) is due to our reliance on linear work and constant-round secure shuffle.",scopus,llm,0.940,unreviewed,,doi:10.1007/978-3-031-68400-5_3
discarded,Investigating Data Protection Mechanisms for EEG Biometric Authentication,C. Hernandez,2024,Proceedings 2024 IEEE International Conference on Big Data Bigdata 2024,10.1109/BigData62323.2024.10826073,https://www.scopus.com/inward/record.uri?partnerID=HzOxMe3b&scp=85217983902&origin=inward,adjacent-subtopic,"EEG data is an intriguing new biometric authentication medium. However, users may not be comfortable with the idea of presenting data about their intimate brain state without protections in place. Furthermore, EEG data used for authentication should be considered sensitive, as its leakage could also assist an attacker in exploiting the user in the future. This paper investigates four potential approaches to performing authentication of users with EEG data, without using the raw unprotected EEG signals. The strategies tested were: homomorphic encryption, BioHashing, fuzzy hashing, and Bloom filter templates. These strategies were compared against a baseline model using the standard False Acceptance Rate (FAR), False Rejection Rate (FRR), and Half Total Error Rate (HTER) metrics. HTER was a particular focus, as a representation of a balance between FAR and FRR. Testing found that homomorphic encryption came with significant execution time overhead but performed closest to baseline with an HTER of 0.005. BioHashing exhibited an HTER of 0 or near 0 when the authentication threshold was equally low (e.g., 0.3 or less). Fuzzy hashing consistently reported an HTER between 0.1 and 0.15. Finally, the Bloom filter template approach varied, but hovered close to 0.1 HTER. Fuzzy hashing is designed to accommodate variation in data, which explains its capability when applied to biometric data. Additionally, the combination of normalization with the probabilistic nature of Bloom filter data structures appear to similarly enable their application to this problem. This testing helped to show that authentication with protection mechanisms is possible and could potentially be reliable. Additionally, these tests demonstrated the novel application of fuzzy hashing and Bloom filter templates to EEG-based biometric authentication.",scopus,llm,0.950,unreviewed,,doi:10.1109/bigdata62323.2024.10826073
