status,title,authors,year,venue,doi,url,tags,abstract,provider,decision_source,llm_confidence,llm_review_outcome,llm_change_direction,paper_id
discarded,Poster: Automated program repair with canonical constraints,A. Hill,2018,Proceedings International Conference on Software Engineering,10.1145/3183440.3194999,https://www.scopus.com/inward/record.uri?partnerID=HzOxMe3b&scp=85049680155&origin=inward,"supports-claim; adjacent-subtopic; normalisation of programs, queries or documents for comparison; not values of a data type","Automated program repair (APR) seeks to improve the speed and decrease the cost of repairing software bugs. Existing APR approaches use unit tests or constraint solving to find and validate program patches.We propose Canonical Search And Repair (CSAR), a program repair technique based on semantic search which uses a canonical form of the path conditions to characterize buggy and patch code and allows for easy storage and retrieval of software patches, without the need for expensive constraint solving. CSAR uses string metrics over the canonical forms to cheaply measure semantic distance between patches and buggy code and uses a classifier to identify situations in which test suite executions are unnecessary–and to provide a finer-grained means of differentiating between potential patches. We evaluate CSAR on the IntroClass benchmark, and show that CSAR finds more correct patches (96% increase) than previous semantic search approaches, and more correct patches (34% increase) than other previous state-of-the-art in program repair.",scopus,llm_reviewed,0.960,changed,kept->discarded,doi:10.1145/3183440.3194999
discarded,Type-and-scope safe programs and their proofs,G. Allais,2017,Cpp 2017 Proceedings of the 6th ACM SIGPLAN Conference on Certified Programs and Proofs Co Located with Popl 2017,10.1145/3018610.3018613,https://www.scopus.com/inward/record.uri?partnerID=HzOxMe3b&scp=85015037327&origin=inward,adjacent-subtopic,"We abstract the common type-and-scope safe structure from computations on λ-terms that deliver, e.g., renaming, substitution, evaluation, CPS-transformation, and printing with a name supply. By exposing this structure, we can prove generic simulation and fusion lemmas relating operations built this way. This work has been fully formalised in Agda.",scopus,llm,0.930,unreviewed,,doi:10.1145/3018610.3018613
discarded,Cyclic datatypes modulo bisimulation based on second-order algebraic theories,M. Hamana,2017,Logical Methods in Computer Science,10.23638/LMCS-13(4:8)2017,https://www.scopus.com/inward/record.uri?partnerID=HzOxMe3b&scp=85041860467&origin=inward,"supports-claim; adjacent-subtopic; normal forms in rewriting, logic or type theory","Cyclic data structures, such as cyclic lists, in functional programming are tricky to handle because of their cyclicity. This paper presents an investigation of categorical, algebraic, and computational foundations of cyclic datatypes. Our framework of cyclic datatypes is based on second-order algebraic theories of Fiore et al., which give a uniform setting for syntax, types, and computation rules for describing and reasoning about cyclic datatypes. We extract the ""fold"" computation rules from the categorical semantics based on iteration categories of Bloom and Esik. Thereby, the rules are correct by construction. We prove strong normalisation using the General Schema criterion for second-order computation rules. Rather than the fixed point law, we particularly choose Bekic law for computation, which is a key to obtaining strong normalisation. We also prove the property of ""Church-Rosser modulo bisimulation"" for the computation rules. Combining these results, we have a remarkable decidability result of the equational theory of cyclic data and fold.Comment: 38 pages",scopus,llm_reviewed,0.870,changed,kept->discarded,doi:10.23638/lmcs-13(4:8)2017
discarded,Liberating effects with rows and handlers,D. Hillerström,2016,Tyde 2016 Proceedings of the 1st International Workshop on Type Driven Development Co Located with ICFP 2016,10.1145/2976022.2976033,https://www.scopus.com/inward/record.uri?partnerID=HzOxMe3b&scp=85015312212&origin=inward,adjacent-subtopic,"Algebraic effects and effect handlers provide a modular abstraction for effectful programming. They support user-defined effects, as in Haskell, in conjunction with direct-style effectful programming, as in ML. They also present a structured interface to programming with delimited continuations.",scopus,llm,0.980,unreviewed,,doi:10.1145/2976022.2976033
discarded,Research and design of portable photoelectric rotary table data-Acquisition and analysis system,D. Yang,2015,Proceedings of SPIE the International Society for Optical Engineering,10.1117/12.2075398,https://www.scopus.com/inward/record.uri?partnerID=HzOxMe3b&scp=84924370902&origin=inward,off-topic-false-hit,"Photoelectric rotary table as the main test tracking measurement platform, widely use in shooting range and aerospace fields. In the range of photoelectric tracking measurement system, in order to meet the photoelectric testing instruments and equipment of laboratory and field application demand, research and design the portable photoelectric rotary table data acquisition and analysis system, and introduces the FPGA device based on Xilinx company Virtex-4 series and its peripheral module of the system hardware design, and the software design of host computer in VC++ 6.0 programming platform and MFC package based on class libraries. The data acquisition and analysis system for data acquisition, display and storage, commission control, analysis, laboratory wave playback, transmission and fault diagnosis, and other functions into an organic whole, has the advantages of small volume, can be embedded, high speed, portable, simple operation, etc. By photoelectric tracking turntable as experimental object, carries on the system software and hardware alignment, the experimental results show that the system can realize the data acquisition, analysis and processing of photoelectric tracking equipment and control of turntable debugging good, and measurement results are accurate, reliable and good maintainability and extensibility. The research design for advancing the photoelectric tracking measurement equipment debugging for diagnosis and condition monitoring and fault analysis as well as the standardization and normalization of the interface and improve the maintainability of equipment is of great significance, and has certain innovative and practical value.",scopus,llm,0.990,unreviewed,,doi:10.1117/12.2075398
discarded,Concurrent NetCore: From policies to pipelines,C. Schlesinger,2014,Proceedings of the ACM SIGPLAN International Conference on Functional Programming ICFP,10.1145/2628136.2628157,https://www.scopus.com/inward/record.uri?partnerID=HzOxMe3b&scp=84907008436&origin=inward,adjacent-subtopic,"In a Software-Defined Network (SDN), a central, computationally powerful controller manages a set of distributed, computationally simple switches. The controller computes a policy describing how each switch should route packets and populates packet-processing tables on each switch with rules to enact the routing policy. As network conditions change, the controller continues to add and remove rules from switches to adjust the policy as needed.",scopus,llm,0.970,unreviewed,,doi:10.1145/2628136.2628157
discarded,GLSL in batch image processing,R. Tornai,2014,5th IEEE International Conference on Cognitive Infocommunications Coginfocom 2014 Proceedings,10.1109/CogInfoCom.2014.7020407,https://www.scopus.com/inward/record.uri?partnerID=HzOxMe3b&scp=84946687918&origin=inward,off-topic-false-hit,"This demo considers the construction of an image processing software system for collaborative work in networked environment. This system relies on OpenGL and its GLSL subsystem. Unfortunately, even commercial softwares use OpenGL only for rotating and zooming. Moreover, there is a feature that almost all of the image editing softwares are missing: if the distortion of the transfer curve of the printing process is known, the edited picture may be predistorted before applying the final step for linear image transfer [1]. In the case of medical pictures (e.g.: color fundus images), sharpening, edge detection, contrast enhancement, contrast limited adaptive histogram equalization, gray world normalization, histogram equalization or intensity adjustment tasks arise [2]. The speed up factor is the primary concern for the batch processing, while the software is targeted to fulfill the demands for one image in real time.",scopus,llm,0.990,unreviewed,,doi:10.1109/coginfocom.2014.7020407
discarded,Origin tracking in attribute grammars,K. Williams,2014,Lecture Notes in Computer Science Including Subseries Lecture Notes in Artificial Intelligence and Lecture Notes in Bioinformatics,10.1007/978-3-319-11245-9_16,https://www.scopus.com/inward/record.uri?partnerID=HzOxMe3b&scp=84921775278&origin=inward,adjacent-subtopic,,scopus,llm,0.720,unreviewed,,doi:10.1007/978-3-319-11245-9_16
discarded,"2013 2nd International Conference on Industrial Design and Mechanics Power, ICIDMP 2013",,2013,Applied Mechanics and Materials,,https://www.scopus.com/inward/record.uri?partnerID=HzOxMe3b&scp=84886793004&origin=inward,off-topic-false-hit,,scopus,llm,0.990,unreviewed,,hash:967831b4fa272a44
discarded,Towards a notion of unsatisfiable and unrealizable cores for LTL,V. Schuppan,2012,Science of Computer Programming,10.1016/j.scico.2010.11.004,https://www.scopus.com/inward/record.uri?partnerID=HzOxMe3b&scp=84859777415&origin=inward,adjacent-subtopic,"Unsatisfiable cores, i.e., parts of an unsatisfiable formula that are themselves unsatisfiable, have important uses in debugging specifications, speeding up search in model checking or SMT, and generating certificates of unsatisfiability. While unsatisfiable cores have been well investigated for Boolean SAT and constraint programming, the notion of unsatisfiable cores for temporal logics such as LTL has not received much attention. In this paper we investigate notions of unsatistiable cores for LTL that arise from the syntax tree of an LTL formula, from converting it into a conjunctive normal form, and from proofs of its unsatisfiability. The resulting notions are more fine-grained than existing ones. We illustrate the benefits of the more fine-grained notions on examples from the literature. We extend some of the notions to realizability and we discuss the relationship of unsatisfiable and unrealizable cores with the notion of vacuity. (c) 2010 Elsevier B.V. All rights reserved.",scopus,llm,0.950,unreviewed,,doi:10.1016/j.scico.2010.11.004
discarded,"Functional and Logic Programming - 11th International Symposium, FLOPS 2012, Proceedings",,2012,Lecture Notes in Computer Science Including Subseries Lecture Notes in Artificial Intelligence and Lecture Notes in Bioinformatics,,https://www.scopus.com/inward/record.uri?partnerID=HzOxMe3b&scp=84861745371&origin=inward,adjacent-subtopic,,scopus,llm,0.750,unreviewed,,hash:e4d95403b9f6ea7d
discarded,A compact fixpoint semantics for term rewriting systems,M. Alpuente,2010,Theoretical Computer Science,10.1016/j.tcs.2010.05.012,https://www.scopus.com/inward/record.uri?partnerID=HzOxMe3b&scp=77955467803&origin=inward,"qualifies-claim; adjacent-subtopic; normal forms in rewriting, logic or type theory","This work is motivated by the fact that a ""compact"" semantics for term rewriting systems, which is essential for the development of effective semantics-based program manipulation tools (e.g. automatic program analyzers and debuggers), does not exist. The big-step rewriting semantics that is most commonly considered in functional programming is the set of values/normal forms that the program is able to compute for any input expression. Such a big-step semantics is unnecessarily oversized, as it contains many ""semantically useless"" elements that can be retrieved from a smaller set of terms. Therefore, in this article, we present a compressed, goal-independent collecting fixpoint semantics that contains the smallest set of terms that are sufficient to describe, by semantic closure, all possible rewritings. We prove soundness and completeness under ascertained conditions. The compactness of the semantics makes it suitable for applications. Actually, our semantics can be finite whereas the big-step semantics is generally not, and even when both semantics are infinite, the fixpoint computation of our semantics produces fewer elements at each step. To support this claim we report several experiments performed with a prototypical implementation. (C) 2010 Elsevier B.V. All rights reserved.",scopus,llm_reviewed,0.910,changed,kept->discarded,doi:10.1016/j.tcs.2010.05.012
discarded,Towards a notion of unsatisfiable cores for LTL,V. Schuppan,2010,Lecture Notes in Computer Science Including Subseries Lecture Notes in Artificial Intelligence and Lecture Notes in Bioinformatics,10.1007/978-3-642-11623-0_7,https://www.scopus.com/inward/record.uri?partnerID=HzOxMe3b&scp=77949462527&origin=inward,adjacent-subtopic,,scopus,llm,0.910,unreviewed,,doi:10.1007/978-3-642-11623-0_7
kept,Representation dependence testing using program inversion,A. Kanade,2010,Proceedings of the ACM SIGSOFT Symposium on the Foundations of Software Engineering,10.1145/1882291.1882332,https://www.scopus.com/inward/record.uri?partnerID=HzOxMe3b&scp=78751520355&origin=inward,supports-claim; representation-bugs,"The definition of a data structure may permit many different concrete representations of the same logical content. A (client) program that accepts such a data structure as input is said to have a representation dependence if its behavior differs for logically equivalent input values. In this paper, we present a methodology and tool for automated testing of clients of a data structure for representation dependence. In the proposed methodology, the developer expresses the logical equivalence by writing a normalization program f that maps each concrete representation to a canonical one. Our solution relies on automatically synthesizing the one-to-many inverse function of f: given an input value x, we can generate multiple test inputs logically equivalent to x by executing the inverse with the canonical value f(x) as input repeatedly. We present an inversion algorithm for restricted classes of normalization programs including programs mapping arrays to arrays in a typical iterative manner. We present a prototype implementation of the algorithm, and demonstrate how our methodology reveals bugs due to representation dependence in open source software such as Open Office and Picasa using the widely used image format TIFF. TIFF is a challenging case study for our approach.",scopus,llm_reviewed,0.990,confirmed,,doi:10.1145/1882291.1882332
discarded,Mining source code for structural regularities,A. Lozano,2010,Proceedings Working Conference on Reverse Engineering Wcre,10.1109/WCRE.2010.12,https://www.scopus.com/inward/record.uri?partnerID=HzOxMe3b&scp=78650652147&origin=inward,adjacent-subtopic,"During software development, design rules and contracts in the source code are often encoded through regularities, such as API usage protocols, coding idioms and naming conventions. The structural regularities that govern a program can aid in comprehension and maintenance of the application, but are often implicit or undocumented. Tool support for extracting these regularities from the source code can provide developers useful insights. But building such tool support is not trivial, in particular, because the informal nature of regularities results in frequent deviations and exceptions to these regularities. We propose an automated approach, based on association rule mining, to discover the structural regularities that govern the source code of a software system. We chose this technique because of its resilience to exceptions. In general, tool support for mining regularities tends to discover a huge amount of rules, making interpretation of the results hard and time-consuming. To ease the interpretation, we reduce the results to a minimal canonical form, and group them to obtain a more rational description of the discovered regularities. As an initial feasibility study of our approach, we applied it on two open-source systems, namely Intensive (Smalltalk) and FreeCol (Java).",scopus,llm,0.950,unreviewed,,doi:10.1109/wcre.2010.12
discarded,Scalable SMT-based verification of GPU kernel functions,G. Li,2010,Proceedings of the ACM SIGSOFT Symposium on the Foundations of Software Engineering,10.1145/1882291.1882320,https://www.scopus.com/inward/record.uri?partnerID=HzOxMe3b&scp=78751475159&origin=inward,adjacent-subtopic,"Interest in Graphical Processing Units (GPUs) is skyrocketing due to their potential to yield spectacular performance on many important computing applications. Unfortunately, writing such efficient GPU kernels requires painstaking manual optimization effort which is very error prone. We contribute the first comprehensive symbolic verifier for kernels written in CUDA C. Called the 'Prover of User GPU programs (PUG),' our tool efficiently and automatically analyzes real-world kernels using Satisfiability Modulo Theories (SMT) tools, detecting bugs such as data races, incorrectly synchronized barriers, bank conflicts, and wrong results. PUG's innovative ideas include a novel approach to symbolically encode thread interleavings, exact analysis for correct barrier placement, special methods for avoiding interleaving generation, dividing up the analysis over barrier intervals, and handling loops through three approaches: loop normalization, overapproximation, and invariant finding. PUG has analyzed over a hundred CUDA kernels from public distributions and in-house projects, finding bugs as well as subtle undocumented assumptions.",scopus,llm,0.930,unreviewed,,doi:10.1145/1882291.1882320
discarded,A universe of binding and computation,D.R. Licata,2009,Proceedings of the ACM SIGPLAN International Conference on Functional Programming ICFP,10.1145/1596550.1596571,https://www.scopus.com/inward/record.uri?partnerID=HzOxMe3b&scp=70450162499&origin=inward,adjacent-subtopic,"We construct a logical framework supporting datatypes that mix binding and computation, implemented as a universe in the dependently typed programming language Agda 2. We represent binding pronominally, using well-scoped de Bruijn indices, so that types can be used to reason about the scoping of variables. We equip our universe with datatype-generic implementations of weakening, substitution, exchange, contraction, and subordination-based strengthening, so that programmers need not reimplement these operations for each individual language they define. In our mixed, pronominal setting, weakening and substitution hold only under some conditions on types, but we show that these conditions can be discharged automatically in many cases. Finally, we program a variety of standard difficult test cases from the literature, such as normalization-by-evaluation for the untyped lambda-calculus, demonstrating that we can express detailed invariants about variable usage in a program's type while still writing clean and clear code.",scopus,llm,0.860,unreviewed,,doi:10.1145/1596550.1596571
discarded,NICAD: Accurate detection of near-miss intentional clones using flexible pretty-printing and code normalization,C.K. Roy,2008,IEEE International Conference on Program Comprehension,10.1109/ICPC.2008.41,https://www.scopus.com/inward/record.uri?partnerID=HzOxMe3b&scp=71149111492&origin=inward,"supports-claim; adjacent-subtopic; normalisation of programs, queries or documents for comparison; not values of a data type","This paper examines the effectiveness of a new language- specific parser-based but lightweight clone detection approach. Exploiting a novel application of a source transformation system, the method accurately finds near-miss clones using an efficient text line comparison technique. The transformation system assists the method in three ways. First, using agile parsing it provides user-specified flexible pretty- printing to remove noise, standardize formatting and break program statements into parts such that potential changes can be detected as simple linewise text differences. Second, it provides efficient flexible extraction of potential clones to be compared using island grammars and agile parsing to select granularities and enumerate potential clones. Third, using transformation rules it provides flexible code normalization to allow for local editing differences between similar code segments and filtering out of uninteresting parts of potential clones. In this paper we introduce the theory and practice of the framework and demonstrate its use in finding function clones in C code. Early experiments indicate that the method is capable of finding near-miss clones with high precision and recall, and with reasonable performance.",scopus,llm_reviewed,0.840,changed,kept->discarded,doi:10.1109/icpc.2008.41
