status,title,authors,year,venue,doi,url,tags,abstract,provider,decision_source,llm_confidence,llm_review_outcome,llm_change_direction,paper_id
To answer these questions, we develop a high-level semantic model of the extended compiler and run-time machinery, Rather than modeling the evaluation as a low-level machine, we model the relevant low-level features of the stepper's implementation in a high-level reduction semantics. We expect the approach to apply to other semantics-based tools.",wos,llm_reviewed,0.830,changed,kept->discarded,hash:d63bccdf6cb97900
discarded,The OORHS: a conceptual framework that provides easy and reversible distributed programming,"Yeung, DS; Wong, AKY",1998,COMPUTER SYSTEMS SCIENCE AND ENGINEERING,,https://www.webofscience.com/wos/woscc/full-record/WOS:000078180500004,adjacent-subtopic,"In the proposed OORHS (object-oriented reciprocal hypercomputing system) conceptual framework, the user provides only a highlevel APPL program, which is, in effect, a specification. With this specification, the system automatically performs all the necessary distributed computing steps: (a) precompile, transform and then normalize the specification into its compilable form, (b) construct a program descriptor to represent the running parallel program. (c) distribute the program objects of the parallel program for the local compilation process, and (d) capture the dynamic behaviour of a running program by its program descriptor. Program visualization, which is based on the contents of the program descriptors, is an integral part of the OORHS, The user can choose to monitor and debug any running APPL program in the system via the interface of the program visualizer. Invoking the program visualizer is the first step of the reversible programming process in the OORHS framework. Preliminary experience with the OORHS prototype shows that distributed programming in this framework is simple and straightforward.",wos,llm,0.910,unreviewed,,hash:15c76ac1a9562b1c
discarded,Detecting ENF event predicates in distributed systems,"Chiou, HK; Korfhage, W",1997,JOURNAL OF PARALLEL AND DISTRIBUTED COMPUTING,,https://www.webofscience.com/wos/woscc/full-record/WOS:A1997XZ24800001,adjacent-subtopic,"Detection of global event predicates is an important issue for distributed systems, particularly for debugging and monitoring of such systems, This paper defines event normal form (ENF) event predicates, and then provides an on-line distributed algorithm to detect the first occurrence of such a predicate, We extend the algorithm to detect parameterized predicates, and develop a multithreaded matcher that will detect multiple instances of an ENF predicate, Measurements show that the algorithm is very fast, taking 10-20 mu s to process each event message, depending upon the predicate complexity, We believe that this combination of speed and flexibility can make the algorithm very useful for on-line monitoring of distributed systems, (C) 1997 Academic Press.",wos,llm,0.940,unreviewed,,hash:21cd738c5e0b4b5f
discarded,HIDDEN MARKOV MODEL-BASED OPTICAL CHARACTER-RECOGNITION IN THE PRESENCE OF DETERMINISTIC TRANSFORMATIONS,"AGAZZI, OE; KUO, SS",1993,PATTERN RECOGNITION,,https://www.webofscience.com/wos/woscc/full-record/WOS:A1993MR13700006,off-topic-false-hit,"A method is introduced to combine and jointly optimize recognition and image normalization in optical character recognition algorithms based on pseudo two-dimensional (2D) hidden Markov models (HMMs). The method can be combined with a previous method for joint segmentation and recognition of connected text. It also provides a maximum likelihood estimate of the transformation parameters (scaling factor, slant angle, etc.), that can be used by higher level modules in an intelligent document recognition system as an aid in the recognition process. The computational cost of this technique is modest. Experimental results on a data base of distorted printed characters are presented.",wos,llm,0.990,unreviewed,,hash:6288c8e679269634
discarded,ADAPT - AUTOMATED DEBUGGING IN AN ADAPTIVE PROLOG TUTOR,"GEGGHARRISON, TS",1992,LECTURE NOTES IN COMPUTER SCIENCE,,https://www.webofscience.com/wos/woscc/full-record/WOS:A1992KQ19800039,adjacent-subtopic,"Automated program debugging is a difficult task which requires recognizing the algorithm employed by the programmer and detecting any errors that exist in her program. All approaches to automated program debugging require some form of plan library which consists of a collection of representative programs. The general approach to constructing these debuggers is to build a system with an initial set of representative programs, run empirical studies on novice programmers to test the sufficiency of this set of programs, and then add new representative programs and repeat the empirical studies. Because the decision to add new representative programs to the library is dictated by empirical studies, the set of programs in the library has no precise characterization. It is possible to precisely define a non-trivial class of recursive list processing Prolog programs which empirical studies have shown to be sufficient for novice Prolog programmers. When supplemented with a general equivalence-preserving transformation scheme, this class of programs can be represented by a very small set of representative normal form programs which is bounded by the number of inputs in the program. The resultant debugger is more robust than APROPOS2 [9] and provides a precise characterization of the class of programs it can recognize.",wos,llm,0.870,unreviewed,,hash:943a3d88eff7df0b
discarded,Effect of Inducing Point Selection Strategies on Digital Ink Compression via Sparse Gaussian Process Regression,Y. Sakino,2026,Proceedings of the IEEE International Conference on Big Data Computing Service and Applications Bigdataservice,10.1109/BigDataService70481.2026.00050,https://www.scopus.com/inward/record.uri?partnerID=HzOxMe3b&scp=105049053809&origin=inward,off-topic-false-hit,"This study presents efficient compression and accurate reconstruction of digital ink data acquired from handwritten input devices. We combine sparse Gaussian process regression (GPR) for compression with dynamic programming (DP) for inducing point selection. While our prior work employed the $L_{2}$ norm as the error function for DP-based selection, this study investigates the effect of three geometric error functions-arcchord length, maximum height, and average height on GPR reconstruction accuracy. Furthermore, a min-max normalization process is introduced to mitigate scale imbalance in kernel evaluation. Experimental results indicate that geometrically motivated inducing point selection does not always lead to better GPR reconstruction accuracy than uniform selection.",scopus,llm,0.980,unreviewed,,doi:10.1109/bigdataservice70481.2026.00050
discarded,A Priori Loop Nest Normalization: Automatic Loop Scheduling in Complex Applications,L. Trümper,2025,Cgo 2025 Proceedings of the 23rd ACM IEEE International Symposium on Code Generation and Optimization,10.1145/3696443.3708951,https://www.scopus.com/inward/record.uri?partnerID=HzOxMe3b&scp=105001144461&origin=inward,adjacent-subtopic,"The same computations are often expressed differently across software projects and programming languages. In particular, how computations involving loops are expressed varies due to the many possibilities to permute and compose loops. Since each variant may have unique performance properties, automatic approaches to loop scheduling must support many different optimization recipes. In this paper, we propose a priori loop nest normalization to align loop nests and reduce the variation before the optimization. Specifically, we define and apply normalization criteria, mapping loop nests with different memory access patterns to the same canonical form. Since the memory access pattern is susceptible to loop variations and critical for performance, this normalization allows many loop nests to be optimized by the same optimization recipe. To evaluate our approach, we apply the normalization with optimizations designed for only the canonical form, improving the performance of many different loop nest variants. Across multiple implementations of 15 benchmarks using different languages, we outperform a baseline compiler in C on average by a factor of 21.13, state-of-the-art auto-schedulers such as Polly and the Tiramisu auto-scheduler by 2.31 and 2.89, as well as performance-oriented Python-based frameworks such as NumPy, Numba, and DaCe by 9.04, 3.92, and 1.47. Furthermore, we apply the concept to the CLOUDSC cloud microphysics scheme, an actively used component of the Integrated Forecasting System, achieving a 10% speedup over the highly-tuned Fortran code.",scopus,llm,0.780,unreviewed,,doi:10.1145/3696443.3708951
discarded,"Correct and Complete Type Checking and Certified Erasure for Coq, in Coq",M. Sozeau,2025,Journal of the ACM,10.1145/3706056,https://www.scopus.com/inward/record.uri?partnerID=HzOxMe3b&scp=85217083088&origin=inward,adjacent-subtopic,"Coqis built around a well-delimited kernel that performs type checking for definitions in a variant of the Calculus of Inductive Constructions (CIC). Although the metatheory of CIC is very stable and reliable, the correctness of its implementation in Coq is less clear. Indeed, implementing an efficient type checker for CIC is a rather complex task, and many parts of the code rely on implicit invariants which can easily be broken by further evolution of the code. Therefore, on average, one critical bug has been found every year in Coq. This article presents the first implementation of a type checker for the kernel of Coq (without the module system, template polymorphism and η-conversion), which is proven sound and complete in Coq with respect to its formal specification. Note that because of Gödel’s second incompleteness theorem, there is no hope to prove completely the soundness of the specification of Coq inside Coq (in particular strong normalization), but it is possible to prove the correctness and completeness of the implementation assuming soundness of the specification, thus moving from a trusted code base (TCB) to a trusted theory base (TTB) paradigm. Our work is based on the MetaCoq project which provides meta-programming facilities to work with terms and declarations at the level of the kernel. We verify a relatively efficient type checker based on the specification of the typing relation of the Polymorphic, Cumulative Calculus of Inductive Constructions (PCUIC) at the basis of Coq. It is worth mentioning that during the verification process, we have found a source of incompleteness in Coq’s official type checker, which has then been fixed in Coq 8.14 thanks to our work. In addition to the kernel implementation, another essential feature of Coq is the so-called extraction mechanism: the production of executable code in functional languages from Coq definitions. We present a verified version of this subtle type and proof erasure step, therefore enabling the verified extraction of a safe type checker for Coq in the future.",scopus,llm,0.820,unreviewed,,doi:10.1145/3706056
discarded,Urgency Annotations for Alternating Choices,E. Keskin,2025,Lecture Notes in Computer Science Including Subseries Lecture Notes in Artificial Intelligence and Lecture Notes in Bioinformatics,10.1007/978-3-031-75778-5_17,https://www.scopus.com/inward/record.uri?partnerID=HzOxMe3b&scp=85212129647&origin=inward,adjacent-subtopic; off-topic-false-hit; concurrency annotations,,scopus,llm_reviewed,0.650,confirmed,,doi:10.1007/978-3-031-75778-5_17
discarded,Type Checking with Rewriting Rules,D. Racordon,2024,Sle 2024 Proceedings of the 17th ACM SIGPLAN International Conference on Software Language Engineering Co Located with Splash 2024,10.1145/3687997.3695640,https://www.scopus.com/inward/record.uri?partnerID=HzOxMe3b&scp=85210834250&origin=inward,"supports-claim; qualifies-claim; adjacent-subtopic; normal forms in rewriting, logic or type theory","Type classes support the implementation of highly reusable algorithms and data structures without loss of efficiency. Initially developed in Haskell, they have become central to the design of several modern programming languages, including Swift, Rust, Hylo, and Carbon. A key part of their success is the ability to express sophisticated abstractions using constraints on the types associated with their operations. However, this expressiveness invites thorny theoretical and engineering questions. In particular, the support of recursive constraints—i.e., constraints specifying that an associated type of an abstraction must be a model of that abstraction—leaves type equivalence undecidable. This paper studies a semi-decidable technique to tackle this problem that was first developed in Swift’s compiler. The core idea is to encode constraints into a term rewriting system and use normalization to answer type checking queries. We describe this approach formally through the lens of , a calculus originally designed to capture generic programming best practices; and discuss an implementation in the context of Hylo, a language inspired by Swift and Rust.",scopus,llm_reviewed,0.970,changed,kept->discarded,doi:10.1145/3687997.3695640
discarded,Java Bytecode Normalization for Code Similarity Analysis,S. Schott,2024,Leibniz International Proceedings in Informatics Lipics,10.4230/LIPIcs.ECOOP.2024.37,https://www.scopus.com/inward/record.uri?partnerID=HzOxMe3b&scp=85205008078&origin=inward,"supports-claim; adjacent-subtopic; normalisation of programs, queries or documents for comparison; not values of a data type","Analyzing the similarity of two code fragments has many applications, including code clone, vulnerability and plagiarism detection. Most existing approaches for similarity analysis work on source code. However, in scenarios like plagiarism detection, copyright violation detection or Software Bill of Materials creation source code is often not available and thus similarity analysis has to be performed on binary formats. Java bytecode is a binary format executable by the Java Virtual Machine and obtained from the compilation of Java source code. Performing similarity detection on bytecode is challenging because different compilers can compile the same source code to syntactically vastly different bytecode. In this work we assess to what extent one can nonetheless enable similarity detection by bytecode normalization, a procedure to transform Java bytecode into a representation that is identical for the same original source code, irrespective of the Java compiler and Java version used during compilation. Our manual study revealed 16 classes of compilation differences that various compilation environments may induce. Based on these findings, we implemented bytecode normalization in a tool jNorm. It uses Jimple as intermediate representation, applies common code optimizations and transforms all classes of compilation difference to a normalized form, thus achieving a representation of the bytecode that is identical despite different compilation environments. Our evaluation, performed on more than 300 popular Java projects, shows that solely the act of incrementing a compiler version may cause differences in 46% of all resulting bytecode files. By applying bytecode normalization, one can remove more than 99% of these differences, thus acting as a crucial enabler for subsequent applications of bytecode similarity analysis.",scopus,llm_reviewed,0.910,changed,kept->discarded,doi:10.4230/lipics.ecoop.2024.37
discarded,Trace and Algebraic Semantics for Partial Store Order Memory Model,J. Luo,2024,Proceedings 2024 IEEE 48th Annual Computers Software and Applications Conference Compsac 2024,10.1109/COMPSAC61105.2024.00348,https://www.scopus.com/inward/record.uri?partnerID=HzOxMe3b&scp=85204099193&origin=inward,adjacent-subtopic,"Contemporary multiprocessor systems often use weak memory models (WMMs), including Partial Store Order (PSO) in some SPARC implementations. PSO relaxes the store-store constraint by allowing individual cores to use a write buffer for different memory locations. This paper employs the Unifying Theories of Programming (UTP) framework to investigate PSO's trace semantics, acting in the denotational semantics style. In this context, a trace is represented as a sequence of snapshots that track changes in registers, write buffers, and shared memory. Our approach generates the complete set of valid execution outcomes, including potential reorderings, while adhering to proper principles. This paper also introduces a set of algebraic laws tailored for PSO utilizing the concept of ‘head normal form{\prime}. With the introduction of guarded choice, every program can be represented by head normal form. This representation models program execution in the presence of reorderings within the PSO model. Additionally, we also explores the relationship between trace semantics and algebraic semantics, establishing a connection by deriving trace semantics from algebraic semantics.",scopus,llm,0.910,unreviewed,,doi:10.1109/compsac61105.2024.00348
discarded,On the Caching Schemes to Speed Up Program Reduction,Y. Tian,2023,ACM Transactions on Software Engineering and Methodology,10.1145/3617172,https://www.scopus.com/inward/record.uri?partnerID=HzOxMe3b&scp=85180554479&origin=inward,adjacent-subtopic,"Program reduction is a highly practical, widely demanded technique to help debug language tools, such as compilers, interpreters and debuggers. Given a program P that exhibits a property ψ, conceptually, program reduction iteratively applies various program transformations to generate a vast number of variants from P by deleting certain tokens and returns the minimal variant preserving ψ as the result. A program reduction process inevitably generates duplicate variants, and the number of them can be significant. Our study reveals that on average 61.8% and 24.3% of the generated variants in two representative program reducers HDD and Perses, respectively, are duplicates. Checking them against ψ is thus redundant and unnecessary, which wastes time and computation resources. Although it seems that simply caching the generated variants can avoid redundant property tests, such a trivial method is impractical in the real world due to the significant memory footprint. Therefore, a memory-efficient caching scheme for program reduction is in great demand. This study is the first effort to conduct a systematic, extensive analysis of memory-efficient caching schemes for program reduction. We first propose to use two well-known compression methods, ZIP and SHA, to compress the generated variants before they are stored in the cache. Furthermore, our keen understanding on the program reduction process motivates us to propose a novel, domain-specific, both memory and computation-efficient caching scheme, Refreshable Compact Caching (RCC). Our key insight is two-fold: ① by leveraging the correlation between variants and the original program P, we losslessly encode each variant into an equivalent, compact, canonical representation; ② periodically, stale cache entries, which will never be accessed, are timely removed to minimize the memory footprint over time. Our extensive evaluation on 31 real-world C compiler bugs demonstrates that caching schemes help avoid issuing redundant queries by 61.8% and 24.3% in HDD and Perses, respectively; correspondingly, the runtime performance is notably boosted by 22.8% and 18.2%. With regard to the memory efficiency, all three methods use less memory than the state-of-the-art string-based scheme STR. Specifically, ZIP and SHA cut down the memory footprint by more than 80% and 90% in both Perses and HDD compared to STR; moreover, the highly-scalable, domain-specific RCC dominates peer schemes, and outperforms the SHA by 96.4% and 91.74% in HDD and Perses, respectively.",scopus,llm,0.860,unreviewed,,doi:10.1145/3617172
discarded,Detecting Bugs by Discovering Expectations and Their Violations,P. Bian,2019,IEEE Transactions on Software Engineering,10.1109/TSE.2018.2816639,https://www.scopus.com/inward/record.uri?partnerID=HzOxMe3b&scp=85044060328&origin=inward,"supports-claim; adjacent-subtopic; normalisation of programs, queries or documents for comparison; not values of a data type","Code mining has been proven to be a promising approach to inferring implicit programming rules for finding software bugs. However, existing methods may report large numbers of false positives and false negatives. In this paper, we propose a novel approach called EAntMiner to improve the effectiveness of code mining. EAntMiner elaborately reduces noises from statements irrelevant to interesting rules and different implementation forms of the same logic. During preprocessing, we employ program slicing to decompose the original source repository into independent sub-repositories. In each sub-repository, statements irrelevant to critical operations (automatically extracted from source code) are excluded and various semantics-equivalent implementations are normalized into a canonical form as far as possible. Moreover, to tackle the challenge that some bugs are difficult to be detected by mining frequent patterns as rules, we further developed a kNN-based method to identify them. We have implemented EAntMiner and evaluated it on four large-scale C systems. EAntMiner successfully detected 105 previously unknown bugs that have been confirmed by corresponding development communities. A set of comparative evaluations also demonstrate that EAntMiner can effectively improve the precision of code mining.",scopus,llm_reviewed,0.940,changed,kept->discarded,doi:10.1109/tse.2018.2816639
