status,title,authors,year,venue,doi,url,tags,abstract,provider,decision_source,llm_confidence,llm_review_outcome,llm_change_direction,paper_id
discarded,A Novel Monitoring Strategy Combining the Advantages of NPE and GMM,Cheng Zhang; Xunian Dai; Xiaofang Zheng; Yuan Li,2020,IEEE Access,10.1109/ACCESS.2020.2989340,https://ieeexplore.ieee.org/document/9078081/,off-topic-false-hit,"Semiconductor manufacturing process data usually have multimodel and multiphase characteristics which do not meet the application assumptions in neighborhood preserving embedding (NPE). Aiming at the above limitations of NPE, a novel monitoring strategy combining the advantages of the neighborhood preserving embedding and Gaussian mixture model(NPE-GMM) is proposed. Firstly, the window data are obtained by the default window width. Next, the score of the current window data set are calculated by NPE. After that, some Gaussian components of the score are determined by GMM. Finally, a quantification index is proposed to monitor process status. NPE-GMM can not only maintain more local structure information of the current window data set in the feature subspace, but also reduce the computational complexity of GMM in fault detection processes. By introducing the new statistic, NPE-GMM can effectively improve the fault detection rate of some multimodel batch processes. The effectiveness of the proposed method is verified in a numerical case and the semiconductor etching process. The simulation results indicated that the proposed method has a higher fault detection rate than traditional methods.",ieee,llm,0.990,unreviewed,,doi:10.1109/access.2020.2989340
discarded,Model Checking Rectangular Hybrid Systems with Timed Computation Tree Logic,Hai-bin Zhang; Zhenhua Duan; Bohu Huang; Xiaobing Wang; Long Zhang,2010,2010 4th IEEE International Symposium on Theoretical Aspects of Software Engineering,10.1109/TASE.2010.18,https://ieeexplore.ieee.org/document/5587718/,adjacent-subtopic,"To deal with the model checking issue of rectangular hybrid systems, a constraint system called hybrid zone is introduced for the representation and manipulation of rectangular hybrid automata state-spaces. Model checking procedures for rectangular hybrid systems based on timed computation tree logic are given. The hybrid zone is proved to be closed to the operations required in these model checking procedures, which enables it to be used as the basis for the infinite state-space exploring of rectangular hybrid automata. To represent hybrid zones, a data structure difference constraint matrix is introduced.",ieee,llm,0.920,unreviewed,,doi:10.1109/tase.2010.18
discarded,Multi-View Clustering via Bilaterally Constrained Anchor Graph,Qianyao Qiang; Bin Zhang; Yunjia Hua; Feiping Nie,2026,IEEE Transactions on Pattern Analysis and Machine Intelligence,10.1109/TPAMI.2026.3678628,https://ieeexplore.ieee.org/document/11458690/,adjacent-subtopic,"The anchor similarity matrix, widely used for efficient clustering, exhibits an imbalance between its rows and columns – only the rows are typically constrained by probabilistic properties, unlike the regular similarity matrix where both dimensions are regulated. This paper addresses the critical question of how to impose meaningful constraints on the columns to better capture the data structure. We propose a novel method, termed Multi-view Clustering via Bilaterally constrained anchor Graph (MCBG), which learns a fused anchor similarity matrix with bilateral constraints. To ensure consistency across views, we quantitatively assess their contributions and integrate them into a unified model. By applying distinct constraints to rows and columns, MCBG promotes a balanced and expressive anchor similarity distribution, avoiding degenerate cases. Furthermore, a rank constraint on the Laplacian matrix of an anchor-pairwise graph is incorporated, ensuring a one-step post-processing-free multi-view clustering framework. An efficient alternating iterative optimization algorithm is developed, adapted to the natural properties of the target problem. Extensive experiments validate the superiority of the proposed method.",ieee,llm,0.980,unreviewed,,doi:10.1109/tpami.2026.3678628
discarded,ADIoT: An Anomaly Detection Model for IoT Devices Based on Behavioral Feature Analysis,Liang Wang; Zhipeng Wang; Meng Wang,2024,"2024 IEEE 23rd International Conference on Trust, Security and Privacy in Computing and Communications (TrustCom)",10.1109/TrustCom63139.2024.00273,https://ieeexplore.ieee.org/document/10945022/,adjacent-subtopic,"The existing anomaly detection methods for IoT devices suffer from several limitations, including inadequate and untimely implementation of security control measures, as well as an inability to promptly mitigate intrusion behaviors. To address these issues, we propose an anomaly detection model for IoT devices based on behavioral feature analysis (ADIoT). The model implements two methods, specifically multidimensional behavior feature selection and anomaly detection. The first method uses the principal component analysis based on weighted contribution(WCPCA) to identify the most representative feature combination from a large number of features and generate a feature dataset that accurately reflects the device behavior patterns. The second method uses an anomaly detection method based on isolation forests to score and identify anomalies in behavioral data and dynamically adjust the anomaly detection threshold. Experimental results demonstrate that ADIoT achieves a detection accuracy of 98.6% on the TON dataset, outperforming state-of-the-art anomaly detection models. Additionally, ADIoT significantly improves time efficiency, reducing test times by 30.79% compared to SVM-based models and by 20.11% compared to CNN-based models.",ieee,llm,0.980,unreviewed,,doi:10.1109/trustcom63139.2024.00273
discarded,Framework on Deep Learning-Based Joint Hybrid Processing for mmWave Massive MIMO Systems,Peihao Dong; Hua Zhang; Geoffrey Ye Li,2020,IEEE Access,10.1109/ACCESS.2020.3000601,https://ieeexplore.ieee.org/document/9110616/,adjacent-subtopic,"For millimeter wave (mmWave) massive multiple-input multiple-output (MIMO) systems, hybrid processing architecture is essential to significantly reduce the complexity and cost but is quite challenging to be jointly optimized over the transmitter and receiver. In this paper, deep learning (DL) is applied to design a novel joint hybrid processing framework (JHPF) that allows end-to-end optimization by using back propagation. The proposed framework includes three parts: hybrid processing designer, signal flow simulator, and signal demodulator, which outputs the hybrid processing matrices for the transceiver by using neural networks (NNs), simulates the signal transmission over the air, and maps the detected symbols to the original bits by using the NN, respectively. By minimizing the cross-entropy loss between the recovered and original bits, the proposed framework optimizes the analog and digital processing matrices at the transceiver jointly and implicitly instead of approximating pre-designed label matrices, and its trainability is proved theoretically. It can be also directly applied to orthogonal frequency division multiplexing systems by simply modifying the structure of the training data. Simulation results show the proposed DL-JHPF outperforms the existing hybrid processing schemes and is robust to the mismatched channel state information and channel scenarios with the significantly reduced runtime.",ieee,llm,0.990,unreviewed,,doi:10.1109/access.2020.3000601
discarded,Access Time Oracle for Planar Graphs,Ke Deng; Jianxin Li; Chaoyi Pang; Jiuyong Li; Xiaofang Zhou,2016,IEEE Transactions on Knowledge and Data Engineering,10.1109/TKDE.2016.2547382,https://ieeexplore.ieee.org/document/7442555/,adjacent-subtopic,"The study of urban networks reveals that the accessibility of important city objects for the vehicle traffic and pedestrians is significantly correlated to the popularity, micro-criminality, micro-economic vitality, and social liveability of the city, and is always the chief factor in regulating the growth and expansion of the city. The accessibility between different components of an urban structure are frequently measured along the streets and routes considered as edges of a planar graph, while the traffic ultimate destination points and street junctions are treated as vertices. For estimation of the accessibility of destination vertex  $j$  from vertex $i$  through urban networks, in particular, the random walks are used to calculate the expected distance a random walker starting from  $i$  makes before $j$  is visited (known as access time). The state-of-the-art of access time computation is costly in large planar graphs since it involves matrix operation over entire graph. The time complexity is  $O(n^{2.376})$  where $n$  is the number of vertices in the planar graph. To enable efficient access time query answering in large planar graphs, this work proposes the first access time oracle which is based on the proposed access time decomposition and reconstruction scheme. The oracle is a hierarchical data structure with deliberate design on the relationships between different hierarchical levels. The storage requirement of the proposed oracle is  $O(n^{\frac{4}{3}}\log \log n)$  and the access time query response time is  $O(n^{\frac{2}{3}})$ . The extensive tests on a number of large real-world road networks (with up to about 2 million vertices) have verified the superiority of the proposed oracle.",ieee,llm,0.980,unreviewed,,doi:10.1109/tkde.2016.2547382
discarded,Sub-National SDG Progress and Spatial Inequality: A Composite Index Framework for Multi-Level Governance,"Tutar, Hasan; Kyriakopoulos, Grigorios L.",2026,SUSTAINABILITY,10.3390/su18115226,https://www.webofscience.com/wos/woscc/full-record/WOS:001790246500001,off-topic-false-hit,"Despite extensive global progress monitoring under the 2030 Agenda, existing Sustainable Development Goal (SDG) assessment frameworks remain structurally blind to within-country distributional disparities. This study addresses this gap by developing a methodologically transparent composite SDG index for multi-level governance assessment, applying it to 218 Nomenclature of Territorial Units for Statistics (NUTS 2) regions across the European Union over the period 2015-2022 (1744 region-year observations). In this context, the term ""region-year observations"" refers strictly to the balanced panel data structure, which is calculated by observing 218 distinct sub-national regions continuously over an 8-year period (218 regions & times; 8 years The index aggregates four dimensions-social, economic, educational, and institutional-using min-max normalization. The analysis yields three main results: (1) Spatial econometric analysis reveals strong, persistent positive spatial autocorrelation, with high-performing clusters concentrated in Northern and Western Europe and lagging clusters in Eastern and Southern peripheries. (2) A spatial error model identifies institutional governance quality as a consistent statistical predictor of sub-national SDG performance. The significance of the spatial error parameter (lambda = 0.497) suggests that unobservable institutional and geographical common shocks systematically link neighboring regions. (3) Cluster analysis further distinguishes four regional archetypes: Disadvantaged, Leaders, Educated, and Transitional. These findings underscore the need for spatially aware SDG monitoring infrastructure and investment in institutional capacity as prerequisites for equitable governance, as integrating spatial dependencies is crucial to prevent national averages from masking severe regional developmental traps.",wos,llm,0.990,unreviewed,,doi:10.3390/su18115226
discarded,Gene expression profiles in neurological tissues during West Nile virus infection: a critical meta-analysis,"Kosch, Robin; Delarocque, Julien; Claus, Peter; Becker, Stefanie C.; Jung, Klaus",2018,BMC GENOMICS,10.1186/s12864-018-4914-4,https://www.webofscience.com/wos/woscc/full-record/WOS:000438713700001,off-topic-false-hit,"Background: Infections with the West Nile virus (WNV) can attack neurological tissues in the host and alter gene expression levels therein. Several individual studies have analyzed these changes in the transcriptome based on measurements with DNA microarrays. Individual microarray studies produce a high-dimensional data structure with the number of studied genes exceeding the available sample size by far. Therefore, the level of scientific evidence of these studies is rather low and results can remain uncertain. Furthermore, the individual studies concentrate on different types of tissues or different time points after infection. A general statement regarding the transcriptional changes through WNV infection in neurological tissues is therefore hard to make. We screened public databases for transcriptome expression studies related to WNV infections and used different analysis pipelines to perform meta-analyses of these data with the goal of obtaining more stable results and increasing the level of evidence.

Results: We generated new lists of genes differentially expressed between WNV infected neurological tissues and control samples. A comparison with these genes to findings of a meta-analysis of immunological tissues is performed to figure out tissue-specific differences. While 5.879 genes were identified exclusively in the neurological tissues, 15 genes were found exclusively in the immunological tissues, and 44 genes were commonly detected in both tissues. Most findings of the original studies could be confirmed by the meta-analysis with a higher statistical power, but some genes and GO terms related to WNV were newly detected, too. In addition, we identified gene ontology terms related to certain infection processes, which are significantly enriched among the differentially expressed genes. In the neurological tissues, 17 gene ontology terms were found significantly different, and 2 terms in the immunological tissues.

Conclusions: A critical discussion of our findings shows benefits but also limitations of the meta-analytic approach. In summary, the produced gene lists, identified gene ontology terms and network reconstructions appear to be more reliable than the results from the individual studies. Our meta-analysis provides a basis for further research on the transcriptional mechanisms by WNV infections in neurological tissues.",wos,llm,0.990,unreviewed,,doi:10.1186/s12864-018-4914-4
kept,Canonical Computation without Canonical Representation,"Mishchenko, Alan; Brayton, Robert; Petkovska, Ana; Soeken, Mathias; Amaru, Luca; Domic, Antun",2018,2018 55TH ACM/ESDA/IEEE DESIGN AUTOMATION CONFERENCE (DAC),10.1145/3195970.3196039,https://www.webofscience.com/wos/woscc/full-record/WOS:000446034500101,supports-claim; qualifies-claim; normalisation-cost,"A representation of a Boolean function is canonical if, given a variable order, only one instance of the representation is possible for the function. A computation is canonical if the result depends only on the Boolean function and a variable order, and does not depend on how the function is represented and how the computation is implemented.

In the context of Boolean satisfiability (SAT), canonicity of the computation implies that the result (a satisfying assignment for satisfiable instances and an abstraction of the unsat core for unsatisfiable instances) does not depend on the functional representation and the SAT solver used.

This paper shows that SAT-based computations can be made canonical, even though the SAT solver is not using a canonical data structure. This brings advantages in EDA applications, such as irredundant sum of product (ISOP) computation, counter-example minimization, etc, where the uniqueness of solutions and/or improved quality of results justify a runtime overhead.",wos,llm_reviewed,0.980,confirmed,,doi:10.1145/3195970.3196039
discarded,NEUTRAL PARAMETRIC CANONICAL FORM FOR 2D AND 3D WIREFRAME CAD GEOMETRY,"Freeman, Robert S.; Bowman, K. Eric; Red, Ed; Staves, Daniel R.",2016,"PROCEEDINGS OF THE ASME INTERNATIONAL MECHANICAL ENGINEERING CONGRESS AND EXPOSITION, 2015, VOL. 11",,https://www.webofscience.com/wos/woscc/full-record/WOS:000377419900004,adjacent-subtopic,"Transferring CAD data between heterogeneous CAD systems is a challenge because of differences in feature representation. A study by the National Institute for Standards and Technology (NIST) performed in 1999 made a conservative estimate that inadequate interoperability in the automotive industry costs them $1 billion per year. One critical part of eliminating the high costs due to poor interoperability is a neutral format between heterogeneous CAD systems. An effective neutral CAD format should include a current-state data store, be associative, include the union of CAD features across an arbitrary number of CAD systems, maintain design history, maintain referential integrity, and support synchronous collaboration. This research has focused on extending an existing synchronous collaborative CAD software tool to allow for a neutral, current-state data store. This has been accomplished by creating a Neutral Parametric Canonical Form (NPCF) which defines the neutral data structure for many basic CAD features to enable translation between heterogeneous CAD systems. The NPCF's for a few key features have been implemented in a synchronous collaborative program and work between the NX and CATIA CAD systems. The 3D point, 2D point, 2D line, and 2D spline NPCF's will be specifically presented. Complex models have successfitlly been modeled and exchanged in real time and have validated the NPCF approach. Multiple users can be in the same part at the same time in different CAD systems and create and update models in real time.",wos,llm,0.760,unreviewed,,hash:198679d7051afb4b
discarded,An Operational Radiometric Landsat Preprocessing Framework for Large-Area Time Series Applications,"Frantz, David; Roeder, Achim; Stellmes, Marion; Hill, Joachim",2016,IEEE TRANSACTIONS ON GEOSCIENCE AND REMOTE SENSING,10.1109/TGRS.2016.2530856,https://www.webofscience.com/wos/woscc/full-record/WOS:000377478400016,off-topic-false-hit,"We developed a large-area preprocessing framework for multisensor Landsat data, capable of processing large data volumes. Cloud and cloud shadow detection is performed by a modified Fmask code. Surface reflectance is inferred from Tanre's formulation of the radiative transfer, including adjacency effect correction. A precompiled MODIS water vapor database provides daily or climatological fallback estimates. Aerosol optical depth (AOD) is estimated over dark objects (DOs) that are identified in a combined database and image-based approach, where information on their temporal persistency is utilized. AOD is inferred with consideration of the actual target reflectance and background contamination effect. In case of absent DOs in bright scenes, a fallback approach with a modeled AOD climatology is used instead. Topographic normalization is performed by a modified C-correction. The data are projected into a single coordinate system and are organized in a gridded data structure for simplified pixel-based access. We based the assessment of the produced data set on an exhaustive analysis of overlapping pixels: 98.8% of the redundant overlaps are in the range of the expected +/- 2.5% overall radiometric algorithm accuracy. AOD is in very good agreement with Aerosol Robotic Network sunphotometer data (R-2: 0.72 to 0.79, low intercepts, and slopes near unity). The uncertainty in using the water vapor fallback climatology is approximately +/- 2.8% for the TM SWIR1 band in the wet season. The topographic correction was considered successful by an investigation of the nonrelationship between the illumination angle and the corrected radiance.",wos,llm,0.990,unreviewed,,doi:10.1109/tgrs.2016.2530856
discarded,Damming the genomic data flood using a comprehensive analysis and storage data structure,"Bouffard, Marc; Phillips, Michael S.; Brown, Andrew M. K.; Marsh, Sharon; Tardif, Jean-Claude; van Rooij, Tibor",2010,DATABASE-THE JOURNAL OF BIOLOGICAL DATABASES AND CURATION,10.1093/database/baq029,https://www.webofscience.com/wos/woscc/full-record/WOS:000208191400031,off-topic-false-hit,"Data generation, driven by rapid advances in genomic technologies, is fast outpacing our analysis capabilities. Faced with this flood of data, more hardware and software resources are added to accommodate data sets whose structure has not specifically been designed for analysis. This leads to unnecessarily lengthy processing times and excessive data handling and storage costs. Current efforts to address this have centered on developing new indexing schemas and analysis algorithms, whereas the root of the problem lies in the format of the data itself. We have developed a new data structure for storing and analyzing genotype and phenotype data. By leveraging data normalization techniques, database management system capabilities and the use of a novel multi-table, multidimensional database structure we have eliminated the following: (i) unnecessarily large data set size due to high levels of redundancy, (ii) sequential access to these data sets and (iii) common bottlenecks in analysis times. The resulting novel data structure horizontally divides the data to circumvent traditional problems associated with the use of databases for very large genomic data sets. The resulting data set required 86% less disk space and performed analytical calculations 6248 times faster compared to a standard approach without any loss of information.",wos,llm,0.970,unreviewed,,doi:10.1093/database/baq029
