status,title,authors,year,venue,doi,url,tags,abstract,provider,decision_source,llm_confidence,llm_review_outcome,llm_change_direction,paper_id
discarded,Cosmology and Fundamental Physics with the Euclid Satellite,The Euclid Theory Working Group; Luca Amendola; Stephen A. Appleby; David Bacon; Tessa Baker; Marco Baldi; N. Bartolo; Alain Blanchard; Camille Bonvin; S. Borgani; E. Branchini; Clare Burrage; S. Camera; C. Carbone; Luciano Casarini; Mark S. Cropper; Claudia de Rham; Cinzia Di Porto; Anne Ealet; Pedro G. Ferreira; Fabio Finelli; J. García-Bellido; T. Giannantonio; L. Guzzo; Alan Heavens; Lavinia Heisenberg; Catherine Heymans; Henk Hoekstra; Lukas Hollenstein; Rory Holmes; Ole Horst; K. Jahnkę; T. Kitching; Tomi Koivisto; Martin Kunz; Giuseppe La Vacca; Marisa Cristina March; Elisabetta Majerotto; Katarina Markovic; David J. E. Marsh; F. Marulli; R. Massey; Y. Mellier; David Fonseca Mota; Nelson J. Nunes; Will J. Percival; V. Pettorino; Cristiano Porciani; Claudia Quercellini; Justin I. Read; Massimiliano Rinaldi; D. Sapone; R. Scaramella; Constantinos Skordis; Fergus Simpson; Andy N. Taylor; Shaun Thomas; Roberto Trotta; Licia Verde; Filippo Vernizzi; Adrian Vollmer; Yun Wang; J. Weller; Tom G. Zlosnik,2013,Living Reviews in Relativity,10.12942/lrr-2013-6,https://openalex.org/W3100430560,off-topic-false-hit,"Euclid is a European Space Agency medium-class mission selected for launch in 2019 within the Cosmic Vision 2015-2025 program. The main goal of Euclid is to understand the origin of the accelerated expansion of the universe. Euclid will explore the expansion history of the universe and the evolution of cosmic structures by measuring shapes and red-shifts of galaxies as well as the distribution of clusters of galaxies over a large fraction of the sky. Although the main driver for Euclid is the nature of dark energy, Euclid science covers a vast range of topics, from cosmology to galaxy evolution to planetary research. In this review we focus on cosmology and fundamental physics, with a strong emphasis on science beyond the current standard models. We discuss five broad topics: dark energy and modified gravity, dark matter, initial conditions, basic assumptions and questions of methodology in the data analysis. This review has been planned and carried out within Euclid's Theory Working Group and is meant to provide a guide to the scientific themes that will underlie the activity of the group during the preparation of the Euclid mission.",openalex,llm,1.000,unreviewed,,doi:10.12942/lrr-2013-6
discarded,Continued fractions and Brjuno functions,Pierre Moussa; Andrea Cassa; Stefano Marmi,1999,Journal of Computational and Applied Mathematics,10.1016/s0377-0427(99)00029-1,https://openalex.org/W2089455157,off-topic-false-hit,"For 0 less than or equal to alpha less than or equal to 1 given, we consider the modified continued fraction expansion of the real number x defined by x = a(0) + epsilon(0)x(0), a(0) is an element of Z, and, x(n-1)(-1) = a(n) + epsilon(n)x(n), a(n) is an element of N for n > 0, where alpha - 1 less than or equal to epsilon(n)x(n) < alpha, epsilon(n) = +/-1, for n greater than or equal to 0, with x(n) greater than or equal to 0. The usual (Gaussian) case is alpha = 1, whereas alpha = 1/2 is the continued fraction to the nearest integer. The Brjuno function B-(alpha)(x) is then defined by B-(alpha)(x) = -ln(x(0)) - Sigma(n=1)(infinity) x(0)x(1)...x(n-1)ln(x(n)). These functions were introduced by Yoccoz in the alpha = 1 and 1/2 cases, in his work on the holomorphic conjugacy to a rotation, of an analytic map with an indifferent fixed point. We will review some properties of these functions, namely, all these functions are 1-periodic, and belong to L-loc(p)(R), for 1 less than or equal to p < infinity, and also to the space BMO(T). In this communication, we will mainly report on some of the technical tools related to the continued fraction expansions required by the above mentioned results. These results deal with the growth of the denominator of the reduced fractions p(n)/q(n) of the above continued fraction expansion, which gives the maximal error rate of approximation, the relation between these continued fraction and the usual Gaussian case, and finally the invariant density, generalising the classical result of Gauss for the usual case. (C) 1999 Elsevier Science B.V. All rights reserved.",openalex,llm,0.980,unreviewed,,doi:10.1016/s0377-0427(99)00029-1
discarded,Causes of Higher Climate Sensitivity in CMIP6 Models,Mark D. Zelinka; Timothy A. Myers; Daniel Thompson McCoy; Stephen Po–Chedley; Peter Caldwell; Paulo Ceppi; Stephen A. Klein; Karl E. Taylor,2020,Geophysical Research Letters,10.1029/2019gl085782,https://openalex.org/W2998500935,off-topic-false-hit,"Abstract Equilibrium climate sensitivity, the global surface temperature response to CO doubling, has been persistently uncertain. Recent consensus places it likely within 1.5–4.5 K. Global climate models (GCMs), which attempt to represent all relevant physical processes, provide the most direct means of estimating climate sensitivity via CO quadrupling experiments. Here we show that the closely related effective climate sensitivity has increased substantially in Coupled Model Intercomparison Project phase 6 (CMIP6), with values spanning 1.8–5.6 K across 27 GCMs and exceeding 4.5 K in 10 of them. This (statistically insignificant) increase is primarily due to stronger positive cloud feedbacks from decreasing extratropical low cloud coverage and albedo. Both of these are tied to the physical representation of clouds which in CMIP6 models lead to weaker responses of extratropical low cloud cover and water content to unforced variations in surface temperature. Establishing the plausibility of these higher sensitivity models is imperative given their implied societal ramifications.",openalex,llm,1.000,unreviewed,,doi:10.1029/2019gl085782
discarded,A Finite Difference Representation of Neutrino Radiation Hydrodynamics in Spherically Symmetric General Relativistic Spacetime,M. Liebendörfer; Bronson Messer; Anthony Mezzacappa; Stephen W. Bruenn; Christian Y. Cardall; F.‐K. Thielemann,2004,The Astrophysical Journal Supplement Series,10.1086/380191,https://openalex.org/W1972647751,off-topic-false-hit,"We present an implicit finite difference representation for general relativistic radiation hydrodynamics in spherical symmetry. Our code, AGILE-BOLTZTRAN, solves the Boltzmann transport equation for the angular and spectral neutrino distribution functions in self-consistent simulations of stellar core collapse and postbounce evolution. It implements a dynamically adaptive grid in comoving coordinates. A comoving frame in the momentum phase space facilitates the evaluation and tabulation of neutrino-matter interaction cross sections but produces a multitude of observer corrections in the transport equation. Most macroscopically interesting physical quantities are defined by expectation values of the distribution function. We optimize the finite differencing of the microscopic transport equation for a consistent evolution of important expectation values. We test our code in simulations launched from progenitor stars with 13 solar masses and 40 solar masses. Half a second after core collapse and bounce, the protoneutron star in the latter case reaches its maximum mass and collapses further to form a black hole. When the hydrostatic gravitational contraction sets in, we find a transient increase in electron flavor neutrino luminosities due to a change in the accretion rate. The μ- and τ-neutrino luminosities and rms energies, however, continue to rise because previously shock-heated material with a nondegenerate electron gas starts to replace the cool degenerate material at their production site. We demonstrate this by supplementing the concept of neutrinospheres with a more detailed statistical description of the origin of escaping neutrinos. Adhering to our tradition, we compare the evolution of the 13 M ⊙ progenitor star to corresponding simulations with the multigroup flux-limited diffusion approximation, based on a recently developed flux limiter. We find similar results in the postbounce phase and validate this MGFLD approach for the spherically symmetric case with standard input physics.",openalex,llm,1.000,unreviewed,,doi:10.1086/380191
kept,Revised 5 report on the algorithmic language scheme,N. I. Adams; D. H. Bartley; Gregory W. Brooks; R. Kent Dybvig; Daniel P. Friedman; Robert H. Halstead; Chris Hanson; Christopher T. Haynes; Eugene E. Kohlbecker; D. Oxley; Kent M. Pitman; Guillermo Juan Rozas; Guy Lewis Steele; Gerald Jay Sussman; Mitchell Wand; Harold Abelson,1998,ACM SIGPLAN Notices,10.1145/290229.290234,https://openalex.org/W2002301065,supports-claim; rational-canonical,"The report gives a defining description of the programming language Scheme.Scheme is a statically scoped and properly tail-recursive dialect of the Lisp programming language invented by Guy Lewis Steele Jr. and Gerald Jay Sussman.It was designed to have an exceptionally clear and simple semantics and few different ways to form expressions.A wide variety of programming paradigms, including imperative, functional, and message passing styles, find convenient expression in Scheme.The introduction offers a brief history of the language and of the report.The first three chapters present the fundamental ideas of the language and describe the notational conventions used for describing the language and for writing programs in the language. Chapters 4 and 5 describe the syntax and semantics of expressions, programs, and definitions.Chapter 6 describes Scheme's built-in procedures, which include all of the language's data manipulation and input/output primitives.Chapter 7 provides a formal syntax for Scheme written in extended BNF, along with a formal denotational semantics.An example of the use of the language follows the formal syntax and semantics.The report concludes with a list of references and an alphabetic index. Following the report is a short list of clarifications and corrections (",openalex,llm_reviewed,0.970,confirmed,,doi:10.1145/290229.290234
discarded,Void Fraction and Current Density Distributions in a Water Electrolysis Cell,James E. Funk; James F. Thorpe,1969,Journal of The Electrochemical Society,10.1149/1.2411770,https://openalex.org/W1982960002,off-topic-false-hit,An analytical basis defining the steady‐state conditions occurring in an electrolysis cell is stated. Several assumptions are made which permit a theoretical determination of the void fraction and current density distributions. The effect of void fraction and inlet velocity on cell performance is shown. Experimental data for the void fraction and slip ratio occurring in an electrolysis cell are presented. It is found that the slip ratio is near unity. This result is of importance in defining the cell void fraction distributions and is prerequisite to an analysis of pressure drop in electrolysis cells.,openalex,llm,1.000,unreviewed,,doi:10.1149/1.2411770
discarded,"SUSY Les Houches Accord: Interfacing SUSY Spectrum Calculators, Decay Packages, and Event Generators",Peter Z. Skands; Benjamin C Allanach; Howard Baer; Csaba Balázs; G. Bélanger; F. Boudjema; A. Djouadi; Rohini M. Godbole; Jaume Guasch; S. Heinemeyer; Wolfgang Kilian; Jean-Loı̈c Kneur; Sabine Kraml; F. Moortgat; Stefano Moretti; Margarete Mühlleitner; Werner Rudolf Porod; Alexander Pukhov; Peter Richardson; S. Schumann; P. Slavich; M. Spira; Georg Ralf Weiglein,2004,Journal of High Energy Physics,10.1088/1126-6708/2004/07/036,https://openalex.org/W2114510786,off-topic-false-hit,"An accord specifying a unique set of conventions for supersymmetric extensions of the Standard Model together with generic file structures for 1) supersymmetric model specifications and input parameters, 2) electroweak scale supersymmetric mass and coupling spectra, and 3) decay tables is presented, to provide a universal interface between spectrum calculation programs, decay packages, and high energy physics event generators.",openalex,llm,0.990,unreviewed,,doi:10.1088/1126-6708/2004/07/036
discarded,Air-plethysmography and the effect of elastic compression on venous hemodynamics of the leg,D. Christopoulos; Andrew N Nicolaides; Gabriel Szendro; Allister Irvine; Mui-lan Bull; H H G Eastcott,1987,Journal of Vascular Surgery,10.1016/0741-5214(87)90205-9,https://openalex.org/W4320300919,off-topic-false-hit,,openalex,llm,1.000,unreviewed,,doi:10.1016/0741-5214(87)90205-9
discarded,CAM-chem: description and evaluation of interactive atmospheric chemistry in the Community Earth System Model,Jean‐François Lamarque; L. K. Emmons; Peter Hess; D. E. Kinnison; Simone Tilmes; Francis M. Vitt; Colette L. Heald; Elisabeth A. Holland; P. H. Lauritzen; Jessica L. Neu; John J. Orlando; Phillip J. Rasch; G. Tyndall,2012,Geoscientific model development,10.5194/gmd-5-369-2012,https://openalex.org/W2012196264,off-topic-false-hit,"Abstract. We discuss and evaluate the representation of atmospheric chemistry in the global Community Atmosphere Model (CAM) version 4, the atmospheric component of the Community Earth System Model (CESM). We present a variety of configurations for the representation of tropospheric and stratospheric chemistry, wet removal, and online and offline meteorology. Results from simulations illustrating these configurations are compared with surface, aircraft and satellite observations. Major biases include a negative bias in the high-latitude CO distribution, a positive bias in upper-tropospheric/lower-stratospheric ozone, and a positive bias in summertime surface ozone (over the United States and Europe). The tropospheric net chemical ozone production varies significantly between configurations, partly related to variations in stratosphere-troposphere exchange. Aerosol optical depth tends to be underestimated over most regions, while comparison with aerosol surface measurements over the United States indicate reasonable results for sulfate , especially in the online simulation. Other aerosol species exhibit significant biases. Overall, the model-data comparison indicates that the offline simulation driven by GEOS5 meteorological analyses provides the best simulation, possibly due in part to the increased vertical resolution (52 levels instead of 26 for online dynamics). The CAM-chem code as described in this paper, along with all the necessary datasets needed to perform the simulations described here, are available for download at www.cesm.ucar.edu.",openalex,llm,1.000,unreviewed,,doi:10.5194/gmd-5-369-2012
discarded,Trends and regional distributions of land and ocean carbon sinks,J. L. Sarmiento; Manuel U. Gloor; Nicolas Gruber; Claudie Beaulieu; A. R. Jacobson; S. E. Mikaloff Fletcher; Stephen W. Pacala; Keith B. Rodgers,2010,Biogeosciences,10.5194/bg-7-2351-2010,https://openalex.org/W2114673832,off-topic-false-hit,"Abstract. We show here an updated estimate of the net land carbon sink (NLS) as a function of time from 1960 to 2007 calculated from the difference between fossil fuel emissions, the observed atmospheric growth rate, and the ocean uptake obtained by recent ocean model simulations forced with reanalysis wind stress and heat and water fluxes. Except for interannual variability, the net land carbon sink appears to have been relatively constant at a mean value of −0.27 Pg C yr−1 between 1960 and 1988, at which time it increased abruptly by −0.88 (−0.77 to −1.04) Pg C yr−1 to a new relatively constant mean of −1.15 Pg C yr−1 between 1989 and 2003/7 (the sign convention is negative out of the atmosphere). This result is detectable at the 99% level using a t-test. The land use source (LU) is relatively constant over this entire time interval. While the LU estimate is highly uncertain, this does imply that most of the change in the net land carbon sink must be due to an abrupt increase in the land sink, LS = NLS – LU, in response to some as yet unknown combination of biogeochemical and climate forcing. A regional synthesis and assessment of the land carbon sources and sinks over the post 1988/1989 period reveals broad agreement that the Northern Hemisphere land is a major sink of atmospheric CO2, but there remain major discrepancies with regard to the sign and magnitude of the net flux to and from tropical land.",openalex,llm,0.990,unreviewed,,doi:10.5194/bg-7-2351-2010
discarded,Guide for the use of the International System of Units (SI),E Ambler Thompson; E Ambler Thompson; Barry N. Taylor,2008,,10.6028/nist.sp.811e2008,https://openalex.org/W2901896306,off-topic-false-hit,"iii Guide for the Use of the International System of Units (SI)It is quite natural for NIST to publish documents on the use of the SI.First, NIST coordinates the Federal Government policy on the conversion to the SI by Federal agencies and on the use of the SI by U.S. industry and the public.Second, NIST provides official U.S. representation in the various international bodies established by the Meter Convention (Convention du Mètre, often called the Treaty of the Meter in the United States), which was signed in Paris in 1875 by seventeen countries, including the United States (51 countries are now members of the Convention).One body created by the Meter Convention is the General Conference on Weights and Measures (CGPM, Conférence Générale des Poids et Mesures), a formal diplomatic organization.**The International System was in fact established by the 11th CGPM in 1960, and it is the responsibility of the CGPM to ensure that the SI is widely disseminated and that it reflects the latest advances in science and technology.This 2008 edition of the Guide corrects a small number of misprints in the 1995 edition, incorporates the modifications made to the SI by the CGPM and CIPM in the last 13 years, and updates the bibliography.Some minor changes in format have also been made in an attempt to improve the ease of use of the Guide.In keeping with U.S. and International practice (see Sec. C.2), this Guide uses the dot on the line as the decimal marker.In addition this Guide utilizes the American spellings ""meter,"" ""liter,"" and ""deka"" rather than ""metre,"" ""litre,"" and ""deca,"" and the name ""metric ton"" rather than ""tonne.""",openalex,llm,0.960,unreviewed,,doi:10.6028/nist.sp.811e2008
discarded,Some Values for the Rogers-Ramanujan Continued Fraction,Bruce C. Bernd; Heng Huat Chan,1995,Canadian Journal of Mathematics,10.4153/cjm-1995-046-5,https://openalex.org/W2077537469,off-topic-false-hit,"Abstract In his first and lost notebooks, Ramanujan recorded several values for the Rogers-Ramanujan continued fraction. Some of these results have been proved by K. G. Ramanathan, using mostly ideas with which Ramanujan was unfamiliar. In this paper, eight of Ramanujan's values are established; four are proved for the first time, while the remaining four had been previously proved by Ramanathan by entirely different methods. Our proofs employ some of Ramanujan's beautiful eta-function identities, which have not been heretofore used for evaluating continued fractions.",openalex,llm,0.990,unreviewed,,doi:10.4153/cjm-1995-046-5
discarded,Bridging psychological and educational research on rational number knowledge,Xenia Vamvakoussi; Konstantinos P. Christou; Stella Vosniadou,2018,Journal of Numerical Cognition,10.5964/jnc.v4i1.82,https://openalex.org/W2806184389,adjacent-subtopic,"In this paper we focus on the development of rational number knowledge and present three research programs that illustrate the possibility of bridging research between the fields of cognitive developmental psychology and mathematics education. The first is a research program theoretically grounded in the framework theory approach to conceptual change. This program focuses on the interference of prior natural number knowledge in the development of rational number learning. The other two are the research program by Moss and colleagues that uses Case’s theory of cognitive development to develop and test a curriculum for learning fractions, and the research program by Siegler and colleagues, who attempt to formulate an integrated theory of numerical development. We will discuss the similarities and differences between these approaches as a means of identifying potential meeting points between psychological and educational research on numerical cognition and in an effort to bridge research between the two fields for the benefit of rational number instruction.",openalex,llm,0.780,unreviewed,,doi:10.5964/jnc.v4i1.82
