status,title,authors,year,venue,doi,url,tags,abstract,provider,decision_source,llm_confidence,llm_review_outcome,llm_change_direction,paper_id
discarded,Certified lattice reduction,T. Espitau,2020,Advances in Mathematics of Communications,10.3934/amc.2020011,https://www.scopus.com/inward/record.uri?partnerID=HzOxMe3b&scp=85073569139&origin=inward,adjacent-subtopic,"Quadratic form reduction and lattice reduction are fundamental tools in computational number theory and in computer science, especially in cryptography. The celebrated Lenstra-Lenstra-Lovasz reduction algorithm (so-called LLL) has been improved in many ways through the past decades and remains one of the central methods used for reducing integral lattice basis. In particular, its floating-point variants-where the rational arithmetic required by Gram-Schmidt orthogonalization is replaced by floating-point arithmetic-are now the fastest known. However, the systematic study of the reduction theory of real quadratic forms or, more generally, of real lattices is not widely represented in the literature. When the problem arises, the lattice is usually replaced by an integral approximation of (a multiple of) the original lattice, which is then reduced. While practically useful and proven in some special cases, this method doesn't offer any guarantee of success in general. In this work, we present an adaptive-precision version of a generalized LLL algorithm that covers this case in all generality. In particular, we replace floating-point arithmetic by Interval Arithmetic to certify the behavior of the algorithm. We conclude by giving a typical application of the result in algebraic number theory for the reduction of ideal lattices in number fields.",scopus,llm,0.940,unreviewed,,doi:10.3934/amc.2020011
discarded,Exact solution of sparse linear systems via left-looking roundoff-error-free LU factorization in time proportional to arithmetic work,C. Lourenco,2019,SIAM Journal on Matrix Analysis and Applications,10.1137/18M1202499,https://www.scopus.com/inward/record.uri?partnerID=HzOxMe3b&scp=85070855826&origin=inward,adjacent-subtopic,"The roundoff-error-free (REF) LU factorization, along with the REF forward and backward substitution algorithms, allows a rational system of linear equations to be solved exactly and efficiently. T...",scopus,llm,0.940,unreviewed,,doi:10.1137/18m1202499
discarded,Roundoff-error-free algorithms for solving linear systems via cholesky and LU factorizations,A.R. Escobedo,2015,Informs Journal on Computing,10.1287/ijoc.2015.0653,https://www.scopus.com/inward/record.uri?partnerID=HzOxMe3b&scp=84948667630&origin=inward,adjacent-subtopic,"LU and Cholesky factorizations are computational tools for efficiently solving linear systems that play a central role in solving linear programs and several other classes of mathematical programs. In many documented cases, however, the roundoff errors accrued during the construction and implementation of these factorizations lead to the misclassification of feasible problems as infeasible and vice versa. Hence, reducing these roundoff errors or eliminating them altogether is imperative to guarantee the correctness of the solutions provided by optimization solvers. To achieve this goal without having to use rational arithmetic, we introduce two roundoff-error-free factorizations that require storing the same number of individual elements and performing a similar number of operations as the traditional LU and Cholesky factorizations. Additionally, we present supplementary roundoff-error-free forward and backward substitution algorithms, thereby providing a complete tool set for solving systems of linear equations exactly and efficiently. An important property shared by the featured factorizations and substitution algorithms is that their individual coefficients’ maximum word length—i.e., the maximum number of digits required for expression—is bounded polynomially. Unlike the rational arithmetic methods used in practice to solve linear systems exactly, however, the algorithms herein presented do not require any gcd calculations to bound the entries’ word length. We also derive various other related theoretical results, including the total computational complexity of all the roundoff-error-free processes herein presented.",scopus,llm,0.960,unreviewed,,doi:10.1287/ijoc.2015.0653
discarded,Deconstructing Approximate Offsets,E. Berberich,2012,Discrete and Computational Geometry,10.1007/s00454-012-9441-5,https://www.scopus.com/inward/record.uri?partnerID=HzOxMe3b&scp=84870343099&origin=inward,adjacent-subtopic,"We consider the offset-deconstruction problem: Given a polygonal shape Q with n vertices, can it be expressed, up to a tolerance epsilon in Hausdorff distance, as the Minkowski sum of another polygonal shape P with a disk of fixed radius? If it does, we also seek a preferably simple-looking solution P; then, P's offset constitutes an accurate, vertex-reduced, and smoothened approximation of Q. We give an O(n log n)-time exact decision algorithm that handles any polygonal shape, assuming the real-RAM model of computation. A variant of the algorithm, which we have implemented using the CGAL library, is based on rational arithmetic and answers the same deconstruction problem up to an uncertainty parameter delta; its running time additionally depends on delta. If the input shape is found to be approximable, this algorithm also computes an approximate solution for the problem. It also allows us to solve parameter-optimization problems induced by the offset-deconstruction problem. For convex shapes, the complexity of the exact decision algorithm drops to O(n), which is also the time required to compute a solution P with at most one more vertex than a vertex-minimal one.",scopus,llm,0.950,unreviewed,,doi:10.1007/s00454-012-9441-5
discarded,Floating-point LLL: Theoretical and practical aspects,D. Stehlé,2010,Information Security and Cryptography,10.1007/978-3-642-02295-1_5,https://www.scopus.com/inward/record.uri?partnerID=HzOxMe3b&scp=80054713231&origin=inward,adjacent-subtopic,"The text-book LLL algorithm can be sped up considerably by replacing the underlying rational arithmetic used for the Gram-Schmidt orthogonalisation by floating-point approximations. We review how this modification has been and is currently implemented, both in theory and in practice. Using floating-point approximations seems to be natural for LLL even from the theoretical point of view: it is the key to reach a bit-complexity which is quadratic with respect to the bit-length of the input vectors entries, without fast integer multiplication. The latter bit-complexity strengthens the connection between LLL and Euclid's gcd algorithm. On the practical side, the LLL implementer may weaken the provable variants in order to further improve their efficiency: we emphasise on these techniques. We also consider the practical behaviour of the floating-point LLL algorithms, in particular their output distribution, their running-time and their numerical behaviour. After 25 years of implementation, many questions motivated by the practical side of LLL remain open.",scopus,llm,0.930,unreviewed,,doi:10.1007/978-3-642-02295-1_5
discarded,Exact certification of global optimality of approximate factorizations via rationalizing sums-of-squares with floating point scalars,E. Kaltofen,2008,Proceedings of the International Symposium on Symbolic and Algebraic Computation ISSAC,10.1145/1390768.1390792,https://www.scopus.com/inward/record.uri?partnerID=HzOxMe3b&scp=57449108073&origin=inward,adjacent-subtopic,"We generalize the technique by Peyrl and Parillo [Proc. SNC 2007] to computing lower bound certificates for several well-known factorization problems in hybrid symbolic-numeric computation. The idea is to transform a numerical sum-of-squares (SOS) representation of a positive polynomial into an exact rational identity. Our algorithms successfully certify accurate rational lower bounds near the irrational global optima for benchmark approximate polynomial greatest common divisors and multivariate polynomial irreducibility radii from the literature, and factor coefficient bounds in the setting of a model problem by Rump (up to n = 14, factor degree = 13.",scopus,llm,0.940,unreviewed,,doi:10.1145/1390768.1390792
discarded,Fraction interpolation walking a Farey tree,M. Mosko,2006,Information Processing Letters,10.1016/j.ipl.2005.11.014,https://www.scopus.com/inward/record.uri?partnerID=HzOxMe3b&scp=32044456464&origin=inward,"supports-claim; adjacent-subtopic; number theory or algebra: representation of numbers or group elements, no equality-testing claim for a data type","We present an algorithm to find a proper fraction in simplest reduced terms between two reduced proper fractions. A proper fraction is a rational number m/n with m < n and n > 1. A fraction m/n is simpler than p/q if m <= p and n < q, with at least one inequality strict. The algorithm operates by walking a Farey tree in maximum steps down each branch. Through Monte Carlo simulation, we find that the present algorithm finds a simpler interpolation of two fractions than using the Euclidean-Convergent [D.W. Matula, P. Kornerup, Foundations of finite precision rational arithmetic, Computing 2 (Suppl.) (1980) 85-111] walk of a Farey tree and terminating at the first fraction satisfying the bound. Analysis shows that the new algorithms, with very high probability, will find an interpolation that is simpler than at least one of the bounds, and thus take less storage space than at least one of the bounds. (c) 2005 Elsevier B.V. All rights reserved.",scopus,llm_reviewed,0.960,changed,kept->discarded,doi:10.1016/j.ipl.2005.11.014
discarded,An exact and efficient approach for computing a cell in an arrangement of quadrics,E. Schömer,2006,Computational Geometry Theory and Applications,10.1016/j.comgeo.2004.02.007,https://www.scopus.com/inward/record.uri?partnerID=HzOxMe3b&scp=84867931232&origin=inward,adjacent-subtopic,"We present an approach for the exact and efficient computation of a cell in an arrangement of quadric surfaces. All calculations are based on exact rational algebraic methods and provide the correct mathematical results in all, even degenerate, cases. By projection, the spatial problem is reduced to the one of computing planar arrangements of algebraic curves. We succeed in locating all event points in these arrangements, including tangential intersections and singular points. By introducing an additional curve, which we call the Jacobi curve, we are able to find non-singular tangential intersections. We show that the coordinates of the singular points in our special projected planar arrangements are roots of quadratic polynomials. The coefficients of these polynomials are usually rational and contain at most a single square root. A prototypical implementation indicates that our approach leads to good performance in practice. (c) 2005 Elsevier B.V. All rights reserved.",scopus,llm,0.930,unreviewed,,doi:10.1016/j.comgeo.2004.02.007
discarded,A subdivision-based algorithm for the sparse resultant,J.F. Canny,2000,Journal of the ACM,10.1145/337244.337247,https://www.scopus.com/inward/record.uri?partnerID=HzOxMe3b&scp=0001880366&origin=inward,adjacent-subtopic,"Multivariate resultants generalize the Sylvester resultant of two polynomials and characterize the solvability of a polynomial system. They also reduce the computation of all common roots to a problem in linear algebra. We propose a determinantal formula for the sparse resultant of an arbitrary system of n + 1 polynomials in n variables. This resultant generalizes the classical one and has significantly lower degree for polynomials that are sparse in the sense that their mixed volume is lower than their Bézout number. Our algorithm uses a mixed polyhedral subdivision of the Minkowski sum of the Newton polytopes in order to construct a Newton matrix. Its determinant is a nonzero multiple of the sparse resultant and the latter equals the GCD of at most n + 1 such determinants. This construction implies a restricted version of an effective sparse Nullstellensatz. For an arbitrary specialization of the coefficients, there are two methods that use one extra variable and yield the sparse resultant. This is the first algorithm to handle the general case with complexity polynomial in the resultant degree and simply exponential in n . We conjecture its extension to producing an exact rational expression for the sparse resultant.",scopus,llm,0.960,unreviewed,,doi:10.1145/337244.337247
discarded,A greatest common divisor algorithm,A. Belenkiy,1998,International Journal of Algebra and Computation,10.1142/S0218196798000296,https://www.scopus.com/inward/record.uri?partnerID=HzOxMe3b&scp=0032244370&origin=inward,qualifies-claim; adjacent-subtopic; rational arithmetic implementation detail; no claim on canonical form and equality,"Algorithms of computation of the Greatest Common Divisor (GCD) of two integers play a principal role in all computational systems dealing with rational arithmetic. The simplest one (Euclidean) is not the best for large numbers (see D. E. Knuth's book ""The Art of Computer Programming"" for details). One improvement was suggested by D. H. Lehmer in 1938 who noticed that it is possible to run the Euclidean algorithm with a few leading digits of large numbers and, with some care, still obtain the correct answer. In the 70's G. E. Collins pointed out that Lehmer's algorithm simultaneously analyzed two similar sequences of numbers and hence did twice as much work as necessary. Collins found a way to work with only one sequence of numbers together with a verification of a certain inequality. The proof of the validity of this inequality is, perhaps, too complicated. We present a similar but softer inequality and give a short and simple proof thereof.",scopus,llm_reviewed,0.730,changed,kept->discarded,doi:10.1142/s0218196798000296
discarded,Integer and rational arithmetic on MasPar,T. Jebelean,1996,Lecture Notes in Computer Science Including Subseries Lecture Notes in Artificial Intelligence and Lecture Notes in Bioinformatics,10.1007/3-540-61697-7_15,https://www.scopus.com/inward/record.uri?partnerID=HzOxMe3b&scp=84947424943&origin=inward,adjacent-subtopic,,scopus,llm,0.720,unreviewed,,doi:10.1007/3-540-61697-7_15
kept,Systolic normalization of rational numbers,T. Jebelean,1993,Proceedings of the International Conference on Application Specific Systems Architectures and Processors,10.1109/ASAP.1993.397170,https://www.scopus.com/inward/record.uri?partnerID=HzOxMe3b&scp=84947972481&origin=inward,supports-claim; qualifies-claim; normalisation-cost,"The authors present a systolic algorithm for normalization of rational numbers which is scalable to arbitrary length operands, and they discuss the possibility of implementing it within a rational arithmetic coprocessor for the use of computer algebra systems. A preliminary estimation shows that the performance for 32 bit operands is comparable to that of a fast RISC processor, but for long operands (e.g., 50 words) a significant speed-up (50 times) can be achieved.>",scopus,llm_reviewed,0.990,confirmed,,doi:10.1109/asap.1993.397170
discarded,Dagwood: A System for Manipulating Polynomials Given by Straight-Line Programs,T.S. Freeman,1988,ACM Transactions on Mathematical Software Toms,10.1145/44128.214376,https://www.scopus.com/inward/record.uri?partnerID=HzOxMe3b&scp=0024082468&origin=inward,"qualifies-claim; adjacent-subtopic; computer algebra simplification; the cited CAS sources carry the point (Davenport 2002, Stoutemyer 2011: no abstract obtained)","We discuss the design, implementation, and benchmarking of a system that can manipulate symbolic expressions represented by their straight-line computations. Our system is capable of performing rational arithmetic on, evaluating, differentiating, taking greatest common divisors of, and factoring polynomials in straight-line format. The straight-line results can also be converted to standard, sparse format. We show by example that our system can handle problems for which conventional methods lead to excessive intermediate expression swell.",scopus,llm_reviewed,0.780,changed,kept->discarded,doi:10.1145/44128.214376
discarded,A preview of the next IBM-PC version of muMATH,D. Stoutemyer,1985,Lecture Notes in Computer Science Including Subseries Lecture Notes in Artificial Intelligence and Lecture Notes in Bioinformatics,10.1007/3-540-15983-5_3,https://www.scopus.com/inward/record.uri?partnerID=HzOxMe3b&scp=85025490585&origin=inward,adjacent-subtopic,,scopus,llm,0.760,unreviewed,,doi:10.1007/3-540-15983-5_3
discarded,RATIONAL ARITHMETIC PROCESSOR.,M. Irwin,1981,Conference Proceedings Annual Symposium on Computer Architecture,,https://www.scopus.com/inward/record.uri?partnerID=HzOxMe3b&scp=0019660880&origin=inward,adjacent-subtopic,,scopus,llm,0.700,unreviewed,,hash:a1dd4e78520d56ee
discarded,Approximate rational arithmetic systems: Analysis of recovery of simple fractions during expression evaluation,D.W. Matula,1979,Lecture Notes in Computer Science Including Subseries Lecture Notes in Artificial Intelligence and Lecture Notes in Bioinformatics,10.1007/3-540-09519-5_89,https://www.scopus.com/inward/record.uri?partnerID=HzOxMe3b&scp=84939736718&origin=inward,qualifies-claim; adjacent-subtopic; rational arithmetic implementation detail; no claim on canonical form and equality,,scopus,llm_reviewed,0.840,changed,kept->discarded,doi:10.1007/3-540-09519-5_89
discarded,FEASIBILITY ANALYSIS OF FIXED-SLASH RATIONAL ARITHMETIC.,P. Kornerup,1978,undefined,,https://www.scopus.com/inward/record.uri?partnerID=HzOxMe3b&scp=0018285691&origin=inward,qualifies-claim; adjacent-subtopic; rational arithmetic implementation detail; no claim on canonical form and equality,,scopus,llm_reviewed,0.660,changed,kept->discarded,hash:ccf07555aa16fa0c
discarded,Kinetic of crystallization from the melt and chain folding in polyethylene fractions revisited: theory and experiment,John Hoffman; Robert L. Miller,1997,Polymer,10.1016/s0032-3861(97)00071-2,https://openalex.org/W1980586199,off-topic-false-hit,"The rate of growth of chain-folded lamellar crystals from the subcooled melt of polyethylene fractions is treated in terms of surface nucleation theory with the objective of illuminating the origin of the chain folding phenomenon and associated kinetic effects in molecular terms. An updated version of flux-based nucleation theory in readily usable form is outlined that deals with the nature of polymer chains in more detail than previous treatments. The subjects covered include: (i) the origin of regimes I, II, III, and III-A and the associated crystal growth rates, including the effect of forced steady-state reptation and reptation of ‘slack’ in the subcooled melt; (ii) the variation of the initial lamellar thickness with undercooling; (iii) the origin of the fold surface free energy σe and the lateral surface free energy σ; (iv) the generation and effect of nonadjacent events (such as tie chains) on the crystallinity and growth rates; and (v) ‘quantized’ chain folding at low molecular weight. The topological limitation on nonadjacent re-entry and the value of the apportionment factor ψ are discussed. Key experimental data are analysed in terms of the theory and essential parameters determined, including the size of the substrate length L involved in regime I growth. The degree of adjacent and/or ‘tight’ folding that obtains in the kinetically-induced lamellar structures is treated as being a function of molecular weight and undercooling. New evidence based on the quantization effect indicates a high degree of adjacent re-entry in regime I for the lower molecular weight fractions. The quality of the chain folding at higher molecular weights in the various regimes is discussed in terms of kinetic, neutron scattering, i.r., and other evidence. Application of the theory to other polymers is discussed briefly.",openalex,llm,1.000,unreviewed,,doi:10.1016/s0032-3861(97)00071-2
