status,title,authors,year,venue,doi,url,tags,abstract,provider,decision_source,llm_confidence,llm_review_outcome,llm_change_direction,paper_id
discarded,NMR nomenclature. Nuclear spin properties and conventions for chemical shifts(IUPAC Recommendations 2001),Robin K. Harris; Edwin D. Becker; Sônia Maria Cabral de Menezes; Robin J. Goodfellow; Pierre Granger,2001,Pure and Applied Chemistry,10.1351/pac200173111795,https://openalex.org/W2022673999,off-topic-false-hit,"Abstract A unified scale is recommended for reporting the NMR chemical shifts of all nuclei relative to the 1 H resonance of tetramethylsilane (TMS). The unified scale is designed to provide a precise ratio, Ξ , of the resonance frequency of a given nuclide to that of the primary reference, the 1H resonance of TMS in dilute solution (volume fraction, φ < 1%) in chloroform. Referencing procedures are discussed, including matters of practical application of the unified scale. Special attention is paid to recommended reference samples, and values of Ξ for secondary references on the unified scale are listed, many of which are the results of new measurements. Some earlier recommendations relating to the reporting of chemical shifts are endorsed. The chemical shift, δ , is redefined to avoid previous ambiguities but to leave practical usage unchanged. Relations between the unified scale and recently published recommendations for referencing in aqueous solutions (for specific use in biochemical work) are discussed, as well as the special effects of working in the solid state with magic-angle spinning. In all, nine new recommendations relating to chemical shifts are made. Standardized nuclear spin data are also presented in tabular form for the stable (and some unstable) isotopes of all elements with nonzero quantum numbers. The information given includes quantum numbers, isotopic abundances, magnetic moments, magnetogyric ratios and receptivities, together with quadrupole moments and line-width factors where appropriate.",openalex,llm,0.990,unreviewed,,doi:10.1351/pac200173111795
discarded,The JavaScript Object Notation (JSON) Data Interchange Format,,2014,,10.17487/rfc7159,https://openalex.org/W2239835736,adjacent-subtopic,"JavaScript Object Notation (JSON) is a lightweight, text-based, language-independent data interchange format.It was derived from the ECMAScript Programming Language Standard.JSON defines a small set of formatting rules for the portable representation of structured data.This document removes inconsistencies with other specifications of JSON, repairs specification errors, and offers experience-based interoperability guidance.",openalex,llm,0.910,unreviewed,,doi:10.17487/rfc7159
discarded,The JavaScript Object Notation (JSON) Data Interchange Format,,2014,,10.17487/rfc7158,https://openalex.org/W4301217393,adjacent-subtopic,"JavaScript Object Notation (JSON) is a lightweight, text-based, language-independent data interchange format.It was derived from the ECMAScript Programming Language Standard.JSON defines a small set of formatting rules for the portable representation of structured data.This document removes inconsistencies with other specifications of JSON, repairs specification errors, and offers experience-based interoperability guidance.",openalex,llm,0.910,unreviewed,,doi:10.17487/rfc7158
discarded,Terrestrial biosphere models need better representation of vegetation phenology: results from the N orth A merican C arbon P rogram S ite S ynthesis,Andrew D. Richardson; Ryan S. Anderson; M. Altaf Arain; Alan Barr; Gil Bohrer; Guangsheng Chen; Jing M Chen; Philippe Ciais; Kenneth James Davis; Ankur Rashmikant Desai; Michael C. Dietze; D. Dragoni; Steven R. Garrity; Christopher Michael Gough; R. F. Grant; David Y. Hollinger; Hank A. Margolis; Harry McCaughey; Mirco Migliavacca; Russell K. Monson; J. William Munger; Benjamin Poulter; Brett Raczka; Daniel M. Ricciuto; Alok K. Sahoo; Kevin M. Schaefer; Hanqin Tian; Rodrigo Vargas; Hans Verbeeck; Jingfeng Xiao; Yongkang Xue,2011,Global Change Biology,10.1111/j.1365-2486.2011.02562.x,https://openalex.org/W2106811285,off-topic-false-hit,"Abstract Phenology, by controlling the seasonal activity of vegetation on the land surface, plays a fundamental role in regulating photosynthesis and other ecosystem processes, as well as competitive interactions and feedbacks to the climate system. We conducted an analysis to evaluate the representation of phenology, and the associated seasonality of ecosystem‐scale CO2 exchange, in 14 models participating in the North American Carbon Program Site Synthesis. Model predictions were evaluated using long‐term measurements (emphasizing the period 2000–2006) from 10 forested sites within the AmeriFlux and Fluxnet‐Canada networks. In deciduous forests, almost all models consistently predicted that the growing season started earlier, and ended later, than was actually observed; biases of 2 weeks or more were typical. For these sites, most models were also unable to explain more than a small fraction of the observed interannual variability in phenological transition dates. Finally, for deciduous forests, misrepresentation of the seasonal cycle resulted in over‐prediction of gross ecosystem photosynthesis by +160 ± 145 g C m−2 yr−1 during the spring transition period and +75 ± 130 g C m−2 yr−1 during the autumn transition period (13% and 8% annual productivity, respectively) compensating for the tendency of most models to under‐predict the magnitude of peak summertime photosynthetic rates. Models did a better job of predicting the seasonality of CO2 exchange for evergreen forests. These results highlight the need for improved understanding of the environmental controls on vegetation phenology and incorporation of this knowledge into better phenological models. Existing models are unlikely to predict future responses of phenology to climate change accurately and therefore will misrepresent the seasonality and interannual variability of key biosphere–atmosphere feedbacks and interactions in coupled global climate models.",openalex,llm,1.000,unreviewed,,doi:10.1111/j.1365-2486.2011.02562.x
discarded,"PHIBSS: MOLECULAR GAS CONTENT AND SCALING RELATIONS IN z ∼ 1-3 MASSIVE, MAIN-SEQUENCE STAR-FORMING GALAXIES",Linda J. Tacconi; R. Neri; R. Genzel; Françoise Combes; Alberto D. Bolatto; M. C. Cooper; Stijn Wuyts; F. Bournaud; Andreas M. Burkert; Julia M. Comerford; P. Cox; M. Davis; N. M. Förster Schreiber; S. García‐Burillo; Javier Graciá-Carpio; Dieter Lutz; Thorsten Naab; S. Newman; A. Omont; A. Saintonge; Kristen Shapiro Griffin; Alice E. Shapley; A. Sternberg; Benjamin J. Weiner,2013,The Astrophysical Journal,10.1088/0004-637x/768/1/74,https://openalex.org/W2028398011,off-topic-false-hit,"We present PHIBSS, the IRAM Plateau de Bure high- z blue sequence CO 3–2 survey of the molecular gas properties in massive, main-sequence star-forming galaxies (SFGs) near the cosmic star formation peak. PHIBSS provides 52 CO detections in two redshift slices at z ∼ 1.2 and 2.2, with log( M * ( M ☉ )) ⩾ 10.4 and log(SFR( M ☉ /yr)) ⩾ 1.5. Including a correction for the incomplete coverage of the M * –SFR plane, and adopting a ""Galactic"" value for the CO–H 2 conversion factor, we infer average gas fractions of ∼0.33 at z ∼ 1.2 and ∼0.47 at z ∼ 2.2. Gas fractions drop with stellar mass, in agreement with cosmological simulations including strong star formation feedback. Most of the z ∼ 1–3 SFGs are rotationally supported turbulent disks. The sizes of CO and UV/optical emission are comparable. The molecular-gas–star-formation relation for the z = 1–3 SFGs is near-linear, with a ∼0.7 Gyr gas depletion timescale; changes in depletion time are only a secondary effect. Since this timescale is much less than the Hubble time in all SFGs between z ∼ 0 and 2, fresh gas must be supplied with a fairly high duty cycle over several billion years. At given z and M * , gas fractions correlate strongly with the specific star formation rate (sSFR). The variation of sSFR between z ∼ 0 and 3 is mainly controlled by the fraction of baryonic mass that resides in cold gas.",openalex,llm,1.000,unreviewed,,doi:10.1088/0004-637x/768/1/74
discarded,On the Vassiliev knot invariants,Dror Bar-Natan,1995,Topology,10.1016/0040-9383(95)93237-2,https://openalex.org/W2086114750,off-topic-false-hit,,openalex,llm,0.990,unreviewed,,doi:10.1016/0040-9383(95)93237-2
discarded,Multiphoton entanglement and interferometry,Jian-Wei Pan; Zeng‐Bing Chen; Chao‐Yang Lu; Harald Weinfurter; Anton Zeilinger; Marek Żukowski,2012,Reviews of Modern Physics,10.1103/revmodphys.84.777,https://openalex.org/W2015275764,off-topic-false-hit,"Multiphoton interference reveals strictly nonclassical phenomena. Its applications range from fundamental tests of quantum mechanics to photonic quantum information processing, where a significant fraction of key experiments achieved so far comes from multiphoton state manipulation. The progress, both theoretical and experimental, of this rapidly advancing research is reviewed. The emphasis is given to the creation of photonic entanglement of various forms, tests of the completeness of quantum mechanics (in particular, violations of local realism), quantum information protocols for quantum communication (e.g., quantum teleportation, entanglement purification, and quantum repeater), and quantum computation with linear optics. The scope of the review is limited to ``few-photon'' phenomena involving measurements of discrete observables.",openalex,llm,1.000,unreviewed,,doi:10.1103/revmodphys.84.777
discarded,Revised 3 report on the algorithmic language scheme,J Rees; William Clinger,1986,ACM SIGPLAN Notices,10.1145/15042.15043,https://openalex.org/W3145454088,"supports-claim; adjacent-subtopic; other revision of the cited Scheme report (R5RS), same numerator/denominator text","The report gives a defining description of the programming language Scheme.Scheme is a statically scoped and properly tail-recursive dialect of the Lisp programming language invented by Guy Lewis Steele Jr. and Gerald Jay Sussman.It was designed to have an exceptionally clear and simple semantics and few different ways to form expressions.A wide variety of programming paradigms, including imperative, functional, and message passing styles, find convenient expression in Scheme.The introduction offers a brief history of the language and of the report.The first three chapters present the fundamental ideas of the language and describe the notational conventions used for describing the language and for writing programs in the language.Chapters 4 and 5 describe the syntax and semantics of expressions, programs, and definitions.Chapter 6 describes Scheme's built-in procedures, which include M1 of the language's data manipulation and input/output primitives.Chapter 7 provides a formal syntax for Scheme written in extended BNF, along with a formal denotational semantics.The report concludes with an example of the use of the language and an alphabetic index.",openalex,llm_reviewed,0.910,changed,kept->discarded,doi:10.1145/15042.15043
discarded,Spectral Energy Distributions and Multiwavelength Selection of Type 1 Quasars,Gordon T. Richards; Mark D. Lacy; Lisa J. Storrie‐Lombardi; Patrick B. Hall; S. C. Gallagher; Dean C. Hines; Xiaohui Fan; Casey Papovich; D. E. vanden Berk; George B. Trammell; Donald P. Schneider; Marianne Vestergaard; Donald G. York; Sebastian Jester; Scott F. Anderson; Tamás Budavári; Alexander S. Szalay,2006,The Astrophysical Journal Supplement Series,10.1086/506525,https://openalex.org/W2119836155,off-topic-false-hit,"We present an analysis of the mid-infrared (MIR) and optical properties of type 1 (broad-line) quasars detected by the Spitzer Space Telescope . The MIR color-redshift relation is characterized to z ~ 3, with predictions to z = 7. We demonstrate how combining MIR and optical colors can yield even more efficient selection of active galactic nuclei (AGNs) than MIR or optical colors alone. Composite spectral energy distributions (SEDs) are constructed for 259 quasars with both Sloan Digital Sky Survey and Spitzer photometry, supplemented by near-IR, GALEX , VLA, and ROSAT data, where available. We discuss how the spectral diversity of quasars influences the determination of bolometric luminosities and accretion rates; assuming the mean SED can lead to errors as large as 50% for individual quasars when inferring a bolometric luminosity from an optical luminosity. Finally, we show that careful consideration of the shape of the mean quasar SED and its redshift dependence leads to a lower estimate of the fraction of reddened/obscured AGNs missed by optical surveys as compared to estimates derived from a single mean MIR to optical flux ratio.",openalex,llm,1.000,unreviewed,,doi:10.1086/506525
discarded,ORBITAL STRUCTURE OF MERGER REMNANTS. I. EFFECT OF GAS FRACTION IN PURE DISK MERGERS,Loren Hoffman; Thomas J. Cox; Suvendra Nath Dutta; Lars Hernquist,2010,The Astrophysical Journal,10.1088/0004-637x/723/1/818,https://openalex.org/W2029192061,off-topic-false-hit,"Since the violent relaxation in hierarchical merging is incomplete, elliptical galaxies retain a wealth of information about their formation pathways in their present-day orbital structure. Recent advances in integral field spectroscopy, multi-slit infrared spectroscopy, and triaxial dynamical modeling techniques have greatly improved our ability to harvest this information. A variety of observational and theoretical evidence indicates that gas-rich major mergers play an important role in the formation of elliptical galaxies. We simulate 1:1 disk mergers at seven different initial gas fractions ( f gas ) ranging from 0% to 40%, using a version of the TreeSPH code Gadget-2 that includes radiative heating and cooling, star formation, and feedback from supernovae and active galactic nuclei. We classify the stellar orbits in each remnant and construct radial profiles of the orbital content, intrinsic shape, and orientation. The dissipationless remnants are typically prolate-triaxial, dominated by box orbits within r c ∼ 1.5 R e , and by tube orbits in their outer parts. As f gas increases, the box orbits within r c are increasingly replaced by a population of short-axis tubes ( z -tubes) with near zero net rotation, and the remnants become progressively more oblate and round. The long-axis tube ( x -tube) orbits are highly streaming and relatively insensitive to f gas , implying that their angular momentum is retained from the dynamically cold initial conditions. Outside r c , the orbital structure is essentially unchanged by the gas. For f gas ≳ 15%, gas that retains its angular momentum during the merger re-forms a disk that appears in the remnants as a highly streaming z -tube population superimposed on the hot z -tube distribution formed by the old stars. In the 15%–20% gas remnants, this population appears as a kinematically distinct core (KDC) within a system that is slowly rotating or dominated by minor-axis rotation. These remnants show an interesting resemblance, in both their velocity maps and intrinsic orbital structure, to the KDC galaxy NGC 4365. At 30%–40% gas, the remnants are rapidly rotating, with sharp embedded disks on ∼1 R e scales. We predict a characteristic, physically intuitive orbital structure for 1:1 disk merger remnants, with a distinct transition between 1 and 3 R e that will be readily observable with combined data from the two-dimensional kinematics surveys SAURON and SMEAGOL. Our results illustrate the power of direct comparisons between N -body simulations and dynamical models of observed systems to constrain theories of galaxy formation.",openalex,llm,1.000,unreviewed,,doi:10.1088/0004-637x/723/1/818
discarded,Complete flavor decomposition of the spin and momentum fraction of the proton using lattice QCD simulations at physical pion mass,Constantia Alexandrou; Simone Bacchio; Martha Constantinou; Jacob Finkenrath; Kyriakos Hadjiyiannakou; Karl Jansen; Giannis Koutsou; H. Panagopoulos; Gregoris Spanoudes,2020,Physical review. D/Physical review. D.,10.1103/physrevd.101.094513,https://openalex.org/W3011108972,off-topic-false-hit,"We evaluate the gluon and quark contributions to the spin of the proton using an ensemble of gauge configurations generated at physical pion mass. We compute all valence and sea quark contributions to high accuracy. We perform a nonperturbative renormalization for both quark and gluon matrix elements. We find that the contribution of the up, down, strange, and charm quarks to the proton intrinsic spin is $\frac{1}{2}{\ensuremath{\sum}}_{q=u,d,s,c}\mathrm{\ensuremath{\Delta}}{\mathrm{\ensuremath{\Sigma}}}^{{q}^{+}}=0.191(15)$ and to the total spin ${\ensuremath{\sum}}_{q=u,d,s,c}{J}^{{q}^{+}}=0.285(45)(10)$. The gluon contribution to the spin is ${J}^{g}=0.187(46)(10)$ yielding $J={J}^{q}+{J}^{g}=0.473(71)(14)$ confirming the spin sum. The momentum fraction carried by quarks in the proton is found to be 0.618(60) and by gluons 0.427(92), the sum of which gives 1.045(118) confirming the momentum sum rule. All scale and scheme dependent quantities are given in the $\overline{\mathrm{MS}}$ scheme at 2 GeV.",openalex,llm,1.000,unreviewed,,doi:10.1103/physrevd.101.094513
discarded,Mitochondria-Anchored Receptor Atg32 Mediates Degradation of Mitochondria via Selective Autophagy,Koji Okamoto; Noriko Kondo‐Okamoto; Yoshinori Ohsumi,2009,Developmental Cell,10.1016/j.devcel.2009.06.013,https://openalex.org/W1969971911,off-topic-false-hit,"Mitochondria are essential organelles that produce most of the energy for a cell, but concomitantly accumulate oxidative damage. Degradation of damaged mitochondria is critical for cell homeostasis, and this process is thought to be mediated by mitophagy, an auto phagy-related pathway specific for mitochondria. However, whether mitochondria are selectively degraded, and how the autophagic machinery is targeted to mitochondria, remain largely unknown. Here we demonstrate that, in post-log phase cells under respiratory conditions, a substantial fraction of mitochondria are exclusively sequestered as cargoes and transported to the vacuole, a lytic compartment in yeast, in an auto phagy-dependent manner. Interestingly, we found Atg32, a mitochondria-anchored protein essential for mitophagy that is induced during respiratory growth. In addition, our data suggest that Atg32 interacts with Atg8 and Atg11, autophagy-related proteins critical for recognition of cargo receptors. We propose that Atg32 acts as a mitophagy-specific receptor and regulates selective degradation of mitochondria.",openalex,llm,1.000,unreviewed,,doi:10.1016/j.devcel.2009.06.013
discarded,Geodesics on modular surfaces and continued fractions,Richard B. Moeckel,1982,Ergodic Theory and Dynamical Systems,10.1017/s0143385700009585,https://openalex.org/W1979034416,off-topic-false-hit,Abstract A connection between the symbolic description of the geodesic flows on certain modular surfaces and the theory of continued fractions is developed. The well-known properties of these dynamical systems then lead to some new results about continued fractions.,openalex,llm,0.970,unreviewed,,doi:10.1017/s0143385700009585
discarded,Cosmology and fundamental physics with the Euclid satellite,The Euclid Theory Working Group; Luca Amendola; Stephen A. Appleby; Anastasios Avgoustidis; David Bacon; Tessa Baker; Marco Baldi; Nicola Bartolo; Alain Blanchard; Camille Bonvin; S. Borgani; E. Branchini; Clare Burrage; S. Camera; C. Carbone; Luciano Casarini; Mark S. Cropper; Claudia de Rham; Jörg P. Dietrich; Cinzia Di Porto; Ruth Durrer; Anne Ealet; Pedro G. Ferreira; Fabio Finelli; J. García-Bellido; T. Giannantonio; L. Guzzo; Alan Heavens; Lavinia Heisenberg; Catherine Heymans; Henk Hoekstra; Lukas Hollenstein; Rory Holmes; Z Hwang; K. Jahnkę; T. Kitching; Tomi Koivisto; Martin Kunz; Giuseppe La Vacca; Eric V. Linder; Marisa Cristina March; Valerio Marra; C. J. A. P. Martins; Elisabetta Majerotto; Katarina Markovic; David J. E. Marsh; F. Marulli; R. Massey; Y. Mellier; Francesco Montanari; David F. Mota; Nelson J. Nunes; Will J. Percival; V. Pettorino; Cristiano Porciani; Claudia Quercellini; Justin I. Read; Massimiliano Rinaldi; D. Sapone; Ignacy Sawicki; R. Scaramella; Constantinos Skordis; Fergus Simpson; Andy N. Taylor; Shaun Thomas; Roberto Trotta; Licia Verde; Filippo Vernizzi; Adrian Vollmer; Yun Wang; J. Weller; Tom G. Zlosnik,2018,Living Reviews in Relativity,10.1007/s41114-017-0010-3,https://openalex.org/W2134079305,off-topic-false-hit,"Euclid is a European Space Agency medium-class mission selected for launch in 2020 within the cosmic vision 2015-2025 program. The main goal of Euclid is to understand the origin of the accelerated expansion of the universe. Euclid will explore the expansion history of the universe and the evolution of cosmic structures by measuring shapes and red-shifts of galaxies as well as the distribution of clusters of galaxies over a large fraction of the sky. Although the main driver for Euclid is the nature of dark energy, Euclid science covers a vast range of topics, from cosmology to galaxy evolution to planetary research. In this review we focus on cosmology and fundamental physics, with a strong emphasis on science beyond the current standard models. We discuss five broad topics: dark energy and modified gravity, dark matter, initial conditions, basic assumptions and questions of methodology in the data analysis. This review has been planned and carried out within Euclid's Theory Working Group and is meant to provide a guide to the scientific themes that will underlie the activity of the group during the preparation of the Euclid mission.",openalex,llm,1.000,unreviewed,,doi:10.1007/s41114-017-0010-3
