status,title,authors,year,venue,doi,url,tags,abstract,provider,decision_source,llm_confidence,llm_review_outcome,llm_change_direction,paper_id
discarded,Global and Local Properties of Pencils of Algebraic Curves,Tadashi Ashikaga; Kazuhiro Konno,2019,Advanced studies in pure mathematics,10.2969/aspm/03610001,https://openalex.org/W2964537538,off-topic-false-hit,"Algebraic Geometry 2000, Azumino pp. 1-49How to generalize (i), (ii) and (iii) is the motivation of the following discussions of the slope equality, classification of degenerations and Morsification, respectively.Our first aim is to generalize the equality in (i).Let f : S ---> B be a pencil with a certain condition on its general fiber.If there exists a rational number >., a finite set of fibers F 1 , • • • , Fz and well-defined non-negative rational numbers Ind(Fi) satisfying l K~/B = AXJ + 2:)nd(Fi), i=l",openalex,llm,0.990,unreviewed,,doi:10.2969/aspm/03610001
discarded,The Representation of Abstract Measure Functions,Dorothy Maharam,1949,Transactions of the American Mathematical Society,10.2307/1990648,https://openalex.org/W4230504859,off-topic-false-hit,"March that X2(0(xi)) =X2(<£(yi)) if and only if Xi(xi) =Xi(yi).If we further have X2((/>(xi)) =Xi(xi) for a suitable isomorphism 4>, then (£1, Xi) and (E2, X2) are said to be isometric.We shall here be interested in abstract measure algebras only to within isomorphism;and this permits a further reduction of the problem.In (£, X) we define the ""induced"" equivalence relation, ~, by writing x~y to mean X(x) =X(y).The properties of (E, X) to within isomorphism are evidently determined completely by this equivalence relation.Accordingly we define an abstract measure algebra to be either an ordered pair (E, X) as before, or an ordered pair (E, ~), where E is a Boolean cr-algebra and ~ is an equivalence relation on £ satisfying the postulates to be given below.If ~ is the equivalence relation induced by X, we say that (E, X) and (E, ~) are naturally isomorphic.The définition of isomorphism between two abstract measure algebras is now clear; for example, (£1, ~) and (£2, ~) will be isomorphic if and only if there exists a mapping ip oí Ei on E2 such that (i) tp is an algebraic isomorphism and (ii) 4>ixi) ~4>iyi) if and only if Xi~yi.1.3.Notations.As far as practicable, we adhere to the following notations.£ denotes a Boolean o--algebra(3) having o as zero element and e as unit element.Small letters a, b, x, y, and so on, usually denote elements of £, except that m, », i, j usually denote positive integers; capital letters X, Y, and so on, usually denote subsets of E (or of some other set).Phrases like ""xÇiE, XÇZE"" are generally omitted when the meaning is clear.The partial ordering relation in E is written i£, as usual ; thus x",openalex,llm,0.960,unreviewed,,doi:10.2307/1990648
discarded,Intertwining operators associated to the group 𝑆₃,Charles F. Dunkl,1995,Transactions of the American Mathematical Society,10.1090/s0002-9947-1995-1316848-8,https://openalex.org/W1983415647,off-topic-false-hit,"For any finite reflection group G G on an Euclidean space there is a parametrized commutative algebra of differential-difference operators with as many parameters as there are conjugacy classes of reflections in G G . There exists a linear isomorphism on polynomials which intertwines this algebra with the algebra of partial differential operators with constant coefficients, for all but a singular set of parameter values (containing only certain negative rational numbers). This paper constructs an integral transform implementing the intertwining operator for the group S 3 {S_3} , the symmetric group on three objects, for parameter value ⩾ 1 2 \geqslant \frac {1} {2} . The transform is realized as an absolutely continuous measure on a compact subset of M 2 ( R ) {M_2}({\mathbf {R}}) , which contains the group as a subset of its boundary. The construction of the integral formula involves integration over the unitary group U ( 3 ) U(3) .",openalex,llm,0.990,unreviewed,,doi:10.1090/s0002-9947-1995-1316848-8
discarded,Representation of tripotents and representations via tripotents,Айрат Мидхатович Бикчентаев; Rinat Yakushev,2011,Linear Algebra and its Applications,10.1016/j.laa.2011.04.003,https://openalex.org/W2025099648,off-topic-false-hit,"Let A be an algebra. An element A is an element of A is called tripotent if A(3) = A. We study the questions: if both A and B are tripotents, then: Under what conditions are A + B and AB tripotent? Under what conditions do A and B commute? We extend the partial order from the Hilbert space idempotents to the set of all tripotents and show that every normal tripotent is self-adjoint. For A = M-n(C) we describe the set of all finite sums of tripotents, the convex hull of tripotents and the set of all tripotents averages. We also give the new proof of rational trace matrix representations by Choi and Wu [2]. (C) 2011 Elsevier Inc. All rights reserved.",openalex,llm,0.990,unreviewed,,doi:10.1016/j.laa.2011.04.003
discarded,Sign Language in Light of Mathematics Education: An Exploration Within Semiotic and Embodiment Theories of Learning Mathematics,Christina M. Krause; Annika M. Wille,2021,American annals of the deaf,10.1353/aad.2021.0025,https://openalex.org/W3209465787,adjacent-subtopic,"Research rarely focuses on how deaf and hard of hearing (DHH) students address mathematical ideas. Complexities involved in using sign language (SL) in mathematics classrooms include not just challenges, but opportunities that accompany mathematics learning in this gestural-somatic medium. The authors consider DHH students primarily as learners of mathematics, and their SL use as a special case of language in the mathematics classroom. More specifically, using SL in teaching and learning mathematics is explored within semiotic and embodiment perspectives to gain a better understanding of how using SL affects the development, conceptualization, and representation of mathematical meaning. The theoretical discussion employs examples from the authors' work and research on geometry, arithmetic, and fraction concepts with Deaf German and Austrian learners and experts. The examples inform the context of mathematics teaching and learning more generally by illuminating SL features that distinguish mathematics learning for DHH learners.",openalex,llm,0.880,unreviewed,,doi:10.1353/aad.2021.0025
discarded,Estimation of the false negative fraction of a diagnostic kit through Bayesian regression model averaging,Argwings Otiemo Ranyimbo; Leonhard Held,2005,Statistics in Medicine,10.1002/sim.2311,https://openalex.org/W1979855020,off-topic-false-hit,In modelling we usually endeavour to find a single 'best' model that explains the relationship between independent and dependent variables. Selection of a single model fails to take into account the prior uncertainty in the model space. The Bayesian model averaging (BMA) approach tackles this problem by considering the set of all possible models. We apply BMA approach to the estimation of the false negative fraction (FNF) in a particular case of a two-stage multiple screening test for bowel cancer. We find that after taking model uncertainty into consideration the estimate of the FNF obtained is largely dependent on the covariance structure of the priors. Results obtained when the Zellner g-prior for the prior variance is used is largely influenced by the magnitude of g.,openalex,llm,1.000,unreviewed,,doi:10.1002/sim.2311
discarded,Fraction Learners: Assessing Understanding through Language Acquisition,Michael J. Bossé; Anass Bayaga; Catherine Fountain; Kathleen Lynch‐Davis; Ron Preston; Kwaku Adu‐Gyamfi,2019,lnternational Electronic Journal of Elementary Education,10.26822/iejee.2019248585,https://openalex.org/W2910372084,adjacent-subtopic,"This study applies the Mathematics Acquisition Framework (MAF) (Bossé, Ringler, Bayaga, Fountain, & Young, 2018) to investigate fifth-through seventh-grade students' comprehension of fractions and decimals and examines how students build understanding of mathematical principles and concepts regarding fractions and decimals.Based on case studies and discourse analysis, the results revealed students in different stages of the MAF with some students employing informal/social language in their mathematical communication and others using formal/academic language.Additionally, mathematically erroneous student communication was more positively interpreted through the lens of the MAF, which interpreted student errors, misunderstandings, and miscommunications as natural components to learning.",openalex,llm,0.910,unreviewed,,doi:10.26822/iejee.2019248585
discarded,A language of thought for the mental representation of geometric shapes,Mathias Sablé-Meyer; Kevin Ellis; Joshua B. Tenenbaum; Stanislas Dehaene,2021,,10.31234/osf.io/28mg4,https://openalex.org/W4200357956,adjacent-subtopic,"In various cultures and at all spatial scales, humans produce a rich complexity of geometric shapes such as lines, circles or spirals. Here, we formalize and test the hypothesis that all humans possess a compositional language of thought that can produce line drawings as recursive combinations of a minimal set of geometric primitives. We present a programming language, similar to Logo, that combines discrete numbers and continuous integration to form higher-level structures based on repetition, concatenation and embedding, and we show that the simplest programs in this language generate the fundamental geometric shapes observed in human cultures. On the perceptual side, we propose that shape perception in humans involves searching for the shortest program that correctly draws the image (program induction). A consequence of this framework is that the mental difficulty of remembering a shape should depend on its minimum description length (MDL) in the proposed language. In two experiments, we show that encoding and processing of geometric shapes is well predicted by MDL. Furthermore, our hypotheses predict additive laws for the psychological complexity of repeated, concatenated or embedded shapes, which we confirm experimentally.",openalex,llm,0.970,unreviewed,,doi:10.31234/osf.io/28mg4
discarded,A study of middle school and college students' misconceptions about solving multi-step linear equations.,Amber N. Powell,2013,SUNY Digital Repository Support (State University of New York System),,https://openalex.org/W582269987,adjacent-subtopic,"This study examines the types of mistakes that students make solving multi-step linear equations. During this study, students completed a 15-problem test containing different types of multi-step linear equations appropriate for 8th graders according to the state and national mathematics standards. Students were not allowed to use a calculator. The instrument was generated by using past state tests and by polling professors of mathematics. The number of mistakes made for each mathematical property was recorded. The scores were compared to a survey that students answered reporting their confidence in solving these types of problems. The results of the study indicated that problems containing negative numbers and moving terms to the opposite side of the equal sign were incorrect most frequently among all student participants. Additional results revealed that eighth graders made more mistakes than college-level students, the types of mistakes made were different based on the grade level of the participants, males made fewer mistakes than females and there was a difference in the types of mistakes made based on gender.",openalex,llm,0.910,unreviewed,,hash:38efdbbfc4c941dc
discarded,Semiotic Representations In The Learning Of Rational Numbers By 2nd Grade Portuguese Students,Floriano Viseu; Ana Pires; Luís Menezes; Ana Maria Costa,2021,lnternational Electronic Journal of Elementary Education,10.26822/iejee.2021.216,https://openalex.org/W3183843566,adjacent-subtopic,"The use of different registers to represent mathematical concepts enhances understanding.For example, rational numbers can assume pictorial, symbolic and natural language representations and this kind of change improves learning.Based on these assumptions, a teaching experiment for the learning of rational numbers by 2nd grade students was conducted, so as to allow for an understanding of how semiotic representations contribute to the learning of rational numbers, particularly with concern to unit fractions.Using a qualitative methodology and a content analysis of the students' written productions, the study shows a greater use of the pictorial representation register compared to the other types.Students' main difficulties in learning rational numbers are related to the pictorial representation of unit fractions and to an understanding of the concept of fraction itself.Some of these difficulties result from errors such as the misrepresentation of unit fractions in the case of the pictorial register, the association of the concept ""half"" with multiple unit fractions, the absence of the fraction bar when it comes to the symbolic register, the use of everyday terms to represent fractions when students rely on the natural language register, and the misrepresentation of rational numbers when the graphic register is used.ways to solve problems"" (Ponte et al., 2007, p. 2).Given the nature of mathematical elements, being unique with regard to teaching and learning, it implies using good and multiple representations of mathematical ideas (Duval,",openalex,llm,0.880,unreviewed,,doi:10.26822/iejee.2021.216
kept,The Development of an Instrument on Negative Fractions to Measure the Cognitive Obstacle Based on Mental Mechanism Stages,Susiswo Susiswo; Tatik Retno Murniasih; Cholis Sa’dijah; Makbul Muksar; Wasilatul Murtafiah,2021,TEM Journal,10.18421/tem103-44,https://openalex.org/W3195877999,supports-claim; negative-fractions,"The cognitive obstacle is a thinking barrier of pre-service teachers caused by less meaningful learning and the difficult nature of fraction material. The pre-service teachers’ cognitive obstacle measurement is done by giving negative fraction questions that contradict positive fractions. This research objective is to develop an instrument that can measure cognitive obstacles based on mental mechanism stages. This development research uses three stages of 4D development: defining, designing, and developing. The research participants were 71 preservice teachers from two different universities in Malang, Indonesia. The research findings show that questions of a negative fraction have a high level of validity in measuring the cognitive obstacle of preservice teachers. Triangulation is recommended for further research related to cognitive obstacles that arise when solving fraction problems of negative numbers.",openalex,llm_reviewed,0.980,confirmed,,doi:10.18421/tem103-44
discarded,Coping with math anxiety and lack of confidence through AI-assisted Learning,Hermie V. Inoferio; Marcelino M. Espartero; Masnona Asiri; Michelle Damin; Jason V. Chavez,2024,Environment and Social Psychology,10.54517/esp.v9i5.2228,https://openalex.org/W4391919011,adjacent-subtopic,"Artificial intelligence (AI) in education transforms the instructional processes and learning competence of students. AI can adapt to the individual learning needs of students. By analyzing students’ progress, performance, and preferences, AI systems can deliver tailored content, recommend additional resources, and provide feedback. The purpose of this study was to develop initial understanding on how AI models help students cope with math anxiety and lack of confidence in engaging with mathematics learning. This exploratory research established the connections between what students feel when using AI and how it benefits them. College students (n = 20) enrolled in different math-related programs (i.e., engineering, statistics/mathematics, computer science, education) were purposively sampled for a one-on-one interview. Thematic analysis indicated that students are now turning to AI models as a coping mechanism to alleviate math anxiety and boost their self-assurance. These AI models function as “mentors” and “math companions” that offer step-by-step explanations and personalized support. Their adaptability and personalized approach make mathematics more accessible to students, with the potential to reduce anxiety and enhance the overall learning experience. Moreover, the use of AI models encourages a sense of independence, motivating students to actively engage in self-guided learning. The findings open new questions about using AI models in improving the self-efficacy and confidence of students in mathematics learning. There is also an opportunity to build an AI-assisted learning with a focus on psychological interventions and behavioral interconnections mediating students’ academic performance.",openalex,llm,0.990,unreviewed,,doi:10.54517/esp.v9i5.2228
discarded,Developing a Number Sense-Based Instructional Design to Eliminate Student Errors Based on Mathematical Misconceptions,Pelin ÜREDİ,2022,International Journal of Modern Education Studies,10.51383/ijonmes.2022.268,https://openalex.org/W4388125393,adjacent-subtopic,"The purpose of this research was to develop and evaluate a number sense-based curriculum aiming to eliminate student errors due to mathematical misconceptions. A mixed method research model as one of the qualitative research approaches was adopted in this study aiming to develop a number sense-based instructional design to eliminate student errors arisen from mathematical misconceptions in secondary school students. In preparation stage of the instructional design, 27 seventh grade students studying at a state school in Mersin province were determined as the study group. At the stage of developing and evaluating the instructional design, 24 fifth grade students studying at a state school in Mersin province were determined as the study group. In the process of developing the instructional design, ""Needs Analysis Student Interview Form,"" ""Instructional Design Teachers’ Board Interview Form,"" and ""Expert Interview Form"" were used. When all these results were evaluated together, it would be correct to say that number sense was an important prerequisite for the interpretation and use of mathematical knowledge, and it would be efficient on eliminating errors arisen from the mathematical misconceptions when it was integrated into an effective instructional design.It was possible to suggest that further researches should be conducted for determining the misconceptions of the students related to different mathematics sub-topics.",openalex,llm,0.960,unreviewed,,doi:10.51383/ijonmes.2022.268
discarded,Preservice Teachers' Procedural and Conceptual Understanding of Fractions and the Effects of Inquiry-Based Learning on this Understanding,Hope Marchionda,2006,TigerPrints (Clemson University),,https://openalex.org/W75373330,adjacent-subtopic,"ABSTRACT Non-negative rational numbers play a major role in the K-8 curriculum and continue to permeate mathematics content through high school and college in all strands of mathematics. The difficulty that both students and teachers encounter with these concepts is well documented in the literature. This study looked at preservice teacher knowledge and how an alternative means of instruction might improve their conceptual understanding of fractions. To accomplish this task, the study took place in two stages over the course of two semesters. During the first stage, preservice teachers' conceptual and procedural knowledge of fractions and their associated algorithms were examined through a two-part written assessment and through individual interviews. The results indicate that these participants posses not only weak conceptual knowledge, but weak procedural knowledge as well. Also, when dealing with division, some of the participants' misunderstandings were due in part to a lack of understanding regarding division of whole numbers. During the second stage of the study, skills and knowledge of preservice teachers who had completed an inquiry-based fraction unit were compared with the skills and knowledge of preservice teachers exposed to a lecture-based unit to determine if one group possesses a better conceptual understanding of fractions and the standard algorithms associated with addition and division. The results indicated that students in an inquiry-based approach to teaching fractions possessed a deeper understanding of fractions and their associated algorithms. Further, the skills of those in the inquiry-based groups were as good as those from the lecture groups, even though skills were not emphasized during the unit. Another important result was the indication that knowledge retention was greater with the preservice teachers in the inquiry-based section. This study also investigated the impact that inquiry-based lessons have on teacher attitudes as they relate to mathematics and beliefs about mathematics instruction.",openalex,llm,0.910,unreviewed,,hash:e91909e2c73cc0aa
