status,title,authors,year,venue,doi,url,tags,abstract,provider,decision_source,llm_confidence,llm_review_outcome,llm_change_direction,paper_id
discarded,On the Way of Systematic Exploration of Novel Hybrid BAW-SMR Filter Topologies,Joel Mesas; Santi Cano; Laia García; Mario Faura; Sergio Lopez; Aleix Valdivieso; Jordi Verdú; Pedro De Paco,2026,2026 IEEE MTT-S International Conference on Microwave Acoustics & Mechanics (IC-MAM),10.1109/IC-MAM68320.2026.11593559,https://ieeexplore.ieee.org/document/11593559/,off-topic-false-hit,"Conventional filter design workflows are predominantly based on sequential synthesis algorithms, in which the target network is constructed through a prescribed sequence of analytically defined steps. While highly effective for well-established configurations, this paradigm intrinsically limits the synthesis to a restricted family of known network topologies. In contrast, this paper demonstrates how numerical synthesis techniques enable the systematic exploration and realization of non-conventional acoustic-wave filter topologies. Starting from a fully general network representation, a constrained numerical solver is employed to systematically navigate the space of feasible solutions while preserving the target frequency response. This results in a automated process that is systematic, generalizable, and scalable, enabling the discovery of unconventional AW filter configurations without reliance on predefined similarity transformations or topology-specific analytical circuit analysis. As a representative example, a broadband hybrid filter based on a ladder topology is introduced, combining solidly mounted bulk acoustic wave (BAW) resonators with reactive elements to decouple transmission-zero placement from fractional bandwidth, thereby overcoming a key limitation of classical BAW ladder filters.",ieee,llm,0.990,unreviewed,,doi:10.1109/ic-mam68320.2026.11593559
discarded,A new VLSI IC design automation methodology with reduced NRE costs and time-to-market using the NPN class Representation and functional symmetry,Basireddy Karunakar Reddy; Srinivas Sabbavarapu; Amit Acharyya,2014,2014 IEEE International Symposium on Circuits and Systems (ISCAS),10.1109/ISCAS.2014.6865094,https://ieeexplore.ieee.org/document/6865094/,adjacent-subtopic,"In the VLSI IC design, the number of incremental and iterative steps in the design automation methodology will decide the non-recurring-engineering (NRE) costs and time-to-market (TTM). Since these are the major driving factors of the IC design, many algorithms were proposed in the last few decades to minimize/optimize the number of design steps in the conventional VLSI IC Design methodology. However the frontend and backend designs have to be carried separately, which has limited the further minimization of the number of design steps. Here we propose a new unconventional design automation methodology, which reduces the NRE costs and TTM by merging the frontend and backend designs partially. It maps the input RTL description directly to their corresponding physical designs (derived using the existing CAD tools and stored in a pre-computed library) without any limitation on the Boolean function's input size. We have exploited the functional symmetry and negationpermutation- negation (NPN) class representations to decoct the library size and number of comparisons. The functional symmetry reduced the number of required pre-computed circuits in our experiments from 1031 to 222 (464.4% reduction in the memory size) and helps in maintaining the regularity in the design, which is a major concern for engineering change order.",ieee,llm,0.900,unreviewed,,doi:10.1109/iscas.2014.6865094
discarded,High Throughput Rate 2-D Fir Filter Design Using Singular Value Decomposition and Genetic Algorithms,T. Williams; M. Ahmadi; W.C. Miller,2005,2005 5th International Conference on Information Communications & Signal Processing,10.1109/ICICS.2005.1689112,https://ieeexplore.ieee.org/document/1689112/,adjacent-subtopic,"This paper presents a method for the design of high throughput rate quadrantally symmetric 2-D filters. It employs cascaded high throughput rate 1-D filters in a parallel structure. These filters require fewer multipliers than a direct 2-D implementation. As well, the parallel structure of the designed filter using SVD lends itself easily to a pipelined, high throughput implementation. The 1-D filters achieve a high throughput rate using canonical signed digit coefficients which are obtained using a new genetic algorithm design method. This new design method employs a unique chromosome coding technique to overcome the limitations previously encountered in using genetic algorithms for such designs",ieee,llm,0.870,unreviewed,,doi:10.1109/icics.2005.1689112
discarded,"Rock, Paper, and Scissors: extrinsic vs. intrinsic similarity of non-rigid shapes",Alexander M. Bronstein; Michael M. Bronstein; Ron Kimmel,2007,2007 IEEE 11th International Conference on Computer Vision,10.1109/ICCV.2007.4409076,https://ieeexplore.ieee.org/document/4409076/,adjacent-subtopic,"This paper explores similarity criteria between non-rigid shapes. Broadly speaking, such criteria are divided into intrinsic and extrinsic, the first referring to the metric structure of the objects and the latter to the geometry of the shapes in the Euclidean space. Both criteria have their advantages and disadvantages; extrinsic similarity is sensitive to non-rigid deformations of the shapes, while intrinsic similarity is sensitive to topological noise. Here, we present an approach unifying both criteria in a single distance. Numerical results demonstrate the robustness of our approach in cases where using only extrinsic or intrinsic criteria fail.",ieee,llm,0.970,unreviewed,,doi:10.1109/iccv.2007.4409076
discarded,A new binary arithmetic for finite-word-length linear controllers: MEMS applications,A. K. Oudjida; A. Liacha; M. L. Berrandjia; N. Chaillet,2014,2014 9th International Design and Test Symposium (IDT),10.1109/IDT.2014.7038608,https://ieeexplore.ieee.org/document/7038608/,adjacent-subtopic,"This paper addresses the problem of optimal hardware-realization of finite-word-length (FWL) linear controllers dedicated to MEMS applications. The biggest challenge is to ensure satisfactory control performances with a minimal hardware. To come up, two distinct but complementary optimizations can be undertaken: in control theory and in binary arithmetic. Only the latter is involved in this work. Because MEMS applications are targeted, the binary arithmetic must be fast enough to cope with the rapid dynamic of MEMS; power-efficient for an embedded control; highly scalable for an easy adjustment of the control performances; and easily predictable to provide a precise idea on the required logic resources before the implementation. The exploration of a number of binary arithmetics showed that radix-2r is the best candidate that fits the aforementioned requirements. It has been fully exploited to designing efficient multiplier cores, which are the real engine of the linear systems. The radix-2r arithmetic was applied to the hardware integration of two FWL structures: a linear time variant PID controller and a linear time invariant LQG controller with Kaiman filtering. Both controllers showed a clear superiority over their existing counterparts, or in comparison to their initial non-optimized forms.",ieee,llm,0.940,unreviewed,,doi:10.1109/idt.2014.7038608
discarded,Boolean unification with predicates,Sebastian Eberhard; Stefan Hetzl; Daniel Weller,2017,Journal of Logic and Computation,10.1093/logcom/exv059,https://ieeexplore.ieee.org/document/8210017/,adjacent-subtopic,"In this article, we deal with the following problem which we call Boolean unification with predicates: For a given formula $F[X]$ in first-order logic with equality containing an $n$-ary predicate variable $X$, is there a quantifier-free formula $\boldsymbol G\boldsymbol\lbrack{\boldsymbol x}_\mathbf1\boldsymbol,\boldsymbol\dots\boldsymbol,{\boldsymbol x}_\mathbf n\boldsymbol\rbrack$ such that the formula $\boldsymbol F\boldsymbol\lbrack\boldsymbol G\boldsymbol\rbrack$ is valid in first-order logic with equality? We obtain the following results. Boolean unification with predicates for quantifier-free $F$ is $\Pi^P_2$-complete. In addition, there exists an EXPTIME algorithm which for an input formula $\boldsymbol F\boldsymbol\lbrack\boldsymbol X\boldsymbol\rbrack$, given as above, constructs a formula $\boldsymbol G$ such that $\boldsymbol F\boldsymbol\lbrack\boldsymbol G\boldsymbol\rbrack$ being valid in first-order logic with equality, if such a formula exists. For $F$ of the form $\exists\bar yF'[X,\bar y]$ with $f'$ quantifier-free, we prove that Boolean unification with predicates is already undecidable. The same holds for $F$ of the form $\forall\bar yF'[X,\bar y]$ for $F'$ quantifier-free. Instances of Boolean unification with predicates naturally occur in the context of automated theorem proving. Our results are relevant for cut-introduction and the automated search for induction invariants.",ieee,llm,0.960,unreviewed,,doi:10.1093/logcom/exv059
discarded,Use of a list processing language in programming simplification procedures,S. R. Petrick,1961,2nd Annual Symposium on Switching Circuit Theory and Logical Design (SWCT 1961),10.1109/FOCS.1961.41,https://ieeexplore.ieee.org/document/5397307/,adjacent-subtopic,"There are several reasons which make the use of a list processing type of computer programming language attractive for the coding of logical algorithms such as those which arise in truth function simplification. Among the most important programming advantages are ease of coding, improved use of computer storage, and a reduction of limitations on the number of variables which can be handled. Also of interest is the fact that the effectiveness of an algorithm implemented by means of a list processing system is much less dependent upon the characteristics of the particular computer used than is the case if instructions closer to basic machine language are employed. In combination with the ease of coding, this permits the evaluation of the relative effectiveness of several diverse algorithms or heuristic implementations of a single algorithm. This paper demonstrates the utility of the MIT 709 LISP I system in coding several procedures for determination of the prime implicants and irredundant forms of a truth function. The capabilities and limitations of these programs are discussed as is their application to evaluating the algorithms they represent.",ieee,llm,0.900,unreviewed,,doi:10.1109/focs.1961.41
discarded,Scalable Structural Similarity Analysis of JSON documents Using MapReduce,Achraf Drissi; Laurent D’Orazio; Matthew Damigos,2025,2025 IEEE International Conference on Fuzzy Systems (FUZZ),10.1109/FUZZ62266.2025.11152080,https://ieeexplore.ieee.org/document/11152080/,"supports-claim; adjacent-subtopic; normalisation of programs, queries or documents for comparison; not values of a data type","The increasing prevalence of JSON documents as a standard format for data storage and exchange in diverse applications has led to the need for efficient methods to compare and analyze hierarchical data structures. Traditional comparison methods often struggle with scalability and fail to account for structural variations in complex data formats. These limitations become particularly problematic in applications such as duplicate detection, anomaly analysis, and data integration, where accurate and scalable comparison of large JSON datasets is essential.To address these challenges, this paper presents a scalable framework for comparing JSON documents using the Aho-Hopcroft-Ullman (AHU) algorithm and the MapReduce paradigm. By generating canonical labels for hierarchical structures, the AHU algorithm captures structural similarities between JSON trees. The framework employs structural similarity measures, such as Longest Common Substring (LCS) and Levenshtein Distance, to quantify resemblance. MapReduce enables efficient processing of large JSON datasets, with a mapping phase for parsing and labeling and a reducing phase for similarity computations. This approach offers a robust and scalable solution for hierarchical data comparison, facilitating critical applications in duplicate detection and anomaly analysis.",ieee,llm_reviewed,0.910,changed,kept->discarded,doi:10.1109/fuzz62266.2025.11152080
discarded,On the unification problem for Cartesian closed categories,P. Narendran; F. Pfenning; R. Statman,1993,[1993] Proceedings Eighth Annual IEEE Symposium on Logic in Computer Science,10.1109/LICS.1993.287600,https://ieeexplore.ieee.org/document/287600/,adjacent-subtopic,"An axiomatization of the isomorphisms that hold in all Cartesian closed categories (CCCs), discovered independently by S.V. Soloviev (1983) and by K.B. Bruce and G. Longo (1985), leads to seven equalities. It is shown that the unification problem for this theory is undecidable, thus setting an open question. It is also shown that an important subcase, namely unification modulo the linear isomorphisms, is NP-complete. Furthermore, the problem of matching in CCCs is NP-complete when the subject term is irreducible. CCC-matching and unification form the basis for an elegant and practical solution to the problem of retrieving functions from a library indexed by types investigated by M. Rittri (1990, 1991). It also has potential applications to the problem of polymorphic higher-order unification, which in turn is relevant to theorem proving, logic programming, and type reconstruction in higher-order languages.<>",ieee,llm,0.900,unreviewed,,doi:10.1109/lics.1993.287600
discarded,Global vs. local model checking: a comparison of verification techniques for infinite state systems,T. Schuele; K. Schneider,2004,"Proceedings of the Second International Conference on Software Engineering and Formal Methods, 2004. SEFM 2004.",10.1109/SEFM.2004.1347504,https://ieeexplore.ieee.org/document/1347504/,adjacent-subtopic,"Global and local model checking procedures follow radically different paradigms: while global approaches are based on fixpoint computation, local approaches are related to deduction and induction. For the verification finite state systems, this may result in different runtimes. For the verification of infinite state systems, however the differences are far more important. Since most problems are undecidable for such systems, it may be the case that one of the procedures does not terminate. In this paper we compare global and local procedures for model checking p-calculus properties of infinite state systems. In particular we show how they can benefit from each other and present appropriate extensions.",ieee,llm,0.980,unreviewed,,doi:10.1109/sefm.2004.1347504
discarded,Generating fully executable test suite automatically,Yixin Zhao; Xia Yin; Jianping Wu,2001,ICC 2001. IEEE International Conference on Communications. Conference Record (Cat. No.01CH37240),10.1109/ICC.2001.937270,https://ieeexplore.ieee.org/document/937270/,adjacent-subtopic,"Only executable test suite generated automatically has practical usage. The authors devise and implement the algorithm of ""parametrizing and executizing"" in the TUGEN system and discuss the results, limitations and its reason. Based on this work and the study in the executability of the transition and the satiability problem of the predicate, the authors further present and implement another algorithm called ""executable parametrizing"" to overcome the deficiency of the previous one and further improve the practicability and efficiency of TUGEN. After analysis and comparison, the authors outline the focus of the future research.",ieee,llm,0.980,unreviewed,,doi:10.1109/icc.2001.937270
discarded,Lyapunov stability bounds in the controller parameter space,Frank Schrödel; Elham Almodaresi; Andreas Stump; Naim Bajcinca; Dirk Abel,2015,2015 54th IEEE Conference on Decision and Control (CDC),10.1109/CDC.2015.7402941,https://ieeexplore.ieee.org/document/7402941/,off-topic-false-hit,"A novel Lyapunov stability based method for the parameter space design of linear time invariant control systems is proposed in this paper. The basic idea lies in utilizing the Lyapunov equation as the basic vehicle for mapping the stability bounds into the control parameter space. In comparison to the existing parameter space methods in the literature, the new technique provides two computationally critical advantages. First, it avoids the necessity for the frequency gridding which has been almost traditional and a source of an inherent computational complexity. Second, the proposed design method provides directly the bounds in the multi-dimensional control parameter space, thereby dropping the limitation of most related design techniques that take place on a parameter plane. The usage of the proposed method is demonstrated in the prominent case study of a PID control.",ieee,llm,0.990,unreviewed,,doi:10.1109/cdc.2015.7402941
discarded,The Boundedness Problem for Monadic Universal First-Order Logic,M. Otto,2006,21st Annual IEEE Symposium on Logic in Computer Science (LICS'06),10.1109/LICS.2006.50,https://ieeexplore.ieee.org/document/1691215/,adjacent-subtopic,"We consider the monadic boundedness problem for least fixed points over FO formulae as a decision problem: Given a formula phi(X, x), positive in X, decide whether there is a uniform finite bound on the least fixed point recursion based on phi. Few fragments of FO are known to have a decidable boundedness problem; boundedness is known to be undecidable for many fragments. We here show that monadic boundedness is decidable for purely universal FO formulae without equality in which each non-recursive predicate occurs in just one polarity (e.g., only negatively). The restrictions are shown to be essential: waving either the polarity constraint or allowing positive occurrences of equality, the monadic boundedness problem for universal formulae becomes undecidable. The main result is based on a model theoretic analysis involving ideas from modal and guarded logics and a reduction to the monadic second-order theory of trees",ieee,llm,0.970,unreviewed,,doi:10.1109/lics.2006.50
discarded,Superquadric shaped nano-pillars for improved electromagnetic absorption in nano-structured solar cells,Timothy Brockett; Yahya Rahmat-Samii,2014,2014 United States National Committee of URSI National Radio Science Meeting (USNC-URSI NRSM),10.1109/USNC-URSI-NRSM.2014.6927967,https://ieeexplore.ieee.org/document/6927967/,off-topic-false-hit,"Increasing the absorption efficiency is one of the key tasks towards maximizing the overall solar cell efficiency which is a product of absorption efficiency, carrier generation efficiency, and carrier extraction efficiency. It has been shown that nano-pillar array photovoltaic (PV) solar cells exhibit increased electromagnetic absorption in comparison to conventional flat solar cells. Furthermore, shaped nano-pillars, such as nano-conic and nano-pyramid arrays have better broadband properties than nano-pillar arrays. This can be potentially attributed to better matching between free-space region and the nano-structured array region, reducing inherent reflection from the surface. It was determined that a superquadric function could serve this purpose. This function, applied to the edge of the nano-pillars, allows the shape of the nanopillar to be modeled anywhere between a pure nano-pillar and a pure cone (or pyramid). This modeling allows for full-wave analysis of more realistic shapes that are more likely able to be fabricated. This presentation will investigate different superquadric nano-structured PV (photo voltaic) arrays for their reflection and absorption properties. Different shapes generated using the superquadric function will be evaluated for their optical properties ranging from hexagonal nano-pillar to hexagonal nano-pyramid. The elliptical superquadric nano-structures will be used for different parametric studies including height, radius, and incident angle variation. Novel representative results will be presented to highlight advantages and disadvantages of various configurations and potentially providing effective guidelines on the fabrication processes and their impact on the overall performance of nano-pillars.",ieee,llm,1.000,unreviewed,,doi:10.1109/usnc-ursi-nrsm.2014.6927967
