status,title,authors,year,venue,doi,url,tags,abstract,provider,decision_source,llm_confidence,llm_review_outcome,llm_change_direction,paper_id
discarded,Biorefining of whole cotton plant residues for bioethanol production with greenhouse gas emission reduction and social carbon benefits,"Salehi, Danial; Zilouei, Hamid; Denayer, Joeri F. M.; Okoro, Oseweuba Valentine; Shahvandi, Armin; Karimi, Keikhosro",2027,FUEL,10.1016/j.fuel.2026.141285,https://www.webofscience.com/wos/woscc/full-record/WOS:001886119300001,off-topic-false-hit,"This study evaluated the potential of cotton-processing residues, including leaves, bolls, linters, and stalks, as feedstocks for bioethanol production using ethanol-based organosolv pretreatment. Biomass samples were pretreated with 65 % (v/v) ethanol at 120, 150, and 180 degrees C for 30 and 60 min, followed by enzymatic hydrolysis and fermentation. Organosolv pretreatment altered biomass composition through partial removal of hemicellulose and enrichment of glucan in the recovered solids, which was associated with improved enzymatic digestibility and ethanol production. The highest hydrolysis efficiencies reached 75.4 %, 80.2 %, 83.0 %, and 79.9 % for leaves, bolls, linters, and stalks, respectively. Correspondingly, the highest ethanol yields were obtained from leaves (70.8 %) and stalks (61.1 %) after pretreatment at 180 degrees C for 30 min, while maximum yields of 42.3 % and 42.6 % were achieved for bolls and linters, respectively. The results demonstrated that pretreatment severity significantly influenced both hydrolysis and fermentation performance, although the optimal conditions varied among biomass fractions. Greenhouse gas reduction calculations estimated that replacing gasoline with E85, E10, and E5 ethanol-gasoline blends could reduce emissions by 55.7 %, 4.9 %, and 2.4 %, respectively. In addition, the social cost of carbon analysis indicated substantial reductions in the social cost of carbon emissions, with the highest benefit obtained from boll-derived bioethanol due to its greater production potential. These findings demonstrate that cotton-processing residues represent a promising lignocellulosic resource for bioethanol production while supporting agricultural waste valorization and greenhouse gas mitigation.",wos,llm,1.000,unreviewed,,doi:10.1016/j.fuel.2026.141285
discarded,Glycerol-assisted co-solvothermal liquefaction of food waste: Investigation of biocrude's fuel properties with proposed reaction mechanisms,"Bhowmick, Rakesh; Reza, Toufiq",2026,JOURNAL OF THE ENERGY INSTITUTE,10.1016/j.joei.2026.102729,https://www.webofscience.com/wos/woscc/full-record/WOS:001886330300001,off-topic-false-hit,"The conversion of biowaste into biofuels has garnered attention in recent years due to the pressing need for sustainable energy solutions in the US. Owing to the rising volume of food waste (FW), producing biofuel from FW can address both waste management issues and provide a sustainable fuel alternative. Solvothermal liquefaction (STL) is a proven cutting-edge thermochemical pathway for producing biocrude oil from biowaste, potentially reducing dependence on fossil fuels. In addition, owing to low cost and ability to act as an in-situ hydrogen donor that stabilizes reactive intermediates, glycerol has potential as a liquefaction solvent. Prior work on co-solvent studies is typically based on one or two arbitrarily selected co-solvent loadings, which cannot distinguish a genuine synergistic optimum from a monotonic trend, and the influence of solvent composition remains unresolved. This study, therefore, examines the co-solvothermal liquefaction (Co-STL) of FW across the full glycerol-water composition range, from pure glycerol to pure water, to determine how solvent composition governs biocrude yield and quality. In this study, glycerol and water were mixed at ratios of 1:0, 3:1, 1:1, 1:3, and 0:1 (v/v), and the Co-STL was performed at 280-320 degrees C for 30 min. For all experiments, a 1:10 (w/v) FW-tosolvent ratio was maintained. The maximum amount of biocrude was obtained at 320 degrees C (50.06 +/- 3.96 wt%), with a heating value of 34.15 +/- 0.55 MJ/kg, utilizing solely glycerol as the solvent. The thermogravimetric analysis revealed that biocrude obtained from water-based liquefaction contained a higher proportion of light fractions, e.g., gasoline/naphtha, kerosene, and diesel, compared to pure glycerol solvolysis. According to the GC-MS report, the produced biocrude is primarily composed of hydrocarbons, ketones, aldehydes, phenols, esters, alcohols, nitrogen-containing compounds, and organic acids. Based on ex-situ GC-MS and FT-IR analysis, reaction mechanisms for biocrude formation at varying glycerol concentrations were proposed. The findings indicate that STL is a promising and sustainable technology for converting FW into biocrude, aiding in advancing bioeconomy goals.",wos,llm,1.000,unreviewed,,doi:10.1016/j.joei.2026.102729
discarded,Papers Power grid support from battery storage paired with solar panels under lower compensation for electricity exports,"Aldaadi, Mohsen; Verbic, Gregor; Zhang, Cuo",2026,JOURNAL OF ENERGY STORAGE,10.1016/j.est.2026.124784,https://www.webofscience.com/wos/woscc/full-record/WOS:001885550700001,off-topic-false-hit,"Distributed photovoltaic (PV)-battery portfolios can reshape bulk-system operation under net billing, yet their schedules reflect prosumer rather than system objectives. This study develops an export-enabled bilevel production cost model (PCM) coupling transmission-constrained unit commitment with aggregated prosumer virtual power plants (P-VPPs). Each P-VPP solves a continuous linear program under asymmetric import and export remuneration. Strict import-export coefficient ordering makes optimal grid exchange direction-exclusive, allowing exact lower-level embedding through primal feasibility, dual feasibility, and strong duality. This yields a mixed-integer linear program (MILP). A complete-year rolling-horizon study on an Australian National Electricity Market-inspired system compares matched sequential and integrated formulations across battery and remuneration scenarios. Across battery-enabled cases, integrated selection among P-VPP-optimal schedules reduces annual production cost by 2.74%-7.08% relative to the sequential benchmark, peak scheduled net demand by 0.81-2.02 GW, and mean absolute hourly variation by 10.9%-62.0%. It also raises utility-scale variable renewable energy utilisation by 1.50-3.42 percentage points and reduces synchronous-unit starts by approximately 13%-50%. The best-performing P-VPP case reduces annual production cost by 23.6% relative to the conventional PCM reference without the P-VPP portfolio; this combined effect includes distributed PV, storage, remuneration, and integrated selection. Under the optimistic selection convention, the integrated formulation provides an optimistic rolling-horizon benchmark while preserving P-VPP optimality. Larger batteries increase absolute storage use but reduce the fraction of centralised incremental production-cost value realised, showing that system value depends jointly on capacity, remuneration, and schedule-selection architecture.",wos,llm,0.990,unreviewed,,doi:10.1016/j.est.2026.124784
discarded,"Microbial bioleaching for critical metal recovery from E-waste: mechanistic advances, process integration and circular economy readiness","Halder, Banhi; Sampath, Muthu Kumar; Nigam, Vinod Kumar",2026,JOURNAL OF MATERIAL CYCLES AND WASTE MANAGEMENT,10.1007/s10163-026-02733-x,https://www.webofscience.com/wos/woscc/full-record/WOS:001885131100001,off-topic-false-hit,"Electronic waste (e-waste) represents one of the fastest-growing solid waste streams globally, generating 62 million tonnes in 2022 alone, only 22.3% of e-waste was formally collected and recycled. Printed circuit boards (PCBs), which constitute the most metal-rich fraction of e-waste, contain recoverable concentrations of copper (10-20%), tin (1-3%), and precious metals including gold (0.03-0.3%), yet conventional pyrometallurgical and hydrometallurgical processing routes impose prohibitive energy demands, generate toxic secondary emissions, and are poorly suited to the compositional heterogeneity of post-consumer PCBs. Bioleaching utilizes microorganisms and their metabolites to extract metals from solid materials, emerging as a lower-energy, lower-emission, and scalable alternative. However, the field lacks a comprehensive synthesis addressing mechanistic understanding, engineering constraints, sustainability, and commercial viability. Bioleaching reduces greenhouse gas emissions by 18-39% compared to pyrometallurgy. In configurations where bioleaching directly substitutes mineral-acid-based hydrometallurgical, reported copper production costs are about 47% lower than conventional processing. Integrated bioleaching-electrochemical recovery has achieved over 99% copper recovery following biological solubilization of multilayer industrial waste under reported conditions. This finding support circular economy integration, although many innovative techniques remain below technology readiness level 5 (TRL 5). This review critically examines microbial bioleaching of e-waste metals, highlighting mechanistic advances, sustainability assessments, commercialization challenges, and future strategies for scalable and digitally integrated bioprocessing.",wos,llm,1.000,unreviewed,,doi:10.1007/s10163-026-02733-x
discarded,NOVA-HOI: Notions From Oracles for Verb-Agnostic HOI Detection,"Zancani, Lea; Sabourin, Astrid; Luvison, Bertrand",2026,IEEE ACCESS,10.1109/ACCESS.2026.3730165,https://www.webofscience.com/wos/woscc/full-record/WOS:001883506700002,adjacent-subtopic,"Human-Object Interaction (HOI) detection has long been constrained to fixed sets of predefined interaction categories, limiting generalization to novel verbs and unseen verb-object combinations. While recent work addresses this through zero-shot protocols that partition HICO-DET into seen and unseen categories, this approach is self-defeating: withholding interaction categories from an already data-scarce task reduces training diversity, which is precisely what generic verb understanding requires. This limitation is particularly acute for lightweight models trained exclusively on supervised HOI data, which are structurally disadvantaged relative to VLM (Vision Language Model)-based architectures that implicitly benefit from web-scale pretraining, making zero-shot splits an uneven basis for comparison. Moreover, VLM-based architectures are generally more resource-intensive. Very few methods address genuine open-vocabulary scenarios that evaluate models across different datasets with potentially different verb semantics without sacrificing training data. However, MLLMs (Multi-modal Large Language Models) offer large-vocabulary capabilities but they struggle with accurate interaction localization, are prone to relation hallucination, and are computationally prohibitive for practical applications. In this paper, we propose NOVA-HOI, a teacher-student framework that leverages MLLMs' description capabilities to pseudo-annotate new data for HOI detection. Crucially, we leverage these models exclusively for offline HOI annotation generation, while maintaining a lightweight detector suitable for practical deployment. Our teacher-student framework integrates these pseudo-annotations using a novel semantic filter, enabling training of an open-verb HOI detector. To rigorously evaluate unseen verb capabilities, we introduce HICOCO, a new evaluation dataset featuring 131 novel verbs and 310 novel HOI classes that systematically tests generalization to unseen interactions beyond HICO-DET. Direct cross-dataset transfer validates our method's open-vocabulary HOI detection capability, achieving state-of-the-art results with + 4 percentage points mAP role (scenario 2) on V-COCO and + 7 mAP on HICOCO, while remaining competitive with closed-set expert models at a fraction of their computational cost. HICOCO annotations are publicly available at https://github.com/ CEA-LIST/HICOCO",wos,llm,0.980,unreviewed,,doi:10.1109/access.2026.3730165
discarded,Substrate Attachment Voids and Their Impact on VSWR/Insertion Loss Performance for Low-Power Passive Circuits,"Tripathi, Shivendra; Sarode, Anuj; Kumar, Satendra; Sharma, Deepak Kumar; Singh, Harimohan; Sinha, Santanu; Prajapati, Ishwarlal",2026,IEEE TRANSACTIONS ON COMPONENTS PACKAGING AND MANUFACTURING TECHNOLOGY,10.1109/TCPMT.2026.3724946,https://www.webofscience.com/wos/woscc/full-record/WOS:001883473900022,off-topic-false-hit,"Substrate-attachment voids are critical defects in high-reliability RF assemblies, yet their quantitative impact on passive circuit performance is underreported. This study correlates Au80Sn20 solder voiding with the simulated voltage standing wave ratio (VSWR) and measured insertion loss (IL) of miniature hybrid semi-monolithic microstrip lines and bandpass filters (BPF) across C through Ka band. Full-wave 3-D FEM (Ansys HFSS) and MoM planar EM (Keysight ADS Momentum) simulations were validated experimentally on microstrip-line and BPF test vehicles (TVs), respectively. Across void fractions from 4.3% to 44.9%, insertion loss showed no correlation with void content; the largest post-bake deviation observed was -0.33 dB, bounding any void-related effect below that level. A 144-h bake at 125 C-degrees confirmed electrical stability, with minor fluctuations tied to stress relaxation. The results support distinguishing active-device thermal paths from passive ground paths, avoiding unnecessary rework and reducing manufacturing costs.",wos,llm,1.000,unreviewed,,doi:10.1109/tcpmt.2026.3724946
discarded,Spatial variation of roadside soil quality and its key influencing factors on the Qinghai-Xizang Plateau,"Gong, Lin; Ma, Wencan; Wen, Xingyue",2026,ENVIRONMENTAL MONITORING AND ASSESSMENT,10.1007/s10661-026-15941-7,https://www.webofscience.com/wos/woscc/full-record/WOS:001885845400004,off-topic-false-hit,"Investigation on the soil quality and its influencing factors along the highways of the Qinghai-Xizang Plateau holds significant value for understanding the ecological environment of high-altitude regions. Principal component analysis was utilized to identify the minimum dataset and establish a soil quality index evaluation system based on physicochemical property indicators of surface soil samples collected from road-side locations in representative areas of the Plateau. By integrating spatial zoning and altitude gradient analysis, this study reveals the spatial variations in soil quality both horizontally and vertically. The results show that the final minimum dataset comprised soil organic matter, total phosphorus, C/N ratio, and N/P ratio, which effectively reflected regional soil quality variances; soil organic matter carried the highest weight and acted as the primary evaluation indicator. Clear spatial disparities in soil quality were evident: values were relatively elevated in the eastern and southern plateau but lower in western and northern regions. Along altitudinal gradients, soil quality reached its peak at middle elevations (3200-4500 m) and decreased at low (2700-3100 m) and high elevations (4500-5100 m). Precipitation, temperature, and vegetation types along altitudinal gradients mainly governed soil quality variability by controlling litter input, microbial decomposition, and soil organic matter accumulation, with soil organic matter playing a crucial role as a key mediator linking environmental gradients to soil quality shifts. The proposed SQI-MDS framework effectively characterizes soil quality variations with fewer indicators and reduced survey costs, offering scientific support for large-scale soil resource monitoring and ecological environment management on the Qinghai-Xizang Plateau.",wos,llm,1.000,unreviewed,,doi:10.1007/s10661-026-15941-7
discarded,Development and performance testing of a high-sensitivity pulsed flame photometric detector,"Chen, Junbin; Cai, Haoyuan; Deng, Zhihan; Jin, Yujie; Sun, Jianhai",2026,CHINESE JOURNAL OF CHROMATOGRAPHY,10.3724/SP.J.1123.2026.03027,https://www.webofscience.com/wos/woscc/full-record/WOS:001884817800009,off-topic-false-hit,"The conventional flame photometric detector (FPD) is widely used for sulfur-selective gas chromatography. However, the FPD is sensitive to hydrocarbon backgrounds. Its sulfur response also depends strongly on flame stability. These factors limit stable trace sulfur determination in complex matrices. A pulsed flame photometric detector (PFPD) provides a time-resolved approach to this problem. Sulfur emission appears later than most hydrocarbon background emissions after pulsed combustion. A suitable acquisition window can therefore improve sulfur selectivity. In this study, a high-sensitivity single-channel PFPD was designed and tested. The aim was to establish reproducible operating conditions for trace sulfur analysis. The detector consisted of five functional modules: the combustion and ignition module, the gas supply module, the optical collection and detection module, the temperature-control module, and the mechanical support and sealing module. The combustion zone consisted of a vertically mounted quartz chamber. The chamber had an outer diameter of 4 mm. Its inner diameter was 2 mm. Its total length was 17.5 mm. The effective combustion length was 12 mm. The calculated chamber volume was 37.68 mm3. Numerical simulation was used to examine flame propagation and self-extinction. A 12 mm effective length maintained a stable finger-shaped flame front. The flame was self-terminated near the lower limiting orifice at about 1.97 ms. The hydroxyl radical mass fraction decreased close to baseline within 5 ms, whereas the temperature decayed more gradually and approached its initial level at approximately 30 ms. These results supported the chamber design for periodic pulsed combustion. The optical unit used a quartz light guide and a BG-12 band-pass filter. The filter matched the sulfur emission band near 394 nm. A photomultiplier tube (PMT) recorded the time-resolved emission signal. Two electronic pneumatic control (EPC) units were used for gas regulation. One unit controlled hydrogen and air for the ignition chamber. The other unit controlled hydrogen and air for the combustion chamber. This design separated ignition conditions from analytical combustion conditions. It also reduced uncertainty caused by coupled gas adjustment. The optimization started with the ignition chamber. Then the combustion chamber was optimized under the fixed ignition baseline. Finally, detector temperature and PMT voltage were evaluated. Peak area, sensitivity, and signal-to-noise ratio (SNR) were used as indicators. Gas chromatographic tests used a sulfur-specific quartz capillary column. Nitrogen was used as the carrier gas. The gate delay was 6 ms. The gate width was 18 ms. The trigger level was 500 mV. A stable pulsed flame was obtained at an ignition-chamber hydrogen flow of 8.0 mL/min. The corresponding ignition-chamber air flow was 19.0 mL/min. Under this ignition baseline, the combustion chamber was further adjusted. A higher sulfur response was obtained at 5.0 mL/min hydrogen. The corresponding air flow was 3.7 mL/min. Detector temperature also affected the delayed sulfur emission. The response was low at 110-130 degrees C.At about 150 degrees C, the delayed sulfur signal was higher. Peak area and sulfur sensitivity were also higher at this temperature. Higher temperatures from 170 to 250 degrees C reduced the peak area and sensitivity. PMT voltage affected signal amplitude, SNR, and waveform fidelity. Increasing the voltage from 590 to 710 V improved the SNR. At 730 V, the delayed emission plateau showed peak clipping.

This behavior indicated saturation or nonlinear response in the detection chain. Dynamic dilutions of a 10 mu mol/mol hydrogen sulfide (H2S) standard gas were used to evaluate the linear range. A 1.1 mu mol/mol H2S standard gas was used for the quantitative repeatability test and, after 30-fold dynamic dilution, for determination of the sulfur detection limit. The quantitative repeatability, evaluated from the peak areas of seven consecutive injections, was 0.37%. The sulfur detection limit was 4.1 & times;10-13 g/s, and the linear range spanned approximately two orders of magnitude. The developed PFPD showed stable pulsed combustion behavior. It also provided reliable quantitative response for trace sulfur detection. The dual-EPC design helped clarify the relationship between ignition and analytical combustion. The optimized conditions provide an experimental basis for self-developed PFPD systems.",wos,llm,1.000,unreviewed,,doi:10.3724/sp.j.1123.2026.03027
