status,title,authors,year,venue,doi,url,tags,abstract,provider,decision_source,llm_confidence,llm_review_outcome,llm_change_direction,paper_id
discarded,Comparison of normalization methods for the analysis of metagenomic gene abundance data,Mariana Buongermino Pereira; Mikael Wallroth; Viktor Jönsson; Erik Kristiansson,2018,BMC Genomics,10.1186/s12864-018-4637-6,https://openalex.org/W2804825020,off-topic-false-hit,"BACKGROUND: In shotgun metagenomics, microbial communities are studied through direct sequencing of DNA without any prior cultivation. By comparing gene abundances estimated from the generated sequencing reads, functional differences between the communities can be identified. However, gene abundance data is affected by high levels of systematic variability, which can greatly reduce the statistical power and introduce false positives. Normalization, which is the process where systematic variability is identified and removed, is therefore a vital part of the data analysis. A wide range of normalization methods for high-dimensional count data has been proposed but their performance on the analysis of shotgun metagenomic data has not been evaluated. RESULTS: Here, we present a systematic evaluation of nine normalization methods for gene abundance data. The methods were evaluated through resampling of three comprehensive datasets, creating a realistic setting that preserved the unique characteristics of metagenomic data. Performance was measured in terms of the methods ability to identify differentially abundant genes (DAGs), correctly calculate unbiased p-values and control the false discovery rate (FDR). Our results showed that the choice of normalization method has a large impact on the end results. When the DAGs were asymmetrically present between the experimental conditions, many normalization methods had a reduced true positive rate (TPR) and a high false positive rate (FPR). The methods trimmed mean of M-values (TMM) and relative log expression (RLE) had the overall highest performance and are therefore recommended for the analysis of gene abundance data. For larger sample sizes, CSS also showed satisfactory performance. CONCLUSIONS: This study emphasizes the importance of selecting a suitable normalization methods in the analysis of data from shotgun metagenomics. Our results also demonstrate that improper methods may result in unacceptably high levels of false positives, which in turn may lead to incorrect or obfuscated biological interpretation.",openalex,llm,1.000,unreviewed,,doi:10.1186/s12864-018-4637-6
discarded,Simplification by Cooperating Decision Procedures,Greg Nelson; Derek C. Oppen,1979,ACM Transactions on Programming Languages and Systems,10.1145/357073.357079,https://openalex.org/W2164778826,"supports-claim; adjacent-subtopic; computer algebra simplification; the cited CAS sources carry the point (Davenport 2002, Stoutemyer 2011: no abstract obtained)","A method for combining decision procedures for several theories into a single decision procedure for their combination is described, and a simplifier based on this method is discussed. The simplifier finds a normal form for any expression formed from individual variables, the usual Boolean connectives, the equality predicate =, the conditional function if-then-else, the integers, the arithmetic functions and predicates +, -, and ≤, the Lisp functions and predicates car, cdr, cons, and atom, the functions store and select for storing into and selecting from arrays, and uninterpreted function symbols. If the expression is a theorem it is simplified to the constant true, so the simplifier can be used as a decision procedure for the quantifier-free theory containing these functions and predicates. The simplifier is currently used in the Stanford Pascal Verifier.",openalex,llm_reviewed,0.970,changed,kept->discarded,doi:10.1145/357073.357079
discarded,SPADE: An Efficient Algorithm for Mining Frequent Sequences,Mohammed Javeed Zaki,2001,Machine Learning,10.1023/a:1007652502315,https://openalex.org/W1608194207,adjacent-subtopic,"In this paper we present SPADE, a new algorithm for fast discovery of Sequential Patterns. The existing solutions to this problem make repeated database scans, and use complex hash structures which have poor locality. SPADE utilizes combinatorial properties to decompose the original problem into smaller sub-problems, that can be independently solved in main-memory using efficient lattice search techniques, and using simple join operations. All sequences are discovered in only three database scans. Experiments show that SPADE outperforms the best previous algorithm by a factor of two, and by an order of magnitude with some pre-processed data. It also has linear scalability with respect to the number of input-sequences, and a number of other database parameters. Finally, we discuss how the results of sequence mining can be applied in a real application domain.",openalex,llm,0.990,unreviewed,,doi:10.1023/a:1007652502315
discarded,Abstract data type systems,Jean-Pierre Jouannaud; Mitsuhiro Okada,1997,Theoretical Computer Science,10.1016/s0304-3975(96)00161-2,https://openalex.org/W2031678037,adjacent-subtopic,"This paper is concerned with the foundations of an extension of pure type systems by abstract data types, hence the name of Abstract Data Type Systems. ADTS generalize inductive types as they are defined in the calculus of constructions, by providing definitions of functions by pattern matching on the one hand, and relations among constructors of the inductive type on the other. It also generalizes the first-order framework of abstract data types by providing function types and higher-order equations. The first half of the paper describes the framework of ADTS, while the second half investigates cases where ADTS are strongly normalizing. This is shown to be the case for the polymorphic lambda calculus (with possibly subtypes) enriched by higher-order algebraic rules obeying a strong generalization of primitive recursion of higher type that we call the general schema. This covers in particular the case of inductive types whose constructors do not have functional arguments. We conjecture that this result holds true for all calculi of the so-called Barendregt's cube. On the other hand, the definition of a schema for the higher-order rules allowing for more general inductive types is left open.",openalex,llm,0.940,unreviewed,,doi:10.1016/s0304-3975(96)00161-2
kept,Graph Database Indexing Using Structured Graph Decomposition,David W. Williams; Jun Huan; Wei Wang,2007,,10.1109/icde.2007.368956,https://openalex.org/W2027943354,supports-claim; cross-domain-equality,"We introduce a novel method of indexing graph databases in order to facilitate subgraph isomorphism and similarity queries. The index is comprised of two major data structures. The primary structure is a directed acyclic graph which contains a node for each of the unique, induced subgraphs of the database graphs. The secondary structure is a hash table which cross-indexes each subgraph for fast isomorphic lookup. In order to create a hash key independent of isomorphism, we utilize a code-based canonical representation of adjacency matrices, which we have further refined to improve computation speed. We validate the concept by demonstrating its effectiveness in answering queries for two practical datasets. Our experiments show that for subgraph isomorphism queries, our method outperforms existing methods by more than an order of magnitude.",openalex,llm_reviewed,0.990,confirmed,,doi:10.1109/icde.2007.368956
discarded,Efficient Graphlet Kernels for Large Graph Comparison,Nino Sherashidze; S. V. N. Vishwanathan; Tobias Petri; Kurt Mehlhorn; Karsten Borgwardt,2009,MPG.PuRe (Max Planck Society),,https://openalex.org/W2159156271,adjacent-subtopic,"State-of-the-art graph kernels do not scale to large graphs with hundreds of nodes and thousands of edges.In this article we propose to compare graphs by counting graphlets, i.e., subgraphs with k nodes where k ∈ {3, 4, 5}.Exhaustive enumeration of all graphlets being prohibitively expensive, we introduce two theoretically grounded speedup schemes, one based on sampling and the second one specifically designed for bounded degree graphs.In our experimental evaluation, our novel kernels allow us to efficiently compare large graphs that cannot be tackled by existing graph kernels.",openalex,llm,0.980,unreviewed,,hash:db07618bc2d7ffd3
discarded,A comparison of two techniques for bibliometric mapping: Multidimensional scaling and VOS,Nees Jan van Eck; Ludo Waltman; Rommert Dekker; Jan van den Berg,2010,Journal of the American Society for Information Science and Technology,10.1002/asi.21421,https://openalex.org/W2953107155,off-topic-false-hit,"Abstract VOS is a new mapping technique that can serve as an alternative to the well‐known technique of multidimensional scaling (MDS). We present an extensive comparison between the use of MDS and the use of VOS for constructing bibliometric maps. In our theoretical analysis, we show the mathematical relation between the two techniques. In our empirical analysis, we use the techniques for constructing maps of authors, journals, and keywords. Two commonly used approaches to bibliometric mapping, both based on MDS, turn out to produce maps that suffer from artifacts. Maps constructed using VOS turn out not to have this problem. We conclude that in general maps constructed using VOS provide a more satisfactory representation of a dataset than maps constructed using well‐known MDS approaches.",openalex,llm,0.990,unreviewed,,doi:10.1002/asi.21421
discarded,Dynamic hash tables,Per-Åke Larson,1988,Communications of the ACM,10.1145/42404.42410,https://openalex.org/W2076162755,adjacent-subtopic,"Linear hashing and spiral storage are two dynamic hashing schemes originally designed for external files. This paper shows how to adapt these two methods for hash tables stored in main memory. The necessary data structures and algorithms are described, the expected performance is analyzed mathematically, and actual execution times are obtained and compared with alternative techniques. Linear hashing is found to be both faster and easier to implement than spiral storage. Two alternative techniques are considered: a simple unbalanced binary tree and double hashing with periodic rehashing into a larger table. The retrieval time of linear hashing is similar to double hashing and substantially faster than a binary tree, except for very small trees. The loading times of double hashing (with periodic reorganization), a binary tree, and linear hashing are similar. Overall, linear hashing is a simple and efficient technique for applications where the cardinality of the key set is not known in advance.",openalex,llm,0.990,unreviewed,,doi:10.1145/42404.42410
discarded,A comparison of algorithms for maximum entropy parameter estimation,Robert Malouf,2002,,10.3115/1118853.1118871,https://openalex.org/W2102667697,adjacent-subtopic,"Conditional maximum entropy (ME) models provide a general purpose machine learning technique which has been successfully applied to fields as diverse as computer vision and econometrics, and which is used for a wide variety of classification problems in natural language processing. However, the flexibility of ME models is not without cost. While parameter estimation for ME models is conceptually straightforward, in practice ME models for typical natural language tasks are very large, and may well contain many thousands of free parameters. In this paper, we consider a number of algorithms for estimating the parameters of ME models, including iterative scaling, gradient ascent, conjugate gradient, and variable metric methods. Sur-prisingly, the standardly used iterative scaling algorithms perform quite poorly in comparison to the others, and for all of the test problems, a limited-memory variable metric algorithm outperformed the other choices.",openalex,llm,0.990,unreviewed,,doi:10.3115/1118853.1118871
discarded,A foundation for representing and querying moving objects,Ralf Hartmut Güting; Michael H. Böhlen; Martin Erwig; Christian S. Jensen; Nikos A. Lorentzos; Markus Schneider; Michalis Vazirgiannis,2000,ACM Transactions on Database Systems,10.1145/352958.352963,https://openalex.org/W2032521898,adjacent-subtopic,"Spatio-temporal databases deal with geometries changing over time. The goal of our work is to provide a DBMS data model and query language capable of handling such time-dependent geometries, including those changing continuously that describe moving objects . Two fundamental abstractions are moving point and moving region , describing objects for which only the time-dependent position, or position and extent, respectively, are of interest. We propose to present such time-dependent geometries as attribute data types with suitable operations, that is, to provide an abstract data type extension to a DBMS data model and query language. This paper presents a design of such a system of abstract data types. It turns out that besides the main types of interest, moving point and moving region, a relatively large number of auxiliary data types are needed. For example, one needs a line type to represent the projection of a moving point into the plane, or a “moving real” to represent the time-dependent distance of two points. It then becomes crucial to achieve (i) orthogonality in the design of the system, i.e., type constructors can be applied unifomly; (ii) genericity and consistency of operations, i.e., operations range over as many types as possible and behave consistently; and (iii) closure and consistency between structure and operations of nontemporal and related temporal types. Satisfying these goal leads to a simple and expressive system of abstract data types that may be integrated into a query language to yield a powerful language for querying spatio-temporal data, including moving objects. The paper formally defines the types and operations, offers detailed insight into the considerations that went into the design, and exemplifies the use of the abstract data types using SQL. The paper offers a precise and conceptually clean foundation for implementing a spatio-temporal DBMS extension.",openalex,llm,0.970,unreviewed,,doi:10.1145/352958.352963
discarded,Algorithms and data structures in VLSI design: OBDD—Foundations and applications,C. Meinel; T. Theobald,1999,Computers & Mathematics with Applications,10.1016/s0898-1221(99)90407-8,https://openalex.org/W1491217533,adjacent-subtopic; BDD textbook; the cited BDD examples carry the point,,openalex,llm_reviewed,0.620,confirmed,,doi:10.1016/s0898-1221(99)90407-8
discarded,On the Analysis of Linear Probing Hashing,Philippe Flajolet; P. Poblete; Alfredo Viola,1998,Algorithmica,10.1007/pl00009236,https://openalex.org/W1979228272,adjacent-subtopic,"This paper presents moment analyses and characterizations of limit distributions for the construction cost of hash tables under the linear probing strategy. Two models are considered, that of full tables and that of sparse tables with a fixed tilling ratio strictly smaller than one. For full tables, the construction cost has expectation O(n(3/2)), the standard deviation is of the same order, and a limit law of the Airy type holds. (The Airy distribution is a semiclassical distribution that is defined in terms of the usual Airy functions or equivalently in terms of Bessel functions of indices -1/3, 2/3.) For sparse tables, the construction cost has expectation O(n), standard deviation O(root n), and a limit law of the Gaussian type. Combinatorial relations with other problems leading to Airy phenomena (like graph connectivity, tree inversions, tree path length, or area under excursions) are also briefly discussed.",openalex,llm,0.990,unreviewed,,doi:10.1007/pl00009236
discarded,Min Max Normalization Based Data Perturbation Method for Privacy Protection,Yogendra Kumar Jain; SANTOSH KUMAR BHANDARE,2013,International Journal of Computer and Communication Technology,10.47893/ijcct.2013.1201,https://openalex.org/W3109254476,adjacent-subtopic,"Data mining system contain large amount of private and sensitive data such as healthcare, financial and criminal records. These private and sensitive data can not be share to every one, so privacy protection of data is required in data mining system for avoiding privacy leakage of data. Data perturbation is one of the best methods for privacy preserving. We used data perturbation method for preserving privacy as well as accuracy. In this method individual data value are distorted before data mining application. In this paper we present min max normalization transformation based data perturbation. The privacy parameters are used for measurement of privacy protection and the utility measure shows the performance of data mining technique after data distortion. We performed experiment on real life dataset and the result show that min max normalization transformation based data perturbation method is effective to protect confidential information and also maintain the performance of data mining technique after data distortion.",openalex,llm,0.990,unreviewed,,doi:10.47893/ijcct.2013.1201
discarded,Query evaluation techniques for large databases,Goetz Graefe,1993,ACM Computing Surveys,10.1145/152610.152611,https://openalex.org/W2158237121,adjacent-subtopic,"Database management systems will continue to manage large data volumes. Thus, efficient algorithms for accessing and manipulating large sets and sequences will be required to provide acceptable performance. The advent of object-oriented and extensible database systems will not solve this problem. On the contrary, modern data models exacerbate the problem: In order to manipulate large sets of complex objects as efficiently as today's database systems manipulate simple records, query-processing algorithms and software will become more complex, and a solid understanding of algorithm and architectural issues is essential for the designer of database management software. This survey provides a foundation for the design and implementation of query execution facilities in new database management systems. It describes a wide array of practical query evaluation techniques for both relational and postrelational database systems, including iterative execution of complex query evaluation plans, the duality of sort- and hash-based set-matching algorithms, types of parallel query execution and their implementation, and special operators for emerging database application domains.",openalex,llm,0.990,unreviewed,,doi:10.1145/152610.152611
discarded,egg: Fast and extensible equality saturation,Max Willsey; Chandrakana Nandi; Yisu Remy Wang; Oliver Flatt; Zachary Tatlock; Pavel Panchekha,2021,Proceedings of the ACM on Programming Languages,10.1145/3434304,https://openalex.org/W3099525000,adjacent-subtopic,"An e-graph efficiently represents a congruence relation over many expressions. Although they were originally developed in the late 1970s for use in automated theorem provers, a more recent technique known as equality saturation repurposes e-graphs to implement state-of-the-art, rewrite-driven compiler optimizations and program synthesizers. However, e-graphs remain unspecialized for this newer use case. Equality saturation workloads exhibit distinct characteristics and often require ad-hoc e-graph extensions to incorporate transformations beyond purely syntactic rewrites. This work contributes two techniques that make e-graphs fast and extensible, specializing them to equality saturation. A new amortized invariant restoration technique called rebuilding takes advantage of equality saturation's distinct workload, providing asymptotic speedups over current techniques in practice. A general mechanism called e-class analyses integrates domain-specific analyses into the e-graph, reducing the need for ad hoc manipulation. We implemented these techniques in a new open-source library called egg. Our case studies on three previously published applications of equality saturation highlight how egg's performance and flexibility enable state-of-the-art results across diverse domains.",openalex,llm,0.880,unreviewed,,doi:10.1145/3434304
