status,title,authors,year,venue,doi,url,tags,abstract,provider,decision_source,llm_confidence,llm_review_outcome,llm_change_direction,paper_id
discarded,On the numerical computation of nonlinear normal modes for reduced-order modelling of conservative vibratory systems,"Blanc, F.; Touze, C.; Mercier, J. -F.; Ege, K.; Ben-Dhia, A. -S. Bonnet",2013,MECHANICAL SYSTEMS AND SIGNAL PROCESSING,10.1016/j.ymssp.2012.10.016,https://www.webofscience.com/wos/woscc/full-record/WOS:000319302100017,off-topic-false-hit,"Numerical computation of nonlinear normal modes (NNMs) for conservative vibratory systems is addressed, with the aim of deriving accurate reduced-order models up to large amplitudes. A numerical method is developed, based on the center manifold approach for NNMs, which uses an interpretation of the equations as a transport problem, coupled to a periodicity condition for ensuring manifold's continuity. Systematic comparisons are drawn with other numerical methods, and especially with continuation of periodic orbits, taken as reference solutions. Three different mechanical systems, displaying peculiar characteristics allowing for a general view of the performance of the methods for vibratory systems, are selected. Numerical results show that invariant manifolds encounter folding points at large amplitude, generically (but not only) due to internal resonances. These folding points involve an intrinsic limitation to reduced-order models based on the centre manifold and on the idea of a functional relationship between slave and master coordinates. Below that amplitude limit, numerical methods are able to produce reduced-order models allowing for a precise prediction of the backbone curve. (C) 2012 Elsevier Ltd. All rights reserved.",wos,llm,0.990,unreviewed,,doi:10.1016/j.ymssp.2012.10.016
discarded,ESTIMATORS OF PRIMARY PRODUCTION FOR INTERPRETATION OF REMOTELY-SENSED DATA ON OCEAN COLOR,"PLATT, T; SATHYENDRANATH, S",1993,JOURNAL OF GEOPHYSICAL RESEARCH-OCEANS,,https://www.webofscience.com/wos/woscc/full-record/WOS:A1993LU55100015,off-topic-false-hit,"The theoretical basis is explained for some commonly used estimators of daily primary production in a vertically uniform water column. These models are recast into a canonical form. with dimensionless arguments, to facilitate comparison with each other and with an analytic solution. The limitations of each model are examined. The values of the photoadaptation parameter I(k) observed in the ocean arc analyzed, and I(k) is used as a scale to normalize the surface irradiance. The range of this scaled irradiance is presented.- An equation is given for estimation of I(k) from recent light history. It is shown how the models for water column production can be adapted for estimation of the production in finite layers. The distinctions between model formulation, model implementation and model evaluation arc discussed. Recommendations are given on the choice of algorithm for computation of daily production according to the degree of approximation acceptable in the result.",wos,llm,0.990,unreviewed,,hash:6bb84a866df75fa2
discarded,MORE IS NOT BETTER - BROOD SIZE AND POPULATION-GROWTH IN A SELF-FERTILIZING NEMATODE,"HODGKIN, J; BARNES, TM",1991,PROCEEDINGS OF THE ROYAL SOCIETY B-BIOLOGICAL SCIENCES,,https://www.webofscience.com/wos/woscc/full-record/WOS:A1991GM26700003,off-topic-false-hit,"The normal form of the nematode Caenorhabditis elegans is a self-fertilizing hermaphrodite, which produces from the same germ-line tissue first a limited number of sperm and then a larger number of oocytes. Self-progeny brood sizes are determined by the number of sperm, and most of the oocytes remain unfertilized. Therefore it might seem selectively advantageous to increase the number of sperm, and hence the size of the brood. A mutation that leads to a 50% increase in sperm production allows a comparison of population growth rates between the wild type (mean brood 327 progeny) and the mutant (mean brood 499 progeny). Wild-type populations grow faster, as measured by food consumption, indicating that increased brood size is not advantageous. The mutant appears to be at a disadvantage because the additional spermatogenesis leads to a delay in the onset of oogenesis, and hence to an increase in the minimum generation time. In support of the notion of an optimal brood size, it was found that different natural isolates of this species have self-fertilities similar to that of the standard laboratory strain, in the range 250-350 progeny per worm.",wos,llm,1.000,unreviewed,,hash:a97e7541660ddc4f
discarded,SAFETY AND TRANSLATION OF RELATIONAL CALCULUS QUERIES,"VANGELDER, A; TOPOR, RW",1991,ACM TRANSACTIONS ON DATABASE SYSTEMS,,https://www.webofscience.com/wos/woscc/full-record/WOS:A1991GK05300002,adjacent-subtopic,"Not all queries in relational calculus can be answered sensibly when disjunction, negation, and universal quantification are allowed.  The class of relation calculus queries or formulas that have sensible answers is called the domain independent class which is known to be undecidable.  Subsequent research has focused on identifying large decidable subclasses of domain independent formulas.  In this paper we investigate the properties of two such classes:  the evaluable formulas and the allowed formulas.  Although both classes have been defined before, we give simplified definitions, present short proofs of their main properties, and describe a method to incorporate equality.

Although evaluable queries have sensible answers, it is not straightforward to compute them efficiently or correctly.  We introduce relational algebra normal form for formulas from which form the correct translation into relational algebra is trivial.  We give algorithms to transform an evaluable formula into an equivalent allowed formula and from there into relational algebra normal form.  Our algorithms avoid use of the so-called Dom relation, consisting of all constants appearing in the database or the query.

Finally, we describe a restriction under which every domain independent formula is evaluable and argue that the class of evaluable formulas is the largest decidable subclass of the domain independent formulas that can be efficiently recognized.",wos,llm,0.880,unreviewed,,hash:5dc6aa2b37d8617b
discarded,CONSTRAINED LEAST-SQUARES METHODS FOR LINEAR TIMEVARYING DAE SYSTEMS,"BARRLUND, A",1991,NUMERISCHE MATHEMATIK,,https://www.webofscience.com/wos/woscc/full-record/WOS:A1991GQ23000001,off-topic-false-hit,"This paper presents a family of methods for accurate solution of higher index linear variable DAE systems, A(t)y(t) + B(t)y(t) = f(t). These methods use the DAE system and some of its first derivatives as constraints to a least squares problem that corresponds to a Taylor series of y, or an approximative equality derived from a Pade' approximation of the exponential function. Accuracy results for systems transformable to standard canonical form are given. Advantages, disadvantages, stability properties and implementation of these methods are discussed and two numerical examples are given, where we compare our results with results from more traditional methods.",wos,llm,0.980,unreviewed,,hash:730484c312643a80
discarded,A harmonic balance normal form parametrisation for single mode reduction of nonlinear vibrating systems,A. Grolet,2026,Communications in Nonlinear Science and Numerical Simulation,10.1016/j.cnsns.2026.109708,https://www.scopus.com/inward/record.uri?partnerID=HzOxMe3b&scp=105027638117&origin=inward,off-topic-false-hit,"This paper introduces a model-order reduction technique for lightly damped nonlinear vibrating systems. By combining calculation details that are specific to the harmonic balance method, the asymptotic numerical method, and the normal form style parametrisation for invariant manifolds, a complete procedure that can cope with single-mode reduction is detailed. Introducing harmonic decomposition in the process allows for a different treatment of the temporal information of the solution, which comes with advantages as compared to normal form expansions based on polynomial expansions. The computation proceeds with two nested loops on both the harmonics and the polynomial degree expansion. A decisive advantage of the procedure is its ability to compute a new expansion from a known solution, which allows the derivation of amplitude-dependent piecewise reduced order models (ROMs), together with an integrated procedure that can switch from the invariant manifolds computation attached to either fixed points or limit cycles. Once the validity limit of a first expansion is met, the procedure can restart from a point where convergence is reached and produce a new ROM. This feature has the potential to overcome the well-known limitations of asymptotic expansions associated with the parametrisation method for invariant manifolds, and is derived here only for conservative systems. The whole analysis also clearly establishes the links existing between the normal form approach and computations based on the harmonic balance combined with the asymptotic numerical method. Examples of increasing complexity, starting from a Duffing equation, a two-degree-of-freedom system and a finite element beam model, are analysed, and comparisons with existing techniques are provided.",scopus,llm,0.990,unreviewed,,doi:10.1016/j.cnsns.2026.109708
discarded,Genetic Algorithms for Pareto Optimization in Bayesian Cournot Games Under Incomplete Cost Information,D. Carfí,2026,Mathematics,10.3390/math14050762,https://www.scopus.com/inward/record.uri?partnerID=HzOxMe3b&scp=105032798117&origin=inward,off-topic-false-hit,"This paper develops a practical computational framework for the Bayesian Cournot model with bilateral incomplete cost information, where each player is uncertain about the opponent’s marginal cost, drawn from a continuous compact interval [c*, c*] with 0<c*<c*<∞. The infinite dimensionality of the functional strategy spaces (mappings from types to production quantities) renders analytical closed-form solutions infeasible in this continuous-type setting. To overcome this challenge, we restrict the strategy spaces to finite-dimensional differentiable sub-manifolds—specifically, one-parameter families of oscillatory functions (cosine, sine, and mixed forms). After suitable affine Q-rescaling to map the oscillatory range into the production interval [0, Q], and with parameter ranges satisfying α, β>(π/2)/c*, these curves ensure near-exhaustivity: the joint production map (α, β)↦(xα(s), yβ(t)) covers [0, Q]2 densely for every fixed cost pair (s, t), thereby recovering (up to density and closure) the full ex-post payoff space. We introduce the ex-post payoff mapping Φ(s, t, x, y)=(es(x, y)(t), ft(x, y)(s)), which collects every realizable payoff pair once nature draws the types and players select their strategies. The image of Φ defines the general payoff space of the game, and its non-dominated points constitute the general ex-post Pareto frontier—all efficient realized outcomes across type-strategy realizations, without dependence on private probability measures over types. Using multi-objective genetic algorithms, we numerically approximate this frontier (and selected collusive compromises) within the restricted but representative sub-manifolds. The resulting frontiers are computationally accessible, robust to parameter variations, and validated through hypervolume convergence, sensitivity analysis, and comparisons with NSGA-II, PSO and scalarization methods. The findings are significant because they provide decision-makers in oligopolistic markets (e.g., electric vehicles) with viable, implementable production policies that explore efficient trade-offs under genuine cost uncertainty, without requiring explicit forecasts of the opponent’s type distribution—a limitation of traditional expected-utility approaches. By focusing on ex-post efficiency, the method reveals belief-independent compromise solutions that may guide tacit coordination or collusive outcomes in real-world strategic settings.",scopus,llm,0.990,unreviewed,,doi:10.3390/math14050762
discarded,Fourth-Order Semi-Non canonical Neutral Difference Equations: Oscillation via Canonical Transformation and Comparison Method,B. Sudha,2026,Boletim Da Sociedade Paranaense De Matematica,10.5269/bspm.83394,https://www.scopus.com/inward/record.uri?partnerID=HzOxMe3b&scp=105046302594&origin=inward,off-topic-false-hit,"This paper introduces a new method for converting fourth-order semi-non canonical nonlinear neutral difference equations into their canonical forms, greatly simplifying the analysis of solution oscillations. By combining these equations with second-order delay difference equations, multiple new oscillation criteria are developed. Examples are provided to illustrate the importance and uniqueness of the proposed findings.",scopus,llm,0.990,unreviewed,,doi:10.5269/bspm.83394
discarded,Tail reduction free term rewriting systems revisited,S. Vágvölgyi,2026,Journal of Symbolic Computation,10.1016/j.jsc.2025.102474,https://www.scopus.com/inward/record.uri?partnerID=HzOxMe3b&scp=105007910025&origin=inward,"qualifies-claim; adjacent-subtopic; normal forms in rewriting, logic or type theory","First we present various undecidability results on numerous subclasses of tail reduction free term rewriting systems which simply follow from the literature review on term rewriting. Then we show that the following problems are undecidable for linear tail reduction free term rewriting systems: the word problem, the existence of normal forms problem, the common ancestor problem, the joinability problem, the normalizing problem, the termination problem, the convergence problem, the reflexive transitive closure of reduction relation inclusion problem, the reflexive transitive closure of reduction relation equality problem, and the reflexive transitive closure of reduction relation proper inclusion problem. Finally, we show that the following problems are undecidable for right-linear trf TRSs: the inductive problem, the congruence relation inclusion problem, the congruence relation equality problem, and the congruence relation proper inclusion problem. In addition, we show that the restrictions of all the problems to ground terms are also undecidable. (c) 2025 Elsevier Ltd. All rights are reserved, including those for text and data mining, AI training, and similar technologies.",scopus,llm_reviewed,0.970,changed,kept->discarded,doi:10.1016/j.jsc.2025.102474
discarded,A Novel Hybrid Haar Wavelet Approach via the Lamperti Transformation to Solve Stochastic Differential Equations,D.I. Badigannavar,2026,IEEE Access,10.1109/ACCESS.2026.3723577,https://www.scopus.com/inward/record.uri?partnerID=HzOxMe3b&scp=105048566845&origin=inward,off-topic-false-hit,"This paper aims to extend the application of the wavelet method to address the stochastic differential equations (SDEs) that are a canonical form of geometric Brownian motion, which models systems with state-dependent random growth driven by the Wiener process. From the literature, it has been observed that the existing conventional numerical schemes for SDEs, such as the Euler-Maruyama and Milstein methods, exhibit certain limitations, particularly in terms of order of convergence and computational complexity, thereby necessitating improved approaches. In this regard, a novel hybrid technique based on the Haar wavelet collocation method along with the Lamperti transformation is proposed to enhance the analysis and approximation of SDEs. Several numerical examples are used to validate the developed method. In order to measure the performance of the novel method, 100 Monte Carlo simulations were conducted for each test problem together with comparisons of approximate and exact solutions, absolute error measures, mean error, standard deviation, and execution time results against the above mentioned conventional techniques. Further, a comprehensive convergence and error analysis has been conducted to establish the theoretical soundness of the method. Overall, the results highlight that the proposed method is both reliable and computationally efficient, making it a promising tool for the numerical solution of SDEs.",scopus,llm,0.990,unreviewed,,doi:10.1109/access.2026.3723577
discarded,Amplitude response and singularity behavior of circadian clock to external stimuli,T. Zhang,2023,Npj Systems Biology and Applications,10.1038/s41540-023-00300-w,https://www.scopus.com/inward/record.uri?partnerID=HzOxMe3b&scp=85167772265&origin=inward,off-topic-false-hit,"Amplitude changes caused by environmental cues are universal in the circadian clock and associated with various diseases. Singularity behavior, characterized by the disruption of circadian rhythms due to critical stimuli, has been observed across various species. Several mathematical models of the circadian clock have replicated this phenomenon. A comprehensive understanding of the amplitude response remains elusive due to experimental limitations. In this study, we address this question by utilizing a simple normal form model that accurately fits previous experimental data, thereby presenting a general mechanism. We employ a geometric framework to illustrate the dynamics in different stimuli of light-induced transcription (LIT) and light-induced degradation (LID), highlighting the core role of invisible instability in amplitude response. Our model systematically elucidates how stimulus mode, phase, and strength determine amplitude responses. The results show that external stimuli induce alterations in both the amplitudes of individual oscillators and the synchronization among oscillators, collectively influencing the overall amplitude response. While experimental methods impose constraints resulting in limited outcomes under specific conditions, our model provides a comprehensive and three-dimensional mechanistic explanation. A comparison with existing experimental findings demonstrates the consistency of our proposed mechanism. Considering the response direction, the framework enables the identification of phases that lead to increased circadian amplitude. Based on this mechanism derived from the framework, stimulus strategies for resetting circadian rhythms with reduced side effects could be designed. Our results demonstrate that the framework has great potential for understanding and applying stimulus responses in the circadian clock and other limit cycle oscillations.",scopus,llm,0.990,unreviewed,,doi:10.1038/s41540-023-00300-w
discarded,A Decidable Fragment of First Order Modal Logic: Two Variable Term Modal Logic,A. Padmanabha,2023,ACM Transactions on Computational Logic,10.1145/3593584,https://www.scopus.com/inward/record.uri?partnerID=HzOxMe3b&scp=85171712904&origin=inward,adjacent-subtopic,"First order modal logic (𝖥𝖮𝖬𝖫) is built by extending First Order Logic (𝖥𝖮) with modal operators. A typical formula is of the form \(\forall x \exists y \Box P(x,y)\) . Not only is 𝖥𝖮𝖬𝖫 undecidable, even simple fragments like that of restriction to unary predicate symbols, guarded fragment and two variable fragment, which are all decidable for 𝖥𝖮 become undecidable for 𝖥𝖮𝖬𝖫. In this paper we study Term Modal logic (𝖳𝖬𝖫) which allows modal operators to be indexed by terms. A typical formula is of the form \(\forall x \exists y~\Box _x P(x,y)\) . There is a close correspondence between 𝖳𝖬𝖫 and 𝖥𝖮𝖬𝖫 and we explore this relationship in detail in the paper. In contrast to 𝖥𝖮𝖬𝖫, we show that the two variable fragment (without constants, equality) of 𝖳𝖬𝖫 is decidable. Further, we prove that adding a single constant makes the two variable fragment of 𝖳𝖬𝖫 undecidable. On the other hand, when equality is added to the logic, it loses the finite model property.",scopus,llm,0.910,unreviewed,,doi:10.1145/3593584
