status,title,authors,year,venue,doi,url,tags,abstract,provider,decision_source,llm_confidence,llm_review_outcome,llm_change_direction,paper_id
discarded,"A Hybrid AI-driven Framework for Automated Course Equivalization Using NLP, Transformers, and Blockchain",Sumathy Krishnan; M Soniya; Geetha Rani K; Surendran R,2026,"2026 9th International Conference on Electronics, Materials Engineering & Nano-Technology (IEMENTech)",10.1109/IEMENTech202669403.2026.11434411,https://ieeexplore.ieee.org/document/11434411/,off-topic-false-hit,"This research introduces an AI-based course equivalization and credit transfer system on graduation to overcome the shortcomings of the traditional manual evaluation systems. The methodincorporates Natural Language Processing (NLP), Transformer-based embeddings, as well as machine learning classifiers which are used to identify equivale nt courses in institutions through automation. It starts with data collection and preprocessing, which entails OCR correction and syllabus segmentation and credit normalization, then moves on to TFIDF key word extraction and contextual embeddings produced by Transformer models, such as BERT and Sentence-BERT. The represented courses are in the form of structured feature vectors, which contain topics, learning outcomes, prerequisites, and credit values. This hybrid similarity model that blends Jaccard similarity, cosine similarity and credit alignment in calculating equivalency scores and Approximate Nearest Neighbor (ANN) indexing in guarante eing scalability over large academic catalogs. To enhance the reliability of decisions, an adaptive thresholding mechanism is used to group results into automatically equivalent, non-equivalent, or, borderline cases. Ambiguous cases are solved by an ensemble classifier like the Random Forest and XGBoost, which relies on a gradient-boosted optimization to provide a robust classification. Moreover, the system has an explainability layer that supports SHAP-based feature attribution and rule-based justification allowing decision transparency to be audited. The completed equivalization results are pegged to blockchain format through cryptographic hashing and Merkle Mountain Ranges, which guarantees non-reputability, auditability, and institutional trust.",ieee,llm,0.990,unreviewed,,doi:10.1109/iementech202669403.2026.11434411
discarded,Self-checking against formal specifications,S. Antoy; D. Hamlet,1992,Proceedings ICCI `92: Fourth International Conference on Computing and Information,10.1109/ICCI.1992.227637,https://ieeexplore.ieee.org/document/227637/,adjacent-subtopic,"The authors use an algebraic technique of formally specifying a module that implements an abstract data type, with a C/sup ++/ implementation. An explicit mapping from implementation states to abstract values is added to the C/sup ++/ code. The form of specification allows mechanical checking of desirable properties such as consistency and completeness, particularly when operations are added incrementally to the data type. During unit testing, the specification serves as a test oracle. Any variance between computed and specified values is automatically detected. When the module is made part of some application, the checking can be removed, or may remain in place for further validating the implementation. The specification, executed by rewriting, can be thought of as itself an implementation with maximum design diversity, and the validation as a form of multiversion-programming comparison.<>",ieee,llm,0.830,unreviewed,,doi:10.1109/icci.1992.227637
discarded,Verifying Linear Real-Time Logic Specifications,Stefan Andrei; Albert M. K. Cheng,2007,28th IEEE International Real-Time Systems Symposium (RTSS 2007),10.1109/RTSS.2007.14,https://ieeexplore.ieee.org/document/4408317/,adjacent-subtopic,"Formal specification and verification are critical to the development of safe real-time and embedded systems, which have become increasingly complex. Real-Time Logic (RTL) has been used to describe the specification and safety asser- tion of real-time systems. However, the satisfiability prob- lem for RTL, as well as other first-order logics, is unde- cidable. There exist already non-trivial fragments of RTL, like path RTL and extended path RTL, for which the veri- fication can be done efficiently. The key idea used by these RTL fragments was the so-called constraint graph. The con- straint graph can express dependencies between two events, but cannot describe dependencies between three or more events. This paper presents a larger class than existing frag- ments of RTL for which the verification problem can also be solved efficiently. Our new class is called Linear Real- Time Logic (LRTL) and includes the existing decidable RTL fragments like path RTL and extended path RTL. The LRTL class is able to express any linear timing constraint with an arbitrary number of events variables (e.g., between three or more events). The main ingredient of the LRTL class is the use of matrices instead of the constraint graph, as a more powerful data structure capable of performing the conver- sion from RTL to a propositional formula. The unsatisfi- ability of the propositional formula will ensure the safety and feasibility of the given real-time system. Experimental results show that the execution times for LRTL are better than the systems expressed in extended path RTL, and com- parable with those expressed in path RTL.",ieee,llm,0.960,unreviewed,,doi:10.1109/rtss.2007.14
discarded,An Uncertainty-Aware Deep Learning Model for Reliable Detection of Steel Wire Rope Defects,Wenting Yi; Wai Kit Chan; Hiu Hung Lee; Steven T. Boles; Xiaoge Zhang,2024,IEEE Transactions on Reliability,10.1109/TR.2023.3335958,https://ieeexplore.ieee.org/document/10342683/,off-topic-false-hit,"As safety is a top priority in mission-critical engineering applications, uncertainty quantification emerges as a linchpin to the successful deployment of AI models in these high-stakes domains. In this article, we seamlessly encode a simple and principled uncertainty quantification module spectral-normalized neural Gaussian process (SNGP) into GoogLeNet to detect various defects in steel wire ropes (SWRs) accurately and reliably. To this end, the developed methodology consists of three coherent steps. In the first step, raw magnetic flux leakage (MFL) signals in waveform associated with normal and defective SWRs that are manifested in the number of broken wires are collected via a dedicated experimental setup. Next, the proposed approach utilizes Gramian angular field to transform the MFL signal in 1-D time series into 2-D images while preserving key spatial and temporal structures in the data. Third, built atop the backbone of GoogLeNet, we systematically integrate SNGP by adding the spectral normalization (SN) layer to normalize the weights and replacing the output layers with a Gaussian process (GP) in the main network and auxiliary classifiers of GoogLeNet accordingly, where SN enables to preserve the distance in data transformation and GP makes the output layer of neural network distance aware when assigning uncertainty. Comprehensive comparisons with the state-of-the-art models highlight the advantages of the developed methodology in classifying SWR defects and identifying out-of-distribution (OOD) SWR instances. In addition, a thorough ablation study is performed to quantitatively illustrate the significant role played by SN and GP in the principledness of the estimated uncertainty toward detecting SWR instances with varying OODness.",ieee,llm,0.990,unreviewed,,doi:10.1109/tr.2023.3335958
discarded,Automatically checking an implementation against its formal specification,S. Antoy; D. Hamlet,2000,IEEE Transactions on Software Engineering,10.1109/32.825766,https://ieeexplore.ieee.org/document/825766/,adjacent-subtopic,"We propose checking the execution of an abstract data type's imperative implementation against its algebraic specification. An explicit mapping from implementation states to abstract values is added to the imperative code. The form of specification allows mechanical checking of desirable properties such as consistency and completeness, particularly when operations are added incrementally to the data type. During unit testing, the specification serves as a test oracle. Any variance between computed and specified values is automatically detected. When the module is made part of some application, the checking can he removed, or may remain in place for further validating the implementation. The specification, executed by rewriting, can be thought of as itself an implementation with maximum design diversity, and the validation as a form of multiversion-programming comparison.",ieee,llm,0.830,unreviewed,,doi:10.1109/32.825766
discarded,Effect of Unique Table Implementation in the Performance of BDD Packages,"Nespolo, Joao P.; Peralta, Renato D.; Butzen, Paulo F.; Reis, Andre I.",2023,"2023 36TH SBC/SBMICRO/IEEE/ACM SYMPOSIUM ON INTEGRATED CIRCUITS AND SYSTEMS DESIGN, SBCCI",10.1109/SBCCI60457.2023.10261960,https://www.webofscience.com/wos/woscc/full-record/WOS:001086004500011,supports-claim; qualifies-claim; adjacent-subtopic; canonical representation in hardware verification or data structures; the cited BDD/graph examples carry the point,"This paper presents an evaluation of the data structures that implement the unique tables used to represent the Binary Decision Diagrams (BDD) nodes in the strong canonical form of BDDs. The unique table is an important element in BDDs, as it avoids re-computations and no duplicated nodes are created. The choice of the data structures used in the unique tables strongly affects the performance of BDD packages. Therefore, is important to identify some aspects that may contribute to the performance. We compare several implementations of unique tables intending to find the more efficient implementations for modern BDD packages using integers (as opposed to pointers) to identify nodes. Among the tested implementations of unique tables, the data structure using a hash table merged with BDD nodes has resulted in reductions of 34.6% in runtime and 43.5% in memory usage compared to the second-best for each criterion.",wos,llm_reviewed,0.980,changed,kept->discarded,doi:10.1109/sbcci60457.2023.10261960
discarded,A Succinct Grammar Compression,"Tabei, Yasuo; Takabatake, Yoshimasa; Sakamoto, Hiroshi",2013,COMBINATORIAL PATTERN MATCHING,,https://www.webofscience.com/wos/woscc/full-record/WOS:000342992300023,adjacent-subtopic,"We solve an open problem related to an optimal encoding of a straight line program (SLP), a canonical form of grammar compression deriving a single string deterministically. We show that an information-theoretic lower bound for representing an SLP with n symbols requires at least 2n + log n! + o(n) bits. We then present a succinct representation of an SLP; this representation is asymptotically equivalent to the lower bound. The space is at most 2n log rho(1 + o(1)) bits for rho <= 2 root n, while supporting random access to any production rule of an SLP in O(log log n) time. In addition, we present a novel dynamic data structure associating a digram with a unique symbol. Such a data structure is called a naming function and has been implemented using a hash table that has a space-time tradeoff. Thus, the memory space is mainly occupied by the hash table during the development of production rules. Alternatively, we build a dynamic data structure for the naming function by leveraging the idea behind the wavelet tree. The space is strictly bounded by 2n log n(1 + o(1)) bits, while supporting O(log n) query and update time.",wos,llm,0.890,unreviewed,,hash:215357ac006f2e6c
discarded,A calculus for handling time in complex objects,"Min, Y; Miller, LL; Owrang, MM",2000,COMPUTER SYSTEMS SCIENCE AND ENGINEERING,,https://www.webofscience.com/wos/woscc/full-record/WOS:000088794900006,adjacent-subtopic,Conventional database systems model only the most recent snapshot of the real world. Temporal database systems have been introduced in order to add time domains in the database model. Current query languages do not allow the underlying data structure to be a nonfirst normal form relation. We present a new temporal calculus (TCAL) for temporal databases built on nonfirst normal form relations. The comparison of TCAL to TQUEL is investigated.,wos,llm,0.980,unreviewed,,hash:f3d54bd847ac6566
discarded,A measure of 2D shape-of-object dissimilarity,"Bribiesca, E; Wilson, RG",1997,APPLIED MATHEMATICS LETTERS,,https://www.webofscience.com/wos/woscc/full-record/WOS:A1997YG45100017,adjacent-subtopic,"We describe an approach for measuring 2D shape-of-object dissimilarity. The shape of the different objects to be compared is mapped to a representation invariant under translation, rotation, and area. Thus, the shapes will have the same amount of information to describe them (equal number of pixels). The measure of dissimilarity is based on the transformation of one shape into another. This transformation is performed by moving pixels. Thus, the shape difference could be ascertained by counting how many pixels we have to move and how far to change one shape into another. When the shape transformation is performed, the distribution of the shape difference is computed, which permits an improvement in shape comparison.",wos,llm,0.930,unreviewed,,hash:1fcb6ca9c7d6910d
discarded,Quantifying pairwise similarity of ignitable liquids analyzed by GC–MS: A comparison of four methods,M. Gregg,2026,Journal of Forensic Sciences,10.1111/1556-4029.70292,https://www.scopus.com/inward/record.uri?partnerID=HzOxMe3b&scp=105031958554&origin=inward,off-topic-false-hit,"For analyses that require the extraction and concentration of ignitable liquids, quantitatively comparing the similarity between samples obtained under experimental conditions to reference samples provides a straightforward way of defining the experimental response. Various methods for pairwise comparison of gas chromatography–mass spectrometry (GC–MS) data have been applied in the fire debris literature that operate on different data structures and employ different underlying metrics. In this article, we consider four of these methods (covariance mapping, summed ion similarity, Pearson product‐moment correlation [PPMC], cosine similarity) and assess their performance using a dataset of replicate gasoline samples with known relationships. Method performance is considered separately for both selected ion monitoring data and full scan data and is evaluated by examining how well the distributions of various comparison types adhere to the known sample relationships. Method performance is found to be generally consistent across the two data types, but performance differs across methods. It is shown that all methods are invariant to data normalization, but the performance of the PPMC and cosine similarity methods is improved with a fourth‐root data transformation. For the data considered here, the method of covariance mapping most closely conformed to expected performance based on the known sample relationships.",scopus,llm,0.990,unreviewed,,doi:10.1111/1556-4029.70292
discarded,Closing the Knowledge Gap of Post-Acquisition Sample Normalization in Untargeted Metabolomics,B. Low,2024,ACS Measurement Science Au,10.1021/acsmeasuresciau.4c00047,https://www.scopus.com/inward/record.uri?partnerID=HzOxMe3b&scp=85206895068&origin=inward,off-topic-false-hit,"Sample normalization is a crucial step in metabolomics for fair quantitative comparisons. It aims to minimize sample-to-sample variations due to differences in the total metabolite amount. When samples lack a specific metabolic quantity to accurately represent their total metabolite amounts, post-acquisition sample normalization becomes essential. Despite many proposed normalization algorithms, understanding remains limited of their differences, hindering the selection of the most suitable one for a given metabolomics study. This study bridges this knowledge gap by employing data simulation, experimental simulation, and real experiments to elucidate the differences in the mechanism and performance among common post-acquisition sample normalization methods. Using public datasets, we first demonstrated the dramatic discrepancies between the outcomes of different sample normalization methods. Then, we benchmarked six normalization methods: sum, median, probabilistic quotient normalization (PQN), maximal density fold change (MDFC), quantile, and class-specific quantile. Our results show that most normalization methods are biased when there is unbalanced data, a phenomenon where the percentages of up- and downregulated metabolites are unequal. Notably, unbalanced data can be sourced from the underlying biological differences, experimental perturbations, and metabolic interference. Beyond normalization algorithms and data structure, our study also emphasizes the importance of considering additional factors contributed by data quality, such as background noise, signal saturation, and missingness. Based on these findings, we propose an evidence-based normalization strategy to maximize sample normalization outcomes, providing a robust bioinformatic solution for advancing metabolomics research with a fair quantitative comparison.",scopus,llm,1.000,unreviewed,,doi:10.1021/acsmeasuresciau.4c00047
discarded,"A comprehensive MCDM assessment for economic data: success analysis of maximum normalization, CODAS, and fuzzy approaches",M. Baydaş,2024,Financial Innovation,10.1186/s40854-023-00588-x,https://www.scopus.com/inward/record.uri?partnerID=HzOxMe3b&scp=85187885988&origin=inward,off-topic-false-hit,"The approach of evaluating the final scores of multi-criteria decision-making (MCDM) methods according to the strength of association with real-life rankings is interesting for comparing MCDM methods. This approach has recently been applied mostly to financial data. In these studies, where it is emphasized that some methods show more stable success, it would be useful to see the results that will emerge by testing the approach on different data structures more comprehensively. Moreover, not only the final MCDM results but also the performance of normalization techniques and data types (fuzzy or crisp), which are components of MCDM, can be compared using the same approach. These components also have the potential to affect MCDM results directly. In this direction, in our study, the economic performances of G-20 (Group of 20) countries, which have different data structures, were calculated over ten different periodic decision matrices. Ten different crisp-based MCDM methods (COPRAS, CODAS, MOORA, TOPSIS, MABAC, VIKOR (S, R, Q), FUCA, and ELECTRE III) with different capabilities were used to better visualize the big picture. The relationships between two different real-life reference anchors and MCDM methods were used as a basis for comparison. The CODAS method develops a high correlation with both anchors in most periods. The most appropriate normalization technique for CODAS was identified using these two anchors. Interestingly, the maximum normalization technique was the most successful among the alternatives (max, min–max, vector, sum, and alternative ranking-based). Moreover, we compared the two main data types by comparing the correlation results of crisp-based and fuzzy-based CODAS. The results were very consistent, and the “Maximum normalization-based fuzzy integrated CODAS procedure” was proposed to decision-makers to measure the economic performance of the countries.",scopus,llm,1.000,unreviewed,,doi:10.1186/s40854-023-00588-x
discarded,Resting-state EEG data before and after cognitive activity across the adult lifespan and a 5-year follow-up,S. Getzmann,2024,Scientific Data,10.1038/s41597-024-03797-w,https://www.scopus.com/inward/record.uri?partnerID=HzOxMe3b&scp=85203453286&origin=inward,off-topic-false-hit,"This dataset consists of 64-channels resting-state EEG recordings of 608 participants aged between 20 and 70 years, 61.8% female, as well as follow-up measurements after approximately 5 years of 208 participants, starting 2021. The EEG was measured for three minutes with eyes open and eyes closed before and after a 2-hour block of cognitive experimental tasks. The data set is part of the Dortmund Vital Study, a prospective study on the determinants of healthy cognitive aging. The dataset can be used for (1) analyzing cross-sectional resting-state EEG of healthy individuals across the adult life span; (2) generating normalization data sets for comparison of resting-state EEG data of patients with clinically relevant disorders; (3) studying effects of performing cognitive tasks on resting-state EEG and age; (4) exploring intra-individual changes in resting-state EEG and effects of task performance over a time period of about 5 years. The data are provided in Brain Imaging Data Structure (BIDS) format and are available on OpenNeuro.",scopus,llm,1.000,unreviewed,,doi:10.1038/s41597-024-03797-w
