status,title,authors,year,venue,doi,url,tags,abstract,provider,decision_source,llm_confidence,llm_review_outcome,llm_change_direction,paper_id
discarded,Understanding diffraction grating behavior: including conical diffraction and Rayleigh anomalies from transmission gratings,James E. Harvey; Richard N. Pfisterer,2019,Optical Engineering,10.1117/1.oe.58.8.087105,https://openalex.org/W2970276897,off-topic-false-hit,"With the wide-spread availability of rigorous electromagnetic (vector) analysis codes for describing the diffraction of electromagnetic waves by specific periodic grating structures, the insight and understanding of nonparaxial parametric diffraction grating behavior afforded by approximate methods (i.e., scalar diffraction theory) is being ignored in the education of most optical engineers today. Elementary diffraction grating behavior is reviewed, the importance of maintaining consistency in the sign convention for the planar diffraction grating equation is emphasized, and the advantages of discussing “conical” diffraction grating behavior in terms of the direction cosines of the incident and diffracted angles are demonstrated. Paraxial grating behavior for coarse gratings (d ≫ λ) is then derived and displayed graphically for five elementary grating types: sinusoidal amplitude gratings, square-wave amplitude gratings, sinusoidal phase gratings, square-wave phase gratings, and classical blazed gratings. Paraxial diffraction efficiencies are calculated, tabulated, and compared for these five elementary grating types. Since much of the grating community erroneously believes that scalar diffraction theory is only valid in the paraxial regime, the recently developed linear systems formulation of nonparaxial scalar diffraction theory is briefly reviewed, then used to predict the nonparaxial behavior (for transverse electric polarization) of both the sinusoidal and the square-wave amplitude gratings when the +1 diffracted order is maintained in the Littrow condition. This nonparaxial behavior includes the well-known Rayleigh (Wood’s) anomaly effects that are usually thought to only be predicted by rigorous (vector) electromagnetic theory.",openalex,llm,1.000,unreviewed,,doi:10.1117/1.oe.58.8.087105
discarded,Matrix factorizations and link homology,Mikhail Khovanov; Lev Rozansky,2008,Fundamenta Mathematicae,10.4064/fm199-1-1,https://openalex.org/W1965443691,off-topic-false-hit,For each positive integer $n$ the HOMFLYPT polynomial of links specializes to a one-variable polynomial that can be recovered from the representation theory of quantum $sl(n)$. For each such $n$ we build a doubly-graded homology theory of links with this,openalex,llm,0.990,unreviewed,,doi:10.4064/fm199-1-1
discarded,Defining the transfer coefficient in electrochemistry: An assessment (IUPAC Technical Report),Rolando Guidelli; Richard G. Compton; Juan  Miguel Feliu; E. Gileadi; Jacek Lipkowski; Wolfgang Schmickler; Sergio Trasatti,2014,Pure and Applied Chemistry,10.1515/pac-2014-5026,https://openalex.org/W2145666711,off-topic-false-hit,"Abstract The transfer coefficient α is a quantity that is commonly employed in the kinetic investigation of electrode processes. In the 3 rd edition of the IUPAC Green Book, the cathodic transfer coefficient α c is defined as –( RT / nF )( d ln k c /d E ), where k c is the electroreduction rate constant, E is the applied potential, and R, T , and F have their usual significance. This definition is equivalent to the other, -( RT / nF )( d ln| j c |/d E ), where j c is the cathodic current density corrected for any changes in the reactant concentration at the electrode surface with respect to its bulk value. The anodic transfer coefficient α a is defined similarly, by simply replacing j c with the anodic current density j a and the minus sign with the plus sign. It is shown that this definition applies only to an electrode reaction that consists of a single elementary step involving the simultaneous uptake of n electrons from the electrode in the case of α c , or their release to the electrode in the case of α a . However, an elementary step involving the simultaneous release or uptake of more than one electron is regarded as highly improbable in view of the absolute rate theory of electron transfer of Marcus; the hardly satisfiable requirements for the occurrence of such an event are examined. Moreover, the majority of electrode reactions do not consist of a single elementary step; rather, they are multistep, multi-electron processes. The uncritical application of the above definitions of α c and α a has led researchers to provide unwarranted mechanistic interpretations of electrode reactions. In fact, the only directly measurable experimental quantity is d ln| j |/d E , which can be made dimensionless upon multiplication by RT / F , yielding ( RT / F )( d ln| j |/d E ). One common source of misinterpretation consists in setting this experimental quantity equal to αn , according to the above definition of the transfer coefficient, and in trying to estimate n from αn , upon ascribing an arbitrary value to α , often close to 0.5. The resulting n value is then identified with the number of electrons involved in a hypothetical rate-determining step or with that involved in the overall electrode reaction. A few examples of these unwarranted mechanistic interpretations are reported. In view of the above considerations, it is proposed to define the cathodic and anodic transfer coefficients by the quantities α c = –( RT / F )( d ln| j c |/d E ) and α a = ( RT / F )( d ln j a /d E ), which are independent of any mechanistic consideration.",openalex,llm,1.000,unreviewed,,doi:10.1515/pac-2014-5026
discarded,Efficient implementation of the nonequilibrium Green function method for electronic transport calculations,Taisuke Ozaki; Kengo Nishio; Hiori Kino,2010,Physical Review B,10.1103/physrevb.81.035116,https://openalex.org/W2021280109,off-topic-false-hit,"An efficient implementation of the nonequilibrium Green function method combined with the density-functional theory, using localized pseudoatomic orbitals, is presented for electronic transport calculations of a system connected with two leads under a finite bias voltage. In the implementation, accurate and efficient methods are developed especially for the evaluation of the density matrix and treatment of boundaries between the scattering region and the leads. Equilibrium and nonequilibrium contributions in the density matrix are evaluated with very high precision by a contour integration with a continued fraction representation of the Fermi-Dirac function and by a simple quadrature on the real axis with a small imaginary part, respectively. The Hartree potential is computed efficiently by a combination of the two-dimensional fast Fourier transform and a finite difference method, and the charge density near the boundaries is constructed with a careful treatment to avoid the spurious scattering at the boundaries. The efficiency of the implementation is demonstrated by rapid convergence properties of the density matrix. In addition, as an illustration, our method is applied for zigzag graphene nanoribbons, a Fe/MgO/Fe tunneling junction, and a ${\text{LaMnO}}_{3}/{\text{SrMnO}}_{3}$ superlattice, demonstrating its applicability to a wide variety of systems.",openalex,llm,0.990,unreviewed,,doi:10.1103/physrevb.81.035116
discarded,Introduction to quantum Monte Carlo simulations for fermionic systems,Raimundo R. dos Santos,2003,Brazilian Journal of Physics,10.1590/s0103-97332003000100003,https://openalex.org/W2146703302,off-topic-false-hit,"We tutorially review the determinantal Quantum Monte Carlo method for fermionic systems, using the Hubbard model as a case study. Starting with the basic ingredients of Monte Carlo simulations for classical systems, we introduce aspects such as importance sampling, sources of errors, and finite-size scaling analyses. We then set up the preliminary steps to prepare for the simulations, showing that they are actually carried out by sampling discrete Hubbard-Stratonovich auxiliary fields. In this process the Green's function emerges as a fundamental tool, since it is used in the updating process, and, at the same time, it is directly related to the quantities probing magnetic, charge, metallic, and superconducting behaviours. We also discuss the as yet unresolved ‘minus-sign problem', and two ways to stabilize the algorithm at low temperatures.",openalex,llm,1.000,unreviewed,,doi:10.1590/s0103-97332003000100003
discarded,Lyα Emitting Galaxies as a Probe of Reionisation,Mark Dijkstra,2014,Publications of the Astronomical Society of Australia,10.1017/pasa.2014.33,https://openalex.org/W2952140618,off-topic-false-hit,"Abstract The Epoch of Reionization (EoR) represents a milestone in the evolution of our Universe. Star-forming galaxies that existed during the EoR likely emitted a significant fraction ( ~ 5 − 40%) of their bolometric luminosity as Lyα line emission. However, neutral intergalactic gas that existed during the EoR was opaque to Lyα emission that escaped from galaxies during this epoch, which makes it difficult to observe. The neutral intergalactic medium (IGM) may thus reveal itself by suppressing the Lyα flux from background galaxies. Interestingly, a ‘sudden’ reduction in the observed Lyα flux has now been observed in galaxies at z > 6. This review contains a detailed summary of Lyα radiative processes: I describe ( i ) the main Lyα emission processes, including collisional-excitation & recombination (and derive the origin of the famous factor ‘0.68’), and ( ii ) basic radiative transfer concepts, including e.g. partially coherent scattering, frequency diffusion, resonant versus wing scattering, optically thick versus ‘extremely’ optically thick (static/outflowing/collapsing) media, and multiphase media. Following this review, I derive expressions for the Gunn-Peterson optical depth of the IGM during (inhomogeneous) reionisation and post-reionisation. I then describe why current observations appear to require a very rapid evolution of volume-averaged neutral fraction of hydrogen in the context of realistic inhomogeneous reionisation models, and discuss uncertainties in this interpretation. Finally, I describe how existing & futures surveys and instruments can help reduce these uncertainties, and allow us to fully exploit Lyα emitting galaxies as a probe of the EoR.",openalex,llm,1.000,unreviewed,,doi:10.1017/pasa.2014.33
discarded,The nitrogen cycle: A review of isotope effects and isotope modeling approaches,Tobias Denk; Joachim Mohn; Charlotte Decock; Dominika Lewicka‐Szczebak; Eliza Harris; Klaus Butterbach‐Bahl; Ralf Kiese; Benjamin Wolf,2016,Soil Biology and Biochemistry,10.1016/j.soilbio.2016.11.015,https://openalex.org/W2558333456,off-topic-false-hit,"The nitrogen (N) cycle involves a set of N compounds transformed by plants and microbes. Some of these N compounds, such as nitrous oxide (N2O) or nitrate (No-3(-)), are environmental pollutants jeopardizing biodiversity, human health or the global climate. The natural abundances of the common (N-14) and rare (N-15) stable N isotopes in a given compound, i.e. the isotopic composition, depend on individual production and consumption processes. As each process has an individual preference for the common or rare isotope (isotope effect) the measurement of the isotopic composition has been identified as a powerful tool for improved process understanding and source process identification. Both are key requirements for the development of strategies aiming at mitigating the release of environmental harmful N compounds. However, up to now, no comprehensive compilation of N cycle isotope effects is available.

A compilation of isotope effects is also in high demand for testing biogeochemical models as such models are increasingly used to study N cycling in ecosystems and across landscapes and regions. Biogeochemical models are usually calibrated and validated only with single, easily accessible quantities. The isotopic composition of N compounds has a high potential to be used as additional, integrative parameter for a more thorough assessment of simulation results. For instance, the isotopic composition of soil N is determined by fractionation of the most relevant processes and, thus, integrates several N cycle processes, some of which cannot be accessed easily by direct measurement. To implement isotopic fractionation in ecosystem models and to utilize those for model validation, the magnitude of the isotope effects associated with individual transformations in the N cycle need to be assessed.

This review summarizes the available methods to determine N isotope effects of various key ecosystem processes, thereby systematically comparing isotope effects for different experimental conditions and processes, exploring the accuracy of theoretical calculations of isotope effects and finally, addressing concepts to implement isotope effects into biogeochemical modeling.

Our review shows that published isotope effects for N processes in soil incubations seem to be stronger as compared to those in water saturated systems. In addition to the choice of isotope effects adequate for the respective ecosystem, the challenge for modeling approaches is the sequential calculation of isotopic compositions. Associated numerical inaccuracies can be minimized by controlling the share of reacted substrates, i.e. the time step. The criterion to determine the time step needs to consider the strongest isotope effect, required accuracy of the calculations and the share of substrate consumed from or provided to the compound pool.

The combination of biogeochemical models with delta N-15 methods and novel measures like site preference (SP) of N2O is a promising approach for improving process understanding at various spatial and temporal scales. Nevertheless, the compilation of isotope effects in this review may not only be of benefit for modelers, but also for experimentalists, as measurement and modeling of isotope effects may eventually help to test and validate our current process understanding of the N cycle. (C) 2016 Elsevier Ltd. All rights reserved.",openalex,llm,1.000,unreviewed,,doi:10.1016/j.soilbio.2016.11.015
discarded,Physically-based network modeling of multiphase flow in intermediate-wet porous media,Martin Julian Blunt,1998,Journal of Petroleum Science and Engineering,10.1016/s0920-4105(98)00010-2,https://openalex.org/W1967911558,off-topic-false-hit,"A capillary equilibrium-based network model is used to compute oil recovery and Amott wettability indices in intermediate-wet porous media. The pattern of wettability at the pore level is a generalization of the work of Kovscek et al. [Kovscek, A.R., Wong, H., Radke, C.J., 1993. A pore-level scenario for the development of mixed wettability in oil reservoirs, AICHE J., 39 (6) 1072–1085]. The model allows a single pore to contain both oil-wet and water-wet regions, with oil/water contact angles anywhere in the range 0–180°. We investigate models with varying contact angles, and where different fractions of the pore space are oil-wet. We show that oil recovery shows a complex, non-monotonic dependence with both contact angle and oil-wet fraction, and we explain the results in terms of competing displacement mechanisms at the pore scale. Strongly oil-wet media allow stable oil layers to form in the crevices of the pore space. These layers maintain the connectivity of the oil phase and allow low residual saturations to be achieved, but only by production well after breakthrough.",openalex,llm,1.000,unreviewed,,doi:10.1016/s0920-4105(98)00010-2
discarded,Stellar evolution with rotation. VII.,A. Maeder; G. Meynet,2001,Astronomy and Astrophysics,10.1051/0004-6361:20010596,https://openalex.org/W2114574183,off-topic-false-hit,"We calculate a grid of models with and without the effects of axial rotation for massive stars in the range of 9 to and metallicity appropriate for the SMC. Remarkably, the ratios of the angular velocity to the break-up angular velocity grow strongly during the evolution of high mass stars, contrary to the situation at . The reason is that at low Z, mass loss is smaller and the removal of angular momentum during evolution much weaker, also there is an efficient outward transport of angular momentum by meridional circulation. Thus, a much larger fraction of the stars at lower Z reach break-up velocities and rotation may thus be a dominant effect at low Z. The models with rotation well account for the long standing problem of the large numbers of red supergiants observed in low Z galaxies, while current models with mass loss were predicting no red supergiants. We discuss in detail the physical effects of rotation which favour a redwards evolution in the HR diagram. The models also predict large N enrichments during the evolution of high mass stars. The predicted relative N-enrichments are larger at Z lower than solar and this is in very good agreement with the observations for A-type supergiants in the SMC.",openalex,llm,1.000,unreviewed,,doi:10.1051/0004-6361:20010596
discarded,The scapegoat theory of exchange rates: the first tests,Marcel Fratzscher; Dagfinn Rime; Lucio Sarno; Gabriele Zinna,2014,Journal of Monetary Economics,10.1016/j.jmoneco.2014.09.001,https://openalex.org/W3123262500,off-topic-false-hit,"The scapegoat theory of exchange rates (Bacchetta and van Wincoop, 2004, 2013) suggests that market participants may attach excessive weight to individual economic fundamentals, which are picked as ""scapegoats"" to rationalize observed currency fluctuations at times when exchange rates are driven by unobservable shocks. Using novel survey data that directly measure foreign exchange scapegoats for 12 exchange rates, we find empirical evidence that supports the scapegoat theory. The resulting models explain a large fraction of the variation and directional changes in exchange rates in sample, although their out-of-sample forecasting performance is mixed. (C) 2014 Elsevier B.V. All rights reserved.",openalex,llm,1.000,unreviewed,,doi:10.1016/j.jmoneco.2014.09.001
discarded,Fabrication and Characterization of I-cord Knitted SMA Actuators,Christopher Kim; Athena Chien; Megha Tippur; Cynthia Sung,2021,2021 IEEE 4th International Conference on Soft Robotics (RoboSoft),10.1109/RoboSoft51838.2021.9479207,https://ieeexplore.ieee.org/document/9479207/,off-topic-false-hit,"Knitted SMA actuators provide greater actuation stroke than single-strand SMA wire actuators by leveraging its knitted structure. However, due to short-circuiting through interlacing knit loops, existing knitted SMA sheet actuators are unsuitable for joule-heating actuation when uniform contractile actuation is desired. We explore an axially symmetric tubular i-cord knitted actuator as a possible solution. The fabrication process of an i-cord knitted SMA actuator and its electrical, thermal, and mechanics models are presented. After modifying existing models for single-strand SMA wire and adjusting their parameters, the proposed electrical, thermal, and mechanics models were verified with experimental results.",ieee,llm,1.000,unreviewed,,doi:10.1109/robosoft51838.2021.9479207
discarded,Field harmonics in induction motors,M. M. Liwschitz,1942,Electrical Engineering,10.1109/EE.1942.6436609,https://ieeexplore.ieee.org/document/6436609/,off-topic-false-hit,"ABOUT 40 papers have been written on the asynchronous torques, synchronous cusps at running, synchronous cusps at standstill (dead points), and noise of the induction motor. The subject has been also treated in some textbooks.∗ My aim is to give a coherent representation of the harmonic problem in induction motors. It is based on the work of my predecessors, on my own work, and on my experience.",ieee,llm,0.990,unreviewed,,doi:10.1109/ee.1942.6436609
discarded,Network reconstruction based on structure energy,Jiajun Yang; Jun Ma; Tongcai Wang,2015,The 27th Chinese Control and Decision Conference (2015 CCDC),10.1109/CCDC.2015.7161707,https://ieeexplore.ieee.org/document/7161707/,off-topic-false-hit,"Fruitful research has been done for network reconstruction by taking sparsity or other similar statistical properties into consideration. By contrast, this paper sought to recover the network structure by means of a hybrid approach combining both sparsity and structure balance from a Bayesian perspective. This paper consider the situation where the state-space model is used to represent the structure information, in which, only a small fraction of input-output data can be obtained compared with the structure parameters to be identified. Both sparsity and structure balance are proposed to be structure potential terms of exponential random graph model(ERGM) in this paper. This paper simplify ERGM prior to make the MAP estimation to be easy enough yet capable of capturing sparsity and structure balance property of networks and the loss function with regulations is obtained. A heuristic relaxed form and a gradient based method are derived. This offer an alternative approach to deal with ERGM as the prior distribution of networks for network reconstruction problems. The effectiveness of the proposed method is demonstrated via simulation. Taken together, ERGM can provide new insights into designing case specific prior distribution of network structure for network reconstruction based on the Bayesian methods.",ieee,llm,0.990,unreviewed,,doi:10.1109/ccdc.2015.7161707
