status,title,authors,year,venue,doi,url,tags,abstract,provider,decision_source,llm_confidence,llm_review_outcome,llm_change_direction,paper_id
discarded,Assessing the Listening Ability Levels of Internet Radio Programs,"Ulusoy, Mustafa",2010,NEW EDUCATIONAL REVIEW,,https://www.webofscience.com/wos/woscc/full-record/WOS:000277350600026,off-topic-false-hit,"The main purpose of this study is to determine the listening ability levels of Internet Radio programs. One hundred and fifty-eight students from Ankara were selected to participate in the research. They were in the sixth, seventh, and eighth grades. Data was gathered using Auditory Cloze Tests (ACTs) and focus group interviews. Error analyses were used to determine the possible strategies students employed while they were filling in the ACT blanks. The analyses of the ACTs revealed that the students of the sixth grade listened to the radio programs at the instructional level. The students of the seventh and eighth grades, on the other hand, listened to the programs at their frustration level. Large percentages of nonsense replacements and small percentages of synonym and semantic replacements indicated that the students could not grasp the meaning and could not find the necessary contextual clues to replace the deleted words. The interview results revealed that the students found the characters' speech too fast, and the programs content overloaded with supporting details, names, and dates.",wos,llm,1.000,unreviewed,,hash:ec89b25089976945
discarded,"Implementation of concept mapping to novices: reasons for errors, a matter of technique or content?","Conradty, Catherine; Bogner, Franz X.",2010,EDUCATIONAL STUDIES,10.1080/03055690903148605,https://www.webofscience.com/wos/woscc/full-record/WOS:000273780300005,off-topic-false-hit,"Concept mapping is discussed as a means to promote meaningful learning and in particular progress in reading comprehension skills. Its increasing implementation necessitates the acquisition of adequate knowledge about frequent errors in order to make available an effective introduction to the new learning method. To analyse causes of errors, 283 A-level sixth graders produced concept maps about two differently complex subject matter lessons, we implemented in a pre-lesson. We defined six types of errors and analysed the distribution and contingency tables in both subject matters. Students in general produced more complex concept maps in the context of the easier subject matter (A) than that of the difficult content (B). Whereas in the former errors simply indicated knowledge gaps, in the latter they often reflected technical misconceptions. The occurrence of a content-dependent technical error in (B) pointed to a cognitive overload, since the more difficult content is hypothesised to cause higher intrinsic load. From this following, concept mapping could provoke an instructional enrichment by additionally revealing specific knowledge gaps.",wos,llm,1.000,unreviewed,,doi:10.1080/03055690903148605
discarded,Analogies and mental simulations in learning for really new products: The role of visual attention,"Feiereisen, Stephanie; Wong, Veronica; Broderick, Amanda J.",2008,JOURNAL OF PRODUCT INNOVATION MANAGEMENT,,https://www.webofscience.com/wos/woscc/full-record/WOS:000259087300006,off-topic-false-hit,"Really new products (RNPs) create new product categories or at least significantly expand existing ones. The development of RNPs is a strategic priority for most companies. However, 40% to 90% of new products fail, often due to consumers' lack of understanding of product features and benefits. Learning strategies, such as analogical learning and mental simulation, can help consumers understand the benefits of RNPs and thus may contribute to the successful development of marketing campaigns. Moreover, the presentation format of marketing communications is likely to influence consumers' understanding of the product. Pictorials have the potential to convey novel information without overloading the decision maker and thus may be a more efficient way to present information about RNPs than words. This paper contributes to a better understanding of consumer information processing in learning for RNPs. Study 1 examined the impact of (1) learning strategies (analogical learning vs. mental simulation) and (2) presentation formats (words vs. pictures) on product comprehension. Study 2 used an eye-tracking experiment to assess how respondents' visual attention patterns may affect product comprehension. Study 1 showed that the use of words in marketing communications for RNPs is generally more effective to enhance product comprehension than the use of pictorials. However, the video glasses were a notable exception as the combination of mental simulation and pictures yielded a high comprehension level for this product. This suggests that the use of pictorials may be appropriate to convey information for products of a more hedonic as opposed to utilitarian nature. Study 2 used a combination of eye-tracking measures and self-reports to help illuminate the cognitive processes at work when consumers learn new product information. The results suggest that an increase in attention to an element of the advert can account for one of two underlying processes: (1) an increase in comprehension; or (2) a difficulty to understand product information which may result in consumer confusion. This study adds evidence to a growing body of literature that demonstrates the power of learning strategies such as mental simulation and analogical learning in preparing consumers for new product acceptance. The use of visual stimuli contributes to the debate on the effectiveness of words versus pictures, seldom applied in a new product development (NPD) context. These findings are integrated into a discussion of the managerial implications and the potential avenues for future research in the area.",wos,llm,1.000,unreviewed,,hash:fd2458a7c40ac793
discarded,Health literacy: an essential skill for the twenty-first century,"Kickbusch, Ilona",2008,HEALTH EDUCATION,10.1108/09654280810855559,https://www.webofscience.com/wos/woscc/full-record/WOS:000211757100001,off-topic-false-hit,"Purpose - The purpose of this paper is to examine the impact of low health literacy and identify how this can have detrimental effects on citizens and their health. It looks at the current overload of information about health in today's society, how that leaves many confused and unsure of the correct advice to follow, and how governments and other decision makers can take steps to address this problem.

Design/methodology/approach - Previous research and statistics have been examined and the author offers ideas on how the situation can be changed.

Findings - The paper notes that a substantial proportion of the thousands of marketing messages each person receives every day concern health and it is a topic about which citizens proactively seek information. This variety of sources and their respective advice can lead to confusion and too much information, which can prevent action being taken. Health literacy is fundamentally important to maintaining a population's health, but levels are often low. The paper concludes that action is needed in three areas: increasing health literacy of citizens, improving communications skills of professionals, and increasing readability of systems. Many can contribute to this goal, but there is a special responsibility for governments, for example in implementing health literacy programmes in schools and special support for people with low health literacy. Citizens must also become more active to build an essential life-skill that provides a building-block for health.

Originality/value - This paper contains new thoughts and conclusions and is of value to a variety of agencies, including government, as well as individuals looking to increase health literacy levels.",wos,llm,1.000,unreviewed,,doi:10.1108/09654280810855559
discarded,Analogies and mental simulations in learning for really new Products: The role of visual attention,S. Feiereisen,2008,Journal of Product Innovation Management,10.1111/j.1540-5885.2008.00324.x,https://www.scopus.com/inward/record.uri?partnerID=HzOxMe3b&scp=51349144797&origin=inward,off-topic-false-hit,"Really new products (RNPs) create new product categories or at least significantly expand existing ones. The development of RNPs is a strategic priority for most companies. However, 40% to 90% of new products fail, often due to consumers' lack of understanding of product features and benefits. Learning strategies, such as analogical learning and mental simulation, can help consumers understand the benefits of RNPs and thus may contribute to the successful development of marketing campaigns. Moreover, the presentation format of marketing communications is likely to influence consumers' understanding of the product. Pictorials have the potential to convey novel information without overloading the decision maker and thus may be a more efficient way to present information about RNPs than words. This paper contributes to a better understanding of consumer information processing in learning for RNPs. Study 1 examined the impact of (1) learning strategies (analogical learning vs. mental simulation) and (2) presentation formats (words vs. pictures) on product comprehension. Study 2 used an eye-tracking experiment to assess how respondents' visual attention patterns may affect product comprehension. Study 1 showed that the use of words in marketing communications for RNPs is generally more effective to enhance product comprehension than the use of pictorials. However, the video glasses were a notable exception as the combination of mental simulation and pictures yielded a high comprehension level for this product. This suggests that the use of pictorials may be appropriate to convey information for products of a more hedonic as opposed to utilitarian nature. Study 2 used a combination of eye-tracking measures and self-reports to help illuminate the cognitive processes at work when consumers learn new product information. The results suggest that an increase in attention to an element of the advert can account for one of two underlying processes: (1) an increase in comprehension; or (2) a difficulty to understand product information which may result in consumer confusion. This study adds evidence to a growing body of literature that demonstrates the power of learning strategies such as mental simulation and analogical learning in preparing consumers for new product acceptance. The use of visual stimuli contributes to the debate on the effectiveness of words versus pictures, seldom applied in a new product development (NPD) context. These findings are integrated into a discussion of the managerial implications and the potential avenues for future research in the area.",scopus,llm,1.000,unreviewed,,doi:10.1111/j.1540-5885.2008.00324.x
discarded,Efficient implementation of fault-tolerant data structures in embedded systems,M. Short,2007,Wseas Transactions on Computers,,https://www.scopus.com/inward/record.uri?partnerID=HzOxMe3b&scp=41849089750&origin=inward,adjacent-subtopic,,scopus,llm,0.930,unreviewed,,hash:a1fec82918a94693
kept,Unified form language,Martin Sandve Alnæs; Anders Logg; Kristian B. Ølgaard; Marie Elisabeth Rognes; Garth N. Wells,2014,ACM Transactions on Mathematical Software,10.1145/2566630,https://openalex.org/W2107979247,supports-claim; library-notation,"We present the Unified Form Language (UFL), which is a domain-specific language for representing weak formulations of partial differential equations with a view to numerical approximation. Features of UFL include support for variational forms and functionals, automatic differentiation of forms and expressions, arbitrary function space hierarchies for multifield problems, general differential operators and flexible tensor algebra. With these features, UFL has been used to effortlessly express finite element methods for complex systems of partial differential equations in near-mathematical notation, resulting in compact, intuitive and readable programs. We present in this work the language and its construction. An implementation of UFL is freely available as an open-source software library. The library generates abstract syntax tree representations of variational problems, which are used by other software libraries to generate concrete low-level implementations. Some application examples are presented and libraries that support UFL are highlighted.",openalex,llm_reviewed,0.910,confirmed,,doi:10.1145/2566630
discarded,"Idris, a general-purpose dependently typed programming language: Design and implementation",Edwin C. Brady,2013,Journal of Functional Programming,10.1017/s095679681300018x,https://openalex.org/W2145108549,adjacent-subtopic,"Abstract Many components of a dependently typed programming language are by now well understood, for example, the underlying type theory, type checking, unification and evaluation. How to combine these components into a realistic and usable high-level language is, however, folklore, discovered anew by successive language implementors. In this paper, I describe the implementation of Idris , a new dependently typed functional programming language. Idris is intended to be a general-purpose programming language and as such provides high-level concepts such as implicit syntax, type classes and do notation. I describe the high-level language and the underlying type theory, and present a tactic-based method for elaborating concrete high-level syntax with implicit arguments and type classes into a fully explicit type theory. Furthermore, I show how this method facilitates the implementation of new high-level language constructs.",openalex,llm,0.980,unreviewed,,doi:10.1017/s095679681300018x
discarded,The promotion and accumulation strategies in transformational programming,Richard S. Bird,1984,ACM Transactions on Programming Languages and Systems,10.1145/1780.1781,https://openalex.org/W1993075518,supports-claim; off-topic-false-hit; transformational programming,"The promotion strategy in transformational programming is a general method for achieving efficiency by exploiting the recursive structure in the dominant term of an algorithmic expression.For it to be carried out successfully, the original problem often has to be generalized by the inclusion of an extra parameter, a technique known as accumulation.These strategies are illustrated by deriving algorithms for two nontrivial problems: (1) determining whether a given digraph is acyclic, and (2) constructing the longest subsequence of a given sequence of vertices that forms a connected path in a given digraph.The derivations also serve to emphasize the usefulness of certain notational devices in applicative expressions, especially infix operators.Not only do such operators enhance the succinctness and readability of expressions, they also allow many transformations to be formulated as algebraic laws about their distributive and other properties.",openalex,llm_reviewed,0.880,changed,kept->discarded,doi:10.1145/1780.1781
discarded,The view from the left,Conor Thomas McBride; James McKinna,2004,Journal of Functional Programming,10.1017/s0956796803004829,https://openalex.org/W2062887328,adjacent-subtopic,"Pattern matching has proved an extremely powerful and durable notion in functional programming. This paper contributes a new programming notation for type theory which elaborates the notion in various ways. First, as is by now quite well-known in the type theory community, definition by pattern matching becomes a more discriminating tool in the presence of dependent types, since it refines the explanation of types as well as values. This becomes all the more true in the presence of the rich class of datatypes known as inductive families (Dybjer, 1991). Secondly, as proposed by Peyton Jones (1997) for Haskell, and independently rediscovered by us, subsidiary case analyses on the results of intermediate computations, which commonly take place on the right-hand side of definitions by pattern matching, should rather be handled on the left. In simply-typed languages, this subsumes the trivial case of Boolean guards; in our setting it becomes yet more powerful. Thirdly, elementary pattern matching decompositions have a well-defined interface given by a dependent type; they correspond to the statement of an induction principle for the datatype. More general, user-definable decompositions may be defined which also have types of the same general form. Elementary pattern matching may therefore be recast in abstract form, with a semantics given by translation. Such abstract decompositions of data generalize Wadler's (1987) notion of ‘view’. The programmer wishing to introduce a new view of a type $\mathit{T}$ , and exploit it directly in pattern matching, may do so via a standard programming idiom. The type theorist, looking through the Curry–Howard lens, may see this as proving a theorem , one which establishes the validity of a new induction principle for $\mathit{T}$ . We develop enough syntax and semantics to account for this high-level style of programming in dependent type theory. We close with the development of a typechecker for the simply-typed lambda calculus, which furnishes a view of raw terms as either being well-typed, or containing an error. The implementation of this view is ipso facto a proof that typechecking is decidable.",openalex,llm,0.970,unreviewed,,doi:10.1017/s0956796803004829
discarded,Towards abstract categorial grammars,Philippe de Groote,2001,,10.3115/1073012.1073045,https://openalex.org/W2148109221,adjacent-subtopic,"We introduce a new categorial formalism based on intuitionistic linear logic. This formalism, which derives from current type-logical grammars, is abstract in the sense that both syntax and semantics are handled by the same set of primitives. As a consequence, the formalism is reversible and provides different computational paradigms that may be freely composed together.",openalex,llm,0.990,unreviewed,,doi:10.3115/1073012.1073045
discarded,The VAL Language: Description and Analysis,James R. McGraw,1982,ACM Transactions on Programming Languages and Systems,10.1145/357153.357157,https://openalex.org/W2062182248,adjacent-subtopic,"VAL is a high-level, function-based language designed for use on data flow computers.A data flow computer has many small processors organized to cooperate in the execution of a single computation.A computation is represented by its data flow graph; each operator in a graph is scheduled for execution on one of the processors after all of its operands' values are known.VAL promotes the identification of concurrency in algorithms and simplifies the mapping into data flow graphs.This paper presents a detailed introduction to VAL and analyzes its usefulness for programming in a highly concurrent environment.VAL provides implicit concurrency (operations that can execute simultaneously are evident without the need for any explicit language notation).The language uses function-and expression-based features that prohibit all side effects, which simplifies translation to graphs.The salient language features are described and illustrated through examples taken from a complete VAL program for adaptive quadrature.Analysis of the language shows that VAL meets the critical needs for a data flow environment.The language encourages programmers to think in terms of general concurrency, enhances readability (due to the absence of side effects), and possesses a structure amenable to verification techniques.However, VAL is still evolving.The language definition needs refining, and more support tools for programmer use need to be developed.Also, some new kinds of optimization problems should be addressed.",openalex,llm,0.980,unreviewed,,doi:10.1145/357153.357157
discarded,Higher-order functions for parsing,Graham Hutton,1992,Journal of Functional Programming,10.1017/s0956796800000411,https://openalex.org/W2166030873,adjacent-subtopic,"Abstract In combinator parsing , the text of parsers resembles BNF notation. We present the basic method, and a number of extensions. We address the special problems presented by white-space, and parsers with separate lexical and syntactic phases. In particular, a combining form for handling the ‘offside rule’ is given. Other extensions to the basic method include an ‘into’ combining form with many useful applications, and a simple means by which combinator parsers can produce more informative error messages.",openalex,llm,0.980,unreviewed,,doi:10.1017/s0956796800000411
discarded,"APL procedures (user defined operators, functions and token strings)",Robert Hodgkinson,1986,,10.1145/22415.22034,https://openalex.org/W4253273119,adjacent-subtopic,"This paper describes some central aspects of an APL implementation on a Hewlett Packard Minicomputer. The development of these ideas led to an elegant, consistent underlying structure for all procedures, where a procedure is defined as a structured sequence of APL expressions, instances of which are niladic functions, ambivalent functions, monadic operators and dyadic operators. Further to this idea, the introduction of two new functions (tokenize and detokenize) and a single hyperoperator (∇) gave rise to the following features;",openalex,llm,0.920,unreviewed,,doi:10.1145/22415.22034
