status,title,authors,year,venue,doi,url,tags,abstract,provider,decision_source,llm_confidence,llm_review_outcome,llm_change_direction,paper_id
discarded,A meta-environment for generating programming environments,Paul Klint,1993,ACM Transactions on Software Engineering and Methodology,10.1145/151257.151260,https://openalex.org/W2154940799,adjacent-subtopic,"Over the last decade, considerable progress has been made in solving the problems of automatic generation of programming/development environments, given a formal definition of some programming or specification language. In most cases, research has focused on the functionality and efficiency of the generated environments, and, of course, these aspects will ultimately determine the acceptance of environment generators. However, only marginal attention has been paid to the development process of formal language definitions itself. Assuming that the quality of automatically generated environments will be satisfactory within a few years, the development costs of formal language definitions will then become the next limiting factor determining ultimate success and acceptance of environment generators. In this paper we describe the design and implementation of a meta-environment (a development environment for formal language definitions) based on the formalism ASF + SDF. This meta-environment is currently being implemented as part of the Centaur system and is, at least partly, obtained by applying environment generation techniques to the language definition formalism itself. A central problem is providing fully interactive editing of modular language definitions such that modifications made to the language definition during editing can be translated immediately to modifications in the programming environment generated from the original language definition. Therefore, some of the issues addressed are the treatment of formalisms with user-definable syntax and incremental program generation techniques.",openalex,llm,0.980,unreviewed,,doi:10.1145/151257.151260
discarded,SecPAL: Design and semantics of a decentralized authorization language,Moritz Y. Becker; Cédric Fournet; Andrew D. Gordon,2010,Journal of Computer Security,10.3233/jcs-2009-0364,https://openalex.org/W2167122335,adjacent-subtopic,"We present a declarative authorization language. Policies and credentials are expressed using predicates defined by logical clauses, in the style of constraint logic programming. Access requests are mapped to logical authorization queries, consisting of predicates and constraints combined by conjun ctions, disjunctions, and negations. Access is granted if the query succeeds against the current database of clauses. Predicates ascribe rights to particular principals, with flexible support for delegation and revocation. At the discretion of the delegator, delegated rights can be further delegated, either to a fixed depth, or arbitrarily deeply. Our language strikes a careful balance between syntactic and semantic simplicity, policy expressiveness, and execution efficiency. The syntax is close to natural language, and the semantics consists of just three deduction rules. The language can express many common policy idioms using constraints, controlled delegation, recursive predicates, and negated queries. We describe an execution strategy based on translation to Datalog with Constraints, and table-based resolution. We show that this execution strategy is sound, complete, and always terminates, despite recursion and negation, as long as simple syntactic conditions are met.",openalex,llm,0.980,unreviewed,,doi:10.3233/jcs-2009-0364
discarded,A standardized catalogue of spectral indices to advance the use of remote sensing in Earth system research,David Montero; César Aybar; Miguel D. Mahecha; Francesco Martinuzzi; Maximilian Söchting; Sebastian Wieneke,2023,Scientific Data,10.1038/s41597-023-02096-0,https://openalex.org/W4362717754,off-topic-false-hit,"Spectral Indices derived from multispectral remote sensing products are extensively used to monitor Earth system dynamics (e.g. vegetation dynamics, water bodies, fire regimes). The rapid increase of proposed spectral indices led to a high demand for catalogues of spectral indices and tools for their computation. However, most of these resources are either closed-source, outdated, unconnected to a catalogue or lacking a common Application Programming Interface (API). Here we present ""Awesome Spectral Indices"" (ASI), a standardized catalogue of spectral indices for Earth system research. ASI provides a comprehensive machine readable catalogue of spectral indices, which is linked to a Python library. ASI delivers a broad set of attributes for each spectral index, including names, formulas, and source references. The catalogue can be extended by the user community, ensuring that ASI remains current and enabling a wider range of scientific applications. Furthermore, the Python library enables the application of the catalogue to real-world data and thereby facilitates the efficient use of remote sensing resources in multiple Earth system domains.",openalex,llm,0.990,unreviewed,,doi:10.1038/s41597-023-02096-0
discarded,A type and scope safe universe of syntaxes with binding: their semantics and proofs,Guillaume Allais; Robert Atkey; James Chapman; Conor Thomas McBride; James McKinna,2018,Proceedings of the ACM on Programming Languages,10.1145/3236785,https://openalex.org/W2884724299,adjacent-subtopic,"Almost every programming language’s syntax includes a notion of binder and corresponding bound occurrences, along with the accompanying notions of α-equivalence, capture avoiding substitution, typing contexts, runtime environments, and so on. In the past, implementing and reasoning about programming languages required careful handling to maintain the correct behaviour of bound variables. Modern programming languages include features that enable constraints like scope safety to be expressed in types. Nevertheless, the programmer is still forced to write the same boilerplate over again for each new implementation of a scope safe operation (e.g., renaming, substitution, desugaring, printing, etc.), and then again for correctness proofs. We present an expressive universe of syntaxes with binding and demonstrate how to (1) implement scope safe traversals once and for all by generic programming; and (2) how to derive properties of these traversals by generic proving. Our universe description, generic traversals and proofs, and our examples have all been formalised in Agda and are available in the accompanying material. NB. we recommend printing the paper in colour to benefit from syntax highlighting in code fragments.",openalex,llm,0.980,unreviewed,,doi:10.1145/3236785
discarded,Decoupling algorithms from schedules for easy optimization of image processing pipelines,Jonathan Ragan‐Kelley; Andrew Adams; Sylvain Paris; Marc Levoy; Saman P. Amarasinghe; Frédo Durand,2012,ACM Transactions on Graphics,10.1145/2185520.2185528,https://openalex.org/W1989988531,adjacent-subtopic,"Using existing programming tools, writing high-performance image processing code requires sacrificing readability, portability, and modularity. We argue that this is a consequence of conflating what computations define the algorithm , with decisions about storage and the order of computation. We refer to these latter two concerns as the schedule , including choices of tiling, fusion, recomputation vs. storage, vectorization, and parallelism. We propose a representation for feed-forward imaging pipelines that separates the algorithm from its schedule, enabling high-performance without sacrificing code clarity. This decoupling simplifies the algorithm specification: images and intermediate buffers become functions over an infinite integer domain, with no explicit storage or boundary conditions. Imaging pipelines are compositions of functions. Programmers separately specify scheduling strategies for the various functions composing the algorithm, which allows them to efficiently explore different optimizations without changing the algorithmic code. We demonstrate the power of this representation by expressing a range of recent image processing applications in an embedded domain specific language called Halide, and compiling them for ARM, x86, and GPUs. Our compiler targets SIMD units, multiple cores, and complex memory hierarchies. We demonstrate that it can handle algorithms such as a camera raw pipeline, the bilateral grid, fast local Laplacian filtering, and image segmentation. The algorithms expressed in our language are both shorter and faster than state-of-the-art implementations.",openalex,llm,0.960,unreviewed,,doi:10.1145/2185520.2185528
discarded,ATMOL: A Domain-Specific Language for Atmospheric Modeling,Robert A. van Engelen,2001,Journal of Computing and Information Technology,10.2498/cit.2001.04.02,https://openalex.org/W2034503224,adjacent-subtopic,"This paper describes the design and implementation of ATMOL: a domain-specific language for the formulation and implementation of atmospheric models. ATMOL was developed in close collaboration with meteorologists at the Royal Netherlands Meteorological Institute (KNMI) to ensure ease of use, concise notation, and the adoptation of common notational conventions. ATMOL’s expressiveness allows the formulation of high-level and low-level model details as language constructs for problem refinement and code synthesis. The atmospheric models specified in ATMOL are translated into efficient numerical codes with CTADEL, a tool for symbolic manipulation and code synthesis.",openalex,llm,0.840,unreviewed,,doi:10.2498/cit.2001.04.02
discarded,Multi-purpose Syntax Definition with SDF3,Luís Eduardo de Souza Amorim; Eelco Visser,2020,Lecture notes in computer science,10.1007/978-3-030-58768-0_1,https://openalex.org/W3084535761,adjacent-subtopic,"Abstract SDF3 is a syntax definition formalism that extends plain context-free grammars with features such as constructor declarations, declarative disambiguation rules, character-level grammars, permissive syntax, layout constraints, formatting templates, placeholder syntax, and modular composition. These features support the multi-purpose interpretation of syntax definitions, including derivation of type schemas for abstract syntax tree representations, scannerless generalized parsing of the full class of context-free grammars, error recovery, layout-sensitive parsing, parenthesization and formatting, and syntactic completion. This paper gives a high level overview of SDF3 by means of examples and provides a guide to the literature for further details.",openalex,llm,0.980,unreviewed,,doi:10.1007/978-3-030-58768-0_1
discarded,Proving pointer programs in higher-order logic,Farhad Mehta; Tobias Nipkow,2005,Information and Computation,10.1016/j.ic.2004.10.007,https://openalex.org/W2011270512,adjacent-subtopic,"Building on the work of Burstall, this paper develops sound modelling and reasoning methods for imperative programs with pointers: heaps are modelled as mappings from addresses to values, and pointer structures are mapped to higher-level data types for verification. The programming language is embedded in higher-order logic. Its Hoare logic is derived. The whole development is purely definitional and thus sound. Apart from some smaller examples, the viability of this approach is demonstrated with a non-trivial case study. We show the correctness of the Schorr-Waite graph marking algorithm and present part of its readable proof in Isabelle/HOL. (c) 2005 Elsevier Inc. All rights reserved.",openalex,llm,0.970,unreviewed,,doi:10.1016/j.ic.2004.10.007
discarded,"Power series, power serious",M. D. McIlroy,1999,Journal of Functional Programming,10.1017/s0956796899003299,https://openalex.org/W2050354778,supports-claim; adjacent-subtopic; uses overloading as technique (Haskell),"Power series and stream processing were made for each other. Stream algorithms for power series are short, sweet, and compositional. Their neatness shines through in Haskell, thanks to pattern-matching, lazy lists, and operator overloading. In a short compass one can build working code from ground zero (scalar operations) up to exact calculation of generating functions and solutions of differential equations.",openalex,llm_reviewed,0.940,changed,kept->discarded,doi:10.1017/s0956796899003299
discarded,Reasonably programmable literal notation,Cyrus Omar; Jonathan Aldrich,2018,Proceedings of the ACM on Programming Languages,10.1145/3236801,https://openalex.org/W2887585579,adjacent-subtopic,"General-purpose programming languages typically define literal notation for only a small number of common data structures, like lists. This is unsatisfying because there are many other data structures for which literal notation might be useful, e.g. finite maps, regular expressions, HTML elements, SQL queries, syntax trees for various languages and chemical structures. There may also be different implementations of each of these data structures behind a common interface that could all benefit from common literal notation. This paper introducestyped literal macros (TLMs), which allow library providers to define new literal notation of nearly arbitrary design at any specified type or parameterized family of types. Compared to existing approaches, TLMs are uniquelyreasonable. TLM clients can reason abstractly, i.e. without examining grammars or generated expansions, about types and binding. The system only needs to convey to clients, via secondary notation, the inferredsegmentationof each literal body, which gives the locations and types of spliced subterms. TLM providers can reason modularly about syntactic ambiguity and expansion correctness according to clear criteria. This paper incorporates TLMs into Reason, an emerging alternative front-end for OCaml, and demonstrates, through several non-trivial case studies, how TLMs integrate with the advanced features of OCaml, including pattern matching and the module system. We also discuss optional integration with MetaOCaml, which allows TLM providers to be more confident about type correctness. Finally, we establish these abstract reasoning principles formally with a detailed type-theoretic account of expression and pattern TLMs for “core ML”.",openalex,llm,0.940,unreviewed,,doi:10.1145/3236801
discarded,A system of constructor classes: overloading and implicit higher-order polymorphism,Mark P. Jones,1995,Journal of Functional Programming,10.1017/s0956796800001210,https://openalex.org/W2120348241,adjacent-subtopic,"Abstract This paper describes a flexible type system that combines overloading and higher-order polymorphism in an implicitly typed language using a system of constructor classes —a natural generalization of type classes in Haskell. We present a range of examples to demonstrate the usefulness of such a system. In particular, we show how constructor classes can be used to support the use of monads in a functional language. The underlying type system permits higher-order polymorphism but retains many of the attractive features that have made Hindley/Milner type systems so popular. In particular, there is an effective algorithm that can be used to calculate principal types without the need for explicit type or kind annotations. A prototype implementation has been developed providing, amongst other things, the first concrete implementation of monad comprehensions known to us at the time of writing.",openalex,llm,0.960,unreviewed,,doi:10.1017/s0956796800001210
kept,Formal Constraints on Memory Management for Composite Overloaded Operations,Damian W. I. Rouson; Xiaofeng Xu; Karla Morris,2006,Scientific Programming,10.1155/2006/731428,https://openalex.org/W2169713729,supports-claim; library-notation,"The memory management rules for abstract data type calculus presented by Rouson, Morris & Xu [15] are recast as formal statements in the Object Constraint Language (OCL) and applied to the design of a thermal energy equation solver. One set of constraints eliminates memory leaks observed in composite overloaded expressions with three current Fortran 95/2003 compilers. A second set of constraints ensures economical memory recycling. The constraints are preconditions, postconditions and invariants on overloaded operators and the objects they receive and return. It is demonstrated that systematic run‐time assertion checking inspired by the formal constraints facilitated the pinpointing of an exceptionally hard‐to‐reproduce compiler bug. It is further demonstrated that the interplay between OCL′s modeling capabilities and Fortran′s programming capabilities led to a conceptual breakthrough that greatly improved the readability of our code by facilitating operator overloading. The advantages and disadvantages of our memory management rules are discussed in light of other published solutions [11,19]. Finally, it is demonstrated that the run‐time assertion checking has a negligible impact on performance.",openalex,llm_reviewed,0.990,confirmed,,doi:10.1155/2006/731428
discarded,Extensible Programming for the 21st Century,Greg Wilson,2004,Queue,10.1145/1039511.1039534,https://openalex.org/W1979379492,adjacent-subtopic,"In his keynote address at OOPSLA ’98, Sun Microsystems Fellow Guy L. Steele Jr. said, “From now on, a main goal in designing a language should be to plan for growth.” Functions, user-defined types, operator overloading, and generics (such as C++ templates) are no longer enough: tomorrow’s languages must allow programmers to add entirely new kinds of information to programs, and control how it is processed. This article argues that next-generation programming systems can accomplish this by combining three specific technologies.",openalex,llm,0.910,unreviewed,,doi:10.1145/1039511.1039534
discarded,Demystifying differentiable programming: shift/reset the penultimate backpropagator,Fei Wang; Daniel Zheng; James Decker; Xilun Wu; Grégory M. Essertel; Tiark Rompf,2019,Proceedings of the ACM on Programming Languages,10.1145/3341700,https://openalex.org/W2966177220,adjacent-subtopic,"Deep learning has seen tremendous success over the past decade in computer vision, machine translation, and gameplay. This success rests crucially on gradient-descent optimization and the ability to “learn” parameters of a neural network by backpropagating observed errors. However, neural network architectures are growing increasingly sophisticated and diverse, which motivates an emerging quest for even more general forms of differentiable programming, where arbitrary parameterized computations can be trained by gradient descent. In this paper, we take a fresh look at automatic differentiation (AD) techniques, and especially aim to demystify the reverse-mode form of AD that generalizes backpropagation in neural networks. We uncover a tight connection between reverse-mode AD and delimited continuations, which permits implementing reverse-mode AD purely via operator overloading and without managing any auxiliary data structures. We further show how this formulation of AD can be fruitfully combined with multi-stage programming (staging), leading to an efficient implementation that combines the performance benefits of deep learning frameworks based on explicit reified computation graphs (e.g., TensorFlow) with the expressiveness of pure library approaches (e.g., PyTorch).",openalex,llm,0.990,unreviewed,,doi:10.1145/3341700
discarded,"LinearOperator—A generic, high-level expression syntax for linear algebra",Matthias Maier; Mauro Bardelloni; Luca Heltai,2016,Computers & Mathematics with Applications,10.1016/j.camwa.2016.04.024,https://openalex.org/W2402646098,adjacent-subtopic,"We introduce an expression syntax for the evaluation of matrix matrix, matrix vector and vector vector operations. The implementation is similar to the well-known general concept of expression templates as used, for example, in the C++ linear-algebra libraries Eigen and Blaze. The novelty of the approach that is discussed here lies in the use of new C++11 features like lambda expressions and std : : function objects that avoid the majority of the implementational complexity that usually comes with a pure template solution.

A concrete implementation of the expression syntax has been developed within the framework of the finite-element library deal. II, but it is fairly generic: the LinearOperat or implementation only requires a minimal vector and matrix interface, that all of deal. II's concrete vector and matrix types adhere to. This makes the interface fully transparent with respect to the concrete implementation, in particular to the storage strategy (full matrix, sparse structure), and memory strategy (local, shared, distributed).

The paper concludes with a number of performance comparisons and examples that demonstrate that the framework results in efficient, short and concise code. The performance comparisons show that the overhead introduced by std : : function objects is negligible for moderately sized matrices, even when compared to native expression template implementations. (C) 2016 Elsevier Ltd. All rights reserved.",openalex,llm,0.820,unreviewed,,doi:10.1016/j.camwa.2016.04.024
