status,title,authors,year,venue,doi,url,tags,abstract,provider,decision_source,llm_confidence,llm_review_outcome,llm_change_direction,paper_id
discarded,Resolving MISS conceptions and misconceptions: A geological approach to sedimentary surface textures generated by microbial and abiotic processes,Neil S. Davies; Alexander Liu; Martin R. Gibling; Randall F. Miller,2016,Earth-Science Reviews,10.1016/j.earscirev.2016.01.005,https://openalex.org/W2402350182,off-topic-false-hit,"The rock record contains a rich variety of sedimentary surface textures on siliciclastic sandstone, siltstone and mudstone bedding planes. In recent years, an increasing number of these textures have been attributed to surficial microbial mats at the time of deposition, resulting in their classification as microbially induced sedimentary structures, or MISS. Research into MISS has developed at a rapid rate, resulting in a number of misconceptions in the literature. Here, we attempt to rectify these MISS misunderstandings. The first part of this paper surveys the stratigraphic and environmental range of reported MISS, revealing that contrary to popular belief there are more reported MISS-bearing rock units of Phanerozoic than Precambrian age. Furthermore, MISS exhibit a pan-environmental and almost continuous record since the Archean. Claims for the stratigraphic restriction of MISS to intervals prior to the evolution of grazing organisms or after mass extinction events, as well as claims for the environmental restriction of MISS, appear to result from sampling bias. In the second part of the paper we suggest that raised awareness of MISS has come at the cost of a decreasing appreciation of abiotic processes that may create morphologically similar features. By introducing the umbrella term ‘sedimentary surface textures’, of which MISS are one subset, we suggest a practical methodology for classifying such structures in the geological record. We illustrate how elucidating the formative mechanisms of ancient sedimentary surface textures usually requires consideration of a suite of sedimentological evidence from surrounding strata. Resultant interpretations, microbial or non-microbial, should be couched within a reasonable degree of uncertainty. This approach recognizes that morphological similarity alone does not constitute scientific proof of a common origin, and reinstates a passive descriptive terminology for sedimentary surface textures that cannot be achieved with the current MISS lexicon. It is hoped that this new terminology will reduce the number of overly sensational and misleading claims of MISS occurrence, and permit the means to practically separate initial observation from interpretation. Furthermore, this methodology offers a scientific approach that appreciates the low likelihood of conclusively identifying microbial structures from visual appearance alone, informing the search for true MISS in Earth's geological record and potentially on other planetary bodies such as Mars.",openalex,llm,1.000,unreviewed,,doi:10.1016/j.earscirev.2016.01.005
discarded,2016 ESC Guidelines for the management of atrial fibrillation developed in collaboration with EACTS,Paulus F. Kirchhof; Stefano Benussi; Dipak Kotecha; Anders Ahlsson; Dan Atar; Barbara Casadei; Manuel Castellà; Hans‐Christoph Diener; Hein Heidbüchel; Jeroen Hendriks; Gerhard Hindricks; Antonis S. Manolis; Jonas Oldgren; Bogdan Alexandru Popescu; Ulrich Schotten; Bart Van Putte; Panagiotis E. Vardas; Stefan Agewall; A. John Camm; Gonzalo Barón‐Esquivias; Werner Budts; Scipione Carerj; Filip P A Casselman; António Coca; Raffaele De Caterina; Spiridon Deftereos; Dobromir Dobrev; José Manuel Ferro; Gerasimos S Filippatos; Donna Fitzsimons; Bülent Görenek; Maxine Guenoun; Stefan Hans Hohnloser; Philippe H. Kolh; Gregory Y.H. Lip; Athanasios John Manolis; John J.V. McMurray; Piotr P. Ponikowski; Raphaël Rosenhek; Frank Thomas Ruschitzka; Irina Savelieva; Sanjay Sharma; Piotr Suwalski; Juan Luis Tamargo; Clare J Taylor; Isabelle C. Van Gelder; Adriaan A. Voors; Stephan Windecker; José Luis Zamorano; Katja Zeppenfeld,2016,EP Europace,10.1093/europace/euw295,https://openalex.org/W2509795914,off-topic-false-hit,"While the University of Birmingham exercises care and attention in making items available there are rare occasions when an item has been uploaded in error or has been deemed to be commercially or otherwise sensitive.If you believe that this is the case for this document, please contact UBIRA@lists.",openalex,llm,1.000,unreviewed,,doi:10.1093/europace/euw295
discarded,Fourth universal definition of myocardial infarction (2018),Kristian A. Thygesen; Joseph S. Alpert; Allan S. Jaffe; BERNARD R. CHAITMAN; Jeroen J. Bax; David A. Morrow; Harvey Douglas White; ESC Scientific Document Group; Kristian Thygesen; Joseph S Alpert; Allan S Jaffe; Bernard R Chaitman; Jeroen J Bax; David A Morrow; Harvey D White; Hans Mickley; Filippo Crea; Frans Van de Werf; Chiara Bucciarelli‐Ducci; Hugo A Katus; Fausto J Pinto; Elliott M Antman; Christian W Hamm; Raffaele De Caterina; James L Januzzi; Fred S Apple; Maria Angeles Alonso Garcia; S Richard Underwood; John M Canty; Alexander R Lyon; P J Devereaux; Jose Luis Zamorano; Bertil Lindahl; William S Weintraub; L Kristin Newby; Renu Virmani; Pascal Vranckx; Don Cutlip; Raymond J. Gibbons; Sidney C Smith; Dan Atar; Russell V Luepker; Rose Marie Robertson; Robert O Bonow; Philippe Gabríel Steg; Patrick T O’Gara; Keith A A Fox; David Hasdai; Victor Aboyans; Stephan Achenbach; Stefan Agewall; Thomas Alexander; Álvaro Avezum; Emanuele Barbato; Jean-Pierre Bassand; Eric Bates; John A Bittl; Güenter Breithardt; Héctor Bueno; Raffaele Bugiardini; Mauricio G Cohen; George Dangas; James A de Lemos; Victoria Delgado; Gerasimos Filippatos; Edward Fry; Christopher Bull Granger; Sigrun Halvorsen; Mark A Hlatky; Borja Ibáñez; Stefan James; Adnan Kastrati; Christophe Leclercq; Kenneth W Mahaffey; Laxmi S. Mehta; Christian Müller; Carlo Patrono; Massimo Francesco Piepoli; Daniel Piñeiro; Marco Roffi; Andrea Rubboli; Samin Sharma; Iain A Simpson; Michał Tendera; Marco Valgimigli; Allard C. van der Wal; Stephan Windecker; Mohamed Chettibi; Hamlet Hayrapetyan; Franz Xaver Roithinger; Farid Aliyev; Volha Sujayeva; Marc J Claeys; Elnur Smajić; Petr Kala; Kasper Karmak Iversen; Ehab El Hefny; Toomas Marandi; Pekka Porela; Slobodan Antov,2018,European Heart Journal,10.1093/eurheartj/ehy462,https://openalex.org/W2888543854,off-topic-false-hit,"... ... ... ... In the late 19th century, post-mortem examinations demonstrated a possible relationship between thrombotic occlusion of a coronary artery and myocardial infarction (MI).1 However, it was not until the beginning of the 20th century that the first clinical descriptions appeared describing a connection between the formation of a thrombus in a coronary artery and its associated clinical features.2 , 3 Despite these landmark observations, considerable time elapsed before general clinical acceptance of this entity was achieved, in part due to one autopsy study that showed no thrombi in the coronary arteries of 31% of deceased patients with an MI.4 The clinical entity was referred to as coronary thrombosis, although use of the term ‘MI’ ultimately prevailed. Over the years, several different definitions of MI have been used, leading to controversy and confusion. Hence, a general and worldwide definition for MI was needed. This occurred for the first time in the 1950–70s, when working groups from the World Health Organization (WHO) established a primarily electrocardiographic (ECG)-based definition of MI intended for epidemiological use.5 The original description, with minor modifications, is still used in epidemiological surveys (Figure 1).6–8",openalex,llm,1.000,unreviewed,,doi:10.1093/eurheartj/ehy462
discarded,Insulin resistance–associated hepatic iron overload,Michel-Henry Mendler; Bruno Turlin; Romain Moirand; Anne‐Marie Jouanolle; Thierry Sapey; Dominique Guyader; Jean‐Yves Le Gall; Pierre Brissot; Véronique David; Yves Deugnier,1999,Gastroenterology,10.1016/s0016-5085(99)70401-4,https://openalex.org/W2056780690,off-topic-false-hit,"Background & Aims: Hepatic iron overload has been reported in various metabolic conditions, including the insulin-resistance syndrome (IRS) and nonalcoholic steatohepatitis (NASH). The aim of this study was to show that such hepatic iron overload is part of a unique and unrecognized entity. Methods: A total of 161 non-C282Y-homozygous patients with unexplained hepatic iron overload were included. We determined the age; sex; presence of IRS (1 or more of the following: body mass index of >25, diabetes, or hyperlipidemia); serum iron tests and liver iron concentration (LIC; reference value, <36 mu mol/g); liver function test results; C282Y and H63D HFE mutations; and liver histological status. Results: Patients were predominantly male and middle-aged. Most (94%) had IRS. Transferrin saturation was increased in 35% (median, 42%; range, 13%-94%). LIC ranged from 38 to 332 mu mol/g (median, 90 mu mol/g), and LIC/age ratio ranged from 0.5 to 4.8 (median, 1.8). Allelic frequencies of both HFE mutations were significantly increased compared with values in normal controls (C282Y, 20% vs. 9%; H63D, 30% vs. 17%), only because of a higher prevalence of compound heterozygotes. Patients with no HFE mutations had similar degrees of iron overload as those with other genotypes, except for compound heterozygotes, who had slightly more iron burden. Steatosis was present in 25% of patients and NASH in 27%. Portal fibrosis (grades 0-3) was present in 62% of patients (grade 2 or 3 in 12%) in association with steatosis, inflammation, and increased age. Sex ratio, IRS, transferrin saturation, and LIC did not vary with liver damage. Serum ferritin concentration, liver function test results, and fibrosis grade were more elevated in patients with steatosis and NASH than in others, but LIC and allelic frequencies of HFE mutations were similar. Conclusions: This study shows that patients with unexplained hepatic iron overload are characterized by a mild to moderate iron burden and the nearly constant association of an IRS irrespective of liver damage.",openalex,llm,1.000,unreviewed,,doi:10.1016/s0016-5085(99)70401-4
discarded,How language production shapes language form and comprehension,Maryellen C. MacDonald,2013,Frontiers in Psychology,10.3389/fpsyg.2013.00226,https://openalex.org/W2105292255,off-topic-false-hit,"Language production processes can provide insight into how language comprehension works and language typology-why languages tend to have certain characteristics more often than others. Drawing on work in memory retrieval, motor planning, and serial order in action planning, the Production-Distribution-Comprehension (PDC) account links work in the fields of language production, typology, and comprehension: (1) faced with substantial computational burdens of planning and producing utterances, language producers implicitly follow three biases in utterance planning that promote word order choices that reduce these burdens, thereby improving production fluency. (2) These choices, repeated over many utterances and individuals, shape the distributions of utterance forms in language. The claim that language form stems in large degree from producers' attempts to mitigate utterance planning difficulty is contrasted with alternative accounts in which form is driven by language use more broadly, language acquisition processes, or producers' attempts to create language forms that are easily understood by comprehenders. (3) Language perceivers implicitly learn the statistical regularities in their linguistic input, and they use this prior experience to guide comprehension of subsequent language. In particular, they learn to predict the sequential structure of linguistic signals, based on the statistics of previously-encountered input. Thus, key aspects of comprehension behavior are tied to lexico-syntactic statistics in the language, which in turn derive from utterance planning biases promoting production of comparatively easy utterance forms over more difficult ones. This approach contrasts with classic theories in which comprehension behaviors are attributed to innate design features of the language comprehension system and associated working memory. The PDC instead links basic features of comprehension to a different source: production processes that shape language form.",openalex,llm,0.980,unreviewed,,doi:10.3389/fpsyg.2013.00226
discarded,Managerial information overload,Ali F. Farhoomand; Donald H. Drury,2002,Communications of the ACM,10.1145/570907.570909,https://openalex.org/W1994619009,off-topic-false-hit,"Overwhelmed by the organizational imperative to collect every kind of information available, and finding technical solutions generally miss the point, knowledge workers need to improve their personal capacity for inquiry.",openalex,llm,0.980,unreviewed,,doi:10.1145/570907.570909
discarded,Price Competition with Consumer Confusion,Ioana Chioveanu; Jidong Zhou,2013,Management Science,10.1287/mnsc.2013.1716,https://openalex.org/W2133680423,off-topic-false-hit,"This paper proposes a model in which identical sellers of a homogeneous product compete in both prices and price frames (i.e., ways to present price information). Frame choices affect the comparability of price offers and may cause consumer confusion and lower price sensitivity. In equilibrium, firms randomize their frame choices to obfuscate price comparisons and sustain positive profits. The nature of the equilibrium depends on whether frame differentiation or frame complexity is more confusing. Moreover, an increase in the number of competitors induces firms to rely more on frame complexity, and this may boost industry profits and lower consumer surplus. This paper was accepted by J. Miguel Villas-Boas, marketing.",openalex,llm,0.990,unreviewed,,doi:10.1287/mnsc.2013.1716
discarded,"How can humans understand their automated cars? HMI principles, problems and solutions",Oliver Carsten; Marieke Martens,2018,Cognition Technology & Work,10.1007/s10111-018-0484-0,https://openalex.org/W2799403119,off-topic-false-hit,"As long as vehicles do not provide full automation, the design and function of the Human Machine Interface (HMI) is crucial for ensuring that the human “driver” and the vehicle-based automated systems collaborate in a safe manner. When the driver is decoupled from active control, the design of the HMI becomes even more critical. Without mutual understanding, the two agents (human and vehicle) will fail to accurately comprehend each other’s intentions and actions. This paper proposes a set of design principles for in-vehicle HMI and reviews some current HMI designs in the light of those principles. We argue that in many respects, the current designs fall short of best practice and have the potential to confuse the driver. This can lead to a mismatch between the operation of the automation in the light of the current external situation and the driver’s awareness of how well the automation is currently handling that situation. A model to illustrate how the various principles are interrelated is proposed. Finally, recommendations are made on how, building on each principle, HMI design solutions can be adopted to address these challenges.",openalex,llm,0.980,unreviewed,,doi:10.1007/s10111-018-0484-0
discarded,Working memory and updating processes in reading comprehension,Paola Palladino; Cesare Cornoldi; Rossana De Béni; Francesca Pazzaglia,2001,Memory & Cognition,10.3758/bf03194929,https://openalex.org/W1983577160,off-topic-false-hit,"In this study, we examine the relation between reading comprehension ability and success in working memory updating tasks. Groups of poor and good comprehenders, matched for logical reasoning ability, but different in reading comprehension ability, were administered various updating tasks in a series of experiments. In the first experiment, the participants were presented with lists of words, the length of which (4-10 words) was unknown beforehand, and were required to remember the last 4 words in each series. In this task, we found a decrease in performance that was related to longer series and poor reading ability. In the second experiment, we presented lists of nouns referring to items of different sizes, in a task that simulated the selection and updating of relevant information that occurs in the on-line comprehension process. The participants were required to remember a limited, predefined number of the smallest items presented. We found that poor comprehenders not only had a poorer memory, but also made a greater number of intrusion errors. In the third and fourth experiments, memory load (number of items to be selected) and suppression request (number of potentially relevant items) were manipulated within subjects. Increases in both memory load and suppression requests impaired performance. Furthermore, we found that poor comprehenders produced a greater number of intrusion errors, particularly when the suppression request was increased. Finally, in a fifth experiment, a request to specify the size of presented items was introduced. Poor comprehenders were able to select the appropriate items, although their recall was poorer. Altogether, the data show that working memory abilities, based on selecting and updating relevant information and avoiding intrusion errors, are related to reading comprehension.",openalex,llm,0.980,unreviewed,,doi:10.3758/bf03194929
discarded,Intrusion errors in working memory tasks,Rossana De Béni; Paola Palladino,2000,Learning and Individual Differences,10.1016/s1041-6080(01)00033-4,https://openalex.org/W1981283284,off-topic-false-hit,"The purpose of the present research was to investigate whether inefficient suppression mechanisms cause overload and interference in working memory and, consequently, influence reading comprehension. Two groups of children, matched for intelligence but differing in inferential comprehension ability, were compared on measures of short-term (passive storage) and working memory (maintenance and processing) and memory for relevant and irrelevant information after reading a passage. Poor comprehenders produced more intrusion errors in a working memory task and recalled more irrelevant information from the passage. The presence of irrelevant information in recall suggests that poor comprehenders are less efficient in reducing the activation (suppression) of information, which is no longer relevant. A year-long longitudinal study was conducted to investigate the influence of suppression efficiency in reading comprehension. Intrusion errors were shown to be a good predictor of comprehension performance 1 year later. Suppression mechanisms seem to play an important role in working memory by reducing interference and improving the processing and maintenance of relevant information in order to build a coherent representation during reading comprehension. (C) 2001 Elsevier Science Inc. All rights reserved.",openalex,llm,0.980,unreviewed,,doi:10.1016/s1041-6080(01)00033-4
discarded,"What Is the Heart? Anatomy, Function, Pathophysiology, and Misconceptions",Gerald D. Buckberg; Navin C. Nanda; Christopher Nguyen; Mladen J. Kočica,2018,Journal of Cardiovascular Development and Disease,10.3390/jcdd5020033,https://openalex.org/W2805813608,off-topic-false-hit,"Cardiac dynamics are traditionally linked to a left ventricle, right ventricle, and septum morphology, a topography that differs from the heart's five-century-old anatomic description of containing a helix and circumferential wrap architectural configuration. Torrent Guasp's helical ventricular myocardial band (HVMB) defines this anatomy and its structure, and explains why the heart's six dynamic actions of narrowing, shortening, lengthening, widening, twisting, and uncoiling happen. The described structural findings will raise questions about deductions guiding ""accepted cardiac mechanics"", and their functional aspects will challenge and overturn them. These suppositions include the LV, RV, and septum description, timing of mitral valve opening, isovolumic relaxation period, reasons for torsion/twisting, untwisting, reasons for longitudinal and circumferential strain, echocardiographic sub segmentation, resynchronization, RV function dynamics, diastolic dysfunction's cause, and unrecognized septum impairment. Torrent Guasp's revolutionary contributions may alter future understanding of the diagnosis and treatment of cardiac disease.",openalex,llm,1.000,unreviewed,,doi:10.3390/jcdd5020033
discarded,"WACC: Definition, Misconceptions and Errors",Pablo Daniel Fernandez,2011,SSRN Electronic Journal,10.2139/ssrn.1620871,https://openalex.org/W3124419687,off-topic-false-hit,,openalex,llm,0.990,unreviewed,,doi:10.2139/ssrn.1620871
