status,title,authors,year,venue,doi,url,tags,abstract,provider,decision_source,llm_confidence,llm_review_outcome,llm_change_direction,paper_id
discarded,"GALILEO: a strongly-typed, interactive conceptual language",Antonio Albano; Luca Cardelli; Renzo Orsini,1985,ACM Transactions on Database Systems,10.1145/3857.3859,https://openalex.org/W2089042876,adjacent-subtopic,"Galileo, a programming language for database applications, is presented. Galileo is a strongly-typed, interactive programming language designed specifically to support semantic data model features (classification, aggregation, and specialization), as well as the abstraction mechanisms of modern programming languages (types, abstract types, and modularization). The main contributions of Galileo are (a) a flexible type system to model database structure and semantic integrity constraints; (b) the inclusion of type hierarchies to support the specialization abstraction mechanisms of semantic data models; (c) a modularization mechanism to structure data and operations into interrelated units (d) the integration of abstraction mechanisms into an expression-based language that allows interactive use of the database without resorting to a new stand-alone query language. Galileo will be used in the immediate future as a tool for database design and, in the long term, as a high-level interface for DBMSs.",openalex,llm,0.980,unreviewed,,doi:10.1145/3857.3859
discarded,Computing in Operations Research Using Julia,Miles Lubin; Iain Dunning,2015,INFORMS journal on computing,10.1287/ijoc.2014.0623,https://openalex.org/W2105198154,adjacent-subtopic,"The state of numerical computing is currently characterized by a divide between highly efficient yet typically cumbersome low-level languages such as C, C++, and Fortran and highly expressive yet typically slow high-level languages such as Python and MATLAB. This paper explores how Julia, a modern programming language for numerical computing that claims to bridge this divide by incorporating recent advances in language and compiler design (such as just-in-time compilation), can be used for implementing software and algorithms fundamental to the field of operations research, with a focus on mathematical optimization. In particular, we demonstrate algebraic modeling for linear and nonlinear optimization and a partial implementation of a practical simplex code. Extensive cross-language benchmarks suggest that Julia is capable of obtaining state-of-the-art performance. Data, as supplemental material, are available at http://dx.doi.org/10.1287/ijoc.2014.0623 .",openalex,llm,0.870,unreviewed,,doi:10.1287/ijoc.2014.0623
discarded,Using category theory to design implicit conversions and generic operators,John Reynolds,1980,Lecture notes in computer science,10.1007/3-540-10250-7_24,https://openalex.org/W1519382205,adjacent-subtopic,,openalex,llm,0.830,unreviewed,,doi:10.1007/3-540-10250-7_24
discarded,RcppArmadillo: Accelerating R with high-performance C++ linear algebra,Dirk Eddelbuettel; Conrad Sanderson,2013,Computational Statistics & Data Analysis,10.1016/j.csda.2013.02.005,https://openalex.org/W2106201557,adjacent-subtopic,"The R statistical environment and language has demonstrated particular strengths for interactive development of statistical algorithms, as well as data modelling and visualisation. Its current implementation has an interpreter at its core which may result in a performance penalty in comparison to directly executing user algorithms in the native machine code of the host CPU. In contrast, the C++ language has no built-in visualisation capabilities, handling of linear algebra or even basic statistical algorithms; however, user programs are converted to high-performance machine code, ahead of execution. A new method avoids possible speed penalties in R by using the Rcpp extension package in conjunction with the Armadillo C++ matrix library. In addition to the inherent performance advantages of compiled code, Armadillo provides an easy-to-use template-based meta-programming framework, allowing the automatic pooling of several linear algebra operations into one, which in turn can lead to further speedups. With the aid of Rcpp and Armadillo, conversion of linear algebra centred algorithms from R to C++ becomes straightforward. The algorithms retain the overall structure as well as readability, all while maintaining a bidirectional link with the host R environment. Empirical timing comparisons of R and C++ implementations of a Kalman filtering algorithm indicate a speedup of several orders of magnitude. (C) 2013 Elsevier B.V. All rights reserved.",openalex,llm,0.850,unreviewed,,doi:10.1016/j.csda.2013.02.005
discarded,LEMON – an Open Source C++ Graph Template Library,Balázs Dezső; Alpár Jüttner; Péter Kovács,2011,Electronic Notes in Theoretical Computer Science,10.1016/j.entcs.2011.06.003,https://openalex.org/W2002792327,adjacent-subtopic,"This paper introduces LEMON, a generic open source C++ library providing easy-to-use and efficient implementations of graph and network algorithms and related data structures. The basic design concepts, features, and performance of LEMON are compared with similar software packages, namely BGL (Boost Graph Library) and LEDA. LEMON turned out to be a viable alternative to these widely used libraries, and our benchmarks show that it typically outperforms them in efficiency.",openalex,llm,0.980,unreviewed,,doi:10.1016/j.entcs.2011.06.003
discarded,PCSIM: A Parallel Simulation Environment for Neural Circuits Fully Integrated with Python,Dejan Pecevski,2009,Frontiers in Neuroinformatics,10.3389/neuro.11.011.2009,https://openalex.org/W2011642956,adjacent-subtopic,"The Parallel Circuit SIMulator (PCSIM) is a software package for simulation of neural circuits. It is primarily designed for distributed simulation of large scale networks of spiking point neurons. Although its computational core is written in C++, PCSIM's primary interface is implemented in the Python programming language, which is a powerful programming environment and allows the user to easily integrate the neural circuit simulator with data analysis and visualization tools to manage the full neural modeling life cycle. The main focus of this paper is to describe PCSIM's full integration into Python and the benefits thereof. In particular we will investigate how the automatically generated bidirectional interface and PCSIM's object-oriented modular framework enable the user to adopt a hybrid modeling approach: using and extending PCSIM's functionality either employing pure Python or C++ and thus combining the advantages of both worlds. Furthermore, we describe several supplementary PCSIM packages written in pure Python and tailored towards setting up and analyzing neural simulations.",openalex,llm,0.970,unreviewed,,doi:10.3389/neuro.11.011.2009
discarded,Getting Started with ADOL-C,Andrea Walther; Andreas Griewank,2012,Chapman & Hall/CRC computational science series/Chapman & Hall/CRC computational science,10.1201/b11644-8,https://openalex.org/W1448623749,adjacent-subtopic,"Heuristics . . . . . . . . . . . . . . . . . . . . . . . . . . . . . . . . . . . . . 116 4.4 Computational Results in PDE-Constrained Optimization . . . . . . . . . . . . . . . . . . . . . . . . . . . . . . . . . . . . . . . . . . . . . . . . . . . . . . . . . . . . . 118 4.5 Conclusions . . . . . . . . . . . . . . . . . . . . . . . . . . . . . . . . . . . . . . . . . . . . . . . . . . . . . . . 120 Bibliography . . . . . . . . . . . . . . . . . . . . . . . . . . . . . . . . . . . . . . . . . . . . . . . . . . . . . . 121 The availability of large-scale computing platforms comprising of tens of thousands of multicore processors motivates the need for the next generation of highly scalable sparse linear system solvers. These solvers must optimize parallel performance, processor (serial) performance, as well as memory requirements, while being robust across broad classes of applications and systems. In this chapter, we present a hybrid parallel solver that combines the desirable characteristics of direct methods (robustness) and effective iterative solvers (low computational cost), while alleviating their drawbacks (memory requirements, lack of robustness). The hybrid solver is based on the general sparse direct solver PARDISO [1], and a class of Spike factorization [2, 3, 4, 5, 6, 7, 8, 9, 10, 11] solvers. The resulting algorithm, called PSPIKE, is as robust as direct solvers, more reliable than classical preconditioned Krylov-subspace methods, and much more scalable than direct sparse solvers. We discuss several combinatorial problems that arise in the design of this hybrid solver, present algorithms to solve these combinatorial problems, and demonstrate their impact on a large-scale three-dimensional PDE-constrained optimization problem.",openalex,llm,0.930,unreviewed,,doi:10.1201/b11644-8
discarded,Proceedings of the 15th Python in Science Conference,,2016,Proceedings of the Python in Science Conferences,10.25080/majora-629e541a-014,https://openalex.org/W4302317665,off-topic-false-hit,"A topic of interest in experimental psychology and cognitive neuroscience is to understand how humans make decisions. A common approach involves using computational models to represent the decision making process, and use the model parameters to analyze brain imaging data. These computational models are based on the Reinforcement Learning (RL) paradigm, where an agent learns to make decisions based on the difference between what it expects and what it gets each time it interacts with the environment. In the typical experimental setup, subjects are presented with a set of options, each one associated to different numerical rewards. The task for each subject is to learn, by taking a series of sequential actions, which option maximizes their total reward. The sequence of actions made by the subject and the obtained rewards are used to fit a parametric RL model. The model is fit by maximizing the likelihood of the parameters given the experiment data. In this work we present a Python implementation of this model fitting procedure. We extend the implementation to fit a model of the experimental setup known as the ""contextual bandit"", where the probabilities of the outcome change from trial to trial depending on a predictive cue. We also developed an artificial agent that can simulate the behavior of a human making decisions under the RL paradigm. We use this artificial agent to validate the model fitting by comparing the parameters estimated from the data with the known agent parameters. We also present the results of a model fitted with experimental data. We use the standard scientific Python stack (NumPy/SciPy) to compute the likelihood function and to find its maximum. The code organization allows to easily change the RL model. We also use the Seaborn library to create a visualization with the behavior of all the subjects. The simulation results validate the correctness of the implementation. The experimental results shows the usefulness and simplicity of the program when working with experimental data. The source code of the program is available at https://github.com/aweinstein/FHDMM.",openalex,llm,0.960,unreviewed,,doi:10.25080/majora-629e541a-014
discarded,"The deal.II finite element library: Design, features, and insights",Daniel Arndt; Wolfgang Bangerth; Denis V. Davydov; Timo Heister; Luca Heltai; Martin Kronbichler; Matthias Maier; Jean‐Paul Pelteret; Bruno Turcksin; David Wells,2020,Computers & Mathematics with Applications,10.1016/j.camwa.2020.02.022,https://openalex.org/W3000936750,adjacent-subtopic,"Abstract deal.II is a state-of-the-art finite element library focused on generality, dimension-independent programming, parallelism, and extensibility. Herein, we outline its primary design considerations and its sophisticated features such as distributed meshes, h p -adaptivity, support for complex geometries, and matrix-free algorithms. But deal.II is more than just a software library: It is also a diverse and worldwide community of developers and users, as well as an educational platform. We therefore also discuss some of the technical and social challenges and lessons learned in running a large community software project over the course of two decades.",openalex,llm,0.970,unreviewed,,doi:10.1016/j.camwa.2020.02.022
discarded,A Formally-Verified C Static Analyzer,Jacques-Henri Jourdan; Vincent Laporte; Sandrine Blazy; Xavier Leroy; David Pichardie,2014,,10.1145/2676726.2676966,https://openalex.org/W2080575293,adjacent-subtopic,"This paper reports on the design and soundness proof, using the Coq proof assistant, of Verasco, a static analyzer based on abstract interpretation for most of the ISO C 1999 language (excluding recursion and dynamic allocation). Verasco establishes the absence of run-time errors in the analyzed programs. It enjoys a modular architecture that supports the extensible combination of multiple abstract domains, both relational and non-relational. Verasco integrates with the CompCert formally-verified C compiler so that not only the soundness of the analysis results is guaranteed with mathematical certitude, but also the fact that these guarantees carry over to the compiled code.",openalex,llm,0.990,unreviewed,,doi:10.1145/2676726.2676966
discarded,"On understanding types, data abstraction, and polymorphism",Luca Cardelli; Peter W. Wegner,1985,ACM Computing Surveys,10.1145/6041.6042,https://openalex.org/W2027657506,adjacent-subtopic,"Our objective is to understand the notion of type in programming languages, present a model of typed, polymorphic programming languages that reflects recent research in type theory, and examine the relevance of recent research to the design of practical programming languages. Object-oriented languages provide both a framework and a motivation for exploring the interaction among the concepts of type, data abstraction, and polymorphism, since they extend the notion of type to data abstraction and since type inheritance is an important form of polymorphism. We develop a λ-calculus-based model for type systems that allows us to explore these interactions in a simple setting, unencumbered by complexities of production programming languages. The evolution of languages from untyped universes to monomorphic and then polymorphic type systems is reviewed. Mechanisms for polymorphism such as overloading, coercion, subtyping, and parameterization are examined. A unifying framework for polymorphic type systems is developed in terms of the typed λ-calculus augmented to include binding of types by quantification as well as binding of values by abstraction. The typed λ-calculus is augmented by universal quantification to model generic functions with type parameters, existential quantification and packaging (information hiding) to model abstract data types, and bounded quantification to model subtypes and type inheritance. In this way we obtain a simple and precise characterization of a powerful type system that includes abstract data types, parametric polymorphism, and multiple inheritance in a single consistent framework. The mechanisms for type checking for the augmented λ-calculus are discussed. The augmented typed λ-calculus is used as a programming language for a variety of illustrative examples. We christen this language Fun because fun instead of λ is the functional abstraction keyword and because it is pleasant to deal with. Fun is mathematically simple and can serve as a basis for the design and implementation of real programming languages with type facilities that are more powerful and expressive than those of existing programming languages. In particular, it provides a basis for the design of strongly typed object-oriented languages.",openalex,llm,0.960,unreviewed,,doi:10.1145/6041.6042
discarded,The design of the E programming language,Joel E. Richardson; Michael J. Carey; Daniel T. Schuh,1993,ACM Transactions on Programming Languages and Systems,10.1145/169683.174157,https://openalex.org/W2164306675,adjacent-subtopic,"E is an extension of C++ designed for writing software systems to support persistent applica- tions.Originally designed as a language for implementing database systems, E has evolved into a general persistent programming language E was the first C++ extension to support transparent persistence, the first C++ implementation to support generic classes, and remains the only C++ extension to provide general-purpose lterators, In addition to its contributions to the C + + programming domain, work on E has made several contributions to the field of persmtent languages in general, including several distinct implementations of persistence.Thm paper describes the main features of E and shows through examples how E addresses many of the problems that arise in building persistent systems.",openalex,llm,0.920,unreviewed,,doi:10.1145/169683.174157
discarded,System level design using C++,Diederik Verkest; Joachim Kunkel; Frank Schirrmeister,2000,,10.1145/343647.343709,https://openalex.org/W2140478237,adjacent-subtopic,"This paper discusses the use of C++ for the design of digital systems.The paper distinguishes a number of different approaches towards the use of programming languages for digital system design and will discuss in more detail how C++ can be used for system modeling and refinement, for simulation, and for architecture design.",openalex,llm,0.870,unreviewed,,doi:10.1145/343647.343709
discarded,Nagini: A Static Verifier for Python,Marco Eilers; Péter Müller,2018,Lecture notes in computer science,10.1007/978-3-319-96145-3_33,https://openalex.org/W2883459807,adjacent-subtopic,"We present Nagini, an automated, modular verifier for statically-typed, concurrent Python 3 programs, built on the Viper verification infrastructure. Combining established concepts with new ideas, Nagini can verify memory safety, functional properties, termination, deadlock freedom, and input/output behavior. Our experiments show that Nagini is able to verify non-trivial properties of real-world Python code.",openalex,llm,0.960,unreviewed,,doi:10.1007/978-3-319-96145-3_33
discarded,Source Transformation of C++ Codes for Compatibility with Operator Overloading,Alexander Hück; Jean Utke; Christian H Bischof,2016,Procedia Computer Science,10.1016/j.procs.2016.05.470,https://openalex.org/W2503256241,adjacent-subtopic,"In C++, new features and semantics can be added to an existing software package without sweeping code changes by introducing a user-defined type using operator overloading. This approach is used, for example, to add capabilities such as algorithmic differentiation. However, the introduction of operator overloading can cause a multitude of compilation errors. In a previous paper, we identified code constructs that cause a violation of the C++ language standard after a type change, and a tool called OO-Lint based on the Clang compiler that identifies these code constructs with lint-like messages. In this paper, we present an extension of this work that automatically transforms such problematic code constructs in order to make an existing code base compatible with a semantic augmentation through operator overloading. We applied our tool to the CFD software OpenFOAM and detected and transformed 23 instances of problematic code constructs in 160,000 lines of code. A significant amount of these root causes are included up to 425 times in other files causing a tremendous compiler error amplification. In addition, we show the significance of our work with a case study of the evolution of the ice flow modeling software ISSM, comparing a recent version which was manually type changed with a legacy version. The recent version shows no signs of problematic code constructs. In contrast, our tool detected and transformed a remarkable amount of issues in the legacy version that previously had to be manually located and fixed.",openalex,llm,0.940,unreviewed,,doi:10.1016/j.procs.2016.05.470
discarded,Pyfhel,Alberto Ibarrondo; Alexander Viand,2021,,10.1145/3474366.3486923,https://openalex.org/W3212932635,adjacent-subtopic,"Fully Homomorphic Encryption (FHE) allows private computation over encrypted data, disclosing neither the inputs, intermediate values nor results. Thanks to recent advances, FHE has become feasible for a wide range of applications, resulting in an explosion of interest in the topic and ground-breaking real-world deployments. Given the increasing presence of FHE beyond the core academic community, there is increasing demand for easier access to FHE for wider audiences. Efficient implementations of FHE schemes are mostly written in high-performance languages like C++, posing a high entry barrier to novice users. We need to bring FHE to the (higher-level) languages and ecosystems non-experts are already familiar with, such as Python, the de-facto standard language of data science and machine learning. We achieve this through wrapping existing FHE implementations in Python, providing one-click installation and convenience in addition to a significantly higher-level API. In contrast to other similar works, Pyfhel goes beyond merely exposing the underlying API, adding a carefully designed abstraction layer that feels at home in Python. In this paper, we present Pyfhel, introduce its design and usage, and highlight how its unique support for accessing low-level features through a high-level API makes it an ideal teaching tool for lectures on FHE.",openalex,llm,0.760,unreviewed,,doi:10.1145/3474366.3486923
