status,title,authors,year,venue,doi,url,tags,abstract,provider,decision_source,llm_confidence,llm_review_outcome,llm_change_direction,paper_id
discarded,Dealing with information overload: a comprehensive review,Miriam Arnold; Mascha Goldschmitt; Thomas Rigotti,2023,Frontiers in Psychology,10.3389/fpsyg.2023.1122200,https://openalex.org/W4381548764,off-topic-false-hit,"Information overload is a problem that is being exacerbated by the ongoing digitalization of the world of work and the growing use of information and communication technologies. Therefore, the aim of this systematic literature review is to provide an insight into existing measures for prevention and intervention related to information overload. The methodological approach of the systematic review is based on the PRISMA standards. A keyword search in three interdisciplinary scientific databases and other more practice-oriented databases resulted in the identification of 87 studies, field reports, and conceptual papers that were included in the review. The results show that a considerable number of papers have been published on interventions on the behavioral prevention level. At the level of structural prevention, there are also many proposals on how to design work to reduce information overload. A further distinction can be made between work design approaches at the level of information and communication technology and at the level of teamwork and organizational regulations. Although the identified studies cover a wide range of possible interventions and design approaches to address information overload, the strength of the evidence from these studies is mixed.",openalex,llm,0.980,unreviewed,,doi:10.3389/fpsyg.2023.1122200
discarded,Technology Acceptance Model 3 and a Research Agenda on Interventions,Viswanath Venkatesh; Hillol Bala,2008,Decision Sciences,10.1111/j.1540-5915.2008.00192.x,https://openalex.org/W2112042732,off-topic-false-hit,"ABSTRACT Prior research has provided valuable insights into how and why employees make a decision about the adoption and use of information technologies (ITs) in the workplace. From an organizational point of view, however, the more important issue is how managers make informed decisions about interventions that can lead to greater acceptance and effective utilization of IT. There is limited research in the IT implementation literature that deals with the role of interventions to aid such managerial decision making. Particularly, there is a need to understand how various interventions can influence the known determinants of IT adoption and use. To address this gap in the literature, we draw from the vast body of research on the technology acceptance model (TAM), particularly the work on the determinants of perceived usefulness and perceived ease of use, and: (i) develop a comprehensive nomological network (integrated model) of the determinants of individual level (IT) adoption and use; (ii) empirically test the proposed integrated model; and (iii) present a research agenda focused on potential pre‐ and postimplementation interventions that can enhance employees' adoption and use of IT. Our findings and research agenda have important implications for managerial decision making on IT implementation in organizations.",openalex,llm,0.970,unreviewed,,doi:10.1111/j.1540-5915.2008.00192.x
discarded,Multimodal data as a means to understand the learning experience,Michail N. Giannakos; Kshitij Sharma; Ilias O. Pappas; Vassilis Kostakos; Eduardo Velloso,2019,International Journal of Information Management,10.1016/j.ijinfomgt.2019.02.003,https://openalex.org/W2933627812,off-topic-false-hit,"Most work in the design of learning technology uses click-streams as their primary data source for modelling & predicting learning behaviour. In this paper we set out to quantify what, if any, advantages do physiological sensing techniques provide for the design of learning technologies. We conducted a lab study with 251 game sessions and 17 users focusing on skill development (i.e., user's ability to master complex tasks). We collected click-stream data, as well as eye-tracking, electroencephalography (EEG), video, and wristband data during the experiment. Our analysis shows that traditional click-stream models achieve 39% error rate in predicting learning performance (and 18% when we perform feature selection), while for fused multimodal the error drops up to 6%. Our work highlights the limitations of standalone click-stream models, and quantifies the expected benefits of using a variety of multimodal data coming from physiological sensing. Our findings help shape the future of learning technology research by pointing out the substantial benefits of physiological sensing.",openalex,llm,0.970,unreviewed,,doi:10.1016/j.ijinfomgt.2019.02.003
discarded,"THE EFFECT OF CONSUMER CONFUSION PRONENESS ON WORD OF MOUTH, TRUST, AND CUSTOMER SATISFACTION",M.Sc rer.nat. Dedi Rosadi; Fandy Tjiptono,2013,KINERJA,10.24002/kinerja.v17i1.372,https://openalex.org/W1498516957,off-topic-false-hit,"High-tech products (such as smartphones, notebooks, and tablets) have been characterized as beingincreasingly similar between brands, having too many slightly different choices, and providing complexinformation. In buying these products, many consumers fi nd it diffi cult to differentiate between brands, evaluateover alternatives, and make a good purchase decision. Such situation is known as consumer confusionphenomenon. Previous studies have revealed that consumer confusion is becoming a problem for bothconsumers and marketers. However, the topic still needs further examination, especially in the context of adeveloping country.The present study aims to examine consumers’ general tendency to become confused and its effect onword of mouth, trust and consumer satisfaction. The product context is smartphones, while the sample consistsof 150 university students who had experiences in using or buying smartphones. Nine research hypotheseswere tested using multiple regression analyses. The results indicate that only two of the three consumerconfusion dimensions (i.e. similarity confusion and overload confusion) have signifi cant negative impacts onword of mouth, trust and consumer satisfaction. The other dimension (i.e. ambiguity confusion) was found tohave insignifi cant impacts on the three dependent variables.Keywords: Consumer confusion, word of mouth, trust, consumer satisfaction, smartphone.",openalex,llm,0.990,unreviewed,,doi:10.24002/kinerja.v17i1.372
discarded,An alternative assessment of children's comprehension of relative clauses,Letícia Maria Sicuro Corrêa,1995,Journal of Psycholinguistic Research,10.1007/bf02145355,https://openalex.org/W1986975706,off-topic-false-hit,Methodological difficulties pre identified in the assessment of children's comprehension Of relative clauses (RCs) by means of the standard acting-out procedure. An alternative experimental task is proposed which attempts to minimize these difficulties while exploring the advantages of the acting-out technique. An experiment is reported in which Portuguese-speaking 3- to 6-year olds were tested by means of this alternative task. The results show children being affected by both the position and the focus of the RC in the same way adults have been reported to be and an error analysis suggests that most of children's difficulties can be ascribed to memory overload while RCs are processed as noun modifier sentences. These results contradict the view that there are developmental differences with regard to the way sentences with RCs are parsed and that processing load induces errors particularly manifested in right-branching subject focus sentences. Developmental changes taking place between the ages of 3 and 6 are considered and questions are raised concerning development from the age of 5.,openalex,llm,0.980,unreviewed,,doi:10.1007/bf02145355
discarded,From information seeking to information avoidance: Understanding the health information behavior during a global health crisis,Saira Hanif Soroya; Ali Farooq; Khalid Mahmood; Jouni Isoaho; Shan-e Zara,2020,Information Processing & Management,10.1016/j.ipm.2020.102440,https://openalex.org/W3110266795,off-topic-false-hit,"Individuals seek information for informed decision-making, and they consult a variety of information sources nowadays. However, studies show that information from multiple sources can lead to information overload, which then creates negative psychological and behavioral responses. Drawing on the Stimulus-Organism-Response (S-O-R) framework, we propose a model to understand the effect of information seeking, information sources, and information overload (Stimuli) on information anxiety (psychological organism), and consequent behavioral response, information avoidance during the global health crisis (COVID-19). The proposed model was tested using partial least square structural equation modeling (PLS-SEM) for which data were collected from 321 Finnish adults using an online survey. People found to seek information from traditional sources such as mass media, print media, and online sources such as official websites and websites of newspapers and forums. Social media and personal networks were not the preferred sources. On the other hand, among different information sources, social media exposure has a significant relationship with information overload as well as information anxiety. Besides, information overload also predicted information anxiety, which further resulted in information avoidance.",openalex,llm,0.990,unreviewed,,doi:10.1016/j.ipm.2020.102440
discarded,Beyond fatalism: Information overload as a mechanism to understand health disparities,A. Susana Ramírez; Kimberly Arellano Carmona,2018,Social Science & Medicine,10.1016/j.socscimed.2018.10.006,https://openalex.org/W2897616487,off-topic-false-hit,"Background: Fatalism – beliefs about the causes and controllability of disease – has been negatively associated with prevention behaviors. Fatalism has been suggested as a mechanism for health disparities because ethnic minorities are especially likely to hold fatalistic beliefs. However, the construct has been criticized: Fatalism fails to account for structural barriers to health faced by vulnerable populations that also score highly on measures of fatalism. Another critique suggests that operationalizations of fatalism expose communication failures: “Fatalism” rather reflects information overload from an environment riddled with misinformation and contradictions. This study aimed to expand understanding of one mechanism through which communication may contribute to disparities by considering the context of nutrition among bicultural Latinas, who face increased risk from dietary acculturation. Method: Mixed-methods (semi-structured in-depth interview, survey) with Mexican-American women ages 18–29 (n=24) in rural California. Results: Contrary to previous studies, the majority of this sample of Mexican-American women did not endorse fatalistic beliefs; most demonstrated clear understanding of the link between diet and risk of diseases: Diabetes and heart disease were understood to result from behaviors within one’s control. Yet despite articulating links between diet and disease, participants felt overloaded and confused about conflicting information from public and interpersonal sources. Moreover, despite reporting feeling inundated with information, participants noted critical information gaps, distinguishing between information available and information needed. Conclusions: We found minimal support for fatalistic beliefs among a sample of Mexican-American women, but considerable information overload and confusion, together with a desire for specific knowledge and skills. Results extend understanding of how communication may influence disparities: Information overload may be conflated with fatalism, challenging the notion that fatalism is a cultural belief. Moreover, inequalities in access to and ability to process information compound overload effects. We discuss opportunities to improve the clarity of communication about nutrition science and dietary recommendations.",openalex,llm,0.990,unreviewed,,doi:10.1016/j.socscimed.2018.10.006
discarded,Impact of Online Information on Self-Isolation Intention During the COVID-19 Pandemic: Cross-Sectional Study,Ali Farooq; Samuli Laato; A.K.M. Najmul Islam,2020,Journal of Medical Internet Research,10.2196/19128,https://openalex.org/W3019469177,off-topic-false-hit,"BACKGROUND: During the coronavirus disease (COVID-19) pandemic, governments issued movement restrictions and placed areas into quarantine to combat the spread of the disease. In addition, individuals were encouraged to adopt personal health measures such as social isolation. Information regarding the disease and recommended avoidance measures were distributed through a variety of channels including social media, news websites, and emails. Previous research suggests that the vast amount of available information can be confusing, potentially resulting in overconcern and information overload. OBJECTIVE: This study investigates the impact of online information on the individual-level intention to voluntarily self-isolate during the pandemic. Using the protection-motivation theory as a framework, we propose a model outlining the effects of cyberchondria and information overload on individuals' perceptions and motivations. METHODS: To test the proposed model, we collected data with an online survey (N=225) and analyzed it using partial least square-structural equation modeling. The effects of social media and living situation were tested through multigroup analysis. RESULTS: Cyberchondria and information overload had a significant impact on individuals' threat and coping perceptions, and through them on self-isolation intention. Among the appraisal constructs, perceived severity (P=.002) and self-efficacy (P=.003) positively impacted self-isolation intention, while response cost (P<.001) affected the intention negatively. Cyberchondria (P=.003) and information overload (P=.003) indirectly affected self-isolation intention through the aforementioned perceptions. Using social media as an information source increased both cyberchondria and information overload. No differences in perceptions were found between people living alone and those living with their families. CONCLUSIONS: During COVID-19, frequent use of social media contributed to information overload and overconcern among individuals. To boost individuals' motivation to adopt preventive measures such as self-isolation, actions should focus on lowering individuals' perceived response costs in addition to informing them about the severity of the situation.",openalex,llm,0.990,unreviewed,,doi:10.2196/19128
discarded,The science of human factors: separating fact from fiction,Alissa L. Russ; Rollin J. Terry Fairbanks; Ben‐Tzion Karsh; Laura G. Militello; Jason J. Saleem; Robert L. Wears,2013,BMJ Quality & Safety,10.1136/bmjqs-2012-001450,https://openalex.org/W2169618819,off-topic-false-hit,"BACKGROUND: Interest in human factors has increased across healthcare communities and institutions as the value of human centred design in healthcare becomes increasingly clear. However, as human factors is becoming more prominent, there is growing evidence of confusion about human factors science, both anecdotally and in scientific literature. Some of the misconceptions about human factors may inadvertently create missed opportunities for healthcare improvement. METHODS: The objective of this article is to describe the scientific discipline of human factors and provide common ground for partnerships between healthcare and human factors communities. RESULTS: The primary goal of human factors science is to promote efficiency, safety and effectiveness by improving the design of technologies, processes and work systems. As described in this article, human factors also provides insight on when training is likely (or unlikely) to be effective for improving patient safety. Finally, we outline human factors specialty areas that may be particularly relevant for improving healthcare delivery and provide examples to demonstrate their value. CONCLUSIONS: The human factors concepts presented in this article may foster interdisciplinary collaborations to yield new, sustainable solutions for healthcare quality and patient safety.",openalex,llm,0.980,unreviewed,,doi:10.1136/bmjqs-2012-001450
discarded,Natural history and information overload: The case of Linnaeus,Staffan Müller‐Wille; Isabelle Charmantier,2011,Studies in History and Philosophy of Science Part C Studies in History and Philosophy of Biological and Biomedical Sciences,10.1016/j.shpsc.2011.10.021,https://openalex.org/W2044714392,off-topic-false-hit,"Natural History can be seen as a discipline paradigmatically engaged in 'data-driven research.' Historians of early modern science have begun to emphasize its crucial role in the Scientific Revolution, and some observers of present day genomics see it as engaged in a return to natural history practices. A key concept that was developed to understand the dynamics of early modern natural history is that of 'information overload.' Taxonomic systems, rules of nomenclature, and technical terminologies were developed in botany and zoology to catch up with the ever increasing amount of information on hitherto unknown plant and animal species. In our contribution, we want to expand on this concept. After all, the same people who complain about information overload are usually the ones who contribute to it most significantly. In order to understand this complex relationship, we will turn to the annotation practices of the Swedish naturalist Carl Linnaeus (1707-1778). The very tools that Linnaeus developed to contain and reduce information overload, as we aim to demonstrate, facilitated a veritable information explosion that led to the emergence of a new research object in botany: the so-called 'natural' system.",openalex,llm,0.990,unreviewed,,doi:10.1016/j.shpsc.2011.10.021
discarded,Overload,Margaret Stroebe; Henk A. W. Schut,2016,OMEGA - Journal of Death and Dying,10.1177/0030222816666540,https://openalex.org/W2529719936,off-topic-false-hit,"The Dual Process Model of Coping with Bereavement (DPM) was put forward as a framework to help understand reactions to the death of a loved person. Since its inception, there have been various developments and further specifications regarding the model’s parameters. A number of researchers have assessed the model’s contribution and put some of its parameters to empirical test. It has also been applied in clinical practice. Despite generally positive assessment among both scientific and applied communities, we recently discovered what we consider to be a major shortcoming. The concept of overload has been neglected. Incorporation of this feature helps explain the preponderance of mental and physical health problems beyond the previous DPM focus on complications of grief. In this article, we incorporate the phenomenon of overload within the original framework, illustrating its application, and we discuss broader implications for coping and adaptation to bereavement.",openalex,llm,1.000,unreviewed,,doi:10.1177/0030222816666540
discarded,A META‐ANALYSIS OF WORK DEMAND STRESSORS AND JOB PERFORMANCE: EXAMINING MAIN AND MODERATING EFFECTS,Simona Shechter Gilboa; Arie Shirom; Yitzhak Fried; Cary L. Cooper,2008,Personnel Psychology,10.1111/j.1744-6570.2008.00113.x,https://openalex.org/W2131005936,off-topic-false-hit,"We quantitatively integrated 169 samples ( N = 35,265 employees) that have been used to investigate the relationships of the following 7 work‐related stressors with job performance: role ambiguity, role conflict, role overload, job insecurity, work–family conflict, environmental uncertainty, and situational constraints. Overall, we obtained a negative mean correlation between each job performance measure and each stressor included in our analyses. As hypothesized, role ambiguity and situational constraints were most strongly negatively related to performance, relative to the other work‐related stressors. Analysis of moderators revealed that (a) the negative correlation of role overload and performance was higher among managers relative to nonmanagers; (b) publication year moderated the relation of role ambiguity and role overload with performance, although in opposite directions; (c) the correlations obtained for published versus unpublished studies were not significantly different; and (d) using the Rizzo et al. scale of role ambiguity and role conflict decreased the magnitude of the correlations of these stressors with performance, relative to other scales. Theoretical contributions, future research directions, and practical implications are discussed.",openalex,llm,0.990,unreviewed,,doi:10.1111/j.1744-6570.2008.00113.x
