status,title,authors,year,venue,doi,url,tags,abstract,provider,decision_source,llm_confidence,llm_review_outcome,llm_change_direction,paper_id
discarded,Advanced Concepts for Automatic Differentiation based on Operator Overloading,Andreas Kowarz,2007,Qucosa (Saxon State and University Library Dresden),,https://openalex.org/W2546107302,adjacent-subtopic,"Mit Hilfe der Technik des Automatischen Differenzierens (AD) lassen sich für Funktionen, die als Programmquellcode gegeben sind, Ableitungsinformationen rechentechnisch effizient und mit geringem Aufwand für den Nutzer bereitstellen. Eine Variante der Implementierung von AD basiert auf der Überladung von Operatoren und Funktionen, die von vielen modernen Programmiersprachen ermöglicht wird. Durch Ausnutzung des Konzepts der Überladung wird eine interne Funktions-Repräsentation (Tape) generiert, die anschließend für die Ableitungsberechnung herangezogen wird. In der Dissertation werden neue Techniken erarbeitet, die eine effizientere Tape-Erstellung und die parallele Tape-Auswertung ermöglichen. Anhand von Laufzeituntersuchungen für numerische Beispiele werden die Möglichkeiten der neuen Techniken verdeutlicht.",openalex,llm,0.990,unreviewed,,hash:9f9f1c0b0f9e788b
discarded,Reaction-diffusion in the NEURON simulator,Robert A. McDougal; Michael L. Hines; William W. Lytton,2013,Frontiers in Neuroinformatics,10.3389/fninf.2013.00028,https://openalex.org/W2094727853,supports-claim; adjacent-subtopic; uses overloading as technique,"In order to support research on the role of cell biological principles (genomics, proteomics, signaling cascades and reaction dynamics) on the dynamics of neuronal response in health and disease, NEURON's Reaction-Diffusion (rxd) module in Python provides specification and simulation for these dynamics, coupled with the electrophysiological dynamics of the cell membrane. Arithmetic operations on species and parameters are overloaded, allowing arbitrary reaction formulas to be specified using Python syntax. These expressions are then transparently compiled into bytecode that uses NumPy for fast vectorized calculations. At each time step, rxd combines NEURON's integrators with SciPy's sparse linear algebra library.",openalex,llm_reviewed,0.910,changed,kept->discarded,doi:10.3389/fninf.2013.00028
discarded,Specification language design concepts: Aggregation and extensibility in CoreASM,Mashaal Anwar Memon,2006,Summit (Simon Fraser University),,https://openalex.org/W2164844450,adjacent-subtopic,"Abstract State Machines (ASMs) are a proven methodology for the precise high-level specification of formal requirements in early phases of software design. Many extensions to ASMs have been proposed and used widely, including Distributed ASMs, Turbo ASMs, Gurevich's partial updates, and syntactically convenient rule forms. This, coupled with the fact that ASMs do not bind the user to any predetermined data types or operators, allows for extreme flexibility in exploration of the problem space. Striving to provide this same level of freedom with executable ASMs, the CoreASM engine and language have been designed with syntactic and semantic extensibility in mind. We formally specify extensibility mechanisms that allow for language augmentation with arbitrary data structures supporting simultaneous incremental modification, new operators, and additional language syntax. Our work is a major step toward providing an environment suitable for both further experimentation with ASMs and for the machine-aided creation of robust software specifications.",openalex,llm,0.890,unreviewed,,hash:7e7872808a93a8ff
discarded,Formal Language Recognition with the Java Type Checker,Yossi Gil; Tomer Levy,2016,DROPS (Schloss Dagstuhl – Leibniz Center for Informatics),10.4230/lipics.ecoop.2016.10,https://openalex.org/W2539064697,adjacent-subtopic,"This paper is a theoretical study of a practical problem: the automatic generation of Java Fluent APIs from their specification. We explain why the problem's core lies with the expressive power of Java generics. Our main result is that automatic generation is possible whenever the specification is an instance of the set of deterministic context-free languages, a set which contains most ""practical"" languages. Other contributions include a collection of techniques and idioms of the limited meta-programming possible with Java generics, and an empirical measurement demonstrating that the runtime of the ""javac"" compiler of Java may be exponential in the program's length, even for programs composed of a handful of lines and which do not rely on overly complex use of generics.",openalex,llm,0.970,unreviewed,,doi:10.4230/lipics.ecoop.2016.10
discarded,Leveraging The Power Of Java In The Enterprise,Javad Shakib; Mohammad Muqri,2020,,10.18260/1-2--16672,https://openalex.org/W2735471618,adjacent-subtopic,"Leveraging the Power of Java in the EnterpriseThe ability to acquire, manage and utilize information has never been more instrumental.Without doubt, technology has been the most influential force behind the growth in economy.The Business is placing greater emphasis on information technology.Traces of information technology can be found from sales, to marketing, to inventory, to R&D.An integral component of technology is that it is highly dynamic.Technology changes at a rapid pace and the rate of change increases as well.Enterprise applications require much more sophistication, because they have become more complex and larger than before.Even isolated systems are no longer absolutely isolated.Java has emerged as the premier language for development of network-ready applications.The Java language and its extensions, provide a complete and robust environment for creating mission-critical and enterprise-wide applications.At the premise of network-centric computing, the web server becomes the focal point for enterprise applications.Java has a number of serverside capabilities which makes it an ideal fit for this environment.",openalex,llm,0.980,unreviewed,,doi:10.18260/1-2--16672
discarded,"TaylUR, an arbitrary-order diagonal automatic differentiation package for Fortran 95","von Hippel, GM",2006,COMPUTER PHYSICS COMMUNICATIONS,10.1016/j.cpc.2005.12.016,https://www.webofscience.com/wos/woscc/full-record/WOS:000236497000006,adjacent-subtopic,"We present TayIUR, a Fortran 95 module to automatically compute the numerical values of a complex-valued function's derivatives with respect to several variables tip to an arbitrary order in each variable, but excluding mixed derivatives. Arithmetic operators and Fortran intrinsics are overloaded to act correctly on objects of a defined type taylor, which encodes a function along with its first few derivatives with respect to the user-defined independent variables. Derivatives of products and composite functions are computed using Leibniz's rule and Fa di Bruno's formula. TayIUR makes heavy use of operator overloading and other Fortran 95 features such as elemental functions.

Program summary

Program title: TaylUR

Catalogue identifier: A DXR_v 1 -0

Program summary URL: http://cpc.cs.qub.ac.uk/summaries/ADXR-vl-0

Program obtainable from: CPC Program Library, Queen's University of Belfast. N. Ireland

Licensing provisions: none

Programming language: Fortran 95

Computer: Any computer with a conforming Fortran 95 compiler

Operating system: Any system with a conforming Fortran 95 compiler

No. of lines in distributed program, including test data, etc.: 6286

No. of bytes in distributed program, including test data, etc: 14 994

Distribution format: tar.gz

Nature of problem Problems that require potentially high orders of derivatives with respect to some variables. such as e.g. expansions of Fcynman diagrams in particle masses in perturbative Quantum Field Theory, and which cannot be treated using existing Fortran modules for automatic differentiation [C.W. Straka. ADF95: Tool for automatic differentiation of a FORTRAN code designed for large numbers of independent variables, Comput. Phys. Comm. 168 (2005) 123-139, arXiv:cs.MS/0503014; S. Stamatiadis, R. Prosmiti. S.C. Farantos. AUTO_DERIV: Tool for automatic differentiation of a FORTRAN code, Comput. Phys. Comm. 127 (2000) 343-355].

Solution method: Arithmetic operators and Fortran intrinsics are overloaded to act correctly on objects of a defined type taylor, which encodes a function along with its first few derivatives with respect to the user-defined independent variables. Derivatives of products and composite functions are computed using Leibniz's rule and Fait di Bruno's formula.

Restrictions: Memory and CPU time constraints may restrict the number of variables and Taylor expansion order that can be achieved. Loss of numerical accuracy due to cancellation may become an issue at very high orders.

Unusual features: No mixed higher-order derivatives are computed. The complex conjugation operation assumes all independent variables to be real.

Running time: The running time of TayIUR operations depends linearly on the number of variables. Its dependence on the Taylor expansion order varies from linear (for linear operations) through quadratic (for multiplication) to exponential (for elementary function calls). (C) 2006 Elsevier B.V. All rights reserved.",wos,llm,0.990,unreviewed,,doi:10.1016/j.cpc.2005.12.016
discarded,,,,,,,off-topic-false-hit; empty record,,scopus,llm_reviewed,0.550,confirmed,,hash:cbe5cfdf7c2118a9
