status,title,authors,year,venue,doi,url,tags,abstract,provider,decision_source,llm_confidence,llm_review_outcome,llm_change_direction,paper_id
discarded,BuildIt: A Type-Based Multi-stage Programming Framework for Code Generation in C++,A. Brahmakshatriya,2021,Cgo 2021 Proceedings of the 2021 IEEE ACM International Symposium on Code Generation and Optimization,10.1109/CGO51591.2021.9370333,https://www.scopus.com/inward/record.uri?partnerID=HzOxMe3b&scp=85103212404&origin=inward,"supports-claim; qualifies-claim; adjacent-subtopic; DSL implementation technique, not readability","The simplest implementation of a domain-specific language is to embed it in an existing language using operator overloading. This way, the DSL can inherit parsing, syntax and type checking, error handling, and the toolchain of debuggers and IDEs from the host language. A natural host language choice for most high-performance DSLs is the de-facto highperformance language, C++. However, DSL designers quickly run into the problem of not being able to extract control flows due to a lack of introspection in C++ and have to resort to special functions with lambdas to represent loops and conditionals. This approach introduces unnecessary syntax and does not capture the side effects of updates inside the lambdas in a safe way. We present BuildIt, a type-based multi-stage execution framework that solves this problem by extracting all control flow operators like if-then-else conditionals and for and while loops using a pure library approach. BuildIt achieves this by repeated execution of the program to explore all control flow paths and construct the AST piece by piece. We show that BuildIt can do this without exponential blow-up in terms of output size and execution time. We apply BuildIt's staging capabilities to the state-of-the-art tensor compiler TACO to generate low-level IR for custom-level formats. Thus, BuildIt offers a way to get both generalization and programmability for the user while generating specialized and efficient code. We also demonstrate that BuildIt can generate rich control-flow from relatively simple code by using it to stage an interpreter for an esoteric language. BuildIt changes the way we think about multi-staging as a problem by reducing the PL complexity of a supposedly harder problem requiring features like introspection or specialized compiler support to a set of common features found in most languages.",scopus,llm_reviewed,0.910,changed,kept->discarded,doi:10.1109/cgo51591.2021.9370333
discarded,Progress Report on the Scala Algebra System,R. Jolly,2020,Lecture Notes in Computer Science Including Subseries Lecture Notes in Artificial Intelligence and Lecture Notes in Bioinformatics,10.1007/978-3-030-60026-6_17,https://www.scopus.com/inward/record.uri?partnerID=HzOxMe3b&scp=85096523566&origin=inward,adjacent-subtopic,"The new extension methods in Dotty (codename for Scala 3) allow us to solve a long-standing problem with type classes and coercion. It enables the realization of a new Scala adapter for the Java Algebra System (JAS). Our design is compared to the existing Scala DSL for the Rings computer algebra library, and shown to be interchangeable with it. The question whether Scala can be used for library development is raised, and it turns out to be adequately efficient, taking advantage of the new language inline feature for code specialization.",scopus,llm,0.900,unreviewed,,doi:10.1007/978-3-030-60026-6_17
discarded,AllenRV: An Extensible Monitor for Multiple Complex Specifications with High Reactivity,N. Volanschi,2019,Lecture Notes in Computer Science Including Subseries Lecture Notes in Artificial Intelligence and Lecture Notes in Bioinformatics,10.1007/978-3-030-32079-9_24,https://www.scopus.com/inward/record.uri?partnerID=HzOxMe3b&scp=85075734979&origin=inward,adjacent-subtopic,"AllenRV is a tool for monitoring temporal specifications, designed for ensuring good scalability in terms of size and number of formulae, and high reactivity. Its features reflect this design goal. For ensuring scalability in the number of formulae, it can simultaneously monitor a set of formulae written in past and future, next-free LTL, with some metric extensions; their efficient simultaneous monitoring is supported by a let construct allowing to share computations between formulae. For ensuring scalability in the size of formulae, it allows defining new abstractions as user-defined operators, which take discrete time boolean signals as arguments, but also constant parameters such as delays. For ensuring high reactivity, its monitoring algorithm does not require clock tick events, unlike many other tools. This is achieved by recomputing output signals both upon input signals changes and upon internally generated timeout events relative to such changes. As a consequence, monitoring remains efficient on arbitrarily fine-grained time domains.

AllenRV is implemented by extending the existing Allen language and compiler, initially targeting ubiquitous applications using binary sensors, with temporal logic operators and a comprehensive library of user-defined operators on top of them. The most complex of these operators, including a complete adaptation of Allen-logic relations as selection operators, are proven correct with respect to their defined semantics.

Thus, AllenRV offers an open platform for cooperatively developing increasingly complex libraries of high level, general or domain-specific, temporal operators and abstractions, without compromising correctness.",scopus,llm,0.920,unreviewed,,doi:10.1007/978-3-030-32079-9_24
discarded,Designing expression templates with concepts,B. Bachelet,2017,Software Practice and Experience,10.1002/spe.2483,https://www.scopus.com/inward/record.uri?partnerID=HzOxMe3b&scp=85015169369&origin=inward,adjacent-subtopic,"Summary Concepts are likely to be introduced in a future C++ standard. They can be used for constraining template parameters, which enables checking requirements on template parameters sooner in the compilation process, and thus providing more intelligible error messages to the user. They can also be used in the specialization of templates, thus leading to a better control over the selection of the most appropriate version of a template for a given instantiation. This latter aspect offers new possibilities in the design of template libraries, as it enhances the specialization mechanism of templates, and set it up as a solid alternative to inheritance when static binding can replace dynamic binding. This article addresses the design of expression templates (i.e., templates that represent expressions and are usually built through operator overloading) that are useful to develop an embedded domain specific language (EDSL), and can speed up the evaluation of an expression by delaying the evaluation of intermediate operations to avoid unnecessary temporary objects. We propose to use concept‐based template specialization to parse expression templates in order to ease the design of an EDSL. This approach is a static variant of the well‐known visitor design pattern that replaces the overridden methods in the double dispatch of the original design pattern by template specializations based on concepts. An example of EDSL for linear programming developed with our solution demonstrates that a concept‐based design helps producing concise and reliable code. Copyright © 2017 John Wiley & Sons, Ltd.",scopus,llm,0.940,unreviewed,,doi:10.1002/spe.2483
discarded,A mixed approach to adjoint computation with algorithmic differentiation,K. Kulshreshtha,2016,IFIP Advances in Information and Communication Technology,10.1007/978-3-319-55795-3_31,https://www.scopus.com/inward/record.uri?partnerID=HzOxMe3b&scp=85018670584&origin=inward,adjacent-subtopic,"Various algorithmic differentiation tools have been developed and applied to large-scale simulation software for physical phenomena. Until now, two strictly disconnected approaches have been used to implement algorithmic differentiation (AD), namely, source transformation and operator overloading. This separation was motivated by different features of the programming languages such as Fortran and C++. In this work we have for the first time combined the two approaches to implement AD for C++ codes. Source transformation is used for core routines that are repetitive, where the transformed source can be optimized much better by modern compilers, and operator overloading is used to interconnect at the upper level, where source transformation is not possible because of complex language constructs of C++. We have also devised a method to apply the mixed approach in the same application semi-automatically. We demonstrate the benefit of this approach using some real-world applications.",scopus,llm,0.990,unreviewed,,doi:10.1007/978-3-319-55795-3_31
discarded,A vector forward mode of automatic differentiation for generalized derivative evaluation,K.A. Khan,2015,Optimization Methods and Software,10.1080/10556788.2015.1025400,https://www.scopus.com/inward/record.uri?partnerID=HzOxMe3b&scp=84942365255&origin=inward,adjacent-subtopic,"Numerical methods for non-smooth equation-solving and optimization often require generalized derivative information in the form of elements of the Clarke Jacobian or the B-subdifferential. It is shown here that piecewise differentiable functions are lexicographically smooth in the sense of Nesterov, and that lexicographic derivatives of these functions comprise a particular subset of both the B-subdifferential and the Clarke Jacobian. Several recently developed methods for generalized derivative evaluation of composite piecewise differentiable functions are shown to produce identical results, which are also lexicographic derivatives. A vector forward mode of automatic differentiation (AD) is presented for evaluation of these derivatives, generalizing established methods and combining their computational benefits. This forward AD mode may be applied to any finite composition of known smooth functions, piecewise differentiable functions such as the absolute value function, , and , and certain non-smooth functions which are not piecewise differentiable, such as the Euclidean norm. This forward AD mode may be implemented using operator overloading, does not require storage of a computational graph, and is computationally tractable relative to the cost of a function evaluation. An implementation in C is discussed.",scopus,llm,0.970,unreviewed,,doi:10.1080/10556788.2015.1025400
discarded,Elaborating intersection and union types,J. Dunfield,2014,Journal of Functional Programming,10.1017/S0956796813000270,https://www.scopus.com/inward/record.uri?partnerID=HzOxMe3b&scp=84901338809&origin=inward,adjacent-subtopic,"Abstract Designing and implementing typed programming languages is hard. Every new type system feature requires extending the metatheory and implementation, which are often complicated and fragile. To ease this process, we would like to provide general mechanisms that subsume many different features. In modern type systems, parametric polymorphism is fundamental, but intersection polymorphism has gained little traction in programming languages. Most practical intersection type systems have supported only refinement intersections , which increase the expressiveness of types (more precise properties can be checked) without altering the expressiveness of terms; refinement intersections can simply be erased during compilation. In contrast, unrestricted intersections increase the expressiveness of terms, and can be used to encode diverse language features, promising an economy of both theory and implementation. We describe a foundation for compiling unrestricted intersection and union types: an elaboration type system that generates ordinary λ-calculus terms. The key feature is a Forsythe-like merge construct. With this construct, not all reductions of the source program preserve types; however, we prove that ordinary call-by-value evaluation of the elaborated program corresponds to a type-preserving evaluation of the source program. We also describe a prototype implementation and applications of unrestricted intersections and unions: records, operator overloading, and simulating dynamic typing.",scopus,llm,0.990,unreviewed,,doi:10.1017/s0956796813000270
discarded,Elaborating intersection and union types,J. Dunfield,2012,Proceedings of the ACM SIGPLAN International Conference on Functional Programming ICFP,10.1145/2364527.2364534,https://www.scopus.com/inward/record.uri?partnerID=HzOxMe3b&scp=84867543336&origin=inward,adjacent-subtopic,"Designing and implementing typed programming languages is hard. Every new type system feature requires extending the metatheory and implementation, which are often complicated and fragile. To ease this process, we would like to provide general mechanisms that subsume many different features. In modern type systems, parametric polymorphism is fundamental, but intersection polymorphism has gained little traction in programming languages. Most practical intersection type systems have supported only refinement intersections, which increase the expressiveness of types (more precise properties can be checked) without altering the expressiveness of terms; refinement intersections can simply be erased during compilation. In contrast, unrestricted intersections increase the expressiveness of terms, and can be used to encode diverse language features, promising an economy of both theory and implementation. We describe a foundation for compiling unrestricted intersection and union types: an elaboration type system that generates ordinary λ-calculus terms. The key feature is a Forsythe-like merge construct. With this construct, not all reductions of the source program preserve types; however, we prove that ordinary call-by-value evaluation of the elaborated program corresponds to a type-preserving evaluation of the source program. We also describe a prototype implementation and applications of unrestricted intersections and unions: records, operator overloading, and simulating dynamic typing.",scopus,llm,0.990,unreviewed,,doi:10.1145/2364527.2364534
discarded,Elaborating intersection and union types,J. Dunfield,2012,ACM SIGPLAN Notices,10.1145/2398856.2364534,https://www.scopus.com/inward/record.uri?partnerID=HzOxMe3b&scp=84870474237&origin=inward,adjacent-subtopic,"Designing and implementing typed programming languages is hard. Every new type system feature requires extending the metatheory and implementation, which are often complicated and fragile. To ease this process, we would like to provide general mechanisms that subsume many different features. In modern type systems, parametric polymorphism is fundamental, but intersection polymorphism has gained little traction in programming languages. Most practical intersection type systems have supported only refinement intersections , which increase the expressiveness of types (more precise properties can be checked) without altering the expressiveness of terms; refinement intersections can simply be erased during compilation. In contrast, unrestricted intersections increase the expressiveness of terms, and can be used to encode diverse language features, promising an economy of both theory and implementation. We describe a foundation for compiling unrestricted intersection and union types: an elaboration type system that generates ordinary λ -calculus terms. The key feature is a Forsythe-like merge construct. With this construct, not all reductions of the source program preserve types; however, we prove that ordinary call-by-value evaluation of the elaborated program corresponds to a type-preserving evaluation of the source program. We also describe a prototype implementation and applications of unrestricted intersections and unions: records, operator overloading, and simulating dynamic typing.",scopus,llm,0.990,unreviewed,,doi:10.1145/2398856.2364534
discarded,ER designer toolkit: A graphical event definition authoring tool,P. Karampiperis,2014,Universal Access in the Information Society,10.1007/s10209-013-0300-9,https://www.scopus.com/inward/record.uri?partnerID=HzOxMe3b&scp=84896707992&origin=inward,adjacent-subtopic,"Modern assistive environments have the ability to collect data from various distributed sources and need to react swiftly to changes. As information flows, in the form of simple, source events, it becomes more and more difficult to quickly analyze the collected data in an automated way and transform them into operational knowledge. Event recognition (ER) addresses this problem. Several tools exist for defining ER rules, but only a few of them offer graphical design environments. Each such tool supports a single ER language, either query-based or rule-based. Also, many of these systems do not support the addition of user-defined operators, thus limiting the flexibility in rule design. This paper presents the Event Recognition Designer Toolkit (ERDT), a graphical authoring tool, with which a domain expert can design event recognition rules and produce standalone ER. The goal was to develop a user-friendly graphical tool with a basic set of operators, so that a user could easily produce recognizers for different domains and, when needed, easily extend the tool in order to satisfy domain-specific requirements. The ERDT uses an extendable pool of ER language libraries (at the moment SQL and Event Calculus are supported) and transforms the designed rules into Event Recognizers that use the preferred ER language. The same rule can be expressed in different languages without any changes to the design. Furthermore, the authoring tool is cross platform, free, and open source, so that it can be shared with the community, maximizing its potential impact and possible extension.",scopus,llm,0.910,unreviewed,,doi:10.1007/s10209-013-0300-9
discarded,A SystemC library for specifying pipeline abstractions,E. Harcourt,2014,Microprocessors and Microsystems,10.1016/j.micpro.2013.11.010,https://www.scopus.com/inward/record.uri?partnerID=HzOxMe3b&scp=84891060725&origin=inward,supports-claim; adjacent-subtopic; uses overloading as technique,"We describe a SystemC library for specifying, modeling, and simulating hardware pipelines. The library includes a set of overloaded operators defining a pipeline expression language that allows the user to quickly specify the architecture of the pipeline. The pipeline expression is used to derive the connectivity of the SystemC modules that define the stages of the pipeline and to automatically insert latches and control modules between the stages to handle the proper routing of transactions through pipeline. Using the SystemC simulator the pipeline can then be simulated and evaluated. The pipeline expression language sits on top of SystemC, exposes all of the features of C++ and SystemC enabling the user to specify, evaluate, and analyze pipeline architectures. (C) 2013 Elsevier B.V. All rights reserved.",scopus,llm_reviewed,0.880,changed,kept->discarded,doi:10.1016/j.micpro.2013.11.010
discarded,Versatile optimization of UDF-heavy data flows with Sofa,A. Rheinländer,2014,Proceedings of the ACM SIGMOD International Conference on Management of Data,10.1145/2588555.2594517,https://www.scopus.com/inward/record.uri?partnerID=HzOxMe3b&scp=84904324442&origin=inward,adjacent-subtopic,"Currently, we witness an increased interest in large-scale analytical data flows on non-relational data. The predominant building blocks of such data flows are user-defined functions (UDFs), a fact that is not well taken into account for data flow language design and optimization in current systems. In this demonstration, we present Meteor, a declarative data flow language, and Sofa, a logical optimizer for UDF-heavy data flows, which are both part of the Stratosphere system. Meteor queries seamlessly combine self-descriptive, domain-specific operators with standard relational operators. Such queries are optimized by Sofa, building on a concise set of UDF annotations and a small set of rewrite rules to enable semantically equivalent plan rewriting of UDF-heavy data flows. A salient feature of Meteor and Sofa is extensibility: User-defined operators and their properties are arranged into a subsumption hierarchy, which considerably eases integration and optimization of new operators. In this demonstration, we will let users pose arbitrary Meteor queries and graphically showcase versatility and extensibility of Sofa during query optimization.",scopus,llm,0.950,unreviewed,,doi:10.1145/2588555.2594517
discarded,Powerful and seamless syntax extensions on a statically typed language,K. Ichikawa,2013,Aosd 2013 Companion Proceedings of the 2013 ACM on Aspect Oriented Software Development,10.1145/2457392.2457411,https://www.scopus.com/inward/record.uri?partnerID=HzOxMe3b&scp=84875972338&origin=inward,adjacent-subtopic,"In this paper, we propose a mechanism of user-defined operators with better expressiveness while keeping composability. Our user-defined operators, named protean operators, can express arbitrary Parsing Expression Grammar (PEG) syntax, and they can also express complex user-defined literals. A library of user-defined operators is composable - the library can use with any other libraries. We have developed ProteaJ, which is an extension of Java 1.4 supporting protean operators.",scopus,llm,0.780,unreviewed,,doi:10.1145/2457392.2457411
discarded,Real-time analysis of ECG data using mobile data stream management system,S. Hong,2012,Lecture Notes in Computer Science Including Subseries Lecture Notes in Artificial Intelligence and Lecture Notes in Bioinformatics,10.1007/978-3-642-29035-0_16,https://www.scopus.com/inward/record.uri?partnerID=HzOxMe3b&scp=84860658507&origin=inward,adjacent-subtopic,,scopus,llm,0.740,unreviewed,,doi:10.1007/978-3-642-29035-0_16
