status,title,authors,year,venue,doi,url,tags,abstract,provider,decision_source,llm_confidence,llm_review_outcome,llm_change_direction,paper_id
discarded,"Haskell, Do You Read Me? Constructing and Composing Efficient Top-down Parsers at Runtime","Viera, Marcos; Swierstra, S. Doaitse; Lempsink, Eelco",2009,ACM SIGPLAN NOTICES,,https://www.webofscience.com/wos/woscc/full-record/WOS:000266819700007,"supports-claim; off-topic-false-hit; parsing of infix operators, not overloading readability","The Haskell definition and implementation of read is far from perfect. In the first place read is not able to handle the associativities defined for infix operators. Furthermore, it puts constraints on the way show is defined, and especially forces it to generate far more parentheses than expected. Lastly, it may give rise to exponential parsing times. All this is due to the compositionality requirement for re ad functions, which imposes a top-down parsing strategy.

We propose a different approach, based on typed abstract syntax, in which grammars describing the data types are composed dynamically. Using the transformation libraries described in a companion paper these syntax descriptions are combined and transformed into parsers at runtime, from which the required re ad function are constructed. In this way we obtain linear parsing times, achieve consistency with the defined associativities, and may use a version of show which generates far fewer parentheses, thus improving readability of printed values.

The described transformation algorithms can be incorporated in a Haskell compiler, thus moving most of the work involved to compile time.",wos,llm_reviewed,0.770,changed,kept->discarded,hash:150169d1e5a555e4
kept,Implementing generalized operator overloading,"Miles, WS; Johnson, LF",1998,SOFTWARE-PRACTICE & EXPERIENCE,,https://www.webofscience.com/wos/woscc/full-record/WOS:000073719000002,supports-claim; designer-for,"This paper presents a practical method of adding problem-specific notation to an established computer language, Our idea is to use unrestricted operator overloading as a tool to map the problem domain notation directly into an existing programming language.

Our method introduces new operator symbols and function names into a host language by overloading existing usage, We extend the host programming language syntax to an augmented language which is mapped to the host language by a programmable preprocessor. The preprocessor uses a programmer-modifiable symbolic language grammar to translate an augmented program into a standard program, This process gives a natural extension to any computer language without modifying the host language. Direct use of problem notation can improve program legibility and code comprehension within the problem domain. The preprocessor provides a useful research tool for exploring language issues without the need to write a compiler for a new language, It can also be used to provide a domain specific language for a programming group at lower cost than new language development,

This paper presents several working examples which illustrate our work. We redefine many of the standard C operators to alleviate some of the more common programming errors, thus creating a 'cleaner' C. As a more esoteric example, we encode a subset of APL vector operators as an algebraic extension to the C language, A curious application of our method shows its success in an arbitrary problem domain by compiling and executing poetry. Our final example introduces standard symbolic logic notation into C for tautology verification. (C) 1998 John Wiley & Sons, Ltd.",wos,llm_reviewed,0.990,confirmed,,hash:cd6e8f63dcf1e892
kept,On the Design and Implementation of a Process Modelling Language for Uncertainty,P.I.O. Filho,2019,Computer Aided Chemical Engineering,10.1016/B978-0-12-818634-3.50150-8,https://www.scopus.com/inward/record.uri?partnerID=HzOxMe3b&scp=85069692297&origin=inward,supports-claim; library-notation,"Abstract A modelling framework focusing on the treatment of uncertainty is proposed. The framework is based on Julia, given that it is an open-source, modern, computationally efficient language (scripted but with just-in-time compilation) providing support for the design of domain specific languages via abstract types, multiple dispatch, operator overloading and full Unicode support. The framework provides a concise and natural syntax, allowing for a traditional mathematical notation. For instance, users can write t = 700 ± (3δ) (uncertainty range), X ∼ N μ σ 2 (probability distribution) or F0 = V3 + [21.3,21.7] (interval arithmetic) without having to compromise between speed and code readability. A case study on the scale-up of an Aerosol-Assisted Chemical Vapour Deposition (AACVD) process is presented to exemplify the use of the framework.",scopus,llm_reviewed,0.980,confirmed,,doi:10.1016/b978-0-12-818634-3.50150-8
kept,User-Defined Operators Including Name Binding for New Language Constructs,K. Ichikawa,2017,Art Science and Engineering of Programming,10.22152/programming-journal.org/2017/1/15,https://www.scopus.com/inward/record.uri?partnerID=HzOxMe3b&scp=85041701992&origin=inward,supports-claim; designer-for,"User-defined syntax extensions are useful to implement an embedded domain specific language (EDSL) with good code-readability. They allow EDSL authors to define domain-natural notation, which is often different from the host language syntax. Nowadays, there are several research works of powerful user-defined syntax extensions. One promising approach uses user-defined operators. A user-defined operator is a function with user-defined syntax. It can be regarded as a syntax extension implemented without macros. An advantage of user-defined operators is that an operator can be statically typed. The compiler can find type errors in the definition of an operator before the operator is used. In addition, the compiler can resolve syntactic ambiguities by using static types. However, user-defined operators are difficult to implement language constructs involving static name binding. Name binding is association between names and values (or memory locations). Our inquiry is whether we can design a system for user-defined operators involving a new custom name binding. This paper proposes a module system for user-defined operators named a dsl class. A dsl class is similar to a normal class in Java but it contains operators instead of methods. We use operators for implementing custom name binding. For example, we use a nullary operator for emulating a variable name. An instance of a dsl class, called a dsl object, reifies an environment that expresses name binding. Programmers can control a scope of instance operators by specifying where the dsl object is active. We extend the host type system so that it can express the activation of a dsl object. In our system, a bound name is propagated through a type parameter to a dsl object. This enables us to implement user-defined language constructs involving static name binding. A contribution of this paper is that we reveal we can integrate a system for managing names and their scopes with a module and type system of an object-oriented language like Java. This allows us to implement a proposed system by adopting eager disambiguation based on expected types so that the compilation time will be acceptable. Eager disambiguation, which prunes out semantically invalid abstract parsing trees (ASTs) while a parser is running, is needed because the parser may generate a huge number of potentially valid ASTs for the same source code. We have implemented ProteaJ2, which is a programming language based on Java and it supports our proposal. We describe a parsing method that adopts eager disambiguation for fast parsing and discuss its time complexity. To show the practicality of our proposal, we have conducted two micro benchmarks to see the performance of our compiler. We also show several use cases of dsl classes for demonstrating dsl classes can express various language constructs. Our ultimate goal is to let programmers add any kind of new language construct to a host language. To do this, programmers should be able to define new syntax, name binding, and type system within the host language. This paper shows programmers can define the former two: their own syntax and name binding.",scopus,llm_reviewed,0.980,confirmed,,doi:10.22152/programming-journal.org/2017/1/15
discarded,"Haskell, do you read me?: Constructing and composing efficient top-down parsers at runtime",M. Viera,2009,ACM SIGPLAN Notices,,https://www.scopus.com/inward/record.uri?partnerID=HzOxMe3b&scp=67650835103&origin=inward,"supports-claim; off-topic-false-hit; parsing of infix operators, not overloading readability",,scopus,llm_reviewed,0.720,changed,kept->discarded,hash:259d2489b0e0cd04
discarded,"Haskell, do you read me?Constructing and composing efficient top-down parsers at runtime",M. Viera,2008,Haskell 08 Proceedings of the ACM SIGPLAN 2008 Haskell Symposium,10.1145/1411286.1411296,https://www.scopus.com/inward/record.uri?partnerID=HzOxMe3b&scp=63149112028&origin=inward,"supports-claim; off-topic-false-hit; parsing of infix operators, not overloading readability","The Haskell definition and implementation of read is far from perfect. In the first place read is not able to handle the associativities defined for infix operators. Furthermore, it puts constraints on the way show is defined, and especially forces it to generate far more parentheses than expected. Lastly, it may give rise to exponential parsing times. All this is due to the compositionality requirement for read functions, which imposes a top-down parsing strategy.",scopus,llm_reviewed,0.750,changed,kept->discarded,doi:10.1145/1411286.1411296
kept,Implementing generalized operator overloading,W. Miles,1998,Software Practice and Experience,10.1002/(SICI)1097-024X(199805)28:6<593::AID-SPE161>3.0.CO;2-S,https://www.scopus.com/inward/record.uri?partnerID=HzOxMe3b&scp=0032072118&origin=inward,supports-claim; designer-for,"This paper presents a practical method of adding problem-specific notation to an established computer language. Our idea is to use unrestricted operator overloading as a tool to map the problem domain notation directly into an existing programming language. Our method introduces new operator symbols and function names into a host language by overloading existing usage. We extend the host programming language syntax to an augmented language which is mapped to the host language by a programmable preprocessor. The preprocessor uses a programmer-modifiable symbolic language grammar to translate an augmented program into a standard program. This process gives a natural extension to any computer language without modifying the host language. Direct use of problem notation can improve program legibility and code comprehension within the problem domain. The preprocessor provides a useful research tool for exploring language issues without the need to write a compiler for a new language. It can also be used to provide a domain specific language for a programming group at lower cost than new language development. This paper presents several working examples which illustrate our work. We redefine many of the standard C operators to alleviate some of the more common programming errors, thus creating a ‘cleaner’ C. As a more esoteric example, we encode a subset of APL vector operators as an algebraic extension to the C language. A curious application of our method shows its success in an arbitrary problem domain by compiling and executing poetry. Our final example introduces standard symbolic logic notation into C for tautology verification. © 1998 John Wiley & Sons, Ltd.",scopus,llm_reviewed,0.990,confirmed,,doi:10.1002/(sici)1097-024x(199805)28:6<593::aid-spe161>3.0.co;2-s
discarded,"FAD, a functional programming language that supports abstract data types",J. Martin,1980,Proceedings of the ACM 1980 Annual Conference ACM 1980,10.1145/800176.809975,https://www.scopus.com/inward/record.uri?partnerID=HzOxMe3b&scp=85050474787&origin=inward,adjacent-subtopic,"The paper outlines the programming language FAD. FAD is a functional programming system of the kind described by Backus [Backus78]. FAD supports abstract data types, parameterized types, and generic functions. A single scope rule establishes the encapsulation requirements for data type specification and program structuring. Certain syntactic additions improve program readability as compared to pure functional notation.",scopus,llm,0.880,unreviewed,,doi:10.1145/800176.809975
discarded,The Design of SimpleITK,Bradley Lowekamp; David Chen; Luis Ibáñez; Daniel J. Blezek,2013,Frontiers in Neuroinformatics,10.3389/fninf.2013.00045,https://openalex.org/W2028911404,supports-claim; adjacent-subtopic; library convenience,"SimpleITK is a new interface to the Insight Segmentation and Registration Toolkit (ITK) designed to facilitate rapid prototyping, education and scientific activities via high level programming languages. ITK is a templated C++ library of image processing algorithms and frameworks for biomedical and other applications, and it was designed to be generic, flexible and extensible. Initially, ITK provided a direct wrapping interface to languages such as Python and Tcl through the WrapITK system. Unlike WrapITK, which exposed ITK's complex templated interface, SimpleITK was designed to provide an easy to use and simplified interface to ITK's algorithms. It includes procedural methods, hides ITK's demand driven pipeline, and provides a template-less layer. Also SimpleITK provides practical conveniences such as binary distribution packages and overloaded operators. Our user-friendly design goals dictated a departure from the direct interface wrapping approach of WrapITK, toward a new facade class structure that only exposes the required functionality, hiding ITK's extensive template use. Internally SimpleITK utilizes a manual description of each filter with code-generation and advanced C++ meta-programming to provide the higher-level interface, bringing the capabilities of ITK to a wider audience. SimpleITK is licensed as open source software library under the Apache License Version 2.0 and more information about downloading it can be found at http://www.simpleitk.org.",openalex,llm_reviewed,0.750,changed,kept->discarded,doi:10.3389/fninf.2013.00045
discarded,"LAMMPS - a flexible simulation tool for particle-based materials modeling at the atomic, meso, and continuum scales",Aidan P. Thompson; Hasan Metin Aktulga; Richard A. Berger; Dan Bolintineanu; W. Michael Brown; Paul Crozier; Pieter J. in ’t Veld; Axel Kohlmeyer; Stan Moore; Trung Dac Nguyen; Ray Shan; Mark J. Stevens; Julien Tranchida; Christian Robert Trott; Steven J. Plimpton,2021,Computer Physics Communications,10.1016/j.cpc.2021.108171,https://openalex.org/W3201073812,adjacent-subtopic,"Since the classical molecular dynamics simulator LAMMPS was released as an open source code in 2004, it has become a widely-used tool for particle-based modeling of materials at length scales ranging from atomic to mesoscale to continuum. Reasons for its popularity are that it provides a wide variety of particle interaction models for different materials, that it runs on any platform from a single CPU core to the largest supercomputers with accelerators, and that it gives users control over simulation details, either via the input script or by adding code for new interatomic potentials, constraints, diagnostics, or other features needed for their models. As a result, hundreds of people have contributed new capabilities to LAMMPS and it has grown from fifty thousand lines of code in 2004 to a million lines today. In this paper several of the fundamental algorithms used in LAMMPS are described along with the design strategies which have made it flexible for both users and developers. We also highlight some capabilities recently added to the code which were enabled by this flexibility, including dynamic load balancing, on-the-fly visualization, magnetic spin dynamics models, and quantum-accuracy machine learning interatomic potentials. Program Title: Large-scale Atomic/Molecular Massively Parallel Simulator (LAMMPS) CPC Library link to program files: https://doi.org/10.17632/cxbxs9btsv.1 Developer's repository link: https://github.com/lammps/lammps Licensing provisions: GPLv2 Programming language: C++, Python, C, Fortran Supplementary material: https://www.lammps.org Nature of problem: Many science applications in physics, chemistry, materials science, and related fields require parallel, scalable, and efficient generation of long, stable classical particle dynamics trajectories. Within this common problem definition, there lies a great diversity of use cases, distinguished by different particle interaction models, external constraints, as well as timescales and lengthscales ranging from atomic to mesoscale to macroscopic. Solution method: The LAMMPS code uses parallel spatial decomposition, distributed neighbor lists, and parallel FFTs for long-range Coulombic interactions [1]. The time integration algorithm is based on the Størmer-Verlet symplectic integrator [2], which provides better stability than higher-order non-symplectic methods. In addition, LAMMPS supports a wide range of interatomic potentials, constraints, diagnostics, software interfaces, and pre- and post-processing features. Additional comments including restrictions and unusual features: This paper serves as the definitive reference for the LAMMPS code. S. Plimpton, Fast parallel algorithms for short-range molecular dynamics. J. Comp. Phys. 117 (1995) 1–19. L. Verlet, Computer experiments on classical fluids: I. Thermodynamical properties of Lennard–Jones molecules, Phys. Rev. 159 (1967) 98–103.",openalex,llm,0.980,unreviewed,,doi:10.1016/j.cpc.2021.108171
discarded,Maude: specification and programming in rewriting logic,Manuel Clavel; Francisco Durán; Steven Eker; Patrick D. Lincoln; Narciso Martı́-Oliet; José Meseguer; José Francisco Quesada,2002,Theoretical Computer Science,10.1016/s0304-3975(01)00359-0,https://openalex.org/W2134287022,adjacent-subtopic,"Maude is a high-level language and a high-performance system supporting executable specification and declarative programming in rewriting logic. Since rewriting logic contains equational logic, Maude also supports equational specification and programming in its sublanguage of functional modules and theories. The underlying equational logic chosen for Maude is membership equational logic, that has sorts, subsorts, operator overloading, and partiality definable by membership and equality conditions. Rewriting logic is reflective, in the sense of being able to express its own metalevel at the object level. Reflection is systematically exploited in Maude endowing the language with powerful metaprogramming capabilities, including both user-definable module operations and declarative strategies to guide the deduction process. This paper explains and illustrates with examples the main concepts of Maude's language design, including its underlying logic, functional, system and object-oriented modules, as well as parameterized modules, theories, and views. We also explain how Maude supports reflection, metaprogramming and internal strategies. The paper outlines the principles underlying the Maude system implementation, including its semicompilation techniques. We conclude with some remarks about applications, work on a formal environment for Maude, and a mobile language extension of Maude. (C) 2002 Elsevier Science B.V. All rights reserved.",openalex,llm,0.960,unreviewed,,doi:10.1016/s0304-3975(01)00359-0
discarded,Algorithm 755: ADOL-C,Andreas Griewank; David W. Juedes; Jean Utke,1996,ACM Transactions on Mathematical Software,10.1145/229473.229474,https://openalex.org/W1994309501,adjacent-subtopic,"The C++ package ADOL-C described here facilitates the evaluation of first and higher derivatives of vector functions that are defined by computer programs written in C or C++. The resulting derivative evaluation routines may be called from C/C++, Fortran, or any other language that can be linked with C. The numerical values of derivative vectors are obtained free of truncation errors at a small multiple of the run-time and randomly accessed memory of the given function evaluation program. Derivative matrices are obtained by columns or rows. For solution curves defined by ordinary differential equations, special routines are provided that evaluate the Taylor coefficient vectors and their Jacobians with respect to the current state vector. The derivative calculations involve a possibly substantial (but always predictable) amount of data that are accessed strictly sequentially and are therefore automatically paged out to external files.",openalex,llm,0.990,unreviewed,,doi:10.1145/229473.229474
