status,title,authors,year,venue,doi,url,tags,abstract,provider,decision_source,llm_confidence,llm_review_outcome,llm_change_direction,paper_id
discarded,Higher-order functions and partial applications for a C++ skeleton library,Herbert Kuchen; Jörg Striegnitz,2002,,10.1145/583810.583824,https://openalex.org/W2021153662,supports-claim; adjacent-subtopic; uses overloading as technique,"Message passing based on libraries such as MPI is typically used to program parallel machines with distributed memory. This is efficient but error prone. Algorithmic skeletons intend to simplify parallel programming by increasing the expressive power. The idea is to offer typical parallel programming patterns as polymorphic higher-order functions which are efficiently implemented in parallel. The present paper describes, how C++ templates and operator overloading can be used in order to provide the main features needed for algorithmic skeletons, namely higher-order functions, partial applications, and parametric polymorphism. Experimental results based on a draft implementation of our C++ skeleton library show that the higher expressive power can be gained without a significant performance penalty.",openalex,llm_reviewed,0.870,changed,kept->discarded,doi:10.1145/583810.583824
discarded,DLVM: A modern compiler infrastructure for deep learning systems,Richard Wei; Lane Schwartz; Vikram Adve,2017,arXiv (Cornell University),10.48550/arxiv.1711.03016,https://openalex.org/W2767935072,adjacent-subtopic,"Deep learning software demands reliability and performance. However, many of the existing deep learning frameworks are software libraries that act as an unsafe DSL in Python and a computation graph interpreter. We present DLVM, a design and implementation of a compiler infrastructure with a linear algebra intermediate representation, algorithmic differentiation by adjoint code generation, domain-specific optimizations and a code generator targeting GPU via LLVM. Designed as a modern compiler infrastructure inspired by LLVM, DLVM is more modular and more generic than existing deep learning compiler frameworks, and supports tensor DSLs with high expressivity. With our prototypical staged DSL embedded in Swift, we argue that the DLVM system enables a form of modular, safe and performant frameworks for deep learning.",openalex,llm,0.940,unreviewed,,doi:10.48550/arxiv.1711.03016
discarded,Opt: A Domain Specific Language for Non-linear Least Squares Optimization in Graphics and Imaging,"Zachary DeVito; Mara, Michael; Michael Zollhöfer; Gilbert Bernstein; Jonathan Ragan‐Kelley; Christian Theobalt; Pat Hanrahan; Matthew Fisher; Matthias Nießner",2016,arXiv (Cornell University),10.48550/arxiv.1604.06525,https://openalex.org/W2342619245,adjacent-subtopic,"Many graphics and vision problems can be expressed as non-linear least squares optimizations of objective functions over visual data, such as images and meshes. The mathematical descriptions of these functions are extremely concise, but their implementation in real code is tedious, especially when optimized for real-time performance on modern GPUs in interactive applications. In this work, we propose a new language, Opt (available under http://optlang.org), for writing these objective functions over image- or graph-structured unknowns concisely and at a high level. Our compiler automatically transforms these specifications into state-of-the-art GPU solvers based on Gauss-Newton or Levenberg-Marquardt methods. Opt can generate different variations of the solver, so users can easily explore tradeoffs in numerical precision, matrix-free methods, and solver approaches. In our results, we implement a variety of real-world graphics and vision applications. Their energy functions are expressible in tens of lines of code, and produce highly-optimized GPU solver implementations. These solver have performance competitive with the best published hand-tuned, application-specific GPU solvers, and orders of magnitude beyond a general-purpose auto-generated solver.",openalex,llm,0.950,unreviewed,,doi:10.48550/arxiv.1604.06525
discarded,Interactive Execution Monitoring of Agent Teams,David E. Wilkins; T. J. Lee; Pauline M. Berry,2003,Journal of Artificial Intelligence Research,10.1613/jair.1112,https://openalex.org/W2152131141,off-topic-false-hit,"There is an increasing need for automated support for humans monitoring the activity of distributed teams of cooperating agents, both human and machine. We characterize the domain-independent challenges posed by this problem, and describe how properties of domains influence the challenges and their solutions. We will concentrate on dynamic, data-rich domains where humans are ultimately responsible for team behavior. Thus, the automated aid should interactively support effective and timely decision making by the human. We present a domain-independent categorization of the types of alerts a plan-based monitoring system might issue to a user, where each type generally requires different monitoring techniques. We describe a monitoring framework for integrating many domain-specific and task-specific monitoring techniques and then using the concept of value of an alert to avoid operator overload. We use this framework to describe an execution monitoring approach we have used to implement Execution Assistants (EAs) in two different dynamic, data-rich, real-world domains to assist a human in monitoring team behavior. One domain (Army small unit operations) has hundreds of mobile, geographically distributed agents, a combination of humans, robots, and vehicles. The other domain (teams of unmanned ground and air vehicles) has a handful of cooperating robots. Both domains involve unpredictable adversaries in the vicinity. Our approach customizes monitoring behavior for each specific task, plan, and situation, as well as for user preferences. Our EAs alert the human controller when reported events threaten plan execution or physically threaten team members. Alerts were generated in a timely manner without inundating the user with too many alerts (less than 10 percent of alerts are unwanted, as judged by domain experts).",openalex,llm,1.000,unreviewed,,doi:10.1613/jair.1112
discarded,Algorithmic Differentiation for Domain-Specific Languages in C plus plus with Expression Templates,"Sagebaum, Max; Gauger, Nicolas R.",2024,"PROCEEDINGS OF THE 2024 INTERNATIONAL CONFERENCE ON ALGORITHMIC DIFFERENTIATION, AD",,https://www.webofscience.com/wos/woscc/full-record/WOS:001835316900015,adjacent-subtopic,"The application of operator overloading algorithmic differentiation (AD) to computer programs to compute derivatives is quite common. However, the replacement of the underlying computational floating-point type with the specialized type of an AD tool has two problems. First, the memory structure of the program is changed and floating-point data is interleaved with identifiers from AD. This property prevents the compiler from performing optimizations such as SIMD optimizations. Second, the AD tool does not recognize any domainspecific operations, e. g. linear algebra operations, which are executed by the program. This characteristic prevents the AD tool from using specialized algorithms in such places. We propose a new AD tool that is tailored to such situations. The memory structure of the primal data is retained by associating an identifier with each entity, e. g. a matrix, and not with each floating-point value, e. g. an element of a matrix. Operations on such entities can then be annotated and a generator is used to create the AD overloads. We demonstrate that this approach provides performance comparable to that of other specializations. In addition, the run-time overhead factor of reverse AD is quite low for programs that are written purely with linear algebra entities and operations.",wos,llm,0.970,unreviewed,,hash:7b5020c5947ba468
discarded,Copy Optimization for Algorithmic Differentiation Reuse Index Management Strategies,"Sagebaum, Max; Bluehdorn, Johannes; Gauger, Nicolas R.",2024,"PROCEEDINGS OF THE 2024 INTERNATIONAL CONFERENCE ON ALGORITHMIC DIFFERENTIATION, AD",,https://www.webofscience.com/wos/woscc/full-record/WOS:001835316900011,adjacent-subtopic,"Simulation-based optimization can benefit considerably from accurate gradient computations. Accuracy is essential if the initial design is quite close to the optimum, for example in turbomachinery design. Algorithmic differentiation provides gradients that are accurate to machine precision. Furthermore, tools implementing algorithmic differentiation automate the gradient computation and guarantee consistent derivatives at low maintenance effort. In operator overloading algorithmic differentiation tools, the mapping of primal variables to adjoint variables (gradients) is usually done via indices. One approach is a linear management scheme, which is easy to implement and supports memory optimization for copy statements. An alternative approach performs a reuse of indices, which requires more implementation effort but results in much smaller adjoint vectors. Therefore the vector mode of algorithmic differentiation scales better with the reuse management scheme. In this paper we present a novel approach that reuses the indices and allows the copy optimization, thus combining the advantages of the two aforementioned schemes. The new approach is compared to the known approaches on a simple synthetic test case and a real-world example using the computational fluid dynamics solver SU2. It is also the default in the algorithmic differentiation tool CoDiPack.",wos,llm,0.990,unreviewed,,hash:494981474a7c2eeb
discarded,Preprocessing expression-based constraint satisfaction problems for stochastic local search,"Sabato, Sivan; Naveh, Yehuda",2007,"INTEGRATION OF AI AND OR TECHNIQUES IN CONSTRAINT PROGRAMMING FOR COMBINATORIAL OPTIMIZATION PROBLEMS, PROCEEDINGS",,https://www.webofscience.com/wos/woscc/full-record/WOS:000247841700018,adjacent-subtopic,"This work presents methods for processing a constraint satisfaction problem (CSP) formulated by an expression-based language, before the CSP is presented to a stochastic local search solver. The architecture we use to implement the methods allows the extension of the expression language by user-defined operators, while still benefiting from the processing methods. Results from various domains, including industrial processor verification problems, show the strength of the methods. As one of our test cases, we introduce the concept of random-expression CSPs as a new form of random CSPs. We believe this form emulates many real-world CSPs more closely than other forms of random CSPs. We also observe a satisfiability phase transition in this type of problem ensemble.",wos,llm,0.960,unreviewed,,hash:f9bc62a83371af02
discarded,PMATLAB: Parallel MATLAB library for signal processing applications,"Bliss, Nadya T.; Kepner, Jeremy; Kim, Hahn; Reuther, Albert",2007,"2007 IEEE INTERNATIONAL CONFERENCE ON ACOUSTICS, SPEECH, AND SIGNAL PROCESSING, VOL IV, PTS 1-3",,https://www.webofscience.com/wos/woscc/full-record/WOS:000248909200298,supports-claim; adjacent-subtopic; uses overloading as technique,"MATLAB (R) is one of the most commonly used languages for scientific computing with approximately one million users worldwide. At MIT Lincoln Laboratory, MATLAB is used by technical staff to develop sensor processing algorithms. MATLAB'S popularity is based on availability of high-level abstractions leading to reduced code development time. Due to the compute intensive nature of scientific computing, these applications often require long running times and would benefit greatly from increased performance offered by parallel computing. pMatlab (www.ll.mit.edu/pMatlab) implements partitioned global address space (PGAS) support via standard operator overloading techniques. The core data structures in pMatlab are distributed arrays and maps, which simplify parallel programming by removing the need for explicit message passing. This paper presents the pMaltab design and results for the HPC Challenge benchmark suite. Additionally, two case studies of pMatlab use are described.",wos,llm_reviewed,0.840,changed,kept->discarded,hash:541f121caf9c9ffd
kept,A tensorial approach to computational continuum mechanics using object-oriented techniques,"Weller, HG; Tabor, G; Jasak, H; Fureby, C",1998,COMPUTERS IN PHYSICS,,https://www.webofscience.com/wos/woscc/full-record/WOS:000077611900023,supports-claim; library-notation,"In this article the principles of the field operation and manipulation (FOAM) C++ class library for continuum mechanics are outlined. Our intention is to make it as easy as possible to develop reliable and efficient computational continuum-mechanics codes: this is achieved by making the top-level syntax of the code as close as possible to conventional mathematical notation for, tensors and partial differential equations. Object-orientation techniques enable the creation of data types that closely mimic those of continuum mechanics, and the operator overloading possible in C++ allows normal mathematical symbols to be used for the basic operations. As an example, the implementation of various types of turbulence modeling in a FOAM computational-fluid-dynamics code is discussed. and calculations performed on a standard test case, that of flow around a square prism, are presented. To demonstrate the flexibility of the FOAM library, codes for solving structures and magnetohydrodynamics are also presented with appropriate test case results given. (C) 1998 American Institute of Physics. [S0894-1866(98)01906-3].",wos,llm_reviewed,0.990,confirmed,,hash:76efabd4abf8b280
discarded,TYPOGRAPHICAL EXTENSIONS FOR PROGRAMMING-LANGUAGES - BREAKING OUT OF THE ASCII STRAITJACKET,"ABRAHAMS, PW",1993,SIGPLAN NOTICES,,https://www.webofscience.com/wos/woscc/full-record/WOS:A1993KN92800007,supports-claim; adjacent-subtopic; typography; user-defined operators named as a possibility only,"Using extended typography, we can design programming languages that utilize modem display and input technologies, thus breaking out of the ASCII straitjacket. We assume that a language has three representations: a visual representation that describes its displayed form, an internal representation defined for each implementation, and an interchange representation, expressed in pure ASCII, that is defined across all implementations. Using extended typography we can use distinctive typefaces to indicate keywords, thus removing the need to reserve them, and can introduce a variety of new symbols more meaningful than those used in most current programming languages. One benefit is the possibility of arbitrary user-defined operators. We can also introduce new kinds of brackets and methods of pairing brackets visually. Extended typography also helps to solve the problems of writing programs in languages other than English.",wos,llm_reviewed,0.920,changed,kept->discarded,hash:6a8d8e50ce7e73df
discarded,Design and implementation of a domain-specific language framework using S-expressions,A. Stojanović,2026,Journal of Computer Languages,10.1016/j.cola.2026.101398,https://www.scopus.com/inward/record.uri?partnerID=HzOxMe3b&scp=105034893261&origin=inward,adjacent-subtopic,"Domain-specific languages enable concise and expressive means of programming within a selected domain, resulting in improved productivity and maintainability when compared to general-purpose languages. Although various implementation techniques exist for defining domain-specific languages, it remains a complex and resource-intensive task that typically requires advanced expertise in language engineering. Therefore, there is a growing need to simplify domain-specific language development. In particular, this work seeks to address this by providing a lightweight, extensible framework that abstracts away low-level language concerns and enables effortless creation of a new domain-specific language. This paper introduces DomainBuilder, a C++- based framework centered around an extensible interpreter architecture. The framework enables the definition of domain-specific abstractions using S-expressions extended with user-defined operators. It provides predefined general-purpose programming constructs that can interoperate seamlessly with newly introduced domain-specific constructs. Its practical applicability is demonstrated through an implementation of a domain-specific language in the domain of data pipelines. DomainBuilder enables efficient and modular construction of domain-specific languages, supporting language composability. It provides an extensible environment that can serve as a foundation for further exploration of extensible interpreter architectures.",scopus,llm,0.890,unreviewed,,doi:10.1016/j.cola.2026.101398
discarded,Algorithmic Differentiation for Domain-Specific Languages in C++ with Expression Templates,M. Sagebaum,2024,8th International Conference on Algorithmic Differentiation AD 2024,10.1137/1.9781611979039.15,https://www.scopus.com/inward/record.uri?partnerID=HzOxMe3b&scp=105040800356&origin=inward,adjacent-subtopic,"The application of operator overloading algorithmic differentiation (AD) to computer programs to compute derivatives is quite common. However, the replacement of the underlying computational floating-point type with the specialized type of an AD tool has two problems. First, the memory structure of the program is changed and floating-point data is interleaved with identifiers from AD. This property prevents the compiler from performing optimizations such as SIMD optimizations. Second, the AD tool does not recognize any domainspecific operations, e. g. linear algebra operations, which are executed by the program. This characteristic prevents the AD tool from using specialized algorithms in such places. We propose a new AD tool that is tailored to such situations. The memory structure of the primal data is retained by associating an identifier with each entity, e. g. a matrix, and not with each floating-point value, e. g. an element of a matrix. Operations on such entities can then be annotated and a generator is used to create the AD overloads. We demonstrate that this approach provides performance comparable to that of other specializations. In addition, the run-time overhead factor of reverse AD is quite low for programs that are written purely with linear algebra entities and operations.",scopus,llm,0.970,unreviewed,,doi:10.1137/1.9781611979039.15
discarded,Copy Optimization for Algorithmic Differentiation Reuse Index Management Strategies,M. Sagebaum,2024,8th International Conference on Algorithmic Differentiation AD 2024,10.1137/1.9781611979039.11,https://www.scopus.com/inward/record.uri?partnerID=HzOxMe3b&scp=105040794640&origin=inward,adjacent-subtopic,"Simulation-based optimization can benefit considerably from accurate gradient computations. Accuracy is essential if the initial design is quite close to the optimum, for example in turbomachinery design. Algorithmic differentiation provides gradients that are accurate to machine precision. Furthermore, tools implementing algorithmic differentiation automate the gradient computation and guarantee consistent derivatives at low maintenance effort. In operator overloading algorithmic differentiation tools, the mapping of primal variables to adjoint variables (gradients) is usually done via indices. One approach is a linear management scheme, which is easy to implement and supports memory optimization for copy statements. An alternative approach performs a reuse of indices, which requires more implementation effort but results in much smaller adjoint vectors. Therefore the vector mode of algorithmic differentiation scales better with the reuse management scheme. In this paper we present a novel approach that reuses the indices and allows the copy optimization, thus combining the advantages of the two aforementioned schemes. The new approach is compared to the known approaches on a simple synthetic test case and a real-world example using the computational fluid dynamics solver SU2. It is also the default in the algorithmic differentiation tool CoDiPack.",scopus,llm,0.990,unreviewed,,doi:10.1137/1.9781611979039.11
