status,title,authors,year,venue,doi,url,tags,abstract,provider,decision_source,llm_confidence,llm_review_outcome,llm_change_direction,paper_id
discarded,Java Grande Forum Report: Making Java Work for High-End Computing,George K. Thiruvathukal,1998,Loyola eCommons (Loyola University of Chicago),,https://openalex.org/W1561267720,adjacent-subtopic,This document describes the Java Grande Forum and includes its initial deliverables.Theseare reports that convey a succinct set of recommendations from this forum to SunMicrosystems and other purveyors of Java™ technology that will enable GrandeApplications to be developed with the Java programming language.,openalex,llm,0.720,unreviewed,,hash:c7f86573c854cf17
discarded,Reliable and automatic composition of language extensions to C: the ableC extensible language framework,Ted Kaminski; Lucas Kramer; Travis Carlson; Eric Van Wyk,2017,Proceedings of the ACM on Programming Languages,10.1145/3138224,https://openalex.org/W2763230528,adjacent-subtopic,"This paper describes an extensible language framework, ableC, that allows programmers to import new, domain-specific, independently-developed language features into their programming language, in this case C. Most importantly, this framework ensures that the language extensions will automatically compose to form a working translator that does not terminate abnormally. This is possible due to two modular analyses that extension developers can apply to their language extension to check its composability. Specifically, these ensure that the composed concrete syntax specification is non-ambiguous and the composed attribute grammar specifying the semantics is well-defined. This assurance and the expressiveness of the supported extensions is a distinguishing characteristic of the approach. The paper describes a number of techniques for specifying a host language, in this case C at the C11 standard, to make it more amenable to language extension. These include techniques that make additional extensions pass these modular analyses, refactorings of the host language to support a wider range of extensions, and the addition of semantic extension points to support, for example, operator overloading and non-local code transformations.",openalex,llm,0.910,unreviewed,,doi:10.1145/3138224
discarded,Codon: A Compiler for High-Performance Pythonic Applications and DSLs,Ariya Shajii; Gabriel Ramirez; Haris Smajlović; Jessica Ray; Bonnie Berger; Saman P. Amarasinghe; Ibrahim Numanagić,2023,,10.1145/3578360.3580275,https://openalex.org/W4321184667,adjacent-subtopic,"Domain-specific languages (DSLs) are able to provide intuitive high-level abstractions that are easy to work with while attaining better performance than general-purpose languages. Yet, implementing new DSLs is a burdensome task. As a result, new DSLs are usually embedded in general-purpose languages. While low-level languages like C or C++ often provide better performance as a host than high-level languages like Python, high-level languages are becoming more prevalent in many domains due to their ease and flexibility. Here, we present Codon, a domain-extensible compiler and DSL framework for high-performance DSLs with Python's syntax and semantics. Codon builds on previous work on ahead-of-time type checking and compilation of Python programs and leverages a novel intermediate representation to easily incorporate domain-specific optimizations and analyses. We showcase and evaluate several compiler extensions and DSLs for Codon targeting various domains, including bioinformatics, secure multi-party computation, block-based data compression and parallel programming, showing that Codon DSLs can provide benefits of familiar high-level languages and achieve performance typically only seen with low-level languages, thus bridging the gap between performance and usability.",openalex,llm,0.890,unreviewed,,doi:10.1145/3578360.3580275
discarded,On the definition of a general learning system with user-defined operators,Fernando Martínez‐Plumed; Cèsar Ferri; José Hernández‐Orallo; Marïa José Ramírez-Quintana,2013,arXiv (Cornell University),10.48550/arxiv.1311.4235,https://openalex.org/W1856419327,adjacent-subtopic,"In this paper, we push forward the idea of machine learning systems whose operators can be modified and fine-tuned for each problem. This allows us to propose a learning paradigm where users can write (or adapt) their operators, according to the problem, data representation and the way the information should be navigated. To achieve this goal, data instances, background knowledge, rules, programs and operators are all written in the same functional language, Erlang. Since changing operators affect how the search space needs to be explored, heuristics are learnt as a result of a decision process based on reinforcement learning where each action is defined as a choice of operator and rule. As a result, the architecture can be seen as a 'system for writing machine learning systems' or to explore new operators where the policy reuse (as a kind of transfer learning) is allowed. States and actions are represented in a Q matrix which is actually a table, from which a supervised model is learnt. This makes it possible to have a more flexible mapping between old and new problems, since we work with an abstraction of rules and actions. We include some examples sharing reuse and the application of the system gErl to IQ problems. In order to evaluate gErl, we will test it against some structured problems: a selection of IQ test tasks and some experiments on some structured prediction problems (list patterns).",openalex,llm,0.970,unreviewed,,doi:10.48550/arxiv.1311.4235
discarded,A Data Mining Approach to Compare Java with Kotlin,Simon Hellbrück,2019,Theseus (Ammattikorkeakoulujen),,https://openalex.org/W2911967182,adjacent-subtopic,"In early 2018, Google announced Kotlin to be one of the official languages for developing Android applications (next to Java). Moreover, several studies reveal that Kotlin is about to make its way to an important language in the developer community. Developers praise the conciseness, short syntax and null pointer safety. No question, a competition has started, but can Kotlin replace Java in the long run? Several factors (combined) will determine if a developer decides learning and/or using Kotlin over Java. Of course, it is also a question of investment. Furthermore, one of the major questions is: Does the short syntax and conciseness of Kotlin causes less occurrences of bad practices? In order to shed light on this question, an experiment was conducted. Java and Kotlin repositories were downloaded from GitHub, bad practices in the respective projects were analysed, counted, summed up and eventually saved in CSV files. After that, several well established statistical methods were applied to the data to get meaningful results. The main conclusion is: A substantial difference in the occurrence of bad practices can not be confirmed.",openalex,llm,0.950,unreviewed,,hash:0910a10e51c0dd98
discarded,Algorithmic differentiation improves the computational efficiency of OpenSim-based trajectory optimization of human movement,Antoine Falisse; Gil Serrancolí; Christopher L. Dembia; Joris Gillis; Friedl De Groote,2019,PLoS ONE,10.1371/journal.pone.0217730,https://openalex.org/W2980529810,adjacent-subtopic,"Algorithmic differentiation (AD) is an alternative to finite differences (FD) for evaluating function derivatives. The primary aim of this study was to demonstrate the computational benefits of using AD instead of FD in OpenSim-based trajectory optimization of human movement. The secondary aim was to evaluate computational choices including different AD tools, different linear solvers, and the use of first- or second-order derivatives. First, we enabled the use of AD in OpenSim through a custom source code transformation tool and through the operator overloading tool ADOL-C. Second, we developed an interface between OpenSim and CasADi to solve trajectory optimization problems. Third, we evaluated computational choices through simulations of perturbed balance, two-dimensional predictive simulations of walking, and three-dimensional tracking simulations of walking. We performed all simulations using direct collocation and implicit differential equations. Using AD through our custom tool was between 1.8 ± 0.1 and 17.8 ± 4.9 times faster than using FD, and between 3.6 ± 0.3 and 12.3 ± 1.3 times faster than using AD through ADOL-C. The linear solver efficiency was problem-dependent and no solver was consistently more efficient. Using second-order derivatives was more efficient for balance simulations but less efficient for walking simulations. The walking simulations were physiologically realistic. These results highlight how the use of AD drastically decreases computational time of trajectory optimization problems as compared to more common FD. Overall, combining AD with direct collocation and implicit differential equations decreases the computational burden of trajectory optimization of human movement, which will facilitate their use for biomechanical applications requiring the use of detailed models of the musculoskeletal system.",openalex,llm,0.990,unreviewed,,doi:10.1371/journal.pone.0217730
discarded,PASCAL-XSC New Concepts for Scientific Computation and Numerical Data Processing,Rolf Hammer; Michael Neaga; D. Ratz,1993,Mathematics in Science and Engineering/Mathematics in science and engineering,10.1016/s0076-5392(08)62840-4,https://openalex.org/W1532900638,adjacent-subtopic; language for scientific computation; operators as feature,,openalex,llm_reviewed,0.670,confirmed,,doi:10.1016/s0076-5392(08)62840-4
discarded,cvc5: A Versatile and Industrial-Strength SMT Solver,Haniel Barbosa; Clark Barrett; Martin Brain; Gereon Kremer; Hanna Lachnitt; Makai Mann; Abdalrhman Mohamed; Mudathir Mohamed; Aina Niemetz; Andres Nötzli; Alex Ozdemir; Mathias Preiner; Andrew Reynolds; Ying Sheng; Cesare Tinelli; Yoni Zohar,2022,Lecture notes in computer science,10.1007/978-3-030-99524-9_24,https://openalex.org/W4225922019,adjacent-subtopic,Abstract cvc5 is the latest SMT solver in the cooperating validity checker series and builds on the successful code base of CVC4. This paper serves as a comprehensive system description of cvc5 ’s architectural design and highlights the major features and components introduced since CVC4 1.8. We evaluate cvc5 ’s performance on all benchmarks in SMT-LIB and provide a comparison against CVC4 and Z3.,openalex,llm,0.990,unreviewed,,doi:10.1007/978-3-030-99524-9_24
discarded,TensorCircuit: a Quantum Software Framework for the NISQ Era,Shi‐Xin Zhang; Jonathan Allcock; Zhou‐Quan Wan; Shuo Liu; Jiace Sun; Hao Yu; Xing-Han Yang; Jiezhong Qiu; Zhaofeng Ye; Yuqin Chen; Chee‐Kong Lee; Yi-Cong Zheng; Shao-Kai Jian; Hong Mei Yao; Chang‐Yu Hsieh; Shengyu Zhang,2023,Quantum,10.22331/q-2023-02-02-912,https://openalex.org/W4318983914,adjacent-subtopic,"TensorCircuit is an open source quantum circuit simulator based on tensor network contraction, designed for speed, flexibility and code efficiency. Written purely in Python, and built on top of industry-standard machine learning frameworks, TensorCircuit supports automatic differentiation, just-in-time compilation, vectorized parallelism and hardware acceleration. These features allow TensorCircuit to simulate larger and more complex quantum circuits than existing simulators, and are especially suited to variational algorithms based on parameterized quantum circuits. TensorCircuit enables orders of magnitude speedup for various quantum simulation tasks compared to other common quantum software, and can simulate up to 600 qubits with moderate circuit depth and low-dimensional connectivity. With its time and space efficiency, flexible and extensible architecture and compact, user-friendly API, TensorCircuit has been built to facilitate the design, simulation and analysis of quantum algorithms in the Noisy Intermediate-Scale Quantum (NISQ) era.",openalex,llm,0.960,unreviewed,,doi:10.22331/q-2023-02-02-912
discarded,Programming languages for mobile code,Tommy Thorn,1997,ACM Computing Surveys,10.1145/262009.262010,https://openalex.org/W2143265472,adjacent-subtopic,"Sun's announcement of the programming language Java more that anything popularized the notion of mobile code, that is, programs traveling on a heterogeneous network and automatically executing upon arrival at the destination. We describe several classes of mobile code and extract their common characteristics, where security proves to be one of the major concerns. With these characteristics as reference points, we examine six representative languages proposed for mobile code. The conclusion of this study leads to our recommendations for future work, illustrated by examples of ongoing research.",openalex,llm,0.970,unreviewed,,doi:10.1145/262009.262010
discarded,"Java, the good, the bad and the ugly",Peter George Martin,1998,ACM SIGPLAN Notices,10.1145/278283.278288,https://openalex.org/W2060247580,adjacent-subtopic,"This paper describes some of the experience gained over the last two years in teaching Java to both second level undergraduates in an Object-Oriented Specialism and to first year Computing undergraduates as a first programming language, and also in the use of Java both in student project work and in the development of an industrial strength graphics application involving in excess of 100 K lines of code.These experiences have brought to light a number of good as well as bad features of the language and in addition a number of language features which whilst not bad or dangerous, form an unnecessary barrier to understanding.Finally, the paper draws some conclusions from the lessons learnt regarding the appropriateness of the choice of Java in preference to other candidates such as Smalltalk and C++ in these two domains of application.",openalex,llm,0.730,unreviewed,,doi:10.1145/278283.278288
discarded,A history of the Groovy programming language,Paul King,2020,Proceedings of the ACM on Programming Languages,10.1145/3386326,https://openalex.org/W3034964333,adjacent-subtopic,"This paper describes the history of the Groovy programming language. At the time of Groovy’s inception, Java was a dominant programming language with a wealth of useful libraries. Despite this, it was perceived by some to be evolving slowing and to have shortcomings for scripting, rapid prototyping and when trying to write minimalistic code. Other languages seemed to be innovating faster than Java and, while overcoming some of Java’s shortcomings, used syntax that was less familiar to Java developers. Integration with Java libraries was also non-optimal. Groovy was created as a complementary language to Java—its dynamic counterpart. It would look and feel like Java but focus on extensibility and rapid innovation. Groovy would borrow ideas from dynamic languages like Ruby, Python and Smalltalk where needed to provide compelling JVM solutions for some of Java’s shortcomings. Groovy supported innovation through its runtime and compile-time metaprogramming capabilities. It supported simple operator overloading, had a flexible grammar and was extensible. These characteristics made it suitable for growing the language to have new commands (verbs) and properties (nouns) specific to a particular domain, a so called Domain Specific Language (DSL). While still intrinsically linked with Java, over time Groovy has evolved from a niche dynamic scripting language into a compelling mainstream language. After many years as a principally dynamically-typed language, a static nature was added to Groovy. Code could be statically type checked or when dynamic features weren’t needed, they could be turned off entirely for Java-like performance. A number of nuances to the static nature came about to support the style of coding used by Groovy developers. Many choices made by Groovy in its design, later appeared in other languages (Swift, C#, Kotlin, Ceylon, PHP, Ruby, Coffeescript, Scala, Frege, TypeScript and Java itself). This includes Groovy’s dangling closure, Groovy builders, null-safe navigation, the Elvis operator, ranges, the spaceship operator, and flow typing. For most languages, we don’t know to what extent Groovy played a part in their choices. We do know that Kotlin took inspiration from Groovy’s dangling closures, builder concept, default it parameter for closures, templates and interpolated strings, null-safe navigation and the Elvis operator. The leadership, governance and sponsorship arrangements of Groovy have evolved over time, but Groovy has always been a successful highly collaborative open source project driven more by the needs of the community than by a vision of a particular company or person.",openalex,llm,0.790,unreviewed,,doi:10.1145/3386326
discarded,2P-Kt: logic programming with objects & functions in Kotlin,Giovanni Ciatto; Roberta Calegari; Enrico Siboni; Enrico Denti; Andrea Omicini,2020,Archivio istituzionale della ricerca (Alma Mater Studiorum Università di Bologna),,https://openalex.org/W3094844482,adjacent-subtopic,"Mainstream programming languages nowadays tends to be more and more multi-paradigm ones, by integrating diverse programming paradigms—e.g., object-oriented programming (OOP) and functional programming (FP). Logic-programming (LP) is a successful paradigm that has contributed to many relevant results in the areas of symbolic AI and multi-agent systems, among the others. Whereas Prolog, the most successful LP language, is typically integrated with mainstream languages via foreign language interfaces, in this paper we propose an alternative approach based on the notion of domain-specific language (DSL), which makes LP available to OOP programmers straightforwardly within their OO language of choice. In particular, we present a Kotlin DSL for Prolog, showing how the Kotlin multi-paradigm (OOP + FP) language can be enriched with LP in a straightforward and effective way. Since it is based on the interoperable 2P-Kt project, our technique also enables the creation of similar DSL on top of other high-level languages such as Scala or JavaScript—thus paving the way towards a more general adoption of LP in general-purpose programming environments.",openalex,llm,0.850,unreviewed,,hash:441d995b15dab3f9
discarded,General Purpose Convolution Algorithm inS4 Classes by Means of FFT,Peter Ruckdeschel; Matthias Kohl,2014,Journal of Statistical Software,10.18637/jss.v059.i04,https://openalex.org/W2096142777,adjacent-subtopic,"Object orientation provides a flexible framework for the implementation of the convolution of arbitrary distributions of real-valued random variables. We discuss an algorithm which is based on the fast Fourier transform. It directly applies to lattice-supported distributions. In the case of continuous distributions an additional discretization to a linear lattice is necessary and the resulting lattice-supported distributions are suitably smoothed after convolution. We compare our algorithm to other approaches aiming at a similar generality as to accuracy and speed. In situations where the exact results are known, several checks confirm a high accuracy of the proposed algorithm which is also illustrated for approximations of non-central χ2 distributions. By means of object orientation this default algorithm is overloaded by more specific algorithms where possible, in particular where explicit convolution formulae are available. Our focus is on R package distr which implements this approach, overloading operator + for convolution; based on this convolution, we define a whole arithmetics of mathematical operations acting on distribution objects, comprising operators +, -, *, /, and ^.",openalex,llm,0.970,unreviewed,,doi:10.18637/jss.v059.i04
kept,Operator Overloading in Modelica 3.1,Hans Olsson; Martin Otter; Hilding Elmqvist; Dag M. Brück,2009,Linköping electronic conference proceedings,10.3384/ecp09430100,https://openalex.org/W2141577242,supports-claim; qualifies-claim; library-notation,"The constructor and operator overloading introduced in Modelica 3.1 is discussed.The goal is that elementary operators like ""+"" or ""*"" can be overloaded for records.This makes it possible to define and use, in a convenient way, complex numbers, polynomials, transfer functions, state space systems, etc.The chosen approach is different to other languages: (a) Only scalar operations need to be overloaded.Array operations are then automatically available, so the growth of the number of overloaded functions is avoided.(b) Automatic type casts between different data types is performed using overloaded constructor functions.Again this reduces the number of overloaded functions.(c) The approach is conservative and only allows overloading if no ambiguity is present, in order to not introduce pitfalls into the language.This is reached by basing the overloading on disjoint sets of matching functions and not on a priority match.",openalex,llm_reviewed,0.990,confirmed,,doi:10.3384/ecp09430100
