status,title,authors,year,venue,doi,url,tags,abstract,provider,decision_source,llm_confidence,llm_review_outcome,llm_change_direction,paper_id
discarded,SOFA: An extensible logical optimizer for UDF-heavy data flows,A. Rheinländer,2015,Information Systems,10.1016/j.is.2015.04.002,https://www.scopus.com/inward/record.uri?partnerID=HzOxMe3b&scp=84929472765&origin=inward,adjacent-subtopic,"Abstract Recent years have seen an increased interest in large-scale analytical data flows on non-relational data. These data flows are compiled into execution graphs scheduled on large compute clusters. In many novel application areas the predominant building blocks of such data flows are user-defined predicates or functions (U df s). However, the heavy use of U df s is not well taken into account for data flow optimization in current systems. S ofa is a novel and extensible optimizer for U df -heavy data flows. It builds on a concise set of properties for describing the semantics of Map/Reduce-style U df s and a small set of rewrite rules, which use these properties to find a much larger number of semantically equivalent plan rewrites than possible with traditional techniques. A salient feature of our approach is extensibility: we arrange user-defined operators and their properties into a subsumption hierarchy, which considerably eases integration and optimization of new operators. We evaluate S ofa on a selection of U df -heavy data flows from different domains and compare its performance to three other algorithms for data flow optimization. Our experiments reveal that S ofa finds efficient plans, outperforming the best plans found by its competitors by a factor of up to six.",scopus,llm,0.990,unreviewed,,doi:10.1016/j.is.2015.04.002
discarded,Safe data parallelism for general streaming,S. Schneider,2015,IEEE Transactions on Computers,10.1109/TC.2013.221,https://www.scopus.com/inward/record.uri?partnerID=HzOxMe3b&scp=84921326768&origin=inward,adjacent-subtopic,"Streaming applications process possibly infinite streams of data and often have both high throughput and low latency requirements. They are comprised of operator graphs that produce and consume data tuples. General streaming applications use stateful, selective, and user-defined operators. The stream programming model naturally exposes task and pipeline parallelism, enabling it to exploit parallel systems of all kinds, including large clusters. However, data parallelism must either be manually introduced by programmers, or extracted as an optimization by compilers. Previous data parallel optimizations did not apply to selective, stateful and user-defined operators. This article presents a compiler and runtime system that automatically extracts data parallelism for general stream processing. Data-parallelization is safe if the transformed program has the same semantics as the original sequential version. The compiler forms parallel regions while considering operator selectivity, state, partitioning, and graph dependencies. The distributed runtime system ensures that tuples always exit parallel regions in the same order they would without data parallelism, using the most efficient strategy as identified by the compiler. Our experiments using 100 cores across 14 machines show linear scalability for parallel regions that are computation-bound, and near linear scalability when tuples are shuffled across parallel regions.",scopus,llm,0.990,unreviewed,,doi:10.1109/tc.2013.221
discarded,Source transformation for the optimized utilization of the matlab runtime system for automatic differentiation,A. Hück,2015,Lecture Notes in Computational Science and Engineering,10.1007/978-3-319-22997-3_7,https://www.scopus.com/inward/record.uri?partnerID=HzOxMe3b&scp=84951293087&origin=inward,adjacent-subtopic,,scopus,llm,0.880,unreviewed,,doi:10.1007/978-3-319-22997-3_7
kept,SciPAL: Expression templates and composition closure objects for high performance computational physics with CUDA and openMP,S. Kramer,2015,ACM Transactions on Parallel Computing,10.1145/2686886,https://www.scopus.com/inward/record.uri?partnerID=HzOxMe3b&scp=84994100565&origin=inward,supports-claim; library-notation,"We present SciPAL (scientific parallel algorithms library), a C++-based, hardware-independent open-source library. Its core is a domain-specific embedded language for numerical linear algebra. The main fields of application are finite element simulations, coherent optics and the solution of inverse problems. Using SciPAL algorithms can be stated in a mathematically intuitive way in terms of matrix and vector operations. Existing algorithms can easily be adapted to GPU-based computing by proper template specialization. Our library is compatible with the finite element library deal.II and provides a port of deal.II's most frequently used linear algebra classes to CUDA (NVidia's extension of the programming languages C and C++ for programming their GPUs). SciPAL's operator-based API for BLAS operations particularly aims at simplifying the usage of NVidia's CUBLAS. For non-BLAS array arithmetic SciPAL's expression templates are able to generate CUDA kernels at compile time. We demonstrate the benefits of SciPAL using the iterative principal component analysis as example which is the core algorithm for the spike-sorting problem in neuroscience.",scopus,llm_reviewed,0.960,confirmed,,doi:10.1145/2686886
discarded,Composable user-defined operators that can express user-defined literals,K. Ichikawa,2014,Modularity 2014 Proceedings of the 13th International Conference on Modularity Formerly Aosd,10.1145/2577080.2577092,https://www.scopus.com/inward/record.uri?partnerID=HzOxMe3b&scp=84900015526&origin=inward,adjacent-subtopic,"This paper proposes new composable user-defined operators, named protean operators. They can express various language extensions including user-defined literals such as regular expression literals as well as user-defined expressions. Their expressiveness is equivalent to Parsing Expression Grammar (PEG). The operators have two important features to be parsed in pragmatic time: overloading by return type and a precedence rule for operators. They can be parsed efficiently even if they express user-defined literals since ambiguities in the grammar are removed by these two features. The overloading by return type enables us to consider static types as non-terminal symbols in the grammar. The compiler can use static type information for parsing. It can resolve ambiguities of the rules with the same syntax but a different type. Protean operators with the same return type require programmers to declare the precedence among them. These precedence rules enable completely removing ambiguities from the grammar since all the rules applicable to the same place are ordered. Thus, the expressions including protean operators can be parsed in pragmatic time. We have implemented a language that is a subset of Java but supports protean operators. We present an experiment to show that the programs including user-defined literals cannot be parsed in pragmatic time in existing approaches but can be efficiently parsed in our approach.",scopus,llm,0.910,unreviewed,,doi:10.1145/2577080.2577092
discarded,MODULARITY 2014 - Proceedings of the 13th International Conference on Modularity (Formerly AOSD),,2014,Modularity 2014 Proceedings of the 13th International Conference on Modularity Formerly Aosd,,https://www.scopus.com/inward/record.uri?partnerID=HzOxMe3b&scp=84900004198&origin=inward,adjacent-subtopic,,scopus,llm,0.930,unreviewed,,hash:262088363cf3cd5a
discarded,Fast reverse-mode automatic differentiation using expression templates in C++,R. Hogan,2014,ACM Transactions on Mathematical Software,10.1145/2560359,https://www.scopus.com/inward/record.uri?partnerID=HzOxMe3b&scp=84904090235&origin=inward,"supports-claim; adjacent-subtopic; convenience of an AD technique, not readability","Gradient-based optimization problems are encountered in many fields, but the associated task of differentiating large computer algorithms can be formidable. The operator-overloading approach to performing reverse-mode automatic differentiation is the most convenient for the user but current implementations are typically 10-35 times slower than the original algorithm. In this paper a fast new operator-overloading method is presented that uses the expression template programming technique in C++ to provide a compile-time representation of each mathematical expression as a computational graph that can be efficiently traversed in either direction. Benchmarking with four different numerical algorithms shows this approach to be 2.6--9 times faster than current operator-overloading libraries, and 1.3--7.7 times more efficient in memory usage. It is typically less than 4 times the computational cost of the original algorithm, although poorer performance is found for all libraries in the case of simple loops containing no mathematical functions. An implementation is freely available in the Adept C++ software library.",scopus,llm_reviewed,0.860,changed,kept->discarded,doi:10.1145/2560359
discarded,Research on axis piezoelectric six-component force/moment sensor clamp device,N. Xu,2013,Applied Mechanics and Materials,10.4028/www.scientific.net/AMM.427-429.1217,https://www.scopus.com/inward/record.uri?partnerID=HzOxMe3b&scp=84886419833&origin=inward,off-topic-false-hit,"The six-component force measurement and real-time force feedback is not only the basis of multi-equipment coordination of operational control and the force comply with the control, but also to develop the technical basis of the overloaded operators, equipment and other heavy equipment. This article designed a fastening device based on the swelling principle of surface friction, for the six-component force sensor with parallel axis rigid connection. Analysis the six-component force sensor measurement principle, study the blessing device dynamometer performance of six-component force sensor. Use the finite element software for modeling and simulation analysis of the structure. Design of the loading experiments, the experiments show that the fastening technology based on the principle of swelling of the surface friction, to solve the six-component force sensor axis fixed and force transmission, interference of swelling structure to the sensor calibration is relatively small, both achieve effective clamping, but also improves the transfer efficiency of the power flow. With good positioning, highly repetitive assembly and disassembly, convenient adjusting device, etc.",scopus,llm,1.000,unreviewed,,doi:10.4028/www.scientific.net/amm.427-429.1217
discarded,Research on axis piezoelectric six-axis force/torque sensor clamping device,Y.J. Li,2013,Applied Mechanics and Materials,10.4028/www.scientific.net/AMM.365-366.623,https://www.scopus.com/inward/record.uri?partnerID=HzOxMe3b&scp=84885694526&origin=inward,off-topic-false-hit,"Six-axis force measurement and real-time force feedback control is realized the basis of the coordination of multi-equipment operation control and conform control, and is developed the technical basis of overloaded operators equipment and other heavy equipment. A surface friction clamping device which is based on the principle of swelling is designed in the paper, and is used to rigid connection between the six-axis force sensor and parallel shaft. The measuring principle of six-axis force sensor is analyzed. Six-axis force sensor dynamometer performance is researched under the influence of clamping device. Modeling and simulation analysis of the structure is obtained by using FEM and loading experiment is designed.",scopus,llm,1.000,unreviewed,,doi:10.4028/www.scientific.net/amm.365-366.623
kept,PyMDO: An Object-Oriented framework for multidisciplinary design optimization,J.R.R.A. Martins,2009,ACM Transactions on Mathematical Software,10.1145/1555386.1555389,https://www.scopus.com/inward/record.uri?partnerID=HzOxMe3b&scp=70349151749&origin=inward,supports-claim; library-notation,"We present pyMDO, an object-oriented framework that facilitates the usage and development of algorithms for multidisciplinary optimization (MDO). The resulting implementation of the MDO methods is efficient and portable. The main advantage of the proposed framework is that it is flexible, with a strong emphasis on object-oriented classes and operator overloading, and it is therefore useful for the rapid development and evaluation of new MDO methods. The top layer interface is programmed in Python and it allows for the layers below the interface to be programmed in C, C++, Fortran, and other languages. We describe an implementation of pyMDO and demonstrate that we can take advantage of object-oriented programming to obtain intuitive, easy-to-read, and easy-to-develop codes that are at the same time efficient. This allows developers to focus on the new algorithms they are developing and testing, rather than on implementation details. Examples demonstrate the user interface and the corresponding results show that the various MDO methods yield the correct solutions.",scopus,llm_reviewed,0.940,confirmed,,doi:10.1145/1555386.1555389
discarded,Fast higher-order derivative tensors with Rapsodia,I. Charpentier,2009,Optimization Methods and Software,10.1080/10556780802413769,https://www.scopus.com/inward/record.uri?partnerID=HzOxMe3b&scp=57649219738&origin=inward,adjacent-subtopic,"A number of practical problems in physics can be solved by using accurate higher-order derivatives. Such derivatives can be obtained with automatic differentiation. However, one has to be concerned with the complexity of computing higher-order derivative tensors even for a modest order and number of independents. Initial experiments using univariate Taylor polynomials with interpolation and operator overloading with unrolled loops showed better runtimes than using other automatic differentiation tools. Motivated by these results, we developed the Rapsodia code generator that produces Fortran and C++libraries for the most common intrinsics. Here we explain the algorithmic approach, implementation, and present test results on a select set of applications. Further details on the Rapsodia tool, and an example for user extensions are given in the Appendix.",scopus,llm,0.980,unreviewed,,doi:10.1080/10556780802413769
discarded,Fast SIMDized Kalman filter based track fit,S. Gorbunov,2008,Computer Physics Communications,10.1016/j.cpc.2007.10.001,https://www.scopus.com/inward/record.uri?partnerID=HzOxMe3b&scp=38949190301&origin=inward,adjacent-subtopic,"Modem high energy physics experiments have to process terabytes of input data produced in particle collisions. The core of many data reconstruction algorithms in high energy physics is the Kalman filter. Therefore, the speed of Kalman filter based algorithms is of crucial importance in on-line data processing. This is especially true for the combinatorial track finding stage where the Kalman filter based track fit is used very intensively. Therefore, developing fast reconstruction algorithms, which use maximum available power of processors, is important, in particular for the initial selection of events which carry signals of interesting physics.

One of such powerful feature supported by almost all up-to-date PC processors is a SIMD instruction set, which allows packing several data items in one register and to operate on all of diem, thus achieving more operations per clock cycle. The novel Cell processor extends the parallelization further by combining a general-purpose PowerPC processor core with eight streamlined coprocessing elements which greatly accelerate vector processing applications.

In the investigation described here, after a significant memory optimization and a comprehensive numerical analysis, the Kalman filter based track fitting algorithm of the CBM experiment has been vectorized using inline operator overloading. Thus the algorithm continues to be flexible with respect to any CPU family used for data reconstruction.

Because of all these changes the SIMDized Kalman filter based track fitting algorithm takes 1 mu s per track that is 10000 times faster than the initial version. Porting the algorithm to a Cell Blade computer gives another factor of 10 of the speedup.

Finally, we compare performance of the tracking algorithm running on three different CPU architectures: Intel Xeon, AMD Opteron and Cell Broadband Engine. (C) 2007 Elsevier B.V. All rights reserved.",scopus,llm,0.940,unreviewed,,doi:10.1016/j.cpc.2007.10.001
discarded,The automatic generation of adjoint solutions for a general purpose flow solver,D.C. Hill,2008,46th AIAA Aerospace Sciences Meeting and Exhibit,10.2514/6.2008-904,https://www.scopus.com/inward/record.uri?partnerID=HzOxMe3b&scp=78149453927&origin=inward,adjacent-subtopic,,scopus,llm,0.860,unreviewed,,doi:10.2514/6.2008-904
discarded,An object-oriented framework for multidisciplinary design optimization,J.R.R.A. Martins,2007,Collection of Technical Papers AIAA ASME ASCE AHS ASC Structures Structural Dynamics and Materials Conference,,https://www.scopus.com/inward/record.uri?partnerID=HzOxMe3b&scp=34547511203&origin=inward,supports-claim; adjacent-subtopic; earlier conference version of pyMDO (cited),,scopus,llm_reviewed,0.780,changed,kept->discarded,hash:76ffb8fd4910da1c
kept,An object-oriented framework for the development of scalable parallel multilevel preconditioners,M. Sala,2006,ACM Transactions on Mathematical Software,10.1145/1163641.1163643,https://www.scopus.com/inward/record.uri?partnerID=HzOxMe3b&scp=33749351444&origin=inward,supports-claim; library-notation,"We present the design of a high-performance object-oriented framework that enables the rapid development and usage of efficient, scalable, and portable implementations of multilevel preconditioners for distributed sparse real matrices, in both serial and (massively) parallel environments. The main feature of the proposed framework is the use of several programming paradigms for the different implementation layers, with a strong emphasis on object-oriented classes and operator overloading for the top layer, and optimized FORTRAN and C code for the layers underneath. We describe an implementation of the proposed framework that is based on the ML library, the algebraic multilevel preconditioning package of Trilinos, which supports state-of-the-art parallel smoothed aggregation methods, and can be used to define general algebraic and geometric multilevel and multigrid preconditioners and solvers. The article demonstrates that we can take advantage of object-oriented programming and operator overloading to obtain intuitive, easy-to-read, and easy-to-develop codes that are at the same time efficient and scalable. Several numerical experiments obtained on serial and parallel computers show that the overhead required by the object-oriented layer is very modest, therefore allowing developers to focus on the new algorithms they are developing and testing, rather than on implementation details.",scopus,llm_reviewed,0.890,confirmed,,doi:10.1145/1163641.1163643
discarded,ADF95: Tool for automatic differentiation of a FORTRAN code designed for large numbers of independent variables,C. Straka,2005,Computer Physics Communications,10.1016/j.cpc.2005.01.011,https://www.scopus.com/inward/record.uri?partnerID=HzOxMe3b&scp=18444407793&origin=inward,adjacent-subtopic,"ADF95 is a tool to automatically calculate numerical first derivatives for any mathematical expression as a function of user defined independent variables. Accuracy of derivatives is achieved within machine precision. ADF95 may be applied to any FORTRAN 77/90/95 conforming code and requires minimal changes by the user. It provides a new derived data type that holds the value and derivatives and applies forward differencing by overloading all FORTRAN operators and intrinsic functions. An efficient indexing technique leads to a reduced memory usage and a substantially increased performance gain over other available tools with operator overloading. This gain is especially pronounced for sparse systems with large number of independent variables. A wide class of numerical simulations, e.g., those employing implicit solvers, can profit from ADF95.",scopus,llm,0.980,unreviewed,,doi:10.1016/j.cpc.2005.01.011
discarded,Combining source transformation and operator overloading techniques to compute derivatives for MATLAB programs,C.H. Bischof,2002,Scam 2002 Proceedings 2nd IEEE International Workshop on Source Code Analysis and Manipulation,10.1109/SCAM.2002.1134106,https://www.scopus.com/inward/record.uri?partnerID=HzOxMe3b&scp=84962163387&origin=inward,adjacent-subtopic,"Derivatives of mathematical functions play a key role in various areas of numerical and technical computing. Many of these computations are done in MATLAB, a popular environment for technical computing providing engineers and scientists with capabilities for mathematical computing, analysis, visualization, and algorithmic development. For functions written in the MATLAB language, a novel software tool is proposed to automatically transform a given MATLAB program into another MATLAB program capable of computing not only the original function but also user-specified derivatives of that function. That is, a program transformation known as automatic differentiation is performed to change the semantics of the program in a fashion based on the chain rule of differential calculus. The crucial ingredient of the tool is a combination of source-to-source transformation and operator overloading. The overall design of the tool is described and numerical experiments are reported demonstrating the efficiency of the resulting code for a sample problem.",scopus,llm,0.980,unreviewed,,doi:10.1109/scam.2002.1134106
