status,title,authors,year,venue,doi,url,tags,abstract,provider,decision_source,llm_confidence,llm_review_outcome,llm_change_direction,paper_id
kept,Advanced expression templates programming,J. Härdtlein,2010,Computing and Visualization in Science,10.1007/s00791-009-0128-2,https://www.scopus.com/inward/record.uri?partnerID=HzOxMe3b&scp=77649233452&origin=inward,supports-claim; library-notation,"Expression Templates (ET) are a powerful tool for development of user-friendly numerical libraries. By this concept and by operator overloading in C++, numerical algorithms can be implemented in a mathematical notation without decreasing the performance in comparison to optimized C or FORTRAN codes. In this paper, we present new Expression Template techniques. First, we explain the concept of ""Easy Expression Templates"", which are easier to implement than classical ET. Then, we explain ""Fast Expression Templates"". This concept leads to an optimal performance even on special architectures like vector machines. Furthermore, concepts for storing expressions and code optimizing are presented. In order to verify the usability of these programming techniques in real applications, we discuss a template library which calculates local stiffness matrices arising from Finite Element discretizations.",scopus,llm_reviewed,0.990,confirmed,,doi:10.1007/s00791-009-0128-2
discarded,Design patterns for multiphysics modeling in Fortran 2003 and C++,D.W.I. Rouson,2010,ACM Transactions on Mathematical Software,10.1145/1644001.1644004,https://www.scopus.com/inward/record.uri?partnerID=HzOxMe3b&scp=76249132080&origin=inward,adjacent-subtopic,"We present three new object-oriented software design patterns in Fortran 2003 and C++. These patterns integrate coupled differential equations, facilitating the flexible swapping of physical and numerical software abstractions at compile-time and runtime. The Semi-Discrete pattern supports the time advancement of a dynamical system encapsulated in a single abstract data type (ADT). The Puppeteer pattern combines ADTs into a multiphysics package, mediates interabstraction communications, and enables implicit marching even when nonlinear terms couple separate ADTs with private data. The Surrogate pattern emulates C++ forward references in Fortran 2003. After code demonstrations using the Lorenz equations, we provide architectural descriptions of our use of the new patterns in extending the Rouson et al. [2008a] Navier-Stokes solver to simulate multiphysics phenomena. We also describe the relationships between the new patterns and two previously developed architectural elements: the Strategy pattern of Gamma et al. [1995] and the template emulation technique of Akin [2003]. This report demonstrates how these patterns manage complexity by providing logical separation between individual physics models and the control logic that bridges between them. Additionally, it shows how language features such as operator overloading and automated memory management enable a clear mathematical notation for model bridging and system evolution.",scopus,llm,0.960,unreviewed,,doi:10.1145/1644001.1644004
discarded,Tools and strategies for debugging distributed stream processing applications,B. Gedik,2009,Software Practice and Experience,10.1002/spe.941,https://www.scopus.com/inward/record.uri?partnerID=HzOxMe3b&scp=70350346092&origin=inward,adjacent-subtopic,"Abstract Distributed data stream processing applications are often characterized by data flow graphs consisting of a large number of built‐in and user‐defined operators connected via streams. These flow graphs are typically deployed on a large set of nodes. The data processing is carried out on‐the‐fly, as tuples arrive at possibly very high rates, with minimum latency. It is well known that developing and debugging distributed, multi‐threaded, and asynchronous applications, such as stream processing applications, can be challenging. Thus, without domain‐specific debugging support, developers struggle when debugging distributed applications. In this paper, we describe tools and language support to support debugging distributed stream processing applications. Our key insight is to view debugging of stream processing applications from four different, but related, perspectives. First, debugging the semantics of the application involves verifying the operator‐level composition and inspecting the flows at the logical level. Second, debugging the user‐defined operators involves traditional source‐code debugging, but strongly tied to the stream‐level interactions. Third, debugging the deployment details of the application require understanding the runtime physical layout and configuration of the application. Fourth, debugging the performance of the application requires inspecting various performance metrics (such as communication rates, CPU utilization, etc.) associated with streams, operators, and nodes in the system. In light of this characterization, we developed several tools such as adebugger‐awarecompiler and an associatedstream debugger,composition and deployment visualizers, andperformance visualizers, as well as language support, such as configuration knobs for logging and tracing, deployment configurations such as operator‐to‐process and process‐to‐node mappings, monitoring directives to inspect streams, and special sink adapters to intercept and dump streaming data to files and sockets, to name a few. We describe these tools in the context ofSpade—a language for creating distributed stream processing applications, andSystem S—a distributed stream processing middleware under development at the IBM Watson Research Center. Published in 2009 by John Wiley & Sons, Ltd.",scopus,llm,0.970,unreviewed,,doi:10.1002/spe.941
discarded,PMATLAB: Parallel MATLAB library for signal processing applications,N.T. Bliss,2007,ICASSP IEEE International Conference on Acoustics Speech and Signal Processing Proceedings,10.1109/ICASSP.2007.367288,https://www.scopus.com/inward/record.uri?partnerID=HzOxMe3b&scp=34547507512&origin=inward,adjacent-subtopic; uses overloading as technique,"MATLAB® is one of the most commonly used languages for scientific computing with approximately one million users worldwide. At MIT Lincoln Laboratory, MATLAB is used by technical staff to develop sensor processing algorithms. MATLAB's popularity is based on availability of high-level abstractions leading to reduced code development time. Due to the compute intensive nature of scientific computing, these applications often require long running times and would benefit greatly from increased performance offered by parallel computing. pMatlab (www.ll.mit.edu/pMatlab) implements partitioned global address space (PGAS) support via standard operator overloading techniques. The core data structures in pMatlab are distributed arrays and maps, which simplify parallel programming by removing the need for explicit message passing. This paper presents the pMatlab design and results for the HPC Challenge benchmark suite. Additionally, two case studies of pMatlab use are described.",scopus,llm_reviewed,0.780,confirmed,,doi:10.1109/icassp.2007.367288
discarded,pMatlab parallel MATLAB library,N. Travinin Bliss,2007,International Journal of High Performance Computing Applications,10.1177/1094342007078446,https://www.scopus.com/inward/record.uri?partnerID=HzOxMe3b&scp=34447556978&origin=inward,adjacent-subtopic; uses overloading as technique,"MATLAB® has emerged as one of the languages most commonly used by scientists and engineers for technical computing, with approximately one million users worldwide. The primary benefits of MATLAB are reduced code development time via high levels of abstractions (e.g. first class multi-dimensional arrays and thousands of built in functions), interpretive, interactive programming, and powerful mathematical graphics. The compute intensive nature of technical computing means that many MATLAB users have codes that can significantly benefit from the increased performance offered by parallel computing. pMatlab provides this capability by implementing parallel global array semantics using standard operator overloading techniques. The core data structure in pMatlab is a distributed numerical array whose distribution onto multiple processors is specified with a “map” construct. Communication operations between distributed arrays are abstracted away from the user and pMatlab transparently supports redistribution between any block-cyclic-overlapped distributions up to four dimensions. pMatlab is built on top of the MatlabMPI communication library and runs on any combination of heterogeneous systems that support MATLAB, which includes Windows, Linux, MacOS X, and SunOS. This paper describes the overall design and architecture of the pMatlab implementation. Performance is validated by implementing the HPC Challenge benchmark suite and comparing pMatlab performance with the equivalent C+MPI codes. These results indicate that pMatlab can often achieve comparable performance to C+MPI, usually at one tenth the code size. Finally, we present implementation data collected from a sample of real pMatlab applications drawn from the approximately one hundred users at MIT Lincoln Laboratory. These data indicate that users are typically able to go from a serial code to an efficient pMatlab code in about 3 hours while changing less than 1% of their code.",scopus,llm_reviewed,0.790,confirmed,,doi:10.1177/1094342007078446
discarded,Implementing a high performance tensor library,W. Landry,2003,Scientific Programming,10.1155/2003/205264,https://www.scopus.com/inward/record.uri?partnerID=HzOxMe3b&scp=0348220965&origin=inward,adjacent-subtopic,"Template methods have opened up a new way of building C++ libraries. These methods allow the libraries to combine the seemingly contradictory qualities of ease of use and uncompromising efficiency. However, libraries that use these methods are notoriously difficult to develop. This article examines the benefits reaped and the difficulties encountered in using these methods to create a friendly, high performance, tensor library. We find that template methods mostly deliver on this promise, though requiring moderate compromises in usability and efficiency.",scopus,llm,0.720,unreviewed,,doi:10.1155/2003/205264
discarded,Simulation of mail warehouse an APL2 solution for a large company problem,A. Skomorokhov,1994,Proceedings of the International Conference on APL the Language and Its Applications APL 1994,10.1145/190271.190310,https://www.scopus.com/inward/record.uri?partnerID=HzOxMe3b&scp=84986001034&origin=inward,adjacent-subtopic,"In 1993, the Australian Federal Government's Committee for the Advancement of University Teaching (CAUT) funded a project to develop an integrated computationally rich first year mathematics course built on the use of APL as an integral part of the instruction. This article outlines how the standard syllabus was amended to respond to the available computing power for elucidating mathematical topics and what mathematical skills were improved or neglected by the novel presentation.",scopus,llm,0.970,unreviewed,,doi:10.1145/190271.190310
discarded,Typographical Extensions for Programming Languages: Breaking out of the ASCII Straitjacket,P.W. Abrahams,1993,ACM SIGPLAN Notices,10.1145/157352.157359,https://www.scopus.com/inward/record.uri?partnerID=HzOxMe3b&scp=84936419750&origin=inward,supports-claim; adjacent-subtopic; typography; user-defined operators named as a possibility only,"Using extended typography, we can design programming languages that utilize modem display and input technologies, thus breaking out of the ASCII straitjacket. We assume that a language has three representations: a visual representation that describes its displayed form, an internal representation defined for each implementation, and an interchange representation, expressed in pure ASCII, that is defined across all implementations. Using extended typography we can use distinctive typefaces to indicate keywords, thus removing the need to reserve them, and can introduce a variety of new symbols more meaningful than those used in most current programming languages. One benefit is the possibility of arbitrary user-defined operators. We can also introduce new kinds of brackets and methods of pairing brackets visually. Extended typography also helps to solve the problems of writing programs in languages other than English.",scopus,llm_reviewed,0.930,changed,kept->discarded,doi:10.1145/157352.157359
discarded,Introductory programming: examining the exams,Norma P. Simon; Donald D. Chinn; Michael de RAADT; Anne Philpott; Judy Sheard; Mikko‐Jussi Laakso; Daryl D’Souza; James Skene; Angela Carbone; Tony Clear; Raymond Lister; Geoff Warburton,2012,Swinburne figshare (Swinburne University of Technology),10.5555/2483716.2483724,https://openalex.org/W1576004360,adjacent-subtopic,"This paper describes a classification scheme that can be used to investigate the characteristics of introductory programming examinations. The scheme itself is described and its categories explained. We describe in detail the process of determining the level of agreement among classifiers, that is, the inter-rater reliability of the scheme, and we report the results of applying the classification scheme to 20 introductory programming examinations. We find that introductory programming examinations vary greatly in the coverage of topics, question styles, skill required to answer questions and the level of difficulty of questions. This study is part of a project that aims to investigate the nature and composition of formal examination instruments used in the summative assessment of introductory programming students, and the pedagogical intentions of the educators who construct these instruments.",openalex,llm,0.990,unreviewed,,doi:10.5555/2483716.2483724
discarded,"Challenges of teaching and studying programming at a university of technology - Viewpoints of students, teachers and the university",Päivi Kinnunen,2009,Aaltodoc (Aalto University),,https://openalex.org/W2601710768,adjacent-subtopic,"This thesis analyses the challenges of the instructional process at a university of technology from the viewpoints of students, teachers and the university administration. The first research question concerns the difficulties students encounter when they study computer programming. Special attention was given to the students' reasons for dropping out of the introductory programming course (CS1). The second research question concerns computer science teachers' conceptions of studying and teaching. The third research question concerns how the instructional process was seen at the teaching organisation level. These three viewpoints represent holistic approach to the challenges of the instructional process. General System Theory (GST) was used as the framework throughout the theoretical and empirical parts of this thesis. Three analysis models were developed: the ""dimension doughnut"", the three-layered didactic triangle and the feedback loop. These tools were used as starting points for developing the categorisation of earlier literature based on its didactic focus, and to analyse systematically the collected empirical data. The empirical data was collected from students in the introductory programming course, computer science teachers, representatives of the administration and formal documents. Both qualitative and quantitative research methods were utilised. The results suggest that the students' reasons for dropping out of the CS1 course were manifold and that they tend to cumulate. On average, dropped out students reported ten reasons that contributed to their decision, of which four affected their decision critically. The reasons included: course arrangements, difficulties to understand course topics, difficulties with time management, no consequences for dropping out, and preference for other courses. Computer science teachers' conceptions of studying were often content oriented. The teachers considered theory and concepts of computer science and the ability to apply knowledge to be the most difficult for the students. The experiences from the previous years courses and customs affected greatly the teaching process. Due to the large-scale courses, it was difficult to make adjustments to the ongoing course. The analysis of the formal documents and interview data of the administrative personnel revealed problematic aspects. For example, goal setting and planning were substance oriented. As a result, soft skills were not systematically discussed or taught during the studies. Moreover, the collection of feedback was not systematic and collected feedback was not always utilised. The results highlighted how students', teachers' and organisation's instructional processes interrelated.",openalex,llm,0.980,unreviewed,,hash:c39c90503c2e6eb0
discarded,Computer-assisted i‘raab of Arabic sentences for teaching grammar to students,Zarah M. Mannaa; Aqil M. Azmi; Hatim Aboalsamh,2022,Journal of King Saud University - Computer and Information Sciences,10.1016/j.jksuci.2022.08.020,https://openalex.org/W4292622500,off-topic-false-hit,"The end-case analysis of Arabic sentences is one of the keys to their meaning. This process is called i‘raab, a daunting task for the students. The outcome of the analysis is twofold: (a) placing a proper diacritical marking on the end-cases of individual words, and (b) providing a logical justification. Our objective is to generate a full i‘raab of the sentences, which could be incorporated in a computer-assisted Arabic grammar learning environment, teaching and helping the students with the i‘raab process. Our system comprises four components that work together to generate a proper i‘raab for the sentence. We devise an enhanced context-free grammar (eCFG) that covers all the cases and rules taught in Saudi schools’ grammar textbooks (grades 7–12). Moreover, our eCFG grammar eliminates the need for specialized grammars, e.g., head-driven phrase structure grammar and link grammar, to resolve complex cases involving dependencies. Furthermore, we utilize ontology to determine the correct semantics. The system was tested on 300 sentences varying in complexity from the Arabic grammar textbooks used in the schools. Our system achieved an overall accuracy of 88.33%.",openalex,llm,1.000,unreviewed,,doi:10.1016/j.jksuci.2022.08.020
discarded,Problems in Choosing Tools and Methods for Teaching Programming,Daiva Vitkutė-Adžgauskienė; Antanas Vidžiūnas,2012,Informatics in Education,10.15388/infedu.2012.15,https://openalex.org/W2399836721,adjacent-subtopic,"The paper analyses the problems in selecting and integrating tools for delivering basic programming knowledge at the university level. Discussion and analysis of teaching the programming disciplines, the main principles of study programme design, requirements for teaching tools, methods and corresponding languages is presented, based on literature overview and author`s experience. A pressure from labor market, students and other sources to emphasize practical skills over deeper, long-term programming concepts is described. A model of teaching introductory programming disciplines at a higher logical level, using C#, is presented as a summary of the accomplished analysis, and also taking into account the recommendations of the ACM (Association for Computing Machinery) association for typical teaching programs. Also, design principles for building introductory programming courses, aligned with such teaching approach, are presented. This model has already been trialed at Vytautas Magnus University.",openalex,llm,0.980,unreviewed,,doi:10.15388/infedu.2012.15
discarded,A data-parallel programming library for education (DAPPLE),David F. Kotz,1995,,10.1145/199688.199730,https://openalex.org/W2035062467,supports-claim; adjacent-subtopic; teaching library uses overloading; no readability claim,"In the context of our overall goal to bring the concepts of parallel computing into the undergraduate curriculum, we set out to find a parallel-programming language for student use. To make it accessible to students at all levels, and to be independent of any particular hardware platform, we chose to design our own language, based on a data-parallel model and on C++. The result, DAPPLE, is a C++ class library designed to provide the illusion of a data-parallel programming language on conventional hardware and with conventional compilers. DAPPLE defines Vectors and Matrices as basic classes, with all the usual C++ operators overloaded to provide elementwise arithmetic. In addition, DAPPLE provides typical data-parallel operations like scans, permutations, and reductions. Finally, DAPPLE provides a parallel if-then-else statement to restrict the scope of the above operations to partial vectors or matrices.",openalex,llm_reviewed,0.770,changed,kept->discarded,doi:10.1145/199688.199730
