status,title,authors,year,venue,doi,url,tags,abstract,provider,decision_source,llm_confidence,llm_review_outcome,llm_change_direction,paper_id
discarded,Monte Carlo evaluation of sensitivities in computational finance,Michael B. Giles,2007,Oxford University Research Archive (ORA) (University of Oxford),,https://openalex.org/W2128859546,adjacent-subtopic,"In computational finance, Monte Carlo simulation is used to compute the correct prices for financial options. More\nimportant, however, is the ability to compute the so-called “Greeks”, the first and second order derivatives of the prices\nwith respect to input parameters such as the current asset price, interest rate and level of volatility.\nThis paper discusses the three main approaches to computing Greeks: finite difference, likelihood ratio method\n(LRM) and pathwise sensitivity calculation. The last of these has an adjoint implementation with a computational cost\nwhich is independent of the number of first derivatives to be calculated. We explain how the practical development of\nadjoint codes is greatly assisted by using Algorithmic Differentiation, and in particular discuss the performance achieved by the FADBAD++ software package which is based on templates and operator overloading within C++.\nThe pathwise approach is not applicable when the financial payoff function is not differentiable, and even when\nthe payoff is differentiable, the use of scripting in real-world implementations means it can be very difficult in practice to evaluate the derivative of very complex financial products. A new idea is presented to address these limitations by combining the adjoint pathwise approach for the stochastic path evolution with LRM for the payoff evaluation.",openalex,llm,0.990,unreviewed,,hash:13d331ee1aff7585
discarded,Applying Threshold Concepts Strategies to Teaching Computing Students in an ODL Context,Jaroslaw Adamiak,2024,Open Praxis,10.55982/openpraxis.16.2.552,https://openalex.org/W4393904563,adjacent-subtopic,"The academic success of first-year students’ learning in science faculties is by no means assured, especially in an Open Distance Learning setting with its limited number of face-to-face encounters between students and lecturers or tutors. Therefore, such encounters should be highly efficient in view of the considerable amount of knowledge transfer to students. The University of South Africa (Unisa) makes provision for contact sessions of 15 hours per semester for selected modules in an attempt to elevate the pedagogical efficiency of these sessions by focusing on the threshold concepts as an innovative way of learning. This paper shows that tutorials adopting the threshold concepts approach have the potential to make students academically more successful. The focus of this study is an introductory information systems module that teaches the Python programming language. Our statistical analysis demonstrated that the year marks and final exam scores of the participating students were frequently higher than those of the students in the control group.",openalex,llm,0.980,unreviewed,,doi:10.55982/openpraxis.16.2.552
discarded,A systematic approach to deriving incremental type checkers,André Pacak; Sebastian Erdweg; Tamás Szabó,2020,Proceedings of the ACM on Programming Languages,10.1145/3428195,https://openalex.org/W3098470576,adjacent-subtopic,"Static typing can guide programmers if feedback is immediate. Therefore, all major IDEs incrementalize type checking in some way. However, prior approaches to incremental type checking are often specialized and hard to transfer to new type systems. In this paper, we propose a systematic approach for deriving incremental type checkers from textbook-style type system specifications. Our approach is based on compiling inference rules to Datalog, a carefully limited logic programming language for which incremental solvers exist. The key contribution of this paper is to discover an encoding of the infinite typing relation as a finite Datalog relation in a way that yields efficient incremental updates. We implemented the compiler as part of a type system DSL and show that it supports simple types, some local type inference, operator overloading, universal types, and iso-recursive types.",openalex,llm,0.990,unreviewed,,doi:10.1145/3428195
discarded,Beginning C# 2008: From Novice to Professional,Christian Groß,2007,CERN Document Server (European Organization for Nuclear Research),10.1007/978-1-4302-0417-6,https://openalex.org/W641409990,adjacent-subtopic,"This book is for anyone who wants to write good C# code--even if you have never programmed before. Writing good code can be a challenge--there are so many options, especially in a .NET language like C#. If you want to really get the best from a programming language, you need to know which features work best in which situations, and understand their strengths and weaknesses. It is this understanding that makes the difference between coding and coding well. Beginning C# 2008: From Novice to Professional, Second Edition has been written to teach you how to use the C# programming language to solve problems. From the earliest chapters and the first introductory concepts, you'll be looking at real--world programming challenges and learning how C# can be used to overcome them. As you progress through the book, the problems become more involved and interesting, while the solutions become correspondingly more complex and powerful as C# features interact to achieve the results that you want. This second edition has been revised and improved to now include the SQL Server 2008 release and explain how you can integrate SQL Server 2008 with your C# applications. By the time you've finished reading this book and worked through the sample exercises, you'll be a confident and very competent C# programmer. You will still have many explorations of the .NET Framework API to look forward to, but you will have a firm foundation to build from, and you will know exactly where to go to find the things that you need to progress confidently in your projects. What you'll learn * Everything to get you started with C# 2008 from scratch--from installing the tools to writing your first applications. * The core concepts of .NET 3.5 programming: from decision trees to data structures, from exceptions to lambda expressions, and from objects to components. * Learn what LINQ is, why functional programming can be important, how generics make your life easier, and much, much, more! Who this book is for This book is for anyone who's just starting out to learn about C#. It doesn't assume any prior knowledge of object--oriented programming, of the .NET Framework, or of coding in general. It simply assumes that you're an intelligent person who wants to learn and starts the journey from there.",openalex,llm,0.940,unreviewed,,doi:10.1007/978-1-4302-0417-6
discarded,What Happens When Students Switch (Functional) Languages (Experience Report),Kuang-Chen Lu; Shriram Krishnamurthi; Kathi Fisler; Ethel Tshukudu,2023,Proceedings of the ACM on Programming Languages,10.1145/3607857,https://openalex.org/W4386317031,adjacent-subtopic,"When novice programming students already know one programming language and have to learn another, what issues do they run into? We specifically focus on one or both languages being functional, varying along two axes: syntax and semantics. We report on problems, especially persistent ones. This work can be of immediate value to educators and also sets up avenues for future research.",openalex,llm,0.980,unreviewed,,doi:10.1145/3607857
discarded,The F programming language,Ralph Frisbie; Richard Allan Hendrickson; Michael Metcalf,1997,ACM SIGPLAN Notices,10.1145/261353.261363,https://openalex.org/W2058978634,adjacent-subtopic,"We introduce a new programming language, F, that is intended for the teaching of modern concepts. Strong typing and a strict syntax facilitate teaching and learning. The language is available in optimized form for all major platforms and some teaching experience has already been gained.",openalex,llm,0.970,unreviewed,,doi:10.1145/261353.261363
discarded,IMMERSIVE TECHNOLOGIES APPLIED TO COMPUTER PROGRAMMING TEACHING:,Luciano Bernardes de Paula; Eryka Augusto; Luis Fernando Pacheco Pereira; Diego Andrade de Jesus; Francisco Hudson Coelho Frota,2021,Journal on Innovation and Sustainability RISUS,10.23925/2179-3565.2021v12i3p127-137,https://openalex.org/W3216756213,adjacent-subtopic,"One of the first challenges for the students that begin to study the computing field is to learn how to program a computer. Nowadays, digital immersive environments are being used in Education with positive results. This paper presents a systematic literature review about the usage of immersive environments (VR or AR) in the teaching and learning of logic and/or computer programming. This paper presents the bases of scientific papers used to search the literature, the results and an analysis of the papers found.",openalex,llm,0.990,unreviewed,,doi:10.23925/2179-3565.2021v12i3p127-137
discarded,Architectural Supports for Block Ciphers in a RISC CPU Core by Instruction Overloading,P. Choi; W. Kong; J.-H. Kim; M.-K. Lee; Dong Kyue Kim,2022,IEEE Transactions on Computers,10.1109/TC.2021.3050515,https://ieeexplore.ieee.org/document/9319522/,off-topic-false-hit,"We propose a novel computer architectural concept of instruction overloading to support block ciphers. Instead of adding new instructions, we extend only the execution of some existing instructions. The proposed method allows a central processing unit core to execute different operations for the same instructions, depending on the address of the data, similar to operator overloading in object-oriented languages. We first present an extension for the AES algorithm, then we demonstrate its enhanced applicability with two further extensions supporting multiple block ciphers and hardware masking. The first extension for AES is also applicable to add/AND-rotate-XOR-based block ciphers such as SIMON. The AES and SIMON encryption speed, on this extended core, is at least doubled and is significantly less affected by memory latency. In addition, the AES encryption code requires only 18% of the memory of the previous software implementation. The second extension can further support various block ciphers defined over GF(28), and the SM4 encryption speed is increased by at least 182%. The third extension provides correlation power analysis (CPA) resistance with a 66.6% area overhead but almost no speed overhead, whereas a typical software anti-CPA AES implementation requires at least hundreds of times the execution time.",ieee,llm,0.980,unreviewed,,doi:10.1109/tc.2021.3050515
discarded,Algorithms and Functions,Peter Fritzson,2015,Principles of Object-Oriented Modeling and Simulation with Modelica 3.3: A Cyber-Physical Approach,10.1002/9781118989166.ch9,https://ieeexplore.ieee.org/document/7027358/,adjacent-subtopic,<![CDATA[<P>This chapter contains sections titled: <UL> <LI> <P>Declarative versus Nondeclarative Constructs</P> </LI> <LI> <P>Algorithms and Statements</P> </LI> <LI> <P>Functions</P> </LI> <LI> <P>External Functions</P> </LI> <LI> <P>User-defined Overloaded Operators and Constructor Functions</P> </LI> <LI> <P>Summary</P> </LI> <LI> <P>Literature</P> </LI> <LI> <P>Exercises</P> </LI> </UL> </P>]]>,ieee,llm,0.910,unreviewed,,doi:10.1002/9781118989166.ch9
discarded,Evaluating the effectiveness of the medium of instruction on learning outcomes in technical subjects among Indian undergraduates: A quasi-experimental cross-over study,D. Gupta,2026,International Journal of Educational Development,10.1016/j.ijedudev.2026.103589,https://www.scopus.com/inward/record.uri?partnerID=HzOxMe3b&scp=105038278634&origin=inward,adjacent-subtopic,"The medium of instruction plays a pivotal role in shaping students' academic performance, engagement, and learning behavior-particularly in linguistically diverse contexts like India. This study investigates the pedagogical efficacy of bilingual (Hindi-English) versus monolingual (English-only) instruction in technical education, focusing on two core Computer Science subjects: Operating System Concepts and Object-Oriented Programming using C++. A quasi-experimental cross-over design was employed with undergraduate students, integrating pre-tests, four formative assessments, post-tests, structured feedback, and instructor observations. Quantitative results revealed that bilingual instruction led to significantly greater learning gains in abstract topics like Memory Management, as evidenced by paired t-tests and Mixed ANOVA. In contrast, programming concepts such as Constructors and Operator Overloading showed no significant post-test differences between the two modes, suggesting mode-neutral efficacy for syntax-driven content. Qualitative insights indicated enhanced clarity, emotional comfort, and active participation under bilingual instruction, particularly for students with limited English proficiency. Instructors observed improved in-class interaction and fewer post-class queries during bilingual sessions. This study fills a critical gap by offering empirical evidence on instructional language design in STEM education. It supports the development of a flexible bilingual teaching approach that improves student achievement and serves as a step toward expanding multilingual practices in higher education.",scopus,llm,0.910,unreviewed,,doi:10.1016/j.ijedudev.2026.103589
discarded,"Design, Implementation and Evaluation of a Novel Programming Language Topic Classification Workflow",M. Zhang,2025,Proceedings 2025 IEEE International Conference on Collaborative Advances in Software and Computing Cascon 2025,10.1109/CASCON66301.2025.00065,https://www.scopus.com/inward/record.uri?partnerID=HzOxMe3b&scp=105033211464&origin=inward,adjacent-subtopic,"As software systems grow in scale and complexity, understanding the distribution of programming language topics within source code becomes increasingly important for guiding technical decisions, improving onboarding, and informing tooling and education. This paper presents the design, implementation, and evaluation of a novel programming language topic classification workflow. Our approach combines a multi-label Support Vector Machine (SVM) with a sliding window and voting strategy to enable fine-grained localization of core language concepts such as operator overloading, virtual functions, inheritance, and templates. Trained on the IBM Project CodeNet dataset, our model achieves an average F1 score of 0.90 across topics and 0.75 in code-topic highlight. Our findings contribute empirical insights and a reusable pipeline for researchers and practitioners interested in code analysis and data-driven software engineering.",scopus,llm,0.980,unreviewed,,doi:10.1109/cascon66301.2025.00065
discarded,tRecX — An environment for solving time-dependent Schrödinger-like problems,A. Scrinzi,2022,Computer Physics Communications,10.1016/j.cpc.2021.108146,https://www.scopus.com/inward/record.uri?partnerID=HzOxMe3b&scp=85113896807&origin=inward,off-topic-false-hit,"tRecX is a C++ code for solving generalized inhomogeneous time-dependent Schr¨odinger-type equations id Ψ /dt = H [ t, Ψ] + Φ in arbitrary dimensions and in a variety of coordinate systems. The operator H [ t, Ψ] may have simple non-linearities, as in Gross-Pitaevskii and Hartree(-Fock) problems. Primary application of tRecX has been non-perturbative strong-ﬁeld single and double photo-electron emission in atomic and molecular physics. The code is designed for large-scale ab initio calculations, for exploring models, and for advanced teaching in computational physics. Distinctive numerical methods are the time-dependent surface ﬂux method for the computation of single and double emission spectra and exterior complex scaling for absorption. Wave functions and operators are handled by tree-structures with the systematic use of recursion on the coarse-grain level. Numerical, analytic, and grid-based discretizations can be combined and are treated on the same abstract level. Operators are speciﬁed in the input using a script language including symbolic algebra. User-friendly in- and output, error safety, and documentation are integrated by design. There are no technical restrictions on the spatial dimension of the problem with up to 6 spatial dimensions realized in the strong-ﬁeld double ionization of Helium. A selection of coordinate systems is available and any Hamiltonian involving up to second derivatives and arbitrary up to three dimensional potentials can be deﬁned on input by simple scripts. Solution method: The method of lines is used with spatial discretization by a ﬂexible combination of one dimensional basis sets, DVR representations, discrete vectors, expansions into higher-dimensional eigenfunctions of user-deﬁned operators and multi-center basis sets. Photo-emission spectra are calculated using the time-dependent surface ﬂux method (tSurﬀ) in combination with inﬁnite range exterior complex scaling (irECS) for absorption. The code is object oriented and makes extensive use of tree-structures and recursive algorithms. Parallelization is by MPI. Code design and performance allow use in production as well as for graduate level training.",scopus,llm,0.950,unreviewed,,doi:10.1016/j.cpc.2021.108146
discarded,An internet course in software development with C++ for engineering students,Y. Gavriel,2000,ASEE Annual Conference Proceedings,,https://www.scopus.com/inward/record.uri?partnerID=HzOxMe3b&scp=8644268900&origin=inward,adjacent-subtopic,,scopus,llm,0.720,unreviewed,,hash:5ed09a81ac655c0a
discarded,Using inheritance for computing with physical quantities: An interdisciplinary project,S. Bergmann,1998,Poceedings of the Conference on Integrating Technology into Computer Science Education Iticse,,https://www.scopus.com/inward/record.uri?partnerID=HzOxMe3b&scp=0031681965&origin=inward,supports-claim; adjacent-subtopic; teaching project uses overloaded units; no readability claim,,scopus,llm_reviewed,0.760,changed,kept->discarded,hash:043edd0ea27e9eb7
discarded,Using inheritance for computing with physical quantities: An interdisciplinary project,S. Bergmann,1998,SIGCSE Bulletin Association for Computing Machinery Special Interest Group on Computer Science Education,10.1145/274790.273159,https://www.scopus.com/inward/record.uri?partnerID=HzOxMe3b&scp=11644309612&origin=inward,supports-claim; adjacent-subtopic; teaching project uses overloaded units; no readability claim,"This paper involves an interdisciplinary project in computer science and physics. Students in introductory physics courses need to be able to deal with dimensioned quantities (often called ""dimensional analysis""), and to solve problems using the correct units for various physical quantities. Computer science students need to understand concepts of object-oriented programming, including the notion of inheritance. In this paper we present a project in which physical quantities such as distance, time, mass, speed, force, power, etc. are represented as objects. The student designing the classes can ensure that the client always combines quantities in an appropriate fashion (e.g. a force must be computed as a mass multiplied by an acceleration). The student designing the classes can also allow the client to compute physical quantities using different units (e.g., the addition of three distances: 1 inch + 2 meters + 3 feet). This is done by defining subclasses Meters, Miles, and Feet, all of which inherit from the class Distance, thus providing the student with a nice example of the proper use of inheritance.The relevant classes, with test driver software, have been implemented and are available at the URL: http://www.rowan.edu/~bergmann The software has been implemented in both C++ and Java, though this paper will use the C++ version in its exposition.",scopus,llm_reviewed,0.850,changed,kept->discarded,doi:10.1145/274790.273159
discarded,C++ class library for teaching and research in image processing,J. Robinson,1996,Proceedings of SPIE the International Society for Optical Engineering,,https://www.scopus.com/inward/record.uri?partnerID=HzOxMe3b&scp=0029720689&origin=inward,adjacent-subtopic; teaching library uses overloading; no readability claim,,scopus,llm_reviewed,0.680,confirmed,,hash:d16c628670bc90ac
