status,title,authors,year,venue,doi,url,tags,abstract,provider,decision_source,llm_confidence,llm_review_outcome,llm_change_direction,paper_id
discarded,A data-parallel programming library for education (DAPPLE),David F. Kotz,1995,ACM SIGCSE Bulletin,10.1145/199691.199730,https://openalex.org/W3082845140,supports-claim; adjacent-subtopic; teaching library uses overloading; no readability claim,"In the context of our overall goal to bring the concepts of parallel computing into the undergraduate curriculum, we set out to find a parallel-programming language for student use. To make it accessible to students at all levels, and to be independent of any particular hardware platform, we chose to design our own language, based on a data-parallel model and on C++. The result, DAPPLE, is a C++ class library designed to provide the illusion of a data-parallel programming language on conventional hardware and with conventional compilers. DAPPLE defines Vectors and Matrices as basic classes, with all the usual C++ operators overloaded to provide elementwise arithmetic. In addition, DAPPLE provides typical data-parallel operations like scans, permutations, and reductions. Finally, DAPPLE provides a parallel if-then-else statement to restrict the scope of the above operations to partial vectors or matrices.",openalex,llm_reviewed,0.770,changed,kept->discarded,doi:10.1145/199691.199730
discarded,A computational toolbox for quantum and atomic optics,Sze M Tan,1999,Journal of Optics B Quantum and Semiclassical Optics,10.1088/1464-4266/1/4/312,https://openalex.org/W2089786348,adjacent-subtopic,"A collection of routines is described which largely automates the process of generating the quantum mechanical equations of motion for problems involving systems with relatively few degrees of freedom. Their use allows the user to adopt a high-level approach to writing simulation programs which concentrates on the physics of the problem, rather than on the details of the solution. Examples are taken from the fields of quantum and atomic optics, but the toolbox is also useful for problems involving quantum information and in teaching quantum mechanics. The toolbox has been implemented using the Matlab programming language, but the ideas may be applied to any other object-oriented language.",openalex,llm,0.820,unreviewed,,doi:10.1088/1464-4266/1/4/312
discarded,Teaching CS1 on-line,Jacobo Carrasquel,1999,,10.1145/299649.299758,https://openalex.org/W2068632246,adjacent-subtopic,"Nowadays, many universities and colleges are offering courses at distance. In this paper, I present my experiences and results with the offering of a CS1 course to students in our campus. The course was offered during the last academic year 97-98. I describe our motivation for the on-line course and my observations about student performance. Also, I compare the results of the on-line class with the traditional one.",openalex,llm,0.990,unreviewed,,doi:10.1145/299649.299758
discarded,CBigInt class: an implementation of big integers in C++,Shyamal Suhana Chandra; Kailash Chandra,2005,Journal of computing sciences in colleges,,https://openalex.org/W1856446294,adjacent-subtopic,"A dynamic implementation of big integers in C++ is presented. A class that implements big integers of unlimited precision is developed and used to introduce the students to dynamic data structures, several algorithms, and several advanced features of C++. The big integer class is implemented using a doubly-linked list and various features of C++, such as, constructors, destructors, function overloading, operator overloading, and container classes. Several incremental programming assignments are also presented that can be used during a course focused on data structures.",openalex,llm,0.940,unreviewed,,hash:455bcc49a54098a8
discarded,A study of students’ learning perceptions and behaviors in remote STEM programming education,Yu-Sheng Su; Ching-Yao Chang; Cheng-Hsin Wang; Chin‐Feng Lai,2022,Frontiers in Psychology,10.3389/fpsyg.2022.962984,https://openalex.org/W4303184285,adjacent-subtopic,"In recent years, STEM education has developed students' fundamental subject knowledge, and has allowed students to integrate STEM cross-domain knowledge. Universities emphasize innovative thinking, practice and application, problem-solving, and teamwork to nurture students while learning STEM cross-domain knowledge development in remote STEM program education. When students take online STEM programs, they may encounter unanswered questions and may give up on trying to solve them. Therefore, this study proposed a problem-based learning approach with an online programming system integrated into an online STEM programming course. To help students solve the past programming assignments, the assignments were simplified, decomposed, and reorganized. The teacher guided the students to understand the STEM programming problems and taught them to use appropriate problem-solving skills to motivate them to complete the STEM programming assignments. The experiment was conducted with students in an online STEM programming course at a university in northern Taiwan. In the experimental activities, we used a problem-based learning approach for the online STEM programming activity. The problem-based learning method can be divided into four steps, namely stating the problem, understanding the problem, developing a solution plan, and executing the plan, reflecting, and debugging. This study used a problem-based learning approach and an online programming system integrated into a STEM programming curriculum to explore the differences in students' perceptions of STEM learning, learning outcomes, and learning behaviors. The experimental results found a significant difference between students' prior knowledge and learning outcomes. Students showed significant gains in learning the STEM programming content using the problem-based learning approach and the online programming system. In the analysis of their STEM learning perceptions, we found that there were significant differences in students' responses for each dimension. This shows that using the problem-based learning approach with the online programming system helped students learn the course content. The analysis of students' behaviors in answering the STEM programming assignments indicated that some students had the habit of taking notes. This helped them to easily associate and integrate STEM cross-domain knowledge with what they had learned in the online course, and enhanced their ability to implement STEM programs. In addition, students could take the initiative and focus on repeatedly watching the teacher solve the material in the online course. Students could try different solving plans to pass the code validation of the STEM programming assignments. This revealed that students wanted to complete the STEM programming assignments to achieve good learning performance.",openalex,llm,0.990,unreviewed,,doi:10.3389/fpsyg.2022.962984
discarded,The Use of an Open-Ended Project to Improve the Student Experience in First Year Programming,Carol C. W. Hulls; Chris Rennick; Sanjeev S. Bedi; Mary Ann Robinson; William Melek,2015,Proceedings of the Canadian Engineering Education Association (CEEA),10.24908/pceea.v0i0.5737,https://openalex.org/W1939552172,adjacent-subtopic,"Prior to 2010, Mechanical and Mechatronics Engineering students at the University of Waterloo were taught an introductory programming course using C++ in first year. Historically, the emphasis was on learning syntax; practising problem-solving was a distant second priority. In addition, many students were noticeably disengaged in lectures, and the assessments used were not authentic.Starting in 2010, a course project was implemented to address these concerns. The project was immediately well received by students, as evidenced by a noticeable number of students going well beyond the minimum project requirements and the variety of projects implemented. Since the project was introduced, the students have been able to successfully answer less structured final exam questions. The increase in problem-solving and thinking skills more than offsets the reduction in language-specific facts. The logistics, challenges and resources required to implement a project of this scope will be described",openalex,llm,0.990,unreviewed,,doi:10.24908/pceea.v0i0.5737
discarded,DASH: Data Structures and Algorithms with Support for Hierarchical Locality,Karl Fürlinger; Colin W. Glass; José Gracia; Andreas Knüpfer; Jie Tao; Denis Hünich; Kamran Idrees; Matthias Maiterth; Yousri Mhedheb; Huan Zhou,2014,Lecture notes in computer science,10.1007/978-3-319-14313-2_46,https://openalex.org/W310114139,adjacent-subtopic,,openalex,llm,0.910,unreviewed,,doi:10.1007/978-3-319-14313-2_46
discarded,A Decision Support System to Ease Operator Overload in Multibeam Passive Sonar,Iain Rice; David G. Lowe,2018,IEEE Journal of Oceanic Engineering,10.1109/joe.2017.2784199,https://openalex.org/W2782888814,off-topic-false-hit,"Creating human-informative signal processing systems for the underwater acoustic environment that do not generate operator cognitive saturation and overload is a major challenge. To alleviate cognitive operator overload, we present a visual analytics methodology in which multiple beam-formed sonar returns are mapped to an optimized 2-D visual representation, which preserves the relevant data structure. This representation alerts the operator as to which beams are likely to contain anomalous information by modeling a latent distribution of information for each beam. Sonar operators therefore focus their attention only on the surprising events. In addition to the principled visualization of high-dimensional uncertain data, the system quantifies anomalous information using a Fisher Information measure. Central to this process is the novel use of both signal and noise observation modeling to characterize the sensor information. A demonstration of detecting exceptionally low signal-to-noise ratio targets embedded in real-world 33-beam passive sonar data is presented.",openalex,llm,1.000,unreviewed,,doi:10.1109/joe.2017.2784199
discarded,Foundations of computer science,Viera K. Proulx; Richard Rasala; Harriet J. Fell,1996,ACM SIGCSE Bulletin,10.1145/237477.237523,https://openalex.org/W3196389106,adjacent-subtopic,"Computer science as a discipline is changing rapidly.New developments in software and hardware are changing the way we write programs, design systems, and create applications.The role of the first year curriculum in computer science is to lay the foundations for becoming a professional in the field.We examine the ways in which the changing nature of computer science influences our teaching methods, our view of which concepts are fundamental, and the overall sense of what it takes to become a successful computer scientist.We propose a first year curriculum model that has a strong emphasis on design, on programming in a structured project based environment, and on the extensive use of tools, libraries, and templates.We illustrate this model by describing a collection of graphicsbased exercises that apply computing across the disciplines.",openalex,llm,0.980,unreviewed,,doi:10.1145/237477.237523
discarded,"Introduction to Programming with Fortran: With Coverage of Fortran 90, 95, 2003, 2008 and 77",Ian David Chivers; Jane Sleightholme,2015,,10.1007/978-0-85729-233-9,https://openalex.org/W1656109764,adjacent-subtopic,,openalex,llm,0.860,unreviewed,,doi:10.1007/978-0-85729-233-9
discarded,Constructivist Computer Science Education Reconstructed,Meurig Beynon,2009,Innovation in Teaching and Learning in Information and Computer Sciences,10.11120/ital.2009.08020073,https://openalex.org/W2133594563,adjacent-subtopic,"The merits of Empirical Modelling (EM) principles and tools as a constructivist approach to computer science education are illustrated with reference to ways in which they have been used in teaching topics related to the standard computer science curriculum. The products of EM are interactive models — construals - that serve a sense-making role. Model-building proceeds in an incremental fashion through the construction of networks of definitions that reflect the observables, dependencies and agents associated with a current situation. The three principal case studies discussed (teaching bubblesort, solving Sudoku puzzles, and recognising groups from their abstract multiplication tables) highlight respects in which EM accounts for aspects of computing that cannot be effectively addressed by thinking primarily in terms of abstractions, procedures and mechanisms. The discussion of EM as a constructivist approach to computer science education is set in the context of an analysis of constructivism in computer science published by Ben-Ari in 2001. Reconciling EM’s constructivist epistemology with this analysis involves recognising its pretensions to a broader view of computer science.",openalex,llm,0.980,unreviewed,,doi:10.11120/ital.2009.08020073
discarded,Beginning Groovy and Grails: From Novice to Professional,Christopher M. Judd; Joseph Faisal Nusairat; Jim Shingler,2008,International Linear Collider,10.1007/978-1-4302-1046-7,https://openalex.org/W582882134,adjacent-subtopic,"Web frameworks are playing a major role in the creation of today's most compelling web applications, because they automate many of the tedious tasks, allowing developers to instead focus on providing users with creative and powerful features. Java developers have been particularly fortunate in this area, having been able to take advantage of Grails, an open source framework that supercharges productivity when building Javadriven web sites. Grails is based on Groovy, which is a very popular and growing dynamic scripting language for Java developers and was inspired by Python, Ruby, and Smalltalk. Beginning Groovy and Grails is the first introductory book on the Groovy language and its primary web framework, Grails. This book gets you started with Groovy and Grails and culminates in the example and possible application of some realworld projects. You follow along with the development of each project, implementing and running each application while learning new features along the way. What youll learn Understand the fundamentals of the open source, dynamic Groovy scripting language and the Grails web framework. Capitalize upon Grails welldefined framework architecture to build web applications faster than ever before. Improve your web application with cuttingedge interface enhancements using Ajax. Use Grails objectrelational mapping solution, GORM, to manage your data store more effectively than ever before. Take advantage of Groovy to create reporting services, implement batch processing, and create alternative client interfaces. Deploy and upgrade your Grailsdriven applications with expertise and ease. Discover an alternative client in Groovy as well. Who is this book for? Java and web developers looking to learn and embrace the power and flexibility offered by the Grails framework and Groovy scripting language About the Apress Beginning Series The Beginning series from Apress is the right choice to get the information you need to land that crucial entrylevel job. Th ese books will teach you a standard and important technology from the ground up because they are explicitly designed to take you from novice to professional. Youll start your journey by seeing what you need to knowbut without needless theory and filler. Youll build your skill set by learning how to put together realworld projects step by step. So whether your goal is your next career challenge or a new learning opportunity, the Beginning series from Apress will take you thereit is your trusted guide through unfamiliar territory! Related Titles The Definitive Guide to Grails Practical JRuby on Rails Web 2.0 Projects: Bringing Ruby on Rails to Java",openalex,llm,0.950,unreviewed,,doi:10.1007/978-1-4302-1046-7
discarded,Web-based student feedback to improve learning,Jason Lowder; Dianne Hagan,1999,,10.1145/305786.305902,https://openalex.org/W2054461538,adjacent-subtopic,"A Web-based anonymous feedback facility has been used for three years to give students a voice and some ownership of the subjects they are studying, and to allow staff to make adjustments to the teaching program in time to help the current student group. Improvements have been made to the system, e.g. the ability for students to identify themselves, extensions to staff e-mail copies, discussion threads to delineate topic areas, and automatic generation of statistics on usage. These statistics show how the need for anonymity decreases as the level of maturity of the students increases. Other planned or recently added improvements are described..",openalex,llm,0.990,unreviewed,,doi:10.1145/305786.305902
discarded,Teaching data structures with Ada,Michael B. Feldman,1990,ACM SIGCSE Bulletin,10.1145/126445.126450,https://openalex.org/W2047908435,adjacent-subtopic,"This paper discusses our eight years of experience in teaching a data structures course using Ada a s the primary programming language .The recent history of the course is summarized, emphasizin g the transition to Ada .Language-to-language comparisons of several particularly attractive Ad a features are given . THE RECENT HISTORY OF CSci 15 9CSci 159, Programming and Data Strucrures,is an undergraduate course in the Georg e Washington University Department of Electrical Engineering and Computer Science, required fo r undergraduate majors in computer science and computer engineering .The course is also populate d by would-be graduate computer science majors who have a weak background in modern dat a structures, and by graduate students from other fields .Typical enrollment is in the neighborhoo d of 100-150 students per year .The author has been teaching this course and others like it since 1975 .The primary language use d was Fortran in 1975 ; transitions were made to PL/1 (1978( ), Pascal (1980) ) and finally Ada in 1985 .Recent primary textbooks have been those of Horowitz and Sahni [Horowitz77], Tenenbaum an d Augenstein [Tenenbaum8l ], Aho, Hoperoft and Ullman [Aho83], and finally this author's ow n text [Feldman85] .At the risk of appearing to ""plug"" the book, we refer to it as Feldman in the sequel .",openalex,llm,0.970,unreviewed,,doi:10.1145/126445.126450
discarded,A Comparative Analysis Of C# And Java As An Introductory Programming Language For Information Systems Students,Ihssan Alkadi; Ghassan Alkadi; Harlan L. Etheridge,2006,Review of Business Information Systems (RBIS),10.19030/rbis.v10i4.4435,https://openalex.org/W2174505424,adjacent-subtopic,"Since the introduction of the C# programming language by Microsoft, the decision to teach C# or Java or both as the introductory language for Information Systems (IS) majors has always been, and continues to be an ongoing predicament. The purpose of this paper is to submit analyses based on a comparison on which language is better as the primary language taught as an introductory language for IS majors. In this paper we intend to show an answer to the question: “C# or Java, that is the question!” Each language has pros and cons for use in an introductory programming language course; however we make a suggestion as to which is the most optimal choice.",openalex,llm,0.970,unreviewed,,doi:10.19030/rbis.v10i4.4435
discarded,Teaching basics of instruction pipelining with HDLDLX,Miloš Bečvář,2004,,10.1145/1275571.1275593,https://openalex.org/W2130752878,adjacent-subtopic,"HDLDLX is a graphically described VHDL model of 5-stage integer pipeline of well known DLX processor. It can be used as a platform explaining logic-level implementation of pipelined processor as a complement to SW functional simulators. Students can interact with model by implementing hazard resolution logic or modifying the pipeline structure. Even though that the model is internally represented in VHDL, the previous knowledge of this language is not required. HDLDLX can be used in conjunction with HDL Designer and Modelsim tools from Mentor Graphics corporation. Article also discusses pros and cons of using commercial EDA tools in undergraduate computer architecture course.",openalex,llm,0.990,unreviewed,,doi:10.1145/1275571.1275593
