status,title,authors,year,venue,doi,url,tags,abstract,provider,decision_source,llm_confidence,llm_review_outcome,llm_change_direction,paper_id
discarded,pyOpt: a Python-based object-oriented framework for nonlinear constrained optimization,Ruben E. Perez; Peter W. Jansen; Joaquim R. R. A. Martins,2011,Structural and Multidisciplinary Optimization,10.1007/s00158-011-0666-3,https://openalex.org/W2012884505,adjacent-subtopic,"We present pyOpt, an object-oriented framework for formulating and solving nonlinear constrained optimization problems in an efficient, reusable and portable manner. The framework uses object-oriented concepts, such as class inheritance and operator overloading, to maintain a distinct separation between the problem formulation and the optimization approach used to solve the problem. This creates a common interface in a flexible environment where both practitioners and developers alike can solve their optimization problems or develop and benchmark their own optimization algorithms. The framework is developed in the Python programming language, which allows for easy integration of optimization software programmed in Fortran, C, C+ +, and other languages. A variety of optimization algorithms are integrated in pyOpt and are accessible through the common interface. We solve a number of problems of increasing complexity to demonstrate how a given problem is formulated using this framework, and how the framework can be used to benchmark the various optimization algorithms.",openalex,llm,0.880,unreviewed,,doi:10.1007/s00158-011-0666-3
discarded,Critical SWAT Values for Predicting Operator Overload,Gary B. Reid; Herbert A. Colle,1988,Proceedings of the Human Factors and Ergonomics Society Annual Meeting,10.1177/154193128803201923,https://openalex.org/W1482932920,off-topic-false-hit,"The Subjective Workload Assessment Technique (SWAT) has been used to assess mental workload in a variety of situations. As with subjective techniques generally, use of SWAT has emphasized relative comparisons of task conditions. For example, it has been possible to determine if one task or display required a greater mental worklaod than another. For many applications, however, it would be useful to have identified a critical SWAT level that indicates likely performance degradation caused by operator overload. A review of previously completed studies suggests a range of SWAT scores that were predictive of operator overload.",openalex,llm,1.000,unreviewed,,doi:10.1177/154193128803201923
discarded,Introduction to Object‐Oriented Programming,Benjamin Perkins; Jacob Vibe Hammer; Jon D. Reid,2018,,10.1002/9781119549550.ch8,https://openalex.org/W1988493586,adjacent-subtopic,"To access the real power of the C# language and the .NET Framework, the users need to make use of object-oriented programming (OOP) techniques. An object is a building block of an OOP application. This chapter explores what objects are and how they work. Classes are type definitions that are used to instantiate objects. Objects can contain data and/or expose operations that other code can use. Data can be made available to external code through properties, and operations can be made available to external code through methods. Both properties and methods are referred to as class members. The chapter then looks at some of the other features of objects: Interfaces; inheritance; polymorphism; relationships between objects; operator overloading; events; and reference versus value types. Furthermore, it looks at an area requiring a thorough understanding of OOP: desktop applications.",openalex,llm,0.750,unreviewed,,doi:10.1002/9781119549550.ch8
discarded,Iterative Methods for Image Deblurring: A Matlab Object-Oriented Approach,James G. Nagy; Katrina Palmer; Lisa Perrone,2004,Numerical Algorithms,10.1023/b:numa.0000027762.08431.64,https://openalex.org/W2053189442,"supports-claim; adjacent-subtopic; uses overloading; ease of use of classes, not readability","In iterative image restoration methods, implementation of efficient matrix vector multiplication, and linear system solves for preconditioners, can be a tedious and time consuming process. Different blurring functions and boundary conditions often require implementing different data structures and algorithms. A complex set of computational methods is needed, each likely having different input parameters and calling sequences. This paper describes a set of Matlab tools that hide these complicated implementation details. Combining the powerful scientific computing and graphics capabilities in Matlab, with the ability to do object-oriented programming and operator overloading, results in a set of classes that is easy to use, and easily extensible.",openalex,llm_reviewed,0.880,changed,kept->discarded,doi:10.1023/b:numa.0000027762.08431.64
discarded,Fixed-point optimization utility for C and C++ based digital signal processing programs,Seehyun Kim; Ki-Il Kum; Wonyong Sung,1998,IEEE Transactions on Circuits and Systems II Analog and Digital Signal Processing,10.1109/82.735357,https://openalex.org/W2132000808,adjacent-subtopic,"Fixed-point optimization utility software is developed that can aid scaling and wordlength determination of digital signal processing algorithms written in C or C++. This utility consists of two programs: the range estimator and the fixed-point simulator. The former estimates the ranges of floating-point variables for purposes of automatic scaling, and the latter translates floating-point programs into fixed-point equivalents to evaluate the fixed-point performance by simulation. By exploiting the operator overloading characteristics of C++, the range estimation and the fixed-point simulation can be conducted by simply modifying the variable declaration of the original program. This utility is easily applicable to nearly all types of digital signal processing programs including nonlinear, time-varying, multirate, and multidimensional signal processing algorithms. In addition, this software can be used to compare the fixed-point characteristics of different implementation architectures. An optimization example for an 8/spl times/8 inverse discrete cosine transform (IDCT) architecture that conforms to the IEEE standard specifications is presented. The optimized results require 8% fewer gates when compared with the previous best implementation.",openalex,llm,0.950,unreviewed,,doi:10.1109/82.735357
discarded,"DNAD, a simple tool for automatic differentiation of Fortran codes using dual numbers",Wenbin Yu; Maxwell Blair,2013,Computer Physics Communications,10.1016/j.cpc.2012.12.025,https://openalex.org/W2035958216,adjacent-subtopic,"DNAD (dual number automatic differentiation) is a simple, general-purpose tool to automatically differentiate Fortran codes written in modern Fortran (F90/95/2003) or legacy codes written in previous version of the Fortran language. It implements the forward mode of automatic differentiation using the arithmetic of dual numbers and the operator overloading feature of F90/95/2003. Very minimum changes of the source codes are needed to compute the first derivatives of Fortran programs. The advantages of DNAD in comparison to other existing similar computer codes are its programming simplicity, extensibility, and computational efficiency. Specifically, DNAD is more accurate and efficient than the popular complex-step approximation. Several examples are used to demonstrate its applications and advantages.

Program summary

Program title: DNAD

Catalogue identifier: AEOS_v1_0

Program summary URL: http://cpc.cs.qub.ac.uk/summaries/AEOS_v1_0.html

Program obtainable from: CPC Program Library, Queen's University, Belfast, N. Ireland

Licensing provisions: Standard CPC licence, http://cpc.cs.qub.ac.uk/licence/licence.html

No. of lines in distributed program, including test data, etc.: 3922

No. of bytes in distributed program, including test data, etc.: 18 275

Distribution format: tar.gz

Programming language: Fortran 90/95/2003.

Computer: All computers with a modern FORTRAN compiler.

Operating system: All platforms with a modern FORTRAN compiler.

Classification: 4.12, 6.2.

Nature of problem:

Derivatives of outputs with respect to inputs of a Fortran code are often needed in physics, chemistry, and engineering. The author of the analysis code may no longer be available and the user may not have a deep knowledge of the code. Thus a simple tool is necessary to automatically differentiate the code with very minimum change to the source codes. This can be achieved using dual number arithmetic and operator overloading.

Solution method:

A new data type is defined with the first scalar component holding the function value and the second array component holding the first derivatives. All the basic operations and functions are overloaded with the new definitions according to dual number arithmetic. To differentiate an existing code, all real numbers should be replaced with this new data type and the input/output of the code should also be modified accordingly.

Running time:

For each additional independent variable, DNAD takes less time than the running time of the original analysis code. However, the actual running time depends on the compiler, the computer, and the operations involved in the code to be differentiated. (C) 2013 Elsevier B.V. All rights reserved.",openalex,llm,0.940,unreviewed,,doi:10.1016/j.cpc.2012.12.025
discarded,Automatic differentiation in C++ using expression templates and. application to a flow control problem,Pierre Aubert; Nicolas Di Césaré; Olivier Pironneau,2001,Computing and Visualization in Science,10.1007/s007910000048,https://openalex.org/W1964926112,adjacent-subtopic,,openalex,llm,0.910,unreviewed,,doi:10.1007/s007910000048
discarded,Convex/concave relaxations of parametric ODEs using Taylor models,Ali M. Sahlodin; Benoît Chachuat,2011,Computers & Chemical Engineering,10.1016/j.compchemeng.2011.01.031,https://openalex.org/W2030389346,adjacent-subtopic,"This paper presents a discretize-then-relax method to construct convex/concave bounds for the solutions of a wide class of parametric nonlinear ODEs. The algorithm builds upon Taylor model methods recently developed for verified solution of parametric ODEs. To enable the propagation of convex/concave state bounds, a new type of Taylor model is introduced, in which convex/concave bounds for the remainder term are computed in addition to the usual interval bounds. At each time step, a two-phase procedure is applied: a priori convex/concave bounds that are valid over the entire time step are calculated in the first phase; then, pointwise-in-time convex/concave bounds at the end of the time step are obtained in the second phase. This algorithm is implemented in an object-oriented manner using templates and operator overloading. It is demonstrated and compared to other available approaches on a selection of problems from the literature. (C) 2011 Elsevier Ltd. All rights reserved.",openalex,llm,0.970,unreviewed,,doi:10.1016/j.compchemeng.2011.01.031
discarded,"FDOT: A Fast, memory-efficient and automated approach for Discrete adjoint sensitivity analysis using the Operator overloading Technique",Reza Djeddi; Kivanc Ekici,2019,Aerospace Science and Technology,10.1016/j.ast.2019.05.004,https://openalex.org/W2945805531,adjacent-subtopic,"Abstract A new toolbox based on operator overloading is introduced for automatic differentiation of scientific computing codes – and in particular legacy computational fluid dynamics solvers that are developed using Fortran. The method can be readily implemented into existing iterative solvers with minimal changes to the primal code. The integrated toolbox can efficiently calculate the sensitivities of any objective function with respect to all variables (design or intermediate) that can later be used for gradient-based design optimization, uncertainty quantification, error estimation, and mesh adaptation. The underlying definition of the current automatic differentiation is directly related to the discrete adjoint sensitivity analysis. Unlike most traditional operator overloading-based adjoint approaches reported in the literature, the current technique offers huge reductions in the memory footprint. To demonstrate the advantages of the current approach, various solvers/problems are considered. It is shown that the proposed technique can be used as an efficient toolbox for automatic differentiation of scientific solvers requiring only a handful additional lines of coding.",openalex,llm,0.980,unreviewed,,doi:10.1016/j.ast.2019.05.004
discarded,Using Automatic Differentiation to Create a Nonlinear Reduced-Order-Model Aerodynamic Solver,Jeffrey Thomas; Earl H. Dowell; Kenneth C. Hall,2009,AIAA Journal,10.2514/1.36414,https://openalex.org/W2137090841,adjacent-subtopic,A novel nonlinear reduced-order-modeling technique for computational aerodynamics and aeroelasticity is presented. The method is based on a Taylor series expansion of a frequency-domain harmonic balance computational fluid dynamicsolver residual.The first- andsecond-order gradientmatrices andtensorsof the Taylorseries expansion are computed using automatic differentiation via FORTRAN 90=95 operator overloading. A Ritz-type expansion using proper orthogonal decomposition shapes is then used in the Taylor series expansion to create the nonlinearreduced-order model. The nonlinear reduced-order-modeling technique is applied to a viscous flow about anaeroelastic NLR 7301 airfoil modelto determine limit cycle oscillations. Computational times are decreased from hours to seconds using the nonlinear reduced-order model.,openalex,llm,0.980,unreviewed,,doi:10.2514/1.36414
discarded,The Development of Hyper-Dual Numbers for Exact Second-Derivative Calculations,Jeffrey A. Fike; Juan Jose Alonso,2011,49th AIAA Aerospace Sciences Meeting including the New Horizons Forum and Aerospace Exposition,10.2514/6.2011-886,https://openalex.org/W2150204552,adjacent-subtopic,"The complex-step approximation for the calculation of derivative information has two significant advantages: the formulation does not suffer from subtractive cancellation errors and it can provide exact derivatives without the need to search for an optimal step size. However, when used for the calculation of second derivatives that may be required for approximation and optimization methods, these advantages vanish. In this work, we develop a novel calculation method that can be used to obtain first (gradient) and second (Hessian) derivatives and that retains all the advantages of the complex-step method (accuracy and step-size independence). In order to accomplish this task, a new number system which we have named hyper-dual numbers and the corresponding arithmetic have been developed. The properties of this number system are derived and explored, and the formulation for derivative calculations is presented. Hyper-dual number arithmetic can be applied to arbitrarily complex software and allows the derivative calculations to be free from both truncation and subtractive cancellation errors. A numerical implementation on an unstructured, parallel, unsteady Reynolds-Averaged Navier Stokes (URANS) solver, Joe, is created using C++ operator overloading. Results are presented demonstrating the potential of this method in computations of relevance to the analysis and design of multi-disciplinary aerospace systems.",openalex,llm,0.940,unreviewed,,doi:10.2514/6.2011-886
discarded,An efficient overloaded implementation of forward mode automatic differentiation in MATLAB,Shaun A. Forth,2006,ACM Transactions on Mathematical Software,10.1145/1141885.1141888,https://openalex.org/W2084689793,adjacent-subtopic,"The Mad package described here facilitates the evaluation of first derivatives of multidimensional functions that are defined by computer codes written in MATLAB. The underlying algorithm is the well-known forward mode of automatic differentiation implemented via operator overloading on variables of the class fmad. The main distinguishing feature of this MATLAB implementation is the separation of the linear combination of derivative vectors into a separate derivative vector class derivvec. This allows for the straightforward performance optimization of the overall package. Additionally, by internally using a matrix (two-dimensional) representation of arbitrary dimension directional derivatives, we may utilize MATLAB's sparse matrix class to propagate sparse directional derivatives for MATLAB code which uses arbitrary dimension arrays. On several examples, the package is shown to be more efficient than Verma's ADMAT package [Verma 1998a].",openalex,llm,0.980,unreviewed,,doi:10.1145/1141885.1141888
discarded,Selection of input features across subjects for classifying crewmember workload using artificial neural networks,T.I. Laine; Kenneth W. Bauer; Jeffrey W. Lanning; Chris A. Russell; Glenn F. Wilson,2002,IEEE Transactions on Systems Man and Cybernetics - Part A Systems and Humans,10.1109/tsmca.2002.807036,https://openalex.org/W2310186433,off-topic-false-hit,"The issue of crewmember workload is important in complex system operation because operator overload leads to decreased mission effectiveness. Psychophysiological research on mental workload uses measures such as electroencephalogram (EEG), cardiac, eye-blink, and respiration measures to identify mental workload levels. This paper reports a research effort whose primary objective was to determine if one parsimonious set of salient psychophysiological features can be identified to accurately classify mental workload levels across multiple test subjects performing a multiple task battery. To accomplish this objective, a stepwise multivariate discriminant analysis heuristic and artificial neural network feature selection with a signal-to-noise ratio (SNR) are used. In general, EEG power in the 31-40-Hz frequency range and ocular input features appeared highly salient. The second objective was to assess the feasibility of a single model to classify mental workload across different subjects. A classification accuracy of 87% was obtained for seven independent validation subjects using neural network models trained with data from other subjects. This result provides initial evidence for the potential use of generalized classification models in multitask workload assessment.",openalex,llm,1.000,unreviewed,,doi:10.1109/tsmca.2002.807036
discarded,Java Automatic Differentiation Tool Using Virtual Operator Overloading,Phuong Pham-Quang; Benoît Delinchant,2012,Lecture notes in computational science and engineering,10.1007/978-3-642-30023-3_22,https://openalex.org/W108476125,adjacent-subtopic,,openalex,llm,0.910,unreviewed,,doi:10.1007/978-3-642-30023-3_22
discarded,Operator Overloading,Daoqi Yang,2001,,10.1007/978-1-4613-0189-9_6,https://openalex.org/W4254821610,adjacent-subtopic; textbook chapter on the mechanism; no readability claim in record,,openalex,llm_reviewed,0.580,confirmed,,doi:10.1007/978-1-4613-0189-9_6
discarded,Efficient optimistic parallel simulations using reverse computation,Christopher D. Carothers; Kalyan S. Perumalla; Richard M. Fujimoto,1999,ACM Transactions on Modeling and Computer Simulation,10.1145/347823.347828,https://openalex.org/W1976533090,adjacent-subtopic,"In optimistic parallel simulations, state-saving techniques have traditionally been used to realize rollback. In this article, we propose reverse computation as an alternative approach, and compare its execution performance against that of state-saving. Using compiler techniques, we describe an approach to automatically generate reversible computations, and to optimize them to reap the performance benefits of reverse computation transparently. For certain fine-grain models, such as queuing network models, we show that reverse computation can yield significant improvement in execution speed coupled with significant reduction in memory utilization, as compared to traditional state-saving. On sample models using reverse computation, we observe as much as a six-fold improvement in execution speed over traditional state-saving.",openalex,llm,0.990,unreviewed,,doi:10.1145/347823.347828
discarded,Automatic differentiation using operator overloading (ADOO) for implicit resolution of hyperbolic single phase and two-phase flow models,François Fraysse; Richard Saurel,2019,Journal of Computational Physics,10.1016/j.jcp.2019.108942,https://openalex.org/W2929288723,adjacent-subtopic,"Abstract Implicit time integration schemes are widely used in computational fluid dynamics to speed-up computations. Indeed, implicit schemes usually allow for less stringent time-step stability constraints than their explicit counterpart. The derivation of an implicit scheme is however a challenging and time-consuming task, increasing substantially with the model equations complexity since this method usually requires fairly accurate evaluation of the spatial scheme's matrix Jacobian. This article presents a flexible method to overcome the difficulties associated to the computation of the derivatives, based on the forward mode of automatic differentiation using operator overloading (ADOO). Flexibility and simplicity of the method are illustrated through implicit resolution of various flow models of increasing complexity such as the compressible Euler equations, a two-phase flow model in full equilibrium [28] and a symmetric variant [44] of the two-phase flow model of Baer and Nunziato [2] dealing with mixtures in total disequilibrium.",openalex,llm,0.980,unreviewed,,doi:10.1016/j.jcp.2019.108942
