status,title,authors,year,venue,doi,url,tags,abstract,provider,decision_source,llm_confidence,llm_review_outcome,llm_change_direction,paper_id
discarded,Impact of GPT-4-Generated Discharge Letters on Patients' Medical Comprehension: Prospective Crossover Study,"Holderried, Friederike; Sonanini, Alessandra; Stegemann-philipps, Christian; Herrmann-werner, Anne; Spitzer, Philipp; Guthoff, Martina; Heyne, Nils; Sering, Konstantin; Holderried, Martin; Eisinger, Felix",2026,JOURNAL OF MEDICAL INTERNET RESEARCH,10.2196/81243,https://www.webofscience.com/wos/woscc/full-record/WOS:001712638800003,off-topic-false-hit,"Background: Patients often struggle to understand standard hospital discharge letters, increasing the risk of medication errors and misunderstandings. According to cognitive load theory (CLT), complex, information-dense texts can overload working memory and impair comprehension. Artificial intelligence tools that generate patient-centered versions could help reduce extraneous cognitive load and bridge this gap. However, evidence for their effectiveness remains limited. Objective: This study aimed to evaluate whether GPT-4 (OpenAI)-generated patient-centered letters improve standardized patients' retention and understanding of safety-relevant medical information compared with standard hospital discharge letters, and to explore potential effects on cognitive load as described by CLT. Methods: In this prospective, randomized, crossover study, 48 trained standardized patients received a conventional discharge letter for an assigned disease (out of 3) and its matching GPT-4-generated patient-centered letter. Participants read one version first, identified predefined safety-relevant ""learning objectives,"" and then repeated the task with the alternate version. The primary outcome was the proportion of learning objectives fully, partially, or not reported. In a secondary analysis, results were stratified by content field (Medication, Organization, Prevention of Complications, Lifestyle/Disease Management) and Bloom taxonomy level (""Remember,"" ""Understand""). Results: The letter type significantly influenced comprehension (odds ratio [OR] 1.74, 95% CI 1.45-2.08; P<.001). Patient letters, compared with discharge letters, led to higher rates of fully (490/1073, 45.7% vs 413/1073, 38.5%) or partially (322/1073, 30% vs 287/1073, 26.7%) stated learning objectives and fewer omissions (261/1073, 24.3% vs 373/1073, 34.8%). Participants performed better on ""Remember"" than on ""Understand"" learning objectives, regardless of letter type (OR 3.33, 95% CI 1.96-5.88; P<.001). Compared with standard hospital discharge letters, patient letters consistently improved results at both cognitive levels (""Remember"": 278/545, 51% vs 242/545, 44.4%; ""Understand"": 212/528, 40.2% vs 171/528, 32.4% fully stated). The effect of patient letters varied by content field (P<.001). The greatest improvements were observed for ""Medication"" (170/254, 66.9% vs 129/254, 50.8% fully stated) and ""Organization"" (78/158, 49.4% vs 62/158, 39.2% fully stated). Improvements in the content field ""Prevention of Complications"" were modest, and those for ""Lifestyle/Disease Management"" were even smaller across all conditions. A total of 24.3% (261/1073) of key information remained unrecognized. Conclusions: In this explanatory study, GPT-4-generated patient letters improved comprehension of safety-relevant discharge information among standardized patients, particularly regarding medication and organizational aspects. However, they were less effective in supporting higher-order understanding, such as risk prevention or lifestyle management. These hypothesis-driven findings can be interpreted within a CLT framework and may motivate prospective evaluation of multimodal, iterative supports.",wos,llm,1.000,unreviewed,,doi:10.2196/81243
discarded,Difficulties in diagram interpretation in physics: An eye-tracking study of visual attention and diagram interpretation strategies,"Klassen, M.; Friege, G.",2026,PHYSICAL REVIEW PHYSICS EDUCATION RESEARCH,10.1103/58hn-493c,https://www.webofscience.com/wos/woscc/full-record/WOS:001706692100001,off-topic-false-hit,"Analyzing and understanding the differences between novices and experts in domains such as physics has been proven to be important for enhancing competence acquisition in that field. This study investigates these differences through an expert-novice comparison by analyzing visual attention, cognitive strategies, and behavior during scientific diagram interpretation. A total of 23 participants (11 novices and 12 experts) completed 10 diagram-based tasks, while their eye movements and verbalizations were recorded. Experts outperformed novices across several dimensions: higher task success (86% vs 70%), significantly greater visual efficiency (23% vs 17%), and longer dwell times in task-relevant areas. Their shorter, more structured scan paths reflected goal-directed, conceptually driven strategies. In contrast, novices showed disoriented gaze behavior, frequent shifts between the diagram and task text, and relied on surface-level reverse-matching strategies, indicating higher extraneous cognitive load. Think-aloud data revealed qualitative reasoning differences: experts used precise, technical language and referenced diagrams accurately, while novices were vague, hesitant, and uncertain. Emotional expressions in novice protocols aligned with signs of cognitive overload. These findings support cognitive load theory, suggesting experts draw on schemas to manage intrinsic load, while novices struggle with element interactivity. Unexpectedly, some experts in the study showed novicelike behavior, whereas some novices exhibited patterns typically associated with expert performance. Novicelike experts often lacked recent exposure to diagram-related coursework. Conversely, some novices demonstrated efficient gaze patterns and structured scanning but still made conceptual errors. To contextualize human performance, two large language models (ChatGPT-4 and DeepSeek-R1) were tested on the same tasks. ChatGPT-4 reached an overall success rate of 50%, handling simple extractions but failing with visual relationships. DeepSeek-R1 performed poorly (10%), revealing current AI limitations in visual interpretation. These results underscore the uniquely human capacity for visual reasoning, schema activation, and metacognitive monitoring, which AI still lacks. The findings emphasize the critical role of graph literacy, representational competence, and cognitive strategy use in diagram interpretation. They highlight the need for explicit instructional interventions to help novices develop expertlike visual attention patterns and reasoning skills.",wos,llm,1.000,unreviewed,,doi:10.1103/58hn-493c
discarded,Symbolic feedback for transparent fault anticipation in neuroergonomic brain-machine interfaces,"Mahrouk, Abdelaali",2025,FRONTIERS IN ROBOTICS AND AI,10.3389/frobt.2025.1656642,https://www.webofscience.com/wos/woscc/full-record/WOS:001627989300001,off-topic-false-hit,"Background Brain-Machine Interfaces (BMIs) increasingly mediate human interaction with assistive systems, yet remain sensitive to internal cognitive divergence. Subtle shifts in user intention-due to fatigue, overload, or schema conflict-may affect system reliability. While decoding accuracy has improved, most systems still lack mechanisms to communicate internal uncertainty or reasoning dynamics in real time.Objective We present NECAP-Interaction, a neuro-symbolic architecture that explores the potential of symbolic feedback to support real-time human-AI alignment. The framework aims to improve neuroergonomic transparency by integrating symbolic trace generation into the BMI control pipeline.Methods All evaluations were conducted using high-fidelity synthetic agents across three simulation tasks (motor control, visual attention, cognitive inhibition). NECAP-Interaction generates symbolic descriptors of epistemic shifts, supporting co-adaptive human-system communication. We report trace clarity, response latency, and symbolic coverage using structured replay analysis and interpretability metrics.Results NECAP-Interaction anticipated behavioral divergence up to 2.3 +/- 0.4 s before error onset and maintained over 90% symbolic trace interpretability across uncertainty tiers. In simulated overlays, symbolic feedback improved user comprehension of system states and reduced latency to trust collapse compared to baseline architectures (CNN, RNN).Conclusion Cognitive interpretability is not merely a technical concern-it is a design priority. By embedding symbolic introspection into BMI workflows, NECAP-Interaction supports user transparency and co-regulated interaction in cognitively demanding contexts. These findings contribute to the development of human-centered neurotechnologies where explainability is experienced in real time.",wos,llm,0.990,unreviewed,,doi:10.3389/frobt.2025.1656642
discarded,Re-imagining sensory substitution through gestural control: Point-To-Tell 2,"Ruan, Ligao; Hamilton-Fletcher, Giles; Beheshti, Mahya; Hudson, Todd E.; Porfiri, Maurizio; Rizzo, John-Ross",2026,DISABILITY AND REHABILITATION-ASSISTIVE TECHNOLOGY,10.1080/17483107.2025.2590679,https://www.webofscience.com/wos/woscc/full-record/WOS:001620370900001,off-topic-false-hit,"Aim:Sensory substitution devices (SSDs) can convert environmental information into an accessible format for people who are blind or have low vision (pBLV). Yet, current SSDs often passively deliver all of the information available with limited user control, potentially leading to confusion and/or cognitive overload. To address this issue, this work proposes a selective, gesture-controlled system intended to improve information relevance and reduce cognitive overload.Methods:We present Point-To-Tell 2, a system that enables pBLV to privately and efficiently select which information to convey through simple pointing-based gestural control. By integrating a monocular camera with AI-driven pipelines for depth estimation, hand pose tracking, and object detection/segmentation, the system identifies the users' 3D pointing direction and announces the names and distances of objects as they are pointed at, thereby connecting an object's spatial position and identity through hand proprioception.Results:Validation tests in controlled indoor environments show high hand pose tracking accuracy, ensuring reliable ray-casting and object selection despite declining object recognition at longer distances. Distance estimates are stable at close range, though a systematic bias is present.Conclusion:This work introduces and technically validates an assistive system designed to improve the usability of assistive technologies by focusing system feedback-potentially reducing users' cognitive load and enhancing their spatial comprehension by leveraging concurrent hand proprioception. Future work will involve user testing and expanding system features to further enhance its practicality across more diverse scenarios.",wos,llm,1.000,unreviewed,,doi:10.1080/17483107.2025.2590679
discarded,"AI and the principles of proper legislation: enhancing quality, understandability, and consistency in legal texts","Araszkiewicz, Michal; Florczak-Wator, Monika",2025,THEORY AND PRACTICE OF LEGISLATION,10.1080/20508840.2025.2559165,https://www.webofscience.com/wos/woscc/full-record/WOS:001573375100001,off-topic-false-hit,"The integration of artificial intelligence (AI) into legislative drafting offers significant potential to enhance the quality, clarity, and coherence of legal texts while addressing key challenges in the legislative process. This paper explores AI's role in legislative drafting by examining three main aspects: the foundational principles of proper legislation, the challenges faced by drafters, and AI's practical applications in improving legal text quality. First, the paper outlines the core legal principles that legislative drafting must uphold, establishing a framework for assessing AI's contributions. Second, it discusses common drafting challenges, including complexity, inconsistencies, and information overload, and how AI can mitigate these issues by improving efficiency, accuracy, and coherence. Third, it explores AI's practical applications, particularly in enhancing legal research through advanced information retrieval and classification, as well as detecting ambiguities, inconsistencies, and structural deficiencies in legal texts. AI-powered natural language processing (NLP) models can further refine legal language by improving readability and precision. Machine learning and knowledge graph technologies can help identify conflicts, redundancies, and gaps in legal frameworks, ensuring greater consistency and accessibility. While AI does not replace human expertise, it serves as a powerful tool to support legislative drafters, fostering more transparent, reliable, and equitable legislative processes. The paper concludes by addressing the prospects of AI-assisted legislative text generation and the ethical risks associated with its use.",wos,llm,1.000,unreviewed,,doi:10.1080/20508840.2025.2559165
discarded,Exploring Satisfaction and Comprehension of Pill Identification Applications: Insights on Design Improvements from Users with Varying Medication Usage Frequencies,"Lin, Yu Syuan; Zheng, Meng-Cong",2025,"DIGITAL HUMAN MODELING AND APPLICATIONS IN HEALTH, SAFETY, ERGONOMICS AND RISK MANAGEMENT, DHM 2025, PT I",10.1007/978-3-031-93502-2_3,https://www.webofscience.com/wos/woscc/full-record/WOS:001542442300003,off-topic-false-hit,"With the advancement of modern medical technology, the public now has quicker access to medications. Among these advancements, drug identification applications provide more accurate drug information to the public and healthcare providers. The COVID-19 pandemic has further accelerated their usage. Nevertheless, medication errors remain a frequent cause of medical incidents. Previous studies on drug identification systems have primarily focused on professional medical contexts, with limited attention given to their use in the daily lives of the general public. Therefore, this study aims to: (1) evaluate how users with varying medication frequencies utilize drug identification applications; (2) examine the impact of pill information visualization on these application interfaces; and (3) investigate how users identify pill information based on the appearance or textual attributes of pill.

The study employed simulated experiments with participants categorized as high-experience and low-experience medication users, who completed surveys for analysis. Following task completion, semi-structured interviews were conducted. The results indicate that high-experience medication users significantly improved their understanding of drugs through the current pill identification systems. However, low-experience users faced excessive information overload, making it difficult to quickly absorb specialized pill knowledge. Regarding pill information, low-experience users relied more heavily on pill images, whereas high-experience users placed greater emphasis on technical terms and professional information. Both technical terms and pill appearance are critical components of pill identification systems. Thus, designing systems that deliver visually improved interfaces to facilitate quick comprehension for both high- and low-experience users is an essential consideration for future development.",wos,llm,1.000,unreviewed,,doi:10.1007/978-3-031-93502-2_3
discarded,Optimizing presentation formats for SF-6Dv2 health status valuation: a qualitative study using cognitive interviews,"Cho, Jahyun; Bae, Eun-Young; Jo, Min-Woo; Ock, Minsu",2025,QUALITY OF LIFE RESEARCH,10.1007/s11136-025-04036-4,https://www.webofscience.com/wos/woscc/full-record/WOS:001538483100001,off-topic-false-hit,"PurposeThe SF-6Dv2 health status valuation using the discrete choice experiment (DCE) method requires effective presentation strategies to improve respondents' overall understanding and reduce bias, particularly in online surveys. This study aimed to determine the optimal presentation formats for DCE choice tasks through qualitative interviews.MethodsWe conducted cognitive interviews with 40 South Korean adults using the think-aloud and retrospective probing methods. Participants evaluated five presentation formats (non-emphasized, bold-underlined, yellow-highlighted, graphic circle, and color-shaded) and two duration attribute placement options (upfront vs. end).ResultsFindings revealed that the presentation format influenced three key areas: readability, comprehension, and comparative judgment. The yellow-highlighted format was the most preferred (50%), followed by the bold-underlined (37.5%) and graphic circle formats (25%), with multiple responses allowed. However, the yellow-highlighted format was criticized for being a visual burden and overlooking non-highlighted information, while the graphic format had issues such as scale direction confusion and inappropriate level summation across attributes. Meanwhile, the bold-underlined format was described easy to read, helpful in grasping the meaning quickly, and visually balanced, thereby reducing visual overload. Moreover, it supported comparative judgment by allowing users to clearly distinguish and compare domains without cognitive fatigue. Regarding duration placement, 26 participants preferred upfront placement, stating that it provided essential context for evaluation. Interestingly, the participants preferring upfront placement prioritized survival duration, while those preferring end placement emphasized the quality of life.ConclusionWhile the yellow-highlighted, bold-underlined, and graphic formats improved comprehension, we recommend the bold-underlined format for future SF-6Dv2 valuation studies as it balances comprehension enhancement with greater stability in choice contexts. The findings also suggest that the presentation format has the potential to influence DCE response patterns, warranting further consideration in survey design.",wos,llm,1.000,unreviewed,,doi:10.1007/s11136-025-04036-4
discarded,Effects of Refutational Texts and Seductive Pictures on Conceptual Change,"Jin, Gan; Ramazan, Onur; Danielson, Robert William",2024,JOURNAL OF EXPERIMENTAL EDUCATION,10.1080/00220973.2023.2238644,https://www.webofscience.com/wos/woscc/full-record/WOS:001039505400001,off-topic-false-hit,"As educators, we often seek to engage students' prior knowledge to help them learn new and potentially difficult science content. However, sometimes our experiences with the world lead us to create misconceptions that run counter to the scientific consensus. Refutational texts have been shown to be more effective at changing individuals' misconceptions compared to traditional (i.e., expository) texts. Sometimes, conceptual change materials might include irrelevant but interesting pictures geared toward increasing engagement or positive affect while learning. These are referred to as seductive pictures, and although they are intended to promote the situational interest of readers, they may hinder learning since they might cause cognitive overload. The current study sought to investigate the effects of text structure and seductive pictures on individuals' knowledge of genetically modified foods, situational interest, and cognitive loads. We found significant learning advantages for the refutational text groups and significant disadvantages for the seductive pictures groups. Additionally, the individuals who were exposed to seductive pictures demonstrated higher levels of extraneous cognitive load than those who were not. Implications and limitations of the present study are discussed.",wos,llm,1.000,unreviewed,,doi:10.1080/00220973.2023.2238644
discarded,Less is more: Information overload in the labelling of fish and aquaculture products,"Bogliacino, Francesco; Charris, Rafael; Codagnone, Cristiano; Folkvord, Frans; Gaskell, George; Gomez, Camilo; Liva, Giovanni; Montealegre, Felipe",2023,FOOD POLICY,10.1016/j.foodpol.2023.102435,https://www.webofscience.com/wos/woscc/full-record/WOS:000971095200001,off-topic-false-hit,"Food labels have been used extensively for informing consumers to make more rational and safer decisions. However, this carries the risk of confusing consumers with multiple claims which may distract from key infor-mation such as the country of origin of the product. To inform the European legislation, we have tested labels on fish and aquaculture products in three separate experiments, across several European Member States. The main results showed that mandatory information is better recalled than voluntary information. In addition, consumers perceive, and process differently labels for farmed and caught fish, relying more on quality claims for the former. Nonetheless, in both cases, while they value visual information, they are likely to be confused by voluntary claims including flags. Finally, when additional claims are added step by step, they lead to a decrease in accuracy of recall and comprehension. In sum, less is better, because too much information on food labels lead to cognitive overload and consumer confusion.",wos,llm,1.000,unreviewed,,doi:10.1016/j.foodpol.2023.102435
