status,title,authors,year,venue,doi,url,tags,abstract,provider,decision_source,llm_confidence,llm_review_outcome,llm_change_direction,paper_id
discarded,A Survey of AI-Driven STIG Automation Techniques in Modern DevSecOps Environments,Rahul Yashwant Rokade; Bhagyashree Dhakulkar,2026,2026 International Conference on Emerging Technologies and Future Innovations (ETFI),10.1109/ETFI68128.2026.11484642,https://ieeexplore.ieee.org/document/11484642/,adjacent-subtopic,"Based on an analysis of the federal security compliance problems, it has been seen that the Defense Information Systems Agency (DISA) Security Technical Implementation Guides (STIG) are the necessary security guidelines for government and commercial IT infrastructure [1]. The modern DevSecOps approaches have limitations with manual STIG compliance across multi-platform environments and CI/CD pipelines, leading to inefficiencies, complexity overload, and lack of scale [3], [5]. This survey indicates that the cybersecurity research community has evolved from a singleminded focus on implementing STIG automation techniques as rule-based frameworks in organizations to AI methodologies that drastically evolve the approach to compliance management. The systematic review includes the assessment of 25 scholarly studies, regulation documents, and technical specifications from 2012-2025, coupled with an original quantitative cross-platform performance examination to capture 11 distinct system/compliance standard settings. Empirical results also show significant performance variation across $\mathbf{1. 3 \%}$ (RHEL 8.x HIPAA implementation) to $\mathbf{8 4. 0 \%}$ (RHEL 9.6 DISA STIG V2R6 implementation), which yields a total traditional automation performance baseline of $\mathbf{2 8. 3 \%}$ over the $\mathbf{3, 2 4 5}$ security control requirements analyzed. The results underscore the limitations faced by existing approaches and underscore the case for AIdriven approaches that include semantic policy understanding, deployable environment and context, on SCM-based security orchestration in DevSecOps workflows. Security Technical Implementation Guides (STIGs) published by the Defense Information Systems Agency (DISA) form the basis for configuration standards to secure enterprise and government systems. As organizations transition to DevSecOps, it becomes challenging to execute and validate STIG requirements manually, which has resulted in long and laborious processes, vulnerability to human error, and lack of scalability. This analysis charts the progression of STIG automation from script-based approaches back to our present AI-powered tools, tracking their success in fulfilling compliance in modern-day DevSecOps systems. By reviewing academic literature, industry best practices, and new technology, we assess the current state of automatic STIG adoption, outline prevalent concerns, and propose directions for intelligent compliance management system development as new research. Our study finds that although AI assisted with automation has significantly raised coverage and decreased false positives relative to traditional approaches, some challenges still exist in semantic policy comprehension, cross-platform reliability, and organizational adoption challenges.",ieee,llm,0.940,unreviewed,,doi:10.1109/etfi68128.2026.11484642
discarded,From Blocks to Touch: Tangible Interfaces to Reduce Barriers in Adult Inclusive Coding,Lorenzo Notaro; Alessandro Pagano; Veronica Rossano; Francesca Pia Travisani,2026,2026 ASU International Conference in Emerging Technologies for Sustainability and Intelligent Systems (ICETSIS),10.1109/ICETSIS68266.2026.11548927,https://ieeexplore.ieee.org/document/11548927/,adjacent-subtopic,"Evidence on inclusive coding interventions for people with intellectual/cognitive disabilities remains largely child-centred and school-based, leaving adult nonformal contexts underexplored. This paper reports an exploratory mixed-methods study conducted in an Italian day centre with eight adults (26-63) with documented intellectual disability. We implemented a three-month pathway (nine weekly sessions per subgroup) progressing from unplugged logic activities to Scratch block-based programming and then to tangible interaction using Makey Makey. Rather than targeting computational thinking attainment only, we foreground interactional barriers and enabling mechanisms. Data combined objective task outputs (where available), a $1-5$ observational rubric (autonomy, comprehension, accuracy, collaboration), and qualitative field notes/educator diaries. Findings show modality-sensitive barriers (e.g., time-pressure anxiety, sequencing overload, interaction overhead, fatigue sensitivity, coordination challenges) and suggest that tangible inputs can act as an accessibility bridge by strengthening action-effect coupling, supporting recoverable trial-and-error, and anchoring shared attention during collaboration. We contribute (i) a barrier taxonomy for adult non-formal inclusive coding, (ii) a characterization of tangible affordances as accessibility mechanisms, and (iii) interaction-informed design guidelines for replicable practice in adult services.",ieee,llm,0.970,unreviewed,,doi:10.1109/icetsis68266.2026.11548927
discarded,ISO/IEC/IEEE International Standard - Systems and software engineering -- Vocabulary,,2010,ISO/IEC/IEEE 24765:2010(E),10.1109/IEEESTD.2010.5733835,https://ieeexplore.ieee.org/document/5733835/,adjacent-subtopic,"ISO/IEC/IEEE 24765:2010 provides a common vocabulary applicable to all systems and software engineering work. It was prepared to collect and standardize terminology. ISO/IEC/IEEE 24765:2010 is intended to serve as a useful reference for those in the information technology field, and to encourage the use of systems and software engineering standards prepared by ISO and liaison organizations IEEE Computer Society and Project Management Institute. ISO/IEC/IEEE 24765:2010 includes references to the active source standards for each definition so that the use of the term can be further explored.",ieee,llm,0.990,unreviewed,,doi:10.1109/ieeestd.2010.5733835
discarded,Enhancing Large Language Models for Identifying and Prioritizing Important Medical Jargons From Electronic Health Record Notes Using Data Augmentation: Comparative Study,"Jang, Won Seok; Sultana, Sharmin; Yao, Zonghai; Tran, Hieu; Yang, Zhichao; Kwon, Sunjae; Yu, Hong",2026,JMIR AI,10.2196/75561,https://www.webofscience.com/wos/woscc/full-record/WOS:001830056600001,off-topic-false-hit,"Background: OpenNotes allows patients to access their electronic health record (EHR) notes through online patient portals. However, EHR notes contain abundant medical jargon, which can be difficult for patients to comprehend. One way to improve comprehension is by reducing information overload and helping patients focus on the medical terms that matter most to them. Objective: This study aimed to evaluate both closed-source and open-source large language models (LLMs) for extracting and prioritizing medical jargon from EHR notes relevant to individual patients, leveraging prompting techniques, fine-tuning, and data augmentation. Methods: We evaluated the performance of closed-source and open-source LLMs on a dataset of 90 expert-annotated EHR notes. We tested various combinations of settings, including (1) general and structured prompts, (2) zero-shot and few-shot prompting, (3) fine-tuning, and (4) data augmentation. To enhance the extraction and prioritization capabilities of open-source models in low-resource settings, we applied data augmentation using GPT-4o and integrated a ranking technique to refine the training process. Additionally, to measure the impact of dataset size, we fine-tuned the models by incrementally increasing the size of the augmented dataset from 10 to 9995 and tested their performance. The effectiveness of the models was assessed using 10-fold cross-validation, providing a comprehensive evaluation across various settings. We report theF1-score and mean reciprocal rank for performance evaluation using two different string matching algorithms (relaxed string matching and Jaccard Index). We also conducted an error analysis classifying the erroneous outputs from the models. Results: Our results show that open-source models achieved the highest performance, particularly when using fine-tuning with a gold-standard dataset. UnderJaccard Index-based string matching, DeepSeek 8B set the benchmarks with an F1-score of 0.431 (SD 0.046); similarly, BioMistral 7B showed a mean reciprocal rank of 0.577 (SD 0.109). However, under relaxed string matching, open-source models were unable to match the performance of closed-source models, even with data augmentation or fine-tuning. We analyzed our experiment from several perspectives. First, few-shot prompting did not show an advantage over zero-shot prompting in vanilla models. Second, when comparing general and structured prompts, we found that model performance could deviate largely based on prompting styles. Third, fine-tuning with a small gold-standard dataset improved performance. Finally, data augmentation yielded performance comparable to or even surpassing the fine-tuning strategy. However, it also underscored the importance of the quality of the augmented dataset. Conclusions:The evaluation of both closed-source and open-source LLMs highlighted the effectiveness of prompting strategies, fine-tuning, and data augmentation in enhancing model performance in low-resource scenarios.",wos,llm,1.000,unreviewed,,doi:10.2196/75561
discarded,From Paper to Pixels: Challenges and Research Opportunities for Designing Electronic Financial Disclosures,"Salisbury, Linda Court; Middlewood, Brianna L.; Chin, Alycia; Harvey, Joseph",2026,JOURNAL OF PUBLIC POLICY & MARKETING,10.1177/07439156261448501,https://www.webofscience.com/wos/woscc/full-record/WOS:001819247100001,off-topic-false-hit,"This research explores opportunities to (re)design financial information disclosures for electronic environments to increase their efficacy and improve consumer outcomes. Consumers increasingly interact with financial products and services using online or mobile technology, yet policies addressing electronic disclosures rarely recognize that consumers' attention, information processing, and engagement differ in digital environments compared with the paper-based systems under which most disclosures were designed. To address this policy need, the authors call for research examining financial information provision in electronic environments relevant for disclosure policy. To facilitate this goal, the authors first develop an integrative conceptual framework for understanding consumer information processing in interactive electronic environments. The framework highlights how electronic devices and digitally enabled capabilities-such as dynamic interactivity, real-time information customization, and flexible delivery time and location-can affect consumer interactions with disclosed information and downstream outcomes. Second, the authors highlight three major, well-established challenges facing financial disclosures (limited attention and engagement, information complexity and overload, and consumer estimation and perceptual errors) and discuss how electronic information environments can exacerbate those challenges or serve to alleviate them. This leads to an actionable research agenda that motivates scholarship on electronic disclosure design and its impact on consumer well-being.",wos,llm,1.000,unreviewed,,doi:10.1177/07439156261448501
discarded,Transparency or Information Overload? Evaluating Users' Comprehension and Perceptions of the iOS App Privacy Report,"Wu, Xiaoyuan; Hu, Lydia; Zeng, Eric; Habib, Hana; Bauer, Lujo",2025,"NETWORK AND DISTRIBUTED SYSTEM SECURITY SYMPOSIUM, NDSS 2025",10.14722/ndss.2025.230081,https://www.webofscience.com/wos/woscc/full-record/WOS:001753028500179,adjacent-subtopic,"Apple's App Privacy Report (""privacy report""), released in 2021, aims to inform iOS users about apps' access to their data and sensors (e.g., contacts, camera) and, unlike other privacy dashboards, what domains are contacted by apps and websites. To evaluate the effectiveness of the privacy report, we conducted semi-structured interviews (n = 20) to examine users' reactions to the information, their understanding of relevant privacy implications, and how they might change their behavior to address privacy concerns. Participants easily understood which apps accessed data and sensors at certain times on their phones, and knew how to remove an app's permissions in case of unexpected access. In contrast, participants had difficulty understanding apps' and websites' network activities. They were confused about how and why network activities occurred, overwhelmed by the number of domains their apps contacted, and uncertain about what remedial actions they could take against potential privacy threats. While the privacy report and similar tools can increase transparency by presenting users with details about how their data is handled, we recommend providing more interpretation or aggregation of technical details, such as the purpose of contacting domains, to help users make informed decisions.",wos,llm,0.980,unreviewed,,doi:10.14722/ndss.2025.230081
discarded,Medicare Part D Beneficiaries' Experiences with Making Complex Insurance Plan Choices: A Qualitative Interview Study,"de Bruin, Wandi Bruine; Hodson, Nathan; Rabinovich, Lila; Winter, Joachim",2026,MDM POLICY & PRACTICE,10.1177/23814683261441269,https://www.webofscience.com/wos/woscc/full-record/WOS:001758232500001,off-topic-false-hit,"Background. The Medicare Part D program provides stand-alone prescription drug insurance to US residents aged >= 65 y and those with disabilities. Annually, they can choose to stay with their plan or to switch to one of the many alternative plans. Behavioral decision-making research has proposed various strategies for tackling such complex choices. Here, we interviewed Medicare Part D beneficiaries to understand their real-world experiences with making their plan choices and examined quotes from those who stayed with their first plan and those who had switched. Method. In July 2023, we conducted phone interviews with 20 Medicare Part D beneficiaries aged 57 to 86 y who were recruited through the US-wide Understanding America Study. Results. Eleven interviewees had stayed with their first plan, and 9 had switched. Stayers and switchers applied similar strategies, with mixed success. Using decision-support tools such as the Medicare plan-finder Web site, booklet, and mailers could be time-consuming and confusing. Recommendations were taken from insurance brokers, agents, and pharmacists, often without questioning their advice. Interviewees varied widely in the amount of information they considered, with some using heuristics to reduce their choice set and others considering only 1 recommended option. Few beneficiaries made annual plan comparisons, and while some deferred choices until necessary, others did not act even after being confronted with plan changes or negative experiences - due to knowledge and time constraints. Discussion. Medicare beneficiaries use various strategies known from the behavioral decision-making research literature for tackling complex choices between Medicare Part D stand-alone plans. Each strategy posed its own challenges. We discuss our findings in light of the behavioral decision-making literature and recommend policies for helping beneficiaries with their plan choices.",wos,llm,1.000,unreviewed,,doi:10.1177/23814683261441269
discarded,The Dry-Weight Dilemma: Survey Results Based on a Qualitative Interview Study on Fluid Overload in Hemodialysis,"Rathkolb, Vincent; Krau, Julian; Mu, Sebastian; Krenn, Simon; Matthias, Christoph; Mayfurth, Hannah; Tinhof, Viktoria; Copic, Dragan; Waller, Maximilian; Lorenz, Matthias; Schmaldienst, Sabine; Kropiunigg, Ulrich; Keane, David F.; Hecking, Manfred",2026,KIDNEY MEDICINE,10.1016/j.xkme.2026.101320,https://www.webofscience.com/wos/woscc/full-record/WOS:001741267600001,off-topic-false-hit,"Rationale & Objective: Chronic fluid overload (FO) can be detected using bioimpedance spectroscopy (BIS) and is associated with higher mortality risk than interdialytic weight gain in patients receiving hemodialysis (HD). This study aimed to explore patients' perspectives and comprehension of FO and dry weight. Study Design: Qualitative study arm of an exploratory, nonrandomized observational study. Setting & Participants: Semistructured interviews were conducted in 25 HD patients at Vienna General Hospital. A survey was developed based on the interview data and distributed across 3 HD centers (n = 148). Analytical Approach: A mixed-methods approach was applied: grounded theory guided qualitative coding, whereas survey data were analyzed descriptively. Results: 11 of 25 interviewed patients had chronic FO > 15% BIS-defined extracellular volume predialysis. Theme 1, ""Being aware of fluid restrictions,"" contained the following subthemes: (1a) ""Restrictive fluid intake is the major burden,"" (1b) ""Symptom awareness of FO,"" (1c) ""Misconception of chronic FO,"" (1d) ""Unawareness of BIS,"" and (1e) ""neglected salt restriction."" Subthemes 1c and 1d were reinforced by the survey, in which 54.7% fully or partially agreed that chronic FO occurs between HD sessions (misunderstood as interdialytic weight gain). Theme 2, ""Dry weight is a feel-good factor,"" contained subthemes, (2a) ""Inconclusive definitions of dry weight,"" (2b) ""Better too high than too low,"" (2c) ""Self-management of dry-weight prescription,"" and (2d) ""Uncertainties in weight documentation."" In our survey, 77.9% reported being able to define dry weight; 64.2% fully or partially agreed they currently had the correct dry weight; and 65.0% did not feel overhydrated (chronic FO was prevalent in similar to 40%). 64.5% were not interested in participating in an educational event on dry weight and chronic FO. Limitations: Sample size, gender bias, and the survey was not validated externally. Conclusions: Substantial knowledge gaps existed regarding dry weight and chronic FO, necessitating improved patient engagement strategies into fluid management and further research into the underlying reasons for patients' disinterest.",wos,llm,1.000,unreviewed,,doi:10.1016/j.xkme.2026.101320
