status,title,authors,year,venue,doi,url,tags,abstract,provider,decision_source,llm_confidence,llm_review_outcome,llm_change_direction,paper_id
discarded,Variety for sale: Mass customization or mass confusion?,Cynthia Huffman; Barbara E. Kahn,1998,Journal of Retailing,10.1016/s0022-4359(99)80105-5,https://openalex.org/W1986070354,off-topic-false-hit,"Retailers who implement a high variety strategy need to ensure that customers are not confused with the complexity inherent in a wide assortment of options. Experimental evidence shows that when asking consumers to choose among items in a wide assortment, both the way the information is presented and the type of customer input to the information gathering process influence customer satisfaction. First, asking consumers to indicate their within-attribute preferences through an attribute-based information format, as opposed to an alternative-based format, increases satisfaction and learning. Second, consumers are likely to be more satisfied and perceive less complexity in the choice set when they are asked to explicitly indicate their preferences within each attribute, as compared to more effortful tasks or less effortful tasks.",openalex,llm,1.000,unreviewed,,doi:10.1016/s0022-4359(99)80105-5
discarded,Monitoring Training Load to Understand Fatigue in Athletes,Shona Leigh Halson,2014,Sports Medicine,10.1007/s40279-014-0253-z,https://openalex.org/W2020287812,off-topic-false-hit,"Many athletes, coaches, and support staff are taking an increasingly scientific approach to both designing and monitoring training programs. Appropriate load monitoring can aid in determining whether an athlete is adapting to a training program and in minimizing the risk of developing non-functional overreaching, illness, and/or injury. In order to gain an understanding of the training load and its effect on the athlete, a number of potential markers are available for use. However, very few of these markers have strong scientific evidence supporting their use, and there is yet to be a single, definitive marker described in the literature. Research has investigated a number of external load quantifying and monitoring tools, such as power output measuring devices, time-motion analysis, as well as internal load unit measures, including perception of effort, heart rate, blood lactate, and training impulse. Dissociation between external and internal load units may reveal the state of fatigue of an athlete. Other monitoring tools used by high-performance programs include heart rate recovery, neuromuscular function, biochemical/hormonal/immunological assessments, questionnaires and diaries, psychomotor speed, and sleep quality and quantity. The monitoring approach taken with athletes may depend on whether the athlete is engaging in individual or team sport activity; however, the importance of individualization of load monitoring cannot be over emphasized. Detecting meaningful changes with scientific and statistical approaches can provide confidence and certainty when implementing change. Appropriate monitoring of training load can provide important information to athletes and coaches; however, monitoring systems should be intuitive, provide efficient data analysis and interpretation, and enable efficient reporting of simple, yet scientifically valid, feedback.",openalex,llm,1.000,unreviewed,,doi:10.1007/s40279-014-0253-z
discarded,"A tutorial on pilot studies: the what, why and how",Lehana Thabane; Jinhui Ma; Rong Chu; Ji Cheng; Afisi Ismaila; Lorena P Rios; Reid C. Robson; Marroon E. Thabane; Lora Giangregorio; Charles H. Goldsmith,2010,BMC Medical Research Methodology,10.1186/1471-2288-10-1,https://openalex.org/W2170182466,off-topic-false-hit,"Pilot studies for phase III trials - which are comparative randomized trials designed to provide preliminary evidence on the clinical efficacy of a drug or intervention - are routinely performed in many clinical areas. Also commonly know as ""feasibility"" or ""vanguard"" studies, they are designed to assess the safety of treatment or interventions; to assess recruitment potential; to assess the feasibility of international collaboration or coordination for multicentre trials; to increase clinical experience with the study medication or intervention for the phase III trials. They are the best way to assess feasibility of a large, expensive full-scale study, and in fact are an almost essential pre-requisite. Conducting a pilot prior to the main study can enhance the likelihood of success of the main study and potentially help to avoid doomed main studies. The objective of this paper is to provide a detailed examination of the key aspects of pilot studies for phase III trials including: 1) the general reasons for conducting a pilot study; 2) the relationships between pilot studies, proof-of-concept studies, and adaptive designs; 3) the challenges of and misconceptions about pilot studies; 4) the criteria for evaluating the success of a pilot study; 5) frequently asked questions about pilot studies; 7) some ethical aspects related to pilot studies; and 8) some suggestions on how to report the results of pilot investigations using the CONSORT format.",openalex,llm,1.000,unreviewed,,doi:10.1186/1471-2288-10-1
discarded,Misconceptions In Geometry And Suggested Solutions For Seventh Grade Students,Ayşen Özerem,2012,Procedia - Social and Behavioral Sciences,10.1016/j.sbspro.2012.09.557,https://openalex.org/W2098340607,off-topic-false-hit,"The principal aim of this study is to find the weaknesses of secondary school students at geometry questions of measures, angles and shapes, transformations and construction and 3-D shapes. The year 7 curriculum contains 4 geometry topics out of 17 mathematics topics. In addition to this, this study aims to find out the mistakes, 28, 7th grade students made in the last 4 exams including two midterms and two final exams. To collect data, students were tested on two midterms and two final exams using open –ended questions on geometry to analyze their problem solving skills and to test how much they acquired during the year. Frequency tables were used in data analysis. To fulfil this aim in the first midterm exam the subject measures were tested. In the first final exam which followed the first midterm exam in addition to measures and angles shapes skills were also tested. Following these tests, in the second midterm we tested the students on transformation and construction. A descriptive methodology and student interview were used in the study to analyze and interpret the results. The results from this study revealed that 7th grade secondary school students have a number of misconceptions, lack of background knowledge, reasoning and basic operation mistakes at the topics mentioned above.",openalex,llm,1.000,unreviewed,,doi:10.1016/j.sbspro.2012.09.557
discarded,The Role of Background Knowledge in Reading Comprehension: A Critical Review,R. F. I. Smith; Pamela C. Snow; Tanya Anne Serry; Lorraine S. Hammond,2021,Reading Psychology,10.1080/02702711.2021.1888348,https://openalex.org/W3137333118,off-topic-false-hit,"A critical review was conducted to determine the influence background knowledge has on the reading comprehension of primary school-aged children. We identified twenty-three studies that met our criteria and focused on the links between background knowledge and reading comprehension of children in the mid to late primary years. Review findings highlight that higher levels of background knowledge have a range of effects that are influenced by the nature of the text, the quality of the situation model required, and the presence of reader misconceptions about the text. Our findings also indicate that background knowledge impacts differentially on stronger and weaker readers. Readers with lower background knowledge appear to benefit more from text with high cohesion, while weaker readers were able to compensate somewhat for their relatively weak reading skills in the context of a high degree of background knowledge. Implications of the findings for early years classroom practice are outlined, together with suggested future research directions.",openalex,llm,1.000,unreviewed,,doi:10.1080/02702711.2021.1888348
discarded,Analysis of the perceived value of online tourism reviews: Influence of readability and reviewer characteristics,Bin Xing Fang; Qiang Ye; Deniz Küçükusta; Rob Law,2015,Tourism Management,10.1016/j.tourman.2015.07.018,https://openalex.org/W1130813113,off-topic-false-hit,"Online reviews provide additional product information to reduce uncertainty. Hence, consumers often rely on online reviews to form purchase decisions. However, an explosion of online reviews brings the problem of information overload to individuals. Identifying reviews containing valuable information from large numbers of reviews becomes increasingly important to both consumers and companies, especially for experience products, such as attractions. Several online review platforms provide a function for readers to rate a review as “helpful” when it contains valuable information. Different from consumers, companies want to detect potential valuable reviews before they are rated to avoid or promote their negative or positive influence, respectively. Using online attraction review data retrieved from TripAdvisor, we conduct a two-level empirical analysis to explore factors that affect the value of reviews. We introduc a negative binomial regression model at a review level to explore the effects of the actual reviews. Subsequently, we apply a Tobit regression model at the reviewer level to investigate the effects of reviewer characteristics inferred from properties of historical rating distribution. The empirical analysis results indicate that both text readability and reviewer characteristics affect the perceived value of reviews. These findings have direct implications for attraction managers in their improved identification of potential valuable reviews.",openalex,llm,1.000,unreviewed,,doi:10.1016/j.tourman.2015.07.018
discarded,The nature of conceptual understanding in biomedicine : the deep structure of complex ideas and the development of misconceptions,Paul J. Feltovich; Paul J. Spiro; Richard L. Coulson,1988,Illinois Digital Environment for Access to Learning and Scholarship (University of Illinois at Urbana-Champaign),,https://openalex.org/W1864991276,off-topic-false-hit,"A general framework for studying the acquisition and cognitive representation of biomedical concepts is presented.This framework is also applied in analyzing the nature and development of misconceptions.Central to our approach is the selective and highly concentrated analysis of clusters of complex concepts, both as to their true nature and the manner in which they are understood by learners.What we find in these analyses is a widespread tendency for medical students to develop significant errors in conceptual understanding.These errors include specific misunderstandings of concepts and, more generally, maladaptive biases in the thought processes that are brought to bear in dealing with conceptual complexity.Particularly noteworthy is our observation of an insidious tendency for misconceptions to compound each other within a general climate of oversimplification, producing large-scale, mutually reinforcing, and durably entrenched areas of faulty understanding.One such widely held fallacy concerns the causal basis of congestive heart failure at the level of the muscle cell.This fallacy and factors contributing to its acquisition and maintenance in belief are discussed in considerable detail in the paper.The implications of our findings for learning and instruction are discussed.",openalex,llm,1.000,unreviewed,,hash:8a3e3bcdd92956f6
discarded,"The effect of consumer confusion proneness on word of mouth, trust, and customer satisfaction",Gianfranco Walsh; Vincent‐Wayne Mitchell,2010,European Journal of Marketing,10.1108/03090561011032739,https://openalex.org/W1976669337,off-topic-false-hit,"Purpose Consumer sovereignty assumes that consumers have adequate product information and are able to understand that information in order to make an informed choice. However, this is not the case when consumers are confused. Recently, Walsh et al. identified dimensions of consumer confusion proneness and developed scales to measure these dimensions. Drawing on their concept of consumer confusion proneness, this paper seeks to examine consumers' general tendency to be confused from marketplace information and its effect on three relevant outcome variables – word of mouth, trust, and satisfaction. Design/methodology/approach The reliability and validity of the consumer confusion proneness scale was tested on the basis of a sample of 355 consumers, using confirmatory factor analysis. The study employs structural equation modelling to examine the hypothesised relationships. Findings The results show that the consumer confusion proneness scale has sound psychometric properties and that the three dimensions of similarity, overload, and ambiguity have a differential impact on word of mouth behaviour, trust, and customer satisfaction. Practical implications The findings have implications for marketing theory and management, as well as consumer education. Marketers may apply the consumer confusion proneness scale to their customers and assess which dimension is the most damaging in terms of the three marketing outcomes examined. Originality/value This is the first study to test Walsh et al.'s consumer confusion proneness scale and to extend their work by analysing the effect of the three construct dimensions on three key marketing outcome variables.",openalex,llm,0.990,unreviewed,,doi:10.1108/03090561011032739
discarded,Artificial Intelligence and Public Health: Evaluating ChatGPT Responses to Vaccination Myths and Misconceptions,Giovanna Deiana; Marco Dettori; Antonella Arghittu; Antonio Azara; Giovanni Gabutti; Paolo Castiglia,2023,Vaccines,10.3390/vaccines11071217,https://openalex.org/W4383817745,off-topic-false-hit,"Artificial intelligence (AI) tools, such as ChatGPT, are the subject of intense debate regarding their possible applications in contexts such as health care. This study evaluates the Correctness, Clarity, and Exhaustiveness of the answers provided by ChatGPT on the topic of vaccination. The World Health Organization’s 11 “myths and misconceptions” about vaccinations were administered to both the free (GPT-3.5) and paid version (GPT-4.0) of ChatGPT. The AI tool’s responses were evaluated qualitatively and quantitatively, in reference to those myth and misconceptions provided by WHO, independently by two expert Raters. The agreement between the Raters was significant for both versions (p of K < 0.05). Overall, ChatGPT responses were easy to understand and 85.4% accurate although one of the questions was misinterpreted. Qualitatively, the GPT-4.0 responses were superior to the GPT-3.5 responses in terms of Correctness, Clarity, and Exhaustiveness (Δ = 5.6%, 17.9%, 9.3%, respectively). The study shows that, if appropriately questioned, AI tools can represent a useful aid in the health care field. However, when consulted by non-expert users, without the support of expert medical advice, these tools are not free from the risk of eliciting misleading responses. Moreover, given the existing social divide in information access, the improved accuracy of answers from the paid version raises further ethical issues.",openalex,llm,0.990,unreviewed,,doi:10.3390/vaccines11071217
discarded,The magical number 4 in short-term memory: A reconsideration of mental storage capacity,Nelson Cowan,2001,Behavioral and Brain Sciences,10.1017/s0140525x01003922,https://openalex.org/W2166667242,off-topic-false-hit,"Miller (1956) summarized evidence that people can remember about seven chunks in short-term memory (STM) tasks. However, that number was meant more as a rough estimate and a rhetorical device than as a real capacity limit. Others have since suggested that there is a more precise capacity limit, but that it is only three to five chunks. The present target article brings together a wide variety of data on capacity limits suggesting that the smaller capacity limit is real. Capacity limits will be useful in analyses of information processing only if the boundary conditions for observing them can be carefully described. Four basic conditions in which chunks can be identified and capacity limits can accordingly be observed are: (1) when information overload limits chunks to individual stimulus items, (2) when other steps are taken specifically to block the recording of stimulus items into larger chunks, (3) in performance discontinuities caused by the capacity limit, and (4) in various indirect effects of the capacity limit. Under these conditions, rehearsal and long-term memory cannot be used to combine stimulus items into chunks of an unknown size; nor can storage mechanisms that are not capacity-limited, such as sensory memory, allow the capacity-limited storage mechanism to be refilled during recall. A single, central capacity limit averaging about four chunks is implicated along with other, noncapacity-limited sources. The pure STM capacity limit expressed in chunks is distinguished from compound STM limits obtained when the number of separately held chunks is unclear. Reasons why pure capacity estimates fall within a narrow range are discussed and a capacity limit for the focus of attention is proposed.",openalex,llm,0.980,unreviewed,,doi:10.1017/s0140525x01003922
discarded,Data science empowering the public: Data-driven dashboards for transparent and accountable decision-making in smart cities,Ricardo Matheus; Marijn Janssen; Devender Maheshwari,2018,Government Information Quarterly,10.1016/j.giq.2018.01.006,https://openalex.org/W2792949944,off-topic-false-hit,"Dashboards visualize a consolidated set data for a certain purpose which enables users to see what is happening and to initiate actions. Dashboards can be used by governments to support their decision-making and policy processes or to communicate and interact with the public. The objective of this paper is to understand and to support the design of dashboards for creating transparency and accountability. Two smart city cases are investigated showing that dashboards can improve transparency and accountability, however, realizing these benefits was cumbersome and encountered various risks and challenges. Challenges include insufficient data quality, lack of understanding of data, poor analysis, wrong interpretation, confusion about the outcomes, and imposing a pre-defined view. These challenges can easily result in misconceptions, wrong decision-making, creating a blurred picture resulting in less transparency and accountability, and ultimately in even less trust in the government. Principles guiding the design of dashboards are presented. Dashboards need to be complemented by mechanisms supporting citizens' engagement, data interpretation, governance and institutional arrangements.",openalex,llm,0.980,unreviewed,,doi:10.1016/j.giq.2018.01.006
discarded,Household energy use: Applying behavioural economics to understand consumer decision-making and behaviour,Elisha R. Frederiks; Karen Stenner; Elizabeth V. Hobman,2014,Renewable and Sustainable Energy Reviews,10.1016/j.rser.2014.09.026,https://openalex.org/W2013946069,off-topic-false-hit,"Household energy conservation has emerged as a major challenge and opportunity for researchers, practitioners and policymakers. Consumers also seem to be gaining greater awareness of the value and need for sustainable energy practices, particularly amid growing public concerns over greenhouse gas emissions and climate change. Yet even with adequate knowledge of how to save energy and a professed desire to do so, many consumers still fail to take noticeable steps towards energy efficiency and conservation. There is often a sizeable discrepancy between peoples’ self-reported knowledge, values, attitudes and intentions, and their observable behaviour—examples include the well-known ‘knowledge-action gap’ and ‘value-action gap’. But neither is household energy consumption driven primarily by financial incentives and the rational pursuit of material interests. In fact, people sometimes respond in unexpected and undesirable ways to rewards and sanctions intended to shift consumers’ cost–benefit calculus in favour of sustainable behaviours. Why is this so? Why is household energy consumption and conservation difficult to predict from either core values or material interests? By drawing on critical insights from behavioural economics and psychology, we illuminate the key cognitive biases and motivational factors that may explain why energy-related behaviour so often fails to align with either the personal values or material interests of consumers. Understanding these psychological phenomena can make household and community responses to public policy interventions less surprising, and in parallel, can help us design more cost-effective and mass-scalable behavioural solutions to encourage renewable and sustainable energy use among consumers.",openalex,llm,0.990,unreviewed,,doi:10.1016/j.rser.2014.09.026
