status,title,authors,year,venue,doi,url,tags,abstract,provider,decision_source,llm_confidence,llm_review_outcome,llm_change_direction,paper_id
discarded,Taming Multiple Chat Room Collaboration: Real-Time Visual Cues to Social Networks and Emerging Threads,Lindsley G. Boiney; Mitre Corp; Bradley A. Goodman; Robert D. Gaimari; Jeffrey Zarrella; Christopher Berube; Janet M. Hitzeman,2008,,,https://openalex.org/W2185597458,off-topic-false-hit,"Distributed teams increasingly rely on collaboration environments, typically including chat, to link diverse experts for real time information sharing and decision-making. Current chat-based technologies enable easy exchange of information, but don’t focus on managing those information exchanges. Important cues that guide face-to-face collaboration are either lost or missing. In some military environments, operators may juggle over a dozen chat rooms in order to collaborate on complex missions. This often leads to confusion, overload, miscommunication and delayed decisions. Our technology supports chat management. A summary display bar reduces the number of chat rooms operators need open by providing high level situational awareness pointers, in real-time, to: a) rooms with increasing message activity levels, b) rooms in which important collaborators are participating (those in the operator’s social network), and c) rooms in which operator-selected keywords are used. This ability to peripherally monitor less critical chat rooms reduces operator overload, while enhancing the ability to rapidly detect important emerging discussion threads.",openalex,llm,1.000,unreviewed,,hash:d0221fa132166dff
discarded,DiffSharp: An AD Library for .NET Languages,"Alvarez-Picallo, Mario; Ghica, Dan; Sprunger, David; Zanasi, Fabio",2016,DROPS (Schloss Dagstuhl – Leibniz Center for Informatics),10.4230/lipics.csl.2023.6,https://openalex.org/W2572175727,adjacent-subtopic,"DiffSharp is an algorithmic differentiation or automatic differentiation (AD) library for the .NET ecosystem, which is targeted by the C# and F# languages, among others. The library has been designed with machine learning applications in mind, allowing very succinct implementations of models and optimization routines. DiffSharp is implemented in F# and exposes forward and reverse AD operators as general nestable higher-order functions, usable by any .NET language. It provides high-performance linear algebra primitives---scalars, vectors, and matrices, with a generalization to tensors underway---that are fully supported by all the AD operators, and which use a BLAS/LAPACK backend via the highly optimized OpenBLAS library. DiffSharp currently uses operator overloading, but we are developing a transformation-based version of the library using F#'s ""code quotation"" metaprogramming facility. Work on a CUDA-based GPU backend is also underway.",openalex,llm,0.960,unreviewed,,doi:10.4230/lipics.csl.2023.6
discarded,Automatic Differentiation of C++ Codes on Emerging Manycore Architectures with Sacado,Eric Phipps; Roger P. Pawlowski; Christian Robert Trott,2022,ACM Transactions on Mathematical Software,10.1145/3560262,https://openalex.org/W4287697857,adjacent-subtopic,"Automatic differentiation (AD) is a well-known technique for evaluating analytic derivatives of calculations implemented on a computer, with numerous software tools available for incorporating AD technology into complex applications. However, a growing challenge for AD is the efficient differentiation of parallel computations implemented on emerging manycore computing architectures such as multicore CPUs, GPUs, and accelerators as these devices become more pervasive. In this work, we explore forward mode, operator overloading-based differentiation of C++ codes on these architectures using the widely available Sacado AD software package. In particular, we leverage Kokkos, a C++ tool providing APIs for implementing parallel computations that is portable to a wide variety of emerging architectures. We describe the challenges that arise when differentiating code for these architectures using Kokkos, and two approaches for overcoming them that ensure optimal memory access patterns as well as expose additional dimensions of fine-grained parallelism in the derivative calculation. We describe the results of several computational experiments that demonstrate the performance of the approach on a few contemporary CPU and GPU architectures. We then conclude with applications of these techniques to the simulation of discretized systems of partial differential equations.",openalex,llm,0.990,unreviewed,,doi:10.1145/3560262
discarded,Hybrid parallel discrete adjoints in SU2,Johannes Blühdorn; Pedro Gomes; Max Aehle; Nicolas R. Gauger,2024,Computers & Fluids,10.1016/j.compfluid.2024.106528,https://openalex.org/W4405738613,adjacent-subtopic,"The open-source multiphysics suite SU2 features discrete adjoints by means of operator overloading automatic differentiation (AD). While both primal and discrete adjoint solvers support MPI parallelism , hybrid parallelism using both MPI and OpenMP has only been introduced for the primal solvers so far. In this work, we enable hybrid parallel discrete adjoint solvers. Coupling SU2 with OpDiLib, an add-on for operator overloading AD tools that extends AD to OpenMP parallelism, marks a key step in this endeavour. We identify the affected parts of SU2’s advanced AD workflow and discuss the required changes and their tradeoffs. Detailed performance studies compare MPI parallel and hybrid parallel discrete adjoints in terms of memory and runtime and unveil key performance characteristics. We showcase the effectiveness of performance optimizations and highlight perspectives for future improvements. At the same time, this study demonstrates the applicability of OpDiLib in a large code base and its scalability on large test cases, providing valuable insights for future applications both within and beyond SU2.",openalex,llm,0.990,unreviewed,,doi:10.1016/j.compfluid.2024.106528
discarded,Use and Abuse of Instance Parameters in the Lean Mathematical Library,Anne Baanen,2024,Journal of Automated Reasoning,10.1007/s10817-024-09712-7,https://openalex.org/W4405333923,adjacent-subtopic,"Abstract The Lean mathematical library Mathlib features extensive use of the typeclass pattern for organising mathematical structures, based on Lean’s mechanism of instance parameters. Related mechanisms for typeclasses are available in other provers including Agda, Coq and Isabelle with varying degrees of adoption. This paper analyses representative examples of design patterns involving instance parameters in the finalized Lean 3 version of Mathlib, focussing on complications arising at scale and how the Mathlib community deals with them.",openalex,llm,0.970,unreviewed,,doi:10.1007/s10817-024-09712-7
discarded,Object-oriented recovery for non-volatile memory,Nachshon Cohen; David T. Aksun; James R. Larus,2018,Proceedings of the ACM on Programming Languages,10.1145/3276523,https://openalex.org/W2898352063,adjacent-subtopic,"New non-volatile memory (NVM) technologies enable direct, durable storage of data in an application's heap. Durable, randomly accessible memory facilitates the construction of applications that do not lose data at system shutdown or power failure. Existing NVM programming frameworks provide mechanisms to consistently capture a running application's state. They do not, however, fully support object-oriented languages or ensure that the persistent heap is consistent with the environment when the application is restarted. In this paper, we propose a new NVM language extension and runtime system that supports object-oriented NVM programming and avoids the pitfalls of prior approaches. At the heart of our technique is object reconstruction, which transparently restores and reconstructs a persistent object's state during program restart. It is implemented in NVMReconstruction, a Clang/LLVM extension and runtime library that provides: (i) transient fields in persistent objects, (ii) support for virtual functions and function pointers, (iii) direct representation of persistent pointers as virtual addresses, and (iv) type-specific reconstruction of a persistent object during program restart. In addition, NVMReconstruction supports updating an application's code, even if this causes objects to expand, by providing object migration. NVMReconstruction also can compact the persistent heap to reduce fragmentation. In experiments, we demonstrate the versatility and usability of object reconstruction and its low runtime performance cost.",openalex,llm,0.960,unreviewed,,doi:10.1145/3276523
discarded,SmeftFR v3 – Feynman rules generator for the Standard Model Effective Field Theory,Athanasios Dedes; Janusz A. Rosiek; Michał Ryczkowski; K. Suxho; Lampros Trifyllis,2023,Computer Physics Communications,10.1016/j.cpc.2023.108943,https://openalex.org/W4387387457,off-topic-false-hit,"We present version 3 of SmeftFR, a Mathematica package designed to generate the Feynman rules for the Standard Model Effective Field Theory (SMEFT) including the complete set of gauge invariant operators up to dimension-6 and the complete set of bosonic operators of dimension-8. Feynman rules are generated with the use of FeynRules package, directly in the physical (mass eigenstates) basis for all fields. The complete set of interaction vertices can be derived, including all or any chosen subset of SMEFT operators. As an option, the user can also choose preferred gauge fixing, generating Feynman rules in unitary or Rξ-gauges. The novel feature in version-3 of SmeftFR is its ability to calculate SMEFT interactions consistently up to dimension-8 in EFT expansion (including quadratic dimension-6 terms) and express the vertices directly in terms of user-defined set of input-parameters. The derived Lagrangian in the mass basis can be exported in various formats supported by FeynRules, such as UFO, FeynArts, etc. Initialisation of numerical values of Wilson coefficients of higher dimension operators is interfaced to WCxf format. The package also includes a dedicated Latex generator allowing to print the result in clear human-readable form. The SmeftFR v3 is publicly available at http://www.fuw.edu.pl/smeft. Program Title: SmeftFR v3.0 CPC Library link to program files: https://doi.org/10.17632/h4787mfvfz.1 Licensing provisions: GPLv3 Programming language: Mathematica 12.1 or later (earlier versions were reported to have problems running this code) External routines/libraries: Wolfram Mathematica program Subprograms used: FeynRules v2.3.49 or later package Nature of problem: Automatised generation of Feynman rules in physical (mass) basis for the Standard Model Effective Field Theory with user defined operator subset, gauge fixing and input-parameters scheme selection. Solution method: Expansion of SmeftFR v2 Mathematica package [1]: implementation of the results of Ref. [2] in the FeynRules package [3], including dynamic “model files” generation. A. Dedes, M. Paraskevas, J. Rosiek, K. Suxho, L. Trifyllis, SmeftFR – Feynman rules generator for the Standard Model Effective Field Theory, Comput. Phys. Commun. 247 (2020) 106931, arXiv:1904.03204. A. Dedes, W. Materkowska, M. Paraskevas, J. Rosiek, K. Suxho, Feynman rules for the Standard Model Effective Field Theory in Rξ-gauges, J. High Energy Phys. 1706 (2017) 143, arXiv:1704.03888. A. Alloul, N. D. Christensen, C. Degrande, C. Duhr and B. Fuks, FeynRules 2.0 - A complete toolbox for tree-level phenomenology, Comput. Phys. Commun. 185 (2014) 2250.",openalex,llm,0.990,unreviewed,,doi:10.1016/j.cpc.2023.108943
discarded,Structured higher-order algorithmic differentiation in the forward and reverse mode with application in optimum experimental design,Sebastian F. Walter,2012,edoc Publication server (Humboldt University of Berlin),10.18452/16514,https://openalex.org/W2222993465,adjacent-subtopic,"In dieser Arbeit werden Techniken beschrieben, die es erlauben (höhere) Ableitungen und Taylorapproximationen solcher Computerprogramme effizient zu berechnen. Auch inbesondere dann, wenn die Programme Algorithmen der numerischen linearen Algebra (NLA) enthalten. Im Gegensatz zur traditionellen algorithmischen Differentiation (AD), bei der die zugrunde liegenden Algorithmen um zusätzliche Befehlere erweitert werden, sind in dieser Arbeit die Zerlegungen durch definierende Gleichungen charakterisiert. Basierend auf den definierenden Gleichungen werden Strukturausnutzende Algorithmen hergeleitet. Genauer, neuartige Algorithmen für die Propagation von Taylorpolynomen durch die QR, Cholesky und reell-symmetrischen Eigenwertzerlegung werden präsentiert. Desweiteren werden Algorithmen für den Rückwärtsmodus der AD hergeleitet, welche im Wesentlichen nur die Faktoren der Zerlegungen benötigen. Im Vergleich zum traditionellen Ansatz, bei dem alle Zwischenergebnisse gespeichert werden, ist dies eine Reduktion von O(N^3) zu O(N^2) für Algorithmen mit O(N^3) Komplexität. N ist hier die Größe der Matrix. Zusätzlich kann bestehende, hoch-optimierte Software verwendet werden. Ein Laufzeitvergleich zeigt, dass dies im Vergleich zum traditionellen Ansatz zu einer Beschleunigung in der Größenordnung 100 führen kann. Da die NLA Funktionen als Black Box betrachtet werden, ist desweiteren auch der Berechnungsgraph um Größenordnungen kleiner. Dies bedeutet, dass Software, welche Operator Overloading benutzt, weniger Overhead hervorruft und auch weniger Speicher benötigt.",openalex,llm,0.970,unreviewed,,doi:10.18452/16514
discarded,The Use of Overloaded Software Operators for Error Detection and Correction,Scott McDermott; Luis Jordan; Kalle Anderson,2004,Digital Commons - USU (Utah State University),,https://openalex.org/W165709736,supports-claim; adjacent-subtopic; uses overloading as technique,"Performing error detection and correction (EDAC) for single-bit errors in software instead of hardware has both advantages and cost. The largest advantage is the ability to use off-the-shelf computing hardware, with high capability and low cost but no hardware-based EDAC. The largest cost is in speed and complexity, where the software takes many instructions (coding effort) and many cycles (time) to perform the EDAC function that can be performed single-cycle in hardware. By using the object-oriented software concept of overloaded operators, the complexity can be almost entirely removed, and the speed potentially improved, making software EDAC a much more useful option. In any language that supports overloaded operators, a set of types can be created which represent EDAC-protected versions of basic variable types. These types would include the basic bits of the original variable type, plus error checking bits, wrapped into a single object. Any arithmetic operation which uses these protected types would then use a special version of the operation (addition, dereferencing, assignment, and so forth) that takes error-protection bits into account.",openalex,llm_reviewed,0.900,changed,kept->discarded,hash:a40183d172c5f220
discarded,Combining operations documentation and data to diagnose procedure execution,Denis Kirchhübel; Morten Lind; Ole Ravn,2020,Computers & Chemical Engineering,10.1016/j.compchemeng.2020.106940,https://openalex.org/W3028775735,off-topic-false-hit,"Established control room systems in processing industry are prone to overload operators during severe plant upsets. Automatic diagnostic assistants can assist operators in high load situations, but the system needs to be aware of configuration changes. Standard Operating Procedures detail when and how the plant configuration is to be changed. Tracking the correct execution of a procedure is relevant to both, detecting errors during procedure execution and adapting diagnostic models. However, plant operators tend to deviate from the prescribed procedures. Therefore, the reference for correct procedure execution needs to be established from the procedure documentation but also capturing operator habits. We describe methods for representing documented procedures and validating the procedures against log files of the control system. We propose a fast approach of detecting procedure executions and action sets associated with procedure steps. The presented methods are demonstrated in an industrial case study of a filtration system.",openalex,llm,1.000,unreviewed,,doi:10.1016/j.compchemeng.2020.106940
discarded,Automatic differentiation of algorithms,M. C. Bartholomew‐Biggs; Steven T. Brown; Bruce Christianson; Laurence C. W. Dixon,2000,Journal of Computational and Applied Mathematics,10.1016/s0377-0427(00)00422-2,https://openalex.org/W1965573563,adjacent-subtopic,"We introduce the basic notions of automatic differentiation, describe some extensions which are of interest in the context of nonlinear optimization and give some illustrative examples. (C) 2000 Elsevier Science B.V. All rights reserved.",openalex,llm,0.970,unreviewed,,doi:10.1016/s0377-0427(00)00422-2
discarded,A System for Validating Resistive Neural Network Prototypes,Brian D. Hoskins; Wen Ma; Mitchell Fream; Osama Yousuf; Mathew Daniels; Jonathan M. Goodwill; Advait Madhavan; Hoang Tung; Mark Branstad; Muqing Liu; Rasmus Madsen; Jabez Mclelland; Gina C. Adam; Martin Lueker-Boden,2021,,10.1145/3477145.3477260,https://openalex.org/W3205515946,adjacent-subtopic,"Building prototypes of heterogeneous hardware systems based on emerging electronic, magnetic, and photonic devices is an important area of research. The novel implementation of these systems for artificial intelligence poses new and unforeseen challenges in mixed signal data acquisition, hyperparameter optimization, and hardware co-processing. Many emerging devices exhibit unpredictable and stochastic behavior as well as poorly repeatable hysteretic effects or performance degradation. Dealing with these device challenges on top of more traditional hardware problems, like quantization errors, timing constraints, and even hardware and software bugs is an enterprise fraught with pitfalls. Equally important to the construction of the physical prototype is the co-development and integration of a design verification framework that can extensibly allow for predictable behavior of not only the entire system but also all of its parts in a modular way, allowing for seamless integration in both simulation and implementation. This work discusses Daffodil-lib, a Python based prototyping framework which, from hardware to software, enables everything from a script-based simulation to a compiled hardware-timed experiment, to everything in between with no syntactical changes for the end user.",openalex,llm,0.880,unreviewed,,doi:10.1145/3477145.3477260
discarded,A Method to Monitor Operator Overloading,"Shastri, Dvijesh; Pavlidis, Ioannis; Wesley, Avinash",2009,"HUMAN-COMPUTER INTERACTION, PT I",,https://www.webofscience.com/wos/woscc/full-record/WOS:000268997700019,off-topic-false-hit,"This paper describes research that aims to quantify stress levels of operators who perform multiple tasks. The proposed method is based oil the thermal signature of the face. It measures physiological function from a standoff distance and therefore, it can unobtrusively monitor a machine operator. The method was tested on 11 participants. The results show that multi-tasking elevates metabolism in the supraorbital area, which is an indirect indication of increased mental load. This local metabolic change alters heat dissipation and thus, it can be measured through thermal imaging. The methodology could serve as a benchmarking tool in scenarios where an operator's divided attention may cause harmful outcomes. A classic example is the case of a vehicle driver who talks on the cell phone. This stress measurement method when combined with user performance metrics can delineate optimal operational envelopes.",wos,llm,1.000,unreviewed,,hash:bc5525e9f0cc8b4a
discarded,An introduction to automatic differentiation,"Rall, LB; Corliss, GF",1996,COMPUTATIONAL DIFFERENTIATION,,https://www.webofscience.com/wos/woscc/full-record/WOS:A1996BG81R00001,adjacent-subtopic,"This paper provides a gentle introduction to the field of automatic differentiation (AD), with the goal of equipping the reader for the other papers in this book. AD is the systematic application of the familiar rules of calculus to computer programs, yielding programs for the propagation of numerical values of first, second, or higher derivatives. AD can be regarded as traversing the code list (or computational graph) in the forward mode, the reverse mode, or a combination of the two. Algorithms for numerical optimization, differential equations, and interval analysis all could use AD technology to compute the required derivatives; AD typically is implemented by using either source code transformation or operator overloading. We give examples of code for each. Finally, we outline some pitfalls of AD for naive users, and we present opportunities for future research.",wos,llm,0.940,unreviewed,,hash:52c5205312ef2d96
discarded,A method to monitor operator overloading,D. Shastri,2009,Lecture Notes in Computer Science Including Subseries Lecture Notes in Artificial Intelligence and Lecture Notes in Bioinformatics,10.1007/978-3-642-02574-7_19,https://www.scopus.com/inward/record.uri?partnerID=HzOxMe3b&scp=70350290219&origin=inward,off-topic-false-hit,,scopus,llm,1.000,unreviewed,,doi:10.1007/978-3-642-02574-7_19
