status,title,authors,year,venue,doi,url,tags,abstract,provider,decision_source,llm_confidence,llm_review_outcome,llm_change_direction,paper_id
discarded,Using Ada as a programming language for robot-based manufacturing cells,Richard A. Volz; Trevor Mudge; David A. Gal,1984,IEEE Transactions on Systems Man and Cybernetics,10.1109/tsmc.1984.6313313,https://openalex.org/W1972601391,adjacent-subtopic,"The use of Ada to program a robot-based manufacturing cell, an example of real-time embedded system, is described. The computing issues in manufacturing cells are discussed with respect to Ada. Using an experimental manufacturing cell presently under construction as an example, a strategy for robot programming based on Ada is described. A case study of the software for the vision subsystem is used to illustrate a central feature of Ada, namely, data abstraction. Additional important features of Ada for software management, that is, multitasking and program abstraction through generics and operator overloading, are also illustrated. The principal advantages and difficulties in using Ada for programming robot-based manufacturing cells are summarized on the basis of the software issues described and the case study.",openalex,llm,0.770,unreviewed,,doi:10.1109/tsmc.1984.6313313
discarded,"IEC 62530 Ed. 1 (IEEE Std 1800(TM)-2005): Standard for SystemVerilog - Unified Hardware Design, Specification, and Verification Language",,2007,IEC 62530:2007 (E),10.1109/IEEESTD.2007.4410440,https://ieeexplore.ieee.org/document/4410440/,adjacent-subtopic,"This standard provides a set of extensions to the IEEE 1364™ Verilog® hardware description language (HDL) to aid in the creation and verification of abstract architectural level models. It also includes design specification methods, embedded assertions language, testbench language including coverage and an assertions application programming interface (API), and a direct programming interface (DPI). This standard enables a productivity boost in design and validation and covers design, simulation, validation, and formal assertion-based verification flows.",ieee,llm,0.960,unreviewed,,doi:10.1109/ieeestd.2007.4410440
kept,Enabling automated code transformation and variable tracing,"Kerstan, C.; Bannow, N.; Rosenstiel, W.",2008,"2008 FORUM ON SPECIFICATION, VERIFICATION AND DESIGN LANGUAGES",,https://www.webofscience.com/wos/woscc/full-record/WOS:000264859500004,supports-claim; library-notation,"To solve the challenge of hardware/software partitioning and the reuse of legacy system models [3] introduced a module adapter (MA) based approach which is considered in section 2. The described transformation/mapping of functional code into a SystemC model still needs heavy code modifications. Besides the parser that has to be nearly as powerful as a C++ compiler the readability suffers from the necessary changes.

This paper introduces an approach which reduces the code modifications to a minimum. The primary objective is to provide a solution to enable an automated application. In this novel approach, code readability and transformation effort are improved significantly by using the powerful operator overloading mechanism of C++. The presented implementation can be used to either realize transparent communication over module barriers, trace simulation data or only for debugging purposes. Some examples demonstrate the applicability and give some incitements for expedient use cases. The presented C++ code can be easily extended by inheritance for custom needs.",wos,llm_reviewed,0.980,confirmed,,hash:57d9436d67a5e3f7
discarded,"Mxyzptlk: An eficient, native C++ differentiation engine","Ostiguy, J. -F.; Michelotti, L.",2007,"2007 IEEE PARTICLE ACCELERATOR CONFERENCE, VOLS 1-11",,https://www.webofscience.com/wos/woscc/full-record/WOS:000255096302038,supports-claim; adjacent-subtopic; uses overloading as technique,"Mxyzptlk was among the earliest implementations of a differentiation engine reported in the literature [ 1, 2]. It was created with an eye to enabling accelerator related computations, especially within the realm of perturbation theories. Such computations are supported by (1) a one-to-one correspondence between original mathematical abstractions and the data types and operations used to implement them and (2) accurate computation of high order derivatives. To this day, mxyzptlk distinguishes itself by being among the few available implementations that takes full advantage of the native operator overloading capabilities of their implementation language.

Recently, significant efforts were expanded in modernizing mxyzptlk, both architecturally and algorithmically, resulting in substantially improved performance, maintainability and usability. We present an overview of the mxyzptlk internals and summarize current capabilities and performance.",wos,llm_reviewed,0.850,changed,kept->discarded,hash:8d387ba0fbb02ce4
discarded,Measuring mangled name ambiguity in large C/ C++ projects,R. Szalay,2017,Ceur Workshop Proceedings,,https://www.scopus.com/inward/record.uri?partnerID=HzOxMe3b&scp=85030791268&origin=inward,adjacent-subtopic,,scopus,llm,0.980,unreviewed,,hash:46994cb7b5b5db3f
discarded,Efficient architecture evaluation using functional mapping,C. Kerstan,2009,Lecture Notes in Electrical Engineering,10.1007/978-1-4020-9714-0_11,https://www.scopus.com/inward/record.uri?partnerID=HzOxMe3b&scp=80051721589&origin=inward,adjacent-subtopic,,scopus,llm,0.840,unreviewed,,doi:10.1007/978-1-4020-9714-0_11
kept,Enabling automated code transformation and variable tracing,C. Kerstan,2008,Proceedings 2008 Forum on Specification Verification and Design Languages Fdl 08,10.1109/FDL.2008.4641447,https://www.scopus.com/inward/record.uri?partnerID=HzOxMe3b&scp=67650492980&origin=inward,supports-claim; library-notation,"To solve the challenge of hardware/software partitioning and the reuse of legacy system models (Bannow et al., 2004) introduced a module adapter (MA) based approach which is considered in section 2. The described transformation/mapping of functional code into a SystemC model still needs heavy code modifications. Besides the parser that has to be nearly as powerful as a C++ compiler the readability suffers from the necessary changes. This paper introduces an approach which reduces the code modifications to a minimum. The primary objective is to provide a solution to enable an automated application. In this novel approach, code readability and transformation effort are improved significantly by using the powerful operator overloading mechanism of C++. The presented implementation can be used to either realize transparent communication over module barriers, trace simulation data or only for debugging purposes. Some examples demonstrate the applicability and give some incitements for expedient use cases. The presented C++ code can be easily extended by inheritance for custom needs.",scopus,llm_reviewed,0.980,confirmed,,doi:10.1109/fdl.2008.4641447
discarded,"Mxyzptlk: An efficient, native C++ differentiation engine",J. Ostiguy,2007,Proceedings of the IEEE Particle Accelerator Conference,10.1109/PAC.2007.4440468,https://www.scopus.com/inward/record.uri?partnerID=HzOxMe3b&scp=51349105861&origin=inward,supports-claim; adjacent-subtopic; uses overloading as technique,"Mxyzptlk was among the earliest implementations of a differentiation engine reported in the literature [1,2]. It was created with an eye to enabling accelerator related computations, especially within the realm of perturbation theories. Such computations are supported by (1) a one-to-one correspondence between original mathematical abstractions and the data types and operations used to implement them and (2) accurate computation of high order derivatives. To this day, mxyzptlk distinguishes itself by being among the few available implementations that takes full advantage of the native operator overloading capabilities of their implementation language. Recently, significant efforts were expanded in modernizing mxyzptlk, both architecturally and algorithmically, resulting in substantially improved performance, maintainability and usability. We present an overview of the mxyzptlk internals and summarize current capabilities and performance.",scopus,llm_reviewed,0.850,changed,kept->discarded,doi:10.1109/pac.2007.4440468
kept,A tensorial approach to computational continuum mechanics using object-oriented techniques,Henry G. Weller; Gavin Tabor; Hrvoje Jasak; Christer Fureby,1998,Computers in Physics,10.1063/1.168744,https://openalex.org/W2110187357,supports-claim; library-notation,"In this article the principles of the field operation and manipulation (FOAM) C++ class library for continuum mechanics are outlined. Our intention is to make it as easy as possible to develop reliable and efficient computational continuum-mechanics codes: this is achieved by making the top-level syntax of the code as close as possible to conventional mathematical notation for tensors and partial differential equations. Object-orientation techniques enable the creation of data types that closely mimic those of continuum mechanics, and the operator overloading possible in C++ allows normal mathematical symbols to be used for the basic operations. As an example, the implementation of various types of turbulence modeling in a FOAM computational-fluid-dynamics code is discussed, and calculations performed on a standard test case, that of flow around a square prism, are presented. To demonstrate the flexibility of the FOAM library, codes for solving structures and magnetohydrodynamics are also presented with appropriate test case results given. © 1998 American Institute of Physics.",openalex,llm_reviewed,0.990,confirmed,,doi:10.1063/1.168744
discarded,Achieving scalability and expressiveness in an Internet-scale event notification service,Antonio Carzaniga; David S. Rosenblum; Alexander L. Wolf,2000,,10.1145/343477.343622,https://openalex.org/W2134686414,adjacent-subtopic,"This paper describes the design of SIENA, an Internet-scale event notification middleware service for distributed event-based applications deployed over wide-area networks. SIENA is responsible for selecting the notifications that are of interest to clients (as expressed in client subscriptions) and then delivering those notifications to the clients via access points. The key design challenge for SIENA is maximizing expressiveness in the selection mechanism without sacrificing scalability of the delivery mechanism. This paper focuses on those aspects of the design of SIENA that fundamentally impact scalability and expressiveness. In particular, we describe SIENA's data model for notifications, the covering relations that formally define the semantics of the data model, the distributed architectures we have studied for SIENA's implementation, and the processing strategies we developed to exploit the covering relations for optimizing the routing of notifications.",openalex,llm,0.980,unreviewed,,doi:10.1145/343477.343622
discarded,Operator overloading as an enabling technology for automatic differentiation,George F. Corliss; Andreas Griewank,1993,University of North Texas Digital Library (University of North Texas),,https://openalex.org/W1536636158,adjacent-subtopic,"We present an example of the science that is enabled by object-oriented programming techniques. Scientific computation often needs derivatives for solving nonlinear systems such as those arising in many PDE algorithms, optimization, parameter identification, stiff ordinary differential equations, or sensitivity analysis. Automatic differentiation computes derivatives accurately and efficiently by applying the chain rule to each arithmetic operation or elementary function. Operator overloading enables the techniques of either the forward or the reverse mode of automatic differentiation to be applied to real-world scientific problems. We illustrate automatic differentiation with an example drawn from a model of unsaturated flow in a porous medium. The problem arises from planning for the long-term storage of radioactive waste. 1 Introduction Scientific computation often needs derivatives for solving nonlinear partial differential equations. One such problem currently under investigation...",openalex,llm,0.950,unreviewed,,hash:a0dd2699ffbc7e37
discarded,Groovy for Domain-Specific Languages,Fergal Dearle,2010,,,https://openalex.org/W2345217080,adjacent-subtopic,"Extend and enhance your Java applications with Domain Specific Languages in Groovy Build your own Domain Specific Languages on top of Groovy Integrate your existing Java applications using Groovy-based Domain Specific Languages (DSLs) Develop a Groovy scripting interface to Twitter A step-by-step guide to building Groovy-based Domain Specific Languages that run seamlessly in the Java environment In Detail You may already be aware that the Java virtual machine runs on everything from the largest mainframe to the smallest microchip and supports almost every conceivable application. What you may not realize is that to develop software in some of these scenarios requires a targeted, single purpose language, a Domain Specific Language. The popular scripting language Groovy can be used to create a Domain Specific Language that can run directly on the JVM alongside regular Java code. This comprehensive tutorial will take you through the design and development of Groovy-based Domain Specific Languages. It is a complete guide to the development of several mini-DSLs with a lot of easy-to-understand examples. This book will help you to gain all of the skills needed to develop your own Groovy-based DSLs, as it guides you from the basics through to the more complex meta-programming features of Groovy. The focus is on how the Groovy language can be used to construct domain-specific mini-languages. Practical examples are used throughout to de-mystify the seemingly complex language features and to show how they can be used to create simple and elegant DSLs. The examples include a quick and simple Groovy DSL to interface with Twitter. The book concludes with a chapter focusing on integrating Groovy-based DSLs in such a way that the scripts can be readily incorporated into the readers' own Java applications. The overall goal of this book is to take Java developers through the skills and knowledge they need to start building effective Groovy-based DSLs to integrate into their own applications. This practical guide will teach you how to build Domain Specific Languages in Groovy that integrate seamlessly with your Java applications What you will learn from this book Learn Groovy scripting designed to get Java programmers using Groovy quickly Use the meta-programming features in Groovy to build your own DSLs Learn everything you need to know about Groovy markup and build your own Groovy builders to simplify your application development Build effective DSLs using operator overloading and Groovy categories Work with Groovy closures Get to grips with the working of Groovy on the JVM and integrate Groovy with your Java applications Approach This book is a practical tutorial, walking the reader through examples of building DSLs with Groovy covering meta-programming with Groovy. Some complex concepts are covered in the book but we go through these in a clear and methodically way so that readers will gain a good working knowledge of the techniques involved. Who this book is written for This book is for Java software developers who have an interest in building domain scripting into their Java applications. No knowledge of Groovy is required, although it will be helpful. The book does not teach Groovy, but quickly introduces the basic ideas of Groovy. An experienced Java developer should have no problems with these and move quickly on to the more involved aspects of creating DSLs with Groovy. No experience of creating a DSL is required. The book should also be useful for experienced Groovy developers who have so far only used Groovy DSLs such as Groovy builders and would like to start building their own Groovy-based DSLs.",openalex,llm,0.860,unreviewed,,hash:61c401262bac36eb
discarded,Silver: An extensible attribute grammar system,Eric Van Wyk; Derek Bodin; Jimin Gao; Lijesh Krishnan,2009,Science of Computer Programming,10.1016/j.scico.2009.07.004,https://openalex.org/W2018009728,adjacent-subtopic,"Attribute grammar specification languages, like many domain-specific languages, offer significant advantages to their users, such as high-level declarative constructs and domain-specific analyses. Despite these advantages, attribute grammars are often not adopted to the degree that their proponents envision. One practical obstacle to their adoption is a perceived lack of both domain-specific and general purpose language features needed to address the many different aspects of a problem. Here we describe Silver, an extensible attribute grammar specification system, and show how it can be extended with general purpose features such as pattern matching and domain-specific features such as collection attributes and constructs for supporting data-flow analysis of imperative programs. The result is an attribute grammar specification language with a rich set of language features. Silver is implemented in itself by a Silver attribute grammar and utilizes forwarding to implement the extensions in a cost-effective manner.",openalex,llm,0.970,unreviewed,,doi:10.1016/j.scico.2009.07.004
discarded,Efficient detection of all pointer and array access errors,Todd M. Austin; Scott E. Breach; Gurindar S. Sohi,1994,,10.1145/178243.178446,https://openalex.org/W1973326708,adjacent-subtopic,"We present a pointer and array access checking technique that provides complete error coverage through a simple set of program transformations. Our technique, based on an extended safe pointer representation, has a number of novel aspects. Foremost, it is the first technique that detects all spatial and temporal access errors. Its use is not limited by the expressiveness of the language; that is, it can be applied successfully to compiled or interpreted languages with subscripted and mutable pointers, local references, and explicit and typeless dynamic storage management, e.g., C. Because it is a source level transformation, it is amenable to both compile- and run-time optimization. Finally, its performance, even without compile-time optimization, is quite good. We implemented a prototype translator for the C language and analyzed the checking overheads of six non-trivial, pointer intensive programs. Execution overheads range from 130% to 540%; with text and data size overheads typically below 100%.",openalex,llm,0.990,unreviewed,,doi:10.1145/178243.178446
discarded,When and how to develop domain-specific languages,Marjan Mernik; Jan Heering; Anthony M. Sloane,2003,Data Archiving and Networked Services (DANS),,https://openalex.org/W2582410692,adjacent-subtopic,"Domain-specific languages (DSLs) are languages tailored to a specific application domain. They offer substantial gains in expressiveness and ease of use compared with general-purpose programming languages in their domain of application. DSL development is hard, requiring both domain knowledge and language development expertise. Few people have both. Not surprisingly, the decision to develop a DSL is often postponed indefinitely, if considered at all, and most DSLs never get beyond the application library stage. Although many articles have been written on the development of particular DSLs, there is very limited literature on DSL development methodologies and many questions remain regarding when and how to develop a DSL. To aid the DSL developer, we identify patterns in the decision, analysis, design, and implementation phases of DSL development. Our patterns improve and extend earlier work on DSL design patterns. We also discuss domain analysis tools and language development systems that may help to speed up DSL development. Finally, we state a number of open problems",openalex,llm,0.960,unreviewed,,hash:65d045b723ed6769
kept,PyLops—A linear-operator Python library for scalable algebra and optimization,Matteo Ravasi; Ivan Vasconcelos,2019,SoftwareX,10.1016/j.softx.2019.100361,https://openalex.org/W2994167575,supports-claim; library-notation,"Linear operators and optimization are at the core of many algorithms used in signal and image processing, remote sensing, and inverse problems. For small to medium-scale problems, existing software packages (e.g., MATLAB, Python NumPy and SciPy) allow to explicitly build dense or sparse matrices and perform algebraic operations with syntax that closely represents their equivalent mathematical notation. However, many real-application, large-scale operators do not lend themselves to explicit matrix representations, usually forcing practitioners to forego the convenient linear-algebra syntax available for their explicit-matrix counterparts. PyLops is an open-source Python library providing a flexible framework for the creation and combination of so-called linear operators, class-based entities that represent matrices and inherit their associated syntax convenience, but do not rely on the creation of explicit matrices. We show that PyLops operators can dramatically reduce the memory load and CPU computations compared to explicit-matrix calculations, while still allowing users to seamlessly use their existing knowledge of compact matrix-based syntax that scales to any problem size because no explicit matrices are required.",openalex,llm_reviewed,0.880,confirmed,,doi:10.1016/j.softx.2019.100361
