status,title,authors,year,venue,doi,url,tags,abstract,provider,decision_source,llm_confidence,llm_review_outcome,llm_change_direction,paper_id
discarded,A system of constructor classes,Mark P. Jones,1993,,10.1145/165180.165190,https://openalex.org/W2047428963,adjacent-subtopic,"This paper describes a flexible type system which combines overloading and higher-order polymorphism in an implicitly typed language using a system of constructor classes – a natural generalization of type classes in Haskell. We present a wide range of examples which demonstrate the usefulness of such a system. In particular, we show how constructor classes can be used to support the use of monads in a functional language. The underlying type system permits higher-order polymorphism but retains many of many of the attractive features that have made the use of Hindley/Milner type systems so popular. In particular, there is an effective algorithm which can be used to calculate principal types without the need for explicit type or kind annotations. A prototype implementation has been developed providing, amongst other things, the first concrete implementation of monad comprehensions known to us at the time of writing. 1 An overloaded map function Many functional programs use the map function to apply a function to each of the elements in a given list. The type and definition of this function as given in the Haskell standard prelude [6] are as follows: map :: (a → b) → [a] → [b] map f [ ] = [ ] map f (x : xs) = f x : map f xs It is well known that the map function satisfies the familiar laws: map id = id map f . map g = map (f . g) A category theorist will recognize these observations as indicating that there is a functor from types to types whose object part maps any given type a to the list type [a] and whose arrow part maps each function f :: a → b to the function map f :: [a] → [b]. A functional programmer will recognize that similar constructions are also used with a wide range of other data types, as illustrated by the following examples: data Tree a = Leaf a | Tree a :ˆ: Tree a mapTree :: (a → b) → (Tree a → Tree b) mapTree f (Leaf x ) = Leaf (f x ) mapTree f (l :ˆ: r) = mapTree f l :ˆ: mapTree f r data Opt a = Just a | Nothing mapOpt :: (a → b) → (Opt a → Opt b) mapOpt f (Just x ) = Just (f x ) mapOpt f Nothing = Nothing Each of these functions has a similar type to that of the original map and also satisfies the functor laws given above. With this in mind, it seems a shame that we have to use different names for each of these variants. A more attractive solution would allow the use of a single name map, relying on the types of the objects involved to determine which particular version of the map function is required in a given situation. For example, it is clear that map (1+) [1 , 2 , 3 ] should be a list, calculated using the original map function on lists, while map (1+) (Just 1 ) should evaluate to Just 2 using mapOpt . Unfortunately, in a language using standard Hindley/Milner type inference, there is no way to assign a type to the map function that would allow it to be used in this way. Furthermore, even if typing were not an issue, use of the map function would be rather limited unless some additional mechanism was provided to allow the definition to be extended to include new datatypes perhaps distributed across a number of distinct program modules. 1.1 An attempt to define map using type classes The ability to use a single function symbol with an interpretation that depends on the type of its arguments is commonly known as overloading . While some authors dismiss overloading as a purely syntactic convenience, this is certainly not the case in Haskell which has a flexible type system that supports both (parametric) polymorphism and overloading based on a system of type classes [13]. One of the most attractive features of this system is that, although each primitive overloaded operator will require a separate definition for each different argument type, there is no need for these to be in the same module. Type classes in Haskell can be thought of as sets of types. The standard example is the class Eq which includes precisely those types whose elements can be compared using the (==) function. A simple definition might be: class Eq a where (==) :: a → a → Bool The equality operator can then be treated as having any of the types in the set { a → a → Bool | a ∈ Eq }. The elements of a type class are defined by a collection of instance declarations which may be distributed across a number of distinct program modules. For the type class Eq , these would typically include definitions of equality for integers, characters, lists, pairs and user-defined datatypes. Only a single definition is required for functions defined either directly or indirectly in terms of overloaded primitives. For example, assuming a collection of instances as above, the member function defined by: member :: Eq a ⇒ a → [a] → Bool member x [ ] = False member x (y : ys) = x == y | | member x ys can be used to test for membership in a list of integers, characters, lists, pairs, etc. See [5, 13] for further details about the use of type classes. Unfortunately, the system of type classes is not sufficiently powerful to give a satisfactory treatment for the map function; to do so would require a class Map and a type expression m(t) involving the type variable t such that S = {m(t) | t ∈ Map } includes (at least) the types: (a → b) → ([a] → [b]) (a → b) → (Tree a → Tree b) (a → b) → (Opt a → Opt b) (for arbitrary types a and b). The only possibility is to take m(t) = t and choose Map as the set of types S for which the map function is required: class Map t where map :: t instance Map ((a → b) → ([a] → [b])) where . . . instance Map ((a → b) → (Tree a → Tree b)) where . . . instance Map ((a → b) → (Opt a → Opt b)) where . . . This syntax is not permitted in the current syntax of Haskell but even if it were, it does not give a sufficiently accurate characterization of the type of map. For example, the principal type of map j . map i would be (Map (a → c → e), Map (b → e → d)) ⇒ c → d where a and b are the types of i and j respectively. This is complicated and does not enforce the condition that i and j have function types. Furthermore, the type is ambiguous (the type variable e does not appear to the right of the ⇒ symbol or in the assumptions). Under these conditions, we cannot guarantee a well-defined semantics for this expression (see [8], for example). Other attempts to define the map function, for example using multiple parameter type classes, have also failed for essentially the same reasons. 1.2 A solution using constructor classes A much better approach is to notice that each of the types for which the map function is required is of the form: (a → b) → (f a → f b). The variables a and b here represent arbitrary types while f ranges over the set of type constructors for which a suitable map function has been defined. In particular, we would expect to include the list constructor (which we will write as List), Tree and Opt as elements of this set which, motivated by our earlier comments, we will call Functor . With only a small extension to the Haskell syntax for type classes this can be described by: class Functor f where map :: (a → b) → (f a → f b) instance Functor List where map f [ ] = [ ] map f (x : xs) = f x : map f xs instance Functor Tree where map f (Leaf x ) = Leaf (f x ) map f (l :ˆ: r) = map f l :ˆ: map f r instance Functor Opt where map f (Just x ) = Just (f x ) map f Nothing = Nothing Functor is our first example of a constructor class. The following extract (taken from a session with the Gofer system which includes support for constructor classes) illustrates how the definitions for Functor work in practice: ? map (1+) [1,2,3] [2, 3, 4] ? map (1+) (Leaf 1 :^: Leaf 2) Leaf 2 :^: Leaf 3 ? map (1+) (Just 1) Just 2 Furthermore, by specifying the type of map function more precisely, we avoid the ambiguity problems mentioned above. For example, the principal type of map j . map i is simply Functor f ⇒ f a → f c provided that i has type (a → b) and that j has type (b → c).",openalex,llm,0.960,unreviewed,,doi:10.1145/165180.165190
discarded,A Fortran 90 environment for research and prototyping of enclosure algorithms for nonlinear equations and global optimization,Ralph Baker Kearfott,1995,ACM Transactions on Mathematical Software,10.1145/200979.200991,https://openalex.org/W2158490696,adjacent-subtopic,"An environment for general research into and prototyping of algorithms for reliable constrained and unconstrained global nonlinear optimization and reliable enclosure of all roots of nonlinear systems of equations, with or without inequality constraints, is being developed. This environment should be portable, easy to learn, use, and maintain, and sufficiently fast for some production work. The motivation, design principles, uses, and capabilities for this environment are outlined. The environment includes an interval data type, a symbolic form of automatic differentiation to obtain an internal representation for functions, a special technique to allow conditional branches with operator overloading and interval computations, and generic routines to give interval and noninterval function and derivative information. Some of these generic routines use a special version of the backward mode of automatic differentiation. The package also includes dynamic data structures for exhaustive search algorithms.",openalex,llm,0.930,unreviewed,,doi:10.1145/200979.200991
discarded,A type- and scope-safe universe of syntaxes with binding: their semantics and proofs,Guillaume Allais; Robert Atkey; James Chapman; Conor Thomas McBride; James McKinna,2021,Journal of Functional Programming,10.1017/s0956796820000076,https://openalex.org/W3004295722,adjacent-subtopic,"Abstract The syntax of almost every programming language includes a notion of binder and corresponding bound occurrences, along with the accompanying notions of α-equivalence, capture-avoiding substitution, typing contexts, runtime environments, and so on. In the past, implementing and reasoning about programming languages required careful handling to maintain the correct behaviour of bound variables. Modern programming languages include features that enable constraints like scope safety to be expressed in types. Nevertheless, the programmer is still forced to write the same boilerplate over again for each new implementation of a scope-safe operation (e.g., renaming, substitution, desugaring, printing), and then again for correctness proofs. We present an expressive universe of syntaxes with binding and demonstrate how to (1) implement scope-safe traversals once and for all by generic programming; and (2) how to derive properties of these traversals by generic proving. Our universe description, generic traversals and proofs, and our examples have all been formalised in Agda and are available in the accompanying material available online at https://github.com/gallais/generic-syntax .",openalex,llm,0.980,unreviewed,,doi:10.1017/s0956796820000076
discarded,ModelingToolkit: A Composable Graph Transformation System For Equation-Based Modeling,Yingbo Ma; Shashi Gowda; Ranjan Anantharaman; Chris Laughman; Viral B. Shah; Christopher Rackauckas,2021,arXiv (Cornell University),10.13016/m2sfqq-rvpo,https://openalex.org/W3133885705,adjacent-subtopic,"Getting good performance out of numerical equation solvers requires that the user has provided stable and efficient functions representing their model. However, users should not be trusted to write good code. In this manuscript we describe ModelingToolkit (MTK), a symbolic equation-based modeling system which allows for composable transformations to generate stable, efficient, and parallelized model implementations. MTK blurs the lines of traditional symbolic computing by acting directly on a user's numerical code. We show the ability to apply graph algorithms for automatically parallelizing and performing index reduction on code written for differential-algebraic equation (DAE) solvers, ""fixing"" the performance and stability of the model without requiring any changes to on the user's part. We demonstrate how composable model transformations can be combined with automated data-driven surrogate generation techniques, allowing machine learning methods to generate accelerated approximate models within an acausal modeling framework. These reduced models are shown to outperform the Dymola Modelica compiler on an HVAC model by 590x at 3\% error. Together, this demonstrates MTK as a system for bringing the latest research in graph transformations directly to modeling applications.",openalex,llm,0.960,unreviewed,,doi:10.13016/m2sfqq-rvpo
discarded,"EWD1300: The Notational Conventions I Adopted, and Why",Edsger W. Dijkstra,2002,Formal Aspects of Computing,10.1007/s001650200030,https://openalex.org/W2029249420,adjacent-subtopic,"Abstract. At a given moment, the concept of polite mathematics emerged, the underlying idea of which is that, even if you have only 60 readers, it pays to spend an hour if by doing so you can save your average reader a minute. By inventing an idealized ‘average reader’, we could translate most of the lofty, human goal of politeness into more or less formal criteria we could apply to our texts. This note is devoted to the resulting notational and stylistic conventions that were adopted as the years went by. We don't want to baffle or puzzle our reader, in particular it should be clear what has to be done to check our argument and it should be possible to do so without pencil and paper. This dictates small, explicit steps. On the other hand it is well known that brevity is the leading characteristic of mathematical elegance, and some fear that this ideal excludes the small, explicit steps, but one of the joys of my professional life has been the discovery that this fear is unfounded, for brevity can be achieved without committing the sin of omission. I should point out that my ideal of crisp clarity is not universally shared. Some consider the puzzles that are created by their omissions as spicy challenges, without which their texts would be boring; others shun clarity lest their work is considered trivial.",openalex,llm,0.880,unreviewed,,doi:10.1007/s001650200030
discarded,The PSG system: from formal language definitions to interactive programming environments,Rolf Bahlke; Gregor Snelting,1986,ACM Transactions on Programming Languages and Systems,10.1145/6465.20890,https://openalex.org/W2051504145,adjacent-subtopic,"The PSG programming system generator developed at the Technical University of Darmstadt produces interactive, language-specific programming environments from formal language definitions. All language-dependent parts of the environment are generated from an entirely nonprocedural specification of the language's syntax, context conditions, and dynamic semantics. The generated environment consists of a language-based editor, supporting systematic program development by named program fragments, an interpreter, and a fragment library system. The major component of the environment is a full-screen editor, which allows both structure and text editing. In structure mode the editor guarantees prevention of both syntactic and semantic errors, whereas in textual mode it guarantees their immediate recognition. PSG editors employ a novel algorithm for incremental semantic analysis which is based on unification. The algorithm will immediately detect semantic errors even in incomplete program fragments. The dynamic semantics of the language are defined in denotational style using a functional language based on the lambda calculus. Program fragments are compiled to terms of the functional language which are executed by an interpreter. The PSG generator has been used to produce environments for Pascal, ALGOL 60, MODULA-2, and the formal language definition language itself.",openalex,llm,0.980,unreviewed,,doi:10.1145/6465.20890
discarded,Generating a fluent API with syntax checking from an LR grammar,Tetsuro Yamazaki; Tomoki Nakamaru; Kazuhiro Ichikawa; Shigeru Chiba,2019,Proceedings of the ACM on Programming Languages,10.1145/3360560,https://openalex.org/W2979716378,adjacent-subtopic,"This paper proposes a fluent API generator for Scala, Haskell, and C++. It receives a grammar definition and generates a code skeleton of the library in the host programming language. The generated library is accessed through a chain of method calls; this style of API is called a fluent API. The library uses the host-language type checker to detect an invalid chain of method calls. Each method call is regarded as a lexical token in the embedded domain specific language implemented by that library. A sequence of the lexical tokens is checked and, if the sequence is not acceptable by the grammar, a type error is reported during compilation time. A contribution of this paper is to present an algorithm for generating the code-skeleton for a fluent API that reports a type error when a chain of method calls to the library does not match the given LR grammar. Our algorithm works in Scala, Haskell, and C++. To encode LR parsing, it uses the method/function overloading available in those languages. It does not need an advanced type system, or exponential compilation time or memory consumption. This paper also presents our implementation of the proposed generator.",openalex,llm,0.960,unreviewed,,doi:10.1145/3360560
discarded,Parallel Languages and Compilers: Perspective From the Titanium Experience,Katherine Yelick; Paul N. Hilfinger; S. Graham; Dan Bonachea; J. Su; Amir Kamil; Ashim Kumar Datta; Phillip Colella; Tong Wen,2007,The International Journal of High Performance Computing Applications,10.1177/1094342007078449,https://openalex.org/W2148431547,supports-claim; adjacent-subtopic; language feature list,"We describe the rationale behind the design of key features of Titanium—an explicitly parallel dialect of Java for high-performance scientific programming—and our experiences in building applications with the language. Specifically, we address Titanium's partitioned global address space model, single program multiple data parallelism support, multi-dimensional arrays and array-index calculus, memory management, immutable classes (class-like types that are value types rather than reference types), operator overloading, and generic programming. We provide an overview of the Titanium compiler implementation, covering various parallel analyses and optimizations, Titanium runtime technology and the GASNet network communication layer. We summarize results and lessons learned from implementing the NAS parallel benchmarks, elliptic and hyperbolic solvers using adaptive mesh refinement, and several applications of the immersed boundary method.",openalex,llm_reviewed,0.660,changed,kept->discarded,doi:10.1177/1094342007078449
discarded,Playa: High-Performance Programmable Linear Algebra,Victoria E. Howle; Robert C. Kirby; Kevin Long; Brian Brennan; Kimberly R Kennedy,2012,Scientific Programming,10.1155/2012/606215,https://openalex.org/W2109551514,adjacent-subtopic,"This paper introduces Playa, a high-level user interface layer for composing algorithms for complex multiphysics problems out of objects from other Trilinos packages. Among other features, Playa provides very high-performance overloaded operators implemented through an expression template mechanism. In this paper, we give an overview of the central Playa objects from a user's perspective, show application to a sequence of increasingly complex solver algorithms, provide timing results for Playa's overloaded operators and other functions, and briefly survey some of the implementation issues involved.",openalex,llm,0.840,unreviewed,,doi:10.1155/2012/606215
discarded,Towards Concrete Syntax Patterns for Logic-based Transformation Rules,Malte Appeltauer; Günter Kniesel,2008,Electronic Notes in Theoretical Computer Science,10.1016/j.entcs.2008.10.038,https://openalex.org/W1974001278,adjacent-subtopic,"Logic meta-programming in Prolog is a powerful way to express program analysis and transformation. However, its use can be difficult and error-prone because it requires programmers to know the meta-level representation of the analysed language and to think and express their analyses in terms of this low-level representation. In addition, the backtracking-based evaluation strategy of Prolog may lead to subtle semantic problems when used to express transformations of a logic database. In this paper, we propose an alternative approach, GenTL, a generic transformation language that combines logic-based Conditional Transformations (CTs) and concrete syntax patterns. This combination addresses the above problems while still offering the full expressive power of logic meta-programming. Compared to approaches based on other formalisms, the design of GenTL offers advantages in terms of composability and easy transformation interference analysis.",openalex,llm,0.940,unreviewed,,doi:10.1016/j.entcs.2008.10.038
discarded,"First Class Syntax, Semantics, and Their Composition",Marcos Viera; S. Doaitse Swierstra,2013,,10.1145/2620678.2620686,https://openalex.org/W1975052385,adjacent-subtopic,"Ideally complexity is managed by composing a system out of quite a few, more or less independent, and much smaller descriptions of various aspects of the overall artefact. When describing (extensible) programming languages, attribute grammars have turned out to be an excellent tool for modular definition and integration of their different aspects. In this paper we show how to construct a programming language implementation by composing a collection of separately compiled attribute grammar fragments, each describing a separate aspect of the language.",openalex,llm,0.980,unreviewed,,doi:10.1145/2620678.2620686
