status,title,authors,year,venue,doi,url,tags,abstract,provider,decision_source,llm_confidence,llm_review_outcome,llm_change_direction,paper_id
discarded,"On the adoption, usage and evolution of Kotlin features in Android development",Bruno Góis Mateus; Matías Martínez,2020,,10.1145/3382494.3410676,https://openalex.org/W2963989277,supports-claim; adjacent-subtopic; feature adoption study; operator overloading not reported in abstract,"Background: Google announced Kotlin as an Android official programming language in 2017, giving developers an option of writing applications using a language that combines object-oriented and functional features. Aims: The goal of this work is to understand the usage of Kotlin features considering four aspects: i) which features are adopted, ii) what is the degree of adoption, iii) when are these features added into Android applications for the first time, and iv) how the usage of features evolves along with applications' evolution. Method: Exploring the source code of 387 Android applications, we identify the usage of Kotlin features on each version application's version and compute the moment that each feature is used for the first time. Finally, we identify the evolution trend that better describes the usage of these features. Results: 15 out of 26 features are used on at least 50% of applications. Moreover, we found that type inference, lambda and safe call are the most used features. Also, we observed that the most used Kotlin features are those first included on Android applications. Finally, we report that the majority of applications tend to add more instances of 24 out of 26 features along with their evolution. Conclusions: Our study generates 7 main findings. We present their implications, which are addressed to developers, researchers and tool builders in order to foster the use of Kotlin features to develop Android applications.",openalex,llm_reviewed,0.620,changed,kept->discarded,doi:10.1145/3382494.3410676
discarded,An Ada package for dimensional analysis,Paul N. Hilfinger,1988,ACM Transactions on Programming Languages and Systems,10.1145/42190.42346,https://openalex.org/W2016043411,adjacent-subtopic,"This paper illustrates the use of Ada's abstraction facilities—notably, operator overloading and type parameterization—to define an oft-requested feature: a way to attribute units of measure to variables and values. The definition given allows the programmer to specify units of measure for variables, constants, and parameters; checks uses of these entities for dimensional consistency; allows arithmetic between them, where legal; and provides scale conversions between commensurate units. It is not constrained to a particular system of measurement (such as the metric or English systems). Although the definition is in standard Ada and requires nothing special of the compiler, certain reasonable design choices in the compiler, discussed here at some length, can make its implementation particularly efficient.",openalex,llm,0.780,unreviewed,,doi:10.1145/42190.42346
discarded,An Object-Oriented Framework for Multidisciplinary Design Optimization,Joaquim R. R. A. Martins; Christopher Marriage; Christopher Marriage; Christopher Marriage; Christopher Marriage,2007,"48th AIAA/ASME/ASCE/AHS/ASC Structures, Structural Dynamics, and Materials Conference",10.2514/6.2007-1906,https://openalex.org/W2319203391,supports-claim; adjacent-subtopic; earlier conference version of pyMDO (cited),"We present πMDO, an object-oriented framework that facilitates the use of algorithms for multidisciplinary optimization (MDO). The resulting implementation of the MDO architectures is efficient, scalable, and portable. The main advantage of the proposed framework is that it is flexible, with a strong emphasis on object-oriented classes and operator overloading and it is thus ideal for the rapid development and evaluation of new MDO architectures, as well as the benchmarking of existing ones. The top layer interface is programmed in Python and it allows for the layers blow the interface to be programmed in C, C++, Fortran and other languages. We describe the implementation of πMDO and demonstrate that we can take advantage of object-oriented programming and operator overloading to obtain intuitive, easy-to-read, and easy-to-develop codes that are at the same time efficient. This allows developers to focus on the new algorithms they are developing and testing, rather than on implementation details. Several numerical experiments verify that the various MDO architectures yield the correct solutions and allow the evaluation of their relative performance.",openalex,llm_reviewed,0.990,changed,kept->discarded,doi:10.2514/6.2007-1906
discarded,Enhancing robot teleoperator situation awareness and performance using vibro-tactile and graphical feedback,Paulo Goncalves de Barros; Robert W. Lindeman; Matthew O. Ward,2011,,10.1109/3dui.2011.5759216,https://openalex.org/W2085124546,off-topic-false-hit,"Most of the feedback received by operators of current robot-teleoperation systems is graphical. When a large variety of robot data needs to be displayed however, this may lead to operator overload. The research presented in this paper focuses on off-loading part of the feedback to other human senses, specifically to the sense of touch, to reduce the load due to the interface, and as a consequence, to increase the level of operator situation awareness. Graphical and vibro-tactile versions of feedback delivery for collision interfaces were evaluated in a search task using a virtual teleoperated robot. Parameters measured included task time, number of collisions between the robot and the environment, number of objects found and the quality of post-experiment reports through the use of sketch maps. Our results indicate that the combined use of both graphical and vibro-tactile feedback interfaces led to an increase in the quality of sketch maps, a possible indication of increased levels of operator situation awareness, but also a slight decrease in the number of robot collisions.",openalex,llm,1.000,unreviewed,,doi:10.1109/3dui.2011.5759216
discarded,Checking C++ codes for compatibility with operator overloading,Alexander Hück; Christian Bischof; Jean Utke,2015,2015 IEEE 15th International Working Conference on Source Code Analysis and Manipulation (SCAM),10.1109/SCAM.2015.7335405,https://ieeexplore.ieee.org/document/7335405/,"qualifies-claim; adjacent-subtopic; retrofitting AD types; code compatibility, not readability","Operator overloading allows the semantic extension of existing code without the need for sweeping code changes. For example, automatic differentiation tools in C++ commonly use this feature to enhance the code with additional derivative computation. To this end, a floating point data type is changed to a complex user-defined type. While conceptually straightforward, this type change often leads to compilation errors that can be tedious to decipher and resolve. This is due to the fact that the built-in floating point types in C++ are treated differently than user-defined types, and code constructs that are legal for floating point types can be a violation of the C++ standard for complex user-defined types. We identify and classify such problematic code constructs and suggest how the code can be changed to avoid these errors, while still allowing the use of operator overloading. To automatically flag such occurrences, we developed a Clang-based tool for the static analysis of C++ code based on our assessment of constructs problematic in operator overloading for numeric types. It automatically finds instances of problematic code locations and prints Lint-like warning messages. To showcase the relevance of this topic and the usefulness of our tool, we consider the basic routines of the OpenFOAM CFD software package, consisting of 1,476 C++ source and header files, for a total of over 150,000 lines of code. Altogether, we found 74 distinct occurrences of problematic code constructs in 21 files. As some of these files are included in over 400 different locations in the OpenFOAM base, errors in these files create a torrent of error messages that often are difficult to comprehend. In summary, the classification of problematic instances aids developers in writing numerical code that is fit for operator overloading and the tool helps programmers that augment legacy code in spotting problematic code constructs.",ieee,llm_reviewed,0.880,changed,kept->discarded,doi:10.1109/scam.2015.7335405
discarded,Dynamic Operator Overload: A Model for Predicting Workload During Supervisory Control,Leonard A. Breslow; Daniel Gartenberg; J. Malcolm McCurry; J. Gregory Trafton,2014,IEEE Transactions on Human-Machine Systems,10.1109/TSMC.2013.2293317,https://ieeexplore.ieee.org/document/6697874/,off-topic-false-hit,"Crandall  and Cummings & Mitchell introduced fan-out as a measure of the maximum number of robots a single human operator can supervise in a given single-human-multiple-robot system. Fan-out is based on the time constraints imposed by limitations of the robots and of the supervisor, e.g., limitations in attention. Adapting their work, we introduced a dynamic model of operator overload that predicts failures in supervisory control in real time, based on fluctuations in time constraints and in the supervisor's allocation of attention, as assessed by eye fixations. Operator overload was assessed by damage incurred by unmanned aerial vehicles when they traversed hazard areas. The model generalized well to variants of the baseline task. We then incorporated the model into the system where it predicted in real time, when an operator would fail to prevent vehicle damage and alerted the operator to the threat at those times. These model-based adaptive cues reduced the damage rate by one-half relative to a control condition with no cues.",ieee,llm,1.000,unreviewed,,doi:10.1109/tsmc.2013.2293317
discarded,Toward Deployable CXL-PNM: The CMM-Ax Prototype and Software Stack,Kwangsik Shin; Kangkyu Park; Joonseop Sim; Thomas Won ha Choi; Youngpyo Joo; Hoshik Kim,2026,IEEE Transactions on Computers,10.1109/TC.2026.3654850,https://ieeexplore.ieee.org/document/11357537/,adjacent-subtopic,"Processing-Near-Memory (PNM) over Compute Express Link (CXL) has strong architectural appeal. However, most existing CXL-attached PNM prototypes remain inflexible or simulation-based and lack integration with full software stacks, which limits their practical deployment. This work introduces CMM-Ax, a deployable hybrid CXL-PNM system that combines streaming near-memory pipelines with device-side programmability and integrates tightly with the Heterogeneous Memory Software Development Kit (HMSDK). Through HMSDK, CMM-Ax exposes CXL-attached memory via standard Linux allocation paths (e.g., malloc and mmap). This allows existing vector databases and search engines to adopt heterogeneous memory with minimal application-level changes, such as selecting the CMM-Ax FAISS backend. CMM-Ax further provides a comprehensive software stack—FAISS integration, a domain-specific compiler for user-defined operators, and a Kubernetes device plugin supporting multi-tenant slicing—capabilities not demonstrated in prior CXL-PNM. Using an FPGA-based CXL Type-3 prototype, CMM-Ax achieves 4.54${\boldsymbol\times}$× higher throughput and 5.56${\boldsymbol\times}$× lower energy per query than a CXL memory-only baseline on the exact k-nearest neighbor (kNN) search. For approximate nearest neighbor (ANN) inverted-file (IVF) workloads, CMM-Ax sustains bandwidth-proportional efficiency at small batches (batch = 1: 37% vs. 12% CPU, 7% GPU). In Kubernetes deployments, CMM-Ax–equipped servers can replace a significantly larger CPU-only cluster at equivalent memory capacity and throughput, reducing node count and system energy.",ieee,llm,0.980,unreviewed,,doi:10.1109/tc.2026.3654850
discarded,Auto-parallelizing stateful distributed streaming applications,Scott Schneider; Martin Hirzel; Bugra Gedik; Kun-Lung Wu,2012,2012 21st International Conference on Parallel Architectures and Compilation Techniques (PACT),,https://ieeexplore.ieee.org/document/7842918/,adjacent-subtopic,"Streaming applications transform possibly infinite streams of data and often have both high throughput and low latency requirements. They are comprised of operator graphs that produce and consume data tuples. The streaming programming model naturally exposes task and pipeline parallelism, enabling it to exploit parallel systems of all kinds, including large clusters. However, it does not naturally expose data parallelism, which must instead be extracted from streaming applications. This paper presents a compiler and runtime system that automatically extract data parallelism for distributed stream processing. Our approach guarantees safety, even in the presence of stateful, selective, and user-defined operators. When constructing parallel regions, the compiler ensures safety by considering an operator's selectivity, state, partitioning, and dependencies on other operators in the graph. The distributed runtime system ensures that tuples always exit parallel regions in the same order they would without data parallelism, using the most efficient strategy as identified by the compiler. Our experiments using 100 cores across 14 machines show linear scalability for standard parallel regions, and near linear scalability when tuples are shuffled across parallel regions.",ieee,llm,0.990,unreviewed,,hash:7408701cc11da690
kept,An object-oriented framework for the development of scalable parallel multilevel preconditioners,"Sala, Marzio",2006,ACM TRANSACTIONS ON MATHEMATICAL SOFTWARE,,https://www.webofscience.com/wos/woscc/full-record/WOS:000241303500002,supports-claim; library-notation,"We present the design of a high-performance object-oriented framework that enables the rapid development and usage of efficient, scalable, and portable implementations of multilevel preconditioners for distributed sparse real matrices, in both serial and ( massively) parallel environments. The main feature of the proposed framework is the use of several programming paradigms for the different implementation layers, with a strong emphasis on object-oriented classes and operator overloading for the top layer, and optimized FORTRAN and C code for the layers underneath. We describe an implementation of the proposed framework that is based on the ML library, the algebraic multilevel preconditioning package of Trilinos, which supports state-of-the-art parallel smoothed aggregation methods, and can be used to define general algebraic and geometric multilevel and multigrid preconditioners and solvers. The article demonstrates that we can take advantage of object-oriented programming and operator overloading to obtain intuitive, easy-to-read, and easy-to-develop codes that are at the same time efficient and scalable. Several numerical experiments obtained on serial and parallel computers show that the overhead required by the object-oriented layer is very modest, therefore allowing developers to focus on the new algorithms they are developing and testing, rather than on implementation details.",wos,llm_reviewed,0.800,confirmed,,hash:1066c52e2c40547f
discarded,Combining source transformation and operator overloading techniques to compute derivatives for MATLAB programs,"Bischof, CH; Bücker, HM; Lang, B; Rasch, A; Vehreschild, A",2002,"SCAM 2002: SECOND IEEE INTERNATIONAL WORKSHOP ON SOURCE CODE ANALYSIS MANIPULATION, PROCEEDINGS",,https://www.webofscience.com/wos/woscc/full-record/WOS:000178751500007,adjacent-subtopic,"Derivatives of mathematical functions play a key role in various areas of numerical and technical computing. Many of these computations are done in MATLAB, a popular environment for technical computing providing engineers and scientists with capabilities for mathematical computing, analysis, visualization, and algorithmic development. For functions written in the MATLAB language, a novel software tool is proposed to automatically transform a given MATLAB program into another MATLAB program capable of computing not only the original function but also user-specified derivatives of that function. That is, a program transformation known as automatic differentiation is performed to change the semantics of the program in a fashion based on the chain rule of differential calculus. The crucial ingredient of the tool is a combination of source-to-source transformation and operator overloading. The overall design of the tool is described and numerical experiments are reported demonstrating the efficiency of the resulting code for a sample problem.",wos,llm,0.970,unreviewed,,hash:f23a21a03ec4eac5
discarded,A software system for laboratory experiments in image processing,"Robinson, JA",2000,IEEE TRANSACTIONS ON EDUCATION,,https://www.webofscience.com/wos/woscc/full-record/WOS:000165282500016,supports-claim; adjacent-subtopic; teaching library uses overloading; no readability claim,"Laboratory experiments for image processing courses are usually software implementations of processing algorithms, but students of image processing come from diverse backgrounds with widely differing software experience, To avoid learning overhead, the software system should be easy to learn and use, even for those with no exposure to mathematical programming languages or object-oriented programming. The class library for image processing (CLIP) supports users with knowledge of C, by providing three C++ types with small public interfaces, including natural and efficient operator overloading. CLIP programs are compact and fast, Experience in using the system in undergraduate and graduate teaching indicates that it supports subject matter learning with little distraction from language/system learning.",wos,llm_reviewed,0.990,changed,kept->discarded,hash:a297d2a4ca220b8d
kept,Automatic differentiation and lattice function matching,"Ostiguy, JF; Michelotti, L; Holt, JA",1997,COMPUTATIONAL ACCELERATOR PHYSICS,,https://www.webofscience.com/wos/woscc/full-record/WOS:A1997BH51S00043,supports-claim; library-notation,"Although popularized in accelerator physics for the calculation of the Taylor coefficients of phase space maps, automatic differentiation is a generic and powerful technique applicable to any problem where fast and accurate evaluation of (usually first order) derivatives is needed. Problems requiring the evaluation of sensitivities with respect to parameters of a model or the minimization of an error function permeate applications in accelerator physics.

The advent of languages with built-in support for operator overloading - such as C++ - results in greatly simplified syntax and highly maintainable software. To illustrate this point in practice, we apply automatic differentiation techniques to linear lattice function matching, an important problem encountered in the context of designing insertions or transfer lines between accelerators.",wos,llm_reviewed,0.990,confirmed,,hash:56c43d78706614b8
discarded,A C++ class library for interval arithmetic in global optimization,"Holmqvist, K; Migdalas, A",1996,STATE OF THE ART IN GLOBAL OPTIMIZATION,,https://www.webofscience.com/wos/woscc/full-record/WOS:A1996BJ12B00013,adjacent-subtopic,"Global optimization methods based on interval arithmetic have potential to efficiently solve problems that standard nonlinear programming techniques cannot handle well. In interval arithmetic the machine arithmetic is performed by approximating a real number with an enclosing interval, rather than with a single floating point number. Hence, an automatic control over rounding errors is provided. To use interval arithmetic in practice either a language with built-in interval arithmetic or a suitable subroutine Library is needed. Such a Library can with advantage be implemented in C++, realizing intervals as objects with well defined interfaces, In this paper we report experience from implementing and using a C++ class library for global optimization using interval arithmetic. Measurements show that the use of object oriented programming and operator overloading does not affect performance negatively. In fact, our C++ implementation of interval arithmetic is actually faster than a comparable Fortran implementation.",wos,llm,0.910,unreviewed,,hash:d345e4834a111492
