status,title,authors,year,venue,doi,url,tags,abstract,provider,decision_source,llm_confidence,llm_review_outcome,llm_change_direction,paper_id
discarded,"Algorithmic Differentiation Framework of the CFD Software by ONERA, DLR, and Airbus (CODA): Design and Evaluation for Adjoint Sensitivity Analysis of Aircraft",A. Büchner,2026,AIAA Science and Technology Forum and Exposition AIAA Scitech Forum 2026,10.2514/6.2026-2517,https://www.scopus.com/inward/record.uri?partnerID=HzOxMe3b&scp=105031182763&origin=inward,adjacent-subtopic,"In this paper, we present the Algorithmic Differentiation (AD) framework of the CFD software by ONERA, DLR, and Airbus (CODA). The focus is on the reverse-mode differentiation capabilities of the CFD library CODA that are required for large-scale adjoint sensitivity analyses. Particular attention is given to four key aspects: 1) The AD framework allows the application of AD libraries based on operator overloading on the level of face and element operations in a compact differentiation approach for the differentiation of the residual function. The approach retains key HPC capabilities of the primal CFD method such as overlapping communication and computation in conjunction with adjoint computations by reverse-mode AD, leveraging distributed memory, shared memory and SIMD/vector parallelism. 2) An AD abstraction layer is defined in the CFD software for interoperability with different AD libraries available with their individual advantages, license conditions and tape strategies for reverse-mode AD. 3) A unified programming interface is provided that systematically offers entry points for both forward and reverse-mode AD capabilities of (explicit) functions and implicit operations of the CFD software CODA. A derivative-enabled Python-interface called FSMDAO allows calling the CFD library with granular access to exact forward and reverse differentiation of the CFD modules in combination with state-of-the-art MDAO frameworks. 4) For an efficient and robust processing of large-scale adjoint computations, nested stacks of solvers and preconditioners can be built with both matrix-based and matrix-free (transposed) linearized solver operations in the hierarchical solution process. Numerical experiments are presented to evaluate and assess the properties of the adjoint complement of the CFD software CODA on the way to multidisciplinary design optimizations on large scale. Solver convergence is investigated based on the powered DLR-F25 aircraft configuration in steady-state RANS flow using different linear solver stacks in the implicit solution process. In a strong parallel scalability study, linear scaling of time-to-solution is observed down to less than 10 thousand degrees of freedom per CPU core. Weak scalability is studied for the CRM/DPW5 wing-body configuration using an unstructured mesh sequence with 18 million to 1.2 billion degrees of freedom, showing a relative run-time increase of less than 10 percent on the large mesh compared to the coarse mesh.",scopus,llm,0.980,unreviewed,,doi:10.2514/6.2026-2517
discarded,Ad-trait: A Fast and Flexible Automatic Differentiation Library in Rust,C. Liang,2025,IEEE International Conference on Intelligent Robots and Systems,10.1109/IROS60139.2025.11245908,https://www.scopus.com/inward/record.uri?partnerID=HzOxMe3b&scp=105029969659&origin=inward,adjacent-subtopic,"The Rust programming language is an attractive choice for robotics and related fields, offering highly efficient and memory-safe code. However, a key limitation preventing its broader adoption in these domains is the lack of high-quality, well-supported Automatic Differentiation (AD)—a fundamental technique that enables convenient derivative computation by systematically accumulating data during function evaluation. In this work, we introduce ad-trait, a new Rust-based AD library. Our implementation overloads Rust’s standard floating-point type with a flexible trait that can efficiently accumulate necessary information for derivative computation. The library supports both forward-mode and reverse-mode automatic differentiation, making it the first operator-overloading AD implementation in Rust to offer both options. Additionally, ad-trait leverages Rust’s performance-oriented features, such as Single Instruction, Multiple Data acceleration in forward-mode AD, to enhance efficiency. Through benchmarking experiments, we show that our library is among the fastest AD implementations across several programming languages for computing derivatives. Moreover, it is already integrated into a Rust-based robotics library, where we showcase its ability to facilitate fast optimization procedures. We conclude with a discussion of the limitations and broader implications of our work.",scopus,llm,0.980,unreviewed,,doi:10.1109/iros60139.2025.11245908
discarded,The hybrid anti-symmetrized coupled channels method (haCC) for the tRecX code,H. Chundayil,2024,Computer Physics Communications,10.1016/j.cpc.2024.109279,https://www.scopus.com/inward/record.uri?partnerID=HzOxMe3b&scp=85196212556&origin=inward,off-topic-false-hit,"We present a new implementation of the hybrid antisymmetrized Coupled Channels (haCC) method in the framework of the tRecX [A. Scrinzi, Comp. Phys. Comm., 270:108146, 2022.]. The method represents atomic and molecular multi-electron functions by combining CI functions, Gaussian molecular orbitals, and a numerical single-electron basis. It is suitable for describing high harmonic generation and the strong-field dynamics of ionization. Fully differential photo\-emission spectra are computed by the tSurff method. The theoretical background of haCC is outlined and key improvements compared to its original formulation are highlighted. We discuss control of over-completeness resulting from the joint use of the numerical basis and Gaussian molecular orbitals by pseudo-inverses based on the Woodbury formula. Further new features of this tRecX release are the iSurff method, new input features, and the AMOS gateway interface. The mapping of haCC into the tRecX framework for solving the time-dependent Schr\""odinger equation is shown. Use, performance, and accuracy of haCC are discussed on the examples of high-harmonic generation and strong-field photo-emission by short laser pulses impinging on the Helium atom and on the linear molecules $N_2$ and $CO$.",scopus,llm,0.960,unreviewed,,doi:10.1016/j.cpc.2024.109279
discarded,Quantifying the interpretation overhead of Python,Q. Zhang,2022,Science of Computer Programming,10.1016/j.scico.2021.102759,https://www.scopus.com/inward/record.uri?partnerID=HzOxMe3b&scp=85121128605&origin=inward,adjacent-subtopic,"While Python has become increasingly popular for its convenience, it is also criticized for its suboptimal performance. To figure out what burdens the interpreter of Python and provide insights into possible optimizations, we conduct this empirical study on CPython's performance via sampling-based profiling. This sampling-based approach incurs a low runtime overhead and does not require any modification of the interpreter and the application code, thus providing convincing experimental results. Specifically, we use 48 benchmarks from the pyperformance project to analyze the runtime overhead of the interpreter. We compare the usage of different opcodes and decompose the overhead at various granularities (e.g., files, functions, and statements). It turns out that most parts contribute a small portion of the overhead, and the promising improvements lie in the minority, such as name access opcodes and reference counting functions. Furthermore, we pay attention to four specific performance-affecting issues: name access, dynamic typing, garbage collection, and opcode dispatch. The issue study reveals several promising optimization techniques, such as register-based virtual machine architecture and tracing based garbage collection, as well as a few fruitless optimization points, such as operator overloading and dispatch. (c) 2021 Elsevier B.V. All rights reserved.",scopus,llm,0.940,unreviewed,,doi:10.1016/j.scico.2021.102759
discarded,A predictive approach for dynamic replication of operators in distributed stream processing systems,D. Wladdimiro,2022,Proceedings Symposium on Computer Architecture and High Performance Computing,10.1109/SBAC-PAD55451.2022.00023,https://www.scopus.com/inward/record.uri?partnerID=HzOxMe3b&scp=85145880794&origin=inward,adjacent-subtopic,"Stream Processing Systems (SPSs) can present significant fluctuation in input rate. To address this issue, some existing solutions propose reconfiguring the SPS by replicating its operators. However, such reconfiguration usually induces a high system downtime cost. Moreover, reconfiguration decisions are based only on resource utilization without balancing the load between replicas. We propose in this paper a predictive SPS that dynamically defines the necessary number of replicas of each operator based not only on the current resource utilization and input rate variation but also on the events that, due to the operator's overloading, could not be processed yet and are, thus, kept in the operator's queue. In addition, our SPS implements a load balancer that distributes incoming events more evenly among replicas of an operator. Our solution has been integrated into Storm. To avoid system reconfiguration downtime, our SPS preallocates a pool of replicas where each of them can be activated or deactivated based on per operator input load predictions. Using real traffic traces with different applications, we have conducted experiments on Google Cloud Platform (GCP), evaluating our SPS and comparing it with Storm and DABS-Storm.",scopus,llm,0.990,unreviewed,,doi:10.1109/sbac-pad55451.2022.00023
discarded,Effective adjoint approaches for computational fluid dynamics,G.K.W. Kenway,2019,Progress in Aerospace Sciences,10.1016/j.paerosci.2019.05.002,https://www.scopus.com/inward/record.uri?partnerID=HzOxMe3b&scp=85066869587&origin=inward,adjacent-subtopic,"Abstract The adjoint method is used for high-fidelity aerodynamic shape optimization and is an efficient approach for computing the derivatives of a function of interest with respect to a large number of design variables. Over the past few decades, various approaches have been used to implement the adjoint method in computational fluid dynamics solvers. However, further advances in the field are hindered by the lack of performance assessments that compare the various adjoint implementations. Therefore, we propose open benchmarks and report a comprehensive evaluation of the various approaches to adjoint implementation. We also make recommendations on effective approaches, that is, approaches that are efficient, accurate, and have a low implementation cost. We focus on the discrete adjoint method and describe adjoint implementations for two computational fluid dynamics solvers by using various methods for computing the partial derivatives in the adjoint equations and for solving those equations. Both source code transformation and operator-overloading algorithmic differentiation tools are used to compute the partial derivatives, along with finite differencing. We also examine the use of explicit Jacobian and Jacobian-free solution methods. We quantitatively evaluate the speed, scalability, memory usage, and accuracy of the various implementations by running cases that cover a wide range of Mach numbers, Reynolds numbers, mesh topologies, mesh sizes, and number of CPU cores. We conclude that the Jacobian-free method using source code transformation algorithmic differentiation to compute the partial derivatives is the best option because it computes exact derivatives with the lowest CPU time and the lowest memory requirements, and it also scales well up to 10 million cells and over one thousand CPU cores. The superior performance of this approach is primarily due to its Jacobian-free adjoint strategy. The cases presented herein are publicly available and represent platform-independent benchmarks for comparing other current and future adjoint implementations. Our results and discussion provide a guide for discrete adjoint implementations, not only for computational fluid dynamics but also for a wide range of other partial differential equation solvers.",scopus,llm,0.940,unreviewed,,doi:10.1016/j.paerosci.2019.05.002
discarded,A usability case study of algorithmic differentiation tools on the ISSM ice sheet model,A. Hück,2018,Optimization Methods and Software,10.1080/10556788.2017.1396602,https://www.scopus.com/inward/record.uri?partnerID=HzOxMe3b&scp=85033411298&origin=inward,adjacent-subtopic,"Algorithmic differentiation (AD) based on operator overloading is often the only feasible approach for applying AD in complex C++ software environments. Challenges pertaining to the introduction of an AD tool based on operator overloading have been studied in the past. However, in order to assess possible performance gains or to verify derivative values, it is advantageous to be able to apply more than one AD tool to a given code. Hence, in this work, we investigate usability issues when exchanging AD tools. Our study is based on the NASA/JPL/UCI Ice Sheet System Model (ISSM) which currently employs the AD tool ADOL-C. We introduce CoDiPack to ISSM, a more recent AD tool offering a similar set of features while promising performance improvements. In addition to the obvious type change for the AD-augmented float type, this transition requires the change to a different adjoint MPI library, adaptation of the MUMPS solver wrapper, and changes to the derivative seeding and extraction routines. We believe that these issues are fairly generic for numerical simulation software, and the issues we report on provide a blueprint for similar undertakings. We also believe that our experiences provide guidance towards the development of AD interfaces that support AD tool interoperability. In addition, we improve upon the memory management of the existing ADOL-C instrumentation, which exhibited considerable runtime problems for higher mesh resolutions. We conduct serial and parallel ISSM model runs on a 2D mass transport benchmark as well as a model of the Pine Island Glacier to verify the derivatives computed by both tools and report on runtime performance and memory usage. In comparison, the CoDiPack AD variant of ISSM runs faster with less memory overhead than the ADOL-C variant and, thus, enables future model runs with an increased number of mesh elements. But the existence of two different AD implementations provides added confidence in the correctness of derivatives, in particular for future AD tool versions.",scopus,llm,0.890,unreviewed,,doi:10.1080/10556788.2017.1396602
discarded,Cutty: Aggregate sharing for user-defined windows,P. Carbone,2016,International Conference on Information and Knowledge Management Proceedings,10.1145/2983323.2983807,https://www.scopus.com/inward/record.uri?partnerID=HzOxMe3b&scp=84996567073&origin=inward,adjacent-subtopic,"Aggregation queries on data streams are evaluated over evolving and often overlapping logical views called windows. While the aggregation of periodic windows were extensively studied in the past through the use of aggregate sharing techniques such as Panes and Pairs, little to no work has been put in optimizing the aggregation of very common, non-periodic windows. Typical examples of non-periodic windows are punctuations and sessions which can implement complex business logic and are often expressed as user-defined operators on platforms such as Google Dataflow or Apache Storm. The aggregation of such non-periodic or user-defined windows either falls back to expensive, best-effort aggregate sharing methods, or is not optimized at all. In this paper we present a technique to perform efficient aggregate sharing for data stream windows, which are declared as user-defined functions (UDFs) and can contain arbitrary business logic. To this end, we first introduce the concept of User-Defined Windows (UDWs), a simple, UDF-based programming abstraction that allows users to programmatically define custom windows. We then define semantics for UDWs, based on which we design Cutty, a low-cost aggregate sharing technique. Cutty improves and outperforms the state of the art for aggregate sharing on single and multiple queries. Moreover, it enables aggregate sharing for a broad class of non-periodic UDWs. We implemented our techniques on Apache Flink, an open source stream processing system, and performed experiments demonstrating orders of magnitude of reduction in aggregation costs compared to the state of the art.",scopus,llm,0.980,unreviewed,,doi:10.1145/2983323.2983807
discarded,The efficiency of geophysical adjoint codes generated by automatic differentiation tools,A.V. Vlasenko,2016,Computer Physics Communications,10.1016/j.cpc.2015.10.008,https://www.scopus.com/inward/record.uri?partnerID=HzOxMe3b&scp=84948808024&origin=inward,adjacent-subtopic,"Abstract The accuracy of numerical models that describe complex physical or chemical processes depends on the choice of model parameters. Estimating an optimal set of parameters by optimization algorithms requires knowledge of the sensitivity of the process of interest to model parameters. Typically the sensitivity computation involves differentiation of the model, which can be performed by applying algorithmic differentiation (AD) tools to the underlying numerical code. However, existing AD tools differ substantially in design, legibility and computational efficiency. In this study we show that, for geophysical data assimilation problems of varying complexity, the performance of adjoint codes generated by the existing AD tools (i) Open_AD, (ii) Tapenade, (iii) NAGWare and (iv) Transformation of Algorithms in Fortran (TAF) can be vastly different. Based on simple test problems, we evaluate the efficiency of each AD tool with respect to computational speed, accuracy of the adjoint, the efficiency of memory usage, and the capability of each AD tool to handle modern FORTRAN 90–95 elements such as structures and pointers, which are new elements that either combine groups of variables or provide aliases to memory addresses, respectively. We show that, while operator overloading tools are the only ones suitable for modern codes written in object-oriented programming languages, their computational efficiency lags behind source transformation by orders of magnitude, rendering the application of these modern tools to practical assimilation problems prohibitive. In contrast, the application of source transformation tools appears to be the most efficient choice, allowing handling even large geophysical data assimilation problems. However, they can only be applied to numerical models written in earlier generations of programming languages. Our study indicates that applying existing AD tools to realistic geophysical problems faces limitations that urgently need to be solved to allow the continuous use of AD tools for solving geophysical problems on modern computer architectures.",scopus,llm,0.880,unreviewed,,doi:10.1016/j.cpc.2015.10.008
discarded,A reliable affine relaxation method for global optimization,J. Ninin,2015,4or,10.1007/s10288-014-0269-0,https://www.scopus.com/inward/record.uri?partnerID=HzOxMe3b&scp=84939652934&origin=inward,adjacent-subtopic,"An automatic method for constructing linear relaxations of constrained global optimization problems is proposed. Such a construction is based on affine and interval arithmetics and uses operator overloading. These linear programs have exactly the same numbers of variables and inequality constraints as the given problems. Each equality constraint is replaced by two inequalities. This new procedure for computing reliable bounds and certificates of infeasibility is inserted into a classical branch and bound algorithm based on interval analysis. Extensive computation experiments were made on 74 problems from the COCONUT database with up to 24 variables or 17 constraints; 61 of these were solved, and 30 of them for the first time, with a guaranteed upper bound on the relative error equal to . Moreover, this sample comprises 39 examples to which the GlobSol algorithm was recently applied finding reliable solutions in 32 cases. The proposed method allows solving 31 of these, and 5 more with a CPU-time not exceeding 2 min.",scopus,llm,0.980,unreviewed,,doi:10.1007/s10288-014-0269-0
