status,title,authors,year,venue,doi,url,tags,abstract,provider,decision_source,llm_confidence,llm_review_outcome,llm_change_direction,paper_id
discarded,Using APL2 to create an object-oriented environment for statistical computation,M. Friendly,1994,Journal of Computational and Graphical Statistics,10.1080/10618600.1994.10474654,https://www.scopus.com/inward/record.uri?partnerID=HzOxMe3b&scp=79961211594&origin=inward,adjacent-subtopic,"Since its introduction, APL has frequently been touted as an ideal programming language for statistical applications. Among the attractive features of APL for statistics are its extensibility, the presence of primitives for operations such as sorting, matrix inversion, and arranging data, and powerful facilities for handling matrices and other arrays. Newer programming languages incorporating some of the features of APL—notably New S and XLisp-Stat—have been designed specifically for statistical applications. Is there still a niche for APL? We believe that APL2 continues to offer some significant benefits for statistical computation, including user-defined operators, nested arrays, and convenient implementation of arrays of any dimension. We use these characteristics of the language in the course of designing an extensible computing environment for data analysis and programming based on APL2 that incorporates some of the features of modern statistical programming languages, such as data objects, symbolic model specification, missing-data handling, and automatic search of a path of files. The system, which includes interactive statistical graphics, general linear models, and robust estimation methods, has been implemented using IBM's APL2 for PC-compatibles—both the standard version of this system and the freeware TryAPL2. The latter provides students with a free environment for modern data analysis and one in which they can explore the design of statistical software.",scopus,llm,0.750,unreviewed,,doi:10.1080/10618600.1994.10474654
discarded,User-defined operators,Moritz Sichert; Thomas Neumann,2022,Proceedings of the VLDB Endowment,10.14778/3510397.3510408,https://openalex.org/W4285160575,adjacent-subtopic,"In recent years, complex data mining and machine learning algorithms have become more common in data analytics. Several specialized systems exist to evaluate these algorithms on ever-growing data sets, which are built to efficiently execute different types of complex analytics queries. However, using these various systems comes at a price. Moving data out of traditional database systems is often slow as it requires exporting and importing data, which is typically performed using the relatively inefficient CSV format. Additionally, database systems usually offer strong ACID guarantees, which are lost when adding new, external systems. This disadvantage can be detrimental to the consistency of the results. Most data scientists still prefer not to use classical database systems for data analytics. The main reason why RDBMS are not used is that SQL is difficult to work with due to its declarative and set-oriented nature, and is not easily extensible. We present User-Defined Operators (UDOs) as a concept to include custom algorithms into modern query engines. Users can write idiomatic code in the programming language of their choice, which is then directly integrated into existing database systems. We show that our implementation can compete with specialized tools and existing query engines while retaining all beneficial properties of the database system.",openalex,llm,0.980,unreviewed,,doi:10.14778/3510397.3510408
discarded,"Modules for Experiments in Stellar Astrophysics (MESA): Time-dependent Convection, Energy Conservation, Automatic Differentiation, and Infrastructure",Adam S. Jermyn; Evan B. Bauer; Josiah Schwab; R. Farmer; Warrick H. Ball; Earl P. Bellinger; Aaron Dotter; Meridith Joyce; Pablo Marchant; Joey S. G. Mombarg; William M. Wolf; Tin Long Sunny Wong; Giulia C. Cinquegrana; Eoin Farrell; R. Smolec; Anne A. Thoul; Matteo Cantiello; Falk Herwig; Odette Toloza; Lars Bildsten; Richard H. D. Townsend; Francis X. Timmes,2023,The Astrophysical Journal Supplement Series,10.3847/1538-4365/acae8d,https://openalex.org/W4321790088,adjacent-subtopic,"Abstract We update the capabilities of the open-knowledge software instrument Modules for Experiments in Stellar Astrophysics ( MESA ). The new auto _ diff module implements automatic differentiation in MESA , an enabling capability that alleviates the need for hard-coded analytic expressions or finite-difference approximations. We significantly enhance the treatment of the growth and decay of convection in MESA with a new model for time-dependent convection, which is particularly important during late-stage nuclear burning in massive stars and electron-degenerate ignition events. We strengthen MESA ’s implementation of the equation of state, and we quantify continued improvements to energy accounting and solver accuracy through a discussion of different energy equation features and enhancements. To improve the modeling of stars in MESA , we describe key updates to the treatment of stellar atmospheres, molecular opacities, Compton opacities, conductive opacities, element diffusion coefficients, and nuclear reaction rates. We introduce treatments of starspots, an important consideration for low-mass stars, and modifications for superadiabatic convection in radiation-dominated regions. We describe new approaches for increasing the efficiency of calculating monochromatic opacities and radiative levitation, and for increasing the efficiency of evolving the late stages of massive stars with a new operator-split nuclear burning mode. We close by discussing major updates to MESA ’s software infrastructure that enhance source code development and community engagement.",openalex,llm,0.940,unreviewed,,doi:10.3847/1538-4365/acae8d
discarded,Implementing connected component labeling as a user defined operator for SciDB,Amidu Oloso; Kwo‐Sen Kuo; Thomas L. Clune; Paul Brown; Alex Poliakov; Hongfeng Yu,2016,,10.1109/bigdata.2016.7840945,https://openalex.org/W2561190943,adjacent-subtopic,"We have implemented a flexible User Defined Operator (UDO) for labeling connected components of a binary mask expressed as an array in SciDB, a parallel distributed database management system based on the array data model. This UDO is able to process very large multidimensional arrays by exploiting SciDB's memory management mechanism that efficiently manipulates arrays whose memory requirements far exceed available physical memory. The UDO takes as primary inputs a binary mask array and a binary stencil array that specifies the connectivity of a given cell to its neighbors. The UDO returns an array of the same shape as the input mask array with each foreground cell containing the label of the component it belongs to. By default, dimensions are treated as non-periodic, but the UDO also accepts optional input parameters to specify periodicity in any of the array dimensions. The UDO requires four stages to completely label connected components. In the first stage, labels are computed for each subarray or chunk of the mask array in parallel across SciDB instances using the weighted quick union (WQU) with half-path compression algorithm. In the second stage, labels around chunk boundaries from the first stage are stored in a temporary SciDB array that is then replicated across all SciDB instances. Equivalences are resolved by again applying the WQU algorithm to these boundary labels. In the third stage, relabeling is done for each chunk using the resolved equivalences. In the fourth stage, the resolved labels, which so far are “flattened” coordinates of the original binary mask array, are renamed with sequential integers for legibility. The UDO is demonstrated on a 3-D mask of 0(10n) elements, with 0(108) foreground cells and o(106) connected components. The operator completes in 19 minutes using 84 SciDB instances.",openalex,llm,0.990,unreviewed,,doi:10.1109/bigdata.2016.7840945
discarded,ADOL‐C: Automatic Differentiation Using Operator Overloading in C++,Andrea Walther; Andreas Griewank; Olaf Vogel,2003,PAMM,10.1002/pamm.200310011,https://openalex.org/W2024545411,adjacent-subtopic,"Abstract In this paper, we present two strategies for the implementation of Automatic Differentiation (AD) based on the operator overloading facility in C++. Subsequently, we describe the capabilities of the AD‐tool ADOL‐C that applies operator overloading to differentiate C‐ and C++‐code. Finally, we discuss some applications of ADOL‐C.",openalex,llm,0.980,unreviewed,,doi:10.1002/pamm.200310011
discarded,Expressions found by PySR software from dataset of equations of state for neutron star matter based on relativistic mean field model with a non-linear mesonic interaction,"Cranmer, Miles",2023,arXiv (Cornell University),10.48550/arxiv.2305.01582,https://openalex.org/W4368303491,adjacent-subtopic,"PySR is an open-source library for practical symbolic regression, a type of machine learning which aims to discover human-interpretable symbolic models. PySR was developed to democratize and popularize symbolic regression for the sciences, and is built on a high-performance distributed back-end, a flexible search algorithm, and interfaces with several deep learning packages. PySR's internal search algorithm is a multi-population evolutionary algorithm, which consists of a unique evolve-simplify-optimize loop, designed for optimization of unknown scalar constants in newly-discovered empirical expressions. PySR's backend is the extremely optimized Julia library SymbolicRegression.jl, which can be used directly from Julia. It is capable of fusing user-defined operators into SIMD kernels at runtime, performing automatic differentiation, and distributing populations of expressions to thousands of cores across a cluster. In describing this software, we also introduce a new benchmark, ""EmpiricalBench,"" to quantify the applicability of symbolic regression algorithms in science. This benchmark measures recovery of historical empirical equations from original and synthetic datasets.",openalex,llm,0.950,unreviewed,,doi:10.48550/arxiv.2305.01582
discarded,Composable user-defined operators that can express user-defined literals,Kazuhiro Ichikawa; Shigeru Chiba,2014,,10.1145/2584469.2577092,https://openalex.org/W4237908782,adjacent-subtopic,"This paper proposes new composable user-defined operators, named protean operators. They can express various language extensions including user-defined literals such as regular expression literals as well as user-defined expressions. Their expressiveness is equivalent to Parsing Expression Grammar (PEG). The operators have two important features to be parsed in pragmatic time: overloading by return type and a precedence rule for operators. They can be parsed efficiently even if they express user-defined literals since ambiguities in the grammar are removed by these two features. The overloading by return type enables us to consider static types as non-terminal symbols in the grammar. The compiler can use static type information for parsing. It can resolve ambiguities of the rules with the same syntax but a different type. Protean operators with the same return type require programmers to declare the precedence among them. These precedence rules enable completely removing ambiguities from the grammar since all the rules applicable to the same place are ordered. Thus, the expressions including protean operators can be parsed in pragmatic time. We have implemented a language that is a subset of Java but supports protean operators. We present an experiment to show that the programs including user-defined literals cannot be parsed in pragmatic time in existing approaches but can be efficiently parsed in our approach.",openalex,llm,0.910,unreviewed,,doi:10.1145/2584469.2577092
discarded,"PyTorch: An Imperative Style, High-Performance Deep Learning Library","Adam Paszke; Sam Gross; Francisco Massa; Adam K. Lerer; James Bradbury; Gregory Chanan; Trevor Killeen; Zeming Lin; Natalia E. Gimelshein; Luca Antiga; Alban Desmaison; Köpf, Andreas; Edward Z. Yang; Zachary DeVito; Martin Raison; Alykhan Tejani; Sasank Chilamkurthy; Benoit Steiner; Lu Fang; Junjie Bai; Soumith Chintala",2019,arXiv (Cornell University),10.48550/arxiv.1912.01703,https://openalex.org/W2970971581,adjacent-subtopic,"Deep learning frameworks have often focused on either usability or speed, but not both. PyTorch is a machine learning library that shows that these two goals are in fact compatible: it provides an imperative and Pythonic programming style that supports code as a model, makes debugging easy and is consistent with other popular scientific computing libraries, while remaining efficient and supporting hardware accelerators such as GPUs. In this paper, we detail the principles that drove the implementation of PyTorch and how they are reflected in its architecture. We emphasize that every aspect of PyTorch is a regular Python program under the full control of its user. We also explain how the careful and pragmatic implementation of the key components of its runtime enables them to work together to achieve compelling performance. We demonstrate the efficiency of individual subsystems, as well as the overall speed of PyTorch on several common benchmarks.",openalex,llm,0.930,unreviewed,,doi:10.48550/arxiv.1912.01703
discarded,Simulating Low Precision Floating-Point Arithmetic,Nicholas John Higham; Srikara Pranesh,2019,SIAM Journal on Scientific Computing,10.1137/19m1251308,https://openalex.org/W2937715180,adjacent-subtopic,"The half-precision (fp16) floating-point format, defined in the 2008 revision of the IEEE standard for floating-point arithmetic, and a more recently proposed half-precision format bfloat16, are increasingly available in GPUs and other accelerators. While the support for low precision arithmetic is mainly motivated by machine learning applications, general purpose numerical algorithms can benefit from it, too, gaining in speed, energy usage, and reduced communication costs. Since the appropriate hardware is not always available, and one may wish to experiment with new arithmetics not yet implemented in hardware, software simulations of low precision arithmetic are needed. We discuss how to simulate low precision arithmetic using arithmetic of higher precision. We examine the correctness of such simulations and explain via rounding error analysis why a natural method of simulation can provide results that are more accurate than actual computations at low precision. We provide a MATLAB function, chop, that can be used to efficiently simulate fp16, bfloat16, and other low precision arithmetics, with or without the representation of subnormal numbers and with the options of round to nearest, directed rounding, stochastic rounding, and random bit flips in the significand. We demonstrate the advantages of this approach over defining a new MATLAB class and overloading operators.",openalex,llm,0.920,unreviewed,,doi:10.1137/19m1251308
discarded,Automatic Hessians by reverse accumulation,Bruce Christianson,1992,IMA Journal of Numerical Analysis,10.1093/imanum/12.2.135,https://openalex.org/W2115830737,supports-claim; adjacent-subtopic; uses overloading as technique,"Let n be the number of independent variables of a function f, and let W and S respectively be the time and space bounds for the joint evaluation of {f, ▽f} using automatic differentiation with reverse accumulation. In this note, we examine an extension of the technique of reverse accumulation which allows the automatic extraction of the Hessian of f. The method allows the parallel evaluation of all rows of the Hessian matrix in about 2W time units and 3S space units on each of n processors, or sequential row-by-row evaluation in about 2nW time units and 3S space units on a single processor. The approach described here is intended for use with operator overloading (for example in Ada) and allows the conventional coding of the target function f.",openalex,llm_reviewed,0.790,changed,kept->discarded,doi:10.1093/imanum/12.2.135
discarded,Auto-parallelizing stateful distributed streaming applications,Scott Schneider; Martin J. Hirzel; Buğra Gedik; Kun‐Lung Wu,2012,,10.1145/2370816.2370826,https://openalex.org/W2067631468,adjacent-subtopic,"Streaming applications transform possibly infinite streams of data and often have both high throughput and low latency requirements. They are comprised of operator graphs that produce and consume data tuples. The streaming programming model naturally exposes task and pipeline parallelism, enabling it to exploit parallel systems of all kinds, including large clusters. However, it does not naturally expose data parallelism, which must instead be extracted from streaming applications. This paper presents a compiler and runtime system that automatically extract data parallelism for distributed stream processing. Our approach guarantees safety, even in the presence of stateful, selective, and user-defined operators. When constructing parallel regions, the compiler ensures safety by considering an operator's selectivity, state, partitioning, and dependencies on other operators in the graph. The distributed runtime system ensures that tuples always exit parallel regions in the same order they would without data parallelism, using the most efficient strategy as identified by the compiler. Our experiments using 100 cores across 14 machines show linear scalability for standard parallel regions, and near linear scalability when tuples are shuffled across parallel regions.",openalex,llm,0.990,unreviewed,,doi:10.1145/2370816.2370826
discarded,"Concept and implementation of C+++, an extension of C++ to support user-defined operator symbols and control structures",Christian Heinlein,2004,OPen Access Repositorium der Universität Ulm (OPARU) (Ulm University),10.18725/oparu-321,https://openalex.org/W2369533775,adjacent-subtopic,"The first part of this report presents the concepts of C+++, an extension of C++ allowing the programmer to define new operator symbols with user-defined priorities by specifying a partial precedence relationship. Furthermore, so-called fixary operator combinations consisting of a sequence of associated operator symbols to connect a fixed number of operands as well as flexary operators connecting any number of operands are supported. Finally, operators with lazily evaluated operands are supported which are particularly useful to implement new kinds of control structures, especially as they accept whole blocks of statements as operands, too. In the second part of the report, the implementation of C+++ by means of a 'lazy' precompler for C++ is described in detail.",openalex,llm,0.870,unreviewed,,doi:10.18725/oparu-321
discarded,"ChucK: A Concurrent, On-the-fly, Audio Programming Language",Ge Wang; Perry R. Cook,2003,,,https://openalex.org/W2163966259,adjacent-subtopic,"ChucK is a new audio programming language for real-time synthesis, composition, and performance, which runs on commodity operating systems. ChucK natively supports concurrency, multiple, simultaneous, dynamic control rates, and the ability to add, remove, and modify code, on-the-fly, while the program is running, without stopping or restarting. It offers composers and performers a powerful and flexible programming tool for building and experimenting with complex audio synthesis programs, and real-time interactive control. 1. Ideas in ChucK In this paper we present four key ideas that form the foundation of ChucK. The goal is to design a natural audio programming language (1) to concurrently and accurately represent complex audio synthesis, (2) to enable fine-grain, flexible control over time, (3) to provide the capability to operate on multiple, dynamic and simultaneous control rates, and (4) to make possible an on-the-fly style of programming. ChucK runs on commodity operating systems (Linux, Windows, Solaris, MacOS). Four major ideas form the basis of ChucK. • A unifying, massively overloaded operator. • A precise timing model that is capable of true concurrency and arbitrarily fine granularity. The language semantic supports multiple, simultaneous, and dynamic control rates, and naturally amortizes operations over time. • Native language support of arbitrarily many input/output sources, MIDI, network, serial, USB, graphics, and any input/output device you can connect to the computer. • On-the-fly programming enables dynamically modifiable programs for performance and experimentation. We present ChucK with respect to these four major facets. We provide some informal 'rules ' of ChucK, each of which embodies some key aspect of the programming language. In Section 2, we look in detail at the ChucK operator. In Section 3, we present the ChucK timing model, introduce the concept of",openalex,llm,0.890,unreviewed,,hash:657b2ec0554f52de
