status,title,authors,year,venue,doi,url,tags,abstract,provider,decision_source,llm_confidence,llm_review_outcome,llm_change_direction,paper_id
discarded,"Informed consent in a tuberculosis genetic study in Cameroon: information overload, situational vulnerability and diagnostic misconception","Mohammed-Ali, Ali Ibrahim; Gebremeskel, Eyoab Iyasu; Yenshu, Emmanuel; Nji, Theobald; Ntabe, Apungwa Cornelius; Wanji, Samuel; Tangwa, Godfrey B.; Munung, Nchangwi Syntia",2022,RESEARCH ETHICS,10.1177/17470161221106674,https://www.webofscience.com/wos/woscc/full-record/WOS:000904335600002,off-topic-false-hit,"Concerns around comprehension and recall of consent information by research participants have typically been associated with low health and research literacy levels. In genomics research, this concern is heightened as the scientific and ethical complexities of genetics research, such as biobanking, genetic susceptibility, data sharing, and incidental findings may be more difficult for potential research participants to understand. However, challenges to research participants' comprehension of consent information may be compounded by factors beyond health and research literacy levels. To identify factors that may impact research participants' understanding and recall of consent information, we designed a qualitative study to explore whether participants enrolled in a tuberculosis genetics study (TBGEN-Africa) in Cameroon understood the objectives of the study, the risks and benefits and certain key aspects of the study such as biobanking and data sharing. The results showed that research participants had limited understanding and/or recall of the TBGEN-Africa study goals and methods. Some participants were of the opinion that TBGEN-Africa was not a genetics study because tuberculosis is not an inheritable condition. Factors that may have hindered understanding and/or recall of study information are diagnostic misconception (research participants consider research as part of medical diagnosis), and information overload and situational vulnerability (consent at a time of physical and emotional distress). There is a need for improved practices to support research participants' understanding of consent information in genetics studies including designing the consent process in ways that minimize psychological distress and diagnostic/therapeutic misconception.",wos,llm,1.000,unreviewed,,doi:10.1177/17470161221106674
discarded,XRTI: eXtended Reality Based Telepresence Interface for Multiple Robot Supervision,"Wang, Naomi; Kim, Jong Hoon",2022,"INTELLIGENT HUMAN COMPUTER INTERACTION, IHCI 2021",10.1007/978-3-030-98404-5_20,https://www.webofscience.com/wos/woscc/full-record/WOS:000784640700020,adjacent-subtopic,"The XRTI system is an immersive augmented reality (AR) interface proposed to support the supervision of a robot team by providing a highly optimized and accessible method of robot system monitoring. Its design takes advantage of the augmented reality space to enhance the capacity of a single human supervisor to simultaneously monitor multiple telepresence robots. Its 3D data visualization capabilities use extended reality space to display environmental, sensory, and maintenance data provided by the robot over a wrap-around view to prevent data negligence due to human error. By increasing the accessibility of crucial data, the XRTI system aims to reduce cognitive overload of an on-site supervisor. It provides an interactive interface to assist the user's data comprehension and is customizable to a user's preference to prioritize certain data categories. This research can be further optimized to support NASA's exploration extravehicular mobility units (xEMU) in the AARON (Assistive Augmented Reality Operational and Navigation) System. This paper provides proof of concept for the XRTI system.",wos,llm,0.980,unreviewed,,doi:10.1007/978-3-030-98404-5_20
discarded,Psycholinguistic errors in signed simultaneous interpreting,"Wehrmeyer, Ella",2022,INTERPRETING,10.1075/intp.00074.weh,https://www.webofscience.com/wos/woscc/full-record/WOS:000760804400001,off-topic-false-hit,"In this article, errors and repairs in a corpus of English news broadcasts interpreted simultaneously into South African Sign Language are explored from a psycholinguistic perspective according to Levelt's (1989) cognitive levels (comprehension, conceptualisation, formulation, morphological encoding and articulation). Breaking away from traditional perspectives, the study offers a novel approach to empirical research into sign(ed) language interpreting, with applications relevant to spoken-language interpreting. Most slips involved lemma selection, followed by slips in articulation and conceptualisation (syntactic planning). Significantly fewer errors in comprehension compared to production indicate that professional interpreters have excellent listening skills, although reconceptualising is sometimes problematic. The interpreters mainly repaired incorrect lemma selection and reception errors that resulted in mistranslations, suggesting the existence of a true/false error-detection mechanism, with little attention being paid to other forms of error, possibly owing to time and cognitive pressures. Errors do not increase over time, which suggests cognitive overload rather than fatigue as their cause.",wos,llm,1.000,unreviewed,,doi:10.1075/intp.00074.weh
discarded,The Neural Correlates of Semantic and Grammatical Encoding During Sentence Production in a Second Language: Evidence From an fMRI Study Using Structural Priming,"Nakagawa, Eri; Koike, Takahiko; Sumiya, Motofumi; Shimada, Koji; Makita, Kai; Yoshida, Haruyo; Yokokawa, Hirokazu; Sadato, Norihiro",2022,FRONTIERS IN HUMAN NEUROSCIENCE,10.3389/fnhum.2021.753245,https://www.webofscience.com/wos/woscc/full-record/WOS:000749875500001,off-topic-false-hit,"Japanese English learners have difficulty speaking Double Object (DO; give B A) than Prepositional Object (PO; give A to B) structures which neural underpinning is unknown. In speaking, syntactic and phonological processing follow semantic encoding, conversion of non-verbal mental representation into a structure suitable for expression. To test whether DO difficulty lies in linguistic or prelinguistic process, we conducted functional magnetic resonance imaging. Thirty participants described cartoons using DO or PO, or simply named them. Greater reaction times and error rates indicated DO difficulty. DO compared with PO showed parieto-frontal activation including left inferior frontal gyrus, reflecting linguistic process. Psychological priming in PO produced immediately after DO and vice versa compared to after control, indicated shared process between PO and DO. Cross-structural neural repetition suppression was observed in occipito-parietal regions, overlapping the linguistic system in pre-SMA. Thus DO and PO share prelinguistic process, whereas linguistic process imposes overload in DO.",wos,llm,1.000,unreviewed,,doi:10.3389/fnhum.2021.753245
discarded,ASSESSMENT OF SITUATION AWARENESS FOR SEAFARERS USING EYE-TRACKING DATA,"Virdi, S. S.; Ng, Yong Thiang; Liu, Yisi; Tan, Kelvin; Zhang, Daniel",2022,"PROCEEDINGS OF ASME 2022 41ST INTERNATIONAL CONFERENCE ON OCEAN, OFFSHORE & ARCTIC ENGINEERING, OMAE2022, VOL 1",,https://www.webofscience.com/wos/woscc/full-record/WOS:001222451000011,off-topic-false-hit,"Situation Awareness (SA) is the perception of the current situation, comprehension of its meaning, and projection of what is going to happen in the near future. It is crucial for navigators to possess high SA in a navigational Bridge to mitigate the risk of human errors and to improve navigational safety. However, the current methodology to assess SA mainly rely on human experts, which might bring in potential problems such as bias, work overload, and it is also hard for the human experts to capture every fine detail of the behaviour of the seafarers being assessed. To overcome these, an objective and automated way to assess Situation Awareness is needed. In this work, eye-tracking data is used for the assessment of SA. With the eye tracking device, it is possible to localize where the navigator is looking at, and by applying computer vision with deep learning algorithm, the ongoing activity being executed by the navigator could be identified. In total 7 activities (using RADAR, ECDIS, checking of ship's heading, and speed, checking data on Echo Sounder, and data related to ships maneuvering, and others) can be recognized which are used as indicators of SA. A set of training data was recorded using Tobii Pro Glasses 3 to train the deep learning algorithm and test the classification accuracy. To further verify the proposed eye-tracking based assessment, a preliminary experiment has been designed and carried out. Five subjects were recruited for data collection. A full-mission Advanced Navigation Research Simulator (ANRS) was used to provide scenarios for both training data collection and preliminary experiment. From the initial results, it shows that a recognition accuracy of >99% can be achieved, which gives positive support to the eye-tracking based recognition. The analytics results using data from preliminary experiment also show great potential in using eye-tracking to assess SA of navigators. The proposed assessment could be used in both simulator and on-board and for multiple purposes such as performance evaluation, promotion to the next rank, and Continuing Professional Development.",wos,llm,1.000,unreviewed,,hash:8de13bf1586e4f1f
discarded,Electronic Health Records' Support for Primary Care Physicians' Situation Awareness: A Metanarrative Review,"Savoy, April; Patel, Himalaya; Murphy, Daniel R.; Meyer, Ashley N. D.; Herout, Jennifer; Singh, Hardeep",2023,HUMAN FACTORS,10.1177/00187208211014300,https://www.webofscience.com/wos/woscc/full-record/WOS:000654562700001,off-topic-false-hit,"Objective

Situation awareness (SA) refers to people's perception and understanding of their dynamic environment. In primary care, reduced SA among physicians increases errors in clinical decision-making and, correspondingly, patients' risk of experiencing adverse outcomes. Our objective was to understand the extent to which electronic health records (EHRs) support primary care physicians (PCPs)' SA during clinical decision-making.

Method

We conducted a metanarrative review of papers in selected academic databases, including CINAHL and MEDLINE. Eligible studies included original peer-reviewed research published between January 2012 and August 2020 on PCP-EHR interactions. We iteratively queried, screened, and summarized literature focused on EHRs supporting PCPs' clinical decision-making and care management for adults. Then, we mapped findings to an established SA framework to classify external factors (individual, task, and system) affecting PCPs' levels of SA (1-Perception, 2-Comprehension, and 3-Projection) and identified SA barriers.

Results

From 1504 articles identified, we included and synthesized 19 studies. Study designs were largely noninterventional. Studies described EHR workflow misalignments, usability issues, and communication challenges. EHR information, including lab results and care plans, was characterized as incomplete, untimely, or irrelevant. Unmet information needs made it difficult for PCPs to obtain even basic SA, Level 1 SA. Prevalent barriers to PCPs developing SA with EHRs were errant mental models, attentional tunneling, and data overload.

Conclusion

Based on our review, EHRs do not support the development of higher levels of SA among PCPs. Review findings suggest SA-oriented design processes for health information technology could improve PCPs' SA, satisfaction, and decision-making.",wos,llm,0.990,unreviewed,,doi:10.1177/00187208211014300
discarded,Human Factors Concerns: Drivers' Perception on Electronic Sideview System in 21st Century Cars,"Fasanya, Bankole K.; Avula, Yashwant; Keshavula, Swetha; Aragattu, Supraja; Kurra, Sivaramakrishna; Kummari, Bharath",2020,ADVANCES IN HUMAN FACTORS OF TRANSPORTATION,10.1007/978-3-030-20503-4_50,https://www.webofscience.com/wos/woscc/full-record/WOS:000651052600050,off-topic-false-hit,"Technology evolution has changed the way people reason, interact and how machinery is designed. Technology has grown beyond human comprehension, especially in the automotive industry. As technology evolves, things have become more crucial in a human's life. As a result, invention of new cars and other means of transportation have become a huge success. Use of automatic cars is expanding day-by-day. Modern cars now come with some benefits such as adaptive cruise control system, lane change information, electronic sideview system, blind spot information, warning indicator of distance between cars and backup camera, etc. Yet, the possible stress caused by using some of these technologies and its impact on drivers have not be fully investigated. This study investigated driver's cognitive stress from using electronic sideview system versus regular sideview mirror for lane changing. Due to limited availability of cars equipped with electronic sideview system, only twenty drivers participated in the study. Sampled drivers included 7 females and 13 males. Seventy percent of the participants fell into age category of 18-28, 10% fell into age category of 29-39 and 20% in age category of 40-50, while none falls into the category above 50 years old. The study was conducted in the Midwest, United States (US) and the University Institutional Review Board approved the study protocol. Results reveal that 60% of the drivers responded to be more stressed using the electronic sideview system compared with the manual sideview mirror. About 50% affirmed that the electronic sideview system has a better image compared with the regular sideview mirror, but 70% of this 50% complained of cognitive overload. Two-drivers who affirmed that the electronic systems work perfectly also acknowledged that the confusion associated while deciding on which of the two systems to use. Further, 70% of the drivers reported to having difficulty using the electronic sideview system when driving in the same direction with sunlight ray. Twelve percent of the drivers responded to like the electronic system, but requested for car manufacturer improvement. The findings from this study could add to the existing knowledge on the impacts of modern cars inbuilt with electronic sideview system on drivers.",wos,llm,1.000,unreviewed,,doi:10.1007/978-3-030-20503-4_50
discarded,Equity crowdfunding: US Title II offerings using sentiment analysis,"Dority, Bree; Borchers, Sarah J.; Hayes, Suzanne K.",2021,STUDIES IN ECONOMICS AND FINANCE,10.1108/SEF-04-2020-0097,https://www.webofscience.com/wos/woscc/full-record/WOS:000618390900001,off-topic-false-hit,"Purpose

This study aims to investigate how the language used in US Title II equity crowdfunding campaign descriptions relates to campaign success.

Design/methodology/approach

Data on >3,200 equity offerings from 12 Title II platforms was obtained from 2013 to 2016. The aspects of the campaign descriptions that are focused on are tone and two measures of readability: information quantity - the amount of information available to the investor and information quality - the ease of understanding of the passage of text. Tobit regressions with sector-clustered standard errors are used for estimation while controlling for company-specific variables, market sentiment and platform, regional, sector and time effects. Results are robust to alternative estimation approaches.

Findings

Inverse U-shaped relationships exist between information quantity, information quality and tone and Title II equity crowdfunding campaign success. Overall, less is more as it appears that an intermediate level of information - quantity, quality and tone - is optimal in terms of being a factor that contributes to equity crowdfunding campaign success.

Originality/value

Extends the use of textual analysis to the equity crowdfunding environment in the USA where such analysis is lacking and provides empirical evidence that the language used (e.g. sentiment) in US Title II equity-based crowdfunding campaign descriptions does influence campaign success. It provides empirical evidence of and extends the concept of information overload to the entrepreneurial finance sub-field and indicates tone may be an additional information attribute to consider in this context as contributing to overload.",wos,llm,1.000,unreviewed,,doi:10.1108/sef-04-2020-0097
discarded,Development of educational modules for MRTs to better support patients with intellectual and developmental disabilities undergoing imaging procedures: A collaborative patient-oriented initiative,"Jiwa, Muhammad Irfan; Armstrong, Shafeeq; Shao, YiWen; Lunsky, Yona",2020,JOURNAL OF MEDICAL IMAGING AND RADIATION SCIENCES,10.1016/j.jmir.2020.08.017,https://www.webofscience.com/wos/woscc/full-record/WOS:000599918300010,off-topic-false-hit,"Background: Patients with intellectual and developmental disabilities (IDD) experience increased anxiety when undergoing medical imaging procedures for a variety of reasons including sensory overload, comprehension difficulty, and meeting unfamiliar people. There are several strategies that medical radiation technologists (MRTs) can apply to improve the imaging process. The purpose of this project was to work together with patients to develop educational modules and resources for MRTs on how to best support patients with IDD during medical imaging procedures.

Development process and findings: The project team used a four stage process to (1) determine the educational needs of MRTs around imaging procedures for people with IDD and (2) develop a series of online case-based video modules of challenges and improved practices with accompanying digital resources. First, the project team created and distributed a needs assessment survey to MRTs to identify their educational needs, experience, and interest in learning more about how to best support patients with IDD. The results from this needs assessment underscored that developing skills to better support patients with IDD was an area of interest and need amongst OAMRS members, which led to the formation of a working group whose goal was to identify priority topics and how to best teach these topics. Second, we conducted a focus group with adults with IDD, who had experience with imaging procedures, to ensure the lived experience of people with IDD was a pillar of the modules. Third, we developed a set of video scripts and educational slides, informed by the needs assessment with MRTs and the focus group with adults with IDD. The video scripts focused on four scenarios: (1) Waiting for an imaging procedure, (2) & (3) the imaging process (MRI and PET), and (4) the exit interview. Each of these videos focused on common practice errors made during these scenarios, followed by strategies to address those errors. The educational slides focused on: (1) an introduction to people with IDD (2) Communication and (3) Triggers and Strategies. The fourth and final phase focused on filming the teaching videos with actors with IDD and finalizing the educational slides. Together, the set of educational slides and videos formed the modules for MRTs that will be published online.

Lessons learned: Undertaking this process to develop educational modules for MRTs on working with people with IDD taught us that people with IDD have lived experiences which should inform the development of educational material; they must be treated as partners during this development process; and a partnered process takes time to carry out.

Conclusion: The process that was undertaken allowed the team to develop resources, which can be used by MRTs. Evaluation of the educational modules can inform further refinement and improvement.",wos,llm,1.000,unreviewed,,doi:10.1016/j.jmir.2020.08.017
discarded,Shifts in signed media interpreting A corpus study,"Wehrmeyer, Ella",2020,INTERNATIONAL JOURNAL OF CORPUS LINGUISTICS,10.1075/ijcl.18059.weh,https://www.webofscience.com/wos/woscc/full-record/WOS:000581733500002,off-topic-false-hit,"This study offers a unique contribution through the construction of an annotated text-based sign language interpreting corpus and its application in analyzing shifts (defined as deviations from source semantic content), which in turn enables researchers to identify and categorize interpreter strategies and norms. The corpus comprises ten half-hour news broadcasts in English and their simultaneously signed interpretations into South African Sign Language. The analysis of shifts shows that interpreters mainly strive to produce a fluent output, combatting cognitive overload through condensation, use of synonyms and omission. However, they also cater for target language norms through attention to discourse features and syntactic reformulation and by addressing perceived target audience knowledge gaps through explanations. Time constraints limit full deverbalization and repair strategies, and Deaf communicative norms occasionally conflict with interpreting norms. Although most shifts could be related to interpreter strategies and norms, the interpreters occasionally made syntactic errors, hindering comprehension.",wos,llm,1.000,unreviewed,,doi:10.1075/ijcl.18059.weh
