status,title,authors,year,venue,doi,url,tags,abstract,provider,decision_source,llm_confidence,llm_review_outcome,llm_change_direction,paper_id
discarded,The role of numeracy and information load in the tourist decision-making process,"Castaneda, Jose-Alberto; Rodriguez-Molina, Miguel-Angel; Frias-Jamilena, Dolores-Maria; Garcia-Retamero, Rocio",2020,PSYCHOLOGY & MARKETING,10.1002/mar.21278,https://www.webofscience.com/wos/woscc/full-record/WOS:000493298100001,off-topic-false-hit,"The aim of the present study is to merge two strands of research that have evolved in tandem (a) the consequences of numeracy; and (b) the effect of information load on the consumer decision-making process. The study analyses the interaction effect between these two factors on decision accuracy and on a set of cognitive and affective variables of the decision-making process (namely, confusion, calibration, and emotion). We measured participants' numeracy and used an experimental design to manipulate the information load. The results showed that the effect of numeracy on decision accuracy was entirely mediated by cognitive and affective processes involved in decision-making. In particular, numeracy was found to have a negative relationship with the level of confusion, calibration, and emotions experienced during the decision-making process. The results also showed that information load interacted with numeracy, such that individuals with high numeracy maintained lower levels of emotion when placed under conditions of low information load. However, under these same conditions, individuals with low numeracy maintained positive emotions. The findings help to identify approaches that can contribute to reducing the negative effects of low numeracy among consumers, in a context where the online channel predominates (the tourism sector).",wos,llm,1.000,unreviewed,,doi:10.1002/mar.21278
discarded,Independence of syntactic and phonological deficits in dyslexia: A study using the attraction error paradigm,"Anton-Mendez, Ines; Cuetos, Fernando; Suarez-Coalla, Paz",2019,DYSLEXIA,10.1002/dys.1601,https://www.webofscience.com/wos/woscc/full-record/WOS:000458828300003,off-topic-false-hit,"This paper addresses the question of whether dyslexic children suffer from syntactic deficits that are independent of limitations with phonological processing. We looked at subject-verb agreement errors after sentence subjects containing a second noun (the attractor) known to be able to attract incorrect agreement (e.g., ""the owner(s) of the house(s) is/are away""). In the general population, attraction errors are not straightforwardly dependent on the presence or absence of morphophonological plural markers but on their syntactic configuration. The same would be expected for dyslexic children if their syntactic problems are not phonological in nature. We also looked at the possible effect of system overload on syntactic processing by comparing auditory and written presentation of stimuli and stimuli with high and low frequency attractors. Dyslexic children produced more agreement errors than age-matched controls, but their errors were distributed in the expected manner and did not align with the presence of morphophonological number markers in the subject overall. Furthermore, there was no effect of either presentation mode or attractor frequency on the number of agreement errors. Our results confirm the existence of syntactic difficulties in dyslexia and suggest that they are not due to a phonological deficit or to verbal working memory limitations.",wos,llm,1.000,unreviewed,,doi:10.1002/dys.1601
discarded,A Meta-Analysis on the Determinants of Online Review Helpfulness,"Hong, Hong; Xu, Di; Xu, Dapeng; Wang, G. Alan; Fang, Weiguo",2017,SIXTEENTH WUHAN INTERNATIONAL CONFERENCE ON E-BUSINESS,,https://www.webofscience.com/wos/woscc/full-record/WOS:000412149300035,off-topic-false-hit,"Online consumer reviews can help customers decrease uncertainty and risk faced in online shopping. However, information overload and conflicting comments in online reviews can get consumers confused. Therefore, it is important for both researchers and practitioners to understand the characteristics of helpful reviews. But studies examining the determinants of perceived review helpfulness produce mixed findings. We review extant research about the determinant factors of perceived helpfulness. Conflicting findings exist for six review related factors, namely review extremity, review readability, review total votes, linear review rating, quadratic review rating, and review sentiment. We conduct a meta analysis to reconcile the contradictory findings on the influence of review related factors over perceived review helpfulness. The meta-analysis results confirm that review extremity, readability, total votes, and positive sentiment have a negative influence on helpfulness, but review rating is positively related to helpfulness. We also examine those studies whose findings are contradictive with the meta-analysis results. Measure discrepancy and reviewed product type are the two main reasons why mixed findings exist in extant research.",wos,llm,0.990,unreviewed,,hash:3adc7d3cf7fd5249
discarded,Quantifier spreading in child eye movements: A case of the Russian quantifier kazhdyj 'every',"Sekerina, Irina A.; Sauermann, Antje",2017,GLOSSA-A JOURNAL OF GENERAL LINGUISTICS,10.5334/gjgl.109,https://www.webofscience.com/wos/woscc/full-record/WOS:000409305800001,off-topic-false-hit,"Extensive cross-linguistic work has documented that children up to the age of 9-10 make errors when performing a sentence-picture verification task that pairs spoken sentences with the universal quantifier every and pictures with entities in partial one-to-one correspondence. These errors stem from children's difficulties in restricting the domain of a universal quantifier to the appropriate noun phrase and are referred in the literature as quantifier-spreading (q-spreading). We adapted the task to be performed in conjunction with eye-movement recordings using the Visual World Paradigm. Russian-speaking 5-to-6-year-old children (N = 31) listened to sentences like Kazhdyj alligator lezhit v vanne 'Every alligator is lying in a bathtub' and viewed pictures with three alligators, each in a bathtub, and two extra empty bathtubs. Non-spreader children (N = 12) were adult-like in their accuracy whereas q-spreading ones (N = 19) were only 43% correct in interpreting such sentences compared to the control sentences. Eye movements of q-spreading children revealed that more looks to the extra containers (two empty bathtubs) correlated with higher error rates reflecting the processing pattern of q-spreading. In contrast, more looks to the distractors in control sentences did not lead to errors in interpretation. We argue that q-spreading errors are caused by interference from the extra entities in the visual context, and our results support the processing difficulty account of acquisition of quantification. Interference results in cognitive overload as children have to integrate multiple sources of information, i.e., visual context with salient extra entities and the spoken sentence in which these entities are mentioned in real-time processing.",wos,llm,1.000,unreviewed,,doi:10.5334/gjgl.109
discarded,Adapting Level of Detail in User Interfaces for Cybersecurity Operations,"Inibhunu, Catherine; Langevin, Scott; Ralph, Scott; Kronefeld, Nathan; Soh, Harold; Jamieson, Greg A.; Sanner, Scott; Kortschot, Sean W.; Carrasco, Chelsea; White, Madeleine",2016,2016 RESILIENCE WEEK (RWS),,https://www.webofscience.com/wos/woscc/full-record/WOS:000390301800002,adjacent-subtopic,"As cybersecurity threats increasingly appear in news headlines, the security industry continues to build state of the art firewall and intrusion detection systems for monitoring activities in complex cyber networks. These systems generate millions of log files and continuous alerts. In order to make sense of cyber data, cyber security and system administrators review and analyze millions of logs using highly summarized views and manual cycles of click-intensive details-on-demand. This is laborious, induces cognitive overload, and is prone to errors resulting in important information and impacts not being seen when most needed. Our research focus is on developing ""FocalPoint"" a system that provides Adaptive Level of Detail (LOD) in user interfaces for cybersecurity operations. FocalPoint is a recommender system tailored for complex network information structures that reasons about contextual information associated with the network, user tasks, and cognitive load. This facilitates tuning cyber visualization displays thereby improving user performance in perception, comprehension and projection of current Cybersecurity Situational Awareness (Cyber SA). For cyber analysts, having the right information, in context, when most needed without cognitive overload could lead to effective decision making in cyber operations. We provide a use case scenario for FocalPoint with an in-progress prototype and highlight various challenges and potential considerations for building an effective adaptive system.",wos,llm,0.990,unreviewed,,hash:8a7e3d7745fa42ee
discarded,An Eye Tracking Experiment on Strategies to Minimize the Redundancy and Split Attention Effects in Scientific Graphs and Diagrams,"Majooni, Azam; Masood, Mona; Akhavan, Amir",2016,ADVANCES IN DESIGN FOR INCLUSION,10.1007/978-3-319-41962-6_47,https://www.webofscience.com/wos/woscc/full-record/WOS:000389646900047,off-topic-false-hit,"The focus of this study is investigating efficiency of coding and grouping methods in reducing split attention effect in scientific graphs and diagrams by applying local changes in the structure of scientific materials. The diagrams and graphs are regularly used in the structure of materials along with textual explanation to provide supplementary information and insight to the readers and is referred as redundancy principle. In some cases, the redundant presentation of visual and textual content could lead to split attention effect and cognitive overload. Although, multimedia learning theory claims that in order to enhance learning, information should be presented in multi-mode format the design and implementation of the multi-modal presentation is of great importance. Having incredible flexibility, if multimedia elements are not applied properly, they cause confusion and adversely affect comprehension of the readers.",wos,llm,1.000,unreviewed,,doi:10.1007/978-3-319-41962-6_47
discarded,Cross-country discrepancies on public understanding of stress concepts: evidence for stress-management psychoeducational programs,"Souza-Talarico, Juliana Nery; Wan, Nathalie; Santos, Sheila; Araujo Fialho, Patricia Paes; Chaves, Eliane Correa; Caramelli, Paulo; Bianchi, Estela Ferraz; Santos, Aline Talita; Lupien, Sonia J.",2016,BMC PSYCHIATRY,10.1186/s12888-016-0886-6,https://www.webofscience.com/wos/woscc/full-record/WOS:000377070000002,off-topic-false-hit,"Background: Negative effects of stress have pose one of the major threats to the health and economic well being of individuals independently of age and cultural background. Nevertheless, the term ""stress"" has been globally used unlinked from scientificevidence-based meaning. The discrepancies between scientific and public stress knowledge are focus of concern and little is know about it. This is relevant since misconceptions about stress may influence the effects of stress-management psychoeducational programs and the development of best practices for interventions. The study aimed to analyze stress knowledge among the Canadian and Brazilian general public and to determine the extent to which scientific and popular views of stress differ between those countries.

Methods: We evaluated 1156 healthy participants between 18 and 88 years of age recruited from Canada (n = 502) and Brazil (n = 654). To assess stress knowledge, a questionnaire composed of questions regarding stress concepts (""stress is bad"" versus ""stress-free life is good"") and factors capable of triggering the stress response (""novelty, unpredictability, low sense of control and social evaluative threat versus ""time pressure, work overload, conflict, unbalance and children"") was used.

Results: Both Canadian and Brazilian participants showed misconceptions about stress and the factors capable of triggering a stress response. However, the rate of misconceptions was higher in Brazil than in Canada (p < 0.05).

Conclusion: These findings suggest a lack of public understanding of stress science and its variance according to a country's society. Psychoeducational programs and vulnerability of stress-related disorder are discussed.",wos,llm,1.000,unreviewed,,doi:10.1186/s12888-016-0886-6
discarded,Visual attention and quantifier-spreading in heritage Russian bilinguals,"Sekerina, Irina A.; Sauermann, Antje",2015,SECOND LANGUAGE RESEARCH,10.1177/0267658314537292,https://www.webofscience.com/wos/woscc/full-record/WOS:000346907900004,off-topic-false-hit,"It is well established in language acquisition research that monolingual children and adult second language learners misinterpret sentences with the universal quantifier every and make quantifier-spreading errors that are attributed to a preference for a match in number between two sets of objects. The present Visual World eye-tracking study tested bilingual heritage Russian-English adults and investigated how they interpret of sentences like Every alligator lies in a bathtub in both languages. Participants performed a sentence-picture verification task while their eye movements were recorded. Pictures showed three pairs of alligators in bathtubs and two extra objects: elephants (Control condition), bathtubs (Overexhaustive condition), or alligators (Underexhaustive condition). Monolingual adults performed at ceiling in all conditions. Heritage language (HL) adults made 20% q-spreading errors, but only in the Overexhaustive condition, and when they made an error they spent more time looking at the two extra bathtubs during the Verb region. We attribute q-spreading in HL speakers to cognitive overload caused by the necessity to integrate conflicting sources of information, i.e. the spoken sentences in their weaker, heritage, language and attention-demanding visual context, that differed with respect to referential salience.",wos,llm,1.000,unreviewed,,doi:10.1177/0267658314537292
discarded,Prediction of Helpful Reviews Using Emotions Extraction,"Martin, Lionel; Pu, Pearl",2014,PROCEEDINGS OF THE TWENTY-EIGHTH AAAI CONFERENCE ON ARTIFICIAL INTELLIGENCE,,https://www.webofscience.com/wos/woscc/full-record/WOS:000485439701077,adjacent-subtopic,"Reviews keep playing an increasingly important role in the decision process of buying products and booking hotels. However, the large amount of available information can be confusing to users. A more succinct interface, gathering only the most helpful reviews, can reduce information processing time and save effort. To create such an interface in real time, we need reliable prediction algorithms to classify and predict new reviews which have not been voted but are potentially helpful. So far such helpfulness prediction algorithms have benefited from structural aspects, such as the length and readability score. Since emotional words are at the heart of our written communication and are powerful to trigger listeners' attention, we believe that emotional words can serve as important parameters for predicting helpfulness of review text.

Using GALC, a general lexicon of emotional words associated with a model representing 20 different categories, we extracted the emotionality from the review text and applied supervised classification method to derive the emotion-based helpful review prediction. As the second contribution, we propose an evaluation framework comparing three different real-world datasets extracted from the most well-known product review web sites. This framework shows that emotion-based methods are outperforming the structure-based approach, by up to 9%.",wos,llm,0.990,unreviewed,,hash:ac6a669c14d5673b
discarded,Understanding Situation Awareness in Nursing Work A Hybrid Concept Analysis,"Sitterding, Mary Cathryn; Broome, Marion E.; Everett, Linda Q.; Ebright, Patricia",2012,ADVANCES IN NURSING SCIENCE,10.1097/ANS.0b013e3182450158,https://www.webofscience.com/wos/woscc/full-record/WOS:000300402600009,off-topic-false-hit,"Eighty percent of medical error are attributed to human factors. Human factors experts suggest the least explored factor in patient errors is attention, specifically, situation awareness. The purpose of this article was to analyze the concept of situation awareness using a hybrid concept analysis. The experience of situation awareness among nurses was elicited during the fieldwork phase through semistructured interviews. Content and relational analyses yielded 9 themes: perception, comprehension, projection, knowledge and expertise, cognitive overload, interruption management, task management, instantaneous learning, and cognitive stacking. A conceptual definition of situation awareness emerged along with recommendations for application in nursing.",wos,llm,1.000,unreviewed,,doi:10.1097/ans.0b013e3182450158
discarded,Monitoring Cognitive and Emotional Processes Through Pupil and Cardiac Response During Dynamic Versus Logical Task,"Causse, Mickael; Senard, Jean-Michel; Demonet, Jean Francois; Pastor, Josette",2010,APPLIED PSYCHOPHYSIOLOGY AND BIOFEEDBACK,10.1007/s10484-009-9115-0,https://www.webofscience.com/wos/woscc/full-record/WOS:000278025200002,off-topic-false-hit,"The paper deals with the links between physiological measurements and cognitive and emotional functioning. As long as the operator is a key agent in charge of complex systems, the definition of metrics able to predict his performance is a great challenge. The measurement of the physiological state is a very promising way but a very acute comprehension is required; in particular few studies compare autonomous nervous system reactivity according to specific cognitive processes during task performance and task related psychological stress is often ignored. We compared physiological parameters recorded on 24 healthy subjects facing two neuropsychological tasks: a dynamic task that require problem solving in a world that continually evolves over time and a logical task representative of cognitive processes performed by operators facing everyday problem solving. Results showed that the mean pupil diameter change was higher during the dynamic task; conversely, the heart rate was more elevated during the logical task. Finally, the systolic blood pressure seemed to be strongly sensitive to psychological stress. A better taking into account of the precise influence of a given cognitive activity and both workload and related task-induced psychological stress during task performance is a promising way to better monitor operators in complex working situations to detect mental overload or pejorative stress factor of error.",wos,llm,1.000,unreviewed,,doi:10.1007/s10484-009-9115-0
discarded,Cross-Language Priming of Word Meaning During Second Language Sentence Comprehension,"Yuan, Yanli; Woltz, Dan; Zheng, Robert",2010,LANGUAGE LEARNING,10.1111/j.1467-9922.2010.00564.x,https://www.webofscience.com/wos/woscc/full-record/WOS:000277711300005,off-topic-false-hit,"The experiment investigated the benefit to second language (L2) sentence comprehension of priming word meanings with brief visual exposure to first language (L1) translation equivalents. Native English speakers learning Mandarin evaluated the validity of aurally presented Mandarin sentences. For selected words in half of the sentences there was synchronized visual exposure for 100 ms of English translation equivalents. This reduced response times relative to sentences without L1 word exposure, and exposure of translation equivalents for an early word in a sentence was instrumental in reducing comprehension errors. Results are discussed with respect to (a) the unique demands on working memory of L2 speech comprehension, (b) the meaning first and sentence location principles of attention allocation in L2 comprehension, and (c) the potential utility of cross-language meaning activation to reduce the frequency of cognitive overload during L2 listening and thereby facilitate the acquisition of a broader range of L2 comprehension skills.",wos,llm,1.000,unreviewed,,doi:10.1111/j.1467-9922.2010.00564.x
