status,title,authors,year,venue,doi,url,tags,abstract,provider,decision_source,llm_confidence,llm_review_outcome,llm_change_direction,paper_id
discarded,How do program understanding tools affect how programmers understand programs?,M.-A. Storey; Kevin K Wong; Hausi A. Müller,2000,Science of Computer Programming,10.1016/s0167-6423(99)00036-2,https://openalex.org/W2126063715,adjacent-subtopic,"In this paper, we explore the question of whether program understanding tools enhance or change the way that programmers understand programs. The strategies that programmers use to comprehend programs vary widely. Program understanding tools should enhance or ease the programmer's preferred strategies, rather than impose a fixed strategy that may not always be suitable. We present observations from a user study that compares three tools for browsing program source code and exploring software structures. In this study, 30 participants used these tools to solve several high-level program understanding tasks. These tasks required a broad range of comprehension strategies. We describe how these tools supported or hindered the diverse comprehension strategies used. (C) 2000 Elsevier Science B.V. All rights reserved.",openalex,llm,0.970,unreviewed,,doi:10.1016/s0167-6423(99)00036-2
discarded,The CodeCompass Comprehension Framework,Zoltán Porkoláb; Tibor Brunner,2018,2018 IEEE/ACM 26th International Conference on Program Comprehension (ICPC),,https://ieeexplore.ieee.org/document/8973042/,adjacent-subtopic,"CodeCompass is an open source LLVM/Clang based tool developed by Ericsson Ltd. and the Eötvös Loránd University, Budapest to help understanding large legacy software systems. Based on the LLVM/Clang compiler infrastructure, CodeCompass gives exact information on complex C/C++ language elements like overloading, inheritance, the usage of variables and types, possible uses of function pointers and the virtual functions – features that various existing tools support only partially. Steensgaard's and Andersen's pointer analysis algorithm are used to compute and visualize the use of pointers/references. The wide range of interactive visualizations extends further than the usual class and function call diagrams; architectural, component and interface diagrams are a few of the implemented graphs. To make comprehension more extensive, CodeCompass is not restricted to the source code. It also utilizes build information to explore the system architecture as well as version control information e.g. git commit history and blame view. Clang based static analysis results are also integrated to CodeCompass. Although the tool focuses mainly on C and C++, it also supports Java and Python languages. In this demo we will simulate a typical bug-fixing work flow in a C++ system. First, we show, how to use the combined text and definition based search for a fast feature location. Here we also demonstrate our log search, which can be used to locate the code source of an emitted message. When we have an approximate location of the issue, we can start a detailed investigation understanding the class relationships, function call chains (including virtual calls, and calls via function pointers), and the read/write events on individual variables. We also visualize the pointer relationships. To make the comprehension complete, we check the version control information who committed the code, when and why. This Tool demo submission is complementing our Industry track submission with the similar title. A live demo is also available at the homepage of the tool https://github.com/ericsson/codecompass.",ieee,llm,0.960,unreviewed,,hash:c4acd518bfcd4bd2
discarded,RTFM (Read the Factual Mails) - Augmenting Program Comprehension with Remail,Alberto Bacchelli; Michele Lanza; Vitezslav Humpa,2011,2011 15th European Conference on Software Maintenance and Reengineering,10.1109/CSMR.2011.6,https://ieeexplore.ieee.org/document/5741255/,adjacent-subtopic,"The advent of globalization has led to the adoption of distributed software development as a common practice. One of its drawbacks-the absence of impromptu meetings - is tackled with other communication means, such as emails, instant messaging, or forums. Mailing lists have proven to be effective for enabling developers' collaboration and coordination: Being asynchronous, emails can evade time zone barriers, being public, mailing lists maintain developers' awareness, being recorded, email archives offer information on system evolution. Emails can provide information about a task, clarify implementation details, or reveal hidden connections among entities, always within the clear context of a discussion. As a result, we argue that emails might help program comprehension. We devised Remail, an Eclipse plug in to integrate email communication in the IDE. It allows developers to seamlessly handle code entities and emails concerning the source code. Discussions relevant to chosen entities can be retrieved easily, thus providing an updated and effective form of complementary documentation. We present design and implementation of Remail, and illustrate, through a number of scenarios, how it can augment program comprehension.",ieee,llm,0.980,unreviewed,,doi:10.1109/csmr.2011.6
discarded,The Sound of Software: Using Sonification to Aid Comprehension,L. Berman; S. Danicic; K. Gallagher; N. Gold,2006,14th IEEE International Conference on Program Comprehension (ICPC'06),10.1109/ICPC.2006.47,https://ieeexplore.ieee.org/document/1631124/,adjacent-subtopic,"Program comprehension of unfamiliar software is a daunting task and existing comprehension environments, although helping significantly, do not fully alleviate the information overload involved. The visual medium has been well-explored in aiding software engineers understanding of source code and other artifacts concerned with maintaining existing software systems, but the use of non-visual representations, e.g. sound, has not gone far beyond simple noises to indicate error conditions or attract attention in a running program. This paper aims to explore the program comprehension problems that could usefully be addressed using sound. There are many dimensions to this problem and this paper addresses a new area open program comprehension research, defining the problem space and beginning to populate it with possible solutions. We expect the primary focus of this session to be on software comprehension and sound although many disciplines are likely to become involved in the research that flows from it",ieee,llm,0.980,unreviewed,,doi:10.1109/icpc.2006.47
discarded,Congressional - Constituent Telecommunication: The Potential and Limitations of Emergent Channels,F. Wood,1975,IEEE Transactions on Communications,10.1109/TCOM.1975.1092707,https://ieeexplore.ieee.org/document/1092707/,off-topic-false-hit,"The study reported here undertakes an exploratory inquiry into the potential use of selected emergent telecommunication channels for communication between congressmen and their constituents. The potential and limitations of each channel are identified through interviews with a stratified judgment sample of U. S. Representatives and senior staff from the 93rd Congress. The interview data then form the basis for an assessment of the political and public policy implications of using emergent channels for congressional-constituent telecommunication. Three channels-cable television, information retrieval, and the videoconference-are perceived by more than half of the congressmen and staff as being potentially useful for constituent communication. Possible adverse effects or serious limitations are also identified, especially for cable TV polling and the videophone. The study concludes that priority should be given to research and pilot studies on those configurations where the potential public benefits appear to far outweigh the possible public costs or risks, such as with legislative telecasting and the community information center. Given further research along with public education and the appropriate public policy decisions, emergent channels appear on balance to offer at least some realistic hope for improving democratic political processes.",ieee,llm,0.990,unreviewed,,doi:10.1109/tcom.1975.1092707
discarded,Load Forecasting and Grid Capacity Assessment of Active Distribution Networks Based on SVM Algorithm and Entropy Weight Method,Jingman Ma; Dong Yin; Min Wang; Jiayi Huang; Feng Liu,2025,2025 5th International Conference on New Energy and Power Engineering (ICNEPE),10.1109/ICNEPE67923.2025.11384128,https://ieeexplore.ieee.org/document/11384128/,off-topic-false-hit,"In the global clean energy transition, the large-scale integration of distributed photovoltaic (PV) and flexible loads has broken the one-way power flow mode of traditional distribution networks. Their characteristics are prone to causing problems such as voltage violations and transformer overloads, which restrict new energy accommodation and threaten the safe and economic operation of power grids. Addressing the limitations of existing studies that fail to fully consider the dynamic source-load coupling and insufficient collaborative utilization of multi-level flexible resources, this paper constructs a multi-level and multicycle load forecasting model as well as a power grid capacity assessment model around the full-path monitoring, prediction and planning needs of active distribution networks (ADNs), and designs adapted improved algorithms. The load forecasting model adopts a hierarchical structure covering regions, buses, feeders, distribution transformers and important users. The improved SVM is used to adapt to small-sample distribution transformer loads, and the improved GBDT is used to adapt to fluctuating feeder and regional-level loads. Based on the SMART principle, the capacity assessment model establishes a 1 0-index quantitative system across three dimensions: high-quality power supply, safe operation and reliable accommodation. The entropy weight method is employed to determine index weights, and grades are divided in combination with reverse load rates. Meanwhile, a multi-level constrained planning-operation collaborative optimization model is constructed, and a distributed solution algorithm is adopted to improve efficiency. Case verifications in three typical pilot regions show that the proposed models and algorithms meet engineering requirements in prediction accuracy with controllable computing power consumption. They can accurately identify weak links in capacity, guide line transformation and the orderly integration of new energy, providing support for ADNs to safely accommodate sources and loads, promote new energy accommodation and realize efficient asset utilization.",ieee,llm,1.000,unreviewed,,doi:10.1109/icnepe67923.2025.11384128
discarded,Application of the Cascade Method in the Integration of Whisper and Ensemble NLP for Speech Summarization,Kenneth Filbert; Andry Chowanda,2025,2025 8th International Seminar on Research of Information Technology and Intelligent Systems (ISRITI),10.1109/ISRITI68345.2025.11393389,https://ieeexplore.ieee.org/document/11393389/,off-topic-false-hit,"In the era of information overload and due to declined human cognitive skill, efficient comprehension of spoken content has become increasingly important. This study propose a cascade-based speech summarization framework that integrates OpenAI’s Whisper-small model for speech recognition and Ensemble Model that combine T5, Pegasus, and BART for abstractive text summarization process. The CNN/DailyMail News dataset is used for the training and evaluation process. The system aims to transform spoken input into concise, semantically coherent summaries while minimizing transcription and summarizations errors. The methodology consists of two sequential stages, which are Whisper-based ASR for transcription and ensemble model summarization using reranking method. Experimental results demonstrate that Whisper-small achieved an exceptional transcription accuracy with WER of 3.3% and CER of 1.7%. Among individual models, BART obtained the highest summarization performance with ROUGE-L of 0.7498, while the ensemble model achieved balanced performance across all metrics.",ieee,llm,0.970,unreviewed,,doi:10.1109/isriti68345.2025.11393389
discarded,Semantic Search and Retrieval of Legal Judgments Using Transformer-Based Language Models,Shubhangi Dimri; Vinay Semwal; Brijmohan Lal Sahu; Akhilesh Sharma,2026,2026 5th OPJU International Technology Conference (OTCON) on Smart Computing for Innovation and Advancement in Industry 5.0,10.1109/OTCON69332.2026.11630004,https://ieeexplore.ieee.org/document/11630004/,off-topic-false-hit,"Effective information retrieval has become challenging due to the expansion of Indian law and the growing number of legal cases. This tremendous growth in documentation has created an information overload, leading to inefficient referencing of judgments and past cases. The fundamental drawbacks of conventional keyword-based search engines, which rely solely on lexical matching and inefficient existing searching models, are the main driving force behind this work. These current algorithms often retrieve irrelevant papers while ignoring important precedents because they are unable to understand legal nuances, synonyms, or human meaning. To overcome these issues, an intelligent semantic search system designed specifically for Indian law is needed to close this crucial gap. The presented approach advances from basic word matching to sophisticated contextual comprehension by utilizing an improved version of the InLegal-BERT model. To enable conceptually correct similarity searches that significantly improve retrieval precision and relevance for legal professionals, the model converts legal texts and queries into high-dimensional vector embeddings. The comparison with existing models shows the proposed model's dominance.",ieee,llm,0.980,unreviewed,,doi:10.1109/otcon69332.2026.11630004
discarded,Visualization of fine-grained code change history,YoungSeok Yoon; Brad A. Myers; Sebon Koo,2013,2013 IEEE Symposium on Visual Languages and Human Centric Computing,10.1109/VLHCC.2013.6645254,https://ieeexplore.ieee.org/document/6645254/,adjacent-subtopic,"Conventional version control systems save code changes at each check-in. Recently, some development environments retain more fine-grain changes. However, providing tools for developers to use those histories is not a trivial task, due to the difficulties in visualizing the history. We present two visualizations of fine-grained code change history, which actively interact with the code editor: a timeline visualization, and a code history diff view. Our timeline and filtering options allow developers to navigate through the history and easily focus on the information they need. The code history diff view shows the history of any particular code fragment, allowing developers to move through the history simply by dragging the marker back and forth through the timeline to instantly see the code that was in the snippet at any point in the past. We augment the usefulness of these visualizations with richer editor commands including selective undo and search, which are all implemented in an Eclipse plug-in called “Azurite”. Azurite helps developers with answering common questions developers ask about the code change history that have been identified by prior research. In addition, many of users' backtracking tasks can be achieved using Azurite, which would be tedious or error-prone otherwise.",ieee,llm,0.980,unreviewed,,doi:10.1109/vlhcc.2013.6645254
discarded,Developing Telegram bot for Text Summarisation using Cohere API,Sindhuja Jamboth; Indhumathi. S; Md.Waseem Ahmed; P. Ruchit Kumar; Harjeet Gudde,2025,2025 Third International Conference on Augmented Intelligence and Sustainable Systems (ICAISS),10.1109/ICAISS61471.2025.11041990,https://ieeexplore.ieee.org/document/11041990/,off-topic-false-hit,"In today’s fast-paced digital world, information overload poses a major challenge, making efficient text summarization essential for quick and effective decision-making. This research introduces an innovative Telegram bot, powered by the Cohere API, that instantly condenses lengthy documents into clear, concise, and meaningful summaries. Designed for seamless integration within the Telegram platform, the bot offers real-time interaction, providing an intuitive and accessible solution for students, researchers, and professionals who need to extract key insights effortlessly. Built on advanced natural language processing (NLP) models, this bot ensures context-preserving and high-quality summaries while significantly reducing the time required to process large volumes of information. This study explores the technical architecture, including API integration, message handling, and summarization logic, ensuring an efficient and user-friendly experience. The bot is designed to work with simple text inputs, making it a hassle-free solution for diverse users. A critical aspect of this research is the performance evaluation of the bot, measuring factors such as accuracy, response time, and user satisfaction. Extensive testing and user feedback highlight its effectiveness in various applications, from academic research and corporate settings to general knowledge consumption. Results demonstrate that automated summarization not only enhances comprehension but also improves productivity by reducing cognitive load. By bridging AI-powered text summarization with everyday communication tools, this paper represents a significant step forward in AI-driven content processing. It showcases the transformative potential of NLP in revolutionizing how users interact with information, paving the way for the future of intelligent, automated knowledge extraction.",ieee,llm,0.980,unreviewed,,doi:10.1109/icaiss61471.2025.11041990
discarded,Capacity analysis of index modulation multiple access system,Raed Mesleh; Nareeman Jibreel; Abdelhamid Younis,2023,Journal of Communications and Networks,10.23919/JCN.2023.000048,https://ieeexplore.ieee.org/document/10387273/,off-topic-false-hit,"Employing cutting-edge non-orthogonal multiple access (NOMA) techniques, index modulation multiple access (IMMA)introduces an efficient methodology. By leveraging index modulation (IM), IMMA facilitates concurrent data transmission among multiple users. It enhances this process by incorporating an additional constellation diagram that conveys extra information bits per channel utilization. In this work, we conduct a comprehensive investigation. We derive the theoretical capacity of the IMMA system and analyze mutual information across receiver channel estimation scenarios—ranging from perfect to imperfect. To validate our derivations, we execute Monte Carlo simulations, affirming our theoretical results. Notably, our findings confirm that the derived theoretical capacity formula acts as an upper bound for simulated mutual information curves. Additionally, we identify conditions for achieving the derived capacity, rigorously verifying their applicability. Through compelling comparisons, we evaluate the IMMA system's performance in mutual information and capacity against sparse code multiple access (SCMA) systems. This analysis underscores the superior attributes of the IMMA system, showcasing its potential. To illuminate practical constraints, we establish a crucial bound on users effectively sharing orthogonal resources, offering deployment insights. Furthermore, we contrast IMMA systems with traditional orthogonal multiple access (OMA) counterparts, dissecting the implications of overloading. This comprehensive approach yields a holistic comprehension of the scheme's ramifications.",ieee,llm,1.000,unreviewed,,doi:10.23919/jcn.2023.000048
discarded,Adapting level of detail in user interfaces for Cybersecurity operations,Catherine Inibhunu; Scott Langevin; Scott Ralph; Nathan Kronefeld; Harold Soh; Greg A. Jamieson; Scott Sanner; Sean W. Kortschot; Chelsea Carrasco; Madeleine White,2016,2016 Resilience Week (RWS),10.1109/RWEEK.2016.7573300,https://ieeexplore.ieee.org/document/7573300/,adjacent-subtopic,"As cybersecurity threats increasingly appear in news headlines, the security industry continues to build state of the art firewall and intrusion detection systems for monitoring activities in complex cyber networks. These systems generate millions of log files and continuous alerts. In order to make sense of cyber data, cyber security and system administrators review and analyze millions of logs using highly summarized views and manual cycles of click-intensive details-on-demand. This is laborious, induces cognitive overload, and is prone to errors resulting in important information and impacts not being seen when most needed. Our research focus is on developing “FocalPoint” a system that provides Adaptive Level of Detail (LOD) in user interfaces for cybersecurity operations. FocalPoint is a recommender system tailored for complex network information structures that reasons about contextual information associated with the network, user tasks, and cognitive load. This facilitates tuning cyber visualization displays thereby improving user performance in perception, comprehension and projection of current Cybersecurity Situational Awareness (Cyber SA). For cyber analysts, having the right information, in context, when most needed without cognitive overload could lead to effective decision making in cyber operations. We provide a use case scenario for FocalPoint with an in-progress prototype and highlight various challenges and potential considerations for building an effective adaptive system.",ieee,llm,0.910,unreviewed,,doi:10.1109/rweek.2016.7573300
