status,title,authors,year,venue,doi,url,tags,abstract,provider,decision_source,llm_confidence,llm_review_outcome,llm_change_direction,paper_id
discarded,Security for distributed E-service composition,S. Seltzsam,2001,Lecture Notes in Computer Science Including Subseries Lecture Notes in Artificial Intelligence and Lecture Notes in Bioinformatics,10.1007/3-540-44809-8_11,https://www.scopus.com/inward/record.uri?partnerID=HzOxMe3b&scp=84959057374&origin=inward,adjacent-subtopic,,scopus,llm,0.910,unreviewed,,doi:10.1007/3-540-44809-8_11
discarded,A software system for laboratory experiments in image processing,J. Robinson,2000,IEEE Transactions on Education,10.1109/13.883358,https://www.scopus.com/inward/record.uri?partnerID=HzOxMe3b&scp=0034316474&origin=inward,supports-claim; adjacent-subtopic; teaching library uses overloading; no readability claim,"Laboratory experiments for image processing courses are usually software implementations of processing algorithms, but students of image processing come from diverse backgrounds with widely differing software experience. To avoid learning overhead, the software system should be easy to learn and use, even for those with no exposure to mathematical programming languages or object-oriented programming. The class library for image processing (CLIP) supports users with knowledge of C, by providing three C++ types with small public interfaces, including natural and efficient operator overloading. CLIP programs are compact and fast. Experience in using the system in undergraduate and graduate teaching indicates that it supports subject matter learning with little distraction from language/system learning.",scopus,llm_reviewed,0.960,changed,kept->discarded,doi:10.1109/13.883358
discarded,Lattice field theory on cluster computers: Vector- vs. cache-centric programming,C. Best,1999,Proceedings 1st IEEE Computer Society International Workshop on Cluster Computing Iwcc 1999,10.1109/IWCC.1999.810901,https://www.scopus.com/inward/record.uri?partnerID=HzOxMe3b&scp=1542489177&origin=inward,adjacent-subtopic,"We evaluate the possibility of moving medium-sized calculation in lattice field theory from vector supercomputers to cluster computers, namely clusters built from Alpha processors and Myrinet interconnect, and find that a medium-sized system with a performance of 10 to 20 GFlop/s can be easily and cost-effectively built from current off-the-shelf components. The performance of the algorithms is analyzed with respect to memory bandwidth problems by experiment and using a cache simulator that uses C++ operator overloading. It seems that cluster systems, while hampered by poor memory bandwidth as compared to supercomputers, might offer opportunities for some algorithms that have good locality but are not vectorizable and thus will not perform well on vector systems.",scopus,llm,0.990,unreviewed,,doi:10.1109/iwcc.1999.810901
discarded,How to make algebraic specifications more understandable?: An experiment with the PLUSS specification language,M. Bidoit,1989,Lecture Notes in Computer Science Including Subseries Lecture Notes in Artificial Intelligence and Lecture Notes in Bioinformatics,10.1007/BFb0015035,https://www.scopus.com/inward/record.uri?partnerID=HzOxMe3b&scp=84995342412&origin=inward,adjacent-subtopic,,scopus,llm,0.720,unreviewed,,doi:10.1007/bfb0015035
discarded,How to make algebraic specifications more understandable: An experiment with the pluss specification language,M. Bidoit,1989,Science of Computer Programming,10.1016/0167-6423(89)90026-9,https://www.scopus.com/inward/record.uri?partnerID=HzOxMe3b&scp=0024682345&origin=inward,adjacent-subtopic,,scopus,llm,0.720,unreviewed,,doi:10.1016/0167-6423(89)90026-9
discarded,C-Xsc: A C++ Class Library for Extended Scientific Computing,Rudi Klatte; George F. Corliss,1993,CERN Document Server (European Organization for Nuclear Research),10.1007/978-3-642-58058-1,https://openalex.org/W1522616537,adjacent-subtopic,,openalex,llm,0.760,unreviewed,,doi:10.1007/978-3-642-58058-1
discarded,Algorithm 984,Matthew J. Weinstein; Anil V. Rao,2017,ACM Transactions on Mathematical Software,10.1145/3104990,https://openalex.org/W2751583584,adjacent-subtopic,"A toolbox called ADiGator is described for algorithmically differentiating mathematical functions in MATLAB. ADiGator performs source transformation via operator overloading using forward mode algorithmic differentiation and produces a file that can be evaluated to obtain the derivative of the original function at a numeric value of the input. A convenient by-product of the file generation is the sparsity pattern of the derivative function. Moreover, because both the input and output to the algorithm are source codes, the algorithm may be applied recursively to generate derivatives of any order. A key component of the algorithm is its ability to statically exploit derivative sparsity at the MATLAB operation level to improve runtime performance. The algorithm is applied to four different classes of example problems and is shown to produce runtime efficient derivative code. Due to the static nature of the approach, the algorithm is well suited and intended for use with problems requiring many repeated derivative computations.",openalex,llm,0.990,unreviewed,,doi:10.1145/3104990
discarded,"Automating Embedded Analysis Capabilities and Managing Software Complexity in Multiphysics Simulation, Part I: Template-Based Generic Programming",Roger P. Pawlowski; Eric Phipps; Andrew G. Salinger,2012,Scientific Programming,10.1155/2012/202071,https://openalex.org/W2056927423,adjacent-subtopic,An approach for incorporating embedded simulation and analysis capabilities in complex simulation codes through template-based generic programming is presented. This approach relies on templating and operator overloading within the C++ language to transform a given calculation into one that can compute a variety of additional quantities that are necessary for many state-of-the-art simulation and analysis algorithms. An approach for incorporating these ideas into complex simulation codes through general graph-based assembly is also presented. These ideas have been implemented within a set of packages in the Trilinos framework and are demonstrated on a simple problem from chemical engineering.,openalex,llm,0.910,unreviewed,,doi:10.1155/2012/202071
discarded,Automatic differentiation in ML: Where we are and where we should be going,Bart van Merriënboer; Olivier Breuleux; Arnaud Bergeron; Pascal Lamblin,2018,arXiv (Cornell University),10.48550/arxiv.1810.11530,https://openalex.org/W2890411254,adjacent-subtopic,"We review the current state of automatic differentiation (AD) for array programming in machine learning (ML), including the different approaches such as operator overloading (OO) and source transformation (ST) used for AD, graph-based intermediate representations for programs, and source languages. Based on these insights, we introduce a new graph-based intermediate representation (IR) which specifically aims to efficiently support fully-general AD for array programming. Unlike existing dataflow programming representations in ML frameworks, our IR naturally supports function calls, higher-order functions and recursion, making ML models easier to implement. The ability to represent closures allows us to perform AD using ST without a tape, making the resulting derivative (adjoint) program amenable to ahead-of-time optimization using tools from functional language compilers, and enabling higher-order derivatives. Lastly, we introduce a proof of concept compiler toolchain called Myia which uses a subset of Python as a front end.",openalex,llm,0.970,unreviewed,,doi:10.48550/arxiv.1810.11530
discarded,Differentiation in PASCAL-SC: type GRADIENT,Louis B. Rall,1984,ACM Transactions on Mathematical Software,10.1145/399.418,https://openalex.org/W1996720080,adjacent-subtopic,"In scientific computation, there is often need for the derivatives, as well as the values, of functions defined by computer programs.Here it is shown how automatic differentiation can be carried out in a modern computer language which permits user-defined operators and data types.The specific language used is Pascal-SC, and differentiation is implemented for variables of type GRADIENT, which consists of the value of a function of n real variables and its gradient vector of first partial derivatives with respect to the independent variables.Calculations of the results of operators or functions apphed to GRADIENT variables are carried out according to the well-known rules for evaluation and differentiation of sums, differences, products, and so on.Since the differentiation is performed at compile time, the code produced is comparable in compactness and execution time to that obtained if numerical approximations are used for derivatives, and the theoretical and practical problems associated with numerical differentiation are avoided.Pascal-SC source code is given for the necessary operators and standard functions, and it is shown how to prepare code for arbitrary differentiable functions to add to the hbrary if desired.The effectiveness of the use of type GRADIENT is shown by an example of the solution of a system of nonlinear equations by Newton's method.",openalex,llm,0.970,unreviewed,,doi:10.1145/399.418
discarded,Object oriented programming,Tim Rentsch,1982,ACM SIGPLAN Notices,10.1145/947955.947961,https://openalex.org/W4300655963,adjacent-subtopic,"Recently I had the opportunity to read the Intel manual introducing the iAPX 432 architecture.The manual is an amalgam of an informal overview of the hardware, a quick tutorial review of computer architectures in general, an introduction to the advanced concepts of the 432 in particular, and marketing hype proclaiming the advantages of the 432 over its competition.The 432's architecture has many interesting, unusual characteristics, and Intel is wise to introduce them in a form which is quickly assimilable.What most caught my interest is the claim that the 432 supports the ""object oriented design methodology.""What is object oriented programming?My guess is that object oriented programming will be in the 1980's what structured programming was in the 1970's.Everyone will be in favor of it.Every manufacturer will promote his products as supporting it.Every manager will pay lip service to it.Every programmer will practice it (differently).And no one will know just what it is.Surely there's a better way.I hope this paper will clarify object oriented programming by characterizing its more important aspects.These characterizations, while not a definition per se, should at least provide a better understanding, and ideally a commonly held one.Thus I hope we can avoid the deplorable and confusing situation just described.",openalex,llm,0.910,unreviewed,,doi:10.1145/947955.947961
discarded,Automatic Differentiation in Machine Learning: a Survey,Atılım Güneş Baydin; Barak A. Pearlmutter; Alexey Radul; Jeffrey Mark Siskind,2015,Maynooth University ePrints and eTheses Archive (Maynooth University),,https://openalex.org/W2962727772,adjacent-subtopic,"Derivatives, mostly in the form of gradients and Hessians, are ubiquitous in machine learning. Automatic differentiation (AD) is a technique for calculating derivatives of numeric functions expressed as computer programs efficiently and accurately, used in fields such as computational fluid dynamics, nuclear engineering, and atmospheric sciences. Despite its advantages and use in other fields, machine learning practitioners have been little influenced by AD and make scant use of available tools. We survey the intersection of AD and machine learning, cover applications where AD has the potential to make a big impact, and report on some recent developments in the adoption of this technique. We aim to dispel some misconceptions that we contend have impeded the use of AD within the machine learning community.",openalex,llm,0.970,unreviewed,,hash:941302e1fb681f9e
discarded,Building Object-Oriented Systems: An Introduction from Concepts to Implementation in C,R.E. Callan,1994,,,https://openalex.org/W565796533,adjacent-subtopic,Part 1 Fundamental concepts: encapsulation polymorphism genericity. Part 2 Representation: semantic nets frames connectionist nets. Part 3 Some language fundamentals: scope and life of variables enumerations looping. Part 4 Class: enscapulation class as a type pointers to members. Part 5 Inheritance: string example construction and destruction. Part 6 Operator overloading: unary example binary example. Part 7 Genericity: an example of class template an example of a function template. Part 8 Streams: basic input-output formatting. Part 9 Container classes: a simple container iterating through a container. Part 10 Analysis and design: Object Modelling Technique - OMT other methods. Part 11 Data compression application: Huffman coding design for implementation. Part 12 Neural network application: the feedforward backpropagation network enhancing the design. Part 13 Reuse: various ways to achieve reuse the abuse of inheritance.,openalex,llm,0.940,unreviewed,,hash:3c17ffec7c58899c
discarded,Dynamic parsers and evolving grammars,Simone Cabasino; Pier Stanislao Paolucci; G.M. Todesco,1992,ACM SIGPLAN Notices,10.1145/141018.141037,https://openalex.org/W2037099835,adjacent-subtopic,"We define ""evolving grammars"" as successions of static grammars and dynamic parsers as parsers able to follow the evolution of a grammar during the source program parsing. A growing context-free grammar will progressively incorporate production rules specific for the source program under parsing and will evolve following the context created by the source program itself toward a program specific context-free grammar. Dynamic parsers and growing grammars allow a syntactic-only parsing of programs written in powerful and problem adaptable programming languages. Moreover dynamic parsers easily perform purely syntactic strong type checking and operator overloading. The language used to specify grammar evolution and residual semantic actions can be the evolving language itself. The user can introduce new syntactic operators using a bootstrap procedure supported by the previously defined syntax.A dynamic parser (""ZzParser"") has been developed by us and has been successfully employed by the APE 100 INFN group to develop a programming language (""ApeseLanguage"") and other system software tools for the 100 GigaFlops SIMD parallel machine under development.",openalex,llm,0.960,unreviewed,,doi:10.1145/141018.141037
discarded,Structured programming considered harmful,William Slater; Howard Modell,1978,ACM SIGPLAN Notices,10.1145/953411.953418,https://openalex.org/W2061232138,adjacent-subtopic,"article Free Access Share on Structured programming considered harmful Authors: William Slater University of Texas at Arlington University of Texas at ArlingtonView Profile , Howard Modell The University of Arizona The University of ArizonaView Profile Authors Info & Claims ACM SIGPLAN NoticesVolume 13Issue 4April 1978 pp 76–79https://doi.org/10.1145/953411.953418Online:01 April 1978Publication History 2citation127DownloadsMetricsTotal Citations2Total Downloads127Last 12 Months12Last 6 weeks1 Get Citation AlertsNew Citation Alert added!This alert has been successfully added and will be sent to:You will be notified whenever a record that you have chosen has been cited.To manage your alert preferences, click on the button below.Manage my AlertsNew Citation Alert!Please log in to your account Save to BinderSave to BinderCreate a New BinderNameCancelCreateExport CitationPublisher SiteeReaderPDF",openalex,llm,0.980,unreviewed,,doi:10.1145/953411.953418
discarded,Applying The Pcr6 Rule Of Combination In Real Time Classication Systems,Krispijn A. Scholte; Willem L. van Norden,2009,Zenodo (CERN European Organization for Nuclear Research),10.5281/zenodo.34772,https://openalex.org/W2102556400,off-topic-false-hit,"p>Modern navies face the introduction of new ships with reduced and less trained manning and new, more complex, sensor systems. These trends could result in operator overload which might be solved by in-br /> troducing a higher level of automation./p>",openalex,llm,1.000,unreviewed,,doi:10.5281/zenodo.34772
discarded,Use and Abuse of Instance Parameters in the Lean Mathematical Library,"Baanen, Anne",2022,DROPS (Schloss Dagstuhl – Leibniz Center for Informatics),10.4230/lipics.itp.2022.4,https://openalex.org/W4293774222,adjacent-subtopic,"The Lean mathematical library mathlib features extensive use of the typeclass pattern for organising mathematical structures, based on Lean’s mechanism of instance parameters. Related mechanisms for typeclasses are available in other provers including Agda, Coq and Isabelle with varying degrees of adoption. This paper analyses representative examples of design patterns involving instance parameters in the current Lean 3 version of mathlib, focussing on complications arising at scale and how the mathlib community deals with them.",openalex,llm,0.970,unreviewed,,doi:10.4230/lipics.itp.2022.4
discarded,Contributed Articles: Operators Considered Harmful,Martin Gfeller,1986,ACM SIGAPL APL Quote Quad,10.1145/16467.602323,https://openalex.org/W2016230754,adjacent-subtopic,"The distinction between operators and functions is shown to be arbitrary and complicated. An unification of those two object classes is proposed. Consequences for syntax and representation of functions are considered. Arrays of functions are shown to be a natural consequence of the unification.The paper is based on the terminology used in ""Rationalized APL"" [Iverson 83a]. Knowledge of this work is assumed. F,G,H denote functions, A, α,ω arrays. Index origin is 1 in the refined language and throughout this paper.",openalex,llm,0.780,unreviewed,,doi:10.1145/16467.602323
kept,Adding real-time capabilities to Java,Kelvin Don Nilsen,1998,Communications of the ACM,10.1145/276609.276619,https://openalex.org/W2023917752,qualifies-claim; designer-against,"Sun Microsystems initially developed Java as a tool to support internal development of small embedded systems.Later, they determined the language was appropriate for development and distribution of Internet applications and released the language to the general public.Java is object oriented with syntax derived from C and C++ [1, 10], however, Java's designers chose not to pursue full compatibility with C and C++ because they preferred to eliminate from these languages certain troublesome features.In particular, Java does not support enumerated constants; pointer arithmetic; traditional functions, structures and unions; multiple inheritance; goto statements; operator overloading; and preprocessor directives.11100011100000011110000001111111000010101 01010101010101010101010100000111110101010 Kelvin NilsenInstead, Java requires all constant identifiers and functions (methods) to be encapsulated within class declarations.Java provides standardized support for multiple threads (lightweight tasks) and automatic garbage collection of dynamically allocated memory.Further, Java fully specifies the behavior of every operator on every type, unlike C and C++ which leave many behaviors implementation-dependent.These changes were designed to improve software scalability, reduce software development and maintenance costs, and to achieve full portability of Java software.Anecdotal evidence suggests that many former C and C++ programmers have enthusiastically welcomed these language improvements.One distinguishing characteristic of Java is its execution model.Java programs are first translated into a fully portable standard bytecode representation.The bytecode is then available for execution in any environment that provides support for a Java virtual machine.A Java virtual machine is simply a system of software that understands and executes the standard Java bytecode representation.All major operating systems now support execution of Java programs, including Windows 95, NT, and CE, Solaris, HP-UX, IRIX, AIW, and MacOS.To prevent viruses from being introduced by a foreign Java bytecode program, the Java virtual machine includes a Java bytecode analyzer that verifies the bytecode but does not contain requests that would compromise the local system.By convention, this bytecode analyzer is applied to every Java program before it is executed.Bytecode analysis is combined with optional run-Adding Real-Time Capabilities to Java Through extensive experimentation, developers somehow find the right combination of parameters to maximize cost, performance, and compliance with real-time constraints.",openalex,llm_reviewed,0.790,confirmed,,doi:10.1145/276609.276619
discarded,Coercion as homomorphism,Alex Shafarenko,2002,,10.1145/571157.571160,https://openalex.org/W2111296076,adjacent-subtopic,"A type system with atomic subtyping and a special form of operator overloading, which we call offset-homomorphism is proposed. A set of operator overloadings is said to be offset-homo-morphic when for each pair of overloadings the coercion function realises a homomorphism of types and at the same time certain conditions on the operator type signature are satisfied. We demonstrate that offset-homomorphic overloading has sufficient power for supporting a comprehensive set of array operations in a declarative language. The problem of inferring the least types in our type system is proven to be equivalent to the shortest path problem for weighted, directed graphs with non-negative cycle weights, which has a computationally efficient solution.",openalex,llm,0.960,unreviewed,,doi:10.1145/571157.571160
