status,title,authors,year,venue,doi,url,tags,abstract,provider,decision_source,llm_confidence,llm_review_outcome,llm_change_direction,paper_id
discarded,REPLICATION METHODS FOR ABSTRACT DATA TYPES,Maurice P. Herlihy,1984,DSpace@MIT (Massachusetts Institute of Technology),,https://openalex.org/W1560992179,adjacent-subtopic,"An advantage of distributed systems over centralized systems is that valuable data can be stored redundantly at multiple locations--a practica commonly called 'replication'. Replication can enhance the availability of data in the presence of failures, increasing the likelihood that the data will be accessible when needed. This thesis introduces a new method for managing replicated data. We propose new techniques to address four problems associated with replication: the representation and manipulation of replicated data, concurrency control, on-the-fly reconfiguration, and enhancing availability in the presence of partitions. Unlike many methods that support replication only for uninterpreted files, our method makes use of type-specific properties of objects (such as sets, queues, or directories) to provide more effective replication. Associated with each operation of the data type is a set of quorums, which are collections of sites whose cooperation suffices to execute the operation. Analysis of the algebraic structure of the data type is used to derive a set of constraints on quorum intersections. Any choice of quorums that satisfies these constraints yields a correct implementation, and it can be shown that no smaller set of constraints guarantees correctness. By taking advantage of type-specific properties in a general and systematic way, our method can realize a wider range of availability properties, more concurrency, more flexible reconfiguration, and better tolerance of partitions than existing replication methods. Keywords: Atomicity, Availability, Concurrency control, Partitions, Reconfiguration, and Reliability.",openalex,llm,0.960,unreviewed,,hash:4e7101b8322cb2db
discarded,A framework for knowledge-based temporal abstraction,Yuval Shaḥar,1997,Artificial Intelligence,10.1016/s0004-3702(96)00025-2,https://openalex.org/W2016449808,off-topic-false-hit,"A new domain-independent knowledge-based inference structure is presented, specific to the task of abstracting higher-level concepts from time-stamped data. The framework includes a model of time, parameters, events and contexts. A formal specification of a domain's temporal abstraction knowledge supports acquisition, maintenance, reuse and sharing of that knowledge. The knowledge-based temporal abstraction method decomposes the temporal abstraction task into five subtasks. These subtasks are solved by five domain-independent temporal abstraction mechanisms. The temporal abstraction mechanisms depend on four domain-specific knowledge types: structural, classification (functional), temporal semantic (logical) and temporal dynamic (probabilistic) knowledge. Domain values for all knowledge types are specified when a temporal abstraction system is developed. The knowledge-based temporal abstraction method has been implemented in the RÉSUMÉ system and has been evaluated in several clinical domains (protocol-based care, monitoring of children's growth and therapy of diabetes) and in an engineering domain (monitoring of traffic control), with encouraging results.",openalex,llm,0.990,unreviewed,,doi:10.1016/s0004-3702(96)00025-2
discarded,Scalable component abstractions,Martin Odersky; Matthias Zenger,2005,,10.1145/1094811.1094815,https://openalex.org/W2150101804,supports-claim; adjacent-subtopic,"We identify three programming language abstractions for the construction of re-usable components: abstract type members, explicit selftypes and symmetric mixin composition. Together, these abstractions enable us to transform an arbitrary assembly of static program parts with hard references between them into a system of re-usable components. The transformation maintains the structure of the original system. We demonstrate this approach in two case studies, a subject/observer framework and a compiler front-end.",openalex,llm_reviewed,0.910,changed,kept->discarded,doi:10.1145/1094811.1094815
discarded,Hierarchical Processing in Spoken Language Comprehension,Matthew H. Davis; Ingrid S. Johnsrude,2003,Journal of Neuroscience,10.1523/jneurosci.23-08-03423.2003,https://openalex.org/W2110511218,off-topic-false-hit,"Understanding spoken language requires a complex series of processing stages to translate speech sounds into meaning. In this study, we use functional magnetic resonance imaging to explore the brain regions that are involved in spoken language comprehension, fractionating this system into sound-based and more abstract higher-level processes. We distorted English sentences in three acoustically different ways, applying each distortion to varying degrees to produce a range of intelligibility (quantified as the number of words that could be reported) and collected whole-brain echo-planar imaging data from 12 listeners using sparse imaging. The blood oxygenation level-dependent signal correlated with intelligibility along the superior and middle temporal gyri in the left hemisphere and in a less-extensive homologous area on the right, the left inferior frontal gyrus (LIFG), and the left hippocampus. Regions surrounding auditory cortex, bilaterally, were sensitive to intelligibility but also showed a differential response to the three forms of distortion, consistent with sound-form-based processes. More distant intelligibility-sensitive regions within the superior and middle temporal gyri, hippocampus, and LIFG were insensitive to the acoustic form of sentences, suggesting more abstract nonacoustic processes. The hierarchical organization suggested by these results is consistent with cognitive models and auditory processing in nonhuman primates. Areas that were particularly active for distorted speech conditions and, thus, might be involved in compensating for distortion, were found exclusively in the left hemisphere and partially overlapped with areas sensitive to intelligibility, perhaps reflecting attentional modulation of auditory and linguistic processes.",openalex,llm,1.000,unreviewed,,doi:10.1523/jneurosci.23-08-03423.2003
discarded,Quantitative Effects of Image Complexity on Learning Performance in Multimedia Instructional Interfaces for Deaf and Hard-of-Hearing Children,"Zhu, Zhaohua; Zhu, Chuqiu; Zhang, Xiaoqing; Shi, Mingnuo; Tang, Tiantian; Yao, Shiping",2026,INTERNATIONAL JOURNAL OF HUMAN-COMPUTER INTERACTION,10.1080/10447318.2026.2718629,https://www.webofscience.com/wos/woscc/full-record/WOS:001854966800001,off-topic-false-hit,"Deaf and hard-of-hearing (DHH) children rely primarily on visual channels to acquire information in multimedia learning environments. However, excessive visual stimulation and redundant information may hinder information processing and impair learning efficiency. To assess the effects of image complexity on DHH children's multimedia learning, this study investigated four image-complexity parameters-color saturation, abstraction level, number of images, and animation frequency-and examined their effects on learning performance in terms of immediate task performance and cognitive processing by integrating behavioral data, eye-tracking measures, and frontal electroencephalography (EEG) indices. The results showed that color saturation and abstraction level mainly influenced response efficiency and comprehension accuracy, whereas number of images and animation frequency primarily modulated attentional allocation and dynamic information tracking during learning. These findings provide preliminary evidence that optimizing instructional image complexity may support more efficient multimedia learning processes for DHH children and inform adaptive interface design in special education.",wos,llm,0.990,unreviewed,,doi:10.1080/10447318.2026.2718629
discarded,A Comparative User Study on Control-Flow Visualizations of Event Log Data,"van der Linden, S.; Willemsen, M. C.; Brunings, M. D.; Vilanova, A.; van den Elzen, S.",2026,COMPUTER GRAPHICS FORUM,10.1111/cgf.70510,https://www.webofscience.com/wos/woscc/full-record/WOS:001806801300001,adjacent-subtopic,"Event sequence data is collected abundantly, especially in the Process Mining (PM) and Visual Analytics (VA) fields. Despite these two fields occasionally working on similar challenges, there is little cross-fertilization. While these two fields can complement each other based on their strengths, both fields have independently developed abstractions and visualizations to understand and analyze the control-flow of event sequences. However, there is no study that evaluates the strengths and weaknesses of these abstractions and visualizations for different common tasks. This paper compares seven commonly used control-flow visualizations using a formal user study with 48 participants. Directly-Follows Graphs (DFGs), Petri nets, Business Process Model and Notations, Process trees, variant timelines, Icicle plots, and Sankey diagrams are evaluated on their performance on different tasks, understandability, and user preferences. Our results show that the DFG, variant timeline, and Sankey diagram are the only visualizations that significantly outperform others for the selected tasks. Furthermore, DFG significantly outperforms most others in identifying the most frequent activity. Surprisingly, DFG also excels in identifying loops of three consecutive events despite being hard to answer correctly. Despite its high performance, we find that the DFG is not preferred by participants and even more so when participants do not understand it. Moreover, we find that understandability influences user preferences and correctness.",wos,llm,0.900,unreviewed,,doi:10.1111/cgf.70510
discarded,No Effect of Prepregnancy Weight Loss Intervention on Child Weight up to Age 5,"LeBlanc, Erin S.; Smith, Ning; Paul, Ian M.; Lee, Mi; Savage, Jennifer; Bass, Jennifer; Pate, Russell; Catlin, Chris; Vesco, Kimberly K.",2026,CHILDHOOD OBESITY,10.1177/21532176251414241,https://www.webofscience.com/wos/woscc/full-record/WOS:001662030100001,off-topic-false-hit,"Background: Our aim was to examine if a prepregnancy lifestyle intervention impacted early childhood weight gain.Methods: A 5-year longitudinal observational follow-up of children born to women aged 18-40 years with body mass index (BMI) >= 27 kg/m2 who participated in Prepare, a randomized clinical trial testing a prepregnancy lifestyle intervention vs. usual care control. Data were collected from birth through ages 36-60 months using electronic medical record (EMR) chart abstraction, a single in-person or virtual visit, and surveys.Results: Of the 165 children born to Prepare participants, 133 (70 in intervention and 63 in usual care) contributed BMI data to the PrepareD observational follow-up study. Longitudinal BMI trajectories from birth to age 5 demonstrated no significant differences between study arms (p = 0.06). There were no significant differences in mean BMI (17.0 +/- 1.7 vs. 16.7 +/- 1.7; p = 0.44), BMI z-score (0.30 +/- 1.12 vs. 0.02 +/- 1.19; p = 0.40), BMI percentile (56.2 +/- 29.8 vs. 50.2 +/- 31.4; p = 0.56), or conditional weight gain (0.10 +/- 1.07 vs. -0.17 +/- 0.95; p = 0.19) between intervention and control arms, respectively, at age 12 months. There were also no significant differences in mean BMI (16.4 +/- 1.7 vs. 16.2 +/- 1.6; p = 0.61), BMI z-score (0.43 +/- 1.07 vs. 0.23 +/- 1.17; p = 0.44), BMI percentile (56.2 +/- 29.8 vs. 57.1 +/- 32.5; p = 0.39), or conditional weight gain (0.01 +/- 1.08 vs. -0.09 +/- 0.95; p = 0.51) at 36-60 months.Conclusions: A prepregnancy lifestyle intervention did not influence childhood weight trajectory. Focusing lifestyle interventions solely on prepregnancy maternal obesity may not be sufficient to influence childhood growth. Trials that examine lifestyle interventions that offer support before, during, and after pregnancy are needed to determine if intervening before conception can interrupt the intergenerational cycle of obesity.",wos,llm,1.000,unreviewed,,doi:10.1177/21532176251414241
discarded,"Bridging Between Active Objects: Multitier Programming for Distributed, Concurrent Systems","Salvaneschi, Guido; Weisenburger, Pascal",2024,ACTIVE OBJECT LANGUAGES,10.1007/978-3-031-51060-1_4,https://www.webofscience.com/wos/woscc/full-record/WOS:001215137600005,qualifies-claim; adjacent-subtopic,"Programming distributed and concurrent systems is notoriously hard. Active objects, which encapsulate operations, state and control flow, have been investigated by researchers to alleviate this issue. In a distributed system, message exchange among active objects or actors often coincides with network boundaries, and determines a major modularization direction for the application. Yet, certain application functionalities naturally crosscut such modularization direction. For those, structuring the application architecture around network boundaries is purely accidental and does not help reasoning about programs.

Recently, multitier programming has been proposed as a programming paradigm that enables code that belongs to different peers to be developed together, in the same compilation unit. The compiler then splits the code and generates the required deployment components.

In this work we explore the relation between multitier programming and active objects. Multitier programming can be considered a programming paradigm based on active objects with a focus on application domains where functionalities span multiple active objects, and allows such functionalities to be encapsulated into a single object. The multitier approach keeps the asynchronous model of active objects and actors but provides a holistic view of distributed components and their interactions. Multitier programming addresses the use cases where separating components into different active objects or actors hinders encapsulation and modularization across functional boundaries. In such use cases, multitier programming can increase the level of abstraction, improve software design, simplify code maintenance, aid program comprehension and enable formal reasoning. A number of features of active objects are directly visible to programmers also in the multitier programming, resulting in an interesting combination of language abstractions available to developers.",wos,llm_reviewed,0.820,changed,kept->discarded,doi:10.1007/978-3-031-51060-1_4
discarded,An ultra-low-computation model for understanding sign languages,"Fallah, Mohammad K.; Najafi, Mohammadreza; Gorgin, Saeid; Lee, Jeong-A.",2024,EXPERT SYSTEMS WITH APPLICATIONS,10.1016/j.eswa.2024.123782,https://www.webofscience.com/wos/woscc/full-record/WOS:001223620000001,off-topic-false-hit,"In artificial intelligence applications, advanced computational models, such as deep learning, are employed to achieve high accuracy, often requiring the execution of numerous operations. Conversely, lightweight computational models are typically more resource -efficient, making them suitable for various devices, including smartphones, tablets, and wearable technology. This paper presents an ultra -low -computation solution for interpreting sign languages to assist deaf and hard -of -hearing individuals without needing specialized hardware or significant computational resources. The proposed approach initially performs data abstraction on the input data. During this process, the image is systematically scanned from various perspectives, and the collected information is then encoded into a one-dimensional vector. Subsequently, the abstracted information undergoes processing through a Fully Connected Neural Network (FCN), resulting in highly accurate output. We also introduced two abstraction methods, namely Opaque and Glass, inspired by the interaction of light with different types of objects. The proposed abstractions facilitate the comprehension of the hand gesture's outer boundary as well as its row -wise and column -wise density of pixels. Our experiments on three datasets confirm the efficiency of the proposed method, achieving an accuracy of 99.4% in recognizing American Sign Language, 99.96% accuracy in recognizing Indian Sign Language, and 99.95% accuracy in recognizing Bangla Sign Language. Notably, the model size and the number of MAC operations are significantly smaller than state-of-the-art computational models trained on the same datasets.",wos,llm,0.980,unreviewed,,doi:10.1016/j.eswa.2024.123782
discarded,Type Theory as a Unifying Paradigm for Modern Databases,"Dorn, Christoph; Pribadi, Haikal",2023,"PROCEEDINGS OF THE 32ND ACM INTERNATIONAL CONFERENCE ON INFORMATION AND KNOWLEDGE MANAGEMENT, CIKM 2023",10.1145/3583780.3615999,https://www.webofscience.com/wos/woscc/full-record/WOS:001161549505053,supports-claim; adjacent-subtopic,"Over the past decades, data modeling has become a highly diversified discipline with many competing paradigms emerging across various application domains. We argue that higher levels of abstraction including, in particular, the integration of high-level programming and reasoning techniques, will pave the way forward for future knowledge management systems. As a programmatic foundation for this endeavor, we will discuss a novel type theoretical modeling and reasoning paradigm, which aims to strike a powerful balance between what can be naturally semantically modeled and what can be practically implemented. TypeQL is a multi-purpose database language rooted in these foundations: it is designed around the expressivity of natural language and backed by type theoretical principles. This rigorous high-level approach to database language reduces development and maintenance loads, preventing hard to spot data integrity and logic errors through its underlying type system, while also providing a unifying toolset for a large class of domain-specific applications ranging from querying connected data in knowledge graphs for drug discovery to reasoning and adaptive decision making in cognitive robotics.",wos,llm_reviewed,0.820,changed,kept->discarded,doi:10.1145/3583780.3615999
discarded,Construction of Sports Culture Recommendation Model Combining Big Data Technology and Video Semantic Comprehension,"Xie, Bin; Zhang, Fuye",2023,INTERNATIONAL JOURNAL OF ADVANCED COMPUTER SCIENCE AND APPLICATIONS,,https://www.webofscience.com/wos/woscc/full-record/WOS:001125995200001,off-topic-false-hit,"blast makes it harder for clients to channel the substance they are keen on. This study aims to combine big data and video semantic comprehension technology to realize the recommendation of sports culture videos by exploring the semantics of video and taking advantage of multi source heterogeneous information. The semantic structure of unstructured video data is defined first, and on this basis, Converse3D (C3D) Connectionist Temporal Asifationon (CTC) is employed to complete the extraction of sub-action semantics and the integration of behaviour semantic sequences. In adjustment to break the botheration of low accurateness of the model for the semantic abstraction of unlabeled videos, this study proposes an unsupervised semantic abstraction adjustment based on Converse3D(C3D)-RAE, which completes the compression and affiliation of the semantic sequences and verifies the accurateness of both two models through experiments. In order to solve the problem of insufficient accuracy of video recommendation algorithms based on single video semantic similarity and topic similarity, this study comprehensively considers video semantic similarity and video topic similarity and proposes a multi-modal video recommendation algorithm. The experimental results show that the accuracy of the COMSIMbased algorithm is 7.8% higher than that of Video+ CNN + KNearestNeighbor (KNN) and 15.9% higher than that of CLIP + CNN +Ncut+LDA.",wos,llm,0.980,unreviewed,,hash:b616f05f5d49ff0a
discarded,Ontology-Based Abstraction of Bot Models in Robotic Process Automation,"Voelker, Maximilian; Weske, Mathias",2023,"CONCEPTUAL MODELING, ER 2023",10.1007/978-3-031-47262-6_13,https://www.webofscience.com/wos/woscc/full-record/WOS:001424910600013,supports-claim; adjacent-subtopic,"Robotic Process Automation is a technology for lightweight task automation that empowers business users to build their own software bots by combining predefined operations in a graphical user interface. However, due to the detailed nature of these operations, which are comparable to single code instructions, the graphical models become complex and hard to understand. This complicates the sharing, discussion, and maintenance of these software bots. At the same time, RPA projects typically require extensive documentation of the process and its automation aspects that must be kept in sync during the maintenance phase. This paper presents a foundation for bot model abstraction in RPA that leverages semantic information. It proposes an abstraction method to generate smaller but still expressive bot models in an automated fashion. These abstract bot models can be used for documentation purposes and to foster process understanding, as they convey key activities while hiding operational details that are not relevant to perceiving the overall automation goal.",wos,llm_reviewed,0.980,changed,kept->discarded,doi:10.1007/978-3-031-47262-6_13
