status,title,authors,year,venue,doi,url,tags,abstract,provider,decision_source,llm_confidence,llm_review_outcome,llm_change_direction,paper_id
discarded,A Formal Framework for Provable Security in AI-Native 6G Networks,N.A. Salha,2026,2026 Middle East and North Africa Communications Conference Menacomm 2026,10.1109/MENACOMM69507.2026.11532793,https://www.scopus.com/inward/record.uri?partnerID=HzOxMe3b&scp=105041829557&origin=inward,off-topic-false-hit,,scopus,llm,0.940,unreviewed,,doi:10.1109/menacomm69507.2026.11532793
discarded,Hierarchical Graph Neural Network for Modeling Localized Air Traffic Influence in International Airport Networks,P. Sharma,2026,Procedia Computer Science,10.1016/j.procs.2026.06.331,https://www.scopus.com/inward/record.uri?partnerID=HzOxMe3b&scp=105046094921&origin=inward,off-topic-false-hit,,scopus,llm,0.990,unreviewed,,doi:10.1016/j.procs.2026.06.331
discarded,Radiation Hydrodynamics at Scale: Comparing MPI and Asynchronous Many-Task Runtimes with FleCSI,A. Strack,2026,Proceedings 2026 IEEE International Parallel and Distributed Processing Symposium Workshops Ipdpsw 2026,10.1109/IPDPSW71298.2026.00011,https://www.scopus.com/inward/record.uri?partnerID=HzOxMe3b&scp=105048924737&origin=inward,adjacent-subtopic,,scopus,llm,0.920,unreviewed,,doi:10.1109/ipdpsw71298.2026.00011
discarded,Building a Smarter Way to Catch Phishing Sites using How Users Interact with Pages,P.V. Reddy,2026,2026 9th International Conference on Intelligent Computing and Control Systems Iciccs 2026,10.1109/ICICCS67901.2026.11502620,https://www.scopus.com/inward/record.uri?partnerID=HzOxMe3b&scp=105041049146&origin=inward,adjacent-subtopic,,scopus,llm,0.970,unreviewed,,doi:10.1109/iciccs67901.2026.11502620
discarded,A Framework for User-Space Device Plugins in Kubernetes Clusters,Y. Zhao,2026,2026 IEEE 2nd International Conference on Electronics Energy Systems and Power Engineering Eespe 2026,10.1109/EESPE68405.2026.11648311,https://www.scopus.com/inward/record.uri?partnerID=HzOxMe3b&scp=105048657010&origin=inward,adjacent-subtopic,,scopus,llm,0.830,unreviewed,,doi:10.1109/eespe68405.2026.11648311
discarded,"Limitations, possibilities and implications of Brain-Computer Interfaces",Dietmar Dietrich; Roland Lang; Dietmar Bruckner; Georg Fodor; Brit Müller,2010,3rd International Conference on Human System Interaction,10.1109/HSI.2010.5514488,https://ieeexplore.ieee.org/document/5514488/,off-topic-false-hit,"EEG Systems and Brain-Computer Interfaces (BCIs) are terms that are commonly used and discussed in the field of neurological research. From a technological point of view, the components and techniques used to build technical devices for this purpose are also widely discussed. Undifferentiated use of the terms EEG Systems and BCIs in the same context provokes a discussion because they in fact refer to distinct and different concepts and should be treated accordingly. This assertion shall be discussed and established without going into more technical detail of the concrete components. We will discuss the associated problem of the vague definition of BCIs and depict the essential limitations when using skull potential signals to realize such devices. To demonstrate alternative ways of realizing man-machine interfaces, we will describe the most recent research results, based on the example of a complex arm prosthesis. With respect to the requirements for realizing such a complex prosthesis we will show the possibilities and limitations of accessing the human brain structures and finally propose clear conclusions regarding the specifications for Brain-Computer Interfaces and the corresponding long term research and development goals.",ieee,llm,0.990,unreviewed,,doi:10.1109/hsi.2010.5514488
discarded,QualiHM: A requirement engineering toolkit for efficient user interface design,Mohamed Boukhebouze; Ravi Ramdoyal; Dimitri Diakodimitris; Ugo Sangiorgi; Mathieu Zen; Jean Vanderdonckt,2014,2014 IEEE Eighth International Conference on Research Challenges in Information Science (RCIS),10.1109/RCIS.2014.6861056,https://ieeexplore.ieee.org/document/6861056/,adjacent-subtopic,"An effective User Interface (UI) is a key success factor for interactive systems. Hence, particular attention should be paid to the UI design during the Requirement Engineering process (RE). Several RE tools have been proposed in order to support the UI design. However, these tools have limitations in terms of requirements completeness, requirements quality analysis and UI generation from requirements. In this paper, we present a new RE toolkit called QualIHM, that deals with the limitations of the existing RE. The toolkit supports the description of requirements in different formats. In addition, QualiHM facilitates the UI design by transforming requirement formats from one to another, generating the UI code and providing feedback about the aesthetic of the UI.",ieee,llm,0.960,unreviewed,,doi:10.1109/rcis.2014.6861056
discarded,Design of Wearable Brain Computer Interface Based on Motor Imagery,Chuan Lung Lin; Tso Yao Chu; Pei Jung Wu; Chen An Wang; Bor Shyh Lin,2014,2014 Tenth International Conference on Intelligent Information Hiding and Multimedia Signal Processing,10.1109/IIH-MSP.2014.16,https://ieeexplore.ieee.org/document/6998261/,off-topic-false-hit,"Brain computer interface (BCI) is a communication system to establish a communication interface between the brain and the device. Motor imagery-based brain computer interface is one of asynchronous BCIs, and have been widely developed in recent years. However, most of motor imagery-based BCI require bulk EEG machines, and lots of EEG data have to be transmitted to the back-end computer for analysis. This also causes the limitation of daily applications. In this study, a wearable motor-imagery-based BCI system with the least number of EEG channels was developed. In this system, the wearable mechanical design and the wireless EEG acquisition module were designed for measuring real time EEG in daily life. The modified BCI algorithm was also developed, and here only three channels are used to distinguish different events of motor imagery in this study. Finally, the proposed BCI system was also validated by the hand-motor imagery experiment.",ieee,llm,1.000,unreviewed,,doi:10.1109/iih-msp.2014.16
discarded,Category Theory-Based Mobile User Interface Pattern Recommendation Method,Wei Jia; Qingyi Hua; Minjun Zhang; Bo Wang; Rui Chen; Xiang Ji,2019,IEEE Access,10.1109/ACCESS.2018.2889189,https://ieeexplore.ieee.org/document/8585003/,adjacent-subtopic,"Although using the mobile user interface pattern (MUIP) can increase the efficiency and quality of mobile interface development, the existing pattern search methods have some limitations to provide appropriate patterns for solving a given design problem. In order to find the appropriate patterns, a category theory-based MUIP recommendation (CTR) method is proposed in this paper. First, the MUIP search is represented with a categorical structure so that the design problem can combine with the hierarchical structural MUIP repository closely. Then, to extract more accurate requirement information from the design problem, we present a question-based information extraction method that combines the general architecture for text engineering framework and category theory to extract the design goal, context, and level from the design problem. Finally, based on the categorical structure, we adopt a corresponding search strategy to find MUIPs according to the type of design problem. Some experiments are conducted to evaluate the performance of CTR. The experimental results show that the CTR can provide a high performance in terms of accuracy and ranking when compared with the existing methods.",ieee,llm,0.940,unreviewed,,doi:10.1109/access.2018.2889189
discarded,Multiprocessor SoC software design flows,Wolfgang Haid; Kai Huang; Iuliana Bacivarov; Lothar Thiele,2009,IEEE Signal Processing Magazine,10.1109/MSP.2009.934111,https://ieeexplore.ieee.org/document/5230805/,adjacent-subtopic,"Typical design flows supporting the software development for multiprocessor systems are based on a board support package and high-level programming interfaces. These software design flows fail to support critical design activities, such as design space exploration or software synthesis. One can observe, however, that design flows based on a formal model of computation can overcome these limitations. In this article, we analyze the major challenges in multiprocessor software development and present a taxonomy of software design flows based on this analysis. Afterwards, we focus on design flows based on the Kahn process network (KPN) model of computation and elaborate on corresponding design automation techniques. We argue that the productivity of software developers and the quality of designs could be considerably increased by making use of these techniques.",ieee,llm,0.780,unreviewed,,doi:10.1109/msp.2009.934111
discarded,HARP: A framework for visuo-haptic augmented reality,Ulrich Eck; Christian Sandor,2013,2013 IEEE Virtual Reality (VR),10.1109/VR.2013.6549404,https://ieeexplore.ieee.org/document/6549404/,supports-claim; adjacent-subtopic,"Visuo-Haptic Augmented Reality (VHAR) is a technology, which enables users to see and touch virtual objects. It poses unique problems to developers, including the need for precise augmentations, accurate colocation of haptic devices, and efficient processing of multiple, realtime sensor inputs to achieve low latency. We have designed and implemented the software framework HARP, which addresses these issues and simplifies the creation of haptic-enabled Augmented Reality (AR) applications. It allows developers to compose their applications on a high level of abstraction and hides most of the complexity of VHAR. Our contribution is the initial design and implementation of the framework, which we have validated in nine VHAR research projects ranging from simple interaction design to psychophysical experiments. We discuss limitations of our approach and future developments. These insights will be helpful to researchers and framework designers in the field of VHAR.",ieee,llm_reviewed,0.920,changed,kept->discarded,doi:10.1109/vr.2013.6549404
discarded,Five Ways Function Models Enable Accessible Mixed Reality Interfaces,Per Ola Kristensson,2024,2024 IEEE International Symposium on Mixed and Augmented Reality Adjunct (ISMAR-Adjunct),10.1109/ISMAR-Adjunct64951.2024.00054,https://ieeexplore.ieee.org/document/10765212/,adjacent-subtopic,"Mixed reality interfaces are used in a variety of contexts, and only some of these can be fully anticipated or controlled by the designer. Accessible mixed reality interfaces further exacerbate this design problem since users will have a variety of individual capabilities, limitations, needs, wants, and values, and frequently accessible inter-faces are used in more complex interaction contexts that may involve close family or assistants. In addition, it is often difficult to carry out extensive user research or involve end-users throughout the design process. This paper explains how function models, which model the organization of high-level functions a system has to carry out, can be helpful as a complementary design method when designing accessible mixed reality interfaces.",ieee,llm,0.910,unreviewed,,doi:10.1109/ismar-adjunct64951.2024.00054
discarded,Creating user interfaces with Agentsheets,A. Repenning,1991,[Proceedings] 1991 Symposium on Applied Computing,10.1109/SOAC.1991.143873,https://ieeexplore.ieee.org/document/143873/,qualifies-claim; adjacent-subtopic,"Building user interfaces with tool boxes has limitations. Most of them allow users to build basic interfaces efficiently on a high level of abstraction. However, when users have needs for new building blocks, which cannot be composed of existing ones, users have to fall back on the low level of abstraction provided by conventional programming languages. Agentsheets address this problem by introducing an intermediate level of abstraction between high-level building-blocks and the level of conventional programming languages. They provide a means for the incremental definition of the behavior as well as of the 'look' of artifacts. The author gives a short introduction to Agentsheets and then elaborates the concepts in form of a case study describing the process of building a new front-end for a commercial expert system with Agentsheets.<>",ieee,llm_reviewed,0.980,changed,kept->discarded,doi:10.1109/soac.1991.143873
kept,Beyond the black box: open implementation,G. Kiczales,1996,IEEE Software,10.1109/52.476280,https://ieeexplore.ieee.org/document/476280/,qualifies-claim; mot,"Encapsulation, informally known as black-box abstraction, is a widely known and accepted principle. It is a basic tenet of software design, underlying approaches to portability and reuse. However, many practitioners find themselves violating it in order to achieve performance requirements in a practical manner. The gap between theory and practice must be filled. Open implementation is a controversial new approach that claims to do just that. The paper provides some ideas to spark further debate on black-box abstraction.",ieee,llm_reviewed,1.000,confirmed,,doi:10.1109/52.476280
discarded,Porting of run-time environment for Lua-based applications,Marko Grumic; Marko Vasic; Jelena Kovacevic; Ivan Kastelan,2015,2015 IEEE 5th International Conference on Consumer Electronics - Berlin (ICCE-Berlin),10.1109/ICCE-Berlin.2015.7391213,https://ieeexplore.ieee.org/document/7391213/,adjacent-subtopic,"Runtime environment for Lua-based applications mostly aims embedded systems with limited resources, thus porting this kind of environment to embedded systems like settop boxes is as important as its design or development. There are three major parts of porting this environment: porting dependency libraries, porting environment libraries and testing environment on embedded system. This paper presents these three parts where dependency libraries are Lua interpreter library and tolua++ binder library, ScriptModule, C++ library, which wraps Lua and tolua++ API and set-top box with eCos operating system which is test environment. This Run-Time Environment combines Rendering, Event mechanism, Memory management, System management (OS specific), Application manager and Execution manager. ScriptModule is just a part of Execution manager which takes care of communication between Runtime Environment and Lua interpreter in order to provide custom system functionalities for Lua developers.",ieee,llm,0.960,unreviewed,,doi:10.1109/icce-berlin.2015.7391213
discarded,Morpheus Web Testing: A Tool for Generating Test Cases for Widget Based Web Applications,Romulo de Almeida Neves; Willian Massami Watanabe; Rafael Oliveira,2022,Journal of Web Engineering,10.13052/jwe1540-9589.2121,https://ieeexplore.ieee.org/document/10251063/,adjacent-subtopic,"Context: Widgets are reusable User Interfaces (UIs) components frequently delivered in Web applications.In the web application, widgets implement different interaction scenarios, such as buttons, menus, and text input. Problem: Tests are performed manually, so the cost associated with preparing and executing test cases is high. Objective: Automate the process of generating functional test cases for web applications, using intermediate artifacts of the web development process that structure widgets in the web application. The goal of this process is to ensure the quality of the software, reduce overall software lifecycle time and the costs associated with tests. Method:We elaborated a test generation strategy and implemented this strategy in a tool, Morpheus Web Testing. Morpheus Web Testing extracts widget information from Java Server Faces artifacts to generate test cases for JSF web applications. We conducted a case study for comparing Morpheus Web Testing with a state of the art tool (CrawlJax). Results: The results indicate evidence that the approach Morpheus Web Testing managed to reach greater code coverage compared to a CrawlJax. Conclusion: The achieved coverage values represent evidence that the results obtained from the proposed approach contribute to the process of automated test software engineering in the industry.",ieee,llm,0.970,unreviewed,,doi:10.13052/jwe1540-9589.2121
discarded,Making GUI Testing Practical: Bridging the Gaps,Pekka Aho; Matias Suarez; Atif Memon; Teemu Kanstrén,2015,2015 12th International Conference on Information Technology - New Generations,10.1109/ITNG.2015.77,https://ieeexplore.ieee.org/document/7113512/,adjacent-subtopic,"The effort and expertise required for manually crafting the models for model-based testing (MBT) is a major obstacle slowing down its industrial adoption. For implemented and executable systems, there are approaches to automate some part or even the whole process of creating the models for MBT. Recently, using extracted models for testing graphical user interface (GUI) applications has been a popular area of research, but most of the proposed approaches have limitations and restrictions on what can be modeled, and the software industry has not adopted these approaches. In this paper, we try to identify the gaps between the academic approaches and tools and industrial requirements hindering the industrial adoption, and try to suggest practical solutions to the identified gaps.",ieee,llm,0.970,unreviewed,,doi:10.1109/itng.2015.77
discarded,Towards an abstraction layer for PLC programming using object-oriented features of IEC61131-3 applied to motion control,Lorenzo Racchetti; Cesare Fantuzzi; Lorenzo Tacconi; Marcello Bonfè,2015,IECON 2015 - 41st Annual Conference of the IEEE Industrial Electronics Society,10.1109/IECON.2015.7392115,https://ieeexplore.ieee.org/document/7392115/,off-topic-false-hit,"We present our Abstraction Layer Object-Oriented Architecture (ALOOA) and its application to Motion Control. This layer provides a higher level of abstraction than that provided by the well-known PLCOpen library. In fact, the proposed approach uses OO features (i.e. methods, inheritance, and polymorphism) which allow us to define a generic device of motion control, whose hardware-dependent implementation details are then developed with specific Function Blocks (FBs) and methods. We are currently developing and using in our software the ALOOA and its libraries. As result, we can create hardware-independent software applications. Additionally, we achieved a reuse degree of our code of about 70% and improved its maintainability. ALOOA approach could be used to simplify and/or fulfill the maintainability, life-cycle-management, and the specific-platforms-and-their-limitations challenges. Moreover, it could help the OO features to penetrate further into the PLC world.",ieee,llm,0.940,unreviewed,,doi:10.1109/iecon.2015.7392115
discarded,Control and orchestration of multidomain optical networks with GMPLS as inter-SDN controller communication [Invited],Ramon Casellas; Ricardo Martinez; Raul Munoz; Ricard Vilalta; Lei Liu,2015,Journal of Optical Communications and Networking,10.1364/JOCN.7.000B46,https://ieeexplore.ieee.org/document/7331129/,adjacent-subtopic,"Emerging use cases, such as the orchestration of heterogeneous domains or the interconnection of remote data centers, require the design of new network control, management, and orchestration architectures that are adapted to the requirements associated with end-to-end services. This heterogeneity, stemming from actual deployments, is related to the involved data and control technologies or due to network segmentation. It is acknowledged that, in these scenarios, the deployment of a single software- defined networking (SDN) controller may not be practical or may have fundamental limitations, in terms of either scalability, complexity, or interoperability. To address this trend, and as a means to cope with the complexity growth, research in this area is considering the concept of SDN orchestration (the coordinated control of heterogeneous systems), abstraction (the selection of entityrelevant attributes), and the use of multiple controllers, commonly arranged in hierarchical or flat configurations. In this paper, we consider a hybrid approach combining elements from distributed control with elements from centralized control, relying on the concepts of abstraction and aggregation and hierarchical traffic engineering (TE). We propose a multidomain and multivendor network control architecture organized in layers, the abstract network layer and the control-specific layer, resulting in a mesh of generic SDN controllers that use generalized multiprotocol label switching (GMPLS) protocols as their east/west interfaces (open shortest path first TE and Resource Reservation Protocol with extensions for TE as inter- SDN controller communications protocols), forming an abstracted topology. To validate the approach, and to evaluate factors such as end-to-end network service deployment delay or control overhead, the proposed architecture is implemented and validated in a control plane testbed. While emphasis is given to the control of optical (flexi-grid) networks, the proposed approach can be generalized to other transport technologies.",ieee,llm,0.870,unreviewed,,doi:10.1364/jocn.7.000b46
