status,title,authors,year,venue,doi,url,tags,abstract,provider,decision_source,llm_confidence,llm_review_outcome,llm_change_direction,paper_id
discarded,Deep Learning Based Object Oriented Software Estimation: A Case Of Reusability,Abdullah; C.L.P. Gupta,2023,"2023 International Conference on New Frontiers in Communication, Automation, Management and Security (ICCAMS)",10.1109/ICCAMS60113.2023.10525948,https://ieeexplore.ieee.org/document/10525948/,adjacent-subtopic,"The software development stages supported by deep learning techniques in view of the collection of software engineering promises, it is essential to see the current software engineering requirements helped through deep learning, by seeing it various supports experts find the feasible to use deep learning information to deliver commercial software by considering functional and nonfunctional requirements. A Reusability assessment model for object oriented design particularly for design phase of development life cycle has been developed in this research paper with the help of deep learning technique. The developed system relates the Reusability orientated diagram qualities with software maintenance requirements and also connects feasibility with Reusability. No such model has been currently available in the literature review that measures Reusability of OO diagram through bringing practicality into consideration utilizing deep learning. The proposed model overcomes any barrier among object orientated outline qualities, practicality and Reusability. Proposed efforts works in order to improve the overall software design quality by considering the quality key attributes especially reusability of software design at initial stage of development life cycle. Finally in view of the above truth proposed model has been developed and validated with the help of class diagrams.",ieee,llm,0.860,unreviewed,,doi:10.1109/iccams60113.2023.10525948
kept,Facts and myths affecting software reuse,V.R. Basili,1994,Proceedings of 16th International Conference on Software Engineering,10.1109/ICSE.1994.296786,https://ieeexplore.ieee.org/document/296786/,qualifies-claim; mot,"Discusses the three most important facts or myths affecting reuse. There is a great deal of misunderstanding about reuse in the software domain and it is difficult to pick out only three: there has been to much emphasis on the reuse of code; software reuse implies some form of modification of the artifact being reused; and software development processes do not explicitly support reuse, in fact they implicitly inhibit reuse.<>",ieee,llm_reviewed,0.960,confirmed,,doi:10.1109/icse.1994.296786
discarded,An Upper Intelligent Control System Using the Object Oriented Method,Bong-kuk Lee; Yong-hak Shin,2006,2006 SICE-ICASE International Joint Conference,10.1109/SICE.2006.314666,https://ieeexplore.ieee.org/document/4108424/,adjacent-subtopic,"The construction of the hierarchical and open system is achieved for the overall process automation control system. The upper automation system is introduced to adjust the setting point of the lower automation system using the various decision-making methods and is connected with the lower automation system to make the hierarchical and overall process automation system. In this paper, the upper intelligent control system is developed for the upper automation system adopting the neural network method and is proposed to apply to the continuous process control for the optimal and real time decision-making. And the object oriented method of the UML(Unified Modelling Language) is used for the reuse and the extendibility of the upper intelligent control system. The developed system was applied the real plant for the coagulant dosing process in water purification system",ieee,llm,0.720,unreviewed,,doi:10.1109/sice.2006.314666
discarded,A systematic review of software reuse using domain engineering paradigms,Megha Dabhade; Shivam Suryawanshi; R Manjula,2016,2016 Online International Conference on Green Engineering and Technologies (IC-GET),10.1109/GET.2016.7916646,https://ieeexplore.ieee.org/document/7916646/,supports-claim; adjacent-subtopic,"Software reuse is the use of already existing concepts, objects or software components to build new software. The goal of software reuse research is to explore systematic procedures for developing new systems from existing ones. The systematic software reuse is the most effective way to improve software development. Domain engineering plays crucial role in Software Reuse research, which makes the use of approaches based on object oriented design, software architecture and architecture definition languages. These approaches can be significantly used at initial stages of Software Development Life Cycle (SDLC). It helps us to reduce the rework by enhancing the productivity and quality of reuse. Thus the goal is to identify barriers of software reusability that must be overcome for successful reuse. This paper presents a detailed literature survey on software reuse processes, current research and challenges which encounters while software reusing.",ieee,llm_reviewed,0.780,changed,kept->discarded,doi:10.1109/get.2016.7916646
discarded,Simulation Research on Speed Curve of High Speed Train Based on Object-Oriented Technology,Jianjun Wu; Ying Huang,2021,"2021 IEEE Asia-Pacific Conference on Image Processing, Electronics and Computers (IPEC)",10.1109/IPEC51340.2021.9421249,https://ieeexplore.ieee.org/document/9421249/,adjacent-subtopic,"The high-speed train speed control is the core content of the high-speed train control system. It is one of the key high-speed railway research technologies, which affects the transportation efficiency of the railway transportation system. It has theoretical and practical significance for its research. Due to the long modeling period and low code reuse rate during high-speed train speed simulation research, considering the train characteristics and geographical conditions, the highspeed train CRH3 EMU is the research object, which is more realistic. The motion and computer model of high-speed trains simulates the operation of vehicles in the high-speed train during the time-saving operation mode by using object-oriented technology as an example. It proves the correctness and effectiveness of the object-oriented technology simulation program. Provide a reference for subsequent research.",ieee,llm,0.820,unreviewed,,doi:10.1109/ipec51340.2021.9421249
discarded,A pattern for the effective use of object oriented databases,Muhammad Ubaid; Nauman Atique; Saira Begum,2009,2009 International Conference on Information and Communication Technologies,10.1109/ICICT.2009.5267187,https://ieeexplore.ieee.org/document/5267187/,adjacent-subtopic,"In object oriented scenario, inheritance is a process to make new classes by using classes that have already been defined. Inheritance helps to reuse existing code, by adding together of properties will enhance all new child objects without interfering with their existing ties. In object-oriented programming, an object is instance of class that consists of data and the methods, allows binding for them and operate on that data, stored in the memory of a running application. This paper presents a methodology of class hierarchy with the normalization in object oriented databases. CHNF (class hierarchy normal form) is good concept for implementing the normalization in class schema. The dilemma is that CHNF has not defined the levels for depth of inheritance; it is possible that CHNF base architecture invalidate the depth of inheritance and other metrics, which is defined by CK Metrics. As the database expends, heavy objects become complicated to handle. Although the more deep hierarchy tree implies that we have good reuse of code but it sound awful effects on memory and performance. For avoiding the heavy objects we have discovered a pattern CHNFP (class hierarchy normal form pattern). It follows the concept of CHNF as well as it validates the CK metrics.",ieee,llm,0.850,unreviewed,,doi:10.1109/icict.2009.5267187
discarded,A survival study of object oriented principles on software project development,R.S. Anoop Sreekumar; R.V. Sivabalan,2015,2015 Global Conference on Communication Technologies (GCCT),10.1109/GCCT.2015.7342673,https://ieeexplore.ieee.org/document/7342673/,adjacent-subtopic,"To denote an exact form of decoupling software modules in object-oriented programming the dependency inversion principle is used. By using this principle, the conventional dependency relationships known from high-level, policy-setting modules to low-level, dependency modules are reversed which results in description high-level modules autonomous of the low-level module implementation details. In conventional application architecture, lower-level components are planned to be inspired by higher-level components which allow increasingly complex systems to be built. Designing of the software engineering principles significantly decrease the software complexity on application projects. As a result, object oriented based architecture is planned on giving quality-conscious software services including the minimal development cost with increased reusability of the code. In this work, higher-level components depend directly upon lower-level components in order to attain some task which limits the reprocess opportunities of the higher-level components.",ieee,llm,0.770,unreviewed,,doi:10.1109/gcct.2015.7342673
discarded,An OOPN-based approach for modeling and analyzing the capability of maintenance support network,Ying Su; Tao Zhang; Hongtao Lei,2012,"2012 International Conference on Quality, Reliability, Risk, Maintenance, and Safety Engineering",10.1109/ICQR2MSE.2012.6246431,https://ieeexplore.ieee.org/document/6246431/,adjacent-subtopic,"The maintenance support level of armies has an important effect on their integrated combat efficiencies. How to evaluate the capability of a given maintenance support network is very important for equipment maintenance support scheduling. This paper proposes an object-oriented Petri net (OOPN) based approach for modeling and analyzing the capability of the maintenance support network. First, it presents the process of mission, equipment failure, maintain and transporting spare part using Petri net model. Second, it provides the object-oriented approach for combining all Petri net modules into a whole system Petri net model. Third, the simulation algorithm of the OOPN model is given and the mission success probability which is chosen as the evaluation index value of the network capability is analyzed. The method provides good modularity, reusability and maintainability and can be well applied to maintenance support system in modern times.",ieee,llm,0.910,unreviewed,,doi:10.1109/icqr2mse.2012.6246431
discarded,The role of polymorphic reuse mechanisms in schema evolution in an object-oriented database,Ling Liu; R. Zicari; W. Hursch; K.J. Lieberherr,1997,IEEE Transactions on Knowledge and Data Engineering,10.1109/69.567047,https://ieeexplore.ieee.org/document/567047/,adjacent-subtopic,"A seamless approach to the incremental design and reuse of object oriented methods and query specifications is presented. We argue for avoiding or minimizing the effort required for manually reprogramming methods and queries due to schema modifications, and demonstrate how the role of polymorphic reuse mechanisms is exploited for enhancing the adaptiveness of database programs against schema evolution in an object oriented database. The salient features of our approach are the use of propagation patterns and a mechanism for propagation pattern refinement. Propagation patterns are employed as an interesting specification formalism for modeling operational requirements. They encourage the reuse of operational specifications against the structural modification of an object oriented schema. Propagation pattern refinement is suited for the specification of reusable operational modules. It promotes the reusability of propagation patterns toward the operational requirement changes. This approach has a formal basis and emphasizes structural derivation of specifications. The main innovations are in raising the level of abstraction for behavioral schema design, and for making possible the derivation of operational semantics from structural specifications. As a result, both the modularity and reusability of object oriented schemas are increased.",ieee,llm,0.760,unreviewed,,doi:10.1109/69.567047
discarded,Refactoring from Object-Oriented Systems to Service-Oriented Systems: A Categorical Approach,Haifeng Ling; Xianzhong Zhou; Yujun Zheng,2010,2010 International Conference on Service Sciences,10.1109/ICSS.2010.11,https://ieeexplore.ieee.org/document/5494684/,adjacent-subtopic,"In today's business-critical environments, there is only a limited possibility that all services are to be developed from scratch. To reuse prior knowledge of existing object-oriented system design and adapt them to more flexible and scalable service-oriented systems, the paper presents a systematic approach that employs categorical models to formalize design knowledge in both kinds of software, and utilizes category theoretic computations to mechanize lifting, integration, and distribution in refactoring from object-oriented systems to service-oriented systems. Our approach provides highly abstract, modularized and effective evolution towards service-oriented computing.",ieee,llm,0.860,unreviewed,,doi:10.1109/icss.2010.11
discarded,Object oriented fuzzy cognitive maps for network modeling,N.S.S. Jamadagni,2000,PeachFuzz 2000. 19th International Conference of the North American Fuzzy Information Processing Society - NAFIPS (Cat. No.00TH8500),10.1109/NAFIPS.2000.877463,https://ieeexplore.ieee.org/document/877463/,adjacent-subtopic,"Fuzzy cognitive maps provide a modeling language and associated inference of scenarios from a domain. Modeling a communication network for performance or fault analysis involves capturing the dynamic model of a network. These involve capturing network events and also network concepts. Network modeling also involves uncertainties about configuration and differing network contexts. We suggest and use an object oriented fuzzy cognitive map (OOFCM) to describe a communication network for the purpose of fault and performance monitoring. An OOFCM is more expressive and allows modeling the communication network domain more naturally. They allow reusability of classes, allow encoding network hierarchies and also help capture dependencies between network entities.",ieee,llm,0.890,unreviewed,,doi:10.1109/nafips.2000.877463
discarded,The first approach to object oriented programming for LabVIEW real-time targets,D. Beck; H. Brand; C. Karagiannis; C. Rauth,2006,IEEE Transactions on Nuclear Science,10.1109/TNS.2006.873532,https://ieeexplore.ieee.org/document/1644967/,supports-claim; adjacent-subtopic,"For the first time, an object oriented approach is used together with LabVIEW RT. This real-time variant of the well known graphical programming language is based on the PharLap OS. This allows for two different scenarios. First, existing object oriented LabVIEW code developed for MS Windows and Linux platforms can be reused on a real-time platform, next to a time-critical loop with high priority. The reusability of existing code drastically reduces the development time for complex data acquisition and control systems, based on PXI or cPCI platforms. Second, small PAC systems like the FieldPoint series from National Instruments have limited CPU power and memory. However, dedicated classes allow the usage of an object oriented approach and serve to integrate such sub-systems to larger SCADA systems.",ieee,llm_reviewed,0.900,changed,kept->discarded,doi:10.1109/tns.2006.873532
discarded,Panel at the ICSR'94: Reuse in Asia,M.J. Matsumoto,1994,Proceedings of 1994 3rd International Conference on Software Reuse,10.1109/ICSR.1994.365784,https://ieeexplore.ieee.org/document/365784/,adjacent-subtopic,"Several vital software reuse activities have been undertaken by key researchers and practitioners from Asian industries, professional societies, government sponsored projects, and academia. Industrial software reuse activities are driving forces which bring about reuse technological breakthrough. The object-oriented principle is one which has been adopted by many practitioners. Some of the issues involved are how platform-independent, domain-specific components can be provided, how the reuser can easily retrieve the right artifact from multi-libraries, how easily the reuser can reuse several different LOA artifacts in building an entire system in a coherent way, and so on. Another point of debate is which activity has priority, technical transfer or further innovative research.<>",ieee,llm,0.680,unreviewed,,doi:10.1109/icsr.1994.365784
discarded,Applying object-oriented technology to embedded software,N. Ikeda; K. Matsumoto; Y. Kageyama; T. Kishimoto; H. Nukushina; M. Isshiki,1997,Proceedings of TOOLS USA 97. International Conference on Technology of Object Oriented Systems and Languages,10.1109/TOOLS.1997.654695,https://ieeexplore.ieee.org/document/654695/,supports-claim; adjacent-subtopic,"The results and new technology proposal of applying object-oriented technologies to embedded control software are discussed in this paper. The following obstacles exist when we apply object-oriented technologies to embedded control software: (1) the analysis and design method for control algorithms and the method of reusing them as software components, and (2) the size reduction method limiting the advantages of object-oriented technologies. We propose solutions for each of them. First, we extend the usual object-oriented analysis method; the object structures are identified based on the structure of the control algorithms. Second, we give a hierarchical implementation architecture on small microcomputers. We use assembly language at the lower level of this architecture, and the use of the C++ language is restricted to the upper level. We show this mixed use of an object-oriented language with assembly language gives the expected balance of productivity and performance.",ieee,llm_reviewed,0.820,changed,kept->discarded,doi:10.1109/tools.1997.654695
discarded,Object-oriented programming for structured procedural programmers,E.H. Khan; M. Al-A'ali; M.R. Girgis,1995,Computer,10.1109/2.467579,https://ieeexplore.ieee.org/document/467579/,adjacent-subtopic,Object orientation is attracting much attention these days but may still be unfamiliar to some. This tutorial illustrates the differences between the object-oriented and structured-procedural programming (SPP) paradigms using working programs. It also shows how to migrate from the SPP methodology to object technology.<>,ieee,llm,0.960,unreviewed,,doi:10.1109/2.467579
kept,Success and failure factors in software reuse,M. Morisio; M. Ezran; C. Tully,2002,IEEE Transactions on Software Engineering,10.1109/TSE.2002.995420,https://ieeexplore.ieee.org/document/995420/,qualifies-claim; mot,"This paper aims at identifying some of the key factors in adopting or running a company-wide software reuse program. Key factors are derived from empirical evidence of reuse practices, as emerged from a survey of projects for the introduction of reuse in European companies: 24 such projects performed from 1994 to 1997 were analyzed using structured interviews. The projects were undertaken in both large and small companies, working in a variety of business domains, and using both object-oriented and procedural development approaches. Most of them produce software with high commonality between applications, and have at least reasonably mature processes. Despite that apparent potential for success, around one-third of the projects failed. Three main causes of failure were not introducing reuse-specific processes, not modifying nonreuse processes, and not considering human factors. The root cause was a lack of commitment by top management, or nonawareness of the importance of those factors, often coupled with the belief that using the object-oriented approach or setting up a repository seamlessly is all that is necessary to achieve success in reuse. Conversely, successes were achieved when, given a potential for reuse because of commonality among applications, management committed to introducing reuse processes, modifying nonreuse processes, and addressing human factors.",ieee,llm_reviewed,0.990,confirmed,,doi:10.1109/tse.2002.995420
discarded,Software reuse technology practices and assessment tool-kit,N. Nada; L. Luqi; M. Shing; D. Rine; E. Damiani; S. Tuwaim,2000,Proceedings. 34th International Conference on Technology of Object-Oriented Languages and Systems - TOOLS 34,10.1109/TOOLS.2000.868981,https://ieeexplore.ieee.org/document/868981/,adjacent-subtopic,The paper focuses on a CBS module of Knowledge-Based Tutoring System for Software Reuse Practices. The paper presents a public CBS using a validated Software Reuse Reference Model (SRRM). A CBS-SRRM allows the software engineer to improve reuse practice by being tutored with selected course material based on the user profile. This material is combined with actual practice based knowledge derived from different case studies from software development organizations' reuse practices. A CBS-SRRM provides software engineers with a way to be tutored using positive lessons learned by other organizations. Our research focuses on achieving more effective means for software development organizations to find alternative educational (training) solutions to problems in software reuse practices.,ieee,llm,0.830,unreviewed,,doi:10.1109/tools.2000.868981
