status,title,authors,year,venue,doi,url,tags,abstract,provider,decision_source,llm_confidence,llm_review_outcome,llm_change_direction,paper_id
discarded,ThreadAbs: A template to build verified thread-local interfaces with software scheduler abstractions,"Kim, Jieung; Koenig, Jeremie; Chen, Hao; Gu, Ronghui; Shao, Zhong",2024,JOURNAL OF SYSTEMS ARCHITECTURE,10.1016/j.sysarc.2023.103046,https://www.webofscience.com/wos/woscc/full-record/WOS:001148216600001,adjacent-subtopic,"This paper presents ThreadAbs, an extension of the layer-based software formal verification toolkit CCAL (Gu et al., 2018). ThreadAbs is specifically designed to provide better expressiveness and proof management for thread abstraction in multithreaded libraries. Thread abstraction isolates the behavior of each thread from others when providing a top-level formal specification for software. Compared to the original CCAL, ThreadAbs offers significant improvements in this regard.CCAL is a verification framework that enables a layered approach to building certified software, as demonstrated by multiple examples (Gu et al. 2016; Li et al. 2021; Shin et al. 2019). Obviously, its main targets usually include multithread libraries, which support significant improvement in the utilization and isolation of system resources. However, it poses new challenges for formal verification. Firstly, it requires a sudden change in the granularity of concurrency during the implementation and verification of the target software. Typically, systems are associated with software schedulers that are built on top of several underlying components in the system (e.g., thread spawn, yield, sleep, and wake-up). Due to the software scheduler, these systems can be divided into low-level components consisting of modules that the software scheduler depends on (e.g., allocators for shared resources and scheduling queues) and high-level components that use software schedulers (e.g., condition variables, semaphores, and IPCs). Therefore, software formal verification on those systems has to provide proper method to deal with those distinct features, which is usually abstracting other threads' behavior as much as possible to provide an independent thread model and its formal specification. Secondly, it requires handling side effects from other threads, such as dynamic resource allocation from parents with proper isolation of all threads from each other.CCAL has limited support for two crucial aspects of formal verification in multithreaded systems. Firstly, its previous thread abstraction method does not handle the side effects caused by a parent thread during dynamic initial state allocation properly. Secondly, the proofs produced by CCAL are tied to CertiKOS, which makes it challenging to use them for similar proofs that use CCAL as their verification toolkit. To address these issues, we introduce ThreadAbs, a new mechanized methodology that provides proper thread abstraction to reason about multithreaded programs in conjunction with CCAL. We also extend the previous CertiKOS proof with ThreadAbs to demonstrate its usability and expressiveness.",wos,llm,0.910,unreviewed,,doi:10.1016/j.sysarc.2023.103046
discarded,Tydi-Chisel: Collaborative and Interface-Driven Data-Streaming Accelerators,"Cromjongh, Casper; Tian, Yongding; Hofstee, Peter; Al-Ars, Zaid",2023,"2023 IEEE NORDIC CIRCUITS AND SYSTEMS CONFERENCE, NORCAS",10.1109/NorCAS58970.2023.10305451,https://www.webofscience.com/wos/woscc/full-record/WOS:001103249500010,off-topic-false-hit,"In spite of progress on hardware design languages, the design of high-performance hardware accelerators forces many design decisions specializing the interfaces of these accelerators in ways that complicate the understanding of the design and hinder modularity and collaboration. In response to this challenge, Tydi is presented as an open specification for streaming dataflow designs in digital circuits, allowing designers to express how composite and variable-length data structures are transferred over streams using clear, data-centric types. In contrast, Chisel, with its high level of abstraction and customizability offers a suitable platform to implement Tydi-based components. In this paper, Tydi-Chisel is presented along with an A-to-Z design-process description. Tydi-Chisel aims to simplify the design of data-streaming accelerators through the integration of the Tydi interface standard in Chisel, along with helper components and syntax sugar. In combination Chisel and Tydi help bridge the hardware-software divide, making solo-design and collaboration between designers easier.",wos,llm,0.980,unreviewed,,doi:10.1109/norcas58970.2023.10305451
discarded,New computational tools for chemical kinetics: the Cathedral Package,"Ferro-Costas, David; Fernandez-Ramos, Antonio",2023,THEORETICAL CHEMISTRY ACCOUNTS,10.1007/s00214-023-03012-w,https://www.webofscience.com/wos/woscc/full-record/WOS:001041241200004,off-topic-false-hit,"The advent of recent technological developments in software engineering has enabled the exploration of reaction mechanisms inside intricate reaction networks, thereby propelling the beginning of a new era in ab initio kinetics. While it is feasible to consider a substantial number of reactions, determining their rate constants with precision remains an arduous task, even for gas-phase processes. The difficulties are attributed not only to the inherent limitations in the calculation methodology but also to the manual labor and extensive chemical dynamics required, rendering these calculations inaccessible to the general public. As such, there is a pressing need for the development of automated codes and user-friendly interfaces to address this limitation. The present work focuses on the introduction of the Cathedral package, a unified computational code comprising the Q2DTor, TorsiFlex, and Pilgrim programs. This package serves to bridge the gap between theoretical studies in chemical kinetics and non-specialist users, making it more accessible and user-friendly.",wos,llm,0.990,unreviewed,,doi:10.1007/s00214-023-03012-w
discarded,"UnoAPI: Balancing Performance, Portability, and Productivity (P3) in HPC Education","Läufer, Konstantin; Thiruvathukal, George K.",2022,2022 IEEE/ACM INTERNATIONAL WORKSHOP ON EDUCATION FOR HIGH PERFORMANCE COMPUTING (EDUHPC),10.1109/EduHPC56719.2022.00006,https://www.webofscience.com/wos/woscc/full-record/WOS:000968684800001,adjacent-subtopic,"oneAPI is a major initiative by Intel aimed at making it easier to program heterogeneous architectures used in high-performance computing using a unified application programming interface (API). While raising the abstraction level via a unified API represents a promising step for the current generation of students and practitioners to embrace high-performance computing, we argue that a curriculum of well-developed software engineering methods and well-crafted exemplars will be necessary to ensure interest by this audience and those who teach them. We aim to bridge the gap by developing a curriculum-codenamed UnoAPI-that takes a more holistic approach by looking beyond language and framework to include the broader development ecosystem, similar to the experience found in popular HPC languages such as Python. We hope to make parallel programming a more attractive option by making it look more like general application development in modern languages being used by most students and educators today. Our curriculum emanates from the perspective of well-crafted exemplars from the foundations of computer systems-given that most HPC architectures of interest begin from the systems tradition-with an integrated treatment of essential principles of distributed systems, programming languages, and software engineering. We argue that a curriculum should cover the essence of these topics to attract students to HPC and enable them to confidently solve computational problems using oneAPI. By the time of this submission, we have shared our materials with a small group of undergraduate sophomores, and their responses have been encouraging in terms of self-reported comprehension and ability to reproduce the compilation and execution of exemplars on their personal systems. We plan a follow-up study with a larger cohort by incorporating some of our materials in our existing course on High-Performance Computing.",wos,llm,0.890,unreviewed,,doi:10.1109/eduhpc56719.2022.00006
discarded,Modularization in Belief-Desire-Intention agent programming and artifact-based environments,"Ortiz-Hernandez, Gustavo; Guerra-Hernandez, Alejandro; Hubner, Jomi F.; Arturo Luna-Ramirez, Wulfrano",2022,PEERJ COMPUTER SCIENCE,10.7717/peerj-cs.1162,https://www.webofscience.com/wos/woscc/full-record/WOS:000919669600002,supports-claim; adjacent-subtopic,"This article proposes an extension for the Agents and Artifacts meta-model to enable modularization. We adopt the Belief-Desire-Intention (BDI) model of agency to represent independent and reusable units of code by means of modules. The key idea behind our proposal is to take advantage of the syntactic notion of namespace, i.e., a unique symbol identifier to organize a set of programming elements. On this basis, agents can decide in BDI terms which beliefs, goals, events, percepts and actions will be independently handled by a particular module. The practical feasibility of this approach is demonstrated by developing an auction scenario, where source code enhances scores of coupling, cohesion and complexity metrics, when compared against a non-modular version of the scenario. Our solution allows to address the namecollision issue, provides a use interface for modules that follows the information hiding principle, and promotes software engineering principles related to modularization such as reusability, extensibility and maintainability. Differently from others, our solution allows to encapsulate environment components into modules as it remains independent from a particular BDI agent-oriented programming language.",wos,llm_reviewed,0.970,changed,kept->discarded,doi:10.7717/peerj-cs.1162
discarded,Software variability in service robotics,"Garcia, Sergio; Strueber, Daniel; Brugali, Davide; Di Fava, Alessandro; Pelliccione, Patrizio; Berger, Thorsten",2023,EMPIRICAL SOFTWARE ENGINEERING,10.1007/s10664-022-10231-5,https://www.webofscience.com/wos/woscc/full-record/WOS:000903614800001,adjacent-subtopic,"Robots artificially replicate human capabilities thanks to their software, the main embodiment of intelligence. However, engineering robotics software has become increasingly challenging. Developers need expertise from different disciplines as well as they are faced with heterogeneous hardware and uncertain operating environments. To this end, the software needs to be variable-to customize robots for different customers, hardware, and operating environments. However, variability adds substantial complexity and needs to be managed-yet, ad hoc practices prevail in the robotics domain, challenging effective software reuse, maintenance, and evolution. To improve the situation, we need to enhance our empirical understanding of variability in robotics. We present a multiple-case study on software variability in the vibrant and challenging domain of service robotics. We investigated drivers, practices, methods, and challenges of variability from industrial companies building service robots. We analyzed the state-of-the-practice and the state-of-the-art-the former via an experience report and eleven interviews with two service robotics companies; the latter via a systematic literature review. We triangulated from these sources, reporting observations with actionable recommendations for researchers, tool providers, and practitioners. We formulated hypotheses trying to explain our observations, and also compared the state-of-the-art from the literature with the-state-of-the-practice we observed in our cases. We learned that the level of abstraction in robotics software needs to be raised for simplifying variability management and software integration, while keeping a sufficient level of customization to boost efficiency and effectiveness in their robots' operation. Planning and realizing variability for specific requirements and implementing robust abstractions permit robotic applications to operate robustly in dynamic environments, which are often only partially known and controllable. With this aim, our companies use a number of mechanisms, some of them based on formalisms used to specify robotic behavior, such as finite-state machines and behavior trees. To foster software reuse, the service robotics domain will greatly benefit from having software components-completely decoupled from hardware-with harmonized and standardized interfaces, and organized in an ecosystem shared among various companies.",wos,llm,0.960,unreviewed,,doi:10.1007/s10664-022-10231-5
discarded,Yggdrasil Decision Forests: A Fast and Extensible Decision Forests Library,"Guillame-Bert, Mathieu; Bruch, Sebastian; Stotz, Richard; Pfeifer, Jan",2023,"PROCEEDINGS OF THE 29TH ACM SIGKDD CONFERENCE ON KNOWLEDGE DISCOVERY AND DATA MINING, KDD 2023",10.1145/3580305.3599933,https://www.webofscience.com/wos/woscc/full-record/WOS:001118896304010,supports-claim; adjacent-subtopic,"Yggdrasil Decision Forests is a library for the training, serving and interpretation of decision forest models, targeted both at research and production work, implemented in C++, and available in C++, command line interface, Python (under the name TensorFlow Decision Forests), JavaScript, Go, and Google Sheets (under the name Simple ML for Sheets). The library has been developed organically since 2018 following a set of four design principles applicable to machine learning libraries and frameworks: simplicity of use, safety of use, modularity and high-level abstraction, and integration with other machine learning libraries. In this paper, we describe those principles in detail and present how they have been used to guide the design of the library. We then showcase the use of our library on a set of classical machine learning problems. Finally, we report a benchmark comparing our library to related solutions.",wos,llm_reviewed,0.720,changed,kept->discarded,doi:10.1145/3580305.3599933
discarded,Decomposing Software Verification into Off-the-Shelf Components: An Application to CEGAR,"Beyer, Dirk; Haltermann, Jan; Lemberger, Thomas; Wehrheim, Heike",2022,2022 ACM/IEEE 44TH INTERNATIONAL CONFERENCE ON SOFTWARE ENGINEERING (ICSE 2022),10.1145/3510003.3510064,https://www.webofscience.com/wos/woscc/full-record/WOS:000832185400044,supports-claim; adjacent-subtopic,"Techniques for software verification are typically realized as cohesive units of software with tightly coupled components. This makes it difficult to re-use components, and the potential for workload distribution is limited. Innovations in software verification might find their way into practice faster if provided in smaller, more specialized components.

In this paper, we propose to strictly decompose software verification: the verification task is split into independent subtasks, implemented by only loosely coupled components communicating via clearly defined interfaces. We apply this decomposition concept to one of the most frequently employed techniques in software verification: counterexample-guided abstraction refinement (CEGAR). CEGAR is a technique to iteratively compute an abstract model of the system. We develop a decomposition of CEGAR into independent components with clearly defined interfaces that are based on existing, standardized exchange formats. Its realization component-based CEGAR (C-CEGAR) concerns the three core tasks of CEGAR: abstract-model exploration, feasibility check, and precision refinement. We experimentally show that - despite the necessity of exchanging complex data via interfaces - the efficiency thereby only reduces by a small constant factor while the precision in solving verification tasks even increases. We furthermore illustrate the advantages of C-CEGAR by experimenting with different implementations of components, thereby further increasing the overall effectiveness and testing that substitution of components works well.",wos,llm_reviewed,0.850,changed,kept->discarded,doi:10.1145/3510003.3510064
discarded,Digital-enabled Design for Manufacture and Assembly (DfMA) in offsite construction: A modularity perspective for the product and process integration,"Tan, Tan; Mills, Grant; Papadonikolaki, Eleni; Li, Baofeng; Huang, Jing",2023,ARCHITECTURAL ENGINEERING AND DESIGN MANAGEMENT,10.1080/17452007.2022.2104208,https://www.webofscience.com/wos/woscc/full-record/WOS:000829900800001,off-topic-false-hit,"This study aims to use modularity to impact various facets of Design for Manufacture and Assembly (DfMA) and explore the relationship between product modularity, process modularity, and DfMA within the context of Offsite Construction (OSC). The study fills this gap through an exploratory single case study by identifying perceptual measures of these three concepts. The study shows the alignment between multi-dimensionality of modularity, such as product modularity and process modularity, enhances the capability of DfMA. From a modularity perspective, the reconfiguration of abstraction, information hiding, and interface is an essential strategy to change the traditional design process. This reconfiguration is to adapt to the new scenarios brought by OSC and digital fabrication technologies and the new design tasks associated with these scenarios. This study has theoretical implications for the modular approach to DfMA and practical implications for those who expect digital fabrication techniques in offsite construction.",wos,llm,0.990,unreviewed,,doi:10.1080/17452007.2022.2104208
discarded,Verified Software Units,"Beringer, Lennart",2021,"PROGRAMMING LANGUAGES AND SYSTEMS, ESOP 2021",10.1007/978-3-030-72019-3_5,https://www.webofscience.com/wos/woscc/full-record/WOS:000787775800005,supports-claim; adjacent-subtopic,"Modularity - the partitioning of software into units of functionality that interact with each other via interfaces - has been the mainstay of software development for half a century. In case of the C language, the main mechanism for modularity is the compilation unit / header file abstraction. This paper complements programmatic modularity for C with modularity idioms for specification and verification in the context of Verifiable C, an expressive separation logic for CompCert Clight. Technical innovations include (i) abstract predicate declarations - existential packages that combine Parkinson & Bierman's abstract predicates with their client-visible reasoning principles; (ii) residual predicates, which help enforcing data abstraction in callback-rich code; and (iii) an application to pure (Smalltalk-style) objects that connects code verification to model-level reasoning about features such as subtyping, self, inheritance, and late binding. We introduce our techniques using concrete example modules that have all been verified using the Coq proof assistant and combine to fully linked verified programs using a novel, abstraction-respecting component composition rule for Verifiable C.",wos,llm_reviewed,0.940,changed,kept->discarded,doi:10.1007/978-3-030-72019-3_5
discarded,Seamless Integration of Hardware Interfaces in UML-based MDSE Tools,"Huning, Lars; Osterkamp, Timo; Schaarschmidt, Marco; Pulvermueller, Elke",2021,PROCEEDINGS OF THE 16TH INTERNATIONAL CONFERENCE ON SOFTWARE TECHNOLOGIES (ICSOFT),10.5220/0010575802330244,https://www.webofscience.com/wos/woscc/full-record/WOS:000777981500023,off-topic-false-hit,"Model-Driven Software Engineering (MDSE) promotes the use of models for software development. One application of MDSE is the development of embedded systems, whose size and complexity are growing steadily. Usage of MDSE for embedded systems often consists of creating high-level architectures, e.g., with the Unified Modeling Language (UML), while the actual implementation of the system is done manually. One reason for this is the semantic gap between high-level UML models and the low-level programming associated with microcontrollers, i.e., imperative programming at the register level. This paper proposes an approach for the seamless integration of hardware interfaces, e.g., GPIOs or UARTs, in UML-based MDSE tools. This enables developers to create their application continously in the MDSE tool, instead of resorting to manual programming outside the environment of the MDSE tool. For this, we present an approach that describes how object-oriented hardware abstraction layers may be seamlessly integrated in MDSE tools. Furthermore, we provide a GUI tool for hardware interfaces that enables the initial configuration of these interfaces. An automatic code generation approach may subsequently be used to generate the initialization code for the hardware interfaces of a microcontroller. We present a use case for our approach in which the software application of an embedded system is ported to several other microcontrollers from different manufacturers.",wos,llm,0.980,unreviewed,,doi:10.5220/0010575802330244
