status,title,authors,year,venue,doi,url,tags,abstract,provider,decision_source,llm_confidence,llm_review_outcome,llm_change_direction,paper_id
discarded,A use case-oriented user interface framework,E. Kantorowitz; A. Lyakas; A. Myasqobsky,2003,Proceedings 2003 Symposium on Security and Privacy,10.1109/SWSTE.2003.1245429,https://ieeexplore.ieee.org/document/1245429/,adjacent-subtopic,"Interactive computer applications are sometimes specified by their use cases. These specifications are often formulated in a natural language to enable domain experts, that are not familiar with formal notations, to validate their usefulness. A use case-oriented application framework facilitates manual translation of the natural language specifications into high level code, whose equivalence with the specifications is easy to establish. The purpose is to reduce the costs of both verification and coding. A previous framework of this kind achieved its high level by providing most of the graphical user interface (GUI) code. However, the automatically produced GUI was not always satisfactory. We report on advances achieved by more intelligent user interface construction framework. We introduce a new kind of user interface component, called use case displayer, that enables an almost automatic generation of the user interface of the entire application. The framework was tested in a student laboratory, where it reduced the implementation effort, leaving most of the time (10 of the 15 available weeks) for requirements elicitation, specification development and validation. As expected, the designs produced had a higher level of usability than found in comparable student laboratories. At this stage the framework is useful for student laboratories. More research is required to assess its suitability for industrial use.",ieee,llm,0.910,unreviewed,,doi:10.1109/swste.2003.1245429
discarded,A Metamodel for a DSL to Design Decision Support Systems in Smart Tourism,Charaf Ouaddi; Lamya Benaddi; Adnane Souha; Lahbib Naimi; El mahi Bouziane; Abdeslam Jakimi,2024,2024 International Conference on Decision Aid Sciences and Applications (DASA),10.1109/DASA63652.2024.10836366,https://ieeexplore.ieee.org/document/10836366/,adjacent-subtopic,"The development of Decision Support Systems (DSS) for several companies operating in sectors such as tourism, healthcare, or others, presents significant challenges due to the nature of their multi-component architecture. A typical DSS consists of a data component, a model component incorporating machine learning and deep learning techniques, and a user interface component, each one requires diverse technologies. This complexity increases development time and effort, hindering the efficient design of DSS tailored to specific domains like tourism, where real-time decision-making is essential. One promising approach to overcome these challenges is the use of Domain-Specific Languages (DSLs). DSLs allow developers to model and generate code more efficiently by providing high-level abstractions suited to the domain. By leveraging DSLs, it is possible to simplify the design process and automate the generation of code or parts of the DSS, thereby reducing the overall complexity and time required for development. This paper proposes a metamodel for designing DSS, specifically for the Smart Tourism sector. The metamodel serves as a foundation for the creation of DSL. The goal is to provide a solution to facilitate the development of DSS for the demands of tourism. The paper outlines the key concepts, approach, and results, presenting the first element of the proposed DSL which is the metamodel capturing the essential components and relationships for DSS in Smart Tourism.",ieee,llm,0.860,unreviewed,,doi:10.1109/dasa63652.2024.10836366
discarded,EDEN: an integrated computer-aided software engineering environment,S.S. Erdogan; S. McFarr; D. Maglidt,1989,Eighth Annual International Phoenix Conference on Computers and Communications. 1989 Conference Proceedings,10.1109/PCCC.1989.37413,https://ieeexplore.ieee.org/document/37413/,adjacent-subtopic,"EDEN, a computer-aided software engineering (CASE) environment, is currently being developed. The objective of this project is to integrate structure design methodologies, software module libraries, and rigorous testing through the entire software life-cycle. In addition to supporting each phase of the life-cycle, EDEN will provide project management tools such as metrics analysis, configuration management, and quality assurance compliance. An important concept inherent in this research is that an effective CASE environment cannot be achieved without completely integrating the different phases through a common database system. An interactive graphics interface to shelter the EDEN user from the complexity of the system will also be developed.<>",ieee,llm,0.940,unreviewed,,doi:10.1109/pccc.1989.37413
discarded,A Unifying Reference Framework for multi-target user interfaces,Gaëlle Calvary; Joëlle Coutaz; David Thevenin; Quentin Limbourg; Laurent Bouillon; Jean Vanderdonckt,2003,Interacting with Computers,10.1016/S0953-5438(03)00010-9,https://ieeexplore.ieee.org/document/8160672/,adjacent-subtopic,"This paper describes a framework that serves as a reference for classifying user interfaces supporting multiple targets, or multiple contexts of use in the field of context-aware computing. In this framework, a context of use is decomposed into three facets: the end users of the interactive system, the hardware and software computing platform with which the users have to carry out their interactive tasks and the physical environment where they are working. Therefore, a context-sensitive user interface is a user interface that exhibits some capability to be aware of the context (context awareness) and to react to changes of this context. This paper attempts to provide a unified understanding of context-sensitive user interfaces rather than a prescription of various ways or methods of tackling different steps of development. Rather, the framework structures the development life cycle into four levels of abstraction: task and concepts, abstract user interface, concrete user interface and final user interface. These levels are structured with a relationship of reification going from an abstract level to a concrete one and a relationship of abstraction going from a concrete level to an abstract one. Most methods and tools can be more clearly understood and compared relative to each other against the levels of this framework. In addition, the framework expresses when, where and how a change of context is considered and supported in the context-sensitive user interface thanks to a relationship of translation. In the field of multi-target user interfaces is also introduced, defined, and exemplified the notion of plastic user interfaces. These user interfaces support some adaptation to changes of the context of use while preserving a predefined set of usability properties.",ieee,llm,0.970,unreviewed,,doi:10.1016/s0953-5438(03)00010-9
discarded,Software engineering environments for recoding large scale applications,J. Mahseredjian; P. Lacasse,2001,2001 IEEE Power Engineering Society Winter Meeting. Conference Proceedings (Cat. No.01CH37194),10.1109/PESW.2001.916954,https://ieeexplore.ieee.org/document/916954/,adjacent-subtopic,"This paper presents experience in software engineering for recoding a large scale power system analysis application. The application is a transient analysis package named EMTP (Electromagnetic Transients Program). Although the presented material is related only to this software, ideas, tools and methods are applicable to other power system analysis applications. There are several software engineering considerations in recoding a large scale power system application. The most important considerations are the programming languages, software development tools, code documentation methods, validation tools and interfaces. This paper presents and discusses programming language and programming tool choices for the recoded software. Some basic code documentation methods are also discussed.",ieee,llm,0.960,unreviewed,,doi:10.1109/pesw.2001.916954
discarded,A teaching and support tool for building formal models of graphical user-interfaces,S. Reeves,1996,Proceedings 1996 International Conference Software Engineering: Education and Practice,10.1109/SEEP.1996.533987,https://ieeexplore.ieee.org/document/533987/,adjacent-subtopic,"We propose the design of a tool that will allow the construction of a formal, textual description of a software system even if it has a graphical user interface as a component. An important aspect of this design is that it can be used for two purposes-the teaching of first order logic and the formal specification of graphical user interfaces. The design has been suggested by considering a system that has already been very successful for teaching first order logic, namely Tarski's World.",ieee,llm,0.970,unreviewed,,doi:10.1109/seep.1996.533987
discarded,Open graphical framework for interactive TV,P. Cesar; J. Vierinen; P. Vuorimaa,2003,"Fifth International Symposium on Multimedia Software Engineering, 2003. Proceedings.",10.1109/MMSE.2003.1254418,https://ieeexplore.ieee.org/document/1254418/,off-topic-false-hit,"Multimedia end-user terminals are expected to perform advanced user interface related tasks. These tasks are carried out by user interface runtime tools and include, among others, the visualization of complex graphics and the efficient handling of user input. In addition, the terminal's graphical system is expected, for example, to be able to synchronize audio and video, and control different contexts on the same screen. Finally, the availability of high level tools to simplify the user interface implementation and the adaptiveness of the user interfaces for a diversity of configurations are, as well, desirable features. We present a layered model that meets the just mentioned requirements. The architecture is divided into five different layers: hardware abstraction layer, multimedia cross platform libraries, graphical environment, GUI toolkit and high level languages. Moreover, a prototype system based on the architecture, targeted to digital television receivers, was implemented for the purpose of testing the validity of the concepts. In order to evaluate the prototype, some already developed MHP compliant digital television applications were tested. In addition the prototype was extended with a high level profile(i.e., SMIL support) and a low level one, (i.e., access to the frame buffer memory).",ieee,llm,0.960,unreviewed,,doi:10.1109/mmse.2003.1254418
discarded,On Interfaces to Support Agile Architecting in Automotive: An Exploratory Case Study,Rebekka Wohlrab; Patrizio Pelliccione; Eric Knauss; Rogardt Heldal,2019,2019 IEEE International Conference on Software Architecture (ICSA),10.1109/ICSA.2019.00025,https://ieeexplore.ieee.org/document/8703906/,adjacent-subtopic,"Practitioners struggle with creating and evolving an architecture when developing complex and safety-critical systems in large-scale agile contexts. A key issue is the trade-off between upfront planning and flexibility to embrace change. In particular, the coordination of interfaces is an important challenge, as interfaces determine and regulate the exchange of information between components, subsystems, and systems, which are often developed by multiple teams. In a fast-changing environment, boundary objects between teams can provide the sufficient stability to align software or systems, while maintaining a sufficient degree of autonomy. However, a better understanding of interfaces as boundary objects is needed to give practical guidance. This paper presents an exploratory case study with an automotive OEM to identify characteristics of different interfaces, from non-critical interfaces that can be changed frequently and quickly, to those that are critical and require more stability and a rigorous change process. We identify what dimensions impact how interfaces are changed, what categories of interfaces exist along these dimensions, and how categories of interfaces change over time. We conclude with suggestions for practices to manage the different categories of interfaces in large-scale agile development.",ieee,llm,0.870,unreviewed,,doi:10.1109/icsa.2019.00025
discarded,Generative Patterns for Designing Multiple User Interfaces,Thanh-Diane Nguyen; Jean Vanderdonckt; Ahmed Seffah,2016,2016 IEEE/ACM International Conference on Mobile Software Engineering and Systems (MOBILESoft),10.1145/2897073.2897084,https://ieeexplore.ieee.org/document/7832977/,adjacent-subtopic,"End users interacting with mobile services through a wide diversity of mobile devices and platforms inevitably endure various user experiences when no consistency is ensured across these devices and platforms. Developing the same service for heterogeneous devices remains a challenging task: how to ensure that the service will provide end users with the same level of user experience or at least a common minimum level of usability across software devel-opment and deployment platforms. This paper addresses this problem by introducing a generative design pattern-based approach for cross-device services: a design pattern captures frequent interactive behaviors at a higher level of abstraction than the code level, the selection of such a design pattern is then subject to parametrization so as to drive a code generation process. The pattern is not only considered descriptive, since it specifies a consistent user experience across devices, but also generative because it ensures some consistency across different devices and platforms since the pattern is instantiated in the same way for each device or platform. To exemplify this process, the master-details design pattern is detailed and illustrated on a case study for a car rental mobile service. A pilot study conducted with thirty-two participants suggests that this is a viable approach for quickly producing multi-devices services, with limited development effort, but also with limited variability.",ieee,llm,0.930,unreviewed,,doi:10.1145/2897073.2897084
discarded,A Description Method for Interactions of Graphical Interfaces,Lei Lu; Caiming Zhang; Caihong Liu,2008,2008 Fifth International Conference on Fuzzy Systems and Knowledge Discovery,10.1109/FSKD.2008.468,https://ieeexplore.ieee.org/document/4666577/,adjacent-subtopic,"Introducing the object-oriented method into basic Petri nets, we establish a concept of object subnet of the interface formally. Based on that definition, a description method for interactions of graphical user interfaces is developed, which generates a refined modeling technique of optimized standardization formalization and abstraction. The application of the method helps verify the validity of the models and advances the property assessment of the interaction. Remarkably, it helps generate the engineering prototype of a model-driven engineering application system.",ieee,llm,0.950,unreviewed,,doi:10.1109/fskd.2008.468
discarded,Design of the software framework of reconfigurable communication interface test system based on Zedboard,Yang Yuan; Yuehui Tan; Huixian Sun,2015,2015 6th IEEE International Conference on Software Engineering and Service Science (ICSESS),10.1109/ICSESS.2015.7339166,https://ieeexplore.ieee.org/document/7339166/,off-topic-false-hit,"At present, most of communication interface testing systems are developed only for a manufacturer's specific equipment and interface, with the low reuse rate of software and hardware, and the high cost of maintenance. In view of the above question, the latest high performance fully programming Zedboard is chosen as hardware platform, the custom middleware and core framework meeting the needs of communication interface reconfigurable test are designed with the in-depth research of the technology of the miniaturization of SCA, and the external interface abstraction of hardware platform and component containers of FPGA applications are designed by combining with the advantages of MHAL and OCP interface. Finally, the software framework of reconfigurable communication interface test system based on Zedboard is designed. Users could achieve reconfigurable testing of multiple communication interfaces only by changing the application components and system configuration, which could enhance the universality and flexibility of the system, improve the reusability of software and hardware of the test system, and reduce the costs of interface testing system development and maintenance.",ieee,llm,0.960,unreviewed,,doi:10.1109/icsess.2015.7339166
discarded,An Overview of 3D Software Visualization,Alfredo R. Teyseyre; Marcelo R. Campo,2009,IEEE Transactions on Visualization and Computer Graphics,10.1109/TVCG.2008.86,https://ieeexplore.ieee.org/document/4564449/,adjacent-subtopic,"Software visualization studies techniques and methods for graphically representing different aspects of software. Its main goal is to enhance, simplify and clarify the mental representation a software engineer has of a computer system. During many years, visualization in 2D space has been actively studied, but in the last decade, researchers have begun to explore new 3D representations for visualizing software. In this article, we present an overview of current research in the area, describing several major aspects like: visual representations, interaction issues, evaluation methods and development tools. We also perform a survey of some representative tools to support different tasks, i.e., software maintenance and comprehension, requirements validation and algorithm animation for educational purposes, among others. Finally, we conclude identifying future research directions.",ieee,llm,0.950,unreviewed,,doi:10.1109/tvcg.2008.86
discarded,GiPSi: a framework for open source/open architecture software development for organ-level surgical simulation,M.C. Cavusoglu; T.G. Goktekin; F. Tendick,2006,IEEE Transactions on Information Technology in Biomedicine,10.1109/TITB.2006.864479,https://ieeexplore.ieee.org/document/1613957/,adjacent-subtopic,"This paper presents the architectural details of an evolving open source/open architecture software framework for developing organ-level surgical simulations. Our goal is to facilitate shared development of reusable models, to accommodate heterogeneous models of computation, and to provide a framework for interfacing multiple heterogeneous models. The framework provides an application programming interface for interfacing dynamic models defined over spatial domains. It is specifically designed to be independent of the specifics of the modeling methods used, and therefore facilitates seamless integration of heterogeneous models and processes. Furthermore, each model has separate geometries for visualization, simulation, and interfacing, allowing the model developer to choose the most natural geometric representation for each case. Input/output interfaces for visualization and haptics for real-time interactive applications have also been provided.",ieee,llm,0.840,unreviewed,,doi:10.1109/titb.2006.864479
discarded,Sttyciar: A low-level object-oriented network programming framework,Doron Horwitz; Simon Jagoe; Barry Dwolatzkyy,2009,AFRICON 2009,10.1109/AFRCON.2009.5308176,https://ieeexplore.ieee.org/document/5308176/,adjacent-subtopic,"A new network application programming framework, called Sttyciar, is designed and implemented. Sttyciar is developed to be re-usable and easily extensible, wrapping the procedural pcap library to provide an intuitive object-oriented interface to the receiving and transmitting functionality of network interfaces attached to a host computer. The framework's layered architecture, which includes features such as buffering and statistic calculation, is detailed and a performance analysis on its capabilities is carried out. The framework is shown to be capable of operating with a throughput in excess of 100 Mbps, but this performance is dependent on the speed and architecture of the computer. The use of multi-threading and Sttyciar's ability to scale to processors with multiple cores is also outlined. Potential performance and structure improvements are identified but the framework is found to be suitable to support applications operating in live networking environments.",ieee,llm,0.830,unreviewed,,doi:10.1109/afrcon.2009.5308176
discarded,Hardware/software interface codesign for embedded systems,A.A. Jerraya; W. Wolf,2005,Computer,10.1109/MC.2005.61,https://ieeexplore.ieee.org/document/1401776/,off-topic-false-hit,Separate hardware- and software-only engineering approaches cannot meet the increasingly complex requirements of embedded systems. HW/SW interface codesign would enable the integration of components in heterogeneous multiprocessors. The authors analyze the evolution of this approach and define a long-term roadmap for future success.,ieee,llm,0.990,unreviewed,,doi:10.1109/mc.2005.61
