status,title,authors,year,venue,doi,url,tags,abstract,provider,decision_source,llm_confidence,llm_review_outcome,llm_change_direction,paper_id
discarded,Branching time and abstraction in bisimulation semantics,Rob J. van Glabbeek; W. P. Weijland,1996,Journal of the ACM,10.1145/233551.233556,https://openalex.org/W1985161650,adjacent-subtopic,"In comparative concurrency semantics, one usually distinguishes between linear time and branching time semantic equivalences. Milner's notion of observatin equivalence is often mentioned as the standard example of a branching time equivalence. In this paper we investigate whether observation equivalence really does respect the branching structure of processes, and find that in the presence of the unobservable action τ of CCS this is not the case. Therefore, the notion of branching bisimulation equivalence is introduced which strongly preserves the branching structure of processes, in the sense that it preserves computations together with the potentials in all intermediate states that are passed through, even if silent moves are involved. On closed CCS-terms branching bisimulation congruence can be completely axiomatized by the single axion scheme: a.(τ.(y+z)+y)=a.(y+z) (where a ranges over all actions) and the usual loaws for strong congruence. We also establish that for sequential processes observation equivalence is not preserved under refinement of actions, whereas branching bisimulation is. For a large class of processes, it turns out that branching bisimulation and observation equivalence are the same. As far as we know, all protocols that have been verified in the setting of observation equivalence happen to fit in this class, and hence are also valid in the stronger setting of branching bisimulation equivalence.",openalex,llm,0.940,unreviewed,,doi:10.1145/233551.233556
discarded,Hyperledger fabric,Elli Androulaki; Artem Barger; Vita Bortnikov; Christian Cachin; Konstantinos Christidis; Angelo De; David Enyeart; Christopher Ferris; Gennady Laventman; Yacov Manevich; Srinivasan Muralidharan; Chet Murthy; Binh T. Nguyen; Manish Sethi; Gari Singh; Keith Smith; Alessandro Sorniotti; Chrysoula Stathakopoulou; Marko Vukolić; Sharon Weed Cocco; Jason Yellick,2018,,10.1145/3190508.3190538,https://openalex.org/W4300127641,adjacent-subtopic,Fabric is a modular and extensible open-source system for deploying and operating permissioned blockchains and one of the Hyperledger projects hosted by the Linux Foundation (www.hyperledger.org).,openalex,llm,0.910,unreviewed,,doi:10.1145/3190508.3190538
discarded,"GALILEO: a strongly-typed, interactive conceptual language",Antonio Albano; Luca Cardelli; Renzo Orsini,1985,ACM Transactions on Database Systems,10.1145/3857.3859,https://openalex.org/W2089042876,supports-claim; adjacent-subtopic,"Galileo, a programming language for database applications, is presented. Galileo is a strongly-typed, interactive programming language designed specifically to support semantic data model features (classification, aggregation, and specialization), as well as the abstraction mechanisms of modern programming languages (types, abstract types, and modularization). The main contributions of Galileo are (a) a flexible type system to model database structure and semantic integrity constraints; (b) the inclusion of type hierarchies to support the specialization abstraction mechanisms of semantic data models; (c) a modularization mechanism to structure data and operations into interrelated units (d) the integration of abstraction mechanisms into an expression-based language that allows interactive use of the database without resorting to a new stand-alone query language. Galileo will be used in the immediate future as a tool for database design and, in the long term, as a high-level interface for DBMSs.",openalex,llm_reviewed,0.840,changed,kept->discarded,doi:10.1145/3857.3859
discarded,The Method of Levels of Abstraction,Luciano Floridi,2008,Minds and Machines,10.1007/s11023-008-9113-7,https://openalex.org/W2079455354,off-topic-false-hit,,openalex,llm,0.880,unreviewed,,doi:10.1007/s11023-008-9113-7
discarded,A delay-tolerant network architecture for challenged internets,Kevin Fall,2003,,10.1145/863955.863960,https://openalex.org/W2112316694,adjacent-subtopic,"The highly successful architecture and protocols of today's Internet may operate poorly in environments characterized by very long delay paths and frequent network partitions. These problems are exacerbated by end nodes with limited power or memory resources. Often deployed in mobile and extreme environments lacking continuous connectivity, many such networks have their own specialized protocols, and do not utilize IP. To achieve interoperability between them, we propose a network architecture and application interface structured around optionally-reliable asynchronous message forwarding, with limited expectations of end-to-end connectivity and node resources. The architecture operates as an overlay above the transport layers of the networks it interconnects, and provides key services such as in-network data storage and retransmission, interoperable naming, authenticated forwarding and a coarse-grained class of service.",openalex,llm,0.920,unreviewed,,doi:10.1145/863955.863960
discarded,Object-oriented application frameworks,Mohamed E. Fayad; Douglas C. Schmidt,1997,Communications of the ACM,10.1145/262793.262798,https://openalex.org/W1985757471,supports-claim; adjacent-subtopic,"Object-oriented application frameworks are a promising technology for reifying proven software designs and implementations in order to reduce the cost and improve the quality of software.A framework is a reusable, ""semi-complete'' application that can be specialized to produce custom applications [7,10].In contrast to earlier OO reuse techniques based on class libraries, frameworks are targeted for particular business units (such as data processing or cellular communications) and application domains (such as user interfaces or real-time avionics) [11].Frameworks like MacApp, ET++, Interviews, ACE, Microsoft's MFC and DCOM, JavaSoft's RMI, and implementations of OMG's CORBA play an increasingly important role in contemporary software development.The primary benefits of OO application frameworks stem from the modularity, reusability, extensibility, and inversion of control they provide to developers.Frameworks enhance modularity by encapsulating volatile implementation details behind stable interfaces.Framework modularity helps improve software quality by localizing the impact of design and implementation changes, which reduces the effort required",openalex,llm_reviewed,0.980,changed,kept->discarded,doi:10.1145/262793.262798
discarded,AI_MDD Approaches for Generating Adaptive and Intelligent UIs: A Systematic Literature Review,"Aljabri, Ahmad; Hijazi, Haytham; Al-Salamin, Sami; Khemaja, Maha",2026,JOURNAL OF ADVANCED COMPUTATIONAL INTELLIGENCE AND INTELLIGENT INFORMATICS,10.20965/jaciii.2026.p1620,https://www.webofscience.com/wos/woscc/full-record/WOS:001881395400024,adjacent-subtopic,"This study presents a combined bibliometric analysis and systematic literature review of artificial intelligence (AI)_model-driven development (MDD) approaches for generating adaptive and intelligent user interfaces. Based on an initial set of 3,335 records retrieved from Scopus, a structured filtering process following preferred reporting items for systematic reviews and metaanalyses guidelines resulted in 51 relevant studies for in-depth analysis. The findings indicate a rapid growth in research within this area, particularly over the last five years, with substantial contributions from the fields of computer science and engineering. The analysis shows that current approaches increasingly rely on integrating machine learning techniques within modeldriven pipelines to support context-aware adaptation, particularly in emerging environments such as augmented reality, virtual reality, virtual humans, and metaverse environments. This review further identified a set of dominant methodological trends, including AI-assisted code generation, models@runtime adaptation, and generative user interface approaches. However, several limitations remain evident in the literature, particularly regarding real-time adaptation, cross-platform interoperability, and energy efficiency. Overall, the results suggest that while AI_MDD combination has progressed toward more adaptive and intelligent interface generation, existing approaches remain largely experimental and lack standardized frameworks for deployment. These findings highlight the need for robust methodologies that combine modelbased abstraction with data-driven adaptation in a consistent and scalable manner.",wos,llm,0.940,unreviewed,,doi:10.20965/jaciii.2026.p1620
discarded,Frota 360: Toward Fleet Management System for Heterogeneous Robots Operating on Offshore Platforms,"Freitas, Gustavo M.; Mesquita, Renato C.; Pimenta, Luciano C. A.; Raffo, Guilherme V.; Junior, Gilmar P. C.; Andrade, Richard; Rezeck, Paulo; da Silva Pereira, Marcos; Baptista Pereira Nascimento, Iuro; Vangasse, Arthur C.; Mateus Gago, Reynaldo; Emilio Gonzalez Berbel, Luis; Junior, Henrique S.; Soares, Thales A.; Soares, Gabriel E.; Maggi, Lucas O.; Boaventura, Thiago; Cesar Dos Reis Filho, Renato; de Miranda Cordeiro Junior, Mauricio; Galassi, Mauricio",2026,IEEE ACCESS,10.1109/ACCESS.2026.3731117,https://www.webofscience.com/wos/woscc/full-record/WOS:001876902500027,adjacent-subtopic,"Frota 360 is a robot fleet management (RFM) framework designed to support autonomous inspection in oil and gas (O&G) facilities, where operators must coordinate heterogeneous robots under strict safety, connectivity, and cybersecurity constraints. Existing commercial solutions are typically cloud-centric, vendor-specific, or weakly integrated with mission planning and inspection workflows, while open-source frameworks such as Open robotics middleware framework (Open-RMF) primarily focus on traffic negotiation and basic task orchestration. This paper presents an on-premise, physically isolated architecture that extends Open-RMF with an O&G-oriented interoperability and supervision layer, enabling coordinated multi-robot inspection. As a work in progress, the proposed system introduces a vendor-agnostic abstraction for legacy and modern robots. We present an early iteration that extends RMF-Web with a supervisory dashboard tailored to the operational requirements of Petrobras, the leading O&G company in Brazil. The envisioned interface incorporates role-based access control via Keycloak, live streaming of camera and perception data, and 2D/3D visualization of robot states aligned with facility maps and computer-aided design (CAD) models, supporting situational awareness and operator-in-the-loop supervision in industrial environments. The ongoing development of Frota 360 is motivated by an initial in-situ analysis at Petrobras facilities using ANYmal, Spot, and the Taurob Inspector under commercial fleet management systems to identify architectural and operational limitations. We validate the architecture through a phased methodology whose results follow a middleware comparison of Zenoh against data distribution service (DDS) implementations over the experimental Wi-Fi mesh; quantitative gains from large-scale CAD loading optimizations; laboratory monitoring-task trials with two real wheeled robots, including sim-to-real timing, that exercise dispatch, live supervision, and photo generation under an isolated stack; and physics-based Gazebo experiments of multi-robot inspection timing in an offshore digital twin. Together, these experiments de-risk the communication, environment-modeling, and coordination choices that advance Frota 360 toward a deployable on-premises RFM for O&G inspection. INDEX TERMS Robot fleet management, multi-robot systems, autonomous inspection, open-RMF, heterogeneous robots.",wos,llm,0.860,unreviewed,,doi:10.1109/access.2026.3731117
discarded,Multi-Granular Information Flow Tracking in RISC-V based SoCs,"Aklekar, Dhruvakumar; Chadalavada, Vineet; Tambe, Nahush; Saqib, Fareena",2025,"2025 IEEE PHYSICAL ASSURANCE AND INSPECTION OF ELECTRONICS, PAINE",10.1109/PAINE66113.2025.11320219,https://www.webofscience.com/wos/woscc/full-record/WOS:001866387300035,off-topic-false-hit,"In modern system-on-chip (SoC) designs,the use of proprietary third-party IPs (3PIPs) offers modularity and performance benefits, but may compromise on transparency and raise concerns on data confidentiality. Attacks such as buffer overflows targeting security-critical modules can bypass traditional protection and require robust runtime security mechanisms. In this work a Multi-Granular Information Flow Tracking (MG-IFT) framework is proposed that enforces secure data flow policies across different abstraction levels. The framework addresses the limitations of single-level IFT. The Multi-Granular IFT (MG-IFT) approach combines ISA-IFT for system-wide coverage and integrates Gate Level IFT (GLIFT) to the security-critical units, such as cryptographic modules. Performance achieves high precision without significant resource overhead. A hardware implementation of ISA-IFT is demonstrated in the PicoRV32 core. The results demonstrate the feasibility of deploying MG-IFT in real hardware, moving beyond conceptual models toward implementable security-enhanced SoCs.",wos,llm,0.970,unreviewed,,doi:10.1109/paine66113.2025.11320219
discarded,"Transport Network Management and Orchestration in 6G O-RAN: Standards, Frameworks, and Proposals","Alam, Khurshid; Habibi, Mohammad Asif; Costa-Perez, Xavier; Debbah, Merouane; Dutta, Ashutosh; Schotten, Hans D.",2026,IEEE OPEN JOURNAL OF THE COMMUNICATIONS SOCIETY,10.1109/OJCOMS.2026.3726447,https://www.webofscience.com/wos/woscc/full-record/WOS:001868055500001,adjacent-subtopic,"The evolution toward disaggregated, cloud-native, and multi-vendor architectures, as demonstrated by the open radio access network (O-RAN), together with the stringent performance requirements of sixth-generation (6G) networks, necessitates advanced transport network (TN) management and orchestration (M&O). Such capabilities are critical to ensure deterministic performance, flexible service provisioning, and scalable automation across fronthaul (FH), midhaul (MH), and backhaul (BH). In this context, the study of end-to-end (E2E) TN M&O requires a comprehensive examination of the contributions and perspectives of diverse standards development organizations (SDOs). Despite substantial standardization efforts, E2E TN M&O remains insufficiently addressed in the research literature. To bridge this gap, this paper presents a systematic and in-depth analysis of TN M&O. Specifically, we review and critically assess the contributions of major SDOs, with emphasis on TN M&O frameworks, control abstractions, and interface specifications. We then examine TN M&O in O-RAN, focusing on the role of the service management and orchestration (SMO) framework. Furthermore, we analyze its capabilities and current limitations in achieving a unified E2E orchestration across the RAN, TN, and core network (CN) domains. Moreover, we conduct a comparative assessment of major SDOs, open-source initiatives, and commercial solutions regarding their contributions to TN M&O. Building on this analysis, the paper proposes a unified architectural framework that explicitly integrates TN M&O within the SMO, leveraging key principles from a set of standard-compliant frameworks. The proposed architecture enables coordinated M&O of compute, storage, and TN resources. It supports multi-layer and multi-domain orchestration, as well as closed-loop service assurance, establishing a unified control plane for E2E network operation. Finally, this paper synthesizes the lessons learned from standards activities, open-source initiatives, commercial solutions, and architectural proposals. It identifies critical research challenges that must be addressed to realize fully integrated, scalable, and adaptive TN M&O in 6G. Together, these contributions establish a structured foundation for advancing TN M&O as a core enabler of 6G O-RAN.",wos,llm,0.950,unreviewed,,doi:10.1109/ojcoms.2026.3726447
discarded,CloudAtion: A Functional Programming Framework for Cloud-Native Container Resource Management,"Xie, Yi; Zheng, Jianbo; Luo, Hongye; Tang, Weijie; Li, Congkai",2025,"2025 IEEE INTERNATIONAL CONFERENCE ON CLOUD COMPUTING TECHNOLOGY AND SCIENCE, CLOUDCOM",10.1109/CLOUDCOM67567.2025.11331577,https://www.webofscience.com/wos/woscc/full-record/WOS:001803247500080,supports-claim; adjacent-subtopic,"Cloud-native technologies have become a cornerstone of modern enterprise computing, yet they continue to face two major challenges compared to traditional software development: complex configuration and operations, and excessive resource consumption. These limitations often hinder adoption by small and medium-sized enterprises as well as individual developers. In this paper, we present CloudAtion, a functional programming framework for cloud-native container resource management. CloudAtion introduces functional abstractions into container image construction and runtime orchestration, enabling efficient resource reclamation and reduced operational overhead. In addition, the framework provides a visual programming interface to simplify configuration and reduce development complexity. Experimental evaluations show that CloudAtion achieves faster and more efficient image and container recycling compared with conventional Kubernetes and Docker mechanisms, while also reducing redundant complexity in Dockerfile specifications. Overall, the proposed framework improves runtime efficiency and offers a systematic and controllable solution for resource management in cloud-native environments, providing both theoretical insights and practical",wos,llm_reviewed,0.790,changed,kept->discarded,doi:10.1109/cloudcom67567.2025.11331577
discarded,Designing against systemic exclusion: a framework for emancipatory information security systems,"Pigola, Angelica; Meirelles, Fernando de Souza",2026,INFORMATION TECHNOLOGY & PEOPLE,10.1108/ITP-09-2025-1325,https://www.webofscience.com/wos/woscc/full-record/WOS:001814123000001,adjacent-subtopic,"Purpose As digital systems increasingly mediate access to public life, information security (InfoSec) operates as a sociotechnical and sociopolitical governance layer shaping access, visibility and contestability. CIA-triad approaches (confidentiality, integrity, availability) can reinforce exclusion when ""protection"" becomes gatekeeping, opaque decision-making or disproportionate monitoring. This study introduces the Emancipatory InfoSec Framework (EISF) to show how InfoSec can be reoriented, through design, toward emancipatory outcomes that enhance freedom, justice and plurality. Design/methodology/approach The EISF was developed through a staged systematic literature review and critical-theory-informed abductive synthesis. After deduplication, abstract-level triage and full-text eligibility assessment, a core analytical corpus informed iterative coding, abstraction and synthesis. Principles and illustrative InfoSec actions are presented as a conceptual, design-oriented theorization rather than an empirically validated model. Findings Seven recurring systemic exclusions are translated into emancipatory mechanisms organized in three blocks: freedom-oriented design (agency, voice, inclusion and rationality), justice-oriented design (reflexivity, accountability, redress and repair) and plurality-oriented design (localized and anti-colonial governance). A qualitative ""emancipatory degree"" heuristic supports prioritization by (1) the breadth of freedoms enabled, (2) the depth of structural reach (governance vs. interface) and (3) the extent to which principles institutionalize contestability and repair capacity. Research limitations/implications The EISF links exclusion patterns to design requirements (e.g. inclusive authentication, selective disclosure, auditability, and co-governed redress) while surfacing feasibility trade-offs and boundary conditions (e.g. threat models, compliance, legacy systems and organizational constraints). It also proposes a research agenda across praxis, infrastructure and epistemology, including AI-mediated security governance. Originality/value The EISF offers an integrated, critical, justice-oriented and plurality-sensitive framework that specifies how InfoSec can be designed to secure freedoms rather than condition them.",wos,llm,0.940,unreviewed,,doi:10.1108/itp-09-2025-1325
