status,title,authors,year,venue,doi,url,tags,abstract,provider,decision_source,llm_confidence,llm_review_outcome,llm_change_direction,paper_id
discarded,Investigating the Impact of Code Smells on System's Quality: An Empirical Study on Systems of Different Application Domains,Francesca Arcelli Fontana; Vincenzo Ferme; Alessandro Marino; Bartosz Walter; Pawel Martenka,2013,2013 IEEE International Conference on Software Maintenance,10.1109/ICSM.2013.37,https://ieeexplore.ieee.org/document/6676897/,adjacent-subtopic,"There are various activities that support software maintenance. Program comprehension and detection of design anomalies and their symptoms, like code smells and anti patterns, are particularly relevant for improving the quality and facilitating evolution of a system. In this paper we describe an empirical study on the detection of code smells, aiming at identifying the most frequent smells in systems of different domains and hence the domains characterized by more smells. Moreover, we study possible correlations existing among smells and the values of a set of software quality metrics using Spearman's rank correlation and Principal Component Analysis.",ieee,llm,0.970,unreviewed,,doi:10.1109/icsm.2013.37
discarded,A theoretical and empirical study of EFSM dependence,Kelly Androutsopoulos; Nicolas Gold; Mark Harman; Zheng Li; Laurence Tratt,2009,2009 IEEE International Conference on Software Maintenance,10.1109/ICSM.2009.5306309,https://ieeexplore.ieee.org/document/5306309/,adjacent-subtopic,"Dependence analysis underpins many activities in software maintenance such as comprehension and impact analysis. As a result, dependence has been studied widely for programming languages, notably through work on program slicing. However, there is comparatively little work on dependence analysis at the model level and hitherto, no empirical studies. We introduce a slicing tool for Extended Finite State Machines (EFSMs) and use the tool to gather empirical results on several forms of dependence found in ten EFSMs, including well-known benchmarks in addition to real-world EFSM models. We investigate the statistical properties of dependence using statistical tests for correlation and formalize and prove four of the empirical findings arising from our empirical study. The paper thus provides the maintainer with both empirical data and foundational theoretical results concerning dependence in EFSM models.",ieee,llm,0.950,unreviewed,,doi:10.1109/icsm.2009.5306309
discarded,Facilitating the comprehension of C-programs: an experimental study,P. Linos; P. Aubet; L. Dumas; Y. Helleboid; P. Lejeune; P. Tulula,1993,[1993] IEEE Second Workshop on Program Comprehension,10.1109/WPC.1993.263906,https://ieeexplore.ieee.org/document/263906/,supports-claim; adjacent-subtopic,"A software environment called CARE (computer-aided re-engineering) that facilitates the comprehension of existing C programs is described. Program comprehension in CARE is accomplished by visualizing program dependencies (i.e. entities and their relations). A repository of such dependencies is maintained and displayed using a graphical model which combines control and data-flow information. Moreover, CARE entails transformation tools and abstraction mechanisms that support monolithic and multiple-view organization of program dependencies. Results from an experimental study with the CARE environment has shown that the productivity of its users was increased and the quality of the changes made during a software maintenance task was improving. Finally, the lessons learned from an empirical evaluation of the CARE environment indicated that its graphical model, transformation tools and abstraction mechanisms constitute a promising platform for the comprehension of C programs.<>",ieee,llm_reviewed,0.780,changed,kept->discarded,doi:10.1109/wpc.1993.263906
discarded,A change impact model for changeability assessment in object-oriented software systems,M.A. Chaumun; H. Kabaili; R.K. Keller; F. Lustman,1999,Proceedings of the Third European Conference on Software Maintenance and Reengineering (Cat. No. PR00090),10.1109/CSMR.1999.756690,https://ieeexplore.ieee.org/document/756690/,adjacent-subtopic,"Growing maintenance costs have become a major concern for developers and users of software systems. Changeability is an important aspect of maintainability, especially in environments where software changes are frequently required. In this work, the assumption that high-level design has an influence on maintainability is carried over to changeability and investigated for quality characteristics. The approach taken to assess the changeability of an object-oriented (OO) system is to compute the impact of changes made to classes of the system. A change impact model is defined at the conceptual level and mapped on the C++ language. In order to assess the practicality of the model on large industrial software systems, an experiment involving the impact of one change is carried out on a telecommunications system. The results suggest that the software can easily absorb this kind of change and that well chosen conventional OO design metrics can be used as indicators of changeability.",ieee,llm,0.870,unreviewed,,doi:10.1109/csmr.1999.756690
discarded,Cognitive fit between conceptual schemas and internal problem representations: the case of geospatio-temporal conceptual schema comprehension,V. Khatri; I. Vessey; S. Ram; V. Ramesh,2006,IEEE Transactions on Professional Communication,10.1109/TPC.2006.875091,https://ieeexplore.ieee.org/document/1637794/,adjacent-subtopic,"Geospatio-temporal conceptual models provide a mechanism to explicitly represent geospatial and temporal aspects of applications. Such models, which focus on both ""what"" and ""when/where,"" need to be more expressive than conventional conceptual models (e.g., the ER model), which primarily focus on ""what"" is important for a given application. In this study, we view conceptual schema comprehension of geospatio-temporal data semantics in terms of matching the external problem representation (that is, the conceptual schema) to the problem-solving task (that is, syntactic and semantic comprehension tasks), an argument based on the theory of cognitive fit. Our theory suggests that an external problem representation that matches the problem solver's internal task representation will enhance performance, for example, in comprehending such schemas. To assess performance on geospatio-temporal schema comprehension tasks, we conducted a laboratory experiment using two semantically identical conceptual schemas, one of which mapped closely to the internal task representation while the other did not. As expected, we found that the geospatio-temporal conceptual schema that corresponded to the internal representation of the task enhanced the accuracy of schema comprehension; comprehension time was equivalent for both. Cognitive fit between the internal representation of the task and conceptual schemas with geospatio-temporal annotations was, therefore, manifested in accuracy of schema comprehension and not in time for problem solution. Our findings suggest that the annotated schemas facilitate understanding of data semantics represented on the schema.",ieee,llm,0.930,unreviewed,,doi:10.1109/tpc.2006.875091
discarded,Combining experiments and grounded theory to evaluate a research prototype: Lessons from the umple model-oriented programming technology,Omar Badreddin; Timothy C. Lethbridge,2012,2012 First International Workshop on User Evaluation for Software Engineering Researchers (USER),10.1109/USER.2012.6226575,https://ieeexplore.ieee.org/document/6226575/,adjacent-subtopic,"Research prototypes typically lack the level of quality and readiness required for industrial deployment. Hence, conducting realistic experimentation with professional users that reflect real life tasks is challenging. Experimentation with toy examples and tasks suffers from significant threats to external validity. Consequently, results from such experiments fail to gain confidence or mitigate risks, a prerequisite for industrial adoption. This paper presents two empirical studies conducted to evaluate a model-oriented programming language called Umple; a grounded theory study and a controlled experiment of comprehension. Evaluations of model-oriented programming is particularly challenging. First, there is a need to provide for highly sophisticated development environments for realistic evaluation. Second, the scarcity of experienced users poses additional challenges. In this paper we discuss our experiences, lessons learned, and future considerations in the evaluation of a research prototype tool.",ieee,llm,0.780,unreviewed,,doi:10.1109/user.2012.6226575
discarded,ISMM: the incremental software maintenance manager,B.G. Ryder,1989,Proceedings. Conference on Software Maintenance - 1989,10.1109/ICSM.1989.65205,https://ieeexplore.ieee.org/document/65205/,adjacent-subtopic,"The incremental software maintenance manager (ISMM) is a prototype software maintenance tool which uses incremental static analysis to assess the scope of proposed source code changes. Recently, ISMM has provided the basis for an empirical study of the calling structure of C systems. ISMM has also been used to profile the on-the-average performance of the incremental analysis algorithms. This is the first empirical evaluation of incremental analysis algorithms; it validates their usefulness, especially for large systems. The design and implementation of ISMM are described, and empirical studies of the C system calling structure are summarized.<>",ieee,llm,0.970,unreviewed,,doi:10.1109/icsm.1989.65205
discarded,"First-principles simulation: ideas, illustrations and the CASTEP code",Matthew Segall; Philip J. D. Lindan; Matt I. J. Probert; Chris J. Pickard; Philip J. Hasnip; Stewart J. Clark; Mike C. Payne,2002,Journal of Physics Condensed Matter,10.1088/0953-8984/14/11/301,https://openalex.org/W2166244948,off-topic-false-hit,"First-principles simulation, meaning density-functional theory calculations with plane waves and pseudopotentials, has become a prized technique in condensed-matter theory. Here I look at the basics of the suject, give a brief review of the theory, examining the strengths and weaknesses of its implementation, and illustrating some of the ways simulators approach problems through a small case study. I also discuss why and how modern software design methods have been used in writing a completely new modular version of the CASTEP code.",openalex,llm,0.950,unreviewed,,doi:10.1088/0953-8984/14/11/301
discarded,The click modular router,Eddie Kohler; Robert Morris; Benjie Chen; John Jannotti; M. Frans Kaashoek,2000,ACM Transactions on Computer Systems,10.1145/354871.354874,https://openalex.org/W2010365467,adjacent-subtopic,"Clicks is a new software architecture for building flexible and configurable routers. A Click router is assembled from packet processing modules called elements . Individual elements implement simple router functions like packet classification, queuing, scheduling, and interfacing with network devices. A router configurable is a directed graph with elements at the vertices; packets flow along the edges of the graph. Several features make individual elements more powerful and complex configurations easier to write, including pull connections, which model packet flow drivn by transmitting hardware devices, and flow-based router context, which helps an element locate other interesting elements. Click configurations are modular and easy to extend. A standards-compliant Click IP router has 16 elements on its forwarding path; some of its elements are also useful in Ethernet switches and IP tunnelling configurations. Extending the IP router to support dropping policies, fairness among flows, or Differentiated Services simply requires adding a couple of element at the right place. On conventional PC hardware, the Click IP router achieves a maximum loss-free forwarding rate of 333,000 64-byte packets per second, demonstrating that Click's modular and flexible architecture is compatible with good performance.",openalex,llm_reviewed,0.820,confirmed,,doi:10.1145/354871.354874
discarded,3D Slicer as an image computing platform for the Quantitative Imaging Network,Andriy Fedorov; Reinhard Beichel; Jayashree Kalpathy–Cramer; Julien Finet; Jean‐Christophe Fillion‐Robin; Sonia Pujol; Christian Alexander Bauer; Dominique L. Jennings; Fiona Fennessy; Milan Sonka; John Michael Buatti; Stephen Aylward; James V. Miller; Steve Pieper; Ron Kikinis,2012,Magnetic Resonance Imaging,10.1016/j.mri.2012.05.001,https://openalex.org/W2026616100,off-topic-false-hit,,openalex,llm,0.990,unreviewed,,doi:10.1016/j.mri.2012.05.001
discarded,A field study of the software design process for large systems,Bill Curtis; Herb Krasner; Neil Iscoe,1988,Communications of the ACM,10.1145/50087.50089,https://openalex.org/W2045571829,adjacent-subtopic,"The problems of designing large software systems were studied through interviewing personnel from 17 large projects. A layered behavioral model is used to analyze how three of these problems—the thin spread of application domain knowledge, fluctuating and conflicting requirements, and communication bottlenecks and breakdowns—affected software productivity and quality through their impact on cognitive, social, and organizational processes.",openalex,llm,0.940,unreviewed,,doi:10.1145/50087.50089
discarded,Ecological interface design: theoretical foundations,Kim J. Vicente; J. Rasmussen,1992,IEEE Transactions on Systems Man and Cybernetics,10.1109/21.156574,https://openalex.org/W2163322071,off-topic-false-hit,"A theoretical framework for designing interfaces for complex human-machine systems is proposed. The framework, called ecological interface design (EID), is based on the skills, rules, and knowledge taxonomy of cognitive control. The basic goals of EID are not to force processing to a higher level than the demands of the task require, and to support each of the three levels of cognitive control. Thus, an EID interface should not contribute to the difficulty of the task, and at the same time, it should support the entire range of activities that operators will be faced with. Three prescriptive design principles are suggested to achieve this objective, each directed at supporting a particular level of cognitive control. Particular attention is paid to presenting a coherent deductive argument justifying the principles of EID. Support for the EID framework is discussed. Some issues for future research are outlined.>",openalex,llm,0.970,unreviewed,,doi:10.1109/21.156574
discarded,On proving inductive properties of abstract data types,David R. Musser,1980,,10.1145/567446.567461,https://openalex.org/W1992371661,adjacent-subtopic,"The equational axioms of an algebraic specification of a data type (such as finite sequences) often can be formed into a convergent set of rewrite rules; i.e. such that all sequences of rewrites are finite and uniquely terminating. If one adds a rewrite rule corresponding to a data type property whose proof requires induction (such as associativity of sequence concatenation), convergence may be destroyed, but often can be restored by using the Knuth-Bendix algorithm to generate additional rules. A convergent set of rules thus obtained can be used as a decision procedure for the equational theory for the axioms plus the property added. This fact, combined with a ""full specification"" property of axiomatizations, leads to a new method of proof of inductive properties--not requiring the explicit invocation of an inductive rule of inference.",openalex,llm,0.890,unreviewed,,doi:10.1145/567446.567461
discarded,"Understanding O-RAN: Architecture, Interfaces, Algorithms, Security, and Research Challenges",Michele Polese; Leonardo Bonati; Salvatore D’Oro; Stefano Basagni; Tommaso Melodia,2023,IEEE Communications Surveys & Tutorials,10.1109/comst.2023.3239220,https://openalex.org/W4317796310,off-topic-false-hit,"The Open Radio Access Network (RAN) and its embodiment through the O-RAN Alliance specifications are poised to revolutionize the telecom ecosystem. O-RAN promotes virtualized RANs where disaggregated components are connected via open interfaces and optimized by intelligent controllers. The result is a new paradigm for the RAN design, deployment, and operations: O-RAN networks can be built with multivendor, interoperable components, and can be programmatically optimized through a centralized abstraction layer and datadriven closed-loop control. Therefore, understanding O-RAN, its architecture, its interfaces, and workflows is key for researchers and practitioners in the wireless community. In this article, we present the first detailed tutorial on O-RAN. We also discuss the main research challenges and review early research results. We provide a deep dive of the O-RAN specifications, describing its architecture, design principles, and the O-RAN interfaces. We then describe how the O-RAN RAN Intelligent Controllers (RICs) can be used to effectively control and manage 3GPP-defined RANs. Based on this, we discuss innovations and challenges of O-RAN networks, including the Artificial Intelligence (AI) and Machine Learning (ML) workflows that the architecture and interfaces enable, security, and standardization issues. Finally, we review experimental research platforms that can be used to design and test O-RAN networks, along with recent research results, and we outline future directions for O-RAN development.",openalex,llm,0.980,unreviewed,,doi:10.1109/comst.2023.3239220
discarded,PyNN: a common interface for neuronal network simulators,Andrew P. Davison,2008,Frontiers in Neuroinformatics,10.3389/neuro.11.011.2008,https://openalex.org/W2140886546,adjacent-subtopic,"Computational neuroscience has produced a diversity of software for simulations of networks of spiking neurons, with both negative and positive consequences. On the one hand, each simulator uses its own programming or configuration language, leading to considerable difficulty in porting models from one simulator to another. This impedes communication between investigators and makes it harder to reproduce and build on the work of others. On the other hand, simulation results can be cross-checked between different simulators, giving greater confidence in their correctness, and each simulator has different optimizations, so the most appropriate simulator can be chosen for a given modelling task. A common programming interface to multiple simulators would reduce or eliminate the problems of simulator diversity while retaining the benefits. PyNN is such an interface, making it possible to write a simulation script once, using the Python programming language, and run it without modification on any supported simulator (currently NEURON, NEST, PCSIM, Brian and the Heidelberg VLSI neuromorphic hardware). PyNN increases the productivity of neuronal network modelling by providing high-level abstraction, by promoting code sharing and reuse, and by providing a foundation for simulator-agnostic analysis, visualization and data-management tools. PyNN increases the reliability of modelling studies by making it much easier to check results on multiple simulators. PyNN is open-source software and is available from http://neuralensemble.org/PyNN.",openalex,llm,0.720,unreviewed,,doi:10.3389/neuro.11.011.2008
