status,title,authors,year,venue,doi,url,tags,abstract,provider,decision_source,llm_confidence,llm_review_outcome,llm_change_direction,paper_id
discarded,BLAST+: architecture and applications,Christiam Camacho; George Coulouris; Vahram Avagyan; Ning Ma; Jason S. Papadopoulos; Kevin Bealer; Thomas Madden,2009,BMC Bioinformatics,10.1186/1471-2105-10-421,https://openalex.org/W2142678478,adjacent-subtopic,"BACKGROUND: Sequence similarity searching is a very important bioinformatics task. While Basic Local Alignment Search Tool (BLAST) outperforms exact methods through its use of heuristics, the speed of the current BLAST software is suboptimal for very long queries or database sequences. There are also some shortcomings in the user-interface of the current command-line applications. RESULTS: We describe features and improvements of rewritten BLAST software and introduce new command-line applications. Long query sequences are broken into chunks for processing, in some cases leading to dramatically shorter run times. For long database sequences, it is possible to retrieve only the relevant parts of the sequence, reducing CPU time and memory usage for searches of short queries against databases of contigs or chromosomes. The program can now retrieve masking information for database sequences from the BLAST databases. A new modular software library can now access subject sequence data from arbitrary data sources. We introduce several new features, including strategy files that allow a user to save and reuse their favorite set of options. The strategy files can be uploaded to and downloaded from the NCBI BLAST web site. CONCLUSION: The new BLAST command-line applications, compared to the current BLAST tools, demonstrate substantial speed improvements for long queries as well as chromosome length database sequences. We have also improved the user interface of the command-line applications.",openalex,llm,0.970,unreviewed,,doi:10.1186/1471-2105-10-421
discarded,"Avogadro: an advanced semantic chemical editor, visualization, and analysis platform",Marcus D. Hanwell; Donald E Curtis; David C. Lonie; Tim Vandermeersch; Eva Zurek; Geoffrey Hutchison,2012,Journal of Cheminformatics,10.1186/1758-2946-4-17,https://openalex.org/W2028046413,adjacent-subtopic,"BACKGROUND: The Avogadro project has developed an advanced molecule editor and visualizer designed for cross-platform use in computational chemistry, molecular modeling, bioinformatics, materials science, and related areas. It offers flexible, high quality rendering, and a powerful plugin architecture. Typical uses include building molecular structures, formatting input files, and analyzing output of a wide variety of computational chemistry packages. By using the CML file format as its native document type, Avogadro seeks to enhance the semantic accessibility of chemical data types. RESULTS: The work presented here details the Avogadro library, which is a framework providing a code library and application programming interface (API) with three-dimensional visualization capabilities; and has direct applications to research and education in the fields of chemistry, physics, materials science, and biology. The Avogadro application provides a rich graphical interface using dynamically loaded plugins through the library itself. The application and library can each be extended by implementing a plugin module in C++ or Python to explore different visualization techniques, build/manipulate molecular structures, and interact with other programs. We describe some example extensions, one which uses a genetic algorithm to find stable crystal structures, and one which interfaces with the PackMol program to create packed, solvated structures for molecular dynamics simulations. The 1.0 release series of Avogadro is the main focus of the results discussed here. CONCLUSIONS: Avogadro offers a semantic chemical builder and platform for visualization and analysis. For users, it offers an easy-to-use builder, integrated support for downloading from common databases such as PubChem and the Protein Data Bank, extracting chemical data from a wide variety of formats, including computational chemistry output, and native, semantic support for the CML file format. For developers, it can be easily extended via a powerful plugin mechanism to support new features in organic chemistry, inorganic complexes, drug design, materials, biomolecules, and simulations. Avogadro is freely available under an open-source license from http://avogadro.openmolecules.net.",openalex,llm,0.960,unreviewed,,doi:10.1186/1758-2946-4-17
discarded,Modular software design with crosscutting interfaces,William G. Griswold; Macneil Shonle; Kevin Sullivan; Y. Song; Nishit Tewari; Yuanfang Cai; Hridesh Rajan,2006,IEEE Software,10.1109/ms.2006.24,https://openalex.org/W2126225516,supports-claim; adjacent-subtopic,"Aspect-oriented programming (AOP) languages such as AspectJ offer new mechanisms and possibilities for decomposing systems into modules and composing modules into systems. The key mechanism in AspectJ is the advising of crosscutting sets of join points. An aspect module uses a pointcut descriptor (PCD) to declaratively specify sets of points in program executions. Our approach employs crosscut programming interfaces, or XPIs. XPIs are explicit, abstract interfaces that decouple aspects from details of advised code.",openalex,llm_reviewed,0.960,changed,kept->discarded,doi:10.1109/ms.2006.24
discarded,deal.II—A general-purpose object-oriented finite element library,Wolfgang Bangerth; Ralf Hartmann; Guido Kanschat,2007,ACM Transactions on Mathematical Software,10.1145/1268776.1268779,https://openalex.org/W2102295719,supports-claim; adjacent-subtopic,"An overview of the software design and data abstraction decisions chosen for deal.II, a general purpose finite element library written in C++, is given. The library uses advanced object-oriented and data encapsulation techniques to break finite element implementations into smaller blocks that can be arranged to fit users requirements. Through this approach, deal.II supports a large number of different applications covering a wide range of scientific areas, programming methodologies, and application-specific algorithms, without imposing a rigid framework into which they have to fit. A judicious use of programming techniques allows us to avoid the computational costs frequently associated with abstract object-oriented class libraries. The paper presents a detailed description of the abstractions chosen for defining geometric information of meshes and the handling of degrees of freedom associated with finite element spaces, as well as of linear algebra, input/output capabilities and of interfaces to other software, such as visualization tools. Finally, some results obtained with applications built atop deal.II are shown to demonstrate the powerful capabilities of this toolbox.",openalex,llm_reviewed,0.920,changed,kept->discarded,doi:10.1145/1268776.1268779
discarded,The atomic simulation environment—a Python library for working with atoms,Ask Hjorth Larsen; Jens Jørgen Mortensen; Jakob Blomqvist; Ivano E. Castelli; Rune Christensen; Marcin Dułak; Jesper Friis; Michael N. Groves; Bjørk Hammer; Cory Hargus; Eric Hermes; Paul C Jennings; Peter Bjerre Jensen; James R. Kermode; John R. Kitchin; Esben L. Kolsbjerg; Joseph Kubal; Kristen Kaasbjerg; Steen Lysgaard; Jón Bergmann Maronsson; Tristan Maxson; Thomas Olsen; Lars Pastewka; Andrew A. Peterson; C. Rostgaard; Jakob Schiøtz; Ole Schütt; Mikkel Strange; Kristian Sommer Thygesen; Tejs Vegge; Lasse B. Vilhelmsen; Michael Walter; Zhenhua Zeng; Karsten W. Jacobsen,2017,Journal of Physics Condensed Matter,10.1088/1361-648x/aa680e,https://openalex.org/W2601081289,adjacent-subtopic,"The atomic simulation environment (ASE) is a software package written in the Python programming language with the aim of setting up, steering, and analyzing atomistic simulations. In ASE, tasks are fully scripted in Python. The powerful syntax of Python combined with the NumPy array library make it possible to perform very complex simulation tasks. For example, a sequence of calculations may be performed with the use of a simple 'for-loop' construction. Calculations of energy, forces, stresses and other quantities are performed through interfaces to many external electronic structure codes or force fields using a uniform interface. On top of this calculator interface, ASE provides modules for performing many standard simulation tasks such as structure optimization, molecular dynamics, handling of constraints and performing nudged elastic band calculations.",openalex,llm,0.910,unreviewed,,doi:10.1088/1361-648x/aa680e
discarded,Software engineering issues for mobile application development,Anthony I. Wasserman,2010,,10.1145/1882362.1882443,https://openalex.org/W2167293777,adjacent-subtopic,"This paper provides an overview of important software engineering research issues related to the development of applications that run on mobile devices. Among the topics are development processes, tools, user interface design, application portability, quality, and security.",openalex,llm,0.990,unreviewed,,doi:10.1145/1882362.1882443
discarded,Software Engineering for Self-Adaptive Systems: A Research Roadmap,Betty H. C. Cheng; Rogério de Lemos; Holger Giese; Paola Inverardi; Jeff Magee; Jesper Andersson; Basil Becker; Nelly Bencomo; Yuriy Brun; Bojan Čukić; Giovanna Di Marzo Serugendo; Schahram Dustdar; Anthony Finkelstein; Cristina Gacek; Kurt Geihs; Vincenzo Grassi; Gábor Karsai; Holger M. Kienle; Jeff Kramer; Marin Litoiu; Sam Malek; Raffaela Mirandola; Hausi A. Müller; Sooyong Park; Mary Shaw; Matthias Tichy; Massimo Tivoli; Danny Weyns; Jon Whittle,2009,Lecture notes in computer science,10.1007/978-3-642-02161-9_1,https://openalex.org/W175636070,adjacent-subtopic,,openalex,llm,0.930,unreviewed,,doi:10.1007/978-3-642-02161-9_1
discarded,Information hiding interfaces for aspect-oriented design,Kevin Sullivan; William G. Griswold; Yuanyuan Song; Yuanfang Cai; Macneil Shonle; Nishit Tewari; Hridesh Rajan,2005,,10.1145/1081706.1081734,https://openalex.org/W2117153488,supports-claim; adjacent-subtopic,"The growing popularity of aspect-oriented languages, such as AspectJ, and of corresponding design approaches, makes it important to learn how best to modularize programs in which aspect-oriented composition mechanisms are used. We contribute an approach to information hiding modularity in programs that use quantified advising as a module composition mechanism. Our approach rests on a new kind of interface: one that abstracts a crosscutting behavior, decouples the design of code that advises such a behavior from the design of the code to be advised, and that can stipulate behavioral contracts. Our interfaces establish design rules that govern how specific points in program execution are exposed through a given join point model and how conforming code on either side should behave. In a case study of the HyperCast overlay network middleware system, including a real options analysis, we compare the widely cited oblivious design approach with our own, showing significant weaknesses in the former and benefits in the latter.",openalex,llm_reviewed,0.990,changed,kept->discarded,doi:10.1145/1081706.1081734
discarded,Situated simulation in the human conceptual system,Lawrence W. Barsalou,2003,Language and Cognitive Processes,10.1080/01690960344000026,https://openalex.org/W2171775221,off-topic-false-hit,"Four theories of the human conceptual system—semantic memory, exemplar models, feed‐forward connectionist nets, and situated simulation theory—are characterised and contrasted on five dimensions: (1) architecture (modular vs. non‐modular), (2) representation (amodal vs. modal), (3) abstraction (decontextualised vs. situated), (4) stability (stable vs. dynamical), and (5) organisation (taxonomic vs. action–environment interface). Empirical evidence is then reviewed for the situated simulation theory, and the following conclusions are reached. Because the conceptual system shares mechanisms with perception and action, it is non-modular. As a result, conceptual representations are multi-modal simulations distributed across modality‐specific systems. A given simulation for a concept is situated, preparing an agent for situated action with a particular instance, in a particular setting. Because a concept delivers diverse simulations that prepare agents for action in many different situations, it is dynamical. Because the conceptual system’s primary purpose is to support situated action, it becomes organised around the action–environment interface.",openalex,llm,1.000,unreviewed,,doi:10.1080/01690960344000026
discarded,MDAnalysis: A Python Package for the Rapid Analysis of Molecular Dynamics Simulations,Richard J. Gowers; Max Linke; Jonathan Barnoud; Tyler J. Reddy; Manuel N. Melo; Sean Lee Seyler; Jan Domański; David Dotson; Sébastien Buchoux; Ian M. Kenney; Oliver Beckstein,2016,Proceedings of the Python in Science Conferences,10.25080/majora-629e541a-00e,https://openalex.org/W2510475640,adjacent-subtopic,"MDAnalysis (http://mdanalysis.org) is a library for structural and temporal analysis of molecular dynamics (MD) simulation trajectories and individual protein structures.MD simulations of biological molecules have become an important tool to elucidate the relationship between molecular structure and physiological function.Simulations are performed with highly optimized software packages on HPC resources but most codes generate output trajectories in their own formats so that the development of new trajectory analysis algorithms is confined to specific user communities and widespread adoption and further development is delayed.MDAnalysis addresses this problem by abstracting access to the raw simulation data and presenting a uniform object-oriented Python interface to the user.It thus enables users to rapidly write code that is portable and immediately usable in virtually all biomolecular simulation communities.The user interface and modular design work equally well in complex scripted work flows, as foundations for other packages, and for interactive and rapid prototyping work in IPython / Jupyter notebooks, especially together with molecular visualization provided by nglview and time series analysis with pandas.MDAnalysis is written in Python and Cython and uses NumPy arrays for easy interoperability with the wider scientific Python ecosystem.It is widely used and forms the foundation for more specialized biomolecular simulation tools.MDAnalysis is available under the GNU General Public License v2.",openalex,llm,0.910,unreviewed,,doi:10.25080/majora-629e541a-00e
discarded,Modular verification of software components in C,Sagar Chaki; E. M. Clarke; Alex Groce; Somesh Jha; H. Veith,2004,IEEE Transactions on Software Engineering,10.1109/tse.2004.22,https://openalex.org/W1968898611,adjacent-subtopic,"We present a new methodology for automatic verification of C programs against finite state machine specifications. Our approach is compositional, naturally enabling us to decompose the verification of large software systems into subproblems of manageable complexity. The decomposition reflects the modularity in the software design. We use weak simulation as the notion of conformance between the program and its specification. Following the counterexample guided abstraction refinement (CEGAR) paradigm, our tool MAGIC first extracts a finite model from C source code using predicate abstraction and theorem proving. Subsequently, weak simulation is checked via a reduction to Boolean satisfiability. MAGIC has been interfaced with several publicly available theorem provers and SAT solvers. We report experimental results with procedures from the Linux kernel, the OpenSSL toolkit, and several industrial strength benchmarks.",openalex,llm,0.960,unreviewed,,doi:10.1109/tse.2004.22
kept,On the criteria to be used in decomposing systems into modules,David Lorge Parnas,1972,Communications of the ACM,10.1145/361598.361623,https://openalex.org/W2134119432,supports-claim; ursprung,"This paper discusses modularization as a mechanism for improving the flexibility and comprehensibility of a system while allowing the shortening of its development time. The effectiveness of a “modularization” is dependent upon the criteria used in dividing the system into modules. A system design problem is presented and both a conventional and unconventional decomposition are described. It is shown that the unconventional decompositions have distinct advantages for the goals outlined. The criteria used in arriving at the decompositions are discussed. The unconventional decomposition, if implemented with the conventional assumption that a module consists of one or more subroutines, will be less efficient in most cases. An alternative approach to implementation which does not have this effect is sketched.",openalex,llm_reviewed,1.000,confirmed,,doi:10.1145/361598.361623
discarded,Software Engineering for Self-Adaptive Systems: A Second Research Roadmap,Rogério de Lemos; Holger Giese; Hausi A. Müller; Mary Shaw; Jesper Andersson; Marin Litoiu; Bradley R. Schmerl; Gabriel Tamura; Norha M. Villegas; Thomas Vogel; Danny Weyns; Luciano Baresi; Basil Becker; Nelly Bencomo; Yuriy Brun; Bojan Čukić; Ron Desmarais; Schahram Dustdar; Gregor Engels; Kurt Geihs; Karl Michael Goeschka; Alessandra Gorla; Vincenzo Grassi; Paola Inverardi; Gábor Karsai; Jeff Kramer; Antónia Lopes; Jeff Magee; Sam Malek; Serge Mankovskii; Raffaela Mirandola; John Mylopoulos; Oscar Nierstrasz; Mauro Pezzè; Christian Prehofer; Wilhelm Schäfer; Rick Schlichting; Dennis B. Smith; João Pedro Sousa; Ladan Tahvildari; Kenny Wong; Jochen Wuttke,2013,Lecture notes in computer science,10.1007/978-3-642-35813-5_1,https://openalex.org/W2142486130,adjacent-subtopic,,openalex,llm,0.930,unreviewed,,doi:10.1007/978-3-642-35813-5_1
kept,The Case for Enhanced Abstract Data Types,Praveen Seshadri; Miron Livny; Raghu Ramakrishnan,1997,,,https://openalex.org/W1545117279,qualifies-claim,"Support for complex data in object-relational database systems is based on abstract data types (ADTs). We argue that the current ADT approach inhibits the performance of queries that involve expensive operations on data types. Instead, we propose the Enhanced Abstract Data Type (E-ADT) paradigm, which treats operations on data types as declarative expressions that can be optimized. In this paper, we describe the E-ADT paradigm and PREDATOR, an object-relational database system based on E-ADTs. An E-ADT is an abstract data type enhanced with query optimization. Not only does an E-ADT provide operations (or methods) that can be used in SQL queries, it also supports internal interfaces that can be invoked to optimize these operations. This added functionality is provided without compromising the modularity of data types and the extensibility of the type system. Building such a database system requires fundamental changes in the architecture of the query processing engine; we present the system-level interfaces of PREDATOR that support E-ADTs, and describe the internal design details. Initial performance results from supporting image, time-series, and audio data as E-ADTs demonstrate an order of magnitude in performance improvements over the current ADT approach. Further, we describe how the E-ADT paradigm enables future research that can improve several aspects of object-relational query optimization. Consequently, we make the case that next-generation object-relational database systems should be based on E-ADT technology.",openalex,llm,0.980,unreviewed,,hash:7e045a7ec39b9916
discarded,Guidelines for including grey literature and conducting multivocal literature reviews in software engineering,Vahid Garousi; Michael Felderer; Mika Mäntylä,2018,Information and Software Technology,10.1016/j.infsof.2018.09.006,https://openalex.org/W2735864825,adjacent-subtopic,,openalex,llm,1.000,unreviewed,,doi:10.1016/j.infsof.2018.09.006
discarded,Volume II: Technical Concepts of Component-Based Software Engineering,Felix Bachman; Len Bass; Charles Buhman; Santiago Comella-Dorda; Fred Long; John Robert; Robert C. Seacord; Kurt Wallnau,2000,,,https://openalex.org/W109807671,supports-claim; adjacent-subtopic,vii 1 Nothing New Under the Sun? 1 2 Software Component Technology 3 Summary of Key Points 5 3 Vision Statement 7 Summary of Key Points 8 4 Components 9 Summary of Key Points 10 5 Interfaces 11 5.1 Interface Abstraction and Application Programming Interfaces 11 5.2 Extending APIs to Extra-Functional Properties 12 5.2.1 Specifying Behavior 12 5.2.2 Specifying Synchronization 13 5.2.3 Specifying Quality of Service 13 5.3 Credentials 14 5.4 Components and Multiple Interfaces 15 Summary of Key Points 16 6 Contracts 17 6.1 Contracts and Reciprocal Obligations 18 6.2 Two Senses of Contract 20 Summary of Key Points 21 7 Component Models and Frameworks 23 7.1 What are Component Models? 23 7.2 Component Framework 25 7.3 Custom Frameworks and Programmable Middleware 26 Summary of Key Points 28,openalex,llm_reviewed,0.760,changed,kept->discarded,hash:92b012ad65218d72
