status,title,authors,year,venue,doi,url,tags,abstract,provider,decision_source,llm_confidence,llm_review_outcome,llm_change_direction,paper_id
discarded,Program comprehension through the identification of abstract data types,A. Cimitile; M. Tortorella; M. Munro,1994,Proceedings 1994 IEEE 3rd Workshop on Program Comprehension- WPC '94,10.1109/WPC.1994.341243,https://ieeexplore.ieee.org/document/341243/,supports-claim; adjacent-subtopic,"The paper presents the results of experiments carried out on identifying abstract data types in existing code by an improved algorithm described in previous work (G. Canfora et al., 1994). It presents a brief description of the improved algorithm and then describes the results of the experiments. It addresses issues in program comprehension from the perspective of software reuse.<>",ieee,llm_reviewed,0.850,changed,kept->discarded,doi:10.1109/wpc.1994.341243
discarded,A reverse engineering method for identifying reusable abstract data types,G. Canfora; A. Cimitile; M. Munro,1993,[1993] Proceedings Working Conference on Reverse Engineering,10.1109/WCRE.1993.287777,https://ieeexplore.ieee.org/document/287777/,adjacent-subtopic,Results from an experiment in reuse within the RE/sup 2/ project are presented. It is shown how a particular candidature criterion for identifying abstract data types in existing software systems can be applied both at the theoretical and practical level. The RE/sup 2/ project is concerned with the exploration of reverse engineering and reengineering techniques to facilitate reuse reengineering by the identification and classification of approximate candidature criteria.<>,ieee,llm,0.690,unreviewed,,doi:10.1109/wcre.1993.287777
discarded,Program comprehension levels of abstraction for novices,Amal Shargabi; Syed Ahmad Aljunid; Muthukkaruppanan Annamalai; Shuhaida Mohamed Shuhidan; Abdullah Mohd Zin,2015,"2015 International Conference on Computer, Communications, and Control Technology (I4CT)",10.1109/I4CT.2015.7219568,https://ieeexplore.ieee.org/document/7219568/,adjacent-subtopic,"Although various program comprehension models exist, their levels of abstraction and the related terminologies do not fit the programming pedagogy perspective. In this study, we proposed five abstraction levels for novice's program comprehension: statement, block, module, program and domain. The expansion and the terminologies of the proposed abstraction levels are inspired by the application of decomposition concept in programming pedagogy. To comprehend a program, novices understand decomposed parts (i.e. statements, blocks, and modules) of that program and chunk those parts into a meaningful whole (i.e. program) within a specific domain. We supported our revised abstraction levels with a user study. The revised abstraction levels are able to describe hierarchical levels of novices' program comprehension that map appropriately with their mental model. The proposed abstraction levels can be applied in designing empirical studies of novices' program comprehension that distinctly capture their different abstraction levels.",ieee,llm,0.820,unreviewed,,doi:10.1109/i4ct.2015.7219568
discarded,The Effect of Delocalized Plans on Spreadsheet Comprehension: A Controlled Experiment,Bas Jansen; Felienne Hermans,2017,2017 IEEE/ACM 25th International Conference on Program Comprehension (ICPC),10.1109/ICPC.2017.40,https://ieeexplore.ieee.org/document/7961525/,adjacent-subtopic,"Spreadsheets are widely used in industry. Spreadsheets also suffer from typical software engineering issues. Previous research shows that they contain code smells, lack documentation and tests, and have a long live span during which they are transferred multiple times among users. These transfers highlight the importance of spreadsheet comprehension. Therefore, in this paper, we analyze the effect of the organization of formulas on spreadsheet comprehension. To that end, we conduct a controlled experiment with 107 spreadsheet users, divided into two groups. One group receives a model where the formulas are organized such that all related components are grouped closely together, while the other group receives a model where the components are spread far and wide across the spreadsheet. All subjects perform the same set of comprehension tasks on their spreadsheet. The results indicate that the way formulas are located relative to each other in a spreadsheet, influences the performance of the subjects in their ability to comprehend and adapt the spreadsheet. Especially for the comprehension tasks, the subjects perform better on the model where the formulas were grouped closely together. For the adaptation tasks, we found that the length of the calculation chain influences the performance of the subjects more than the location of the formulas itself.",ieee,llm,0.960,unreviewed,,doi:10.1109/icpc.2017.40
discarded,Experiments in identifying reusable abstract data types in program code,G. Canfora; A. Cimitile; M. Munro; M. Tortorella,1993,[1993] IEEE Second Workshop on Program Comprehension,10.1109/WPC.1993.263908,https://ieeexplore.ieee.org/document/263908/,adjacent-subtopic,The issue of program comprehension is addressed from the software reuse perspective. In particular the identification of abstract data types in existing program code is explored. A candidature criterion is presented and a prototype implementing it is described. The criterion is applied in an experiment that analyses five very different programs and the resulting output is discussed. The work described forms part of the RE/sup 2/ project that addresses the wider issues of software reuse through the exploration of reverse engineering and re-engineering techniques to identify and extract reusable assets from existing systems.<>,ieee,llm,0.840,unreviewed,,doi:10.1109/wpc.1993.263908
discarded,A Controlled Experiment for Evaluating the Impact of Coupling on the Maintainability of Service-Oriented Software,Mikhail Perepletchikov; Caspar Ryan,2011,IEEE Transactions on Software Engineering,10.1109/TSE.2010.61,https://ieeexplore.ieee.org/document/5482590/,adjacent-subtopic,"One of the goals of Service-Oriented Computing (SOC) is to improve software maintainability as businesses become more agile, and thus underlying processes and rules change more frequently. This paper presents a controlled experiment examining the relationship between coupling in service-oriented designs, as measured using a recently proposed suite of SOC-specific coupling metrics and software maintainability in terms of the specific subcharacteristics of analyzability, changeability, and stability. The results indicate a statistically significant causal relationship between the investigated coupling metrics and the maintainability of service-oriented software. As such, the investigated metrics can facilitate coupling related design decisions with the aim of producing more maintainable service-oriented software products.",ieee,llm,0.910,unreviewed,,doi:10.1109/tse.2010.61
discarded,Using Metrics for Estimating Maintainability of Web Applications: An Empirical Study,Heung Seok Chae; Tae Yeon Kim; Woo-Sung Jung; Joon-Sang Lee,2007,6th IEEE/ACIS International Conference on Computer and Information Science (ICIS 2007),10.1109/ICIS.2007.192,https://ieeexplore.ieee.org/document/4276523/,adjacent-subtopic,"Software maintenance is a very expensive activity in software life cycle. As in conventional systems, Web-based applications also needs a considerable cost of maintenance efforts and in general the more cost because of their inherent complex architecture. To estimate the maintainability cost of software, many software metrics have been proposed. This paper presents the result of an experimental study to explore the relationship between maintainability and some typical software metrics. We have collected time really spent for maintenance activity for Web-based applications. In the experimental study, we have found that for web-based systems, the existing metrics may not be indicators to maintenance effort on the contrary to conventional systems.",ieee,llm,0.960,unreviewed,,doi:10.1109/icis.2007.192
discarded,The Impact of Hierarchies on the Architecture-Level Software Understandability - A Controlled Experiment,Srdjan Stevanetic; Muhammad Atif Javed; Uwe Zdun,2015,2015 24th Australasian Software Engineering Conference,10.1109/ASWEC.2015.21,https://ieeexplore.ieee.org/document/7365798/,supports-claim; adjacent-subtopic,"Architectural component models represent high level designs and are frequently used as a central view of architectural descriptions of software systems. They play a crucial role in the whole development process and in achieving the desired software qualities. This paper presents an empirical study that examines the impact of hierarchies on the architecture-level software understand ability. In particular we have studied three different architectural representations of a large-size software system, one with a hierarchical representation where architectural components at all abstraction levels in the hierarchy are shown, and two that do not contain hierarchical abstractions but concentrate only on the lowest level or on the highest level components in the hierarchy. We conducted a controlled experiment in which participants of three groups received one of the three architecture documentations plus the source code of the system and had to answer understand ability related questions. Our results show that using the hierarchical architecture leads to: 1) higher quantity of correctly retrieved elements, 2) lower quantity of incorrectly retrieved elements, and 3) higher overall quality of retrieved elements. The obtained results provide empirical evidence that hierarchies play an important role in the context of architectural component models from the viewpoint of the architecture-level software understandability.",ieee,llm_reviewed,0.780,changed,kept->discarded,doi:10.1109/aswec.2015.21
discarded,"Comparing ""Traditional"" and Web Specific Fit Tables in Maintenance Tasks: A Preliminary Empirical Study",Alessandro Marchetto; Filippo Ricca; Marco Torchiano,2008,2008 12th European Conference on Software Maintenance and Reengineering,10.1109/CSMR.2008.4493327,https://ieeexplore.ieee.org/document/4493327/,adjacent-subtopic,"In this paper we focus on the use of Fit tables, a table- based approach used to clarify (change-)requirements and validate software systems. The main purpose of this work is to compare Fit tables for traditional systems and Web specific Fit tables. Results indicate that Fit tables do not provide any significant help to Web developers, while they seem to be useful for traditional systems. The main reason appears to lie in the complexity of the Fit tables used for Web systems.",ieee,llm,0.950,unreviewed,,doi:10.1109/csmr.2008.4493327
discarded,Empirical evaluation of an early understandability measurement method,Lassaad Ben Ammar; Adel Mahfoudhi; Yessine Hadj Kacem,2013,"2013 International Conference on Control, Decision and Information Technologies (CoDIT)",10.1109/CoDIT.2013.6689587,https://ieeexplore.ieee.org/document/6689587/,adjacent-subtopic,"Usability is a quality factor which increasingly attracts the attention of Human Computer Interaction (HCI) developers. It consists on measuring the usability aspects of a user interface and identifying specific problems. It was usually evaluated based on user's perception. The development costs are the main limitation of methods which target the usability measurement. However, the appearance of the Model Driven Engineering (MDE) allows migrating to a new challenge: early usability evaluation. In an MDE method, the conceptual model represents an abstraction of the application code. Hence, measuring the usability since the conceptual model can be a promising method to predict the usability of the application code. This paper proposes that certain usability attributes, especially understandability attributes, can be measured from the conceptual model. An empirical study is carried out in order to evaluate our proposal. The goal is to evaluate the coherence between values obtained using our proposal and those perceived by the end user.",ieee,llm,0.920,unreviewed,,doi:10.1109/codit.2013.6689587
discarded,Performing Tasks Can Improve Program Comprehension Mental Model of Novice Developers: An Empirical Approach,Amal A. Shargabi; Syed Ahmad Aljunid; Muthukkaruppan Annamalai; Abdullah Mohd Zin,2020,2020 IEEE/ACM 28th International Conference on Program Comprehension (ICPC),10.1145/3387904.3389277,https://ieeexplore.ieee.org/document/10186827/,adjacent-subtopic,"Program comprehension is challenging for many novice developers. Literature indicates that program comprehension is greatly influenced by the specific purpose of reading a program, i.e., the task. However, the task has often been used in research as a measure for program comprehension. Our study takes an inverse approach to investigate the effect of using the task as a facilitator to improve novice developers program comprehension. To measure the effect, our previously published program comprehension mental model of novice developers was utilized. In a sense, the study provides an empirical evaluation of our proposed model in terms of its ability to capture the novice developer's mental model properly. The comprehensive experiment involved one hundred and seventy-eight (178) novice developers from three (3) universities and investigated the effect of six (6) tasks with difficulties ranked according to the cognitive categories of Revised Bloom Taxonomy. The results of the experiment confirmed that performing the tasks can improve program comprehension of novice developers. It demonstrated that different tasks improved different abstraction levels of the mental model and further indicated that higher cognitive category tasks improve program comprehension mental model at higher abstraction levels. The results also showed that the mental model we have proposed earlier is able to capture what novice developers know in response to the tasks they perform. The general implication of the study is that the tasks can be an effective tool for computing educators to incorporate program comprehension in programming courses, whereby these tasks need to be introduced in stages in the teaching of programming; starting initially from the lower cognitive categories' tasks such as Recall and culminating at the higher cognitive categories' tasks such as Modification by first taking into consideration the novices' programming levels.",ieee,llm,0.970,unreviewed,,doi:10.1145/3387904.3389277
discarded,Program understanding behavior during adaptation of large scale software,A. von Mayrhauser; A.M. Vans,1998,Proceedings. 6th International Workshop on Program Comprehension. IWPC'98 (Cat. No.98TB100242),10.1109/WPC.1998.693345,https://ieeexplore.ieee.org/document/693345/,adjacent-subtopic,"We report on a software understanding study during adaptation, of large-scale software. Participants were professional software maintenance engineers. The paper reports on the general understanding process, the types of actions programmers preferred during the adaptation task, and the level of abstraction, at which they were working. The results of the observation are also interpreted in terms of the information needs of these software engineers.",ieee,llm,0.880,unreviewed,,doi:10.1109/wpc.1998.693345
kept,An experiment investigating the effect of information hiding on maintainability,L.S. Rising; F.W. Calliss,1993,Proceedings of Phoenix Conference on Computers and Communications,10.1109/PCCC.1993.344523,https://ieeexplore.ieee.org/document/344523/,supports-claim; effekt,"An experiment was conducted to investigate the effects of different levels of information hiding on maintainability. Two versions of an Ada program where created. Each version contained a set of modules with good information hiding and a set with poor information hiding. Subjects were given one of two versions of an Ada program and two modifications to perform. One modification was performed on the well-designed set of modules and one on the poorly-designed set. The results show that sections of the programs with good information hiding do not suffer structural decay as a result of the modification and that sections with poor information hiding are improved in approximately two-thirds of the new versions. These results are especially notable considering that the programmers were, for the most part, unfamiliar with Ada and object-oriented design.<>",ieee,llm_reviewed,0.990,confirmed,,doi:10.1109/pccc.1993.344523
discarded,"Does the ""Refactor to Understand"" reverse engineering pattern improve program comprehension?",B. Du Bois; S. Demeyer; J. Verelst,2005,Ninth European Conference on Software Maintenance and Reengineering,10.1109/CSMR.2005.25,https://ieeexplore.ieee.org/document/1402151/,supports-claim; adjacent-subtopic,"Program comprehension is a fundamental requirement for all but the most trivial maintenance activities. Previous research has demonstrated key principles for improving comprehension. Among others, these consist of the introduction of beacons as indexes into knowledge, and the chunking of low-level structures into higher-level abstractions. These principles are naturally reflected in the reverse engineering pattern Refactor to Understand, which uses incremental renaming and extracting of program elements as the means to decipher cryptic code. In this paper, we discuss a controlled experiment to explore differences in program comprehension between the application of Refactor to Understand and the traditional Read to Understand pattern. Our results support added value of Refactor to Understand regarding specific aspects of program comprehension and specific types of source code. These findings illustrate the need for further experiments to provide clear guidelines on the application of refactorings for improving program comprehension.",ieee,llm_reviewed,0.960,changed,kept->discarded,doi:10.1109/csmr.2005.25
discarded,On the Positive Effect of Reactive Programming on Software Comprehension: An Empirical Study,Guido Salvaneschi; Sebastian Proksch; Sven Amann; Sarah Nadi; Mira Mezini,2017,IEEE Transactions on Software Engineering,10.1109/TSE.2017.2655524,https://ieeexplore.ieee.org/document/7827078/,supports-claim; adjacent-subtopic,"Starting from the first investigations with strictly functional languages, reactive programming has been proposed as the programming paradigm for reactive applications. Over the years, researchers have enriched reactive languages with more powerful abstractions, embedded these abstractions into mainstream languages-including object-oriented languages-and applied reactive programming to several domains, such as GUIs, animations, Web applications, robotics, and sensor networks. However, an important assumption behind this line of research is that, beside other claimed advantages, reactive programming makes a wide class of otherwise cumbersome applications more comprehensible. This claim has never been evaluated. In this paper, we present the first empirical study that evaluates the effect of reactive programming on comprehension. The study involves 127 subjects and compares reactive programming to the traditional object-oriented style with the Observer design pattern. Our findings show that program comprehension is significantly enhanced by the reactive-programming paradigm-a result that suggests to further develop research in this field.",ieee,llm_reviewed,0.940,changed,kept->discarded,doi:10.1109/tse.2017.2655524
discarded,Identification of dynamic comprehension processes during large scale maintenance,A. Von Mayrhauser; A.M. Vans,1996,IEEE Transactions on Software Engineering,10.1109/32.508315,https://ieeexplore.ieee.org/document/508315/,adjacent-subtopic,We present results of observing professional maintenance engineers working with industrial code at actual maintenance tasks. Protocol analysis is used to explore how code understanding might differ for small versus large scale code. The experiment confirms that cognition processes work at all levels of abstraction simultaneously as programmers build a mental model of the code. Analysis focused on dynamic properties and processes of code understanding. Cognition processes emerged at three levels of aggregation representing lower and higher level strategies of understanding. They show differences in what triggers them and how they achieve their goals. Results are useful for defining information which maintenance engineers need for their work and for documentation and development standards.,ieee,llm,0.880,unreviewed,,doi:10.1109/32.508315
