status,title,authors,year,venue,doi,url,tags,abstract,provider,decision_source,llm_confidence,llm_review_outcome,llm_change_direction,paper_id
discarded,Surviving sepsis campaign: international guidelines for management of sepsis and septic shock 2021,Laura Evans; Andrew Rhodes; Waleed A. Alhazzani; Massimo M. Antonelli; Craig M. Coopersmith; Craig French; Flávia Ribeiro Machado; Lauralyn McIntyre; Marlies Ostermann; Hallie C. Prescott; Christa Schorr; Steven Q. Simpson; Willem Joost Wiersinga; Fayez Ebrahim Alshamsi; Derek C. Angus; Yaseen M. Arabi; Luciano César Pontes Azevedo; Richard J Beale; Gregory J. Beilman; Emilie P. Belley‐Côté; Lisa D. Burry; Maurizio Cecconi; John Centofanti; Angel Coz Yataco; Jan J. De Waele; R. Phillip Dellinger; Kent Doi; Bin Du; Elisa Estenssoro; Ricard Ferrer; Charles D. Gomersall; Carol Lynette Hodgson; Morten Hylander Møller; Theodore John Iwashyna; Shevin T. Jacob; Ruth M. Kleinpell; Michael Klompas; Younsuck Koh; Anand Kumar; Arthur Kwizera; Suzana Margareth Lobo; Henry Masur; Steven A. McGloughlin; Sangeeta Mehta; Yatin B. Mehta; Mervyn Mer; Mark Nunnally; Simon J. W. Oczkowski; Tiffany Medlin Osborn; Elizabeth D. E. Papathanassoglou; Anders Perner; Michael A. Puskarich; Jason A. Roberts; William D. Schweickert; Maureen A. Seckel; Jonathan Sevransky; Charles L. Sprung; Tobias Welte; Janice L. Zimmerman; Mitchell M. Levy,2021,Intensive Care Medicine,10.1007/s00134-021-06506-y,https://openalex.org/W3202964273,off-topic-false-hit,,openalex,llm,1.000,unreviewed,,doi:10.1007/s00134-021-06506-y
discarded,Abstractions for network update,Mark Reitblatt; Nate Foster; Jennifer Rexford; Cole Schlesinger; David Walker,2012,,10.1145/2342356.2342427,https://openalex.org/W2149236835,adjacent-subtopic,"Configuration changes are a common source of instability in networks, leading to outages, performance disruptions, and security vulnerabilities. Even when the initial and final configurations are correct, the update process itself often steps through intermediate configurations that exhibit incorrect behaviors. This paper introduces the notion of consistent network updates---updates that are guaranteed to preserve well-defined behaviors when transitioning mbetween configurations. We identify two distinct consistency levels, per-packet and per-flow, and we present general mechanisms for implementing them in Software-Defined Networks using switch APIs like OpenFlow. We develop a formal model of OpenFlow networks, and prove that consistent updates preserve a large class of properties. We describe our prototype implementation, including several optimizations that reduce the overhead required to perform consistent updates. We present a verification tool that leverages consistent updates to significantly reduce the complexity of checking the correctness of network control software. Finally, we describe the results of some simple experiments demonstrating the effectiveness of these optimizations on example applications.",openalex,llm,0.940,unreviewed,,doi:10.1145/2342356.2342427
discarded,Local atomicity properties: modular concurrency control for abstract data types,William E. Weihl,1989,ACM Transactions on Programming Languages and Systems,10.1145/63264.63518,https://openalex.org/W1991878751,adjacent-subtopic,"Atomic actions (or transactions) are useful for coping with concurrency and failures. One way of ensuring atomicity of actions is to implement applications in terms ofatomic data types: abstract data types whose objects ensure serializability and recoverability of actions using them. Many atomic types can be implemented to provide high levels of concurrency by taking advantage of algebraic properties of the type's operations, for example, that certain operations commute. In this paper we analyze the level of concurrency permitted by an atomic type. We introduce several local constraints on individual objects that suffice to ensure global atomicity of actions; we call these constraintslocal atomicity properties. We present three local atomicity properties, each of which isoptimal: no strictly weaker local constraint on objects suffices to ensure global atomicity for actions. Thus, the local atomicity properties define precise limits on the amount of concurrency that can be permitted by an atomic type.",openalex,llm,0.950,unreviewed,,doi:10.1145/63264.63518
discarded,Literature review as a research methodology: An overview and guidelines,Hannah Snyder,2019,Journal of Business Research,10.1016/j.jbusres.2019.07.039,https://openalex.org/W2964523010,off-topic-false-hit,"Knowledge production within the field of business research is accelerating at a tremendous speed while at the same time remaining fragmented and interdisciplinary. This makes it hard to keep up with state-of-the-art and to be at the forefront of research, as well as to assess the collective evidence in a particular area of business research. This is why the literature review as a research method is more relevant than ever. Traditional literature reviews often lack thoroughness and rigor and are conducted ad hoc, rather than following a specific methodology. Therefore, questions can be raised about the quality and trustworthiness of these types of reviews. This paper discusses literature review as a methodology for conducting research and offers an overview of different types of reviews, as well as some guidelines to how to both conduct and evaluate a literature review paper. It also discusses common pitfalls and how to get literature reviews published.",openalex,llm,1.000,unreviewed,,doi:10.1016/j.jbusres.2019.07.039
discarded,Instance-Based Learning Algorithms,David W. Aha; Dennis F. Kibler; Marc K. Albert,1991,Machine Learning,10.1023/a:1022689900470,https://openalex.org/W2147169507,off-topic-false-hit,,openalex,llm,1.000,unreviewed,,doi:10.1023/a:1022689900470
discarded,Instance-based learning algorithms,David W. Aha; Dennis F. Kibler; Marc K. Albert,1991,Machine Learning,10.1007/bf00153759,https://openalex.org/W4244238212,off-topic-false-hit,,openalex,llm,1.000,unreviewed,,doi:10.1007/bf00153759
discarded,Understanding and Using Context,Anind K. Dey,2001,Personal and Ubiquitous Computing,10.1007/s007790170019,https://openalex.org/W1967661515,off-topic-false-hit,,openalex,llm,0.970,unreviewed,,doi:10.1007/s007790170019
kept,Keynote address - data abstraction and hierarchy,Barbara H. Liskov,1987,ACM SIGPLAN Notices,10.1145/62139.62141,https://openalex.org/W3161600003,supports-claim; ursprung,"Data abstraction is a valuable method for organizing programs to make them easier to modify and maintain.Inheritance allows one implementation of a data abstraction to be related to another hierarchically.This paper investigates the usefulness of hierarchy in program development, and concludes that although data abstraction is the more important idea, hierarchy does extend its usefulness in some situations.",openalex,llm_reviewed,1.000,confirmed,,doi:10.1145/62139.62141
discarded,The metagenomics RAST server – a public resource for the automatic phylogenetic and functional analysis of metagenomes,Folker Meyer; Daniel Paarmann; M D'Souza; R Olson; EM Glass; Michael Kubal; Tobias Paczian; A Rodriguez; Rick L. Stevens; Andreas Wilke; Jan Wilkening; Robert Alan Edwards,2008,BMC Bioinformatics,10.1186/1471-2105-9-386,https://openalex.org/W1989348205,off-topic-false-hit,"BACKGROUND: Random community genomes (metagenomes) are now commonly used to study microbes in different environments. Over the past few years, the major challenge associated with metagenomics shifted from generating to analyzing sequences. High-throughput, low-cost next-generation sequencing has provided access to metagenomics to a wide range of researchers. RESULTS: A high-throughput pipeline has been constructed to provide high-performance computing to all researchers interested in using metagenomics. The pipeline produces automated functional assignments of sequences in the metagenome by comparing both protein and nucleotide databases. Phylogenetic and functional summaries of the metagenomes are generated, and tools for comparative metagenomics are incorporated into the standard views. User access is controlled to ensure data privacy, but the collaborative environment underpinning the service provides a framework for sharing datasets between multiple users. In the metagenomics RAST, all users retain full control of their data, and everything is available for download in a variety of formats. CONCLUSION: The open-source metagenomics RAST service provides a new paradigm for the annotation and analysis of metagenomes. With built-in support for multiple data sources and a back end that houses abstract data types, the metagenomics RAST is stable, extensible, and freely available to all researchers. This service has removed one of the primary bottlenecks in metagenome sequence analysis - the availability of high-performance computing for annotating the data. http://metagenomics.nmpdr.org.",openalex,llm,1.000,unreviewed,,doi:10.1186/1471-2105-9-386
discarded,Polymorphic type inference and abstract data types,Konstantin Läufer; Martin Odersky,1994,ACM Transactions on Programming Languages and Systems,10.1145/186025.186031,https://openalex.org/W2112150205,adjacent-subtopic,"Many statically typed programming languages provide an abstract data type construct, such as the module in Modula-2. However, in most of these languages, implementations of abstract data types are not first-class values. Thus, they cannot be assigned to variables, passed as function parameters, or returned as function results. Several higher-order functional languages feature strong and static type systems, parametric polymorphism, algebraic data types, and explicit type variables. Most of them rely on Hindley-Milner type inference instead of requiring explicit type declarations for identifiers. Although some of these languages support abstract data types, it appears that none of them directly provides light-weight abstract data types whose implementations are first-class values. We show how to add significant expressive power to statically typed functional languages with explicit type variables by incorporating first-class abstract types as an extension of algebraic data types. Furthermore, we extend record types to allow abstract components. The components of such abstract records are selected using the dot notation. Following Mitchell and Plotkin, we formalize abstract types in terms of existentially quantified types. We give a syntactically sound and complete type inference algorithm and prove that our type system is semantically sound with respect to standard denotational semantics.",openalex,llm,0.910,unreviewed,,doi:10.1145/186025.186031
kept,The effect of modularization and comments on program comprehension,Scott N. Woodfield; Hubert E. Dunsmore; Vincent Y. Shen,1981,International Conference on Software Engineering,10.5555/800078.802534,https://openalex.org/W2039603939,supports-claim; effekt,"An experiment was conducted to investigate how different types of modularization and comments are related to programmers' ability to understand programs. Forty-eight experienced programmers were given eight different versions of the same program and asked to answer a twenty question quiz used to measure comprehension. These eight different versions were the result of the program being constructed with four types of modularization (monolithic, functional, super, and abstract data type), each with and without comments. Those subjects whose programs contained comments were able to answer more questions than those without comments. Also, those subjects who were given the abstract data type version of the program were able to do significantly better than those with any other type of modularization.",openalex,llm_reviewed,1.000,confirmed,,doi:10.5555/800078.802534
discarded,CAPTCHA: Using Hard AI Problems for Security,Luis von Ahn; Manuel Blum; Nicholas Hopper; John C. Langford,2003,Lecture notes in computer science,10.1007/3-540-39200-9_18,https://openalex.org/W1603565383,off-topic-false-hit,,openalex,llm,1.000,unreviewed,,doi:10.1007/3-540-39200-9_18
discarded,Apologizing versus asking permission: optimistic concurrency control for abstract data types,Maurice P. Herlihy,1990,ACM Transactions on Database Systems,10.1145/77643.77647,https://openalex.org/W2066219930,adjacent-subtopic,"An optimistic concurrency control technique is one that allows transactions to execute without synchronization, relying on commit-time validation to ensure serializability. Several new optimistic concurrency control techniques for objects in decentralized distributed systems are described here, their correctness and optimality properties are proved, and the circumstances under which each is likely to be useful are characterized. Unlike many methods that classify operations only as Reads or Writes, these techniques systematically exploit type-specific properties of objects to validate more interleavings. Necessary and sufficient validation conditions can be derived directly from an object's data type specification. These techniques are also modular: they can be applied selectively on a per-object (or even per-operation) basis in conjunction with standard pessimistic techniques such as two-phase locking, permitting optimistic methods to be introduced exactly where they will be most effective. These techniques can be used to reduce the algorithmic complexity of achieving high levels of concurrency, since certain scheduling decisions that are NP-complete for pessimistic schedulers can be validated after the fact in time, independent of the level of concurrency. These techniques can also enhance the availability of replicated data, circumventing certain tradeoffs between concurrency and availability imposed by comparable pessimistic techniques.",openalex,llm,0.960,unreviewed,,doi:10.1145/77643.77647
discarded,MULTILISP: a language for concurrent symbolic computation,Robert H. Halstead,1985,ACM Transactions on Programming Languages and Systems,10.1145/4472.4478,https://openalex.org/W1983587324,adjacent-subtopic,"Multilisp is a version of the Lisp dialect Scheme extended with constructs for parallel execution. Like Scheme, Multilisp is oriented toward symbolic computation. Unlike some parallel programming languages, Multilisp incorporates constructs for causing side effects and for explicitly introducing parallelism. The potential complexity of dealing with side effects in a parallel context is mitigated by the nature of the parallelism constructs and by support for abstract data types: a recommended Multilisp programming style is presented which, if followed, should lead to highly parallel, easily understandable programs. Multilisp is being implemented on the 32-processor Concert multiprocessor; however, it is ultimately intended for use on larger multiprocessors. The current implementation, called Concert Multilisp , is complete enough to run the Multilisp compiler itself and has been run on Concert prototypes including up to eight processors. Concert Multilisp uses novel techniques for task scheduling and garbage collection. The task scheduler helps control excessive resource utilization by means of an unfair scheduling policy; the garbage collector uses a multiprocessor algorithm based on the incremental garbage collector of Baker.",openalex,llm,0.830,unreviewed,,doi:10.1145/4472.4478
discarded,"Internet of Things (IoT): A vision, architectural elements, and future directions",Jayavardhana Gubbi; Rajkumar Buyya; Slaven Marusic; Marimuthu Swami Palaniswami,2013,Future Generation Computer Systems,10.1016/j.future.2013.01.010,https://openalex.org/W2111619626,off-topic-false-hit,,openalex,llm,0.980,unreviewed,,doi:10.1016/j.future.2013.01.010
discarded,Women and Human Development,Martha C. Nussbaum,2000,Cambridge University Press eBooks,10.1017/cbo9780511841286,https://openalex.org/W4248110397,off-topic-false-hit,"In this major book Martha Nussbaum, one of the most innovative and influential philosophical voices of our time, proposes a kind of feminism that is genuinely international, argues for an ethical underpinning to all thought about development planning and public policy, and dramatically moves beyond the abstractions of economists and philosophers to embed thought about justice in the concrete reality of the struggles of poor women. Nussbaum argues that international political and economic thought must be sensitive to gender difference as a problem of justice, and that feminist thought must begin to focus on the problems of women in the third world. Taking as her point of departure the predicament of poor women in India, she shows how philosophy should undergird basic constitutional principles that should be respected and implemented by all governments, and used as a comparative measure of quality of life across nations.",openalex,llm,1.000,unreviewed,,doi:10.1017/cbo9780511841286
discarded,Cortical activation and synchronization during sentence comprehension in high-functioning autism: evidence of underconnectivity,Marcel Adam Just,2004,Brain,10.1093/brain/awh199,https://openalex.org/W2146437136,off-topic-false-hit,"The brain activation of a group of high-functioning autistic participants was measured using functional MRI during sentence comprehension and the results compared with those of a Verbal IQ-matched control group. The groups differed in the distribution of activation in two of the key language areas. The autism group produced reliably more activation than the control group in Wernicke's (left laterosuperior temporal) area and reliably less activation than the control group in Broca's (left inferior frontal gyrus) area. Furthermore, the functional connectivity, i.e. the degree of synchronization or correlation of the time series of the activation, between the various participating cortical areas was consistently lower for the autistic than the control participants. These findings suggest that the neural basis of disordered language in autism entails a lower degree of information integration and synchronization across the large-scale cortical network for language processing. The article presents a theoretical account of the findings, related to neurobiological foundations of underconnectivity in autism.",openalex,llm,1.000,unreviewed,,doi:10.1093/brain/awh199
discarded,Positioning and Presenting Design Science Research for Maximum Impact1,Shirley Diane Gregor; Alan R. Hevner,2013,MIS Quarterly,10.25300/misq/2013/37.2.01,https://openalex.org/W1276866904,off-topic-false-hit,"Design science research (DSR) has staked its rightful ground as an important and legitimate Information Systems (IS) research paradigm. We contend that DSR has yet to attain its full potential impact on the development and use of information systems due to gaps in the understanding and application of DSR concepts and methods. This essay aims to help researchers (1) appreciate the levels of artifact abstractions that may be DSR contributions, (2) identify appropriate ways of consuming and producing knowledge when they are preparing journal articles or other scholarly works, (3) understand and position the knowledge contributions of their research projects, and (4) structure a DSR article so that it emphasizes significant contributions to the knowledge base. Our focal contribution is the DSR knowledge contribution framework with two dimensions based on the existing state of knowledge in both the problem and solution domains for the research opportunity under study. In addition, we propose a DSR communication schema with similarities to more conventional publication patterns, but which substitutes the description of the DSR artifact in place of a traditional results section. We evaluate the DSR contribution framework and the DSR communication schema via examinations of DSR exemplar publications.",openalex,llm,0.980,unreviewed,,doi:10.25300/misq/2013/37.2.01
discarded,Embodiment and language comprehension: reframing the discussion,Rolf Antonius Zwaan,2014,Trends in Cognitive Sciences,10.1016/j.tics.2014.02.008,https://openalex.org/W2010707445,off-topic-false-hit,,openalex,llm,1.000,unreviewed,,doi:10.1016/j.tics.2014.02.008
discarded,The design of a relational database system with abstract data types for domains,Sylvia L. Osborn; T. E. Heaven,1986,ACM Transactions on Database Systems,10.1145/6314.6461,https://openalex.org/W2012534139,adjacent-subtopic,"An extension to the relational model is described in which domains can he arbitrarily defined as abstract data types. Operations on these data types include primitive operations, aggregates, and transformations. It is shown that these operations make the query language complete in the sense of Chandra and Harel. The system has been designed in such a way that new data types and their operations can be defined with a minimal amount of interaction with the database management system.",openalex,llm,0.900,unreviewed,,doi:10.1145/6314.6461
discarded,Virtual time,David R. Jefferson,1985,ACM Transactions on Programming Languages and Systems,10.1145/3916.3988,https://openalex.org/W2296636214,adjacent-subtopic,"Virtual time is a new paradigm for organizing and synchronizing distributed systems which can be applied to such problems as distributed discrete event simulation and distributed database concurrency control. Virtual time provides a flexible abstraction of real time in much the same way that virtual memory provides an abstraction of real memory. It is implemented using the Time Warp mechanism, a synchronization protocol distinguished by its reliance on lookahead-rollback, and by its implementation of rollback via antimessages.",openalex,llm,0.950,unreviewed,,doi:10.1145/3916.3988
