status,title,authors,year,venue,doi,url,tags,abstract,provider,decision_source,llm_confidence,llm_review_outcome,llm_change_direction,paper_id
discarded,An user interface dialog control model based on UI patterns,Kai Yu; QingYi Hua; ShaSha Wang; NanNan Li; YuChen Zhang,2015,2015 6th IEEE International Conference on Software Engineering and Service Science (ICSESS),10.1109/ICSESS.2015.7339154,https://ieeexplore.ieee.org/document/7339154/,adjacent-subtopic,"One main defect of current Markup languages is that they cannot cover the whole abstraction and UI generation procedures of descriptions with dialog control. Targeting on this problem, this work comes up with a new method which combing dialog control description and patterns. Starting from interface semantics, this paper gives definition and depiction of dialogue models in the UI patterns, then it becomes possible to transform abstract dialog level into concrete dialog logic by automatic converter.",ieee,llm,0.920,unreviewed,,doi:10.1109/icsess.2015.7339154
discarded,An Automated Model-Based Approach for Developing Mobile User Interfaces,Lassaad Ben Ammar,2021,IEEE Access,10.1109/ACCESS.2021.3066007,https://ieeexplore.ieee.org/document/9378527/,adjacent-subtopic,"The ever-increasing number of mobile platforms constitutes a challenge for application developers, who must develop efficient mobile applications for multiple platforms. Recently, a specific interest is being taken in the Model Based User Interface Development (MBUID) by Software Engineering Community. In such paradigm, an application's user interface is obtained by defining models and transformations of those models. This paper aim at adopting MBUID paradigm to address the problem of mobile application development. As such, we propose a new approach and its support system for the automatic generation of mobile user interfaces. The approach and the system are based on a set of standards and relevant technologies such as EMF, GMF, ATL, and Xpand. A case study is presented, in the paper, with the aim of verifying the usefulness of this approach.",ieee,llm,0.910,unreviewed,,doi:10.1109/access.2021.3066007
discarded,SSIML/AR: A Visual Language for the Abstract Specification of Augmented Reality User Interfaces,A. Vitzthum,2006,3D User Interfaces (3DUI'06),10.1109/VR.2006.123,https://ieeexplore.ieee.org/document/1647519/,adjacent-subtopic,"Augmented Reality (AR) applications provide a high potential to support the user in solving tasks e.g. in scenarios from the domain of assembly, maintenance and repair. AR applications enrich the physical world around the user with additional useful virtual information. However, the integration of physical objects into AR user interfaces poses a challenge to developers. In addition, the information displayed in such an environment often strongly depends on the user’s current task. In this paper we present an approach to specify the integration of real objects into AR user interfaces and the task dependent visualization of AR user interface elements on the design level. To describe user tasks, the AR user interface structure and the relations between them we use UML activity diagrams in combination with the Scene Structure and Integration Modelling Language (SSIML), a visual language which provides support for the description of 3D user interface structures. Furthermore, code can be generated from the visual models. The proposed concepts are illustrated by an AR application example from the domain of assembly and lead to a new language called SSIML/AR.",ieee,llm,0.930,unreviewed,,doi:10.1109/vr.2006.123
discarded,Focusing Graphical User Interfaces in Model-Driven Software Development,Stefan Link; Thomas Schuster; Philip Hoyer; Sebastian Abeck,2008,First International Conference on Advances in Computer-Human Interaction,10.1109/ACHI.2008.16,https://ieeexplore.ieee.org/document/4455950/,adjacent-subtopic,"To meet fast changing demands on modern software architectures the ambition to shorten and improve software development processes has increased. The approach of model-driven software development focuses models as specification of software and on transformations of those models to finally get source code. The advantage of the model-driven approach still has to be proven because a continuous tool- supported transformation process from model to source code with regard to all aspects of a software system is not yet possible. This paper concentrates on the aspect of user interaction by presenting an easy to apply approach allowing for a tool- supported, model-driven software development of graphical user interfaces for any kind of platform. A case study demonstrates the usage and benefit of our model-driven approach applied to a common software development process.",ieee,llm,0.890,unreviewed,,doi:10.1109/achi.2008.16
discarded,Separating application functionality from the user interface in a distributed environment,N. Dlodlo; C. Bamford,1996,Proceedings of EUROMICRO 96. 22nd Euromicro Conference. Beyond 2000: Hardware and Software Design Strategies,10.1109/EURMIC.1996.546389,https://ieeexplore.ieee.org/document/546389/,supports-claim; adjacent-subtopic,"This paper describes a project whose aim is to design a user interface management system (UIMS) to support a distributed environment. The goal requires an architecture that separates the application from the user interface. After defining the role played by UIMSs, Middleware and the Object Bequest Broker (ORE) in separating the application components from their supporting user interfaces in a distributed environment an architecture for a UIMS in a distributed environment is introduced. The architecture facilitates the separation of the application from the user interface by attaching abstract data types to both the user interface manager and the application. Operations on the abstract data types within the application trigger user interface activities, while those operations on abstract data types within the user interface manager trigger application activities.",ieee,llm_reviewed,0.880,changed,kept->discarded,doi:10.1109/eurmic.1996.546389
discarded,An interaction model for the TRES-D framework,J.P. Molina; A.S. Garcia; D. Martinez; F.J. Manjavacas; V. Blasco; P. Gonzalez,2006,MELECON 2006 - 2006 IEEE Mediterranean Electrotechnical Conference,10.1109/MELCON.2006.1653137,https://ieeexplore.ieee.org/document/1653137/,adjacent-subtopic,"It is really important for interface designers to use a common vocabulary, and for that purpose it is required to decide which are the most appropriate terms and to define their meaning without ambiguity. However, different authors use different terms to refer to several elements of interaction and, when terms are the same, they may not have the same meanings. To tackle this problem, an interaction model is introduced in this paper aiming to unify all those different points of view. This model is used in the TRES-D methodological framework, which is also described. Finally, three different developments of 3D user interfaces are detailed to illustrate the proposed model and methodology.",ieee,llm,0.940,unreviewed,,doi:10.1109/melcon.2006.1653137
discarded,Service Based Component Design Approach for Flexible Hardware/Software Interface Modeling,L. Kriaa; A. Bouchhima; W. Youssef; F. Petrot; A.-M. Fouillart; A. Jerraya,2006,Seventeenth IEEE International Workshop on Rapid System Prototyping (RSP'06),10.1109/RSP.2006.35,https://ieeexplore.ieee.org/document/1630764/,off-topic-false-hit,"This paper describes a service-based model enabling systematic design and global simulation environments for SoC design. This model, called Service Dependency Graph (SDG) allows modeling of complex, customized (application-specific) interfaces. We also present a model generator that can automatically build hardware/software interfaces based on service and resource requirements described by the SDG. This approach has been applied successfully on the design of a Software Defined Radio application. The results show the effectiveness of the proposed approach in modeling complex interfaces. Additionally the SDG seems to be an excellent intermediate representation for the design automation of hardware software interfaces.",ieee,llm,0.890,unreviewed,,doi:10.1109/rsp.2006.35
discarded,Component Based Library Implementation of Abstract Data Types for Resource Management Customization of Embedded Systems,C. Baloukas; L. Papadopoulos; S. Mamagkakis; D. Soudris,2007,2007 IEEE/ACM/IFIP Workshop on Embedded Systems for Real-Time Multimedia,10.1109/ESTMED.2007.4375812,https://ieeexplore.ieee.org/document/4375812/,supports-claim; adjacent-subtopic,"In this paper, we present a component based abstract data type library that can handle efficiently the dynamic data access and storage requirements of complex multimedia applications. The proposed library exhibits high levels of modularity and extensibility in its design, which allows it to be customized according to the very specific characteristics of the targeted embedded software (i.e., Software Metadata) and underlying hardware platform (i.e., Hardware Metadata). We developed more than 30 components, which can be accessed by the embedded system designer through an interface, which is very similar to the STL abstract data type interface. These components are combined automatically with our prototype tool and thus provide highly customized container implementations matching the requirements of the software applications and the available hardware resources. The applicability of our proposed framework is evaluated on different real-life complex dynamic applications.",ieee,llm_reviewed,0.900,changed,kept->discarded,doi:10.1109/estmed.2007.4375812
discarded,Verifiable architectural interface for supporting model-driven development with adequate abstraction level,Naoyasu Ubayashi; Yasutaka Kamei,2012,2012 4th International Workshop on Modeling in Software Engineering (MISE),10.1109/MISE.2012.6226008,https://ieeexplore.ieee.org/document/6226008/,adjacent-subtopic,"It is not easy to design software architecture reflecting the intention of developers and implement the result of design as a program while preserving the architectural correctness and adequate abstraction level. Archface, an architectural interface mechanism, plays a role as an ADL at the design phase and as a programming interface at the implementation phase. Design and code can co-evolve with Archface at the center of the development process. This paper proposes a verifiable architectural interface that can check the traceability between design and code. For this checking, we use an SMT (Satisfiability Modulo Theories) solver, a tool for deciding the satisfiability of logical formulas. Adopting our approach, we can construct MDD tools supporting adequate abstraction level when they generate code, recover a design model from code, and check the traceability between a design model and its code.",ieee,llm,0.720,unreviewed,,doi:10.1109/mise.2012.6226008
discarded,"User interface design: the WHO, the WHAT, and the HOW revisited",C. Stary,1995,Proceedings Nineteenth Annual International Computer Software and Applications Conference (COMPSAC'95),10.1109/CMPSAC.1995.524777,https://ieeexplore.ieee.org/document/524777/,adjacent-subtopic,"As soon as user interface design is seen as an integral part of business- and user-oriented software development, a framework and a methodology are required for development support. The hereby introduced TADEUS-approach provides both, and is currently being implemented, in order to provide developers with a corresponding environment. The approach is dedicated to the integration of the specification of interacting users (WHO) allowing individual perspectives, as well as the specification of a system's functionality in a declarative (WHAT) and procedural way (HOW). The design methodology is model-driven and object-oriented. It supports the specification and integration of business models, user models, interaction models, and data models. Any specification may be reused for prototyping and further application development.",ieee,llm,0.910,unreviewed,,doi:10.1109/cmpsac.1995.524777
discarded,A combined approach for feature driven user interface prototyping,Michael Tschernuth; Mario Buchmayr; Michael Lettner; Florian Lettner,2012,2012 IEEE International Conference on Pervasive Computing and Communications Workshops,10.1109/PerComW.2012.6197518,https://ieeexplore.ieee.org/document/6197518/,adjacent-subtopic,"In the past years pervasive devices, especially mobile phones, have increased in complexity. Particularly the proliferation of features is tough to handle, not least because new features might require a hardware update or conflict with existing features. In order to overcome these issues we propose an approach which tackles the problem at an early development phase by increasing the semantic requirement specification. This work in progress paper proposes an idea where two methodologies for describing a system during the specification phase are combined to complement each other to improve the software development process of mobile phones, allowing to detect if required features are included in the user interface definition.",ieee,llm,0.930,unreviewed,,doi:10.1109/percomw.2012.6197518
discarded,Design and development of multidevice user interfaces through multiple logical descriptions,G. Mori; F. Paterno; C. Santoro,2004,IEEE Transactions on Software Engineering,10.1109/TSE.2004.40,https://ieeexplore.ieee.org/document/1316868/,adjacent-subtopic,"The increasing availability of new types of interaction platforms raises a number of issues for designers and developers. There is a need for new methods and tools to support development of nomadic applications, which can be accessed through a variety of devices. We present a solution, based on the use of three levels of abstractions, that allows designers to focus on the relevant logical aspects and avoid dealing with a plethora of low-level details. We have defined a number of transformations able to obtain user interfaces from such abstractions, taking into account the available platforms and their interaction modalities while preserving usability. The transformations are supported by an authoring tool, TERESA, which provides designers and developers with various levels of automatic support and several possibilities for tailoring such transformations to their needs.",ieee,llm,0.740,unreviewed,,doi:10.1109/tse.2004.40
discarded,Learning software engineering processes through playing games,Jöran Pieper,2012,2012 Second International Workshop on Games and Software Engineering: Realizing User Engagement with Game Engineering Techniques (GAS),10.1109/GAS.2012.6225921,https://ieeexplore.ieee.org/document/6225921/,adjacent-subtopic,"Software Processes belong to those knowledge areas of software engineering that are less suitable to be taught classically in lectures. Class projects which frequently complement lectures are limited by academic settings in various ways too. Simulation and digital game-based learning are considered to have great potential to extend the learning experiences beyond lectures and class projects, help to develop insight into the necessity of software processes and to widen the perspective of software engineering students in a virtual and efficient way. Several efforts made by different research groups show encouraging results. This research gathers preliminary findings, develops new ideas and gives suggestions to exhaust the potential further and to encourage the wider application of digital game-based learning in software engineering education. These suggestions are the foundation for building blocks of a new framework for simulation based digital learning games aiming to teach software engineering processes more effectively and efficiently.",ieee,llm,0.980,unreviewed,,doi:10.1109/gas.2012.6225921
discarded,Abstract Data Type Development and Implementation: An Example,R. Ford; K. Miller,1985,IEEE Transactions on Software Engineering,10.1109/TSE.1985.231549,https://ieeexplore.ieee.org/document/1701917/,supports-claim; adjacent-subtopic,"Data abstraction is an effective tool in the design of complex systems, and the representation independence it provides is a key factor in the maintenance and adaptation of software systems. This paper describes a system development methodology based on the development of hierarchies of abstract data types (ADT's). The methodology preserves a high degree of representation independence throughout both the design and implementation of complex systems. The methodology is illustrated with examples from the design and implementation of a Vision Research Programming System. These examples include ADT specifications, ADT interface specifications, and partial implementation code for the system in two different programming languages, Ada1 and Fortran.",ieee,llm_reviewed,0.980,changed,kept->discarded,doi:10.1109/tse.1985.231549
discarded,A method for the early stages of interactive system design using UML and Lean Cuisine+,C. Scogings; C. Phillips,2001,Proceedings Second Australasian User Interface Conference. AUIC 2001,10.1109/AUIC.2001.906279,https://ieeexplore.ieee.org/document/906279/,adjacent-subtopic,"In interactive system design, models and notations are required for describing user tasks, and for describing the structure of the human-computer dialogue to support these tasks. These descriptions should ideally be linked. This paper examines task modelling in UML and dialogue description in Lean Cuisine+, and describes a method for the early stages of interactive systems design which incorporates both notations. This provides a means of representing tasks in the context of the structure of the user interface, i.e. of explicitly showing the transformation of tasks to dialogue.",ieee,llm,0.970,unreviewed,,doi:10.1109/auic.2001.906279
discarded,"A framework for evaluating the usability of mobile phones based on multi-level, hierarchical model of usability factors",Jeongyun Heo; Dong-Han Ham; Sanghyun Park; Chiwon Song; Wan Chul Yoon,2009,Interacting with Computers,10.1016/j.intcom.2009.05.006,https://ieeexplore.ieee.org/document/8147342/,adjacent-subtopic,"As a mobile phone has various advanced functionalities or features, usability issues are increasingly challenging. Due to the particular characteristics of a mobile phone, typical usability evaluation methods and heuristics, most of which are relevant to a software system, might not effectively be applied to a mobile phone. Another point to consider is that usability evaluation activities should help designers find usability problems easily and produce better design solutions. To support usability practitioners of the mobile phone industry, we propose a framework for evaluating the usability of a mobile phone, based on a multi-level, hierarchical model of usability factors, in an analytic way. The model was developed on the basis of a set of collected usability problems and our previous study on a conceptual framework for identifying usability impact factors. It has multi-abstraction levels, each of which considers the usability of a mobile phone from a particular perspective. As there are goal-means relationships between adjacent levels, a range of usability issues can be interpreted in a holistic as well as diagnostic way. Another advantage is that it supports two different types of evaluation approaches: task-based and interface-based. To support both evaluation approaches, we developed four sets of checklists, each of which is concerned, respectively, with task-based evaluation and three different interface types: Logical User Interface (LUI), Physical User Interface (PUI) and Graphical User Interface (GUI). The proposed framework specifies an approach to quantifying usability so that several usability aspects are collectively measured to give a single score with the use of the checklists. A small case study was conducted in order to examine the applicability of the framework and to identify the aspects of the framework to be improved. It showed that it could be a useful tool for evaluating the usability of a mobile phone. Based on the case study, we improved the framework in order that usability practitioners can use it more easily and consistently.",ieee,llm,0.980,unreviewed,,doi:10.1016/j.intcom.2009.05.006
