status,title,authors,year,venue,doi,url,tags,abstract,provider,decision_source,llm_confidence,llm_review_outcome,llm_change_direction,paper_id
discarded,Multi-abstraction Concern Localization,Tien-Duy B. Le; Shaowei Wang; David Lo,2013,2013 IEEE International Conference on Software Maintenance,10.1109/ICSM.2013.48,https://ieeexplore.ieee.org/document/6676908/,adjacent-subtopic,"Concern localization refers to the process of locating code units that match a particular textual description. It takes as input textual documents such as bug reports and feature requests and outputs a list of candidate code units that need to be changed to address the bug reports or feature requests. Many information retrieval (IR) based concern localization techniques have been proposed in the literature. These techniques typically represent code units and textual descriptions as a bag of tokens at one level of abstraction, e.g., each token is a word, or each token is a topic. In this work, we propose multi-abstraction concern localization. A code unit and a textual description is represented at multiple abstraction levels. Similarity of a textual description and a code unit, is now made by considering all these abstraction levels. We have evaluated our solution on AspectJ bug reports and feature requests from the iBugs benchmark dataset. The experiment shows that our proposed approach outperforms a baseline approach, in terms of Mean Average Precision, by up to 19.36%.",ieee,llm,0.940,unreviewed,,doi:10.1109/icsm.2013.48
discarded,An empirical study on the efficiency of graphical vs. textual representations in requirements comprehension,Zohreh Sharafi; Alessandro Marchetto; Angelo Susi; Giuliano Antoniol; Yann-Gaël Guéhéneuc,2013,2013 21st International Conference on Program Comprehension (ICPC),10.1109/ICPC.2013.6613831,https://ieeexplore.ieee.org/document/6613831/,adjacent-subtopic,"Graphical representations are used to visualise, specify, and document software artifacts in all stages of software development process. In contrast with text, graphical representations are presented in two-dimensional form, which seems easy to process. However, few empirical studies investigated the efficiency of graphical representations vs. textual ones in modelling and presenting software requirements. Therefore, in this paper, we report the results of an eye-tracking experiment involving 28 participants to study the impact of structured textual vs. graphical representations on subjects' efficiency while performing requirement comprehension tasks. We measure subjects' efficiency in terms of the percentage of correct answers (accuracy) and of the time and effort spend to perform the tasks. We observe no statistically-significant difference in term of accuracy. However, our subjects spent more time and effort while working with the graphical representation although this extra time and effort does not affect accuracy. Our findings challenge the general assumption that graphical representations are more efficient than the textual ones at least in the case of developers not familiar with the graphical representation. Indeed, our results emphasise that training can significantly improve the efficiency of our subjects working with graphical representations. Moreover, by comparing the visual paths of our subjects, we observe that the spatial structure of the graphical representation leads our subjects to follow two different strategies (top-down vs. bottomup) and subsequently this hierarchical structure helps developers to ease the difficulty of model comprehension tasks.",ieee,llm,0.970,unreviewed,,doi:10.1109/icpc.2013.6613831
discarded,Direction and scope of comprehension-related activities by procedural and object-oriented programmers: an empirical study,C.L. Corritore; S. Wiedenbeck,2000,Proceedings IWPC 2000. 8th International Workshop on Program Comprehension,10.1109/WPC.2000.852488,https://ieeexplore.ieee.org/document/852488/,adjacent-subtopic,"Examines the direction and scope of comprehension-related activities of professional programmers carrying out several program comprehension and maintenance activities over time. Procedural and object-oriented (OO) programmers studied a program and subsequently performed modifications during two sessions. The results showed that the OO programmers tended to use a strongly top-down approach to program understanding during the early phase of studying the program, but increasingly used a bottom-up approach during the maintenance tasks. The procedural programmers used a more bottom-up orientation throughout all activities. The scope of the activities was greater for the procedural than for the OO programmers. However, regardless of the programming paradigm used, the programmers over time built a broad, rather than a localized, view of the program.",ieee,llm,0.920,unreviewed,,doi:10.1109/wpc.2000.852488
discarded,An empirical study to assess the effects of refactoring on software maintainability,Ruchika Malhotra; Anuradha Chug,2016,"2016 International Conference on Advances in Computing, Communications and Informatics (ICACCI)",10.1109/ICACCI.2016.7732033,https://ieeexplore.ieee.org/document/7732033/,adjacent-subtopic,"Maintenance is the most expensive phase of software and during this process refactoring is performed to improve the code without affecting its external behaviour. This study examines the effects of refactoring on maintainability using five proprietary software systems. Internal quality attributes were measured using design metrics suite whereas external quality attributes such as the level of abstraction, understandability, modifiability, extensibility and reusability were measured through expert opinion. The original versions of software are compared with refactored versions and the changes in quality attributes were mapped to maintainability. The results reveal that refactoring significantly improves the software quality and enhances software life. It was also found that even though refactoring is very tedious and might introduce errors if not implemented with utmost care, it is still advisable to frequently refactor the code to increase maintainability. Results of this study are useful to project managers in identifying the opportunities of refactoring while maintaining a perfect balance between reengineering and over-engineering.",ieee,llm,0.790,unreviewed,,doi:10.1109/icacci.2016.7732033
kept,On the comprehensibility of functional decomposition: An empirical study,Ewan Tempero; Paul Denny; James Finnie-Ansley; Andrew Luxton-Reilly; Diana Kirk; Juho Leinonen; Asma Shakil; Robert Sheehan; James Tizard; Yu-Cheng Tu; Burkhard C. Wünsche,2024,2024 IEEE/ACM 32nd International Conference on Program Comprehension (ICPC),,https://ieeexplore.ieee.org/document/10556458/,qualifies-claim; mot,"Folk-wisdom in software engineering suggests that small functions that adhere to the principle of single-responsibility have several advantages over longer, monolithic functions, including improvement in code comprehension. Despite this widespread view, empirical research on the impact of functional decomposition on understanding code is sparse, yet it is central to software development practices. In this study, we investigated the impact of functional decomposition on understanding using a controlled experiment in which participants were tasked with comprehending code for two different functionalities, each implemented as either a single function or multiple functions, and recorded the reading time, code description accuracy, and behaviour question responses. Despite a carefully constructed empirical study, we find that the influence of function decomposition on code understanding is inconclusive, suggesting that functional decomposition does not universally enhance code comprehensibility, and context-aware guidelines for code structuring may promote better comprehensibility. Our negative result contributes to the ongoing refinement of software engineering best practices for creating more maintainable software. CCS CONCEPTS • Software and its engineering $\rightarrow$Abstraction, modeling and modularity; Maintaining software.",ieee,llm_reviewed,0.950,confirmed,,hash:8be1ffdcfc230b10
discarded,The effectiveness of control structure diagrams in source code comprehension activities,D. Hendrix; J.H. Cross; S. Maghsoodloo,2002,IEEE Transactions on Software Engineering,10.1109/TSE.2002.1000450,https://ieeexplore.ieee.org/document/1000450/,adjacent-subtopic,"Recently, the first two in a series of planned comprehension experiments were performed to measure the effect of the control structure diagram (CSD) on program comprehensibility. Upper- and lower-division computer science and software engineering students were asked to respond to questions regarding the structure and execution of one source code module of a public domain graphics library. The time taken for each response and the correctness of each response was recorded. Statistical analysis of the data collected from these two experiments revealed that the CSD was highly significant in enhancing the subjects' performance in this program comprehension task. The results of these initial experiments promise to shed light on fundamental questions regarding the effect of software visualizations on program comprehensibility.",ieee,llm,0.960,unreviewed,,doi:10.1109/tse.2002.1000450
discarded,Dynamic model design recovery and architecture abstraction of object oriented software,Qingshan Li,2005,Ninth European Conference on Software Maintenance and Reengineering,10.1109/CSMR.2005.26,https://ieeexplore.ieee.org/document/1402144/,adjacent-subtopic,"The paper gives an overview of a Ph.D. thesis and describes the main contents of the thesis. The thesis makes research on reverse engineering of object-oriented software at source codes level. According to the dynamic property of object-oriented software system, a group of models, mechanisms and algorithms that can be used to extract dynamic information and abstract high-level models of such systems are provided in the thesis. A group of systematic experiments are also conducted in the thesis so as to verify the correctness, validity and other related performance of these dynamic model design recovery and architecture abstraction algorithms.",ieee,llm,0.920,unreviewed,,doi:10.1109/csmr.2005.26
discarded,An empirical study on using hints from past fixes,Hao Zhong; Na Meng,2017,2017 IEEE/ACM 39th International Conference on Software Engineering Companion (ICSE-C),10.1109/ICSE-C.2017.88,https://ieeexplore.ieee.org/document/7965283/,adjacent-subtopic,"With the usage of version control systems, many bug fixes have accumulated over the years. Researchers have proposed various approaches that reuse past fixes to fix new bugs. However, some fundamental questions, such as how new bug fixes can be constructed from old fixes, have not been investigated. When an approach reuses past fixes to fix a new bug, the new bug fix should overlap with past fixes in terms of code structures and/or code names. Based on this intuition, we systematically design six overlap metrics, and conduct an empirical study on 5,735 bug fixes to investigate the usefulness of past fixes. For each bug fix, we create delta dependency graphs, and identify how bug fixes overlap with each other by detecting isomorphic subgraphs. Our results show Besides that above two major findings, we have additional ten findings, which can deepen the understanding on automatic program repair.",ieee,llm,0.990,unreviewed,,doi:10.1109/icse-c.2017.88
discarded,Improving software comprehension through an automated dependency tracer,A.R. Fasolino; G. Visaggio,1999,Proceedings Seventh International Workshop on Program Comprehension,10.1109/WPC.1999.777744,https://ieeexplore.ieee.org/document/777744/,adjacent-subtopic,"The paper presents ANALYST, a tool that automates impact analysis by exploiting a framework that implements dependency based software representation models. The preliminary experimental results show that it supports the improvement of software representation models to be used in software comprehension. Moreover, the tool allows the maintainer to perform more accurate and correct changes, decreasing the software degradation effect. Finally, it is shown that the tool can be used as a general platform for experimenting with different impact analysis approaches, and for assessing and comparing their effectiveness with the use of suitable metrics.",ieee,llm,0.950,unreviewed,,doi:10.1109/wpc.1999.777744
discarded,Extension of a transformation system for maintenance: dealing with data-intensive programs,Hongji Yang; Bennett,1994,Proceedings 1994 International Conference on Software Maintenance,10.1109/ICSM.1994.336760,https://ieeexplore.ieee.org/document/336760/,adjacent-subtopic,"The paper, following the theme set out in a previous paper by K.H. Bennett et al. (see ibid., 1992) provides more results of the research programme on reverse engineering. It concentrates on dealing with data-intensive programs such as those written in COBOL. The problems with data-intensive programs are addressed, our solutions to these problems are discussed, a prototype built on our approach is described and the results of the experiments are presented. It is concluded that formal transformations provide a way of combining design decisions which have become instantiated in both the code and the data structures.<>",ieee,llm,0.960,unreviewed,,doi:10.1109/icsm.1994.336760
discarded,Laws of software evolution and their empirical support,J.F. Ramil,2002,"International Conference on Software Maintenance, 2002. Proceedings.",10.1109/ICSM.2002.1167752,https://ieeexplore.ieee.org/document/1167752/,adjacent-subtopic,,ieee,llm,0.920,unreviewed,,doi:10.1109/icsm.2002.1167752
discarded,Comprehension processes during large scale maintenance,A. von Mayrhauser; A.M. Vans,1994,Proceedings of 16th International Conference on Software Engineering,10.1109/ICSE.1994.296764,https://ieeexplore.ieee.org/document/296764/,adjacent-subtopic,We present results of observing professional maintenance engineers working with industrial code at actual maintenance tasks. Protocol analysis is used to explore how code understanding might differ for small versus large scale code. The experiment confirms that cognition processes work at all levels of abstraction simultaneously as programmers build a mental model of the code. Cognition processes emerged at three levels of aggregation representing lower and higher level strategies of understanding. They show differences in what triggers them and how they achieve their goals. Results are useful for defining core competencies which maintenance engineers need for their work and for documentation and development standards.<>,ieee,llm,0.880,unreviewed,,doi:10.1109/icse.1994.296764
discarded,Productive Development of Dynamic Program Analysis Tools with DiSL,Aibek Sarimbekov; Yudi Zheng; Danilo Ansaloni; Lubomír Bulej; Luká Marek; Walter Binder; Petr Tuma; Zhengwei Qi,2013,2013 22nd Australian Software Engineering Conference,10.1109/ASWEC.2013.12,https://ieeexplore.ieee.org/document/6601288/,adjacent-subtopic,"Dynamic program analysis tools serve many important software engineering tasks such as profiling, debugging, testing, program comprehension, and reverse engineering. Many dynamic analysis tools rely on program instrumentation and are implemented using low-level instrumentation libraries, resulting in tedious and error-prone tool development. The recently released Domain-Specific Language for Instrumentation (DiSL) was designed to boost the productivity of tool developers targeting the Java Virtual Machine, without impairing the performance of the resulting tools. DiSL offers high-level programming abstractions especially designed for development of instrumentation-based dynamic analysis tools. In this paper, we present a controlled experiment aimed at quantifying the impact of the DiSL programming model and high-level abstractions on the development of dynamic program analysis instrumentations. The experiment results show that compared with a prevailing, state-of-the-art instrumentation library, the DiSL users were able to complete instrumentation development tasks faster, and with more correct results.",ieee,llm,0.770,unreviewed,,doi:10.1109/aswec.2013.12
discarded,Exploring Blueprints on the Prioritization of Architecturally Relevant Code Anomalies -- A Controlled Experiment,Everton Guimaraes; Alessandro Garcia; Yuanfang Cai,2014,2014 IEEE 38th Annual Computer Software and Applications Conference,10.1109/COMPSAC.2014.57,https://ieeexplore.ieee.org/document/6899236/,adjacent-subtopic,"The progressive insertion of code anomalies in evolving programs may lead to architecture degradation symptoms. Several approaches have been proposed aiming to detect code anomalies in the source code, such as God Class and Shotgun Surgery. However, most of them fail to assist developers on prioritizing code anomalies harmful to the software architecture. These approaches often rely on source code analysis and do not provide developers with useful information to help the prioritization of those anomalies that impact on the architectural design. In this context, this paper presents a controlled experiment aiming at investigating how developers, when supported by architecture blueprints, are able to prioritize different types of code anomalies in terms of their architectural relevance. Our contributions include: (i) quantitative indicators on how the use of blueprints may improve process of prioritizing code anomalies, (ii) a discussion of how blueprints may help on the prioritization processes, (iii) an analysis of whether and to what extent the use of blueprints impacts on the time for revealing architecturally relevant code anomalies, and (iv) a discussion on the main characteristics of false positives and false negatives observed by the actual developers.",ieee,llm,0.960,unreviewed,,doi:10.1109/compsac.2014.57
discarded,An Experiment in Software Error Data Collection and Analysis,N.F. Schneidewind; H.-M. Hoffmann,1979,IEEE Transactions on Software Engineering,10.1109/TSE.1979.234188,https://ieeexplore.ieee.org/document/1702626/,adjacent-subtopic,"The propensity to make programming errors and the rates of error detection and correction are dependent on program complexity. Knowledge of these relationships can be used to avoid errorprone structures in software design and to devise a testing strategy which is based on anticipated difficulty of error detection and correction. An experiment in software error data collection and analysis was conducted in order to study these relationships under conditions where the error data could be carefully defined and collected. Several complexity measures which can be defined in terms of the directed graph representation of a program, such as cyclomatic number, were analyzed with respect to the following error characteristics: errors found, time between error detections, and error correction time. Signifiant relationships were found between complexity measures and error charateristics. The meaning of directed grph structural properties in terms of the complexity of the programming and testing tasks was examined.",ieee,llm,0.910,unreviewed,,doi:10.1109/tse.1979.234188
discarded,Empirical Evaluation of Diagrams of the Run-time Structure for Coding Tasks,Nariman Ammar; Marwan Abi-Antoun,2012,2012 19th Working Conference on Reverse Engineering,10.1109/WCRE.2012.46,https://ieeexplore.ieee.org/document/6385132/,supports-claim; adjacent-subtopic,"With object-oriented design, it is at least as important -- possibly more important -- to understand the run-time structure, in terms of objects and their relations, as to understand the code structure dealing with source files, classes and packages. Today, many tools and diagrams help developers understand the code structure. Diagrams of the run-time structure, however, are much less mature. One diagram of the run-time structure is a statically extracted, global, hierarchical Ownership Object Graph (OOG). The OOG conveys architectural abstraction by ownership hierarchy by showing architecturally significant objects near the top of the hierarchy and data structures further down. In an OOG, objects are also organized into named, conceptual groups called domains. We evaluate, in a controlled experiment, whether an OOG, as a diagram of the run-time structure, improves comprehension by giving developers the ability to distinguish the role that an object plays, not only by type, but also by named groups (domains) or by position in the run-time structure (ownership). We observed 10 participants, for 3 hours each, perform three feature implementation tasks on a framework application. Our results indicate that, on average, the OOG had a positive effect of varying extents on comprehension that reduced the time spent by 22%-60% and irrelevant code explored by 10%-60%. The difference was significant (p",ieee,llm_reviewed,0.820,changed,kept->discarded,doi:10.1109/wcre.2012.46
