status,title,authors,year,venue,doi,url,tags,abstract,provider,decision_source,llm_confidence,llm_review_outcome,llm_change_direction,paper_id
discarded,Representing of dependence model and class testing using program dependence model,"Lee, M; Im, DJ; Park, SS; Lee, J; Lee, J; Cho, B",2003,"KNOWLEDGE-BASED INTELLIGNET INFORMATION AND ENGINEERING SYSTEMS, PT 2, PROCEEDINGS",,https://www.webofscience.com/wos/woscc/full-record/WOS:000186518100113,adjacent-subtopic,"This paper presents the method dependence model representing implementation level information including the dependence among variables in an object oriented program. I also propose implementation-based class testing technique based on the test adequacy criterion of an object-oriented program. Considering inter-data member dependences and a set of axioms for test data adequacy, it generates sequences of methods as test cases which satisfy a flow graph-based testing criterion. For a derived class testing, it considers inheritance relationship and the reusability of the testing information for its parent classes which verified the reduction of test cost through the experiment.",wos,llm,0.800,unreviewed,,hash:451cfeec54d4be0a
discarded,Measuring software evolution at a nuclear fusion experiment site: a test case for the applicability of OO and reuse metrics in software characterization,"Manduchi, G; Taliercio, C",2002,INFORMATION AND SOFTWARE TECHNOLOGY,,https://www.webofscience.com/wos/woscc/full-record/WOS:000177370500003,qualifies-claim; adjacent-subtopic,"A set of software metrics has been used to provide empirical evidence on how code organization changes when a software product evolves. A Java application for graphical data display used in experimental physics has been used as a test case. Exploiting common patterns in the way software applications evolve is desirable as it would give designers and managers a better understanding of the software process. The analysis in which framework reuse has also been considered, highlighted a limited use of the inheritance mechanism and, despite an increase in the overall complexity, a substantial invariance of the internal application organization. This fact is explained by the increasing framework usage and integration during the product's lifetime. (C) 2002 Elsevier Science B.V. All rights reserved.",wos,llm_reviewed,0.910,changed,kept->discarded,hash:90e003d72dcc3882
discarded,An empirical study of certain object-oriented software metrics,"Subramanian, G; Corbin, W",2001,JOURNAL OF SYSTEMS AND SOFTWARE,,https://www.webofscience.com/wos/woscc/full-record/WOS:000173214700005,supports-claim; adjacent-subtopic,"This research focuses on analyzing certain software metrics in an object-oriented (00) environment. The metrics collected and analyzed includes size, number of message (NOM) sends, reuse, inherited methods, and hierarchical nesting level. The site used is the factory systems department of a large manufacturing company. This department uses SmallTalk as the 00 programming language to implement the 00 design paradigm. Using automated tools developed in SmallTalk. these metrics were collected from three domain applications comprising 600 classes. Four propositions are empirically tested and the results provided in this study. (C) 2001 Elsevier Science Inc. All rights reserved.",wos,llm_reviewed,0.840,changed,kept->discarded,hash:3f6257f37d2958e8
discarded,Implementation-based class testing using program dependence model,"Kim, HS; Jeong, JP; Oh, KS; Lee, KJ; Bae, SH; Koh, JG",2001,ISE'2001: PROCEEDINGS OF THE INTERNATIONAL SYMPOSIUM ON INFORMATION SYSTEMS AND ENGINEERING,,https://www.webofscience.com/wos/woscc/full-record/WOS:000173027400055,adjacent-subtopic,"The representation of a procedural program cannot be applied directly to object oriented program representation consisting of class, object, inheritance, and dynamic binding. Furthermore, preexisting program dependence represented the dependence among statements, but not among variables. That is. it could not solve the problem of which variables make an effect on given variables. Consequently. this study presents the method dependence model representing implementation level information including the dependence among variables in an object oriented program. I also propose implementation-based class testing technique based on the test adequacy criterion of an object-oriented program. Considering inter-data member dependences and a set of axioms for test data adequacy, it generates sequences of methods as test cases which satisfy a flow graph-based testing criterion. For a derived class testing, it considers inheritance relationship and the reusability of the testing information for its parent classes which verified the reduction of test cost through the experiment.",wos,llm,0.820,unreviewed,,hash:dc810008afa8fdcd
discarded,"OO design patterns, design structure, and program changes: An industrial case study","Bieman, JM; Jain, D; Yang, HJ",2001,"IEEE INTERNATIONAL CONFERENCE ON SOFTWARE MAINTENANCE, PROCEEDINGS",,https://www.webofscience.com/wos/woscc/full-record/WOS:000173273000072,adjacent-subtopic,"A primary expected benefit of object-oriented(OO) methods is the creation of software systems that are easier to adapt and maintain. 00 design patterns are especially geared to improve adaptability, since patterns generally increase the complexity of an initial design in order to case future enhancements. For design patterns to really provide benefit, they must reduce the cost of future adaptation, The evidence of improvements in adaptability, through the use of design patterns and other design structures consists primarily of intuitive arguments and examples. There is little empirical evidence to support claims of improved flexibility of these preferred structures.

In this case study, we analyze 39 versions of an evolving industrial OO software system to see if there is a relationship between patterns, other design attributes, and the number of changes. We found a strong relationship between class size and the number of changes - larger classes were changed more frequently We also found two relationships that we did not expect: (1) classes that participate in design patterns are not less change prone - these pattern classes are among the most change prone in the system, and (2) classes that are reused the most through inheritance tend to be more change prone. These unexpected results hold zip after accounting for class size, which had the Strongest relationship with changes.",wos,llm,0.900,unreviewed,,hash:d543b66535f803cf
discarded,Empirical evaluation of reuse sensitiveness of complexity metrics,"Kamiya, T; Kusumoto, S; Inoue, K; Mohri, Y",1999,INFORMATION AND SOFTWARE TECHNOLOGY,,https://www.webofscience.com/wos/woscc/full-record/WOS:000079599300005,supports-claim; adjacent-subtopic,"Measuring software products and processes is essential for improving software productivity and quality. In order to evaluate the complexity of object-oriented software, several complexity metrics have been proposed. Among them, Chidamber and Kemerer's metrics are the most well-known for object-oriented software. Their metrics evaluate the complexity of the classes in terms of internal, inheritance, and coupling complexity. Though the reused classes of the class library usually have better quality than the newly-developed ones, their metrics deal with inheritance and coupling complexity in the same way. This article first proposes a revision of the Chidamber and Kemerer's metrics which can be applied to software which had been constructed by reusing software components. Then, we give an analysis of data collected from the development of an object-oriented software using a GUI framework. We compare the original metrics with the revised ones by evaluating the accuracy of estimating the effort to fix faults and show the validity and usefulness of the revised metrics. (C) 1999 Elsevier Science B.V. All rights reserved.",wos,llm_reviewed,0.890,changed,kept->discarded,hash:1647aea4b733a918
discarded,An expert-system technique for object-oriented program testing,"Chen, WC; Chen, DJ; Chung, CG",1999,JOURNAL OF OBJECT-ORIENTED PROGRAMMING,,https://www.webofscience.com/wos/woscc/full-record/WOS:000079316200006,adjacent-subtopic,"Data abstraction, information hiding, inheritance, and dynamic binding are four basic elements used in designing object-oriented (OO) programs. These four mechanisms enable programmers to write object-oriented programs that are easily extended, reused and maintained. Software implemented by OO methodologies has increased software quality and productivity.(1) However, this cannot be guaranteed without an appropriate software testing approach. Traditional testing approaches cannot be applied directly to the testing of OO programs due to the OO characteristics used in these programs. OO program testing strategies and methods are proposed continually, but fewer OO testing tools with flexibility are discussed.",wos,llm,0.950,unreviewed,,hash:137917d6ac25e0c6
discarded,DESMO-J: An object oriented discrete simulation framework in Java,"Lechler, T; Page, B",1999,SIMULATION IN INDUSTRY'99: 11TH EUROPEAN SIMULATION SYMPOSIUM 1999,,https://www.webofscience.com/wos/woscc/full-record/WOS:000088745500008,adjacent-subtopic,"Most implementations of a discrete simulation package offer support for either process oriented or event oriented modeling. Although a combination of both paradigms eases modeling of real world systems, this approach has scarcely been implemented. DESMO-J closes the gap between these two modeling paradigms. It is a Java based simulation framework that offers the combination of both event and process oriented modeling under the scope of a single model. The heart of the framework is its architecture and the scheduling mechanism, which relies on Java threads for implementing simulation processes. Special care had to be taken to implement a robust coroutine mechanism for simulation processes whilst still allowing multiple and parallel execution of experiments on a single Java virtual machine. DESMO-J also attempts to wider? the aspects of model reuse by offering the composition of complex models based on other (composed) submodels. It has already been used for educational purposes and constitutes a firm basis for a series of further developments towards component based modeling using Java-Beans, web based teaching and the extension towards a GUI for controlling experiments as applets inside a web-browser.",wos,llm,0.870,unreviewed,,hash:4efab3099b768511
kept,An empirical view of inheritance,"Cartwright, M",1998,INFORMATION AND SOFTWARE TECHNOLOGY,,https://www.webofscience.com/wos/woscc/full-record/WOS:000077768100002,qualifies-claim; mekanism,"For some years software engineering researchers have been advocating object-oriented (OO) methods as a powerful approach to overcome many of the difficulties associated with software development. A central concept within OO is the use of the inheritance mechanism, primarily with a view to enhancing opportunities for reuse. This paper reviews the evidence we have concerning the use and the impact of inheritance within OO software. A striking result is how little the mechanism is used in practice. The paper then goes onto describe an experiment conducted at Bournemouth University to investigate the impact of class inheritance upon the maintenance of C + + software. The experiment was a replication of an experiment previously conducted at the University of Strathclyde. Two versions of a bibliographic database program were used. One used inheritance and the other a flat structure. It was found that subjects took significantly longer to make the same change on the program with inheritance, however, their changes were more compact. Interestingly, the Strathclyde group found that the time to make changes for the inheritance version was reduced. We conclude that there is an urgent need for further empirical work to study the impact of the inheritance mechanism using more subjects and in an industrial setting. (C) 1998 Elsevier Science B.V. All rights reserved.",wos,llm_reviewed,0.990,confirmed,,hash:a7385ec357321a58
kept,Software reuse using C++ classes - The question of inheritance,"Lattanzi, M; Henry, S",1998,JOURNAL OF SYSTEMS AND SOFTWARE,,https://www.webofscience.com/wos/woscc/full-record/WOS:000074287200006,qualifies-claim; mekanism,"The purpose of this research is to explore the productivity benefits gained by software reuse in the object-oriented paradigm. There are two types of object-oriented software reuse: black box reuse (class reuse without modification) and white box reuse (class reuse by deriving a new class from and existing one (inheritance)). Each type is examined for its effect on programmer productivity using two related experiments. The results of these experiments show that black box reuse increases programmer productivity, but the benefits of white box reuse are less clear. In order to derive new classes effectively, the parent (library) class must be understood. This research suggests that black box reuse in the object-oriented paradigm should be encouraged in all programmers, but white box reuse should be performed by a library specialist (manager) to remove the overhead of understanding the library's implementation in order to reuse it effectively. (C) 1998 Elsevier Science Inc. All rights reserved.",wos,llm_reviewed,0.990,confirmed,,hash:a96b5d7e220f9de8
discarded,Object oriented reuse through algebraic specifications,"Favre, L",1998,"TOOLS 28: TECHNOLOGY OF OBJECT-ORIENTED LANGUAGES, PROCEEDINGS",,https://www.webofscience.com/wos/woscc/full-record/WOS:000079195700009,adjacent-subtopic,"Most current approaches to object-oriented reusability are based oil empirical,methods. However, the formal specification of reusable components and the development of a rigorous method for their systematic reuse permit building ""correct"" and efficient object-oriented software.

This paper proposes the SRI model for the definition of the structure of a reusable component. This model integrates algebraic specifications and concrete classes in an object oriented language. A rigorous method for retrieval, adaptation and integration of SRI components is described

Eiffel was chosen as the language to demonstrate the power of the model. hi such;a framework an Eiffel application is produced semiautomatically from previously existing classes by applying specification building operators for extension, renaming, restriction and composition.",wos,llm,0.950,unreviewed,,hash:fc506702aa0829ac
discarded,A translation approach for object oriented chill program in development of telecommunication software,"Lee, DG; Lee, JK; Lee, BS; Lee, HH",1998,"GLOBECOM 98: IEEE GLOBECOM 1998 - CONFERENCE RECORD, VOLS 1-6",,https://www.webofscience.com/wos/woscc/full-record/WOS:000081660200264,adjacent-subtopic,"ITU-T recommended object oriented CHILL(CHILL96) as an object-oriented programming language for telecommunication software. In CHILL96, moreta modes of object-orientation are added for reusability and modularity of telecommunications software. In this paper we propose a translation scheme from CHILL96 to CHILL based on the two design concepts: 1) for high compatibility with CHILL software for partial object orientation of existing software, and for high reusability of the existing CHILL codes in object orientation. 2) for an easy and rapid implementation to CHILL96 compilation system by using of the verified tools such as code generator and code optimizer executable with CHILL. With respect to the considerations of distributed concurrent real-time processing;nn the translation scheme consists of translation rules for moreta modes definition, visibility control, inheritance, renaming, dynamic binding and the other features of CHILL. Moreover, we extend some features of CHILL96 for distributed real-time processing. Our experimental results show that, in the object orientation of the existing CHILL programs, the reuse rate of existing CHILL program and productivity is much high and run-time performance is decreased by 8%-10% compared with its corresponding CHILL program.. From our results our translation scheme is a good and easy solution to develop CHILL96 compilation system, and it can be utilized in object orientation of the existing CHILL telecommunications software.",wos,llm,0.910,unreviewed,,hash:1aefb619906a3445
discarded,A Hierarchical Methodology for Hardware Design Comparison in HPC Workloads,D.T. Popovici,2026,Proceedings of the 2026 ACM SIGDA International Symposium on Field Programmable Gate Arrays FPGA 2026,10.1145/3748173.3779562,https://www.scopus.com/inward/record.uri?partnerID=HzOxMe3b&scp=105032939417&origin=inward,off-topic-false-hit,,scopus,llm,0.980,unreviewed,,doi:10.1145/3748173.3779562
discarded,Impact of Co-Occurrences of Code Smells and Design Patterns on Internal Code Quality Attributes,S. Imran,2025,Iet Software,10.1049/sfw2/5579438,https://www.scopus.com/inward/record.uri?partnerID=HzOxMe3b&scp=105023484622&origin=inward,adjacent-subtopic,,scopus,llm,0.910,unreviewed,,doi:10.1049/sfw2/5579438
discarded,Exploring the Impact of Inheritance on Test Code Maintainability,D.J. Kim,2024,Proceedings International Conference on Software Engineering,10.1145/3639478.3643522,https://www.scopus.com/inward/record.uri?partnerID=HzOxMe3b&scp=85194872476&origin=inward,qualifies-claim; adjacent-subtopic,,scopus,llm_reviewed,0.720,changed,kept->discarded,doi:10.1145/3639478.3643522
kept,On the adoption and effects of source code reuse on defect proneness and maintenance effort,G. Giordano,2024,Empirical Software Engineering,10.1007/s10664-023-10408-6,https://www.scopus.com/inward/record.uri?partnerID=HzOxMe3b&scp=85179738716&origin=inward,qualifies-claim,,scopus,llm,0.920,unreviewed,,doi:10.1007/s10664-023-10408-6
discarded,Visualization of object-oriented software in a city metaphor: Comprehending the implemented variability and its technical debt,J. Mortara,2024,Journal of Systems and Software,10.1016/j.jss.2023.111876,https://www.scopus.com/inward/record.uri?partnerID=HzOxMe3b&scp=85177984379&origin=inward,adjacent-subtopic,,scopus,llm,0.910,unreviewed,,doi:10.1016/j.jss.2023.111876
discarded,Blessing or Curse? Investigating Test Code Maintenance Through Inheritance and Interface,D.J. Kim,2024,Proceedings 2024 IEEE International Conference on Software Maintenance and Evolution Icsme 2024,10.1109/ICSME58944.2024.00031,https://www.scopus.com/inward/record.uri?partnerID=HzOxMe3b&scp=85215528810&origin=inward,qualifies-claim; adjacent-subtopic,,scopus,llm_reviewed,0.920,changed,kept->discarded,doi:10.1109/icsme58944.2024.00031
discarded,An Efficient Approach to Learn an Effective Hierarchy of a Set of OOBN Classes,W. Islam,2024,Proceedings of the 2024 18th International Conference on Ubiquitous Information Management and Communication Imcom 2024,10.1109/IMCOM60618.2024.10418370,https://www.scopus.com/inward/record.uri?partnerID=HzOxMe3b&scp=85186138428&origin=inward,off-topic-false-hit,,scopus,llm,0.970,unreviewed,,doi:10.1109/imcom60618.2024.10418370
discarded,Automated construction of an Object-Oriented Bayesian Network (OOBN) Class Hierarchy,M. Samiullah,2022,Proceedings International Conference on Tools with Artificial Intelligence Ictai,10.1109/ICTAI56018.2022.00209,https://www.scopus.com/inward/record.uri?partnerID=HzOxMe3b&scp=85156158406&origin=inward,off-topic-false-hit,,scopus,llm,0.850,unreviewed,,doi:10.1109/ictai56018.2022.00209
kept,On the Evolution of Inheritance and Delegation Mechanisms and Their Impact on Code Quality,G. Giordano,2022,Proceedings 2022 IEEE International Conference on Software Analysis Evolution and Reengineering Saner 2022,10.1109/SANER53432.2022.00113,https://www.scopus.com/inward/record.uri?partnerID=HzOxMe3b&scp=85135795681&origin=inward,qualifies-claim,,scopus,llm,0.840,unreviewed,,doi:10.1109/saner53432.2022.00113
discarded,A cost-effective adaptive random testing algorithm for object-oriented software testing,Y. Zhou,2021,Journal of Intelligent and Fuzzy Systems,10.3233/JIFS-189701,https://www.scopus.com/inward/record.uri?partnerID=HzOxMe3b&scp=85117369010&origin=inward,adjacent-subtopic,,scopus,llm,0.970,unreviewed,,doi:10.3233/jifs-189701
discarded,Empirical Evaluation of Coupling Metrics in Software Fault Prediction,M. Rizwan,2020,Proceedings of 2020 17th International Bhurban Conference on Applied Sciences and Technology Ibcast 2020,10.1109/IBCAST47879.2020.9044489,https://www.scopus.com/inward/record.uri?partnerID=HzOxMe3b&scp=85085508110&origin=inward,adjacent-subtopic,,scopus,llm,0.950,unreviewed,,doi:10.1109/ibcast47879.2020.9044489
discarded,Interpretation of inheritance with object oriented metrics in context of software complexity,M.K. Sharma,2019,International Journal of Engineering and Advanced Technology,,https://www.scopus.com/inward/record.uri?partnerID=HzOxMe3b&scp=85069919851&origin=inward,adjacent-subtopic,,scopus,llm,0.880,unreviewed,,hash:5bff02932a79d093
discarded,An analysis of inheritance hierarchy evolution,M.I. Wood,2019,ACM International Conference Proceeding Series,10.1145/3319008.3319023,https://www.scopus.com/inward/record.uri?partnerID=HzOxMe3b&scp=85064752392&origin=inward,adjacent-subtopic,,scopus,llm,0.780,unreviewed,,doi:10.1145/3319008.3319023
discarded,Fault-proneness prediction of object-oriented classes using reusability measures,J. Al Dallal,2019,ACM International Conference Proceeding Series,10.1145/3323933.3324079,https://www.scopus.com/inward/record.uri?partnerID=HzOxMe3b&scp=85066787600&origin=inward,adjacent-subtopic,,scopus,llm,0.830,unreviewed,,doi:10.1145/3323933.3324079
