status,title,authors,year,venue,doi,url,tags,abstract,provider,decision_source,llm_confidence,llm_review_outcome,llm_change_direction,paper_id
discarded,SAND: A New Programming Abstraction for Video-based Deep Learning,J. Ye,2025,Sosp 2025 Proceedings of the 2025 ACM Sigops 31st Symposium on Operating Systems Principles,10.1145/3731569.3764847,https://www.scopus.com/inward/record.uri?partnerID=HzOxMe3b&scp=105020863013&origin=inward,adjacent-subtopic,,scopus,llm,0.940,unreviewed,,doi:10.1145/3731569.3764847
discarded,Design of space systems and operational mission architectures using sandbox games,R.N. Schmitt,2025,Acta Astronautica,10.1016/j.actaastro.2025.04.004,https://www.scopus.com/inward/record.uri?partnerID=HzOxMe3b&scp=105004027498&origin=inward,off-topic-false-hit,,scopus,llm,0.980,unreviewed,,doi:10.1016/j.actaastro.2025.04.004
discarded,Empirical Validation of Maintainability Evaluation Model: AI Driven Approach,J. Singh,2025,2025 International Conference on Metaverse and Current Trends in Computing Icmctc 2025,10.1109/ICMCTC62214.2025.11196734,https://www.scopus.com/inward/record.uri?partnerID=HzOxMe3b&scp=105022266740&origin=inward,adjacent-subtopic,,scopus,llm,0.910,unreviewed,,doi:10.1109/icmctc62214.2025.11196734
discarded,Visual Modeling and Simulation of AUTOSAR Application Layer Models Using Modelica,P. Yang,2025,Proceedings 2025 ACM IEEE 28th International Conference on Model Driven Engineering Languages and Systems Models 2025,10.1109/MODELS67397.2025.00011,https://www.scopus.com/inward/record.uri?partnerID=HzOxMe3b&scp=105029879537&origin=inward,adjacent-subtopic,,scopus,llm,0.900,unreviewed,,doi:10.1109/models67397.2025.00011
discarded,Customizable HMI Design Systems Using Parent-Child Architecture for Cross-Platform Integration,M. Bryksin,2025,Lecture Notes in Computer Science,10.1007/978-3-031-93835-1_17,https://www.scopus.com/inward/record.uri?partnerID=HzOxMe3b&scp=105007675368&origin=inward,adjacent-subtopic,,scopus,llm,0.740,unreviewed,,doi:10.1007/978-3-031-93835-1_17
discarded,Challenges in software model reuse: cross application domain vs. cross modeling paradigm,I. Reinhartz-Berger,2024,Empirical Software Engineering,10.1007/s10664-023-10386-9,https://www.scopus.com/inward/record.uri?partnerID=HzOxMe3b&scp=85178667689&origin=inward,adjacent-subtopic,,scopus,llm,0.780,unreviewed,,doi:10.1007/s10664-023-10386-9
discarded,Exploring Polymorphism: Flexibility and Code Reusability in Object-Oriented Programming,H.M. Ali,2024,Passer Journal of Basic and Applied Sciences,10.24271/PSR.2024.189667,https://www.scopus.com/inward/record.uri?partnerID=HzOxMe3b&scp=85186874430&origin=inward,adjacent-subtopic,,scopus,llm,0.650,unreviewed,,doi:10.24271/psr.2024.189667
discarded,Shareable and Inheritable Incremental Compilation in iOOBN,M. Samiullah,2024,Lecture Notes in Computer Science Including Subseries Lecture Notes in Artificial Intelligence and Lecture Notes in Bioinformatics,10.1007/978-981-99-7022-3_8,https://www.scopus.com/inward/record.uri?partnerID=HzOxMe3b&scp=85177442173&origin=inward,off-topic-false-hit,,scopus,llm,0.910,unreviewed,,doi:10.1007/978-981-99-7022-3_8
discarded,Nubes: Object-Oriented Programming for Stateful Serverless Functions,K.A. Marek,2023,Wosc 2023 Proceedings of the 2023 9th International Workshop on Serverless Part of Middleware 2023,10.1145/3631295.3631398,https://www.scopus.com/inward/record.uri?partnerID=HzOxMe3b&scp=85180127999&origin=inward,adjacent-subtopic,,scopus,llm,0.880,unreviewed,,doi:10.1145/3631295.3631398
discarded,Using Artificial Intelligence Assistant Technology to Develop Animation Games on IoT,R. Zhang,2023,Computer Science and Information Systems,10.2298/CSIS220719021Z,https://www.scopus.com/inward/record.uri?partnerID=HzOxMe3b&scp=85158946526&origin=inward,off-topic-false-hit,,scopus,llm,0.960,unreviewed,,doi:10.2298/csis220719021z
discarded,DOOSRA—Distributed Object-Oriented Software Restructuring Approach using DIM-K-means and MAD-based ENRNN classifier,G. Sudhakar,2023,Iet Software,10.1049/sfw2.12076,https://www.scopus.com/inward/record.uri?partnerID=HzOxMe3b&scp=85144834649&origin=inward,adjacent-subtopic,,scopus,llm,0.880,unreviewed,,doi:10.1049/sfw2.12076
discarded,Reusability Estimation of Object-Oriented (O–O) Systems Using SOM Technique,B. Bisht,2022,Lecture Notes in Electrical Engineering,10.1007/978-981-19-0284-0_40,https://www.scopus.com/inward/record.uri?partnerID=HzOxMe3b&scp=85128942612&origin=inward,adjacent-subtopic,,scopus,llm,0.890,unreviewed,,doi:10.1007/978-981-19-0284-0_40
discarded,An Approach Toward Measurement of Reusability of Component-Based Software (CBS),R. Boken,2022,Lecture Notes in Networks and Systems,10.1007/978-981-16-4807-6_14,https://www.scopus.com/inward/record.uri?partnerID=HzOxMe3b&scp=85122588454&origin=inward,adjacent-subtopic,,scopus,llm,0.920,unreviewed,,doi:10.1007/978-981-16-4807-6_14
discarded,Software reuse analytics using integrated random forest and gradient boosting machine learning algorithm,A.K. Sandhu,2021,Software Practice and Experience,10.1002/spe.2921,https://www.scopus.com/inward/record.uri?partnerID=HzOxMe3b&scp=85093974820&origin=inward,adjacent-subtopic,,scopus,llm,0.780,unreviewed,,doi:10.1002/spe.2921
discarded,A component development framework for embedded software,C. Yuan,2021,2021 IEEE International Conference on Information Communication and Software Engineering Icicse 2021,10.1109/ICICSE52190.2021.9404109,https://www.scopus.com/inward/record.uri?partnerID=HzOxMe3b&scp=85105265788&origin=inward,adjacent-subtopic,,scopus,llm,0.830,unreviewed,,doi:10.1109/icicse52190.2021.9404109
discarded,An Abaqus plugin for efficient damage initiation hotspot identification in large-scale composite structures with repeated features,X. Zou,2021,Advances in Engineering Software,10.1016/j.advengsoft.2020.102964,https://www.scopus.com/inward/record.uri?partnerID=HzOxMe3b&scp=85099516160&origin=inward,off-topic-false-hit,,scopus,llm,0.980,unreviewed,,doi:10.1016/j.advengsoft.2020.102964
discarded,Measure extendibility/extensibility quality attribute using object oriented design metric,T.R. Alreffaee,2021,Telkomnika Telecommunication Computing Electronics and Control,10.12928/TELKOMNIKA.v19i5.19278,https://www.scopus.com/inward/record.uri?partnerID=HzOxMe3b&scp=85115414622&origin=inward,adjacent-subtopic,,scopus,llm,0.940,unreviewed,,doi:10.12928/telkomnika.v19i5.19278
discarded,A framework for multi-objective optimization of Arctic offshore support vessels,A. Kondratenko,2021,Proceedings of the International Conference on Port and Ocean Engineering Under Arctic Conditions POAC,,https://www.scopus.com/inward/record.uri?partnerID=HzOxMe3b&scp=85124139714&origin=inward,off-topic-false-hit,,scopus,llm,0.990,unreviewed,,hash:baf591e653569407
discarded,"Software Engineering: A Methodical Approach, Second Edition",E.C. Foster,2021,Software Engineering A Methodical Approach Second Edition,10.1201/9780367746025,https://www.scopus.com/inward/record.uri?partnerID=HzOxMe3b&scp=85162621889&origin=inward,adjacent-subtopic,,scopus,llm,0.940,unreviewed,,doi:10.1201/9780367746025
discarded,Software Process Re-engineering in SME’s,Ashima,2021,Digitising Enterprise in an Information Age,10.1201/9781003203131-16,https://www.scopus.com/inward/record.uri?partnerID=HzOxMe3b&scp=105042760740&origin=inward,adjacent-subtopic,,scopus,llm,0.830,unreviewed,,doi:10.1201/9781003203131-16
discarded,Efficient dispatch of multi-object polymorphic call sites in contextual role-oriented programming languages,L. Schütze,2020,ACM International Conference Proceeding Series,10.1145/3426182.3426186,https://www.scopus.com/inward/record.uri?partnerID=HzOxMe3b&scp=85096299591&origin=inward,adjacent-subtopic,,scopus,llm,0.980,unreviewed,,doi:10.1145/3426182.3426186
discarded,A Fuzzy Approach for Estimating Quality of Aspect Oriented Systems,P.J. Kaur,2020,International Journal of Parallel Programming,10.1007/s10766-018-0618-2,https://www.scopus.com/inward/record.uri?partnerID=HzOxMe3b&scp=85058074464&origin=inward,adjacent-subtopic,,scopus,llm,0.960,unreviewed,,doi:10.1007/s10766-018-0618-2
discarded,Cost-effective and fault-resilient reusability prediction model by using adaptive genetic algorithm based neural network for web-of-service applications,N. Padhy,2019,Cluster Computing,10.1007/s10586-018-2359-9,https://www.scopus.com/inward/record.uri?partnerID=HzOxMe3b&scp=85043399764&origin=inward,adjacent-subtopic,,scopus,llm,0.910,unreviewed,,doi:10.1007/s10586-018-2359-9
discarded,Automatic test cases generation using multistage-based genetic algorithm for object oriented testing,A. Bala,2019,International Journal of Recent Technology and Engineering,10.35940/ijrte.B1099.0982S1019,https://www.scopus.com/inward/record.uri?partnerID=HzOxMe3b&scp=85073715530&origin=inward,adjacent-subtopic,,scopus,llm,0.990,unreviewed,,doi:10.35940/ijrte.b1099.0982s1019
discarded,PLHIM: Proposing an inheritance based object-oriented metric,L. Kharb,2019,International Journal of Innovative Technology and Exploring Engineering,10.35940/ijitee.I1101.0789S419,https://www.scopus.com/inward/record.uri?partnerID=HzOxMe3b&scp=85073418218&origin=inward,adjacent-subtopic,,scopus,llm,0.950,unreviewed,,doi:10.35940/ijitee.i1101.0789s419
discarded,Enhanced evolutionary computing based artificial intelligence model for web-solutions software reusability estimation,N. Padhy,2019,Cluster Computing,10.1007/s10586-017-1558-0,https://www.scopus.com/inward/record.uri?partnerID=HzOxMe3b&scp=85039729883&origin=inward,adjacent-subtopic,,scopus,llm,0.920,unreviewed,,doi:10.1007/s10586-017-1558-0
discarded,Software reuse metrics for object-oriented systems,K.K. Aggarwal; Y. Singh; A. Kaur; R. Malhotra,2005,"Third ACIS Int'l Conference on Software Engineering Research, Management and Applications (SERA'05)",10.1109/SERA.2005.60,https://ieeexplore.ieee.org/document/1563143/,adjacent-subtopic,"The importance of software measurement is increasing leading to development of new measurement techniques. Reusing existing software components is a key feature in increasing software productivity. It is one of the key elements in object-oriented programming, which reduces the cost and increases the quality of the software. An important feature of C++ called templates support generic programming, which allows the programmer to develop reusable software modules such as functions, classes, etc. The need for software reusability metrics is particularly acute for an organization in order to measure the degree of generic programming included in the form of templates in code. This research addresses this need and introduces a new set of metrics for object-oriented software. Two metrics are proposed for measuring amount of genericty included in the code and then analytically evaluated against Weyuker's set of nine axioms. This set of metrics is then applied to standard projects and accordingly ways in which project managers can use these metrics are suggested.",ieee,llm,0.860,unreviewed,,doi:10.1109/sera.2005.60
discarded,A Systematic Literature Review of an Object Oriented Metric: Reusability,Neelamadhab Padhy; Rasmita Panigrahi; Sarada Baboo,2015,2015 International Conference on Computational Intelligence and Networks,10.1109/CINE.2015.44,https://ieeexplore.ieee.org/document/7053827/,adjacent-subtopic,"In 21st century software engineering domain, reusability plays a vital role. Reusability is an important attribute in object oriented metrics. The objective of reusability is to enhance the quality of the software product, improve productivity and to reduce the cost effort. Object-oriented programming languages like C++ have an exciting features i.e. Templates which provide the reusability component through which we can develop reusable functions and classes. In this paper we have analyzed object oriented metrics as well as the CK metrics suite. Several researchers have studied software reuse but still there remain lacuna in the study of re-usability in software development. This paper clearly points out the necessity of re-usability in software projects and the need for research in this area.",ieee,llm,0.760,unreviewed,,doi:10.1109/cine.2015.44
kept,Application Development by Reusing Object-Oriented Frameworks,S.F. Lopes; A.C. Tavares; C.A. Silva; J.L. Monteiro,2005,"EUROCON 2005 - The International Conference on ""Computer as a Tool""",10.1109/EURCON.2005.1629996,https://ieeexplore.ieee.org/document/1629996/,qualifies-claim,"Object-oriented frameworks are an important form of reuse that can help to decrease significantly the application development time and cost. Although widely known, there are still some difficulties associated with them that are critical to its success. These problems have to be alleviated to make the framework reuse an attractive alternative to application development. We focus on the issues regarding the framework reuse process, more specifically, framework architecture description, its adaptation with application specific components, and final application instantiation. This paper discusses our position on these subjects and, based on previous work, we propose a different approach and appropriate tool support",ieee,llm,0.870,unreviewed,,doi:10.1109/eurcon.2005.1629996
discarded,A knowledge-based approach to object-oriented legacy code reuse,L.H. Etzkorn; C.G. Davis; L.L. Bowen; D.B. Etzkorn; L.W. Lewis; B.L. Vinz; J.C. Wolf,1996,Proceedings of ICECCS '96: 2nd IEEE International Conference on Engineering of Complex Computer Systems (held jointly with 6th CSESAW and 4th IEEE RTAW),10.1109/ICECCS.1996.558517,https://ieeexplore.ieee.org/document/558517/,adjacent-subtopic,"Software reuse has been demonstrated to increase productivity, reduce costs and improve software quality. Most research in the area of extraction of reusable code from legacy code has concentrated on code created in the functional decomposition paradigm. However, in recent years much object-oriented code has been written. This paper describes a knowledge-based approach to the identification of reusable components in object-oriented legacy code.",ieee,llm,0.780,unreviewed,,doi:10.1109/iceccs.1996.558517
discarded,Determining the most effective class for extending reusability of object oriented system,Mohammad Shabbir Hasan; K.M. Azharul Hasan,2010,2010 International Conference on Educational and Information Technology,10.1109/ICEIT.2010.5607624,https://ieeexplore.ieee.org/document/5607624/,adjacent-subtopic,"The object oriented programming paradigm often claimed to allow a faster development pace and higher quality of software. One of the principal goals of object-oriented software is to improve the reusability of software components. Finding the most effective class is one of the most concerned issues to improve reusability. Here effective class means the class with low coupling with respect to others and if a new module is added to this class, minimum modification would be required to achieve reusability. In this paper, a methodology based on various coupling is presented to determine the most effective class in an object oriented software.",ieee,llm,0.910,unreviewed,,doi:10.1109/iceit.2010.5607624
discarded,An object oriented approach to VLSI routing,S. Gossain; D.B. Anderson,1989,IEE Colloquium on Applications of Object-Oriented Programming,,https://ieeexplore.ieee.org/document/200908/,qualifies-claim; adjacent-subtopic,"Over the last few years, object oriented programming has emerged as the new programming paradigm for the future, promising rewards in all areas of software development. Its use in commercial environments has been limited somewhat however, by the inertia of industry to adapt to a new way of thinking about software. Its main use has until recently, been in the academic environment for purposes of research. Recently, many object oriented extensions have been added to popular programming languages such as C and Pascal, making them more accessible and more prominent. As the awareness and popularity of object oriented programming increases, the variety of application area does likewise. The authors describe how the techniques of object oriented programming can be used to create reusable, extensible, modular code in the VLSI routing domain to create a generic routing framework. They focus on the design philosophy and the benefits and drawbacks of the object oriented approach.<>",ieee,llm_reviewed,0.700,changed,kept->discarded,hash:aa7feba0d3453c6f
discarded,Inheritance-based object-oriented software metrics,C.-M. Chung; M.-C. Lee,1992,TENCON'92 - Technology Enabling Tomorrow,10.1109/TENCON.1992.271895,https://ieeexplore.ieee.org/document/271895/,adjacent-subtopic,"There is no software metrics based on object-oriented programming languages (OOPLs) developed to help object-oriented software development. A graph-theoretical complexity metric to measure object-oriented software complexity is described. It shows that inheritance has a close relation with the object-oriented software complexity, and reveals that misuse of repeated (multiple) inheritance will increase software complexity and be prone to implicit software errors. An algorithm to support this software metric is presented. Its time complexity is O(n/sup 3/).<>",ieee,llm,0.840,unreviewed,,doi:10.1109/tencon.1992.271895
discarded,An Object-Oriented Model to Develop Controllers of Autonomous Underwater Vehicles by Specializing the Unified Architecture Framework,Duc Sang Cao; Van Hien Ngo; Tran Thang Le; Van He Ngo,2024,"2024 International Conference on Control, Robotics and Informatics (ICCRI)",10.1109/ICCRI64298.2024.00012,https://ieeexplore.ieee.org/document/10896326/,adjacent-subtopic,"Ocean engineering demands systemic solutions for mission-critical demands and technological challenges. From an industrial control perspective, development engineers need to factor in both costs and established standards to ensure the efficient implementation of the control system development lifecycle within a reasonable budget. Customization and reusability play key roles in driving down costs, resources, and development time when creating new applications. In the paper, the Unified Architecture Framework (UAF) [5], Model Based Systems Engineering (MBSE), combined with real time Unified Modeling Language/Systems Modeling Language (UML/SysML) are merged and tailored to produce an object-oriented (OO) control model. This model is then extensively applied to develop a controller for Autonomous Underwater Vehicles (AUVs). To reach this objective, the dynamic model of an Autonomous Underwater Vehicle (AUV) are linked with specific specializations of UAF/MBSE. In this setup, the model of analysis is precisely outlined through the detailed description of a use case model, aimed at closely capturing the intricate control demands. The designed model is then specialized by using the real-time UML/SysML to retain key blocks, which are used to describe in detail structures for control and behaviors of AUV. Next, the designed model is transformed into the model of implementation via round-trip engineering, facilitating the quick realization of an AUV controller. Building upon this object-oriented model, a controller for course-tracking applied to a miniature AUV was designed. The results from the simulation demonstrate the good feasibility of the proposed model.",ieee,llm,0.880,unreviewed,,doi:10.1109/iccri64298.2024.00012
discarded,Fuzzy logic object oriented classes,B.S. Widmann; G.R. Widmann,1992,Proceedings of the Intelligent Vehicles `92 Symposium,10.1109/IVS.1992.252278,https://ieeexplore.ieee.org/document/252278/,adjacent-subtopic,"Object oriented programming languages offer numerous benefits toward the approach and design of software programs. Primary advantages include code reusability, rapid prototyping, as well as, lower software design and maintenance costs. The use of object oriented programming techniques and concepts as they may apply to the design and construction of fuzzy logic control law implementations are discussed. Fuzzy logic classes, including prototype definitions and hierarchies, are presented. The C++ programming language, an object oriented superset to the popular and widely used C language, is used to implement the fuzzy logic classes.<>",ieee,llm,0.890,unreviewed,,doi:10.1109/ivs.1992.252278
discarded,Class hierarchy based metric for object-oriented design,Chi-Ming Hung; Chun-Chia Wang; Ming-Chi Lee,1994,Proceedings of TENCON'94 - 1994 IEEE Region 10's 9th Annual International Conference on: 'Frontiers of Computer Technology',10.1109/TENCON.1994.369163,https://ieeexplore.ieee.org/document/369163/,adjacent-subtopic,"Object-oriented technology, including object-oriented analysis (OOA), object-oriented design (OOD), and object-oriented programming (OOP), is a new promising approach to developing software systems to reduce software costs and to increase software extensibility, flexibility, and reusability. Software metrics are widely used to measure software complexity and assure software correctness. This paper proposes a metric to measure object-oriented software. Also, an important factor called URIs, is conducted to build the metric. This approach describes a graph-theoretical method for measuring the complexity of the class hierarchy. The proposed metric shows that inheritance has a close relation with object-oriented software complexity and reveals that misuse of repeated (multiple) inheritance will increase software complexity and be prone to implicit software errors.<>",ieee,llm,0.860,unreviewed,,doi:10.1109/tencon.1994.369163
