status,title,authors,year,venue,doi,url,tags,abstract,provider,decision_source,llm_confidence,llm_review_outcome,llm_change_direction,paper_id
discarded,Targeted control of fast prototyping through domain-specific interface,"Shi, Yu-Zhe; Liu, Mingchen; Ma, Hanlu; Xu, Qiao; Qu, Huamin; He, Kun; Ruan, Lecheng; Wang, Qining",2025,INTERNATIONAL CONFERENCE ON MACHINE LEARNING,,https://www.webofscience.com/wos/woscc/full-record/WOS:001693164800084,adjacent-subtopic,"Industrial designers have long sought a natural and intuitive way to achieve the targeted control of prototype models-using simple natural language instructions to configure and adjust the models seamlessly according to their intentions, without relying on complex modeling commands. While Large Language Models have shown promise in this area, their potential for controlling prototype models through language remains partially underutilized. This limitation stems from gaps between designers' languages and modeling languages, including mismatch in abstraction levels, fluctuation in semantic precision, and divergence in lexical scopes. To bridge these gaps, we propose an interface architecture that serves as a medium between the two languages. Grounded in design principles derived from a systematic investigation of fast prototyping practices, we devise the interface's operational mechanism and develop an algorithm for its automated domain specification. Both machine-based evaluations and human studies on fast prototyping across various product design domains demonstrate the interface's potential to function as an auxiliary module for Large Language Models, enabling precise and effective targeted control of prototype models.",wos,llm,0.890,unreviewed,,hash:f70d2a2ee610a77a
discarded,Towards Adaptive External Communication in Autonomous Vehicles: A Conceptual Design Framework,"Tran, Tram Thi Minh; Kay, Judy; Worrall, Stewart; Hoggenmueller, Marius; Parker, Callum; Yu, Xinyan; Perez, Julie Stephany Berrio; Shan, Mao; Tomitsch, Martin",2025,"17TH INTERNATIONAL ACM CONFERENCE ON AUTOMOTIVE USER INTERFACES AND INTERACTIVE VEHICULAR APPLICATIONS, AUTOMOTIVEUI 2025 ADJUNCT",10.1145/3744335.3758494,https://www.webofscience.com/wos/woscc/full-record/WOS:001661041900021,adjacent-subtopic,"External Human-Machine Interfaces (eHMIs) are key to facilitating interaction between autonomous vehicles and external road actors, yet most remain reactive and do not account for scalability and inclusivity. This paper introduces a conceptual design framework for adaptive eHMIs-interfaces that dynamically adjust communication as road actors vary and context shifts. Using the cyber-physical system as a structuring lens, the framework comprises three layers: Input (what the system detects), Processing (how the system decides), and Output (how the system communicates). Developed through theory-led abstraction and expert discussion, the framework helps researchers and designers think systematically about adaptive eHMIs and provides a structured tool to design, analyse, and assess adaptive communication strategies. We show how such systems may resolve longstanding limitations in eHMI research while raising new ethical and technical considerations.",wos,llm,0.960,unreviewed,,doi:10.1145/3744335.3758494
discarded,Bioorthogonal Photocatalytic Protein Labeling and Cross-Linking Enabled by Stabilized Ketyl Radicals,"Tan, Jiawei; Hao, Kejia; Yuan, Yi; Xie, Shasha; Qi, Li; Che, Qiaoling; Li, Yan; Wang, Renxiao; Zhang, Yaoyang; Chen, Yiyun",2025,JOURNAL OF THE AMERICAN CHEMICAL SOCIETY,10.1021/jacs.5c18652,https://www.webofscience.com/wos/woscc/full-record/WOS:001627289300001,off-topic-false-hit,"Radical reactions offer transformative potential in biological contexts but remain constrained by poor selectivity and off-target reactivity. We address these limitations through visible-light photocatalytic generation of diaryl ketyl radicals from benzophenones. This strategy circumvents traditional UV excitation pathways by suppressing triplet diradical formation-which drives nonspecific [2 + 2] cycloadditions and H atom abstraction-in favor of bioorthogonal radical-radical coupling. Our platform enables precise live-cell protein labeling with minimal cytotoxicity, including in sensitive primary neuronal cultures, and achieves site-specific modification via genetically incorporated benzophenone-based unnatural amino acids Bpa. The spatial selectivity of this approach exceeds conventional UV-based cross-linking methods, facilitating site-to-site analysis of tertiary protein interactions in structurally defined complexes. We demonstrate these capabilities by (1) quantifying dimerization interfaces of the Diels-Alderase PyrI4 and (2) resolving Bcl-XL/Bid interactions critical for apoptotic regulation. This photocatalysis-driven methodology establishes a robust alternative to cycloaddition-based bioorthogonal chemistry for spatiotemporally controlled interrogation of dynamic biomolecular processes.",wos,llm,1.000,unreviewed,,doi:10.1021/jacs.5c18652
discarded,LLMServingSim2.0: A Unified Simulator for Heterogeneous Hardware and Serving Techniques in LLM Infrastructure,"Cho, Jaehong; Choi, Hyunmin; Park, Jongse",2025,IEEE COMPUTER ARCHITECTURE LETTERS,10.1109/LCA.2025.3628325,https://www.webofscience.com/wos/woscc/full-record/WOS:001621288200003,adjacent-subtopic,"This letter introduces LLMServingSim2.0, a system simulator designed for exploring heterogeneous hardware in large-scale LLM serving systems. LLMServingSim2.0 addresses two key limitations of its predecessor: (1) integrating hardware models into system-level simulators is non-trivial due to the lack of a clear abstraction, and (2) existing simulators support only a narrow subset of serving techniques, leaving no infrastructure that captures the breadth of approaches in modern LLM serving. To overcome these issues, LLMServingSim2.0 adopts trace-driven performance modeling, accompanied by an operator-level latency profiler, enabling the integration of new accelerators with a single command. It further embeds up-to-date serving techniques while exposing flexible interfaces for request routing, cache management, and scheduling policies. In a TPU case study, our profiler requires 18.5 x fewer LoC and outperforms the predecessor's hardware-simulator integration, demonstrating LLMServingSim2.0's low-effort hardware extensibility. Our experiments further show that LLMServingSim2.0 reproduces GPU-based LLM serving with 1.9% error, while maintaining practical simulation time, making it a comprehensive platform for both hardware developers and LLM service providers.",wos,llm,0.820,unreviewed,,doi:10.1109/lca.2025.3628325
discarded,Hardware-in-the-Loop Driving Simulators: Simplifying Real Component Integration in Simulated Environments,"Anticaglia, Alessio; Capitani, Renzo; Annicchiarico, Claudio",2025,IEEE OPEN JOURNAL OF VEHICULAR TECHNOLOGY,10.1109/OJVT.2025.3622519,https://www.webofscience.com/wos/woscc/full-record/WOS:001608968800004,off-topic-false-hit,"Hardware-in-the-Loop (HiL) driving simulators are valuable tools in assuring efficiency throughout the entire vehicle development and life cycle. Nonetheless, these techniques are accused to prejudice the simulator flexibility with respect to more conventional Model-in-the-Loop techniques. The vehicle network integration activity required to set off the HiL simulator, known as restbus simulation, is perceived as the main source of these perplexities. All vehicle signals to be emulated, defining the interface between real and simulated world, represents a pivotal point in simulator contexts and should be addressed methodically from the start, prior to every other decisional process, since they affect simulator architecture possibilities and limitations.The present article proposes a method to evaluate an integration task and synthetize key aspects of the vehicle communication network, supporting both high and low-level decisions in software, model and validation plans development. Thanks to the abstraction of the communication protocol formalism, integration activities can be conformed at a level of detail suitable for typical simulator engineers' educational backgrounds, reducing working effort, time and expertise required to update any driving simulator to specific HiL setups. The entire method is presented and discussed; electing an application case, the value of the approach is highlighted and the reasoning for its outputs is explained both practically and conceptually. Advantages and limitations of the proposed approaches are hence discussed emphasizing its effects on numerical model development, programming activities and operational workflow rationalisation.",wos,llm,0.950,unreviewed,,doi:10.1109/ojvt.2025.3622519
discarded,"Scalable Formal Verification of Modular Concurrent Systems: A Survey of Techniques, Tools and Challenges","Khlifa, Sawsen; Abid, Chiheb Ameur; ben Letaifa, Asma; Zouari, Belhassen",2025,INTERNATIONAL JOURNAL OF ADVANCED COMPUTER SCIENCE AND APPLICATIONS,,https://www.webofscience.com/wos/woscc/full-record/WOS:001592951700001,adjacent-subtopic,"The increasing complexity of distributed and concurrent systems raises pressing challenges for ensuring correctness and reliability. Formal verification, and in particular model checking, offers a rigorous foundation to validate system properties, yet suffers from the well-known state space explosion problem. This difficulty is especially acute in modular architectures, where local behaviors intertwine with synchronization across components. This paper provides a structured survey of the main techniques designed to overcome these challenges, including state space reduction, abstraction, compositional reasoning, symbolic approaches, and distributed verification. We also review representative tools such as SPIN, NuSMV, LTSmin, DiVinE, and STORM, assessing their capabilities and limitations in handling modular and concurrent models. Building on this landscape, we position the Reduced Distributed State Space (RDSS) as a novel framework that addresses key scalability limits. RDSS reduces global complexity into module-specific metagraphs, ensures stuttering equivalence, and enables local model checking without exploring the full global state space. Comparative experiments demonstrate significant gains over existing approaches, particularly for systems where modules are not all synchronized on the same transitions. We conclude by identifying open challenges and future research directions, including distributed implementations, AI-driven heuristics, and hybrid reductions. Our survey underscores the importance of structural awareness in modern verification workflows and establishes RDSS as a promising foundation for scalable verification of modular concurrent systems.",wos,llm,0.960,unreviewed,,hash:4ffb5dab3e1ebb49
discarded,Software-defined Control: New architecture and practices in building automation,"Lin, Qingbin; Zhang, Lun; Zhou, Xin; Chen, Junjie; Xu, Xuanru",2025,JOURNAL OF BUILDING ENGINEERING,10.1016/j.jobe.2025.114076,https://www.webofscience.com/wos/woscc/full-record/WOS:001578785800007,adjacent-subtopic,"This study proposes a novel Software-Defined Control (SDC) paradigm for building automation systems, addressing long-standing limitations of conventional Programmable Logic Controller (PLC)-based architectures such as vendor lock-in, inflexibility, and high development barriers. The purpose of this research is to explore how software-defined principles can be applied to decouple control logic from hardware, thereby creating a more adaptable and intelligent framework for building control. Methodologically, the system employs a three-tier hardware architecture combined with a containerized browser/server software design. At its core, an object-oriented modeling framework generalizes building devices into standardized logical signals, while a low-code orchestration engine based on BPMN 2.0 allows intuitive, drag-and-drop configuration of control processes. This approach reduces reliance on specialized PLC programming expertise and enables broader participation of operation and maintenance staff in control optimization. Experimental evaluations demonstrated that the SDC system achieves a median control latency of around 200 ms and delivers closed-loop performance comparable to PLC systems, meeting the real-time requirements of building control and thereby confirming its technical viability for real-time building automation. A real-world retrofit case study in a semiconductor facility further validated the framework, achieving 9.6 % daily energy savings through autonomous optimization of HVAC operations. The findings highlight that SDC not only replicates baseline PLC performance but also extends flexibility, reusability, and maintainability through software abstraction and modular process orchestration. The key contribution of this research lies in establishing SDC as an open, scalable, and cost-effective alternative to legacy control systems. This paradigm offers significant value for both new construction and retrofit projects, advancing building automation toward higher levels of sustainability and intelligence.",wos,llm,0.790,unreviewed,,doi:10.1016/j.jobe.2025.114076
discarded,Site Inspector: Improving Browser Communication of Website Security Information,"Spero, Eric; Biddle, Robert",2025,ACM TRANSACTIONS ON PRIVACY AND SECURITY,10.1145/3726867,https://www.webofscience.com/wos/woscc/full-record/WOS:001570601500001,adjacent-subtopic,"Phishing sites exploit users' limited understanding of website identity to mimic legitimate sites. While X.509 certificates can provide crucial cues regarding a website's identity, current browsers fail to effectively communicate this information to users, even as phishing becomes an increasingly serious issue. To address this, we developed Site Inspector (SI), a UI tool that conveys website identity and connection encryption information, along with brief explanations of the relevant underlying security concepts. SI is implemented as a Mozilla Firefox browser extension, but the basic design could be integrated into any web browser. SI organizes content in a three-tiered abstraction hierarchy, drawing on Ecological Interface Design. The top level presents an indicator of the website owner, if known, and also whether the connection is encrypted. The second and third levels offer progressively detailed explanations of the verification process. SI adheres to design principles aimed at educating users about security through the UI while overcoming associated challenges. Its text is concise and direct, respecting limitations in users' attentional resources and motivation to engage with security matters. As a proof of concept for SI's principled design, we conducted a user study with 30 participants to evaluate its effectiveness in helping users differentiate real from fraudulent websites. Results suggested that SI improved users' ability to identify fraudulent sites. Future work will involve further testing with a larger user base, integrated SI directly into browsers, and ultimately a more widespread and improved validation process for certificates, with stronger verification and transparency.",wos,llm,0.920,unreviewed,,doi:10.1145/3726867
discarded,PASCAL: A Theory-Informed Visual Interface for Property Graph Schema Visualization,"Chanthatrojwong, Kasidis; Bhowmick, Sourav S.; Choi, Byron",2025,"COMPANION OF THE 2025 INTERNATIONAL CONFERENCE ON MANAGEMENT OF DATA, SIGMOD-COMPANION 2025",10.1145/3722212.3725123,https://www.webofscience.com/wos/woscc/full-record/WOS:001543724200019,adjacent-subtopic,"Property graph schemas are essential for organizing property graph data, serving both prescriptive and descriptive roles. This has led to the recent development of property graph schema languages such as PG-Schema. While understanding of these languages requires familiarity with complex syntax, this poses usability challenges, particularly for domain experts who are not programmers. Current visual abstractions, such as the labeled schema graph (LSG), simplify representation but suffers from visual clutter and limited feature support. In this demonstration, we present a novel theory-informed visual interface called PASCAL for multi-modal visualization of property graph schemas to address these limitations. It realizes a novel visual abstraction called labeled iconized composite schema (LICS), whose design is informed by theories and principles from HCI, cognitive psychology, and visualization. Under the hood, it leverages the novel Map-Paint paradigm for creating and maintaining the visual components of LICS.",wos,llm,0.910,unreviewed,,doi:10.1145/3722212.3725123
discarded,DIGITAL HERMENEUTICS OF HISTORICAL SOURCE: FORMALIZATION AS INTERPRETATION,"Volodin, A. Yu.",2025,VESTNIK PERMSKOGO UNIVERSITETA-ISTORIYA-PERM UNIVERSITY HERALD-HISTORY,10.17072/2219-3111-2025-2-87-100,https://www.webofscience.com/wos/woscc/full-record/WOS:001541320300009,off-topic-false-hit,"The article is devoted to understanding the transformation of the methodology of historical research under the influence of the ""digital turn"", with a focus on the key discipline-source studies. The author examines how the rapid development of artificial intelligence (AI) technologies, especially machine learning, poses new challenges and opens up opportunities for historians, requiring a rethinking of traditional practices of working with historical sources. The central problem of the article is the process of transition from a historical source to formalized data (for example, through digital hermeneutics) and back to interpretation and new historical knowledge. The author emphasizes that this process is not just a technical operation, but a deeply methodological act of abstraction (using the example of collected historical data, or capta), associated with the inevitable loss of nuances and requiring critical reflection. The article examines methodological dilemmas of historical research, such as the opposition between source-oriented (ad fontes, striving for maximum completeness) and problem-oriented (ceteris paribus, focus on selected parameters) approaches, their evolution in the digital age, and related discussions. The ""illusion of objectivity"" of digital methods is critically analyzed. The author argues that algorithms, digital tools (DBMS, GIS, NLP), and interfaces are not neutral: they carry biases, limit focus, simplify complexity, and sometimes even predetermine research questions, which gives rise to risks: algorithm bias, data selectivity, the influence of visualization and interface design, and uncritical acceptance of AI results. As a promising solution that overcomes the key limitations of generative models (hallucinations, ""black box"", isolation from sources), the article considers in detail the RAG (Retrieval-Augmented Generation) approach, showing its advantages for a historian. The main conclusion of the article emphasizes the indispensable role of the historian-researcher in the era of AI. RAG systems and similar tools act not as a replacement, but as powerful ""digital magnifying glasses"" or intelligent assistants, taking on the labor-intensive tasks of searching and primary data processing, freeing up the historian's time for critical interpretation, assessing the reliability of sources, building arguments, formulating research questions, and creating new historical knowledge.",wos,llm,0.990,unreviewed,,doi:10.17072/2219-3111-2025-2-87-100
discarded,Digital Computing Continuum Abstraction for Neuromorphic Systems,"Sandin, Fredrik; Bodin, Ulf",2024,"2024 INTERNATIONAL CONFERENCE ON NEUROMORPHIC SYSTEMS, ICONS",10.1109/ICONS62911.2024.00033,https://www.webofscience.com/wos/woscc/full-record/WOS:001462433900025,off-topic-false-hit,"The rising complexity and data generation in cyber-physical systems and the Internet of Things require a shift towards an edge-to-cloud computing continuum ecosystem with enhanced artificial intelligence (AI) capabilities. Furthermore, resource limitations and the projected doubling of the electricity used by information and communication technologies until 2030 require innovative resource-efficient solutions. Neuromorphic computing and intelligence are prominent examples that take inspiration from the function of brains, the most energy-efficient processors known. However, neuromorphic systems differ from conventional von Neumann computers and clock-driven sensor systems and likely require different continuum-enabling abstractions and concepts for large-scale and high-utility neuromorphic systems integration. This paper focuses on communication aspects and summarises recent developments in this area, including a problem analysis aiming to identify challenges and open issues for integrating neuromorphic systems in the digital continuum. Our main contribution is a description of event- and query-based communication models commonly used in microservice architectures, with mappings to defining characteristics of neuromorphic systems and the continuum. In this, we outline an abstraction where each neuromorphic system has a digital counterpart called a Gemi. A Gemi keeps an abstract digital model of its corresponding neuromorphic system, is programmable, and provides digital interfaces. Spike and temporal embedding representations in the neuromorphic systems are mapped to an efficient event-based publish-subscribe model in the digital domain.",wos,llm,0.940,unreviewed,,doi:10.1109/icons62911.2024.00033
