status,title,authors,year,venue,doi,url,tags,abstract,provider,decision_source,llm_confidence,llm_review_outcome,llm_change_direction,paper_id
discarded,Investigating the Impact of Software Design Patterns on Energy Consumption,A. Noureddine,2025,Proceedings 2025 IEEE 22nd International Conference on Software Architecture Icsa 2025,10.1109/ICSA65012.2025.00024,https://www.scopus.com/inward/record.uri?partnerID=HzOxMe3b&scp=105005028518&origin=inward,adjacent-subtopic,,scopus,llm,0.980,unreviewed,,doi:10.1109/icsa65012.2025.00024
discarded,Revealing Hidden Threats: An Empirical Study of Library Misuse in Smart Contracts,M. Huang,2024,Proceedings International Conference on Software Engineering,10.1145/3597503.3623335,https://www.scopus.com/inward/record.uri?partnerID=HzOxMe3b&scp=85185538249&origin=inward,adjacent-subtopic,,scopus,llm,0.950,unreviewed,,doi:10.1145/3597503.3623335
discarded,Dependent or Not: Detecting and Understanding Collections of Refactorings,T. Ferreira,2023,IEEE Transactions on Software Engineering,10.1109/TSE.2023.3244123,https://www.scopus.com/inward/record.uri?partnerID=HzOxMe3b&scp=85149373953&origin=inward,adjacent-subtopic,,scopus,llm,0.980,unreviewed,,doi:10.1109/tse.2023.3244123
discarded,Construct Validity in Software Engineering,D.I.K. Sjøberg,2023,IEEE Transactions on Software Engineering,10.1109/TSE.2022.3176725,https://www.scopus.com/inward/record.uri?partnerID=HzOxMe3b&scp=85130827829&origin=inward,adjacent-subtopic,,scopus,llm,0.980,unreviewed,,doi:10.1109/tse.2022.3176725
discarded,Evaluation of OO Software Quality by Using Predictive Object Points (POP) Metric,V. Yadav,2023,International Journal of Intelligent Systems and Applications in Engineering,,https://www.scopus.com/inward/record.uri?partnerID=HzOxMe3b&scp=85161446887&origin=inward,adjacent-subtopic,,scopus,llm,0.950,unreviewed,,hash:92b00e716452bfa2
discarded,Impact of Abstract Factory and Decorator Design Patterns on Software Maintainability: Empirical Evaluation using CK Metrics,A. Kurmangali,2022,2022 International Conference on Decision Aid Sciences and Applications Dasa 2022,10.1109/DASA54658.2022.9765083,https://www.scopus.com/inward/record.uri?partnerID=HzOxMe3b&scp=85130165302&origin=inward,adjacent-subtopic,,scopus,llm,0.940,unreviewed,,doi:10.1109/dasa54658.2022.9765083
discarded,Refactoring of Object-oriented Package Structure Based on Complex Network,Y. Huang,2022,Proceedings of the International Conference on Software Engineering and Knowledge Engineering Seke,10.18293/SEKE2022-164,https://www.scopus.com/inward/record.uri?partnerID=HzOxMe3b&scp=85137156551&origin=inward,adjacent-subtopic,,scopus,llm,0.970,unreviewed,,doi:10.18293/seke2022-164
discarded,"Proceedings - 2022 22nd International Conference on Computational Science and Its Applications, ICCSA 2022",,2022,Proceedings 2022 22nd International Conference on Computational Science and Its Applications Iccsa 2022,,https://www.scopus.com/inward/record.uri?partnerID=HzOxMe3b&scp=85151544455&origin=inward,off-topic-false-hit,,scopus,llm,0.990,unreviewed,,hash:dfcda18426c9b70d
discarded,"Threshold estimation from software metrics by using evolutionary techniques and its proposed algorithms, models",N. Padhy,2021,Evolutionary Intelligence,10.1007/s12065-019-00201-0,https://www.scopus.com/inward/record.uri?partnerID=HzOxMe3b&scp=85061258238&origin=inward,adjacent-subtopic,,scopus,llm,0.950,unreviewed,,doi:10.1007/s12065-019-00201-0
discarded,A Layered Reference Architecture for Metamodels to Tailor Quality Modeling and Analysis,R. Heinrich,2021,IEEE Transactions on Software Engineering,10.1109/TSE.2019.2903797,https://www.scopus.com/inward/record.uri?partnerID=HzOxMe3b&scp=85062991772&origin=inward,adjacent-subtopic,,scopus,llm,0.970,unreviewed,,doi:10.1109/tse.2019.2903797
discarded,Object-Oriented Upcycling: An Object-Based Approach to the Circular Economy,F. Galdon,2021,Lecture Notes in Production Engineering,10.1007/978-3-030-72640-9_2,https://www.scopus.com/inward/record.uri?partnerID=HzOxMe3b&scp=85166661037&origin=inward,off-topic-false-hit,,scopus,llm,0.990,unreviewed,,doi:10.1007/978-3-030-72640-9_2
discarded,A Model to Enable the Reuse of Metadata-Based Frameworks in Adaptive Object Model Architectures,E. Guerra,2021,IEEE Access,10.1109/ACCESS.2021.3087795,https://www.scopus.com/inward/record.uri?partnerID=HzOxMe3b&scp=85111023088&origin=inward,adjacent-subtopic,,scopus,llm,0.910,unreviewed,,doi:10.1109/access.2021.3087795
discarded,An Automatic Approach to Measure and Visualize Coupling in Object-Oriented Programs,A. Yusuf,2020,2020 International Conference on Innovation and Intelligence for Informatics Computing and Technologies 3ict 2020,10.1109/3ICT51146.2020.9311962,https://www.scopus.com/inward/record.uri?partnerID=HzOxMe3b&scp=85100242860&origin=inward,adjacent-subtopic,,scopus,llm,0.960,unreviewed,,doi:10.1109/3ict51146.2020.9311962
discarded,SQBS 2020 - Proceedings of the 19th Brazilian Symposium on Software Quality,,2020,ACM International Conference Proceeding Series,,https://www.scopus.com/inward/record.uri?partnerID=HzOxMe3b&scp=85123043137&origin=inward,adjacent-subtopic,,scopus,llm,0.980,unreviewed,,hash:7d062d350aff69b4
discarded,An Approach to Automatically Measure and Visualize Class Cohesion in Object-Oriented Systems,A. Yusuf,2020,2020 International Conference on Decision Aid Sciences and Application Dasa 2020,10.1109/DASA51403.2020.9317140,https://www.scopus.com/inward/record.uri?partnerID=HzOxMe3b&scp=85100547121&origin=inward,adjacent-subtopic,,scopus,llm,0.960,unreviewed,,doi:10.1109/dasa51403.2020.9317140
discarded,Estimation of Defect Proneness Using Design Complexity Measurements in Object-Oriented Software,R. Selvarani; T.R. Gopalakrishnan Nair; V. Kamakshi Prasad,2009,2009 International Conference on Signal Processing Systems,10.1109/ICSPS.2009.163,https://ieeexplore.ieee.org/document/5166892/,adjacent-subtopic,"Software engineering is continuously facing the challenges of growing complexity of software packages and increased level of data on defects and drawbacks from software production process. This makes a clarion call for inventions and methods which can enable a more reusable, reliable, easily maintainable and high quality software systems with deeper control on software generation process. Quality and productivity are indeed the two most important parameters for controlling any industrial process. Implementation of a successful control system requires some means of measurement. Software metrics play an important role in the management aspects of the software development process such as better planning, assessment of improvements, resource allocation and reduction of unpredictability. The process involving early detection of potential problems, productivity evaluation and evaluating external quality factors such as reusability, maintainability, defect proneness and complexity are of utmost importance. Here we discuss the application of CK metrics and estimation model to predict the external quality parameters for optimizing the design process and production process for desired levels of quality. Estimation of defect-proneness in object-oriented system at design level is developed using a novel methodology where models of relationship between CK metrics and defect-proneness index is achieved. A multifunctional estimation approach captures the correlation between CK metrics and defect proneness level of software modules.",ieee,llm,0.940,unreviewed,,doi:10.1109/icsps.2009.163
discarded,Object-oriented software quality through data scope complexity measurement,Ying-Hong Wang; Chi-Ming Chung; T.K. Shih; Huan-Chao Keh; Wei-Chuan Lin,1997,"1997 IEEE International Conference on Systems, Man, and Cybernetics. Computational Cybernetics and Simulation",10.1109/ICSMC.1997.633271,https://ieeexplore.ieee.org/document/633271/,adjacent-subtopic,"Software metrics is a necessary step for software reliability and quality, and software metrics of traditional procedure-oriented programming are fairly mature and have various methodologies and tools available for use. Object-oriented programming has recently became popular. However, traditional procedure-oriented software metrics are not appropriate for the development of object-oriented software. Some research into object-oriented software metrics has been proposed, but these articles focus on only one metric that measures a specific characteristic of the object-oriented software. The authors propose a new metric methodology, the data scope complexity, for object-oriented software based on the data scope of a program. The data scope complexity can show complexities of multiple features of object-oriented programming at the same time. They also quantify and compare object-oriented programming with procedure-oriented programming.",ieee,llm,0.910,unreviewed,,doi:10.1109/icsmc.1997.633271
discarded,Indirect method to measure software quality using CK-OO suite,Sandeep Srivastava; Ram Kumar,2013,2013 International Conference on Intelligent Systems and Signal Processing (ISSP),10.1109/ISSP.2013.6526872,https://ieeexplore.ieee.org/document/6526872/,adjacent-subtopic,"In this paper, we consider experiential evidences in support of a set of object-oriented software metrics. In particular, we look at the object oriented design metrics of Chidamber and Kemerer, and their applicability in different application domains. Many of the early quality models have followed an approach, in which a set of factors that influence quality and relationships between different quality factors, are defined, with little scope of measurement. But the measurement plays an important role in every phase of software development process. The work, therefore, emphasizes on quantitative measurement of different quality attributes such as reusability, maintainability, testability, reliability and efficiency. With the widespread use of Object Oriented Technologies, CK metrics have proved to be very useful. So we have used CK metrics for measurement of these qualities attributes. The quality attributes are affected by values of CK metrics. We have derived linearly related equations from CK metrics to measure these quality attributes. Different concepts about software quality characteristics are reviewed and discussed in the Dissertation. We briefly describe the metrics, and present our empirical findings, arising from our analysis of systems taken from a number of different application domains. Our investigations have led us to conclude that a subset of the metrics can be of great value to software developers, maintainers and project managers. We have also taken an empirical study in Object Oriented language C++.",ieee,llm,0.820,unreviewed,,doi:10.1109/issp.2013.6526872
discarded,Application of CASE tools and object oriented programming to the software development process,F. Kaplan,1989,"IEEE International Conference on Communications, World Prosperity Through Communications,",10.1109/ICC.1989.49895,https://ieeexplore.ieee.org/document/49895/,adjacent-subtopic,"Two technologies which hold excellent promise for improving software quality and productivity are discussed: computer-aided software engineering (CASE) tools and object-oriented programming (OOP). It is demonstrated that CASE tools improve the quality of the design phase by mechanizing structured design methodologies. Even with a team of designers the tool insures that the logical data flows are consistent and complete. OOP, on the other hand, demonstrates the long-term productivity potential that is achieved with greater reusability, modularity, and extensibility. An additional level of productivity might be achieved by carrying the output of the CASE tool into an OOP program design.<>",ieee,llm,0.770,unreviewed,,doi:10.1109/icc.1989.49895
discarded,Software Measurement for E-Commerce CMS by Using OO Metrics and Quality Factor Parameters Based on JAVA,Siti Ummi Masruroh; Syifa Fauzia; Nashrul Hakiem,2018,2018 5th International Conference on Advanced Informatics: Concept Theory and Applications (ICAICTA),10.1109/ICAICTA.2018.8541340,https://ieeexplore.ieee.org/document/8541340/,adjacent-subtopic,"Software measurement has been used to analyse software quality in order to provide information for improving software processes and products. The objective of this research is to measure e-commerce Content Management System (CMS) based open source: Magento, OsCommerce, Prestashop, Zencart, and Opencart. The measurement uses two parameters, Object Oriented Metrics (OO Metrics) esspecially in CK Metrics Suite and Quality Factor with the Analytical Hierarchy Process method as the completion step of the parameters used. By using OO Metrics and Quality Factor as a benchmark this will give a ranking in form of CMS e-commerce recommendations which have the best software quality criteria. The CK Metrics Suite that is implemented consists of Weighted Method per Class (WMC), Depth of Inheritance Tree (DIT), Number of Children (NOC), and Coupling Between Objects (CBO). The Quality Factor parameter consists of Maintainability, Efficiency, Understandability, and Reusability. The system development uses is the Rapid Application Development (RAD) method by building JAVA applications. The result found that Magento is the best CMS based on Object Oriented Metrics and Quality Factor parameters.",ieee,llm,0.920,unreviewed,,doi:10.1109/icaicta.2018.8541340
discarded,Software reuse: is it delivering?,W.B. Frakes; T.J. Biggerstaff; R. Prieto-Diaz; K. Matsumura; W. Schaefer,1991,[1991 Proceedings] 13th International Conference on Software Engineering,10.1109/ICSE.1991.130623,https://ieeexplore.ieee.org/document/130623/,adjacent-subtopic,"A panel discussion is presented to examine the evidence, pro and con, that software reuse is delivering. Verifiable and repeatable increases in software quality and productivity in field settings are used as criteria for the success of reuse. Reusability is defined as a technology that can be of significant value to software development and maintenance. A scale to evaluate whether reuse is delivering is outlined. The scale is ordinal, with five being the best possible rating. The three respondents, from Germany, Japan, and the US, discuss how reuse, as defined, is delivering in their parts of the world.<>",ieee,llm,0.630,unreviewed,,doi:10.1109/icse.1991.130623
discarded,A Code Complexity Model of Object Oriented Programming (OOP),Hussam Hourani; Hiba Wasmi; Thamer Alrawashdeh,2019,2019 IEEE Jordan International Joint Conference on Electrical Engineering and Information Technology (JEEIT),10.1109/JEEIT.2019.8717448,https://ieeexplore.ieee.org/document/8717448/,adjacent-subtopic,"The Code Complexity and Object Oriented Programming (OOP) is an import topic due to the role of OOP playing in most of the software design and architectures nowadays. In OOP there are key design concepts like Encapsulation, Polymorphisms and Inheritance that affect the coding design, structure and style. The challenge is how to minimize the Complexity in OOP and complying with the key concepts of OOP design. This paper reviews the literature on current solutions for code complexity and proposes a new model for OOP code complexity. The new model has added into OOP complexity metrics the following characteristics: abstraction and class details complexity. The proposed model is based on the following attributes selection criteria: Readability, Understandability, Maintainability, Reusability, Extensibility and Consistency of the programming code.",ieee,llm,0.940,unreviewed,,doi:10.1109/jeeit.2019.8717448
discarded,A Quality Model for Evaluating Reusability of Services in SOA,Si Won Choi; Soo Dong Kim,2008,"2008 10th IEEE Conference on E-Commerce Technology and the Fifth IEEE Conference on Enterprise Computing, E-Commerce and E-Services",10.1109/CECandEEE.2008.134,https://ieeexplore.ieee.org/document/4785077/,adjacent-subtopic,"Service-Oriented Architecture (SOA) is an effective paradigm for publishing common features as services and reusing the published services in building applications. Therefore, reusability of services is a key criterion for evaluating the quality of services. The evaluation target for reusability in our model is the service, applied to both atomic and composite service. Reusability models for conventional paradigms such as OOP and CBD cannot effectively be applied to services in SOA. Hence, there is a high demand for devising a quality model to evaluate service reusability. In this paper, we propose a comprehensive quality model for evaluating reusability of services.",ieee,llm,0.980,unreviewed,,doi:10.1109/cecandeee.2008.134
discarded,Quality-Centric Approach for Software Component Identification from Object-Oriented Code,Selim Kebir; Abdelhak-Djamel Seriai; Sylvain Chardigny; Allaoua Chaoui,2012,2012 Joint Working IEEE/IFIP Conference on Software Architecture and European Conference on Software Architecture,10.1109/WICSA-ECSA.212.26,https://ieeexplore.ieee.org/document/6337716/,adjacent-subtopic,"Components and connectors are the main building blocks for software architectures. In the design phase of a software system, components can either be created from scratch or reused. When reused, they can either exist on component shelves or identified from existing software systems. Thus, software component identification is one of the primary challenges in component based software engineering. Typically, the identification is done by analyzing existing software artifacts. When considering object-oriented systems, many approaches have been proposed to deal with this issue by identifying a component as a high cohesive and loose coupled set of classes. However, this assumption leads to two main limitations: in one hand, the focus on simple metrics like high cohesion and loose coupling will not necessarily lead to the identification of good quality components. On the other hand, the identified components external structure (provided and required interfaces) is missing. As a result, the identified components can hardly be reused, composed, packaged and documented. To overcome these limitations, we propose in this paper an approach for identifying components based on a fitness function to measure the quality of a component. To evaluate this function, we use a semantic-correctness model defined in our previous works. Also, we propose to identify provided and required interfaces of components.",ieee,llm,0.870,unreviewed,,doi:10.1109/wicsa-ecsa.212.26
discarded,Migration to object oriented platforms: a state transformation approach,Ying Zou; K. Kontogiannis,2002,"International Conference on Software Maintenance, 2002. Proceedings.",10.1109/ICSM.2002.1167814,https://ieeexplore.ieee.org/document/1167814/,adjacent-subtopic,"It has become evident that the benefits of object orientation warrant the design and development of reengineering methods that aim to migrate legacy procedural systems to modern object oriented platforms. However, most research efforts in this direction focus mostly on the extraction of an object model from the legacy procedural code without taking into account quality requirements for the target migrant system. This paper presents a reengineering workbench that allows for quality requirements of the target system to be modeled as soft-goals and software transformations to be applied selectively towards achieving specific quality requirements for the target system. In this context, the migration process is denoted by a sequence of transformations that alter the state of the system being reengineered. A Markov model approach and the Viterbi algorithm are used to identify the optimal sequence of transformations that can be applied at any given state of the migration process. For the evaluation of the proposed workbench, a migration experiment of gnu AVL tree libraries is presented.",ieee,llm,0.960,unreviewed,,doi:10.1109/icsm.2002.1167814
discarded,Software reusability: A product transition Perspective,Jarnail Singh; Abdullah,2022,2022 2nd International Conference on Advance Computing and Innovative Technologies in Engineering (ICACITE),10.1109/ICACITE53722.2022.9823525,https://ieeexplore.ieee.org/document/9823525/,adjacent-subtopic,"Practitioners highlight the want of getting a prepared and green technique for software program reusability assessment. For this purpose there may be a want to increase an extra rational answer for reusability assessment at blueprint segment. Software reusability has changed into one of the maximum good sized worries of the software program industry. Value-added reusability manual to decreased software program improvement efforts in addition to decreased charge besides time also. Reusability assessment at the initial periods at blueprint segment is particularly underlined in my planned study; henceforth, taken into consideration crucial for the transport of fine software programs. Aforementioned records stimulated the researcher to make the effort on this path and to increase a complete reusability assessment outline as well as model to degree item oriented software program reusability at blueprint segment of improvement lifestyles cycle. The paper highlights the significance of Reusability in standard in addition to as a thing of software program fine. Two predominant charities are made in this paper. A relation among Reusability elements and item orientated traits has been mounted as a primary contribution. In the 2nd contribution, a model has been planned for assessing Reusability of item orientated software program the usage of blueprint metrics. In addition, the planned model has been authenticated by means of investigational try-out.",ieee,llm,0.910,unreviewed,,doi:10.1109/icacite53722.2022.9823525
