status,title,authors,year,venue,doi,url,tags,abstract,provider,decision_source,llm_confidence,llm_review_outcome,llm_change_direction,paper_id
discarded,ExaGRyPE: Numerical general relativity solvers based upon the hyperbolic PDEs solver engine ExaHyPE,"Zhang, Han; Li, Baojiu; Weinzierl, Tobias; Barrera-Hinojosa, Cristian",2025,COMPUTER PHYSICS COMMUNICATIONS,10.1016/j.cpc.2024.109435,https://www.webofscience.com/wos/woscc/full-record/WOS:001361394800001,adjacent-subtopic,"ExaGRyPE describes a suite of solvers and solver ingredients for numerical relativity that are based upon ExaHyPE 2, the second generation of our Exascale Hyperbolic PDE Engine. Numerical relativity simulations are crucial in resolving astrophysical phenomena in strong gravitational fields and are fundamental in analyzing and understanding gravitational wave emissions. The presented generation of ExaGRyPE solves the Einstein field equations in the standard CCZ4 formulation under a 3+1 foliation and focuses on black hole space-times. It employs a block-structured Cartesian grid carrying a higher-order Finite Difference scheme with full support of adaptive mesh refinement (AMR), it facilitates massive parallelism combining message passing, domain decomposition and task parallelism, and it supports the injection of particles into the grid as static data probes or as moving tracers. We introduce the ExaGRyPE-specific building blocks within ExaHyPE 2, and discuss its software architecture and compute-n-feel. For this, we formalize the creation of any specific astrophysical simulation with ExaGRyPE as a sequence of lowering operations, where a few abstract logical tasks are successively broken down into finer and finer tasks until we obtain an abstraction level which can directly be mapped onto a C++ executable. The overall program logic is fully specified via a domain-specific Python interface, we automatically map this logic onto a more detailed set of numerical tasks, subsequently lower this representation onto technical tasks that the underlying ExaHyPE engine uses to parallelize the application, before eventually the technical tasks in turn are mapped onto small task graphs including the actual astrophysical PDE term evaluations, initial conditions, boundary conditions, and so forth. These can be injected manually by the user, or users might instruct the solver on the most abstract user interface level to use out-of-the-box ExaGRyPE implementations. We end up with a rigorous separation of concerns which shields ExaGRyPE users from technical details and hence simplifies the development of novel physical models. We present the simulations and data for the gauge wave, static single black holes and rotating binary black hole systems, demonstrating that the code base is mature and usable. However, we also uncover domain-specific numerical challenges that need further study by the community in future work.",wos,llm,0.970,unreviewed,,doi:10.1016/j.cpc.2024.109435
discarded,PrometheusMigrate: Efficient Live Migration of Confidential Virtual Machine with Software Abstraction,"Ji, Chenhui; Li, Dingji; Mi, Zeyu; Xia, Yubin",2024,"2024 IEEE INTERNATIONAL CONFERENCE ON JOINT CLOUD COMPUTING, JCC",10.1109/JCC62314.2024.00008,https://www.webofscience.com/wos/woscc/full-record/WOS:001329052500001,adjacent-subtopic,"With the rise of cloud computing, the use of virtual machines in data centers has become genuinely common. To achieve load balance and disaster recovery between different hosts when a virtual machine is providing services, the concept of live migration has been proposed and has now become one of the essential capabilities in data centers. On the other hand, users' concerns about data privacy when applications are deployed on cloud vendors' servers are also rising, and for this reason, confidential virtual machines, a new type of virtualization hardware, have been proposed. However, since the memory of confidential VMs is usually encrypted, existing live migration solutions cannot be applied to confidential VMs directly, so hardware vendors have come up with various solutions to support this critical feature. For example, the mainstream confidential virtualization hardware platform - AMD-SEV, adds a series of interfaces in their secure firmware to assist the hypervisor to achieve live migration capability. However, this solution can cause the live migration time to be too long due to the limited number of secure processors and computing power. In this paper, we propose a new software design: PROMETHEUSMIGRATE. PROMETHEUSMIGRATE presents a novel software abstraction that bypasses SEV's secure firmware with guaranteed security, thereby dramatically accelerating the total live migration time as well as downtime of the AMD-SEV platform.",wos,llm,0.910,unreviewed,,doi:10.1109/jcc62314.2024.00008
discarded,API Management Maturity of Low-Code Development Platforms,"Overeem, Michiel; Jansen, Slinger; Mathijssen, Max",2021,"ENTERPRISE, BUSINESS-PROCESS AND INFORMATION SYSTEMS MODELING, BPMDS 2021, EMMSAD 2021",10.1007/978-3-030-79186-5_25,https://www.webofscience.com/wos/woscc/full-record/WOS:001289645100025,adjacent-subtopic,"Low-code development platforms are environments that enable citizen developers without software engineering knowledge to create software products. These software products range from small business applications to large business platforms, around which software ecosystems increasingly form. In these software ecosystems, different organizations want to extend the created software products with services and software, with the goal of creating active enterprise networks that create value collaboratively. Well designed and maintained application programming interfaces are crucial for these organizations.

In this paper we evaluate the application programming interface management maturity of four low-code development platforms. We show that these platform providers are not yet concerned with helping their customers build software ecosystems around the software platforms that citizen developers create. Furthermore, we identify the software engineering research challenges that these platform providers face. For instance, low-code development platforms should create abstractions that let citizen developers design, develop, and manage application programming interfaces. If low-code development platform providers follow our advice and act on it, they will become able to provide customers with complete ecosystem-enabled platforms instead of providing only simple throwaway business applications.",wos,llm,0.950,unreviewed,,doi:10.1007/978-3-030-79186-5_25
discarded,Space Infrastructure Supermodularity,"Cheung, Kenneth C.; Wang, Xiao Yu",2024,2024 IEEE AEROSPACE CONFERENCE,10.1109/AERO58975.2024.10521429,https://www.webofscience.com/wos/woscc/full-record/WOS:001229648405016,off-topic-false-hit,"NASA states a goal of enabling a competitive future lunar economy. There is consensus that infrastructure is key to the foundation of any economy, and typical priorities are power, communications, and transportation. This article proposes that coordinated multi-agent systems may be important to space infrastructure development for its impact on the structure of systems development, operations, and the resulting economy. The nature of the exploration architecture problem, with high mission investment demanding high capability requirements across all systems, includes many domains that are not the reason or core focus of each mission developer. Classical multiagent coordination includes human work groups and while it encompasses cooperative and competitive contexts, NASA programmatic policy language suggests a goal of crossincentivization, or supermodularity in terms of economics and game theory - implying a competitive environment. How can we define methods of encouraging strategic complementarity and discouraging the pursuit of substitutive strategies? Here, we use an example of physical modularity to illustrate potential methods of achieving these goals and describe how it may be functionalized - such as through cross-domain modular interface standardization. The cross-cutting nature of this example expands the potential of autonomous coordination, which may be necessary for spatial and temporal optimization of resource and capability utilization, to lower system costs and achieve higher system efficiency. It also promises to extend autonomy to higher levels of abstraction - such as with the ability to describe and execute objectives at a mission level.",wos,llm,0.990,unreviewed,,doi:10.1109/aero58975.2024.10521429
discarded,Modelling a Mechanical Lung Ventilation System Using TASTD,"Ndouna, Alex Rodrigue; Frappier, Marc",2024,"RIGOROUS STATE-BASED METHODS, ABZ 2024",10.1007/978-3-031-63790-2_26,https://www.webofscience.com/wos/woscc/full-record/WOS:001280303300026,adjacent-subtopic,"For the ABZ2024 conference, the proposed case study consists of modelling an adaptive outdoor mechanical lung ventilation system. The mechanical lung ventilator is intended to provide ventilation support for patients that are in intensive therapy and that require mechanical ventilation. The system under study is made up of two main software components: the graphical user interface (GUI) and the controller, this paper introduces a model for the controller part of the software system using Timed Algebraic State-Transition Diagrams (TASTD). TASTD is an extension of Algebraic State-Transition Diagrams (ASTD) providing timing operators to express timing constraints. The specification makes extensive use of the TASTD modularity capabilities, thanks to its algebraic approach, to model the behaviour of different sensors and actuators separately. We validate our specification using the cASTD compiler, which translates the TASTD specification into a C++ program. This generated program can be executed in simulation mode to manually update the system clock to check timing constraints. The model is executed on the test sequences provided with the case study. The advantages of having modularisation, orthogonality, abstraction, hierarchy, real-time, and graphical representation in one notation are highlighted with the proposed model.",wos,llm,0.940,unreviewed,,doi:10.1007/978-3-031-63790-2_26
discarded,Flan: An Expressive and Efficient Datalog Compiler for Program Analysis,"Abeysinghe, Supun; Xhebraj, Anxhelo; Rompf, Tiark",2024,PROCEEDINGS OF THE ACM ON PROGRAMMING LANGUAGES-PACMPL,10.1145/3632928,https://www.webofscience.com/wos/woscc/full-record/WOS:001170729400087,adjacent-subtopic,"Datalog has gained prominence in program analysis due to its expressiveness and ease of use. Its generic fixpoint resolution algorithm over relational domains simplifies the expression of many complex analyses. The performance and scalability issues of early Datalog approaches have been addressed by tools such as Souffle through specialized code generation. Still, while pure Datalog is expressive enough to support a wide range of analyses, there is a growing need for extensions to accommodate increasingly complex analyses. This has led to the development of various extensions, such as Flix, Datafun, and Formulog, which enhance Datalog with features like arbitrary lattices and SMT constraints. Most of these extensions recognize the need for full interoperability between Datalog and a full-fledged programming language, a functionality that high-performance systems like Souffle lack. Speciflcally, in most cases, they construct languages from scratch with first-class Datalog support, allowing greater flexibility. However, this flexibility often comes at the cost of performance due to the conflicting requirements of prioritizing modularity and abstraction over efficiency. Consequently, achieving both flexibility and compilation to highly-performant specialized code poses a significant challenge. In this work, we reconcile the competing demands of expressiveness and performance with Flan, a Datalog compiler fully embedded in Scala that leverages multi-stage programming to generate specialized code for enhanced performance. Our approach combines the flexibility of Flix with Souffle's performance, offering seamless integration with the host language that enables the addition of powerful extensions while generating specialized code for the entire computation. Flan's simple operator interface allows the addition of an extensive set of features, including arbitrary aggregates, user-defined functions, and lattices, with multiple execution strategies such as binary and multi-way joins, supported by difierent indexing structures like specialized trees and hash tables, with minimal effort. We evaluate our system on a variety of benchmarks and compare it to established Datalog engines. Our results demonstrate competitive performance and speedups in the range of 1.4x to 12.5x compared to state-of-the-art systems for workloads of practical importance.",wos,llm,0.970,unreviewed,,doi:10.1145/3632928
discarded,Enabling continuous deployment techniques for quantum services,"Romero-Alvarez, Javier; Alvarado-Valiente, Jaime; Moguel, Enrique; Garcia-Alonso, Jose; Murillo, Juan M.",2024,SOFTWARE-PRACTICE & EXPERIENCE,10.1002/spe.3326,https://www.webofscience.com/wos/woscc/full-record/WOS:001179470900001,off-topic-false-hit,"Early advances in quantum computing have provided new opportunities to tackle intricate problems in diverse areas such as cryptography, optimization, and simulation. However, current methodologies employed in quantum computing often require, among other things, a broad understanding of quantum hardware and low-level programming languages, posing challenges to software developers in effectively creating and implementing quantum services. This study advocates the adoption of software engineering principles in quantum computing, thereby establishing a higher level of hardware abstraction that allows developers to focus on application development. With this proposal, developers can design and deploy quantum services with less effort, which is similar to the facilitation provided by service-oriented computing for the development of conventional software services. This study introduces a continuous deployment strategy adapted to the development of quantum services that covers the creation and deployment of such services. For this purpose, an extension of the OpenAPI specification is proposed, which allows the generation of services that implement quantum algorithms. The proposal was validated through the creation of an application programming interface with diverse quantum algorithm implementations and evaluated through a survey of various developers and students who were introduced to the tool with positive results.",wos,llm,0.900,unreviewed,,doi:10.1002/spe.3326
discarded,Student Research Abstract: A Hybrid Approach to Design Embedded Software Using JavaScript's Non-blocking Principle,"Oliveira, Fernando Luis",2023,"38TH ANNUAL ACM SYMPOSIUM ON APPLIED COMPUTING, SAC 2023",10.1145/3555776.3577210,https://www.webofscience.com/wos/woscc/full-record/WOS:001124308100105,adjacent-subtopic,"Embedded Systems (ES) are present in several domains like automotive, smart homes, smart cities, industry, and healthcare, to name but a few. ES brings new challenges to designing embedded software that requires a high level of abstraction and being aware of resource consumption, mainly on resource-constrained devices. Modern programming languages like JavaScript ( JS) can help solve these issues. However, JS is an interpreted language that demands attention to develop applications considering the balance between performance and resource consumption. In this scenario, this paper introduces an architecture design that proposes to model software for embedded systems as event-driven applications. Our design combines traditional architectures traits of Time-triggered (TT) and Event-triggered (ET) into a framework named JSEVAsync, promoting a hybrid system that explores JavaScript's non-blocking concept as a development interface to structure the algorithms into asynchronous units. As a result, we aid the development of applications with high abstraction levels and better resource consumption. To validate it, we compare C- and JavaScript-based applications, analyze the source code (static code analysis) to extract software quality metrics, and explore the results from the energy consumption perspective. We found that writing code through JSEVAsync can be up to 21% more energy efficient than the traditional method and can improve design-time metrics.",wos,llm,0.930,unreviewed,,doi:10.1145/3555776.3577210
discarded,The Jaseci Programming Paradigm and Runtime Stack: Building Scale-Out Production Applications Easy and Fast,"Mars, Jason; Kang, Yiping; Daynauth, Roland; Li, Baichuan; Mahendra, Ashish; Flautner, Krisztian; Tang, Lingjia",2023,IEEE COMPUTER ARCHITECTURE LETTERS,10.1109/LCA.2023.3274038,https://www.webofscience.com/wos/woscc/full-record/WOS:001153152600002,supports-claim; adjacent-subtopic,"Today's production scale-out applications include many sub-application components, such as storage backends, logging infrastructure and AI models. These components have drastically different characteristics, are required to work in collaboration, and interface with each other as microservices. This leads to increasingly high complexity in developing, optimizing, configuring, and deploying scale-out applications, raising the barrier to entry for most individuals and small teams. We developed a novel co-designed runtime system, Jaseci, and programming language, Jac, which aims to reduce this complexity. The key design principle throughout Jaseci's design is to raise the level of abstraction by moving as much of the scale-out data management, microservice componentization, and live update complexity into the runtime stack to be automated and optimized automatically. We use real-world AI applications to demonstrate Jaseci's benefit for application performance and developer productivity.",wos,llm_reviewed,0.860,changed,kept->discarded,doi:10.1109/lca.2023.3274038
discarded,"Time, causality, and realizability: Engineering interactive, distributed software systems","Broy, Manfred",2024,JOURNAL OF SYSTEMS AND SOFTWARE,10.1016/j.jss.2023.111940,https://www.webofscience.com/wos/woscc/full-record/WOS:001155052100001,supports-claim; adjacent-subtopic,"Today, software systems are distributed, concurrent, interactive, embedded, and often time-critical. They communicate and cooperate by data exchange. Introducing notions of time, causality, and realizability into interface-based data flow models results into a powerful model for engineering cyber-physical and, generally, distributed software systems. Architectures and their specification are designed by the concurrent composition of systems. This approach provides high expressive power supporting explicitly specification of interface behavior, encapsulation, abstraction, refinement, verification, concurrent composition, and modularity. The key idea is a formal, semantically coherent modelling, and specification framework that integrates the specification of timecritical and non-time-critical software embedded into cyber-physical systems. The approach supports the refinement of interface specifications of non-time-critical systems into interface specifications of time-critical systems and vice versa. This leads to an integrated specification and design approach for time-critical data flow architectures with soft, firm as well as hard time-critical requirements.",wos,llm_reviewed,0.830,changed,kept->discarded,doi:10.1016/j.jss.2023.111940
discarded,Automated Verification of an In-Production DNS Authoritative Engine,"Zheng, Naiqian; Liu, Mengqi; Xiang, Yuxing; Song, Linjian; Li, Dong; Han, Feng; Wang, Nan; Ma, Yong; Liang, Zhuo; Cai, Dennis; Zhai, Ennan; Liu, Xuanzhe; Jin, Xin",2023,"PROCEEDINGS OF THE TWENTY-NINTH ACM SYMPOSIUM ON OPERATING SYSTEMS PRINCIPLES, SOSP 2023",10.1145/3600006.3613153,https://www.webofscience.com/wos/woscc/full-record/WOS:001135072900006,supports-claim; adjacent-subtopic,"This paper presents DNS-V, a verification framework for our in-production DNS authoritative engine, which is the core of our DNS service. The key idea for automated verification in general is based on the layered verification principle. However, we face the challenge that our in-production DNS authoritative engine lacks modularity, more specifically, as can be seen with unclean interfaces and poor data structure encapsulation. This makes the layered verification hard to apply. To address this challenge, we propose a summarization approach that performs full-path symbolic execution to accumulate all path conditions and computation effects, and then represents a module's behavior in an abstract form as a set of input-effect pairs. In addition, for portability to future iterated versions of our DNS authoritative engine, we identify common dependency library modules that remain stable across different versions, and carefully design their abstractions to make them amenable to automated reasoning. Our framework has been successful in identifying and preventing tens of critical bugs in different versions of our DNS authoritative engine from reaching production, with a porting effort of less than one person-week.",wos,llm_reviewed,0.910,changed,kept->discarded,doi:10.1145/3600006.3613153
