status,title,authors,year,venue,doi,url,tags,abstract,provider,decision_source,llm_confidence,llm_review_outcome,llm_change_direction,paper_id
discarded,A Modular Subset Simulation Toolbox for Matlab,"Schwaiger, Florian; Shi, Dalong; Mishra, Chinmaya; Hoehndorf, Lukas; Holzapfel, Florian",2022,AIAA SCITECH 2022 FORUM,10.2514/6.2022-1893,https://www.webofscience.com/wos/woscc/full-record/WOS:001409643700282,adjacent-subtopic,"We present an open, modular toolbox for Matlab that implements an algorithm for Subset Simulation (SuS) with Markov-chain Monte Carlo (MCMC) sampling to estimate occurrence probabilities of rare events, available at http://go.tum.de/605579. The toolbox is built around an object-oriented API that makes understanding the setup easy for the user. Core features include four different MCMC sampling methods, three different limit-state evaluation modes, accelerating slowlimit-state function evaluations through surrogate models and through compilation of Simulink models, reusing result data to study parameter sensitivities, sampling dependent parameters from Vine Copula structures, and an instrumentation approach to tracking algorithm progress. We demonstrate in short examples how we use these features to easily analyse the rare-event failure probability and parameter sensitivities of benchmark problems, and for a performance requirement on a closed-loop aircraft simulation model.",wos,llm,0.980,unreviewed,,doi:10.2514/6.2022-1893
discarded,System Modeling and Fault Tree Analysis Based on AltaRica,"Li, Zhen; Jiang, Zhengqi; Wang, Dongsheng; Wang, Zhaobin",2020,IEEE ACCESS,10.1109/ACCESS.2020.3022016,https://www.webofscience.com/wos/woscc/full-record/WOS:000572968300001,adjacent-subtopic,"With the increasing scale and complexity of system, it is very necessary to analyze the safety of complex system. Fault tree is an effective method to safety analysis. However, traditional fault tree relies on manual construction and analysis. When fault nodes and systems are complex, the efficiency and correctness of manual analysis can hardly be guaranteed. To the varied understanding of analysts, it is difficult to ensure the consistency of failure mode and system architecture due to the different understanding from safety analysts and system designers. The same node needs fault analysis again in different systems, which has poor reusability and low efficiency. AltaRica is a fault-oriented Safety Modeling Language. It takes the guard transformation system(GTS) as its core, describes nodes and faults with a style of reusable object-oriented language, and describes information of interaction between nodes and systems through interface connections between nodes and nested systems. Therefore, this paper proposed an automatic system modeling and fault analysis method and its detailed computer algorithm on single class node, multiple nodes and nodes with subsystems based on AltaRica. Finally we developed a software prototype and carry out the automatic modeling and fault analysis in a detailed example. The results showed that the proposed method, algorithm and software prototype can realize automatic graphical modeling of the system on AltaRica, the automatic fault analysis is correct and efficient, has reusability of modeling and fault analysis, and greatly improve the accuracy, objectivity and efficiency of fault modeling and analysis.",wos,llm,0.900,unreviewed,,doi:10.1109/access.2020.3022016
discarded,PyISOLVER-A Fast Python OOP Implementation of LRDFIT Model,"Yang, Fanghao; Menard, Jonathan E.",2020,IEEE TRANSACTIONS ON PLASMA SCIENCE,10.1109/TPS.2019.2958001,https://www.webofscience.com/wos/woscc/full-record/WOS:000542945800072,adjacent-subtopic,"An inductance-resistance(L-R) 2-D axisymmetric circuit model of a tokamak is constrained to fit combinations of diagnostic data. This model is widely used not only to reconstruct magnetohydrodynamics (MHD) equilibrium but also to predict time-dependent vacuum field evolution as part of TRANSP. However, the computational model was procedurally programmed with a commercial software platform which limits the reuse and distribution of this computational model and requires extra expense on the commercial software license. In this article, the original procedural program was ported from its commercial platform to an open-source Python platform and refactored into the object-oriented programming (OOP) style so that computational models could run independently on computers without calling any commercial software libraries. The new classes of the tokamak model contain the most frequently used methods and data structures from equilibrium fitting (EFIT) and LRDFIT. Currently, the model and diagnostic data are derived from national spherical torus experiment (NSTX)-U, however, a customized model could be easily developed for another tokamak. With Numba just-in-time (JIT) compiler, the speed of Python code is accelerated. The original deployment would take similar to 56 s to converge on a commercial software platform. The open-source Python version would take similar to 19 s with the same hardware to fit the same set of diagnostic data. Enabled by the OOP design pattern, the numerical algorithm could be further optimized without modification of any other part of code.",wos,llm,0.820,unreviewed,,doi:10.1109/tps.2019.2958001
discarded,Reusing artifact-centric business process models: a behavioral consistent specialization approach,"Yongchareon, Sira; Liu, Chengfei; Zhao, Xiaohui",2020,COMPUTING,10.1007/s00607-020-00798-6,https://www.webofscience.com/wos/woscc/full-record/WOS:000517297800001,adjacent-subtopic,"Process reuse is one of the important research areas that address efficiency issues in business process modeling. Similar to software reuse, business processes should be able to be componentized and specialized in order to enable flexible process expansion and customization. Current activity/control-flow centric workflow modeling approaches face difficulty in supporting highly flexible process reuse, limited by their procedural nature. In comparison, the emerging artifact-centric workflow modeling approach well fits into these reuse requirements. Beyond the classic class level reuse in existing object-oriented approaches, process reuse faces the challenge of handling synchronization dependencies among artifact lifecycles as parts of a business process. In this article, we propose a theoretical framework for business process specialization that comprises an artifact-centric business process model, a set of methods to design and construct a specialized business process model from a base model, and a set of behavioral consistency criteria to help check the consistency between the two process models.",wos,llm,0.950,unreviewed,,doi:10.1007/s00607-020-00798-6
discarded,pySBOL: A Python Package for Genetic Design Automation and Standardization,"Bartley, Bryan A.; Choi, Kiri; Samineni, Meher; Zundel, Zach; Tramy Nguyen; Myers, Chris J.; Sauro, Herbert M.",2019,ACS SYNTHETIC BIOLOGY,10.1021/acssynbio.8b00336,https://www.webofscience.com/wos/woscc/full-record/WOS:000476957300005,off-topic-false-hit,"This paper presents pySBOL, a software library for computer-aided design of synthetic biological systems in the Python scripting language. This library provides an easy-to-use, object-oriented, application programming interface (API) with low barrier of entry for synthetic biology application developers. The pySBOL library enables reuse of genetic parts and designs through standardized data exchange with biological parts repositories and software tools that communicate using the Synthetic Biology Open Language (SBOL). In addition, pySBOL supports data management of design-build-test-learn workflows for individual laboratories as well as large, distributed teams of synthetic biologists. PySBOL also lets users add custom data to SBOL files to support the specific data requirements of their research. This extensibility helps users integrate software tool chains and develop workflows for new applications. These features and others make the pySBOL library a valuable tool for supporting engineering practices in synthetic biology. Documentation and installation instructions can be found at pysbol2.readthedocs.io.",wos,llm,0.960,unreviewed,,doi:10.1021/acssynbio.8b00336
discarded,An evaluation of interaction paradigms for active objects,"Karami, Farzane; Owe, Olaf; Ramezanifarkhani, Toktam",2019,JOURNAL OF LOGICAL AND ALGEBRAIC METHODS IN PROGRAMMING,10.1016/j.jlamp.2018.11.008,https://www.webofscience.com/wos/woscc/full-record/WOS:000458714300008,adjacent-subtopic,"Distributed systems are challenging to design properly and prove correctly due to their heterogeneous and distributed nature. These challenges depend on the programming paradigms used and their semantics. The actor paradigm has the advantage of offering a modular semantics, which is useful for compositional design and analysis. Shared variable concurrency and race conditions are avoided by means of asynchronous message passing. The object-oriented paradigm is popular due to its facilities for program structuring and reuse of code. These paradigms have been combined by means of concurrent objects where remote method calls are transmitted by message passing and where low-level synchronization primitives are avoided. Such kinds of objects may exhibit active behavior and are often called active objects. In this setting the concept of futures is central and is used by a number of languages. Futures offer a flexible way of communicating and sharing computation results. However, futures come with a cost, for instance with respect to the underlying implementation support, including garbage collection. In particular this raises a problem for loT systems.

The purpose of this paper is to reconsider and discuss the future mechanism and compare this mechanism to other alternatives, evaluating factors such as expressiveness, efficiency, as well as syntactic and semantic complexity including ease of reasoning. We limit the discussion to the setting of imperative, active objects and explore the various mechanisms and their weaknesses and advantages. A surprising result (at least to the authors) is that the need of futures in this setting seems to be overrated. (C) 2018 Published by Elsevier Inc.",wos,llm,0.960,unreviewed,,doi:10.1016/j.jlamp.2018.11.008
discarded,Expert System for Deciding a Solution of Mechanical Failure in a Car using Case-based Reasoning,"Rahman, A.; Slamet, C.; Darmalaksana, W.; Gerhana, Y. A.; Ramdhani, M. A.",2018,2ND ANNUAL APPLIED SCIENCE AND ENGINEERING CONFERENCE (AASEC 2017),10.1088/1757-899X/288/1/012011,https://www.webofscience.com/wos/woscc/full-record/WOS:000431664000011,off-topic-false-hit,"The research implements a Case-based Reasoning method into an expert system to help mechanical team in an automobile service station in relation with making a specific decision to address customer complaints. A number of mechanistic criteria and potential alternatives are designed, using knowledge-based as a system backbone which is elaborated into four main general phases known as retrieving similar problems, reusing knowledge, revising solution and retaining experiences to fortify a best solution. Technically, an on line application system are constructed by Object-oriented Software Engineering (OOSE) model to serve end-users interactively. The result of this study indicates an on line expert system where the application not only can be effectively utilized by specialized team but also be able to serve as a knowledge bridge for other.",wos,llm,0.980,unreviewed,,doi:10.1088/1757-899x/288/1/012011
discarded,INNOVATION AND CERTIFICATION IN AVIATION SOFTWARE,"Kennedy, Jaiden David; Towhidnejad, Massood",2017,"2017 INTEGRATED COMMUNICATIONS, NAVIGATION AND SURVEILLANCE CONFERENCE (ICNS)",,https://www.webofscience.com/wos/woscc/full-record/WOS:000426902600034,adjacent-subtopic,"Software safety is of critical importance to the ongoing success of the aviation industry. The DO-178 standard is the de-facto standard for safe aviation software across different regulatory contexts. Regulatory usage of DO-178 has coincided with an excellent aviation safety record, and therefore is often considered a success. There is an open question on whether the DO-178 standard prohibits the ability to utilize recent innovative techniques and processes that are being used by the broader software industry. This question is increasingly relevant in a time when rising software complexity, long considered a challenge, is posing a serious threat to the continued success of the industry. Aviation software is particularly subject to this complexity, and is challenged by growing software size, increased importance, and other accidental complexity.

This paper presents the findings of a literature review to identify the impact to the aviation industry from the DO-178C standard. The review considers the nature and source of software complexity as it relates to aviation software. The concepts and safety argument of software safety and DO-178 were investigated, following a review of the standards content, and common criticisms. The review also considered innovative software engineering techniques to identify the sources of conflict with the DO-178C standard. These included object-oriented technology, agile software development, software reuse and formal methods. Challenges posed by cyber security were also considered. The outcome of this review was the production of ten key observations.

The usage of the DO-178C standard has provided a method to accept software for service, however increasing aviation software complexity challenges this success. Continued adoption of innovative techniques is required to ensure that the aviation industry can manage increasing software complexity.",wos,llm,0.960,unreviewed,,hash:1007bb508d71660a
discarded,Identifying Software Components from Object-Oriented APIs Based on Dynamic Analysis,"Shatnawi, Anas; Shatnawi, Hudhaifa; Saied, Mohamed Aymen; Al Shara, Zakarea; Sahraoui, Houari; Seriai, Abdelhak",2018,2018 IEEE/ACM 26TH INTERNATIONAL CONFERENCE ON PROGRAM COMPREHENSION (ICPC 2018),10.1145/3196321.3196349,https://www.webofscience.com/wos/woscc/full-record/WOS:000555427300019,adjacent-subtopic,"The reuse at the component level is generally more effective than the one at the object-oriented class level. This is due to the granularity level where components expose their functionalities at an abstract level compared to the fine-grained object-oriented classes. Moreover, components clearly define their dependencies through their provided and required interfaces in an explicit way that facilitates the understanding of how to reuse these components. Therefore, several component identification approaches have been proposed to identify components based on the analysis object-oriented software applications. Nevertheless, most of the existing component identification approaches did not consider co-usage dependencies between API classes to identify classes/methods that can be reused to implement a specific scenario. In this paper, we propose an approach to identify reusable software components in object-oriented APIs, based on the interactions between client applications and the targeted API. As we are dealing with actual clients using the API, dynamic analysis allows to better capture the instances of API usage. Approaches using static analysis are usually limited by the difficulty of handling dynamic features such as polymorphism and class loading. We evaluate our approach by applying it to three Java APIs with eight client applications from the DaCapo benchmark. DaCapo provides a set of pre-defined usage scenarios. The results show that our component identification approach has a very high precision.",wos,llm,0.780,unreviewed,,doi:10.1145/3196321.3196349
discarded,Development of product platforms: Theory and methodology,"Johannesson, Hans; Landahl, Jonas; Levandowski, Christoffer; Raudberget, Dag",2017,CONCURRENT ENGINEERING-RESEARCH AND APPLICATIONS,10.1177/1063293X17709866,https://www.webofscience.com/wos/woscc/full-record/WOS:000408221500001,off-topic-false-hit,"There is a trend toward increased customization of goods to satisfy a wide range of customers using product platforms. However, there is an erroneous notion that product platforms can only be used to provide economic viability in production thanks to the reuse of physical components among a family of products. Yet, this is a limited perception of the potential of a product platform. In this article, an object-oriented approach to support the development of product platforms is proposed to increase efficiency through reuse and flexibility of designs among a family of products. Two modes of the platform development process are addressed: platform preparation and platform execution. Platform preparation prescribes the methods needed to model platform objects, using enhanced function-means models and set-based concurrent engineering processes. During the platform execution process, sets of design alternatives can be configured concurrently throughout the conceptual, system, and detailed phases of the platform development. Three cases illustrate how the same approach may be used in different design scenarios: design space exploration and extension, supply-chain collaboration, and configure-to-order. The approach supports system architects and design engineers in making design decisions that propel the platform development work by enabling analysis in stages where designs are immature and evaluating the goodness of the alternatives early. Ultimately, product platforms can be efficiently developed for modularity and scalability to find feasible product variants and meet the needs of a multitude of customers.",wos,llm,0.980,unreviewed,,doi:10.1177/1063293x17709866
discarded,A Systematic Review of Software Reuse using Domain Engineering Paradigms,"Dabhade, Megha; Suryawanshi, Shivam; Manjula, R.",2016,PROCEEDINGS OF 2016 ONLINE INTERNATIONAL CONFERENCE ON GREEN ENGINEERING AND TECHNOLOGIES (IC-GET),,https://www.webofscience.com/wos/woscc/full-record/WOS:000405375600036,adjacent-subtopic,"Software reuse is the use of already existing concepts, objects or software components to build new software. The goal of software reuse research is to explore systematic procedures for developing new systems from existing ones. The systematic software reuse is the most effective way to improve software development. Domain engineering plays crucial role in Software Reuse research, which makes the use of approaches based on object oriented design, software architecture and architecture definition languages. These approaches can be significantly used at initial stages of Software Development Life Cycle (SDLC). It helps us to reduce the rework by enhancing the productivity and quality of reuse. Thus the goal is to identify barriers of software reusability that must be overcome for successful reuse. This paper presents a detailed literature survey on software reuse processes, current research and challenges which encounters while software reusing.",wos,llm_reviewed,0.720,confirmed,,hash:75e36d36338461a6
discarded,A Lightweight Approach for Specification and Detection of SOAP Anti-Patterns,"Sabir, Fatima; Rasool, Ghulam; Yousaf, Maria",2017,INTERNATIONAL JOURNAL OF ADVANCED COMPUTER SCIENCE AND APPLICATIONS,,https://www.webofscience.com/wos/woscc/full-record/WOS:000403339800055,adjacent-subtopic,Web-services have become a governing technology for Service Oriented Architectures due to reusability of services and their dependence on other services. The evolution in service based systems demands frequent changes to provide quality of service to customers. It is realised by different researchers that evolution in service based systems may degrade design and quality of service and may generate poor solutions known as anti-patterns. The detection of anti-patterns from web services is an important research realm and it is continuously getting the attention of researchers. There are a number of techniques and tools presented for detection of anti-patterns from object oriented software applications but only few approaches are presented for detection of anti-patterns from SOA. The state of the art anti-pattern detection approaches presented for detection of anti-patterns from SOA are not flexible enough and they are limited to detection of only a few anti-patterns. We present a flexible approach supplemented with a tool support to detect 10 anti-patterns from different SOA-based applications. We compare results of our approach with two representative state of the art approaches.,wos,llm,0.980,unreviewed,,hash:86f9589e963034c7
