status,title,authors,year,venue,doi,url,tags,abstract,provider,decision_source,llm_confidence,llm_review_outcome,llm_change_direction,paper_id
discarded,State-of-Practice in GUI-based System and Acceptance Testing: An Industrial Multiple-Case Study,Grischa Liebel; Emil Alégroth; Robert Feldt,2013,2013 39th Euromicro Conference on Software Engineering and Advanced Applications,10.1109/SEAA.2013.29,https://ieeexplore.ieee.org/document/6619483/,adjacent-subtopic,"Software testing is an essential means of evaluating software quality. System and acceptance tests aim to validate a system's conformance to its requirements on a high level of system abstraction. Therefore, they are generally performed by executing end-user scenarios through the system's graphical user interface (GUI). However, to the authors' best knowledge, there are no empirical studies that evaluate how GUI-based system and acceptance testing is performed in industrial practice. In this paper, we present a multiple-case study with the goal to investigate the state-of-practice of GUI-based system and acceptance testing at six software development companies of varying context. The main findings are that manual, GUI-based system testing is widespread and that automated GUI-based system and acceptance testing exists only on a small scale. Additionally, the study identifies core problems with GUI-based system and acceptance testing such as test tool limitations, high test costs and customer involvement in testing.",ieee,llm,0.980,unreviewed,,doi:10.1109/seaa.2013.29
discarded,Timeline: An Operating System Abstraction for Time-Aware Applications,Fatima Anwar; Sandeep D’Souza; Andrew Symington; Adwait Dongare; Ragunathan Rajkumar; Anthony Rowe; Mani Srivastava,2016,2016 IEEE Real-Time Systems Symposium (RTSS),10.1109/RTSS.2016.027,https://ieeexplore.ieee.org/document/7809855/,adjacent-subtopic,"Having a shared and accurate sense of time is critical to distributed Cyber-Physical Systems (CPS) and the Internet of Things (IoT). Thanks to decades of research in clock technologies and synchronization protocols, it is now possible to measure and synchronize time across distributed systems with unprecedented accuracy. However, applications have not benefited to the same extent due to limitations of the system services that help manage time, and hardware-OS and OS-application interfaces through which timing information flows to the application. Due to the importance of time awareness in a broad range of emerging applications, running on commodity platforms and operating systems, it is imperative to rethink how time is handled across the system stack. We advocate the adoption of a holistic notion of Quality of Time (QoT) that captures metrics such as resolution, accuracy, and stability. Building on this notion we propose an architecture in which the local perception of time is a controllable operating system primitive with observable uncertainty, and where time synchronization balances applications' timing demands with system resources such as energy and bandwidth. Our architecture features an expressive application programming interface that is centered around the abstraction of a timeline - a virtual temporal coordinate frame that is defined by an application to provide its components with a shared sense of time, with a desired accuracy and resolution. The timeline abstraction enables developers to easily write applications whose activities are choreographed across time and space. Leveraging open source hardware and software components, we have implemented an initial Linux realization of the proposed timeline-driven QoT stack on a standard embedded computing platform. Results from its evaluation are also presented.",ieee,llm,0.960,unreviewed,,doi:10.1109/rtss.2016.027
discarded,Spark-DIY: A Framework for Interoperable Spark Operations with High Performance Block-Based Data Models,Silvina Caíno-Lores; Jesús Carretero; Bogdan Nicolae; Orcun Yildiz; Tom Peterka,2018,2018 IEEE/ACM 5th International Conference on Big Data Computing Applications and Technologies (BDCAT),10.1109/BDCAT.2018.00010,https://ieeexplore.ieee.org/document/8606630/,adjacent-subtopic,"Today's scientific applications are increasingly relying on a variety of data sources, storage facilities, and computing infrastructures, and there is a growing demand for data analysis and visualization for these applications. In this context, exploiting Big Data frameworks for scientific computing is an opportunity to incorporate high-level libraries, platforms, and algorithms for machine learning, graph processing, and streaming; inherit their data awareness and fault-tolerance; and increase productivity. Nevertheless, limitations exist when Big Data platforms are integrated with an HPC environment, namely poor scalability, severe memory overhead, and huge development effort. This paper focuses on a popular Big Data framework -Apache Spark- and proposes an architecture to support the integration of highly scalable MPI block-based data models and communication patterns with a map-reduce-based programming model. The resulting platform preserves the data abstraction and programming interface of Spark, without conducting any changes in the framework, but allows the user to delegate operations to the MPI layer. The evaluation of our prototype shows that our approach integrates Spark and MPI efficiently at scale, so end users can take advantage of the productivity facilitated by the rich ecosystem of high-level Big Data tools and libraries based on Spark, without compromising efficiency and scalability.",ieee,llm,0.960,unreviewed,,doi:10.1109/bdcat.2018.00010
discarded,Ontology-based abstractions for M2M virtual nodes and topologies,Inge Grønbæk; Pratik K. Biswas,2009,2009 International Conference on Ultra Modern Telecommunications & Workshops,10.1109/ICUMT.2009.5345589,https://ieeexplore.ieee.org/document/5345589/,adjacent-subtopic,"Machine to Machine (M2M), wireless, ad-hoc type networks are typically resource constrained due to the restricted capabilities of constituent objects (i.e. nodes). There may be limitations in transmission range and capacity, power availability, spatial coverage and location, etc. These limitations may be alleviated through abstractions implemented by cooperating objects. Such abstractions span a range of diverse approaches, each suited to specific ambient conditions and applications. This work proposes an ontology that defines an API for the management of a Virtual Node Layer (VNL) in sensor (or in general, M2M) networks. Such an API can manage regions, virtual nodes and virtual topologies. The management service primitives are independent of the user plane service primitives allowing applications development to take place without considering the characteristics of the underlying network topology in advance of actual deployment. Dynamic adaptation to ambient conditions and service requirements are additionally supported by adopting the most efficient virtualization for the environment of deployment.",ieee,llm,0.940,unreviewed,,doi:10.1109/icumt.2009.5345589
discarded,On the design of a UAS flight plan monitoring and edition system,Enric Pastor; Eduard Santamaria; Pablo Royo; Juan Lopez; Cristina Barrado,2010,2010 IEEE Aerospace Conference,10.1109/AERO.2010.5446778,https://ieeexplore.ieee.org/document/5446778/,off-topic-false-hit,"This paper addresses various aspects of the design and development of the pilot interface for the exploitation of highly advanced flight plan capabilities specifically designed for Unmanned Aerial Systems (UAS). This flight plan capabilities are built on top a flexible and reusable hardware/software architecture designed to facilitate the development of UAS-based applications. This flexibility is organized into an user-parameterizable UAS Service Abstraction Layer (USAL). The USAL defines a collection of standard services are their interrelations as a basic starting point for further development by UAS users. Previous research presented the advanced flying capabilities of a UAS as an extension of the Flight Control System (FCS) functionalities. Assuming a UAS with a FCS that ensures safe and stable maneuvers, we complement it with a highly capable flight plan management system. USAL flight plan is characterized by offering semantically much richer constructs than those present in most current UAS autopilots, which rely on simple lists of waypoints. This list of waypoints approach has several important limitations: it is difficult to specify complex trajectories and it does not support constructs such as conditional forks or iterations, small changes may imply having to deal with a considerable amount of waypoints and it provides no mechanism for adapting to mission time circumstances. To address these issues a new flight plan specification mechanism is proposed, that incorporates a leg concept extended to accommodate higher level constructs for specifying iterations and forks. Additional leg types, referred to as parametric leg, are also introduced. The trajectory defined by a parametric leg is automatically generated as a function of mission variables, enabling dynamic behavior and providing a very valuable means for adapting the flight to the mission evolution. Another level of adaption is provided by the conditions governing the decision-making in intersection legs and the finalization of iterative legs. In this work we will focus on the development of the pilot interface for the exploitation of the introduced flight plan capabilities. The interface design requirements address an increase level of automated operation and support to react to unexpected requirements due to mission changes. Therefore, this interaction includes the available mechanisms to update the flight-plan according to UAS mission requirements, skip parts of it, react to operational contingencies, etc.",ieee,llm,0.980,unreviewed,,doi:10.1109/aero.2010.5446778
discarded,Fine-Grained Energy-Efficient Consolidation in SDN Networks and Devices,Raffaele Bolla; Roberto Bruschi; Franco Davoli; Chiara Lombardo,2015,IEEE Transactions on Network and Service Management,10.1109/TNSM.2015.2431074,https://ieeexplore.ieee.org/document/7103350/,off-topic-false-hit,"The constant evolution and expansion of the Internet and Internet-related technologies has exposed the limitations of the current networking infrastructures, which are represented by the unsustainable power consumption and low level of scalability. In fact, these infrastructures are still based on the typical, ossified architecture of the TCP/IP paradigm. In order to cope with the Future Internet requirements, recent contributions envisage an evolution towards more programmable and efficient paradigms. In this respect, this paper describes the basic issues, the technical approaches, and the methodologies for the implementation of power management primitives in the context of the emerging Software Defined Networking. In detail, we propose to extend one of the most prominent solutions aimed at increasing networking flexibility, the OpenFlow Protocol, to integrate the energy-aware capabilities offered by the Green Abstraction Layer (GAL). However, the mere introduction of node-level solutions would be of little or no use in the absence of a network-wide management scheme to guarantee inter-operability and effectiveness of the proposed architecture. In this respect, this work also proposes an analytical model for the management of a network with these capabilities. The results will show how our solutions are well suited to provide a scalable and efficient network architecture able to manage the orchestration and consolidation of the available resources.",ieee,llm,0.980,unreviewed,,doi:10.1109/tnsm.2015.2431074
discarded,OSCAR meta-package system,J. Mugler; T. Naughton; S.L. Scott,2005,19th International Symposium on High Performance Computing Systems and Applications (HPCS'05),10.1109/HPCS.2005.36,https://ieeexplore.ieee.org/document/1430094/,adjacent-subtopic,"The deployment and management of software is an ongoing challenge for cluster systems administrators. The Open Source Cluster Application Resources (OSCAR) toolkit is designed to assist both novice and experienced administrators with cluster administration. The toolkit includes a meta-packaging system to help with cluster software distribution and installation. These meta-packages are called OSCAR packages. An OSCAR package may include binary software packages (e.g., RPMS) as well as a stock configuration, tests and documentation. This encapsulation enables OSCAR to better manage cluster software and allows users to select which pieces they would like to use. The modularity of the OSCAR packages has enabled the project to start new ""spin off"" projects that leverage the base toolkit and extend the functionality by adding new packages. As OSCAR has matured, new Linux distributions and cluster applications have been introduced. The extensibility of OSCAR via this modular meta-packaging system has been a major asset. However, certain limitations do exist. Since, a large part of the project's success is dependent upon contributions by others, the quality of this packaging system is of paramount importance to OSCAR. This paper provides a brief survey of the current v4.0 OSCAR meta-packaging system and then outlines some of the proposed enhancements that are currently on the project's road-map.",ieee,llm,0.880,unreviewed,,doi:10.1109/hpcs.2005.36
discarded,An Assistive Technology-based Approach towards Helping Visually Impaired People,Dhiraj Pandey; Kavita Pandey,2021,"2021 9th International Conference on Reliability, Infocom Technologies and Optimization (Trends and Future Directions) (ICRITO)",10.1109/ICRITO51393.2021.9596376,https://ieeexplore.ieee.org/document/9596376/,adjacent-subtopic,"The most important point to consider before considering any solution or tool for blind people is to analyze what they need. This paper describes an approach to develop a smartphone-based solution for the varied problems faced by individuals with vision disabilities. The proposed approach is based on the assumption that smartphones are highly accessible and Developers simply ignore to create solutions to help the blind users with the problems they face in using the capabilities of the smartphone. The proposed approach is a user interface that provides an abstraction layer on the top of the Operating System (OS) and it contains various functionalities to make it work seamlessly for a blind user. It includes the use of gestures, text to speech, and voice APIs provided by the OS SDK to develop a UI that eliminates the inherent need to look into the smartphone display to perform essential functions. The user interface provides a simple sequence of gestures to perform actions and in turn, provides voice feedback and response to the user. The application supports all the basic functionalities like Calls, Texts, Music, Internet, Alarm, etc. The application also enables users to adjust the app settings viz. the speed and pitch of the voice feedback. The basic gestures include swiping right for entering into a menu, swiping left for an existing menu, and swiping upward or downwards for moving through the options in the menu. Using these only gestures users can perform any action on the smartphone. The User doesn't even need to tap the app icon to open the application every time as once configured it acts as a standalone interface for using the phone and performs necessary functions. The proposed interface also supports voice-based input in addition to the gestures. User can perform the necessary actions just by giving voice commands, possibly in their native languages, like a personal assistant, making it more usable and efficient. The complete user interface is developed by keeping in mind the capabilities and limitations of outwardly disabled people. The fundamental design goal of the App is to provide the blind user with an additional tool in the form of their smartphones to perform their tasks, keeping simplicity and minimalism in mind.",ieee,llm,0.960,unreviewed,,doi:10.1109/icrito51393.2021.9596376
discarded,Do Abstractions Have Politics? Toward a More Critical Algorithm Analysis,Kevin Lin,2021,"2021 Conference on Research in Equitable and Sustained Participation in Engineering, Computing, and Technology (RESPECT)",10.1109/RESPECT51740.2021.9620635,https://ieeexplore.ieee.org/document/9620635/,adjacent-subtopic,"The expansion of computer science (CS) education in K-12 and higher-education in the United States has prompted deeper engagement with equity that moves beyond inclusion toward a more critical CS education. Rather than frame computing as a value-neutral tool, a justice-centered approach to equitable CS education draws on critical pedagogy to ensure the rightful presence of political struggles by emphasizing the development of not only knowledge and skills but also CS disciplinary identities. While recent efforts have integrated ethics into several areas of the undergraduate CS curriculum, critical approaches for teaching data structures and algorithms in particular are undertheorized. Basic Data Structures remains focused on runtime-centered algorithm analysis. We argue for affordance analysis, a more critical algorithm analysis based on an affordance account of value embedding. Drawing on critical methods from science and technology studies, philosophy of technology, and human-computer interaction, affordance analysis examines how the design of computational abstractions such as data structures and algorithms embody affordances, which in turn embody values with political consequences. We illustrate 5 case studies of how affordance analysis refutes social determination of technology, foregrounds the limitations of data abstractions, and implicates the design of algorithms in disproportionately distributing benefits and harms to particular social identities within the matrix of domination.",ieee,llm,0.910,unreviewed,,doi:10.1109/respect51740.2021.9620635
discarded,NetCDF: an interface for scientific data access,R. Rew; G. Davis,1990,IEEE Computer Graphics and Applications,10.1109/38.56302,https://ieeexplore.ieee.org/document/56302/,adjacent-subtopic,"The network common data form (NetCDF), a data abstraction for storing and retrieving multidimensional data, is described. NetCDF is distributed as a software library that provides a concrete implementation of that abstraction. The implementation provides a machine-independent format for representing scientific data. Together, the abstraction, library, and data format support the creation, access, and sharing of scientific information. NetCDF is useful for supporting objects that contain dissimilar kinds of data in a heterogeneous network environment and for writing application software that does not depend on application-specific formats. Independence from particular machine representations is achieved by using a nonproprietary standard for external data representation. The discussion covers NetCDF data abstraction and interface; dimensions, variables, and attributes; direct access and hyperslab access, the NetCDF library; the data format; ncdump and ncgen utilities; experience, usability, and performance; limitations of NetCDF; and future plans.<>",ieee,llm,0.830,unreviewed,,doi:10.1109/38.56302
discarded,"CAVE-AR: A VR Authoring System to Interactively Design, Simulate, and Debug Multi-user AR Experiences",Marco Cavallo; Angus G. Forbes,2019,2019 IEEE Conference on Virtual Reality and 3D User Interfaces (VR),10.1109/VR.2019.8798148,https://ieeexplore.ieee.org/document/8798148/,adjacent-subtopic,"Despite advances in augmented reality (AR), the process of creating meaningful experiences with this technology is still extremely challenging. Due to different tracking implementations and hardware constraints, developing AR applications either requires low-level programming skills, or is done through specific authoring tools that largely sacrifice the possibility of customizing the AR experience. Existing development workflows also do not support previewing or simulating the AR experience, requiring a lengthy process of trial and error by which content creators deploy and physically test applications in each iteration. To mitigate these limitations, we propose CAVE-AR, a novel virtual reality system for authoring, simulating and debugging custom augmented reality experiences. Available both as a standalone or a plug-in tool, CAVE-AR is based on the concept of representing in the same global reference system both in AR content and tracking information, mixing geographical information, architectural features, and sensor data to simulate the context of an AR experience. Thanks to its novel abstraction of existing tracking technologies, CAVE-AR operates independently of users' devices, and integrates with existing programming tools to provide maximum flexibility. Our VR application provides designers with ways to create and modify an AR application, even while others are in the midst of using it. CAVE-AR further allows the designer to track how users are behaving, preview what they are currently seeing, and interact with them through several different channels. To illustrate our proposed development workflow and demonstrate the advantages of our authoring system, we introduce two CAVE-AR use cases in which an augmented reality application is created and tested. In particular, we compare the CAVE-AR workflow to traditional development methods and demonstrate the importance of simulation and live application debugging.",ieee,llm,0.960,unreviewed,,doi:10.1109/vr.2019.8798148
