status,title,authors,year,venue,doi,url,tags,abstract,provider,decision_source,llm_confidence,llm_review_outcome,llm_change_direction,paper_id
discarded,Rosetta3: An Object-Oriented Software Suite for the Simulation and Design of Macromolecules,"Richter, Florian; Monica Berrondo; Andrew Leaver‐Fay; James Thompson; Cooper, Seth; Daniel J. Mandell; Yih‐En Andrew Ban; William Sheffler; Brian A. Kuhlman; Ron Jacak; P. Douglas Renfrew; Ian Davis; Oliver F. Lange; David A. Baker; Steven Macauley Lewis; Rhiju Das; Sarel Jacob Fleishman; David E. Kim; Tanja Kortemme; Sergey Lyskov; Jacob E. Corn; Bradley, Philip; Colin A. Smith; Michael Dominik Tyka; John Karanicolas; Stuart Mentzer; Jeffrey J. Gray; Jens Meiler; Zoran Popović; James J. Havranek; Kristian W. Kaufman; Adrien Treuille",2020,Carolina Digital Repository (University of North Carolina at Chapel Hill),10.17615/8ga2-9t05,https://openalex.org/W4300802462,adjacent-subtopic,"We have recently completed a full re-architecturing of the Rosetta molecular modeling program, generalizing and expanding its existing functionality. The new architecture enables the rapid prototyping of novel protocols by providing easy to use interfaces to powerful tools for molecular modeling. The source code of this rearchitecturing has been released as Rosetta3 and is freely available for academic use. At the time of its release, it contained 470,000 lines of code. Counting currently unpublished protocols at the time of this writing, the source includes 1,285,000 lines. Its rapid growth is a testament to its ease of use. This document describes the requirements for our new architecture, justifies the design decisions, sketches out central classes, and highlights a few of the common tasks that the new software can perform.",openalex,llm,0.870,unreviewed,,doi:10.17615/8ga2-9t05
discarded,On the Reuse and Maintenance of Aspect-Oriented Software: An Assessment Framework,Cláudio Sant’Anna; Alessandro Daeli Garcia; Christina Chávez; Carlos Lucena; Arndt von Staa,2003,,10.5753/sbes.2003.23850,https://openalex.org/W142616426,adjacent-subtopic,"Aspect-oriented software development (AOSD) is gaining wide attention both in research environments and in industry. Aspect-oriented systems encompass new software engineering abstractions and different complexity dimensions. As a consequence, AOSD poses new problems to empirical software engineering. It requires new assessment frameworks specifically tailored to measure the reusability and maintainability degrees of aspect-oriented systems. This paper presents an assessment framework for AOSD, which is composed of two components: a suite of metrics and a quality model. These components are based on well-known principles and existing metrics in order to avoid the reinvention of well-tested solutions. The proposed framework has been evaluated in the context of two different empirical studies with different characteristics, diverse domains, varying control levels and different complexity degrees. Based on empirical and quantitative analysis, the advantages and drawbacks of the framework components are discussed.",openalex,llm,0.950,unreviewed,,doi:10.5753/sbes.2003.23850
discarded,Discrimination of Inheritance Patterns: An Improved Metric,"Reddy, B. Rarnachandra; Ojha, Aparajita",2018,"PROCEEDINGS OF THE 8TH INTERNATIONAL CONFERENCE CONFLUENCE 2018 ON CLOUD COMPUTING, DATA SCIENCE AND ENGINEERING",,https://www.webofscience.com/wos/woscc/full-record/WOS:000571162600115,adjacent-subtopic,"Many inheritance metrics are introduced with a view to understand structural complexity of class hierarchies and their impact on software performance and maintainability. To some extent they help understanding class hierarchies for their modifiability, reusability and testability. Design level metrics can play an important role in discriminating class hierarchies with respect to their understandability. Unfortunately, inheritance metrics do not provide any insight on structural differences in different types of class hierarchies, as different class inheritance hierarchies result to the same of some the inheritance metrics, leading in lack of discrimination anomaly (LOA) [1]. To address this problem, present authors have proposed a vector approach based on discrimination of class inheritance hierarchies in [2]. In this paper, we introduce an improved metric for discrimination of class hierarchies using a linear combination of existing inheritance metrics. The empirical study indicates that different inheritance hierarchies can be differentiate applying the metrics method inheritance factors, Average Depth of Inheritance, attribute inheritance factors and reuse ratio. Discrimination power of the new metric is analyzed and is shown to be useful in prediction of maintainability and testability.",wos,llm,0.940,unreviewed,,hash:8de8db06e169d66a
discarded,Class Inheritance Structures and Software Maintenance Activities - An Empirical Analysis,"Kaur, Kuljit",2015,2015 1ST INTERNATIONAL CONFERENCE ON NEXT GENERATION COMPUTING TECHNOLOGIES (NGCT),,https://www.webofscience.com/wos/woscc/full-record/WOS:000380503400138,adjacent-subtopic,"In an object oriented design, organization of classes in an inheritance hierarchy is believed to ease the understandability, reusability, and maintainability of the design. However, a lot of empirical analysis is required to confirm this. This research work is another attempt in this direction. Previous research experiments show that programmers do not prefer deep inheritance hierarchies. They find it difficult to perform maintenance tasks on classes deep in the hierarchy. This paper reports results of an experiment which studies the maintenance activity at various levels of the inheritance hierarchy of an open source reusable software component across its various releases. It analyzes changes in inheritance hierarchy by keeping track of the classes added, removed, changed, and unchanged in four successive releases of the software product. It is found that classes that undergo change are more evenly distributed at various levels of the hierarchy rather than classes that are retained as such in the next release. New classes are added at shallow levels of hierarchy most of the times, but unwanted classes are removed from different levels of the hierarchy. The paper also focuses on changes in the inheritance hierarchy as the design evolves.",wos,llm,0.750,unreviewed,,hash:fb8088c9f9c3fd65
discarded,Migrating Large Object-Oriented Applications into Component-Based Ones,"Alshara, Zakarea; Seriai, Abdelhak-Djamel; Tibermacine, Chouki; Bouziane, Hinde Lilia; Dony, Christophe; Shatnawi, Anas",2016,ACM SIGPLAN NOTICES,10.1145/2936314.2814223,https://www.webofscience.com/wos/woscc/full-record/WOS:000376396300007,adjacent-subtopic,"Large object-oriented applications have complex and numerous dependencies, and usually do not have explicit software architectures. Therefore they are hard to maintain, and parts of them are difficult to reuse. Component-based development paradigm emerged for improving these aspects and for supporting effective maintainability and reuse. It provides better understandability through a high-level architecture view of the application. Thereby migrating object oriented applications to component-based ones will contribute to improve these characteristics (maintainability and reuse). In this paper, we propose an approach to automatically transform object oriented applications to component-based ones. More particularly, the input of the approach is the result provided by software architecture recovery: a component-based architecture description. Then, our approach transforms the object-oriented source code in order to produce deployable components. We focus in this paper on the transformation of source code related to instantiation and inheritance dependencies between classes that are in different components. We experimented the proposed solution in the transformation of a collection of Java applications into the OSGi framework. The experimental results are discussed in this paper.",wos,llm,0.930,unreviewed,,doi:10.1145/2936314.2814223
discarded,Migrating Large Object-Oriented Applications into Component-Based Ones Instantiation and Inheritance Transformation,"Alshara, Zakarea; Seriai, Abdelhak-Djamel; Tibermacine, Chouki; Bouziane, Hinde Lilia; Dony, Christophe; Shatnawi, Anas",2015,GPCE'15: PROCEEDINGS OF THE 2015 ACM SIGPLAN INTERNATIONAL CONFERENCE ON GENERATIVE PROGRAMMING: CONCEPTS AND EXPERIENCES,10.1145/2814204.2814223,https://www.webofscience.com/wos/woscc/full-record/WOS:000749345500007,adjacent-subtopic,"Large object-oriented applications have complex and numerous dependencies, and usually do not have explicit software architectures. Therefore they are hard to maintain, and parts of them are difficult to reuse. Component-based development paradigm emerged for improving these aspects and for supporting effective maintainability and reuse. It provides better understandability through a high-level architecture view of the application. Thereby migrating object-oriented applications to component-based ones will contribute to improve these characteristics (maintainability and reuse). In this paper, we propose an approach to automatically transform object-oriented applications to component-based ones. More particularly, the input of the approach is the result provided by software architecture recovery: a component-based architecture description. Then, our approach transforms the object-oriented source code in order to produce deployable components. We focus in this paper on the transformation of source code related to instantiation and inheritance dependencies between classes that are in different components. We experimented the proposed solution in the transformation of a collection of Java applications into the OSGi framework. The experimental results are discussed in this paper.",wos,llm,0.930,unreviewed,,doi:10.1145/2814204.2814223
kept,What Programmers Do with Inheritance in Java,"Tempero, Ewan; Yang, Hong Yul; Noble, James",2013,ECOOP 2013 - OBJECT-ORIENTED PROGRAMMING,,https://www.webofscience.com/wos/woscc/full-record/WOS:000342758800024,supports-claim; stod,"Inheritance is a distinguishing feature of object-oriented programming languages, but its application in practice remains poorly understood. Programmers employ inheritance for a number of different purposes: to provide subtyping, to reuse code, to allow subclasses to customise superclasses' behaviour, or just to categorise objects. We present an empirical study of 93 open-source Java software systems consisting over over 200,000 classes and interfaces, supplemented by longitudinal analyses of 43 versions of two systems. Our analysis finds inheritance is used for two main reasons: to support subtyping and to permit what we call external code reuse. This is the first empirical study to indicate what programmers do with inheritance.",wos,llm_reviewed,0.980,confirmed,,hash:97d5cf60f8c522a2
discarded,Implementation of a Modelica compiler using JastAdd attribute grammars,"Akesson, Johan; Ekman, Torbjoern; Hedin, Gorel",2010,SCIENCE OF COMPUTER PROGRAMMING,10.1016/j.scico.2009.07.003,https://www.webofscience.com/wos/woscc/full-record/WOS:000273230800003,adjacent-subtopic,"We have implemented a compiler for key parts of Modelica, an object-oriented language supporting equation-based modeling and simulation of complex physical systems. The compiler is extensible, to support experiments with emerging tools for physical models. To achieve extensibility, the implementation is done declaratively in JastAdd, a metacompilation system supporting modern attribute grammar mechanisms such as reference attributes and nonterminal attributes.

This paper reports on experiences from this implementation. For name and type analyses, we illustrate how declarative design strategies, originally developed for a Java compiler, could be reused to support Modelica's advanced features of multiple inheritance and structural subtyping. Furthermore, we present new general design strategies for declarative generation of target ASTs from source ASTs. We illustrate how these strategies are used to resolve a generics-like feature of Modelica called modifications, and to support flattening, a fundamental part of Modelica compilation. To validate that the approach is practical, we have compared the execution speed of our compiler to two existing Modelica compilers. (C) 2009 Elsevier B.V. All rights reserved.",wos,llm,0.840,unreviewed,,doi:10.1016/j.scico.2009.07.003
discarded,Modeling and implementation of object-oriented e-commerce platform,"Tseng, Yuan-Jin; Chang, Chin-Chih; Tseng, Judy C. R.",2007,"9TH IEEE INTERNATIONAL CONFERENCE ON E-COMMERCE TECHNOLOGY/4TH IEEE INTERNATIONAL CONFERENCE ON ENTERPRISE COMPUTING, E-COMMERCE AND E-SERVICES",,https://www.webofscience.com/wos/woscc/full-record/WOS:000250044300041,supports-claim; adjacent-subtopic,"The object technology has been recognized as a paradigm for building an e-commerce Web site. Components have been thought to be the next evolution of objects. Currently, most applications of object and component technologies focused on using the encapsulation feature of the object technology. Encapsulation can help build the site faster but could not make renovation and enhancement efficient. In this paper we propose a method that incorporates inheritance and polymorphism into the design and implementation process of an e-commerce Web site. The proposed method is verified through the construction of an e-commerce Web site. We evaluate our method and compare it with other methods by experiments. It has shown that the proposed method not only facilitates the design and implementation of an e-commerce Web site but also makes the management, maintenance, and expansion of an e-commerce Web site more efficient. Furthermore, the objects are easier to be shared, reused, and assembled to a component.",wos,llm_reviewed,0.920,changed,kept->discarded,hash:462f5caed82fd3bc
discarded,An Empirical Validation of Object Oriented Design Quality Metrics,"Khan, R. A.; Mustafa, K.; Ahson, S. I.",2007,JOURNAL OF KING SAUD UNIVERSITY-COMPUTER AND INFORMATION SCIENCES,,https://www.webofscience.com/wos/woscc/full-record/WOS:000216682100001,adjacent-subtopic,"This paper describes an integrated single class based metric called Weighted Class Complexity (WCC) for object oriented design. The metric is discussed from measurement theory viewpoint, taking into account the recognized object oriented features which the metrics was intended to measure encapsulation, inheritance, coupling and polymorphism, and the quality factors efficiency, complexity, understandability, reusability and maintainability/testability. Empirical data, collected from eight different application domains, is then analyzed using WCC metric to support this theoretical validation. The result shows that the proposed metric could be used to provide an overall quality assessment of object oriented software system in early stage of development life cycle, which may be helpful to the developer to fix problems, remove irregularities and non-conformance to standards and eliminate unwanted complexities in the early development cycle. Early use of this metric may help to ensure that the analysis and design have favorable internal properties that will lead to the development of quality end product. WCC may significantly help in reducing rework during and after implementation to design effective test plans. However, further studies are needed before these results can be generalized.",wos,llm,0.780,unreviewed,,hash:0f703c96fec28bf5
kept,An empirical investigation of the impact of the object-oriented paradigm on the maintainability of real-world mission-critical software,"Lim, JS; Jeong, SR; Schach, SR",2005,JOURNAL OF SYSTEMS AND SOFTWARE,10.1016/j.jss.2004.11.004,https://www.webofscience.com/wos/woscc/full-record/WOS:000229489000005,supports-claim,"Empirical evidence for the maintainability of object-oriented systems is far from conclusive, partly due to the lack of representativeness of the subjects and systems used in earlier studies. We empirically examined this issue for mission-critical software that was currently operational and maintained by software professionals. Two functionally equivalent versions of a credit approval system were maintained, one object oriented (OO) and the other non-object oriented (NOO). We found that the OO group took less time to maintain a greater number of software artifacts than its NOO counterpart. This difference held for all phases of the software development life cycle. This result was due to the usefulness of UML for impact analysis of the OO version, which contributed to effective comprehension and communication. Insufficient design specifications for the NOO version led to ambiguity and costly defects in transferring design solutions to development. Also, the encapsulation of the OO version appeared to reduce mental loads for maintenance tasks and resulted in code reuse. On the other hand, the number of files to be managed increased and, thus, dependency management was required for the OO version. Furthermore, despite much tuning, the OO version ran slower than its NOO counterpart. More field studies on software professionals are needed to compare contextual factors such as methods, processes, and maintenance tools. (c) 2004 Elsevier Inc. All rights reserved.",wos,llm,0.880,unreviewed,,doi:10.1016/j.jss.2004.11.004
kept,Practical investigation into the maintainability of object-oriented systems for mission critical business,"Lim, JS; Jeong, SR; Whang, MC; Cho, YJ",2004,"ADVANCES IN INFORMATION SYSTEMS, PROCEEDINGS",,https://www.webofscience.com/wos/woscc/full-record/WOS:000225078900056,supports-claim,"Empirical evidence on the maintainability of object-oriented systems is far from conclusive, partly due to lack of representativeness of the subjects and systems used in the study. This research empirically examined this issue for the systems that are mission-critical, currently operational and maintained by professionals. It was found that the OO group appeared to consume less time while maintaining more amount of software artifacts than the NOO counterpart. This economical utilization of time appeared evident regardless of software development life cycle. This was due to the usefulness of UML for impact analysis which contributed to effective comprehension and communication. Insufficient design specifications led to ambiguity and costly defects in transferring design solutions to development. Also the encapsulation of OO seemed to reduce mental loads at maintenance tasks and improved code reuse. However, the number of files to manage increased and thus, dependency management is required for the OO systems.",wos,llm,0.880,unreviewed,,hash:4ea8cb05629825ac
discarded,Integrating aspects with model driven software development,"Kulkarni, V; Reddy, S",2003,"SERP'03: PROCEEDINGS OF THE INTERNATIONAL CONFERENCE ON SOFTWARE ENGINEERING RESEARCH AND PRACTICE, VOLS 1 AND 2",,https://www.webofscience.com/wos/woscc/full-record/WOS:000187617100028,adjacent-subtopic,"Model driven software development (MDSD) has resulted in improved productivity, better quality and platform independence. However, MDSD has not been very successful in supporting reuse and system evolution due to inadequate modeling support for clear separation of concerns and their composition. Aspect oriented programming (AOP) addresses separation of concerns at the code level wherein both aspects and components are typically specified in object oriented paradigm. Aspects are woven into components using a set of pre-defined composition relationships at specified join points. The model driven architecture (MDA) initiative of OMG aims to shift the focus of software development further towards modeling. With model content in system specifications increasing more and more, it is critical to address the issue of separation of concerns at model level. To facilitate traceability, reuse and evolution, a system needs to be specified in terms of multiple viewpoints corresponding to multiple stakeholders and their concerns. In this paper, we present, an approach to specify aspects as models and an implementation architecture suitable for a model driven software development environment. We propose a meta modeling approach to elevate aspect specification to the modeling world. An aspect type is specified in terms of a meta model that defines the language for describing aspect instances. Aspect and component specific meta models can be seen as views over a unified meta model. We propose an abstraction called Composition template for specifying weaving and consistency constraints between aspects. We also propose an implementation architecture for a model driven software development environment that addresses separation of concerns in the development process to support independent development of concerns and their integration through a set of roles.",wos,llm,0.930,unreviewed,,hash:5eece328a57bf43d
