status,title,authors,year,venue,doi,url,tags,abstract,provider,decision_source,llm_confidence,llm_review_outcome,llm_change_direction,paper_id
discarded,Gorilla in our midst: An online behavioral experiment builder,Alexander Leslie Anwyl-Irvine; Jessica Massonnié; Adam Flitton; Natasha Z. Kirkham; Jo K. Evershed,2019,Behavior Research Methods,10.3758/s13428-019-01237-x,https://openalex.org/W2897312833,off-topic-false-hit,"Behavioral researchers are increasingly conducting their studies online, to gain access to large and diverse samples that would be difficult to get in a laboratory environment. However, there are technical access barriers to building experiments online, and web browsers can present problems for consistent timing-an important issue with reaction-time-sensitive measures. For example, to ensure accuracy and test-retest reliability in presentation and response recording, experimenters need a working knowledge of programming languages such as JavaScript. We review some of the previous and current tools for online behavioral research, as well as how well they address the issues of usability and timing. We then present the Gorilla Experiment Builder (gorilla.sc), a fully tooled experiment authoring and deployment platform, designed to resolve many timing issues and make reliable online experimentation open and accessible to a wider range of technical abilities. To demonstrate the platform's aptitude for accessible, reliable, and scalable research, we administered a task with a range of participant groups (primary school children and adults), settings (without supervision, at home, and under supervision, in both schools and public engagement events), equipment (participant's own computer, computer supplied by the researcher), and connection types (personal internet connection, mobile phone 3G/4G). We used a simplified flanker task taken from the attentional network task (Rueda, Posner, & Rothbart, 2004). We replicated the ""conflict network"" effect in all these populations, demonstrating the platform's capability to run reaction-time-sensitive experiments. Unresolved limitations of running experiments online are then discussed, along with potential solutions and some future features of the platform.",openalex,llm,0.940,unreviewed,,doi:10.3758/s13428-019-01237-x
discarded,Transformers: State-of-the-Art Natural Language Processing,Thomas Wolf; Lysandre Debut; Victor Sanh; Julien Chaumond; Clément Delangue; Anthony Moi; Pierric Cistac; Tim Rault; Rémi Louf; Morgan Funtowicz; Joe Davison; Sam Shleifer; Patrick von Platen; Clara Ma; Yacine Jernite; Julien Plu; Canwen Xu; Teven Le Scao; Sylvain Gugger; Mariama Drame; Quentin Lhoest; Alexander M. Rush,2020,,10.18653/v1/2020.emnlp-demos.6,https://openalex.org/W2979826702,off-topic-false-hit,"Thomas Wolf, Lysandre Debut, Victor Sanh, Julien Chaumond, Clement Delangue, Anthony Moi, Pierric Cistac, Tim Rault, Remi Louf, Morgan Funtowicz, Joe Davison, Sam Shleifer, Patrick von Platen, Clara Ma, Yacine Jernite, Julien Plu, Canwen Xu, Teven Le Scao, Sylvain Gugger, Mariama Drame, Quentin Lhoest, Alexander Rush. Proceedings of the 2020 Conference on Empirical Methods in Natural Language Processing: System Demonstrations. 2020.",openalex,llm,1.000,unreviewed,,doi:10.18653/v1/2020.emnlp-demos.6
discarded,FREQUENCY EFFECTS IN LANGUAGE PROCESSING,Nick C. Ellis,2002,Studies in Second Language Acquisition,10.1017/s0272263102002024,https://openalex.org/W2120409145,off-topic-false-hit,"This article shows how language processing is intimately tuned to input frequency. Examples are given of frequency effects in the processing of phonology, phonotactics, reading, spelling, lexis, morphosyntax, formulaic language, language comprehension, grammaticality, sentence production, and syntax. The implications of these effects for the representations and developmental sequence of SLA are discussed. Usage-based theories hold that the acquisition of language is exemplar based. It is the piecemeal learning of many thousands of constructions and the frequency-biased abstraction of regularities within them. Determinants of pattern productivity include the power law of practice, cue competition and constraint satisfaction, connectionist learning, and effects of type and token frequency. The regularities of language emerge from experience as categories and prototypical patterns. The typical route of emergence of constructions is from formula, through low-scope pattern, to construction. Frequency plays a large part in explaining sociolinguistic variation and language change. Learners' sensitivity to frequency in all these domains has implications for theories of implicit and explicit learning and their interactions. The review concludes by considering the history of frequency as an explanatory concept in theoretical and applied linguistics, its 40 years of exile, and its necessary reinstatement as a bridging variable that binds the different schools of language acquisition research.",openalex,llm,1.000,unreviewed,,doi:10.1017/s0272263102002024
discarded,Exploring Strategies for Training Deep Neural Networks,Hugo Larochelle; Yoshua Bengio; Jérôme Louradour; Pascal Lamblin,2009,,10.1145/1577069.1577070,https://openalex.org/W2140833774,off-topic-false-hit,"Deep multi-layer neural networks have many levels of non-linearities allowing them to compactly represent highly non-linear and highly-varying functions. However, until recently it was not clear how to train such deep networks, since gradient-based optimization starting from random initialization often appears to get stuck in poor solutions. Hinton et al. recently proposed a greedy layer-wise unsupervised learning procedure relying on the training algorithm of restricted Boltzmann machines (RBM) to initialize the parameters of a deep belief network (DBN), a generative model with many layers of hidden causal variables. This was followed by the proposal of another greedy layer-wise procedure, relying on the usage of autoassociator networks. In the context of the above optimization problem, we study these algorithms empirically to better understand their success. Our experiments confirm the hypothesis that the greedy layer-wise unsupervised training strategy helps the optimization by initializing weights in a region near a good local minimum, but also implicitly acts as a sort of regularization that brings better generalization and encourages internal distributed representations that are high-level abstractions of the input. We also present a series of experiments aimed at evaluating the link between the performance of deep neural networks and practical aspects of their topology, for example, demonstrating cases where the addition of more depth helps. Finally, we empirically explore simple variants of these training algorithms, such as the use of different RBM input unit distributions, a simple way of combining gradient estimators to improve performance, as well as on-line versions of those algorithms.",openalex,llm,1.000,unreviewed,,doi:10.1145/1577069.1577070
discarded,The NarrativeQA Reading Comprehension Challenge,Tomáš Kočiský; Jonathan Schwarz; Phil Blunsom; Chris Dyer; Karl Moritz Hermann; Gábor Melis; Edward Grefenstette,2018,Transactions of the Association for Computational Linguistics,10.1162/tacl_a_00023,https://openalex.org/W2779681640,off-topic-false-hit,"Reading comprehension (RC)—in contrast to information retrieval—requires integrating information and reasoning about events, entities, and their relations across a full document. Question answering is conventionally used to assess RC ability, in both artificial agents and children learning to read. However, existing RC datasets and tasks are dominated by questions that can be solved by selecting answers using superficial information (e.g., local context similarity or global term frequency); they thus fail to test for the essential integrative aspect of RC. To encourage progress on deeper comprehension of language, we present a new dataset and set of tasks in which the reader must answer questions about stories by reading entire books or movie scripts. These tasks are designed so that successfully answering their questions requires understanding the underlying narrative rather than relying on shallow pattern matching or salience. We show that although humans solve the tasks easily, standard RC models struggle on the tasks presented here. We provide an analysis of the dataset and the challenges it presents.",openalex,llm,1.000,unreviewed,,doi:10.1162/tacl_a_00023
discarded,On the Reuse and Maintenance of Aspect-Oriented Software: An Assessment Framework,Cláudio Sant’Anna; Alessandro Daeli Garcia; Christina Chávez; Carlos Lucena; Arndt von Staa,2003,,10.5753/sbes.2003.23850,https://openalex.org/W142616426,qualifies-claim; adjacent-subtopic,"Aspect-oriented software development (AOSD) is gaining wide attention both in research environments and in industry. Aspect-oriented systems encompass new software engineering abstractions and different complexity dimensions. As a consequence, AOSD poses new problems to empirical software engineering. It requires new assessment frameworks specifically tailored to measure the reusability and maintainability degrees of aspect-oriented systems. This paper presents an assessment framework for AOSD, which is composed of two components: a suite of metrics and a quality model. These components are based on well-known principles and existing metrics in order to avoid the reinvention of well-tested solutions. The proposed framework has been evaluated in the context of two different empirical studies with different characteristics, diverse domains, varying control levels and different complexity degrees. Based on empirical and quantitative analysis, the advantages and drawbacks of the framework components are discussed.",openalex,llm_reviewed,0.820,changed,kept->discarded,doi:10.5753/sbes.2003.23850
discarded,The PRISMA statement for reporting systematic reviews and meta-analyses of studies that evaluate healthcare interventions: explanation and elaboration,Alessandro Liberati; Doug G. Altman; Jennifer Tetzlaff; Cynthia D. Mulrow; Peter Christian Gøtzsche; John P. A. Ioannidis; Mike J Clarke; Philip James Devereaux; Jos Kleijnen; David Moher,2009,BMJ,10.1136/bmj.b2700,https://openalex.org/W2134833483,off-topic-false-hit,"Systematic reviews and meta-analyses are essential to summarise evidence relating to efficacy and safety of healthcare interventions accurately and reliably. The clarity and transparency of these reports, however, are not optimal. Poor reporting of systematic reviews diminishes their value to clinicians, policy makers, and other users. Since the development of the QUOROM (quality of reporting of meta-analysis) statement-a reporting guideline published in 1999-there have been several conceptual, methodological, and practical advances regarding the conduct and reporting of systematic reviews and meta-analyses. Also, reviews of published systematic reviews have found that key information about these studies is often poorly reported. Realising these issues, an international group that included experienced authors and methodologists developed PRISMA (preferred reporting items for systematic reviews and meta-analyses) as an evolution of the original QUOROM guideline for systematic reviews and meta-analyses of evaluations of health care interventions. The PRISMA statement consists of a 27-item checklist and a four-phase flow diagram. The checklist includes items deemed essential for transparent reporting of a systematic review. In this explanation and elaboration document, we explain the meaning and rationale for each checklist item. For each item, we include an example of good reporting and, where possible, references to relevant empirical studies and methodological literature. The PRISMA statement, this document, and the associated website (www.prisma-statement.org/) should be helpful resources to improve reporting of systematic reviews and meta-analyses.",openalex,llm,1.000,unreviewed,,doi:10.1136/bmj.b2700
discarded,Educational bias in the Montreal Cognitive Assessment among hemodialysis patients: A domain-level analysis,"Almalki, Abdullah Hashim; Alharthi, Majed; Makeen, Ahmad; Binladen, Fatemah; Alzahrani, Abrar; Albalwi, Faisal; Buhary, Mohamed",2026,APPLIED NEUROPSYCHOLOGY-ADULT,10.1080/23279095.2026.2729517,https://www.webofscience.com/wos/woscc/full-record/WOS:001872234100001,off-topic-false-hit,"Background Cognitive impairment is common in hemodialysis (HD) patients and increasingly informs clinical decisions, including capacity to consent and the planning of dialysis care. Most estimates rely on the Montreal Cognitive Assessment (MoCA), an instrument strongly dependent on educational attainment. In low-literacy HD populations, this dependence may cause systematic over-identification of impairment and distort apparent risk factors such as sex. We examined how educational attainment shapes MoCA-defined impairment in older HD patients and used the sex difference as a natural experiment to expose the bias. Methods This cross-sectional study enrolled 161 patients aged 50 years or older receiving maintenance HD at three Western-region National Guard centers in Saudi Arabia. Impairment was defined as MoCA < 26. We compared mean MoCA and impairment across educational strata; tested for education-related differential item functioning (DIF) across MoCA domains after matching on overall ability; quantified the apparent sex effect by sequential adjustment, formal mediation and within-stratum comparison; estimated the share of the educational score gap recoverable by the standard one-point correction; and tabulated impairment across screening thresholds. Independent determinants were identified by multivariable logistic regression. Results Impairment affected 107/161 patients (66.5%). Mean MoCA was 17.6 in illiterate patients, 24.1 in those who read/write and 25.5 in college-educated patients (illiterate-college difference 7.9 points). The standard one-point correction offset 13% of this difference; 81% of illiterate patients remained below threshold even after a three-point correction. Education-related DIF was present in the four literacy-loaded domains (attention, executive, orientation, language; all p <= 0.006) and absent in the three least literacy-dependent domains (delayed recall, abstraction, naming; all p > 0.3), after matching on overall ability. Women had a higher crude impairment prevalence than men (78.8% vs 57.9%; p = 0.010; crude odds ratio 2.70); this fell to 1.61 (95% CI 0.73-3.53) after adjustment for age and education; education mediated 62% of the sex effect on MoCA score, and the sex difference was non-significant within every education stratum. In sensitivity analyses using lower cutoffs, a residual female association became apparent (adjusted odds ratio 2.66 at < 24 and 2.48 at < 23). In multivariable analysis only older age and lower education were independently associated with impairment (area under the curve 0.76-0.78); no dialysis-related or biochemical variable, including iPTH, was associated. Conclusions In this low-literacy HD population, MoCA-defined cognitive impairment was governed by educational attainment, with domain-level evidence of literacy bias, and the apparent female excess was largely explained by educational attainment rather than by sex, although a residual female association persisted at lower cutoffs, consistent with incomplete adjustment for literacy. Because cognitive screening informs consent and care decisions, education-blind use of the MoCA in such settings risks systematic misclassification. Education-aware screening-education-specific norms or cutoffs, attention to literacy-neutral domains, and confirmatory assessment-is preferable to raw thresholds.",wos,llm,1.000,unreviewed,,doi:10.1080/23279095.2026.2729517
discarded,PEDAGOGICAL CONTENT KNOWLEDGE OF OHM'S LAW IN TWO PHYSICS TEACHERS: A DESCRIPTIVE CHARACTERIZATION FROM THE GESS-NEWSOME MODEL AND THE COMPLEXITY HYPOTHESIS,"Lopez-Gamboa, Marco Vinicio; Retana-Alvarado, Diego Armando",2026,PERSPECTIVA EDUCACIONAL,10.4151/07189729-Vol.65-Iss.2-Art.1914,https://www.webofscience.com/wos/woscc/full-record/WOS:001862646100004,off-topic-false-hit,"Pedagogical Content Knowledge (PCK) constitutes a central construct for understanding how teachers transform disciplinary knowledge into meaningful teaching experiences. This case study, conducted with two secondary Physics teachers from a Scientific High School in Costa Rica, analyzes their PCK in teaching Ohm's Law, taking as a reference the Teacher Professional Knowledge Bases (TPKB) model proposed by Gess-Newsome (2015). Data collection was carried out through semi-structured interviews based on the Content Representations (CoRe) proposed by Loughran et al. (2004), validated by specialists in Science Education, and applied at a specific moment of both teachers'professional practice (cross-sectional design). A category system was developed from the participants' discourse, linking PCK with the technical, practical, and critical dimensions of the Complexity Hypothesis (V & aacute;zquez-Bernal et al., 2010), as well as with the strategies teachers employ to address obstacles in their pedagogical mediation. This analytical system allowed the identification of recurrent action patterns evidencing how each teacher articulates their Teacher Professional Knowledge Bases in a differentiated manner. The results evidence a progression from the practical toward the critical dimension in both teachers, manifested in the promotion of inquiry processes among students, explicit attention to conceptual cores, and the construction of a personal PCK that positions teachers as learning facilitators, rather than as mechanical transmitters of content. Teacher A develops abstraction ability through variable analysis, promotes active participation through experiments and simulations, and fosters data interpretation through graphing. This teacher also designs worksheets that guide the experimental process, formulates open-ended questions centered on variable variation, and conceives knowledge as a construction favored through classroom inquiry. In addition, she incorporates technological resources regularly due to the nature of the course and integrates them with active methodologies such as problem-based learning and inquiry, promoting a deep understanding of the content. These decisions evidence an active integration among content knowledge, student knowledge, and pedagogical knowledge, configuring an articulated and situated knowledge consistent with Gess-Newsome's (2015) TPKB. Furthermore, the presence of elements associated with Technological Pedagogical Content Knowledge (TPCK) emerged recurrently, suggesting a conscious integration among disciplinary content, pedagogical strategies, and technological tools. Teacher B, promotes abstraction through problem posing and concept comprehension, emphasizes teamwork, and proactively addresses students'specific difficulties. Regarding didactic resources, he is not limited to using a single textbook but draws on various university-level bibliographical sources, suggesting a marked centrality of disciplinary knowledge within his PCK. His epistemological distinction between model and scientific law stands out, evidencing disciplinary mastery and a concern for the nature of scientific knowledge. Additionally, he expresses the intention to incorporate experimental activities in the future to complement theoretical explanations, which reveals an awareness of the value of practical work in meaningful learning.

In both cases, the absence of traits associated with the technical dimension is observed, as neither structures his or her teaching exclusively around mechanical repetition or closed-ended problem solving, suggesting a level of professional complexity that transcends a strictly procedural approach. Consequently, both configure a PCK oriented toward content problematization and epistemologically informed understanding of Ohm's Law, consistent with teaching that transcends the mechanical application of formulas.",wos,llm,1.000,unreviewed,,doi:10.4151/07189729-vol.65-iss.2-art.1914
discarded,XTestGen: Natural Language to Maintainable E2E Test Scripts with LLMs,"Kirinuki, Hiroyuki; Tajima, Masaki; Wakabayashi, Kei",2025,"2025 IEEE INTERNATIONAL CONFERENCE ON SOFTWARE MAINTENANCE AND EVOLUTION, ICSME",10.1109/ICSME64153.2025.00104,https://www.webofscience.com/wos/woscc/full-record/WOS:001831819900093,adjacent-subtopic,"Recent advances in web agent technologies have enabled automated web browser operations through natural language instructions. While these technologies show promise for end-to-end test automation, significant challenges remain, such as uncertainty in test execution due to LLMs, increased execution time and cost, and decreased accuracy in identifying operation targets as web pages become more complex. To address these challenges, we propose XTestGen, which generates Gherkin-format test cases and JavaScript step definitions from natural language. XTestGen improves reproducibility by producing deterministic scripts, enhances maintainability through modular step reuse and scenario abstraction, and increases element identification accuracy in complex web pages using hierarchical tree exploration. Our evaluation shows that XTestGen enables abstraction and reuse in test generation and achieves higher accuracy in element identification than naive approaches.",wos,llm,0.770,unreviewed,,doi:10.1109/icsme64153.2025.00104
