status,title,authors,year,venue,doi,url,tags,abstract,provider,decision_source,llm_confidence,llm_review_outcome,llm_change_direction,paper_id
discarded,IVLG: Interactive Visualization of Large Graphs,Maria Krommyda; Verena Kantere; Yannis Vassiliou,2019,2019 IEEE 35th International Conference on Data Engineering (ICDE),10.1109/ICDE.2019.00220,https://ieeexplore.ieee.org/document/8731513/,off-topic-false-hit,"There has been significant effort in recent years to explore and navigate very large linked datasets, due to the increase of their availability. Many techniques have been developed that extract the information from such datasets and present it to the user as diagrams, while others take advantage of the hierarchies of the datasets to filter and aggregate them, allowing the users to access specific information. In order to overcome the limitations regarding the volume of the presented information, we have developed a novel technique that enables the interactive visualization as one continuous graph of datasets with millions of elements. IVLG is a fully fledged prototype system that implements this technique based on a client-server architecture, enabling many users to have concurrently access to the information through a user-friendly interface. It allows the user to navigate the dataset through different levels of abstraction and locate information using innovative exploration techniques. A carefully designed storage schema along with an API that takes advantage of the appropriate indexing handles datasets with millions of elements without raising any performance issues, even when accessed from devices with limited computational resources. The proposed demonstration showcases the advantages and technical features of IVLG. A series of demonstration scenarios will show how IVLG can adapt accordingly and handle diverse real and synthetic datasets that vary on size and average node degree and how the system functionalities support the user experience and the exploration of the information.",ieee,llm,0.970,unreviewed,,doi:10.1109/icde.2019.00220
discarded,Automated Cross-Level Verification for Heterogeneous Systems Using Attribute Recursive Hypergraph and Fault-Tolerant Bus Resolver,Keli Long; Fangfa Fu; Defu Hu; Liangquan Qiao; Jinghan Zhou; Jinxiang Wang,2026,IEEE Transactions on Computer-Aided Design of Integrated Circuits and Systems,10.1109/TCAD.2025.3648654,https://ieeexplore.ieee.org/document/11316169/,off-topic-false-hit,"In the post-Moore era, heterogeneous integrated systems—such as chiplet-based designs—exhibit increasingly complex functional interface interconnections, demanding scalable and accurate verification methods. Traditional manual approaches are time-consuming and error-prone, while mainstream electronic design automation (EDA) tools lack standardized cross-level models and comprehensive multilevel rule checking. To address these limitations, we propose an automated verification mechanism based on an attribute recursive hypergraph (ARH). The method constructs a five-layer hierarchical mapping network (component  $\to $  interface  $\to $  signal cluster  $\to $  signal  $\to $  pad) to represent architecture-to-schematic relationships. Verification proceeds in two stages. First, a fault-tolerant bus resolver (FT-Bus Resolver) applies matrix operations to extract interface structures from pad-netlists and generates a multilevel hypergraph. These structures are compared with system architecture for consistency. Second, a hierarchical rule base, executed by a Rule Executor, validates electrical compatibility and bus-topology constraints across abstraction levels. The implementation integrates a reusable component model library, recursive hypergraph representations, and a rule execution framework, which bridges semantic gaps and supports complex constraint checking. Experiments demonstrate full coverage and 100% correctness for 54 interface-level rules, compared with only one rule supported by commercial EDA tools. Across 7350 connections and 6500 injected errors, the framework eliminates all false positives, reduces missed errors by 63%, achieves  $1125\times $ / $1034\times $  speedups for consistency and rule checking, and exhibits near-linear memory growth for scalable deployment. Together, these results demonstrate that the proposed mechanism offers a scalable, robust, and high-coverage solution for cross-level verification in emerging heterogeneous and chiplet-based systems.",ieee,llm,0.990,unreviewed,,doi:10.1109/tcad.2025.3648654
kept,"On understanding types, data abstraction, and polymorphism",Luca Cardelli; Peter W. Wegner,1985,ACM Computing Surveys,10.1145/6041.6042,https://openalex.org/W2027657506,supports-claim,"Our objective is to understand the notion of type in programming languages, present a model of typed, polymorphic programming languages that reflects recent research in type theory, and examine the relevance of recent research to the design of practical programming languages. Object-oriented languages provide both a framework and a motivation for exploring the interaction among the concepts of type, data abstraction, and polymorphism, since they extend the notion of type to data abstraction and since type inheritance is an important form of polymorphism. We develop a λ-calculus-based model for type systems that allows us to explore these interactions in a simple setting, unencumbered by complexities of production programming languages. The evolution of languages from untyped universes to monomorphic and then polymorphic type systems is reviewed. Mechanisms for polymorphism such as overloading, coercion, subtyping, and parameterization are examined. A unifying framework for polymorphic type systems is developed in terms of the typed λ-calculus augmented to include binding of types by quantification as well as binding of values by abstraction. The typed λ-calculus is augmented by universal quantification to model generic functions with type parameters, existential quantification and packaging (information hiding) to model abstract data types, and bounded quantification to model subtypes and type inheritance. In this way we obtain a simple and precise characterization of a powerful type system that includes abstract data types, parametric polymorphism, and multiple inheritance in a single consistent framework. The mechanisms for type checking for the augmented λ-calculus are discussed. The augmented typed λ-calculus is used as a programming language for a variety of illustrative examples. We christen this language Fun because fun instead of λ is the functional abstraction keyword and because it is pleasant to deal with. Fun is mathematically simple and can serve as a basis for the design and implementation of real programming languages with type facilities that are more powerful and expressive than those of existing programming languages. In particular, it provides a basis for the design of strongly typed object-oriented languages.",openalex,llm,0.960,unreviewed,,doi:10.1145/6041.6042
kept,Programming with abstract data types,Barbara H. Liskov; Stephen N. Zilles,1974,,10.1145/800233.807045,https://openalex.org/W2156076209,supports-claim; ursprung,"The motivation behind the work in very-high-level languages is to ease the programming task by providing the programmer with a language containing primitives or abstractions suitable to his problem area. The programmer is then able to spend his effort in the right place; he concentrates on solving his problem, and the resulting program will be more reliable as a result. Clearly, this is a worthwhile goal.",openalex,llm_reviewed,0.990,confirmed,,doi:10.1145/800233.807045
kept,Programming with abstract data types,Barbara H. Liskov; Stephen N. Zilles,1974,ACM SIGPLAN Notices,10.1145/942572.807045,https://openalex.org/W3160136729,supports-claim; ursprung,"The motivation behind the work in very-high-level languages is to ease the programming task by providing the programmer with a language containing primitives or abstractions suitable to his problem area. The programmer is then able to spend his effort in the right place; he concentrates on solving his problem, and the resulting program will be more reliable as a result. Clearly, this is a worthwhile goal. Unfortunately, it is very difficult for a designer to select in advance all the abstractions which the users of his language might need. If a language is to be used at all, it is likely to be used to solve problems which its designer did not envision, and for which the abstractions embedded in the language are not sufficient. This paper presents an approach which allows the set of built-in abstractions to be augmented when the need for a new data abstraction is discovered. This approach to the handling of abstraction is an outgrowth of work on designing a language for structured programming. Relevant aspects of this language are described, and examples of the use and definitions of abstractions are given.",openalex,llm_reviewed,1.000,confirmed,,doi:10.1145/942572.807045
discarded,Abstract data types and software validation,John V. Guttag; Ellis Horowitz; David R. Musser,1978,Communications of the ACM,10.1145/359657.359666,https://openalex.org/W2015874281,supports-claim; adjacent-subtopic,"A data abstraction can be naturally specified using algebraic axioms. The virtue of these axioms is that they permit a representation-independent formal specification of a data type. An example is given which shows how to employ algebraic axioms at successive levels of implementation. The major thrust of the paper is twofold. First, it is shown how the use of algebraic axiomatizations can simplify the process of proving the correctness of an implementation of an abstract data type. Second, semi-automatic tools are described which can be used both to automate such proofs of correctness and to derive an immediate implementation from the axioms. This implementation allows for limited testing of programs at design time, before a conventional implementation is accomplished.",openalex,llm_reviewed,0.970,changed,kept->discarded,doi:10.1145/359657.359666
kept,Abstract data types and the development of data structures,John V. Guttag,1977,Communications of the ACM,10.1145/359605.359618,https://openalex.org/W2148620491,supports-claim,"Abstract data types can play a significant role in the development of software that is reliable, efficient, and flexible. This paper presents and discusses the application of an algebraic technique for the specification of abstract data types. Among the examples presented is a top-down development of a symbol table for a block structured language; a discussion of the proof of its correctness is given. The paper also contains a brief discussion of the problems involved in constructing algebraic specifications that are both consistent and complete.",openalex,llm,0.980,unreviewed,,doi:10.1145/359605.359618
discarded,Database abstractions,John Miles Smith; Diane C. P. Smith,1977,ACM Transactions on Database Systems,10.1145/320544.320546,https://openalex.org/W2039601877,supports-claim; adjacent-subtopic,"Two kinds of abstraction that are fundamentally important in database design and usage are defined. Aggregation is an abstraction which turns a relationship between objects into an aggregate object. Generalization is an abstraction which turns a class of objects into a generic object. It is suggested that all objects (individual, aggregate, generic) should be given uniform treatment in models of the real world. A new data type, called generic, is developed as a primitive for defining such models. Models defined with this primitive are structured as a set of aggregation hierarchies intersecting with a set of generalization hierarchies. Abstract objects occur at the points of intersection. This high level structure provides a discipline for the organization of relational databases. In particular this discipline allows: (i) an important class of views to be integrated and maintained; (ii) stability of data and programs under certain evolutionary changes; (iii) easier understanding of complex models and more natural query formulation; (iv) a more systematic approach to database design; (v) more optimization to be performed at lower implementation levels. The generic type is formalized by a set of invariant properties. These properties should be satisfied by all relations in a database if abstractions are to be preserved. A triggering mechanism for automatically maintaining these invariants during update operations is proposed. A simple mapping of aggregation/generalization hierarchies onto owner-coupled set structures is given.",openalex,llm_reviewed,0.940,changed,kept->discarded,doi:10.1145/320544.320546
discarded,Evolution of indirect reciprocity,Martin A. Nowak; Karl Sigmund,2005,Nature,10.1038/nature04131,https://openalex.org/W2157592153,off-topic-false-hit,,openalex,llm,1.000,unreviewed,,doi:10.1038/nature04131
discarded,Data abstraction and information hiding,K. Rustan M. Leino; Greg Nelson,2002,ACM Transactions on Programming Languages and Systems,10.1145/570886.570888,https://openalex.org/W2136371406,qualifies-claim; adjacent-subtopic,"This article describes an approach for verifying programs in the presence of data abstraction and information hiding, which are key features of modern programming languages with objects and modules. This article draws on our experience building and using an automatic program checker, and focuses on the property ofmodular soundness: that is, the property that the separate verifications of the individual modules of a program suffice to ensure the correctness of the composite program. We found this desirable property surprisingly difficult to achieve. A key feature of our methodology for modular soundness is a new specification construct: theabstraction dependency, which reveals which concrete variables appear in the representation of a given abstract variable, without revealing the abstraction function itself. This article discusses in detail two varieties of abstraction dependencies: static and dynamic. The article also presents a new technical definition of modular soundness as a monotonicity property of verifiability with respect to scope and uses this technical definition to formally prove the modular soundness of a programming discipline for static dependencies.",openalex,llm_reviewed,0.970,changed,kept->discarded,doi:10.1145/570886.570888
discarded,Specification techniques for data abstractions,Barbara H. Liskov; Stephen N. Zilles,1975,ACM SIGPLAN Notices,10.1145/390016.808426,https://openalex.org/W2138340202,supports-claim; adjacent-subtopic,"The main purposes in writing this paper are to discuss the importance of formal specifications and to survey a number of promising specification techniques. The role of formal specifications both in proofs of program correctness, and in programming methodologies leading to programs which are correct by construction, is explained. Some criteria are established for evaluating the practical potential of specification techniques. The importance of providing specifications at the right level of abstraction is discussed, and a particularly interesting class of specification techniques, those used to construct specifications of data abstractions, is identified. A number of specification techniques for describing data abstractions are surveyed and evaluated with respect to the criteria. Finally, directions for future research are indicated.",openalex,llm_reviewed,0.980,changed,kept->discarded,doi:10.1145/390016.808426
discarded,A quorum-consensus replication method for abstract data types,Maurice P. Herlihy,1986,ACM Transactions on Computer Systems,10.1145/6306.6308,https://openalex.org/W2012848290,adjacent-subtopic,"Replication can enhance the availability of data in distributed systems. This paper introduces a new method for managing replicated data. Unlike many methods that support replication only for uninterpreted files, this method systematically exploits type-specific properties of objects such as sets, queues, or directories to provide more effective replication. Each operation requires the cooperation of a certain number of sites for its successful completion. A quorum for an operation is any such set of sites. Necessary and sufficient constraints on quorum intersections are derived from an analysis of the data type's algebraic structure. A reconfiguration method is proposed that permits quorums to be changed dynamically. By taking advantage of type-specific properties in a general and systematic way, this method can realize a wider range of availability properties and more flexible reconfiguration than comparable replication methods.",openalex,llm,0.940,unreviewed,,doi:10.1145/6306.6308
discarded,Between MDPs and semi-MDPs: A framework for temporal abstraction in reinforcement learning,Richard S. Sutton; Doina Precup; Satinder Pal Singh,1999,Artificial Intelligence,10.1016/s0004-3702(99)00052-1,https://openalex.org/W2109910161,off-topic-false-hit,,openalex,llm,1.000,unreviewed,,doi:10.1016/s0004-3702(99)00052-1
discarded,Abstraction mechanisms in CLU,Barbara H. Liskov; Alan Snyder; Russell R. Atkinson; Craig Schaffert,1977,Communications of the ACM,10.1145/359763.359789,https://openalex.org/W2073544767,supports-claim; adjacent-subtopic,"CLU is a new programming language designed to support the use of abstractions in program construction. Work in programming methodology has led to the realization that three kinds of abstractions—procedural, control, and especially data abstractions—are useful in the programming process. Of these, only the procedural abstraction is supported well by conventional languages, through the procedure or subroutine. CLU provides, in addition to procedures, novel linguistic mechanisms that support the use of data and control abstractions. This paper provides an introduction to the abstraction mechanisms in CLU. By means of programming examples, the utility of the three kinds of abstractions in program construction is illustrated, and it is shown how CLU programs may be written to use and implement abstractions. The CLU library, which permits incremental program development with complete type checking performed at compile time, is also discussed.",openalex,llm_reviewed,0.990,changed,kept->discarded,doi:10.1145/359763.359789
discarded,Fairness and Abstraction in Sociotechnical Systems,Andrew D. Selbst; danah boyd; Sorelle A. Friedler; Suresh Venkatasubramanian; Janet Vertesi,2019,,10.1145/3287560.3287598,https://openalex.org/W2897154134,qualifies-claim; adjacent-subtopic,"A key goal of the fair-ML community is to develop machine-learning based systems that, once introduced into a social context, can achieve social and legal outcomes such as fairness, justice, and due process. Bedrock concepts in computer science---such as abstraction and modular design---are used to define notions of fairness and discrimination, to produce fairness-aware learning algorithms, and to intervene at different stages of a decision-making pipeline to produce ""fair"" outcomes. In this paper, however, we contend that these concepts render technical interventions ineffective, inaccurate, and sometimes dangerously misguided when they enter the societal context that surrounds decision-making systems. We outline this mismatch with five ""traps"" that fair-ML work can fall into even as it attempts to be more context-aware in comparison to traditional data science. We draw on studies of sociotechnical systems in Science and Technology Studies to explain why such traps occur and how to avoid them. Finally, we suggest ways in which technical designers can mitigate the traps through a refocusing of design in terms of process rather than solutions, and by drawing abstraction boundaries to include social actors rather than purely technical ones.",openalex,llm_reviewed,0.930,changed,kept->discarded,doi:10.1145/3287560.3287598
discarded,A Value Transmission Method for Abstract Data Types,Maurice P. Herlihy; Barbara H. Liskov,1982,ACM Transactions on Programming Languages and Systems,10.1145/69622.357182,https://openalex.org/W2135032959,adjacent-subtopic,"data types have proved to be a useful technique for structuring systems.In large systems it is sometimes useful to have different regions of the system use different representations for the abstract data values.A technique is described for communicating abstract values between such regions.The method was developed for use in constructing distributed systems, where the regions exist at different computers and the values are communicated over a network.The method defines a call-by-value semantics; it is also useful in nondistributed systems wherever call by value is the desired semantics.An important example of such a use is a repository, such as a file system, for storing longlived data.",openalex,llm,0.820,unreviewed,,doi:10.1145/69622.357182
discarded,Replicated abstract data types: Building blocks for collaborative applications,Hyun-Gul Roh; Myeongjae Jeon; Jin‐Soo Kim; Joonwon Lee,2010,Journal of Parallel and Distributed Computing,10.1016/j.jpdc.2010.12.006,https://openalex.org/W2134308710,adjacent-subtopic,,openalex,llm,0.950,unreviewed,,doi:10.1016/j.jpdc.2010.12.006
