status,title,authors,year,venue,doi,url,tags,abstract,provider,decision_source,llm_confidence,llm_review_outcome,llm_change_direction,paper_id
discarded,Analysis of refactoring effect on software quality of object-oriented systems,R. Malhotra,2019,Lecture Notes in Networks and Systems,10.1007/978-981-13-2354-6_22,https://www.scopus.com/inward/record.uri?partnerID=HzOxMe3b&scp=85063490920&origin=inward,adjacent-subtopic,,scopus,llm,0.940,unreviewed,,doi:10.1007/978-981-13-2354-6_22
discarded,"4th International Conference on Future Data and Security Engineering, FDSE 2017",,2019,Lecture Notes in Computer Science Including Subseries Lecture Notes in Artificial Intelligence and Lecture Notes in Bioinformatics,,https://www.scopus.com/inward/record.uri?partnerID=HzOxMe3b&scp=85062303624&origin=inward,off-topic-false-hit,,scopus,llm,0.980,unreviewed,,hash:907342ce4ac0eac0
discarded,Discrimination of Inheritance Patterns: An Improved Metric,B.R. Reddy,2018,Proceedings of the 8th International Conference Confluence 2018 on Cloud Computing Data Science and Engineering Confluence 2018,10.1109/CONFLUENCE.2018.8442763,https://www.scopus.com/inward/record.uri?partnerID=HzOxMe3b&scp=85053666069&origin=inward,adjacent-subtopic,,scopus,llm,0.950,unreviewed,,doi:10.1109/confluence.2018.8442763
discarded,Structural model subtyping with OCL constraints,A. Boronat,2017,Sle 2017 Proceedings of the 10th ACM SIGPLAN International Conference on Software Language Engineering Co Located with Splash 2017,10.1145/3136014.3136026,https://www.scopus.com/inward/record.uri?partnerID=HzOxMe3b&scp=85037140429&origin=inward,adjacent-subtopic,,scopus,llm,0.960,unreviewed,,doi:10.1145/3136014.3136026
kept,"Fragile base-class problem, problem?",A. Sabané,2017,Empirical Software Engineering,10.1007/s10664-016-9448-2,https://www.scopus.com/inward/record.uri?partnerID=HzOxMe3b&scp=84981169487&origin=inward,qualifies-claim,,scopus,llm,0.900,unreviewed,,doi:10.1007/s10664-016-9448-2
kept,Class inheritance structures and software maintenance activities - An empirical analysis,K. Kaur,2016,Proceedings on 2015 1st International Conference on Next Generation Computing Technologies Ngct 2015,10.1109/NGCT.2015.7375208,https://www.scopus.com/inward/record.uri?partnerID=HzOxMe3b&scp=84964470842&origin=inward,qualifies-claim,,scopus,llm,0.800,unreviewed,,doi:10.1109/ngct.2015.7375208
discarded,Validation of object oriented metrics using open source software system: Fuzzy logic technique,D. George Amalarethinam,2016,International Journal of Control Theory and Applications,,https://www.scopus.com/inward/record.uri?partnerID=HzOxMe3b&scp=85007086856&origin=inward,adjacent-subtopic,,scopus,llm,0.890,unreviewed,,hash:d74638cb6396fda7
discarded,Reconstructing Software High-Level Architecture by Clustering Weighted Directed Class Graph,D. Qiu,2015,International Journal of Software Engineering and Knowledge Engineering,10.1142/S0218194015500072,https://www.scopus.com/inward/record.uri?partnerID=HzOxMe3b&scp=84941884483&origin=inward,adjacent-subtopic,,scopus,llm,0.970,unreviewed,,doi:10.1142/s0218194015500072
discarded,Study of control strategy and software architecture based on flat type small parts assembly,Y. Hao,2015,Jixie Gongcheng Xuebao Journal of Mechanical Engineering,10.3901/JME.2015.04.193,https://www.scopus.com/inward/record.uri?partnerID=HzOxMe3b&scp=84927133741&origin=inward,off-topic-false-hit,,scopus,llm,0.900,unreviewed,,doi:10.3901/jme.2015.04.193
discarded,A metrics-based comparative study on object-oriented programming languages,D. Wu,2015,Proceedings of the International Conference on Software Engineering and Knowledge Engineering Seke,10.18293/SEKE2015-064,https://www.scopus.com/inward/record.uri?partnerID=HzOxMe3b&scp=84969780101&origin=inward,adjacent-subtopic,,scopus,llm,0.860,unreviewed,,doi:10.18293/seke2015-064
discarded,Predicting object-oriented class reuse-proneness using internal quality attributes,J. Al Dallal,2014,Empirical Software Engineering,10.1007/s10664-012-9239-3,https://www.scopus.com/inward/record.uri?partnerID=HzOxMe3b&scp=84901828645&origin=inward,supports-claim; adjacent-subtopic,,scopus,llm_reviewed,0.950,changed,kept->discarded,doi:10.1007/s10664-012-9239-3
discarded,Discrimination of class inheritance hierarchies -a vector approach,B. Ramachandra Reddy,2014,Advances in Intelligent Systems and Computing,10.1007/978-3-319-05948-8_12,https://www.scopus.com/inward/record.uri?partnerID=HzOxMe3b&scp=84898646080&origin=inward,adjacent-subtopic,,scopus,llm,0.940,unreviewed,,doi:10.1007/978-3-319-05948-8_12
kept,What programmers do with inheritance in java,E. Tempero,2013,Lecture Notes in Computer Science Including Subseries Lecture Notes in Artificial Intelligence and Lecture Notes in Bioinformatics,10.1007/978-3-642-39038-8_24,https://www.scopus.com/inward/record.uri?partnerID=HzOxMe3b&scp=84880017011&origin=inward,supports-claim; stod,,scopus,llm_reviewed,0.980,confirmed,,doi:10.1007/978-3-642-39038-8_24
discarded,Object oriented inheritance metric-reusability perspective,G. Makkar,2012,2012 International Conference on Computing Electronics and Electrical Technologies Icceet 2012,10.1109/ICCEET.2012.6203815,https://www.scopus.com/inward/record.uri?partnerID=HzOxMe3b&scp=84863094443&origin=inward,adjacent-subtopic,,scopus,llm,0.800,unreviewed,,doi:10.1109/icceet.2012.6203815
discarded,First-class compositions defining and composing object and aspect compositions with first-class operators,L. Bergmans,2012,Lecture Notes in Computer Science Including Subseries Lecture Notes in Artificial Intelligence and Lecture Notes in Bioinformatics,10.1007/978-3-642-35551-6_6,https://www.scopus.com/inward/record.uri?partnerID=HzOxMe3b&scp=84872582112&origin=inward,adjacent-subtopic,,scopus,llm,0.950,unreviewed,,doi:10.1007/978-3-642-35551-6_6
discarded,Program sliding,R. Ettinger,2012,Lecture Notes in Computer Science Including Subseries Lecture Notes in Artificial Intelligence and Lecture Notes in Bioinformatics,10.1007/978-3-642-31057-7_31,https://www.scopus.com/inward/record.uri?partnerID=HzOxMe3b&scp=84879732807&origin=inward,adjacent-subtopic,,scopus,llm,0.870,unreviewed,,doi:10.1007/978-3-642-31057-7_31
discarded,Structural emergence in partially ordered sets is the key to intelligence,S. Pissanetzky,2011,Lecture Notes in Computer Science Including Subseries Lecture Notes in Artificial Intelligence and Lecture Notes in Bioinformatics,10.1007/978-3-642-22887-2_10,https://www.scopus.com/inward/record.uri?partnerID=HzOxMe3b&scp=79961203482&origin=inward,off-topic-false-hit,,scopus,llm,0.990,unreviewed,,doi:10.1007/978-3-642-22887-2_10
discarded,A model for composable composition operators: Expressing object and aspect compositions with first-class operators,W. Havinga,2010,Aosd 10 9th International Conference on Aspect Oriented Software Development,10.1145/1739230.1739248,https://www.scopus.com/inward/record.uri?partnerID=HzOxMe3b&scp=77952253574&origin=inward,adjacent-subtopic,,scopus,llm,0.960,unreviewed,,doi:10.1145/1739230.1739248
discarded,Class movement and re-location: An empirical study of Java inheritance evolution,E. Nasseri,2010,Journal of Systems and Software,10.1016/j.jss.2009.08.011,https://www.scopus.com/inward/record.uri?partnerID=HzOxMe3b&scp=73149109479&origin=inward,adjacent-subtopic,,scopus,llm,0.790,unreviewed,,doi:10.1016/j.jss.2009.08.011
discarded,A metric framework for analysis of quality of object oriented design,A. Kaur,2009,World Academy of Science Engineering and Technology,,https://www.scopus.com/inward/record.uri?partnerID=HzOxMe3b&scp=78651524524&origin=inward,adjacent-subtopic,,scopus,llm,0.910,unreviewed,,hash:8d7e533186ff59d2
discarded,A new method for component reuse,J. He,2009,Proceedings 2009 2nd IEEE International Conference on Computer Science and Information Technology Iccsit 2009,10.1109/ICCSIT.2009.5234941,https://www.scopus.com/inward/record.uri?partnerID=HzOxMe3b&scp=70449108174&origin=inward,adjacent-subtopic,,scopus,llm,0.830,unreviewed,,doi:10.1109/iccsit.2009.5234941
discarded,"2008 IEEE International Conference on Information Reuse and Integration, IEEE IRI-2008",,2008,2008 IEEE International Conference on Information Reuse and Integration IEEE Iri 2008,,https://www.scopus.com/inward/record.uri?partnerID=HzOxMe3b&scp=51949106816&origin=inward,off-topic-false-hit,,scopus,llm,0.970,unreviewed,,hash:9af9b292b0b079d0
discarded,Classboxes - An experiment in modeling compositional abstractions using explicit contexts,M. Lumpe,2005,Proceedings of the 2005 Conference on Specification and Verification of Component Based Systems Savcbs 2005,10.1145/1123058.1123065,https://www.scopus.com/inward/record.uri?partnerID=HzOxMe3b&scp=33749389316&origin=inward,adjacent-subtopic,,scopus,llm,0.890,unreviewed,,doi:10.1145/1123058.1123065
discarded,Local refinement of 3-D triangulations using object-oriented methods,J. González-Yuste,2004,Advances in Engineering Software,10.1016/j.advengsoft.2003.07.003,https://www.scopus.com/inward/record.uri?partnerID=HzOxMe3b&scp=7544226425&origin=inward,adjacent-subtopic,,scopus,llm,0.970,unreviewed,,doi:10.1016/j.advengsoft.2003.07.003
discarded,Integrating Aspects With Model Driven Software Development,V. Kulkarni,2003,Proceedings of the International Conference on Software Engineering Research and Practise,,https://www.scopus.com/inward/record.uri?partnerID=HzOxMe3b&scp=1642587881&origin=inward,adjacent-subtopic,,scopus,llm,0.940,unreviewed,,hash:70ca2cbc0d371733
