status,title,authors,year,venue,doi,url,tags,abstract,provider,decision_source,llm_confidence,llm_review_outcome,llm_change_direction,paper_id
discarded,QLBM-A quantum lattice Boltzmann software framework,"Georgescu, Calin A.; Schalkers, Merel A.; Moller, Matthias",2025,COMPUTER PHYSICS COMMUNICATIONS,10.1016/j.cpc.2025.109699,https://www.webofscience.com/wos/woscc/full-record/WOS:001508673000001,adjacent-subtopic,"We present QLBM, a Python software package designed to facilitate the development, simulation, and analysis of Quantum Lattice Boltzmann Methods (QBMs). QLBM is a modular framework that introduces a quantum component abstraction hierarchy tailored to the implementation of novel QBMs. The framework interfaces with state-of-the-art quantum software infrastructure to enable efficient simulation and validation pipelines, and leverages novel execution and pre-processing techniques that significantly reduce the computational resources required to develop quantum circuits. We demonstrate the versatility of the software by showcasing multiple QBMs in 2D and 3D with complex boundary conditions, integrated within automated benchmarking utilities. Accompanying the source code are extensive test suites, thorough online documentation resources, analysis tools, visualization methods, and demos that aim to increase the accessibility of QBMs while encouraging reproducibility and collaboration. Program summary Program Title: QLBM CPC Library link to program files: https://doi.org/10.17632/28hkvsg7p2.1 Developer's repository link: https://github.com/QCFD-Lab/qlbm Licensing provisions: MPL-2.0 Programming language: Python3 Supplementary material: The documentation of is available at https://qcfd-lab.github.io/qlbm/. Nature of problem: The advent of quantum algorithms for computational fluid dynamics brings with it challenges that are new to the established field of computational physics. These challenges include the lack of standardized implementations of the still nascent quantum methods, the intense computational demands of developing and simulating quantum algorithms on hardware available today, and the absence of tools that integrate novel developments into established infrastructure. Because of these current limitations, physicists and mathematicians expend superfluous resources on tasks that more mature computational physics branches have surmounted long ago. Solution method: QLBM is a software package that provides an end-to-end development environment for quantum lattice Boltzmann methods. The modular design and flexible quantum circuit library provide a base for extending and generalizing quantum algorithms. Performance enhancements exploit the paradigm of quantum computing simulations to accelerate the speed at which researchers can verify the validity of their methods. Its integration with state-of-the-art quantum computing software and visualization tools increases the algorithms' accessibility. These features allow QLBM to effectively generate, simulate, and analyze quantum circuits for 2D and 3D computational fluid dynamics problems.",wos,llm,0.810,unreviewed,,doi:10.1016/j.cpc.2025.109699
discarded,MapYog - Intelligent Spatiotemporal Data Explorer,"Sharma, Ankit; Gupta, Madhur; Junaid, Mohd; Nandwana, Anuj; Chauhan, Lokendra P. S.",2024,"PROCEEDINGS OF THE 2ND ACM SIGSPATIAL INTERNATIONAL WORKSHOP ON ADVANCES IN URBAN-AI, URBAN-AI 2024",10.1145/3681780.3697250,https://www.webofscience.com/wos/woscc/full-record/WOS:001446369300008,adjacent-subtopic,"MapYog addresses the critical challenge of managing and analyzing heterogeneous, multi-granular geospatial data, a key issue in urban planning, environmental monitoring, and various geospatial applications. Existing systems often struggle to integrate diverse data types-actual, predicted, and simulated-across different spatial and temporal scales, limiting their capacity for in-depth, real-time analysis. MapYog overcomes these limitations through its innovative geospatially and temporally coded (GT-coded) dataset abstraction model(1), which unifies and curates data from multiple sources with customizable granularity. Unlike existing platforms, MapYog features a powerful UI built on deck.gl and kepler.gl, enabling sophisticated layer-based visualizations and dynamic auto-granularity zooming. Its decoupled microservice architecture further distinguishes it by offering enhanced scalability, flexibility, and modularity, separating preprocessing, model training, and API operations. These features make MapYog a more robust and adaptable solution for complex geospatial data challenges compared to traditional systems. Application Release(2)",wos,llm,0.880,unreviewed,,doi:10.1145/3681780.3697250
discarded,LLM-Based Unknown Function Automated Modeling in Sensor-Driven Systems for Multi-Language Software Security Verification,"Deng, Liangjun; Zhong, Qi; Song, Jingcheng; Lei, Hang; Li, Wenjuan",2025,SENSORS,10.3390/s25092683,https://www.webofscience.com/wos/woscc/full-record/WOS:001486648100001,adjacent-subtopic,"The rapid expansion of the Internet of Things (IoT) has made software security and reliability a critical concern. With multi-language programs running on edge computing, embedded systems, and sensors, each connected device represents a potential attack vector, threatening data integrity and privacy. Symbolic execution is a key technique for automated vulnerability detection. However, unknown function interfaces, such as sensor interactions, limit traditional concrete or concolic execution due to uncertain function returns and missing symbolic expressions. Compared with system simulation, the traditional method is to construct an interface abstraction layer for the symbolic execution engine to reduce the cost of simulation. Nevertheless, the disadvantage of this solution is that the manual modeling of these functions is very inefficient and requires professional developers to spend hundreds of hours. In order to improve efficiency, we propose an LLM-based automated approach for modeling unknown functions. By fine-tuning a 20-billion-parameter language model, it automatically generates function models based on annotations and function names. Our method improves symbolic execution efficiency, reducing reliance on manual modeling, which is a limitation of existing frameworks like KLEE. Experimental results primarily focus on comparing the usability, accuracy, and efficiency of LLM-generated models with human-written ones. Our approach was integrated into one verification platform project and applied to the verification of smart contracts with distributed edge computing characteristics. The application of this method directly reduces the manual modeling effort from a month to just a few minutes. This provides a foundational validation of our method's feasibility, particularly in reducing modeling time while maintaining quality. This work is the first to integrate LLMs into formal verification, offering a scalable and automated verification solution for sensor-driven software, blockchain smart contracts, and WebAssembly systems, expanding the scope of secure IoT development.",wos,llm,0.770,unreviewed,,doi:10.3390/s25092683
discarded,Raccoon: Lightweight Support for Comprehensive Control Flows in Reconfigurable Spatial Architectures,"Kong, Xiangyu; Huang, Yi; Chen, Longlong; Zhu, Jianfeng; Li, Liangwei; Man, Xingchen; Gao, Mingyu; Wei, Shaojun; Liu, Leibo",2025,IEEE TRANSACTIONS ON PARALLEL AND DISTRIBUTED SYSTEMS,10.1109/TPDS.2025.3561145,https://www.webofscience.com/wos/woscc/full-record/WOS:001480436100003,off-topic-false-hit,"Coarse-grained reconfigurable arrays (CGRAs) have emerged as promising candidates for digital signal processing, biomedical, and automotive applications, where energy efficiency and flexibility are paramount. Yet existing CGRAs suffer from the Amdahl bottleneck caused by constrained control handling via either off-device communication or expensive tag-matching mechanisms. More importantly, mapping control flow onto CGRAs is extremely arduous and time-consuming due to intricate instruction structures and hardware mechanisms. To counteract these limitations, we propose Raccoon, a portable and lightweight framework for CGRAs targeting vast control flows. Raccoon comprises a comprehensive approach that spans microarchitecture, HW/SW interface, and compiler aspects. Regarding microarchitecture, Raccoon incorporates specialized infrastructure for branch- and loop-level control patterns with concise execution mechanisms. The HW/SW interface of Raccoon includes well-characterized abstractions and instruction sets tailored for easy compilation, featuring custom operators and architectural models for control-oriented units. On the compiler front, Raccoon integrates advanced control handling techniques and employs a portable mapper leveraging reinforcement learning and Monte Carlo tree search. This enables agile mapping and optimization of the entire program, ensuring efficient execution and high-quality results. Through the cohesive co-design, Raccoon can empower various CGRAs with robust control-flow handling capabilities, surpassing conventional tagged mechanisms in terms of hardware efficiency and compiler adaptability. Evaluation results show that Raccoon achieves up to a 5.78x improvement in energy efficiency and a 2.24x reduction in cycle count over state-of-the-art CGRAs. Raccoon stands out for its versatility in managing intricate control flows and showcases remarkable portability across diverse CGRA architectures.",wos,llm,0.930,unreviewed,,doi:10.1109/tpds.2025.3561145
discarded,Type recovery in stripped binaries: a comprehensive survey of inference tools and methods,R. Arefin,2026,Automated Software Engineering,10.1007/s10515-026-00677-y,https://www.scopus.com/inward/record.uri?partnerID=HzOxMe3b&scp=105049685599&origin=inward,adjacent-subtopic,,scopus,llm,0.950,unreviewed,,doi:10.1007/s10515-026-00677-y
discarded,Toward a universal perception layer: A survey on sensor-agnostic advanced driver assistance systems,T.A. Bader,2026,Information Fusion,10.1016/j.inffus.2026.104543,https://www.scopus.com/inward/record.uri?partnerID=HzOxMe3b&scp=105042545299&origin=inward,off-topic-false-hit,,scopus,llm,0.910,unreviewed,,doi:10.1016/j.inffus.2026.104543
discarded,Knowledge design in complex domains,A. Giretti,2026,Advanced Engineering Informatics,10.1016/j.aei.2026.105134,https://www.scopus.com/inward/record.uri?partnerID=HzOxMe3b&scp=105046980509&origin=inward,adjacent-subtopic,,scopus,llm,0.660,unreviewed,,doi:10.1016/j.aei.2026.105134
discarded,Text-to-SQL via Model Context Protocol: Structured Context Orchestration for Reliable Database Query Generation,G. Yang,2026,IEEE Transactions on Knowledge and Data Engineering,10.1109/TKDE.2026.3716724,https://www.scopus.com/inward/record.uri?partnerID=HzOxMe3b&scp=105045928854&origin=inward,adjacent-subtopic,,scopus,llm,0.880,unreviewed,,doi:10.1109/tkde.2026.3716724
discarded,Social network construction with rich content and rational directional logic using the User–Interaction–Audience Structure,J. Ren,2026,Physica A Statistical Mechanics and Its Applications,10.1016/j.physa.2026.131864,https://www.scopus.com/inward/record.uri?partnerID=HzOxMe3b&scp=105046392986&origin=inward,off-topic-false-hit,,scopus,llm,0.960,unreviewed,,doi:10.1016/j.physa.2026.131864
discarded,"It's a lot of work, but it's a lot of fun. - Rediscovering Hypertext in Jon Bois' What Football Will Look Like in the Future",S. Brooker,2026,Ht 2026 Proceedings of the 37th ACM Conference on Hypertext,10.1145/3800935.3830887,https://www.scopus.com/inward/record.uri?partnerID=HzOxMe3b&scp=105050607013&origin=inward,adjacent-subtopic,,scopus,llm,0.930,unreviewed,,doi:10.1145/3800935.3830887
discarded,A design framework for smart home energy management systems interfaces to promote energy-saving behaviors,J. Han,2026,Energy and Buildings,10.1016/j.enbuild.2026.117615,https://www.scopus.com/inward/record.uri?partnerID=HzOxMe3b&scp=105039133072&origin=inward,adjacent-subtopic,,scopus,llm,0.950,unreviewed,,doi:10.1016/j.enbuild.2026.117615
discarded,SLMFL: Structural and semantic fusion for fault localization based on Small Language Models,X. Fan,2026,Information and Software Technology,10.1016/j.infsof.2026.108143,https://www.scopus.com/inward/record.uri?partnerID=HzOxMe3b&scp=105035247987&origin=inward,adjacent-subtopic,,scopus,llm,0.960,unreviewed,,doi:10.1016/j.infsof.2026.108143
discarded,On the Limits of Performance Portability in Directive-Based GPU Programming,A. Romeo,2026,Proceedings of the 23rd ACM International Conference on Computing Frontiers 2026 Workshops and Special Sessions Cf 2026 Companion,10.1145/3801488.3806377,https://www.scopus.com/inward/record.uri?partnerID=HzOxMe3b&scp=105045299917&origin=inward,qualifies-claim; adjacent-subtopic,,scopus,llm_reviewed,0.670,changed,kept->discarded,doi:10.1145/3801488.3806377
discarded,"Trustworthy Companion AI for Human-Aware Transition of Control: Motivation, Architecture, and Research Roadmap",R. Presta,2026,Technologies,10.3390/technologies14070386,https://www.scopus.com/inward/record.uri?partnerID=HzOxMe3b&scp=105045960581&origin=inward,adjacent-subtopic,,scopus,llm,0.920,unreviewed,,doi:10.3390/technologies14070386
discarded,A task-based data-flow methodology for programming heterogeneous systems with multiple accelerator APIs,A. Boné,2026,Future Generation Computer Systems,10.1016/j.future.2026.108383,https://www.scopus.com/inward/record.uri?partnerID=HzOxMe3b&scp=105034270371&origin=inward,adjacent-subtopic,,scopus,llm,0.830,unreviewed,,doi:10.1016/j.future.2026.108383
discarded,SyMPRep: A Symbolic Math Problem Representation Framework for Structured and Controllable Problem Transformation,H. Namgoong,2026,Applied Sciences Switzerland,10.3390/app16115256,https://www.scopus.com/inward/record.uri?partnerID=HzOxMe3b&scp=105041452551&origin=inward,off-topic-false-hit,,scopus,llm,0.940,unreviewed,,doi:10.3390/app16115256
discarded,UniOrch: A Unified Mixed Framework for High-Efficiency LLM Training on Heterogeneous AI Chips,J. Wang,2026,IEEE Transactions on Parallel and Distributed Systems,10.1109/TPDS.2026.3668647,https://www.scopus.com/inward/record.uri?partnerID=HzOxMe3b&scp=105031591900&origin=inward,adjacent-subtopic,,scopus,llm,0.920,unreviewed,,doi:10.1109/tpds.2026.3668647
discarded,Multi-channel next point-of-interest recommendation with user multi-dimensional preferences,Q. Zhang,2026,Expert Systems with Applications,10.1016/j.eswa.2026.131500,https://www.scopus.com/inward/record.uri?partnerID=HzOxMe3b&scp=105034553542&origin=inward,off-topic-false-hit,,scopus,llm,0.980,unreviewed,,doi:10.1016/j.eswa.2026.131500
discarded,"A Holistic Approach to Legacy Modernization in Insurance: Integrating Application Programming Interfaces, Data, Security, and DevOps into a Unified Transformation Strategy",K. Sundaram Chidambaram,2026,International Journal of Artificial Intelligence and Machine Learning,10.51483/ijaiml.6.2s.2026.76-83,https://www.scopus.com/inward/record.uri?partnerID=HzOxMe3b&scp=105043524446&origin=inward,adjacent-subtopic,,scopus,llm,0.830,unreviewed,,doi:10.51483/ijaiml.6.2s.2026.76-83
discarded,An empirical study on low-code programming using traditional vs large language model support,Y. Liu,2026,Journal of Systems and Software,10.1016/j.jss.2025.112727,https://www.scopus.com/inward/record.uri?partnerID=HzOxMe3b&scp=105024468084&origin=inward,adjacent-subtopic,,scopus,llm,0.780,unreviewed,,doi:10.1016/j.jss.2025.112727
discarded,"Adopting MOD-API in a Modern Dataset Catalog Platform: Opportunities, Challenges and Limitations",M. Fiorelli,2026,Technologies,10.3390/technologies14030193,https://www.scopus.com/inward/record.uri?partnerID=HzOxMe3b&scp=105034261594&origin=inward,adjacent-subtopic,,scopus,llm,0.650,unreviewed,,doi:10.3390/technologies14030193
discarded,Computational Algorithmic Innovations in Differential Equation-Based Dynamic Process Modeling,G. Zeng,2026,Engineering Reports,10.1002/eng2.70634,https://www.scopus.com/inward/record.uri?partnerID=HzOxMe3b&scp=105029470275&origin=inward,off-topic-false-hit,,scopus,llm,0.980,unreviewed,,doi:10.1002/eng2.70634
discarded,Abstracting User Metrics for Intelligent User Interfaces in MDD: A UsiXML Case Study,A. Gaspar,2026,Lecture Notes in Business Information Processing,10.1007/978-3-032-26836-5_35,https://www.scopus.com/inward/record.uri?partnerID=HzOxMe3b&scp=105040766142&origin=inward,adjacent-subtopic,,scopus,llm,0.760,unreviewed,,doi:10.1007/978-3-032-26836-5_35
discarded,Enhancing Type Safety in MPI with Rust: A Statically Verified Approach for RSMPI,N. Iqbal,2026,Lecture Notes in Computer Science,10.1007/978-3-031-97196-9_11,https://www.scopus.com/inward/record.uri?partnerID=HzOxMe3b&scp=105019062474&origin=inward,adjacent-subtopic,,scopus,llm,0.900,unreviewed,,doi:10.1007/978-3-031-97196-9_11
discarded,Deep Sketch-Based 3D Modeling: A Survey,A. Tono,2026,Computer Graphics Forum,10.1111/cgf.70302,https://www.scopus.com/inward/record.uri?partnerID=HzOxMe3b&scp=105030025771&origin=inward,off-topic-false-hit,,scopus,llm,0.970,unreviewed,,doi:10.1111/cgf.70302
discarded,Strategic governance through ethics-by-design: aligning UI/UX practices with ESG accountability,K.K. Bajwa,2026,Journal of Information Communication and Ethics in Society,10.1108/JICES-08-2025-0210,https://www.scopus.com/inward/record.uri?partnerID=HzOxMe3b&scp=105050537737&origin=inward,adjacent-subtopic,,scopus,llm,0.950,unreviewed,,doi:10.1108/jices-08-2025-0210
discarded,"Real-Time Edge-Enabled Smart Home Automation With Arduino, MQTT, and Rule-Based Interfaces",T.M. Ho,2026,Real Time Robotics with Iot and Edge AI Methods Metrics and Applications,10.4018/979-8-2600-0701-3.ch008,https://www.scopus.com/inward/record.uri?partnerID=HzOxMe3b&scp=105042011849&origin=inward,adjacent-subtopic,,scopus,llm,0.940,unreviewed,,doi:10.4018/979-8-2600-0701-3.ch008
discarded,UFPC: A Unified Framework for Source and Binary Program Comprehension,Y. Zhang,2026,Lecture Notes in Computer Science,10.1007/978-3-032-00828-2_30,https://www.scopus.com/inward/record.uri?partnerID=HzOxMe3b&scp=105020678451&origin=inward,adjacent-subtopic,,scopus,llm,0.730,unreviewed,,doi:10.1007/978-3-032-00828-2_30
discarded,An Overview of Multilevel Co-Design for AI Accelerator: From Fundamentals to the Frontier,L.T. Nguyen Thi,2026,IEEE Access,10.1109/ACCESS.2026.3695927,https://www.scopus.com/inward/record.uri?partnerID=HzOxMe3b&scp=105039876855&origin=inward,off-topic-false-hit,,scopus,llm,0.950,unreviewed,,doi:10.1109/access.2026.3695927
discarded,Dynamics-based Feedforward Control of CNC-controlled Robots using Digital Twins from Virtual Commissioning with Extended Dynamical Behavior,D. Pfeifer,2026,2026 IEEE SICE International Symposium on System Integration Sii 2026,10.1109/SII64115.2026.11404707,https://www.scopus.com/inward/record.uri?partnerID=HzOxMe3b&scp=105035767733&origin=inward,off-topic-false-hit,,scopus,llm,0.990,unreviewed,,doi:10.1109/sii64115.2026.11404707
discarded,NL2Vis Transformed: From Linguistic Abstraction to Visual Specification in the Generative AI Era,H.T.M. Luong,2026,SN Computer Science,10.1007/s42979-025-04636-4,https://www.scopus.com/inward/record.uri?partnerID=HzOxMe3b&scp=105025353016&origin=inward,off-topic-false-hit,,scopus,llm,0.910,unreviewed,,doi:10.1007/s42979-025-04636-4
discarded,"TRACE4J: A Lightweight, Flexible, and Insightful Performance Tracing Tool for Java",H. He,2026,Cgo 2026 Proceedings of the 2026 IEEE ACM International Symposium on Code Generation and Optimization,10.1109/CGO68049.2026.11395234,https://www.scopus.com/inward/record.uri?partnerID=HzOxMe3b&scp=105041767666&origin=inward,adjacent-subtopic,,scopus,llm,0.960,unreviewed,,doi:10.1109/cgo68049.2026.11395234
discarded,Quantum Programming: Languages and Frameworks,A.P. Nalwade,2026,Quantum Ops Bridging Quantum Computing and IT Operations,10.1007/978-3-032-10775-6_3,https://www.scopus.com/inward/record.uri?partnerID=HzOxMe3b&scp=105031914390&origin=inward,adjacent-subtopic,,scopus,llm,0.820,unreviewed,,doi:10.1007/978-3-032-10775-6_3
discarded,A Formal Framework for Naturally Specifying and Verifying Sequential Algorithms,C. Yang,2026,Lecture Notes in Computer Science,10.1007/978-3-031-98208-8_4,https://www.scopus.com/inward/record.uri?partnerID=HzOxMe3b&scp=105011346191&origin=inward,adjacent-subtopic,,scopus,llm,0.900,unreviewed,,doi:10.1007/978-3-031-98208-8_4
discarded,Expanding global access to oncology trials: mCODE-aligned AI for inclusive patient matching across literacy and resource settings.,Y. Leyfman,2026,Journal of Clinical Oncology,10.1200/JCO.2026.44.19_suppl.18,https://www.scopus.com/inward/record.uri?partnerID=HzOxMe3b&scp=105047214481&origin=inward,off-topic-false-hit,,scopus,llm,0.990,unreviewed,,doi:10.1200/jco.2026.44.19_suppl.18
discarded,"Programmable Data Planes for AI Infrastructure Readiness: Abstractions, Accelerators, and Systems - A Survey",Y. Chen,2026,IEEE Access,10.1109/ACCESS.2026.3722343,https://www.scopus.com/inward/record.uri?partnerID=HzOxMe3b&scp=105048605745&origin=inward,adjacent-subtopic,,scopus,llm,0.760,unreviewed,,doi:10.1109/access.2026.3722343
discarded,Toward Improving Software Functionality through Refactoring Operations: An Experimental Study,A. Almogahed,2026,2026 6th International Conference on Emerging Smart Technologies and Applications Esmarta 2026,10.1109/eSmarTA70636.2026.11652314,https://www.scopus.com/inward/record.uri?partnerID=HzOxMe3b&scp=105049039251&origin=inward,adjacent-subtopic,,scopus,llm,0.860,unreviewed,,doi:10.1109/esmarta70636.2026.11652314
