status,title,authors,year,venue,doi,url,tags,abstract,provider,decision_source,llm_confidence,llm_review_outcome,llm_change_direction,paper_id
discarded,Tree-IS: Efficient Index Selection and Optimization Model for Dynamic Workloads,"Qiao, Shaojie; Yang, Lei; Tang, Rongmin; Xia, Shuyin; Yue, Kun; Han, Nan; Xu, Quanqing; Yang, Chunfang; Li, Hui; Wu, Xindong",2026,IEEE TRANSACTIONS ON NEURAL NETWORKS AND LEARNING SYSTEMS,10.1109/TNNLS.2026.3714085,https://www.webofscience.com/wos/woscc/full-record/WOS:001830766700001,off-topic-false-hit,"Index selection is a crucial component in database query optimization. Traditional database index selection is inefficient when handling large-scale and complex structured query language (SQL) queries, and existing methods often overlook index maintenance costs and the necessity of updates. To address these issues, a network-optimized Monte Carlo tree search (NMCTS)-based index selection model, called tree-based index selection (Tree-IS), is proposed by using the sampling-based reinforcement learning algorithm Monte Carlo tree search (MCTS). This model compresses the action space through workload-driven query template extraction and candidate index (CI) generation techniques. It integrates a novel query state representor and an execution-plan-based index value model (IVM), accurately characterizing the database environment while providing reliable action criteria for index search. On this basis, Tree-IS further leverages a state abstraction network (SAN), a policy network, and a value network (VN) to optimize the search logic of MCTS, achieving the rapid identification of optimal index sets and a significant improvement in query efficiency. Extensive experiments are conducted on popular datasets, including join order benchmark (JOB), transaction processing performance council benchmark holistic (TPC-H), and transaction processing performance council benchmark decision support (TPC-DS), to evaluate the proposed method across multiple metrics. The results demonstrate that the quality of indices selected by the Tree-IS model is significantly superior to that of existing methods.",wos,llm,0.980,unreviewed,,doi:10.1109/tnnls.2026.3714085
discarded,MOGO: Residual Quantized Hierarchical Causal Transformer for Real-Time and Infinite-Length 3D Human Motion Generation,"Fu, Dongjie; Sun, Tengjiao; Fang, Pengcheng; Cai, Xiaohao; Kim, Hansung",2026,"FORTIETH AAAI CONFERENCE ON ARTIFICIAL INTELLIGENCE, AAAI-26, VOL 40 NO 5",,https://www.webofscience.com/wos/woscc/full-record/WOS:001767367300089,off-topic-false-hit,"Recent advances in transformer-based text-to-motion generation have significantly improved motion quality. However, achieving both real-time performance and long-horizon scalability remains an open challenge. In this paper, we present MOGO (Motion Generation with One-pass), a novel autoregressive framework for efficient and scalable 3D human motion generation. MOGO consists of two key components. First, we introduce MoSA-VQ, a motion scale-adaptive residual vector quantization module that hierarchically discretizes motion sequences through learnable scaling parameters, enabling dynamic allocation of representation capacity and producing compact yet expressive multi-level representations. Second, we design the RQHC-Transformer, a residual quantized hierarchical causal transformer that decodes motion tokens in a single forward pass. Each transformer block aligns with one quantization level, allowing hierarchical abstraction and temporally coherent generation with strong semantic flow. Compared to diffusion- and LLM-based approaches, MOGO achieves lower inference latency while preserving high motion fidelity. Moreover, its hierarchical latent design enables seamless and controllable infinite-length motion generation, with stable transitions and the ability to adaptively incorporate updated control signals at arbitrary points in time. To further enhance generalization and interpretability, we introduce Textual Condition Alignment (TCA), which leverages large language models with Chain-of-Thought reasoning to bridge the gap between real-world prompts and training data. TCA not only improves zero-shot performance on unseen datasets but also enriches motion comprehension for indistribution prompts through explicit intent decomposition. Extensive experiments on HumanML3D, KIT-ML, and the unseen CMP dataset demonstrate that MOGO outperforms prior methods in generation quality, inference efficiency, and temporal scalability.",wos,llm,1.000,unreviewed,,hash:dc61f66f6e494f1f
discarded,Encode Geometric Diagram as Geo-Graph in Geometry Problem Solving,"Wu, Wenjun; Zhang, Lingling; Zhao, Bo; Li, Bo; Zhang, Xinyu; Wu, Yaqiang",2026,"FORTIETH AAAI CONFERENCE ON ARTIFICIAL INTELLIGENCE, AAAI-26, VOL 40 NO 23",,https://www.webofscience.com/wos/woscc/full-record/WOS:001768418300061,off-topic-false-hit,"Geometry Problem Solving has become a hot topic these years due to its complexity of enabling the machine with geometric abstraction, multi-modal reasoning and mathematical capabilities. Majority of research works place their attention on the fusion of multi-modal data or the synergistic combination of neural and symbolic systems for performance improvement. However, their neglect of the unique characteristics of geometric diagrams, which distinguish them from natural images, impedes the further exploring of critical information in geometric diagrams. In this work, we introduce the novel concept of geo-graph and propose the Geo-Graph Geometry Problem Solving model which encodes the geometric diagram from a new perspective. The geo-graph is designed to include semantic, structural and spatial information in the diagram, which is crucial to subsequent problem reasoning stage. To facilitate the model's comprehension of the actual layout of geometric diagram, spatial and connecting attentions are devised to serve as intrinsic knowledge guidance for feature propagation. An extra cross-modal attention is used as external guidance to instruct the encoding of geo-graph to be related to specific problem target. Fused multi-modal features are then sent into a commonly used encoder-decoder framework for final solution generation. The model is first trained with three carefully designed pre-training tasks to establish its fundamental knowledge of geo-graph, leveraging numerous varied samples generated through a geo-graph-based augmentation method. Experiments on popular geometry problem solving datasets demonstrate the effectiveness and superiority of our model for geometric diagram encoding.",wos,llm,1.000,unreviewed,,hash:79f002bcd27dc971
discarded,Transformer Substation Network Disconnection Prediction via Semantic Reasoning with Causal Modeling,"Ren, Jie; Yao, Xiaojun; Chen, Hong",2026,COMPUTER SCIENCE AND INFORMATION SYSTEMS,10.2298/CSIS251022018R,https://www.webofscience.com/wos/woscc/full-record/WOS:001760869100003,off-topic-false-hit,"Reliable communication networks are indispensable for the stable operation of smart grids and substations. Currently, WAPI networks have been widely adopted in relevant scenarios. Nevertheless, WAPI networks are confronted with disconnection risks attributed to complex network topologies, dynamic traffic fluctuations, and external environmental disturbances. Most methods rely on correlation analysis and lack causal interpretability, which restricts their effectiveness in rootcause localization and preventive maintenance practices. To address the problem, we propose a disconnection prediction approach that integrates prompt-driven semantic reasoning with structured causal analysis. The approach constructs a causal event graph that models semantic, temporal, and topological dependencies across devices and alarm sequences after extracts heterogeneous information to unified event representation. Based on the established graph, an inference module combines causal path analysis, structural causal models, and counterfactual reasoning to assess the influence of events, predict emerging disconnection risks, and identify plausible root causes with coherent and interpretable justification. By tightly coupling semantic abstraction with causal reasoning, the proposed approach provides a proactive, explainable, and extensible mechanism for anticipating network disruptions and supporting informed maintenance decisions. Experiments demonstrate that the proposed approach improves prediction accuracy and interpretability, verifying its value for smart grid communication networks.",wos,llm,0.990,unreviewed,,doi:10.2298/csis251022018r
discarded,ACCESS : A Benchmark for Abstract Causal Event Discovery and Reasoning,"Vo, Vy; Qu, Lizhen; Feng, Tao; Hua, Yuncheng; Kang, Xiaoxi; Fan, Songhai; Dwyer, Tim; Soon, Lay-Ki; Haffari, Gholamreza",2025,"PROCEEDINGS OF THE 2025 CONFERENCE OF THE NATIONS OF THE AMERICAS CHAPTER OF THE ASSOCIATION FOR COMPUTATIONAL LINGUISTICS: HUMAN LANGUAGE TECHNOLOGIES, VOL 1: LONG PAPERS",,https://www.webofscience.com/wos/woscc/full-record/WOS:001598852000049,off-topic-false-hit,"Identifying cause-and-effect relationships is critical to understanding real-world dynamics and ultimately causal reasoning. Existing methods for identifying event causality in NLP, including those based on Large Language Models (LLMs), exhibit difficulties in out-of-distribution settings due to the limited scale and heavy reliance on lexical cues within available benchmarks. Modern benchmarks, inspired by probabilistic causal inference, have attempted to construct causal graphs of events as a robust representation of causal knowledge, where CRAB (Romanou et al., 2023) is one such recent benchmark along this line. In this paper, we introduce ACCESS, a benchmark designed for discovery and reasoning over abstract causal events. Unlike existing resources, ACCESS focuses on causality of everyday life events on the abstraction level. We propose a pipeline for identifying abstractions for event generalizations from GLUCOSE (Mostafazadeh et al., 2020), a large-scale dataset of implicit commonsense causal knowledge, from which we subsequently extract 1, 4K causal pairs. Our experiments highlight the ongoing challenges of using statistical methods and/or LLMs for automatic abstraction identification and causal discovery in NLP. Nonetheless, we demonstrate that the abstract causal knowledge provided in ACCESS can be leveraged for enhancing QA reasoning performance in LLMs.",wos,llm,1.000,unreviewed,,hash:e1037d2bcbffaf76
discarded,Beyond concreteness: why word specificity is the missing piece in theories on embodied language comprehension,"Bolognesi, Marianna",2025,FRONTIERS IN PSYCHOLOGY,10.3389/fpsyg.2025.1718655,https://www.webofscience.com/wos/woscc/full-record/WOS:001632975200001,off-topic-false-hit,"The concreteness effect has long been associated with embodied theories of language, which propose that concrete words are easier to process than abstract ones because they more directly engage perceptual and motor simulations. However, empirical findings on this effect remain mixed. This paper argues that such variability stems from overlooking a crucial semantic dimension: word specificity. Drawing on evidence from the ERC-funded ABSTRACTION project, I defend (based on classic and more recent empirical studies) that specificity, defined as a word's position within a conceptual hierarchy and corresponding to the inclusiveness of its category, plays a key role in shaping lexical access and conceptual organization, alone and in interaction with concreteness. The relationship between these two dimensions, and its implications for embodied language processing, has so far remained largely unexplored. Integrating specificity into models of embodied semantic representation offers a more nuanced account of how language supports both abstraction and embodiment in cognition.",wos,llm,0.990,unreviewed,,doi:10.3389/fpsyg.2025.1718655
discarded,SGLB: Scalable and Robust Global Load Balancing in Commodity AI Clusters,"Qi, Chenchen; Wu, Wenfei; Wang, Yongcan; He, Keqiang; Kao, Yu-Hsiang (Sean); He, Zongying; Yen, Chen-Yu; Jiang, Zhuo; Luo, Feng; Anubolu, Surendra; Gao, Yanjin; Lin, Bingfeng; Ni, Wenda; Yang, Yiming; Wei, Donglin; Zhou, Boyang; Wang, Jian; Ding, Shan",2025,"PROCEEDINGS OF THE 2025 ACM SIGCOMM 2025 CONFERENCE, SIGCOMM 2025",10.1145/3718958.3750527,https://www.webofscience.com/wos/woscc/full-record/WOS:001597392100039,off-topic-false-hit,"Internet companies are constructing large-scale AI clusters with commodity Ethernet switches for AI model training to support their businesses. AI training workloads impose stringent network requirements, mandating that cluster networks deliver high peak throughput while maintaining robustness and resilience in the face of link failures. We present SGLB, a distributed, global congestionaware load balancing system for AI clusters. SGLB operates a control-plane protocol, SyncMesh, to enable a new load balancing abstraction in modern commodity switches-Global Load Balancing (GLB) engine-which utilizes global congestion information to distribute traffic across all available paths. We address three key challenges in designing SGLB: fast routing convergence to minimize downtime in the event of link failures, scalable maintenance of congestion profiles within the constraints of limited switch hardware resources, and preventing GLB throughput suppression in scenarios where path bandwidths are asymmetric. We prototype SGLB and conduct extensive experiments to evaluate SGLB. SGLB ensures rapid routing convergence in the event of link failures, recovering in as little as 45 mu s to guarantee network robustness for long-term, stable model training. Additionally, SGLB effectively load-balances traffic across paths, avoiding those with global congestion, which accelerates All-to-All collective communication by up to 60%.",wos,llm,0.970,unreviewed,,doi:10.1145/3718958.3750527
discarded,Enhancing Code LLM Training with Programmer Attention,"Zhang, Yifan; Huang, Chen; Karas, Zachary; Dung Thuy Nguyen; Leach, Kevin; Huang, Yu",2025,"COMPANION PROCEEDINGS OF THE 33RD ACM INTERNATIONAL CONFERENCE ON THE FOUNDATIONS OF SOFTWARE ENGINEERING, FSE COMPANION 2025",10.1145/3696630.3728510,https://www.webofscience.com/wos/woscc/full-record/WOS:001593214400067,adjacent-subtopic,"Human attention provides valuable yet underexploited signals for code LLM training, offering a perspective beyond purely machinedriven attention. Despite the complexity and cost of collecting eyetracking data, there has also been limited progress in systematically using these signals for code llm training. To address both issues, we propose a cohesive pipeline spanning augmentation and reward-based fine-tuning. Specifically, we introduce (1) an eye-tracking path augmentation method to expand programmer attention datasets, (2) a pattern abstraction step that refines raw fixations into learnable attention motifs, and (3) a reward-guided strategy for integrating these insights directly into a CodeT5 supervised fine-tuning process. Our experiments yield +7.16 in CodeBLEU on the CodeXGlue benchmark for code summarization, underscoring how uniting human and machine attention can boost code intelligence. We hope this work encourages broader exploration of human-centric methods in next-generation AI4SE.",wos,llm,0.940,unreviewed,,doi:10.1145/3696630.3728510
discarded,Design and Development of a Low-Cost Shell-and-Tube Heat Exchanger Module for Thermo-fluids Engineering Education,"Hossan, Mohammad Robiul; Khan, Aminul Islam; Oni, Talodabiolorun A.; Islam, Md. Shariful; Thiessen, David B.; Adesope, Olusola; Gartner, Jacqueline; Van Wie, Bernard J.; Dutta, Prashanta",2025,INTERNATIONAL JOURNAL OF ENGINEERING EDUCATION,,https://www.webofscience.com/wos/woscc/full-record/WOS:001611081500013,off-topic-false-hit,"Hands-on, active learning in engineering courses fosters deeper understanding, collaboration, and social skills for students. This paper reports on the design, fabrication, and testing of a transparent miniaturized shell-and-tube heat exchanger module for engineering thermo-fluids classes. This module was also implemented for in-class heat exchanger instruction, where students (sample size, N = 75) conducted hands-on experiments following the instructions provided in the associated worksheet, participated in pre-tests and post-tests, analyzed the experimental data, and provided their feedback through motivational surveys. The performance test data obtained from the developed desktop heat exchanger module shows that the experimental heat transfer rates are in good agreement with theoretically predicted values calculated based on the standard correlations and assumptions. The pre-test and post-test assessments show that the use of this miniaturized shell-and-tube heat exchanger module in classroom instruction improves fundamental understanding of the heat exchange process and enhances student comprehension of complex phenomena of fluid flow patterns and heat transfer in the different parts of the heat exchanger. The motivational assessments demonstrate the module's efficacy in elucidating the underlying heat transfer mechanisms and facilitating active engagement. The developed low-cost, hands-on heat exchanger can be used in undergraduate thermo-fluids engineering education for visualizing and better understanding of heat transfer principles, enhancing engagement of students, improving retention of fundamental concepts, and finally bridging the gap between theoretical abstractions and real-world applications.",wos,llm,0.990,unreviewed,,hash:0387b0f7ece3a94d
discarded,Ingredients of a Narrative: How an Abstract Feature Space and Event Position Contribute to a Situation Model,"Terporten, R.; Willems, R. M.; Flecken, M.; Collin, S. H. P.",2025,PSYCHOLOGICAL REPORTS,10.1177/00332941251387113,https://www.webofscience.com/wos/woscc/full-record/WOS:001595880200001,off-topic-false-hit,"Situation models, mental representation of events that are unfolding in the environment, are known to help structure our experiences in our memory, but what exactly are the ingredients of a situation model and to what degree do abstract event features contribute to the updating cycle of a situation model? Here, we used an event card experiment in which we systematically manipulated abstract event feature dimensions (e.g., narrative X has a location change from event 1 to 2) and narrative specific factors (e.g., John walked from the kitchen into the living room after having a coffee). During this experiment, participants actively constructed a narrative from a random order of event descriptions, presented as event cards. After narrative construction, memory of the narrative specific events was tested in an oddball paradigm. We investigated the influence of the abstract factors ""degree of feature change"" and ""position within the story"" on response speeding during the oddball task. We discovered that participants were faster for oddballs with a different degree of feature change, which interacted with whether the oddball was from within the same story or from another story. When zooming in on oddballs from other stories only, we found an interaction between position within the event structure and degree of feature change. Our results suggest that people make use of an abstraction for keeping track of an event feature space and narrative specific representations. These abstractions of event features are important for the instantiation of a situation model.",wos,llm,0.990,unreviewed,,doi:10.1177/00332941251387113
discarded,Effects of specifying robotic missions in behavior trees and state machines,"Dragule, Swaib; Bainomugisha, Engineer; Pelliccione, Patrizio; Berger, Thorsten",2025,JOURNAL OF COMPUTER LANGUAGES,10.1016/j.cola.2025.101330,https://www.webofscience.com/wos/woscc/full-record/WOS:001591205600001,supports-claim; adjacent-subtopic,"The task of defining the robot's mission is moving from professional developers and roboticists to the end-users. Robot missions, traditionally implemented in source code with text-based programming languages, present challenges for non-programmers. To this end, many domain-specific languages (DSLs) have been established in robotics. They are typically built upon an established paradigm, where behavior trees and state machines have become the most popular ones in robotics. These paradigms offer different levels of abstraction and control structures, which promise to improve the comprehension, correctness, and usability of missions. However, so far, there are no evaluation and validation studies to determine the effects of using either paradigm for mission specification by end-users. We present a controlled experiment on the effectiveness and efficiency of these paradigms for specifying robot missions by end-users. It measures mission comprehension, correctness and usability by examining language constructs, documentation, and usage. Our findings indicate that participants rated both paradigms above the neutral midpoint that is, greater than three on a 5-point scale in comprehension, with negligible variance in preference. However, state machine received marginally higher ratings in overall usability. The results further indicate that in the concrete syntax of the DSLs used in the experiments, user interfaces need improvement, more tutorials (including videos/audios) are required. End-users also need basic training in behavior trees, state machines, programming, and robotics. While the DSLs provide reasonable abstraction compared to text-based languages, further refinement is needed to enhance usability and correctness. We discuss actionable insights for improving the usability of behavior trees and state machines in robotics and automation.",wos,llm_reviewed,0.780,changed,kept->discarded,doi:10.1016/j.cola.2025.101330
