status,title,authors,year,venue,doi,url,tags,abstract,provider,decision_source,llm_confidence,llm_review_outcome,llm_change_direction,paper_id
discarded,Private 5G Lab as a Service (P5G-laaS): Next Generation Communication Platform for Simulation and Performance Evaluation,"Kumar, Goutam; Markan, Anhad; Markan, C. M.",2025,"2025 IEEE MICROWAVES, ANTENNAS, AND PROPAGATION CONFERENCE, MAPCON",10.1109/MAPCON65020.2025.11426623,https://www.webofscience.com/wos/woscc/full-record/WOS:001786509400568,adjacent-subtopic,"Softwarization and Virtualization are two disruptive paradigms that decouple 5G network functionalities from the underlying hardware. A 5G carrier network built on a smaller scale and confined to a specific enterprise, or campus, makes a Private 5G secure, restricted and customizable. Private 5G networks are increasingly embracing containerization and cloud-native architecture, where virtualization, modularity, and abstraction allow building and updating new components without disrupting the application as a whole. The complete abstraction of the physical network infrastructure to create a virtualized network overlay brings in the concept of Private 5G Lab as a service (P5G-LaaS). This paper evaluates open-source solutions, including OpenAirInterface (OAI), Free5GC, and Open5GS, to identify the best-fit software for establishing a P5G-LaaS and provide a platform to experiment on 5G Core, gNB and UE. By utilizing the Private University Cloud Service (PUCS), virtual resources are accessed and managed globally. Scalable, GUI-based and hands-on, 5G experimentation on P5G-LaaS platform with multiple UEs, realistic testing of bandwidth, congestion, and resource management is presented.",wos,llm,0.940,unreviewed,,doi:10.1109/mapcon65020.2025.11426623
discarded,Semantic Interface Modeling for Automotive Architectures Using a Domain-Driven Approach,"Hackenbeck, Christian; Walz, Alexander; Hirmer, Pascal; Wagner, Stefan; Weyrich, Michael",2025,IFAC PAPERSONLINE,10.1016/j.ifacol.2025.11.936,https://www.webofscience.com/wos/woscc/full-record/WOS:001638340200023,supports-claim; adjacent-subtopic,"This paper presents a domain-driven design-inspired methodology for modeling semantically meaningful interfaces in automotive architectures, focusing on software-defined vehicles as cyber-physical systems. Using a safety-critical life presence detection use case, the approach systematically identifies bounded contexts, separates domain, application, and infrastructure layers, and derives semantic interface characterizations across abstraction levels. The characterization model enables reasoning about timing, criticality, and platform binding, supporting modularity and cross-domain traceability. The methodology complements standards such as AUTOSAR and SysML by offering a lightweight conceptual framework for early-phase system integration, architectural evolution, and scalable design. Copyright (c) 2025 The Authors. This is an open access article under the CC BY-NC-ND license (https://creativecommons.org/licenses/by-nc-nd/4.0/)",wos,llm_reviewed,0.730,changed,kept->discarded,doi:10.1016/j.ifacol.2025.11.936
discarded,Not All Chatbots Teach: Evidence for Pedagogical Design in AI-Assisted Technical Education,"Cordova, Lucas P.; Mendoza, Teo; Holmes, Sam; Megginson, Kayle; Ben Webster; Gregory, Derec",2025,"PROCEEDINGS OF THE 26TH ACM ANNUAL CONFERENCE ON CYBERSECURITY & INFORMATION TECHNOLOGY EDUCATION, ACM SIGCITE 2025",10.1145/3769694.3771107,https://www.webofscience.com/wos/woscc/full-record/WOS:001670358000012,adjacent-subtopic,"As generative AI tools like ChatGPT become embedded in technical education, a critical challenge emerges: how can we ensure these tools foster learning rather than bypass it? This study provides empirical evidence that pedagogical design, not merely model access, determines the educational value of AI assistants. We developed a freely available custom conversational AI tool that embeds metacognitive scaffolding through structured prompts grounded in the Feynman Technique and learning science literature. In a quasi-experimental study within an undergraduate data structures course (N = 36), students using this structured AI assistant significantly outperformed peers using the same interface configured as a minimally prompted ChatGPT wrapper (92.7 vs. 74.3, p <.001). Gains were especially strong in abstraction, technical justification, and documentation, which are skills critical across software engineering, IT, and cybersecurity. These findings underscore a key insight: AI-integrated learning environments must be intentionally designed to prompt reflection, prediction, and explanation. By aligning AI interactions with evidence-based pedagogy, our framework demonstrates how to develop conceptual understanding, reduce automation bias, and support equitable learning outcomes as AI reshapes computing education.",wos,llm,0.970,unreviewed,,doi:10.1145/3769694.3771107
discarded,Analysing Smart Energy Systems with the Agent -Based Simulation Framework i7-AnyEnergy,"German, Reinhard; Bazan, Peter",2025,PROCEEDINGS OF THE 39TH ECMS INTERNATIONAL CONFERENCE ON MODELLING AND SIMULATION ECMS 2025,,https://www.webofscience.com/wos/woscc/full-record/WOS:001572352000001,adjacent-subtopic,"Because of the increasing complexity of energy systems and their interconnectedness with other urban and industrial infrastructures, simulation is essential for their design and optimized operation. We present i7-AnyEnergy as a stand-alone simulation framework that enables rapid modelling and simulation of the entire system. It combines concepts from software engineering, agent -based and distributed simulation, and cellular energy systems. Key concepts include the abstraction of energy, information, and other commodity flows, as well as a component -based design with an interface and filter concept that avoids explicit navigation through the model structure. This enables the development of cellular energy systems with hierarchical and neighbourhood relationships. Local load compensation at all levels is available as an integrated mechanism, but can be replaced by any other centralized, decentralized or mixed control strategy. We demonstrate the modelling using an illustrative example and outline studies in which the framework has been used.",wos,llm,0.920,unreviewed,,hash:e6938334b4533ee3
discarded,Software for the SpaceDREAM Robotic Arm,"Muehlbauer, Maximilian; Chalon, Maxime; Ulmer, Maximilian; Albu-Schaeffer, Alin",2025,2025 IEEE AEROSPACE CONFERENCE,10.1109/AERO63441.2025.11068537,https://www.webofscience.com/wos/woscc/full-record/WOS:001553229100148,adjacent-subtopic,"Impedance -controlled robots arc widely used on Earth to perform interaction -rich tasks and will be a key enabler for In-Space Servicing, Assembly and Manufacturing (NAM) activities. This paper introduces the software architecture used on the On -Board Computer (OBC) for the planned Space DREAM mission aiming to validate such robotic arm in Lower Earth Orbit (LEO) conducted by the German Aerospace Center (DER) in cooperation with KINETIK Space GmbH and the Technical University of Munich (TUM). During the mission several free motion as well as contact tasks are to he performed in order to verify proper functionality of the robot in position and impedance control on joint level as well as in cartesian control. The tasks are selected to he representative for subsequent servicing missions e.g. requiring interface docking or precise manipulation.

The software on the OBC commands the robot's joints via SpaceWire to perform those mission tasks, reads camera images and data from additional sensors and sends telemetry data through an Ethernet link via the spacecraft down to Earth. It is set up to execute a predefined mission after receiving a start signal from the spacecraft while it should be extendable to receive commands from Earth for later missions. Core design principle was to reuse as much existing software and to stay as close as possible to existing robot software stacks at DLR. This allowed for a quick full operational start of the robot arm compared to a custom development of all robot software, a lower entry barrier for software developers as well as a reuse of existing libraries. While not every line of code can he tested with this design, most of the software has already proven its functionality through daily execution on multiple robot systems.

The software stack is based on a real time Linux as operating system and the middleware ""links and nodes"" providing topic communication and service calls as well as process manager functionality. The actual mission software is partitioned into low-level real time control software consisting of a hardware abstraction layer providing telemetry from the robot's joints as well as validating and sending commands from a controller implemented in Simulink. Non -real time modules are responsible for parameterizing the controller and reading camera and other sensor data. A mission script orchestrates the individual tasks by commanding all software components. This mission script is also responsible for tracking subsystem health and potentially disabling erroneous subsystems and is itself monitored by the OBC's hardware watchdog. Finally, a data transmission program ensures prioritized telemetry data transfer to Earth via the spacecraft. Core components of this architecture have already been tested during the 42nd DER parabolic flight campaign under micro gravity conditions proving their effectiveness and reliability. The detailed software architecture, design choices and software tests will be described in the remainder of the paper.",wos,llm,0.980,unreviewed,,doi:10.1109/aero63441.2025.11068537
discarded,Breaking Partition Barriers: Auto-Generating Stable Binder Interfaces in Android,"Ilic, Milos; Cetic, Nenad; Lukic, Nemanja",2025,"2025 IEEE ZOOMING INNOVATION IN CONSUMER TECHNOLOGIES CONFERENCE, ZINC",10.1109/ZINC65316.2025.11103569,https://www.webofscience.com/wos/woscc/full-record/WOS:001562509500019,adjacent-subtopic,"Today's Android devices are full of rich OEM customizations. They are developing their own graphical design of applications to overlay the stock Android look. Brand applications are located on product partition where is often a request to access some hardware abstractions on vendor partition such as device health status, camera, microphone and other data from sensor inputs. However, in recent Android OS versions this communication is forbidden by the SELinux policy in order to maintain Android Treble modularity design. This is mandatory to make it easier, faster and less costly for manufacturers to update devices with a latest version of Android. On the other hand, an indirect approach to connect these two domains is possible through the system partition. This paper shows one solution that includes the generation of a helper proxy service in order to enable product-to-vendor access along with security compliance.",wos,llm,0.780,unreviewed,,doi:10.1109/zinc65316.2025.11103569
discarded,Toward efficient vibe coding: An LLM-based agent for low-code software development,"Malamas, Nikolaos; Tsardoulias, Emmanouil; Panayiotou, Konstantinos; Symeonidis, Andreas L.",2025,JOURNAL OF COMPUTER LANGUAGES,10.1016/j.cola.2025.101367,https://www.webofscience.com/wos/woscc/full-record/WOS:001584965600001,adjacent-subtopic,"The Software Engineering (SE) domain increasingly adopts low-code and no-code approaches to simplify application development and deployment. Two dominant paradigms have emerged in this space: Model-driven Engineering (MDE), leveraging Domain-specific Languages (DSLs) to abstract implementation and reduce the knowledge and expertise required, and LLM-based vibe coding, where developers interact with Large Language Models (LLMs) using natural language, allowing for rapid prototyping and code generation through conversations. Although DSLs provide precise abstractions and formal correctness, they often require specialized knowledge and have a steep learning curve. Conversely, vibe coding enables fluid and natural interactions, but struggles with domain specificity and frequently produces erroneous or unstructured code, which is difficult to integrate into formal development workflows. To harness the strengths of both paradigms, we present DSL Agent, an LLM-powered conversational interface for DSL-based application development. The DSL Agent is embedded within Locsys, a modern low-code development platform. It combines the flexibility and intuitiveness of LLM-based vibe coding with the rigor of DSLs by dynamically generating accurate and valid DSL models based on user descriptions, embedded into a unified conversational interface that leverages prompt engineering and in-context learning techniques. This offers a simpler and more intuitive interface, accelerates the development process, and reduces the expertise barrier. The agent is evaluated by more than 130 workshop participants of varying expertise levels, on two DSLs of different complexity. Evaluation metrics, including valid model rate, user satisfaction, and development time, indicate a significant improvement in valid model generation, productivity, and ease of use compared to traditional DSL-based SE workflows. These results highlight the potential of the DSL Agent to improve the entire DSL-based development life cycle by offering an efficient, intuitive, and user-friendly interface.",wos,llm,0.880,unreviewed,,doi:10.1016/j.cola.2025.101367
discarded,Improving Quality in Embedded Software Development: The Impact of OSAL in Evolving Systems,"Dedeoglu, Ozgun Mert; Akdur, Deniz",2025,"2025 14TH MEDITERRANEAN CONFERENCE ON EMBEDDED COMPUTING, MECO",10.1109/MECO66322.2025.11049280,https://www.webofscience.com/wos/woscc/full-record/WOS:001536434400029,supports-claim; adjacent-subtopic,"Embedded software development often encounters significant challenges due to tight integration with specific operating systems (OS), and limited hardware availability. These constraints, which limit cross-platform portability, reusability and modularity, might increase complexities in all software development life cycle (SDLC) activities. To address these concerns, this paper introduces a customized Operating System Abstraction Layer (OSAL) called ASEL OSAL. This customized abstraction layer provides a unified interface by abstracting essential OS services, thereby enabling deployment of embedded applications across multiple OS platforms, including real time operating systems (RTOS), as well as well-known desktop environments such as Windows. In this paper, a real-world case study is presented by illustrating the significant practical benefits of integrating ASEL OSAL into a mission-critical embedded application. The findings revealed improvements in software quality factors, debugging efficiency, and development velocity by reducing dependency on target hardware.",wos,llm_reviewed,0.950,changed,kept->discarded,doi:10.1109/meco66322.2025.11049280
discarded,Assassyn: A Unified Abstraction for Architectural Simulation and Implementation,"Weng, Jian; Han, Boyang; Gao, Derui; Gao, Ruijie; Zhang, Wanning; Zhong, An; Xu, Ceyu; Xin, Jihao; Luo, Yangzhixin; Wills, Lisa Wu; Canini, Marco",2025,"PROCEEDINGS OF THE 52ND ANNUAL INTERNATIONAL SYMPOSIUM ON COMPUTER ARCHITECTURE, ISCA 2025",10.1145/3695053.3731004,https://www.webofscience.com/wos/woscc/full-record/WOS:001547226300097,off-topic-false-hit,"The continuous growth of on-chip transistors driven by technology scaling urges architecture developers to design and implement novel architectures to effectively utilize the excessive on-chip resources. Due to the challenges of programming in register-transfer level (RTL) languages, performance modeling based on simulation is typically developed alongside hardware implementation, allowing the exploration of high-level design decisions before dealing with the error-prone, low-level RTL details. However, this approach also introduces new challenges in coordinating across multiple teams to align implementation details separate codebases.

In this paper, we address this issue by presenting Assassyn, a unified, high-level, and general-purpose programming framework for architectural simulation and implementation. By taking advantage of the concept of asynchronous event handling, a widely existing behavior in both hardware design and implementation and software engineering, a general-purpose, and high-level programming abstraction is proposed to mitigate the difficulties of RTL programming. Moreover, the unified programming interface naturally enables an accurate and faithful alignment between the simulation-based performance modeling and RTL implementation. Our evaluation demonstrates that Assassyn's high-level programming interface is sufficiently expressive to implement a wide range of architectures, from architectural components, and application-specific accelerators, to designs as complicated as out-of-order CPUs. All the generated simulators perfectly align with the generated RTL behavior, while achieving 2.2-8.1x simulation speedup, and requiring 70% lines of code. The generated RTL achieves comparable perf/area compared to handcrafted RTL, and 6x perf/area compared to high-level synthesis generated RTL code by introducing by mean 1.26x lines of code overhead.",wos,llm,0.980,unreviewed,,doi:10.1145/3695053.3731004
discarded,Qsyn: A Developer-Friendly Quantum Circuit Synthesis Framework for NISQ Era and Beyond,"Lau, Mu-Te; Cheng, Chin-Yi; Lu, Cheng-Hua; Chuang, Chia-Hsu; Kuo, Yi-Hsiang; Yang, Hsiang-Chun; Kuo, Chien-Tung; Chen, Hsin-Yu; Tung, Chen-Ying; Tsai, Cheng-En; Chen, Guan-Hao; Lin, Leng-Kai; Wang, Ching-Huan; Wang, Tzu-Hsu; Huang, Chung-Yang Ric",2024,"2024 IEEE INTERNATIONAL CONFERENCE ON QUANTUM COMPUTING AND ENGINEERING, QCE, VOL 2",10.1109/QCE60285.2024.10392,https://www.webofscience.com/wos/woscc/full-record/WOS:001438832300240,adjacent-subtopic,"In this paper, we introduce Qsyn, a novel quantum circuit synthesis (QCS) framework designed to facilitate the research, development, testing, and experimentation of QCS algorithms and tools. Our framework is more developer-friendly than other modern QCS frameworks in three aspects: (1) Qsyn provides a comprehensive command -line interface that enables developers to design various testing scenarios with ease and conduct flexible experiments on their algorithms. This feature significantly streamlines the development process, making it more efficient and user-friendly. (2) Qsyn offers detailed access to multiple data representations at different abstraction levels of quantum circuits. This capability allows developers to optimize their algorithms extensively, gaining deeper insights and control over the structure and behavior of quantum circuits. By understanding the intricacies of circuit design, developers can achieve higher levels of optimization and performance in their algorithms. (3) Qsyn implements a rigorous development flow and environment to help developers maintain high-quality standards using modern software engineering practices, including robust quality assurance measures like regression testing, continuous integration and continuous delivery (Cl/CD) pipelines, and code Tinting. We demonstrate Qsyn's superior performance through fair comparisons with PyZX In highlighting its efficiency and optimization capabilities. By providing a unified and userfriendly development environment, Qsyn empowers researchers and developers to prototype, implement, and evaluate their QCS algorithms effectively.",wos,llm,0.940,unreviewed,,doi:10.1109/qce60285.2024.10392
