status,title,authors,year,venue,doi,url,tags,abstract,provider,decision_source,llm_confidence,llm_review_outcome,llm_change_direction,paper_id
discarded,A multi-objective search based approach to identify reusable software components,"Rathee, Amit; Chhabra, Jitender Kumar",2019,JOURNAL OF COMPUTER LANGUAGES,10.1016/j.cola.2019.01.006,https://www.webofscience.com/wos/woscc/full-record/WOS:000499682500004,adjacent-subtopic,"Component-based-software-development (CBSD) is one of the most recent trends in the software development industry and its success majorly depends on the quality of the software components. Good quality software components are those components, which are internally strongly cohesive and are independent of others. Use of such components helps in faster development of a software and reduces the maintenance efforts in future. Such components can be identified from different software repositories and can be reused whenever needed. Hence, proper identification of such reusable components is a promising area of research, and the same has been targeted in this paper. This paper model Reusable Software Component Identification (RSCI) problem as a search-based multi-objective problem in order to identify optimized reusable software components from the object-oriented (OO) source code of a software system. For OO software paradigm, we consider the component as an individual class or group of connected classes which can be reused with least modifications. To identify this, three types of relationship are proposed in this paper, namely (1) Frequent Usage Pattern (FUP) based cohesion (2) semantic relatedness based cohesion and (3) co-change based coupling. The proposed approach optimizes by simultaneously maximizing both types of cohesion and minimizing the coupling of a given component. The FUP based cohesion maximization is based on the newly proposed cohesion metric called PatternCohesion which is computed using FUP information extracted from a given software element (class/ interface in an object-oriented language). The FUP of a class comprises of those member variables of all classes of the software, which are directly or indirectly accessed by member functions defined in the class under consideration. The PatternCohesion metric helps to measure the functional relatedness among different pairs of software elements (classes). The semantic relatedness based cohesion maximization is based on TF-IDF based Cosine Similarity measurement using tokens extracted from three main parts of the source code of a given software element namely class/ interface declaration statement, data types of different member variables and member function signatures. The co-change based coupling is computed from the change-history of the underlying software system using well-known data mining metric called Support. Finally, reusable components are identified as different cohesive groups (consisting of one or more connected classes) using NSGA-III Algorithm. The proposed approach is empirically evaluated over six open source software systems belonging to different domains. The need of considering all three types of relations is established by comparing their performance with relations taken individually and two at a time. The obtained results indicate a higher quality for different software components measured in terms of reusability characteristics.",wos,llm,0.960,unreviewed,,doi:10.1016/j.cola.2019.01.006
discarded,Threshold-based empirical validation of object-oriented metrics on different severity levels,"Aarti; Sikka, Geeta; Dhir, Renu",2019,INTERNATIONAL JOURNAL OF INTELLIGENT ENGINEERING INFORMATICS,,https://www.webofscience.com/wos/woscc/full-record/WOS:000464999300006,adjacent-subtopic,"Software metrics has become desideratum for the fault-proneness, reusability and effort prediction. To enhance and intensify the sufficiency of object-oriented (OO) metrics, it is crucial to perceive the relationship between OO metrics and fault-proneness at distinct severity levels. This paper characterise on the investigation of the software parts with higher probability of occurrence of faults. We examined the effect of thresholds on the OO metrics and build the predictive model based on those threshold values. This paper also instanced on the empirical validation of threshold values calculated for the OO metrics for predicting faults at different severity levels and builds the statistical model using logistic regression. This paper depicts the detection of fault-proneness by extracting the relevant OO metrics and focus on those projects that falls outside the specified risk level for allocating the more resources to them. We presented the effects of threshold values at different risk levels and also validated results on the KC1 dataset using machine learning and different classifiers.",wos,llm,0.950,unreviewed,,hash:9c07386cbae70db3
discarded,Software Measurement for E-Commerce CMS by Using OO Metrics and Quality Factor Parameters Based on JAVA,"Masruroh, Siti Ummi; Fauzia, Syifa; Hakiem, Nashrul",2018,"2018 5TH INTERNATIONAL CONFERENCE ON ADVANCED INFORMATICS: CONCEPTS, THEORY AND APPLICATIONS (ICAICTA 2018)",,https://www.webofscience.com/wos/woscc/full-record/WOS:000465085600036,adjacent-subtopic,"Software measurement has been used to analyse software quality in order to provide information for improving software processes and products. The objective of this research is to measure e-commerce Content Management System (CMS) based open source: Magento, OsCommerce, Prestashop, Zencart, and Opencart. The measurement uses two parameters, Object Oriented Metrics (OO Metrics) esspecially in CK Metrics Suite and Quality Factor with the Analytical Hierarchy Process method as the completion step of the parameters used. By using OO Metrics and Quality Factor as a benchmark this will give a ranking in form of CMS e-commerce recommendations which have the best software quality criteria. The CK Metrics Suite that is implemented consists of Weighted Method per Class (WMC), Depth of Inheritance Tree (DIT), Number of Children (NOC), and Coupling Between Objects (CBO). The Quality Factor parameter consists of Maintainability, Efficiency, Understandability, and Reusability. The system development uses is the Rapid Application Development (RAD) method by building JAVA applications. The result found that Magento is the best CMS based on Object Oriented Metrics and Quality Factor parameters.",wos,llm,0.960,unreviewed,,hash:2cc7cebc92a5a56f
discarded,Software reusability metrics prediction by using evolutionary algorithms: The interactive mobile learning application RozGaar,"Padhy, Neelamadhab; Satapathy, Suresh Chandra; Mohanty, J. R.; Panigrahi, Rasmita",2018,INTERNATIONAL JOURNAL OF KNOWLEDGE-BASED AND INTELLIGENT ENGINEERING SYSTEMS,10.3233/KES-180390,https://www.webofscience.com/wos/woscc/full-record/WOS:000456400700004,adjacent-subtopic,"Considering object oriented program based software metrics (cohesion, coupling and complexity) and their significance to characterize software quality, particularly software component reusability, we have considered six important CK matrices. The predominant reason behind using the measurement technique is the individual relationship with the design aspect and fault-proneness or aging-proneness. The key objective of this paper is to generate employment opening to thousands of people who have different skillsets and furthermore to provide hassle-free services by RozGaar service providers to customers with the help of machine learning techniques. In the current century's rapid growth of modernization and automation, manual labor is reduced which gives rise to unemployment at mass. If we need technicians, workers, plumbers or drivers who work on daily wages, it is quite difficult to find one in our locality without having any contact references and knowing the quality of the work they provide. This paper helps in filling the gap between the various customers and the service providers. We aim to introduce this paper as an ocean of opportunities for all where people can get jobs on a daily basis and can earn money for their skills. The used application is a dual-platform application that runs on Android devices and on Internet as a website, promising you to provide unmatched services of daily work. To achieve the goal, we used the novel software prediction model, evolutionary algorithms such as decision tree, Rough Set, and Logistic Regression algorithms, to predict software reusability.",wos,llm,0.930,unreviewed,,doi:10.3233/kes-180390
discarded,Coupling and Cohesion Metrics for Object-Oriented Software: A Systematic Mapping Study,"Tiwari, Saurabh; Rathore, Santosh Singh",2018,ISEC'18: PROCEEDINGS OF THE 11TH INNOVATIONS IN SOFTWARE ENGINEERING CONFERENCE,10.1145/3172871.3172878,https://www.webofscience.com/wos/woscc/full-record/WOS:000455778500008,adjacent-subtopic,"Coupling and Cohesion are two fundamental concepts that can be applied to design better modular object-oriented software. This study aims at reviewing existing research on coupling and cohesion metrics in order to identify the potential ones and needs for the future research. A systematic mapping study is presented to identify the popular coupling and cohesion metrics, and their applicability in practice. A total of 137 papers were found and classified into four different classes-evolution of coupling and cohesion metrics, research type, contribution, and context focus. Our study revealed that the significance of coupling and cohesion metrics in various software development activities has been advocated by various researchers. However, some issues such as the lack of availability of information about the contextual usages of these metrics and their multiple interpretations by different researchers need to be resolved to establish the practical use of these metrics.",wos,llm,0.980,unreviewed,,doi:10.1145/3172871.3172878
discarded,Removal of design problems through refactorings: are we looking at the right symptoms?,"Eposhi, Andre; Oizumi, Willian; Garcia, Alessandro; Sousa, Leonardo; Oliveira, Roberto; Oliveira, Anderson",2019,2019 IEEE/ACM 27TH INTERNATIONAL CONFERENCE ON PROGRAM COMPREHENSION (ICPC 2019),10.1109/ICPC.2019.00032,https://www.webofscience.com/wos/woscc/full-record/WOS:000693400500019,adjacent-subtopic,"A design problem is the result of design decisions that negatively impact quality attributes. For example, a stakeholder introduces a design problem when he decides to addresses multiple unrelated responsibilities in a single class, impacting the modifiability and reusability of the system. Given their negative consequences, design problems should be identified and refactored. The literature still lacks evidence on which symptoms' characteristics can be used as strong indicators of design problems. For example, it is unknown if the density and diversity of certain symptoms (e.g., violations of object-oriented principles) are correlated with the occurrence of design problems. Thus, in this paper, we report a case study involving two C# systems. We evaluated the impact of refactoring, focused on removing design problems, on the density and diversity of symptoms. Results indicate that refactored classes usually present higher density and diversity of symptoms. However, the density and diversity of some symptoms, such as the violation of object-oriented principles, was not predominantly higher in refactored classes. Moreover, contrary to our expectations, refactorings caused almost no positive impact on the density and diversity of symptoms.",wos,llm,0.970,unreviewed,,doi:10.1109/icpc.2019.00032
discarded,Dependability-enhanced unified modeling and simulation methodology for Critical Infrastructures,"Kim, Hee-Soo; Lee, Seok-Won",2018,INFORMATION AND SOFTWARE TECHNOLOGY,10.1016/j.infsof.2018.06.002,https://www.webofscience.com/wos/woscc/full-record/WOS:000440116400011,adjacent-subtopic,"Context: Critical infrastructures (CIs) are mission-critical, large-scale systems that provide essential products and services for everyday life. Modeling and simulation (M&S) technique is one of useful methods for understanding the complex and emergent behavior of CIs. However, the several characteristics of CIs, such as interdependence, adaptability, dependability, etc., can disturb modelers' activities to develop the quality models for CIs. The quality of these models can affect the reliability of simulation results as well as the reusability of the models in further simulations.

Objective: In this paper, we propose a M&S methodology that aims to improve the quality of CI models by means of focusing on dependability, which is one of important characteristics of CIs.

Method: First, we propose a system to model and simulate CIs based on discrete event system specification, a belief-desire-intention model, and a role-oriented command hierarchy model. Next, we integrate several modeling methods, such as goal modeling, agent-based modeling, and object-oriented modeling, into a unified M&S methodology (UMAS) to seamlessly develop CI models from initial requirements to final modeling artifacts. Finally, we propose a dependability-enhanced UMAS (DUMAS) that can deal with the dependability of CI models.

Results: In our case study of applying the DUMAS into the M&S of a smart grid, we show how the DUMAS reflects the characteristics of CIs on the overall modeling artifacts.

Conclusion: The DUMAS provides a novel method that can improve the quality of CI models through elaborating on the activities of requirements engineering with regard to the dependability of CIs. Therefore, modelers can systematically develop quality models from requirements analysis to implementation in compliance with the DUMAS.",wos,llm,0.960,unreviewed,,doi:10.1016/j.infsof.2018.06.002
kept,Predicting Fault-Proneness of Reused Object-Oriented Classes in Software Post-Releases,"Al Dallal, Jehad",2018,ARABIAN JOURNAL FOR SCIENCE AND ENGINEERING,10.1007/s13369-017-3012-2,https://www.webofscience.com/wos/woscc/full-record/WOS:000449936300032,qualifies-claim,"The performance and applicability of a fault-proneness prediction model built based on internal quality measures computed on classes of one or more software systems and applied to classes from a different software system may be heavily influenced by several factors. These factors are related to the specific characteristics of the software system and its development environment. The issues related to these factors may be alleviated by building a model on a release of a software system and then applying it to following releases, in which product and process characteristics are close to the initial release. In this paper, we investigate the ability of the fault-proneness prediction models built by using fault data available up to a release of a system to predict faulty classes among those that are potentially reusable and those that are actually reused in the subsequent releases. We adapt an approach to building and using prediction models for classes reused, with or without modification, from preceding releases of a system. Our results show that relying on up-to-date fault data for the classes of a software system may significantly improve the overall accuracy in predicting fault-proneness of the post-release classes reused from an initial release. A model based on data from a system may be applied to other systems with a lesser degree of accuracy than a model built on up-to-date data from the same system.",wos,llm,0.900,unreviewed,,doi:10.1007/s13369-017-3012-2
discarded,A Curated Corpus of Simulink Models for Model-based Empirical Studies,"Chowdhury, Shafiul Azam; Varghese, Lina Sera; Mohian, Soumik; Johnson, Taylor T.; Csallner, Christoph",2018,2018 IEEE/ACM 4TH INTERNATIONAL WORKSHOP ON SOFTWARE ENGINEERING FOR SMART CYBER-PHYSICAL SYSTEMS (SESCPS),10.1145/3196478.3196484,https://www.webofscience.com/wos/woscc/full-record/WOS:000449619800010,adjacent-subtopic,"Recent years have seen many empirical studies of model-based cyber-physical systems and commercial CPS development tool chains such as Matlab/Simulink. To benefit such research, this paper presents the by-far largest corpus of freely available Simulink models to date, containing over 1,000 models.

Surprising findings based on this corpus include that (a) tool support for metric collection is not adequate and (b) users do not reuse model components as they would in object-oriented programs. The paper both confirms and contradicts earlier findings that are based on significantly fewer models, suggesting the utility of the corpus for future research. While others have not yet leveraged this model corpus, we hope that our freely available corpus and infrastructure will benefit future model-based empirical research and tool development efforts, by reducing the model-collection overhead and thus easing evaluation.",wos,llm,0.900,unreviewed,,doi:10.1145/3196478.3196484
discarded,Evaluation of Software Reusability Based on Coupling and Cohesion,"Priyalakshmi, G.; Latha, R.",2018,INTERNATIONAL JOURNAL OF SOFTWARE ENGINEERING AND KNOWLEDGE ENGINEERING,10.1142/S0218194018500420,https://www.webofscience.com/wos/woscc/full-record/WOS:000445499900004,adjacent-subtopic,"Code reuse has become very popular among software developers in recent times since it saves time and resources. One of the significant difficulties to software reuse is the time pertaining to assess the fitness of the reusable code components. Over the recent years, code search engines have made momentous advancement in establishing the semantic suitability of software components for new usage scenarios. But the issue of evaluating software components based on their nonfunctional suitability has been overlooked to a large extent. The maintenance and reusability of software systems are highly influenced by the structural properties of system classes like complexity, size, coupling, cohesion, etc. The quality of object-oriented code or design artifacts is commonly measured by analyzing the structure of these artifacts in terms of the interdependencies of classes and components as well as their internal elements. In this paper, we perform an empirical analysis on Python packages for the two measures namely coupling and cohesion. The coupling score of a module is computed as module imports and the cohesion score of a module is evaluated as call dependency between classes and global functions of the module. Finally, the proposed work evaluates a package in terms of reusability score which is a cumulative score of the coupling scores and cohesion scores of all the modules within the package. The study has evaluated 15 different packages and five different releases of one single package for reusability. We have empirically tested that the Halstead's effort metric is inversely proportional to the reusability score. The reusability score was validated using four code detuners. The proposed work was compared with the existing metrics namely cyclomatic complexity and maintainability Index showing satisfactory results.",wos,llm,0.820,unreviewed,,doi:10.1142/s0218194018500420
discarded,Object Oriented Metrics to measure the quality of software upon PHP source code with PHP_depend Study case Request online System application,"Sarwo; Warnars, Harco Leslie Hendric Spits; Gaol, Ford Lumban; Randriatoamanana, Richard",2017,2017 1ST INTERNATIONAL CONFERENCE ON APPLIED COMPUTER AND COMMUNICATION TECHNOLOGIES (COMCOM),,https://www.webofscience.com/wos/woscc/full-record/WOS:000428616900018,adjacent-subtopic,"Nowadays, a company should be equipped with information technology and one of them is business application either web based or non web based which is built with object oriented programming in order to help the management to run their daily business processes. In order to supports a company with best excellent software applications then we need to make sure the quality of software application in term of easy to maintenance, understandability, reusability and so on. In term to measure the quality of software, there are many software metrics applications either free or proprietary which can be downloaded on Internet and one of them is PHP_depend. PHP_depend is software metrics which measure the quality of software based on PHP source code, by taking the PHP source code and parses it into Abstract Syntax Tree (AST). This paper will investigate how to measure quality of software based on PHP source code with PHP_depend software metrics. The investigation will examine codes from Request online system application which supports improvement or update request upon SAP application in Astra Graphia Information Technology PT. The measurement will be assessed based on metrics which is categorized into project, package, file, class and methods.",wos,llm,0.960,unreviewed,,hash:895c36b29098ce16
discarded,Architecting A Behavior-Driven Test Automation Framework for CI/CD Environments,A. Chatterjee,2026,Wsse 2025 2025 the 7th World Symposium on Software Engineering,10.1145/3779657.3779661,https://www.scopus.com/inward/record.uri?partnerID=HzOxMe3b&scp=105037749676&origin=inward,adjacent-subtopic,,scopus,llm,0.960,unreviewed,,doi:10.1145/3779657.3779661
discarded,Identifying Reusable Services in Legacy Object-Oriented Systems: A Type-Sensitive Identification Approach,M. Abdellatif,2025,IEEE Transactions on Software Engineering,10.1109/TSE.2025.3603009,https://www.scopus.com/inward/record.uri?partnerID=HzOxMe3b&scp=105015394687&origin=inward,adjacent-subtopic,,scopus,llm,0.880,unreviewed,,doi:10.1109/tse.2025.3603009
