status,title,authors,year,venue,doi,url,tags,abstract,provider,decision_source,llm_confidence,llm_review_outcome,llm_change_direction,paper_id
discarded,Rethinking State Management in Actor Systems for Cloud-Native Applications,Y. Liu,2024,Socc 2024 Proceedings of the 2024 ACM Symposium on Cloud Computing,10.1145/3698038.3698540,https://www.scopus.com/inward/record.uri?partnerID=HzOxMe3b&scp=85215515030&origin=inward,adjacent-subtopic,,scopus,llm,0.840,unreviewed,,doi:10.1145/3698038.3698540
discarded,Tenplex: Dynamic Parallelism for Deep Learning using Parallelizable Tensor Collections,M. Wagenländer,2024,Sosp 2024 Proceedings of the 2024 ACM Sigops 30th Symposium on Operating Systems Principles,10.1145/3694715.3695975,https://www.scopus.com/inward/record.uri?partnerID=HzOxMe3b&scp=85215512116&origin=inward,adjacent-subtopic,,scopus,llm,0.970,unreviewed,,doi:10.1145/3694715.3695975
discarded,Parallel Pattern Compiler for Automatic Global Optimizations,A. Schmitz,2024,Parallel Computing,10.1016/j.parco.2024.103112,https://www.scopus.com/inward/record.uri?partnerID=HzOxMe3b&scp=85204871481&origin=inward,adjacent-subtopic,,scopus,llm,0.970,unreviewed,,doi:10.1016/j.parco.2024.103112
discarded,Proverb comprehension in schizophrenia: A comprehensive review and meta-analysis,A. Felsenheimer,2024,Comprehensive Psychiatry,10.1016/j.comppsych.2023.152444,https://www.scopus.com/inward/record.uri?partnerID=HzOxMe3b&scp=85182020644&origin=inward,off-topic-false-hit,,scopus,llm,1.000,unreviewed,,doi:10.1016/j.comppsych.2023.152444
discarded,"Numerical investigation of a district scale groundwater heat pump system: A case study from Colchester, UK",T. Sezer,2024,Applied Thermal Engineering,10.1016/j.applthermaleng.2023.121915,https://www.scopus.com/inward/record.uri?partnerID=HzOxMe3b&scp=85184736221&origin=inward,off-topic-false-hit,,scopus,llm,1.000,unreviewed,,doi:10.1016/j.applthermaleng.2023.121915
discarded,"A Hydrogeological Conceptual Model Refines the Behavior of a Mediterranean Coastal Aquifer System: A Key to Sustainable Groundwater Management (Grombalia, NE Tunisia)",E. Ben Saad,2023,Hydrology,10.3390/hydrology10090180,https://www.scopus.com/inward/record.uri?partnerID=HzOxMe3b&scp=85172158382&origin=inward,off-topic-false-hit,,scopus,llm,1.000,unreviewed,,doi:10.3390/hydrology10090180
discarded,"Assessment of Water Reclamation and Reuse Potential in Bali Province, Indonesia",M. Widianingtias,2023,Water Switzerland,10.3390/w15142642,https://www.scopus.com/inward/record.uri?partnerID=HzOxMe3b&scp=85166248270&origin=inward,off-topic-false-hit,,scopus,llm,1.000,unreviewed,,doi:10.3390/w15142642
discarded,On-Demand Virtualization for Post-Copy OS Migration in Bare-Metal Cloud,J. Im,2023,IEEE Transactions on Cloud Computing,10.1109/TCC.2022.3179485,https://www.scopus.com/inward/record.uri?partnerID=HzOxMe3b&scp=85131743314&origin=inward,adjacent-subtopic,,scopus,llm,0.960,unreviewed,,doi:10.1109/tcc.2022.3179485
discarded,CvAMoS—Event Abstraction Using Contextual Information,G. Di Federico,2023,Future Internet,10.3390/fi15030113,https://www.scopus.com/inward/record.uri?partnerID=HzOxMe3b&scp=85150929398&origin=inward,adjacent-subtopic,,scopus,llm,0.920,unreviewed,,doi:10.3390/fi15030113
discarded,Construction of Sports Culture Recommendation Model Combining Big Data Technology and Video Semantic Comprehension,B. Xie,2023,International Journal of Advanced Computer Science and Applications,10.14569/IJACSA.2023.0141008,https://www.scopus.com/inward/record.uri?partnerID=HzOxMe3b&scp=85180980951&origin=inward,off-topic-false-hit,,scopus,llm,0.980,unreviewed,,doi:10.14569/ijacsa.2023.0141008
discarded,Saltwater Intrusion Impacts Microbial Diversity and Function in Groundwater Ecosystems,K.M. Houghton,2023,Open Microbiology Journal,10.2174/18742858-v17-230720-2023-2,https://www.scopus.com/inward/record.uri?partnerID=HzOxMe3b&scp=85166240028&origin=inward,off-topic-false-hit,,scopus,llm,1.000,unreviewed,,doi:10.2174/18742858-v17-230720-2023-2
discarded,Finite-state model extraction and visualization from Java program execution,K.P. Jevitha,2021,Software Practice and Experience,10.1002/spe.2910,https://www.scopus.com/inward/record.uri?partnerID=HzOxMe3b&scp=85092339219&origin=inward,supports-claim; adjacent-subtopic,,scopus,llm_reviewed,0.680,changed,kept->discarded,doi:10.1002/spe.2910
discarded,Capturing High-level Nondeterminism in Concurrent Programs for Practical Concurrency Model Agnostic Record & Replay,D. Aumayr,2021,Art Science and Engineering of Programming,10.22152/programming-journal.org/2021/5/14,https://www.scopus.com/inward/record.uri?partnerID=HzOxMe3b&scp=85118700015&origin=inward,adjacent-subtopic,,scopus,llm,0.910,unreviewed,,doi:10.22152/programming-journal.org/2021/5/14
discarded,Cannabinoids in the Treatment of Insomnia Disorder: A Systematic Review and Meta-Analysis,C. Bhagavan,2020,CNS Drugs,10.1007/s40263-020-00773-x,https://www.scopus.com/inward/record.uri?partnerID=HzOxMe3b&scp=85096547468&origin=inward,off-topic-false-hit,,scopus,llm,1.000,unreviewed,,doi:10.1007/s40263-020-00773-x
discarded,Tangibility is Overrated: Comparing Learning Experiences of Physical Setups and their Virtual Equivalent in Augmented Reality,P. Knierim,2020,ACM International Conference Proceeding Series,10.1145/3428361.3428379,https://www.scopus.com/inward/record.uri?partnerID=HzOxMe3b&scp=85097281134&origin=inward,off-topic-false-hit,,scopus,llm,0.990,unreviewed,,doi:10.1145/3428361.3428379
discarded,Formal Requirements Specification: Z Notation Meta Model Facilitating Model to Model Transformation,M.M. Awan,2020,ACM International Conference Proceeding Series,10.1145/3436829.3436845,https://www.scopus.com/inward/record.uri?partnerID=HzOxMe3b&scp=85099261158&origin=inward,adjacent-subtopic,,scopus,llm,0.900,unreviewed,,doi:10.1145/3436829.3436845
discarded,An open-source solution to performance portability for Summit and Sierra supercomputers,G.T. Bercea,2020,IBM Journal of Research and Development,10.1147/JRD.2019.2955944,https://www.scopus.com/inward/record.uri?partnerID=HzOxMe3b&scp=85085195325&origin=inward,adjacent-subtopic,,scopus,llm,0.840,unreviewed,,doi:10.1147/jrd.2019.2955944
discarded,SOL: Effortless Device Support for AI Frameworks without Source Code Changes,N. Weber,2020,Proceedings 20th IEEE ACM International Symposium on Cluster Cloud and Internet Computing Ccgrid 2020,10.1109/CCGrid49817.2020.00-16,https://www.scopus.com/inward/record.uri?partnerID=HzOxMe3b&scp=85089106165&origin=inward,adjacent-subtopic,,scopus,llm,0.800,unreviewed,,doi:10.1109/ccgrid49817.2020.00-16
discarded,Alibaba Hologres: A Cloud-Native Service for Hybrid Serving/Analytical Processing,X. Jiang,2020,Proceedings of the VLDB Endowment,10.14778/3415478.3415550,https://www.scopus.com/inward/record.uri?partnerID=HzOxMe3b&scp=85106026083&origin=inward,adjacent-subtopic,,scopus,llm,0.950,unreviewed,,doi:10.14778/3415478.3415550
discarded,DataPlane Broker: Open WAN control for multi-site service orchestration,S. Simpson,2019,IEEE Conference on Network Function Virtualization and Software Defined Networks Nfv Sdn 2019 Proceedings,10.1109/NFV-SDN47374.2019.9040084,https://www.scopus.com/inward/record.uri?partnerID=HzOxMe3b&scp=85082993562&origin=inward,off-topic-false-hit,,scopus,llm,0.950,unreviewed,,doi:10.1109/nfv-sdn47374.2019.9040084
discarded,The potential of semantic paradigm in warehousing of big data,M. Ptiček,2019,Automatika,10.1080/00051144.2019.1630582,https://www.scopus.com/inward/record.uri?partnerID=HzOxMe3b&scp=85069703851&origin=inward,adjacent-subtopic,,scopus,llm,0.900,unreviewed,,doi:10.1080/00051144.2019.1630582
discarded,Using cognitive easiness metric for program comprehension,Manman Yin; Bixin Li; Chuanqi Tao,2010,The 2nd International Conference on Software Engineering and Data Mining,,https://ieeexplore.ieee.org/document/5542938/,adjacent-subtopic,"Program comprehension is one of the most critical phases in software maintenance. During program designing, the codes having related function and behavior are often scattered in different parts of program, which increases the difficulty of understanding program, and further obfuscates programmers. In this paper, we propose an approach to assisting comprehension process using cognitive easiness metric, which can predicate the easiness degree of a method to understand in various comprehension phases. The approach uses coarse-grained call graph slicing technique and intra-procedural coarse-grained slicing technique to compute the cognitive easiness of non-understood methods based on those understood methods in the program. It can not only guide programmers to investigate the non-understood codes in the program from the easier parts to the harder parts, but also support different guidance for different programmers. Finally, we evaluate the effectiveness and practicability of our approach by applying to a case study.",ieee,llm,0.940,unreviewed,,hash:8cc1bf140c34b2a5
discarded,Facilitating program comprehension via generic components for state machines,J. Weidl; R.R. Klosch; G. Trausmuth; H. Gall,1997,Proceedings Fifth International Workshop on Program Comprehension. IWPC'97,10.1109/WPC.1997.601277,https://ieeexplore.ieee.org/document/601277/,supports-claim; adjacent-subtopic,"Various applications use state transition mechanisms as a major building block. As an example, finite state machines (FSMs) and their graphical counterpart-state transition diagram-are heavily used e.g. for the specification of various kinds of protocols such as network protocols (e.g. TCP/IP), protocols for infrared data transmission, etc. Many embedded systems, such as telephone switching systems and television control, are directly based on state machines. Introducing generic components for state machines can raise the source code abstraction level from ""hard coded"" control flow decisions such as ""switch/case"" and ""if"" to a more flexible implementation model of control flow. The paper shows that it is possible to use statecharts and their advanced mechanisms from specification to implementation of reactive systems. By explicitly modeling states and state transitions the source code is described at a higher abstraction level and thereby top down program comprehension is facilitated. We define a set of specific design patterns to abstract state machine source code from low level implementation to a more abstract level. Furthermore, we introduce a certain degree of genericity and thus flexibility without major losses in efficiency during the design and implementation of generic components.",ieee,llm_reviewed,0.940,changed,kept->discarded,doi:10.1109/wpc.1997.601277
discarded,Monitoring user interactions for supporting failure reproduction,Tobias Roehm; Nigar Gurbanova; Bernd Bruegge; Christophe Joubert; Walid Maalej,2013,2013 21st International Conference on Program Comprehension (ICPC),10.1109/ICPC.2013.6613835,https://ieeexplore.ieee.org/document/6613835/,adjacent-subtopic,"The first step to comprehend and fix a software bug is usually to reproduce the corresponding failure. Reproducing a failure requires information about steps to reproduce, i.e. the steps necessary to make a failure occur in the development environment. In case of an application with a user interface, steps to reproduce consist of the interactions between a user and the application that precede the failure. Unfortunately, bug reports typically lack this information. Users are either unaware of its importance to developers, are unable to describe it, or simply do not have time to report it. In this paper, we present a simple but effective and resource efficient approach to monitor interactions between users and their applications selectively at a high level of abstraction, e.g. editing operations and commands. This minimizes the monitoring overhead and enables developers to analyze user interaction traces. We map monitored interactions to a taxonomy of user interactions to help developers comprehend user behavior. Further, we present the Timeline Tool that visualizes monitored interaction traces preceding failures. To evaluate our approach we conducted an experiment with 12 participants and asked them to reproduce bug reports from an open-source project. We found that developers are able to derive steps to reproduce from monitored interaction traces. In particular, inexperienced developers profit from the Timeline Tool, as they are able to reproduce failures that they cannot reproduce without it. The monitoring overhead is rather small (approx. 5% CPU and 2-5% memory) and users feel it does not influence their work in a negative way.",ieee,llm,0.920,unreviewed,,doi:10.1109/icpc.2013.6613835
discarded,Incremental Annotate-Generalize-Search Framework for Interactive Source Code Comprehension,Ken Nakayama; Shun'Ichi Tano; Tomonori Hashiyama; Eko Sakai,2017,2017 IEEE 41st Annual Computer Software and Applications Conference (COMPSAC),10.1109/COMPSAC.2017.147,https://ieeexplore.ieee.org/document/8029623/,adjacent-subtopic,"Understanding unfamiliar source code is inherently difficult for a software engineer, despite its importance. Thus, an experienced engineer prefers to guess the intended behavior, rather than to trace it line-by-line, by combining semantic chunks found in the source code. It is, however, still hard for a system to help in this activity, for lack of ways of both representing semantic chunks and of preparing a rich dictionary of chunks. In this paper, an integrated framework for annotating and searching source code is presented. Since the research is still in its early stage, this paper focuses on the framework itself, together with a brief description of our prototype implementation. In the framework, each engineer gathers (annotates) semantic chunks that have the same meaning and interactively generalizes them to get a search pattern. As a result, a dictionary of semantic chunks together with their search patterns is incrementally created through engineer collaboration. To realize this, two representations are used: a tuple of nodes of an abstract syntax tree (AST) for a semantic chunk and a classifier on generative attribute vectors for search patterns.",ieee,llm,0.910,unreviewed,,doi:10.1109/compsac.2017.147
discarded,makeSense: Simplifying the Integration of Wireless Sensor Networks into Business Processes,L. Mottola; G. P. Picco; F. J. Oppermann; J. Eriksson; N. Finne; H. Fuchs; A. Gaglione; S. Karnouskos; P. Moreno Montero; N. Oertel; K. Römer; P. Spieß; S. Tranquillini; T. Voigt,2019,IEEE Transactions on Software Engineering,10.1109/TSE.2017.2787585,https://ieeexplore.ieee.org/document/8240710/,supports-claim; adjacent-subtopic,"A wide gap exists between the state of the art in developing Wireless Sensor Network (WSN) software and current practices concerning the design, execution, and maintenance of business processes. WSN software is most often developed based on low-level OS abstractions, whereas business process development leverages high-level languages and tools. This state of affairs places WSNs at the fringe of industry. The makeSense system addresses this problem by simplifying the integration of WSNs into business processes. Developers use BPMN models extended with WSN-specific constructs to specify the application behavior across both traditional business process execution environments and the WSN itself, which is to be equipped with application-specific software. We compile these models into a high-level intermediate language-also directly usable by WSN developers-and then into OS-specific deployment-ready binaries. Key to this process is the notion of meta-abstraction, which we define to capture fundamental patterns of interaction with and within the WSN. The concrete realization of meta-abstractions is application-specific; developers tailor the system configuration by selecting concrete abstractions out of the existing codebase or by providing their own. Our evaluation of makeSense shows that i) users perceive our approach as a significant advance over the state of the art, providing evidence of the increased developer productivity when using makeSense; ii) in large-scale simulations, our prototype exhibits an acceptable system overhead and good scaling properties, demonstrating the general applicability of makeSense; and, iii) our prototype-including the complete tool-chain and underlying system support-sustains a real-world deployment where estimates by domain specialists indicate the potential for drastic reductions in the total cost of ownership compared to wired and conventional WSN-based solutions.",ieee,llm_reviewed,0.830,changed,kept->discarded,doi:10.1109/tse.2017.2787585
discarded,VIFOR 2: a tool for browsing and documentation,Rajlich; Adnapally,1996,1996 Proceedings of International Conference on Software Maintenance,10.1109/ICSM.1996.565019,https://ieeexplore.ieee.org/document/565019/,adjacent-subtopic,"During the maintenance of legacy systems, the structure and the documentation of the system usually deteriorates, and hence the maintenance becomes progressively harder and harder. In order to reverse this deterioration, it is essential to record the understanding of the system continually, before it is forgotten. It is also important to structure it in such a way that it can be easily accumulated and retrieved. The authors present a tool called VIFOR 2, which is oriented rewards this situation. The tool combines two technologies: browsing and hypertext documentation. The browser supports rapid navigation around the code. The layered hypertext supports the incremental recording and retrieval of the documentation on the desired level of abstraction (domain, algorithm, representation, etc.). They briefly discuss their own experience with the tool.",ieee,llm,0.860,unreviewed,,doi:10.1109/icsm.1996.565019
discarded,On the Evolution of Keyword-Driven Test Suites,Renaud Rwemalika; Marinos Kintis; Mike Papadakis; Yves Le Traon; Pierre Lorrach,2019,"2019 12th IEEE Conference on Software Testing, Validation and Verification (ICST)",10.1109/ICST.2019.00040,https://ieeexplore.ieee.org/document/8730167/,adjacent-subtopic,"Many companies rely on software testing to verify that their software products meet their requirements. However, test quality and, in particular, the quality of end-to-end testing is relatively hard to achieve. The problem becomes challenging when software evolves, as end-to-end test suites need to adapt and conform to the evolved software. Unfortunately, end-to-end tests are particularly fragile as any change in the application interface, e.g., application flow, location or name of graphical user interface elements, necessitates a change in the tests. This paper presents an industrial case study on the evolution of Keyword-Driven test suites, also known as Keyword-Driven Testing (KDT). Our aim is to demonstrate the problem of test maintenance, identify the benefits of Keyword-Driven Testing and overall improve the understanding of test code evolution (at the acceptance testing level). This information will support the development of automatic techniques, such as test refactoring and repair, and will motivate future research. To this end, we identify, collect and analyze test code changes across the evolution of industrial KDT test suites for a period of eight months. We show that the problem of test maintenance is largely due to test fragility (most commonly-performed changes are due to locator and synchronization issues) and test clones (over 30% of keywords are duplicated). We also show that the better test design of KDT test suites has the potential for drastically reducing (approximately 70%) the number of test code changes required to support software evolution. To further validate our results, we interview testers from BGL BNP Paribas and report their perceptions on the advantages and challenges of keyword-driven testing.",ieee,llm,0.780,unreviewed,,doi:10.1109/icst.2019.00040
discarded,ATTEST: A Testing Toolkit for Validating Software Properties,Yansong Ren; Fangzhe Chang,2007,2007 IEEE International Conference on Software Maintenance,10.1109/ICSM.2007.4362660,https://ieeexplore.ieee.org/document/4362660/,supports-claim; adjacent-subtopic,"System-level test automation emulates testers' interactions with a System Under Test (SUT) to verify system properties. It is usually achieved through writing scripts in scripting languages, such as Perl or Tel, in order to feeding input to and correlating data from various interfaces of SUT. Test scripts, especially ones requiring thorough results analysis, can easily become complicated and hard to maintain as the software system evolves. ATTEST is a toolkit to address problems in test automation and maintenance. It provides easy-to-use mechanisms for helping testers to write and maintain automated test scripts through describing system behaviors at a high abstract level. It includes a Test Behavior Language (TBL) that uses innovative parameterized patterns to specify and validate trace-based properties abstractly but precisely. A compiler translates TBL specifications into executable scripts. Initial results show that TBL specifications range from 1/2 to 1/5 the size of their script counterparts and can save up to 5 times effort for developing test scripts. TBL demonstrates greater benefit as the complexity of the validation increases.",ieee,llm_reviewed,0.910,changed,kept->discarded,doi:10.1109/icsm.2007.4362660
discarded,Adaptable Software and Hardware: Problems and Solutions,Alexandridis,1986,Computer,10.1109/MC.1986.1663147,https://ieeexplore.ieee.org/document/1663147/,adjacent-subtopic,,ieee,llm,0.690,unreviewed,,doi:10.1109/mc.1986.1663147
