status,title,authors,year,venue,doi,url,tags,abstract,provider,decision_source,llm_confidence,llm_review_outcome,llm_change_direction,paper_id
discarded,Boogie: A Modular Reusable Verifier for Object-Oriented Programs,Mike Barnett; Bor-Yuh Evan Chang; Robert A DeLine; Bart Jacobs; K. Rustan M. Leino,2006,Lecture notes in computer science,10.1007/11804192_17,https://openalex.org/W1606177908,adjacent-subtopic,,openalex,llm,0.940,unreviewed,,doi:10.1007/11804192_17
discarded,Boogie: a modular reusable verifier for object-oriented programs,Mike Barnett; Bor-Yuh Evan Chang; Robert A DeLine; Bart Jacobs; K. Rustan M. Leino,2006,,,https://openalex.org/W2504100651,adjacent-subtopic,,openalex,llm,0.940,unreviewed,,hash:7f125c04ada56e08
discarded,Testing object-oriented systems,Claude Caci,2000,ACM SIGSOFT Software Engineering Notes,10.1145/505863.505884,https://openalex.org/W2010245779,adjacent-subtopic,No abstract available.,openalex,llm,0.910,unreviewed,,doi:10.1145/505863.505884
discarded,Object-Oriented Systems Analysis and Design Using UML,Simon Bennett; Steve McRobb; Ray Farmer,1999,,,https://openalex.org/W1557975086,adjacent-subtopic,1. Information Systems: What Are They? 2. Problems in Information Systems Development 3. Avoiding the Problems 4. What is Object-Orientation? Agate Limited Case Study (1) Food Co Limited Case Study 5. Modelling Concepts 6. Requirements Capture Agate Limited Case Study (2) 7. Requirements Modelling Agate Limited Case Study (3) 8. Refining the Requirements Model 9. Object Interaction 10. Specifying Operations 11. Specifying Control Agate Limited Case Study (4) 12. System Architecture 13. Systems Design 14. Detailed Design 15. Design Patterns 16. Human-Computer Interaction 17. Designing Boundary Classes 18. Data management design Agate Limited Case Study (5) 19. Implementation 20. Reusable components 21. Software Development Process Appendix A: Notation summaries Appendix B: Selected Solutions and Answer Pointers Glossary Bibliography Index,openalex,llm,0.970,unreviewed,,hash:04eee7798fc44dd7
discarded,Object-oriented type inference,Jens Palsberg; Michael I. Schwartzbach,1991,,10.1145/117954.117965,https://openalex.org/W2067872353,adjacent-subtopic,"We present a new approach to inferring types in untyped object-oriented programs with inheritance, assignments, and late binding.It guarantees that all messages are understood, annotates the program with type information, allows polymorphic methods, and can be used as the basis of an optimizing compiler.Types are finite sets of classes and subtyping is set inclusion.Using a trace graph, our algorithm constructs a set of conditional type constraints and computes the least solution by least fixed-point derivation.",openalex,llm,0.990,unreviewed,,doi:10.1145/117954.117965
discarded,A Tough Call: Mitigating Advanced Code-Reuse Attacks at the Binary Level,Victor van der Veen; Enes Göktaş; Moritz Contag; Andre Pawoloski; Xi Chen; Sanjay Rawat; Herbert Bos; Thorsten Holz; Elias Athanasopoulos; Cristiano Giuffrida,2016,,10.1109/sp.2016.60,https://openalex.org/W2516933175,off-topic-false-hit,"Current binary-level Control-Flow Integrity (CFI) techniques are weak in determining the set of valid targets for indirect control flow transfers on the forward edge. In particular, the lack of source code forces existing techniques to resort to a conservative address-taken policy that overapproximates this set. In contrast, source-level solutions can accurately infer the targets of indirect calls and thus detect malicious control-flow transfers more precisely. Given that source code is not always available, however, offering similar quality of protection at the binary level is important, but, unquestionably, more challenging than ever: recent work demonstrates powerful attacks such as Counterfeit Object-oriented Programming (COOP), which made the community believe that protecting software against control-flow diversion attacks at the binary level is rather impossible. In this paper, we propose binary-level analysis techniques to significantly reduce the number of possible targets for indirect branches. More specifically, we reconstruct a conservative approximation of target function prototypes by means of use-def analysis at possible callees. We then couple this with liveness analysis at each indirect callsite to derive a many-to-many relationship between callsites and target callees with a much higher precision compared to prior binary-level solutions. Experimental results on popular server programs and on SPEC CPU2006 show that TypeArmor, a prototype implementation of our approach, is efficient - with a runtime overhead of less than 3%. Furthermore, we evaluate to what extent TypeArmor can mitigate COOP and other advanced attacks and show that our approach can significantly reduce the number of targets on the forward edge. Moreover, we show that TypeArmor breaks published COOP exploits, providing concrete evidence that strict binary-level CFI can still mitigate advanced attacks, despite the absence of source information or C++ semantics.",openalex,llm,1.000,unreviewed,,doi:10.1109/sp.2016.60
discarded,Bioconductor: open software development for computational biology and bioinformatics,Robert C. Gentleman; Vincent J. Carey; Douglas M. Bates; Ben Bolstad; Marcel Dettling; Sandrine Dudoit; Byron Ellis; Laurent Gautier; Yongchao Ge; Jeff Gentry; Kurt Hornik; Torsten Hothorn; Wolfgang K. Huber; Stefano Maria Iacus; Rafael A. Irizarry; Friedrich Leisch; Cheng Li; Martin Maechler; Anthony J. Rossini; Günther Sawitzki; Colin A. Smith; Gordon K. Smyth; Luke Tierney; Jean Yee Hwa Yang; Jianhua Zhang,2004,Genome biology,10.1186/gb-2004-5-10-r80,https://openalex.org/W2160697532,adjacent-subtopic,"The Bioconductor project is an initiative for the collaborative creation of extensible software for computational biology and bioinformatics. The goals of the project include: fostering collaborative development and widespread use of innovative software, reducing barriers to entry into interdisciplinary scientific research, and promoting the achievement of remote reproducibility of research results. We describe details of our aims and methods, identify current challenges, compare Bioconductor to other open bioinformatics projects, and provide working examples.",openalex,llm,0.930,unreviewed,,doi:10.1186/gb-2004-5-10-r80
discarded,Extending object-oriented systems with roles,Georg Gottlob; Michael Schrefl; Brigitte Röck,1996,ACM Transactions on Information Systems,10.1145/230538.230540,https://openalex.org/W1965695377,adjacent-subtopic,"In many class-based object-oriented systems the association between as instance and a class is exclusive and permanent. Therefore these systems have serious difficulties in representing objects taking on different roles over time. Such objects must be reclassified any time they evolve (e.g., if a person becomes a student and later an employee). Class hierarchies must be planned carefully and may grow exponentially if entities may take on serveral independent roles. The problem is even more servere for object-oriented databases than for common object-oriented programming. Databases store objects over longer periods, during which the represented entities evolve. This article shows how class-based object-oriented systems can be extended to handle evolving objects well. Class hierarchies are complemented by role hierarchies, whose nodes represent role types an object classified in the root may take on. At any point in time, an entity is represented by an instance of the root and an instance of every role type whose role it currently plays. In a natural way, the approach extends traditional object-oriented concepts, such as classification, object identity, specialization, inheritance, and polymorphism in a natural way. The practicability of the approach is demonstrated by an implementation in Smalltalk. Smalltalk was chosen because it is widely known, which is not true for any particular class-based object-oriented database programming language. Roles can be provided in Smalltalk by adding a few classes. There is no need to modify the semantics of Smalltalk itself. Role hierarchies are mapped transparently onto ordinary classes. The presented implementation can easily be ported to object-oriented database programming languages based on Smalltalk, such as Gemstone's OPAL hierarchies are complemented by role hierarchies, whose nodes represent role types an object classified in the root may take on. At any point in time, an entity is represented by an instance of the root and an instance of every role type whose role in currently plays.",openalex,llm,0.970,unreviewed,,doi:10.1145/230538.230540
discarded,A research typology for object-oriented analysis and design,David E. Monarchi; Gretchen I. Puhr,1992,Communications of the ACM,10.1145/130994.130995,https://openalex.org/W1571717828,adjacent-subtopic,"and Design his article evaluates current research on object-oriented analysis and design (OOAD).Critical components in OOAD are identified and various OOAD techniques (i.e., processes or methods) and representations are compared based on these components.Strong and weak areas in OOAD are identified and areas for future research are discussed in this article.• • • • • • • • • • • • • • • • • • • Research ReviewThe existing research can be divided into three broad categories: 1) processes only; 2) representations only; and 3) processes and representations.The first category, processes, refers to procedural methods for performing object-COMMUNICATION8",openalex,llm,0.890,unreviewed,,doi:10.1145/130994.130995
discarded,ooDACE toolbox: a flexible object-oriented Kriging implementation,Ivo Couckuyt; Tom Dhaene; Piet M. A. Demeester,2014,Ghent University Academic Bibliography (Ghent University),,https://openalex.org/W2151794096,adjacent-subtopic,"When analyzing data from computationally expensive simulation codes, surrogate model-ing methods are firmly established as facilitators for design space exploration, sensitivity analysis, visualization and optimization. Kriging is a popular surrogate modeling tech-nique used for the Design and Analysis of Computer Experiments (DACE). Hence, the past decade Kriging has been the subject of extensive research and many extensions have been proposed, e.g., co-Kriging, stochastic Kriging, blind Kriging, etc. However, few Krig-ing implementations are publicly available and tailored towards scientists and engineers. Furthermore, no Kriging toolbox exists that unifies several Kriging flavors. This paper addresses this need by presenting an efficient object-oriented Kriging implementation and several Kriging extensions, providing a flexible and easily extendable framework to test and implement new Kriging flavors while reusing as much code as possible.",openalex,llm,0.970,unreviewed,,hash:fa25acf8a9281120
discarded,Systematic concurrent object-oriented programming,Bertrand Meyer,1993,Communications of the ACM,10.1145/162685.162705,https://openalex.org/W1966037709,adjacent-subtopic,"SYSTEMATIC CONCURRENT OBJECT-ORIENTED PROGRAMMINGudging by the looks of the two parties, the marriage between concurrent computation and object-oriented programming-a union much desired by practitioners in such fields as telecommunications, highperformance computing, banking and operating systems--appears easy enough to arrange.This appearance, however, is deceptive: the problem is a hard one.This article points the way toward a pos,;ible solution.The precise problem examined here is restricted to: What is the simplest, smallest and most convincing extension to the method of systematic object-oriented software construction that can address the needs oJ concurrent and distributed computing as well as those of sequential computation?The article does not claim to discuss concurrency and distribution in a general and unbiased way.Rather, it takes the object-oriented paradigm as a given (on the basis of its contributions to the production of quality software) and investigates how best to adapt it so it covers both concurrent and sequentia;[ applications.The word ""systematic"" as used in the title of the article will provide strong gqaidance to our search for this minimal extension.We are interested in an approach that makes it possible to reason about software systems in a precise way, by extending to the concurrent case the systematic techniques, known as 'design by contract', which can be applied to the systematic (~dthough not necessarily fully formal) development of sequential object-oriented software.A word ofwaming as to the actual ambition of the model discussed here.No claim is made that the work as reported is final, and a number of possible criticisms are discussed in the final section.I do think, however, that in its discussion of how the mutual attraction between object orientation and concurrency can be turned into a reasonably happy marriage, this article raises a number of questions.Although crucial for both COMMUNICATIONS OP THII ACM September 1993/'VoL36, No.9 ~l/ text, will describe bounded buffers.Following is a sketch of the class, with the implementation details omitted.Preconditions are introduced by require, postconditions by ensure.class BOUNDED_QUEUE[G] feature empty: BOOLEAN is --Is rhere no accessible element?do Result: = ... end; full: BOOLEAN is --Is there no room left --for more elements?do Result: = ... end; put (x:G) is --Add x as newest element.",openalex,llm,0.980,unreviewed,,doi:10.1145/162685.162705
discarded,"The Problem of Teaching Object-Oriented Programming, Part 1: Languages",Michael Kölling,1999,Kent Academic Repository (University of Kent),,https://openalex.org/W1489226807,adjacent-subtopic,"Object-oriented programming has, in recent years, become the most influential programming paradigm. It is widely used in education and industry, and almost every university teaches object-orientation somewhere in its curriculum. The software community more or less agrees that teaching object-oriented programming is a good thing. It elegantly supports the concepts that we have been trying to teach for many years, such as well structured programming, modularisation and program design. It also supports techniques for approaching problems that have only more recently made their way into the curriculum: programming in teams, maintenance of large systems and software reuse. In short, object-oriented programming seems to be a good tool for teaching those programming methodologies that we consider important.",openalex,llm,0.970,unreviewed,,hash:f9dad789f7f2e925
discarded,An object-oriented requirements specifications method,Sidney C. Bailin,1989,Communications of the ACM,10.1145/63485.63491,https://openalex.org/W1994694525,adjacent-subtopic,"Analyzing requirements for object-oriented software is examined in an alternative methodology from the more standard structured analysis approach. Through parallel processes of decomposing objects and allocating functions, the methodology is explained in detail.",openalex,llm,0.990,unreviewed,,doi:10.1145/63485.63491
discarded,Compiling Roopl plus plus to HSSA,"Gail, Lukas; Meyer, Uwe; Schoenhals, Tristan",2026,"REVERSIBLE COMPUTATION, RC 2026",10.1007/978-3-032-30839-9_10,https://www.webofscience.com/wos/woscc/full-record/WOS:001863712400010,adjacent-subtopic,"Whilst compiler techniques are well-known for a wide range of paradigms in conventional programming languages, compilers for reversible languages remain rare and are predominantly limited to the functional and procedural paradigms. In this paper we present our work on a translation from the reversible object-oriented programming language Roopl++ to the hybrid intermediate language HSSA. Our contributions are as follows: This paper provides a translation scheme for all language constructs of Roopl++, as well as a description of the implementation of dynamic memory in HSSA. Runtime error scenarios of Roopl++ are discussed and classified based on whether they need to be explicitly checked at runtime, or whether they manifest naturally as reversibility violations in the generated code. An overview of the techniques used to implement the compiler is given. Finally, we show that HSSA, with its concise kernel and extensible set of primitives, is well-suited as a reversible compilation target, and that introducing HSSA as an intermediate layer enables retargetable compilation, allowing the same Roopl++ frontend to be reused across multiple reversible backends.",wos,llm,0.990,unreviewed,,doi:10.1007/978-3-032-30839-9_10
discarded,Microservices-Driven Automation in Full-Stack Development: Bridging Efficiency and Innovation With FSMicroGenerator,"Khalfaoui, Samira; Khalfaoui, Hafida; Azmani, Abdellah",2025,IEEE ACCESS,10.1109/ACCESS.2025.3589285,https://www.webofscience.com/wos/woscc/full-record/WOS:001534551100031,adjacent-subtopic,"The development of modern web applications presents major challenges due to increasingly complex architectures, scalability requirements, and the need to reduce time to market. These challenges are exacerbated by the shortage of talent, making the implementation of modern architectures more difficult for many companies. In response, this article presents FSMicroGenerator, an innovative code generation tool based on a low-code approach, which exploits UML class diagrams and templates to generate multilingual, full-stack web applications based on a microservices architecture. FSMicroGenerator automates the entire process of creating IT solutions, from development to deployment, reducing technical barriers and technical debt, and enabling teams to focus on business innovation while ensuring compliance with industry standards and best practices. By facilitating the adoption of DevSecOps practices, it improves collaboration between the development and operations teams, ensuring that security is integrated at every stage of the development process. This enables continuous management of the application lifecycle, faster and more reliable releases, and proactive identification and mitigation of security vulnerabilities. FSMicroGenerator also stands out for its ability to create a catalog of ready-to-use functional blocks, enabling their reuse and integration into other solutions. In addition, it offers a secure ecosystem, protecting companies' assets against the risks of data exposure and leakage thanks to a robust architecture and integrated security mechanisms. As part of our open innovation approach, we plan to make FSMicroGenerator open source, to broaden its adoption and enable the community to contribute to its continuous improvement.",wos,llm,0.950,unreviewed,,doi:10.1109/access.2025.3589285
discarded,AJFCode: An Approach for Full Aspect-Oriented Code Generation from Reusable Aspect Models,"Mehmood, Abid; Jawawi, Dayang N. A.",2022,KSII TRANSACTIONS ON INTERNET AND INFORMATION SYSTEMS,10.3837/tiis.2022.06.011,https://www.webofscience.com/wos/woscc/full-record/WOS:000822700900011,adjacent-subtopic,"Model-driven engineering (MDE) and aspect-oriented software development (AOSD) contribute to the common goal of development of high-quality code in reduced time. To complement each approach with the benefits of the other, various methods of integration of the two approaches were proposed in the past. Aspect-oriented code generation, which targets obtaining aspect-oriented code directly from aspect models, offers some unique advantages over the other integration approaches. However, the existing aspect-oriented code generation approaches do not comprehensively address all aspects of a model-driven code generation system, such as a textual representation of graphical models, conceptual mapping, and incorporation of behavioral diagrams. These problems limit the worth of generated code, especially in practical use. Here, we propose AJFCode, an approach for aspect-oriented modeldriven code generation, which comprehensively addresses the various aspects including the graphical models and their text-based representation, mapping between visual model elements and code, and the behavioral code generation. Experiments are conducted to compare the maintainability and reusability characteristics of the aspect-oriented code generated using the AJFCode with the most comprehensive object-oriented code generation approach. AJFCode performs well in terms of all metrics related to maintainability and reusability of code. However, the most significant improvement is noticed in the separation of concerns, coupling, and cohesion. For instance, AJFCode yields significant improvement in concern diffusion over operations (19 vs 51), coupling between components (0 vs 6), and lack of cohesion in operations (5 vs 9) for one of the experimented concerns.",wos,llm,0.940,unreviewed,,doi:10.3837/tiis.2022.06.011
