status,title,authors,year,venue,doi,url,tags,abstract,provider,decision_source,llm_confidence,llm_review_outcome,llm_change_direction,paper_id
discarded,Frameworks compiled from declarations: a language-independent approach,"van der Walt, Paul; Consel, Charles; Balland, Emilie",2017,SOFTWARE-PRACTICE & EXPERIENCE,10.1002/spe.2417,https://www.webofscience.com/wos/woscc/full-record/WOS:000398573700006,adjacent-subtopic,"Programming frameworks are an accepted fixture in the object-oriented world, motivated by the need for code reuse, developer guidance and restriction. A new trend is emerging where frameworks require domain experts to provide declarations using a domain-specific language, influencing the structure and behaviour of the resulting application. These mechanisms address concerns such as user privacy. Although many popular open platforms such as Android are based on declaration-driven frameworks, current implementations provide ad hoc and narrow solutions to concerns raised by their openness to non-certified developers. Most widely used frameworks fail to address serious privacy leaks and provide the user with little insight into application behaviour. To address these shortcomings, we show that declaration-driven frameworks can limit privacy leaks, as well as guide developers, independently from the underlying programming paradigm. To do so, we identify concepts that underlie declaration-driven frameworks and apply them systematically to an object-oriented language, Java and a dynamic functional language, Racket. The resulting programming framework generators are used to develop a prototype mobile application, illustrating how we mitigate a common class of privacy leaks. Finally, we explore the possible design choices and propose development principles for developing domain-specific language compilers to produce frameworks, applicable across a spectrum of programming paradigms. Copyright (C) 2016 John Wiley & Sons, Ltd.",wos,llm,0.940,unreviewed,,doi:10.1002/spe.2417
discarded,Exception-oriented programming: retrofitting code-reuse attacks to construct kernel malware,"Deng, Liang; Zeng, Qingkai",2016,IET INFORMATION SECURITY,10.1049/iet-ifs.2015.0372,https://www.webofscience.com/wos/woscc/full-record/WOS:000386964400011,off-topic-false-hit,"Commodity operating system kernels are vulnerable to a wide range of attacks due to the large code base and broad attack surface. Mitigation mechanisms such as code signing, W circle plus X, and code integrity protection have raised the bar for kernel security. In turn, attack mechanisms have also become increasingly advanced. They have evolved from simple injection of malicious code into more sophisticated code-reuse attacks [e.g. return-oriented programming (ROP)]. In this study, the authors describe exception-oriented programming (EOP), a novel code-reuse method to construct kernel malware. Unlike previous ROP that can only reuse a limited part of existing code (gadgets), EOP is able to reuse any instruction in existing code and chain the instructions in any order to generate malicious programmes. As a result, EOP can provide the attackers with more powerful capabilities and less complexity for building kernel malware.",wos,llm,1.000,unreviewed,,doi:10.1049/iet-ifs.2015.0372
discarded,A SURVIVAL STUDY OF OBJECT ORIENTED PRINCIPLES ON SOFTWARE PROJECT DEVELOPMENT,"Sreekumar, Anoop R. S.; Sivabalan, R. V.",2015,2015 GLOBAL CONFERENCE ON COMMUNICATION TECHNOLOGIES (GCCT),,https://www.webofscience.com/wos/woscc/full-record/WOS:000377375000062,adjacent-subtopic,"To denote an exact form of decoupling software modules in object-oriented programming the dependency inversion principle is used. By using this principle, the conventional dependency relationships known from high-level, policy-setting modules to low-level, dependency modules are reversed which results in description high-level modules autonomous of the low-level module implementation details. In conventional application architecture, lower-level components are planned to be inspired by higher-level components which allow increasingly complex systems to be built. Designing of the software engineering principles significantly decrease the software complexity on application projects. As a result, object oriented based architecture is planned on giving quality-conscious software services including the minimal development cost with increased reusability of the code. In this work, higher-level components depend directly upon lower-level components in order to attain some task which limits the reprocess opportunities of the higher-level components.",wos,llm,0.680,unreviewed,,hash:f9bc3a49a4d70428
discarded,Study on using design patterns to implement a simulation system for WiMAX network,"Hsieh, Hsin-Hung; Lee, Bih-Hwang; Wu, Huai-Kuei; Chien, Hung-Chi",2016,EURASIP JOURNAL ON WIRELESS COMMUNICATIONS AND NETWORKING,10.1186/s13638-016-0639-8,https://www.webofscience.com/wos/woscc/full-record/WOS:000377598200001,adjacent-subtopic,"A network simulator always is an important tool to observe and evaluate the study concept for wireless networks. Considering the restriction of the limited budget, the non-commercial open-source simulation software often becomes the top choice of academia. Since the natures of academic study are innovation and excellence, a simulator frequently encounters that the existing modular functions are inadequate and need to be appended or modified. If a selected simulator inherently has poor architecture, the maintenance, recondition, and expansion of functions will become more difficult and more time-consuming in the future, while it is difficult to understand and reuse by the successors. Therefore, how to select a most suitable simulator is an important issue.

In order to make a simulator have flexible architecture and believable results, design patterns are proposed as the norms to design system architecture. To realize this idea, we surveyed six most used simulators, i.e., J-Sim, NS-2, NS-3, OMNet++, OPNET, and QualNet, to ponder their system architectures and design concepts from the source codes and the related literatures of the modular function expansion. We propose a network simulator architecture, named as CCGns, which is a discrete-event virtual network simulator and follows the IEEE 802.16-2009 standard. CCGns obeys the object-oriented design principles and is coded by the Java language. CCGns comprises eight packages for physical layer, medium access control layer, network layer, devices, topologies, events, scheduler, and reports, respectively. The main contribution includes three aspects which propose a scalable MAC messages management and the corresponding architecture, an applicable for multi-hop relay network topology architecture, and a two-stage minimum variance bandwidth allocation algorithm.

To the best of our knowledge, this article is not the first one to apply the design patterns for the simulator architectures of wireless network, but we use more design patterns and types than the others and also provide the unified modeling language figures to explain the system architectures. We particularly focus on how the management procedure of control messages influences the time-related performance evaluation metrics, e.g., how the amount and processing time of different control messages affect throughput, packet delay, and packet drop ratio. By using mathematic calculation to verify the simulation results, the proposed system architecture has been proven to possess excellent fidelity.",wos,llm,0.750,unreviewed,,doi:10.1186/s13638-016-0639-8
discarded,Object-oriented and ontology-alignment patterns-based expressive Mediation Bridge Ontology (MBO),"Khan, Wajahat Ali; Amin, Muhammad Bilal; Khattak, Asad Masood; Hussain, Maqbool; Afzal, Muhammad; Lee, Sungyoung; Kim, Eun Soo",2015,JOURNAL OF INFORMATION SCIENCE,10.1177/0165551514560952,https://www.webofscience.com/wos/woscc/full-record/WOS:000354564000004,adjacent-subtopic,"The Semantic Web is dependent on extensive knowledge management by interlinking resources on the web using matching techniques. This role is played by the progressing domain of ontology matching, by introducing ontology-matching tools. The focus of these matching tools is limited to matching techniques and automation, rather than expressive formal representation of alignments. We propose Mediation Bridge Ontology (MBO), an expressive alignment representation ontology used to store correspondences between matching ontologies matched by our ontology-matching tool, System for Parallel Heterogeneity Resolution (SPHeRe). The MBO utilizes object-oriented design patterns and the proposed ontology-alignment design patterns to provide extendibility and reusability factors to SPHeRe system. We compared our proposed system with existing systems using Coupling Factor, Number of Polymorphic methods and Rate of Change metrics to support extendibility and reusability. These factors contribute to the overall objective of interoperability for knowledge management in the Semantic Web.",wos,llm,0.860,unreviewed,,doi:10.1177/0165551514560952
discarded,Verifying traits: an incremental proof system for fine-grained reuse,"Damiani, Ferruccio; Dovland, Johan; Johnsen, Einar Broch; Schaefer, Ina",2014,FORMAL ASPECTS OF COMPUTING,10.1007/s00165-013-0278-3,https://www.webofscience.com/wos/woscc/full-record/WOS:000339105100005,adjacent-subtopic,"Traits have been proposed as a more flexible mechanism than class inheritance for structuring code in object-oriented programming, to achieve fine-grained code reuse. A trait originally developed for one purpose can be adapted and reused in a completely different context. Formalizations of traits have been extensively studied, and implementations of traits have started to appear in programming languages. So far, work on formally establishing properties of trait-based programs has mostly concentrated on type systems. This paper presents the first deductive proof system for a trait-based object-oriented language. If a specification of a trait can be given a priori, covering all actual usage of that trait, our proof system is modular as each trait is analyzed only once. However, imposing such a restriction may in many cases unnecessarily limit traits as a mechanism for flexible code reuse. In order to reflect the flexible reuse potential of traits, our proof system additionally allows new specifications to be added to a trait in an incremental way which does not violate established proofs. We formalize and show the soundness of the proof system.",wos,llm_reviewed,0.960,confirmed,,doi:10.1007/s00165-013-0278-3
discarded,Research on Componentized Modelling Method for Intelligent Vehicle Cyber Physical System,J. Liu,2026,Qiche Gongcheng Automotive Engineering,10.19562/j.chinasae.qcgc.2026.08.009,https://www.scopus.com/inward/record.uri?partnerID=HzOxMe3b&scp=105049598760&origin=inward,adjacent-subtopic,,scopus,llm,0.760,unreviewed,,doi:10.19562/j.chinasae.qcgc.2026.08.009
discarded,A Soundness and Precision Benchmark for Java Debloating Tools,J. Klauke,2026,Scored 2025 Proceedings of the 2025 Workshop on Software Supply Chain Offensive Research and Ecosystem Defenses Part of Cc 2025,10.1145/3733827.3765530,https://www.scopus.com/inward/record.uri?partnerID=HzOxMe3b&scp=105047326576&origin=inward,adjacent-subtopic,,scopus,llm,0.930,unreviewed,,doi:10.1145/3733827.3765530
discarded,Research on Componentized Modelling Method for Intelligent Vehicle Cyber Physical System,L. Jingsheng,2026,Qiche Gongcheng Automotive Engineering,10.19562/j.chinasae.qcgc.2026.03.002,https://www.scopus.com/inward/record.uri?partnerID=HzOxMe3b&scp=105035841094&origin=inward,adjacent-subtopic,,scopus,llm,0.760,unreviewed,,doi:10.19562/j.chinasae.qcgc.2026.03.002
discarded,Modernization of nuclear structure data: Promoting evaluation efficiency and usability,Y. Zhang,2026,Wuli Xuebao Acta Physica Sinica,10.7498/aps.75.20251528,https://www.scopus.com/inward/record.uri?partnerID=HzOxMe3b&scp=105028609135&origin=inward,off-topic-false-hit,,scopus,llm,0.990,unreviewed,,doi:10.7498/aps.75.20251528
discarded,Cross-Domain Knowledge Reuse from Remote Sensing Foundation Models for Flood-Damaged Building Extraction in Data-Constrained and Class-Imbalanced Scenarios,B. Xiao,2026,International Conference on Geoinformatics,10.1109/Geoinformatics72247.2026.11665029,https://www.scopus.com/inward/record.uri?partnerID=HzOxMe3b&scp=105049167157&origin=inward,off-topic-false-hit,,scopus,llm,0.990,unreviewed,,doi:10.1109/geoinformatics72247.2026.11665029
discarded,Object-oriented modeling mechanism for digital twin workshop elements,X. Liu,2025,Advanced Engineering Informatics,10.1016/j.aei.2025.103635,https://www.scopus.com/inward/record.uri?partnerID=HzOxMe3b&scp=105010066074&origin=inward,adjacent-subtopic,,scopus,llm,0.880,unreviewed,,doi:10.1016/j.aei.2025.103635
discarded,Interleaved Bitstream Execution for Multi-Pattern Regex Matching on GPUs,T. Ge,2025,Proceedings of the Annual International Symposium on Microarchitecture Micro,10.1145/3725843.3756052,https://www.scopus.com/inward/record.uri?partnerID=HzOxMe3b&scp=105021327596&origin=inward,adjacent-subtopic,,scopus,llm,0.980,unreviewed,,doi:10.1145/3725843.3756052
discarded,Frozen-ground-fem: A practical and open Python 3 package for thermo-hydro-mechanical coupled modelling of soils in cold regions,A. Pekinasova,2025,Softwarex,10.1016/j.softx.2025.102280,https://www.scopus.com/inward/record.uri?partnerID=HzOxMe3b&scp=105011499075&origin=inward,adjacent-subtopic,,scopus,llm,0.950,unreviewed,,doi:10.1016/j.softx.2025.102280
discarded,Modeling by Altering Parameter Values during Time-Dependent Finite-Element Simulations,K.R. Mackie,2025,Journal of Structural Engineering,10.1061/JSENDH.STENG-13812,https://www.scopus.com/inward/record.uri?partnerID=HzOxMe3b&scp=105000197401&origin=inward,off-topic-false-hit,,scopus,llm,0.980,unreviewed,,doi:10.1061/jsendh.steng-13812
discarded,Making Use of Design Patterns in IoT Middleware Implementation,L. Harjumaa,2025,International Conference on Internet of Things Big Data and Security Iotbds Proceedings,10.5220/0013278000003944,https://www.scopus.com/inward/record.uri?partnerID=HzOxMe3b&scp=105003726340&origin=inward,adjacent-subtopic,,scopus,llm,0.780,unreviewed,,doi:10.5220/0013278000003944
discarded,Syntax Design Patterns: Lessons Learned from Popular Programming Languages,K. Vayadande,2025,16th International Conference on Advances in Computing Control and Telecommunication Technologies Act 2025,,https://www.scopus.com/inward/record.uri?partnerID=HzOxMe3b&scp=105034178696&origin=inward,adjacent-subtopic,,scopus,llm,0.940,unreviewed,,hash:44520bc502eb6273
discarded,PhaDOP: A Pharo framework for implementing software product lines using Delta-Oriented Programming and model-based engineering,B.T. Niang,2024,Journal of Computer Languages,10.1016/j.cola.2024.101283,https://www.scopus.com/inward/record.uri?partnerID=HzOxMe3b&scp=85196518958&origin=inward,adjacent-subtopic,,scopus,llm,0.840,unreviewed,,doi:10.1016/j.cola.2024.101283
discarded,CGP++ : A Modern C++ Implementation of Cartesian Genetic Programming,R. Kalkreuth,2024,Gecco 2024 Proceedings of the 2024 Genetic and Evolutionary Computation Conference,10.1145/3638529.3654092,https://www.scopus.com/inward/record.uri?partnerID=HzOxMe3b&scp=85206890302&origin=inward,adjacent-subtopic,,scopus,llm,0.960,unreviewed,,doi:10.1145/3638529.3654092
discarded,Immersive Virtual Labs for Enhancing In-Person and Online Education,Y. Li,2024,ASEE Annual Conference and Exposition Conference Proceedings,,https://www.scopus.com/inward/record.uri?partnerID=HzOxMe3b&scp=85202032856&origin=inward,off-topic-false-hit,,scopus,llm,0.990,unreviewed,,hash:b38355aba2a3fcc3
discarded,A First Look at the Inheritance-Induced Redundant Test Execution,D.J. Kim,2024,Proceedings International Conference on Software Engineering,10.1145/3597503.3639166,https://www.scopus.com/inward/record.uri?partnerID=HzOxMe3b&scp=85196865347&origin=inward,qualifies-claim; adjacent-subtopic,,scopus,llm_reviewed,0.860,changed,kept->discarded,doi:10.1145/3597503.3639166
discarded,"Esra (elevator simulation, research & analysis): an open-source software tool for elevator traffic simulation, research, and analysis",E.O. Tartan,2024,Journal of Simulation,10.1080/17477778.2024.2330432,https://www.scopus.com/inward/record.uri?partnerID=HzOxMe3b&scp=85188821943&origin=inward,adjacent-subtopic,,scopus,llm,0.960,unreviewed,,doi:10.1080/17477778.2024.2330432
discarded,REFRAME–A software framework for managing reactive dependencies in object-oriented applications,M. Mijač,2023,Softwarex,10.1016/j.softx.2023.101571,https://www.scopus.com/inward/record.uri?partnerID=HzOxMe3b&scp=85175547257&origin=inward,adjacent-subtopic,,scopus,llm,0.890,unreviewed,,doi:10.1016/j.softx.2023.101571
discarded,"DexBERT: Effective, Task-Agnostic and Fine-Grained Representation Learning of Android Bytecode",T. Sun,2023,IEEE Transactions on Software Engineering,10.1109/TSE.2023.3310874,https://www.scopus.com/inward/record.uri?partnerID=HzOxMe3b&scp=85170519171&origin=inward,adjacent-subtopic,,scopus,llm,0.980,unreviewed,,doi:10.1109/tse.2023.3310874
discarded,What Object-Oriented Programming Was Supposed to Be: Two Grumpy Old Guys' Take on Object-Oriented Programming,O.L. Madsen,2022,Onward 2022 Proceedings of the 2022 ACM SIGPLAN International Symposium on New Ideas New Paradigms and Reflections on Programming and Software Co Located with Splash 2022,10.1145/3563835.3568735,https://www.scopus.com/inward/record.uri?partnerID=HzOxMe3b&scp=85147014882&origin=inward,adjacent-subtopic,,scopus,llm,0.700,unreviewed,,doi:10.1145/3563835.3568735
discarded,Advanced modeling and trajectory optimization of the in-air-capturing maneuver for winged RLVs,L.E. Briese,2022,Acta Astronautica,10.1016/j.actaastro.2021.09.005,https://www.scopus.com/inward/record.uri?partnerID=HzOxMe3b&scp=85115432516&origin=inward,off-topic-false-hit,,scopus,llm,0.990,unreviewed,,doi:10.1016/j.actaastro.2021.09.005
discarded,Reuse of Similarly Behaving Software Through Polymorphism-Inspired Variability Mechanisms,I. Reinhartz-Berger,2022,IEEE Transactions on Software Engineering,10.1109/TSE.2020.3001512,https://www.scopus.com/inward/record.uri?partnerID=HzOxMe3b&scp=85086717356&origin=inward,supports-claim; adjacent-subtopic,,scopus,llm_reviewed,0.890,changed,kept->discarded,doi:10.1109/tse.2020.3001512
discarded,Migration of hyper-fractal analysis from visual basic 6 to C#.Net,I.V. Grossu,2022,Computer Physics Communications,10.1016/j.cpc.2021.108189,https://www.scopus.com/inward/record.uri?partnerID=HzOxMe3b&scp=85117251908&origin=inward,adjacent-subtopic,,scopus,llm,0.910,unreviewed,,doi:10.1016/j.cpc.2021.108189
discarded,A hierarchical object oriented Bayesian network-based fault diagnosis method for building energy systems,T. Li,2022,Applied Energy,10.1016/j.apenergy.2021.118088,https://www.scopus.com/inward/record.uri?partnerID=HzOxMe3b&scp=85118483378&origin=inward,off-topic-false-hit,,scopus,llm,0.970,unreviewed,,doi:10.1016/j.apenergy.2021.118088
discarded,Construction of a Hybrid Teaching Model System Based on Promoting Deep Learning,Y. Sun,2022,Computational Intelligence and Neuroscience,10.1155/2022/4447530,https://www.scopus.com/inward/record.uri?partnerID=HzOxMe3b&scp=85124302919&origin=inward,off-topic-false-hit,,scopus,llm,0.990,unreviewed,,doi:10.1155/2022/4447530
discarded,Compiler-assisted Operator Template Library for DNN Accelerators,J. Li,2021,International Journal of Parallel Programming,10.1007/s10766-021-00701-6,https://www.scopus.com/inward/record.uri?partnerID=HzOxMe3b&scp=85103168856&origin=inward,adjacent-subtopic,,scopus,llm,0.950,unreviewed,,doi:10.1007/s10766-021-00701-6
discarded,Compiler-Assisted Operator Template Library for DNN Accelerators,J. Li,2021,Lecture Notes in Computer Science Including Subseries Lecture Notes in Artificial Intelligence and Lecture Notes in Bioinformatics,10.1007/978-3-030-79478-1_1,https://www.scopus.com/inward/record.uri?partnerID=HzOxMe3b&scp=85112658628&origin=inward,adjacent-subtopic,,scopus,llm,0.950,unreviewed,,doi:10.1007/978-3-030-79478-1_1
discarded,Wavelet Filtering for Limited-Angle and Low-Dose Computed Tomographic Reconstruction,T. Vaiyapuri,2021,Advances in Intelligent Systems and Computing,10.1007/978-3-030-73689-7_26,https://www.scopus.com/inward/record.uri?partnerID=HzOxMe3b&scp=85105857141&origin=inward,off-topic-false-hit,,scopus,llm,0.990,unreviewed,,doi:10.1007/978-3-030-73689-7_26
discarded,Objective-C: an object-oriented language for pragmatists,R. Rawlings,1989,IEE Colloquium on Applications of Object-Oriented Programming,,https://ieeexplore.ieee.org/document/200904/,adjacent-subtopic,Objective-C can be regarded as a hybrid between C and Smalltalk. It was designed by Brad Cox in the early 1980s in order to bring the power of the object-oriented approach into the realm of large scale software development. The emphasis of the language is on those aspects which most assist reusability and hence productivity. It is supported by comprehensive class libraries which are modelled on those provided by Smalltalk. The language and associated libraries are outlined.<>,ieee,llm,0.880,unreviewed,,hash:1da164e87c1fc946
