status,title,authors,year,venue,doi,url,tags,abstract,provider,decision_source,llm_confidence,llm_review_outcome,llm_change_direction,paper_id
discarded,Land information system: An interoperable framework for high resolution land surface modeling,Sujay V. Kumar; C. D. Peters‐Lidard; Ying Zhong Tian; Paul R. Houser; J. Geiger; S. Olden; L. Lighty; Joseph L. Eastman; Brian Doty; Paul Alan Dirmeyer,2005,Environmental Modelling & Software,10.1016/j.envsoft.2005.07.004,https://openalex.org/W1990874001,off-topic-false-hit,,openalex,llm,0.960,unreviewed,,doi:10.1016/j.envsoft.2005.07.004
discarded,QualCode: A Data-Driven Framework for Predicting Software Maintainability Based on ISO/IEC 25010,"Azhir, Elham; Zakeri, Morteza; Abedini, Yasaman; Ghahfarokhi, Mojtaba Mostafavi",2026,SCIENCE OF COMPUTER PROGRAMMING,10.1016/j.scico.2025.103399,https://www.webofscience.com/wos/woscc/full-record/WOS:001632298600001,adjacent-subtopic,"This paper presents a comprehensive study on evaluating and predicting software maintainability, leveraging the ISO/IEC 25010 standard as a foundation for software quality assessment. The standard defines eight primary characteristics, including maintainability, which is further divided into subcharacteristics to enable a detailed assessment of software systems. In this context, the QualCode framework is proposed as an efficient solution based on ISO/IEC 25010 principles for calculating the maintainability metric, which involves utilizing an efficient combination of submetrics and harnessing machine learning techniques to enhance the precision of predictions. The QualCode system introduces a comprehensive data-driven and automated approach to software maintainability evaluation, allowing developers and quality assurance teams to gauge the modularity, reusability, analyzability, modifiability, and testability of their software products more effectively. Through an extensive evaluation of prediction models and comparative analyses with existing tools for a diverse set of Java projects, the findings highlight the superior performance of QualCode in predicting software maintainability, reinforcing its significance in the software engineering domain.",wos,llm,0.950,unreviewed,,doi:10.1016/j.scico.2025.103399
discarded,Analysing Software Quality of AI-Translated Code: A Comparative Study of Large Language Models Using Static Analysis,"Bhutani, Vikram; Toosi, Farshad Ghassemi; Buckley, Jim",2025,APPLIED COMPUTER SYSTEMS,10.2478/acss-2025-0013,https://www.webofscience.com/wos/woscc/full-record/WOS:001598661400001,adjacent-subtopic,"Context: Source code translation enables cross-platform compatibility, code reusability, legacy system migration, and developer collaboration. Numerous state-of-the-art techniques have emerged to address demand for efficient and accurate translation methodologies.Objective: This study compares code translation capabilities of Large Language Models (LLMs), specifically DeepSeek R1 and ChatGPT 4.1, evaluating their proficiency in translating code between programming languages. We systematically assess model outputs through quantitative and qualitative measures, focusing on translation accuracy, execution efficiency, and coding standard conformity. By examining each model's strengths and limitations, this work provides insights into their applicability for various translation scenarios and contributes to discourse on LLM potential in software engineering.Method: We evaluated translation quality from ChatGPT 4.1 and DeepSeek R1 using SonarQube Analyzer to identify strengths and weaknesses through comprehensive software metrics including translation accuracy, code quality, and clean code attributes. SonarQube's framework enables objective quantification of maintainability, reliability, technical debt, and code smells which are critical factors in software quality measurement. The protocol involved randomly sampling 500 code instances from 1695 Java programming problems. Java samples were translated to Python by both models, then analysed quantitatively using SonarQube metrics to evaluate adherence to software engineering best practices.Results: This comparative analysis reveals capabilities and limitations of state-of-the-art LLM-based translation systems, providing developers, researchers, and practitioners actionable guidance for model selection. Identified gaps highlight future research directions in automated code translation. Result s demonstrate that DeepSeek R1 consistently generates superior software quality compared to ChatGPT 4.1 across Sonar-Qube metrics.",wos,llm,0.970,unreviewed,,doi:10.2478/acss-2025-0013
discarded,Towards improving aspect-oriented software reusability estimation,"Magableh, Aws A.; Ata, Hana'a Bani; Saifan, Ahmad A.; Rawashdeh, Adnan",2024,SCIENTIFIC REPORTS,10.1038/s41598-024-62995-z,https://www.webofscience.com/wos/woscc/full-record/WOS:001248258900027,adjacent-subtopic,"Nowadays, large numbers of organizations may opt for Aspect-Oriented Programming (AOP), which is an enhancement to Object-Oriented Programming (OOP). This is due to the addition of a number of concepts that have assisted in the production of more flexible and reusable components. One of the most important elements added by AOP is software reuse, which is based on reusability attributes. These attributes indicate the possibility of reusing one or more components in the development of a new system. It is one of the most essential attributes to evaluate the quality of a system's components. Thus far, little attention has been paid to the process of measuring AOP reusability, and it has not yet been standardized. The objective of the current study is to come up with a reasonable measurement for AOP software reuse, which is simultaneously a significant topic for researchers while offering several advantages for organizations. Although numerous models have been built to estimate the reusability of software, most of them are not dedicated to Aspect-Oriented Software (AOS). In this study, a model has been designed for AOS reusability estimation and measurement based on a new equation depending on five attributes that have a range of positive and negative impacts on AOS reusability. Three of those attributes, namely coupling, cohesion, and design size, have been included in previous studies. This study proposes complexity and generality as two new attributes to be considered. Each of these attributes was measured based on the metrics also proposed in this study. A new equation to calculate AOS reusability was constructed based on the most important reusability attributes and metrics. Seven aspect projects were employed as a case study to apply the proposed equation. After the proposed equation was applied to the selected projects, we obtained new values of reusability to compare with the values that resulted from applying the previous equation. The fact that new values emerged indicates that the proposed reusability metrics and attributes had a significant effect.",wos,llm,0.910,unreviewed,,doi:10.1038/s41598-024-62995-z
discarded,Empirical Validation of Variable Method Interaction Cohesion Metric (VMICM) for Enhancing Reusability of Object-Oriented (O-O) Software,"Bisht, Bharti",2023,INTERNATIONAL JOURNAL OF ELECTRICAL AND COMPUTER ENGINEERING SYSTEMS,,https://www.webofscience.com/wos/woscc/full-record/WOS:001151725200002,supports-claim; adjacent-subtopic,"Any object-oriented (O-O) module's primary goal is to build classes with a high level of coherent interaction between variables and methods. To increase the quality of O-O (Object-Oriented) software, various metrics emphasizing cohesiveness have been established so far. These metrics operate on both the design and the code levels. However, these metrics still fall short of fully measuring the cohesion of object- oriented (O-O) software. Based on several concepts of cohesive interlinkages between variables and procedures, the study proposed an enhanced cohesion metric. The four forms of cohesive linkages (VMRv, VMMv, VMRTv, and VMOv) between variables and procedures were the focus of this study. The axiomatic frame of reference was employed for theoretical validation, and univariate logistic regression was applied in the MATLAB environment for empirical validation. The approach of univariate logistic regression has been adopted because it provides incredibly accurate data and can even be applied to datasets that can be linearly separated. The proposed metric exhibits high cohesion, which is the ultimate perspective of a highly reusable Object-Oriented (O- O) module, as evidenced by the testing phase and even training the real dataset with reusability prediction in terms of high values of precision, recall, R2, and low value of RSME of VMICM metric. The study results demonstrated that the proposed metric can act as a measure for predicting the reusability of the Object-Oriented (O-O) system.",wos,llm_reviewed,0.840,changed,kept->discarded,hash:6f8888e653f2e608
discarded,Designing a pattern language to enhance model composability and reusability: An example with component-based probabilistic models,"Aly, Ebrahim; Elsawah, Sondoss; Turan, Hasan H.; Ryan, Michael J.",2023,ENVIRONMENTAL MODELLING & SOFTWARE,10.1016/j.envsoft.2023.105807,https://www.webofscience.com/wos/woscc/full-record/WOS:001074602300001,off-topic-false-hit,"This paper presents a pattern language for developing Object-Oriented Bayesian Networks (OOBN), as a member of the component-based probabilistic models family, to tackle complex problems. The proposed pattern language integrates knowledge from various domains, such as modeling, software engineering, and Bayesian networks, to provide a comprehensive solution for developing OOBNs. The paper also provides a validation framework to evaluate the pattern language. As a practical application for the OOBN pattern language, a case study of using it to develop an OOBN is presented. The model in the case study aims to represent the complex interconnections among the Sustainable Development Goals (SDG), long-term sustainability and resilience. The results of the case study validate the effectiveness of the pattern language and highlight its potential for future applications. The proposed OOBN pattern language provides a systematic approach to the development of OOBN, reducing the complexity and increasing the efficiency of their modeling process",wos,llm,0.940,unreviewed,,doi:10.1016/j.envsoft.2023.105807
discarded,Metrics for reusability of java language components,"Rathee, Amit; Chhabra, Jitender K.",2022,JOURNAL OF KING SAUD UNIVERSITY COMPUTER AND INFORMATION SCIENCES,10.1016/j.jksuci.2022.05.010,https://www.webofscience.com/wos/woscc/full-record/WOS:000862764500013,supports-claim; adjacent-subtopic,"Software reuse is a promising opportunity for a software development process that helps in achieving an improved quality of the developed software system. Improved quality also promotes software architecture reuse opportunities. From the past few decades, software reuse is actively gaining popularity in the form of Component Based Software Development (CBSD). The components being the basic unit in CBSD, accessing their reusability is a useful and open area of investigation. The extent of the reusability can be quantified based on the extent of intra and inter-connectivity of the attributes/ characteristics of the component. This can be computed by defining suitable metrics to measure the reusability of a component. Although, there exist some metric suites such as CK, MOOD, Halstead, McCabe's metric, etc. for measuring the reusability of the object-oriented software systems, but they are not directly reusable in the CBSD environment. This is due to the fact that these metrics are applicable only at the class level and they do not target the interfaces of the component that are important and define the composability of the component in the CBSD environment. Therefore, this paper aims to study the reusability, flexibility, composability, and adaptability aspects of the software component. Further, based on the study conducted, we propose a reusability metric suite specially designed for the JavaBeans. This metric helps to measure the architecture level reusability of the JavaBeans. The JavaBeans component standard is specially targeted in this paper because components based on this standard are not fully explored and only a few metric suites exist for measuring the reusability of the JavaBeans. The proposed component reusability metric suite is validated both experimentally as well as against Briand's framework. (c) 2022 The Author(s). Published by Elsevier B.V. on behalf of King Saud University. This is an open access article under the CC BY-NC-ND license (http://creativecommons.org/licenses/by-nc-nd/4.0/).",wos,llm_reviewed,0.700,changed,kept->discarded,doi:10.1016/j.jksuci.2022.05.010
discarded,SciKit-GStat 1.0: a SciPy-flavored geostatistical variogram estimation toolbox written in Python,"Maelicke, Mirko",2022,GEOSCIENTIFIC MODEL DEVELOPMENT,10.5194/gmd-15-2505-2022,https://www.webofscience.com/wos/woscc/full-record/WOS:000774975200001,off-topic-false-hit,"Geostatistical methods are widely used in almost all geoscientific disciplines, i.e., for interpolation, rescaling, data assimilation or modeling. At its core, geostatistics aims to detect, quantify, describe, analyze and model spatial covariance of observations. The variogram, a tool to describe this spatial covariance in a formalized way, is at the heart of every such method. Unfortunately, many applications of geostatistics focus on the interpolation method or the result rather than the quality of the estimated variogram. Not least because estimating a variogram is commonly left as a task for computers, and some software implementations do not even show a variogram to the user. This is a miss, because the quality of the variogram largely determines whether the application of geostatistics makes sense at all. Furthermore, the Python programming language was missing a mature, well-established and tested package for variogram estimation a couple of years ago. Here I present SciKit-GStat, an open-source Python package for variogram estimation that fits well into established frameworks for scientific computing and puts the focus on the variogram before more sophisticated methods are about to be applied. SciKit-GStat is written in a mutable, object-oriented way that mimics the typical geostatistical analysis workflow. Its main strength is the ease of use and interactivity, and it is therefore usable with only a little or even no knowledge of Python. During the last few years, other libraries covering geostatistics for Python developed along with SciKit-GStat. Today, the most important ones can be interfaced by SciKit-GStat. Additionally, established data structures for scientific computing are reused internally, to keep the user from learning complex data models, just for using SciKit-GStat. Common data structures along with powerful interfaces enable the user to use SciKit-GStat along with other packages in established workflows rather than forcing the user to stick to the author's programming paradigms. SciKit-GStat ships with a large number of predefined procedures, algorithms and models, such as variogram estimators, theoretical spatial models or binning algorithms. Common approaches to estimate variograms are covered and can be used out of the box. At the same time, the base class is very flexible and can be adjusted to less common problems, as well. Last but not least, it was made sure that a user is aided in implementing new procedures or even extending the core functionality as much as possible, to extend SciKit-GStat to uncovered use cases. With broad documentation, a user guide, tutorials and good unit-test coverage, SciKit-GStat enables the user to focus on variogram estimation rather than implementation details.",wos,llm,0.990,unreviewed,,doi:10.5194/gmd-15-2505-2022
discarded,Customizable Visualization of Quality Metrics for Object-Oriented Variability Implementations,"Mortara, Johann; Collet, Philippe; Pinna-Dery, Anne-Marie",2022,"26TH ACM INTERNATIONAL SYSTEMS AND SOFTWARE PRODUCT LINE CONFERENCE, SPLC 2022, VOL A",10.1145/3546932.3547073,https://www.webofscience.com/wos/woscc/full-record/WOS:001339377700006,qualifies-claim; adjacent-subtopic,"Many large-scale software systems intensively implement variability to reuse software and speed up development. Such mechanisms, however, bring additional complexity, which eventually leads to technical debt, threatening the software quality, and hampering maintenance and evolution. This is especially the case for variability-rich object-oriented (OO) systems that implement variability in a single codebase. They heavily rely on existing OO mechanisms to implement their variability, making them especially prone to variability debt at the code level. In this paper, we propose Vari-Metrics, an extension of a visualization relying on the city metaphor to reveal such zones of indebted OO variability implementations. VariMetrics extends the VariCity visualization and displays standard OO quality metrics, such as code duplication, code complexity, or test coverage, as additional visual properties on the buildings representing classes. Extended configuration options allow the user to choose and combine quality metrics, uncovering the critical zones of OO variability implementations. We evaluate VariMetrics both by reporting on the exposed quality-critical zones found on multiple large open-source projects, and by correcting the reported issues in such zones of one project, showing an improvement in quality.",wos,llm_reviewed,0.700,changed,kept->discarded,doi:10.1145/3546932.3547073
discarded,Tychonis: A model-based approach to define and search for geometric events in space,"Llopis, M.; Soria, M.; Franch, X.",2021,ACTA ASTRONAUTICA,10.1016/j.actaastro.2021.01.05,https://www.webofscience.com/wos/woscc/full-record/WOS:000666595000028,adjacent-subtopic,"Space missions need software in order to be aware of the occurrence of geometric events in different phases of their project lifecycle. However, current software packages that provide capabilities to search for geometric events might lack desirable software qualities such as extensibility and reusability, and some conflate the definition of events with the search for the same. In order to improve the state of the art, we propose a framework named Tychonis that, via metamodeling techniques and conscious use of object-oriented design best practices, (i) can integrate with current and future mission software, (ii) enables end-users to extend opportunities and search algorithms without modifying the tools that use the framework, and (iii) promotes the cross-mission reusability of the framework and its extensions. These attributes make it less costly for projects to develop software to search for geometric events. Tychonis is provided as a software library that allows missions to add their own data structures and constructs to the framework, including geometric event types and search algorithms. This is accomplished with Tychonis' use of the Eclipse Modeling Framework (EMF) to capture its metamodel, which enables the generation of Java classes that represent built-in or user-developed Tychonis constructs. In the present paper, we elaborate on the impetus for the development of Tychonis, show its proposed design and use, and discuss growth opportunities for future consideration.",wos,llm,0.810,unreviewed,,doi:10.1016/j.actaastro.2021.01.05
