status,title,authors,year,venue,doi,url,tags,abstract,provider,decision_source,llm_confidence,llm_review_outcome,llm_change_direction,paper_id
discarded,Patterns in scientific software: an introduction,C. Blilie,2002,Computing in Science & Engineering,10.1109/5992.998640,https://ieeexplore.ieee.org/document/998640/,adjacent-subtopic,"Patterns are well understood methodology for object-oriented software architecture, especially for business applications. Scientific programmers have generally avoided object-oriented approaches because of their heavy computational overhead, but the benefits of using patterns for scientific problems can outweigh their costs. This article introduces the concept of object oriented software patterns and discusses how they can be applied to scientific software problems. After a brief explanation of what patterns are and why they can be relevant to scientific software, the author explores the application of patterns to dynamic-systems simulation, such as molecular dynamics, and identifies four design patterns that emerge in modeling such systems. To illustrate how to reuse a general pattern for a specific problem, he applies one of the dynamic simulation patterns to the different problem of hydrodynamic chemistry tracers.",ieee,llm,0.720,unreviewed,,doi:10.1109/5992.998640
discarded,An experimental study in wireless connectivity maintenance using up to 40 robots coordinated by an institutional robotics approach,José N. Pereira; Porfírio Silva; Pedro U. Lima; Alcherio Martinoli,2013,2013 IEEE/RSJ International Conference on Intelligent Robots and Systems,10.1109/IROS.2013.6697090,https://ieeexplore.ieee.org/document/6697090/,off-topic-false-hit,"This work is developed in the framework of Institutional Robotics (IR), an approach to cooperative distributed robotic systems that draws inspiration from the social sciences. We consider a case study concerned with a swarm of simple robots which has to maintain wireless connectivity and a certain degree of spatial compactness. Robots have local, bounded communication capabilities and have to execute the task (running an IR controller) using exclusively as information their current number of wireless connections to neighbors. For the very same case study, we previously introduced an IR-based macroscopic model for the behavior of a large number of robots, validated using a submicroscopic model implemented through a realistic simulator. In this work, we go a step further and validate our submicroscopic model with real world experiments, duplicating accurately the conditions used, including a large number of robots and noisy communication channels. The main conclusions of this paper are two-fold. First, the IR approach was able to maintain the wireless connectivity of a swarm of 40 real, resource-constrained robots. This speaks in favor of the robustness and scalability of such approach. Second, the submicroscopic model implemented is faithfully capturing the reality and can be used to further optimize the performances of distributed control strategies using an IR approach.",ieee,llm,0.990,unreviewed,,doi:10.1109/iros.2013.6697090
discarded,Optimization of Object Queries on Collections Using Annotations for the String Valued Attributes,Venkata Krishna Suhas Nerella; Sanjay K. Madria; Thomas Weigert,2013,2013 IEEE 37th Annual Computer Software and Applications Conference,10.1109/COMPSAC.2013.56,https://ieeexplore.ieee.org/document/6649843/,adjacent-subtopic,"Object oriented programming languages raised the level of abstraction by supporting the explicit first class query constructs in the programming codes. The query constructs can be optimized by leveraging the techniques of query optimization from the domain of databases. The existing optimization approaches such as JQL, however, incur high run time overhead as optimizations are performed only at run time. Therefore, in this paper, we propose an approach that performs the query optimization at compile time utilizing the metadata annotations in the source code. The proposed approach first collects the data from the sample execution of the program and extracts the essential metadata for the string valued attributes. Then, the annotations consisting of the metadata values associated with string attributes are generated in the source code and the histograms are built using those annotations. The selectivity estimates of the predicates and the joins in the query are computed from the histograms. Next, the query plan is generated at compile time through the maximum selectivity heuristic. The query plan is modified at run time in cases of significant updates to the string data. The approach also incorporates the cache heuristics that determine whether to cache the query result or not. The cached query results are incrementally maintained up-to-date. Our experimental results demonstrate that our approach has reduced the run time of the program more than the earlier approaches such as JQL.",ieee,llm,0.950,unreviewed,,doi:10.1109/compsac.2013.56
discarded,Abstraction-based Multi-object Acoustic Anomaly Detection for Low-complexity Big Data Analysis,Huanzhuo Wu; Jia He; Máté Tömösközi; Frank H.P. Fitzek,2021,2021 IEEE International Conference on Communications Workshops (ICC Workshops),10.1109/ICCWorkshops50388.2021.9473660,https://ieeexplore.ieee.org/document/9473660/,off-topic-false-hit,"In the deployments of cyber-physical systems, specifically predictive maintenance and Internet of Things applications, a staggering amount of data can be harvested, transmitted, and recorded. Although the collection of large data sets can be used for many solutions, its utilization is made difficult by the increased overhead on the transmission and limited processing capabilities of the underlying physical system. For such highly correlated and extensive data, this situation is usually described as data-rich, information-poor. We propose for the first time a novel one-stage method, called Information-Abstraction-Net (IA-Net), for the detection of abnormal events in multi-object anomaly detection scenarios by utilizing highly abstracted sensory information instead of the entire sampled data set to elevate the transmission and analysis needs of the system. We find that the computation complexity of IA-Net is reduced by half compared to competing solutions and the detection accuracy is increased by about 5-47%, as well.",ieee,llm,0.980,unreviewed,,doi:10.1109/iccworkshops50388.2021.9473660
discarded,Concern-based cohesion: Unveiling a hidden dimension of cohesion measurement,Bruno Silva; Claudio Sant'Anna; Christina Chavez; Alessandro Garcia,2012,2012 20th IEEE International Conference on Program Comprehension (ICPC),10.1109/ICPC.2012.6240476,https://ieeexplore.ieee.org/document/6240476/,supports-claim; adjacent-subtopic,"Cohesion has been avidly recognized as a key property of software modularity. Ideally, a software module is considered to be cohesive if it represents an abstraction of a single concern of the software. Modules with several concerns may be harder to understand because developers must mentally separate the source code related to each concern. Also, modules implementing several concerns are more likely to undergo changes as much as distinct development tasks may target its different concerns. The most well-known cohesion metrics are defined in terms of the syntactical structure of a module, and as a consequence fail to capture the amount of concerns realized by the module. In this context, we investigated the potential of a new metric, called Lack of Concern-based Cohesion. This metric explicitly counts the number of concerns realized by each module. We compared this metric with other five structural cohesion metrics by applying them over six open source software systems. We studied how those metrics are associated with module changes by mining over 16,000 repository revisions. Our results pointed out that the concern-based metric captured a cohesion dimension that is not reflected by structural metrics, and, as a consequence, adds to the association of cohesion and change-proneness.",ieee,llm_reviewed,0.890,changed,kept->discarded,doi:10.1109/icpc.2012.6240476
discarded,Clinic: A Service Oriented Approach for Fault Tolerance in Wireless Sensor Networks,Mohammad Hammoudeh; Sarah Mount; Omar Aldabbas; Martin Stanton,2010,2010 Fourth International Conference on Sensor Technologies and Applications,10.1109/SENSORCOMM.2010.98,https://ieeexplore.ieee.org/document/5558099/,adjacent-subtopic,"With the size and complexity of modern Wireless Sensor Networks (WSNs) systems, a system's ability to recover from faults is becoming more important. A self-healing system is one that has the capability to recover from faults without human intervention during execution. Since WSNs are inherently fault-prone and since their on-site maintenance is infeasible, scalable self-healing is crucial for enabling the deployment of large-scale sensor network applications. Previous work has typically dealt with single faults in isolation, has imposed constraints on systems, or required new protocol elements. In this paper, we attempt to solve some of these problems through the use of service-oriented architecture. We propose a service-oriented self-healing approach, called “Clinic”, that works with existing network components, e.g. routing protocols, and resources without adding extra overhead on the network. In Clinic, different network capabilities are viewed as services of the network instead of being isolated capabilities of individual nodes. This view of the network promotes collaboration among nodes and information reuse by sharing information collected by one service with other network services. Preliminary evaluation showed that Clinic achieved fault tolerance while keeping low communication overhead by reusing only the information collected by other network services to heal from faults.",ieee,llm,0.890,unreviewed,,doi:10.1109/sensorcomm.2010.98
