status,title,authors,year,venue,doi,url,tags,abstract,provider,decision_source,llm_confidence,llm_review_outcome,llm_change_direction,paper_id
discarded,AT THE INTERFACE: DYNAMIC INTERACTIONS OF EXPLICIT AND IMPLICIT LANGUAGE KNOWLEDGE,Nick C. Ellis,2005,Studies in Second Language Acquisition,10.1017/s027226310505014x,https://openalex.org/W1980240171,off-topic-false-hit,"This paper considers how implicit and explicit knowledge are dissociable but cooperative. It reviews various psychological and neurobiological processes by which explicit knowledge of form-meaning associations impacts upon implicit language learning. The interface is dynamic: It happens transiently during conscious processing, but the influence upon implicit cognition endures thereafter. The primary conscious involvement in SLA is the explicit learning involved in the initial registration of pattern recognizers for constructions that are then tuned and integrated into the system by implicit learning during subsequent input processing. Neural systems in the prefrontal cortex involved in working memory provide attentional selection, perceptual integration, and the unification of consciousness. Neural systems in the hippocampus then bind these disparate cortical representations into unitary episodic representations. These are the mechanisms by which Schmidt's (1990) noticing helps solve Quine's (1960) problem of referential indeterminacy. Explicit memories can also guide the conscious building of novel linguistic utterances through processes of analogy. Formulas, slot-and-frame patterns, drills, and declarative pedagogical grammar rules all contribute to the conscious creation of utterances whose subsequent usage promotes implicit learning and proceduralization. Flawed output can prompt focused feedback by way of recasts that present learners with psycholinguistic data ready for explicit analysis. Other processes of acquisition from output include differentiation, analysis, and preemption. These processes of conscious construction in working memory underpin relationships between individual differences in working memory capacities and language learning aptitude.Thanks to Rod Ellis for first suggesting that I try to write this and to the staff and students at Department of Applied Language Studies and Linguistics University of Auckland (2003), the TESOL Program Temple University Japan (2003), the Chester Language Development Reading Group, and the LOT winter school (2004) for helping me think it through. I am particularly grateful to Michel Paradis, Michael Swan, Karen Roehr, Anne Feryok, and Tamar Keren-Portnoy for pointing their giant biological cameras of consciousness at a prior draft, and for sharing their awareness with me in kindly and constructive fashion. I have learned a lot from it.",openalex,llm,1.000,unreviewed,,doi:10.1017/s027226310505014x
discarded,Information Structure and the Syntax-Phonology Interface,Mark J. Steedman,2000,Linguistic Inquiry,10.1162/002438900554505,https://openalex.org/W2145506147,off-topic-false-hit,"The article proposes a theory of grammar relating syntax, discourse semantics, and intonational prosody. The full range of English intonational tunes distinguished by Beckman and Pierrehumbert (1986) and their semantic interpretation in terms of focus and information structure are discussed, including “discontinuous” themes and rhemes. The theory extends an earlier account based on Combinatory Categorial Grammar, which directly pairs phonological and logical forms without intermediary representational levels.",openalex,llm,1.000,unreviewed,,doi:10.1162/002438900554505
kept,Solving Separation-of-Concerns Problems in Collaborative Design of Human-AI Systems through Leaky Abstractions,Hariharan Subramonyam; Jane Im; Colleen M. Seifert; Eytan Adar,2022,CHI Conference on Human Factors in Computing Systems,10.1145/3491102.3517537,https://openalex.org/W4224991249,qualifies-claim; mot,"In conventional software development, user experience (UX) designers and engineers collaborate through separation of concerns (SoC): designers create human interface specifications, and engineers build to those specifications. However, we argue that Human-AI systems thwart SoC because human needs must shape the design of the AI interface, the underlying AI sub-components, and training data. How do designers and engineers currently collaborate on AI and UX design? To find out, we interviewed 21 industry professionals (UX researchers, AI engineers, data scientists, and managers) across 14 organizations about their collaborative work practices and associated challenges. We find that hidden information encapsulated by SoC challenges collaboration across design and engineering concerns. Practitioners describe inventing ad-hoc representations exposing low-level design and implementation details (which we characterize as leaky abstractions) to “puncture” SoC and share information across expertise boundaries. We identify how leaky abstractions are employed to collaborate at the AI-UX boundary and formalize a process of creating and using leaky abstractions.",openalex,llm_reviewed,0.990,confirmed,,doi:10.1145/3491102.3517537
discarded,Brain computer interfacing: Applications and challenges,Sarah N. Abdulkader; Ayman Atia; Mostafa-Sami M. Mostafa,2015,Egyptian Informatics Journal,10.1016/j.eij.2015.06.002,https://openalex.org/W772526079,off-topic-false-hit,"Brain computer interface technology represents a highly growing field of research with application systems. Its contributions in medical fields range from prevention to neuronal rehabilitation for serious injuries. Mind reading and remote communication have their unique fingerprint in numerous fields such as educational, self-regulation, production, marketing, security as well as games and entertainment. It creates a mutual understanding between users and the surrounding systems. This paper shows the application areas that could benefit from brain waves in facilitating or achieving their goals. We also discuss major usability and technical challenges that face brain signals utilization in various components of BCI system. Different solutions that aim to limit and decrease their effects have also been reviewed.",openalex,llm,1.000,unreviewed,,doi:10.1016/j.eij.2015.06.002
discarded,"The Galaxy platform for accessible, reproducible and collaborative biomedical analyses: 2018 update",Enis Afgan; Dannon Baker; Bérénice Batut; Marius van den Beek; Dave Bouvier; Martin Čech; John M. Chilton; Dave Clements; Nate Coraor; Björn Andreas Grüning; Aysam Guerler; Jennifer Hillman‐Jackson; Saskia Hiltemann; Vahid Jalili; Helena Rasche; Nicola Soranzo; Jeremy Goecks; James Taylor; ANTON Y NEKRUTENKO; Daniel Blankenberg,2018,Nucleic Acids Research,10.1093/nar/gky379,https://openalex.org/W2917207851,off-topic-false-hit,"Galaxy (homepage: https://galaxyproject.org, main public server: https://usegalaxy.org) is a web-based scientific analysis platform used by tens of thousands of scientists across the world to analyze large biomedical datasets such as those found in genomics, proteomics, metabolomics and imaging. Started in 2005, Galaxy continues to focus on three key challenges of data-driven biomedical science: making analyses accessible to all researchers, ensuring analyses are completely reproducible, and making it simple to communicate analyses so that they can be reused and extended. During the last two years, the Galaxy team and the open-source community around Galaxy have made substantial improvements to Galaxy's core framework, user interface, tools, and training materials. Framework and user interface improvements now enable Galaxy to be used for analyzing tens of thousands of datasets, and >5500 tools are now available from the Galaxy ToolShed. The Galaxy community has led an effort to create numerous high-quality tutorials focused on common types of genomic analyses. The Galaxy developer and user communities continue to grow and be integral to Galaxy's development. The number of Galaxy public servers, developers contributing to the Galaxy framework and its tools, and users of the main Galaxy server have all increased substantially.",openalex,llm,0.990,unreviewed,,doi:10.1093/nar/gky379
discarded,Extracting usability information from user interface events,David M. Hilbert; David Redmiles,2000,ACM Computing Surveys,10.1145/371578.371593,https://openalex.org/W2120973494,off-topic-false-hit,"Modern window-based user interface systems generate user interface events as natural products of their normal operation. Because such events can be automatically captured and because they indicate user behavior with respect to an application's user interface, they have long been regarded as a potentially fruitful source of information regarding application usage and usability. However, because user interface events are typically voluminos and rich in detail, automated support is generally required to extract information at a level of abstraction that is useful to investigators interested in analyzing application usage or evaluating usability. This survey examines computer-aided techniques used by HCI practitioners and researchers to extract usability-related information from user interface events. A framework is presented to help HCI practitioners and researchers categorize and compare the approaches that have been, or might fruitfully be, applied to this problem. Because many of the techniques in the research literature have not been evaluated in practice, this survey provides a conceptual evaluation to help identify some of the relative merits and drawbacks of the various classes of approaches. Ideas for future research in this area are also presented. This survey addresses the following questions: How might user interface events be used in evaluating usability? How are user interface events related to other forms of usability data? What are the key challenges faced by investigators wishing to exploit this data? What approaches have been brought to bear on this problem and how do they compare to one another? What are some of the important open research questions in this area?",openalex,llm,0.950,unreviewed,,doi:10.1145/371578.371593
discarded,A software design method for real-time systems,Hassan E. M. Gomaa,1984,Communications of the ACM,10.1145/358234.358262,https://openalex.org/W1964242954,supports-claim; adjacent-subtopic,DARTS—a design method for real-time systems—leads to a highly structured modular system with well-defined interfaces and reduced coupling between tasks.,openalex,llm_reviewed,0.760,changed,kept->discarded,doi:10.1145/358234.358262
discarded,PAGA: graph abstraction reconciles clustering with trajectory inference through a topology preserving map of single cells,F. Alexander Wolf; Fiona Hamey; Mireya Plass; Jordi Solana; Joakim S. Dahlin; Berthold Göttgens; Nikolaus Rajewsky; Lukas Mikolaj Simon; Fabian Joachim Theis,2019,Genome biology,10.1186/s13059-019-1663-x,https://openalex.org/W2950372712,off-topic-false-hit,"Single-cell RNA-seq quantifies biological heterogeneity across both discrete cell types and continuous cell transitions. Partition-based graph abstraction (PAGA) provides an interpretable graph-like map of the arising data manifold, based on estimating connectivity of manifold partitions ( https://github.com/theislab/paga ). PAGA maps preserve the global topology of data, allow analyzing data at different resolutions, and result in much higher computational efficiency of the typical exploratory data analysis workflow. We demonstrate the method by inferring structure-rich cell maps with consistent topology across four hematopoietic datasets, adult planaria and the zebrafish embryo and benchmark computational performance on one million neurons.",openalex,llm,0.990,unreviewed,,doi:10.1186/s13059-019-1663-x
discarded,The Problem of Pattern and Scale in Ecology: The Robert H. MacArthur Award Lecture,Simon A. Levin,1992,Ecology,10.2307/1941447,https://openalex.org/W2322480672,off-topic-false-hit,"It is argued that the problem of pattern and scale is the central problem in ecology, unifying population biology and ecosystems science, and marrying basic and applied ecology. Applied challenges, such as the prediction of the ecological causes and consequences of global climate change, require the interfacing of phenomena that occur on very different scales of space, time, and ecological organization. Furthermore, there is no single natural scale at which ecological phenomena should be studied; systems generally show characteristic variability on a range of spatial, temporal, and organizational scales. The observer imposes a perceptual bias, a filter through which the system is viewed. This has fundamental evolutionary significance, since every organism is an ""observer"" of the environment, and life history adaptations such as dispersal and dormancy alter the perceptual scales of the species, and the observed variability. It likewise has fundamental significance for our own study of ecological systems, since the patterns that are unique to any range of scales will have unique causes and biological consequences. The key to prediction and understanding lies in the elucidation of mechanisms underlying observed patterns. Typically, these mechanisms operate at different scales than those on which the patterns are observed; in some cases, the patterns must be understood as emerging form the collective behaviors of large ensembles of smaller scale units. In other cases, the pattern is imposed by larger scale constraints. Examination of such phenomena requires the study of how pattern and variability change with the scale of description, and the development of laws for simplification, aggregation, and scaling. Examples are given from the marine and terrestrial literatures.",openalex,llm,0.990,unreviewed,,doi:10.2307/1941447
discarded,Protein interface prediction using graph convolutional networks,"Alex Fout; Asa Ben‐Hur; Anderson, Chuck; Chitsaz, Hamidreza; Zhou, Wen",2017,Digital Collections of Colorado (Colorado State University),10.25675/3.021826,https://openalex.org/W2751808960,off-topic-false-hit,"Proteins play a critical role in processes both within and between cells, through their interactions with each other and other molecules. Proteins interact via an interface forming a protein complex, which is difficult, expensive, and time consuming to determine experimentally, giving rise to computational approaches. These computational approaches utilize known electrochemical properties of protein amino acid residues in order to predict if they are a part of an interface or not. Prediction can occur in a partner independent fashion, where amino acid residues are considered independently of their neighbor, or in a partner specific fashion, where pairs of potentially interacting residues are considered together. Ultimately, prediction of protein interfaces can help illuminate cellular biology, improve our understanding of diseases, and aide pharmaceutical research. Interface prediction has historically been performed with a variety of methods, to include docking, template matching, and more recently, machine learning approaches. The field of machine learning has undergone a revolution of sorts with the emergence of convolutional neural networks as the leading method of choice for a wide swath of tasks. Enabled by large quantities of data and the increasing power and availability of computing resources, convolutional neural networks efficiently detect patterns in grid structured data and generate hierarchical representations that prove useful for many types of problems. This success has motivated the work presented in this thesis, which seeks to improve upon state of the art interface prediction methods by incorporating concepts from convolutional neural networks. Proteins are inherently irregular, so they don't easily conform to a grid structure, whereas a graph representation is much more natural. Various convolution operations have been proposed for graph data, each geared towards a particular application. We adapted these convolutions for use in interface prediction, and proposed two new variants. Neural networks were trained on the Docking Benchmark Dataset version 4.0 complexes and tested on the new complexes added in version 5.0. Results were compared against the state of the art method partner specific method, PAIRpred [1]. Results show that multiple variants of graph convolution outperform PAIRpred, with no method emerging as the clear winner. In the future, additional training data may be incorporated from other sources, unsupervised pretraining such as autoencoding may be employed, and a generalization of convolution to simplicial complexes may also be explored. In addition, the various graph convolution approaches may be applied to other applications with graph structured data, such as Quantitative Structure Activity Relationship (QSAR) learning, and knowledge base inference.",openalex,llm,0.990,unreviewed,,doi:10.25675/3.021826
discarded,Surface and Interface Engineering for Nanocellulosic Advanced Materials,Xianpeng Yang; Subir Kumar Biswas; Jingquan Han; Supachok Tanpichai; Mei‐Chun Li; Chuchu Chen; Sailing Zhu; Atanu Kumar Das; Hiroyuki Yano,2020,Advanced Materials,10.1002/adma.202002264,https://openalex.org/W3084057520,off-topic-false-hit,"How do trees support their upright massive bodies? The support comes from the incredibly strong and stiff, and highly crystalline nanoscale fibrils of extended cellulose chains, called cellulose nanofibers. Cellulose nanofibers and their crystalline parts-cellulose nanocrystals, collectively nanocelluloses, are therefore the recent hot materials to incorporate in man-made sustainable, environmentally sound, and mechanically strong materials. Nanocelluloses are generally obtained through a top-down process, during or after which the original surface chemistry and interface interactions can be dramatically changed. Therefore, surface and interface engineering are extremely important when nanocellulosic materials with a bottom-up process are fabricated. Herein, the main focus is on promising chemical modification and nonmodification approaches, aiming to prospect this hot topic from novel aspects, including nanocellulose-, chemistry-, and process-oriented surface and interface engineering for advanced nanocellulosic materials. The reinforcement of nanocelluloses in some functional materials, such as structural materials, films, filaments, aerogels, and foams, is discussed, relating to tailored surface and/or interface engineering. Although some of the nanocellulosic products have already reached the industrial arena, it is hoped that more and more nanocellulose-based products will become available in everyday life in the next few years.",openalex,llm,1.000,unreviewed,,doi:10.1002/adma.202002264
discarded,BioAmbients: an abstraction for biological compartments,Aviv Regev; Ekaterina M. Panina; William Silverman; Luca Cardelli; Ehud Y. Shapiro,2004,Theoretical Computer Science,10.1016/j.tcs.2004.03.061,https://openalex.org/W2106190666,adjacent-subtopic,,openalex,llm,0.840,unreviewed,,doi:10.1016/j.tcs.2004.03.061
discarded,The Click modular router,Robert Morris; Eddie Kohler; John Jannotti; M. Frans Kaashoek,1999,,10.1145/319151.319166,https://openalex.org/W2156874421,supports-claim; adjacent-subtopic,"Click is a new software architecture for building flexible and configurable routers. A Click router is assembled from packet processing modules called elements. Individual elements implement simple router functions like packet classification, queueing, scheduling, and interfacing with network devices. Complete configurations are built by connecting elements into a graph; packets flow along the graph's edges. Several features make individual elements more powerful and complex configurations easier to write, including pull processing, which models packet flow driven by transmitting interfaces, and flow-based router context, which helps an element locate other interesting elements.We demonstrate several working configurations, including an IP router and an Ethernet bridge. These configurations are modular---the IP router has 16 elements on the forwarding path---and easy to extend by adding additional elements, which we demonstrate with augmented configurations. On commodity PC hardware running Linux, the Click IP router can forward 64-byte packets at 73,000 packets per second, just 10% slower than Linux alone.",openalex,llm_reviewed,0.880,changed,kept->discarded,doi:10.1145/319151.319166
discarded,The Interface Theory of Perception,Donald D. Hoffman; Manish Singh; Chetan Prakash,2015,Psychonomic Bulletin & Review,10.3758/s13423-015-0890-8,https://openalex.org/W1766695457,off-topic-false-hit,,openalex,llm,0.990,unreviewed,,doi:10.3758/s13423-015-0890-8
