status,title,authors,year,venue,doi,url,tags,abstract,provider,decision_source,llm_confidence,llm_review_outcome,llm_change_direction,paper_id
discarded,Modeling and Verification of Symbolic Distributed Applications Through an Intelligent Monitoring Agent,"Augello, Andrea; Gaglio, Salvatore; Lo Re, Giuseppe; Peri, Daniele",2022,IEEE ACCESS,10.1109/ACCESS.2022.3204043,https://www.webofscience.com/wos/woscc/full-record/WOS:000853789200001,adjacent-subtopic,"Wireless Sensor Networks (WSNs) represent a key component in emerging distributed computing paradigms such as IoT, Ambient Intelligence, and Smart Cities. In these contexts, the difficulty of testing, verifying, and monitoring applications in their intended scenarios ranges from challenging to impractical. Current simulators can only be used to investigate correctness at source code level and with limited accuracy. This paper proposes a system and a methodology to model and verify symbolic distributed applications running on WSNs. The approach allows to complement the distributed application code at a high level of abstraction in order to test and reprogram it, directly, on deployed network devices. The proposed intelligent architecture enables the execution of distributed applications and the verification of the supplied correctness conditions. This paper shows the feasibility of the proposed approach and its effectiveness even when networks include resource-constrained nodes with some sample applications and quantitative experiments measuring the overhead introduced by the monitoring operations.",wos,llm,0.920,unreviewed,,doi:10.1109/access.2022.3204043
discarded,Approaches to Enforce Privacy in Databases: Classical to Information Flow-Based Models,"Shyamasundar, R. K.; Chaudhary, Pratiksha; Jaiswal, Arushi; Kuiri, Aniket",2021,INFORMATION SYSTEMS FRONTIERS,10.1007/s10796-021-10178-w,https://www.webofscience.com/wos/woscc/full-record/WOS:000684783200002,adjacent-subtopic,"Ever since databases became an ubiquitous part of enterprises or businesses, security and privacy became a requirement. Traditionally, privacy was realized through various methods of database access control and relied much on the use of statically defined views, which are essentially logical constructs imposed over database tables that can alter or restrict the data that can be viewed by an user. Privacy is about the responsible maintenance of private information. This responsibility is hard to define, which is why laws are necessary. With a vast accumulation of personal data in databases, there has been a heightened awareness and concern about the storage and use of private information leading to privacy-related guidelines, regulations and legislations, Compliance with these regulations has become one of the major concerns for organizations and companies. Traditionally, privacy in databases (DBs) have been addressed through access control techniques including multi-level security (MLS) based on mandatory access control (MAC), and restricted views to the users. As view definitions to comply with regulations became quite complex for accommodating all the restrictions in one view, explicit constructs for specifying privacy policies were introduced for complying with medical regulations like HIPAA (Health Insurance Portability and Accountability Act) from USA, in relational database systems. These enabled fine grained access control (FGAC) capable of enforcing disclosure control enunciated databases. Application of information flow control that is needed for multi-level security (MLS) databases to preserve privacy among multiple users but have their challenges like new abstractions for managing information flow in a relational database system, handling transactions and integrity constraints without introducing covert channels etc. As the DBs need to work alongside information flow controlled programming languages and operating systems for tracking flows, there is a need to enforce the security policy not only on the DBMS but also on the application platform. Due to the underlying requirement of decentralization, it calls for declassification/endorsement and santization requirements on the DB. In this paper, we shall first review some of the major privacy enhancing techniques used traditionally for DBs including MLS DBs, and then explore application of decentralized information flow control models for realizing information flow secure DBs in a robust manner. Towards the end, we shall also touch upon some of the roles of anonymization and psuedonymization including inference control and differential privacy in realizing privacy in practice.",wos,llm,0.980,unreviewed,,doi:10.1007/s10796-021-10178-w
discarded,Analysis and Remodeling of the DirtyCOW Vulnerability by Debugging and Abstraction,"Wen, Yanjun; Wang, Ji",2020,STRUCTURED OBJECT-ORIENTED FORMAL LANGUAGE AND METHOD (SOFL+MSVL 2019),10.1007/978-3-030-41418-4_1,https://www.webofscience.com/wos/woscc/full-record/WOS:000674704200001,supports-claim; adjacent-subtopic,"It is hard to understand clearly the principle of DirtyCOW vulnerability of Linux operating system, even for many experienced kernel developers. An approach is presented to rebuild the design model of the related Linux system calls, which gives an insight into the vulnerability. The remodeling, i.e. model-rebuilding, is done by first constructing a control flow diagram based on the debugging and analysis of the OS kernel, and then turning the control flow diagram to an abstract program based on abstraction to the observed concrete states. The approach provides an effective way for the comprehension of complex legacy software.",wos,llm_reviewed,0.880,changed,kept->discarded,doi:10.1007/978-3-030-41418-4_1
discarded,Prevalence of Bad Smells in C# Projects,"Saboia, Amanda Lima; Forte Martins, Antonio Diogo; Melo, Cristiano Sousa; Monteiro, Jose Maria; de Souza, Cidcley Teixeira; Machado, Javam de Castro",2020,"PROCEEDINGS OF THE 22ND INTERNATIONAL CONFERENCE ON ENTERPRISE INFORMATION SYSTEMS (ICEIS), VOL 2",10.5220/0009580204240431,https://www.webofscience.com/wos/woscc/full-record/WOS:000621581600045,adjacent-subtopic,"Bad smell can be defined as structures in code that suggest the possibility of refactoring. In object-oriented languages such as C# and Java, Bad Smells are heavily exploited as a way to avoid potential software failures. The presence of a high number of bad smells in a software project makes the system maintenance and evolution hard. So, identifying smells in code and refactoring them helps to improve and maintain software quality. Anti-patterns are considered inadequate programming practices, but not an error, they are bad solutions to recurring software problems. In this work, we propose an exploratory study on open source projects written in C# and published in GitHub. We empirically analyzed a total of 25 projects, studying the prevalence of Bad Smells, in a quantitatively and qualitatively manner, and their relationship in order to identify possible anti-patterns. Our results showed that implementation smells are the most common. Besides, some smells occur together, such as Missing Default and Unutilized Abstraction that are perfectly correlated, and ILS and IMN detected by association rules. Thus, the proposed study aims to assist software developers in avoiding future problems during the development of C# projects.",wos,llm,0.970,unreviewed,,doi:10.5220/0009580204240431
discarded,Designing a General Purpose Development Platform for Energy-harvesting Applications,"Saoda, Nurani; Billah, Md Fazlay Rabbi Masum; Campbell, Bradford",2021,"PROCEEDINGS OF THE 2021 THE 19TH ACM CONFERENCE ON EMBEDDED NETWORKED SENSOR SYSTEMS, SENSYS 2021",10.1145/3485730.3493366,https://www.webofscience.com/wos/woscc/full-record/WOS:001438629700092,qualifies-claim; adjacent-subtopic,"Battery-less energy-harvesting systems have widened the landscape of Internet-of-Things (IoT) applications by taking computation to hard-to-reach places. Energy-harvesting sensors are perpetual, environment-friendly, cost-effective, and maintenance-free. Despite having such lucrative characteristics, battery-powered devices hold majority share of today's IoT market, since developing energy-harvesting applications require more expert knowledge, careful implementation, and rigorous debugging than applications with stable power. In this paper, we argue that development becomes easier, faster, efficient, and scalable with a standard, re-usable, general purpose platform that ensures the platform's versatility across various application with proper balance between abstraction and accessibility in hardware and software. Such platforms would provide flexibility across both hardware and software layers, at the same time, producing reliable performance. However, realizing this design point pose several research challenges that need to be identified and addressed. We identify the limitations in existing systems, articulate the challenges and provide guidelines for the community to work towards a general purpose platform that would enable new diversified battery-less applications in the future.",wos,llm_reviewed,0.700,changed,kept->discarded,doi:10.1145/3485730.3493366
discarded,Context and Complexity in Incremental Sentence Interpretation: An ERP Study on Temporal Quantification,"Augurzky, Petra; Hohaus, Vera; Ulrich, Rolf",2020,COGNITIVE SCIENCE,10.1111/cogs.12913,https://www.webofscience.com/wos/woscc/full-record/WOS:000595252500002,off-topic-false-hit,"The present event-related potential (ERP) study used picture-sentence verification to investigate the neurolinguistic correlates of the online processing of compositional-semantic information. To this end, we examined context effects on sentences involving temporal adverbial quantification likeJana war jeden Morgen schwimmen an den Arbeitstagen (""Jana went for a swim every morning during the working week""). We tested whether the conceptual complexity associated with quantifying over time intervals leads to delayed predictions regarding the upcoming words in a sentence. The present study replicated previous results relating to quantification over individuals, which are conceptually less complex than time intervals. Analogous to previous studies, false vs. true sentences elicited an N400 whenever contextual cues did not permit a potential revision of a locally assigned truth value. The present results are compatible with an approach under which contextual cues are immediately considered for predicting how a sentence continues. The fact that the contextual complexity did not lead to processing delays indicates that the processing system quickly abstracts away from the conceptual complexity associated with the linguistic input if such an abstraction is possible.",wos,llm,1.000,unreviewed,,doi:10.1111/cogs.12913
discarded,HCloud: A Serverless Platform for JointCloud Computing,"Liu, Jinfeng; Mi, Zeyu; Huang, Zheng; Hua, Zhichao; Xia, Yubin",2020,2020 IEEE INTERNATIONAL CONFERENCE ON JOINT CLOUD COMPUTING (JCC 2020),10.1109/JCC49151.2020.00022,https://www.webofscience.com/wos/woscc/full-record/WOS:000866414800014,adjacent-subtopic,"Most of today's cloud providers, including Amazon, Google and Microsoft, usually offer computing services with the abstraction of virtual machines (VMs), which are also known as instances. Even though these public clouds share similar infrastructures, they provide different service quality standards and price models for users, which fluctuate according to the dynamic loads. The JointCloud computing model empowers the cooperation among multiple public clouds, which can provide the users better service quality with reasonable prices. However, it is difficult to dynamically cooperate among clouds based on the traditional VM abstraction. Any computation migration among clouds will trigger costly VM states transfer, which makes it extremely hard for users to adjust their deployment models swiftly. Fortunately, serverless computing model is getting popular recently and has been supported by major cloud vendors. This model allows users to upload their computing tasks to the cloud in the unit of function. Users do not need to consider all of the tedious works like virtual server maintenance; instead, the cloud automatically instantiates function workers to handle incoming requests on the fly. In this paper, we propose a new JointCloud platform called HCloud, which efficiently manages computing resources of multiple clouds while offering the server-less model to the users. The fine-grained granularity of function enables HCloud to flexibly migrate workloads among clouds, thus brings better service qualities and lower prices at the same time. For example, HCloud can reduce the cost by requesting resource from a cheaper cloud for latency-insensitive jobs while routing the requests of latency-sensitive ones to the nearest and performant clouds. We have implemented a prototype of HCloud and evaluated it by simulating multiple cloud providers. The evaluation results show that HCloud can greatly improve the performance of serverless workloads with small costs.",wos,llm,0.900,unreviewed,,doi:10.1109/jcc49151.2020.00022
discarded,FoundationDB Record Layer: A Multi-Tenant Structured Datastore,"Chrysafis, Christos; Collins, Ben; Dugas, Scott; Dunkelberger, Jay; Ehsan, Moussa; Gray, Scott; Grieser, Alec; Herrnstadt, Ori; Lev-Ari, Kfir; Lin, Tao; McMahon, Mike; Schiefer, Nicholas; Shraer, Alexander",2019,SIGMOD '19: PROCEEDINGS OF THE 2019 INTERNATIONAL CONFERENCE ON MANAGEMENT OF DATA,10.1145/3299869.3314039,https://www.webofscience.com/wos/woscc/full-record/WOS:000501538500108,adjacent-subtopic,"The FoundationDB Record Layer is an open source library that provides a record-oriented data store with semantics similar to a relational database implemented on top of FoundationDB, an ordered, transactional key-value store. The Record Layer provides a lightweight, highly extensible way to store structured data. It offers schema management and a rich set of query and indexing facilities, some of which are not usually found in traditional relational databases, such as nested record types, indexes on commit versions, and indexes that span multiple record types. The Record Layer is stateless and built for massive multi-tenancy, encapsulating and isolating all of a tenant's state, including indexes, into a separate logical database. We demonstrate how the Record Layer is used by CloudKit, Apple's cloud backend service, to provide powerful abstractions to applications serving hundreds of millions of users. CloudKit uses the Record Layer to host billions of independent databases, many with a common schema. Features provided by the Record Layer enable CloudKit to provide richer APIs and stronger semantics with reduced maintenance overhead and improved scalability.",wos,llm,0.870,unreviewed,,doi:10.1145/3299869.3314039
discarded,Uncertainty-Aware Fog-Edge Orchestrated Agricultural Robot Scheduling with Multitask Optimization,D. Biswas,2026,IEEE Internet of Things Journal,10.1109/JIOT.2026.3698934,https://www.scopus.com/inward/record.uri?partnerID=HzOxMe3b&scp=105041099760&origin=inward,off-topic-false-hit,,scopus,llm,0.960,unreviewed,,doi:10.1109/jiot.2026.3698934
discarded,Multi-GPU acceleration of PALABOS fluid solver using C++ standard parallelism,J. Latt,2026,Computer Physics Communications,10.1016/j.cpc.2026.110094,https://www.scopus.com/inward/record.uri?partnerID=HzOxMe3b&scp=105031728537&origin=inward,adjacent-subtopic,,scopus,llm,0.980,unreviewed,,doi:10.1016/j.cpc.2026.110094
discarded,"Extending Cognitive Complexity Measurement to Modern Programming Constructs: Generics, Lambdas, and Asynchronous APIs",H.D.D.R. Wijesinghe,2026,Proceedings IEEE International Research Conference on Smart Computing and Systems Engineering Scse 2026,10.1109/SCSE70081.2026.11499801,https://www.scopus.com/inward/record.uri?partnerID=HzOxMe3b&scp=105040716889&origin=inward,adjacent-subtopic,,scopus,llm,0.790,unreviewed,,doi:10.1109/scse70081.2026.11499801
discarded,Teaching Domain-Specific Languages With TextX: A Hands-on Approach,I. Dejanovic,2026,2026 30th International Conference on Information Technology IT 2026,10.1109/IT67293.2026.11435772,https://www.scopus.com/inward/record.uri?partnerID=HzOxMe3b&scp=105035998373&origin=inward,adjacent-subtopic,,scopus,llm,0.900,unreviewed,,doi:10.1109/it67293.2026.11435772
discarded,A Multi-Dimensional Comparative Analysis of Twelve Programming Languages,A.A. Rashed,2026,23rd International Learning and Technology Conference Twin Minds Agentic AI and the New Era of Autonomy L and T 2026 Proceedings,10.1109/LT68265.2026.11592549,https://www.scopus.com/inward/record.uri?partnerID=HzOxMe3b&scp=105044979346&origin=inward,adjacent-subtopic,,scopus,llm,0.820,unreviewed,,doi:10.1109/lt68265.2026.11592549
discarded,Scalarium: A Unified Scala-based Co-Simulation Framework for Agile Chip Development,Y. Zhang,2026,Proceedings of the Asia and South Pacific Design Automation Conference ASP DAC,10.1109/ASP-DAC66049.2026.11420730,https://www.scopus.com/inward/record.uri?partnerID=HzOxMe3b&scp=105041722784&origin=inward,adjacent-subtopic,,scopus,llm,0.940,unreviewed,,doi:10.1109/asp-dac66049.2026.11420730
discarded,Incremental Static Analysis for Detecting and Refactoring Data Clumps in TypeScript,P. Iyenghar,2026,International Conference on Evaluation of Novel Approaches to Software Engineering Enase Proceedings,10.5220/0014853500004015,https://www.scopus.com/inward/record.uri?partnerID=HzOxMe3b&scp=105046588855&origin=inward,adjacent-subtopic,,scopus,llm,0.950,unreviewed,,doi:10.5220/0014853500004015
discarded,ServiceChain: A Verifiable Cloud Service Framework for Resource-Constrained Blockchain Nodes,L. Zhang,2026,Lecture Notes in Computer Science,10.1007/978-981-92-3012-9_18,https://www.scopus.com/inward/record.uri?partnerID=HzOxMe3b&scp=105046529105&origin=inward,adjacent-subtopic,,scopus,llm,0.960,unreviewed,,doi:10.1007/978-981-92-3012-9_18
discarded,LLM4FaaS: No-Code Application Development using LLMs and FaaS,M. Wang,2025,Proceedings of the 18th IEEE ACM International Conference on Utility and Cloud Computing Ucc 2025,10.1145/3773274.3774686,https://www.scopus.com/inward/record.uri?partnerID=HzOxMe3b&scp=105027131434&origin=inward,adjacent-subtopic,,scopus,llm,0.940,unreviewed,,doi:10.1145/3773274.3774686
discarded,Shallowly Embedded Functions,B.M. Rips,2025,Proceedings of the 27th International Symposium on Principles and Practice of Declarative Programming Ppdp 2025 Co Located with the 41st International Conference on Logic Programming,10.1145/3756907.3756923,https://www.scopus.com/inward/record.uri?partnerID=HzOxMe3b&scp=105025467306&origin=inward,adjacent-subtopic,,scopus,llm,0.850,unreviewed,,doi:10.1145/3756907.3756923
discarded,An empirical study of manual abstraction between class diagrams and code of open-source systems,W. Zhang,2025,Software and Systems Modeling,10.1007/s10270-025-01289-y,https://www.scopus.com/inward/record.uri?partnerID=HzOxMe3b&scp=105005269652&origin=inward,adjacent-subtopic,,scopus,llm,0.700,unreviewed,,doi:10.1007/s10270-025-01289-y
discarded,Optimization Method for High-performance Libraries Targeting RISC-V Vector Extension,L.T. Han,2025,Ruan Jian Xue Bao Journal of Software,10.13328/j.cnki.jos.007360,https://www.scopus.com/inward/record.uri?partnerID=HzOxMe3b&scp=105013031446&origin=inward,adjacent-subtopic,,scopus,llm,0.980,unreviewed,,doi:10.13328/j.cnki.jos.007360
kept,Optimizing Database Access Strategy: A Performance Analysis Comparison of Raw SQL and Prisma ORM,J.C. Yusmita,2025,Procedia Computer Science,10.1016/j.procs.2025.09.061,https://www.scopus.com/inward/record.uri?partnerID=HzOxMe3b&scp=105023975736&origin=inward,qualifies-claim,,scopus,llm,0.740,unreviewed,,doi:10.1016/j.procs.2025.09.061
discarded,SaaS Observability on the Microsoft Power Platform and its Performance Impacts,R. Proll,2025,Proceedings 2025 IEEE International Conference on Cloud Engineering Ic2e 2025,10.1109/IC2E65552.2025.00008,https://www.scopus.com/inward/record.uri?partnerID=HzOxMe3b&scp=105022168772&origin=inward,adjacent-subtopic,,scopus,llm,0.950,unreviewed,,doi:10.1109/ic2e65552.2025.00008
discarded,The Institutional Theory of John R. Commons,W. Winslow Gardner,2025,Research in the History of Economic Thought and Methodology,10.1108/S0743-4154(2011)000029C009,https://www.scopus.com/inward/record.uri?partnerID=HzOxMe3b&scp=105027296478&origin=inward,off-topic-false-hit,,scopus,llm,1.000,unreviewed,,doi:10.1108/s0743-4154(2011)000029c009
discarded,Designing for Distributed Heterogeneous Modularity: On Software Architecture and Deployment of the MoonBots,E. Neppel,2025,2025 International Conference on Space Robotics Isparo 2025,10.1109/iSpaRo66239.2025.11436187,https://www.scopus.com/inward/record.uri?partnerID=HzOxMe3b&scp=105036393318&origin=inward,adjacent-subtopic,,scopus,llm,0.830,unreviewed,,doi:10.1109/isparo66239.2025.11436187
discarded,Introduction to Analytical Software Engineering Design Paradigm,T. Houichime,2025,International Conference on Electrical Computer and Energy Technologies Icecet 2025,10.1109/ICECET63943.2025.11472321,https://www.scopus.com/inward/record.uri?partnerID=HzOxMe3b&scp=105037179772&origin=inward,adjacent-subtopic,,scopus,llm,0.760,unreviewed,,doi:10.1109/icecet63943.2025.11472321
discarded,Cognitive and Spontaneous Brain Activity in Nonaddictive Smartphone Users Among Older Adults in China: Cross-Sectional Study,Z. Wan,2025,Journal of Medical Internet Research,10.2196/63485,https://www.scopus.com/inward/record.uri?partnerID=HzOxMe3b&scp=105011511249&origin=inward,off-topic-false-hit,,scopus,llm,1.000,unreviewed,,doi:10.2196/63485
