status,title,authors,year,venue,doi,url,tags,abstract,provider,decision_source,llm_confidence,llm_review_outcome,llm_change_direction,paper_id
kept,Encapsulation and inheritance in object-oriented programming languages,Alan Snyder,1986,ACM SIGPLAN Notices,10.1145/960112.28702,https://openalex.org/W1997522747,qualifies-claim,"Object-oriented programming is a practical and useful programming methodology that encourages modular design and software reuse. Most object-oriented programming languages support data abstraction by preventing an object from being manipulated except via its defined external operations. In most languages, however, the introduction of inheritance severely compromises the benefits of this encapsulation. Furthermore, the use of inheritance itself is globally visible in most languages, so that changes to the inheritance hierarchy cannot be made safely. This paper examines the relationship between inheritance and encapsulation and develops requirements for full support of encapsulation with inheritance.",openalex,llm,0.930,unreviewed,,doi:10.1145/960112.28702
kept,Encapsulation and inheritance in object-oriented programming languages,Alan Snyder,1986,,10.1145/28697.28702,https://openalex.org/W4255667787,qualifies-claim,"Object-oriented programming is a practical and useful programming methodology that encourages modular design and software reuse. Most object-oriented programming languages support data abstraction by preventing an object from being manipulated except via its defined external operations. In most languages, however, the introduction of inheritance severely compromises the benefits of this encapsulation. Furthermore, the use of inheritance itself is globally visible in most languages, so that changes to the inheritance hierarchy cannot be made safely. This paper examines the relationship between inheritance and encapsulation and develops requirements for full support of encapsulation with inheritance.",openalex,llm,0.930,unreviewed,,doi:10.1145/28697.28702
discarded,Object-Oriented Bayesian Networks,Daphne Koller; Avi Pfeffer,2013,arXiv (Cornell University),10.48550/arxiv.1302.1554,https://openalex.org/W1581645897,off-topic-false-hit,"Bayesian networks provide a modeling language and associated inference algorithm for stochastic domains. They have been successfully applied in a variety of medium-scale applications. However, when faced with a large complex domain, the task of modeling using Bayesian networks begins to resemble the task of programming using logical circuits. In this paper, we describe an object-oriented Bayesian network (OOBN) language, which allows complex domains to be described in terms of inter-related objects. We use a Bayesian network fragment to describe the probabilistic relations between the attributes of an object. These attributes can themselves be objects, providing a natural framework for encoding part-of hierarchies. Classes are used to provide a reusable probabilistic model which can be applied to multiple similar objects. Classes also support inheritance of model fragments from a class to a subclass, allowing the common aspects of related classes to be defined only once. Our language has clear declarative semantics: an OOBN can be interpreted as a stochastic functional program, so that it uniquely specifies a probabilistic model. We provide an inference algorithm for OOBNs, and show that much of the structural information encoded by an OOBN--particularly the encapsulation of variables within an object and the reuse of model fragments in different contexts--can also be used to speed up the inference process.",openalex,llm,0.960,unreviewed,,doi:10.48550/arxiv.1302.1554
discarded,Concurrent object-oriented programming,Gul Agha,1990,Communications of the ACM,10.1145/83880.84528,https://openalex.org/W1972106757,adjacent-subtopic,"Three significant trends have underscored the central role of concurrency in computing. First, there is increased use of interacting processes by individual users, for example, application programs running on X windows. Second, workstation networks have become a cost-effective mechanism for resource sharing and distributed problem solving. For example, loosely coupled problems, such as finding all the factors of large prime numbers, have been solved by utilizing ideal cycles on networks of hundreds of workstations. A loosely coupled problem is one which can be easily partitioned into many smaller subproblems so that interactions between the subproblems is quite limited. Finally, multiprocessor technology has advanced to the point of providing supercomputing power at a fraction of the traditional cost. At the same time, software engineering considerations such as the need for data abstraction to promote program modularity underlie the rapid acceptance of object-oriented programming methodology. By separating the specification of what is done (the abstraction) from how it is done (the implementation), the concept of objects provides modularity necessary for programming in the large. It turns out that concurrency is a natural consequence of the concept of objects. In fact Simula, the first object-oriented language, simulated a simple form of concurrency using coroutines on conventional architectures. Current development of concurrent object-oriented programming (COOP) is providing a solid software foundation for concurrent computing on multiprocessors, Future generation computing systems are likely to be based on the foundations being developed by this emerging software technology. The goal of this article is to discuss the foundations and methodology of COOP. Concurrency refers to the potentially parallel execution of parts of a computation. In a concurrent computation, the components of a program may be executed sequentially, or they may be executed in parallel. Concurrency provides us with the flexibility to interleave the execution of components of a program on a single processor, or to distribute it among several processors. Concurrency abstracts away some of the details in an execution, allowing us to concentrate on conceptual issues without having to be concerned with a particular order of execution which may result from the quirks of a given system. Objects can be defined as entities which encapsulate data and operations into a single computational unit. Object models differ in how the internal behavior of objects is specified. Further, models of concurrent computation based on objects must specify how the objects interact, and different design concerns have led to different models of communication between objects. Object-oriented programming builds on the concepts of objects by supporting patterns of reuse and classification, for example, through the use of inheritance which allows all instances of a particular class to share the same method. In the following section, we outline some common patterns of concurrent problem solving. These patterns can be easily expressed in terms of the rich variety of structures provided by COOP. In particular, we discuss the actor model as a framework for concurrent systems 1 and some concepts which are useful in building actor systems. We will then describe some other models of objects and their relation to the actor model along with novel techniques for supporting reusability and modularity in concurrent object-oriented programming. The last section briefly outlines some major on-going projects in COOP. It is important to note that the actor languages give special emphasis to developing flexible program structures which simplify reasoning about programs. By reasoning we do not narrowly restrict ourselves to the problem of program verification—an important program of research whose direct practical utility has yet to be established. Rather our interest is in the ability to understand the properties of software because of clarity in the structure of the code. Such an understanding may be gained by reasoning either informally or formally about programs. The ease with which we can carry out such reasoning is aided by two factors: by modularity in code which is the result of the ability to separate design concerns, and by the ability to abstract program structures which occur repeatedly. In particular, because of their flexible structure, actor languages are particularly well-suited to rapid prototyping applications.",openalex,llm,0.940,unreviewed,,doi:10.1145/83880.84528
discarded,Building application frameworks: object-oriented foundations of framework design,Mohamed E. Fayad; Douglas C. Schmidt; Ralph E. Johnson,1999,,,https://openalex.org/W1485927255,adjacent-subtopic,"Object Technology The first experience-based guide to building object-oriented frameworks Building Application Frameworks By providing reusable skeletons on which to build new applications, frameworks can save you countless hours and thousands (even millions) of dollars in development costs. Written and edited by some of the top names in the object-oriented programming world, this is the first complete study of building frameworks. Using examples drawn from successful implementations worldwide, it walks you through all the steps of a framework development project. Providing guidance on all key technical and business issues surrounding framework construction, it covers: Techniques for developing, integrating, and adapting frameworks Leveraging existing design and code Selecting and utilizing frameworks Tracking, controlling, and documenting framework development Maintaining, measuring, and controlling framework quality Training developers in the effective use of frameworks Evaluating frameworks and framework investments",openalex,llm,0.730,unreviewed,,hash:edd8ee9ac58ec7ae
discarded,Frameworks = (components + patterns),Ralph E. Johnson,1997,Communications of the ACM,10.1145/262793.262799,https://openalex.org/W2052982904,qualifies-claim; adjacent-subtopic,"Frameworks are an object-oriented reuse technique. They share many characteristics with reuse techniques in general, and object-oriented reuse techniques in particular. Although they have been used successfully for some time, and are an important part of the culture of long-time object-oriented developers, they are not well understood outside the object-oriented community and are often misused. Moreover, there is confusion about whether frameworks are large-scale patterns, or whether they are another kind of component. Even the definitions of frameworks vary. The definition we use most is ""a framework is a reusable design of all or part of a system that is represented by a set of abstract classes and the way their instances interact. The ideal reuse technology provides components that can be easily connected to make a new system. The software developer does not have to know how the component is implemented, and it is easy for the developer to learn how to use it. The resulting system will be efficient, easy to maintain, and reliable.",openalex,llm_reviewed,0.880,changed,kept->discarded,doi:10.1145/262793.262799
discarded,Cost models for future software life cycle processes: COCOMO 2.0,BARRY W. BOEHM; Bradford Clark; Ellis Horowitz; Chris Westland; Raymond J. Madachy; Richard W. Selby,1995,Annals of Software Engineering,10.1007/bf02249046,https://openalex.org/W2024880014,adjacent-subtopic,,openalex,llm,0.910,unreviewed,,doi:10.1007/bf02249046
discarded,ECOOP'97 — Object-Oriented Programming,"AkÅit, Mehmet; Matsuoka, Satoshi",1997,Lecture notes in computer science,10.1007/bfb0053371,https://openalex.org/W2499711114,adjacent-subtopic,,openalex,llm,0.980,unreviewed,,doi:10.1007/bfb0053371
discarded,Object-Oriented Programming in the Beta Programming Language,Ole Lehrmann Madsen; Birger Mø-Pedersen; Kristen Nygaard,1993,Addison-Wesley eBooks,,https://openalex.org/W1739798036,adjacent-subtopic,"This is a book on object-oriented programming and the BETA programming language. Object-oriented programming originated with the Simula languages developed at the Norwegian Computing Center, Oslo, in the 1960s. The first Simula language, Simula I, was intended for writing simulation programs. Simula I was later used as a basis for defining a general purpose programming language, Simula 67. In addition to being a programming language, Simula1 was also designed as a language for describing and communicating about systems in general. Simula has been used by a relatively small community for many years, although it has had a major impact on research in computer science. The real breakthrough for object-oriented programming came with the development of Smalltalk. Since then, a large number of programming languages based on Simula concepts have appeared. C++ is the language that has had the greatest influence on the use of object-oriented programming in industry. Object-oriented programming has also been the subject of intensive research, resulting in a large number of important contributions. The authors of this book, together with Bent Bruun Kristensen, have been involved in the BETA project since 1975, the aim of which is to develop concepts, constructs and tools for programming. The BETA language is one main result of this project, the various stages of which have been described in many different reports and articles (Kristensen et al., 1976; 1983a,b; 1985; 1987a,b; 1988; Madsen, 1987; Madsen and Møller-Pedersen, 1988; 1989a,b; 1992; Madsen et al., 1983). This book contains a description of the BETA language together with the conceptual framework on which BETA has been based. Beta is used for formidable buisness tasks as well as in academic education and research.",openalex,llm,0.970,unreviewed,,hash:ce53f9cc3dc15c94
discarded,Understanding object-oriented: a unifying paradigm,Timothy D. Korson; John D. McGregor,1990,Communications of the ACM,10.1145/83880.84459,https://openalex.org/W2056287941,adjacent-subtopic,"The need to develop and maintain large complex software systems in a competitive and dynamic environment has driven interest in new approaches to software design and development. The problems with the classical waterfall model have been cataloged in almost every software engineering text [19,23]. In response, alternative models such as the spiral [2], and fountain [9] have been proposed. Problems with traditional development using the classical life cycle include no iteration, no emphasis on reuse, and no unifying model to integrate the phases. The difference in point of view between following data flows in structured analysis and building hierarchies of tasks in structured design has always been a major problem [4]. Each system is built from scratch and maintenance costs account for a notoriously large share of total system costs. The object-oriented paradigm addresses each of these issues. A look at the object-oriented software life cycle, as described by Meyer [5], Coad and Yourdon [4], and Henderson-Sellers and Edwards [9], identifies the three traditional activities of analysis, design, and implementation. However, each of the referenced descriptions eliminates the distinct boundaries between the phases. The primary reason for this blurring of boundaries is that the items of interest in each phase are the same: objects. Objects and the relationships between objects are identified in both the analysis and design phases. Objects and relationships identified and documented in the analysis phase serve not only as input to the design phase, but as an initial layer in the design. This continuity provides for a much more seamless interface between the phases. Analysts, designers and programmers are working with a common set of items upon which to build. A second reason for the blurring of these boundaries is that the object-oriented development process is iterative. Henderson-Sellers and Edwards further refine this idea by replacing the waterfall model of software development with a fountain model. Development reaches a high level only to fall back to a previous level to begin the climb once again. As an example of the blurring of the traditional boundaries of the life cycle phases, Coad and Yourdon recommend that classification relationships between objects be captured and documented during the object-oriented analysis (OOA) phase. This classification will be directly reflected in the class inheritance structure developed in the design and in the code. This classification is in no way required in order to document the system requirements. In other words, Coad and Yourdon are recommending a traditional design activity in the analysis phase. The blurring of the traditional design and implementation phases has been fueled by the development of encapsulation and abstraction mechanisms in object-oriented and object-based languages. For example, Meyer claims [14] that Eiffel is both a design and an implementation language. He goes on to say that software design is sometimes mistakenly viewed as an activity totally secluded from actual implementation. From his point of view, much is to be gained from an approach that integrates both activities within the same conceptual framework. The object-oriented design paradigm is the next logical step in a progression that has led from a purely procedural approach to an object-based approach and now to the object-oriented approach. The progression has resulted from a gradual shift in point of view in the development process. The procedural design paradigm utilizes functional decomposition to specify the tasks to be completed in order to solve a problem. The object-based approach, typified by the techniques of Yourdon, Jackson and Booth, gives more attention to data specifications than the procedural approach but still utilizes functional decomposition to develop the architecture of a system. The object-oriented approach goes beyond the object-based technique in the emphasis given to data by utilizing the relationships between objects as a fundamental part of the system architecture. The goal in designing individual software components is to represent a concept in what will eventually be an executable form. The Abstract Data Type (ADT) is the object-based paradigm's technique for capturing this conceptual information. The class is the object-oriented paradigm's conceptual modeling tool. The design pieces resulting from the object-oriented design technique represent a tighter coupling of data and functionality than traditional ADTs. These artifacts of the design process used in conjunction with a modeling-based decomposition approach yield a paradigm, a technique, which is very natural and flexible. It is natural in the sense that the design pieces are closely identified with the real-world concepts which they model. It is flexible in the sense of quickly adapting to changes in the problem specifications. Object-oriented remains a term which is interpreted differently by different people. Before presenting an overview of a set of techniques for the design process, we will give our perspective so the reader may judge the techniques in terms of those definitions. Briefly, we adapt Wegner's [27] definition for object-oriented languages to object-oriented design. The pieces of the design are objects which are grouped into classes for specification purposes. In addition to traditional dependencies between data elements, an inheritance relation between classes is used to express specializations and generalizations of the concepts represented by the classes. As natural and flexible as the object-oriented technique is, it is still possible to produce a bad design when using it. We will consider a number of general design criteria and will discuss how the object-oriented approach assists the designer in meeting these criteria. We will refer to a number of design guidelines developed specifically for the object-oriented design paradigm and will discuss how these properties reinforce the concepts of good design. The paradigm sprang from language, has matured into design, and has recently moved into analysis. The blurring of boundaries between these phases has led us to include topics in this article that are outside the realm of design, but which we consider important to understanding the design process. Since the paradigm sprang from language, we define the concepts basic to object-oriented programming in the following section.",openalex,llm,0.840,unreviewed,,doi:10.1145/83880.84459
