status,title,authors,year,venue,doi,url,tags,abstract,provider,decision_source,llm_confidence,llm_review_outcome,llm_change_direction,paper_id
discarded,Abstraction in Assertion-Based Test Oracles,Yoonsik Cheon,2007,Seventh International Conference on Quality Software (QSIC 2007),10.1109/QSIC.2007.4385528,https://ieeexplore.ieee.org/document/4385528/,supports-claim; adjacent-subtopic,"Assertions can be used as test oracles. However, writing effective assertions of right abstraction levels is difficult because on the one hand, detailed assertions are preferred for thorough testing (i.e., to detect as many errors as possible), but on the other hand abstract assertions are preferred for readability, maintainability, and reusability. As assertions become a practical tool for testing and debugging programs, this is an important and practical problem to solve for the effective use of assertions. We advocate the use of model variables - specification-only variables of which abstract values are given as mappings from concrete program states - to write abstract assertions for test oracles. We performed a mutation testing experiment to evaluate the effectiveness of the use of model variables in assertion-based test oracles. According to our experiment, assertions written in terms of model variables are as effective as assertions written without using model variables in detecting (injected) faults, and the execution time overhead of model variables are negligible. Our findings are applicable to other use of runtime checkable assertions.",ieee,llm_reviewed,0.960,changed,kept->discarded,doi:10.1109/qsic.2007.4385528
discarded,Dhara: A Service Abstraction-Based OS Kernel Design Model,Dharanipragada Janakiram; Hemang Mehta; S.J. Balaji,2012,2012 IEEE 17th International Conference on Engineering of Complex Computer Systems,10.1109/ICECCS20050.2012.6299208,https://ieeexplore.ieee.org/document/6299208/,supports-claim; adjacent-subtopic,"Traditional procedural operating system (OS) kernels sacrifice maintainability and understandability for optimum performance. Though object oriented (OO) kernels can address these problems up to a certain extent, they lack the layered approach of services and service compositions. We present a new kernel design model Dhara, that raises the level of abstraction from objects and procedures to services. The service model of Dhara is richer in abstractions than current web service model and paves the way for building a new distributed OS kernel. Dhara conceives an OS as being constructed by multiple stacks of services containing several layers of abstracted services. A key research challenge we envisage in building such model is automatic service compositions of kernel services which can provide desired QoS. A kernel built using Dhara can easily be customized using composed services to derive optimal performance for different applications such as databases. A prototype is developed using Linux kernel as a case study by applying the design concepts of Dhara. We show that overhead of implementation of Dhara is 5% to 15%, which is reasonable, considering the advantages of new design and increased capacity of the hardware in recent times.",ieee,llm_reviewed,0.880,changed,kept->discarded,doi:10.1109/iceccs20050.2012.6299208
discarded,"Modern Software Architecture for Embedded Real-Time Devices: High Value, Little Overhead",Aurélien Monot; Manuel Oriol; Camille Schneider; Michael Wahler,2016,2016 13th Working IEEE/IFIP Conference on Software Architecture (WICSA),10.1109/WICSA.2016.11,https://ieeexplore.ieee.org/document/7516830/,supports-claim; adjacent-subtopic,"Embedded devices are often tightly constrained by CPU power and memory size. As a consequence, developers of embedded software avoid any kind of design abstractions, thinking that they imply large overhead. This results in complex designs with high coupling between the individual entities. The code of such designs is then difficult to maintain or reuse. This article presents FASAlight, a component-based software architecture for embedded devices with a focus on three main quality attributes that support maintenance and reuse: modularity, reusability, and portability. This architecture can be effectively implemented even for low-end embedded devices and only implies at worst a 14% on CPU and small overhead on memory on a device with a 120MHz ARM CPU and 128 kB of RAM.",ieee,llm_reviewed,0.970,changed,kept->discarded,doi:10.1109/wicsa.2016.11
discarded,An Approach for Optimization of Object Queries on Collections Using Annotations,Venkata Krishna Suhas Nerella; Sanjay K. Madria; Thomas Weigert,2013,2013 17th European Conference on Software Maintenance and Reengineering,10.1109/CSMR.2013.36,https://ieeexplore.ieee.org/document/6498475/,adjacent-subtopic,"Object oriented programming languages have raised the level of abstraction by supporting the object querying on collections. Programming languages can execute first class query constructs, using query optimization techniques from the database field, for run time optimizations. Existing approaches, however, such as Java Query Language (JQL), which executes such query constructs on collections have high run time overhead. Therefore, we propose an approach to reduce the burden of run time overhead by performing most of the query optimization for object queries on collections at compile time. This approach both analyzes the source code and obtains the metadata provided through annotations. It relies on building histograms from the metadata information. Then, the predicate and join selectivity estimates within a query are computed from these histograms. The selectivity estimates are maintained accurate with the incremental maintenance of histograms to the data changes in the program at run time. Next, both the selection and join optimizations are applied on the queries. The optimizations help in skipping and eliminating the execution of some of the predicates and joins based on the collected metadata. Finally, a query plan is generated at the compile time through the proposed selectivity cost heuristic. The query itself is executed at run time according to the determined query plan. But, in cases of inaccurate metadata and significant data changes in the source code, the query plan is modified at run time according to the correct selectivity estimates obtained from the updated histograms. Our experimental results demonstrate that our approach reduces the run time overhead of a program with collections more than the earlier approaches such as JQL.",ieee,llm,0.940,unreviewed,,doi:10.1109/csmr.2013.36
discarded,"Do Contexts Help in Phrase-Based, Statistical Source Code Migration?",Anh Tuan Nguyen; Zhaopeng Tu; Tien N. Nguyen,2016,2016 IEEE International Conference on Software Maintenance and Evolution (ICSME),10.1109/ICSME.2016.89,https://ieeexplore.ieee.org/document/7816463/,adjacent-subtopic,"Prior research showed that to migrate Java code to C# by directly applying phrase-based statistical machine translation (SMT) on the lexemes of source code produces much semantically incorrect code. In this work, we conduct empirical studies on several open-source projects to investigate the use of well-defined semantics in programming languages to guide the translation process in SMT. We have investigated five types of features forming the contexts involving the (semantic) relations among code tokens including occurrence association among code tokens, data and control dependencies among program entities, visibility constraints of entities, and the consistency in declarations and accesses of variables, fields and methods. We use the Direct Maximum Entropy (DME) approach for feature integration. Our empirical results show that as individual features added to the baseline SMT model, token association and data dependencies contribute much with highest relative improvement in semantic correctness of up to 18.3% and 18.5%, respectively. The integration of three feature types (token association, data dependencies, and visibility) into the baseline model has highest relative improvement with up to 26.4% improvement in semantic correctness. Generally, 43.5-80.7% of the total translated methods are semantically correct. Our results show a good direction of using SMT with semantic features at different levels of abstraction to improve its accuracy.",ieee,llm,0.960,unreviewed,,doi:10.1109/icsme.2016.89
discarded,Do Extracted State Machine Models Help to Understand Embedded Software?,Wasim Said; Jochen Quante; Rainer Koschke,2019,2019 IEEE/ACM 27th International Conference on Program Comprehension (ICPC),10.1109/ICPC.2019.00038,https://ieeexplore.ieee.org/document/8813256/,supports-claim; adjacent-subtopic,"Program understanding is a prerequisite for several software activities, such as maintenance, evolution, and reengineering. Code in itself is so detailed that it is often hard to understand. More abstract models describing its behaviour may ease program understanding. Manually building understandable abstractions from complex source code – as an explicit or just mental model – requires in-depth analysis of the code in the first place. Therefore, it is a time-consuming and tedious activity for developers. Model mining can support program comprehension by semi-automatically extracting high-level models from code. One helpful model is a state machine, which is an established formalism for specifying the behaviour of a software component. In this paper, we report on a controlled experiment that investigates the question: Do semi-automatically extracted state machines make understanding of complex embedded code more effective? The experiment was conducted with 30 participants on two industrial embedded C code functions. The results show that the share of correct answers increases and the required time to solve the tasks decreases significantly when extracted state machines are available. We conclude that mined state machines do in fact help in program understanding.",ieee,llm_reviewed,0.820,changed,kept->discarded,doi:10.1109/icpc.2019.00038
discarded,A Holistic Approach to Hardware Abstraction Layers,Josselyn Webb,2022,2022 IEEE AUTOTESTCON,10.1109/AUTOTESTCON47462.2022.9984759,https://ieeexplore.ieee.org/document/9984759/,off-topic-false-hit,"The United States Marine Corps (USMC) Ground Weapons Automated Test Equipment (ATE) family of systems, as well as the software that supports these systems, is outdated and approaching the necessity to be replaced. The Virtual Instrument Portable Equipment Repair/Tester (VIPER/T) system has been in place since 2006 and the Third Echelon Test Set (TETS) system has been utilized since the 1990s. During the development of VIPER/T, it was decided that the USMC needed a Hardware Abstraction Layer (HAL) to provide the ability to switch out hardware without having to change the supporting software. This implementation, named the Common Instrument Control Layer (CICL), was close; however, it did not provide the seamless approach that was being sought. The current implementation involves a Simple Object Access Protocol (SOAP) service that utilizes Automatic Test Extensible Markup Language (ATXML) traffic to invoke the instrument layer. This has allowed the isolation of the drivers; however, the abstraction of the capability is not robust and the exposure of the instrument is highly coupled to the instrument's capability. Over time, the language choice and complexity of the SOAP layer encouraged work-arounds that have compromised the abstraction due to the level of difficulty in modifying that layer. As a result, the Electronics Software Calibration Test (ESCT) Division noticed a proliferation in the use of “Non-ATLAS Modules” (NAM) that bypass the HAL completely. In recent years there has been a push in the ATE community to move away from the Abbreviated Test Language for All Systems (ATLAS) programming language. From the ESCT's perspective, the reasoning for this is twofold: 1) the standard is no longer being maintained, and 2) it has become increasingly hard to find personnel that are already proficient with ATLAS or have an interest and/or time to learn it. The age of the current systems has necessitated a need to replace the instrumentation that is no longer being produced. With this in mind, as well as the complexity of the CICL and the desire/necessity to move away from ATLAS, a decision was made to design a new HAL that would allow the USMC to meet the following goals: allow for seamless transition when replacing instrumentation; utilize a more modern programming language (C#); allow continued use of the currently fielded Application Program Sets (APS); and provide a way to simulate systems without a need for physical instrumentation.",ieee,llm,1.000,unreviewed,,doi:10.1109/autotestcon47462.2022.9984759
discarded,Reliability-aware design for nanometer-scale devices,David Atienza; Giovanni De Micheli; Luca Benini; Jose L. Ayala; Pablo G. Del Valle; Michael DeBole; Vijay Narayanan,2008,2008 Asia and South Pacific Design Automation Conference,10.1109/ASPDAC.2008.4484011,https://ieeexplore.ieee.org/document/4484011/,off-topic-false-hit,"Continuous transistor scaling due to improvements in CMOS devices and manufacturing technologies is increasing processor power densities and temperatures; thus, creating challenges to maintain manufacturing yield rates and reliable devices in their expected lifetimes for latest nanometer-scale dimensions. In fact, new system and processor microarchitectures require new reliability-aware design methods and exploration tools that can face these challenges without significantly increasing manufacturing cost, reducing system performance or imposing large area overheads due to redundancy. In this paper we overview the latest approaches in reliability modeling and variability-tolerant design for latest technology nodes, and advocate the need of reliability- aware design for forthcoming consumer electronics. Moreover, we illustrate with a case study of an embedded processor that effective reliability-aware design can be achieved in nanometer-scale devices through integral design approaches that covers modeling and exploration of reliability effects, and hardware-software architectural techniques to provide reliability-enhanced solutions at both microarchitectural- and system-level.",ieee,llm,0.990,unreviewed,,doi:10.1109/aspdac.2008.4484011
discarded,Understanding model evolution through semantically lifting model differences with SiLift,Timo Kehrer; Udo Kelter; Manuel Ohrndorf; Tim Sollbach,2012,2012 28th IEEE International Conference on Software Maintenance (ICSM),10.1109/ICSM.2012.6405342,https://ieeexplore.ieee.org/document/6405342/,supports-claim; adjacent-subtopic,"In model-based software development, models are primary artifacts which iteratively evolve and which have many versions during their lifetime. A clear representation of the changes between different versions of a model is the key to understanding and successfully managing the evolution of a model-based system. However, model comparison tools currently available display model differences on a low level of abstraction, namely in terms of basic graph operations on the abstract syntax graph of a model. These low-level model differences are often hard or even impossible to understand for normal tool users who are not familiar with meta-models. In this paper we present SiLift, a generic tool environment which is able to semantically lift low-level differences of EMF-based models into representations of user-level edit operations.",ieee,llm_reviewed,0.860,changed,kept->discarded,doi:10.1109/icsm.2012.6405342
discarded,A Visual Model-Based Evaluation Framework of Cloud-Based Prognostics and Health Management,Kedun Mao; Yongxin Zhu; Zhixiong Chen; Xiang Tao; Qixuan Xue; Han Wu; Yishu Mao; Junjie Hou,2017,2017 IEEE International Conference on Smart Cloud (SmartCloud),10.1109/SmartCloud.2017.12,https://ieeexplore.ieee.org/document/8118415/,adjacent-subtopic,"Nowadays, systems for various smart city industries such as city power plants, public transportation and integrated modular avionics are becoming increasingly complicated, with most of components being embedded and geologically distributed. In order to ensure the availability of target systems, prognostic and health management develops as an important system to assess the current health state and estimate the future health state based on modern Industrial Internet of Things (IIoT) and cloud computing technologies. The early design of PHM systems requires system engineering methodology to ensure the robustness and effectiveness of systems. However, as the complexity grows, there may be some misunderstanding in specification that are not obvious and it is hard to perform verification and evaluation in a more intuitive way. In order to enhance the intuitiveness and reduce the misunderstanding in early development stage, we present a visual model-based framework to simulate and evaluate the cloud-based prognostics and health management systems. The framework proposes a three-abstraction-layer hierarchical architecture to represent distributed data sources and cloud-based PHM service center. The design of the framework is based on system modeling language and allows flexible algorithm implementations of function modules. The simulation of framework is visualized through the animated behavior diagrams. Furthermore, we propose a performance evaluation and measurement method combining quality of maintenance analysis and cost-benefit analysis for PHM systems.",ieee,llm,0.890,unreviewed,,doi:10.1109/smartcloud.2017.12
discarded,Extraction of Documentation from Fortran 90 Source Code: An Industrial Experience,Josef Pichler,2013,2013 17th European Conference on Software Maintenance and Reengineering,10.1109/CSMR.2013.58,https://ieeexplore.ieee.org/document/6498497/,adjacent-subtopic,"Software programs in scientific and engineering domains typically contain complex and extensive computations that are additionally optimized concerning running time or memory requirements. As a consequence, the actual computations are often hard to comprehend from the source code only. This paper presents tool support to extract documentation from source code that reveals the actual computation. We discuss how to generate the entire documentation from the source code automatically by using a minimum of additional annotations. This reduces the effort for writing documentation manually and ensures consistency between source code and documentation. Furthermore, the extracted documentation is given in a notation expected and comprehensible by domain experts. We applied our approach in the electrical engineering domain for software systems implemented in the Fortran 90 programming langugage.",ieee,llm,0.850,unreviewed,,doi:10.1109/csmr.2013.58
discarded,"ROMULUS: Domain Driven Design and Mashup Oriented Development Based on Open Source Java Metaframework for Pragmatic, Reliable and Secure Web Development",Boni García; Juan C. Dueñas; Jose I. Fernandez-Villamor; Adam Westerski; Mercedes Garijo; Carlos A. Iglesias,2010,2010 14th European Conference on Software Maintenance and Reengineering,10.1109/CSMR.2010.30,https://ieeexplore.ieee.org/document/5714433/,supports-claim; adjacent-subtopic,"Web software development is one of the most active areas and fastest growing industries in software and services development in Europe. In particular, Java Enterprise Edition is the mainstream European technology option for one million European developers. Since web development is not still a mature area, the proliferation of frameworks and components has both increased the required skills of web engineers, and has considerably reduced their productivity. For that reason, the evolution of existing Java based web applications is a very hard and time-consuming task. ROMULUS project has researched Domain Driven Design (DDD) for web application development on Java by means of an open source metaframework. A web metaframework is an abstract layer that collects the main aspects of current web frameworks, such as persistence, security, web flow or authentication.",ieee,llm_reviewed,0.730,changed,kept->discarded,doi:10.1109/csmr.2010.30
kept,An Empirical Study on the Impact of Deimplicitization on Comprehension in Programs Using Application Frameworks,Jürgen Cito; Jiasi Shen; Martin Rinard,2020,2020 IEEE/ACM 17th International Conference on Mining Software Repositories (MSR),10.1145/3379597.3387507,https://ieeexplore.ieee.org/document/10148710/,qualifies-claim,"Background: Application frameworks, such as Ruby on Rails, introduce abstractions with the goal of simplifying development for particular application domains, such as web development. While experts enjoy increased productivity due to these abstractions, the flow of the programs is often hard to understand for non-experts and newcomers due to implicit flow and concealed lower level action that seems like “magic”. Objective: We conjecture that converting these implicit flows into an explicit and unified form can help non-experts comprehend the programs using these frameworks. We call the process of unifying distributed, implicit flows into a single routine deimplicitization. Method: We want to conduct an experiment that studies the impact of deimplicitization on program comprehension. Particularly, we want to study how software developers with different expertise (novices/students, framework experts/professional developers) can answer comprehension questions differently with respect to time and correctness, under the treatments of either a deimplicitized version of the program in Python or the original version of the program in Ruby on Rails.",ieee,llm,0.990,unreviewed,,doi:10.1145/3379597.3387507
