status,title,authors,year,venue,doi,url,tags,abstract,provider,decision_source,llm_confidence,llm_review_outcome,llm_change_direction,paper_id
discarded,Wire Sorts: A Language Abstraction for Safe Hardware Composition,"Christensen, Michael; Sherwood, Timothy; Balkind, Jonathan; Hardekopf, Ben",2021,PROCEEDINGS OF THE 42ND ACM SIGPLAN INTERNATIONAL CONFERENCE ON PROGRAMMING LANGUAGE DESIGN AND IMPLEMENTATION (PLDI '21),10.1145/3453483.3454037,https://www.webofscience.com/wos/woscc/full-record/WOS:000723661700012,off-topic-false-hit,"Effective digital hardware design fundamentally requires decomposing a design into a set of interconnected modules, each a distinct unit of computation and state. However, naively connecting hardware modules leads to real-world pathological cases which are surprisingly far from obvious when looking at the interfaces alone and which are very difficult to debug after synthesis. We show for the first time that it is possible to soundly abstract even complex combinational dependencies of arbitrary hardware modules through the assignment of IO ports to one of four new sorts which we call: to-sync, to-port, from-sync, and from-port. This new taxonomy, and the reasoning it enables, facilitates modularity by escalating problematic aspects of module input/output interaction to the language-level interface specification. We formalize and prove the soundness of our new wire sorts, implement them in a practical hardware description language, and demonstrate they can be applied and even inferred automatically at scale. Through an examination of the BaseJump STL, the OpenPiton manycore research platform, and a complete RISC-V implementation, we find that even on our biggest design containing 1.5 million primitive gates, analysis takes less than 31 seconds; that across 172 unique modules analyzed, the inferred sorts are widely distributed across our taxonomy; and that by using wire sorts, our tool is 2.6-33.9x faster at finding loops than standard synthesis-time cycle detection.",wos,llm,0.990,unreviewed,,doi:10.1145/3453483.3454037
discarded,Ortac: Runtime Assertion Checking for OCaml (Tool Paper),"Filliatre, Jean-Christophe; Pascutto, Clement",2021,RUNTIME VERIFICATION (RV 2021),10.1007/978-3-030-88494-9_13,https://www.webofscience.com/wos/woscc/full-record/WOS:000719383800013,adjacent-subtopic,"Runtime assertion checking (RAC) is a convenient set of techniques that lets developers abstract away the process of verifying the correctness of their programs by writing formal specifications and automating their verification at runtime.

In this work, we present ortac, a runtime assertion checking tool for OCaml libraries and programs. OCaml is a functional programming language in which idioms rely on an expressive type system, modules, and interface abstractions. ortac consumes interfaces annotated with type invariants and function contracts and produces code wrappers with the same signature that check these specifications at runtime. It provides a flexible framework for traditional assertion checking, monitoring mis-behaviors without interruptions, and automated fuzz testing for OCaml programs.

This paper presents an overview of ortac features and highlights its main design choices.",wos,llm,0.940,unreviewed,,doi:10.1007/978-3-030-88494-9_13
discarded,TxTrack v0.9: A Lagrangian ocean analysis web-framework for trajectory modeling,"Hsu, Chuan-Yuan; DiMarco, Steven F.; Whilden, Kerri; Knap, Anthony; Buschang, Steve",2020,GLOBAL OCEANS 2020: SINGAPORE - U.S. GULF COAST,10.1109/IEEECONF38699.2020.9388999,https://www.webofscience.com/wos/woscc/full-record/WOS:000669813300031,adjacent-subtopic,"The trajectory model-TxTrack is an open-source project for oil spill topics. The central design concept of the version v0.9 written in this article is to provide a concise user interface as a protocol; composable abstractions to encapsulate various dynamic processes and an extensible Lagrangian trajectory model between particles and gridded data from Texas coastal high-frequency radar (TxHFR) and a web-based platform for data visualization. TxTrack follows the modern scientific software engineering concept, i.e., a modular structure. Thus, TxTrack's feature is not only that it can directly operate the simulation of particle trajectories through web pages, but also can use Python programming language to perform marine scientific research.

The model has three components. The first component is the external data access component. This component allows data to be pulled directly from the THREDDS server and also from the local directories where they exist. The second component is the computing kernel. The computing kernel computes oil tracking based on the Lagrangian approach with parallel computing. The third component is the visualization component that provides a user-friendly interface page that is readable from any browser. The model validation has been calibrated from available surface drifters, shows a good correlation with the trajectories and reveals its abilities as a management tool. The prediction of spills from this model will be very useful in establishing an effective response to oil spilled in the coastal environment.",wos,llm,0.880,unreviewed,,doi:10.1109/ieeeconf38699.2020.9388999
discarded,Autonomous mobile software automation via semantic knowledge graphs and LLM reasoning,J. Xu,2026,Automated Software Engineering,10.1007/s10515-026-00663-4,https://www.scopus.com/inward/record.uri?partnerID=HzOxMe3b&scp=105048909823&origin=inward,adjacent-subtopic,,scopus,llm,0.720,unreviewed,,doi:10.1007/s10515-026-00663-4
discarded,Kora: A Physics-Based Fire Pipeline and Toolset,A. Stomakhin,2026,Proceedings Digipro 2026 ACM Digital Production Symposium,10.1145/3819990.3820026,https://www.scopus.com/inward/record.uri?partnerID=HzOxMe3b&scp=105046116865&origin=inward,adjacent-subtopic,,scopus,llm,0.700,unreviewed,,doi:10.1145/3819990.3820026
discarded,Engineering Practices in Open-Source Agent Frameworks: A Large-Scale Empirical Study,Y. Zhai,2026,Fse Companion 2026 Proceedings of the 34th ACM International Conference on the Foundations of Software Engineering,10.1145/3803437.3805533,https://www.scopus.com/inward/record.uri?partnerID=HzOxMe3b&scp=105045809361&origin=inward,adjacent-subtopic,,scopus,llm,0.740,unreviewed,,doi:10.1145/3803437.3805533
discarded,Integrated System Planning: Emerging Software Requirements in the Power Industry,J.D. Lara,2026,IEEE Power and Energy Magazine,10.1109/MPE.2026.3678211,https://www.scopus.com/inward/record.uri?partnerID=HzOxMe3b&scp=105044527023&origin=inward,adjacent-subtopic,,scopus,llm,0.720,unreviewed,,doi:10.1109/mpe.2026.3678211
discarded,"Deep-Sea Soft Bionic Fish: Advances in Pressure-Tolerant Design, Soft Actuation, and Autonomous Systems",S. Yang,2026,Biomimetics,10.3390/biomimetics11070450,https://www.scopus.com/inward/record.uri?partnerID=HzOxMe3b&scp=105045707453&origin=inward,off-topic-false-hit,,scopus,llm,0.980,unreviewed,,doi:10.3390/biomimetics11070450
discarded,Research progress on alloy catalysts in the electrocatalytic reduction of nitrates for ammonia production,H. Zhou,2026,Journal of Power Sources,10.1016/j.jpowsour.2026.240070,https://www.scopus.com/inward/record.uri?partnerID=HzOxMe3b&scp=105035243485&origin=inward,off-topic-false-hit,,scopus,llm,0.990,unreviewed,,doi:10.1016/j.jpowsour.2026.240070
discarded,Model-Driven Legacy System Modernization at Scale,T. Böhm,2026,Proceedings 2026 1st International Workshop on Code Translation Transformation and Modernization Recode 2026,10.1145/3786180.3788318,https://www.scopus.com/inward/record.uri?partnerID=HzOxMe3b&scp=105042192415&origin=inward,adjacent-subtopic,,scopus,llm,0.750,unreviewed,,doi:10.1145/3786180.3788318
discarded,Supporting Design Reasoning in AI-assisted Interface Prototyping for HCI Research,E. Kim,2026,Conference on Human Factors in Computing Systems Proceedings,10.1145/3772363.3798883,https://www.scopus.com/inward/record.uri?partnerID=HzOxMe3b&scp=105038102983&origin=inward,adjacent-subtopic,,scopus,llm,0.790,unreviewed,,doi:10.1145/3772363.3798883
discarded,A Unified Interface for Framework-Agnostic Quantum Circuit Construction Based on Tokenized Text Input,R. Gil-Serret,2026,Software Practice and Experience,10.1002/spe.70051,https://www.scopus.com/inward/record.uri?partnerID=HzOxMe3b&scp=105027652926&origin=inward,adjacent-subtopic,,scopus,llm,0.750,unreviewed,,doi:10.1002/spe.70051
discarded,Advancements and future expansions of the Caribou DAQ system,Y. Otarid,2026,Journal of Instrumentation,10.1088/1748-0221/21/04/C04051,https://www.scopus.com/inward/record.uri?partnerID=HzOxMe3b&scp=105037465978&origin=inward,off-topic-false-hit,,scopus,llm,0.860,unreviewed,,doi:10.1088/1748-0221/21/04/c04051
discarded,Experimental control system of the X-ray magnetic circular dichroism endstation at Hefei Light Source-II,A. Kong,2026,Journal of Synchrotron Radiation,10.1107/S160057752501135X,https://www.scopus.com/inward/record.uri?partnerID=HzOxMe3b&scp=105031631297&origin=inward,off-topic-false-hit,,scopus,llm,0.960,unreviewed,,doi:10.1107/s160057752501135x
discarded,Chext: A Domain-specific Language for Safe and Agile Elastic Dataflow Accelerators,C. Sönmez,2026,Proceedings of the 2026 ACM SIGDA International Symposium on Field Programmable Gate Arrays FPGA 2026,10.1145/3748173.3779543,https://www.scopus.com/inward/record.uri?partnerID=HzOxMe3b&scp=105032929996&origin=inward,adjacent-subtopic,,scopus,llm,0.780,unreviewed,,doi:10.1145/3748173.3779543
discarded,OPFEM: architectural design and implementation of a CAE software for finite element modeling and simulation,W. Huang,2026,Acta Mechanica Sinica Lixue Xuebao,10.1007/s10409-025-25450-x,https://www.scopus.com/inward/record.uri?partnerID=HzOxMe3b&scp=105027727235&origin=inward,adjacent-subtopic,,scopus,llm,0.780,unreviewed,,doi:10.1007/s10409-025-25450-x
discarded,Hardware-Software Co-Development for Emerging CXL Architectures,R. Gioiosa,2026,Memsys 2025 Proceedings of the International Symposium on Memory Systems,10.1145/3767110.3767113,https://www.scopus.com/inward/record.uri?partnerID=HzOxMe3b&scp=105031095682&origin=inward,adjacent-subtopic,,scopus,llm,0.830,unreviewed,,doi:10.1145/3767110.3767113
discarded,Design Principle Based Extended ICB Measure (DP-EICB),O.V.D.E. Roshani,2026,Proceedings Icses 2026 5th International Conference on Innovative Computing Intelligent Communication and Smart Electrical Systems,10.1109/ICSES66558.2026.11479083,https://www.scopus.com/inward/record.uri?partnerID=HzOxMe3b&scp=105038314600&origin=inward,off-topic-false-hit,,scopus,llm,0.550,unreviewed,,doi:10.1109/icses66558.2026.11479083
discarded,Designing Concurrent Distributed Systems by Interface Contracts,M. Broy,2026,Lecture Notes in Computer Science,10.1007/978-3-031-97537-0_14,https://www.scopus.com/inward/record.uri?partnerID=HzOxMe3b&scp=105022696015&origin=inward,adjacent-subtopic,,scopus,llm,0.650,unreviewed,,doi:10.1007/978-3-031-97537-0_14
discarded,A Spotlight on the Role of Functional Programming & Haskell in Computing & Software Development,M. Fonkam,2026,Communications in Computer and Information Science,10.1007/978-3-032-22202-2_5,https://www.scopus.com/inward/record.uri?partnerID=HzOxMe3b&scp=105039913827&origin=inward,adjacent-subtopic,,scopus,llm,0.690,unreviewed,,doi:10.1007/978-3-032-22202-2_5
discarded,Perfecting AI Agent Frameworks through Unified Design Principles,S. Lopez,2026,International Conference on Agents and Artificial Intelligence,10.5220/0014422300004052,https://www.scopus.com/inward/record.uri?partnerID=HzOxMe3b&scp=105035586632&origin=inward,adjacent-subtopic,,scopus,llm,0.760,unreviewed,,doi:10.5220/0014422300004052
discarded,Simulation to Silicon: A Unified Concurrency Abstraction for Portable Verification Testbenches,S. Gupta,2026,IEEE Access,10.1109/ACCESS.2026.3717732,https://www.scopus.com/inward/record.uri?partnerID=HzOxMe3b&scp=105046292966&origin=inward,adjacent-subtopic,,scopus,llm,0.760,unreviewed,,doi:10.1109/access.2026.3717732
discarded,PrOMETHeUS: A Tool For DEVS Modelling and Visualization,C. Winstanley,2026,Syscon 2026 the 20th Annual IEEE International Systems Conference Conference Proceedings,10.1109/SysCon66367.2026.11503489,https://www.scopus.com/inward/record.uri?partnerID=HzOxMe3b&scp=105040682528&origin=inward,adjacent-subtopic,,scopus,llm,0.830,unreviewed,,doi:10.1109/syscon66367.2026.11503489
discarded,A ROS-Based Hardware Abstraction Layer for Multifunction End-Effector Integration*,V.R. Passos,2026,2026 IEEE SICE International Symposium on System Integration Sii 2026,10.1109/SII64115.2026.11404519,https://www.scopus.com/inward/record.uri?partnerID=HzOxMe3b&scp=105035765729&origin=inward,off-topic-false-hit,,scopus,llm,0.990,unreviewed,,doi:10.1109/sii64115.2026.11404519
discarded,"EMCI-EMP: a scalable, high-performance interface for the ATLAS Detector Control System",D. Ecker,2026,Journal of Instrumentation,10.1088/1748-0221/21/01/C01037,https://www.scopus.com/inward/record.uri?partnerID=HzOxMe3b&scp=105034076121&origin=inward,off-topic-false-hit,,scopus,llm,0.900,unreviewed,,doi:10.1088/1748-0221/21/01/c01037
discarded,Accelerating AI-Powered Research: The PuppyChatter Framework for Usable and Flexible Tooling,C.H. Tseng,2026,Communications in Computer and Information Science,10.1007/978-981-95-9843-4_8,https://www.scopus.com/inward/record.uri?partnerID=HzOxMe3b&scp=105044874712&origin=inward,adjacent-subtopic,,scopus,llm,0.750,unreviewed,,doi:10.1007/978-981-95-9843-4_8
discarded,Structure-preserving object-oriented modelling of reaction-driven plants,F. Esposito,2026,2026 34th Mediterranean Conference on Control and Automation MED 2026,10.1109/MED70602.2026.11598110,https://www.scopus.com/inward/record.uri?partnerID=HzOxMe3b&scp=105046132602&origin=inward,adjacent-subtopic,,scopus,llm,0.750,unreviewed,,doi:10.1109/med70602.2026.11598110
discarded,Engineering Trustworthy Automation: Design Principles and Evaluation for AutoML Tools for Novices,J. Thys,2026,Lecture Notes in Computer Science,10.1007/978-3-032-26051-2_9,https://www.scopus.com/inward/record.uri?partnerID=HzOxMe3b&scp=105041873034&origin=inward,adjacent-subtopic,,scopus,llm,0.820,unreviewed,,doi:10.1007/978-3-032-26051-2_9
discarded,Evolution of Mathematical and Geometrical Modeling Techniques from Ancient India to Computational and Parametric Design: Approaches for Its Pedagogic Integration in Architecture Design School Studios,S.S. Pillai,2026,Lecture Notes in Networks and Systems,10.1007/978-981-96-8987-3_34,https://www.scopus.com/inward/record.uri?partnerID=HzOxMe3b&scp=105030873099&origin=inward,off-topic-false-hit,,scopus,llm,0.980,unreviewed,,doi:10.1007/978-981-96-8987-3_34
discarded,"47th International Conference on Application and Theory of Petri Nets and Concurrency, PETRI NETS 2026",,2026,Lecture Notes in Computer Science,,https://www.scopus.com/inward/record.uri?partnerID=HzOxMe3b&scp=105041640085&origin=inward,adjacent-subtopic,,scopus,llm,0.940,unreviewed,,hash:a885caef53b992b2
discarded,Building Blocks for Object-Oriented Refactoring Engines,B. Šarenac,2026,Lecture Notes in Networks and Systems,10.1007/978-3-032-04890-5_35,https://www.scopus.com/inward/record.uri?partnerID=HzOxMe3b&scp=105031621299&origin=inward,adjacent-subtopic,,scopus,llm,0.780,unreviewed,,doi:10.1007/978-3-032-04890-5_35
discarded,Software between Quantum and Machine Learning-And Down to Pulses,M. Franz,2026,Proceedings 2026 IEEE International Conference on Quantum Software Qsw 2026,10.1109/QSW72780.2026.00017,https://www.scopus.com/inward/record.uri?partnerID=HzOxMe3b&scp=105049706485&origin=inward,adjacent-subtopic,,scopus,llm,0.760,unreviewed,,doi:10.1109/qsw72780.2026.00017
discarded,The Evolution of Kubernetes Architecture for General-Purpose AI Systems (GPAIS),A. Ojea,2026,2026 IEEE Conference on Artificial Intelligence Cai 2026,10.1109/CAI68641.2026.11536420,https://www.scopus.com/inward/record.uri?partnerID=HzOxMe3b&scp=105042125437&origin=inward,adjacent-subtopic,,scopus,llm,0.800,unreviewed,,doi:10.1109/cai68641.2026.11536420
discarded,OpenET: Converging on Open Standards for Hardware-Interfacing and Data-Sharing in Eye-Tracking,S. Saxena,2026,Communications in Computer and Information Science,10.1007/978-3-032-30819-1_62,https://www.scopus.com/inward/record.uri?partnerID=HzOxMe3b&scp=105044999876&origin=inward,adjacent-subtopic,,scopus,llm,0.760,unreviewed,,doi:10.1007/978-3-032-30819-1_62
discarded,Formal Methods Meet AI Guidance for Correct Software Development,M. Krumrey,2026,Lecture Notes in Computer Science,10.1007/978-3-032-12484-5_7,https://www.scopus.com/inward/record.uri?partnerID=HzOxMe3b&scp=105030923209&origin=inward,adjacent-subtopic,,scopus,llm,0.790,unreviewed,,doi:10.1007/978-3-032-12484-5_7
discarded,The One-Token Model: a Measurement Architecture for Energy and Carbon-Aware Ai Inference,M. Francois,2026,Proceedings 2026 IEEE 23rd International Conference on Software Architecture Companion Icsa C 2026,10.1109/ICSA-C68850.2026.00062,https://www.scopus.com/inward/record.uri?partnerID=HzOxMe3b&scp=105048457323&origin=inward,adjacent-subtopic,,scopus,llm,0.800,unreviewed,,doi:10.1109/icsa-c68850.2026.00062
kept,Maintaining FORTRAN software by enforcing abstract data types,K.W. Miller; L.J. Morell; W.R. Collins,1988,"Proceedings. Conference on Software Maintenance, 1988.",10.1109/ICSM.1988.10178,https://ieeexplore.ieee.org/document/10178/,supports-claim,"The principles of data abstraction facilitate maintenance and enhance software reliability. However, FORTRAN includes features that undermine data abstraction. A FORTRAN preprocessor called FAD enforces data abstraction when reusing FORTRAN-callable subprograms. Using FAD, reusable software is organized as the implementation of abstract data types (ADTs). FAD users access the reusable software by declarations and subprogram invocations based on the ADTs. The FAD preprocessor translates ADT references into FORTRAN code and prohibits inappropriate manipulation of ADT instances. With the FAD system, ADT implementations can be changed without changing FORTRAN code that uses the ADTs. A maintenance strategy using FAD facilitates detailed control of reusable software.<>",ieee,llm,0.990,unreviewed,,doi:10.1109/icsm.1988.10178
discarded,Model-Driven Development of User Interfaces: Promises and Challenges,Z. Obrenovic; D. Starcevic,2005,"EUROCON 2005 - The International Conference on ""Computer as a Tool""",10.1109/EURCON.2005.1630185,https://ieeexplore.ieee.org/document/1630185/,adjacent-subtopic,"In this paper we discuss promises and challenges of model-driven development of user interfaces. MDD's defining characteristic is that development's primary focus and products are models rather than computer programs. These aspects are very important for HCI, as user interface development is complex, multidisciplinary activity, while the implementation platforms do not directly support many of important high-level HCI concepts. Joining MDD and HCI can bring many advantages to both fields. In the case of HCI, it would enable more efficient development of user interfaces, usage of existing standards, tools, and wider acceptance of these results. On the other hand, integrating human-computer interaction accomplishments into the MDD approach can lead toward creation of more complete and better accessible solutions. Still, there are many open problems. One of the main challenges is the absence of the formal description of relevant HCI concepts, which in MDD should serve as the metamodel",ieee,llm,0.890,unreviewed,,doi:10.1109/eurcon.2005.1630185
discarded,A survey of plasticity in 3D user interfaces,Jérémy Lacoche; Thierry Duval; Bruno Arnaldi; Eric Maisel; Jérôme Royan,2014,2014 IEEE 7th Workshop on Software Engineering and Architectures for Realtime Interactive Systems (SEARIS),10.1109/SEARIS.2014.7152797,https://ieeexplore.ieee.org/document/7152797/,adjacent-subtopic,"Plasticity of 3D user interfaces refers to their capabilities to automatically fit to a set of hardware and environmental constraints. This area of research has already been deeply explored in the domain of traditional 2D user interfaces. Besides, during the last decade, interest in 3D user interfaces has grown. Designers find with 3D user interfaces new ways to promote and interact with data, such as e-commerce websites, scientific data visualization, etc. Because of the wide variety of Virtual Reality (VR) and Augmented Reality (AR) applications in terms of hardware, data and target users, there is a real interest in solutions for automatic adaption in order to improve the user experience in any context while reducing the development costs. An adaptation is performed in reaction to different criteria defining a system such as the targeted hardware platform, the user's context and the structure and the semantic of the manipulated data. This adaptation can then impact the system in different ways, especially content presentation, interaction techniques modifications and eventually the current distribution of the system across a set of available devices. We present the state of the art about plastic 3D user interfaces. Moreover, we present well known methods in the field of 2D user interfaces that could become relevant for 3D user interfaces. With this survey, we show that current solutions do not meet all plasticity requirements. That is why we propose an action plan to meet these requirements.",ieee,llm,0.950,unreviewed,,doi:10.1109/searis.2014.7152797
