status,title,authors,year,venue,doi,url,tags,abstract,provider,decision_source,llm_confidence,llm_review_outcome,llm_change_direction,paper_id
discarded,Object-Oriented Software Metrics,Jana Polgar,2005,IGI Global eBooks,10.4018/978-1-59140-553-5.ch379,https://openalex.org/W303041664,adjacent-subtopic,"Software measurement is considered to be an efficient means to monitor the quality of software projects, predict cost of maintenance, assess reusability of components, provide prediction of faults in similar projects, and contribute to improvement of the software development process. This chapter surveys software metrics literature with particular focus on object-oriented metrics, and metrics for measuring code complexity. Furthermore, we provide a critical view of software metrics and their usability.",openalex,llm,0.920,unreviewed,,doi:10.4018/978-1-59140-553-5.ch379
discarded,A survey of software reuse libraries,Amira Mili; R. Zalila Mili; Roland T. Mittermeir,1998,Annals of Software Engineering,10.1023/a:1018964121953,https://openalex.org/W1572680882,adjacent-subtopic,,openalex,llm,0.720,unreviewed,,doi:10.1023/a:1018964121953
kept,An empirical study of the object-oriented paradigm and software reuse,John A. Lewis; Sallie Marie Henry; Dennis G. Kafura; Robert S. Schulman,1991,,10.1145/117954.117969,https://openalex.org/W2085252018,supports-claim; stod,"Little or no empirical validation exists for many of software engineering's basic assumptions. While some of these assumptions are intuitive, the need for scientific experimentation remains clear. Several assumptions are made about the factors affecting software reuse, and in particular, the role of the object-oriented paradigm. This paper describes the preliminary results of a controlled experiment designed to evaluate the impact of the object-oriented paradigm on software reuse. The experiment concludes that (1) the object-oriented paradigm substantially improves productivity, although a significant part of this improvement is due to the effect of reuse, (2) reuse without regard to language paradigm improves productivity, (3) language differences are far more important when programmers reuse than when they do not, and (4) the object-oriented paradigm has a particular affinity to the reuse process.",openalex,llm_reviewed,0.990,confirmed,,doi:10.1145/117954.117969
discarded,Replicated Case Studies for Investigating Quality Factors in Object-Oriented Designs,Lionel Briand; Jürgen Wüst; Hakim Lounis,2001,Empirical Software Engineering,10.1023/a:1009815306478,https://openalex.org/W1549553848,adjacent-subtopic,,openalex,llm,0.720,unreviewed,,doi:10.1023/a:1009815306478
discarded,Applied Software Measurement: Global Analysis of Productivity and Quality,Capers Jones,2008,,,https://openalex.org/W630875085,adjacent-subtopic,"Effectively forecast, manage, and control software across the entire project lifecycleAccurately size, estimate, and administer software projects with real-world guidance from an industry expert. Fully updated to cover the latest tools and techniques, Applied Software Measurement, Third Edition details how to deploy a cost-effective and pragmatic analysis strategy. You will learn how to use function points and baselines, implement benchmarks and tracking systems, and perform efficiency tests. Full coverage of the latest regulations, metrics, and standards is included.Measure performance at the requirements, coding, testing, and installation phasesSet function points for efficiency, cost, market share, and customer satisfactionAnalyze quality and productivity using assessments, benchmarks, and baselinesDesign and manage project cost, defect, and quality tracking systems Use object-oriented, reusable component, Agile, CMM, and XP methods Assess defect removal efficiency using unit tests and multistage test suites",openalex,llm,0.830,unreviewed,,hash:e57e74b362bf4f11
discarded,PHENIX : a comprehensive Python-based system for macromolecular structure solution,Paul D. Adams; Pavel V. Afonine; G. Bunkóczi; Vincent B. Chen; Ian Davis; Nathaniel Echols; Jeffrey J. Headd; Li‐Wei Hung; Gary J. Kapral; Ralf W. Grosse‐Kunstleve; Airlie J. McCoy; Nigel W. Moriarty; Robert D. Oeffner; Randy J. Read; David C. Richardson; Jane S. Richardson; Thomas C. Terwilliger; Peter H. Zwart,2010,Acta Crystallographica Section D Biological Crystallography,10.1107/s0907444909052925,https://openalex.org/W2180229411,off-topic-false-hit,"Macromolecular X-ray crystallography is routinely applied to understand biological processes at a molecular level. However, significant time and effort are still required to solve and complete many of these structures because of the need for manual interpretation of complex numerical data using many software packages and the repeated use of interactive three-dimensional graphics. PHENIX has been developed to provide a comprehensive system for macromolecular crystallographic structure solution with an emphasis on the automation of all procedures. This has relied on the development of algorithms that minimize or eliminate subjective input, the development of algorithms that automate procedures that are traditionally performed by hand and, finally, the development of a framework that allows a tight integration between the algorithms.",openalex,llm,0.990,unreviewed,,doi:10.1107/s0907444909052925
kept,On the Relationship Between the Object-Oriented Paradigm and Software Reuse: An Empirical Investigation,John A. Lewis; Sallie Marie Henry; Dennis Kafura; Robert S. Schulman,1992,Computer Science Technical Reports (Virginia Tech),,https://openalex.org/W1604464393,supports-claim; stod,"This paper describes the results of a controlled experiment designed to evaluate the impact of the object-oriented paradigm on software reuse. The experiment concludes that (1) the object-oriented paradigm substantially improves productivity over the procedural paradigm, (2) language differences are far more important when programmers reuse than when they do not, (3) under both moderate and strong encouragement to reuse, the object-oriented paradigm promotes higher productivity than the procedural paradigm, (4) software reuse improves productivity no matter which language paradigm is used, and (5) the object-oriented paradigm has a particular affinity to the reuse process.",openalex,llm_reviewed,0.990,confirmed,,hash:af61393609afd9d2
discarded,Specification matching of software components,Amy Moormann Zaremski; Jeannette M. Wing,1997,ACM Transactions on Software Engineering and Methodology,10.1145/261640.261641,https://openalex.org/W1975255815,adjacent-subtopic,"Specification matching is a way to compare two software components, based on descriptions of the component's behaviors. In the context of software reuse and library retrieval, it can help determine whether one component can be substituted for another or how one can be modified to fit the requirements of the other. In the context of object-oriented programming, it can help determine when one type is a behavioral subtype of another. We use formal specifications to describe the behavior of software components and, hence, to determine whether two components match. We give precise definitions of not just exact match, but, more relevantly, various flavors of relaxed match. These definitions capture the notions of generalization, specialization, and substitutability of software components. Since our formal specifications are pre- and postconditions written as predicates in first-order logic, we rely on theorem proving to determine match and mismatch. We give examples from our implementation of specification matching using the Larch Prover.",openalex,llm,0.960,unreviewed,,doi:10.1145/261640.261641
discarded,Combining reusable learning resources and services with pedagogical purposeful units of learning,Rob Koper,2003,,10.4324/9780203465677-13,https://openalex.org/W2124278184,off-topic-false-hit,"Over the last decade scholars in the field of learning technology have introduced the concept of the reuse of resources in education, analogous to software reuse and object-oriented approaches. The expectation is that reuse will result in efficiency and quality gains in education and training.",openalex,llm,0.990,unreviewed,,doi:10.4324/9780203465677-13
discarded,Reverse engineering reusable software components from object-oriented APIs,Anas Shatnawi; Abdelhak-Djamel Seriai; Houari A. Sahraoui; Zakarea Alshara,2016,Journal of Systems and Software,10.1016/j.jss.2016.06.101,https://openalex.org/W2469414321,adjacent-subtopic,,openalex,llm,0.880,unreviewed,,doi:10.1016/j.jss.2016.06.101
kept,An Empirical Study of Software Reuse by Experts in Object-Oriented Design,Jean‐Marie Burkhardt; Françoise Détienne,1995,IFIP advances in information and communication technology,10.1007/978-1-5041-2896-4_22,https://openalex.org/W2151487645,qualifies-claim,,openalex,llm,0.870,unreviewed,,doi:10.1007/978-1-5041-2896-4_22
discarded,Quality-Based Software Reuse,Julio César Sampaio do Prado Leite; Yijun Yu; Lin Liu; Eric S. K. Yu; John Mylopoulos,2005,Notes on numerical fluid mechanics and multidisciplinary design,10.1007/11431855_37,https://openalex.org/W1503673219,adjacent-subtopic,,openalex,llm,0.690,unreviewed,,doi:10.1007/11431855_37
discarded,A method for assessing the reusability of object-oriented code using a validated set of automated measurements,Fatma Dandashi,2002,,10.1145/508791.508985,https://openalex.org/W2078616440,supports-claim; adjacent-subtopic,"A method for judging the reusability of C++ code components and for assessing indirect quality attributes from the direct attributes measured by an automated tool was demonstrated. The method consisted of two phases. The first phase identified and analytically validated a set of measurements for assessing direct quality attributes based on measurement theory. An automated tool was used to compute actual measures for a repository of C++ classes. A taxonomy relating reuse, indirect quality attributes, and measurements identified and validated during the first part of this research was defined. The second phase consisted of identifying and validating a set of measurements for assessing indirect quality attributes. A case study of the feasibility of applying direct measurements to assess the indirect quality attributes was conducted. The comparison and analysis of indirect quality attributes measured by human analysis with direct quality attributes measured by the automated tool provided empirical evidence that the two sets of quality attributes, direct and indirect, do correlate.",openalex,llm_reviewed,0.810,changed,kept->discarded,doi:10.1145/508791.508985
kept,The reuse of uses in Smalltalk programming,Mary Beth Rosson; John M. Carroll,1996,ACM Transactions on Computer-Human Interaction,10.1145/234526.234530,https://openalex.org/W1992154356,qualifies-claim,"Software reuse, a long-standing and refractory issue in software technology, has been specifically emphasized as an advantage of the object-oriented programming paradigm. We report an empirical study of expert Smalltalk programmers reusing user interface classes in small graphical applications. Our primary goal was to develop a qualitative characterization of expert reuse strategies that could be used to identify requirements for teaching and supporting reuse programming. A secondary interest was to demonstrate to these experts the Reuse View Matcher—a prototype reuse tool—and to collect some initial observations of this tool in use during reuse programming. We observed extensive “reuse of uses” in the programmers' work: they relied heavily on code in expample applications that provided an implicit specification for reuse of the target class. We called this implicit specification a “usage context.” The programmers searched for relevant usage contexts early. They repeatedly evaluated the contextualized information to develop solution plans, and they borrowed and adapted it when the sample context suited their immediate reuse goals. The process of code development was highly dynamic and incremental; analysis and implementation were tightly interleaved, frequently driven by testing and debugging. These results are considered in terms of the tradeoffs that inhere in the reuse of uses and the teaching and tool support that might improve the efficiency and accuracy of this approach to reuse.",openalex,llm,0.990,unreviewed,,doi:10.1145/234526.234530
discarded,Analyzing the Impact of Inter-smell Relations on Software Maintainability An Empirical Study with Software Product Lines,"Martins, Julio; Moreira Bezerra, Carla Ilane; Uchoa, Anderson",2019,"PROCEEDINGS OF THE XV BRAZILIAN SYMPOSIUM ON INFORMATION SYSTEMS, SBSI 2019",10.1145/3330204.3330254,https://www.webofscience.com/wos/woscc/full-record/WOS:001124292500044,adjacent-subtopic,"A Software Product Line (SPL) consists of a systematic reuse strategy to construct systems with less effort as long as they belong to the same family that share the same components and belong to the same domain of Marketplace. In this context, to support large-scale reuse, components of a Software Product Line should be easy to maintain. Thus, developers should be more concerned with anomalies known as code smells and more than that, co-occurrences known as Inter-smell deserve to be further studied to verify their real impact on maintainability in SPL. Thus, this paper conducts a study to investigate the impact of Inter-smell occurrences on maintainability in MobileMedia and Health Watcher SPLs. The results show that the presence of co-occurrences of Inter-smell did not negatively impact the maintenance of MobileMedia and Health Watcher SPLs, unlike results found in other studies in the literature, and even more, our results indicate that the metric Lack of Cohesion of Methods is one of the most important for the maintainability of object-oriented SPLs.",wos,llm,0.950,unreviewed,,doi:10.1145/3330204.3330254
discarded,Identifying Runtime Issues in Object-Oriented IEC 61131-3-Compliant Control Software using Metrics,"Neumann, Eva-Maria; Vogel-Heuser, Birgit; Fischer, Juliane; Keller, Jonathan; Weiss, Iris; Diehm, Sebastian; Schwarz, Michael; Englert, Tobias; Stoll, Michael; Zell, Uwe",2020,IECON 2020: THE 46TH ANNUAL CONFERENCE OF THE IEEE INDUSTRIAL ELECTRONICS SOCIETY,10.1109/iecon43393.2020.9254929,https://www.webofscience.com/wos/woscc/full-record/WOS:000637323700039,adjacent-subtopic,"automated Production Systems (aPS) are highly complex, long-living mechatronic systems, which are usually programmed according to the standard IEC 61131-3. Control software development in aPS has to cope with challenges that sharply differ from classical high-level language programming, such as the assurance of maintainability for up to five decades or hard real- time requirements, e.g., to prevent damage to humans in case of a fault. In computer science, object-oriented programming is an established means to increase software reusability and maintainability. However, this approach is seldom used in IEC 61131-3-compliant control software, although the object-oriented extension of the standard (OO-IEC) has been available since 2013. Companies using OO-IEC generally benefit from a drastic reduction in the complexity of their control software. However, certain constellations of OO-IEC elements could lead to runtime problems, which is a crucial problem regarding the hard real-time requirements of aPS to guarantee safety. Therefore, this paper introduces two metrics to detect runtime-critical control software parts and optimization potentials without executing the code or performing time measurements. Using an industrial example, the metrics are evaluated with PLC experts of two companies, who confirmed the reliability and the advantages of the metrics.",wos,llm,0.920,unreviewed,,doi:10.1109/iecon43393.2020.9254929
discarded,Introducing Artificial Intelligence Agents to the Empirical Measurement of Design Properties for Aspect Oriented Software Development,"Velan, Senthil S.",2019,PROCEEDINGS 2019 AMITY INTERNATIONAL CONFERENCE ON ARTIFICIAL INTELLIGENCE (AICAI),10.1109/aicai.2019.8701250,https://www.webofscience.com/wos/woscc/full-record/WOS:000516788300019,adjacent-subtopic,"The proponents of Aspect Oriented Software Development (AOSD) methodology have done a tremendous amount of work to bring out the positive effects of its adoption using quantitative assessment. A structured assessment of the methodology requires a well-defined quality model. In this paper, an AI agent based quality model has been proposed to evaluate the effect of aspectization. The model has been applied on already existing and equivalent versions of object oriented and aspect oriented case study application, university automation software. Specific metrics for the software design properties have been measured using AI agents for the different versions and were used to infer upon the effect on quality. Based on the initial measurement, it was found that aspectization has positively improved all the three quality attributes defined in the quality model. The attributes of evolution and reusability showed significant improvement in quality due to the effect of aspectization.",wos,llm,0.910,unreviewed,,doi:10.1109/aicai.2019.8701250
discarded,VR-Rides: An object-oriented application framework for immersive virtual reality exergames,"Wang, Yifan; Ijaz, Kiran; Yuan, Dong; Calvo, Rafael A.",2020,SOFTWARE-PRACTICE & EXPERIENCE,10.1002/spe.2814,https://www.webofscience.com/wos/woscc/full-record/WOS:000516597800001,supports-claim; adjacent-subtopic,"Exercise can improve health and well-being. With this in mind, immersive virtual reality (VR) games are being developed to promote physical activity, and are generally evaluated through user studies. However, building such applications is time consuming and expensive. This paper introduces VR-Rides, an object-oriented application framework focused on the development of experiment-oriented VR exergames. Following the modular programming pattern, this framework facilitates the integration of different hardware (such as VR devices, sensors, and physical activity devices) within immersive VR experiences that overlay game narratives on Google Street View panoramas. Combining software engineering and interaction patterns, modules of VR-Rides can be easily added and managed in the Unity game engine. We evaluate the code efficiency and development effort across our VR exergames developed using VR-Rides. The reliability, maintainability, and usability of our framework are also demonstrated via code metrics analysis and user studies. The results show that investing in a systematic approach to reusing code and design can be a worthwhile effort for researchers beyond software engineering.",wos,llm_reviewed,0.900,changed,kept->discarded,doi:10.1002/spe.2814
