status,title,authors,year,venue,doi,url,tags,abstract,provider,decision_source,llm_confidence,llm_review_outcome,llm_change_direction,paper_id
discarded,Exploring the Impact of Alternatives of Object-Oriented Cohesion Measures on Machine Learning-Based Predictions of Inheritance Reusability,Jehad Al Dallal; Bader Alkhazi,2024,IEEE Access,10.1109/ACCESS.2024.3484007,https://ieeexplore.ieee.org/document/10723299/,qualifies-claim; adjacent-subtopic,"The cohesion of an object-oriented class refers to the relatedness of its methods and attributes. Constructors, destructors, and access methods are special types of methods featuring unique characteristics that can artificially affect class cohesion quantification. Methods within a class can also directly or transitively invoke each other, representing another cohesion aspect not considered by most existing cohesion measures. The impact of considering special methods (SPs) and transitive relations (TRs) in cohesion measurement on the abilities of the measures to predict inheritance reusability has yet to be investigated. In this paper, we empirically explored this effect. We applied a statistical technique to test the significance of the cohesion value changes across seven scenarios of ignoring or considering SPs and TRs. In addition, we applied a machine learning-based technique to build inheritance reusability prediction models using each of the considered measures and scenarios, evaluated the classification performance of the prediction models, and statistically compared the inheritance reusability prediction results. The results show that for most of the considered measures, the ignorance/consideration of SPs and TRs changed the cohesion values and the corresponding prediction significantly. Based on the study findings, when building inheritance reusability prediction models, software engineers are advised to 1) combine cohesion with other quality factors; 2) exclude the TRs from cohesion quantification; and 3) decide whether to consider or ignore SPs in cohesion quantification based on the selected measure(s) to be used in the prediction model, as this decision differs from one measure to another.",ieee,llm_reviewed,0.910,changed,kept->discarded,doi:10.1109/access.2024.3484007
discarded,Applying object-oriented method to CSIE system,Hu Yuanfang; Zhang Suqin; Jiang Weidu,1999,Proceedings Technology of Object-Oriented Languages and Systems (Cat. No.PR00393),10.1109/TOOLS.1999.796524,https://ieeexplore.ieee.org/document/796524/,supports-claim; adjacent-subtopic,"The CSIE (Distributed Control System Configuration Software Integrated Environment) system is a platform for developing control schemes in distributed control systems (DCS). By using the CSIE system, engineers of DCS can configure control schemes in configuration languages and define reusable scheme components in any scheme of the same project. The CSIE system implements the five configuration languages defined in the IEC 1131-3 standard. This paper describes one of these five configuration languages, SFC, and its editing, compiling and debugging strategies in detail. The development of the CSIE system is based on object-oriented technology fully and successfully. This embodies two aspects: constructing object models in the architecture of the CSIE system; and organizing the key algorithms in the object-oriented method. Benefiting from object-oriented technology, the CSIE system has the features of extensibility, adaptability, and reusability.",ieee,llm_reviewed,0.680,changed,kept->discarded,doi:10.1109/tools.1999.796524
discarded,Development of three phase load flow by reusing object oriented single phase load flow,M. Abdel-Akher; K.M. Nor; H. Mokhlis; A.H.A. Rashid,2004,"39th International Universities Power Engineering Conference, 2004. UPEC 2004.",,https://ieeexplore.ieee.org/document/1492211/,supports-claim; adjacent-subtopic,"This paper presents the development of three phase load flow software by reusing an existing single phase load flow software component. The single phase load flow component was developed using object oriented and component based development methodologies. The object oriented power system model of the single phase load flow component was established separately from the mathematical solution. The proposed three phase load flow is formulated based on symmetrical components theory, which involves a positive sequence load flow solution. Based on this relation, the single phase load flow component and its power system model can be reused in the development of the three phase load flow software. The single phase load flow power system model is extended for modeling three phase devices such as untransposed lines, three phase loads etc. Reuse of the single phase component is achieved through composition relationship, where the positive sequence load flow is modeled as an object inside the three phase load flow component. The three phase load flow is solved by incorporating the solution of both positive sequence load flow and the nodal voltage equations for zero and negative sequence networks.",ieee,llm_reviewed,0.910,changed,kept->discarded,hash:0d40fedce6bb28c5
discarded,Software Design of Hall Electric Propulsion Control System based on Embedded Object-oriented Design Method,Tian Jin; Xiaojin Zhang; Guoyu Wang,2022,"2022 IEEE 5th Advanced Information Management, Communicates, Electronic and Automation Control Conference (IMCEC)",10.1109/IMCEC55388.2022.10019789,https://ieeexplore.ieee.org/document/10019789/,supports-claim; adjacent-subtopic,"Based on the idea of embedded object oriented design, the static and dynamic modeling analysis of the Hall electric propulsion embedded control system is carried out using the Unified Modeling Language (UML), and the Hall electric propulsion control system software is designed. Taking the autonomous operation function of the Hall electric propulsion control system software as an example, the object oriented design and the structure oriented design are compared, and it is concluded that the object oriented design and interface oriented design are not closely related to the hardware platform, data flow and business flow, and the software architecture can be completely reused, which improves the software development efficiency; Compared with the structure oriented design, the code quantity of the object-oriented design software is reduced by 919 lines, and the code reuse rate is increased by 50.6%. It can also realize cross platform development; And object-oriented design adopts encapsulation and inheritance methods, which makes the portability, maintainability and robustness of software better than structural design.",ieee,llm_reviewed,0.980,changed,kept->discarded,doi:10.1109/imcec55388.2022.10019789
kept,Process and reusability in object-oriented programming,B. Anderson,1991,IEE Colloquium on Applications and Experience of Object-Oriented Design,,https://ieeexplore.ieee.org/document/180896/,supports-claim,"Object-oriented programming provides a very significant step forward in the technology of program building because it provides for the expression in the software itself of architectural information. Object-oriented programs have design-like qualities. In OOP there is an extra dimension of description (the hierarchy) as well as the expressivity provided by subclassing ('is rather like') and dynamic binding. The author has been trying out these ideas in the domain of VLSI and PCB routing, a demanding problem of great practical importance. He has worked from the literature, and with a team who are designing and implementing routers in a conventional way. The result is a series of routers, a kit of parts and a generic router. Currently the system contains 90 classes and 480 methods.<>",ieee,llm,0.800,unreviewed,,hash:cc896acecd36fbfb
discarded,A UML-based object-oriented framework development methodology,Young Joon Yang; Soon Yong Kim; Gui Ja Choi; Eun Sook Cho; Chul Jin Kim; Soo Dong Kim,1998,Proceedings 1998 Asia Pacific Software Engineering Conference (Cat. No.98EX240),10.1109/APSEC.1998.733722,https://ieeexplore.ieee.org/document/733722/,adjacent-subtopic,"Recently, object-oriented (OO) frameworks have been known to be highly effective and practical for software reuse; as shown in San Francisco project, a large-scaled industry project for framework development. However, systematic development process and detailed instructions for building OO frameworks have not been studied enough. In addition, it has not been clearly defined how to apply OMG's Unified Modeling Language (UML) in building OO frameworks. In this paper, we propose a practical OO development process that extends UML notations and semantics. The proposed process consists of four typical software development phases; analysis, design, implementation and testing, and each phase is defined as a logical sequence of development tasks. In order to help the seamless migration from one task to subsequent tasks, we provide instructions for carrying out tasks. Since the proposed process is based on UML diagrams and the basic objectory process, we believe that OO frameworks can be more efficiently developed by utilizing the proposed process, and higher quality OO frameworks can be produced. In order to show the applicability and effectiveness of the process, we present a case study of electronic commerce application.",ieee,llm,0.830,unreviewed,,doi:10.1109/apsec.1998.733722
discarded,RTFrame: an object-oriented application framework for real-time applications,Pao-Ann Hsiung,1998,Proceedings Technology of Object-Oriented Languages. TOOLS 27 (Cat. No.98EX224),10.1109/TOOLS.1998.713595,https://ieeexplore.ieee.org/document/713595/,supports-claim; adjacent-subtopic,"Real-time systems and applications impose stringent timing constraints on critical tasks. The design of such systems are more complex than that of conventional systems, because correctness and performance, besides being key system design issues, are directly related to system feasiblility. Object-oriented application frameworks have been proposed for communication systems, distributed applications, medical imaging, and financial engineering. On the contrary, there has been relatively little work on an application framework for the design of a general real-time system. Facing the growing need for such systems, we propose a novel framework, called RTFrame, especially for real-time systems. RTFrame consists of five components: Specifier, Extractor, Schedules, Allocator, and Generator. Within RTFrame, several design patterns have been proposed for real-time systems. Experiences of using RTFrame show a significant increase in design productivity through design reuse and a significant decrease in design time and effort.",ieee,llm_reviewed,0.880,changed,kept->discarded,doi:10.1109/tools.1998.713595
discarded,Quantitative Assessment of Inheritance Hierarchies for Aspect Oriented Software Development using a proposed Aspect Inheritance Reusability Model,Velan S Senthil,2019,"2019 International Conference on Automation, Computational and Technology Management (ICACTM)",10.1109/ICACTM.2019.8776775,https://ieeexplore.ieee.org/document/8776775/,adjacent-subtopic,"Aspect Oriented Software Development (AOSD) is a promising methodology for efficiently capturing the crosscutting functionalities (concerns) into modular units called aspects, thereby reducing maintainability, and increasing reusability and ease of software evolution. Since inheritance of classes and aspects plays a vital role in defining the units of encapsulation, it is essential that the impact of introducing inheritance in AOSD need to be quantitatively captured using core design level metrics and mapped onto higher level quality attributes. In this research work, a new set of metrics have been proposed to quantify the impact of using multi-level inheritance hierarchies in an Aspect Oriented software. A model that captures the reusability using inheritance of aspects has been used for defining and applying the proposed metrics and later relates them onto higher level quality attributes. Further, the proposed metrics and model have been applied to AspectJ versions of an SOA based case study application. Based on the measurement, it was inferred that aspectization has improved the higher level quality attributes of reusability, modularity and maintainability of the case study over its versions.",ieee,llm,0.860,unreviewed,,doi:10.1109/icactm.2019.8776775
discarded,An object-oriented framework for automatic test systems,Xu Xiao-liang; Wang Le-yu; Zhou Hong,2003,Proceedings AUTOTESTCON 2003. IEEE Systems Readiness Technology Conference.,10.1109/AUTEST.2003.1243605,https://ieeexplore.ieee.org/document/1243605/,adjacent-subtopic,"After analyzing the features and requirements of automatic test systems, the object model and dynamic model of the test systems are presented, which are described with the unified modeling language (UML). Thus, an object-oriented framework comes into being for assisting in the development of automatic test systems. In contrast to the conventionally function-based representation model, this framework can not only describe test systems more soundly, but also achieve higher productivity, better reusability, maintainability and extendability. This framework can serve as both a modeling foundation and a practical tool for description, analysis and design of automatic test systems, and, particularly for computer aided analysis and design of test systems. Based on this reusable and extendable framework, the software development efficiency for automatic test systems can be largely improved.",ieee,llm,0.760,unreviewed,,doi:10.1109/autest.2003.1243605
kept,Analysis of reusability of communication switching software based on C++ object-oriented design,M. Furukawa; H. Sunaga; N. Kurihara; M. Tomura,1996,Proceedings of ICC/SUPERCOMM '96 - International Conference on Communications,10.1109/ICC.1996.540241,https://ieeexplore.ieee.org/document/540241/,supports-claim,"This paper describes key technologies for the reuse of software in a communication switching node system. Software reuse is one of the most promising methods for enhancing software productivity. A software platform we have established allows easy porting of software components, especially device management programs. It uses C++ object oriented programming techniques. In particular, inheritance and polymorphism enhance reusability because they facilitate management of software components. Analysis of the reusability of device management programs among several node systems showed that only about 20% of the programs (based on program size) need to be coded in a new system if software components are ported from existing programs. Our software platform is expected to be widely used for next-generation communication switching systems.",ieee,llm,0.980,unreviewed,,doi:10.1109/icc.1996.540241
discarded,Investigating the Relationship Between Cohesion and Inheritance Quality Attributes Empirically,Jehad Al Dallal,2023,2023 Computer Applications & Technological Solutions (CATS),10.1109/CATS58046.2023.10424161,https://ieeexplore.ieee.org/document/10424161/,adjacent-subtopic,"Classes are basic design units of object-oriented systems. The design of these classes plays an essential role in the system’s overall quality. Software engineering aims to develop highly quality systems in terms of several attributes, including reusability, maintainability, and reliability. These attributes can be indicated using several internal quality attributes, such as cohesion and inheritance, which are quantifiable, given some system design artifacts. When building an object-oriented system, software engineers are directed to develop classes featuring a high degree of relatedness among their methods and attributes (i.e., a high degree of cohesion). These classes are expected to be maintainable. Inheritance is an object-oriented property facilitating class reusability. Software engineers are advised to build classes that can be easily inherited and, thus, have a high degree of reusability. Exploring the relationship between cohesion and inheritance attributes helps provide design guidelines for software engineers. Using three Java software systems, this paper empirically examines the correlation between several cohesion and inheritance measures. The study results indicate that classes with a high degree of cohesion have lower chances of being reusable by inheritance. In addition, the results show that cohesion and inheritance measures are weakly correlated.",ieee,llm,0.820,unreviewed,,doi:10.1109/cats58046.2023.10424161
discarded,A Peer-Review Based Approach to Teaching Object-Oriented Framework Development,Amir Zeid; Moemen Elswidi,2005,18th Conference on Software Engineering Education & Training (CSEET'05),10.1109/CSEET.2005.3,https://ieeexplore.ieee.org/document/4698908/,adjacent-subtopic,"The concept of object-oriented frameworks is not easy to grasp. As a result of the complex nature of frameworks, teaching framework development is a challenging task. Using traditional software engineering methodologies for teaching practical framework development in an academic environment may not be helpful. In addition, there is no standard process to teach framework development. In this paper, we propose a new technique for teaching framework development. We introduce PBA, (a peer-review based approach) that helps students grasp the concept of framework, conceive the importance of developing frameworks and ensure a well designed and better quality delivered frameworks. We provide a comprehensive presentation of the process; and also present our own experience trying to put the new process into practice",ieee,llm,0.980,unreviewed,,doi:10.1109/cseet.2005.3
kept,A case study in the use of multiple inheritance in designing a library of reusable software components,T. Pole,1991,IEEE Proceedings of the SOUTHEASTCON '91,10.1109/SECON.1991.147961,https://ieeexplore.ieee.org/document/147961/,supports-claim,"A major feature of object-oriented programming languages (OOPLs) that promotes reuse is the ability to define new classes of components that inherit all or part of their definition from existing classes. Inheritance of features from existing classes is accomplished through three techniques: single inheritance, aggregation, and multiple inheritance. The author discusses the use of all three techniques in the production of a multirepresentational information retrieval system, Proteus. The present case study reviews the development of an application using inheritance, not an OOPL compiler. It is argued that, in at least some domains, multiple inheritance is a powerful tool with benefits that cannot be achieved using only single inheritance and aggregation.<>",ieee,llm,0.950,unreviewed,,doi:10.1109/secon.1991.147961
discarded,Component Reusability and Cohesion Measures in Object-Oriented Systems,Gui Gui,2006,2006 2nd International Conference on Information & Communication Technologies,10.1109/ICTTA.2006.1684869,https://ieeexplore.ieee.org/document/1684869/,qualifies-claim; adjacent-subtopic,"In software component reuse processing, the success of software systems is decided by the quality of components. One important characteristic to measure quality of components is component reusability. Component reusability measures how easily the component can be reused in a new environment. This paper provides a new measure of cohesion developed to assess the reusability of Java components retrieved from the internet by a search engine. This measure differs from the majority of established metrics in two respects: it reflects the degree of similarity between classes quantitatively, and they also take account of indirect similarities. An empirical comparison of the new measure with the established metrics is described. The new measures are shown to be consistently superior at ranking components according to their reusability.",ieee,llm_reviewed,0.720,changed,kept->discarded,doi:10.1109/ictta.2006.1684869
discarded,A software development framework based on C++ OOP language for link-level simulation tools,Carlos H. M. de Lima; Elvis M. G. Stancanelli; Emanuel B. Rodrigues; Jean M. da S. Maciel; Francisco R. P. Cavalcanti,2006,2006 International Telecommunications Symposium,10.1109/ITS.2006.4433344,https://ieeexplore.ieee.org/document/4433344/,supports-claim; adjacent-subtopic,"This article introduces a software development framework, which amasses Object-Oriented Programming (OOP) concepts and designed procedures, intended to systematize the implementation of link-level simulation tools. This development framework is fully implemented in C++ programming language providing modularity and reusability (improving the coding activity). This framework then constitutes remarkable tool for quickly creating link-level applications. Aiming to evaluate the applicability of this software structure, the conversational service class transmitting at 12.2 kbps and over the Wideband CDMA (WCDMA) Downlink (DL) Dedicated Channel (DCH) is addressed as a case-study and therefore potential benefits of utilizing such development library are identified. It is shown that the development framework provides flexibility for the software development of link-level simulators remarkably reducing the design, programming and testing stages.",ieee,llm_reviewed,0.900,changed,kept->discarded,doi:10.1109/its.2006.4433344
discarded,Object-oriented software construction,Pierre America,1989,Science of Computer Programming,10.1016/0167-6423(89)90034-8,https://openalex.org/W221670187,adjacent-subtopic,,openalex,llm,0.750,unreviewed,,doi:10.1016/0167-6423(89)90034-8
