status,title,authors,year,venue,doi,url,tags,abstract,provider,decision_source,llm_confidence,llm_review_outcome,llm_change_direction,paper_id
discarded,A model-driven approach for engineering Mobility Digital Twins: The Bologna case study,"Somma, Alessandra; Amalfitano, Domenico; Bucaioni, Alessio; De Benedictis, Alessandra",2025,INFORMATION AND SOFTWARE TECHNOLOGY,10.1016/j.infsof.2025.107863,https://www.webofscience.com/wos/woscc/full-record/WOS:001566910100001,adjacent-subtopic,"Context: As cities grapple with increasing congestion, sustainability concerns, and the need for efficient mobility systems, Mobility Digital Twins (MoDTs) have emerged as promising technology for improving urban transportation. However, the development of MoDTs remains hindered by challenges such as structural complexity, data heterogeneity, lack of interoperability, and limited support for scalability, maintainability, and adaptability. Objective: This work aims to address these barriers by introducing a structured and systematic engineering framework that supports the design development of MoDT, reducing technical debt, development costs and human errors, while promoting long-term evolution. Methods: We propose a Model-Driven Engineering (MDE) approach that organizes the development of MoDTs through models at different levels of abstraction and adopts automated transformations from high-level specifications to executable code artifacts, supporting MoDT life-cycle. Results: The proposed approach is validated through its application in developing a MoDT for the city of Bologna, Italy. To support this, we introduce the M2DT tool, which automates the workflow from high-level models to software code artifacts. The resulting BoMoDT platform is built using open-source technologies and real mobility data. This case study demonstrates the feasibility and effectiveness of our approach, which, to our knowledge, is the first to apply a model-driven strategy for the entire MoDT development. A qualitative evaluation confirms that our framework addresses key challenges in MoDT development. Quantitative experiments further validate BoMoDT's ability to accurately reproduce and monitor real urban mobility conditions. Conclusion: The proposed approach offers a solid foundation for addressing MoDT development challenges. By combining automation with structured abstraction, it improves adaptability and maintainability while enabling scalable integration, helping make MoDTs more accessible for future urban system design.",wos,llm,0.740,unreviewed,,doi:10.1016/j.infsof.2025.107863
discarded,RestRho: A JSON-Based Domain-Specific Language for Designing and Developing RESTful APIs to Validate RhoArchitecture,"Chavarriaga, Enrique; Rojas, Luis; Rodriguez, Francy D.; Sorbello, Kat; Jurado, Francisco",2025,FUTURE INTERNET,10.3390/fi17080346,https://www.webofscience.com/wos/woscc/full-record/WOS:001558303200001,supports-claim; adjacent-subtopic,"Domain-Specific Languages with JSON grammar (JSON-DSLs) are specialized programming languages tailored to specific problem domains, offering higher abstraction levels and simplifying software implementation through the JSON standard. RhoArchitecture is an approach for designing and executing JSON-DSLs, incorporating a modular programming model, a JSON-based evaluation engine, and an integrated web development environment. This paper presents RestRho, a RESTful NodeJS server developed using two JSON-DSLs designed with RhoArchitecture: SQLRho and DBRestRho. These languages enable declarative specification of database operations and HTTP requests, respectively, supporting modularity, reuse, and template-based transformations. We validate the RestRho implementation through a dual approach. First, we apply software metrics to assess code quality, maintainability, and complexity. Second, we conduct an empirical study involving 39 final-year computer engineering students, who completed 18 structured tasks and provided feedback via questionnaires. The results demonstrate the tool's usability, development efficiency, and potential for adoption in web application development.",wos,llm_reviewed,0.830,changed,kept->discarded,doi:10.3390/fi17080346
discarded,Individual Differences in Student Learning: A Comparison Between the Student Approaches to Learning and Concept-Building Frameworks,"McDaniel, Mark A.; Wally, Christopher M.; Frey, Regina F.; Bates, Hayley K.",2025,BEHAVIORAL SCIENCES,10.3390/bs15081055,https://www.webofscience.com/wos/woscc/full-record/WOS:001557847900001,off-topic-false-hit,"In cognitive science and education research, learning has been described to occur at surface and deep levels. Learners are thought to orient more toward one of these approaches to learning versus the other. In cognitive science, this has been assessed with a concept-building framework using objective function learning tasks to classify students as exemplar (surface) or abstraction (deep) learners. In education, the student approach to learning (SAL) framework has used self-report survey measures to classify learners as relying on surface approaches or deep approaches to learning. In two studies, we directly compared these two frameworks using self-report data from the Modified Approaches and Study Skills Inventory (M-ASSIST) and the Revised Study Process Questionnaire (R-SPQ-2F) along with objectively determined concept-building classifications from a computer-based function learning task. Potential links between exemplar learning and surface approaches and between abstraction learning and deep approaches were not found. We discuss possible explanations for the absence of empirical links, including inaccuracies in students' metacognitions regarding their learning, the measures, and possible differences between learning-content-dependencies of the survey responses versus content neutrality of the concept-building task. We conclude by suggesting directions for future work in assessing and comparing surface and deep learning across frameworks.",wos,llm,0.990,unreviewed,,doi:10.3390/bs15081055
discarded,"1,3,5-trimethylcyclohexane pyrolysis at high pressure and temperature: Insights from theory, experiment and simulation","Hossain, Subharaj; Singh, Moirangthem Kiran; Gopalan, Jagadeesh; Arunan, Elangannan",2025,COMBUSTION AND FLAME,10.1016/j.combustflame.2025.114345,https://www.webofscience.com/wos/woscc/full-record/WOS:001548925100002,off-topic-false-hit,"The pyrolysis of 1,3,5-trimethylcyclohexane (T135CH), which is a proposed surrogate for RP-3, has been investigated at a temperature range of 1017 - 1542 K and a pressure range of 13.4 - 23.5 bar. Mole fraction profiles of 30 pyrolysis products were obtained using GC-FID. Methane was found to be the most abundant product at high temperatures, followed by acetylene, while benzene was the most abundant aromatic product. A detailed kinetic model comprising 302 species and 967 reactions was developed, which showed reasonable agreement with the experimental data. This was aided by detailed ab initio calculations of elementary reactions at the CBS-QB3, CASSCF/MRCI levels of theory and conventional transition state theory (TST/VTST) calculations of rate parameters. The rate of production (ROP) analysis revealed that both unimolecular decomposition of T135CH (via CH3 elimination) and H-abstraction reactions of T135CH are responsible for its consumption. Sensitivity analysis demonstrated that the CH3 elimination channel is the most sensitive reaction for T135CH consumption. Additionally, sensitivity analysis of aromatic product formation revealed that allene (aC3H4) and dimethylcyclohexanyl radical (S1X35DCH) play a critical role in the formation of aromatic products. The overall rate constant for T135CH decomposition was found to be: k/s-1 = 106.32 +/- 0.23exp RT These findings will advance our comprehension of the unimolecular decomposition of T135CH, as well as the reaction pathways involved in the formation of its aromatic products. Ultimately, this knowledge will help us better understand the combustion process of transportation fuels.",wos,llm,1.000,unreviewed,,doi:10.1016/j.combustflame.2025.114345
discarded,Not All Descriptions Help: Efficient Tool Selection via Concise Representations and Dynamic Experience,J. Ma,2027,Lecture Notes in Computer Science,10.1007/978-981-92-3403-5_9,https://www.scopus.com/inward/record.uri?partnerID=HzOxMe3b&scp=105046473666&origin=inward,off-topic-false-hit,,scopus,llm,0.910,unreviewed,,doi:10.1007/978-981-92-3403-5_9
discarded,Multimodal semantic learning for early fault diagnosis in warp knitting machines via masked fault modeling,W. Gao,2026,Scientific Reports,10.1038/s41598-026-57867-7,https://www.scopus.com/inward/record.uri?partnerID=HzOxMe3b&scp=105049103588&origin=inward,off-topic-false-hit,,scopus,llm,0.980,unreviewed,,doi:10.1038/s41598-026-57867-7
discarded,Effects of Construction Safety Signs and Training Interventions on Memory Encoding: Evidence from Neuroscientific Data,L. Liao,2026,Journal of Construction Engineering and Management,10.1061/JCEMD4.COENG-17967,https://www.scopus.com/inward/record.uri?partnerID=HzOxMe3b&scp=105048626118&origin=inward,off-topic-false-hit,,scopus,llm,0.990,unreviewed,,doi:10.1061/jcemd4.coeng-17967
discarded,Reuse-aware package-level fault prediction with Explainable AI,M. Shaikh,2026,Cluster Computing,10.1007/s10586-026-06509-8,https://www.scopus.com/inward/record.uri?partnerID=HzOxMe3b&scp=105048758861&origin=inward,adjacent-subtopic,,scopus,llm,0.930,unreviewed,,doi:10.1007/s10586-026-06509-8
discarded,From fin dynamics to navigation control: A simplified framework for batoid-inspired underwater locomotion,T. Scudeletti,2026,Ocean Engineering,10.1016/j.oceaneng.2026.127077,https://www.scopus.com/inward/record.uri?partnerID=HzOxMe3b&scp=105045956214&origin=inward,off-topic-false-hit,,scopus,llm,0.990,unreviewed,,doi:10.1016/j.oceaneng.2026.127077
discarded,An N400/P600 trade-off in abstract priming: ERP evidence from phrasal processing,F. Li,2026,Brain and Language,10.1016/j.bandl.2026.105781,https://www.scopus.com/inward/record.uri?partnerID=HzOxMe3b&scp=105040799913&origin=inward,off-topic-false-hit,,scopus,llm,0.990,unreviewed,,doi:10.1016/j.bandl.2026.105781
discarded,Transforming Code Patterns into Procedural Abstractions: An Empirical Study of De-com-po-si-tion,G. Haldeman,2026,Iticse 2026 Proceedings of the 31st ACM Conference on Innovation and Technology in Computer Science Education V 1,10.1145/3803400.3809385,https://www.scopus.com/inward/record.uri?partnerID=HzOxMe3b&scp=105045594093&origin=inward,supports-claim; adjacent-subtopic,,scopus,llm_reviewed,0.950,changed,kept->discarded,doi:10.1145/3803400.3809385
discarded,Spatial Drivers of the Electricity-to-Water Conversion Coefficient in an Inner Mongolia Plateau Irrigation District,H. Zhang,2026,Agriculture Switzerland,10.3390/agriculture16131446,https://www.scopus.com/inward/record.uri?partnerID=HzOxMe3b&scp=105044565540&origin=inward,off-topic-false-hit,,scopus,llm,1.000,unreviewed,,doi:10.3390/agriculture16131446
discarded,Digital Value Chain as a Circular Control Architecture,M. Karakai,2026,Journal of Circular Economy Joce,10.55845/joce-2026-41302,https://www.scopus.com/inward/record.uri?partnerID=HzOxMe3b&scp=105051211946&origin=inward,off-topic-false-hit,,scopus,llm,0.940,unreviewed,,doi:10.55845/joce-2026-41302
discarded,Raman spectroscopic quantitative modeling of glucose concentration in ethanol fermentation,B. Shan,2026,Infrared and Laser Engineering,10.3788/IRLA20250625,https://www.scopus.com/inward/record.uri?partnerID=HzOxMe3b&scp=105043641185&origin=inward,off-topic-false-hit,,scopus,llm,1.000,unreviewed,,doi:10.3788/irla20250625
discarded,SPN: Semantic Perception Aware Network Towards Affordance Detection in 3D Point Clouds,R.A. Tabib,2026,SN Computer Science,10.1007/s42979-026-04994-7,https://www.scopus.com/inward/record.uri?partnerID=HzOxMe3b&scp=105039629548&origin=inward,off-topic-false-hit,,scopus,llm,0.980,unreviewed,,doi:10.1007/s42979-026-04994-7
discarded,GAME+: lossless knowledge-graph compression for improving the efficiency and effectiveness of rule mining,K. Schatz,2026,International Journal of Data Science and Analytics,10.1007/s41060-025-00911-y,https://www.scopus.com/inward/record.uri?partnerID=HzOxMe3b&scp=105025376486&origin=inward,off-topic-false-hit,,scopus,llm,0.960,unreviewed,,doi:10.1007/s41060-025-00911-y
discarded,A systematic exploration of C-to-rust code translation based on large language models: prompt strategies and automated repair,R. Zhang,2026,Automated Software Engineering,10.1007/s10515-025-00570-0,https://www.scopus.com/inward/record.uri?partnerID=HzOxMe3b&scp=105019230442&origin=inward,adjacent-subtopic,,scopus,llm,0.950,unreviewed,,doi:10.1007/s10515-025-00570-0
discarded,High-level reasoning while low-level actuation in cyber–physical systems: How efficient is it?,B. Karaduman,2026,Journal of Industrial Information Integration,10.1016/j.jii.2026.101090,https://www.scopus.com/inward/record.uri?partnerID=HzOxMe3b&scp=105029726509&origin=inward,off-topic-false-hit,,scopus,llm,0.820,unreviewed,,doi:10.1016/j.jii.2026.101090
discarded,AI-Generated Content-Driven Intelligent Teaching System for Aviation Security and Maintenance Education,H. Zhu,2026,Proceedings of SPIE the International Society for Optical Engineering,10.1117/12.3108926,https://www.scopus.com/inward/record.uri?partnerID=HzOxMe3b&scp=105040124557&origin=inward,off-topic-false-hit,,scopus,llm,0.980,unreviewed,,doi:10.1117/12.3108926
discarded,Neural mechanisms of embodied semantic processing in Chinese olfactory metaphors,Z. Zhu,2026,Brain and Language,10.1016/j.bandl.2026.105721,https://www.scopus.com/inward/record.uri?partnerID=HzOxMe3b&scp=105033508238&origin=inward,off-topic-false-hit,,scopus,llm,0.990,unreviewed,,doi:10.1016/j.bandl.2026.105721
discarded,Action and abstraction: Motor interference changes meaning in language understanding,P. Solana,2026,Journal of Memory and Language,10.1016/j.jml.2026.104749,https://www.scopus.com/inward/record.uri?partnerID=HzOxMe3b&scp=105044471108&origin=inward,off-topic-false-hit,,scopus,llm,0.990,unreviewed,,doi:10.1016/j.jml.2026.104749
discarded,RoboDeploy: A Metamodel-Driven Framework for Automated Multi-Host Docker Deployment of ROS 2 Systems in IoRT Environments,M.Á. Barcelona,2026,Software,10.3390/software5010001,https://www.scopus.com/inward/record.uri?partnerID=HzOxMe3b&scp=105048287240&origin=inward,adjacent-subtopic,,scopus,llm,0.890,unreviewed,,doi:10.3390/software5010001
discarded,P2N2S: Bridging the gap between natural and programming languages for code summarization via large language models,Y. Tang,2026,World Wide Web,10.1007/s11280-025-01395-3,https://www.scopus.com/inward/record.uri?partnerID=HzOxMe3b&scp=105025130125&origin=inward,adjacent-subtopic,,scopus,llm,0.940,unreviewed,,doi:10.1007/s11280-025-01395-3
discarded,Towards Observing the Effect of Abstraction on Understandability of Explanations in Answer Set Programming,Z.G. Saribatur,2026,Lecture Notes in Computer Science,10.1007/978-3-032-02813-6_18,https://www.scopus.com/inward/record.uri?partnerID=HzOxMe3b&scp=105015601466&origin=inward,supports-claim; adjacent-subtopic,,scopus,llm_reviewed,0.860,changed,kept->discarded,doi:10.1007/978-3-032-02813-6_18
discarded,3D visualization of code smells: A scalable multi-level metaphoric approach for software developers,C. Hasantha,2026,Advances in Science and Technology Research Journal,10.12913/22998624/214373,https://www.scopus.com/inward/record.uri?partnerID=HzOxMe3b&scp=105030855855&origin=inward,adjacent-subtopic,,scopus,llm,0.860,unreviewed,,doi:10.12913/22998624/214373
discarded,Bridging the Granularity Gap: From Fine-Grained Events to Coarse-Grained Process Models,R.P. Jagadeesh Chandra Bose,2026,Lecture Notes in Computer Science,10.1007/978-3-032-17618-9_30,https://www.scopus.com/inward/record.uri?partnerID=HzOxMe3b&scp=105038020116&origin=inward,adjacent-subtopic,,scopus,llm,0.880,unreviewed,,doi:10.1007/978-3-032-17618-9_30
discarded,Abstraction and Explanation of Ontology-Driven Conceptual Models,E. Romanenko,2026,Ki Kunstliche Intelligenz,10.1007/s13218-026-00909-z,https://www.scopus.com/inward/record.uri?partnerID=HzOxMe3b&scp=105035875942&origin=inward,adjacent-subtopic,,scopus,llm,0.760,unreviewed,,doi:10.1007/s13218-026-00909-z
discarded,Physics4All DSL: A Domain-Specific Language for Democratising Physics Simulations and Advancing DSL Engineering with JetBrains MPS,S. Meacham,2026,International Conference on Model Driven Engineering and Software Development,10.5220/0014248000004058,https://www.scopus.com/inward/record.uri?partnerID=HzOxMe3b&scp=105035493751&origin=inward,adjacent-subtopic,,scopus,llm,0.800,unreviewed,,doi:10.5220/0014248000004058
discarded,A Text-Based Refactoring Dataset for Multi-Type Prediction Using Code Snippets and Software Metrics,A. Alazba,2026,IEEE Access,10.1109/ACCESS.2026.3731874,https://www.scopus.com/inward/record.uri?partnerID=HzOxMe3b&scp=105050426570&origin=inward,adjacent-subtopic,,scopus,llm,0.960,unreviewed,,doi:10.1109/access.2026.3731874
discarded,Predicting the Difficulty of Korean College Scholastic Ability Test Reading Comprehension Questions Using LLM-Based Qualitative Features,J. Jo,2026,IEEE Access,10.1109/ACCESS.2026.3727508,https://www.scopus.com/inward/record.uri?partnerID=HzOxMe3b&scp=105049685598&origin=inward,off-topic-false-hit,,scopus,llm,0.990,unreviewed,,doi:10.1109/access.2026.3727508
discarded,Fluid Construction Grammar,K. Beuls,2026,International Encyclopedia of Language and Linguistics Third Edition 14 Volume Set,10.1016/B978-0-323-95504-1.00599-8,https://www.scopus.com/inward/record.uri?partnerID=HzOxMe3b&scp=105050533021&origin=inward,off-topic-false-hit,,scopus,llm,0.970,unreviewed,,doi:10.1016/b978-0-323-95504-1.00599-8
discarded,Rapid End-to-End Test Generation and Hallucination Mitigation Using Generative Artificial Intelligence,C. Barathidass,2026,IEEE Access,10.1109/ACCESS.2026.3657407,https://www.scopus.com/inward/record.uri?partnerID=HzOxMe3b&scp=105028612570&origin=inward,adjacent-subtopic,,scopus,llm,0.950,unreviewed,,doi:10.1109/access.2026.3657407
discarded,Untangling Intricate Dependencies: Characterizing and Resolving Software Package Dependencies,X. Wang,2026,IEEE Transactions on Software Engineering,10.1109/TSE.2026.3717842,https://www.scopus.com/inward/record.uri?partnerID=HzOxMe3b&scp=105046311906&origin=inward,adjacent-subtopic,,scopus,llm,0.900,unreviewed,,doi:10.1109/tse.2026.3717842
discarded,Enhancing Conceptual Understanding of Real Variable Functions in Engineering Students Through GeoGebra: A Quasi-Experimental Study,,2026,Proceedings of the Laccei International Multi Conference for Engineering Education and Technology,10.18687/LACCEI2026.1.1.2333,https://www.scopus.com/inward/record.uri?partnerID=HzOxMe3b&scp=105048869086&origin=inward,off-topic-false-hit,,scopus,llm,0.990,unreviewed,,doi:10.18687/laccei2026.1.1.2333
discarded,Exploring and Analyzing Software Architecture Refactoring in Practice,W. Ding,2026,IEEE Transactions on Software Engineering,10.1109/TSE.2025.3636150,https://www.scopus.com/inward/record.uri?partnerID=HzOxMe3b&scp=105023149007&origin=inward,adjacent-subtopic,,scopus,llm,0.900,unreviewed,,doi:10.1109/tse.2025.3636150
discarded,Demonstrative Corrosion Experimentation as a Means of Learning the Reduction Potential Table,L.H.S. Fonte,2026,Revista Virtual De Quimica,10.21577/1984-6835.20260041,https://www.scopus.com/inward/record.uri?partnerID=HzOxMe3b&scp=105042837645&origin=inward,off-topic-false-hit,,scopus,llm,1.000,unreviewed,,doi:10.21577/1984-6835.20260041
discarded,Event-Based Digital Twin State Formulation for Probabilistic Prognostics Under Sparse Industrial Sensing,S.W. Kim,2026,IEEE Access,10.1109/ACCESS.2026.3699754,https://www.scopus.com/inward/record.uri?partnerID=HzOxMe3b&scp=105040909143&origin=inward,off-topic-false-hit,,scopus,llm,0.940,unreviewed,,doi:10.1109/access.2026.3699754
discarded,Transformer Substation Network Disconnection Prediction via Semantic Reasoning with Causal Modeling,J. Ren,2026,Computer Science and Information Systems,10.2298/CSIS251027010R,https://www.scopus.com/inward/record.uri?partnerID=HzOxMe3b&scp=105033054106&origin=inward,off-topic-false-hit,,scopus,llm,0.980,unreviewed,,doi:10.2298/csis251027010r
discarded,Genetic Optimization of Discrete High-Level Policies for Swarm Shepherding with Angular State Abstraction,T. Hashimoto,2026,Ieej Transactions on Electrical and Electronic Engineering,10.1002/tee.70383,https://www.scopus.com/inward/record.uri?partnerID=HzOxMe3b&scp=105046050841&origin=inward,off-topic-false-hit,,scopus,llm,0.960,unreviewed,,doi:10.1002/tee.70383
discarded,Polymorphic Higher-Order GPU Kernels,A.R. Du Bois,2026,Lecture Notes in Computer Science,10.1007/978-3-031-99854-6_7,https://www.scopus.com/inward/record.uri?partnerID=HzOxMe3b&scp=105015444150&origin=inward,adjacent-subtopic,,scopus,llm,0.790,unreviewed,,doi:10.1007/978-3-031-99854-6_7
discarded,MOGO: Residual Quantized Hierarchical Causal Transformer for Real-Time and Infinite-Length 3D Human Motion Generation,D. Fu,2026,Proceedings of the Aaai Conference on Artificial Intelligence,10.1609/aaai.v40i5.37402,https://www.scopus.com/inward/record.uri?partnerID=HzOxMe3b&scp=105034576701&origin=inward,off-topic-false-hit,,scopus,llm,0.990,unreviewed,,doi:10.1609/aaai.v40i5.37402
