status,title,authors,year,venue,doi,url,tags,abstract,provider,decision_source,llm_confidence,llm_review_outcome,llm_change_direction,paper_id
discarded,Object Oriented Software Engineering: A Use Case Driven Approach,Ivar Jacobson,1992,CERN Document Server (European Organization for Nuclear Research),,https://openalex.org/W2139907081,adjacent-subtopic,Part 1. Introduction 1. System development as an industrial process Introduction A useful analogy System development characteristics Summary 2. The system life cycle Introduction System development as a process of change System development and reuse System development and methodology Objectory Summary 3. What is object-orientation? Introduction Object Class andinstance Polymorphism Inheritance Summary 4. Object-oriented system development Introduction Function/data methods Object-oriented analysis Object-oriented construction Object-oriented testing Summary 5. Object-oriented programming Introduction Objects Classes and instances Inheritance Polymorphism An example Summary Part II. Concepts 6. Architecture Introduction System development is model building Model architecture Requirements model Analysis model The design model The implementation model Test model Summary 7. Analysis Introduction The requirements model The analysis model Summary 8. Construction Introduction The design model Block design Working with construction Summary 9. Real-time specialization Introduction Classification of real-time systems Fundamental issues Analysis Construction Testing and verification Summary 10. Database Specialization Introduction Relational DBMS Object DBMS Discussion Summary 11. Components Introduction What is a component? Use of components Component management Summary 12. Testing Introduction On testing Unit testing Integration testing System testing The testing process Summary Part III. Applications 13. Case study: warehouse management system Introduction to the examples ACME Warehouse Management Inc. The requirements model The analysis model Construction 14. Case study: telecom Introduction Telecommunication switching systems The requirements model The analysis model The design model The implementation model 15. Managing object-oriented software engineering Introduction Project selection and preparation Project development organization Project organization and management Project staffing Software quality assurance Software metrics Summary 16. Other object-oriented methods Introduction A summary of object-oriented methods Object-Oriented Analysis (OOAD/Coad-Yourdon) Object-Oriented Design (OOD/Booch) Hierarchical Object-Oriented Design (HOOD) Object Modeling Technique (OMT) Responsibility-Driven Design Summary Appendix A On the development of Objectory Introduction Objectory as an activity From idea to reality References Index,openalex,llm,0.960,unreviewed,,hash:f1e7fc39a3385473
discarded,A hierarchical model for object-oriented design quality assessment,Jagdish Bansiya; Carl G. Davis,2002,IEEE Transactions on Software Engineering,10.1109/32.979986,https://openalex.org/W2167363007,supports-claim; adjacent-subtopic,"The paper describes an improved hierarchical model for the assessment of high-level design quality attributes in object-oriented designs. In this model, structural and behavioral design properties of classes, objects, and their relationships are evaluated using a suite of object-oriented design metrics. This model relates design properties such as encapsulation, modularity, coupling, and cohesion to high-level quality attributes such as reusability, flexibility, and complexity using empirical and anecdotal information. The relationship or links from design properties to quality attributes are weighted in accordance with their influence and importance. The model is validated by using empirical and expert opinion to compare with the model results on several large commercial object-oriented systems. A key attribute of the model is that it can be easily modified to include different relationships and weights, thus providing a practical quality assessment tool adaptable to a variety of demands.",openalex,llm_reviewed,0.860,changed,kept->discarded,doi:10.1109/32.979986
discarded,"Generative Programming: Methods, Tools, and Applications",Krzysztof Czarnecki; Ulrich W. Eisenecker,2000,,,https://openalex.org/W1500250067,adjacent-subtopic,"1. What Is This Book About? From Handcrafting to Automated Assembly Lines. Generative Programming. Benefits and Applicability. I. ANALYSIS AND DESIGN METHODS AND TECHNIQUES. 2. Domain Engineering. Why Is This Chapter Worth Reading? What Is Domain Engineering? Domain Analysis. Domain Design and Domain Implementation. Application Engineering. Product-Line Practices. Key Domain Engineering Concepts. Domain. Domain Scope and Scoping. Relationships between Domains. Features and Feature Models. Method Tailoring and Specialization. Survey of Domain Analysis and Domain Engineering Methods. Feature-Oriented Domain Analysis (FODA). Organization Domain Modeling (ODM). Draco. Capture. Domain Analysis and Reuse Environment (DARE). Domain-Specific Software Architecture (DSSA) Approach. Algebraic Approach. Other Approaches. Domain Engineering and Related Approaches. Historical Notes. Summary. 3. Domain Engineering and Object-Oriented Analysis and Design. Why Is This Chapter Worth Reading? OO Technology and Reuse. Solution Space. Problem Space. Relationship between Domain Engineering and Object-Oriented Analysis and Design (OOA/D) Methods. Aspects of Integrating Domain Engineering and OOA/D Methods. Horizontal versus Vertical Methods. Selected Methods. Rational Unified Process. 00ram. Reuse-Driven Software Engineering Business (RSEB). FeatuRSEB. Domain Engineering Method for Reusable Algorithmic Libraries (DEMRAL). 4. Feature Modeling. Why Is This Chapter Worth Reading? Features Revisited. Feature Modeling. Feature Models. Feature Diagrams. Other Infon-Nation Associated with Feature Diagrams in a Feature Model. Assigning Priorities to Variable Features. Availability Sites, Binding Sites, and Binding Modes. Relationship between Feature Diagrams and Other Modeling Notations and Implementation Techniques. Single Inheritance. Multiple Inheritance. Parameterized Inheritance. Static Parameterization. Dynamic Parameterization. Implementing Constraints. Tool Support for Feature Models. Frequently Asked Questions about Feature Diagrams. Feature Modeling Process. How to Find Features. Role of Variability in Modeling. 5. The Process of Generative Programming. Why Is This Chapter Worth Reading? Generative Domain Models. Main Development Steps in Generative Programming. Adapting Domain Engineering for Generative Programming. Domain-Specific Languages. DEMRAL: Example of a Domain Engineering Method for Generative Programming. Outline of DEMRAL. Domain Analysis. Domain Definition. Domain Modeling. Domain Design. Scope Domain Model for Implementation. Identify Packages. Develop Target Architectures and Identify the Implementation Components. Identify User DSLs. Identify Interactions between DSLs. Specify DSLs and Their Translation. Configuration DSLs. Expression DSLs. Domain Implementation. II. IMPLEMENTATION TECHNOLOGIES. 6. Generic Programming. Why Is This Chapter Worth Reading? What Is Generic Programming? Generic versus Generative Programming. Generic Parameters. Parametric versus Subtype Polymorphism. Genericity in Java. Bounded versus Unbounded Polymorphism. A Fresh Look at Polymorphism. Parameterized Components. Parameterized Programming. Types, Interfaces, and Specifications. Adapters. Vertical and Horizontal Parameters. Module Expressions. C++ Standard Template Library. Iterators. Freestanding Functions versus Member Functions. Generic Methodology. Historical Notes. 7. Component-Oriented Template-Based C++ Programming Techniques. Why Is This Chapter Worth Reading? Types of System Configuration. C++ Support for Dynamic Configuration. C++ Support for Static Configuration. Static Typing. Static Binding. Inlining. Templates. Parameterized Inheritance. typedefs. Member Types. Nested Classes. Prohibiting Certain Template Instantiations. Static versus Dynamic Parameterization. Wrappers Based on Parameterized Inheritance. Template Method Based on Parameterized Inheritance. Parameterizing Binding Mode. Consistent Parameterization of Multiple Components. Static Interactions between Components. Components with Influence. Components under Influence. Structured Configurations. Recursive Components. Intelligent Configuration. 8. Aspect-Oriented Decomposition and Composition. Why Is This Chapter Worth Reading? What Is Aspect-Oriented Programming? Aspect-Oriented Decomposition Approaches. Subject-Oriented Programming. Composition Filters. Demeter / Adaptive Programming. Aspect-Oriented Decomposition and Domain Engineering. How Aspects Arise. Composition Mechanisms. Requirements on Composition Mechanisms. Example: Synchronizing a Bounded Buffer. Tangled Synchronized Stack. Separating Synchronization Using Design Patterns. Separating Synchronization Using SOP. Some Problems with Design Patterns and Some Solutions. Implementing Noninvasive, Dynamic Composition in Smalltalk. Kinds of Crosscutting. How to Express Aspects in Programming Languages. Separating Synchronization Using AspectJ Cool. Implementing Dynamic Cool in Smalltalk. Implementation Technologies for Aspect-Oriented Programming. Technologies for Implementing Aspect-Specific Abstractions. Technologies for Implementing Weaving. AOP and Specialized Language Extensions. AOP and Active Libraries. Final Remarks. 9. Generators. Why Is This Chapter Worth Reading? What Are Generators? Transformational Model of Software Development. Technologies for Building Generators. Compositional versus Transformational Generators. Kinds of Transformations. Compiler Transformations. Source-to-Source Transformations. Transformation Systems. Scheduling Transformations. Existing Transformation Systems and Their Applications. Selected Approaches to Generation. Draco. GenVoca. Approaches Based on Algebraic Specifications. 10. Static Metaprogramming in C++. Why Is This Chapter Worth Reading? What Is Metaprogramming? A Quick Tour of Metaprogramming. Static Metaprogramming. C++ as a Two-Level Language. Functional Flavor of the Static Level. Class Templates as Functions. Integers and Types as Data. Symbolic Names Instead of Variables. Constant Initialization and typedef-Statements Instead of Assignment. Template Recursion Instead of Loops. Conditional Operator and Template Specialization as Conditional Constructs. Template Metaprogramming. Template Metafunctions. Metafinctions as Arguments and Return Values of Other Metafinctions. Representing Metainformation. Member Traits. Traits Classes. Traits Templates. Example: Using Template Metafunctions and Traits Templates to Implement Type Promotions. Compile-Time Lists and Trees as Nested Templates. Compile-Time Control Structures. Explicit Selection Constructs. Template Recursion as a Looping Construct. Explicit Looping Constructs. Code Generation. Simple Code Selection. Composing Templates. Generators Based on Expression Templates. Recursive Code Expansion. Explicit Loops for Generating Code. Example: Using Static Execute Loops to Test Metafunctions. Partial Evaluation in C++. Workarounds for Partial Template Specialization. Problems of Template Metaprogramming. Historical Notes. 11. Intentional Programming. Why Is This Chapter Worth Reading? What Is Intentional Programming? Technology behind IP. System Architecture. Representing Programs in IP: The Source Graph. Source Graph + Methods = Active Source. Working with the IP Programming Environment. Editing. Further Capabilities of the IP Editor. Extending the IP System with New Intentions. Advanced Topics. Questions, Methods, and a Frameworklike Organization. Source-Pattem-Based Polymorphism. Methods as Visitors. Asking Questions Synchronously and Asynchronously. Reduction. The Philosophy behind IP. Why Do We Need Extendible Programming Environments? or What Is the Problem with Fixed Programming Languages? Moving Focus from Fixed Languages to Language Features and the Emergence of an Intention Market. Intentional Programming and Component-Based Development. Frequently Asked Questions. Summary. III. APPLICATION EXAMPLES. 12. List Container. Why Is This Chapter Worth Reading? Overview. Domain Analysis. Domain Design. Implementation Components. Manual Assembly. Specifying Lists. The Generator. Extensions. 13. Bank Account. Why Is This Chapter Worth Reading? The Successful Programming Shop. Design Pattems, Frameworks, and Components. Domain Engineering and Generative Programming. Feature Modeling. Architecture Design. Implementation Components. Configurable Class Hierarchies. Designing a Domain-Specific Language. Bank Account Generator. Testing Generators and Their Products. 14. Generative Matrix Computation Library (GMCL). Why Is This Chapter Worth Reading? Why Matrix Computations? Domain Analysis. Domain Definition. Domain Modeling. Domain Design and Implementation. Matrix Type Generation. Generating Code for Matrix Expressions. Implementing the Matrix Component in IP. APPENDICES. Appendix A: Conceptual Modeling. What Are Concepts? Theories of Concepts. Basic Terminology. The Classical View. The Probabilistic View. The Exemplar View. Summary of the Three Views. Important Issues Concerning Concepts. Stability of Concepts. Concept Core. Informational Contents of Features. Feature Composition and Relationships between Features. Quality of Features. Abstraction and Generalization. Conceptual Modeling, Object-Orientation, and Software Reuse. Appendix B: Instance-Specific Extension Protocol for Smalltalk. Appendix C: Protocol for Attaching Listener Objects in Smalltalk. Appendix D: Glossary of Matrix Computation Terms. Appendix E: Metafunction for Evaluating Dependency Tables. Glossary of Generative Programming Terms. References. Index. 020130977T04062001",openalex,llm,0.940,unreviewed,,hash:4929ae022f98b948
discarded,"On understanding types, data abstraction, and polymorphism",Luca Cardelli; Peter W. Wegner,1985,ACM Computing Surveys,10.1145/6041.6042,https://openalex.org/W2027657506,adjacent-subtopic,"Our objective is to understand the notion of type in programming languages, present a model of typed, polymorphic programming languages that reflects recent research in type theory, and examine the relevance of recent research to the design of practical programming languages. Object-oriented languages provide both a framework and a motivation for exploring the interaction among the concepts of type, data abstraction, and polymorphism, since they extend the notion of type to data abstraction and since type inheritance is an important form of polymorphism. We develop a λ-calculus-based model for type systems that allows us to explore these interactions in a simple setting, unencumbered by complexities of production programming languages. The evolution of languages from untyped universes to monomorphic and then polymorphic type systems is reviewed. Mechanisms for polymorphism such as overloading, coercion, subtyping, and parameterization are examined. A unifying framework for polymorphic type systems is developed in terms of the typed λ-calculus augmented to include binding of types by quantification as well as binding of values by abstraction. The typed λ-calculus is augmented by universal quantification to model generic functions with type parameters, existential quantification and packaging (information hiding) to model abstract data types, and bounded quantification to model subtypes and type inheritance. In this way we obtain a simple and precise characterization of a powerful type system that includes abstract data types, parametric polymorphism, and multiple inheritance in a single consistent framework. The mechanisms for type checking for the augmented λ-calculus are discussed. The augmented typed λ-calculus is used as a programming language for a variety of illustrative examples. We christen this language Fun because fun instead of λ is the functional abstraction keyword and because it is pleasant to deal with. Fun is mathematically simple and can serve as a basis for the design and implementation of real programming languages with type facilities that are more powerful and expressive than those of existing programming languages. In particular, it provides a basis for the design of strongly typed object-oriented languages.",openalex,llm,0.990,unreviewed,,doi:10.1145/6041.6042
kept,Managing object oriented framework reuse,S. Sparks; Kevin M. Benner; Chris Faris,1996,Computer,10.1109/2.536784,https://openalex.org/W2008005772,qualifies-claim,"Reusing frameworks instead of libraries can cause subtle architectural changes in an application, calling for innovative management solutions. We relate our experience in managing the Knowledge-Based Software Assistant project and offer tips for buying, building and using frameworks. One of the promises of object-oriented software development is that organizations can get a significant return on development investment because the code is easier to reuse. Software project managers are often eager to take the OO plunge for that reason, but are uncertain about the management issues they will face. There is also the problem of choosing the best form of reuse. Library-based reuse, the traditional reuse form, is more popular than framework-based reuse, but we have found that framework-based reuse offers many more benefits with the right management approach. We describe the lessons we learned when building the Knowledge-Based Software Assistant/Advanced Development Model.",openalex,llm,0.940,unreviewed,,doi:10.1109/2.536784
discarded,Composition Patterns: An Approach to Designing Reusable Aspects,Siobhán Clarke; Robert J. Walker; Trinity College,2001,,,https://openalex.org/W2139453480,adjacent-subtopic,"Requirements such as distribution or tracing have an impact on multiple classes in a system. They are cross-cutting requirements, or aspects. Their support is, by necessity, scattered across those multiple classes. A look at an individual class may also show support for cross-cutting requirements tangled up with the core responsibilities of that class. Scattering and tangling make object-oriented software difficult to understand, extend and reuse. Though design is an important activity within the software lifecycle with well-documented benefits, those benefits are reduced when cross-cutting requirements are present. This paper presents a means to mitigate these problems by separating the design of cross-cutting requirements into composition patterns. Composition patterns require extensions to the UML, and are based on a combination of the subjectoriented model for composing separate, overlapping designs, and UML templates. This paper also demonstrates how composition patterns map to one programming model that provides a solution for separation of cross-cutting requirements in code---aspect-oriented programming. This mapping serves to illustrate that separation of aspects may be maintained throughout the software lifecycle.",openalex,llm,0.830,unreviewed,,hash:863d93edbabc8bb7
discarded,Reusable software: the Base object-oriented component libraries,Bertrand Meyer,1994,CERN Document Server (European Organization for Nuclear Research),,https://openalex.org/W1500894086,adjacent-subtopic,"First reviews the principles of library construction and the object-oriented techniques that make it possible to build high-quality libraries - e.g., finding the right objects and classes, choosing the proper names, using inheritance properly, determining the ideal class size, etc. Then provides detailed usage descriptions of hundreds of reusable components, offering thousands of directly usable operations. The components, written in Eiffel, cover such areas as lists, chains, queues, stacks, trees of various kinds, sorted structures, lexical analysis, parsing, and many other fundamental data structures and algorithms. For both the users of reusable software libraries and for developers who are interested in building their own libraries of reusable software.",openalex,llm,0.890,unreviewed,,hash:bca9cff969797326
discarded,Visualizing the behavior of object-oriented systems,Wim De Pauw; Richard Helm; Doug Kimelman; John M. Vlissides,1993,,10.1145/165854.165919,https://openalex.org/W2076140697,adjacent-subtopic,"Numerous classes, complex inheritance and containment hierarchies, and diverse patterns of dynamic interaction all contribute to difficulties in understanding, reusing, debugging, and tuning large object-oriented systems. To help overcome these difficulties, we introduce novel views of the behavior of object-oriented systems and an architecture for creating and animating these views. We describe platform-independent techniques for instrumenting object-oriented programs, a language-independent protocol for monitoring their execution, and a structure for decoupling the execution of a subject program from its visualization. Case studies involving tuning and debugging of real systems are presented to demonstrate the benefits of visualization. We believe that visualization will prove to be a valuable tool for object-oriented software development.",openalex,llm,0.920,unreviewed,,doi:10.1145/165854.165919
discarded,ECOOP 2003 – Object-Oriented Programming,Erik Ernst,2003,Lecture notes in computer science,10.1007/b11832,https://openalex.org/W2499380309,adjacent-subtopic,,openalex,llm,0.980,unreviewed,,doi:10.1007/b11832
