status,title,authors,year,venue,doi,url,tags,abstract,provider,decision_source,llm_confidence,llm_review_outcome,llm_change_direction,paper_id
discarded,Enhancing the process of testing object-oriented systems,I. Alkadi; G. Alkadi,2004,2004 IEEE Aerospace Conference Proceedings (IEEE Cat. No.04TH8720),10.1109/AERO.2004.1368118,https://ieeexplore.ieee.org/document/1368118/,adjacent-subtopic,"E.W. Dijkstra said, ""Testing proves the presence, not the absence, of bugs"". Testing is a crucial step in the overall system development process. Using testing techniques that support features of the underlying software paradigm more effectively tests program than do testing techniques that support features of other paradigms. Systems developed with the object-oriented paradigm require techniques that support object-oriented features such as inheritance, data abstraction, encapsulation, and dynamic binding. Many techniques that are used to test systems developed with the structured paradigm are not sufficient for the testing of object-oriented systems. The goal of this research is to develop methods that will improve the process of testing object-oriented systems. Specifically, emphasis is given to improving the level of testing of methods because the level of method testing is generally considered inadequate. Algorithms are included that identify the set of methods, both interobject and intraobject, that should be tested for a given system. These algorithms are implemented as a part of an automated testing system that derives a framework for the testing of methods. This system includes the automatic generation of test drivers to facilitate the testing. It captures the results of tests for the purposes of reuse for future system maintenance. This framework provides the software engineer who is testing a system a mechanism to determine the level of method coverage that has been achieved in the testing process.",ieee,llm,0.980,unreviewed,,doi:10.1109/aero.2004.1368118
discarded,Object-oriented finite element analysis: a distributed approach to mesh generation,Yang Xiang; Yang Ping; Wanlei Zhou,2002,"Fifth International Conference on Algorithms and Architectures for Parallel Processing, 2002. Proceedings.",10.1109/ICAPP.2002.1173557,https://ieeexplore.ieee.org/document/1173557/,adjacent-subtopic,"The object-oriented finite element method (OOFEM) has attracted the attention of many researchers. Compared with the traditional finite element method, OOFEM software has the advantages of maintenance and reuse. Moreover, it is easier to expand the architecture to a distributed one. In this paper, we introduce a distributed architecture of a object-oriented finite element preprocessor. A comparison between the distributed system and the centralised system shows that the former, presented in the paper, greatly improves the performance of mesh generation. Other finite element analysis modules could be expanded according to this architecture.",ieee,llm,0.930,unreviewed,,doi:10.1109/icapp.2002.1173557
discarded,Object-oriented robot control framework,A. Speck; G. Gruhler; W. Kuchlin,1998,IECON '98. Proceedings of the 24th Annual Conference of the IEEE Industrial Electronics Society (Cat. No.98CH36200),10.1109/IECON.1998.722922,https://ieeexplore.ieee.org/document/722922/,adjacent-subtopic,"Object-oriented frameworks are a promising new technology to improve software quality and reduce development costs. In contemporary software development frameworks play an increasingly important role. The subject of our paper is an object-oriented ready-to-use framework for robot control systems. With the robot control framework especially multitasking control systems can be developed. The framework covers robot control functionality like path planning as well as the control of peripheral devices. It supports standard control hardware such as workstations and PCs with standard operating systems. Furthermore the framework provides an interface for the development of new control software such as a numeric control. The robot control framework has a layered architecture. In order to develop a control system only flexible ""hot spots"" have to be hooked in the framework. Examples for these flexible aspects are the cycle period of the control loop or the kind of connection to the devices. All the other general robot control components are already part of the framework. Hence they are reused.",ieee,llm,0.800,unreviewed,,doi:10.1109/iecon.1998.722922
discarded,Reusability techniques in load-flow analysis computer program,K.M. Nor; H. Mokhlis; T.A. Gani,2004,IEEE Transactions on Power Systems,10.1109/TPWRS.2004.835630,https://ieeexplore.ieee.org/document/1350811/,supports-claim; adjacent-subtopic,"This paper describes the implementation of reusability aspects in producing load-flow analysis software application. The reusability in the algorithm and codes are obtained by applying matrix partitioning approach for Newton method and sequential approach for Fast Decoupled method. The software is built by using component-based development and object oriented programming methodologies. These methodologies made the developed load-flow analysis software flexible for future enhancement. Adding and changing codes and algorithm of the software can be done without affecting much the existing codes and algorithms. By maximizing the reusability aspects, the cost and time of software maintenance for updating can be reduced.",ieee,llm_reviewed,0.720,changed,kept->discarded,doi:10.1109/tpwrs.2004.835630
kept,Framework Characteristics - A Starting Point for Addressing Reuse Difficulties,Sérgio F. Lopes; Francisco Afonso; Adriano Tavares; João Monteiro,2009,2009 Fourth International Conference on Software Engineering Advances,10.1109/ICSEA.2009.46,https://ieeexplore.ieee.org/document/5298395/,qualifies-claim,"Frameworks are a fundamental reuse technique, but they are often hard to learn and reuse. Documentation approaches and tools supporting instantiation have been the main research subjects for addressing framework reuse difficulties. This paper introduces a new approach that starts from a more fundamental level - framework characteristics. These are shaped by programming and design techniques, and their impact on reuse difficulties is analysed. From there, a framework model making a congruent combination of characteristics is defined. The results are demonstrated with a case study framework. Both the problem analysis and the proposed solution are relevant for the conference topics, namely framework reuse and design methods.",ieee,llm,0.950,unreviewed,,doi:10.1109/icsea.2009.46
discarded,Testing inheritance hierarchies in the ClassBench framework,J. McDonald; P. Strooper,1998,Proceedings Technology of Object-Oriented Languages. TOOLS 28 (Cat. No.98TB100271),10.1109/TOOLS.1998.750038,https://ieeexplore.ieee.org/document/750038/,adjacent-subtopic,"Inheritance is a feature of the feature-oriented paradigm that permits substantial reuse of code. For us to have confidence in reused code, it must be adequately tested. Whilst object-oriented analysis, design and implementation techniques have received much attention in recent literature, object-oriented testing has been given comparatively little consideration. This paper presents an adaptation of the ClassBench methodology to the testing of inheritance hierarchies in C++. A small case study which applies the strategy to an inheritance hierarchy of a commercial class library is presented.",ieee,llm,0.910,unreviewed,,doi:10.1109/tools.1998.750038
discarded,A three-view model for developing object-oriented frameworks,T. Hayase; N. Ikeda; K. Matsumoto,2001,Proceedings 39th International Conference and Exhibition on Technology of Object-Oriented Languages and Systems. TOOLS 39,10.1109/TOOLS.2001.941665,https://ieeexplore.ieee.org/document/941665/,supports-claim; adjacent-subtopic,"This paper describes a three-view model for developing object-oriented frameworks. We propose a new methodology based on this model, and demonstrate its effectiveness using an example of practical industrial applications. This model can lead software engineers to a framework that has high reliability, portability, and maintainability. These quality factors of applications are especially important in a domain that has repeatability and changeability of hardware and software environment. The three-view model consists of a domain analysis view, a layer view, and a mechanism view. The domain analysis view is used to clarify all information and domain knowledge by using a new concept that we call Domain Reference Models (DRM), which reference models for modeling domain-specific objects, so that a framework has high reusability. The layer view is used to divide a framework into three layers that are piled up vertically: an infrastructure layer, a generic layer, and a domain layer. Because software engineers can replace a part of the framework for restriction on implementation, the framework has high portability. The mechanism view is used to decide which mechanism of whitebox frameworks or blackbox frameworks. By using this guideline, the framework has high maintainability. We applied our approach to the framework development for an industrial monitoring applications. By developing a prototype, we have a prospect of withdrawing the development costs of the framework by five or six times of application deployment. In this application, we estimate several ten times of application deployment. Therefore, it is effective for software engineers to develop a framework based on the three-view model.",ieee,llm_reviewed,0.760,changed,kept->discarded,doi:10.1109/tools.2001.941665
discarded,Reengineering Class Hierarchies into 3D Bridge Form,Chang-Moon Hyun,2007,"5th ACIS International Conference on Software Engineering Research, Management & Applications (SERA 2007)",10.1109/SERA.2007.111,https://ieeexplore.ieee.org/document/4297000/,adjacent-subtopic,"Software maintenance constitutes about two-thirds of total software costs. Much of this maintenance can more correctly be called software evolution, as existing systems are adapted to take on new responsibilities and/or operate in a changed environment. During an object-oriented software development, evolution often requires changes to the underlying object structure of the system in terms of classes, inheritance relationships, fields and operations. With this in mind, software developers try to redesign existing components with minimal modifications on the class hierarchy so that components can be refined and reused easily. In this paper, we propose the Flattened Class Hierarchy that characterizes ""normalization"" of reorganization of class hierarchy structures. And, we also present an algorithm which transforms a given class hierarchy into the Flattened form. The flattened class hierarchy plays an important role as a bridge on the reorganization of class hierarchies. And the flattened class hierarchy is helpful to us in a number of ways on the higher-level analysis and design phases.",ieee,llm,0.880,unreviewed,,doi:10.1109/sera.2007.111
discarded,Rapid prototyping with the OR model,Y. Intrator; S. Rotenstreich,1992,[1992 Proceedings] The Third International Workshop on Rapid System Prototyping,10.1109/IWRSP.1992.243905,https://ieeexplore.ieee.org/document/243905/,adjacent-subtopic,"An object-oriented model called the object-relation (OR) model is presented and shown to be powerful for rapid prototyping of object-oriented systems. The OR model is based on relations that replace the implicit interconnections that typically exist in every software system. These relations are defined in class hierarchies and can be used similarly to the way regular objects are used, e.g., inheritance and reuse. An example of a nontrivial data structure, the heap, is presented.<>",ieee,llm,0.910,unreviewed,,doi:10.1109/iwrsp.1992.243905
discarded,Measuring functionality and productivity in Web-based applications: a case study,M. Morisio; I. Stamelos; V. Spahos; D. Romano,1999,Proceedings Sixth International Software Metrics Symposium (Cat. No.PR00403),10.1109/METRIC.1999.809732,https://ieeexplore.ieee.org/document/809732/,qualifies-claim; adjacent-subtopic,"We explore the variation of the cost of writing code when object oriented framework based development of Web applications is encountered for the first time. Managers need such information to justify their investments in innovative development strategies. Size measurements are essential in this task and a number of metrics, namely: lines of code, classical function points, and object oriented function points, are employed. It is argued that lines of code and object oriented function points are more suitable in this case. Data analysis reveals that learning influences mainly the cost of writing new code, consisting of continuous calls to components provided by the framework. We also explore the applicability of an already proposed effort prediction model that is based on different reuse types. A cost estimation model is the by-product of this study, providing a helpful tool for managing the first projects in which the framework is employed.",ieee,llm_reviewed,0.980,changed,kept->discarded,doi:10.1109/metric.1999.809732
discarded,Automating Object-Oriented Functional Modeling for Standardized Design in the New Space Domain,Alessandro Mastropietro; Saulius Račkauskas; Andreas Knopp,2025,2025 IEEE International Symposium on Systems Engineering (ISSE),10.1109/ISSE65546.2025.11370070,https://ieeexplore.ieee.org/document/11370070/,adjacent-subtopic,"The New Space Economy is characterized by the use of standardized and miniaturized components, which, combined with easier access to space, enable cost-efficient space system solutions. Despite the availability of standard satellite platforms and interfaces, modern space services often require the integration of disruptive payload technologies, introducing new engineering challenges. Model-Based Systems Engineering (MBSE) provides a digital framework to integrate such payloads into existing satellite platforms, capturing key design information from stakeholder needs to final system realization. However, satellite digital models are often developed in isolation and tailored to specific mission objectives. Even when based on standard methodologies, the reuse of model elements remains cumbersome and error-prone, leading to risks of inconsistent traceability and functional misalignment across missions. Moreover, existing agile functional modeling approaches are not always aligned with broader digital transformation goals, as they typically rely on graphical notations, which limit model accessibility and make reuse complex and time-consuming. Therefore, this paper proposes an object-oriented functional approach for managing satellite platform digitalization in a modular and reusable manner through functional grouping. An automated framework was developed to support fast, consistent deployment of satellite digital models across missions, leveraging standard solutions and use cases. By enabling configuration and workflow automation, the approach contributes to the System as Code transition in systems engineering. The results demonstrate the potential of combining object-oriented functional analysis with the System as Code paradigm to streamline the development of standard satellite platforms for New Space missions, supporting broader and more effective MBSE adoption.",ieee,llm,0.910,unreviewed,,doi:10.1109/isse65546.2025.11370070
discarded,OOVHDL: object oriented VHDL,B. Djafri; J. Benzakki,1997,Proceedings VHDL International Users' Forum. Fall Conference,10.1109/VIUF.1997.623929,https://ieeexplore.ieee.org/document/623929/,adjacent-subtopic,"In the last decade, VHDL has played an important role in the explosive growth of the electronic design automation industry and, currently, it is widely used by hardware systems designers in many projects. However to keep up with the steady increase in complexity of hardware systems, to allow reuse of design models, and to reduce development time and cost, new design methods must be found. Several documents and publications have proposed to extend VHDL and add object oriented features both to manage the complexity increase and to augment the capabilities and expressiveness of VHDL. The authors describe OOVHDL, which extends VHDL by adding object oriented features such as inheritance, polymorphism mechanism, and communication via messages. The object oriented extensions and the different constructs described in the paper are illustrated through some examples.",ieee,llm,0.930,unreviewed,,doi:10.1109/viuf.1997.623929
discarded,An object-oriented conceptual model for the representation of geographic information,E. Clementini; P. Di Felice; A. D'Atri,1991,[Proceedings] 1991 Symposium on Applied Computing,10.1109/SOAC.1991.143923,https://ieeexplore.ieee.org/document/143923/,adjacent-subtopic,"The interest of the DP community towards geographic databases is large. The drawbacks of traditional database systems when used for handling unstructured data have been largely pointed out in the literature. At present, research efforts are concentrated on the investigation of the usability of the object-oriented approach for developing a new generation of powerful geographic database systems. The complexity of geographic systems, in terms of relationships to be modelled and operations to be performed on data, is well-known; therefore a conceptual analysis of the specific situation is a good strategy for handling the complexity of the implementation. The authors propose an object-oriented conceptual model tailored for organizing and representing basic map elements and their relationships, as well as operations of interest for the management of geographic data. The aim is to provide designers with a conceptual tool useful for organizing their knowledge about a geographic application in terms of basic concepts of the object-oriented paradigm, namely classes, instances, and methods.<>",ieee,llm,0.990,unreviewed,,doi:10.1109/soac.1991.143923
discarded,The Java Fieldbus Control Framework-object oriented control of fieldbus devices,D. Buhler; G. Nusser; W. Kuchlin; G. Gruhler,2001,Fourth IEEE International Symposium on Object-Oriented Real-Time Distributed Computing. ISORC 2001,10.1109/ISORC.2001.922831,https://ieeexplore.ieee.org/document/922831/,adjacent-subtopic,"In this paper we present the Java Fieldbus Control Framework (JFCF) which provides an object oriented programming framework for the rapid creation of concurrent control tasks for fieldbus-based automation systems. Our framework is implemented in Java which is going to become more popular in the field of industrial control, due to the advent of dedicated Java real-time systems and the RealTime Specification for Java (RTSJ). We further describe an example application built within our framework consisting of an open Java control for a CANopen automation system featuring a SCARA robot arm, a transfer system and further peripheral fieldbus devices. Four independent tasks run concurrently to establish the overall automation process. In order to meet real-time requirements, the framework will be extended to comply to the RTSJ in the future. The reusability of object oriented software and the portability of Java code results in a reduction of costs for software creation and maintenance.",ieee,llm,0.720,unreviewed,,doi:10.1109/isorc.2001.922831
discarded,Object-oriented application frameworks,Mohamed E. Fayad; Douglas C. Schmidt,1997,Communications of the ACM,10.1145/262793.262798,https://openalex.org/W1985757471,adjacent-subtopic,"Object-oriented application frameworks are a promising technology for reifying proven software designs and implementations in order to reduce the cost and improve the quality of software.A framework is a reusable, ""semi-complete'' application that can be specialized to produce custom applications [7,10].In contrast to earlier OO reuse techniques based on class libraries, frameworks are targeted for particular business units (such as data processing or cellular communications) and application domains (such as user interfaces or real-time avionics) [11].Frameworks like MacApp, ET++, Interviews, ACE, Microsoft's MFC and DCOM, JavaSoft's RMI, and implementations of OMG's CORBA play an increasingly important role in contemporary software development.The primary benefits of OO application frameworks stem from the modularity, reusability, extensibility, and inversion of control they provide to developers.Frameworks enhance modularity by encapsulating volatile implementation details behind stable interfaces.Framework modularity helps improve software quality by localizing the impact of design and implementation changes, which reduces the effort required",openalex,llm,0.710,unreviewed,,doi:10.1145/262793.262798
kept,How reuse influences productivity in object-oriented systems,Victor Robert Basili; Lionel Briand; Walcélio L. Melo,1996,Communications of the ACM,10.1145/236156.236184,https://openalex.org/W2077229393,supports-claim; stod,"LTHOUGH reuse is assumed to be especially valuable in building high-quality software, as well as in OO development, limited empirical evidence connects reuse with productivity and quality gains.The authors' eight-system study begins to define such benefits in an OO framework, most notably in terms of reduced defect density and rework, as well as in increased productivity.",openalex,llm_reviewed,1.000,confirmed,,doi:10.1145/236156.236184
