status,title,authors,year,venue,doi,url,tags,abstract,provider,decision_source,llm_confidence,llm_review_outcome,llm_change_direction,paper_id
discarded,X-OODM: Explainable Object-Oriented Design Methodology,Abqa Javed; Muhammad Shoaib; Abdul Jaleel,2024,IEEE Access,10.1109/ACCESS.2024.3477553,https://ieeexplore.ieee.org/document/10713364/,adjacent-subtopic,"In software applications and decision-making systems, the explainability features can be instrumental for explicating internal working, accountability, understanding, fairness, and interpretation of decisions, processes, and data. Conventional design methodologies like Object-Oriented Design Methodology (OODM) are proposed for web-based application development. OODM enables the reuse of code, quantification, and security at the design level. However, OODM did not provide the feature of introducing explainability in web-based decision-making systems, thus OODM is required to be modified. The present paper presents X-OODM with an added model to introduce the explainability feature. Design quality metrics for X-OODM are also proposed. The proposed methodology is validated through a case study involving different scenarios. In the first scenario, trustworthiness, fairness, transferability, and simulatability are implemented, resulting in an explainability level of 24 units. In addition to these components, in the second scenario, reliability, understanding, informativeness, and decomposability are involved with the previous parameters, having an explainability level of 34 units. In the third scenario, in addition to defined parameters, privacy awareness, accessibility, and algorithmic transparency components are also implemented, leading to the highest level of explainability 46 units compared to previous scenarios. A higher explainability level indicates that all aspects of web-based applications introduce explainability. This research can be extended to implement X-OODM for a real multi-domain sentiment analysis application.",ieee,llm,0.910,unreviewed,,doi:10.1109/access.2024.3477553
discarded,Reuse so far: phasing in a revolution,J.M. Neighbors,1994,Proceedings of 1994 3rd International Conference on Software Reuse,10.1109/ICSR.1994.365785,https://ieeexplore.ieee.org/document/365785/,adjacent-subtopic,The paper presents a lifecycle model that corresponds to a factor of ten improvement in software development productivity. It is argued that this level of productivity may be met today without aiding the general software crisis. Success and failure in software is not just a matter of improving software development productivity. Software flexibility for a changing world must also be maintained.<>,ieee,llm,0.780,unreviewed,,doi:10.1109/icsr.1994.365785
discarded,An interactive PC-based real-time simulator using an object-oriented approach,S. Alles; C. Swick; S. Mahmud; F. Lin,1993,1993 IEEE Instrumentation and Measurement Technology Conference,10.1109/IMTC.1993.382541,https://ieeexplore.ieee.org/document/382541/,adjacent-subtopic,"An interactive real-time vehicle simulator has been developed on an IBM PS/2 486 PC. The authors describe an object-oriented approach used to logically model the physical system of an automobile. They concentrate on the software issues in a real-time design. This design is specific to a vehicle simulator used for traction control. The software structure reflects the structure of the application problem, since everything can be represented as objects and messages. It promotes a smooth transition from system analysis all the way to the actual code. The inherent parallelism in the software system can be modeled naturally. The data abstraction and encapsulation reduces the interdependencies between the software components and consequently facilitates modification. The inheritance mechanism also allows reuse of the code enhancing maintainability. The application domain and the object model are described in detail.<>",ieee,llm,0.760,unreviewed,,doi:10.1109/imtc.1993.382541
discarded,Balancing in reverse engineering and in object-oriented systems engineering to improve reusability and maintainability,H. Gall; R. Klosch; E. Kofler; L. Wurfl,1994,Proceedings Eighteenth Annual International Computer Software and Applications Conference (COMPSAC 94),10.1109/CMPSAC.1994.342835,https://ieeexplore.ieee.org/document/342835/,adjacent-subtopic,"Whenever a reverse engineering method is applied to an old software system, the results are mainly limited to its degree of automation. Additional domain knowledge via a human expert helps to overcome this limitation. Modernizing old procedural software for object-oriented reuse requires domain knowledge as well us a balancing of the recovered information. We have developed a reverse engineering method for a gradual transition of procedural programs to an object-oriented architecture based on those aspects. This paper describes the balancing of the various generated models in our reverse engineering method and discusses this balancing in comparison to the balancing process in conventional object-oriented systems development. We also point out the links between these two engineering approaches. Furthermore the advantages of our reverse engineering process for reusability as well as maintainability of old procedural software based on object-oriented concepts are indicated.<>",ieee,llm,0.800,unreviewed,,doi:10.1109/cmpsac.1994.342835
discarded,Object Identifier Reuse Mechanism for TOTEM,Yuan Shi; Boxuan Zhai; Xiang Zhou; Zhiyong Peng,2006,22nd International Conference on Data Engineering Workshops (ICDEW'06),10.1109/ICDEW.2006.101,https://ieeexplore.ieee.org/document/1623922/,off-topic-false-hit,"During the development of our object deputy database system, called TOTEM, we find that OID exhaustion becomes a serious problem, which may also exist in other databases. To our knowledge, most current database systems don’t reuse OIDs in the fear of destroying referential consistency, which, however, can get well resolved in our OID Reuse Mechanism with the help of bilateral pointers. This paper firstly introduces the basic concepts of OID, states the necessity and importance of OID Reuse, and then introduces the implementation of OID Reuse Mechanism in TOTEM. At last, its performance evaluation is presented.",ieee,llm,0.990,unreviewed,,doi:10.1109/icdew.2006.101
discarded,Measurement of Modularity and Reusability Quality in Refactoring Object-Oriented Program Code,Siti Rochimah; Bintang Nuralamsyah; Glenaya; Tiara Rahmania Hadiningrum,2025,2025 IEEE International Conference on Data and Software Engineering (ICoDSE),10.1109/ICoDSE68111.2025.11351899,https://ieeexplore.ieee.org/document/11351899/,adjacent-subtopic,"Code smells are a common problem in object-oriented programming that can reduce the quality of software maintainability. To minimize this impact, refactoring techniques are needed that can improve code quality from the early stages of development. However, empirical evidence regarding the effectiveness of refactoring on software quality is still limited. Therefore, this study proposes an evaluation of the impact of refactoring on two sub-characteristics of maintainability, namely modularity and reusability, using metrics based on the ISO/IEC 25023 standard. Refactoring is carried out based on code smell identification using SonarQube and tested on three Java software projects. The study shows that refactoring Long Method and Long Parameter List significantly improves modularity and reusability in object-oriented software. MMo-1-G increasing by up to 0.014 for Long Method and 0.021 for Long Parameter List, MMo-2-S increasing by up to 0.024 for Long Method, and MRe-1-G increasing by up to 0.014. MRe-2-S remained unchanged due to the absence of documented coding rules. These results indicate that refactoring generally provides improvements in the quality of modularity and reusability, although the impact is relatively small and varies from project to project. These findings confirm that refactoring can contribute to improving the maintainability of object-oriented software.",ieee,llm,0.740,unreviewed,,doi:10.1109/icodse68111.2025.11351899
discarded,Customization of distributed systems using COM,Yi-Min Wang; P.-Y.E. Chung,1998,IEEE Concurrency,10.1109/4434.708249,https://ieeexplore.ieee.org/document/708249/,adjacent-subtopic,"Distributed computing is moving into the mainstream because of advances in high speed networking and the Internet's explosive growth. Object oriented programming has become the dominating paradigm for developing reusable software. Distributed objects combine these two trends and are becoming increasingly popular. More and more software systems are built as distributed object applications, and they often share the needs of some basic features such as remote invocation, versioning, load balancing, and fault tolerance. The Component Object Model and Distributed COM2 either provide some of these features directly or provide an architecture that facilitates building such features. COM specifies an architecture, a binary standard, and a supporting infrastructure for building, using, and evolving component based applications. It extends the benefits of object oriented programming, such as encapsulation, polymorphism, and software reuse, to a dynamic and cross process setting. DCOM is the distributed extension of COM. It specifies the additional infrastructure needed to further extend the benefits to networked environments. By using COM/DCOM as a platform to build distributed object applications, researchers and developers can concentrate on important issues specific to their applications, without devoting significant effort to building the supporting infrastructure.",ieee,llm,0.900,unreviewed,,doi:10.1109/4434.708249
discarded,An environment for object-oriented real-time systems design,R. van de Weg; R. Engmann; R. van de Hoef; V. ten Thij,1997,Proceedings 8th Conference on Software Engineering Environments,10.1109/SEE.1997.591813,https://ieeexplore.ieee.org/document/591813/,supports-claim; adjacent-subtopic,"A concise object-oriented method for the development of real-time systems has been composed. Hardware components are modelled by (software) base objects; base objects are controlled by a hierarchy of coordinator objects, expressed in an organizational diagram. The behaviour of objects is specified by state transition diagrams. This approach considerably promotes requirements analysis and communication with the customer. A CASE tool has been constructed with diagram editors for graphical specifications of real-time systems. The tool can generate executable code for PLCs from these graphical specifications; reuse of previous results is supported by the repository function of the tool. Experiences attained in practice with method and tool show that time spent in system testing and installation is reduced considerably.",ieee,llm_reviewed,0.720,changed,kept->discarded,doi:10.1109/see.1997.591813
discarded,Applying object oriented programming to developing programs on CTRON interfaces,K. Saito; M. Tabata; Y. Sato,1991,Proceedings Eighth TRON Project Symposium,10.1109/TRON.1991.213111,https://ieeexplore.ieee.org/document/213111/,supports-claim; adjacent-subtopic,"One of the objectives of the CTRON interface specifications is to promote software-reutilization for real-time applications by standardizing operating system interfaces. Although this approach does improve reusability by improving portability, means for gaining better composability has to be taken into consideration to achieve more advanced reutilization. Object oriented programming (OOP) which supports encapsulation, polymorphism and inheritance is an appropriate programming paradigm for improving composability of software-modules. The authors describe how they apply OOP to systems based on the CTRON specifications and describe the C++ class libraries they have been designing. They describe how they evaluate the performance, reusability and portability of programs that use the base class libraries.<>",ieee,llm_reviewed,0.820,changed,kept->discarded,doi:10.1109/tron.1991.213111
discarded,Tool support for systematic class identification in object-oriented software architectures,K.S. Barber; T.J. Graser,2000,Proceedings 37th International Conference on Technology of Object-Oriented Languages and Systems. TOOLS-Pacific 2000,10.1109/TOOLS.2000.891360,https://ieeexplore.ieee.org/document/891360/,adjacent-subtopic,"Software architectures have received considerable attention in both research and practice for representing system stakeholder concerns, and many researchers have leveraged object oriented models and methods for software architecture representation and evaluation. While the benefits associated with object oriented approaches are closely aligned with desirable qualities for software architectures (e.g., reusability, extensibility, comprehensibility, performance), these benefits are only realized through rational decision making by the analyst when identifying object oriented classes from a requirements specification. Traditionally, the class identification process has been somewhat subjective, with different analysts often arriving at completely different class models from the same requirements specification. Since this subjectivity does not lend itself to automation, little tool support is available for identifying object oriented classes and their relationships. The paper describes a tool under development, Reference Architecture Representation Environment (RARE), designed to systematically guide the analyst through class identification by applying heuristics associated with quality attributes and evaluating the resulting architecture based on relevant static metrics. RARE helps address a number of challenges typically faced during the class identification process, including: (1) developing an architecture that reflects the quality attributes prioritized by the analyst, (2) managing inherent conflicts between selected attributes, and (3) capturing analyst expertise and rationale for use by others.",ieee,llm,0.920,unreviewed,,doi:10.1109/tools.2000.891360
discarded,A precise estimation technique for test coverage of components in object-oriented frameworks,Yuji Sakata; Kazutoshi Yokoyama; Hironori Washizaki; Yoshiaki Fukazawa,2006,2006 13th Asia Pacific Software Engineering Conference (APSEC'06),10.1109/APSEC.2006.11,https://ieeexplore.ieee.org/document/4137397/,adjacent-subtopic,"In general, a component-based system uses only a part of the functions of its software components. Therefore, precise structural testing for components requires to specify what functions of the components are used in the system. In addition, in the case with an object-oriented component, some existing studies point out that testing of all possible bindings between a call site and the methods that the site may invoke is extremely ineffective. In this paper, we propose a method for precisely estimating test coverage of components on an object-oriented framework by using its deployment descriptor and evaluate its effectiveness.",ieee,llm,0.960,unreviewed,,doi:10.1109/apsec.2006.11
discarded,Reuse state of the art and state of the practice report card,W. Tracz,1994,Proceedings of 1994 3rd International Conference on Software Reuse,10.1109/ICSR.1994.365790,https://ieeexplore.ieee.org/document/365790/,adjacent-subtopic,"Reuse research and practice has had its share of successes and failures throughout the past decade. The paper summarizes what areas, in my opinion, have had the most significant impact toward advancing the state of the art and state of the practice of software reuse. It then discusses what areas have yet to produce significant results or have produced results significantly less than initially anticipated.<>",ieee,llm,0.760,unreviewed,,doi:10.1109/icsr.1994.365790
discarded,Mining reusable software components from object-oriented source code of a set of similar software,Anas Shatnawi; Abdelhak-Djamel Seriai,2013,2013 IEEE 14th International Conference on Information Reuse & Integration (IRI),10.1109/IRI.2013.6642472,https://ieeexplore.ieee.org/document/6642472/,supports-claim; adjacent-subtopic,"One of the most important approaches that support software reuse is Component Based Software Engineering (CBSE). Nevertheless the lack of component libraries is one of the major obstacles to widely use CBSE in the industry. To help filling this need, many approaches have been proposed to identify components from existing object-oriented software. These approaches identify components from singular software. Therefore the reusability of these components may be limited. In this paper, we propose an approach to mine reusable components from a set of similar object-oriented software, which were developed in the same domain, ideally by the same developers. Our goal is to enhance the reusability of mined components compared to those mined from single software. In order to validate our approach, we have applied it onto two open source Java applications of different sizes; small and large-scale ones. The results show that the components mined from the analysis of similar software are more reusable than those which are mined from single ones.",ieee,llm_reviewed,0.760,changed,kept->discarded,doi:10.1109/iri.2013.6642472
discarded,Improving the software architecture of private switching systems using object-oriented techniques,S.M. Fazal,1992,1992 Second International Conference on Private Switching Systems and Networks,,https://ieeexplore.ieee.org/document/167141/,supports-claim; adjacent-subtopic,"The paper presents the hypothesis that in order to produce a software architecture for a system that maintains its integrity in the face of continuous systems design iterations, it must be based upon reusable, evolvable and combinable autonomous software components. A system architecture that is based upon this premise will enable the conceptualization and design of new system requirements in a flexible and modular fashion. It describes the object-oriented methodology and how it may be used to construct a system from reusable, autonomous software components that can be independently developed, evolved and provisioned within the target system. In order to evaluate object-oriented techniques and compare them with conventional function-oriented techniques, a prototype switching system has been built using these techniques. The results of these evaluations are presented.<>",ieee,llm_reviewed,0.840,changed,kept->discarded,hash:80b0dc4b89507f36
discarded,O/sub w/L: An interface description language for IP reuse,K. Suzuki; K. Ara; K. Yano,1999,Proceedings of the IEEE 1999 Custom Integrated Circuits Conference (Cat. No.99CH36327),10.1109/CICC.1999.777313,https://ieeexplore.ieee.org/document/777313/,off-topic-false-hit,"A new language for interface description, named O/sub w/L, and its applications are proposed. The purpose of O/sub w/L is to reuse IPs. By specifying the functionality of the IP as an interface protocol, the IP can be used as a blackbox. The full interface specification of an SDRAM, including refresh control, is represented by 205 lines of O/sub w/L description. Two applications of O/sub w/L are also described. The first application is a waveform generator for the on-line manual. The second application is a means of checking the connectability of two IPs.",ieee,llm,0.970,unreviewed,,doi:10.1109/cicc.1999.777313
discarded,Reusability of mathematical software: a contribution,P. Di Felice,1993,IEEE Transactions on Software Engineering,10.1109/32.238586,https://ieeexplore.ieee.org/document/238586/,adjacent-subtopic,"Mathematical software is devoted to solving problems involving matrix computation and manipulation. The main problem limiting the reusability of existing mathematical software is that programs are often not initially designed for being reused. Therefore, it is hard to find programs that can be easily reused. A programming methodology useful for designing and implementing reusable code is presented. A portion of code designed and implemented for being reused is called a unit. The units are self-contained software components featuring a high degree of information hiding. This way of organizing software facilitates the reuse process and improves the understandability of units. To speed up the implementation process, a system supporting the reusability of units from an existing software library is particularly useful. The functionality of the EasyCard system, which creates, maintains, and queries a catalog of units is discussed.<>",ieee,llm,0.890,unreviewed,,doi:10.1109/32.238586
kept,Inheritance and reusability,R.L. Biddle; E.D. Tempero,1998,Proceedings 1998 Australian Software Engineering Conference (Cat. No.98EX233),10.1109/ASWEC.1998.730925,https://ieeexplore.ieee.org/document/730925/,qualifies-claim; mot,"Object-oriented programming has been widely acclaimed as a technology that will support the creation of reusable software, particularly because of the inheritance facility. However, the limited practical impact has not justified the acclaim. We believe this lack of success is due not to any particular shortcoming in inheritance, but to widespread misunderstanding of the way the technology supports reusability. We explore the connection between inheritance and reusability. We show that inheritance does support reusability, but does so in ways that are not well understood.",ieee,llm_reviewed,0.990,confirmed,,doi:10.1109/aswec.1998.730925
