status,title,authors,year,venue,doi,url,tags,abstract,provider,decision_source,llm_confidence,llm_review_outcome,llm_change_direction,paper_id
discarded,Toward a method of object-oriented concurrent programming,Denis Caromel,1993,Communications of the ACM,10.1145/162685.162711,https://openalex.org/W2078862062,adjacent-subtopic,"hile there have been many attempts to provide objectoriented languages with a model of concurrency, few have dealt with reusability and methodology.Here we propose a concurrent model that takes into account such important concerns.Concept unifications are a necessity, and underlie the need to make object-oriented programming adaptable to concurrency.The model characteristics, especially reusability, permit definition of a concurrent object-oriented design method.The model, which makes extensive use of objectoriented techniques such as inheritance and polymorphism, is presented followed by development of the concurrent programming method.A real-time example of an automotive cruise control system illustrates and exercises the method. Model of ConcurrencyOur model of concurrency relies on a small set of basic concepts, which are often continuations of those existing in sequential programming--our focus is on such a unification of concepts.The concepts and ideas detailed here have been implemented as an extension of Eiffel I [1, 20,21] which is named Eiffel//.The first choice encountered when designing a concurrent langnage is the.' process genesis: what language construct and concept permit the process definition?One of the ""breakthrough,;"" of object-oriented programming is the unification of module and type aspects into one construct: the class.When it comes to adding parallelism, another unification is to bring together the concepts of class and process",openalex,llm,0.880,unreviewed,,doi:10.1145/162685.162711
discarded,Object-Oriented Frameworks and Product Lines,Don S. Batory; Richard Cardone; Yannis Smaragdakis,2000,Software Product Lines,10.1007/978-1-4615-4339-8_13,https://openalex.org/W1660614444,adjacent-subtopic,,openalex,llm,0.780,unreviewed,,doi:10.1007/978-1-4615-4339-8_13
discarded,Design for testability in object-oriented systems,Robert V. Binder,1994,Communications of the ACM,10.1145/182987.184077,https://openalex.org/W1964497219,adjacent-subtopic,"Design #or TestabiMtyObject-Oriented Systems estability is the relative ease and expense of revealing software faults.This article maps the testability terrain for object-oriented development to assist the reader in finding relatively shorter and cheaper paths to high reliability.Software testing adds value by revealing faults.It is fundamentally an economic problem characterized by a continuum between two goals.A reliability-dtiven process uses testing to produce evidence that a pre-release reliability goal has been met.Time and money are expended on testing until the reliability goal is attained.This view of testing is typically associated with stringent, quantifiable reliability requirements.Other things being equal, a more testable system will reduce the time and cost needed to meet reliability goals.A resource-limited process views testing as a way to remove as many rough edges from a system as time or money permits.Testing continues until available test resources have been expended.Measurement of test adequacy or system reliability are incidental to the decision to release the system.This is the typical view of testing.Other things being equal, a more testable system provides increased reliability for a fixed testing budget.",openalex,llm,0.970,unreviewed,,doi:10.1145/182987.184077
discarded,An object-oriented approach to graphical interfaces,Paul S. Barth,1986,ACM Transactions on Graphics,10.1145/22949.22951,https://openalex.org/W1966808888,supports-claim; adjacent-subtopic,"An object-oriented system for building graphical interfaces to programs is discussed. The system, called GROW, facilitates the process of creating interfaces that are highly interactive (including direct manipulation and animation), rich in layout structure, and effectively reusable across applications. These properties are achieved through three techniques: object-based graphics with taxonomic inheritance, interobject relationships such as composition and graphical dependency, and separation of the interface and application. Experience with interfaces for several applications has provided insights on the effectiveness of these techniques. First, object-oriented programming yields significant leverage on specializing and reusing interfaces. Second, layout constraints (such as maintaining the connectivity of a graph) can be managed with simple data dependencies among the attributes of the graphical objects. Finally, separating the interface and application is essential to reusing interface components. This paper describes the techniques in detail, gives examples of interfaces built with GROW, and summarizes experiences using GROW with a variety of applications.",openalex,llm_reviewed,0.940,changed,kept->discarded,doi:10.1145/22949.22951
discarded,Short Communication: TopoToolbox 2 – MATLAB-based software for topographic analysis and modeling in Earth surface sciences,Wolfgang Schwanghart; Dirk Scherler,2014,Earth Surface Dynamics,10.5194/esurf-2-1-2014,https://openalex.org/W2113162852,adjacent-subtopic,"Abstract. TopoToolbox is a MATLAB program for the analysis of digital elevation models (DEMs). With the release of version 2, the software adopts an object-oriented programming (OOP) approach to work with gridded DEMs and derived data such as flow directions and stream networks. The introduction of a novel technique to store flow directions as topologically ordered vectors of indices enables calculation of flow-related attributes such as flow accumulation ∼20 times faster than conventional algorithms while at the same time reducing memory overhead to 33% of that required by the previous version. Graphical user interfaces (GUIs) enable visual exploration and interaction with DEMs and derivatives and provide access to tools targeted at fluvial and tectonic geomorphologists. With its new release, TopoToolbox has become a more memory-efficient and faster tool for basic and advanced digital terrain analysis that can be used as a framework for building hydrological and geomorphological models in MATLAB.",openalex,llm,0.970,unreviewed,,doi:10.5194/esurf-2-1-2014
discarded,Software Reuse: Survey and Research Directions,Yong-Beom Kim; Edward A. Stohr,1998,Journal of Management Information Systems,10.1080/07421222.1998.11518188,https://openalex.org/W1881125665,adjacent-subtopic,":Software reuse is the use of software resources from all stages of the software development process in new applications. Given the high cost and difficulty of developing high-quality software, the idea of capitalizing on previous software investments is appealing. However, software reuse has not been as effective as expected and has not been very broadly or systematically used in industry. This paper surveys recent software-reuse research using a framework that helps identify and organize the many factors that must be considered to achieve the benefits of software reuse in practice. We argue that software reuse needs to be viewed in the context of a total systems approach that addresses a broad range of technical, economic, managerial, organizational, and legal issues and conclude with a summary of the major research issues in each of these areas.",openalex,llm,0.790,unreviewed,,doi:10.1080/07421222.1998.11518188
discarded,Reusing Object-Oriented Designs,Ralph E. Johnson; Vincent F. Russo,2007,,,https://openalex.org/W200755598,adjacent-subtopic,"Reusing the products of the software development process is an important way to reduce software costs and to make programmers and designers more efficient. Object-oriented programming permits the reuse of design as well as programs. This paper describes two techniques for reusing design and how these reusable designs are developed. Abstract classes are reusable designs for components while frameworks are reusable designs for entire applications or subsystems. These two techniques are related since frameworks almost always contain abstract classes. Although the most widely used frameworks are for user interfaces, this paper draws its examples from a framework for the virtual memory subsystem of an operating system.",openalex,llm,0.760,unreviewed,,hash:e4ffd2fe10ead23f
discarded,MOOSE: A parallel computational framework for coupled systems of nonlinear equations,Derek R. Gaston; Chris Newman; Glen A. Hansen; Damien Lebrun-Grandié,2009,Nuclear Engineering and Design,10.1016/j.nucengdes.2009.05.021,https://openalex.org/W2120970762,adjacent-subtopic,,openalex,llm,0.870,unreviewed,,doi:10.1016/j.nucengdes.2009.05.021
discarded,"DESIGN AND REUSE IN OBJECT-ORIENTED FRAMEWORKS: PATTERNS, CONTRACTS, AND MOTIFS IN CONCERT",R. Lajoie; Rudolf K. Keller,1995,WORLD SCIENTIFIC eBooks,10.1142/9789812831163_0019,https://openalex.org/W1481271685,adjacent-subtopic,,openalex,llm,0.810,unreviewed,,doi:10.1142/9789812831163_0019
kept,Empirical Quantitive Investigation of the Effect of GoF Design Patterns on the Quality of Software Systems,"Abufakher, Somia",2026,INTERNATIONAL JOURNAL OF ADVANCED COMPUTER SCIENCE AND APPLICATIONS,,https://www.webofscience.com/wos/woscc/full-record/WOS:001741499100001,qualifies-claim,"Design patterns are universal, reusable fixes for common issues in software design. They are supposed to encourage better design choices by rep-urposing alreadyestablished successful solutions, saving cost and time. The purpose of the current study is to present quantitive evidence about the expected implications on software quality by employing GoF design patterns; 10 commonly applied patterns have been empirically assessed for their impact on software quality. The evaluated patterns are: Factory Method, Prototype, Singleton, Method, and Proxy. The study considers software quality attributes that match the intents of the subject design patterns; these attributes are: software maintainability, testability, reusability, simple design, sensitivity to change, and errorproneness. The empirical evaluation of patterns is performed by computing 10 software quality metrics for pattern classes that have been detected in 10 real open-source projects implemented with Java. The findings reveal that the evaluated patterns promote software quality, except for the classes of Prototype, Composite, and Singleton, which were often found not cohesive.",wos,llm,0.760,unreviewed,,hash:5220fa690452b10c
discarded,A metadata driven process for assessing stability and reusability based on risk of change of software systems,"Mehboob, Bilal; Chong, Chun Yong",2023,SOFTWARE-PRACTICE & EXPERIENCE,10.1002/spe.3187,https://www.webofscience.com/wos/woscc/full-record/WOS:000928881800001,adjacent-subtopic,"Measuring and estimating the reusability of software components are important steps toward finding reusable candidates. Reuse of software components can aid in the reduction of the development cost of new software or maintenance of existing ones. However, assessing the reusability of software is a challenging task. Even if reusable candidates can be identified, developers will need to decide on the reuse strategies, that is, reuse as it is without any modification, or introduce new changes to the reusable candidate to fulfill requirements in the new environment or releases. Thus, the stability of the reusable candidates plays a pivotal role because it will influence the ease of reuse. Assessing and predicting the stability of potential reusable candidates becomes a significant and important step in software reuse. In this research, we propose to leverage on risk of change as a proxy to measure software stability, where the latter is also a proxy measure for software reuse. Based on experiments conducted on 29 open-source software with different sizes and application types hosted on GitHub, we found that classes with high impact and high risk of change should be avoided from being reused due to their instability, while those classes with low impact and risk of change should be given priority. The proposed work can aid in providing a better understanding of the ease of reuse for software systems and can be used as a tool to assess its overall quality.",wos,llm,0.840,unreviewed,,doi:10.1002/spe.3187
discarded,IIoT-MEC: A Novel Mobile Edge Computing Framework for 5G-enabled IIoT,"Hou, Xiangwang; Ren, Zhiyuan; Yang, Kun; Chen, Chen; Zhang, Hailin; Xiao, Yao",2019,2019 IEEE WIRELESS COMMUNICATIONS AND NETWORKING CONFERENCE (WCNC),,https://www.webofscience.com/wos/woscc/full-record/WOS:000519086301042,adjacent-subtopic,"Industrial Internet of Things (IIoT) is a revolution which is changing the visage of industry in a profound manner. However, it brings many opportunities as well as many puzzles and challenges. Facing with billions of programmable IIoT devices, the traditional IIoT architecture based on cloud computing is no longer suitable, therefore, Mobile Edge Computing (MEC) has been seen as the promising technology to support IIoT business in 5G era. However, the existing mainstream MEC framework exposes numerous problems when supporting IIoT, such as complex development, low development reuse rate, poor software maintainability and mobility, poor flexibility, etc. Therefore, in order to solve the problems mentioned above, in this paper, we propose IIoT-MEC, a novel MEC framework specially for IIoT. We use Docker container to slice computing and storage resources of MEC server into numerous resource blocks (RBs). Based on the concept of virtualization, some RBs for ""Device Function Virtualization (DFV)"" are used to map physical devices into virtual devices and present in a set of normalized APIs, which shield the hardware development of diverse IIoT devices, so as to simplify the IIoT development into software development only. Some RBs are used to support the operation of IIoT services, in the form of distributed computing. On these basis, a flexible object-oriented IIoT development architecture is constructed. IIoT-MEC can overcome the drawbacks of the existing MEC framework in supporting IIoT. And the implementation procedure of IIoT-MEC is demonstrated with an application example. We also discuss how the IIoT-MEC would be used and what we need to do in future research.",wos,llm,0.910,unreviewed,,hash:e64ccbaed8586bf5
discarded,An Analytical and Comparative Review of Cohesion Metrics,"Tripathi, Aprna",2018,PROCEEDINGS OF 2018 INTERNATIONAL CONFERENCE ON SOFTWARE ENGINEERING AND INFORMATION MANAGEMENT (ICSIM 2018) / WORKSHOP 2018 INTERNATIONAL CONFERENCE ON BIG DATA AND SMART COMPUTING (ICBDSC 2018),10.1145/3178461.3178479,https://www.webofscience.com/wos/woscc/full-record/WOS:000482949900004,adjacent-subtopic,"In the present scenario object-oriented paradigm (OOP) is the most popular paradigm due to its features like reusability, maintainability etc. Large software applications are composed of hundreds of classes which in turn encapsulate huge number of methods. Hence the application is usually organized into modules using the concept of packaging. The desired characteristic of OOP is high cohesion and lower coupling. This enables high understandability and low maintenance overhead of the application. This is because high degree of understandability lowers the time spent to comprehend the software and hence its testability and maintainability. A lot of cohesion metrics are proposed by software scientist at different level. In this paper, the state of art of cohesion metrics is presented and the future scope of research in the same is discussed.",wos,llm,0.970,unreviewed,,doi:10.1145/3178461.3178479
discarded,LDMBL: An architecture for reducing code duplication in heavyweight binary instrumentations,"Momeni, Behnam; Kharrazi, Mehdi",2018,SOFTWARE-PRACTICE & EXPERIENCE,10.1002/spe.2602,https://www.webofscience.com/wos/woscc/full-record/WOS:000440932300006,adjacent-subtopic,"Emergence of instrumentation frameworks has vastly contributed to the software engineering practices. As the instrumentation use cases become more complex, complexity of instrumenting programs also increases, leading to a higher risk of software defects, increased development time, and decreased maintainability. In security applications such as symbolic execution and taint analysis, which need to instrument a large number of instruction types, this complexity is prominent. This paper presents an architecture based on the Pin binary instrumentation framework to abstract the low-level OS and hardware-dependent implementation details, facilitate code reuse in heavyweight instrumentation use cases, and improve instrumenting program development time. Instructions of x86 and x86-64 hardware architectures are formally categorized using the Z language based on the Pin framework API. This categorization is used to automate the instrumentation phase on the basis of a configuration list. Furthermore, instrumentation context data such as register data are modeled in an object-oriented scheme. This makes it possible to focus the instrumenting program development time on writing the essential analysis logics while access to low-level OS and hardware dependencies are streamlined. The proposed architecture is evaluated by instrumenting 135 instruction types in a concrete symbolic execution engine, resulting in a reduction of the instrumenting program size by 59.7%. Furthermore, performance overhead measure against the SPEC CINT2006 programs is limited to 8.7%.",wos,llm,0.820,unreviewed,,doi:10.1002/spe.2602
discarded,Development of a Web Dictionary System Using SOFL,"Nagoya, Fumiko; Liu, Shaoying",2017,WIRELESS PERSONAL COMMUNICATIONS,10.1007/s11277-016-3291-z,https://www.webofscience.com/wos/woscc/full-record/WOS:000400023700009,adjacent-subtopic,"Component-based software development can help reduce time and cost by means of reusing software components, but the quality of the software may not be ensured if the adopted components contain errors. The Structured Object-oriented Formal Language (SOFL) is a formal specification language that can be used for quality software development. This paper describes a development of desktop application software by connecting with several software components, and how it is developed using SOFL. We introduce how the requirements are analyzed through writing an informal specification and then refining it into a semi-formal specification. We also discuss how the design is carried out by constructing a formal specification in SOFL. Finally, we present the implementation and explain the details of a testing conducted for the quality assurance of the system.",wos,llm,0.840,unreviewed,,doi:10.1007/s11277-016-3291-z
discarded,Impact of Multiple Inheritance on Cohesion Complexity in Software Design,"Poornima, U. S.; Suma, V",2016,"2016 INTERNATIONAL CONFERENCE ON INVENTIVE COMPUTATION TECHNOLOGIES (ICICT), VOL 1",,https://www.webofscience.com/wos/woscc/full-record/WOS:000393282500051,adjacent-subtopic,"Research in Software Engineering has its own stride in recent years. Quality measures during both pre and post software development process has become very essential to control development time and cost. In Object Oriented methodology, Cohesion measures the design complexity. Many cohesion metrics are proposed for both high level and low level design. Most of them are at class level to measure relatedness among attribute-attribute, attribute-method and method-method. Since reusability is widely accepted, many Inheritance metrics are also proposed and proved using Weyuker9 property, which states complexity increases with interaction. This paper presents all Inheritance metrics and also proposes impact of Inheritance on Cohesion. This knowledge further enables one to design quality",wos,llm,0.930,unreviewed,,hash:daa890f20f4216e9
discarded,An Event-Thinking Development Framework for Reusable Model of Parallel and Discrete Event Simulation,"Ma, Haibo; Yao, Yiping; Tang, Wenjie",2016,"THEORY, METHODOLOGY, TOOLS AND APPLICATIONS FOR MODELING AND SIMULATION OF COMPLEX SYSTEMS, PT I",10.1007/978-981-10-2663-8_4,https://www.webofscience.com/wos/woscc/full-record/WOS:000392268500004,adjacent-subtopic,"Parallel and Discrete Event Simulation (PDES) is an important way to dispose problems of analysis simulation for large-scale complex simulation system. How to apace develop reusable model is a key issue to be solved in development of those reusable component model-based PDES applications. However, developing these models usually involves combined knowledge of both very specific domain and PDES, and models built by different domain instead of simulation experts usually have different structures, diversiform interfaces and bind with simulation platforms closely. As a result, they are difficult to be programed efficiently meeting new application requirements while reducing the development costs. To address the problem, this paper first proposed an event-thinking Framework for Developing Reusable component Model of PDES supporting model reuse as well as model calculation parallelization, which contains two parts: (1) four-type basic event structure; (2) object-oriented schedule mechanism. Based on this framework, then our three-phase development approach is elaborated helping domain experts program PDES reusable models fleetly. The case implementation of a naval vessel model indicates that the model using the framework has good reusability and is easy to be developed in PDES applications.",wos,llm,0.870,unreviewed,,doi:10.1007/978-981-10-2663-8_4
