status,title,authors,year,venue,doi,url,tags,abstract,provider,decision_source,llm_confidence,llm_review_outcome,llm_change_direction,paper_id
discarded,"A Selection of Development Processes, Tools, and Methods for Organizations that Share a Software Framework between Internal Projects","Paduraru, Ciprian, I",2017,ICSOFT: PROCEEDINGS OF THE 12TH INTERNATIONAL CONFERENCE ON SOFTWARE TECHNOLOGIES,10.5220/0006426602940301,https://www.webofscience.com/wos/woscc/full-record/WOS:000684957900028,supports-claim; adjacent-subtopic,"One of the ways organizations are saving development costs nowadays is to share code between internal projects. Shared frameworks with highly reusable components are usually desired, but their development and maintenance processes usually generate important challenges. This paper describes development processes and methodologies that can be used to reduce costs in developing and maintaining this kind of shared framework inside an organization considering distributed development and collaboration between teams which have limited resources. Technical aspects for providing extensibility, components reusing and tools that assist the process of integration, release, and development are also presented. The work is sustained by the experiments and best practices taken from the development of such a shared framework inside a real organization.",wos,llm_reviewed,0.820,changed,kept->discarded,doi:10.5220/0006426602940301
discarded,AutoMaS: An Automated Middleware Specialization Process for Distributed Real-time and Embedded Systems,"Dabholkar, Akshay; Gokhale, Aniruddha",2016,INTERNATIONAL JOURNAL OF NEXT-GENERATION COMPUTING,,https://www.webofscience.com/wos/woscc/full-record/WOS:000382662400001,qualifies-claim; adjacent-subtopic,"Developing distributed applications, particularly those for distributed, real-time and embedded (DRE) systems, is a difficult and complex undertaking due to the need to address four major challenges: the complexity of programming interprocess communication, the need to support a wide range of services across heterogeneous platforms and promote reuse, the need to efficiently utilize resources, and the need to adapt to changing conditions. The first two challenges are addressed to a large extent by standardized, general-purpose middleware (e.g. CORBA, DCOM and Java RMI) through the use of a ""black-box"" approach, such as the object-oriented paradigm (frameworks and design patterns). The need to support a large variety and range of applications and application domains has resulted in very feature-rich implementations of these standardized middleware. However, such a feature-richness acts counteractive to resolving the remaining two challenges; instead it incurs excessive memory footprint and performance overhead, as well as increased cost of testing and maintenance. To address the four challenges all at once while leveraging the benefits of general-purpose middleware requires a scientific approach to specializing the middleware. Software engineering techniques, such as aspect-oriented programming (AOP), feature-oriented programming (FOP), and reflection make the specialization task simpler, albeit still requiring the DRE system developer to manually identify the system invariants, and sources of performance and memory footprint bottlenecks that drive the specialization techniques. Specialization reuse is also hampered due to a lack of common taxonomy to document the recurring specializations, and assess the strengths and weaknesses of these techniques.

To address these requirements, this paper presents a case for an automated, multi-stage, feature-oriented middleware specialization process that improves both middleware developer productivity and middleware performance. Three specific contributions are made in this paper. First, contemporary middleware specialization research is framed in terms of a three-dimensional taxonomy. Second, the principles of separation of concerns are used in the context of this taxonomy to define six stages of a middleware specialization process lifecycle. Finally, a concrete implementation of the six stage, automated middleware specialization process is presented along with empirical data illustrating the benefits accrued using the framework.",wos,llm_reviewed,0.780,changed,kept->discarded,hash:a6a1df10f5a85005
discarded,Multi-Tenant Web Application Framework Architecture Pattern,Ngo Huy Bien; Tran Dan Thu,2015,PROCEEDINGS OF 2015 2ND NATIONAL FOUNDATION FOR SCIENCE AND TECHNOLOGY DEVELOPMENT CONFERENCE ON INFORMATION AND COMPUTER SCIENCE NICS 2015,,https://www.webofscience.com/wos/woscc/full-record/WOS:000380487700007,adjacent-subtopic,"Multi-tenancy is a key to successful and sustainable cloud-based systems. Creating a web application framework for multiple tenants from scratch is challenging. To create an extensible, stable and robust multi-tenant web application framework developers have to understand how a web application framework is structured and how a web request is handled for each user of a specific tenant. This knowledge often takes software architects and developers a lot of effort to obtain. In this paper, we present a novel object-oriented architecture pattern for developing multi-tenant web application frameworks in which maximum reuse and modularity can be achieved and application concerns can be separated. We evaluate the modularity, the extensibility, the reusability, the maintainability and the efficiency of our pattern by qualitative analysis based on well-known patterns used in our pattern. We validate the applicability, the correctness, the security and the performance of our pattern by testing real world systems that were built using our pattern. We believe that our pattern would reduce time and cost when developing multi-tenancy systems as well as understanding, evaluating and modifying existing web application frameworks.",wos,llm,0.750,unreviewed,,hash:2d32d70fe3a00874
discarded,A Learning-Based Method for Detecting Defective Classes in Object-Oriented Systems,"Biray, Cagil; Buzluca, Feza",2015,"2015 IEEE EIGHTH INTERNATIONAL CONFERENCE ON SOFTWARE TESTING, VERIFICATION AND VALIDATION WORKSHOPS (ICSTW)",,https://www.webofscience.com/wos/woscc/full-record/WOS:000373338600073,adjacent-subtopic,"Code or design problems in software classes reduce understandability, flexibility and reusability of the system. Performing maintenance activities on defective components such as adding new features, adapting to the changes, finding bugs, and correcting errors, is hard and consumes a lot of time. Unless the design defects are corrected by a refactoring process these error-prone classes will most likely generate new errors after later modifications. Therefore, these classes will have a high error frequency (EF), which is defined as the ratio between the number of errors and modifications. Early estimate of error-prone classes helps developers to focus on defective modules, thus reduces testing time and maintenance costs. In this paper, we propose a learning-based decision tree model for detecting error-prone classes with structural design defects. The main novelty in our approach is that we consider EFs and change counts (ChC) of classes to construct a proper data set for the training of the model. We built our training set that includes design metrics of classes by analyzing numerous releases of real-world software products and considering EFs of classes to mark them as error-prone or non-error-prone. We evaluated our method using two long-standing software solutions of Ericsson Turkey. We shared and discussed our findings with the development teams. The results show that, our approach succeeds in finding error-prone classes and it can be used to decrease the testing and maintenance costs.",wos,llm,0.970,unreviewed,,hash:2a3c61be1cf166b6
discarded,Protecting Sensitive Warehouse Data through UML based Modeling,"Anurag; Arora, Deepak; Kum, Upendra",2016,PROCEEDINGS OF THE INTERNATIONAL CONFERENCE ON INFORMATICS AND ANALYTICS (ICIA' 16),10.1145/2980258.2980316,https://www.webofscience.com/wos/woscc/full-record/WOS:000653618800031,adjacent-subtopic,"In today's competitive scenario in industries, each organization wants huge profit. A Data Warehouse is a place for storage of reservoir of data from the various organizations in the range of hundreds of gigabytes to terabytes in size. During the course of time, large volumes of data are being gathered continuously in the Data Warehouse Server for further mining operations in order to understand the latest trends and patterns in their business organizations which in turn be exploited by them for increasing their business profits. Organizations want to conceal its sensitive data from the Data Mining Server but still have the aim to obtain accurate data mining results. Privacy Preserving Data Mining is one of the important fields in the data security. This paper deals with Object Oriented Modeling of Privacy Preservation framework in which the privacy preserving technique applied at the DataWarehouseServer. Object Oriented Programming is the latest trend in the software industry due to its various features like reusability of software codes, better user interface, enhancing software security by restricting data access, cheaper production, development and maintenance costs and quicker software development. Authors have modeled the entire Privacy Preserving framework through standard UML diagrams such as use case, class diagram, sequence diagram and Activity diagram by using Rational Software Architect tool. This will facilitate the designers and developers to have a better understanding of the functionality of each and every entity associated with the system during analysis and design phase, before actual implementation. This simplifies the complexity of the entire operation and helps its implementation in a time and cost efficient manner.",wos,llm,0.960,unreviewed,,doi:10.1145/2980258.2980316
discarded,Pin plus plus : An Object-Oriented Framework for Writing Pintools,"Hill, James H.; Feiock, Dennis C.",2015,ACM SIGPLAN NOTICES,10.1145/2658761.2658777,https://www.webofscience.com/wos/woscc/full-record/WOS:000357124200016,supports-claim; adjacent-subtopic,"This paper presents a framework named Pin++. Pin++ is an object-oriented framework that uses template metaprogramming to implement Pintools, which are analysis tools for the dynamic binary instrumentation tool named Pin. The goal of Pin++ is to simplify programming a Pintool and promote reuse of its components across different Pintools. Our results show that Pintools implemented using Pin++ can have a 54% reduction in complexity, increase its modularity, and up to 60% reduction in instrumentation overhead.",wos,llm_reviewed,0.920,changed,kept->discarded,doi:10.1145/2658761.2658777
discarded,ClassIN: A Class Inheritance Metric Tool,"Reddy, B. Ramachandra; Ojha, Aparajita",2014,"NEW PERSPECTIVES IN INFORMATION SYSTEMS AND TECHNOLOGIES, VOL 2",10.1007/978-3-319-05948-8_11,https://www.webofscience.com/wos/woscc/full-record/WOS:000354299300011,adjacent-subtopic,"This paper presents a comprehensive class inheritance metrics tool called ClassIN. The tool works for Java projects and presents an analysis with twenty different inheritance metrics including metrics at class level as well as at class hierarchy level. This also helps in identifying class hierarchies that may be more complex from the point of view of software maintenance. Graphical visualization of three important metrics, namely AID, specialization ratio and reuse ratio are also provided for an insight on structure of class hierarchies of a given Java project. This would help developers in identifying classes that may be more prone to faults or high maintenance costs.",wos,llm,0.930,unreviewed,,doi:10.1007/978-3-319-05948-8_11
kept,An Empirical Study of Software Reuse and Q uality in an Industrial Setting,"Deniz, Berkhan; Bilgen, Semih",2014,"COMPUTATIONAL SCIENCE AND ITS APPLICATIONS - ICCSA 2014, PT V",,https://www.webofscience.com/wos/woscc/full-record/WOS:000349533300035,supports-claim,"Software reuse is known to be generally effective in reducing development and maintenance time and cost as well as increasing quality. In this paper, the effects of reuse on software quality in an industrial setting are empirically investigated within the framework of three different case studies. Throughout this study, we worked with Turkey's leading defense industry company Aselsan's software engineering department. We collected and calculated reuse and quality metrics as well as performance measures of individual embedded software modules and staff productivity rates. By analyzing these measurements, we developed suggestions to further benefit from reuse through systematic improvements to the reuse infrastructure and process.",wos,llm,0.990,unreviewed,,hash:6c6d250a73f40a32
discarded,Models and Frameworks: A Synergistic Association for Developing Component-Based Applications,"Alonso, Diego; Sanchez-Ledesma, Francisco; Sanchez, Pedro; Pastor, Juan A.; Alvarez, Barbara",2014,SCIENTIFIC WORLD JOURNAL,10.1155/2014/687346,https://www.webofscience.com/wos/woscc/full-record/WOS:000343446400001,supports-claim; adjacent-subtopic,"The use of frameworks and components has been shown to be effective in improving software productivity and quality. However, the results in terms of reuse and standardization show a dearth of portability either of designs or of component-based implementations. This paper, which is based on the model driven software development paradigm, presents an approach that separates the description of component-based applications from their possible implementations for different platforms. This separation is supported by automatic integration of the code obtained from the input models into frameworks implemented using object-oriented technology. Thus, the approach combines the benefits of modeling applications from a higher level of abstraction than objects, with the higher levels of code reuse provided by frameworks. In order to illustrate the benefits of the proposed approach, two representative case studies that use both an existing framework and an ad hoc framework, are described. Finally, our approach is compared with other alternatives in terms of the cost of software development.",wos,llm_reviewed,0.880,changed,kept->discarded,doi:10.1155/2014/687346
discarded,Abstract syntax driven approach for language composition,"Chodarev, Sergej; Lakatos, Dominik; Porubaen, Jaroslav; Kollar, Jan",2014,OPEN COMPUTER SCIENCE,10.2478/s13537-014-0211-8,https://www.webofscience.com/wos/woscc/full-record/WOS:000218843000003,adjacent-subtopic,"Popularity of domain-specific languages brings the problem of language components reuse. It should be possible to use parts of different languages in development of new one to lower costs and also allow incremental development. This problem could be solved using the composition of languages. In this paper we discuss the view of language composition from the perspective of concepts composition, where the role of concrete syntax is lowered. We present examples of language composition based on the principles of object composition implemented using YAJCo parser generator, that allows to specify the language based on its abstract syntax.",wos,llm,0.900,unreviewed,,doi:10.2478/s13537-014-0211-8
discarded,Modeling and simulation of software architecture in discrete event system specification for quality evaluation,"Bogado, Veronica; Gonnet, Silvio; Leone, Horacio",2014,SIMULATION-TRANSACTIONS OF THE SOCIETY FOR MODELING AND SIMULATION INTERNATIONAL,10.1177/0037549713518586,https://www.webofscience.com/wos/woscc/full-record/WOS:000337570800006,adjacent-subtopic,"Software quality is an important issue in software engineering. The evaluation of software architecture is crucial to achieve quality scenarios, which reduces development and maintenance costs. This work presents a discrete event simulation environment for the software architecture assessment considering both functional and quality aspects. Discrete event system specification (DEVS) formalism and the underlying framework are used to specify the simulation elements. DEVS is based on the system theory and follows the engineering and object-oriented fundamentals to construct complex dynamic systems. The proposed environment is built in a modular and hierarchical way that provides scalability and reusability advantages. Although the proposal is focused on three quality attributes and a few metrics, this approach enables the definition of new elements and metrics related to other quality attributes that can be visible at runtime. A traditional architecture illustrates the proposal, where preliminary computational experiments for this real software system and concrete quality scenarios demonstrate the feasibility of the integrated simulation environment for the software architecture evaluation. In addition, a discussion shows how the results could help architects make design decisions to improve software quality during development.",wos,llm,0.940,unreviewed,,doi:10.1177/0037549713518586
discarded,A Hierarchical Test Case Prioritization Technique for Object Oriented Software,"Vedpal; Chauhan, Naresh; Kumar, Harish",2014,2014 INTERNATIONAL CONFERENCE ON CONTEMPORARY COMPUTING AND INFORMATICS (IC3I),,https://www.webofscience.com/wos/woscc/full-record/WOS:000380454900208,adjacent-subtopic,"Software reuse is the use of existing artifacts to create new software. Inheritance is the foremost technique of reuse. But the inherent complexity due to inheritance hierarchy found in object - oriented paradigm also affect testing. Every time any change occurs in the software, new test cases are added in addition to the existing test suite. So there is need to conduct effective regression testing having less number of test cases to reduce cost and time. In this paper a hierarchical test case prioritization technique is proposed wherein various factors have been considered that affect error propagation in the inheritance. In this paper prioritization of test cases take place at two levels. In the first level the classes are prioritized and in the second level the test cases of prioritized classes are ordered. To show the effectiveness of proposed technique it was applied and analyze on a C++ program.",wos,llm,0.820,unreviewed,,hash:b854de8f7dcffee0
discarded,A Merging-Assembly Strategy for Complex Scenario-Oriented Digital Twin Modeling,H. Guo,2026,Digital Engineering,10.1016/j.dte.2026.100117,https://www.scopus.com/inward/record.uri?partnerID=HzOxMe3b&scp=105039157815&origin=inward,adjacent-subtopic,,scopus,llm,0.670,unreviewed,,doi:10.1016/j.dte.2026.100117
discarded,An approach for fast voltage-fed simulation of switched reluctance motors using parallel finite element magneto-static calculations,A. Jamali-Fard,2026,Results in Engineering,10.1016/j.rineng.2026.112657,https://www.scopus.com/inward/record.uri?partnerID=HzOxMe3b&scp=105048929376&origin=inward,off-topic-false-hit,,scopus,llm,0.990,unreviewed,,doi:10.1016/j.rineng.2026.112657
discarded,Exploring full and parameter-efficient fine-tuning techniques for transformer-based design pattern detection,I. Rezgui,2026,Information and Software Technology,10.1016/j.infsof.2026.108176,https://www.scopus.com/inward/record.uri?partnerID=HzOxMe3b&scp=105038847841&origin=inward,adjacent-subtopic,,scopus,llm,0.970,unreviewed,,doi:10.1016/j.infsof.2026.108176
discarded,Analysis of EMF Meta-Model Duplication in Open Source Repositories,A. De la Vega,2026,ACM Transactions on Software Engineering and Methodology,10.1145/3771765,https://www.scopus.com/inward/record.uri?partnerID=HzOxMe3b&scp=105046010568&origin=inward,adjacent-subtopic,,scopus,llm,0.850,unreviewed,,doi:10.1145/3771765
discarded,"Towards a Scalable, AI-Augmented Purification Platform for Amphetamine-Type Stimulants: From Nanopolymer Synthesis to Predictive Process Simulation",E. Dokuzparmak,2026,Polymers for Advanced Technologies,10.1002/pat.70627,https://www.scopus.com/inward/record.uri?partnerID=HzOxMe3b&scp=105038764174&origin=inward,off-topic-false-hit,,scopus,llm,0.990,unreviewed,,doi:10.1002/pat.70627
discarded,Connectorization: From Object-Oriented Design Patterns to Coordination Connectors,T. Rana,2026,IEEE Access,10.1109/ACCESS.2026.3716287,https://www.scopus.com/inward/record.uri?partnerID=HzOxMe3b&scp=105045777690&origin=inward,adjacent-subtopic,,scopus,llm,0.820,unreviewed,,doi:10.1109/access.2026.3716287
discarded,GenAI-Driven Migration of Legacy COBOL Applications to Clean Java Code,C. Kuck,2026,Communications in Computer and Information Science,10.1007/978-3-032-08614-3_4,https://www.scopus.com/inward/record.uri?partnerID=HzOxMe3b&scp=105021814468&origin=inward,adjacent-subtopic,,scopus,llm,0.930,unreviewed,,doi:10.1007/978-3-032-08614-3_4
discarded,"SoilNutri: A Passive Metasurface-based, Low-cost System for Soil Moisture and Nitrogen Monitoring",J. Wang,2026,Proceedings of the ACM on Interactive Mobile Wearable and Ubiquitous Technologies,10.1145/3789674,https://www.scopus.com/inward/record.uri?partnerID=HzOxMe3b&scp=105033654328&origin=inward,off-topic-false-hit,,scopus,llm,0.990,unreviewed,,doi:10.1145/3789674
discarded,Software-defined Control: New architecture and practices in building automation,Q. Lin,2025,Journal of Building Engineering,10.1016/j.jobe.2025.114076,https://www.scopus.com/inward/record.uri?partnerID=HzOxMe3b&scp=105016777854&origin=inward,off-topic-false-hit,,scopus,llm,0.940,unreviewed,,doi:10.1016/j.jobe.2025.114076
