status,title,authors,year,venue,doi,url,tags,abstract,provider,decision_source,llm_confidence,llm_review_outcome,llm_change_direction,paper_id
discarded,Composite Body-Tracking: Device Abstraction Layer with Data Fusion For Virtual Reality Applications,Florian Weidner; Luis Alejandro Rojas Vargas; Wolfgang Broll,2018,2018 IEEE 11th Workshop on Software Engineering and Architectures for Real-time Interactive Systems (SEARIS),10.1109/SEARIS44442.2018.9180232,https://ieeexplore.ieee.org/document/9180232/,off-topic-false-hit,"In a time where Virtual Reality has become increasingly popular, many companies have launched new body tracking hardware. These devices deliver various types of tracking information such as a simple full body skeleton (e.g. Microsoft Kinect v2) or a detailed hand skeleton (e.g. Leap Motion). Various device abstraction layers exist, making it easy to connect to such diverse input devices. However, when an application is connected to two or more individual input devices, these devices often provide complementary or multiple, but inconsistent tracking information. To make best use of the available data, and by that, achieving the best tracking quality, proper fusion of the information is required. Hence, we present the design and architecture of the ALVR system (Abstraction Layer for Virtual Reality). On the one hand, ALVR decouples vendor-specific interfaces from the application. On the other hand, it builds and maintains a data model representing a human skeleton. ALVR may receive data from various tracking devices. It then merges redundant tracking data and integrates unique tracking data into this data model. Thereby, application developers gain access to holistic tracking information. This integrated approach - data fusion with device abstraction - allows application developers to maximize the usage of their tracking devices while optimizing the information provided by them, e.g. for gesture recognition.",ieee,llm,0.980,unreviewed,,doi:10.1109/searis44442.2018.9180232
discarded,Effective Generation of Interface Robustness Properties for Static Analysis,Mithun Acharya; Tanu Sharma; Jun Xu; Tao Xie,2006,21st IEEE/ACM International Conference on Automated Software Engineering (ASE'06),10.1109/ASE.2006.35,https://ieeexplore.ieee.org/document/4019590/,adjacent-subtopic,"A software system interacts with its environment through system interfaces. Robustness of software systems are governed by various temporal properties related to these interfaces, whose violation leads to system crashes and security compromises. These properties can be formally specified for system interfaces and statically verified against a software system. But manually specifying a large number of interface properties for static verification is often inaccurate or incomplete, apart from being cumbersome. In this paper, we propose a novel framework that effectively generates interface properties for static checking from a few generic, high level robustness rules that capture interface behavior. We implement our framework for an existing static analyzer with simple dataflow extensions and apply it on POSIX-API system interfaces used in 10 Redhat-9.0 open source packages. The results show that the framework can effectively generate a large number of useful interface properties from a few generically specified rules",ieee,llm,0.960,unreviewed,,doi:10.1109/ase.2006.35
discarded,Extensions to the PUIST user interface specification tool,Xiaosong Li; R. Mugridge,1996,Proceedings 1996 International Conference Software Engineering: Education and Practice,10.1109/SEEP.1996.534029,https://ieeexplore.ieee.org/document/534029/,adjacent-subtopic,"PUIST is a specification tool that is being created for software development. It assists user interface designers to specify the static form and dynamic behaviour of graphical user interfaces (GUI) using a Petri net based model. We describe extensions made to increase the modelling power of PUIST and to make it more practical. Hierarchical specifications have been introduced to PUIST which make modular design, specification reuse and top down design possible. Two special types of arc and one special type of transition have also been introduced to PUIST to extend the range of the dynamic behaviours PUIST can specify. In particular the dynamic behaviours of a menu can now be precisely specified.",ieee,llm,0.960,unreviewed,,doi:10.1109/seep.1996.534029
discarded,Extended the DARTS software design method to distributed real time applications,H. Gomaa,1988,[1988] Proceedings of the Twenty-First Annual Hawaii International Conference on System Sciences. Volume II: Software track,10.1109/HICSS.1988.11813,https://ieeexplore.ieee.org/document/11813/,adjacent-subtopic,"A software design method is described for distributed real-time applications that typically consist of several concurrent tasks executing on multiple nodes supported by a local area network. The design method is an extension of DARTS (design approach for real-time systems) and is called DARTS/DA (DARTS for distributed applications). The method starts by developing a data-flow model of the distributed application using structured analysis. The next stage involves decomposing the application into distributed subsystems based on a set of subsystem structuring criteria and defining the interfaces between therm. next each subsystem is structured into concurrent tasks using the DARTS task-structuring criteria, and the interfaces between tasks are defined. Finally each task is structured into modules. As an example, DARTS/DA is applied to the design of a distributed factory-automation system.<>",ieee,llm,0.920,unreviewed,,doi:10.1109/hicss.1988.11813
discarded,Defining Database Views as Data Abstractions,B.G. Claybrook; A.-M. Claybrook; J. Williams,1985,IEEE Transactions on Software Engineering,10.1109/TSE.1985.231532,https://ieeexplore.ieee.org/document/1701893/,supports-claim; adjacent-subtopic,The concept of data abstraction is utilized in database systems to define user interfaces via database views in database application languages and to describe the architecture of database systems. Differences between the specification and use of database views and other data abstractions realized as abstract data types are discussed. Database views are formally specified using both the algebraic specification method and the abstract model specification method. The use of database views is demonstrated via the EXT_Pascal database application language.,ieee,llm_reviewed,0.980,changed,kept->discarded,doi:10.1109/tse.1985.231532
discarded,Designing user interface for Web interactive systems,A.M. da Silva Filho; R.S.M. de Barros; H.K.E. Liesenberg,2000,Proceedings 3rd IEEE Symposium on Application-Specific Systems and Software Engineering Technology,10.1109/ASSET.2000.888026,https://ieeexplore.ieee.org/document/888026/,adjacent-subtopic,"The user interface design aims at enabling work and other activities to be performed more effectively, efficiently and with more enjoyment and satisfaction. The user interface of multiuser Web applications is a medium where all objects being shared on it can be viewed independently from the geographical location and its users can interact with each other in real time. Designing such an interface for users working collaboratively requires dealing with a number of issues. Herein, our concerns lies on the control component of human-computer interaction design and corresponding user interface (UI) software that implements it. Our interactive systems development process based on the MPX Mapping from PAN (Protagonist Action Notation) into Xchart (eXtended Statechart) is used to improve the product quality. Then, we illustrate this methodological approach through a case study of a Web interactive system.",ieee,llm,0.970,unreviewed,,doi:10.1109/asset.2000.888026
discarded,Greedy Layer-Wise Training of Deep Networks,Yoshua Bengio; Pascal Lamblin; Dan Popovici; Hugo Larochelle,2007,The MIT Press eBooks,10.7551/mitpress/7503.003.0024,https://openalex.org/W2110798204,off-topic-false-hit,"Complexity theory of circuits strongly suggests that deep architectures can be much more efficient (sometimes exponentially) than shallow architectures, in terms of computational elements required to represent some functions. Deep multi-layer neural networks have many levels of non-linearities allowing them to compactly represent highly non-linear and highly-varying functions. However, until recently it was not clear how to train such deep networks, since gradient-based optimization starting from random initialization appears to often get stuck in poor solutions. Hinton et al. recently introduced a greedy layer-wise unsupervised learning algorithm for Deep Belief Networks (DBN), a generative model with many layers of hidden causal variables. In the context of the above optimization problem, we study this algorithm empirically and explore variants to better understand its success and extend it to cases where the inputs are continuous or where the structure of the input distribution is not revealing enough about the variable to be predicted in a supervised task. Our experiments also confirm the hypothesis that the greedy layer-wise unsupervised training strategy mostly helps the optimization, by initializing weights in a region near a good local minimum, giving rise to internal distributed representations that are high-level abstractions of the input, bringing better generalization.",openalex,llm,1.000,unreviewed,,doi:10.7551/mitpress/7503.003.0024
discarded,Deep learning applications and challenges in big data analytics,Maryam Mousaarab Najafabadi; Flavio Villanustre; Taghi M. Khoshgoftaar; Naeem Seliya; Randall Wald; Edin Muharemagic,2015,Journal Of Big Data,10.1186/s40537-014-0007-7,https://openalex.org/W2118023920,off-topic-false-hit,"Abstract Big Data Analytics and Deep Learning are two high-focus of data science. Big Data has become important as many organizations both public and private have been collecting massive amounts of domain-specific information, which can contain useful information about problems such as national intelligence, cyber security, fraud detection, marketing, and medical informatics. Companies such as Google and Microsoft are analyzing large volumes of data for business analysis and decisions, impacting existing and future technology. Deep Learning algorithms extract high-level, complex abstractions as data representations through a hierarchical learning process. Complex abstractions are learnt at a given level based on relatively simpler abstractions formulated in the preceding level in the hierarchy. A key benefit of Deep Learning is the analysis and learning of massive amounts of unsupervised data, making it a valuable tool for Big Data Analytics where raw data is largely unlabeled and un-categorized. In the present study, we explore how Deep Learning can be utilized for addressing some important problems in Big Data Analytics, including extracting complex patterns from massive volumes of data, semantic indexing, data tagging, fast information retrieval, and simplifying discriminative tasks. We also investigate some aspects of Deep Learning research that need further exploration to incorporate specific challenges introduced by Big Data Analytics, including streaming data, high-dimensional data, scalability of models, and distributed computing. We conclude by presenting insights into relevant future works by posing some questions, including defining data sampling criteria, domain adaptation modeling, defining criteria for obtaining useful data abstractions, improving semantic indexing, semi-supervised learning, and active learning.",openalex,llm,1.000,unreviewed,,doi:10.1186/s40537-014-0007-7
discarded,Field Experiments,Glenn William Harrison; John A. List,2004,Journal of Economic Literature,10.1257/0022051043004577,https://openalex.org/W4251446432,off-topic-false-hit,"Experimental economists are leaving the reservation. They are recruiting subjects in the field rather than in the classroom, using field goods rather than induced valuations, and using field context rather than abstract terminology in instructions. We argue that there is something methodologically fundamental behind this trend. Field experiments differ from laboratory experiments in many ways. Although it is tempting to view field experiments as simply less controlled variants of laboratory experiments, we argue that to do so would be to seriously mischaracterize them. What passes for “control” in laboratory experiments might in fact be precisely the opposite if it is artificial to the subject or context of the task. We propose six factors that can be used to determine the field context of an experiment: the nature of the subject pool, the nature of the information that the subjects bring to the task, the nature of the commodity, the nature of the task or trading rules applied, the nature of the stakes, and the environment that subjects operate in.",openalex,llm,1.000,unreviewed,,doi:10.1257/0022051043004577
discarded,The PRISMA Statement for Reporting Systematic Reviews and Meta-Analyses of Studies That Evaluate Health Care Interventions: Explanation and Elaboration,Alessandro Liberati; Douglas G. Altman; Jennifer Tetzlaff; Cynthia D. Mulrow; Peter Christian Gøtzsche; John P. A. Ioannidis; Mike J Clarke; Philip James Devereaux; Jos Kleijnen; David Moher,2009,PLoS Medicine,10.1371/journal.pmed.1000100,https://openalex.org/W3022903699,off-topic-false-hit,"Systematic reviews and meta-analyses are essential to summarize evidence relating to efficacy and safety of health care interventions accurately and reliably. The clarity and transparency of these reports, however, is not optimal. Poor reporting of systematic reviews diminishes their value to clinicians, policy makers, and other users.Since the development of the QUOROM (QUality Of Reporting Of Meta-analysis) Statement--a reporting guideline published in 1999--there have been several conceptual, methodological, and practical advances regarding the conduct and reporting of systematic reviews and meta-analyses. Also, reviews of published systematic reviews have found that key information about these studies is often poorly reported. Realizing these issues, an international group that included experienced authors and methodologists developed PRISMA (Preferred Reporting Items for Systematic reviews and Meta-Analyses) as an evolution of the original QUOROM guideline for systematic reviews and meta-analyses of evaluations of health care interventions.The PRISMA Statement consists of a 27-item checklist and a four-phase flow diagram. The checklist includes items deemed essential for transparent reporting of a systematic review. In this Explanation and Elaboration document, we explain the meaning and rationale for each checklist item. For each item, we include an example of good reporting and, where possible, references to relevant empirical studies and methodological literature. The PRISMA Statement, this document, and the associated Web site (http://www.prisma-statement.org/) should be helpful resources to improve reporting of systematic reviews and meta-analyses.",openalex,llm,1.000,unreviewed,,doi:10.1371/journal.pmed.1000100
discarded,"Working-memory capacity and the control of attention: The contributions of goal neglect, response competition, and task set to Stroop interference.",Michael J. Kane; Randall W Engle,2003,Journal of Experimental Psychology General,10.1037/0096-3445.132.1.47,https://openalex.org/W2118932991,off-topic-false-hit,"Individual differences in working-memory (WM) capacity predicted performance on the Stroop task in 5 experiments, indicating the importance of executive control and goal maintenance to selective attention. When the Stroop task encouraged goal neglect by including large numbers of congruent trials (RED presented in red), low WM individuals committed more errors than did high WM individuals on the rare incongruent trials (BLUE in red) that required maintaining access to the ""ignore-the-word"" goal for accurate responding. In contrast, in tasks with no or few congruent trials, or in high-congruency tasks that followed low-congruency tasks, WM predicted response-time interference. WM was related to latency, not accuracy, in contexts that reinforced the task goal and so minimized the difficulty of actively maintaining it. The data and a literature review suggest that Stroop interference is jointly determined by 2 mechanisms, goal maintenance and competition resolution, and that the dominance of each depends on WM capacity, as well as the task set induced by current and previous contexts.",openalex,llm,1.000,unreviewed,,doi:10.1037/0096-3445.132.1.47
discarded,Studies in Reflecting Abstraction,Jean Piaget,2014,Psychology Press eBooks,10.4324/9781315800509,https://openalex.org/W1596884745,off-topic-false-hit,"This translation of the French Recherches sur l'abstraction reflechissante (1977), make available in English Piaget's only treatise on reflecting abstraction - a process he came to attribute considerable importance to in his later thinking and which he believed to be responsible for many of the advances that take place in human development, especially our understanding of mathematics.Rich with empirical research on reflecting abstraction at work in the thinking of 4 to 12 year olds, the studies in this volume examine its role in many contexts of cognitive development such as: reasoning about mathematics; forming analogies; putting objects in order by size and comparing the resulting series; and navigating through a wire maze. His theoretical discussions explore the relationships between reflecting abstraction and other central processes in his later theory, such as generalization, becoming conscious, and equilibration, as the differentiation of possibilities and their integration into necessities. These discussions indicate which aspects of his later theorizing were settled and which require further thought and investigation.Studies in Reflecting Abstraction will be of interest to developmental and cognitive psychologists, educationalists, philosophers and anyone who seeks to understand human knowledge and its development.",openalex,llm,1.000,unreviewed,,doi:10.4324/9781315800509
discarded,Schema induction and analogical transfer,Mary L. Gick; Keith J. Holyoak,1983,Cognitive Psychology,10.1016/0010-0285(83)90002-6,https://openalex.org/W1994925058,off-topic-false-hit,,openalex,llm,0.990,unreviewed,,doi:10.1016/0010-0285(83)90002-6
discarded,Climate change impacts on groundwater and dependent ecosystems,Bjørn Kløve; Pertti Ala‐aho; Guillaume Bertrand; Jason J. Gurdak; Hans Kupfersberger; Jens Kværner; Timo Muotka; Heikki Mykrä; Elena Preda; Pekka Matias Rossi; Cíntia Bertacchi Uvo; Elzie Monique Lapus Velasco; Manuel Pulido-Velázquez,2013,Journal of Hydrology,10.1016/j.jhydrol.2013.06.037,https://openalex.org/W2088286343,off-topic-false-hit,,openalex,llm,1.000,unreviewed,,doi:10.1016/j.jhydrol.2013.06.037
discarded,Learning to Adapt: Organisational Adaptation to Climate Change Impacts,Frans Berkhout; Julia Hertin; David Gann,2006,Climatic Change,10.1007/s10584-006-9089-3,https://openalex.org/W2016778009,off-topic-false-hit,,openalex,llm,1.000,unreviewed,,doi:10.1007/s10584-006-9089-3
discarded,ACCD: an algorithm for comprehension-driven clustering,Vassilios Tzerpos; Richard C. Holt,2002,,10.1109/wcre.2000.891477,https://openalex.org/W2169950128,adjacent-subtopic,"The software clustering literature contains many different approaches that attempt to automatically decompose software systems. These approaches commonly utilize criteria or measures based on principles such as high cohesion and low coupling, information hiding etc. We present an algorithm that subscribes to a philosophy targeted towards program comprehension and based on subsystem patterns. We discuss the algorithm's implementation and describe experiments that demonstrate its usefulness.",openalex,llm,0.800,unreviewed,,doi:10.1109/wcre.2000.891477
discarded,Secret Admirers: An Empirical Examination of Information Hiding and Contribution Dynamics in Online Crowdfunding,Gordon Burtch; Anindya Ghose; Sunil Wattal,2016,Information Systems Research,10.1287/isre.2016.0642,https://openalex.org/W2342812826,off-topic-false-hit,"Individuals’ actions in online social contexts are growing increasingly visible and traceable. Many online platforms account for this by providing users with granular control over when and how their identity or actions are made visible to peers. However, little work has sought to understand the effect that a user’s decision to conceal information might have on observing peers, who are likely to refer to that information when deciding on their own actions. We leverage a unique impression-level data set from one of the world’s largest online crowdfunding platforms, where contributors are given the option to conceal their username or contribution amount from public display, with each transaction. We demonstrate that when campaign contributors elect to conceal information, it has a negative influence on subsequent visitors’ likelihood of conversion, as well as on their average contributions, conditional on conversion. Moreover, we argue that social norms are an important driver of information concealment, providing evidence of peer influence in the decision to conceal. We discuss the implications of our results for the provision of online information hiding mechanisms, as well as the design of crowdfunding platforms and electronic markets more generally.",openalex,llm,1.000,unreviewed,,doi:10.1287/isre.2016.0642
