status,title,authors,year,venue,doi,url,tags,abstract,provider,decision_source,llm_confidence,llm_review_outcome,llm_change_direction,paper_id
discarded,Applying Core Features of the Object-Oriented Programming Paradigm by Function Blocks Based on the IEC 61131 and IEC 61499 Industrial Automation Norms,"Cruz Salazar, Luis Alberto; Vogel-Heuser, Birgit",2020,"SERVICE ORIENTED, HOLONIC AND MULTI-AGENT MANUFACTURING SYSTEMS FOR INDUSTRY OF THE FUTURE",10.1007/978-3-030-27477-1_21,https://www.webofscience.com/wos/woscc/full-record/WOS:000620144800021,adjacent-subtopic,"Automation software systems usually implement the IEC 61131-3 and IEC 61499 standards. Nowadays, these applications request, among others, reusability, flexibility, reliability, and modularity via both standards. These characteristics can be achieved by a traditional paradigm called Object-Oriented Programming (OOP). OOP is an older method that applied with various programming languages to generate a replicable style of programming, i.e., code composed by Functions, Methods, etc. A well-defined programming method makes the code understandable for programmers. OOP defines the reusability, accessibility, adaptability, and robustness of software programs. It means that using gradual methods gained experience improves the quality of programs and simplifies their organization. OOP also increases the security of applications from its core features, i.e., Abstraction, Instantiation, Encapsulation, Polymorphism, and others. Therefore, OOP has been applied and discussed for both standards; however, OOP's complexity and implementation using these IEC standards have not been compared yet. This work proposes the typical application of the Function Block (FB) to define classes and objects for industrial automation systems based on OOP. We implement one particular case of study for both standards. The FB employments are evaluated in order to compare OOP applicability and advantages of each standard. Adapting automation software regarding new industry requirements implies greater modularity. Code programmed by OOP generates abstractions levels which improve the design and make the software application in maintenance more comfortable to read and more adaptable to future extensions. This research shows how both standards (their latest updates) address OOP. Object-oriented programs in the field of automation engineering face another paradigm shift that impacts the methods used to program control systems. OOP would facilitate the design patterns implementations, which are a reusable understanding of common problems.",wos,llm,0.840,unreviewed,,doi:10.1007/978-3-030-27477-1_21
discarded,A unified framework for declarative debugging and testing,"Caballero, Rafael; Martin-Martin, Enrique; Riesco, Adrian; Tamarit, Salvador",2021,INFORMATION AND SOFTWARE TECHNOLOGY,10.1016/j.infsof.2020.106427,https://www.webofscience.com/wos/woscc/full-record/WOS:000583428200007,adjacent-subtopic,"Context: Debugging is the most challenging and time consuming task in software development. However, it is not properly integrated in the software development cycle, because the result of so much effort is not available in further iterations of the cycle, and the debugging process itself does not benefit from the outcome of other phases such as testing.

Objective: We propose to integrate debugging and testing within a single unified framework where each phase generates useful information for the other and the outcomes of each phase are reused.

Method: We consider a declarative debugging setting that employs tests to automatically entail the validity of some subcomputations, thus decreasing the time and effort needed to find a bug. Additionally, the debugger stores as new tests the information collected from the user during the debugging phase. This information becomes part of the program test suite, and can be used in future debugging sessions, and also as regression tests.

Results: We define a general framework where declarative debugging establishes a bidirectional collaboration with testing. The new setting preserves the properties of the underlying declarative debugging framework (weak completeness and soundness) while generating test cases that can be used later in other debugging sessions or even in other cycles of the software development. The proposed framework is general enough to be instantiated to very different programming languages: Erlang (functional), Java (imperative, object-oriented), and SQL (data query); and the experimental results obtained for Erlang programs validate the effectiveness of the framework.

Conclusion: We propose a general unified framework for debugging and testing that simplifies each phase and maximizes the reusability of the outcomes in the different phases of the software development cycle, therefore reducing the overall effort.",wos,llm,0.980,unreviewed,,doi:10.1016/j.infsof.2020.106427
discarded,ReSIde: Reusable service identification from software families,"Shatwani, Anas; Seriai, Abdelhak; Sahraoui, Houari; Ziadi, Tewfik; Seriai, Abderrahmene",2020,JOURNAL OF SYSTEMS AND SOFTWARE,10.1016/j.jss.2020.110748,https://www.webofscience.com/wos/woscc/full-record/WOS:000579355100014,qualifies-claim; adjacent-subtopic,"The clone-and-own approach becomes a common practice to quickly develop Software Product Vari-ants (SPVs) that meet variability in user requirements. However, managing the reuse and maintenance of the cloned codes is a very hard task. Therefore, we aim to analyze SPVs to identify cloned codes and package them using a modern systematic reuse approach like Service-Oriented Architecture (SOA). The objective is to benefit from all the advantages of SOA when creating new SPVs. The development based on services in SOA supports the software reuse and maintenance better than the development based on individual classes in monolithic object-oriented software. Existing service identification approaches identify services based on the analysis of a single software product. These approaches are not able to analyze multiple SPVs to identify reusable services of cloned codes. Identifying services by analyzing several SPVs allows to increase the reusability of identified services. In this paper, we propose ReSIde (Reusable Service Identification): an automated approach that identifies reusable services from a set of object-oriented SPVs. This is based on analyzing the commonality and the variability between SPVs to identify the implementation of reusable functionalities corresponding to cloned codes that can be packaged as reusable services. To validate ReSIde, we have applied it on three product families of different sizes. The results show that the services identified based on the analysis of multiple product variants using ReSIde are more reusable than services identified based on the analysis of singular ones. (C) 2020 Elsevier Inc. All rights reserved.",wos,llm_reviewed,0.780,changed,kept->discarded,doi:10.1016/j.jss.2020.110748
discarded,Categorisation-based approach for predicting the fault-proneness of object-oriented classes in software post-releases,"Al Dallal, Jehad",2020,IET SOFTWARE,10.1049/iet-sen.2019.0326,https://www.webofscience.com/wos/woscc/full-record/WOS:000576364200007,adjacent-subtopic,"Subsequent releases of a system have common development environments and characteristics. However, prediction models based on within-project data potentially suffer from being based on fault data reported within relatively short maintenance time intervals, which potentially decreases their prediction abilities. In this study, the authors propose an approach that improves the classification performance of models based on within-project data that are applied to predict the fault-proneness of the classes in a software post-release (PR). The proposed approach involves selecting a set of immediate pre-releases and constructing a prediction model based on each pre-release. The PR classes are categorised based on whether they are newly developed or they are reused, with or without modification, from one or more of the selected pre-releases. The prediction models are applied to the PR classes reused from selected pre-releases, and the results are used to construct a fault-proneness prediction model. After applying this prediction model to all PR classes, the fault-proneness results are adjusted by considering the relationship between the prediction results of the individual pre-release models and the actual fault data. They reported an empirical study that shows that the classification performance of the categorisation-based fault-proneness prediction models is considerably better than those constructed using existing approaches.",wos,llm,0.780,unreviewed,,doi:10.1049/iet-sen.2019.0326
discarded,Classifying design-level requirements using machine learning for a recommender of interaction design patterns,"Silva-Rodriguez, Viridiana; Edith Nava-Munoz, Sandra; Castro, Luis A.; Martinez-Perez, Francisco E.; Perez-Gonzalez, Hector G.; Torres-Reyes, Francisco",2020,IET SOFTWARE,10.1049/iet-sen.2019.0291,https://www.webofscience.com/wos/woscc/full-record/WOS:000576364200009,adjacent-subtopic,"Software Engineering is a discipline that encompasses processes associated with the development of interactive systems. The perceived quality of an interactive system is heavily influenced by the user interface design, which may result in many challenges. One such challenge is design-level requirements analysis. The success of the software system is mostly dependent on how well users' requirements have been understood and translated into appropriate functionalities. During the interactive system design process, it is common to find recurring problems in human-computer interactions, for which reusing solutions is highly feasible. Interaction design patterns seek to support designers in decision making during the design of interactive systems. Due to the design task tends to be subjective and prone to errors. This work aims at presenting and evaluating an interaction design patterns recommendation model based on design-level requirements classification, through the application of supervised machine learning algorithms. To compare the performance of four classification algorithms, a study was carried out, in which the linear support vector machine was the most suitable to this problem. The results of this work can be used for implementing frameworks that can better support designers' decision making when designing user interfaces.",wos,llm,0.960,unreviewed,,doi:10.1049/iet-sen.2019.0291
discarded,A pattern-driven solution for designing multi-objective evolutionary algorithms,"Guizzo, Giovani; Vergilio, Silvia R.",2020,NATURAL COMPUTING,10.1007/s11047-018-9677-y,https://www.webofscience.com/wos/woscc/full-record/WOS:000562131000002,supports-claim; adjacent-subtopic,"Multi-objective evolutionary algorithms (MOEAs) have been widely studied in the literature, which led to the development of several frameworks and techniques to implement them. Consequently, the reusability, scalability and maintainability became fundamental concerns in the development of such algorithms. To this end, the use of design patterns (DPs) can benefit, ease and improve the design of MOEAs. DPs are reusable solutions for common design problems, which can be applied to almost any context. Despite their advantages to decrease coupling, increase flexibility, and allow an easier design extension, DPs have been underexplored for MOEA design. In order to contribute to this research topic, we propose a pattern-driven solution for the design of MOEAs. The MOEA designed with our solution is compared to another MOEA designed without it. The comparison considered: the Integration and Test Order (ITO) problem and the Traveling Salesman problem (TSP). Obtained results show that the use of this DP-driven solution allows the reuse of MOEA components, without decreasing the quality, in terms of hypervolume. This means that the developer can extend the algorithms to include other components using only object-oriented mechanisms in an easier way, while maintaining the expected results.",wos,llm_reviewed,0.750,changed,kept->discarded,doi:10.1007/s11047-018-9677-y
discarded,The effect of multiple developers on structural attributes: A Study based on java software,"Capiluppi, Andrea; Ajienka, Nemitari; Counsell, Steve",2020,JOURNAL OF SYSTEMS AND SOFTWARE,10.1016/j.jss.2020.110593,https://www.webofscience.com/wos/woscc/full-record/WOS:000540166800004,adjacent-subtopic,"Context: Long-term software projects employ different software developers who collaborate on shared artifacts. The accumulation of changes pushed by different developers leave traces on the underlying code, that have an effect on its future maintainability, and even reuse.

Objective: This study focuses on the how the changes by different developers might have an impact on the code: we investigate whether the work of multiple developers, and their experience, have a visible effect on the structural metrics of the underlying code.

Method: We consider nine object-oriented (OO) attributes and we measure them in a GitHub sample containing the top 200 'forked' projects. For each of their classes, we evaluated the number of distinct developers contributing to its source code, and their experience in the project.

Results: We show that the presence of multiple developers working on the same class has a visible effect on the chosen OO metrics, and often in the opposite direction to what the guidelines for each attribute suggest. We also show how the relative experience of developers in a project plays an important role in the distribution of those metrics, and the future maintenance of the Java classes.

Conclusions: Our results show how distributed development has an effect on the structural attributes of a software system and how the experience of developers plays a fundamental role in that effect. We also discover workarounds and best practices in 4 applied case studies. (C) 2020 Published by Elsevier Inc.",wos,llm,0.930,unreviewed,,doi:10.1016/j.jss.2020.110593
discarded,Metric based reusability analysis of software systems,"Jatain, Aman",2020,JOURNAL OF INTERDISCIPLINARY MATHEMATICS,10.1080/09720502.2020.1721672,https://www.webofscience.com/wos/woscc/full-record/WOS:000528262900011,adjacent-subtopic,"Metric suite is the most discussed term in the software community, when there is a need of quantization of quality to evaluate a software system. Software quality can be estimated by analyzing the key quality attributes of the software system. For a very long time in literature, quality in software products has been deliberately emphasized. But quality can be controlled by making it quantifiable, i.e. by measuring it. Reusability is an influential aspect to enhance the productivity and quality of software systems. Reusability is one of the core software development process. As the technological improvement in the programming languages is done, the scope and awareness to the reusability is increased. Reusability provides an easy form of software development by utilizing existing software projects or components. Toward this goal our previous work has presented a reusability framework for migration of object-oriented system to component-based system and defined a suite of four metrics to assess the reusability. In this paper, we work towards assessing the reusability aspect of these metrics for individual component collected from reputed repositories.",wos,llm,0.680,unreviewed,,doi:10.1080/09720502.2020.1721672
discarded,Software system design based on patterns for Newton-type methods,"Serrato-Barrera, Ricardo; Rodriguez-Gomez, Gustavo; Cesar Perez-Sansalvador, Julio; Pomares-Hernandez, Saul; Flores-Pulido, Leticia; Munoz, Antonio",2020,COMPUTING,10.1007/s00607-019-00759-8,https://www.webofscience.com/wos/woscc/full-record/WOS:000524255100007,adjacent-subtopic,"A wide range of engineering applications use optimization techniques as part of their solution process. The researcher uses specialized software that implements well-known optimization techniques to solve his problem. However, when it comes to develop original optimization techniques that fit a particular problem the researcher has no option but to implement his own new method from scratch. This leads to large development times and error prone code that, in general, will not be reused for any other application. In this work, we present a novel methodology that simplifies, speeds up and improves the development process of scientific software. This methodology guides us on the identification of design patterns. The application of this methodology generates reusable, flexible and high quality scientific software. Furthermore, the produced software becomes a documented tool to transfer the knowledge on the development process of scientific software. We apply this methodology for the design of an optimization framework implementing Newton's type methods which can be used as a fast prototyping tool of new optimization techniques based on Newton's type methods. The abstraction, re-useability and flexibility of the developed framework is measured by means of Martin's metric. The results indicate that the developed software is highly reusable.",wos,llm,0.760,unreviewed,,doi:10.1007/s00607-019-00759-8
discarded,Analysis of Coupling Evolution on Open Source Systems,"Sousa, Bruno L.; Bigonha, Mariza A. S.; Ferreira, Kecia A. M.",2019,"SBCARS'19: PROCEEDINGS OF THE XIII BRAZILIAN SYMPOSIUM ON SOFTWARE COMPONENTS, ARCHITECTURES, AND REUSE",10.1145/3357141.3357147,https://www.webofscience.com/wos/woscc/full-record/WOS:000523732700005,adjacent-subtopic,"Software evolution is an intrinsic process of the software life cycle. The comprehension of this process is a central research topic in Software Engineering. It is widely accepted that as a software system evolves, its internal quality declines, and its complexity increases. However, there is a gap in the comprehension of how this process occurs in a fine-grained view. In this work, we apply a software metric approach to investigate how the internal quality of object-oriented software systems evolves in the aspect of coupling. More specifically, we analyze (i) how the coupling behavior may be described over the software evolution, (ii) how the coupling behavior affects the reusability and complexity of the systems, and (iii) the percentage of classes from the systems that directly impacts on the coupling evolution. The results and observations of this study are compiled in seven properties of coupling evolution, among which stand out: (i) the coupling behavior is better modeled by a cubic function, (ii) the coupling evolution tends to increase the complexity of the systems, (iii) the systems tend to be designed with a high level of complexity, and (iv) the coupling evolution is affected by a small group of classes.",wos,llm,0.870,unreviewed,,doi:10.1145/3357141.3357147
discarded,"JOSSeph: A reproducible, reusable, and extensible pipeline for large-scale extraction of software quality metrics from open-source Java projects",A. Chesnokov,2026,Softwarex,10.1016/j.softx.2026.102965,https://www.scopus.com/inward/record.uri?partnerID=HzOxMe3b&scp=105047835192&origin=inward,adjacent-subtopic,,scopus,llm,0.950,unreviewed,,doi:10.1016/j.softx.2026.102965
discarded,StarPSO: A Unified Framework for Particle Swarm Optimization Across Multiple Problem Types,M.D. Vrettas,2026,Journal of Open Research Software,10.5334/jors.691,https://www.scopus.com/inward/record.uri?partnerID=HzOxMe3b&scp=105042768791&origin=inward,adjacent-subtopic,,scopus,llm,0.970,unreviewed,,doi:10.5334/jors.691
discarded,On the Development of the Active Object Paradigm: A Personal Account,O. Owe,2026,Lecture Notes in Computer Science,10.1007/978-3-032-05291-9_5,https://www.scopus.com/inward/record.uri?partnerID=HzOxMe3b&scp=105017230757&origin=inward,adjacent-subtopic,,scopus,llm,0.900,unreviewed,,doi:10.1007/978-3-032-05291-9_5
discarded,IMPLEMENTING TRAITS IN C# USING ROSLYN SOURCE GENERATORS,M. Pozur,2025,Informatyka Automatyka Pomiary W Gospodarce I Ochronie Srodowiska,10.35784/iapgos.8488,https://www.scopus.com/inward/record.uri?partnerID=HzOxMe3b&scp=105027453793&origin=inward,adjacent-subtopic,,scopus,llm_reviewed,0.850,confirmed,,doi:10.35784/iapgos.8488
discarded,Model of an Open-Source MicroPython Library for GSM NB-IoT,A. Lupandin,2025,Sensors,10.3390/s25175322,https://www.scopus.com/inward/record.uri?partnerID=HzOxMe3b&scp=105015894189&origin=inward,adjacent-subtopic,,scopus,llm,0.970,unreviewed,,doi:10.3390/s25175322
discarded,Artificial Intelligence Generation Content Empowering Java Framework Application Course for Software Technology Major,J. Zhang,2025,Proceedings of the 2nd Guangdong Hong Kong Macao Greater Bay Area International Conference on Digital Economy and Artificial Intelligence Deai 2025,10.1145/3745238.3745456,https://www.scopus.com/inward/record.uri?partnerID=HzOxMe3b&scp=105014746894&origin=inward,adjacent-subtopic,,scopus,llm,0.980,unreviewed,,doi:10.1145/3745238.3745456
discarded,Layered microservices architecture: A multitree-based domain-driven approach,D.M. Le,2025,Information and Software Technology,10.1016/j.infsof.2025.107720,https://www.scopus.com/inward/record.uri?partnerID=HzOxMe3b&scp=105002637890&origin=inward,adjacent-subtopic,,scopus,llm,0.930,unreviewed,,doi:10.1016/j.infsof.2025.107720
discarded,A Maintainability Framework to Ensure the Software Quality in Object-Oriented Programming,S. Rochimah,2025,IEEE Access,10.1109/ACCESS.2025.3633265,https://www.scopus.com/inward/record.uri?partnerID=HzOxMe3b&scp=105022629019&origin=inward,adjacent-subtopic,,scopus,llm,0.880,unreviewed,,doi:10.1109/access.2025.3633265
