status,title,authors,year,venue,doi,url,tags,abstract,provider,decision_source,llm_confidence,llm_review_outcome,llm_change_direction,paper_id
discarded,X-OODM: Leveraging Explainable Object-Oriented Design Methodology for Multi-Domain Sentiment Analysis,A. Javed,2025,Computers Materials and Continua,10.32604/cmc.2025.057359,https://www.scopus.com/inward/record.uri?partnerID=HzOxMe3b&scp=86000369494&origin=inward,off-topic-false-hit,,scopus,llm,0.900,unreviewed,,doi:10.32604/cmc.2025.057359
discarded,Evaluation of Categorization Patterns for Conceptual Modeling of IoT Applications,M. Wyffels,2025,Lecture Notes in Business Information Processing,10.1007/978-3-031-77908-4_5,https://www.scopus.com/inward/record.uri?partnerID=HzOxMe3b&scp=85211334240&origin=inward,adjacent-subtopic,,scopus,llm,0.930,unreviewed,,doi:10.1007/978-3-031-77908-4_5
discarded,Enhancing Infrastructure-as-Code with Objectoriented Programming for Improving Maintainability,M. Nevesinjac,2025,2025 10th International Conference on Cloud Computing and Big Data Analytics Icccbda 2025,10.1109/ICCCBDA64898.2025.11030527,https://www.scopus.com/inward/record.uri?partnerID=HzOxMe3b&scp=105009404997&origin=inward,adjacent-subtopic,,scopus,llm,0.840,unreviewed,,doi:10.1109/icccbda64898.2025.11030527
discarded,Validation of Object-Oriented Metrics Against Standard Properties,S. Babu,2024,Lecture Notes in Networks and Systems,10.1007/978-981-97-6726-7_17,https://www.scopus.com/inward/record.uri?partnerID=HzOxMe3b&scp=85209192032&origin=inward,adjacent-subtopic,,scopus,llm,0.930,unreviewed,,doi:10.1007/978-981-97-6726-7_17
discarded,Relapse based Examination of Computer Program Coupling Metric,M. Kavitha,2024,15th International Conference on Advances in Computing Control and Telecommunication Technologies Act 2024,,https://www.scopus.com/inward/record.uri?partnerID=HzOxMe3b&scp=85209137178&origin=inward,adjacent-subtopic,,scopus,llm,0.940,unreviewed,,hash:ecb712ddffdd5a49
discarded,Design Patterns in .NET: Mastering design patterns to write dynamic and effective .NET Code,T. Yaroshenko,2024,Design Patterns in Net Mastering Design Patterns to Write Dynamic and Effective Net Code,,https://www.scopus.com/inward/record.uri?partnerID=HzOxMe3b&scp=105022957078&origin=inward,adjacent-subtopic,,scopus,llm,0.940,unreviewed,,hash:b6499cb434780526
discarded,The rapid construction method of the digital twin polymorphic model for discrete manufacturing workshop,D. Zhang,2023,Robotics and Computer Integrated Manufacturing,10.1016/j.rcim.2023.102600,https://www.scopus.com/inward/record.uri?partnerID=HzOxMe3b&scp=85161661173&origin=inward,off-topic-false-hit,,scopus,llm,0.940,unreviewed,,doi:10.1016/j.rcim.2023.102600
discarded,"Object-Oriented Requirements: a Unified Framework for Specifications, Scenarios and Tests",M. Naumcheva,2023,Journal of Object Technology,10.5381/JOT.2023.22.1.3,https://www.scopus.com/inward/record.uri?partnerID=HzOxMe3b&scp=85164572493&origin=inward,adjacent-subtopic,,scopus,llm,0.930,unreviewed,,doi:10.5381/jot.2023.22.1.3
discarded,Empirical Validation of Variable Method Interaction Cohesion Metric (VMICM) for Enhancing Reusability of Object-Oriented (O-O) Software,B. Bisht,2023,International Journal of Electrical and Computer Engineering Systems,10.32985/ijeces.14.10.2,https://www.scopus.com/inward/record.uri?partnerID=HzOxMe3b&scp=85179325836&origin=inward,supports-claim; adjacent-subtopic,,scopus,llm_reviewed,0.820,changed,kept->discarded,doi:10.32985/ijeces.14.10.2
discarded,Advancements in Code Restructuring: Enhancing System Quality through Object-Oriented Coding Practices,M.K.Y. Ngetich,2023,Ines 2023 27th IEEE International Conference on Intelligent Engineering Systems 2023 Proceedings,10.1109/INES59282.2023.10297764,https://www.scopus.com/inward/record.uri?partnerID=HzOxMe3b&scp=85178577734&origin=inward,adjacent-subtopic,,scopus,llm,0.890,unreviewed,,doi:10.1109/ines59282.2023.10297764
discarded,Performances of Various Aspect-Oriented Systems with their Significant Quality Attributes,S. Patel,2023,Proceedings of International Conference on Contemporary Computing and Informatics Ic3i 2023,10.1109/IC3I59117.2023.10397926,https://www.scopus.com/inward/record.uri?partnerID=HzOxMe3b&scp=85187279475&origin=inward,adjacent-subtopic,,scopus,llm,0.910,unreviewed,,doi:10.1109/ic3i59117.2023.10397926
discarded,Research on software reuse methods based on the object-oriented components,Xu Beibei; Wang Haitao; Zhang Fengwang,2012,Proceedings of 2012 2nd International Conference on Computer Science and Network Technology,10.1109/ICCSNT.2012.6526281,https://ieeexplore.ieee.org/document/6526281/,adjacent-subtopic,"Software reuse is considered as an effective method of avoiding duplication of work, improving the efficiency and quality of the software development. Software component technology is the core technology to support software reuse. In recent years, it has made a rapid development and has received a highly attention in the field of software reuse. The object-oriented technology has provided practical tools and basic theories which can be realized and applied in the software component. This paper will present the relationship between object-oriented methods and software reuse technology; it will also present the method process of extracting components in order to realize software reuse.",ieee,llm,0.810,unreviewed,,doi:10.1109/iccsnt.2012.6526281
discarded,Impact of Inheritance and Reusability on Design Quality of Object Oriented System,Sumit Babu; Raghuraj Singh,2022,2022 22nd International Conference on Computational Science and Its Applications (ICCSA),10.1109/ICCSA57511.2022.00016,https://ieeexplore.ieee.org/document/10064451/,adjacent-subtopic; mot; qualifies-claim,"Inheritance is the main property of object oriented paradigm. It mainly focuses on the attributes and methods shared among the classes which are based on the hierarchical structure. Reusability is a basic concept that is influenced by the inheritance hierarchical structure in determining the complexity of an object oriented software system. It has high impact on sharing of various attributes and methods between different modules of the system. In this work, a new metric set consisting of 5 indicators/metrics has been proposed. The metrics set has been analyzed on different levels of design of object oriented software and attempted to provide an alternative way to find the impact of inheritance and reusability on design quality of object oriented software systems.",ieee,human,0.680,human,,doi:10.1109/iccsa57511.2022.00016
discarded,Measurement of Intra-Class & Inter-Class Weakness for Object-Oriented Software,J.K. Chhabra; K.K. Aggarwal,2006,Third International Conference on Information Technology: New Generations (ITNG'06),10.1109/ITNG.2006.89,https://ieeexplore.ieee.org/document/1611586/,adjacent-subtopic,"The success of object-oriented approach in the software development can be mainly attributed to its effectiveness in controlling the complexity & maintainability, and in increasing the reusability of its classes. But one needs to measure the strength/weakness of the classes and their dependencies in order to control and reuse them. This paper proposes a new metric named as class weakness, which measures the weakness within the class and weakness due to dependency of the class over rest of the classes. The intra-class weakness is computed with help of usage of various data members in the corresponding member functions. The inter-class weakness is found with help of calculating the dependencies (direct as well as indirect) of the class over remaining classes in the object-oriented software",ieee,llm,0.900,unreviewed,,doi:10.1109/itng.2006.89
discarded,Cyclic inheritance detection for object-oriented database,Ding-An Chiang; Ming-Chi Lee,1992,TENCON'92 - Technology Enabling Tomorrow,10.1109/TENCON.1992.271894,https://ieeexplore.ieee.org/document/271894/,adjacent-subtopic,"Inheritance is the main theme of schema design for the object-oriented software and object-oriented database. Misuse of inheritance will lead to cyclic inheritance which suffers from redundant classes and endless self-inheritance. For a class hierarchy with cyclic inheritance, to detect all the cyclic inheritances is a NP-complete problem. A graph-theoretical reduction methodology to reduce them in polynomial time is described. An algorithm to support this reduction is presented.<>",ieee,llm,0.960,unreviewed,,doi:10.1109/tencon.1992.271894
discarded,Data Mining Techniques to Enhance Reusability of O-O (Object-Oriented) Systems: A Systematic Review,Bharti Bisht; Parul Gandhi,2024,2024 First International Conference on Pioneering Developments in Computer Science & Digital Technologies (IC2SDT),10.1109/IC2SDT62152.2024.10696678,https://ieeexplore.ieee.org/document/10696678/,supports-claim; adjacent-subtopic,"There was a need to reduce the effort and time spent while developing software due to the quick evolution of the software industry. It is crucial to guarantee product quality while designing products and services to increase their market worth. Leveraging software reuse to achieve quality and productivity goals is advised. Reusability is a crucial measure that may be utilized to raise the overall level of software quality in less time and effort. To better understand the necessity of enhancing the reusability of O-O (Object-Oriented) systems, this study employed a semi-automated approach for measuring the values of class-level software metrics on input datasets collected from the MAVEN online repository. Even a comparative analysis of several data mining approaches for improving the reusability of O-O (Object-Oriented) software systems has been conducted in this paper based on performance parameters such as precision rate, MSE rate, and accuracy rate.",ieee,llm_reviewed,0.780,changed,kept->discarded,doi:10.1109/ic2sdt62152.2024.10696678
discarded,Applying case reuse and rule-based reasoning (RBR) in object-oriented application framework documentation: Analysis and design,Hajar Mat Jani; Sai Peck Lee,2008,2008 Conference on Human System Interactions,10.1109/HSI.2008.4581508,https://ieeexplore.ieee.org/document/4581508/,adjacent-subtopic,"The main objective of an object-oriented application framework is to promote the reuse of both design and code in the development of new applications. The use of a framework will significantly decrease the amount of time taken for developing new applications. However, new framework users find that the documentation provided along with a framework is usually not very effective for new users. So, in this paper, we decided to apply another form of reuse, which is information reuse, to framework documentation. In order to come up with new solutions to new problems posed by the framework users, our proposed documentation approach will reuse previously documented cases, which have solved similar framework usage problems in the past. This requires the documentation system to be capable of understanding and learning from past experiences. We believe that with the reuse of past cases for solving new problems, new framework users will be able to dramatically improve their software development performance. The use of rule-based reasoning and genetic algorithms will optimize the case search and case adaptation process.",ieee,llm,0.880,unreviewed,,doi:10.1109/hsi.2008.4581508
discarded,Metrics measurement model: To measure the object oriented design metrics,Sudha Rajesh; A. Chandrasekar,2015,2015 Seventh International Conference on Advanced Computing (ICoAC),10.1109/ICoAC.2015.7562793,https://ieeexplore.ieee.org/document/7562793/,adjacent-subtopic,"There are many tools and methodologies are available for the development of software. The development consists of activities such as analyze, design, code, test, implement and maintenance. This paper provides the information about measuring the metrics of Object Oriented Software (OOS) development and proposed a Metric Measurement Model (MMM) to ensure that metrics of quality attributes are very important in Object Oriented Software improvement. OOS is a system to enlarge objects that are easily reused, modified and replaced. All objects have attributes and methods, so it works at a privileged level of generalization. Objects are collected to outline a class. The quality of OOS design can be improved by measuring the object oriented design metrics. The OO design is done by UML diagrams; particularly class diagram holds the important part of designing in the development process. Early measurement of metrics will leads to good quality software.",ieee,llm,0.910,unreviewed,,doi:10.1109/icoac.2015.7562793
discarded,A study of comparative analysis of regression algorithms for reusability evaluation of object oriented based software components,Syeda Iffat Zahara; Muhammad Ilyas; Tehseen Zia,2013,2013 International Conference on Open Source Systems and Technologies,10.1109/ICOSST.2013.6720609,https://ieeexplore.ieee.org/document/6720609/,supports-claim; adjacent-subtopic,"Reusability of software is found to be a key feature of quality. The most obvious outcomes of software reuse are overcoming the software crisis, advancing in software quality and improving productivity. The issue of spotting reusable software components from given existing system is very important but yet it is not much cultivated. For identification and evaluation of reusable software we use an approach that has foundation of software models and metrics. Idea of this study is to examine the competence and effectiveness of machine learning regression techniques which are experimented here to build precise and constructive evaluation model that can assess the reusability of Object Oriented based software components based on the values of five metrics of metrics suite presented by “Shyam R. Chaidmber and Chris F. Kemerer”. By setting different values of parameters of these algorithms, it is also concluded that which specific algorithm or class of algorithms is appropriate for reusability evaluation and with which parameter's values. For this comparative analysis we have used Weka and experimented different regression techniques as Multi-linear regression, Model Tree M5P, Standard instance-based learning scheme IBk and Meta-learning scheme Additive Regression. As the result of this analysis and experimentation “Standard instance-based learning IBk with no distance weighting” is found to be the best regression algorithm for reusability evaluation of Object Oriented software components using CK metrics.",ieee,llm_reviewed,0.800,changed,kept->discarded,doi:10.1109/icosst.2013.6720609
kept,The design of object-oriented software with domain architecture reuse,A.M. de Cima; C.M.L. Werner; A.A.C. Cerqueira,1994,Proceedings of 1994 3rd International Conference on Software Reuse,10.1109/ICSR.1994.365786,https://ieeexplore.ieee.org/document/365786/,qualifies-claim,"The paper focuses the software reuse aspects when the object-oriented paradigm is used in the software development. The advantages and problems of reusable object-oriented software development are identified. A development environment for reusable object-oriented software is presented. This environment uses frameworks to construct domain models, in order to make possible the reuse of analysis information in future designs. Some basic implementation requirements for this environment, called DEROS (Design Environment for Reusable Object-oriented Software), are described.<>",ieee,llm,0.670,unreviewed,,doi:10.1109/icsr.1994.365786
discarded,Object oriented metrics to measure the quality of software upon PHP source code with PHP_depend study case request online system application,Sarwo; Harco Leslie Hendric Spits Warnars; Ford Lumban Gaol; Richard Randriatoamanana,2017,2017 International Conference on Applied Computer and Communication Technologies (ComCom),10.1109/COMCOM.2017.8167097,https://ieeexplore.ieee.org/document/8167097/,adjacent-subtopic,"Nowadays, a company should be equipped with information technology and one of them is business application either web based or non web based which is built with object oriented programming in order to help the management to run their daily business processes. In order to supports a company with best excellent software applications then we need to make sure the quality of software application in term of easy to maintenance, understandability, reusability and so on. In term to measure the quality of software, there are many software metrics applications either free or proprietary which can be downloaded on Internet and one of them is PHP_depend. PHP_depend is software metrics which measure the quality of software based on PHP source code, by taking the PHP source code and parses it into Abstract Syntax Tree (AST). This paper will investigate how to measure quality of software based on PHP source code with PHP_depend software metrics. The investigation will examine codes from Request online system application which supports improvement or update request upon SAP application in Astra Graphia Information Technology PT. The measurement will be assessed based on metrics which is categorized into project, package, file, class and methods.",ieee,llm,0.850,unreviewed,,doi:10.1109/comcom.2017.8167097
discarded,Enterprise architecture and object-oriented development,A. Perkins,1998,Proceedings. Technology of Object-Oriented Languages. TOOLS 26 (Cat. No.98EX176),10.1109/TOOLS.1998.711030,https://ieeexplore.ieee.org/document/711030/,adjacent-subtopic,"The paper describes the benefits of using an enterprise information architecture to reusable software components-specifically objects. The paper also describes Enterprise Engineering-a rigorous and repeatable methodology that allows organizations to realize the full potential of component development. Enterprise Engineering features technology independence and tightly defined links between business requirements, logical component models, and physical component designs.",ieee,llm,0.830,unreviewed,,doi:10.1109/tools.1998.711030
discarded,Empirical Validation of Three Software Metrics Suites to Predict Fault-Proneness of Object-Oriented Classes Developed Using Highly Iterative or Agile Software Development Processes,Hector M. Olague; Letha H. Etzkorn; Sampson Gholston; Stephen Quattlebaum,2007,IEEE Transactions on Software Engineering,10.1109/TSE.2007.1015,https://ieeexplore.ieee.org/document/4181709/,adjacent-subtopic,"Empirical validation of software metrics suites to predict fault proneness in object-oriented (OO) components is essential to ensure their practical use in industrial settings. In this paper, we empirically validate three OO metrics suites for their ability to predict software quality in terms of fault-proneness: the Chidamber and Kemerer (CK) metrics, Abreu's Metrics for Object-Oriented Design (MOOD), and Bansiya and Davis' Quality Metrics for Object-Oriented Design (QMOOD). Some CK class metrics have previously been shown to be good predictors of initial OO software quality. However, the other two suites have not been heavily validated except by their original proposers. Here, we explore the ability of these three metrics suites to predict fault-prone classes using defect data for six versions of Rhino, an open-source implementation of JavaScript written in Java. We conclude that the CK and QMOOD suites contain similar components and produce statistical models that are effective in detecting error-prone classes. We also conclude that the class components in the MOOD metrics suite are not good class fault-proneness predictors. Analyzing multivariate binary logistic regression models across six Rhino versions indicates these models may be useful in assessing quality in OO classes produced using modern highly iterative or agile software development processes.",ieee,llm,0.940,unreviewed,,doi:10.1109/tse.2007.1015
