status,title,authors,year,venue,doi,url,tags,abstract,provider,decision_source,llm_confidence,llm_review_outcome,llm_change_direction,paper_id
discarded,API design for machine learning software: experiences from the scikit-learn project,"Lars Buitinck; Gilles Louppe; Mathieu Blondel; Fabián Pedregosa; Mueller, Andreas; Olivier Grisel; Vlad Niculae; Peter Prettenhofer; Alexandre Gramfort; Jaques Grobler; Layton, Robert; Jake Vanderplas; Arnaud Joly; Holt, Brian; Gaël Varoquaux",2013,arXiv (Cornell University),10.48550/arxiv.1309.0238,https://openalex.org/W4294089543,adjacent-subtopic,"Scikit-learn is an increasingly popular machine learning li- brary. Written in Python, it is designed to be simple and efficient, accessible to non-experts, and reusable in various contexts. In this paper, we present and discuss our design choices for the application programming interface (API) of the project. In particular, we describe the simple and elegant interface shared by all learning and processing units in the library and then discuss its advantages in terms of composition and reusability. The paper also comments on implementation details specific to the Python ecosystem and analyzes obstacles faced by users and developers of the library.",openalex,llm,0.840,unreviewed,,doi:10.48550/arxiv.1309.0238
discarded,Investigating quality factors in object-oriented designs,Lionel Briand; Jürgen Wüst; Stefan V. Ikonomovski; Hakim Lounis,1999,,10.1145/302405.302654,https://openalex.org/W1990259865,adjacent-subtopic,"S.345-354 : Ill., Lit.",openalex,llm,0.720,unreviewed,,doi:10.1145/302405.302654
discarded,Hooking into object-oriented application frameworks,Gary Froehlich; H. James Hoover; Ling Liu; Paul G. Sorenson,1997,,10.1145/253228.253432,https://openalex.org/W2008250898,qualifies-claim; adjacent-subtopic,"An object-oriented application framework provides a generic design within a given domain and a reusable implementation of that design.Frameworks have great potential for reuse, but that potential can only be achieved if the framework can be understood and used effectively by application developers.The complexity of the design and implementation of a framework can make understanding the framework difficult, and so good documentation and guidance to the framework user is needed.Several methods exist for documenting the design of the framework, but less work has been done on documenting the purpose of the framework and how it is intended to be used.In this paper, we introduce the concept of hooks as a means of documenting and providing guidance on the intended use of a framework.Each hook provides a concise solution to a focused requirement or problem within the context of the framework.Solutions for more complex requirements can be provided by combining several hooks.A discussion and means of describing hooks is given, with a focus on the method of adaption used to fulfill the requirement and the level of support provided for the solution within the framework.",openalex,llm_reviewed,0.870,changed,kept->discarded,doi:10.1145/253228.253432
discarded,Precise concrete type inference for object-oriented languages,John Plevyak; Andrew A. Chien,1994,,10.1145/191080.191130,https://openalex.org/W2091909330,adjacent-subtopic,"Concrete type information is invaluable for program optimization. The determination of concrete types in object-oriented languages is a flow sensitive global data flow problem. It is made difficult by dynamic dispatch (virtual function invocation) and first class functions (and selectors)—the very program structures for whose optimization its results are most critical. Previous work has shown that constraint-based type inference systems can be used to safely approximate concrete types [15], but their use can be expensive and their results imprecise.",openalex,llm,0.990,unreviewed,,doi:10.1145/191080.191130
discarded,"The design and implementation of the self compiler, an optimizing compiler for object-oriented programming languages",Craig Chambers,1992,,,https://openalex.org/W1597122400,adjacent-subtopic,"Object-oriented programming languages promise to improve programmer productivity by supporting abstract data types, inheritance, and message passing directly within the language. Unfortunately, traditional implementations of object-oriented language features, particularly message passing, have been much slower than traditional implementations of their non-object-oriented counterparts: the fastest existing implementation of Smalltalk-80 runs at only a tenth the speed of an optimizing C implementation. The dearth of suitable implementation technology has forced most object-oriented languages to be designed as hybrids with traditional non-object-oriented languages, complicating the languages and making programs harder to extend and reuse. This dissertation describes a collection of implementation techniques that can improve the run-time performance of object-oriented languages, in hopes of reducing the need for hybrid languages and encouraging wider spread of purely object-oriented langu...",openalex,llm,0.940,unreviewed,,hash:884546774d5036ef
discarded,Type theories and object-oriented programmimg,Scott H. Danforth; Chris Tomlinson,1988,ACM Computing Surveys,10.1145/62058.62060,https://openalex.org/W2041042883,adjacent-subtopic,"Object-oriented programming is becoming a popular approach to the construction of complex software systems. Benefits of object orientation include support for modular design, code sharing, and extensibility. In order to make the most of these advantages, a type theory for objects and their interactions should be developed to aid checking and controlled derivation of programs and to support early binding of code bodies for efficiency. As a step in this direction, this paper surveys a number of existing type theories and examines the manner and extent to which these theories are able to represent the ideas found in object-oriented programming. Of primary interest are the models provided by type theories for abstract data types and inheritance, and the major portion of this paper is devoted to these topics. Code fragments illustrative of the various approaches are provided and discussed. The introduction provides an overview of object-oriented programming and types in programming languages; the summary provides a comparative evaluation of the reviewed typing systems, along with suggestions for future work.",openalex,llm,0.970,unreviewed,,doi:10.1145/62058.62060
discarded,Traits,Sté́phane Ducasse; Oscar Nierstrasz; Nathanael Schärli; Roel Wuyts; Andrew P. Black,2006,ACM Transactions on Programming Languages and Systems,10.1145/1119479.1119483,https://openalex.org/W2111898165,qualifies-claim; adjacent-subtopic,"Inheritance is well-known and accepted as a mechanism for reuse in object-oriented languages. Unfortunately, due to the coarse granularity of inheritance, it may be difficult to decompose an application into an optimal class hierarchy that maximizes software reuse. Existing schemes based on single inheritance, multiple inheritance, or mixins, all pose numerous problems for reuse. To overcome these problems we propose traits , pure units of reuse consisting only of methods. We develop a formal model of traits that establishes how traits can be composed, either to form other traits, or to form classes. We also outline an experimental validation in which we apply traits to refactor a nontrivial application into composable units.",openalex,llm_reviewed,0.940,changed,kept->discarded,doi:10.1145/1119479.1119483
discarded,An efficient implementation of SELF a dynamically-typed object-oriented language based on prototypes,Craig Chambers; David Ungar; E. Lee,1989,,10.1145/74877.74884,https://openalex.org/W2058639022,adjacent-subtopic,"We have developed and implemented techniques that double the performance of dynamically-typed object-oriented languages. Our SELF implementation runs twice as fast as the fastest Smalltalk implementation, despite SELF's lack of classes and explicit variables.",openalex,llm,0.980,unreviewed,,doi:10.1145/74877.74884
discarded,Dimensions of object-based language design,Peter W. Wegner,1987,,10.1145/38765.38823,https://openalex.org/W2138387375,adjacent-subtopic,"The design space of object-based languages is characterized in terms of objects, classes, inheritance, data abstraction, strong typing, concurrency, and persistence. Language classes (paradigms) associated with interesting subsets of these features are identified and language design issues for selected paradigms are examined. Orthogonal dimensions that span the object-oriented design space are related to non-orthogonal features of real languages. The self-referential application of object-oriented methodology to the development of object-based language paradigms is demonstrated.",openalex,llm,0.960,unreviewed,,doi:10.1145/38765.38823
discarded,An object-oriented representation for product and design processes,Sreenivasa Rao Gorti; A.K. Gupta; GJ Kim; R. D. Sriram; Albert Kai-Sun Wong,1998,Computer-Aided Design,10.1016/s0010-4485(97)00087-0,https://openalex.org/W2069088270,adjacent-subtopic,"We report on the development of a knowledge representation model, which is based on the SHARED object model reported in Shared Workspaces for Computer-Aided Collaborative Engineering (Wong, A. and Sriram, D., Technical Report, IESL 93-06, Intelligent Engineering Systems Laboratory, Department of Civil Engineering, MIT, March, 1993) and Research in Engineering Design (Wong, A. and Sriram, D., SHARED: An Information Model for Cooperative Product Development, 1993, Fall, 21-39). Our current model is implemented as a layered scheme, that incorporates both an evolving artifact and its associated design process. To represent artifacts as they evolve, we define objects recursively without a pre-defined granularity on this recursive decomposition. This eliminates the need for translations between levels of abstraction in the design process. The SHARED model extends traditional OOP in three ways: by allowing explicit relationship classes with inheritance hierarchies; by permitting constraints to be associated with objects and relationships; and by comparing `similar' objects at three different levels (form, function and behavior).",openalex,llm,0.940,unreviewed,,doi:10.1016/s0010-4485(97)00087-0
discarded,Concurrency and distribution in object-oriented programming,Jean-Pierre Briot; Rachid Guerraoui; Klaus‐Peter Löhr,1998,ACM Computing Surveys,10.1145/292469.292470,https://openalex.org/W2107515271,adjacent-subtopic,"This paper aims at discussing and classifying the various ways in which the object paradigm is used in concurrent and distributed contexts. We distinguish among the library approach, the integrative approach, and the reflective approach. The library approach applies object-oriented concepts, as they are, to structure concurrent and distributed systems through class libraries. The integrative approach consists of merging concepts such as object and activity, message passing, and transaction, etc. The reflective approach integrates class libraries intimately within an object-based programming language. We discuss and illustrate each of these and point out their complementary levels and goals.",openalex,llm,0.950,unreviewed,,doi:10.1145/292469.292470
discarded,Interfaces for strongly-typed object-oriented programming,Peter S. Canning; William R. Cook; Walter L. Hill; Walter G. Olthoff,1989,,10.1145/74877.74924,https://openalex.org/W2021686672,adjacent-subtopic,"This paper develops a system of explicit interfaces for object-oriented programming. The system provides the benefits of module interfaces found in languages like Ada and Modula-2 while preserving the expressiveness that gives untyped object-oriented languages like Smalltalk their flexibility. Interfaces are interpreted as polymorphic types to make the system sufficiently powerful. We use interfaces to analyze the properties of inheritance, and identify three distinct kinds of inheritance in object-oriented programming, corresponding to objects, classes, and interfaces, respectively. Object interfaces clarify the distinction between interface containment and inheritance and give insight into limitations caused by equating the notions of type and class in many typed object-oriented programming languages. Interfaces also have practical consequences for design, specification, and maintenance of object-oriented systems.",openalex,llm,0.970,unreviewed,,doi:10.1145/74877.74924
discarded,MOOSE: Enabling massively parallel multiphysics simulation,Cody Permann; Derek R. Gaston; David Andrš; Robert Carlsen; Fande Kong; Alexander D. Lindsay; Jason Miller; John W. Peterson; Andrew E. Slaughter; Roy Stogner; Richard Charles Martineau,2020,SoftwareX,10.1016/j.softx.2020.100430,https://openalex.org/W2985958607,adjacent-subtopic,"Harnessing modern parallel computing resources to achieve complex multiphysics simulations is a daunting task. The Multiphysics Object Oriented Simulation Environment (MOOSE) aims to enable such development by providing simplified interfaces for specification of partial differential equations, boundary conditions, material properties, and all aspects of a simulation without the need to consider the parallel, adaptive, nonlinear, finite element solve that is handled internally. Through the use of interfaces and inheritance, each portion of a simulation becomes reusable and composable in a manner that allows disparate research groups to share code and create an ecosystem of growing capability that lowers the barrier for the creation of multiphysics simulation codes. Included within the framework is a unique capability for building multiscale, multiphysics simulations through simultaneous execution of multiple sub-applications with data transfers between the scales. Other capabilities include automatic differentiation, scaling to a large number of processors, hybrid parallelism, and mesh adaptivity. To date, MOOSE-based applications have been created in areas of science and engineering such as nuclear physics, geothermal science, magneto-hydrodynamics, seismic events, compressible and incompressible fluid flow, microstructure evolution, and advanced manufacturing processes.",openalex,llm,0.760,unreviewed,,doi:10.1016/j.softx.2020.100430
kept,Some strategies of reuse in an object-oriented programming environment,B. M. Lange; Thomas G. Moher,1989,,10.1145/67449.67465,https://openalex.org/W2056617761,supports-claim,"In a single-subject study of a software developer working in an object-oriented programming environment, we found evidence of a development style characterized by pervasive software reuse. The subject employed regular strategies for template selection and coding in her work, and avoided techniques requiring deep understanding of code details or symbolic execution whenever possible. Within the limits of the design of the study, the subject's performance is related to attributes of object-oriented programming and our interpretation of the mature mental model with which she approached her task.",openalex,llm,0.990,unreviewed,,doi:10.1145/67449.67465
kept,An empirical view of inheritance,Michelle Cartwright,1998,Information and Software Technology,10.1016/s0950-5849(98)00105-0,https://openalex.org/W1994196373,qualifies-claim; mekanism,,openalex,llm_reviewed,0.920,confirmed,,doi:10.1016/s0950-5849(98)00105-0
kept,Measuring the Impact of Reuse on Quality and Productivity in Object-Oriented Systems,Walcélio L. Melo; Lionel Briand; Victor Robert Basili,1998,University Libraries (University of Maryland),,https://openalex.org/W1540042109,supports-claim; stod,"This paper presents the results of a study conducted at the University of Maryland in which we assessed the impact of reuse on quality and productivity in OO systems. Reuse is assumed to be a very effective strategy for software industry to build high-quality software. However, there is currently very little empirical information about what we can expect from reuse in terms of productivity and quality gains. This also applies to OO development which is supposed to facilitate reuse. Our experiment is one step towards a better understanding of the benefits of reuse in an OO framework, considering currently available technology. Data was collected, for four months, on the development of eight medium-size management information systems with equivalent requirements. All eight projects were developed using the Waterfall Software Engineering Life Cycle Model, an Object-Oriented (OO) design method and the C++ programming language. This study indicates significant benefits from reuse in terms of reduced defect density and rework as well as increased productivity. (Also cross-referenced as UMIACS-TR-95-2)",openalex,llm_reviewed,0.990,confirmed,,hash:755a22391405c836
discarded,Algebraic reasoning for object-oriented programming,Paulo Henrique Monteiro Borba; Augusto C. A. Sampaio; Ana Cavalcanti; Márcio Cornélio,2004,Science of Computer Programming,10.1016/j.scico.2004.03.003,https://openalex.org/W2002295687,adjacent-subtopic,,openalex,llm,0.950,unreviewed,,doi:10.1016/j.scico.2004.03.003
kept,Assessing the cognitive consequences of the object-oriented approach: A survey of empirical research on object-oriented design by individuals and teams,Françoise Détienne,1997,Interacting with Computers,10.1016/s0953-5438(97)00006-4,https://openalex.org/W2040307845,qualifies-claim; mot,"This paper presents a state-of-the-art review of empirical research on object-oriented (OO) design. Many claims about the cognitive benefits of the OO paradigm have been made by its advocates. These claims concern the ease of designing and reusing software at the individual level as well as the benefits of this paradigm at the team level. Since these claims are cognitive in nature, it seems important to assess them empirically. After a brief presentation of the main concepts of the OO paradigm, the claims about the superiority of OO design are outlined. The core of this paper consists of a review of empirical studies of OO design (OOD). We first discuss results concerning OOD by individuals. On the basis of empirical work, we (1) analyse the design activity of novice OO designers, (2) compare OOD with procedural design and (3) discuss a typology of problems relevant for the OO approach. Then we assess the claims about naturalness and ease of OOD. The next part discusses results on OO software reuse. On the basis of empirical work, we (1) compare reuse in the OO versus the procedural paradigm, (2) discuss the potential for OO software reuse and (3) analyse reuse activity in the OO paradigm. Then we assess claims on reusability. The final part reviews empirical work on OOD by teams. We present results on communication, coordination, knowledge dissemination and interactions with clients. Then we assess claims about OOD at the software design team level. In a general conclusion, we discuss the limitations of these studies and give some directions for future research.",openalex,llm_reviewed,0.970,confirmed,,doi:10.1016/s0953-5438(97)00006-4
discarded,Reconciling responsiveness with performance in pure object-oriented languages,Urs Hölzle; David Ungar,1996,ACM Transactions on Programming Languages and Systems,10.1145/233561.233562,https://openalex.org/W1979823255,adjacent-subtopic,"Dynamically dispatched calls often limit the performance of object-oriented programs, since opject-oriented programming encourages factoring code into small, reusable units, thereby increasing the frequency of these expensive operations. Frequent calls not only slow down execution with the dispatch overhead per se, but more importantly they hinder optimization by limiting the range and effectiveness of standard global optimizations. In particular, dynamically dispatched calles prevent standard interprocedual optimizations that depend on the availability of a static call graph. The SELF implementation described here offers tow novel approaches to optimization. Type feedback speculatively inlines dynamically dispatched calls based on profile information that predicts likely receiver classes. Adaptive optimization reconciles optimizing compilation with interactive performance by incrementally optimizing only the frequently executed parts of a program. When combined, these two techniques result in a system that can execute programs significantly faster than previous systems while retaining much of the interactiveness of an interpreted system.",openalex,llm,0.960,unreviewed,,doi:10.1145/233561.233562
kept,Software reuse using C++ classes,Mark R. Lattanzi; Sallie Marie Henry,1998,Journal of Systems and Software,10.1016/s0164-1212(97)10013-9,https://openalex.org/W1554189957,qualifies-claim; mekanism,,openalex,llm_reviewed,0.940,confirmed,,doi:10.1016/s0164-1212(97)10013-9
discarded,Relational database design using an object-oriented methodology,Michael R. Blaha; William J. Premerlani; James E. Rumbaugh,1988,Communications of the ACM,10.1145/42404.42407,https://openalex.org/W2004053047,adjacent-subtopic,"Of the many approaches to relational database design, the Object Modeling Technique (OMT) is particularly effective. A comprehensive explanation and two applications show the semantic improvement of OMT over other approaches.",openalex,llm,0.970,unreviewed,,doi:10.1145/42404.42407
