status,title,authors,year,venue,doi,url,tags,abstract,provider,decision_source,llm_confidence,llm_review_outcome,llm_change_direction,paper_id
discarded,On use of design patterns in empirical assessment of software design quality,Md. Abul Khaer; M.M.A. Hashem; Md. Raihan Masud,2008,2008 International Conference on Computer and Communication Engineering,10.1109/ICCCE.2008.4580582,https://ieeexplore.ieee.org/document/4580582/,adjacent-subtopic,"This paper describes the results of a statistical analysis where the impact of design patterns on object oriented software system is experimentally evaluated. We used GoF (Gang of Four) design patterns as our assessment criteria. For empirical analysis data is collected from nine different size open source java projects. The results obtained in this experiment show how design quality of software systems can be affected by proper usage of design patterns. In this paper, we also propose an approach for measuring design quality of software using design patterns. We validate our proposed approach against quality metrics based approach.",ieee,llm,0.900,unreviewed,,doi:10.1109/iccce.2008.4580582
discarded,Reuse Metrics for Object-Oriented Method,Xunmei Gu; Jun Shi,2010,2010 2nd International Conference on Information Engineering and Computer Science,10.1109/ICIECS.2010.5678373,https://ieeexplore.ieee.org/document/5678373/,adjacent-subtopic,"Reusing existing software components is a key feature in increasing software productivity. Firstly, this paper analyzed where functional reuse possibly exists from Functional User Requirements based on Function Point Analysis (FPA) and specially introduced the functional level reuse indicator. Then, the mapping rules between IFPUG FPA and Requirements Model are summarized. Synchronously, the counting rules are presented according to Requirements Model and Object Model of Object-Oriented Method to quantify the reused requirements. Finally, we illustrate the reuse metrics procedure in a case study of On-line Bookstore system.",ieee,llm,0.820,unreviewed,,doi:10.1109/iciecs.2010.5678373
discarded,Research opportunities in service reusability of service oriented architecture,G. Shanmugasundaram; V. Prasanna Venkatesan; C. Punitha Devi,2012,"2012 International Conference on Emerging Trends in Science, Engineering and Technology (INCOSET)",10.1109/INCOSET.2012.6513940,https://ieeexplore.ieee.org/document/6513940/,adjacent-subtopic,"Today's enterprises concentrate on rendering services, and adopting these services stress upon quality. Attributes pertaining to quality are the main focus of these services. One such factor contributing much towards quality is reusability. Reusability can be thought of in all services including business services. Enterprise business process are broken into business tasks, and converted into business services respectively. Making business services to be reusable is one way to obtain quality in them. Reusability evolved from object oriented systems to component based systems and recently into service oriented systems. What level of reusability and to which extent? paved a need to measure these non-functional attributes of quality. The objective of this paper is to explore the research opportunities in Service reusability of SOA systems. A detailed review is done towards the works on reusability. We have proposed a methodology which is to be adopted to address the research problem.",ieee,llm,0.980,unreviewed,,doi:10.1109/incoset.2012.6513940
discarded,A distributed laboratory based on object-oriented measurement systems,P. Arpaia; F. Cennamo; P. Daponte; M. Savastano,1996,Quality Measurement: The Indispensable Bridge between Theory and Reality (No Measurements? No Science! Joint Conference - 1996: IEEE Instrumentation and Measurement Technology Conference and IMEKO Tec,10.1109/IMTC.1996.507342,https://ieeexplore.ieee.org/document/507342/,adjacent-subtopic,"This paper aims to demonstrate how new network and software technologies are a suitable basis for building a geographically distributed measurement laboratory. An architecture characterized by high reconfigurability, modularity, extendibility and reusability is proposed. The hardware and software solutions are discussed in details. The effectiveness of the proposed architecture is experimentally illustrated by an actual implementation.",ieee,llm,0.880,unreviewed,,doi:10.1109/imtc.1996.507342
discarded,An empirical study of software reuse with special attention to Ada,Nam-Yong Lee; C.R. Litecky,1997,IEEE Transactions on Software Engineering,10.1109/32.629492,https://ieeexplore.ieee.org/document/629492/,adjacent-subtopic,"Over the past several decades, numerous software technologies have been developed for overcoming the software crisis. Among these technologies, reuse has been recognized as one of the most important software technologies. Recently, it has gained substantial attention as a possible solution to the software crisis in Ada and other software communities. The purpose of this empirical study is to examine how organizations actually exploit reuse technologies and evaluates how reuse factors affect the rate of reuse in an organization. This study is an attempt to enhance the measurement of the rate of reuse and the effectiveness of reuse by establishing conceptual foundations in the literature for reuse and conducting an empirical investigation of organizations using Ada technology. This study differentiated software reuse into six criteria: domain, human, tool, organization, software metrics, and environment. The results of this study show that the rate of reuse significantly depends upon reuse capability, software development effort, object-oriented design capability, repository development effort, Ada technology capability, and domain capability.",ieee,llm,0.860,unreviewed,,doi:10.1109/32.629492
discarded,Aspect Oriented-based Software Synchronization in Automatic Measurement Systems,Pasquale Arpaia; Mario Luca Bernardi; Giuseppe Di Lucca; Vitaliano Inglese; Giovanni Spiezia,2008,2008 IEEE Instrumentation and Measurement Technology Conference,10.1109/IMTC.2008.4547321,https://ieeexplore.ieee.org/document/4547321/,adjacent-subtopic,"An aspect-oriented approach to software synchronization in automatic measurement systems is proposed. Tasks are synchronized by means of ""aspects "", a specific software unit to better modularize issues transversal to many modules (""crosscutting concerns""). In this way, maintainability and reusability of a measurement software are improved: once a modification in the synchronization policy occurs, only the related aspects have to be modified. As a case study, this technique is applied to the software synchronization of motors for actuators in a generic measurement station.",ieee,llm,0.930,unreviewed,,doi:10.1109/imtc.2008.4547321
discarded,A proposed reusability attribute model for aspect oriented software product line components,Fazal-e-Amin; Ahmad Kamil Mahmood; Alan Oxley,2010,2010 International Symposium on Information Technology,10.1109/ITSIM.2010.5561503,https://ieeexplore.ieee.org/document/5561503/,adjacent-subtopic,"Reusability assessment is vital for software product line due to reusable nature of its core components. Reusability being a high level quality attribute is more relevant to the software product lines as the entire set of individual products depend on the software product line core assets. Recent research proposes the use of aspect oriented techniques for product line development to provide better separation of concerns, treatment of crosscutting concerns and variability management. There are quality models available which relate the software reusability to its attributes. These models are intended to assess the reusability of software or a software component. The assessment of aspect oriented software and a core asset differs from the traditional software or component. There is need to develop a reusability model to relate the reusability attributes of aspect oriented software product line assets. This research work is an effort towards the development of reusability attribute model for software product line development using aspect oriented techniques.",ieee,llm,0.970,unreviewed,,doi:10.1109/itsim.2010.5561503
discarded,Tool for calculating reusability of object oriented programs,Sumit Kumar; Rama Chaudhary; Avinash Kumar Sharma; Akash Punhani,2012,"2012 2nd IEEE International Conference on Parallel, Distributed and Grid Computing",10.1109/PDGC.2012.6449930,https://ieeexplore.ieee.org/document/6449930/,adjacent-subtopic,Software reuse increases the productivity and reduces the cost and improves the Quality of the software development. Reusability is one of the most important quality characteristic. Therefore it is necessary to measure the reusability of the module in order to realize the reuse of module effectively. By reuse the module of existing software has increased in past recent year which impact more on the software quality. Many measuring reusability methods have been propose for estimating the reusability of module. If any software system using the reusable component from existing System it save the lot of time for developing the software and also cost of the software development. It also increases the performance of the software and aim of the any software organization is giving the product with good quality and low cost as soon as possible. If we reuse the oldest module which is already develop in new system it increase the productivity because effort of the programmer is reduce and it correctness is also increase because exist system already tested. Problem is that which module or component is more suitable in oldest software for reuse. In this thesis we developing the tool which is calculating the reusability for the object oriented program and display existing module is acceptable for reuse or not.,ieee,llm,0.910,unreviewed,,doi:10.1109/pdgc.2012.6449930
discarded,A Reusability Evaluation Suite for Cloud Services,Sang Hun Oh; Hyun Jung La; Soo Dong Kim,2011,2011 IEEE 8th International Conference on e-Business Engineering,10.1109/ICEBE.2011.27,https://ieeexplore.ieee.org/document/6104606/,adjacent-subtopic,"In cloud computing, service providers develop and deploy services with common and reusable features among various applications, service consumers locate and reuse them in building their applications. Hence, reusability is a key intrinsic characteristic of cloud services. Services with high reusability would yield high return-on-investment. Cloud services have characteristics which do not appear in conventional programming paradigms, existing quality models for software reusability would not applicable to services. In this paper, we propose a reusability evaluation suite for cloud services, which includes quality attributes and metrics. A case study is presented to show its applicability.",ieee,llm,0.970,unreviewed,,doi:10.1109/icebe.2011.27
discarded,Tool-based quality management in object-oriented software development,R.R. Dumke; I. Kuhrau,1994,Proceedings of 3rd Symposium on Assessments of Quality Software Development Tools,10.1109/AQSDT.1994.315754,https://ieeexplore.ieee.org/document/315754/,adjacent-subtopic,"Describes a tool-based metrication method for object-oriented software development. This approach is based on the notions of the ""compactness of software development"" and the ""total measurement framework"". The first step of the application of this approach was given for the OOA/OOD/OOP method of Coad and Yourdon (1991) and its usefulness is discussed. The object-oriented programming (OOP) is based on Smalltalk, but the results can be used for measurement-based OOP in C++.<>",ieee,llm,0.900,unreviewed,,doi:10.1109/aqsdt.1994.315754
discarded,Validation of CK Metrics for Object Oriented Design Measurement,U.L. Kulkarni; Y.R. Kalshetty; Vrushali G. Arde,2010,2010 3rd International Conference on Emerging Trends in Engineering and Technology,10.1109/ICETET.2010.159,https://ieeexplore.ieee.org/document/5698406/,adjacent-subtopic,"Since object oriented system is becoming more pervasive, it is necessary that software engineers have quantitative measurements for accessing the quality of designs at both the architectural and components level. These measures allow the designer to access the software early in the process, making changes that will reduce complexity and improve the continuing capability of the product. Object oriented design metrics is an essential part of software engineering. This paper presents a case study of applying design measures to assess software quality. Six Java based open source software systems are analyzed using CK metrics suite to find out quality of the system and possible design faults that will reversely affect different quality parameters such as reusability, understandability, testability, maintainability. This paper also presents general guidelines for interpretation of reusability, understandability, testability, maintainability in the context of selected projects.",ieee,llm,0.800,unreviewed,,doi:10.1109/icetet.2010.159
discarded,The analysis of software metrics for design complexity and its impact on reusability,Aditya Pratap Singh; Pradeep Tomar,2016,2016 3rd International Conference on Computing for Sustainable Global Development (INDIACom),,https://ieeexplore.ieee.org/document/7724972/,supports-claim; adjacent-subtopic,"Reusability and complexity of software are key features of software quality. Such design metrics are considered to have potential for improvement of software quality and developer productivity. This study performs analysis of Object-Oriented design complexity metrics and its relation with reusability. To be precise the paper considers the most cited Chidamber and Kemerer (CK) metric suite. This study provides empirical evidence in support of the role of design metrics specially CK metrics in estimating reusability of software components. In this paper the competence and effectiveness of machine learning regression techniques are also examined. An experiment is performed to analyze comparative study of Multi linear regression, Model Tree M5P, Meta-learning scheme Additive Regression and Isotonic Regression. This experiment is performed by using data values from projects existing in real world. The results indicate that the complexity is considerably associated with reusability of software. For this study the paper uses Weka tool. The paper believes that the results from this study provide significant suggestions for designing high quality software applications using Object-Oriented and Component-Based approach and identifies the better regression algorithm for reusability estimation using complexity metrics.",ieee,llm_reviewed,0.830,changed,kept->discarded,hash:a909d4063f340762
discarded,Decoupling Metrics for Services Composition,Kai Qian; Jigang Liu; F. Tsui,2006,"5th IEEE/ACIS International Conference on Computer and Information Science and 1st IEEE/ACIS International Workshop on Component-Based Software Engineering,Software Architecture and Reuse (ICIS-COMSAR'06)",10.1109/ICIS-COMSAR.2006.30,https://ieeexplore.ieee.org/document/1651968/,adjacent-subtopic,"Service technology is a component-oriented SOAP based interoperable technology widely adopted in Enterprise Application Integration (EAI) and Business to Business (B2B). The decoupling is one of the most important features of service components that make Web services successful in the future. Software measurement plays an important role in today's software development. Decoupling metrics can be used to measure and evaluate the decoupling attributes of a distributed service oriented software architecture that has very significant impacts on the understandability, maintainability, reliability, testability, and reusability of software components. The decoupling metrics can also be used as a criterion for selection of existing service components for compositions. Many measurement metrics for decoupling have been proposed, however most measures are not specific for service component decoupling. This paper provides a practical guide for evaluating decoupling between service-oriented components in the service composition such as Business Process Execution Language (BEPL). A lower decoupled distributed software application will be much easy to understand, update, and expand in the future Coupling was originally defined as the measure of the strength of association established by a connection from one module to another. Most of the existing techniques and measuring coupling metrics are classified by procedural programming and object-oriented programming. In this paper we propose a decoupling metrics based on the black-box parameters of service stateness (stateless/stateful), interaction (one-way, twoway), service interface required(, service interface provided(supporting/supported interface), invocation modes(sync/async), self-containment(stand-alone/indirect dependent), implicit invocation (blocking/non-blocking), and binding modes(static/dynamic).",ieee,llm,0.980,unreviewed,,doi:10.1109/icis-comsar.2006.30
discarded,Object-Oriented Analysis and Design with Applications,Grady Booch,1990,,,https://openalex.org/W2986348978,adjacent-subtopic,I. CONCEPTS. 1. Complexity. The Inherent Complexity of Software. The Structure of Complex Systems. Bringing Order to Chaos. On Designing Complex Systems. Sidebar: Categories of Analysis and Design Methods. 2. The Object Model. The Evolution of the Object Model. Elements of the Object Model. Applying the Object Model. Sidebar: Foundations of the Object Model. 3. Classes and Objects. The Nature of an Object. Relationships Among Objects. The Nature of a Class. Relationships Among Classes. The Interplay of Classes and Objects. On Building Quality Classes and Objects. Sidebar: Invoking a Method. 4. Classification. The Importance of Proper Classification. Identifying Classes and Objects. Key Abstractions and Mechanisms. Sidebar: A Problem of Classification. II. THE METHOD. 5 .The Notation. Elements of the Notation. Class Diagrams. State Transition Diagrams. Object Diagrams. Interaction Diagrams. Module Diagrams. Process Diagrams. Applying the Notation. 6 .The Process. First Principles. The Micro Development Process. The Macro Development Process. 7. Pragmatics. Management and Planning. Staffing. Release Management. Reuse. Quality Assurance and Metrics. Documentation. Tools. Special Topics. The Benefits and Risks of Object-Oriented Development. III. APPLICATIONS. 8. Data Acquisition: Weather Monitoring Station. Analysis. Design. Evolution. Maintenance. Sidebar: Weather Monitorint Station Requirements. 9. Frameworks: Foundation Class Library. Analysis. Design. Evolution. Maintenance. Sidebar: Foundation Class Library Requirements. 10. Client/Server Computing: Inventory Tracking. Analysis. Design. Evolution. Maintenance. Sidebar: Inventory Tracking System Requirements. 11. Artificial Intelligence Cryptanalysis. Analysis. Design. Evolution. Maintenance. Sidebar: Cryptanalysis Requirements. 12. Command and Control Traffic Management. Analysis. Design. Evolution. Maintenance. Sidebar: Traffic Management System Requirements. Afterword. Appendix: Object-Oriented Programming Languages. A.1 Concepts. A.2 Smalltalk. A.3 Object Pascal. A.4 C++. A.5 Common Lisp Object System. A.6 Ada. A.7 Eiffel. A.8 Other Object-Oriented Programming Languages. Notes. Glossary. Classified Bibliography. A. Classification. B. Object-Oriented Analysis. C. Object-Oriented Applications. D. Object-Oriented Architectures. E. Object Oriented Databases. F. Object-Oriented Design. G. Object-Oriented Programming. H. Software Engineering. I. Special References. J. Theory. K. Tools and Environments. Index. 0805353402T04062001,openalex,llm,0.970,unreviewed,,hash:87a87c594a228f3e
