status,title,authors,year,venue,doi,url,tags,abstract,provider,decision_source,llm_confidence,llm_review_outcome,llm_change_direction,paper_id
discarded,Object-oriented refactoring process design for the software reuse,Jong-Ho Lee; Nam-Yong Lee; Sung-Yul Rhew,2001,ISIE 2001. 2001 IEEE International Symposium on Industrial Electronics Proceedings (Cat. No.01TH8570),10.1109/ISIE.2001.931786,https://ieeexplore.ieee.org/document/931786/,adjacent-subtopic,"The company invests its time and money for temporary maintenance to satisfy the fast change of the computer use environment and the user's demands. Therefore, various problems occur including low performance because of duplication of codes and unstable structures from the restructuring and redevelopment. Furthermore, if a developer, who did not participate in the initial process of development, wrote additional program codes to upgrade or restructure, it would cause many problems such as lack or loss of development documentation, understanding of documentation and reuse of existing program language. This study, object-oriented refactoring process, suggests that the developers can reuse an object unit to overcome the limit of the reuse code. In addition, developers are also able to have positive results such as improvement of system performance, a decrease in the cost of development and maintenance, and optimizing structure and class by adjusting the project called ""D2D/sup TM/"", which is a case tool for developing Windows system from Company D.",ieee,llm,0.660,unreviewed,,doi:10.1109/isie.2001.931786
kept,The Hierarchical Dependence Diagram: improving design for reuse in object-oriented software development,Jian Chen; Iwan Tjuwito Chau,1996,Proceedings of 1996 Australian Software Engineering Conference,10.1109/ASWEC.1996.534132,https://ieeexplore.ieee.org/document/534132/,qualifies-claim,"Object-oriented paradigm promises a high level of reusability in software development. However, by just selecting an object-oriented programming language does not guarantee achieving highly reusable software components. Reusable components have to be designed carefully from the early stage of software development. Among many proposed guidelines for improving software reusability, ""class independence"" is regarded as an important criterion. The guidelines in this category state that the less dependence the class is, the more reusable the class is. However we argue that the use of these guidelines is often very difficult to follow consistently within a group of designers during the design process. This is because the implementation of such guidelines is highly based on individual designer's interpretation and experience. Another problem is that such guidelines are difficult to apply to a large software system, which may consist of hundreds or even thousands of classes. This paper describes a new notation, called the Hierarchical Dependence Diagram (HDD), to support a more systematic use of ""components independence"" guidelines by extending reusable classes to ""clusters"", ""libraries"", and ""platforms"". Our work establishes a solid basis for tool support for improving reusability and can be more effectively applied to the development of large object-oriented software systems.",ieee,llm,0.920,unreviewed,,doi:10.1109/aswec.1996.534132
discarded,A hierarchical test case prioritization technique for object oriented software,Vedpal; Naresh Chauhan; Harish Kumar,2014,2014 International Conference on Contemporary Computing and Informatics (IC3I),10.1109/IC3I.2014.7019794,https://ieeexplore.ieee.org/document/7019794/,adjacent-subtopic,"Software reuse is the use of existing artifacts to create new software. Inheritance is the foremost technique of reuse. But the inherent complexity due to inheritance hierarchy found in object - oriented paradigm also affect testing. Every time any change occurs in the software, new test cases are added in addition to the existing test suite. So there is need to conduct effective regression testing having less number of test cases to reduce cost and time. In this paper a hierarchical test case prioritization technique is proposed wherein various factors have been considered that affect error propagation in the inheritance. In this paper prioritization of test cases take place at two levels. In the first level the classes are prioritized and in the second level the test cases of prioritized classes are ordered. To show the effectiveness of proposed technique it was applied and analyze on a C++ program.",ieee,llm,0.950,unreviewed,,doi:10.1109/ic3i.2014.7019794
discarded,Leveraging System-of-System Modeling to Explore Massive Reusability for Cislunar Missions,Rodrigo N. Schmitt; Dalia Bekdache; Daniel DeLaurentis,2023,2023 IEEE Aerospace Conference,10.1109/AERO55745.2023.10115990,https://ieeexplore.ieee.org/document/10115990/,off-topic-false-hit,"One of the most exciting developments in commercial space has been the growing amount of reusability in launch systems for cislunar space accessibility. Given this context, this paper models the architecture of near-term collaborative cislunar exploration missions by developing and demonstrating the use of a Model-Based System-of-Systems (SoS) Engineering approach (MBSE) to such problem. The proposed mission architecture aims to enable frequent missions to the Moon at a lower cost than previous mission architectures, such as the Apollo program, by implementing reusable mission elements. The goal of this investigation, then, is to construct a novel framework using MBSE and demonstrate its application by analyzing the trade-off between propellant-motor choice and the degrees of reusability among systems in the Lunar Gateway to lunar surface transit environment. More specifically, Object-Oriented Programming of mission architectures and operations was implemented to estimate mission cost and fuel consumption considering several propulsion systems and refueling strategies. Using the novel methodology proposed, the MBSE diagrams provided valuable high-level abstraction checkpoints that reduced mission design iteration complexity and provided simpler lexicon for multiple stakeholder viewpoints. Additionally, three motors were identified as the most interesting options to minimize mission cost, namely Vinci, Zefiro-9A and XLR- 132, and a proof-of-concept was also developed for the investigation of the effect of refueling strategies in the mission cost, where different portfolios and launch vehicle payload capacities were compared. An estimate of 3 to 4 cycles of transfers from the Gateway to the Moon and back was calculated as the necessary threshold to make the use of a Refueling Element more economical, providing an additional application of the framework to a distinguished emergent factor of the SoS to the mission analyst.",ieee,llm,0.990,unreviewed,,doi:10.1109/aero55745.2023.10115990
discarded,A semantic browser for object oriented program development,P. Grogono; B. Cheung,1992,Proceedings of the Twenty-Fifth Hawaii International Conference on System Sciences,10.1109/HICSS.1992.183275,https://ieeexplore.ieee.org/document/183275/,adjacent-subtopic,"Object-oriented methods allow programmers to construct software with a simple and uniform structure. Object-oriented programs should be simple to maintain and extend. Source code browsers are not sufficient for understanding object-oriented programs. The authors have combined a strongly-typed object-oriented language with an integrated, interactive development environment. For several reasons, they designed the compiler as an integral component of the environment. Coupling the compiler and the browser simplifies symbol table management in the compiler. Conversely, the same coupling ensures that information is semantically checked before the browser displays it. Also, programmers do not have to understand the class hierarchy because the compiler creates class views.<>",ieee,llm,0.960,unreviewed,,doi:10.1109/hicss.1992.183275
discarded,Applying Software Design Patterns in Electromagnetic Field Simulators [EM Programmer's Notebook],Guangran Kevin Zhu,2012,IEEE Antennas and Propagation Magazine,10.1109/MAP.2012.6230741,https://ieeexplore.ieee.org/document/6230741/,qualifies-claim; adjacent-subtopic,"Object-oriented programming has been promoted as a programming style that brings reusability, extensibility, and maintainability to codes. Software design patterns are solutions that address recurring design problems, and are generally considered the most appropriate practice of object-oriented programming. Developing computational electromagnetic software is not devoid of these design problems. This paper identifies three design problems and their corresponding solutions, namely, strategy pattern, observer pattern, and bridge pattern. These design patterns incur computational cost associated with the implementation of objects in the programming languages. They should be judiciously avoided in the solver, and more liberally applied in less computationally demanding components of electromagnetic software.",ieee,llm_reviewed,0.730,changed,kept->discarded,doi:10.1109/map.2012.6230741
discarded,Object oriented framework for real-time image processing on GPU,Nicolas Seiller; Nitin Singhal; In Kyu Park,2010,2010 IEEE International Conference on Image Processing,10.1109/ICIP.2010.5651682,https://ieeexplore.ieee.org/document/5651682/,supports-claim; adjacent-subtopic,"In this paper, we present a framework for efficiently integrating programming resources of both GPU and CPU. We introduce an object oriented framework for GPGPU-based image processing. We illustrate a set of classes exploiting the design and programming advantages of an object oriented language, such as code reusability/extensibility, flexibility, information hiding, and complexity hiding. This class structure is supplemented with shader (GLSL) and kernel (CUDA) programming to facilitate full functionality. We demonstrate the potential of our approach with application scenarios and discuss the framework's performance in terms of programming effort, execution overhead, and speedup factor achieved over CPU.",ieee,llm_reviewed,0.840,changed,kept->discarded,doi:10.1109/icip.2010.5651682
discarded,A method to transform object-oriented design into component-based design using object-Z,Suk Kyung Shin,2005,"Third ACIS Int'l Conference on Software Engineering Research, Management and Applications (SERA'05)",10.1109/SERA.2005.11,https://ieeexplore.ieee.org/document/1563173/,adjacent-subtopic,"It has become a common practice to reuse validated software components to shorten development periods and to increase the software quality. Component-based development is an effective reuse technology, which extensively utilizes object-oriented design (OOD). Therefore, it is an economical approach to generate component-based design (CBD) from OOD. In this paper, we propose techniques for transforming OOD into CBD using Object-Z specifications. We first show how the structural, functional, and dynamic aspects of OOD can be specified in Object-Z. Then, we also present formal specifications of CBD in Component-Z, which is based on Object-Z and used to specify CBD. Using formal specifications of both OOD and CBD, we propose a set of rules for transforming OOD into CBD. By using our approach, OOD can be reused in generating CBD and the resulting CBD can be effectively implemented by utilizing objects in EJB, .NET, or CORBA. Also, this research provides a foundation for automating the transformation of OOD into CBD.",ieee,llm,0.940,unreviewed,,doi:10.1109/sera.2005.11
discarded,An undergraduate course in object-oriented software design,C. Bishop-Clark; J.D. Kiper,1998,FIE '98. 28th Annual Frontiers in Education Conference. Moving from 'Teacher-Centered' to 'Learner-Centered' Education. Conference Proceedings (Cat. No.98CH36214),10.1109/FIE.1998.736798,https://ieeexplore.ieee.org/document/736798/,adjacent-subtopic,"Many software development organizations are adopting object-oriented methodologies as their primary paradigm for software development. The object-oriented method appears to increase programmer productivity, reduce the overall cost of the software and, perhaps most importantly, creates software that promotes reuse and subsequently is easier to modify. Consistent with the change in industry, many universities and industry training organizations are currently in the process of integrating object orientation into their curriculum. There are several approaches including horizontal integration (integrating a small dose of the object orientation into many courses) and vertical integration (having a large dose of the concepts in a single course). In 1996, the Systems Analysis department of Miami University, USA, opted for the latter approach and added a new course to its curriculum. It is a course that is intended to provide some in-depth exposure to object-oriented design and implementation. It should be of particular value to faculty in computer science and information systems departments (both at the 4-year and 2-year institutions) as well as those in industry training organizations who are looking for ways to incorporate the object orientation into their curriculum. In this paper, the authors describe the choices their department made, what worked well, and what needs to be improved.",ieee,llm,0.970,unreviewed,,doi:10.1109/fie.1998.736798
discarded,Parallel object-oriented design in Fortran for beam dynamics simulations,J. Qiang; R.D. Ryne; S. Habib,1999,Proceedings of the 1999 Particle Accelerator Conference (Cat. No.99CH36366),10.1109/PAC.1999.795707,https://ieeexplore.ieee.org/document/795707/,supports-claim; adjacent-subtopic,"In this paper we describe an object-oriented software design approach, using Fortran 90 (F90) and the Message Passing Interface (MPI), for modeling the transport of intense charged particle beams. The object-oriented approach improves the maintainability, reusability, and extensibility of the software, while the use of explicit message passing provides the freedom necessary to achieve high performance. Furthermore, an approach to object-oriented design based on Fortran will help those physicists familiar with procedure-oriented programming to make the transition to object-oriented design. In this paper we describe the implementation of this approach and our success in developing two-dimensional and three-dimensional parallel beam dynamics codes that achieve high performance with only a small overhead associated with the object-oriented design.",ieee,llm_reviewed,0.680,changed,kept->discarded,doi:10.1109/pac.1999.795707
discarded,Component based development for transient stability power system simulation software,H. Suyono; K.M. Nor; S. Yusof,2003,"Proceedings. National Power Engineering Conference, 2003. PECon 2003.",10.1109/PECON.2003.1437409,https://ieeexplore.ieee.org/document/1437409/,supports-claim; adjacent-subtopic,"A component-based development (CBD) approach has become increasingly important in the software industry. Any software that apply the CBD will not only save time and cost through reusability of component, but also have the capability to handle the complex problems. Since CBD design is based on object-oriented programming (OOP), the components with a good quality and reusability can be created, classified and managed for future reuse. The methodology of OOP is based on the real object. The mechanism of OOP such as encapsulation, inheritance, and polymorphism are the advantages that could be used to define real objects associated with the program. This paper focused on the implementation of the CBD to power system transient stability simulation (TSS). There are many methods to solve transient stability problem, but in this paper two methods are applied to solve TSS problems, namely trapezoidal method and modified Euler method. The performance of two approaches, CBD and non CBD applications of power system transient stability simulation is assessed through tests carried out using IEEE data test systems.",ieee,llm_reviewed,0.670,changed,kept->discarded,doi:10.1109/pecon.2003.1437409
discarded,Towards Object-Oriented Design Patterns for Reusability of Learning Objects,P. Mohan; B.K. Daniel,2006,Sixth IEEE International Conference on Advanced Learning Technologies (ICALT'06),10.1109/ICALT.2006.1652620,https://ieeexplore.ieee.org/document/1652620/,off-topic-false-hit,"This paper draws a parallel between the design of learning objects and the design of object-oriented software. It suggests that the reusability and sharability of learning objects depend on improving the design patterns of learning objects. The paper proposes a life cycle approach for the development of learning objects, comprising of well-defined process activities designed to improve the creation of pedagogically effective learning materials",ieee,llm,0.980,unreviewed,,doi:10.1109/icalt.2006.1652620
discarded,An Approach for Cognitive Software Reuse Framework,Sampath Korra; D. Vasumathi; A. Vinayababu,2018,2018 Second International Conference on Intelligent Computing and Control Systems (ICICCS),10.1109/ICCONS.2018.8662897,https://ieeexplore.ieee.org/document/8662897/,adjacent-subtopic,"The process of defining cognitive software describes an approach for cognitive software reuse framework. The concept of cognitive reuse framework will lead to better product quality, reduces cost, time and effort. In the software development process, software reuse offers time-saving potentially in the construction of a new software system. In this research article, we have developed a framework which facilitates cognitive software reuse. The cognitive software reuse is used to provide challenges that are needed for the success of significant management of components. The proposed framework is to automate the structure and features of the components. Such components are said to be normalized because these components are platform independent by applying adaptive software reuse.",ieee,llm,0.890,unreviewed,,doi:10.1109/iccons.2018.8662897
discarded,Methodology and code reuse in the verification of telecommunication SOCs,O. Petlin; A. Genusov; L. Wakeman,2000,Proceedings of 13th Annual IEEE International ASIC/SOC Conference (Cat. No.00TH8541),10.1109/ASIC.2000.880699,https://ieeexplore.ieee.org/document/880699/,adjacent-subtopic,"Rapid developments in semiconductor technologies have opened a broad spectrum of opportunities for the telecommunication industry to produce complex systems from a number of predesigned cores on a single chip. System-on-Chip (SOC) designs bring new verification challenges that become critical issues under the 'time-to-market' pressure. The reuse of verification code and methodology is a major factor providing significant reduction of the overall verification costs. A high-level description of the C-based verification system used for the verification and co-simulation of telecommunication SOCs is described in this paper. The verification core is based on the TestBenchPlus (TBP) software developed by ASIC Alliance Corp. The C language abstraction level, combined with a set of predesigned low-level C and VHDL routines, creates powerful verification framework. The proposed verification methodology has proven to be reusable across a number of projects with the leading producers of telecommunication SOCs. The verification system reusability is provided by a flexible user interface, environment structure, testbench design and verification methodology.",ieee,llm,0.790,unreviewed,,doi:10.1109/asic.2000.880699
discarded,Object-oriented technology transfer to multiprocessor system-level synthesis,Pan-Ann Hsiung; Trong-Yen Lee; Sao-Jie Chen,1997,Proceedings. Technology of Object-Oriented Languages. TOOLS 24 (Cat. No.97TB100240),10.1109/TOOLS.1997.713555,https://ieeexplore.ieee.org/document/713555/,adjacent-subtopic,"Technology transfers between software and hardware engineering date back to a decade and a half. Object-oriented technology from software engineering is one such successful transfer to hardware design. There is a natural correspondence between object-oriented concepts and hardware design. The work presented in this paper extends the basic application of object-oriented technology to system-level synthesis such that not only system modeling uses object-oriented technology, but the synthesis process itself is object-oriented. The basic object-oriented structures required for synthesis are defined. How designs can be reused by storing them in a design database and then retrieving them is explained. A simple implementation along with application example illustrates how object-oriented technology increases component design manageability, enforces synthesis efficiency, and saves design time and effort through the reuse of complete subsystems.",ieee,llm,0.800,unreviewed,,doi:10.1109/tools.1997.713555
