status,title,authors,year,venue,doi,url,tags,abstract,provider,decision_source,llm_confidence,llm_review_outcome,llm_change_direction,paper_id
discarded,Counterfeit Object-oriented Programming: On the Difficulty of Preventing Code Reuse Attacks in C++ Applications,Félix Schuster; Thomas Tendyck; Christopher Liebchen; Lucas Davi; Ahmad‐Reza Sadeghi; Thorsten Holz,2015,,10.1109/sp.2015.51,https://openalex.org/W1538332098,off-topic-false-hit,"Code reuse attacks such as return-oriented programming (ROP) have become prevalent techniques to exploit memory corruption vulnerabilities in software programs. A variety of corresponding defenses has been proposed, of which some have already been successfully bypassed -- and the arms race continues. In this paper, we perform a systematic assessment of recently proposed CFI solutions and other defenses against code reuse attacks in the context of C++. We demonstrate that many of these defenses that do not consider object-oriented C++ semantics precisely can be generically bypassed in practice. Our novel attack technique, denoted as counterfeit object-oriented programming (COOP), induces malicious program behavior by only invoking chains of existing C++ virtual functions in a program through corresponding existing call sites. COOP is Turing complete in realistic attack scenarios and we show its viability by developing sophisticated, real-world exploits for Internet Explorer 10 on Windows and Fire fox 36 on Linux. Moreover, we show that even recently proposed defenses (CPS, T-VIP, vfGuard, and VTint) that specifically target C++ are vulnerable to COOP. We observe that constructing defenses resilient to COOP that do not require access to source code seems to be challenging. We believe that our investigation and results are helpful contributions to the design and implementation of future defenses against control flow hijacking attacks.",openalex,llm,1.000,unreviewed,,doi:10.1109/sp.2015.51
discarded,From object-oriented to goal-oriented requirements analysis,John Mylopoulos; Lawrence Chung; Eric S. K. Yu,1999,Communications of the ACM,10.1145/291469.293165,https://openalex.org/W2051028605,adjacent-subtopic,"The article focuses on the object-oriented and goal-oriented requirements analysis. The growing influence of object-oriented programming on programming practice has led to the rise of a new paradigm for system and software requirements analysis, popularly known as object-oriented analysis (OOA). This paradigm adopts ideas from object-oriented programming and blends them with ideas from semantic data modeling and knowledge representation into modeling framework that is more powerful than traditional techniques such as data flow diagrams, structured analysis and the like. The Object-Oriented Systems Analysis technique adopts the Entity-Relationship model to capture the declarative aspects of a software system. OOA is popular because it significantly advances the state of practice in requirements modeling. OOA techniques offer a coherent framework which integrates a comprehensive set of modeling concepts for capturing declarative, behavioral and interactive aspects of a system. In addition, OOA techniques strongly support two structuring mechanisms, generalization and aggregation, in terms of which a modeler can organize and manage the immense amount of information captured by her models.",openalex,llm,0.980,unreviewed,,doi:10.1145/291469.293165
discarded,Concepts and paradigms of object-oriented programming,Peter W. Wegner,1990,ACM SIGPLAN OOPS Messenger,10.1145/382192.383004,https://openalex.org/W2012408028,adjacent-subtopic,"We address the following questions for object-oriented programming: What is it? What are its goals? What are its origins? What are its paradigms? What are its design alternatives? What are its models of concurrency? What are its formal computational models? What comes after object-oriented programming? Starting from software engineering goals, we examine the origins and paradigms of object-oriented programming, explore its language design alternatives, consider its models of concurrency, and review its mathematical models to make them accessible to nonmathematical readers. Finally, we briefly speculate on what may come after object-oriented programming and conclude that it is a robust component-based modeling paradigm that is both effective and fundamental. This paper expands on the OOPSLA 89 keynote talk.",openalex,llm,0.910,unreviewed,,doi:10.1145/382192.383004
kept,Cohesion and reuse in an object-oriented system,James M. Bieman; Byung-Kyoo Kang,1995,ACM SIGSOFT Software Engineering Notes,10.1145/223427.211856,https://openalex.org/W4244561708,qualifies-claim,"We define and apply two new measures of object-oriented class cohesion to a reasonably large C++ system. We find that most of the classes are quite cohesive, but that the classes that are reused more frequently via inheritance exhibit clearly lower cohesion.",openalex,llm,0.950,unreviewed,,doi:10.1145/223427.211856
discarded,Object-Oriented Reengineering Patterns,"Serge Demeyer; Ducasse, Stéphane; Oscar Nierstrasz",2003,Elsevier eBooks,10.1016/b978-1-55860-639-5.x5000-7,https://openalex.org/W2121898992,adjacent-subtopic,,openalex,llm,0.940,unreviewed,,doi:10.1016/b978-1-55860-639-5.x5000-7
discarded,Object-Oriented Software Engineering: Measuring And Controlling The Development Process,Fernando Brito e Abreu; Rogério Carapuça,1994,,10.5281/zenodo.1217608,https://openalex.org/W74649515,adjacent-subtopic,"Although the benefits of Object-Orientation are manifold and it is, for certain, one of the mainstays for software production in the future, it will only achieve widespread practical acceptance when the management aspects of the software development process using this technology are carefully addressed. Here, software metrics play an important role allowing, among other things, better planning, the assessment of improvements, the reduction of unpredictability, early identification of potential problems and productivity evaluation. This paper proposes a set of metrics suitable for evaluating the use of the main abstractions of the Object-Oriented paradigm such as inheritance, encapsulation, information hiding or polymorphism and the consequent emphasis on reuse that, together, are believed to be responsible for the increase in software quality and development productivity. Those metrics are aimed at helping to establish comparisons throughout the practitioners’ community and setting design recommendations that may eventually become organization standards. Some desirable properties for such a metrics set are also presented. Future lines of research are envisaged.",openalex,llm,0.870,unreviewed,,doi:10.5281/zenodo.1217608
discarded,Using design patterns to develop reusable object-oriented communication software,Douglas C. Schmidt,1995,Communications of the ACM,10.1145/226239.226255,https://openalex.org/W1980748308,adjacent-subtopic,"Despite dramatic increases in network and host performance, it remains difficult to design, implement, and reuse communication software for complex distributed systems. Examples of these systems include global personal communication systems, network management platforms, enterprise medical imaging systems, and real-time market data monitoring and analysis systems. In addition, it is often hard to directly reuse existing algorithms, detailed designs, interfaces, or implementations in these systems due to the growing heterogeneity of hardware/software architectures and the increasing diversity of operating system platforms.",openalex,llm,0.700,unreviewed,,doi:10.1145/226239.226255
discarded,The object-oriented systems life cycle,Brian Henderson‐Sellers; Julian M. Edwards,1990,Communications of the ACM,10.1145/83880.84529,https://openalex.org/W2069752849,adjacent-subtopic,"In software engineering, the traditional description of the software life cycle is based on an underlying model, commonly referred to as the “waterfall” model (e.g., [4]). This model initially attempts to discretize the identifiable activities within the software development process as a linear series of actions, each of which must be completed before the next is commenced. Further refinements to this model appreciate that such completion is seldom absolute and that iteration back to a previous stage is likely. Various authors' descriptions of this model relate to the detailed level at which the software building process is viewed. At the most general level, three phases to the life cycle are generally agreed upon: 1) analysis, 2) design and 3) construction/implementation (e.g., [36], p. 262; [42]) (Figure 1(a)). The analysis phase covers from the initiation of the project, through to users-needs analysis and feasibility study (cf. [15]); the design phase covers the various concepts of system design, broad design, logical design, detailed design, program design and physical design. Following from the design stage(s), the computer program is written, the program tested, in terms of verification, validation and sensitivity testing, and when found acceptable, put into use and then maintained well into the future. In the more detailed description of the life cycle a number of subdivisions are identified (Figure 1(b)). The number of these subdivisions varies between authors. In general, the problem is first defined and an analysis of the requirements of current and future users undertaken, usually by direct and indirect questioning and iterative discussion. Included in this stage should be a feasibility study. Following this a user requirements definition and a software requirements specification, (SRS) [15], are written. The users requirements definition is in the language of the users so that this can be agreed upon by both the software engineer and the software user. The software requirements specification is written in the language of the programmer and details the precise requirements of the system. These two stages comprise an answer to the question of WHAT? (viz. problem definition). The user-needs analysis stage and examination of the solution space are still within the overall phase of analysis but are beginning to move toward not only problem decomposition, but also highlighting concepts which are likely to be of use in the subsequent system design; thus beginning to answer the question HOW? On the other hand, Davis [15] notes that this division into “what” and “how” can be subject to individual perception, giving six different what/how interpretations of an example telephone system. At this requirements stage, however, the domain of interest is still very much that of the problem space. Not until we move from (real-world) systems analysis to (software) systems design do we move from the problem space to the solution space (Figure 2). It is important to observe the occurrence and location of this interface. As noted by Booth [6], this provides a useful framework in object-oriented analysis and design. The design stage is perhaps the most loosely defined since it is a phase of progressive decomposition toward more and more detail (e.g., [41]) and is essentially a creative, not a mechanistic, process [42]. Consequently, systems design may also be referred to as “broad design” and program design as “detailed design” [20]. Brookes et al. [9] refer to these phases as “logical design” and “physical design.” In the traditional life cycle these two design stages can become both blurred and iterative; but in the object-oriented life cycle the boundary becomes even more indistinct. The software life cycle, as described above, is frequently implemented based on a view of the world interpreted in terms of a functional decomposition; that is, the primary question addressed by the systems analysis and design is WHAT does the system do viz. what is its function? Functional design, and the functional decomposition techniques used to achieve this, is based on the interpretation of the problem space and its translation to solution space as an interdependent set of functions or procedures. The final system is seen as a set of procedures which, apparently secondarily, operate on data. Functional decomposition is also a top-down analysis and design methodology. Although the two are not synonymous, most of the recently published systems analysis and design methods exhibit both characteristics (e.g., [14, 17]) and some also add a real-time component (e.g., [44]). Top-down design does impose some discipline on the systems analyst and program designer; yet it can be criticized as being too restrictive to support contemporary software engineering designs. Meyer [29] summarizes the flaws in top-down system design as follows: 1. top-down design takes no account of evolutionary changes; 2. in top-down design, the system is characterized by a single function—a questionable concept; 3. top-down design is based on a functional mindset, and consequently the data structure aspect is often completely neglected; 4. top-down design does not encourage reusability. (See also discussion in [41], p. 352 et seq.)",openalex,llm,0.960,unreviewed,,doi:10.1145/83880.84529
discarded,Incremental testing of object-oriented class structures,Mary Jean Harrold; John D. McGregor; Kevin J. Fitzpatrick,1992,,10.1145/143062.143093,https://openalex.org/W2164722319,adjacent-subtopic,"Although there is much interest in creating libraries of well-designed, thoroughly-tested classes that can be confidently reused for many applications, few class testing techniques have been developed.In this paper, we present a class testing technique that exploits the hierarchical nature of the inheritance relation to test related groups of classes by reusing the testing information for a parent class to guide the testing of a subclass.We initially test base classes having no parents by designing a test sui~e that tests each member fmction individually and also tests the interactions among member functions.To &sign a test suite for a subclass, our algorithm incrementally up~tes the history of its parent to reject both the modijied, inherited attributes and the subclass's newly akjined attributes.Only those new attributes or @'cted, inherited attributes are tested and the parent class' test suites are reused, if possible, for the testing.Inherited attributes are retested in their new context in a subclass by testing their interactions with the subclass's newly dejined attributes.We have incorporated a data jlow tester into Free Software Founalzion, Inc's C-++ compilers and are using it for our experimentation.",openalex,llm,0.900,unreviewed,,doi:10.1145/143062.143093
discarded,On the notion of inheritance,Antero Taivalsaari,1996,ACM Computing Surveys,10.1145/243439.243441,https://openalex.org/W2170352783,qualifies-claim; adjacent-subtopic,"One of the most intriguing—and at the same time most problematic—notions in object-oriented programing is inheritance . Inheritance is commonly regarded as the feature that distinguishes object-oriented programming from other modern programming paradigms, but researchers rarely agree on its meaning and usage. Yet inheritance of often hailed as a solution to many problems hampering software development, and many of the alleged benefits of object-oriented programming, such as improved conceptual modeling and reusability, are largely credited to it. This article aims at a comprehensive understanding of inheritance, examining its usage, surveying its varieties, and presenting a simple taxonomy of mechanisms that can be seen as underlying different inheritance models.",openalex,llm_reviewed,0.950,changed,kept->discarded,doi:10.1145/243439.243441
discarded,Empirical Study of Object-Oriented Metrics.,K.K. Aggarwal; Yogesh Singh; Arvinder Kaur; Ruchika Malhotra,2006,The Journal of Object Technology,10.5381/jot.2006.5.8.a5,https://openalex.org/W2157051058,adjacent-subtopic,"The increasing importance of software measurement has led to development of new software measures.Many metrics have been proposed related to various constructs like class, coupling, cohesion, inheritance, information hiding and polymorphism.But there is a little understanding of the empirical hypotheses and application of many of these measures.It is often difficult to determine which metric is more useful in which area.As a consequence, it is very difficult for project managers and practitioners to select measures for object-oriented systems.In this paper we investigate 22 metrics proposed by various researchers.The metrics are first defined and then explained using practical applications.They are applied on standard projects on the basis of which descriptive statistics, principal component analysis and correlation analysis is presented.Finally, a review of the empirical study concerning chosen metrics and subset of these measures that provide sufficient information is given and metrics providing overlapping information are excluded from the set.",openalex,llm,0.940,unreviewed,,doi:10.5381/jot.2006.5.8.a5
discarded,An object-oriented language-database integration model: The composition-filters approach,Mehmet Akşit; Lodewijk Bergmans; Sinan Vural,2006,Lecture notes in computer science,10.1007/bfb0053047,https://openalex.org/W2114696172,adjacent-subtopic,,openalex,llm,0.950,unreviewed,,doi:10.1007/bfb0053047
discarded,Gradient-based learning applied to document recognition,Yann LeCun; Léon Bottou; Yoshua Bengio; Patrick Haffner,1998,Proceedings of the IEEE,10.1109/5.726791,https://openalex.org/W2112796928,off-topic-false-hit,"Multilayer neural networks trained with the back-propagation algorithm constitute the best example of a successful gradient based learning technique. Given an appropriate network architecture, gradient-based learning algorithms can be used to synthesize a complex decision surface that can classify high-dimensional patterns, such as handwritten characters, with minimal preprocessing. This paper reviews various methods applied to handwritten character recognition and compares them on a standard handwritten digit recognition task. Convolutional neural networks, which are specifically designed to deal with the variability of 2D shapes, are shown to outperform all other techniques. Real-life document recognition systems are composed of multiple modules including field extraction, segmentation recognition, and language modeling. A new learning paradigm, called graph transformer networks (GTN), allows such multimodule systems to be trained globally using gradient-based methods so as to minimize an overall performance measure. Two systems for online handwriting recognition are described. Experiments demonstrate the advantage of global training, and the flexibility of graph transformer networks. A graph transformer network for reading a bank cheque is also described. It uses convolutional neural network character recognizers combined with global training techniques to provide record accuracy on business and personal cheques. It is deployed commercially and reads several million cheques per day.",openalex,llm,1.000,unreviewed,,doi:10.1109/5.726791
discarded,Construction of engineering ontologies for knowledge sharing and reuse,W.N. Borst,1997,,10.3990/1.9789036509886,https://openalex.org/W2140923664,off-topic-false-hit,"This thesis describes an investigation into the practical use of ontologies for the development of information systems. Ontologies are formal descriptions of shared knowledge in a domain. An ontology can be used as a specification of an information system because it specifies the knowledge that is required for the tasks the information system has to perform. Sharing and reuse of ontologies across different domains and applications can therefore improve information systems design. Ontologies have been a subject for a lot of research carried out in the artificial intelligence community. Although many ontologies have been developed, they fail to demonstrate that ontologies for large and complex domains can be developed that can be used and reused across different applications. There are three reasons for this: (i) many ontologies have not been used to develop a real-life application, (ii) many ontologies have not been reused for different applications in different domains and (iii)many ontologies are merely taxonomies of domain concepts and fail to capture meta-level and tacit background knowledge. As a result, the question whether ontologies can be used and reused for different real-life applications remains open. The aim of our research has therefore been to find the answer to this question.",openalex,llm,0.960,unreviewed,,doi:10.3990/1.9789036509886
discarded,Software reuse,William B. Frakes; Carol Terry,1996,ACM Computing Surveys,10.1145/234528.234531,https://openalex.org/W2007440247,adjacent-subtopic,"As organizations implement systematic software reuse programs to improve productivity and quality, they must be able to measure their progress and identify the most effective reuse strategies. This is done with reuse metrics and models. In this article we survey metrics and models of software reuse and reusability, and provide a classification structure that will help users select them. Six types of metrics and models are reviewed: cost-benefit models, maturity assessment models, amount of reuse metrics, failure modes models, reusability assessment models, and reuse library metrics.",openalex,llm,0.870,unreviewed,,doi:10.1145/234528.234531
