status,title,authors,year,venue,doi,url,tags,abstract,provider,decision_source,llm_confidence,llm_review_outcome,llm_change_direction,paper_id
discarded,Classification and characterization of host network interface architectures,Bo-Kyun Na; S. Hariri,1998,"1998 IEEE Information Technology Conference, Information Environment for the Future (Cat. No.98EX228)",10.1109/IT.1998.713409,https://ieeexplore.ieee.org/document/713409/,off-topic-false-hit,"The recent advances in high speed network technologies have made parallel and distributed computing over a Network of Workstations (NOW) an attractive and a cost effective computing environment. However, the performance of parallel and distributed applications running on NOW resources suffers from high latency and low throughput even when the network speed is in Megabit or Gegabit per second range. The main reasons for the low performance can be contributed to the design of the host network interface (HNI) and the software mechanisms used to transmit data from the host to the network and vice versa. We review HNI designs and propose a hierarchical taxonomy to characterize and describe the architectures of HNI. The taxonomy consists of two levels of characterization: architectural level and protocol level. In the architectural level, we describe the main components used to implement any HNI and how they interact with each other to perform the HNI functions. In the protocol level, we describe how the software functions (data copying, transport protocol functions, etc.) are mapped into the main HNI components identified at the architecture level. We provide several examples that show how our taxonomy can accurately describe the architectures of HNI and also characterize the performance limitations of any HNI design.",ieee,llm,0.980,unreviewed,,doi:10.1109/it.1998.713409
discarded,Limitations and challenges of computer-aided design technology for CMOS VLSI,R.E. Bryant; Kwang-Ting Cheng; A.B. Kahng; K. Keutzer; W. Maly; R. Newton; L. Pileggi; J.M. Rabaey; A. Sangiovanni-Vincentelli,2001,Proceedings of the IEEE,10.1109/5.915378,https://ieeexplore.ieee.org/document/915378/,off-topic-false-hit,"As manufacturing technology moves toward fundamental limits of silicon CMOS processing, the ability to reap the full potential of available transistors and interconnect is increasingly important. Design technology (DT) is concerned with the automated or semi-automated conception, synthesis, verification, and eventual testing of microelectronic systems. While manufacturing technology faces fundamental limits inherent in physical laws or material properties, design technology faces fundamental limitations inherent in the computational intractability of design optimizations and in the broad and unknown range of potential applications within various design processes. In this paper, we explore limitations to how design technology can enable the implementation of single-chip microelectronic systems that take full advantage of manufacturing technology with respect to such criteria as layout density performance, and power dissipation.",ieee,llm,0.990,unreviewed,,doi:10.1109/5.915378
discarded,Multi-agent sentiment analysis using abstraction-based methodology,Timotius Kevin Levandi; M. M. Inggriani; Nur Ulfa Maulidevi,2014,2014 International Conference on Data and Software Engineering (ICODSE),10.1109/ICODSE.2014.7062703,https://ieeexplore.ieee.org/document/7062703/,supports-claim; adjacent-subtopic,"In this paper we want to develop sentiment analysis as multi-agent system (MAS), thus provides it with abstraction and modularity as a powerful handling against its complexity. Instead of reinventing every possibility of combination to refine the result of sentiment analysis, a number of sentiment analysis agents are released into the system. These agents possess intelligence and will autonomously interact with each other and determine their appropriate behavior to achieve system's goal, which is determining polarity of online opinions. In this paper we propose an alternative approach to develop a multi-agent system using role abstraction, which we call Input-Process-Output (I-P-O). Different from some established methodologies like Gaia, Tropos, or MaSE, I-P-O is considered simpler and faster. I-P-O in our concept is not a traditional information processing structure in which data flow sequentially. It encased roles, dividing it into three niches, each with its own behavior combination that determines how agent communicates and how it is constructed. In this paper we also create agent taxonomy, a hierarchical structure that helps categorizing agents into I-P-O niches of abstraction based on their behavior similarities. I-P-O abstraction based approach has been applied and successfully used to transform object-oriented sentiment analysis into multi-agent system.",ieee,llm_reviewed,0.770,changed,kept->discarded,doi:10.1109/icodse.2014.7062703
discarded,Comparison of Graph-Based Modular Frameworks for Audiovisual Applications,Sven Ubik; Zdenek Travnicek,2018,"2018 25th International Conference on Systems, Signals and Image Processing (IWSSIP)",10.1109/IWSSIP.2018.8439659,https://ieeexplore.ieee.org/document/8439659/,qualifies-claim; adjacent-subtopic,"Graph-based modular frameworks for audio and video processing allow programmers to flexibly design audiovisual applications. In this paper, we look at the four most often used frameworks of this type and evaluate their properties and compare their performance characteristics. Our motivation is to find advantages and limitations of such frameworks for advanced applications, such as 4K video acquisition or low-latency audio processing. We used test samples of video content at three different resolutions and with three variations of video data. Three simple example applications were created. We evaluated CPU and memory requirements, processed frames per second and latency.",ieee,llm_reviewed,0.740,changed,kept->discarded,doi:10.1109/iwssip.2018.8439659
discarded,JAutomate: A Tool for System- and Acceptance-test Automation,Emil Alégroth; Michel Nass; Helena H. Olsson,2013,"2013 IEEE Sixth International Conference on Software Testing, Verification and Validation",10.1109/ICST.2013.61,https://ieeexplore.ieee.org/document/6569758/,adjacent-subtopic,"System- and acceptance-testing are primarily performed with manual practices in current software industry. However, these practices have several issues, e.g. they are tedious, error prone and time consuming with costs up towards 40 percent of the total development cost. Automated test techniques have been proposed as a solution to mitigate these issues, but they generally approach testing from a lower level of system abstraction, leaving a gap for a flexible, high system-level test automation technique/tool. In this paper we present JAutomate, a Visual GUI Testing (VGT) tool that fills this gap by combining image recognition with record and replay functionality for high system-level test automation performed through the system under test's graphical user interface. We present the tool, its benefits compared to other similar techniques and manual testing. In addition, we compare JAutomate with two other VGT tools based on their static properties. Finally, we present the results from a survey with industrial practitioners that identifies test-related problems that industry is currently facing and discuss how JAutomate can solve or mitigate these problems.",ieee,llm,0.930,unreviewed,,doi:10.1109/icst.2013.61
discarded,Towards a Common Interface for Overlay Network Simulators,Christian Gross; Max Lehn; Dominik Stingl; Aleksandra Kovacevic; Alejandro Buchmann; Ralf Steinmetz,2010,2010 IEEE 16th International Conference on Parallel and Distributed Systems,10.1109/ICPADS.2010.33,https://ieeexplore.ieee.org/document/5695586/,supports-claim; adjacent-subtopic,"Simulation has become an important evaluation method in the area of Peer-to-Peer (P2P) research due to the scalability limitations of evaluation test beds such as Planet Lab or G-Lab. Current simulators provide various abstraction levels for different underlay models, such that applications can be evaluated at different granularity. However, existing simulators suffer from a lack of interoperability and portability making the comparison of research results extremely difficult. To overcome this problem, we present an approach for a generic application interface for discrete-event P2P overlay network simulators. It enables porting of the same implementation of a targeted application once and then running it on various simulators as well as in a real network environment, thereby enabling a diverse and extensive evaluation. We established the feasibility of our approach and showed negligible memory and runtime overhead.",ieee,llm_reviewed,0.880,changed,kept->discarded,doi:10.1109/icpads.2010.33
discarded,Cross-Filtered Views for Multidimensional Visual Analysis,Chris Weaver,2010,IEEE Transactions on Visualization and Computer Graphics,10.1109/TVCG.2009.94,https://ieeexplore.ieee.org/document/5204083/,off-topic-false-hit,"Analysis of multidimensional data often requires careful examination of relationships across dimensions. Coordinated multiple view approaches have become commonplace in visual analysis tools because they directly support expression of complex multidimensional queries using simple interactions. However, generating such tools remains difficult because of the need to map domain-specific data structures and semantics into the idiosyncratic combinations of interdependent data and visual abstractions needed to reveal particular patterns and distributions in cross-dimensional relationships. This paper describes: 1) a method for interactively expressing sequences of multidimensional set queries by cross-filtering data values across pairs of views and 2) design strategies for constructing coordinated multiple view interfaces for cross-filtered visual analysis of multidimensional data sets. Using examples of cross-filtered visualizations of data from several different domains, we describe how cross-filtering can be modularized and reused across designs, flexibly customized with respect to data types across multiple dimensions, and incorporated into more wide-ranging multiple view designs. We also identify several important limitations of the approach. The demonstrated analytic utility of these examples suggests that cross-filtering is a suitable design pattern for instantiation in a wide variety of visual analysis tools.",ieee,llm,0.950,unreviewed,,doi:10.1109/tvcg.2009.94
discarded,Evaluating Hardware Abstraction Layer Concepts for Software Defined Vehicles: Insights into Applicability and Effectiveness,Akshay Narla; Johannes Stümpfle; Souvik Saha; Nasser Jazdi; Michael Weyrich,2025,2025 IEEE International Automated Vehicle Validation Conference (IAVVC),10.1109/IAVVC61942.2025.11219503,https://ieeexplore.ieee.org/document/11219503/,off-topic-false-hit,"The emergence of Software-Defined Vehicles (SDVs) represents a fundamental shift in automotive design, prioritizing software-centric architectures over traditional hardware-driven models. SDVs require modularity, interoperability, real-time processing, and over-the-air update capabilities throughout the vehicle lifecycle. However, current vehicle systems, characterized by tightly coupled software and hardware, struggle to meet these demands due to their complexity and heterogeneity. A critical first step toward enabling SDVs is the decoupling of software from hardware, which can be facilitated through a robust Hardware Abstraction Layer (HAL). While existing HALs offer hardware independence and standardized interfaces, their applicability and effectiveness in SDV contexts, characterized by multi-vendor ecosystems, safety-critical requirements, and cloud-edge usage, remain uncertain. This paper systematically evaluates current automotive HALs and explores HAL mechanisms from non-automotive domains—including smartphones, networking, and industrial automation—to extract cross-domain insights relevant to SDV development. A criteria-driven evaluation framework is developed to assess HALs against SDV-specific needs. Findings reveal that while middleware-based HALs offer portability and modularity, hypervisor-based approaches better support safety, OTA readiness, and hardware efficiency. Limitations in both approaches are identified, prompting recommendations for a hybrid HAL design that integrates hypervisor isolation with middleware standardization. This paper contributes to the ongoing developments on automotive software architecture by offering insights into the applicability and effectiveness of current HAL strategies. It provides actionable guidance for designing flexible, scalable, and future-ready HALs to support SDVs across their lifecycle. The study supports industry-wide standardization efforts and aims to ensure long-term adaptability of automotive platforms in a connected and rapidly evolving mobility ecosystem.",ieee,llm,1.000,unreviewed,,doi:10.1109/iavvc61942.2025.11219503
discarded,An OpenXR-Based Interface for Real-Time Sensor Integration in Intelligent Vehicles,Alexander Kraus; Ansgar R. S. Gerlicher; Christian Hackenbeck,2026,2026 IEEE Intelligent Vehicles Symposium (IV),10.1109/IV66570.2026.11624091,https://ieeexplore.ieee.org/document/11624091/,off-topic-false-hit,"Extended Reality (XR) technologies—including Virtual, Augmented, and Mixed Reality, are increasingly applied in the automotive domain for design, training, and human–vehicle interaction. However, their integration into vehicle architectures remains fragmented due to proprietary XR runtimes and non-standardized automotive interfaces. This work presents an OpenXR-based interface for integrating real-time sensors in intelligent vehicles. The proposed abstraction model leverages open standards, including OpenXR, Eclipse KUKSA, and the Vehicle Signal Specification (VSS), to enable modular, cross-platform, and interoperable communication between XR devices and vehicle functions. We implemented a prototype using Unity and OpenXR to support bidirectional communication between XR environments and vehicle systems. Two use cases were evaluated: (1) controlling window regulators via XR interaction, and (2) visualizing ultrasonic sensor data in real time. Experimental results demonstrate reliable bidirectional communication, real-time synchronization of sensor data, and stable performance under typical load conditions. Latency measurements confirm the feasibility of the approach, while stress tests reveal scaling limitations under high parallel request loads. The findings high-light the potential of OpenXR and open automotive standards to enable flexible, real-time XR integration in future intelligent vehicle platforms.",ieee,llm,0.940,unreviewed,,doi:10.1109/iv66570.2026.11624091
discarded,Transaction-level Functional Mockup Units for Cyber-Physical Virtual Platforms,Stefano Centomo; Michele Lora; Franco Fummi,2018,2018 Forum on Specification & Design Languages (FDL),10.1109/FDL.2018.8524083,https://ieeexplore.ieee.org/document/8524083/,qualifies-claim; adjacent-subtopic,"The modelling process of Cyber-physical Systems aggregates semantics and languages tailored to different specific domains. The simulation of these complex systems involves different tools and their coupling requires computational effort. In the last few years both Academy and Industry worked toward the definition of standard interfaces able to overcome such issues. The Functional Mock-up Interface (FMI) standard emerged as one of the most promising tool to easily export and integrate heterogeneous models. However, the standard still shows some weaknesses, particularly when dealing with Functional Mock-up Units (FMUs) describing discrete-event systems. This paper explore the features of the standard to find its shortcomings when dealing with discrete models. Then, it proposes a systematic approach to fully exploit the features of the current standards to overcome such limitations. The solution is based on two concepts: (1) exposing the internal time of the FMUs, and (2) exploits the newly exposed information to implement temporal decoupling. The combination of these two concepts allows to optimize the FMUs coordination algorithms. It reduces the number synchronization points and move the simulation from cycle-accurate to transaction-accurate. The impact of these optimizations is measured on a set of benchmarks having different tread-offs of computation and control.",ieee,llm_reviewed,0.800,changed,kept->discarded,doi:10.1109/fdl.2018.8524083
discarded,An approach towards development of evaluation framework for usability of smartphone applications,Hazwani Rahmat; Hazura Zulzalil; Abdul Azim Abd Ghani; Azrina Kamaruddin,2015,2015 9th Malaysian Software Engineering Conference (MySEC),10.1109/MySEC.2015.7475217,https://ieeexplore.ieee.org/document/7475217/,adjacent-subtopic,"As software and web applications run on the same machine, traditional usability evaluation techniques can be easily conducted for these applications. Whereas, mobile application operates on profoundly different machine and environment; smartphones. The unique characteristics of mobile phones pose challenges in adopting traditional usability evaluation techniques for evaluating usability of mobile applications. This implies that mobile applications also have different properties of user interface compared to software and web application. Thus, adopting traditional usability evaluation methods for mobile applications are prone towards unreliable usability analysis. Previous studies proposed usability evaluation framework for native mobile phone functionalities or physical constraints, limitations and mobility conditions of mobile devices based on user interface widgets. This paper proposed a framework with an integrated approach to usability evaluation for a smartphone app in view of abstraction levels of usability criteria and user interface elements of an app.",ieee,llm,0.950,unreviewed,,doi:10.1109/mysec.2015.7475217
discarded,Engineering Adaptive Model-Driven User Interfaces,Pierre A. Akiki; Arosha K. Bandara; Yijun Yu,2016,IEEE Transactions on Software Engineering,10.1109/TSE.2016.2553035,https://ieeexplore.ieee.org/document/7451279/,adjacent-subtopic,"Software applications that are very large-scale, can encompass hundreds of complex user interfaces (UIs). Such applications are commonly sold as feature-bloated off-the-shelf products to be used by people with variable needs in the required features and layout preferences. Although many UI adaptation approaches were proposed, several gaps and limitations including: extensibility and integration in legacy systems, still need to be addressed in the state-of-the-art adaptive UI development systems. This paper presents Role-Based UI Simplification (RBUIS) as a mechanism for increasing usability through adaptive behavior by providing end-users with a minimal feature-set and an optimal layout, based on the context-of-use. RBUIS uses an interpreted runtime model-driven approach based on the Cedar Architecture, and is supported by the integrated development environment (IDE), Cedar Studio. RBUIS was evaluated by integrating it into OFBiz, an open-source ERP system. The integration method was assessed and measured by establishing and applying technical metrics. Afterwards, a usability study was carried out to evaluate whether UIs simplified with RBUIS show an improvement over their initial counterparts. This study leveraged questionnaires, checking task completion times and output quality, and eye-tracking. The results showed that UIs simplified with RBUIS significantly improve end-user efficiency, effectiveness, and perceived usability.",ieee,llm,0.910,unreviewed,,doi:10.1109/tse.2016.2553035
discarded,The evolution of the SEMAT sensor network management system,Yong Jin Lee; Jarrod Trevathan; Ian Atkinson; Wayne Read; Trina Myers; Ron Johnstone,2011,"2011 Seventh International Conference on Intelligent Sensors, Sensor Networks and Information Processing",10.1109/ISSNIP.2011.6146633,https://ieeexplore.ieee.org/document/6146633/,off-topic-false-hit,"Smart Environmental Measurements and Analysis Technologies (SEMAT) is a multidisplinary project aimed at constructing smart sensor networks that can be deployed in aquatic settings. The SEMAT system has been developed based on the Sensor Abstraction Layer (SAL). SAL is a middleware integration platform which provides an interface for managing sensors, and viewing the sensed data regardless of the technologies involved. SAL has a graphical user interface application tool for user interaction, referred as the SAL-Client. The interface provides remote-access to the functionalities of SAL. However, the existing design for the SAL-Client has many limitations which detracts from its usefulness. This paper introduces the SEMAT sensor network management system and describes how it has evolved from the SAL-Client based on practical usage in a real world deployment. The current system design for SEMAT has been moving forward to provide support for the Open Geospatial Consortium Sensor Web Enablement standards (OGC-SWE) and also the current popular data streaming/buffering technologies. The SEMAT sensor network management system automates the process for data collection, calibration, quality assurance, data management, reports and maintenance.",ieee,llm,0.970,unreviewed,,doi:10.1109/issnip.2011.6146633
