status,title,authors,year,venue,doi,url,tags,abstract,provider,decision_source,llm_confidence,llm_review_outcome,llm_change_direction,paper_id
discarded,Loop-Free and Localized Fast Reroute in Underwater Ad Hoc Networks,Haoran Tang; Rui Han,2026,2026 28th International Conference on Advanced Communications Technology (ICACT),10.23919/ICACT68090.2026.11431571,https://ieeexplore.ieee.org/document/11431571/,off-topic-false-hit,"Underwater ad-hoc networks (UANETs) suffer from slow propagation, high error rates, and sluggish control-plane reaction, making them highly vulnerable to sudden multi-node failures. Stale routes during convergence send packets along obsolete next hops, creating blind zones with cascading losses and severe energy waste, while existing recovery schemes rely on slow signaling, heavyweight computation, or non-trivial overhead that does not fit dynamic underwater conditions. This paper presents UW-LFRR, a lightweight, data-plane-driven fast-recovery mechanism. UW-LFRR constructs a purified local topology view, models failure impact via a severed-branch abstraction, and uses a two-stage relay selection strategy that first searches near the original shortest path and then performs a constrained fallback search inside the affected region. A minimal-overhead firstpacket paving procedure installs temporary forwarding entries along the detour, enabling subsequent packets to bypass the damaged area without additional computation. Results from NS-3 simulations indicate that UW-LFRR achieves loop-free recovery using only local connectivity information with localitybounded computation cost, while maintaining high packetdelivery ratios and low end-to-end delay with substantially reduced control overhead across diverse multi-failure scenarios, demonstrating its practicality for resilient underwater networks.",ieee,llm,0.990,unreviewed,,doi:10.23919/icact68090.2026.11431571
discarded,Elastic Digital Twin Network Modeling fulfilling Twining Dynamic in Network Life Cycle,Shoufeng Wang; Hua-Min Chen; Ye Ouyang; Fan Li; Xuan Chen; Jianchao Guo; Yun Li; Sen Bian; Xidong Wang; Zhanwu Li,2023,2023 IEEE 3rd International Conference on Digital Twins and Parallel Intelligence (DTPI),10.1109/DTPI59677.2023.10365450,https://ieeexplore.ieee.org/document/10365450/,off-topic-false-hit,"Digital Twin (DT) is expected to boost efficiency and save cost, for manuscription, system optimization, maintenance, etc. DT realizes this via experimenting candidate solutions in a replica of physical equipment and environment. In the context of telecommunication, Digital Twin Network (DTN) depicts the replica of physical telecommunication network. However, there are three challenges being debated most for DTN. The first is the differentiated requirements during stages in Network Life Cycle (NLC), and these requirements drive that a single DTN cannot fit in the stages in NLC. The second is the decision delay from DTN. This delay makes current DTN hard to be utilized. The third is the cost on full functional copying physical telecommunication infrastructure and management system. Against all the three challenges above, the Elastic Digital Twin Network Modeling (EDiTNetMdl) is proposed in this paper. EdiTNetMdl treats DTN modeling in hierarchy and levels of abstraction. Class and inheritance are designed for representing telecommunication Network Elements (NE) in hierarchy. NE functions and connections are modeled as methods in Classes, with inheritance hierarchy. Full data acquisition is fulfilled in bottom NE instances, well abstract metadata and function description is provided to high level NE and connections. The reduced processing time of EdiTNetMdl supports more flexibility in network decision making with prediction.",ieee,llm,0.940,unreviewed,,doi:10.1109/dtpi59677.2023.10365450
discarded,Improving software testability with assertion insertion,Hwei Yin; J.M. Bieman,1994,"Proceedings., International Test Conference",10.1109/TEST.1994.528030,https://ieeexplore.ieee.org/document/528030/,adjacent-subtopic,"Executable assertions can be inserted into a program to find software faults. Unfortunately, the process of designing and embedding these assertions can be expensive and time consuming. We have developed the C-Patrol tool to reduce the overhead of using assertions in C programs. C-Patrol allows a developer to reference a set of previously defined assertions, written in virtual C, bind assertion parameters, and direct the placement of the assertions by a pre-processor.",ieee,llm,0.930,unreviewed,,doi:10.1109/test.1994.528030
discarded,Non-intrusive Migration of MPI Processes in OS-Bypass Networks,Simon Pickartz; Carsten Clauss; Stefan Lankes; Stephan Krempel; Thomas Moschny; Antonello Monti,2016,2016 IEEE International Parallel and Distributed Processing Symposium Workshops (IPDPSW),10.1109/IPDPSW.2016.134,https://ieeexplore.ieee.org/document/7530076/,qualifies-claim; adjacent-subtopic,"Load balancing, maintenance, and energy efficiency are key challenges for upcoming supercomputers. An indispensable tool for the accomplishment of these tasks is the ability to migrate applications during runtime. Especially in HPC, where any performance hit is frowned upon, such migration mechanisms have to come with minimal overhead. This constraint is usually not met by current practice adding further abstraction layers to the software stack. In this paper, we propose a concept for the migration of MPI processes communicating over OS-bypass networks such as InfiniBand. While being transparent to the application, our solution minimizes the runtime overhead by introducing a protocol for the shutdown of individual connections prior to the migration. It is implemented on the basis of an MPI library and evaluated using virtual machines based on KVM. Our evaluation reveals that the runtime overhead is negligible small. The migration time itself is mainly determined by the particular migration mechanism, whereas the additional execution time of the presented protocol converges to 2ms per connection if more than a few dozen connections are shut down at a time.",ieee,llm_reviewed,0.880,changed,kept->discarded,doi:10.1109/ipdpsw.2016.134
discarded,Metric-Based Scatternet Formation and Recovery Optimization for Intel Mote,Xin Zhang; Lama Nachman; George F. Riley; Ralph Kling,2006,2006 Third Annual International Conference on Mobile and Ubiquitous Systems: Networking & Services,10.1109/MOBIQ.2006.340452,https://ieeexplore.ieee.org/document/4141805/,off-topic-false-hit,"The Intel Mote is a new sensor node platform with improved radio bandwidth and reliability due to the usage of Bluetooth radio. The connection-oriented nature of Bluetooth raises the issues of effective multi-hop network (scatternet) formation and maintenance that network and routing layer must address on top of the TinyOS abstractions. The hop distance and wireless link quality pose major challenges to multi-hop network performance, especially the connection-oriented networks such as Bluetooth scatternet. In this paper, we present a metric-based scatternet formation algorithm for the Intel Mote, which can optimize the Bluetooth network formation from the hop distance and link quality perspectives. In addition, a smart repair mechanism is proposed to deal with link/node failure and recover the network connectivity promptly with low overhead. The experiments with the Intel Mote platform demonstrate the effectiveness of the optimizations, which make the platform more powerful",ieee,llm,0.970,unreviewed,,doi:10.1109/mobiq.2006.340452
discarded,Hedgehog: Understandable Scheduler-Free Heterogeneous Asynchronous Multithreaded Data-Flow Graphs,Alexandre Bardakoff; Bruno Bachelet; Timothy Blattner; Walid Keyrouz; Gerson C. Kroiz; Loïc Yon,2020,2020 IEEE/ACM 3rd Annual Parallel Applications Workshop: Alternatives To MPI+X (PAW-ATM),10.1109/PAWATM51920.2020.00006,https://ieeexplore.ieee.org/document/9306983/,adjacent-subtopic,"Getting performance on high-end heterogeneous nodes is challenging. This is due to the large semantic gap between a computation's specification-possibly mathematical formulas or an abstract sequential algorithm-and its parallel implementation; this gap obscures the program's parallel structures and how it gains or loses performance. We present Hedgehog, a library aimed at coarse-grain parallelism. It explicitly embeds a dataflow graph in a program and uses this graph at runtime to drive the program's execution so it takes advantage of hardware parallelism (multicore CPUs and multiple accelerators). Hedgehog has asynchronicity built in. It statically binds individual threads to graph nodes, which are ready to fire when any of their inputs are available. This allows Hedgehog to avoid using a global scheduler and the loss of performance associated with global synchronizations and managing of thread pools. Hedgehog provides a separation of concerns and distinguishes between compute and state maintenance tasks. Its API reflects this separation and allows a developer to gain a better understanding of performance when executing the graph. Hedgehog is implemented as a C++ 17 headers-only library. One feature of the framework is its low overhead; it transfers control of data between two nodes in ≈ 1 μs. This low overhead combines with Hedgehog's API to provide essentially cost-free profiling of the graph, thereby enabling experimentation for performance, which enhances a developer's insight into a program's performance. Hedgehog's asynchronous data-flow graph supports a data streaming programming model both within and between graphs. We demonstrate the effectiveness of this approach by highlighting the performance of streaming implementations of two numerical linear algebra routines, which are comparable to existing libraries: matrix multiplication achieves >95 % of the theoretical peak of 4 GPUs; LU decomposition with partial pivoting starts streaming partial final result blocks 40× earlier than waiting for the full result. The relative ease and understandability of obtaining performance with Hedgehog promises to enable non-specialists to target performance on high-end single nodes.",ieee,llm,0.750,unreviewed,,doi:10.1109/pawatm51920.2020.00006
discarded,rainmaker-rs: A Cross-Platform Rust Implementation of RainMaker for ESP and Linux Devices,Shreyash Bubane; Ratnamala Paswan; Chinmay Dixit; Akshay Lahoti; Mukta Takalikar; Rekha Kulkarni,2025,"2025 9th International Conference on Computing, Communication, Control and Automation (ICCCBEA)",10.1109/ICCUBEA65967.2025.11284263,https://ieeexplore.ieee.org/document/11284263/,adjacent-subtopic,"RainMaker is a popular platform for building and managing IoT devices. This paper presents rainmakerrs, a Rust-based implementation of the RainMaker protocol, designed to be cross-platform and support both ESP microcontrollers and Linux-based systems. Leveraging Rust's safety and performance characteristics, rainmaker-rs provides a robust and efficient solution for IoT device development. The implementation utilizes Cargo.toml compiler arguments to facilitate platform-specific builds, enhancing flexibility and maintainability. The project is published on crates.io as rainmaker and rainmaker-components, and its source code is available on GitHub at https://github.com/rainmaker-rs/rainmaker. This paper details the architecture and implementation of rainmakerrs, demonstrating its efficacy in diverse IoT applications while emphasizing safety, modularity, and cross-platform capabilities. Future work will evaluate runtime memory overhead across different ESP devices and extend cloud synchronization features to match Espressif RainMaker's full API set.",ieee,llm,0.910,unreviewed,,doi:10.1109/iccubea65967.2025.11284263
discarded,Constrained agglomerative hierarchical software clustering with hard and soft constraints,Chun Yong Chong; Sai Peck Lee,2015,2015 International Conference on Evaluation of Novel Approaches to Software Engineering (ENASE),,https://ieeexplore.ieee.org/document/7320352/,adjacent-subtopic,"Although agglomerative hierarchical software clustering technique has been widely used in reverse engineering to recover a high-level abstraction of the software in the case of limited resources, there is a lack of work in this research context to integrate the concept of pair-wise constraints, such as must-link and cannot-link constraints, to further improve the quality of clustering. Pair-wise constraints that are derived from experts or software developers, provide a means to indicate whether a pair of software components belongs to the same functional group. In this paper, a constrained agglomerative hierarchical clustering algorithm is proposed to maximize the fulfilment of must-link and cannot-link constraints in a unique manner. Two experiments using real-world software systems are performed to evaluate the effectiveness of the proposed algorithm. The result of evaluation shows that the proposed algorithm is capable of handling constraints to improve the quality of clustering, and ultimately provide a better understanding of the analyzed software system.",ieee,llm,0.920,unreviewed,,hash:e5c25fdf6c0235cd
discarded,A service acquisition mechanism for server-based heterogeneous distributed systems,R.N. Chang; C.V. Ravishankar,1994,IEEE Transactions on Parallel and Distributed Systems,10.1109/71.265943,https://ieeexplore.ieee.org/document/265943/,supports-claim; adjacent-subtopic,"This paper presents a mechanism that facilitates and enhances the use of independently administered remote network servers in the presence of server interface heterogeneity. The mechanism is designed under the client-service model, which extends the client-server model with an abstraction of service to decouple abstract server capabilities from concrete server interface specifics such as server interface binding protocols and the interface operation invocation protocols. The mechanism selects servers, accommodates server interface heterogeneity, and handles server access failures as per the abstract server capabilities desired by the client. It could return the identity of the server used for each service access invocation to facilitate billing, refining service specifications, and reporting server-specific errors. This paper also illustrates a C library interface to this mechanism, and describes a language veneer over the C programming language demonstrating how a typed procedural language could be extended by a few language constructs to support the mechanism under the client-service model. In this language, server capabilities are referenced by abstract data type (ADT) objects, and are accessed by invoking the objects' interface operations using a call-by-value-result paradigm.<>",ieee,llm_reviewed,0.860,changed,kept->discarded,doi:10.1109/71.265943
discarded,Efficient Caching and Incrementalization of Object Queries on Collections in Programming Codes,Venkata Krishna Suhas Nerella; Sanjay Madria; Thomas Weigert,2014,2014 IEEE 38th Annual Computer Software and Applications Conference,10.1109/COMPSAC.2014.31,https://ieeexplore.ieee.org/document/6899221/,adjacent-subtopic,"Object oriented programming languages raised the level of abstraction by incorporating first class query constructs explicitly into program codes. These query constructs allow programmers to express operations over collections as object queries. They also provide optimal query execution, utilizing query optimization strategies from the database domain. However, when a query is repeated in the program, it is executed as a new query. Existing approaches, however, such as Java Query Language (JQL), which caches such query constructs on collections have high run time overhead. Therefore, this paper presents an approach to reduce the run time execution of programs involving explicit queries by caching the results of repeated queries while incrementally maintaining the cached results. We performed the pattern matching of both queries and updates at compile time. We propose several cache heuristics that determine not only which queries to cache but also when to stop the incremental maintenance of cached query results. We also propose a method for the incremental maintenance of cached results of queries by handling different types of update operations such as addition, removal of objects from the collections and field value modifications of the object states. We incorporated cache replacement policies that replace the queries from the cache when the cache size is full. Our experimental results demonstrate that our approaches of caching and incrementalization have reduced execution times for the programs with object queries on collections when compared with earlier approaches such as JQL.",ieee,llm,0.950,unreviewed,,doi:10.1109/compsac.2014.31
discarded,Design of a routing scheme for bulk data transfers in multi-domain SnF OCS networks,Qian Liu; Xiao Lin; Shengnan Yue; Weiqiang Sun; Weisheng Hu,2019,2019 21st International Conference on Advanced Communication Technology (ICACT),10.23919/ICACT.2019.8701984,https://ieeexplore.ieee.org/document/8701984/,off-topic-false-hit,"Rapid growth of overloaded traffic leads to bottlenecks on inter-domain links. There may not be sufficient bandwidth for end-to-end transmission upon the arrival of transfer bulk data requests. Storage can be introduced into the forwarding path so that the delay tolerant data can be temporarily stored and forwarded when network links become less congested. In this paper, we study the Store-and-Forward (SnF) problem in a multi-domain environment. We present a routing scheme based on a framework named TS-MLG (time-shifted multilayer graph) to perform inter-domain bulk data transfer by taking both spatial and temporal aspects into consideration. With this scheme, the cross-domain routing path with storage and transmission information, can be determined through conventional routing computations. An updating strategy is proposed to realize temporal bandwidth information exchange between physical and logical layers. Numerical simulations reveal that SnF can improve the inter-domain bandwidth utilization and optimize the network performance at the practical cost of maintenance overhead and computational complexity.",ieee,llm,0.990,unreviewed,,doi:10.23919/icact.2019.8701984
discarded,Designing factory support equipment for field use,Christopher Phillips; Jesse Sandoval; Todd Burton; Derrick Jensen,2015,2015 IEEE AUTOTESTCON,10.1109/AUTEST.2015.7356459,https://ieeexplore.ieee.org/document/7356459/,off-topic-false-hit,"One problem that continues to plague test equipment is the fact that the factory, depot and field are all different environments, creating a scenario where the Unit Under Test (UUT) is being tested under variable circumstances. Additionally, the amount of testing available to the field is often limited to the extent that the field test equipment is only capable of determining a most likely Line Replaceable Unit (LRU) to swap out. When a swap-out action remediates a given problem, the replaced item is assumed to be faulty and the LRU is sent back to the depot for further repair. The all-too-common sequence of events following this field repair is that the depot receives the failed LRU, subjects it to further testing to determine the repair action to take, and finds that the failure experienced in the field is no longer present in the LRU. The LRU is then returned to supply, labeled as being in working condition, and ultimately returned to the field where it quickly fails yet again and is recycled through the system until the depot detects what is commonly referred to as a “hard” failure. A “hard” failure is an “environment agnostic” failure that can be detected when the UUT is returned from the field environment and subjected to higher quality testing back at the depot. It has been recognized that one of the keys to solving this problem is providing depot or factory-quality testing in the field that can provide initial diagnosis prior to the failed UUT ever returning to the depot. While various approaches have been taken to remove this variability of test pass and failure, many of these approaches ultimately fail to deliver the intended results due to logistics issues including lack of portability, overbearing cost for additional development, and lack of field-deployable personnel who are equipped to better troubleshoot equipment. This paper presents an approach to designing test equipment where factory-quality equipment is developed with reuse for the field in mind. By taking advantage of commercial-off-the-shelf (COTS) hardware operating on the right busses and software design patterns that support high levels of flexibility and reuse, the field can be equipped to provide factory-level testing with its associated quality of data while minimizing cost and logistics impacts beyond those initially incurred for factory-level development.",ieee,llm,0.960,unreviewed,,doi:10.1109/autest.2015.7356459
