status,title,authors,year,venue,doi,url,tags,abstract,provider,decision_source,llm_confidence,llm_review_outcome,llm_change_direction,paper_id
discarded,Smart Group Face Recognition System for Class Room Attendance Management,P. Ramya; R. Jayalakshmi; Soorya; Ramesh Prabhakaran R; Sangeetha K; Karthika K,2025,2025 IEEE 17th International Conference on Computational Intelligence and Communication Networks (CICN),10.1109/CICN67655.2025.11368084,https://ieeexplore.ieee.org/document/11368084/,off-topic-false-hit,"Monitoring student attendance is an essential component in schools and colleges, as it serves as a key indicator of academic performance and participation. Traditionally, attendance is recorded manually by teachers, which can become a time-consuming and inefficient task, especially in classrooms with a large number of students. While some institutions have adopted automated systems such as biometric or RFID-based methods, these alternatives often come with limitations including high implementation costs, the possibility of inaccurate or false records, technical failures, and privacy-related issues. To address these challenges, there is a growing need for a smart, reliable, and cost-effective solution that can seamlessly integrate into the academic environment. One promising approach is the use of facial recognition technology, which has gained significant attention for its nonintrusive and user-friendly application. However, many traditional face recognition systems rely on basic feature extraction methods, which may not always provide the required level of accuracy in dynamic classroom conditions. The proposed system seeks to overcome these shortcomings by employing advanced facial modeling techniques to identify students with higher precision. Designed specifically for classroom scenarios, this automated attendance system not only reduces the burden on instructors but also ensures greater accuracy, efficiency, and reliability compared to conventional methods.",ieee,llm,1.000,unreviewed,,doi:10.1109/cicn67655.2025.11368084
discarded,Design of a Python-based Lecture Capture System using Haar Cascade Algorithm with Noise Reduction as Facility for Learner-Centeredness in OBE,Arnold C. Paglinawan; Charmaine C. Paglinawan; Febus Reidj G. Cruz; Kristine Mae R. Abrina; Abemael Dayne P. Batiancila; Rochelle Faye P. Mariano; Juan Carlos D. Merin,2020,"2020 IEEE 12th International Conference on Humanoid, Nanotechnology, Information Technology, Communication and Control, Environment, and Management (HNICEM)",10.1109/HNICEM51456.2020.9400085,https://ieeexplore.ieee.org/document/9400085/,off-topic-false-hit,"Lecture recording is a common system that higher-education institutions use as a tool to deliver quality education. This study focuses on designing an automated lecture capture system that would record the instructor's lecture using a face-detecting camera that will pan and zoom as the instructor moves and enhance the audio quality through noise reduction. Student surveys are implemented to quantify the effectiveness of a student's engagement on using the lecture capture system. Testing is done in a classroom of 36 students in a basic electronics course class in Mapúa University. The Haar Cascade algorithm is an algorithm that has a high positive detection rate with a low false positive detection rate and can process image quickly. Results show that the designed Lecture Capture System can detect, follow, and zoom in on the speaker. The noise reduction technique using the Soft Mask filtering improves the audio recorded by the system. The best audio comes from the lapel with AGC with an SNR of 42.9dB. The responses from the self-assessment surveys handed out to the students in the class had an overall mean value of 3.9 showing that the Lecture Capture System is a convenient educational resource and has a positive impact on their learning and study habits.",ieee,llm,1.000,unreviewed,,doi:10.1109/hnicem51456.2020.9400085
discarded,Face Recognition based Smart Attendance System using Cloud Computing,Sarika Zaware; Manas Chachra; Kushal Hedaoo; Rohit Pol; Ayush Singh,2024,2024 5th International Conference on Image Processing and Capsule Networks (ICIPCN),10.1109/ICIPCN63822.2024.00154,https://ieeexplore.ieee.org/document/10661013/,off-topic-false-hit,"This research presents the development and implementation of a Face Recognition-based Attendance Collection system designed to automate attendance processes in institutional settings. Utilizing OpenCV for video capturing, Python for programming, and Azure Cloud services for backend processing, this system processes images via HTTP requests. The face recognition component employs Dlib’s ResNet model. The methodology outlines the system architecture, while experimental results are evaluated based on the number of faces accurately detected and recorded. The study also addresses the system’s limitations and proposes future enhancements. Aimed at streamlining attendance for teachers by leveraging existing room cameras, this system offers added benefits of security and ease of use, aiming to improve traditional attendance methods.",ieee,llm,1.000,unreviewed,,doi:10.1109/icipcn63822.2024.00154
discarded,Automated Extraction and Grouping of Window Elements from IFC for Procurement Optimization,Murat Aydın,2025,"2025 5th International Conference on Electrical, Computer, Communications and Mechatronics Engineering (ICECCME)",10.1109/ICECCME64568.2025.11277603,https://ieeexplore.ieee.org/document/11277603/,off-topic-false-hit,"Efficient coordination between digital modeling and procurement in construction projects depends on the reliable extraction and classification of component data. This study introduces a lightweight framework for organizing window elements extracted from IFC-based BIM models developed in ArchiCAD 24. By applying Python-based automation, windows were identified, grouped by size, and assembled into procurementready tables that retained traceable identifiers. The methodology reduced manual effort during quantity verification and improved alignment between design documentation and procurement planning. A residential case study confirmed the consistency of IFC-derived data with manually recorded schedules and demonstrated how grouped outputs supported clear and scalable ordering strategies. The final result included a structured order list that connected model integrity with practical procurement decisions.",ieee,llm,0.990,unreviewed,,doi:10.1109/iceccme64568.2025.11277603
discarded,Use of Traditional Database Methodology for a Vaccine Passports Database and Scaling it for Real World Application,Jacob Baggs; Emdad Ahmed,2022,2022 7th International Conference on Big Data Analytics (ICBDA),10.1109/ICBDA55095.2022.9760370,https://ieeexplore.ieee.org/document/9760370/,off-topic-false-hit,"There are many ways to store data in the modern-day including blob storage such as Amazon web service's S3 or Microsoft Azure's Blob Storage, NoSQL database such as columnar, wide column, object orientated, key-value databases and relational databases. When it comes to maintaining relationship-based data, SQL has been the industry standard for decades. In current times COVID-19 has plagued the world as one of the world's fastest growing pandemics. To fight against the spread, vaccines have been administered to millions of individuals. All this information about vaccine administration has to be stored and potentially made available as a ""vaccine passport"". We propose to use a full stack solution of MySQL, a relational database, and Python to implement a proof-of-concept solution to store, create, update, and maintain information records about the shots administered and who the shots were administered to as a vaccine passport.",ieee,llm,0.990,unreviewed,,doi:10.1109/icbda55095.2022.9760370
discarded,Respiratory Disease Detection through Spectogram Analysis with Explainable Deep Learning,Francesco Mercaldo; Luca Brunese; Mario Cesarelli; Fabio Martinelli; Antonella Santone,2023,2023 8th International Conference on Smart and Sustainable Technologies (SpliTech),10.23919/SpliTech58164.2023.10193020,https://ieeexplore.ieee.org/document/10193020/,off-topic-false-hit,"One of the leading causes of death is represented by respiratory disease. In this context, screening is really crucial in order to diagnose respiratory disorders early. In this paper, we propose an approach to automatically analyse respiratory audio recordings for disease detection, by converting respiratory audio recordings into spectrograms. We design a convolutional neural network aimed to classify respiratory audio recording into one of the following classes: Bronchiectasis, Bronchiolitis, Chronic obstructive pulmonary disease, Upper respiratory tract infection, Pneumonia or Healthy. Moreover, the proposed method provides a kind of explainability about the model decision by highlighting the areas on the spectrogram related to a certain respiratory diagnosis, to increase confidence and trustworthiness from doctors and patients: in this way, we aim to boost the development of machine learning techniques in the real-world medical context. We present an experimental analysis including 2751 different annotated respiratory audio recordings of length varying from 10s to 90s related to 126 different patients obtaining an accuracy equal to 0.849, thus showing the effectiveness of the proposed method for explainable respiratory disease detection.",ieee,llm,1.000,unreviewed,,doi:10.23919/splitech58164.2023.10193020
discarded,An approach to prioritize code smells for refactoring,Santiago A. Vidal; Claudia Andrea Marcos; Jorge Andres Diaz-Pace,2014,Automated Software Engineering,10.1007/s10515-014-0175-x,https://openalex.org/W2101526741,adjacent-subtopic,,openalex,llm,0.710,unreviewed,,doi:10.1007/s10515-014-0175-x
kept,Evaluating the Lifespan of Code Smells using Software Repository Mining,Ralph J. M. Peters; Andy Zaidman,2012,,10.1109/csmr.2012.79,https://openalex.org/W1550966611,qualifies-claim,"An anti-pattern is a commonly occurring solution to a recurring problem that will typically negatively impact code quality. Code smells are considered to be symptoms of anti-patterns and occur at source code level. The lifespan of code smells in a software system can be determined by mining the software repository on which the system is stored. This provides insight into the behaviour of software developers with regard to resolving code smells and anti-patterns. In a case study, we investigate the lifespan of code smells and the refactoring behaviour of developers in seven open source systems. The results of this study indicate that engineers are aware of code smells, but are not very concerned with their impact, given the low refactoring activity.",openalex,llm,0.840,unreviewed,,doi:10.1109/csmr.2012.79
discarded,On the impact of code smells on the energy consumption of mobile applications,Fabio Palomba; Dario Di Nucci; Annibale Panichella; Andy Zaidman; Andrea De Lucia,2018,Information and Software Technology,10.1016/j.infsof.2018.08.004,https://openalex.org/W2509415277,adjacent-subtopic,,openalex,llm,0.940,unreviewed,,doi:10.1016/j.infsof.2018.08.004
kept,Antipattern and Code Smell False Positives: Preliminary Conceptualization and Classification,Francesca Arcelli Fontana; Jens B. Dietrich; Bartosz Walter; Aiko Fallas Yamashita; Marco Zanoni,2016,,10.1109/saner.2016.84,https://openalex.org/W2403793401,qualifies-claim; omdome,"Anti-patterns and code smells are archetypes used for describing software design shortcomings that can negatively affect software quality, in particular maintainability. Tools, metrics and methodologies have been developed to identify these archetypes, based on the assumption that they can point at problematic code. However, recent empirical studies have shown that some of these archetypes are ubiquitous in real world programs, and many of them are found not to be as detrimental to quality as previously conjectured. We are therefore interested in revisiting common anti-patterns and code smells, and building a catalogue of cases that constitute candidates for ""false positives"". We propose a preliminary classification of such false positives with the aim of facilitating a better understanding of the effects of anti-patterns and code smells in practice. We hope that the development and further refinement of such a classification can support researchers and tool vendors in their endeavour to develop more pragmatic, context-relevant detection and analysis tools for anti-patterns and code smells.",openalex,llm_reviewed,0.990,confirmed,,doi:10.1109/saner.2016.84
discarded,Code smells for Model-View-Controller architectures,Mauricio Finavaro Aniche; Gabriele Bavota; Christoph Treude; Marco Aurélio Gerosa; Arie van Deursen,2017,Empirical Software Engineering,10.1007/s10664-017-9540-2,https://openalex.org/W2754176165,adjacent-subtopic,"Previous studies have shown the negative effects that low-quality code can have on maintainability proxies, such as code change- and defect-proneness. One of the symptoms of low-quality code are code smells, defined as sub-optimal implementation choices. While this definition is quite general and seems to suggest a wide spectrum of smells that can affect software systems, the research literature mostly focuses on the set of smells defined in the catalog by Fowler and Beck, reporting design issues that can potentially affect any kind of system, regardless of their architecture (e.g., Complex Class). However, systems adopting a specific architecture (e.g., the Model-View-Controller pattern) can be affected by other types of poor practices that only manifest themselves in the chosen architecture. We present a catalog of six smells tailored to MVC applications and defined by surveying/interviewing 53 MVC developers. We validate our catalog from different perspectives. First, we assess the relationship between the defined smells and the code change- and defect-proneness. Second, we investigate when these smells are introduced and how long they survive. Third, we survey 21 developers to verify their perception of the defined smells. Fourth, since our catalog has been mainly defined together with developers adopting a specific Java framework in their MVC applications (e.g., Spring), we interview four expert developers working with different technologies for the implementation of their MVC applications to check the generalizability of our catalog. The achieved results show that the defined Web MVC smells (i) more often than not, have more chances of being subject to changes and defects, (ii) are mostly introduced when the affected file (i.e., the file containing the smell) is committed for the first time in the repository and survive for long time in the system, (iii) are perceived by developers as severe problems, and (iv) generalize to other languages/frameworks.",openalex,llm,0.880,unreviewed,,doi:10.1007/s10664-017-9540-2
discarded,Beyond Technical Aspects: How Do Community Smells Influence the Intensity of Code Smells?,Fabio Palomba; Damian A. Tamburri; Francesca Arcelli Fontana; Rocco Oliveto; Andy Zaidman; Alexander Serebrenik,2018,IEEE Transactions on Software Engineering,10.1109/tse.2018.2883603,https://openalex.org/W2902324490,adjacent-subtopic,"Code smells are poor implementation choices applied by developers during software evolution that often lead to critical flaws or failure. Much in the same way, community smells reflect the presence of organizational and socio-technical issues within a software community that may lead to additional project costs. Recent empirical studies provide evidence that community smells are often-if not always-connected to circumstances such as code smells. In this paper we look deeper into this connection by conducting a mixed-methods empirical study of 117 releases from 9 open-source systems. The qualitative and quantitative sides of our mixed-methods study were run in parallel and assume a mutually-confirmative connotation. On the one hand, we survey 162 developers of the 9 considered systems to investigate whether developers perceive relationship between community smells and the code smells found in those projects. On the other hand, we perform a fine-grained analysis into the 117 releases of our dataset to measure the extent to which community smells impact code smell intensity (i.e., criticality). We then propose a code smell intensity prediction model that relies on both technical and community-related aspects. The results of both sides of our mixed-methods study lead to one conclusion: community-related factors contribute to the intensity of code smells. This conclusion supports the joint use of community and code smells detection as a mechanism for the joint management of technical and social problems around software development communities.",openalex,llm,0.940,unreviewed,,doi:10.1109/tse.2018.2883603
discarded,A Novel Approach for Code Smell Detection: An Empirical Study,Seema Dewangan; Rajwant Singh Rao; Alok Mishra; Manjari Gupta,2021,IEEE Access,10.1109/access.2021.3133810,https://openalex.org/W4205117944,adjacent-subtopic,"Code smells detection helps in improving understandability and maintainability of software while reducing the chances of system failure. In this study, six machine learning algorithms have been applied to predict code smells. For this purpose, four code smell datasets (God-class, Data-class, Feature-envy, and Long-method) are considered which are generated from 74 open-source systems. To evaluate the performance of machine learning algorithms on these code smell datasets, 10-fold cross validation technique is applied that predicts the model by partitioning the original dataset into a training set to train the model and test set to evaluate it. Two feature selection techniques are applied to enhance our prediction accuracy. The Chi-squared and Wrapper-based feature selection techniques are used to improve the accuracy of total six machine learning methods by choosing the top metrics in each dataset. Results obtained by applying these two feature selection techniques are compared. To improve the accuracy of these algorithms, grid search-based parameter optimization technique is applied. In this study, 100% accuracy was obtained for the Long-method dataset by using the Logistic Regression algorithm with all features while the worst performance 95.20 % was obtained by Naive Bayes algorithm for the Long-method dataset using the chi-square feature selection technique.",openalex,llm,0.890,unreviewed,,doi:10.1109/access.2021.3133810
discarded,Code Smell Detection Using Ensemble Machine Learning Algorithms,Seema Dewangan; Rajwant Singh Rao; Alok Mishra; Manjari Gupta,2022,Applied Sciences,10.3390/app122010321,https://openalex.org/W4306149605,adjacent-subtopic,"Code smells are the result of not following software engineering principles during software development, especially in the design and coding phase. It leads to low maintainability. To evaluate the quality of software and its maintainability, code smell detection can be helpful. Many machine learning algorithms are being used to detect code smells. In this study, we applied five ensemble machine learning and two deep learning algorithms to detect code smells. Four code smell datasets were analyzed: the Data class, the God class, the Feature-envy, and the Long-method datasets. In previous works, machine learning and stacking ensemble learning algorithms were applied to this dataset and the results found were acceptable, but there is scope of improvement. A class balancing technique (SMOTE) was applied to handle the class imbalance problem in the datasets. The Chi-square feature extraction technique was applied to select the more relevant features in each dataset. All five algorithms obtained the highest accuracy—100% for the Long-method dataset with the different selected sets of metrics, and the poorest accuracy, 91.45%, was achieved by the Max voting method for the Feature-envy dataset for the selected twelve sets of metrics.",openalex,llm,0.890,unreviewed,,doi:10.3390/app122010321
