status,title,authors,year,venue,doi,url,tags,abstract,provider,decision_source,llm_confidence,llm_review_outcome,llm_change_direction,paper_id
discarded,Introducing a novel technique for call graph visualization and design pattern detection through runtime data profiling and dynamic warping,"Houichime, Tarik; el Amrani, Younes",2026,SCIENCE OF COMPUTER PROGRAMMING,10.1016/j.scico.2026.103445,https://www.webofscience.com/wos/woscc/full-record/WOS:001681660200001,adjacent-subtopic,"Automated design patterns recovery (ADPR) is a significant academic endeavor focused on identifying and methodically recording design patterns found within software codebases. This process typically involves a thorough examination of source code to find characteristics indicative of specific patterns. Despite sophisticated techniques, persistent challenges remain. These challenges include the complexity of static analysis and variations in pattern appearance across languages. Critically, static methods are fundamentally ill-suited for capturing the temporal, interactive nature of behavioral design patterns. This has led to a field where dynamic methods, while promising, have seen limited exploration regarding their integration with modern, state-of-the-art classifiers, complicating the achievement of comprehensive results. This gap highlights a clear need for novel approaches that can effectively model and analyze runtime behavior directly. In response, this study introduces a dynamic, language-portable two-stage framework. First, we present a novel method for visualizing runtime data as a perceptually-tuned sinusoidal signal. This signal acts as a discovery tool for human analysts, encoding the ""local"" context of a call (e.g., method's type) as amplitude and its ""global"" context (e.g., object interactions) as frequency. Second, we demonstrate how this visualization provides the foundational basis for the symbolic sequencing used in pattern detection. The signal acts as a procedural bridge, it allows an analyst to identify a 'Region of Interest' from the signal, which then guides the extraction of the corresponding event snippet from the raw log. This snippet is then translated into a compact, symbolic ""behavio-stuctural signature"", providing a robust and analyzable representation. Importantly, this work also studies the nature of these sequences, such as their optimal length, and how these properties impact the classification process, thereby validating the foundational basis of the sequential representation.",wos,llm,0.960,unreviewed,,doi:10.1016/j.scico.2026.103445
discarded,The lab streaming layer for synchronized multimodal recording,"Kothe, Christian; Shirazi, Seyed Yahya; Stenner, Tristan; Medine, David; Boulay, Chadwick; Grivich, Matthew I.; Artoni, Fiorenzo; Mullen, Tim; Delorme, Arnaud; Makeig, Scott",2025,IMAGING NEUROSCIENCE,10.1162/IMAG.a.136,https://www.webofscience.com/wos/woscc/full-record/WOS:001573295000001,off-topic-false-hit,"Accurately recording the interactions of humans or other organisms with their environment and other agents requires synchronized data access via multiple instruments, often running independently using different clocks. Active, hardware-mediated solutions are often infeasible or prohibitively costly to build and run across arbitrary collections of input systems. The Lab Streaming Layer (LSL) framework offers a software-based approach to synchronizing data streams based on per-sample time stamps and time synchronization across a common local area network (LAN). Built from the ground up for neurophysiological applications and designed for reliability, LSL offers zero-configuration functionality and accounts for network delays and jitters, making connection recovery, offset correction, and jitter compensation possible. These features can ensure continuous, millisecond-precise data recording, even in the face of interruptions. In this paper, we present an overview of LSL architecture, core features, and performance in common experimental contexts. We also highlight practical considerations and known pitfalls when using LSL, including the need to take into account input device throughput delays that LSL cannot itself measure or correct. The LSL ecosystem has grown to support over 150 data acquisition device classes and to establish interoperability between client software written in several programming languages, including C/C++, Python, MATLAB, Java, C#, JavaScript, Rust, and Julia. The resilience and versatility of LSL have made it a major data synchronization platform for multimodal human neurobehavioral recording, now supported by a wide range of software packages, including major stimulus presentation tools, real-time analysis environments, and brain-computer interface applications. Beyond basic science, research, and development, LSL has been used as a resilient and transparent back-end in deployment scenarios, including interactive art installations, stage performances, and commercial products. In neurobehavioral studies and other neuroscience applications, LSL facilitates the complex task of capturing organismal dynamics and environmental changes occurring within and across multiple data streams on a common timeline.",wos,llm,0.990,unreviewed,,doi:10.1162/imag.a.136
discarded,The Earth Science Box Modeling Toolkit (ESBMTK 0.14.0.11): a Python library for research and teaching,"Wortmann, Ulrich G.; Tsan, Tina; Niazi, Mahrukh; Ma, Irene A.; Navasardyan, Ruben; Marun, Magnus-Roland; Chede, Bernardo S.; Zhong, Jingwen; Wolfe, Morgan",2025,GEOSCIENTIFIC MODEL DEVELOPMENT,10.5194/gmd-18-1155-2025,https://www.webofscience.com/wos/woscc/full-record/WOS:001432835300001,adjacent-subtopic,"The Earth Science Box Modeling Toolkit (ESBMTK) is a Python library that streamlines the creation and analysis of box models in earth sciences. With its modular, object-oriented design, ESBMTK simplifies the study of systems such as the long-term carbon cycle or the impact of atmospheric CO2 variations on ocean chemistry. By standardizing and clarifying how models are defined, the library enhances code readability and serves as a self-documenting tool, making it approachable for undergraduate students and efficient for researchers. ESBMTK automatically translates user-defined models into equations which are solved using established numerical libraries. It also includes built-in functionality for common tasks such as ocean-atmosphere gas exchange, marine carbonate chemistry, isotope effects, and perturbation scenarios. The library's core interface is stable, supported by comprehensive documentation, and available as open-source software through the pip and conda package management systems.",wos,llm,0.910,unreviewed,,doi:10.5194/gmd-18-1155-2025
discarded,SDQ: a new tool for the evaluation of seismic-accelerometric data quality,"Varchetta, F.; Massa, M.; Puglia, R.; Danecek, P.; Rao, S.; Mandiello, A.; Piccinini, D.",2025,BULLETIN OF GEOPHYSICS AND OCEANOGRAPHY,10.4430/bgo00484,https://www.webofscience.com/wos/woscc/full-record/WOS:001412684600001,off-topic-false-hit,"This work introduces the Seismic Data Quality (SDQ) project, an open-source Python tool package designed to evaluate the performance of co-located accelerometric and velocimetric stations, assess data quality, and support technicians in the seismic surveillance room at the Rome headquarters. SDQ conducts these verifications through analyses of seismic events and continuous data streams. For earthquake data, SDQ compares ground motion parameters from co-located sensors, subsequently classifying waveforms into quality classes. Continuous data verification relies on ambient noise streams and quality metrics, such as percentage gap, data availability, root-mean-square, and power spectral density. The SDQ tool was tested using data from 200 stations of the National Institute of Geophysics and Volcanology (Italy), each with six channels, within the National Seismic Network, analysing over 15,000 waveforms from Italian earthquakes with local or moment magnitudes (M-L and/or M-W) z 3.5 and hypocentral distances ( R ipo ) <_ 150 km, recorded from 2012 to 2023. Earthquake data and station metadata are sourced from the International Federation of Digital Seismograph Networks web services (https://terremoti.ingv.it/webservices_and_software). Continuous data analyses utilise daily miniSEED recordings from each station, classifying waveforms into quality categories based on various metrics. SDQ generates summary tables, images, and explanatory text files for both seismic events and continuous data.",wos,llm,0.990,unreviewed,,doi:10.4430/bgo00484
discarded,An open-source framework for end-to-end analysis of electronic health record data,"Heumos, Lukas; Ehmele, Philipp; Treis, Tim; zu Belzen, Julius Upmeier; Roellin, Eljas; May, Lilly; Namsaraeva, Altana; Horlava, Nastassya; Shitov, Vladimir A.; Zhang, Xinyue; Zappia, Luke; Knoll, Rainer; Lang, Niklas J.; Hetzel, Leon; Virshup, Isaac; Sikkema, Lisa; Curion, Fabiola; Eils, Roland; Schiller, Herbert B.; Hilgendorff, Anne; Theis, Fabian J.",2024,NATURE MEDICINE,10.1038/s41591-024-03214-0,https://www.webofscience.com/wos/woscc/full-record/WOS:001311664900003,off-topic-false-hit,"With progressive digitalization of healthcare systems worldwide, large-scale collection of electronic health records (EHRs) has become commonplace. However, an extensible framework for comprehensive exploratory analysis that accounts for data heterogeneity is missing. Here we introduce ehrapy, a modular open-source Python framework designed for exploratory analysis of heterogeneous epidemiology and EHR data. ehrapy incorporates a series of analytical steps, from data extraction and quality control to the generation of low-dimensional representations. Complemented by rich statistical modules, ehrapy facilitates associating patients with disease states, differential comparison between patient clusters, survival analysis, trajectory inference, causal inference and more. Leveraging ontologies, ehrapy further enables data sharing and training EHR deep learning models, paving the way for foundational models in biomedical research. We demonstrate ehrapy's features in six distinct examples. We applied ehrapy to stratify patients affected by unspecified pneumonia into finer-grained phenotypes. Furthermore, we reveal biomarkers for significant differences in survival among these groups. Additionally, we quantify medication-class effects of pneumonia medications on length of stay. We further leveraged ehrapy to analyze cardiovascular risks across different data modalities. We reconstructed disease state trajectories in patients with severe acute respiratory syndrome coronavirus 2 (SARS-CoV-2) based on imaging data. Finally, we conducted a case study to demonstrate how ehrapy can detect and mitigate biases in EHR data. ehrapy, thus, provides a framework that we envision will standardize analysis pipelines on EHR data and serve as a cornerstone for the community.

Incorporating a series of analytical steps, from data extraction and quality control to the generation of low-dimensional representations and to longitudinal analyses, an open-source software is proposed to standardize current electronic health record data processing and analysis pipelines.",wos,llm,0.990,unreviewed,,doi:10.1038/s41591-024-03214-0
discarded,A Tool for Processing and Inversion of MASW Data and a Study of Inter-session Variability of MASW,"Olafsdottir, Elin Asta; Bessason, Bjarni; Erlingsson, Sigurdur; Kaynia, Amir M.",2024,GEOTECHNICAL TESTING JOURNAL,10.1520/GTJ20230380,https://www.webofscience.com/wos/woscc/full-record/WOS:001240731600001,off-topic-false-hit,"Multichannel analysis of surface waves (MASW) is a noninvasive active -source technique for determination of near -surface shear wave velocity (V-S) profiles. Here we introduce and describe MASWavesPy, an open -source Python package for processing and inverting MASW data, whose design follows an object -oriented paradigm. To assess the performance of the new tool, measurements were conducted at four benchmark sites in Norway, characterized as silt, soft clay, silty sand, and quick clay. The results show that the V-S profiles obtained with MASWavesPy compare well with those obtained previously at the respective sites using invasive, noninvasive and laboratory techniques. Furthermore, the efficiency and usability of the new package is superior to previous versions developed by same authors. The software can be accessed through the Python Package Index (PyPI) at https://pypi.org/project/maswavespy/ along with sample data. This work further explores the inter -session variability of MASW measurements for civil engineering applications at soft soil sites. For this purpose, repeated measurements were conducted over a 7 -year period at a silty sand site in South Iceland and the recorded time series analyzed using the newly developed tool. The inter -session variability of the analysis results is reported in terms of Rayleigh wave phase velocity, interval V-S profiles, and time -averaged V-S for reference depths commonly used in practice.",wos,llm,0.970,unreviewed,,doi:10.1520/gtj20230380
discarded,Machine Learning-Based Prediction of Changes in the Clinical Condition of Patients With Complex Chronic Diseases: 2-Phase Pilot Prospective Single-Center Observational Study,"Alvarez-Romero, Celia; Polo-Molina, Alejandro; Sanchez-Ubeda, Eugenio Francisco; Jimenez-De-Juan, Carlos; Cuadri-Benitez, Maria Pastora; Rivas-Gonzalez, Jose Antonio; Portela, Jose; Palacios, Rafael; Rodriguez-Morcillo, Carlos; Munoz, Antonio; Parra-Calderon, Carlos Luis; Nieto-Martin, Maria Dolores; Ollero-Baturone, Manuel; Hernandez-Quiles, Carlos",2024,JMIR FORMATIVE RESEARCH,10.2196/52344,https://www.webofscience.com/wos/woscc/full-record/WOS:001209302400003,off-topic-false-hit,"Background: Functional impairment is one of the most decisive prognostic factors in patients with complex chronic diseases. A more significant functional impairment indicates that the disease is progressing, which requires implementing diagnostic and therapeutic actions that stop the exacerbation of the disease. Objective: This study aimed to predict alterations in the clinical condition of patients with complex chronic diseases by predicting the Barthel Index (BI), to assess their clinical and functional status using an artificial intelligence model and data collected through an internet of things mobility device. Methods: A 2 -phase pilot prospective single -center observational study was designed. During both phases, patients were recruited, and a wearable activity tracker was allocated to gather physical activity data. Patients were categorized into class A (BI <= 20; total dependence), class B (2060; severe dependence), and class C (BI>60; moderate or mild dependence, or independent). Data preprocessing and machine learning techniques were used to analyze mobility data. A decision tree was used to achieve a robust and interpretable model. To assess the quality of the predictions, several metrics including the mean absolute error, median absolute error, and root mean squared error were considered. Statistical analysis was performed using SPSS and Python for the machine learning modeling. Results: Overall, 90 patients with complex chronic diseases were included: 50 during phase 1 (class A: n=10; class B: n=20; and class C: n=20) and 40 during phase 2 (class B: n=20 and class C: n=20). Most patients (n=85, 94%) had a caregiver. The mean value of the BI was 58.31 (SD 24.5). Concerning mobility aids, 60% (n=52) of patients required no aids, whereas the others required walkers (n=18, 20%), wheelchairs (n=15, 17%), canes (n=4, 7%), and crutches (n=1, 1%). Regarding clinical complexity, 85% (n=76) met patient with polypathology criteria with a mean of 2.7 (SD 1.25) categories, 69% (n=61) met the frailty criteria, and 21% (n=19) met the patients with complex chronic diseases criteria. The most characteristic symptoms were dyspnea (n=73, 82%), chronic pain (n=63, 70%), asthenia (n=62, 68%), and anxiety (n=41, 46%). Polypharmacy was presented in 87% (n=78) of patients. The most important variables for predicting the BI were identified as the maximum step count during evening and morning periods and the absence of a mobility device. The model exhibited consistency in the median prediction error with a median absolute error close to 5 in the training, validation, and production -like test sets. The model accuracy for identifying the BI class was 91%, 88%, and 90% in the training, validation, and test sets, respectively. Conclusions: Using commercially available mobility recording devices makes it possible to identify different mobility patterns and relate them to functional capacity in patients with polypathology according to the BI without using clinical parameters.",wos,llm,1.000,unreviewed,,doi:10.2196/52344
discarded,Use of artificial intelligence to support surgical education personnel shortages in low- and middle-income countries: developing a safer surgeon,"Bhatia, Manisha B.; Namazi, Babak; Matthews, Joshua; Thomas, Christopher; Doster, Dom; Martinez, Carlos; Collings, Amelia; Mitchell, Sally; Stefanidis, Dimitrios; Sankaranarayanan, Ganesh; Saruni, Seno; Hunter-Squires, Joanna",2023,GLOBAL SURGICAL EDUCATION - JOURNAL OF THE ASSOCIATION FOR SURGICAL EDUCATION,10.1007/s44186-023-00142-4,https://www.webofscience.com/wos/woscc/full-record/WOS:001489623400001,off-topic-false-hit,"Purpose In many low- and middle-income countries (LMICs), non-surgeon physicians are responsible for urgent and emergent surgical procedures due to the paucity of formally trained surgeons. The insufficiency of practicing surgeons also limits the mentorship and educational opportunities for these physicians. To assist with the limited formal surgical education for non-surgeon physicians, our team created an appendicitis curriculum with an associated task-trainer. The aim of this study was to develop an artificial intelligence (AI) model to automatically identify the tasks of the open appendectomy procedure from recorded videos for assessment and feedback. Methods Fifty videos were collected via cell phone cameras of expert surgeons and novices performing open appendectomies on a low-cost task-trainer. Video frames were extracted at one frame-per-second intervals, and then two investigators made annotations using a python-based video annotation software. A deep learning model was designed to identify which steps of the procedure were shown in the video frames. The AI model consists of a deep convolutional neural network for capturing the visual features and an attention-augmented bi-directional recurrent neural network to incorporate temporal dependencies among multiple randomly sampled frames from each video. Results Videos were used to train the AI model and evaluate its performance. Videos that did not include all procedural steps (n = 7) were excluded. The current accuracy and per-class F1 score (harmonic mean of precision and sensitivity) are 60.74% and 42.43% respectively. The average throughput of the model is > 100 frames per second, which substantiates that the AI model is suitable for real-time applications. Conclusion AI can be used to discriminate performed steps of an open appendectomy on our task-trainer. Collecting additional videos for AI model training will help increase its accuracy and efficiency. This technology can be further developed to determine if each step is performed correctly, which can facilitate providing feedback to learners. Such future AI developments may help assess and provide objective feedback to LMIC physicians who have limited access to expert feedback.",wos,llm,1.000,unreviewed,,doi:10.1007/s44186-023-00142-4
