status,title,authors,year,venue,doi,url,tags,abstract,provider,decision_source,llm_confidence,llm_review_outcome,llm_change_direction,paper_id
discarded,Comparing and experimenting machine learning techniques for code smell detection,Francesca Arcelli Fontana; Mika Mäntylä; Marco Zanoni; Alessandro Marino,2015,Empirical Software Engineering,10.1007/s10664-015-9378-4,https://openalex.org/W649920412,adjacent-subtopic,,openalex,llm,0.970,unreviewed,,doi:10.1007/s10664-015-9378-4
kept,Object-Oriented Reengineering Patterns,"Serge Demeyer; Ducasse, Stéphane; Oscar Nierstrasz",2003,Elsevier eBooks,10.1016/b978-1-55860-639-5.x5000-7,https://openalex.org/W2121898992,supports-claim,,openalex,llm,0.720,unreviewed,,doi:10.1016/b978-1-55860-639-5.x5000-7
discarded,Algebraic reasoning for object-oriented programming,Paulo Henrique Monteiro Borba; Augusto C. A. Sampaio; Ana Cavalcanti; Márcio Cornélio,2004,Science of Computer Programming,10.1016/j.scico.2004.03.003,https://openalex.org/W2002295687,adjacent-subtopic,,openalex,llm,0.950,unreviewed,,doi:10.1016/j.scico.2004.03.003
discarded,Code Smells Detection Using Artificial Intelligence Techniques: A Business-Driven Systematic Review,Tomasz Lewowski; Lech Madeyski,2021,"Studies in systems, decision and control",10.1007/978-3-030-77916-0_12,https://openalex.org/W3194223357,adjacent-subtopic,,openalex,llm,0.980,unreviewed,,doi:10.1007/978-3-030-77916-0_12
discarded,Code Smell Analysis in Cloned Java Variants: the Apo-games Case Study,"Marchezan, Luciano; Assuncao, Wesley K. G.; Michelon, Gabriela; Herac, Edvin; Egyed, Alexander",2022,"26TH ACM INTERNATIONAL SYSTEMS AND SOFTWARE PRODUCT LINE CONFERENCE, SPLC 2022, VOL A",10.1145/3546932.3547015,https://www.webofscience.com/wos/woscc/full-record/WOS:001339377700026,adjacent-subtopic,"Families of software products are usually created using opportunistic reuse (clone-and-own) in which products are cloned and adapted to meet new requirements, user preferences, or non-functional properties. Opportunistic reuse brings short-term benefits, e.g., reduced time-to-market, whereas creating long-term drawbacks, e.g., the need of changing multiple variants for any maintenance and evolution activity. This situation is even worse when the individual products have poor design or implementation choices, the so-called code smells. Due to their harmfulness to software quality, code smells should be detected and removed as early as possible. In a family of software products, the same code smell must be identified and removed in all variants where it is are present. Identifying instances of similar code smells affecting different variants has not been investigated in the literature yet. This is the case of the Apo-Games family, which has the challenge of identifying the flaws in the design and implementation of cloned games. To address this challenge, we applied our inconsistency and repair approach to detect and suggest solutions for six types of code smells in 19 products of the Apo-games family. Our results show that a considerable number of smells were identified, most of them for the long parameter list and data class types. The number of the same smells identified in multiple variants ranged between 2.9 and 20.2 on average, showing that clone-and-own may lead to the replication of code smells in multiple products. Lastly, our approach was able to generate between 4.9 and 28.98 repair alternatives per smell on average.",wos,llm,0.940,unreviewed,,doi:10.1145/3546932.3547015
discarded,Beyond Large Language Models: On the relative value of active learning for code smell detection,H. Chen,2026,Information and Software Technology,10.1016/j.infsof.2026.108302,https://www.scopus.com/inward/record.uri?partnerID=HzOxMe3b&scp=105049049499&origin=inward,adjacent-subtopic,,scopus,llm,0.970,unreviewed,,doi:10.1016/j.infsof.2026.108302
discarded,DIR-SMOTE: a density-influence resampling framework for imbalanced code smell detection,R. Malhotra,2026,Automated Software Engineering,10.1007/s10515-026-00624-x,https://www.scopus.com/inward/record.uri?partnerID=HzOxMe3b&scp=105038446606&origin=inward,adjacent-subtopic,,scopus,llm,0.980,unreviewed,,doi:10.1007/s10515-026-00624-x
discarded,Evaluating LLMs-Driven Java Code Refactoring from a Developer’s Perspective,J. Freitas,2026,Proceedings 2026 International Workshop on Large Language Models for Code Llm4code 2026,10.1145/3786181.3788720,https://www.scopus.com/inward/record.uri?partnerID=HzOxMe3b&scp=105044936384&origin=inward,adjacent-subtopic,,scopus,llm,0.870,unreviewed,,doi:10.1145/3786181.3788720
discarded,Investigating transfer learning for code smell detection on homogeneous data,R. Gupta,2026,Innovations in Systems and Software Engineering,10.1007/s11334-025-00624-2,https://www.scopus.com/inward/record.uri?partnerID=HzOxMe3b&scp=105027145710&origin=inward,adjacent-subtopic,,scopus,llm,0.980,unreviewed,,doi:10.1007/s11334-025-00624-2
discarded,Systematic literature review on software code smell detection approaches,P.S. Thakur,2026,Journal of Systems and Software,10.1016/j.jss.2026.112784,https://www.scopus.com/inward/record.uri?partnerID=HzOxMe3b&scp=105027581754&origin=inward,adjacent-subtopic,,scopus,llm,0.960,unreviewed,,doi:10.1016/j.jss.2026.112784
discarded,Architectural blueprinting for pattern-driven refactoring: a multi-agent framework with bounded recovery,F.G. Tan,2026,Peerj Computer Science,10.7717/peerj-cs.3939,https://www.scopus.com/inward/record.uri?partnerID=HzOxMe3b&scp=105041457695&origin=inward,adjacent-subtopic,,scopus,llm,0.890,unreviewed,,doi:10.7717/peerj-cs.3939
discarded,Hierarchical Analysis of Data Clump Model Smells through Subgroup-Based Structural Metrics,P. Iyenghar,2026,International Conference on Model Driven Engineering and Software Development,10.5220/0014501700004058,https://www.scopus.com/inward/record.uri?partnerID=HzOxMe3b&scp=105035541650&origin=inward,adjacent-subtopic,,scopus,llm,0.820,unreviewed,,doi:10.5220/0014501700004058
discarded,DeepCSS: severity classification for code smell based on deep learning,Y. Zhang,2025,Empirical Software Engineering,10.1007/s10664-025-10637-x,https://www.scopus.com/inward/record.uri?partnerID=HzOxMe3b&scp=105000977466&origin=inward,adjacent-subtopic,,scopus,llm,0.960,unreviewed,,doi:10.1007/s10664-025-10637-x
discarded,Code Smell Detection Using ML Techniques Leveraging GANs as Oversampling Method,S. Alsaraireh,2025,Lecture Notes in Networks and Systems,10.1007/978-3-031-92611-2_13,https://www.scopus.com/inward/record.uri?partnerID=HzOxMe3b&scp=105013616126&origin=inward,adjacent-subtopic,,scopus,llm,0.980,unreviewed,,doi:10.1007/978-3-031-92611-2_13
discarded,Ensemble methods with feature selection and data balancing for improved code smells classification performance,P.S. Yadav,2025,Engineering Applications of Artificial Intelligence,10.1016/j.engappai.2024.109527,https://www.scopus.com/inward/record.uri?partnerID=HzOxMe3b&scp=85207306417&origin=inward,adjacent-subtopic,,scopus,llm,0.980,unreviewed,,doi:10.1016/j.engappai.2024.109527
discarded,Exploring NLP Techniques for Code Smell Detection: A Comparative Study,D. Mesbah,2025,Lecture Notes on Data Engineering and Communications Technologies,10.1007/978-3-031-87769-8_9,https://www.scopus.com/inward/record.uri?partnerID=HzOxMe3b&scp=105003184387&origin=inward,adjacent-subtopic,,scopus,llm,0.980,unreviewed,,doi:10.1007/978-3-031-87769-8_9
discarded,Detecting Code Smells using ChatGPT: Initial Insights,L.L. Silva,2024,International Symposium on Empirical Software Engineering and Measurement,10.1145/3674805.3690742,https://www.scopus.com/inward/record.uri?partnerID=HzOxMe3b&scp=85210594641&origin=inward,adjacent-subtopic,,scopus,llm,0.980,unreviewed,,doi:10.1145/3674805.3690742
discarded,Improving and comparing performance of machine learning classifiers optimized by swarm intelligent algorithms for code smell detection,S. Jain,2024,Science of Computer Programming,10.1016/j.scico.2024.103140,https://www.scopus.com/inward/record.uri?partnerID=HzOxMe3b&scp=85193594227&origin=inward,adjacent-subtopic,,scopus,llm,0.980,unreviewed,,doi:10.1016/j.scico.2024.103140
discarded,Optimizing LSTM for Code Smell Detection: The Role of Data Balancing,N.A.A. Khleel,2024,Infocommunications Journal,10.36244/ICJ.2024.3.5,https://www.scopus.com/inward/record.uri?partnerID=HzOxMe3b&scp=85209258605&origin=inward,adjacent-subtopic,,scopus,llm,0.980,unreviewed,,doi:10.36244/icj.2024.3.5
discarded,Automatic detection of Feature Envy and Data Class code smells using machine learning,M. Škipina,2024,Expert Systems with Applications,10.1016/j.eswa.2023.122855,https://www.scopus.com/inward/record.uri?partnerID=HzOxMe3b&scp=85180413992&origin=inward,adjacent-subtopic,,scopus,llm,0.970,unreviewed,,doi:10.1016/j.eswa.2023.122855
discarded,CoRT: Transformer-based code representations with self-supervision by predicting reserved words for code smell detection,A. Alazba,2024,Empirical Software Engineering,10.1007/s10664-024-10445-9,https://www.scopus.com/inward/record.uri?partnerID=HzOxMe3b&scp=85188448314&origin=inward,adjacent-subtopic,,scopus,llm,0.980,unreviewed,,doi:10.1007/s10664-024-10445-9
kept,The Lifecycle of Data Clumps: A Longitudinal Case Study in Open-Source Projects,N. Baumgartner,2024,International Conference on Model Driven Engineering and Software Development,10.5220/0012313900003645,https://www.scopus.com/inward/record.uri?partnerID=HzOxMe3b&scp=85190365969&origin=inward,supports-claim,,scopus,llm,0.780,unreviewed,,doi:10.5220/0012313900003645
discarded,An automated code smell and anti-pattern detection approach,Sevilay Velioğlu; Yunus Emre Selçuk,2017,"2017 IEEE 15th International Conference on Software Engineering Research, Management and Applications (SERA)",10.1109/SERA.2017.7965737,https://ieeexplore.ieee.org/document/7965737/,adjacent-subtopic,"Today, software maintenance is more expensive than development costs. As class complexity increases, it is increasingly difficult for new programmers to adapt to software projects, causing the cost of the software to go up. Therefore, it's important to produce faultless and understandable code. Moreover, software projects are not developed by one person alone; even a small-scale project needs 3 or more participants working on the code at the same time. Producing well designed code during the development stage has a significant value because this process makes software projects more understandable and leads to higher code quality. Consequently, the cost of software project maintenance will decrease. Code smells and anti-patterns are symptoms of poorly designed code. The aforementioned tendencies of software projects increase the possibility of poor implementations and code imperfections. Therefore it is necessary to detect and refactor poorly designed code. This paper describes an attempt to achieve their detection.",ieee,llm,0.940,unreviewed,,doi:10.1109/sera.2017.7965737
discarded,A Unified Multi-Label Code Smell Dataset for Code Smell Detection at Different Granularities,Haneen M. Alhadeaf; Mubarak Alrashoud,2026,IEEE Access,10.1109/ACCESS.2025.3648907,https://ieeexplore.ieee.org/document/11316404/,adjacent-subtopic,"Code smell detection is critical for maintaining software quality and enabling effective refactoring, yet much prior work identifies only one smell at a time. This single-label framing misses the real-world complexity where a code element can exhibit multiple co-occurring smells. We address this gap by creating a unified multi-label dataset that combines four existing datasets at two levels—method-level and class-level—covering Long Method (LM), Feature Envy (FE), God Class (GC), and Data Class (DC). Our approach models correlations (co-occurrence) among these smells and links them to feature-importance analyses to identify the metrics that drive each label. We evaluate three multi-label strategies—Binary Relevance, Label Powerset, and Classifier Chains—paired with Decision Tree and Random Forest classifiers. We use a 5-fold stratified cross-validation for each single-level dataset. To prevent data leakage, we implement a 5-fold GroupKFold for the unified dataset, along with an in-fold grid search for hyperparameter tuning. Performance is reported via Jaccard, Hamming Loss, and Exact Match. On the unified Truth-only dataset, Classifier Chains with Random Forest achieves the highest Jaccard (0.3351), while Binary Relevance with Random Forest attains the lowest Hamming Loss (0.0288) and the highest Exact Match (0.8847). Overall, the unified dataset enables simultaneous detection of multiple smells in one model and protocol, reveals where inter-label correlations are informative (LM–FE) and where they are not (GC–DC), and maintains distribution properties for fair comparison, yielding results that are more realistic and easier to reuse.",ieee,llm,0.980,unreviewed,,doi:10.1109/access.2025.3648907
discarded,Comparison of Machine Learning Methods for Code Smell Detection Using Reduced Features,Kanita Karađuzović-Hadžiabdić; Rialda Spahić,2018,2018 3rd International Conference on Computer Science and Engineering (UBMK),10.1109/UBMK.2018.8566561,https://ieeexplore.ieee.org/document/8566561/,adjacent-subtopic,"We examine a machine learning approach for detecting common Class and Method level code smells (Data Class and God Class, Feature Envy and Long Method). The focus of the work is selection of reduced set of features that will achieve high classification accuracy. The proposed features may be used by the developers to develop better quality software since the selected features focus on the most critical parts of the code that is responsible for creation of common code smells. We obtained a high accuracy results for all four code smells using the selected features: 98.57% for Data Class, 97.86% for God Class, 99.67% for Feature Envy, and 99.76% for Long Method.",ieee,llm,0.980,unreviewed,,doi:10.1109/ubmk.2018.8566561
discarded,Extraction of Prediction Rules of Code Smell using Decision Tree Algorithm,Pravin Singh Yadav; Seema Dewangan; Rajwant Singh Rao,2021,"2021 10th International Conference on Internet of Everything, Microwave Engineering, Communication and Networks (IEMECON)",10.1109/IEMECON53809.2021.9689174,https://ieeexplore.ieee.org/document/9689174/,adjacent-subtopic,"Code Smell is a set of information of a source code that indicates any serious problem in the software. To detect the code smell prediction rule, we have applied a Decision tree algorithm. For this objective, we have taken two code smell datasets namely Blob-class and Data-class from Fontana et al. These datasets were prepared from 74 open-source systems. To calculate the performance measurement of the decision tree model on each dataset, we applied 5-fold cross-validation that divides datasets into training set and testing set and further splitting the training set into two part, one part is used for training and second part is used for validation. We have applied grid search for hyper-parameter tuning followed by extraction of decision rules to detect code smell instances. We have achieved the highest accuracy of 97.62% in both class predictions.",ieee,llm,0.980,unreviewed,,doi:10.1109/iemecon53809.2021.9689174
discarded,Voting Heterogeneous Ensemble for Code Smell Detection,Hamoud Aljamaan,2021,2021 20th IEEE International Conference on Machine Learning and Applications (ICMLA),10.1109/ICMLA52953.2021.00148,https://ieeexplore.ieee.org/document/9679998/,adjacent-subtopic,"Code smells are poor design and implementation choices that hinders the overall software quality. Code smells detection using machine learning models has been an active research area to assist software engineers in identifying smelly code. In this paper, we empirically investigate the detection performance of Voting ensemble in detecting class-level and method-level code smells. We built our Voting ensemble in a heterogeneous manner using five different base models: Decision Trees, Logistic Regression, Support Vector Machines, Multi-Layer Perceptron, and Stochastic Gradient Descent models. Predictions output were aggregated using the Soft voting to form the final ensemble prediction output. Voting ensemble detection performance was evaluated against each base model and within the context of five code smells: God Class, Data Class, Long Method, Feature Envy, Long Parameter List, and Switch Statements smells. Statistical pairwise comparison results indicates the superior performance of Voting ensemble in detecting all code smells, while base models had varying detection performance across code smells.",ieee,llm,0.980,unreviewed,,doi:10.1109/icmla52953.2021.00148
discarded,A multi-objective approach for Entity Refactoring Set Selection Problem,Camelia Chisalita-Cretu,2009,2009 Second International Conference on the Applications of Digital Information and Web Technologies,10.1109/ICADIWT.2009.5273850,https://ieeexplore.ieee.org/document/5273850/,adjacent-subtopic,Refactoring is a commonly accepted technique to improve the structure of object oriented software. The paper presents a multi-objective approach to the Entity Refactoring Set Selection Problem (ERSSP) by treating the cost constraint as an objective and combining it with the effect objective. The results of the proposed weighted objective genetic algorithm on a experimental didactic case study are presented and compared with other previous results.,ieee,llm,0.950,unreviewed,,doi:10.1109/icadiwt.2009.5273850
discarded,"The Quick Python Book, Fourth Edition",Naomi Ceder,2025,"The Quick Python Book, Fourth Edition",,https://ieeexplore.ieee.org/document/10981926/,off-topic-false-hit,"A fast-paced introduction to Python for intermediate developers–now with coverage of generative AI! For over 25 years, The Quick Python Book has been one of the best Python books money can buy. It concisely covers programming basics, while introducing Python's comprehensive standard library and unique features in depth and detail. In this fourth edition, you’ll find new coverage of AI coding tools like Copilot and Google's Colaboratory (Colab), and develop a mindset that can make the most of AI. The Quick Python Book, Fourth Edition includes:  Python syntax, data structures, and best practices Python as an object oriented language Common Python libraries Basic data handling with Python Using AI code generation tools with Python  Whether you’re new to Python or looking to advance your basic skills, The Quick Python Book, Fourth Edition will get you writing effective Python code fast. Python authority and former Chair of the Python Software Foundation Board or Directors Naomi Ceder has returned to author this extensively revised fourth edition. With the personal touch of a skilled teacher, Naomi beautifully balances details of the language with the insights and advice you need to handle any task.",ieee,llm,1.000,unreviewed,,hash:622cdb6f2bc3ba50
discarded,Dimensionally Reduction based Machine Learning Approaches for Code smells Detection,Seema Dewangan; Rajwant Singh Rao; Pravin Singh Yadav,2022,2022 International Conference on Intelligent Controller and Computing for Smart Power (ICICCSP),10.1109/ICICCSP53532.2022.9862030,https://ieeexplore.ieee.org/document/9862030/,adjacent-subtopic,"Code smells refer to the lack of the software quality, such as difficulty in understandability and changeability. In this research work, we proposed a technique to detect the CSs using three machine learning algorithms. For this purpose, we used two class level and two method level datasets. In this research work, a principle component analysis (PCA) based dimensionality reduction technique is applied to select different components from each datasets. Four PCA based machine learning algorithms are applied, namely Principal component analysis based Logistic regression (PCA_LR), Principal component analysis based Random forest (PCA_RF), Principal component analysis based K-nearest neighbor (PCA_KNN), and Principal component analysis based Decision tree (PCA_DT). The 10-fold cross-validation is used to validate the model accuracy. In this research work, we found that the PCA_LR model gives the best accuracy, 99.97%, for the data class dataset, while the worst accuracy, 77.38%, was found by the PCA_KNN model for the long parameter list dataset.",ieee,llm,0.980,unreviewed,,doi:10.1109/iciccsp53532.2022.9862030
discarded,Code smell severity detection using machine learning,S. Hejres; M. Hammad,2021,4th Smart Cities Symposium (SCS 2021),10.1049/icp.2022.0320,https://ieeexplore.ieee.org/document/9770680/,adjacent-subtopic,"Code smells are indications of design issues in software. The importance of early detection of these indicators helps in improving the maintenance process and raising the efficiency of software work. Besides detecting the severity of code smells the big problems of refactoring can be avoided as well. Machine learning algorithms are an effective way to detect code smells. This paper explicitly examines three different algorithms for SMO, ANN, and J48, among the four, most frequently detected code smells such as data class, god class, feature envy, and along method. The results showed that the SMO algorithm got better accuracy for data class, god class, and feature envy. Apart from this, ANNE with SMO algorithms got identical higher accuracy results in the long method.",ieee,llm,0.960,unreviewed,,doi:10.1049/icp.2022.0320
