status,title,authors,year,venue,doi,url,tags,abstract,provider,decision_source,llm_confidence,llm_review_outcome,llm_change_direction,paper_id
Objective: The objective of this study was to create a published algorithm for predicting medication adherence problems easily accessible at the point of care through a Web application that runs on the Substitutable Medical Apps, Reusuable Technologies (SMART) platform. The SMART platform is an emerging framework that enables EHR systems to behave as ""iPhone like platforms"" by exhibiting an application programming interface for easy addition and deletion of third party apps. The app is presented as a point of care solution to monitoring medication adherence as well as a sufficiently general, modular application that may serve as an example and template for other SMART apps.

Methods: The widely used, open source Django framework was used together with the SMART platform to create the interoperable components of this app. Django uses Python as its core programming language. This allows statistical and mathematical modules to be created from a large array of Python numerical libraries and assembled together with the core app to create flexible and sophisticated EHR functionality. Algorithms that predict individual adherence are derived from a retrospective study of dispensed medication claims from a large private insurance plan. Patients' prescription fill information is accessed through the SMART framework and the embedded algorithms compute adherence information, including predicted adherence one year after the first prescription fill. Open source graphing software is used to display patient medication information and the results of statistical prediction of future adherence on a clinician-facing Web interface.

Results: The user interface allows the physician to quickly review all medications in a patient record for potential non-adherence problems. A gap-check and current medication possession ratio (MPR) threshold test are applied to all medications in the record to test for current non-adherence. Predictions of 1-year non-adherence are made for certain drug classes for which external data was available. Information is presented graphically to indicate present non-adherence, or predicted non-adherence at one year, based on early prescription fulfillment patterns. The MPR Monitor app is installed in the SMART reference container as the ""MPR Monitor"", where it is publically available for use and testing. MPR is an acronym for Medication Possession Ratio, a commonly used measure of adherence to a prescribed medication regime. This app may be used as an example for creating additional functionality by replacing statistical and display algorithms with new code in a cycle of rapid prototyping and implementation or as a framework for a new SMART app.

Conclusions: The MPR Monitor app is a useful pilot project for monitoring medication adherence. It also provides an example that integrates several open source software components, including the Python-based Django Web framework and python-based graphics, to build a SMART app that allows complex decision support methods to be encapsulated to enhance EHR functionality.",wos,llm,0.920,unreviewed,,doi:10.2196/ijmr.2480
discarded,A CASE FOR PYTHON SCRIPTING IN UNDERGRADUATE ENGINEERING TECHNOLOGY,"Agrawal, Jai P.; Farook, Omer",2013,2013 ASEE ANNUAL CONFERENCE,,https://www.webofscience.com/wos/woscc/full-record/WOS:000375255601042,adjacent-subtopic,"This paper presents a new course in Python Programming in the undergraduate program of study in Engineering/Technology/Science. Motive behind using Python is that it is a programming language that lets interactive and quick design and effective integration with modern systems. Python usage leads to immediate gains in productivity and lower maintenance costs. Python is becoming the work-horse in all new computer science activity in the modern industry. It supports multi programming paradigms, including object-oriented and structured programming. Python elegantly combines the number crunching capability like that of MATLAB with the programming ease of C based languages with a difference of better readability and interactivity.

The Python Programming is a 400-level, 3-credit course that contains all five components: a) the basic elements like the statements, comments, data types, data manipulation input/ output and control flow, b) data structures like dictionaries, lists, tuples, and classes c) structured and object oriented programming methods, d) interactive graphic programming and e) the html, xml and http processing.

The paper elaborates the pedagogy of classroom delivery and impact on student comprehension, conceptual understanding, learning and mastering of Python philosophy. Both methods of vertical and horizontal learning methods are used in this class. All programs that students write are added to a class repertoire which the current and future students will have access to for enhanced horizontal learning. Students are required to a design a project at the end of the class in which student teams of twos work on a project using python and share with the whole class.

The paper presents the student feedback and its analysis. The authors intend that this paper serves as a pointer to fellow academicians in bringing the technological currency in the undergraduate Engineering/Technology/Science programs.",wos,llm,0.990,unreviewed,,hash:c690c60866edc295
discarded,ProPOSEL: A Prosody and POS English Lexicon for Language Engineering,"Brierley, Claire; Atwell, Eric",2008,"SIXTH INTERNATIONAL CONFERENCE ON LANGUAGE RESOURCES AND EVALUATION, LREC 2008",,https://www.webofscience.com/wos/woscc/full-record/WOS:000324028902158,off-topic-false-hit,"ProPOSEL is a prototype prosody and PoS (part-of-speech) English lexicon for Language Engineering, derived from the following language resources: the computer-usable dictionary CUVPlus, the CELEX-2 database, the Carnegie-Mellon Pronouncing Dictionary, and the BNC, LOB and Penn Treebank PoS-tagged corpora. The lexicon is designed for the target application of prosodic phrase break prediction but is also relevant to other machine learning and language engineering tasks. It supplements the existing record structure for wordform entries in CUVPlus with syntactic annotations from rival PoS-tagging schemes, mapped to fields for default closed and open-class word categories and for lexical stress patterns representing the rhythmic structure of wordforms and interpreted as potential new text-based features for automatic phrase break classifiers. The current version of the lexicon comes as a textfile of 104052 separate entries and is intended for distribution with the Natural Language ToolKit; it is therefore accompanied by supporting Python software for manipulating the data so that it can be used for Natural Language Processing (NLP) and corpus-based research in speech synthesis and speech recognition.",wos,llm,0.990,unreviewed,,hash:ed5fd14bad62e0c9
discarded,An array module for Python,"Greenfield, P; Miller, T; Hsu, JC; White, RL",2002,ASTRONOMICAL DATA ANALYSIS SOFTWARE AND SYSTEMS XI,,https://www.webofscience.com/wos/woscc/full-record/WOS:000181074700029,adjacent-subtopic,"Although Python has long had a module for numeric array manipulations, it has had some shortcomings that prevent it from being as useful for astronomy applications as it could be. We have re-implemented the module to handle large arrays in a more memory-efficient manner, and to support direct access of data in tables and non-native data formats. The new module has been implemented mostly in Python although the core computational loops are performed in C for efficiency. The new approach allows arrays to be sub-classed as well as new kinds of array objects, such as record arrays. to be created. This paper discusses the design and implementation issues that were addressed in the development of the new array module for Python and gives examples of its use.",wos,llm,0.970,unreviewed,,hash:ebad74b5cec9e17e
discarded,"PyFITS, a Python FITS module","Barrett, PE; Bridgman, WT",2000,ASTRONOMICAL DATA ANALYSIS SOFTWARE AND SYSTEMS IX,,https://www.webofscience.com/wos/woscc/full-record/WOS:000167857000012,adjacent-subtopic,"PyFITS is a Python module for reading, writing, and manipulating FITS files. The module uses Python's object-oriented features to provide quick, easy, and efficient access to FITS files. The use of Python's array syntax enables immediate access to any FITS extension, header cards, or data items. The FITS module is written in Python for maintainability and portability and uses C-extension modules, Numeric and Record, for efficient access to the data. These and other features, and future developments are discussed in this paper.",wos,llm,0.960,unreviewed,,hash:f433ba48b57fac50
discarded,"Exploratory Implementation and Feasibility Report of CLASS (Clinical LLM Abstraction & Structuring System), A Large Language Model Pipeline for Extracting Unstructured Data From Clinical Notes",F.H. Kuo,2026,Journal of Medical Systems,10.1007/s10916-026-02462-6,https://www.scopus.com/inward/record.uri?partnerID=HzOxMe3b&scp=105050699323&origin=inward,off-topic-false-hit,,scopus,llm,0.990,unreviewed,,doi:10.1007/s10916-026-02462-6
discarded,Evolution of randomized controlled trials in adult neurosurgical critical care from 1990 to 2024 in the United States,T. McGee James,2026,Neurosurgical Review,10.1007/s10143-026-04389-5,https://www.scopus.com/inward/record.uri?partnerID=HzOxMe3b&scp=105044565249&origin=inward,off-topic-false-hit,,scopus,llm,1.000,unreviewed,,doi:10.1007/s10143-026-04389-5
discarded,Enhancing Computational Compliance Checking in Healthcare Facilities Through the IDS Standard,G. Marcellino,2026,Buildings,10.3390/buildings16173404,https://www.scopus.com/inward/record.uri?partnerID=HzOxMe3b&scp=105050255992&origin=inward,off-topic-false-hit,,scopus,llm,0.980,unreviewed,,doi:10.3390/buildings16173404
discarded,DistTrace-DN: A reproducibility-oriented artifact traceability framework for distribution-network research workflows,Q. Hong,2026,Softwarex,10.1016/j.softx.2026.102970,https://www.scopus.com/inward/record.uri?partnerID=HzOxMe3b&scp=105048614305&origin=inward,adjacent-subtopic,,scopus,llm,0.940,unreviewed,,doi:10.1016/j.softx.2026.102970
discarded,Ontology-Driven Adaptive Learning Environment Using Large Language Models for Educational Knowledge Extraction,R. Turebayeva,2026,Journal of Applied Data Sciences,10.47738/jads.v7i3.1456,https://www.scopus.com/inward/record.uri?partnerID=HzOxMe3b&scp=105048111580&origin=inward,off-topic-false-hit,,scopus,llm,0.980,unreviewed,,doi:10.47738/jads.v7i3.1456
discarded,WaveCrossNet: interpretable cross-modal automatic sleep staging for OSA patients,R. Quan,2026,Biomedical Physics and Engineering Express,10.1088/2057-1976/ae93bb,https://www.scopus.com/inward/record.uri?partnerID=HzOxMe3b&scp=105047391235&origin=inward,off-topic-false-hit,,scopus,llm,1.000,unreviewed,,doi:10.1088/2057-1976/ae93bb
discarded,"Electronic structure governs biological fate: Multi-scale computational nanotoxicology of TiO₂ nanoparticles across polymorphs, morphologies, and sizes",V. Diez-Cabanes,2026,Nanoimpact,10.1016/j.impact.2026.100644,https://www.scopus.com/inward/record.uri?partnerID=HzOxMe3b&scp=105049038828&origin=inward,off-topic-false-hit,,scopus,llm,1.000,unreviewed,,doi:10.1016/j.impact.2026.100644
discarded,DiNetxify—a python package for three‑dimensional disease network analysis based on electronic health record data,C. Hou,2026,European Journal of Epidemiology,10.1007/s10654-025-01360-4,https://www.scopus.com/inward/record.uri?partnerID=HzOxMe3b&scp=105028799534&origin=inward,off-topic-false-hit,,scopus,llm,0.990,unreviewed,,doi:10.1007/s10654-025-01360-4
discarded,An IOT-based Multi-Sensor Digital Twin for Predictive Maintenance of Industrial Motors,A.T. Khandekar,2026,17th International Conference on Advances in Computing Control and Telecommunication Technologies Act 2026,,https://www.scopus.com/inward/record.uri?partnerID=HzOxMe3b&scp=105047279936&origin=inward,off-topic-false-hit,,scopus,llm,0.990,unreviewed,,hash:3e190dad729ba67e
discarded,MPLID (Membrane Protein–Lipid Interaction Database): A Large-Scale Experimental Resource of Residue-Level Protein–Lipid Contacts,F.B. Omage,2026,Gigascience,10.1093/gigascience/giag080,https://www.scopus.com/inward/record.uri?partnerID=HzOxMe3b&scp=105046379090&origin=inward,off-topic-false-hit,,scopus,llm,1.000,unreviewed,,doi:10.1093/gigascience/giag080
discarded,Machine learning risk prediction models for medication harm in hospitalised adult patients,J.Y.J. Lam,2026,Therapeutic Advances in Drug Safety,10.1177/20420986251409325,https://www.scopus.com/inward/record.uri?partnerID=HzOxMe3b&scp=105027803289&origin=inward,off-topic-false-hit,,scopus,llm,1.000,unreviewed,,doi:10.1177/20420986251409325
discarded,Machine-learning prediction of pre-dose pharmacokinetics optimizes initial vancomycin dosing in critically ill children,J. Chen,2026,Frontiers in Pharmacology,10.3389/fphar.2026.1839423,https://www.scopus.com/inward/record.uri?partnerID=HzOxMe3b&scp=105041814688&origin=inward,off-topic-false-hit,,scopus,llm,1.000,unreviewed,,doi:10.3389/fphar.2026.1839423
discarded,"A Text-Based Project Risk Classification System Using Multi-Model AI: Comparing SVM, Logistic Regression, Random Forests, Naive Bayes, and XGBoost",K. Ferhati,2025,Systems,10.3390/systems13121078,https://www.scopus.com/inward/record.uri?partnerID=HzOxMe3b&scp=105025975110&origin=inward,off-topic-false-hit,,scopus,llm,0.970,unreviewed,,doi:10.3390/systems13121078
discarded,Machine Learning-Based QSAR Screening of Colombian Medicinal Flora for Potential Antiviral Compounds Against Dengue Virus: An In Silico Drug Discovery Approach,S.A. Montenegro-Herrera,2025,Pharmaceuticals,10.3390/ph18121906,https://www.scopus.com/inward/record.uri?partnerID=HzOxMe3b&scp=105026111664&origin=inward,off-topic-false-hit,,scopus,llm,1.000,unreviewed,,doi:10.3390/ph18121906
discarded,Enriching BIM-BEPS workflows to support natural ventilation simulations using AirflowNetwork,L. Garlet,2025,Energy and Buildings,10.1016/j.enbuild.2025.116295,https://www.scopus.com/inward/record.uri?partnerID=HzOxMe3b&scp=105013645317&origin=inward,off-topic-false-hit,,scopus,llm,0.990,unreviewed,,doi:10.1016/j.enbuild.2025.116295
discarded,"Python Bootcamp: A Rapid Crash Course Featuring Q&A Sessions, Exercises, and Projects",V. Sarcar,2025,Python Bootcamp A Rapid Crash Course Featuring Q A Sessions Exercises and Projects,10.1007/979-8-8688-1516-4,https://www.scopus.com/inward/record.uri?partnerID=HzOxMe3b&scp=105024645873&origin=inward,adjacent-subtopic,,scopus,llm,0.980,unreviewed,,doi:10.1007/979-8-8688-1516-4
discarded,Python Fast Track,S.S. Roy,2025,Python Fast Track A Complete Guide to Rapidly Mastering and Applying Python Programming,10.1016/C2024-0-00360-8,https://www.scopus.com/inward/record.uri?partnerID=HzOxMe3b&scp=105019733423&origin=inward,adjacent-subtopic,,scopus,llm,0.980,unreviewed,,doi:10.1016/c2024-0-00360-8
discarded,Development of Transformer Oil Filtration Digital Monitoring Device,H. Zhu,2025,2025 IEEE 3rd International Conference on Sensors Electronics and Computer Engineering Icsece 2025,10.1109/ICSECE65727.2025.11256926,https://www.scopus.com/inward/record.uri?partnerID=HzOxMe3b&scp=105030491572&origin=inward,off-topic-false-hit,,scopus,llm,1.000,unreviewed,,doi:10.1109/icsece65727.2025.11256926
discarded,Automatic Classification of Synthetic Jovian Radio Emissions Using Spectrogram Analysis and Machine Learning,S.M. Urbina,2025,Proceedings of the 2025 IEEE International Autumn Meeting on Power Electronics and Computing Ropec 2025,10.1109/ROPEC68163.2025.11353979,https://www.scopus.com/inward/record.uri?partnerID=HzOxMe3b&scp=105033694991&origin=inward,off-topic-false-hit,,scopus,llm,1.000,unreviewed,,doi:10.1109/ropec68163.2025.11353979
discarded,Design and Evaluating a Real-Time Legal Verdict Prediction System Using Transformer Models with Explainable AI,A. Singh,2025,2025 International Conference on Emerging Technologies and Innovation for Sustainability Emergin 2025,10.1109/EmergIN67762.2025.11450587,https://www.scopus.com/inward/record.uri?partnerID=HzOxMe3b&scp=105036375337&origin=inward,off-topic-false-hit,,scopus,llm,0.990,unreviewed,,doi:10.1109/emergin67762.2025.11450587
discarded,Critical and Creative Thinking in a Cooperative Learning Context with Emerging Technologies in Maths A,M. da Graça Magalhães,2025,International Conference the Future of Education,,https://www.scopus.com/inward/record.uri?partnerID=HzOxMe3b&scp=105029549269&origin=inward,off-topic-false-hit,,scopus,llm,0.990,unreviewed,,hash:afaac25df3a5a253
discarded,Improving the Accuracy of Diagnostic Imaging using Artificial Intelligence: A Method for Assessing Necrotic Tissue in Pressure Injury,Y. Kimura,2025,Yonago Acta Medica,10.33160/yam.2025.08.014,https://www.scopus.com/inward/record.uri?partnerID=HzOxMe3b&scp=105013892802&origin=inward,off-topic-false-hit,,scopus,llm,1.000,unreviewed,,doi:10.33160/yam.2025.08.014
discarded,Designing an Educational Omics Data Lake: A Multimodal Infrastructure for Technology-Enhanced Learning,C.K. Chang,2025,2025 7th International Conference on Modern Educational Technology Icmet 2025,10.1109/ICMET67594.2025.11452000,https://www.scopus.com/inward/record.uri?partnerID=HzOxMe3b&scp=105037714062&origin=inward,off-topic-false-hit,,scopus,llm,0.970,unreviewed,,doi:10.1109/icmet67594.2025.11452000
discarded,PyBEST: Improved functionality and enhanced performance,K. Boguslawski,2024,Computer Physics Communications,10.1016/j.cpc.2023.109049,https://www.scopus.com/inward/record.uri?partnerID=HzOxMe3b&scp=85184812365&origin=inward,off-topic-false-hit,,scopus,llm,0.960,unreviewed,,doi:10.1016/j.cpc.2023.109049
discarded,"4th EAI International Conference on Cognitive Computing and Cyber Physical Systems, IC4S 2023",,2024,Lecture Notes of the Institute for Computer Sciences Social Informatics and Telecommunications Engineering Lnicst,,https://www.scopus.com/inward/record.uri?partnerID=HzOxMe3b&scp=85182766115&origin=inward,adjacent-subtopic,,scopus,llm,0.900,unreviewed,,hash:7a0007d0329ce730
discarded,Crafting Insights from Facial Feedback for Enhanced Understanding,M.S. Mohamed,2024,Proceedings International Conference on Computing Power and Communication Technologies Ic2pct 2024,10.1109/IC2PCT60090.2024.10486281,https://www.scopus.com/inward/record.uri?partnerID=HzOxMe3b&scp=85191179297&origin=inward,off-topic-false-hit,,scopus,llm,0.990,unreviewed,,doi:10.1109/ic2pct60090.2024.10486281
discarded,Malware visual resemblance analysis with minimum losses using Siamese neural networks,T. Sree Lakshmi,2023,Theoretical Computer Science,10.1016/j.tcs.2022.07.018,https://www.scopus.com/inward/record.uri?partnerID=HzOxMe3b&scp=85136137013&origin=inward,off-topic-false-hit,,scopus,llm,0.980,unreviewed,,doi:10.1016/j.tcs.2022.07.018
discarded,Detection and Analyzing Satellite Images by Using Conventional Neural Network,A. Joudah,2023,Communications in Computer and Information Science,10.1007/978-3-031-41774-0_13,https://www.scopus.com/inward/record.uri?partnerID=HzOxMe3b&scp=85174708350&origin=inward,off-topic-false-hit,,scopus,llm,1.000,unreviewed,,doi:10.1007/978-3-031-41774-0_13
discarded,"The influence of dental restoration depth, internal cavity angle, and material properties on biomechanical resistance of a treated molar tooth",B. Babaei,2022,Journal of the Mechanical Behavior of Biomedical Materials,10.1016/j.jmbbm.2022.105305,https://www.scopus.com/inward/record.uri?partnerID=HzOxMe3b&scp=85131738212&origin=inward,off-topic-false-hit,,scopus,llm,1.000,unreviewed,,doi:10.1016/j.jmbbm.2022.105305
discarded,Development of a Machine Learning-Based Screening Method for Thyroid Nodules Classification by Solving the Imbalance Challenge in Thyroid Nodules Data,S. Khodabandelu,2022,Journal of Research in Health Sciences,10.34172/jrhs.2022.90,https://www.scopus.com/inward/record.uri?partnerID=HzOxMe3b&scp=85140985548&origin=inward,off-topic-false-hit,,scopus,llm,1.000,unreviewed,,doi:10.34172/jrhs.2022.90
discarded,Design and Implementation of a Guideline-Based Workflow Software System for Improving the Chemotherapy Process,M.R. Afrash,2022,Shiraz E Medical Journal,10.5812/semj.119010,https://www.scopus.com/inward/record.uri?partnerID=HzOxMe3b&scp=85129477635&origin=inward,adjacent-subtopic,,scopus,llm,0.910,unreviewed,,doi:10.5812/semj.119010
discarded,Programming in Two Semesters; Using Python and Java,Q. Charatan,2022,Texts in Computer Science,10.1007/978-3-031-01326-3,https://www.scopus.com/inward/record.uri?partnerID=HzOxMe3b&scp=105041005518&origin=inward,adjacent-subtopic,,scopus,llm,0.980,unreviewed,,doi:10.1007/978-3-031-01326-3
discarded,Type Checking Extracted Methods,Y. Fu,2022,Art Science and Engineering of Programming,10.22152/programming-journal.org/2022/6/6,https://www.scopus.com/inward/record.uri?partnerID=HzOxMe3b&scp=85128244270&origin=inward,adjacent-subtopic,,scopus,llm,0.960,unreviewed,,doi:10.22152/programming-journal.org/2022/6/6
discarded,An improved pagination widget based on PYQT5,Q. Li,2022,IEEE Joint International Information Technology and Artificial Intelligence Conference Itaic,10.1109/ITAIC54216.2022.9836488,https://www.scopus.com/inward/record.uri?partnerID=HzOxMe3b&scp=85136429880&origin=inward,adjacent-subtopic,,scopus,llm,0.950,unreviewed,,doi:10.1109/itaic54216.2022.9836488
