status,title,authors,year,venue,doi,url,tags,abstract,provider,decision_source,llm_confidence,llm_review_outcome,llm_change_direction,paper_id
kept,Do Code Smells Impact the Effort of Different Maintenance Programming Activities?,Zéphyrin Soh; Aiko Fallas Yamashita; Foutse Khomh; Yann‐Gaël Guéhéneuc,2016,,10.1109/saner.2016.103,https://openalex.org/W2394837668,qualifies-claim; vinst,"Empirical studies have shown so far that code smells have relatively low impact over maintenance effort at file level. We surmise that previous studies have found low effects of code smells because the effort considered is a ""sheer-effort"" that does not distinguish between the kinds of developers' activities. In our study, we investigate the effects of code smells at the activity level. Examples of activities are: reading, editing, searching, and navigating, which are performed independently over different files during maintenance. We conjecture that structural attributes represented in the form of different code smells do indeed have an effect on the effort for performing certain kinds of activities. To verify this conjecture, we revisit a previous study about the impact of code smell on maintenance effort, using the same dataset, but considering activity effort. Six professional developers were hired to perform three maintenance tasks on four functionally equivalent Java Systems. Each developer performs two maintenance tasks. During maintenance task, we monitor developers' logs. Then, we define an annotation schema to identify developers' activities and assess whether code smells affect different maintenance activities. Results show that different code smells affect differently activity effort. Yet, the size of the changes performed to solve the task impacts the effort of all activities more than code smells and file size. While code smells impact the editing and navigating effort more than file size, the file size impacts the reading and searching activities more than code smells. One major implication of these results is that if code smells indeed affect the effort of certain kinds of activities, it means that their effects are contingent on the type of maintenance task at hand, where some kinds of activities will become more predominant than others.",openalex,llm_reviewed,0.980,confirmed,,doi:10.1109/saner.2016.103
kept,Improving change prediction models with code smell-related information,Gemma Catolino; Fabio Palomba; Francesca Arcelli Fontana; Andrea De Lucia; Andy Zaidman; Filomena Ferrucci,2019,Empirical Software Engineering,10.1007/s10664-019-09739-0,https://openalex.org/W2946009226,supports-claim,,openalex,llm,0.870,unreviewed,,doi:10.1007/s10664-019-09739-0
discarded,Automatic detection of Long Method and God Class code smells through neural source code embeddings,Aleksandar Kovačević; Јелена Сливка; Dragan Vidaković; Katarina-Glorija Grujić; Nikola Luburić; Simona Prokić; Goran Sladić,2022,Expert Systems with Applications,10.1016/j.eswa.2022.117607,https://openalex.org/W4280612166,adjacent-subtopic,"Code smells are structures in code that often harm its quality. Manually detecting code smells is challenging, so researchers proposed many automatic detectors. Traditional code smell detectors employ metric-based heuristics, but researchers have recently adopted a Machine-Learning (ML) based approach. This paper compares the performance of multiple ML-based code smell detection models against multiple metric-based heuristics for detection of God Class and Long Method code smells. We assess the effectiveness of different source code representations for ML: we evaluate the effectiveness of traditionally used code metrics against code embeddings (code2vec, code2seq, and CuBERT). This study is the first to evaluate the effectiveness of pre-trained neural source code embeddings for code smell detection to the best of our knowledge. This approach helped us leverage the power of transfer learning – our study is the first to explore whether the knowledge mined from code understanding models can be transferred to code smell detection. A secondary contribution of our research is the systematic evaluation of the effectiveness of code smell detection approaches on the same large-scale, manually labeled MLCQ dataset. Almost every study that proposes a detection approach tests this approach on the dataset unique for the study. Consequently, we cannot directly compare the reported performances to derive the best-performing approach.",openalex,llm,0.960,unreviewed,,doi:10.1016/j.eswa.2022.117607
discarded,Detecting code smells using industry-relevant data,Lech Madeyski; Tomasz Lewowski,2022,Information and Software Technology,10.1016/j.infsof.2022.107112,https://openalex.org/W4309769562,adjacent-subtopic,,openalex,llm,0.910,unreviewed,,doi:10.1016/j.infsof.2022.107112
discarded,Bad Smell Detection Using Machine Learning Techniques: A Systematic Literature Review,Ahmed Al-Shaaby; Hamoud Aljamaan; Mohammad Alshayeb,2020,Arabian Journal for Science and Engineering,10.1007/s13369-019-04311-w,https://openalex.org/W2998214346,adjacent-subtopic,,openalex,llm,0.960,unreviewed,,doi:10.1007/s13369-019-04311-w
kept,Toward a Smell-Aware Bug Prediction Model,Fabio Palomba; Marco Zanoni; Francesca Arcelli Fontana; Andrea De Lucia; Rocco Oliveto,2017,IEEE Transactions on Software Engineering,10.1109/tse.2017.2770122,https://openalex.org/W2593156329,supports-claim,"Code smells are symptoms of poor design and implementation choices. Previous studies empirically assessed the impact of smells on code quality and clearly indicate their negative impact on maintainability, including a higher bug-proneness of components affected by code smells. In this paper, we capture previous findings on bug-proneness to build a specialized bug prediction model for smelly classes. Specifically, we evaluate the contribution of a measure of the severity of code smells (i.e., code smell intensity) by adding it to existing bug prediction models based on both product and process metrics, and comparing the results of the new model against the baseline models. Results indicate that the accuracy of a bug prediction model increases by adding the code smell intensity as predictor. We also compare the results achieved by the proposed model with the ones of an alternative technique which considers metrics about the history of code smells in files, finding that our model works generally better. However, we observed interesting complementarities between the set of buggy and smelly classes correctly classified by the two models. By evaluating the actual information gain provided by the intensity index with respect to the other metrics in the model, we found that the intensity index is a relevant feature for both product and process metrics-based models. At the same time, the metric counting the average number of code smells in previous versions of a class considered by the alternative model is also able to reduce the entropy of the model. On the basis of this result, we devise and evaluate a smell-aware combined bug prediction model that included product, process, and smell-related features. We demonstrate how such model classifies bug-prone code components with an F-Measure at least 13 percent higher than the existing state-of-the-art models.",openalex,llm,0.860,unreviewed,,doi:10.1109/tse.2017.2770122
discarded,A Systematic Literature Review: Code Bad Smells in Java Source Code,Aakanshi Gupta; Bharti Suri; Sanjay Misra,2017,Lecture notes in computer science,10.1007/978-3-319-62404-4_49,https://openalex.org/W2735791745,adjacent-subtopic,,openalex,llm,0.680,unreviewed,,doi:10.1007/978-3-319-62404-4_49
discarded,Utilising Code Smells to Detect Quality Problems in TTCN-3 Test Suites,Helmut Neukirchen; Martin Bisanz,2007,Lecture notes in computer science,10.1007/978-3-540-73066-8_16,https://openalex.org/W1556297068,adjacent-subtopic,,openalex,llm,0.870,unreviewed,,doi:10.1007/978-3-540-73066-8_16
kept,An Investigative Study on How Developers Filter and Prioritize Code Smells,Natthawute Sae‐Lim; Shinpei Hayashi; Motoshi Saeki,2018,IEICE Transactions on Information and Systems,10.1587/transinf.2017kbp0006,https://openalex.org/W2811497843,qualifies-claim,"Code smells are indicators of design flaws or problems in the source code. Various tools and techniques have been proposed for detecting code smells. These tools generally detect a large number of code smells, so approaches have also been developed for prioritizing and filtering code smells. However, lack of empirical data detailing how developers filter and prioritize code smells hinders improvements to these approaches. In this study, we investigated ten professional developers to determine the factors they use for filtering and prioritizing code smells in an open source project under the condition that they complete a list of five tasks. In total, we obtained 69 responses for code smell filtration and 50 responses for code smell prioritization from the ten professional developers. We found that Task relevance and Smell severity were most commonly considered during code smell filtration, while Module importance and Task relevance were employed most often for code smell prioritization. These results may facilitate further research into code smell detection, prioritization, and filtration to better focus on the actual needs of developers.",openalex,llm,0.760,unreviewed,,doi:10.1587/transinf.2017kbp0006
discarded,An empirical catalog of code smells for the presentation layer of Android apps,Suelen Goularte Carvalho; Mauricio Finavaro Aniche; Júlio Veríssimo; Rafael S. Durelli; Marco Aurélio Gerosa,2019,Empirical Software Engineering,10.1007/s10664-019-09768-9,https://openalex.org/W2991463935,adjacent-subtopic,"Abstract Software developers, including those of the Android mobile platform, constantly seek to improve their applications’ maintainability and evolvability. Code smells are commonly used for this purpose, as they indicate symptoms of design problems. However, although the literature presents a variety of code smells, such as God Class and Long Method, characteristics that are specific to the underlying technologies are not taken into account. The presentation layer of an Android app, for example, implements specific architectural decisions from the Android platform itself (such as the use of Activities, Fragments, and Listeners) as well as deal with and integrate different types of resources (such as layouts and images). Through a three-step study involving 246 Android developers, we investigated code smells that developers perceive for this part of Android apps. We devised 20 specific code smells and collected the developers’ perceptions of their frequency and importance. We also implemented a tool that identifies the proposed code smells and studied their prevalence in 619 open-source Android apps. Our findings suggest that: 1) developers perceive smells specific to the presentation layer of Android apps; 2) developers consider these smells to be of high importance and frequency; and 3) the proposed smells occur in real-world Android apps. Our domain-specific smells can be leveraged by developers, researchers, and tool developers for searching potentially problematic pieces of code.",openalex,llm,0.920,unreviewed,,doi:10.1007/s10664-019-09768-9
discarded,Code Smells in Machine Learning Systems,Jiri Gesi; Siqi Liu; Jiawei Li; Iftekhar Ahmed; Nachiappan Nagappan; David Lo; Eduardo Santana de Almeida; Pavneet Singh Kochhar; Lingfeng Bao,2022,arXiv (Cornell University),10.48550/arxiv.2203.00803,https://openalex.org/W4226106048,adjacent-subtopic,"As Deep learning (DL) systems continuously evolve and grow, assuring their quality becomes an important yet challenging task. Compared to non-DL systems, DL systems have more complex team compositions and heavier data dependency. These inherent characteristics would potentially cause DL systems to be more vulnerable to bugs and, in the long run, to maintenance issues. Code smells are empirically tested as efficient indicators of non-DL systems. Therefore, we took a step forward into identifying code smells, and understanding their impact on maintenance in this comprehensive study. This is the first study on investigating code smells in the context of DL software systems, which helps researchers and practitioners to get a first look at what kind of maintenance modification made and what code smells developers have been dealing with. Our paper has three major contributions. First, we comprehensively investigated the maintenance modifications that have been made by DL developers via studying the evolution of DL systems, and we identified nine frequently occurred maintenance-related modification categories in DL systems. Second, we summarized five code smells in DL systems. Third, we validated the prevalence, and the impact of our newly identified code smells through a mixture of qualitative and quantitative analysis. We found that our newly identified code smells are prevalent and impactful on the maintenance of DL systems from the developer's perspective.",openalex,llm,0.830,unreviewed,,doi:10.48550/arxiv.2203.00803
kept,The Effect of Code Smells on the Relationship Between Design Patterns and Defects,Tarek Alkhaeir; Bartosz Walter,2020,IEEE Access,10.1109/access.2020.3047870,https://openalex.org/W3115295924,supports-claim,"The relationship between design patterns and defects was investigated in the literature, but with mixed results. While the majority of studies found the presence of patterns to be positively correlated with defects, other works reported the opposite conclusions. This may suggest that contextual factors affect this relationship. In this study we analyze the role of code smells as a confounding variable in the relationship between design patterns and defects in Java classes. To investigate this, we applied statistical tests to capture the difference in the impact on defects between pattern classes with/without code smells in 10 Java systems from the PROMISE dataset, with respect to 13 design patterns and 10 code smells. The presence of code smells in patterns appears to be a valid factor affecting defect-proneness. Pattern classes with smells attract more defects than non-smelly pattern classes, and in most systems smelly design patterns are positively correlated with the presence of defects, while non-smelly patterns tend to have no impact, or a slightly negative impact on the presence of defects. As a result, the presence of code smells in design pattern classes appears to be a contextual factor affecting the defect-proneness of the subject code.",openalex,llm,0.840,unreviewed,,doi:10.1109/access.2020.3047870
discarded,Crowdsmelling: A preliminary study on using collective knowledge in code smells detection,José Pereira dos Reis; Fernando Brito e Abreu; Glauco de Figueiredo Carneiro,2022,Empirical Software Engineering,10.1007/s10664-021-10110-5,https://openalex.org/W4221005884,adjacent-subtopic,,openalex,llm,0.880,unreviewed,,doi:10.1007/s10664-021-10110-5
discarded,Custom Template for Data Collection and Software Refactoring Algorithm,J. Sun,2026,Proceedings of 2026 6th International Conference on Computer Network Security and Software Engineering Cnsse 2026,10.1145/3803633.3803652,https://www.scopus.com/inward/record.uri?partnerID=HzOxMe3b&scp=105040190208&origin=inward,adjacent-subtopic,,scopus,llm,0.610,unreviewed,,doi:10.1145/3803633.3803652
discarded,A large scale study on how developers discuss code smells and anti-pattern in Stack Exchange sites,A. Tahir,2020,Information and Software Technology,10.1016/j.infsof.2020.106333,https://www.scopus.com/inward/record.uri?partnerID=HzOxMe3b&scp=85084338028&origin=inward,adjacent-subtopic,,scopus,llm,0.820,unreviewed,,doi:10.1016/j.infsof.2020.106333
discarded,Detection of Bad Smell in Code Based on BP Neural Network,S. Wang,2020,Jisuanji Gongcheng Computer Engineering,10.19678/j.issn.1000-3428.0055862,https://www.scopus.com/inward/record.uri?partnerID=HzOxMe3b&scp=85104642321&origin=inward,adjacent-subtopic,,scopus,llm,0.940,unreviewed,,doi:10.19678/j.issn.1000-3428.0055862
kept,On the diffuseness and the impact on maintainability of code smells: a large scale empirical investigation,Fabio Palomba; Gabriele Bavota; Massimiliano Di Penta; Fausto Fasano; Rocco Oliveto; Andrea De Lucia,2017,Empirical Software Engineering,10.1007/s10664-017-9535-z,https://openalex.org/W2742512005,supports-claim; vinst,"Code smells are symptoms of poor design and implementation choices that may hinder code comprehensibility and maintainability. Despite the effort devoted by the research community in studying code smells, the extent to which code smells in software systems affect software maintainability remains still unclear. In this paper we present a large scale empirical investigation on the diffuseness of code smells and their impact on code change- and fault-proneness. The study was conducted across a total of 395 releases of 30 open source projects and considering 17,350 manually validated instances of 13 different code smell kinds. The results show that smells characterized by long and/or complex code (e.g., Complex Class ) are highly diffused, and that smelly classes have a higher change- and fault-proneness than smell-free classes.",openalex,llm_reviewed,0.980,confirmed,,doi:10.1007/s10664-017-9535-z
discarded,A systematic literature review: Refactoring for disclosing code smells in object oriented software,Satwinder Singh; Sharanpreet Kaur,2017,Ain Shams Engineering Journal,10.1016/j.asej.2017.03.002,https://openalex.org/W2601190106,adjacent-subtopic,"Reusing a design pattern is not always in the favor of developers. Thus, the code starts smelling. The presence of “Code Smells” leads to more difficulties for the developers. This racket of code smells is sometimes called Anti-Patterns. The paper aimed at a systematic literature review of refactoring with respect to code smells. However the review of refactoring is done in general and the identification of code smells and anti-patterns is performed in depth. A systematic literature survey has been performed on 238 research items that includes articles from leading Conferences, Workshops and premier journals, theses of researchers and book chapters. Several data sets and tools for performing refactoring have been revealed under the specified research questions. The work done in the paper is an addition to prior systematic literature surveys. With the study of paper the attentiveness of readers about code smells and anti-patterns will be enhanced.",openalex,llm,0.720,unreviewed,,doi:10.1016/j.asej.2017.03.002
discarded,Automatic detection of bad smells in code: An experimental assessment.,Francesca Arcelli Fontana; Pietro Braione; Marco Zanoni,2012,The Journal of Object Technology,10.5381/jot.2012.11.2.a5,https://openalex.org/W2073792498,adjacent-subtopic,"Code smells are structural characteristics of software that may indicate a code or design problem that makes software hard to evolve and maintain, and may trigger refactoring of code.Recent research is active in defining automatic detection tools to help humans in finding smells when code size becomes unmanageable for manual review.Since the definitions of code smells are informal and subjective, assessing how effective code smell detection tools are is both important and hard to achieve.This paper reviews the current panorama of the tools for automatic code smell detection.It defines research questions about the consistency of their responses, their ability to expose the regions of code most affected by structural decay, and the relevance of their responses with respect to future software evolution.It gives answers to them by analyzing the output of four representative code smell detectors applied to six different versions of GanttProject, an open source system written in Java.The results of these experiments cast light on what current code smell detection tools are able to do and what the relevant areas for further improvement are.",openalex,llm,0.880,unreviewed,,doi:10.5381/jot.2012.11.2.a5
discarded,A large empirical assessment of the role of data balancing in machine-learning-based code smell detection,Fabiano Pecorelli; Dario Di Nucci; Coen De Roover; Andrea De Lucia,2020,Journal of Systems and Software,10.1016/j.jss.2020.110693,https://openalex.org/W3035156651,adjacent-subtopic,"Code smells can compromise software quality in the long term by inducing technical debt. For this reason, many approaches aimed at identifying these design flaws have been proposed in the last decade. Most of them are based on heuristics in which a set of metrics is used to detect smelly code components. However, these techniques suffer from subjective interpretations, a low agreement between detectors, and threshold dependability. To overcome these limitations, previous work applied Machine-Learning that can learn from previous datasets without needing any threshold definition. However, more recent work has shown that Machine-Learning is not always suitable for code smell detection due to the highly imbalanced nature of the problem. In this study, we investigate five approaches to mitigate data imbalance issues to understand their impact on Machine Learning-based approaches for code smell detection in Object-Oriented systems and those implementing the Model-View-Controller pattern. Our findings show that avoiding balancing does not dramatically impact accuracy. Existing data balancing techniques are inadequate for code smell detection leading to poor accuracy for Machine-Learning-based approaches. Therefore, new metrics to exploit different software characteristics and new techniques to effectively combine them are needed.",openalex,llm,0.960,unreviewed,,doi:10.1016/j.jss.2020.110693
