status,title,authors,year,venue,doi,url,tags,abstract,provider,decision_source,llm_confidence,llm_review_outcome,llm_change_direction,paper_id
discarded,"PyMC: a modern, and comprehensive probabilistic programming framework in Python",Oriol Abril-Pla; Virgile Andreani; Colin Carroll; Larry Dong; Christopher Fonnesbeck; Maxim Kochurov; Ravin R. Kumar; Junpeng Lao; Christian C. Luhmann; Osvaldo A. Martin; Michael Osthege; Ricardo Vieira; Thomas V. Wiecki; Robert Zinkov,2023,PeerJ Computer Science,10.7717/peerj-cs.1516,https://openalex.org/W4386373863,off-topic-false-hit,"PyMC is a probabilistic programming library for Python that provides tools for constructing and fitting Bayesian models. It offers an intuitive, readable syntax that is close to the natural syntax statisticians use to describe models. PyMC leverages the symbolic computation library PyTensor, allowing it to be compiled into a variety of computational backends, such as C, JAX, and Numba, which in turn offer access to different computational architectures including CPU, GPU, and TPU. Being a general modeling framework, PyMC supports a variety of models including generalized hierarchical linear regression and classification, time series, ordinary differential equations (ODEs), and non-parametric models such as Gaussian processes (GPs). We demonstrate PyMC's versatility and ease of use with examples spanning a range of common statistical models. Additionally, we discuss the positive role of PyMC in the development of the open-source ecosystem for probabilistic programming.",openalex,llm,0.990,unreviewed,,doi:10.7717/peerj-cs.1516
discarded,GOATOOLS: A Python library for Gene Ontology analyses,D. V. Klopfenstein; Liangsheng Zhang; Brent S. Pedersen; Fidel Ramírez; Alex Warwick Vesztrocy; Aurélien Naldi; Chris Mungall; Jeffrey M. Yunes; Olga Borisovna Botvinnik; Mark Weigel; Will Dampier; Christophe Dessimoz; Patrick Flick; Haibao Tang,2018,Scientific Reports,10.1038/s41598-018-28948-z,https://openalex.org/W2845591014,off-topic-false-hit,"The biological interpretation of gene lists with interesting shared properties, such as up- or down-regulation in a particular experiment, is typically accomplished using gene ontology enrichment analysis tools. Given a list of genes, a gene ontology (GO) enrichment analysis may return hundreds of statistically significant GO results in a ""flat"" list, which can be challenging to summarize. It can also be difficult to keep pace with rapidly expanding biological knowledge, which often results in daily changes to any of the over 47,000 gene ontologies that describe biological knowledge. GOATOOLS, a Python-based library, makes it more efficient to stay current with the latest ontologies and annotations, perform gene ontology enrichment analyses to determine over- and under-represented terms, and organize results for greater clarity and easier interpretation using a novel GOATOOLS GO grouping method. We performed functional analyses on both stochastic simulation data and real data from a published RNA-seq study to compare the enrichment results from GOATOOLS to two other popular tools: DAVID and GOstats. GOATOOLS is freely available through GitHub: https://github.com/tanghaibao/goatools .",openalex,llm,0.990,unreviewed,,doi:10.1038/s41598-018-28948-z
discarded,Understanding object-oriented: a unifying paradigm,Timothy D. Korson; John D. McGregor,1990,Communications of the ACM,10.1145/83880.84459,https://openalex.org/W2056287941,adjacent-subtopic,"The need to develop and maintain large complex software systems in a competitive and dynamic environment has driven interest in new approaches to software design and development. The problems with the classical waterfall model have been cataloged in almost every software engineering text [19,23]. In response, alternative models such as the spiral [2], and fountain [9] have been proposed. Problems with traditional development using the classical life cycle include no iteration, no emphasis on reuse, and no unifying model to integrate the phases. The difference in point of view between following data flows in structured analysis and building hierarchies of tasks in structured design has always been a major problem [4]. Each system is built from scratch and maintenance costs account for a notoriously large share of total system costs. The object-oriented paradigm addresses each of these issues. A look at the object-oriented software life cycle, as described by Meyer [5], Coad and Yourdon [4], and Henderson-Sellers and Edwards [9], identifies the three traditional activities of analysis, design, and implementation. However, each of the referenced descriptions eliminates the distinct boundaries between the phases. The primary reason for this blurring of boundaries is that the items of interest in each phase are the same: objects. Objects and the relationships between objects are identified in both the analysis and design phases. Objects and relationships identified and documented in the analysis phase serve not only as input to the design phase, but as an initial layer in the design. This continuity provides for a much more seamless interface between the phases. Analysts, designers and programmers are working with a common set of items upon which to build. A second reason for the blurring of these boundaries is that the object-oriented development process is iterative. Henderson-Sellers and Edwards further refine this idea by replacing the waterfall model of software development with a fountain model. Development reaches a high level only to fall back to a previous level to begin the climb once again. As an example of the blurring of the traditional boundaries of the life cycle phases, Coad and Yourdon recommend that classification relationships between objects be captured and documented during the object-oriented analysis (OOA) phase. This classification will be directly reflected in the class inheritance structure developed in the design and in the code. This classification is in no way required in order to document the system requirements. In other words, Coad and Yourdon are recommending a traditional design activity in the analysis phase. The blurring of the traditional design and implementation phases has been fueled by the development of encapsulation and abstraction mechanisms in object-oriented and object-based languages. For example, Meyer claims [14] that Eiffel is both a design and an implementation language. He goes on to say that software design is sometimes mistakenly viewed as an activity totally secluded from actual implementation. From his point of view, much is to be gained from an approach that integrates both activities within the same conceptual framework. The object-oriented design paradigm is the next logical step in a progression that has led from a purely procedural approach to an object-based approach and now to the object-oriented approach. The progression has resulted from a gradual shift in point of view in the development process. The procedural design paradigm utilizes functional decomposition to specify the tasks to be completed in order to solve a problem. The object-based approach, typified by the techniques of Yourdon, Jackson and Booth, gives more attention to data specifications than the procedural approach but still utilizes functional decomposition to develop the architecture of a system. The object-oriented approach goes beyond the object-based technique in the emphasis given to data by utilizing the relationships between objects as a fundamental part of the system architecture. The goal in designing individual software components is to represent a concept in what will eventually be an executable form. The Abstract Data Type (ADT) is the object-based paradigm's technique for capturing this conceptual information. The class is the object-oriented paradigm's conceptual modeling tool. The design pieces resulting from the object-oriented design technique represent a tighter coupling of data and functionality than traditional ADTs. These artifacts of the design process used in conjunction with a modeling-based decomposition approach yield a paradigm, a technique, which is very natural and flexible. It is natural in the sense that the design pieces are closely identified with the real-world concepts which they model. It is flexible in the sense of quickly adapting to changes in the problem specifications. Object-oriented remains a term which is interpreted differently by different people. Before presenting an overview of a set of techniques for the design process, we will give our perspective so the reader may judge the techniques in terms of those definitions. Briefly, we adapt Wegner's [27] definition for object-oriented languages to object-oriented design. The pieces of the design are objects which are grouped into classes for specification purposes. In addition to traditional dependencies between data elements, an inheritance relation between classes is used to express specializations and generalizations of the concepts represented by the classes. As natural and flexible as the object-oriented technique is, it is still possible to produce a bad design when using it. We will consider a number of general design criteria and will discuss how the object-oriented approach assists the designer in meeting these criteria. We will refer to a number of design guidelines developed specifically for the object-oriented design paradigm and will discuss how these properties reinforce the concepts of good design. The paradigm sprang from language, has matured into design, and has recently moved into analysis. The blurring of boundaries between these phases has led us to include topics in this article that are outside the realm of design, but which we consider important to understanding the design process. Since the paradigm sprang from language, we define the concepts basic to object-oriented programming in the following section.",openalex,llm,0.910,unreviewed,,doi:10.1145/83880.84459
discarded,A survey on addressing high-class imbalance in big data,Joffrey L. Leevy; Taghi M. Khoshgoftaar; Richard A. Bauder; Naeem Seliya,2018,Journal Of Big Data,10.1186/s40537-018-0151-6,https://openalex.org/W2899434936,off-topic-false-hit,"In a majority–minority classification problem, class imbalance in the dataset(s) can dramatically skew the performance of classifiers, introducing a prediction bias for the majority class. Assuming the positive (minority) class is the group of interest and the given application domain dictates that a false negative is much costlier than a false positive, a negative (majority) class prediction bias could have adverse consequences. With big data, the mitigation of class imbalance poses an even greater challenge because of the varied and complex structure of the relatively much larger datasets. This paper provides a large survey of published studies within the last 8 years, focusing on high-class imbalance (i.e., a majority-to-minority class ratio between 100:1 and 10,000:1) in big data in order to assess the state-of-the-art in addressing adverse effects due to class imbalance. In this paper, two techniques are covered which include Data-Level (e.g., data sampling) and Algorithm-Level (e.g., cost-sensitive and hybrid/ensemble) Methods. Data sampling methods are popular in addressing class imbalance, with Random Over-Sampling methods generally showing better overall results. At the Algorithm-Level, there are some outstanding performers. Yet, in the published studies, there are inconsistent and conflicting results, coupled with a limited scope in evaluated techniques, indicating the need for more comprehensive, comparative studies.",openalex,llm,1.000,unreviewed,,doi:10.1186/s40537-018-0151-6
discarded,Adversarially Learned One-Class Classifier for Novelty Detection,Mohammad Sabokrou; Mohammad Khalooei; Mahmood Fathy; Ehsan Adeli,2018,,10.1109/cvpr.2018.00356,https://openalex.org/W2788979378,off-topic-false-hit,"Novelty detection is the process of identifying the observation(s) that differ in some respect from the training observations (the target class). In reality, the novelty class is often absent during training, poorly sampled or not well defined. Therefore, one-class classifiers can efficiently model such problems. However, due to the unavailability of data from the novelty class, training an end-to-end deep network is a cumbersome task. In this paper, inspired by the success of generative adversarial networks for training deep models in unsupervised and semi-supervised settings, we propose an end-to-end architecture for one-class classification. Our architecture is composed of two deep networks, each of which trained by competing with each other while collaborating to understand the underlying concept in the target class, and then classify the testing samples. One network works as the novelty detector, while the other supports it by enhancing the inlier samples and distorting the outliers. The intuition is that the separability of the enhanced inliers and distorted outliers is much better than deciding on the original samples. The proposed framework applies to different related applications of anomaly and outlier detection in images and videos. The results on MNIST and Caltech-256 image datasets, along with the challenging UCSD Ped2 dataset for video anomaly detection illustrate that our proposed method learns the target class effectively and is superior to the baseline and state-of-the-art methods.",openalex,llm,1.000,unreviewed,,doi:10.1109/cvpr.2018.00356
discarded,PsychoPy2: Experiments in behavior made easy,Jonathan W. Peirce; Jeremy Gray; Sol Simpson; Michael R. MacAskill; Richard Höchenberger; Hiroyuki Sogo; Erik K. Kastman; Jonas Kristoffer Lindeløv,2019,Behavior Research Methods,10.3758/s13428-018-01193-y,https://openalex.org/W2913606428,off-topic-false-hit,"PsychoPy is an application for the creation of experiments in behavioral science (psychology, neuroscience, linguistics, etc.) with precise spatial control and timing of stimuli. It now provides a choice of interface; users can write scripts in Python if they choose, while those who prefer to construct experiments graphically can use the new Builder interface. Here we describe the features that have been added over the last 10 years of its development. The most notable addition has been that Builder interface, allowing users to create studies with minimal or no programming, while also allowing the insertion of Python code for maximal flexibility. We also present some of the other new features, including further stimulus options, asynchronous time-stamped hardware polling, and better support for open science and reproducibility. Tens of thousands of users now launch PsychoPy every month, and more than 90 people have contributed to the code. We discuss the current state of the project, as well as plans for the future.",openalex,llm,0.990,unreviewed,,doi:10.3758/s13428-018-01193-y
discarded,The fast azimuthal integration Python library: pyFAI,Giannis Ashiotis; Aurore Deschildre; Zubair Nawaz; Jonathan Paul Wright; Dimitrios Karkoulis; F. Picca; Jérôme Kieffer,2015,Journal of Applied Crystallography,10.1107/s1600576715004306,https://openalex.org/W2117152322,off-topic-false-hit,"pyFAI is an open-source software package designed to perform azimuthal integration and, correspondingly, two-dimensional regrouping on area-detector frames for small- and wide-angle X-ray scattering experiments. It is written in Python (with binary submodules for improved performance), a language widely accepted and used by the scientific community today, which enables users to easily incorporate the pyFAI library into their processing pipeline. This article focuses on recent work, especially the ease of calibration, its accuracy and the execution speed for integration.",openalex,llm,0.990,unreviewed,,doi:10.1107/s1600576715004306
discarded,Scalable and accurate deep learning with electronic health records,Alvin Rajkomar; Eyal Oren; Kai Chen; Andrew M. Dai; Nissan Hajaj; Michaela Hardt; Peter J. Liu; Xiaobing Liu; Jake Marcus; Mimi Sun; Patrik Sundberg; Hector Yee; Kun Zhang; Yi Zhang; Gerardo Flores; Gavin E. Duggan; Jamie Irvine; Quoc Le; Kurt Litsch; Alexander Mossin; Justin Tansuwan; De Wang; James Wexler; Jimbo Wilson; Dana Ludwig; Samuel L. Volchenboum; Katherine Chou; Michael Pearson; Srinivasan Madabushi; Nigam H. Shah; Atul J. Butte; Michael D. Howell; Claire Cui; Greg S. Corrado; Jeffrey Dean,2018,npj Digital Medicine,10.1038/s41746-018-0029-1,https://openalex.org/W2784499877,off-topic-false-hit,"Predictive modeling with electronic health record (EHR) data is anticipated to drive personalized medicine and improve healthcare quality. Constructing predictive statistical models typically requires extraction of curated predictor variables from normalized EHR data, a labor-intensive process that discards the vast majority of information in each patient's record. We propose a representation of patients' entire raw EHR records based on the Fast Healthcare Interoperability Resources (FHIR) format. We demonstrate that deep learning methods using this representation are capable of accurately predicting multiple medical events from multiple centers without site-specific data harmonization. We validated our approach using de-identified EHR data from two US academic medical centers with 216,221 adult patients hospitalized for at least 24 h. In the sequential format we propose, this volume of EHR data unrolled into a total of 46,864,534,945 data points, including clinical notes. Deep learning models achieved high accuracy for tasks such as predicting: in-hospital mortality (area under the receiver operator curve [AUROC] across sites 0.93-0.94), 30-day unplanned readmission (AUROC 0.75-0.76), prolonged length of stay (AUROC 0.85-0.86), and all of a patient's final discharge diagnoses (frequency-weighted AUROC 0.90). These models outperformed traditional, clinically-used predictive models in all cases. We believe that this approach can be used to create accurate and scalable predictions for a variety of clinical scenarios. In a case study of a particular prediction, we demonstrate that neural networks can be used to identify relevant information from the patient's chart.",openalex,llm,0.990,unreviewed,,doi:10.1038/s41746-018-0029-1
discarded,"LAMMPS - a flexible simulation tool for particle-based materials modeling at the atomic, meso, and continuum scales",Aidan P. Thompson; Hasan Metin Aktulga; Richard A. Berger; Dan Bolintineanu; W. Michael Brown; Paul Crozier; Pieter J. in ’t Veld; Axel Kohlmeyer; Stan Moore; Trung Dac Nguyen; Ray Shan; Mark J. Stevens; Julien Tranchida; Christian Robert Trott; Steven J. Plimpton,2021,Computer Physics Communications,10.1016/j.cpc.2021.108171,https://openalex.org/W3201073812,off-topic-false-hit,"Since the classical molecular dynamics simulator LAMMPS was released as an open source code in 2004, it has become a widely-used tool for particle-based modeling of materials at length scales ranging from atomic to mesoscale to continuum. Reasons for its popularity are that it provides a wide variety of particle interaction models for different materials, that it runs on any platform from a single CPU core to the largest supercomputers with accelerators, and that it gives users control over simulation details, either via the input script or by adding code for new interatomic potentials, constraints, diagnostics, or other features needed for their models. As a result, hundreds of people have contributed new capabilities to LAMMPS and it has grown from fifty thousand lines of code in 2004 to a million lines today. In this paper several of the fundamental algorithms used in LAMMPS are described along with the design strategies which have made it flexible for both users and developers. We also highlight some capabilities recently added to the code which were enabled by this flexibility, including dynamic load balancing, on-the-fly visualization, magnetic spin dynamics models, and quantum-accuracy machine learning interatomic potentials. Program Title: Large-scale Atomic/Molecular Massively Parallel Simulator (LAMMPS) CPC Library link to program files: https://doi.org/10.17632/cxbxs9btsv.1 Developer's repository link: https://github.com/lammps/lammps Licensing provisions: GPLv2 Programming language: C++, Python, C, Fortran Supplementary material: https://www.lammps.org Nature of problem: Many science applications in physics, chemistry, materials science, and related fields require parallel, scalable, and efficient generation of long, stable classical particle dynamics trajectories. Within this common problem definition, there lies a great diversity of use cases, distinguished by different particle interaction models, external constraints, as well as timescales and lengthscales ranging from atomic to mesoscale to macroscopic. Solution method: The LAMMPS code uses parallel spatial decomposition, distributed neighbor lists, and parallel FFTs for long-range Coulombic interactions [1]. The time integration algorithm is based on the Størmer-Verlet symplectic integrator [2], which provides better stability than higher-order non-symplectic methods. In addition, LAMMPS supports a wide range of interatomic potentials, constraints, diagnostics, software interfaces, and pre- and post-processing features. Additional comments including restrictions and unusual features: This paper serves as the definitive reference for the LAMMPS code. S. Plimpton, Fast parallel algorithms for short-range molecular dynamics. J. Comp. Phys. 117 (1995) 1–19. L. Verlet, Computer experiments on classical fluids: I. Thermodynamical properties of Lennard–Jones molecules, Phys. Rev. 159 (1967) 98–103.",openalex,llm,0.970,unreviewed,,doi:10.1016/j.cpc.2021.108171
