status,title,authors,year,venue,doi,url,tags,abstract,provider,decision_source,llm_confidence,llm_review_outcome,llm_change_direction,paper_id
discarded,Code Smell Predictions Using Ensemble Deep Learning Approach: A Case Study on Data Class,Kiran Kumar Sahu; Rasmita Panigrahi; Vishal Kumar Swain; Neelamadhab Padhy; Ashish Kumar Mishra; Tirupati Sahu; Pradeep Kumar Mallick,2025,2025 International Conference on Emerging Systems and Intelligent Computing (ESIC),10.1109/ESIC64052.2025.10962706,https://ieeexplore.ieee.org/document/10962706/,adjacent-subtopic,"Context: The greater number of code smells can make the software system hard to maintain. Code smell indicates the problems which can reduce the software quality. It is the area within the source code which needs refinement. Code smells presence may lead to overpriced maintenance cost. These smell areas are not any kind of errors in the code. By improving that area, the code will qualitatively and quantitively good. If smells will present in the code, it may lead to software defect in coming time. Objective: The paper aims on Predicting Code Smell (Data Class) present in the source code through the application of various deep learning models. Methodology: we have used 5 deep learning classifiers namely Artificial Neural Network, Convolutional Neural Network, Recurrent Neural Network, Long Short-Term Memory and Deep Belief Network. Additionally, we have used 2 ensemble deep learning models as CNN+LSTM+DNN and CNN+RNN for prediction of the code smells. Result: From our experimental observation it was observed that ensemble of CNN, LSTM and DNN is predicting more Data Class Smells as it having more accuracy (88.8%) as compared to other deep learning classifiers. Here we have taken accuracy as a benchmark performance measure.",ieee,llm,0.820,unreviewed,,doi:10.1109/esic64052.2025.10962706
discarded,Predicting Code Smells: A Comparative Study of Machine Learning Classifiers for God Class and Data Class,Kiran Kumar Sahu; Rasmita Panigrahi; Vishal Kumar Swain; Neelamadhab Padhy,2024,"2024 2nd International Conference on Signal Processing, Communication, Power and Embedded System (SCOPES)",10.1109/SCOPES64467.2024.10990678,https://ieeexplore.ieee.org/document/10990678/,adjacent-subtopic,"Code Smells often indicate underlying problems that can degrade various aspects of software quality. It refers to the area in the source code which needs improvement. Software with Code Smell may lead to high maintenance costs. Code Smells are not errors or bugs; rather addressing them can enhance the code quality. Code with Smells may lead to software defects in the future. Objective- This paper aims to predict specific Code Smells, namely God Class and Data Class, present in the source code and compare the performances of various machine learning models. Methodology- We compared the performance of four traditional machine learning classifiers (Decision Tree, Naive Bayes, Logistic Regression, and K-Nearest Neighbor) with five ensemble classifiers (Random Forest, Bagging with Decision Tree, Gradient Boosting, AdaBoost, and XGBoost). Result & Conclusion- Our analysis indicates that the existence of God Class is more prevalent than Data Class in the examined code, with accuracy as the primary performance metric. Our experimental observation reveals that XGBoost outperforms predicting the Code Smells in terms of all performance measures i.e. 100%.",ieee,llm,0.840,unreviewed,,doi:10.1109/scopes64467.2024.10990678
discarded,Improving Machine Learning-Based Code Smell Detection via Hyper-Parameter Optimization,Lei Shen; Wangshu Liu; Xiang Chen; Qing Gu; Xuejun Liu,2020,2020 27th Asia-Pacific Software Engineering Conference (APSEC),10.1109/APSEC51365.2020.00036,https://ieeexplore.ieee.org/document/9359294/,adjacent-subtopic,"Unlike code errors, the presence of code smell often does not affect the behavior of the software system, but it will cause quality problems in terms of readability, understandability, and efficiency. To improve the software quality and reduce the maintenance costs, the developers need to detect code smells rapidly and make corresponding code refactoring. In code smell detection, recently, machine learning-based methods become more prevalent and can overcome the shortcomings of the heuristic-based methods, which mainly rely on manually designed rules. However, to our best knowledge, there is little research to analyze whether using hyper-parameter optimization can improve the performance of machine learning-based methods. In this study, we mainly focus on two classical code smells (i.e., Data Class and Feature Envy). First, we consider four optimizers for hyper-parameter optimization, and six commonly used classifiers for machine-learning-based methods. Second, we use AUC as the performance measure to evaluate the performance of constructed models. Based on final empirical results, we find that (1) Using hyper-parameter optimization can significantly improve the performance of code smell detection. (2) Differential evolution (DE) optimizer can achieve better performance than the other three optimizers when using the random forest classifier. (3) We can further improve the performance of code smell detection when performing parameter optimization on the DE optimizer.",ieee,llm,0.880,unreviewed,,doi:10.1109/apsec51365.2020.00036
discarded,COSTAR: Software Code Smell Detection Through Tree-Based Abstract Representation,Praveen Singh Thakur; Mahipal Jadeja; Satyendra Singh Chouhan; Santosh Singh Rathore,2026,IEEE Transactions on Reliability,10.1109/TR.2025.3648404,https://ieeexplore.ieee.org/document/11342366/,adjacent-subtopic,"Code smells are suboptimal code structures that increase software maintenance costs and are challenging to detect manually. Researchers have explored automatic code smell detection using machine learning (ML) methods, which rely heavily on static code metrics or source code representation. Static code metrics often rely on structural attributes, such as lines of code, cyclomatic complexity, or comment density. However, these metrics do not always reflect true code complexity and provide only quantitative insights without inherently detecting poor coding practices. In contrast, representations such as abstract syntax trees (ASTs) focus on the structural and syntactic elements of code, capturing hierarchical and contextual relationships within the source code. This enables precise identification of code structures such as loops, function calls, and conditionals, which are essential for detecting code smells. This article introduces code smell detection through tree-based abstract representation (COSTAR), a source code representation technique using ASTs to uniquely represent each source code instance. COSTAR captures the hierarchical structure of the source code by extracting all paths from the root to individual nodes within the AST. By employing a pretrained sentence bidirectional encoder representations from transformers embedding model, COSTAR generates vectors for each extracted path. The subsequent calculation of the mean of these vectors yields a precise and comprehensive source code representation. Extensive experiments were conducted to validate COSTAR's performance using various ML techniques on four benchmark MLCQ code smell datasets: Data Class, God Class (Blob), Feature Envy, and Long Method. Various performance metrics have been employed to evaluate the model's performance. The experimental results indicate that COSTAR enhances the performance of the code smell detection model compared to existing methods. An improvement in the F1-score ranging from 0.03 (Long Method) to 0.19 (Feature Envy) was observed. Furthermore, a comparison of COSTAR with state-of-the-art methods demonstrated that it outperformed approaches such as Code2Vec and CuBERT in code smell detection.",ieee,llm,0.910,unreviewed,,doi:10.1109/tr.2025.3648404
discarded,AI4SE for CI/CD: Explainable Code Smell Risk Analysis,João Domingues; Daniela Duarte; António Sousa; Nuno Pombo,2026,2026 IEEE International Conference on Artificial Intelligence Testing (AITest),10.1109/AITest70988.2026.00017,https://ieeexplore.ieee.org/document/11662479/,adjacent-subtopic,"Continuous Integration and Continuous Delivery (CI/CD) pipelines accelerate software evolution but complicate the timely assessment of structural degradation. While code smells effectively indicate maintainability risks, their detection remains largely confined to isolated static analysis rather than being actively integrated into continuous workflows. To address this gap, we propose an explainable AI-driven approach for code smell classification designed specifically for software quality risk analysis in CI/CD environments. Using structural metrics related to complexity, coupling, and cohesion, we train a Random Forest model to classify four prevalent smells: Blob, Long Method, Feature Envy, and Data Class. Evaluated on labeled Java systems, our approach successfully captures the structural patterns indicative of software decay, achieving 82% accuracy and a 0.86 macro F1-score. Beyond raw performance, we operationalize these classifications as interpretable risk indicators within a prototype CI/CD pipeline, prioritizing human-centered evaluation. Ultimately, this work advances the AI for Software Engineering (AI4SE) domain by demonstrating how explainable machine learning can practically augment continuous quality assurance in agile development.",ieee,llm,0.790,unreviewed,,doi:10.1109/aitest70988.2026.00017
discarded,Sniffing Out Code Smells with Precision: Evaluating Two Data Balancing Strategies for Severity Classification,Vishesh Kumar Singh; Shweta,2025,2025 IEEE 9th International Conference on Information and Communication Technology (CICT),10.1109/CICT67193.2025.11399157,https://ieeexplore.ieee.org/document/11399157/,adjacent-subtopic,"Code smells are defects in software design that reduce software quality and maintainability. Furthermore, it is challenging to detect them using machine learning techniques due to the small and biased datasets. We compare two data augmentation strategies for creating balanced datasets that target four code smells: Blob, Long Method, Data Class, and Feature Envy. To add more data points of lexical and syntactic variations, the first strategy uses noise injection and synonym replacement; the second strategy uses code refactoring to create data points that are both structurally and semantically different.By finetuninga BERT (Bidirectional Encoder Representations from Transformers) based model for severity classification and detection accuracy, we investigate both strategies. The outcomes show the benefits and drawbacks of each strategy for resolving class imbalance problem. This comparison of the two data augmentation techniques shows how they can be used practically to create reliable datasets.",ieee,llm,0.880,unreviewed,,doi:10.1109/cict67193.2025.11399157
discarded,Sequencing of refactoring techniques by Greedy algorithm for maximizing maintainability,Sandhya Tarwani; Anuradha Chug,2016,"2016 International Conference on Advances in Computing, Communications and Informatics (ICACCI)",10.1109/ICACCI.2016.7732243,https://ieeexplore.ieee.org/document/7732243/,adjacent-subtopic,"Software maintainability is the ease with which a software system can be modified to correct faults, improve performance or other attributes of the source code. Bad smells are symptoms of deeper problem that indicates the need for refactoring which is the process of changing internal structure of the software without affecting its external attributes. Applying different refactoring techniques in different parts of a code results in changed maintainability value every time. Therefore, sequence in which refactoring should be applied is important so that optimal results can be obtained. In this study, we have proposed an approach for evaluating sequence of refactoring by with the help of greedy algorithm. The algorithm selects locally optimal solution at each stage with the hope of finding global optimal solution. Different sequences are generated and applied to the source code to calculate sum of software maintainability values. Greedy algorithm helps in finding the optimal sequence out of all the search space. We have evaluated the approach with source code having god class, long method, feature envy, long parameter list, data clumps, data class, class hierarchy problem, empty catch block, exception thrown in finally block and nested try statement bad smells which are detected manually. Hence our approach is able to identify sequence for refactoring as well as best refactoring which will increase maintainability and enhance software quality.",ieee,llm,0.730,unreviewed,,doi:10.1109/icacci.2016.7732243
kept,Risk-Aware Prioritization of Data Clumps Refactoring in Industrial Automation,Padma Iyenghar; Nils Baumgartner; Elke Pulvermueller,2025,2025 IEEE 21st International Conference on Factory Communication Systems (WFCS),10.1109/WFCS63373.2025.11077626,https://ieeexplore.ieee.org/document/11077626/,qualifies-claim,"Industrial Automation and Control Systems (IACS) increasingly face security challenges. While refactoring enhances code maintainability, improper restructuring in custom IACS software can introduce new vulnerabilities. Applied without security awareness, refactoring may weaken access controls, aggregate sensitive data, or disrupt validation mechanisms, expanding the attack surface. This work presents a risk-based prioritization methodology for refactoring data clumps, integrating security factors such as Data Sensitivity (DS), Input Validation Inconsistency (IVI), and Access Control Inconsistency (ACI) alongside traditional maintainability metrics in a structured, quantifiable approach to security-aware refactoring. Empirical validation on five open-source projects reveals that security-sensitive functions are 63% more likely to exhibit long parameter names (LN) and high numbers of parameters (NP), highlighting a strong correlation between code complexity and security risk. This study provides actionable insights for identifying high-risk code structures and mitigating vulnerabilities through security-focused refactoring, forming the foundation for risk-informed strategies in large-scale IACS software.",ieee,llm,0.950,unreviewed,,doi:10.1109/wfcs63373.2025.11077626
discarded,Enhanced Machine Learning-Based Code Smell Detection Through Hyper-Parameter Optimization,Peeradon Sukkasem; Chitsutha Soomlek,2023,2023 20th International Joint Conference on Computer Science and Software Engineering (JCSSE),10.1109/JCSSE58229.2023.10202124,https://ieeexplore.ieee.org/document/10202124/,adjacent-subtopic,"To preserve software quality and maintainability, machine learning-based code smell detection has been proposed, and the results are promising. This research proposes an enhanced version of machine learning-based code smell detection. We improve the performance of machine learning-based code smell classifiers by applying hyper-parameter optimization techniques in Particle swarm optimization and Bayesian optimization to decision tree and random forest. The models were trained and evaluated on 74 open source projects to identify god class, data class, feature envy, and long method. The experimental results confirm that the optimized machine learning classifiers c an achieve up to 99.183% and 99.155% of accuracy for both class-level and function-level code smell classification, respectively. In term of recall, the enhanced machine learning-based code smell classifiers achieved 9 9.514% when identifying data class and 98.806% for long method. The comparison results also indicated that the enhanced machine learning classifiers outperform the original versions in the code smell detection context.",ieee,llm,0.880,unreviewed,,doi:10.1109/jcsse58229.2023.10202124
discarded,Benchmarking Large Language Models for Java Code Smell Detection,Erfan Baghchehdan Ghadimi; Durmuş Özkan Şahin; Sercan Demirci; Doğan Yıldız,2026,2026 2nd International Symposium on AI-Driven Engineering Systems (ISADES),10.1109/ISADES69945.2026.11608239,https://ieeexplore.ieee.org/document/11608239/,adjacent-subtopic,"Code smells are structural anti-patterns in source code that degrade maintainability and inflate long-term development costs. Existing detection approaches rely on hand-tuned metric thresholds or supervised classifiers that demand labeled training data, both of which limit generalizability across projects and languages. Large Language Models (LLMs) present an alternative: zero-shot classification through natural language prompting, requiring neither labeled datasets nor engineered features. We benchmark seven state-of-the-art LLMs—three commercial (Claude Sonnet 4, GPT-4o, Gemini 2.5 Flash) and four openweight (GPT-OSS 120B, DeepSeek-V4-Flash, Gemma 4-31B-IT, LLaMA 3.3-70B Instruct)—on $\mathbf{1, 0 0 0 ~ J a v a}$ code snippets from the MLCQ dataset, a multi-annotator benchmark built from real production code in 20 open-source projects. Each model receives an identical zero-shot prompt and must output exactly one of five labels: clean, god_class, long_method, feature_envy, or data_class. We evaluate binary detection accuracy, multiclass type accuracy, and per-class precision, recall, and F1 score, and introduce a prompt-compliance check to quantify off-label (hallucinated) response rates. LLaMA 3.3-70B Instruct achieves the highest binary accuracy (70.7%) and smelly-class $\mathrm{F} 1(76.4 \%)$, though these figures are driven primarily by a highrecall operating point rather than balanced type discrimination; GPT-OSS 120B leads on five-class type accuracy at $\mathbf{5 8. 0 \%}$. Persmell analysis reveals that long_method is the most detectable smell with up to 92.6% per-class accuracy, while feature_envy ($6.1-42.6 \%$) and god_class ($2.0-38.9 \%$) remain largely undetectable at snippet level. Open-weight models achieve competitive type accuracy with their commercial counterparts, clustering within 5 percentage points when LLaMA is excluded. Statistical testing (McNemar’s test) reveals that small accuracy gaps—such as the $\mathbf{1. 8 \%}$ difference between GPT-OSS $\mathbf{1 2 0 B}$ and GPT-4o ($\mathbf{p}=0.1443$)—lack significance, positioning open-weight models as viable alternatives for cost- or privacy-constrained deployments despite the absence of meaningful empirical advantage. The benchmark establishes a zero-shot performance baseline on a balanced, large-scale industrial dataset and identifies which smell types require context-augmented approaches beyond snippet-level prompting.",ieee,llm,0.910,unreviewed,,doi:10.1109/isades69945.2026.11608239
discarded,CodeScent: A Deep Ensemble and LLM-Based Framework for Python and Java Code Smell Detection with Android Integration,Tasnia Haque Kheya; Shaikh Prothomaa Binte Minhaz,2025,2025 28th International Conference on Computer and Information Technology (ICCIT),10.1109/ICCIT68739.2025.11490402,https://ieeexplore.ieee.org/document/11490402/,adjacent-subtopic,"Code smells are recurring design flaws that negatively affect software maintainability, readability, and overall quality. Automated detection remains challenging, particularly across heterogeneous programming languages. In this study, we propose a multi-stage framework of code smell detection in Python and Java with Android aggregation. This framework includes feature-based heuristics, deep learning, ensemble models, and LLM-assisted analysis. The system was designed for testing on both binary (smelly and non-smelly) and multi-class smell detection. It identified common smells like Long Method, Long Parameter List, Data Class, Large Class, Feature Envy, and Duplicate Code. Our experimental results show strong performance, with test accuracies around $94-96 \%$, ROC-AUC of 0.98, precision between 0.82 and 0.84, recall reaching 0.98, F1-scores around 0.90, and Matthews correlation coefficients (MCC) ranging from 0.83 to 0.87. To improve understanding, the framework generates confidence scores and human-readable explanations. A major contribution of this work is the development of an Android application that implements the detection pipeline. This app allows users to input source code and get instant feedback on detected smells, along with explanations and confidence levels. This deployment shows the practical use of our approach and actively demonstrates the potential for scalable, cross-language tools to improve software quality.",ieee,llm,0.890,unreviewed,,doi:10.1109/iccit68739.2025.11490402
