status,title,authors,year,venue,doi,url,tags,abstract,provider,decision_source,llm_confidence,llm_review_outcome,llm_change_direction,paper_id
discarded,Source Code Author Attribution Using Author’s Programming Style and Code Smells,Muqaddas Gull; Tehseen Zia; Muhammad Ilyas,2017,International Journal of Intelligent Systems and Applications,10.5815/ijisa.2017.05.04,https://openalex.org/W2611488578,adjacent-subtopic,Source code is an intellectual property and using it without author's permission is a violation of property right.Source code authorship attribution is vital for dealing with software theft,openalex,llm,0.980,unreviewed,,doi:10.5815/ijisa.2017.05.04
discarded,UNDERSTANDING AND IMPROVING BATCH REFACTORING IN SOFTWARE SYSTEMS,DIEGO CEDRIM GOMES REGO,2018,,10.17771/pucrio.acad.36103,https://openalex.org/W4229981338,qualifies-claim; adjacent-subtopic,"Code smells in a program represent indications of structural quality problems, which can be addressed by software refactoring.However, developers may neglect or end up creating new code smells through single refactoring.Little has been reported about recurring beneficial and harmful e ects of refactoring on the program structural quality.As a consequence, developers still miss guidance along non-trivial smell-removing tasks.In fact, evidence suggests developers often need to apply a sequence of refactorings, so-called batch refactoring, to entirely remove a smelly code structure.Thus, in this thesis, we have conducted a series of studies to understand the impact of single and batch refactorings on code smells.In our first studies, we analyze how often commonly-used types of single refactoring a ect the density of code smells along the version histories of dozens of projects.Even though 79.4% of the refactorings touched smelly elements, 57% had no impact on the smell removal.Surprisingly, only 9.7% of refactorings removed smells, while 33% induced the introduction of new ones.On one hand, we observed that harmful refactoring-smell patterns could be used to guide developers to avoid smell-inducing refactoring.On the other hand, we observed that many smells can be removed only through batch refactoring.Thus, our last studies investigate the impact of batch refactorings on smells.Even when applied in batches, refactorings tend to maintain or even increase the density of code smells.We also identified common batch-smell patterns, which enable us to create heuristics that can guide developers through smell-removing tasks.The last study evaluated those heuristics, and we conclude the outcomes are promising.",openalex,llm_reviewed,0.910,changed,kept->discarded,doi:10.17771/pucrio.acad.36103
discarded,Investigating factors that affect the human perception on god class detection: an analysis based on a family of four controlled experiments,José Amâncio Macedo Santos; João B. Rocha-Junior; Manoel Mendonça,2017,Journal of Software Engineering Research and Development,10.1186/s40411-017-0042-0,https://openalex.org/W2769990580,adjacent-subtopic,"Evaluation of design problems in object oriented systems, which we call code smells, is mostly a human-based task. Several studies have investigated the impact of code smells in practice. Studies focusing on human identification of code smells have shown low agreement among developers. Unfortunately, those studies do not attempt to investigate the reasons behind this phenomenon. This paper aims to investigate factors affecting human perception of code smells. Specifically, it focuses on factors affecting god class detection, one of the most known code smells. The investigation encompassed a family of four controlled experiments, covering potential factors affecting human detection of code smells. The method is incremental. In other words, each experiment produces insights to the next one. This allows the investigators to control specific factors affecting the agreement on god class detection. The factors addressed in this study are: i) developer experience, ii) developer knowledge, iii) developer training, iv) tool support for design comprehension, and v) software size. Our findings show that tool support for design comprehension is the only factor that does not affect the human perception of god class. The other factors impact this perception in some way. The area still needs more investigation and discussion on what we call the code smell conceptualization problem , to ensure similar criteria and thresholds on human-based code smell detection.",openalex,llm,0.880,unreviewed,,doi:10.1186/s40411-017-0042-0
discarded,Empirical Study of Programming to an Interface,"Verhaeghe, Benoit; Fuhrman, Christopher; Guerrouj, Latifa; Anquetil, Nicolas; Ducasse, Stephane",2019,34TH IEEE/ACM INTERNATIONAL CONFERENCE ON AUTOMATED SOFTWARE ENGINEERING (ASE 2019),10.1109/ASE.2019.00083,https://www.webofscience.com/wos/woscc/full-record/WOS:000533303400076,qualifies-claim; adjacent-subtopic,"A popular recommendation to programmers in object-oriented software is to ""program to an interface, not an implementation"" (PTI). Expected benefits include increased simplicity from abstraction, decreased dependency on implementations, and higher flexibility. Yet, interfaces must be immutable, excessive class hierarchies can be a form of complexity, and ""speculative generality"" is a known code smell. To advance the empirical knowledge of PTI, we conducted an empirical investigation that involves 126 Java projects on GitHub, aiming to measuring the decreased dependency benefits (in terms of cochange).",wos,llm_reviewed,0.940,changed,kept->discarded,doi:10.1109/ase.2019.00083
kept,An Empirical Study to Assess the Effects of Refactoring on Software Maintainability,"Malhotra, Ruchika; Chug, Anuradha",2016,"2016 INTERNATIONAL CONFERENCE ON ADVANCES IN COMPUTING, COMMUNICATIONS AND INFORMATICS (ICACCI)",,https://www.webofscience.com/wos/woscc/full-record/WOS:000392503100017,supports-claim,"Maintenance is the most expensive phase of software and during this process refactoring is performed to improve the code without affecting its external behaviour. This study examines the effects of refactoring on maintainability using five proprietary software systems. Internal quality attributes were measured using design metrics suite whereas external quality attributes such as the level of abstraction, understandability, modifiability, extensibility and reusability were measured through expert opinion. The original versions of software are compared with refactored versions and the changes in quality attributes were mapped to maintainability. The results reveal that refactoring significantly improves the software quality and enhances software life. It was also found that even though refactoring is very tedious and might introduce errors if not implemented with utmost care, it is still advisable to frequently refactor the code to increase maintainability. Results of this study are useful to project managers in identifying the opportunities of refactoring while maintaining a perfect balance between re engineering and over-engineering.",wos,llm,0.720,unreviewed,,hash:f5608a8035a370bc
discarded,Smells in Block-Based Programming Languages,"Hermans, Felienne; Stolee, Kathryn T.; Hoepelman, David",2016,2016 IEEE SYMPOSIUM ON VISUAL LANGUAGES AND HUMAN-CENTRIC COMPUTING (VL/HCC),,https://www.webofscience.com/wos/woscc/full-record/WOS:000392158000012,qualifies-claim; adjacent-subtopic,"Code smells were originally designed for object oriented code, but in recent years, have been applied to end user languages, including spreadsheets and Yahoo! Pipes. In this paper, we explore code smells in block-based end-user programming languages aimed at education. Specifically, we explore the occurrence of smells in two educational languages not previously targeted by smell detection and refactoring research: LEGO MINDSTORMS EV3 and Microsoft's Kodu. The results of this exploration show that object-oriented-inspired smells indeed occur in educational end-user languages and are present in 88% and 93% of the EV3 and Kodu programs, respectively. Most commonly we find that programs are plagued with lazy class, duplication, and dead code smells, with duplication smells being present in nearly two-thirds of programs in both languages.",wos,llm_reviewed,0.740,changed,kept->discarded,hash:b258ae93aa56a890
discarded,Strategies for reducing coupling in object-oriented design,"Jin, YL; Mourant, RR",2004,"International Conference on Computing, Communications and Control Technologies, Vol 1, Proceedings",,https://www.webofscience.com/wos/woscc/full-record/WOS:000227981900033,qualifies-claim; adjacent-subtopic,"A goal of object-oriented design is to have classes with high cohesion and low coupling. Developing software using the Unified Modeling Language (UML) allows class diagrams to be developed early in the software design process (usually following the requirements phase). We examined UML class diagrams using a ""Coupling Metrics Analyzer"" (CMA) software program. The CMA outputs the amounts of 1) Aggregation Coupling (AC) 2) Formal Parameter Coupling (FPC) and 3) Return Type Coupling (RTC). Using this information, a software engineer may apply coupling reduction strategies at this early software design phase, Coupling reduction strategies that we recommend include 1) the elimination of unnecessary classes, 2) the replacement of coupling to multiple subclasses with coupling to a common superclass, and 3) the introduction of inheritance and polymorphism where appropriate. During the software development process, UML class diagrams may be revised. When this happens, they may be resubmitted to the CMA for an up to date analysis. Continually evaluating and reducing the amount of coupling during the software design process will lessen the need for major re-factoring near the end of software development. In addition, software with low coupling is easy to maintain and revise.",wos,llm_reviewed,0.750,changed,kept->discarded,hash:ae4b8350163e0538
discarded,A structured object modeling method SOMM and its environment SOME,"Harada, M; Sawada, T; Fujisawa, T",1996,SYSTEMS AND COMPUTERS IN JAPAN,,https://www.webofscience.com/wos/woscc/full-record/WOS:A1996VQ59500001,qualifies-claim; adjacent-subtopic,"It is often painted out that existing object-oriented analysis/design methods have problems that make comprehension of design diagrams difficult because too many classes are displayed in a single diagram, design diagrams cannot be reused and details of dynamic behavior cannot be described on design diagrams, etc. To solve these problems, an object modeling method called SOMM is proposed and its modeling environment SOME is proposed where design diagrams are hierarchically structured.

With SOMM, objects are modeled from different viewpoints and are represented using four types of diagrams. Derivation Diagram: DD expresses inheritance relationships among classes; Object Diagram: OD represents association among classes; Even-trace Diagram: ETD shows even communication sequence among classes; and State-transition Diagram: STD expresses state transitions in a class life cycle. Aggregation among classes is represented by embedding (ZoomIn) an object diagram into a class of another object diagram. As a result, the diagrams are hierarchically structurized. Moreover, because the diagrams are made and controlled for each class, reuse is easy.

Further, all these three models of a class are stored in an integrated object, so SOME can check inconsistency among related diagrams and correct them.

Meanwhile, the event-trace diagram is extended to represent the details of dynamic behavior of a class, especially the sequence of reactions to the incoming event. Thus the programs could be made systematically and directly from the diagrams.",wos,llm_reviewed,0.800,changed,kept->discarded,hash:d884797eefef3e04
discarded,"Efficient Test Case Generation Using Model-Based Testing, and Model Paradigm Approach",P. Jadhav,2024,Lecture Notes in Networks and Systems,10.1007/978-981-97-1724-8_70,https://www.scopus.com/inward/record.uri?partnerID=HzOxMe3b&scp=85200776933&origin=inward,off-topic-false-hit,,scopus,llm,0.960,unreviewed,,doi:10.1007/978-981-97-1724-8_70
discarded,Reducing redundancy of test cases generation using code smell detection and refactoring,R. Ibrahim,2020,Journal of King Saud University Computer and Information Sciences,10.1016/j.jksuci.2018.06.005,https://www.scopus.com/inward/record.uri?partnerID=HzOxMe3b&scp=85049034786&origin=inward,adjacent-subtopic,,scopus,llm,0.880,unreviewed,,doi:10.1016/j.jksuci.2018.06.005
kept,Software defect prediction using bad code smells: A systematic literature review,P. Piotrowski,2020,Lecture Notes on Data Engineering and Communications Technologies,10.1007/978-3-030-34706-2_5,https://www.scopus.com/inward/record.uri?partnerID=HzOxMe3b&scp=85083433363&origin=inward,supports-claim,,scopus,llm,0.840,unreviewed,,doi:10.1007/978-3-030-34706-2_5
discarded,Design and analysis of improvised genetic algorithm with particle swarm optimization for code smell detection,S. James Benedict Felix,2019,International Journal of Innovative Technology and Exploring Engineering,10.35940/ijitee.A5328.119119,https://www.scopus.com/inward/record.uri?partnerID=HzOxMe3b&scp=85075312465&origin=inward,adjacent-subtopic,,scopus,llm,0.950,unreviewed,,doi:10.35940/ijitee.a5328.119119
discarded,Detection of bad smell code for software refactoring,G.B. Regulwar,2019,Lecture Notes in Networks and Systems,10.1007/978-981-10-8201-6_16,https://www.scopus.com/inward/record.uri?partnerID=HzOxMe3b&scp=85061716371&origin=inward,adjacent-subtopic,,scopus,llm,0.820,unreviewed,,doi:10.1007/978-981-10-8201-6_16
discarded,Design of testing framework for code smell detection (OOPS) using BFO algorithm,P. Sharma,2018,International Journal of Engineering and Technology Uae,,https://www.scopus.com/inward/record.uri?partnerID=HzOxMe3b&scp=85082344132&origin=inward,adjacent-subtopic,,scopus,llm,0.880,unreviewed,,hash:a2fb06328421414a
discarded,MORE: A multi-objective refactoring recommendation approach to introducing design patterns and fixing code smells,A. Ouni,2017,Journal of Software Evolution and Process,10.1002/smr.1843,https://www.scopus.com/inward/record.uri?partnerID=HzOxMe3b&scp=85014656546&origin=inward,adjacent-subtopic,,scopus,llm,0.840,unreviewed,,doi:10.1002/smr.1843
discarded,A Method to Derive Metric Thresholds for Software Product Lines,G. Vale,2015,Proceedings 29th Brazilian Symposium on Software Engineering Sbes 2015,10.1109/SBES.2015.9,https://www.scopus.com/inward/record.uri?partnerID=HzOxMe3b&scp=84962289963&origin=inward,adjacent-subtopic,,scopus,llm,0.910,unreviewed,,doi:10.1109/sbes.2015.9
kept,Some code smells have a significant but small effect on faults,T. Hall,2014,ACM Transactions on Software Engineering and Methodology,10.1145/2629648,https://www.scopus.com/inward/record.uri?partnerID=HzOxMe3b&scp=84907027182&origin=inward,qualifies-claim; vinst,,scopus,llm_reviewed,0.980,confirmed,,doi:10.1145/2629648
discarded,A structured object modeling method SOMM and its environment SOME,M. Harada,1996,Systems and Computers in Japan,10.1002/scj.4690271101,https://www.scopus.com/inward/record.uri?partnerID=HzOxMe3b&scp=5844339528&origin=inward,adjacent-subtopic,,scopus,llm_reviewed,0.950,confirmed,,doi:10.1002/scj.4690271101
discarded,Decision tree-based Design Defects Detection,Mohamed Maddeh; Sarra Ayouni; Sultan Alyahya; Fahima Hajjej,2021,IEEE Access,10.1109/ACCESS.2021.3078724,https://ieeexplore.ieee.org/document/9427204/,adjacent-subtopic,"Design defects affect project quality and hinder development and maintenance. Consequently, experts need to minimize these defects in software systems. A promising approach is to apply the concepts of refactoring at higher level of abstraction based on UML diagrams instead of code level. Unfortunately, we find in literature many defects that are described textually and there is no consensus on how to decide if a particular design violates model quality. Defects could be quantified as metrics based rules that represent a combination of software metrics. However, it is difficult to find manually the best threshold values for these metrics. In this paper, we propose a new approach to identify design defects at the model level using the ID3 decision tree algorithm. We aim to create a decision tree for each defect. We experimented our approach on four design defects: The Blob, Data class, Lazy class and Feature Envy defect, using 15 Object-Oriented metrics. The rules generated using decision tree give a very promising detection results for the four open source projects tested in this paper. In Lucene 1.4 project, we found that the precision is 67% for a recall of 100%. In general, the accuracy varies from 49%, reaching for Lucene 1.4 project 80%.",ieee,llm,0.910,unreviewed,,doi:10.1109/access.2021.3078724
discarded,Identification of Code Smell Using Machine Learning,A. Jesudoss; S. Maneesha; T. Lakshmi naga durga,2019,2019 International Conference on Intelligent Computing and Control Systems (ICCS),10.1109/ICCS45141.2019.9065317,https://ieeexplore.ieee.org/document/9065317/,adjacent-subtopic,"Code smells are used to improve the quality of the software. Code smell detection detects the code problems like long method, large class, lazy class, long parameter list, feature envy, primitive obsession detector and too many literal detectors present in the code. In this work, two algorithms are used namely Support Vector Machine (SVM) and Random Forest algorithm. Support Vector Machine acts as classifier and the Random Forest algorithm are used for predicting the range of data. Decision making technique is used to identify the various problems present in the code. Code smell detection is a testing tool and it is mainly used by the developers, when the size of the code becomes unmanageable for manual detection. It also identifies deeper problems like syntax error, runtime error. It gives the output by analyzing the code in six different modules in this work.",ieee,llm,0.920,unreviewed,,doi:10.1109/iccs45141.2019.9065317
kept,Do Bad Smells Lead to Defects?,Fatma Neda Topuz; David A. Umphress,2023,2023 13th International Conference on Software Technology and Engineering (ICSTE),10.1109/ICSTE61649.2023.00020,https://ieeexplore.ieee.org/document/10366675/,supports-claim,"Code that disregards fundamental sound design practices is said to “smell.” While a code smell is not normally a bug, conventional wisdom suggests that it could lead to bugs when the software is later modified. This makes logical sense, but is there empirical evidence that supports this argument? If code smells can be shown to metastasize over time, are there some code smells that more virulent than others? We set out to address these questions by examining five popular Python open-source software projects to determine if recorded defects traced back to segments of code containing a smell. Our study focused on eight code smells: Large Class, Long Parameter List, Feature Envy, Parallel Inheritance Hierarchy, Data Class, Lazy Class, Refused Bequest, and Long Method. We analyzed GitHub change and defect logs for defects, then identified how the code as repaired. A smell was assumed to be the cause of the defect if changes resulted in removal of the smell. We counted the number of code smells in the project and used the ratio of the count of smells to the count of defects to quantify the influence of smells on defects. Our results indicate that the Long Parameter List code smell has the highest positive correlation, the Long Method and Large Class smells have a moderate correlation, and the Parallel Inheritance Hierarchy, Data Class, Lazy Class, Feature Envy and Refused Bequest smells have no significant correlation on the presence of defects.",ieee,llm,0.720,unreviewed,,doi:10.1109/icste61649.2023.00020
kept,Code Smell Detecting Tool and Code Smell-Structure Bug Relationship,Phongphan Danphitsanuphan; Thanitta Suwantada,2012,2012 Spring Congress on Engineering and Technology,10.1109/SCET.2012.6342082,https://ieeexplore.ieee.org/document/6342082/,supports-claim,"This paper proposes an approach for detecting the so- called bad smells in software known as Code Smell. In considering software bad smells, object-oriented software metrics were used to detect the source code whereby Eclipse Plugins were developed for detecting in which location of Java source code the bad smell appeared so that software refactoring could then take place. The detected source code was classified into 7 types: Large Class, Long Method, Parallel Inheritance Hierarchy, Long Parameter List, Lazy Class, Switch Statement, and Data Class. This work conducted analysis by using 323 java classes to ascertain the relationship between the code smell and structural defects of software by using the data mining techniques of Naive Bayes and Association Rules. The result of the Naive Bayes test showed that the Lazy Class caused structural defects in DLS, DE, and Se. Also, Data Class caused structural defects in UwF, DE, and Se, while Long Method, Large Class, Data Class, and Switch Statement caused structural defects in UwF and Se. Finally, Parallel Inheritance Hierarchy caused structural defects in Se. However, Long Parameter List caused no structural defects whatsoever. The results of the Association Rules test found that the Lazy Class code smell caused structural defects in DLS and DE, which corresponded to the results of the Naive Bayes test.",ieee,llm,0.910,unreviewed,,doi:10.1109/scet.2012.6342082
