status,title,authors,year,venue,doi,url,tags,abstract,provider,decision_source,llm_confidence,llm_review_outcome,llm_change_direction,paper_id
discarded,Evaluating the Impact of Possible Dependencies on Architecture-Level Maintainability,Wuxia Jin; Dinghong Zhong; Yuanfang Cai; Rick Kazman; Ting Liu,2023,IEEE Transactions on Software Engineering,10.1109/TSE.2022.3171288,https://ieeexplore.ieee.org/document/9765666/,adjacent-subtopic,"Dependencies among software entities are the foundation for much of the research on software architecture analysis and architecture analysis tools. Dynamically typed languages, such as Python, JavaScript and Ruby, tolerate the lack of explicit type references, making certain dependencies indiscernible by a purely syntactic analysis of source code. We call these possible dependencies, in contrast with the explicit dependencies that are directly manifested in source code. We find that existing architecture analysis tools have not taken possible dependencies into consideration. An important question therefore is: to what extent will these missing possible dependencies impact architecture analysis?To answer this question, we conducted a study of 499 open-source Python projects, employing type inference techniques and type hint practices to discern possible dependencies. We investigated the consequences of possible dependencies in three software maintenance contexts, including capturing co-change relations recorded in revision history, measuring architectural maintainability, and detecting architecture anti-patterns that violate design principles and impact maintainability. Our study revealed that the impact of possible dependencies on architecture-level maintainability is substantial—higher than that of explicit dependencies. Our findings suggest that architecture analysis and tools should take into account, assess, and highlight the impacts of possible dependencies caused by dynamic typing.",ieee,llm,0.930,unreviewed,,doi:10.1109/tse.2022.3171288
discarded,Noodle: An environment for HENP data processing and analysis,Ping Yeh,2003,2003 IEEE Nuclear Science Symposium. Conference Record (IEEE Cat. No.03CH37515),10.1109/NSSMIC.2003.1351824,https://ieeexplore.ieee.org/document/1351824/,adjacent-subtopic,"Noodle is an object-oriented environment for typical data processing in high energy and nuclear physics where data processing modules written in C++ can be dynamically loaded with ease. The primary design goal is to allow physicists to concentrate on data, logic and physics rather than tedious programming. It provides an intuitive object-oriented scripting interface in python language to control module parameters and data flow. Noodle also provides dependency resolution to encourage data versioning. The use cases and system architecture will be shown.",ieee,llm,0.970,unreviewed,,doi:10.1109/nssmic.2003.1351824
discarded,Design of Intelligent Proofreading System for English Translation Based on LSTM Algorithm,Chunhong Zeng,2024,2024 4th International Conference on Computer Science and Blockchain (CCSB),10.1109/CCSB63463.2024.10735628,https://ieeexplore.ieee.org/document/10735628/,off-topic-false-hit,"In order to improve the quality of translation, an intelligent proofreading system is designed for the widely popular English languages. Using ADO.NET object class library to design database table structure. The python language is used to write the running program of the application program interface, combined with the built home page, editing, display and other view classes, to get the system client. Based on the Open Nebula, IaaS cloud platform and long-term and short-term memory algorithm, the server-side coding module is designed. The word vector information fusion module is established, and the intelligent proofreading module is obtained by the architectural word proofreading unit and the semantic proofreading module. The black box test results show that all aspects of the functions of the system can achieve the expected goal; the performance evaluation results show that the system greatly improves the translation quality and proofreading advantages.",ieee,llm,0.990,unreviewed,,doi:10.1109/ccsb63463.2024.10735628
discarded,RHealth: A R Toolkit for Deep Learning in Healthcare,Ji Song; Zhixia Ren; Zhenbang Wu; John Wu; Chaoqi Yang; Yinghao Zhu; Wen Tang; Jimeng Sun; Ewen M Harrison; Liantao Ma; Junyi Gao,2025,2025 IEEE International Conference on Bioinformatics and Biomedicine (BIBM),10.1109/BIBM66473.2025.11356917,https://ieeexplore.ieee.org/document/11356917/,off-topic-false-hit,"Machine learning for electronic health records (EHR) is advancing rapidly and already underpins risk stratification, readmission and mortality prediction, and decision support, yet reliable translation still stalls on fragmented data pipelines, inconsistent medical-code handling, and hard-to-reproduce eval-uation-barriers that especially hinder R-centric clinical teams. Despite impressive methodological gains in temporal modeling, attention mechanisms, and strong classical baselines, most turnkey toolchains live in Python; as a result, many healthcare researchers and clinical data scientists working in R lack a single, integrated path from raw multi-table EHR to calibrated, auditable models. We address this gap with RHealth, an open-source, R-native toolkit that plays the role of an end-to-end conductor: from data harmonization and medical-code normal-ization to task specification, model training, and standardized reporting. Concretely, RHealth provides adapters for widely used public datasets (e.g., MIMIC-III/IV, eICU), utilities to traverse and map ICD-9/10 and CCS codes, task templates for common outcomes (mortality, 30-day readmission, length of stay), and a modeling stack that-at this development stage-supports standard recurrent baselines (e.g., RNN) and offers an extensible interface for user-defined architectures under active development, all evaluated with reproducible splits, AUROC/AUPRC, and cali-bration diagnostics. By packaging the full pipeline-from data to evaluation granularity-into modular, composable components, RHealth lowers the entry barrier for R users, reduces “glue code,” and promotes transparent, people-centric experimentation that can also serve as a trustworthy upstream substrate for LLM-enabled applications. To our knowledge, it is among the first comprehensive, integrated deep-learning toolkits for EHR in the R ecosystem. The code and documentation will be released after the double-blind review process.",ieee,llm,1.000,unreviewed,,doi:10.1109/bibm66473.2025.11356917
discarded,FireDS-IoT: A Fire Detection System for Smart Home Based on IoT Data Analytics,Sourav Kumar Bhoi; Sanjaya Kumar Panda; Biranchi Narayan Padhi; Manash Kumar Swain; Balabhadrah Hembram; Debasish Mishra; Chittaranjan Mallick; Munesh Singh; Pabitra Mohan Khilar,2018,2018 International Conference on Information Technology (ICIT),10.1109/ICIT.2018.00042,https://ieeexplore.ieee.org/document/8724380/,off-topic-false-hit,"Fire is the most widespread cause of death by accident. Fire affects thousand of residents each year, resulting in injury and loss of life. In this paper, an Internet of Things (IoT) based Fire Detection System (FireDS-IoT) is designed to prevent people from fire by providing an alert message in the emergency. The system is designed using MQ-135 (CO_2), MQ-2 (smog), MQ-7 (CO) and DHT-11 (temperature) sensors embedded with Arduino to get the fire event information in the surrounding more accurately. This research distinguishes the conditions in a surrounding as fire, no fire, and may be fire. This classification is performed using the K-Nearest Neighbors (K-NN) and decision tree machine learning algorithms in Python. Several scenarios were recorded in the experiment for training. Results show that K-NN and decision tree shows an accuracy of 93.15% and 89.25%, respectively. As a result, we were able to prove that K-NN provides more accuracy in detecting fire. Therefore, it is used for classification, and if fire conditions arise then a safety message is sent to the registered mobile number using Python programming.",ieee,llm,1.000,unreviewed,,doi:10.1109/icit.2018.00042
discarded,Exploring MOOC metadata - Data available via the MOOChub format,Max Thomas; Christoph Meinel,2024,2024 IEEE Digital Education and MOOCS Conference (DEMOcon),10.1109/DEMOcon63027.2024.10747986,https://ieeexplore.ieee.org/document/10747986/,off-topic-false-hit,"With more and more learning material available online, it became necessary to support learners in finding appropriate learning resources (e.g. courses). Metadata plays an important role in this task because it is an easy-to-process and often machine-readable data source for designing filters, search engines, and (AI-driven) learning path assistants. The quality of these services strongly depends on the availability of metadata. This study sheds light on the metadata supplied by a group of MOOC providers organized in a consortium supporting the same metadata format as a de facto standard. We focused on what data is provided and if it fits the needs of metadata consumers building different services processing these data. Our approach was to compare the supported and provided attributes according to the standard. The data was provided as a JSON file, which can be easily investigated by e.g. Python scripts. The JSON file can be treated as a dictionary with key-value pairs. The keys represent the attributes while the corresponding value is the attribute value. We compared which optional attributes were supported (the key exists in at least one of the courses) by the different providers and how frequently they were supplied (the value was not None/null or a placeholder like an empty string). The paper at hand gives insights into what metadata the course providers deliver and made it possible to evaluate the usefulness of the metadata format.",ieee,llm,0.990,unreviewed,,doi:10.1109/democon63027.2024.10747986
discarded,Investigation of the Accuracy of Machine Learning Methods in Prediction of Students Success,Statsenko Volodymyr; Vladyslav Pylypenko; Vladyslava Skidan; Antonina Volivach,2024,2024 IEEE 5th KhPI Week on Advanced Technology (KhPIWeek),10.1109/KhPIWeek61434.2024.10877975,https://ieeexplore.ieee.org/document/10877975/,off-topic-false-hit,"One of the main factors affecting the future opportunities and career development of students is the results of the educational process. A high level of success in education makes it possible to obtain qualified specialists in the future and ensure economic growth. Prediction of success is an urgent task, because a quick response to possible problems allows to increase the student's chances of successfully passing the session, as well as to identify deficiencies that can be corrected. In the work, a study of the accuracy of predicting the success of students based on data on their attendance and grades was conducted. The following machine learning algorithms were studied: Logistic Regression, Support Vector Method, Random Forest. The parameters characterizing the accuracy of the classification are determined, namely: sensitivity, specificity and balanced accuracy. Based on the obtained results, receiver operating characteristic graphs were constructed to assess the ability of the classifier to correctly recognize positive classes and reject negative classes when the threshold value changes. In order to perform forecasting, data on user ratings and attendance for the first and second semesters of the 2021–2022 academic year were exported from the Moodle electronic learning management system database. The total number of student grade and attendance records exported to files was 1,308,262. The creation of predictive models was performed in the PyCharm development environment in Python using the Scikit-learn library. After performing the calculations, it is determined that the random forest method performs the best prediction of success based on the available input data and has a higher accuracy. The obtained accuracy value of 80% and AUC of 73% indicates the quality of the classification model and good discriminating power of the model. The graph of the receiver operating characteristic for the random forest method shows that it has a clearly defined area under the curve that is more curved up and to the left, which confirms the effectiveness of the model. The obtained results can be used as a basis for further research.",ieee,llm,1.000,unreviewed,,doi:10.1109/khpiweek61434.2024.10877975
discarded,Real-Time Distracted Driver Detection and Monitoring using Computer Vision,K. Anusha; B. Rikshith; M. Chandra Kanth; M. Maheshwar,2025,2025 8th International Conference on Trends in Electronics and Informatics (ICOEI),10.1109/ICOEI65986.2025.11013290,https://ieeexplore.ieee.org/document/11013290/,off-topic-false-hit,"Driver weariness takes a heavy toll in traffic fatalities, notably among truck drivers who work long hours, especially during night shifts, and bus drivers who travel long or nighttime routes. This issue endangers passengers worldwide. The proposed solution involves recording the driver with a camera and applying image processing techniques to detect his or her face in each frame. Specific facial landmarks are determined, and parameters such as nose length, mouth aperture are analysed in order to address this growing problem, this project aims to provide the state-of-the-art system It makes use of computer vision techniques and deep learning to continuously monitor and detect distractions in real time. The technology uses video feeds from in -cabin cameras to analyse driver's facial expressions, eye movements, and body position to detect crucial signs of distraction, such as phone use, drowsiness, or lack of aim on the road. Powerful facial and posture detection algorithms are used to effectively detect whether a driver is not paying attention or is involved in activities that affect their ability to drive safely. Adaptive thresholding is used to assess fatigue based on these indicators.",ieee,llm,1.000,unreviewed,,doi:10.1109/icoei65986.2025.11013290
discarded,A Machine Learning Approach to Workflow Prioritization,Niharika R Bollumpally; Andrew C Evans; Scott W Gleave; Alexander R Gromadzki; Gerard Learmonth,2019,2019 Systems and Information Engineering Design Symposium (SIEDS),10.1109/SIEDS.2019.8735589,https://ieeexplore.ieee.org/document/8735589/,off-topic-false-hit,"Our client, S&P Global, is a leading provider of cross-industry data products, whose success is largely dependent on the timeliness and quality of its data. The company relies heavily on manual search across a variety of public documents to update internal records, making workflow prioritization an important component to the timeliness of its value proposition. Given the broad scope of prioritizing a highly granular workflow, our team aimed to leverage operational metadata at the lowest level: information extraction. Rather than parsing documents themselves, we aimed to preserve parsimony in developing a model capable of providing actionable insight towards workflow optimization. The selected model was trained using gradient decision tree-boosting with a logistic output, predicting the probability of task success. By combining a number of previously unused features, we were able to classify tasks that resulted in an update to any of our client's expansive datasets. The classification accuracy was measured with a ROC-AUC and the recall for the positive outcome class. Given the 98% F1 score achieved predicting at this level, we constructed a priority score, at a higher level of granularity, where the implementation of a rating system is of more practical use to our client in scheduling. The model was trained on our client's financial domain data from 2018, with hopes of generalizing our findings to other domains in the future.",ieee,llm,0.990,unreviewed,,doi:10.1109/sieds.2019.8735589
discarded,Analysis of Public Sentiment Using The K-Nearest Neighbor (k-NN) Algorithm and Lexicon Based on Indonesian Television Shows on Social Media Twitter,Khodijah Hulliyah; Achmad Maulana Almaisah; Fitri Mintarsih; Siti Ummi Masrurah; Dewi Khairani; Saepul Aripiyanto,2022,2022 10th International Conference on Cyber and IT Service Management (CITSM),10.1109/CITSM56380.2022.9936011,https://ieeexplore.ieee.org/document/9936011/,off-topic-false-hit,"This study aims to implement a combination of the k-Nearest Neighbor (k-NN) and Lexicon Based algorithms in the case of sentiment analysis of public responses about Indonesian television shows uploaded on Twitter with 3 sentiment classes, namely positive, negative and neutral. The chosen method is a combination classification method between k-Nearest Neighbor (k-NN) and Lexicon Based. Before classifying, the pre-processing stage of this study was carried out first including cleaning, case folding, tokenizing, normalization, stopword removal and stemming. Then weighting is carried out by the TF-IDF method. The dataset used amounted to 200 tweets taken from tweet mentions of 4 Indonesian television stations namely, TVRI, RCTI, SCTV and ANTV. The program is designed using the python programming language with the help of the jupyter notebook framework. The scenario is carried out using the value of $k$ in the k-NN algorithm of $k=1,\ k=3$ and $k=5$. The best results obtained were $k=3$ values with an accuracy of 74%, an error rate of 26%, a recall of 83.3%, a precision of 80.64% and $f$-results at a value of $\mathrm{k}=5$ amounting to 90%.",ieee,llm,1.000,unreviewed,,doi:10.1109/citsm56380.2022.9936011
discarded,How much C can students learn in one week? Experiences teaching C in advanced CS courses,Rafael Corsi Ferrao; Igor Dos Santos Montagner; Ricardo Caceffo; Rodolfo Azevedo,2022,2022 IEEE Frontiers in Education Conference (FIE),10.1109/FIE56618.2022.9962662,https://ieeexplore.ieee.org/document/9962662/,adjacent-subtopic,"In this paper Innovative Practice Full Paper we analyze the results of the application of a Concept Inventory for introductory C programming when teaching C for students in advanced CS courses and propose improvements based on misconceptions found and student perceptions. Even though Python is now the most used language for introductory courses, many advanced CS courses, such as Operating Systems and Em-bedded Computing, still benefit from using the C language. Thus, instructors now face a new challenge: teaching C to students who are already proficient in a higher-level language. Since this must be done in addition to their existing course, it is necessary to (i) be fast; and (ii) assure that students learned enough to be successful in the courses. An approach described in previous work was to concentrate all courses that benefit from using C (Computer Systems, Embedded Computing and Programming Challenges) in a single semester and joining their classes for the first week of the semester. This resulted in promising preliminary results, but lacked a more rigorous assessment in order to draw more meaningful conclusions. Concept Inventories (CI) can be used to both assess how many students have accurate knowledge of the subject but also to identify common pitfalls and misconceptions. In this work we combine three years of experiences in teaching C in advanced CS courses with data from the application of an Introductory C programming CI. We have received 109 responses from three consecutive offerings, detailing student performance in seven key areas. Satisfactory performance was obtained in Parameter use and scope, Iteration, Recursion, Structures and Pointers. Variable Scope and Boolean Expressions were the most challenging areas. We analyze the most common misconceptions and relate them to the material and students’ previous experiences. A questionnaire answered by students (N=56) at the end of the activity is analyzed in order to understand the level of affinity of students with the C language before the course and their perceptions about it, we noticed that most students have not had contact with the language before and feel motivated to learn C. To verify the knowledge in the language on a practical project, we analyzed the first big delivery of code that they have to do after two weeks the end of the course , through the analysis of the students codes (N=58) we can measure that many students use more advanced resources of the language that were not seen in the course or taught officially by other courses, indicating that they were able to learn enough of the language to go it alone in more complex matters.",ieee,llm,0.980,unreviewed,,doi:10.1109/fie56618.2022.9962662
