status,title,authors,year,venue,doi,url,tags,abstract,provider,decision_source,llm_confidence,llm_review_outcome,llm_change_direction,paper_id
discarded,Impact of Code Refactoring Using Object-Oriented Methodology on a Scientific Computing Application,Malin Källén; Sverker Holmgren; Ebba þóra Hvannberg,2014,2014 IEEE 14th International Working Conference on Source Code Analysis and Manipulation,10.1109/SCAM.2014.21,https://ieeexplore.ieee.org/document/6975646/,adjacent-subtopic,"Methods and tools for refactoring of software have been extensively studied during the last decades, and we argue that there is now a need for additional studies of the effects of refactoring on code quality and external code attributes such as computational performance. To study these effects, we have refactored the central parts of a code base developed in academia for a class of computationally demanding scientific computing problems. We made design choices on the basis of the SOLID principles and we used object-oriented techniques, such as the Gang of Four patterns, in the implementation. In this paper, we discuss the effect on maintainability qualitatively and also analyze it quantitatively using a set of software metrics extending the Chidamber-Kemerer suite. Not surprisingly, we find that maintainability has increased as an effect of the refactoring. We also study performance and find that dynamic binding, which inhibits in lining by the compiler, in the most frequently executed parts of the code makes the execution times increase by over 700%. By exploiting static polymorphism, we have been able able to reduce the relative increase in execution times to less than 100%. We argue that the code version implementing static polymorphism is less maintainable than the one using dynamic polymorphism, although both versions are considerably more maintainable than the original code.",ieee,llm,0.740,unreviewed,,doi:10.1109/scam.2014.21
discarded,Towards Automated Configuration Documentation,Jobayer Ahmmed; Myra B. Cohen; Paul Gazzillo,2024,2024 39th IEEE/ACM International Conference on Automated Software Engineering (ASE),,https://ieeexplore.ieee.org/document/10764855/,adjacent-subtopic,"Configurability is a common property of software allowing programs to be customized for the user. While configurability is pervasive, it can also lead to faults (or misconfigurations) and make program evolution challenging. Dependencies can be missed, essential code can be left in place when a configuration option is removed, or code can be deleted or changed when still in use by other configuration options. A key issue is a lack of sufficient documentation and traceability between configuration options and code during software evolution. Existing approaches to solve these problems include automated documentation, analysis of version control history, or the use of special program configuration management languages. However, none of these provide a sufficient solution managing configuration changes over time. In this paper we propose our vision for an automated approach called ConfiGen, which provides user-facing documentation along with a back-end analysis showing definitions and uses of configuration options along with traceability to lines of program code for evolution. We performed a case study demonstrating its potential usefulness.CCS CONCEPTS• Software and its engineering → Software evolution; Documentation; Software product lines.",ieee,llm,0.980,unreviewed,,hash:c5eae772a4d1b28a
discarded,Evaluation of a Long-Method Refactoring Technic Using Reusability Assessment Metrics Based On ISO/IEC 25023 in Php Program Code,Tiara Rahmania Hadiningrum; Siti Rochimah,2024,2024 International Conference on Intelligent Cybernetics Technology & Applications (ICICyTA),10.1109/ICICYTA64807.2024.10912871,https://ieeexplore.ieee.org/document/10912871/,supports-claim; adjacent-subtopic,"This study explores the application of various refactoring techniques in PHP programs to improve code reuse, guided by the ISO/IEC 25023 standard for software quality. The main focus is on refactoring long methods, which are often plagued by complex logic and multiple responsibilities. This study uses several techniques such as Extract Method, Move Method, Replace Temp with Query, Introduce Parameter Object, and Replace Method with Method Object to improve the internal structure of the code. The results show a marked improvement in code modularity and separation of concerns. In particular, the MRE-1G metric, which measures reuse, showed a 3.6% improvement (from 0.877 to 0.894), while the MRE-2S metric saw a 14.6% improvement (from 0.123 to 0.141). Moreover, the creation of new classes during the refactoring process was crucial in achieving these higher reuse rates, which emphasizes the importance of modular design in software development. The findings show that refactoring, particularly through the introduction of new classes, leads to better code reuse and highlights the importance of maintaining well-structured code in software development practices. This study provides valuable insights into how refactoring can improve software quality and reuse, as well as offering practical guidance for developers looking to improve the maintainability of their PHP codebase.",ieee,llm_reviewed,0.940,changed,kept->discarded,doi:10.1109/icicyta64807.2024.10912871
discarded,Analyzing and Detecting Code Design Smells: A Comprehensive Survey,Noura Raad Nashaat; Naktal Moiad Edan,2025,2025 International Conference on Computer Science and Software Engineering (CSASE),10.1109/CSASE63707.2025.11054036,https://ieeexplore.ieee.org/document/11054036/,adjacent-subtopic,"A code smell is a software feature that signals bad code design., potentially impacting software quality. These smells are significant indicators of software health, providing early warnings of potential future issues in the codebase. Although the code may work correctly, these smells highlight areas that could pose problems later. They indicate design weaknesses that could slow development or increase the likelihood of bugs or failures. By identifying code smells early, developers can avoid fundamental design flaws, maintainability challenges, and scalability issues before they become more severe. While detecting code smells during development may seem disruptive, it encourages adherence to coding standards and best practices, fostering a culture of high-quality code within teams. The primary aim of this study is to conduct a comprehensive review of existing literature to examine the different Machine Learning (ML) and Deep Learning (DL) techniques used for detecting code smells in source code, such as Feature Envy, God Class, Data Class, Long Method, etc. The study will also compare the findings from various studies to identify the most accurate and effective techniques for code smell detection. This review highlights the strengths and weaknesses of current approaches and provides recommendations for future research in the field.",ieee,llm,0.820,unreviewed,,doi:10.1109/csase63707.2025.11054036
discarded,When and Why Do Software Developers Face Uncertainty?,Naoyasu Ubayashi; Yasutaka Kamei; Ryosuke Sato,2019,"2019 IEEE 19th International Conference on Software Quality, Reliability and Security (QRS)",10.1109/QRS.2019.00045,https://ieeexplore.ieee.org/document/8854688/,adjacent-subtopic,"Recently, many developers begin to notice that uncertainty is a crucial problem in software development. Unfortunately, no one knows how often uncertainty appears or what kinds of uncertainty exist in actual projects, because there are no empirical studies on uncertainty. To deal with this problem, we conduct a large-scale empirical study analyzing commit messages and revision histories of 1,444 OSS projects randomly selected from the GitHub repositories. The main findings are as follows: 1) Uncertainty exists in the ratio of 1.44% (average); 2) Uncertain program behavior, uncertain variable/value/name, and uncertain program defects are major kinds of uncertainty; and 3) Sometimes developers tend to take an action for not resolving but escaping or ignoring uncertainty. Uncertainty exists everywhere in a certain percentage and developers cannot ignore the existence of uncertainty.",ieee,llm,0.980,unreviewed,,doi:10.1109/qrs.2019.00045
discarded,Bad Smell Detection using Google Gemini,Larisse Amorim; Ivandeclei Mendes da Costa; Leticia Alves; Eduardo Figueiredo,2025,"2025 IEEE 49th Annual Computers, Software, and Applications Conference (COMPSAC)",10.1109/COMPSAC65507.2025.00221,https://ieeexplore.ieee.org/document/11126698/,adjacent-subtopic,"The detection of code smells is a critical task in software engineering, as it helps identify design issues that can compromise code quality and maintainability. With the advancement of large-scale language models (LLMs), such as Google Gemini, there is an opportunity to automate this detection more efficiently. This paper investigates the effectiveness of Gemini in identifying code smells in Java projects. We used a dataset (MLCQ) containing four types of code smells (Blob, Data Class, Feature Envy, and Long Method), classified into three severity levels. We then applied two types of prompts: a generic and a detailed one. To evaluate Gemini, we proposed three research questions related to its effectiveness with the different types of prompts used. Our results show that Gemini is more likely to provide correct results when using a detailed prompt compared to a generic one. Additionally, Gemini identified some code smells not highlighted by ChatGPT, suggesting their different detection capabilities. However, the accuracy of these additional detections still needs to be validated. We conclude that Google Gemini is a promising tool for code smell detection, but further studies are needed to understand its accuracy and the influence of the type of prompt used. This work paves the way for future research on the application of LLMs in software quality improvement.",ieee,llm,0.900,unreviewed,,doi:10.1109/compsac65507.2025.00221
discarded,SciPy 1.0: fundamental algorithms for scientific computing in Python,Pauli Virtanen; Ralf Gommers; Travis E. Oliphant; Matt Haberland; Tyler Reddy; David Cournapeau; Evgeni Burovski; Pearu Peterson; Warren Weckesser; Jonathan Bright; Stéfan J. van der Walt; Matthew Brett; Joshua Wilson; K. Jarrod Millman; Nikolay Mayorov; Andrew R. J. Nelson; Eric Jones; Robert Kern; Eric Larson; C J Carey; İlhan Polat; Yu Feng; Eric W. Moore; Jake VanderPlas; Denis Laxalde; Josef Perktold; Robert Cimrman; Ian Henriksen; Eric Antonio Quintero; Charles R. Harris; Anne M. Archibald; Antônio H. Ribeiro; Fabian Pedregosa; Paul van Mulbregt; SciPy 1.0 Contributors; A. Vijaykumar; Alessandro Pietro Bardelli; Alex Rothberg; Andreas Hilboll; Andreas Kloeckner; Anthony Scopatz; Antony Lee; Ariel Rokem; C. Nathan Woods; Chad Fulton; Charles Masson; Christian Häggström; Clark Fitzgerald; David A. Nicholson; David R. Hagen; Dmitrii V. Ṗasechnik; Emanuele Olivetti; Eric Martin; Eric Wieser; Fabrice Silva; Felix Lenders; Florian Wilhelm; G. Young; Gavin A. Price; Gert‐Ludwig Ingold; Gregory E. Allen; Gregory R. Lee; Hervé Audren; Irvin Probst; Jörg P. Dietrich; Jacob Silterra; James T. Webber; Janko Slavič; Joel Nothman; Johannes Buchner; Johannes Kulick; Johannes L. Schönberger; José Vinícius de Miranda Cardoso; Joscha Reimer; Joseph Harrington; Juan Luis Cano Rodríguez; Juan Nunez-Iglesias; Justin Kuczynski; Kevin Tritz; Martin Thoma; Matthew Newville; Matthias Kümmerer; Maximilian Bolingbroke; Michael Tartre; Mikhail Pak; Nathaniel J. Smith; Nikolai Nowaczyk; Nikolay Shebanov; Oleksandr Pavlyk; Per A. Brodtkorb; Perry Lee; Robert T. McGibbon; Roman Feldbauer; Sam Lewis; Sam Tygier; Scott Sievert; Sebastiano Vigna; Stefan Peterson; Surhud More; Tadeusz Pudlik,2020,Nature Methods,10.1038/s41592-019-0686-2,https://openalex.org/W3003257820,off-topic-false-hit,"SciPy is an open-source scientific computing library for the Python programming language. Since its initial release in 2001, SciPy has become a de facto standard for leveraging scientific algorithms in Python, with over 600 unique code contributors, thousands of dependent packages, over 100,000 dependent repositories and millions of downloads per year. In this work, we provide an overview of the capabilities and development practices of SciPy 1.0 and highlight some recent technical developments.",openalex,llm,1.000,unreviewed,,doi:10.1038/s41592-019-0686-2
discarded,SciPy 1.0: fundamental algorithms for scientific computing in Python,"Pauli Virtanen; Ralf Gommers; Travis E. Oliphant; Matt Haberland; Tyler J. Reddy; David Cournapeau; Evgeni Burovski; Pearu Peterson; Warren Weckesser; Bright, Jonathan; Stéfan van der Walt; Matthew Brett; Joshua Wilson; Jarrod Millman; Nikolay Mayorov; Andrew R. J. Nelson; Jones, Eric; Robert Kern; Larson, Eric; CJ Carey; İlhan Polat; Yu Feng; Eric Moore; Jake Vanderplas; Denis Laxalde; Josef Perktold; Robert Cimrman; Ian Henriksen; Eric Antonio Quintero; Harris, Charles R.; Anne M. Archibald; Antônio H. Ribeiro; Fabián Pedregosa; Paul van Mulbregt; A. Vijaykumar; Alessandro Pietro Bardelli; Alex Rothberg; Andreas Hilboll; Andreas Klöckner; Anthony Scopatz; Antony Lee; Ariel Rokem; Charles Woods; Chad Fulton; Charles Masson; Christian Häggström; Fitzgerald, Clark; David Nicholson; David Hagen; Dmitrii V. Ṗasechnik; Emanuele Olivetti; Martin, Eric; Eric Wieser; Fabrice Silva; Felix Lenders; Florian Wilhelm; Young, G.; Gavin A Price; Gert‐Ludwig Ingold; Gregory E. Allen; Gregory R. Lee; Hervé Audren; Irvin Probst; Jörg P. Dietrich; Jacob Silterra; James T. Webber; Janko Slavič; Joel Nothman; Johannes Büchner; Kulick, Johannes; Johannes L. Schönberger; José Vinícius de Miranda Cardoso; Joscha Reimer; Joseph Harrington; Juan Luis Cano; Juan Nunez-Iglesias; Justin Kuczynski; Kevin Tritz; Martin Thoma; Matthew G. Newville; Matthias Kümmerer; Maximilian C. Bolingbroke; Michael Tartre; Pak, Mikhail; Nathaniel J. Smith; Nikolai Nowaczyk; Nikolay Shebanov; Oleksandr Pavlyk; Per A. Brodtkorb; Perry Lee; Robert T. McGibbon; Roman Feldbauer; Sam Lewis; Sam Tygier; Scott Sievert; Sebastiano Vigna; Peterson, Stefan; Surhud More; Tadeusz Pudlik; 拓也 大嶋",2019,LA Referencia (Red Federada de Repositorios Institucionales de Publicaciones Científicas),10.17863/cam.64134,https://openalex.org/W3103145119,off-topic-false-hit,"Abstract: SciPy is an open-source scientific computing library for the Python programming language. Since its initial release in 2001, SciPy has become a de facto standard for leveraging scientific algorithms in Python, with over 600 unique code contributors, thousands of dependent packages, over 100,000 dependent repositories and millions of downloads per year. In this work, we provide an overview of the capabilities and development practices of SciPy 1.0 and highlight some recent technical developments.",openalex,llm,1.000,unreviewed,,doi:10.17863/cam.64134
discarded,Data Structures for Statistical Computing in Python,Wes McKinney,2010,Proceedings of the Python in Science Conferences,10.25080/majora-92bf1922-00a,https://openalex.org/W2342249984,off-topic-false-hit,"In this paper we are concerned with the practical issues of working with data sets common to finance, statistics, and other related fields.pandas is a new library which aims to facilitate working with these data sets and to provide a set of fundamental building blocks for implementing statistical models.We will discuss specific design issues encountered in the course of developing pandas with relevant examples and some comparisons with the R language.We conclude by discussing possible future directions for statistical computing and data analysis using Python.",openalex,llm,0.990,unreviewed,,doi:10.25080/majora-92bf1922-00a
discarded,ImageNet classification with deep convolutional neural networks,Alex Krizhevsky; Ilya Sutskever; Geoffrey E. Hinton,2017,Communications of the ACM,10.1145/3065386,https://openalex.org/W2163605009,off-topic-false-hit,"We trained a large, deep convolutional neural network to classify the 1.2 million high-resolution images in the ImageNet LSVRC-2010 contest into the 1000 different classes. On the test data, we achieved top-1 and top-5 error rates of 37.5% and 17.0%, respectively, which is considerably better than the previous state-of-the-art. The neural network, which has 60 million parameters and 650,000 neurons, consists of five convolutional layers, some of which are followed by max-pooling layers, and three fully connected layers with a final 1000-way softmax. To make training faster, we used non-saturating neurons and a very efficient GPU implementation of the convolution operation. To reduce overfitting in the fully connected layers we employed a recently developed regularization method called ""dropout"" that proved to be very effective. We also entered a variant of this model in the ILSVRC-2012 competition and achieved a winning top-5 test error rate of 15.3%, compared to 26.2% achieved by the second-best entry.",openalex,llm,1.000,unreviewed,,doi:10.1145/3065386
discarded,Survey on deep learning with class imbalance,Justin M. Johnson; Taghi M. Khoshgoftaar,2019,Journal Of Big Data,10.1186/s40537-019-0192-5,https://openalex.org/W2936503027,off-topic-false-hit,"The purpose of this study is to examine existing deep learning techniques for addressing class imbalanced data. Effective classification with imbalanced data is an important area of research, as high class imbalance is naturally inherent in many real-world applications, e.g., fraud detection and cancer detection. Moreover, highly imbalanced data poses added difficulty, as most learners will exhibit bias towards the majority class, and in extreme cases, may ignore the minority class altogether. Class imbalance has been studied thoroughly over the last two decades using traditional machine learning models, i.e. non-deep learning. Despite recent advances in deep learning, along with its increasing popularity, very little empirical work in the area of deep learning with class imbalance exists. Having achieved record-breaking performance results in several complex domains, investigating the use of deep neural networks for problems containing high levels of class imbalance is of great interest. Available studies regarding class imbalance and deep learning are surveyed in order to better understand the efficacy of deep learning when applied to class imbalanced data. This survey discusses the implementation details and experimental results for each study, and offers additional insight into their strengths and weaknesses. Several areas of focus include: data complexity, architectures tested, performance interpretation, ease of use, big data application, and generalization to other domains. We have found that research in this area is very limited, that most existing work focuses on computer vision tasks with convolutional neural networks, and that the effects of big data are rarely considered. Several traditional methods for class imbalance, e.g. data sampling and cost-sensitive learning, prove to be applicable in deep learning, while more advanced methods that exploit neural network feature learning abilities show promising results. The survey concludes with a discussion that highlights various gaps in deep learning from class imbalanced data for the purpose of guiding future research.",openalex,llm,1.000,unreviewed,,doi:10.1186/s40537-019-0192-5
discarded,"Python Materials Genomics (pymatgen): A robust, open-source python library for materials analysis",Shyue Ping Ong; William D. Richards; Anubhav Jain; Geoffroy Hautier; Michael Kocher; Shreyas Cholia; Dan Gunter; Vincent L. Chevrier; Kristin Aslaug Persson; Gerbrand Ceder,2012,Computational Materials Science,10.1016/j.commatsci.2012.10.028,https://openalex.org/W2015197254,off-topic-false-hit,,openalex,llm,1.000,unreviewed,,doi:10.1016/j.commatsci.2012.10.028
discarded,Introduction to information retrieval,Christopher D. Manning; Prabhakar Raghavan; Hinrich Schütze,2009,Choice Reviews Online,10.5860/choice.46-2715,https://openalex.org/W1532325895,off-topic-false-hit,"Class-tested and coherent, this textbook teaches classical and web information retrieval, including web search and the related areas of text classification and text clustering from basic concepts. It gives an up-to-date treatment of all aspects of the design and implementation of systems for gathering, indexing, and searching documents; methods for evaluating systems; and an introduction to the use of machine learning methods on text collections. All the important ideas are explained using examples and figures, making it perfect for introductory courses in information retrieval for advanced undergraduates and graduate students in computer science. Based on feedback from extensive classroom experience, the book has been carefully structured in order to make teaching more natural and effective. Slides and additional exercises (with solutions for lecturers) are also available through the book's supporting website to help course instructors prepare their lectures.",openalex,llm,1.000,unreviewed,,doi:10.5860/choice.46-2715
