status,title,authors,year,venue,doi,url,tags,abstract,provider,decision_source,llm_confidence,llm_review_outcome,llm_change_direction,paper_id
discarded,Quality Analysis of iOS Applications with Focus on Maintainability and Security,Kristiina Rahkema; Dietmar Pfahl,2022,2022 IEEE International Conference on Software Maintenance and Evolution (ICSME),10.1109/ICSME55016.2022.00083,https://ieeexplore.ieee.org/document/9978253/,adjacent-subtopic,"We use mobile apps on a daily basis and there is an app for everything. We trust these applications with our most personal data. It is therefore important that these apps are as secure and well usable as possible. So far most studies on the maintenance and security of mobile applications have been done on Android applications. We do, however, not know how well these results translate to iOS.This research project aims to close this gap by analysing iOS applications with regards to maintainability and security. Regarding maintainability, we analyse code smells in iOS applications, the evolution of code smells in iOS applications and compare code smell distributions in iOS and Android applications. Regarding security, we analyse the evolution of the third-party library dependency network for the iOS ecosystem. Additionally, we analyse how publicly reported vulnerabilities spread in the library dependency network.Regarding maintainability, we found that the distributions of code smells in iOS and Android applications differ. Code smells in iOS applications tend to correspond to smaller classes, such as Lazy Class. Regarding security, we found that the library dependency network of the iOS ecosystem is not growing as fast as in some other ecosystems. There are less dependencies on average than for example in the npm ecosystem and, therefore, vulnerabilities do not spread as far.",ieee,llm,0.760,unreviewed,,doi:10.1109/icsme55016.2022.00083
discarded,An empirical study to assess the effects of refactoring on software maintainability,Ruchika Malhotra; Anuradha Chug,2016,"2016 International Conference on Advances in Computing, Communications and Informatics (ICACCI)",10.1109/ICACCI.2016.7732033,https://ieeexplore.ieee.org/document/7732033/,adjacent-subtopic,"Maintenance is the most expensive phase of software and during this process refactoring is performed to improve the code without affecting its external behaviour. This study examines the effects of refactoring on maintainability using five proprietary software systems. Internal quality attributes were measured using design metrics suite whereas external quality attributes such as the level of abstraction, understandability, modifiability, extensibility and reusability were measured through expert opinion. The original versions of software are compared with refactored versions and the changes in quality attributes were mapped to maintainability. The results reveal that refactoring significantly improves the software quality and enhances software life. It was also found that even though refactoring is very tedious and might introduce errors if not implemented with utmost care, it is still advisable to frequently refactor the code to increase maintainability. Results of this study are useful to project managers in identifying the opportunities of refactoring while maintaining a perfect balance between reengineering and over-engineering.",ieee,llm,0.820,unreviewed,,doi:10.1109/icacci.2016.7732033
discarded,Smell-ML: A Machine Learning Framework for Detecting Rarely Studied Code Smells,Esraa Hamouda; Abeer El-Korany; Soha Makady,2025,IEEE Access,10.1109/ACCESS.2025.3530927,https://ieeexplore.ieee.org/document/10844273/,adjacent-subtopic,"Code smells are design flaws that reduce the software quality and maintainability. Machine learning classification models have been used to detect different code smells. However, such studies targeted code smells in depth, while leaving other under-explored smells; even so, such smells have a significant impact on source code quality. Recent surveys have highlighted a group of code smells that has rarely been studied by researchers. Furthermore, some machine learning classification models were evaluated on a subset of the source code features while ignoring significant features during classification. This paper proposes a novel approach, called Smell-ML, for detecting five rarely studied code smells: Middle Man (MM), Class Data Should Be Private (CDSBP), Inappropriate Intimacy (II), Refused Bequest (RB), and Speculative Generality (SG). The novelty of this approach stems from the improvement in both the data preparation and classification phases. During data preparation, Smell-ML relies on data balancing and an extended source code feature list to improve accuracy. In the classification phase, different classifiers were assessed, including traditional, ensemble, and multi-level classifiers. We evaluated Smell-ML on a dataset composed of 13 open source Java projects with 125 versions per project. The results show that Smell-ML’s detection F1-score values surpass those of previous studies with significant improvements across various code smells. The F1-score measure of the 11 machine learning classifiers improved after using the extended feature list. Data balancing and multi-level classification notably boosted accuracy.",ieee,llm,0.880,unreviewed,,doi:10.1109/access.2025.3530927
kept,Prioritising Refactoring Using Code Bad Smells,Min Zhang; Nathan Baddoo; Paul Wernick; Tracy Hall,2011,"2011 IEEE Fourth International Conference on Software Testing, Verification and Validation Workshops",10.1109/ICSTW.2011.69,https://ieeexplore.ieee.org/document/5954447/,qualifies-claim,"We investigated the relationship between six of Fowler et al.'s Code Bad Smells (Duplicated Code, Data Clumps, Switch Statements, Speculative Generality, Message Chains, and Middle Man) and software faults. In this paper we discuss how our results can be used by software developers to prioritise refactoring. In particular we suggest that source code containing Duplicated Code is likely to be associated with more faults than source code containing the other five Code Bad Smells. As a consequence, Duplicated Code should be prioritised for refactoring. Source code containing Message Chains seems to be associated with a high number of faults in some situations. Consequently it is another Code Bad Smell which should be prioritised for refactoring. Source code containing only one of the Data Clumps, Switch Statements, Speculative Generality, or Middle Man Bad Smell is not likely to be fault-prone. As a result these Code Bad Smells could be put into a lower refactoring priority.",ieee,llm,0.990,unreviewed,,doi:10.1109/icstw.2011.69
discarded,Enhancing Infrastructure-as-Code with Objectoriented Programming for Improving Maintainability,Miran Nevesinjac; Qing Tan,2025,2025 10th International Conference on Cloud Computing and Big Data Analytics (ICCCBDA),10.1109/ICCCBDA64898.2025.11030527,https://ieeexplore.ieee.org/document/11030527/,adjacent-subtopic,"This study examines the application of ObjectOriented Programming (OOP) within Infrastructure-as-Code (IaC) frameworks that employ General-Purpose Programming Languages (GPL) to improve maintainability. By leveraging SOLID principles, it demonstrates improvements in modularity, readability, flexibility, and reduced complexity compared to traditional markup-based IaC approaches. The findings highlight benefits in code organization, reusability, and adaptability, while identifying challenges like a steep learning curve and risks of overengineering. This research provides a replicable framework for integrating OOP into GPL-based IaC, offering practical guidance for developers and paving the way for more maintainable cloud infrastructure solutions.",ieee,llm,0.830,unreviewed,,doi:10.1109/icccbda64898.2025.11030527
discarded,"Learn Python Programming: A comprehensive, up-to-date, and definitive guide to learning Python",Fabrizio Romano; Heinrich Kruger,2024,"Learn Python Programming: A comprehensive, up-to-date, and definitive guide to learning Python",,https://ieeexplore.ieee.org/document/10780975/,adjacent-subtopic,"This edition offers updated content covering Python 3.9 to 3.12, new chapters on type hinting and CLI applications, and expanded practical examples, making it the ideal resource for both new and experienced Python programmersKey FeaturesCreate and deploy APIs and CLI applications, leveraging Python’s strengths in scripting and automationStay current with the latest features and improvements in Python, including pattern matching and the latest exception handling syntaxEngage with new real-world examples and projects, including competitive programming problems, to solidify your understanding of PythonBook DescriptionLearn Python Programming, Fourth Edition, provides a comprehensive, up-to-date introduction to Python programming, covering fundamental concepts and practical applications. This edition has been meticulously updated to include the latest features from Python versions 3.9 to 3.12, new chapters on type hinting and CLI applications, and updated examples reflecting modern Python web development practices. This Python book empowers you to take ownership of writing your software and become independent in fetching the resources you need. By the end of this book, you will have a clear idea of where to go and how to build on what you have learned from the book. Through examples, the book explores a wide range of applications and concludes by building real-world Python projects based on the concepts you have learned. This Python book offers a clear and practical guide to mastering Python and applying it effectively in various domains, such as data science, web development, and automation.What you will learnInstall and set up Python on Windows, Mac, and LinuxWrite elegant, reusable, and efficient codeAvoid common pitfalls such as duplication and over-engineeringUse functional and object-oriented programming approaches appropriatelyBuild APIs with FastAPI and program CLI applicationsUnderstand data persistence and cryptography for secure applicationsManipulate data efficiently using Python's built-in data structuresPackage your applications for distribution via the Python Package Index (PyPI)Solve competitive programming problems with PythonWho this book is forThis Python programming book is for everyone who wants to learn Python from scratch, as well as experienced programmers looking for a reference book. Prior knowledge of basic programming concepts will help you follow along, but it’s not a prerequisite",ieee,llm,0.990,unreviewed,,hash:ac642d8dada4ee63
discarded,Learn Python Programming: An in-depth introduction to the fundamentals of Python,Fabrizio Romano; Heinrich Kruger,2021,Learn Python Programming: An in-depth introduction to the fundamentals of Python,,https://ieeexplore.ieee.org/document/10163428/,adjacent-subtopic,"Get up and running with Python 3.9 through concise tutorials and practical projects in this fully updated third edition. Purchase of the print or Kindle book includes a free eBook in PDF format.Key FeaturesExtensively revised with richer examples, Python 3.9 syntax, and new chapters on APIs and packaging and distributing Python codeDiscover how to think like a Python programmerLearn the fundamentals of Python through real-world projects in API development, GUI programming, and data scienceBook DescriptionLearn Python Programming, Third Edition is both a theoretical and practical introduction to Python, an extremely flexible and powerful programming language that can be applied to many disciplines. This book will make learning Python easy and give you a thorough understanding of the language. You'll learn how to write programs, build modern APIs, and work with data by using renowned Python data science libraries. This revised edition covers the latest updates on API management, packaging applications, and testing. There is also broader coverage of context managers and an updated data science chapter. The book empowers you to take ownership of writing your software and become independent in fetching the resources you need. You will have a clear idea of where to go and how to build on what you have learned from the book. Through examples, the book explores a wide range of applications and concludes by building real-world Python projects based on the concepts you have learned.What you will learnGet Python up and running on Windows, Mac, and LinuxWrite elegant, reusable, and efficient code in any situationAvoid common pitfalls like duplication, complicated design, and over-engineeringUnderstand when to use the functional or object-oriented approach to programmingBuild a simple API with FastAPI and program GUI applications with TkinterGet an initial overview of more complex topics such as data persistence and cryptographyFetch, clean, and manipulate data, making efficient use of Python’s built-in data structuresWho this book is forThis book is for everyone who wants to learn Python from scratch, as well as experienced programmers looking for a reference book. Prior knowledge of basic programming concepts will help you follow along, but it’s not a prerequisite.",ieee,llm,0.990,unreviewed,,hash:bc734a84e86b31db
discarded,Smells in block-based programming languages,Felienne Hermans; Kathryn T. Stolee; David Hoepelman,2016,2016 IEEE Symposium on Visual Languages and Human-Centric Computing (VL/HCC),10.1109/VLHCC.2016.7739666,https://ieeexplore.ieee.org/document/7739666/,adjacent-subtopic,"Code smells were originally designed for object-oriented code, but in recent years, have been applied to end-user languages, including spreadsheets and Yahoo! Pipes. In this paper, we explore code smells in block-based end-user programming languages aimed at education. Specifically, we explore the occurrence of smells in two educational languages not previously targeted by smell detection and refactoring research: LEGO MINDSTORMS EV3 and Microsoft's Kodu. The results of this exploration show that object-oriented-inspired smells indeed occur in educational end-user languages and are present in 88% and 93% of the EV3 and Kodu programs, respectively. Most commonly we find that programs are plagued with lazy class, duplication, and dead code smells, with duplication smells being present in nearly two-thirds of programs in both languages.",ieee,llm_reviewed,0.910,confirmed,,doi:10.1109/vlhcc.2016.7739666
discarded,An Industry 4.0 Engineering Workflow Approach: From Product Catalogs to Product Instances,Christian Fimmers; Stephan Wein; Simon Storms; Christian Brecher; Torben Deppe; Ulrich Epple; Olaf Graeser,2019,IECON 2019 - 45th Annual Conference of the IEEE Industrial Electronics Society,10.1109/IECON.2019.8926979,https://ieeexplore.ieee.org/document/8926979/,off-topic-false-hit,"Todays engineering processes utilize purchased parts from different manufacturers to set up a product model within engineering tools. As manufacturers provide product data using different catalog services, multiple interfaces have to be implemented to integrate data of purchased parts into engineering tools. By downloading the data into the engineering tool at a certain time, data consistency is interrupted. A holistic solution is still missing. This paper depicts an integrative concept to utilize Industry 4.0 components in the engineering process, allowing an extension of data consistency from manufacturers product descriptions over engineering tools to the product life cycle.",ieee,llm,0.990,unreviewed,,doi:10.1109/iecon.2019.8926979
