status,title,authors,year,venue,doi,url,tags,abstract,provider,decision_source,llm_confidence,llm_review_outcome,llm_change_direction,paper_id
discarded,Using Code Evolution Information to Improve the Quality of Labels in Code Smell Datasets,Yijun Wang; Songyuan Hu; Linfeng Yin; Xiaocong Zhou,2018,2018 IEEE 42nd Annual Computer Software and Applications Conference (COMPSAC),10.1109/COMPSAC.2018.00015,https://ieeexplore.ieee.org/document/8377639/,adjacent-subtopic,"Several approaches are proposed to detect code smells. A set of important approaches are based on machine learning algorithms, which require the code smells have been labeled in source codes as training data firstly. The common labeling approaches are based on manual or tools, but it is difficult for current approaches to get reliable large-scale datasets. In this paper, an approach using the evolution information of source codes is proposed to get large-scale and more reliable training datasets for detecting code smells based on machine learning algorithms. Our approach analyzes the evolving of the source code smells firstly labeled by a tool from the baseline version into the contrastive version of a software system, and then constructs training datasets based on those ""changed smells"". Experiments conducted on three open source software projects for detecting four types of code smells(which are Data Class, God Class, Brain Class and Brain Method) show that the models obtained by changed smells datasets have better performance on code smell detection than those obtained by unchanged smells datasets (with an average improvement rate of 7.8% and a maximum increase of 30%). The experiments results indicate that using the evolution information of source codes can construct more reliable training datasets for detecting code smells based on machine learning algorithms.",ieee,llm,0.960,unreviewed,,doi:10.1109/compsac.2018.00015
discarded,A Survey of the Forms of Java Reference Names,Simon Butler; Michel Wermelinger; Yijun Yu,2015,2015 IEEE 23rd International Conference on Program Comprehension,10.1109/ICPC.2015.30,https://ieeexplore.ieee.org/document/7181448/,adjacent-subtopic,"The readability of identifiers is a major factor of program comprehension and an aim of naming convention guidelines. Due to their semantic content, identifiers are also used in feature and bug location, among other software maintenance tasks. Looking at how names are used in practice may lead to insights on potential problems for comprehension and for programming support tools that process identifiers. Class and method names are already well represented in the literature. This paper presents an investigation of Java field, formal argument and local variable names, which we collectively call reference names. These names cannot be ignored because they constitute over half the unique names and almost 70% of the name declarations in the corpus investigated. We analysed the forms of 3.5 million reference name declarations in 60 well known Java projects, examining the phrasal structure of names composed of known words and acronyms. The structures found in practice were evaluated against those given in the literature. The use of unknown abbreviations and words, which may pose a problem for program comprehension, was also identified. Based on our observations of the rich diversity of reference names, we suggest issues to be taken into account for future academic research and for improving tools that rely on names as sources of information.",ieee,llm,0.990,unreviewed,,doi:10.1109/icpc.2015.30
discarded,Code Smell Detection Research Based on Pre-training and Stacking Models,Dongwen Zhang; Shuai Song; Yang Zhang; Haiyang Liu; Gaojie Shen,2024,IEEE Latin America Transactions,10.1109/TLA.2024.10375735,https://ieeexplore.ieee.org/document/10375735/,adjacent-subtopic,"Code smells detection primarily adopts heuristic-based, machine learning, and deep learning approaches, However, to enhance accuracy, most studies employ deep learning methods, but the value of traditional machine learning methods should not be underestimated. Additionally, existing code smells detection methods do not pay sufficient attention to the textual features in the code. To address this issue, this paper proposes a code smell detection method, SCSmell, which utilizes static analysis tools to extract structure features, then transforms the code into txt format using static analysis tools , and inputs it into the BERT pre-training model to extract textual features. The structure features are combined with the textual features to generate sample data and label code smells instances. The REFCV method is then used to filter important structure features. To deal with the issue of data imbalance, the Borderline-SMOTE method is used to generate positive sample data, and a three-layer Stacking model is ultimately employed to detect code smells. In our experiment, we select 44 large actual projects programs as the training and testing sets and conducted smell detection for four types of code smells: brain class, data class, God class, and brain method. The experimental results indicate that the SCSmell method improves the average accuracy by 10.38 % compared to existing detection methods, while maintaining high precision, recall, and F1 scores. The SCSmell method is an effective solution for implementing code smells detection.",ieee,llm,0.980,unreviewed,,doi:10.1109/tla.2024.10375735
discarded,Code Smell Detection using Hybrid Machine Learning Algorithms,D Mahalakshmi; Prabakaran Kasinathan; D. Elangovan; C. Rohith Bhat; M Balamurugan; S. Sivakumar,2023,2023 5th International Conference on Inventive Research in Computing Applications (ICIRCA),10.1109/ICIRCA57980.2023.10220911,https://ieeexplore.ieee.org/document/10220911/,adjacent-subtopic,"Code smells frequently leads to the discovery of decreased code quality, drains on application resources, or even critical security vulnerabilities embedded within the application's code. While code smells may not always indicate a particularly serious problem, it do often lead to the discovery of these issues. Software's structural characteristics lead to a design issue that makes it challenging to manage and maintain code refactoring. The goal of the current research is to create methods for identifying code smells. The machine learning algorithm is a reliable method for individualized smell detection, but there aren't many studies on how well it works for different developers. In this proposed work used two different deep learning algorithms and five different machine learning ensembles to detect suspicious code. Investigation of the Data class, God class, Feature-envy, and Long-method datasets revealed that each contained various levels of code smells. Although there is room for improvement, the outcomes of prior publications' applications of machine learning and stacking ensemble learning methods to this dataset were satisfactory. A class balancing method (SMOTE) was implemented to address the problem of class imbalance within the datasets. While the Feature- envy dataset with the selected dozen metrics produced the lowest accuracy (91.45%) for the Max voting method, the Long-method dataset with the various chosen metrics produced the highest accuracy (100%) for all five methods.",ieee,llm,0.970,unreviewed,,doi:10.1109/icirca57980.2023.10220911
kept,Examining the Relationship of Code and Architectural Smells with Software Vulnerabilities,Kazi Zakia Sultana; Zadia Codabux; Byron Williams,2020,2020 27th Asia-Pacific Software Engineering Conference (APSEC),10.1109/APSEC51365.2020.00011,https://ieeexplore.ieee.org/document/9359268/,supports-claim,"Context: Security is vital to software developed for commercial or personal use. Although more organizations are realizing the importance of applying secure coding practices, in many of them, security concerns are not known or addressed until a security failure occurs. The root cause of security failures is vulnerable code. While metrics have been used to predict software vulnerabilities, we explore the relationship between code and architectural smells with security weaknesses. As smells are surface indicators of a deeper problem in software, determining the relationship between smells and software vulnerabilities can play a significant role in vulnerability prediction models. Objective: This study explores the relationship between smells and software vulnerabilities to identify the smells. Method: We extracted the class, method, file, and package level smells for three systems: Apache Tomcat, Apache CXF, and Android. We then compared their occurrences in the vulnerable classes which were reported to contain vulnerable code and in the neutral classes (non-vulnerable classes where no vulnerability had yet been reported). Results: We found that a vulnerable class is more likely to have certain smells compared to a non-vulnerable class. God Class, Complex Class, Large Class, Data Class, Feature Envy, Brain Class have a statistically significant relationship with software vulnerabilities. We found no significant relationship between architectural smells and software vulnerabilities. Conclusion: We can conclude that for all the systems examined, there is a statistically significant correlation between software vulnerabilities and some smells.",ieee,llm,0.760,unreviewed,,doi:10.1109/apsec51365.2020.00011
discarded,Achieving Better Requirements to Code Traceability: Which Refactoring Should Be Done First?,Farina Faiz; Rubaida Easmin; Alim Ul Gias,2016,2016 10th International Conference on the Quality of Information and Communications Technology (QUATIC),10.1109/QUATIC.2016.012,https://ieeexplore.ieee.org/document/7814509/,supports-claim; adjacent-subtopic,"During system evolution, trace links among requirements and source code could get distorted due to vocabulary mismatch problem. Nevertheless, researchers have shown that those links can be recovered by code refactoring. Moreover, it is shown that refactoring methods like rename identifier has positive impact in supporting traceability. This leads to the question that will other refactoring methods will have same impact on traceability? If yes, then which refactoring technique should be applied first? For this investigation, we used four refactoring techniques - introducing parameter object, pull up field, inline class and decompose conditional. The methods were applied on two different code bases namely iTrust and eTour. The traceability links were generated by an automated tool named TraceME. From the experiment, we observed that introducing parameter object improves requirements to code traceability. Inline class and decompose conditional show a little but positive influence. Pull up method shows no improvements in traceability. We conclude that introducing parameter object should have high priority to achieve better traceability.",ieee,llm_reviewed,0.910,changed,kept->discarded,doi:10.1109/quatic.2016.012
discarded,System evolution at the attribute level: An empirical study of three Java OSS and their refactorings,E. Nasseri; S. Counsell,2009,Proceedings of the ITI 2009 31st International Conference on Information Technology Interfaces,10.1109/ITI.2009.5196165,https://ieeexplore.ieee.org/document/5196165/,adjacent-subtopic,"In this paper, we focus on the net changes in attributes across versions of OSS and use net class change data (class additions and deletions) as well as refactoring data from a previous study to inform our understanding of how those three systems evolved as they did. While the majority of new attributes were added at levels 1 and 2 of the inheritance, these patterns were not consistent. The research question addresses the evolutionary relationship between classes and attributes as well as the connection between those changes and refactorings. Although some evidence of attributes following patterns conformant with class additions was found, we also identified occurrences of attributes being added unilaterally. A strong correspondence was also found between attribute addition and the refactoring data. Finally, we explore features of a fourth system with seven inheritance levels for similar characteristics.",ieee,llm,0.910,unreviewed,,doi:10.1109/iti.2009.5196165
discarded,Semantic Block Reconstruction for Refactoring Industrial Control Systems in Flexible Manufacturing,Maodong Lin; Qinyun Hu; Wenchao Zou; Klaus Wendelberger; Wenbin Dai,2026,IEEE Transactions on Industrial Informatics,10.1109/TII.2026.3701792,https://ieeexplore.ieee.org/document/11597962/,adjacent-subtopic,"Aiming for flexible manufacturing, industrial control software must react rapidly to meet new requirements resulting from product customization and the convergence of operations and information technology. Software reusability is one of the key performance indicators that accelerates this process. However, due to the variety and complexity of platforms and requirements, the reusability of industrial control software across various projects often faces challenges from both cost and efficiency perspectives. This article proposes a reusable block identification method for extracting semantics from legacy industrial automation programs, refactoring them into platform-independent behavior models that can be further generated in any programming language for rapid migration and flexible integration. Experimental results demonstrate that this method can identify reusable modules in functionally similar programs with differing syntax. This method improves the efficiency of industrial control software development and reduces the efforts required.",ieee,llm,0.980,unreviewed,,doi:10.1109/tii.2026.3701792
discarded,Quality Evaluation of Structural Design in Software Reverse Engineering: A Focus On Cohesion,Chung-Yang Chen; Kuang-Yen Tai; Sin-Sian Chong,2021,IEEE Access,10.1109/ACCESS.2021.3102295,https://ieeexplore.ieee.org/document/9505641/,adjacent-subtopic,"Software reverse engineering (SRE) plays a crucial role in contemporary software environments. Software developers may implement a system first then use SRE tools to generate design content such as the Unified Modeling Language (UML) diagrams. In the literature of SRE, studies majorly focus on how precisely the conversion can reflect the system; there is, however, little or no research that further looks into the quality of the converted results. Therefore, this paper presents an online knowledge-based ontological SRE system, OntRECoh, for quality evaluation of converted UML structural models. OntRECoh features a domain-specific knowledge base that focuses on cohesion design and a rule-based inference engine for computing the cohesion scores of Java-based implemented systems and providing improvement recommendations through its Web-based interface. Furthermore, OntRECoh includes both static and dynamic cohesion measures from both the design and the implementation aspects, for the evaluation to be more comprehensive and synthetic in the SRE context.",ieee,llm,0.960,unreviewed,,doi:10.1109/access.2021.3102295
discarded,Improving performance with hybrid feature selection and ensemble machine learning techniques for code smell detection,Shivani Jain; Anju Saha,2021,Science of Computer Programming,10.1016/j.scico.2021.102713,https://openalex.org/W3195380442,adjacent-subtopic,,openalex,llm,0.980,unreviewed,,doi:10.1016/j.scico.2021.102713
discarded,A Support Vector Machine Based Approach for Code Smell Detection,Amandeep Kaur; Sushma Jain; Shivani Goel,2017,,10.1109/mlds.2017.8,https://openalex.org/W2794185179,adjacent-subtopic,"Code smells may be introduced in software due to market rivalry, work pressure deadline, improper functioning, skills or inexperience of software developers. Code smells indicate problems in design or code which makes software hard to change and maintain. Detecting code smells could reduce the effort of developers, resources and cost of the software. Many researchers have proposed different techniques like DETEX for detecting code smells which have limited precision and recall. To overcome these limitations, a new technique named as SVMCSD has been proposed for the detection of code smells, based on support vector machine learning technique. Four code smells are specified namely God Class, Feature Envy, Data Class and Long Method and the proposed technique is validated on two open source systems namely ArgoUML and Xerces. The accuracy of SVMCSD is found to be better than DETEX in terms of two metrics, precision and recall, when applied on a subset of a system. While considering the entire system, SVMCSD detect more occurrences of code smells than DETEX.",openalex,llm,0.970,unreviewed,,doi:10.1109/mlds.2017.8
discarded,SSHM: SMOTE-stacked hybrid model for improving severity classification of code smell,Jatin Nanda; Jitender Kumar Chhabra,2022,International Journal of Information Technology,10.1007/s41870-022-00943-8,https://openalex.org/W4229039452,adjacent-subtopic,,openalex,llm,0.970,unreviewed,,doi:10.1007/s41870-022-00943-8
kept,Examining the Bug Prediction Capabilities of Primitive Obsession Metrics,"Pengo, Edit",2021,"COMPUTATIONAL SCIENCE AND ITS APPLICATIONS, ICCSA 2021, PT VII",10.1007/978-3-030-87007-2_14,https://www.webofscience.com/wos/woscc/full-record/WOS:000722429500014,qualifies-claim; vinst,"Bug prediction is an approach that helps make bug detection more automated during software development. Based on a bug dataset a prediction model is built to locate future bugs. Bug datasets contain information about previous defects in the code, process metrics, or source code metrics, etc. As code smells can indicate potential flaws in the source code, they can be used for bug prediction as well.

In our previous work, we introduced several source code metrics to detect and describe the occurrence of Primitive Obsession in Java. This paper is a further study on three of the Primitive Obsession metrics. We integrated them into an existing, source code metrics-based bug dataset, and studied the effectiveness of the prediction built upon it. We performed a 10 fold cross-validation on the whole dataset and a cross-project validation as well. We compared the new models with the results of the original dataset. While the cross-validation showed no significant change, in the case of the cross-project validation, we have found that the amount of improvement exceeded the amount of deterioration by 5%. Furthermore, the variance added to the dataset was confirmed by correlation and PCA calculations.",wos,llm_reviewed,0.990,confirmed,,doi:10.1007/978-3-030-87007-2_14
kept,"A Systematic Literature Survey of Software Metrics, Code Smells and Refactoring Techniques","Agnihotri, Mansi; Chug, Anuradha",2020,JOURNAL OF INFORMATION PROCESSING SYSTEMS,10.3745/JIPS.04.0184,https://www.webofscience.com/wos/woscc/full-record/WOS:000580325500015,supports-claim,"Software refactoring is a process to restructure an existing software code while keeping its external behavior the same. Currently, various refactoring techniques are being used to develop more readable and less complex codes by improving the non-functional attributes of software. Refactoring can further improve code maintainability by applying various techniques to the source code, which in turn preserves the behavior of code. Refactoring facilitates bug removal and extends the capabilities of the program. In this paper, an exhaustive review is conducted regarding bad smells present in source code, applications of specific refactoring methods to remove that bad smell and its effect on software quality. A total of 68 studies belonging to 32 journals, 31 conferences, and 5 other sources that were published between the years 2001 and 2019 were shortlisted. The studies were analyzed based on of bad smells identified, refactoring techniques used, and their effects on software metrics. We found that ""long method"", ""feature envy"", and ""data class"" bad smells were identified or corrected in the majority of studies. ""Feature envy"" smell was detected in 36.66% of the total shortlisted studies. Extract class refactoring approach was used in 38.77% of the total studies, followed by the move method and extract method techniques that were used in 34.69% and 30.61% of the total studies, respectively. The effects of refactoring on complexity and coupling metrics of software were also analyzed in the majority of studies, i.e., 29 studies each. Interestingly, the majority of selected studies (41%) used large open source datasets written in Java language instead of proprietary software. At the end, this study provides future guidelines for conducting research in the field of code refactoring.",wos,llm,0.900,unreviewed,,doi:10.3745/jips.04.0184
