status,title,authors,year,venue,doi,url,tags,abstract,provider,decision_source,llm_confidence,llm_review_outcome,llm_change_direction,paper_id
discarded,Apercal-The Apertif calibration pipeline,"Adebahr, B.; Schulz, R.; Dijkema, T. J.; Moss, V. A.; Offringa, A. R.; Kutkin, A.; van der Hulst, J. M.; Frank, B. S.; Vilchez, N. P. E.; Verstappen, J.; Adams, E. K.; de Blok, W. J. G.; Denes, H.; Hess, K. M.; Lucero, D.; Morganti, R.; Oosterloo, T.; Pisano, D-J; Ivashina, M., V; van Cappellen, W. A.; Connor, L. D.; Coolen, A. H. W. M.; Damstra, S.; Loose, G. M.; Maan, Y.; Maccagni, F. M.; Mika, A.; Mulder, H.; Oostrum, L. C.; Orru, E.; Smits, R.; van der Schuur, D.; van Leeuwen, J.; Vohl, D.; Wijnholds, S. J.; Ziemke, J.",2022,ASTRONOMY AND COMPUTING,10.1016/j.ascom.2021.100514,https://www.webofscience.com/wos/woscc/full-record/WOS:000777933900006,off-topic-false-hit,"Apertif (APERture Tile In Focus) is one of the Square Kilometre Array (SKA) pathfinder facilities. The Apertif project is an upgrade to the 50-year-old Westerbork Synthesis Radio Telescope (WSRT) using phased-array feed technology. The new receivers create 40 individual beams on the sky, achieving an instantaneous sky coverage of 6.5 square degrees. The primary goal of the Apertif Imaging Survey is to perform a wide survey of 3500 square degrees (AWES) and a medium deep survey of 350 square degrees (AMES) of neutral atomic hydrogen (up to a redshift of 0.26), radio continuum emission and polarisation. Each survey pointing yields 4.6 TB of correlated data. The goal of Apercal is to process this data and fully automatically generate science ready data products for the astronomical community while keeping up with the survey observations. We make use of common astronomical software packages in combination with Python based routines and parallelisation. We use an object oriented module-based approach to ensure easy adaptation of the pipeline. A Jupyter notebook based framework allows user interaction and execution of individual modules as well as a full automatic processing of a complete survey observation. If nothing interrupts processing, we are able to reduce a single pointing survey observation on our five node cluster with 24 physical cores and 256 GB of memory each within 24 h keeping up with the speed of the surveys. The quality of the generated images is sufficient for scientific usage for 44% of the recorded data products with single images reaching dynamic ranges of several thousands. Future improvements will increase this percentage to over 80%. Our design allowed development of the pipeline in parallel to the commissioning of the Apertif system.(C) 2021 Elsevier B.V. All rights reserved.",wos,llm,0.980,unreviewed,,doi:10.1016/j.ascom.2021.100514
discarded,An Open-Source Processing Pipeline for Quad-Dominant Mesh Generation for Class-Compliant Ship Structural Analysis,"Grubisic, Luka; Lacmanovic, Domagoj; Palaversa, Marin; Prebeg, Pero; Tambaca, Josip",2022,JOURNAL OF MARINE SCIENCE AND ENGINEERING,10.3390/jmse10020209,https://www.webofscience.com/wos/woscc/full-record/WOS:000767788600001,off-topic-false-hit,"We present an algorithm for the fully automatic generation of a class-compliant mesh for ship structural analysis. Our algorithm is implemented as an end-to-end solution. It starts from a description of a geometry and produces a class conforming surface mesh as a result. The algorithm consists of two parts, the automatic geometry refinement and the preconditioned Delaunay frontal quad dominant mesh generator. A geometry is described by a dictionary of elements and it contains points, rods, plates, and openings. A dictionary can contain modeling errors such as unintended overlaps or an unintended loss of connectivity between elements. The main contribution of the paper is the automatic geometry refinement algorithm and the virtual stiffener procedure designed to control the local mesh orientation of a marching front meshing algorithm. The geometry refinement algorithm guarantees that the output dictionary will be such that intersections of the boundary edges of plates are guaranteed to be nodes of any mesh generated by tessellating such geometry. The algorithm is implemented in Python, using the open-source Gmsh system together with the Open CASCADE kernel which is used to implement the automatic geometry refinement. We present several benchmark models from an engineering practice to illustrate our claims as well as to benchmark the efficiency of the various stages of the processing pipeline.",wos,llm,0.990,unreviewed,,doi:10.3390/jmse10020209
discarded,Deep learning based cardiovascular disease diagnosis system from heartbeat sound,"Yadav, Kusum; Tiwari, Shamik; Jain, Anurag; Dafhalla, Alaa Kamal Yousif",2021,INTERNATIONAL JOURNAL OF SPEECH TECHNOLOGY,10.1007/s10772-021-09890-4,https://www.webofscience.com/wos/woscc/full-record/WOS:000694568700002,off-topic-false-hit,"During each cardiac cycle of heart, vibrations creates sound and murmur. When these sound and murmur wave is represented graphically then it is called phonocardiogram (PCG). Digital stethoscope is used to record the audio wave signals generated due to heart vibration. Audio waves recorded through digital stethoscope can be used to fetch information like tone, quality, intensity, frequency, heart rate etc. Based on the heart condition, this information will be different for different people and can be used to predict the status of heart at early stage in non-invasive manner. In this research work, by using deep learning models, authors have classified PCG signals into 5 classes namely extra systole, extra heart sound, artifacts, normal heartbeat and murmur. Initially spectrograms in the form of images are extracted from PCG sound and feed into Regularized Convolutional Neural Network. From the simulation environment designed in python, it has found that proposed model has shown the average accuracy of 94% while doing the classification of PCG sound in five classes.",wos,llm,1.000,unreviewed,,doi:10.1007/s10772-021-09890-4
discarded,Ant Colony Optimization Based Partition Model for VLSI Physical Design,"Guru, Pavithra R.; Vaithianathan, V.",2020,2020 INTERNATIONAL CONFERENCE ON COMPUTER COMMUNICATION AND INFORMATICS (ICCCI - 2020),10.1109/iccci48352.2020.9104175,https://www.webofscience.com/wos/woscc/full-record/WOS:000610812500021,off-topic-false-hit,"The extending rate of the stock is to impel cycling of VLSI based improvement, for the most of the part organizes unadulterated style and execution systems. Circuit partitioning might be a physical style approach that isolates a given circuit into territories wearisome by two or three essentials and meeting certain destinations like obliging the Cut Set between the segments, confining the deferral between the pieces, broadening the rest time of the area to lessen the utmost use and finding the time structures of the algorithmic standard. The circuit allocating is NP hard; which gathers no algorithmic standard for this class of issues and polynomial structures are found. Thus, a normally breathed life into heuristic (Ant Colony) is utilized to choose such downside. The quality ISCAS' 85 benchmark arranged web List records are utilized for testing and beguilement. The test structures and algorithmic guideline are completed in python PC code which gives higher outcomes to the majority of the circuits.",wos,llm,1.000,unreviewed,,doi:10.1109/iccci48352.2020.9104175
discarded,A Real-Time Computer Vision System for Workers' PPE and Posture Detection in Actual Construction Site Environment,"Moohialdin, Ammar; Lamari, Fiona; Marc, Miska; Trigunarsyah, Bambang",2021,"EASEC16: PROCEEDINGS OF THE 16TH EAST ASIAN-PACIFIC CONFERENCE ON STRUCTURAL ENGINEERING AND CONSTRUCTION, 2019",10.1007/978-981-15-8079-6_199,https://www.webofscience.com/wos/woscc/full-record/WOS:001712260400199,off-topic-false-hit,"The real-time video detection model is yet a challenging, especially in detecting construction site workers and their PPE (helmet and safety gear) and postures, since the construction site environment consists multiple complications such as different illumination levels, shadows, complex activities, a wide range of personal protective equipment (PPE) designs and colours. This paper proposes a novel computer vision (CV) system to detect the construction workers' PPE and postures in a real-time manner. Four different recording sessions have been carried out to build a dataset of 95 videos by using a novel design of site cameras. The PPE detection included eight different types of helmets and gears and the postures detection consisted of nine classes. The Python data-labelling tool was used to annotate the selected datasets and the labelled datasets were used to build a detection model based on the TensorFlow environment. The proposed method consists of two layers of decision trees, which was tested and validated on two videos of 2000 frames. The proposed model achieves high-performance results in both identification and recall ratios over 83 and 95%, respectively. It also achieved higher accuracy in classifying the postures over 72 and 64% in model testing and validation. The proposed model can promote potential improvements in the application of real-time video analysis in actual site conditions.",wos,llm,1.000,unreviewed,,doi:10.1007/978-981-15-8079-6_199
discarded,TrolleyMod v1.0: An Open-Source Simulation and Data Collection Platform for Ethical Decision-Making in Autonomous Vehicles,"Behzadan, Vahid; Minton, James; Munir, Arslan",2019,"AIES '19: PROCEEDINGS OF THE 2019 AAAI/ACM CONFERENCE ON AI, ETHICS, AND SOCIETY",10.1145/3306618.3314239,https://www.webofscience.com/wos/woscc/full-record/WOS:000556121100054,off-topic-false-hit,"This paper presents TrolleyMod v1.0, an open-source platform based on the CARLA simulator for the collection of ethical decision making data for autonomous vehicles. This platform is designed to facilitate experiments aiming to observe and record human decisions and actions in high-fidelity simulations of ethical dilemmas that occur in the context of driving. Targeting experiments in the class of trolley problems, TrolleyMod provides a seamless approach to creating new experimental settings and environments with the realistic physics-engine and the high-quality graphical capabilities of CARLA and the Unreal Engine. Also, TrolleyMod provides a straightforward interface between the CARLA environment and Python to enable the implementation of custom controllers, such as deep reinforcement learning agents. The results of such experiments can be used for sociological analyses, as well as the training and tuning of value-aligned autonomous vehicles based on social values that are inferred from observations.",wos,llm,0.990,unreviewed,,doi:10.1145/3306618.3314239
discarded,A Python Based InSAR Processing Tool For ISRO SAR Missions,"Panchal, Rajvi; Chirakkal, Sanid; Putrevu, Deepak; Misra, Arundhati",2019,2019 URSI ASIA-PACIFIC RADIO SCIENCE CONFERENCE (AP-RASC),10.23919/ursiap-rasc.2019.8738729,https://www.webofscience.com/wos/woscc/full-record/WOS:000491262700582,off-topic-false-hit,"Interferometric Synthetic Aperture Radar (InSAR) is a remote sensing technique widely used to generate elevation maps, commonly known as interferograms, that depicts surface deformations and topographic trends. Changes in topography and deformations can be measured over span of days to years and are recorded in the form of fringes. Taking into consideration the upcoming NASA-ISRO Synthetic Aperture Radar (NISAR) mission, which is designed to support wide-swath interferometry, it is high time to develop a InSAR processing tool dedicated to ISRO missions. Due to its versatile features, popularity, flexibility and the huge library support, the tool development was chosen to be in Python3 programming language. In this paper the first results obtained from the in-house developed, python 3 based, software tool for InSAR processing are presented. The tool is slated to become part of the Microwave Data Analysis Software (MIDAS) of SAC, which is a generic SAR processing software suite. Currently, the tool accepts ERS 1/2, ENVISAT, RADARSAT-2 and ALOS-2 data. For verification purpose, the outputs generated by the tool are compared with those generated by the freely available Delft Object-oriented Radar Interferometric Software (DORIS) developed by the Delft Institute of Earth Observation and Space Systems (DEOS), Delft University of Technology.",wos,llm,0.990,unreviewed,,doi:10.23919/ursiap-rasc.2019.8738729
discarded,An electric vehicle model and validation using a Nissan Leaf: A Python-based object-oriented programming approach,"Howroyd, Simon; Thring, Rob",2018,ADVANCES IN MECHANICAL ENGINEERING,10.1177/1687814018782099,https://www.webofscience.com/wos/woscc/full-record/WOS:000444536300001,adjacent-subtopic,"Electric vehicles are becoming more and more prevalent, especially with major manufacturers announcing that they will be focusing on electric or hybrid vehicles in the future. This article describes an object-oriented approach to a vehicle model using Python 3. This approach allows for flexibility of vehicle design. The key parameters were input to define the specific vehicle for validation, in this case a Nissan Leaf. It is anticipated that this flexibility will lead to rapid exploratory design of vehicle variants, such as four-wheel drive, independent wheel drive and multiple electrical sources. The model had its objects individually validated before the whole vehicle was verified against common drive cycles and a real-world drive in the United Kingdom recorded using an On-board Diagnostics (OBD2) Bluetooth dongle.",wos,llm,0.950,unreviewed,,doi:10.1177/1687814018782099
discarded,Typed First-Class Traits,"Bi, Xuan; Oliveira, Bruno C. d. S.",2018,"32ND EUROPEAN CONFERENCE ON OBJECT-ORIENTED PROGRAMMING, ECOOP 2018",10.4230/LIPIcs.ECOOP.2018.9,https://www.webofscience.com/wos/woscc/full-record/WOS:001588832100009,adjacent-subtopic,"Many dynamically-typed languages (including JavaScript, Ruby, Python or Racket) support first-class classes, or related concepts such as first-class traits and/or mixins. In those languages classes are first-class values and, like any other values, they can be passed as an argument, or returned from a function. Furthermore first-class classes support dynamic inheritance: i.e. they can inherit from other classes at runtime, enabling programmers to abstract over the inheritance hierarchy. In contrast, type system limitations prevent most statically-typed languages from having first-class classes and dynamic inheritance.

This paper shows the design of SEDEL: a polymorphic statically-typed language with first class traits, supporting dynamic inheritance as well as conventional OO features such as dynamic dispatching and abstract methods. To address the challenges of type-checking first-class traits, SEDEL employs a type system based on the recent work on disjoint intersection types and disjoint polymorphism. The novelty of SEDEL over core disjoint intersection calculi are source level features for practical OO programming, including first-class traits with dynamic inheritance, dynamic dispatching and abstract methods. Inspired by Cook and Palsberg's work on the denotational semantics for inheritance, we show how to design a source language that can be elaborated into Alpuim et al.'s F (i) (a core polymorphic calculus with records supporting disjoint polymorphism). We illustrate the applicability of SEDEL with several example uses for firstclass traits, and a case study that modularizes programming language interpreters using a highly modular form of visitors.",wos,llm,0.980,unreviewed,,doi:10.4230/lipics.ecoop.2018.9
discarded,The Relationship between Attention Levels and Class Participation of First-Year Students in Classroom Teaching Departments,"Sezer, Adem; Inel, Yusuf; Seckin, Ahmet Cagdas; Ulucinar, Ufuk",2017,INTERNATIONAL JOURNAL OF INSTRUCTION,10.12973/iji.2017.1024a,https://www.webofscience.com/wos/woscc/full-record/WOS:000409370400005,off-topic-false-hit,"This study aimed to detect any relationship that may exist between classroom teacher candidates' class participation and their attention levels. The research method was a convergent parallel design, mixing quantitative and qualitative research techniques, and the study group was composed of 21 freshmen studying in the Classroom Teaching Department at Usak University, Faculty of Education, in the autumn term of the 2014-2015 academic year. As a data collection instrument, NeuroSky's Mindset EEG equipment was used to detect the students' attention levels, with video-recording being used to detect their class participation. The data obtained were analysed using the PYTHON and MATLAB package programs. The findings showed that, according to the eSense metric, students' level attention was averagely natural (43) as it was stated. The study concluded that there existed a moderate, positive correlation between students' attention levels and class participation.",wos,llm,1.000,unreviewed,,doi:10.12973/iji.2017.1024a
discarded,"Getting Students to Earnestly Do Reading, Studying, and Homework in an Introductory Programming Class","Edgcomb, Alex; Vahid, Frank; Lysecky, Roman; Lysecky, Susan",2017,PROCEEDINGS OF THE 2017 ACM SIGCSE TECHNICAL SYMPOSIUM ON COMPUTER SCIENCE EDUCATION (SIGCSE'17),10.1145/3017680.3017732,https://www.webofscience.com/wos/woscc/full-record/WOS:000468494200035,adjacent-subtopic,"Getting students to read and study before class, to be better prepared for lecture, or to enable a flipped classroom is a long-standing difficulty for teachers of introductory programming classes. Furthermore, getting students to do homework, consisting of small practice problems and questions, is also a long-standing difficulty without massive grading resources. And even then, preventing students from copying others' solutions is difficult as well. Today, the web enables new interactive learning material that is replacing past forms of textbooks and homework assignments, and students today commonly have access to needed devices and the internet. This paper provides data on student reading and homework completion rates for web-based interactive learning material we created that automatically records reading and homework activity by students. The data is for several thousand students at over 10 universities, for introductory programming classes in Java, Python, and C++. The data shows that, with an appropriate amount of awarded points, required-reading completion rate was 84%, and auto-graded homework completion rate was 75%, varying somewhat based on how many course grade points those items were worth. Students on average spent about 10 minutes reading each section, and about 3 minutes per homework problem, both appropriate amounts for those items. Furthermore, we developed measures of whether students were earnestly attempting the reading and homeworks, versus just ""cheating the system"" to get course grade points. We describe those earnestness measures in this paper. With proper design and amount of assigned work, 80%-90% of students earnestly did the reading and homework activities, even when no penalty existed for cheating the system, and fewer than 3% blatantly cheated the system to get their points.",wos,llm,0.990,unreviewed,,doi:10.1145/3017680.3017732
discarded,A Classifier Hub for Imbalanced Financial Data,"Abeysinghe, Chirath; Li, Jianguo; He, Jing",2016,"DATABASES THEORY AND APPLICATIONS, (ADC 2016)",10.1007/978-3-319-46922-5_43,https://www.webofscience.com/wos/woscc/full-record/WOS:000388923200042,off-topic-false-hit,"We design and implement a classifier hub that can explore the detailed information on the imbalanced dataset and classify the dataset into two classes. Against the data imbalance, through setting imbalance ratio, it can adjust the proportion of majority and minority class. In this hub, we also implement Decision Tree, KNN and Random Forrest machine learning classifiers based on Python and Java. In the experiments, we use 30,000 loan records from an online P2P system as the dataset to demonstrate the functions of the classifier hub. The influences of different imbalanced ratio on classification performance have been compared through Decision Tree, KNN and Random Forrest algorithms.",wos,llm,0.990,unreviewed,,doi:10.1007/978-3-319-46922-5_43
discarded,Scalable Decision Support at the Point of Care: A Substitutable Electronic Health Record App for Monitoring Medication Adherence,"Bosl, William; Mandel, Joshua; Jonikas, Magdalena; Ramoni, Rachel Badovinac; Kohane, Isaac S.; Mandl, Kenneth D.",2013,INTERACTIVE JOURNAL OF MEDICAL RESEARCH,10.2196/ijmr.2480,https://www.webofscience.com/wos/woscc/full-record/WOS:000218915500002,adjacent-subtopic,"Background: Non-adherence to prescribed medications is a serious health problem in the United States, costing an estimated $100 billion per year. While poor adherence should be addressable with point of care health information technology, integrating new solutions with existing electronic health records (EHR) systems require customization within each organization, which is difficult because of the monolithic software design of most EHR products.

