status,title,authors,year,venue,doi,url,tags,abstract,provider,decision_source,llm_confidence,llm_review_outcome,llm_change_direction,paper_id
discarded,Implementation of Student Monitoring Through Face Recognition and Temperature Using Raspbrry Pi,J.I. Teleron,2022,Proceedings 2022 2nd International Conference in Information and Computing Research Icore 2022,10.1109/iCORE58172.2022.00026,https://www.scopus.com/inward/record.uri?partnerID=HzOxMe3b&scp=85152189775&origin=inward,off-topic-false-hit,,scopus,llm,0.990,unreviewed,,doi:10.1109/icore58172.2022.00026
discarded,Translation of Architectural Sketch Images to Building Images Using CycleGAN,I.B. Divya,2022,2022 IEEE North Karnataka Subsection Flagship International Conference Nkcon 2022,10.1109/NKCon56289.2022.10126888,https://www.scopus.com/inward/record.uri?partnerID=HzOxMe3b&scp=85163131422&origin=inward,off-topic-false-hit,,scopus,llm,1.000,unreviewed,,doi:10.1109/nkcon56289.2022.10126888
discarded,Using Sensor Data for the Development of Digital Twins in Support of Condition-Based Maintenance,I. Lapin,2022,Proceedings of the International Ship Control Systems Symposium,10.24868/10731,https://www.scopus.com/inward/record.uri?partnerID=HzOxMe3b&scp=85187427814&origin=inward,off-topic-false-hit,,scopus,llm,0.990,unreviewed,,doi:10.24868/10731
discarded,Python How-To: 63 techniques to improve your Python code,Yong Cui,2023,Python How-To: 63 techniques to improve your Python code,,https://ieeexplore.ieee.org/document/10443891/,adjacent-subtopic,"Have you ever asked yourself, “How do I do that in Python?” If so, you’ll love this practical collection of the most important Python techniques. Python How-To includes over 60 detailed answers to questions like:  How do I join and split strings? How do I access dictionary keys, values, and items? How do I set and use the return value in function calls? How do I process JSON data? How do I create lazy attributes to improve performance? How do I change variables in a different namespace?  …and much more! Python How-To walks you through the most important coding techniques in Python. Whether you’re doing data science, building web applications, or writing admin scripts, you’ll find answers to your “how-to” questions in this book. Inside you’ll find important insights into both Python basics and deep-dive topics to help you skill-up at any stage of your Python career. Author Yong Cui’s clear and practical writing is instantly accessible and makes it easy to take advantage of Python’s versatile tools and libraries. Perfect to be read both from cover to cover, and whenever you need help troubleshooting your code.",ieee,llm,0.970,unreviewed,,hash:6f758166244b1e46
discarded,Expert Python Programming: Master Python by learning the best coding practices and advanced programming concepts,Michał Jaworski; Tarek Ziadé,2021,Expert Python Programming: Master Python by learning the best coding practices and advanced programming concepts,,https://ieeexplore.ieee.org/document/10163510/,adjacent-subtopic,"Gain a deep understanding of building, maintaining, packaging, and shipping robust Python applicationsKey FeaturesDiscover the new features of Python, such as dictionary merge, the zoneinfo module, and structural pattern matchingCreate manageable code to run in various environments with different sets of dependenciesImplement effective Python data structures and algorithms to write, test, and optimize codeBook DescriptionThis new edition of Expert Python Programming provides you with a thorough understanding of the process of building and maintaining Python apps. Complete with best practices, useful tools, and standards implemented by professional Python developers, this fourth edition has been extensively updated. Throughout this book, you’ll get acquainted with the latest Python improvements, syntax elements, and interesting tools to boost your development efficiency. The initial few chapters will allow experienced programmers coming from different languages to transition to the Python ecosystem. You will explore common software design patterns and various programming methodologies, such as event-driven programming, concurrency, and metaprogramming. You will also go through complex code examples and try to solve meaningful problems by bridging Python with C and C++, writing extensions that benefit from the strengths of multiple languages. Finally, you will understand the complete lifetime of any application after it goes live, including packaging and testing automation. By the end of this book, you will have gained actionable Python programming insights that will help you effectively solve challenging problems. What you will learnExplore modern ways of setting up repeatable and consistent Python development environmentsEffectively package Python code for community and production useLearn modern syntax elements of Python programming, such as f-strings, enums, and lambda functionsDemystify metaprogramming in Python with metaclassesWrite concurrent code in PythonExtend and integrate Python with code written in C and C++Who this book is forThe Python programming book is intended for expert programmers who want to learn Python’s advanced-level concepts and latest features. Anyone who has basic Python skills should be able to follow the content of the book, although it might require some additional effort from less experienced programmers. It should also be a good introduction to Python 3.9 for those who are still a bit behind and continue to use other older versions. ",ieee,llm,0.950,unreviewed,,hash:f7d0f848eb3f4274
discarded,Python GUI Programming with Tkinter: Design and build functional and user-friendly GUI applications,Alan D. Moore,2021,Python GUI Programming with Tkinter: Design and build functional and user-friendly GUI applications,,https://ieeexplore.ieee.org/document/10162160/,adjacent-subtopic,"Transform your evolving user requirements into feature-rich Tkinter applicationsKey FeaturesExtensively revised with new content on RESTful networking, classes in Tkinter, and the Notebook widgetTake advantage of Tkinter’s lightweight, portable, and easy-to-use featuresBuild better-organized code and learn to manage an evolving codebaseBook DescriptionTkinter is widely used to build GUIs in Python due to its simplicity. In this book, you’ll discover Tkinter’s strengths and overcome its challenges as you learn to develop fully featured GUI applications. Python GUI Programming with Tkinter, Second Edition, will not only provide you with a working knowledge of the Tkinter GUI library, but also a valuable set of skills that will enable you to plan, implement, and maintain larger applications. You’ll build a full-blown data entry application from scratch, learning how to grow and improve your code in response to continually changing user and business needs. You’ll develop a practical understanding of tools and techniques used to manage this evolving codebase and go beyond the default Tkinter widget capabilities. You’ll implement version control and unit testing, separation of concerns through the MVC design pattern, and object-oriented programming to organize your code more cleanly. You’ll also gain experience with technologies often used in workplace applications, such as SQL databases, network services, and data visualization libraries. Finally, you’ll package your application for wider distribution and tackle the challenge of maintaining cross-platform compatibility.What you will learnProduce well-organized, functional, and responsive GUI applicationsExtend the functionality of existing widgets using classes and OOPPlan wisely for the expansion of your app using MVC and version controlMake sure your app works as intended through widget validation and unit testingUse tools and processes to analyze and respond to user requestsBecome familiar with technologies used in workplace applications, including SQL, HTTP, Matplotlib, threading, and CSVUse PostgreSQL authentication to ensure data security for your applicationWho this book is forThis book is for programmers who understand the syntax of Python, but do not yet have the skills, techniques, and knowledge to design and implement a complete software application. A fair grasp of basic Python syntax is required.",ieee,llm,0.980,unreviewed,,hash:5f85238ae1a5056b
discarded,A System for Recognizing Entities and Extracting Relations from Electronic Medical Records,Chi Chen; Hongxia Liu; Chunxiao Xing,2017,2017 14th Web Information Systems and Applications Conference (WISA),10.1109/WISA.2017.54,https://ieeexplore.ieee.org/document/8332596/,off-topic-false-hit,"Digging rich knowledge from clinical texts becomes a popular topic today. Knowledge graph has been widely used to integrate and manage abundant knowledge. Entity recognition and relation extraction play important roles in constructing knowledge graphs. In this paper, we develop a system to recognize entities and extract their relations from clinical texts in Electronic Medical Records. Our system implements four major functions: manual entity annotation, automatic entity recognition, manual relation annotation and automatic relation extraction. Tools of entity annotation and relation annotation are designed for professionals to help them manually annotate objects given original clinical texts. Moreover, entity recognition and relation recognition, which CRF and CNN are applied in, are accessible for professionals before manual annotation in order to increase the efficiency. Our system has been used in several applications, such as medical knowledge graph construction and health QA system.",ieee,llm,1.000,unreviewed,,doi:10.1109/wisa.2017.54
discarded,Class Attendance System using Unimodal Face Recognition System based on Internet of Educational Things,Paniti Netinant; Nongnapus Akkharasup-Anan; Meennapa Rakhiran,2023,2023 IEEE 6th Eurasian Conference on Educational Innovation (ECEI),10.1109/ECEI57668.2023.10105374,https://ieeexplore.ieee.org/document/10105374/,off-topic-false-hit,"This study presents the design and implementation of an IoT-based class attendance system with face recognition for the high school. The system includes the Open-Computer-Vision (OpenCV) library, Python programming language, and a Raspberry Pi as the main processing unit. The system employs a combination of Haar-Cascades for face detection and Eigenfaces, Fisher faces, and Local Binary Pattern Histograms for face recognition. The methodology for the system is described in detail, including flowcharts for each stage of the system. The experiment results of the system are analyzed and presented, including plots and screenshots. We discussed the challenges encountered during the project, the system's potential applications, and future developments. The system was developed to automate the attendance-taking process, increase the accuracy and security of attendance records, and provide data to improve student performance and progress by recording class attendance in Google Sheets.",ieee,llm,1.000,unreviewed,,doi:10.1109/ecei57668.2023.10105374
discarded,PsmPy: A Package for Retrospective Cohort Matching in Python,Adrienne Kline; Yuan Luo,2022,2022 44th Annual International Conference of the IEEE Engineering in Medicine & Biology Society (EMBC),10.1109/EMBC48229.2022.9871333,https://ieeexplore.ieee.org/document/9871333/,off-topic-false-hit,"Propensity score matching (PSM) is a technique used in retrospective investigation of cohort matching as an alternative approach to the prospective matching that is typically used by a randomized control trial (RCT). The process of selecting untreated cases that are the best match to the treated cases is the focus of this research. We created a PSM package for the python environment, termed PsmPy, to carry out this task. The PsmPy package debuted and proposed here is based on a logistic regression logit score where a match is selected using k-nearest neighbors (k-NN). Additional plotting and arguments are available to the user and are also described. To benchmark our method, we compared it with the existing R package, MatchIt, and evaluated our covariates' residual effect sizes with respect to the treatment condition before and after matching. Using a Mann-Whitney statistical test, we showed that our method significantly outperformed MatchIt in cohort matching (U=49, p<0.0001) when comparing residual effect sizes of the covariates. The PsmPy demonstrated a 10-fold average improvement in residual effect sizes amongst covariates when compared with the package MatchIt, suggesting that it is a viable alternative for use in propensity matching studies.",ieee,llm,0.990,unreviewed,,doi:10.1109/embc48229.2022.9871333
discarded,Health Care Blockchain: A Prototype for Secure Medical Records Using Blockchain,Adnan Shaout; Ritesh Revansiddappa Honnalli; Krina Trivedi; Vivek Reddy Pulakannti,2026,2026 2nd International Conference on Computational Intelligence Approaches and Applications (ICCIAA),10.1109/ICCIAA68481.2026.11543691,https://ieeexplore.ieee.org/document/11543691/,off-topic-false-hit,"This paper presents the design of a blockchain-based healthcare records management system. The proposed system attempts to fix the security and privacy gaps in electronic health records (EHR) solutions. The proposed system is hybrid. It stores medical records encrypted off-chain in a database. Also it stores hashes and access logs on a blockchain. It has an audit that cannot be changed so anyone can trust the history of who looked at a record. It also proves that no one changed the data without permission. The proposed system has three user roles. The first role is patients. Patients control the patients’ records. The second role is healthcare providers, which need consent to view the records. The third role is administrators. Administrators manage the whole system. The proposed system keeps the data safe by encrypting it with AES-256 and verifying the data on a blockchain so any change to the data can be seen quickly, and uses blockchain to check that the data is correct. It manages consent. Adds expiration dates to each consent. Also records audit trails that capture every action. The proposed system was implemented using Python with FastAPI for the backend, React with Vite for the frontend, PostgreSQL for data storage, and a custom blockchain implementation for transaction logging. It successfully demonstrates how blockchain can enhance healthcare data security while maintaining patient privacy and control.",ieee,llm,1.000,unreviewed,,doi:10.1109/icciaa68481.2026.11543691
discarded,Scalable RFID-Based Automated Attendance Recording and Reporting System,Carmelo Diego Lopez; Jaybie A. De Guzman,2024,TENCON 2024 - 2024 IEEE Region 10 Conference (TENCON),10.1109/TENCON61640.2024.10903027,https://ieeexplore.ieee.org/document/10903027/,off-topic-false-hit,"Manual attendance tracking in schools is inefficient and error-prone. This project developed an RFID-based attendance system to address these issues. The system uses a WiFi-enabled microcontroller, RFID scanner, MySQL database, and Python scripts to automatically record and manage attendance data. A pilot implementation across six classes demonstrated the system's superiority over manual methods in terms of speed, efficiency, and reliability, with both students and lecturers expressing strong preference for the RFID system. The system presents potential for wider adoption in educational institutions.",ieee,llm,1.000,unreviewed,,doi:10.1109/tencon61640.2024.10903027
discarded,4 Coding in Python,Michael Burch; Marco Schmid,2023,Dashboard Design,,https://ieeexplore.ieee.org/document/10266918/,adjacent-subtopic,"Interactive visualization and visual analytics tools have been designed and developed in the past and will be developed in the future as well. In each application domain in which data is measured, generated, and recorded we see a potential candidate for an interactive visualization tool with the goal to find insights and knowledge in the data. This knowledge can be found either visually by humans’ interventions or algorithmically by the machine, in the best case by applying both concepts in combination as in visual analytics. One of the easiest ways to get an interactive visualization tool running is by means of dashboards, typically implemented as webpages that can run in a web browser and are accessible online, creating some kind of web-based solution. This book describes ways to design and implement dashboards based on the programming language Python, the graphics library Plotly, and Dash. The readers can use the provided dashboard codes as a starting point and extend the functionality and features on their desire. Technical topics discussed in the book include: • Design in visualization • Interaction principles in information visualization • User interface design • Linking Python, Dash, and Plotly • Coding in Python • Dashboard examples with Python code.",ieee,llm,0.980,unreviewed,,hash:b4fc9ef323dc92d7
discarded,Implementation of Design Conformance Measurement Process Between Data Entry Form and Class on SRS Penguin,Syahrul Ramadhani; Yudi Priyadi; Monterico Adrian,2023,2023 3rd International Conference on Electronic and Electrical Engineering and Intelligent System (ICE3IS),10.1109/ICE3IS59323.2023.10335191,https://ieeexplore.ieee.org/document/10335191/,adjacent-subtopic,"The developer's mechanism for finding substantial models, including models with different viewpoints, various iterations, and various implementations. Without an efficient reused mechanism, it can result in a system similar to the previous one, leading to duplicate artifacts and wasted time and money. The user interface, usually designed as part of a system integration effort, is described in general terms as part of the physical architecture and data management layers. Data Entry Form is one way to interact between users and applications. With Entry Forms, users can visualize and interact when storing data in tables in the database. In an application called Penguin, an Entry Form for Recording Entry Transactions and Classes is used to model database table designs. There is a connection between a User Interface Entry Form and a Class. It can be observed that every Data Entry activity in a Form will submit its data to the Class. There are text information extraction results in Entry From, which refers to visual usability tools to produce four documents (D1 to D4). In addition, extraction on Class produces four documents (D5 to D8) for the results of the highest suitability of text data obtained from Documents D3 and D6 with a value of 0.819 (Almost perfect). The recommendations for artifacts that can be reused are based on the highest validity values, namely “Entry Form Income Category” (document D3) and “Class Income Category Page” (document D6).",ieee,llm,0.910,unreviewed,,doi:10.1109/ice3is59323.2023.10335191
discarded,The Speech Parts Identification for Ukrainian Words Based on VESUM and Horokh Using,Alina Dmytriv; Victoria Vysotska; Myroslava Bublyk,2021,2021 IEEE 16th International Conference on Computer Sciences and Information Technologies (CSIT),10.1109/CSIT52700.2021.9648813,https://ieeexplore.ieee.org/document/9648813/,off-topic-false-hit,"The work aims to build an algorithm for morphological analysis of words and determine their belonging to different parts of speech in the Ukrainian language and present the analysed words in the form of a dictionary with all their characteristics. The algorithm for parsing Ukrainian words will ensure the word's division into such parts as prefix, suffix, root, ending, and syllables and belonging to a specific part of speech. There were considered analogues as the Intelligent Ukrainian Text Processing System, Ukraine Online Dictionary, “Horokh”, and the Large Electronic of the Ukrainian Language (VESUM). The system was designed using use-case, states and activities diagrams and selected such implementation tools as Python, MySQL and Tkinter. In addition, the implemented software “Morphological analysis of Ukrainian words” was demonstrated, the results were analysed and compared with the correct morphological analysis of words, and then created diagrams with statistics of differences.",ieee,llm,0.990,unreviewed,,doi:10.1109/csit52700.2021.9648813
