status,title,authors,year,venue,doi,url,tags,abstract,provider,decision_source,llm_confidence,llm_review_outcome,llm_change_direction,paper_id
discarded,Hybrid particle swarm optimisation with mutation for code smell detection,"Saranya, G.; Nehemiah, H. Khanna; Kannan, A.",2018,INTERNATIONAL JOURNAL OF BIO-INSPIRED COMPUTATION,10.1504/IJBIC.2018.10015872,https://www.webofscience.com/wos/woscc/full-record/WOS:000444916400005,adjacent-subtopic,"Code smells are characterised as the structural defects in the software which indicate a poor software design and in turn makes the software hard to maintain. However, detecting and fixing the code smell in the software is a time consuming process, and it is difficult to fix manually. In this paper, an algorithm named as hybrid particle swarm optimisation with mutation (HPSOM) is used for identification of code smell by automatic generation of rules which represent the combination of metrics and threshold. Moreover, an empirical evaluation to compare HPSOM with other evolutionary approaches such as the parallel evolutionary algorithm (PEA), genetic algorithm (GA), genetic programming (GP) and particle swarm optimisation (PSO) to detect the code smell is done. The analysis shows that the HPSOM algorithm performs better than other approaches when applied on nine open source projects, namely, JfreeChart, GanttProject, ApacheAnt 5.2, ApacheAnt 7.0, Hutch, Log4J, Lucene, Xerces-J and Rhino. HPSOM approach has achieved precision of 94% and recall of 92% on five different types of code smells namely, blob, data class, spaghetti code, functional decomposition and feature envy.",wos,llm,0.970,unreviewed,,doi:10.1504/ijbic.2018.10015872
discarded,Sequencing of Refactoring Techniques by Greedy Algorithm for maximizing Maintainability,"Tarwani, Sandhya; Chug, Anuradha",2016,"2016 INTERNATIONAL CONFERENCE ON ADVANCES IN COMPUTING, COMMUNICATIONS AND INFORMATICS (ICACCI)",,https://www.webofscience.com/wos/woscc/full-record/WOS:000392503100227,adjacent-subtopic,"Software maintainability is the ease with which a software system can be modified to correct faults, improve performance or other attributes of the source code. Bad smells are symptoms of deeper problem that indicates the need for refactoring which is the process of changing internal structure of the software without affecting its external attributes. Applying different refactoring techniques in different parts of a code results in changed maintainability value every time. Therefore, sequence in which refactoring should be applied is important so that optimal results can be obtained. In this study, we have proposed an approach for evaluating sequence of refactoring by with the help of greedy algorithm. The algorithm selects locally optimal solution at each stage with the hope of finding global optimal solution. Different sequences are generated and applied to the source code to calculate sum of software maintainability values. Greedy algorithm helps in finding the optimal sequence out of all the search space. We have evaluated the approach with source code having god class, long method, feature envy, long parameter list, data clumps, data class, class hierarchy problem, empty catch block, exception thrown in finally block and nested try statement bad smells which are detected manually. Hence our approach is able to identify sequence for refactoring as well as best refactoring which will increase maintainability and enhance software quality.",wos,llm,0.830,unreviewed,,hash:b7a026cfc466a9d6
discarded,Multi-Criteria Code Refactoring Using Search-Based Software Engineering: An Industrial Case Study,"Ouni, Ali; Kessentini, Marouane; Sahraoui, Houari; Inoue, Katsuro; Deb, Kalyanmoy",2016,ACM TRANSACTIONS ON SOFTWARE ENGINEERING AND METHODOLOGY,10.1145/2932631,https://www.webofscience.com/wos/woscc/full-record/WOS:000382754000004,adjacent-subtopic,"One of the most widely used techniques to improve the quality of existing software systems is refactoring-the process of improving the design of existing code by changing its internal structure without altering its external behavior. While it is important to suggest refactorings that improve the quality and structure of the system, many other criteria are also important to consider, such as reducing the number of code changes, preserving the semantics of the software design and not only its behavior, and maintaining consistency with the previously applied refactorings. In this article, we propose a multi-objective search-based approach for automating the recommendation of refactorings. The process aims at finding the optimal sequence of refactorings that (i) improves the quality by minimizing the number of design defects, (ii) minimizes code changes required to fix those defects, (iii) preserves design semantics, and (iv) maximizes the consistency with the previously code changes. We evaluated the efficiency of our approach using a benchmark of six open-source systems, 11 different types of refactorings (move method, move field, pull up method, pull up field, push down method, push down field, inline class, move class, extract class, extract method, and extract interface) and six commonly occurring design defect types (blob, spaghetti code, functional decomposition, data class, shotgun surgery, and feature envy) through an empirical study conducted with experts. In addition, we performed an industrial validation of our technique, with 10 software engineers, on a large project provided by our industrial partner. We found that the proposed refactorings succeed in preserving the design coherence of the code, with an acceptable level of code change score while reusing knowledge from recorded refactorings applied in the past to similar contexts.",wos,llm,0.880,unreviewed,,doi:10.1145/2932631
discarded,Improving multi-objective code-smells correction using development history,"Ouni, Ali; Kessentini, Marouane; Sahraoui, Houari; Inoue, Katsuro; Hamdi, Mohamed Salah",2015,JOURNAL OF SYSTEMS AND SOFTWARE,10.1016/j.jss.2015.03.040,https://www.webofscience.com/wos/woscc/full-record/WOS:000355707300002,adjacent-subtopic,"One of the widely used techniques to improve the quality of software systems is refactoring. Software refactoring improves the internal structure of the system while preserving its external behavior. These two concerns drive the existing approaches to refactoring automation. However, recent studies demonstrated that these concerns are not enough to produce correct and consistent refactoring solutions. In addition to quality improvement and behavior preservation, studies consider, among others, construct semantics preservation and minimization of changes. From another perspective, development history was proven as a powerful source of knowledge in many maintenance tasks. Still, development history is not widely explored in the context of automated software refactoring. In this paper, we use the development history collected from existing software projects to propose new refactoring solutions taking into account context similarity with situations seen in the past. We propose a multi-objective optimization-based approach to find good refactoring sequences that (1) minimize the number of code-smells, and (2) maximize the use of development history while (3) preserving the construct semantics. To this end, we use the non-dominated sorting genetic algorithm (NSGA-II) to find the best trade-offs between these three objectives. We evaluate our approach using a benchmark composed of five medium and large-size open-source systems and four types of code-smells (Blob, spaghetti code, functional decomposition, and data class). Our experimental results show the effectiveness of our approach, compared to three different state-of-the-art approaches, with more than 85% of code-smells fixed and 86% of suggested refactorings semantically coherent when the change history is used. (c) 2015 Elsevier Inc. All rights reserved.",wos,llm,0.890,unreviewed,,doi:10.1016/j.jss.2015.03.040
discarded,Smelly-shot is all you need: an empirical study to compare in-context learning verses fine tuning for code smell detection,N. Alomari,2026,Empirical Software Engineering,10.1007/s10664-026-10915-2,https://www.scopus.com/inward/record.uri?partnerID=HzOxMe3b&scp=105044133732&origin=inward,adjacent-subtopic,,scopus,llm,0.980,unreviewed,,doi:10.1007/s10664-026-10915-2
discarded,A survey on code smells detection using machine learning techniques,D. Mesbah,2026,Information and Software Technology,10.1016/j.infsof.2026.108242,https://www.scopus.com/inward/record.uri?partnerID=HzOxMe3b&scp=105042659930&origin=inward,adjacent-subtopic,,scopus,llm,0.880,unreviewed,,doi:10.1016/j.infsof.2026.108242
discarded,A Systematic Review on Code Smell Detection Approaches in Open Source Projects,S. Alodibat,2026,Software Practice and Experience,10.1002/spe.70074,https://www.scopus.com/inward/record.uri?partnerID=HzOxMe3b&scp=105036344508&origin=inward,adjacent-subtopic,,scopus,llm,0.880,unreviewed,,doi:10.1002/spe.70074
discarded,Semantic code smell detection from raw source code using transformers with chunking and data augmentation,T. Werawatganon,2026,Machine Learning with Applications,10.1016/j.mlwa.2026.100908,https://www.scopus.com/inward/record.uri?partnerID=HzOxMe3b&scp=105037455562&origin=inward,adjacent-subtopic,,scopus,llm,0.930,unreviewed,,doi:10.1016/j.mlwa.2026.100908
discarded,Unearthing Code Smells: An In-Depth Exploration of Machine Learning Techniques in Code Smell Detection,I. Kheria,2026,Journal of Software Evolution and Process,10.1002/smr.70144,https://www.scopus.com/inward/record.uri?partnerID=HzOxMe3b&scp=105041112719&origin=inward,adjacent-subtopic,,scopus,llm,0.890,unreviewed,,doi:10.1002/smr.70144
discarded,Discovering Relationships among Code Smells through Association and Temporal Analysis,P. Iyenghar,2026,International Conference on Model Driven Engineering and Software Development,10.5220/0014504300004058,https://www.scopus.com/inward/record.uri?partnerID=HzOxMe3b&scp=105035537547&origin=inward,adjacent-subtopic,,scopus,llm,0.680,unreviewed,,doi:10.5220/0014504300004058
discarded,Incremental Static Analysis for Detecting and Refactoring Data Clumps in TypeScript,P. Iyenghar,2026,International Conference on Evaluation of Novel Approaches to Software Engineering Enase Proceedings,10.5220/0014853500004015,https://www.scopus.com/inward/record.uri?partnerID=HzOxMe3b&scp=105046588855&origin=inward,supports-claim; adjacent-subtopic,,scopus,llm_reviewed,0.870,changed,kept->discarded,doi:10.5220/0014853500004015
discarded,Code Smell Detection Using a Hybrid LSTM-CNN Deep Learning Approach with Optimized Software Metrics,A.T. Siahmarzkooh,2026,National Academy Science Letters,10.1007/s40009-026-02183-x,https://www.scopus.com/inward/record.uri?partnerID=HzOxMe3b&scp=105035888589&origin=inward,adjacent-subtopic,,scopus,llm,0.930,unreviewed,,doi:10.1007/s40009-026-02183-x
discarded,Code Smell Severity Classification Using Optimized SVM with Arithmetic Algorithm,S. Jain,2026,Lecture Notes in Networks and Systems,10.1007/978-3-032-24929-6_15,https://www.scopus.com/inward/record.uri?partnerID=HzOxMe3b&scp=105045708017&origin=inward,adjacent-subtopic,,scopus,llm,0.910,unreviewed,,doi:10.1007/978-3-032-24929-6_15
discarded,A Source Code Refactoring Tool to Prevent Data Clumps Using AST,N. Ahmed,2026,Lecture Notes in Networks and Systems,10.1007/978-981-96-6060-5_24,https://www.scopus.com/inward/record.uri?partnerID=HzOxMe3b&scp=105019646608&origin=inward,supports-claim; adjacent-subtopic,,scopus,llm_reviewed,0.850,changed,kept->discarded,doi:10.1007/978-981-96-6060-5_24
discarded,Feature Selection for Commercialising Machine Learning-Based Source Code Bad Smell Detection,M. Buhari,2026,Lecture Notes in Networks and Systems,10.1007/978-3-032-24804-6_34,https://www.scopus.com/inward/record.uri?partnerID=HzOxMe3b&scp=105046117734&origin=inward,adjacent-subtopic,,scopus,llm,0.920,unreviewed,,doi:10.1007/978-3-032-24804-6_34
discarded,Leveraging Large Language Models for Detecting and Managing Software Antipatterns Throughout the Software Lifecycle,R. Andrade,2026,Communications in Computer and Information Science,10.1007/978-3-032-12313-8_16,https://www.scopus.com/inward/record.uri?partnerID=HzOxMe3b&scp=105027577462&origin=inward,adjacent-subtopic,,scopus,llm,0.850,unreviewed,,doi:10.1007/978-3-032-12313-8_16
discarded,"19th International Conference on Evaluation of Novel Approaches to Software Engineering, ENASE 2024",,2026,Communications in Computer and Information Science,,https://www.scopus.com/inward/record.uri?partnerID=HzOxMe3b&scp=105039179770&origin=inward,adjacent-subtopic,,scopus,llm,0.980,unreviewed,,hash:9106d9f5947d0c8a
discarded,SmellyCode++: Multi-Label Dataset for Code Smell Detection,N. Alomari,2025,Scientific Data,10.1038/s41597-025-05465-z,https://www.scopus.com/inward/record.uri?partnerID=HzOxMe3b&scp=105010601755&origin=inward,adjacent-subtopic,,scopus,llm,0.930,unreviewed,,doi:10.1038/s41597-025-05465-z
kept,Unveiling Data Clumps: A Detailed Longitudinal Analysis on Software Quality Across Public Repositories,N. Baumgartner,2025,SN Computer Science,10.1007/s42979-025-04461-9,https://www.scopus.com/inward/record.uri?partnerID=HzOxMe3b&scp=105021522183&origin=inward,supports-claim; vinst,,scopus,llm_reviewed,0.970,confirmed,,doi:10.1007/s42979-025-04461-9
discarded,The Scalable Detection and Resolution of Data Clumps Using a Modular Pipeline with ChatGPT,N. Baumgartner,2025,Software,10.3390/software4010003,https://www.scopus.com/inward/record.uri?partnerID=HzOxMe3b&scp=105048188998&origin=inward,supports-claim; adjacent-subtopic,,scopus,llm_reviewed,0.880,changed,kept->discarded,doi:10.3390/software4010003
discarded,Code Smell Detection Using Deep Learning Models to Enhance the Software Quality,U. Kiran,2025,Communications in Computer and Information Science,10.1007/978-3-031-79041-6_3,https://www.scopus.com/inward/record.uri?partnerID=HzOxMe3b&scp=85219200912&origin=inward,adjacent-subtopic,,scopus,llm,0.910,unreviewed,,doi:10.1007/978-3-031-79041-6_3
discarded,Prescriptive procedure for manual code smell annotation,S. Prokić,2024,Science of Computer Programming,10.1016/j.scico.2024.103168,https://www.scopus.com/inward/record.uri?partnerID=HzOxMe3b&scp=85197374885&origin=inward,adjacent-subtopic,,scopus,llm,0.860,unreviewed,,doi:10.1016/j.scico.2024.103168
discarded,Improving accuracy of code smells detection using machine learning with data balancing techniques,N.A.A. Khleel,2024,Journal of Supercomputing,10.1007/s11227-024-06265-9,https://www.scopus.com/inward/record.uri?partnerID=HzOxMe3b&scp=85195272834&origin=inward,adjacent-subtopic,,scopus,llm,0.930,unreviewed,,doi:10.1007/s11227-024-06265-9
discarded,AI-Driven Refactoring: A Pipeline for Identifying and Correcting Data Clumps in Git Repositories,N. Baumgartner,2024,Electronics Switzerland,10.3390/electronics13091644,https://www.scopus.com/inward/record.uri?partnerID=HzOxMe3b&scp=85192997460&origin=inward,supports-claim; adjacent-subtopic,,scopus,llm_reviewed,0.910,changed,kept->discarded,doi:10.3390/electronics13091644
discarded,Boosting and Comparing Performance of Machine Learning Classifiers with Meta-heuristic Techniques to Detect Code Smell,S. Jain,2024,E Informatica Software Engineering Journal,10.37190/e-Inf240107,https://www.scopus.com/inward/record.uri?partnerID=HzOxMe3b&scp=85191860816&origin=inward,adjacent-subtopic,,scopus,llm,0.920,unreviewed,,doi:10.37190/e-inf240107
discarded,"18th International Conference on Evaluation of Novel Approaches to Software Engineering, ENASE 2023",,2024,Communications in Computer and Information Science,,https://www.scopus.com/inward/record.uri?partnerID=HzOxMe3b&scp=85200765134&origin=inward,adjacent-subtopic,,scopus,llm,0.980,unreviewed,,hash:86799a79dfd7b5da
discarded,"Proceedings of the 19th International Conference on Evaluation of Novel Approaches to Software Engineering, ENASE 2024",,2024,International Conference on Evaluation of Novel Approaches to Software Engineering Enase Proceedings,,https://www.scopus.com/inward/record.uri?partnerID=HzOxMe3b&scp=85193915246&origin=inward,adjacent-subtopic,,scopus,llm,0.980,unreviewed,,hash:597f3131017a814d
discarded,Severity Classification of Code Smells Using Machine-Learning Methods,S. Dewangan,2023,SN Computer Science,10.1007/s42979-023-01979-8,https://www.scopus.com/inward/record.uri?partnerID=HzOxMe3b&scp=85173078454&origin=inward,adjacent-subtopic,,scopus,llm,0.900,unreviewed,,doi:10.1007/s42979-023-01979-8
discarded,A systematic review on software defect prediction,Pradeep Kumar Singh; Dishti Agarwal; Aakriti Gupta,2015,2015 2nd International Conference on Computing for Sustainable Global Development (INDIACom),,https://ieeexplore.ieee.org/document/7100555/,adjacent-subtopic,This paper explains how to find the defects in the software using various techniques. We have analyzed different data sets which have been used in finding faults in various research papers. The main aim of this paper is to study various methods that can be used to predict the defects in software.,ieee,llm,0.980,unreviewed,,hash:bab4510a8b2374bf
kept,An Empirical Study of Iterative Batch Refactoring for Code Smell Reduction and Software Quality Improvement,Gulafshan Parveen; Arvinder Kaur; Anuradha Chug,2026,2026 13th International Conference on Computing for Sustainable Global Development (INDIACom),10.23919/INDIACom70271.2026.11526613,https://ieeexplore.ieee.org/document/11526613/,supports-claim,"Code smells are some type of structural indicator that might refer to maintainability issues within computer systems. The purpose of this research study is to examine how code analysis techniques and assisted refactoring might be utilised to improve code quality within computer software developed via Java programming. The proposed empirical study is carried out using “SmellyCodeDataset”, which is a relatively newly proposed multilingual dataset for evaluating approaches to code smell detection within computer software. The purpose of using this dataset is to evaluate Large Language Models (LLMs) for smell detection within computer software and to refactor respective software smells. Initially GitHub Action was also established to extract the code. After extraction, the code smells were identified using Eclipse and SonarCloud. Code smells such as long methods, duplicate code, long parameter lists, God class, feature envy, unused variables, and complex code were identified in the original code. The refactoring techniques, including extract method, pull up method, parameter object, extract class, move method, removal of dead code, and reduction of code complexity, were applied. The purpose of applying refactoring is the removal of inefficient design principles, which occur due to the presence of code smells. Some duplicate source files were also identified in the dataset and were removed during the evaluation to get accurate results after applying the refactoring techniques. The result indicates the positive effects on the maintainability of the software. It is also observed that while applying refactoring, reduction in code smells is achieved by 70%. When this reduction in code smell is combined with the process of fixing code duplication, overall software quality is improved by approximately 70%. The results of the current study will be useful to the software developer as they can identify the code smells and can take timely interventions using the refactoring technique to produce high-quality software. Developers can also make use of static code analysis approach used in this empirical study to identify the software debts and rectify the same within strict time frames.",ieee,llm,0.690,unreviewed,,doi:10.23919/indiacom70271.2026.11526613
discarded,Design and Development of a Tool for Analyzing the Effect of Refactoring on Maintainability,Ruchika Malhotra; Shweta Meena,2018,"2018 7th International Conference on Reliability, Infocom Technologies and Optimization (Trends and Future Directions) (ICRITO)",10.1109/ICRITO.2018.8748274,https://ieeexplore.ieee.org/document/8748274/,adjacent-subtopic,"The most important issue during software development phase is software quality. There are many methods to improve the quality. One of the methods widely used in literature is refactoring. It basically focuses on improving the quality of a software by changing its internal behavior. The objective of this paper is to develop an automated refactoring tool and then analyze the way in which different refactoring methods affect maintainability. We have also compared the prototype of a tool with other existing tools of refactoring. This, in turn, will assist the developer in determining that whether to apply a certain refactoring method to improve a desirable quality attribute. A refactoring tool possesses the ability to analyze each module of a project independently, in terms of applying refactoring and comment cleaning for a complete project. The proposed prototype of a tool can be potentially used by researchers, academicians and software professionals who are working on the projects related to refactoring and will help them in analyzing their projects module individually. The benefits of the designed tool include the benefits of high performance, platform independent and open source.",ieee,llm,0.710,unreviewed,,doi:10.1109/icrito.2018.8748274
