status,title,authors,year,venue,doi,url,tags,abstract,provider,decision_source,llm_confidence,llm_review_outcome,llm_change_direction,paper_id
discarded,A Comparative Study on Code Smell Detection Tools,Almas Hamid; Muhammad Ilyas; Muhammad Hummayun; Asad Nawaz,2013,International Journal of Advanced Science and Technology,10.14257/ijast.2013.60.03,https://openalex.org/W2163239806,adjacent-subtopic,"Refactoring is a technique to make a computer program more readable and maintainable.A bad smell is an indication of some setback in the code, which requires refactoring to deal with.Many tools are available for detection and removal of these code smells.These tools vary greatly in detection methodologies and acquire different competencies.In this work, we studied different code smell detection tools minutely and try to comprehend our analysis by forming a comparative of their features and working scenario.We also extracted some suggestions on the bases of variations found in the results of both detection tools.",openalex,llm,0.950,unreviewed,,doi:10.14257/ijast.2013.60.03
discarded,Finding Bad Code Smells with Neural Network Models,Dong Kwan Kim,2017,International Journal of Electrical and Computer Engineering (IJECE),10.11591/ijece.v7i6.pp3613-3621,https://openalex.org/W2751180361,adjacent-subtopic,"Code smell refers to any symptom introduced in design or implementation phases in the source code of a program. Such a code smell can potentially cause deeper and serious problems during software maintenance. The existing approaches to detect bad smells use detection rules or standards using a combination of different object-oriented metrics. Although a variety of software detection tools have been developed, they still have limitations and constraints in their capabilities. In this paper, a code smell detection system is presented with the neural network model that delivers the relationship between bad smells and object-oriented metrics by taking a corpus of Java projects as experimental dataset. The most well-known object-oriented metrics are considered to identify the presence of bad smells. The code smell detection system uses the twenty Java projects which are shared by many users in the GitHub repositories. The dataset of these Java projects is partitioned into mutually exclusive training and test sets. The training dataset is used to learn the network model which will predict smelly classes in this study. The optimized network model will be chosen to be evaluated on the test dataset. The experimental results show when the modelis highly trained with more dataset, the prediction outcomes are improved more and more. In addition, the accuracy of the model increases when it performs with higher epochs and many hidden layers.",openalex,llm,0.960,unreviewed,,doi:10.11591/ijece.v7i6.pp3613-3621
kept,A Literature Review on Code Smells and Refactoring,Ruben Wangberg,2010,NORA - Norwegian Open Research Archives,,https://openalex.org/W2405957016,qualifies-claim,"This thesis reports the results from a literature review conducted on the topic of code smells and refactoring. Code smells are segments of the source code that display potential design issues. Refactoring is the process for modifying source code to improve its quality (e.g. maintainability) without affecting its functionality. Improving the code design is important for reducing costs involved in maintenance projects. Thus, refactoring has become an integral part of developer’s everyday work, yet effects of refactoring on software quality are not well understood. I believe that an overview of the available empirical evidence on the effects of code smells and refactoring in software projects, as well as methods and tools available for supporting refactoring activities, will contribute significantly to the current practices in industry and at the same time, will provide a constructive stance towards scientific work within this field. This review was conducted on the three major databases related to software engineering: IEEE Xplore, ACM Digital Library and ISI Web of Knowledge, based on most of the features of a systematic literature review protocol. The main findings from this review are: A relatively small portion of the identified work reported empirical studies (24% of the articles) as opposed to design research contributions (61% of the articles), the latter includes both methods and tools for code smells detection and refactoring support. Only 13.8% of these design contributions reported any type of validation or evaluation in an industrial setting and of these, only half of them reported a thorough validation in a realistic setting (i.e. industrial). Most of the design contributions (22 out of 28) were partly or wholly concerned with the detection of code smells. The literature review identified several tools available to help developers detect and remove some code smells, but no significant evaluation was reported that could help to select the most suitable tool for a given context. The review found a significant increase in the number of publications on code smells and refactoring since 2005. Nevertheless, the review found in general a lack of empirically sound evidence that could help developers and architects interpreting, analyzing, and choosing the best refactoring strategies for improving maintainability. This leaves substantial areas for improvement within this area, mainly development of: (1) better and more concrete refactoring guidelines that are based on sound empirical evidence, and (2) better evaluation frameworks that could enable practitioners to choose the adequate tools and methods that would fit their specific needs in a given context.",openalex,llm,0.890,unreviewed,,hash:8a1e5721a248e1df
discarded,A Novel Four-Way Approach Designed With Ensemble Feature Selection for Code Smell Detection,Inderpreet Kaur; Arvinder Kaur,2021,IEEE Access,10.1109/access.2021.3049823,https://openalex.org/W3119003027,adjacent-subtopic,"Purpose: Code smells are residuals of technical debt induced by the developers. They hinder evolution, adaptability and maintenance of the software. Meanwhile, they are very beneficial in indicating the loopholes of problems and bugs in the software. Machine learning has been extensively used to predict Code Smells in research. The current study aims to optimise the prediction using Ensemble Learning and Feature Selection techniques on three open-source Java data sets. Design and Results: The work Compares four varied approaches to detect code smells using four performance measures Accuracy(P1), G-mean1 (P2), G-mean2 (P3), and F-measure (P4). The study found out that values of the performance measures did not degrade it instead of either remained same or increased with feature selection and Ensemble Learning. Random Forest turns out to be the best classifier while Correlation-based Feature selection(BFS) is best amongst Feature Selection techniques. Ensemble Learning aggregators, i.e. ET5C2 (BFS intersection Relief with classifier Random Forest), ET6C2 (BFS union Relief with classifier Random Forest), and ET5C1 (BFS intersection Relief with Bagging) and Majority Voting give best results from all the aggregation combinations studied. Conclusion: Though the results are good, but using Ensemble learning techniques needs a lot of validation for a variety of data sets before it can be standardised. The Ensemble Learning techniques also pose a challenge concerning diversity and reliability and hence needs exhaustive studies.",openalex,llm,0.960,unreviewed,,doi:10.1109/access.2021.3049823
discarded,A Systematic Literature Review on the Code Smells Datasets and Validation Mechanisms,Morteza Zakeri Nasrabadi; Saeed Parsa; Ehsan Esmaili; Fabio Palomba,2023,ACM Computing Surveys,10.1145/3596908,https://openalex.org/W4376505268,qualifies-claim; adjacent-subtopic,"The accuracy reported for code smell-detecting tools varies depending on the dataset used to evaluate the tools. Our survey of 45 existing datasets reveals that the adequacy of a dataset for detecting smells highly depends on relevant properties such as the size, severity level, project types, number of each type of smell, number of smells, and the ratio of smelly to non-smelly samples in the dataset. Most existing datasets support God Class, Long Method, and Feature Envy, while six smells in Fowler and Beck's catalog are not supported by any datasets. We conclude that existing datasets suffer from imbalanced samples, lack of supporting severity level, and restriction to Java language.",openalex,llm_reviewed,0.790,changed,kept->discarded,doi:10.1145/3596908
discarded,Evaluating the Impact of Code Smell Refactoring on the Energy Consumption of Android Applications,Hina Anwar; Dietmar Pfahl; Satish Narayana Srirama,2019,,10.1109/seaa.2019.00021,https://openalex.org/W2991332382,adjacent-subtopic,"Energy consumption of mobile apps is receiving a lot of attention from researchers. Recent studies indicate that energy consumption of mobile devices could be lowered by improving the quality of mobile apps. Frequent refactoring is one way of achieving this goal. We explore the performance and energy impact of several common code refactorings in Android apps. Experimental results indicate that some code smell refactorings positively impact the energy consumption of Android apps. Refactoring of the code smells 'Duplicated code' and 'Type checking' reduce energy consumption by up to 10.8%. Significant reduction in energy consumption, however, does not seem to be directly related to the increase or decrease of execution time. In addition, the energy impact over permutations of code smell refactorings in the selected Android apps was small. When analyzing the order in which refactorings were made across code smell types, it turned out that some permutations resulted in a reduction and some in an increase of energy consumption for the analyzed apps.",openalex,llm,0.910,unreviewed,,doi:10.1109/seaa.2019.00021
discarded,Machine Learning-Based Methods for Code Smell Detection: A Survey,Pravin Singh Yadav; Rajwant Singh Rao; Alok Mishra; Manjari Gupta,2024,Applied Sciences,10.3390/app14146149,https://openalex.org/W4400642180,adjacent-subtopic,"Code smells are early warning signs of potential issues in software quality. Various techniques are used in code smell detection, including the Bayesian approach, rule-based automatic antipattern detection, antipattern identification utilizing B-splines, Support Vector Machine direct, SMURF (Support Vector Machines for design smell detection using relevant feedback), and immune-based detection strategy. Machine learning (ML) has taken a great stride in this area. This study includes relevant studies applying ML algorithms from 2005 to 2024 in a comprehensive manner for the survey to provide insight regarding code smell, ML algorithms frequently applied, and software metrics. Forty-two pertinent studies allow us to assess the efficacy of ML algorithms on selected datasets. After evaluating various studies based on open-source and project datasets, this study evaluated additional threats and obstacles to code smell detection, such as the lack of standardized code smell definitions, the difficulty of feature selection, and the challenges of handling large-scale datasets. The current studies only considered a few factors in identifying code smells, while in this study, several potential contributing factors to code smells are included. Several ML algorithms are examined, and various approaches, datasets, dataset languages, and software metrics are presented. This study provides the potential of ML algorithms to produce better results and fills a gap in the body of knowledge by providing class-wise distributions of the ML algorithms. Support Vector Machine, J48, Naive Bayes, and Random Forest models are the most common for detecting code smells. Researchers can find this study helpful in better anticipating and taking care of software development design and implementation issues. The findings from this study, which highlight the practical implications of ML algorithms in software quality improvement, will help software engineers fix problems during software design and development to ensure software quality.",openalex,llm,0.960,unreviewed,,doi:10.3390/app14146149
discarded,Python code smells detection using conventional machine learning models,Rana Sandouka; Hamoud Aljamaan,2023,PeerJ Computer Science,10.7717/peerj-cs.1370,https://openalex.org/W4378696680,adjacent-subtopic,"Code smells are poor code design or implementation that affect the code maintenance process and reduce the software quality. Therefore, code smell detection is important in software building. Recent studies utilized machine learning algorithms for code smell detection. However, most of these studies focused on code smell detection using Java programming language code smell datasets. This article proposes a Python code smell dataset for Large Class and Long Method code smells. The built dataset contains 1,000 samples for each code smell, with 18 features extracted from the source code. Furthermore, we investigated the detection performance of six machine learning models as baselines in Python code smells detection. The baselines were evaluated based on Accuracy and Matthews correlation coefficient (MCC) measures. Results indicate the superiority of Random Forest ensemble in Python Large Class code smell detection by achieving the highest detection performance of 0.77 MCC rate, while decision tree was the best performing model in Python Long Method code smell detection by achieving the highest MCC Rate of 0.89.",openalex,llm,0.970,unreviewed,,doi:10.7717/peerj-cs.1370
kept,Context‐based approach to prioritize code smells for prefactoring,Natthawute Sae‐Lim; Shinpei Hayashi; Motoshi Saeki,2017,Journal of Software Evolution and Process,10.1002/smr.1886,https://openalex.org/W2754460963,qualifies-claim,"Existing techniques for detecting code smells (indicators of source code problems) do not consider the current context, which renders them unsuitable for developers who have a specific context, such as modules within their focus. Consequently, the developers must spend time identifying relevant smells. We propose a technique to prioritize code smells using the developers' context. Explicit data of the context are obtained using a list of issues extracted from an issue tracking system. We applied impact analysis to the list of issues and used the results to specify the context‐relevant smells. Results show that our approach can provide developers with a list of prioritized code smells related to their current context. We conducted several empirical studies to investigate the characteristics of our technique and factors that might affect the ranking quality. Additionally, we conducted a controlled experiment with professional developers to evaluate our technique. The results demonstrate the effectiveness of our technique.",openalex,llm,0.730,unreviewed,,doi:10.1002/smr.1886
discarded,Understanding Code Smell Detection via Code Review: A Study of the OpenStack Community,Xiaofeng Han; Amjed Tahir; Peng Liang; Steve Counsell; Yajing Luo,2021,,10.1109/icpc52881.2021.00038,https://openalex.org/W3175279244,adjacent-subtopic,"Code review plays an important role in software quality control. A typical review process would involve a careful check of a piece of code in an attempt to find defects and other quality issues/violations. One type of issues that may impact the quality of the software is code smells - i.e., bad programming practices that may lead to defects or maintenance issues. Yet, little is known about the extent to which code smells are identified during code reviews. To investigate the concept behind code smells identified in code reviews and what actions reviewers suggest and developers take in response to the identified smells, we conducted an empirical study of code smells in code reviews using the two most active OpenStack projects (Nova and Neutron). We manually checked 19,146 review comments obtained by keywords search and random selection, and got 1,190 smell-related reviews to study the causes of code smells and actions taken against the identified smells. Our analysis found that 1) code smells were not commonly identified in code reviews, 2) smells were usually caused by violation of coding conventions, 3) reviewers usually provided constructive feedback, including fixing (refactoring) recommendations to help developers remove smells, and 4) developers generally followed those recommendations and actioned the changes. Our results suggest that 1) developers should closely follow coding conventions in their projects to avoid introducing code smells, and 2) review-based detection of code smells is perceived to be a trustworthy approach by developers, mainly because reviews are context-sensitive (as reviewers are more aware of the context of the code given that they are part of the project's development team).",openalex,llm,0.780,unreviewed,,doi:10.1109/icpc52881.2021.00038
discarded,A study of dealing class imbalance problem with machine learning methods for code smell severity detection using PCA-based feature selection technique,Rajwant Singh Rao; Seema Dewangan; Alok Mishra; Manjari Gupta,2023,Scientific Reports,10.1038/s41598-023-43380-8,https://openalex.org/W4387078716,qualifies-claim; adjacent-subtopic,"Detecting code smells may be highly helpful for reducing maintenance costs and raising source code quality. Code smells facilitate developers or researchers to understand several types of design flaws. Code smells with high severity can cause significant problems for the software and may cause challenges for the system's maintainability. It is quite essential to assess the severity of the code smells detected in software, as it prioritizes refactoring efforts. The class imbalance problem also further enhances the difficulties in code smell severity detection. In this study, four code smell severity datasets (Data class, God class, Feature envy, and Long method) are selected to detect code smell severity. In this work, an effort is made to address the issue of class imbalance, for which, the Synthetic Minority Oversampling Technique (SMOTE) class balancing technique is applied. Each dataset's relevant features are chosen using a feature selection technique based on principal component analysis. The severity of code smells is determined using five machine learning techniques: K-nearest neighbor, Random forest, Decision tree, Multi-layer Perceptron, and Logistic Regression. This study obtained the 0.99 severity accuracy score with the Random forest and Decision tree approach with the Long method code smell. The model's performance is compared based on its accuracy and three other performance measurements (Precision, Recall, and F-measure) to estimate severity classification models. The impact of performance is also compared and presented with and without applying SMOTE. The results obtained in the study are promising and can be beneficial for paving the way for further studies in this area.",openalex,llm_reviewed,0.760,changed,kept->discarded,doi:10.1038/s41598-023-43380-8
discarded,Code Smells in the Mobile Applications Domain,D. Verloop,2013,Research Repository (Delft University of Technology),,https://openalex.org/W436065711,adjacent-subtopic,"The mobile applications market is growing rapidly, over 85 billion mobile applications have been downloaded. Smartphone sales are already bigger than computer sales and this might become the first year in which over one billion smart phones will be sold. Regardless of these statistics there is not a lot of research to be found on the subject. In this thesis one of the observations done in a recent study on mobile applications is reproduced. We also look for code smells (patterns in source code that are associated with bad design and bad programming practices) in a number of commercial and open source applications. The results of this analysis is used to determine if certain code smells have a higher likelihood to appear in mobile application source code.",openalex,llm,0.890,unreviewed,,hash:359faa2b59b1e32c
