status,title,authors,year,venue,doi,url,tags,abstract,provider,decision_source,llm_confidence,llm_review_outcome,llm_change_direction,paper_id
discarded,"Python Illustrated: Not another boring Python book, learn programming the fun way",Maaike van Putten; Imke van Putten,2026,"Python Illustrated: Not another boring Python book, learn programming the fun way",,https://ieeexplore.ieee.org/document/11514905/,adjacent-subtopic,"Learn Python coding concepts the fun way through humour, storytelling, and beginner-friendly examples that make your first step into the world of Python programming enjoyableKey FeaturesFollow an adorable, illustrated teaching cat with sharp coding instincts as your guideBuild confidence and coding skills with step-by-step explanations that gradually increase your understandingReinforce your learning through mini-projects and exercises at the end of every chapterPurchase of the print or Kindle book includes a free PDF eBookBook DescriptionThis is not your average Python programming book, because the world doesn’t need another one of those. Instead, it’s an illustrated, fun, and hands-on guide that treats learning Python like the adventure it should be. It’s designed especially for beginners who want to understand how code works without getting overwhelmed. You’ll be guided by a cheeky, know-it-all cat who’s surprisingly good at teaching Python from scratch. Don’t worry about going through it alone; a slightly moody dachshund dog is your study buddy, learning right alongside you. Each chapter introduces a core programming concept, explains it with a playful twist, and reinforces it through human-friendly examples, analogies, and exercises. Whether you’re a software professional or someone who’s never written a single line of code, this book will help you build real Python coding skills… and even enjoy the process (shocking, right?). Forget dry tutorials and walls of text. Python Illustrated speaks to visual learners, creative thinkers, cat lovers, dog lovers, and anyone who prefers their learning with a dash of humor. From writing your first function to understanding object-oriented programming, you’ll build a solid foundation in Python (without the usual headaches). What you will learnSet up Python and write your first programUnderstand variables, data types, and conditional statementsUse loops, lists, dictionaries, and tuples to handle data efficientlyWrite and use functions to create reusable codeManage files and understand object-oriented programming and inheritanceDebug your Python code to ensure it works flawlesslyDiscover how you can keep learning and building beyond this bookWho this book is forThis book is ideal for anyone with a sense of humour who’s new to Python or programming in general. It takes a step-by-step hands-on approach that will work for anyone with a practical mindset. Whether you're a student or a professional developer looking to expand your skill set, this book offers a comprehensive and enjoyable learning experience.",ieee,llm,0.990,unreviewed,,hash:8ff062b074751863
discarded,MyCare Card Development: Portable GUI Framework for the Personal Electronic Health Record Device,V. O. Rybynok; P. A. Kyriacou; J. Binnersley; A. Woodcock,2011,IEEE Transactions on Information Technology in Biomedicine,10.1109/TITB.2010.2091143,https://ieeexplore.ieee.org/document/5623344/,adjacent-subtopic,"In most emergency situations, health professionals rely on patients to provide information about their medical history. However, in some cases patients might not be able to communicate this information, and in most countries an online integrated patient record system has not been adopted yet. Therefore, in order to address this issue the ongoing project MyCare Card (MyC2, www.myc2.org) has been established. The aim of this project is to design, implement, and evaluate a prototype patient held electronic health record device. Due to the wide range of user requirements, the device, its communication interface, and its software have to be compatible with many common platforms and operating systems. Thus, this paper is addressing one of the software compatibility matters-the cross-platform GUI implementation. It introduces a portable object-oriented GUI framework, suitable for a declarative layout definition, components customization, and fine model-view code separation. It also rationalizes the hardware and software solutions selected for this project implementation.",ieee,llm,0.950,unreviewed,,doi:10.1109/titb.2010.2091143
discarded,Template-based Automatic code generation for Web application and APIs Using Class Diagram,Irfan Ullah; Irum Inayat,2022,2022 International Conference on Frontiers of Information Technology (FIT),10.1109/FIT57066.2022.00067,https://ieeexplore.ieee.org/document/10043059/,adjacent-subtopic,"Code generators are used to generate code or simply transform UML artefact into code. Template-based code generation is one of the techniques for generating desired code. In this paper, template-based code generator are reviewed and it is found that they are either limited to UI, CRUD, APIs generation, or specific to languages, patterns or frameworks. They also rely on manually designed lengthy inputs. Therefore, this research presents template-based automatic code generation generator for web applications and APIs using class diagram, which generates CRUD-based business logic, backend UIs, ORM, Routes and APIs. The generator is implemented in python and evaluated through a control experiment. The results recorded immense difference in time between the manually, repetitive coding tasks and through the generator. The generator took less than a minute, while manual development took at average 4 hours.",ieee,llm,0.970,unreviewed,,doi:10.1109/fit57066.2022.00067
discarded,Trained PyTorch Model: From Desktop PC to Raspberry Pi,Tariq M. Arif,2025,Deep Learning on Embedded Systems: A Hands-On Approach Using Jetson Nano and Raspberry Pi,10.1002/9781394269297.ch15,https://ieeexplore.ieee.org/document/11080515/,off-topic-false-hit,"Abstract: <p>This chapter provides a guideline for deploying a trained PyTorch model from a desktop PC to a Raspberry Pi. It introduces the importance of this transfer process in the context of practical edge artificial intelligence (AI) and Internet of Things (IoT) applications. The chapter explains how to convert a trained PyTorch .pth model into the open neural network exchange (ONNX) format and utilize it using the ONNX runtime. Detailed steps are provided for converting the model on a Raspberry Pi 5, including configuring the environment for efficient inference. The chapter covers how to run the ONNX model, including generating bounding boxes for object detection tasks during inference. Finally, exercise problems at the end allow readers to practice deploying PyTorch models on the Raspberry Pi for inference.</p>",ieee,llm,1.000,unreviewed,,doi:10.1002/9781394269297.ch15
discarded,Information Technology for Detecting and Enabling the Spelling Errors Correction in German Texts,Rostyslav Fedchuk; Victoria Vysotska; Serhii Vladov; Ihor Budz; Oksana Markiv; Olga Lozynska; Anastasiia Hrushetska,2025,2025 IEEE 13th International Conference on Intelligent Data Acquisition and Advanced Computing Systems: Technology and Applications (IDAACS),10.1109/IDAACS68557.2025.11322285,https://ieeexplore.ieee.org/document/11322285/,off-topic-false-hit,"This paper presents the development and analysis of an information system designed to detect and correct spelling errors in German texts. The proposed system addresses common types of spelling mistakes made by both native speakers and learners of German, including phonetic, typographic, morphological, and grammatical errors. The project emphasises the challenges of German orthography, such as compound words, vowel length, and capitalisation rules. A hybrid approach is employed, combining linguistic rule-based methods with data-driven techniques for error detection and correction. Unlike many existing online tools, the developed program operates offline, making it more accessible and lightweight. Python and various NLP libraries were used to implement the system, with a focus on adaptability, user interactivity, and minimal resource consumption. Comparative analysis with existing tools such as DeepL Write and LanguageTool highlights the novelty and educational potential of the proposed solution. This system is particularly suitable for language learners, professionals, and educators seeking an effective and intelligent tool for enhancing written German communication.",ieee,llm,1.000,unreviewed,,doi:10.1109/idaacs68557.2025.11322285
discarded,Attendance Marking System Based on Facial Recognition Using Python,S V S Prasad; Goli Vivek Vardhan Reddy; Shrikant Upadhyay; Kasa Venu Yadav; T Sai Venkateswara Rao; N Shyam Sunder Sagar,2025,2025 IEEE International Conference on Advances in Computing Research On Science Engineering and Technology (ACROSET),10.1109/ACROSET66531.2025.11281020,https://ieeexplore.ieee.org/document/11281020/,off-topic-false-hit,"The relevance of old-school attendance means is fading fast in the ever-accelerated, technology-driven modern world. The system is getting prone to more errors and cases of proxy attendance. Python was used in this work for designing and implementing an automated attendance recording system based on facial recognition technology. Real-time facial detection is performed with OpenCV, with identification of individuals based on facial data already on record by some facial recognition library. The attendance is marked automatically on successful identification through a live-feed camera that captures images of the individuals; timestamps synchronized with this image data are then stored in a database or CSV. Especially in educational institutions and corporate environments, the system increases dependability, reduces human involvement, and guarantees integrity in attendance monitoring. Moreover, the implementation strongly paves the way for further system extension features, such as cloud integration, mobile support, and enhanced security features, while keeping scalability, privacy, and performance under consideration.",ieee,llm,1.000,unreviewed,,doi:10.1109/acroset66531.2025.11281020
discarded,Systemic And Hole Semantics In Human-Machine Language Interfaces,Ioannis Giachos; Evangelos C. Papakitsos; Ioannis Antonopoulos; Nikolaos Laskaris,2023,2023 17th International Conference on Engineering of Modern Electric Systems (EMES),10.1109/EMES58375.2023.10171635,https://ieeexplore.ieee.org/document/10171635/,off-topic-false-hit,"This paper concerns the progress of earlier related work based in an experiment to enhance the intelligence of robotic systems, with the aim of achieving more language communication capabilities between humans and robots. For that purpose, a simple artificial language was used and a systemic model of language communication. The robot, which was implemented through a computer simulation, is initially taught both the artificial language and the systemic model of human communication. The main goal of improvement was to allow a robot using the implied information of incoming sentences and ask questions whenever the given instructions are not complete. This process was based on the voids of an output data structure that corresponds to a systemic model of language communication, augmented with hole semantics, as grammar formalism, in order to handle partial/incomplete information. As expected, the improvement of learning abilities was observed. Some problems were also noticed in the process that had to be handled. This research comes to redefine the project in relation to these problems, as well as the final form of the language that was planned to be used. The usage of a dictionary of approximately 200 words in Greek natural language, the interchange of the programming language from Java to Python, as well as a new word learning procedures, are the new points in this paper. New words help the robot to expand the initial dictionary. The learning procedures start at the moment that a unknown word, included in a sentence addressed to the robot, arrives in its hearing input system. In addition, Python is an evolving programming language in various artificial intelligence's applications. Finally, the natural language helps in a more direct and friendly communication with most users, in free expressions with fewer restrictions.",ieee,llm,0.990,unreviewed,,doi:10.1109/emes58375.2023.10171635
discarded,Python 3: The Comprehensive Guide,"Rheinwerk Publishing, Inc; Johannes Ernesti; Peter Kaiser",2025,Python 3: The Comprehensive Guide,,https://ieeexplore.ieee.org/document/11297079/,adjacent-subtopic,"An exhaustive guide to Python 3—covering core concepts, libraries, and real-world applications, including Django, pandas, and NumPyKey FeaturesOffers an all-in-one resource spanning syntax, libraries, and frameworksDesigned to meet real-world demands across development and data workflowsStructured for progressive learning from foundations to deployment scenariosBook DescriptionThis in-depth guide to Python 3 begins by helping readers install the language and understand its core syntax through interactive exploration. Early chapters cover variables, control structures, functions, and data types like lists, tuples, dictionaries, and sets. Readers then move into file handling, error management, and object-oriented programming, building a solid foundation for real-world development. As the journey continues, the book introduces advanced concepts including decorators, generators, type hints, structural pattern matching, and context managers. It thoroughly explores the Python standard library, with practical applications in math, file systems, logging, regular expressions, parallel processing, and debugging. Readers also learn how to manage packages, virtual environments, and distributions. Later chapters shift to applied development—building GUIs with tkinter and PySide6, creating web applications with Django, and working with scientific tools like NumPy, pandas, and SciPy. The book concludes with insights on using alternative interpreters, localization, and migrating from Python 2 to 3. This resource grows with the reader, from basics to expert-level Python programming.What you will learnExplore Python syntax, control flow, and core structuresImplement object-oriented and modular program designsManage files, exceptions, and system-level interactionsNavigate built-in types like lists, sets, and dictionariesCreate web, GUI, and network apps using standard librariesApply scientific tools like NumPy, pandas, and matplotlibWho this book is forAimed at developers, data scientists, engineers, and computer science students, this book assumes a basic understanding of programming logic but no prior Python experience. It suits both self-learners and those in formal education or technical professions.",ieee,llm,0.990,unreviewed,,hash:656688c39ddd2208
discarded,An Implementation of Automated Lesson Recording System for Covid-19: A cost effective Solution using Python,Talha Ahmed Khan; Kushsairy A. Kadir; Muhammad Alam; Zeeshan Shahid; Abdul Malik Ali; M.S Mazliham; Atif Fareed,2021,"2021 IEEE 7th International Conference on Smart Instrumentation, Measurement and Applications (ICSIMA)",10.1109/ICSIMA50015.2021.9525939,https://ieeexplore.ieee.org/document/9525939/,off-topic-false-hit,"The world is getting advanced towards technology rapidly, therefore an updated and advanced traditional class room learning was required in this modern era of education which could provide easy and quality learning for students. A complete solution having all variety of applications was essentially needed through which students can attend lectures from their home as well in this pandemic era. A cost-effective solution was developed named as automated class lecture recording system, utilizing a low-cost minimal effort card, single sized board PC. The proposed research provides a platform through which students can attend and revise high quality lectures in their preferred time. The proposed research comprises of raspberry pi, operating system (noobs), pi-cam and framework. Videos were recorded and streamed using Pi cam. Raspberry pi was programmed in such a way that it is capable to process all data i.e., video frames and audio packets in an asynchronous way and at the end videos and audio are merged. After completion of lecture, recording the sound and video documents can be combined and sent to the referred/desired storage device from where instructor can upload it to location or on dedicated site from where students can access it. Thus, the proposed system, provided benefit to students if someone is absent or not attending lecture due to illness or some other reasons. The proposed research also provides the solution of increasing number of expenses for students as it can save travel expenses and accommodation costs. Although there are so many competitive solutions are available for the class lecture recording system but these systems cannot be acknowledged as cost-effective solution. Moreover, some free solutions are there but they don’t provide high quality and merging mechanism with the video of the instructor and lecture as well. Therefore, the proposed research can be considered as the most cost effective and efficient solution for traditional class room teachings. Cost survey for lecture recording system was also completed to recognize the importance and significance of the proposed design which showed that the proposed solution providers cost in Pakistan.",ieee,llm,1.000,unreviewed,,doi:10.1109/icsima50015.2021.9525939
discarded,Single Channel EOG Measurement System and Interface Design,Ertugrul Furkan Savastaer; Cengiz Tepe,2021,2021 5th International Symposium on Multidisciplinary Studies and Innovative Technologies (ISMSIT),10.1109/ISMSIT52890.2021.9604601,https://ieeexplore.ieee.org/document/9604601/,off-topic-false-hit,"In this study, a low cost single channel electrooculography (EOG) amplifier circuit and interface software have been created. This interface was created using the Python programming language. In this interface, EOG signals can be drawn and recorded in real time. These recorded signals can be redrawn later on offline interface. In addition, class information of blink, looking up and down eye movements was obtained through 3 warning lamps added to the interface. Thresholding method was used to classify these eye movements.Unlike the 2 channel EOG measurement circuits in the literature, a single channel EOG amplifier circuit was used in this study. Eye movements in vertical and horizontal planes with a small change in the electrode placement areas were visualized with this single channel amplifier circuit. The EOG signals received in response to these eye movements were compared with the signals received with 2 channel EOG amplifier circuits in the literature. There was little decrease in the amplitude values of the signals. However, there was no change in the general shape of the signals.",ieee,llm,1.000,unreviewed,,doi:10.1109/ismsit52890.2021.9604601
discarded,Research on the Effectiveness of Interactive Learning Activities Based on Rain Classroom,Yongling Jiang; Kaiquan Chen; Yi Wang; Lei Gao,2020,2020 International Symposium on Educational Technology (ISET),10.1109/ISET49818.2020.00018,https://ieeexplore.ieee.org/document/9215466/,off-topic-false-hit,"With the development of informatization teaching, how to effectively use informatization tools to promote the learning effect and improve the learning experience is an urgent problem for teachers. The paper designed interactive learning activities during the whole learning process. It analyses the impact of activities on academic performance. Results showed that there are positive correlations between the number of pages of preview slides and the class exercises score, the class exercises score and the final written test score, the class exercises score and the computer test score. There is no correlation between reading time of preview slides and the class exercises score, neither between the number of barrage and the class exercises score. The interview revealed the advantages of using Rain Classroom to learn, which may provide reference for the teaching reform based on instruction tools.",ieee,llm,1.000,unreviewed,,doi:10.1109/iset49818.2020.00018
