status,title,authors,year,venue,doi,url,tags,abstract,provider,decision_source,llm_confidence,llm_review_outcome,llm_change_direction,paper_id
discarded,Stanza: A Python Natural Language Processing Toolkit for Many Human Languages,Peng Qi; Yuhao Zhang; Yuhui Zhang; Jason Bolton; Christopher D. Manning,2020,,10.18653/v1/2020.acl-demos.14,https://openalex.org/W3037109418,off-topic-false-hit,"We introduce Sta n z a , an open-source Python natural language processing toolkit supporting 66 human languages.Compared to existing widely used toolkits, Sta n z a features a language-agnostic fully neural pipeline for text analysis, including tokenization, multiword token expansion, lemmatization, part-ofspeech and morphological feature tagging, dependency parsing, and named entity recognition.We have trained Sta n z a on a total of 112 datasets, including the Universal Dependencies treebanks and other multilingual corpora, and show that the same neural architecture generalizes well and achieves competitive performance on all languages tested.Additionally, Sta n z a includes a native Python interface to the widely used Java Stanford CoreNLP software, which further extends its functionality to cover other tasks such as coreference resolution and relation extraction.",openalex,llm,0.990,unreviewed,,doi:10.18653/v1/2020.acl-demos.14
discarded,Dynamic class loading in the Java virtual machine,Sheng Liang; Gilad Bracha,1998,,10.1145/286936.286945,https://openalex.org/W2083803628,adjacent-subtopic,"Class loaders are a powerful mechanism for dynamically loading software components on the Java platform. They are unusual in supporting all of the following features: laziness, type-safe linkage, user-defined extensibility, and multiple communicating namespaces.We present the notion of class loaders and demonstrate some of their interesting uses. In addition, we discuss how to maintain type safety in the presence of user-defined dynamic class loading.",openalex,llm,0.990,unreviewed,,doi:10.1145/286936.286945
discarded,"Customization: optimizing compiler technology for SELF, a dynamically-typed object-oriented programming language",Craig Chambers; David Ungar,1989,ACM SIGPLAN Notices,10.1145/74818.74831,https://openalex.org/W3142323636,adjacent-subtopic,"Dynamically-typed object-oriented languages please programmers, but their lack of static type information penalizes performance. Our new implementation techniques extract static type information from declaration-free programs. Our system compiles several copies of a given procedure, each customized for one receiver type, so that the type of the receiver is bound at compile time. The compiler predicts types that are statically unknown but likely, and inserts run-time type tests to verify its predictions. It splits calls, compiling a copy on each control path, optimized to the specific types on that path. Coupling these new techniques with compile-time message lookup, aggressive procedure inlining, and traditional optimizations has doubled the performance of dynamically-typed object-oriented languages.",openalex,llm,0.990,unreviewed,,doi:10.1145/74818.74831
discarded,Call graph construction in object-oriented languages,David Grove; Greg DeFouw; Jeffrey Dean; Craig Chambers,1997,,10.1145/263698.264352,https://openalex.org/W2017971446,adjacent-subtopic,"Interprocedural analyses enable optimizing compilers to more precisely model the effects of non-inlined procedure calls, potentially resulting in substantial increases in application performance. Applying interprocedural analysis to programs written in object-oriented or functional languages is complicated by the difficulty of constructing an accurate program call graph. This paper presents a parameterized algorithmic framework for call graph construction in the presence of message sends and/or first class functions. We use this framework to describe and to implement a number of well-known and new algorithms. We then empirically assess these algorithms by applying them to a suite of medium-sized programs written in Cecil and Java, reporting on the relative cost of the analyses, the relative precision of the constructed call graphs, and the impact of this precision on the effectiveness of a number of interprocedural optimizations.",openalex,llm,0.990,unreviewed,,doi:10.1145/263698.264352
discarded,Time Series FeatuRe Extraction on basis of Scalable Hypothesis tests (tsfresh – A Python package),Maximilian Christ; Nils Braun; Julius Neuffer; Andreas W. Kempa-Liehr,2018,Neurocomputing,10.1016/j.neucom.2018.03.067,https://openalex.org/W2802314367,off-topic-false-hit,"Time series feature engineering is a time-consuming process because scientists and engineers have to consider the multifarious algorithms of signal processing and time series analysis for identifying and extracting meaningful features from time series. The Python package tsfresh (Time Series FeatuRe Extraction on basis of Scalable Hypothesis tests) accelerates this process by combining 63 time series characterization methods, which by default compute a total of 794 time series features, with feature selection on basis automatically configured hypothesis tests. By identifying statistically significant time series characteristics in an early stage of the data science process, tsfresh closes feedback loops with domain experts and fosters the development of domain specific features early on. The package implements standard APIs of time series and machine learning libraries (e.g. pandas and scikit-learn ) and is designed for both exploratory analyses as well as straightforward integration into operational data science applications.",openalex,llm,0.990,unreviewed,,doi:10.1016/j.neucom.2018.03.067
discarded,Hyperopt: a Python library for model selection and hyperparameter optimization,James Bergstra; Brent Komer; Chris Eliasmith; Dan Yamins; David Cox,2015,Computational Science & Discovery,10.1088/1749-4699/8/1/014008,https://openalex.org/W1437335841,off-topic-false-hit,"Sequential model-based optimization (also known as Bayesian optimization) is one of the most efficient methods (per function evaluation) of function minimization. This efficiency makes it appropriate for optimizing the hyperparameters of machine learning algorithms that are slow to train. The Hyperopt library provides algorithms and parallelization infrastructure for performing hyperparameter optimization (model selection) in Python. This paper presents an introductory tutorial on the usage of the Hyperopt library, including the description of search spaces, minimization (in serial and parallel), and the analysis of the results collected in the course of minimization. This paper also gives an overview of Hyperopt-Sklearn, a software project that provides automatic algorithm configuration of the Scikit-learn machine learning library. Following Auto-Weka, we take the view that the choice of classifier and even the choice of preprocessing module can be taken together to represent a single large hyperparameter optimization problem . We use Hyperopt to define a search space that encompasses many standard components (e.g. SVM, RF, KNN, PCA, TFIDF) and common patterns of composing them together. We demonstrate, using search algorithms in Hyperopt and standard benchmarking data sets (MNIST, 20-newsgroups, convex shapes), that searching this space is practical and effective. In particular, we improve on best-known scores for the model space for both MNIST and convex shapes. The paper closes with some discussion of ongoing and future work.",openalex,llm,0.990,unreviewed,,doi:10.1088/1749-4699/8/1/014008
discarded,ObsPy: a bridge for seismology into the scientific Python ecosystem,Lion Krischer; Tobias Megies; R. Barsch; Moritz Beyreuther; Thomas Lecocq; Corentin Caudron; Joachim Wassermann,2015,Computational Science & Discovery,10.1088/1749-4699/8/1/014003,https://openalex.org/W1514030205,off-topic-false-hit,"The Python libraries NumPy and SciPy are extremely powerful tools for numerical processing and analysis well suited to a large variety of applications. We developed ObsPy ( http://obspy.org ), a Python library for seismology intended to facilitate the development of seismological software packages and workflows, to utilize these abilities and provide a bridge for seismology into the larger scientific Python ecosystem. Scientists in many domains who wish to convert their existing tools and applications to take advantage of a platform like the one Python provides are confronted with several hurdles such as special file formats, unknown terminology, and no suitable replacement for a non-trivial piece of software. We present an approach to implement a domain-specific time series library on top of the scientific NumPy stack. In so doing, we show a realization of an abstract internal representation of time series data permitting I/O support for a diverse collection of file formats. Then we detail the integration and repurposing of well established legacy codes, enabling them to be used in modern workflows composed in Python. Finally we present a case study on how to integrate research code into ObsPy, opening it to the broader community. While the implementations presented in this work are specific to seismology, many of the described concepts and abstractions are directly applicable to other sciences, especially to those with an emphasis on time series analysis.",openalex,llm,0.980,unreviewed,,doi:10.1088/1749-4699/8/1/014003
discarded,powerlaw: A Python Package for Analysis of Heavy-Tailed Distributions,Jeff Alstott; Edward Thomas Bullmore; Dietmar Plenz,2014,PLoS ONE,10.1371/journal.pone.0085777,https://openalex.org/W2088856850,off-topic-false-hit,"Power laws are theoretically interesting probability distributions that are also frequently used to describe empirical data. In recent years, effective statistical methods for fitting power laws have been developed, but appropriate use of these techniques requires significant programming and statistical insight. In order to greatly decrease the barriers to using good statistical methods for fitting power law distributions, we developed the powerlaw Python package. This software package provides easy commands for basic fitting and statistical analysis of distributions. Notably, it also seeks to support a variety of user needs by being exhaustive in the options available to the user. The source code is publicly available and easily extensible.",openalex,llm,0.990,unreviewed,,doi:10.1371/journal.pone.0085777
discarded,The Representation of Biological Classes in the Human Brain,Andrew C. Connolly; J. Swaroop Guntupalli; Jason D. Gors; Michael Hanke; Yaroslav O. Halchenko; Yu‐Chien Wu; Hervé Abdi; James V. Haxby,2012,Journal of Neuroscience,10.1523/jneurosci.5547-11.2012,https://openalex.org/W2046499546,off-topic-false-hit,"Evidence of category specificity from neuroimaging in the human visual system is generally limited to a few relatively coarse categorical distinctions-e.g., faces versus bodies, or animals versus artifacts-leaving unknown the neural underpinnings of fine-grained category structure within these large domains. Here we use fMRI to explore brain activity for a set of categories within the animate domain, including six animal species-two each from three very different biological classes: primates, birds, and insects. Patterns of activity throughout ventral object vision cortex reflected the biological classes of the stimuli. Specifically, the abstract representational space-measured as dissimilarity matrices defined between species-specific multivariate patterns of brain activity-correlated strongly with behavioral judgments of biological similarity of the same stimuli. This biological class structure was uncorrelated with structure measured in retinotopic visual cortex, which correlated instead with a dissimilarity matrix defined by a model of V1 cortex for the same stimuli. Additionally, analysis of the shape of the similarity space in ventral regions provides evidence for a continuum in the abstract representational space-with primates at one end and insects at the other. Further investigation into the cortical topography of activity that contributes to this category structure reveals the partial engagement of brain systems active normally for inanimate objects in addition to animate regions.",openalex,llm,1.000,unreviewed,,doi:10.1523/jneurosci.5547-11.2012
discarded,NEURON and Python,Michael L. Hines,2009,Frontiers in Neuroinformatics,10.3389/neuro.11.001.2009,https://openalex.org/W1970716201,off-topic-false-hit,"The NEURON simulation program now allows Python to be used, alone or in combination with NEURON's traditional Hoc interpreter. Adding Python to NEURON has the immediate benefit of making available a very extensive suite of analysis tools written for engineering and science. It also catalyzes NEURON software development by offering users a modern programming tool that is recognized for its flexibility and power to create and maintain complex programs. At the same time, nothing is lost because all existing models written in Hoc, including graphical user interface tools, continue to work without change and are also available within the Python context. An example of the benefits of Python availability is the use of the xml module in implementing NEURON's Import3D and CellBuild tools to read MorphML and NeuroML model specifications.",openalex,llm,0.990,unreviewed,,doi:10.3389/neuro.11.001.2009
discarded,Antibiotic practices and AMR trends in livestock farms of Mymensingh region in Bangladesh,"Sohan, Mohammad; Ashikuzzaman, Md.; Hasan, Mahmudul; Taifunnahar, Sara; Taluckder, Mohsin; Fasina, Folorunso Oludayo; Shahiduzzaman, Md.",2026,JOURNAL OF GLOBAL ANTIMICROBIAL RESISTANCE,10.1016/j.jgar.2026.05.003,https://www.webofscience.com/wos/woscc/full-record/WOS:001804981800001,off-topic-false-hit,"Objective: In Bangladesh, the unregulated use of antimicrobials in livestock poses a significant threat to the effectiveness of these drugs, yet multi-sectoral data to guide stewardship are scarce. This study investigated veterinary drug use, antibiotic awareness, and risk factors contributing to antimicrobial resistance (AMR) in the Mymensingh region of Bangladesh. Methods: A cross-sectional survey was conducted among livestock farmers (n = 101) and retail pharmacy sellers (n = 104), complemented by veterinary hospital prescription records (n = 330). Field data were collected and descriptive and analytical statistics were conducted in Python to determine predictors of antibiotic choice. Principal Component Analysis (PCA), Hierarchical Clustering, and network analysis were performed to characterize antibiotic usage patterns and co-prescription structures. Results: Provider qualification and knowledge of withdrawal periods significantly influenced antibiotic practices in both farm and pharmacy settings. PCA captured major variance components in farm (41.06%), pharmacy (51.89%), and hospital (40.85%) datasets. Hierarchical Clustering demonstrated sector-specific preferences among 27 antibiotic compounds, with Amoxicillin dominating farm use and Tetracycline-class drugs prevalent in hospital prescriptions. Network analysis revealed tightly connected co-prescription clusters, with Amoxicillin and Tetracycline functioning as central nodes. Conclusions: Significant variation exists in antibiotic awareness and usage across sectors, shaped largely by provider qualification and withdrawal knowledge. The identified predictors and usage networks provide critical evidence for designing targeted antimicrobial stewardship interventions, highlighting the need for stricter pharmacy regulation and enhanced farmer education. (c) 2026 The Author(s). Published by Elsevier Ltd on behalf of International Society for Antimicrobial Chemotherapy. This is an open access article under the CC BY-NC-ND license ( http://creativecommons.org/licenses/by-nc-nd/4.0/ )",wos,llm,1.000,unreviewed,,doi:10.1016/j.jgar.2026.05.003
discarded,Optimization and prediction of construction project duration using machine learning algorithms,"Ibrahim, Amira Mohammed; Kotb, Mostafa Hassan; Nagy, Alsayed Mohamed",2026,INTERNATIONAL JOURNAL OF CONSTRUCTION MANAGEMENT,10.1080/15623599.2026.2654046,https://www.webofscience.com/wos/woscc/full-record/WOS:001745979400001,off-topic-false-hit,"Timely delivery is a critical performance indicator in construction project management. Accurate time estimation at the planning phase is essential for project success. This study applies machine learning (ML) algorithms-Gradient Boosting, Decision Tree, Linear Regression, Extra Trees, Random Forest (RF), XGBoost, and K-Nearest Neighbors (KNN)-using Python to develop and validate prediction models for optimal construction project duration. The aim is to address project delays, particularly in NYC projects, through various ML libraries. A review of recent literature, regional case studies, and comparative model assessments was conducted to identify both optimal durations and the most effective algorithms. This research expands knowledge on project schedule performance, providing insights for ML model implementation in construction duration prediction. Among the tested models, Extra Trees achieved the best performance, with an accuracy of 0.73 and an F1-score of 0.71. KNN showed moderate performance (accuracy 0.67). XGBoost recorded one of the lowest precision scores (0.57), reducing its overall F1 score. Linear regression performed the weakest in terms of precision and F1-score, although its accuracy was comparable to the others. The models' overall predicted project durations across six classes (0-5 years) performed best in class 1 (1 year), demonstrating their effectiveness in predicting optimal durations.PurposeIn this study, to reduce and minimize the project duration-related cost overrun, it was needed to predict the construction project time through accurate planning, which led to better decision-making for managing the whole project activities, resources, and risks, and to study the role of integrating the artificial intelligence techniques (AI) through machine learning algorithms (ML) to achieve the construction projects' better performance.Design/methodology/approachClassification regression models have been performed through the different machine learning algorithms.FindingsThe results indicated and demonstrated that Extra Trees achieved the highest accuracy and recall of 73%, precision of 70.61%, and F1 score of 71.44%, whereas linear regression and gradient boosting performed the lowest classification metrics of accuracy of 65.61 and 66.57%, recall of 65.61 and 66.27%, precision of 47.54 and 58.4%, and F1 score of 52.95 and 54.28%, respectively. The optimal prediction of the construction project's duration is indicated in class 1 (1 year).Originality/valueThe role of AI and ML technique integration has been used to investigate the performance of the classification modelling in the prediction of construction projects, the optimal duration of which permits the perfect optimal duration and decision-making.",wos,llm,1.000,unreviewed,,doi:10.1080/15623599.2026.2654046
discarded,Standardizing Traffic-Induced Vibrations Using Reference Emission Levels and Car Equivalence,"Pandey, Amar Deep; Kumar, Brind; Mudgal, Abhisek; Parida, Manoranjan; Chouksey, Ashish Kumar",2026,JOURNAL OF VIBRATION ENGINEERING & TECHNOLOGIES,10.1007/s42417-026-02468-x,https://www.webofscience.com/wos/woscc/full-record/WOS:001743620800001,off-topic-false-hit,"Purpose This study aims to develop a framework, namely theReference Vibration Emission Level (RVEL) and the Passenger Car Vibration Equivalence (PCVE), to quantify and compare traffic-inducedvibrations generated by different vehicle categories relative to a standard passenger car. The objective is to address the limitations of existingthreshold-based vibration standards, which do not explicitly account for variations in vehicle type, speed, and dynamic loading. Methods A field dataset comprising 9,257 single-vehicle pass-by events was collected using tri-axial accelerometers and LIDAR-based speed detection across 11 vehicle classes. The recorded vibration signals were processed through Fast Fourier transform, a Butterworth band-pass filter in the range of 1.2 to 500 Hz, and adaptive energy-based windowing along the longitudinal, lateral, and vertical directions. Linear regression models were then formulated to establish relationships between vehicle speed and vibration intensity, and these relationships were normalized to derivepassenger-car-equivalent indices. Results Multi-axle trucks and buses generate the highest levels of vibration, with PCVE values exceeding 3.0, confirming their dominant contribution to ground-borne vibrations. The developed RVEL and PCVE frameworks effectively differentiate thevibrational impact of various vehicle classes and provide a standard basis for comparing their relative effects. Conclusion RVEL and PCVE provide a practical and scalable approach for evaluating traffic-induced vibration environments. The framework, which was also implemented in a Python-based computational tool, can support vibration-aware traffic management, vehicle regulation, and resilient infrastructure design, and it can be directly integrated into intelligent transportation systems and urban planning applications for assessing and mitigating vibration impacts.",wos,llm,1.000,unreviewed,,doi:10.1007/s42417-026-02468-x
