status,title,authors,year,venue,doi,url,tags,abstract,provider,decision_source,llm_confidence,llm_review_outcome,llm_change_direction,paper_id
discarded,The atomic simulation environment—a Python library for working with atoms,Ask Hjorth Larsen; Jens Jørgen Mortensen; Jakob Blomqvist; Ivano E. Castelli; Rune Christensen; Marcin Dułak; Jesper Friis; Michael N. Groves; Bjørk Hammer; Cory Hargus; Eric Hermes; Paul C Jennings; Peter Bjerre Jensen; James R. Kermode; John R. Kitchin; Esben L. Kolsbjerg; Joseph Kubal; Kristen Kaasbjerg; Steen Lysgaard; Jón Bergmann Maronsson; Tristan Maxson; Thomas Olsen; Lars Pastewka; Andrew A. Peterson; C. Rostgaard; Jakob Schiøtz; Ole Schütt; Mikkel Strange; Kristian Sommer Thygesen; Tejs Vegge; Lasse B. Vilhelmsen; Michael Walter; Zhenhua Zeng; Karsten W. Jacobsen,2017,Journal of Physics Condensed Matter,10.1088/1361-648x/aa680e,https://openalex.org/W2601081289,off-topic-false-hit,"The atomic simulation environment (ASE) is a software package written in the Python programming language with the aim of setting up, steering, and analyzing atomistic simulations. In ASE, tasks are fully scripted in Python. The powerful syntax of Python combined with the NumPy array library make it possible to perform very complex simulation tasks. For example, a sequence of calculations may be performed with the use of a simple 'for-loop' construction. Calculations of energy, forces, stresses and other quantities are performed through interfaces to many external electronic structure codes or force fields using a uniform interface. On top of this calculator interface, ASE provides modules for performing many standard simulation tasks such as structure optimization, molecular dynamics, handling of constraints and performing nudged elastic band calculations.",openalex,llm,0.990,unreviewed,,doi:10.1088/1361-648x/aa680e
discarded,MEG and EEG data analysis with MNE-Python,Alexandre Gramfort,2013,Frontiers in Neuroscience,10.3389/fnins.2013.00267,https://openalex.org/W2169918686,off-topic-false-hit,"Magnetoencephalography and electroencephalography (M/EEG) measure the weak electromagnetic signals generated by neuronal activity in the brain. Using these signals to characterize and locate neural activation in the brain is a challenge that requires expertise in physics, signal processing, statistics, and numerical methods. As part of the MNE software suite, MNE-Python is an open-source software package that addresses this challenge by providing state-of-the-art algorithms implemented in Python that cover multiple methods of data preprocessing, source localization, statistical analysis, and estimation of functional connectivity between distributed brain regions. All algorithms and utility functions are implemented in a consistent manner with well-documented interfaces, enabling users to create M/EEG data analysis pipelines by writing Python scripts. Moreover, MNE-Python is tightly integrated with the core Python libraries for scientific comptutation (NumPy, SciPy) and visualization (matplotlib and Mayavi), as well as the greater neuroimaging ecosystem in Python via the Nibabel package. The code is provided under the new BSD license allowing code reuse, even in commercial products. Although MNE-Python has only been under heavy development for a couple of years, it has rapidly evolved with expanded analysis capabilities and pedagogical tutorials because multiple labs have collaborated during code development to help share best practices. MNE-Python also gives easy access to preprocessed datasets, helping users to get started quickly and facilitating reproducibility of methods by other researchers. Full documentation, including dozens of examples, is available at http://martinos.org/mne.",openalex,llm,0.990,unreviewed,,doi:10.3389/fnins.2013.00267
discarded,"PyTorch: An Imperative Style, High-Performance Deep Learning Library","Adam Paszke; Sam Gross; Francisco Massa; Adam K. Lerer; James Bradbury; Gregory Chanan; Trevor Killeen; Zeming Lin; Natalia E. Gimelshein; Luca Antiga; Alban Desmaison; Köpf, Andreas; Edward Z. Yang; Zachary DeVito; Martin Raison; Alykhan Tejani; Sasank Chilamkurthy; Benoit Steiner; Lu Fang; Junjie Bai; Soumith Chintala",2019,arXiv (Cornell University),10.48550/arxiv.1912.01703,https://openalex.org/W2970971581,adjacent-subtopic,"Deep learning frameworks have often focused on either usability or speed, but not both. PyTorch is a machine learning library that shows that these two goals are in fact compatible: it provides an imperative and Pythonic programming style that supports code as a model, makes debugging easy and is consistent with other popular scientific computing libraries, while remaining efficient and supporting hardware accelerators such as GPUs. In this paper, we detail the principles that drove the implementation of PyTorch and how they are reflected in its architecture. We emphasize that every aspect of PyTorch is a regular Python program under the full control of its user. We also explain how the careful and pragmatic implementation of the key components of its runtime enables them to work together to achieve compelling performance. We demonstrate the efficiency of individual subsystems, as well as the overall speed of PyTorch on several common benchmarks.",openalex,llm,0.980,unreviewed,,doi:10.48550/arxiv.1912.01703
discarded,DendroPy: a Python library for phylogenetic computing,Jeet Sukumaran; Mark T. Holder,2010,Bioinformatics,10.1093/bioinformatics/btq228,https://openalex.org/W2139736670,off-topic-false-hit,"UNLABELLED: DendroPy is a cross-platform library for the Python programming language that provides for object-oriented reading, writing, simulation and manipulation of phylogenetic data, with an emphasis on phylogenetic tree operations. DendroPy uses a splits-hash mapping to perform rapid calculations of tree distances, similarities and shape under various metrics. It contains rich simulation routines to generate trees under a number of different phylogenetic and coalescent models. DendroPy's data simulation and manipulation facilities, in conjunction with its support of a broad range of phylogenetic data formats (NEXUS, Newick, PHYLIP, FASTA, NeXML, etc.), allow it to serve a useful role in various phyloinformatics and phylogeographic pipelines. AVAILABILITY: The stable release of the library is available for download and automated installation through the Python Package Index site (http://pypi.python.org/pypi/DendroPy), while the active development source code repository is available to the public from GitHub (http://github.com/jeetsukumaran/DendroPy).",openalex,llm,0.990,unreviewed,,doi:10.1093/bioinformatics/btq228
discarded,Pymoo: Multi-Objective Optimization in Python,Julian Blank; Kalyanmoy Deb,2020,IEEE Access,10.1109/access.2020.2990567,https://openalex.org/W3021613070,off-topic-false-hit,"Python has become the programming language of choice for research and industry projects related to data science, machine learning, and deep learning. Since optimization is an inherent part of these research fields, more optimization related frameworks have arisen in the past few years. Only a few of them support optimization of multiple conflicting objectives at a time, but do not provide comprehensive tools for a complete multi-objective optimization task. To address this issue, we have developed pymoo, a multi-objective optimization framework in Python. We provide a guide to getting started with our framework by demonstrating the implementation of an exemplary constrained multi-objective optimization scenario. Moreover, we give a high-level overview of the architecture of pymoo to show its capabilities followed by an explanation of each module and its corresponding sub-modules. The implementations in our framework are customizable and algorithms can be modified/extended by supplying custom operators. Moreover, a variety of single, multi- and many-objective test problems are provided and gradients can be retrieved by automatic differentiation out of the box. Also, pymoo addresses practical needs, such as the parallelization of function evaluations, methods to visualize low and high-dimensional spaces, and tools for multi-criteria decision making. For more information about pymoo, readers are encouraged to visit: https://pymoo.org.",openalex,llm,0.990,unreviewed,,doi:10.1109/access.2020.2990567
discarded,The Astropy Project: Building an Open-science Project and Status of the v2.0 Core Package *,Adrian M. Price-Whelan; Brigitta Sipőcz; Hans Moritz Günther; Pey Lian Lim; Steven M. Crawford; Simon Conseil; David L. Shupe; Matthew Craig; Nadia Dencheva; Adam G. Ginsburg; Jake Vanderplas; Larry Bradley; David Pérez–Suárez; M. de Val-Borro; (Primary Paper Contributors); Thomas L. Aldcroft; Kelle L. Cruz; Thomas Robitaille; Erik J. Tollerud; C. Ardelean; Tomáš Babej; Yoonsoo P. Bach; Matteo Bachetti; A. V. Bakanov; S. P. Bamford; Geert Barentsen; P. Barmby; A. Baumbach; K. L. Berry; Francesco Biscani; Médéric Boquien; K. Azalee Bostroem; Luke G. Bouma; Gabriel Brammer; E. M. Bray; H. Breytenbach; Hugo Buddelmeijer; D. J. Burke; Giorgio Calderone; J. L. Cano Rodríguez; Mihai Cara; J. V. M. Cardoso; Sourabh Cheedella; Y. Copin; Lía Corrales; Devin Crichton; Daniel D’Avella; Christoph Deil; É. Depagne; Jörg P. Dietrich; Axel Donath; Michael Droettboom; N. Earl; T. Erben; S. Fabbro; L. A. Ferreira; T. Finethy; R. T. Fox; Lehman H. Garrison; S. L. J. Gibbons; Daniel A. Goldstein; Ralf Gommers; Johnny P. Greco; P. Greenfield; Austen M. Groener; Frédéric Grollier; Alex Hagen; P. Hirst; D. Homeier; Anthony J. Horton; G. Hosseinzadeh; Lei Hu; Joseph S. Hunkeler; Željko Ivezić; A. Jain; Tim Jenness; G. Kanarek; Sarah Kendrew; Nicholas S. Kern; Wolfgang Kerzendorf; A. Khvalko; J. King; David P. Kirkby; A.M. Kulkarni; Akhil Kumar; Antony Lee; Daniel Lenz; S. P. Littlefair; Zhiyuan Ma; Duncan M. Macleod; M. Mastropietro; C. McCully; S. Montagnac; Brett M. Morris; Michael Mueller; Stuart Mumford; Demitri Muna; Nicholas A. Murphy; S. Nelson; Giang Hoang Nguyen,2018,The Astronomical Journal,10.3847/1538-3881/aabc4f,https://openalex.org/W2888532099,off-topic-false-hit,"Abstract The Astropy Project supports and fosters the development of open-source and openly developed Python packages that provide commonly needed functionality to the astronomical community. A key element of the Astropy Project is the core package astropy , which serves as the foundation for more specialized projects and packages. In this article, we provide an overview of the organization of the Astropy project and summarize key features in the core package, as of the recent major release, version 2.0. We then describe the project infrastructure designed to facilitate and support development for a broader ecosystem of interoperable packages. We conclude with a future outlook of planned new features and directions for the broader Astropy Project.",openalex,llm,0.990,unreviewed,,doi:10.3847/1538-3881/aabc4f
discarded,"Exploring Network Structure, Dynamics, and Function using NetworkX",Aric A. Hagberg; Dan Schult; Pieter J. Swart,2008,Proceedings of the Python in Science Conferences,10.25080/tcwv9851,https://openalex.org/W2132022337,off-topic-false-hit,"NetworkX is a Python language package for exploration and analysis of networks and network algorithms. The core package provides data structures for representing many types of networks, or graphs, including simple graphs, directed graphs, and graphs with parallel edges and self-loops. The nodes in NetworkX graphs can be any (hashable) Python object and edges can contain arbitrary data; this flexibility makes NetworkX ideal for representing networks found in many different scientific fields. In addition to the basic data structures many graph algorithms are implemented for calculating network properties and structure measures: shortest paths, betweenness centrality, clustering, and degree distribution and many more. NetworkX can read and write various graph formats for easy exchange with existing data, and provides generators for many classic graphs and popular graph models, such as the Erdos-Renyi, Small World, and Barabasi-Albert models. The ease-of-use and flexibility of the Python programming language together with connection to the SciPy tools make NetworkX a powerful tool for scientific computations. We discuss some of our recent work studying synchronization of coupled oscillators to demonstrate how NetworkX enables research in the field of computational networks.",openalex,llm,0.990,unreviewed,,doi:10.25080/tcwv9851
discarded,Features and development of Coot,Paul Emsley; Bernhard Lohkamp; William G. Scott; Kevin D. Cowtan,2010,Acta Crystallographica Section D Biological Crystallography,10.1107/s0907444910007493,https://openalex.org/W2124026197,off-topic-false-hit,"Coot is a molecular-graphics application for model building and validation of biological macromolecules. The program displays electron-density maps and atomic models and allows model manipulations such as idealization, real-space refinement, manual rotation/translation, rigid-body fitting, ligand search, solvation, mutations, rotamers and Ramachandran idealization. Furthermore, tools are provided for model validation as well as interfaces to external programs for refinement, validation and graphics. The software is designed to be easy to learn for novice users, which is achieved by ensuring that tools for common tasks are 'discoverable' through familiar user-interface elements (menus and toolbars) or by intuitive behaviour (mouse controls). Recent developments have focused on providing tools for expert users, with customisable key bindings, extensions and an extensive scripting interface. The software is under rapid development, but has already achieved very widespread use within the crystallographic community. The current state of the software is presented, with a description of the facilities available and of some of the underlying methods employed.",openalex,llm,0.990,unreviewed,,doi:10.1107/s0907444910007493
discarded,An efficient implementation of SELF a dynamically-typed object-oriented language based on prototypes,Craig Chambers; David Ungar; E. Lee,1989,,10.1145/74877.74884,https://openalex.org/W2058639022,adjacent-subtopic,"We have developed and implemented techniques that double the performance of dynamically-typed object-oriented languages. Our SELF implementation runs twice as fast as the fastest Smalltalk implementation, despite SELF's lack of classes and explicit variables.",openalex,llm,0.980,unreviewed,,doi:10.1145/74877.74884
discarded,"Avogadro: an advanced semantic chemical editor, visualization, and analysis platform",Marcus D. Hanwell; Donald E Curtis; David C. Lonie; Tim Vandermeersch; Eva Zurek; Geoffrey Hutchison,2012,Journal of Cheminformatics,10.1186/1758-2946-4-17,https://openalex.org/W2028046413,off-topic-false-hit,"BACKGROUND: The Avogadro project has developed an advanced molecule editor and visualizer designed for cross-platform use in computational chemistry, molecular modeling, bioinformatics, materials science, and related areas. It offers flexible, high quality rendering, and a powerful plugin architecture. Typical uses include building molecular structures, formatting input files, and analyzing output of a wide variety of computational chemistry packages. By using the CML file format as its native document type, Avogadro seeks to enhance the semantic accessibility of chemical data types. RESULTS: The work presented here details the Avogadro library, which is a framework providing a code library and application programming interface (API) with three-dimensional visualization capabilities; and has direct applications to research and education in the fields of chemistry, physics, materials science, and biology. The Avogadro application provides a rich graphical interface using dynamically loaded plugins through the library itself. The application and library can each be extended by implementing a plugin module in C++ or Python to explore different visualization techniques, build/manipulate molecular structures, and interact with other programs. We describe some example extensions, one which uses a genetic algorithm to find stable crystal structures, and one which interfaces with the PackMol program to create packed, solvated structures for molecular dynamics simulations. The 1.0 release series of Avogadro is the main focus of the results discussed here. CONCLUSIONS: Avogadro offers a semantic chemical builder and platform for visualization and analysis. For users, it offers an easy-to-use builder, integrated support for downloading from common databases such as PubChem and the Protein Data Bank, extracting chemical data from a wide variety of formats, including computational chemistry output, and native, semantic support for the CML file format. For developers, it can be easily extended via a powerful plugin mechanism to support new features in organic chemistry, inorganic complexes, drug design, materials, biomolecules, and simulations. Avogadro is freely available under an open-source license from http://avogadro.openmolecules.net.",openalex,llm,0.990,unreviewed,,doi:10.1186/1758-2946-4-17
discarded,Computational Radiomics System to Decode the Radiographic Phenotype,Joost J. M. van Griethuysen; Andriy Fedorov; Chintan Parmar; Ahmed Hosny; Nicole Aucoin; Vivek Narayan; Regina G. H. Beets‐Tan; Jean‐Christophe Fillion‐Robin; Steve Pieper; Hugo J.W.L. Aerts,2017,Cancer Research,10.1158/0008-5472.can-17-0339,https://openalex.org/W2767128594,off-topic-false-hit,"Abstract Radiomics aims to quantify phenotypic characteristics on medical imaging through the use of automated algorithms. Radiomic artificial intelligence (AI) technology, either based on engineered hard-coded algorithms or deep learning methods, can be used to develop noninvasive imaging-based biomarkers. However, lack of standardized algorithm definitions and image processing severely hampers reproducibility and comparability of results. To address this issue, we developed PyRadiomics, a flexible open-source platform capable of extracting a large panel of engineered features from medical images. PyRadiomics is implemented in Python and can be used standalone or using 3D Slicer. Here, we discuss the workflow and architecture of PyRadiomics and demonstrate its application in characterizing lung lesions. Source code, documentation, and examples are publicly available at www.radiomics.io. With this platform, we aim to establish a reference standard for radiomic analyses, provide a tested and maintained resource, and to grow the community of radiomic developers addressing critical needs in cancer research. Cancer Res; 77(21); e104–7. ©2017 AACR.",openalex,llm,0.990,unreviewed,,doi:10.1158/0008-5472.can-17-0339
discarded,Python for Scientists and Engineers,Jarrod Millman; M. Aivazis,2011,Computing in Science & Engineering,10.1109/mcse.2011.36,https://openalex.org/W1988054515,off-topic-false-hit,"Python has arguably become the de facto standard for exploratory, interactive, and computation-driven scientific research. This issue discusses Python's advantages for scientific research and presents several of the core Python libraries and tools used in scientific research.",openalex,llm,0.990,unreviewed,,doi:10.1109/mcse.2011.36
discarded,quanteda: An R package for the quantitative analysis of textual data,Kenneth R. Benoit; Kohei Watanabe; Haiyan Wang; Paul Nulty; Adam Obeng; Stefan Müller; Akitaka Matsuo,2018,The Journal of Open Source Software,10.21105/joss.00774,https://openalex.org/W2895553377,off-topic-false-hit,"quanteda is an R package providing a comprehensive workflow and toolkit for natural language processing tasks such as corpus management, tokenization, analysis, and visualization.It has extensive functions for applying dictionary analysis, exploring texts using keywords-in-context, computing document and feature similarities, and discovering multi-word expressions through collocation scoring.Based entirely on sparse operations, it provides highly efficient methods for compiling document-feature matrices and for manipulating these or using them in further quantitative analysis.Using C++ and multithreading extensively, quanteda is also considerably faster and more efficient than other R and Python packages in processing large textual data.",openalex,llm,0.990,unreviewed,,doi:10.21105/joss.00774
discarded,HTSeq – A Python framework to work with high-throughput sequencing data,Simon Anders; Paul Theodor Pyl; Wolfgang K. Huber,2014,bioRxiv (Cold Spring Harbor Laboratory),10.1101/002824,https://openalex.org/W2952535963,off-topic-false-hit,"ABSTRACT Motivation: A large choice of tools exists for many standard tasks in the analysis of high-throughput sequencing (HTS) data. However, once a project deviates from standard work flows, custom scripts are needed. Results: We present HTSeq, a Python library to facilitate the rapid development of such scripts. HTSeq offers parsers for many common data formats in HTS projects, as well as classes to represent data such as genomic coordinates, sequences, sequencing reads, alignments, gene model information, variant calls, and provides data structures that allow for querying via genomic coordinates. We also present htseq-count, a tool developed with HTSeq that preprocesses RNA-Seq data for differential expression analysis by counting the overlap of reads with genes. Availability: HTSeq is released as open-source software under the GNU General Public Licence and available from http://www-huber.embl.de/HTSeq or from the Python Package Index https://pypi.python.org/pypi/HTSeq . Contact: sanders@fs.tum.de",openalex,llm,0.990,unreviewed,,doi:10.1101/002824
