status,title,authors,year,venue,doi,url,tags,abstract,provider,decision_source,llm_confidence,llm_review_outcome,llm_change_direction,paper_id
discarded,Refactorings to evolve object-oriented systems with aspect-oriented concepts,Miguel P. Monteiro,2005,"Portuguese National Funding Agency for Science, Research and Technology (RCAAP Project by FCT)",,https://openalex.org/W2244585959,adjacent-subtopic,"Software engineering tools should support complete separation of concerns, by enabling the deployment of each different concern in its own unit of modularity. Unfortunately, current tools and languages – including those supporting the object-oriented programming paradigm – fail to provide a complete and effective support for the separation of all concerns. Undesirable phenomena such as code scattering and code tangling ensue. Aspect-Oriented Programming is a new programming paradigm capable of modularising crosscutting concerns. Aspect-oriented programming complements existing programming paradigms, including object-oriented programming, with constructs that provide a fuller separation of concerns. Refactoring is a technique to restructure program source code in order to improve its underlying design and style while preserving the externally observable behaviour. “Code smells” help to detect inadequate structures and designs, which are then gradually removed through refactoring processes. There is a prospect of aspect-oriented programming becoming a mainstream technology in the near future. This begs the question of how to deal with a large base of object-oriented legacy code when aspect-orientation becomes standard practice. AspectJ's backward compatibility with Java opens the way for refactoring existing Java applications to leverage the concepts and mechanisms of aspects. This requires a prior idea of good style for aspect-oriented source code, something yet to be developed and matured. This thesis contributes to the definition of a new style appropriate to aspect orientation. To this effect, this thesis documents a collection of novel refactorings enabling the extraction of crosscutting concerns from object-oriented legacy source code and the subsequent restructuring of the aspects thus obtained. In addition, this thesis presents a review of traditional object-oriented code smells so they can be used as indicators of latent aspects in object-oriented source code. Finally, this thesis proposes several novel aspect-oriented code smells. We validate the refactorings through an illustrative refactoring process.",openalex,llm,0.910,unreviewed,,hash:30131401747a33fd
discarded,"Research Trends, Detection Methods, Practices, and Challenges in Code Smell: SLR",Muhammad Anis Al Hilmi; Alifia Puspaningrum; Darsih; Daniel Siahaan; Hernawati Susanti Samosir; Amelia Sahira Rahma,2023,IEEE Access,10.1109/access.2023.3334258,https://openalex.org/W4388755800,adjacent-subtopic,"Context: A code smell indicates a flaw in the design, implementation, or maintenance process that could degrade the software’s quality and potentially cause future disruptions. Since being introduced by Beck and Fowler, the term code smell has attracted several studies from researchers and practitioners. However, over time, studies are needed to discuss whether this issue is still interesting and relevant. Objective: Conduct a thorough systematic literature review to learn the most recent state of the art for studying code smells, including detection methods, practices, and challenges. Also, an overview of trends and future relevance of the topic of code smell, whether it is still developing, or if there has been a shift in the discussion. Method: The search methodology was employed to identify pertinent scholarly articles from reputable databases such as ScienceDirect, IEEE Xplore, ACM Digital Library, SpringerLink, ProQuest, and CiteSeerX. The application of inclusion and exclusion criteria serves to filter the search results. In addition, forward and backward snowballing techniques are employed to enhance the comprehensiveness of the results. Results: The inquiry yielded 354 scholarly articles published over the timeframe spanning from January 2013 to July 2022. After inclusion, exclusion, and snowballing techniques were applied, 69 main studies regarding code smells were identified. Many researchers focus on detecting code smells, primarily via machine learning techniques and, to a lesser extent, deep learning methods. Additional subjects encompass the ramifications of code smells; code smells within specific contexts, the correlation between code smells and software metrics, and facets about security, refactoring, and development habits. Contexts and types of code smells vary in the focus of the study. Some tools used are Jspirit, aDoctor, CAME, and SonarQube. The study also explores the concept of design smells and anti-pattern detection. While a singular dominating technique to code smell detection has yet to be thoroughly investigated, other aspects of code smell detection remain that still need to be examined. Conclusion: The findings underscore scholarly attention’s evolution towards code smells over the years. This study identified significant journals and conferences and influential researchers in this field. The detection methods used include empirical, machine learning, and deep learning. However, challenges include subjective interpretation and limited contextual applicability.",openalex,llm,0.880,unreviewed,,doi:10.1109/access.2023.3334258
discarded,On the adequacy of static analysis warnings with respect to code smell prediction,Fabiano Pecorelli; Savanna Lujan; Valentina Lenarduzzi; Fabio Palomba; Andrea De Lucia,2022,Empirical Software Engineering,10.1007/s10664-022-10126-5,https://openalex.org/W4221051771,adjacent-subtopic,"Code smells are poor implementation choices that developers apply while evolving source code and that affect program maintainability. Multiple automated code smell detectors have been proposed: while most of them relied on heuristics applied over software metrics, a recent trend concerns the definition of machine learning techniques. However, machine learning-based code smell detectors still suffer from low accuracy: one of the causes is the lack of adequate features to feed machine learners. In this paper, we face this issue by investigating the role of static analysis warnings generated by three state-of-the-art tools to be used as features of machine learning models for the detection of seven code smell types. We conduct a three-step study in which we (1) verify the relation between static analysis warnings and code smells and the potential predictive power of these warnings; (2) build code smell prediction models exploiting and combining the most relevant features coming from the first analysis; (3) compare and combine the performance of the best code smell prediction model with the one achieved by a state of the art approach. The results reveal the low performance of the models exploiting static analysis warnings alone, while we observe significant improvements when combining the warnings with additional code metrics. Nonetheless, we still find that the best model does not perform better than a random model, hence leaving open the challenges related to the definition of ad-hoc features for code smell prediction.",openalex,llm,0.950,unreviewed,,doi:10.1007/s10664-022-10126-5
discarded,The detection of code smell on software development: a mapping study,Xinghua Liu; Cheng Zhang,2017,,10.2991/icmmct-17.2017.120,https://openalex.org/W2605026284,adjacent-subtopic,"Context: Although Code Smell can't cause problems with execution of project code, Code Smell can cause some potential problems of maintainability and understandability on the software projects.Meanwhile, as for the research of code smell, current research results pay attention to only several specific Code Smells, and then don't have a comprehensive detection on Code Smell.Objective: To investigate what the objective of Code Smell study is, and to find what kinds of code smells could the detection tools of code smell detect.Methods: According to the Guidelines of Kithenham, we carry out a mapping study about 22 code smells, searching the relevant papers till 2015.Results: Through the process of mapping study, 286 papers are finally included and then classified into our data records.Conclusion: Referring to detection tools, firstly they only take notice of several specific Code Smells, because these code smells can be easily measured in term of quantification.Secondly, experiment systems of these papers are almost lab projects and industrial open source not the industrial closed source projects.Thirdly, the size of most detected lab projects are under 30 KLOC.In the future, we will focus efforts on detection of Code Smells that can't be easily detected, what's more, we will put our studies under a comprehensive environment, using three types of project: lab project, open source industrial project and closed source industrial project.",openalex,llm,0.840,unreviewed,,doi:10.2991/icmmct-17.2017.120
discarded,Model level code smell detection using EGAPSO based on similarity measures,G. Saranya; H. Khanna Nehemiah; A. Kannan; V. Nithya,2017,Alexandria Engineering Journal,10.1016/j.aej.2017.07.006,https://openalex.org/W2744026838,adjacent-subtopic,"Software maintenance is an essential part of any software that finds its use in the day-to-day activities of any organization. During the maintenance phase bugs detected must be corrected and the software must evolve with respect to changing requirements without ripple effects. Software maintenance is a cumbersome process if code smells exist in the software. The impact of poor design is code smells. In code smells detection, majority of the existing approaches are rule based, where a rule represents the combination of metrics and threshold. In rule based approach, defining the rules that detect the code smells are time consuming because identifying the correct threshold value is a tedious task, which can be fixed only through trial and error method. To address this issue, in this work Euclidean distance based Genetic Algorithm and Particle Swarm Optimization (EGAPSO) is used. Instead of relying on threshold value, this approach detects all code smells based on similarity between the system under study and the set of defect examples, where the former is the initial model and the latter is the base example. The approach is tested on the open source projects, namely Gantt Project and Log4j for identifying the five code smells namely Blob, Functional Decomposition, Spaghetti Code, Data Class and Feature Envy. Finally, the approach is compared with code smell detection using Genetic Algorithm (GA), DEtection and CORrection (DECOR), Parallel Evolutionary Algorithm (PEA) and Multi-Objective Genetic Programming (MOGP). The result of EGAPSO proves to be effective when compared to other code smell detection approaches.",openalex,llm,0.960,unreviewed,,doi:10.1016/j.aej.2017.07.006
kept,Exploring the Eradication of Code Smells: An Empirical and Theoretical Perspective,Steve Counsell; Robert M. Hierons; H. Hamza; Sue Black; M. Durrand,2010,Advances in Software Engineering,10.1155/2010/820103,https://openalex.org/W2156168162,qualifies-claim,"Code smells reflect code decay, and, as such, developers should seek to eradicate such smells through application of “deodorant” in the form of one or more refactorings. However, a relative lack of studies exploring code smells either theoretically or empirically when compared with literature on refactoring suggests that there are reasons why smell eradication is neither being applied in anger, nor the subject of significant research. In this paper, we present three studies as supporting evidence for this stance. The first is an analysis of a set of five, open-source Java systems in which we show very little tendency for smells to be eradicated by developers; the second is an empirical study of a subsystem of a proprietary, C# web-based application where practical problems arise in smell identification and the third, a theoretical enumeration of smell-related refactorings to suggest why smells may be left alone from an effort perspective. Key findings of the study were that first, smells requiring application of simple refactorings were eradicated in favour of smells requiring more complex refactorings; second, a wide range of conflicts and anomalies soon emerged when trying to identify smelly code; an interesting result with respect to comment lines was also observed. Finally, perceived (estimated) effort to eradicate a smell may be a key factor in explaining why smell eradication is avoided by developers. The study thus highlights the need for a clearer research strategy on the issue of code smells and all aspects of their identification and measurement.",openalex,llm,0.910,unreviewed,,doi:10.1155/2010/820103
discarded,FedCSD: A Federated Learning Based Approach for Code-Smell Detection,Sadi A. Alawadi; Khalid Alkharabsheh; Fahed Alkhabbas; Victor Rigworo Kebande; Feras M. Awaysheh; Fabio Palomba; Mohammed Awad,2024,IEEE Access,10.1109/access.2024.3380167,https://openalex.org/W4393140466,adjacent-subtopic,"Software quality is critical, as low quality, or ""Code smell,"" increases technical debt and maintenance costs. There is a timely need for a collaborative model that detects and manages code smells by learning from diverse and distributed data sources while respecting privacy and providing a scalable solution for continuously integrating new patterns and practices in code quality management. However, the current literature is still missing such capabilities. This paper addresses the previous challenges by proposing a Federated Learning Code Smell Detection (FedCSD) approach, specifically targeting ""God Class,"" to enable organizations to train distributed ML models while safeguarding data privacy collaboratively. We conduct experiments using manually validated datasets to detect and analyze code smell scenarios to validate our approach. Experiment 1, a centralized training experiment, revealed varying accuracies across datasets, with dataset two achieving the lowest accuracy (92.30%) and datasets one and three achieving the highest (98.90% and 99.5%, respectively). Experiment 2, focusing on cross-evaluation, showed a significant drop in accuracy (lowest: 63.80%) when fewer smells were present in the training dataset, reflecting technical debt. Experiment 3 involved splitting the dataset across 10 companies, resulting in a global model accuracy of 98.34%, comparable to the centralized model’s highest accuracy. The application of federated ML techniques demonstrates promising performance improvements in code-smell detection, benefiting both software developers and researchers.",openalex,llm,0.960,unreviewed,,doi:10.1109/access.2024.3380167
discarded,Assessing the cognitive consequences of the object-oriented approach: A survey of empirical research on object-oriented design by individuals and teams,Françoise Détienne,1997,Interacting with Computers,10.1016/s0953-5438(97)00006-4,https://openalex.org/W2040307845,qualifies-claim; adjacent-subtopic,"This paper presents a state-of-the-art review of empirical research on object-oriented (OO) design. Many claims about the cognitive benefits of the OO paradigm have been made by its advocates. These claims concern the ease of designing and reusing software at the individual level as well as the benefits of this paradigm at the team level. Since these claims are cognitive in nature, it seems important to assess them empirically. After a brief presentation of the main concepts of the OO paradigm, the claims about the superiority of OO design are outlined. The core of this paper consists of a review of empirical studies of OO design (OOD). We first discuss results concerning OOD by individuals. On the basis of empirical work, we (1) analyse the design activity of novice OO designers, (2) compare OOD with procedural design and (3) discuss a typology of problems relevant for the OO approach. Then we assess the claims about naturalness and ease of OOD. The next part discusses results on OO software reuse. On the basis of empirical work, we (1) compare reuse in the OO versus the procedural paradigm, (2) discuss the potential for OO software reuse and (3) analyse reuse activity in the OO paradigm. Then we assess claims on reusability. The final part reviews empirical work on OOD by teams. We present results on communication, coordination, knowledge dissemination and interactions with clients. Then we assess claims about OOD at the software design team level. In a general conclusion, we discuss the limitations of these studies and give some directions for future research.",openalex,llm_reviewed,0.690,changed,kept->discarded,doi:10.1016/s0953-5438(97)00006-4
discarded,Yet Another Model! A Study on Model’s Similarities for Defect and Code Smells,Geanderson Esteves dos Santos; Amanda Santana; Gustavo Vale; Eduardo Figueiredo,2023,Lecture notes in computer science,10.1007/978-3-031-30826-0_16,https://openalex.org/W4366449978,adjacent-subtopic,"Abstract Software defect and code smell prediction help developers identify problems in the code and fix them before they degrade the quality or the user experience. The prediction of software defects and code smells is challenging, since it involves many factors inherent to the development process. Many studies propose machine learning models for defects and code smells. However, we have not found studies that explore and compare these machine learning models, nor that focus on the explainability of the models. This analysis allows us to verify which features and quality attributes influence software defects and code smells. Hence, developers can use this information to predict if a class may be faulty or smelly through the evaluation of a few features and quality attributes. In this study, we fill this gap by comparing machine learning models for predicting defects and seven code smells. We trained in a dataset composed of 19,024 classes and 70 software features that range from different quality attributes extracted from 14 Java open-source projects. We then ensemble five machine learning models and employed explainability concepts to explore the redundancies in the models using the top-10 software features and quality attributes that are known to contribute to the defects and code smell predictions. Furthermore, we conclude that although the quality attributes vary among the models, the complexity, documentation, and size are the most relevant. More specifically, Nesting Level Else-If is the only software feature relevant to all models.",openalex,llm,0.850,unreviewed,,doi:10.1007/978-3-031-30826-0_16
discarded,Code smells and refactoring: a tertiary systematic literature review,Abhishilpa Nandini; Randeep Singh; Amit Rathee,2024,International Journal of System of Systems Engineering,10.1504/ijsse.2024.135914,https://openalex.org/W4390695952,adjacent-subtopic,"Software systems with code smells are difficult to maintain and evolve, and this impaired quality raises question marks on their future sustainability. Researchers have spent decades studying refactoring and code smells, which are key factors behind this problem. In lieu of the fact that the literature contains a huge collection of research publications that keeps evolving with time, dealing with code smell and refactoring activities is a challenge. Therefore, this paper targets a tertiary systematic literature survey. It aims at defining code smell and refactoring in general, identifying and analysing various tools and techniques available for code smell along with refactoring, identifying standard datasets available in the literature for the research community, and determining actively tackled code smells. This review paper considers 280 primary research publications collected from leading databases. The presented observations and recommendations are crucial for academic researchers as well as industry professionals.",openalex,llm,0.790,unreviewed,,doi:10.1504/ijsse.2024.135914
discarded,An Analytical Study of Code Smells,Lida Bamizadeh; Bınod Kumar; Ajay Anand Kumar; Shailaja C. Shirwaikar,2021,Tehnički glasnik,10.31803/tg-20210205095410,https://openalex.org/W3135526658,adjacent-subtopic,"Software development process involves developing, building and enhancing high-quality software for specific tasks and as a consequence generates considerable amount of data. This data can be managed in a systematic manner creating knowledge repositories that can be used to competitive advantage. Lesson's learned as part of the development process can also be part of the knowledge bank and can be used to advantage in subsequent projects by developers and software practitioners. Code smells are a group of symptoms which reveal that code is not good enough and requires some actions to have a cleansed code. Software metrics help to detect code smells while refactoring methods are used for removing them. Furthermore, various tools are applicable for detecting of code smells. A Code smell repository organizes all the available knowledge in the literature about code smells and related concepts. An analytical study of code smells is presented in this paper which extracts useful, actionable and indicative knowledge.",openalex,llm,0.840,unreviewed,,doi:10.31803/tg-20210205095410
