status,title,authors,year,venue,doi,url,tags,abstract,provider,decision_source,llm_confidence,llm_review_outcome,llm_change_direction,paper_id
discarded,Integrating computer-aided software engineering and user interface management systems,S. Yang; T.G. Lewis; C.-C. Hsieh,1989,[1989] Proceedings of the Twenty-Second Annual Hawaii International Conference on System Sciences. Volume II: Software Track,10.1109/HICSS.1989.48095,https://ieeexplore.ieee.org/document/48095/,adjacent-subtopic,"Oregon Speedcode Universe (OSU) is a software development environment for design, implementation, and maintenance of large software systems. Designed to be highly visual, OSU combines traditional structured-analysis techniques found in most computer-aided software engineering tools with the advanced graphical user-interface management systems found on most contemporary workstations. The design and implementation of four minute features of OSU are described: (1) the combination of functional decomposition with object-oriented design; (2) alternate architectural views, e.g. call graph, uses graph, object graph, and graphical display of procedures; (3) program understanding tools for design and maintenance; and (4) merging the user-interface specification with design and coding specifications.<>",ieee,llm,0.960,unreviewed,,doi:10.1109/hicss.1989.48095
discarded,Slicing Web application based on hyper graph,Junhua Wu; Baowen Xu; Jixiang Jiang,2004,2004 International Conference on Cyberworlds,10.1109/CW.2004.56,https://ieeexplore.ieee.org/document/1366171/,adjacent-subtopic,"Program slicing is an available method that is widely used in program understanding, analyzing, debugging, testing, maintaining. There are many solutions for slicing procedural program and object-oriented program. But traditional slicing method usually based on PDG and SDG that is not suitable to a Web application because of Web's special characteristics. This paper suggests a kind of slicing method that use hyper graph to define dependency of elements named PDSG (program dependence hyper graph). PDSG can describe dependence of the Web elements better than PDG. This method also makes the slicing algorithm simpler and the slice captured is integrated in semantics.",ieee,llm,0.980,unreviewed,,doi:10.1109/cw.2004.56
discarded,Concepts and experiments in computational reflection,Pattie Maes,1987,,10.1145/38765.38821,https://openalex.org/W2168287017,adjacent-subtopic,"This paper brings some perspective to various concepts in computational reflection. A definition of computational reflection is presented, the importance of computational reflection is discussed and the architecture of languages that support reflection is studied. Further, this paper presents a survey of some experiments in reflection which have been performed. Examples of existing procedural, logic-based and rule-based languages with an architecture for reflection are briefly presented. The main part of the paper describes an original experiment to introduce a reflective architecture in an object-oriented language. It stresses the contributions of this language to the field of object-oriented programming and illustrates the new programming style made possible. The examples show that a lot of programming problems that were previously handled on an ad hoc basis, can in a reflective architecture be solved more elegantly.",openalex,llm,0.940,unreviewed,,doi:10.1145/38765.38821
discarded,Concepts and experiments in computational reflection,Pattie Maes,1987,ACM SIGPLAN Notices,10.1145/38807.38821,https://openalex.org/W3161394903,adjacent-subtopic,"This paper brings some perspective to various concepts in computational reflection. A definition of computational reflection is presented, the importance of computational reflection is discussed and the architecture of languages that support reflection is studied. Further, this paper presents a survey of some experiments in reflection which have been performed. Examples of existing procedural, logic-based and rule-based languages with an architecture for reflection are briefly presented. The main part of the paper describes an original experiment to introduce a reflective architecture in an object-oriented language. It stresses the contributions of this language to the field of object-oriented programming and illustrates the new programming style made possible. The examples show that a lot of programming problems that were previously handled on an ad hoc basis, can in a reflective architecture be solved more elegantly.",openalex,llm,0.940,unreviewed,,doi:10.1145/38807.38821
discarded,Computational reflection in class based object-oriented languages,Jacques Ferber,1989,,10.1145/74877.74910,https://openalex.org/W2066181430,adjacent-subtopic,"This paper describes various models of computational reflection in class based object oriented language. Two different approaches are covered: the meta-object approach which supposes that every object can have a meta-object describing and monitoring its behavior, and the message reification approach which describes a message as an object. The meta-object approach is discussed more fully showing that it is important to differentiate between structural reflection and computational reflection. We will see that, whereas classes and metaclasses are very important for the former, they cannot cope adequately with the later. Therefore we introduce a model of computational reflection where meta-objects are instances of a class META-OBJECT or of one of its subclasses.",openalex,llm,0.980,unreviewed,,doi:10.1145/74877.74910
discarded,Visual pathways for object-oriented action and object recognition: functional anatomy with PET,Isabelle Faillenot,1997,Cerebral Cortex,10.1093/cercor/7.1.77,https://openalex.org/W2071448417,off-topic-false-hit,"The purpose of this study was to identify the functional anatomy of the mechanisms involved in visually guided prehension and in object recognition in humans. The cerebral blood flow of seven subjects was investigated by positron emission tomography. Three conditions were performed using the same set of stimuli. In the 'grasping' condition, subjects were instructed to accurately grasp the objects. In the 'matching' condition, subjects were requested to compare the shape of the presented object with that of the previous one. In the 'pointing' condition (control), subjects pointed towards the objects. The comparison between grasping and pointing showed a regional cerebral blood flow (rCBF) increase in the anterior part of the inferior parietal cortex and part of the posterior parietal cortex. The comparison between grasping and matching showed an rCBF increase in the cerebellum, the left frontal cortex around the central sulcus, the mesial frontal cortex and the left inferior parietal cortex. Finally, the comparison between matching and pointing showed an rCBF increase in the right temporal cortex and the right posterior parietal cortex. Thus object-oriented action and object recognition activate a common posterior parietal area, suggesting that some kind of within-object spatial analysis was processed by this area whatever the goal of the task.",openalex,llm,1.000,unreviewed,,doi:10.1093/cercor/7.1.77
discarded,Using evolutionary algorithms for the unit testing of object-oriented software,Stefan Wappler; Frank Lammermann,2005,,10.1145/1068009.1068187,https://openalex.org/W2118100867,adjacent-subtopic,"As the paradigm of object orientation becomes more and more important for modern IT development projects, the demand for an automated test case generation to dynamically test object-oriented software increases. While search-based test case generation strategies, such as evolutionary testing, are well researched for procedural software, relatively little research has been done in the area of evolutionary object-oriented software testing.This paper presents an approach with which to apply evolutionary algorithms for the automatic generation of test cases for the white-box testing of object-oriented software. Test cases for testing object-oriented software include test programs which create and manipulate objects in order to achieve a certain test goal. Strategies for the encoding of test cases to evolvable data structures as well as ideas about how the objective functions could allow for a sophisticated evaluation are proposed. It is expected that the ideas herein can be adapted for other unit testing methods as well.The approach has been implemented by a prototype for empirical validation. In experiments with this prototype, evolutionary testing outperformed random testing. Evolutionary algorithms could be successfully applied for the white-box testing of object-oriented software.",openalex,llm,0.970,unreviewed,,doi:10.1145/1068009.1068187
discarded,A logic of object-oriented programs,Martı́n Abadi; K. Rustan M. Leino,1997,Lecture notes in computer science,10.1007/bfb0030634,https://openalex.org/W1945350451,adjacent-subtopic,,openalex,llm,0.940,unreviewed,,doi:10.1007/bfb0030634
kept,An empirical study of novice program comprehension in the imperative and object-oriented styles,Vennila Ramalingam; Susan Wiedenbeck,1997,,10.1145/266399.266411,https://openalex.org/W2093017147,qualifies-claim; mot,"The objective of this study was to determine whether the mental representation of object-oriented programs differs from imperative programs for novice programmers.In our study novices who had little or no previous programming experience studied and answered questions about three imperative and three object-oriented programs.The questions targeted information categories making up the program model and the domain model representations of the programs.It was found that there was a sharp contrast between the mental representations of the imperative and object-oriented programs.While the comprehension of the imperative programs was better overall than that of the object-oriented programs, the mental representations of the imperative programs focused on program-level knowledge.On the other hand, the mental representations of the objectoriented programs focused more strongly on domain-level knowledge.The results tend to support the view that language notations differ in how well they support the extraction of various kinds of information.",openalex,llm_reviewed,0.990,confirmed,,doi:10.1145/266399.266411
discarded,Integrating object-oriented data modelling with a rule-based programming paradigm,Filippo Cacace; Stefano Ceri; Stefano Crespi Reghizzi; Letizia Tanca; Roberto V. Zicari,1990,,10.1145/93597.98732,https://openalex.org/W2153320798,adjacent-subtopic,LOGRES is a new project for the development of extended database systems which is based on the integration of the object-oriented data modelling paradigm and of the rule-based approach for the specification of queries and updates.,openalex,llm,0.980,unreviewed,,doi:10.1145/93597.98732
discarded,Evolutionary unit testing of object-oriented software using strongly-typed genetic programming,Stefan Wappler; Joachim Wegener,2006,,10.1145/1143997.1144317,https://openalex.org/W2157215835,adjacent-subtopic,"Evolutionary algorithms have successfully been applied to software testing. Not only approaches that search for numeric test data for procedural test objects have been investigated, but also techniques for automatically generating test programs that represent object-oriented unit test cases. Compared to numeric test data, test programs optimized for object-oriented unit testing are more complex. Method call sequences that realize interesting test scenarios must be evolved. An arbitrary method call sequence is not necessarily feasible due to call dependences which exist among the methods that potentially appear in a method call sequence. The approach presented in this paper relies on a tree-based representation of method call sequences by which sequence feasibility is preserved throughout the entire search process. In contrast to other approaches in this area, neither repair of individuals nor penalty mechanisms are required. Strongly-typed genetic programming is employed to generate method call trees. In order to deal with runtime exceptions, we use an extended distance-based fitness function. We performed experiments with four test objects. The initial results are promising: high code coverages were achieved completely automatically for all of the test objects.",openalex,llm,0.980,unreviewed,,doi:10.1145/1143997.1144317
discarded,Applying object-oriented analysis and design,Jean-Marc Nerson,1992,Communications of the ACM,10.1145/130994.130997,https://openalex.org/W2048898071,adjacent-subtopic,"Applying Object-Oriented Analysis and Design:ional analysis and design techniques imply constant paradigm shifts, since manipulate different concepts at each different phase of software developt.The object-oriented technique offers a seamless process that helps viewing the software architecture in terms of problem space elements.•This article presents an analysis and design technique relying on a set of notations and guidelines.It promotes a descriptive method that addresses both analysis and design issues.Key criteria have guided the definition of the technique: scalability, reverse engineering support, documentation aid, structuring mechanisms, systematic design support and component management support.A case study shows how the technique works and fosters the production of reusable components.",openalex,llm,0.860,unreviewed,,doi:10.1145/130994.130997
discarded,A Precise Method-Method Interaction-Based Cohesion Metric for Object-Oriented Classes,Jehad Al Dallal; Lionel Briand,2012,ACM Transactions on Software Engineering and Methodology,10.1145/2089116.2089118,https://openalex.org/W2014412501,adjacent-subtopic,"The building of highly cohesive classes is an important objective in object-oriented design. Class cohesion refers to the relatedness of the class members, and it indicates one important aspect of the class design quality. A meaningful class cohesion metric helps object-oriented software developers detect class design weaknesses and refactor classes accordingly. Several class cohesion metrics have been proposed in the literature. Most of these metrics are applicable based on low-level design information such as attribute references in methods. Some of these metrics capture class cohesion by counting the number of method pairs that share common attributes. A few metrics measure cohesion more precisely by considering the degree of interaction, through attribute references, between each pair of methods. However, the formulas applied by these metrics to measure the degree of interaction cause the metrics to violate important mathematical properties, thus undermining their construct validity and leading to misleading cohesion measurement. In this paper, we propose a formula that precisely measures the degree of interaction between each pair of methods, and we use it as a basis to introduce a low-level design class cohesion metric (LSCC). We verify that the proposed formula does not cause the metric to violate important mathematical properties. In addition, we provide a mechanism to use this metric as a useful indicator for refactoring weakly cohesive classes, thus showing its usefulness in improving class cohesion. Finally, we empirically validate LSCC. Using four open source software systems and eleven cohesion metrics, we investigate the relationship between LSCC, other cohesion metrics, and fault occurrences in classes. Our results show that LSCC is one of three metrics that explains more accurately the presence of faults in classes. LSCC is the only one among the three metrics to comply with important mathematical properties, and statistical analysis shows it captures a measurement dimension of its own. This suggests that LSCC is a better alternative, when taking into account both theoretical and empirical results, as a measure to guide the refactoring of classes. From a more general standpoint, the results suggest that class quality, as measured in terms of fault occurrences, can be more accurately explained by cohesion metrics that account for the degree of interaction between each pair of methods.",openalex,llm,0.990,unreviewed,,doi:10.1145/2089116.2089118
discarded,Object-oriented simulation,Jeff Rothenberg,1986,,10.1145/318242.318478,https://openalex.org/W2009052619,adjacent-subtopic,"Object-oriented simulation provides a rich and lucid paradigm for building computerized models of real-world phenomena. Its strength lies in its ability to represent objects and their behaviors and interactions in a cogent form that can be designed, evolved and comprehended by domain experts as well as system analysts. It allows encapsulating objects (to hide irrelevant details of their implementation) and viewing the behavior of a model at a meaningful level. It represents special relations among objects (class-subclass hierarchies) and provides “inheritance” of attributes and behaviors along with limited taxonomic inference over these relations. It represents interactions among objects by “messages” sent between them, which provides a natural way of modeling many interactions. Despite these achievements, however, there remain several largely unexplored areas of need, requiring advances in the power and flexibility of modeling, in the representation of knowledge, in the integration of different modeling paradigms, and in the comprehensibility, scalability and reusability of models.",openalex,llm,0.890,unreviewed,,doi:10.1145/318242.318478
kept,An Observational Study on the Maintainability Characteristics of the Procedural and Object-oriented Programming Paradigms,"Brborich, Wladymir; Oscullo, Bryan; Lascano, Jorge Edison; Clyde, Stephen",2020,2020 IEEE 32ND CONFERENCE ON SOFTWARE ENGINEERING EDUCATION AND TRAINING (CSEE&T),,https://www.webofscience.com/wos/woscc/full-record/WOS:000651583800008,qualifies-claim,"This paper presents an observational study that takes an initial step towards answering the question of how the selection of a programming paradigm affects the maintainability of a software system. Answers to this question are important because they can provide insight on how the maintainability characteristics of different programming paradigms could be leveraged to improve software-engineering education. The observational study compares developers' effectiveness and speed performing pre-determined maintenance tasks on two equivalent variations of a web-based application: one based on Procedural Programming and one based on Object-Oriented Programming. Presented within this paper are the study's design, metrics measuring maintenance effectiveness and speed, and a statistical analysis of the results, which provides evidence that the maintainability characteristics of the two paradigms are different within the context of this research. In addition, as an observational study, some of its important contributions are lessons learned about the experiment design process and ideas for new hypotheses. These are presented in preparation for a future, broader research, and larger-scale experiment. Finally, we discuss some forward-thinking ideas about how differences in the maintenance characteristics of programming paradigms may influence on software-engineering education.",wos,llm,1.000,unreviewed,,hash:c1edfdfb48aaa70f
discarded,An Efficient Method for Speeding up Large-Scale Data Transfer Process to Database: A Case Study,"Sasmito, Ginanjar Wiro; Nishom, M.",2019,INTERNATIONAL JOURNAL OF ADVANCED COMPUTER SCIENCE AND APPLICATIONS,,https://www.webofscience.com/wos/woscc/full-record/WOS:000510189200055,adjacent-subtopic,"Among the of characteristics of Large Data complexity comprising of volume, velocity, variety, and veracity (4Vs), this paper focuses on the volume to ensure a better performance of data extract, transform, and load processes in the context of data migration from one server to the other due to the necessity of update to the population data of Tegal City. An approach often used by most programmers in the Department of Population and Civil Registration of Tegal City is conducting the transfer process by transferring all available data (in specific file format) to the database server regardless of the file size. It is prone to errors that may disrupt the data transfer process like timeout, oversized data package, or even lengthy execution time due to large data size. The research compares several approaches to extract, transform, and load/transfer large data to a new server database using a command line and native-PHP programming language (object-oriented and procedural style) with different file format targets, namely SQL, XML, and CSV. The performance analysis that we conducted showed that the big scale data transfer method using LOAD DATA INFILE statement with comma-separated value (CSV) data source extension is the fastest and effective, therefore recommendable.",wos,llm,0.950,unreviewed,,hash:9530aca454393bd8
