status,title,authors,year,venue,doi,url,tags,abstract,provider,decision_source,llm_confidence,llm_review_outcome,llm_change_direction,paper_id
discarded,Dismantling Equipment Design Method Based on Function to Structure Mapping,D. Yang,2019,Zhongguo Jixie Gongcheng China Mechanical Engineering,10.3969/j.issn.1004-132X.2019.11.003,https://www.scopus.com/inward/record.uri?partnerID=HzOxMe3b&scp=85067784390&origin=inward,off-topic-false-hit,,scopus,llm,0.990,unreviewed,,doi:10.3969/j.issn.1004-132x.2019.11.003
discarded,Metamodelling architecture for computer aided design of mechanical systems,V. Mezhuyev,2019,ACM International Conference Proceeding Series,10.1145/3339363.3339380,https://www.scopus.com/inward/record.uri?partnerID=HzOxMe3b&scp=85069757794&origin=inward,off-topic-false-hit,,scopus,llm,0.890,unreviewed,,doi:10.1145/3339363.3339380
discarded,Modeling and coverage analysis of programs with exception handling,E.S.F. Najumudheen,2019,ACM International Conference Proceeding Series,10.1145/3299771.3299785,https://www.scopus.com/inward/record.uri?partnerID=HzOxMe3b&scp=85123042559&origin=inward,adjacent-subtopic,,scopus,llm,0.960,unreviewed,,doi:10.1145/3299771.3299785
discarded,Software Component Reusability Classification in Functional Paradigm,D. Manjhi,2019,Proceedings of 2019 3rd IEEE International Conference on Electrical Computer and Communication Technologies Icecct 2019,10.1109/ICECCT.2019.8869123,https://www.scopus.com/inward/record.uri?partnerID=HzOxMe3b&scp=85074372542&origin=inward,adjacent-subtopic,,scopus,llm,0.960,unreviewed,,doi:10.1109/icecct.2019.8869123
discarded,Shallow EDSLs and Object-Oriented Programming: Beyond Simple Compositionality,W. Zhang,2019,Art Science and Engineering of Programming,10.22152/programming-journal.org/2019/3/10,https://www.scopus.com/inward/record.uri?partnerID=HzOxMe3b&scp=85128963608&origin=inward,adjacent-subtopic,,scopus,llm,0.910,unreviewed,,doi:10.22152/programming-journal.org/2019/3/10
discarded,An efficient method for speeding up large-scale data transfer process to database: A case study,G.W. Sasmito,2019,International Journal of Advanced Computer Science and Applications,10.14569/ijacsa.2019.0101255,https://www.scopus.com/inward/record.uri?partnerID=HzOxMe3b&scp=85078494290&origin=inward,adjacent-subtopic,,scopus,llm,0.980,unreviewed,,doi:10.14569/ijacsa.2019.0101255
discarded,Incremental transformation of procedural systems to object oriented platforms,Ying Zou; K. Kontagiannis,2003,Proceedings 27th Annual International Computer Software and Applications Conference. COMPAC 2003,10.1109/CMPSAC.2003.1245356,https://ieeexplore.ieee.org/document/1245356/,adjacent-subtopic,"Over the past years, the reengineering of legacy software systems to object oriented platforms has received significant attention. In this paper, we present a generic re-engineering source code transformation framework to support the incremental migration of such procedural legacy systems to object oriented platforms. First, a source code representation framework that uses a generic domain model for procedural languages allows for the representation of abstract syntax trees as XML documents. Second, a set of transformations allow for the identification of object models in specific parts of the legacy source code. In this way, the migration process is applied incrementally on different parts of the system. A clustering technique is used to decompose a program into a set of smaller components that are suitable for the incremental migration process. Finally, the migration process gradually composes the object models obtained at every stage to generate an amalgamated object model for the whole system. . A case study for the migration of a medium size C system to C++ is discussed as a proof of concept.",ieee,llm,0.910,unreviewed,,doi:10.1109/cmpsac.2003.1245356
kept,An empirical comparison of modularity of procedural and object-oriented software,L.K. Ferrett; J. Offutt,2002,"Eighth IEEE International Conference on Engineering of Complex Computer Systems, 2002. Proceedings.",10.1109/ICECCS.2002.1181510,https://ieeexplore.ieee.org/document/1181510/,supports-claim; stod,A commonly held belief is that applications written in object-oriented languages are more modular than those written in procedural languages. This paper presents results from an experiment that examines this hypothesis. Open source and industrial program modules written in the procedural languages of Fortran and C were compared with open source program modules written in the object-oriented languages of C++ and Java. The metrics examined in this study were lines of code per module and number of parameters per module. The results of the investigation support the hypothesis. The modules of the object-oriented programs were found to be half the size of those of the procedural programs and the average number of parameters per module for the object-oriented programs was approximately half that of the procedural programs. Thus the object-oriented programs were twice as modular as the procedural programs. An unexpected result was that the C++ programs were found to be no more modular than the C programs.,ieee,llm_reviewed,0.990,confirmed,,doi:10.1109/iceccs.2002.1181510
discarded,"Computational Thinking, Object-Oriented Programming to Role-Based Collaboration",Ke Gong; Haibin Zhu; Tianshuo Yang,2025,2025 1st International Symposium on E-CARGO and Applications (E-CARGO),10.1109/E-CARGO65996.2025.11139209,https://ieeexplore.ieee.org/document/11139209/,adjacent-subtopic,"Computational Thinking (CT) promotes the systematic resolution of complex interdisciplinary problems through abstraction, decomposition, pattern recognition, and modularization. As an extension of scientific reasoning, CT enhances problem modeling, resource allocation, and decision-making efficiency across various domains. This paper examines the fundamental principles of CT and demonstrates its practical applications in Object-Oriented Programming (OOP) and the E-CARGO model. Furthermore, it presents a case study on immigration policy making, illustrating how abstraction and classification improve problem modeling, while divide-and-conquer techniques enable computation and task assignment. The experimental results validate the superiority of CT-driven methods over traditional approaches in speed, accuracy, and cost-effectiveness. By integrating human reasoning with computational methodologies, CT provides a fundamental methodology for addressing large-scale optimization challenges, advancing both scientific research and applied problem-solving.",ieee,llm,0.920,unreviewed,,doi:10.1109/e-cargo65996.2025.11139209
discarded,Design Thinking Framework to Enhance Object Oriented Design and Problem Analysis Skill in Java Programming Laboratory: An Experience,K. M. M. Rajashekharaiah; Manjula Pawar; Mahesh S. Patil; Nagaratna Kulenavar; G. H. Joshi,2016,"2016 IEEE 4th International Conference on MOOCs, Innovation and Technology in Education (MITE)",10.1109/MITE.2016.048,https://ieeexplore.ieee.org/document/8049082/,adjacent-subtopic,"After being used to a procedural style of programming, programming in an object-oriented style seems to be difficult. The problem analysis skill is also important where it leads to designing solution for complex problems. In the process of problem analysis, it is big challenge for the students to identify classes, attributes, methods and association between the classes from a given problem statement/Scenario and then mapping to program code. The problem analysis is part of design thinking, where it consists of five phases Empathy (Emphasize), Define, Ideate, Prototype and Test. In this course we implemented a modified standard ""Design Thinking Framework"" through structured enquiry assessment, in our framework few phases are overlapping and it is defined using following phases-1. Define, 2. Ideate & Prototype, 3. Test. This framework is add-on to our previous practice where a comprehensive tutorial for ""Object Oriented Thinking"" is conducted first to minimize students difficulties. Also it includes ""laboratory experiment categorization"" to help students in improving problem analysis and design skills. By using the above said approaches, it is observed that the students are able to use object oriented concepts efficiently to solve problems, design solutions and performed better in semester end examination.",ieee,llm,0.960,unreviewed,,doi:10.1109/mite.2016.048
discarded,Case study in migration to object-oriented system structure using design transformation methods,S. Pidaparthi; G. Cysewski,1997,Proceedings. First Euromicro Conference on Software Maintenance and Reengineering,10.1109/CSMR.1997.583021,https://ieeexplore.ieee.org/document/583021/,adjacent-subtopic,"Procedural programming languages are being used extensively in the software industry for a wide range of applications. Most of the old procedural programs used today may not have any documentation which could be used in maintenance processes. There has been a paradigm shift towards object oriented design and programming, from algorithmic decomposition, structured design, and procedural implementation. Hence, there is a growing need to restructure old programs which have a poor architecture during evolutionary processes. It is more economic to restructure existing software into object oriented topology by identifying objects within the subject system than to redesign software starting from scratch. Object identification relies upon program analysis and a study of intercomponent relationships and dependencies. Researchers in re-engineering have proposed some guidelines to identify objects from within the subject systems. Design transformation is the first step in reengineering existing programs, which can be followed by program translation methods to transform a procedural program into the newly identified structure. The paper reports the results of the application of three object identification methods on a sample procedural program. Secondly it provides a design of a system for program component storage and object identification.",ieee,llm,0.840,unreviewed,,doi:10.1109/csmr.1997.583021
discarded,Extensible object oriented reasoning information filtering,S.S. Ge; Y. Liu,2002,Proceedings of the IEEE Internatinal Symposium on Intelligent Control,10.1109/ISIC.2002.1157869,https://ieeexplore.ieee.org/document/1157869/,off-topic-false-hit,"In this paper, we present a new systematic approach of extensible object oriented reasoning information filtering by combining the concept of object oriented, extensible theory with reasoning theory seamlessly. In the extensible object oriented reasoning filtering research, a user's filtering profile is constructed as a profile class including the attributes and values of these attributes of the class. The samples and documents to be filtered are defined as the extensible objects instead of ordinary objects. Using the novel extensible object oriented representation, the learning problem of the user's profile is converted to find the optimized attribute values of the profile class in order to produce the desired output. The principle component analysis is used to select the representative characteristics and help to construct the profile without discarding information that is useful for representing the filtering profile. The principle of filtering is to find the related extensible objects that belong to the profile class. The profile learning procedure is fulfilled by using the simplified neural network approach. Simulation experiments are used to show the effectiveness.",ieee,llm,0.990,unreviewed,,doi:10.1109/isic.2002.1157869
discarded,Using an iconic design tool to teach the object-oriented paradigm,D.J. Bagert; B.A. Calloni,1997,Proceedings Frontiers in Education 1997 27th Annual Conference. Teaching and Learning in an Era of Change,10.1109/FIE.1997.635988,https://ieeexplore.ieee.org/document/635988/,adjacent-subtopic,"Summary form only given. Research was undertaken to answer the following question: can icon-based programming languages be used to teach procedural and object-oriented programming concepts to undergraduate students more effectively than text-based languages? An experiment addressing this question was run using the new teaching materials at Texas Tech, USA. Half of the students used BACCII++ to design C++ in their assignments; the other half used only C++. For the object-oriented course, statistically significant differences were found favoring BACCII++ on programs, exams (which did not use BACCII++) and overall course average. This research has widespread potential significance: if iconic languages perform significantly better than text-based languages in the learning of programming skills for a wide variety of schools and student groups, it could revolutionize how software development skills are taught in every computer-related program in secondary and higher education.",ieee,llm,0.970,unreviewed,,doi:10.1109/fie.1997.635988
discarded,Experimental Analysis of Different Metrics (Object-Oriented and Structural) of Software,Lalji Prasad; Aditi Nagar,2009,"2009 First International Conference on Computational Intelligence, Communication Systems and Networks",10.1109/CICSYN.2009.22,https://ieeexplore.ieee.org/document/5231908/,adjacent-subtopic,"In this paper first investigate the relationships between existing object-oriented metrics (coupling, cohesion) and procedure-oriented metrics (Line of code, Cyclomatic complexity and knot metric) measure the probability of error detection in system classes during testing and is to propose an investigation and analysis strategy to make these kinds of studies more reusable and comparable, a problem which is persistent in the quality measurement. The metrics are first defined and then explained using practical applications finally, a review of the empirical study concerning chosen and coupling metrics and subset of these measures that provide sufficient information is given and metrics providing overlapping information are expelled from the set. The paper defines a new set of operational measures for the conceptual coupling of classes, which are theoretically valid and empirically studied. In this paper, we shows that these metrics capture new dimensions in coupling measurement, compared to existing structural metrics.",ieee,llm,0.780,unreviewed,,doi:10.1109/cicsyn.2009.22
discarded,State Design Pattern Implementation of a DSP processor: A case study of TMS5416C,Tanin Afacan,2011,2011 6th IEEE International Symposium on Industrial and Embedded Systems,10.1109/SIES.2011.5953682,https://ieeexplore.ieee.org/document/5953682/,adjacent-subtopic,"This paper presents an empirical study of the impact of State Design Pattern Implementation on the memory and execution time of popular fixed-point DSP processor from Texas Instruments; TMS320VC5416. Actually, the object-oriented approach is known to introduce a significant performance penalty compared to classical procedural programming. One can find the studies of the object-oriented penalty on the system performance, in terms of execution time and memory overheads in the literature. Since, to the author's best knowledge the study of the overheads of Design Patterns (DP) in the embedded system programming is not widely published in the literature. The main contribution of the paper is to bring further evidence that embedded system software developers have to consider the memory and the execution time overheads of DPs in their implementations. The results of the experiment show that implementation in C++ with DP increases the memory usage and the execution time but meanwhile these overheads would not prevent embedded system software developers to use DPs.",ieee,llm,0.940,unreviewed,,doi:10.1109/sies.2011.5953682
kept,An experimental comparison of the maintainability of object-oriented and structured design documents,L. Briand; C. Bunse; J. Daly; C. Differding,1997,1997 Proceedings International Conference on Software Maintenance,10.1109/ICSM.1997.624239,https://ieeexplore.ieee.org/document/5726943/,qualifies-claim; mot,"Presents a controlled experiment focusing on the following issues. (1) Are object-oriented design documents easier to understand and modify than structured design documents? (2) Must they comply with quality design principles, such as the ones provided by Coad and Yourdon (1991)? (3) What is the impact of such design principles on the understandability and modifiability of design documents? The results of the experiment strongly suggest that such design principles have a beneficial effect on the maintainability of object-oriented design documents. However, there is no strong evidence regarding the alleged higher maintainability of object-oriented design documents over structured design documents. Furthermore, the results suggest that object-oriented design documents are more sensitive to poor design practices, in part because their cognitive complexity becomes increasingly unmanageable. However, as our ability to generalise these results is limited, they should be considered as preliminary, i.e. it is very likely that they can only be generalised to programmers with little object-oriented training. However, such programmers can be commonly found on maintenance projects",ieee,llm_reviewed,1.000,confirmed,,doi:10.1109/icsm.1997.624239
discarded,Difficulties in Learning Structured Programming: A Case Study in UTP,Ahmad Sobri Hashim; Rohiza Ahmad; Muhammad Shafiq Shahrul Amar,2017,2017 7th World Engineering Education Forum (WEEF),10.1109/WEEF.2017.8467151,https://ieeexplore.ieee.org/document/8467151/,adjacent-subtopic,"This study is part of the whole study which is to introduce robotic approach in teaching and learning Structured Programming. Learning programming especially to new students who do not have any prior experience in coding can be a daunting tasks. Structured Programming subject that has been taught in traditional form mainly using input / output screen without students fully understand the concepts. The problems faced by students when they learn programming; they could not visualize how the programs work. Therefore, this study further investigates on the difficulties faced by students in learning Structured Programming. Universiti Teknologi PETRONAS (UTP) has been taken as the case study where the course is currently taught using C++ programming language in which this language is not interactive enough (students write the program, compile and run a black screen). Questionnaire has been distributed to 226 undergraduate students who are currently taking the course. Descriptive and multiple regression analyses have been performed to analyze the data. The results showed that the factors including demography, students' perception, lecturer's teaching method, students' study method and students' ability and attitude contributed toward student's understanding in programming.",ieee,llm,0.980,unreviewed,,doi:10.1109/weef.2017.8467151
discarded,Object-oriented development,Grady Booch,1986,IEEE Transactions on Software Engineering,10.1109/TSE.1986.6312937,https://ieeexplore.ieee.org/document/6312937/,adjacent-subtopic,"Object-oriented development is a partial-lifecycle software development method in which the decomposition of a system is based upon the concept of an object. This method is fundamentally different from traditional functional approaches to design and serves to help manage the complexity of massive software-intensive systems. The paper examines the process of object-oriented development as well as the influences upon this approach from advances in abstraction mechanisms, programming languages, and hardware. The concept of an object is central to object-oriented development and so the properties of an object are discussed in detail. The paper concludes with an examination of the mapping of object-oriented techniques to Ada® using a design case study",ieee,llm,0.860,unreviewed,,doi:10.1109/tse.1986.6312937
discarded,Creating user interfaces with Agentsheets,A. Repenning,1991,[Proceedings] 1991 Symposium on Applied Computing,10.1109/SOAC.1991.143873,https://ieeexplore.ieee.org/document/143873/,adjacent-subtopic,"Building user interfaces with tool boxes has limitations. Most of them allow users to build basic interfaces efficiently on a high level of abstraction. However, when users have needs for new building blocks, which cannot be composed of existing ones, users have to fall back on the low level of abstraction provided by conventional programming languages. Agentsheets address this problem by introducing an intermediate level of abstraction between high-level building-blocks and the level of conventional programming languages. They provide a means for the incremental definition of the behavior as well as of the 'look' of artifacts. The author gives a short introduction to Agentsheets and then elaborates the concepts in form of a case study describing the process of building a new front-end for a commercial expert system with Agentsheets.<>",ieee,llm,0.980,unreviewed,,doi:10.1109/soac.1991.143873
