status,title,authors,year,venue,doi,url,tags,abstract,provider,decision_source,llm_confidence,llm_review_outcome,llm_change_direction,paper_id
discarded,Assessing software system maintainability using structural measures and expert assessments,"Anda, Bente",2007,2007 IEEE INTERNATIONAL CONFERENCE ON SOFTWARE MAINTENANCE,,https://www.webofscience.com/wos/woscc/full-record/WOS:000253832800032,adjacent-subtopic,"Software maintenance is often expensive; hence, strategies for assessing the maintainability of complete software systems are important. Nevertheless, a software client usually has few means of assessing the maintainability of a software system as part of the acquisition process. Assessing the maintainability, of complete systems is difficult due to the influence, of many factors, such as the people, tasks and tools, in addition to the code. Furthermore, most research on maintainability focuses on individual classes of individual systems.

This paper describes an empirical study in which the maintainability of four functionally equivalent systems developed in Java was assessed using both structural measures and expert assessments. The results suggest that such a combination may be useful. Although the assessment based on structural measures mostly corresponded with the expert assessments, there were several examples of potential problems regarding maintainability that were not captured by the structural measures.",wos,llm,0.940,unreviewed,,hash:c4f0ad86068eeb57
discarded,API-based and information-theoretic metrics for measuring the quality of software modularization,"Sarkar, Santonu; Rama, Girish Maskeri; Kak, Avinash C.",2007,IEEE TRANSACTIONS ON SOFTWARE ENGINEERING,,https://www.webofscience.com/wos/woscc/full-record/WOS:000242312200002,adjacent-subtopic,"We present in this paper a new set of metrics that measure the quality of modularization of a non-object-oriented software system. We have proposed a set of design principles to capture the notion of modularity and defined metrics centered around these principles. These metrics characterize the software from a variety of perspectives: structural, architectural, and notions such as the similarity of purpose and commonality of goals. (By structural, we are referring to intermodule coupling-based notions, and by architectural, we mean the horizontal layering of modules in large software systems.) We employ the notion of API (Application Programming Interface) as the basis for our structural metrics. The rest of the metrics we present are in support of those that are based on API. Some of the important support metrics include those that characterize each module on the basis of the similarity of purpose of the services offered by the module. These metrics are based on information-theoretic principles. We tested our metrics on some popular open-source systems and some large legacy-code business applications. To validate the metrics, we compared the results obtained on human-modularized versions of the software (as created by the developers of the software) with those obtained on randomized versions of the code. For randomized versions, the assignment of the individual functions to modules was randomized.",wos,llm,0.970,unreviewed,,hash:39d7a1470ff4877d
discarded,An empirical study of software maintenance of a web-based Java application,"Lee, MG; Jefferson, TL",2005,ICSM 2005: PROCEEDINGS OF THE 21ST IEEE INTERNATIONAL CONFERENCE ON SOFTWARE MAINTENANCE,,https://www.webofscience.com/wos/woscc/full-record/WOS:000234333200056,qualifies-claim; adjacent-subtopic,"This paper presents an empirical study detailing software maintenance for web-based Java applications to aid in understanding and predicting the software maintenance category and effort. The specific application described is a Java web-based administrative application in the e-Government arena The application is based on the design of an open source model-view-controller framework. The domain factors, which also provide contextual references, are described based on Kitchenham et al.'s software maintenance ontology. This paper characterizes the number of fault reports and maintenance effort for each maintenance category. This study finds that the distribution of software maintenance effort in this observed web-based Java application is similar to the distribution in previous software maintenance studies, which analyzed non object-oriented and non web-based applications.",wos,llm_reviewed,0.780,changed,kept->discarded,hash:695cee0cb668c0a0
discarded,RECOVERY OF OBJECT-ORIENTED DESIGN FROM EXISTING DATA-INTENSIVE BUSINESS PROGRAMS,"TAN, HBK; LING, TW",1995,INFORMATION AND SOFTWARE TECHNOLOGY,,https://www.webofscience.com/wos/woscc/full-record/WOS:A1995QM61900001,adjacent-subtopic,"Extracting object-oriented designs from non-object-oriented data-intensive business programs is an important issue in software re-engineering and maintenance, In this paper, an augmented object model for specifying data-intensive business programs is proposed. Consequently, a methodology for the recovery of a specification using the proposed model from an existing data-intensive business program is proposed, The specification recovered represents an object-oriented design of the program. The design is expressed in terms of real-world application objects and operations and can be reused in similar applications.",wos,llm,0.970,unreviewed,,hash:c434a693438dd440
discarded,AN OBJECT FINDER FOR PROGRAM STRUCTURE UNDERSTANDING IN SOFTWARE MAINTENANCE,"OGANDO, RM; YAU, SS; LIU, SS; WILDE, N",1994,JOURNAL OF SOFTWARE MAINTENANCE-RESEARCH AND PRACTICE,,https://www.webofscience.com/wos/woscc/full-record/WOS:A1994PQ12700003,adjacent-subtopic,"The maintenance or re-engineering of a program usually begins with considerable effort in understanding the program structure.  In this paper, an interactive tool for understanding the structure of non-object-oriented programs, known as the Object Finder, is presented.  The structure of a program is defined in terms of the groupings of routines and data into modules within the program and the hierarchical relationships among the modules.  The Object Finder incorporates two complementary approaches, one being top-down and the other bottom-up, to assist the software engineer in understanding the structure of a program based on the object-like features found in the program.  In the top-down approach, the user obtains an overall understanding of the entire program as a collection of hierarchically organized objects.  In the bottom-up approach, the user obtains a view of the information which is closely related to the components under examination.

In both approaches, two methods are used to identify the objects in a program written in a non-object-oriented programming language.  These methods identify sets of objects based on the data bindings and on the type bindings found in a program.  An object is considered as a collection of routines, types, and/or data items of the program.  The Object Finder combines the top-down and bottom-up approaches while using human input to guide the object identification process.  Two examples of using this Object Finder are also presented to demonstrate the capabilities of the approaches to assist the software engineer in attaining a high-level understanding of the program structure.",wos,llm,0.960,unreviewed,,hash:65b16eed19546e06
discarded,BiTE: A Bitemporal Event-Centered Database Framework for Dynamic Aeronautical Information State Management,T. Wei,2026,Information Switzerland,10.3390/info17070710,https://www.scopus.com/inward/record.uri?partnerID=HzOxMe3b&scp=105046193792&origin=inward,adjacent-subtopic,,scopus,llm,0.890,unreviewed,,doi:10.3390/info17070710
discarded,"NOPL - Notification Oriented Programming Language - A New Language, and Its Application to Program a Robotic Soccer Team",J.A. Fabro,2021,Lecture Notes in Computer Science Including Subseries Lecture Notes in Artificial Intelligence and Lecture Notes in Bioinformatics,10.1007/978-3-030-86230-5_35,https://www.scopus.com/inward/record.uri?partnerID=HzOxMe3b&scp=85115448075&origin=inward,adjacent-subtopic,,scopus,llm,0.880,unreviewed,,doi:10.1007/978-3-030-86230-5_35
discarded,Scalable and Accurate Detection of Function Clones in Software Using Multithreading,M.K. Singh,2020,Studies in Computational Intelligence,10.1007/978-3-030-26574-8_3,https://www.scopus.com/inward/record.uri?partnerID=HzOxMe3b&scp=85070500083&origin=inward,adjacent-subtopic,,scopus,llm,0.970,unreviewed,,doi:10.1007/978-3-030-26574-8_3
discarded,Towards a Generalizable Comparison of the Maintainability of Object-Oriented and Service-Oriented Applications,J. Bogner,2020,Communications in Computer and Information Science,10.1007/978-3-030-63161-1_9,https://www.scopus.com/inward/record.uri?partnerID=HzOxMe3b&scp=85097814491&origin=inward,adjacent-subtopic,,scopus,llm,0.960,unreviewed,,doi:10.1007/978-3-030-63161-1_9
discarded,Prioritization of Unit Testing on non-object oriented using a top-down based approach,A. Kheirkhah,2014,2014 8th Malaysian Software Engineering Conference Mysec 2014,10.1109/MySec.2014.6985991,https://www.scopus.com/inward/record.uri?partnerID=HzOxMe3b&scp=84929353398&origin=inward,adjacent-subtopic,,scopus,llm,0.970,unreviewed,,doi:10.1109/mysec.2014.6985991
discarded,Quantifying the effect of code smells on maintenance effort,D.I.K. Sjoberg,2013,IEEE Transactions on Software Engineering,10.1109/TSE.2012.89,https://www.scopus.com/inward/record.uri?partnerID=HzOxMe3b&scp=84881061684&origin=inward,adjacent-subtopic,,scopus,llm,0.960,unreviewed,,doi:10.1109/tse.2012.89
discarded,Systems evolution and software reuse in object-oriented programming and aspect-oriented programming,A. Przybyłek,2011,Lecture Notes in Computer Science Including Subseries Lecture Notes in Artificial Intelligence and Lecture Notes in Bioinformatics,10.1007/978-3-642-21952-8_13,https://www.scopus.com/inward/record.uri?partnerID=HzOxMe3b&scp=79960186023&origin=inward,adjacent-subtopic,,scopus,llm,0.920,unreviewed,,doi:10.1007/978-3-642-21952-8_13
discarded,An approach using formal concept analysis to object extraction in legacy code,C.C. Chiang,2009,Studies in Computational Intelligence,10.1007/978-3-642-01203-7_14,https://www.scopus.com/inward/record.uri?partnerID=HzOxMe3b&scp=65749083483&origin=inward,adjacent-subtopic,,scopus,llm,0.970,unreviewed,,doi:10.1007/978-3-642-01203-7_14
discarded,AspectC2C: A symmetric aspect extension to the C language,D. Zhang,2008,ACM SIGPLAN Notices,,https://www.scopus.com/inward/record.uri?partnerID=HzOxMe3b&scp=67650815693&origin=inward,adjacent-subtopic,,scopus,llm,0.970,unreviewed,,hash:667424364e6b14c0
discarded,Automated testing of generic computational science libraries,K. Sayre,2007,Proceedings of the Annual Hawaii International Conference on System Sciences,10.1109/HICSS.2007.97,https://www.scopus.com/inward/record.uri?partnerID=HzOxMe3b&scp=39749111287&origin=inward,adjacent-subtopic,,scopus,llm,0.950,unreviewed,,doi:10.1109/hicss.2007.97
discarded,API-based and information-theoretic metrics for measuring the quality of software modularization,S. Sarkar,2007,IEEE Transactions on Software Engineering,10.1109/TSE.2007.256942,https://www.scopus.com/inward/record.uri?partnerID=HzOxMe3b&scp=33845752564&origin=inward,adjacent-subtopic,,scopus,llm,0.970,unreviewed,,doi:10.1109/tse.2007.256942
discarded,Development of a forage growth component in the object modeling system,A.A. Andales,2005,2005 ASAE Annual International Meeting,,https://www.scopus.com/inward/record.uri?partnerID=HzOxMe3b&scp=70349104724&origin=inward,off-topic-false-hit,,scopus,llm,0.880,unreviewed,,hash:0c03d72ce0b4938f
discarded,An empirical study of software maintenance of a web-based Java application,M.G. Lee,2005,IEEE International Conference on Software Maintenance Icsm,10.1109/ICSM.2005.19,https://www.scopus.com/inward/record.uri?partnerID=HzOxMe3b&scp=33646918609&origin=inward,qualifies-claim; adjacent-subtopic,,scopus,llm_reviewed,0.780,changed,kept->discarded,doi:10.1109/icsm.2005.19
kept,An empirical investigation of the impact of the object-oriented paradigm on the maintainability of real-world mission-critical software,J.S. Lim,2005,Journal of Systems and Software,10.1016/j.jss.2004.11.004,https://www.scopus.com/inward/record.uri?partnerID=HzOxMe3b&scp=18144405013&origin=inward,supports-claim; stod,,scopus,llm_reviewed,0.850,confirmed,,doi:10.1016/j.jss.2004.11.004
discarded,Using object oriented analysis and design in a non-object oriented environment - experience report,K. Williams,1995,Conference on Software Maintenance,,https://www.scopus.com/inward/record.uri?partnerID=HzOxMe3b&scp=0029505268&origin=inward,adjacent-subtopic,,scopus,llm,0.720,unreviewed,,hash:e56484b5dbea6836
discarded,Workshop on object-oriented legacy systems and software evolution,A. Taivalsaari,1995,Proceedings of the Conference on Object Oriented Programming Systems Languages and Applications OOPSLA,10.1145/260094.260276,https://www.scopus.com/inward/record.uri?partnerID=HzOxMe3b&scp=0029462148&origin=inward,adjacent-subtopic,,scopus,llm,0.990,unreviewed,,doi:10.1145/260094.260276
discarded,Recovery of object-oriented design from existing data-intensive business programs,H. Tan,1995,Information and Software Technology,10.1016/0950-5849(95)93484-V,https://www.scopus.com/inward/record.uri?partnerID=HzOxMe3b&scp=0029236561&origin=inward,adjacent-subtopic,,scopus,llm,0.970,unreviewed,,doi:10.1016/0950-5849(95)93484-v
discarded,"Developing a company wide estimating, design and installation system [protect] using object-oriented programming",C.K. Leung,1994,IEE Colloquium Digest,,https://www.scopus.com/inward/record.uri?partnerID=HzOxMe3b&scp=0028194793&origin=inward,adjacent-subtopic,,scopus,llm,0.840,unreviewed,,hash:7c3c67d61a7b77c7
discarded,An object finder for program structure understanding in software maintenance,R.M. Ogando,1994,Journal of Software Maintenance Research and Practice,10.1002/smr.4360060504,https://www.scopus.com/inward/record.uri?partnerID=HzOxMe3b&scp=0028515677&origin=inward,adjacent-subtopic,,scopus,llm,0.960,unreviewed,,doi:10.1002/smr.4360060504
discarded,Migration of procedurally oriented COBOL programs in an object-oriented architecture,H.M. Sneed,1992,Proceedings Conference on Software Maintenance Icsm 1992,10.1109/ICSM.1992.242552,https://www.scopus.com/inward/record.uri?partnerID=HzOxMe3b&scp=85061594402&origin=inward,adjacent-subtopic,,scopus,llm,0.780,unreviewed,,doi:10.1109/icsm.1992.242552
kept,A controlled experiment to evaluate maintainability of object-oriented software,S.M. Henry,1990,Conference on Software Maintenance,,https://www.scopus.com/inward/record.uri?partnerID=HzOxMe3b&scp=0025511637&origin=inward,supports-claim; stod,,scopus,llm_reviewed,0.930,confirmed,,hash:172d815926954826
