status,title,authors,year,venue,doi,url,tags,abstract,provider,decision_source,llm_confidence,llm_review_outcome,llm_change_direction,paper_id
discarded,Migrating from legacy to SoA (Invited Talk),Harry M. Sneed,2015,2015 IEEE 9th International Symposium on the Maintenance and Evolution of Service-Oriented and Cloud-Based Environments (MESOCA),10.1109/MESOCA.2015.7328119,https://ieeexplore.ieee.org/document/7328119/,adjacent-subtopic,This presentation discusses a strategy for migrating to a service-oriented architecture. The starting point is legacy code in a procedural or object-oriented language. The result is a set of web services that can be accessed in a private or public cloud. The technique used is to cut out selected portions of code and to wrap them behind a service interface. The code itself can be left in the original language. The service interface is in WSDL. The speaker describes how to go about selecting code for reuse and how to extract that code from its current environment. Case studies are given for the languages COBOL and Java. The presentation then goes on to describe how to test the services using a web service testing tool which generates artificial requests from the service interface definition and validates the responses against the assertions provided by the tester.,ieee,llm,0.950,unreviewed,,doi:10.1109/mesoca.2015.7328119
discarded,An application of object-oriented design for communication control systems,K. Kajihara; S. Yamazaki; T. Yamashita; M. Ito,1990,"Proceedings., Fourteenth Annual International Computer Software and Applications Conference",10.1109/CMPSAC.1990.139319,https://ieeexplore.ieee.org/document/139319/,supports-claim; adjacent-subtopic,"The authors present what is believed to be the first concrete object-oriented design (OOD) of a practical communication control system. First, all terms which are needed to describe target system behavior are unified by all designers, and listed. Next, objects are made from the term list, and operations found in target system behavior are added to the objects. The behavior of the target system is described by the objects. Finally, implementation modules are made from objects. The resulting OOD program is compared with a traditional functional decomposition design method program, and it shows an increase in extensibility and reliability, and a decrease in complexity.<>",ieee,llm_reviewed,0.940,changed,kept->discarded,doi:10.1109/cmpsac.1990.139319
discarded,The Verilog Procedural Interface for the Verilog Hardware Description Language,C. Dawson; S.K. Pattanam; D. Roberts,1996,Proceedings. IEEE International Verilog HDL Conference,10.1109/IVC.1996.496013,https://ieeexplore.ieee.org/document/496013/,off-topic-false-hit,"The Verilog Procedural Interface is a new C programming interface for the Verilog Hardware Description Language. Different Verilog HDL based tools such as simulators, synthesizers, timing analyzers, and parsers could support this interface for applications which extend the tool's functionality. VPI is part of the IEEE 1364 Programming Language Interface standard. VPI is considered to be the third generation procedural interface to Verilog HDL. The first two generations evolved in conjunction with Verilog-XL and the Verilog HDL. This process resulted in interfaces which lacked consistency and functionality for applications. VPI provides a consistent object-oriented access to the complete Verilog HDL language as described in the IEEE 2364 Language Reference Manual. VPI also provides a well defined interface for supporting Verilog-HDL based simulation. It is believed that this interface can be easily extended to meet future needs. A major portion of the VPI functionality is available in the Verilog-XL 2.2 simulator released in 9502. The complete VPI functionality will be available in the Verilog-XL 2.3 simulator to be released in 9504. The paper briefly discusses the evolution of the Verilog HDL programming language interfaces features of the VPI interface, and a set of possible powerful applications.",ieee,llm,0.990,unreviewed,,doi:10.1109/ivc.1996.496013
discarded,"Object-orientation in software engineering education. Integrating concepts, methodology development models, and CASE in the curriculum",G.R. Lowry,1996,Proceedings 1996 International Conference Software Engineering: Education and Practice,10.1109/SEEP.1996.534019,https://ieeexplore.ieee.org/document/534019/,adjacent-subtopic,"Outlines a strategy for integrating object orientation in a curriculum which must also include structured methods (SM). Proceeding from familiar SM concepts, students rapidly grasp object orientation when OO concept evolution is traced to SM antecedents. Students are helped to distinguish OO approaches through the comparison of unique sequences of procedural steps which comprise methodology-derived development models (MDMs). When OO analysis, design and development are supported by CASE, the software must reify an MDM which is consistent with a familiar software life-cycle. Computer-based tutorials are needed to support student work with CASE. A generic set of OO concepts, derived from an exhaustive study of OO methodologies, is identified. Summary definitions and page references are provided to help students to locate and compare the actual words of the methodologists, enriching their conceptual understanding. Comparative MDMs are illustrated. The paper concludes with recommendations for CASE tutorial development.",ieee,llm,0.950,unreviewed,,doi:10.1109/seep.1996.534019
discarded,Better Safe Than Sorry: Enhancing Arbitration Graphs for Safe and Robust Autonomous Decision-Making,Piotr Spieker; Nick Le Large; Martin Lauer,2025,"2025 IEEE International Conference on Systems, Man, and Cybernetics (SMC)",10.1109/SMC58881.2025.11343055,https://ieeexplore.ieee.org/document/11343055/,off-topic-false-hit,"This paper introduces an extension to the arbitration graph framework designed to enhance the safety and robustness of autonomous systems in complex, dynamic environments. Building on the flexibility and scalability of arbitration graphs, the proposed method incorporates a verification step and structured fallback layers in the decision-making process. This ensures that only verified and safe commands are executed while enabling graceful degradation in the presence of unexpected faults or bugs. The approach is demonstrated using a Pac-Man simulation and further validated in the context of autonomous driving, where it shows significant reductions in accident risk and improvements in overall system safety. The bottom-up design of arbitration graphs allows for an incremental integration of new behavior components. The extension presented in this work enables the integration of experimental or immature behavior components while maintaining system safety by clearly and precisely defining the conditions under which behaviors are considered safe. The proposed method is implemented as a ready to use header-only C++ library, published under the MIT License. Together with the Pac-Man demo, it is available at github.com/KIT-MRT/arbitration_graphs.",ieee,llm,0.990,unreviewed,,doi:10.1109/smc58881.2025.11343055
discarded,Extracting Reusable Object-Oriented Legacy Code Segments with Combined Formal Concept Analysis and Slicing Techniques for Service Integration,Zhuopeng Zhang; Hongji Yang; William C. Chu,2006,2006 Sixth International Conference on Quality Software (QSIC'06),10.1109/QSIC.2006.29,https://ieeexplore.ieee.org/document/4032309/,adjacent-subtopic,"Web services, together with service-oriented architectures, are promising integration technology to facilitate legacy system Webification and evolution. However, a service-oriented re-engineering process is still essential for legacy systems to survive in the service-oriented computing environment. In this service-oriented re-engineering process, understanding and reusing object-oriented code turn to be important activities. In this paper, we proposed a comprehensive approach to support the extraction and integration of reusable object-oriented legacy code. In the extraction phase, formal concept analysis, which is a general and flexible technique for recovering structural design information, and inter-procedural program slicing are adopted as main reverse engineering techniques to recover reusable object-oriented code. In the integration phase, service packaging processes are presented in details. Our approach produces extracted components with core legacy object-oriented code function in Web services by wrapping underlying computing models with XML",ieee,llm,0.970,unreviewed,,doi:10.1109/qsic.2006.29
discarded,Structuring Criteria For Real Time System Design,H. Gomaa,1989,11th International Conference on Software Engineering,10.1109/ICSE.1989.714436,https://ieeexplore.ieee.org/document/714436/,adjacent-subtopic,"This paper discusses and compares the criteria used by different design methods for decomposing a real time system into tasks and modules. The criteria considered are coupling, cohesion and information hiding for module structuring and concurrency for tasks. The Structured Design method uses the module coupling and cohesion criteria. The NRL method and Object Oriented Design use information hiding as the primary criterion for identifying modules and objects respectively. The Darts design method uses a set of task structuring criteria for identifying the concurrent tasks in the system. A new design method for real time systems is introduced that uses both task structuring and information hiding module structuring criteria. The method is described and illustrated by means of an example of an automoble cruise control system.",ieee,llm,0.780,unreviewed,,doi:10.1109/icse.1989.714436
discarded,Maintainability via structure models and software metrics,F. Lanubile; G. Visaggio,1992,Proceedings Fourth International Conference on Software Engineering and Knowledge Engineering,10.1109/SEKE.1992.227900,https://ieeexplore.ieee.org/document/227900/,adjacent-subtopic,"The spur of innovation coming from new technologies and methodologies often leads to poorly integrated systems which evolve with no disciplined management model. The authors suggest a set of conceptual models for representing a system structure, differing as regards abstraction degree (essential vs. language-oriented), decomposition method (functional vs. object-oriented), and target languages. A set of software metrics is applied to system components, to single out the critical areas which require justification. Comparing measures between different versions, variants and degrees of abstraction, enables one to monitor the growth of entropy during software evolution.<>",ieee,llm,0.800,unreviewed,,doi:10.1109/seke.1992.227900
discarded,A Graph Grammar Approach to Artificial Life,Ole Kniemeyer; Gerhard H. Buck-Sorlin; Winfried Kurth,2004,Artificial Life,10.1162/1064546041766451,https://ieeexplore.ieee.org/document/6788871/,off-topic-false-hit,"We present the high-level language of relational growth grammars (RGGs) as a formalism designed for the specification of ALife models. RGGs can be seen as an extension of the well-known parametric Lindenmayer systems and contain rule-based, procedural, and object-oriented features. They are defined as rewriting systems operating on graphs with the edges coming from a set of user-defined relations, whereas the nodes can be associated with objects. We demonstrate their ability to represent genes, regulatory networks of metabolites, and morphologically structured organisms, as well as developmental aspects of these entities, in a common formal framework. Mutation, crossing over, selection, and the dynamics of a network of gene regulation can all be represented with simple graph rewriting rules. This is demonstrated in some detail on the classical example of Dawkins' biomorphs and the ABC model of flower morphogenesis: other applications are briefly sketched. An interactive program was implemented, enabling the execution of the formalism and the visualization of the results.",ieee,llm,0.980,unreviewed,,doi:10.1162/1064546041766451
discarded,Identification and extraction of 'domain independent' components in large programs,F. Cutillo; P. Fiore; G. Visaggio,1993,[1993] Proceedings Working Conference on Reverse Engineering,10.1109/WCRE.1993.287776,https://ieeexplore.ieee.org/document/287776/,adjacent-subtopic,"The problem of the identification and extraction of domain independent components from a large working program lacking complete documentation is addressed. A modified version of Weiser's slice (Direct Slice) is defined, which makes it possible to individuate and extract particular kinds of code segments distributed among many of the modules composing the structure of the working program. Program components may be individuated and aggregated coherently according to the principles of information hiding. The techniques described are characterized by a certain simplicity and can thus be automized. The study is based on the results of an experimental project performed on applicative programs used in the banking sector, characterized by a high grade of difficulty as regards maintenance.<>",ieee,llm,0.970,unreviewed,,doi:10.1109/wcre.1993.287776
discarded,Two-hemisphere driven approach: application for knowledge modeling,O. Nikiforova; M. Kirikova; N. Pavlova,2006,2006 7th International Baltic Conference on Databases and Information Systems,10.1109/DBIS.2006.1678503,https://ieeexplore.ieee.org/document/1678503/,adjacent-subtopic,"Two-hemisphere model driven (2HMD) approach assumes modeling and use of procedural and conceptual knowledge on an equal and related basis. This differentiates 2HMD approach from pure procedural, pure conceptual, and object oriented approaches. The approach may be applied in the context of modeling of a particular business domain as well as in the context of modeling the knowledge about the domain. In educational domain there are twofold application possibilities of 2HMD approach; firstly, in terms of modeling of knowledge to be taught and, secondly, in terms of modeling of educational process aimed at providing a particular knowledge reflected by the two-hemisphere model. Modeling of educational process by 2HMD approach gives an opportunity to transparently analyze and compare knowledge to be provided and knowledge actually provided by courses belonging to a particular study program, and, thus, to identify and fill the gaps between desirable and actual knowledge content",ieee,llm,0.970,unreviewed,,doi:10.1109/dbis.2006.1678503
discarded,Managing software complexity in signal processing research,J. Picone,1993,"1993 IEEE International Conference on Acoustics, Speech, and Signal Processing",10.1109/ICASSP.1993.319430,https://ieeexplore.ieee.org/document/319430/,adjacent-subtopic,"The author describes a large hierarchical software environment, based on C++, developed to support basic research into signal processing. There are two cornerstones of the environment: the signal object file and the math classes. From these, many useful higher-level abstractions have been built, including device-independent audio and modular speech recognition systems. This environment heavily embraces object-oriented programming philosophies and structured programming techniques. To date, it is one of the largest such environments implemented entirely in C++.<>",ieee,llm,0.940,unreviewed,,doi:10.1109/icassp.1993.319430
discarded,Managerial use of metrics for object-oriented software: an exploratory analysis,Shyam R. Chidamber; David P. Darcy; Chris F. Kemerer,1998,IEEE Transactions on Software Engineering,10.1109/32.707698,https://openalex.org/W2117539536,adjacent-subtopic,"With the increasing use of object-oriented methods in new software development, there is a growing need to both document and improve current practice in object-oriented design and development. In response to this need, a number of researchers have developed various metrics for object-oriented systems as proposed aids to the management of these systems. In this research, an analysis of a set of metrics proposed by Chidamber and Kemerer (1994) is performed in order to assess their usefulness for practising managers. First, an informal introduction to the metrics is provided by way of an extended example of their managerial use. Second, exploratory analyses of empirical data relating the metrics to productivity, rework effort and design effort on three commercial object-oriented systems are provided. The empirical results suggest that the metrics provide significant explanatory power for variations in these economic variables, over and above that provided by traditional measures, such as size in lines of code, and after controlling for the effects of individual developers.",openalex,llm,0.960,unreviewed,,doi:10.1109/32.707698
discarded,Applying UML and Patterns: An Introduction to Object-Oriented Analysis and Design and Iterative Development (3rd Edition),Craig Larman,2004,Prentice Hall PTR eBooks,,https://openalex.org/W168126392,adjacent-subtopic,"“This edition contains Larman's usual accurate and thoughtful writing. It is a very good book made even better.” -Alistair Cockburn, author, Writing Effective Use Cases and Surviving OO Projects “Too few people have a knack for explaining things. Fewer still have a handle on software analysis and design. Craig Larman has both.” -John Vlissides, author, Design Patterns and Pattern Hatching “People often ask me which is the best book to introduce them to the world of OO design. Ever since I came across it Applying UML and Patterns has been my unreserved choice.” -Martin Fowler, author, UML Distilled and Refactoring “This book makes learning UML enjoyable and pragmatic by incrementally introducing it as an intuitive language for specifying the artifacts of object analysis and design. It is a well written introduction to UML and object methods by an expert practitioner.” -Cris Kobryn, Chair of the UML Revision Task Force and UML 2.0 Working Group A brand new edition of the world's most admired introduction to object-oriented analysis and design with UML Fully updated for UML 2 and the latest iterative/agile practices Includes an all-new case study illustrating many of the book's key pointsApplying UML and Patterns is the world's #1 business and college introduction to “thinking in objects”-and using that insight in real-world object-oriented analysis and design. Building on two widely acclaimed previous editions, Craig Larman has updated this book to fully reflect the new UML 2 standard, to help you master the art of object design, and to promote high-impact, iterative, and skillful agile modeling practices.Developers and students will learn object-oriented analysis and design (OOA/D) through three iterations of two cohesive, start-to-finish case studies. These case studies incrementally introduce key skills, essential OO principles and patterns, UML notation, and best practices. You won't just learn UML diagrams-you'll learn how to apply UML in the context of OO software development.Drawing on his unsurpassed experience as a mentor and consultant, Larman helps you understand evolutionary requirements and use cases, domain object modeling, responsibility-driven design, essential OO design, layered architectures, “Gang of Four” design patterns, GRASP, iterative methods, an agile approach to the Unified Process (UP), and much more. This edition's extensive improvements include A stronger focus on helping you master OOA/D through case studies that demonstrate key OO principles and patterns, while also applying the UML New coverage of UML 2, Agile Modeling, Test-Driven Development, and refactoring Many new tips on combining iterative and evolutionary development with OOA/D Updates for easier study, including new learning aids and graphics New college educator teaching resources Guidance on applying the UP in a light, agile spirit, complementary with other iterative methods such as XP and Scrum Techniques for applying the UML to documenting architectures A new chapter on evolutionary requirements, and much moreApplying UML and Patterns, Third Edition, is a lucid and practical introduction to thinking and designing with objects-and creating systems that are well crafted, robust, and maintainable.",openalex,llm,0.990,unreviewed,,hash:8c69dd9bba39b9ba
discarded,A field study of the software design process for large systems,Bill Curtis; Herb Krasner; Neil Iscoe,1988,Communications of the ACM,10.1145/50087.50089,https://openalex.org/W2045571829,adjacent-subtopic,"The problems of designing large software systems were studied through interviewing personnel from 17 large projects. A layered behavioral model is used to analyze how three of these problems—the thin spread of application domain knowledge, fluctuating and conflicting requirements, and communication bottlenecks and breakdowns—affected software productivity and quality through their impact on cognitive, social, and organizational processes.",openalex,llm,0.950,unreviewed,,doi:10.1145/50087.50089
