status,title,authors,year,venue,doi,url,tags,abstract,provider,decision_source,llm_confidence,llm_review_outcome,llm_change_direction,paper_id
kept,Comprehending object and process models: An empirical study,"Agarwal, R; De, P; Sinha, AP",1999,IEEE TRANSACTIONS ON SOFTWARE ENGINEERING,,https://www.webofscience.com/wos/woscc/full-record/WOS:000083455900008,qualifies-claim; mot,"Although prior research has compared modeling performance using different systems development methods, there has been little research examining the comprehensibility of models generated by those methods. in this paper, we report the results of an empirical study comparing user comprehension of object-oriented (OO) and process-oriented (PO) models. The fundamental difference is that while OO models tend to focus on structure, PO models tend to emphasize behavior or processes. Proponents of the OO modeling approach argue that it lends itself naturally to the way humans think. However, evidence from research in cognitive psychology and human factors suggests that human problem solving is innately procedural. Given these conflicting viewpoints, we investigate empirically if OO models are in fact easier to understand than PO models. But, as suggested by the theory of cognitive fit, model comprehension may be influenced by task-specific characteristics. We, therefore, compare OO and PO models based on whether the comprehension activity involves: 1) only structural aspects, 2) only behavioral aspects, or 3) a combination of structural and behavioral aspects. We measure comprehension through subjects' responses to questions designed along these three dimensions. Two experiments were conducted, each with a different application and a different group of subjects. Each subject was first trained in both methods, and then participated in one of the two experiments, answering several questions relating to his or her comprehension of an OO or a PO model of a business application. The comprehension questions ranged in complexity from relatively simple (addressing either structural or behavioral aspects) to more complex ones (addressing both structural and behavioral aspects). Results show that for most of the simple questions, no significant difference was observed insofar as model comprehension is concerned. For most of the complex questions, however, the PO model was found to be easier to understand than the OO model. In addition to describing the process and the outcomes of the experiments, we present the experimental method employed as a viable approach for conducting research into various phenomena related to the efficacy of alternative systems analysis and design methods. We also identify areas where future research is necessary, along with a recommendation of appropriate research methods for empirical examination.",wos,llm_reviewed,0.990,confirmed,,hash:604ca4bcd1c5dab3
kept,Mental representations of expert procedural and object-oriented programmers in a software maintenance task,"Corritore, CL; Wiedenbeck, S",1999,INTERNATIONAL JOURNAL OF HUMAN-COMPUTER STUDIES,,https://www.webofscience.com/wos/woscc/full-record/WOS:000078099700003,qualifies-claim,"This study examines the mental representations formed during program comprehension and maintenance by procedural and object-oriented (OO) experts. The programmer's mental representation reflects comprehension of a program and guides tasks carried out on the program, such as debugging and modifications. The goals of the research were three-fold: (a) to determine if and how the mental representations of procedural and OO experts differ, (2) to investigate the initial mental representation formed while comprehending a moderately large program and (3) to examine the evolution of the mental representations of procedural and OO experts over time as they carried out several modifications of the same program. Fifteen expert procedural programmers and 15 expert object-oriented programmers studied and then performed three program modifications during two sessions which were 7-10 days apart. They answered two question sets designed to elicit the categories of knowledge present in their mental representations at different times. The initial mental representation of the OO participants was dominated by problem domain-based knowledge and contained relatively little detailed program information. The procedural participants' initial representation was more balanced, containing domain-based knowledge and also substantial program detail. After performing the modifications, the procedural participants' representations remained essentially the same, while those of the OO participants became more balanced with respect to the program and domain elements. The results suggest that, regardless of paradigm, expert programmers build a mixed mental representation of a larger program, which includes detailed program knowledge as well as domain-based knowledge. (C) 1999 Academic Press.",wos,llm,0.980,unreviewed,,hash:526f1c2571c116a1
kept,Assessing the cognitive consequences of the object-oriented approach: a survey of empirical research on object-oriented design by individuals and teams,"Detienne, F",1997,INTERACTING WITH COMPUTERS,,https://www.webofscience.com/wos/woscc/full-record/WOS:A1997YG18400003,qualifies-claim; lage,"This paper presents a state-of-the-art review of empirical research on object-oriented (OO) design. Many claims about the cognitive benefits of the OO paradigm have been made by its advocates. These claims concern the ease of designing and reusing software at the individual level as well as the benefits of this paradigm at the team level. Since these claims are cognitive in nature, it seems important to assess them empirically. After a brief presentation of the main concepts of the OO paradigm, the claims about the superiority of OO design are outlined.

The core of this paper consists of a review of empirical studies of OO design (OOD). We first discuss results concerning OOD by individuals. On the basis of empirical work, we (1) analyse the design activity of novice OO designers, (2) compare OOD with procedural design and (3) discuss a typology of problems relevant for the OO approach. Then we assess the claims about naturalness and ease of OOD. The next part discusses results on OO software reuse, On the basis of empirical work, we (1) compare reuse in the OO versus the procedural paradigm, (2) discuss the potential for OO software reuse and (3) analyse reuse activity in the OO paradigm. Then we assess claims on reusability. The final part reviews empirical work on OOD by teams. We present results on communication, coordination, knowledge dissemination and interactions with clients. Then we assess claims about OOD at the software design team level.

In a general conclusion, we discuss the limitations of these studies and give some directions for future research. (C) 1997 Elsevier Science B.V.",wos,llm_reviewed,0.990,confirmed,,hash:3fdd6ca2c5e0e567
discarded,Mental representations constructed by experts and novices in object-oriented program comprehension,"Burkhardt, JM; Detienne, F; Wiedenbeck, S",1997,HUMAN-COMPUTER INTERACTION - INTERACT '97,,https://www.webofscience.com/wos/woscc/full-record/WOS:A1997BJ32R00055,adjacent-subtopic,"Previous studies on program comprehension were carried out largely in the context of procedural languages. Our purpose is to develop and evaluate a cognitive model of object-oriented (OO) program understanding. Our model is based on the van Dijk and Kintsch's model of text understanding (1983). One key aspect of this theoretical approach is the distinction between two kinds of representation the reader might construct from a text: the textbase and the situation model. On the basis of results of an experiment we have conducted, we evaluate the cognitive validity of this distinction in OO program understanding. We examine how the construction of these two representations is differentially affected by the programmer's expertise and how they evolve differentially over time.",wos,llm,0.960,unreviewed,,hash:98c5cf691e9a74c9
discarded,Knowledge-based real-time fault detection and supervision of urban drainage systems,"Szafnicki, K; Graillot, D",1996,AUTOMATICA,,https://www.webofscience.com/wos/woscc/full-record/WOS:A1996VE42100012,off-topic-false-hit,"The paper presents the development of a real-time expert system (RTES) for supervision and fault detection in urban drainage systems (UDS). Several vital characteristics of such an expert tool, in which the project is being developed, are recalled. The main aspects of the modelling of the UDS and the detection of faults are outlined and illustrated for the case of a test urban area, north-east of Paris. Procedural knowledge about the behaviour of the UDS is implemented using formulae and procedures. Object-oriented representation enables structuration and formulation of the UDS structure. Rule bases containing expert, heuristic knowledge are written in a quasi-natural language. Knowledge formulation and realtime implementation are illustrated on a RTES-prototype designed with G2 (Gensym Corp.). Copyright (C) 1996 Elsevier Science Ltd.",wos,llm,0.980,unreviewed,,hash:5373b4b90961bcdd
kept,BEYOND OBJECT-ORIENTED TECHNOLOGY - WHERE CURRENT APPROACHES FALL SHORT,"FISCHER, G; REDMILES, D; WILLIAMS, L; PUHR, GI; AOKI, A; NAKAKOJI, K",1995,HUMAN-COMPUTER INTERACTION,,https://www.webofscience.com/wos/woscc/full-record/WOS:A1995QQ26200003,qualifies-claim; lage,"Object-oriented (OO) technology has been heralded as a solution to the problems of software engineering. The claims are that OO technology promotes understandability, extensibility, evolvability, reusability, and maintainability of systems and that OO systems are easy to understand and use. However, this technology has not been as successful as expected. An analysis of experiences and empirical studies reveals that the problem is not the technology per se but that the technology provides no support to software developers in performing the processes the technology requires. We present a cognitive model of software development that details the challenges software developers face in using OO technology. The model focuses on three aspects of software development-evolution, reuse and redesign, and domain orientation. We motivate this model with a variety of firsthand experiences and use it to assess current OO technology. Further, we present tools and evaluations that substantiate parts of this model. The model and tools indicate directions for future software development environments, looking beyond the technological possibilities of OO languages and beyond the context of individual developers and projects.",wos,llm_reviewed,0.960,confirmed,,hash:1029768f418533a9
discarded,Preserving Intangible Cultural Heritage Through Constructivist Learning in the Metaverse: A Virtual-Reality Experience for Transmitting the Mythological Narratives Around Peirene Fountain,S. Bijanikia,2026,Lecture Notes in Computer Science,10.1007/978-3-032-06323-6_3,https://www.scopus.com/inward/record.uri?partnerID=HzOxMe3b&scp=105017377476&origin=inward,off-topic-false-hit,,scopus,llm,1.000,unreviewed,,doi:10.1007/978-3-032-06323-6_3
discarded,Test case prioritization based on MCCM complexity for event sequence test cases,R. Monjour,2023,Aip Conference Proceedings,10.1063/5.0164488,https://www.scopus.com/inward/record.uri?partnerID=HzOxMe3b&scp=85176779335&origin=inward,adjacent-subtopic,,scopus,llm,0.980,unreviewed,,doi:10.1063/5.0164488
discarded,Semantic Transfer in Programming Languages: Exploratory Study of Relative Novices,E. Tshukudu,2020,Annual Conference on Innovation and Technology in Computer Science Education Iticse,10.1145/3341525.3387406,https://www.scopus.com/inward/record.uri?partnerID=HzOxMe3b&scp=85086470043&origin=inward,adjacent-subtopic,,scopus,llm,0.880,unreviewed,,doi:10.1145/3341525.3387406
discarded,A strategy for detecting and clustering functionalities in object-oriented systems,E. Miranda,2015,Proceedings of the 30th International Conference on Computers and their Applications Cata 2015,,https://www.scopus.com/inward/record.uri?partnerID=HzOxMe3b&scp=84925949761&origin=inward,adjacent-subtopic,,scopus,llm,0.970,unreviewed,,hash:3e152befda8b3fa6
discarded,Comprehension strategies and difficulties in maintaining object-oriented systems: An explorative study,A. Karahasanović,2007,Journal of Systems and Software,10.1016/j.jss.2006.10.041,https://www.scopus.com/inward/record.uri?partnerID=HzOxMe3b&scp=34547838203&origin=inward,adjacent-subtopic,,scopus,llm,0.930,unreviewed,,doi:10.1016/j.jss.2006.10.041
discarded,CICM: A robust method to measure cognitive complexity of procedural and object-oriented programs,D.S. Kushwaha,2006,Wseas Transactions on Computers,,https://www.scopus.com/inward/record.uri?partnerID=HzOxMe3b&scp=33747001264&origin=inward,adjacent-subtopic,,scopus,llm,0.780,unreviewed,,hash:27fa38cbf9343be1
discarded,Improving the human readability of Arden Syntax medical logic modules using a concept-oriented terminology and object-oriented programming expressions,J. Choi,2006,CIN Computers Informatics Nursing,10.1097/00024665-200607000-00009,https://www.scopus.com/inward/record.uri?partnerID=HzOxMe3b&scp=33746296846&origin=inward,adjacent-subtopic,,scopus,llm,0.840,unreviewed,,doi:10.1097/00024665-200607000-00009
discarded,Program comprehension and authentic measurement: A scheme for analysing descriptions of programs,J. Good,2004,International Journal of Human Computer Studies,10.1016/j.ijhcs.2003.12.010,https://www.scopus.com/inward/record.uri?partnerID=HzOxMe3b&scp=3042781024&origin=inward,adjacent-subtopic,,scopus,llm,0.940,unreviewed,,doi:10.1016/j.ijhcs.2003.12.010
discarded,Applications of formal methods in biology,A. Pnueli,2002,Lecture Notes in Computer Science Including Subseries Lecture Notes in Artificial Intelligence and Lecture Notes in Bioinformatics,10.1007/3-540-45739-9_6,https://www.scopus.com/inward/record.uri?partnerID=HzOxMe3b&scp=84974696046&origin=inward,off-topic-false-hit,,scopus,llm,0.980,unreviewed,,doi:10.1007/3-540-45739-9_6
kept,Exploratory study of program comprehension strategies of procedural and object-oriented programmers,C.L. Corritore,2001,International Journal of Human Computer Studies,10.1006/ijhc.2000.0423,https://www.scopus.com/inward/record.uri?partnerID=HzOxMe3b&scp=0035104420&origin=inward,qualifies-claim; lage,,scopus,llm_reviewed,0.940,confirmed,,doi:10.1006/ijhc.2000.0423
discarded,Role of comprehension in software inspection,A. Dunsmore,2000,Journal of Systems and Software,10.1016/S0164-1212(99)00138-7,https://www.scopus.com/inward/record.uri?partnerID=HzOxMe3b&scp=0034207574&origin=inward,adjacent-subtopic,,scopus,llm,0.930,unreviewed,,doi:10.1016/s0164-1212(99)00138-7
kept,Novice comprehension of small programs written in the procedural and object-oriented styles,S. Wiedenbeck,1999,International Journal of Human Computer Studies,10.1006/ijhc.1999.0269,https://www.scopus.com/inward/record.uri?partnerID=HzOxMe3b&scp=0032671567&origin=inward,qualifies-claim; mot,,scopus,llm_reviewed,0.990,confirmed,,doi:10.1006/ijhc.1999.0269
discarded,SEISM project: a software engineering initiative for the study of materials,G. Mula,1996,Materials Research Society Symposium Proceedings,,https://www.scopus.com/inward/record.uri?partnerID=HzOxMe3b&scp=0030314225&origin=inward,adjacent-subtopic,,scopus,llm,0.870,unreviewed,,hash:316c11f36786265c
discarded,Knowledge-based real-time fault detection and supervision of urban drainage systems,K. Szafnicki,1996,Automatica,10.1016/0005-1098(96)00045-3,https://www.scopus.com/inward/record.uri?partnerID=HzOxMe3b&scp=0030188611&origin=inward,off-topic-false-hit,,scopus,llm,0.980,unreviewed,,doi:10.1016/0005-1098(96)00045-3
discarded,Application of object-oriented techniques to software development in an EMS environment,S. Vadari,1995,IEEE Power Industry Computer Applications Conference,,https://www.scopus.com/inward/record.uri?partnerID=HzOxMe3b&scp=0029234222&origin=inward,adjacent-subtopic,,scopus,llm_reviewed,0.840,confirmed,,hash:30c5dac79f9e4d9e
discarded,Understanding object-oriented: A unifying paradigm,T. Korson,1990,Communications of the ACM,10.1145/83880.84459,https://www.scopus.com/inward/record.uri?partnerID=HzOxMe3b&scp=84976812206&origin=inward,adjacent-subtopic,,scopus,llm,0.780,unreviewed,,doi:10.1145/83880.84459
kept,Novice comprehension of Object-Oriented OO programs: An empirical study,Ahmed S Alardawi; Agil M Agil,2015,2015 World Congress on Information Technology and Computer Applications (WCITCA),10.1109/WCITCA.2015.7367057,https://ieeexplore.ieee.org/document/7367057/,adjacent-subtopic; stod; supports-claim,"Class structure represents one of the essential concepts of Object-Oriented paradigm and therefore, a good understanding of this concept will positively affect the effectiveness of novice programmers. Comprehension underpins many programming activities such as program design and program implementation. Program comprehension represents in this context a mental model approach that involves interesting theoretical frameworks of program comprehension. Our starting point is Burkhardt cognitive model for OO program comprehension [1]. The model considers two distinct but interacting models: program and situation. Our focus does not rely primarily in distinguishing between these models, but use both of them to assess the influence on novices of class structure on program comprehension. We report on an empirical study that aims of to investigate the effect of class structure on program comprehension for novices using controlled experimentation in which the treatments were a simple program without class structure versus the same program with classes present; they are termed respectively as: Non-Class based program and as Class based program. Data was collected from three different sets of experiments comprising of a total of 211 undergraduate first year computer science students from different institutions. Preliminary findings of this investigation are reported, in particular results indicate that Class based programs were more understandable, readable, and accessible than the corresponding Non-Class based programs. Our findings align with and support those works that claim the cognitive benefits of the OO paradigm. Directions for future research are highlighted.",ieee,llm_reviewed,0.830,changed,discarded->kept,doi:10.1109/wcitca.2015.7367057
kept,Evaluating the effect of a delegated versus centralized control style on the maintainability of object-oriented software,E. Arisholm; D.I.K. Sjoberg,2004,IEEE Transactions on Software Engineering,10.1109/TSE.2004.43,https://ieeexplore.ieee.org/document/1316869/,qualifies-claim; mot,"A fundamental question in object-oriented design is how to design maintainable software. According to expert opinion, a delegated control style, typically a result of responsibility-driven design, represents object-oriented design at its best, whereas a centralized control style is reminiscent of a procedural solution, or a ""bad"" object-oriented design. We present a controlled experiment that investigates these claims empirically. A total of 99 junior, intermediate, and senior professional consultants from several international consultancy companies were hired for one day to participate in the experiment. To compare differences between (categories of) professionals and students, 59 students also participated. The subjects used professional Java tools to perform several change tasks on two alternative Java designs that had a centralized and delegated control style, respectively. The results show that the most skilled developers, in particular, the senior consultants, require less time to maintain software with a delegated control style than with a centralized control style. However, more novice developers, in particular, the undergraduate students and junior consultants, have serious problems understanding a delegated control style, and perform far better with a centralized control style. Thus, the maintainability of object-oriented software depends, to a large extent, on the skill of the developers who are going to maintain it. These results may have serious implications for object-oriented development in an industrial context: having senior consultants design object-oriented systems may eventually pose difficulties unless they make an effort to keep the designs simple, as the cognitive complexity of ""expert"" designs might be unmanageable for less skilled maintainers.",ieee,llm_reviewed,0.980,confirmed,,doi:10.1109/tse.2004.43
discarded,A Universal Concurrent Framework for Fault Diagnosis in Processor Based Systems,D.V. Kodavade,2015,2015 8th International Conference on Control and Automation (CA),10.1109/CA.2015.21,https://ieeexplore.ieee.org/document/7437292/,adjacent-subtopic,"After acceptance of artificial intelligence paradigm, a number of successful artificial intelligence systems were created. The most successful area of artificial intelligence is knowledge based systems (KBS). In industries there are many successful applications of KBS. One of the unattempted application is fault diagnosis in processor based systems. The paper discusses implementation of an intelligent frame work using concurrent object orient approach. The knowledge representation is done using software design patterns. The Inference is achieved by using message passing. The paper demonstrates fault diagnosis in typical processor based systems using UML diagrams and also discusses performance over traditional approaches.",ieee,llm,0.960,unreviewed,,doi:10.1109/ca.2015.21
