status,title,authors,year,venue,doi,url,tags,abstract,provider,decision_source,llm_confidence,llm_review_outcome,llm_change_direction,paper_id
discarded,Dhara: A Service Abstraction-Based OS Kernel Design Model,"Janakiram, Dharanipragada; Mehta, Hemang; Balaji, S. J.",2012,2012 17TH INTERNATIONAL CONFERENCE ON ENGINEERING OF COMPLEX COMPUTER SYSTEMS (ICECCS),10.1109/ICECCS.2012.16,https://www.webofscience.com/wos/woscc/full-record/WOS:000315026500014,adjacent-subtopic,"Traditional procedural operating system (OS) kernels sacrifice maintainability and understandability for optimum performance. Though object oriented (OO) kernels can address these problems upto a certain extent, they lack the layered approach of services and service compositions. We present a new kernel design model Dhara, that raises the level of abstraction from objects and procedures to services. The service model of Dhara is richer in abstractions than current web service model and paves the way for building a new distributed OS kernel. Dhara conceives an OS as being constructed by multiple stacks of services containing several layers of abstracted services. A key research challenge we envisage in building such model is automatic service compositions of kernel services which can provide desired QoS. A kernel built using Dhara can easily be customized using composed services to derive optimal performance for different applications such as databases. A prototype is developed using Linux kernel as a case study by applying the design concepts of Dhara. We show that overhead of implementation of Dhara is 5% to 15%, which is reasonable, considering the advantages of new design and increased capacity of the hardware in recent times.",wos,llm,0.890,unreviewed,,doi:10.1109/iceccs.2012.16
discarded,Usability Evaluation on Teaching and Applying Model-Driven Object Oriented Approaches for PLC Software,"Vogel-Heuser, Birgit; Braun, Steven; Obermeier, Martin; Jobst, Fabian; Schweizer, Karin",2012,2012 AMERICAN CONTROL CONFERENCE (ACC),,https://www.webofscience.com/wos/woscc/full-record/WOS:000310776204124,qualifies-claim; adjacent-subtopic,"In machine and plant automation, model-driven object oriented (oo) programming of Programmable Logic Controller (PLC) software is becoming an alternative to the state-of-the-art programming. The authors present the results of previously conducted experiments on the usability of the classic procedural paradigm (IEC 61131-3) compared to model-driven approaches for PLC programming, in particular Unified Modeling Language (UML) and domain specific modeling languages. Subsequently, the newest study on this issue is presented, including the experimental design and the experiment's parameters, comparing state-of-the-art FDB (IEC 61131-3) programming approach to a model-driven UML supported approach. Finally, we show the study's results and discuss our findings and their meaning for future experiments, concerning the complexity of the tasks required to develop a PLC-program, the influence of previous knowledge, and the realization of constant boundary conditions for experimental studies.",wos,llm_reviewed,0.940,changed,kept->discarded,hash:31ee060a7a4c599c
discarded,The Impact of Programming Paradigm Concepts in Mobile Application Design and its Resource Utilizations,"Samuel, Selvakumar; Gorai, Sudeshna",2013,2013 3RD INTERNATIONAL CONFERENCE ON COMPUTER SCIENCE AND NETWORK TECHNOLOGY (ICCSNT),,https://www.webofscience.com/wos/woscc/full-record/WOS:000393058800078,adjacent-subtopic,"Mobile device has fewer resources compare to desktop computers. Mobile application development is in the need of appropriate strategies in view of resource utilizations. Although some other design strategies are required for software development, programming paradigm is the core. The overall aim of this study is to formulate the programming paradigms whereby achieve the optimal resource utilizations by mobile applications. As a part of this objective, this paper aims to determine whether the improper use of programming paradigm concepts consume more memory and / or CPU time. Imperative programming paradigm concepts have been used as a sample for this study. Imperative programming concepts such as looping, branching and arrays have been experimented. The results of the experiments and case studies proved that, improper use of programming concepts lead to more memory consumptions and/or take more time to response. In conclusion use of appropriate paradigms in mobile application design possibly will optimize the response time and memory utilization.",wos,llm,0.970,unreviewed,,hash:f60b881e6a77c9e0
discarded,Fundamental Aspects Concerning the Usability Evaluation of Model-Driven Object Oriented Programming Approaches in Machine and Plant Automation,"Obermeier, Martin; Braun, Steven; Sommer, Kerstin; Vogel-Heuser, Birgit",2011,"DESIGN, USER EXPERIENCE, AND USABILITY: THEORY, METHODS, TOOLS AND PRACTICE, PT 2",,https://www.webofscience.com/wos/woscc/full-record/WOS:000302791600056,qualifies-claim; adjacent-subtopic,"Within the world of automation the trend of model-driven object oriented (oo) engineering has brought up fundamental questions about the applicability of these programming paradigms for Programmable Logic Controller (PLC) software. The authors present the results of previously conducted experiments on the usability of the classic procedural paradigm (IEC 61131-3) in machine and plant automation compared to model based approaches for PLC programming, in particular Unified Modeling Language (UML) and domain specific modeling languages. Extrapolating these experiments, we propose a way of enhancing usability evaluations by two means: First we present an improved modeling tool. Second, in order to determine the complexity of the tasks required to develop a PLC-program and to create constant boundary conditions for experimental studies, we propose using Hierarchical Task Analysis (HTA) on both model-driven oo and the state of the art programming approach, concerning typical scenarios. Finally the results of our work are discussed.",wos,human,0.890,human,,hash:9e39db3bf87d4caf
discarded,Migration of a Legacy Procedural System to Service-Oriented Computing Using Feature Analysis,"Millham, Richard",2010,"PROCEEDINGS OF THE INTERNATIONAL CONFERENCE ON COMPLEX, INTELLIGENT AND SOFTWARE INTENSIVE SYSTEMS (CISIS 2010)",10.1109/CISIS.2010.48,https://www.webofscience.com/wos/woscc/full-record/WOS:000393274800078,adjacent-subtopic,"Transforming a legacy system to operate within a service-oriented web environment requires an identification of features and services within the system. In order to move a procedural legacy system to a service-oriented web environment, the legacy system must first be transformed to an object-oriented based system. This new object-oriented system's features and services must be identified and then transformed to Web services. This paper presents an approach where a tool first analyses data and control dependencies among component files which, along with selected domain analysis techniques, then identifies related groups of components that offer features and identifies related aggregated component groups that offer services. A case study of a 100 000 line telecommunication system demonstrates the effectiveness of this approach in identifying relevant services and features. Using these techniques, feature identification can, to some degree, be automated unlike other feature identification methods which tend to be heavily dependent on user expertise to select appropriate web service features from a list of candidates.",wos,llm,0.960,unreviewed,,doi:10.1109/cisis.2010.48
discarded,EXPERIMENTAL ANALYSIS OF DIFFERENT METRICS (OBJECT-OREINTED AND STRUCTURAL) OF SOFTWARE,"Prasad, Lalji; Nagar, Aditi",2009,"2009 1ST INTERNATIONAL CONFERENCE ON COMPUTATIONAL INTELLIGENCE, COMMUNICATION SYSTEMS AND NETWORKS(CICSYN 2009)",,https://www.webofscience.com/wos/woscc/full-record/WOS:000288692400045,adjacent-subtopic,"In this paper first investigate the relationships between existing object-oriented metrics (coupling, cohesion) and procedure-oriented metrics (Line of code, Cyclomatic complexity and knot metric) measure the probability of error detection in system classes during testing and is to propose an investigation and analysis strategy to make these kinds of studies more reusable and comparable, a problem which is persistent in the quality measurement. The metrics are first defined and then explained using practical applications finally, a review of the empirical study concerning chosen and coupling metrics and subset of these measures that provide sufficient information is given and metrics providing overlapping information are expelled from the set. The paper defines a new set of operational measures for the conceptual coupling of classes, which are theoretically valid and empirically studied. In this paper, we shows that these metrics capture new dimensions in coupling measurement, compared to existing structural metrics.",wos,llm,0.840,unreviewed,,hash:d382935e1c3f1098
discarded,ON THE WAY TO MODELING: A CASE STUDY IN MANAGING MODEL TRANSFORMATIONS IN MDA,"Saleh, Ahmed A.; El-Bakry, Hazem M.; Alla, Mahmoud A. Atta; Mastorakis, Nikos",2009,DIWEB ' 09: PROCEEDINGS OF THE 9TH WSEAS INTERNATIONAL CONFERENCE ON DISTANCE LEARNING AND WEB ENGINEERING,,https://www.webofscience.com/wos/woscc/full-record/WOS:000273267800014,adjacent-subtopic,"The object technology revolution has allowed the replacement of the procedural refinement paradigm by the more fashionable object composition paradigm. This change has radical effect in software development. The Object Management Group (OMG) is rapidly moving from its previous Object Management Architecture vision (OMA) to the newest Model-Driven Architecture (MDA). this paper shows the importance of the modeling methods as presented by model driven architecture (MDA) and the usefulness of Unified Modeling Language (UML) on the issue of modeling. And The benefit of MDA how it will go along with the development based on software development life cycle (SDLC) process, from analysis and requirement phase through design and implementation stages as employed by object oriented system analysis and design approach using real case study ""Modeling e-LMS for Telecom-Egypt training-sector"".",wos,llm,0.950,unreviewed,,hash:2f37814b23b1d311
discarded,Automatic Dimension Inference and Checking for Object-Oriented Programs,"Hangal, Sudheendra; Lam, Monica S.",2009,"2009 31ST INTERNATIONAL CONFERENCE ON SOFTWARE ENGINEERING, PROCEEDINGS",,https://www.webofscience.com/wos/woscc/full-record/WOS:000271438200015,adjacent-subtopic,"This paper introduces UniFi, a tool that attempts to automatically detect dimension errors in Java programs. UniFi infers dimensional relationships across primitive type and string variables in a program, using an inter-procedural, context-sensitive analysis. It then monitors these dimensional relationships as the program evolves, flagging inconsistencies that may be errors. UniFi requires no programmer annotations, and supports arbitrary program-specific dimensions, thus providing fine-grained dimensional consistency checking. UniFi exploits features of object-oriented languages, but can be used for other languages as well. We have run UniFi on real-life Java code and found that it is useful in exposing dimension errors. We present a case study of using UniFi on nightly builds of a 19,000 line code base as it evolved over 10 months.",wos,llm,0.980,unreviewed,,hash:140cba759911c009
discarded,From Rule Engines to Ontologies: An OWL 2 DL Approach for Domain-Specific Evaluation Information Systems,B. Bogdanović,2026,Computers,10.3390/computers15080544,https://www.scopus.com/inward/record.uri?partnerID=HzOxMe3b&scp=105048341027&origin=inward,adjacent-subtopic,,scopus,llm,0.960,unreviewed,,doi:10.3390/computers15080544
discarded,Beyond monkey using: how to identify and model training needs of interactive critical systems operators using an ontology connected with task models,T. Saubanère,2026,Proceedings of the ACM on Human Computer Interaction,10.1145/3816772,https://www.scopus.com/inward/record.uri?partnerID=HzOxMe3b&scp=105043584738&origin=inward,off-topic-false-hit,,scopus,llm,0.970,unreviewed,,doi:10.1145/3816772
discarded,A Software Tool to Support Structured Object-Oriented Programming,Y. Xia,2026,Wsse 2025 2025 the 7th World Symposium on Software Engineering,10.1145/3779657.3779671,https://www.scopus.com/inward/record.uri?partnerID=HzOxMe3b&scp=105037751573&origin=inward,adjacent-subtopic,,scopus,llm,0.880,unreviewed,,doi:10.1145/3779657.3779671
discarded,Enhancing Object-Oriented Programming Education Through Visual and Interactive Learning: A Case Study of the CodeTheory Platform,D. Kucak,2026,2026 14th International Conference on Information and Education Technology Iciet 2026,10.1109/ICIET69664.2026.11561572,https://www.scopus.com/inward/record.uri?partnerID=HzOxMe3b&scp=105043583829&origin=inward,adjacent-subtopic,,scopus,llm,0.950,unreviewed,,doi:10.1109/iciet69664.2026.11561572
discarded,Object-Oriented Development of an Energy Harvesting Framework Using Linear Programming: A Case Study,J. Saroufim,2026,International Conference on Electrical Computer and Energy Technologies Icecet 2026,10.1109/ICECET65726.2026.11632373,https://www.scopus.com/inward/record.uri?partnerID=HzOxMe3b&scp=105048907497&origin=inward,adjacent-subtopic,,scopus,llm,0.950,unreviewed,,doi:10.1109/icecet65726.2026.11632373
discarded,Development of a Digital Twin of a Rolling Mill Mechatronic System Based on Simulink Real-Time,B.M. Loginov,2026,Proceedings 2026 International Conference on Industrial Engineering Applications and Manufacturing Icieam 2026,10.1109/ICIEAM69213.2026.11549796,https://www.scopus.com/inward/record.uri?partnerID=HzOxMe3b&scp=105043658078&origin=inward,off-topic-false-hit,,scopus,llm,0.980,unreviewed,,doi:10.1109/icieam69213.2026.11549796
discarded,"Program execution summarization by novel design pattern specification, detection, and consolidation techniques",A. Mohan,2025,Array,10.1016/j.array.2025.100555,https://www.scopus.com/inward/record.uri?partnerID=HzOxMe3b&scp=105020376644&origin=inward,adjacent-subtopic,,scopus,llm,0.950,unreviewed,,doi:10.1016/j.array.2025.100555
discarded,JECDM: A Java framework for Evolutionary Computation and Decision-Making,M.K. Tomczyk,2025,Softwarex,10.1016/j.softx.2025.102394,https://www.scopus.com/inward/record.uri?partnerID=HzOxMe3b&scp=105017743369&origin=inward,adjacent-subtopic,,scopus,llm,0.970,unreviewed,,doi:10.1016/j.softx.2025.102394
discarded,Bridging the AI-Human Gap in Programming Education: A Case Study on Structured Prompting and Content-Constrained Generation,T.H. Tan,2025,2025 5th International Conference on Educational Technology ICET 2025,10.1109/ICET67421.2025.11380421,https://www.scopus.com/inward/record.uri?partnerID=HzOxMe3b&scp=105034378429&origin=inward,adjacent-subtopic,,scopus,llm,0.960,unreviewed,,doi:10.1109/icet67421.2025.11380421
discarded,Research on Aspect-Oriented Techniques in Python: A Framework Leveraging Syntax Tree Analysis,C.H. Tsai,2025,Iet Conference Proceedings,10.1049/icp.2025.2543,https://www.scopus.com/inward/record.uri?partnerID=HzOxMe3b&scp=105016305616&origin=inward,adjacent-subtopic,,scopus,llm,0.970,unreviewed,,doi:10.1049/icp.2025.2543
discarded,Talking to Objects in Natural Language: Toward Semantic Tools for Exploratory Programming,C. Thiede,2024,Onward 2024 Proceedings of the 2024 ACM SIGPLAN International Symposium on New Ideas New Paradigms and Reflections on Programming and Software Co Located with Splash 2024,10.1145/3689492.3690049,https://www.scopus.com/inward/record.uri?partnerID=HzOxMe3b&scp=85212583738&origin=inward,adjacent-subtopic,,scopus,llm,0.940,unreviewed,,doi:10.1145/3689492.3690049
discarded,Computer programming language,J.J. Wang,2024,Encyclopedia of Sport Management Second Edition,10.4337/9781035317189.ch109,https://www.scopus.com/inward/record.uri?partnerID=HzOxMe3b&scp=85213177789&origin=inward,off-topic-false-hit,,scopus,llm,0.900,unreviewed,,doi:10.4337/9781035317189.ch109
discarded,Object coverage criteria for supporting object-oriented testing,M. Ghoreshi,2023,Software Quality Journal,10.1007/s11219-023-09643-3,https://www.scopus.com/inward/record.uri?partnerID=HzOxMe3b&scp=85163708511&origin=inward,adjacent-subtopic,,scopus,llm,0.970,unreviewed,,doi:10.1007/s11219-023-09643-3
discarded,Effectiveness and perception of augmented reality in the teaching of structured programming fundamentals in university students,W.R.V. Oyarvide,2023,Eai Endorsed Transactions on Scalable Information Systems,10.4108/eetsis.3728,https://www.scopus.com/inward/record.uri?partnerID=HzOxMe3b&scp=85171277563&origin=inward,adjacent-subtopic,,scopus,llm,0.960,unreviewed,,doi:10.4108/eetsis.3728
discarded,An exploratory study on the predominant programming paradigms in Python code,R. Dyer,2022,Esec Fse 2022 Proceedings of the 30th ACM Joint Meeting European Software Engineering Conference and Symposium on the Foundations of Software Engineering,10.1145/3540250.3549158,https://www.scopus.com/inward/record.uri?partnerID=HzOxMe3b&scp=85143048911&origin=inward,adjacent-subtopic,,scopus,llm,0.880,unreviewed,,doi:10.1145/3540250.3549158
discarded,Decomposition Without Regret (Poster),W. Zhang,2022,Ceur Workshop Proceedings,,https://www.scopus.com/inward/record.uri?partnerID=HzOxMe3b&scp=85141191648&origin=inward,adjacent-subtopic,,scopus,llm,0.720,unreviewed,,hash:830e142ed28dce81
discarded,Programming in Two Semesters; Using Python and Java,Q. Charatan,2022,Texts in Computer Science,10.1007/978-3-031-01326-3,https://www.scopus.com/inward/record.uri?partnerID=HzOxMe3b&scp=105041005518&origin=inward,adjacent-subtopic,,scopus,llm,0.960,unreviewed,,doi:10.1007/978-3-031-01326-3
discarded,ACTUM -tool for automatic class testing using meta-heuristics,G. Neetu,2022,2022 10th International Conference on Reliability Infocom Technologies and Optimization Trends and Future Directions Icrito 2022,10.1109/ICRITO56286.2022.9964984,https://www.scopus.com/inward/record.uri?partnerID=HzOxMe3b&scp=85144596826&origin=inward,adjacent-subtopic,,scopus,llm,0.970,unreviewed,,doi:10.1109/icrito56286.2022.9964984
discarded,OBJECT-ORIENTED BUILD AUTOMATION - A CASE STUDY,M. Penar,2021,Computing and Informatics,10.31577/CAI_2021_4_754,https://www.scopus.com/inward/record.uri?partnerID=HzOxMe3b&scp=85122618858&origin=inward,adjacent-subtopic,,scopus,llm,0.780,unreviewed,,doi:10.31577/cai_2021_4_754
discarded,Upgrade of hardware controls for the STAR experiment at RHIC,J. Adam,2021,Nuclear Instruments and Methods in Physics Research Section A Accelerators Spectrometers Detectors and Associated Equipment,10.1016/j.nima.2021.165644,https://www.scopus.com/inward/record.uri?partnerID=HzOxMe3b&scp=85111627401&origin=inward,off-topic-false-hit,,scopus,llm,0.990,unreviewed,,doi:10.1016/j.nima.2021.165644
discarded,"Active learning of programming as a complex technology applying problem solving, programming case study and onlinegdb compiler",M. Zambrano,2021,2021 10th International Conference on Educational and Information Technology Iceit 2021,10.1109/ICEIT51700.2021.9375611,https://www.scopus.com/inward/record.uri?partnerID=HzOxMe3b&scp=85103446602&origin=inward,adjacent-subtopic,,scopus,llm,0.960,unreviewed,,doi:10.1109/iceit51700.2021.9375611
discarded,Performance vs Programming Effort between Rust and C on Multicore Architectures: Case Study in N-Body,M. Costanzo,2021,Proceedings 2021 47th Latin American Computing Conference Clei 2021,10.1109/CLEI53233.2021.9640225,https://www.scopus.com/inward/record.uri?partnerID=HzOxMe3b&scp=85123836200&origin=inward,adjacent-subtopic,,scopus,llm,0.920,unreviewed,,doi:10.1109/clei53233.2021.9640225
discarded,The role of explicit instruction on students learning their second programming language,E. Tshukudu,2020,ACM International Conference Proceeding Series,10.1145/3416465.3416475,https://www.scopus.com/inward/record.uri?partnerID=HzOxMe3b&scp=85091422022&origin=inward,adjacent-subtopic,,scopus,llm,0.970,unreviewed,,doi:10.1145/3416465.3416475
discarded,Understanding Conceptual Transfer for Students Learning New Programming Languages,E. Tshukudu,2020,Icer 2020 Proceedings of the 2020 ACM Conference on International Computing Education Research,10.1145/3372782.3406270,https://www.scopus.com/inward/record.uri?partnerID=HzOxMe3b&scp=85091429007&origin=inward,adjacent-subtopic,,scopus,llm,0.970,unreviewed,,doi:10.1145/3372782.3406270
discarded,FLOWSPEC: A declarative specification language for intra-procedural flow-Sensitive data-flow analysis,J. Smits,2020,Journal of Computer Languages,10.1016/j.cola.2019.100924,https://www.scopus.com/inward/record.uri?partnerID=HzOxMe3b&scp=85082610392&origin=inward,adjacent-subtopic,,scopus,llm,0.980,unreviewed,,doi:10.1016/j.cola.2019.100924
discarded,"Guide to Efficient Software Design: An MVC Approach to Concepts, Structures, and Models",D.P. Voorhees,2020,Texts in Computer Science,10.1007/978-3-030-28501-2,https://www.scopus.com/inward/record.uri?partnerID=HzOxMe3b&scp=105038870426&origin=inward,adjacent-subtopic,,scopus,llm,0.940,unreviewed,,doi:10.1007/978-3-030-28501-2
discarded,Enabling composition of cyber-physical systems with the two-hemisphere model-driven approach,O. Nikiforova,2020,Multi Paradigm Modelling Approaches for Cyber Physical Systems,10.1016/B978-0-12-819105-7.00011-8,https://www.scopus.com/inward/record.uri?partnerID=HzOxMe3b&scp=85150081214&origin=inward,adjacent-subtopic,,scopus,llm,0.950,unreviewed,,doi:10.1016/b978-0-12-819105-7.00011-8
