status,title,authors,year,venue,doi,url,tags,abstract,provider,decision_source,llm_confidence,llm_review_outcome,llm_change_direction,paper_id
kept,THE IMPACT OF OBJECT-ORIENTED TECHNOLOGY ON SOFTWARE QUALITY - 3 CASE-HISTORIES,"CAPPER, NP; COLGATE, RJ; HUNTER, JC; JAMES, MF",1994,IBM SYSTEMS JOURNAL,,https://www.webofscience.com/wos/woscc/full-record/WOS:A1994NA62700008,supports-claim,"Techniques to obtain software quality are examined from the experiences of three very different object-oriented projects carried out by IBM Information Solutions Limited in 1991 and 1992. Object-oriented programming systems are sold on the promise of improved productivity from object reuse and a high level of code modularity. Yet it is precisely those aspects that also lead to their greatest benefit, namely improved software quality. In this paper, lessons learned from the three projects are described and compared, indicating approaches to consider in using object-oriented technology.",wos,llm,0.860,unreviewed,,hash:7dc9376900aade12
kept,OBJECT-ORIENTED SYSTEM-DEVELOPMENT - WILL THE NEW APPROACH SOLVE OLD PROBLEMS,"ENGELS, G; KAPPEL, G",1994,"INFORMATION PROCESSING '94, VOL III",,https://www.webofscience.com/wos/woscc/full-record/WOS:A1994BB29S00070,qualifies-claim,"Object-oriented system development is wideley recognized as improving productivity and reducing system maintenance costs. However, existing approaches have not sufficiently addressed the following three questions which are equally important to users and researchers. Firstly, what are the benefits of object-oriented system development compared to traditional approaches? Secondly, what are the essential features of an object-oriented life cycle model to fulfill the benefits of object-oriented development? And thirdly, what are the pitfalls of object-oriented development and how to cope with them? The paper investigates answers to all three questions in concert.",wos,llm,0.770,unreviewed,,hash:5c1bb204a0d968b0
discarded,MODEL OF SOFTWARE EFFORT AND PRODUCTIVITY,"PFLEEGER, SL",1991,INFORMATION AND SOFTWARE TECHNOLOGY,,https://www.webofscience.com/wos/woscc/full-record/WOS:A1991FJ54300008,adjacent-subtopic,"A new model of software effort and productivity is described, wherein the estimated productivity of an organization is equal to the average productivity modified by a function of the cost factors.  Techniques for generating the cost multiplier associated with each cost factor are shown, and equations are derived for calculating the effect of combinations of cost factors.  A key characteristic of the model is its ability to amortize the cost of a factor over the projects that may be affected by the factor; thus the model allows assessment of the cost of reuse.  The quality of the model is evaluated by examining its predictive accuracy.  It is shown that on a test set of object-oriented projects where size is measured by number of objects and methods, the new model shows greater promise than COCOMO and Ada-COCOMO.",wos,llm,0.940,unreviewed,,hash:d7fabe81de7c7f62
discarded,Self-Evolving AI Agents With Dual Memory for Automated Software Testing and Bug Localization,T. Mo,2026,IEEE Access,10.1109/ACCESS.2026.3713401,https://www.scopus.com/inward/record.uri?partnerID=HzOxMe3b&scp=105045253491&origin=inward,adjacent-subtopic,,scopus,llm,0.980,unreviewed,,doi:10.1109/access.2026.3713401
discarded,Optimization of Object Relational Mapping: Query Profiling Integration Based on Frequency and Timestamps Implementation in LRU,N.R.D. Riyanto,2025,Icadeis 2025 2025 International Conference on Advancement in Data Science E Learning and Information System Integrating Data Science and Information System Proceeding,10.1109/ICADEIS65852.2025.10933468,https://www.scopus.com/inward/record.uri?partnerID=HzOxMe3b&scp=105002278112&origin=inward,adjacent-subtopic,,scopus,llm,0.990,unreviewed,,doi:10.1109/icadeis65852.2025.10933468
discarded,Metrics for Evaluating and Improving Transparency in Software Engineering: An Empirical Study and Improvement Model,P. Ofem,2024,SN Computer Science,10.1007/s42979-024-03471-3,https://www.scopus.com/inward/record.uri?partnerID=HzOxMe3b&scp=85211178505&origin=inward,adjacent-subtopic,,scopus,llm,0.960,unreviewed,,doi:10.1007/s42979-024-03471-3
discarded,Enhancement in Quality and Productivity Using TPM,A. Agrawal,2023,Lecture Notes in Mechanical Engineering,10.1007/978-981-19-2188-9_103,https://www.scopus.com/inward/record.uri?partnerID=HzOxMe3b&scp=85138819590&origin=inward,off-topic-false-hit,,scopus,llm,0.990,unreviewed,,doi:10.1007/978-981-19-2188-9_103
discarded,A review on software refactoring opportunity identification and sequencing in object-oriented software,S. Kaur,2021,Recent Advances in Electrical and Electronic Engineering,10.2174/2352096513999200704140718,https://www.scopus.com/inward/record.uri?partnerID=HzOxMe3b&scp=85105161324&origin=inward,adjacent-subtopic,,scopus,llm,0.970,unreviewed,,doi:10.2174/2352096513999200704140718
discarded,"Big Data Processing at Microsoft: Hyper Scale, Massive Complexity, and Minimal Cost",H. Patel,2019,Socc 2019 Proceedings of the ACM Symposium on Cloud Computing,10.1145/3357223.3366029,https://www.scopus.com/inward/record.uri?partnerID=HzOxMe3b&scp=85091790347&origin=inward,adjacent-subtopic,,scopus,llm,0.980,unreviewed,,doi:10.1145/3357223.3366029
discarded,Object-Oriented Stream Programming,F. Otto,2017,Programming Multicore and Many Core Computing Systems,10.1002/9781119332015.ch9,https://www.scopus.com/inward/record.uri?partnerID=HzOxMe3b&scp=85019603768&origin=inward,adjacent-subtopic,,scopus,llm,0.960,unreviewed,,doi:10.1002/9781119332015.ch9
discarded,Systems information modelling: Enabling digital asset management,P.E.D. Love,2016,Advances in Engineering Software,10.1016/j.advengsoft.2016.10.007,https://www.scopus.com/inward/record.uri?partnerID=HzOxMe3b&scp=84994201212&origin=inward,off-topic-false-hit,,scopus,llm,0.910,unreviewed,,doi:10.1016/j.advengsoft.2016.10.007
discarded,One way to select many,J. Järvi,2016,Leibniz International Proceedings in Informatics Lipics,10.4230/LIPIcs.ECOOP.2016.14,https://www.scopus.com/inward/record.uri?partnerID=HzOxMe3b&scp=84982824763&origin=inward,adjacent-subtopic,,scopus,llm,0.900,unreviewed,,doi:10.4230/lipics.ecoop.2016.14
discarded,An efficient prediction model for software reusability for Java-based object-oriented systems,C. Gupta,2014,International Journal of Computer Aided Engineering and Technology,10.1504/IJCAET.2014.060299,https://www.scopus.com/inward/record.uri?partnerID=HzOxMe3b&scp=84898916360&origin=inward,adjacent-subtopic,,scopus,llm,0.970,unreviewed,,doi:10.1504/ijcaet.2014.060299
discarded,Models and Frameworks: A Synergistic Association for Developing Component-Based Applications,D. Alonso,2014,Scientific World Journal,10.1155/2014/687346,https://www.scopus.com/inward/record.uri?partnerID=HzOxMe3b&scp=84935030623&origin=inward,adjacent-subtopic,,scopus,llm,0.950,unreviewed,,doi:10.1155/2014/687346
discarded,Systems Evolution and Software Reuse in OOP and AOP,A. Przybyłek,2011,Communications in Computer and Information Science,10.1007/978-3-642-23391-3_16,https://www.scopus.com/inward/record.uri?partnerID=HzOxMe3b&scp=84879479077&origin=inward,adjacent-subtopic,,scopus,llm,0.920,unreviewed,,doi:10.1007/978-3-642-23391-3_16
discarded,SCMEnv: A software engineering environment for SCM systems based on asynchronous teams,H. Li,2011,Journal of Computational Information Systems,,https://www.scopus.com/inward/record.uri?partnerID=HzOxMe3b&scp=79955706479&origin=inward,adjacent-subtopic,,scopus,llm,0.980,unreviewed,,hash:356c056254009eaa
discarded,Accelerating machine-learning algorithms on FPGAs using pattern-based decomposition,K. Nagarajan,2011,Journal of Signal Processing Systems,10.1007/s11265-008-0337-9,https://www.scopus.com/inward/record.uri?partnerID=HzOxMe3b&scp=79251628633&origin=inward,off-topic-false-hit,,scopus,llm,0.990,unreviewed,,doi:10.1007/s11265-008-0337-9
discarded,Using framework introspection for a deep integration of domain-specific models in java applications,T. B̈uchner,2009,Ceur Workshop Proceedings,,https://www.scopus.com/inward/record.uri?partnerID=HzOxMe3b&scp=84893515048&origin=inward,adjacent-subtopic,,scopus,llm,0.970,unreviewed,,hash:dfef5a8dfbf476f0
discarded,COPE - automating coupled evolution of metamodels and models,M. Herrmannsdoerfer,2009,Lecture Notes in Computer Science Including Subseries Lecture Notes in Artificial Intelligence and Lecture Notes in Bioinformatics,10.1007/978-3-642-03013-0_4,https://www.scopus.com/inward/record.uri?partnerID=HzOxMe3b&scp=69949137758&origin=inward,adjacent-subtopic,,scopus,llm,0.980,unreviewed,,doi:10.1007/978-3-642-03013-0_4
discarded,Integrating Domain Analysis into Formal Specifications,L. Felice,2008,Encyclopedia of Information Science and Technology Second Edition,10.4018/978-1-60566-026-4.ch327,https://www.scopus.com/inward/record.uri?partnerID=HzOxMe3b&scp=105012811691&origin=inward,adjacent-subtopic,,scopus,llm,0.970,unreviewed,,doi:10.4018/978-1-60566-026-4.ch327
kept,A comparison of structured analysis and object oriented analysis: An experimental study,D. Falessi,2007,Icsoft 2007 2nd International Conference on Software and Data Technologies Proceedings,,https://www.scopus.com/inward/record.uri?partnerID=HzOxMe3b&scp=67650261365&origin=inward,qualifies-claim,,scopus,llm,0.820,unreviewed,,hash:aca181e8da7abd52
discarded,"Metaphors, polymorphism, domain analysis and reuse: Teaching modeling in the object- oriented paradigm",L.J. Waguespack,2005,Proceedings of Isecon,,https://www.scopus.com/inward/record.uri?partnerID=HzOxMe3b&scp=84865795977&origin=inward,adjacent-subtopic,,scopus,llm,0.960,unreviewed,,hash:cd33e75d63ec1dc5
discarded,Application frameworks technology in theory and practice,W. Zhang,2005,Proceedings of the International Conference on Electronic Business Iceb,,https://www.scopus.com/inward/record.uri?partnerID=HzOxMe3b&scp=84873565845&origin=inward,adjacent-subtopic,,scopus,llm,0.950,unreviewed,,hash:6d40d9a4a08a4a04
discarded,Patterns and component-oriented system development,J. Hutchinson,2005,Software Engineering and Advanced Applications 2005 31st Euromicro Conference,10.1109/EUROMICRO.2005.45,https://www.scopus.com/inward/record.uri?partnerID=HzOxMe3b&scp=33747442361&origin=inward,adjacent-subtopic,,scopus,llm,0.960,unreviewed,,doi:10.1109/euromicro.2005.45
kept,The task-dependent nature of the maintenance of object-oriented programs,G.L. Freeman,2005,Journal of Systems and Software,10.1016/j.jss.2004.05.010,https://www.scopus.com/inward/record.uri?partnerID=HzOxMe3b&scp=11144286471&origin=inward,qualifies-claim,,scopus,llm,0.820,unreviewed,,doi:10.1016/j.jss.2004.05.010
discarded,Towards increasing web application productivity,J. Jhang,2004,Proceedings of the ACM Symposium on Applied Computing,10.1145/967900.968233,https://www.scopus.com/inward/record.uri?partnerID=HzOxMe3b&scp=2442482833&origin=inward,adjacent-subtopic,,scopus,llm,0.970,unreviewed,,doi:10.1145/967900.968233
discarded,Aspect-oriented implementation method: Progressive or non-progressive approach?,S. Soares,2003,Proceedings of the Conference on Object Oriented Programming Systems Languages and Applications OOPSLA,10.1145/949344.949384,https://www.scopus.com/inward/record.uri?partnerID=HzOxMe3b&scp=49749113457&origin=inward,adjacent-subtopic,,scopus,llm,0.940,unreviewed,,doi:10.1145/949344.949384
discarded,No name: Just notes on software reuse,R. Biddle,2003,Proceedings of the Conference on Object Oriented Programming Systems Languages and Applications OOPSLA,10.1145/949344.949403,https://www.scopus.com/inward/record.uri?partnerID=HzOxMe3b&scp=79951654425&origin=inward,adjacent-subtopic,,scopus,llm,0.930,unreviewed,,doi:10.1145/949344.949403
discarded,No name: Just notes on software reuse,R. Biddle,2003,ACM SIGPLAN Notices,10.1145/966051.966061,https://www.scopus.com/inward/record.uri?partnerID=HzOxMe3b&scp=1442263978&origin=inward,adjacent-subtopic,,scopus,llm,0.930,unreviewed,,doi:10.1145/966051.966061
discarded,A method and tool for identifying domain components using object usage information,W.J. Lee,2003,ETRI Journal,10.4218/etrij.03.0102.0213,https://www.scopus.com/inward/record.uri?partnerID=HzOxMe3b&scp=0038031957&origin=inward,adjacent-subtopic,,scopus,llm,0.970,unreviewed,,doi:10.4218/etrij.03.0102.0213
discarded,Aspect-oriented development with stratified frameworks,C. Atkinson,2003,IEEE Software,10.1109/MS.2003.1159035,https://www.scopus.com/inward/record.uri?partnerID=HzOxMe3b&scp=0037238305&origin=inward,adjacent-subtopic,,scopus,llm,0.960,unreviewed,,doi:10.1109/ms.2003.1159035
discarded,The application of the unified modeling language in object-oriented analysis of healthcare information systems,V. Aggarwal,2002,Journal of Medical Systems,10.1023/A:1016449031753,https://www.scopus.com/inward/record.uri?partnerID=HzOxMe3b&scp=0036776789&origin=inward,adjacent-subtopic,,scopus,llm,0.980,unreviewed,,doi:10.1023/a:1016449031753
discarded,How to develop and to reuse the UniPDM framework,J.A. Kim,2002,Software Practice and Experience,10.1002/spe.456,https://www.scopus.com/inward/record.uri?partnerID=HzOxMe3b&scp=0037055004&origin=inward,adjacent-subtopic,,scopus,llm,0.970,unreviewed,,doi:10.1002/spe.456
discarded,The role of similarity in the reuse of object-oriented analysis models,G. Irwin,2002,Journal of Management Information Systems,10.1080/07421222.2002.11045724,https://www.scopus.com/inward/record.uri?partnerID=HzOxMe3b&scp=0036755143&origin=inward,adjacent-subtopic,,scopus,llm,0.940,unreviewed,,doi:10.1080/07421222.2002.11045724
discarded,Frameworks for compositional development from components,H.K. Kim,2001,Proceedings of the IEEE International Conference on Systems Man and Cybernetics,,https://www.scopus.com/inward/record.uri?partnerID=HzOxMe3b&scp=0035724530&origin=inward,adjacent-subtopic,,scopus,llm,0.970,unreviewed,,hash:f0ec9da2f5003c8c
discarded,"2nd International Conference on Product Focused Software Process Improvement, PROFES 2000",,2000,Lecture Notes in Computer Science Including Subseries Lecture Notes in Artificial Intelligence and Lecture Notes in Bioinformatics,,https://www.scopus.com/inward/record.uri?partnerID=HzOxMe3b&scp=84949998687&origin=inward,adjacent-subtopic,,scopus,llm,0.990,unreviewed,,hash:0ae8debdea205d91
discarded,Building reusable software,S. Parker,1999,Proceedings of the Conference on Technology of Object Oriented Languages and Systems TOOLS,,https://www.scopus.com/inward/record.uri?partnerID=HzOxMe3b&scp=0032684339&origin=inward,adjacent-subtopic,,scopus,llm,0.720,unreviewed,,hash:776603657a0a94c0
discarded,An object oriented approach to reuse,R.H. Dinger,1994,Proceedings of NORTHCON '94,10.1109/NORTHC.1994.643330,https://ieeexplore.ieee.org/document/643330/,qualifies-claim; adjacent-subtopic,"This paper presents software development techniques that enhance reuse. The techniques are discussed within an object oriented context, although some are applicable to any development approach. Object oriented technology often claims to solve productivity problems through the well-known principle of not reinventing the wheel. But technology alone is not enough to serve the problem. The solution is not so simple, there are no ""silver bullets"". The solutions lie primarily in improved approaches to software development.",ieee,llm_reviewed,0.780,changed,kept->discarded,doi:10.1109/northc.1994.643330
discarded,Software reuse trends in the United States,R. Prieto-Diaz,1991,[1991] Proceedings The Fifteenth Annual International Computer Software & Applications Conference,10.1109/CMPSAC.1991.170143,https://ieeexplore.ieee.org/document/170143/,adjacent-subtopic,"A discussion is presented of three definite trends in the practice of software reuse in the United States: (1) a trend in the software industry to institutionalize the practice of reuse, (2) a trend towards integrating reuse in the software development process, and (3) a trend to standardize methods for domain analysis. It is shown that if these trends continue and succeed in their goals, then the promise of software reuse technology to increase productivity and quality is within reach.<>",ieee,llm,0.960,unreviewed,,doi:10.1109/cmpsac.1991.170143
discarded,Adding Process Metrics to Enhance Modification Complexity Prediction,Gabriella Toth; Ad´m Zolt´n Vegh; Arp´d Beszedes; Tibor Gyimothy,2011,2011 IEEE 19th International Conference on Program Comprehension,10.1109/ICPC.2011.41,https://ieeexplore.ieee.org/document/5970157/,adjacent-subtopic,"Software estimation is used in various contexts including cost, maintainability or defect prediction. To make the estimate, different models are usually applied based on attributes of the development process and the product itself. However, often only one type of attributes is used, like historical process data or product metrics, and rarely their combination is employed. In this report, we present a project in which we started to develop a framework for such complex measurement of software projects, which can be used to build combined models for different estimations related to software maintenance and comprehension. First, we performed an experiment to predict modification complexity (cost of a unity change) based on a combination of process and product metrics. We observed promising results that confirm the hypothesis that a combined model performs significantly better than any of the individual measurements.",ieee,llm,0.970,unreviewed,,doi:10.1109/icpc.2011.41
discarded,Software defect prediction analysis using machine learning algorithms,Praman Deep Singh; Anuradha Chug,2017,"2017 7th International Conference on Cloud Computing, Data Science & Engineering - Confluence",10.1109/CONFLUENCE.2017.7943255,https://ieeexplore.ieee.org/document/7943255/,adjacent-subtopic,"Software Quality is the most important aspect of a software. Software Defect Prediction can directly affect quality and has achieved significant popularity in last few years. Defective software modules have a massive impact over software's quality leading to cost overruns, delayed timelines and much higher maintenance costs. In this paper we have analyzed the most popular and widely used Machine Learning algorithms — ANN (Artificial Neural Network), PSO(P article Swarm Optimization), DT (Decision Trees), NB(Naive Bayes) and LC (Linear classifier). The five algorithms were analyzed using KEEL tool and validated using k-fold cross validation technique. Datasets used in this research were obtained from open source NASA Promise dataset repository. Seven datasets were selected for defect prediction analysis. Classification was performed on these 7 datasets and validated using 10 fold cross validation. The results demonstrated the dominance of Linear Classifier over other algorithms in terms of defect prediction accuracy.",ieee,llm,0.990,unreviewed,,doi:10.1109/confluence.2017.7943255
kept,Issues in the adoption of object-oriented paradigm,P. Goyal,1991,COMPCON Spring '91 Digest of Papers,10.1109/CMPCON.1991.128862,https://ieeexplore.ieee.org/document/128862/,qualifies-claim,"The author raises some of the issues that need to be addressed before the object-oriented (OO) paradigm can deliver on its promise. It is argued that, since OO technology lends itself naturally to encapsulation, large-scale systems should really be designed and implemented as a composition of small-scale subsystems. This has implications for the maintainability of the system and, in particular, its extensibility. While attempts are being made to define an OO analysis and design methodology, the work in this area is at a very primitive stage. Another problem is that one seems to be adapting the life-cycle models from the traditional software engineering paradigm. It appears that the OO paradigm is sufficiently different to require its own software development process. The author examines whether the OO software development process is sufficiently different to require a different set of tools and environment from those supporting traditional development.<>",ieee,llm,0.840,unreviewed,,doi:10.1109/cmpcon.1991.128862
discarded,Migration to object oriented platforms: a state transformation approach,Ying Zou; K. Kontogiannis,2002,"International Conference on Software Maintenance, 2002. Proceedings.",10.1109/ICSM.2002.1167814,https://ieeexplore.ieee.org/document/1167814/,adjacent-subtopic,"It has become evident that the benefits of object orientation warrant the design and development of reengineering methods that aim to migrate legacy procedural systems to modern object oriented platforms. However, most research efforts in this direction focus mostly on the extraction of an object model from the legacy procedural code without taking into account quality requirements for the target migrant system. This paper presents a reengineering workbench that allows for quality requirements of the target system to be modeled as soft-goals and software transformations to be applied selectively towards achieving specific quality requirements for the target system. In this context, the migration process is denoted by a sequence of transformations that alter the state of the system being reengineered. A Markov model approach and the Viterbi algorithm are used to identify the optimal sequence of transformations that can be applied at any given state of the migration process. For the evaluation of the proposed workbench, a migration experiment of gnu AVL tree libraries is presented.",ieee,llm,0.900,unreviewed,,doi:10.1109/icsm.2002.1167814
