status,title,authors,year,venue,doi,url,tags,abstract,provider,decision_source,llm_confidence,llm_review_outcome,llm_change_direction,paper_id
discarded,Pattern object-oriented architecture for Multirate Integration Methods,Julio César Pérez Sansalvador; Gustavo Rodríguez Gómez; Saúl E. Pomares Hernández,2011,"CONIELECOMP 2011, 21st International Conference on Electrical Communications and Computers",10.1109/CONIELECOMP.2011.5749354,https://ieeexplore.ieee.org/document/5749354/,adjacent-subtopic,"On the whole, scientific software community has focused in developing faster algorithms, setting aside flexibility, reuse, maintainability and scalability. The common approach used to develop software is the functional decomposition. However, the development of new applications is currently more complex than the former software development. In this work, we present a pattern object oriented architecture (POO) to approximate solutions of initial value problems (IVPs) with different time scales. We propose the use of design patterns' techniques in the developing process of the software architecture. These techniques allow to easily add new numerical methods and use them to create different multirate configurations. Besides, we give evidence that design patterns' techniques are suitable in the analysis, design and development of scientific software.",ieee,llm,0.720,unreviewed,,doi:10.1109/conielecomp.2011.5749354
discarded,Antipatterns detection approaches in Object-Oriented Design: A literature review,Jamilah Din; Anas Bassam AL-Badareen; Yusmadi Yah Jusoh,2012,2012 7th International Conference on Computing and Convergence Technology (ICCCT),,https://ieeexplore.ieee.org/document/6530467/,adjacent-subtopic,"Pattern is one of the most simple and powerful techniques to improve the design, and consequently enhance the maintainability, reusability, and reverse engineering. Design pattern detection is a useful technique for gaining knowledge on the design issues of existing systems and improves the system's comprehension, which consequently enhance the software maintainability and evolution. Numerous studies have been conducted and many tools have been developed to detect design patterns, whereas only few studies considered the antipattern, which has not been investigated with the same extent of patterns detection. This study presents the antipatterns of object oriented design, their definitions, detecting approaches and issues related to their detection. That provides a clear state of the antipatterns detection and its issues that need to be addressed in the future. The result indicates that the antipatterns detection requires further investigation for several limitations and issues.",ieee,llm,0.970,unreviewed,,hash:2706f0dabedd6648
discarded,Reusing existing object-oriented code as web services in a SOA,Harry M. Sneed; Chris Verhoef; Stephan H. Sneed,2013,2013 IEEE 7th International Symposium on the Maintenance and Evolution of Service-Oriented and Cloud-Based Systems,10.1109/MESOCA.2013.6632732,https://ieeexplore.ieee.org/document/6632732/,adjacent-subtopic,"This paper describes the reuse of existing classes and methods in an existing object-oriented system as web services in a service-oriented architecture. The approach presented here identifies the interfaces and public methods which can be invoked from outside and generates a WSDL interface to access them. It is a bottom-up approach to creating web services which allows business processes to reuse existing functionality. The tool SoftReuse described in this paper not only generates interfaces to existing public methods in Java and C# code, but also generates a visual documentation of those interfaces and test scripts for testing them. The test scripts use assertions to generate service requests as well as to validate the service responses. The goal is to build the reused services into new S-BPM business processes. This is an extension of the work already made with procedural languages and presented at a previous MESOCA Workshop.",ieee,llm,0.960,unreviewed,,doi:10.1109/mesoca.2013.6632732
discarded,The evolution of object-oriented design from concept to method,N.W. Davis; M. Wing; J.E. Lee,1990,Managing Complexity in Software Engineering,10.1049/PBCM017E_ch2,https://ieeexplore.ieee.org/document/1515001/,adjacent-subtopic,,ieee,llm,0.780,unreviewed,,doi:10.1049/pbcm017e_ch2
discarded,"Reverse Engineering of Aspect Oriented Systems to Support their Comprehension, Evolution, Testing and Assessment",Mario L. Bernardi,2008,2008 12th European Conference on Software Maintenance and Reengineering,10.1109/CSMR.2008.4493329,https://ieeexplore.ieee.org/document/4493329/,adjacent-subtopic,"Aspect oriented programming (AOP) supports the cross-cutting of concerns by means of aspects. The comprehension, maintenance and testing of AO systems may be more difficult than traditional ones, due to the large impact that aspects have on the static structure and dynamic behavior of the overall system. This thesis proposes the following main contributions to address these open issues: (i) an inter-procedural aspect control flow graph (IACFG) representing the interactions among the aspects and the object oriented (OO) components of an AO system; (ii) an approach to perform structural testing of aspect oriented programs based on a fault model specific to aspect oriented programs and on a set of coverage criteria referring IACFG; (iii) a metric model and a source code analysis algorithm in order to identify aspects with high level of impact and complexity in AOP systems. Several experiments were conducted in order to evaluate effectiveness of the proposed approaches.",ieee,llm,0.940,unreviewed,,doi:10.1109/csmr.2008.4493329
discarded,Evidence driven object identification in procedural code,K. Kontogiannis; P. Patil,1999,STEP '99. Proceedings Ninth International Workshop Software Technology and Engineering Practice,10.1109/STEP.1999.798403,https://ieeexplore.ieee.org/document/798403/,adjacent-subtopic,"Software evolution is an integrated part of software maintenance. It may take the form of porting a legacy system to a new hardware platform operating system, translating the system to a new language or rearchitecting the system to take advantage of new programming paradigms. This paper presents techniques for the identification and recognition of object-oriented structures in legacy systems that have been implemented using a procedural language. The paper examines methods for the selection of object classes and the recovery of the possible associations between the recovered classes.",ieee,llm,0.920,unreviewed,,doi:10.1109/step.1999.798403
discarded,Reconsidering Classes in Procedural Object-Oriented Code,Muhammad Usman Bhatti; Stéphane Ducasse; Marianne Huchard,2008,2008 15th Working Conference on Reverse Engineering,10.1109/WCRE.2008.58,https://ieeexplore.ieee.org/document/4656417/,adjacent-subtopic,"Object-oriented software may show signs of procedural thinking because of lack of design or due to design erosion over a period of time. We refer to such a software as procedural object-oriented code. Huge classes, scarce class hierarchies and absence of classes for domain entities are hallmarks of procedural object-oriented code. Due to huge investments in such systems, software restructuring becomes necessary. To support code modularization, it is important to identify useful domain abstractions. In this paper, we present a tool-assisted technique to identify useful abstractions and class hierarchies in procedural object-oriented code. During this task, principal classes (draft classes) are identified. Afterwards, composition and association relationships are inferred for principal classes. Lastly, Formal Concept Analysis (FCA) is used to analyze hierarchical relationships between methods and attributes within principal classes. We validated our approach on several case studies and report our results on an industrial case.",ieee,llm,0.860,unreviewed,,doi:10.1109/wcre.2008.58
kept,Evaluation of the maintainability of object-oriented software,S. Henry; M. Humphrey; J. Lewis,1990,IEEE TENCON'90: 1990 IEEE Region 10 Conference on Computer and Communication Systems. Conference Proceedings,10.1109/TENCON.1990.152642,https://ieeexplore.ieee.org/document/152642/,supports-claim; stod,"The experiment described supports the claim that systems developed with object-oriented languages are more maintainable than those developed with procedural languages. In this empirical study, student subjects determined the maintainability of systems developed with two languages by performing maintenance tasks on two functionally identical large programs, one written in an object-oriented language and the other written in a procedural language. Maintenance times, error counts, change counts, and programmers' impressions were collected. The analysis of the data from this experiment showed that systems using object-oriented languages are indeed more maintainable than those built with procedural languages.<>",ieee,llm_reviewed,1.000,confirmed,,doi:10.1109/tencon.1990.152642
discarded,Object-oriented development for intelligent network with distributed management,Jing Zhang; N. Simoni,1998,IEEE GLOBECOM 1998 (Cat. NO. 98CH36250),10.1109/GLOCOM.1998.776656,https://ieeexplore.ieee.org/document/776656/,adjacent-subtopic,"The rapid evolution in telecommunication and information technology has made today's network become more and more heterogeneous and distributed. Such situation has underlined the need to effectively manage network resources and services. In terms of the service management, the demand of rapid and flexible introduction of new services with dynamic management is one important aspect in the environment above mentioned. To satisfy this requirement, this paper propose to fully adopt object-oriented paradigm (OOP) differing from the traditional function-oriented (procedural programming) approach for the development of the intelligent network (IN) with its management. In order to make this management distributed, it should be realized by integration and cooperation between the subcomponents of the network. In the course of development, both the concepts of OOP and two new object-oriented technologies, Java and CORBA are used.",ieee,llm,0.860,unreviewed,,doi:10.1109/glocom.1998.776656
discarded,A framework for migrating procedural code to object-oriented platforms,Ying Zou; K. Kontogiannis,2001,Proceedings Eighth Asia-Pacific Software Engineering Conference,10.1109/APSEC.2001.991506,https://ieeexplore.ieee.org/document/991506/,adjacent-subtopic,"With the rapid growth of the Internet and pervasive computing activities, the migration of back-end legacy systems to network centric environments has become a focal point for researchers and practitioners alike. To leverage back-end legacy services into Web-enabled environments, this paper proposes an incremental and iterative migration framework where legacy procedural source code is reengineered into an object-oriented platform. The reengineering framework allows for the representation of the legacy source in the form of XML based annotated abstract syntax trees. Consequently, the extraction of an object-oriented model from the original source code is based on the analysis of source code features in the original system that can be used to identify classes, associations, aggregations, and polymorphic patterns in the new target system.",ieee,llm,0.940,unreviewed,,doi:10.1109/apsec.2001.991506
discarded,Knowledge Representation for Machine Design Support Systems,Zhihua Zhang,2009,2009 Second International Conference on Intelligent Networks and Intelligent Systems,10.1109/ICINIS.2009.176,https://ieeexplore.ieee.org/document/5364320/,off-topic-false-hit,"Creative endeavors ""design work"" are necessary to make up products like various machines. The expert who has knowledge, experience, and knowhow plays an important role to continuing enterprises. How to improve the intellectual productivity of design business is a pressing problem need to solve in manufacturing as one of onsite items. Many general-purposed CAD systems are good to support the works like drawing but not effective to processing and support of the design knowledge. There has been a considerable growth of interest in knowledge-based design support systems. Based on object-oriented methodologies evolved in software engineering and attribute-oriented modeling paradigms, we have proposed assembly structure as design object modeling method and design space model for design problem representation. This paper focuses the discussion on some basic concepts of the models, application of knowledge representation in elements design and manufacturing design for different fields to verify the effectiveness of the proposed method.",ieee,llm,0.910,unreviewed,,doi:10.1109/icinis.2009.176
discarded,The Design of the SIMPLE Programming Language,Di Wu; Lin Chen; Bin Yu; Baowen Xu,2014,2014 11th Web Information System and Application Conference,10.1109/WISA.2014.21,https://ieeexplore.ieee.org/document/7057990/,adjacent-subtopic,"Thousands of programming languages have been designed to meet different demands of application. Among the languages, many have been proposed merely for research exploration, while others have been developed for industrial software productions. Whatever the languages are targeted for, they are vehicles for implementing solutions in software engineering. Therefore, it is vital criteria to evaluate a language by principles of software engineering. But to our best knowledge, modern languages, especially the newly designed ones, are mostly designed to address domain-specific requirements, instead of focusing on the basic principles of software engineering. Thus, we develop a general-purpose language, SIMPLE, which supports the concise concepts adhering to the fundamental software engineering principles. To this end, simplicity, readability, reliability, security, scalability, and efficiency are established as goals of the language and various modular language features are provided. In this paper, we introduce the design of SIMPLE and discuss how its language features comply with the software engineering principles.",ieee,llm,0.950,unreviewed,,doi:10.1109/wisa.2014.21
discarded,"Structured analysis, structured design, visual programming",A.I. Opdahl,1993,Proceedings 1993 IEEE Symposium on Visual Languages,10.1109/VL.1993.269614,https://ieeexplore.ieee.org/document/269614/,adjacent-subtopic,"The paper proposes a visual programming methodology based on the formalised dataflow diagram language PrM. The resulting approach seamlessly integrates all phases of information system development from early analysis to final implementation because the same visual language is applied throughout. The paper describes the PrM language and discusses visual programming in PrM based on menu selection of predefined graphical templates. The possibility of user-specified template types is considered. Generation of production code from visual PrM programs is explained, as well as prototype generation from unfinished specifications. The PrM language has been implemented, and the practicality of the proposed methodology is discussed in relation to this CASE tool.<>",ieee,llm,0.940,unreviewed,,doi:10.1109/vl.1993.269614
discarded,Service Composition Language to Unify Simulation and Optimization of Supply Chains,Alexander Brodsky; Malak Al-Nory; Hadon Nash,2008,Proceedings of the 41st Annual Hawaii International Conference on System Sciences (HICSS 2008),10.1109/HICSS.2008.386,https://ieeexplore.ieee.org/document/4438777/,off-topic-false-hit,"Proposed and developed is the language service composition (SC) CoJava, which extends the programming language Java with (1) a modular service composition framework; (2) an extensible library of supply-chain modeling components such as items, services and business metrics; and (3) decision choice constructs for program variables, assertions of constraints and a designation of a program variable to serve as the objective to be minimized or maximized. The SC-CoJava provides not only the procedural ""simulation-like"" semantics of Java, but also an optimization semantics. The optimization semantics of SC-CoJava amounts to (1) finding an optimal instantiation of values into the choice-variables, based on automatic construction of a standard optimization model and solving it using a mathematical programming solver, and then (2) executing the Java program procedurally, where all the decision choice values are taken from the optimization result.",ieee,llm,0.920,unreviewed,,doi:10.1109/hicss.2008.386
kept,Direction and scope of comprehension-related activities by procedural and object-oriented programmers: an empirical study,C.L. Corritore; S. Wiedenbeck,2000,Proceedings IWPC 2000. 8th International Workshop on Program Comprehension,10.1109/WPC.2000.852488,https://ieeexplore.ieee.org/document/852488/,qualifies-claim,"Examines the direction and scope of comprehension-related activities of professional programmers carrying out several program comprehension and maintenance activities over time. Procedural and object-oriented (OO) programmers studied a program and subsequently performed modifications during two sessions. The results showed that the OO programmers tended to use a strongly top-down approach to program understanding during the early phase of studying the program, but increasingly used a bottom-up approach during the maintenance tasks. The procedural programmers used a more bottom-up orientation throughout all activities. The scope of the activities was greater for the procedural than for the OO programmers. However, regardless of the programming paradigm used, the programmers over time built a broad, rather than a localized, view of the program.",ieee,llm,0.980,unreviewed,,doi:10.1109/wpc.2000.852488
discarded,Using component technology in power system simulations,F.Y. Lu; S. Chen,2002,2002 IEEE Power Engineering Society Winter Meeting. Conference Proceedings (Cat. No.02CH37309),10.1109/PESW.2002.985090,https://ieeexplore.ieee.org/document/985090/,adjacent-subtopic,"This paper examines the impact of the evolution of software technology on the development and deployment of power system simulations. It takes into consideration the heavy reliance of these software systems on the traditional procedural approach based on the Fortran programming language. However, it is eminent that this approach is gradually being superseded by object-oriented techniques as well as the latest method commonly known as component technology. Although it is possible to rebuild the entire analysis software using the new technology, this paper demonstrates that the development effort can be greatly reduced by reusing the many Fortran-based algorithms. This is achieved by taking advantage of the flexibilities provided by the component technology to rehash the existing algorithms into individual components that can be utilized by existing application software as well as the distributed application software of the future.",ieee,llm,0.900,unreviewed,,doi:10.1109/pesw.2002.985090
discarded,PyISOLVER—A Fast Python OOP Implementation of LRDFIT Model,Fanghao Yang; Jonathan E. Menard,2020,IEEE Transactions on Plasma Science,10.1109/TPS.2019.2958001,https://ieeexplore.ieee.org/document/8941043/,adjacent-subtopic,"An inductance-resistance (L-R) 2-D axisymmetric circuit model of a tokamak is constrained to fit combinations of diagnostic data. This model is widely used not only to reconstruct magnetohydrodynamics (MHD) equilibrium but also to predict time-dependent vacuum field evolution as part of TRANSP. However, the computational model was procedurally programmed with a commercial software platform which limits the reuse and distribution of this computational model and requires extra expense on the commercial software license. In this article, the original procedural program was ported from its commercial platform to an open-source Python platform and refactored into the object-oriented programming (OOP) style so that computational models could run independently on computers without calling any commercial software libraries. The new classes of the tokamak model contain the most frequently used methods and data structures from equilibrium fitting (EFIT) and LRDFIT. Currently, the model and diagnostic data are derived from national spherical torus experiment (NSTX)-U, however, a customized model could be easily developed for another tokamak. With Numba just-in-time (JIT) compiler, the speed of Python code is accelerated. The original deployment would take ~56 s to converge on a commercial software platform. The open-source Python version would take ~19 s with the same hardware to fit the same set of diagnostic data. Enabled by the OOP design pattern, the numerical algorithm could be further optimized without modification of any other part of code.",ieee,llm,0.760,unreviewed,,doi:10.1109/tps.2019.2958001
