status,title,authors,year,venue,doi,url,tags,abstract,provider,decision_source,llm_confidence,llm_review_outcome,llm_change_direction,paper_id
discarded,Pokrs : A Prolog-based Object-oriented Knowledge Representation System,Chen Fu-an; Zhu Yi-fen,1988,"Proceedings of the 1988 IEEE International Conference on Systems, Man, and Cybernetics",10.1109/ICSMC.1988.754295,https://ieeexplore.ieee.org/document/754295/,adjacent-subtopic,"This paper introduces the design and implementation of a Prolog-based Object-oriented Knowledge Representation System (POKRS for short), which is a developing environment of knowledge systems. In the system, the authors design a logic-based object-oriented knowledge representation language which is based on the combination of the object-oriented programming and logic programming. The language has both the capability of knowledge base organization from object-oriented programming and the expressive power from logic programming. The paper describes the language implementing method, an algorithm of message receiving and method searching in the inference mechanism, and the functions of knowledge base inquiry and maintenance.The system also provides a structural editor as knowledge input tool. POKRS has been implemented in Prolog-KABA language on IBM-PC microcomputer.",ieee,llm,0.970,unreviewed,,doi:10.1109/icsmc.1988.754295
discarded,Applying mutation analysis for object-oriented programs using a reflective approach,P. Chevalley,2001,Proceedings Eighth Asia-Pacific Software Engineering Conference,10.1109/APSEC.2001.991487,https://ieeexplore.ieee.org/document/991487/,adjacent-subtopic,"This paper presents a mutation analysis tool based on a reflective macro system. Mutation analysis is a powerful and computationally expensive technique that measures the effectiveness of test cases for revealing faults. The principal expense of mutation analysis is that many faulty versions of the program under test, called mutants, must be repeatedly executed. This technique has originally been developed in the framework of procedural programs, and should be revisited to consider some types of faults likely to appear in object-oriented environments. The mutation system detailed in this paper deals with object-oriented concepts introduced in the Java programming language, and is able to generate automatically mutant programs according to 20 types of object-oriented faults.",ieee,llm,0.950,unreviewed,,doi:10.1109/apsec.2001.991487
discarded,The structural complexity of software an experimental test,D.P. Darcy; C.F. Kemerer; S.A. Slaughter; J.E. Tomayko,2005,IEEE Transactions on Software Engineering,10.1109/TSE.2005.130,https://ieeexplore.ieee.org/document/1556556/,adjacent-subtopic,"This research examines the structural complexity of software and, specifically, the potential interaction of the two dominant dimensions of structural complexity, coupling and cohesion. Analysis based on an information processing view of developer cognition results in a theoretically driven model with cohesion as a moderator for a main effect of coupling on effort. An empirical test of the model was devised in a software maintenance context utilizing both procedural and object-oriented tasks, with professional software engineers as participants. The results support the model in that there was a significant interaction effect between coupling and cohesion on effort, even though there was no main effect for either coupling or cohesion. The implication of this result is that, when designing, implementing, and maintaining software to control complexity, both coupling and cohesion should be considered jointly, instead of independently. By providing guidance on structuring software for software professionals and researchers, these results enable software to continue as the solution of choice for a wider range of richer, more complex problems.",ieee,llm,0.760,unreviewed,,doi:10.1109/tse.2005.130
discarded,The effect of object-oriented programming expertise in several dimensions of comprehension strategies,J.-M. Burkhardt; F. Detienne; S. Wiedenbeck,1998,Proceedings. 6th International Workshop on Program Comprehension. IWPC'98 (Cat. No.98TB100242),10.1109/WPC.1998.693294,https://ieeexplore.ieee.org/document/693294/,adjacent-subtopic,"This study analyzes object-oriented (OO) program comprehension by experts and novices. We examine the effect of expertise in three dimensions of comprehension strategies: the scope of the comprehension, the top-down versus bottom-up direction of the processes, and the guidance of the comprehension activity. Overall, subjects were similar in the scope of their comprehension, although the experts tended to consult more files. We found strong evidence of top-down, inference-driven behaviors, as well as multiple guidance in expert comprehension. We also found evidence of execution-based guidance and less use of top-down processes in novice comprehension. Guidance by inheritance and composition relationships in the OO program was not dominant, but nevertheless played a substantial role in expert program comprehension. However, these static relationships more closely tied to the OO nature of the program were exploited poorly by novices. To conclude, these results are discussed with respect to the literature on procedural program comprehension.",ieee,llm,0.940,unreviewed,,doi:10.1109/wpc.1998.693294
discarded,The use of integration tools in software maintenance,P. Salveneschi,1991,Proceedings. Conference on Software Maintenance 1991,10.1109/ICSM.1991.160341,https://ieeexplore.ieee.org/document/160341/,adjacent-subtopic,"The author presents his experiences related to the problem of supporting the evolution of software in the field of engineering and scientific applications. A class of tools, the integrators, is presented and the practical experience of their use, in enhancement and reengineering of existing systems, is described. The functions and the structure of two integration tools, GAIA and MI1, are presented. The basic concept of these tools is that integration is made through a model of the underlying software, implemented using an object-oriented technology. Experiences related to the use of these tools are described.<>",ieee,llm,0.910,unreviewed,,doi:10.1109/icsm.1991.160341
discarded,Membership and Participation in Object Oriented and Procedural Paradigms,Grant Nelson; Clemente Izurieta; Derek Reimanis,2023,"2023 Intermountain Engineering, Technology and Computing (IETC)",10.1109/IETC57902.2023.10152127,https://ieeexplore.ieee.org/document/10152127/,adjacent-subtopic,Analyzing technical debt (TD) periodically with software tools is an important activity to help mitigate maintenance issues and sustain high levels of quality in software. Software written in Object Oriented languages (OO) have more dedicated TD analysis tools than software written in Procedural languages (PL) since many of the analysis techniques describe metrics that implicitly use a method's membership to a class in their calculations. The research described in this paper provides the conceptual foundation for using a membership matrix (used in current TD analysis techniques) and a participation matrix in TD analysis. Our early-stage research work proposes the participation matrix as a superset of the membership matrix and defines the mathematical requirements that must be met by a participation matrix constructed by any procedure. The participation matrix is defined as a fuzzy estimate of memberships and can be used to leverage TD analysis designed for OO to analyze PL programs. The operational implications of this work can allow practitioners to significantly benefit from improved TD tools that are also available in PL software.,ieee,llm,0.930,unreviewed,,doi:10.1109/ietc57902.2023.10152127
discarded,The optimal class size for object-oriented software,K. El Emam; S. Benlarbi; N. Goel; W. Melo; H. Lounis; S.N. Rai,2002,IEEE Transactions on Software Engineering,10.1109/TSE.2002.1000452,https://ieeexplore.ieee.org/document/1000452/,adjacent-subtopic,"A growing body of literature suggests that there is an optimal size for software components. This means that components that are too small or too big will have a higher defect content (i.e., there is a U-shaped curve relating defect content to size). The U-shaped curve has become known as the ""Goldilocks Conjecture."" Recently, a cognitive theory has been proposed to explain this phenomenon and it has been expanded to characterize object-oriented software. This conjecture has wide implications for software engineering practice. It suggests 1) that designers should deliberately strive to design classes that are of the optimal size, 2) that program decomposition is harmful, and 3) that there exists a maximum (threshold) class size that should not be exceeded to ensure fewer faults in the software. The purpose of the current paper is to evaluate this conjecture for object-oriented systems. We first demonstrate that the claims of an optimal component/class size (1) above) and of smaller components/classes having a greater defect content (2) above) are due to a mathematical artifact in the analyses performed previously. We then empirically test the threshold effect claims of this conjecture (3) above). To our knowledge, the empirical test of size threshold effects for object-oriented systems has not been performed thus far. We performed an initial study with an industrial C++ system and repeated it twice on another C++ system and on a commercial Java application. Our results provide unambiguous evidence that there is no threshold effect of class size. We obtained the same result for three systems using four different size measures. These findings suggest that there is a simple continuous relationship between class size and faults, and that, optimal class size, smaller classes are better and threshold effects conjectures have no sound theoretical nor empirical basis.",ieee,llm,0.900,unreviewed,,doi:10.1109/tse.2002.1000452
discarded,Static techniques for concept location in object-oriented code,A. Marcus; V. Rajlich; J. Buchta; M. Petrenko; A. Sergeyev,2005,13th International Workshop on Program Comprehension (IWPC'05),10.1109/WPC.2005.33,https://ieeexplore.ieee.org/document/1421013/,qualifies-claim; adjacent-subtopic,"Concept location in source code is the process that identifies where a software system implements a specific concept. While it is well accepted that concept location is essential for the maintenance of complex procedural code like code written in C, it is much less obvious whether it is also needed for the maintenance of the object-oriented code. After all, the object-oriented code is structured into classes and well-designed classes already implement concepts, so the issue seems to be reduced to the selection of the appropriate class. The objective of our work is to see if the techniques for concept location are still needed (they are) and whether object-oriented structuring facilitates concept location (it does not). This paper focuses on static concept location techniques that share common prerequisites and are search the source code using regular expression matching, or static program dependencies, or information retrieval. The paper analyses these techniques to see how they compare to each other in terms of their respective strengths and weaknesses.",ieee,llm_reviewed,0.940,changed,kept->discarded,doi:10.1109/wpc.2005.33
discarded,Is there any difference in novice comprehension of a small program written in the event-driven and object-oriented styles?,B. Khazaei; M. Jackson,2002,Proceedings IEEE 2002 Symposia on Human Centric Computing Languages and Environments,10.1109/HCC.2002.1046336,https://ieeexplore.ieee.org/document/1046336/,qualifies-claim; adjacent-subtopic,"We report on the conduct and the results of an experiment that investigates the program comprehension differences between event-driven and object-oriented programming styles. A group of novice programmers were asked to comprehend two isomorphic programs and answered a series of five questions on each of the programs. Each question was to address one of five knowledge categories that together formed a complete mental representation of the two programs. Subjects performed badly on recalling the elementary operations knowledge in both styles. They performed very well in the data flow, control flow, function and state knowledge categories for both styles. Subjects were not significantly better in the last four categories indicating that the comprehension of event-driven and object oriented styles have a lot in common. A comparison of these results with the results of earlier studies, which compared procedural and object-oriented styles, indicates that procedural style is furthest away amongst the three styles. The results are discussed in terms of relevance to the theory of program comprehension.",ieee,llm_reviewed,0.720,changed,kept->discarded,doi:10.1109/hcc.2002.1046336
discarded,The development and evaluation of three diverse techniques for object-oriented code inspection,A. Dunsmore; M. Roper; M. Wood,2003,IEEE Transactions on Software Engineering,10.1109/TSE.2003.1223643,https://ieeexplore.ieee.org/document/1223643/,adjacent-subtopic,"We describe the development and evaluation of a rigorous approach aimed at the effective and efficient inspection of object-oriented (OO) code. Since the time that inspections were developed they have been shown to be powerful defect detection strategies. However, little research has been done to investigate their application to OO systems, which have very different structural and execution models compared to procedural systems. This suggests that inspection techniques may not be currently being deployed to their best effect in the context of large-scale OO systems. Work to date has revealed three significant issues that need to be addressed - the identification of chunks of code to be inspected, the order in which the code is read, and the resolution of frequent nonlocal references. Three techniques are developed with the aim of addressing these issues: one based on a checklist, one focused on constructing abstract specifications, and the last centered on the route that a use case takes through a system. The three approaches are evaluated empirically and, in this instance, it is suggested that the checklist is the most effective approach, but that the other techniques also have potential strengths. For the best results in a practical situation, a combination of techniques is recommended, one of which should focus specifically on the characteristics of OO.",ieee,llm,0.900,unreviewed,,doi:10.1109/tse.2003.1223643
discarded,Python Practice Lab: Learn How to Code through Interactive Examples,Angelica Lim; Victor Cheung,2026,Python Practice Lab: Learn How to Code through Interactive Examples,,https://ieeexplore.ieee.org/document/11433635/,adjacent-subtopic,"A guide to learning basic programming by writing fun, working programs that gradually become more complexThis classroom-tested, workbook-style text teaches basic programming by guiding readers to write Python programs that mimic interactive chatbots. Unlike textbooks with opaque examples explained in dry, monotonous code, Python Practice Lab engages readers immediately, with more than thirty motivating and hands-on examples. Readers learn by writing fun, working programs that gradually become more difficult as new concepts are introduced. Most exercises are open ended, promoting creativity in the process of learning. Along with coding practice, the book offers brief introductions to a range of other topics in computer science, including recommendation systems, computer vision, and big data, and relates these subjects to the programming concepts covered in the book. Python Practice Lab will be an essential resource for anyone who wants to learn to program, instructors teaching Python to beginners, and students who want to supplement their coursework by building complete and functional programs.Uses natural language and text strings rather than math as the main building blocks for learning about program structureRewrites code comprehension exercises in equivalent code with inclusive and approachable variables rather than terse, single-letter variablesChallenges readers to write a full program in each chapterPresents a selection of projects at the end of the book that integrates the concepts introduced in previous chapters",ieee,llm,0.990,unreviewed,,hash:9d6580805aad9d62
discarded,Application of object-oriented techniques to software development in an EMS environment,S. Vadari; Jason Ta-Kang Ma,1995,Proceedings of Power Industry Computer Applications Conference,10.1109/PICA.1995.515281,https://ieeexplore.ieee.org/document/515281/,supports-claim; adjacent-subtopic,"Power system operations and control are becoming more and more complex. The developers are being forced to analyze multiple environments (PC/workstations, expert systems or procedural systems, structural programming or object-oriented (OO) programming, and others) in order to deliver the capabilities that are expected from them. In this paper, the authors share some of the insights that they have learned over the period of developing applications in a multi-hardware platform/multi-operating system environment: application of OO technology to simplify the software design, maintenance, and integration processes; provide a unified abstract interface to be integrated with other software components; use the same OO paradigm to design various parts of the system; provide an intuitive user interface; and reduce software development and maintenance costs. The authors have also provided a source database design case study to illustrate the use of OO technology in EMS application development. Some ideas explored in this paper have been fully utilized.",ieee,llm_reviewed,0.680,changed,kept->discarded,doi:10.1109/pica.1995.515281
kept,Comprehending object and process models: an empirical study,R. Agarwal; P. De; A.P. Sinha,1999,IEEE Transactions on Software Engineering,10.1109/32.799953,https://ieeexplore.ieee.org/document/799953/,qualifies-claim; mot,"We report the results of an empirical study comparing user comprehension of object oriented (OO) and process oriented (PO) models. The fundamental difference is that while OO models tend to focus on structure, PO models tend to emphasize behaviour or processes. Proponents of the OO modeling approach argue that it lends itself naturally to the way humans think. However, evidence from research in cognitive psychology and human factors suggests that human problem solving is innately procedural. Given these conflicting viewpoints, we investigate empirically if OO models are in fact easier to understand than PO models. But, as suggested by the theory of cognitive fit, model comprehension may be influenced by task-specific characteristics. We therefore compare OO and PO models based on whether the comprehension activity involves: 1) only structural aspects, 2) only behavioral aspects, or 3) a combination of structural and behavioral aspects. We measure comprehension through subjects' responses to questions designed along these three dimensions. Results show that for most of the simple questions, no significant difference was observed insofar as model comprehension is concerned. For most of the complex questions, however, the PO model was found to be easier to understand than the OO model. In addition to describing the process and the outcomes of the experiments, we present the experimental method employed as a viable approach for conducting research into various phenomena related to the efficacy of alternative systems analysis and design methods. We also identify areas where future research is necessary, along with a recommendation of appropriate research methods for empirical examination.",ieee,llm_reviewed,0.980,confirmed,,doi:10.1109/32.799953
