status,title,authors,year,venue,doi,url,tags,abstract,provider,decision_source,llm_confidence,llm_review_outcome,llm_change_direction,paper_id
discarded,Risk Assessment of Substation Integrated Anti-Misoperation System Considering Human Reliability,Chuan Lin; Qifeng Xu,2023,IEEE Transactions on Power Delivery,10.1109/TPWRD.2022.3231462,https://ieeexplore.ieee.org/document/9996554/,off-topic-false-hit,"The integrated substation automation system (ISAS) based on IEC-61850 is the development direction of the intelligent substation. Currently, the reliability research of the ISAS rarely involves the quantitative influence of human factors. Therefore, a risk assessment technique of ISAS considering human reliability is proposed. The technique is based on Human Factors Analysis and Classification System framework, Fuzzy Fault Tree Analysis methodology, and Functional Decomposition method. Then, it's applied to the integrated anti-misoperation system in ISAS. The system's reliability considering human error is quantitatively evaluated through a series of studies. The results show that a quantitative method is valuable in assessing the reliability of ISAS. The main contributions of this paper are: 1) to give explicit formulas for risk assessment of ISAS, which objectively describes the system risk and provides risk prompts for dispatch operators; 2) to intuitively reflect how the reliability attributes of the system's equipment and network interfere with the reliability of the system; 3) to prove that human errors will seriously affect the risk level of the system. As the rate of human error increases, the risk level of the system rises until it collapses.",ieee,llm,0.990,unreviewed,,doi:10.1109/tpwrd.2022.3231462
discarded,An objected-oriented approach to development and integration of graphical user interface and power system framework,F. Kober; A. Manzoni; F.A.B. Lemos,2003,"2003 IEEE Bologna Power Tech Conference Proceedings,",10.1109/PTC.2003.1304495,https://ieeexplore.ieee.org/document/1304495/,adjacent-subtopic,"The computational systems developed for power system analyses have' been increased in size and complexity. The majority of this software use old programming techniques and procedural languages such as FORTRAN and PASCAL. Object- oriented technology has gained widespread acceptance to overcome the inflexibility of traditional software development, such as maintenance, update and integration of software developed for different programmer's teams. This paper presents a description of the design and implementation of a graphic user interface (GUI) and its integration to a power system framework that is used to develop a distribution system analysis package. Both GUI and power system framework are developed using object-oriented programming (OOP) in C++. The choice of OOP paradigm is due to its modular and hierarchical structure and also capability to make easier the integration, maintenance and reutilization. An example of software and graphical interface, which is used in an electrical utility, demonstrates the proposed approach.",ieee,llm,0.900,unreviewed,,doi:10.1109/ptc.2003.1304495
discarded,Experimental Validation of Inheritance Metrics’ Impact on Software Fault Prediction,Syed Rashid Aziz; Tamim Khan; Aamer Nadeem,2019,IEEE Access,10.1109/ACCESS.2019.2924040,https://ieeexplore.ieee.org/document/8742643/,adjacent-subtopic,"Software faults can cause trivial annoyance to catastrophic failures. Recent work in software fault prediction (SFP) advocates the need for predicting faults before deployment to aid testing process. Object-oriented programming is complex while comparing it with procedural languages having multiple dimensions wherein inheritance is an important aspect. In this paper, we aim to investigate how much inheritance metrics assist in predicting software fault proneness. We first select the Chidamber and Kemerer (CK) metrics, most accepted metric suite for predicting software faults and inheritance metrics. We use 65 publicly available base datasets having CK metrics and some other inheritance metrics to evaluate the impact of inheritance on SFP. We split each dataset into further two datasets: inheritance with CK and CK without inheritance for comparison of results. An artificial neural network (ANN) is used for model building, and accuracy, recall, precision, F1 measures, and true negative rate (TNR) are used for measuring performance. Comparison is made and the results show an acceptable contribution of inheritance metrics in SFP. The testing community can safely use inheritance metrics in predicting software faults. Moreover, high inheritance is not desirable, as this can potentially lead to software faults.",ieee,llm,0.940,unreviewed,,doi:10.1109/access.2019.2924040
discarded,Inter-class mutation operators for Java,Yu-Seung Ma; Yong-Rae Kwon; J. Offutt,2002,"13th International Symposium on Software Reliability Engineering, 2002. Proceedings.",10.1109/ISSRE.2002.1173287,https://ieeexplore.ieee.org/document/1173287/,adjacent-subtopic,"The effectiveness of mutation testing depends heavily on the types of faults that the mutation operators are designed to represent. Therefore, the quality of the mutation operators is key to mutation testing. Mutation testing has traditionally been applied to procedural-based languages, and mutation operators have been developed to support most of their language features. Object-oriented programming languages contain new language features, most notably inheritance, polymorphism, and dynamic binding. Not surprisingly; these language features allow new kinds of faults, some of which are not modeled by traditional mutation operators. Although mutation operators for OO languages have previously been suggested, our work in OO faults indicate that the previous operators are insufficient to test these OO language features, particularly at the class testing level. This paper introduces a new set of class mutation operators for the OO language Java. These operators are based on specific OO faults and can be used to detect faults involving inheritance, polymorphism, and dynamic binding, thus are useful for inter-class testing. An initial Java mutation tool has recently been completed, and a more powerful version is currently under construction.",ieee,llm,0.920,unreviewed,,doi:10.1109/issre.2002.1173287
discarded,The research of statistical testing fault detection method based on embedded software,Zheng Wei; Liu Qi; Zhang Liang,2012,"2012 6th International Conference on New Trends in Information Science, Service Science and Data Mining (ISSDM2012)",,https://ieeexplore.ieee.org/document/6528418/,adjacent-subtopic,"The purpose of this research is to locate software failure by establishing a improved method of fault location based on Statistical predicate assessment model quickly and accurately. In our research, we using TTCN-3 language for modeling the entire testing system, evaluating reconstructing the needed TTCN-3 test set and then combining the implementation of the testing cases after memorization to build a fault locating method based on predicate evaluating model, building the TTCN-3 abstract model of aiming at the field of real-time embedded, applying the class coherence of LCMO metric into TTCN-3 model coherence analysis, and applying this metric project into Trex for it's extension, building the statistics evaluation model aiming at predicate as well as modeling by the way of using testing method of parametric and non-parametric. The results indicate that it's more efficient and accurate to locate procedural errors.",ieee,llm,0.970,unreviewed,,hash:4508ad04b39a0ec5
discarded,A tool for automatically gathering object-oriented metrics,C.L. Brooks; C.G. Buell,1994,Proceedings of National Aerospace and Electronics Conference (NAECON'94),10.1109/NAECON.1994.332952,https://ieeexplore.ieee.org/document/332952/,adjacent-subtopic,"Measuring software and the software development process are essential for organizations attempting to improve their software processes. For organizations using the object-oriented development approach, traditional metrics and metric gathering tools meant for procedural and structured software development are typically not meaningful. Chidamber and Kemerer proposed a suite of metrics for object-oriented design based upon measurement theory and guided by the insights of experienced object-oriented software developers. This paper presents the implementation of a tool to gather a subset of these proposed metrics for an object oriented software development project. Software metrics can be gathered at many levels of granularity; this tool provides measurements at two levels: class-level and system-level. Class-level metrics measure the complexity of individual classes contained in the system. These metrics can be very useful for predicting defect rates and estimating cost and schedule of future development projects. Examples of class-level metrics are depth of inheritance tree and class coupling. System-level metrics deal with a collection of classes that comprise an object-oriented system. Number of class clusters and number of class hierarchies are two examples of system-level metrics. The tool was written in C++ and currently only supports C++ software measurement. The authors plan to add the capability to measure software written in other object-oriented languages in the near future.<>",ieee,llm,0.950,unreviewed,,doi:10.1109/naecon.1994.332952
discarded,Development of a material flow control system with Kyrie: a language for integrating rule-based programming and object-oriented programming,T. Baba; Y. Matsuo; O. Dairiki; T. Yasunami,1994,ETFA '94. 1994 IEEE Symposium on Emerging Technologies and Factory Automation. (SEIKEN) Symposium) -Novel Disciplines for the Next Century- Proceedings,10.1109/ETFA.1994.402016,https://ieeexplore.ieee.org/document/402016/,adjacent-subtopic,"We have developed Kyrie, an object-oriented rule-based language and environment. Kyrie provides unique and powerful knowledge representation based on the object-oriented programming such as class, method and inheritance. It also achieves a high run-time performance and less memory consumption. Kyrie was applied to the development of a material flow control system. The system models a real manufacturing process in steel making plant and an expert system (ES) is embedded to alternate the jobs that are actually done by human operators. The effectiveness of the system was evaluated through off-line tests that were based on the real plant data, and Kyrie was greatly constituted to increase the efficiency and reliability in the development stage of the system.<>",ieee,llm,0.920,unreviewed,,doi:10.1109/etfa.1994.402016
discarded,A qualitative simulation of faults on NGC's transmission system,E. Cahill,1991,IEE Colloquium on Artificial Intelligence in Simulation,,https://ieeexplore.ieee.org/document/180936/,off-topic-false-hit,"The National Grid Company's (NGC's) supergrid consists of about 200 substations inter-connected by over 7000 km of transmission lines. The supergrid can suffer failures like any other complex system. The system is continually monitored by protection systems which automatically open circuit-breakers to isolate the affected items of plant. Low level messages reflecting these switching events and some of the protection events are transmitted automatically to an Area Control Centre (ACC) where the control engineer has to interpret these messages in order to ascertain what has transpired on the system. NG RDC have been developing an expert system (ES) to assist the engineer in firstly, keeping track of the state of the system and secondly, in diagnosing the fault on the basis of the messages received at the ACC. An integral part of this ES is a discrete event qualitative simulator of the response of the transmission system and its protection systems to a fault. For a specified fault the simulator emulates the resultant sequence of protection operations and switching events. It also reproduces the list of messages that would have been transmitted to the ACC.<>",ieee,llm,0.990,unreviewed,,hash:2aeafaea6445058e
discarded,A quality enhancement through defect reduction using refactoring operation,Anuradha Chug; Monika Gupta,2017,"2017 International Conference on Advances in Computing, Communications and Informatics (ICACCI)",10.1109/ICACCI.2017.8126117,https://ieeexplore.ieee.org/document/8126117/,adjacent-subtopic,"Refactoring is widely used technique to enhance overall quality of an existing software system by changing its internal structure without modifying its external behavior. Although, it is difficult to implement the refactoring manually, it helps to reduce the defects in the existing software. Three main types of design defects are investigated in the current study namely blob, Spaghetti Code (SC) and Functional Decomposition (FD) by applying specific rule which are based on the combination of Object-Oriented (OO) metrics and their threshold values. Further, study also suggests a novel approach to minimize the defects and improve the quality of software system by applying specific refactoring operations into the code. Five large open source projects JDATEPICKER, JXLS, JTDS, JFREECHART and JHOTDRAW were used for the empirical evaluation of the suggested approach. Results show that the refactoring is very effective for reducing the probability of the number of defects in existing software. We found that 20%, 16%, 4%, 14% and 5% defects are reduced in JDATEPICKER, JXLS, JTDS, JFREECHART and JHOTDRAW software respectively. The results produces in this study are useful for the developers to identify the defect prone areas in the software and reduce the probability of occurrence of defects in source code before its release.",ieee,llm,0.950,unreviewed,,doi:10.1109/icacci.2017.8126117
discarded,Putting OO to work: results from applying the object-oriented paradigm during the development of real-time applications,C.E. Pereira,1993,[1993] Proceedings of the IEEE Workshop on Real-Time Applications,10.1109/RTA.1993.263094,https://ieeexplore.ieee.org/document/263094/,supports-claim; adjacent-subtopic,"The paper gives an overview of some results and lessons learned from the application of object-oriented (OO) techniques to real-time systems development. These results have been obtained within the scope of a research project which investigates what advantages can be achieved applying OO issues to real-time systems development, and what improvements in the existing OO methods are needed in order to make them really usable for real-time applications. One of the case studies performed, the process control and monitoring of a package routing system, is used in a comparison of the results obtained by applying an OO approach and a 'conventional' one (functional decomposition using concurrent processes). The paper focuses mainly on aspects concerning the real-time software implementation phase.<>",ieee,llm_reviewed,0.910,changed,kept->discarded,doi:10.1109/rta.1993.263094
discarded,Functional modeling of complex systems with applications,M. Modarres,1999,Annual Reliability and Maintainability. Symposium. 1999 Proceedings (Cat. No.99CH36283),10.1109/RAMS.1999.744153,https://ieeexplore.ieee.org/document/744153/,off-topic-false-hit,This paper describes the use of a functional modeling approach called goal tree-success tree (GTST) and master logic diagram (MLD) as frameworks for modeling complex physical systems. A function-based lexicon for classifying the most common elements of engineering systems is proposed. This classification is based on the conservation laws that govern the engineering systems. It is argued that functional descriptions based on conservation laws provide a simple and rich vocabulary for modeling complex engineering systems. Several examples of using the GTST-MLD framework in reliability and risk analysis and a tool for automating the analysis have been presented.,ieee,llm,0.980,unreviewed,,doi:10.1109/rams.1999.744153
discarded,Towards an Object-Oriented extension for IEC 61131,Kleanthis Thramboulidis,2012,Proceedings of 2012 IEEE 17th International Conference on Emerging Technologies & Factory Automation (ETFA 2012),10.1109/ETFA.2012.6489673,https://ieeexplore.ieee.org/document/6489673/,adjacent-subtopic,"The IEC 61131 has been successfully used for many years in the industrial automation domain. IEC 61499 was defined to better handle complexity and increase modularity and reusability in the development process, but it failed on its objective. The extension of the IEC 61131 that supports the Object Oriented paradigm is considered today as the most promising solution to address new requirements and lead to a more productive development process. In this paper, the upcoming version of the IEC 61131 and mainly its extension to the OO paradigm is analyzed with the intention to identify defects and propose solutions. The approach adopted in this extension is quite similar to the one of C++, i.e., a mixing of procedural and OO paradigms. This has advantages and dis-advantages for the developer.",ieee,llm,0.870,unreviewed,,doi:10.1109/etfa.2012.6489673
discarded,The confounding effect of class size on the validity of object-oriented metrics,K. El Emam; S. Benlarbi; N. Goel; S.N. Rai,2001,IEEE Transactions on Software Engineering,10.1109/32.935855,https://ieeexplore.ieee.org/document/935855/,adjacent-subtopic,"Much effort has been devoted to the development and empirical validation of object-oriented metrics. The empirical validations performed thus far would suggest that a core set of validated metrics is close to being identified. However, none of these studies allow for the potentially confounding effect of class size. We demonstrate a strong size confounding effect and question the results of previous object-oriented metrics validation studies. We first investigated whether there is a confounding effect of class size in validation studies of object-oriented metrics and show that, based on previous work, there is reason to believe that such an effect exists. We then describe a detailed empirical methodology for identifying those effects. Finally, we perform a study on a large C++ telecommunications framework to examine if size is really a confounder. This study considered the Chidamber and Kemerer metrics and a subset of the Lorenz and Kidd metrics. The dependent variable was the incidence of a fault attributable to a field failure (fault-proneness of a class). Our findings indicate that, before controlling for size, the results are very similar to previous studies. The metrics that are expected to be validated are indeed associated with fault-proneness.",ieee,llm,0.940,unreviewed,,doi:10.1109/32.935855
discarded,Issues in the testing of object-oriented software,E.V. Berard,1994,Proceedings of ELECTRO '94,10.1109/ELECTR.1994.472703,https://ieeexplore.ieee.org/document/472703/,adjacent-subtopic,"Much of what we know about testing technology does indeed apply to object-oriented systems. However, object-orientation brings with it, its own specialized set of concerns. Fortunately, there is a significant amount of research being conducted, and there is already an existing experience base.<>",ieee,llm,0.910,unreviewed,,doi:10.1109/electr.1994.472703
discarded,G2: a software platform for intelligent process control,R.L. Moore,1991,Proceedings of the 1991 IEEE International Symposium on Intelligent Control,10.1109/ISIC.1991.187324,https://ieeexplore.ieee.org/document/187324/,adjacent-subtopic,"A description is given of the G2 real-time expert system, which operates online with thousands of objects and variables, including reasoning about behavior over time and integration of dynamic models as well as rules into the expert system. Knowledge representation and reasoning issues are discussed. G2's development capabilities are examined.<>",ieee,llm,0.960,unreviewed,,doi:10.1109/isic.1991.187324
discarded,Towards an object approach for quality monitoring and diagnosis on a galvanizing line,Roth; Sirou; Bloch; Cecchin,1994,1994 Proceedings of IEEE International Conference on Control and Applications,10.1109/CCA.1994.381355,https://ieeexplore.ieee.org/document/381355/,off-topic-false-hit,"An integrated object approach for quality monitoring and diagnosis on a galvanizing line is presented. The aim is to diagnose the quality problems concerning the coated strip at the exit of the line. The diagnosis is mainly based on a ""causal tree"", which associates to each symptom the possible explanations. These causes can often be considered as new abnormalities to detect, forming so the nodes of the tree, to which causes are also associated, and so on until the causes considered as primary. The route in the tree then links for each node new cycles of detection-diagnosis, taking into account specific models and variables. This study presents an organisation of knowledge of a diagnosis system based on an object approach using the object modelling technique.<>",ieee,llm,0.940,unreviewed,,doi:10.1109/cca.1994.381355
