status,title,authors,year,venue,doi,url,tags,abstract,provider,decision_source,llm_confidence,llm_review_outcome,llm_change_direction,paper_id
discarded,An aspect-oriented framework for orthogonal persistence,Rui Humberto R. Pereira; J. Baltasar García Perez-Schofield,2010,5th Iberian Conference on Information Systems and Technologies,,https://ieeexplore.ieee.org/document/5556633/,adjacent-subtopic,"The life cycle of software applications in general is very short and with extreme volatile requirements. Within these conditions programmers need development tools and techniques with an extreme level of productivity. We consider the code reuse as the most prominent approach to solve that problem. Our proposal uses the advantages provided by the Aspect-Oriented Programming in order to build a reusable framework capable to turn both programmer and application oblivious as far as data persistence is concerned, thus avoiding the need to write any line of code about that concern. Besides the benefits to productivity, the software quality increases. This paper describes the actual state of the art, identifying the main challenge to build a complete and reusable framework for Orthogonal Persistence in concurrent environments with support for transactions. The present work also includes a successfully developed prototype of that framework, capable of freeing the programmer of implementing any read or write data operations. This prototype is supported by an object oriented database and, in the future, will also use a relational database and have support for transactions.",ieee,llm,0.970,unreviewed,,hash:f623c3a9058464bd
discarded,Integration of Artificial Intelligence into software reuse: An overview of Software Intelligence,Amandeep Kaur Sandhu; Ranbir Singh Batth,2021,"2021 2nd International Conference on Computation, Automation and Knowledge Management (ICCAKM)",10.1109/ICCAKM50778.2021.9357738,https://ieeexplore.ieee.org/document/9357738/,adjacent-subtopic,"Software reuse not only reduces time-to-market but also improve productivity and reliability of the software. Developers can take the benefits of reusable modules of the software by simply accessing the software repository. To create these repositories Data Mining techniques are used and later to predict the reusability factor of the modules Artificial Intelligence comes into light. This integration of Data Mining with Artificial Intelligence to perform software engineering task is termed as software Intelligence. This paper provides a roadmap of conventional reuse approaches to Software Intelligence approaches. Intense survey is conducted on various Artificial Intelligence algorithms applied to measure reusability of the extracted component. From the survey it is concluded that Components Based Development fits best for modern applications as it supports object-oriented paradigm. Besides, the existing Artificial intelligence approaches lack is efficient prediction of reusable module.",ieee,llm,0.970,unreviewed,,doi:10.1109/iccakm50778.2021.9357738
discarded,Towards facilities to introduce solutions for MDE in development environments with reusable assets,Fábio P. Basso; Cláudia M. L. Werner; Toacy C. Oliveira,2014,Proceedings of the 2014 IEEE 15th International Conference on Information Reuse and Integration (IEEE IRI 2014),10.1109/IRI.2014.7051890,https://ieeexplore.ieee.org/document/7051890/,adjacent-subtopic,"Model Driven Engineering (MDE) is a software development paradigm that promotes improvements in productivity through reuse of software model specifications. Although much effort has been dedicated for more than ten years, MDE has not achieved expressive use. In this paper we address the problem of a lack of a knowledge base about MDE-based solutions, a reason that hampers MDE in practice. To surpass it we propose a domain specific language named RAS++ that represents these solutions as reusable assets. Assets are composed by reuse structures and semantics for the execution of technical solutions for Automated Software Engineering, fostering the integration of tasks for MDE in development environments. Facilities are introduced through some supporting tools: one to design reusable assets and other to integrate them in target development environments. Practical experiences have proven to be promising, suggesting that reusable assets promote some benefits not allowed by other approaches, such as the possibility of a distributed base of knowledge for ASE solutions.",ieee,llm,0.970,unreviewed,,doi:10.1109/iri.2014.7051890
discarded,Composite Design Patterns to Integrate Available Services,Dan Thu Tran; Thuy Bao Tran Huynh,2008,2008 IEEE International Symposium on Service-Oriented System Engineering,10.1109/SOSE.2008.28,https://ieeexplore.ieee.org/document/4730457/,adjacent-subtopic,"In recent years, researchers as well as industrial developers have paid much effort to the contribution of development methods and infrastructural environments for web-based applications. In particular, web service standards allow developers to elaborate, reuse and integrate services to produce web-based softwares. Web service standards are currently a very promising technology for software productivity improvement due to the integration of available quality services. We are interested in finding design solutions to each problem we meet when constructing service-based applications. These solutions are design patterns to help developers in the development process. In this paper, we present composite design patterns for services-based software development.",ieee,llm,0.980,unreviewed,,doi:10.1109/sose.2008.28
discarded,Object-Oriented Programming in the Beta Programming Language,Ole Lehrmann Madsen; Birger Mø-Pedersen; Kristen Nygaard,1993,Addison-Wesley eBooks,,https://openalex.org/W1739798036,adjacent-subtopic,"This is a book on object-oriented programming and the BETA programming language. Object-oriented programming originated with the Simula languages developed at the Norwegian Computing Center, Oslo, in the 1960s. The first Simula language, Simula I, was intended for writing simulation programs. Simula I was later used as a basis for defining a general purpose programming language, Simula 67. In addition to being a programming language, Simula1 was also designed as a language for describing and communicating about systems in general. Simula has been used by a relatively small community for many years, although it has had a major impact on research in computer science. The real breakthrough for object-oriented programming came with the development of Smalltalk. Since then, a large number of programming languages based on Simula concepts have appeared. C++ is the language that has had the greatest influence on the use of object-oriented programming in industry. Object-oriented programming has also been the subject of intensive research, resulting in a large number of important contributions. The authors of this book, together with Bent Bruun Kristensen, have been involved in the BETA project since 1975, the aim of which is to develop concepts, constructs and tools for programming. The BETA language is one main result of this project, the various stages of which have been described in many different reports and articles (Kristensen et al., 1976; 1983a,b; 1985; 1987a,b; 1988; Madsen, 1987; Madsen and Møller-Pedersen, 1988; 1989a,b; 1992; Madsen et al., 1983). This book contains a description of the BETA language together with the conceptual framework on which BETA has been based. Beta is used for formidable buisness tasks as well as in academic education and research.",openalex,llm,0.980,unreviewed,,hash:ce53f9cc3dc15c94
discarded,An object-oriented approach to multimedia databases,Darrell Woelk; Won Bae Kim; Willis Luther,1986,ACM SIGMOD Record,10.1145/16856.16885,https://openalex.org/W2092290862,adjacent-subtopic,"This paper identifies data modelling and data access and sharing requirements which multimedia applications impose on a database system. It shows the capabilities of an object-based data model and indicates extensions which are needed to meet the data modelling aspects of these requirements. A logical implementation of the operations on the model is described. The model generalizes the notions of instantiation and generalization in the standard object-oriented paradigm, and augments it with the notions of aggregation and relationships which are specialized for a multimedia application environment. Objects may exist in aggregation hierarchies which provide the capability to integrate diverse types of multimedia information such as text, sound, bit-mapped images, and complex graphics drawings. Objects may also be linked through other user-defined relationships to capture such application functions as voice annotation and referencing of one document by another. Using this model, the semantics of aggregation and relationships in a multimedia application environment can be understood and efficiently supported by a database system.",openalex,llm,0.980,unreviewed,,doi:10.1145/16856.16885
discarded,An object-oriented approach to multimedia databases,Darrell Woelk; Won Bae Kim; Willis Luther,1986,,10.1145/16894.16885,https://openalex.org/W4232791710,adjacent-subtopic,"This paper identifies data modelling and data access and sharing requirements which multimedia applications impose on a database system. It shows the capabilities of an object-based data model and indicates extensions which are needed to meet the data modelling aspects of these requirements. A logical implementation of the operations on the model is described. The model generalizes the notions of instantiation and generalization in the standard object-oriented paradigm, and augments it with the notions of aggregation and relationships which are specialized for a multimedia application environment. Objects may exist in aggregation hierarchies which provide the capability to integrate diverse types of multimedia information such as text, sound, bit-mapped images, and complex graphics drawings. Objects may also be linked through other user-defined relationships to capture such application functions as voice annotation and referencing of one document by another. Using this model, the semantics of aggregation and relationships in a multimedia application environment can be understood and efficiently supported by a database system.",openalex,llm,0.980,unreviewed,,doi:10.1145/16894.16885
discarded,An object-oriented representation for product and design processes,Sreenivasa Rao Gorti; A.K. Gupta; GJ Kim; R. D. Sriram; Albert Kai-Sun Wong,1998,Computer-Aided Design,10.1016/s0010-4485(97)00087-0,https://openalex.org/W2069088270,off-topic-false-hit,"We report on the development of a knowledge representation model, which is based on the SHARED object model reported in Shared Workspaces for Computer-Aided Collaborative Engineering (Wong, A. and Sriram, D., Technical Report, IESL 93-06, Intelligent Engineering Systems Laboratory, Department of Civil Engineering, MIT, March, 1993) and Research in Engineering Design (Wong, A. and Sriram, D., SHARED: An Information Model for Cooperative Product Development, 1993, Fall, 21-39). Our current model is implemented as a layered scheme, that incorporates both an evolving artifact and its associated design process. To represent artifacts as they evolve, we define objects recursively without a pre-defined granularity on this recursive decomposition. This eliminates the need for translations between levels of abstraction in the design process. The SHARED model extends traditional OOP in three ways: by allowing explicit relationship classes with inheritance hierarchies; by permitting constraints to be associated with objects and relationships; and by comparing `similar' objects at three different levels (form, function and behavior).",openalex,llm,0.910,unreviewed,,doi:10.1016/s0010-4485(97)00087-0
discarded,An overview of the Trilinos project,Michael A. Heroux; Roscoe A. Bartlett; Vicki E. Howle; Robert J. Hoekstra; Jonathan Joseph Hu; Tamara G. Kolda; Richard B. Lehoucq; Kevin R. Long; Roger P. Pawlowski; Eric Phipps; Andrew G. Salinger; Heidi Thornquist; Raymond S. Tuminaro; James Willenbring; ALAN E. WILLIAMS; Kendall S. Stanley,2005,ACM Transactions on Mathematical Software,10.1145/1089014.1089021,https://openalex.org/W2022916138,adjacent-subtopic,"The Trilinos Project is an effort to facilitate the design, development, integration, and ongoing support of mathematical software libraries within an object-oriented framework for the solution of large-scale, complex multiphysics engineering and scientific problems. Trilinos addresses two fundamental issues of developing software for these problems: (i) providing a streamlined process and set of tools for development of new algorithmic implementations and (ii) promoting interoperability of independently developed software.Trilinos uses a two-level software structure designed around collections of packages . A Trilinos package is an integral unit usually developed by a small team of experts in a particular algorithms area such as algebraic preconditioners, nonlinear solvers, etc. Packages exist underneath the Trilinos top level, which provides a common look-and-feel, including configuration, documentation, licensing, and bug-tracking.Here we present the overall Trilinos design, describing our use of abstract interfaces and default concrete implementations. We discuss the services that Trilinos provides to a prospective package and how these services are used by various packages. We also illustrate how packages can be combined to rapidly develop new algorithms. Finally, we discuss how Trilinos facilitates high-quality software engineering practices that are increasingly required from simulation software.",openalex,llm,0.980,unreviewed,,doi:10.1145/1089014.1089021
discarded,Cost analysis of object-oriented bytecode programs,Elvira Albert; Puri Arenas; Samir Genaim; Germán Puebla; Damiano Zanardini,2011,Theoretical Computer Science,10.1016/j.tcs.2011.07.009,https://openalex.org/W2094712524,adjacent-subtopic,,openalex,llm,0.950,unreviewed,,doi:10.1016/j.tcs.2011.07.009
discarded,Specification and verification challenges for sequential object-oriented programs,Gary T. Leavens; K. Rustan M. Leino; Péter Müller,2007,Formal Aspects of Computing,10.1007/s00165-007-0026-7,https://openalex.org/W1977978965,adjacent-subtopic,Abstract The state of knowledge in how to specify sequential programs in object-oriented languages such as Java and C# and the state of the art in automated verification tools for such programs have made measurable progress in the last several years. This paper describes several remaining challenges and approaches to their solution.,openalex,llm,0.980,unreviewed,,doi:10.1007/s00165-007-0026-7
kept,Mental representations of expert procedural and object-oriented programmers in a software maintenance task,Cynthia L. Corritore; Susan Wiedenbeck,1999,International Journal of Human-Computer Studies,10.1006/ijhc.1998.0236,https://openalex.org/W2017650220,qualifies-claim,,openalex,llm,0.920,unreviewed,,doi:10.1006/ijhc.1998.0236
discarded,Conditional rewriting logic as a unified model of concurrency,José Meseguer,1992,Theoretical Computer Science,10.1016/0304-3975(92)90182-f,https://openalex.org/W1976195354,off-topic-false-hit,,openalex,llm,0.990,unreviewed,,doi:10.1016/0304-3975(92)90182-f
discarded,An object-oriented user interface management system,John L. Sibert; W. David Hurley; Teresa W. Bleser,1986,ACM SIGGRAPH Computer Graphics,10.1145/15886.15915,https://openalex.org/W2033685244,adjacent-subtopic,"The George Washington User Interface Management System (GWUIMS) has been designed as a test bed for comparing user interface models, as a tool for rapidly prototyping highly interactive graphic user interfaces, and as a vehicle for investigating the applicability of knowledge-based technology to user interface design. The GWUIMS was designed and implemented using the object-oriented programming paradigm and consists of a variety of object classes representing different levels of abstraction, Responsibility for lexical, syntactic, and semantic levels of both input parsing and feedback are distributed throughout these classes. We include a description of the GWUIMS and a brief scenario to demonstrate its capabilities. A description of the implementation is followed by a discussion of the future application of knowledge representation techniques and the evolution towards an intelligent assistant for the user interface designer.",openalex,llm,0.980,unreviewed,,doi:10.1145/15886.15915
discarded,"Psi4 1.1: An Open-Source Electronic Structure Program Emphasizing Automation, Advanced Libraries, and Interoperability",Robert M. Parrish; Lori A. Burns; Daniel G. A. Smith; Andrew C. Simmonett; A. Eugene DePrince; Edward G. Hohenstein; Uğur Bozkaya; Alexander Yu. Sokolov; Roberto Di Remigio; Ryan M. Richard; Jérôme F. Gonthier; Andrew M. James; Harley R. McAlexander; Ashutosh Kumar; Masaaki Saitow; Xiao Wang; Benjamin P. Pritchard; Prakash Verma; Henry F. Schaefer; Konrad Patkowski; Rollin A. King; Edward F. Valeev; Francesco A. Evangelista; Justin M. Turney; T. Daniel Crawford; C. David Sherrill,2017,Journal of Chemical Theory and Computation,10.1021/acs.jctc.7b00174,https://openalex.org/W2613386458,off-topic-false-hit,"Psi4 is an ab initio electronic structure program providing methods such as Hartree-Fock, density functional theory, configuration interaction, and coupled-cluster theory. The 1.1 release represents a major update meant to automate complex tasks, such as geometry optimization using complete-basis-set extrapolation or focal-point methods. Conversion of the top-level code to a Python module means that Psi4 can now be used in complex workflows alongside other Python tools. Several new features have been added with the aid of libraries providing easy access to techniques such as density fitting, Cholesky decomposition, and Laplace denominators. The build system has been completely rewritten to simplify interoperability with independent, reusable software components for quantum chemistry. Finally, a wide range of new theoretical methods and analyses have been added to the code base, including functional-group and open-shell symmetry adapted perturbation theory, density-fitted coupled cluster with frozen natural orbitals, orbital-optimized perturbation and coupled-cluster methods (e.g., OO-MP2 and OO-LCCD), density-fitted multiconfigurational self-consistent field, density cumulant functional theory, algebraic-diagrammatic construction excited states, improvements to the geometry optimizer, and the ""X2C"" approach to relativistic corrections, among many other improvements.",openalex,llm,0.980,unreviewed,,doi:10.1021/acs.jctc.7b00174
discarded,simecol: An Object-Oriented Framework for Ecological Modeling inR,Thomas Petzoldt; Karsten Rinke,2007,Journal of Statistical Software,10.18637/jss.v022.i09,https://openalex.org/W2155499502,adjacent-subtopic,"The simecol package provides an open structure to implement, simulate and share ecological models. A generalized object-oriented architecture improves readability and potential code re-use of models and makes simecol-models freely extendable and simple to use. The simecol package was implemented in the S4 class system of the programming language R. Reference applications, e.g. predator-prey models or grid models are provided which can be used as a starting point for own developments. Compact example applications and the complete code of an individual-based model of the water flea Daphnia document the efficient usage of simecol for various purposes in ecological modeling, e.g. scenario analysis, stochastic simulations and individual based population dynamics. Ecologists are encouraged to exploit the abilities of simecol to structure their work and to use R and object-oriented programming as a suitable medium for the distribution and share of ecological modeling code.",openalex,llm,0.910,unreviewed,,doi:10.18637/jss.v022.i09
discarded,CellS: A cell-inspired efficient software framework for Intelligent System,"Wu, Mu-Che; Chen, Ching-Han",2018,2018 IEEE INTERNATIONAL CONFERENCE ON CONSUMER ELECTRONICS-TAIWAN (ICCE-TW),,https://www.webofscience.com/wos/woscc/full-record/WOS:000454897600183,adjacent-subtopic,"Imagine next generation system can talk with people, move around, aware of and respond to changes in the environment, and learn from data. This system needs a lot of sensors and effectors in its hardware. In its software, it must have the capability to handle sensor data autonomously and to generate appropriate responses. This kind of system exactly is BDI (Belief, Desire, and Intention) system. However, traditional BDI system is too difficult to develop a software system, and it needs more cost in maintaining and developing software. To reduce the cost and increase efficiency, we propose a cell-inspired efficient software framework called the CellS. The framework implementation adopted the concept of traditional BDI system refactored by the new cell layer. The cell design can illustrate the BDI concept specifically. Software architectures continue evolvement, from structured programming to object-oriented programming, from single processor programming to multiprocessor programming, from passive calls to active execution. Our framework adopted dynamic parallel mechanism, autonomic BDI and Java language. It suits to all java development environments, and developer just need to learn basic BDI concept. The CellS has the following advantages: 1) high performance; and 2) high scalability. An empirical experimental evaluation demonstrates that the CellS work well in performance.",wos,llm,0.940,unreviewed,,hash:61e0a1fcad733f18
