status,title,authors,year,venue,doi,url,tags,abstract,provider,decision_source,llm_confidence,llm_review_outcome,llm_change_direction,paper_id
discarded,Soft Computing Approaches for Software Maintainability Prediction: a Multi-Paradigm Review and Future Roadmap,Preety Sharma; Ravi Kumar Sharma,2025,2025 International Conference on Digital Innovations for Sustainable Solutions (ICDISS),10.1109/ICDISS68238.2025.11320773,https://ieeexplore.ieee.org/document/11320773/,adjacent-subtopic,"Because it allows for cost savings in terms of maintenance and improves the long term quality of systems, the predictability of the maintainability of software is now viewed as a vital element of software engineering. Because this work is a complete overview of the techniques that are most commonly used in the most common software development paradigms (such as Procedural, Object-Oriented, Component-Based Systems and Hybrid Systems) both historically and contemporarily, this study provides a complete overview of traditional and contemporary techniques of software maintainability prediction. Through the synthesis of current literature on methodology, metrics/prediction criteria, and results, studies were classified according to the type of technique used. Traditional techniques included empirically-based models, statistical regression, and metric-based techniques, while the primary attributes measured in these studies included modularity, readability, and traceability. Modern techniques utilize the soft computing paradigm including GWO-GA-NeuroFuzzy systems, and other hybrid models, such as FLANNGA, to increase both the accuracy and flexibility of software maintainability predictions. All of the research focused on key performance measures (MMRE, RMSE, MAE, SEM), and tools (Classic-Ada, CKJM) as well as the data sets (QUES, UIMS, OSS) used by each study. In addition to reviewing all of the research, the trend toward using AI-based predictive models, which have been validated through strict validation methods (i.e., $k$-fold or leave-one-out cross-validation), and have shown the ability to capture the dynamic aspects of maintainability (e.g., code complexity, design deficiencies, software obsolescence), was of particular interest. These findings have shown that although past methodologies were a good base for soft computing techniques to be applied; they improved forecast accuracy as well as the ability to scale up the forecasting process. Research in the future could focus on: applying soft computing methodologies to develop real-time forecasts of maintainability, automating the extraction of metrics, and developing intelligent solutions for specific domains.",ieee,llm,0.880,unreviewed,,doi:10.1109/icdiss68238.2025.11320773
discarded,How to build a hardware description and measurement system on an object-oriented programming language,W.H. Wolf,1989,IEEE Transactions on Computer-Aided Design of Integrated Circuits and Systems,10.1109/43.21848,https://ieeexplore.ieee.org/document/21848/,adjacent-subtopic,"Techniques are described for applying the mechanisms of object-oriented programming languages to hardware description. Some object-oriented language mechanisms, like inheritance, directly simplify CAD (computer-aided design) programs; others, like data abstraction, allow more powerful CAD mechanisms based on them to be created. The author describes: how to extend class inheritance and to integrate it with procedural construction to simplify the description of hardware; how to create measurement methods than can measure a module whose components are described at different levels of abstraction; and how to implement a consistency-maintenance engine that ensures the consistency of the data kept for the design. The author has implemented these features in Fred, an object-oriented modeling system for VLSI modules. Fred is implemented in Flavors, an object-oriented extension of Lisp. The author also discusses how to implement its features in other languages.<>",ieee,llm,0.960,unreviewed,,doi:10.1109/43.21848
discarded,Bridging the gap between structured requirements and object-oriented analysis and design,N. Katic; B. Nevstrujev; D. Vogel; M.O. Pendergast,1996,Proceedings of HICSS-29: 29th Hawaii International Conference on System Sciences,10.1109/HICSS.1996.493248,https://ieeexplore.ieee.org/document/493248/,adjacent-subtopic,"A very large part of the business world today still uses a traditional structured approach to requirements gathering. On the technology side, extensive development has been done in the area of object-oriented technologies that provides for productivity and quality through reusability, encourages team work and adopts a modular approach. Since the quality of the object-oriented applications has proven to be superior to the structured applications, especially in the area of maintenance, there has been a large demand for object-oriented applications. This leads to the situation where the requirements are structured, and the application needs to be object-oriented subject matter experts (SMEs), with their knowledge of the system modeled and analysts, with their knowledge of the object-oriented paradigm, need to work together and reorganize the information from the requirements analysis. This paper proposes and develops a methodology for the transition. Emphasis is placed on presenting the knowledge captured in the requirements specification. The proposed methodology extends the existing Classes-Responsibilities-Collaborators (CRC) method and is tailored to be simple and understandable to SMEs, requiring minimal amount of training, yet powerful enough to enable the participants to think through the model in an object-oriented fashion.",ieee,llm,0.870,unreviewed,,doi:10.1109/hicss.1996.493248
discarded,Object-oriented techniques in hardware design,S. Kumar; J.H. Aylor; B.W. Johnson; W.A. Wulf,1994,Computer,10.1109/2.294857,https://ieeexplore.ieee.org/document/294857/,adjacent-subtopic,"We focus on using object-oriented techniques to improve the hardware design process. The advantages of these techniques for hardware design include: improved modifiability and maintainability of models; easy component instantiation with different parameters; quick composition of new components; the ability to identify and reuse common components; the ability to tailor general-purpose components to more specialized components; support of dynamic object creation and destruction; and the possibility of employing existing software synthesis and verification techniques. We illustrate the application of object-oriented techniques using a load-store, reduced instruction-set processor that contains a local memory. The instruction set consists of 22 instructions, which require one or two 16-bit words. Arithmetic is performed in two's complement. We use C++ to demonstrate the usefulness of object-oriented techniques, not to provide arguments for or against its use in hardware modeling and design.<>",ieee,llm,0.950,unreviewed,,doi:10.1109/2.294857
discarded,Selecting regression tests for object-oriented software,Rothermel; Harrold,1994,Proceedings 1994 International Conference on Software Maintenance,10.1109/ICSM.1994.336793,https://ieeexplore.ieee.org/document/336793/,adjacent-subtopic,"Regression testing is an important but expensive software maintenance activity aimed at providing confidence in modified software. Selective retest methods reduce the cost of regression testing by selecting tests for a modified program from a previously existing test suite. Many researchers have addressed the selective retest problem for procedural-language software, but few have addressed the problem for object-oriented software. We present a new technique for selective retest, that handles object-oriented software. Our algorithm constructs dependence graphs for classes and applications programs, and uses these graphs to determine which tests in an existing test suite can cause a modified class or program to produce different output than the original. Unlike previous selective retest techniques, our method applies to modified and derived classes. As well as to applications programs that use modified classes. Our technique is strictly code-based, and makes no assumptions about methods used to specify or test the software initially.<>",ieee,llm,0.980,unreviewed,,doi:10.1109/icsm.1994.336793
discarded,Object-oriented enhancement of real-time software using a heterogeneous re-engineering approach,R. Savola; T. Ihme; M. Heikkinen; M. Salmela; P. Pulli,1994,Proceedings Sixth Euromicro Workshop on Real-Time Systems,10.1109/EMWRTS.1994.336858,https://ieeexplore.ieee.org/document/336858/,adjacent-subtopic,"A technique for incremental modernisation and enhancement of an existing procedural real-time software to an object-oriented one is presented. The incremental enhancement enables the real-time system designer to make use of the advantages of object-oriented paradigm: the resulting re-engineered software is more maintainable, reusable and configurable. In this approach, the object structure and additional new features can be validated interactively and iteratively using heterogeneous graphical animation. Different parts of the system may present different modelling levels during the enhancement, thus making the incremental process of software partitioning, object derivation and object design easier to manage.<>",ieee,llm,0.870,unreviewed,,doi:10.1109/emwrts.1994.336858
discarded,Contract Soundness for object-oriented languages,Robert Bruce Findler; Matthias Felleisen,2001,,10.1145/504282.504283,https://openalex.org/W2133206580,adjacent-subtopic,"Checking pre- and post-conditions of procedures and methods at runtime helps improve software reliability. In the procedural world, pre- and post-conditions have a straightforward interpretation. If a procedure's pre-condition doesn't hold, the caller failed to establish the proper context. If a post-condition doesn't hold, the caller failed to establish the proper context. If a post-condition doesn't hold, the procedure failed to compute the expected result.",openalex,llm,0.980,unreviewed,,doi:10.1145/504282.504283
discarded,An object-oriented structured design method for code generation,Anthony I. Wasserman; Peter A. Pircher; R.J. Müller,1989,ACM SIGSOFT Software Engineering Notes,10.1145/66051.66053,https://openalex.org/W1975009625,adjacent-subtopic,"article Free Access Share on An object-oriented structured design method for code generation Authors: A. I. Wasserman Interactive Development Environments, Inc., 595 Market Street, 12th floor, San Francisco, CA Interactive Development Environments, Inc., 595 Market Street, 12th floor, San Francisco, CAView Profile , Peter Pircher nteractive Development Environments, Inc., 595 Market Street, 12th floor, San Francisco, CA nteractive Development Environments, Inc., 595 Market Street, 12th floor, San Francisco, CAView Profile , R. J. Muller nteractive Development Environments, Inc., 595 Market Street, 12th floor, San Francisco, CA nteractive Development Environments, Inc., 595 Market Street, 12th floor, San Francisco, CAView Profile Authors Info & Claims ACM SIGSOFT Software Engineering NotesVolume 14Issue 1Jan. 1989 pp 32–55https://doi.org/10.1145/66051.66053Online:03 January 1989Publication History 38citation340DownloadsMetricsTotal Citations38Total Downloads340Last 12 Months5Last 6 weeks1 Get Citation AlertsNew Citation Alert added!This alert has been successfully added and will be sent to:You will be notified whenever a record that you have chosen has been cited.To manage your alert preferences, click on the button below.Manage my AlertsNew Citation Alert!Please log in to your account Save to BinderSave to BinderCreate a New BinderNameCancelCreateExport CitationPublisher SiteeReaderPDF",openalex,llm,0.940,unreviewed,,doi:10.1145/66051.66053
discarded,Integrated object-oriented testing and development processes,John D. McGregor; Timothy D. Korson,1994,Communications of the ACM,10.1145/182987.184075,https://openalex.org/W1990282862,adjacent-subtopic,"Integrclted Object-Orkmted 5tzll and Development Processes application to be application to subsystems, Use of class libraries is an A complete developed.be built.interfaces for the subsystem important part system will evolve ""', of this phase.after sufficient interactions are iterations.defined.",openalex,llm,0.920,unreviewed,,doi:10.1145/182987.184075
discarded,psrchive and psrfits : An Open Approach to Radio Pulsar Data Storage and Analysis,Aidan W. Hotan; W. van Straten; Richard N. Manchester,2004,Publications of the Astronomical Society of Australia,10.1071/as04022,https://openalex.org/W2143927851,adjacent-subtopic,"Abstract A new set of software applications and libraries for use in the archival and analysis of pulsar astronomical data is introduced. Known collectively as the psrchive scheme, the code was developed in parallel with a new data storage format called psrfits , which is based on the Flexible Image Transport System (FITS). Both of these projects utilise a modular, object-oriented design philosophy. psrchive is an open source development environment that incorporates an extensive range of c ++ object classes and pre-built command line and graphical utilities. These deal transparently and simultaneously with multiple data storage formats, thereby enhancing data portability and facilitating the adoption of the psrfits file format. Here, data are stored in a series of modular header–data units that provide flexibility and scope for future expansion. As it is based on FITS, various standard libraries and applications may be used for data input, output, and visualisation. Both psrchive and psrfits are made publicly available to the academic community in the hope that this will promote their widespread use and acceptance.",openalex,llm,0.950,unreviewed,,doi:10.1071/as04022
discarded,Object-oriented modeling,Gregor Engels; Luuk P. J. Groenewegen,2000,,10.1145/336512.336541,https://openalex.org/W2162417407,adjacent-subtopic,"Key Research PointersTo identify appropriate language means for modeling an ""aspect"" of a system.To separate a core modeling language from domain-specific extensions.To define the semantics of a high-level, heterogeneous modeling language To develop means to compose and to refine complex structured models.To identify guidelines for an incremental, round-trip software development processThe",openalex,llm,0.960,unreviewed,,doi:10.1145/336512.336541
discarded,QL: Object-oriented Queries on Relational Data,Pavel Avgustinov; Oege de Moor; Michael Peyton Jones; Max Schäfer,2016,DROPS (Schloss Dagstuhl – Leibniz Center for Informatics),10.4230/lipics.ecoop.2016.2,https://openalex.org/W2543953340,adjacent-subtopic,"This paper describes QL, a language for querying complex, potentially recursive data structures. QL compiles to Datalog and runs on a standard relational database, yet it provides familiar-looking object-oriented features such as classes and methods, reinterpreted in logical terms: classes are logical properties describing sets of values, subclassing is implication, and virtual calls are dispatched dynamically by considering the most specific classes containing the receiver. Furthermore, types in QL are prescriptive and actively influence program evaluation rather than just describing it. In combination, these features enable the development of concise queries based on reusable libraries, which are written in a purely declarative style, yet can be efficiently executed even on very large data sets. In particular, we have used QL to implement static analyses for various programming languages, which scale to millions of lines of code.",openalex,llm,0.970,unreviewed,,doi:10.4230/lipics.ecoop.2016.2
discarded,An object-oriented approach to the design of fluid mechanics software,Christophe Calvin; O. Cueto; Philippe Emonot,2002,ESAIM Mathematical Modelling and Numerical Analysis,10.1051/m2an:2002038,https://openalex.org/W2112252805,adjacent-subtopic,"This article presents the guiding principles of the architecture of Trio_U, a new generation of software for thermohydraulic calculations. Trio_U is designed to serve as a thermohydraulic development platform. Its basic conception is object-oriented and it is written in C++. The article demonstrates how this type of design enables an open, modular software architecture.",openalex,llm,0.860,unreviewed,,doi:10.1051/m2an:2002038
discarded,Roles for composite objects in object-oriented analysis and design,Franco Civello,1993,,10.1145/165854.165929,https://openalex.org/W2046387998,adjacent-subtopic,"A method is presented for using composite objects which separates their role and meaning as models of relations between problem-domain concepts from their role and meaning as models of hierarchical sof'twarc structures.The meaning of composite objects is analysed in terms of connections bctwccn real-world concepts in object-oriented analysis and bctwccn software objects in object-oriented design.By capturing the designer's rationale for model transformation, the resulting models arc casicr to understand and maintain.An embedded systems example illustrates the approach.",openalex,llm,0.910,unreviewed,,doi:10.1145/165854.165929
discarded,A systematic literature review: Refactoring for disclosing code smells in object oriented software,Satwinder Singh; Sharanpreet Kaur,2017,Ain Shams Engineering Journal,10.1016/j.asej.2017.03.002,https://openalex.org/W2601190106,adjacent-subtopic,"Reusing a design pattern is not always in the favor of developers. Thus, the code starts smelling. The presence of “Code Smells” leads to more difficulties for the developers. This racket of code smells is sometimes called Anti-Patterns. The paper aimed at a systematic literature review of refactoring with respect to code smells. However the review of refactoring is done in general and the identification of code smells and anti-patterns is performed in depth. A systematic literature survey has been performed on 238 research items that includes articles from leading Conferences, Workshops and premier journals, theses of researchers and book chapters. Several data sets and tools for performing refactoring have been revealed under the specified research questions. The work done in the paper is an addition to prior systematic literature surveys. With the study of paper the attentiveness of readers about code smells and anti-patterns will be enhanced.",openalex,llm,0.960,unreviewed,,doi:10.1016/j.asej.2017.03.002
discarded,On the notion of inheritance,Antero Taivalsaari,1996,ACM Computing Surveys,10.1145/243439.243441,https://openalex.org/W2170352783,adjacent-subtopic,"One of the most intriguing—and at the same time most problematic—notions in object-oriented programing is inheritance . Inheritance is commonly regarded as the feature that distinguishes object-oriented programming from other modern programming paradigms, but researchers rarely agree on its meaning and usage. Yet inheritance of often hailed as a solution to many problems hampering software development, and many of the alleged benefits of object-oriented programming, such as improved conceptual modeling and reusability, are largely credited to it. This article aims at a comprehensive understanding of inheritance, examining its usage, surveying its varieties, and presenting a simple taxonomy of mechanisms that can be seen as underlying different inheritance models.",openalex,llm,0.830,unreviewed,,doi:10.1145/243439.243441
discarded,Object-oriented logical specification of time-critical systems,Angelo Morzenti; Pierluigi San Pietro,1994,ACM Transactions on Software Engineering and Methodology,10.1145/174634.174636,https://openalex.org/W1988608457,adjacent-subtopic,"We define TRIO + , an object-oriented logical language for modular system specification. TRIO + is based on TRIO, a first-order temporal language that is well suited to the specification of embedded and real-time systems, and that provides an effective support to a variety of validation activities, like specification testing, simulation, and property proof. Unfortunately, TRIO lacks the ability to construct specifications of complex systems in a systematic and modular way. TRIO + combines the use of constructs for hierarchical system decomposition and object-oriented concepts like inheritance and genericity with an expressive and intuitive graphic notation, yielding a specification language that is formal and rigorous, yet still flexible, readable, general, and easily adaptable to the user's needs. After introducing and motivating the main features of the language, we illustrate its application to a nontrivial case study extracted from a real-life industrial application.",openalex,llm,0.910,unreviewed,,doi:10.1145/174634.174636
discarded,Software Engineering: A Programming Approach,Douglas H. Bell,2000,Medical Entomology and Zoology,,https://openalex.org/W1567997710,adjacent-subtopic,Acknowledgments. Software-Problems and Prospects. SPECIFICATION. Requirements. Formal Specification. DESIGN. Structured Programming. Modularity. Functional Decomposition. Data.Structure Design. Data Flow Design. Object- Oriented Design. PROGRAMMING PARADIGMS. The Programming Language. Parallel Programming. Object-Oriented Programming. Functional Programming. Logic Programming. IMPLEMENTATION. Software Tools. Validation and Verification. Software Fault Tolerance. Teams. Review. Index.,openalex,llm,0.980,unreviewed,,hash:952dd5db2dd5a614
