status,title,authors,year,venue,doi,url,tags,abstract,provider,decision_source,llm_confidence,llm_review_outcome,llm_change_direction,paper_id
discarded,Decoupling Metrics for Services Composition,Kai Qian; Jigang Liu; F. Tsui,2006,"5th IEEE/ACIS International Conference on Computer and Information Science and 1st IEEE/ACIS International Workshop on Component-Based Software Engineering,Software Architecture and Reuse (ICIS-COMSAR'06)",10.1109/ICIS-COMSAR.2006.30,https://ieeexplore.ieee.org/document/1651968/,adjacent-subtopic,"Service technology is a component-oriented SOAP based interoperable technology widely adopted in Enterprise Application Integration (EAI) and Business to Business (B2B). The decoupling is one of the most important features of service components that make Web services successful in the future. Software measurement plays an important role in today's software development. Decoupling metrics can be used to measure and evaluate the decoupling attributes of a distributed service oriented software architecture that has very significant impacts on the understandability, maintainability, reliability, testability, and reusability of software components. The decoupling metrics can also be used as a criterion for selection of existing service components for compositions. Many measurement metrics for decoupling have been proposed, however most measures are not specific for service component decoupling. This paper provides a practical guide for evaluating decoupling between service-oriented components in the service composition such as Business Process Execution Language (BEPL). A lower decoupled distributed software application will be much easy to understand, update, and expand in the future Coupling was originally defined as the measure of the strength of association established by a connection from one module to another. Most of the existing techniques and measuring coupling metrics are classified by procedural programming and object-oriented programming. In this paper we propose a decoupling metrics based on the black-box parameters of service stateness (stateless/stateful), interaction (one-way, twoway), service interface required(, service interface provided(supporting/supported interface), invocation modes(sync/async), self-containment(stand-alone/indirect dependent), implicit invocation (blocking/non-blocking), and binding modes(static/dynamic).",ieee,llm,0.970,unreviewed,,doi:10.1109/icis-comsar.2006.30
discarded,A comparative analysis of object-oriented and other methods for modeling computer based systems,S.M. White,2004,"Proceedings. 11th IEEE International Conference and Workshop on the Engineering of Computer-Based Systems, 2004.",10.1109/ECBS.2004.1316677,https://ieeexplore.ieee.org/document/1316677/,adjacent-subtopic,"Methods for modeling computer based systems are evaluated against a common generic model. A formal entity-relationship (ER) model is used to compare the expressive power of methods. Expressive power is important as statements that cannot be expressed in a model is omitted from the analysis and resulting specification. Methods are also analyzed to determine whether they are based on a partial order temporal approach rather than a linear or branching approach. (Partial order is the most powerful of the temporal approaches.) In addition, methods are judged with respect to fifteen method characteristics such as comprehension and support for reuse.",ieee,llm,0.720,unreviewed,,doi:10.1109/ecbs.2004.1316677
discarded,A tool for understanding object-oriented program dependencies,P.K. Linos; V. Courtois,1994,Proceedings 1994 IEEE 3rd Workshop on Program Comprehension- WPC '94,10.1109/WPC.1994.341244,https://ieeexplore.ieee.org/document/341244/,qualifies-claim; adjacent-subtopic,"We present a tool for understanding and re engineering C++ programs called OO!CARE (Object-Oriented Computer Aided Re Engineering). OO!CARE demonstrates some practical solutions to the problem of extracting and visualizing object oriented program dependencies (i.e. data objects and their relationships). It is an extension of an earlier tool for maintaining C programs called CARE (Computer Aided Re engineering). We also discuss some early experiences acquired from using the tool. For instance, an important observation made during a re engineering exercise is that some characteristics of the object-oriented programming paradigm such as inheritance and polymorphism contribute significantly to the complexity of understanding program dependencies. Moreover, we discuss how object-oriented program dependencies differ from the procedural ones and explain how they can be visualized within the same environment.<>",ieee,llm_reviewed,0.840,changed,kept->discarded,doi:10.1109/wpc.1994.341244
discarded,Identifying objects in legacy systems,A. Cimitile; A. De Lucia; G.A. Di Lucca; A.R. Fasolino,1997,Proceedings Fifth International Workshop on Program Comprehension. IWPC'97,10.1109/WPC.1997.601281,https://ieeexplore.ieee.org/document/601281/,adjacent-subtopic,"We present an approach to decomposing legacy systems written in procedural languages into objects. The identification of the objects is centred around persistent data scores, such as files or tables in the database, while programs and subroutines are candidate to implement object methods. The approach proposed for assigning programs and subroutines as object methods exploits object oriented design metrics. The rationale behind this choice is that any object oriented decomposition of a legacy system should not lead to a poor design, as this would make the reengineered system more difficult to maintain.",ieee,llm,0.910,unreviewed,,doi:10.1109/wpc.1997.601281
discarded,An Interprocedural Aspect Control Flow Graph to Support the Maintenance of Aspect Oriented Systems,Mario Luca Bernardi; Giuseppe Antonio di Lucca,2007,2007 IEEE International Conference on Software Maintenance,10.1109/ICSM.2007.4362656,https://ieeexplore.ieee.org/document/4362656/,adjacent-subtopic,"Aspect oriented programming (AOP) supports the cross-cutting of concerns by means of aspects. The maintenance of AO systems may be more difficult than 'traditional' ones, due to the large impact that aspects have on the static structure and dynamic behavior of the overall system. In this paper an inter-procedural aspect control flow graph is proposed to represent the interactions among the aspects and the object oriented (OO) components of an AO system. The graph allows an easier identification of the impact between aspects and the OO components. It helps the maintainer to identify sources of undesired side and ripple effects in the code and avoid the introduction of new ones when modifying an AOP system.",ieee,llm,0.970,unreviewed,,doi:10.1109/icsm.2007.4362656
discarded,The separation principle: A programming paradigm,Y. Kambayashi; H.F. Ledgard,2004,IEEE Software,10.1109/MS.2004.1270767,https://ieeexplore.ieee.org/document/1270767/,qualifies-claim; adjacent-subtopic,"In the development of any technology, there's always a tendency to lose sight of the basic problems that stimulated its introduction in the first place. Technologies in software construction are no exception. One of the essential parts of software construction is the underlying programming paradigm. In the last few decades, different software construction paradigms have evolved - for example, structured programming in the 1970s and object-oriented programming in the 1980s. Although OOP dominates current software construction, it introduces several problems that might raise questions about its understandability and efficiency. W. Cave (1995) was the first to propose and develop the separation principle as a programming paradigm. One major contribution is that it moves most complex issues related to data sharing, parameter passing, and scope into a programming model in which simple graphics can represent access to data. The separation principle can simplify or even eliminate these issues. By expressing access permissions in simple, canonical drawings, the separation principle makes it easy to comprehend the full range of relationships between data and instructions, and thus the code's structure. A simple way to show connectivity, a key property affecting program understandability, is by separating data from instructions. Two of prediction systems' flagship products, the visual software environment (VSE) and the general simulation system (GSS), embody this idea. This paper discusses the separation principle in the context of conventional languages such as C and C++.",ieee,llm_reviewed,0.790,changed,kept->discarded,doi:10.1109/ms.2004.1270767
discarded,The effect of call graph construction algorithms for object-oriented programs on automatic clustering,D. Rayside; S. Reuss; E. Hedges; K. Kontogiannis,2000,Proceedings IWPC 2000. 8th International Workshop on Program Comprehension,10.1109/WPC.2000.852493,https://ieeexplore.ieee.org/document/852493/,adjacent-subtopic,"Call graphs are commonly used as input for automatic clustering algorithms, the goal of which is to extract the high level structure of the program under study. Determining the call graph for a procedural program is fairly simple. However this is not the case for programs written in object oriented languages, due to polymorphism. A number of algorithms for the static construction of an object oriented program's call graph have been developed in the compiler optimization literature in recent years. We investigate the effect of three such algorithms on the automatic clustering of the Java Expert System Shell (JESS). Object oriented programs have an inherently richer structure than those written in procedural languages, and so even medium sized programs such as JESS produce large graphs. Existing tools that we are aware of are not able to process such graphs. Consequently, we have developed our own algorithm for automatic clustering that is scalable to large graphs. This algorithm also supports user specified constraints through the use of 'weighted' arcs.",ieee,llm,0.910,unreviewed,,doi:10.1109/wpc.2000.852493
discarded,An automatic assistant for program understanding,V. Gafni,1988,[1988] Proceedings. The Third Israel Conference on Computer Systems and Software Engineering,10.1109/ICCSSE.1988.72245,https://ieeexplore.ieee.org/document/72245/,adjacent-subtopic,"The paper explores the problem of understanding imperative programs. It points out the role of the procedural nature of knowledge representation as the main reason for difficulties in understanding this type of program. The paper suggests a generic process for reasoning about the knowledge embodied in an imperative program as a way to confront this problem. It proceeds with a concrete implementation of the process and a tool that has been constructed accordingly, thus demonstrating its practical usefulness. The goal of this work is to show a possible direction in automating the software development process rather than presenting a definite solution.<>",ieee,llm,0.960,unreviewed,,doi:10.1109/iccsse.1988.72245
discarded,Dhara: A Service Abstraction-Based OS Kernel Design Model,Dharanipragada Janakiram; Hemang Mehta; S.J. Balaji,2012,2012 IEEE 17th International Conference on Engineering of Complex Computer Systems,10.1109/ICECCS20050.2012.6299208,https://ieeexplore.ieee.org/document/6299208/,adjacent-subtopic,"Traditional procedural operating system (OS) kernels sacrifice maintainability and understandability for optimum performance. Though object oriented (OO) kernels can address these problems up to a certain extent, they lack the layered approach of services and service compositions. We present a new kernel design model Dhara, that raises the level of abstraction from objects and procedures to services. The service model of Dhara is richer in abstractions than current web service model and paves the way for building a new distributed OS kernel. Dhara conceives an OS as being constructed by multiple stacks of services containing several layers of abstracted services. A key research challenge we envisage in building such model is automatic service compositions of kernel services which can provide desired QoS. A kernel built using Dhara can easily be customized using composed services to derive optimal performance for different applications such as databases. A prototype is developed using Linux kernel as a case study by applying the design concepts of Dhara. We show that overhead of implementation of Dhara is 5% to 15%, which is reasonable, considering the advantages of new design and increased capacity of the hardware in recent times.",ieee,llm,0.840,unreviewed,,doi:10.1109/iceccs20050.2012.6299208
discarded,An experiment on a new programming paradigm,Y. Kambayashi; H.F. Ledgard,2005,"IEEE 3rd International Conference on Computational Cybernetics, 2005. ICCC 2005.",10.1109/ICCCYB.2005.1511566,https://ieeexplore.ieee.org/document/1511566/,qualifies-claim; adjacent-subtopic,"In the development of any technology there is always a tendency to lose sight of the basic problems that stimulated its introduction. There is very little quantitative research regarding the question whether object-oriented programming really improves productivity. Many assume that object-oriented programming is more productive than traditional structured programming. The assumption lacks concrete empirical data that support the belief. In the previous paper, we introduced the principle of an alternative programming paradigm by Y. Kambayashi and H. F. Ledgard (2004). This paradigm, called the separation principle, separates the declaration of data structures from program executable instructions. In this paper we present the results of our empirical studies by comparing the understandability of an OOP program versus a corresponding version written using the separation principle. Our results give preliminary evidence of the effectiveness of using the separation principle.",ieee,llm_reviewed,0.940,changed,kept->discarded,doi:10.1109/icccyb.2005.1511566
discarded,Extending SOFL to support both top-down and bottom-up approaches,Shaoying Liu; Jin Song Dong,2002,"IEEE International Conference on Systems, Man and Cybernetics",10.1109/ICSMC.2002.1175573,https://ieeexplore.ieee.org/document/1175573/,adjacent-subtopic,"We present an integrated approach to support both top-down and bottom-up design of software systems by combining UML (Unified Modeling Language) and the Formal Engineering Method SOFL (Structured Object-oriented Formal Language). We demonstrate by examples that the top-down principle used in conventional Structured Design can be effectively utilized to carry out object-oriented design that is usually seen as a way to suit bottom-up analysis and design. Furthermore, we also explain how the integrated approach helps to improve the preciseness and understandability of design documentations.",ieee,llm,0.890,unreviewed,,doi:10.1109/icsmc.2002.1175573
discarded,Abstracting the template instantiation relation in C++,Andrew Sutton; Ryan Holeman; Jonathan I. Maletic,2009,2009 IEEE International Conference on Software Maintenance,10.1109/ICSM.2009.5306392,https://ieeexplore.ieee.org/document/5306392/,adjacent-subtopic,"A source code model that supports the static analysis of C++ templates and template metaprograms is presented. Analogous to techniques for object-oriented and procedural software (e.g., the abstraction of call graphs, inheritance hierarchies, etc.), this model provides a basis for maintenance concerns such as program comprehension, fact extraction, and impact analysis of generic code. The source code model is used to derive the template instantiation graph, and potential applications of this model discussed. An application to reverse engineer this model from source code is described.",ieee,llm,0.970,unreviewed,,doi:10.1109/icsm.2009.5306392
discarded,Assisting the comprehension of legacy transactions,S.M. Embury; Jianhua Shao,2001,Proceedings Eighth Working Conference on Reverse Engineering,10.1109/WCRE.2001.957841,https://ieeexplore.ieee.org/document/957841/,adjacent-subtopic,"One of the principal aims of data reverse engineering is to facilitate comprehension of the internal structure and behaviour of data-intensive systems by programmers. However the majority of the research in this area has so far concentrated on the development of techniques to assist comprehension of the data structures used by such systems, and much less attention has been paid to the equally pressing problem of understanding the ways in which those structures are manipulated by the systems to solve business problems. In particular, there are few tools which can help a programmer to comprehend the functionality provided by a collection of database transactions. While some relevant techniques have been developed by the software reverse engineering community, in general their applicability to transactions is limited by the fact that they focus on program state alone. In-depth analysis of source code that manipulates data stored in a database (or other persistent store) must take into account the effects of that source code on both the program state and the database state. In this paper we present an extension of the technique of symbolic execution that takes into account the specific semantics of database access commands. This extended symbolic execution engine can extract declarative representations of the data manipulations carried out by transactions, in the form of logical conditions over the database state rather procedural manipulation of the program state. The engine is then used to annotate transactions with automatically generated comments, to assist the transaction programmer in comprehending its behaviour.",ieee,llm,0.970,unreviewed,,doi:10.1109/wcre.2001.957841
discarded,WS-Net: a Petri-net based specification model for Web services,Jia Zhang; C.K. Chang; Jen-Yao Chung; S.W. Kim,2004,"Proceedings. IEEE International Conference on Web Services, 2004.",10.1109/ICWS.2004.1314766,https://ieeexplore.ieee.org/document/1314766/,adjacent-subtopic,"The emerging paradigm of Web services opens a new way of Web application design and development to quickly develop and deploy Web applications by integrating independently published Web services components to conduct new business transactions. As research aiming at facilitating Web services integration and verification, WS-Net is an executable architectural description language incorporating the semantics of colored Petri-net with the style and understandability of object-oriented concepts. WS-Net describes each Web services component in three layers: interface net declares the services that the component provides to other components; interconnection net specifies the services that the component acquires to accomplish its mission; and interoperation net describes the internal operational behaviors of the component. As an architectural model that formalizes the architectural topology and behaviors of each Web services component as well as the entire system, WS-Net facilitates the verification and monitoring of Web services integration.",ieee,llm,0.960,unreviewed,,doi:10.1109/icws.2004.1314766
discarded,Object based requirements modelling for process continuity,A.I. Anton; T.A. Gale; W.M. McCracken; J.J. Shilling,1993,[1993] Proceedings of the Twenty-sixth Hawaii International Conference on System Sciences,10.1109/HICSS.1993.284311,https://ieeexplore.ieee.org/document/284311/,adjacent-subtopic,"The reengineering of information systems and business processes that occurs during enterprise analysis demands a robust, rigorous, and expressive technique for modeling elicited system requirements. The requirements models must also be easily understood by end users. A hybrid object based modeling technique is presented to support progressive formalization of requirements models with minimal transformations. The technique strives to impose consistency and coherence on the modeling process, yielding a higher level of process continuity, enhancing end-user comprehension, and facilitating communication between analysis and end users.<>",ieee,llm,0.910,unreviewed,,doi:10.1109/hicss.1993.284311
discarded,Design recovery of a two level system,T. Dean; Yuling Chen,2003,"11th IEEE International Workshop on Program Comprehension, 2003.",10.1109/WPC.2003.1199186,https://ieeexplore.ieee.org/document/1199186/,adjacent-subtopic,"Many applications have one or more important modules that are written in a language other than conventional procedural or object oriented languages. These languages are often translated into some tabular or byte code representation which is executed by an interpreter. The interpreter is sometimes written in the same language as the rest of the application. Examples of such languages are yacc and Tcl. This paper investigates a technique for linking entities in the interpreted languages to their implementation in the interpreter. The technique is illustrated using the design recovery of a compiler that uses SISL, a grammar language similar to yacc. We present a model extracted from the compiler that links entities in SISL to the underlying implementation language and some example maintenance queries that might be posed for the system. Extracting the model requires recognizing idiomatic code in the interpreter. We then discuss how the technique might be extended to similar systems such as those implemented in Tcl.",ieee,llm,0.970,unreviewed,,doi:10.1109/wpc.2003.1199186
