status,title,authors,year,venue,doi,url,tags,abstract,provider,decision_source,llm_confidence,llm_review_outcome,llm_change_direction,paper_id
discarded,Aspect-oriented programming,Gregor Kiczales; John Lamping; Anurag Mendhekar; Chris Maeda; Cristina Videira Lopes; Jean-Marc Loingtier; John Irwin,1997,Lecture notes in computer science,10.1007/bfb0053381,https://openalex.org/W4254691308,adjacent-subtopic,,openalex,llm,0.980,unreviewed,,doi:10.1007/bfb0053381
discarded,Gradient-based learning applied to document recognition,Yann LeCun; Léon Bottou; Yoshua Bengio; Patrick Haffner,1998,Proceedings of the IEEE,10.1109/5.726791,https://openalex.org/W2112796928,off-topic-false-hit,"Multilayer neural networks trained with the back-propagation algorithm constitute the best example of a successful gradient based learning technique. Given an appropriate network architecture, gradient-based learning algorithms can be used to synthesize a complex decision surface that can classify high-dimensional patterns, such as handwritten characters, with minimal preprocessing. This paper reviews various methods applied to handwritten character recognition and compares them on a standard handwritten digit recognition task. Convolutional neural networks, which are specifically designed to deal with the variability of 2D shapes, are shown to outperform all other techniques. Real-life document recognition systems are composed of multiple modules including field extraction, segmentation recognition, and language modeling. A new learning paradigm, called graph transformer networks (GTN), allows such multimodule systems to be trained globally using gradient-based methods so as to minimize an overall performance measure. Two systems for online handwriting recognition are described. Experiments demonstrate the advantage of global training, and the flexibility of graph transformer networks. A graph transformer network for reading a bank cheque is also described. It uses convolutional neural network character recognizers combined with global training techniques to provide record accuracy on business and personal cheques. It is deployed commercially and reads several million cheques per day.",openalex,llm,1.000,unreviewed,,doi:10.1109/5.726791
discarded,Design Patterns Explained: A New Perspective on Object-Oriented Design,Alan Shalloway; James R. Trott,2001,,,https://openalex.org/W1509829056,adjacent-subtopic,Preface. From Object Orientation to Patterns to True Object Orientation. From Artificial Intellegence to Patterns to True Object Orientation. I. AN INTRODUCTION TO OBJECT-ORIENTED SOFTWARE DEVELOPMENT. 1. The Object-Oriented Paradigm. Before The Object-Oriented Paradigm: Functional Decomposition. The Problem of Requirements. Dealing With Changes: With Functional Decomposition. Dealing with Changing RequirementS. The Object-Oriented Paradigm. Special Object Methods. Summary. 2. The UML - The Unified Modeling Language. Overview. What is the UML? Why Use the UML? The Class Diagram. Interaction Diagrams. Summary. II. THE LIMITATIONS OF TRADITIONAL OBJECT-ORIENTED DESIGN. 3. A Problem that Cries Out for Flexible Code. Overview. Extracting Information from a CAD/CAM System. Understand the Vocabulary. Describe the Problem. The Essential Challenges and Approaches. Summary. 4. A Standard Object-Oriented Solution. Overview. Solving With Special Cases. Summary. Supplement: C++ Code Examples. III. DESIGN PATTERNS. 5. An Introduction to Design Patterns. Overview. Design Patterns Arose from Architecture and Anthropology. Moving from Architectural to Software Design Patterns. Why Study Design Patterns. Other Advantages to Studying Design Patterns. Summary. 6. The Facade Pattern. Overview. Introducing the Facade Pattern. Learning the Facade Pattern. Field Notes: The Facade Pattern. Relating the Facade Pattern to the CAD/CAM Problem. Summary. 7. The Adapter Pattern. Overview. Introducing the Adapter Pattern. Learning the Adapter Pattern. Field Notes: The Adapter Pattern. Relating the Adapter Pattern to the CAD/CAM Problem. Summary. Supplement: C++ Code Examples 8. Expanding Our Horizons. Overview. Objects the Old Way and the New Way. Encapsulation the Old Way and the New Way. Find What is Varying and Encapsulate It. Commonality / Variability and Abstract Classes. Summary. 9. The Bridge Pattern. Overview. Introducing the Bridge Pattern. An Observation about Using Design Patterns. Learning the Bridge Pattern: An Example. The Bridge Pattern In Retrospect. Field Notes: Using the Bridge Pattern. Summary. 10. The Abstract Factory Pattern. Overview. Introducing the Abstract Factory Pattern. Learning the Abstract Factory Pattern: An Example. Learning the Abstract Factory: Implementing It. Field Notes: The Abstract Factory. Relating the Abstract Factory Pattern to the CAD/CAM Problem. Summary. Supplement: C++ Code Examples. IV. PUTTING IT ALL TOGETHER: THINKING IN PATTERNS. 11. How Do Experts Design? Section Overview. Overview. Building by Adding Distinctions. Summary. 12. Solving the CAD/CAM Problem with Patterns. Overview. Review of the CAD/CAM Problem. Thinking in Patterns. Thinking in Patterns: Step 1. Thinking in Patterns: Step 2A. Thinking in Patterns: Step 2B. Thinking in Patterns: Step 2D (Facade). Thinking in Patterns: Step 2D (Adapter). Thinking in Patterns: Step 2D (Abstract Factory). Thinking in Patterns: Step 3. Comparison with the Previous Solution. Summary. 13. The Principles and Strategies of Design Patterns. Overview. The Open-Closed Principle. The Principle of Designing from Context. The Principle of Containing Variation. Summary. V. HANDLING VARIATIONS WITH DESIGN PATTERNS. 14. The Strategy Pattern. Overview. An Approach to Handling New Requirements. Initial Requirements of the Case Study. Handling New Requirements. The Strategy Pattern. Field Notes: Using the Strategy Pattern. Summary. 15. The Decorator Pattern. Overview. A Little More Detail. The Decorator Pattern. Applying the Decorator Pattern to the Case Study. Another Example: Input / Output. Field Notes: Using the Decorator Pattern. Summary. Supplement: C++ Code Examples. 16. The Singleton Pattern and the Double-Checked Locking Pattern. Overview . Introducing the Singleton Pattern. Applying the Singleton Pattern to the Case Study. A Variant: The Double-Checked Locking Pattern. Field Notes: Using the Singleton and Double-Checked Locking Patterns. Summary. Supplement: C++ Code Examples. 17. The Observer Pattern. Overview. Categories of Patterns. More Requirements for the Case Study. The Observer Pattern. Applying the Observer to the Case Study. Field Notes: Using the Observer Pattern. Summary. Supplement : C++ Code Examples. 18. The Template Method Pattern. Overview. More Requirements for the Case Study. The Template Method Pattern. Applying the Template Method to the Case Study. Field Notes: Using the Template Method Pattern. Summary. 19. The Factory Method Pattern. Overview. More Requirements for the Case Study. The Factory Method Pattern. Field Notes: Using the Factory Method Pattern. Summary. 20. The Analysis Matrix. Overview. In the Real World: Variations. Case Study in Variation: An International E-Tail System. Field Notes. Summary. VI. ENDINGS AND BEGINNINGS. 21. Design Patterns Reviewed From Our New Perspective of Object-Oriented Design. Overview. A Summary of Object-Oriented Principles. How Design Patterns Encapsulate Implementations. Commonality / Variability Analysis and Design Patterns. Decomposing a Problem Domain Into Responsibilities. Relationships Within a Pattern. Patterns and Contextual Design. Field Notes. Summary. 22. Bibliography. Design Patterns Explained: The Web Site Companion. Recommended Reading on Design Patterns and Object Orientation. Recommended Reading for Java Programmers. Recommended Reading for C++ Programmers. Recommended Reading for Cobol Programmers. Recommended Reading on eXtreme Programming. Recommended Reading on General Programming. Personal Favorites. Index.,openalex,llm,0.860,unreviewed,,hash:d6508ce86af1535a
discarded,The interpretation and utility of three cohesion metrics for object-oriented design,Steve Counsell; Stephen Swift; Jason Crampton,2006,ACM Transactions on Software Engineering and Methodology,10.1145/1131421.1131422,https://openalex.org/W2000819496,adjacent-subtopic,"The concept of cohesion in a class has been the subject of various recent empirical studies and has been measured using many different metrics. In the structured programming paradigm, the software engineering community has adopted an informal yet meaningful and understandable definition of cohesion based on the work of Yourdon and Constantine. The object-oriented (OO) paradigm has formalised various cohesion measures, but the argument over the most meaningful of those metrics continues to be debated. Yet achieving highly cohesive software is fundamental to its comprehension and thus its maintainability. In this article we subject two object-oriented cohesion metrics, CAMC and NHD, to a rigorous mathematical analysis in order to better understand and interpret them. This analysis enables us to offer substantial arguments for preferring the NHD metric to CAMC as a measure of cohesion. Furthermore, we provide a complete understanding of the behaviour of these metrics, enabling us to attach a meaning to the values calculated by the CAMC and NHD metrics. In addition, we introduce a variant of the NHD metric and demonstrate that it has several advantages over CAMC and NHD. While it may be true that a generally accepted formal and informal definition of cohesion continues to elude the OO software engineering community, there seems considerable value in being able to compare, contrast, and interpret metrics which attempt to measure the same features of software.",openalex,llm,0.960,unreviewed,,doi:10.1145/1131421.1131422
discarded,On the empirical evaluation of similarity coefficients for spreadsheets fault localization,"Hofer, Birgit; Perez, Alexandre; Abreu, Rui; Wotawa, Franz",2015,AUTOMATED SOFTWARE ENGINEERING,10.1007/s10515-014-0145-3,https://www.webofscience.com/wos/woscc/full-record/WOS:000351476800003,adjacent-subtopic,"Spreadsheets are by far the most prominent example of end-user programs of ample size and substantial structural complexity. They are usually not thoroughly tested so they often contain faults. Debugging spreadsheets is a hard task due to the size and structure, which is usually not directly visible to the user, i.e., the functions are hidden and only the computed values are presented. A way to locate faulty cells in spreadsheets is by adapting software debugging approaches for traditional procedural or object-oriented programming languages. One of such approaches is spectrum-based fault localization (SFL). In this paper, we study the impact of different similarity coefficients on the accuracy of SFL applied to the spreadsheet domain. Our empirical evaluation shows that three of the 42 studied coefficients (Ochiai, Jaccard and Sorensen-Dice) require less effort by the user while inspecting the diagnostic report, and can also be used interchangeably without a loss of accuracy. In addition, we illustrate the influence of the number of correct and incorrect output cells on the diagnostic report.",wos,llm,0.980,unreviewed,,doi:10.1007/s10515-014-0145-3
discarded,An approach and tool for measurement of state variable based data-flow test coverage for aspect-oriented programs,"Wedyan, Fadi; Ghosh, Sudipto; Vijayasarathy, Leo R.",2015,INFORMATION AND SOFTWARE TECHNOLOGY,10.1016/j.infsof.2014.11.008,https://www.webofscience.com/wos/woscc/full-record/WOS:000349427200014,adjacent-subtopic,"Context: Data-flow testing approaches have been used for procedural and object-oriented programs, and shown to be effective in detecting faults. However, few such approaches have been evaluated for aspect-oriented programs. In such programs, data-flow interactions can occur between base classes and aspects, which can affect the behavior of both. Faults resulting from such interactions are hard to detect unless the interactions are specifically targeted during testing.

Objective: This paper presents an approach and tool implementation for measuring data-flow coverage based on state variables defined in base classes or aspects in AspectJ programs. The paper also reports on an empirical study that compares the cost and effectiveness of data-flow test criteria that are based on state variables with two control-flow criteria.

Method: Effectiveness of the criteria was evaluated for various fault types. Cost-effectiveness of test suites that cover all state variable definition-use associations (DUAs) was evaluated for three coverage levels: 100%, 90%, and 80%.

Results: The effort needed to obtain a test case that achieves data-flow coverage is higher than the effort needed to obtain a test case that covers a block or a branch in an advised class. Covering certain data flow associations requires more effort than for other types of data flow associations. The data-flow test criteria based on state variables of a base-class are in general more effective than control-flow criteria.

Conclusions: Overall, it is cost-effective to obtain test suites at the 90% coverage level of data-flow criteria. (C) 2014 Elsevier B.V. All rights reserved.",wos,llm,0.980,unreviewed,,doi:10.1016/j.infsof.2014.11.008
discarded,On the Empirical Evaluation of Fault Localization Techniques for Spreadsheets,"Hofer, Birgit; Riboira, Andre; Wotawa, Franz; Abreu, Rui; Getzner, Elisabeth",2013,"FUNDAMENTAL APPROACHES TO SOFTWARE ENGINEERING, FASE 2013",,https://www.webofscience.com/wos/woscc/full-record/WOS:000343035100006,adjacent-subtopic,"Spreadsheets are by far the most prominent example of end-user programs of ample size and substantial structural complexity. In addition, spreadsheets are usually not tested very rigorously and thus comprise faults. Locating faults is a hard task due to the size and the structure, which is usually not directly visible to the user, i.e., the functions are hidden behind the cells and only the computed values are presented. Hence, there is a strong need for debugging support. In this paper, we adapt three program-debugging approaches that have been designed for more traditional procedural or object-oriented programming languages. These techniques are Spectrum-based Fault Localization, Spectrum-Enhanced Dynamic Slicing, and Constraint-based Debugging. Beside the theoretical foundations, we present a more sophisticated empirical evaluation including a comparison of these approaches. The empirical evaluation shows that SFL (Spectrum-based Fault Localization) and SENDYS (Spectrum ENhanced Dynamic Slicing) are the most promising techniques.",wos,llm,0.980,unreviewed,,hash:23598df709bca16f
discarded,Approximating Object based Architecture for Legacy Software Written in Procedural Languages using Variable Neighborhood Search,"Selim, Md.; Siddik, Md. Saeed; Rahman, Tajkia; Gias, Alim Ul; Khaled, Shah Mostafa",2014,"8TH INTERNATIONAL CONFERENCE ON SOFTWARE, KNOWLEDGE, INFORMATION MANAGEMENT AND APPLICATIONS (SKIMA 2014)",,https://www.webofscience.com/wos/woscc/full-record/WOS:000398528200050,adjacent-subtopic,"Legacy software, often written in procedural languages, could be a major concern for organizations due to low maintainability. A possible way out could be migrating the software to object oriented architecture, which is easier to maintain due to better modularity. However, a manual migration could take significant time and thus an automated process is required. This migration problem has been modeled as an optimal graph clustering problem where vertices and edges are represented by function and function calls respectively. Solution to this problem is NP-hard and thus meta-heuristic base approaches are potential to get near optimal result. This paper presents a Variable Neighborhood Search (VNS) approach for addressing the modeled graph clustering problem. The method provides a set of clusters that gives a clue for possible structure of the object oriented architecture. This approach is based on the objective to minimize the coupling and maximize the cohesion within the clusters. The proposed algorithm was implemented and its performance was compared with state of the art techniques. It is observed that the proposed method produced 37.15% and 12.02% better results in contrast to genetic algorithm and local search heuristics.",wos,llm,0.910,unreviewed,,hash:23e9e9bb88724dab
kept,A comparison of the comprehension of object-oriented and procedural programs by novice programmers,"Wiedenbeck, S; Ramalingam, V; Sarasamma, S; Corritore, CL",1999,INTERACTING WITH COMPUTERS,,https://www.webofscience.com/wos/woscc/full-record/WOS:000079550600002,supports-claim; mot; qualifies-claim,"This paper reports on two experiments comparing mental representations and program comprehension by novices in the object-oriented and procedural styles. The subjects were novice programmers enrolled in a second course in programming which taught either the object-oriented or the procedural paradigm. The first experiment compared the mental representations and comprehension of short programs written in the procedural and object-oriented styles. The second experiment extended the study to a larger program incorporating more advanced language features. For the short programs there was no significant difference between the two groups with respect to the total number of questions answered correctly, but the object-oriented subjects were superior to the procedural subjects at answering questions about program function, This suggests that function information was more readily available in their mental representations of the programs and supports an argument that the object-oriented notation highlights function at the level of the individual class. For the long program a corresponding effect was not found. The comprehension of procedural subjects was superior to object-oriented subjects on all types of question. The difficulties experienced by the object-oriented subjects in answering questions in a larger program suggest that they faced problems in marshaling information and drawing inferences from it. We suggest that this result may be related to a longer learning curve for novices of the object-oriented style, as well as to features of the OO style and the particular OO language notation, (C) 1999 Elsevier Science B.V. All rights reserved.",wos,llm_reviewed,1.000,confirmed,,hash:17d2380a73361dd1
kept,An exploratory eye tracking study on how developers classify and debug Python code in different paradigms,S.W. Flint,2026,Empirical Software Engineering,10.1007/s10664-025-10774-3,https://www.scopus.com/inward/record.uri?partnerID=HzOxMe3b&scp=105038052483&origin=inward,qualifies-claim; mot,,scopus,llm_reviewed,0.580,confirmed,,doi:10.1007/s10664-025-10774-3
discarded,Designing and implementing different use cases of aspect-oriented programming with AspectJ for developing mobile applications,H. Mcheick,2018,ACM International Conference Proceeding Series,10.1145/3330089.3330108,https://www.scopus.com/inward/record.uri?partnerID=HzOxMe3b&scp=85068736269&origin=inward,adjacent-subtopic,,scopus,llm,0.930,unreviewed,,doi:10.1145/3330089.3330108
discarded,Fault tolerance - Concepts and implementation issues,J. Kienzle,2005,Lecture Notes in Computer Science,10.1007/978-3-540-31869-9_14,https://www.scopus.com/inward/record.uri?partnerID=HzOxMe3b&scp=24344443745&origin=inward,adjacent-subtopic,,scopus,llm,0.940,unreviewed,,doi:10.1007/978-3-540-31869-9_14
discarded,Faulty Classes Prediction in Object-Oriented Programming Using Composed Dagging Technique,Nagib Mahfuz; Pintu Chandra Shill,2023,"2023 International Conference on Electrical, Computer and Communication Engineering (ECCE)",10.1109/ECCE57851.2023.10101655,https://ieeexplore.ieee.org/document/10101655/,adjacent-subtopic,"Class is one of the fundamental concepts of the object-oriented paradigm and has been scrutinized since the developers moved on from procedural programming design. In software fault prediction, the legalization of software metrics is essential. As a handful of software metrics suites exist, it is a very hard task to predict the defective classes flawlessly using a particular set of metrics suites. However, it is a rational approach to use only the object-oriented metrics that are directly relatable to the class definitions in the code that helps the developers foresee the errors in defining the classes and minimize the errors as much as possible. This paper utilized twelve object-oriented metrics selected from various metrics suites. The dagging ensemble model is merged with three well-known classification algorithms (Naive Bayes, Multilayer Perceptron, J48 Decision Tree) individually and applied to twelve java projects. The study depicts that the proposed ensemble method gives improved outcomes that are statistically significant when merged with Naive Bayes and Multilayer Perceptron. The proposed ensemble method shows improvements up to 12.5% in accuracy and 15% in F-Score.",ieee,llm,0.980,unreviewed,,doi:10.1109/ecce57851.2023.10101655
