status,title,authors,year,venue,doi,url,tags,abstract,provider,decision_source,llm_confidence,llm_review_outcome,llm_change_direction,paper_id
discarded,An efficient implementation scheme of concurrent object-oriented languages on stock multicomputers,Kenjiro Taura; Satoshi Matsuoka; Akinori Yonezawa,1993,ACM SIGPLAN Notices,10.1145/155332.155355,https://openalex.org/W1561959174,adjacent-subtopic,"Several novel techniques for efficient implementtion of concurrent object-oriented languages on general purpose, stock multicomputers are presented. These techniques have been developed in implementing our concurrent object-oriented language ABCL on a Fujitsu Laboratory's experimental multicomputer AP1000 consisting of 512 SPARC chips. The propsed intra-node scheduling mechanism reduces the cost of local message passing. The cost of intra-node asynchronous message passing is about 20 SPARC instructions in the bst case, including locality checking, dynamic method lookup, and scheduling. The minimum latency of asynchronous internode message passing is about 9μs, or about 120 instructions, employing the self-dispatching mechanism independently proposed by Eicken et al. A large scale benchmark which involves 9,000,000 message passings shows 440 times speedup on the 512 nodes system compared to the sequential version of the same algorithm. We rely on simple hardware support for message passing and use no specialized architectural supports for object-oriented computing. Thus, we are able to enjoy the benefits of future progress in standard processor technology. Our result shows that concurrent object-oriented languages can be implemented efficiently on conventional multicomputers.",openalex,llm,0.990,unreviewed,,doi:10.1145/155332.155355
discarded,Object-oriented system modeling with OMT,Bernd Bruegge; Jim Blythe; Jeffrey C. Jackson; Jefferey A. Shufelt,1992,,10.1145/141936.141966,https://openalex.org/W1975592679,adjacent-subtopic,"We describe our experience with the object-oriented design methodology OMT [19] applied to a project in an undergraduate software engineering course at Carnegie Mellon University.The project involved 30 students previously unfamiliar with objectoriented modeling.They designed and implemented a system of 125 classes (27,000 lines of C++ and C code) in the relatively short time of 15 weeks.We describe the overall structure of the project and the system model, the usefulness of OMT and its impact on communication, and discuss some of the problems encountered during the development of the system.",openalex,llm,0.880,unreviewed,,doi:10.1145/141936.141966
discarded,How objective is object-oriented analysis?,Simon McGinnes,1992,Notes on numerical fluid mechanics and multidisciplinary design,10.1007/bfb0035122,https://openalex.org/W2135756105,adjacent-subtopic,,openalex,llm,0.670,unreviewed,,doi:10.1007/bfb0035122
discarded,Deriving an object model from legacy Fortran code,Subramaniam; Byrne,1996,,10.1109/icsm.1996.564983,https://openalex.org/W2166200662,adjacent-subtopic,"The practice of software development continues to shift towards the use of object oriented approaches. The motivation for this trend is the benefits attributed to object oriented software, including improved maintainability. As organizations develop new object oriented software, they face the problem of maintaining their older software. How can existing non objected oriented software benefit from this new software engineering technology? The paper presents a nine step process for deriving an object model from existing unstructured FORTRAN source code. Both top down and bottom up approaches are used to derive objects, classes, class attributes and methods, and relationships among classes. This process can be used within a reengineering project to convert legacy FORTRAN code into a new object oriented implementation written in a language such as C++. Experience with using this process is also described.",openalex,llm,0.940,unreviewed,,doi:10.1109/icsm.1996.564983
discarded,Closure maintenance in an object-oriented query model,Reda Alhajj; Faruk Polat,1994,,10.1145/191246.191262,https://openalex.org/W2063707360,adjacent-subtopic,"An object-algebra is presented as a formal query model for object-oriented data models. The algebra serves not only to access and manipulate the structure and behavior of objects, but it also supports the creation of new objects and the introduction of new relationships into the schema. It provides a more powerful and flexible tool than messages for effectively dealing with complex situations and meeting associative access requirements. Operands as well as the results of operations in the proposed algebra are formally characterized as a pair of sets—a set of objects capturing the states and a set of message expressions comprised of sequences of messages modeling the object behavior. The closure property is achieved in a natural way by letting the results of operations possess the same characteristics as the operands in an algebra expression. Some operators of the algebra resemble those of the relational algebra but with different syntax and semantics. Additional operators are introduced to complement them. A class is shown to posses the properties of an operand by defining a set of objects and deriving a set of message expressions for it. Furthermore, the result of an object algebra expression is shown to have the characteristics of a class whose superclass/subclass relationships with its operand class(es) can be established providing a mechanism to properly and persistently place it in the class lattice (schema).",openalex,llm,0.990,unreviewed,,doi:10.1145/191246.191262
discarded,Object-oriented state machines,Aamod Sane; Roy H. Campbell,1995,ACM SIGPLAN Notices,10.1145/217839.217841,https://openalex.org/W3003490007,adjacent-subtopic,"Software specification and implementation techniques based on state machines simplify design, coding, and validation. However, large systems require complex state machines. Incremental construction techniques can control this complexity. In this paper, we present a construction technique that permits derivation of complex state machines from simpler state machines. The technique uses subclassing, composition, delegation, and genericity to incrementally modify and combine simpler machines.In addition, we present a novel implementation technique that uses exactly one table-lookup and one addition to dispatch events on derived state machines, no matter the depth of the derivation. As an example, we describe the derivation of a complicated distributed virtual memory scheme from a simple paging virtual memory scheme.",openalex,llm,0.980,unreviewed,,doi:10.1145/217839.217841
discarded,Attribute grammar paradigms—a high-level methodology in language implementation,Jukka Paakki,1995,ACM Computing Surveys,10.1145/210376.197409,https://openalex.org/W2043548135,adjacent-subtopic,"Attribute grammars are a formalism for specifying programming languages. They have been applied to a great number of systems automatically producing language implementations from their specifications. The systems and their specification languages can be evaluated and classified according to their level of application support, linguistic characteristics, and degree of automation. A survey of attribute grammar-based specification languages is given. The modern advanced specification languages extend the core attribute grammar model with concepts and primitives from established programming paradigms. The main ideas behind the developed attribute grammar paradigms are discussed, and representative specification languages are presented with a common example grammar. The presentation is founded on mapping elements of attribute grammars to their counterparts in programming languages. This methodology of integrating two problem-solving disciplines together is explored with a classification of the paradigms into structured, modular, object-oriented, logic, and functional attribute grammars. The taxonomy is complemented by introducing approaches based on an implicit parallel or incremental attribute evaluation paradigm.",openalex,llm,0.990,unreviewed,,doi:10.1145/210376.197409
discarded,The Design of an Object-Oriented Environment and Language for Teaching,Michael Kölling,1999,Kent Academic Repository (University of Kent),,https://openalex.org/W2102872330,adjacent-subtopic,"While object-orientation has been widely accepted as an important programming paradigm, teaching object-orientation remains difficult.Experience reports suggest that some problems can be avoided by teaching object-orientation as the first language in an introductory course.However, other problems remain, in particular languages and environments are regularly criticised as unsuitable and overly complex.This thesis discusses aspects of object-oriented languages and environments that affect their suitability for first year teaching.General requirements for languages and environments are identified and used as a means to judge the suitability of the most popular systems in use today.The discussion shows that none of the currently available systems is suitable for object-oriented first year teaching.I have to thank my good friends Detlef Rudolph, who first introduced me to computers and awoke my interest in these machines, and Axel Schmolitzky, who helped a great deal in maintaining the fun of it while we were studying.Axel also gave valuable comments on a first draft of this thesis.Damien Watkins read large parts of this work, and gave helpful feedback.I am grateful to Professor J. L. Keedy who has opened many doors for me that have turned out to be important in my life, one of which was the one to Australia.Very special thanks go to Professor John Rosenberg who, as my supervisor, not only provided the most excellent help and supervision I could wish for, but also was of great importance to me privately when I arrived in this then foreign country.His support enabled me to find my way and build a new life",openalex,llm,0.990,unreviewed,,hash:6e45c78a4c40df0e
discarded,Unifying aspect- and object-oriented design,Hridesh Rajan; Kevin Sullivan,2009,ACM Transactions on Software Engineering and Methodology,10.1145/1555392.1555396,https://openalex.org/W2069173317,adjacent-subtopic,"The contribution of this work is the design and evaluation of a programming language model that unifies aspects and classes as they appear in AspectJ-like languages. We show that our model preserves the capabilities of AspectJ-like languages, while improving the conceptual integrity of the language model and the compositionality of modules. The improvement in conceptual integrity is manifested by the reduction of specialized constructs in favor of uniform orthogonal constructs. The enhancement in compositionality is demonstrated by better modularization of integration and higher-order crosscutting concerns.",openalex,llm,0.960,unreviewed,,doi:10.1145/1555392.1555396
discarded,An experimental evaluation of quality guidelines on the maintainability of object-oriented design documents,Lionel Briand; Christian Bunse; John W. Daly,1997,,10.1145/266399.266401,https://openalex.org/W2019392228,adjacent-subtopic,"This paperpresents a controlled experimentfocusing on the impact of applying quality design principles such as the ones provided by Coad and Yourdon on the maintainability of object-oriented design documents.Results, which repeat thefindings of a previous study; strongly suggest that such design principles have a benejicial eflect on the maintainability of object-oriented design documents.It is argued that object-oriented design documents are sensitive to poor design practices because the cognitive complexity introduced becomes increasingly unmanageable.However; as our ability to generalise these results is limited, they should be considered as preliminaq\ i.e., it is very likely that they can only be generalised to programmers with little object-oriented training and programming experience.Such programmers can, however; be commonly found on maintenance projects.As well as additional research, external replications of this study are required to confirm the results and achieve conjdence in these findings. m INTRODUCTIONInterest in object-oriented techniques has been rising as more and more companies have switched to an object-oriented methodology for developing their software systems.Today, object-oriented analysis and design methods, languages, and development environments are visible in both small and large software organizations alike.This situation occurred mainly as a result of opinion and anecdotal evidence provided by vendors and experts; not really as a result of empirical evidence",openalex,llm,0.950,unreviewed,,doi:10.1145/266399.266401
discarded,Iterative type analysis and extended message splitting; optimizing dynamically-typed object-oriented programs,Craig Chambers; David Ungar,1990,ACM SIGPLAN Notices,10.1145/93548.93562,https://openalex.org/W3003320140,adjacent-subtopic,"Object-oriented languages have suffered from poor performance caused by frequent and slow dynamically-bound procedure calls. The best way to speed up a procedure call is to compile it out, but dynamic binding of object-oriented procedure calls without static receiver type information precludes inlining. Iterative type analysis and extended message splitting are new compilation techniques that extract much of the necessary type information and make it possible to hoist run-time type tests out of loops. Our system compiles code on-the-fly that is customized to the actual data types used by a running program. The compiler constructs a control flow graph annotated with type information by simultaneously performing type analysis and inlining. Extended message splitting preserves type information that would otherwise be lost by a control-flow merge by duplicating all the code between the merge and the place that uses the information. Iterative type analysis computes the types of variables used in a loop by repeatedly recompiling the loop until the computed types reach a fix-point. Together these two techniques enable our SELF compiler to split off a copy of an entire loop, optimized for the common-case types. By the time our SELF compiler generates code for the graph, it has eliminated many dynamically-dispatched procedure calls and type tests. The resulting machine code is twice as fast as that generated by the previous SELF compiler, four times faster than ParcPlace Systems Smalltalk-80, * the fastest commercially available dynamically-typed object-oriented language implementation, and nearly half the speed of optimized C. Iterative type analysis and extended message splitting have cut the performance penalty for dynamically-typed object-oriented languages in half.",openalex,llm,0.990,unreviewed,,doi:10.1145/93548.93562
discarded,Why C++ is not just an object-oriented programming language,Bjarne Stroustrup,1995,,10.1145/260094.260207,https://openalex.org/W1989649391,adjacent-subtopic,"C++ directly supports a variety of programming styles.In this, C++ deliberately differs from languages designed to support a single way of writing programs.This paper briefly presents key programming styles directly supported by C++ and argues that the support for multiple styles is one of its major strengths.The styles presented include: traditional C-style, concrete classes, abstract classes, traditional class hierarchies, abstract classes and class hierarchies, and generic programming.To provide a context for this overview, I discuss criteria for a reasonable and useful definition of ""object-oriented programming.""",openalex,llm,0.980,unreviewed,,doi:10.1145/260094.260207
discarded,Validating Converted Java Code via Symbolic Execution,"Sneed, Harry M.; Verhoef, Chris",2017,SOFTWARE QUALITY: COMPLEXITY AND CHALLENGES OF SOFTWARE ENGINEERING IN EMERGING TECHNOLOGIES,10.1007/978-3-319-49421-0_6,https://www.webofscience.com/wos/woscc/full-record/WOS:000399220600006,adjacent-subtopic,"The testing approach described here has grown out of migration projects aimed at converting procedural programs in COBOL or PL/1 to object-oriented Java code. The code conversion itself is now automated but not completely. The human reengineer still has to make some adjustments to the automatically generated code and that can lead to errors. These may also be subtle errors in the automated transformation. Therefore, converted code must be tested to prove that it is functionally equivalent to the original code. Up until now converted programs have been tested manually and their results compared, but that is a very labor intensive approach. Besides, it only shows which results differ and not where the code differs. It can be extremely difficult to trace differences in the results back to differences in the code. Such regression testing drives up the costs of migration, causing users to disregard this alternative. If they have to spend so much on testing a conversion they might as well redevelop the software. This paper describes how converted code can be validated at a much lower cost by symbolically executing it and comparting the execution paths. The theory behind this approach is that no matter how statements are statically reordered, dynamically they must still execute in the same sequence to produce the same result.",wos,llm,0.920,unreviewed,,doi:10.1007/978-3-319-49421-0_6
discarded,Systems Evolution and Software Reuse in OOP and AOP,"Przybylek, Adam",2011,EVALUATION OF NOVEL APPROACHES TO SOFTWARE ENGINEERING,,https://www.webofscience.com/wos/woscc/full-record/WOS:000309948700016,adjacent-subtopic,New programming techniques make claims that software engineers often want to hear. Such is the case with aspect-oriented programming (AOP). This paper describes a quasi-controlled experiment which compares the evolution of two functionally equivalent systems. developed in two different paradigms. The aim of the study is to explore the claims that software developed with aspect-oriented languages is easier to maintain and reuse than this developed with object-oriented languages. We have found no evidence to support these claims.,wos,llm,0.980,unreviewed,,hash:a548d7f83cb75671
discarded,Systems Evolution and Software Reuse in Object-Oriented Programming and Aspect-Oriented Programming,"Przybylek, Adam",2011,"OBJECTS, MODELS, COMPONENTS, PATTERNS, TOOLS 2011",,https://www.webofscience.com/wos/woscc/full-record/WOS:000392144900013,adjacent-subtopic,"Every new programming technique makes claims that software engineers want to hear. Such is the case with aspect-oriented programming (AOP). This paper describes a quasi-controlled experiment which compares the evolution of two functionally equivalent programs, developed in two different paradigms. The aim of the study is to explore the claims that software developed with aspect-oriented languages is easier to maintain and reuse than this developed with object-oriented languages. We have found no evidence to support these claims.",wos,llm,0.980,unreviewed,,hash:23cc03691b7cd46c
discarded,An Approach Using Formal Concept Analysis to Object Extraction in Legacy Code,"Chiang, Chia-Chu; Lee, Roger",2009,"SOFTWARE ENGINEERING, ARTIFICIAL INTELLIGENCE, NETWORKING AND PARALLEL/DISTRIBUTED COMPUTING",,https://www.webofscience.com/wos/woscc/full-record/WOS:000268391200014,adjacent-subtopic,"Formal concept analysis is a well-known technique for identifying groups of objects in software with common sets of attributes. The objects can be procedures, functions, and modules. In this paper, we are proposing an approach using formal concept analysis to extract objects in a non-object oriented programs. We define an object as a set of data and its associated methods encapsulated in a class. Thus, we start with a data structure and apply a program slicing technique to extract the code from the legacy code corresponding to the data. The data and statements are then collected into an object. This research is a collaborative work in which we are trying to draw the benefit by using formal concept analysis and apply the analysis results to the field of software maintenance.",wos,llm,0.930,unreviewed,,hash:c932b5e29319e214
discarded,AspectC2C: a symmetric aspect extension to the C language,"Zhang, Danfeng; Guo, Yao; Chen, Xiangqun",2008,ACM SIGPLAN NOTICES,,https://www.webofscience.com/wos/woscc/full-record/WOS:000256500900004,adjacent-subtopic,"By separating crosscutting concerns into modules, aspect-oriented programming (AOP) can greatly improve the maintainability, understandability and reusability of software. However, the asymmetric paradigm adopted by most AOP extensions could bring crosscutting concerns into the aspect code and thus limit the reusability of aspects. Symmetric paradigms have been proposed to alleviate such limitations, but few extensions on such paradigm target at non-object-oriented languages, such as C. In this paper, we propose a symmetric aspect extension to the C language, called AspectC2C, and discuss implementation issues and benefits of this new extension comparing to the asymmetric ones.",wos,llm,0.950,unreviewed,,hash:e3c2de9a2cbf2eb3
