status,title,authors,year,venue,doi,url,tags,abstract,provider,decision_source,llm_confidence,llm_review_outcome,llm_change_direction,paper_id
discarded,Modular L-systems: Generating procedural models using an integrated approach,"Hidalgo, J. L.; Abad, F.; Vivo, R.",2007,EUROPEAN SIMULATION AND MODELLING CONFERENCE 2007,,https://www.webofscience.com/wos/woscc/full-record/WOS:000255638600081,adjacent-subtopic,"A modeling technique commonly used in Computer Graphics and Simulation is L-systems. L-systems are procedural generators that fall into the category of growth simulators. They can generate complex geometries like plants and trees, shells and coral reefs, cities and landscapes, and even texture images. L-systems are typically implemented as a set of ad-hoc tools specific to each application area. Users are restricted to the language provided by the system and must follow inflexible guidelines to add their own code to generate new models. In many cases this is not even possible.

Our approach to L-system based modeling aims to bridge the world of rewriting engines and the world of imperative programming using Object-Oriented languages. We build L-systems using a, modular approach Hot simplifies and speeds up construction of complex geometric models. We call it Modular L-systems (ML-systems) and support not only construction, but also integration of different types of models into one scene. A system's rules axe written in a scripting language that is independent from he objects handled. The objects are encoded in C/C++ methods and classes, thus support the expressiveness of any high-level L-system. We demonstrate how to model objects with ML-systems by simulating the growth of crystals, coral reefs and other geometries using the same tool.",wos,llm,0.950,unreviewed,,hash:558e117687e9b984
discarded,Measuring software flexibility,"Eden, A. H.; Mens, T.",2006,IEE PROCEEDINGS-SOFTWARE,10.1049/ip-sen:20050045,https://www.webofscience.com/wos/woscc/full-record/WOS:000239099300003,supports-claim; adjacent-subtopic,"Flexibility has been recognised as a desirable quality of software since the earliest days of software engineering. Classic and contemporary software design literature suggests that particular implementations are more flexible than others, but stops short of suggesting objective criteria for quantifying such claims. To measure software flexibility in precise terms, we introduce the notion of evolution complexity and demonstrate how it can be used to measure and compare the flexibility of (1) programming paradigms (Object-Oriented against Procedural programs), (2) architectural styles (Shared Data, Pipes and Filters, and Abstract Data Type) and (3) design patterns (Visitor and the Abstract Factory). We also demonstrate how evolution complexity can be used to choose the most flexible design policy. We conclude with experimental results corroborating our claims.",wos,llm_reviewed,0.970,changed,kept->discarded,doi:10.1049/ip-sen:20050045
discarded,Extracting reusable object-oriented legacy code segments with combined formal concept analysis and slicing techniques for service integration,"Zhang, Zhuopeng; Yang, Hongji; Chu, William C.",2006,"QSIC 2006: SIXTH INTERNATIONAL CONFERENCE ON QUALITY SOFTWARE, PROCEEDINGS",,https://www.webofscience.com/wos/woscc/full-record/WOS:000242539000050,adjacent-subtopic,"Web services, together with service-oriented architectures, are promising integration technology to facilitate legacy system Webification and evolution. However, a service-oriented re-engineering process is still essential for legacy systems to survive in the service-oriented computing environment. In this service-oriented re-engineering process, understanding and reusing object-oriented code turn to be important activities. In this paper, we proposed a comprehensive approach to support the extraction and integration of reusable object-oriented legacy code. In the extraction phase, formal concept analysis, which is a general and flexible technique for recovering structural design information, and inter-procedural program slicing are adopted as main reverse engineering techniques to recover reusable object-oriented code. In the integration phase, service packaging processes are presented in details. Our approach produces extracted components with core legacy object-oriented code function in Web services by wrapping underlying computing models with XML.",wos,llm,0.970,unreviewed,,hash:d9895adc4f045bb0
discarded,Micro patterns in Java code,"Gil, J; Maman, I",2005,ACM SIGPLAN NOTICES,,https://www.webofscience.com/wos/woscc/full-record/WOS:000233404900008,adjacent-subtopic,"Micro patterns are similar to design patterns, except that micro patterns stand at a lower. closer to the implementation, level of abstraction. Micro patterns are also unique in that they are mechanically recognizable, since each such pattern can be expressed as a formal condition on the structure of a class.

This paper presents a catalog of 27 micro-patterns defined on JAVA classes and interfaces. The catalog captures a wide spectrum of common programming practices, including a particular and (intentionally restricted) use of inheritance, immutability I data management and wrapping, restricted creation, and emulation of procedural-, modular-, and even functional- programming paradigms with object oriented constructs. Together, the patterns present a set of prototypes after which a large portion Of all JAVA classes and interfaces are modeled. We provide empirical indication that this portion is as high as 75%.

A statistical analysis of occurrences of micro patterns in a large software corpus, spanning some 70,000 JAVA classes drawn from a rich set of application domains, shows, with high confidence level that the use of these patterns is not random. These results indicate consciousness and discernible design decisions, which are sustained in the software evolution. With high confidence level, we can also show that the use of these patterns is tied to the specification, or the purpose, that the software realizes.

The traceability, abundance and the statistical significance of micro pattern occurrence raise the hope of using the classification of software into these patterns for a more founded appreciation of its design and code quality.",wos,llm,0.950,unreviewed,,hash:6192aa32c392e404
discarded,A graph grammar approach to artificial life,"Kniemeyer, O; Buck-Sorlin, GH; Kurth, W",2004,ARTIFICIAL LIFE,,https://www.webofscience.com/wos/woscc/full-record/WOS:000223656900004,off-topic-false-hit,"We present the high-level language of relational growth grammars (RGGs) as a formalism designed for the specification of ALife models. RGGs can be seen as an extension of the well-known parametric Lindenmayer systems and contain rule-based, procedural, and object-oriented features. They are defined as rewriting systems operating on graphs with the edges coming from a set of user-defined relations, whereas the nodes can be associated with objects. We demonstrate their ability to represent genes, regulatory networks of metabolites, and morphologically structured organisms, as well as developmental aspects of these entities, in a common formal framework. Mutation, crossing over, selection, and the dynamics of a network of gene regulation can all be represented with simple graph rewriting rules. This is demonstrated in some detail on the classical example of Dawkins' biomorphs and the ABC model of flower morphogenesis: other applications are briefly sketched. An interactive program was implemented, enabling the execution of the formalism and the visualization of the results.",wos,llm,0.950,unreviewed,,hash:32d56d253d46d137
discarded,Development of manufacturing automation systems through object oriented concepts and international standards,"Carpanzano, E; Cataldo, A; Lacasella, A",2004,2004 2ND IEEE INTERNATIONAL CONFERENCE ON INDUSTRIAL INFORMATICS,,https://www.webofscience.com/wos/woscc/full-record/WOS:000227493200101,adjacent-subtopic,"Interoperable, portable and scalable automation systems will he a key element for next generation manufacturing systems. Therefore, innovative development methodologies, standards and tools for the structured design of complex automation systems are mandatory. In the present work a development methodology is introduced, which is based on emerging international standards and exploits object-oriented concepts. By means of the proposed framework the definition of complex control and supervision systems is simplified, and the maintenance and reuse of designed solutions is enhanced. In particular, the agility, interoperability, portability and scalability of the developed automation systems are significantly improved. An application example is also addressed throughout the paper to highlight the benefits of the proposed framework. In particular, the development of automation functionalities for an highly innovative shoe manufacturing plant is discussed.",wos,llm,0.870,unreviewed,,hash:a2bcdb924bc870c2
discarded,Incremental quality driven software migration to object oriented systems,"Zou, Y",2004,"20TH IEEE INTERNATIONAL CONFERENCE ON SOFTWARE MAINTENANCE, PROCEEDINGS",,https://www.webofscience.com/wos/woscc/full-record/WOS:000224491800013,adjacent-subtopic,"In the context of software maintenance, legacy software systems are continuously re-engineered in order to correct errors, provide new functionality, or port them into modern platforms. However, software re-engineering activities should not occur in a vacuum, and it is important to incorporate non-functional requirements as Part of the re-engineering process. This paper presents an incremental reengineering framework that allows for quality requirements to be modeled as soft-goals, and transformations to be applied selectively towards achieving specific quality requirements for the target system. Moreover, to deal with large software systems, a system can be decomposed into a collection of smaller clusters. The reengineering framework can be applied incrementally to each of these clusters and results are assembled to produce the final system. Using the theory presented in this paper, we developed a reengineering toolkit to automatically migrate procedural systems to object oriented platforms. We used the toolkit to migrate a number of open source systems including Apache, Bash and Clips. The obtained results demonstrate the effectiveness, usefulness, and scalability of our proposed incremental quality driven migration framework.",wos,llm,0.910,unreviewed,,hash:a0c33331d3839662
discarded,Component-based software engineering: Issues and concerns,"Haddad, HM; Biberoglu, E",2003,"SERP'03: PROCEEDINGS OF THE INTERNATIONAL CONFERENCE ON SOFTWARE ENGINEERING RESEARCH AND PRACTICE, VOLS 1 AND 2",,https://www.webofscience.com/wos/woscc/full-record/WOS:000187617100061,adjacent-subtopic,"Software Engineering has evolved over the years to become a discipline for software development. Starting with structured programming, several technologies and innovations have emerged and contributed to the evolution of software engineering including CASE tools and Object-Oriented technologies. Component-Based Software Engineering is an emerging approach to software development, and it calls for developing high-quality software systems with lower cost. This approach focuses on building highly reusable components. However, as a relatively new approach, there are several issues to be worked out to achieve the set goal. The purpose of this study is to provide an overview of each approach (Software Engineering and Component-Based Software Engineering), highlight key differences, and provide a discussion of current issues facing Component-Based Software Engineering. The study provides a review of recent research work on the status of component-based development, and it provides a bibliography of related work.",wos,llm,0.960,unreviewed,,hash:693aa6719c30c14b
discarded,Program slicing tool for effective software evolution using aspect-oriented technique,"Ishio, T; Kusumoto, S; Inoue, K",2003,"SIXTH INTERNATIONAL WORKSHOP ON PRINCIPLES OF SOFTWARE EVOLUTION, PROCEEDINGS",,https://www.webofscience.com/wos/woscc/full-record/WOS:000185659700001,adjacent-subtopic,"One of the issues in software evolution is debugging. Debugging large and complex software systems evolved requires a lot of effort since it is very difficult to localize and identity faults. Therefore, reducing the effort of debugging process is an important step towards efficient software evolution. Program slicing, especially dynamic slicing, has been proposed to efficiently localize faults in a procedural program and an object-oriented program. Although several tools have been developed for Java programs, these are difficult to maintain because of the frequent revision of Java languages. Aspect-Oriented Programming (AOP) is a new technology for the separation of concerns in program development. Using AOP modularizing crosscutting aspects of a system is possible. One useful application of AOP is for modularizing the collecting program's dynamic information for program analysis. Since the collection of dynamic information affects the over-all target program, this functionality is a typical crosscutting concern. In this paper, we apply AOP to develop a program debugging tool using program slicing. First, we examine the application of AOP for collecting dynamic information from program execution and for calculating program slices. Next, we develop a program slicing system using AspectJ. Finally, we describe the benefits, usability, and cost effectiveness of a module of dynamic analysis based on AOP",wos,llm,0.970,unreviewed,,hash:07285ef1769831ac
discarded,Monitoring of Agricultural Crops by Remote Sensing in Central Europe: A Comprehensive Review,J. Kumhálová,2026,Remote Sensing,10.3390/rs18071075,https://www.scopus.com/inward/record.uri?partnerID=HzOxMe3b&scp=105035628423&origin=inward,off-topic-false-hit,,scopus,llm,1.000,unreviewed,,doi:10.3390/rs18071075
discarded,Automation of Classification Tasks with Imbalanced Datasets using an Adapted CRISP-DM Methodology,S. Mitrovic,2026,17th International Conference on Advances in Computing Control and Telecommunication Technologies Act 2026,,https://www.scopus.com/inward/record.uri?partnerID=HzOxMe3b&scp=105047232847&origin=inward,off-topic-false-hit,,scopus,llm,0.990,unreviewed,,hash:8327be38ff067785
discarded,GenAI-Driven Migration of Legacy COBOL Applications to Clean Java Code,C. Kuck,2026,Communications in Computer and Information Science,10.1007/978-3-032-08614-3_4,https://www.scopus.com/inward/record.uri?partnerID=HzOxMe3b&scp=105021814468&origin=inward,adjacent-subtopic,,scopus,llm,0.830,unreviewed,,doi:10.1007/978-3-032-08614-3_4
discarded,Re-Engineering Scientific Software With Modern C++: Best Practices and Recommendations for Computational Science,S. Dale,2026,Software Practice and Experience,10.1002/spe.70088,https://www.scopus.com/inward/record.uri?partnerID=HzOxMe3b&scp=105044462241&origin=inward,adjacent-subtopic,,scopus,llm,0.850,unreviewed,,doi:10.1002/spe.70088
discarded,Enhancing Inter-procedural Static Analysis with Selective LLM-Driven Data-flow Summarization,F. Sun,2026,IEEE Transactions on Software Engineering,10.1109/TSE.2026.3726981,https://www.scopus.com/inward/record.uri?partnerID=HzOxMe3b&scp=105050167315&origin=inward,adjacent-subtopic,,scopus,llm,0.980,unreviewed,,doi:10.1109/tse.2026.3726981
kept,"A Comparative Study of Object-Oriented, Procedural, and Functional Programming Paradigms in Microservice Architecture",M.A. Khan,2025,Vfast Transactions on Software Engineering,10.21015/vtse.v13i3.2216,https://www.scopus.com/inward/record.uri?partnerID=HzOxMe3b&scp=105018712968&origin=inward,qualifies-claim,,scopus,llm,0.580,unreviewed,,doi:10.21015/vtse.v13i3.2216
discarded,CLEANING-IN-PLACE STATION DECOMPOSITION FOR OBJECT-ORIENTED CONTROL,R. Mirkevych,2025,Eastern European Journal of Enterprise Technologies,10.15587/1729-4061.2025.343204,https://www.scopus.com/inward/record.uri?partnerID=HzOxMe3b&scp=105031482180&origin=inward,adjacent-subtopic,,scopus,llm,0.900,unreviewed,,doi:10.15587/1729-4061.2025.343204
discarded,Analyzing Class Stability Through C&K and Evolution Metrics: An Empirical Study,M. Ghaleb,2025,Communications in Computer and Information Science,10.1007/978-3-031-95127-5_22,https://www.scopus.com/inward/record.uri?partnerID=HzOxMe3b&scp=105013625068&origin=inward,adjacent-subtopic,,scopus,llm,0.930,unreviewed,,doi:10.1007/978-3-031-95127-5_22
discarded,A Brief and Unofficial History of the FRAM,E. Hollnagel,2025,Navigating the Fram Mastering the Functional Resonance Analysis Method for Modelling Complex Socio Technical Systems,10.1201/9781003518167-3,https://www.scopus.com/inward/record.uri?partnerID=HzOxMe3b&scp=105020490163&origin=inward,off-topic-false-hit,,scopus,llm,0.990,unreviewed,,doi:10.1201/9781003518167-3
discarded,Concepts for Open Access Interdisciplinary Remote Sensing with ESA Sentinel-1 SAR Data,J. McClelland,2024,Progress in is,10.1007/978-3-031-46902-2_4,https://www.scopus.com/inward/record.uri?partnerID=HzOxMe3b&scp=85191503308&origin=inward,off-topic-false-hit,,scopus,llm,1.000,unreviewed,,doi:10.1007/978-3-031-46902-2_4
discarded,"Object-Oriented Requirements: a Unified Framework for Specifications, Scenarios and Tests",M. Naumcheva,2023,Journal of Object Technology,10.5381/JOT.2023.22.1.3,https://www.scopus.com/inward/record.uri?partnerID=HzOxMe3b&scp=85164572493&origin=inward,adjacent-subtopic,,scopus,llm,0.930,unreviewed,,doi:10.5381/jot.2023.22.1.3
discarded,Boosting Extra-Functional Code Reusability in Cyber-Physical Production Systems: The Error Handling Case Study,B. Vogel-Heuser,2022,IEEE Transactions on Emerging Topics in Computing,10.1109/TETC.2022.3142816,https://www.scopus.com/inward/record.uri?partnerID=HzOxMe3b&scp=85123701394&origin=inward,adjacent-subtopic,,scopus,llm,0.920,unreviewed,,doi:10.1109/tetc.2022.3142816
discarded,The Evolution of Imperative Programming Paradigms as a Search for New Ways to Reduce Code Duplication,T. Avacheva,2020,Iop Conference Series Materials Science and Engineering,10.1088/1757-899X/714/1/012001,https://www.scopus.com/inward/record.uri?partnerID=HzOxMe3b&scp=85078937641&origin=inward,supports-claim; adjacent-subtopic,,scopus,llm_reviewed,0.610,changed,kept->discarded,doi:10.1088/1757-899x/714/1/012001
discarded,Static Analysis for Improved Modularity of Procedural Web Application Programming Interfaces,A. Barros,2020,IEEE Access,10.1109/ACCESS.2020.3008904,https://www.scopus.com/inward/record.uri?partnerID=HzOxMe3b&scp=85089522701&origin=inward,adjacent-subtopic,,scopus,llm,0.940,unreviewed,,doi:10.1109/access.2020.3008904
discarded,Test case prioritization and distributed testing of object-oriented program,V.K.S. Kumar,2019,Turkish Journal of Electrical Engineering and Computer Sciences,10.3906/elk-1806-177,https://www.scopus.com/inward/record.uri?partnerID=HzOxMe3b&scp=85072600779&origin=inward,adjacent-subtopic,,scopus,llm,0.960,unreviewed,,doi:10.3906/elk-1806-177
discarded,CellS: A Cell-Inspired Efficient Software Framework for Intelligent System,M.C. Wu,2018,2018 IEEE International Conference on Consumer Electronics Taiwan Icce TW 2018,10.1109/ICCE-China.2018.8448838,https://www.scopus.com/inward/record.uri?partnerID=HzOxMe3b&scp=85053879999&origin=inward,adjacent-subtopic,,scopus,llm,0.940,unreviewed,,doi:10.1109/icce-china.2018.8448838
discarded,Is cloned code really stable?,M. Mondal,2018,Empirical Software Engineering,10.1007/s10664-017-9528-y,https://www.scopus.com/inward/record.uri?partnerID=HzOxMe3b&scp=85021825826&origin=inward,adjacent-subtopic,,scopus,llm,0.970,unreviewed,,doi:10.1007/s10664-017-9528-y
discarded,Control Software for TOF-SIMS Based on LabVIEW Object Oriented Programming,Y. Zheng,2017,Journal of Chinese Mass Spectrometry Society,10.7538/zpxb.youxian.2016.0064,https://www.scopus.com/inward/record.uri?partnerID=HzOxMe3b&scp=85031918265&origin=inward,adjacent-subtopic,,scopus,llm_reviewed,0.950,confirmed,,doi:10.7538/zpxb.youxian.2016.0064
discarded,A novel approach to improve the system performance by proper scheduling in memory management,J.P. Abraham,2017,Lecture Notes in Electrical Engineering,10.1007/978-981-10-1540-3_9,https://www.scopus.com/inward/record.uri?partnerID=HzOxMe3b&scp=84998694356&origin=inward,adjacent-subtopic,,scopus,llm,0.980,unreviewed,,doi:10.1007/978-981-10-1540-3_9
discarded,MARX: Uncovering Class Hierarchies in C++ Programs,A. Pawlowski,2017,24th Annual Network and Distributed System Security Symposium Ndss 2017,10.14722/ndss.2017.23096,https://www.scopus.com/inward/record.uri?partnerID=HzOxMe3b&scp=85180415829&origin=inward,adjacent-subtopic,,scopus,llm,0.970,unreviewed,,doi:10.14722/ndss.2017.23096
discarded,How programming languages and paradigms affect performance and energy in multithreaded applications,G.G. Magalhaes,2016,Brazilian Symposium on Computing System Engineering Sbesc,10.1109/SBESC.2016.019,https://www.scopus.com/inward/record.uri?partnerID=HzOxMe3b&scp=85016105683&origin=inward,adjacent-subtopic,,scopus,llm,0.970,unreviewed,,doi:10.1109/sbesc.2016.019
discarded,How scale affects structure in Java programs,C.V. Lopes,2015,Proceedings of the Conference on Object Oriented Programming Systems Languages and Applications OOPSLA,10.1145/2814270.2814300,https://www.scopus.com/inward/record.uri?partnerID=HzOxMe3b&scp=84958598074&origin=inward,adjacent-subtopic,,scopus,llm,0.840,unreviewed,,doi:10.1145/2814270.2814300
discarded,Deciding type-based partial-order constraints for path-sensitive analysis,E. Sherman,2015,ACM Transactions on Software Engineering and Methodology,10.1145/2755971,https://www.scopus.com/inward/record.uri?partnerID=HzOxMe3b&scp=84930151677&origin=inward,adjacent-subtopic,,scopus,llm,0.980,unreviewed,,doi:10.1145/2755971
