status,title,authors,year,venue,doi,url,tags,abstract,provider,decision_source,llm_confidence,llm_review_outcome,llm_change_direction,paper_id
discarded,Subject-oriented programming,William Harrison; Harold L. Ossher,1993,,10.1145/165854.165932,https://openalex.org/W2094282293,qualifies-claim; adjacent-subtopic,"Object-Oriented technology is often described in terms of an interwoven troika of themes: encapsulation, polymorphism, and inheritance.But these themes are firmly tied with the concept of identity.If object-oriented technology is to be successfully scaled from the development of independent applications to development of integrated suites of applica-tions, it must relax its emphasis on the objecf.The technology must recognize more directly that a multiplicity of subjective views delocalizes the concept of object, and must emphasize more the binding concept of identity to tie them together.This paper explores this shift to a style of objectoriented technology that emphasizes the subjective views: Subject-Oriented Programming.",openalex,llm_reviewed,0.720,changed,kept->discarded,doi:10.1145/165854.165932
discarded,An empirical validation of object-oriented metrics in two different iterative software processes,Mohammad Alshayeb; Wei Li,2003,IEEE Transactions on Software Engineering,10.1109/tse.2003.1245305,https://openalex.org/W2143075743,adjacent-subtopic,"Object-oriented (OO) metrics are used mainly to predict software engineering activities/efforts such as maintenance effort, error proneness, and error rate. There have been discussions about the effectiveness of metrics in different contexts. In this paper, we present an empirical study of OO metrics in two iterative processes: the short-cycled agile process and the long-cycled framework evolution process. We find that OO metrics are effective in predicting design efforts and source lines of code added, changed, and deleted in the short-cycled agile process and ineffective in predicting the same aspects in the long-cycled framework process. This leads us to believe that OO metrics' predictive capability is limited to the design and implementation changes during the development iterations, not the long-term evolution of an established system in different releases.",openalex,llm,0.970,unreviewed,,doi:10.1109/tse.2003.1245305
discarded,Semantics and implementation of schema evolution in object-oriented databases,Jay Banerjee; Won Bae Kim; Hyoung-Joo Kim; Henry F. Korth,1987,ACM SIGMOD Record,10.1145/38714.38748,https://openalex.org/W4243985705,adjacent-subtopic,"Object-oriented programming is well-suited to such data-intensive application domains as CAD/CAM, AI, and OIS (office information systems) with multimedia documents. At MCC we have built a prototype object-oriented database system, called ORION. It adds persistence and sharability to objects created and manipulated in applications implemented in an object-oriented programming environment. One of the important requirements of these applications is schema evolution, that is, the ability to dynamically make a wide variety of changes to the database schema. In this paper, following a brief review of the object-oriented data model that we support in ORION, we establish a framework for supporting schema evolution, define the semantics of schema evolution, and discuss its implementation.",openalex,llm,0.970,unreviewed,,doi:10.1145/38714.38748
discarded,Integrating an object-oriented programming system with a database system,Won Bae Kim; Nat Ballou; Jay Banerjee; Hong‐Tai Chou; Jorge G. Garza; Darrell Woelk,1988,,10.1145/62083.62097,https://openalex.org/W1964016480,adjacent-subtopic,"There are two major issues to address to achieve integration of an object-oriented programming system with a database system. One is the language issue: an object-oriented programming language must be augmented with semantic data modeling concepts to provide a robust set of data modeling concepts to allow modeling of entities for important real-world applications. Another is the computational-model issue: application programmers should be able to access and manipulate objects as though the objects are in an infinite virtual memory; in other words, they should not have to be aware of the existence of a database system in their computations with the data structures the programming language allows. This paper discusses these issues and presents the solutions which we have incorporated into the ORION object-oriented database system at MCC.",openalex,llm,0.970,unreviewed,,doi:10.1145/62083.62097
discarded,"Cactis: a self-adaptive, concurrent implementation of an object-oriented database management system",Scott E. Hudson; Roger King,1989,ACM Transactions on Database Systems,10.1145/68012.68013,https://openalex.org/W1967307074,adjacent-subtopic,"Cactis is an object-oriented, multiuser DBMS developed at the University of Colorado. The system supports functionally-defined data and uses techniques based on attributed graphs to optimize the maintenance of functionally-defined data. The implementation is self-adaptive in that the physical organization and the update algorithms dynamically change in order to reduce disk access. The system is also concurrent. At any given time there are some number of computations that must be performed to bring the database up to date; these computations are scheduled independently and are performed when the expected cost to do so is minimal. The DBMS runs in the Unix/C Sun workstation environment. Cactis is designed to support applications that require rich data modeling capabilities and the ability to specify functionally-defined data, but that also demand good performance. Specifically, Cactis is intended for use in the support of such applications as VLSI and PCB design, and software environments.",openalex,llm,0.960,unreviewed,,doi:10.1145/68012.68013
discarded,Reconciling responsiveness with performance in pure object-oriented languages,Urs Hölzle; David Ungar,1996,ACM Transactions on Programming Languages and Systems,10.1145/233561.233562,https://openalex.org/W1979823255,adjacent-subtopic,"Dynamically dispatched calls often limit the performance of object-oriented programs, since opject-oriented programming encourages factoring code into small, reusable units, thereby increasing the frequency of these expensive operations. Frequent calls not only slow down execution with the dispatch overhead per se, but more importantly they hinder optimization by limiting the range and effectiveness of standard global optimizations. In particular, dynamically dispatched calles prevent standard interprocedual optimizations that depend on the availability of a static call graph. The SELF implementation described here offers tow novel approaches to optimization. Type feedback speculatively inlines dynamically dispatched calls based on profile information that predicts likely receiver classes. Adaptive optimization reconciles optimizing compilation with interactive performance by incrementally optimizing only the frequently executed parts of a program. When combined, these two techniques result in a system that can execute programs significantly faster than previous systems while retaining much of the interactiveness of an interpreted system.",openalex,llm,0.980,unreviewed,,doi:10.1145/233561.233562
discarded,Query evaluation techniques for large databases,Goetz Graefe,1993,ACM Computing Surveys,10.1145/152610.152611,https://openalex.org/W2158237121,adjacent-subtopic,"Database management systems will continue to manage large data volumes. Thus, efficient algorithms for accessing and manipulating large sets and sequences will be required to provide acceptable performance. The advent of object-oriented and extensible database systems will not solve this problem. On the contrary, modern data models exacerbate the problem: In order to manipulate large sets of complex objects as efficiently as today's database systems manipulate simple records, query-processing algorithms and software will become more complex, and a solid understanding of algorithm and architectural issues is essential for the designer of database management software. This survey provides a foundation for the design and implementation of query execution facilities in new database management systems. It describes a wide array of practical query evaluation techniques for both relational and postrelational database systems, including iterative execution of complex query evaluation plans, the duality of sort- and hash-based set-matching algorithms, types of parallel query execution and their implementation, and special operators for emerging database application domains.",openalex,llm,0.980,unreviewed,,doi:10.1145/152610.152611
discarded,PLUMED 2: New feathers for an old bird,Gareth A. Tribello; Massimiliano Bonomi; Davide Branduardi; Carlo Camilloni; Giovanni Bussi,2013,Computer Physics Communications,10.1016/j.cpc.2013.09.018,https://openalex.org/W2146411229,off-topic-false-hit,,openalex,llm,0.960,unreviewed,,doi:10.1016/j.cpc.2013.09.018
discarded,The multi-layered nature of small-group learning: Productive interactions in object-oriented collaboration,Crina I. Damşa,2014,International Journal of Computer-Supported Collaborative Learning,10.1007/s11412-014-9193-8,https://openalex.org/W2041647219,off-topic-false-hit,"This article presents a study of small-group interaction in the context of collaborative learning in undergraduate education. The student groups participated in collaborative projects, which involved setting-up, conducting, and reporting on empirical research studies. This study sheds light on the nature of productive interactions, the joint efforts to co-construct knowledge and the shared epistemic agency expected to emerge when groups are addressing ill-structured, complex problems in a collaboration over time. In-depth qualitative analysis and descriptive statistics were used to analyze and interpret interaction data and developing knowledge objects (i.e., research reports) collected during a 20-week project period. The findings show that productive interactions can take different forms, with discourse-based and object-oriented being the most relevant patterns arising. In the latter case, the emergent knowledge objects also influence the course and productivity of the interaction. Finally, groups manifesting shared epistemic agency produce knowledge objects more complex and suitable to the problems addressed. These findings contribute to a better understanding of the collaborative learning process that includes work on knowledge objects over time. The implications for the educational practice and further research point towards the need for a better understanding of the way groups function when challenged to address complex problems and to participate in knowledge production, how these processes can benefit learning, and what is needed in terms of pedagogical and technological support, to enable students to be more than mere course-takers, but also producers of knowledge.",openalex,llm,0.990,unreviewed,,doi:10.1007/s11412-014-9193-8
discarded,An Overview of the Scala Programming Language,Martin Odersky; Philippe Altherr; Vincent Cremet; Burak Emir; Sebastian Maneth; Stéphane Micheloud; Nikolay Mihaylov; Michel Schinz; Erik Stenman; Matthias Zenger,2004,Infoscience (Ecole Polytechnique Fédérale de Lausanne),,https://openalex.org/W1495226832,adjacent-subtopic,Scala fuses object-oriented and functional programming in a statically typed programming language. It is aimed at the construction of components and component systems. This paper gives an overview of the Scala language for readers who are familar with programming methods and programming language design.,openalex,llm,0.980,unreviewed,,hash:aab0d2be14694649
discarded,INTEGRATING MULTIPLE PARADIGMS WITHIN THE BLACKBOARD FRAMEWORK,"VRANES, S; STANOJEVIC, M",1995,IEEE TRANSACTIONS ON SOFTWARE ENGINEERING,,https://www.webofscience.com/wos/woscc/full-record/WOS:A1995QM13000006,adjacent-subtopic,"While early knowledge-based systems suffered the frequent criticism of having little relevance to the real world, an increasing number of current applications deal with complex, real-world problems. Due to the complexity of real-world situations, no one general software technique can produce adequate results in different problem domains, and artificial intelligence usually needs to be integrated with conventional paradigms for efficient solutions. The complexity and diversity of real-world applications have also forced the researchers in the AI field to focus more on the integration of diverse knowledge representation and reasoning techniques for solving challenging, real-world problems. Our development environment, BEST (Blackboard-based Expert Systems Toolkit), is aimed to provide the ability to produce large-scale, evolvable, heterogeneous intelligent systems. BEST incorporates the best of multiple programming paradigms in order to avoid restricting users to a single way of expressing either knowledge or data. It combines rule-based programming, object-oriented programming, logic programming, procedural programming and blackboard modelling in a single architecture for knowledge engineering, so that the user can tailor a style of programming to his application, using any or arbitrary combinations of methods to provide a complete solution. The deep integration of all these techniques yields a toolkit more effective even for a specific single application than any technique in isolation or collections of multiple techniques less fully integrated. Within the basic, knowledge-based programming paradigm, BEST offers a multiparadigm language for representing complex knowledge, including incomplete and uncertain knowledge. Its problem solving facilities include truth maintenance, inheritance over arbitrary relations, temporal and hypothetical reasoning, opportunistic control, automatic partitioning and scheduling, and both blackboard and distributed problem-solving paradigms.",wos,llm,0.950,unreviewed,,hash:8a7d838484f58d52
discarded,Skylines: Visualizing Object-Oriented Software Systems Through Class Contours,M. Giannaccari,2025,Proceedings 2025 IEEE Working Conference on Software Visualization Vissoft 2025,10.1109/VISSOFT67405.2025.00015,https://www.scopus.com/inward/record.uri?partnerID=HzOxMe3b&scp=105018915302&origin=inward,adjacent-subtopic,,scopus,llm,0.970,unreviewed,,doi:10.1109/vissoft67405.2025.00015
discarded,Do Bad Smells Lead to Defects?,F.N. Topuz,2023,Proceedings 2023 13th International Conference on Software Technology and Engineering Icste 2023,10.1109/ICSTE61649.2023.00020,https://www.scopus.com/inward/record.uri?partnerID=HzOxMe3b&scp=85182951154&origin=inward,adjacent-subtopic,,scopus,llm,0.960,unreviewed,,doi:10.1109/icste61649.2023.00020
discarded,Integrating Multiple Paradigms within the Blackboard Framework,S. Vraneš,1995,IEEE Transactions on Software Engineering,10.1109/32.372151,https://www.scopus.com/inward/record.uri?partnerID=HzOxMe3b&scp=0029264197&origin=inward,adjacent-subtopic,,scopus,llm,0.960,unreviewed,,doi:10.1109/32.372151
discarded,Concepts and paradigms of object-oriented programming,Peter W. Wegner,1990,ACM SIGPLAN OOPS Messenger,10.1145/382192.383004,https://openalex.org/W2012408028,supports-claim; adjacent-subtopic,"We address the following questions for object-oriented programming: What is it? What are its goals? What are its origins? What are its paradigms? What are its design alternatives? What are its models of concurrency? What are its formal computational models? What comes after object-oriented programming? Starting from software engineering goals, we examine the origins and paradigms of object-oriented programming, explore its language design alternatives, consider its models of concurrency, and review its mathematical models to make them accessible to nonmathematical readers. Finally, we briefly speculate on what may come after object-oriented programming and conclude that it is a robust component-based modeling paradigm that is both effective and fundamental. This paper expands on the OOPSLA 89 keynote talk.",openalex,llm_reviewed,0.720,changed,kept->discarded,doi:10.1145/382192.383004
discarded,How reuse influences productivity in object-oriented systems,Victor Robert Basili; Lionel Briand; Walcélio L. Melo,1996,Communications of the ACM,10.1145/236156.236184,https://openalex.org/W2077229393,adjacent-subtopic,"LTHOUGH reuse is assumed to be especially valuable in building high-quality software, as well as in OO development, limited empirical evidence connects reuse with productivity and quality gains.The authors' eight-system study begins to define such benefits in an OO framework, most notably in terms of reduced defect density and rework, as well as in increased productivity.",openalex,llm,0.810,unreviewed,,doi:10.1145/236156.236184
discarded,Call graph construction in object-oriented languages,David Grove; Greg DeFouw; Jeffrey Dean; Craig Chambers,1997,,10.1145/263698.264352,https://openalex.org/W2017971446,adjacent-subtopic,"Interprocedural analyses enable optimizing compilers to more precisely model the effects of non-inlined procedure calls, potentially resulting in substantial increases in application performance. Applying interprocedural analysis to programs written in object-oriented or functional languages is complicated by the difficulty of constructing an accurate program call graph. This paper presents a parameterized algorithmic framework for call graph construction in the presence of message sends and/or first class functions. We use this framework to describe and to implement a number of well-known and new algorithms. We then empirically assess these algorithms by applying them to a suite of medium-sized programs written in Cecil and Java, reporting on the relative cost of the analyses, the relative precision of the constructed call graphs, and the impact of this precision on the effectiveness of a number of interprocedural optimizations.",openalex,llm,0.980,unreviewed,,doi:10.1145/263698.264352
discarded,Actors: A Model of Concurrent Computation in Distributed Systems,Gul Agha,1986,DSpace@MIT (Massachusetts Institute of Technology),,https://openalex.org/W2072794470,adjacent-subtopic,"A foundational model of concurrency is developed in this thesis. It examines issues in the design of parallel systems and show why the actor model is suitable for exploiting large-scale parallelism. Concurrency in actors is constrained only by the availability of hardware resources and by the logical dependence inherent in the computation. Unlike dataflow and functional programming, however, actors are dynamically reconfigurable and can model shared resources with changing local state. Concurrency is spawned in actors using asynchronous message-passing, pipelining, and the dynamic creation of actors. The author defines an abstract actor machine and provide a minimal programming language for it. A more expressive language, which includes higher level constructs such as delayed and eager evaluation, can be defined in terms of the primitives. Examples are given to illustrate the ease with which concurrent data and control structures can be programmed. This thesis deals with some central issues in distributed computing. Specifically, problems of divergence and deadlock are addressed. Additional keywords: Object oriented programming; Semantics.",openalex,llm,0.970,unreviewed,,hash:c088412fdd1322d4
discarded,"GeneCards™ 2002: towards a complete, object-oriented, human gene compendium",Marilyn Safran; Irina Solomon; Orit Shmueli; Michal Lapidot; Shai S. Shen-Orr; Avital Adato; Uri Ben-Dor; Nir Esterman; Naomi Rosen; Inga Peter; Tsviya Olender; Vered Chalifa‐Caspi; Doron Lancet,2002,Bioinformatics,10.1093/bioinformatics/18.11.1542,https://openalex.org/W2138974722,adjacent-subtopic,"Abstract Motivation: In the post-genomic era, functional analysis of genes requires a sophisticated interdisciplinary arsenal. Comprehensive resources are challenged to provide consistently improving, state-of-the-art tools. Results: GeneCards (Rebhan et al., 1998) has made innovative strides: (a) regular updates and enhancements incorporating new genes enriched with sequences, genomic locations, cDNA assemblies, orthologies, medical information, 3D protein structures, gene expression, and focused SNP summaries; (b) restructured software using object-oriented Perl, migration to schema-driven XML, and (c) pilot studies, introducing methods to produce cards for novel and predicted genes. Availability: Freely available for educational and research purposes by non-profit institutions at http://bioinfo.weizmann.ac.il/cards and academic mirror sites. Commercial usage requires a license. Contact: marilyn.safran@weizmann.ac.il Supplementary Information: http://bioinfo.weizmann.ac.il/cards/9pageGC2002Bioinformatics.doc; http://bioinfo.weizmann.ac.il/cards/GeneCardByResource.xsd and http://bioinfo.weizmann.ac.il/cards/GeneCardByFunction.xsd. * To whom correspondence should be addressed.",openalex,llm,0.960,unreviewed,,doi:10.1093/bioinformatics/18.11.1542
