status,title,authors,year,venue,doi,url,tags,abstract,provider,decision_source,llm_confidence,llm_review_outcome,llm_change_direction,paper_id
discarded,"Rule-Based Behaviour Engineering: Integrated, Intuitive Formal Rule Modelling",Lin Wah Chan; Rene Hexel; Lian Wen,2013,2013 22nd Australian Software Engineering Conference,10.1109/ASWEC.2013.13,https://ieeexplore.ieee.org/document/6601289/,adjacent-subtopic,"Requirement engineering is a difficult task which has a critical impact on software quality. Errors related to requirements are considered the most expensive types of software errors. They are the major cause of project delays and cost overruns. Software developers need to cooperate with multiple stakeholders with different backgrounds and concerns. The developers need to investigate an unfamiliar problem space and make the transition from the informal problem space to the formal solution space. The requirement engineering process should use systematic methods which are constructive, incremental, and rigorous. The methods also need to be easy to use and understand so that they can be used for communication among different stakeholders. Is it possible to invent a human intuitive modelling methodology which systematically translates the informal requirements into a formally defined model? Behaviour Engineering has arguably solved many problems. However, the size and low level of the final Behavior Tree makes it hard to match with the original requirements. Here, we propose a new requirement modelling approach called Rule-Based Behaviour Engineering. We separate two concerns, rules and procedural behaviours, right at the beginning of the requirement modelling process. We combine the Behavior Tree notation for procedural behaviour modelling with a non-monotonic logic called Clausal Defeasible Logic for rule modelling. In a systematic way, the target model is constructed incrementally in four well-defined steps. Both the representations of rules and procedural flows are humanly readable and intuitive. The result is an effective mechanism for formally modelling requirements, detecting requirement defects, and providing a set of tools for communication among stakeholders.",ieee,llm,0.980,unreviewed,,doi:10.1109/aswec.2013.13
discarded,An empirical exploration of regularities in open-source software lexicons,Derrin Pierret; Denys Poshyvanyk,2009,2009 IEEE 17th International Conference on Program Comprehension,10.1109/ICPC.2009.5090047,https://ieeexplore.ieee.org/document/5090047/,adjacent-subtopic,"The software lexicon is an important source of information during program comprehension activities and it has been in the focus of several recent case studies. Identifiers and comments, which constitute a lexicon in software, encode domain concepts and design decisions made by programmers. The paper presents an exploratory study that investigates regularities in the software lexicons of open-source projects by analyzing distributions of tokens in diverse software artifacts. The study examined source code of 142 systems from different domains, written in 12 different programming languages, as well as bug reports and external documentation. We discover that distributions of lexical tokens in studied artifacts follow the Zipf-Mandelbrot law, which is an empirical law in statistical natural language processing. Furthermore, the study reveals that the Zipf-Mandelbrot law is not confined to program lexicons in object-oriented languages, as shown in the previous studies, but also emerges in source code written using procedural, functional and markup languages, as well as other software artifacts. Our study also indicates that a previously devised software science equation does not hold for describing the program vocabulary-length relationship and more studies are necessary.",ieee,llm,0.950,unreviewed,,doi:10.1109/icpc.2009.5090047
discarded,Object-oriented cohesion as a surrogate of software comprehension: an empirical study,S. Counsell; S. Swift; A. Tucker; E. Mendes,2005,Fifth IEEE International Workshop on Source Code Analysis and Manipulation (SCAM'05),10.1109/SCAM.2005.19,https://ieeexplore.ieee.org/document/1541168/,adjacent-subtopic,"The concept of software cohesion in both the procedural and object-oriented paradigm is well known and documented. What is not so well known or documented is the perception of what empirically constitutes a cohesive 'unit' by software engineers. In this paper, we describe an empirical investigation using object-oriented (OO) classes as a basis. Twenty-four subjects (drawn from IT experienced and IT inexperienced groups) were asked to rate ten classes sampled from two industrial systems in terms of their overall cohesiveness; a class environment was used to carry out the study. Four key results were observed. Firstly, class size (when expressed in terms of number of methods) did not tend to influence the perception of cohesion by any subjects. Secondly, well-commented classes were rated most highly amongst both IT experienced and inexperienced subjects. Thirdly, the empirical study suggests that cohesion comprises a combination of various class factors including low coupling, small numbers of attributes and well-commented methods, rather than any single, individual class feature per se. Finally, the research supports the view that cohesion is a subjective concept reflecting a cognitive combination of class features; as such it is a surrogate for class comprehension.",ieee,llm,0.910,unreviewed,,doi:10.1109/scam.2005.19
discarded,Improving UML design tools by formal games,J. Tenzer,2004,Proceedings. 26th International Conference on Software Engineering,10.1109/ICSE.2004.1317428,https://ieeexplore.ieee.org/document/1317428/,adjacent-subtopic,"The Unified Modeling Language (UML) is a standard language for modelling the design of object oriented software systems. The currently available UML design tools mainly provide support for drawing the UML diagrams, i.e. for recording a chosen design, but not for choosing a design. The design of a system is a non-trivial, iterative process and errors which are introduced at this level are usually very expensive to fix. Hence we argue that UML design tools should provide more support for the design activity as such. Ideally a UML design tool should allow the modeller to explore different design options, provide feedback about the design in its current state, and even make suggestions for improvements where this is possible. The usage of such a tool would be highly interactive and very much like a game, played repeatedly between modeller and tool. We claim that this similarity makes formal games a natural and intuitive choice for the definition of tool concepts. Since formal games can be used for verification, a game-based tool can provide feedback about flaws in the design that is formally founded. Games as used in verification normally require a complete formal model of the software system, and a formal specification of the property that is to be verified. Instead of this we would like to let the designer play a game directly on the basis of the UML model, even though a UML model is often incomplete and informally defined. We also want to allow the modeller explore variations of the design while the game is being played. The research hypothesis for this work is that formal games are a suitable technique for more advanced UML design tools which point the modeller to flaws in the design, help to improve the design and provide support for making design decisions.",ieee,llm,0.970,unreviewed,,doi:10.1109/icse.2004.1317428
discarded,Finding objects in procedural programs: an alternative approach,H. Gall; R. Klosch,1995,Proceedings of 2nd Working Conference on Reverse Engineering,10.1109/WCRE.1995.514709,https://ieeexplore.ieee.org/document/514709/,adjacent-subtopic,"Effective software maintenance requires a detailed knowledge of the system's artifacts, the way these artifacts are used or modified and their interrelationships. Based on some useful characteristics of the object-oriented paradigm the identification of objects within procedural programs has become a promising approach to reduce the effort in program understanding and, hence, the maintenance cost. In this paper we present a new approach to object identification in procedural programs that not only relies on information exclusively extractable from source code but integrates human expertise and external domain- and application-specific knowledge.",ieee,llm,0.860,unreviewed,,doi:10.1109/wcre.1995.514709
discarded,The Class Blueprint: Visually Supporting the Understanding of Classes,S. Ducasse; M. Lanza,2005,IEEE Transactions on Software Engineering,10.1109/TSE.2005.14,https://ieeexplore.ieee.org/document/1392721/,adjacent-subtopic,"Understanding source code is an important task in the maintenance of software systems. Legacy systems are not only limited to procedural languages, but are also written in object-oriented languages. In such a context, understanding classes is a key activity as they are the cornerstone of the object-oriented paradigm and the primary abstraction from which applications are built. Such an understanding is however difficult to obtain because of reasons such as the presence of late binding and inheritance. A first level of class understanding consists of the understanding of its overall structure, the control flow among its methods, and the accesses on its attributes. We propose a novel visualization of classes called class blueprint that is based on a semantically enriched visualization of the internal structure of classes. This visualization allows a software engineer to build a first mental model of a class that he validates via opportunistic code-reading. Furthermore, we have identified visual patterns that represent recurrent situations and as such convey additional, information to the viewer. The contributions of this article are the class blueprint, a novel visualization of the internal structure of classes, the identification of visual patterns, and the definition of a vocabulary based on these visual patterns. We have performed several case studies of which one is presented in depth, and validated the usefulness of the approach in a controlled experiment.",ieee,llm,0.900,unreviewed,,doi:10.1109/tse.2005.14
discarded,"Digital Technologies in Architectural Design, Verification and Representation",Viera Joklova; Ekaterina Budreyko,2019,2019 International Conference on Engineering Technologies and Computer Science (EnT),10.1109/EnT.2019.00028,https://ieeexplore.ieee.org/document/8711907/,off-topic-false-hit,"Digital technologies in the process of architectural design, verification and representation provide innovative tools for the creation of a time-spatial model of the construction as well as the simulation, analytical and evaluation methods of proposed structures from the viewpoint of assessing natural, technical, ecological and socio-economic impacts. In the case of parametric procedural modeling, the specified parameters directly generate spatial structure. Current comprehensive Building Information Modeling systems integrate the creation tools, tools for static and load testing, energy performance and facility management. They provide the ability to parameterize the design and validate it not only in the animation but in virtual reality as well. The methods of augmented reality mediate almost the real perception of the object proposed in the process before its physical construction. The research encompasses the actual trends within this dynamic field, including ethical and legal contexts and the overview of the historical background of its application in the educational process at the Faculty of Architecture Slovak University of Technology in Bratislava.",ieee,llm,0.990,unreviewed,,doi:10.1109/ent.2019.00028
discarded,Entropies as measures of software information,S.K. Abd-El-Hafiz,2001,Proceedings IEEE International Conference on Software Maintenance. ICSM 2001,10.1109/ICSM.2001.972721,https://ieeexplore.ieee.org/document/972721/,adjacent-subtopic,"This paper investigates the use of entropies as measures of software information content. Several entropies, including the well-known Shannon entropy, are characterized by their mathematical properties. Based on these characterizations, the entropies, which are suitable for measuring software systems, are rigorously chosen. By treating a software system as an information source, the function calls in procedural systems or method invocations in object-oriented systems resemble the emission of symbols from an information source. Thus, the probabilities, required for computing the entropies, are obtained using an empirical distribution of function calls or method invocations. Application of the suggested measures on procedural and object-oriented programs is further explained using two small examples. Because a. rigorous definition of information measures does not guarantee their usefulness in practice, an evaluation case study is performed In particular, the aim of this study is to practically evaluate the intuitiveness and scalability of the measures on a real software system totaling about 460000 lines of code. In addition to being intuitive and meaningful, the case study results highlight differences between the information measures. Thus, the family of measures presented can satisfy different measurement requirements.",ieee,llm,0.840,unreviewed,,doi:10.1109/icsm.2001.972721
discarded,Crosscutting patterns and design stability: An exploratory analysis,Eduardo Figueiredo; Bruno Silva; Claudio Sant'Anna; Alessandro Garcia; Jon Whittle; Daltro Nunes,2009,2009 IEEE 17th International Conference on Program Comprehension,10.1109/ICPC.2009.5090037,https://ieeexplore.ieee.org/document/5090037/,adjacent-subtopic,"It is often claimed that inaccurate modularisation of crosscutting concerns hinders program comprehension and, as a consequence, leads to harmful software instabilities. However, recent studies have pointed out that crosscutting concerns are not always harmful to design stability. Hence, software maintainers would benefit from well documented patterns of crosscutting concerns and a better understanding about their actual impact on design stability. This paper presents a catalogue of crosscutting concern patterns recurrently observed in software systems. These patterns are described and classified based on an intuitive vocabulary that facilitates their recognition by software engineers. We analysed instances of the crosscutting patterns in object-oriented and aspect-oriented versions of three evolving programs. The outcomes of our exploratory evaluation indicated that: (i) a certain category of crosscutting patterns seems to be good indicator of harmful instabilities, and (ii) aspect-oriented solutions were unable to modularise concerns matching some crosscutting patterns.",ieee,llm,0.960,unreviewed,,doi:10.1109/icpc.2009.5090037
discarded,Application of Bayesian Networks in Reliability Evaluation,Baoping Cai; Xiangdi Kong; Yonghong Liu; Jing Lin; Xiaobing Yuan; Hongqi Xu; Renjie Ji,2019,IEEE Transactions on Industrial Informatics,10.1109/TII.2018.2858281,https://ieeexplore.ieee.org/document/8417443/,off-topic-false-hit,"The Bayesian network (BN) is a powerful model for probabilistic knowledge representation and inference and is increasingly used in the field of reliability evaluation. This paper presents a bibliographic review of BNs that have been proposed for reliability evaluation in the last decades. Studies are classified from the perspective of the objects of reliability evaluation, i.e., hardware, structures, software, and humans. For each classification, the construction and validation of a BN-based reliability model are emphasized. The general procedural steps for BN-based reliability evaluation, including BN structure modeling, BN parameter modeling, BN inference, and model verification and validation, are investigated. Current gaps and challenges in reliability evaluation with BNs are explored, and a few upcoming research directions that are of interest to reliability researchers are identified.",ieee,llm,0.980,unreviewed,,doi:10.1109/tii.2018.2858281
discarded,Paradigm lost: lessons from the object (non-)revolution,D.M. West,1998,Proceedings 11th Conference on Software Engineering Education,10.1109/CSEE.1998.658303,https://ieeexplore.ieee.org/document/658303/,adjacent-subtopic,"Heated arguments over the ""right"" tool, language, method or theoretical approach-are not new to computer science. Usually these arguments rage for a while then subside with each side agreeing to disagree. Object oriented programming is the most recent example of this phenomenon. Unfortunately, (because it delays recognition and resolution of important issues), the foundations for the claim of a ""new paradigm"" are seldom explicated. Equally unexamined, the epistemological roots that cause such arguments to be so vehement and emotional that they earn the metaphoric label, ""religious wars"". The paper uses object orientation as a kind of case study to suggest that computer science needs to be more aware of its philosophical presuppositions, to suggest that there are indeed alternative paradigms for computer science, and that computer science education needs to address these issues in a more comprehensive fashion.",ieee,llm,0.770,unreviewed,,doi:10.1109/csee.1998.658303
discarded,"OO design patterns, design structure, and program changes: an industrial case study",J.M. Bieman; D. Jain; H.J. Yang,2001,Proceedings IEEE International Conference on Software Maintenance. ICSM 2001,10.1109/ICSM.2001.972775,https://ieeexplore.ieee.org/document/972775/,adjacent-subtopic,"A primary expected benefit of object-oriented (OO) methods is the creation of software systems that are easier to adapt and maintain. OO design patterns are especially geared to improve adaptability, since patterns generally increase the complexity of an initial design in order to ease future enhancements. For design patterns to really provide benefit, they must reduce the cost of future adaptation. The evidence of improvements in adaptability through the use of design patterns and other design structures consists primarily of intuitive arguments and examples. There is little empirical evidence to support claims of improved flexibility of these preferred structures. In this case study, we analyze 39 versions of an evolving industrial OO software system to see if there is a relationship between patterns, other design attributes, and the number of changes. We found a strong relationship between class size and the number of changes-larger classes were changed more frequently. We also found two relationships that we did not expect: (1) classes that participate in design patterns are not less change prone-these pattern classes are among the most change prone in the system, and (2) classes that are reused the most through inheritance tend to be more change prone. These unexpected results hold up after accounting for class size, which had the strongest relationship with changes.",ieee,llm,0.890,unreviewed,,doi:10.1109/icsm.2001.972775
discarded,Information-based standards and diagnostic component technology,J.W. Sheppard; A.J. Giarla,2000,2000 IEEE Autotestcon Proceedings. IEEE Systems Readiness Technology Conference. Future Sustainment for Military Aerospace (Cat. No.00CH37057),10.1109/AUTEST.2000.885623,https://ieeexplore.ieee.org/document/885623/,adjacent-subtopic,"Software development methods have evolved over the years from structured design of procedural code, to object oriented design, to component-based design. Recent requirements by industry and government have resulted in the development of interface specifications and standards designed to facilitate acquisition of large systems based on the concepts of component technology. In this paper, we discuss the development of information-based standards for diagnostic information and diagnostic reasoning intended to provide the definition of diagnostic components within a larger test or health management environment.",ieee,llm,0.970,unreviewed,,doi:10.1109/autest.2000.885623
discarded,ISO/IEC/IEEE International Standard - Systems and software engineering -- Vocabulary,,2010,ISO/IEC/IEEE 24765:2010(E),10.1109/IEEESTD.2010.5733835,https://ieeexplore.ieee.org/document/5733835/,adjacent-subtopic,"ISO/IEC/IEEE 24765:2010 provides a common vocabulary applicable to all systems and software engineering work. It was prepared to collect and standardize terminology. ISO/IEC/IEEE 24765:2010 is intended to serve as a useful reference for those in the information technology field, and to encourage the use of systems and software engineering standards prepared by ISO and liaison organizations IEEE Computer Society and Project Management Institute. ISO/IEC/IEEE 24765:2010 includes references to the active source standards for each definition so that the use of the term can be further explored.",ieee,llm,0.990,unreviewed,,doi:10.1109/ieeestd.2010.5733835
discarded,IEEE Standard Glossary of Software Engineering Terminology,,1990,IEEE Std 610.12-1990,10.1109/IEEESTD.1990.101064,https://ieeexplore.ieee.org/document/159342/,adjacent-subtopic,This IEEE Standards product is part of the family on Software Engineering. This standard identifies terms currently in use in the field of Software Engineering. Standard definitions for those terms are established.,ieee,llm,0.990,unreviewed,,doi:10.1109/ieeestd.1990.101064
discarded,A change impact model for changeability assessment in object-oriented software systems,M. Ajmal Chaumun; Hind Kabaili; Rudolf K. Keller; F. Lustman,2002,Science of Computer Programming,10.1016/s0167-6423(02)00058-8,https://openalex.org/W1763929460,adjacent-subtopic,,openalex,llm,0.860,unreviewed,,doi:10.1016/s0167-6423(02)00058-8
