status,title,authors,year,venue,doi,url,tags,abstract,provider,decision_source,llm_confidence,llm_review_outcome,llm_change_direction,paper_id
discarded,SciPy 1.0: fundamental algorithms for scientific computing in Python,"Pauli Virtanen; Ralf Gommers; Travis E. Oliphant; Matt Haberland; Tyler J. Reddy; David Cournapeau; Evgeni Burovski; Pearu Peterson; Warren Weckesser; Bright, Jonathan; Stéfan van der Walt; Matthew Brett; Joshua Wilson; Jarrod Millman; Nikolay Mayorov; Andrew R. J. Nelson; Jones, Eric; Robert Kern; Larson, Eric; CJ Carey; İlhan Polat; Yu Feng; Eric Moore; Jake Vanderplas; Denis Laxalde; Josef Perktold; Robert Cimrman; Ian Henriksen; Eric Antonio Quintero; Harris, Charles R.; Anne M. Archibald; Antônio H. Ribeiro; Fabián Pedregosa; Paul van Mulbregt; A. Vijaykumar; Alessandro Pietro Bardelli; Alex Rothberg; Andreas Hilboll; Andreas Klöckner; Anthony Scopatz; Antony Lee; Ariel Rokem; Charles Woods; Chad Fulton; Charles Masson; Christian Häggström; Fitzgerald, Clark; David Nicholson; David Hagen; Dmitrii V. Ṗasechnik; Emanuele Olivetti; Martin, Eric; Eric Wieser; Fabrice Silva; Felix Lenders; Florian Wilhelm; Young, G.; Gavin A Price; Gert‐Ludwig Ingold; Gregory E. Allen; Gregory R. Lee; Hervé Audren; Irvin Probst; Jörg P. Dietrich; Jacob Silterra; James T. Webber; Janko Slavič; Joel Nothman; Johannes Büchner; Kulick, Johannes; Johannes L. Schönberger; José Vinícius de Miranda Cardoso; Joscha Reimer; Joseph Harrington; Juan Luis Cano; Juan Nunez-Iglesias; Justin Kuczynski; Kevin Tritz; Martin Thoma; Matthew G. Newville; Matthias Kümmerer; Maximilian C. Bolingbroke; Michael Tartre; Pak, Mikhail; Nathaniel J. Smith; Nikolai Nowaczyk; Nikolay Shebanov; Oleksandr Pavlyk; Per A. Brodtkorb; Perry Lee; Robert T. McGibbon; Roman Feldbauer; Sam Lewis; Sam Tygier; Scott Sievert; Sebastiano Vigna; Peterson, Stefan; Surhud More; Tadeusz Pudlik; 拓也 大嶋",2019,LA Referencia (Red Federada de Repositorios Institucionales de Publicaciones Científicas),10.17863/cam.64134,https://openalex.org/W3103145119,adjacent-subtopic,"Abstract: SciPy is an open-source scientific computing library for the Python programming language. Since its initial release in 2001, SciPy has become a de facto standard for leveraging scientific algorithms in Python, with over 600 unique code contributors, thousands of dependent packages, over 100,000 dependent repositories and millions of downloads per year. In this work, we provide an overview of the capabilities and development practices of SciPy 1.0 and highlight some recent technical developments.",openalex,llm,0.990,unreviewed,,doi:10.17863/cam.64134
discarded,Twelve years of SAMtools and BCFtools,Petr Danecek; James Bonfield; Jennifer Liddle; John Marshall; Valeriu Ohan; Martin Pollard; Andrew Whitwham; Thomas Keane; Shane McCarthy; Robert M. Davies; Heng Li,2021,GigaScience,10.1093/gigascience/giab008,https://openalex.org/W3131055609,adjacent-subtopic,"BACKGROUND: SAMtools and BCFtools are widely used programs for processing and analysing high-throughput sequencing data. They include tools for file format conversion and manipulation, sorting, querying, statistics, variant calling, and effect analysis amongst other methods. FINDINGS: The first version appeared online 12 years ago and has been maintained and further developed ever since, with many new features and improvements added over the years. The SAMtools and BCFtools packages represent a unique collection of tools that have been used in numerous other software projects and countless genomic pipelines. CONCLUSION: Both SAMtools and BCFtools are freely available on GitHub under the permissive MIT licence, free for both non-commercial and commercial use. Both packages have been installed >1 million times via Bioconda. The source code and documentation are available from https://www.htslib.org.",openalex,llm,0.990,unreviewed,,doi:10.1093/gigascience/giab008
discarded,"LAMMPS - a flexible simulation tool for particle-based materials modeling at the atomic, meso, and continuum scales",Aidan P. Thompson; Hasan Metin Aktulga; Richard A. Berger; Dan Bolintineanu; W. Michael Brown; Paul Crozier; Pieter J. in ’t Veld; Axel Kohlmeyer; Stan Moore; Trung Dac Nguyen; Ray Shan; Mark J. Stevens; Julien Tranchida; Christian Robert Trott; Steven J. Plimpton,2021,Computer Physics Communications,10.1016/j.cpc.2021.108171,https://openalex.org/W3201073812,adjacent-subtopic,"Since the classical molecular dynamics simulator LAMMPS was released as an open source code in 2004, it has become a widely-used tool for particle-based modeling of materials at length scales ranging from atomic to mesoscale to continuum. Reasons for its popularity are that it provides a wide variety of particle interaction models for different materials, that it runs on any platform from a single CPU core to the largest supercomputers with accelerators, and that it gives users control over simulation details, either via the input script or by adding code for new interatomic potentials, constraints, diagnostics, or other features needed for their models. As a result, hundreds of people have contributed new capabilities to LAMMPS and it has grown from fifty thousand lines of code in 2004 to a million lines today. In this paper several of the fundamental algorithms used in LAMMPS are described along with the design strategies which have made it flexible for both users and developers. We also highlight some capabilities recently added to the code which were enabled by this flexibility, including dynamic load balancing, on-the-fly visualization, magnetic spin dynamics models, and quantum-accuracy machine learning interatomic potentials. Program Title: Large-scale Atomic/Molecular Massively Parallel Simulator (LAMMPS) CPC Library link to program files: https://doi.org/10.17632/cxbxs9btsv.1 Developer's repository link: https://github.com/lammps/lammps Licensing provisions: GPLv2 Programming language: C++, Python, C, Fortran Supplementary material: https://www.lammps.org Nature of problem: Many science applications in physics, chemistry, materials science, and related fields require parallel, scalable, and efficient generation of long, stable classical particle dynamics trajectories. Within this common problem definition, there lies a great diversity of use cases, distinguished by different particle interaction models, external constraints, as well as timescales and lengthscales ranging from atomic to mesoscale to macroscopic. Solution method: The LAMMPS code uses parallel spatial decomposition, distributed neighbor lists, and parallel FFTs for long-range Coulombic interactions [1]. The time integration algorithm is based on the Størmer-Verlet symplectic integrator [2], which provides better stability than higher-order non-symplectic methods. In addition, LAMMPS supports a wide range of interatomic potentials, constraints, diagnostics, software interfaces, and pre- and post-processing features. Additional comments including restrictions and unusual features: This paper serves as the definitive reference for the LAMMPS code. S. Plimpton, Fast parallel algorithms for short-range molecular dynamics. J. Comp. Phys. 117 (1995) 1–19. L. Verlet, Computer experiments on classical fluids: I. Thermodynamical properties of Lennard–Jones molecules, Phys. Rev. 159 (1967) 98–103.",openalex,llm,0.980,unreviewed,,doi:10.1016/j.cpc.2021.108171
discarded,DendroPy: a Python library for phylogenetic computing,Jeet Sukumaran; Mark T. Holder,2010,Bioinformatics,10.1093/bioinformatics/btq228,https://openalex.org/W2139736670,adjacent-subtopic,"UNLABELLED: DendroPy is a cross-platform library for the Python programming language that provides for object-oriented reading, writing, simulation and manipulation of phylogenetic data, with an emphasis on phylogenetic tree operations. DendroPy uses a splits-hash mapping to perform rapid calculations of tree distances, similarities and shape under various metrics. It contains rich simulation routines to generate trees under a number of different phylogenetic and coalescent models. DendroPy's data simulation and manipulation facilities, in conjunction with its support of a broad range of phylogenetic data formats (NEXUS, Newick, PHYLIP, FASTA, NeXML, etc.), allow it to serve a useful role in various phyloinformatics and phylogeographic pipelines. AVAILABILITY: The stable release of the library is available for download and automated installation through the Python Package Index site (http://pypi.python.org/pypi/DendroPy), while the active development source code repository is available to the public from GitHub (http://github.com/jeetsukumaran/DendroPy).",openalex,llm,0.990,unreviewed,,doi:10.1093/bioinformatics/btq228
discarded,Object-oriented application frameworks,Mohamed E. Fayad; Douglas C. Schmidt,1997,Communications of the ACM,10.1145/262793.262798,https://openalex.org/W1985757471,adjacent-subtopic,"Object-oriented application frameworks are a promising technology for reifying proven software designs and implementations in order to reduce the cost and improve the quality of software.A framework is a reusable, ""semi-complete'' application that can be specialized to produce custom applications [7,10].In contrast to earlier OO reuse techniques based on class libraries, frameworks are targeted for particular business units (such as data processing or cellular communications) and application domains (such as user interfaces or real-time avionics) [11].Frameworks like MacApp, ET++, Interviews, ACE, Microsoft's MFC and DCOM, JavaSoft's RMI, and implementations of OMG's CORBA play an increasingly important role in contemporary software development.The primary benefits of OO application frameworks stem from the modularity, reusability, extensibility, and inversion of control they provide to developers.Frameworks enhance modularity by encapsulating volatile implementation details behind stable interfaces.Framework modularity helps improve software quality by localizing the impact of design and implementation changes, which reduces the effort required",openalex,llm,0.910,unreviewed,,doi:10.1145/262793.262798
discarded,A large-scale study of programming languages and code quality in GitHub,Baishakhi Ray; Daryl Posnett; Prémkumar Dévanbu; Vladimir Filkov,2017,Communications of the ACM,10.1145/3126905,https://openalex.org/W2759963882,adjacent-subtopic,"What is the effect of programming languages on software quality? This question has been a topic of much debate for a very long time. In this study, we gather a very large data set from GitHub (728 projects, 63 million SLOC, 29,000 authors, 1.5 million commits, in 17 languages) in an attempt to shed some empirical light on this question. This reasonably large sample size allows us to use a mixed-methods approach, combining multiple regression modeling with visualization and text analytics, to study the effect of language features such as static versus dynamic typing and allowing versus disallowing type confusion on software quality. By triangulating findings from different methods, and controlling for confounding effects such as team size, project size, and project history, we report that language design does have a significant, but modest effect on software quality. Most notably, it does appear that disallowing type confusion is modestly better than allowing it, and among functional languages, static typing is also somewhat better than dynamic typing. We also find that functional languages are somewhat better than procedural languages. It is worth noting that these modest effects arising from language design are overwhelmingly dominated by the process factors such as project size, team size, and commit size. However, we caution the reader that even these modest effects might quite possibly be due to other, intangible process factors, for example, the preference of certain personality types for functional, static languages that disallow type confusion.",openalex,llm,0.780,unreviewed,,doi:10.1145/3126905
discarded,scikit-image: image processing in Python,Stéfan van der Walt; Johannes L. Schönberger; Juan Nunez-Iglesias; François Boulogne; Joshua Warner; Neil Yager; Emmanuelle Gouillart; Tony Yu,2014,PeerJ,10.7717/peerj.453,https://openalex.org/W2015159529,adjacent-subtopic,"scikit-image is an image processing library that implements algorithms and utilities for use in research, education and industry applications. It is released under the liberal Modified BSD open source license, provides a well-documented API in the Python programming language, and is developed by an active, international team of collaborators. In this paper we highlight the advantages of open source to achieve the goals of the scikit-image library, and we showcase several real-world image processing applications that use scikit-image. More information can be found on the project homepage, http://scikit-image.org.",openalex,llm,0.990,unreviewed,,doi:10.7717/peerj.453
discarded,Can programming be liberated from the von Neumann style?,John Backus,1978,Communications of the ACM,10.1145/359576.359579,https://openalex.org/W2172307690,adjacent-subtopic,"Conventional programming languages are growing ever more enormous, but not stronger. Inherent defects at the most basic level cause them to be both fat and weak: their primitive word-at-a-time style of programming inherited from their common ancestor—the von Neumann computer, their close coupling of semantics to state transitions, their division of programming into a world of expressions and a world of statements, their inability to effectively use powerful combining forms for building new programs from existing ones, and their lack of useful mathematical properties for reasoning about programs. An alternative functional style of programming is founded on the use of combining forms for creating programs. Functional programs deal with structured data, are often nonrepetitive and nonrecursive, are hierarchically constructed, do not name their arguments, and do not require the complex machinery of procedure declarations to become generally applicable. Combining forms can use high level programs to build still higher level ones in a style not possible in conventional languages. Associated with the functional style of programming is an algebra of programs whose variables range over programs and whose operations are combining forms. This algebra can be used to transform programs and to solve equations whose “unknowns” are programs in much the same way one transforms equations in high school algebra. These transformations are given by algebraic laws and are carried out in the same language in which programs are written. Combining forms are chosen not only for their programming power but also for the power of their associated algebraic laws. General theorems of the algebra give the detailed behavior and termination conditions for large classes of programs. A new class of computing systems uses the functional programming style both in its programming language and in its state transition rules. Unlike von Neumann languages, these systems have semantics loosely coupled to states—only one state transition occurs per major computation.",openalex,llm,0.940,unreviewed,,doi:10.1145/359576.359579
discarded,On the diffuseness and the impact on maintainability of code smells: a large scale empirical investigation,Fabio Palomba; Gabriele Bavota; Massimiliano Di Penta; Fausto Fasano; Rocco Oliveto; Andrea De Lucia,2017,Empirical Software Engineering,10.1007/s10664-017-9535-z,https://openalex.org/W2742512005,adjacent-subtopic,"Code smells are symptoms of poor design and implementation choices that may hinder code comprehensibility and maintainability. Despite the effort devoted by the research community in studying code smells, the extent to which code smells in software systems affect software maintainability remains still unclear. In this paper we present a large scale empirical investigation on the diffuseness of code smells and their impact on code change- and fault-proneness. The study was conducted across a total of 395 releases of 30 open source projects and considering 17,350 manually validated instances of 13 different code smell kinds. The results show that smells characterized by long and/or complex code (e.g., Complex Class ) are highly diffused, and that smelly classes have a higher change- and fault-proneness than smell-free classes.",openalex,llm,0.960,unreviewed,,doi:10.1007/s10664-017-9535-z
discarded,Astropy: A community Python package for astronomy,Thomas Robitaille; Erik J. Tollerud; P. Greenfield; Michael Droettboom; Erik M. Bray; Tom Aldcroft; Matt Davis; Adam G. Ginsburg; Adrian M. Price-Whelan; Wolfgang Kerzendorf; Alexander Conley; Neil H. M. Crighton; K. Barbary; Demitri Muna; Henry C. Ferguson; Frédéric Grollier; Madhura Parikh; Prasanth H. Nair; Hans Moritz Günther; Christoph Deil; Julien M. Woillez; Simon Conseil; Roban Hultman Kramer; James E. H. Turner; Leo Singer; Ryan Fox; Benjamin Alan Weaver; V. Zabalza; Zachary Edwards; K. Azalee Bostroem; D. J. Burke; Andrew R. Casey; Steven M. Crawford; Nadia Dencheva; Justin Ely; Tim Jenness; Kathleen Labrie; Pey Lian Lim; F. Pierfederici; Andrew Pontzen; Andy Ptak; Brian L. Refsdal; M. Servillat; O. Streicher,2013,Astronomy and Astrophysics,10.1051/0004-6361/201322068,https://openalex.org/W2135625048,adjacent-subtopic,"We present the first public version (v0.2) of the open-source and community-developed Python package, Astropy. This package provides core astronomy-related functionality to the community, including support for domain-specific file formats such as flexible image transport system (FITS) files, Virtual Observatory (VO) tables, and common ASCII table formats, unit and physical quantity conversions, physical constants specific to astronomy, celestial coordinate and time transformations, world coordinate system (WCS) support, generalized containers for representing gridded as well as tabular data, and a framework for cosmological transformations and conversions. Significant functionality is under activedevelopment, such as a model fitting framework, VO client and server tools, and aperture and point spread function (PSF) photometry tools. The core development team is actively making additions and enhancements to the current code base, and we encourage anyone interested to participate in the development of future Astropy versions.",openalex,llm,0.990,unreviewed,,doi:10.1051/0004-6361/201322068
discarded,The Lean 4 Theorem Prover and Programming Language,Leonardo de Moura; Sebastian Ullrich,2021,Lecture notes in computer science,10.1007/978-3-030-79876-5_37,https://openalex.org/W3178506813,adjacent-subtopic,"Abstract Lean 4 is a reimplementation of the Lean interactive theorem prover (ITP) in Lean itself. It addresses many shortcomings of the previous versions and contains many new features. Lean 4 is fully extensible: users can modify and extend the parser, elaborator, tactics, decision procedures, pretty printer, and code generator. The new system has a hygienic macro system custom-built for ITPs. It contains a new typeclass resolution procedure based on tabled resolution, addressing significant performance problems reported by the growing user base. Lean 4 is also an efficient functional programming language based on a novel programming paradigm called functional but in-place . Efficient code generation is crucial for Lean users because many write custom proof automation procedures in Lean itself.",openalex,llm,0.990,unreviewed,,doi:10.1007/978-3-030-79876-5_37
discarded,Replication stress is a potent driver of functional decline in ageing haematopoietic stem cells,Johanna Flach; Sietske T. Bakker; Mary Mohrin; Pauline C. Conroy; Eric Martin Pietras; Damien Reynaud; Silvia Álvarez; Morgan E. Diolaiti; Fernando Ugarte; E. Camilla Forsberg; Michelle M. Le Beau; Bradley A. Stohr; Juan Méndez; Ciaran G. Morrison; Emmanuelle A. Passegue,2014,Nature,10.1038/nature13619,https://openalex.org/W2085387059,off-topic-false-hit,,openalex,llm,1.000,unreviewed,,doi:10.1038/nature13619
