status,title,authors,year,venue,doi,url,tags,abstract,provider,decision_source,llm_confidence,llm_review_outcome,llm_change_direction,paper_id
discarded,Software Development Productivity: Challenges and Future Trends,Vladimir Getov,2010,2010 IEEE 34th Annual Computer Software and Applications Conference,10.1109/COMPSAC.2010.91,https://ieeexplore.ieee.org/document/5676323/,adjacent-subtopic,"In recent years, the software development productivity has been attracting higher attention by the professional community because of its increasing importance for the development of complex software systems and applications. At the same time, component-based technologies have emerged as a modern and promising approach with a clear potential to improve significantly the productivity of software development. However, the lack of longer-term experience and the increasing complexity of the target systems demand much more research results in the field. In particular, the search for the most appropriate component model and corresponding programming environments is of high interest and importance. The higher level of complexity involves a wider range of requirements and resources which demand dedicated support for dynamic intelligent (non-functional) properties and flexibility that could be provided in an elegant way by adopting a component-based approach.",ieee,llm,0.970,unreviewed,,doi:10.1109/compsac.2010.91
discarded,An Artificial Immune System Approach for Fault Prediction in Object-Oriented Software,Cagatay Catal; Banu Diri; Bulent Ozumut,2007,2nd International Conference on Dependability of Computer Systems (DepCoS-RELCOMEX '07),10.1109/DEPCOS-RELCOMEX.2007.8,https://ieeexplore.ieee.org/document/4272915/,adjacent-subtopic,"The features of real-time dependable systems are availability, reliability, safety and security. In the near future, real-time systems will be able to adapt themselves according to the specific requirements and real-time dependability assessment technique will be able to classify modules as faulty or fault-free. Software fault prediction models help us in order to develop dependable software and they are commonly applied prior to system testing. In this study, we examine Chidamber-Kemerer (CK) metrics and some method-level metrics for our model which is based on artificial immune recognition system (AIRS) algorithm. The dataset is a part of NASA Metrics Data Program and class-level metrics are from PROMISE repository. Instead of validating individual metrics, our mission is to improve the prediction performance of our model. The experiments indicate that the combination of CK and the lines of code metrics provide the best prediction results for our fault prediction model. The consequence of this study suggests that class-level data should be used rather than method-level data to construct relatively better fault prediction models. Furthermore, this model can constitute a part of real-time dependability assessment technique for the future.",ieee,llm,0.980,unreviewed,,doi:10.1109/depcos-relcomex.2007.8
discarded,Object oriented reuse: experience in developing a framework for speech recognition applications,S. Srinivasan; J. Vergo,1998,Proceedings of the 20th International Conference on Software Engineering,10.1109/ICSE.1998.671385,https://ieeexplore.ieee.org/document/671385/,adjacent-subtopic,"The development of highly interactive software systems with complex user interfaces has become increasingly common, where prototypes are often used as a vehicle for demonstrating visions of innovative systems. Given this trend, it is important for new technology to be based on flexible architectures that do not mandate the understanding of all complexities inherent in a system. In this context, we share our experience with developing an object oriented framework for a specific new technology, i.e. speech recognition. We describe the benefits of the object oriented paradigm rich with design patterns, which provide a natural way to model complex concepts and capture system relationships effectively, along with achieving a high level of software reuse.",ieee,llm,0.880,unreviewed,,doi:10.1109/icse.1998.671385
discarded,Object oriented modeling with SIMPLE++,D.F. Geuder,1995,"Winter Simulation Conference Proceedings, 1995.",10.1109/WSC.1995.478788,https://ieeexplore.ieee.org/document/478788/,adjacent-subtopic,"Object orientation has become a major competitive factor in information technology. Reasons for this are the control of complexity, increased quality and possible reuse of modules. The discrete event simulation system SIMPLE++ being presented in this paper brings these advantages to the simulation user. SLMPLE++ is a general purpose system for the object oriented, graphical, and integrated modeling, simulation, and animation of systems and business processes. Models are built with objects from a class library containing predefined building blocks. User defined classes can be created in an integrated way, allowing the modeling environment to be tailored to different application areas. The class structure, inheritance and unlimited number of hierarchical levels lead to a significant increase of productivity in building, changing, and maintaining models. The concept and benefits of object oriented modeling will be illustrated in the following. In addition to the modeling environment, the support for validation, simulation, and evaluation of results is covered. Also, the integration of simulation models into existing IT solutions as well as application specific object libraries are explained.",ieee,llm,0.910,unreviewed,,doi:10.1109/wsc.1995.478788
discarded,Analysis of reusability of communication switching software based on C++ object-oriented design,M. Furukawa; H. Sunaga; N. Kurihara; M. Tomura,1996,Proceedings of ICC/SUPERCOMM '96 - International Conference on Communications,10.1109/ICC.1996.540241,https://ieeexplore.ieee.org/document/540241/,adjacent-subtopic,"This paper describes key technologies for the reuse of software in a communication switching node system. Software reuse is one of the most promising methods for enhancing software productivity. A software platform we have established allows easy porting of software components, especially device management programs. It uses C++ object oriented programming techniques. In particular, inheritance and polymorphism enhance reusability because they facilitate management of software components. Analysis of the reusability of device management programs among several node systems showed that only about 20% of the programs (based on program size) need to be coded in a new system if software components are ported from existing programs. Our software platform is expected to be widely used for next-generation communication switching systems.",ieee,llm,0.860,unreviewed,,doi:10.1109/icc.1996.540241
discarded,Are Domain-Specific Models Easier to Maintain Than UML Models?,Lan Cao; Balasubramaniam Ramesh; Matti Rossi,2009,IEEE Software,10.1109/MS.2009.87,https://ieeexplore.ieee.org/document/5076454/,adjacent-subtopic,"Although domain-specific modeling (DSM) languages have been adopted in industries such as telecommunications and insurance, they haven't yet gained wide acceptance in practice. This is because the claims of increased productivity and ease of understanding haven't yet been verified by independent studies. To address this concern, we examined a DSM language's performance for maintenance tasks. Maintenance in software-intensive systems is critical because software often continuously evolves during development as well as after delivery, to meet users' ever-changing needs. So, maintenance performance significantly impacts software development productivity.Experimental results show that maintenance can be significantly easier and faster with a DSM language than with a general- purpose modeling language.",ieee,llm,0.990,unreviewed,,doi:10.1109/ms.2009.87
discarded,Expanding horizons: where to invest your software bucks,L. Bernstein; C.M. Yuhas,1995,1995 IEEE Aerospace Applications Conference. Proceedings,10.1109/AERO.1995.468883,https://ieeexplore.ieee.org/document/468883/,adjacent-subtopic,"We all have budgets, we would all like to maximize that ephemeral quality called software productivity, and we all need to know where to put our dollars for maximum effect. The problem is that after wading through hundreds of articles promising to reveal the secret formula for revving up our development organizations, we still do not know. We discuss several areas such as programmer skill, defining the problem, customer relations and tools and technology, plus some breakthroughs like object-oriented programming and large-scale reuse.<>",ieee,llm,0.830,unreviewed,,doi:10.1109/aero.1995.468883
discarded,Improving Reusability in Software Process Lines,Emmanuelle Rouillé; Benoît Combemale; Olivier Barais; David Touzet; Jean-Marc Jézéquel,2013,2013 39th Euromicro Conference on Software Engineering and Advanced Applications,10.1109/SEAA.2013.50,https://ieeexplore.ieee.org/document/6619494/,adjacent-subtopic,"Software processes orchestrate manual or automatic tasks to create new software products that meet the requirements of specific projects. While most of the tasks are about inventiveness, modern developments also require recurrent, boring and time-consuming tasks (e.g., the IDE configuration, or the continuous integration setup). Such tasks struggle to be automated due to their various execution contexts according to the requirements of specific projects. In this paper, we propose a methodology that benefits from an explicit modeling of a family of processes to identify the possible reuse of automated tasks in software processes. We illustrate our methodology on industrial projects in a software company. Our methodology promoted both the identification of possible automated tasks for configuring IDEs and continuous integration, and their reuse in various projects of the company. Our methodology contributes to the companies' efficiency, including their agility and ability to experiment new practices, while remaining focused on solving business problems.",ieee,llm,0.980,unreviewed,,doi:10.1109/seaa.2013.50
kept,Impact of object oriented development on software quality,G. Low; S. Huan,1999,STEP '99. Proceedings Ninth International Workshop Software Technology and Engineering Practice,10.1109/STEP.1999.798402,https://ieeexplore.ieee.org/document/798402/,supports-claim; stod,"Improved productivity and quality are often cited as potential benefits of an object-oriented (OO) development approach. The claims for improved software quality mainly refer to improved reliability, maintainability and reusability. However, there is very little experimental support for such claims. This research addresses this shortcoming by examining whether there is a significant difference in the reliability, maintainability and reusability of systems developed using OO development techniques compared with similar systems developed in the same organisation using conventional techniques. The results indicate a significant improvement in the reliability, maintainability and reusability for OO systems development compared with conventional development techniques. These results are a strong argument for management to seriously consider adopting an OO development process.",ieee,llm_reviewed,1.000,confirmed,,doi:10.1109/step.1999.798402
discarded,Data type analysis for hardware synthesis from object-oriented models,M. Radetzki; A. Stammermann; W. Putzke-Roming; W. Nebel,1999,"Design, Automation and Test in Europe Conference and Exhibition, 1999. Proceedings (Cat. No. PR00078)",10.1109/DATE.1999.761171,https://ieeexplore.ieee.org/document/761171/,off-topic-false-hit,"Object-oriented modeling of hardware promises to help deal with design complexity through higher abstraction and better support for reuse. Whereas simulation of such models is rather easy to achieve, synthesis turns out to require the application of quite sophisticated techniques. In this paper, we devise a solution of the foremost problem, optimized synthesis of object-oriented data types. The outlined algorithms have been implemented for an object-oriented dialect of VHDL and may also contribute, possibly in a co-design context, to synthesis from languages such as C++ or Java. We explain our synthesis methods and show their impact with the example of a microprocessor model.",ieee,llm,0.980,unreviewed,,doi:10.1109/date.1999.761171
kept,A survey of experiences amongst object-oriented practitioners,J. Daly; J. Miller; A. Brooks; M. Roper; M. Wood,1995,Proceedings 1995 Asia Pacific Software Engineering Conference,10.1109/APSEC.1995.496962,https://ieeexplore.ieee.org/document/496962/,supports-claim; lage; qualifies-claim,"The object-oriented paradigm is becoming increasingly popular as a result of expert opinion and anecdotal evidence and not on the basis of sound empirical data. The questionnaire survey was undertaken as part of a programme of research to validate unsupported claims about the paradigm. The questionnaire follows structured interviews of experienced object-oriented developers with the intention of confirming the findings on a wider practitioner group. It was posted to relevant electronic newsgroups and to members of an object-oriented (postal) mailing list. The survey received 167 responses to the electronic questionnaire and 119 responses (30% response rate) to the postal version. Results show that respondents are of the view that: (i) the object-oriented paradigm has advantages over other paradigms in terms of ease of analysis and design, programmer productivity, software reuse, and ease of maintenance; (ii) inheritance can introduce difficulties when trying to understand object-oriented software; (iii) missing design documentation and poor or inappropriate design are prevalent problems; (iv) maintenance causes degradation of object-oriented software, but less frequently than conventional software; (v) C++ has many deficiencies in comparison to other purer object-oriented languages.",ieee,llm_reviewed,0.970,confirmed,,doi:10.1109/apsec.1995.496962
discarded,A reuse-driven service creation environment for the advanced intelligent network,B.S. Ku,1994,Proceedings of ICC/SUPERCOMM'94 - 1994 International Conference on Communications,10.1109/ICC.1994.369048,https://ieeexplore.ieee.org/document/369048/,adjacent-subtopic,"This paper advocates a reuse-driven service creation environment (SCE) in which the service independent building block (SIB) concept will be of great benefits to all the participants of the AIN-the telephone companies, the customers, and the equipment vendors. It discusses the easiness and flexibility of the SIB approach in helping service designers with different skill levels in rapid service definition and creation. The effectiveness of the SIB approach is demonstrated by the results of service logic programs (SLPs) created for several new practical services in our SCE. To achieve the goals of AlN, the additional works in SCE are also presented.<>",ieee,llm,0.960,unreviewed,,doi:10.1109/icc.1994.369048
discarded,Reusing software: issues and research directions,H. Mili; F. Mili; A. Mili,1995,IEEE Transactions on Software Engineering,10.1109/32.391379,https://ieeexplore.ieee.org/document/391379/,adjacent-subtopic,"Software productivity has been steadily increasing over the past 30 years, but not enough to close the gap between the demands placed on the software industry and what the state of the practice can deliver; nothing short of an order of magnitude increase in productivity will extricate the software industry from its perennial crisis. Several decades of intensive research in software engineering and artificial intelligence left few alternatives but software reuse as the (only) realistic approach to bring about the gains of productivity and quality that the software industry needs. In this paper, we discuss the implications of reuse on the production, with an emphasis on the technical challenges. Software reuse involves building software that is reusable by design and building with reusable software. Software reuse includes reusing both the products of previous software projects and the processes deployed to produce them, leading to a wide spectrum of reuse approaches, from the building blocks (reusing products) approach, on one hand, to the generative or reusable processor (reusing processes), on the other. We discuss the implication of such approaches on the organization, control, and method of software development and discuss proposed models for their economic analysis. Software reuse benefits from methodologies and tools to: (1) build more readily reusable software and (2) locate, evaluate, and tailor reusable software, the last being critical for the building blocks approach. Both sets of issues are discussed in this paper, with a focus on application generators and OO development for the first and a thorough discussion of retrieval techniques for software components, component composition (or bottom-up design), and transformational systems for the second. We conclude by highlighting areas that, in our opinion, are worthy of further investigation.<>",ieee,llm,0.970,unreviewed,,doi:10.1109/32.391379
discarded,The TMO structuring approach and its potential for telecommunication applications,K.H. Kim; C. Subbaraman,1998,Proceedings. 1998 IEEE Workshop on Application-Specific Software Engineering and Technology. ASSET-98 (Cat. No.98EX183),10.1109/ASSET.1998.688243,https://ieeexplore.ieee.org/document/688243/,adjacent-subtopic,"The TMO (Time-triggered, Message-triggered Object) structuring scheme has the goal of improving productivity in the design of complex real-time computer systems (RTCSs). The TMO scheme facilitates a new paradigm in designing RTCSs called the GG (General-form, timeliness-Guaranteed) design paradigm. Its essence is to realize real-time computing with a common and general design style, not alienating the mainstream computing industry and yet allowing system engineers to confidently produce certifiable RTCSs for safety-critical applications. The TMO structuring scheme is a syntactically simple but semantically major extension of the conventional object structuring approaches, and its support tools can be based on various well-established object-oriented programming languages and on ubiquitous commercial real-time operating system kernels. The scheme enables a reduction of the designer's efforts in guaranteeing timely service capabilities of information systems. We discuss the major features of the TMO structuring approach for real-time computer systems and its potential for use in the telecommunication application domain. Some of the major computing requirements that are imposed by a large class of telecommunication applications are identified and then we discuss on how well the TMO approach can satisfy these requirements. As an illustration, we also present the top-down design of a simple, yet concrete multi-party video conferencing application using the TMO structuring scheme. Finally, the major benefits of the TMO structuring scheme in the design of complex RTCSs are discussed.",ieee,llm,0.930,unreviewed,,doi:10.1109/asset.1998.688243
discarded,Quality and reuse in industrial software engineering,G. Butler,1997,Proceedings of Joint 4th International Computer Science Conference and 4th Asia Pacific Software Engineering Conference,10.1109/APSEC.1997.640156,https://ieeexplore.ieee.org/document/640156/,adjacent-subtopic,"The drive for productivity in the software industry is forcing major changes in the ways that software development and maintenance are being done. The technical trends contributing most to improved productivity are the improvement in quality of products and processes; and the reuse of code and other software components, such as design and requirements. The author surveys these technical trends. Each has gone beyond the research stage, and the preliminary results from pilot industrial projects have been reported. He summarizes the information available on the costs and benefits of the approaches, and the criteria which determine a successful transfer of the technique to industry. Each has demonstrated a long-term (3-6 years) return on investment, under the right circumstances. They have nor in general delivered short-term payoffs.",ieee,llm,0.940,unreviewed,,doi:10.1109/apsec.1997.640156
discarded,Rapid prototyping of hardware systems via model reuse,L. Chaouat; S. Garin; A. Vachoux; D. Mlynek,1997,Proceedings 8th IEEE International Workshop on Rapid System Prototyping Shortening the Path from Specification to Prototype,10.1109/IWRSP.1997.618891,https://ieeexplore.ieee.org/document/618891/,off-topic-false-hit,"The increasing productivity gap affecting the progress of electronic system design is a sufficient motivation to investigate further solutions to avoid this problem. As an immediately available solution, the application of reuse techniques is widely recognized. By reusing designs, productivity is increased because designers do not have to reinvent large portions of the design. Design reuse is becoming a big market and involves people, concepts, methods and tools. This paper is aimed at providing mechanisms for promoting effective reuse of hardware system specifications. The importance and benefits of reusability of high-level hardware models, and our proposed strategy for reusing graphical specifications are presented.",ieee,llm,0.980,unreviewed,,doi:10.1109/iwrsp.1997.618891
