status,title,authors,year,venue,doi,url,tags,abstract,provider,decision_source,llm_confidence,llm_review_outcome,llm_change_direction,paper_id
discarded,An empirical investigation of an object-oriented software system,Michelle Cartwright; Martin Shepperd,2000,IEEE Transactions on Software Engineering,10.1109/32.879814,https://openalex.org/W2139085711,qualifies-claim; adjacent-subtopic,"The paper describes an empirical investigation into an industrial object oriented (OO) system comprised of 133000 lines of C++. The system was a subsystem of a telecommunications product and was developed using the Shlaer-Mellor method (S. Shlaer and S.J. Mellor, 1988; 1992). From this study, we found that there was little use of OO constructs such as inheritance, and therefore polymorphism. It was also found that there was a significant difference in the defect densities between those classes that participated in inheritance structures and those that did not, with the former being approximately three times more defect-prone. We were able to construct useful prediction systems for size and number of defects based upon simple counts such as the number of states and events per class. Although these prediction systems are only likely to have local significance, there is a more general principle that software developers can consider building their own local prediction systems. Moreover, we believe this is possible, even in the absence of the suites of metrics that have been advocated by researchers into OO technology. As a consequence, measurement technology may be accessible to a wider group of potential users.",openalex,llm_reviewed,0.930,changed,kept->discarded,doi:10.1109/32.879814
discarded,A research typology for object-oriented analysis and design,David E. Monarchi; Gretchen I. Puhr,1992,Communications of the ACM,10.1145/130994.130995,https://openalex.org/W1571717828,adjacent-subtopic,"and Design his article evaluates current research on object-oriented analysis and design (OOAD).Critical components in OOAD are identified and various OOAD techniques (i.e., processes or methods) and representations are compared based on these components.Strong and weak areas in OOAD are identified and areas for future research are discussed in this article.• • • • • • • • • • • • • • • • • • • Research ReviewThe existing research can be divided into three broad categories: 1) processes only; 2) representations only; and 3) processes and representations.The first category, processes, refers to procedural methods for performing object-COMMUNICATION8",openalex,llm,0.900,unreviewed,,doi:10.1145/130994.130995
discarded,Investigating quality factors in object-oriented designs,Lionel Briand; Jürgen Wüst; Stefan V. Ikonomovski; Hakim Lounis,1999,,10.1145/302405.302654,https://openalex.org/W1990259865,adjacent-subtopic,"S.345-354 : Ill., Lit.",openalex,llm,0.770,unreviewed,,doi:10.1145/302405.302654
discarded,Faunus: An object oriented framework for molecular simulation,Mikael Lund; Martin Trulsson; Björn Persson,2008,Source Code for Biology and Medicine,10.1186/1751-0473-3-1,https://openalex.org/W2036826180,adjacent-subtopic,"BACKGROUND: We present a C++ class library for Monte Carlo simulation of molecular systems, including proteins in solution. The design is generic and highly modular, enabling multiple developers to easily implement additional features. The statistical mechanical methods are documented by extensive use of code comments that - subsequently - are collected to automatically build a web-based manual. RESULTS: We show how an object oriented design can be used to create an intuitively appealing coding framework for molecular simulation. This is exemplified in a minimalistic C++ program that can calculate protein protonation states. We further discuss performance issues related to high level coding abstraction. CONCLUSION: C++ and the Standard Template Library (STL) provide a high-performance platform for generic molecular modeling. Automatic generation of code documentation from inline comments has proven particularly useful in that no separate manual needs to be maintained.",openalex,llm,0.910,unreviewed,,doi:10.1186/1751-0473-3-1
discarded,Systematic concurrent object-oriented programming,Bertrand Meyer,1993,Communications of the ACM,10.1145/162685.162705,https://openalex.org/W1966037709,adjacent-subtopic,"SYSTEMATIC CONCURRENT OBJECT-ORIENTED PROGRAMMINGudging by the looks of the two parties, the marriage between concurrent computation and object-oriented programming-a union much desired by practitioners in such fields as telecommunications, highperformance computing, banking and operating systems--appears easy enough to arrange.This appearance, however, is deceptive: the problem is a hard one.This article points the way toward a pos,;ible solution.The precise problem examined here is restricted to: What is the simplest, smallest and most convincing extension to the method of systematic object-oriented software construction that can address the needs oJ concurrent and distributed computing as well as those of sequential computation?The article does not claim to discuss concurrency and distribution in a general and unbiased way.Rather, it takes the object-oriented paradigm as a given (on the basis of its contributions to the production of quality software) and investigates how best to adapt it so it covers both concurrent and sequentia;[ applications.The word ""systematic"" as used in the title of the article will provide strong gqaidance to our search for this minimal extension.We are interested in an approach that makes it possible to reason about software systems in a precise way, by extending to the concurrent case the systematic techniques, known as 'design by contract', which can be applied to the systematic (~dthough not necessarily fully formal) development of sequential object-oriented software.A word ofwaming as to the actual ambition of the model discussed here.No claim is made that the work as reported is final, and a number of possible criticisms are discussed in the final section.I do think, however, that in its discussion of how the mutual attraction between object orientation and concurrency can be turned into a reasonably happy marriage, this article raises a number of questions.Although crucial for both COMMUNICATIONS OP THII ACM September 1993/'VoL36, No.9 ~l/ text, will describe bounded buffers.Following is a sketch of the class, with the implementation details omitted.Preconditions are introduced by require, postconditions by ensure.class BOUNDED_QUEUE[G] feature empty: BOOLEAN is --Is rhere no accessible element?do Result: = ... end; full: BOOLEAN is --Is there no room left --for more elements?do Result: = ... end; put (x:G) is --Add x as newest element.",openalex,llm,0.950,unreviewed,,doi:10.1145/162685.162705
discarded,An object-oriented approach to graphical interfaces,Paul S. Barth,1986,ACM Transactions on Graphics,10.1145/22949.22951,https://openalex.org/W1966808888,adjacent-subtopic,"An object-oriented system for building graphical interfaces to programs is discussed. The system, called GROW, facilitates the process of creating interfaces that are highly interactive (including direct manipulation and animation), rich in layout structure, and effectively reusable across applications. These properties are achieved through three techniques: object-based graphics with taxonomic inheritance, interobject relationships such as composition and graphical dependency, and separation of the interface and application. Experience with interfaces for several applications has provided insights on the effectiveness of these techniques. First, object-oriented programming yields significant leverage on specializing and reusing interfaces. Second, layout constraints (such as maintaining the connectivity of a graph) can be managed with simple data dependencies among the attributes of the graphical objects. Finally, separating the interface and application is essential to reusing interface components. This paper describes the techniques in detail, gives examples of interfaces built with GROW, and summarizes experiences using GROW with a variety of applications.",openalex,llm,0.880,unreviewed,,doi:10.1145/22949.22951
kept,An Experimental Comparison of the Maintainability of Object-Oriented and Structured Design Documents,Lionel Briand; Christian Bunse; John W. Daly; Christiane M. Differding,1997,Empirical Software Engineering,10.1023/a:1009720117601,https://openalex.org/W2102406246,supports-claim; mot; qualifies-claim,,openalex,llm_reviewed,0.860,confirmed,,doi:10.1023/a:1009720117601
discarded,Type theories and object-oriented programmimg,Scott H. Danforth; Chris Tomlinson,1988,ACM Computing Surveys,10.1145/62058.62060,https://openalex.org/W2041042883,adjacent-subtopic,"Object-oriented programming is becoming a popular approach to the construction of complex software systems. Benefits of object orientation include support for modular design, code sharing, and extensibility. In order to make the most of these advantages, a type theory for objects and their interactions should be developed to aid checking and controlled derivation of programs and to support early binding of code bodies for efficiency. As a step in this direction, this paper surveys a number of existing type theories and examines the manner and extent to which these theories are able to represent the ideas found in object-oriented programming. Of primary interest are the models provided by type theories for abstract data types and inheritance, and the major portion of this paper is devoted to these topics. Code fragments illustrative of the various approaches are provided and discussed. The introduction provides an overview of object-oriented programming and types in programming languages; the summary provides a comparative evaluation of the reviewed typing systems, along with suggestions for future work.",openalex,llm,0.980,unreviewed,,doi:10.1145/62058.62060
discarded,Estimation and interpretation of 1/fα noise in human cognition,Eric‐Jan Wagenmakers; Simon Farrell; Roger Ratcliff,2004,Psychonomic Bulletin & Review,10.3758/bf03196615,https://openalex.org/W2112932663,off-topic-false-hit,,openalex,llm,1.000,unreviewed,,doi:10.3758/bf03196615
discarded,Detecting defects in object-oriented designs,Guilherme Horta Travassos; Forrest J. Shull; Michael Fredericks; Victor Robert Basili,1999,ACM SIGPLAN Notices,10.1145/320385.320389,https://openalex.org/W2998683348,adjacent-subtopic,"Inspections can be used to identify defects in software artifacts. In this way, inspection methods help to improve software quality, especially when used early in software development. Inspections of software design may be especially crucial since design defects (problems of correctness and completeness with respect to the requirements, internal consistency, or other quality attributes) can directly affect the quality of, and effort required for, the implementation. We have created a set of “reading techniques” (so called because they help a reviewer to “read” a design artifact for the purpose of finding relevant information) that gives specific and practical guidance for identifying defects in Object-Oriented designs. Each reading technique in the family focuses the reviewer on some aspect of the design, with the goal that an inspection team applying the entire family should achieve a high degree of coverage of the design defects. In this paper, we present an overview of this new set of reading techniques. We discuss how some elements of these techniques are based on empirical results concerning an analogous set of reading techniques that supports defect detection in requirements documents. We present an initial empirical study that was run to assess the feasibility of these new techniques, and discuss the changes made to the latest version of the techniques based on the results of this study.",openalex,llm,0.930,unreviewed,,doi:10.1145/320385.320389
kept,Assessing the cognitive consequences of the object-oriented approach: A survey of empirical research on object-oriented design by individuals and teams,Françoise Détienne,1997,Interacting with Computers,10.1016/s0953-5438(97)00006-4,https://openalex.org/W2040307845,qualifies-claim; lage,"This paper presents a state-of-the-art review of empirical research on object-oriented (OO) design. Many claims about the cognitive benefits of the OO paradigm have been made by its advocates. These claims concern the ease of designing and reusing software at the individual level as well as the benefits of this paradigm at the team level. Since these claims are cognitive in nature, it seems important to assess them empirically. After a brief presentation of the main concepts of the OO paradigm, the claims about the superiority of OO design are outlined. The core of this paper consists of a review of empirical studies of OO design (OOD). We first discuss results concerning OOD by individuals. On the basis of empirical work, we (1) analyse the design activity of novice OO designers, (2) compare OOD with procedural design and (3) discuss a typology of problems relevant for the OO approach. Then we assess the claims about naturalness and ease of OOD. The next part discusses results on OO software reuse. On the basis of empirical work, we (1) compare reuse in the OO versus the procedural paradigm, (2) discuss the potential for OO software reuse and (3) analyse reuse activity in the OO paradigm. Then we assess claims on reusability. The final part reviews empirical work on OOD by teams. We present results on communication, coordination, knowledge dissemination and interactions with clients. Then we assess claims about OOD at the software design team level. In a general conclusion, we discuss the limitations of these studies and give some directions for future research.",openalex,llm_reviewed,0.990,confirmed,,doi:10.1016/s0953-5438(97)00006-4
discarded,"The Problem of Teaching Object-Oriented Programming, Part 1: Languages",Michael Kölling,1999,Kent Academic Repository (University of Kent),,https://openalex.org/W1489226807,adjacent-subtopic,"Object-oriented programming has, in recent years, become the most influential programming paradigm. It is widely used in education and industry, and almost every university teaches object-orientation somewhere in its curriculum. The software community more or less agrees that teaching object-oriented programming is a good thing. It elegantly supports the concepts that we have been trying to teach for many years, such as well structured programming, modularisation and program design. It also supports techniques for approaching problems that have only more recently made their way into the curriculum: programming in teams, maintenance of large systems and software reuse. In short, object-oriented programming seems to be a good tool for teaching those programming methodologies that we consider important.",openalex,llm,0.950,unreviewed,,hash:f9dad789f7f2e925
discarded,Queries and query processing in object-oriented database systems,David D. Straube; M. TAMER ÖZSU,1990,ACM Transactions on Information Systems,10.1145/102675.102678,https://openalex.org/W1985464228,adjacent-subtopic,"Object-oriented database mangement systems (OODBMS) combine the data abstraction and computational models of object-oriented programming languages with the query and performance capabilities of database management systems. A concise, formal data model for OODBMS has not been universally accepted, preventing detailed investigation of various system issues such as query processing. We define a data model that captures the essence of classification-based object-oriented systems and formalize concepts such as object identity, inheritence, and methods. The main topic of the paper is the presentation of a query processing methodology complete with an object calculus to object algebra translation are discussed in detail. The paper concludes with a discussion of equivalence-preserving transformation rules for object algebra expressions.",openalex,llm,0.990,unreviewed,,doi:10.1145/102675.102678
discarded,Algebraic reasoning for object-oriented programming,Paulo Henrique Monteiro Borba; Augusto C. A. Sampaio; Ana Cavalcanti; Márcio Cornélio,2004,Science of Computer Programming,10.1016/j.scico.2004.03.003,https://openalex.org/W2002295687,adjacent-subtopic,,openalex,llm,0.970,unreviewed,,doi:10.1016/j.scico.2004.03.003
discarded,Building machines that learn and think like people,Brenden M. Lake; Tomer David Ullman; Joshua B. Tenenbaum; Samuel J. Gershman,2016,Behavioral and Brain Sciences,10.1017/s0140525x16001837,https://openalex.org/W2328078142,off-topic-false-hit,"Recent progress in artificial intelligence has renewed interest in building systems that learn and think like people. Many advances have come from using deep neural networks trained end-to-end in tasks such as object recognition, video games, and board games, achieving performance that equals or even beats that of humans in some respects. Despite their biological inspiration and performance achievements, these systems differ from human intelligence in crucial ways. We review progress in cognitive science suggesting that truly human-like learning and thinking machines will have to reach beyond current engineering trends in both what they learn and how they learn it. Specifically, we argue that these machines should (1) build causal models of the world that support explanation and understanding, rather than merely solving pattern recognition problems; (2) ground learning in intuitive theories of physics and psychology to support and enrich the knowledge that is learned; and (3) harness compositionality and learning-to-learn to rapidly acquire and generalize knowledge to new tasks and situations. We suggest concrete challenges and promising routes toward these goals that can combine the strengths of recent neural network advances with more structured cognitive models.",openalex,llm,1.000,unreviewed,,doi:10.1017/s0140525x16001837
discarded,Mental Representations Constructed by Experts and Novices in Object-Oriented Program Comprehension,Jean‐Marie Burkhardt; Françoise Détienne; Susan Wiedenbeck,1997,,10.1007/978-0-387-35175-9_55,https://openalex.org/W1610176988,adjacent-subtopic,,openalex,llm,0.940,unreviewed,,doi:10.1007/978-0-387-35175-9_55
discarded,From Public Benchmarks to a Low-Resource Target Domain: A Comparative Study of Wood Surface Defect Detection,"Khanh, Nguyen-Trong; Tan, Nguyen-Thi-Thanh",2026,CMC-COMPUTERS MATERIALS & CONTINUA,10.32604/cmc.2026.083365,https://www.webofscience.com/wos/woscc/full-record/WOS:001839157800001,off-topic-false-hit,"Automated wood surface defect detection is difficult to evaluate reliably because defects are often small, low-contrast, and visually confounded by natural wood texture, while reported performance can vary substantially with benchmark design and domain shift. To address this issue, we conduct a comparative study across three practically relevant settings: a curated seven-class benchmark, a broader in-domain seven-class protocol derived from the same source dataset, and supervised adaptation to a low-resource Vietnamese target domain. We compare lightweight two-stage detectors based on Faster Region-based Convolutional Neural Network (Faster R-CNN) with MobileNetV3-FPN against a compact You Only Look Once version 8 (YOLOv8s) baseline, while also testing two small-object-oriented YOLO refinements as targeted diagnostic variants rather than as the primary claimed contribution. Across in-domain experiments, the compact YOLOv8s baseline delivers the strongest performance, achieving 84.38% AP50 on the curated benchmark, whereas performance drops to 81.16% AP50 under the broader protocol, indicating that benchmark breadth materially changes the apparent difficulty of the task and the relative strength of competing models. In the target-domain setting, source-initialized fine-tuning improves optimization behavior and can outperform target-only training in a representative single run, but repeated-seed evaluation does not confirm a stable held-out-test advantage under the same adaptation budget. These findings suggest that conclusions drawn from a single curated benchmark may overstate model robustness, and that for wood defect detection, protocol breadth and source-to-target shift should be treated as central evaluation factors rather than secondary experimental details.",wos,llm,1.000,unreviewed,,doi:10.32604/cmc.2026.083365
kept,Novice Comprehension of Object-Oriented OO Programs: An Empirical Study,"Alardawi, Ahmed S.; Agil, Agil M.",2015,2015 WORLD CONGRESS ON INFORMATION TECHNOLOGY AND COMPUTER APPLICATIONS (WCITCA),,https://www.webofscience.com/wos/woscc/full-record/WOS:000380511000044,adjacent-subtopic; stod; supports-claim,"Class structure represents one of the essential concepts of Object-Oriented paradigm and therefore, a good understanding of this concept will positively affect the effectiveness of novice programmers. Comprehension underpins many programming activities such as program design and program implementation. Program comprehension represents in this context a mental model approach that involves interesting theoretical frameworks of program comprehension. Our starting point is Burkhardt cognitive model for OO program comprehension [1]. The model considers two distinct but interacting models: program and situation. Our focus does not rely primarily in distinguishing between these models, but use both of them to assess the influence on novices of class structure on program comprehension.

