status,title,authors,year,venue,doi,url,tags,abstract,provider,decision_source,llm_confidence,llm_review_outcome,llm_change_direction,paper_id
discarded,OPCap:Object-aware Prompting Captioning,F. Huang,2025,Proceedings of the 7th ACM International Conference on Multimedia in Asia Mmasia 2025,10.1145/3743093.3770956,https://www.scopus.com/inward/record.uri?partnerID=HzOxMe3b&scp=105025150035&origin=inward,off-topic-false-hit,,scopus,llm,0.990,unreviewed,,doi:10.1145/3743093.3770956
discarded,A ROBUST FEATURE ENGINEERING ARCHITECTURE INCORPORATING HYBRID SAMPLING AND SEMANTIC-STRUCTURAL CODE AUGMENTATION,P. Bhavani,2025,Archives for Technical Sciences,10.70102/afts.2025.1834.815,https://www.scopus.com/inward/record.uri?partnerID=HzOxMe3b&scp=105030685364&origin=inward,adjacent-subtopic,,scopus,llm,0.950,unreviewed,,doi:10.70102/afts.2025.1834.815
discarded,Software-defined Control: New architecture and practices in building automation,Q. Lin,2025,Journal of Building Engineering,10.1016/j.jobe.2025.114076,https://www.scopus.com/inward/record.uri?partnerID=HzOxMe3b&scp=105016777854&origin=inward,off-topic-false-hit,,scopus,llm,0.940,unreviewed,,doi:10.1016/j.jobe.2025.114076
discarded,A practical case study on effect of moisture ingress in power cables and methods to reduce equipment failure,B.N. Gugulothu,2025,Engineering Research Express,10.1088/2631-8695/ada5a9,https://www.scopus.com/inward/record.uri?partnerID=HzOxMe3b&scp=85215255885&origin=inward,off-topic-false-hit,,scopus,llm,0.990,unreviewed,,doi:10.1088/2631-8695/ada5a9
discarded,FORWARD AND REVERSE ENGINEERING USING UML WITH RATIONAL ROSE AND OBJECT-ORIENTED PROGRAMMING LANGUAGE,G. Lakshmi,2025,Journal of Theoretical and Applied Information Technology,,https://www.scopus.com/inward/record.uri?partnerID=HzOxMe3b&scp=86000130093&origin=inward,adjacent-subtopic,,scopus,llm,0.940,unreviewed,,hash:749518f0439c49e4
discarded,“Withdrawal of Objects”: The Silence of the Animal Narrative in Momaday’s Novels,X. Liang,2025,English Studies,10.1080/0013838X.2025.2486038,https://www.scopus.com/inward/record.uri?partnerID=HzOxMe3b&scp=105002147027&origin=inward,off-topic-false-hit,,scopus,llm,1.000,unreviewed,,doi:10.1080/0013838x.2025.2486038
discarded,MLCFOOP: Classifying Faulty and Non-faulty Classes in Object-Oriented Programming Using Machine Learning,N. Malik,2025,Lecture Notes in Networks and Systems,10.1007/978-981-96-3253-4_36,https://www.scopus.com/inward/record.uri?partnerID=HzOxMe3b&scp=105010584248&origin=inward,adjacent-subtopic,,scopus,llm,0.970,unreviewed,,doi:10.1007/978-981-96-3253-4_36
discarded,Proposed CubeSat System for Autonomous Structural Health Monitoring: Integration of Edge Computing and Machine Learning for Anomaly Detection and Orbital Safety,J.S.P. Bett,2025,Proceedings of the International Astronautical Congress Iac,10.52202/083084-0118,https://www.scopus.com/inward/record.uri?partnerID=HzOxMe3b&scp=105040837319&origin=inward,off-topic-false-hit,,scopus,llm,0.990,unreviewed,,doi:10.52202/083084-0118
discarded,A Web-Based Recommender Application for Board Games Using OOP Design,E.O. Tartan,2024,Proceedings 2024 5th International Conference on Information Technology and Education Technology Itet 2024,10.1109/ITET64267.2024.00016,https://www.scopus.com/inward/record.uri?partnerID=HzOxMe3b&scp=85214036135&origin=inward,adjacent-subtopic,,scopus,llm,0.950,unreviewed,,doi:10.1109/itet64267.2024.00016
discarded,Conceptual Representation of the Source-Code to Support the Learning of Object-Oriented Programming Concepts,N. Khudhur,2023,International Journal of Information and Education Technology,10.18178/ijiet.2023.13.12.1999,https://www.scopus.com/inward/record.uri?partnerID=HzOxMe3b&scp=85178955978&origin=inward,adjacent-subtopic,,scopus,llm,0.970,unreviewed,,doi:10.18178/ijiet.2023.13.12.1999
discarded,"Modelica-AeroDyn: Development, benchmark, and application of a comprehensive object-oriented tool for dynamic analysis of non-conventional horizontal-axis floating wind turbines",O. El Beshbichi,2023,Wind Energy,10.1002/we.2814,https://www.scopus.com/inward/record.uri?partnerID=HzOxMe3b&scp=85152033221&origin=inward,adjacent-subtopic,,scopus,llm,0.920,unreviewed,,doi:10.1002/we.2814
discarded,Connectable and Independent Junction Tree-Based Compilation Technique of Object-Oriented Bayesian Networks,A.M. Aahad,2023,Proceedings International Conference on Tools with Artificial Intelligence Ictai,10.1109/ICTAI59109.2023.00040,https://www.scopus.com/inward/record.uri?partnerID=HzOxMe3b&scp=85182406574&origin=inward,off-topic-false-hit,,scopus,llm,0.970,unreviewed,,doi:10.1109/ictai59109.2023.00040
discarded,Improvement in Arc Flash Protection Based on IEC 61850 Protocol,S. Kumar,2023,2023 33rd Australasian Universities Power Engineering Conference Aupec 2023,10.1109/AUPEC59354.2023.10503118,https://www.scopus.com/inward/record.uri?partnerID=HzOxMe3b&scp=105003369305&origin=inward,off-topic-false-hit,,scopus,llm,0.990,unreviewed,,doi:10.1109/aupec59354.2023.10503118
discarded,Comparison of thermal performance of steel moment and eccentrically braced frames,S.J. Mortazavi,2022,Journal of Building Engineering,10.1016/j.jobe.2022.104052,https://www.scopus.com/inward/record.uri?partnerID=HzOxMe3b&scp=85123688995&origin=inward,off-topic-false-hit,,scopus,llm,1.000,unreviewed,,doi:10.1016/j.jobe.2022.104052
discarded,Leveraging structural properties of source code graphs for just-in-time bug prediction,M. Nadim,2022,Automated Software Engineering,10.1007/s10515-022-00326-0,https://www.scopus.com/inward/record.uri?partnerID=HzOxMe3b&scp=85125647013&origin=inward,adjacent-subtopic,,scopus,llm,0.970,unreviewed,,doi:10.1007/s10515-022-00326-0
discarded,Development of Digital Reactor High-fidelity Neutronics Code SHARK,H. Zhang,2022,Yuanzineng Kexue Jishu Atomic Energy Science and Technology,10.7538/yzk.2021.youxian.0902,https://www.scopus.com/inward/record.uri?partnerID=HzOxMe3b&scp=85125319748&origin=inward,off-topic-false-hit,,scopus,llm,0.950,unreviewed,,doi:10.7538/yzk.2021.youxian.0902
discarded,A novel and reliable interlayer exchange coupled nanomagnetic universal logic gate design,V. Mattela,2021,Nanotechnology,10.1088/1361-6528/abcac9,https://www.scopus.com/inward/record.uri?partnerID=HzOxMe3b&scp=85097936732&origin=inward,off-topic-false-hit,,scopus,llm,1.000,unreviewed,,doi:10.1088/1361-6528/abcac9
discarded,Osdag: A software for structural steel design using is 800:2007,S. Ghosh,2021,,10.1007/978-981-15-5235-9_17,https://www.scopus.com/inward/record.uri?partnerID=HzOxMe3b&scp=85092195833&origin=inward,off-topic-false-hit,,scopus,llm,0.960,unreviewed,,doi:10.1007/978-981-15-5235-9_17
discarded,Perfect is the enemy of good: Best-effort program synthesis,H. Peleg,2020,Leibniz International Proceedings in Informatics Lipics,10.4230/LIPIcs.ECOOP.2020.2,https://www.scopus.com/inward/record.uri?partnerID=HzOxMe3b&scp=85115262954&origin=inward,adjacent-subtopic,,scopus,llm,0.960,unreviewed,,doi:10.4230/lipics.ecoop.2020.2
discarded,Development of a Nuclear Data Processing Code FRENDY Version 1,K. Tada,2019,2019 IEEE Nuclear Science Symposium and Medical Imaging Conference NSS Mic 2019,10.1109/NSS/MIC42101.2019.9059795,https://www.scopus.com/inward/record.uri?partnerID=HzOxMe3b&scp=85083548386&origin=inward,off-topic-false-hit,,scopus,llm,0.950,unreviewed,,doi:10.1109/nss/mic42101.2019.9059795
discarded,BIM-linked data integration for asset management,K. Farghaly,2019,Built Environment Project and Asset Management,10.1108/BEPAM-11-2018-0136,https://www.scopus.com/inward/record.uri?partnerID=HzOxMe3b&scp=85068782932&origin=inward,off-topic-false-hit,,scopus,llm,0.980,unreviewed,,doi:10.1108/bepam-11-2018-0136
discarded,Providing an IEC 61850 Counterpart of the Trusty Multimeter-Approaching the Maintenance Procedures for IEC 61850 Substations,A. Bonetti,2019,Proceedings 2019 IEEE 1st Global Power Energy and Communication Conference Gpecom 2019,10.1109/GPECOM.2019.8778541,https://www.scopus.com/inward/record.uri?partnerID=HzOxMe3b&scp=85070609828&origin=inward,off-topic-false-hit,,scopus,llm,0.990,unreviewed,,doi:10.1109/gpecom.2019.8778541
discarded,An object oriented agent based framework for modeling and simulation in aerospace,B. Kaan Görür,2018,AIAA Modeling and Simulation Technologies Conference 2018,10.2514/6.2018-0119,https://www.scopus.com/inward/record.uri?partnerID=HzOxMe3b&scp=85141601629&origin=inward,adjacent-subtopic,,scopus,llm,0.930,unreviewed,,doi:10.2514/6.2018-0119
discarded,Innovative redundant and reconfigurable propulsion systems: Fast prototyping through simplified simulation and design procedures,B. Allotta,2017,Marine Engineering Emerging Developments and Global Challenges,,https://www.scopus.com/inward/record.uri?partnerID=HzOxMe3b&scp=85044422341&origin=inward,off-topic-false-hit,,scopus,llm,0.960,unreviewed,,hash:758f408ab6462df4
discarded,"Scalable, constrained random software driven verification",S. Karlapalem,2017,Proceedings 2016 17th International Workshop on Microprocessor and Soc Test and Verification Mtv 2016,10.1109/MTV.2016.19,https://www.scopus.com/inward/record.uri?partnerID=HzOxMe3b&scp=85017265244&origin=inward,adjacent-subtopic,,scopus,llm,0.940,unreviewed,,doi:10.1109/mtv.2016.19
discarded,Thermal Conductivity in Suspension Sprayed Thermal Barrier Coatings: Modeling and Experiments,A. Ganvir,2017,Journal of Thermal Spray Technology,10.1007/s11666-016-0503-8,https://www.scopus.com/inward/record.uri?partnerID=HzOxMe3b&scp=85003888950&origin=inward,off-topic-false-hit,,scopus,llm,1.000,unreviewed,,doi:10.1007/s11666-016-0503-8
discarded,"Protection, automation and control systems and the IEC 61850 paradigm - New testing and maintenance challenges",R. Francisco,2016,Proceedings 2016 51st International Universities Power Engineering Conference Upec 2016,10.1109/UPEC.2016.8114121,https://www.scopus.com/inward/record.uri?partnerID=HzOxMe3b&scp=85047785370&origin=inward,off-topic-false-hit,,scopus,llm,0.990,unreviewed,,doi:10.1109/upec.2016.8114121
discarded,Semantic Classification of High-Resolution Remote-Sensing Images Based on Mid-level Features,J. Zhang,2016,IEEE Journal of Selected Topics in Applied Earth Observations and Remote Sensing,10.1109/JSTARS.2016.2536943,https://www.scopus.com/inward/record.uri?partnerID=HzOxMe3b&scp=84961773520&origin=inward,off-topic-false-hit,,scopus,llm,0.990,unreviewed,,doi:10.1109/jstars.2016.2536943
discarded,Performance evaluation of a process bus architecture in a zone substation based on IEC 61850-9-2,S. Kumar,2016,Asia Pacific Power and Energy Engineering Conference Appeec,10.1109/APPEEC.2015.7381017,https://www.scopus.com/inward/record.uri?partnerID=HzOxMe3b&scp=84965078764&origin=inward,off-topic-false-hit,,scopus,llm,0.990,unreviewed,,doi:10.1109/appeec.2015.7381017
discarded,Thermal conductivity in suspension sprayed thermal barrier coatings: Modelling and experiments,A. Ganvir,2016,Proceedings of the International Thermal Spray Conference,,https://www.scopus.com/inward/record.uri?partnerID=HzOxMe3b&scp=85034765075&origin=inward,off-topic-false-hit,,scopus,llm,1.000,unreviewed,,hash:68e279aaf3b6e7ef
discarded,Concurrent object-oriented programming,Gul Agha,1990,Communications of the ACM,10.1145/83880.84528,https://openalex.org/W1972106757,adjacent-subtopic,"Three significant trends have underscored the central role of concurrency in computing. First, there is increased use of interacting processes by individual users, for example, application programs running on X windows. Second, workstation networks have become a cost-effective mechanism for resource sharing and distributed problem solving. For example, loosely coupled problems, such as finding all the factors of large prime numbers, have been solved by utilizing ideal cycles on networks of hundreds of workstations. A loosely coupled problem is one which can be easily partitioned into many smaller subproblems so that interactions between the subproblems is quite limited. Finally, multiprocessor technology has advanced to the point of providing supercomputing power at a fraction of the traditional cost. At the same time, software engineering considerations such as the need for data abstraction to promote program modularity underlie the rapid acceptance of object-oriented programming methodology. By separating the specification of what is done (the abstraction) from how it is done (the implementation), the concept of objects provides modularity necessary for programming in the large. It turns out that concurrency is a natural consequence of the concept of objects. In fact Simula, the first object-oriented language, simulated a simple form of concurrency using coroutines on conventional architectures. Current development of concurrent object-oriented programming (COOP) is providing a solid software foundation for concurrent computing on multiprocessors, Future generation computing systems are likely to be based on the foundations being developed by this emerging software technology. The goal of this article is to discuss the foundations and methodology of COOP. Concurrency refers to the potentially parallel execution of parts of a computation. In a concurrent computation, the components of a program may be executed sequentially, or they may be executed in parallel. Concurrency provides us with the flexibility to interleave the execution of components of a program on a single processor, or to distribute it among several processors. Concurrency abstracts away some of the details in an execution, allowing us to concentrate on conceptual issues without having to be concerned with a particular order of execution which may result from the quirks of a given system. Objects can be defined as entities which encapsulate data and operations into a single computational unit. Object models differ in how the internal behavior of objects is specified. Further, models of concurrent computation based on objects must specify how the objects interact, and different design concerns have led to different models of communication between objects. Object-oriented programming builds on the concepts of objects by supporting patterns of reuse and classification, for example, through the use of inheritance which allows all instances of a particular class to share the same method. In the following section, we outline some common patterns of concurrent problem solving. These patterns can be easily expressed in terms of the rich variety of structures provided by COOP. In particular, we discuss the actor model as a framework for concurrent systems 1 and some concepts which are useful in building actor systems. We will then describe some other models of objects and their relation to the actor model along with novel techniques for supporting reusability and modularity in concurrent object-oriented programming. The last section briefly outlines some major on-going projects in COOP. It is important to note that the actor languages give special emphasis to developing flexible program structures which simplify reasoning about programs. By reasoning we do not narrowly restrict ourselves to the problem of program verification—an important program of research whose direct practical utility has yet to be established. Rather our interest is in the ability to understand the properties of software because of clarity in the structure of the code. Such an understanding may be gained by reasoning either informally or formally about programs. The ease with which we can carry out such reasoning is aided by two factors: by modularity in code which is the result of the ability to separate design concerns, and by the ability to abstract program structures which occur repeatedly. In particular, because of their flexible structure, actor languages are particularly well-suited to rapid prototyping applications.",openalex,llm,0.950,unreviewed,,doi:10.1145/83880.84528
discarded,Data model issues for object-oriented applications,Jay Banerjee; Hong‐Tai Chou; Jorge F. Garza; Won Bae Kim; Darrell Woelk; Nat Ballou; Hyoung-Joo Kim,1987,ACM Transactions on Information Systems,10.1145/22890.22945,https://openalex.org/W2026735162,adjacent-subtopic,"Presented in this paper is the data model for ORION, a prototype database system that adds persistence and sharability to objects created and manipulated in object-oriented applications. The ORION data model consolidates and modifies a number of major concepts found in many object-oriented systems, such as objects, classes, class lattice, methods, and inheritance. These concepts are reviewed and three major enhancements to the conventional object-oriented data model, namely, schema evolution, composite objects, and versions, are elaborated upon. Schema evolution is the ability to dynamically make changes to the class definitions and the structure of the class lattice. Composite objects are recursive collections of exclusive components that are treated as units of storage, retrieval, and integrity enforcement. Versions are variations of the same object that are related by the history of their derivation. These enhancements are strongly motivated by the data management requirements of the ORION applications from the domains of artificial intelligence, computer-aided design and manufacturing, and office information systems with multimedia documents.",openalex,llm,0.980,unreviewed,,doi:10.1145/22890.22945
discarded,Development of an object-oriented DBMS,David Maier; Jacob Stein; Allen Otis; Alan Purdy,1986,ACM SIGPLAN Notices,10.1145/960112.28746,https://openalex.org/W2036862988,adjacent-subtopic,"We describe the results of developing the GemStone object-oriented database server, which supports a model of objects similar to that of Smalltalk-80. We begin with a summary of the goals and requirements for the system: an extensible data model that captures behavioral semantics, no artificial bounds on the number or size of database objects, database amenities (concurrency, transactions, recovery, associative access, authorization) and an interactive development environment. Object-oriented languages, Smalltalk in particular, answer some of these requirements. We discuss satisfying the remaining requirements in an object oriented context, and report briefly on the status of the development efforts. This paper is directed at an audience familiar with object-oriented languages and their implementation, but perhaps unacquainted with the difficulties and techniques of database system development. It updates the original report on the project [CM], and expands upon a more recent article [MDP].",openalex,llm,0.970,unreviewed,,doi:10.1145/960112.28746
discarded,An object-oriented 3D graphics toolkit,Paul S. Strauss; Rikk Carey,1992,,10.1145/133994.134089,https://openalex.org/W1989952968,adjacent-subtopic,"This paper presents an object-oriented toolkit for developers of interactive 3D graphics applications.The primary goal of the toolkit is (o make it easier for programmers to create 3D graphics applications that employ direct manipulation techniques in addition to conventional 2D-widgets.Such techniques have generally been ignored in previous graphics packages and systems.The toolkit provides a general and extensible framework for representing 3D scenes so that applications can integrate their data with graphical objects rather than having duplicate copies.A simple, integrated event model that enables direct interaction with 3D objects is also included.",openalex,llm,0.980,unreviewed,,doi:10.1145/133994.134089
discarded,Design for testability in object-oriented systems,Robert V. Binder,1994,Communications of the ACM,10.1145/182987.184077,https://openalex.org/W1964497219,adjacent-subtopic,"Design #or TestabiMtyObject-Oriented Systems estability is the relative ease and expense of revealing software faults.This article maps the testability terrain for object-oriented development to assist the reader in finding relatively shorter and cheaper paths to high reliability.Software testing adds value by revealing faults.It is fundamentally an economic problem characterized by a continuum between two goals.A reliability-dtiven process uses testing to produce evidence that a pre-release reliability goal has been met.Time and money are expended on testing until the reliability goal is attained.This view of testing is typically associated with stringent, quantifiable reliability requirements.Other things being equal, a more testable system will reduce the time and cost needed to meet reliability goals.A resource-limited process views testing as a way to remove as many rough edges from a system as time or money permits.Testing continues until available test resources have been expended.Measurement of test adequacy or system reliability are incidental to the decision to release the system.This is the typical view of testing.Other things being equal, a more testable system provides increased reliability for a fixed testing budget.",openalex,llm,0.860,unreviewed,,doi:10.1145/182987.184077
