status,title,authors,year,venue,doi,url,tags,abstract,provider,decision_source,llm_confidence,llm_review_outcome,llm_change_direction,paper_id
discarded,A Large Scale Study of Multiple Programming Languages and Code Quality,Pavneet Singh Kochhar; Dinusha Wijedasa; David Lo,2016,,10.1109/saner.2016.112,https://openalex.org/W2404987555,adjacent-subtopic,"Nowadays, most software use multiple programming languages to implement certain functionalities based on the strengths and weaknesses of different languages. Researchers in the past have studied the impact of independent programming languages on software quality, however, there has been little or no research on the impact of multiple languages on the quality of software. Does the use of multiple languages cause more bugs? Are certain languages when used with other languages make software more bug prone? What are the relationships between multi-language usage and various bug categories? In this study, we perform a large scale empirical investigation to provide some answers to these questions. We gather a large dataset consisting of popular projects from GitHub (628 projects, 85 million SLOC, 134 thousand authors, 3 million commits, in 17 languages) to understand the impact of using multiple languages on software quality. We build multiple regression models to study the effects of using different languages on the number of bug fixing commits while controlling for factors such as project age, project size, team size, and the number of commits. Our results show that in general implementing a project with more languages has a significant effect on project quality, as it increases defect proneness. Moreover, we find specific languages that are statistically significantly more defect prone when they are used in a multi-language setting. These include popular languages like C++, Objective-C, and Java. Furthermore, we note that the use of more languages significantly increases bug proneness across all bug categories. The effect is strongest for memory, concurrency, and algorithm bugs.",openalex,llm,0.950,unreviewed,,doi:10.1109/saner.2016.112
discarded,Open Targets Genetics: systematic identification of trait-associated genes using large-scale genetics and functional genomics,Maya Ghoussaini; Edward Mountjoy; Miguel Carmona; Gareth Peat; Ellen M. Schmidt; Andrew Hercules; Luca Fumis; Alfredo Miranda; Denise Carvalho‐Silva; Annalisa Buniello; Tony Burdett; James D. Hayhurst; Jarrod Baker; Javier Ferrer; Asier Gonzalez‐Uriarte; Simon Jupp; Mohd Anisul Karim; Gautier Koscielny; Sandra Machlitt‐Northen; Claudio Malangone; Zoë May Pendlington; Paola Roncaglia; Dániel Süveges; Daniel J. Wright; Olga Vrousgou; Eliseo Papa; Helen E. Parkinson; Jacqueline A. L. MacArthur; John A. Todd; Jeffrey C. Barrett; Jeremy Schwartzentruber; David G. Hulcoop; David Ochoa; Ellen M. McDonagh; Ian Dunham,2020,Nucleic Acids Research,10.1093/nar/gkaa840,https://openalex.org/W3092119378,off-topic-false-hit,"Open Targets Genetics (https://genetics.opentargets.org) is an open-access integrative resource that aggregates human GWAS and functional genomics data including gene expression, protein abundance, chromatin interaction and conformation data from a wide range of cell types and tissues to make robust connections between GWAS-associated loci, variants and likely causal genes. This enables systematic identification and prioritisation of likely causal variants and genes across all published trait-associated loci. In this paper, we describe the public resources we aggregate, the technology and analyses we use, and the functionality that the portal offers. Open Targets Genetics can be searched by variant, gene or study/phenotype. It offers tools that enable users to prioritise causal variants and genes at disease-associated loci and access systematic cross-disease and disease-molecular trait colocalization analysis across 92 cell types and tissues including the eQTL Catalogue. Data visualizations such as Manhattan-like plots, regional plots, credible sets overlap between studies and PheWAS plots enable users to explore GWAS signals in depth. The integrated data is made available through the web portal, for bulk download and via a GraphQL API, and the software is open source. Applications of this integrated data include identification of novel targets for drug discovery and drug repurposing.",openalex,llm,1.000,unreviewed,,doi:10.1093/nar/gkaa840
discarded,Revised 3 report on the algorithmic language scheme,J Rees; William Clinger,1986,ACM SIGPLAN Notices,10.1145/15042.15043,https://openalex.org/W3145454088,adjacent-subtopic,"The report gives a defining description of the programming language Scheme.Scheme is a statically scoped and properly tail-recursive dialect of the Lisp programming language invented by Guy Lewis Steele Jr. and Gerald Jay Sussman.It was designed to have an exceptionally clear and simple semantics and few different ways to form expressions.A wide variety of programming paradigms, including imperative, functional, and message passing styles, find convenient expression in Scheme.The introduction offers a brief history of the language and of the report.The first three chapters present the fundamental ideas of the language and describe the notational conventions used for describing the language and for writing programs in the language.Chapters 4 and 5 describe the syntax and semantics of expressions, programs, and definitions.Chapter 6 describes Scheme's built-in procedures, which include M1 of the language's data manipulation and input/output primitives.Chapter 7 provides a formal syntax for Scheme written in extended BNF, along with a formal denotational semantics.The report concludes with an example of the use of the language and an alphabetic index.",openalex,llm,0.990,unreviewed,,doi:10.1145/15042.15043
discarded,Large-scale 3D printing of ultra-high performance concrete – a new processing route for architects and builders,Clément Gosselin; R. Duballet; Ph. Roux; Nadja Gaudillière; Justin Dirrenberger; Ph. Morel,2016,Materials & Design,10.1016/j.matdes.2016.03.097,https://openalex.org/W2302965792,off-topic-false-hit,,openalex,llm,1.000,unreviewed,,doi:10.1016/j.matdes.2016.03.097
discarded,Discretized streams,Matei Zaharia; Tathagata Das; Haoyuan Li; Timothy Hunter; Scott J. Shenker; Ion Gabriel Stoica,2013,,10.1145/2517349.2522737,https://openalex.org/W1976821017,adjacent-subtopic,"Many ""big data"" applications must act on data in real time. Running these applications at ever-larger scales requires parallel platforms that automatically handle faults and stragglers. Unfortunately, current distributed stream processing models provide fault recovery in an expensive manner, requiring hot replication or long recovery times, and do not handle stragglers. We propose a new processing model, discretized streams (D-Streams), that overcomes these challenges. D-Streams enable a parallel recovery mechanism that improves efficiency over traditional replication and backup schemes, and tolerates stragglers. We show that they support a rich set of operators while attaining high per-node throughput similar to single-node systems, linear scaling to 100 nodes, sub-second latency, and sub-second fault recovery. Finally, D-Streams can easily be composed with batch and interactive query models like MapReduce, enabling rich applications that combine these modes. We implement D-Streams in a system called Spark Streaming.",openalex,llm,0.990,unreviewed,,doi:10.1145/2517349.2522737
discarded,Programming languages for distributed computing systems,Henri E. Bal; Jennifer G. Steiner; Andrew S. Tanenbaum,1989,ACM Computing Surveys,10.1145/72551.72552,https://openalex.org/W1993503482,adjacent-subtopic,"When distributed systems first appeared, they were programmed in traditional sequential languages, usually with the addition of a few library procedures for sending and receiving messages. As distributed applications became more commonplace and more sophisticated, this ad hoc approach became less satisfactory. Researchers all over the world began designing new programming languages specifically for implementing distributed applications. These languages and their history, their underlying principles, their design, and their use are the subject of this paper. We begin by giving our view of what a distributed system is, illustrating with examples to avoid confusion on this important and controversial point. We then describe the three main characteristics that distinguish distributed programming languages from traditional sequential languages, namely, how they deal with parallelism, communication, and partial failures. Finally, we discuss 15 representative distributed languages to give the flavor of each. These examples include languages based on message passing, rendezvous, remote procedure call, objects, and atomic transactions, as well as functional languages, logic languages, and distributed data structure languages. The paper concludes with a comprehensive bibliography listing over 200 papers on nearly 100 distributed programming languages.",openalex,llm,0.980,unreviewed,,doi:10.1145/72551.72552
discarded,The atomic simulation environment—a Python library for working with atoms,Ask Hjorth Larsen; Jens Jørgen Mortensen; Jakob Blomqvist; Ivano E. Castelli; Rune Christensen; Marcin Dułak; Jesper Friis; Michael N. Groves; Bjørk Hammer; Cory Hargus; Eric Hermes; Paul C Jennings; Peter Bjerre Jensen; James R. Kermode; John R. Kitchin; Esben L. Kolsbjerg; Joseph Kubal; Kristen Kaasbjerg; Steen Lysgaard; Jón Bergmann Maronsson; Tristan Maxson; Thomas Olsen; Lars Pastewka; Andrew A. Peterson; C. Rostgaard; Jakob Schiøtz; Ole Schütt; Mikkel Strange; Kristian Sommer Thygesen; Tejs Vegge; Lasse B. Vilhelmsen; Michael Walter; Zhenhua Zeng; Karsten W. Jacobsen,2017,Journal of Physics Condensed Matter,10.1088/1361-648x/aa680e,https://openalex.org/W2601081289,off-topic-false-hit,"The atomic simulation environment (ASE) is a software package written in the Python programming language with the aim of setting up, steering, and analyzing atomistic simulations. In ASE, tasks are fully scripted in Python. The powerful syntax of Python combined with the NumPy array library make it possible to perform very complex simulation tasks. For example, a sequence of calculations may be performed with the use of a simple 'for-loop' construction. Calculations of energy, forces, stresses and other quantities are performed through interfaces to many external electronic structure codes or force fields using a uniform interface. On top of this calculator interface, ASE provides modules for performing many standard simulation tasks such as structure optimization, molecular dynamics, handling of constraints and performing nudged elastic band calculations.",openalex,llm,0.990,unreviewed,,doi:10.1088/1361-648x/aa680e
discarded,Machine Learning and Deep Learning frameworks and libraries for large-scale data mining: a survey,Giang Nguyen; Štefan Dlugolinský; Martin Bobák; Viet Tran; Álvaro López García; Ignacio Heredia; Peter Malík; Ladislav Hluchý,2019,Artificial Intelligence Review,10.1007/s10462-018-09679-z,https://openalex.org/W2910096450,off-topic-false-hit,"The combined impact of new computing resources and techniques with an increasing avalanche of large datasets, is transforming many research areas and may lead to technological breakthroughs that can be used by billions of people. In the recent years, Machine Learning and especially its subfield Deep Learning have seen impressive advances. Techniques developed within these two fields are now able to analyze and learn from huge amounts of real world examples in a disparate formats. While the number of Machine Learning algorithms is extensive and growing, their implementations through frameworks and libraries is also extensive and growing too. The software development in this field is fast paced with a large number of open-source software coming from the academy, industry, start-ups or wider open-source communities. This survey presents a recent time-slide comprehensive overview with comparisons as well as trends in development and usage of cutting-edge Artificial Intelligence software. It also provides an overview of massive parallelism support that is capable of scaling computation effectively and efficiently in the era of Big Data.",openalex,llm,0.980,unreviewed,,doi:10.1007/s10462-018-09679-z
discarded,How to write parallel programs: a guide to the perplexed,Nicholas Carriero; David Hillel Gelernter,1989,ACM Computing Surveys,10.1145/72551.72553,https://openalex.org/W1873788119,adjacent-subtopic,"We present a framework for parallel programming, based on three conceptual classes for understanding parallelism and three programming paradigms for implementing parallel programs. The conceptual classes are result parallelism, which centers on parallel computation of all elements in a data structure; agenda parallelism, which specifies an agenda of tasks for parallel execution; and specialist parallelism, in which specialist agents solve problems cooperatively. The programming paradigms center on live data structures that transform themselves into result data structures; distributed data structures that are accessible to many processes simultaneously; and message passing, in which all data objects are encapsulated within explicitly communicating processes. There is a rough correspondence between the conceptual classes and the programming methods, as we discuss. We begin by outlining the basic conceptual classes and programming paradigms, and by sketching an example solution under each of the three paradigms. The final section develops a simple example in greater detail, presenting and explaining code and discussing its performance on two commercial parallel computers, an 18-node shared-memory multiprocessor, and a 64-node distributed-memory hypercube. The middle section bridges the gap between the abstract and the practical by giving an overview of how the basic paradigms are implemented. We focus on the paradigms, not on machine architecture or programming languages: The programming methods we discuss are useful on many kinds of parallel machine, and each can be expressed in several different parallel programming languages. Our programming discussion and the examples use the parallel language C-Linda for several reasons: The main paradigms are all simple to express in Linda; efficient Linda implementations exist on a wide variety of parallel machines; and a wide variety of parallel programs have been written in Linda.",openalex,llm,0.970,unreviewed,,doi:10.1145/72551.72553
discarded,3D Slicer as an image computing platform for the Quantitative Imaging Network,Andriy Fedorov; Reinhard Beichel; Jayashree Kalpathy–Cramer; Julien Finet; Jean‐Christophe Fillion‐Robin; Sonia Pujol; Christian Alexander Bauer; Dominique L. Jennings; Fiona Fennessy; Milan Sonka; John Michael Buatti; Stephen Aylward; James V. Miller; Steve Pieper; Ron Kikinis,2012,Magnetic Resonance Imaging,10.1016/j.mri.2012.05.001,https://openalex.org/W2026616100,off-topic-false-hit,,openalex,llm,0.980,unreviewed,,doi:10.1016/j.mri.2012.05.001
discarded,"The Python ARM Radar Toolkit (Py-ART), a Library for Working with Weather Radar Data in the Python Programming Language",Jonathan Helmus; Scott Collis,2016,Journal of Open Research Software,10.5334/jors.119,https://openalex.org/W2477555870,off-topic-false-hit,"The Python ARM Radar Toolkit is a package for reading, visualizing, correcting and analysing data from weather radars. Development began to meet the needs of the Atmospheric Radiation Measurement Climate Research Facility and has since expanded to provide a general-purpose framework for working with data from weather radars in the Python programming language. The toolkit is built on top of libraries in the Scientific Python ecosystem including NumPy, SciPy, and matplotlib, and makes use of Cython for interfacing with existing radar libraries written in C and to speed up computationally demanding algorithms. The source code for the toolkit is available on GitHub and is distributed under a BSD license.",openalex,llm,0.990,unreviewed,,doi:10.5334/jors.119
discarded,PHENIX : building new software for automated crystallographic structure determination,Paul D. Adams; Ralf W. Grosse‐Kunstleve; Li‐Wei Hung; Thomas R. Ioerger; Airlie J. McCoy; Nigel W. Moriarty; Randy J. Read; James C. Sacchettini; Nicholas K. Sauter; Thomas C. Terwilliger,2002,Acta Crystallographica Section D Biological Crystallography,10.1107/s0907444902016657,https://openalex.org/W2109184569,off-topic-false-hit,Structural genomics seeks to expand rapidly the number of protein structures in order to extract the maximum amount of information from genomic sequence databases. The advent of several large-scale projects worldwide leads to many new challenges in the field of crystallographic macromolecular structure determination. A novel software package called PHENIX (Python-based Hierarchical ENvironment for Integrated Xtallography) is therefore being developed. This new software will provide the necessary algorithms to proceed from reduced intensity data to a refined molecular model and to facilitate structure solution for both the novice and expert crystallographer.,openalex,llm,0.990,unreviewed,,doi:10.1107/s0907444902016657
discarded,The family of concurrent logic programming languages,Ehud Y. Shapiro,1989,ACM Computing Surveys,10.1145/72551.72555,https://openalex.org/W2053384008,adjacent-subtopic,"Concurrent logic languages are high-level programming languages for parallel and distributed systems that offer a wide range of both known and novel concurrent programming techniques. Being logic programming languages, they preserve many advantages of the abstract logic programming model, including the logical reading of programs and computations, the convenience of representing data structures with logical terms and manipulating them using unification, and the amenability to metaprogramming. Operationally, their model of computation consists of a dynamic set of concurrent processes, communicating by instantiating shared logical variables, synchronizing by waiting for variables to be instantiated, and making nondeterministic choices, possibly based on the availability of values of variables. This paper surveys the family of concurrent logic programming languages within a uniform operational framework. It demonstrates the expressive power of even the simplest language in the family and investigates how varying the basic synchronization and control constructs affect the expressiveness and efficiency of the resulting languages. In addition, the paper reports on techniques for sequential and parallel implementation of languages in this family, mentions their applications to date, and relates these languages to the abstract logic programming model, to the programming language PROLOG, and to other concurrent computational models and programming languages.",openalex,llm,0.980,unreviewed,,doi:10.1145/72551.72555
discarded,The reflexive CHAM and the join-calculus,Cédric Fournet; Georges Gonthier,1996,,10.1145/237721.237805,https://openalex.org/W2050942832,adjacent-subtopic,"By adding reflexion to the chemical machine of Berry and Boudol, we obtain a formal model of concurrency that is consistent with mobility and distribution. Our model provides the foundations of a programming language with functional and object-oriented features. It can also be seen as a process calculus, the join-calculus, which we prove equivalent to the π-calculus of Milner, Parrow and Walker.",openalex,llm,0.980,unreviewed,,doi:10.1145/237721.237805
discarded,Parallel Programming Paradigms and Frameworks in Big Data Era,Ciprian Dobre; Fatos Xhafa,2013,International Journal of Parallel Programming,10.1007/s10766-013-0272-7,https://openalex.org/W2011486541,adjacent-subtopic,,openalex,llm,0.960,unreviewed,,doi:10.1007/s10766-013-0272-7
