status,title,authors,year,venue,doi,url,tags,abstract,provider,decision_source,llm_confidence,llm_review_outcome,llm_change_direction,paper_id
discarded,An empirical study of the evolution of PHP MVC framework,R.F. Olanrewaju,2015,Lecture Notes in Electrical Engineering,10.1007/978-3-319-07674-4_40,https://www.scopus.com/inward/record.uri?partnerID=HzOxMe3b&scp=84915750436&origin=inward,adjacent-subtopic,,scopus,llm,0.940,unreviewed,,doi:10.1007/978-3-319-07674-4_40
discarded,Towards programmability of a NUMA-aware storage engine,D. Habich,2015,Ceur Workshop Proceedings,,https://www.scopus.com/inward/record.uri?partnerID=HzOxMe3b&scp=84944329142&origin=inward,adjacent-subtopic,,scopus,llm,0.970,unreviewed,,hash:c3d49bbb8aee715e
discarded,An object-oriented analysis of complex numerical models,P. Macioł,2014,Key Engineering Materials,10.4028/www.scientific.net/KEM.611-612.1356,https://www.scopus.com/inward/record.uri?partnerID=HzOxMe3b&scp=84902579122&origin=inward,adjacent-subtopic,,scopus,llm,0.820,unreviewed,,doi:10.4028/www.scientific.net/kem.611-612.1356
discarded,Event-based modularization: How emergent behavioral patterns must be modularized?,S. Malakuti,2014,Foal 2014 Proceedings of the 13th Workshop on Foundations of Aspect Oriented Languages Co Located with Modularity 2014 Formerly Aosd,10.1145/2588548.2588549,https://www.scopus.com/inward/record.uri?partnerID=HzOxMe3b&scp=84900001544&origin=inward,adjacent-subtopic,,scopus,llm,0.940,unreviewed,,doi:10.1145/2588548.2588549
discarded,DeltaPath: Precise and scalable calling context encoding,Q. Zeng,2014,Proceedings of the 12th ACM IEEE International Symposium on Code Generation and Optimization Cgo 2014,10.1145/2544137.2544150,https://www.scopus.com/inward/record.uri?partnerID=HzOxMe3b&scp=84900643727&origin=inward,adjacent-subtopic,,scopus,llm,0.980,unreviewed,,doi:10.1145/2544137.2544150
discarded,Applying of component system development in object methodology,M. Mišovič,2013,Acta Universitatis Agriculturae Et Silviculturae Mendelianae Brunensis,10.11118/actaun201361072515,https://www.scopus.com/inward/record.uri?partnerID=HzOxMe3b&scp=84893276591&origin=inward,adjacent-subtopic,,scopus,llm,0.860,unreviewed,,doi:10.11118/actaun201361072515
discarded,Interprocedural data flow analysis in soot using value contexts,R. Padhye,2013,Proceedings of the 2nd ACM SIGPLAN International Workshop on State of the Art in Java Program Analysis Soap 2013,10.1145/2487568.2487569,https://www.scopus.com/inward/record.uri?partnerID=HzOxMe3b&scp=84883009545&origin=inward,adjacent-subtopic,,scopus,llm,0.980,unreviewed,,doi:10.1145/2487568.2487569
discarded,AMSI: An automatic model-driven service identification from business process models,M. Soltani,2012,Ceur Workshop Proceedings,,https://www.scopus.com/inward/record.uri?partnerID=HzOxMe3b&scp=84891953357&origin=inward,adjacent-subtopic,,scopus,llm,0.970,unreviewed,,hash:a911eab9553fab2c
discarded,A metamodel for the compact but lossless exchange of execution traces,A. Hamou-Lhadj,2012,Software and Systems Modeling,10.1007/s10270-010-0180-x,https://www.scopus.com/inward/record.uri?partnerID=HzOxMe3b&scp=84856231579&origin=inward,adjacent-subtopic,,scopus,llm,0.960,unreviewed,,doi:10.1007/s10270-010-0180-x
discarded,Lock inference in the presence of large libraries,K. Gudka,2012,Lecture Notes in Computer Science Including Subseries Lecture Notes in Artificial Intelligence and Lecture Notes in Bioinformatics,10.1007/978-3-642-31057-7_15,https://www.scopus.com/inward/record.uri?partnerID=HzOxMe3b&scp=84874409980&origin=inward,adjacent-subtopic,,scopus,llm,0.980,unreviewed,,doi:10.1007/978-3-642-31057-7_15
discarded,Static detection of loop-invariant data structures,G. Xu,2012,Lecture Notes in Computer Science Including Subseries Lecture Notes in Artificial Intelligence and Lecture Notes in Bioinformatics,10.1007/978-3-642-31057-7_32,https://www.scopus.com/inward/record.uri?partnerID=HzOxMe3b&scp=84879720252&origin=inward,adjacent-subtopic,,scopus,llm,0.980,unreviewed,,doi:10.1007/978-3-642-31057-7_32
discarded,Automated change impact analysis for agent systems,H. Dam,2011,IEEE International Conference on Software Maintenance Icsm,10.1109/ICSM.2011.6080770,https://www.scopus.com/inward/record.uri?partnerID=HzOxMe3b&scp=83455195161&origin=inward,adjacent-subtopic,,scopus,llm,0.950,unreviewed,,doi:10.1109/icsm.2011.6080770
discarded,Object oriented software clustering based on community structure,U. Erdemir,2011,Proceedings Asia Pacific Software Engineering Conference APSEC,10.1109/APSEC.2011.33,https://www.scopus.com/inward/record.uri?partnerID=HzOxMe3b&scp=84856617066&origin=inward,adjacent-subtopic,,scopus,llm,0.960,unreviewed,,doi:10.1109/apsec.2011.33
discarded,Development and application of the generic Plant growth Modeling Framework (PMF),S. Multsch,2011,Modsim 2011 19th International Congress on Modelling and Simulation Sustaining Our Future Understanding and Living with Uncertainty,,https://www.scopus.com/inward/record.uri?partnerID=HzOxMe3b&scp=84858826033&origin=inward,off-topic-false-hit,,scopus,llm,0.840,unreviewed,,hash:975060d7723b60e8
discarded,Inherited SAP development concepts using genuine IT programming tools,I. Orosz,2011,12th IEEE International Symposium on Computational Intelligence and Informatics Cinti 2011 Proceedings,10.1109/CINTI.2011.6108569,https://www.scopus.com/inward/record.uri?partnerID=HzOxMe3b&scp=84855926236&origin=inward,adjacent-subtopic,,scopus,llm,0.750,unreviewed,,doi:10.1109/cinti.2011.6108569
discarded,A process for combining object oriented and structured analysis and design,D.M. Rickman,2001,20th DASC. 20th Digital Avionics Systems Conference (Cat. No.01CH37219),10.1109/DASC.2001.963382,https://ieeexplore.ieee.org/document/963382/,qualifies-claim; adjacent-subtopic,"While Object Oriented (OO) methodologies have some advantages over structured methods, OO is not as mature as structured analysis and design and does not contain all of the tools/ techniques needed to support a large system design. By using both OO models and Structured models (e.g., data flow diagrams, control flow diagrams, state transition tables) during systems analysis, a more complete understanding of the system requirements can be developed. During the design process, the software architecture components can be designed and built either as OO modules or structured modules depending upon the requirements of the module. Since both views of the system (OO and structured) have been built during the analysis phase there is no ""translation/conversion"" from one methodology to the other. By combining models and approaches from both OO and structured methods in one process we can take advantage of the strengths of both methodologies.",ieee,llm_reviewed,0.820,changed,kept->discarded,doi:10.1109/dasc.2001.963382
kept,A comparison of the comprehension of object-oriented and procedural programs by novice programmers,Susan Wiedenbeck; Vennila Ramalingam; Suseela Sarasamma; Cynthia L. Corritore,1999,Interacting with Computers,10.1016/S0953-5438(98)00029-0,https://ieeexplore.ieee.org/document/8160317/,qualifies-claim; mot,"This paper reports on two experiments comparing mental representations and program comprehension by novices in the object-oriented and procedural styles. The subjects were novice programmers enrolled in a second course in programming which taught either the object-oriented or the procedural paradigm. The first experiment compared the mental representations and comprehension of short programs written in the procedural and object-oriented styles. The second experiment extended the study to a larger program incorporating more advanced language features. For the short programs there was no significant difference between the two groups with respect to the total number of questions answered correctly, but the object-oriented subjects were superior to the procedural subjects at answering questions about program function. This suggests that function information was more readily available in their mental representations of the programs and supports an argument that the object-oriented notation highlights function at the level of the individual class. For the long program a corresponding effect was not found. The comprehension of procedural subjects was superior to object-oriented subjects on all types of question. The difficulties experienced by the object-oriented subjects in answering questions in a larger program suggest that they faced problems in marshaling information and drawing inferences from it. We suggest that this result may be related to a longer learning curve for novices of the object-oriented style, as well as to features of the OO style and the particular OO language notation.",ieee,llm_reviewed,0.990,confirmed,,doi:10.1016/s0953-5438(98)00029-0
discarded,Quality driven software migration of procedural code to object-oriented design,Y. Zou,2005,21st IEEE International Conference on Software Maintenance (ICSM'05),10.1109/ICSM.2005.71,https://ieeexplore.ieee.org/document/1510179/,adjacent-subtopic,"In the context of software maintenance, legacy software systems are continuously re-engineered in order to correct errors, provide new functionality, or port them into modern platforms. However, software re-engineering activities should not occur in a vacuum, and it is important to incorporate non-functional requirements as part of the re-engineering process. We present an incremental reengineering framework that allows for quality requirements to be modeled as soft-goals, and transformations to be applied selectively towards achieving specific quality requirements for the target system. To deal with large software systems, we decompose the system into a collection of smaller clusters. The reengineering framework can be applied incrementally to each of these clusters and results are assembled to produce the final system.",ieee,llm,0.890,unreviewed,,doi:10.1109/icsm.2005.71
discarded,An interactive PC-based real-time simulator using an object-oriented approach,S. Alles; C. Swick; S. Mahmud; F. Lin,1993,1993 IEEE Instrumentation and Measurement Technology Conference,10.1109/IMTC.1993.382541,https://ieeexplore.ieee.org/document/382541/,adjacent-subtopic,"An interactive real-time vehicle simulator has been developed on an IBM PS/2 486 PC. The authors describe an object-oriented approach used to logically model the physical system of an automobile. They concentrate on the software issues in a real-time design. This design is specific to a vehicle simulator used for traction control. The software structure reflects the structure of the application problem, since everything can be represented as objects and messages. It promotes a smooth transition from system analysis all the way to the actual code. The inherent parallelism in the software system can be modeled naturally. The data abstraction and encapsulation reduces the interdependencies between the software components and consequently facilitates modification. The inheritance mechanism also allows reuse of the code enhancing maintainability. The application domain and the object model are described in detail.<>",ieee,llm,0.870,unreviewed,,doi:10.1109/imtc.1993.382541
discarded,Application of CASE tools and object oriented programming to the software development process,F. Kaplan,1989,"IEEE International Conference on Communications, World Prosperity Through Communications,",10.1109/ICC.1989.49895,https://ieeexplore.ieee.org/document/49895/,adjacent-subtopic,"Two technologies which hold excellent promise for improving software quality and productivity are discussed: computer-aided software engineering (CASE) tools and object-oriented programming (OOP). It is demonstrated that CASE tools improve the quality of the design phase by mechanizing structured design methodologies. Even with a team of designers the tool insures that the logical data flows are consistent and complete. OOP, on the other hand, demonstrates the long-term productivity potential that is achieved with greater reusability, modularity, and extensibility. An additional level of productivity might be achieved by carrying the output of the CASE tool into an OOP program design.<>",ieee,llm_reviewed,0.860,confirmed,,doi:10.1109/icc.1989.49895
discarded,Experiences with teaching object-oriented concepts to introductory programming students using C++,J. Sheard; D. Hagan,1997,Proceedings. Technology of Object-Oriented Languages. TOOLS 24 (Cat. No.97TB100240),10.1109/TOOLS.1997.713558,https://ieeexplore.ieee.org/document/713558/,adjacent-subtopic,"With the growth in popularity of the object-oriented paradigm, the Department of Software Development at Monash University decided to teach object-oriented programming to the introductory programming students. The first year programming subjects were completely restructured and rewritten. It was decided to introduce the object-oriented paradigm after the students have had one semester of procedural programming experience in C++. Teaching object oriented principles in C++ has presented many challenges. The students find the complicated language syntax difficult. They also show a reluctance to move from the procedural to the object-oriented paradigm. However, with support and advice from education experts we have successfully addressed these problems. Different teaching approaches and techniques have been used. Small discussion classes were introduced to provide a forum for the consolidation of ideas presented in lectures, away from the distraction of computers. Extra support was given to the students in the form of a special World Wide Web page and a help desk. A concurrent research project has enabled close monitoring of the effectiveness of our teaching programme. In spite of the difficulties we have faced, the student results for 1995 and 1996 show an improvement in student performance over previous years.",ieee,llm,0.930,unreviewed,,doi:10.1109/tools.1997.713558
discarded,An Approach to Aspect-Oriented Software Evolution Process Architecture,Zhitao Fu; Tong Li; Yan Hu,2009,2009 Second International Conference on Intelligent Computation Technology and Automation,10.1109/ICICTA.2009.43,https://ieeexplore.ieee.org/document/5287689/,adjacent-subtopic,"The traditional procedural or OO methodology now cannot meet the expanding software scales and the software evolution processes very well. A new methodology named AOP (Aspect Oriented Programming) makes up their shortages in dealing with cross-cutting concerns. Software process architecture is a high level abstraction of software processes. In order to improve the efficiency of software evolution processes, AOP methodology is brought in. In this paper, AOSEPA (Aspect Oriented Software Evolution Process Architecture) is presented. The basic elements of AOSEPA are defined. Also, the Meta model of AOSEPA is provided. A special language named AOSEPADL (AOSEPA Description Language) is described to support to formalize the architecture of aspect-oriented software evolution process.",ieee,llm,0.950,unreviewed,,doi:10.1109/icicta.2009.43
discarded,Incremental quality driven software migration to object oriented systems,Ying Zou,2004,"20th IEEE International Conference on Software Maintenance, 2004. Proceedings.",10.1109/ICSM.2004.1357798,https://ieeexplore.ieee.org/document/1357798/,adjacent-subtopic,"In the context of software maintenance, legacy software systems are continuously re-engineered in order to correct errors, provide new functionality, or port them into modern platforms. However, software re-engineering activities should not occur in a vacuum, and it is important to incorporate non-functional requirements as part of the re-engineering process. This work presents an incremental reengineering framework that allows for quality requirements to be modeled as soft-goals, and transformations to be applied selectively towards achieving specific quality requirements for the target system. Moreover, to deal with large software systems, a system can be decomposed into a collection of smaller clusters. The reengineering framework can be applied incrementally to each of these clusters and results are assembled to produce the final system. Using the theory presented We developed a reengineering toolkit to automatically migrate procedural systems to object oriented platforms. We used the toolkit to migrate a number of open source systems including Apache, Bash and Clips. The obtained results demonstrate the effectiveness, usefulness, and scalability of our proposed incremental quality driven migration framework.",ieee,llm,0.890,unreviewed,,doi:10.1109/icsm.2004.1357798
discarded,Development of manufacturing automation systems through object oriented concepts and international standards,E. Carpanzano; A. Cataldo; A. Lacasella,2004,"2nd IEEE International Conference on Industrial Informatics, 2004. INDIN '04. 2004",10.1109/INDIN.2004.1417417,https://ieeexplore.ieee.org/document/1417417/,adjacent-subtopic,"Interoperable, portable and scalable automation systems would be a key element for next generation manufacturing systems. Therefore, innovative development methodologies, standards and tools for the structured design of complex automation systems are mandatory. In the present work a development methodology is introduced, which is based on emerging international standards and exploits object-oriented concepts. By means of the proposed framework the definition of complex control and supervision systems is simplified, and the maintenance and reuse of designed solutions is enhanced. In particular, the agility, interoperability, portability and scalability of the developed automation systems are significantly improved. An application example is also addressed throughout the paper to highlight the benefits of the proposed framework. In particular, the development of automation functionalities for a highly innovative shoe manufacturing plant is discussed",ieee,llm,0.850,unreviewed,,doi:10.1109/indin.2004.1417417
discarded,Redesigning legacy systems into the object-oriented paradigm,W.E. Wong; J.J. Li,2003,"Sixth IEEE International Symposium on Object-Oriented Real-Time Distributed Computing, 2003.",10.1109/ISORC.2003.1199257,https://ieeexplore.ieee.org/document/1199257/,adjacent-subtopic,"Object-oriented/sup 1/ languages support many modern programming paradigms such as information hiding, inheritance, polymorphism, and dynamic binding. As a result, software systems implemented in OO languages are more reusable and reliable than those in non-OO. Many legacy software systems were created before OO programming became popular and needed to be redesigned and updated to OO programs. The process of abstracting OO designs from the procedural source code was often done manually or with limited assistance from program structural diagrams. Most reengineering focuses on the functionality of the original program, and the OO redesign often results in a completely new design based on the designers' understanding of the original program. Such an approach is not sufficient, for it not only takes time and effort for designers to become familiar with the original program, but the approach itself is also mistake-prone due to the human involvement. This paper presents a computer-aided semi-automatic method that abstracts OO designs from the original procedural source code. More specifically, it is a method for OO redesign based on program structural diagrams, visualization, and execution slice. We conducted a case study by applying this method to an inventory management software system. Results indicate that our method can effectively and efficiently abstract an appropriate OO design out of the original C code as well as re-generate part of the system in C++ code based on this new OO design.",ieee,llm,0.890,unreviewed,,doi:10.1109/isorc.2003.1199257
discarded,Migration from Procedural Programming to Aspect Oriented Paradigm,Dipankar Majumdar,2009,2009 IEEE/ACM International Conference on Automated Software Engineering,10.1109/ASE.2009.41,https://ieeexplore.ieee.org/document/5431701/,adjacent-subtopic,"Separation of Concerns' has long been a key issue in the field of Software Engineering. While developing a large complex and scalable Software, it can be observed that certain concerns have a tendency to get interleaved with the Core-Functionalities in such a way that they become inseparable. As a result of which the coder, who is supposed to be responsible only with the Core-Functionalities, is bound to take extra burden or botheration regarding the proper and accurate handling of these scattered and crosscutting concerns called Aspects. In our work we propose to devise a complete process of migrating a procedural form source-code to an aspect oriented program. We propose to devise a methodology to separate the scattered concerns from source-code through Code-Mining cascaded with a Traceability-Framework also to be framed by us. Thereafter we propose to devise a Design-Level Aspect Oriented Model for refactoring these separated code fragments in the Aspect Oriented Paradigm. Lastly, we propose to verify and validate the complete migration process.",ieee,llm,0.960,unreviewed,,doi:10.1109/ase.2009.41
