status,title,authors,year,venue,doi,url,tags,abstract,provider,decision_source,llm_confidence,llm_review_outcome,llm_change_direction,paper_id
discarded,Object-oriented metrics that predict maintainability,Wei Li; Sallie Marie Henry,1993,Journal of Systems and Software,10.1016/0164-1212(93)90077-b,https://openalex.org/W2081917329,adjacent-subtopic,,openalex,llm,0.920,unreviewed,,doi:10.1016/0164-1212(93)90077-b
discarded,Maintenance metrics for the object oriented paradigm,W. Li; Sallie Marie Henry,2002,,10.1109/metric.1993.263801,https://openalex.org/W2159369248,adjacent-subtopic,"Software metrics have been studied in the procedural paradigm as a quantitative means of assessing the software development process as well as the quality of software products. Several studies have validated that various metrics are useful indicators of maintenance effort in the procedural paradigm. However, software metrics have rarely been studied in the object oriented paradigm. Very few metrics have been proposed to measure object oriented systems, and the proposed ones have not been validated. This research concentrates on several object oriented software metrics and the validation of these metrics with maintenance effort in two commercial systems.>",openalex,llm,0.950,unreviewed,,doi:10.1109/metric.1993.263801
discarded,Object-Oriented Metrics Which Predict Maintainability,Wei Li; Sallie Marie Henry,1993,Computer Science Technical Reports (Virginia Tech),,https://openalex.org/W1483909793,adjacent-subtopic,"Software metrics have been studied in the procedural paradigm as a quantitative means of assessing the software development process as well as the quality of software products. Several studies have validated that various metrics are useful indicators of maintenance effort in the procedural paradigm. However, software metrics have rarely been studied in the object oriented paradigm. Very few metrics have been proposed to measure object oriented systems, and the proposed ones have not been validated. This research concentrates on several object oriented software metrics and the validation of these metrics with maintenance effort in two commercial systems. Statistical analyses of a prediction model incorporating ten metrics are performed. In addition, a more compact model with fewer metrics was sought, analyses performed, and also presented.",openalex,llm,0.960,unreviewed,,hash:a7f571a74c93b5fa
discarded,Aspect Oriented Software Testing,"Bajaj, Anu; Sangwan, Om Prakash",2017,"PROCEEDINGS OF THE 7TH INTERNATIONAL CONFERENCE ON CLOUD COMPUTING, DATA SCIENCE AND ENGINEERING (CONFLUENCE 2017)",,https://www.webofscience.com/wos/woscc/full-record/WOS:000408970200148,adjacent-subtopic,"Aspect oriented software engineering has become a promising domain to address the challenges faced by the procedural and object oriented software development. It has solved the problem of separation of concerns by modularizing the crosscutting concerns that helps in reducing the maintenance cost. AOSE has introduced new features which in turn produces new kind of errors. As the main goal of software development is to produce the best quality product and the quality of software is widely depends on how testing is performed. Hence, testing remains an inescapable task in aspect oriented software development. In this paper an outline of aspect-oriented software engineering, along with the research work done by various authors on testing methods used in the area of aspect-oriented paradigm is presented. It is found that unit testing, integration testing and mutation testing are widely used techniques in aspect oriented software testing. It is also predicted from the approaches that graph based coverage is widely used as compared with other approaches.",wos,llm,0.970,unreviewed,,hash:c2fba4f0c50522b8
discarded,ALCHA: New Object Oriented Approach to FPGA Project Development,"Taylort, John-Philip; Winbergi, Simon",2016,PROCEEDINGS 2016 IEEE INTERNATIONAL CONFERENCE ON INDUSTRIAL TECHNOLOGY (ICIT),,https://www.webofscience.com/wos/woscc/full-record/WOS:000386327700110,adjacent-subtopic,"This paper presents on the objectives and strategies to develop ALCHA: a new object-oriented FPGA programming model and language. ALCHA is aimed at unifying the various aspects of FPGA firmware design (RTL design, finite state machines, timing and design constraints, as well as scripting) into a single language.

The ALCHA language is designed to minimise boiler-plate code and use concise syntax in order to improve readability and maintainability. The development of finite state machines is facilitated by means of a procedural programming model. Algorithmic descriptions of circuits, memory initialisers and parameters are supported by means of scripting. ALCHA is expected to offer valuable benefits in reducing development time of projects.",wos,llm,0.950,unreviewed,,hash:41c5b616f71fc681
discarded,SIMULATED OPERATION OF THE COMPUTER NETWORK,"Ostroukh, Andrey Vladimirovich; Mezencev, Konstantin Nikolaevich; Krasnyanskiy, Mikhail Nikolaevich; Punam, Jha; Surkova, Nataliya Evgenievna",2015,"INFORMATICS, GEOINFORMATICS AND REMOTE SENSING, VOL I (SGEM 2015)",,https://www.webofscience.com/wos/woscc/full-record/WOS:000371599500037,off-topic-false-hit,"A computer network can be considered as a system of mass service, in which as applications are moved information frames. Receiving the information frame, working station may use the received data for transfer to the end user. The resulting information frame is the same portion of data or signal, which is necessary for the organization distributed computing.

The article describes the methods of simulation processes for transfer data in computer networks, methods of traffic analysis computer network and the procedure of selection of the optimal configuration topology computer network for the distributed computing.

Considered modeling techniques can be used when building a computer network models using specialized software, or they can be implemented as a program, written in procedural or object-oriented programming language.",wos,llm,0.990,unreviewed,,hash:b7965ffc50b81d0b
discarded,Designing executable business processes as a programming paradigm,"Mikheev, Andrey G.; Pyatetskiy, Valeriy E.",2016,BIZNES INFORMATIKA-BUSINESS INFORMATICS,10.17323/1998-0663.2016.1.45.56,https://www.webofscience.com/wos/woscc/full-record/WOS:000406495700005,adjacent-subtopic,"This article discusses techniques used to design business processes that are directly executable on the computer system of an enterprise (executable business processes). It also describes the experience of teaching the elements of this technology. This experience was accumulated within two years of teaching process disciplines to bachelors and masters in National University of Science and Technology MISiS and Moscow State University of Economics, Statistics and Informatics (MESI).

One of the reasons to choose the process way of enterprise automation is reducing the cost of automation. In traditional automation, at first the business analyst describes the functionality of the designed system in the form of text, then the programmer translates it into code. The use of executable business processes would make it possible to avoid duplication of work in many ways. In this case the business analyst with the customer uses visual graphic software to develop the business processes of automated functionality which will then be executed directly in the computer environment. Schemes of executable business processes are the human-readable graphical description of the corresponding functionality and it's not necessary to translate them into code. Therefore, the cost of analytical work in this case is the same while the cost of programming is significantly lower. If the business environment changes, the business analyst can quickly change the schemes of business processes accordingly without involving the programmer. In addition, in many cases, the business analyst can independently (without programmer) develop new business processes. Therefore, the cost of development, maintenance and support of such IT-solutions is significantly lower than the cost of traditional solutions, while the speed of development, implementation and subsequent changes is significantly higher.

These advantages (faster, cheaper, easier to maintain and support) are the same advantages the paradigm of object-oriented programming has over the procedural programming paradigm. By analogy, we can call the development of software solutions based on executable business processes a new programming paradigm with respect to the traditional approach.

Process automation based on executable business processes requires process thinking from business analysts that differs from the thinking of IT specialists in the traditional enterprise automation. In addition to knowledge of business process notations, business analysts should be able to implement the typical situations in enterprise business in the form of executable business processes. This article presents the methodology that was used to teach students the process thinking.",wos,llm,0.910,unreviewed,,doi:10.17323/1998-0663.2016.1.45.56
discarded,An Evaluative Study of Software Refactoring in Procedural Programming,"Khanam, Zeba; Rizvi, S. A. M.",2013,"WORLD CONGRESS ON ENGINEERING AND COMPUTER SCIENCE, WCECS 2013, VOL I",,https://www.webofscience.com/wos/woscc/full-record/WOS:000335870200020,adjacent-subtopic,"Too many organizations suffer from superfluous, disproportionate, difficult-to-extend software because of the lack in maintenance effort and ignoring the fact that continuous refactoring provides a competitive advantage. Several refactoring have been proposed for object-oriented languages, but there are few related works focusing on procedural programming. In this paper, an assessment is provided of selected literatures which relate to refactoring of procedural languages, and it also contributes to highlighting new concepts and requirements for developing new refactoring techniques for C that may eventually benefit other procedural languages also. We have studied the refactorings performed on 3 procedural languages that are Fortran, Cobol and C to analyze the pattern of refactorings followed in these languages and assess their cumulative effect in different applications. We offer a few refactoring capabilities that may improve the existing refactorings for these languages by our contribution to refactoring that characterizes of a new aspect oriented programming style.",wos,llm,0.940,unreviewed,,hash:feddc06c12e7072d
discarded,Web Application Fact Extractor (WAFE),"Zahoor, Imran; Maqbool, Onaiza; Naseem, Rashid",2013,2013 EIGHTH INTERNATIONAL CONFERENCE ON DIGITAL INFORMATION MANAGEMENT (ICDIM),,https://www.webofscience.com/wos/woscc/full-record/WOS:000330770800070,adjacent-subtopic,"Web Applications (WAs) are complex systems and it is difficult to understand their architecture without proper documentation. Due to high pressure of meeting deadlines and short time to market, WAs are liable to be poorly structured and are rarely well documented. Even if documentation is present, it often does not comply with code because code is updated without updating documentation. This leads to problems during maintenance. To improve understanding of a system, attempts can be made to recover architecture from the source code by analyzing the relations and dependencies between a system's components. Architecture of WAs revolves around its web pages (WPs). In this paper, we present a tool for extracting relations between WPs within WAs. WAFE is capable of extracting a large number of relations, and uses combination of procedural language analysis and object oriented language analysis along with WP identifiers (name terms). Another important feature of WAFE tool is its language independence i.e. one can make it functional for any server side language by writing a few regular expressions.",wos,llm,0.960,unreviewed,,hash:f94cb436eed7883d
discarded,METHODS AND APPROACHES FOR REVERSE ENGINEERING,"Chlumecky, Martin",2012,SOFTWARE DEVELOPMENT 2012,,https://www.webofscience.com/wos/woscc/full-record/WOS:000398981600005,adjacent-subtopic,"Legacy Systems refer to outdated computer systems or application software which is still used in many corporations and institutions. Legacy systems persist because of the expense and sometimes it is only way to use their knowhow. Maintenance of these systems is a very challenging part. System documentation is often out-of-date or missing. This paper aims to procedure and methods for reversing of the legacy systems. It is described how to transform legacy procedural systems into an object-oriented architecture. Some described methods were applied to a real instance of a legacy system. Finally, it is summarized an observation during the process of reversing and there is evaluated a chance to make process more efficient.",wos,llm,0.840,unreviewed,,hash:9fbf57c001e2e1eb
discarded,Regression Test Selection Techniques: A Survey,"Biswas, Swarnendu; Mall, Rajib; Satpathy, Manoranjan; Sukumaran, Srihari",2011,INFORMATICA-JOURNAL OF COMPUTING AND INFORMATICS,,https://www.webofscience.com/wos/woscc/full-record/WOS:000213231900001,adjacent-subtopic,"Regression testing is an important and expensive activity that is undertaken every time a program is modified to ensure that the modifications do not introduce new bugs into previously validated code. An important research problem, in this context, is the selection of a relevant subset of test cases from the initial test suite that would minimize both the regression testing time and effort without sacrificing the thoroughness of regression testing. Researchers have proposed a number of regression test selection techniques for different programming paradigms such as procedural, object-oriented, component-based, database, aspect, and web applications. In this paper, we review the important regression test selection techniques proposed for various categories of programs and identify the emerging trends.",wos,llm,0.980,unreviewed,,hash:162c1764409d1c38
discarded,UML-based regression testing for OO software,"Mansour, Nashat; Takkoush, Husam; Nehme, Ali",2011,JOURNAL OF SOFTWARE MAINTENANCE AND EVOLUTION-RESEARCH AND PRACTICE,10.1002/smr.508,https://www.webofscience.com/wos/woscc/full-record/WOS:000287344100005,adjacent-subtopic,"In software maintenance, a system has to be regression tested after modifying it. The goal of regression testing is to ensure that modifications have not adversely affected the system. Regression test selection determines a subset of test cases, from the initial test suite, which concentrates on the parts of the system affected by the modification. Previous techniques have been mainly code-based and several of them have addressed procedural programs. When working with large and complex object-oriented systems, source code-based regression testing is usually costly. This paper proposes a programming-language-independent technique for regression test selection for object-oriented software based on Unified Modeling Language (UML 2.0) design diagrams. These diagrams are: the newly introduced interaction overview diagram, class diagrams, and sequence diagrams. We assume a test suite that contains both unit and system test cases. Based on the software changes reflected in the class and the interaction overview diagrams, our proposed technique selects test cases in phases. In the first phase, we select both unit and system test cases that directly traverse the changed methods and their calling methods. For the second phase, we present algorithms for detecting system level changes in the interaction overview diagram. If the change is at the action level, which is represented by a sequence diagram, only the test cases that execute changed methods will be selected. We apply our proposed technique to a few object-oriented subject applications and evaluate its precision and inclusiveness in addition to the number of selected tests; the results demonstrate the advantages of the technique. Copyright (c) 2010 John Wiley & Sons, Ltd.",wos,llm,0.980,unreviewed,,doi:10.1002/smr.508
discarded,Software similarity-based functional cohesion metric,"Al Dallal, J.",2009,IET SOFTWARE,10.1049/iet-sen:20080054,https://www.webofscience.com/wos/woscc/full-record/WOS:000263914900005,adjacent-subtopic,"Cohesion is an important factor used in evaluating software design quality and modularity. The cohesion of a module refers to the relatedness of the module components. In software engineering, highly cohesive modules are highly desirable because of their high reusability and maintainability. Cohesion is classified according to levels. Functional cohesion, the strongest level, refers to how closely the module parts that contribute to different outputs are related. Here, a similarity-based functional cohesion (SBFC) metric is introduced to measure the functional cohesion of a module in a procedural or object-oriented program. The metric uses the degree of similarity between the data slices of the module as a basis to measure functional cohesion. The appropriateness of the metric is evaluated both theoretically and empirically. The evaluation results show that the metric does as well as some earlier metrics in indicating the level of cohesiveness and it does better than some in terms of providing different values for the modules of different cohesion. In addition, the SBFC metric is used as an indicator for restructuring the weakly cohesive modules.",wos,llm,0.930,unreviewed,,doi:10.1049/iet-sen:20080054
discarded,Coupling metrics for predicting maintainability in service-oriented designs,"Perepletchikov, Mikhail; Ryan, Caspar; Frampton, Keith; Tari, Zahir",2007,"2007 AUSTRALIAN SOFTWARE ENGINEERING CONFERENCE, PROCEEDINGS",,https://www.webofscience.com/wos/woscc/full-record/WOS:000246443000032,adjacent-subtopic,"Service-Oriented Computing (SOC) is emerging as a promising paradigm for developing distributed enterprise applications. Although some initial concepts of SOC have been investigated in the research literature, and related technologies are in the process of adoption by an increasing number of enterprises, the ability to measure the structural attributes of service-oriented designs thus predicting the quality of the final software product does not currently exist. Therefore, this paper proposes a set of metrics for quantifying the structural coupling of design artefacts in service-oriented systems. The metrics, which are validated against previously established properties of coupling, are intended to predict the quality characteristic of maintainability of service-oriented software. This is expected to benefit both research and industrial communities as existing object-oriented and procedural metrics are not readily applicable to the implementation of service-oriented systems.",wos,llm,0.970,unreviewed,,hash:3959e3254dd5b21c
discarded,Cohesion analysis in Linux kernel,"Vinay Kumar, Reddy K.; Janakiram, D.",2006,"ASPEC 2006: 13TH ASIA-PACIFIC SOFTWARE ENGINEERING CONFERENCE, PROCEEDINGS",,https://www.webofscience.com/wos/woscc/full-record/WOS:000245509400055,supports-claim; adjacent-subtopic,"It is widely accepted that strong coupling such as common coupling should be used with caution among modules. Linux kernel is analyzed in terms of these common coupling instances and the results show the presence of excessive common coupling among modules. It is mentioned that unless the kernel is restructured with a bare minimum of common coupling, it would be exceedingly difficult to maintain kernel in the near future. We attribute this problem to the lack of data abstractions in the kernel. To support our argument, we have analyzed the cohesion in the Linux kernel both at the module level (file level) and function level. Although the cohesion at the function level is high, low cohesion prevails at the module level indicating the lack of focus on data abstractions at the module level. We believe that this is an inherent drawback in procedural paradigm where functionality is considered first rather than data. Hence, we suggest to migrate the kernel to object-oriented paradigm to minimize coupling among modules and increase cohesion within the modules. As performance is one of the prime concerns for an OS kernel, object oriented features can be introduced in the kernel in an incremental fashion using the technique of object-oriented wrappers.",wos,llm_reviewed,0.760,changed,kept->discarded,hash:f5040fda64d2c335
