status,title,authors,year,venue,doi,url,tags,abstract,provider,decision_source,llm_confidence,llm_review_outcome,llm_change_direction,paper_id
discarded,From object-oriented programming to ontology-driven modeling -: Some considerations on the MDA organization,"Bézivin, J",2002,ENTERPRISE INFORMATION SYSTEMS III,,https://www.webofscience.com/wos/woscc/full-record/WOS:000176288100002,qualifies-claim; adjacent-subtopic,"This paper discusses the recent paradigm shift - from objects to models - that is currently spreading in the software development area, The transition will be illustrated by the move of the Object Management Group from its previous Object Management Architecture (OMA) to the newest Model-Driven Architecture (MDA). We review some achievements of object technology but also discuss some promises that have not been fully realized. We suggest instead that these challenges may be met in the future by advances in the field of model engineering. This will not happen instantaneously and a long period of maturing is still necessary before we can automatically generate code from models for a variety of execution platforms. What we need is a clear understanding and a regular organization of large libraries of models and meta-models that will help capturing the various specific aspects of software systems. Starting from there, a number of operations, based on widely available tools, will progressively become available and change the nature of the software engineer work: model transformation, rnerging, specialization, verification, browsing, reutilization, code generation, reverse engineering, etc. These new possibilities may greatly improve the global productivity of the software production and maintenance chain. Alternatively they may also be easily misused and occasionally become counter-productive.",wos,llm_reviewed,0.720,changed,kept->discarded,hash:9ead99dbcf17d181
discarded,A systematic method of reusing objects extracted from legacy systems,"Guo, J",2002,"NINTH ANNUAL IEEE INTERNATIONAL CONFERENCE AND WORKSHOP ON THE ENGINEERING OF COMPUTER-BASED SYSTEMS, PROCEEDINGS",,https://www.webofscience.com/wos/woscc/full-record/WOS:000175881300021,adjacent-subtopic,"Billions of dollars are spent each year on computer software. Much of this effort is spent on creating and testing new source code. In order to save money, increase productivity, and improve reliability, academic and industrial institutions have put forth a lot of effort on software reuse. Identifying, extracting and reengineering software components that implement abstractions within existing systems is a promising cost-effective way to create reusable assets and re-engineer legacy systems. This paper summarizes our experiences with using computer-supported methods to develop a software architecture to support the re-engineering of the Janus Combat Simulation System. In this effort, we have developed an object-oriented architecture for the Janus and validated the architecture with an executable prototype. In this paper, we propose methods to facilitate the reuse of the software component of these systems by recovering the behavior of the systems using systematic methods, and illustrate their use in the context of the Janus System.",wos,llm,0.930,unreviewed,,hash:277717321d1b6446
discarded,Total quality measurement: Issues and methods for measuring productivity for information systems,"McCarthy, R",1999,"SYSTEMS DEVELOPMENT METHODS FOR DATABASES, ENTERPRISE MODELING, AND WORKFLOW MANAGEMENT",,https://www.webofscience.com/wos/woscc/full-record/WOS:000089789400035,adjacent-subtopic,"Information Technology (I.T.) comprises an increasingly significant amount of an organizations budget each year. However, very few organizations measure how productive their programming staff is. A brief survey of seven claim information systems organizations within the property casualty insurance field uncovered only one organization that applied formal measurement techniques to their software application development. The Travelers Property Casualty Corporation Claim Information Systems unit developed a technique they refer to as complexity point calculation to measure the size (complexity) and quality (as determined by defect ratio) of each of their software versions. Complexity points are calculated by software version, providing an individual measurement scorecard of the quality of each software version. Complexity points are a streamlined version of Function Point Analysis, which was first developed by A.J. Albrecht of IBM's Data Processing Services Division and made public in 1979. This paper will examine both function point analysis and complexity point calculation, contrasting the difference between the two techniques. In addition, the importance of software quality metrics will also be discussed.

Complexity point calculation provides a simple, quick and effective means to calculate the quality and complexity of a software version. The technique was first developed to measure changes made to the Travelers Property Casualty Claim System. The system being measured consisted of over 12,000 programs, modules, screens, copybooks, jcl procedures and tables that comprised over 1.2 million lines of source code. Most of the program code is written in the COBOL and C programming languages. The system is comprised of an object-oriented workstation that is interfaced with a mainframe operational transaction system.",wos,llm,0.970,unreviewed,,hash:f31363a33646f650
discarded,Software reuse using C++ classes - The question of inheritance,"Lattanzi, M; Henry, S",1998,JOURNAL OF SYSTEMS AND SOFTWARE,,https://www.webofscience.com/wos/woscc/full-record/WOS:000074287200006,adjacent-subtopic,"The purpose of this research is to explore the productivity benefits gained by software reuse in the object-oriented paradigm. There are two types of object-oriented software reuse: black box reuse (class reuse without modification) and white box reuse (class reuse by deriving a new class from and existing one (inheritance)). Each type is examined for its effect on programmer productivity using two related experiments. The results of these experiments show that black box reuse increases programmer productivity, but the benefits of white box reuse are less clear. In order to derive new classes effectively, the parent (library) class must be understood. This research suggests that black box reuse in the object-oriented paradigm should be encouraged in all programmers, but white box reuse should be performed by a library specialist (manager) to remove the overhead of understanding the library's implementation in order to reuse it effectively. (C) 1998 Elsevier Science Inc. All rights reserved.",wos,llm,0.880,unreviewed,,hash:a96b5d7e220f9de8
discarded,Object-oriented implementation of the metabolic pool model,"Holst, N; Axelsen, JA; Olesen, JE; Ruggle, P",1997,ECOLOGICAL MODELLING,,https://www.webofscience.com/wos/woscc/full-record/WOS:000071740800005,adjacent-subtopic,"Simulation models must be clear in their concepts and design to be useful tools for ecological research. To facilitate clear and efficient model development, we present a modelling framework (OOMP) based on the concepts of the metabolic pool model and on object-oriented programming techniques. Modellers can use OOMP: (1) to increase productivity through the safe reuse of existing code; (2) to produce clear and more understandable code; (3) to prolong the life-span of their model through easier code maintenance; and (4) to enhance scientific communication through the use of a common conceptual and technical framework. We first explain the concepts of the metabolic pool approach and summarise the terminology of object-oriented design (OOD) and then show how OOMP reflects both. Finally, we discuss the advantages of OOD over earlier programming methods and compare our modelling framework with others. OOMP offers a selection of generic modelling components that the modeller can refine and combine to build a desired model. Modellers can make use of OOMP (1) as a technical platform for model development or (2) as a source of OOD principles that can benefit any modelling project. (C) 1997 Elsevier Science B.V.",wos,llm,0.860,unreviewed,,hash:91cdcafad09ad58c
discarded,Object-oriented patterns: Lessons from expert systems,"Menzies, T",1997,SOFTWARE-PRACTICE & EXPERIENCE,,https://www.webofscience.com/wos/woscc/full-record/WOS:000071234800005,adjacent-subtopic,"Three benefits are typically claimed for object-oriented (OO) patterns: (i) reusing parts of the conceptual models of old implementations; (ii) guiding the current development based on using successful previous developments; and (iii) communicating existing systems to newcomers. We will argue that a similar idea can be found in the expert systems literature dating from the early 1980s. The goal of KL or knowledge-level modelling (e.g. KADS) is to identify abstract patterns of inference that appear in many expert systems. Such abstract patterns of inference and program structure, it is argued, are productivity tools for the creation of software applications, i.e. KL argues for a similar reuse benefit as OO patterns. Recently, however, an alternative view has emerged. While such abstract patterns are good fbr communications and guidance, the reuse benefits may never be realised. Patterns may he best viewed as tools For structuring an argument, rather than recording a conclusion. (C) 1997 by John Wiley & Sons, Ltd.",wos,llm,0.760,unreviewed,,hash:7d862c543c1c01be
discarded,Analysis of JAVA security and hostile applets,"Brunnstein, K",1997,INFORMATION SECURITY IN RESEARCH AND BUSINESS,,https://www.webofscience.com/wos/woscc/full-record/WOS:A1997BH92U00023,adjacent-subtopic,"Rapid growth of Internet was only possible when document description languages (esp. HTML), exchange protocols (HTTP) and navigation tools such as Netscape's browser and Internet Explorer were available for mass usage. Basic Internet features (protocols, esp. TCP/IP, domain organisation and routing concepts), navigation tools and document description languages have been specified without observing relevant security requirements, esp. concerning confidentiality of sensitive processes and data. Moreover, essential safety aspects - availability, reliability, maintainability, functionality - have also been neglected. As security and safety are ''design-inherent'' features (i.e. they must be specified in design and enforced in implemented systems), later enhancements (such as IP v.6 including authentication and encryption, protocols such as S-HTTP, SSL or SET) can at best reduce risks, but they can NOT cure past design faults.

Within this insecure and unsafe Internet environment, ''agent'' technologies develop, which perform net-''work'' with usually small processes which interoperate at an assumed benefit of users. A multitude of agents applications has been discussed, including delegation of tasks, handling email, coordination of group work and scheduling, mobile knowledge robots, distributed searches and many others. Early examples of agent technologies (though not named as such) have been XEROXs worms (which materialized in several network experiements and attacks) and chain letters. Started either automatically or from a users desktop (or better: WebTop), agents work in hidden manners. Therefore, security and safety aspects as well as mechanisms to control agents must be carefully analysed from design to implementation and actual work.

JAVA was announced in 1996, by Sun Microsystems (in a ''White Paper'') as 4G-language for Internet applications. It supports development and execution of small agents, called ''applets'' which are executed upon a specific software engine (conceptually similar to Niklaus Wirth's p-Code for Pascal).

According to Sun's summary: Java is a simple, object-oriented, distributed, interpreted, robust, secure, architecture neutral, portable, high-performance, multi-threaded, and dynamic language.''

The C++-like JAVA-language has several deliberate restrictions, which according to Sun shall guarantee applet security. Among such restrictions, access to files and Internet address space (URLs) is strictly prohibited, and memory management (including garbage collection) is automatic; user-manipulated pointers are not supported in JAVA. As manipulation of memory (e.g. via memory residence) and manipulation of files are regarded as essential means with which (traditional) viruses propagate, some experts and Sun assume that JAVA viruses are ''impossible''; in a counterposition, others (such as Bill Cheswick) have regarded JAVA as ''ideal virus writing language''.

Besides language restrictions, JAVA offers more security features. A special class of services ''security.java'' supports encryption, authentication (digital signatures), secure key exchange and integrity mechanisms (checksumming). On this basis, applets may be authorized and authenticated. This provides a secure channel to the manufacturer which is ''secure'' if and when the manufacturer is regarded trustworthy. An additional feature is that JAVA applets are executed upon ist own interpreter; JAVA code can then be verified for conformance with security prescriptions (byte-code verifier).

With these enhancements, JAVA is much better than almost all other language systems though it is inferior to Secure ADA which offers also formal methods for proof of specified features (this is not foreseen in JAVA which does not hide its medium-level origin: it is similar to C/C++). Nevertheless, JAVA applets are far from being ''secure''. First, any hidden manipulation within the scope of the language is possible; it is therefore no surprise that ''hostile applets'' have soon been demonstrated on Internet, ranging from rather ''innocent'' Noisy.Bear'' which ''only'' consumes processor time and memory, to ''Killer-java'' which installs multiple threads and kills some browsers. These applets can be classified as ''malicious trojan horses''; they do NOT replicate but may nevertheless harmfully affect user data and processes.More generally, ''security'' is a feature of a system whithin properly specified boundaries. When JAVA applets execute on insecure systems (ranging from hardware to operationg systems to browsers and file systems), insecure use is possible despite JAVA restrictions. So far, insecure interactions of JAVA applets with browsers (esp. Netscape's) have been discussed (Princeton University). So far, self-reproduction has not been demonstrated. Moreover, essential safety aspects - availability, reliability, maintainability, functionality - have also been neglected in JAVA design.

Conclusion: though JAVA has some security features, applets enlarges the risk of agent technologies. Based on insecure systems such as operating systems and browsers, risks of JAVA applets for sensitive information is significant.",wos,llm,0.990,unreviewed,,hash:a2ee96ad37f076d9
discarded,Software reuse: Metrics and models,"Frakes, W; Terry, C",1996,ACM COMPUTING SURVEYS,,https://www.webofscience.com/wos/woscc/full-record/WOS:A1996VB68500025,adjacent-subtopic,"As organizations implement systematic software reuse programs to improve productivity and quality, they must be able to measure their progress and identify the most effective reuse strategies. This is done with reuse metrics and models. In this article we survey metrics and models of software reuse and reusability, and provide a classification structure that will help users select them. Six types of metrics and models are reviewed: cost-benefit models, maturity assessment models, amount of reuse metrics, failure modes models, reusability assessment models, and reuse library metrics.",wos,llm,0.980,unreviewed,,hash:2772d30e03739477
discarded,Is industry embracing object-oriented technologies?,"Douglas, DE; Massey, PD",1996,JOURNAL OF COMPUTER INFORMATION SYSTEMS,,https://www.webofscience.com/wos/woscc/full-record/WOS:A1996UH42400008,adjacent-subtopic,"Object-oriented technologies and the object paradigm have received a great deal of attention in recent literature. Proponents of object-oriented technologies claim orders-of-magnitude productivity increases in software development with corresponding reductions in code size and improved quality and maintainability. Early object-oriented systems development efforts were not mainstream commercial applications. Is industry embracing object-oriented technologies for commercial applications? This paper reports survey results on the extent industry is using object-oriented technologies for systems development. The results indicate industry is just now beginning to utilize object-oriented technologies for commercial applications. Also, object-oriented systems are being built for distributed systems and with a variety of tools-some of which are not object-oriented.",wos,llm,0.940,unreviewed,,hash:4160f96e46f9ef8e
discarded,OBJECT TECHNOLOGY - A VIRTUAL ROUND-TABLE,"ELREWINI, H; HAMILTON, S; SHAN, YP; EARLE, R; MCGAUGHEY, S; HELAL, A; BADRACHALAM, R; CHIEN, AA; GRIMSHAW, A; LEE, BS; WADE, AE; MORSE, D; ELMAGARMID, A; PITOURA, E; BINDER, RV; WEGNER, P",1995,COMPUTER,,https://www.webofscience.com/wos/woscc/full-record/WOS:A1995RY33300019,adjacent-subtopic,"Software development is a difficult and time-consuming process. As software systems become larger and ever more complex, developers are searching for mechanisms to control that complexity. The main goals have always been to lower the cost and improve productivity, reuse, and maintainability. The procedure-oriented paradigm and structured programming were popular for a while, and their fundamentals may still be valid. Today, however, OO is being heralded by many as one promising solution.

This roundtable contains an assortment of short articles from both industry and academia on aspects of object orientation: distributed objects in the client-server environment, standardization efforts to ensure cross-platform interoperability, object technology and parallel computing, object-oriented databases, the problems inherent in OO testing, and, finally, the theoretical foundations of object-based programming.",wos,llm,0.910,unreviewed,,hash:b92399d714ef458e
discarded,USING AN OBJECT-ORIENTED APPROACH TO THE DEVELOPMENT OF A RELATIONAL DATABASE APPLICATION SYSTEM,"DENG, PS; FUHR, CL",1995,INFORMATION & MANAGEMENT,,https://www.webofscience.com/wos/woscc/full-record/WOS:A1995RU46400005,adjacent-subtopic,"Object-oriented technology has been proposed in recent years as a promising approach to increasing programmer productivity and the quality of software development. The traditional development of a database application system distinctively separates a system's behavior and its data by using entity-relationship diagrams, functional decomposition, and process-dependency diagrams. The object-oriented approach, on the other hand, integrates both data and behavior, and this can result in a merging of both software and databases. To gain more insight into the object-oriented approach to the analysis and design of software development, we applied this approach to the development of a simplified hospital administration system. The resulting application system is an object-based system but uses a relational database manager. This illustrates the fact that object-oriented approaches are not limited to object-oriented systems or databases: they can, in fact, be used for more traditional design. This technique may allow easier transition from data-based to object-based systems. Software that is reusable, improved in its design, more reliable, and simpler in its programming and maintenance requirements would truly be an advantage to users and developers alike.",wos,llm,0.890,unreviewed,,hash:da882d979f273532
discarded,DISTRIBUTED COMMUNICATIONS-SYSTEM TECHNOLOGY,"KOYANAGI, K; SUNAGA, H; YAMADA, T; TOMURA, M; KURIHARA, N",1994,IEICE TRANSACTIONS ON COMMUNICATIONS,,https://www.webofscience.com/wos/woscc/full-record/WOS:A1994PU42100009,adjacent-subtopic,"This paper describes two main technologies for achieving reliable real-time distributed communications systems. One is the technology to prevent the influence of a fault in an autonomous distributed system from spreading to the whole system (called autonomous distributed system control). The other is a software structure based on distributed processing, the object-oriented approach, and layering for better maintainability and expandability (called OO software structure). For the autonomous distributed system control, several inter-subsystem communication methods are proposed and evaluated. From the standpoints of the fault processing and processing load, frames should be sent through a data link over ATM connection and when a fault occurs the link should be switched over without loss of data. A pilot system achieved good reliability without an excessive number of dynamic steps. This autonomous control method will lead to a highly reliable communications system with large capacity. For the OO software structure, this paper gives experimental results from the implementation of a prototype system. Its distributed environment should lead to high reliability by extending the CHILL run-time routine (RTR). This software structure promises to provide service quickly, to reduce costs, and to make the development of each layer's software independent. A real-time OS, e.g., CTRON kernel combined with RTR can give real-time performance, high reliability and high productivity over the distributed system. The use of RTR can reduce the time for the call recovery process.",wos,llm,0.920,unreviewed,,hash:0d966089bbc408e4
