status,title,authors,year,venue,doi,url,tags,abstract,provider,decision_source,llm_confidence,llm_review_outcome,llm_change_direction,paper_id
discarded,On the Accuracy of Spectrum-based Fault Localization,Rui Abreu; Peter Zoeteweij; Arjan J. C. van Gemund,2007,,10.1109/taic.part.2007.13,https://openalex.org/W2153418968,adjacent-subtopic,"Spectrum-based fault localization shortens the test- diagnose-repair cycle by reducing the debugging effort. As a light-weight automated diagnosis technique it can easily be integrated with existing testing schemes. However, as no model of the system is taken into account, its diagnostic accuracy is inherently limited. Using the Siemens Set benchmark, we investigate this diagnostic accuracy as a function of several parameters (such as quality and quantity of the program spectra collected during the execution of the system), some of which directly relate to test design. Our results indicate that the superior performance of a particular similarity coefficient, used to analyze the program spectra, is largely independent of test design. Furthermore, near- optimal diagnostic accuracy (exonerating about 80% of the blocks of code on average) is already obtained for low-quality error observations and limited numbers of test cases. The influence of the number of test cases is of primary importance for continuous (embedded) processing applications, where only limited observation horizons can be maintained.",openalex,llm,0.990,unreviewed,,doi:10.1109/taic.part.2007.13
discarded,The top 10 reasons why object-oriented programming can't be taught in CS 1,Rick Decker; Stuart H. Hirshfield,1994,,10.1145/191029.191054,https://openalex.org/W2092220759,adjacent-subtopic,"Over the past year we have changed our CS 1 course from a standard Pascal-based, procedural programming course into one that emphasizes C++ and object-oriented programming (OOP). While our experience to date indicates that this was a good decision for both our students and our department, the decision did not come easy. We struggled long and hard with many, if not most, of the questions and issues that have come to be associated with teaching OOP to undergraduates. This paper recounts our struggles, and presents our responses to the more serious of the pedagogical questions that we considered. In hindsight, many of the reasons we came up with for not using OOP in CS1 are seen to reflect our lack of understanding of the paradigm, our fear of the language, and our past experience teaching Pascal and the procedural paradigm. Furthermore, we believe that our reservations (which appear to be quite common) stemmed from a growing body of misleading OOP folklore that is contrary to our experience and that this paper attempts to dispel.",openalex,llm,0.950,unreviewed,,doi:10.1145/191029.191054
discarded,Generalizing perspective-based inspection to handle object-oriented development artifacts,Oliver Laitenberger; Colin Atkinson,1999,,10.1145/302405.302680,https://openalex.org/W2026086532,adjacent-subtopic,"The value of software inspection for uncovering defects early in the development lifecycle has been well documented.Of the various types of inspection methods published to date, experiments have shown perspective-based inspection to be one of the most effective, because of its enhanced coverage of the defect space.However, inspections in general, and perspective-based inspections in particular, have so far been applied predominantly in the context of conventional structured development methods, and then almost always to textual artifacts, such as requirements documents or code modules.Object oriented-models, particularly of the graphical form, have so far not been adequately addressed by inspection methods.This paper tackles this problem by first discussing the difficulties involved in tailoring the perspective-based inspection approach to object-oriented development methods and, second, by presenting a generalization of the approach which overcomes these limitations.The new version of the approach is illustrated in the context of UML-based object-oriented development.",openalex,llm,0.920,unreviewed,,doi:10.1145/302405.302680
discarded,Testing levels for object-oriented software,Yvan Labiche; Pascale Thévenod-Fosse; Hélène Waeselynck; M.-H. Durand,2000,,10.1145/337180.337197,https://openalex.org/W2140693023,adjacent-subtopic,"One of the characteristics of object-oriented software is the complex dependency that may exist between classes due to inheritance, association and aggregation relationships. Hence, where to start testing and how to define an integration strategy are issues that require further investigation. This paper presents an approach to define a test order by exploiting a model produced during design stages (e.g., using OMT, UML), namely the class diagram. Our goal is to minimize the number of stubs to be constructed in order to decrease the cost of testing. This is done by testing a class after the classes it depends on. The novelty of the test order lies in the fact that it takes account of: (i) dynamic (polymorphism) dependencies; (ii) abstract classes that cannot be instantiated, making some testing levels infeasible. The test order is represented by a graph showing which testing levels must be done in sequence and which ones may be done independently. It also provides information about the classes involved in each level and how they are involved (e.g., instantiation or not). The approach is implemented in a tool called TOONS (Testing level generator for Object-OrieNted Software). It is applied to an industrial case study from the avionics domain.",openalex,llm,0.970,unreviewed,,doi:10.1145/337180.337197
discarded,Integration testing of object-oriented software,Gordon W. Skelton,2000,Unisa Institutional Repository (University of South Africa),,https://openalex.org/W92425751,adjacent-subtopic,This thesis examines integration testing of object-oriented software. The process of integrating and testing procedural programs is reviewed as foundation for testing object-oriented software. The complexity of object-oriented software is examined. The relationship of integration testing and the software development life cycle is presented. Scenarios are discussed which account for the introduction of defects into the software. The Unified Modeling Language (UML) is chosen for representing pre-implementation and post-implementation models of the software. A demonstration of the technique of using post-implementation models representing the logical and physical views as an aid in integration and system testing of the software is presented. The use of UML diagrams developed from the software is suggested as a technique for integration testing of object-oriented software. The need for automating the data collection and model building is recognized. The technique is integrated into the Revised Spiral Model for Object-Oriented Software Development developed by du Plessis and van der Walt.,openalex,llm,0.910,unreviewed,,hash:dd1b1238ac62ac92
discarded,Testing of object-oriented programming systems (OOPS): A fault-based approach,Jane Huffman Hayes,1994,Lecture notes in computer science,10.1007/bfb0014026,https://openalex.org/W170165378,adjacent-subtopic,,openalex,llm,0.880,unreviewed,,doi:10.1007/bfb0014026
discarded,Effective distribution of object-oriented applications,Sandeep Purao; Hemant K Jain; Derek Narareth,1998,Communications of the ACM,10.1145/280324.280339,https://openalex.org/W1977561105,adjacent-subtopic,"article Free Access Share on Effective distribution of object-oriented applications Authors: Sandeep Purao Georgia State Univ., Atlanta Georgia State Univ., AtlantaView Profile , Hemant Jain Univ. of Wisconsin-Milwaukee, Milwaukee Univ. of Wisconsin-Milwaukee, MilwaukeeView Profile , Derek Narareth Univ. of Wisconsin-Milwaukee, Milwaukee Univ. of Wisconsin-Milwaukee, MilwaukeeView Profile Authors Info & Claims Communications of the ACMVolume 41Issue 8Aug. 1998pp 100–108https://doi.org/10.1145/280324.280339Published:01 August 1998Publication History 28citation477DownloadsMetricsTotal Citations28Total Downloads477Last 12 Months14Last 6 weeks2 Get Citation AlertsNew Citation Alert added!This alert has been successfully added and will be sent to:You will be notified whenever a record that you have chosen has been cited.To manage your alert preferences, click on the button below.Manage my AlertsNew Citation Alert!Please log in to your account Save to BinderSave to BinderCreate a New BinderNameCancelCreateExport CitationPublisher SiteeReaderPDF",openalex,llm,0.870,unreviewed,,doi:10.1145/280324.280339
discarded,A Quality Enhancement through Defect Reduction using Refactoring Operation,"Chug, Anuradha; Gupta, Monika",2017,"2017 INTERNATIONAL CONFERENCE ON ADVANCES IN COMPUTING, COMMUNICATIONS AND INFORMATICS (ICACCI)",,https://www.webofscience.com/wos/woscc/full-record/WOS:000427645500311,adjacent-subtopic,"Refactoring is widely used technique to enhance overall quality of an existing software system by changing its internal structure without modifying its external behavior. Although, it is difficult to implement the refactoring manually, it helps to reduce the defects in the existing software. Three main types of design defects are investigated in the current study namely blob, Spaghetti Code (SC) and Functional Decomposition (FD) by applying specific rule which are based on the combination of Object-Oriented (OO) metrics and their threshold values. Further, study also suggests a novel approach to minimize the defects and improve the quality of software system by applying specific refactoring operations into the code. Five large open source projects JDATEPICKER, JXLS, JTDS, JFREECHART and JHOTDRAW were used for the empirical evaluation of the suggested approach. Results show that the refactoring is very effective for reducing the probability of the number of defects in existing software. We found that 20%, 16%, 4%, 14% and 5% defects are reduced in JDATEPICKER, JXLS, JTDS, JFREECHART and JHOTDRAW software respectively. The results produces in this study are useful for the developers to identify the defect prone areas in the software and reduce the probability of occurrence of defects in source code before its release.",wos,llm,0.960,unreviewed,,hash:48c5253d40f5fb1d
discarded,Towards an Object-Oriented Extension for IEC 61131,"Thramboulidis, Kleanthis",2012,2012 IEEE 17TH CONFERENCE ON EMERGING TECHNOLOGIES & FACTORY AUTOMATION (ETFA),,https://www.webofscience.com/wos/woscc/full-record/WOS:000320333400142,adjacent-subtopic,"The IEC 61131 has been successfully used for many years in the industrial automation domain. IEC 61499 was defined to better handle complexity and increase modularity and reusability in the development process, but it failed on its objective. The extension of the IEC 61131 that supports the Object Oriented paradigm is considered today as the most promising solution to address new requirements and lead to a more productive development process. In this paper, the upcoming version of the IEC 61131 and mainly its extension to the OO paradigm is analyzed with the intention to identify defects and propose solutions. The approach adopted in this extension is quite similar to the one of C++, i.e., a mixing of procedural and OO paradigms. This has advantages and dis-advantages for the developer.",wos,llm,0.830,unreviewed,,hash:83a7ec01d6f48ff1
discarded,Validation of Measurement Tools to Extract Metrics from Open Source Projects,"Abu Bakar, Normi Sham Awang; Boughton, Clive V.",2012,2012 IEEE CONFERENCE ON OPEN SYSTEMS (ICOS 2012),,https://www.webofscience.com/wos/woscc/full-record/WOS:000316560200040,adjacent-subtopic,"Software measurement can play a major role in ensuring the quality and reliability of software products. The measurement activities require appropriate tools to collect relevant metric data. Currently, there are several such tools available for software measurement. The main objective of this paper is to discuss the validation of results when using a combination of multiple measurement tools especially for products built using object-oriented techniques and languages. In this paper, we highlight four tools for collecting metric data, in our case from several Java-based open source projects. Our findings show that the tools provide different results for similar metrics and we discuss the methods used to validate the results reported by the tools. Our research is currently based on the work of Card and Glass, who argue that design complexity measures (data complexity and structural complexity) are indicators/predictors of procedural/cyclomatic complexity (decision counts) and errors (discovered from system tests).",wos,llm,0.960,unreviewed,,hash:2f909cffed9c12f0
discarded,OBJECT ORIENTED METRICS. A NEW METHOD FOR SOFTWARE RELIABILITY ESTIMATION,"Cristescu, Corina Ioana; Cristescu, Marian Pompiliu",2009,"15TH INTERNATIONAL CONFERENCE THE KNOWLEDGE-BASED ORGANIZATION: APPLIED TECHNICAL SCIENCES AND ADVANCED MILITARY TECHNOLOGIES, CONFERENCE PROCEEDINGS 6",,https://www.webofscience.com/wos/woscc/full-record/WOS:000277288700064,adjacent-subtopic,"Object oriented development requires not only a different approach to design and implementation, it requires a different approach to software metrics. Since object oriented technology uses objects and not algorithms as its fundamental building blocks, the approach to software metrics for object oriented programs must be different from the standard metrics set. Some metrics, such as lines of code and cyclomatic complexity, have become accepted as ""standard"" for traditional functional/procedural programs, but for object oriented, there are many proposed object oriented metrics in the literature.",wos,llm,0.940,unreviewed,,hash:034d53fd4f1a225e
discarded,Component-Based Development Applied to Energetic Operation Planning of Hydrothermal Power Systems,"Rabelo, R. A. L.; Carneiro, A. A. F. M.; Braga, R. T. V.",2009,"2009 IEEE BUCHAREST POWERTECH, VOLS 1-5",,https://www.webofscience.com/wos/woscc/full-record/WOS:000276834601186,adjacent-subtopic,"The energetic operation planning of a hydrothermal power system aims to provide an economic and reliable operational policy that embraces time frames ranging from the long term energy control of hydroelectric resources to the electric and hydraulic aspects of daily generation dispatch. Due to the planning complexity and different aspects that this problem has to address, it may require a chain of computational tools to be solved. Those computational tools should permit to evaluate the current and future system performance, reliability, safety, and ability to grow with production or operating requirements. This work applies component-based development (CBD) towards the energetic operational planning of the Brazilian hydrothermal system. CBD is different from previous approaches, such as procedural programming or object-oriented programming, in its separation of component specification from implementation, and in the division of component specifications into interfaces. Further, CBD reestablishes the idea of reuse and introduces new elements.",wos,llm,0.940,unreviewed,,hash:2a0a80bc39970e24
discarded,Exploring Machine Learning Techniques for Fault Localization,"Ascari, Luciano C.; Araki, Lucilia Y.; Pozo, Aurora R. T.; Vergilio, Silvia R.",2009,LATW: 2009 10TH LATIN AMERICAN TEST WORKSHOP,,https://www.webofscience.com/wos/woscc/full-record/WOS:000272027600007,adjacent-subtopic,"Debugging is the most important task related to the testing activity. It has the goal of locating and removing a fault after a failure occurred during test. However, it is not a trivial task and generally consumes effort and time. Debugging techniques generally use testing information but usually they are very specific for certain domains, languages and development paradigms. Because of this, a Neural Network (NN) approach has been investigated with this goal. It is independent of the context and presented promising results for procedural code. However it was not validated in the context of Object-Oriented (OO) applications. In addition to this, the use of other Machine Learning techniques is also interesting, because they can be more efficient. With this in mind, the present work adapts the NN approach to the OO context and also explores the use of Support Vector Machines (SVMs). Results from the use of both techniques are presented and analysed. They show that their use contributes for easing the fault localization task.",wos,llm,0.910,unreviewed,,hash:82ed08a956117948
discarded,Specifications of Secure and Safe Embedded System Networks,"Sveda, Miroslav; Vrba, Radimir",2009,2009 EIGHTH INTERNATIONAL CONFERENCE ON NETWORKS,,https://www.webofscience.com/wos/woscc/full-record/WOS:000271488400038,adjacent-subtopic,"The paper focuses on behavioral specifications of reactive and real-time activities of embedded system networks utilizing either structured or object-oriented approach depending on application design requirements. The design stemming from such requirements can eliminate not only behavioral and structural faults but also security and safety flaws caused by design errors. Reflecting current trends in system and software engineering, this contribution presents executable specifications and rapid prototyping using Asynchronous Specification Language for structured design, and object specifications and verifications using Class Specification Language for object-oriented design of embedded system network applications",wos,llm,0.920,unreviewed,,hash:dfea96b0832bcb40
discarded,DRE - A Quality Metric for Component based Software Products,"Jasmine, K. S.; Vasantha, R.",2007,"PROCEEDINGS OF WORLD ACADEMY OF SCIENCE, ENGINEERING AND TECHNOLOGY, VOL 23",,https://www.webofscience.com/wos/woscc/full-record/WOS:000260423600069,adjacent-subtopic,"The overriding goal of software engineering is to provide a high quality system, application or a product. To achieve this goal, software engineers must apply effective methods coupled with modem tools within the context of a mature software process [2]. In addition, it is also must to assure that high quality is realized. Although many quality measures can be collected at the project levels, the important measures are errors and defects. Deriving a quality measure for reusable components has proven to be challenging task now a days. The results obtained from the study are based on the empirical evidence of reuse practices, as emerged from the analysis of industrial projects. Both large and small companies, working in a variety of business domains, and using object-oriented and procedural development approaches contributed towards this study. This paper proposes a quality metric that provides benefit at both project and process level, namely defect removal efficiency (DRE).",wos,llm,0.760,unreviewed,,hash:be5f74620f101f25
discarded,Specification-driven design of embedded systems - Design support for networked embedded software applications,"Sveda, Miroslav; Vrba, Radimir",2007,ICE-B 2007: PROCEEDINGS OF THE SECOND INTERNATIONAL CONFERENCE ON E-BUSINESS,,https://www.webofscience.com/wos/woscc/full-record/WOS:000250044900003,adjacent-subtopic,"The paper presents an approach to formal specification, verification and prototyping of networked embedded software system applications ranging from large information systems down to small components embedded e.g. in mobile devices. Main attention focuses both on architectural and behavioral specifications of either reactive or real-time activities utilizing either structured or object-oriented approach depending on application requirements. The design approach fully respecting such requirements can eliminate not only behavioral and structural faults but also security flaws caused by design errors. Reflecting current trends in engineering software-intensive systems, this contribution discusses in more detail executable specifications and rapid prototyping for structured design, and structural specifications and verifications for object-oriented design. The paper presents Asynchronous Specification Language and Class Specification Language developed for that purpose.",wos,llm,0.930,unreviewed,,hash:e6ad17d9e5f09dc0
discarded,Documentation and coding of ED patient encounters: an evaluation of the accuracy of an electronic medical record,"Silfen, Eric",2006,AMERICAN JOURNAL OF EMERGENCY MEDICINE,10.1016/j.ajem.2006.02.005,https://www.webofscience.com/wos/woscc/full-record/WOS:000241015000004,off-topic-false-hit,"Objective: The aim of the study was to describe a paper-based, template-driven and an electronic medical record used for capturing emergency care clinical information and to compare the accuracy of these documentation systems for coding patient encounters using the American Medical Association Cur-rent Procedural Terminology-2004 (AMA CPT-2004) evaluation and management codes intended for provider reimbursement.

