status,title,authors,year,venue,doi,url,tags,abstract,provider,decision_source,llm_confidence,llm_review_outcome,llm_change_direction,paper_id
discarded,UML design pattern metamodel-level constraints for the maintenance of software evolution,"Park, Jaeyong; Lee, Seok-Won; Rine, David C.",2013,SOFTWARE-PRACTICE & EXPERIENCE,10.1002/spe.1116,https://www.webofscience.com/wos/woscc/full-record/WOS:000319997100007,adjacent-subtopic,"Software maintenance including design is difficult because it is usually performed on someone else's work over a period of time. Maintaining a pattern-based design is especially much more difficult when the information on specific patterns that have been used are not available in the corresponding design documents. Also, finding a maintainer who has a similar level of knowledge on specific patterns that the initial designer had is not easy. Pattern-based design, the use of design patterns during the software design process, has become widely used in the object-oriented community because of its many benefits such as its reuse. However, the defects in pattern-based design can be introduced during the design maintenance phase when the changes are made to the requirements and the initial design, but the conformance to the original patterns is neglected. This conformance process is laborious and time consuming; no systematic process exists to guide the defects discovery and maintenance. Also, deep and correct knowledge of design patterns and their characteristics are required because this process is conducted by human experts. Failure to follow this conformance process and to maintain correct designs during software design evolution may cause serious problems in later software development and maintenance stages by not providing the benefits of pattern-based design that would have been possible if followed correctly. There is a strong need of a systematic design and maintenance method for preventing defects in design patterns introduced during the evolution of pattern-based software design and its maintenance. Because conventional UML design methods do not provide such systematic ways of assessing pattern-based design conformance to the evolutionary changes, we have developed the pattern instance changes with UML profiles (PICUP) design method, which is an improved design method for perfective and corrective UML pattern-based design maintenance and assessment. Design pattern in UML profiles (DPUP) is developed for the use of instantiation, maintenance, and assessment of UML pattern-based designs to support the formal specification of a design pattern. DPUPs, as the main part of the PICUP design method, provide metamodel-level UML design constraints using UML stereotype notations and metamodel-level Object Constraint Language design constraints. Assessment of pattern-based designs in UML class diagram with the corresponding DPUPs enforces maintainers to make necessary and correct changes to keep the principles of the original designs. Pattern-related information is annotated using stereotype notations to help assess pattern-based designs when changes are made. Furthermore, the structural conformance checking of a given UML pattern-based design can be automated by using the assessment tool. The major contributions of this paper are: (i) specifying design patterns using extended UML profile; (ii) providing a means of how to instantiate pattern-based designs from DPUPs with naming conventions; and (iii) providing design constraints for maintaining pattern-based design to guide correct changes of a given design in PICUP method. Explanatory type case studies were performed to better understand and evaluate the effectiveness of the PICUP design method with DPUPs.

Answers to the case study questionnaires and the pattern defects discovered from the case studies support the hypothesis that the PICUP method is an improved design method that ensures structural conformance of UML pattern-based designs to the corresponding design patterns during perfective and corrective design maintenance for software systems. Copyright (c) 2011 John Wiley & Sons, Ltd.",wos,llm,0.960,unreviewed,,doi:10.1002/spe.1116
discarded,Topology Analysis and Fault Diagnosis Scheme with OOCPN Model for Supply System in Urban Mass Transit,"Wang, Lei; Li, Yao-hua; Song, Yong-feng; Liu, Zhi-gang",2011,PRACTICAL APPLICATIONS OF INTELLIGENT SYSTEMS,,https://www.webofscience.com/wos/woscc/full-record/WOS:000307258900018,off-topic-false-hit,"The supply system in urban mass transit provides power for vehicles. The quick and accurate fault positioning after its failure is worth researching and key for the reference of maintenance personnel, to minimize the duration of power failure. Based on Object-oriented Petri nets (OOPN), this paper proposes Object-oriented Colored Petri nets (OOCPN), which introduces member variables and member methods into OOPN. With OOCPN. the conventional CPN model for topology analysis is modified into an OOCPN model, through the solution of which a gross fault region is located, together with possible miss-trips and error-trips. The result of OOCPN model is then reasoned backwards with protection and action information from human-machine conversation for final fault node and further breaker analysis. The method proposed takes into consideration the peculiarity of protection configuration in supply system, and is subjected to both theoretical analysis and an example case, which proves it practical and efficient.",wos,llm,0.980,unreviewed,,hash:43d2dcf0f25fc3fa
discarded,Structural Reliability Prediction of a Steel Bridge Element using Dynamic Object Oriented Bayesian Network (DOOBN),"Wang, Ruizi; Ma, Lin; Yan, Cheng; Mathew, Joseph",2011,"2011 INTERNATIONAL CONFERENCE ON QUALITY, RELIABILITY, RISK, MAINTENANCE, AND SAFETY ENGINEERING (ICQR2MSE)",,https://www.webofscience.com/wos/woscc/full-record/WOS:000306959700002,off-topic-false-hit,"Different from conventional methods for structural reliability evaluation, such as, first/second-order reliability methods (FORM/SORM) or Monte Carlo simulation based on corresponding limit state functions, a novel approach based on dynamic objective oriented Bayesian network (DOOBN) for prediction of structural reliability of a steel bridge element has been proposed in this paper. The DOOBN approach can effectively model the deterioration processes of a steel bridge element and predict their structural reliability over time. This approach is also able to achieve Bayesian updating with observed information from measurements, monitoring and visual inspection. Moreover, the computational capacity embedded in the approach can be used to facilitate integrated management and maintenance optimization in a bridge system. A steel bridge girder is used to validate the proposed approach. The predicted results are compared with those evaluated by FORM method.",wos,llm,0.990,unreviewed,,hash:84601c0c3435c9a4
discarded,Logic Java: Combining Object-Oriented and Logic Programming,"Majchrzak, Tim A.; Kuchen, Herbert",2011,FUNCTIONAL AND CONSTRAINT LOGIC PROGRAMMING,,https://www.webofscience.com/wos/woscc/full-record/WOS:000306351900008,adjacent-subtopic,"We have developed the programming language Logic Java which smoothly integrates the object-oriented language Java and logic programming concepts such as logic variables, constraint solving, and backtracking. It combines the advantages of object-orientation such as easy maintainability and adaptability due to inheritance and encapsulation of structure and behavior with the advantages of logic languages such as suitability for search problems. Java annotations and a symbolic Java virtual machine are used to handle the logic programming concepts. In contrast to previous approaches to integrate object-oriented and logic programming, we preserve the syntax of Java. Our language is not split into two distinguishable parts but as closely integrated as possible. Besides the design and implementation of Logic Java, providing a suitable interface between conventional and logic computations is the main contribution of this paper. A killer application, which can hardly be implemented more elegantly in any other language, is the tool Muggl which systematically generates glass-box test cases for Java programs. Applications requiring a substantial amount of search are also well suited.",wos,llm,0.920,unreviewed,,hash:76b6cb12b1f39a0e
discarded,High speed redundant Multi-Network DCS-based in Innovative Tank Gauging Control System,"Firoozshahi, Amir",2010,"2ND IEEE INTERNATIONAL CONFERENCE ON ADVANCED COMPUTER CONTROL (ICACC 2010), VOL. 1",,https://www.webofscience.com/wos/woscc/full-record/WOS:000289200900071,adjacent-subtopic,"Third-generation DCS (Distributed Control System) employ powerful object-oriented design technology to enable efficiency improvements within daily operations and maintenance activities. DCS is operated either in single mode and or it is interfaced with other systems such as PLC, SCADA, and Etc. via network for enhanced functionality. Developing Distributed Control System is a major industrial concern since those systems are more and more complex and involved in many safety critical application fields. Today's Tank Management plans are faced with intense pressure to improve storage reliability. As a result, current business goals focus on increasing operational efficiency and overall equipment effectiveness. In this paper, the Innovative, modernization, design, integration, development and implementation of Multi-Networking for a computer-based (DCS) tank gauging system for the Large Tank Farm is described. The complex included 37 storage tanks located at 10 different groups. Each group supports data collection on the pipeline computer located in the main control room.",wos,llm,0.880,unreviewed,,hash:26de464ec35b84a3
discarded,"Design of MIDA, a Web-Based Diagnostic Application for Hydroelectric Generators","Vouligny, Luc; Hudon, Claude; Due Ngoc Nguyen",2009,2009 FOURTH INTERNATIONAL MULTI-CONFERENCE ON COMPUTING IN THE GLOBAL INFORMATION TECHNOLOGY (ICCGI 2009),,https://www.webofscience.com/wos/woscc/full-record/WOS:000289710400018,adjacent-subtopic,"Up to 95% of Hydro-Quebec's electrical power is produced by hydroelectric generators. The remainder comes from conventional thermal and nuclear generators and wind turbines. Implementing a cost-effective general maintenance program for generators is of utmost importance for Hydro-Quebec. This paper presents MIDA, a Web-based application for diagnosing hydroelectric generator. It allows Hydro-Quebec maintenance personnel to better establish maintenance priorities based on analysis and trending of data coming from several diagnostic instruments following an integrated generator diagnostic methodology (MIDA). Generator maintenance is so crucial that almost from the start of the project, Hydro-Quebec managers needed the initially-incomplete diagnostic information it produced. This paper presents the evolutionary prototyping methodology we used for the development of the MIDA application, which is very well suited to this type of research and development project. It also presents the programming language we used: MDI (for Dynamic Information Modeling), an object-oriented knowledge-based prototyping tool.",wos,llm,0.910,unreviewed,,hash:96bfd75eda750c1f
discarded,Innovative Intelligent DCS based method for Tank Gauging Control System in Large Oil Terminal,"Firoozshahi, Amir",2009,ISIE: 2009 IEEE INTERNATIONAL SYMPOSIUM ON INDUSTRIAL ELECTRONICS,,https://www.webofscience.com/wos/woscc/full-record/WOS:000276815500346,adjacent-subtopic,"The introduction of microprocessor-based plant control occurred shortly before 1980 with simple single-loop controllers. This technology quickly evolved into a DCS with control processor redundancy, high-density input/output systems, and a human machine interface (HMI). Today's Tank Management plans are faced with intense pressure to improve storage reliability. Thereby, current business goals focus on increasing operational efficiency and overall equipment effectiveness. In support of this, a tool used to identify production loss and asset availability. Third-generation DCS employ powerful object-oriented design technology to enable efficiency improvements within daily operations and maintenance (O&M) activities. Additionally, advanced process optimization technology is added to support improvements in process efficiencies. Control system technology also now integrates several fieldbus protocols, thus enabling more flexible plant designs as well as improved data for maintenance. In this paper, the Innovative, modernization, design, integration, development and implementation of a computer-based (DCS) tank gauging system for the Large Tank Farm is described. The complex included 37 storage tanks located at 10 different groups. Each group supports data collection on the pipeline computer located in the main control room. The new and modern tank level gauging systems incorporate Radar gauges for tanks, with transmitters for temperature and pressure. All types of these gauges offer an upgrade in performance and maintainability.",wos,llm,0.880,unreviewed,,hash:42ae62ce7981abd7
discarded,Optimization of the Spare Parts of Conventional Submarine based on CPN,"Yang, Chunhui; Sun, Yuanli; Hu, Tao",2009,"PROCEEDINGS OF 2009 8TH INTERNATIONAL CONFERENCE ON RELIABILITY, MAINTAINABILITY AND SAFETY, VOLS I AND II",,https://www.webofscience.com/wos/woscc/full-record/WOS:000274992400128,off-topic-false-hit,"It is very important to optimize the spare parts in conventional submarine to complete the mission. A new research methodology is put forward after summarizing the shortcomings of current study. For instance, the conventional submarine mission is modeled and simulated by Colored Petri Nets (CPN) to obtain the success oriented mission profile. Then the hierarchical simulation model of spare parts is set up based on the thought of object oriented CPN. Finally, the model is validated by a case, at the same time, the case shows the adaptability of two kinds of maintenance strategies, i.e. minimal and maximal maintenance strategy.",wos,llm,0.980,unreviewed,,hash:166ea57e23e714e6
discarded,A Network-Integrated Feature-Driven Engineering Environment: Information Modeling and Process Management,"Wang, Guo-xian; Zhang, Wen-zu; Nee, Andrew Yeh-Ching",2009,"2009 INTERNATIONAL CONFERENCE ON MEASURING TECHNOLOGY AND MECHATRONICS AUTOMATION, VOL III",10.1109/ICMTMA.2009.490,https://www.webofscience.com/wos/woscc/full-record/WOS:000274897100103,adjacent-subtopic,"Conventional data-centric integration approaches assume that the end-users are fully responsible for work-flow control, data consistency and integrity maintenance and inter-process coordination, generally without computer augmentation. The objective of this study is to develop a network-integrated engineering environment with an expanding set of system capabilities that can off-load engineers from some of these responsibilities and complexity, based on an integration approach which is both data- and process-centric. The envisioned system is configured on top of a generic CAX framework with a process management module encapsulated for assisting engineers to carry out set of tightly-interrelated engineering activities in a product development cycle following a feature-driven process pattern. Sheet metal products using progressive dies were selected as the demonstration case to show two main aspects of the approach: information modeling and implementation of the process management module.",wos,llm,0.900,unreviewed,,doi:10.1109/icmtma.2009.490
discarded,Detecting Design Patterns Using Source Code of Before Applying Design Patterns,"Washizaki, Hironori; Fukaya, Kazuhiro; Kubo, Atsuto; Fukazawa, Yoshiaki",2009,PROCEEDINGS OF THE 8TH IEEE/ACIS INTERNATIONAL CONFERENCE ON COMPUTER AND INFORMATION SCIENCE,10.1109/ICIS.2009.209,https://www.webofscience.com/wos/woscc/full-record/WOS:000273558200159,adjacent-subtopic,"Detecting design patterns from object-oriented program source-code can help maintainers understand the design of the program. However the detection precision of conventional approaches based on the structural aspects of patterns is low due to the fact that there are several patterns with the same structure. To solve this problem, we propose an approach of design pattern detection using source-code of before the application of the design pattern. Our approach is able to distinguish different design patterns with similar structures, and help maintainers understand the design of the program more accurately. Moreover our technique reveals when and where the target pattern has been applied in an ordered series of revisions of the target program. Our technique is useful to assess what kinds of patterns increase what kinds of quality characteristics such as the maintainability.",wos,llm,0.960,unreviewed,,doi:10.1109/icis.2009.209
discarded,A session-based collaboration environment for BIM-BASED Project Life-Cycle Management,"Chin, Sangyoon; Yoon, Su-Won; Shin, Tae-Hong; Lee, Ghang; Choi, Cheolho; Kwon, Soon-Wook",2008,25TH INTERNATIONAL SYMPOSIUM ON AUTOMATION AND ROBOTICS IN CONSTRUCTION - ISARC-2008,,https://www.webofscience.com/wos/woscc/full-record/WOS:000258743700107,off-topic-false-hit,"It has been recognized that a system that facilitates efficient communication and interaction is critical in order to improve coordination between AEC project participants. Various research literatures show that migration of conventional AEC work processes, which have relied heavily on two-dimensional drawings, to more convergent processes that share a single common information source based on three-dimensional object-oriented data or BIM, can yield better outcomes and improve productivity. However, several problems made it very difficult to collaborate and share information between project participants. Some of the problems include legal liability issues, a reluctance to share inside information with others, maintenance of a master model, a dynamically changing organizational structure of a project group, and a collaboration-support system that can support these issues, etc. Therefore, the objective or this paper is to propose a conceptual scheme of a ""session-based"" collaboration environment, called Construction Project Life Cycle Management (CPLM). CPLM is a system intended to help project participants make better decisions and to facilitate coordination between various stakeholders in a project by providing virtual collaboration groups called ""sessions"" and methodology to support the open information policy between both horizontal and vertical organizations within those sessions. Additionally, this paper introduces a system to be developed using the proposed conceptual scheme of a session-based CPLM and its development plan.",wos,llm,0.970,unreviewed,,hash:981db322bcb2171f
discarded,JDQuery: Query-Driven Defect Localization for Java Source Code Based on Code Knowledge Graphs,T. Hu,2026,Electronics Switzerland,10.3390/electronics15173827,https://www.scopus.com/inward/record.uri?partnerID=HzOxMe3b&scp=105050265057&origin=inward,adjacent-subtopic,,scopus,llm,0.970,unreviewed,,doi:10.3390/electronics15173827
discarded,Revisiting Halstead's Metrics through Abstract Syntax Trees in C,A.M. Teixeira,2026,Proceedings 2026 IEEE ACM 2nd International Workshop on Advancing Static Analysis for Researchers and Industry Practitioners in Software Engineering Static 2026,10.1145/3786173.3788356,https://www.scopus.com/inward/record.uri?partnerID=HzOxMe3b&scp=105044609939&origin=inward,adjacent-subtopic,,scopus,llm,0.920,unreviewed,,doi:10.1145/3786173.3788356
discarded,Action-Oriented Programming and Automatic Agent Generation for Adaptive Data Collection in Decentralized Data Ecosystems,M.T. Bayram,2026,Processes,10.3390/pr14101669,https://www.scopus.com/inward/record.uri?partnerID=HzOxMe3b&scp=105040180198&origin=inward,adjacent-subtopic,,scopus,llm,0.910,unreviewed,,doi:10.3390/pr14101669
discarded,Automatic detection of software design patterns using a language model on transformer architecture,J. Asaad,2026,Scientific and Technical Journal of Information Technologies Mechanics and Optics,10.17586/2226-1494-2026-26-2-324-330,https://www.scopus.com/inward/record.uri?partnerID=HzOxMe3b&scp=105035857396&origin=inward,adjacent-subtopic,,scopus,llm,0.960,unreviewed,,doi:10.17586/2226-1494-2026-26-2-324-330
discarded,Application Research of Object-Oriented Modeling in Short Video Recommendation Systems,X. Ma,2026,2026 6th International Symposium on Computer Technology and Information Science Isctis 2026,10.1109/ISCTIS70043.2026.11572350,https://www.scopus.com/inward/record.uri?partnerID=HzOxMe3b&scp=105044570381&origin=inward,adjacent-subtopic,,scopus,llm,0.940,unreviewed,,doi:10.1109/isctis70043.2026.11572350
discarded,An Optimization-Driven Framework for Refactoring Sequence Selection to Improve Software Maintainability,R. Maini,2026,2026 Innovations in Machine Engineering and Digital Conference Imed 2026,10.1109/IMED68921.2026.11484311,https://www.scopus.com/inward/record.uri?partnerID=HzOxMe3b&scp=105038368721&origin=inward,adjacent-subtopic,,scopus,llm,0.940,unreviewed,,doi:10.1109/imed68921.2026.11484311
discarded,Democratising high performance computing for bioinformatics through serverless cloud computing: A case study on CRISPR-Cas9 guide RNA design with Crackling Cloud,J. Bradford,2025,Plos Computational Biology,10.1371/journal.pcbi.1013819,https://www.scopus.com/inward/record.uri?partnerID=HzOxMe3b&scp=105026187037&origin=inward,adjacent-subtopic,,scopus,llm,0.910,unreviewed,,doi:10.1371/journal.pcbi.1013819
