status,title,authors,year,venue,doi,url,tags,abstract,provider,decision_source,llm_confidence,llm_review_outcome,llm_change_direction,paper_id
discarded,UML distilled: applying the standard object modeling language,Martin Fowler; Kendall Scott,1997,CERN Document Server (European Organization for Nuclear Research),,https://openalex.org/W1496748331,adjacent-subtopic,"Today, a software designer or architect who seeks to represent the design of a software system can choose from a wide variety of notational languages, each aligned with a particular analysis and design methodology. Ironically, this wide variety of choice is one impediment to the significant benefits promised by software reuse. The emergence of the Unified Modeling Language (UML) -- created by the joint efforts of leading object technologists Grady Booch, Ivar Jacobson, and James Rumbaugh with contributions from many others in the object community -- represents one of the most significant developments in object technology. Supported by a broad base of industry-leading companies, the UML merges the best of the notations used by the three most popular analysis and design methodologies, Booch, OOSE (use-cases), and OMT, to produce a single, universal modeling language that can be used with any method.Written for those already grounded in object-oriented analysis and design, this concise overview introduces you to UML, highlighting the key elements of its notation, semantics, and processes. Included is a brief explanation of UML's history, development, and rationale, as well as discussions on how UML can be integrated into the object-oriented development process. In addition, the book profiles various modeling techniques associated with UML -- use cases, CRC cards, design by contract, dynamic classification, interfaces, and abstract classes -- along with concise descriptions of notation and semantics and numerous insightful tips for effective use based on the authors' experience. In addition, the authors offer the first look at the emerging Objectory Software Development Process derivedfrom the methodologies of Grady Booch, Ivar Jacobson, and James Rumbaugh. To give you a feel for the UML in action, the book includes a Java programming example that outlines the implementation of a UML-based design.You will come away with an excellent understanding of UML essentials, insight into how UML functions within the software development process, and a firm foundation upon which to expand and build your knowledge of the Unified Modeling Language.",openalex,llm,0.970,unreviewed,,hash:a786596e29798f8a
discarded,Toward Interaction-Based Evaluation of Visualization Approaches to Comprehending Program Behavior,"Kaixie, Lyu; Noda, Kunihiro; Kobayashi, Takashi",2019,2019 IEEE 2ND INTERNATIONAL WORKSHOP ON MINING AND ANALYZING INTERACTION HISTORIES (MAINT '19),10.1109/maint.2019.8666933,https://www.webofscience.com/wos/woscc/full-record/WOS:000465255600005,adjacent-subtopic,"Reverse-engineered sequence diagrams are promising tools to comprehend the runtime behavior of object-oriented programs. To improve the readability and understandability of massive-scale sequence diagrams, various techniques for effectively exploring or compressing sequence diagrams have been proposed in the literature.

When researchers analyze the effectiveness of these approaches through user studies, it is important to reveal not only what techniques can improve developer productivity but also how developers explore reverse-engineered sequence diagrams and how exploration and compression features are utilized.

We developed a feature to record interactions between a developer and recovered sequence diagrams in our tool, SDExplorer. We show how the recorded interaction data can be used for indepth analysis of developer activities, toward the evaluation of visualization approaches to helping behavioral comprehension.",wos,llm,0.960,unreviewed,,doi:10.1109/maint.2019.8666933
discarded,Reusability of open source software across domains: A case study,"Paschali, Maria-Eleni; Ampatzoglou, Apostolos; Bibi, Stamatia; Chatzigeorgiou, Alexander; Stamelos, Ioannis",2017,JOURNAL OF SYSTEMS AND SOFTWARE,10.1016/j.jss.2017.09.009,https://www.webofscience.com/wos/woscc/full-record/WOS:000415909200013,adjacent-subtopic,"Exploiting the enormous amount of open source software (OSS) as a vehicle for reuse is a promising opportunity for software engineers. However, this task is far from trivial, since such projects are sometimes not easy to understand and adapt to target systems, whereas at the same time the reusable assets are not obvious to identify. In this study, we assess open source software projects, with respect to their reusability, i.e., the easiness to adapt them in a new system. By taking into account that domain-specific reuse is more beneficial than domain-agnostic; we focus this study on identifying the application domains that contain the most reusable software projects. To achieve this goal, we compared the reusability of approximately 600 OSS projects from ten application domains through a case study. The results of the study suggested that in every aspect of reusability, there are different dominant application domains. However, Science and Engineering Applications and Software Development Tools, have proven to be the ones that are the most reuse-friendly. Based on this observation, we suggest software engineers, who are focusing on the specific application domains, to consider reusing assets from open source software projects. (C) 2017 Elsevier Inc. All rights reserved.",wos,llm,0.970,unreviewed,,doi:10.1016/j.jss.2017.09.009
discarded,AutoMaS: An Automated Middleware Specialization Process for Distributed Real-time and Embedded Systems,"Dabholkar, Akshay; Gokhale, Aniruddha",2016,INTERNATIONAL JOURNAL OF NEXT-GENERATION COMPUTING,,https://www.webofscience.com/wos/woscc/full-record/WOS:000382662400001,adjacent-subtopic,"Developing distributed applications, particularly those for distributed, real-time and embedded (DRE) systems, is a difficult and complex undertaking due to the need to address four major challenges: the complexity of programming interprocess communication, the need to support a wide range of services across heterogeneous platforms and promote reuse, the need to efficiently utilize resources, and the need to adapt to changing conditions. The first two challenges are addressed to a large extent by standardized, general-purpose middleware (e.g. CORBA, DCOM and Java RMI) through the use of a ""black-box"" approach, such as the object-oriented paradigm (frameworks and design patterns). The need to support a large variety and range of applications and application domains has resulted in very feature-rich implementations of these standardized middleware. However, such a feature-richness acts counteractive to resolving the remaining two challenges; instead it incurs excessive memory footprint and performance overhead, as well as increased cost of testing and maintenance. To address the four challenges all at once while leveraging the benefits of general-purpose middleware requires a scientific approach to specializing the middleware. Software engineering techniques, such as aspect-oriented programming (AOP), feature-oriented programming (FOP), and reflection make the specialization task simpler, albeit still requiring the DRE system developer to manually identify the system invariants, and sources of performance and memory footprint bottlenecks that drive the specialization techniques. Specialization reuse is also hampered due to a lack of common taxonomy to document the recurring specializations, and assess the strengths and weaknesses of these techniques.

To address these requirements, this paper presents a case for an automated, multi-stage, feature-oriented middleware specialization process that improves both middleware developer productivity and middleware performance. Three specific contributions are made in this paper. First, contemporary middleware specialization research is framed in terms of a three-dimensional taxonomy. Second, the principles of separation of concerns are used in the context of this taxonomy to define six stages of a middleware specialization process lifecycle. Finally, a concrete implementation of the six stage, automated middleware specialization process is presented along with empirical data illustrating the benefits accrued using the framework.",wos,llm,0.970,unreviewed,,hash:a6a1df10f5a85005
discarded,An Empirical Study of Software Reuse and Q uality in an Industrial Setting,"Deniz, Berkhan; Bilgen, Semih",2014,"COMPUTATIONAL SCIENCE AND ITS APPLICATIONS - ICCSA 2014, PT V",,https://www.webofscience.com/wos/woscc/full-record/WOS:000349533300035,adjacent-subtopic,"Software reuse is known to be generally effective in reducing development and maintenance time and cost as well as increasing quality. In this paper, the effects of reuse on software quality in an industrial setting are empirically investigated within the framework of three different case studies. Throughout this study, we worked with Turkey's leading defense industry company Aselsan's software engineering department. We collected and calculated reuse and quality metrics as well as performance measures of individual embedded software modules and staff productivity rates. By analyzing these measurements, we developed suggestions to further benefit from reuse through systematic improvements to the reuse infrastructure and process.",wos,llm,0.970,unreviewed,,hash:6c6d250a73f40a32
discarded,Does Software Process Improvement Reduce the Severity of Defects? A Longitudinal Field Study,"Harter, Donald E.; Kemerer, Chris F.; Slaughter, Sandra A.",2012,IEEE TRANSACTIONS ON SOFTWARE ENGINEERING,10.1109/TSE.2011.63,https://www.webofscience.com/wos/woscc/full-record/WOS:000307120000005,adjacent-subtopic,"As firms increasingly rely on information systems to perform critical functions, the consequences of software defects can be catastrophic. Although the software engineering literature suggests that software process improvement can help to reduce software defects, the actual evidence is equivocal. For example, improved development processes may only remove the ""easier"" syntactical defects, while the more critical defects remain. Rigorous empirical analyses of these relationships have been very difficult to conduct due to the difficulties in collecting the appropriate data on real systems from industrial organizations. This field study analyzes a detailed data set consisting of 7,545 software defects that were collected on software projects completed at a major software firm. Our analyses reveal that higher levels of software process improvement significantly reduce the likelihood of high severity defects. In addition, we find that higher levels of process improvement are even more beneficial in reducing severe defects when the system developed is large or complex, but are less beneficial in development when requirements are ambiguous, unclear, or incomplete. Our findings reveal the benefits and limitations of software process improvement for the removal of severe defects and suggest where investments in improving development processes may have their greatest effects.",wos,llm,0.990,unreviewed,,doi:10.1109/tse.2011.63
discarded,An Aspect-Oriented Framework for Orthogonal Persistence,"Pereira, Rui Humberto R.; Garcia Perez-Schofield, J. Baltasar",2010,SISTEMAS Y TECNOLOGIAS DE INFORMACION,,https://www.webofscience.com/wos/woscc/full-record/WOS:000282903000009,adjacent-subtopic,"The life cycle of software applications in general is very short and with extreme volatile requirements. Within these conditions programmers need development tools and techniques with an extreme level of productivity. We consider the code reuse as the most prominent approach to solve that problem. Our proposal uses the advantages provided by the Aspect-Oriented Programming in order to build a reusable framework capable to turn both programmer and application oblivious as far as data persistence is concerned, thus avoiding the need to write any line of code about that concern. Besides the benefits to productivity, the software quality increases.

This paper describes the actual state of the art, identifying the main challenge to build a complete and reusable framework for Orthogonal Persistence in concurrent environments with support for transactions. The present work also includes a successfully developed prototype of that framework, capable of freeing the programmer of implementing any read or write data operations. This prototype is supported by an object oriented database and, in the future, will also use a relational database and have support for transactions.",wos,llm,0.970,unreviewed,,hash:7e5b8ad5d6bdcbbb
kept,A comparison of structured analysis and object oriented analysis - An experimental study,"Falessi, Davide; Cantone, Giovanni; Grande, Claudio",2007,"ICSOFT 2007: PROCEEDINGS OF THE SECOND INTERNATIONAL CONFERENCE ON SOFTWARE AND DATA TECHNOLOGIES, VOL SE",,https://www.webofscience.com/wos/woscc/full-record/WOS:000252427700035,qualifies-claim,"Despite the fact that object oriented paradigm is actually widely adopted for software analysis, design, and implementation, there are still a large number of companies that continue to utilize the structured approach to develop software analysis and design. The fact is that the current worldwide agreement for object orientation is not supported by enough empirical evidence on advantages and disadvantages of object orientation vs. other paradigms in different phases of the software development process. In this work we describe an empirical study focused on comparing the time required for analyzing a data management system by using both object orientation and a structural technique. We choose the approach indicated by the Rational Unified Process, and the Structured Analysis and Design Technique, as instances of object oriented and structured analysis techniques, respectively. The empirical study that we present considers both an uncontrolled and a controlled experiment with Master students. Its aim is to analyze the effects of those techniques to software analysis both for software development from scratch, and enhancement maintenance, respectively. Results show no significant difference in the time required for developing or maintaining a software application by applying those two techniques, whatever is the order of their application. However we found two major tendencies regarding object orientation: 1) it is more sensitive to subjects' peculiarities, and 2) it is able to provide some reusability advantages already at the analysis level. Since such result concerns a one-hour-size enhancement maintenance, we expect significant benefits from using object orientation, in case of real-size extensions.",wos,llm,0.900,unreviewed,,hash:9c3026caafb67a76
discarded,No name: Just notes on software reuse,"Biddle, R; Martin, A; Noble, J",2003,ACM SIGPLAN NOTICES,,https://www.webofscience.com/wos/woscc/full-record/WOS:000188198700010,adjacent-subtopic,"In the beginning, so our myths and stories tell us, the programmer created the program from the eternal nothingness of the void. In, this essay, we recognise that programs these days are like any other assemblage, and suggest that in fact programming has always been about reuse. We also explore the nature of reuse, and claim that Components themselves are not the most important consideration for reuse; it is the end product, the composition. The issues still involve value, investment, and return. But pervasive reuse promotes a change in the method of construction of the program, and in the program itself.",wos,llm,0.970,unreviewed,,hash:51ec1fd4f1b6b500
discarded,Software reuse through re-engineering the legacy systems,"Guo, J",2003,INFORMATION AND SOFTWARE TECHNOLOGY,10.1016/S0950-5849(03)00047-8,https://www.webofscience.com/wos/woscc/full-record/WOS:000184069700005,adjacent-subtopic,"Software reuse is widely considered to be a way to increase the productivity and improve the quality and reliability of new software systems. Identifying, extracting and re-engineering software components that implement abstractions within existing systems is a promising cost-effective way to create reusable assets and re-engineer legacy systems. This paper summarizes our experiences with using computer-supported methods to develop a software architecture to support the re-engineering of the Janus Combat Simulation System. In this effort, we have developed an object-oriented architecture for the Janus Combat Simulation Subsystem, and validated the architecture with an executable prototype. In this paper, we propose methods to facilitate the reuse of the software components of the legacy systems by recovering the behavior of the systems using systematic methods, and illustrate their use in the context of the Janus System. (C) 2003 Elsevier Science B.V. All rights reserved.",wos,llm,0.920,unreviewed,,doi:10.1016/s0950-5849(03)00047-8
discarded,The role of similarity in the reuse of object-oriented analysis models,"Irwin, G",2002,JOURNAL OF MANAGEMENT INFORMATION SYSTEMS,,https://www.webofscience.com/wos/woscc/full-record/WOS:000178466300007,adjacent-subtopic,"Software reuse-the application of existing software artifacts in the development of a new system-has been claimed to dramatically improve systems development productivity and quality. These claims have been particularly pronounced with respect to the reuse of object-oriented (OO) software artifacts. However, the empirical evaluations of these claims are relatively sparse and often inconsistent. This paper begins to address the gap in the literature. A verbal-protocol study was conducted in which analysts created a model for a problem (the target) and were given an example problem and solution (the source) to reuse. The results show little support for reuse in OO analysis. First, reuse had no effect on the quality of the OO analysis models. Subjects given a highly reusable example produced solutions that were no better than those of subjects in the control group. Second, the degree of similarity between the source and target problems did have an effect on the reuse process, although it did not impact the reuse outcome. Subjects given the example with the most similarity to the target problem quickly recognized the reuse potential, attempted a fair amount of reuse, but made several errors stemming from lazy copying. Subjects given an example with a lesser (but still significant) degree of similarity were often unable to recognize the reuse potential, and thus engaged in less reuse activity. Thus, the characteristics of the source-target comparison that facilitate noticing the reuse potential of the source do not necessarily help in applying the source solution to the target problem. These results suggest that the claims associated with reuse should be treated with a healthy dose of skepticism.",wos,llm,0.900,unreviewed,,hash:e75041361ff95f38
discarded,Integrated support for software reuse in case,"Houhamdi, Z",2002,MODELLING AND SIMULATION 2002,,https://www.webofscience.com/wos/woscc/full-record/WOS:000177652300017,adjacent-subtopic,"Software reuse has been claimed to be one of the most promising approaches to enhance programmer productivity and software quality. One of the problems to be addresses to achieve high software reuse is organizing databases of software experience, in which information on software products and processes is stored and organized to enhance reuse.

Object-oriented software libraries expand in size more rapidly than other type of software library. This paper presents a simple approach for aiding reuse in software development using object-oriented library. Our approach improves the effectiveness of code searching by reorganizing the library with facet classification scheme and thesaurus. Information in specification models, such as Data Flow Diagrams (DFDs), is extracted through object abstraction and then used as a query input. We are currently implementing a Computer-Aided Reuse Tool (CART) based on the approach.",wos,llm,0.960,unreviewed,,hash:059779694e7fddf5
