status,title,authors,year,venue,doi,url,tags,abstract,provider,decision_source,llm_confidence,llm_review_outcome,llm_change_direction,paper_id
We report on an empirical study that aims of to investigate the effect of class structure on program comprehension for novices using controlled experimentation in which the treatments were a simple program without class structure versus the same program with classes present; they are termed respectively as: Non-Class based program and as Class based program. Data was collected from three different sets of experiments comprising of a total of 211 undergraduate first year computer science students from different institutions.

Preliminary findings of this investigation are reported, in particular results indicate that Class based programs were more understandable, readable, and accessible than the corresponding Non-Class based programs. Our findings align with and support those works that claim the cognitive benefits of the OO paradigm. Directions for future research are highlighted.",wos,llm_reviewed,0.860,changed,discarded->kept,hash:2de23de17a1b44ae
discarded,Enabling Program Comprehension through a Visual Object-focused Development Environment,"Olivero, Fernando; Lanza, Michele; D'Ambros, Marco; Robbes, Romain",2011,2011 IEEE SYMPOSIUM ON VISUAL LANGUAGES AND HUMAN-CENTRIC COMPUTING (VL/HCC 2011),,https://www.webofscience.com/wos/woscc/full-record/WOS:000299283500021,adjacent-subtopic,"Integrated development environments (IDEs) include many tools that provide the means to construct programs. Coincidentally, the very same IDEs are a primary vehicle for program comprehension. We claim that IDEs may be an impediment for program comprehension because they treat software elements as text, which may be counterproductive in the context of program understanding-where abstracting from the source text to the level of structural entities and relationships is the key.

We are currently building Gaucho, a visual object-focused environment that allows developers to write programs by creating and manipulating lightweight and intuitive depictions of object-oriented constructs. The research question we investigate here is how such an environment compares with traditional IDEs when it comes to performing program comprehension tasks.

To answer our question, we conducted a preliminary controlled experiment with eight subjects, comparing Gaucho against a traditional IDE. We found that Gaucho outperforms the IDE regarding the correctness of the tasks, while it is slower with respect to the completion time. Our preliminary results suggest that alternative-visual-IDEs may be superior to traditional IDEs as program comprehension aids.",wos,llm,0.940,unreviewed,,hash:9bb1a5218545f0e6
discarded,An Experimental Comparison of Use Case Models Understanding by Novice and High Knowledge Users,"Mustafa, Balsam A.",2010,"NEW TRENDS IN SOFTWARE METHODOLOGIES, TOOLS AND TECHNIQUES",10.3233/978-1-60750-629-4-182,https://www.webofscience.com/wos/woscc/full-record/WOS:000321118000011,adjacent-subtopic,"Use cases were introduced into the Unified Modeling Language to capture the functional requirements in object oriented systems development. This work reports the results of comparing two controlled experiments conducted on use case models with different subjects, in which the effect of use case format on users understanding of systems requirements is assessed. Replication with subjects of different knowledge in use case technique allowed us to investigate whether subjects experience play any role in the comprehension of use case models. The results of the controlled experiments showed that for the comprehension tasks, which required only surface understanding of the Use Case model, the provision of diagrams along with the textual use case descriptions significantly improved comprehension performance of both novice and high knowledge users. However, diagrams had no effect on users performance in the deep understanding tasks. Moreover, there was no evidence that prior experience with use cases has influenced subject's performance in surface and deep understanding tasks in familiar and unfamiliar application domains.",wos,llm,0.980,unreviewed,,doi:10.3233/978-1-60750-629-4-182
discarded,An Empirical Exploration of Regularities in Open-Source Software Lexicons,"Pierret, Derrin; Poshyvanyk, Denys",2009,ICPC: 2009 IEEE 17TH INTERNATIONAL CONFERENCE ON PROGRAM COMPREHENSION,,https://www.webofscience.com/wos/woscc/full-record/WOS:000274369800026,adjacent-subtopic,"The software lexicon is an important source of information during program comprehension activities and it has been in the focus of several recent case studies. Identifiers and comments, which constitute a lexicon in software, encode domain concepts and design decisions made by programmers.

The paper presents an exploratory study that investigates regularities in the software lexicons of open-source projects by analyzing distributions of tokens in diverse software artifacts. The study examined source code of 142 systems from different domains, written in 12 different programming languages, as well as bug reports and external documentation. We discover that distributions of lexical tokens in studied artifacts follow the Zipf-Mandelbrot law, which is an empirical law in statistical natural language processing. Furthermore, the study reveals that the Zipf-Mandelbrot law is not confined to program lexicons in object-oriented languages, as shown in the previous studies, but also emerges in source code written using procedural, functional and markup languages, as well as other software artifacts.

Our study also indicates that a previously devised software science equation does not hold for describing the program vocabulary-length relationship and more studies are necessary.",wos,llm,0.980,unreviewed,,hash:aba6ccf0d49a4226
discarded,Crosscutting Patterns and Design Stability: An Exploratory Analysis,"Figueiredo, Eduardo; Silva, Bruno; Sant'Anna, Claudio; Garcia, Alessandro; Whittle, Jon; Nunes, Daltro",2009,ICPC: 2009 IEEE 17TH INTERNATIONAL CONFERENCE ON PROGRAM COMPREHENSION,,https://www.webofscience.com/wos/woscc/full-record/WOS:000274369800016,adjacent-subtopic,"It is often claimed that inaccurate modularisation of crosscutting concerns hinders program comprehension and, as a consequence, leads to harmful software instabilities. However, recent studies have pointed out that crosscutting concerns are not always harmful to design stability. Hence, software maintainers would benefit from well documented patterns of crosscutting concerns and a better understanding about their actual impact on design stability. This paper presents a catalogue of crosscutting concern patterns recurrently observed in software systems. These patterns are described and classified based on an intuitive vocabulary that facilitates their recognition by software engineers. We analysed instances of the crosscutting patterns in object-oriented and aspect-oriented versions of three evolving programs. The outcomes of our exploratory evaluation indicated that: (i) a certain category of crosscutting patterns seems to be good indicator of harmful instabilities, and (ii) aspect-oriented solutions were unable to modularise concerns matching some crosscutting patterns.",wos,llm,0.970,unreviewed,,hash:13cf2581d0e44e04
kept,The process of software maintenance: a comparison of object-oriented and third-generation development languages,"Eierman, Michael A.; Dishaw, Mark T.",2007,JOURNAL OF SOFTWARE MAINTENANCE AND EVOLUTION-RESEARCH AND PRACTICE,10.1002/smr.343,https://www.webofscience.com/wos/woscc/full-record/WOS:000244585900002,qualifies-claim; lage,"We suggest that there is a lack of empirical evidence for claims that object-oriented software has an advantage in terms of software maintenance. We use a model of software maintenance that suggests that the maintenance task and programming language have an impact on the maintenance process and, in turn, use the maintenance process to explore the impact of the programming language on the maintenance process. A field study design, using students, examined the perceived difference in process employed by students using an object-oriented language and those using a third-generation language. We found a difference in the perceived process used by the two groups of students. Students using the object-oriented language perceived that they performed more planning and diagnosis activities during the maintenance process and students using a third-generation language perceived that they performed more knowledge building activities. Copyright (C) 2007 John Wiley & Sons, Ltd.",wos,llm_reviewed,0.980,confirmed,,doi:10.1002/smr.343
discarded,Object-oriented cohesion as a surrogate of software comprehension: an empirical study,"Counsell, S; Swift, S; Tucker, A",2005,"FIFTH IEEE INTERNATIONAL WORKSHOP ON SOURCE CODE ANALYSIS AND MANIPULATION, PROCEEDINGS",,https://www.webofscience.com/wos/woscc/full-record/WOS:000233859700016,adjacent-subtopic,"The concept of software cohesion in both the procedural and object-oriented paradigm is well known and documented. What is not so well known or documented is the perception of what empirically constitutes a cohesive 'unit' by software engineers. In this paper, we describe an empirical investigation using object-oriented (OO) classes as a basis. Twenty-four subjects (drawn from IT experienced and IT inexperienced groups) were asked to rate ten classes sampled from two industrial systems in terms of their overall cohesiveness; a class environment was used to carry out the study. Four key results were observed. Firstly, class size (when expressed in terms of number of methods) did not tend to influence the perception of cohesion by any subjects. Secondly, well-commented classes were rated most highly amongst both IT experienced and inexperienced subjects. Thirdly, the empirical study suggests that cohesion comprises a combination of various class factors including low coupling, small numbers of attributes and well-commented methods, rather than any single, individual class feature per se. Finally, the research supports the view that cohesion is a subjective concept reflecting a cognitive combination of class features; as such it is a surrogate for class comprehension.",wos,llm,0.970,unreviewed,,hash:a4eef33a1321ea46
kept,Evaluating the effect of a delegated versus centralized control style on the maintainability of object-oriented software,"Arisholm, E; Sjoberg, DIK",2004,IEEE TRANSACTIONS ON SOFTWARE ENGINEERING,,https://www.webofscience.com/wos/woscc/full-record/WOS:000222605000003,qualifies-claim; mot,"A fundamental question in object-oriented design is how to design maintainable software. According to expert opinion, a delegated control style, typically a result of responsibility-driven design, represents object-oriented design at its best, whereas a centralized control style is reminiscent of a procedural solution, or a ""bad"" object-oriented design. This paper presents a controlled experiment that investigates these claims empirically. A total of 99 junior, intermediate, and senior professional consultants from several international consultancy companies were hired for one day to participate in the experiment. To compare differences between (categories of) professionals and students, 59 students also participated. The subjects used professional Java tools to perform several change tasks on two alternative Java designs that had a centralized and delegated control style, respectively. The results show that the most skilled developers, in particular, the senior consultants, require less time to maintain software with a delegated control style than with a centralized control style. However, more novice developers, in particular, the undergraduate students and junior consultants, have serious problems understanding a delegated control style, and perform far better with a centralized control style. Thus, the maintainability of object-oriented software depends, to a large extent, on the skill of the developers who are going to maintain it. These results may have serious implications for object-oriented development in an industrial context: Having senior consultants design object-oriented systems may eventually pose difficulties unless they make an effort to keep the designs simple, as the cognitive complexity of ""expert"" designs might be unmanageable for less skilled maintainers.",wos,llm_reviewed,0.990,confirmed,,hash:89f1c7180fe5dbf2
discarded,The optimal class size for object-oriented software,"El Emam, K; Benlarbi, S; Goel, N; Melo, W; Lounis, H; Rai, SN",2002,IEEE TRANSACTIONS ON SOFTWARE ENGINEERING,,https://www.webofscience.com/wos/woscc/full-record/WOS:000175398600005,adjacent-subtopic,"A growing body of literature suggests that there is an optimal size for software components. This means that components that are too small or too big will have a higher defect content (i.e., there is a U-shaped curve relating defect content to size). The U-shaped curve has become known as the ""Goldilocks Conjecture."" Recently, a cognitive theory has been proposed to explain this phenomenon and it has been expanded to characterize object-oriented software. This conjecture has wide implications for software engineering practice. It suggests 1) that designers should deliberately strive to design classes that are of the optimal size, 2) that program decomposition is harmful. and 3) that there exists a maximum (threshold) class size that should not be exceeded to ensure fewer faults in the software, The purpose of the current paper is to evaluate this conjecture for object-oriented systems. We first demonstrate that the claims of an optimal component/class size (1) above) and of smaller components/classes having a greater defect content (2) above) are due to a mathematical artifact in the analyses performed previously. We then empirically test the threshold effect claims of this conjecture (3) above). To our knowledge, the empirical test of size threshold effects for object-oriented systems has not been performed thus far, We performed an initial study with an industrial C++ system and repeated it twice on another C++ system and on a commercial Java application. Our results provide unambiguous evidence that there is no threshold effect of class size. We obtained the same result for three systems using four different size measures. These findings suggest that there is a simple continuous relationship between class size and faults, and that, optimal class size, smaller classes are better and threshold effects conjectures have no sound theoretical nor empirical basis.",wos,llm,0.960,unreviewed,,hash:ba83b1ba34e48653
discarded,The role of comprehension in software inspection,"Dunsmore, A; Roper, M; Wood, M",2000,JOURNAL OF SYSTEMS AND SOFTWARE,,https://www.webofscience.com/wos/woscc/full-record/WOS:000087382100005,adjacent-subtopic,"In spite of code inspections having been demonstrated as an effective defect detection process, little work has been done to determine how this process best supports the object-oriented paradigm. In contrast, this paradigm (or at least its questionable manifestation in C++) is well supported by tools that purport to aid comprehension. These tools typically take the form of visualisation tools designed to assist in the maintenance process, and it is natural to consider that these tools (or adaptations thereof) might also support inspection. However, since these tools claim to aid comprehension, it is important to consider the role of comprehension in inspection. Or put simply, does comprehension matter, or are there simple techniques in existence which are similarly effective in detecting defects? This paper presents the issues associated with inspections land the complications presented by the object-oriented paradigm) and comprehension, and presents the results of two experiments which considered the relationship between comprehension and inspection. The results indicate a relationship, but further work is needed to determine the precise nature of this relationship and how inspections might best be supported in the future. (C) 2000 Elsevier Science Inc. All rights reserved.",wos,llm,0.930,unreviewed,,hash:4474695cee1600d7
discarded,Developing a low-cost high-quality software tool for dynamic fault-tree analysis,"Dugan, JB; Sullivan, KJ; Coppit, D",2000,IEEE TRANSACTIONS ON RELIABILITY,,https://www.webofscience.com/wos/woscc/full-record/WOS:000088552100007,adjacent-subtopic,"Sophisticated modeling and analysis methods are being developed in academic and industrial research labs for reliability engineering and other domains. The evaluation and evolution of such methods based on use in practice is critical to research progress, but few such methods see widespread use. A critical impediment to disseminating new methods is the inability to produce, at a reasonable cost, supporting software tools that have the

usability and dependability characteristics that industrial users require,

evolvability to accommodate software change as the underlying analysis methods are refined AR?) enhanced.

The difficulty of software development thus emerges as a key impediment to advances in engineering modeling and analysis.

Today, producing sophisticated software tools is costly and difficult, even for capable software developers. One problem is that when common design-methods, such as object-oriented programming, are used to build such tools, the results are often large, complex, and thus costly programs. Tools on the order of a million lines of code are typical, with much of the code devoted to

tool interoperability,

human-computer interface, other issues not directly related to modeling and analysis.

Making matters worse, domain experts, such as reliability engineering researchers, often lack skills in modern software development, while software engineers and researchers lack knowledge of the application domains. All too often the results of tool-development efforts today are thus

costly,

hard to use,

not dependable,

essentially unmaintainable.

This paper presents an approach to tool development that attacks these problems. Progress requires synergistic, interdisciplinary collaborations between application-domain and software-engineering researchers. We have pursued such an approach in developing Galileo: a fault tree modeling and analysis tool. These innovations are described in 2 dimensions

1) The Galileo core reliability modeling and analysts function.

2) Our work on software engineering for high-quality, low-cost modeling and analysis tools.

In the reliability engineering domain, Galileo supports precise, modular, dynamic fault-tree analysis using techniques developed primarily by Dugan and her colleagues. This approach addresses the problem that a single analysis technique seldom applies to an entire system. A good reliability engineer uses different techniques to analyze different parts of a system

decomposing a complex model into smaller pieces,

applying different analysis techniques to submodels,

integrating partial results into a system-level result.

Manually decomposing systems into parts, developing submodels, analyzing them with different tools and techniques, and integrating the partial results is tedious and error prone at best. By contrast, Galileo-

automatically detects independent(1) sub-trees;

translates them into appropriate submodels based on Markov chains, Boolean decision diagrams, and other formalisms,

analyzes the submodels;

integrates the results.

Galileo supports precise analysis while exploiting modularity for scalability in solving problems that require time and space that is exponential in the number of basic events in the worst-case.

This software engineering approach centers on the component-based design techniques of Sullivan and his colleagues. A key element of the approach is the use of mass-market software packages as large components, viz, package-oriented programming. It achieves at low cost

an effective human-computer interface,

tool interoperability,

considerable dependability for the function delivered.

Low-cost means that the effort involves a small handful of graduate and undergraduate students and faculty. Sullivan's mediator-based design approach is also used at several scales to support an integrated, multi-view environment in which it is possible to edit fault trees in either textual or graphical form, while fostering dependability and evolvability. To help validate this modeling approach and to verify its implementation, both natural-language and formal specifications are being developed for the fault-tree gates and their interactions.

Galileo has been evaluated against commercially available fault tree analysis tools. The results highlight the need for fidelity in analysis. Testing two tools popular in the reliability engineering community revealed the same algorithmic error in both, despite their claimed ability to provide exact solutions. At the intersection of software and reliability engineering, the redundancy inherent in the use of multiple analysis techniques in Galileo is used as an aid to testing this software. Galileo has been acquired by hundreds of sites. We are now building an enhanced version with NASA Langley Research Center.",wos,llm,0.870,unreviewed,,hash:31a382caa25783d2
