status,title,authors,year,venue,doi,url,tags,abstract,provider,decision_source,llm_confidence,llm_review_outcome,llm_change_direction,paper_id
discarded,Software Requirements Patterns and Meta Model: A Strategy for Enhancing Requirements Reuse (RR),Badamasi Imam Ya'u; Azlin Nordin; Norsaremah Salleh,2016,2016 6th International Conference on Information and Communication Technology for The Muslim World (ICT4M),10.1109/ICT4M.2016.047,https://ieeexplore.ieee.org/document/7814900/,adjacent-subtopic,"Reuse is a fundamental activity in software development lifecycle, which can be employed at any stage of development. Reuse of software artefacts, such as requirements, architectures, models, test cases among others, improves software quality and productivity. Because of its higher level of abstraction, requirements reuse (RR) is recognized as reuse approach that can provide more benefits in software development. A number of RR approaches are reported in the literature. These include domain-specific, pattern-based, ontology-based and general approaches. However, these approaches lack a strategy that could incorporate some key aspects of reuse, which are, reusable structure, variability modeling (VM) and traceability of software artefacts. In line with this, we make our contribution in this paper by (1) presenting the concepts and importance of software requirements patterns (SRP) and meta model for the enhancement of RR, (2) proposing a meta modeling strategy based on software product line engineering (SPLE), which comprises SRP, VM and traceability. We believe our proposal is novel and can support developers in SPL and model-driven engineering (MDE) benefit more from reuse in the course of software developments.",ieee,llm,0.980,unreviewed,,doi:10.1109/ict4m.2016.047
discarded,Building reusable software,S. Parker,1999,Proceedings Technology of Object-Oriented Languages and Systems. TOOLS 29 (Cat. No.PR00275),10.1109/TOOLS.1999.779098,https://ieeexplore.ieee.org/document/779098/,adjacent-subtopic,"Summary form only given, as follows. Reusing software improves quality as well as productivity. In practice, it is hard to achieve significant levels of reuse in commercial applications beyond generic support software. This tutorial will present programming and design techniques for achieving more reuse. The first session will examine the obstacles to reuse in commercial data processing, and illustrate the potential benefits. The main session will: 1) consider design reuse, source code reuse and routine libraries; 2) review the principles of modular design, cohesion, coupling and information hiding; 3) show how inheritance and dynamic binding extend and enhance these established techniques. The final session addresses organisational aspects of reuse, an alternative project lifecycle, metrics and developer motivation. The tutorial is intended for developers and their managers regardless of language, method or platform.",ieee,llm,0.920,unreviewed,,doi:10.1109/tools.1999.779098
discarded,Clean Architecture with Python: Implement scalable and maintainable applications using proven architectural principles,Sam Keen,2025,Clean Architecture with Python: Implement scalable and maintainable applications using proven architectural principles,,https://ieeexplore.ieee.org/document/11098995/,adjacent-subtopic,"Future-proof your Python projects by creating flexible code that adapts to changing requirements with the help of this hands-on guide to achieving Clean ArchitectureKey FeaturesLearn Clean Architecture through a series of real-world, code-centric examples and exercisesOptimize system componentization, significantly reducing maintenance burden and overall complexityApply Clean Architecture concepts confidently to new Python projects and legacy code refactoringPurchase of the print or Kindle book includes a free PDF eBookBook DescriptionIn the rapidly evolving tech industry, software applications struggle to keep pace with changing business needs, leaving developers grappling with complex codebases that resist change, ultimately reducing productivity and increasing technical debt. Clean Architecture with Python offers a powerful approach to address these challenges. Drawing from his extensive experience architecting cloud-native systems, Sam Keen helps you transform complex architectural challenges into digestible, implementable solutions. This book teaches essential principles for effective development, emphasizing the Pythonic implementation of Clean Architecture. Through practical examples, you'll learn how to create modular, loosely coupled systems that are easy to understand, modify, and extend. The book covers key concepts such as the Dependency Rule, separation of concerns, and domain modeling, all tailored for Python development. By the end of this book, you'll be able to apply Clean Architecture principles effectively in your Python projects. Whether you're building new systems or managing existing ones, you'll have the skills to create more maintainable and adaptable applications. This approach will enhance your ability to respond to changing requirements, setting you up for long-term success in your development career.What you will learnApply Clean Architecture principles idiomatically in PythonImplement domain-driven design to isolate core business logicApply SOLID principles in a Pythonic context to improve code qualityStructure projects for maintainability and ease of modificationDevelop testing techniques for cleanly architected Python applicationsRefactor legacy Python code to adhere to Clean Architecture principlesDesign scalable APIs and web applications using Clean ArchitectureWho this book is forIf you're a Python developer struggling with maintaining and extending complex codebases, this book is for you. It's ideal for intermediate developers looking to enhance their architectural skills as well as senior developers seeking to formalize their knowledge of Clean Architecture in Python. While beginners can benefit, prior experience with Python and object-oriented programming is recommended.",ieee,llm,0.980,unreviewed,,hash:199453dbb3b0d693
discarded,A case study in the use of multiple inheritance in designing a library of reusable software components,T. Pole,1991,IEEE Proceedings of the SOUTHEASTCON '91,10.1109/SECON.1991.147961,https://ieeexplore.ieee.org/document/147961/,adjacent-subtopic,"A major feature of object-oriented programming languages (OOPLs) that promotes reuse is the ability to define new classes of components that inherit all or part of their definition from existing classes. Inheritance of features from existing classes is accomplished through three techniques: single inheritance, aggregation, and multiple inheritance. The author discusses the use of all three techniques in the production of a multirepresentational information retrieval system, Proteus. The present case study reviews the development of an application using inheritance, not an OOPL compiler. It is argued that, in at least some domains, multiple inheritance is a powerful tool with benefits that cannot be achieved using only single inheritance and aggregation.<>",ieee,llm,0.920,unreviewed,,doi:10.1109/secon.1991.147961
discarded,An Adaptive Approach for defect Prediction using Dynamic Classifiers Selection,Ashutosh Upadhyay; Sushant Kumar Pandey; Anil Kumar Tripathi,2022,2022 International Conference on Knowledge Engineering and Communication Systems (ICKES),10.1109/ICKECS56523.2022.10059946,https://ieeexplore.ieee.org/document/10059946/,adjacent-subtopic,"Software Defect Prediction (SDP) approaches use learning methods to classify classes/module/files into the defective or non-defective or provide the possibility that a class can show faulty behaviors in the future. Since there are several classifiers that can give optimal results using ensemble learning methods, they are developed to estimate the defect-proneness of a class by combining prediction outcomes obtained from different classifiers. We are employing an ensemble learning technique and building an adaptive approach for performing bug prediction by dynamically selecting one classifier from a set of machine learning classifiers, that predicts if a class is bug prone or not based on characteristics of static software metrics captured for class. We are proposing a new Adaptive Approach for Bug Prediction using Dynamically Classifier Selection (ADCS) which dynamically selects the best base learning that better predicts bug-proneness of a class based on characteristics of the class. We have used datasets obtained from the PROMISE repository (developed by NASA) for 30 Software system. Our results indicates that ADCS perform better compared to 5 different classifiers which are used to predict bug-proneness independently and when Validation and Voting (VV) ensemble technique used to combine classifiers output with majority voting. We found that the ADCS outperforms in 26 projects and avoids class imbalance and overfitting problems.",ieee,llm,0.990,unreviewed,,doi:10.1109/ickecs56523.2022.10059946
discarded,Pattern-oriented analysis and design (POAD): a structural composition approach to glue design patterns,S.M. Yacoub; H.H. Ammar,2000,Proceedings. 34th International Conference on Technology of Object-Oriented Languages and Systems - TOOLS 34,10.1109/TOOLS.2000.868978,https://ieeexplore.ieee.org/document/868978/,adjacent-subtopic,"To improve software productivity, we have to stop developing applications from scratch and make use of exiting solutions that have been applied, tested, and proven useful in successful projects. Patterns promise new design reuse benefits early in the development lifecycle. To reap the benefits of deploying these proven design solutions, we need to define systematic development approaches to construct application designs using patterns. We introduce a novel pattern-oriented analysis and design (POAD) approach that utilizes patterns as building blocks (components) at the design level. The approach glues the design structure of patterns at various levels of abstraction for the purpose of developing pattern oriented designs. We describe the development phases and steps using a purpose/process/product template. We use a running example to describe the application of each step. The POAD approach produces hierarchical traceable design models that capture interaction between patterns.",ieee,llm,0.970,unreviewed,,doi:10.1109/tools.2000.868978
discarded,Combinatorial model and aspect-oriented extension of architecture description language,Zhang Jingjun; Zhang Yang; Li Furong,2005,"ITRE 2005. 3rd International Conference on Information Technology: Research and Education, 2005.",10.1109/ITRE.2005.1503123,https://ieeexplore.ieee.org/document/1503123/,adjacent-subtopic,"Component-based software development approach is one of the most promising solutions for the emerging high development cost, low productivity, unmanageable software quality and high risk. This approach, however, encounters some problems about unseparated crosscutting concerns that are easy to lead to the code-tangling and code-scattering. Aspect-oriented programming enables the handling of crosscutting concerns and implements the separation of concerns. It will help to understand the software system better and strengthen the adaptability, maintainability and reusability of the final software. This paper defines the aspect model at first, and then the static and dynamic combinatorial semantic between component and aspect are described. The definition is an extension of traditional architecture model. Based on the definition, we extend the XADL by introducing the aspect, which enhances the nonfunctional properties description capability of ADL. Furthermore, using the ATM system as an example, we illustrate how to describe the system with the label we defined.",ieee,llm,0.980,unreviewed,,doi:10.1109/itre.2005.1503123
discarded,Using models for test generation and analysis,M.R. Blackburn,1998,17th DASC. AIAA/IEEE/SAE. Digital Avionics Systems Conference. Proceedings (Cat. No.98CH36267),10.1109/DASC.1998.741501,https://ieeexplore.ieee.org/document/741501/,adjacent-subtopic,"Software testing will play a role in the development of software systems for some time to come. Although testing can account for 40 to 75 percent of the lifetime development and maintenance costs, the results summarized in this paper provide promising evidence that the use of test automation to support the manually intensive test generation and model-based analysis is feasible and practical. There is a great need to demonstrate and integrate new and advanced technologies. This paper describes an environment developed to validate the use of model-based translators on real-world applications. The environment integrates model-based development tools with a specification-based test vector generator and specification-based coverage analyzer.",ieee,llm,0.990,unreviewed,,doi:10.1109/dasc.1998.741501
discarded,A Componentized Architecture for Externalized Business Rules,Mukundan K. Agaram; Brenda Laird,2010,2010 14th IEEE International Enterprise Distributed Object Computing Conference,10.1109/EDOC.2010.26,https://ieeexplore.ieee.org/document/5630332/,adjacent-subtopic,"Delta Dental is the leading provider of Dental benefits in the Midwest, serving nearly 5.1 million members. Delta Dental of Michigan uses Business Rules to articulate complex claims adjudication rules, from legacy COBOL programs. These rules are entirely authored, managed, tested and governed by Subject Matter Experts with no programming background. The Business Rules Architecture incorporates a componentized approach to authoring and organizing Business Rules which promotes extensive rule reuse at several levels through layered components. To mitigate complexity, the framework provides features for sandbox testing and regression testing of the rules by the Business Users. It also provides a rich reporting and trace ability back to the Policy charter. As a result of this framework a legacy adjudication COBOL program of 50,000+ lines were reduced to 30+ reusable rules. Nearly 94 % of the claims processed are automatically adjudicated by the rules engine. The purpose of this paper is to describe in detail the insights gained from the architecture and the measurable productivity gains accomplished.",ieee,llm,0.910,unreviewed,,doi:10.1109/edoc.2010.26
discarded,A systematic method of reusing objects extracted from legacy systems,Jiang Guo,2002,Proceedings Ninth Annual IEEE International Conference and Workshop on the Engineering of Computer-Based Systems,10.1109/ECBS.2002.999836,https://ieeexplore.ieee.org/document/999836/,adjacent-subtopic,"Billions of dollars are spent each year on computer software. Much of this effort is spent on creating and testing new source code. In order to save money, increase productivity, and improve reliability, academic and industrial institutions have put forth a lot of effort on software reuse. Identifying, extracting and reengineering software components that implement abstractions within existing systems is a promising cost-effective way to create reusable assets and re-engineer legacy systems. This paper summarizes our experiences with using computer-supported methods to develop a software architecture to support the re-engineering of the Janus Combat Simulation System. In this effort, we have developed an object-oriented architecture for the Janus and validated the architecture with an executable prototype. In this paper, we propose methods to facilitate the reuse of the software component of these systems by recovering the behavior of the systems using systematic methods, and illustrate their use in the context of the Janus System.",ieee,llm,0.900,unreviewed,,doi:10.1109/ecbs.2002.999836
discarded,A reuse-driven approach for rapid telephone service creation,B.S. Ku,1994,Proceedings of 1994 3rd International Conference on Software Reuse,10.1109/ICSR.1994.365810,https://ieeexplore.ieee.org/document/365810/,adjacent-subtopic,"The ability to differentiate a telephone service offering quickly, reliably and cost-effectively can give service providers and network operators a competitive edge, attracting more customers and revenue. Customers can also improve their own telecommunications productivity depending on their business needs, thereby increasing their revenues and reducing costs. This paper advocates a reuse-driven service creation environment (SCE) in which the service independent building block (SIB) concept will be of great benefit to all the participants of the advanced intelligent network (AIN)-the telephone companies, the customers, and the equipment vendors. It discusses the easiness and flexibility of the SIB approach in helping service designers and also service subscribers with different skill levels in rapid service definition, creation and customization. The effectiveness of the SIB approach is demonstrated by the empirical results of the new telephone services developed in our SCE. To achieve the goals of AIN, additional works in producing a commercial grade SCE are also presented.<>",ieee,llm,0.960,unreviewed,,doi:10.1109/icsr.1994.365810
discarded,An Empirical Evaluation of Refactoring Crosscutting Concerns into Aspects Using Software Metrics,Joyce M.S. França; Caio Augusto R. Dos Santos; Kênia S. de Oliveira; Michel S. Soares,2013,2013 10th International Conference on Information Technology: New Generations,10.1109/ITNG.2013.104,https://ieeexplore.ieee.org/document/6614385/,adjacent-subtopic,"Code scattering and code tangling affect software development in many ways, including poor traceability of requirements, low productivity, poor overall quality and increased efforts for software maintenance. One proposed solution to solve these issues is to use a specific software construction known as aspect. Aspect-oriented programming (AOP) has been widely studied since its introduction with the promise of improving modularization by addressing crosscutting concerns. Few studies on empirical evaluation of the benefits of aspect-oriented paradigm were published. Results presented in these studies are frequently subjective, and some studies are non-conclusive. In addition, these studies are based on the implementation of only one or two crosscutting concerns into aspects, and the evaluation is based on few software metrics. In this article, the evaluation of AOP implementation through software metrics is proposed. The main idea is to implement crosscutting concerns as aspects, with focus on those that were not given properly attention in the literature. Two softwares were used as case studies.",ieee,llm,0.970,unreviewed,,doi:10.1109/itng.2013.104
discarded,GRA model driven design process,Tom Rittenbach; Hiroshi Satake; Eric Redding; Karen Perry; Mahendra Thawani; Carl Dietrich; Rithrong Thandee,2010,2010 - MILCOM 2010 MILITARY COMMUNICATIONS CONFERENCE,10.1109/MILCOM.2010.5680100,https://ieeexplore.ieee.org/document/5680100/,adjacent-subtopic,"The purpose of the Government Reference Architecture (GRA) was to define a modular, open systems architecture that fostered reuse and technology insertion refresh with modular components and product line variants. A graphical model-driven development (MDD) approach was chosen to support rapid design and development of work products that could be quickly leveraged by radio developers within existing development processes with commercial modeling tools. The GRA has matured its model driven methodology through recent efforts transforming the OSSIE-based GRA testbed from an executable UM™ Platform Independent Model (PIM) to an executable Software Communications Architecture (SCA) Platform Specific Model (PSM). In GRA Phase 2, IBM® Rational® Rhapsody® was used to develop the UML PIM model for the purpose of GRA interface validation. The third step in GRA Phase 3 was to demonstrate an executable PSM implementation by combining the PSM work in Rhapsody with additional tool capability for the SCA CORBA® model using the SCA domain specific MDD tool, PrismTech Spectra CX. Although gaps were identified in the path to an integrated, standards-based, automated GRA modeling tool chain, productivity gains around improved collaboration and code development accelerations were realized. Evolving the GRA through model-driven PIM and PSM development tools, including the tool chain integration process, will be described in detail in this paper, along with analysis of MDD productivity gains achieved with this integrated tool chain approach.",ieee,llm,0.970,unreviewed,,doi:10.1109/milcom.2010.5680100
