status,title,authors,year,venue,doi,url,tags,abstract,provider,decision_source,llm_confidence,llm_review_outcome,llm_change_direction,paper_id
discarded,Approximating object based architecture for legacy software written in procedural languages using Variable Neighborhood Search,Md. Selim; Md. Saeed Siddik; Tajkia Rahman; Alim Ul Gias; Shah Mostafa Khaled,2014,"The 8th International Conference on Software, Knowledge, Information Management and Applications (SKIMA 2014)",10.1109/SKIMA.2014.7083558,https://ieeexplore.ieee.org/document/7083558/,adjacent-subtopic,"Legacy software, often written in procedural languages, could be a major concern for organizations due to low maintainability. A possible way out could be migrating the software to object oriented architecture, which is easier to maintain due to better modularity. However, a manual migration could take significant time and thus an automated process is required. This migration problem has been modeled as an optimal graph clustering problem where vertices and edges are represented by function and function calls respectively. Solution to this problem is NP-hard and thus meta-heuristic base approaches are potential to get near optimal result. This paper presents a Variable Neighborhood Search (VNS) approach for addressing the modeled graph clustering problem. The method provides a set of clusters that gives a clue for possible structure of the object oriented architecture. This approach is based on the objective to minimize the coupling and maximize the cohesion within the clusters. The proposed algorithm was implemented and its performance was compared with state of the art techniques. It is observed that the proposed method produced 37.15% and 12.02% better results in contrast to genetic algorithm and local search heuristics.",ieee,llm,0.920,unreviewed,,doi:10.1109/skima.2014.7083558
kept,Object-oriented inspection in the face of delocalisation,A. Dunsmore; M. Roper; M. Wood,2000,Proceedings of the 2000 International Conference on Software Engineering. ICSE 2000 the New Millennium,10.1145/337180.337343,https://ieeexplore.ieee.org/document/870437/,qualifies-claim,"Software inspection is now widely accepted as an effective technique for defect detection. This acceptance is largely based on studies using procedural program code. The paper presents empirical evidence that raises significant questions about the application of inspection to object oriented code. A detailed analysis of the ""hard to find"" defects during an inspection experiment shows that many of them can be characterised as ""delocalised"": the information needed to recognise the defect is distributed throughout the software. The paper shows that key features of object oriented technology are likely to exaggerate delocalisation. As a result, it is argued that new methods of inspection for object oriented code are required. These must address: partitioning code for inspection (""what to read""), reading strategies (""how to read""), and support for understanding what isn't read, i.e., ""localising the delocalisation"".",ieee,llm,0.930,unreviewed,,doi:10.1145/337180.337343
discarded,Online Construction of Dynamic Object Process Graphs,Jochen Quante,2007,11th European Conference on Software Maintenance and Reengineering (CSMR'07),10.1109/CSMR.2007.37,https://ieeexplore.ieee.org/document/4145030/,adjacent-subtopic,"A dynamic object process graph is a view on the control flow graph from the perspective of a single object. It has been shown that such a graph can be a useful starting point for many reverse engineering tasks, such as program understanding, protocol recovery, and feature location. In a previous paper, we described how dynamic object process graphs can be constructed from detailed program traces. However, the size of such traces is immense. Moreover, the instrumentation was described only for procedural languages. Object-oriented features such as exceptions require special treatment. Also, techniques like multithreading and reflection were not handled by our previous approach. This prevented it from being applicable to real-life systems. In this paper, we introduce an alternative way of collecting the necessary data. By constructing an intermediate graph online, i.e., concurrently with the running program, the trace size problem is eliminated. Additional optimizations for both trace logging and online graph creation are discussed. In a case study, we show that running times are acceptable even for larger Java programs when these optimizations are applied. Additionally, we discuss some special issues arising from analyzing Java instead of C",ieee,llm,0.960,unreviewed,,doi:10.1109/csmr.2007.37
discarded,A Comparative Study of Programming Languages in Rosetta Code,Sebastian Nanz; Carlo A. Furia,2015,2015 IEEE/ACM 37th IEEE International Conference on Software Engineering,10.1109/ICSE.2015.90,https://ieeexplore.ieee.org/document/7194625/,qualifies-claim; adjacent-subtopic,"Sometimes debates on programming languages are more religious than scientific. Questions about which language is more succinct or efficient, or makes developers more productive are discussed with fervor, and their answers are too often based on anecdotes and unsubstantiated beliefs. In this study, we use the largely untapped research potential of Rosetta Code, a code repository of solutions to common programming tasks in various languages, which offers a large data set for analysis. Our study is based on 7'087 solution programs corresponding to 745 tasks in 8 widely used languages representing the major programming paradigms (procedural: C and Go, object-oriented: C# and Java, functional: F# and Haskell, scripting: Python and Ruby). Our statistical analysis reveals, most notably, that: functional and scripting languages are more concise than procedural and object-oriented languages, C is hard to beat when it comes to raw speed on large inputs, but performance differences over inputs of moderate size are less pronounced and allow even interpreted languages to be competitive, compiled strongly-typed languages, where more defects can be caught at compile time, are less prone to runtime failures than interpreted or weakly-typed languages. We discuss implications of these results for developers, language designers, and educators.",ieee,llm_reviewed,0.800,changed,kept->discarded,doi:10.1109/icse.2015.90
discarded,Object-oriented software construction,Pierre America,1989,Science of Computer Programming,10.1016/0167-6423(89)90034-8,https://openalex.org/W221670187,adjacent-subtopic,,openalex,llm,0.840,unreviewed,,doi:10.1016/0167-6423(89)90034-8
discarded,Encapsulation and inheritance in object-oriented programming languages,Alan Snyder,1986,ACM SIGPLAN Notices,10.1145/960112.28702,https://openalex.org/W1997522747,qualifies-claim; adjacent-subtopic,"Object-oriented programming is a practical and useful programming methodology that encourages modular design and software reuse. Most object-oriented programming languages support data abstraction by preventing an object from being manipulated except via its defined external operations. In most languages, however, the introduction of inheritance severely compromises the benefits of this encapsulation. Furthermore, the use of inheritance itself is globally visible in most languages, so that changes to the inheritance hierarchy cannot be made safely. This paper examines the relationship between inheritance and encapsulation and develops requirements for full support of encapsulation with inheritance.",openalex,llm_reviewed,0.760,changed,kept->discarded,doi:10.1145/960112.28702
discarded,Encapsulation and inheritance in object-oriented programming languages,Alan Snyder,1986,,10.1145/28697.28702,https://openalex.org/W4255667787,qualifies-claim; adjacent-subtopic,"Object-oriented programming is a practical and useful programming methodology that encourages modular design and software reuse. Most object-oriented programming languages support data abstraction by preventing an object from being manipulated except via its defined external operations. In most languages, however, the introduction of inheritance severely compromises the benefits of this encapsulation. Furthermore, the use of inheritance itself is globally visible in most languages, so that changes to the inheritance hierarchy cannot be made safely. This paper examines the relationship between inheritance and encapsulation and develops requirements for full support of encapsulation with inheritance.",openalex,llm_reviewed,0.760,changed,kept->discarded,doi:10.1145/28697.28702
discarded,Assessing the applicability of fault-proneness models across object-oriented software projects,Lionel Briand; Walcélio L. Melo; Jürgen Wüst,2002,IEEE Transactions on Software Engineering,10.1109/tse.2002.1019484,https://openalex.org/W2110431240,adjacent-subtopic,"A number of papers have investigated the relationships between design metrics and the detection of faults in object-oriented software. Several of these studies have shown that such models can be accurate in predicting faulty classes within one particular software product. In practice, however, prediction models are built on certain products to be used on subsequent software development projects. How accurate can these models be, considering the inevitable differences that may exist across projects and systems? Organizations typically learn and change. From a more general standpoint, can we obtain any evidence that such models are economically viable tools to focus validation and verification effort? This paper attempts to answer these questions by devising a general but tailorable cost-benefit model and by using fault and design data collected on two mid-size Java systems developed in the same environment. Another contribution of the paper is the use of a novel exploratory analysis technique - MARS (multivariate adaptive regression splines) to build such fault-proneness models, whose functional form is a-priori unknown. The results indicate that a model built on one system can be accurately used to rank classes within another system according to their fault proneness. The downside, however, is that, because of system differences, the predicted fault probabilities are not representative of the system predicted. However, our cost-benefit model demonstrates that the MARS fault-proneness model is potentially viable, from an economical standpoint. The linear model is not nearly as good, thus suggesting a more complex model is required.",openalex,llm,0.970,unreviewed,,doi:10.1109/tse.2002.1019484
discarded,Testing object-oriented systems,Claude Caci,2000,ACM SIGSOFT Software Engineering Notes,10.1145/505863.505884,https://openalex.org/W2010245779,adjacent-subtopic,No abstract available.,openalex,llm,0.900,unreviewed,,doi:10.1145/505863.505884
discarded,Evaluating inheritance depth on the maintainability of object-oriented software,John Daly; Andrew Brooks; James Miller; Marc Roper; Murray Wood,1996,Empirical Software Engineering,10.1007/bf00368701,https://openalex.org/W1981698832,adjacent-subtopic,,openalex,llm,0.910,unreviewed,,doi:10.1007/bf00368701
discarded,Object-oriented design: a responsibility-driven approach,Rebecca Wirfs-Brock; Brian Wilkerson,1989,,10.1145/74877.74885,https://openalex.org/W2089060588,adjacent-subtopic,"Object-oriented programming languages support encapsulation, thereby improving the ability of software to be reused, refined, tested, maintained, and extended. The full benefit of this support can only be realized if encapsulation is maximized during the design process.We argue that design practices which take a data-driven approach fail to maximize encapsulation because they focus too quickly on the implementation of objects. We propose an alternative object-oriented design method which takes a responsibility-driven approach. We show how such an approach can increase the encapsulation by deferring implementation issues until a later stage.",openalex,llm,0.890,unreviewed,,doi:10.1145/74877.74885
discarded,Object-Oriented Software Engineering: Measuring And Controlling The Development Process,Fernando Brito e Abreu; Rogério Carapuça,1994,,10.5281/zenodo.1217608,https://openalex.org/W74649515,adjacent-subtopic,"Although the benefits of Object-Orientation are manifold and it is, for certain, one of the mainstays for software production in the future, it will only achieve widespread practical acceptance when the management aspects of the software development process using this technology are carefully addressed. Here, software metrics play an important role allowing, among other things, better planning, the assessment of improvements, the reduction of unpredictability, early identification of potential problems and productivity evaluation. This paper proposes a set of metrics suitable for evaluating the use of the main abstractions of the Object-Oriented paradigm such as inheritance, encapsulation, information hiding or polymorphism and the consequent emphasis on reuse that, together, are believed to be responsible for the increase in software quality and development productivity. Those metrics are aimed at helping to establish comparisons throughout the practitioners’ community and setting design recommendations that may eventually become organization standards. Some desirable properties for such a metrics set are also presented. Future lines of research are envisaged.",openalex,llm,0.910,unreviewed,,doi:10.5281/zenodo.1217608
discarded,ECOOP 2003 – Object-Oriented Programming,Erik Ernst,2003,Lecture notes in computer science,10.1007/b11832,https://openalex.org/W2499380309,adjacent-subtopic,,openalex,llm,0.970,unreviewed,,doi:10.1007/b11832
discarded,Object-oriented programming: an objective sense of style,Karl J. Lieberherr; Ian M. Holland; A. J. Riel,1988,,10.1145/62083.62113,https://openalex.org/W2098794871,adjacent-subtopic,"We introduce a simple, programming language independent rule (known in-house as the Law of Demeter™) which encodes the ideas of encapsulation and modularity in an easy to follow form for the object-oriented programmer. You tend to get the following related benefits when you follow the Law of Demeter while minimizing simultaneously code duplication, the number of method arguments and the number of methods per class: Easier software maintenance, less coupling between your methods, better information hiding, narrower interfaces, methods which are easier to reuse, and easier correctness proofs using structural induction. We discuss two important interpretations of the Law (strong and weak) and we prove that any object-oriented program can be transformed to satisfy the Law. We express the Law in several languages which support object-oriented programming, including Flavors, Smalltalk-80, CLOS, C++ and Eiffel.",openalex,llm,0.860,unreviewed,,doi:10.1145/62083.62113
discarded,Incremental testing of object-oriented class structures,Mary Jean Harrold; John D. McGregor; Kevin J. Fitzpatrick,1992,,10.1145/143062.143093,https://openalex.org/W2164722319,adjacent-subtopic,"Although there is much interest in creating libraries of well-designed, thoroughly-tested classes that can be confidently reused for many applications, few class testing techniques have been developed.In this paper, we present a class testing technique that exploits the hierarchical nature of the inheritance relation to test related groups of classes by reusing the testing information for a parent class to guide the testing of a subclass.We initially test base classes having no parents by designing a test sui~e that tests each member fmction individually and also tests the interactions among member functions.To &sign a test suite for a subclass, our algorithm incrementally up~tes the history of its parent to reject both the modijied, inherited attributes and the subclass's newly akjined attributes.Only those new attributes or @'cted, inherited attributes are tested and the parent class' test suites are reused, if possible, for the testing.Inherited attributes are retested in their new context in a subclass by testing their interactions with the subclass's newly dejined attributes.We have incorporated a data jlow tester into Free Software Founalzion, Inc's C-++ compilers and are using it for our experimentation.",openalex,llm,0.960,unreviewed,,doi:10.1145/143062.143093
discarded,Meaningful maps – Object-oriented semantic mapping,Niko Sünderhauf; Trung Thanh Pham; Yasir Latif; Michael John Milford; Ian D. Reid,2017,QUT ePrints (Queensland University of Technology),10.48550/arXiv.1609.07849,https://openalex.org/W2963357556,off-topic-false-hit,"For intelligent robots to interact in deeply meaningful ways with their environment, they must understand both the geometric and semantic properties of the scene surrounding them. The majority of research to date has addressed these mapping challenges separately, focusing on either geometric or semantic mapping. In this paper we address the problem of building environmental maps that include both semantically meaningful, object-level entities and point-or mesh-based geometrical representations. We simultaneously build geometric point cloud models of previously unseen instances of known object classes and create a map that contains these object models as central entities. Our system leverages sparse, feature-based RGB-D SLAM, image-based deep-learning object detection and 3D unsupervised segmentation. We demonstrate the efficacy of our approach through quantitative evaluation in an automated inventory management task using a new real-world dataset recorded over a building office floor.",openalex,llm,1.000,unreviewed,,doi:10.48550/arxiv.1609.07849
discarded,Object-oriented integration testing,Paul C. Jorgensen; Carl Erickson,1994,Communications of the ACM,10.1145/182987.182989,https://openalex.org/W1984647091,adjacent-subtopic,"OrientedIntegKItCO~ 0 bject-oriented software development raises important testing issues.Many of these stem from attempts to directly apply theoretical constructs and techniques of traditional software develop ment and testing to object-oriented software.We examine this traditional heritage here, with special emphasis on assumptions and practices that need to be modified or replaced.We identify five levels of objectoriented testing; four of these map nicely into the commonly accepted unit, integration, and system levels of traditional software testing.(Placement of the remaining level is primarily a management consideration.)We also identify two new testing constructs and a directed graph notation that helps formalize object-oriented integration testing.These are illustrated with an object-oriented formulation of an automated teller machine (ATM) system.The source code (ObjectiveC) for this system is available from the authors.We begin with an important distinction: structure vs. behavior.Most of the popular notations used in software development (E/R models, data flow diagrams, structure charts, PDLs, and so on) portray software structure: the components, relationships among these, the interfaces,",openalex,llm,0.940,unreviewed,,doi:10.1145/182987.182989
discarded,Spatial query processing in an object-oriented database system,Jack A. Orenstein,1986,,10.1145/16894.16886,https://openalex.org/W4236783998,adjacent-subtopic,"DBMSs must offer spatial query processing capabilities to meet the needs of applications such as cartography, geographic information processing and CAD. Many data structures and algorithms that process grid representations of spatial data have appeared in the literature. We unify much of this work by identifying common principles and distilling them into a small set of constructs. (Published data structures and algorithms can be derived as special cases.) We show how these constructs can be supported with only minor modifications to current DBMS implementations. The ideas are demonstrated in the context of the range query problem. Analytical and experimental evidence indicates that performance of the derived solution is very good (e.g., comparable to performance of the kd tree.)",openalex,llm,0.980,unreviewed,,doi:10.1145/16894.16886
discarded,Precise concrete type inference for object-oriented languages,John Plevyak; Andrew A. Chien,1994,,10.1145/191080.191130,https://openalex.org/W2091909330,adjacent-subtopic,"Concrete type information is invaluable for program optimization. The determination of concrete types in object-oriented languages is a flow sensitive global data flow problem. It is made difficult by dynamic dispatch (virtual function invocation) and first class functions (and selectors)—the very program structures for whose optimization its results are most critical. Previous work has shown that constraint-based type inference systems can be used to safely approximate concrete types [15], but their use can be expensive and their results imprecise.",openalex,llm,0.980,unreviewed,,doi:10.1145/191080.191130
discarded,Integrating Independently-Developed Components in Object-Oriented Languages,Urs Hölzle,2007,Lecture notes in computer science,10.1007/3-540-47910-4_4,https://openalex.org/W2117922858,adjacent-subtopic,,openalex,llm,0.940,unreviewed,,doi:10.1007/3-540-47910-4_4
