status,title,authors,year,venue,doi,url,tags,abstract,provider,decision_source,llm_confidence,llm_review_outcome,llm_change_direction,paper_id
discarded,Structured software fault-tolerance with BSM,A. Bondavalli; L. Simoncini,1992,Proceedings of the Third Workshop on Future Trends of Distributed Computing Systems,10.1109/FTDCS.1992.217483,https://ieeexplore.ieee.org/document/217483/,adjacent-subtopic,"This paper presents a structured way of inserting software redundancy in programs and to describe the solutions provided for programming software fault-tolerance techniques. It is based on a data-flow like programming paradigm, which is more suitable to implement fault-tolerant systems, with high levels of flexibility and performability, than conventional imperative programming paradigms. The proposed computational model, BSM describes an application in a set of atomic modules, mainly functional, which: (1) maintain the visibility of the semantic of the application, in order to take full advantage of the possibility offered by the use of assertions and predicates for early error detection, and (2) maintain a close correlation between the logical structure of the application and the physical support, to take full advantage of replication as a mechanism of redundancy. The set of modules is executed asynchronously, with a firing rule similar to that of data-flow model; the modules are atomic and do not interact or communicate with other modules during execution, but release data only at their termination. The close correlation between the semantic of the application and the module structuring also allows to scale the needed redundancy since it can be properly driven by the semantic of the application itself.<>",ieee,llm,0.940,unreviewed,,doi:10.1109/ftdcs.1992.217483
discarded,"If Docker is the Answer, What is the Question?",Hong Zhu; Ian Bayley,2018,2018 IEEE Symposium on Service-Oriented System Engineering (SOSE),10.1109/SOSE.2018.00027,https://ieeexplore.ieee.org/document/8359160/,adjacent-subtopic,"The recent rise of cloud computing poses serious challenges for software engineering because it adds complexity not only to the platform and infrastructure, but to the software too. The demands on system scalability, performance and reliability are ever increasing. Industry solutions with widespread adoption include the microservices architecture, the container technology and the DevOps methodology. These approaches have changed software engineering practice in such a profound way that we argue that it is becoming a paradigm shift. In this paper, we examine the current support of programming languages for the key concepts behind the change in software engineering practice and argue that a novel programming language is required to support the new paradigm. We report a new programming language CAOPLE and its associated Integrated DevOps Environment CIDE and demonstrate the utility of both.",ieee,llm,0.970,unreviewed,,doi:10.1109/sose.2018.00027
discarded,On a Structural Approach to the Complex Systems Conceptual Modeling,Yury I. Brodsky,2023,"2023 International Conference on Control, Artificial Intelligence, Robotics & Optimization (ICCAIRO)",10.1109/ICCAIRO58903.2023.00013,https://ieeexplore.ieee.org/document/10244135/,adjacent-subtopic,"Conceptual modeling is gaining an essential role in designing large-scale systems, especially as the complexity of the latter increases. The design tool for such systems is the development of ontologies for their subject areas. A problem arises: in our activity, we consider more complex subject areas, and the complexity of ontologies is growing. Is there a limit to this complexity? The design of large-scale systems is already suffocating with complexity - it is difficult to describe the components of the domain, their synthesis is complicated, and even more difficult is the software implementation of the model within the framework of an imperative, object-oriented approach. Debugging the created software system is extremely difficult. The structural theory offers a unified way to describe the subject areas of a broad class of large-scale systems, realizing in this description the principle of “One in everything and all in One.” Based on this, an end-to-end technology of reporting, synthesis, and software implementation of models of complex, large-scale systems, which is close to CAD methods, is being built. In implementing a software system, it is possible to remain within the framework of declarative programming, avoiding imperative programming, which significantly simplifies its debugging.",ieee,llm,0.880,unreviewed,,doi:10.1109/iccairo58903.2023.00013
discarded,Self-Admitted Technical Debt in R Packages: An Exploratory Study,,2021,2021 IEEE/ACM 18th International Conference on Mining Software Repositories (MSR),10.1109/MSR52588.2021.00030,https://ieeexplore.ieee.org/document/9463082/,adjacent-subtopic,"Self-Admitted Technical Debt (SATD) is a particular case of Technical Debt (TD) where developers explicitly acknowledge their sub-optimal implementation decisions. Though previous studies have demonstrated that SATD is common in software projects and negatively impacts their maintenance, they have mostly approached software systems coded in traditional object-oriented programming (OOP), such as Java, C++ or .NET. This paper studies SATD in R packages, and reports results of a three-part study. The first part mined more than 500 R packages available on GitHub, and manually analysed more than 164k of comments to generate a dataset. The second part administered a crowd-sourcing to analyse the quality of the extracted comments, while the third part conducted a survey to address developers' perspectives regarding SATD comments. The main findings indicate that a large amount of outdated code is left commented, with SATD accounting for about 3% of comments. Code Debt was the most common type, but there were also traces of Algorithm Debt, and there is a considerable amount of comments dedicated to circumventing CRAN checks. Moreover, package authors seldom address the SATD they encounter and often add it as self-reminders.",ieee,llm,0.930,unreviewed,,doi:10.1109/msr52588.2021.00030
discarded,A New Method to Generate Software Test Libraries for In-Field GPU Testing Resorting to High-Level Languages,Juan-David Guerrero-Balaguera; Josie E. Rodriguez Condia; Matteo Sonza Reorda,2022,2022 IEEE 40th VLSI Test Symposium (VTS),10.1109/VTS52500.2021.9794225,https://ieeexplore.ieee.org/document/9794225/,adjacent-subtopic,"Self-Test Libraries (STLs) are widely used by companies for in-field fault detection in CPU devices. Their usage is now extending to GPUs, due to their increasing adoption in safety-critical applications. Using STLs provided by GPU manufacturers, system companies can effectively test these devices during their operative life, as required by functional safety standards. In the automotive domain, GPUs are often used to process a high amount of sensitive information in real-time (e.g., object recognition and path tracking). Thus, GPU devices in this field must guarantee functional safety features (e.g., ISO26262) by using one or more functional safety mechanisms. This paper presents a methodology to develop STLs resorting to High-Level Languages (HLLs) (e.g., CUDA), reducing the complexity of encoding at the assembly level. Moreover, we describe the main advantages and discuss the challenges and constraints when developing STLs with HLLs for GPUs. In particular, we describe those cases that demand the usage of a Low-Level Language (LLL). Additionally, we highlight a method to develop STLs resorting to HLLs, at least for some modules. The FlexGripPlus GPU model was employed to evaluate and validate the proposed strategies experimentally. The results show that STLs based on HLLs can be effectively developed for regular modules in the GPU.",ieee,llm,0.980,unreviewed,,doi:10.1109/vts52500.2021.9794225
discarded,Similarities Across Libraries: Making a Case for Leveraging Test Suites,Devika Sondhi; Divya Rani; Rahul Purandare,2019,"2019 12th IEEE Conference on Software Testing, Validation and Verification (ICST)",10.1109/ICST.2019.00018,https://ieeexplore.ieee.org/document/8730155/,adjacent-subtopic,"Developers may choose to implement a library, despite the existence of similar libraries, considering factors such as computational performance, language or platform dependency, and accuracy. As a result, GitHub is a host to several library projects that have overlaps in the functionalities. These overlaps have been of interest to developers from the perspective of code reuse or preferring one implementation over the other. We present an empirical study to explore the extent and nature of existence of these similarities in the library functions. We have further studied whether the similarity among functions across different libraries and their associated test suites can be leveraged to reveal defects in one another. Applying a natural language processing based approach on the documentations associated with functions, we have extracted matching functions across 12 libraries, available on GitHub, over 2 programming languages and 3 themes. Our empirical evaluation indicates existence of a significant number of similar functions across libraries in same as well as different programming languages where a language can influence the extent of existence of similarities. The test suites from another library can serve as an effective source of defect revealing tests. The study resulted in revealing 72 defects in 12 libraries. Further, we analyzed the source of origination of the defect revealing tests. We deduce that issue reports and pull requests can be beneficial in attaining quality test cases not only to test the libraries in which these issues are reported but also for other libraries that are similar in theme.",ieee,llm,0.970,unreviewed,,doi:10.1109/icst.2019.00018
discarded,Extending Refactoring Detection to Kotlin: A Dataset and Comparative Study,Iman Hemati Moghadam; Mohammad Mehdi Afkhami; Parsa Kamalipour; Vadim Zaytsev,2024,"2024 IEEE International Conference on Software Analysis, Evolution and Reengineering (SANER)",10.1109/SANER60148.2024.00034,https://ieeexplore.ieee.org/document/10589835/,adjacent-subtopic,"Refactoring, as one of the best practices in software development, has been also the centre of attention of much research. Particularly, a plethora of studies have been performed to understand the impact of refactorings on different dimensions of software development including software quality, program comprehension, fault-proneness, and non-functional requirements, among others. Among the employed approaches, analysing refactorings applied previously in real-world scenarios has been used by many researchers and proves to be a valuable way to delve deeper into the subject. The results of these research studies not only enhance our understanding of the advantages and potential drawbacks of refactorings but also guide us in developing more efficient automated refactoring tools based on how developers actually use refactorings in practice. However, the majority of studies in this regard have focused on refactorings applied in Java programs, and the other programming languages have received significantly less attention. In reality, the lack of comprehensive datasets of real-world applied refactorings makes it challenging for researchers to conduct comprehensive studies in programming languages other than Java. The primary obstacle can be the lack of automated tool support for identifying refactorings applied in programs implemented in other languages. To mitigate this limitation, we extended a previously available refactoring detection tool, Refdetect, to be able to identify refactorings applied in Kotlin programs. We conducted an experiment on 200 commits of 10 Kotlin repositories sourced on GitHub and compared the performance of our tool with an existing Kotlin refactoring detection tool called Ko T L I Nrmi Ne R. We found that our tool has a precision of 90% and a recall of 82 %, achieving an average F -score of 84 % which is 17 % better than the one achieved by KOTLINRMINER. We also provide the resulting dataset containing 2,043 true refactoring instances detected by at least one of Refdetect or Kotlinrminer and validated by one up to three refactoring experts. By releasing this initial dataset, we aim to address the existing gap in the availability of Kotlin refactoring datasets.",ieee,llm,0.970,unreviewed,,doi:10.1109/saner60148.2024.00034
discarded,Code Cloning in Smart Contracts on the Ethereum Platform: An Extended Replication Study,Faizan Khan; Istvan David; Daniel Varro; Shane McIntosh,2023,IEEE Transactions on Software Engineering,10.1109/TSE.2022.3207428,https://ieeexplore.ieee.org/document/9894714/,adjacent-subtopic,"Smart contracts are programs deployed on blockchains that run upon meeting predetermined conditions. Once deployed, smart contracts are immutable, thus, defects in the deployed code cannot be fixed. As a consequence, software engineering anti-patterns, such as code cloning, pose a threat to code quality and security if unnoticed before deployment. In this paper, we report on the cloning practices of the Ethereum blockchain platform by analyzing 33,073 smart contracts amounting to over 4MLOC. Prior work reported an unusually high 79.2% of code clones in Ethereum smart contracts. We replicate this study at the conceptual level, i.e., we answer the same research questions by employing different methods. In particular, we analyze clones at the granularity of functions instead of code files, thereby providing a more fine-grained estimate of the clone ratio. Furthermore, we analyze more complex clone types, allowing for a richer analysis of cloning cases. To achieve this finer granularity of cloning analysis, we rely on the NiCad clone detection tool and extend it with support for Solidity, the programming language of the Ethereum platform. Our analysis shows that most findings of the original study hold at the finer granularity of our study as well; but also sheds light on some differences, and contributes new findings. Most notably, we report a 30.13% overall clone ratio, out of which 27.03% are exact duplicates. Our findings motivate improving the reuse mechanisms of Solidity, and in a broader context, of programming languages used for the development of smart contracts. Tool builders and language engineers can use this paper in the design and development of such reuse mechanisms. Business stakeholders can use this paper to better assess the security risks and technical outlooks of blockchain platforms.",ieee,llm,0.970,unreviewed,,doi:10.1109/tse.2022.3207428
discarded,Frontmatter,Rajkumar Buyya; Toni Cortes; Hai Jin,2002,High Performance Mass Storage and Parallel I/O: Technologies and Applications,10.1109/9780470544839.fmatter,https://ieeexplore.ieee.org/document/5264056/,off-topic-false-hit,The prelims comprise:   Half Title   IEEE Press Board Page   Title   Copyright   Table of Contents   Foreword   Preface   ,ieee,llm,1.000,unreviewed,,doi:10.1109/9780470544839.fmatter
discarded,MUT: Human-in-the-Loop Unit Test Migration,Yi Gao; Xing Hu; Tongtong Xu; Xin Xia; David Lo; Xiaohu Yang,2024,2024 IEEE/ACM 46th International Conference on Software Engineering (ICSE),10.1145/3597503.3639124,https://ieeexplore.ieee.org/document/10548477/,adjacent-subtopic,"Test migration, which enables the reuse of test cases crafted with knowledge and creativity by testers across various platforms and programming languages, has exhibited effectiveness in mobile app testing. However, unit test migration at the source code level has not garnered adequate attention and exploration. In this paper, we propose a novel cross-language and cross-platform test migration methodology, named MUT, which consists of four modules: code mapping, test case filtering, test case translation, and test case adaptation. MUT initially calculates code mappings to establish associations between source and target projects, and identifies suitable unit tests for migration from the source project. Then, MUT's code translation component generates a syntax tree by parsing the code to be migrated and progressively converts each node in the tree, ultima tely generating the target tests, which are compiled and executed in the target project. Moreover, we develop a web tool to assist developers in test migration. The effectiveness of our approach has been validated on five prevalent functional domain projects within the open-source community. We migrate a total of 550 unit tests and submitted pull requests to augment test code in the target projects on GitHub. By the time of this paper submission, 253 of these tests have already been merged into the projects (including 197 unit tests in the Luliyucoordinate-LeetCode project and 56 unit tests in the Rangerlee-HtmlParser project). Through running these tests, we identify 5 bugs, and 2 functional defects, and submitted corresponding issues to the project. The evaluation substantiates that MUT's test migration is both viable and beneficial across programming languages and different projects.",ieee,llm,0.980,unreviewed,,doi:10.1145/3597503.3639124
discarded,An approach to distributed component-based real-time application software development,S.S. Yau; Bing Xia,1998,Proceedings First International Symposium on Object-Oriented Real-Time Distributed Computing (ISORC '98),10.1109/ISORC.1998.666798,https://ieeexplore.ieee.org/document/666798/,adjacent-subtopic,"Component-based software development would allow application software to be largely constructed rather than programmed. This approach would dramatically improve the productivity of software development. Although there are many reusable software packages available, the integration of the chosen parts remains a very difficult problem because there are many barriers of integration, including programming languages, operating systems, communication mechanism, interface, etc. In this paper, an approach to developing real-time application software based on a distributed component architecture and cross-platform and cross-language integration of these software components is presented. The Common Object Request Broker Architecture (CORBA) is used in the implementation. The distributed components will satisfy easy retrieval and integration over a heterogeneous distributed system environment. A component replication mechanism is used for providing fault-tolerance. Using object adapters with a real-time request monitor and scheduler that are transparently generated by a distributed component integration tool, real-time and fault-tolerance features can be easily incorporated in the application software.",ieee,llm,0.960,unreviewed,,doi:10.1109/isorc.1998.666798
discarded,AdvFusion: Adapter-based Knowledge Transfer for Code Summarization on Code Language Models,Iman Saberi; Amirreza Esmaeili; Fatemeh Fard; Fuxiang Chen,2025,"2025 IEEE International Conference on Software Analysis, Evolution and Reengineering (SANER)",10.1109/SANER64311.2025.00059,https://ieeexplore.ieee.org/document/10992565/,adjacent-subtopic,"Programming languages can benefit from one another by utilizing a pre-trained model for software engineering tasks such as code summarization and method name prediction. While full fine-tuning of Code Language Models (Code-LMs) has been explored for multilingual knowledge transfer, research on Parameter Efficient Fine-Tuning (PEFT) for this purpose is lim-ited. AdapterFusion, a PEFT architecture, aims to enhance task performance by leveraging information from multiple languages but primarily focuses on the target language. To address this, we propose AdvFusion, a novel PEFT-based approach that effectively learns from other languages before adapting to the target task. Evaluated on code summarization and method name prediction, AdvFusion outperforms AdapterFusion by up to 1.7 points and surpasses LoRA with gains of 1.99, 1.26, and 2.16 for Ruby, JavaScript, and Go, respectively. We open-source our scripts for replication purposes11https://github.com/ist1373/AdvFusion.",ieee,llm,0.990,unreviewed,,doi:10.1109/saner64311.2025.00059
