status,title,authors,year,venue,doi,url,tags,abstract,provider,decision_source,llm_confidence,llm_review_outcome,llm_change_direction,paper_id
discarded,Using an object oriented calculation process framework and neural networks for classification of image shapes,"Machowski, Lukasz A.; Marwala, Tshilidzi",2005,INTERNATIONAL JOURNAL OF INNOVATIVE COMPUTING INFORMATION AND CONTROL,,https://www.webofscience.com/wos/woscc/full-record/WOS:000242254900002,qualifies-claim; adjacent-subtopic,"Modern software systems are perpetually becoming more complex. Machine vision is a field that demonstrates this concept clearly. Shape classification, which is a part of machine vision, has both high and low level image processes in it. This paper presents a framework that brings the definition and implementation of complex calculation processes into the object oriented paradigm. Defining processes in this manner assists in concurrent development by groups of people. The paper describes how the shape classification process is implemented in the framework. Results of a C# implementation are compared to a procedural implementation in Matlab. The timing requirements for the various stages of the shape classification process are evaluated. The object oriented framework is well suited to high level machine vision concepts while the procedural paradigm is well suited to low level tasks such as edge detection. The C# implementation of the shape classifier demonstrates the maintainability and reusability of the framework. It has 26 out of 33 process classes using inheritance for specialization or composition for defining sub-processes. This framework is well suited to machine vision processes.",wos,llm_reviewed,0.890,changed,kept->discarded,hash:b1a046ef4b59e6ac
discarded,Static techniques for concept location in object-oriented code,"Marcus, A; Rajch, V; Buchta, J; Petrenko, M; Sergeyev, A",2005,"13TH INTERNATIONAL WORKSHOP ON PROGRAM COMPREHENSION, PROCEEDINGS",,https://www.webofscience.com/wos/woscc/full-record/WOS:000229933100004,qualifies-claim; adjacent-subtopic,"Concept location in source code is the process that identifies where a software system implements a specific concept. While it is well accepted that concept location is essential for the maintenance of complex procedural code like code written in C, it is much less obvious whether it is also needed for the maintenance of the Object-Oriented code. After all, the Object-Oriented code is structured into classes and well-designed classes already implement concepts, so the issue seems to be reduced to the selection of the appropriate class. The objective of our work is to see if the techniques for concept location are still needed (they are) and whether Object-Oriented structuring facilitates concept location (it does not).

This paper focuses on static concept location techniques that share common prerequisites and are search the source code using regular expression matching, or static program dependencies, or information retrieval. The paper analyses these techniques to see how they compare to each other in terms of their respective strengths and weaknesses.",wos,llm_reviewed,0.970,changed,kept->discarded,hash:fb0a18c0f68cf9f8
discarded,The class blueprint: Visually supporting the understanding of classes,"Ducasse, S; Lanza, M",2005,IEEE TRANSACTIONS ON SOFTWARE ENGINEERING,,https://www.webofscience.com/wos/woscc/full-record/WOS:000226734600005,adjacent-subtopic,"Understanding source code is an important task in the maintenance of software systems. Legacy systems are not only limited to procedural languages, but are also written in object-oriented languages. In such a context, understanding classes is a key activity as they are the cornerstone of the object-oriented paradigm and the primary abstraction from which applications are built. Such an understanding is however difficult to obtain because of reasons such as the presence of late binding and inheritance. A first level of class understanding consists of the understanding of its overall structure, the control flow among its methods, and the accesses on its attributes. We propose a novel visualization of classes called class blueprint that is based on a semantically enriched visualization of the internal structure of classes. This visualization allows a software engineer to build a first mental model of a class that he validates via opportunistic code-reading. Furthermore, we have identified visual patterns that represent recurrent situations and as such convey additional information to the viewer. The contributions of this article are the class blueprint, a novel visualization of the internal structure of classes, the identification of visual patterns, and the definition of a vocabulary based on these visual patterns. We have performed several case studies of which one is presented in depth, and validated the usefulness of the approach in a controlled experiment.",wos,llm,0.970,unreviewed,,hash:5db8660fc5b03245
discarded,Quality driven software migration of procedural code to object-oriented design,"Zou, Y",2005,ICSM 2005: PROCEEDINGS OF THE 21ST IEEE INTERNATIONAL CONFERENCE ON SOFTWARE MAINTENANCE,,https://www.webofscience.com/wos/woscc/full-record/WOS:000234333200084,adjacent-subtopic,"In the context of software maintenance, legacy software systems are continuously re-engineered in order to correct errors, provide new functionality, or port them into modern platforms. However, software re-engineering activities should not occur in a vacuum, and it is important to incorporate non-functional requirements as part of the re-engineering process. We present an incremental reengineering framework that allows for quality requirements to be modeled as soft-goals, and transformations to be applied selectively towards achieving specific quality requirements for the target system. To deal with large software systems, we decompose the system into a collection of smaller clusters. The reengineering framework can be applied incrementally to each of these clusters and results are assembled to produce the final system.",wos,llm,0.910,unreviewed,,hash:3d6a7253f0a35bf2
discarded,Enterprise-Scale COBOL-To-Java Translation: LLMs Augmented with Program Analysis,V.T. Chakaravarthy,2026,Proceedings 2026 IEEE ACM 48th International Conference on Software Engineering Software Engineering in Practice ICSE Seip 2026,10.1145/3786583.3786915,https://www.scopus.com/inward/record.uri?partnerID=HzOxMe3b&scp=105047336128&origin=inward,adjacent-subtopic,,scopus,llm,0.870,unreviewed,,doi:10.1145/3786583.3786915
discarded,High-level reasoning while low-level actuation in cyber–physical systems: How efficient is it?,B. Karaduman,2026,Journal of Industrial Information Integration,10.1016/j.jii.2026.101090,https://www.scopus.com/inward/record.uri?partnerID=HzOxMe3b&scp=105029726509&origin=inward,off-topic-false-hit,,scopus,llm,0.860,unreviewed,,doi:10.1016/j.jii.2026.101090
discarded,BOARD #353A: DUE: Integrating Performance Engineering in Software Engineering Education: A Multi-Course Project Approach,L. Xiao,2025,ASEE Annual Conference and Exposition Conference Proceedings,10.18260/1-2--55993,https://www.scopus.com/inward/record.uri?partnerID=HzOxMe3b&scp=105029192739&origin=inward,adjacent-subtopic,,scopus,llm,0.940,unreviewed,,doi:10.18260/1-2--55993
discarded,Trusted operating system-based model-driven development of secure web applications,N. Pathak,2019,Advances in Intelligent Systems and Computing,10.1007/978-981-10-8848-3_40,https://www.scopus.com/inward/record.uri?partnerID=HzOxMe3b&scp=85049065964&origin=inward,adjacent-subtopic,,scopus,llm,0.920,unreviewed,,doi:10.1007/978-981-10-8848-3_40
discarded,A methodology to infer and refactor an object-oriented model from C applications,I. Cassol,2018,Software Practice and Experience,10.1002/spe.2549,https://www.scopus.com/inward/record.uri?partnerID=HzOxMe3b&scp=85031508426&origin=inward,adjacent-subtopic,,scopus,llm,0.860,unreviewed,,doi:10.1002/spe.2549
discarded,Aspect oriented software testing,A. Bajaj,2017,Proceedings of the 7th International Conference Confluence 2017 on Cloud Computing Data Science and Engineering,10.1109/CONFLUENCE.2017.7943261,https://www.scopus.com/inward/record.uri?partnerID=HzOxMe3b&scp=85021760522&origin=inward,adjacent-subtopic,,scopus,llm,0.970,unreviewed,,doi:10.1109/confluence.2017.7943261
discarded,Validating requirement satisfaction through software tracking matrix model,B. Park,2017,Information Japan,,https://www.scopus.com/inward/record.uri?partnerID=HzOxMe3b&scp=85033239351&origin=inward,adjacent-subtopic,,scopus,llm,0.940,unreviewed,,hash:187238509e71b77a
discarded,ALCHA: New object oriented approach to FPGA project development,J. Taylor,2016,Proceedings of the IEEE International Conference on Industrial Technology,10.1109/ICIT.2016.7474836,https://www.scopus.com/inward/record.uri?partnerID=HzOxMe3b&scp=84974588411&origin=inward,adjacent-subtopic,,scopus,llm,0.950,unreviewed,,doi:10.1109/icit.2016.7474836
discarded,Regression test cases selection for object-oriented programs based on affected statements,S. Musa,2015,International Journal of Software Engineering and Its Applications,10.14257/ijseia.2015.9.10.10,https://www.scopus.com/inward/record.uri?partnerID=HzOxMe3b&scp=84946741234&origin=inward,adjacent-subtopic,,scopus,llm,0.970,unreviewed,,doi:10.14257/ijseia.2015.9.10.10
discarded,Simulated operation of the computer network,A.V. Ostroukh,2015,International Multidisciplinary Scientific Geoconference Surveying Geology and Mining Ecology Management Sgem,,https://www.scopus.com/inward/record.uri?partnerID=HzOxMe3b&scp=84946565630&origin=inward,off-topic-false-hit,,scopus,llm,0.990,unreviewed,,hash:a23d847c304a8486
discarded,An essence of software maintenance prediction using the fuzzy model for aspect oriented software,P.K. Singh,2014,Arpn Journal of Engineering and Applied Sciences,,https://www.scopus.com/inward/record.uri?partnerID=HzOxMe3b&scp=84907266432&origin=inward,adjacent-subtopic,,scopus,llm,0.960,unreviewed,,hash:bddec6fbbf7c275a
discarded,Web Application fact extractor (WAFE),I. Zahoor,2013,8th International Conference on Digital Information Management Icdim 2013,10.1109/ICDIM.2013.6694039,https://www.scopus.com/inward/record.uri?partnerID=HzOxMe3b&scp=84893601634&origin=inward,adjacent-subtopic,,scopus,llm,0.960,unreviewed,,doi:10.1109/icdim.2013.6694039
discarded,An evaluative study of software refactoring in procedural programming,Z. Khanam,2013,Lecture Notes in Engineering and Computer Science,,https://www.scopus.com/inward/record.uri?partnerID=HzOxMe3b&scp=84903468476&origin=inward,adjacent-subtopic,,scopus,llm,0.940,unreviewed,,hash:6d2c5963d8f408d8
discarded,"Pushing the limits: Maximize implementation successs with standards-based, Object-oriented design",R. Slaugenhaupt,2012,Control,,https://www.scopus.com/inward/record.uri?partnerID=HzOxMe3b&scp=84864305157&origin=inward,adjacent-subtopic,,scopus,llm,0.800,unreviewed,,hash:f20f2db02aa54be4
discarded,Research on Virtual Maintenance Modeling Method for Civil Aircraft Based on SysML,Qingxia Qin; Xihua Ma; Yu Wang; Hong Geng,2024,"2024 6th International Conference on Internet of Things, Automation and Artificial Intelligence (IoTAAI)",10.1109/IoTAAI62601.2024.10692406,https://ieeexplore.ieee.org/document/10692406/,off-topic-false-hit,"In order to simplify the virtual simulation of aircraft power system maintenance, a virtual maintenance process modeling method based on system modeling language (SysML) is proposed by introducing the object-oriented structured design idea. All the information required by this method comes from the functional requirements analysis of airborne system maintenance simulation. Firstly, the functional requirements of the dynamic behavior of aircraft power system maintenance are analyzed, the modular structure is established, and the simulation elements are extracted. Secondly, based on the SysML state machine model, a model based on system control characteristics is established, and the key properties of the state diagram are analyzed to verify the feasibility. Finally, the aircraft battery assembly is taken as an example to show the modeling and simulation of the proposed method, and the effectiveness of the model is verified.",ieee,llm,0.990,unreviewed,,doi:10.1109/iotaai62601.2024.10692406
discarded,Context-driven testing of object-oriented systems,A.L. Souter,2003,"International Conference on Software Maintenance, 2003. ICSM 2003. Proceedings.",10.1109/ICSM.2003.1235431,https://ieeexplore.ieee.org/document/1235431/,adjacent-subtopic,"Many different testing techniques have been proposed by researchers, but essentially only two main testing philosophies exist, black box and white box. There exist a number of different testing methods for structural testing of procedural languages. However, the features of object-oriented languages are not addressed by such techniques. The article explores a new structural testing technique for object-oriented systems by developing a testing methodology based on object manipulations and driven by the context of the program under test.",ieee,llm,0.980,unreviewed,,doi:10.1109/icsm.2003.1235431
discarded,Multiple object interfaces in object-oriented control systems,J. Bosch; C. Lundberg; A. Hultgren,1996,Proceedings of ICECCS '96: 2nd IEEE International Conference on Engineering of Complex Computer Systems (held jointly with 6th CSESAW and 4th IEEE RTAW),10.1109/ICECCS.1996.558428,https://ieeexplore.ieee.org/document/558428/,adjacent-subtopic,"When modelling complex computer systems, four primary modelling techniques are available to the software engineer, i.e. abstraction, composition, functional decomposition and multiple client interfaces (views). Abstraction and composition can directly be expressed in traditional object oriented models and functional decomposition can often be expressed using subsystems. However, traditional object models provide no expressiveness for multiple client interfaces. This forces designers to either model all different views on a conceptual object as a large, complex implementation object or to model each view as an object and relate the different view objects. Both approaches suffer from problems of complexity, maintainability and reusability. As a solution, we propose the layered object model that allows for the expressive, flexible and extensible definition of multiple client interfaces. To illustrate the problems associated with views and our proposed solution, the domain of industrial control systems is used.",ieee,llm,0.960,unreviewed,,doi:10.1109/iceccs.1996.558428
discarded,A protocol based approach to specifying interoperability between objects,Il-Hyung Cho; J.D. McGregor; L. Krause,1998,Proceedings. Technology of Object-Oriented Languages. TOOLS 26 (Cat. No.98EX176),10.1109/TOOLS.1998.711005,https://ieeexplore.ieee.org/document/711005/,adjacent-subtopic,"Interoperability is the ability of two or more software modules to communicate and cooperate with each other. The interoperability problem arises when software developers want to reuse legacy software systems, or when software systems are componentized and these components need to be connected in order to work together. Software modules can be functions, objects, or components which consist of multiple functions or objects. We focus on the specification of software components in object oriented systems. Traditionally, interoperability checking is performed by signature matching between an invoking function and a function being invoked. Function level signature matching techniques are not sufficient for software components in object oriented systems since an object encapsulates a set of data and functions, and a component may contain more than one object. We first describe the interoperability problems of software modules both in the procedural and object oriented paradigms, and then review current approaches and compare them. Based on the review, we propose a new interoperable component model (ICM) that enhances software reusability and maintainability.",ieee,llm,0.950,unreviewed,,doi:10.1109/tools.1998.711005
discarded,Object-oriented programming for structured procedural programmers,E.H. Khan; M. Al-A'ali; M.R. Girgis,1995,Computer,10.1109/2.467579,https://ieeexplore.ieee.org/document/467579/,adjacent-subtopic,Object orientation is attracting much attention these days but may still be unfamiliar to some. This tutorial illustrates the differences between the object-oriented and structured-procedural programming (SPP) paradigms using working programs. It also shows how to migrate from the SPP methodology to object technology.<>,ieee,llm,0.970,unreviewed,,doi:10.1109/2.467579
discarded,Using object-oriented programming in computational electromagnetic codes,M.L. Zimmerman; P. Mallasch,1995,IEEE Antennas and Propagation Society International Symposium. 1995 Digest,10.1109/APS.1995.530210,https://ieeexplore.ieee.org/document/530210/,supports-claim; adjacent-subtopic,"Presently, most computer code development in the computational electromagnetics (CEM) community is done in the structured programming paradigm, particularly with the FORTRAN language. Other segments of the programming community have switched to the object oriented programming (OOP) paradigm in recent years in order to ease the development of highly complex codes. This paper examines how OOP is being used in the design of a hybrid-method time-domain numerical analysis CEM code. Comparisons will be made between the OOP code and a structured programming paradigm code in terms of code maintenance, portability, flexibility and speed.",ieee,llm_reviewed,0.860,changed,kept->discarded,doi:10.1109/aps.1995.530210
discarded,Balancing in reverse engineering and in object-oriented systems engineering to improve reusability and maintainability,H. Gall; R. Klosch; E. Kofler; L. Wurfl,1994,Proceedings Eighteenth Annual International Computer Software and Applications Conference (COMPSAC 94),10.1109/CMPSAC.1994.342835,https://ieeexplore.ieee.org/document/342835/,adjacent-subtopic,"Whenever a reverse engineering method is applied to an old software system, the results are mainly limited to its degree of automation. Additional domain knowledge via a human expert helps to overcome this limitation. Modernizing old procedural software for object-oriented reuse requires domain knowledge as well us a balancing of the recovered information. We have developed a reverse engineering method for a gradual transition of procedural programs to an object-oriented architecture based on those aspects. This paper describes the balancing of the various generated models in our reverse engineering method and discusses this balancing in comparison to the balancing process in conventional object-oriented systems development. We also point out the links between these two engineering approaches. Furthermore the advantages of our reverse engineering process for reusability as well as maintainability of old procedural software based on object-oriented concepts are indicated.<>",ieee,llm,0.790,unreviewed,,doi:10.1109/cmpsac.1994.342835
discarded,Transforming procedural program structures to object-oriented class structures for the purpose of populating a common software repository,H.M. Sneed,2002,"International Conference on Software Maintenance, 2002. Proceedings.",10.1109/ICSM.2002.1167782,https://ieeexplore.ieee.org/document/1167782/,adjacent-subtopic,The purpose of the work presented here is to convert the design documentation of procedural application systems into an object-oriented design for the purpose of populating an object-oriented repository. The prerequisite is to have a single design representation-the object model as specified in the OMG Unified Modeling Language. That entails transforming procedural programs into class hierarchies as described in this paper. The technique used is an adaptation of the dominance tree approach described in previous papers from Burd and Munro combined with the precedence graphs proposed by Horwitz and Reps.,ieee,llm,0.970,unreviewed,,doi:10.1109/icsm.2002.1167782
discarded,An object-oriented paradigm for simulating postal distribution centers,K. Preston White; B. Barney; S. Keller; R. Schwieters; J. Villasenor; W.S. Terry; R.G. Fairbrother; R.D. Saxton,2001,Proceeding of the 2001 Winter Simulation Conference (Cat. No.01CH37304),10.1109/WSC.2001.977406,https://ieeexplore.ieee.org/document/977406/,adjacent-subtopic,"Discrete-event simulation is an established tool for the design and management of large-scale mail sorting and distribution systems. Because the design of distribution facilities integrates many of the same or functionally similar components, adopting an object-oriented approach to simulation promises significant economies. Instead of coding and verifying models de novo for each facility, component subsystem, or individual process, object orientation allows engineers to reuse validated code stored in an object library. The authors illustrate how the procedural language AutoMod(R) (a leading commercial simulation package widely accepted in the industry), can be adapted for use within a hierarchical, object-oriented paradigm. A principal contribution is the design of a configuration management plan, which defines a structured process to control and account for the development and maintenance of procedural code and graphics stored in the objects library.",ieee,llm,0.900,unreviewed,,doi:10.1109/wsc.2001.977406
