status,title,authors,year,venue,doi,url,tags,abstract,provider,decision_source,llm_confidence,llm_review_outcome,llm_change_direction,paper_id
discarded,Extending object-oriented systems with roles,Georg Gottlob; Michael Schrefl; Brigitte Röck,1996,ACM Transactions on Information Systems,10.1145/230538.230540,https://openalex.org/W1965695377,adjacent-subtopic,"In many class-based object-oriented systems the association between as instance and a class is exclusive and permanent. Therefore these systems have serious difficulties in representing objects taking on different roles over time. Such objects must be reclassified any time they evolve (e.g., if a person becomes a student and later an employee). Class hierarchies must be planned carefully and may grow exponentially if entities may take on serveral independent roles. The problem is even more servere for object-oriented databases than for common object-oriented programming. Databases store objects over longer periods, during which the represented entities evolve. This article shows how class-based object-oriented systems can be extended to handle evolving objects well. Class hierarchies are complemented by role hierarchies, whose nodes represent role types an object classified in the root may take on. At any point in time, an entity is represented by an instance of the root and an instance of every role type whose role it currently plays. In a natural way, the approach extends traditional object-oriented concepts, such as classification, object identity, specialization, inheritance, and polymorphism in a natural way. The practicability of the approach is demonstrated by an implementation in Smalltalk. Smalltalk was chosen because it is widely known, which is not true for any particular class-based object-oriented database programming language. Roles can be provided in Smalltalk by adding a few classes. There is no need to modify the semantics of Smalltalk itself. Role hierarchies are mapped transparently onto ordinary classes. The presented implementation can easily be ported to object-oriented database programming languages based on Smalltalk, such as Gemstone's OPAL hierarchies are complemented by role hierarchies, whose nodes represent role types an object classified in the root may take on. At any point in time, an entity is represented by an instance of the root and an instance of every role type whose role in currently plays.",openalex,llm,0.960,unreviewed,,doi:10.1145/230538.230540
discarded,Object-oriented finite element analysis,Bruce W.R. Forde; Ricardo O. Foschi; S. F. Stiemer,1990,Computers & Structures,10.1016/0045-7949(90)90261-y,https://openalex.org/W2011774250,adjacent-subtopic,,openalex,llm,0.820,unreviewed,,doi:10.1016/0045-7949(90)90261-y
discarded,Relations as semantic constructs in an object-oriented language,James E. Rumbaugh,1987,,10.1145/38765.38850,https://openalex.org/W2107145247,adjacent-subtopic,"The relation as a semantic construct in an object-oriented language clearly expresses associations and constraints among objects which would otherwise be buried in implementation code. The externalization of references between objects permits a symmetric, non-redundant conceptual model which merits its own special notation and predefined operations. The object-relation model, which combines the object-oriented model with the entity-relationship model from data base theory, is particularly useful for designing and partitioning systems of interrelated objects. Relations can be implemented efficiently using hash tables. The model proposed here has been fully implemented in an object-oriented language written by the author which has been used to implement several production applications.",openalex,llm,0.960,unreviewed,,doi:10.1145/38765.38850
discarded,Support for maintaining object-oriented programs,Moises Lejter; S. Meyers; Steven P. Reiss,1992,IEEE Transactions on Software Engineering,10.1109/32.184759,https://openalex.org/W1991925015,qualifies-claim; adjacent-subtopic,"It is explained how inheritance and dynamic binding make object-oriented programs difficult to maintain, and a concrete example of the problems that arise is given. It is shown that the difficulty lies in the fact that conventional tools are poorly suited for work with object-oriented languages, and it is argued that semantics-based tools are essential for effective maintenance of object-oriented programs. A system developed for working with C++ programs is described. It comprises a relational database system for information about programs and an interactive database interface integrated with a text editor. The authors describe the system architecture, detail the database relations, provide informal evidence on the system's effectiveness, and compare it to other research with similar goals.>",openalex,llm_reviewed,0.920,changed,kept->discarded,doi:10.1109/32.184759
discarded,Class modification in the GemStone object-oriented DBMS,D. Jason Penney; Jacob Stein,1987,,10.1145/38765.38817,https://openalex.org/W1982731949,adjacent-subtopic,"We are currently designing a class modification methodology for GemStone. We describe the current status of the design. We choose from two basic approaches and then introduce those aspects of GemStone necessary for an understanding of the paper. After defining a set of invariants for GemStone databases, we discuss specific class modification operations in terms of maintaining these invariants. We next discuss several issues that impact class modification. These issues include concurrency and authorization, and lead to difficult choices.",openalex,llm,0.980,unreviewed,,doi:10.1145/38765.38817
discarded,Object-oriented databases,Deborah Jing-Hwahwang February; Deborah Jing-hwa Hwang; Deborah Jing-hwa Hwang,1991,Choice Reviews Online,10.5860/choice.29-2149,https://openalex.org/W1482192713,adjacent-subtopic,"Object-oriented databases havebeendeveloped to allow applications to store persistent data in the form of objects. As in conventional databases, object-oriented databases need to support queries that allow associative access to data by describing a property of the data of interest. In particular, they should support queries over user-defined sets based on user-defined functions that compute the propertyofinterest. Tomakesuch function-based queries run faster, wemust support function-based indexes where the keys are these computed properties. Function-based indexes are harder to maintain than indexes in conventional databases because mutations that affect keys can be done without accessing an element of the indexed set.",openalex,llm,0.950,unreviewed,,doi:10.5860/choice.29-2149
discarded,CommonLoops: merging Lisp and object-oriented programming,Daniel G. Bobrow; Ken Kahn; Gregor Kiczales; Larry M. Masinter; Mark Stefik; Frank Zdybel,1986,ACM SIGPLAN Notices,10.1145/960112.28700,https://openalex.org/W2095219277,adjacent-subtopic,"CommonLoops blends object-oriented programming smoothly and tightly with the procedure-oriented design of Lisp. Functions and methods are combined in a more general abstraction. Message passing is invoked via normal Lisp function call. Methods are viewed as partial descriptions of procedures. Lisp data types are integrated with object classes. With these integrations, it is easy to incrementally move a program between the procedure and object-oriented styles. One of the most important properties of CommonLoops is its extensive use of meta-objects. We discuss three kinds of meta-objects: objects for classes, objects for methods, and objects for discriminators. We argue that these meta-objects make practical both efficient implementation and experimentation with new ideas for object-oriented programming. CommonLoops' small kernel is powerful enough to implement the major object-oriented systems in use today.",openalex,llm,0.940,unreviewed,,doi:10.1145/960112.28700
discarded,Counterfeit Object-oriented Programming: On the Difficulty of Preventing Code Reuse Attacks in C++ Applications,Félix Schuster; Thomas Tendyck; Christopher Liebchen; Lucas Davi; Ahmad‐Reza Sadeghi; Thorsten Holz,2015,,10.1109/sp.2015.51,https://openalex.org/W1538332098,adjacent-subtopic,"Code reuse attacks such as return-oriented programming (ROP) have become prevalent techniques to exploit memory corruption vulnerabilities in software programs. A variety of corresponding defenses has been proposed, of which some have already been successfully bypassed -- and the arms race continues. In this paper, we perform a systematic assessment of recently proposed CFI solutions and other defenses against code reuse attacks in the context of C++. We demonstrate that many of these defenses that do not consider object-oriented C++ semantics precisely can be generically bypassed in practice. Our novel attack technique, denoted as counterfeit object-oriented programming (COOP), induces malicious program behavior by only invoking chains of existing C++ virtual functions in a program through corresponding existing call sites. COOP is Turing complete in realistic attack scenarios and we show its viability by developing sophisticated, real-world exploits for Internet Explorer 10 on Windows and Fire fox 36 on Linux. Moreover, we show that even recently proposed defenses (CPS, T-VIP, vfGuard, and VTint) that specifically target C++ are vulnerable to COOP. We observe that constructing defenses resilient to COOP that do not require access to source code seems to be challenging. We believe that our investigation and results are helpful contributions to the design and implementation of future defenses against control flow hijacking attacks.",openalex,llm,0.990,unreviewed,,doi:10.1109/sp.2015.51
discarded,Composite object support in an object-oriented database system,Won Bae Kim; Jay Banerjee; Hong‐Tai Chou; Jorge F. Garza; Darrell Woelk,1987,,10.1145/38765.38818,https://openalex.org/W2089365354,adjacent-subtopic,"Many applications in such domains as computer-aided design require the capability to define, store and retrieve as a single unit a collection of related objects known as a composite object. A composite object explicitly captures and enforces the IS-PART-OF integrity constraint between child and parent pairs of objects in a hierarchical collection of objects. Further, it can be used as a unit of storage and retrieval to enhance the performance of a database system.",openalex,llm,0.970,unreviewed,,doi:10.1145/38765.38818
discarded,Object oriented programming,Tim Rentsch,1982,ACM SIGPLAN Notices,10.1145/947955.947961,https://openalex.org/W4300655963,qualifies-claim; adjacent-subtopic,"Recently I had the opportunity to read the Intel manual introducing the iAPX 432 architecture.The manual is an amalgam of an informal overview of the hardware, a quick tutorial review of computer architectures in general, an introduction to the advanced concepts of the 432 in particular, and marketing hype proclaiming the advantages of the 432 over its competition.The 432's architecture has many interesting, unusual characteristics, and Intel is wise to introduce them in a form which is quickly assimilable.What most caught my interest is the claim that the 432 supports the ""object oriented design methodology.""What is object oriented programming?My guess is that object oriented programming will be in the 1980's what structured programming was in the 1970's.Everyone will be in favor of it.Every manufacturer will promote his products as supporting it.Every manager will pay lip service to it.Every programmer will practice it (differently).And no one will know just what it is.Surely there's a better way.I hope this paper will clarify object oriented programming by characterizing its more important aspects.These characterizations, while not a definition per se, should at least provide a better understanding, and ideally a commonly held one.Thus I hope we can avoid the deplorable and confusing situation just described.",openalex,llm_reviewed,0.740,changed,kept->discarded,doi:10.1145/947955.947961
discarded,"OOMMF user's guide, version 1.0",Michael J. Donahue; D. G. Porter,1999,,10.6028/nist.ir.6376,https://openalex.org/W4235625120,adjacent-subtopic,"This manual describes OOMMF (Object Oriented Micromagnetic Framework), a public domain micromagnetics program developed at the National Institute of Standards and Technology.The program is designed to be portable, flexible, and extensible, with a user-friendly graphical interface.The code is written in C++ and Tcl/Tk.Tar- get systems include a wide range of Unix platforms, Windows NT, and Windows 95/98.",openalex,llm,0.940,unreviewed,,doi:10.6028/nist.ir.6376
discarded,"On understanding types, data abstraction, and polymorphism",Luca Cardelli; Peter W. Wegner,1985,ACM Computing Surveys,10.1145/6041.6042,https://openalex.org/W2027657506,adjacent-subtopic,"Our objective is to understand the notion of type in programming languages, present a model of typed, polymorphic programming languages that reflects recent research in type theory, and examine the relevance of recent research to the design of practical programming languages. Object-oriented languages provide both a framework and a motivation for exploring the interaction among the concepts of type, data abstraction, and polymorphism, since they extend the notion of type to data abstraction and since type inheritance is an important form of polymorphism. We develop a λ-calculus-based model for type systems that allows us to explore these interactions in a simple setting, unencumbered by complexities of production programming languages. The evolution of languages from untyped universes to monomorphic and then polymorphic type systems is reviewed. Mechanisms for polymorphism such as overloading, coercion, subtyping, and parameterization are examined. A unifying framework for polymorphic type systems is developed in terms of the typed λ-calculus augmented to include binding of types by quantification as well as binding of values by abstraction. The typed λ-calculus is augmented by universal quantification to model generic functions with type parameters, existential quantification and packaging (information hiding) to model abstract data types, and bounded quantification to model subtypes and type inheritance. In this way we obtain a simple and precise characterization of a powerful type system that includes abstract data types, parametric polymorphism, and multiple inheritance in a single consistent framework. The mechanisms for type checking for the augmented λ-calculus are discussed. The augmented typed λ-calculus is used as a programming language for a variety of illustrative examples. We christen this language Fun because fun instead of λ is the functional abstraction keyword and because it is pleasant to deal with. Fun is mathematically simple and can serve as a basis for the design and implementation of real programming languages with type facilities that are more powerful and expressive than those of existing programming languages. In particular, it provides a basis for the design of strongly typed object-oriented languages.",openalex,llm,0.980,unreviewed,,doi:10.1145/6041.6042
discarded,Designing object-oriented synchronous groupware with COAST,Christian Schuckmann; Lutz Kirchner; Jan Schümmer; Jörg M. Haake,1996,,10.1145/240080.240186,https://openalex.org/W2053772878,adjacent-subtopic,"This paper introduces COAST, an object-oriented toolkit for the development of synchronous groupware, which enhances the usability and simplifies the development of such applications.COAST offers basic and generic components for the design of synchronous groupware and is complemented by a methodology for groupware development.Basic features of the toolkit include transaction-controlled access to replicated shared objects, transparent replication management, and a filly optimistic concurrency control.Development support is provided by a session concept supporting the flexible coupling of shared objects' aspects between concurrent users and by a fully transparent updating concept for displays which is based on declarative programming.",openalex,llm,0.980,unreviewed,,doi:10.1145/240080.240186
discarded,A survey of structured and object-oriented software specification methods and techniques,Roel J. Wieringa,1998,ACM Computing Surveys,10.1145/299917.299919,https://openalex.org/W2124970417,adjacent-subtopic,"This article surveys techniques used in structured and object-oriented software specification methods. The techniques are classified as techniques for the specification of external interaction and internal decomposition. The external specification techniques are further subdivided into techniques for the specification of functions, behavior, and communication. After surveying the techniques, we summarize the way they are used in structured and object-oriented methods and indicate ways in which they can be combined. This article ends with a plea for simplicity in diagram techniques and for the use of formal semantics to define these techniques. The appendices show how the reviewed techniques are used in 6 structured and 19 object-oriented specification methods.",openalex,llm,0.940,unreviewed,,doi:10.1145/299917.299919
discarded,Simple type-theoretic foundations for object-oriented programming,Benjamin C. Pierce; David N. Turner,1994,Journal of Functional Programming,10.1017/s0956796800001040,https://openalex.org/W2138839382,adjacent-subtopic,"Abstract We develop a formal, type-theoretic account of the basic mechanisms of object-oriented programming: encapsulation, message passing, subtyping and inheritance. By modelling object encapsulation in terms of existential types instead of the recursive records used in other recent studies, we obtain a substantial simplification both in the model of objects and in the underlying typed λ-calculus.",openalex,llm,0.990,unreviewed,,doi:10.1017/s0956796800001040
discarded,Interfaces for strongly-typed object-oriented programming,Peter S. Canning; William R. Cook; Walter L. Hill; Walter G. Olthoff,1989,,10.1145/74877.74924,https://openalex.org/W2021686672,adjacent-subtopic,"This paper develops a system of explicit interfaces for object-oriented programming. The system provides the benefits of module interfaces found in languages like Ada and Modula-2 while preserving the expressiveness that gives untyped object-oriented languages like Smalltalk their flexibility. Interfaces are interpreted as polymorphic types to make the system sufficiently powerful. We use interfaces to analyze the properties of inheritance, and identify three distinct kinds of inheritance in object-oriented programming, corresponding to objects, classes, and interfaces, respectively. Object interfaces clarify the distinction between interface containment and inheritance and give insight into limitations caused by equating the notions of type and class in many typed object-oriented programming languages. Interfaces also have practical consequences for design, specification, and maintenance of object-oriented systems.",openalex,llm,0.970,unreviewed,,doi:10.1145/74877.74924
discarded,"A shared, segmented memory system for an object-oriented database",Mark F. Hornick; Stanley B. Zdonik,1987,ACM Transactions on Information Systems,10.1145/22890.22891,https://openalex.org/W1967133810,adjacent-subtopic,"This paper describes the basic data model of an object-oriented database and the basic architecture of the system implementing it. In particular, a secondary storage segmentation scheme and a transaction-processing scheme are discussed. The segmentation scheme allows for arbitrary clustering of objects, including duplicates. The transaction scheme allows for many different sharing protocols ranging from those that enforce serializability to those that are nonserializable and require communication with the server only on demand. The interaction of these two features is described such that segment-level transfer and object-level locking is achieved.",openalex,llm,0.970,unreviewed,,doi:10.1145/22890.22891
discarded,Developing an object-oriented software testing and maintenance environment,David Chenho Kung; Jerry Zeyu Gao; Pei Hsia; Yasufumi Toyoshima; Chris Chen; Young-Si Kim; Young-Kee Song,1995,Communications of the ACM,10.1145/226239.226256,https://openalex.org/W2033250216,qualifies-claim; adjacent-subtopic,"The object-oriented (OO) paradigm is rapidly gaining acceptance in the software industry. However, the powerful features of this new paradigm also introduce a new set of OO software testing and maintenance problems. The pioneering work in identifying these new problems includes [7, 10-12, 14, 16, 18]. The problems can be summarized as: 1) the understanding problem; 2) the complex interdependency problem; 3) the object state behavior testing problem; and 4) the tool support problem. Detailed discussions of these problems will be provided later. Our industrial experience confirms these discoveries.",openalex,llm_reviewed,0.720,changed,kept->discarded,doi:10.1145/226239.226256
discarded,An Object-Oriented Parallel Particle-in-Cell Code for Beam Dynamics Simulation in Linear Accelerators,Ji Qiang; Robert D. Ryne; Salman Habib; Viktor K. Decyk,2000,Journal of Computational Physics,10.1006/jcph.2000.6570,https://openalex.org/W2018840457,adjacent-subtopic,,openalex,llm,0.940,unreviewed,,doi:10.1006/jcph.2000.6570
