status,title,authors,year,venue,doi,url,tags,abstract,provider,decision_source,llm_confidence,llm_review_outcome,llm_change_direction,paper_id
discarded,A meta-level control architecture for production systems,T. Ishida; Y. Sasaki; K. Nakata; Y. Fukuhara,1995,IEEE Transactions on Knowledge and Data Engineering,10.1109/69.368519,https://ieeexplore.ieee.org/document/368519/,adjacent-subtopic,"Recent production system applications have been experiencing exceedingly difficult software maintenance problems. This is because the control of rule firings has been buried in the production rules themselves. To cope with this problem, we propose a meta-level control architecture for production systems, where procedural programming languages, such as Lisp and C, are employed to explicitly describe the control plans of production systems. The key idea of the architecture is to view production systems as a collection of independent rule processes, each of which monitors the global database and performs actions when its conditions are satisfied by the database. Procedural Control Macros (PCMs), which are based on C.A.R. Hoare's (1978) CSP, are then introduced into procedural programming languages to establish communication with the collection of rule processes. Although the PCMs are simple and easy to implement, the readability and maintainability of production system applications are greatly enhanced. Together with the original facilities of procedural languages, the PCMs enable users to efficiently specify the control plans for production systems. Furthermore, since control information is gathered into control plans, production rules can be declarative and thereby application-independent. This new feature makes it possible to develop large-scale shared rule bases.<>",ieee,llm,0.910,unreviewed,,doi:10.1109/69.368519
discarded,MegaVul: A C/C++ Vulnerability Dataset with Comprehensive Code Representations,Chao Ni; Liyu Shen; Xiaohu Yang; Yan Zhu; Shaohua Wang,2024,2024 IEEE/ACM 21st International Conference on Mining Software Repositories (MSR),,https://ieeexplore.ieee.org/document/10555623/,adjacent-subtopic,"We constructed a newly large-scale and comprehensive C/C++ vulnerability dataset named MegaVul by crawling the Common Vulnerabilities and Exposures (CVE) database and CVE-related open-source projects. Specifically, we collected all crawlable descriptive information of the vulnerabilities from the CVE database and extracted all vulnerability-related code changes from 28 Git-based websites. We adopt advanced tools to ensure the extracted code integrality and enrich the code with four different transformed representations. Totally, MegaVul contains 17,380 vulnerabilities collected from 992 open-source repositories spanning 169 different vulnerability types disclosed from January 2006 to October 2023. Thus, MegaVul can be used for a variety of software security-related tasks including detecting vulnerabilities and assessing vulnerability severity. All information is stored in the JSON format for easy usage. MegaVul is publicly available on GitHub and will be continuously updated. It can be easily extended to other programming languages.CCS CONCEPTS•Software and its engineering → Software defect analysis.",ieee,llm,0.980,unreviewed,,hash:ece828ef2fe9aff2
discarded,ST-Petri: A Visual Executable Semantic Model for PLC Structured Text Language,Xiaoyu Hu; Yonghui Liang; Shibo Zhu; Hui Li; Shanying Zhu,2024,2024 IEEE 22nd International Conference on Industrial Informatics (INDIN),10.1109/INDIN58382.2024.10774532,https://ieeexplore.ieee.org/document/10774532/,adjacent-subtopic,"As very important controllers in automated facto-ries, the correctness and safety of Programmable Logic Controller (PLC) and their programs determine the stability of the production process. Structured Text (ST) is one of the most widely used PLC programming languages. However, there are not enough formal semantics and different venders may have their own implementations. In this work, a visual executable semantic model ST-Petri for ST has been proposed. The model uses Petri nets to formally represent ST semantics while using graphs to visualise program control flow. To validate the correctness of the semantic model, we use programs from Github and mutations of existing source programs as a test set to execute and compare the results with the open source OpenPLC platform. Experimental results show that ST-Petri has significant advantages in terms of compilation pass rate and error indication as a semantic model and a ST program compiler.",ieee,llm,0.980,unreviewed,,doi:10.1109/indin58382.2024.10774532
discarded,A Large-Scale Empirical Study of Real-Life Performance Issues in Open Source Projects,Yutong Zhao; Lu Xiao; Andre B. Bondi; Bihuan Chen; Yang Liu,2023,IEEE Transactions on Software Engineering,10.1109/TSE.2022.3167628,https://ieeexplore.ieee.org/document/9757842/,adjacent-subtopic,"Software performance is a critical quality attribute that determines the success of a software system. However, practitioners lack comprehensive and holistic understanding of how real-life performance issues are caused and resolved in practice from the technical, engineering, and economic perspectives. This paper presents a large-scale empirical study of 570 real-life performance issues from 13 open source projects from various problem domains, and implemented in three popular programming languages, Java (192 issues), C/C++ (162 issues), and Python (216 issues). From the technical perspective, we summarize eight general types of performance issues with corresponding root causes and resolutions that apply for all three languages. We also identify available tools for detecting and resolving different types of issues from the literature. In addition, we found that 27% of the 570 issues are resolved by design-level optimization—coordinated revision of a group of related source files and their design structure. We reveal four typical design-level optimization patterns, including classic design patterns, change propagation, optimization clone, and parallel optimization that practitioners should be aware of in resolving performance issues. From the engineering perspective, this study analyzes how test code changes in performance optimization. We found that only 15% of the 570 performance issues involve revision of test code. In most cases, the revised test cases focus on the functional logic of the performance optimization, rather than directly evaluate the performance improvement. This finding points to the potential lack of engineering standard for formally verifying performance optimization in regression testing. Finally, from the economic perspective, we analyze the “Return On Investment” of performance optimization. We found that design-level optimization usually requires more investment, but not always yields to higher performance improvement. However, developers tend to use design-level optimization when they concern about other quality attributes, such as maintainability and readability.",ieee,llm,0.960,unreviewed,,doi:10.1109/tse.2022.3167628
discarded,Mutation Analysis for Coq,Ahmet Celik; Karl Palmskog; Marinela Parovic; Emilio Jesús Gallego Arias; Milos Gligoric,2019,2019 34th IEEE/ACM International Conference on Automated Software Engineering (ASE),10.1109/ASE.2019.00057,https://ieeexplore.ieee.org/document/8952421/,adjacent-subtopic,"Mutation analysis, which introduces artificial defects into software systems, is the basis of mutation testing, a technique widely applied to evaluate and enhance the quality of test suites. However, despite the deep analogy between tests and formal proofs, mutation analysis has seldom been considered in the context of deductive verification. We propose mutation proving, a technique for analyzing verification projects that use proof assistants. We implemented our technique for the Coq proof assistant in a tool dubbed mCoq. mCoq applies a set of mutation operators to Coq definitions of functions and datatypes, inspired by operators previously proposed for functional programming languages. mCoq then checks proofs of lemmas affected by operator application. To make our technique feasible in practice, we implemented several optimizations in mCoq such as parallel proof checking. We applied mCoq to several medium and large scale Coq projects, and recorded whether proofs passed or failed when applying different mutation operators. We then qualitatively analyzed the mutants, finding many instances of incomplete specifications. For our evaluation, we made several improvements to serialization of Coq files and even discovered a notable bug in Coq itself, all acknowledged by developers. We believe mCoq can be useful both to proof engineers for improving the quality of their verification projects and to researchers for evaluating proof engineering techniques.",ieee,llm,0.980,unreviewed,,doi:10.1109/ase.2019.00057
discarded,Logical foundations of object-oriented and frame-based languages,Michael Kifer; Georg Lausen; James C. Wu,1995,Journal of the ACM,10.1145/210332.210335,https://openalex.org/W2084130127,adjacent-subtopic,"We propose a novel formalism, calledFrame Logic(abbr., F-logic), that accounts in a clean and declarative fashion for most of the structural aspects of object-oriented and frame-based languages. These features include object identity, complex objects, inheritance, polymorphic types, query methods, encapsulation, and others. In a sense, F-logic stands in the same relationship to the object-oriented paradigm as classical predicate calculus stands to relational programming. F-logic has a model-theoretic semantics and a sound and complete resolution-based proof theory. A small number of fundamental concepts that come from object-oriented programming have direct representation in F-logic; other, secondary aspects of this paradigm are easily modeled as well. The paper also discusses semantic issues pertaining to programming with a deductive object-oriented language based on a subset of F-logic.",openalex,llm,0.970,unreviewed,,doi:10.1145/210332.210335
discarded,Object-Oriented Bayesian Networks,Daphne Koller; Avi Pfeffer,2013,arXiv (Cornell University),10.48550/arxiv.1302.1554,https://openalex.org/W1581645897,off-topic-false-hit,"Bayesian networks provide a modeling language and associated inference algorithm for stochastic domains. They have been successfully applied in a variety of medium-scale applications. However, when faced with a large complex domain, the task of modeling using Bayesian networks begins to resemble the task of programming using logical circuits. In this paper, we describe an object-oriented Bayesian network (OOBN) language, which allows complex domains to be described in terms of inter-related objects. We use a Bayesian network fragment to describe the probabilistic relations between the attributes of an object. These attributes can themselves be objects, providing a natural framework for encoding part-of hierarchies. Classes are used to provide a reusable probabilistic model which can be applied to multiple similar objects. Classes also support inheritance of model fragments from a class to a subclass, allowing the common aspects of related classes to be defined only once. Our language has clear declarative semantics: an OOBN can be interpreted as a stochastic functional program, so that it uniquely specifies a probabilistic model. We provide an inference algorithm for OOBNs, and show that much of the structural information encoded by an OOBN--particularly the encapsulation of variables within an object and the reuse of model fragments in different contexts--can also be used to speed up the inference process.",openalex,llm,0.960,unreviewed,,doi:10.48550/arxiv.1302.1554
discarded,Object-oriented mapping of landslides using Random Forests,André Stumpf; Norman Kerle,2011,Remote Sensing of Environment,10.1016/j.rse.2011.05.013,https://openalex.org/W2081620141,off-topic-false-hit,,openalex,llm,1.000,unreviewed,,doi:10.1016/j.rse.2011.05.013
discarded,From object-oriented to goal-oriented requirements analysis,John Mylopoulos; Lawrence Chung; Eric S. K. Yu,1999,Communications of the ACM,10.1145/291469.293165,https://openalex.org/W2051028605,adjacent-subtopic,"The article focuses on the object-oriented and goal-oriented requirements analysis. The growing influence of object-oriented programming on programming practice has led to the rise of a new paradigm for system and software requirements analysis, popularly known as object-oriented analysis (OOA). This paradigm adopts ideas from object-oriented programming and blends them with ideas from semantic data modeling and knowledge representation into modeling framework that is more powerful than traditional techniques such as data flow diagrams, structured analysis and the like. The Object-Oriented Systems Analysis technique adopts the Entity-Relationship model to capture the declarative aspects of a software system. OOA is popular because it significantly advances the state of practice in requirements modeling. OOA techniques offer a coherent framework which integrates a comprehensive set of modeling concepts for capturing declarative, behavioral and interactive aspects of a system. In addition, OOA techniques strongly support two structuring mechanisms, generalization and aggregation, in terms of which a modeler can organize and manage the immense amount of information captured by her models.",openalex,llm,0.900,unreviewed,,doi:10.1145/291469.293165
discarded,Object-Oriented Reengineering Patterns,"Serge Demeyer; Ducasse, Stéphane; Oscar Nierstrasz",2003,Elsevier eBooks,10.1016/b978-1-55860-639-5.x5000-7,https://openalex.org/W2121898992,adjacent-subtopic,,openalex,llm,0.910,unreviewed,,doi:10.1016/b978-1-55860-639-5.x5000-7
discarded,The prediction of faulty classes using object-oriented design metrics,Khaled El Emam; Walcélio L. Melo; Javam C. Machado,2001,Journal of Systems and Software,10.1016/s0164-1212(00)00086-8,https://openalex.org/W2135250985,adjacent-subtopic,,openalex,llm,0.910,unreviewed,,doi:10.1016/s0164-1212(00)00086-8
discarded,Basic concepts and taxonomy of dependable and secure computing,A. Avižienis; J.-C. Laprie; Brian Randell; Carl E. Landwehr,2004,IEEE Transactions on Dependable and Secure Computing,10.1109/tdsc.2004.2,https://openalex.org/W2145071552,adjacent-subtopic,"This paper gives the main definitions relating to dependability, a generic concept including a special case of such attributes as reliability, availability, safety, integrity, maintainability, etc. Security brings in concerns for confidentiality, in addition to availability and integrity. Basic definitions are given first. They are then commented upon, and supplemented by additional definitions, which address the threats to dependability and security (faults, errors, failures), their attributes, and the means for their achievement (fault prevention, fault tolerance, fault removal, fault forecasting). The aim is to explicate a set of general concepts, of relevance across a wide range of situations and, therefore, helping communication and cooperation among a number of scientific and technical communities, including ones that are concentrating on particular types of system, of system failures, or of causes of system failures.",openalex,llm,0.980,unreviewed,,doi:10.1109/tdsc.2004.2
discarded,The object-oriented systems life cycle,Brian Henderson‐Sellers; Julian M. Edwards,1990,Communications of the ACM,10.1145/83880.84529,https://openalex.org/W2069752849,adjacent-subtopic,"In software engineering, the traditional description of the software life cycle is based on an underlying model, commonly referred to as the “waterfall” model (e.g., [4]). This model initially attempts to discretize the identifiable activities within the software development process as a linear series of actions, each of which must be completed before the next is commenced. Further refinements to this model appreciate that such completion is seldom absolute and that iteration back to a previous stage is likely. Various authors' descriptions of this model relate to the detailed level at which the software building process is viewed. At the most general level, three phases to the life cycle are generally agreed upon: 1) analysis, 2) design and 3) construction/implementation (e.g., [36], p. 262; [42]) (Figure 1(a)). The analysis phase covers from the initiation of the project, through to users-needs analysis and feasibility study (cf. [15]); the design phase covers the various concepts of system design, broad design, logical design, detailed design, program design and physical design. Following from the design stage(s), the computer program is written, the program tested, in terms of verification, validation and sensitivity testing, and when found acceptable, put into use and then maintained well into the future. In the more detailed description of the life cycle a number of subdivisions are identified (Figure 1(b)). The number of these subdivisions varies between authors. In general, the problem is first defined and an analysis of the requirements of current and future users undertaken, usually by direct and indirect questioning and iterative discussion. Included in this stage should be a feasibility study. Following this a user requirements definition and a software requirements specification, (SRS) [15], are written. The users requirements definition is in the language of the users so that this can be agreed upon by both the software engineer and the software user. The software requirements specification is written in the language of the programmer and details the precise requirements of the system. These two stages comprise an answer to the question of WHAT? (viz. problem definition). The user-needs analysis stage and examination of the solution space are still within the overall phase of analysis but are beginning to move toward not only problem decomposition, but also highlighting concepts which are likely to be of use in the subsequent system design; thus beginning to answer the question HOW? On the other hand, Davis [15] notes that this division into “what” and “how” can be subject to individual perception, giving six different what/how interpretations of an example telephone system. At this requirements stage, however, the domain of interest is still very much that of the problem space. Not until we move from (real-world) systems analysis to (software) systems design do we move from the problem space to the solution space (Figure 2). It is important to observe the occurrence and location of this interface. As noted by Booth [6], this provides a useful framework in object-oriented analysis and design. The design stage is perhaps the most loosely defined since it is a phase of progressive decomposition toward more and more detail (e.g., [41]) and is essentially a creative, not a mechanistic, process [42]. Consequently, systems design may also be referred to as “broad design” and program design as “detailed design” [20]. Brookes et al. [9] refer to these phases as “logical design” and “physical design.” In the traditional life cycle these two design stages can become both blurred and iterative; but in the object-oriented life cycle the boundary becomes even more indistinct. The software life cycle, as described above, is frequently implemented based on a view of the world interpreted in terms of a functional decomposition; that is, the primary question addressed by the systems analysis and design is WHAT does the system do viz. what is its function? Functional design, and the functional decomposition techniques used to achieve this, is based on the interpretation of the problem space and its translation to solution space as an interdependent set of functions or procedures. The final system is seen as a set of procedures which, apparently secondarily, operate on data. Functional decomposition is also a top-down analysis and design methodology. Although the two are not synonymous, most of the recently published systems analysis and design methods exhibit both characteristics (e.g., [14, 17]) and some also add a real-time component (e.g., [44]). Top-down design does impose some discipline on the systems analyst and program designer; yet it can be criticized as being too restrictive to support contemporary software engineering designs. Meyer [29] summarizes the flaws in top-down system design as follows: 1. top-down design takes no account of evolutionary changes; 2. in top-down design, the system is characterized by a single function—a questionable concept; 3. top-down design is based on a functional mindset, and consequently the data structure aspect is often completely neglected; 4. top-down design does not encourage reusability. (See also discussion in [41], p. 352 et seq.)",openalex,llm,0.940,unreviewed,,doi:10.1145/83880.84529
