status,title,authors,year,venue,doi,url,tags,abstract,provider,decision_source,llm_confidence,llm_review_outcome,llm_change_direction,paper_id
discarded,"VTAnDeM: A python toolkit for simultaneously visualizing phase stability, defect energetics, and carrier concentrations of materials",M.Y. Toriyama,2023,Computer Physics Communications,10.1016/j.cpc.2023.108691,https://www.scopus.com/inward/record.uri?partnerID=HzOxMe3b&scp=85148021363&origin=inward,off-topic-false-hit,,scopus,llm,0.990,unreviewed,,doi:10.1016/j.cpc.2023.108691
discarded,The Impact on Open Source Projects Due to C++ Templates and Lambdas:,B. Shaikh,2023,14th International Conference on Advances in Computing Control and Telecommunication Technologies Act 2023,,https://www.scopus.com/inward/record.uri?partnerID=HzOxMe3b&scp=85174293924&origin=inward,adjacent-subtopic,,scopus,llm,0.950,unreviewed,,hash:9ed2f14660b55e21
discarded,Mutation Operators for Java Streams,M. Aranda,2022,ACM International Conference Proceeding Series,10.1145/3559744.3559752,https://www.scopus.com/inward/record.uri?partnerID=HzOxMe3b&scp=85139940409&origin=inward,adjacent-subtopic,,scopus,llm,0.980,unreviewed,,doi:10.1145/3559744.3559752
discarded,DensityTool: A post-processing tool for space- and spin-resolved density of states from VASP,L. Lodeiro,2022,Computer Physics Communications,10.1016/j.cpc.2022.108384,https://www.scopus.com/inward/record.uri?partnerID=HzOxMe3b&scp=85129362587&origin=inward,off-topic-false-hit,,scopus,llm,0.990,unreviewed,,doi:10.1016/j.cpc.2022.108384
discarded,Application of Large-Scale Molecular Prediction for Creating the Preferred Precursor Ions List to Enhance the Identification of Ginsenosides from the Flower Buds of Panax ginseng,C. Zhang,2022,Journal of Agricultural and Food Chemistry,10.1021/acs.jafc.2c01435,https://www.scopus.com/inward/record.uri?partnerID=HzOxMe3b&scp=85130057515&origin=inward,off-topic-false-hit,,scopus,llm,1.000,unreviewed,,doi:10.1021/acs.jafc.2c01435
discarded,HBSNIFF: A static analysis tool for Java Hibernate object-relational mapping code smell detection,Z. Huang,2022,Science of Computer Programming,10.1016/j.scico.2022.102778,https://www.scopus.com/inward/record.uri?partnerID=HzOxMe3b&scp=85125460967&origin=inward,adjacent-subtopic,,scopus,llm,0.970,unreviewed,,doi:10.1016/j.scico.2022.102778
discarded,PyPhotonics: A python package for the evaluation of luminescence properties of defects,S.A. Tawfik,2022,Computer Physics Communications,10.1016/j.cpc.2021.108222,https://www.scopus.com/inward/record.uri?partnerID=HzOxMe3b&scp=85121623717&origin=inward,off-topic-false-hit,,scopus,llm,0.990,unreviewed,,doi:10.1016/j.cpc.2021.108222
discarded,Life estimation of taper roller bearing used in a decanter gearbox using Python 3.8,B.B. Deshmukh,2022,Aip Conference Proceedings,10.1063/5.0080259,https://www.scopus.com/inward/record.uri?partnerID=HzOxMe3b&scp=85128016436&origin=inward,off-topic-false-hit,,scopus,llm,0.990,unreviewed,,doi:10.1063/5.0080259
discarded,Clamor: Extending functional cluster computing frameworks with fine-grained remote memory access,P. Thaker,2021,Socc 2021 Proceedings of the 2021 ACM Symposium on Cloud Computing,10.1145/3472883.3486996,https://www.scopus.com/inward/record.uri?partnerID=HzOxMe3b&scp=85119277653&origin=inward,adjacent-subtopic,,scopus,llm,0.970,unreviewed,,doi:10.1145/3472883.3486996
discarded,RepoSkillMiner: Identifying software expertise from GitHub repositories using Natural Language Processing,S. Kourtzanidis,2020,Proceedings 2020 35th IEEE ACM International Conference on Automated Software Engineering Ase 2020,10.1145/3324884.3415305,https://www.scopus.com/inward/record.uri?partnerID=HzOxMe3b&scp=85099228142&origin=inward,adjacent-subtopic,,scopus,llm,0.980,unreviewed,,doi:10.1145/3324884.3415305
discarded,The effect of multiple developers on structural attributes: A Study based on java software,A. Capiluppi,2020,Journal of Systems and Software,10.1016/j.jss.2020.110593,https://www.scopus.com/inward/record.uri?partnerID=HzOxMe3b&scp=85083715526&origin=inward,adjacent-subtopic,,scopus,llm,0.890,unreviewed,,doi:10.1016/j.jss.2020.110593
discarded,rust-code-analysis: A Rust library to analyze and extract maintainability information from source codes,L. Ardito,2020,Softwarex,10.1016/j.softx.2020.100635,https://www.scopus.com/inward/record.uri?partnerID=HzOxMe3b&scp=85097344639&origin=inward,adjacent-subtopic,,scopus,llm,0.960,unreviewed,,doi:10.1016/j.softx.2020.100635
kept,An Observational Study on the Maintainability Characteristics of the Procedural and Object-Oriented Programming Paradigms,Wladymir Brborich; Bryan Oscullo; Jorge Edison Lascano; Stephen Clyde,2020,2020 IEEE 32nd Conference on Software Engineering Education and Training (CSEE&T),10.1109/CSEET49119.2020.9206213,https://ieeexplore.ieee.org/document/9206213/,qualifies-claim,"This paper presents an observational study that takes an initial step towards answering the question of how the selection of a programming paradigm affects the maintainability of a software system. Answers to this question are important because they can provide insight on how the maintainability characteristics of different programming paradigms could be leveraged to improve software-engineering education. The observational study compares developers' effectiveness and speed performing pre-determined maintenance tasks on two equivalent variations of a web-based application: one based on Procedural Programming and one based on Object-Oriented Programming. Presented within this paper are the study's design, metrics measuring maintenance effectiveness and speed, and a statistical analysis of the results, which provides evidence that the maintainability characteristics of the two paradigms are different within the context of this research. In addition, as an observational study, some of its important contributions are lessons learned about the experiment design process and ideas for new hypotheses. These are presented in preparation for a future, broader research, and larger-scale experiment. Finally, we discuss some forward-thinking ideas about how differences in the maintenance characteristics of programming paradigms may influence on software-engineering education.",ieee,llm,0.980,unreviewed,,doi:10.1109/cseet49119.2020.9206213
discarded,DISK-an object-oriented design tool for the synthesis and evaluation of digital circuits,T.K. Kropf; F.H. Feldbusch,1989,Proceedings. VLSI and Computer Peripherals. COMPEURO 89,10.1109/CMPEUR.1989.93476,https://ieeexplore.ieee.org/document/93476/,adjacent-subtopic,"The authors present an approach to the representation of design data that is based on an object-oriented programming paradigm. It is shown that this provides a powerful mechanism for handling circuit descriptions even at higher levels of the design hierarchy. In particular, it is possible to represent structural and behavioral data in a natural way, which facilitates the transformation of design data from a behavioral to a structural description, and vice versa. MOOD, an object-oriented data structure, is described as the first result of a prototype implementation together with DISK, a framework for using it with various design tools.<>",ieee,llm,0.960,unreviewed,,doi:10.1109/cmpeur.1989.93476
discarded,Object-oriented software for diagnosis of manufacturing systems,J.H. Graham; S.M. Alexander; W.Y. Lee,1991,Proceedings. 1991 IEEE International Conference on Robotics and Automation,10.1109/ROBOT.1991.131915,https://ieeexplore.ieee.org/document/131915/,adjacent-subtopic,"A description is given of the object-oriented analysis and implementation of a knowledge-based system for diagnosis of computer integrated manufacturing cells using a hybrid reasoning approach. The functional hierarchy of the manufacturing cell forms an inheritance hierarchy in multistrata format for the deep reasoning component, which leads to a set of symptom oriented production rules for final fault isolation and identification. Search path selection and computation are performed by a set of methods associated with the inheritance hierarchies.<>",ieee,llm,0.970,unreviewed,,doi:10.1109/robot.1991.131915
discarded,Replication of a Study about the Impact of Method Chaining and Comments on Readability and Comprehension,Isabel Braga Sampaio; Alberto Sampaio,2024,2024 4th International Conference on Code Quality (ICCQ),10.1109/ICCQ60895.2024.10576941,https://ieeexplore.ieee.org/document/10576941/,adjacent-subtopic,"It is well known that readability is an essential feature of quality code, and that many factors can affect the readability of code. This paper presents a conceptual replication of a previous experimental study that evaluated two practices associated with source code readability, namely, use of comments and method chaining. The replication study has the same research questions as the original study and involved almost all students of an OOP course of an informatics engineering program. The research process is presented, alongside decisions made and differences from the original study. Concerning perceived readability, our study found no significant differences between method chaining variants and between comment variants. The original study did find a significant difference for comments variants. In the case of comprehension, we found no significant differences between the method chaining variants but found a significant difference for an $a= 0.1\%$ among comments variants, both as opposed to the original study.",ieee,llm,0.950,unreviewed,,doi:10.1109/iccq60895.2024.10576941
discarded,Object oriented mutation testing: A survey,Muhammad Bilal Bashir; Aamer Nadeem,2012,2012 International Conference on Emerging Technologies,10.1109/ICET.2012.6375480,https://ieeexplore.ieee.org/document/6375480/,adjacent-subtopic,"Mutation testing is a fault based testing technique that measures the effectiveness of test case suite and helps to generate test cases that have potential of identifying real faults in the program. Faults are injected using a pre-defined set of mutation operators. Object oriented paradigm is known for its salient features that make it different from traditional programming paradigms. We find traditional mutation operators insufficient and incapable of introducing faults in object oriented features like encapsulation, inheritance and polymorphism. This paper presents a survey on object oriented mutation testing to find out the issues mutation testing is currently facing and solutions that have been proposed to cater those issues. We have studied various techniques proposed till now and tools that are developed for the aid of testers to perform mutation testing. We analyze these techniques considering the issues in object oriented mutation testing against the solutions they have offered. Our survey concludes that selective mutation testing can reduce the computational cost and experiments on large scale can help identifying potential mutation operators to avoid generation of equivalent mutants.",ieee,llm,0.960,unreviewed,,doi:10.1109/icet.2012.6375480
discarded,Functional Programming for the Internet of Things: A LoRa-MQTT Gateway written in Elixir,Philip Branch; Phillip Weinstock,2023,2023 33rd International Telecommunication Networks and Applications Conference,10.1109/ITNAC59571.2023.10368535,https://ieeexplore.ieee.org/document/10368535/,adjacent-subtopic,"Networks for the Internet of Things typically use a gateway to provide connectivity between a low bit rate, low capability sensor network and the broader Internet. The gateway can be subject to very high traffic loads, many concurrent processes and needs to be highly reliable. Functional programming languages such as Erlang and Elixir have proven to be an effective programming paradigm for such scenarios, notably in large scale telecommunications switches. In this paper we report on our experiences of developing a gateway between a LoRa network and an MQTT broker using the functional programming language Elixir. Our experience suggests that the discipline imposed by functional programming results in a system that is more compact, supports concurrent processes well and is more reliable than similar systems developed using conventional languages. However, we also note that subsystems to support the development of such systems are primitive and that functional programming has a considerably steep learning curve. Nevertheless we conclude that functional programming has considerable potential for the Internet of Things and plan to continue research in this area.",ieee,llm,0.940,unreviewed,,doi:10.1109/itnac59571.2023.10368535
discarded,Integration of a dynamic object replication framework in Java,T. Strauss; O. Theel,2003,"Eleventh Euromicro Conference on Parallel, Distributed and Network-Based Processing, 2003. Proceedings.",10.1109/EMPDP.2003.1183597,https://ieeexplore.ieee.org/document/1183597/,adjacent-subtopic,"By the use of dynamic replication schemes - in comparison with static replication schemes - a tremendous increase of read and write operation availabilities can be achieved. Furthermore, object-oriented programming languages like Java offer excellent possibilities for the abstraction of complex problems. In this paper, we present our solution for combining dynamic replication and its use in object-oriented programming. More precisely, we show how Java objects can be made highly available through the use of dynamic replication in an almost transparent manner from the Java application programmer's perspective. This is done by using a general, highly flexible framework which enables the use of a large number of dynamic replication schemes. We show how the framework can be integrated, such that it is conveniently available for Java application programmers. We demonstrate its simple use, even when being introduced a posteriori in a Java program: one need only to modify a few lines of code.",ieee,llm,0.970,unreviewed,,doi:10.1109/empdp.2003.1183597
discarded,"A unified process for the integration of large-scale, distributed, object-oriented, real-time systems in layered architectures",M. Mortazavi; J. Connell,1999,Proceedings 2nd IEEE International Symposium on Object-Oriented Real-Time Distributed Computing (ISORC'99) (Cat. No.99-61702),10.1109/ISORC.1999.776348,https://ieeexplore.ieee.org/document/776348/,adjacent-subtopic,"Over the past few decades, a great deal of research has been devoted to the development of real-time components and systems. Examples include real-time operating systems, real-time schedulers, real-time object models and real-time object brokers. Nevertheless, efforts to build such large-scale systems have lagged behind, due to interoperability problems, programming paradigms which are difficult to use, an absence of a standard QoS specification language, a general lack of maturity in the software engineering processes involved, and logistic difficulties of building large-scale distributed, real-time systems within a reasonable expenditure of resources. This paper focuses on the initial phases of the QUITE (QUorum Integration, Testbed and Exploitation) project, a recent effort to build a large-scale, QoS-aware, real-time system based on the integration of research technologies that have received funding from the Quorum program of the Defense Advanced Research Project Agency (DARPA). It emphasizes the process aspects of the QUITE integration effort.",ieee,llm,0.970,unreviewed,,doi:10.1109/isorc.1999.776348
discarded,An empirical study of code smells in JavaScript projects,Amir Saboury; Pooya Musavi; Foutse Khomh; Giulio Antoniol,2017,"2017 IEEE 24th International Conference on Software Analysis, Evolution and Reengineering (SANER)",10.1109/SANER.2017.7884630,https://ieeexplore.ieee.org/document/7884630/,adjacent-subtopic,"JavaScript is a powerful scripting programming language that has gained a lot of attention this past decade. Initially used exclusively for client-side web development, it has evolved to become one of the most popular programming languages, with developers now using it for both client-side and server-side application development. Similar to applications written in other programming languages, JavaScript applications contain code smells, which are poor design choices that can negatively impact the quality of an application. In this paper, we investigate code smells in JavaScript server-side applications with the aim to understand how they impact the fault-proneness of applications. We detect 12 types of code smells in 537 releases of five popular JavaScript applications (i.e., express, grunt, bower, less.js, and request) and perform survival analysis, comparing the time until a fault occurrence, in files containing code smells and files without code smells. Results show that (1) on average, files without code smells have hazard rates 65% lower than files with code smells. (2) Among the studied smells, “Variable Re-assign” and “Assignment In Conditional statements” code smells have the highest hazard rates. Additionally, we conduct a survey with 1,484 JavaScript developers, to understand the perception of developers towards our studied code smells. We found that developers consider “Nested Callbacks”, “Variable Re-assign” and “Long Parameter List” code smells to be serious design problems that hinder the maintainability and reliability of applications. This assessment is in line with the findings of our quantitative analysis. Overall, code smells affect negatively the quality of JavaScript applications and developers should consider tracking and removing them early on before the release of applications to the public.",ieee,llm,0.950,unreviewed,,doi:10.1109/saner.2017.7884630
discarded,A design approach for numerical libraries in large scale distributed systems,Nahid Emad; Olivier Delannoy; Makarem Dandouna,2010,ACS/IEEE International Conference on Computer Systems and Applications - AICCSA 2010,10.1109/AICCSA.2010.5586951,https://ieeexplore.ieee.org/document/5586951/,adjacent-subtopic,"Nowadays, large scale distributed systems gather thousands of nodes with hierarchical memory models. They are heterogeneous, volatile and geographically distributed. The efficient exploitation of such systems requires the conception and adaptation of appropriate numerical methods, the definition of new programming paradigms, new metrics for performance prediction, etc. The modern hybrid numerical methods are well adapted to this kind of systems. This is particularly because of their multi-level parallelism and fault tolerance property. However the programming of these methods for these architectures requires concurrent reuse of sequential and parallel code. But the currently existing numerical libraries aren't able to exploit the multi-level parallelism offered by theses methods. A few linear algebra numerical libraries make use of object oriented approach allowing modularity and extensibility. Nevertheless, those which offer modularity,sequential and parallel code reuse are almost non-existent. In this paper, we analyze the lacks in existing libraries and propose a design based on a component approach and the strict separation between computation operations, data management and communication control of an application. We present then an application of this design using YML scientific workflow environment (http://yml.prism.uvsq.fr/) jointly with the object oriented LAKe (Linear Algebra Kernel) library. Some numerical experiments on GRID5000 platform validate our approach and show its efficiency.",ieee,llm,0.930,unreviewed,,doi:10.1109/aiccsa.2010.5586951
discarded,RepoSkillMiner: Identifying software expertise from GitHub repositories using Natural Language Processing,Stratos Kourtzanidis; Alexander Chatzigeorgiou; Apostolos Ampatzoglou,2020,2020 35th IEEE/ACM International Conference on Automated Software Engineering (ASE),,https://ieeexplore.ieee.org/document/9286058/,adjacent-subtopic,"A GitHub profile is becoming an essential part of a developer's resume enabling HR departments to extract someone's expertise, through automated analysis of his/her contribution to open-source projects. At the same time, having clear insights on the technologies used in a project can be very beneficial for resource allocation and project maintainability planning. In the literature, one can identify various approaches for identifying expertise on programming languages, based on the projects that developer contributed to. In this paper, we move one step further and introduce an approach (ac-companied by a tool) to identify low-level expertise on particular software frameworks and technologies apart, relying solely on GitHub data, using the GitHub API and Natural Language Processing (NLP)-using the Microsoft Language Understanding Intelligent Service (LUIS). In particular, we developed an NLP model in LUIS for named-entity recognition for three (3). NET technologies and two (2) front-end frameworks. Our analysis is based upon specific commit contents, in terms of the exact code chunks, which the committer added or changed. We evaluate the precision, recall and f-measure for the derived technologies/frameworks, by conducting a batch test in LUIS and report the results. The proposed approach is demonstrated through a fully functional web application named RepoSkillMiner.",ieee,llm,0.980,unreviewed,,hash:76db6e279b4fa2c0
