status,title,authors,year,venue,doi,url,tags,abstract,provider,decision_source,llm_confidence,llm_review_outcome,llm_change_direction,paper_id
In the object-oriented world, checking pre- and post-conditions for methods, often called contracts in this context, poses complex problems. Because methods may be overridden, it is not sufficient to check only pre- and post-conditions. In addition, the contract hierarchy must be checked to ensure that the contracts on overridden methods are properly related to the contracts on overriding methods. Otherwise, a class hierarchy may violate the substitution principle, that is, it may no longer be true that an instance of a class is substitutable for objects of the super-class.

In this paper, we study the problem of contract enforcement in an object-oriented world from a foundational perspective. More specifically, we study contracts as refinements of types. Pushing the analogy further, we state and prove a contract soundness theorem that captures the essential properties of contract enforcement. We use the theorem to illustrate how most existing tools suffer from a fundamental flaw and how they can be improved.",wos,llm,0.890,unreviewed,,hash:ff49f8c9937a47b0
discarded,Identifying Unit Boundaries for Coverage Computation in White Box Testing,D. Mukherjee,2025,2025 5th Asian Conference on Innovation in Technology Asiancon 2025,10.1109/ASIANCON66527.2025.11281229,https://www.scopus.com/inward/record.uri?partnerID=HzOxMe3b&scp=105031391294&origin=inward,adjacent-subtopic,,scopus,llm,0.800,unreviewed,,doi:10.1109/asiancon66527.2025.11281229
discarded,Accelerating the Pre-Silicon Functional Verification Value Ramp Using Aspect Oriented Development,H. Carter,2025,IEEE Aerospace Conference Proceedings,10.1109/AERO63441.2025.11068458,https://www.scopus.com/inward/record.uri?partnerID=HzOxMe3b&scp=105012218406&origin=inward,adjacent-subtopic,,scopus,llm,0.910,unreviewed,,doi:10.1109/aero63441.2025.11068458
discarded,Improved Software Fault Prediction Model Based on Optimal Features Set and Threshold Values Using Metaheuristic Approach,M. Singh,2023,SN Computer Science,10.1007/s42979-023-02217-x,https://www.scopus.com/inward/record.uri?partnerID=HzOxMe3b&scp=85173961508&origin=inward,adjacent-subtopic,,scopus,llm,0.900,unreviewed,,doi:10.1007/s42979-023-02217-x
discarded,An Empirical Assessment of Functional Redundancy Semantic Metric,D. Amara,2020,Advances in Intelligent Systems and Computing,10.1007/978-3-030-16660-1_25,https://www.scopus.com/inward/record.uri?partnerID=HzOxMe3b&scp=85065463569&origin=inward,adjacent-subtopic,,scopus,llm,0.760,unreviewed,,doi:10.1007/978-3-030-16660-1_25
discarded,Commit-defect and architectural metrics-based quality assessment of C language,D. Tiwari,2020,Enase 2020 Proceedings of the 15th International Conference on Evaluation of Novel Approaches to Software Engineering,,https://www.scopus.com/inward/record.uri?partnerID=HzOxMe3b&scp=85088397111&origin=inward,adjacent-subtopic,,scopus,llm,0.940,unreviewed,,hash:c6783ff4cbe82cc8
discarded,A smart component methodology for reliability analysis of dynamic systems,D. Shukla,2019,Annals of Nuclear Energy,10.1016/j.anucene.2019.07.027,https://www.scopus.com/inward/record.uri?partnerID=HzOxMe3b&scp=85070732284&origin=inward,off-topic-false-hit,,scopus,llm,0.910,unreviewed,,doi:10.1016/j.anucene.2019.07.027
discarded,Using code quality features to predict bugs in procedural software systems,C.W. Araújo,2018,ACM International Conference Proceeding Series,10.1145/3266237.3266271,https://www.scopus.com/inward/record.uri?partnerID=HzOxMe3b&scp=85055841579&origin=inward,adjacent-subtopic,,scopus,llm,0.940,unreviewed,,doi:10.1145/3266237.3266271
discarded,Testing of aspect-oriented programs: difficulties and lessons learned based on theoretical and practical experience,F.C. Ferrari,2015,Journal of the Brazilian Computer Society,10.1186/s13173-015-0040-1,https://www.scopus.com/inward/record.uri?partnerID=HzOxMe3b&scp=84948403726&origin=inward,adjacent-subtopic,,scopus,llm,0.960,unreviewed,,doi:10.1186/s13173-015-0040-1
discarded,The effects of replacement strategies of genetic algorithm in regression test case prioritizatoin of selected test cases,S. Musa,2015,International Journal of Soft Computing,10.3923/ijscomp.2015.359.368,https://www.scopus.com/inward/record.uri?partnerID=HzOxMe3b&scp=84950160666&origin=inward,adjacent-subtopic,,scopus,llm,0.980,unreviewed,,doi:10.3923/ijscomp.2015.359.368
discarded,An application-level technique based on recursive hierarchical state machines for agent execution state capture,G. Fortino,2013,Science of Computer Programming,10.1016/j.scico.2011.10.001,https://www.scopus.com/inward/record.uri?partnerID=HzOxMe3b&scp=84875708939&origin=inward,adjacent-subtopic,,scopus,llm,0.970,unreviewed,,doi:10.1016/j.scico.2011.10.001
discarded,A new computer architecture supporting object-oriented programming,J. Li,2013,International Review on Computers and Software,,https://www.scopus.com/inward/record.uri?partnerID=HzOxMe3b&scp=84875637303&origin=inward,adjacent-subtopic,,scopus,llm,0.960,unreviewed,,hash:7352d77cfc2491f0
discarded,On the empirical evaluation of fault localization techniques for spreadsheets,B. Hofer,2013,Lecture Notes in Computer Science Including Subseries Lecture Notes in Artificial Intelligence and Lecture Notes in Bioinformatics,10.1007/978-3-642-37057-1_6,https://www.scopus.com/inward/record.uri?partnerID=HzOxMe3b&scp=84874359817&origin=inward,adjacent-subtopic,,scopus,llm,0.980,unreviewed,,doi:10.1007/978-3-642-37057-1_6
discarded,Validation of measurement tools to extract metrics from open source projects,N.S.A.A. Bakar,2012,2012 IEEE Conference on Open Systems Icos 2012,10.1109/ICOS.2012.6417648,https://www.scopus.com/inward/record.uri?partnerID=HzOxMe3b&scp=84874233022&origin=inward,adjacent-subtopic,,scopus,llm,0.960,unreviewed,,doi:10.1109/icos.2012.6417648
discarded,Software cost estimation using class point metrics (CPM),A. Ghode,2012,Proceedings of SPIE the International Society for Optical Engineering,10.1117/12.920300,https://www.scopus.com/inward/record.uri?partnerID=HzOxMe3b&scp=84857262145&origin=inward,adjacent-subtopic,,scopus,llm,0.970,unreviewed,,doi:10.1117/12.920300
discarded,Contract soundness for object-oriented languages,R.B. Findler,2011,ACM SIGPLAN Notices,10.1145/504311.504283,https://www.scopus.com/inward/record.uri?partnerID=HzOxMe3b&scp=85062226787&origin=inward,adjacent-subtopic,,scopus,llm,0.980,unreviewed,,doi:10.1145/504311.504283
discarded,"Proceedings - 24th Brazilian Symposium on Software Engineering, SBES 2010",,2010,Proceedings 24th Brazilian Symposium on Software Engineering Sbes 2010,,https://www.scopus.com/inward/record.uri?partnerID=HzOxMe3b&scp=79952061887&origin=inward,adjacent-subtopic,,scopus,llm,0.990,unreviewed,,hash:d8998e14a9793368
discarded,Evolutionary testing of object-oriented software,L. Silva,2010,Proceedings of the ACM Symposium on Applied Computing,10.1145/1774088.1774326,https://www.scopus.com/inward/record.uri?partnerID=HzOxMe3b&scp=77954701402&origin=inward,adjacent-subtopic,,scopus,llm,0.970,unreviewed,,doi:10.1145/1774088.1774326
discarded,A multi-objective genetic algorithm to test data generation,G.H.L. Pinto,2010,Proceedings International Conference on Tools with Artificial Intelligence Ictai,10.1109/ICTAI.2010.26,https://www.scopus.com/inward/record.uri?partnerID=HzOxMe3b&scp=78751517246&origin=inward,adjacent-subtopic,,scopus,llm,0.980,unreviewed,,doi:10.1109/ictai.2010.26
discarded,Component-based development applied to energetic operation planning of hydrothermal power systems,R. Rabêlo,2009,2009 IEEE Bucharest Powertech Innovative Ideas Toward the Electrical Grid of the Future,10.1109/PTC.2009.5282261,https://www.scopus.com/inward/record.uri?partnerID=HzOxMe3b&scp=74949128197&origin=inward,adjacent-subtopic,,scopus,llm,0.960,unreviewed,,doi:10.1109/ptc.2009.5282261
discarded,Object Oriented versus Ontology Oriented software reliability development,Shilpa Sharma; Maya Ingle,2012,2012 CSI Sixth International Conference on Software Engineering (CONSEG),10.1109/CONSEG.2012.6349472,https://ieeexplore.ieee.org/document/6349472/,adjacent-subtopic,"Presently, reliability accomplishment in software systems has become essential to promote software maturity. Object-Oriented software development practices are being rapidly adopted to address reliability issues. In practice, though, current Object-Oriented software design techniques are still predominantly focused on regularity and efficiency. Therefore, an Ontology-Oriented software engineering methodology is stranded. This paper peruses the Ontology- Oriented software reliability (OnO-Reliability) development aligned with Object Oriented software reliability (OO-Reliability) development. In addition, some attributes related to process, product and resources have been identified, and respective procedural concerns for achieving reliability are examined. An evident concern has been resolute to reliability of Ontology-Oriented software systems enlargement over the Object Oriented software systems.",ieee,llm,0.940,unreviewed,,doi:10.1109/conseg.2012.6349472
discarded,Ineffectiveness of Use of Software Science Metrics as Predictors of Defects in Object Oriented Software,Zeeshan Ali Rana; Shafay Shamail; Mian Muhammad Awais,2009,2009 WRI World Congress on Software Engineering,10.1109/WCSE.2009.92,https://ieeexplore.ieee.org/document/5319488/,adjacent-subtopic,"Software science metrics (SSM) have been widely used as predictors of software defects. The usage of SSM is an effect of correlation of size and complexity metrics with number of defects. The SSM have been proposed keeping in view the procedural paradigm and structural nature of the programs. There has been a shift in software development paradigm from procedural to object oriented (OO) and SSM have been used as defect predictors of OO software as well. However, the effectiveness of SSM in OO software needs to be established. This paper investigates the effectiveness of use of SSM for: (a)classification of defect prone modules in OO software (b) prediction of number of defects. Various binary and numeric classification models have been applied on dataset kc1 with class level data to study the role of SSM. The results show that the removal of SSM from the set of independent variables does not significantly affect the classification of modules as defect prone and the prediction of number of defects. In most of the cases the accuracy and mean absolute error has improved when SSM were removed from the set of independent variables. The results thus highlight the ineffectiveness of use of SSM in defect prediction in OO software.",ieee,llm,0.930,unreviewed,,doi:10.1109/wcse.2009.92
discarded,Object-oriented software development with fault tolerance for distributed real-time systems,S.S. Yau; J. Wang; J.-W. Kim,1996,Proceedings of WORDS'96. The Second Workshop on Object-Oriented Real-Time Dependable Systems,10.1109/WORDS.1996.506277,https://ieeexplore.ieee.org/document/506277/,adjacent-subtopic,"An object oriented application software development approach with fault tolerance for distributed real time systems is presented. This approach is based on the Parallel Object Oriented Functional computation model (PROOF) with real time and fault tolerance features. The real time constraints are satisfied by using multi version methods, which are based on virtual method definitions with different underlying implementations, and encapsulation of time constraints in objects. The fault tolerance in application software layer is supported by monitoring, checkpoints and recovery.",ieee,llm,0.970,unreviewed,,doi:10.1109/words.1996.506277
discarded,Exploring the Basic Principles of Functional and Object-Oriented Programming,Dimitrichka Nikolaeva,2025,2025 XXXIV International Scientific Conference Electronics (ET),10.1109/ET66806.2025.11204033,https://ieeexplore.ieee.org/document/11204033/,adjacent-subtopic,"The article presents a comparative analysis of functional and object-oriented programming (OOP) paradigms, examining their core conceptual principles, advantages, and limitations. The analysis includes a formalization of the interdependencies between the paradigms, as well as an exploration of the side effects associated with their application. Euclidean metrics are employed to quantitatively assess the differences between the two styles. The practical dimension of the study is demonstrated through the development of two software prototypes, implemented in C# and Elixir, respectively. These implementations highlight the fundamental distinctions between object-oriented and functional programming approaches. The study concludes that OOP is well-suited for complex, structured applications, while functional programming offers greater flexibility and higher reliability when handling large volumes of data. By employing both a comparative and applied methodology to present abstract concepts, the article enhances the understanding of the paradigms and fosters the ability to make informed decisions regarding the most appropriate programming style based on the context of the software solution being developed.",ieee,llm,0.850,unreviewed,,doi:10.1109/et66806.2025.11204033
discarded,Automatic Generation of Normal Forms for Testing Object-Oriented Software,Huo Yan Chen; T. H. Tse,2009,2009 Ninth International Conference on Quality Software,10.1109/QSIC.2009.22,https://ieeexplore.ieee.org/document/5381501/,adjacent-subtopic,"Testing object-oriented software is more complex than its procedural counterpart. The concept of ""fundamental pairs"" was introduced in our TACCLE methodology for testing object-oriented software. It was proved that, although the set of fundamental pairs is only a proper subset of equivalent ground terms, the use of fundamental pairs as test cases covers the use of equivalent ground terms. Recently, we found that any normal form consists of only a creator, or a creator followed only by constructors but not transformers; and yet the reverse is not necessarily true. Thus, the generation of patterns of normal forms is nontrivial and warrants further study. Motivated by this finding and based on further pattern analyses of normal forms and tree models with pruning techniques, we propose an algorithm to generate representative normal forms according to patterns and develop a corresponding automatic tool. This work improves the automation, coverage, and adequacy of selecting (equivalent) fundamental pairs as test cases.",ieee,llm,0.940,unreviewed,,doi:10.1109/qsic.2009.22
discarded,A theory-based representation for object-oriented domain models,S.A. DeLoach; T.C. Hartrum,2000,IEEE Transactions on Software Engineering,10.1109/32.852740,https://ieeexplore.ieee.org/document/852740/,adjacent-subtopic,"Formal software specification has long been touted as a way to increase the quality and reliability of software; however, it remains an intricate, manually intensive activity. An alternative to using formal specifications directly is to translate graphically based, semiformal specifications into formal specifications. However, before this translation can take place, a formal definition of basic object oriented concepts must be found. The paper presents an algebraic model of object orientation that defines how object oriented concepts can be represented algebraically using an object oriented algebraic specification language O-SLANG. O-SLANG combines basic algebraic specification constructs with category theory operations to capture internal object class structure, as well as relationships between classes.",ieee,llm,0.980,unreviewed,,doi:10.1109/32.852740
discarded,Automating Object-Oriented Functional Modeling for Standardized Design in the New Space Domain,Alessandro Mastropietro; Saulius Račkauskas; Andreas Knopp,2025,2025 IEEE International Symposium on Systems Engineering (ISSE),10.1109/ISSE65546.2025.11370070,https://ieeexplore.ieee.org/document/11370070/,adjacent-subtopic,"The New Space Economy is characterized by the use of standardized and miniaturized components, which, combined with easier access to space, enable cost-efficient space system solutions. Despite the availability of standard satellite platforms and interfaces, modern space services often require the integration of disruptive payload technologies, introducing new engineering challenges. Model-Based Systems Engineering (MBSE) provides a digital framework to integrate such payloads into existing satellite platforms, capturing key design information from stakeholder needs to final system realization. However, satellite digital models are often developed in isolation and tailored to specific mission objectives. Even when based on standard methodologies, the reuse of model elements remains cumbersome and error-prone, leading to risks of inconsistent traceability and functional misalignment across missions. Moreover, existing agile functional modeling approaches are not always aligned with broader digital transformation goals, as they typically rely on graphical notations, which limit model accessibility and make reuse complex and time-consuming. Therefore, this paper proposes an object-oriented functional approach for managing satellite platform digitalization in a modular and reusable manner through functional grouping. An automated framework was developed to support fast, consistent deployment of satellite digital models across missions, leveraging standard solutions and use cases. By enabling configuration and workflow automation, the approach contributes to the System as Code transition in systems engineering. The results demonstrate the potential of combining object-oriented functional analysis with the System as Code paradigm to streamline the development of standard satellite platforms for New Space missions, supporting broader and more effective MBSE adoption.",ieee,llm,0.970,unreviewed,,doi:10.1109/isse65546.2025.11370070
discarded,Object oriented design of a power electronics circuit simulator,R. Tymerski; D. Li; X. Wang,1992,[Proceedings] 1992 IEEE Workshop on Computers in Power Electronics,10.1109/CIPE.1992.247288,https://ieeexplore.ieee.org/document/247288/,supports-claim; adjacent-subtopic,"The features of object oriented programming (OOP) are explained and contrasted with the traditional procedural programming paradigm. Incorporating any or all of the OOP features of encapsulation, polymorphism and inheritance results in faster, less error prone, code implementation which promotes code reuse with the further benefit of ease of maintainability. The basic functions of a power electronics circuit simulator are described. A class structure for the simulator is outlined. This class structure has been successfully implemented using the C++ language which supports OOP. Experience with this project has indicated that C++ shines in numerical applications in comparison with FORTRAN and C.<>",ieee,llm_reviewed,0.870,changed,kept->discarded,doi:10.1109/cipe.1992.247288
discarded,Practical code inspection techniques for object-oriented systems: an experimental comparison,A. Dunsmore; M. Roper; M. Wood,2003,IEEE Software,10.1109/MS.2003.1207450,https://ieeexplore.ieee.org/document/1207450/,adjacent-subtopic,"Although inspection is established as an effective mechanism for detecting defects in procedural systems, object-oriented systems have different structural and execution models. This article describes the development and empirical investigation of three different techniques for reading OO code during inspection.",ieee,llm,0.950,unreviewed,,doi:10.1109/ms.2003.1207450
discarded,Design of Fault Diagnosis System for Steam Turbine Based on UML,Yongming Zhang; Changfeng Yan; Yanjun Li; Wenbin Wang,2020,2020 11th International Conference on Prognostics and System Health Management (PHM-2020 Jinan),10.1109/PHM-Jinan48558.2020.00052,https://ieeexplore.ieee.org/document/9296678/,adjacent-subtopic,"Intelligent fault diagnostic systems have become a new hotspot of research with the wave of intelligent manufacturing, effective modeling method is an important means to build a reliable diagnosis system. Aiming at the current problems such as the various system functions, complex structure and expansibility, a new method to model the fault diagnosis system of steam turbine with UML is presented. In this paper, the use case diagram, class diagram, function decomposition diagram, activity diagram, sequence diagram, and deployment diagram of steam turbine fault diagnosis system are constructed by UML, and the diagnosis process is described completely, which provides a development framework for developers. It is proved that the modeling method is reliable and effective by the development of the research group.",ieee,llm,0.970,unreviewed,,doi:10.1109/phm-jinan48558.2020.00052
