status,title,authors,year,venue,doi,url,tags,abstract,provider,decision_source,llm_confidence,llm_review_outcome,llm_change_direction,paper_id
discarded,The Unified Modeling Language reference manual,James E. Rumbaugh; Grady Booch; Ivar Jacobson,1999,CERN Document Server (European Organization for Nuclear Research),,https://openalex.org/W1998017916,adjacent-subtopic,"Written by the three pioneers behind the Unified Modeling Language (UML) standard, The Unified Modeling Language Reference Manual provides an excellent real-world guide to working with UML. This title provides expert knowledge on all facets of today's UML standard, helping developers who are encountering UML on the job for the first time to be more productive. The book begins with a history of UML, from structured design methods of the '60s and '70s to the competing object-oriented design standards that were unified in 1997 to create UML. For the novice, the authors illustrate key diagram types such as class, use case, state machine, activity, and implementation. (Of course, learning these basic diagram types is what UML is all about. The authors use an easy-to-understand ticket-booking system for many of their examples.) After a tour of basic document types, The Unified Modeling Language Reference Manual provides an alphabetical listing of more than 350 UML terms. Entries range from a sentence or two to several pages in length. (Class, operation, and use case are just a few of the important terms that are covered.) Though you will certainly need to be acquainted with software engineering principles, this reference will serve the working software developer well. As the authors note, this isn't UML for Dummies, but neither is it an arcane academic treatise. The authors succeed in delivering a readable reference that will answer any UML question, no matter how common or obscure. --Richard Dragan",openalex,llm,0.990,unreviewed,,hash:9694e969fa8aae4a
discarded,Algebraic optimization of object-oriented query languages,Catriel Beeri; Yoram Kornatzky,1993,Theoretical Computer Science,10.1016/0304-3975(93)90220-n,https://openalex.org/W1481805023,adjacent-subtopic,,openalex,llm,0.980,unreviewed,,doi:10.1016/0304-3975(93)90220-n
discarded,Exploring Software Complexity Metric from Procedure Oriented to Object Oriented,"Pawade, Dipti; Dave, Devansh J.; Kamath, Aniruddha",2016,2016 6TH INTERNATIONAL CONFERENCE - CLOUD SYSTEM AND BIG DATA ENGINEERING (CONFLUENCE),,https://www.webofscience.com/wos/woscc/full-record/WOS:000389314400119,adjacent-subtopic,"Software metrics are developed and used by various software organizations for evaluating and assuring software code quality, operation and continuance. We differentiate software complexity metrics in accordance with the procedural and object oriented approach of programming languages. Software developers and maintainers need to read and understand source programs. The increase in size and complexity of software affects several quality attributes, especially understandability and maintability. In this paper we discuss various procedural and object oriented software metrics. We tried to calculate complexity of sample code by using different procedural metrics. The propose this simulation is to show that complexity for same code differs from metric to metric. The effectiveness of any metric is different for procedural and object oriented approach. So we proposed a hybrid approach to get accurate complexity value.",wos,llm,0.910,unreviewed,,hash:c8b62527a2154e32
discarded,Production of on-line courses based on learning objects: a methodological proposal aimed at students of technical careers,"Elizabeth Zambrano, Margarita; Marcelo Fuertes-Diaz, Walter; David Perez-Herrera, Diego; Javier Villacis, Cesar; Perez-Estevez, Ernesto",2016,ATOZ-NOVAS PRATICAS EM INFORMACAO E CONHECIMENTO,10.5380/atoz.v512.49884,https://www.webofscience.com/wos/woscc/full-record/WOS:000404122600007,off-topic-false-hit,"Introduction: This research main aim has been to stimulate the conceptual and procedural understanding of students of technical careers through a methodology that is applied during the design and implementation of online courses, which are based on Learning Objects. Method: We applied a harmonized Object-Oriented Hypermedia Design

Method (OOHDM) and the methodology for the Creation of Learning Objects (CROA) for the production of a course in Information Security as proof of the concept. The course has been developed with an academic license of Articulate Studio for the content and assessments as well as with Ardora for developing learning activities. Both of them were introduced within Moodie as virtual teaching and learning environment (VLE). For cases of self-assessment and reflection, the Learning Based on Problems (ABP) has been applied, which also promotes collaborative experiences between students and learners. For the evaluation of the usability of the course, the LORI matrix for the evaluation of learning objects we have used.

Results: The results demonstrate firstly the theoretical and practical validated methodological procedure, and secondly, they indicate the student's satisfaction regarding the organization, content and functionality of the course.

Conciusio: n: The blend application of the OOHDM, CROA and LBP methodologies allow to structure systematically and pedagogically educational materials, which are based on Learning Objects for online courses to improve conceptual and procedural comprehension in students of technical careers.",wos,llm,0.970,unreviewed,,doi:10.5380/atoz.v512.49884
discarded,A CASE FOR PYTHON SCRIPTING IN UNDERGRADUATE ENGINEERING TECHNOLOGY,"Agrawal, Jai P.; Farook, Omer",2013,2013 ASEE ANNUAL CONFERENCE,,https://www.webofscience.com/wos/woscc/full-record/WOS:000375255601042,adjacent-subtopic,"This paper presents a new course in Python Programming in the undergraduate program of study in Engineering/Technology/Science. Motive behind using Python is that it is a programming language that lets interactive and quick design and effective integration with modern systems. Python usage leads to immediate gains in productivity and lower maintenance costs. Python is becoming the work-horse in all new computer science activity in the modern industry. It supports multi programming paradigms, including object-oriented and structured programming. Python elegantly combines the number crunching capability like that of MATLAB with the programming ease of C based languages with a difference of better readability and interactivity.

The Python Programming is a 400-level, 3-credit course that contains all five components: a) the basic elements like the statements, comments, data types, data manipulation input/ output and control flow, b) data structures like dictionaries, lists, tuples, and classes c) structured and object oriented programming methods, d) interactive graphic programming and e) the html, xml and http processing.

The paper elaborates the pedagogy of classroom delivery and impact on student comprehension, conceptual understanding, learning and mastering of Python philosophy. Both methods of vertical and horizontal learning methods are used in this class. All programs that students write are added to a class repertoire which the current and future students will have access to for enhanced horizontal learning. Students are required to a design a project at the end of the class in which student teams of twos work on a project using python and share with the whole class.

The paper presents the student feedback and its analysis. The authors intend that this paper serves as a pointer to fellow academicians in bringing the technological currency in the undergraduate Engineering/Technology/Science programs.",wos,llm,0.970,unreviewed,,hash:c690c60866edc295
discarded,Bottom-Up Approach to Understand Functional Programs,"Villavicencio, Gustavo",2011,PROCEEDINGS OF THE FOURTH INTERNATIONAL C* CONFERENCE ON COMPUTER SCIENCE AND SOFTWARE ENGINEERING 2011 (C3S2E '11),,https://www.webofscience.com/wos/woscc/full-record/WOS:000397339700014,adjacent-subtopic,"One affective way to carry out a program comprehension process is by refactoring the source code. In this paper we explore this approach in the functional programming paradigm, on Haskell programs specifically. As result, we have identified many correlations between the traditional (procedural and object-oriented) program comprehension process and the so called understanding-oriented refactorings, in the functional programming context. Besides, we have identified a catalog of refactorings used to improve program efficiency which, applied in reverse order, are valuable for program understanding purposes. Coupled to these refactorings, there is a calculational process by (means of) which we obtain a full formal description of program functionality. All together, a bottom-up program comprehension strategy in the functional setting is described.",wos,llm,0.960,unreviewed,,hash:04f31b4a2f02a26c
discarded,Object Oriented Software Clustering Based on Community Structure,"Erdemir, Ural; Tekin, Umut; Buzluca, Feza",2011,2011 18TH ASIA-PACIFIC SOFTWARE ENGINEERING CONFERENCE (APSEC 2011),10.1109/APSC.2011.33,https://www.webofscience.com/wos/woscc/full-record/WOS:000410225300037,adjacent-subtopic,"Software comprehension plays a critical role in software maintenance. Understanding a software system is not an easy task because in most cases documentation of software design is outdated, incomplete or absent. Therefore support of tools and algorithms are necessary for software developers to understand software quicker and easier. Clustering algorithms have been widely used for software architecture recovery. Their performance depends not only on the algorithm itself but also on the nature of the software system. For example, an algorithm that is successful for a procedural program or a small software system or might be unsuccessful for a large system developed in object-oriented paradigm. In this paper, we propose the adaption of the fast community detection algorithm for object-oriented software clustering and evaluate its performance with other clustering algorithms in the literature. It is an agglomerative hierarchical clustering algorithm that has been introduced to find communities in networks. The algorithm can operate on directed weighted graphs and it has a considerable speed advantage over other algorithms. Experimental results show that the algorithm also performs well for clustering object-oriented systems.",wos,llm,0.940,unreviewed,,doi:10.1109/apsc.2011.33
discarded,Abstracting the Template Instantiation Relation in C plus,"Sutton, Andrew; Holeman, Ryan; Maletic, Jonathan I.",2009,"2009 IEEE INTERNATIONAL CONFERENCE ON SOFTWARE MAINTENANCE, CONFERENCE PROCEEDINGS",,https://www.webofscience.com/wos/woscc/full-record/WOS:000279595400083,adjacent-subtopic,"A source code model that supports the static analysis of C++ templates and template metaprograms is presented. Analogous to techniques for object-oriented and procedural software (e.g., the abstraction of call graphs, inheritance hierarchies, etc.), this model provides a basis for maintenance concerns such as program comprehension, fact extraction, and impact analysis of generic code. The source code model is used to derive the template instantiation graph, and potential applications of this model discussed. An application to reverse engineer this model from source code is described.",wos,llm,0.970,unreviewed,,hash:f76c2cc9f2c1993b
discarded,The Effects of Instructional Approach and Programming Tools on Novices' Learning Computer Programming,"Chen, Ming-Puu",2007,JOURNAL OF RESEARCH IN EDUCATION SCIENCES,,https://www.webofscience.com/wos/woscc/full-record/WOS:000421379200001,adjacent-subtopic,"The purpose of this study was to investigate the effects of type of instructional approach and type of programming tool on novices' learning computer programming. Two types of instructional approaches, the procedural-learning instructional approach and the problem-solving instructional approach, and two types of programming tools, the procedural-programming tool and the object-oriented tool, were employed in this study. There were 153 senior high students who participated in the 5-week web-based programming learning activity. The valid sample size of this study was 132.

The performance analysis showed that (a) learners, regardless of instructional approach and programming tool, performed equally well on the comprehension test, and (b) as for problem-solving performance, the problem-solving and object-tool group outperformed the other groups. The analysis of attitudes revealed that (a) learners tended to think the received instruction was effective and they had a high degree of acceptance of it; they also thought the employed programming tool was easy to use; (b) the problem-solving approach group and the procedural-tool group showed a higher degree of acceptance of the received instruction than the other groups; and finally, (c) novices showed a greater preference for the procedural-tool than the object-tool with regard to ease-of-use.",wos,llm,0.880,unreviewed,,hash:6a9d0e868c769288
discarded,An interprocedural aspect control flow graph to support the maintenance of aspect oriented systems,"Bernardi, Mario Luca; Di Lucca, Giuseppe Antonio",2007,2007 IEEE INTERNATIONAL CONFERENCE ON SOFTWARE MAINTENANCE,,https://www.webofscience.com/wos/woscc/full-record/WOS:000253832800047,adjacent-subtopic,"Aspect Oriented Programming (AOP) supports the cross-cutting of concerns by means of aspects.

The maintenance of AO systems may be more difficult than 'traditional' ones, due to the large impact that aspects have on the static structure and dynamic behavior of the overall system.

In this paper an inter-procedural aspect control flow graph is proposed to represent the interactions among the aspects and the Object Oriented (OO) components of an AO system. The graph allows an easier identification of the impact between aspects and the OO components. It helps the maintainer to identify sources of undesired side and ripple effects in the code and avoid the introduction of new ones when modifying an AOP system.",wos,llm,0.960,unreviewed,,hash:390a561523b78f6e
discarded,Online construction of dynamic object process graphs,"Quante, Jochen",2007,"CSMR 2007: 11TH EUROPEAN CONFERENCE ON SOFTWARE MAINTENANCE AND REENGINEERING, PROCEEDINGS",,https://www.webofscience.com/wos/woscc/full-record/WOS:000246301600012,adjacent-subtopic,"A dynamic object process graph is a view on the control flow graph from the perspective of a single object. It has been shown that such a graph can be a useful starting point for many reverse engineering tasks, such as program understanding, protocol recovery, and feature location.. In a previous paper, we described how dynamic object process graphs can be constructed from detailed programs traces. However, the size of such traces is immense. Moreover, the instrumentation was described only for procedural languages. Object-oriented features such as exceptions require special treatment. Also, techniques like multithreading and reflection were not handled by. our previous approach. This prevented it from being. applicable to real-life systems. In this paper, we introduce an alternative way of collecting the necessary data. By constructing an intermediate graph online, i.e., concurrently with the running program, the trace size problem is eliminated. Additional optimizations for both trace logging and online graph creation, are discussed. In a case study, we show that running, times are acceptable even for larger Java programs when these optimizations are applied. Additionally, we discuss some special issues arising from analyzing Java. instead of C.",wos,llm,0.970,unreviewed,,hash:9739cf99b61142d2
discarded,Understanding Students' Performance In Programming Assessment Questions,"Govender, Irene",2007,ITICSE 2007: 12TH ANNUAL CONFERENCE ON INNOVATION & TECHNOLOGY IN COMPUTER SCIENCE EDUCATION,,https://www.webofscience.com/wos/woscc/full-record/WOS:000267363900081,adjacent-subtopic,,wos,llm,0.880,unreviewed,,hash:54751500d64cd883
discarded,The interpretation and utility of three cohesion metrics for object-oriented design,"Counsell, Steve; Swift, Stephen; Crampton, Jason",2006,ACM TRANSACTIONS ON SOFTWARE ENGINEERING AND METHODOLOGY,,https://www.webofscience.com/wos/woscc/full-record/WOS:000237623700001,adjacent-subtopic,"The concept of cohesion in a class has been the subject of various recent empirical studies and has been measured using many different metrics. In the structured programming paradigm, the software engineering community has adopted an informal yet meaningful and understandable definition of cohesion based on the work of Yourdon and Constantine. The object-oriented ( OO) paradigm has formalised various cohesion measures, but the argument over the most meaningful of those metrics continues to be debated. Yet achieving highly cohesive software is fundamental to its comprehension and thus its maintainability. In this article we subject two object-oriented cohesion metrics, CAMC and NHD, to a rigorous mathematical analysis in order to better understand and interpret them. This analysis enables us to offer substantial arguments for preferring the NHD metric to CAMC as a measure of cohesion. Furthermore, we provide a complete understanding of the behaviour of these metrics, enabling us to attach a meaning to the values calculated by the CAMC and NHD metrics. In addition, we introduce a variant of the NHD metric and demonstrate that it has several advantages over CAMC and NHD. While it may be true that a generally accepted formal and informal definition of cohesion continues to elude the OO software engineering community, there seems considerable value in being able to compare, contrast, and interpret metrics which attempt to measure the same features of software.",wos,llm,0.920,unreviewed,,hash:e35476c846408e50
discarded,The structural complexity of software: An experimental test,"Darcy, DP; Kemerer, CF; Slaughter, SA; Tomayko, JE",2005,IEEE TRANSACTIONS ON SOFTWARE ENGINEERING,,https://www.webofscience.com/wos/woscc/full-record/WOS:000233660100006,adjacent-subtopic,"This research examines the structural complexity of software and, specifically, the potential interaction of the two dominant dimensions of structural complexity, coupling and cohesion. Analysis based on an information processing view of developer cognition results in a theoretically driven model with cohesion as a moderator for a main effect of coupling on effort. An empirical test of the model was devised in a software maintenance context utilizing both procedural and object-oriented tasks, with professional software engineers as participants. The results support the model in that there was a significant interaction effect between coupling and cohesion on effort, even though there was no main effect for either coupling or cohesion. The implication of this result is that, when designing, implementing, and maintaining software to control complexity, both coupling and cohesion should be considered jointly, instead of independently. By providing guidance on structuring software for software professionals and researchers, these results enable software to continue as the solution of choice for a wider range of richer, more complex problems.",wos,llm,0.760,unreviewed,,hash:969e584ccf8115e8
discarded,An experiment on a new programming paradigm,"Kambayashi, Y; Ledgard, HF",2005,ICCC 2005: IEEE 3rd International Conference on Computational Cybernetics,,https://www.webofscience.com/wos/woscc/full-record/WOS:000233976900026,qualifies-claim; adjacent-subtopic,"In the development of any technology there is always a tendency to lose sight of the basic problems that stimulated its introduction. There is very little quantitative research regarding the question whether object-oriented programming really improves productivity. Many assume that object-oriented programming is more productive than traditional structured programming. The assumption lacks concrete empirical data that support the belief. In the previous paper, we introduced the principle of an alternative programming paradigm [1]. This paradigm, called the separation principle, separates the declaration of data structures from program executable instructions. In this paper we present the results of our empirical studies by comparing the understandability of an OOP program versus a corresponding version written using the separation principle. Our results give preliminary evidence of the effectiveness of using the separation principle.",wos,llm_reviewed,0.940,changed,kept->discarded,hash:9186032ee52ff47d
discarded,Software visualization techniques for real-time imaging applications,"Sangwan, R; Ludwig, R; Neill, CJ",2005,Real-Time Imaging IX,,https://www.webofscience.com/wos/woscc/full-record/WOS:000228668200004,adjacent-subtopic,"Real-time imaging applications are concerned with efficient and deterministic processing of digital images. These applications are predominantly written using structured programming rather than object-oriented programming with the belief that the former approach has better performance characteristics. Current research shows that this may not be the case and an object-oriented approach may not only result in efficient code but one that is more maintainable and understandable. We look at current techniques for visualizing the code for software applications to determine if they can help predict its qualities such as maintainability, understandability and performance, and suggest ways in which these techniques can be enhanced to meet the specific needs of real-time imaging applications.",wos,llm,0.810,unreviewed,,hash:5b89bff43972080d
