status,title,authors,year,venue,doi,url,tags,abstract,provider,decision_source,llm_confidence,llm_review_outcome,llm_change_direction,paper_id
discarded,ImageJ2: ImageJ for the next generation of scientific image data,Curtis Rueden; Johannes Schindelin; Mark Hiner; Barry E. DeZonia; Alison Walter; Ellen T. Arena; Kevin W. Eliceiri,2017,BMC Bioinformatics,10.1186/s12859-017-1934-z,https://openalex.org/W2580035316,adjacent-subtopic,"BACKGROUND: ImageJ is an image analysis program extensively used in the biological sciences and beyond. Due to its ease of use, recordable macro language, and extensible plug-in architecture, ImageJ enjoys contributions from non-programmers, amateur programmers, and professional developers alike. Enabling such a diversity of contributors has resulted in a large community that spans the biological and physical sciences. However, a rapidly growing user base, diverging plugin suites, and technical limitations have revealed a clear need for a concerted software engineering effort to support emerging imaging paradigms, to ensure the software's ability to handle the requirements of modern science. RESULTS: We rewrote the entire ImageJ codebase, engineering a redesigned plugin mechanism intended to facilitate extensibility at every level, with the goal of creating a more powerful tool that continues to serve the existing community while addressing a wider range of scientific requirements. This next-generation ImageJ, called ""ImageJ2"" in places where the distinction matters, provides a host of new functionality. It separates concerns, fully decoupling the data model from the user interface. It emphasizes integration with external applications to maximize interoperability. Its robust new plugin framework allows everything from image formats, to scripting languages, to visualization to be extended by the community. The redesigned data model supports arbitrarily large, N-dimensional datasets, which are increasingly common in modern image acquisition. Despite the scope of these changes, backwards compatibility is maintained such that this new functionality can be seamlessly integrated with the classic ImageJ interface, allowing users and developers to migrate to these new methods at their own pace. CONCLUSIONS: Scientific imaging benefits from open-source programs that advance new method development and deployment to a diverse audience. ImageJ has continuously evolved with this idea in mind; however, new and emerging scientific requirements have posed corresponding challenges for ImageJ's development. The described improvements provide a framework engineered for flexibility, intended to support these requirements as well as accommodate future needs. Future efforts will focus on implementing new algorithms in this framework and expanding collaborations with other popular scientific software suites.",openalex,llm,0.950,unreviewed,,doi:10.1186/s12859-017-1934-z
discarded,"Bolt-On Strong Consistency: Specification, Implementation, and Verification","Lewchenko, Nicholas V.; Kaki, Gowtham; Chang, Bor-Yuh Evan",2025,PROCEEDINGS OF THE ACM ON PROGRAMMING LANGUAGES-PACMPL,10.1145/3720502,https://www.webofscience.com/wos/woscc/full-record/WOS:001488160700007,adjacent-subtopic,"Strongly-consistent replicated data stores are a popular foundation for many kinds of online services, but their implementations are very complex. Strong replication is not available under network partitions, and so achieving a functional degree of fault-tolerance requires correctly implementing consensus algorithms like Raft and Paxos. These algorithms are notoriously difficult to reason about, and many data stores implement custom variations to support unique performance tradeoffs, presenting an opportunity for automated verification tools. Unfortunately, existing tools that have been applied to distributed consensus demand too much developer effort, a problem stemming from the low-level programming model in which consensus and strong replication are implemented-asynchronous message passing-which thwarts decidable automation by exposing the details of asynchronous communication. In this paper, we consider the implementation and automated verification of strong replication systems as applications of weak replicated data stores. Weak stores, being available under partition, are a suitable foundation for performant distributed applications. Crucially, they abstract asynchronous communication and allow us to derive local-scope conditions for the verification of consensus safety. To evaluate this approach, we have developed a verified-programming framework for the weak replicated state model, called SUPER-V. This framework enables SMT-based verification based on local-scope artifacts called stable update preconditions, replacing standard-practice global inductive invariants. We have used our approach to implement and verify a strong replication system based on an adaptation of the Raft consensus algorithm. CCS Concepts: center dot Software and its engineering-Formal software verification; Distributed programming languages; center dot Networks-Protocol testing and verification.",wos,llm,0.980,unreviewed,,doi:10.1145/3720502
discarded,Chemical foundations of distributed aspects,"Tabareau, Nicolas; Tanter, Eric",2019,DISTRIBUTED COMPUTING,10.1007/s00446-018-0334-6,https://www.webofscience.com/wos/woscc/full-record/WOS:000466887000002,adjacent-subtopic,"Distributed applications are challenging to program because they have to deal with a plethora of concerns, including synchronization, locality, replication, security and fault tolerance. Aspect-oriented programming (AOP) is a paradigm that promotes better modularity by providing means to encapsulate crosscutting concerns in entities called aspects. Over the last years, a number of distributed aspect-oriented programming languages and systems have been proposed, illustrating the benefits of AOP in a distributed setting. Chemical calculi are particularly well-suited to formally specify the behavior of concurrent and distributed systems. The join calculus is a functional name-passing calculus, with both distributed and object-oriented extensions. It is used as the basis of concurrency and distribution features in several mainstream languages like C# (Polyphonic C#, now C), OCaml (JoCaml), and Scala Joins. Unsurprisingly, practical programming in the join calculus also suffers from modularity issues when dealing with crosscutting concerns. We propose the aspect join calculus, an aspect-oriented and distributed variant of the join calculus that addresses crosscutting and provides a formal foundation for distributed AOP. We develop a minimal aspect join calculus that allows aspects to advise chemical reactions. We show how to deal with causal relations in pointcuts and how to support advanced customizable aspect weaving semantics. We also provide the foundation for a decentralized distributed aspect weaving architecture. The semantics of the aspect join calculus is given by a chemical operational semantics. We give a translation of the aspect join calculus into the core join calculus, and prove this translation correct by a bisimilarity argument. This translation is used to implement Aspect JoCaml on top of JoCaml.",wos,llm,0.980,unreviewed,,doi:10.1007/s00446-018-0334-6
discarded,A Large-Scale Study of Programming Languages and Code Quality in GitHub,"Ray, Baishakhi; Posnett, Daryl; Devanbu, Premkumar; Filkov, Vladimir",2017,COMMUNICATIONS OF THE ACM,,https://www.webofscience.com/wos/woscc/full-record/WOS:000411817600028,adjacent-subtopic,"What is the effect of programming languages on software quality? This question has been a topic of much debate for a very long time. In this study, we gather a very large data set from GitHub (728 projects, 63 million SLOC, 29,000 authors, 1.5 million commits, in 17 languages) in an attempt to shed some empirical light on this question. This reasonably large sample size allows us to use a mixed-methods approach, combining multiple regression modeling with visualization and text analytics, to study the effect of language features such as static versus dynamic typing and allowing versus disallowing type confusion on software quality. By triangulating findings from different methods, and controlling for confounding effects such as team size, project size, and project history, we report that language design does have a significant, but modest effect on software quality. Most notably, it does appear that disallowing type confusion is modestly better than allowing it, and among functional languages, static typing is also somewhat better than dynamic typing. We also find that functional languages are somewhat better than procedural languages. It is worth noting that these modest effects arising from language design are overwhelmingly dominated by the process factors such as project size, team size, and commit size. However, we caution the reader that even these modest effects might quite possibly be due to other, intangible process factors, for example, the preference of certain personality types for functional, static languages that disallow type confusion.",wos,llm,0.930,unreviewed,,hash:c4c3ba0d08ce49fb
discarded,A Large Scale Study of Programming Languages and Code Quality in Github,"Ray, Baishakhi; Posnett, Daryl; Filkov, Vladimir; Devanbu, Premkumar",2014,22ND ACM SIGSOFT INTERNATIONAL SYMPOSIUM ON THE FOUNDATIONS OF SOFTWARE ENGINEERING (FSE 2014),10.1145/2635868.2635922,https://www.webofscience.com/wos/woscc/full-record/WOS:000452049800014,adjacent-subtopic,"What is the effect of programming languages on software quality? This question has been a topic of much debate for a very long time. In this study, we gather a very large data set from GitHub (729 projects, 80 Million SLOC, 29,000 authors, 1.5 million commits, in 17 languages) in an attempt to shed some empirical light on this question. This reasonably large sample size allows us to use a mixed-methods approach, combining multiple regression modeling with visualization and text analytics, to study the effect of language features such as static v.s. dynamic typing, strong v.s. weak typing on software quality. By triangulating findings from different methods, and controlling for confounding effects such as team size, project size, and project history, we report that language design does have a significant, but modest effect on software quality. Most notably, it does appear that strong typing is modestly better than weak typing, and among functional languages, static typing is also somewhat better than dynamic typing. We also find that functional languages are somewhat better than procedural languages. It is worth noting that these modest effects arising from language design are overwhelmingly dominated by the process factors such as project size, team size, and commit size. However, we hasten to caution the reader that even these modest effects might quite possibly be due to other, intangible process factors, e.g., the preference of certain personality types for functional, static and strongly typed languages.",wos,llm,0.930,unreviewed,,doi:10.1145/2635868.2635922
discarded,A META-LEVEL CONTROL ARCHITECTURE FOR PRODUCTION SYSTEMS,"ISHIDA, T; SASAKI, Y; NAKATA, K; FUKUHARA, Y",1995,IEEE TRANSACTIONS ON KNOWLEDGE AND DATA ENGINEERING,,https://www.webofscience.com/wos/woscc/full-record/WOS:A1995QC40600005,adjacent-subtopic,"Recent production system applications have been experiencing exceedingly difficult software maintenance problems. This is because the control of rule firings has been buried in the production rules themselves. To cope with this problem, we propose a meta-level control architecture for production systems, where procedural programming languages, such as Lisp and C, are employed to explicitly describe the control plans of production systems. The key idea of the architecture is to view production systems as a collection of independent rule processes, each of which monitors the global database and performs actions when its conditions are satisfied by the database. Procedural Control Macros (PCMs), which are based on Hoare's CSP, are then introduced into procedural programming languages to establish communication with the collection of rule processes.

Although the PCMs are simple and easy to implement, the readability and maintainability of production system applications are greatly enhanced. Together with the original facilities of procedural languages, the PCMs enable users to efficiently specify the control plans for production systems. Furthermore, since control information is gathered into control plans, production rules can be declarative and thereby application-independent. This new feature makes it possible to develop large-scale shared rule bases. Experiments of redescribing 370 rules have been performed based on the proposed meta-level control architecture. The results demonstrate significant improvements in the readability and maintainability of those rules without any significant representation (file volumes) and runtime (processing time) overheads.",wos,llm,0.940,unreviewed,,hash:94016637bffc1138
discarded,Jahn-Teller-dynamics: Python package to determine vibronic interaction demonstrated on molecules and trigonal defect qubits,B. Tóth,2026,Computer Physics Communications,10.1016/j.cpc.2026.110299,https://www.scopus.com/inward/record.uri?partnerID=HzOxMe3b&scp=105044871284&origin=inward,off-topic-false-hit,,scopus,llm,0.980,unreviewed,,doi:10.1016/j.cpc.2026.110299
discarded,E-InfertilityTest: Implementing an explainable AI framework for male infertility assessment,G. Das,2026,Biochemical and Biophysical Research Communications,10.1016/j.bbrc.2026.154166,https://www.scopus.com/inward/record.uri?partnerID=HzOxMe3b&scp=105042530776&origin=inward,off-topic-false-hit,,scopus,llm,0.990,unreviewed,,doi:10.1016/j.bbrc.2026.154166
discarded,CrossLink: A Tool for Cross-Language (Java-C/C++) Code Comprehension,A. Sawarkar,2026,Proceedings 2026 IEEE ACM 34th International Conference on Program Comprehension Icpc 2026,10.1145/3794763.3794830,https://www.scopus.com/inward/record.uri?partnerID=HzOxMe3b&scp=105047001877&origin=inward,adjacent-subtopic,,scopus,llm,0.970,unreviewed,,doi:10.1145/3794763.3794830
discarded,Evaluating LLMs-Driven Java Code Refactoring from a Developer’s Perspective,J. Freitas,2026,Proceedings 2026 International Workshop on Large Language Models for Code Llm4code 2026,10.1145/3786181.3788720,https://www.scopus.com/inward/record.uri?partnerID=HzOxMe3b&scp=105044936384&origin=inward,adjacent-subtopic,,scopus,llm,0.970,unreviewed,,doi:10.1145/3786181.3788720
discarded,JDExtractor: an automated approach for efficient extraction of defect-related methods in Java projects,T. Liu,2026,Automated Software Engineering,10.1007/s10515-025-00563-z,https://www.scopus.com/inward/record.uri?partnerID=HzOxMe3b&scp=105019755271&origin=inward,adjacent-subtopic,,scopus,llm,0.970,unreviewed,,doi:10.1007/s10515-025-00563-z
discarded,Automatic multi-language analysis of SOLID compliance via machine learning algorithms,C. Balim,2026,Information and Software Technology,10.1016/j.infsof.2026.108013,https://www.scopus.com/inward/record.uri?partnerID=HzOxMe3b&scp=105027901356&origin=inward,adjacent-subtopic,,scopus,llm,0.940,unreviewed,,doi:10.1016/j.infsof.2026.108013
discarded,Exceptions Can Be Nested: An Exploratory Study on Nested Exceptions in Java Crashes,S. Liu,2026,Journal of Software Evolution and Process,10.1002/smr.70099,https://www.scopus.com/inward/record.uri?partnerID=HzOxMe3b&scp=105034899890&origin=inward,adjacent-subtopic,,scopus,llm,0.980,unreviewed,,doi:10.1002/smr.70099
discarded,LLM-Based Multi-agent System for Intelligent Refactoring of Haskell Code,S. Siddeeq,2026,Lecture Notes in Computer Science,10.1007/978-3-032-12089-2_26,https://www.scopus.com/inward/record.uri?partnerID=HzOxMe3b&scp=105023317315&origin=inward,adjacent-subtopic,,scopus,llm,0.980,unreviewed,,doi:10.1007/978-3-032-12089-2_26
discarded,An Empirical Study of Iterative Batch Refactoring for Code Smell Reduction and Software Quality Improvement,G. Parveen,2026,Proceedings of the 2026 13th International Conference on Computing for Sustainable Global Development Indiacom 2026,10.23919/INDIACom70271.2026.11526613,https://www.scopus.com/inward/record.uri?partnerID=HzOxMe3b&scp=105041903448&origin=inward,adjacent-subtopic,,scopus,llm,0.960,unreviewed,,doi:10.23919/indiacom70271.2026.11526613
discarded,"QE-CONVERSE: An open-source package for the quantum ESPRESSO distribution to compute non-perturbatively orbital magnetization from first principles, including NMR chemical shifts and EPR parameters",S. Fioccola,2026,Computer Physics Communications,10.1016/j.cpc.2025.109891,https://www.scopus.com/inward/record.uri?partnerID=HzOxMe3b&scp=105018119088&origin=inward,off-topic-false-hit,,scopus,llm,0.990,unreviewed,,doi:10.1016/j.cpc.2025.109891
discarded,SCG-Agent: A Scheduler-Driven Code Generation Framework with Multi-Checker,Y. Chen,2026,IEEE Transactions on Software Engineering,10.1109/TSE.2026.3725731,https://www.scopus.com/inward/record.uri?partnerID=HzOxMe3b&scp=105048774753&origin=inward,adjacent-subtopic,,scopus,llm,0.980,unreviewed,,doi:10.1109/tse.2026.3725731
discarded,Orchestrating Multi-Step AI Training Pipelines from Oracle APEX Using Context-Aware PL/SQL Job Dispatchers,S.R. Keshireddy,2026,Adaptive Technologies for Sustainable Growth,10.1201/9781003739937-88,https://www.scopus.com/inward/record.uri?partnerID=HzOxMe3b&scp=105033314266&origin=inward,off-topic-false-hit,,scopus,llm,0.970,unreviewed,,doi:10.1201/9781003739937-88
discarded,Research on Consistency Detection of Airborne Software Requirements Based on Large Language Models,J. Qi,2026,Conference Proceedings 2026 International Conference on Multi Scale Artificial Intelligence Drive Innovation Multi Scale AI Mai 2026,10.1109/MAI69289.2026.11543780,https://www.scopus.com/inward/record.uri?partnerID=HzOxMe3b&scp=105042437190&origin=inward,adjacent-subtopic,,scopus,llm,0.970,unreviewed,,doi:10.1109/mai69289.2026.11543780
discarded,Do Automatic Comment Generation Techniques Fall Short? Exploring the Influence of Method Dependencies on Code Understanding,M.M. Billah,2025,Proceedings of the 29th International Conference on Evaluation and Assessment in Software Engineering Ease 2025 Edition Ease 2025,10.1145/3756681.3756977,https://www.scopus.com/inward/record.uri?partnerID=HzOxMe3b&scp=105027184501&origin=inward,adjacent-subtopic,,scopus,llm,0.960,unreviewed,,doi:10.1145/3756681.3756977
discarded,"Overview of the ""Information Retrieval in Software Engineering"" (IRSE) track at Forum for Information Retrieval 2024",S. Paul,2025,ACM International Conference Proceeding Series,10.1145/3734947.3735667,https://www.scopus.com/inward/record.uri?partnerID=HzOxMe3b&scp=105013047798&origin=inward,adjacent-subtopic,,scopus,llm,0.990,unreviewed,,doi:10.1145/3734947.3735667
discarded,ALATDYN: A set of Anharmonic LATtice DYNamics codes to compute thermodynamic and thermal transport properties of crystalline solids,K. Esfarjani,2025,Computer Physics Communications,10.1016/j.cpc.2025.109575,https://www.scopus.com/inward/record.uri?partnerID=HzOxMe3b&scp=105000596946&origin=inward,off-topic-false-hit,,scopus,llm,0.990,unreviewed,,doi:10.1016/j.cpc.2025.109575
discarded,ADAQ-SYM: Automated symmetry analysis of defect orbitals,W. Stenlund,2025,Computer Physics Communications,10.1016/j.cpc.2024.109468,https://www.scopus.com/inward/record.uri?partnerID=HzOxMe3b&scp=85212335411&origin=inward,off-topic-false-hit,,scopus,llm,0.990,unreviewed,,doi:10.1016/j.cpc.2024.109468
discarded,Overview of the IRSE track at FIRE 2025: Information Retrieval in Software Engineering,A. Deshpande,2025,Ceur Workshop Proceedings,,https://www.scopus.com/inward/record.uri?partnerID=HzOxMe3b&scp=105040268145&origin=inward,adjacent-subtopic,,scopus,llm,0.990,unreviewed,,hash:a370d2249b7a2a4d
discarded,Applications of LLMs for Code Analysis,A. Deshpande,2025,Ceur Workshop Proceedings,,https://www.scopus.com/inward/record.uri?partnerID=HzOxMe3b&scp=105040222157&origin=inward,adjacent-subtopic,,scopus,llm,0.980,unreviewed,,hash:98d7fc5a8dc59ba2
discarded,LLMs for Code: Overview of the information retrieval in software engineering track at fire 2024,S. Paul,2025,Ceur Workshop Proceedings,,https://www.scopus.com/inward/record.uri?partnerID=HzOxMe3b&scp=105019057655&origin=inward,adjacent-subtopic,,scopus,llm,0.990,unreviewed,,hash:8fed0f58527ec141
discarded,"Expanding PyProcar for new features, maintainability, and reliability",L. Lang,2024,Computer Physics Communications,10.1016/j.cpc.2023.109063,https://www.scopus.com/inward/record.uri?partnerID=HzOxMe3b&scp=85182648248&origin=inward,off-topic-false-hit,,scopus,llm,0.950,unreviewed,,doi:10.1016/j.cpc.2023.109063
discarded,Employing Source Code Quality Analytics for Enriching Code Snippets Data,T. Karanikiotis,2023,Data,10.3390/data8090140,https://www.scopus.com/inward/record.uri?partnerID=HzOxMe3b&scp=85172254286&origin=inward,adjacent-subtopic,,scopus,llm,0.970,unreviewed,,doi:10.3390/data8090140
discarded,Large-scale characterization of Java streams,E. Rosales,2023,Software Practice and Experience,10.1002/spe.3213,https://www.scopus.com/inward/record.uri?partnerID=HzOxMe3b&scp=85161360615&origin=inward,adjacent-subtopic,,scopus,llm,0.950,unreviewed,,doi:10.1002/spe.3213
discarded,Understanding code smells in Elixir functional language,L. Francisco da Matta Vegi,2023,Empirical Software Engineering,10.1007/s10664-023-10343-6,https://www.scopus.com/inward/record.uri?partnerID=HzOxMe3b&scp=85164265313&origin=inward,adjacent-subtopic,,scopus,llm,0.970,unreviewed,,doi:10.1007/s10664-023-10343-6
