status,title,authors,year,venue,doi,url,tags,abstract,provider,decision_source,llm_confidence,llm_review_outcome,llm_change_direction,paper_id
discarded,A Study on the Suitability of Visual Languages for Non-Expert Robot Programmers,"Maria Rodriguez Corral, Jose; Ruiz-Rube, Ivan; Civit Balcells, Anton; Miguel Mota-Macias, Jose; Morgado-Estevez, Arturo; Manuel Dodero, Juan",2019,IEEE ACCESS,10.1109/ACCESS.2019.2895913,https://www.webofscience.com/wos/woscc/full-record/WOS:000459285800001,adjacent-subtopic,"A visual programming language allows users and developers to create programs by manipulating program elements graphically. Several studies have shown the benefits of visual languages for learning purposes and their applicability to robot programming. However, at present, there are not enough comparative studies on the suitability of textual and visual languages for this purpose. In this paper, we study if, as with a textual language, the use of a visual language could also be suitable in the context of robot programming and, if so, what the main advantages of using a visual language would be. For our experiments, we selected a sample of 60 individuals among students with adequate knowledge of procedural programming, that was divided into three groups. For the first group of 20 students, a learning scenario based on a textual object-oriented language was used for programming a specific commercial robotic ball with sensing, wireless communication, and output capabilities, whereas for the second and the third group, two learning scenarios based on visual languages were used for programming the robot. After taking a course for programming the robot in the corresponding learning scenario, each group was evaluated by completing three programming exercises related to the robot features (i.e. motion, lighting, and collision detection). Our results show that the students that worked with visual languages perceived a higher clarity level in their understanding of the course exposition, and a higher enjoyment level in the use of the programming environment. Moreover, they also achieved an overall better mark.",wos,llm,0.940,unreviewed,,doi:10.1109/access.2019.2895913
discarded,On State Machine Mining from Embedded Control Software,"Said, Wasim; Quante, Jochen; Koschke, Rainer",2018,PROCEEDINGS 2018 IEEE INTERNATIONAL CONFERENCE ON SOFTWARE MAINTENANCE AND EVOLUTION (ICSME),10.1109/ICSME.2018.00024,https://www.webofscience.com/wos/woscc/full-record/WOS:000451376200013,adjacent-subtopic,"Program understanding is a time-consuming and tedious activity for software developers. Manually building abstractions from source code requires in-depth analysis of the code in the first place. Model mining can support program comprehension by semi-automatically extracting high-level models from code. One potentially helpful model is a state machine, which is an established formalism for specifying the behavior of a software component.

There exist only few approaches for state machine mining, and they either deal with object-oriented systems or expect specific state implementation patterns. Both preconditions are usually not met by real-world embedded control software written in procedural languages. Other approaches extract only API protocols instead of the component's behavior.

In this paper, we propose and evaluate several techniques that enable state machine mining from embedded control code: 1) We define criteria for state variables in procedural code based on an empirical study. This enables adaptation of an existing approach for extracting state machines from object-oriented software to embedded control code. 2) We present a refinement of the transition extraction process of that approach by removing infeasible transitions, which on average leads to more than 50% reduction of the number of transitions. 3) We evaluate two approaches to reduce the complexity of transition conditions. 4) An empirical study examines the limits of transition conditions' complexity that can still be understood by humans. These techniques and studies constitute major building blocks towards mining understandable state machines from embedded control software.",wos,llm,0.970,unreviewed,,doi:10.1109/icsme.2018.00024
discarded,Assessment of class mutation operators for C plus plus with the MuCPP mutation system,"Delgado-Perez, Pedro; Medina-Bulo, Inmaculada; Palomo-Lozano, Francisco; Garcia-Dominguez, Antonio; Jose Dominguez-Jimenez, Juan",2017,INFORMATION AND SOFTWARE TECHNOLOGY,10.1016/j.infsof.2016.07.002,https://www.webofscience.com/wos/woscc/full-record/WOS:000387634200012,adjacent-subtopic,"Context Mutation testing has been mainly analyzed regarding traditional mutation operators involving structured programming constructs common in mainstream languages, but mutations at the class level have not been assessed to the same extent. This fact is noteworthy in the case of C++, despite being one of the most relevant languages including object-oriented features. Objective: This paper provides a complete evaluation of class operators for the C++ programming language. MuCPP, a new system devoted to the application of mutation testing to this language, was developed to this end. This mutation system implements class mutation operators in a robust way, dealing with the inherent complexity of the language. Method: MuCPP generates the mutants by traversing the abstract syntax tree of each translation unit with the Clang API, and stores mutants as branches in the Git version control system. The tool is able to detect duplicate mutants, avoid system headers, and drive the compilation process. Then, MuCPP is used to conduct experiments with several open-source C++ programs. Results: The improvement rules listed in this paper to reduce unproductive class mutants have a significant impact in the computational cost of the technique. We also calculate the quantity and distribution of mutants generated with class operators, which generate far fewer mutants than their traditional counterparts. Conclusions: We show that the tests accompanying these programs cannot detect faults related to particular object-oriented features of C++. In order to increase the mutation score, we create new test scenarios to kill the surviving class mutants for all the applications. The results confirm that, while traditional mutation operators are still needed, class operators can complement them and help testers further improve the test suite. (C) 2016 Elsevier B.V. All rights reserved.",wos,llm,0.980,unreviewed,,doi:10.1016/j.infsof.2016.07.002
discarded,Exploring the Relationship between Software Modularity and Technical Debt,"Skiada, Peggy; Ampatzoglou, Apostolos; Arvanitou, Elvira-Maria; Chatzigeorgiou, Alexander; Stamelos, Ioannis",2018,44TH EUROMICRO CONFERENCE ON SOFTWARE ENGINEERING AND ADVANCED APPLICATIONS (SEAA 2018),10.1109/SEAA.2018.00072,https://www.webofscience.com/wos/woscc/full-record/WOS:000450238900063,adjacent-subtopic,"Modularity is one of the key principles of software design. In order for a software system to be modular, it should be organized into modules that are highly coherent internally, whereas at the same time as independent from other modules as possible. In this paper we explore coupling and cohesion metrics at the software package level-i.e., one of most basic levels of software functional decomposition in object-oriented (OO) systems, with the aim of investigating their relation to the technical debt of each package. Current state-of-the-art tools in TD measurement are working on the source code level, and the extent to which they can unveil limitations at the architecture level (e.g., violations of the modularity principle), has not been explored so far. To achieve this goal, we conducted a case study on 1,200 packages retrieved from 20 well-known open source software projects. The results of the study suggested that current measures of technical debt are able to identify / predict modules that lack modularity, and therefore suffer from Architectural Technical Debt (ATD). The results of the study are discussed both from the practitioners' and researchers' point of view.",wos,llm,0.970,unreviewed,,doi:10.1109/seaa.2018.00072
discarded,Case study on which relations to use for clustering-based software architecture recovery,"Stavropoulou, Ioanna; Grigoriou, Marios; Kontogiannis, Kostas",2017,EMPIRICAL SOFTWARE ENGINEERING,10.1007/s10664-016-9459-z,https://www.webofscience.com/wos/woscc/full-record/WOS:000406290500004,adjacent-subtopic,"Clustering-based software architecture recovery is an area that has received significant attention in the software engineering community over the years. Its key concept is the compilation and clustering of a system-wide graph that consists of source code entities as nodes, and source code relations as edges. However, the related research has mostly focused on investigating different clustering methods and techniques, and consequently there is limited work on addressing the question of what is a minimal set of relations that can be easily extracted from the system's source code, and yet can be accurately used for extracting its architecture. In this paper, we report on results obtained from an architecture recovery case study we have conducted, by considering all possible combinations which can be generated from thirteen commonly used source code relations. We have examined the similarity of the extracted architectures obtained by using each different relation combination for different systems, against the corresponding architecture which is obtained by applying all thirteen relations and whch we consider as the ground truth architecture. For this purpose, we have also examined whether the use of all these thirteen relations is indeed adequate to yield a ground truth architecture, by applying this architecture extraction process on five large sofware systems for which their ground truth architecture has been independently established. The overall results of our study indicate that there is small set of relations for procedural systems, and another similar set for object oriented systems, that can be easily extracted from the source code and yet used to yield an architecture that is close to the ground truth architecture.",wos,llm,0.980,unreviewed,,doi:10.1007/s10664-016-9459-z
kept,Procedural x OO A Corporative Experiment on Source Code Clone Mining,"Barreto Torres, Jose Jorge; Methanias, C. R. Junior; de Freitas Farias, Mario Andre",2017,ICEIS: PROCEEDINGS OF THE 19TH INTERNATIONAL CONFERENCE ON ENTERPRISE INFORMATION SYSTEMS - VOL 2,10.5220/0006325003950402,https://www.webofscience.com/wos/woscc/full-record/WOS:000697612300039,qualifies-claim,"Open Source Software (OSS) repositories are widely used to execute studies around code clone detection, mostly inside the public scenario. However, corporative code Repositories have their content restricted and protected from access by developers who are not part of the company. Besides, there are a lot of questions regarding paradigm efficiency and its relation to clone manifestation. This article presents an experiment performed on systems developed in a large private education company, to observe and compare the incidence of cloned code between Object Oriented and Procedural proprietary software, using an exact similarity threshold. The results indicate that Object Oriented Software wondrously showed higher cloned lines of code incidence and a similar use of abstraction (clone sets) for functions or methods.",wos,llm,0.990,unreviewed,,doi:10.5220/0006325003950402
discarded,Application of Robot Programming to the Teaching of Object-Oriented Computer Languages,"Corral, J. M. Rodriguez; Morgado-Estevez, A.; Cabrera, D. Molina; Perez-Pena, F.; Rodriguez, C. A. Amaya; Balcells, A. Civit",2016,INTERNATIONAL JOURNAL OF ENGINEERING EDUCATION,,https://www.webofscience.com/wos/woscc/full-record/WOS:000389147200026,adjacent-subtopic,"Object-oriented programming (OOP) abstract concepts are often difficult to understand for students, since it is not easy to find the equivalence of such concepts in daily life. In this paper we will study if an interdisciplinary approach based on an introduction to robotics and robot programming helps the student in acquiring the OOP concepts. For our experiments, we selected a sample of thirty individuals among students with an adequate knowledge of procedural programming. This sample was divided into two groups of fifteen students each: for the first one we used a standard introductory approach to C#, whereas for the second one we developed an experimental course that included a demonstration program that illustrated OOP basic concepts using the features of a specific type of commercial ball-shaped robot with sensing, wireless communication and output capabilities. After the courses, both groups were evaluated by completing a multiple-choice exam and a C# programming exercise. Our results show that the student group that attended the course including the robot demo showed a higher interest level (i.e. they felt more motivated) than those students that attended the standard introductory C# course. Furthermore, the students from the experimental group also achieved an overall better mark.",wos,llm,0.940,unreviewed,,hash:d4a0175a8255fd56
discarded,Search-Based Testing of Procedural Programs: Iterative Single-Target or Multi-target Approach?,"Scalabrino, Simone; Grano, Giovanni; Di Nucci, Dario; Oliveto, Rocco; De Lucia, Andrea",2016,"SEARCH BASED SOFTWARE ENGINEERING, SSBSE 2016",10.1007/978-3-319-47106-8_5,https://www.webofscience.com/wos/woscc/full-record/WOS:000388921700005,adjacent-subtopic,"In the context of testing of Object-Oriented (OO) software systems, researchers have recently proposed search based approaches to automatically generate whole test suites by considering simultaneously all targets (e.g., branches) defined by the coverage criterion (multi-target approach). The goal of whole suite approaches is to overcome the problem of wasting search budget that iterative single-target approaches (which iteratively generate test cases for each target) can encounter in case of infeasible targets. However, whole suite approaches have not been implemented and experimented in the context of procedural programs. In this paper we present OCELOT (Optimal Coverage sEarch-based tooL for sOftware Testing), a test data generation tool for C programs which implements both a state-of-the-art whole suite approach and an iterative single-target approach designed for a parsimonious use of the search budget. We also present an empirical study conducted on 35 open-source C programs to compare the two approaches implemented in OCELOT. The results indicate that the iterative single-target approach provides a higher efficiency while achieving the same or an even higher level of coverage than the whole suite approach.",wos,llm,0.980,unreviewed,,doi:10.1007/978-3-319-47106-8_5
discarded,An OOP MATLAB Extensible Framework for the Implementation of Genetic Algorithms. Part I: The Framework,"Razvan, Cazacu; Lucian, Grama; Ioan, Mocian",2015,"8TH INTERNATIONAL CONFERENCE INTERDISCIPLINARITY IN ENGINEERING, INTER-ENG 2014",10.1016/j.protcy.2015.02.028,https://www.webofscience.com/wos/woscc/full-record/WOS:000358732500027,adjacent-subtopic,"Genetic algorithms are already a well-established method for structural or general optimization. There is a large number of libraries and frameworks available assisting the researchers and engineers alike to implement genetic algorithm codes. However, there isn't a satisfactory tool available for the de facto engineering programming language: MATLAB. The existing tools only use procedural programming and offer some flexibility but not to the extent an object oriented approach can provide. This paper presents the work of the authors regarding the design and implementation of a tool aimed to fill this void. The result is a fully object oriented framework for MATLAB, similar to a toolbox. This offers the general layout of any genetic algorithm, along with typical implementations. Its architecture is designed to offer full flexibility and extensibility. The base layout allows researchers to easily study, test and implement new or improved genetic operators or concepts, while the implementation of basic algorithms offers the practitioners a ready to use tool. The first part of the paper presents in some detail the concepts and structure of the framework, while the second part deals with a case study to illustrate the effectiveness of the approach. (C) 2015 The Authors. Published by Elsevier Ltd.",wos,llm,0.890,unreviewed,,doi:10.1016/j.protcy.2015.02.028
discarded,A game-based approach to the teaching of object-oriented programming languages,"Rodriguez Corral, Jose Maria; Civit Balcells, Anton; Morgado Estevez, Arturo; Jimenez Moreno, Gabriel; Ferreiro Ramos, Maria Jose",2014,COMPUTERS & EDUCATION,10.1016/j.compedu.2013.12.013,https://www.webofscience.com/wos/woscc/full-record/WOS:000332437700007,adjacent-subtopic,"Students often have difficulties when trying to understand the concepts of object-oriented programming (OOP). This paper presents a contribution to the teaching of OOP languages through a game-oriented approach based on the interaction with tangible user interfaces (This). The use of a specific type of commercial distributed TUI (Sifteo cubes), in which several small physical devices have sensing, wireless communication and user-directed output capabilities, is applied to the teaching of the C# programming language, since the operation of these devices can be controlled by user programs written in C#. For our experiment, we selected a sample of students with a sufficient knowledge about procedural programming, which was divided into two groups: The first one had a standard introductory C# course, whereas the second one had an experimental C# course that included, in addition to the contents of the previous one, two demonstration programs that illustrated some OOP basic concepts using the TUI features. Finally, both groups completed two tests: a multiple-choice exam for evaluating the acquisition of basic OOP concepts and a C# programming exercise. The analysis of the results from the tests indicates that the group of students that attended the course including the TUI demos showed a higher interest level (i.e. they felt more motivated) during the course exposition than the one that attended the standard introductory C# course. Furthermore, the students from the experimental group achieved an overall better mark. Therefore, we can conclude that the technological contribution of Sifteo cubes - used as a distributed TUI by which OOP basic concepts are represented in a tangible and a visible way - to the teaching of the C# language has a positive influence on the learning of this language and such basic concepts. (C) 2014 Elsevier Ltd. All rights reserved.",wos,llm,0.950,unreviewed,,doi:10.1016/j.compedu.2013.12.013
discarded,Evaluation of a UML-Based Versus an IEC 61131-3-Based Software Engineering Approach for Teaching PLC Programming,"Vogel-Heuser, Birgit; Obermeier, Martin; Braun, Steven; Sommer, Kerstin; Jobst, Fabian; Schweizer, Karin",2013,IEEE TRANSACTIONS ON EDUCATION,10.1109/TE.2012.2226035,https://www.webofscience.com/wos/woscc/full-record/WOS:000322657200012,qualifies-claim; adjacent-subtopic,"A field experiment investigated the evaluation, teaching, and application of two different approaches to automatic control in programmable logic controllers, in particular comparing the Unified Modeling Language (UML) to the classic procedural paradigm (IEC 61131-3). A total of 85 apprentices from a vocational school for production engineering with a specialization in mechatronics took part in the training and the experiment. This paper details the results of the training using both approaches, and the correlations found between the modeling and/or programming performance and cognitive abilities, interest, workload, expertise, and school grades. In general, the results show that students can be trained to carry out authentic programming tasks within one and a half days, even for beginners in programming. The data distinguish the two approaches. Function Block Diagram programming (IEC 61131-3) can be best predicted by the grade in mathematics, programming experience, and cognitive demand. For performance in UML class diagram and state chart (UML/CD + SC) modeling, the grade in mathematics plays an even more prominent role; this explains the greater variance in modeling performance in the UML group than in the 61131/Function Block Diagram group. With respect to other findings, the paper concludes that special problem-solving skills and skills for abstract thinking should be taught when teaching UML-based modeling approaches.",wos,llm_reviewed,0.930,changed,kept->discarded,doi:10.1109/te.2012.2226035
