status,title,authors,year,venue,doi,url,tags,abstract,provider,decision_source,llm_confidence,llm_review_outcome,llm_change_direction,paper_id
discarded,Using design patterns to develop reusable object-oriented communication software,Douglas C. Schmidt,1995,Communications of the ACM,10.1145/226239.226255,https://openalex.org/W1980748308,adjacent-subtopic,"Despite dramatic increases in network and host performance, it remains difficult to design, implement, and reuse communication software for complex distributed systems. Examples of these systems include global personal communication systems, network management platforms, enterprise medical imaging systems, and real-time market data monitoring and analysis systems. In addition, it is often hard to directly reuse existing algorithms, detailed designs, interfaces, or implementations in these systems due to the growing heterogeneity of hardware/software architectures and the increasing diversity of operating system platforms.",openalex,llm,0.940,unreviewed,,doi:10.1145/226239.226255
discarded,"Customization: optimizing compiler technology for SELF, a dynamically-typed object-oriented programming language",Craig Chambers; David Ungar,1989,ACM SIGPLAN Notices,10.1145/74818.74831,https://openalex.org/W3142323636,adjacent-subtopic,"Dynamically-typed object-oriented languages please programmers, but their lack of static type information penalizes performance. Our new implementation techniques extract static type information from declaration-free programs. Our system compiles several copies of a given procedure, each customized for one receiver type, so that the type of the receiver is bound at compile time. The compiler predicts types that are statically unknown but likely, and inserts run-time type tests to verify its predictions. It splits calls, compiling a copy on each control path, optimized to the specific types on that path. Coupling these new techniques with compile-time message lookup, aggressive procedure inlining, and traditional optimizations has doubled the performance of dynamically-typed object-oriented languages.",openalex,llm,0.980,unreviewed,,doi:10.1145/74818.74831
discarded,Transition to object-oriented software development,Mohamed E. Fayad; Wei‐Tek Tsai; Milton L. Fulghum,1996,Communications of the ACM,10.1145/230798.230811,https://openalex.org/W2012103853,adjacent-subtopic,"article Free Access Share on Transition to object-oriented software development Authors: Mohamed E. Fayad Computer Science/171, University of Nevada, Reno, NV Computer Science/171, University of Nevada, Reno, NVView Profile , Wei-Tek Tsai Computer Science Department, University of Minnesota, Minneapolis, MN Computer Science Department, University of Minnesota, Minneapolis, MNView Profile , Milton L. Fulghum Flight Safety International, St. Louis, MO Flight Safety International, St. Louis, MOView Profile Authors Info & Claims Communications of the ACMVolume 39Issue 2Feb. 1996pp 108–121https://doi.org/10.1145/230798.230811Published:01 February 1996Publication History 41citation1,961DownloadsMetricsTotal Citations41Total Downloads1,961Last 12 Months58Last 6 weeks14 Get Citation AlertsNew Citation Alert added!This alert has been successfully added and will be sent to:You will be notified whenever a record that you have chosen has been cited.To manage your alert preferences, click on the button below.Manage my AlertsNew Citation Alert!Please log in to your account Save to BinderSave to BinderCreate a New BinderNameCancelCreateExport CitationPublisher SiteeReaderPDF",openalex,llm,0.780,unreviewed,,doi:10.1145/230798.230811
discarded,Contracts: specifying behavioral compositions in object-oriented systems,Richard Helm; Ian M. Holland; Dipayan Gangopadhyay,1990,ACM SIGPLAN Notices,10.1145/97946.97967,https://openalex.org/W4237641370,adjacent-subtopic,"Behavioral compositions, groups of interdependent objects cooperating to accomplish tasks, are an important feature of object-oriented systems. This paper introduces Contracts , a new technique for specifying behavioral compositions and the obligations on participating objects. Refinement and composition of contracts allows for the creation of large grain abstractions based on behavior, orthogonal to those provided by existing class constructs. Using contracts thus provides a basis and vocabulary for Interaction-Oriented design which greatly facilitates the early identification, abstraction and reuse of patterns of behavior in programs. Contracts differ from previous work in that they capture explicitly and abstractly the behavioral dependencies amongst cooperating objects. By explicitly stating these dependencies, contract also provide an effective aid for program understanding and reuse.",openalex,llm,0.940,unreviewed,,doi:10.1145/97946.97967
discarded,Cluster Analysis for Object-Oriented Verification of Fields: A Variation,Caren Marzban; Scott A. Sandgathe,2008,Monthly Weather Review,10.1175/2007mwr1994.1,https://openalex.org/W2144431083,off-topic-false-hit,"Abstract In a recent paper, a statistical method referred to as cluster analysis was employed to identify clusters in forecast and observed fields. Further criteria were also proposed for matching the identified clusters in one field with those in the other. As such, the proposed methodology was designed to perform an automated form of what has been called object-oriented verification. Herein, a variation of that methodology is proposed that effectively avoids (or simplifies) the criteria for matching the objects. The basic idea is to perform cluster analysis on the combined set of observations and forecasts, rather than on the individual fields separately. This method will be referred to as combinative cluster analysis (CCA). CCA naturally lends itself to the computation of false alarms, hits, and misses, and therefore, to the critical success index (CSI). A desirable feature of the previous method—the ability to assess performance on different spatial scales—is maintained. The method is demonstrated on reflectivity data and corresponding forecasts for three dates using three mesoscale numerical weather prediction model formulations—the NCEP/NWS Nonhydrostatic Mesoscale Model (NMM) at 4-km resolution (nmm4), the University of Oklahoma’s Center for Analysis and Prediction of Storms (CAPS) Weather Research and Forecasting Model (WRF) at 2-km resolution (arw2), and the NCAR WRF at 4-km resolution (arw4). In the small demonstration sample herein, model forecast quality is efficiently differentiated when performance is assessed in terms of the CSI. In this sample, arw2 appears to outperform the other two model formulations across all scales when the cluster analysis is performed in the space of spatial coordinates and reflectivity. However, when the analysis is performed only on spatial data (i.e., when only the spatial placement of the reflectivity is assessed), the difference is not significant. This result has been verified both visually and using a standard gridpoint verification, and seems to provide a reasonable assessment of model performance. This demonstration of CCA indicates promise in quickly evaluating mesoscale model performance while avoiding the subjectivity and labor intensiveness of human evaluation or the pitfalls of non-object-oriented automated verification.",openalex,llm,1.000,unreviewed,,doi:10.1175/2007mwr1994.1
discarded,API-Based and InformationTheoretic Metrics for Measuring the Quality of Software Modularization,Santonu Sarkar; Girish Maskeri Rama; Avinash C. Kak,2007,,,https://openalex.org/W2167180295,adjacent-subtopic,"Abstract—We present in this paper a new set of metrics that measure the quality of modularization of a non-object-oriented software system. We have proposed a set of design principles to capture the notion of modularity and defined metrics centered around these principles. These metrics characterize the software from a variety of perspectives: structural, architectural, and notions such as the similarity of purpose and commonality of goals. (By structural, we are referring to intermodule coupling-based notions, and by architectural, we mean the horizontal layering of modules in large software systems.) We employ the notion of API (Application Programming Interface) as the basis for our structural metrics. The rest of the metrics we present are in support of those that are based on API. Some of the important support metrics include those that characterize each module on the basis of the similarity of purpose of the services offered by the module. These metrics are based on information-theoretic principles. We tested our metrics on some popular open-source systems and some large legacy-code business applications. To validate the metrics, we compared the results obtained on human-modularized versions of the software (as created by the developers of the software) with those obtained on randomized versions of the code. For randomized versions, the assignment of the individual functions to modules was randomized. Index Terms—Metrics/measurement, modules and interfaces, information theory, distribution, maintenance and enhancement, maintainability, coupling, layered architecture. Ç 1",openalex,llm,0.970,unreviewed,,hash:c256efb05534e8a8
discarded,Transcranial Magnetic Stimulation to the Frontal Operculum and Supramarginal Gyrus Disrupts Planning of Outcome-Based Hand–Object Interactions,Eugene Tunik; On‐Yee Lo; Sergei Adamovich,2008,Journal of Neuroscience,10.1523/jneurosci.4734-08.2008,https://openalex.org/W1992400200,off-topic-false-hit,"Behavioral data suggest that goals inform the selection of motor commands during planning. We investigated the neural correlates that mediate planning of goal-oriented actions by asking 10 healthy subjects to prepare either a goal-specific movement toward a common object (a cup), with the intent of grasping-to-pour (liquid into it) or grasping-to-move (to another location) the object, or performing a non-object-oriented stimulus-response task (move a finger). Single-pulse transcranial magnetic stimulation was administered on 50% of trials to the supramarginal gyrus (SMG), anterior intraparietal sulcus, inferior frontal gyrus opercularis (IFGo), and triangularis during motor planning. Stimulation to SMG and IFGo caused a significant delay in planning goal-oriented actions but not responses to an arbitrary stimulus. Despite the delay, movement execution was not affected, suggesting that the motor plan remained intact. Our data implicate the SMG and IFGo in planning goal-oriented hand-object interactions.",openalex,llm,1.000,unreviewed,,doi:10.1523/jneurosci.4734-08.2008
discarded,Object-Oriented Metrics: A Review of Theory and Practice,Khaled El-Emam,2002,Advances in Software Engineering,10.1007/978-0-387-21599-0_2,https://openalex.org/W1536722722,adjacent-subtopic,,openalex,llm,0.720,unreviewed,,doi:10.1007/978-0-387-21599-0_2
discarded,Object-oriented Programming,Kuldeep Singh Kaswan; Jagjit Singh Dhatterwal; B. Balamurugan,2023,,10.1201/9781003202035-11,https://openalex.org/W4320718828,adjacent-subtopic,"The basic idea of object-oriented programming (OOP) is that we use objects to model real-world things that are represented inside programs and provide a simple way to access their functionality that would otherwise be hard or impossible to utilize. Large programs are challenging to write. Once a program reaches a certain size, object-oriented programs are easier to understand and much easier to modify and maintain than a non-object-oriented program. So, object-oriented programs require less work to maintain. OOP results in code reuse, cleaner code, better architecture, abstraction layers and fewer programming bugs. Python provides full support for OOP, including encapsulation, inheritance and polymorphism. This chapter explores the classes, new objects, class inheritance, encapsulation and polymorphism used in Python.",openalex,llm,0.960,unreviewed,,doi:10.1201/9781003202035-11
discarded,An object‐oriented design for graph visualization,Michael S. Marshall; Iván Herman; Guy Mélançon,2001,Software Practice and Experience,10.1002/spe.385,https://openalex.org/W2055796300,adjacent-subtopic,"Abstract Many applications, from everyday file system browsers to visual programming tools, require the display of network and graph structures. The Graph Visualization Framework (GVF) (available at http://www.cwi.nl/InfoVisu/GVF) is an architecture that supports the tasks common to most graph browsers and editors. This article gives a brief overview of the design of the GVF and focuses on the core classes that are used to represent and manipulate graphs. The design of the core classes is justified by the requirements for navigation and visualization. Copyright © 2001 John Wiley & Sons, Ltd.",openalex,llm,0.980,unreviewed,,doi:10.1002/spe.385
kept,A controlled experiment to evaluate maintainability of object-oriented software,Sallie Marie Henry; Matthew C. Humphrey,2002,,10.1109/icsm.1990.131370,https://openalex.org/W2096701136,supports-claim; stod,The authors describe an experiment which compares the maintainability of two functionally equivalent systems in order to explore the claim that systems developed with object-oriented languages are more easily maintained than those programmed with procedural languages. Supporting evidence was found that programmers produce more maintainable code with an object-oriented language than with a standard procedural language.>,openalex,llm_reviewed,1.000,confirmed,,doi:10.1109/icsm.1990.131370
discarded,Requirements for a first year object-oriented teaching language,Michael Kölling; Bett Koch; John Rosenberg,1995,,10.1145/199688.199770,https://openalex.org/W2003254916,adjacent-subtopic,"Interest in teaching object-oriented programming in first year computer science courses has increased substantially over the last few years. While the theoretical advantages are clear, it is not obvious that the available object-oriented languages are suitable for this purpose. None of the existing languages is appropriate for teaching object-oriented principles. In this paper we discuss the requirements for an object-oriented teaching language and draw attention to the deficiencies of existing languages. In particular, the paper examines C++, Smalltalk, Eiffel and Sather. Finally we outline characteristics of a new language, specifically designed for teaching purposes.",openalex,llm,0.970,unreviewed,,doi:10.1145/199688.199770
discarded,Requirements for a first year object-oriented teaching language,Michael Kölling; Bett Koch; John Rosenberg,1995,ACM SIGCSE Bulletin,10.1145/199691.199770,https://openalex.org/W3006402732,adjacent-subtopic,"Interest in teaching object-oriented programming in first year computer science courses has increased substantially over the last few years. While the theoretical advantages are clear, it is not obvious that the available object-oriented languages are suitable for this purpose. None of the existing languages is appropriate for teaching object-oriented principles. In this paper we discuss the requirements for an object-oriented teaching language and draw attention to the deficiencies of existing languages. In particular, the paper examines C++, Smalltalk, Eiffel and Sather. Finally we outline characteristics of a new language, specifically designed for teaching purposes.",openalex,llm,0.990,unreviewed,,doi:10.1145/199691.199770
discarded,Using object oriented analysis and design in a non-object oriented environment experience report,Kenneth L. Williams,2002,,10.1109/icsm.1995.526532,https://openalex.org/W2125059289,supports-claim; adjacent-subtopic,"The paper is an experience report about using James Rumbaugh's Object Modeling Technique (OMT) in Allen-Bradley's 6200 Series Programming Software for Programmable Controllers (6200). It explores three stages of subsystem development: analysis, design, and implementation. For each stage, a brief description of the Object Modeling Technique is given. Also included are solutions to obstacles that were overcome while working on the project. Metrics were kept during the development and independent test of the two object oriented subsystems that were introduced into 6200. These metrics compare the object oriented (OO) subsystems to structured analysis/structured design (SA/SD) subsystems of roughly the same complexity and in the same area of the product as the object oriented subsystem. The metrics presented are: number of function points, length of time spent in each development stage, number of lines of code and number of functions for the subsystem, number of defects found by an independent test group (categorized by development stage), and length of time required to fix the defects.",openalex,llm_reviewed,0.980,changed,kept->discarded,doi:10.1109/icsm.1995.526532
discarded,Object-oriented parallel computation for plasma simulation,Charles D. Norton; Boleslaw Karol Szymanski; Viktor K. Decyk,1995,Communications of the ACM,10.1145/226239.226257,https://openalex.org/W2037202654,adjacent-subtopic,"Object-oriented techniques promise to improve the software design and programming process by providing an application-oriented view of programming while facilitating modification and reuse. Since the software design crisis is particularly acute in parallel computation, these techniques have stirred the interest of the scientific parallel computing community. Large-scale applications of ever-growing complexity, particularly in the physical sciences and engineering, require parallel processing for efficiency. Since its introduction in the 1970s, Fortran 77 has been the language of choice to model these problems, due to its efficiency, its numerical stability, and the body of existing Fortran codes. However, the introduction of object-oriented languages provides new alternatives for parallel software development. Fortran 90 adds modern extensions (including object-oriented concepts) to the established methods of Fortran 77. Alternatively, object-oriented methodologies can be explored through languages such as C++, Eiffel, Smalltalk, and many others. Our selection among these required a language that was widespread and supported across multiple platforms (particularly supercomputers) with strong compiler optimizations. C++, while not a “pure” object-oriented language, was our choice, since it meets these criteria.",openalex,llm,0.820,unreviewed,,doi:10.1145/226239.226257
discarded,Exploring Maintainability Index Variants for Software Maintainability Measurement in Object-Oriented Systems,Tjaša Heričko; Boštjan Šumak,2023,Applied Sciences,10.3390/app13052972,https://openalex.org/W4322503461,adjacent-subtopic,"During maintenance, software systems undergo continuous correction and enhancement activities due to emerging faults, changing environments, and evolving requirements, making this phase expensive and time-consuming, often exceeding the initial development costs. To understand and manage software under development and maintenance better, several maintainability measures have been proposed. The Maintainability Index is commonly used as a quantitative measure of the relative ease of software maintenance. There are several Index variants that differ in the factors affecting maintainability (e.g., code complexity, software size, documentation) and their given importance. To explore the variants and understand how they compare when evaluating software maintainability, an experiment was conducted with 45 Java-based object-oriented software systems. The results showed that the choice of the variant could influence the perception of maintainability. Although different variants presented different values when subjected to the same software, their values were strongly positively correlated and generally indicated similarly how maintainability evolved between releases and over the long term. Though, when focusing on fine-grained results posed by the Index, the variant selection had a larger impact. Based on their characteristics, behavior, and interrelationships, the variants were divided into two distinct clusters, i.e., variants that do not consider code comments in their calculation and those that do.",openalex,llm,0.980,unreviewed,,doi:10.3390/app13052972
discarded,A systematic literature review of machine learning techniques for software maintainability prediction,Hadeel Alsolai; Marc Roper,2019,Information and Software Technology,10.1016/j.infsof.2019.106214,https://openalex.org/W2985411978,adjacent-subtopic,,openalex,llm,0.930,unreviewed,,doi:10.1016/j.infsof.2019.106214
