status,title,authors,year,venue,doi,url,tags,abstract,provider,decision_source,llm_confidence,llm_review_outcome,llm_change_direction,paper_id
discarded,Applying UML and patterns: an introduction to object-oriented analysis and design,Craig Larman,1997,CERN Document Server (European Organization for Nuclear Research),,https://openalex.org/W1602958390,adjacent-subtopic,"вЂњThis edition contains Larman's usual accurate and thoughtful writing. It is a very good book made even better.вЂќвЂ”Alistair Cockburn, author, Writing Effective Use Cases and Surviving OO ProjectsвЂњToo few people have a knack for explaining things. Fewer still have a handle on software analysis and design. Craig Larman has both.вЂќвЂ”John Vlissides, author, Design Patterns and Pattern HatchingвЂњPeople often ask me which is the best book to introduce them to the world of OO design. Ever since I came across it Applying UML and Patterns has been my unreserved choice.вЂќвЂ”Martin Fowler, author, UML Distilled and RefactoringвЂњThis book makes learning UML enjoyable and pragmatic by incrementally introducing it as an intuitive language for specifying the artifacts of object analysis and design. It is a well written introduction to UML and object methods by an expert practitioner.вЂќвЂ”Cris Kobryn, Chair of the UML Revision Task Force and UML 2.0 Working Group A brand new edition of the world's most admired introduction to object-oriented analysis and design with UML Fully updated for UML 2 and the latest iterative/agile practices Includes an all-new case study illustrating many of the book's key pointsApplying UML and Patterns is the world's #1 business and college introduction to вЂњthinking in objectsвЂќвЂ”and using that insight in real-world object-oriented analysis and design. Building on two widely acclaimed previous editions, Craig Larman has updated this book to fully reflect the new UML 2 standard, to help you master the art of object design, and to promote high-impact, iterative, and skillful agile modeling practices.Developers and students will learn object-oriented analysis and design (OOA/D) through three iterations of two cohesive, start-tofinish case studies. These case studies incrementally introduce key skills, essential OO principles and patterns, UML notation, and best practices. You won't just learn UML diagramsвЂ”you'll learn how to apply UML in the context of OO software development. Drawing on his unsurpassed experience as a mentor and consultant, Larman helps you understand evolutionary requirements and use cases, domain object modeling, responsibility-driven design, essential OO design, layered architectures, вЂњGang of FourвЂќ design patterns, GRASP, iterative methods, an agile approach to the Unified Process (UP), and much more. This edition's extensive improvements include A stronger focus on helping you master OOA/D through case studies that demonstrate key OO principles and patterns, while also applying the UML New coverage of UML 2, Agile Modeling, TestDriven Development, and refactoring Many new tips on combining iterative and evolutionary development with OOA/D Updates for easier study, including new learning aids and graphics New college educator teaching resources Guidance on applying the UP in a light, agile spirit, complementary with other iterative methods such as XP and Scrum Techniques for applying the UML to documenting architectures A new chapter on evolutionary requirements, and much moreApplying UML and Patterns, Third Edition, is a lucid and practical introduction to thinking and designing with objectsвЂ”and creating systems that are well crafted, robust, and maintainable.",openalex,llm,0.990,unreviewed,,hash:c8baf35dc0223ba3
discarded,Toward a method of object-oriented concurrent programming,Denis Caromel,1993,Communications of the ACM,10.1145/162685.162711,https://openalex.org/W2078862062,adjacent-subtopic,"hile there have been many attempts to provide objectoriented languages with a model of concurrency, few have dealt with reusability and methodology.Here we propose a concurrent model that takes into account such important concerns.Concept unifications are a necessity, and underlie the need to make object-oriented programming adaptable to concurrency.The model characteristics, especially reusability, permit definition of a concurrent object-oriented design method.The model, which makes extensive use of objectoriented techniques such as inheritance and polymorphism, is presented followed by development of the concurrent programming method.A real-time example of an automotive cruise control system illustrates and exercises the method. Model of ConcurrencyOur model of concurrency relies on a small set of basic concepts, which are often continuations of those existing in sequential programming--our focus is on such a unification of concepts.The concepts and ideas detailed here have been implemented as an extension of Eiffel I [1, 20,21] which is named Eiffel//.The first choice encountered when designing a concurrent langnage is the.' process genesis: what language construct and concept permit the process definition?One of the ""breakthrough,;"" of object-oriented programming is the unification of module and type aspects into one construct: the class.When it comes to adding parallelism, another unification is to bring together the concepts of class and process",openalex,llm,0.970,unreviewed,,doi:10.1145/162685.162711
discarded,Complex system reliability modelling with Dynamic Object Oriented Bayesian Networks (DOOBN),Philippe Weber; Lionel Jouffe,2005,Reliability Engineering & System Safety,10.1016/j.ress.2005.03.006,https://openalex.org/W2062309656,off-topic-false-hit,,openalex,llm,0.980,unreviewed,,doi:10.1016/j.ress.2005.03.006
discarded,Design pattern recovery in object-oriented software,Giulio Antoniol; Roberto Fiutem; Luca Cristoforetti,2002,,10.1109/wpc.1998.693342,https://openalex.org/W1837732256,adjacent-subtopic,"An approach to recover object oriented design patterns from design and code is presented. The pattern recovery process is based on a multi-stage filtering strategy to avoid combinatorial explosion on large software systems. To maintain independence from the language and the case tools adopted in developing software, both design and code are mapped into an intermediate representation. The multi-stage searching strategy allows to safely determine pattern candidates. To assess the effectiveness of the pattern recovery process a portable environment written in Java has been developed. Based on this environment, experimental results on public domain and industrial software were obtained and are discussed in the paper. Evidence is shown that, by exploiting information about method calls as a further constraint beyond the structural ones, the number of false positives is reduced.",openalex,llm,0.980,unreviewed,,doi:10.1109/wpc.1998.693342
discarded,An efficient implementation of SELF a dynamically-typed object-oriented language based on prototypes,Craig Chambers; David Ungar; E. Lee,1989,,10.1145/74877.74884,https://openalex.org/W2058639022,adjacent-subtopic,"We have developed and implemented techniques that double the performance of dynamically-typed object-oriented languages. Our SELF implementation runs twice as fast as the fastest Smalltalk implementation, despite SELF's lack of classes and explicit variables.",openalex,llm,0.990,unreviewed,,doi:10.1145/74877.74884
discarded,Concurrency and distribution in object-oriented programming,Jean-Pierre Briot; Rachid Guerraoui; Klaus‐Peter Löhr,1998,ACM Computing Surveys,10.1145/292469.292470,https://openalex.org/W2107515271,adjacent-subtopic,"This paper aims at discussing and classifying the various ways in which the object paradigm is used in concurrent and distributed contexts. We distinguish among the library approach, the integrative approach, and the reflective approach. The library approach applies object-oriented concepts, as they are, to structure concurrent and distributed systems through class libraries. The integrative approach consists of merging concepts such as object and activity, message passing, and transaction, etc. The reflective approach integrates class libraries intimately within an object-based programming language. We discuss and illustrate each of these and point out their complementary levels and goals.",openalex,llm,0.980,unreviewed,,doi:10.1145/292469.292470
discarded,A systematic review of software development cost estimation studies,Magne Jørgensen; Martin Shepperd,2007,Brunel University Research Archive (BURA) (Brunel University London),10.1109/tse.2007.3,https://openalex.org/W2151511199,adjacent-subtopic,"This paper aims to provide a basis for the improvement of software estimation research through a systematic review of previous work. The review identifies 304 software cost estimation papers in 76 journals and classifies the papers according to research topic, estimation approach, research approach, study context and data set. A web-based library of these cost estimation papers is provided to ease the identification of relevant estimation research results. The review results combined with other knowledge provide support for recommendations for future software cost estimation research, including: 1) Increase the breadth of the search for relevant studies, 2) Search manually for relevant papers within a carefully selected set of journals when completeness is essential, 3) Conduct more studies on estimation methods commonly used by the software industry, and, 4) Increase the awareness of how properties of the data sets impact the results when evaluating estimation methods.",openalex,llm,0.990,unreviewed,,doi:10.1109/tse.2007.3
discarded,Relational database design using an object-oriented methodology,Michael R. Blaha; William J. Premerlani; James E. Rumbaugh,1988,Communications of the ACM,10.1145/42404.42407,https://openalex.org/W2004053047,adjacent-subtopic,"Of the many approaches to relational database design, the Object Modeling Technique (OMT) is particularly effective. A comprehensive explanation and two applications show the semantic improvement of OMT over other approaches.",openalex,llm,0.880,unreviewed,,doi:10.1145/42404.42407
discarded,ARIES,C. Mohan; Don Haderle; Bruce Lindsay; Hamid Pirahesh; Peter Schwarz,1992,ACM Transactions on Database Systems,10.1145/128765.128770,https://openalex.org/W2104954161,adjacent-subtopic,"DB2 TM , IMS, and Tandem TM systems. ARIES is applicable not only to database management systems but also to persistent object-oriented languages, recoverable file systems and transaction-based operating systems. ARIES has been implemented, to varying degrees, in IBM's OS/2 TM Extended Edition Database Manager, DB2, Workstation Data Save Facility/VM, Starburst and QuickSilver, and in the University of Wisconsin's EXODUS and Gamma database machine.",openalex,llm,0.990,unreviewed,,doi:10.1145/128765.128770
discarded,Tool support for cooperative object-oriented design,Christian Heide Damm; Klaus Hansen; Michael Thomsen,2000,,10.1145/332040.332488,https://openalex.org/W1971930425,adjacent-subtopic,"Modeling is important in object-oriented software development. Although a number of Computer Aided Software Engineering (CASE) tools are available, and even though some are technically advanced, few developers use them. This paper describes our attempt to examine the requirements needed to provide tool support for the development process, and describes and evaluates a tool, Knight, which has been developed based on these requirements. The tool is based on a direct, whiteboard-like interaction achieved using gesture input on a large electronic whiteboard. So far the evaluations have been successful and the tool shows the potential of greatly enhancing current support for object-oriented modeling.",openalex,llm,0.970,unreviewed,,doi:10.1145/332040.332488
discarded,Object-oriented analysis of multi-temporal panchromatic images for creation of historical landslide inventories,Tapas R. Martha; Norman Kerle; Cees J. van Westen; Victor G Jetten; K. Vinod Kumar,2011,ISPRS Journal of Photogrammetry and Remote Sensing,10.1016/j.isprsjprs.2011.11.004,https://openalex.org/W2044907109,off-topic-false-hit,,openalex,llm,1.000,unreviewed,,doi:10.1016/j.isprsjprs.2011.11.004
discarded,An environment for measuring and improving the quality of object-oriented software,"Ebert, C; Morschel, I",1999,QUALITY AND RELIABILITY ENGINEERING INTERNATIONAL,,https://www.webofscience.com/wos/woscc/full-record/WOS:000079038400003,adjacent-subtopic,"It is widely accepted that more widespread use of object-oriented techniques can only come about when there are techniques and tool systems that provide design support beyond visualizing code. Distinct software metrics are considered as being able to support the design by indicating critical components with respect to various quality factors such as maintainability and reliability. Unfortunately, many object-oriented metrics were defined and applied to classroom projects, but no evidence was given that the metrics are useful and applicable-both from an experience viewpoint and from a tools viewpoint-for industrial object-oriented development. Distinct complexity metrics have been developed and integrated in a Smalltalk development support system called SmallMetric. Thus we achieved a basis for software analysis (metrics) and development support (critique) of Smalltalk systems. The main concepts of the environment including the underlying metrics are explained, its use and operation are discussed and some results of the implementation and its application to several industrial projects are given with examples. Copyright (C) 1999 John Wiley & Sons, Ltd.",wos,llm,0.950,unreviewed,,hash:4434232f1ced4e5f
discarded,Metrics for quality analysis and improvement of object-oriented software,"Ebert, C; Morschel, I",1997,INFORMATION AND SOFTWARE TECHNOLOGY,,https://www.webofscience.com/wos/woscc/full-record/WOS:A1997XJ77200006,adjacent-subtopic,"Software metrics are playing an important role in analysing and improving quality of software work products during their development. Measuring the aspects of software complexity for object-oriented software strongly helps to improve the quality of such systems during their development, while especially focusing on reusability and maintainability. It is widely accepted that more widespread use of object-oriented techniques can only come about when there are tool systems that provide development support beyond visualising code. Unfortunately, many object-oriented metrics are defined and applied to classroom projects but no evidence is given that the metrics are useful and applicable both from an experience viewpoint and from a tools viewpoint - for industrial object-oriented development. Distinct complexity metrics are developed and integrated in a Smalltalk development support system called SmallMetric. Thus, we achieve a basis for software analysis (metrics) and development support (critique) of Smalltalk systems. The main concepts of the environment including the underlying metrics are explained, its use and operation is discussed, and some results of the implementation and its application to several industrial projects are given with examples. (C) 1997 Elsevier Science B.V.",wos,llm,0.950,unreviewed,,hash:bb868e5c3743e481
discarded,Data mapping and clock synchronization: The essence of the COTS software integration process,V. Abbasi,2004,International Astronautical Federation 55th International Astronautical Congress 2004,,https://www.scopus.com/inward/record.uri?partnerID=HzOxMe3b&scp=34249048853&origin=inward,adjacent-subtopic,,scopus,llm,0.960,unreviewed,,hash:1959e17c02922921
discarded,An environment for measuring and improving the quality of object-oriented software,C. Ebert,1999,Quality and Reliability Engineering International,10.1002/(SICI)1099-1638(199901/02)15:1<33::AID-QRE204>3.0.CO;2-Q,https://www.scopus.com/inward/record.uri?partnerID=HzOxMe3b&scp=0032637939&origin=inward,adjacent-subtopic,,scopus,llm,0.960,unreviewed,,doi:10.1002/(sici)1099-1638(199901/02)15:1<33::aid-qre204>3.0.co;2-q
discarded,Metrics for quality analysis and improvement of object-oriented software,C. Ebert,1997,Information and Software Technology,10.1016/S0950-5849(97)00005-0,https://www.scopus.com/inward/record.uri?partnerID=HzOxMe3b&scp=0031188881&origin=inward,adjacent-subtopic,,scopus,llm,0.960,unreviewed,,doi:10.1016/s0950-5849(97)00005-0
discarded,Expert systems and tools: myths and realities,W. Mettrey,1992,IEEE Expert,10.1109/64.120683,https://ieeexplore.ieee.org/document/120683/,adjacent-subtopic,The author examines and refutes seven common beliefs regarding expert systems tools. His arguments are based on several studies that used a variety of tools to build both real-world and synthetic systems. The misconceptions addressed add to the difficulty of selecting a tool to meet the requirements of a specific application.<>,ieee,llm,0.980,unreviewed,,doi:10.1109/64.120683
discarded,Software Change Proneness Prediction Using Machine Learning,Raja Abbas; Fawzi Abdulaziz Albalooshi; Mustafa Hammad,2020,"2020 International Conference on Innovation and Intelligence for Informatics, Computing and Technologies (3ICT)",10.1109/3ICT51146.2020.9311978,https://ieeexplore.ieee.org/document/9311978/,adjacent-subtopic,"Software change-proneness is one of the vital quality metrics that represents the extent of change of a class across versions of the system. This change may occur due to evolving requirements, bug fixing, or code refactoring. Consequently, change-proneness may have a negative impact on software evolution. For instance, modules that are change-prone tend to produce more defects and accumulate more technical debt. This research work applies different Machine Learning (ML) techniques on a large dataset from a wide commercial software system to investigate the relationships between object-oriented (OO) metrics and change-proneness, and determine which OO metrics are necessary to predict change-prone classes. Moreover, several state-of-the-art combining methods were evaluated that were constructed by combining several heterogeneous single and ensemble classifiers with voting, Select-Best, and staking scheme. The result of the study indicates a high prediction performance of many of the ensemble classifiers as well as the combining methods selected and proved that ML methods are very beneficial for predicting change-prone classes in software. The study also proved that software metrics are significant indicators of class change-proneness and should be monitored regularly during software development and maintenance.",ieee,llm,0.970,unreviewed,,doi:10.1109/3ict51146.2020.9311978
discarded,SciPy 1.0: fundamental algorithms for scientific computing in Python,Pauli Virtanen; Ralf Gommers; Travis E. Oliphant; Matt Haberland; Tyler Reddy; David Cournapeau; Evgeni Burovski; Pearu Peterson; Warren Weckesser; Jonathan Bright; Stéfan J. van der Walt; Matthew Brett; Joshua Wilson; K. Jarrod Millman; Nikolay Mayorov; Andrew R. J. Nelson; Eric Jones; Robert Kern; Eric Larson; C J Carey; İlhan Polat; Yu Feng; Eric W. Moore; Jake VanderPlas; Denis Laxalde; Josef Perktold; Robert Cimrman; Ian Henriksen; Eric Antonio Quintero; Charles R. Harris; Anne M. Archibald; Antônio H. Ribeiro; Fabian Pedregosa; Paul van Mulbregt; SciPy 1.0 Contributors; A. Vijaykumar; Alessandro Pietro Bardelli; Alex Rothberg; Andreas Hilboll; Andreas Kloeckner; Anthony Scopatz; Antony Lee; Ariel Rokem; C. Nathan Woods; Chad Fulton; Charles Masson; Christian Häggström; Clark Fitzgerald; David A. Nicholson; David R. Hagen; Dmitrii V. Ṗasechnik; Emanuele Olivetti; Eric Martin; Eric Wieser; Fabrice Silva; Felix Lenders; Florian Wilhelm; G. Young; Gavin A. Price; Gert‐Ludwig Ingold; Gregory E. Allen; Gregory R. Lee; Hervé Audren; Irvin Probst; Jörg P. Dietrich; Jacob Silterra; James T. Webber; Janko Slavič; Joel Nothman; Johannes Buchner; Johannes Kulick; Johannes L. Schönberger; José Vinícius de Miranda Cardoso; Joscha Reimer; Joseph Harrington; Juan Luis Cano Rodríguez; Juan Nunez-Iglesias; Justin Kuczynski; Kevin Tritz; Martin Thoma; Matthew Newville; Matthias Kümmerer; Maximilian Bolingbroke; Michael Tartre; Mikhail Pak; Nathaniel J. Smith; Nikolai Nowaczyk; Nikolay Shebanov; Oleksandr Pavlyk; Per A. Brodtkorb; Perry Lee; Robert T. McGibbon; Roman Feldbauer; Sam Lewis; Sam Tygier; Scott Sievert; Sebastiano Vigna; Stefan Peterson; Surhud More; Tadeusz Pudlik,2020,Nature Methods,10.1038/s41592-019-0686-2,https://openalex.org/W3003257820,adjacent-subtopic,"SciPy is an open-source scientific computing library for the Python programming language. Since its initial release in 2001, SciPy has become a de facto standard for leveraging scientific algorithms in Python, with over 600 unique code contributors, thousands of dependent packages, over 100,000 dependent repositories and millions of downloads per year. In this work, we provide an overview of the capabilities and development practices of SciPy 1.0 and highlight some recent technical developments.",openalex,llm,0.990,unreviewed,,doi:10.1038/s41592-019-0686-2
