status,title,authors,year,venue,doi,url,tags,abstract,provider,decision_source,llm_confidence,llm_review_outcome,llm_change_direction,paper_id
discarded,How Programming Languages and Paradigms Affect Performance and Energy in Multithreaded Applications,"Magalhaes, Guilherme G.; Sartor, Anderson L.; Lorenzon, Arthur F.; Navaux, Philippe O. A.; Schneider Beck, Antonio Carlos",2016,2016 VI BRAZILIAN SYMPOSIUM ON COMPUTING SYSTEMS ENGINEERING (SBESC 2016),10.1109/SBESC.2016.4,https://www.webofscience.com/wos/woscc/full-record/WOS:000404433900010,adjacent-subtopic,"Considering that multithreaded applications may be implemented using several programming languages and paradigms, in this work we show how they influence performance, energy consumption and energy-delay product (EDP). For that, we evaluate a subset of the NAS Parallel Benchmark, implemented in both procedural (C) and object-oriented programming languages (C++ and Java). We also investigate the overhead of Virtual Machines (VM) and the improvement that the Just-InTime (JIT) compiler may provide. We show that the procedural language has better scalability than object-oriented ones, i. e., the improvements in performance, EDP, and energy savings are better in C than in C++ and Java as the number of threads increases; and that C can be up to 76 times faster than Java, even with the JIT mechanism enabled. We also demonstrate that the Java JIT effectiveness may vary according to the benchmark (1.16 and 23.97 times in performance and 1.19 to 19.85 times in energy consumption compared to the VM without JIT); and when it reaches good optimization levels, it can be up to 23% faster, consuming 42% less energy, and having an EDP 58% lower than C++.",wos,llm,0.970,unreviewed,,doi:10.1109/sbesc.2016.4
discarded,CONSIDERATIONS ABOUT AN EFFECTIVE LEARNING OF THE OBJECT ORIENTED PARADIGM IN THE TRANSITION OF THE PROCEDURAL PARADIGM BY COMPUTER PROFESSIONALS,"Pinto, Rodrigo Vieira; Alcantara de Oliveira, Ivan Carlos",2017,9TH INTERNATIONAL CONFERENCE ON EDUCATION AND NEW LEARNING TECHNOLOGIES (EDULEARN17),,https://www.webofscience.com/wos/woscc/full-record/WOS:000491356000095,adjacent-subtopic,"The need for professionals who know the object-oriented paradigm (OO) is increasing in the area of software development. For beginners, knowledge can be acquired through graduation courses or even technical courses, and most studies seek to teach programmers at this stage of maturity. However, there are programmers who have accumulated experience in the procedural paradigm, which implies a transition from one paradigm to the other, with few studies that have them as a target audience.

For several factors, this transition can become a costly task and result in learning that does not utilize the characteristics and power of the OO paradigm. In this transition, the programmer can opt for a hybrid programming style (also called procedural-object-oriented), which, in addition to not bringing the benefits of OO, can bring the disadvantages of both paradigms.

In this sense, this article presents a review of the literature considering the period from 1953 to 2016 regarding this transition, involving aspects associated with effective learning of the object-oriented paradigm, as well as obtaining information about the difficulties of this learning and identifying possibilities that can improvement.

This research was rooted in several research bases and were carried out through keywords obtained from a conceptual map and guiding questions elaborated at the beginning of this research. Selected papers have been quantified, read and the most significant aspects are highlighted in this article.

Among the results, it was possible to observe that there are: a) the evolutionary and revolutionary approaches, when thinking about the learning and understanding during this transition, being the evolutionary approach favorable to the teaching of the object oriented paradigm as an evolution of the procedural paradigm, and the revolutionary approach advocating an object-oriented paradigm of teaching that has little or no relation to the procedural paradigm; b) factors that may hinder learning and generate misunderstandings, among them the proactive interference, which can occur when a leaner intends to learn some concept with little or no connection with concepts already known by he or she; And c) some indications of techniques for learning the object-oriented paradigm, such as the use of so-called big problems, which involve a significant amount of classes to be solved, otherwise learners return to the procedural paradigm in their programs.

Also, it was observed that for an effective learning, it is suggested first to teach the fundamentals of the object-oriented paradigm with the use of technological tools that show written objects graphically and, in parallel with this, to seek to break the proactive interference by the apprentice, and only work later with a purely object-oriented programming language. These graphical tools, as well as other materials available on the Internet, can be used as educational resources in the form of learning objects, guaranteeing their classification in appropriate repositories and facilitating their use by both the transition programmers and teachers, both of which can be used in the teaching of certain concepts and in the assembly of entire courses.",wos,llm,0.910,unreviewed,,hash:52a6234931a55853
discarded,Towards aspect-oriented functional-structural plant modelling,"Cieslak, Mikolaj; Seleznyova, Alla N.; Prusinkiewicz, Przemyslaw; Hanan, Jim",2011,ANNALS OF BOTANY,10.1093/aob/mcr121,https://www.webofscience.com/wos/woscc/full-record/WOS:000295885900005,adjacent-subtopic,"Background and Aims Functional-structural plant models (FSPMs) are used to integrate knowledge and test hypotheses of plant behaviour, and to aid in the development of decision support systems. A significant amount of effort is being put into providing a sound methodology for building them. Standard techniques, such as procedural or object-oriented programming, are not suited for clearly separating aspects of plant function that criss-cross between different components of plant structure, which makes it difficult to reuse and share their implementations. The aim of this paper is to present an aspect-oriented programming approach that helps to overcome this difficulty.

Methods The L-system-based plant modelling language L+C was used to develop an aspect-oriented approach to plant modelling based on multi-modules. Each element of the plant structure was represented by a sequence of L-system modules (rather than a single module), with each module representing an aspect of the element's function. Separate sets of productions were used for modelling each aspect, with context-sensitive rules facilitated by local lists of modules to consider/ignore. Aspect weaving or communication between aspects was made possible through the use of pseudo-L-systems, where the strict-predecessor of a production rule was specified as a multimodule.

Key Results The new approach was used to integrate previously modelled aspects of carbon dynamics, apical dominance and biomechanics with a model of a developing kiwifruit shoot. These aspects were specified independently and their implementation was based on source code provided by the original authors without major changes.

Conclusions This new aspect-oriented approach to plant modelling is well suited for studying complex phenomena in plant science, because it can be used to integrate separate models of individual aspects of plant development and function, both previously constructed and new, into clearly organized, comprehensive FSPMs. In a future work, this approach could be further extended into an aspect-oriented programming language for FSPMs.",wos,llm,0.940,unreviewed,,doi:10.1093/aob/mcr121
discarded,The Seven Ages of Fortran,"Metcalf, Michael",2011,JOURNAL OF COMPUTER SCIENCE & TECHNOLOGY,,https://www.webofscience.com/wos/woscc/full-record/WOS:000421713400001,adjacent-subtopic,"When IBM's John Backus first developed the Fortran programming language, back in 1957, he certainly never dreamt that it would become a world- wide success and still be going strong many years later. Given the oft-repeated predictions of its imminent demise, starting around 1968, it is a surprise, even to some of its most devoted users, that this much-maligned language is not only still with us, but is being further developed for the demanding applications of the future. What has made this programming language succeed where most slip into oblivion?

One reason is certainly that the language has been regularly standardized. In this paper we will trace the evolution of the language from its first version and though six cycles of formal revision, and speculate on how this might continue.

Now, modern Fortran is a procedural, imperative, compiled language with a syntax well suited to a direct representation of mathematical formulas. Individual procedures may be compiled separately or grouped into modules, either way allowing the convenient construction of very large programs and procedure libraries. Procedures communicate via global data areas or by argument association. The language now contains features for array processing, abstract data types, dynamic data structures, object-oriented programming and parallel processing.",wos,llm,0.970,unreviewed,,hash:ed495a6c4c57ac69
discarded,Development and application of the generic Plant growth Modeling Framework (PMF),"Multsch, S.; Kraft, P.; Frede, H. -G.; Breuer, L.",2011,19TH INTERNATIONAL CONGRESS ON MODELLING AND SIMULATION (MODSIM2011),,https://www.webofscience.com/wos/woscc/full-record/WOS:000314989301003,adjacent-subtopic,"The use of crop models as part of scientific research models or economic farm tools leads to a wide range of applications. On the one hand they need to be simple; on the other hand they should be complex enough to simulate a variety of growth mechanisms. The development of entirely new models for different questions requires a lot of coding and work such as changes in the model structure, the inclusion of alternative process descriptions or the implementation of additional functionality. Often, added model components do not really fit to the model philosophy of the originally developed base model.

We therefore developed a flexible (modular, generic and mixed procedural object oriented) and integrative (replaceable, expandable, independent and interactive) software tool for the setup of adapted crop models. The Plant growth Modeling Framework (PMF) is based on the Unified Modeling Language and implemented in Python, a high level object-oriented programming language. PMF provides the code flexibility to rapidly exchange and compare different process mechanisms. An interface facilitates a straightforward coupling with other models.

Two virtual case studies are presented to show the general functionality of PMF. In the first application PMF is coupled with a simple but widely used water balance model presented in the Food and Agricultural Organization FAO56 crop water guidelines. In contrast, the second case study focuses on the coupling of PMF with a complex Richard's equation based water balance model type created using the recently developed Catchment Modeling Framework (CMF). CMF follows the same philosophy as PMF, being flexible and integrative at the same time. In both case studies we show the tight connection between the water balance models and PMF and highlight the framework's ability to function as a model integrator while still being independent from the coupled models. This independency allows, for example, a further development of the different models (here the plant growth and the hydrological model components) by different research communities, which is often required in today's cross-disciplinary research consortia. Further, the modular and generic structure of PMF enables the use of process modules, which fit the level of complexity of the water balance models.

Besides aspects of architectural software development, PMF is equipped with an innovative interactive root growth mechanism. Root growth and branching is linked to soil depth dependent environmental conditions such as nitrogen supply or soil moisture. This reflects allows modelers to reflect the high interactivity of root (and plant) growth with soil environmental conditions. Thus, root elongation and root biomass allocation in PMF directly respond to changes of resource availability along the soil profile. This behavior is in close agreement with reality as plants grow where water, nutrients or other resources are available. We conclude that such a dynamic reaction on changes in resource availability improves the overall model credibility.",wos,llm,0.940,unreviewed,,hash:ecb05c660a70c80f
discarded,Exploiting Object-Oriented Abstractions to parallelize Sparse Linear Algebra Codes,"Terboven, Christian; Mey, Dieter An; Kapinos, Paul; Schleiden, Christopher; Merkulow, Igor",2010,PARALLEL COMPUTING: FROM MULTICORES AND GPU'S TO PETASCALE,10.3233/978-1-60750-530-3-249,https://www.webofscience.com/wos/woscc/full-record/WOS:000393292700028,adjacent-subtopic,"Object-oriented (OO) programming conquered mainstream in the 1990s but the procedural programming languages Fortran and C are still dominating in the High-Performance-Computing (HPC) community. However in recent years, compute kernels or even whole applications have been migrated from C to object-oriented C++ and Fortran has been retrofitted with OO capabilities as well. In this work we illustrate how OO abstractions can be used to introduce Shared-Memory parallelization into existing applications by using the concepts of encapsulation and modularity. For the important domain of sparse linear algebra routines, we discuss several parallel implementation strategies and data type design considerations. We aim to maximize performance and scalability while hiding the implementation details as much as possible.",wos,llm,0.910,unreviewed,,doi:10.3233/978-1-60750-530-3-249
discarded,CLUSTERING BASED REENGINEERING OF PROCEDURAL SYSTEMS TO OBJECT-ORIENTED ARCHITECTURES,"Czibula, Istvan Gergely",2009,KEPT 2009: KNOWLEDGE ENGINEERING PRINCIPLES AND TECHNIQUES,,https://www.webofscience.com/wos/woscc/full-record/WOS:000282785400026,adjacent-subtopic,"It is well known that object-oriented programming has mechanisms for constructing highly flexible, adaptable, and extensible systems. Legacy software systems evolution often requires their reengineering to object oriented systems. In this paper we are focusing on the problem of automating the transformation of procedural software systems into object-oriented systems. For this purpose we propose a clustering approach and we develop a partitional clustering algorithm that can be used for assisting software developers in the process of migrating procedural code into object-oriented code. A simple example showing how our approach works is also provided.",wos,llm,0.950,unreviewed,,hash:0f07d91eff488366
discarded,"Reverse engineering of aspect oriented systems to support their comprehension, evolution, testing and assessment","Bernardi, Mario L.",2008,CSMR 2008: 12TH EUROPEAN CONFERENCE ON SOFTWARE MAINTENANCE AND REENGINEERING,,https://www.webofscience.com/wos/woscc/full-record/WOS:000255507300034,adjacent-subtopic,"Aspect Oriented Programming (AOP) supports the cross-cutting of concerns by means of aspects. The comprehension, maintenance and testing of AO systems may be more difficult than traditional ones, due to the large impact that aspects have on the static structure and dynamic behavior of the overall system.

This thesis proposes the following main contributions to address these open issues: (i) an inter-procedural aspect control flow graph (IACFG) representing the interactions among the aspects and the Object Oriented (OO) components of an AO system; (ii) an approach to perform structural testing of aspect oriented programs based on a fault model specific to aspect oriented programs and on a set of coverage criteria referring IACFG; (iii) a metric model and a source code analysis algorithm in order to identify aspects with high level of impact and complexity in AOP systems.

Several experiments were conducted in order to evaluate effectiveness of the proposed approaches.",wos,llm,0.960,unreviewed,,hash:24e022bfbf09da61
discarded,Change Impact Analysis for AspectJ Programs,"Zhang, Sai; Gu, Zhongxian; Lin, Yu; Zhao, Jianjun",2008,2008 IEEE INTERNATIONAL CONFERENCE ON SOFTWARE MAINTENANCE,,https://www.webofscience.com/wos/woscc/full-record/WOS:000264055800010,adjacent-subtopic,"Change impact analysis is a useful technique for software evolution. It determines the effects of a source editing session and provides valuable feedbacks to the programmers for making correct decisions. Recently, many techniques have been proposed to support change impact analysis of procedural or object-oriented software, but seldom effort has been made for aspect-oriented software. In this paper we propose a new change impact analysis technique for AspectJ programs. At the core of our approach is the atomic change representation which captures the semantic differences between two versions of an AspectJ program. We also present an impact analysis model, based on AspectJ call graph construction, to determine the affected program fragments, affected tests and their responsible changes. The proposed techniques have been implemented in Celadon, a change impact analysis framework for AspectJ programs. We performed an empirical evaluation on 24 versions of eight AspectJ benchmarks. The result shows that our proposed technique can effectively perform change impact analysis and provide valuable information in AspectJ software evolution.",wos,llm,0.970,unreviewed,,hash:f8ea4a9d2aad8127
discarded,"An Efficient, Parametric Fixpoint Algorithm for Analysis of Java Bytecode","Mendez, Mario; Navas, Jorge; Hermenegildo, Manuel V.",2007,ELECTRONIC NOTES IN THEORETICAL COMPUTER SCIENCE,10.1016/j.entcs.2007.02.060,https://www.webofscience.com/wos/woscc/full-record/WOS:000214246700005,adjacent-subtopic,"interpretation has been widely used for the analysis of object-oriented languages and, in particular, Java source and bytecode. However, while most existing work deals with the problem of finding expressive abstract domains that track accurately the characteristics of a particular concrete property, the underlying fixpoint algorithms have received comparatively less attention. In fact, many existing (abstract interpretation based-) fixpoint algorithms rely on relatively inefficient techniques for solving inter-procedural call graphs or are specific and tied to particular analyses. We also argue that the design of an efficient fixpoint algorithm is pivotal to supporting the analysis of large programs. In this paper we introduce a novel algorithm for analysis of Java bytecode which includes a number of optimizations in order to reduce the number of iterations. The algorithm is parametric - in the sense that it is independent of the abstract domain used and it can be applied to different domains as ""plug-ins""-, multivariant, and flow-sensitive. Also, is based on a program transformation, prior to the analysis, that results in a highly uniform representation of all the features in the language and therefore simplifies analysis. Detailed descriptions of decompilation solutions are given and discussed with an example. We also provide some performance data from a preliminary implementation of the analysis.",wos,llm,0.980,unreviewed,,doi:10.1016/j.entcs.2007.02.060
discarded,The application of product measures in directing software maintenance activity,"Ware, M. P.; Wilkie, F. G.; Shapcott, M.",2007,JOURNAL OF SOFTWARE MAINTENANCE AND EVOLUTION-RESEARCH AND PRACTICE,10.1002/smr.345,https://www.webofscience.com/wos/woscc/full-record/WOS:000246381100002,adjacent-subtopic,"This paper is concerned with enhancing aspects of project-management techniques in relation to maintenance in commercial object-oriented software. Maintenance forms a significant proportion of the lifecycle of a product and consequently its costs. Techniques such as lean production attempt to reduce cost by focusing team effort and to pre-empt issues by the use of early detection and resolution strategies. This study involves a commercial application written in C++ and its evolution over a one-year period. Software product measures are used in conjunction with Pareto analysis to determine effective predictive class targeting in a release cycle. We assess the capability of the measures and consider how the results can be used by the project team. The study extends the work of others in this field in three ways. First, other studies have analysed procedural code, whereas we use an object-oriented code base. Second, most studies assess the predictive capability of measures against the number of software issues; we examine these factors, but uniquely test for change density using density modified measures and we also test for revision volume. Finally, we examine the implications of these results and offer a cohesive framework of recommendations placed within the lean management philosophy. Copyright (c) 2007 John Wiley & Sons, Ltd.",wos,llm,0.900,unreviewed,,doi:10.1002/smr.345
