status,title,authors,year,venue,doi,url,tags,abstract,provider,decision_source,llm_confidence,llm_review_outcome,llm_change_direction,paper_id
discarded,Slicing web application based on hyper graph,"Wu, JH; Xu, BW; Jiang, JX",2004,"2004 INTERNATIONAL CONFERENCE ON CYBERWORLDS, PROCEEDINGS",,https://www.webofscience.com/wos/woscc/full-record/WOS:000225591700024,adjacent-subtopic,"Program slicing is an available method that is widely used in program understanding, analyzing, debugging, testing, maintaining. There are many solutions for slicing procedural program and object-oriented program. But traditional slicing method usually based on PDG and SDG that is not suitable to a web application because of web's special characteristics This paper suggests a kind of slicing method that use hyper graph to define dependency of elements named PDSG (program dependence hyper graph). PDSG can describe dependence of the web elements better than PDG. This method also makes the slicing algorithm simpler and the slice captured is integrated in semantics.",wos,llm,0.970,unreviewed,,hash:e19a95ef8e9b9aff
discarded,Is there any difference in novice comprehension of a small program written in the event-driven and object-oriented styles?,"Khazaei, B; Jackson, M",2002,"IEEE 2002 SYMPOSIA ON HUMAN CENTRIC COMPUTING LANGUAGES AND ENVIRONMENTS, PROCEEDINGS",,https://www.webofscience.com/wos/woscc/full-record/WOS:000178108400003,adjacent-subtopic,"We report on the conduct and the results of an experiment that investigates the program comprehension differences between event-driven and object-oriented programming styles.

A group of novice programmers were asked to comprehend two isomorphic programs and answered a series of five questions on each of the programs. Each question was to address one of five knowledge categories that together formed a complete mental representation of the two programs. Subjects performed badly on recalling the elementary operations knowledge in both styles. They performed very well in the data flow, control flow, function and state knowledge categories for both styles. Subjects were not significantly better in the last four categories indicating that the comprehension of event-driven and object oriented styles have a lot in common. A comparison of these results with the results of earlier studies, which compared procedural and object-oriented styles, indicates that procedural style is furthest away amongst the three styles. The results are discussed in terms of relevance to the theory of program comprehension.",wos,llm_reviewed,0.780,confirmed,,hash:625efb89f6b87676
discarded,The model multiplicity problem: Experimenting with real-time specification methods,"Peleg, M; Dori, D",2000,IEEE TRANSACTIONS ON SOFTWARE ENGINEERING,,https://www.webofscience.com/wos/woscc/full-record/WOS:000089282300007,adjacent-subtopic,"The Object-Process Methodology (OPM) specifies both graphically and textually the system's static-structural and behavioral-procedural aspects through a single unifying model. This model singularity is contrasted with the multimodel approach applied by existing object-oriented system analysis methods. These methods usually employ at least three distinct models for specifying various system aspects-mainly structure, function, and behavior. Object Modeling Technique (OMT), the main ancestor of the Unified Modeling Language (UML), extended with Timed Statecharts, represents a family of such multimodel object-oriented methods. Two major open questions related to model multiplicity vs. model singularity have been 1) whether or not a single model, rather than a combination of several models, enables the synthesis of a better system specification and 2) which of the two alternative approaches yields a specification that is easier to comprehend. In this study, we address these questions through a double-blind controlled experiment. To obtain conclusive results, real-time systems, which exhibit a more complex dynamic behavior than nonreal-time systems were selected as the focus of the experiment. We establish empirically that a single model methodology-OPM-is more effective than a multimodel one-OMT-in terms of synthesis. We pinpoint specific issues in which significant differences between the two methodologies were found. The specification comprehension results show that there were significant differences between the two methods in specific issues.",wos,llm,0.840,unreviewed,,hash:0ca16a19e0f1e6ef
discarded,GDKAT: a goal-driven knowledge acquisition tool for knowledge base development,"Wu, CH; Kao, SC; Srihari, K",2000,EXPERT SYSTEMS,,https://www.webofscience.com/wos/woscc/full-record/WOS:000089315300003,adjacent-subtopic,"While knowledge-based systems are being used extensively to assist in making decisions, a critical factor that affects their performance and reliability is the quantity and quality of the knowledge bases. Knowledge acquisition requires the design and development of an in-depth comprehension of knowledge modeling and of applicable domain. Many knowledge acquisition tools have been developed to support knowledge base development. However, a weakness that is revealed in these tools is the domain-dependent and complex acquisition process. Domain dependence limits the applicable areas and the complex acquisition process makes the tool difficult to use. In this paper, we present a goal-driven knowledge acquisition tool (GDKAT) that helps elicit and store experts' declarative and procedural knowledge in knowledge bases for a user-defined domain. The designed tool is implemented using the object-oriented design methodology under C++ Windows environment. An example that is used to demonstrate the GDKAT is also delineated. While the application domain for the example presented is reflow soldering in surface mount printed circuit board assembly, the GDKAT can be used to develop knowledge bases for other domains also.",wos,llm,0.980,unreviewed,,hash:b38f73e56d106fba
kept,Direction and scope of comprehension-related activities by procedural and object-oriented programmers: An empirical study,"Corritore, CL; Wiedenbeck, S",2000,"8TH INTERNATIONAL WORKSHOP ON PROGRAM COMPREHENSION (IWPC 2000), PROCEEDINGS",,https://www.webofscience.com/wos/woscc/full-record/WOS:000089734400016,qualifies-claim,"This study examines the direction and scape of comprehension-related activities of professional programmers carrying out several comprehension and maintenance activities over time. Procedural and abject-oriented (OO) programmers studied a program and subsequently performed modifications during two sessions. Results showed that the OO programmers tended to use a strongly top-down approach to program understanding during an early phase of study of the program but increasingly used a bottom-up approach during the maintenance tasks. The procedural programmers used a more bottom-up orientation throughout all activities. The scape of the activities was greater for the procedural than for the OO programmers. However, regardless of paradigm, the programmers over time built a broad, rather than a localized, view of the program.",wos,llm,0.930,unreviewed,,hash:e46c73c80f8cdc03
kept,Novice comprehension of small programs written in the procedural and object-oriented styles,"Wiedenbeck, S; Ramalingam, V",1999,INTERNATIONAL JOURNAL OF HUMAN-COMPUTER STUDIES,,https://www.webofscience.com/wos/woscc/full-record/WOS:000081532900004,qualifies-claim; mot,"This research studied the comprehension of small procedural and object-oriented programs by novice programmers. The objective was to find out what kinds of information novice programmers extract from small programs and to infer from this the mental representation formed during program comprehension. In particular, the question was whether novices' mental representations focus more on domain-level or program-level knowledge and whether the mental representation of abject-oriented program differ from procedural programs. The experiment indicated that novices tend to develop a mental representation of small object-oriented programs strong in function-related knowledge, but weaker in data flow and program-related knowledge. By contrast, novices' mental representations of small procedural programs were stronger in program-related knowledge. The results are discussed in terms of theories of program comprehension and programming pedagogy. (C) 1999 Academic Press.",wos,llm_reviewed,0.980,confirmed,,hash:7a092b8cde4dc7a3
discarded,The effect of object-oriented programming expertise in several dimensions of comprehension strategies,"Burkhardt, JM; Detienne, F; Wiedenbeck, S",1998,6TH INTERNATIONAL WORKSHOP ON PROGRAM COMPREHENSION (IWPC 98) - PROCEEDINGS,,https://www.webofscience.com/wos/woscc/full-record/WOS:000074750200010,adjacent-subtopic,"This study analyzes object-oriented (OO) program comprehension by experts and novices. We examine the effect of expertise in three dimensions of comprehension strategies: the scope of the comprehension, the top-down versus bottom-up direction of the processes, and the guidance of the comprehension activity. Overall, subjects were similar in the scope of their comprehension, although the experts tended to consult more fries. We found strong evidence of top-down, inference-driven behaviors, as well as multiple guidance in expert comprehension. We also found evidence of execution-based guidance and less use of top-down processes in novice comprehension. Guidance by inheritance and composition relationships in the OO program was not dominant, but nevertheless played a substantial role in expert program comprehension. However, these static relationships more closely tied to the OO nature of the program were exploited poorly by novices.

To conclude, these results are discussed with respect to the literature on procedural program comprehension.",wos,llm,0.960,unreviewed,,hash:50324a5e431b3332
discarded,Enhancing universal access to programming education: paradigm‑aligned transition from block‑based to text‑based languages,M. Mladenović,2026,Universal Access in the Information Society,10.1007/s10209-025-01271-x,https://www.scopus.com/inward/record.uri?partnerID=HzOxMe3b&scp=105027632104&origin=inward,adjacent-subtopic,,scopus,llm,0.910,unreviewed,,doi:10.1007/s10209-025-01271-x
discarded,Optimizing Large Language Models for Auto-Generation of Programming Quizzes,Y. Kumar,2024,2024 IEEE Integrated Stem Education Conference Isec 2024,10.1109/ISEC61299.2024.10665141,https://www.scopus.com/inward/record.uri?partnerID=HzOxMe3b&scp=85205549035&origin=inward,adjacent-subtopic,,scopus,llm,0.990,unreviewed,,doi:10.1109/isec61299.2024.10665141
discarded,Using Markov Transition Matrix to Analyze Parsons Puzzle Solutions,A.N. Kumar,2021,Ceur Workshop Proceedings,,https://www.scopus.com/inward/record.uri?partnerID=HzOxMe3b&scp=85122878983&origin=inward,adjacent-subtopic,,scopus,llm,0.990,unreviewed,,hash:3930b89e19f1ac58
discarded,Data interface + algorithms = Efficient programs: Separating logic from representation to improve performance,M. De Wael,2014,Proceedings of the 9th International Workshop on Implementation Compilation Optimization of Object Oriented Languages Programs and Systems Ple Icooolps 2014,10.1145/2633301.2633303,https://www.scopus.com/inward/record.uri?partnerID=HzOxMe3b&scp=84905906655&origin=inward,adjacent-subtopic,,scopus,llm,0.770,unreviewed,,doi:10.1145/2633301.2633303
discarded,A case for python scripting in undergraduate engineering technology,J.P. Agrawal,2013,ASEE Annual Conference and Exposition Conference Proceedings,,https://www.scopus.com/inward/record.uri?partnerID=HzOxMe3b&scp=84884344022&origin=inward,adjacent-subtopic,,scopus,llm,0.950,unreviewed,,hash:268b4256bccfc776
discarded,Empirical evaluation of diagrams of the run-time structure for coding tasks,N. Ammar,2012,Proceedings Working Conference on Reverse Engineering Wcre,10.1109/WCRE.2012.46,https://www.scopus.com/inward/record.uri?partnerID=HzOxMe3b&scp=84872284077&origin=inward,adjacent-subtopic,,scopus,llm,0.910,unreviewed,,doi:10.1109/wcre.2012.46
discarded,A bottom-up approach to understand functional programs,G. Villavicencio,2011,ACM International Conference Proceeding Series,10.1145/1992896.1992910,https://www.scopus.com/inward/record.uri?partnerID=HzOxMe3b&scp=79959822674&origin=inward,adjacent-subtopic,,scopus,llm,0.960,unreviewed,,doi:10.1145/1992896.1992910
discarded,The IACFG-tool to generate the Inter procedural Aspect Control Flow Graph,M. Bernardi,2011,Proceedings of the 10th IASTED International Conference on Software Engineering Se 2011,10.2316/P.2011.720-067,https://www.scopus.com/inward/record.uri?partnerID=HzOxMe3b&scp=79958168618&origin=inward,adjacent-subtopic,,scopus,llm,0.980,unreviewed,,doi:10.2316/p.2011.720-067
discarded,Identification of behavioural and creational design motifs through dynamic analysis,J.K.Y. Ng,2010,Journal of Software Maintenance and Evolution,10.1002/smr.421,https://www.scopus.com/inward/record.uri?partnerID=HzOxMe3b&scp=78649877790&origin=inward,adjacent-subtopic,,scopus,llm,0.970,unreviewed,,doi:10.1002/smr.421
discarded,Understanding students' performance in programming assessment questions,I. Govender,2007,Iticse 2007 12th Annual Conference on Innovation and Technology in Computer Science Education Inclusive Education in Computer Science,10.1145/1268784.1268893,https://www.scopus.com/inward/record.uri?partnerID=HzOxMe3b&scp=34548088077&origin=inward,adjacent-subtopic,,scopus,llm,0.880,unreviewed,,doi:10.1145/1268784.1268893
discarded,Control and data flow structural testing criteria for aspect-oriented programs,O.A.L. Lemos,2007,Journal of Systems and Software,10.1016/j.jss.2006.08.022,https://www.scopus.com/inward/record.uri?partnerID=HzOxMe3b&scp=33947372969&origin=inward,adjacent-subtopic,,scopus,llm,0.980,unreviewed,,doi:10.1016/j.jss.2006.08.022
discarded,Roles of variables in three programming paradigms,J. Sajaniemi,2006,Computer Science Education,10.1080/08993400600874584,https://www.scopus.com/inward/record.uri?partnerID=HzOxMe3b&scp=85066172356&origin=inward,adjacent-subtopic,,scopus,llm,0.780,unreviewed,,doi:10.1080/08993400600874584
discarded,Software visualization techniques for real-time imaging applications,R. Sangwan,2005,Proceedings of SPIE the International Society for Optical Engineering,10.1117/12.592747,https://www.scopus.com/inward/record.uri?partnerID=HzOxMe3b&scp=21944443994&origin=inward,adjacent-subtopic,,scopus,llm,0.810,unreviewed,,doi:10.1117/12.592747
discarded,Roles of variables in object-oriented programming,P. Byckling,2005,Proceedings of the Conference on Object Oriented Programming Systems Languages and Applications OOPSLA,10.1145/1094855.1094972,https://www.scopus.com/inward/record.uri?partnerID=HzOxMe3b&scp=85115111391&origin=inward,adjacent-subtopic,,scopus,llm,0.930,unreviewed,,doi:10.1145/1094855.1094972
discarded,Slicing web application based on hyper graph,J. Wu,2004,Proceedings 2004 International Conference on Cyberworlds Cw 2004,10.1021/ja037519q,https://www.scopus.com/inward/record.uri?partnerID=HzOxMe3b&scp=19544384891&origin=inward,adjacent-subtopic,,scopus,llm,0.970,unreviewed,,doi:10.1021/ja037519q
discarded,SQL statement template: A development approach for database-driven applications,O. Khaled,2004,Proceedings of the 2004 IEEE International Conference on Information Reuse and Integration Iri 2004,,https://www.scopus.com/inward/record.uri?partnerID=HzOxMe3b&scp=16244381780&origin=inward,adjacent-subtopic,,scopus,llm,0.950,unreviewed,,hash:d129f4248429898d
discarded,"Proceedings - 7th International Workshop on Principles of Software Evolution, IWPSE 2004 (In Conjunction with RE 2004)",,2004,International Workshop on Principles of Software Evolution IWPSE,,https://www.scopus.com/inward/record.uri?partnerID=HzOxMe3b&scp=11244275023&origin=inward,adjacent-subtopic,,scopus,llm,0.980,unreviewed,,hash:ee7fec65212ad34d
discarded,Learning and teaching programming: A review and discussion,A. Robins,2003,International Journal of Phytoremediation,10.1076/csed.13.2.137.14200,https://www.scopus.com/inward/record.uri?partnerID=HzOxMe3b&scp=85066219162&origin=inward,adjacent-subtopic,,scopus,llm,0.870,unreviewed,,doi:10.1076/csed.13.2.137.14200
discarded,"Eliminating redundancies with a ""composition with adaptation"" meta-programming technique",S. Jarzabek,2003,Proceedings of the ACM SIGSOFT Symposium on the Foundations of Software Engineering,10.1145/940071.940104,https://www.scopus.com/inward/record.uri?partnerID=HzOxMe3b&scp=77954517211&origin=inward,adjacent-subtopic,,scopus,llm,0.940,unreviewed,,doi:10.1145/940071.940104
discarded,A documentation-related approach to object-oriented program understanding,L.H. Etzkorn; C.G. Davis,1994,Proceedings 1994 IEEE 3rd Workshop on Program Comprehension- WPC '94,10.1109/WPC.1994.341247,https://ieeexplore.ieee.org/document/341247/,qualifies-claim; adjacent-subtopic,"Object-oriented code is considered to be inherently more reusable than functional decomposition code; however, object-oriented code can suffer from a program understanding standpoint since good object-oriented style seems to require a large number of small methods. Hence code for a particular task may be scattered widely. Thus good semantics based tools are necessary. This paper describes an approach to object-oriented code understanding that focuses largely on informal linguistic aspects of code, such as comments and identifiers.<>",ieee,llm_reviewed,0.800,changed,kept->discarded,doi:10.1109/wpc.1994.341247
discarded,Separation of concerns for Multithreads Object-Oriented Programming,Paniti Netinant,2009,"2009 6th International Conference on Electrical Engineering/Electronics, Computer, Telecommunications and Information Technology",10.1109/ECTICON.2009.5137148,https://ieeexplore.ieee.org/document/5137148/,adjacent-subtopic,"Multithreaded Object-Oriented Programming in concurrency environment using object-oriented technology is a complex activity. Programmers need to be aware of issues unrelated to their domain of problem, and are often unprepared for the challenges of the concurrent object-oriented programming brings. The interaction of their components becomes more complex, and makes it difficult to validate the design and correctness of the implemented program. Supporting separation of concerns in the design and implementation of the multithreaded object-oriented programming can provide a number of benefits such as comprehension, reusability, extensibility and adaptability in both design and implementation. We have tackled this problem by adopting the technique of separation of concerns in multithreaded object-oriented programming. In this paper we demonstrate an aspect-oriented approach that can be used for multithreaded object-oriented programming. We also show how better the separation of concerns in components. Readers/Writers problem is demonstrated using an aspect-oriented approach. Our methodology, which is based on aspect-oriented techniques as well as language and architecture independence, is an aspect-oriented framework.",ieee,llm,0.950,unreviewed,,doi:10.1109/ecticon.2009.5137148
discarded,Exploring software complexity metric from procedure oriented to object oriented,Dipti Pawade; Devansh J. Dave; Aniruddha Kamath,2016,2016 6th International Conference - Cloud System and Big Data Engineering (Confluence),10.1109/CONFLUENCE.2016.7508195,https://ieeexplore.ieee.org/document/7508195/,adjacent-subtopic,"Software metrics are developed and used by various software organizations for evaluating and assuring software code quality, operation and continuance. We differentiate software complexity metrics in accordance with the procedural and object oriented approach of programming languages. Software developers and maintainers need to read and understand source programs. The increase in size and complexity of software affects several quality attributes, especially understandability and maintability. In this paper we discuss various procedural and object oriented software metrics. We tried to calculate complexity of sample code by using different procedural metrics. The propose this simulation is to show that complexity for same code differs from metric to metric. The effectiveness of any metric is different for procedural and object oriented approach. So we proposed a hybrid approach to get accurate complexity value.",ieee,llm,0.820,unreviewed,,doi:10.1109/confluence.2016.7508195
discarded,Aspect Mining in Procedural Object Oriented Code,Muhammad Usman Bhatti; Stéphane Ducasse; Awais Rashid,2008,2008 16th IEEE International Conference on Program Comprehension,10.1109/ICPC.2008.45,https://ieeexplore.ieee.org/document/4556136/,adjacent-subtopic,"Although object-oriented programming promotes reusable and well factored entity decomposition, industrial software often shows traces of lack of object-oriented design and procedural thinking. This results in domain entity scattered and tangled code. This is often true in data intensive applications. Aspect mining techniques search for various patterns of scattered and tangled code pertaining to crosscutting concerns. However, in the presence of non-abstracted domain logic, the crosscutting concerns identified are inaccurately related to aspects since lack of 00 abstraction introduces false positives. This paper identifies the difficulty of identifying crosscutting concerns in systems lacking elementary object-oriented structure. It presents an approach classifying various crosscutting concerns. We report our experience on an industrial software system.",ieee,llm,0.840,unreviewed,,doi:10.1109/icpc.2008.45
