status,title,authors,year,venue,doi,url,tags,abstract,provider,decision_source,llm_confidence,llm_review_outcome,llm_change_direction,paper_id
discarded,An Analysis of Case Study on Application of Backpropagation Network Using Procedural & Object-Oriented Approach,Alankrita Aggarwal; Pardeep Singh; Sonali Gupta,2024,2024 International Conference on Emerging Innovations and Advanced Computing (INNOCOMP),10.1109/INNOCOMP63224.2024.00092,https://ieeexplore.ieee.org/document/10664109/,adjacent-subtopic,"The backpropagation (BPN) algorithm is used in artificial neural networks (ANN) for training the networks that uses unsupervised learning and it is performed in two consecutive phases for the training. In the first phase, a pattern is provided as input of network and in response to that activities are performed layers-to-layers on inner layers till a response pattern is generated at the output layer. The second phase basically compares the response pattern generated with the input pattern provided and finds the mismatch that occurred. These mismatches for the target values define the error values and are backpropagated to the input layer as feedback. On the basis of this feedback, the weights for inner layers are adjusted again and again in a loop of backpropagation, such that the final error can be minimized. This work has compared and contrasted the recent behavior between training neural networks using the backpropagation algorithm using a structured & object-oriented approach.",ieee,llm,0.680,unreviewed,,doi:10.1109/innocomp63224.2024.00092
discarded,Binding object models to source code: an approach to object-oriented re-architecting,J. Weidl; H. Gall,1998,Proceedings. The Twenty-Second Annual International Computer Software and Applications Conference (Compsac '98) (Cat. No.98CB 36241),10.1109/CMPSAC.1998.716632,https://ieeexplore.ieee.org/document/716632/,adjacent-subtopic,Object-oriented re-architecting (OORA) concerns identification of objects in procedural code with the goal to transform a procedural into an object-oriented program. We have developed a method to address the problem of object identification from two different directions: 1) building an object model of the application based on system documentation to ensure the creation of application-semantic classes; and 2) analyzing the source code to identify potential class candidates on the basis of compound data types and data flow analysis. Object model classes are bound to class candidates to prepare a forward biased and thus semantically meaningful program transformation at the source code level. In this paper; we define a similarity measure for classes to enables the binding process. We also describe the constraints and benefits of human intervention in this process. We have applied this method to a real-world embedded software system to identify potential classes; results from the case study are given in the paper.,ieee,llm,0.910,unreviewed,,doi:10.1109/cmpsac.1998.716632
kept,The impact of experience on individual performance and workload differences using object-oriented and process-oriented systems analysis techniques,M.G. Morris; C. Speier; J.A. Hoffer,1996,Proceedings of HICSS-29: 29th Hawaii International Conference on System Sciences,10.1109/HICSS.1996.495404,https://ieeexplore.ieee.org/document/495404/,qualifies-claim,"Interest in object oriented analysis (OOA) and object oriented design (OOD) has increased over the last several years. Proponents of OOA and OOD have called the shift to these methods ""revolutionary"" and have cited a number of impressive claims with respect to their use. However, empirical research investigating these claims remains in its infancy. This research study was conducted to test theoretical hypotheses designed to better understand the findings of previous research. The paper presents the results of an empirical study which examined both experienced and novice systems analysts using both procedural and object oriented techniques. This research examined whether experience in using procedural methods helped or hindered performance using OOA and compared procedural and OOA methods on the subjective mental workload induced. A cognitive processing model adapted from DeSanctis (1984) and Huchins, Hollan, and Norman (1985) provided the theoretical framework for this study. Dependent variables include subjective mental workload time to perform task, and attitudinal measures. While some of these dependent variables have been used in past research, we believe this is the first time that subjective mental workload (SMW) has been examined in an IS context. Our results indicate that both novice and experienced subjects demonstrate higher SMW when using OOA. However as a group, novices prefer object oriented techniques and find these techniques easier as compared to experienced subjects.",ieee,llm,0.940,unreviewed,,doi:10.1109/hicss.1996.495404
discarded,Object-like software design methods for intelligent real-time process control,D.T. Wright; D.J. Williams,1993,Proceedings of 8th IEEE International Symposium on Intelligent Control,10.1109/ISIC.1993.397642,https://ieeexplore.ieee.org/document/397642/,qualifies-claim; adjacent-subtopic,"Five software design methodologies are compared with respect to suitability for the design and implementation of an object-oriented process control system for the pultrusion process. Methodologies compared include: structured systems analysis and design (SSAD) with real time extensions, structured analysis and design technique (SADT), Jackson system development (JSD), object oriented design (OOD), and object modeling technique (OMT). The author attempt to ascertain which methodology is most productive for the design and implementation of the control system defined in their case study. The concepts that a ""methods viewpoint will influence modeling"", and of ""diagramming as a language essential for clear thinking and human communication"" are analyzed within the context of the same case study.<>",ieee,llm_reviewed,0.720,changed,kept->discarded,doi:10.1109/isic.1993.397642
discarded,Experiments in robot learning,E. Grant; C. Feng,1989,Proceedings. IEEE International Symposium on Intelligent Control 1989,10.1109/ISIC.1989.238642,https://ieeexplore.ieee.org/document/238642/,off-topic-false-hit,"The authors attempt to bridge the planning gap problem that exists between the AI (artificial intelligence) and robotics communities. the objective was determining how procedural and parameter knowledge could be represented and used in task planning. Because AI planners lack the ability to deal with kinematic and kinetic information of a world model, and robot planners possess poor reasoning ability, an advanced robotics research environment was considered the appropriate demonstrator. Experiments were conducted on two generic operations that are common to robotics work, grasping and pushing an object, working from a starting point that was randomly selected. Task parameter constraints are derived from rules induced from the small amounts of raw sensory data collected. These rules are then used to indicate whether a task, such as object grasp or push, could be successfully completed.<>",ieee,llm,0.990,unreviewed,,doi:10.1109/isic.1989.238642
discarded,An object-oriented high-performance pseudorandom number generator package for analysis simulation,Guang Li; Xiangzhong Xu,2011,2011 IEEE 3rd International Conference on Communication Software and Networks,10.1109/ICCSN.2011.6014434,https://ieeexplore.ieee.org/document/6014434/,adjacent-subtopic,"Analysis simulation poses rigid requirements on pseudorandom number generators (PRNGs) in the following aspects, such as stochastics, robustness, period, and efficiency. The algorithms of typical Prime Modulus Multiplicative Linear Congruential Generators (PMMLCGs), both individual and combined, are briefly introduced. Various methods, Viz. modulus operator, fmod function, and modulo decomposition are discussed in detail. An object-oriented high-performance package of the Combined PMMLCG (CPMMLCG) has been implemented in C++ language using the component technology, which ensures its good portability between different platforms. Numerical experiments show the package is also efficient and has good figure of merit. From experiment results, it concludes that modulo decomposition method outperforms functionalities provided by standard C/C++ runtime (CRT) library, that whether floating-point arithmetic show the superiority over integer arithmetic depends on the complexity of CPMMLCGs and that the type of coefficients (variables or constants) has negligible effects on CPMMLCGs. These research results lay a solid foundation for the parallel simulation of the multiple samples, and the achievement of the confidence interval of simulation results.",ieee,llm,0.980,unreviewed,,doi:10.1109/iccsn.2011.6014434
discarded,Further investigations into the development and evaluation of reading techniques for object-oriented code inspection,A. Dunsmore; M. Roper; M. Wood,2002,Proceedings of the 24th International Conference on Software Engineering. ICSE 2002,10.1145/581348.581349,https://ieeexplore.ieee.org/document/1007955/,adjacent-subtopic,"Describes the development and experimental evaluation of a rigorous approach for effective object-oriented (OO) code inspection. Since their development, inspections have been shown to be powerful defect detection strategies but little research has been done to investigate their application to OO systems, which have very different structural and execution models compared to procedural systems. Previous investigations have demonstrated that the delocalised nature of OO software - the resolution of frequent non-local references and the incongruous relationship between its static and dynamic representations - are primary inhibitors to its effective inspection. The experiment investigates a set of three complementary code-reading techniques devised specifically to address these problems: one based on a checklist adapted to address the identified problems of OO inspections, one focused on the systematic construction of abstract specifications, and the last one centered on the dynamic slice that a use case takes through a system. The analysis shows that there is a significant difference in the number of defects found between the three reading techniques. The checklist-based technique emerges as the most effective approach, but the other techniques also have noticeable strengths, and so, for the best results in a practical situation, a combination of techniques is recommended.",ieee,llm,0.920,unreviewed,,doi:10.1145/581348.581349
discarded,Towards a statistical approach to testing object-oriented programs,P. Thevenod-Fosse; H. Waeselynck,1997,Proceedings of IEEE 27th International Symposium on Fault Tolerant Computing,10.1109/FTCS.1997.614082,https://ieeexplore.ieee.org/document/614082/,adjacent-subtopic,"Statistical testing is based on a probabilistic generation of test data: structural or functional criteria serve as guides for defining an input profile and a test size. Previous work has confirmed the high fault revealing power of this approach for procedural programs; it is now investigated for object-oriented programs. A method for incremental statistical testing is defined at the cluster level, based on the class inheritance hierarchy. Starting from the root class of the program, descendant class(es) are gradually added and test data are designed for (i) structural testing of newly defined features and, (ii) regression testing of inherited features. The feasibility of the method is exemplified by a small case study (a Travel Agency) implemented in Eiffel.",ieee,llm,0.930,unreviewed,,doi:10.1109/ftcs.1997.614082
discarded,The model multiplicity problem: experimenting with real-time specification methods,M. Peleg; D. Dori,2000,IEEE Transactions on Software Engineering,10.1109/32.879812,https://ieeexplore.ieee.org/document/879812/,adjacent-subtopic,"The object-process methodology (OPM) specifies both graphically and textually the system's static-structural and behavioral-procedural aspects through a single unifying model. This model singularity is contrasted with the multimodel approach applied by existing object oriented system analysis methods. These methods usually employ at least three distinct models for specifying various system aspects: mainly structure, function, and behavior. Object modeling technique (OMT), the main ancestor of the unified modeling language (UML), extended with timed statecharts, represents a family of such multimodal object oriented methods. Two major open questions related to model multiplicity vs. model singularity have been: 1) whether or not a single model, rather than a combination of several models, enables the synthesis of a better system specification; and 2) which of the two alternative approaches yields a specification that is easier to comprehend. The authors address these questions through a double-blind controlled experiment. To obtain conclusive results, real time systems, which exhibit a more complex dynamic behavior than nonreal time systems were selected as the focus of the experiment. We establish empirically that a single model methodology, OPM, is more effective than a multimodel one, OMT, in terms of synthesis. We pinpoint specific issues in which significant diiferences between the two methodologies were found. The specification comprehension results show that there were significant differences between the two methods in specific issues.",ieee,llm,0.940,unreviewed,,doi:10.1109/32.879812
discarded,A software model for impact analysis: a validation experiment,A. Cimitile; A.R. Fasolino; G. Visaggio,1999,Sixth Working Conference on Reverse Engineering (Cat. No.PR00303),10.1109/WCRE.1999.806962,https://ieeexplore.ieee.org/document/806962/,adjacent-subtopic,"Impact analysis is the process of identifying software work products that may be affected by proposed changes. This requires a software representation model that can formalize the knowledge about the various dependencies between work products. This study was carried out with the aim of objectively assessing whether the effectiveness of an impact analysis approach depends on the software dependency model employed. ANALYST, a tool for impact analysis, was used to implement different impact analysis approaches. The results show that the nature of the components and the traceability relationships employed for impact analysis influence the effectiveness of the approach, but different traceability models affect the various aspects of effectiveness differently. Moreover, this influence is independent of the software development approach, but is sensitive to software quality decay.",ieee,llm,0.950,unreviewed,,doi:10.1109/wcre.1999.806962
discarded,"Visually Introducing Freshmen to Low-Level Java Abstractions for Creating, Synchronizing and Coordinating Threads",Prasun Dewan,2019,"2019 26th International Conference on High Performance Computing, Data and Analytics Workshop (HiPCW)",10.1109/HiPCW.2019.00022,https://ieeexplore.ieee.org/document/9001807/,adjacent-subtopic,"We have developed and experimented with an approach to teach low-level Java concurrency abstractions in our first required course for CS majors, which assumes knowledge of procedural programming. The driving problems are visualized simulations of multiple physical objects in motion that may (a) be confined to a shared space and (b) coordinate with each other. Such simulations do not require any domain-specific knowledge such as sorting and image processing for driving problems and exercises, and their implementation demonstrates the benefits of object-based programming. They allow focus on both the performance and programmability benefits of concurrency, provide analogies for an abstraction-independent explanation of concurrency concepts, and can be used to incrementally motivate all low-level concurrency abstractions and visualize the effect of using and not using these abstractions. Layered simulation-based worked examples illustrating the abstractions were presented and easily understood in multiple offerings of a course that implemented this approach. Students implemented non-trivial assignments based on these abstractions, even when they were optional, did not face major obstacles because of visual error feedback, and were excited by concurrency as they felt it empowered them to implement arbitrary applications early.",ieee,llm,0.960,unreviewed,,doi:10.1109/hipcw.2019.00022
discarded,An experiment of legacy code segmentation to improve maintainability,R. Penteado; P.C. Masiero; M.I. Cagnin,1999,Proceedings of the Third European Conference on Software Maintenance and Reengineering (Cat. No. PR00090),10.1109/CSMR.1999.756688,https://ieeexplore.ieee.org/document/756688/,supports-claim; adjacent-subtopic,"An experiment with procedure oriented legacy code originally developed in C programming language and Xview graphical interface language is described. Its purpose is to segment the code to improve system maintainability. The segmentation is preceded by the legacy system reverse engineering according to an overall process called Fusion/RE. This process produces an object oriented system analysis model from procedure oriented legacy code. The segmentation is in fact a reengineering with change of orientation from procedural to object oriented preserving the system functionality and programming language. The segmentation process is described and its application to a real system case called StarSim, with 30000 lines of source code, that allows the edition and simulation of statecharts, is reported. Information about the improvement in maintainability is presented.",ieee,llm_reviewed,0.950,changed,kept->discarded,doi:10.1109/csmr.1999.756688
discarded,Support vector machines for anti-pattern detection,Abdou Maiga; Nasir Ali; Neelesh Bhattacharya; Aminata Sabané; Yann-Gaël Guéhéneuc; Giuliano Antoniol; Esma Aïmeur,2012,2012 Proceedings of the 27th IEEE/ACM International Conference on Automated Software Engineering,10.1145/2351676.2351723,https://ieeexplore.ieee.org/document/6494935/,adjacent-subtopic,"Developers may introduce anti-patterns in their software systems because of time pressure, lack of understanding, communication, and--or skills. Anti-patterns impede development and maintenance activities by making the source code more difficult to understand. Detecting anti-patterns in a whole software system may be infeasible because of the required parsing time and of the subsequent needed manual validation. Detecting anti-patterns on subsets of a system could reduce costs, effort, and resources. Researchers have proposed approaches to detect occurrences of anti-patterns but these approaches have currently some limitations: they require extensive knowledge of anti-patterns, they have limited precision and recall, and they cannot be applied on subsets of systems. To overcome these limitations, we introduce SVMDetect, a novel approach to detect anti-patterns, based on a machine learning technique---support vector machines. Indeed, through an empirical study involving three subject systems and four anti-patterns, we showed that the accuracy of SVMDetect is greater than of DETEX when detecting anti-patterns occurrences on a set of classes. Concerning, the whole system, SVMDetect is able to find more anti-patterns occurrences than DETEX.",ieee,llm,0.970,unreviewed,,doi:10.1145/2351676.2351723
discarded,An experiment on reusing program specifications described by conceptual data model and dependency constraint-based language,K. Yokota; M. Hashimoto; M. Sato,1992,Proceedings ICCI `92: Fourth International Conference on Computing and Information,10.1109/ICCI.1992.227638,https://ieeexplore.ieee.org/document/227638/,adjacent-subtopic,"A reusable specification describes a domain but not individual programs with the declarative language PSDL based on the conceptual data model and the dependency constraints, and with hierarchically arranged conceptual schemata. Various program specifications are extracted from the reusable specification and are transformed into C programs by the PSDL compiler. The authors implemented the prototype system, called the SoftReuse System, supporting these facilities, and tested the system with an actual social insurance domain example. The experiment estimated that specification reuse was more productive than procedural code reuse. The reusable specification described with PSDL and conceptual schemata showed a good balance between the object-oriented and functional decomposition approaches. The experiment also pointed out that the comprehensibility of the reusable specification was one of the most important issues to be studied in the future.<>",ieee,llm,0.870,unreviewed,,doi:10.1109/icci.1992.227638
discarded,Animated simulation of human-robot coordination with alternative voice command,J.Y.S. Luh; S. Srioon,2001,Proceedings 2001 IEEE International Symposium on Computational Intelligence in Robotics and Automation (Cat. No.01EX515),10.1109/CIRA.2001.1013221,https://ieeexplore.ieee.org/document/1013221/,off-topic-false-hit,"In animated simulation of human-robot coordination, the voice command is a useful feature to free the human operator's hand during the compliance control stage. The purpose of developing the simulation program is to perform the simulation before any physical experiments with robot hardware are conducted. The outcome of the simulation may give an insight into any unexpected interactions which may endanger the human operator as well as equipment. The human operator may learn from these experiences and be aware of the problems which may appear when physical experiments are performed.",ieee,llm,0.990,unreviewed,,doi:10.1109/cira.2001.1013221
