status,title,authors,year,venue,doi,url,tags,abstract,provider,decision_source,llm_confidence,llm_review_outcome,llm_change_direction,paper_id
Methods: A retrospective, cross-sectional study of 4-consecutive-day samples of ED patient encounter records from 2 similar. community hospitals was done. For clinical documentation, hospital A uses an electronic medical record, whereas hospital B uses a paper-based template-driven record. Using a simple analytic model, expert coders A and 13, respectively, coded the records from hospitals A and B for completeness. First, power analysis determined the acceptability of the patient record sample sizes (1 - beta = .90 at 1% significance level), and the frequency of AMA CPT-2004 primary evaluation and management codes 99281 through 99285 was calculated. Second, the completeness discrepancy rates for hospitals A and B were compared to determine the accuracy of both the paper-based, template-driven record and the electronic medical record in documenting and representing the clinical encounter. Third, interrater reliability between expert coders A and B was calculated to assess the level of agreement between each expert coder in determining the completeness discrepancy rates between hospitals A and B. Finally, the frequency of primary evaluation and management codes was analyzed to determine if there was a statistically significant difference between the paper-based, template-driven record and the electronic medical record representation of the clinical information, and if that difference could be attributable to the differing clinical documentation systems used in hospitals A and B.

Results: First, descriptive display demonstrated a difference in the frequency of the primary evaluation and management codes 99283 and 99284 within hospital A (expert coder A assessment, 36.1% vs 39.1%; expert coder B assessment, 36.6% vs 38.7%) and hospital B (expert coder A assessment, 47.8% vs 21.9%; expert coder B assessment, 48.6% vs 21.4%) was noted with the median, primary evaluation, and management code for hospital A of 99284 and the median, primary evaluation, and management code for hospital B of 99283. Second, Fisher exact test compared the completeness discrepancy rates between hospitals A and B as assessed by each expert coder and demonstrated no statistically significant difference in the completeness discrepancy rates (accuracy) between the paper-based, template-driven record and the electronic medical record documentation and coding system when assessed by either expert coder A (P = .370) or expert coder B (P = .919). Third, interrater reliability between expert coders A and B was evaluated using Cohen's K statistic. When evaluated both individually and jointly with respect to hospitals A and B, expert coders A and B had a good strength of agreement in their assessments of the accuracy of the documentation and coding system for hospital A (K = 0.6200) and hospital B (K = 0.6906) as well as for both hospitals evaluated together (K = 0.6616). Finally, interhospital differences in the frequency of primary evaluation and management codes were evaluated using Pearson chi(2) test with 3 df. The results for expert coder A (chi(2) = 47.4160; P < .001) and expert coder B (chi(2) = 46.5946; P < .001) recognize that there is a statistically significant degree of difference between hospitals A and B in the frequency distribution of primary evaluation and management codes, probably because of the dispersion of codes 99283 and 99284.

Conclusions: A keystroke-driven, electronic medical record that resides on a knowledge platform that incorporates a clinical structured terminology, administrative coding schemata, AMA CPT-2004 codes and uses object-oriented, open-ended, branching chain clinical algorithms that ""force"" physician documentation of the clinical elements provides an equally accurate capture and representation of ED clinical encounter data as a paper-based, template-driven documentation system both in terms of the presence or absence of both the medically necessary, discrete data elements and the textual documentation-dependent, medical decision-making elements. (c) 2006 Elsevier Inc. All rights reserved.",wos,llm,1.000,unreviewed,,doi:10.1016/j.ajem.2006.02.005
discarded,Prioritizing JUnit test cases: An empirical assessment and cost-benefits analysis,"Do, H; Rothermel, G; Kinneer, A",2006,EMPIRICAL SOFTWARE ENGINEERING,10.1007/s10664-006-5965-8,https://www.webofscience.com/wos/woscc/full-record/WOS:000235443500003,adjacent-subtopic,"Test case prioritization provides a way to run test cases with the highest priority earliest. Numerous empirical studies have shown that prioritization can improve a test suite's rate of fault detection, but the extent to which these results generalize is an open question because the studies have all focused on a single procedural language, C, and a few specific types of test suites. In particular, Java and the JUnit testing framework are being used extensively to build software systems in practice, and the effectiveness of prioritization techniques on Java systems tested under JUnit has not been investigated. We have therefore designed and performed a controlled experiment examining whether test case prioritization can be effective on Java programs tested under JUnit, and comparing the results to those achieved in earlier studies. Our analyses show that test case prioritization can significantly improve the rate of fault detection of JUnit test suites, but also reveal differences with respect to previous studies that can be related to the language and testing paradigm. To investigate the practical implications of these results, we present a set of cost-benefits models for test case prioritization, and show how the effectiveness differences observed can result in savings in practice, but vary substantially with the cost factors associated with particular testing processes.",wos,llm,0.910,unreviewed,,doi:10.1007/s10664-006-5965-8
discarded,Automatic test data generation by multi-objective optimisation,"Oster, Norbert; Saglietti, Francesca",2006,"COMPUTER SAFETY, RELIABILITY, AND SECURITY, PROCEEDINGS",,https://www.webofscience.com/wos/woscc/full-record/WOS:000241623700032,adjacent-subtopic,"This paper presents a technique for automated test data generation applicable to both procedural and object-oriented programs. During the generation, the test cases are optimised such as to maximise structural code coverage by minimising at the same time the number of test cases required. To cope with these two inherently conflicting goals, hybrid self-adaptive and multi-objective evolutionary algorithms are applied. Our approach is based on a preliminary activity that provides support for the automatic instrumentation of source code in order to record the relevant data flow information at runtime. By exclusively utilising the insight gained hereby, test data sets are successively enhanced towards the goals mentioned above. Finally, the efficiency of the test set generated is evaluated in terms of its fault detection capability by means of mutation testing. In addition, the actual coverage percentage achieved is determined by taking into account the results of a static data flow analysis of the system under test. Thanks to the dramatic decrease of effort required for generating and verifying test cases, the technique presented here allows to substantially improve the V&V-phase of complex, safety-relevant software. Preliminary experimental results gained so far are reported in the paper.",wos,llm,0.950,unreviewed,,hash:965f241a36286b5a
discarded,Mutation analysis testing for model transformations,"Mottu, Jean-Marie; Baudry, Benoit; Le Traon, Yves",2006,"MODEL DRIVEN ARCHITECTURE - FOUNDATIONS AND APPLICATIONS, PROCEEDINGS",,https://www.webofscience.com/wos/woscc/full-record/WOS:000239521500028,adjacent-subtopic,"In MDE, model transformations should be efficiently tested so that it may be used and reused safely. Mutation analysis is an efficient technique to evaluate the quality of test data, and has been extensively studied both for procedural and object-oriented languages. In this paper, we study how it can be adapted to model oriented programming. Since no model transformation language has been widely accepted today, we propose generic fault models that are related to the model transformation process. First, we identify abstract operations that constitute this process: model navigation, model's elements filtering, output model creation and input model modification. Then, we propose a set of specific mutation operators which are directly inspired from these operations. We believe that these operators are meaningful since a large part of the errors in a transformation are due to. the manipulation of complex models regardless of the concrete implementation language.",wos,llm,0.980,unreviewed,,hash:a0c59039b8781f89
discarded,Productivity and code quality improvement of mixed-signal test software by applying software engineering methods,"Vock, Stefan; Flogaus, Ulrich; von Staudt, Hans Martin",2006,PROCEEDINGS OF THE 2006 IEEE WORKSHOP ON DESIGN AND DIAGNOSTICS OF ELECTRONIC CIRCUITS AND SYSTEMS,,https://www.webofscience.com/wos/woscc/full-record/WOS:000238973400035,adjacent-subtopic,"Typical nowadays mixed-signal ICs are approaching 1000 or even more parametric tests. These tests are usually coded in a procedural or a semi-object oriented language. The huge code base of the programs is a significant challenge for maintaining code quality which inherently translates into outgoing quality.

The paper will present software metrics of typical mixed-signal power management and audio devices with regard to the number of tests conducted. It will be shown that classical ways to handle test programs are error prone and tend to systematically repeat known mistakes.

The adoption of selected software engineering methods can avoid such mistakes and improves the productivity of the mixed-signal test generation. Results of a pilot project show significant productivity improvement. Open-source based software is employed to provide the necessary tool support. They establish a potential roadmap to get away from proprietary tester specific tool sets.",wos,llm,0.820,unreviewed,,hash:6085ac74474ae4e1
discarded,"Mixed-Signal Test Software Generation Process - Open Environment, Software Engineering Methods and Tools for Improving","Vock, Stefan; von Staudt, Hans Martin",2006,ISTFA 2006,,https://www.webofscience.com/wos/woscc/full-record/WOS:000282447800030,adjacent-subtopic,"Typical mixed-signal ICs are approaching 1000 or even more parametric tests These tests are usually coded in a procedural or a semi-object oriented language. The huge code base of the programs is a significant challenge for maintaining code quality which inherently translates into outgoing quality

The paper will present software metrics of typical mixed-signal power management and audio devices with regard to the number of tests conducted It will be shown that classical ways to handle test programs are error prone and tend to systematically repeat known mistakes.

The adoption of selected software engineering methods can avoid such mistakes and improves the productivity of the mixed-signal test generation Results of a pilot project show significant productivity improvement. Open-source based software is employed to provide the necessary tool support. They establish a potential roadmap to become independent of proprietary tester specific tool sets.",wos,llm,0.820,unreviewed,,hash:c87ac6a194d18565
discarded,Cognitive characteristics for learning visual basic,"White, G; Ploeger, F",2004,JOURNAL OF COMPUTER INFORMATION SYSTEMS,,https://www.webofscience.com/wos/woscc/full-record/WOS:000220771500007,adjacent-subtopic,"This research investigated the cognitive characteristics for learning a visual programming language, Visual Basic. It replicated an earlier study by White (72) that used C++, an object-oriented programming language. The two cognitive characteristics investigated in this research with Visual Basic were 1) cognitive development, as measured by the Proposition Logic Test (PLT) and 2) cognitive hemispheric style, as measured by the Hemispheric Mode Indicator (HMI). Prior research has shown that object-oriented and procedural programming involves a high level of cognitive development and that procedural programmers are left brain hemispheric style thinkers. The findings from this study using a visual programming language, contradicts prior research with other programming paradigms. This study found visual programming being left cognitive hemispheric style, just like procedural programming. However, cognitive development was unimportant. While procedural and object-oriented languages require a high cognitive development level, visual programming languages require a lower level. This supports the theory that different programming language paradigms require different cognitive characteristics (73).",wos,llm,0.960,unreviewed,,hash:8d485a24a442a20d
discarded,Empirical evaluation of orthogonality of class mutation operators,"Lee, HJ; Ma, YS; Kwon, YR",2004,"11TH ASIA-PACIFIC SOFTWARE ENGINEERING CONFERENCE, PROCEEDINGS",,https://www.webofscience.com/wos/woscc/full-record/WOS:000225885200057,adjacent-subtopic,"Mutation testing is a fault-based testing technique which provides strong quality assurance. Mutation testing has a very long history for the procedural programs at unit-level testing, but the research on mutation testing of object-oriented programs is still immature. Recently, class mutation operators are proposed to detect object-oriented specific faults. However, any analysis has not been conducted on the class mutation operators. In this paper, we evaluate the orthogonality of the class mutation operators by some experiment. The experimental results show the high possibility that each class mutation operator has fault-revealing power that is not achieved by other mutation operators, i.e. orthogonal. Also, the results show that the number of mutants from the class mutation operators is small so that the cost is not so high as procedural programs.",wos,llm,0.930,unreviewed,,hash:3cb8f6bbdcfa8834
discarded,The development and evaluation of three diverse techniques for object-oriented code inspection,"Dunsmore, A; Roper, M; Wood, M",2003,IEEE TRANSACTIONS ON SOFTWARE ENGINEERING,,https://www.webofscience.com/wos/woscc/full-record/WOS:000184566400002,adjacent-subtopic,"This paper describes the development and evaluation of a rigorous approach aimed at the effective and efficient inspection of object-oriented (OO) code. Since the time that inspections were developed they have been shown to be powerful defect detection strategies. However, little research has been done to investigate their application to OO systems, which have very different structural and execution models compared to procedural systems. This suggests that inspection techniques may not be currently being deployed to their best effect in the context of large-scale OO systems. Work to date has revealed three significant issues that need to be addressed-the identification of chunks of code to be inspected, the order in which the code is read, and the resolution of frequent nonlocal references. Three techniques are developed with the aim of addressing these issues: one based on a checklist, one focused on constructing abstract specifications, and the last centered on the route that a use case takes through a system. The three approaches are evaluated empirically and, in this instance, it is suggested that the checklist is the most effective approach, but that the other techniques also have potential strengths. For the best results in a practical situation, a combination of techniques is recommended, one of which should focus specifically on the characteristics of OO.",wos,llm,0.850,unreviewed,,hash:b293829c31ba193a
discarded,Practical code inspections techniques for object-oriented systems: An experimental comparison,"Dunsmore, A; Roper, M; Wood, M",2003,IEEE SOFTWARE,,https://www.webofscience.com/wos/woscc/full-record/WOS:000183765800010,adjacent-subtopic,"Although inspection is an effective. mechanism for detecting defects in procedural systems, object-oriented systems have different structural and execution models. This article describes the development and empirical investigation of three techniques for reading object-oriented code during inspection.",wos,llm,0.860,unreviewed,,hash:f895d382a4e3afc8
discarded,Inter-class mutation operators for Java,"Ma, YS; Kwon, YR; Offutt, J",2002,"13TH INTERNATIONAL SYMPOSIUM ON SOFTWARE RELIABILITY ENGINEERING, PROCEEDINGS",,https://www.webofscience.com/wos/woscc/full-record/WOS:000179705100030,adjacent-subtopic,"The effectiveness of mutation testing depends heavily on the types of faults that the mutation operators are designed to represent. Therefore, the quality of the mutation operators is key, to mutation testing. Mutation testing has traditionally been applied to procedural-based languages, and mutation operators have been developed to support most of their language features.

Object-oriented programming languages contain new language features, most notably inheritance, polymorphism, and dynamic binding. Not surprisingly, these language features allow new kinds of faults, some of which are not modeled by traditional mutation operators. Although mutation operators for OO languages have previously been suggested, our work in OO faults indicate that the previous operators are insufficient to test these OO language features, particularly at the class testing level. This paper introduces a new set of class mutation operators for the OO language Java. These operators are based on specific OO faults and can be used to detect faults involving inheritance, polymorphism, and dynamic binding, thus are useful for inter-class testing. An initial Java mutation tool has recently been completed, and a more powerful version is currently under construction.",wos,llm,0.960,unreviewed,,hash:3e1d35a9e256eb9b
discarded,Further investigations into the development and evaluation of reading techniques for object-oriented code inspection,"Dunsmore, A; Roper, M; Wood, M",2002,ICSE 2002: PROCEEDINGS OF THE 24TH INTERNATIONAL CONFERENCE ON SOFTWARE ENGINEERING,,https://www.webofscience.com/wos/woscc/full-record/WOS:000176704400007,adjacent-subtopic,"This paper describes the development and experimental evaluation of a rigorous approach for effective object-oriented (OO) code inspection. Since their development, inspections have been shown to be powerful defect detection strategies but little research has been done to investigate their application to OO systems, which have very different structural and execution models compared to procedural systems. Previous investigations have demonstrated that the delocalised nature of OO software the resolution of frequent non-local references, and the incongruous relationship between its static and dynamic representations, are primary inhibitors to its effective inspection. The experiment investigates a set of three complementary code reading techniques devised specifically to address these problems: one based on a checklist adapted to address the identified problems of OO inspections, one focused on the systematic construction of abstract specifications, and the last centered on the dynamic slice that a use-case takes through a system. The analysis shows that there is a significant difference in the number of defects found between the three reading techniques. The checklist-based technique emerges as the most effective approach but the other techniques also have noticeable strengths and so for the best results in a practical situation a combination of techniques is recommended.",wos,llm,0.850,unreviewed,,hash:4786854d7dd7e5f9
discarded,The study of knowledge representation and uncertainty reasoning for computer aided failure analysis expert system,"Liu, XL; Zhang, WF; Gao, W; Tao, CH; Xu, YM",2002,"PROGRESS IN SAFETY SCIENCE AND TECHNOLOGY, VOL III, PTS A AND B",,https://www.webofscience.com/wos/woscc/full-record/WOS:000179871800016,off-topic-false-hit,"Knowledge acquisition and representation of failure analysis as well as the reliability of conclusion are studied in this paper. The ways of knowledge acquisition and representation are given through the comparison of various knowledge acquisition algorithms and representation methods. The document-based processing algorithm is mainly used to acquire domain knowledge. The knowledge of failure analysis can be classified as the basic knowledge and case knowledge. Rules aided by procedural and object-oriented scheme are appropriate for representing the basic knowledge, and frame method for the failure case knowledge. The classical probability-based method is suitable for describing the strength of backward chaining rules, and certainty factor for describing the strength of forward chaining rules. As for the failure case knowledge, it is considered that case adaptation can incorporate the uncertainty reasoning.",wos,llm,0.970,unreviewed,,hash:a59705dab071662f
discarded,Contract soundness for object-oriented languages,"Findler, RB; Felleisen, M",2001,ACM SIGPLAN NOTICES,,https://www.webofscience.com/wos/woscc/full-record/WOS:000172579500001,adjacent-subtopic,"Checking pre- and post-conditions of procedures and methods at runtime helps improve software reliability. In the procedural world, pre- and post-conditions have a straightforward interpretation. If a procedure's pre-condition doesn't hold, the caller failed to establish the proper context. If a post-condition doesn't hold, the procedure failed to compute the expected result.

