status,title,authors,year,venue,doi,url,tags,abstract,provider,decision_source,llm_confidence,llm_review_outcome,llm_change_direction,paper_id
discarded,Version management in an object-oriented database,Stanley B. Zdonik,1986,Lecture notes in computer science,10.1007/3-540-17189-4_110,https://openalex.org/W1987527084,adjacent-subtopic,,openalex,llm,0.950,unreviewed,,doi:10.1007/3-540-17189-4_110
discarded,DYNAMIC MODELLING AND SIMULATION OF A 100 KW MICRO GAS TURBINE RUNNING WITH BLENDED METHANE/HYDROGEN FUEL,"Banihabib, Reyhaneh; Assadi, Mohsen",2022,"PROCEEDINGS OF ASME TURBO EXPO 2022: TURBOMACHINERY TECHNICAL CONFERENCE AND EXPOSITION, GT2022, VOL 7",,https://www.webofscience.com/wos/woscc/full-record/WOS:001215906700044,off-topic-false-hit,"The current shift from centralized to decentralized power generation with renewables as prime movers necessitates the integration of reliable small-scale power supply units to compensate for the intermittency of renewables. Micro gas turbines' (MGTs) characteristics such as high reliability and low maintenance, along with flexible operation and quick load-following capabilities have made them a dependable source for the modern power generation industry and for households. MGTs are small-scale gas turbine units with a power range lower than 500 kW that can operate with low-calorific fuels such as biofuels and syngas as well as conventional fossil fuels and zero-carbon fuels.

The utilization of MGTs in innovative cycle layouts or varying types of feeding fuels is increasing, which requires the evaluation of system dynamics to ensure the safe operation of the engine and its components. Moreover, the role of MGTs as a backup for the intermittent renewable inputs means that they operate under more transient conditions rather than constant power production mode. Therefore, a reliable dynamic model of an MGT is required to investigate the dynamic response of the engine under various transient modes to ensure safe operation. Moreover, utilizing a dynamic model is vital in the designing process of MGT-based cycles in order to evaluate the behaviour of coupled components in off-design conditions and to optimize the controller parameters. To that end, developing a dynamic model of the MGT cycle that is accurate enough to predict the dynamic response of the engine and its components and fast enough to be utilized in design iterations is necessary.

In this paper, a high-fidelity model for real-time simulation of an MGT, based on a lumped and nonlinear representation of gas turbine components is presented. The model for a recuperated T100 MGT was constructed in Simscape, the object-oriented environment of MATLAB for modelling physical systems. MGT components were modelled as lumped volumes with dynamic equations of mass, momentum, and energy balance along with component-characteristic maps describing the evolution of the flow passing through them. Results from simulations were validated by experimental data collected from a real engine operating under different load conditions. Experimental tests and numerical simulations were conducted for pure methane as well as for blended methane/hydrogen as feeding fuels.",wos,llm,0.990,unreviewed,,hash:d3a0a6fb4f1ca990
discarded,Deep Learning-Based Software Defect Prediction via Semantic Key Features of Source Code-Systematic Survey,"Abdu, Ahmed; Zhai, Zhengjun; Algabri, Redhwan; Abdo, Hakim A.; Hamad, Kotiba; Al-antari, Mugahed A.",2022,MATHEMATICS,10.3390/math10173120,https://www.webofscience.com/wos/woscc/full-record/WOS:000851687200001,adjacent-subtopic,"Software defect prediction (SDP) methodology could enhance software's reliability through predicting any suspicious defects in its source code. However, developing defect prediction models is a difficult task, as has been demonstrated recently. Several research techniques have been proposed over time to predict source code defects. However, most of the previous studies focus on conventional feature extraction and modeling. Such traditional methodologies often fail to find the contextual information of the source code files, which is necessary for building reliable prediction deep learning models. Alternatively, the semantic feature strategies of defect prediction have recently evolved and developed. Such strategies could automatically extract the contextual information from the source code files and use them to directly predict the suspicious defects. In this study, a comprehensive survey is conducted to systematically show recent software defect prediction techniques based on the source code's key features. The most recent studies on this topic are critically reviewed through analyzing the semantic feature methods based on the source codes, the domain's critical problems and challenges are described, and the recent and current progress in this domain are discussed. Such a comprehensive survey could enable research communities to identify the current challenges and future research directions. An in-depth literature review of 283 articles on software defect prediction and related work was performed, of which 90 are referenced.",wos,llm,0.970,unreviewed,,doi:10.3390/math10173120
discarded,Using web based object oriented technology on manufacturing system in IoT environment,"Peng, Yong; Chang, Y. -H.",2021,JOURNAL OF AMBIENT INTELLIGENCE AND HUMANIZED COMPUTING,10.1007/s12652-021-02995-3,https://www.webofscience.com/wos/woscc/full-record/WOS:000632932300003,adjacent-subtopic,"The traditional system development combines form and business logistic developing. Therefore, a designer needs to realize both form design and business logistic. It will fail to divide labor in accordance with functions for the advanced developmental efficiency via collaborative work, that leading to the deficient expansibility of Enterprise Resource Planning (ERP) system. In the process of common system development, there are standards either undone or unable to be implemented leading to failure during follow-up maintenance. The conventional client-server architecture is confronted with an overload of database server that resulting from excessive connections, leading to declined system efficiency and stability. This paper proposed an integrated 3-Tier Architecture and component technologies for developing components required to develop an EPR system in internet of Things (IoT). The 3-Tier architecture objective is to render the independence of forms and business logistic applicable to group development that is leading to advanced developmental efficiency in accordance with the functional division, collaborative operation, promoted efficiency, and reliability of ERP system. The system-development standards and business-logic interfaces are built in components via object orientation for the advancement of system expansibility and software productivity. This paper proposed analyze properties, methods, and events of components via form's characteristics in the ERP system and builds web-based components via object orientation. These embeds methods and events in components as the standards interface of system and business logistic development; moreover, business logistic is processed via Middle-Tier for achieving the 3-Tier operation. The results of this paper indicate that components can advance the efficiency, reduce the timetable, and expands the ERP system development. The developed system is equipped with expansibility and is easy-to-maintain, leading to advanced flexibility and declined maintenance costs.",wos,llm,0.850,unreviewed,,doi:10.1007/s12652-021-02995-3
discarded,Providing an IEC 61850 Counterpart of the Trusty Multimeter - Approaching the Maintenance Procedures for IEC 61850 Substations,"Bonetti, Andrea; Ignatovski, Nikolay; Fernandez, Sidney",2019,"2019 IEEE 1ST GLOBAL POWER, ENERGY AND COMMUNICATION CONFERENCE (GPECOM2019)",,https://www.webofscience.com/wos/woscc/full-record/WOS:000851517900081,off-topic-false-hit,"Part of the pre-commissioning test in a conventional substation is wires checking. This is usually done by verifying connectivity and measuring voltage using the trusty multimeter. In a substation where fiber optic and data cables are used instead of copper wires, new tools have to be utilized. This paper introduces a fundamental method on 1) SCD file validation during Factory or Site Acceptance Tests, and 2) interoperability issues troubleshooting. The IEC 61850 network traffic is compared to the design description on the SCD file and differences between the two are found. The paper gives a practical example for the concept applied to horizontal communication (GOOSE).",wos,llm,0.990,unreviewed,,hash:ce1c2381f9749cb8
discarded,Machine Learning to Evaluate Evolvability Defects: Code Metrics Thresholds for a Given Context,"Tsuda, Naohiko; Washizaki, Hironori; Fukazawa, Yoshiaki; Yasuda, Yuichiro; Sugimura, Shunsuke",2018,"2018 IEEE INTERNATIONAL CONFERENCE ON SOFTWARE QUALITY, RELIABILITY AND SECURITY (QRS 2018)",10.1109/QRS.2018.00022,https://www.webofscience.com/wos/woscc/full-record/WOS:000587579900009,adjacent-subtopic,"Evolvability defects are non-understandable and non-modifiable states that do not directly produce runtime behavioral failures. Automatic source code evaluation by metrics and thresholds can help reduce the burden of a manual inspection. This study addresses two problems. (1) Evolvability defects are not usually managed in bug tracking systems. (2) Conventional methods cannot fully interpret the relations among the metrics in a given context (e.g., programming language, application domain). The key actions of our method are to (1) gather training-data for machine learning by experts' manual inspection of some of the files in given systems (benchmark) and (2) employ a classification-tree learner algorithm, C5.0, which can deal with non-orthogonal relations between metrics. Furthermore, we experimentally confirm that, even with less training-data, our method provides a more precise evaluation than four conventional methods (the percentile, Alves' method, Bender's method, and the ROC curve-based method).",wos,llm,0.970,unreviewed,,doi:10.1109/qrs.2018.00022
discarded,Dynamic Metrics are Superior than Static Metrics in Maintainability Prediction : An Empirical Case Study,"Sharma, Hemlata; Chug, Anuradha",2015,"2015 4TH INTERNATIONAL CONFERENCE ON RELIABILITY, INFOCOM TECHNOLOGIES AND OPTIMIZATION (ICRITO) (TRENDS AND FUTURE DIRECTIONS)",,https://www.webofscience.com/wos/woscc/full-record/WOS:000381473700155,adjacent-subtopic,"Software metrics help us to make meaningful estimates for software products and guide us in taking managerial and technical decisions like budget planning, cost estimation, quality assurance testing, software debugging, software performance optimization, and optimal personnel task assignments. Many design metrics have proposed in literature to measure various constructs of Object Oriented (OO) paradigm such as class, coupling, cohesion, inheritance, information hiding and polymorphism and use them further in determining the various aspects of software quality. However, the use of conventional static metrics have found to be inadequate for modern OO software due to the presence of run time polymorphism, templates class, template methods, dynamic binding and some code left unexecuted due to specific input conditions. This gap gave a cue to focus on the use of dynamic metrics instead of traditional static metrics to capture the software characteristics and further deploy them for maintainability predictions. As the dynamic metrics are more precise in capturing the execution behavior of the software system, in the current empirical investigation with the use of open source code, we validate and verify the superiority of dynamic metrics over static metrics. Four machine learning models are used for making the prediction model while training is performed simultaneously using static as well as dynamic metric suite. The results are analyzed using prevalent prediction accuracy measures which indicate that predictive capability of dynamic metrics is more concise than static metrics irrespective of any machine learning prediction model. Results of this would be helpful to practitioners as they can use the dynamic metrics in maintainability prediction in order to achieve precise planning of resource allocation.",wos,llm,0.980,unreviewed,,hash:9dc6b1ec59604210
discarded,Performance Evaluation of a Process Bus Architecture in a Zone Substation based on IEC 61850-9-2,"Kumar, Shantanu; Das, Narottam; Islam, Syed",2015,2015 IEEE PES ASIA-PACIFIC POWER AND ENERGY ENGINEERING CONFERENCE (APPEEC),,https://www.webofscience.com/wos/woscc/full-record/WOS:000380532100153,off-topic-false-hit,"Ethernet communication has been the back bone of high speed communication in digital substations from protection relaying, control and automation perspective. Major substation manufacturers have been constantly upgrading softwares and adding new features in their Intelligent Electronic Devices (IED's) to carry out multiple functions in process bus devices. This paper presents simulation results with respect to the delay in packets transfer in an Ethernet environment. Understanding the delay in packet transfer of Generic Object Oriented Substation Event (GOOSE) and Sampled Values (SV) shall assist the user in understanding the substation automation, control and protection of substation primary plants such as current transformers (CT's), voltage transformers (VT's), circuit breakers etc. connected in the network during a fault condition Conventional substation uses Merging Units (MU's) to communicate with the IED's featuring IEC 61850-9-2 standard. This standard exhibits transparency and standardization of data communication while addressing issues related to reliability, packet sharing, and maintainability, etc. However, process bus architecture is yet to be widely accepted in the industry and needs further validation due to lack of confidence. This paper evaluates the performance of a digital protection scheme in a zone substation operating at 132kV, featuring IEC 61850-9-2 IED's and using an optimized network engineering tool (OPNET) simulator. Understanding the delay in receiving time critical GOOSE and sampled value SV messages from protection perspective is critical as loss of data could cause mal-function in the protection jeopardizing vital substation plants.",wos,llm,0.990,unreviewed,,hash:31015864ede223bd
discarded,"Protection, Automation and Control Systems and the IEC 61850 Paradigm - New Testing and Maintenance Challenges","Correia, Rafaela; Candeias, Luis; Ferreira, Carlos; Francisco, Rui; Lopes, Fernando",2016,2016 51ST INTERNATIONAL UNIVERSITIES POWER ENGINEERING CONFERENCE (UPEC),,https://www.webofscience.com/wos/woscc/full-record/WOS:000466894400145,off-topic-false-hit,"The proliferation of Protection, Automation and Control Systems (PAC Systems) in the substations of the Portuguese electrical energy distribution grid, has brought many challenges to the Distribution System Operator (DSO), EDP Distribuicao (EDPD), in terms of both project and maintenance.

The recent technological boost of PAC Systems, is associated with the replacement of conventional system devices by Intelligent Electronic Devices (IEDs) and with the emergence of the IEC 61850 standard architecture and communications. The IEC 61850 standard brought new Substation Automation features, such as the Generic Object Oriented Substation Events (GOOSE) network messages, which are exchanged between IEDs. Nowadays, GOOSE messages and other IEC 61850 features, are fully tested in the development of a new PAC System and also during on-site commissioning, by manufacturers and integrators. However, given the progressive increase in the number of PAC Systems in operation according to the IEC 61850 architecture and protocols, these new tests are taking on greater importance and are increasingly required in the operation and maintenance phases of these systems.

In this paper, a maintenance test model concerning IEC 61850 GOOSE functionalities is presented. A set of hardware and software test tools is selected and a simple model for the tests to be performed is developed. The main goal is to integrate the testing of GOOSE messages in the existent periodic and corrective maintenance procedures.",wos,llm,0.990,unreviewed,,hash:5a665420d800f003
discarded,An Integration Testing Coverage Tool for Object-Oriented Software,"Augsornsri, Pachawan; Suwannasart, Taratip",2014,2014 INTERNATIONAL CONFERENCE ON INFORMATION SCIENCE AND APPLICATIONS (ICISA),,https://www.webofscience.com/wos/woscc/full-record/WOS:000346134200036,adjacent-subtopic,"One of main points of software testing is test coverage analysis because defects may exist in uncovered parts and appear when users use the software. Test coverage analysis is one process which is used for solving the uncovered testing. This process consists of code instrumentation, collecting coverage data during test execution, and analyzing the coverage measure. Test coverage analysis has to be applied with every level of testing. In addition, it has to be performed to conventional software and object-oriented software. Nowadays, object-oriented software is more interesting. However, we cannot use existing integration testing coverage measures with object-oriented software. In our previous paper, we propose the design of a tool for analyzing integration testing coverage for object-oriented software. This paper we continue our work by proposing an integration testing coverage tool for object-oriented software. This tool can analyze the integration testing coverage of object-oriented software. Moreover, it can generate additional test cases in case of there are uncovered methods that have not been tested by existing test cases.",wos,llm,0.970,unreviewed,,hash:88af7e23d55cc45a
discarded,Design of a Tool for Checking Integration Testing Coverage of Object-Oriented Software,"Augsornsri, Pachawan; Suwannasart, Taratip",2013,2013 INTERNATIONAL CONFERENCE ON INFORMATION SCIENCE AND APPLICATIONS (ICISA 2013),,https://www.webofscience.com/wos/woscc/full-record/WOS:000332001300131,adjacent-subtopic,"Software testing is a necessary process in software development life cycle to verify if the developed software follows its specification. One important thing of the testing process is test coverage analysis because defects may exist in uncovered parts and emerge when users try to use them. Test coverage analysis is performed to measure the comprehensiveness or thoroughness of testing. It is necessary and can be applied at every level of testing process. Nowadays, the object-oriented software is gaining interest in software industry which the test method differs from the conventional software, so some of available techniques and tools cannot be applied to object-oriented software. This paper proposes design of a tool for checking integration testing coverage of object-oriented software which can check the integration testing coverage of object oriented software and generate additional test cases in case of the existing test cases cannot cover the code.",wos,llm,0.970,unreviewed,,hash:4f27e05949673a28
