status,title,authors,year,venue,doi,url,tags,abstract,provider,decision_source,llm_confidence,llm_review_outcome,llm_change_direction
discarded,Qualifying domains of student struggle in undergraduate general chemistry laboratory,"Keen, Clarissa; Sevian, Hannah",2022,CHEMISTRY EDUCATION RESEARCH AND PRACTICE,10.1039/d1rp00051a,https://www.webofscience.com/wos/woscc/full-record/WOS:000698365100001,adjacent-subtopic; adjacent_struggle; laboratory_learning; not_ps_i,"Learning and learning goals in undergraduate chemistry laboratory have been a popular research topic for the past three decades due to calls for curriculum reform, cost justification, and overall efficacy of necessary skill development. While much work has been done to assess curricular interventions on students' learning and attitudes towards lab, few have discussed the increased difficulties of these non-traditional laboratory activities or the obstacles students must overcome in the laboratory setting. The work presented here focuses on student struggles in undergraduate general chemistry laboratory activities, the source of these struggles, and the actions students take to overcome them. Using an activity theoretical lens and multiple domains (cognitive, epistemological, socioemotional, and psychomotor), we developed a domains-of-struggle framework which encompasses how struggles emerge through contradictions within the laboratory activity system. This framework was extended and refined through iterative analysis of two consecutive semesters of undergraduate general chemistry laboratory (GC1 and GC2) video (n = 51), survey (n = 327), and interview (n = 44) data. In this paper, we model the activity system of the general chemistry laboratory, define the domains of struggle observed, and present actions the students took to move past these obstacles, while illustrating the interconnected complexity of the activity system. We then discuss how this framework may be used in future curriculum design or teacher training, as well as potential for future research on the learning outcomes associated with moments of struggle.",wos,llm,0.970,unreviewed,
kept,Measuring the impact of productive failure on nursing students? learning in healthcare simulation: A quasi-experimental study,"Palominos, Evelyn; Levett-Jones, Tracy; Power, Tamara; Alcorn, Nadine; Martinez-Maldonado, Roberto",2021,NURSE EDUCATION TODAY,10.1016/j.nedt.2021.104871,https://www.webofscience.com/wos/woscc/full-record/WOS:000643673700005,adjacent-subtopic; productive_failure; nursing; sequence_comparison,"Background: Previous research suggests that making errors in a non-threatening simulated environment can facilitate learning. Productive failure, which combines problem-solving tasks followed by instruction, enables students to learn from making mistakes. This teaching approach has demonstrated improved learning outcomes such as explanatory knowledge and transfer of knowledge compared to a direct instruction approach where students receive instruction prior to problem-solving tasks. However, no previous studies have examined the impact of productive failure on nursing students? learning in manikin-based simulation.

Objective: To measure the impact of productive failure on nursing students? declarative knowledge, explanatory knowledge, and transfer of knowledge compared to a direct instruction approach in a paediatric closed head injury simulation.

Methods: Second year undergraduate nursing students (n = 349) from one Australian university were invited to participate in the study. Consenting participants (n = 344) were randomised into two groups: productive failure and direct instruction. The intervention consisted of two paediatric closed head injury simulations separated by a simulation debrief. Knowledge tests were administered before and immediately after the simulation. Results: Data from 331 participants were analysed. The productive failure group outperformed the direct instruction group in the post-test (p < 0.001). Learning gains for participants in the productive failure group were significantly higher than the direct instruction group for both explanatory knowledge (p < 0.001) and the ability to apply learning to solve novel clinical problems (p < 0.001). The difference in the median scores for declarative knowledge was not significant (p = 0.096).

Conclusion: This study demonstrated that a productive failure simulation that leads learners to make mistakes before receiving instruction can facilitate deeper levels of explanatory knowledge and enable the transfer of learning to new clinical situations. These results suggest the need for further exploration of pedagogies that foster learning from errors in simulation-based learning.",wos,llm,0.940,unreviewed,
discarded,The use of engineering model-building activities to elicit computational thinking: A design-based research study,"Lyon, Joseph A.; Magana, Alejandra J.",2021,JOURNAL OF ENGINEERING EDUCATION,10.1002/jee.20372,https://www.webofscience.com/wos/woscc/full-record/WOS:000604709500001,adjacent-subtopic; adjacent_design_based_research; productive_failure_mentioned; no_sequence_comparison,"Background Computation and computational thinking are of great interest to both engineering research and teaching communities. Effective learning environments are needed to incorporate computational thinking within the engineering disciplines. Design-based research is uniquely positioned to address this need for designing effective learning environments.

Purpose This design-based research study characterizes the different ways in which students used computational thinking when building computational models. The design of the model-building activities was grounded in productive failure and model-eliciting activities.

Design The design-based research study implemented the computational modeling activities within an engineering capstone course. The research question was: What types of computational thinking outcomes emerge when engineering students build computational models? Thematic analysis was applied to individual student artifacts to identify key computational thinking outcomes that were elicited as a result of the intervention.

Results Throughout the building of the model, students demonstrated the use of computational thinking outcomes, mainly abstraction, algorithmic thinking, evaluation, generalization, and decomposition. However, the diversity and density of use for each outcome were different and unique.

Conclusions This study shows how building computational models, when guided by current educational theories, can allow for students to practice the use of computational thinking and for educators to incorporate these key practices into their engineering classrooms.",wos,llm,0.880,unreviewed,
discarded,Peer and Tutor in One: A Productive Failure-Based Architecture for Multi-role Conversational Agents in Physics Learning,Koh J.,2027,Lecture Notes in Computer Science,10.1007/978-3-032-29760-0_17,https://www.scopus.com/inward/record.uri?partnerID=HzOxMe3b&scp=105043895683&origin=inward,adjacent-subtopic; productive_failure; conversational_agent; physics_learning; system_paper_no_comparison,,scopus,llm_reviewed,0.630,changed,kept->discarded
discarded,Developing Systems Thinking through Abstraction-Level Navigation: Evidence from Simulation-Based Project Learning in Microelectronic Circuit Design,Shekh-Abed A.,2026,Thinking Skills and Creativity,10.1016/j.tsc.2026.102325,https://www.scopus.com/inward/record.uri?partnerID=HzOxMe3b&scp=105046935720&origin=inward,adjacent-subtopic; adjacent_project_learning; no_ps_i_evidence,,scopus,llm,0.750,unreviewed,
discarded,"Perceived social support, attachment representations, and academic risk-taking in higher education",Pfost M.,2026,Social Psychology of Education,10.1007/s11218-026-10229-7,https://www.scopus.com/inward/record.uri?partnerID=HzOxMe3b&scp=105039756314&origin=inward,off-topic-false-hit; other_topic; academic_risk_taking; not_instructional_sequence,,scopus,llm,0.950,unreviewed,
discarded,Teacher Mediation and the Contingent Promise of Generative AI in Mathematics Education,Canonigo A.M.,2026,Journal of Computer Assisted Learning,10.1002/jcal.70307,https://www.scopus.com/inward/record.uri?partnerID=HzOxMe3b&scp=105046516681&origin=inward,adjacent-subtopic; adjacent_ai; teacher_mediation; not_ps_i,,scopus,llm,0.910,unreviewed,
discarded,Self-study followed by discussion enhances learning for high school students,Lim J.,2026,Instructional Science,10.1007/s11251-026-09801-7,https://www.scopus.com/inward/record.uri?partnerID=HzOxMe3b&scp=105041620606&origin=inward,adjacent-subtopic; self_study_before_discussion; sequence_comparison; not_the_ps_i_comparison,,scopus,llm_reviewed,0.620,changed,kept->discarded
discarded,Theories of Action Needed to Guide Emerging Models for Professional Learning: An Examination of a Theory of Action for Instructional Coaching,Gibbons L.K.,2026,Elementary School Journal,10.1086/742022,https://www.scopus.com/inward/record.uri?partnerID=HzOxMe3b&scp=105042339717&origin=inward,off-topic-false-hit; other_topic; professional_learning; not_ps_i,,scopus,llm,0.970,unreviewed,
discarded,Sequential patterns of challenges and socially shared regulation of learning: a comparison of pre-service and in-service teachers’ collaborative learning,Channa F.,2026,Instructional Science,10.1007/s11251-026-09818-y,https://www.scopus.com/inward/record.uri?partnerID=HzOxMe3b&scp=105046736448&origin=inward,adjacent-subtopic; adjacent_collaborative_learning; not_ps_i,,scopus,llm,0.940,unreviewed,
discarded,Every cloud has a silver lining: Academic involution atmosphere as a double-edged sword for research creativity,Liu J.X.,2026,Thinking Skills and Creativity,10.1016/j.tsc.2026.102208,https://www.scopus.com/inward/record.uri?partnerID=HzOxMe3b&scp=105034587557&origin=inward,off-topic-false-hit; other_topic; research_creativity; not_learning_intervention,,scopus,llm,0.980,unreviewed,
discarded,Improving students' conceptual understanding on stationary and traveling waves through EBM-Assisted PjBL,Nesi Y.M.D.,2026,Aip Conference Proceedings,10.1063/5.0337479,https://www.scopus.com/inward/record.uri?partnerID=HzOxMe3b&scp=105048512609&origin=inward,adjacent-subtopic; adjacent_project_based_learning; not_ps_i,,scopus,llm,0.900,unreviewed,
discarded,Retrieval Interruption Framework: AI-Assisted Cognition and Retrieval-Dependent Learning in Higher Education,Morales C.,2026,Education Sciences,10.3390/educsci16081179,https://www.scopus.com/inward/record.uri?partnerID=HzOxMe3b&scp=105048443696&origin=inward,adjacent-subtopic; adjacent_ai; retrieval_learning; not_ps_i,,scopus,llm,0.960,unreviewed,
discarded,Using real-time process data of domain-specific learning processes to provide adaptive support for learning and instruction: Challenges and opportunities,Azevedo R.,2026,Learning and Instruction,10.1016/j.learninstruc.2026.102363,https://www.scopus.com/inward/record.uri?partnerID=HzOxMe3b&scp=105034635890&origin=inward,adjacent-subtopic; adjacent_process_data; not_ps_i,,scopus,llm,0.930,unreviewed,
discarded,A Design-Based Approach to Playful Algebra Learning with DragonBox Algebra,Bernier J.,2026,Digital Experiences in Mathematics Education,10.1007/s40751-026-00195-2,https://www.scopus.com/inward/record.uri?partnerID=HzOxMe3b&scp=105036304601&origin=inward,adjacent-subtopic; adjacent_design_based_research; algebra_game; not_ps_i,,scopus,llm,0.920,unreviewed,
discarded,A domain-specific perspective on adaptivity,Strohmaier A.,2026,Learning and Instruction,10.1016/j.learninstruc.2026.102364,https://www.scopus.com/inward/record.uri?partnerID=HzOxMe3b&scp=105034932781&origin=inward,adjacent-subtopic; adjacent_theory; adaptivity; not_ps_i,,scopus,llm,0.940,unreviewed,
discarded,"The Cognitive Ecology of Learning: Attentional Fragmentation, Cognitive Malnourishment, and Cognitive Endurance in Technology-Rich Secondary Science Classrooms",Morales C.,2026,Education Sciences,10.3390/educsci16081181,https://www.scopus.com/inward/record.uri?partnerID=HzOxMe3b&scp=105048432078&origin=inward,adjacent-subtopic; adjacent_cognitive_ecology; not_ps_i,,scopus,llm,0.950,unreviewed,
discarded,"Virtual reality and augmented reality technology for safety training in high-risk industries: A literature review on applications, perspectives and challenges",Abbas Al-Khafaji Z.K.,2026,Work,10.1177/10519815261423156,https://www.scopus.com/inward/record.uri?partnerID=HzOxMe3b&scp=105045691664&origin=inward,adjacent-subtopic; adjacent_review; safety_training; not_ps_i,,scopus,llm,0.980,unreviewed,
discarded,Personality’s voice: how personality traits shape verbal processes in collaborative problem-solving,Buseyne S.,2026,Frontiers in Psychology,10.3389/fpsyg.2026.1830668,https://www.scopus.com/inward/record.uri?partnerID=HzOxMe3b&scp=105046830534&origin=inward,adjacent-subtopic; adjacent_problem_solving; personality; not_instruction_sequence,,scopus,llm,0.940,unreviewed,
discarded,A Precollege Summer Enrichment Chemistry Workshop and Its Impact on Student Progression and Success,Hatfield R.A.,2026,Journal of Chemical Education,10.1021/acs.jchemed.6c00255,https://www.scopus.com/inward/record.uri?partnerID=HzOxMe3b&scp=105045048946&origin=inward,off-topic-false-hit; other_topic; chemistry_workshop; not_ps_i,,scopus,llm,0.940,unreviewed,
discarded,The Neural Bridge: From Haptic Cords to Python Code - A Multi-Abstraction Instructional Sequence for Teaching Neural Networks in K-12,Ritter F.,2026,Iticse 2026 Proceedings of the 31st ACM Conference on Innovation and Technology in Computer Science Education V 2,10.1145/3803401.3811980,https://www.scopus.com/inward/record.uri?partnerID=HzOxMe3b&scp=105048481924&origin=inward,off-topic-false-hit; other_ai_ml; k12_neural_networks; not_ps_i,,scopus,llm,0.960,unreviewed,
discarded,"Pedagogical Alignment, Adaptivity, and Analytics in Intelligent Tutoring Systems: A Systematic Review",Houssam I.,2026,Electronic Journal of E Learning,10.34190/ejel.24.4.4779,https://www.scopus.com/inward/record.uri?partnerID=HzOxMe3b&scp=105045902797&origin=inward,adjacent-subtopic; adjacent_systematic_review; intelligent_tutoring_systems; not_ps_i,,scopus,llm,0.970,unreviewed,
discarded,A Case Study of Inclusive Learning Experience Design (I-LXD) Using Mainstream Technology for an Elementary Student with Physical Disabilities,Juik E.,2026,Korean Journal of Physical Multiple and Health Disabilities,10.20971/kcpmd.2026.69.3.259,https://www.scopus.com/inward/record.uri?partnerID=HzOxMe3b&scp=105048143925&origin=inward,off-topic-false-hit; other_topic; inclusive_design_case_study; not_ps_i,,scopus,llm,0.970,unreviewed,
kept,Problem-solving prior to instruction in learning motor skills - initial self-determined practice improves javelin throwing performance,Katharina Loibl; Christian Leukel,2022,,10.35542/osf.io/rd2ya,https://openalex.org/W4308201792,supports-claim; supports_claim; motor_skills; self_determined_practice_before_instruction,"A question that many parents face when their child learns motor skills like riding a bicycle concerns the temporal order of instruction and self-determined practice. In physical education, a systematic evaluation of this temporal order on learning outcomes is so far missing. In the present study, ninety 7th graders learned javelin throwing. They either received instruction on the technical movement features of javelin throwing before self-determined practice (I-PS), or they started with self-determined practice and received the instruction afterwards (PS-I). We measured changes in throwing distance and changes in performance of technical features of the throws. Students with PS-I, but not students with I-PS, significantly increased javelin throwing distance and improved technical features. We discuss potential underlying mechanisms of these effects, in particular the role of awareness of knowledge gaps through initial practice that could be elaborated on during subsequent instruction, and the suppression of implicit learning processes with instruction.",openalex,llm,0.970,unreviewed,
kept,An alternative time for telling: When conceptual instruction prior to problem solving improves mathematical knowledge,Emily R. Fyfe; Marci S. DeCaro; Bethany Rittle‐Johnson,2014,British Journal of Educational Psychology,10.1111/bjep.12035,https://openalex.org/W2105183171,qualifies-claim; qualifies_claim; instruction_first_better; math; children; pf_reverse,"BACKGROUND: The sequencing of learning materials greatly influences the knowledge that learners construct. Recently, learning theorists have focused on the sequencing of instruction in relation to solving related problems. The general consensus suggests explicit instruction should be provided; however, when to provide instruction remains unclear. AIMS: We tested the impact of conceptual instruction preceding or following mathematics problem solving to determine when conceptual instruction should or should not be delayed. We also examined the learning processes supported to inform theories of learning more broadly. SAMPLE: We worked with 122 second- and third-grade children. METHOD: In a randomized experiment, children received instruction on the concept of math equivalence either before or after being asked to solve and explain challenging equivalence problems with feedback. RESULTS: Providing conceptual instruction first resulted in greater procedural knowledge and conceptual knowledge of equation structures than delaying instruction until after problem solving. Prior conceptual instruction enhanced problem solving by increasing the quality of explanations and attempted procedures. CONCLUSIONS: Providing conceptual instruction prior to problem solving was the more effective sequencing of activities than the reverse. We compare these results with previous, contrasting findings to outline a potential framework for understanding when instruction should or should not be delayed.",openalex,llm_reviewed,0.990,confirmed,
kept,Delaying Instruction Alone Doesn't Work: Comparing and Contrasting Student Solutions is Necessary for Learning from Problem-Solving Prior to Instruction.,Katharina Loibl; Nikol Rummel,2013,Computer Supported Collaborative Learning,,https://openalex.org/W2902632445,qualifies-claim; qualifies_claim; instruction_phase_matters; productive_failure; pf_consolidation_dup,,dblp,llm_reviewed,0.910,confirmed,
discarded,Nudging Learning Behaviour: A Systematic Review,Kok Khiang Lim; Chei Sian Lee,2022,Proceedings of the Association for Information Science and Technology,10.1002/pra2.712,https://openalex.org/W4306250238,off-topic-false-hit; other_topic; nudge_review; not_ps_i,"ABSTRACT This review examines nudge intervention in influencing learning behaviours from the context of the information use environment. It was conducted based on PRISMA guidelines. Six major databases were searched, and ten studies were included in this review after screening. Overall, the included studies reported beneficial outcomes in the academic settings, but results were mixed as nudge interventions were context‐dependent. To convey course‐related information during the nudge intervention, all the included studies used at least one technique from category A‐Decision Information and most used a secondary technique to enhance or manipulate the intervention. Among the techniques, A1‐Translate Information, A2‐Make Information Visible, and C1‐Provide Reminders were widely used. However, there was no ideal nudge technique or a combination of nudge techniques that were effective across all situations. Nonetheless, this review underscored the importance of incorporating nudge techniques in an informational learning environment that could shape and motivate learners.",openalex,llm,0.980,unreviewed,
