status,title,authors,year,venue,doi,url,tags,abstract,provider,decision_source,llm_confidence,llm_review_outcome,llm_change_direction
discarded,Constructivist instructional approaches: A systematic review of evaluation‐based evidence for effectiveness,Natnael Terefe Arega; Tigist Shiferaw Hunde,2025,Review of Education,10.1002/rev3.70040,https://openalex.org/W4407273646,adjacent-subtopic; adjacent_constructivist_review; not_ps_i_specific,"Abstract Constructivist instructional approaches have gained significant popularity in education as educators seek to create more engaging and effective learning environments. However, the effectiveness of these approaches in promoting student learning remains a subject of debate. This systematic review aims to synthesise existing evaluation‐based research on the effectiveness of constructivist approaches in improving student learning outcomes compared to traditional instructional methods, and to identify specific empirically proven effective constructivist approaches. Using standard review methodology, we searched ERIC, Education Research Complete, British Education Index, Social Science Citation Index, and Applied Social Sciences Index and Abstracts as sources of quasi‐ or true‐experimental educational studies published in the last 10 years (2014–2023). Inclusion/exclusion criteria were based on the PICO (population, intervention, comparison, outcome) framework and the year and language of publications. A total of 1315 studies were identified. Studies were screened by two independent reviewers who also extracted the data and accessed the study quality and risk of bias using the Joanna Briggs Institute (JBI) critical appraisal tool. Thirty‐two articles met the inclusion criteria. Content analysis was used to code, analyse and synthesise the texts. This review study identified seven broad instructional approaches with a wide range of specific implementation strategies, rooted in constructivist learning theory, that revealed significant improvements in the various domains of learning. In conclusion, there is sufficient empirical data to be able to state with certainty that these instructional approaches are proven alternatives to the traditional method. Implications for educators, curriculum planners and researchers are briefly discussed. Context and implications Rationale for this study : Constructivist and process‐based learning approaches have been given more significance recently. Evidence‐informed practice requires practitioners and policy makers to integrate current best evidence with client context in order to provide meaningful and potentially effective services across a range of presenting problems. Systematic reviews are a crucial part of this process, providing practitioners and researchers with transparent, rigorous and informative syntheses of research in a given area. Hence, this systematic review is conducted with the purpose to identify empirically proven effective constructivist teaching‐learning approaches and implementation strategies that could be valuable input for curriculum planners and educators. Why the new findings matter : The findings from this systematic review are important in highlighting the most effective constructivist teaching‐learning approaches and showing important developments in the research area. As such, the findings can inform policy and practice for teacher education and professional development at national and international scales. Implications for educators, curriculum planners and researchers : Firstly, educators will benefit greatly by understanding the constructivist approach of teaching. By using the teaching‐learning strategies identified by this review study, educators can provide the necessary ground to increase students' motivation, academic achievement and academic vitality, as well as reduce their academic procrastination. Secondly, curriculum planners can incorporate these constructivist instructional strategies in curriculum planning and in the development and preparation of framework/guidelines for achievements of intended learning outcomes. Finally, the ideas and experiences in the examined articles would inspire educational researchers to explore further the potential of constructivist instructional methods focusing on unexplored areas identified and discussed by this review.",openalex,llm,0.910,unreviewed,
kept,Putting Students on the Path to Learning: The Case for Fully Guided Instruction.,Richard E. Clark; Paul A. Kirschner; John Sweller,2012,DSpace (Open University in the Netherlands),,https://openalex.org/W2147793744,qualifies-claim; qualifies_claim; fully_guided_instruction; cognitive_load_critique,"Clark, R. E., Kirschner, P. A., & Sweller, J. (2012). Putting students on the path to learning: The case for fully guided instruction. American Educator, 36(1), 6-11.",openalex,llm,0.940,unreviewed,
discarded,Applying the Global Change App in Different Instruction Settings to Foster Climate Change Knowledge among Student Teachers,Roman Asshoff; Christiane Konnemann; Nadine Tramowsky; Werner Rieß,2021,Sustainability,10.3390/su13169208,https://openalex.org/W3193748943,adjacent-subtopic; adjacent_discovery_vs_guidance; app_learning; not_ps_i,"This study focuses on learning with the Global Change app, an interactive tool for fostering climate change knowledge. Numerous studies have contributed to the question on what type of instruction is best to achieve learning gains. The findings are mixed. We applied the app in university courses and investigated which instructional setting a discovery learning approach (no supplementary guidance) or an approach that leans more toward direct instruction is more effective (+ supplementary guidance). Thus, we distinguished between conceptual and procedural guidance within our direct instruction approach. Our study was implemented in a digital learning environment with 110 students participating in the study. We applied a 2 × 2 experimental design with different types of guidance as treatment (conceptual and procedural). An online questionnaire was administered in pretest and posttest to measure climate change knowledge as well as different variables. Our results show that the app provided gains in climate change knowledge in a short period of time regardless of treatment. Further, students who received no supplementary guidance acquired more knowledge about climate change than the groups that received supplemental guidance (either conceptual, procedural, or both). Learning gain correlated significantly negatively with cognitive load across the whole sample, but there were no significant differences between groups. This finding might be interpreted in terms of the renowned expertise reversal effect.",openalex,llm,0.910,unreviewed,
discarded,The Role of Direct Strategy Instruction and Indirect Activation of Self-Regulated Learning—Evidence from Classroom Observation Studies,Charlotte Dignath; Marcel V. J. Veenman,2020,Educational Psychology Review,10.1007/s10648-020-09534-0,https://openalex.org/W3043401174,adjacent-subtopic; adjacent_self_regulated_learning_support; not_ps_i,"Abstract Despite the consensus about the importance of self-regulated learning for academic as well as for lifelong learning, it is still poorly understood as to how teachers can most effectively support their students in enacting self-regulated learning. This article provides a framework about how self-regulated learning can be activated directly through strategy instruction and indirectly by creating a learning environment that allows students to regulate their learning. In examining teachers’ instructional attempts for SRL, we systematically review the literature on classroom observation studies that have assessed how teachers support their students’ SRL. The results of the 17 retrieved studies show that in most classrooms, only little direct strategy instruction took place. Nevertheless, some teachers provided their students with learning environments that require and thus foster self-regulated learning indirectly. Based on a review of classroom observation studies, this article stresses the significance of (1) instructing SRL strategies explicitly so that students develop metacognitive knowledge and skills to integrate the application of these strategies successfully into their learning process, and (2) the necessity of complementing classroom observation research with data gathered from student and teacher self-report in order to obtain a comprehensive view of the effectiveness of teacher approaches to support SRL. Finally, we discuss ten cornerstones for future directions for research about supporting SRL.",openalex,llm,0.950,unreviewed,
discarded,Learning of Core Disciplinary Ideas: Efficacy Comparison of Two Contrasting Modes of Science Instruction,David Schuster; William W. Cobern; Betty Adams; Adriana Undreiu; Brandy Pleasants,2017,Research in Science Education,10.1007/s11165-016-9573-3,https://openalex.org/W2620411466,adjacent-subtopic; adjacent_science_instruction_modes; not_ps_i_specific,"Science curricula and teaching methods vary greatly, depending in part on which facets of science are emphasized, e.g., core disciplinary ideas or science practices and process skills, and perspectives differ considerably on desirable pedagogies. Given the multi-faceted nature of science and the variety of teaching methods found in practice, it is no simple task to determine what teaching approaches might be most effective and for what purposes. Research into relative efficacy faces considerable challenges, with confounding factors, ambiguities, conflations, and lack of controls being threats to validity. We provide a conceptual framework characterizing the many teaching strategies found in practice as being variants of two fundamental contrasting epistemic modes, and we disentangle conflations of terms and confusions of constructs in both teaching practice and research. Instructional units for two science topics were developed in parallel in the alternative epistemic modes, differing in concept learning paths but otherwise equivalent. We conducted a randomized controlled study of the comparative efficacy of the two modes for learning core disciplinary ideas, using operationally defined active-direct and guided-inquiry teaching methods. Five middle school teachers taught each unit in both modes over 4 years of classroom trials in an 8-day summer program for eighth grade students. Student understanding of core ideas was assessed using pre- and post-tests, and learning gains were analyzed by mode, teacher, topic, and trial year. Although routes to concept understanding were very different in the two modes, eventual student learning gains were similar, within statistical variation. Efficacy variations between and within teachers were greater than between modes, indicating the importance of teacher effects on student achievement. Findings suggest that teachers need not be bound to one mode throughout and can flexibly decide on the pedagogical approach for each concept and situation, on several grounds other than efficacy of core content acquisition alone.",openalex,llm,0.900,unreviewed,
discarded,Effect of Computer-Aided Instruction on Attitude and Achievement of Fifth Grade Math Students.,Traci L. Shoemaker,2013,Digital Commons (Liberty University),,https://openalex.org/W1717326213,adjacent-subtopic; adjacent_computer_aided_instruction; not_ps_i,"The purpose of this quasi-experimental non-equivalent control group study was to test theories of constructivism and motivation, along with research-based teaching practices of differentiating instruction and instructing within a child's Zone of Proximal Development, in measuring the effect of computer-aided instruction on fifth grade students' attitude and achievement in math. Students in Pennsylvania completed an attitude survey at the beginning, middle, and end of the study (Pierce, Stacey & Barkatsas, 2007). Achievement was measured by the 4Sight Math assessment (Pennsylvania State Education Association, 2007) which was given at the beginning of the study, after the first seven weeks of instruction, and then at the end of the study. Five fifth grade teachers were randomly assigned as treatment or control, indicating which instructional strategy they would implement. Treatment groups received traditional direct instruction and guided practice, and then computer-aided instruction as a supplemental math practice session. Control groups participated in traditional instruction and guided practice, which incorporated Interactive Whiteboards, with only traditional methods used for supplemental practice. Data from the attitude survey were used to indicate changes that students showed after using the computer for practice as compared to using traditional methods of practice. Data from the 4Sight Math assessments were used to determine any changes in achievement after each method was implemented. Results determined that computer-aided instruction did not have a significant effect on student achievement, but did positively impact the attitude of low-achievers.",openalex,llm,0.960,unreviewed,
discarded,The Knowledge‐Learning‐Instruction Framework: Bridging the Science‐Practice Chasm to Enhance Robust Student Learning,Kenneth R. Koedinger; Albert T. Corbett; Charles A. Perfetti,2012,Cognitive Science,10.1111/j.1551-6709.2012.01245.x,https://openalex.org/W2106779500,adjacent-subtopic; adjacent_instructional_framework; kli; not_ps_i_specific,"Despite the accumulation of substantial cognitive science research relevant to education, there remains confusion and controversy in the application of research to educational practice. In support of a more systematic approach, we describe the Knowledge-Learning-Instruction (KLI) framework. KLI promotes the emergence of instructional principles of high potential for generality, while explicitly identifying constraints of and opportunities for detailed analysis of the knowledge students may acquire in courses. Drawing on research across domains of science, math, and language learning, we illustrate the analyses of knowledge, learning, and instructional events that the KLI framework affords. We present a set of three coordinated taxonomies of knowledge, learning, and instruction. For example, we identify three broad classes of learning events (LEs): (a) memory and fluency processes, (b) induction and refinement processes, and (c) understanding and sense-making processes, and we show how these can lead to different knowledge changes and constraints on optimal instructional choices.",openalex,llm,0.940,unreviewed,
discarded,Direct and indirect instruction in educational robotics: a comparative study of task performance per cognitive level and student perception,Branko Anđić; Mirjana Maričić; Filiz Mumcu; Theodosia Prodromou; Janika Leoste; Musa Saimon; Zsolt Lavicza,2024,Smart Learning Environments,10.1186/s40561-024-00298-6,https://openalex.org/W4393052840,adjacent-subtopic; adjacent_direct_vs_indirect_instruction; robotics; not_ps_i,"Abstract Educational Robotics (ER) has emerged as one of the tools to improve STEM learning in primary education if students are properly instructed. However, there is a lack of studies that guide teachers on which type of instruction should be used for ER in STEM between direct (DI) and indirect instruction (II). As a result, the present study aims to compare the two types of instructions in terms of their effect on learning outcomes, students’ perceptions, and students’ gender differences. We adopted a quasi-experiment comparative research design involving 100 ninth-grade students (13–14 years old). We collected data through achievement tests and perception questionnaires and analyzed them using Cochran’s Q-test, Mann–Whitney U -test, and independent samples t-test. Results show that the group in which II was used performed better than those from the group where DI was used. Also, the results show that girls performed better with DI than boys. Furthermore, students perceived ER as useful for developing collaboration and interest in STEM. Therefore, teachers should be supported in learning how to use II and DI strategically in ER to enhance STEM learning.",openalex,llm,0.930,unreviewed,
discarded,"Parents as tutors of their own children, effects of a training program on children's achievement and confidence of parents","Hendrikse, James",2000,Library and Archives Canada (Government of Canada),,https://openalex.org/W3138888358,off-topic-false-hit; other_topic; parent_tutoring; not_ps_i,"A study invoiving 85 parents and their elementary school children was conducted to determine the effect of a training program on parents' tutoring effectiveness as measured by their children's school achievement and the self-confidence of parents themselves.The results of this 16-week training provided drarnatic and conclusive evidence of the effectiveness of extramural tutonng when parents are systematically trained to do so.The effects of such tutoring upon children's Iearning outcomes were superior to unsupervised parent tutorinp and also more effective than small-group special education instruction in enhancing children's acadernic skills.Furthemore, parents' self-confidence significantly increased as a consequence of the training provided.The findinps were examined in light of Bloom's ( 1984) 2-sigma postulate and against specific leming and motivational theories.The conclusions arrived at through this view into the black box of parent tutorinp suggested a more explicit and concentrated inspection by future research on the content and quality of parent-child interactions as opposed to the traditional surfacestructure preoccupations.This is a necessary step if the prevailing uncenainties in this focus are to be resolved.This research will be of benefit to both theorists and instructors of parent tutoring programs, and it will convey a clear message to parents who wish to help their children with schoolwork at home, that with informed support and guidance, effkctive extramural tutoring is well within their grasp.",openalex,llm,0.980,unreviewed,
discarded,Gaming science: the “Gamification” of scientific thinking,Bradley J. Morris; Steve Croker; Corinne Zimmerman; Devin Gill; Connie J. Romig,2013,Frontiers in Psychology,10.3389/fpsyg.2013.00607,https://openalex.org/W2072166773,adjacent-subtopic; adjacent_gamification; scientific_thinking; not_ps_i,"Science is critically important for advancing economics, health, and social well-being in the twenty-first century. A scientifically literate workforce is one that is well-suited to meet the challenges of an information economy. However, scientific thinking skills do not routinely develop and must be scaffolded via educational and cultural tools. In this paper we outline a rationale for why we believe that video games have the potential to be exploited for gain in science education. The premise we entertain is that several classes of video games can be viewed as a type of cultural tool that is capable of supporting three key elements of scientific literacy: content knowledge, process skills, and understanding the nature of science. We argue that there are three classes of mechanisms through which video games can support scientific thinking. First, there are a number of motivational scaffolds, such as feedback, rewards, and flow states that engage students relative to traditional cultural learning tools. Second, there are a number of cognitive scaffolds, such as simulations and embedded reasoning skills that compensate for the limitations of the individual cognitive system. Third, fully developed scientific thinking requires metacognition, and video games provide metacognitive scaffolding in the form of constrained learning and identity adoption. We conclude by outlining a series of recommendations for integrating games and game elements in science education and provide suggestions for evaluating their effectiveness.",openalex,llm,0.950,unreviewed,
discarded,"Associations between teaching approaches, epistemological beliefs, utility value, and science-related career choice: A study across different metacognitive levels",Guo X.,2027,Thinking Skills and Creativity,10.1016/j.tsc.2026.102339,https://www.scopus.com/inward/record.uri?partnerID=HzOxMe3b&scp=105048420106&origin=inward,adjacent-subtopic; adjacent_teaching_approaches; career_choice; not_ps_i,,scopus,llm,0.940,unreviewed,
discarded,"Effects of explicit, inquiry-based, and problem-based instructional strategies in interactive learning environments on retention effect and learning transfer",Ji M.,2026,Learning and Motivation,10.1016/j.lmot.2026.102284,https://www.scopus.com/inward/record.uri?partnerID=HzOxMe3b&scp=105039150748&origin=inward,adjacent-subtopic; adjacent_inquiry_problem_based_strategies; not_ps_i_specific,,scopus,llm,0.900,unreviewed,
discarded,The role of load reduction instruction in assisting students with weak mental imagery,Martin A.J.,2026,Learning and Individual Differences,10.1016/j.lindif.2026.102913,https://www.scopus.com/inward/record.uri?partnerID=HzOxMe3b&scp=105034984900&origin=inward,adjacent-subtopic; adjacent_load_reduction_instruction; not_ps_i,,scopus,llm,0.960,unreviewed,
discarded,Guided Inquiry-Based Instruction Assisted by Variation Theory as a Strategy to Enhance Students’ Achievement and Goal Orientations in Solid Geometry,Yeshanew A.,2026,European Journal of Stem Education,10.20897/ejsteme/18145,https://www.scopus.com/inward/record.uri?partnerID=HzOxMe3b&scp=105042434544&origin=inward,adjacent-subtopic; adjacent_guided_inquiry; solid_geometry; not_ps_i,,scopus,llm,0.940,unreviewed,
