status,title,authors,year,venue,doi,url,tags,abstract,provider,decision_source,llm_confidence,llm_review_outcome,llm_change_direction
Methods: The population of the study consists of all ninth grade private high school students who study science courses in English in the Cankaya district of Ankara in Turkey. There were four high schools, with 33 classes and 660 students, satisfying this condition in the district. We chose one school and four classes, comprising 73 ninth grade students. The students in the sample correspond to approximately 11 % of the students in the population. For a conceptual physics approach, we adapted Paul G. Hewitt's ideas about conceptual physics to high school physics instruction in simple electricity. For the study, various learning materials were prepared with a conceptual physics approach in mind. Two physics teachers and their four classes were enrolled in the study. Each teacher had two classes; one was assigned as an experimental group and the other was assigned as control group. Two groups of students (N-1=34) were instructed with the conceptual physics approach, while the other two groups (N-2=33) were instructed by the traditional method. For the study, two measuring tools were used; the Achievement Test about Simple Electricity (ACT) and the Attitude Scale about Simple Electricity (ATS). The ACT and ATS were administered to both experimental and control group students as pre-tests before the instruction and as post-tests after the instruction. The study continued for three weeks; students in both groups completed instruction designed for them.

Findings and Results: The main effects of treatments were analyzed by using MANCOVA and follow up ANCOVA techniques. These analyses denoted that the conceptual physics approach led to a better understanding of simple electricity than did the traditional method. Also, the students instructed with the conceptual physics approach developed more positive attitudes than the students instructed according to the traditional method.

Conclusions and Recommendations: The conceptual physics approach led to intensive teacher-student and student-student interactions and a larger commitment of instructional time to individual exploration. Hence, conceptual physics enabled students to understand the main concepts and encouraged them to think critically. In conclusion, the conceptual physics approach should be used in physics lessons.",wos,llm,0.940,unreviewed,
discarded,Unraveling students' misconceptions about the earth's shape and gravity,"Sneider, CI; Ohadi, MM",1998,SCIENCE EDUCATION,,https://www.webofscience.com/wos/woscc/full-record/WOS:000072706800008,adjacent-subtopic; adjacent_constructivist_teaching; misconceptions; not_ps_i,"The present study was designed to test the effectiveness of a constructivist-historical teaching strategy in changing students' misconceptions about the earth's shape and gravity at the upper elementary and middle school levels. The experimental treatment was an astronomy unit in the series Great Explorations in Math and Science (GEMS), entitled Earth, Moon, and Stars, which provides opportunities for students to clarify and articulate their understanding of the earth's shape and gravity concepts, and to modify their ideas through class discussions, creative activities, observations of the sky, and manipulating concrete models to help them explain the phenomena that they observed. The study included 539 students from 18 classrooms in 10 different states. Most of the teachers learned to present the treatment and administer and score the assessment instruments at a summer institute sponsored by the National Science Foundation. The primary experiment was a treatment-group-only design, in which the teachers administered the same test to all students before and after the treatment. The purpose of this experiment was to determine the impact of the treatment on students' understanding of the earth's shape and gravity concepts. Data were analyzed in three age groups: fourth and fifth graders; sixth graders; and seventh and eighth graders. As expected from previous studies, on the pretest all classes displayed a wide variety of conceptions about the earth's shape and gravity. After the unit, however, the number of subjects who held misconceptions was far fewer. Chi-square analyses showed that a significant number of the students at all grade levels shed their misconceptions concerning both the earth's shape and gravity. A surprising finding was that younger subjects responded more positively to the experimental treatment than older students, so that, after instruction, fourth and fifth graders were as knowledgeable as seventh and eighth graders concerning the earth's shape and gravity. An additional study was conducted at two of the sites, in which pre-and posttests were administered to all subjects, but some subjects received the treatment and others did not. The treatment group showed significant gains, whereas the experimental group showed no significant difference, thus ruling out the effect of maturation and the effect of the test itself as alternative explanations for improvement. The results of this study support a constructivist-historical approach as fruitful in developing instructional methods and materials to help students change core concepts that are normally highly resistant to instruction. The study concludes with suggestions for further research, and for placing instruction on this topic at a strategic point in the school curriculum. (C) 1998 John Wiley & Sons, Inc.",wos,llm,0.940,unreviewed,
discarded,Teaching Multivariational Reasoning Through AI-Guided Inquiry in Interactive Simulations,Shved E.,2027,Lecture Notes in Computer Science,10.1007/978-3-032-29763-1_11,https://www.scopus.com/inward/record.uri?partnerID=HzOxMe3b&scp=105043976174&origin=inward,off-topic-false-hit; other_ai_ml; ai_guided_inquiry; not_ps_i,,scopus,llm,0.950,unreviewed,
discarded,"Tools, Teammates, or Threats? How Pedagogical Reasoning Shapes Novice Instructional Designers’ Judgments About AI in Education",Moore S.,2027,Lecture Notes in Computer Science,10.1007/978-3-032-29763-1_22,https://www.scopus.com/inward/record.uri?partnerID=HzOxMe3b&scp=105043980275&origin=inward,off-topic-false-hit; other_ai_ml; ai_in_education_judgments; not_ps_i,,scopus,llm,0.970,unreviewed,
discarded,Towards Real-Time Personalized Feedback in Open-Ended Learning Environments,Prihar E.,2027,Lecture Notes in Computer Science,10.1007/978-3-032-29755-6_30,https://www.scopus.com/inward/record.uri?partnerID=HzOxMe3b&scp=105043723261&origin=inward,off-topic-false-hit; other_ai_ml; personalized_feedback; not_ps_i,,scopus,llm,0.960,unreviewed,
discarded,Introducing Adolescents to the Social Dimensions of AI Through Story-Driven Game-Based Learning,Vandenberg J.,2027,Lecture Notes in Computer Science,10.1007/978-3-032-29773-0_25,https://www.scopus.com/inward/record.uri?partnerID=HzOxMe3b&scp=105043965049&origin=inward,off-topic-false-hit; other_ai_ml; game_based_learning; not_ps_i,,scopus,llm,0.950,unreviewed,
discarded,Development of an Educational Robotics Intervention for Individuals with Intellectual Disability: A Pilot Study,Vasileiou T.,2027,Lecture Notes in Computer Science,10.1007/978-3-032-31285-3_42,https://www.scopus.com/inward/record.uri?partnerID=HzOxMe3b&scp=105046316497&origin=inward,adjacent-subtopic; adjacent_robotics_intervention; not_ps_i,,scopus,llm,0.950,unreviewed,
discarded,How can a learning study model contribute to teachers’ professional development? Perspectives from a community of history teachers,Nersäter A.,2026,International Journal for Lesson and Learning Studies,10.1108/IJLLS-01-2026-0010,https://www.scopus.com/inward/record.uri?partnerID=HzOxMe3b&scp=105043874976&origin=inward,off-topic-false-hit; other_topic; teacher_professional_development; not_ps_i,,scopus,llm,0.970,unreviewed,
discarded,Perceived changes in the self following an MBCT protocol: a qualitative study to inform further theory development,Chachignon P.,2026,Mental Health and Social Inclusion,10.1108/MHSI-06-2025-0178,https://www.scopus.com/inward/record.uri?partnerID=HzOxMe3b&scp=105035493765&origin=inward,off-topic-false-hit; other_topic; mbct; not_ps_i,,scopus,llm,0.990,unreviewed,
discarded,Generative AI and knowledge management in higher education: the impact of human development on student perceptions,Bencsik A.,2026,Journal of Knowledge Management,10.1108/JKM-07-2025-0995,https://www.scopus.com/inward/record.uri?partnerID=HzOxMe3b&scp=105037172450&origin=inward,off-topic-false-hit; other_ai_ml; student_perceptions_genai; not_ps_i,,scopus,llm,0.960,unreviewed,
discarded,Enhancing conceptual understanding of secondary school students on mechanics through inquiry-driven laboratory instruction in physics education,Abuna T.,2026,Discover Education,10.1007/s44217-026-01616-5,https://www.scopus.com/inward/record.uri?partnerID=HzOxMe3b&scp=105040666032&origin=inward,adjacent-subtopic; adjacent_inquiry_lab_instruction; not_ps_i,,scopus,llm,0.910,unreviewed,
discarded,The impact of mathematics curriculum based on the DT-PjBL framework on college students’ creativity and conceptual change,Yao D.,2026,Humanities and Social Sciences Communications,10.1057/s41599-026-07379-6,https://www.scopus.com/inward/record.uri?partnerID=HzOxMe3b&scp=105043750644&origin=inward,adjacent-subtopic; adjacent_project_based_learning; conceptual_change; not_ps_i,,scopus,llm,0.900,unreviewed,
discarded,Differential affordances in gamified learning environments: how interactive features mediate calculus understanding in higher education,Angel D.,2026,Learning Environments Research,10.1007/s10984-026-09602-2,https://www.scopus.com/inward/record.uri?partnerID=HzOxMe3b&scp=105047166724&origin=inward,adjacent-subtopic; adjacent_gamified_learning; calculus; not_ps_i,,scopus,llm,0.920,unreviewed,
discarded,The Educational Potentials of Digital Games for Cultivation of Abstract Thinking in Children: a conceptual-phenomenological analysis of ‘Minecraft’,Karami M.,2026,Journal of Philosophical Investigations,10.22034/jpiut.2025.66914.4085,https://www.scopus.com/inward/record.uri?partnerID=HzOxMe3b&scp=105043130901&origin=inward,adjacent-subtopic; adjacent_conceptual_analysis; digital_games; not_ps_i,,scopus,llm,0.970,unreviewed,
discarded,Task difficulty and knowledge exploration among secondary school students: the mediating role of epistemic emotions,Shukla J.,2026,Metacognition and Learning,10.1007/s11409-026-09475-z,https://www.scopus.com/inward/record.uri?partnerID=HzOxMe3b&scp=105040701842&origin=inward,adjacent-subtopic; adjacent_knowledge_exploration; epistemic_emotions; not_ps_i,,scopus,llm,0.910,unreviewed,
discarded,Enact-Examine-Extract (E3): an epistemic tool to scaffold upper elementary students’ conceptual and epistemic understanding of artificial intelligence,Yue M.,2026,International Journal of Stem Education,10.1186/s40594-026-00604-3,https://www.scopus.com/inward/record.uri?partnerID=HzOxMe3b&scp=105037277713&origin=inward,off-topic-false-hit; other_ai_ml; ai_understanding; not_ps_i,,scopus,llm,0.950,unreviewed,
discarded,Science concept mapping in local cultural practices as a conceptual basis for active learning and contextual assessment,Hairida H.,2026,Discover Education,10.1007/s44217-026-01581-z,https://www.scopus.com/inward/record.uri?partnerID=HzOxMe3b&scp=105043502205&origin=inward,adjacent-subtopic; adjacent_active_learning; concept_mapping; not_ps_i,,scopus,llm,0.950,unreviewed,
discarded,The effects of virtual reality-based mathematics activities on second-grade students’ computational thinking skills and mathematics achievement,Akçay A.O.,2026,Thinking Skills and Creativity,10.1016/j.tsc.2026.102334,https://www.scopus.com/inward/record.uri?partnerID=HzOxMe3b&scp=105047704948&origin=inward,adjacent-subtopic; adjacent_vr_math; not_ps_i,,scopus,llm,0.950,unreviewed,
discarded,Types of self-regulated learners matter in the association between instruction quality and digital reading performance,Yang Z.,2026,Metacognition and Learning,10.1007/s11409-026-09490-0,https://www.scopus.com/inward/record.uri?partnerID=HzOxMe3b&scp=105047600551&origin=inward,adjacent-subtopic; adjacent_instruction_quality; digital_reading; not_ps_i,,scopus,llm,0.960,unreviewed,
discarded,Teachers’ perception and acceptance of virtual laboratory integration in mathematics teaching in Rwandan secondary schools using the technology acceptance model,Ngiruwonsanga A.,2026,Discover Education,10.1007/s44217-026-01107-7,https://www.scopus.com/inward/record.uri?partnerID=HzOxMe3b&scp=105030184387&origin=inward,off-topic-false-hit; other_topic; technology_acceptance; not_ps_i,,scopus,llm,0.980,unreviewed,
discarded,Developing deep learning in science through an adaptive AI-based STEM instructional program: evidence from sixth-grade classrooms,Bin Bakheet T.,2026,International Journal of Stem Education,10.1186/s40594-026-00630-1,https://www.scopus.com/inward/record.uri?partnerID=HzOxMe3b&scp=105045017459&origin=inward,off-topic-false-hit; other_ai_ml; adaptive_ai_program; not_ps_i,,scopus,llm,0.960,unreviewed,
discarded,Epistemic emotions as markers and mechanisms in socio-scientific issue learning through digital curation,Haj R.,2026,Disciplinary and Interdisciplinary Science Education Research,10.1186/s43031-026-00157-z,https://www.scopus.com/inward/record.uri?partnerID=HzOxMe3b&scp=105033472154&origin=inward,adjacent-subtopic; adjacent_epistemic_emotions; digital_curation; not_ps_i,,scopus,llm,0.950,unreviewed,
discarded,Bridging Reasoning in Mathematics and Science: a Document Analysis of Applying and Reasoning in the TIMSS Assessment Framework and the Case for Utilization of Resources,Choi K.M.,2026,Educational Psychology Review,10.1007/s10648-025-10115-2,https://www.scopus.com/inward/record.uri?partnerID=HzOxMe3b&scp=105030457563&origin=inward,adjacent-subtopic; adjacent_document_analysis; reasoning_framework; not_ps_i,,scopus,llm,0.960,unreviewed,
discarded,VERSE: Visual Embedding Reduction and Space Exploration — Latent-space clustering for improving document understanding,de Rodrigo I.,2026,Pattern Recognition,10.1016/j.patcog.2026.114448,https://www.scopus.com/inward/record.uri?partnerID=HzOxMe3b&scp=105044850890&origin=inward,off-topic-false-hit; other_ai_ml; document_understanding; not_human_learning,,scopus,llm,0.990,unreviewed,
discarded,The epistemology of practice: an exploratory case study of five conceptions of teaching and learning in engineering instructional laboratories,Coutinho G.S.,2026,International Journal of Stem Education,10.1186/s40594-026-00624-z,https://www.scopus.com/inward/record.uri?partnerID=HzOxMe3b&scp=105044834541&origin=inward,adjacent-subtopic; adjacent_teaching_conceptions; engineering_labs; not_ps_i,,scopus,llm,0.950,unreviewed,
discarded,L’exploration des effets d’une intervention pédagogique favorisant la mobilisation des habiletés reliées au processus d’enquête en milieu minoritaire francophone au secondaire,Blanchard S.F.J.,2026,Canadian Journal of Science Mathematics and Technology Education,10.1007/s42330-026-00507-z,https://www.scopus.com/inward/record.uri?partnerID=HzOxMe3b&scp=105047486762&origin=inward,adjacent-subtopic; adjacent_inquiry_process; not_ps_i,,scopus,llm,0.900,unreviewed,
discarded,Developing and validating a multi-tiered instrument for assessing knowledge and reasoning about socioscientific issues,Bailey J.M.,2026,Disciplinary and Interdisciplinary Science Education Research,10.1186/s43031-026-00173-z,https://www.scopus.com/inward/record.uri?partnerID=HzOxMe3b&scp=105047714890&origin=inward,off-topic-false-hit; other_topic; assessment_instrument; not_ps_i,,scopus,llm,0.980,unreviewed,
discarded,Exploring english teachers' creativity in classroom practices and assessments: a multifaceted approach utilizing bloom's taxonomy,Mousavi K.,2026,Asian Pacific Journal of Second and Foreign Language Education,10.1186/s40862-025-00375-4,https://www.scopus.com/inward/record.uri?partnerID=HzOxMe3b&scp=105037955028&origin=inward,off-topic-false-hit; other_topic; teacher_creativity; not_ps_i,,scopus,llm,0.970,unreviewed,
discarded,Motivational Apprenticeship: An Apprenticeship Framework for Developing Students’ Motivational Competencies,Li S.,2026,Educational Psychology Review,10.1007/s10648-025-10114-3,https://www.scopus.com/inward/record.uri?partnerID=HzOxMe3b&scp=105027906452&origin=inward,adjacent-subtopic; adjacent_apprenticeship; motivation; not_ps_i,,scopus,llm,0.950,unreviewed,
discarded,"Applied methods for matching implementation strategies to determinants: a scoping review of scientific and grey literature, and qualitative exploration of practice experiences",Vis C.,2026,Implementation Science,10.1186/s13012-025-01477-w,https://www.scopus.com/inward/record.uri?partnerID=HzOxMe3b&scp=105030296293&origin=inward,off-topic-false-hit; other_topic; implementation_science; not_ps_i,,scopus,llm,0.990,unreviewed,
discarded,From simulation to flight: Simulation-assisted drone learning with teacher-AI co-designed scaffolds for secondary students’ STEM knowledge and competencies,Yeung R.C.Y.,2026,Computers and Education Artificial Intelligence,10.1016/j.caeai.2026.100651,https://www.scopus.com/inward/record.uri?partnerID=HzOxMe3b&scp=105046285404&origin=inward,off-topic-false-hit; other_ai_ml; drone_learning; teacher_ai_scaffolds; not_ps_i,,scopus,llm,0.950,unreviewed,
discarded,Exploring the Generative Gateway to Computational Thinking (EGG Model): Reversing the Perspective from Outside-In to Inside-Out,Mumcu F.,2026,Thinking Skills and Creativity,10.1016/j.tsc.2026.102324,https://www.scopus.com/inward/record.uri?partnerID=HzOxMe3b&scp=105046523143&origin=inward,adjacent-subtopic; adjacent_computational_thinking; conceptual_model; not_ps_i,,scopus,llm,0.950,unreviewed,
discarded,Motivational climate through the eyes of teachers: a scoping review based on achievement goal theory,Fejes J.B.,2026,Social Psychology of Education,10.1007/s11218-026-10181-6,https://www.scopus.com/inward/record.uri?partnerID=HzOxMe3b&scp=105029501172&origin=inward,off-topic-false-hit; other_topic; scoping_review; motivation_climate; not_ps_i,,scopus,llm,0.980,unreviewed,
discarded,Design and exploratory evaluation of an AI-supported blended learning environment for big data education,Liu M.,2026,Learning Environments Research,10.1007/s10984-026-09593-0,https://www.scopus.com/inward/record.uri?partnerID=HzOxMe3b&scp=105046495732&origin=inward,off-topic-false-hit; other_ai_ml; blended_learning_environment; not_ps_i,,scopus,llm,0.960,unreviewed,
discarded,Learning from Machinery Misspeaks: Cognitive Basis of Ableism and Bias in AI-Generated Content,Abdelzaher E.,2026,Corpus Pragmatics,10.1007/s41701-025-00216-2,https://www.scopus.com/inward/record.uri?partnerID=HzOxMe3b&scp=105022802995&origin=inward,off-topic-false-hit; other_ai_ml; bias_in_ai_content; not_ps_i,,scopus,llm,0.980,unreviewed,
discarded,Effect of online digital storytelling on the comprehension of authentic listening materials and engagement of junior high school EFL learners,Wang W.,2026,Scientific Reports,10.1038/s41598-026-36913-4,https://www.scopus.com/inward/record.uri?partnerID=HzOxMe3b&scp=105030358228&origin=inward,adjacent-subtopic; adjacent_digital_storytelling; efl_listening; not_ps_i,,scopus,llm,0.960,unreviewed,
discarded,A thematic synthesis of emerging research on English language teachers’ use of ChatGPT for language teaching,Xodabande I.,2026,Discover Education,10.1007/s44217-026-01520-y,https://www.scopus.com/inward/record.uri?partnerID=HzOxMe3b&scp=105040537919&origin=inward,off-topic-false-hit; other_ai_ml; chatgpt_review; not_ps_i,,scopus,llm,0.970,unreviewed,
discarded,A Deweyan perspective on science learning,Doğan M.F.,2026,Discover Education,10.1007/s44217-026-01745-x,https://www.scopus.com/inward/record.uri?partnerID=HzOxMe3b&scp=105046517634&origin=inward,adjacent-subtopic; adjacent_philosophy_of_science_learning; not_ps_i,,scopus,llm,0.950,unreviewed,
discarded,Integrating interactive simulations in higher education: the 5E-FLEX model,da Silva R.A.,2026,Discover Education,10.1007/s44217-026-01105-9,https://www.scopus.com/inward/record.uri?partnerID=HzOxMe3b&scp=105029375848&origin=inward,adjacent-subtopic; adjacent_simulations; model; not_ps_i,,scopus,llm,0.950,unreviewed,
discarded,Understanding the cognitive cost of multimedia learning: effects of visual load and language proficiency,Bali C.,2026,Cognitive Research Principles and Implications,10.1186/s41235-025-00699-2,https://www.scopus.com/inward/record.uri?partnerID=HzOxMe3b&scp=105026840676&origin=inward,adjacent-subtopic; adjacent_multimedia_learning; cognitive_load; not_ps_i,,scopus,llm,0.960,unreviewed,
