status,title,authors,year,venue,doi,url,tags,abstract,provider,decision_source,llm_confidence,llm_review_outcome,llm_change_direction
kept,Embodied preparation for learning basic quantum chemistry: A mixed‐method study,Charlotte H. Müller; Markus Reiher; Manu Kapur,2023,Journal of Computer Assisted Learning,10.1111/jcal.12909,https://openalex.org/W4389082278,adjacent-subtopic; ps_i; chemistry; mechanisms; mixed_methods,"Abstract Background Haptic feedback has been shown to be an effective facilitator of the learning of scientific concepts in a series of studies. However, little is known about the underlying salient learning mechanisms, which are activated when learning from haptic feedback. Objectives We investigate the learning mechanism in a higher chemistry education setting, in which the students learned about the abstract concept of potential energy in a quantum chemical context. Methods In this work, we present a mixed‐methods problem‐solving prior to instruction (PS‐I) study with chemistry bachelor students. In an interactive quantum chemistry learning environment, the students explored the energetic profiles of nucleophilic substitution reactions and the corresponding activation barriers experienced as repulsion and attraction. We measured cognitive and affective mechanisms which have been shown to be activated in PS‐I designs, such as knowledge gap awareness, state curiosity, and positive affect as well as the learning outcome quantitatively and the learning trajectories qualitatively. Results and Conclusions Planned contrasts revealed a small hindering effect of the haptic feedback on the learning outcome. Thematic analysis of the qualitative data lets us attribute this effect to the lack of scaffolding of the haptic feedback and the spontaneous atomic movements in the simulation, which may be interpreted as a visual representation of force in itself. This work highlights the importance of accurate mappings of the haptic feedback unto the target domain and further delivers insight into the prior conceptions of chemistry undergraduate students.",openalex,llm,0.950,unreviewed,
kept,Does sequence matter? Productive failure and designing online authentic learning for process engineering,Polly K. Lai; Alisha Portolese; Michael J. Jacobson,2016,British Journal of Educational Technology,10.1111/bjet.12492,https://openalex.org/W2497843261,supports-claim; supports_claim; productive_failure; online_learning; conceptual_knowledge; transfer,"Abstract This paper presents a study that applied both productive failure (PF) and authentic learning instructional approaches in online learning activities for early‐career process engineers' professional development. This study compares participants learning with either a PF (low‐to‐high [LH]) or a more traditional (high‐to‐low) learning sequence—the only difference between groups was the sequence of activities. In line with recent research on PF, this simple learning design tweak had a substantial effect—participants in the LH condition demonstrated significantly higher learning gains than those in the high‐to‐low condition on measures of conceptual knowledge and transfer. This paper concludes with implications for designing online learning experiences and discusses how careful attention to design decisions, such as activity sequence, can have a meaningful impact without increasing learning time.",openalex,llm,0.970,unreviewed,
kept,From problem-solving to sensemaking: A comparative meta-analysis of preparatory approaches for future learning,Tanmay Sinha; Manu Kapur,2021,,10.35542/osf.io/83p7e,https://openalex.org/W4234523973,supports-claim; meta_analysis; preparatory_approaches; qualifies_claim; supports_claim; pf_meta,"Against the backdrop of a growing body of research showing the effectiveness of problem-solving activities followed by instruction (PS-I), we report a meta-analysis of the effectiveness of three broad categories of preparatory activities on future learning from instruction: (a) problem-solving followed by instruction (PS-I), (b) scaffolded problem-solving followed by instruction (+PS-I), or (c) an alternative sensemaking activity followed by instruction (!PS-I)? We examined 118 experimental comparisons spanning 33 articles that compared PS-I with +PS-I and !PS-I designs. Although scaffolding was descriptively associated with a small effect size, there was no significant difference relative to PS-I (Hedge’s g -0.08 [95% CI -0.20, 0.04]). Additionally, PS-I exhibited a non-significant moderate effect (Hedge’s g 0.22 [95% CI -0.06, 0.51]) compared to !PS-I. Bayesian analyses strongly favored the null hypothesis for the comparison of PS-I with +PS-I (suggesting a 99% probability of the difference in effect between these designs being less than 0.2), while it suggested a 40.37% probability of at least a moderate effect favoring PS-I relative to !PS-I. Further, the estimation of true effect sizes after accounting for the publication bias suggested moderate effect sizes in favor of PS-I, when considering both comparison conditions +PS-I (Hedge’s g 0.55) and !PS-I (Hedge’s g 0.64).",openalex,llm_reviewed,0.960,confirmed,
kept,Learning Activities in a Dynamic Learning Environment to Foster a Basic Fraction Concept,Rowena Merkel; Timo Leuders; Frank Reinhold; Katharina Loibl,2025,International Journal of Science and Mathematics Education,10.1007/s10763-025-10602-6,https://openalex.org/W4414867549,adjacent-subtopic; ps_i; dynamic_learning_environment; fraction_concept; mixed_results,"Abstract Research indicates that generating multiple solutions during a problem-solving phase before subsequent instruction (problem-solving prior to instruction) has a beneficial effect on the acquisition of conceptual understanding. This effect can be supported by visualizations that enable the use of multiple solution strategies through interactive manipulation. In a digital learning environment for fraction comparison tasks using dynamic fraction bars (i.e., fraction bars that can be interactively manipulated), we investigated how solution strategies adopted by students predicted their learning outcomes in relation to the basic (non-symbolic, representational) fraction concept and how learning in a dynamic learning environment compared to learning in a static environment (i.e., fraction bars without interactive manipulation) leads to a better basic fraction concept. The experiment included 92 fifth graders. We found a descriptive but nonsignificant trend of students in the dynamic condition performing better on a post-task than those in the static condition. However, there was a substantial aptitude–treatment interaction. In the static environment, students’ prior mathematical conceptual understanding of basic arithmetic operations of addition, subtraction, division, and multiplication of natural numbers had a significant effect on the learning outcomes, whereas in the dynamic learning environment, students’ prior mathematical knowledge did not influence their learning outcomes. Moreover, the quality of the solution strategies employed in the dynamic digital learning environment predicted the learning outcomes in the post-task. This finding shows that students who use the dynamic fraction bars effectively achieve a better learning outcome.",openalex,llm,0.880,unreviewed,
discarded,The effects of contextual group guided discovery learning on students' mathematical understanding and reasoning,Slamet Arifin; Wahyudin Wahyudin; Tatang Herman,2020,Jurnal Prima Edukasia,10.21831/jpe.v8i2.33059,https://openalex.org/W3091363079,adjacent-subtopic; adjacent_guided_discovery; not_ps_i,"In this study, we examine the effect of contextual group guided discovery (CGGD) learning approach on students' mathematical understanding and reasoning. This study was conducted through a quasi-experimental method with a control group pre and post-test design. The participants of this study were two groups of 4th-grade students in Kuningan, Indonesia. Each group was comprised of 22 students (N=44). While the experimental group was conducting mathematics learning with the CGGD learning approach, the control group was conducting mathematics learning with problem-based learning (PBL). The data were collected through a test of students' mathematical understanding (TSMU) and a test of students' mathematical reasoning (TSMR) developed by researchers. The results showed that there were significant differences in the gain score of students' mathematical understanding (SMU) (U = 134.00, Z= -2.539, P = 0.011 < 0.05) and students' mathematical reasoning (SMR) (U = 139.500, Z= -2.412, P = 0.016 < 0.05) between the experimental and the control group . The gain score and post-test score of SMU and SMR on the experimental group that implemented the CGGD learning approach were significantly higher than the control group. Therefore, we conclude that the CGGD learning approach was proven influential to empower SMU and SMR.",openalex,llm,0.940,unreviewed,
kept,Comparing the effectiveness of preparatory activities that help undergraduate students learn from instruction,Dragan Trninić; Tanmay Sinha; Manu Kapur,2022,Learning and Instruction,10.1016/j.learninstruc.2022.101688,https://openalex.org/W4296531277,qualifies-claim; preparatory_activities; undergraduates; qualifies_claim,"Students can learn better from instruction after first engaging in activities that prepare them to learn (Kapur, 2016; Loibl, Roll, & Rummel, 2017; Schwartz & Bransford, 1998). In this study, we compare the effectiveness of four activities that prepare university students to learn from instruction. We use productive failure, an established instructional design, as the baseline preparatory condition. In productive failure, students generate solutions to challenging but accessible problems, which serves as preparation for formal instruction. We compare this approach with three alternative preparatory activities: contrasting a correct and an incorrect solution, sensemaking of the correct solution only, and studying a fully worked-out example of the correct solution. Despite the differences in preparatory activities, participants on average performed nearly identically on most of the process and outcome measures. In universities, or with similarly advanced learners, a variety of activities may be equally effective at preparing students to learn from instruction.",openalex,llm,0.980,unreviewed,
kept,Prior math achievement and inventive production predict learning from productive failure,Manu Kapur; Janan Saba; Ido Roll,2023,npj Science of Learning,10.1038/s41539-023-00165-y,https://openalex.org/W4376642517,adjacent-subtopic; productive_failure; prior_achievement; mechanisms; boundary_conditions,"A frequent concern about constructivist instruction is that it works well, mainly for students with higher domain knowledge. We present findings from a set of two quasi-experimental pretest-intervention-posttest studies investigating the relationship between prior math achievement and learning in the context of a specific type of constructivist instruction, Productive Failure. Students from two Singapore public schools with significantly different prior math achievement profiles were asked to design solutions to complex problems prior to receiving instruction on the targeted concepts. Process results revealed that students who were significantly dissimilar in prior math achievement seemed to be strikingly similar in terms of their inventive production, that is, the variety of solutions they were able to design. Interestingly, it was inventive production that had a stronger association with learning from PF than pre-existing differences in math achievement. These findings, consistent across both topics, demonstrate the value of engaging students in opportunities for inventive production while learning math, regardless of prior math achievement.",openalex,llm,0.960,unreviewed,
kept,Can failure be made productive also in Bayesian reasoning? A conceptual replication study,Katharina Loibl; Timo Leuders,2024,Instructional Science,10.1007/s11251-024-09670-y,https://openalex.org/W4400597827,qualifies-claim; qualifies_claim; conceptual_replication; bayesian_reasoning; boundary_conditions,"Abstract The composite instructional design PS-I combines an initial problem-solving phase (PS) with a subsequent explicit instruction phase (I). PS-I has proven effective for conceptual learning in comparison to instructional designs with the reverse order (I-PS), especially when the explicit instruction phase productively builds on students’ erroneous or incomplete (i.e., failed) solution attempts. Building on student solutions during explicit instruction may support students to integrate their intermediate knowledge (acquired during problem solving) with the newly introduced knowledge components. While these effects have been shown for learning the concept of variance in multiple studies, it remains unclear whether these effects generalize to other situations. We conducted a conceptual replication study of Loibl and Rummel (Loibl and Rummel, Learning and Instruction 34:74–85, 2014a) choosing Bayesian reasoning as target knowledge. 75 students were assigned to four conditions in a 2 × 2 design (factor 1: PS-I vs. I-PS; factor 2: instruction phase with vs. without typical student solutions). In contrast to Loibl and Rummel (2014a), we did neither find a main effect for PS-I vs. I-PS, nor for building on typical student solutions. The missing effect of PS-I can be explained by the fact that students merely activated their prior knowledge on probabilities without exploring the problem-solving space and without becoming aware of their knowledge gaps. The missing effect of building on typical student solutions can be explained by a mismatch of the solutions generated and the ones included in the explicit instruction. Therefore, building on typical student solutions did not foster an integration of students’ intermediate knowledge and the introduced knowledge components.",openalex,llm,0.980,unreviewed,
kept,Learning in Vicarious Failure: How Intermediate Knowledge Links Prior Knowledge Activation And Conceptual Knowledge,Charleen Brand; Katharina Loibl; Nikol Rummel,2024,Proceedings.,10.22318/icls2024.808730,https://openalex.org/W4399488660,adjacent-subtopic; vicarious_failure; mechanisms; intermediate_knowledge,"In Vicarious Failure, students prepare for learning from subsequent instruction by studying other students' erroneous solution attempts.This preparation activates prior knowledge, which is assumed to help students process the instruction, but it is unclear how it affects students' learning from activating to building conceptual knowledge during instruction.We analyzed students' learning by assessing their knowledge based on the number of conceptual features of a targeted concept at three points in time: during the preparation phase, in an intermediate test before instruction, and in a post-test after instruction.We hypothesized that the effect of students' prior knowledge activation on their learning from instruction would be mediated by their intermediate knowledge, and expected that students' knowledge of conceptual features would remain consistent from one phase to the next.While no mediation effect emerged, students' knowledge mostly remained consistent from one point in time to the next.",openalex,llm,0.880,unreviewed,
discarded,Whether to flip Extreme Apprenticeship: which is more effective in programming instruction?,Sinan Hopcan; Elif Polat; Ebru Albayrak,2022,Education and Information Technologies,10.1007/s10639-022-11055-y,https://openalex.org/W4224287253,adjacent-subtopic; adjacent_programming_instruction; extreme_apprenticeship; unclear_ps_i,,openalex,llm,0.770,unreviewed,
kept,From Goal to Success: How Learning Goals and Relevant Knowledge Activation Promote Learning from Problem Solving Before Instruction,Charleen Brand; Katharina Loibl; Nikol Rummel,2025,Educational Psychology Review,10.1007/s10648-025-10074-8,https://openalex.org/W4415660406,adjacent-subtopic; ps_i; goal_formulation; mechanisms; boundary_conditions,"Abstract Problem solving prior to instruction (PS-I) involves complex learning mechanisms such as prior knowledge activation across two learning phases. Goal formulations of such learning phases may interact with these mechanisms. We examine how differences in goal type (problem-solving vs. learning goal) and specificity (specified vs. unspecified goal) affect students’ prior knowledge activation and learning. In a 2 × 2 experimental design, we varied the goal formulation in a PS-I design. Participants were randomly assigned to four conditions: specified and unspecified learning goals as well as specified and unspecified problem-solving goals. We analyzed the effect of goal type and specificity, and their combination, on students’ conceptual learning and prior knowledge activation by analyzing the quantity and relevance of generated solution attempts. We additionally considered how learner characteristics, such as students’ mastery-goal orientation, interacted with the experimental manipulation. Specified goals led to higher solution relevance, which mediated effects on learning outcomes. Learning goals resulted in better conceptual knowledge than problem-solving goals but did not affect solution quantity. Students with a pre-existing mastery-goal orientation achieved superior learning outcomes with learning goals, suggesting a motivational effect. Our findings highlight the importance of goal formulation in instructional designs such as PS-I. Learning goals in PS-I can enhance conceptual learning, particularly for students with a mastery-goal orientation. Specified goals that allow for relevant solution generation are crucial for effective prior knowledge activation, especially in traditional PS-I settings with problem-solving goals.",openalex,llm,0.970,unreviewed,
kept,Is having more prerequisite knowledge better for learning from productive failure?,Pee Li Leslie Toh; Manu Kapur,2017,Instructional Science,10.1007/s11251-016-9402-0,https://openalex.org/W2605609742,adjacent-subtopic; productive_failure; prerequisite_knowledge; boundary_conditions,,openalex,llm,0.880,unreviewed,
kept,Using HeuristicsMiner to Analyze Problem-Solving Processes,Christian Hartmann; Nikol Rummel; Maria Bannert,2022,Journal of Learning Analytics,10.18608/jla.2022.7363,https://openalex.org/W4292410993,adjacent-subtopic; productive_failure; process_analysis; learning_analytics,"This paper presents a fine-grained process analysis of 22 students in a classroom-based learning setting. The students engaged (and failed) in problem-solving attempts prior to instruction (i.e., the Productive-Failure approach). We used the HeuristicsMiner algorithm to analyze the data of a quasi-experimental study. The applied algorithm allowed us to investigate temporally structured think-aloud data, to outline productive and unproductive problem-solving strategies. Our analyses and findings demonstrated that HeuristicsMiner enables researchers to effectively mine problem-solving processes and sequences, even for smaller sample sizes, which cannot be done with traditional code-and-count strategies. The limitations of the algorithm, as well as further implications for educational research and practice, are also discussed.",openalex,llm,0.910,unreviewed,
discarded,Learning Mechanisms Explaining Learning With Digital Tools in Educational Settings: a Cognitive Process Framework,Frank Reinhold; Timo Leuders; Katharina Loibl; Matthias Nückles; Maik Beege; Jan Boelmann,2024,Educational Psychology Review,10.1007/s10648-024-09845-6,https://openalex.org/W4391255977,adjacent-subtopic; adjacent_framework; digital_tools_learning; not_ps_i,"Abstract To explain successful subject matter learning with digital tools, the specification of mediating cognitive processes is crucial for any empirical investigation. We introduce a cognitive process framework for the mechanisms of learning with digital tools (CoDiL) that combines core ideas from the psychology of instruction (utilization-of-learning-opportunity framework), cognitive psychology (knowledge-learning-instruction framework), and domain-specific research on learning and instruction. This synthesizing framework can be used to theoretically ground, firstly, the design of digital tools for learning, and secondly, the empirical analysis of students’ learning activities in digitally enriched educational settings via the analysis of specific student-tool interactions.",openalex,llm,0.930,unreviewed,
