status,title,authors,year,venue,doi,url,tags,abstract,provider,decision_source,llm_confidence,llm_review_outcome,llm_change_direction
discarded,Developing Self-Directed Learners,Jennifer D. Robinson; Adam M. Persky,2020,American Journal of Pharmaceutical Education,10.5688/ajpe847512,https://openalex.org/W2988302081,adjacent-subtopic; adjacent_self_directed_learning; not_ps_i,"Objective. To discuss the meaning of self-directed learning, challenges with implementation, and strategies to overcome obstacles in educational settings. In this paper we define self-directed learning, differentiate it from similar terminology, and discuss the empirical evidence for its development and strategies for its use within higher education. Summary. Self-directed learning as a defined teaching pedagogy has been around since the 1960s and can be used in classroom and experiential settings. It is a term that is commonly used to describe a set of skills that college graduates should possess. A self-directed learning environment is dramatically different from a lecture-based classroom where the educator determines the goals, the assessments administered, and pacing of the course content. During the self-directed learning process, the learner sets goals, determines how progress will be assessed, defines the structure and sequence of activities and a timeline, identifies resources, and seeks out feedback. When teaching individuals who are new to this model, care must be taken to appropriately scaffold and structure learning to develop the underlying soft skills needed for students to be successful as self-directed learners. When implementing this pedagogy in a classroom setting, challenges are faced both by the learner and the educator. Faculty members should proactively plan for potential challenges during the course design process.",openalex,llm,0.960,unreviewed,
discarded,"A Problem Based Learning Meta Analysis: Differences Across Problem Types, Implementation Types, Disciplines, and Assessment Levels",Andrew Walker; Heather Leary,2009,Interdisciplinary Journal of Problem-based Learning,10.7771/1541-5015.1061,https://openalex.org/W2134817291,adjacent-subtopic; adjacent_problem_based_learning_meta_analysis; not_ps_i_specific,"Problem based learning (PBL) in its most current form originated in Medical Education but has since been used in a variety of disciplines (Savery & Duffy, 1995) at a variety of educational levels (Savery, 2006). Although recent meta analyses have been conducted (Dochy, Segers, Van den Bossche, & Gijbels, 2003; Gijbels, Dochy, Van den Bossche, & Segers, 2005) that attempted to go beyond medical education, they found only one study in economics and were unable to explain large portions of the variance across results. This work builds upon their efforts as a meta-analysis that crosses disciplines as well as categorizes the types of problems used (Jonassen, 2000), the PBL approach employed (Barrows, 1986), and the level of assessment (Gijbels et al., 2005; Sugrue, 1993, 1995). Across 82 studies and 201 outcomes the findings favor PBL (d = 0.13, +/- .025) with a lack of homogeneity (Q = 954.27) that warrants a closer examination of moderating factors.",openalex,llm,0.940,unreviewed,
discarded,Multimodal Learning Analytics and Education Data Mining: using computational technologies to measure complex learning tasks,Paulo Blikstein; Marcelo Worsley,2016,Journal of Learning Analytics,10.18608/jla.2016.32.11,https://openalex.org/W2520384474,off-topic-false-hit; other_ai_ml; learning_analytics; not_ps_i,"New high-frequency multimodal data collection technologies and machine learning analysis techniques could offer new insights into learning, especially when students have the opportunity to generate unique, personalized artifacts, such as computer programs, robots, and solutions engineering challenges. To date most of the work on learning analytics and educational data mining has been focused on online courses and cognitive tutors, both of which provide a high degree of structure to the tasks, and are restricted to interactions that occur in front of a computer screen. In this paper, we argue that multimodal learning analytics can offer new insights into students’ learning trajectories in more complex and open-ended learning environments. We present several examples of this work and its educational application.",openalex,llm,0.970,unreviewed,
discarded,Virtual Patient Simulations in Health Professions Education: Systematic Review and Meta-Analysis by the Digital Health Education Collaboration,Andrzej A. Kononowicz; Luke Woodham; Samuel Edelbring; Natalia Stathakarou; David Davies; Nakul Saxena; Lorainne Tudor Car; Jan Carlstedt‐Duke; Josip Car; Nabil Zary,2019,Journal of Medical Internet Research,10.2196/14676,https://openalex.org/W2954595068,adjacent-subtopic; adjacent_meta_analysis; virtual_patients; not_ps_i,"Background: Virtual patients are interactive digital simulations of clinical scenarios for the purpose of health professions education. There is no current collated evidence on the effectiveness of this form of education. Objective: The goal of this study was to evaluate the effectiveness of virtual patients compared with traditional education, blended with traditional education, compared with other types of digital education, and design variants of virtual patients in health professions education. The outcomes of interest were knowledge, skills, attitudes, and satisfaction. Methods: We performed a systematic review on the effectiveness of virtual patient simulations in pre- and postregistration health professions education following Cochrane methodology. We searched 7 databases from the year 1990 up to September 2018. No language restrictions were applied. We included randomized controlled trials and cluster randomized trials. We independently selected studies, extracted data, and assessed risk of bias and then compared the information in pairs. We contacted study authors for additional information if necessary. All pooled analyses were based on random-effects models. Results: A total of 51 trials involving 4696 participants met our inclusion criteria. Furthermore, 25 studies compared virtual patients with traditional education, 11 studies investigated virtual patients as blended learning, 5 studies compared virtual patients with different forms of digital education, and 10 studies compared different design variants. The pooled analysis of studies comparing the effect of virtual patients to traditional education showed similar results for knowledge (standardized mean difference [SMD]=0.11, 95% CI −0.17 to 0.39, I2=74%, n=927) and favored virtual patients for skills (SMD=0.90, 95% CI 0.49 to 1.32, I2=88%, n=897). Studies measuring attitudes and satisfaction predominantly used surveys with item-by-item comparison. Trials comparing virtual patients with different forms of digital education and design variants were not numerous enough to give clear recommendations. Several methodological limitations in the included studies and heterogeneity contributed to a generally low quality of evidence. Conclusions: Low to modest and mixed evidence suggests that when compared with traditional education, virtual patients can more effectively improve skills, and at least as effectively improve knowledge. The skills that improved were clinical reasoning, procedural skills, and a mix of procedural and team skills. We found evidence of effectiveness in both high-income and low- and middle-income countries, demonstrating the global applicability of virtual patients. Further research should explore the utility of different design variants of virtual patients.",openalex,llm,0.970,unreviewed,
discarded,Making PBL Sustainable for L2 Beginners: An Anki-Based Approach to Motivation and Autonomy in Elementary Hindi Learning,Taejin Koh; Yongjeong Kim,2025,Sustainability,10.3390/su172310547,https://openalex.org/W4416673093,adjacent-subtopic; adjacent_project_based_learning; language_learning; not_ps_i,"This study examines the motivational and sustainability effects of an Anki-based, individualized project-based learning (PBL) model in an elementary Hindi language course. Conventional PBL approaches in language education typically rely on collaborative, production-focused tasks that can be demanding for novice learners and usually conclude when the final project is submitted, leaving little structured support for continued practice. In this study, script, vocabulary, expression, sentence patterns, and pronunciation are not treated as background work but defined as the core pedagogical problem. Over the semester, each learner builds and refines a personalized Anki deck—a multimedia flashcard system based on spaced repetition—designed to support Devanagari word and sentence recognition, pronunciation practice, listening comprehension, and vocabulary retention. Each student constructed an individual deck aligned with course content, selecting vocabulary items, creating example sentences, and developing personalized memory cues that matched their learning pace and needs. Motivation was measured with a modified Instructional Materials Motivation Survey (IMMS) using only positively worded items to enhance reliability. Results showed consistently high scores across all ARCS domains, particularly for Confidence (M = 3.86) and Satisfaction (M = 3.93). Female students reported higher average scores, but gender showed no association with motivational grouping. Strong correlations among ARCS dimensions indicated consistent engagement across motivational components. Cluster analysis identified two groups of learners: highly motivated learners who treated deck creation as an ongoing learning resource, and less motivated learners who still maintained scores above the neutral midpoint—engaged enough to manage typical beginner challenges. The findings suggest that Anki-based PBL can make project-based learning workable at the novice level. By positioning deck creation as both the problem students solve and the tool they build, the model integrates continuous, self-paced practice into the project structure rather than treating it as a one-time deliverable. This design responds to a familiar gap in beginner language instruction: what happens when formal scaffolding ends. Unlike conventional PBL, which concludes with project submission, this approach creates a resource learners can use independently over time, embedding ongoing vocabulary retention and autonomous practice into the learning experience itself.",openalex,llm,0.950,unreviewed,
discarded,The Development of Cognitive Load Theory: Replication Crises and Incorporation of Other Theories Can Lead to Theory Expansion,John Sweller,2023,Educational Psychology Review,10.1007/s10648-023-09817-2,https://openalex.org/W4386853706,adjacent-subtopic; adjacent_cognitive_load_theory; replication_crises; not_ps_i_specific,"Abstract Cognitive load theory has been in development since the 1980s. Much of the impetus for that development has come from firstly, replication failures using randomised controlled trials and secondly, from the incorporation of other theories into cognitive load theory. Both have led to theory expansion. The immediate cause of the so-called “replication crisis” in psychology and other disciplines is a failure to replicate previous empirical findings. Using cognitive load theory as an example, I argue that the appearance of contradictory evidence does not necessarily derive from a failure to properly collect data. Rather, it can be caused by initially insufficiently detailed theories, with increasing detail often revealing the reason for a failure to replicate. For cognitive load theory, each failure to replicate, rather than being a negative, contributed to the further development of the theory. In addition, the theory has developed over many years by closely incorporating other theories associated with human cognitive architecture and evolutionary psychology. In this paper, I discuss some of the developmental milestones associated with cognitive load theory and how they were informed by replication failures and theory integration.",openalex,llm,0.920,unreviewed,
discarded,Eye tracking in Educational Science: Theoretical frameworks and research agendas,Halszka Jarodzka; Kenneth Holmqvist; Hans Gruber,2017,Journal of Eye Movement Research,10.16910/jemr.10.1.3,https://openalex.org/W2594780739,adjacent-subtopic; adjacent_methodology; eye_tracking; not_ps_i,"Eye tracking is increasingly being used in Educational Science and so has the interest of the eye tracking community grown in this topic. In this paper we briefly introduce the discipline of Educational Science and why it might be interesting to couple it with eye tracking research. We then introduce three major research areas in Educational Science that have already successfully used eye tracking: First, eye tracking has been used to improve the instructional design of computer-based learning and testing environments, often using hyper- or multimedia. Second, eye tracking has shed light on expertise and its development in visual domains, such as chess or medicine. Third, eye tracking has recently been also used to promote visual expertise by means of eye movement modeling examples. We outline the main educational theories for these research areas and indicate where further eye tracking research is needed to expand them.",openalex,llm,0.970,unreviewed,
discarded,Serious Games for education and training,Alessandro De Gloria; Francesco Bellotti; Riccardo Berta,2014,International Journal of Serious Games,10.17083/ijsg.v1i1.11,https://openalex.org/W2090201009,adjacent-subtopic; adjacent_serious_games_review; not_ps_i,"Serious Games (SGs) are gaining an ever increasing interest for education and traning. Exploiting the latest simulation and visualization technologies, SGs are able to contextualize the player’s experience in challenging, realistic environments, supporting situated cognition. However, we still miss methods and tools for effectively and deeply infusing pedagogy and instruction inside digital games. After presenting an overview of the state of the art of the SG taxonomies, the paper introduces the pedagogical theories and models most relevant to SGs and their implications on SG design. We also present a schema for a proper integration of games in education, supporting different goals in different steps of a formal education process. By analyzing a set of well-established SGs and formats, the paper presents the main mechanics and models that are being used in SG designs, with a particular focus on assessment, feedback and learning analytics. An overview of tools and models for SG design is also presented. Finally, based on the performed analysis, indications for future research in the field are provided.",openalex,llm,0.960,unreviewed,
discarded,Learning Is Moving in New Ways: The Ecological Dynamics of Mathematics Education,Dor Abrahamson; Raúl Sánchez García,2016,Journal of the Learning Sciences,10.1080/10508406.2016.1143370,https://openalex.org/W2330244257,adjacent-subtopic; adjacent_embodied_math_learning; not_ps_i,"Whereas emerging technologies, such as touchscreen tablets, are bringing sensorimotor interaction back into mathematics learning activities, existing educational theory is not geared to inform or analyze passages from action to concept. We present case studies of tutor–student behaviors in an embodied-interaction learning environment, the Mathematical Imagery Trainer. Drawing on ecological dynamics—a blend of dynamical-systems theory and ecological psychology—we explain and demonstrate that: (a) students develop sensorimotor schemes as solutions to interaction problems; (b) each scheme is oriented on an attentional anchor—a real or imagined object, area, or other aspect or behavior of the perceptual manifold that emerges to facilitate motor-action coordination; and (c) when symbolic artifacts are introduced into the arena, they may both mediate new affordances for students’ motor-action control and shift their discourse into explicit mathematical re-visualization of the environment. Symbolic artifacts are ontological hybrids evolving from things with which you act to things with which you think. Students engaged in embodied-interaction learning activities are first attracted to symbolic artifacts as prehensible environmental features optimizing their grip on the world, yet in the course of enacting the improved control routines, the artifacts become frames of reference for establishing and articulating quantitative systems known as mathematical reasoning.",openalex,llm,0.940,unreviewed,
discarded,Immersive VR and Education: Embodied Design Principles That Include Gesture and Hand Controls,Mina C. Johnson‐Glenberg,2018,Frontiers in Robotics and AI,10.3389/frobt.2018.00081,https://openalex.org/W2807783427,adjacent-subtopic; adjacent_vr_design_principles; not_ps_i,"This article explores relevant applications of educational theory for the design of immersive virtual reality (VR). Two unique attributes associated with VR position the technology to positively affect education: 1) the sensation of presence, and 2) the embodied affordances of gesture and manipulation in the 3rd dimension. These are referred to as the two profound affordances of VR. The primary focus of this article is on the embodiment afforded by gesture and 3D for learning. The new generation of hand controllers induces embodiment and agency via meaningful and congruent movements with the content to be learned. Several examples of gesture-rich lessons are presented. The final section includes an extensive set of design principles for immersive VR in education, and finishes with the Necessary Nine which are hypothesized to optimize the pedagogy within a lesson.",openalex,llm,0.960,unreviewed,
discarded,Students’ Learning Processes during School-Based Learning and Workplace Learning in Vocational Education: A Review,Harmen Schaap; Liesbeth Baartman; Elly de Bruijn,2011,Vocations and Learning,10.1007/s12186-011-9069-2,https://openalex.org/W2143942270,adjacent-subtopic; adjacent_vocational_learning_review; not_ps_i,"Learning in vocational schools and workplaces are the two main components of vocational education. Students have to develop professional competences by building meaningful relations between knowledge, skills and attitudes. There are, however, some major concerns about the combination of learning in these two learning environments, since vocational schools are primarily based on the rationales of learning and theory, while workplaces are based on the rationales of working and practice. This study therefore aims to structure empirical insights into students’ learning processes during the combination of school-based learning and workplace learning in vocational education. A review-study has been conducted in which ultimately 24 articles were analyzed thoroughly. The review shows that students’ learning processes in vocational schools and workplaces are related to six main themes: students’ expertise development, students’ learning styles, students’ integration of knowledge acquired in school and workplace, processes of knowledge development, students’ motivations for learning and students’ professional identity development. Our results show that students are novices who use specific and different learning styles and learning activities in vocational schools and workplaces. It is concluded that the enhancement of students’ learning processes needs to be adaptive and differentiated in nature. Recommendations for further research are elaborated and suggestions for the enhancement of students’ learning processes are discussed using insights from hybrid learning environments and boundary crossing via boundary objects.",openalex,llm,0.960,unreviewed,
discarded,The interplay between self-regulation in learning and cognitive load,Tina Seufert,2018,Educational Research Review,10.1016/j.edurev.2018.03.004,https://openalex.org/W2795212323,adjacent-subtopic; adjacent_self_regulation_and_cognitive_load; not_ps_i,"Research on self-regulated learning and on cognitive load has been two of the most prominent and influential research lines in educational research during the last decades. However, both lines developed quite independently from one another. This paper aims to bridge both concepts in order to better understand self-regulation as well as cognitive affordances of complex and dynamic learning processes. In fact, most learning environments require learners to self-regulate their learning process. They have to set their goals and plan, use strategies and monitor their learning progress and if necessary they have to regulate, i.e. to adapt their learning behavior. However, in all these phases of self-regulation, learners need to invest cognitive and metacognitive resources in addition to dealing with the original learning task. The affordances of self-regulation thus will cause cognitive load. This paper analyzes the affordances in the different phases of self-regulated learning in terms of intrinsic, extraneous and germane load. As a conclusion, the interplay between different affordances of self-regulation and learners’ resources and aptitudes is described in an integrated model of self-regulation and cognitive load.",openalex,llm,0.950,unreviewed,
discarded,Usability in the real world: assessing medical information technologies in patients’ homes,David R. Kaufman; Vimla L. Patel; Charlyn Hilliman; Philip C. Morin; Jenia Pevzner; Ruth S. Weinstock; Robin Goland; Steven Shea; Justin Starren,2003,Journal of Biomedical Informatics,10.1016/s1532-0464(03)00056-x,https://openalex.org/W2021287292,off-topic-false-hit; other_topic; medical_information_technology; not_ps_i,,openalex,llm,0.980,unreviewed,
