status,title,authors,year,venue,doi,url,tags,abstract,provider,decision_source,llm_confidence,llm_review_outcome,llm_change_direction
discarded,Situated Cognition and the Culture of Learning,John Seely Brown; Allan Collins; Paul Duguid,1989,Educational Researcher,10.3102/0013189x018001032,https://openalex.org/W2164599981,adjacent-subtopic; adjacent_theory; situated_cognition; not_ps_i,"Many teaching practices implicitly assume that conceptual knowledge can be abstracted from the situations in which it is learned and used. This article argues that this assumption inevitably limits the effectiveness of such practices. Drawing on recent research into cognition as it is manifest in everyday activity, the authors argue that knowledge is situated, being in part a product of the activity, context, and culture in which it is developed and used. They discuss how this view of knowledge affects our understanding of learning, and they note that conventional schooling too often ignores the influence of school culture on what is learned in school. As an alternative to conventional practices, they propose cognitive apprenticeship (Collins, Brown, & Newman, in press), which honors the situated nature of knowledge. They examine two examples of mathematics instruction that exhibit certain key features of this approach to teaching.",openalex,llm,0.980,unreviewed,
discarded,The Skill Content of Recent Technological Change: An Empirical Exploration,David Autor; Frank Levy; Richard J. Murnane,2001,National Bureau of Economic Research,10.3386/w8337,https://openalex.org/W3124990081,off-topic-false-hit; other_topic; economics; not_learning_intervention,DYLG + $XWRU )UDQN /HY\ 'HSDUWPHQW RI (,openalex,llm,0.990,unreviewed,
discarded,Scientific Discovery Learning with Computer Simulations of Conceptual Domains,Ton de Jong; Wouter van Joolingen,1998,Review of Educational Research,10.3102/00346543068002179,https://openalex.org/W2151715145,adjacent-subtopic; adjacent_discovery_learning_review; not_ps_i_specific,"Scientific discovery learning is a highly self-directed and constructivistic form of learning. A computer simulation is a type of computer-based environment that is well suited for discovery learning, the main task of the learner being to infer, through experimentation, characteristics of the model underlying the simulation. In this article we give a review of the observed effectiveness and efficiency of discovery learning in simulation environments together with problems that learners may encounter in discovery learning, and we discuss how simulations may be combined with instructional support in order to overcome these problems.",openalex,llm,0.920,unreviewed,
discarded,An exploration towards a production theory and its application to construction,Lauri Koskela,2000,Aaltodoc (Aalto University),,https://openalex.org/W2185177033,off-topic-false-hit; other_topic; construction_theory; not_learning,Preface...................................................................................................................5 1.,openalex,llm,0.990,unreviewed,
discarded,"Learning, Remembering, and Understanding",Sherrie Reynolds,2017,,10.4324/9781315211985-5,https://openalex.org/W659306968,adjacent-subtopic; adjacent_general_learning; not_ps_i,"One of the most important turning points in the dramatic shift in thought for teachers and parents was the work led by Jean Piaget Processes like learning, remembering, and understanding are called ""cognition."" Studies of cognition have focused on the acquisition of information, knowledge and skills, and retention (memory and the development of habits). Studies of cognition have focused on the acquisition of information, knowledge and skills, and retention. Remembering is an important facet of knowing. Obviously, knowing something is useful only if we can remember it. Memory is not simply a matter of retrieving information previously stored. Understanding means knowing how things work, how they go together. Through understanding, people build intellectual tools that we can use with many different kinds of content. Jean Piaget identified four stages, characterized by significant changes in the way a child is able to relate to his or her world: sensorimotor, preoperational, concrete operational, and formal operational.",openalex,llm,0.960,unreviewed,
discarded,"Cognitive load theory, educational research, and instructional design: some food for thought",Ton de Jong,2009,Instructional Science,10.1007/s11251-009-9110-0,https://openalex.org/W2145114078,adjacent-subtopic; adjacent_cognitive_load_theory; general_theory; not_specific_ps_i,"Cognitive load is a theoretical notion with an increasingly central role in the educational research literature. The basic idea of cognitive load theory is that cognitive capacity in working memory is limited, so that if a learning task requires too much capacity, learning will be hampered. The recommended remedy is to design instructional systems that optimize the use of working memory capacity and avoid cognitive overload. Cognitive load theory has advanced educational research considerably and has been used to explain a large set of experimental findings. This article sets out to explore the open questions and the boundaries of cognitive load theory by identifying a number of problematic conceptual, methodological and application-related issues. It concludes by presenting a research agenda for future studies of cognitive load.",openalex,llm,0.890,unreviewed,
discarded,The PRISMA Statement for Reporting Systematic Reviews and Meta-Analyses of Studies That Evaluate Health Care Interventions: Explanation and Elaboration,Alessandro Liberati; Douglas G. Altman; Jennifer Tetzlaff; Cynthia D. Mulrow; Peter C Gøtzsche; John P. A. Ioannidis; Mike Clarke; P.J. Devereaux; Jos Kleijnen; David Moher,2009,PLoS Medicine,10.1371/journal.pmed.1000100,https://openalex.org/W3022903699,off-topic-false-hit; other_topic; systematic_review_reporting; not_learning_intervention,"Systematic reviews and meta-analyses are essential to summarize evidence relating to efficacy and safety of health care interventions accurately and reliably. The clarity and transparency of these reports, however, is not optimal. Poor reporting of systematic reviews diminishes their value to clinicians, policy makers, and other users.Since the development of the QUOROM (QUality Of Reporting Of Meta-analysis) Statement--a reporting guideline published in 1999--there have been several conceptual, methodological, and practical advances regarding the conduct and reporting of systematic reviews and meta-analyses. Also, reviews of published systematic reviews have found that key information about these studies is often poorly reported. Realizing these issues, an international group that included experienced authors and methodologists developed PRISMA (Preferred Reporting Items for Systematic reviews and Meta-Analyses) as an evolution of the original QUOROM guideline for systematic reviews and meta-analyses of evaluations of health care interventions.The PRISMA Statement consists of a 27-item checklist and a four-phase flow diagram. The checklist includes items deemed essential for transparent reporting of a systematic review. In this Explanation and Elaboration document, we explain the meaning and rationale for each checklist item. For each item, we include an example of good reporting and, where possible, references to relevant empirical studies and methodological literature. The PRISMA Statement, this document, and the associated Web site (http://www.prisma-statement.org/) should be helpful resources to improve reporting of systematic reviews and meta-analyses.",openalex,llm,0.990,unreviewed,
discarded,Closing A Conceptual Gap: The Case For A Description Of English As A Lingua Franca,Barbara Seidlhofer,2001,International Journal of Applied Linguistics,10.1111/1473-4192.00011,https://openalex.org/W2096116546,off-topic-false-hit; other_topic; linguistics; not_learning_intervention,"Despite momentous developments in the sociopolitics of the teaching of English worldwide, targets have generally remained tied to native‐speaker norms. This paper argues that although this orientation is often recognized as inappropriate and counter‐productive, it persists because discussions about ‘global English’ on the meta‐level have not been accompanied by a necessary reorientation in linguistic research: very little empirical work has so far been done on the most extensive contemporary use of English worldwide, namely English as a lingua franca, largely among ‘non‐native’ speakers. The paper seeks to demonstrate that this lack of a descriptive reality precludes us from conceiving of speakers of lingua franca English as language users in their own right and thus makes it dif?cult to counteract the reproduction of native English dominance. To remedy this situation, a research agenda is proposed which accords lingua franca English a central place in description alongside English as a native language, and a new corpus project is described which constitutes a ?rst step in this process. The paper concludes with a consideration of the potentially very signi?cant impact that the availability of an alternative model for the teaching of English as a lingua franca would have for pedagogy and teacher education.",openalex,llm,0.990,unreviewed,
discarded,Mathematical Knowledge for Teaching and the Mathematical Quality of Instruction: An Exploratory Study,Heather C. Hill; Merrie Blunk; Charalambos Y. Charalambous; Jennifer M. Lewis; Geoffrey Phelps; Laurie Sleep; Deborah Loewenberg Ball,2008,Cognition and Instruction,10.1080/07370000802177235,https://openalex.org/W2115565953,adjacent-subtopic; adjacent_teaching_quality; math_instruction; not_ps_i,"This study illuminates claims that teachers' mathematical knowledge plays an important role in their teaching of this subject matter. In particular, we focus on teachers' mathematical knowledge for teaching (MKT), which includes both the mathematical knowledge that is common to individuals working in diverse professions and the mathematical knowledge that is specialized to teaching. We use a series of five case studies and associated quantitative data to detail how MKT is associated with the mathematical quality of instruction. Although there is a significant, strong, and positive association between levels of MKT and the mathematical quality of instruction, we also find that there are a number of important factors that mediate this relationship, either supporting or hindering teachers' use of knowledge in practice.",openalex,llm,0.970,unreviewed,
discarded,Learning strategies: a synthesis and conceptual model,John Hattie; Gregory M. Donoghue,2016,npj Science of Learning,10.1038/npjscilearn.2016.13,https://openalex.org/W2594485304,adjacent-subtopic; adjacent_meta_synthesis; learning_strategies_general; not_ps_i,"The purpose of this article is to explore a model of learning that proposes that various learning strategies are powerful at certain stages in the learning cycle. The model describes three inputs and outcomes (skill, will and thrill), success criteria, three phases of learning (surface, deep and transfer) and an acquiring and consolidation phase within each of the surface and deep phases. A synthesis of 228 meta-analyses led to the identification of the most effective strategies. The results indicate that there is a subset of strategies that are effective, but this effectiveness depends on the phase of the model in which they are implemented. Further, it is best not to run separate sessions on learning strategies but to embed the various strategies within the content of the subject, to be clearer about developing both surface and deep learning, and promoting their associated optimal strategies and to teach the skills of transfer of learning. The article concludes with a discussion of questions raised by the model that need further research.",openalex,llm,0.950,unreviewed,
discarded,A Model of Classroom Research in Action: Developing Simulation Activities to Improve Students' Statistical Reasoning,Robert C. delMas; Joan Garfield; Beth Chance,1999,Journal of Statistics Education,10.1080/10691898.1999.12131279,https://openalex.org/W2590927927,adjacent-subtopic; adjacent_simulation_discovery; not_ps_i,"Researchers and educators have found that statistical ideas are often misunderstood by students and professionals. In order to develop better statistical reasoning, students need to first construct a deeper understanding of fundamental concepts. The Sampling Distributions program and ancillary instructional materials were developed to guide student exploration and discovery. The program allows students to specify and change the shape of a population, choose different sample sizes, and simulate sampling distributions by randomly drawing large numbers of samples. The program provides graphical, visual feedback that allows students to construct their own understanding of sampling distribution behavior. To capture changes in students' conceptual understanding we developed diagnostic, graphics-based test items that were administered before and after students used the program. An activity that asked students to test their predictions and confront their misconceptions was found to be more effective than one based on guided discovery. Our findings demonstrate that while software can provide the means for a rich classroom experience, computer simulations alone do not guarantee conceptual change.",openalex,llm,0.930,unreviewed,
discarded,The Hearsay-II Speech-Understanding System: Integrating Knowledge to Resolve Uncertainty,Lee D. Erman; Frederick Hayes‐Roth; Victor Lesser; D. Raj Reddy,1980,ACM Computing Surveys,10.1145/356810.356816,https://openalex.org/W2051768896,off-topic-false-hit; other_ai_ml; speech_understanding_system; not_human_learning,"The Hearsay-II system, developed during the DARPA-sponsored five-year speechunderstanding research program, represents both a specific solution to the speechunderstanding problem and a general framework for coordinating independent processes to achieve cooperative problem-solving behavior. As a computational problem, speech understanding reflects a large number of intrinsically interesting issues. Spoken sounds are achieved by a long chain of successive transformations, from intentions, through semantm and syntactic structurmg, to the eventually resulting audible acoustic waves. As a consequence, interpreting speech means effectively inverting these transformations to recover the speaker's intention from the sound. At each step in the interpretive process, ambiguity and uncertainty arise.",openalex,llm,0.990,unreviewed,
discarded,The Use of Cronbach’s Alpha When Developing and Reporting Research Instruments in Science Education,Keith S. Taber,2017,Research in Science Education,10.1007/s11165-016-9602-2,https://openalex.org/W2623703952,off-topic-false-hit; other_topic; measurement_reliability; not_ps_i,"Cronbach’s alpha is a statistic commonly quoted by authors to demonstrate that tests and scales that have been constructed or adopted for research projects are fit for purpose. Cronbach’s alpha is regularly adopted in studies in science education: it was referred to in 69 different papers published in 4 leading science education journals in a single year (2015)—usually as a measure of reliability. This article explores how this statistic is used in reporting science education research and what it represents. Authors often cite alpha values with little commentary to explain why they feel this statistic is relevant and seldom interpret the result for readers beyond citing an arbitrary threshold for an acceptable value. Those authors who do offer readers qualitative descriptors interpreting alpha values adopt a diverse and seemingly arbitrary terminology. More seriously, illustrative examples from the science education literature demonstrate that alpha may be acceptable even when there are recognised problems with the scales concerned. Alpha is also sometimes inappropriately used to claim an instrument is unidimensional. It is argued that a high value of alpha offers limited evidence of the reliability of a research instrument, and that indeed a very high value may actually be undesirable when developing a test of scientific knowledge or understanding. Guidance is offered to authors reporting, and readers evaluating, studies that present Cronbach’s alpha statistic as evidence of instrument quality.",openalex,llm,0.990,unreviewed,
discarded,Explorations in the Deictic Field,William F. Hanks,2005,Current Anthropology,10.1086/427120,https://openalex.org/W2125846400,off-topic-false-hit; other_topic; linguistic_anthropology; not_learning_intervention,"This paper focuses on the ways in which speakers make reference to themselves, to one another, and to objects in the everyday settings of talk. Drawing on research in linguistic anthropology, sociology, and linguistics, it proposes an approach to language based on the concepts of communicative practice, deictic field, and socially constituted objects of reference. Found in all human languages, deictics are expressions like English this, that, here, and there whose meanings depend strictly on the occasions of their use. This paper critically examines current approaches to deixis, proposes an alternative framework based on the sociological concept of field, and applies this framework to deictic practice in Yucatec Maya. Drawing on the work of Buhler, Goffman, and Bourdieu, it adapts the field concept to the semiotic structure of deixis. The result is an analysis of deictic practice as an emergent construal of socially embedded deictic fields involving practical equivalences, counterpart relations among objects, and rules of thumb.",openalex,llm,0.990,unreviewed,
discarded,The contribution of 3D environments to conceptual understanding,Barney Dalgarno; John Hedberg; Barry Harper,2002,Research Online (University of Wollongong),,https://openalex.org/W203044136,adjacent-subtopic; adjacent_3d_learning_environments; conceptual_understanding_general; not_ps_i,"This paper explores the potential learning benefits of 3D Learning Environments (3DLEs). It presents definitions of key terms and analyses the learner-computer interactions facilitated by 3DLEs, in order to identifj! the unique characteristics of such environments It is argued that the most important potential contribution of 3DLEs to conceptual understanding is through facilitation of spatial knowledge development. The effectiveness of3DLEsfor spatial learning is discussed, drml'ing on7iterature from a range ofdisciplines. Aspects ofa research agenda are identified including exploration of the characteristics of 3DLEs that are most important for spatial learning along with issues in designing appropriate lem71ing tasks.",openalex,llm,0.950,unreviewed,
discarded,Blending physical and virtual manipulatives: An effort to improve students' conceptual understanding through science laboratory experimentation,Georgios Olympiou; Zacharias C. Zacharia,2011,Science Education,10.1002/sce.20463,https://openalex.org/W1992894485,adjacent-subtopic; adjacent_inquiry_labs; manipulatives; not_ps_i,"Abstract This study aimed to investigate the effect of experimenting with physical manipulatives (PM), virtual manipulatives (VM), and a blended combination of PM and VM on undergraduate students' understanding of concepts in the domain of Light and Color. A pre–post comparison study design was used for the purposes of this study that involved 70 participants assigned to three conditions. The first condition consisted of 23 students that used PM, the second condition consisted of 23 students that used VM, and the third condition consisted of 24 students that used the blended combination of PM and VM. In the case of the blended combination, the use of VM or PM was selected based on whether it provides an affordance that the other medium of experimentation (PM or VM) cannot provide. All conditions used the same inquiry‐oriented curriculum materials and procedures. Conceptual tests were administered to assess students' understanding before, during, and after teaching. Results revealed that the use of a blended combination of PM and VM enhanced students' conceptual understanding in the domain of Light and Color more than the use of PM or VM alone. © 2011 Wiley Periodicals, Inc. Sci Ed 96:21–47, 2012",openalex,llm,0.940,unreviewed,
