status,title,authors,year,venue,doi,url,tags,abstract,provider,decision_source,llm_confidence,llm_review_outcome,llm_change_direction
discarded,GENERATIVE AI AS A CATALYST FOR DEEPER DESIGN SKILLS IN UNDERGRADUATE ENGINEERING,Sadek H.,2026,Proceedings of the Canadian Engineering Education Association Conference,10.24908/pceea.2026.21486,https://www.scopus.com/inward/record.uri?partnerID=HzOxMe3b&scp=105047173693&origin=inward,off-topic-false-hit; other_ai_ml; engineering_design_skills; not_ps_i,,"openalex, dblp, wos, scopus",llm,0.950,unreviewed,
kept,When to inquire and when to instruct: Prior knowledge and element interactivity in medical learning,Zambrano R. J.,2026,Learning and Instruction,10.1016/j.learninstruc.2026.102392,https://www.scopus.com/inward/record.uri?partnerID=HzOxMe3b&scp=105038934748&origin=inward,qualifies-claim; when_to_inquire_and_when_to_instruct; prior_knowledge; element_interactivity; qualifies_claim,,"openalex, dblp, wos, scopus",llm,0.790,unreviewed,
discarded,When and How Digitally Enhanced Experimentation Promotes Conceptual Change,Merkel R.,2026,Digital Experiences in Mathematics Education,10.1007/s40751-025-00189-6,https://www.scopus.com/inward/record.uri?partnerID=HzOxMe3b&scp=105027577132&origin=inward,adjacent-subtopic; adjacent_conceptual_change; digital_experimentation; not_ps_i,,"openalex, dblp, wos, scopus",llm,0.890,unreviewed,
discarded,Mixed Methods Examination of Challenging and Bothersome Events in Nursing Virtual Simulations: Comparing Screen-Based and Headset VR Modalities,Azher S.,2026,Simulation and Gaming,10.1177/10468781251401059,https://www.scopus.com/inward/record.uri?partnerID=HzOxMe3b&scp=105023188358&origin=inward,adjacent-subtopic; adjacent_simulation; vr_modalities; not_ps_i,,"openalex, dblp, wos, scopus",llm,0.940,unreviewed,
discarded,The Combination of Video and Virtual Experiments in Online Scientific Inquiry: Effects of Learning Sequence and Representational Integration Scaffold,Chen H.,2026,Science Education,10.1002/sce.70060,https://www.scopus.com/inward/record.uri?partnerID=HzOxMe3b&scp=105030261083&origin=inward,adjacent-subtopic; not_ps_i_specific,,"openalex, dblp, wos, scopus",human,,human,
discarded,Andamiaje Metacognitivo En Metodologías Activas: Un Modelo Integrador Para La Transferencia Del Aprendizaje,Chirinos R.A.G.,2026,Journal of Intelligent Decision Making and Information Science,10.59543/jidmis.v3.1043,https://www.scopus.com/inward/record.uri?partnerID=HzOxMe3b&scp=105046673597&origin=inward,adjacent-subtopic; adjacent_metacognitive_scaffolding; transfer; not_ps_i_specific,,"openalex, dblp, wos, scopus",llm,0.890,unreviewed,
discarded,Making failure desired during learning – A quasi-experimental study,Sinha T.,2026,Thinking Skills and Creativity,10.1016/j.tsc.2025.102094,https://www.scopus.com/inward/record.uri?partnerID=HzOxMe3b&scp=105024013712&origin=inward,adjacent-subtopic; adjacent_failure_during_learning; unclear_ps_i_comparison,,"openalex, dblp, wos, scopus",llm,0.780,unreviewed,
