status,title,authors,year,venue,doi,url,tags,abstract,provider,decision_source,llm_confidence,llm_review_outcome,llm_change_direction
discarded,How pre-service teachers can be supported to increase their diagnostic skills in mathematics—design and evaluation of a learning platform for university teacher training,Walter D.,2025,Frontiers in Education,10.3389/feduc.2025.1510828,https://www.scopus.com/inward/record.uri?partnerID=HzOxMe3b&scp=105000931614&origin=inward,adjacent-subtopic; adjacent_learning_platform; teacher_training; not_ps_i,,scopus,llm,0.950,unreviewed,
discarded,P-CoT: A Pedagogically-motivated Participatory Chain-of-Thought Prompting for Phonological Reasoning in LLMs,Jang D.,2025,Proceedings of the Annual Meeting of the Association for Computational Linguistics,10.18653/v1/2025.findings-acl.1132,https://www.scopus.com/inward/record.uri?partnerID=HzOxMe3b&scp=105028581441&origin=inward,off-topic-false-hit; other_ai_ml; llm_prompting; not_human_learning_ps_i,,scopus,llm,0.990,unreviewed,
discarded,Language Learning Theories: A Student’s Guide,Shahini A.,2025,Language Learning Theories A Students Guide,10.1007/978-3-031-92210-7,https://www.scopus.com/inward/record.uri?partnerID=HzOxMe3b&scp=105025067061&origin=inward,off-topic-false-hit; other_topic; student_guide; not_ps_i,,scopus,llm,0.980,unreviewed,
discarded,The Role of Artificial Intelligence in Scaffolding Learning and Managing Cognitive Load,Akin Y.N.,2025,Reimagining Curriculum and Assessment in the Age of Generative AI,10.4018/979-8-3373-7579-3.ch004,https://www.scopus.com/inward/record.uri?partnerID=HzOxMe3b&scp=105026014145&origin=inward,off-topic-false-hit; other_ai_ml; ai_scaffolding_general; not_ps_i,,scopus,llm,0.960,unreviewed,
discarded,Music in the Human Experience: An Introduction to Music Psychology: Third Edition,Hodges D.A.,2025,Music in the Human Experience an Introduction to Music Psychology Third Edition,10.4324/9781003460244,https://www.scopus.com/inward/record.uri?partnerID=HzOxMe3b&scp=105040821612&origin=inward,off-topic-false-hit; other_topic; music_psychology; not_ps_i,,scopus,llm,0.990,unreviewed,
kept,Instructional sequences in science teaching: considering element interactivity when sequencing inquiry-based investigation activities and explicit instruction,Zhang L.,2024,European Journal of Psychology of Education,10.1007/s10212-024-00799-5,https://www.scopus.com/inward/record.uri?partnerID=HzOxMe3b&scp=85183434341&origin=inward,qualifies-claim; instructional_sequences; science_teaching; element_interactivity; qualifies_claim,,scopus,llm,0.840,unreviewed,
discarded,Involving the Body to Improve Letter Knowledge and Script: an Experimental Study in French Kindergarten,Núñez-Regueiro F.,2024,Educational Psychology Review,10.1007/s10648-024-09923-9,https://www.scopus.com/inward/record.uri?partnerID=HzOxMe3b&scp=85201532796&origin=inward,adjacent-subtopic; adjacent_embodied_learning; letter_knowledge; not_ps_i,,scopus,llm,0.950,unreviewed,
discarded,Promoting teaching improvement in elementary mathematics: A case with inverse relations,Ding M.,2024,Asian Journal for Mathematics Education,10.1177/27527263241256678,https://www.scopus.com/inward/record.uri?partnerID=HzOxMe3b&scp=85217768094&origin=inward,adjacent-subtopic; adjacent_teaching_improvement; math; not_ps_i,,scopus,llm,0.930,unreviewed,
discarded,Using Sequential Pattern Mining to Understand How Students Use Guidance While Doing Scientific Calculations,Verstege S.,2024,Technology Knowledge and Learning,10.1007/s10758-023-09677-3,https://www.scopus.com/inward/record.uri?partnerID=HzOxMe3b&scp=85168120160&origin=inward,adjacent-subtopic; adjacent_guidance_use; scientific_calculations; not_ps_i,,scopus,llm,0.910,unreviewed,
discarded,Teaching mathematics: A cognitive load theory account,Ashman G.,2024,Research Handbook on Curriculum and Education,10.4337/9781802208542.00035,https://www.scopus.com/inward/record.uri?partnerID=HzOxMe3b&scp=85196116167&origin=inward,adjacent-subtopic; adjacent_cognitive_load_account; mathematics_teaching; not_ps_i_specific,,scopus,llm,0.940,unreviewed,
kept,The Effect of Direct Instruction versus Discovery Learning on the Understanding of Science Lessons by Second Grade Students,Marisa T. Cohen,2008,OpenCommons - UConn (University of Connecticut),,https://openalex.org/W1493102825,qualifies-claim; qualifies_claim; direct_instruction_vs_discovery; children; null_results,"This study examined the effectiveness of discovery learning and direct instruction in a diverse second grade classroom. An assessment test and transfer task were given to students to examine which method of instruction enabled the students to grasp the content of a science lesson to a greater extent. Results demonstrated that students in the direct instruction group scored higher on the assessment test and completed the transfer task at a faster pace; however, this was not statistically significant. Results also suggest that a mixture of instructional styles would serve to effectively disseminate information, as well as motivate students to learn.",openalex,llm,0.900,unreviewed,
discarded,The relationship between inquiry-based teaching and students’ achievement. New evidence from a longitudinal PISA study in England,John Jerrim; Mary Oliver; Sam Sims,2019,Learning and Instruction,10.1016/j.learninstruc.2018.12.004,https://openalex.org/W2909129491,adjacent-subtopic; adjacent_inquiry_based_teaching; achievement; not_ps_i_specific,,openalex,llm,0.890,unreviewed,
discarded,Effects of Inquiry-Based Instruction on Science Achievement for Students with Disabilities: An Analysis of the Literature,Karen Rizzo; Jonté Taylor,2016,Journal of science education for students with disabilities,10.14448/jsesd.06.00015,https://openalex.org/W4238219037,adjacent-subtopic; adjacent_inquiry_review; disabilities; not_ps_i,"In comparison to the past, more students with disabilities are being included in the general education classroom for science instruction. Though inquiry-based instruction has not shown to be an effective practice for students with disabilities, it is vastly becoming the dominant practice in science education. The purpose of this review is to examine the effects of inquiry-based instruction on science achievement for students with disabilities. The twelve studies, meeting selection criteria, report improvement in science achievement using inquiry practices. The participants and settings, variations of inquiry-based instruction, science achievement measures, and teacher training were addressed in this review. Two major contributions have resulted from analyzing the twelve studies. First, students with disabilities require supports to participate in an inquiry-based lesson and demonstrate progress on science achievement measures. Second, science achievement improves when components of explicit instruction are utilized in both the general and special education setting for students with disabilities.",openalex,llm,0.940,unreviewed,
discarded,"“Indefensible, Illogical, and Unsupported”; Countering Deficit Mythologies about the Potential of Students with Learning Disabilities in Mathematics",Rachel Lambert,2018,Education Sciences,10.3390/educsci8020072,https://openalex.org/W2803912912,adjacent-subtopic; adjacent_inquiry_math; conceptual_argument; not_ps_i,"This paper describes two myths that circulate widely about the potential of students with Learning Disabilities to learn mathematics: (1) that students with Learning Disabilities cannot benefit from inquiry-based instruction in mathematics, and only from explicit instruction; and (2) that students with Learning Disabilities cannot construct their own mathematical strategies and do not benefit from engaging with multiple strategies. In this paper, I will describe how these myths have developed, and identify research that counters these myths. I argue that these myths are the unintended consequences of deficit constructions of students with Learning Disabilities in educational research. Using neurodiversity to frame disability as diversity rather than deficit, I assert that students with Learning Disabilities can learn mathematics to the highest levels, and that these limiting mythologies hold them back.",openalex,llm,0.920,unreviewed,
discarded,The Emergence of Scientific Reasoning,James Bradley; Steve Croker; A. Putri Meylani Sugandi M; Corinne Zimmerm,2012,InTech eBooks,10.5772/53885,https://openalex.org/W1553603172,adjacent-subtopic; adjacent_scientific_reasoning; book_chapter; not_ps_i,"Scientific reasoning encompasses the reasoning and problem-solving skills involved in generating, testing and revising hypotheses or theories, and in the case of fully developed skills, reflecting on the process of knowledge acquisition and knowledge change that results from such inquiry activities. Science, as a cultural institution, represents a “hallmark intellectual achievement of the human species” and these achievements are driven by both individual reasoning and collaborative cognition (Feist, 2006, p. ix).",openalex,llm,0.970,unreviewed,
discarded,A guided exploration model of problem-solving discovery learning,Chet Hedden,1998,ResearchWorks at the University of Washington (University of Washington),,https://openalex.org/W2276217207,adjacent-subtopic; adjacent_discovery_learning; guided_exploration_model; not_clear_ps_i,"Thesis (Ph. D.)--University of Washington, 1998",openalex,llm,0.830,unreviewed,
discarded,"Relationship between Science Teaching Practices and Students’ Achievement in Singapore, Chinese Taipei, and the US: An Analysis Using TIMSS 2011 Data",Su Gao,2014,Frontiers of Education in China,10.1007/bf03397039,https://openalex.org/W4237405832,adjacent-subtopic; adjacent_teaching_practices; timss_data; not_ps_i,,openalex,llm,0.950,unreviewed,
discarded,Comparing Inquiry-Based and Explicit Instruction in High School Geometry,Rodney Sizemore,2020,DigitalCommons - Kennesaw State University (Kennesaw State University),,https://openalex.org/W3129957586,adjacent-subtopic; adjacent_inquiry_vs_explicit; geometry; not_ps_i_specific,"The use of inquiry-based and explicit instructional methods in mathematics has been researched and have found that the most appropriate instructional method depends on many factors including the subject matter being taught, the students’ prior knowledge, and the students’ special education status. However, teachers’ use of these methods has not been investigated in two important topics in high school geometry: arc length/sector area and graphing circles – topics which reveal how several important mathematical concepts connect from elementary and middle school, to geometry, then to pre-calculus. This quasi-experimental study compared the effects of inquiry-based and explicit teaching methods on arc length/sector area and graphing circles in terms of student achievement growth and students’ assessment of their learning gains. One group of students was taught arc length and sector area using inquiry-based methods while the other group was taught using explicit methods. An independent samples t-test compared growth in procedural fluency and conceptual understanding for all students as well as for certain subgroups based on prior achievement and special education status. The procedure was repeated with graphing circles with the instructional methods swapped for each group. Overall, results showed significantly higher student achievement growth in arc length and sector area procedural fluency under explicit instruction, but other overall differences were not significant. Therefore, teachers can use either instructional method to promote student achievement growth in conceptual understanding of arc length/sector area, conceptual understanding of graphing circles and procedural fluency in graphing circles. Teachers should consider using explicit instruction to teach arc length and sector area procedural fluency.",openalex,llm,0.910,unreviewed,
discarded,"Fantasy, Fashion and Fact : Middle Schools, Middle Schooling and Student Achievement",Stephen Dinham; Ken Rowe,2008,ACEReSearch Repository (Australian Council for Educational Research),,https://openalex.org/W2165669391,off-topic-false-hit; other_topic; middle_schooling_review; not_ps_i,"This paper provides a critical review of the literature that has attempted to identify ‘best practice’ in middle schooling.. It is noted that despite the large and burgeoning literature claiming positive effects of approaches to middle schooling that focus on the cognitive, developmental, social and emotional needs of adolescents, evidence to substantiate the claims remain elusive. Rather, it is suggested that emphasis is best directed at building evidence-based pedagogical capacity in school’s most valuable resources – teachers. Further, it is argued that whereas prevailing adherence to the moribund philosophies of biological and social determinism are foremost among several ‘barriers’ to reform, they are not justified by findings from evidence-based research. So what matters most in the middle years? – the imperative of quality teaching and learning provision, supported by teaching standards and ongoing teacher professional learning focused on evidence-based teaching practices that are demonstrably effective in maximising students’ engagement, learning outcomes and achievement progress.",openalex,llm,0.970,unreviewed,
discarded,Meta-Analysis of Inquiry-Based Learning,Ard W. Lazonder; Ruth Harmsen,2016,Review of Educational Research,10.3102/0034654315627366,https://openalex.org/W2267754083,adjacent-subtopic; adjacent_meta_analysis; inquiry_based_learning; not_ps_i_specific,"Research has consistently shown that inquiry-based learning can be more effective than other, more expository instructional approaches as long as students are supported adequately. But what type of guidance is adequate, and for whom? These questions are difficult to answer as most previous research has only focused on one type of guidance and one type of learner. This meta-analysis therefore synthesized the results of 72 studies to compare the effectiveness of different types of guidance for different age categories. Results showed facilitative overall effects of guidance on learning activities (d = 0.66, 95% CI [0.44, 0.88]), performance success (d = 0.71, 95% CI [0.52, 0.90]), and learning outcomes (d = 0.50, 95% CI [0.37, 0.62]). Type of guidance moderated the effects on performance success but not on the other two outcome measures. Considerable variation was found in the effects of guidance on learning activities, but the relatively low number of studies do not allow for any definitive conclusion on possible age-related differences.",openalex,llm,0.940,unreviewed,
discarded,The impact of vocabulary instruction on vocabulary achievement,Anisa Mutia; Rosnani Sahardin; Geunta Mardika Putra,2023,English Education Journal,10.24815/eej.v13i4.30005,https://openalex.org/W4313750668,off-topic-false-hit; other_topic; explicit_vocabulary_instruction; not_ps_i,"Students must have a sufficient vocabulary size in order to improve other English skills, as vocabulary is one of the most crucial aspects of language acquisition. Therefore, it is necessary to teach vocabulary when teaching a language. This study seeks to determine the effect of vocabulary instruction on vocabulary achievement among senior high school students. This study was a quantitative study, the sample was 30 students, and the data was collected using a pre-test and post-test. Between the assessments, a seven-hour vocabulary education was provided. Using the paired sample t-test and Wilcoxon signed rank test, it was determined whether there was a statistically significant difference between students' scores before and after the vocabulary training was implemented. The results indicate a significant increase in vocabulary scores among students. The results of the research indicate that explicit vocabulary instruction should be incorporated into the teaching and learning process since it has been shown to increase students' vocabulary.",openalex,llm,0.980,unreviewed,
kept,How preparation-for-learning with a worked versus an open inventing problem affect subsequent learning processes in pre-service teachers,Inga Glogger‐Frey; Anne‐Katrin Treier; Alexander Renkl,2022,Instructional Science,10.1007/s11251-022-09577-6,https://openalex.org/W4220715441,qualifies-claim; inventing_vs_worked_problem; qualifies_claim; preparation_for_learning,"Abstract A worked-out or an open inventing problem with contrasting cases can prepare learners for learning from subsequent instruction differently regarding motivation and cognition. In addition, such activities potentially initiate different learning processes during the subsequent (“future”) learning phase. In this experiment (N = 45 pre-service teachers), we aimed to replicate effects of earlier studies on learning outcomes and, on this basis, to analyze respective learning processes during the future-learning phase via think-aloud protocols. The inventing group invented criteria to assess learning strategies in learning journals while the worked-example group studied the same problem in a solved version. Afterwards, the pre-service teachers thought aloud during learning in a computer-based learning environment. We did not find substantial motivational differences (interest, self-efficacy), but the worked-example group clearly outperformed their counterparts in transfer (BF+0 > 313). We found moderate evidence for the hypothesis that their learning processes during the subsequent learning phase was deepened: the example group showed more elaborative processes, more spontaneous application of the canonical, but also of sub-optimal solutions than the inventing group (BFs around 4), and it tended to focus more on the most relevant learning contents. Explorative analyses suggest that applying canonical solutions to examples is one of the processes explaining why working through the solution leads to higher transfer. In conclusion, a worked-out inventing problem seems to prepare future learning more effectively than an open inventing activity by deepening and focusing subsequent learning processes.",openalex,llm,0.970,unreviewed,
discarded,Playful maths! The influence of play-based learning on academic performance of Palestinian primary school children,Elaine Murtagh; Jamil Sawalma; Rosemarie Martin,2022,Educational Research for Policy and Practice,10.1007/s10671-022-09312-5,https://openalex.org/W4211029070,adjacent-subtopic; adjacent_play_based_learning; math_achievement; not_ps_i,"Abstract This study explores the relationship between play-based learning and achievement in mathematics in Palestinian elementary school children. Forty teachers from eight schools received training in play-based pedagogies and follow-up support visits from programme staff (intervention group); four matched schools served as the control group. Grade-appropriate tests were administered to all students in two consecutive school terms. A total of 859 students (458 females, 401 males) and 832 students (477 females, 355 males) completed maths tests in term 1 and 2, respectively. Results revealed that the intervention group attained higher test scores than the control group in both terms (P < 0.01). Furthermore, in term 2 an interaction effect between group and gender was found (P < 0.05), with girls in the intervention group achieving the highest scores. Our finding suggest that play-based learning approaches may enhance academic achievement.",openalex,llm,0.960,unreviewed,
discarded,Using inquiry-based writing instruction to develop students’ academic writing skills,Bantalem Derseh Wale; Yenus Nurie,2021,Asian-Pacific Journal of Second and Foreign Language Education,10.1186/s40862-020-00108-9,https://openalex.org/W3164977500,adjacent-subtopic; adjacent_inquiry_based_writing; not_ps_i,"Abstract The aim of this study was to investigate the effects of using inquiry-based writing instruction on students’ academic writing skills. A pretest-posttest two groups quasi-experimental design was employed. Data were obtained through test, focus group discussion, and reflective journal from 62 first-year pharmacy students who were selected using comprehensive sampling. While the experimental group received the inquiry-based writing instruction, the control group learned using the conventional learning method. The quantitative data were analyzed using independent samples T-test and descriptive statistics when the qualitative data were analyzed thematically. The findings revealed that there was a statistical difference between the control and experimental groups in their academic writing performance. Hence, students who participated in the inquiry-based writing instruction improved their academic writing skills. Mainly, students who learned through inquiry-based writing instruction were able to produce essays that addressed task achievement, coherence and cohesion, lexical resource, grammatical range and accuracy. Thus, this study recommends researchers, teachers, and students to pay due attention to inquiry-based writing instruction in their academic journey.",openalex,llm,0.950,unreviewed,
