status,title,authors,year,venue,doi,url,tags,abstract,provider,decision_source,llm_confidence,llm_review_outcome,llm_change_direction
discarded,Introduction: Arguments in support of innovating assessments,James W. Pellegrino,2023,OECD eBooks,10.1787/534c6ae3-en,https://openalex.org/W4400711733,off-topic-false-hit; other_topic; assessment_innovation; not_ps_i,"Policy makers around the world recognise the importance of developing young people’s 21st century skills like problem solving, creative thinking, self-regulation and collaboration. Many countries also include these skills as part of the intended learning outcomes of their education systems. To shift intention into practice, educational assessments need to better measure what matters. Innovative assessments are needed that combine conceptual, technological and methodological advances in educational measurement. This report explores new approaches to measuring complex skills through a practical and applied assessment design lens, bringing together perspectives from leading experts to consider what we can learn from the learning sciences to define more authentic assessment experiences and expand the range of skills we are able to measure in both disciplinary and cross-disciplinary contexts of practice. The report also examines how technology can expand our possibilities for innovation, including the creation of more interactive and immersive problems and the generation of meaningful sources of potential evidence about students’ proficiency. Finally, the report explores how we can make sense of the rich data captured in interactive digital environments using new analytical approaches, and how we can ensure the valid interpretation and use of results from innovative assessments.",openalex,llm,0.970,unreviewed,
discarded,Exploring the Significance of Explanation in the Construction of Conceptual Metaphors,Charlotte H. Müller; Markus Reiher; Manu Kapur,2024,Proceedings.,10.22318/icls2024.871449,https://openalex.org/W4399489615,adjacent-subtopic; adjacent_embodied_learning; no_sequence_comparison,"Previous research showed that embodied activities can facilitate learning irrespective of the learner's awareness of the aim of the activity.In contrast, we present findings that suggest a need for this awareness under specific circumstances.We present the results of a study, in which the students received force feedback as a grounding opportunity for the concept of force in a quantum chemical context.We previously found that if the students were not aware of the mapping between their sensory experience and the learning content, the force feedback had a hindering effect on the learning outcome.In this work, we introduced the metaphor explicitly.The force feedback increased perceived relevance, curiosity, and positive affect, if, and only if, this explanation was added.We attribute this finding to an increase in cognitive salience and a removal of mismapping opportunities.",openalex,llm,0.870,unreviewed,
discarded,Teaching biology with narratives: examining the impact of affective and cognitive variables on undergraduate student learning,Samuel Tobler; Tanmay Sinha; Katja Köhler; Manu Kapur,2025,Instructional Science,10.1007/s11251-025-09723-w,https://openalex.org/W4411231520,adjacent-subtopic; adjacent_instructional_texts; not_ps_i,"Abstract Despite the challenges posed by expository instruction materials, including unfamiliar text structure and abstracted and isolated representation of the contents, they constitute a primary means of studying scientific concepts in higher education. Conversely, utilizing narratives to present the to-be-learned content was conjectured to mitigate some of these limitations. Yet, empirical evidence at the undergraduate level remains inconclusive. In this design-based research experimental study, we examined the effects of expository and narrative instruction on the recall, understanding, and transfer of core biological concepts among 109 undergraduate natural science students. Moreover, we investigated diverse affective and cognitive mechanisms that may be differently influenced by the instruction. To enhance our analyses beyond traditional significance testing, we conducted complementary bootstrapped effect size comparisons and Bayesian analyses to be able to additionally quantify the results, estimate the uncertainty of the findings, and incorporate means to compensate for potential violations of normality and homogeneity assumptions. We found that learning with narratives resulted in higher knowledge transfer. Further, there was tentative evidence that students with less prior biology knowledge may benefit more from narrative instruction concerning understanding and recall, while expository materials appeared to rather support those with more background in biology. Furthermore, examining the learning mechanisms revealed that narratives may lead to higher self-efficacy and more effective working memory resource allocation. There was also some evidence for higher levels of satisfaction, cognitive engagement, and situational interest with less prior knowledge and narrative instruction. In contrast, the learning mechanism-related results for students with more prior biology education were comparable when reading the expository text. Overall, the study offers preliminary insights into when and why narratives might be better suited to teach scientific concepts than expository texts, also in light of closing achievement gaps in education, but underscores the need for additional research in this field.",openalex,llm,0.940,unreviewed,
discarded,Based on Productive Failure Theory Apply in STEM Learning,Huanhuan Zhao,2024,Journal of Education and Culture Studies,10.22158/jecs.v8n4p86,https://openalex.org/W4404551245,adjacent-subtopic; adjacent_review_or_commentary; productive_failure_general; not_empirical_comparison,"From the perspective of existing research results, the application of effective failure theory in education has been proven to promote students' conceptual understanding, transfer, and problem-solving abilities. In terms of the scope of research implementation, most studies have focused on single disciplinary approaches to solving fixed answers, with little in-depth research in interdisciplinary fields, especially STEM education. Kapur's four student behaviors need to be adapted and improved to facilitate teachers to construct frameworks more accurately.",openalex,llm,0.900,unreviewed,
kept,Mastery-approach goals and knowledge transfer: An investigation into the effects of task structure and framing instructions,"Belenky, Daniel M.; Nokes-Malach, Timothy J.",2013,LEARNING AND INDIVIDUAL DIFFERENCES,10.1016/j.lindif.2013.02.004,https://www.webofscience.com/wos/woscc/full-record/WOS:000319646400003,adjacent-subtopic; invention_activities; motivation; transfer; boundary_conditions,"Although prior work has shown that mastery-approach achievement goals are related to positive learning behaviors (e.g., more interest, perseverance, and self-regulation), less is known about how these goals interact with instruction to influence knowledge transfer. To address these issues we conducted a laboratory experiment investigating how two aspects of the instructional environment, the task structure (tell-and-practice direct instruction vs. minimally-guided open-ended invention activities) and the task framing (mastery vs. performance), affected students' task-based mastery goal adoption and transfer when learning statistics. The results showed that structure was more effective than framing in manipulating students' mastery-approach goal adoption. In addition, students' existing mastery-approach orientations for mathematics strongly predicted knowledge transfer for all of the instructional conditions except for students given invention activities with a performance framing. For these students, the relationship between mastery-approach orientation and transfer was not observed, indicating that this condition makes transfer more likely for those lower in mastery-approach orientation. The results are discussed in terms of the implications for theories of achievement goal motivation, knowledge transfer, and instruction. (C) 2013 Elsevier Inc. All rights reserved.",wos,llm,0.950,unreviewed,
kept,Finding Evidence Of Transfer With Invention Activities: Teaching The Concept Of Weighted Average,"Day, James; Holmes, N. G.; Roll, Ido; Bonn, D. A.",2013,2013 PHYSICS EDUCATION RESEARCH CONFERENCE,10.1119/perc.2013.pr.017,https://www.webofscience.com/wos/woscc/full-record/WOS:000375141800027,adjacent-subtopic; invention_activities; physics; transfer,"Coming to grips with the nature of measurement and uncertainty is often a common but implicit learning goal for many undergraduate physics labs. As educators, our intent is to have students be able to transfer their knowledge to novel situations: we aim to transform novices into experts. In the first-year physics laboratory at UBC, our approach to teaching weighted averages-among other concepts-involves the use of invention activities. These invention activities actively engage the students, are intended to stimulate creative thinking, are particular in their brevity and high level of structure, and are designed to precede both explicit instruction and reinforcing practice. The merit of having students inspect the fundamental makeup of a problem before being taught to solve it has been shown as useful support for the formation of an initial orderly schema (i.e., preparation for future learning). The transfer of knowledge can be rather difficult to detect in a sequestered problem solving environment, but we claim to have found some evidence of its occurrence. In a situation for which a weighted average is required, we observe significantly more students paying attention to the uncertainty associated with the problem. Given the well-documented challenges associated with teaching the nature of measurement and uncertainty-and while many students still fall short of remembering or applying the correct formula of a weighted average-we interpret this transfer of a concept as a small victory.",wos,llm,0.880,unreviewed,
kept,Motivation and Transfer: The Role of Mastery-Approach Goals in Preparation for Future Learning,"Belenky, Daniel M.; Nokes-Malach, Timothy J.",2012,JOURNAL OF THE LEARNING SCIENCES,10.1080/10508406.2011.651232,https://www.webofscience.com/wos/woscc/full-record/WOS:000307233200003,supports-claim; supports_claim; invention_activities; preparation_for_future_learning; motivation,"The study of knowledge transfer rarely draws upon motivational constructs in empirical work. We investigated how students' achievement goals interact with different forms of instruction to promote transfer, defined as preparation for future learning (Bransford & Schwartz, 1999). Students were given either invention or tell-and-practice activities when learning statistics concepts and their achievement goal orientations were measured at the beginning of the experiment. We also assessed students' goals during the learning activity. We predicted that students who entered the experiment with a high mastery-approach goal orientation would be more likely to transfer, regardless of instruction. We also hypothesized that invention activities would lead to higher mastery-approach goal adoption for the task and more attention to important conceptual features, as students would focus on trying to understand the material. Finally, because we expected that invention activities would promote mastery goal adoption during the task, we predicted a moderating effect of invention activities, such that there would be a smaller effect for students' initial mastery-approach goal orientation on transfer for those who invented compared to those who received tell-and-practice instruction. All three hypotheses were supported. Results are discussed in terms of contributions to research on knowledge transfer, achievement goals, and educational practice.",wos,llm,0.970,unreviewed,
discarded,Dynamic interactions between cognitive load and self-efficacy drive goal setting within a self-regulation framework,Rague J.M.,2026,Educational Psychology,10.1080/01443410.2026.2667882,https://www.scopus.com/inward/record.uri?partnerID=HzOxMe3b&scp=105039008395&origin=inward,adjacent-subtopic; adjacent_self_regulation; cognitive_load; not_ps_i,,scopus,llm,0.950,unreviewed,
discarded,An interdisciplinary review of learning through failure in higher education,Rawle F.,2026,Educational Review,10.1080/00131911.2025.2475829,https://www.scopus.com/inward/record.uri?partnerID=HzOxMe3b&scp=105002016984&origin=inward,adjacent-subtopic; adjacent_review; learning_through_failure_general; not_specific_ps_i,,scopus,llm,0.810,unreviewed,
discarded,"Exploring the Multidimensional Advantages of Productive Failure in Cultivating Clinical Thinking, Collaboration, Stress Management, and Learning Retention in Resident Physicians",Ding Y.,2025,Advances in Medical Education and Practice,10.2147/AMEP.S546816,https://www.scopus.com/inward/record.uri?partnerID=HzOxMe3b&scp=105026372940&origin=inward,adjacent-subtopic; adjacent_clinical_thinking; productive_failure_general; no_clear_comparison,,scopus,llm,0.740,unreviewed,
discarded,Telling stories as preparation for learning: A Bayesian analysis of transfer performance and investigation of learning mechanisms,Tobler S.,2024,Learning and Instruction,10.1016/j.learninstruc.2024.101944,https://www.scopus.com/inward/record.uri?partnerID=HzOxMe3b&scp=85193921573&origin=inward,adjacent-subtopic; adjacent_preparation_for_learning; storytelling; not_problem_solving,,scopus,llm,0.860,unreviewed,
discarded,"iSTEAM contest on enhancing self-confidence in making miniature models: correlate to mastery orientation, engagement and interest",Hong J.C.,2023,Research in Science and Technological Education,10.1080/02635143.2021.1909554,https://www.scopus.com/inward/record.uri?partnerID=HzOxMe3b&scp=85104069074&origin=inward,adjacent-subtopic; adjacent_contest_learning; not_ps_i,,scopus,llm,0.940,unreviewed,
discarded,An integrated model of learning from errors,Zhang Q.,2023,Educational Psychologist,10.1080/00461520.2022.2149525,https://www.scopus.com/inward/record.uri?partnerID=HzOxMe3b&scp=85144178036&origin=inward,adjacent-subtopic; adjacent_learning_from_errors; integrated_model; not_ps_i,,scopus,llm,0.900,unreviewed,
kept,Mastery versus invention learning: impacts on future learning of simulated procedural skills,Brydges R.,2022,Advances in Health Sciences Education,10.1007/s10459-022-10094-x,https://www.scopus.com/inward/record.uri?partnerID=HzOxMe3b&scp=85127169345&origin=inward,adjacent-subtopic; invention_learning; procedural_skills; sequence_comparison,,scopus,llm,0.720,unreviewed,
discarded,Problem-solving before instruction (Ps-i): A protocol for assessment and intervention in students with different abilities,González-Cabañes E.,2021,Journal of Visualized Experiments,10.3791/62138,https://www.scopus.com/inward/record.uri?partnerID=HzOxMe3b&scp=85116572059&origin=inward,adjacent-subtopic; ps_i_protocol; methodology; different_abilities; protocol_no_results,,scopus,llm_reviewed,0.680,changed,kept->discarded
discarded,Preparing Future Adaptive Experts: Why It Matters and How It Can Be Done,Mylopoulos M.,2020,Medical Science Educator,10.1007/s40670-020-01089-7,https://www.scopus.com/inward/record.uri?partnerID=HzOxMe3b&scp=85091796107&origin=inward,adjacent-subtopic; adjacent_adaptive_expertise; medical_education; not_ps_i,,scopus,llm,0.860,unreviewed,
kept,Learning and emotional outcomes after the application of invention activities in a sample of university students,González-Cabañes E.,2020,Sustainability Switzerland,10.3390/SU12187306,https://www.scopus.com/inward/record.uri?partnerID=HzOxMe3b&scp=85091571913&origin=inward,adjacent-subtopic; invention_activities; learning_outcomes; emotional_outcomes,,scopus,llm,0.740,unreviewed,
kept,Exploring factors influencing the effectiveness of explicit instruction first and problem-solving first approaches,Chen O.,2020,European Journal of Psychology of Education,10.1007/s10212-019-00445-5,https://www.scopus.com/inward/record.uri?partnerID=HzOxMe3b&scp=85075860042&origin=inward,adjacent-subtopic; instruction_first_vs_problem_solving_first; boundary_conditions,,scopus,llm,0.770,unreviewed,
discarded,Validation Reconceived: The Double Treatment Experimental Design,Halbherr T.,2020,Frontiers in Education,10.3389/feduc.2019.00156,https://www.scopus.com/inward/record.uri?partnerID=HzOxMe3b&scp=85078472067&origin=inward,off-topic-false-hit; other_topic; research_methodology; not_ps_i,,scopus,llm,0.980,unreviewed,
kept,Productive failure as an instructional approach to promote future learning,Steenhof N.,2019,Advances in Health Sciences Education,10.1007/s10459-019-09895-4,https://www.scopus.com/inward/record.uri?partnerID=HzOxMe3b&scp=85065980379&origin=inward,adjacent-subtopic; productive_failure; future_learning; health_education,,scopus,llm,0.700,unreviewed,
kept,When Productive Failure Fails,Sinha T.,2019,Proceedings of the 41st Annual Meeting of the Cognitive Science Society Creativity Cognition Computation Cogsci 2019,,https://www.scopus.com/inward/record.uri?partnerID=HzOxMe3b&scp=85107382988&origin=inward,qualifies-claim; qualifies_claim; productive_failure_fails; boundary_conditions,,scopus,llm,0.880,unreviewed,
discarded,"Understanding the impact of guiding inquiry: the relationship between directive support, student attributes, and transfer of knowledge, attitudes, and behaviours in inquiry learning",Roll I.,2018,Instructional Science,10.1007/s11251-017-9437-x,https://www.scopus.com/inward/record.uri?partnerID=HzOxMe3b&scp=85036542577&origin=inward,adjacent-subtopic; adjacent_inquiry_learning; guidance; not_ps_i,,scopus,llm,0.880,unreviewed,
kept,Reverse the routine: Problem solving before instruction improves conceptual knowledge in undergraduate physics,Weaver J.P.,2018,Contemporary Educational Psychology,10.1016/j.cedpsych.2017.12.003,https://www.scopus.com/inward/record.uri?partnerID=HzOxMe3b&scp=85039845705&origin=inward,supports-claim; supports_claim; physics; conceptual_knowledge; pf_unreachable; recorded-not-cited,,scopus,human,0.940,human,
discarded,An overview of theoretical frameworks and contemporary approaches for facilitating conceptual and procedural knowledge in mathematics,Putarek V.,2018,Psihologijske Teme,10.31820/pt.27.3.6,https://www.scopus.com/inward/record.uri?partnerID=HzOxMe3b&scp=85059257420&origin=inward,adjacent-subtopic; adjacent_overview; math_instruction_general; not_ps_i,,scopus,llm,0.950,unreviewed,
kept,Towards a Theory of When and How Problem Solving Followed by Instruction Supports Learning,Loibl K.,2017,Educational Psychology Review,10.1007/s10648-016-9379-x,https://www.scopus.com/inward/record.uri?partnerID=HzOxMe3b&scp=84978539269&origin=inward,adjacent-subtopic; ps_i_review; theory; boundary_conditions,,scopus,llm,0.950,unreviewed,
kept,Learning from direct instruction: Best prepared by several self-regulated or guided invention activities?,Glogger-Frey I.,2017,Learning and Instruction,10.1016/j.learninstruc.2016.11.002,https://www.scopus.com/inward/record.uri?partnerID=HzOxMe3b&scp=85006802659&origin=inward,adjacent-subtopic; invention_activities; guided_vs_self_regulated; boundary_conditions,,scopus,llm,0.880,unreviewed,
kept,"Examining Productive Failure, Productive Success, Unproductive Failure, and Unproductive Success in Learning",Kapur M.,2016,Educational Psychologist,10.1080/00461520.2016.1155457,https://www.scopus.com/inward/record.uri?partnerID=HzOxMe3b&scp=84964061245&origin=inward,qualifies-claim; productive_failure; theory; qualifies_claim,,scopus,llm,0.880,unreviewed,
kept,Effects of comparing contrasting cases and inventing on learning from subsequent instructional explanations,Roelle J.,2016,Instructional Science,10.1007/s11251-016-9368-y,https://www.scopus.com/inward/record.uri?partnerID=HzOxMe3b&scp=84961214479&origin=inward,adjacent-subtopic; contrasting_cases; inventing; preparation_for_future_learning,,scopus,llm,0.890,unreviewed,
kept,Inventing a solution and studying a worked solution prepare differently for learning from direct instruction,Glogger-Frey I.,2015,Learning and Instruction,10.1016/j.learninstruc.2015.05.001,https://www.scopus.com/inward/record.uri?partnerID=HzOxMe3b&scp=84930947589&origin=inward,qualifies-claim; inventing_vs_worked_solution; preparation_for_learning; qualifies_claim,,scopus,llm,0.900,unreviewed,
kept,Effects of Comparing Contrasting Cases on Learning From Subsequent Explanations,Roelle J.,2015,Cognition and Instruction,10.1080/07370008.2015.1063636,https://www.scopus.com/inward/record.uri?partnerID=HzOxMe3b&scp=84942312042&origin=inward,adjacent-subtopic; contrasting_cases; subsequent_explanations; preparation_for_learning,,scopus,llm,0.890,unreviewed,
kept,Comparing Learning From Productive Failure and Vicarious Failure,Kapur M.,2014,Journal of the Learning Sciences,10.1080/10508406.2013.819000,https://www.scopus.com/inward/record.uri?partnerID=HzOxMe3b&scp=84920097565&origin=inward,adjacent-subtopic; productive_failure; vicarious_failure; comparison,,scopus,llm,0.880,unreviewed,
kept,Knowing what you don't know makes failure productive,Loibl K.,2014,Learning and Instruction,10.1016/j.learninstruc.2014.08.004,https://www.scopus.com/inward/record.uri?partnerID=HzOxMe3b&scp=84907176073&origin=inward,adjacent-subtopic; productive_failure; knowledge_gap_awareness; mechanism,,scopus,llm,0.900,unreviewed,
