status,title,authors,year,venue,doi,url,tags,abstract,provider,decision_source,llm_confidence,llm_review_outcome,llm_change_direction
discarded,From Dialogue to Depth: A Conceptual Model of Generative Artificial Intelligence Mediated Learning in Physics Education,Konstantinos T Kotsis,2026,International Journal of Advanced Multidisciplinary Research and Studies,10.62225/2583049x.2026.6.2.5960,https://openalex.org/W7135028169,off-topic-false-hit; other_ai_ml; conceptual_model_genai; not_ps_i,"The rapid uptake of generative artificial intelligence (GenAI) in science education calls for theoretical frameworks that explain how AI-mediated interaction shapes learning processes, rather than merely whether particular tools are effective. This conceptual paper proposes the Dialogue-to-Depth model as a theory-building framework for understanding how GenAI can support complementary epistemic functions in physics education. The model conceptualises learning as a pedagogical movement from dialogic exploration, in which learners externalise intuitive ideas, negotiate meaning, and engage in explanatory questioning, toward analytic consolidation, in which emerging conceptions are stabilised through formal representations, canonical explanations, and disciplinary language. Drawing on constructivist and sociocognitive perspectives, engagement-oriented theories, productive failure, and contemporary work on AI literacy, the model positions generative AI as an epistemic mediator whose pedagogical role is enacted through instructional framing and teacher orchestration rather than determined by platform-specific affordances. The paper articulates theoretical implications for conceptual change research and AI-in-education, derives design-oriented principles for AI-supported physics pedagogy, and outlines a research agenda for empirical validation of the proposed trajectory across topics and learner populations. By offering a coherent conceptual vocabulary linking dialogue to depth, the model aims to support principled integration of GenAI into physics classrooms in ways that preserve learner agency, foster critical engagement with AI-generated explanations, and promote deep conceptual understanding.",openalex,llm,0.950,unreviewed,
discarded,Analyzing Patterns of Emerging Understanding and Misunderstanding in Collaborative Science Learning: A Method for Unpacking Critical Turning Points.,Alisha Portolese; Lina Markauskaitė; Polly K. Lai; Michael J. Jacobson,2016,QUT ePrints (Queensland University of Technology),,https://openalex.org/W2948950036,adjacent-subtopic; adjacent_methodology; productive_failure_mentioned; not_ps_i_comparison,"When students learn science in a computer-supported, collaborative, delayed-instruction environment, how does understanding (and misunderstanding) emerge? Are there patterns in the pivotal moments when emerging understanding turns for the better or worse? While components such as modeling software, delayed instruction methods such as productive failure, and analogical-encoding methods such as contrasting cases have all been shown effective at supporting deep learning in science, little is known about the micro-level mechanisms explaining how and why students might be more or less successful when working in an environment combining all three. This paper details our refinements of an innovative method for unpacking the micro-level mechanisms contributing to turning points in the successes and failures in collaborative understanding when learning science with computer modeling. In unpacking our methodology, we discuss work including Sanderson and Fisher’s (1994) exploratory sequential data analysis (ESDA) guidelines and the productive multivocality project (Suthers, 2013) to frame our approach.",openalex,llm,0.870,unreviewed,
discarded,Exploring Student and Teacher Experiences in Hybrid Learning Environments: Does Presence Matter?,Annelies Raes,2021,Postdigital Science and Education,10.1007/s42438-021-00274-0,https://openalex.org/W3214456453,off-topic-false-hit; other_topic; hybrid_learning; not_ps_i,"The global pandemic forced us to rethink education to fight Covid-19 and apply social distancing during lectures. Luckily, we could rely on earlier research into distance education in general, and more specifically, into synchronous hybrid learning. During synchronous hybrid learning both on-site and remote students are connected and taught synchronously in what we call at our university the 'hybrid classroom' or 'hybrid lecture hall'. In order to further substantiate this potential new normal, research is needed to investigate the influencing factors of engagement and learning in these new environments from a student and teacher perspective. In this study, two different hybrid learning designs and practices are explored and analysed through the lens of the activity-centred analysis and design (ACAD) framework. Next to this more qualitative approach, this study also presents quantitative results on the effect of the level of presence (on-site versus remote, with or without interaction) on conceptual and affective outcomes. In terms of the student perspective, this study did not find any significant differences between physical and remote presence regarding conceptual understanding, yet significant differences were found in regard of affective engagement in favour of the on-site students and remote students having the opportunity to interact. In line with the ACAD framework, our research found that successful learning and teaching activities are interrelated with set, epistemic, and social design decisions.",openalex,llm,0.960,unreviewed,
discarded,Facilitating student engagement through the flipped learning approach in K-12: A systematic review,Melissa Bond,2020,Computers & Education,10.1016/j.compedu.2020.103819,https://openalex.org/W3006292559,adjacent-subtopic; adjacent_systematic_review; flipped_learning; not_ps_i_specific,"The flipped learning approach has been growing in popularity in both higher education and K-12, especially for its potential to increase active learning and student engagement. However, further research is needed to understand exactly how the flipped approach enhances student engagement. This narrative systematic review synthesises literature published between 2012 and 2018, focused on the flipped learning approach in K-12 contexts, and indexed in 7 international databases. 107 articles, book chapters, dissertations, conference papers and grey literature were included for review, and the results are discussed against a bioecological model of student engagement. The results indicate that the majority of research has been undertaken in North American and Asian high schools, heavily focused on student perceptions of flipped learning and achievement within STEM subjects, especially Mathematics, with a slight preference for quantitative methods. Studies in this review found the approach to overwhelmingly support student engagement, with 93% of studies citing at least one dimension of behavioural, affective or cognitive engagement, whereas 50% of studies reported facets of disengagement. Collaborative technologies such as Google Docs, Google Classroom and Edmodo were particularly linked to engagement, with videos not created by teachers more likely to lead to disengagement. Only 12% included a definition of student engagement, and less than half used a theoretical framework. Future empirical research should ensure that all contextual information is included, including year level of student participants, that multiple methods of both quantitative and qualitative data collection are included, and close attention is paid to grounding research in theory. Further research is needed on parent, teacher and school leader perceptions, as well as longitudinal and multiple-class studies.",openalex,llm,0.950,unreviewed,
discarded,Beyond the Screen: Why Immersive Learning Transforms Educational Outcomes,Jonathan Westover,2025,Preprints.org,10.20944/preprints202507.0784.v1,https://openalex.org/W4412147892,adjacent-subtopic; adjacent_immersive_learning_meta_analysis; not_ps_i_specific,"This research synthesizes current empirical evidence on immersive learning approaches through both a meta-analysis of 42 experimental studies (2010-2024) and original data from three case implementations across different educational contexts. Drawing on cognitive science principles including situated cognition, cognitive apprenticeship, and productive failure, the study examines how immersive learning environments create ""thick authenticity"" by connecting real-world contexts, personal interests, disciplinary practices, and authentic assessment. The analysis addresses the ""authenticity dilemma""—balancing complex, authentic challenges with appropriate instructional scaffolding—while critically examining implementation challenges, individual differences that moderate effectiveness, and potential drawbacks. Quantitative results indicate moderate positive effects on knowledge acquisition (g = 0.38, 95% CI [0.31, 0.45]) and stronger effects on transfer (g = 0.61, 95% CI [0.52, 0.70]) and motivation (g = 0.67, 95% CI [0.58, 0.76]), though with significant heterogeneity across designs and implementations. Qualitative data from the case studies reveal that implementation quality, particularly the balance between authenticity and scaffolding, significantly mediates effectiveness. This mixed-methods investigation demonstrates that well-designed immersive learning can develop transferable knowledge, professional identity, and intrinsic motivation, while clarifying boundary conditions and implementation requirements for maximum impact.",openalex,llm,0.880,unreviewed,
discarded,A Pedagogical Interpretation of the AI Recursive Learning Method and Its Application in Vocal Music Learning,Kehang Li; Zetong Zhu; Wen Ji,2025,Global Education Bulletin,10.71052/grb2025/oiok7223,https://openalex.org/W7124458649,off-topic-false-hit; other_ai_ml; conceptual_paper; vocal_music_learning; not_ps_i,"The “black-box” nature of the vocal organ renders the learning process highly dependent on the establishment of proprioception. Traditional vocal music teaching models often suffer from a lack of feedback during after-class practice, leading to inefficient repetition and cognitive discontinuity in skill acquisition. Focusing on the “Artificial Intelligence (AI) Recursive Learning Method” emerging against the backdrop of generative artificial intelligence technology, this paper systematically interprets its internal mechanism and application value from the perspective of learning science. Combining the theory of Productive Failure with the interactive, constructive, active, passive (ICAP) Framework for cognitive engagement, the study reveals that the AI Recursive Learning Method, through its cyclical mechanism of “task-driven practice, gap exposure, instant explanation, and revision and reconstruction”. It can transform learners’ failure experiences in individual practice into explicit cognitive resources, and promote the shift of learning engagement from shallow passive imitation to in-depth constructive reflection. The research demonstrates that as a dynamic “cognitive scaffold”, this method effectively bridges classroom teaching and individual practice, alleviating the structural contradiction between “teaching” and “practice” in vocal music education. Finally, this paper clarifies the boundaries of technological application, and proposes that a new human-machine collaborative ecosystem in vocal music education should be constructed on the premise of affirming the dominant role of teachers in aesthetic guidance.",openalex,llm,0.920,unreviewed,
discarded,Toward a Theory of Experience,Wolff‐Michael Roth; Alfredo Jornet,2013,Science Education,10.1002/sce.21085,https://openalex.org/W1772087534,adjacent-subtopic; adjacent_theory_of_experience; not_ps_i,"ABSTRACT Experience is one of the most used terms in (science) education, and it is recognized as being related to learning (education). Yet what experience is and how it is related to learning and change remains untheorized. In this paper, we mainly draw on the work of J. Dewey and L. S. Vygotsky but also on M. Bakhtin and more recent advances on the topic of experience from French philosophy to contribute to a theory of this important category. Accordingly, experience is not something that belongs to or is had by individuals but rather denotes transactions in and across space and time within irreducible person‐in‐setting units; and it is perfused with an affect that is not (only) the result of mental constructions. An episode from an Australian physics classroom is used to exemplify what such a theory and its method‐related implications have to accomplish in the analysis of concrete science lessons.",openalex,llm,0.970,unreviewed,
discarded,Facilitating Diagnostic Competences in Higher Education—a Meta-Analysis in Medical and Teacher Education,Olga Chernikova; Nicole Heitzmann; Maximilian C. Fink; Venance Timothy; Tina Seidel; Frank Fischer,2019,Educational Psychology Review,10.1007/s10648-019-09492-2,https://openalex.org/W2955375648,adjacent-subtopic; adjacent_meta_analysis; diagnostic_competence; problem_solving_general; not_ps_i,"Facilitating diagnostic competences is an important objective of higher education for many professions. This meta-analysis of 35 empirical studies builds on a conceptual framework and investigates the role of problem-solving, scaffolding, and context to foster diagnostic competences in learners with lower and higher professional knowledge bases. A moderator analysis investigates which type of scaffolding is effective for different levels of learners’ knowledge bases, as well as the role of the diagnostic context. Instructional support has a moderate positive effect ( g = .39; CI [.22; .56]; p = .001). Diagnostic competences are facilitated effectively through problem-solving independent of the learners’ knowledge base. Scaffolding types providing high levels of guidance are more effective for less advanced learners, whereas scaffolding types relying on high levels of self-regulation are more effective for advanced learners.",openalex,llm,0.940,unreviewed,
discarded,A Productive Failure: Existentialism in Fin de Siècle England,Maxwell Patchet,2020,e-Publications@Marquette (Marquette University),,https://openalex.org/W3025226515,off-topic-false-hit; other_topic; literature; productive_failure_metaphor,"In this dissertation, I argue that Thomas Hardy’s Tess of the d’Urbervilles, Joseph Conrad’s Heart of Darkness, and G. K. Chesterton’s The Man Who Was Thursday belong to a broader, transnational tradition of existential novelists. I discuss how recognizing their novels as existential explains why these authors exist in a liminal space in literary criticism, caught between Victorianism and modernism. My dissertation historicizes their existential contribution by placing it within the context of late-Victorian optimism. While their contemporaries celebrated Britain’s technological, imperial, and philosophical strides, Hardy, Conrad, and Chesterton wrote novels that warned against too firm a faith in the merits of progress. Their warnings about the human cost of Victorian progress appears in the novels’ dramatization of failure: the failure of representation in Tess of the d’Urbervilles, the failure of communication in Heart of Darkness, and the failure of understanding in The Man Who Was Thursday.In addition to arguing Hardy, Conrad, and Chesterton belong to a broader existential tradition, I argue that the novel form has been overlooked in accounts of the development of existential thought. The British existentialists’ use of their novel’s formal features speaks to the way in which the novel form itself becomes a productive means of philosophical inquiry. Instead of viewing the novel as merely an useful illustration for philosophic concepts, I argue that the novel is capable of developing ideas in ways unavailable to philosophic discourse. My dissertation shows that the intersection of literature and philosophy demands critical attention be given to the individual characteristics of a novel’s form. In my chapters, I discuss how Hardy theorizes existential absence, Conrad theorizes existential horror, and Chesterton theorizes existential joy through their novel’s distinctive formal features. For each of these authors, the concept emerges out of the failure of the novel’s form. Hence, failure for the British existentialists was productive. Their incompleteness creates possibility, and possibility creates freedom.",openalex,llm,0.990,unreviewed,
discarded,Creativity and risk-taking in teaching and learning settings: Insights from six international narratives,Danah Henriksen; Michael Henderson; Edwin Creely; Ana Amélia Amorim Carvalho; Miroslava Černochová; D. P. Dash; Trina J. Davis; Punya Mishra,2020,International Journal of Educational Research Open,10.1016/j.ijedro.2020.100024,https://openalex.org/W3115306361,adjacent-subtopic; adjacent_creativity_risk_taking; not_ps_i,,openalex,llm,0.920,unreviewed,
discarded,The optimal learning strategy depends on learning goals and processes: Retrieval practice versus worked examples.,Darren J. Yeo; Lisa K. Fazio,2018,Journal of Educational Psychology,10.1037/edu0000268,https://openalex.org/W2794872295,adjacent-subtopic; adjacent_retrieval_practice; worked_examples; not_ps_i,"Testing (having students recall material) and worked examples (having students study a completed problem) are both recommended as effective methods for improving learning. The two strategies rely on different underlying cognitive processes and thus may strengthen different types of learning in different ways. Across three experiments, we examine the efficacy of retrieval practice and worked examples for different learning goals and identify the factors that determine when each strategy is more effective. The optimal learning strategy depends on both the kind of knowledge being learned (stable facts vs. flexible procedures) and the learning processes involved (schema induction vs. memory and fluency building). When students’ goal was to remember the text of a worked example, repeated testing was more effective than repeated studying after a 1-week delay. However, when students’ goal was to learn a novel math procedure, the optimal learning strategy depended on the retention interval and nature of the materials. When long-term retention was not crucial (i.e., on an immediate test), repeated studying was more optimal than repeated testing, regardless of the nature of materials. When long-term retention was crucial (i.e., on a 1-week delayed test), repeated testing was as effective as repeated studying with nonidentical learning problems (that may enhance schema induction), but more effective than repeated studying with identical learning problems (that may enhance fluency building). Testing and worked examples are both effective ways to learn flexible procedures, but they do so through different mechanisms.",openalex,llm,0.960,unreviewed,
kept,Wait for it . . . Delaying Instruction Improves Mathematics Problem Solving: A Classroom Study,Abbey M. Loehr; Emily R. Fyfe; Bethany Rittle‐Johnson,2014,The Journal of Problem Solving,10.7771/1932-6246.1166,https://openalex.org/W1990411654,supports-claim; qualifies_claim; children; classroom_study; knowledge_application_phase; supports_claim; boundary_young_learners,"Engaging learners in exploratory problem-solving activities prior to receiving instruction (i.e., explore-instruct approach) has been endorsed as an effective learning approach. However, it remains unclear whether this approach is feasible for elementary-school children in a classroom context. In two experiments, second-graders solved mathematical equivalence problems either before or after receiving brief conceptual instruction. In Experiment 1 (n = 41), the explore-instruct approach was less effective at supporting learning than an instruct-solve approach. However, it did not include a common, but often overlooked feature of an explore-instruct approach, which is provision of a knowledge-application activity after instruction. In Experiment 2 (n = 47), we included a knowledge-application activity by having all children check their answers on previously solved problems. The explore-instruct approach led to superior learning than an instruct-solve approach. Findings suggest promise for an explore-instruct approach, provided learners have the opportunity to apply knowledge from instruction.",openalex,llm_reviewed,0.980,confirmed,
