status,title,authors,year,venue,doi,url,tags,abstract,provider,decision_source,llm_confidence,llm_review_outcome,llm_change_direction
kept,Examining Productive Failure Instruction in Dental Ethics,Karen Tam,2017,UA Campus Repository (The University of Arizona),,https://openalex.org/W2743556957,adjacent-subtopic; productive_failure; dental_ethics; dissertation,"These three papers examine ""productive failure"" as a viable learning design to improve problem solving skills using open-ended problems. Productive failure, a teaching method, is based on the premise of unsuccessful learning performance in solving for complex problems with little to no support while yielding productive learning for subsequent problems. Kapur (2008) argues that hidden efficacies of learning exist in failure in which learners potentially learn through experimentation from their exploration and struggle in solving complex problems in a way that learners must first try and solve complex, novel problems on their own, but ultimately will fail to reach a solution. We have limited understanding if this type of design would be effective on complex problems with multiple solutions since previous studies on productive failure focused on problems with a canonical solution. In the three papers, I examine the extent to which students learn how to solve moral dilemmas in productive failure (PF) compared to lecture and practice (LP) and to what extent instruction in PF helps students learn skills in transferable problem solving. One paper describes a pilot study that was conducted with 21 second-year dental hygiene students. In the randomized-controlled study, analysis did not show significant differences on moral reasoning (p = .06) and transfer of knowledge (p = .58) between PF and LP instructional method. However, the effect size on students' posttest scores was high (d = .76) which as a result of the educational intervention, suggests that PF students demonstrated acquisition of new thinking and approached the complex problem in a more sophisticated moral way of thinking. To replicate these findings, the results from the pilot study were used to make adjustments in instructional and research design for a full-scale study. The second study on 77 second-year dental hygiene students from four dental hygiene programs further shows that PF students gained a deeper conceptual understanding and were better prepared for subsequent problems. PF students, I found, demonstrated greater shifts from simplistic thinking to post conventional thinking compared to LP students. Although PF students performed similarly when compared to LP students on their posttest scores in the moral responses, LP students scored lower than their pretest problem and the difference between pretest and posttest scores in LP School had a moderate effect in a negative direction (d= -.64). Findings in both studies suggest that productive failure design has the potential to help students reach a deeper conceptual understanding when they 1) analyze their own failure; 2) use the learned concept to build upon their own prior knowledge; and 3) repair existing mental models to successfully solve complex problems. As such, continued exploration of various instructional approaches like productive failure is still needed as alternatives to lecture and practice for developing problem solving skills.",openalex,llm,0.900,unreviewed,
discarded,Postmodern Wastelands: Underworld and the Productive Failures of Periodization,Johanna Isaacson,2012,Criticism,10.1353/crt.2012.0006,https://openalex.org/W1965255413,off-topic-false-hit; other_topic; literary_criticism; not_learning,"Postmodern Wastelands: Underworld and the Productive Failures of Periodization Johanna Isaacson (bio) Don Delillo's Underworld is a postmodern novel that thematizes its own situation by showing, in its tropes and forms, the stakes and impossibilities of periodization. The new novel is a grand gesture in an age when high art and realism are waning forms of representation and the social forms that gave birth to the novel have decayed, are etherealized and in flux. The dominant tropes in Underworld point to this condition of fertile decay. Elegiac in its tone and themes, the novel's world is one of ruin and resurrection. Underworld, like other novels in this genre such as Against the Day and The Corrections, negotiate their own possible obsolescence, their contradictory terms and premises, and their ""liberal form"" and by doing so become relevant once again.1 Here I want to look at this genre as a new moment in a long trajectory of debates on aesthetics and politics that are generally discussed in terms of early twentieth-century modernism and proletarianized ""cultural front"" political forms.2 At this earlier moment, the existence of a Communist Party, strong unions, and a self-aware proletariat supported the hope for engaged literature and aesthetics. Today, the idea of an engaged literature that can map modes of alienation, class antagonism, and exploitation in light of the mode of production may seem like a retrograde critical positioning. But here I will look at how the idea of engaged literature, of politicized culture, haunts the text and navigates historically variant understandings of politicization and depoliticization. My analysis will be informed by Fredric Jameson's periodization of postmodern culture as embodying the logic of late capitalism and his notion of utopia as a form of critical negation. My argument also owes much to Christopher Connery's periodization of politicization and depoliticization as they relate to the Cold War and 1960s' temporalities. Finally, I will be in dialog with Phillip Wegner's periodizing reading of Underworld that focuses on the 1990s. I will argue that a late capitalist periodization that emphasizes the consequences and later fate of 1960s' politicization is a [End Page 29] necessary complement to Wegner's decadal periodization in order to better develop a critical position that neither participates in the depoliticizing tendency nor denies the continued relevance and importance of radical critique. The high postmodernist realist aesthetic, elliptical in structure and attuned to the logic of the fragment, itself suggests the simultaneous impossibility and necessity of a periodization-based apprehension of the totality, and the movement of my own argument will reflect these structural characteristics. My argument may at first seem paradoxical in that while I insist upon a utopian future-oriented reading of Underworld, I focus on the themes of failure, closure, and nostalgia. Here, following Fredric Jameson's description in Archaeologies of the Future, I see utopia as a ""critical negativity.""3 In the postmodern moment the crisis of utopia is related to the crisis of representation, one that is no longer solvable through modernist tactics of aesthetic formal innovation. Even avant-garde culture is now absorbed into late capitalist dynamics, thus rendering representation of an outside to capitalism virtually unfigurable. This unrepresentability leads to a discourse that figures the present system as eternal. The appropriate response to this rhetoric of unchangeability, argues Jameson, is disruption. This is the politics of ""the total formal break and discontinuity.""4 He argues that this radical closure is itself a new kind of content, a ""utopian form"" that insists that radical difference is possible and that a break is necessary. Political representation is thus the representation of rupture rather than of the content of a positive utopia that would come after the break. The present depoliticized condition leads to a greater need for an appeal to utopia in this negative form. Here, I want to read Underworld's themes of closure, the residual, and waste and trash as signs of closure that nevertheless contain a utopian moment. Whereas my periodization lays an emphasis on politicization and depoliticization as it accompanies epochal stages of capitalist expansion, Phillip Wegner's interpretation of the novel emphasizes the nature and possibility of breaks and...",openalex,llm,0.990,unreviewed,
kept,Productive failure in inquiry learning in a multi-user virtual environment,Shannon Kennedy‐Clark; Michael J. Jacobson; Peter Reimann,2009,ASCILITE Publications,10.14742/apubs.2009.2275,https://openalex.org/W2129475874,adjacent-subtopic; productive_failure; inquiry_learning; virtual_environment,"This research focuses on analysing the impact of structure in inquiry learning activities in a Multi-User Virtual Environment. Productive failure is a learning strategy that has shown that using a low structure initial activity in inquiry learning can result in better learning outcomes than using an initial high structure activity. Virtual Singapura is a multi-user virtual environment that presents learners with the opportunity to engage with a visually rich, authentic and dynamic environment that enhances a student’s engagement with inquiry learning. This research aims to inform research on productive failure and the structuring of inquiry based activities in virtual environments.",openalex,llm,0.880,unreviewed,
kept,Productive Failure: A Hidden Efficacy of Seemingly Unproductive Production,Manu Kapur,2006,eScholarship (California Digital Library),,https://openalex.org/W2625577471,supports-claim; supports_claim; productive_failure; transfer; foundational_study,"Contrary to the fairly established notion in the learning and cognitive sciences that un-scaffolded processes rarely lead to meaningful learning, this study reports a hidden efficacy of such processes and a method for extracting it.Compared to scaffolded, well-structured problem-solving groups, unscaffolded, ill-structured problem-solving groups struggled with defining and solving the problems.Their discussions were chaotic and divergent, resulting in poor group performance.However, despite failing in their problem-solving efforts, these participants outperformed their counterparts in the wellstructured condition on transfer measures, suggesting a latent productivity in the failure.The study's contrasting-case design provided participants in the un-scaffolded condition with an opportunity to contrast the ill-structured problems that they had solved in groups with the well-structured problems they solved individually afterwards.This contrast facilitated a spontaneous transfer, helping them perform significantly better on the individual ill-structured problem-solving tasks subsequently.Implications of productive failure for the development of adaptive expertise are discussed.",openalex,llm,0.980,unreviewed,
discarded,Towards the Pedagogical Steering of Large Language Models for Tutoring: A Case Study with Modeling Productive Failure,Romain Puech; Jakub Mačina; Julia Chatain; Mrinmaya Sachan; Manu Kapur,2025,,10.18653/v1/2025.findings-acl.1348,https://openalex.org/W4412944501,off-topic-false-hit; other_ai_ml; llm_tutoring; not_human_ps_i_comparison,"One-to-one tutoring is one of the most efficient methods of teaching.With growing popularity of Large Language Models (LLMs), there have been efforts to create LLM-based conversational tutors which can expand the benefits of one-to-one tutoring to everyone.However, current LLMs are trained primarily to be helpful assistants and lack crucial pedagogical skills.For example, they often quickly reveal the solution to the student and fail to plan for a richer multi-turn pedagogical interaction.To use LLMs in pedagogical settings, they need to be steered to use effective teaching strategies: a problem we introduce as Pedagogical Steering.We develop StratL, an algorithm to optimize LLM prompts and steer it to follow a predefined multi-turn tutoring plan represented as a transition graph.As a case study, we create a prototype tutor for high school math following Productive Failure (PF), an advanced and effective learning design.To validate our approach in a real-world setting, we run a field study with 17 high school students in Singapore and show that StratL succeeds in steering the LLM to follow the PF tutoring strategy.Finally, we highlight challenges in Pedagogical Steering of LLMs and offer opportunities for further improvements by publishing a dataset of PF problems 1 and our code 2 .",openalex,llm,0.880,unreviewed,
kept,Application of productive failure theory combined with debriefing teaching model in peripherally inserted central catheter skill training for oncology specialist nurses,"Yue, Zhiying; Wu, Haokun; Zhong, Linjun; Li, Mingxia; Zeng, Mingli; Zeng, Yujiao; Feng, Hexiang; Zheng, Rujun; Sun, Yu",2025,BMC MEDICAL EDUCATION,10.1186/s12909-025-07863-8,https://www.webofscience.com/wos/woscc/full-record/WOS:001586830100016,adjacent-subtopic; productive_failure; nursing_skills; sequence_comparison,"Background Based on the limitations of the traditional model of PICC skills training for domestic oncology specialist nurses in terms of curriculum design, training effect and clinical application, This study explored the application of the productive failure theory combined with debriefing in teaching peripherally inserted central catheter skills to oncology specialist nurses. Methods This quasi-experimental study was conducted in 2023 and involved 146 oncology nurses recruited from Sichuan Province. Participants were assigned to either the control group (n = 73) or the intervention group (n = 73) based on the principle of baseline comparability and convenience sampling. The control group received traditional teaching method, whereas the intervention group underwent a combined repeated teaching approach grounded in the theory of productive failure. Results Before the training intervention, the demographic characteristics, professional theoretical knowledge, professional operation skills, learning motivation, clinical thinking ability, problem solving ability, self-efficacy, test scores and subjective evaluation in general information has no significant difference between the two groups (P > 0.05), which was comparable. After the intervention, the scores of the above five items and the teaching satisfaction of the intervention group were significantly higher than those of the control group, and the difference was statistically significant (P < 0.05). Conclusion In the skill teaching of central venous catheter through peripheral puncture, the teaching mode based on productive failure theory combined with debriefing teaching is obviously superior to the traditional teaching mode, which can significantly enhance the professional knowledge, skills, learning motivation, critical thinking, self-efficacy and other comprehensive qualities of oncology specialist nurses. It is worthy of being further incorporated into futher clinical content teaching research.",wos,llm,0.900,unreviewed,
discarded,"Productive failure, African agency, and security cooperation in West Africa: The case of the G5 Sahel","Sandor, Adam; Frowd, Philippe M.; Hoenke, Jana",2026,EUROPEAN JOURNAL OF INTERNATIONAL SECURITY,10.1017/eis.2025.8,https://www.webofscience.com/wos/woscc/full-record/WOS:001445258800001,off-topic-false-hit; other_topic; international_security; not_learning,"This paper examines South-South security cooperation and regional organisations (ROs) in Africa. Much of the literature on peace and conflict in Africa has focused on ROs and the African Peace and Security Architecture (APSA). Guided by the mantra 'African solutions to African problems', these organisations have facilitated several instances of African-led security cooperation. Yet ROs have limited agency and capacity, are institutionally rigid, and are often donor-dependent. As a result, ad hoc security initiatives such as the G5 Sahel and Accra Initiative - our case studies - are on the rise. While such initiatives are better adapted to local context and feature higher levels of autonomy (relative to APSA), we critique this view by showing how donors pressure and trap African governments facing transnational security threats into ad hoc initiatives. These initiatives transform into 'zombified' security institutions that rarely live up to the elevated expectations of African and Western stakeholders. This creates a paradox for debates around African agency in security affairs: ad hoc initiatives lock African states into security frameworks that do not respond to their needs but also facilitate the pursuit of donor funding, reassert the national scale of sovereignty, and incentivise new forms of bilateral security cooperation.",wos,llm,0.990,unreviewed,
kept,Recognizing Patterns in Productive Failure,"Steinhorst, Phil; Duhme, Christof; Jiang, Xiaoyi; Vahrenhold, Jan",2024,"PROCEEDINGS OF THE 55TH ACM TECHNICAL SYMPOSIUM ON COMPUTER SCIENCE EDUCATION, SIGCSE 2024, VOL. 1",10.1145/3626252.3630915,https://www.webofscience.com/wos/woscc/full-record/WOS:001181240800187,adjacent-subtopic; productive_failure; computer_science; boundary_conditions,"Productive Failure is a variant of problem-based learning in which the order of the instruction and problem-solving phase is reversed. The effectiveness of Productive Failure with respect to conceptual knowledge has been demonstrated through a number of studies. The majority of these studies, however, took place in secondary Mathematics classrooms, whereas other studies resulting in less or no support of such an effectiveness were contextualized in other disciplines, including Computer Science, or in tertiary education. This has raised the question of which conditions support or hamper the use of Productive Failure. To deepen our understanding of such conditions, we designed and executed a Productive Failure intervention for a Pattern Recognition course, thus shifting the intervention context into a tertiary setting while maintaining proximity to Mathematics. In an experimental study, we compared the problem-solving progression of students in a Productive Failure setting with the progression of students in a traditional Direct Instruction setting. For this, we analyzed patterns of discourse arising among the participants as well as the longer-term retention of the concepts addressed. The results of our qualitative analysis suggest that, even in a short intervention, Productive Failure can be used to elicit a distinct pattern of progressing though the problem-solving process. At the same time, our study confirmed previous findings that the mode of instruction does not affect exam performance with respect to the specific topics addressed in the intervention. We discuss limitations of the study setting and possible implications for designing future research studies and teaching interventions.",wos,llm,0.930,unreviewed,
discarded,"Coming Together in the So-Called Refugee Crisis A Collaboration Among Refugee Newcomers, Migrants, Activists and Anthropologists in Berlin","Selim, Nasima; Abdalla, Mustafa; Alloulou, Lilas; Halli, Mohamed Alaedden; Holmes, Seth M.; Ibiss, Maria; Jaschke, Gabi; Goncalves Martin, Johanna",2018,ANTHROPOLOGY IN ACTION-JOURNAL FOR APPLIED ANTHROPOLOGY IN POLICY AND PRACTICE,10.3167/aia.2018.250304,https://www.webofscience.com/wos/woscc/full-record/WOS:000457890500004,off-topic-false-hit; other_topic; anthropology; productive_failures_metaphor,"In 2015, Germany entered what would later become known as the 'refugee crisis'. The Willkommenskultur (welcoming culture) trope gained political prominence and met with signifi cant challenges. In this article, we focus on a series of encounters in Berlin, bringing together refugee newcomers, migrants, activists and anthropologists. As we thought and wrote together about shared experiences, we discovered the limitations of the normative assumptions of refugee work. One aim of this article is to destabilise terms such as refugee, refugee work, success and failure with our engagements in the aftermath of the 'crisis'. Refugee work is not exclusively humanitarian aid directed towards the alleviation of suffering but includes being and doing together. Through productive failures and emergent lessons, the collaboration enhanced our understandings of social categories and the role of anthropology.",wos,llm,0.990,unreviewed,
kept,Learning from failure: a meta-analysis of the empirical studies,"Darabi, Aubteen; Arrington, Thomas Logan; Sayilir, Erkan",2018,ETR&D-EDUCATIONAL TECHNOLOGY RESEARCH AND DEVELOPMENT,10.1007/s11423-018-9579-9,https://www.webofscience.com/wos/woscc/full-record/WOS:000444147700004,supports-claim; meta_analysis; learning_from_failure; supports_claim,"The authors searched five scholarly databases for a decade of research publications examining learning from failure as an instructional strategy. Out of 187 publications, 62 were found to be relevant to the topic from which only 12 used experimental design to examine the issue and reported statistics appropriate for meta-analysis. The studies also represented only two of our search domains-productive failure and failure-driven memory. The small number of experimental studies on this topic is a telling indication of the state of experimental research in this area. However, they revealed a moderately positive result for the effect of learning from failure. An examination of moderating variables indicated that participants' grade level, subject matter domain, and study's duration, while not significant in explaining the differences across the examined studies, showed positive medium effect sizes. Instructional design implications of our findings and limitations of the study are discussed.",wos,llm,0.930,unreviewed,
