status,title,authors,year,venue,doi,url,tags,abstract,provider,decision_source,llm_confidence,llm_review_outcome,llm_change_direction
discarded,What is ‘Coaching'? An Exploration of Conflicting Paradigms,Yossi Ives,2008,International journal of evidence based coaching and mentoring,10.1177/174183050800600209,https://openalex.org/W2748654039,off-topic-false-hit; other_topic; coaching_paradigms; not_ps_i,"This paper sets out the argument that quite fundamental issues, both theoretical and practical, divide the various approaches to coaching. It does not suggest that any one approach is better or right; each approach would be more appropriate in particular situations. However, by understanding more clearly the nature of the difference between approaches, it will also be easier to fit a coaching model to specific situations. It is argued here that goal-oriented approaches to coaching generally have a different perspective than therapeutic or personal-development approaches on the role of the coach and on the objective of coaching.",openalex,llm,0.990,unreviewed,
discarded,WebQual: An Exploration of Web-Site Quality.,Stuart J. Barnes; Richard Vidgen,2000,Journal of the Association for Information Systems,,https://openalex.org/W1977805520,off-topic-false-hit; other_topic; website_quality; not_learning,"Abstract- The issue of web-site quality is tackled from the perspective of the ‘voice of the customer’. Quality function deployment (QFD) is adopted as a framework for identifying web-site qualities demanded by users, which are gathered through a quality workshop. From the workshop an instrument for assessing web-site quality is developed (WebQual) and tested in the domain of UK business schools. The results of the WebQual survey are presented and analyzed, leading to the generation of a WebQual Index of web-site quality. Work under way to extend and refine the WebQual instrument includes electronic commerce evaluation, where web-site service quality is proposed as a key issue. I.",openalex,llm,0.990,unreviewed,
discarded,Application and development trend of artificial intelligence in petroleum exploration and development,Lichun Kuang; He Liu; Yili Ren; Kai Luo; Mingyu Shi; Jian Su; Xin Li,2021,Petroleum Exploration and Development,10.1016/s1876-3804(21)60001-0,https://openalex.org/W3124414187,off-topic-false-hit; other_ai_ml; petroleum_exploration; not_human_learning,"Aiming at the actual demands of petroleum exploration and development, this paper describes the research progress and application of artificial intelligence (AI) in petroleum exploration and development, and discusses the applications and development directions of AI in the future. Machine learning has been preliminarily applied in lithology identification, logging curve reconstruction, reservoir parameter estimation, and other logging processing and interpretation, exhibiting great potential. Computer vision is effective in picking of seismic first breaks, fault identification, and other seismic processing and interpretation. Deep learning and optimization technology have been applied to reservoir engineering, and realized the real-time optimization of waterflooding development and prediction of oil and gas production. The application of data mining in drilling, completion, and surface facility engineering etc. has resulted in intelligent equipment and integrated software. The potential development directions of artificial intelligence in petroleum exploration and development are intelligent production equipment, automatic processing and interpretation, and professional software platform. The highlights of development will be digital basins, fast intelligent imaging logging tools, intelligent seismic nodal acquisition systems, intelligent rotary-steering drilling, intelligent fracturing technology and equipment, real-time monitoring and control of zonal injection and production.",openalex,llm,0.990,unreviewed,
discarded,"Teacher Professional Development, Technology, and Communities of Practice: Are We Putting the Cart Before the Horse?",Mark Schlager; Judith Fusco,2003,The Information Society,10.1080/01972240309464,https://openalex.org/W2001602344,adjacent-subtopic; adjacent_teacher_professional_development; not_ps_i,"Over the past decade, education reform and teacher training projects have spent a great deal of effort to create and support sustainable, scalable online communities of education professionals. For the most part, those communities have been created in isolation from the existing local professional communities within which the teachers practice. We argue that focusing on online technology solely as a mechanism to deliver training and/or create online networks places the cart before the horse by ignoring the Internet's even greater potential to help support and strengthen local communities of practice within which teachers work. In this article we seek guideposts to help education technologists understand the nature of local K-12 education communities of practice--specifically their reciprocal relationship with teacher professional development and instructional improvement interventions--as a prerequisite to designing online sociotechnical infrastructure that supports the professional growth of education professionals.",openalex,llm,0.970,unreviewed,
discarded,Toward equity through participation in Modeling Instruction in introductory university physics,Eric Brewe; Vashti Sawtelle; L. H. Kramer; George O’Brien; Idaykis Rodriguez; P. Pamela,2010,Physical Review Special Topics - Physics Education Research,10.1103/physrevstper.6.010106,https://openalex.org/W2045330461,adjacent-subtopic; adjacent_modeling_instruction; physics; not_ps_i,"We report the results of a five year evaluation of the reform of introductory calculus-based physics by implementation of Modeling Instruction (MI) at Florida International University (FIU), a Hispanic-serving institution. MI is described in the context of FIU's overall effort to enhance student participation in physics and science broadly. Our analysis of MI from a ``participationist'' perspective on learning identifies aspects of MI including conceptually based instruction, culturally sensitive instruction, and cooperative group learning, which are consistent with research on supporting equitable learning and participation by students historically under-represented in physics (i.e., Black, Hispanic, women). This study uses markers of conceptual understanding as measured by the Force Concept Inventory (FCI) and odds of success as measured by the ratio of students completing introductory physics and earning a passing grade (i.e., $\text{C}\ensuremath{-}$ or better) by students historically under-represented in physics to reflect equity and participation in introductory physics. FCI pre and post scores for students in MI are compared with lecture-format taught students. Modeling Instruction students outperform students taught in lecture-format classes on post instruction FCI (61.9% vs 47.9%, $p<0.001$), where these benefits are seen across both ethnic and gender comparisons. In addition, we report that the odds of success in MI are 6.73 times greater than in lecture instruction. Both odds of success and FCI scores within Modeling Instruction are further disaggregated by ethnicity and by gender to address the question of equity within the treatment. The results of this disaggregation indicate that although ethnically under-represented students enter with lower overall conceptual understanding scores, the gap is not widened during introductory physics but instead is maintained, and the odds of success for under-represented students is not different from majority students. Women, similarly enter with scores indicating lower conceptual understanding, and over the course of MI this understanding gap increases, yet we do not find differences in the odds of success between men and women. Contrasting these results with the participationist view on learning indicates a movement toward greater equity in introductory physics but also indicates that the instructional environment can be improved.",openalex,llm,0.940,unreviewed,
discarded,Guidelines for Assessment and Instruction in Statistics Education (GAISE) College Report 2016,Robert H. F. Carver; Michelle Everson; John Gabrosek; Nicholas J. Horton; Robin H. Lock; Megan Mocko; Allan J. Rossman; Ginger Holmes Roswell; Paul F. Velleman; J. Melvin Witmer; Beverly Wood,2016,Scholarly Commons (Embry–Riddle Aeronautical University),,https://openalex.org/W2918372257,adjacent-subtopic; adjacent_statistics_guidelines; not_ps_i,"In 2005 the American Statistical Association (ASA) endorsed the Guidelines for Assessment and Instruction in Statistics Education (GAISE) College Report. This report has had a profound impact on the teaching of introductory statistics in two- and four-year institutions, and the six recommendations put forward in the report have stood the test of time. Much has happened within the statistics education community and beyond in the intervening 10 years, making it critical to re-evaluate and update this important report. For readers who are unfamiliar with the original GAISE College Report or who are new to the statistics education community, the full version of the 2005 report can be found at http://www.amstat.org/education/gaise/GaiseCollege_full.pdf and a brief history of statistics education can be found in Appendix A of this new report. The revised GAISE College Report takes into account the many changes in the world of statistics education and statistical practice since 2005 and suggests a direction for the future of introductory statistics courses. Our work has been informed by outreach to the statistics education community and by reference to the statistics education literature.",openalex,llm,0.980,unreviewed,
discarded,Teaching parabolic functions using GeoGebra in senior high school: evidence from a one-group pretest-posttest study,"Asie, Patience Sumalia; Amenorfe, Francis; Larbi, Ernest",2026,FRONTIERS IN EDUCATION,10.3389/feduc.2026.1856879,https://www.webofscience.com/wos/woscc/full-record/WOS:001844382200001,adjacent-subtopic; adjacent_geogebra; one_group_design; not_ps_i,"This study examines the effectiveness of using GeoGebra in teaching parabolic functions in Senior High School mathematics. It responds to persistent challenges associated with traditional teacher-cantered approaches, which often limit students' understanding of abstract mathematical concepts such as quadratic functions. A quasi-experimental one-group pretest-post test design was adopted, supported by qualitative classroom observations and interviews to provide a richer understanding of students' learning experiences. The study involved Senior High School Form Two students who were taught parabolic functions using GeoGebra after an initial pretest assessment. Students' performance was measured before and after the intervention, while qualitative data captured their engagement, collaboration, and conceptual understanding during classroom activities. The findings revealed a significant improvement in students' post-test scores compared to their pre-test results, with mean performance increasing from low achievement levels to high mastery levels after the intervention. The paired-sample t-test showed that students' post-test scores were significantly higher than their pre-test scores (p < .001), indicating substantial improvement in performance following the GeoGebra intervention. Qualitative findings showed increased student engagement, active participation, and improved ability to connect algebraic expressions with graphical representations. Students demonstrated better understanding of intercepts, vertices, and axes of symmetry through interactive exploration. Guided by Constructivist and Activity Theories, the study demonstrates that GeoGebra supports active learning through visualization, interaction, and collaboration. The study concludes that integrating GeoGebra into mathematics instruction enhances students' conceptual understanding and engagement in learning parabolic functions. It recommends the adoption of dynamic technological tools in mathematics classrooms to promote more effective and meaningful learning experiences.",wos,llm,0.950,unreviewed,
discarded,A conceptual framework for teaching structural trap geometry in hydrocarbon exploration,"Zeybek, Mutlu",2026,CARBONATES AND EVAPORITES,10.1007/s13146-026-01265-7,https://www.webofscience.com/wos/woscc/full-record/WOS:001732543700002,off-topic-false-hit; other_topic; hydrocarbon_exploration; not_learning_psych,"This paper introduces a conceptual framework-the ZEYBEK-1 Heuristic-developed specifically as a classroom teaching aid to help introductory geology students understand the geometric requirements of fault-bounded structural traps. The framework is intentionally simplified for pedagogical purposes: it translates basic petroleum system principles into explicit, coordinate-based geometric rules that define spatial relationships between source rock, reservoir rock, cap rock, and fault systems. Unlike operational exploration tools or research-grade software, ZEYBEK-1 is designed as a teaching scaffold-making implicit geological assumptions explicit so that students can examine and discuss the fundamental logic of trap geometry before encountering real-world complexity. A classroom illustration from the Gulf of Suez demonstrates the approach, with the explicit caveat that this example is for teaching only and does not constitute validation of predictive capability. The framework's simplifying assumptions (vertical faults, horizontal bedding, 2D representation) are features for introductory instruction but become limitations in any other context. This paper outlines the framework's intended scope as a pedagogical heuristic, its boundary conditions, and a research agenda for assessing its educational effectiveness. The framework is not a substitute for professional software or advanced analytical methods; it is a starting point for classroom discussion and should not be used for operational exploration decisions.",wos,llm,0.990,unreviewed,
discarded,Improving Teachers' and Students' Views on Nature of Science Through Active Instructional Approaches: a Review of the Literature,"Bugingo, Jean Bosco; Yadav, Lakhan Lal; Mugisha, Innocent Sebasaza; Mashood, K. K.",2024,SCIENCE & EDUCATION,10.1007/s11191-022-00382-8,https://www.webofscience.com/wos/woscc/full-record/WOS:000857808300001,adjacent-subtopic; adjacent_review; active_instructional_approaches; not_ps_i_specific,"The paper aims to provide a review of literature that emphasizes students' and teachers' views on the nature of science (NOS) and associated instructional approaches to develop adequate understanding of the NOS that have been employed in different contexts. One hundred and seventy-two (172) studies were selected from ResearchGate, Academia, Google Scholar, and ERIC database from the year 2000 to 2022 and few important documents published before 2000. The paper presents an exploration of NOS aspects and identifies the gaps in the previous researches. The reviewed studies inform us that students have strong misconceptions on some NOS aspects such as relationship between theories and laws, observations, and scientific method, while teachers have strong misconception on relationship between theories and laws. The NOS instructional approaches discussed in reviewed papers have a positive effect in improving the NOS understanding. Reviewed literature suggests that some instructional approaches have positive effect to teach most of targeted NOS aspects such as explicit and reflective approach. In addition, the findings indicate that explicit and reflective instruction has been more documented and tried out into different contexts in which a considerable effect on students' views on NOS was noted. Despite all efforts put in place, there is still a need for a lot to be done on active instructional approaches and interventions in this regard, particularly in developing countries with emphasis to the Sub-Saharan Africa education context.",wos,llm,0.940,unreviewed,
discarded,Children's concepts of gears and their promotion through play,"Reuter, Timo; Leuchter, Miriam",2021,JOURNAL OF RESEARCH IN SCIENCE TEACHING,10.1002/tea.21647,https://www.webofscience.com/wos/woscc/full-record/WOS:000545076700001,adjacent-subtopic; adjacent_guided_play; science_learning; not_ps_i,"The mechanical transmission of motion, which is observable in gears' turning direction (TD) and turning speed (TS) can be understood as part of the core concept ""force and motion"". Previous studies have suggested that most children before the age of nine have naive concepts of gears' TD and TS. However, these studies relied on children's explanation data and might have therefore underestimated young children's potential. Moreover, these studies did not examine whether preschoolers can overcome their naive concepts through teaching. Recently, educators have proposed guided play as an educational approach that combines children's play with teacher guidance in a purposefully designed environment. We conducted two subsequent studies. In Study 1, we investigated the children's (naive) concepts of gears' TD and TS with a cross-sectional approach using a nonverbal test procedure. This study comprised 248 children aged 5-10 years and 73 adults. The results showed that the proportion of children with adequate concepts increased with age. More specifically, 7- to 8-year-olds differed significantly from 5- to 6-year-olds, indicating a developmental shift around this age. However, naive concepts of TS were more persistent with age than naive concepts of TD. Altogether, the results indicated the potential to foster 5- to 6-year-olds' concepts of both TD and TS in an intervention. Thus, in Study 2, we developed and tested a guided play intervention to foster 5- to 6-year-old children's concepts of TD and TS. We conducted a prepost-intervention design with a guided play group (n= 19) and a free play group (n= 21). The results suggested stronger learning gains in the guided play group (d(TD)= 0.337,d(TS)= 0.758) than in the free play group (d(TD)= 0.224,d(TS)= 0.158).",wos,llm,0.920,unreviewed,
kept,Learning by exploring: How much guidance is optimal?,"Newman, Phillip M.; DeCaro, Marci S.",2019,LEARNING AND INSTRUCTION,10.1016/j.learninstruc.2019.05.005,https://www.webofscience.com/wos/woscc/full-record/WOS:000472705100006,supports-claim; qualifies_claim; guidance_during_exploration; supports_claim,"Exploring a new concept before instruction can benefit conceptual understanding, but is demanding. The current experiments examined whether providing guidance during exploration improves learning. Undergraduate students explored the procedures and concept of statistical variance prior to direct instruction. In Experiment 1 (N = 123), exploring using worked examples (full guidance) led to higher posttest scores than exploring using an invention activity (no guidance) or completion problems (partial guidance). In contrast, Experiment 2 (N = 190) found no learning benefit of exploring using worked examples compared to inventing. Overall, exploring improved learning compared to instruct-then-practice conditions. Experiment 3 (N = 147) demonstrated that exploring worked examples improved learning compared to exploring using an invention activity but only when preceded by a pretest. Students' reported cognitive load, knowledge gaps, and interest were also assessed. Findings suggest that combining a pretest with worked examples helps students perceive knowledge gaps and discern problem features, maximizing exploration while reducing cognitive load.",wos,llm,0.980,unreviewed,
discarded,Alternative to Traditional Physics Instruction: Effectiveness of Conceptual Physics Approach,"Taslidere, Erdal; Eryilmaz, Ali",2009,EURASIAN JOURNAL OF EDUCATIONAL RESEARCH,,https://www.webofscience.com/wos/woscc/full-record/WOS:000266207900007,adjacent-subtopic; adjacent_conceptual_physics; not_ps_i,"Background of Study: It is widely accepted that students' pre-existing conceptions about the scientific phenomena affect their learning of accurate scientific principles. A conceptual approach promotes meaningful learning in students regarding science concepts.

Purpose of Study: The primary purpose of this study was to compare the relative effectiveness of a conceptual approach to physics and traditional teaching for ninth grade, private high school students' understanding of and attitudes toward simple electricity.

