status,title,authors,year,venue,doi,url,tags,abstract,provider,decision_source,llm_confidence,llm_review_outcome,llm_change_direction
kept,Do examples of failure effectively prepare students for learning from subsequent instruction?,Christian Hartmann; Tamara van Gog; Nikol Rummel,2020,Applied Cognitive Psychology,10.1002/acp.3651,https://openalex.org/W3012417107,adjacent-subtopic; vicarious_failure; examples_of_failure; preparation_for_learning,"Summary Studies on the productive failure (PF) approach have demonstrated that attempting to solve a problem prepares students more effectively for later instruction compared to observing failed problem‐solving attempts prior to instruction. However, the examples of failure used in these studies did not display the problem‐solving‐and‐failing process, which may have limited the preparatory effects. In this quasi‐experiment, we investigated whether observing someone else engaging in problem solving can prepare students for instruction, and whether examples that show the problem‐solving‐and ‐failing process are more effective than those that only show the outcome of this process. We also explored whether the perceived model–observer similarity had an impact on the effectiveness of observing examples of failure. The results showed that observing examples effectively prepares students for learning from instruction. However, observing the model's problem‐solving‐and‐failing process did not prepare students more effectively than merely looking at the outcome. Studying examples were more effective if model–observer similarity was high.",openalex,llm,0.960,unreviewed,
kept,The effect of contrasting cases during problem solving prior to and after instruction,Katharina Loibl; Marcel Tillema; Nikol Rummel; Tamara van Gog,2020,Instructional Science,10.1007/s11251-020-09504-7,https://openalex.org/W2766436289,adjacent-subtopic; contrasting_cases; instruction_order; procedural_fluency; boundary_conditions,"Abstract Research on productive failure suggests that attempting to solve a problem prior to instruction facilitates conceptual understanding compared to receiving instruction prior to problem solving. The assumptions are that during the problem-solving phase, students activate their prior knowledge, become aware of their knowledge gaps, and discover deep features of the target content, which prepares them to better process the subsequent instruction. Unclear is whether this effect results from merely changing the order of the learning phases (i.e., instruction or problem solving first) or from additional features, such as presenting problem-solving material in the form of cases that differ in one feature at a time. Contrasting such cases may highlight the deep features and provide grounded feedback to students’ problem-solving attempts. In addition, the effect of the order of instruction and problem solving on procedural fluency is still unclear. The present experiment ( N = 181, mean age = 14.53) investigated in a 2 × 2 design the effects of order (instruction or problem solving first) and of contrasting cases in the problem-solving material (yes/no) on conceptual understanding and procedural fluency. Additionally, the quality and quantity of students’ solution attempts from the problem-solving phase were coded. Regarding the learning outcomes, the ANOVA results suggest that for procedural fluency instruction prior to problem solving was more beneficial than problem solving prior to instruction. Merely delaying instruction did not increase conceptual understanding. The contrasting cases did not affect the quality of solution attempts, nor the posttest results. As expected, students who received instruction first generated fewer, but higher-quality solution attempts.",openalex,llm,0.980,unreviewed,
kept,Productive Failure Application in Adult Learning: Benefits and Challenges,Xiaofang Bi; Choy Michael; Saxena Nilanjana; Sim Soo Kheng,2024,Asian Conference on Education & International Development official conference proceedings,10.22492/issn.2189-101x.2024.6,https://openalex.org/W4399473175,adjacent-subtopic; productive_failure; adult_learning; benefits_and_challenges; no_abstract; adjacent_subtopic,This paper is part of the ACEID2024 Conference Proceedings (View) Full Paper View / Download the full paper in a new tab/window,openalex,llm_reviewed,0.670,confirmed,
kept,Model-based learning about climate change with productive failure: preliminary findings,Michael J. Jacobson; Lina Markauskaitė; Nick Kelly; Paul M. Stokes; Polly Kuan Ling Lai,2012,QUT ePrints (Queensland University of Technology),,https://openalex.org/W641610029,adjacent-subtopic; productive_failure; climate_change_models; preliminary_findings,"This paper reports on research being conducted as part of a four year funded project in Australia that involves the use of agent-based computer models to help students learn about climate change. The intervention in this study involved different sequences of structure provided as part of pedagogical guidance for problem solving and learning activities with agent based models. Thirty-three grade nine students in an all girls' school in Australia participated in the study that used two NetLogo models of greenhouse gases and the carbon cycle. There were significant findings of learning gains from pretest to post test by all students, and qualitative observations and teacher interviews suggest that the students were highly engaged and enjoyed learning with the agent-based computer models. Implications and future research plans are discussed.",openalex,llm,0.770,unreviewed,
kept,Revisiting cognitive load theory: second thoughts and unaddressed questions,Jimmie Leppink,2020,Scientia Medica,10.15448/1980-6108.2020.1.36918,https://openalex.org/W3043056587,qualifies-claim; qualifies_claim; cognitive_load_critique; productive_failure_discussion; adjacent_subtopic; review_or_theory,"In cognitive load theory (CLT), learning is the development of cognitive schemas in a long-term memory with no known limits and can happen only if our limited working memory can process new information presented and the amount of information that does not contribute to learning is low. According to this theory, learning is optimal when instructional support is decreased going from worked examples via completion problem to autonomous problem solving and learners do not benefit from practicing retrieval with complex content. However, studies on productive failure and retrieval practice have provided clear evidence against these two guidelines. In this article, issues with CLT and research inspired by this theory, which remain largely ignored among cognitive load theorists but have likely contributed to these contradictory findings, are discussed. This article concludes that these issues should make us question the usefulness of CLT in health science education, medical education and other complex domains, and presents recommendations for both educational practice and future research on the matter.",openalex,llm_reviewed,0.950,confirmed,
kept,Preparatory effects of problem solving versus studying examples prior to instruction,Christian Hartmann; Tamara van Gog; Nikol Rummel,2021,Instructional Science,10.1007/s11251-020-09528-z,https://openalex.org/W3118304051,qualifies-claim; problem_solving_vs_examples_prior_to_instruction; preparatory_effects; qualifies_claim,"Abstract The Productive Failure (PF) approach prompts students to attempt to solve a problem prior to instruction – at which point they typically fail. Yet, research on PF shows that students who are involved in problem solving prior to instruction gain more conceptual knowledge from the subsequent instruction compared to students who receive the instruction first. So far, there is no conclusive evidence, however, that the beneficial effects of PF are explained by the attempt to generate one’s own solutions prior to instruction. The literature on example-based learning suggests that observing someone else engaging in problem-solving attempts may be an equally effective means to prepare students for instruction. In an experimental study, we compared a PF condition, in which students were actively engaged in problem solving prior to instruction, to two example conditions, in which students either observed the complete problem-solving-and-failing process of another student engaging in PF or looked at the outcome of this process (i.e., another student’s failed solution attempts). Rather than worked examples of the correct solution procedure, the students observed examples of failed solution attempts. We found that students’ own problem solving was not superior to the two example conditions. In fact, students who observed the complete PF process even outperformed students who engaged in PF themselves. Additional analyses revealed that the students’ prior knowledge moderated this effect: While students who observed the complete PF process were able to take advantage of their prior knowledge to gain more conceptual knowledge from the subsequent instruction, prior knowledge did not affect students’ post-test performance in the PF condition.",openalex,llm,0.970,unreviewed,
discarded,What students do when encountering failure in collaborative tasks,Rachel Lam,2019,npj Science of Learning,10.1038/s41539-019-0045-1,https://openalex.org/W2947758322,adjacent-subtopic; adjacent_micro_failures; collaborative_tasks; not_sequence_comparison,"Experiences of failure can provide valuable opportunities to learn, however, the typical classroom does not tend to function from an orientation of learning from failure. Rather, educators aim to teach accurate information as efficiently as possible, with the main goal for students to be able to produce correct knowledge when called for, in the classroom and beyond. Alternatively, teaching for failure requires instructional designs that function out of a different paradigm altogether. Failures can occur during activities like problem solving, problem posing, idea generation, comparing/contrasting cases, or inventing formalisms or pattern-based rules. We present findings from a study done in fourth-grade classes on environmental sustainability that used a design allowing for failures to occur during collaboration. These center on dialogs that included ""micro-failures,"" where we could address how students deal with failure during the process of learning. Our design drew from ""productive failure,"" where students are given opportunities to fail at producing canonical concepts before receiving explicit instruction, and unscripted collaborative learning, where students engage in collaboration without being directed in specific dialogic moves. By focusing on failures during an unscripted collaborative process, our work achieved two goals: (1) We singled out occurrences of failure by analyzing students' dialogs when they encountered impasses and identified several behaviors that differentially related to learning; (2) We explored how the form of task design influences the collaborative learning process around failure occurrences, showing the potential benefits of more structured tasks.",openalex,llm,0.880,unreviewed,
discarded,Investigating students’ perceived authenticity of learning activities in an out-of-school lab for social sciences: a replication study,Valentina Nachtigall; Nikol Rummel,2021,Instructional Science,10.1007/s11251-021-09556-3,https://openalex.org/W3200469149,adjacent-subtopic; adjacent_authenticity; out_of_school_lab; not_learning_outcome_comparison,"Abstract Out-of-school labs (OSLs) aim to foster students’ interest in and knowledge about scientific ways of thinking and working by engaging them in authentic activities that emulate processes of scientific inquiry. However, research has not yet focused on investigating whether students perceive those activities as authentic and whether students’ perceived authenticity is related to further motivational (e.g. situational interest) or cognitive (e.g. achievement) learning outcomes. An authentic learning activity that emulates scientific inquiry processes is Productive Failure (PF). In PF, students are asked to explore solutions to a complex problem before they have to falsify their solutions during instruction. The present study, which aims to replicate the findings of a previous study, investigates whether PF has an impact on students’ perceived authenticity and their situational interest in an OSL for social sciences. We further examined whether students’ perceived authenticity is associated with their situational interest and knowledge acquisition. For this purpose, we conducted a quasi-experimental study with 152 10th graders and compared PF to Direct Instruction (DI). DI can be characterized as less authentic, as it promotes the conceptualization of scientific inquiry being nothing else but an application of instructions. The results mostly replicate the findings of the previous study, showing that the authenticity level of the learning activity did neither affect students’ perceived authenticity nor their situational interest. Furthermore, students’ perceived authenticity correlated with their situational interest but not with their knowledge acquisition. We discuss the results in light of previous research on the effectiveness of authentic learning settings.",openalex,llm,0.880,unreviewed,
discarded,Challenges and opportunities to build quantitative self-confidence in biologists,Kim Cuddington; Karen C. Abbott; Frederick R. Adler; Mehmet Aydeniz; Rene Dale; Louis J. Gross; Alan Hastings; Elizabeth A. Hobson; Vadim A. Karatayev; Alexander K. Killion; Aasakiran Madamanchi; Michelle Marraffini; Audrey McCombs; Widodo Samyono; Shin‐Han Shiu; Karen H. Watanabe; Easton R. White,2023,BioScience,10.1093/biosci/biad015,https://openalex.org/W4367395612,adjacent-subtopic; adjacent_opinion_piece; productive_failure_mentioned; not_ps_i_evidence,"Abstract New graduate students in biology programs may lack the quantitative skills necessary for their research and professional careers. The acquisition of these skills may be impeded by teaching and mentoring experiences that decrease rather than increase students’ beliefs in their ability to learn and apply quantitative approaches. In this opinion piece, we argue that revising instructional experiences to ensure that both student confidence and quantitative skills are enhanced may improve both educational outcomes and professional success. A few studies suggest that explicitly addressing productive failure in an instructional setting and ensuring effective mentoring may be the most effective routes to simultaneously increasing both quantitative self-efficacy and quantitative skills. However, there is little work that specifically addresses graduate student needs, and more research is required to reach evidence-backed conclusions.",openalex,llm,0.900,unreviewed,
kept,Problem-solving before instruction for learning linear algebra in university mathematics,Vera Baumgartner; Simona Daguati; Dragan Trninić; Meike Akveld; Alexander Caspar; Norbert Hungerbühler; Manu Kapur,2025,Instructional Science,10.1007/s11251-025-09709-8,https://openalex.org/W4409618788,adjacent-subtopic; problem_solving_before_instruction; linear_algebra; university_math,"Abstract Problem-solving before instruction has been shown to be a more effective learning design than traditional tell-and-practice for several mathematical concepts at the secondary school level. In particular, the more a problem-solving before instruction design follows the productive failure principles, such as comparing and contrasting student-generated solutions, the higher the effect on students’ conceptual understanding and transfer. University mathematics education poses several inherent constraints that complicate the implementation of these principles. In the present study, we implemented a problem-solving before instruction design in a university linear algebra course adhering to the productive failure principles as closely as possible. Participation in the preparatory problems was voluntary. We investigated the effect on students’ learning over four one-year iterations in a design-based research approach. Compared to the baseline (aggregate of cohorts prior to the intervention), we observed a significant increase in final exam performance for all four cohorts with effect sizes between Cohen’s d = 0.28 and d = 0.59. For students who agreed to further analyses, our results show that up to 16% of the variance in students’ performance can be explained by variance in their participation in the problem-solving before instruction design. As our design did not include a control group, we refrain from conclusions regarding any design components that might have caused these effects. However, these results are promising, given that our implementation involved only minor changes to the original course structure and required little extra time for students.",openalex,llm,0.960,unreviewed,
discarded,Shattering the Shield: Embracing Complexity in Undergraduate Medical Education,Cara Bezzina; Robert McQuade; Wendy Lowe; Frances S Mair; Lindsey Pope,2025,The Clinical Teacher,10.1111/tct.70018,https://openalex.org/W4406604082,adjacent-subtopic; adjacent_complexity_in_medical_education; qualitative; not_ps_i,"BACKGROUND: Multimorbidity and patient complexity are increasing, yet undergraduate medical education curricula remain dominated by single disease frameworks, where students are often shielded from exposure to this complexity. Why this shielding continues to occur is understandable; however, this may leave graduates feeling underprepared for real-world practice. This study aimed to explore medical students' experiences of encountering, managing and dealing with complexity and to provide informed recommendations for integrating complexity into clinical teaching. METHODOLOGY: Situated within a constructivist paradigm, this qualitative study involved focus groups (n = 4) with fourth- and fifth-year medical students (n = 17) from two Scottish Universities. Data were analysed using reflexive thematic analysis. FINDINGS: Learners in this study recognised multimorbidity, complex communication and emotionally charged interactions in their definitions of complexity. They described varying levels of exposure to complexity and opportunities to engage meaningfully with complex patients. Students felt that supervisors who shield students from learning opportunities with complex patients, together with a failing healthcare system, were critical limiting factors in their development. Learners emphasised the powerful role of supervisors in their learning experiences, which limited their ability to experiment and learn from productive failure but felt that with guided scaffolding and supervision, teaching and learning in this space could be meaningfully enhanced. CONCLUSION: Exposure to and engagement with complex patients offer critical learning opportunities that may allow students to explore and better develop skills in managing complexity. With appropriate scaffolding, students can be empowered to embrace complexity in the clinical learning environment, potentially equipping them to care for complex patients.",openalex,llm,0.910,unreviewed,
discarded,"Balancing Technology, Pedagogy and the New Normal: Post-pandemic Challenges for Higher Education",Chrysi Rapanta; Luca Botturi; Peter Goodyear; Lourdes Guàrdia Ortiz; Marguerite Koole,2021,Postdigital Science and Education,10.1007/s42438-021-00249-1,https://openalex.org/W3188365831,off-topic-false-hit; other_topic; post_pandemic_higher_education; not_ps_i,"Abstract The Covid-19 pandemic has presented an opportunity for rethinking assumptions about education in general and higher education in particular. In the light of the general crisis the pandemic caused, especially when it comes to the so-called emergency remote teaching (ERT), educators from all grades and contexts experienced the necessity of rethinking their roles, the ways of supporting the students’ learning tasks and the image of students as self-organising learners, active citizens and autonomous social agents. In our first Postdigital Science and Education paper, we sought to distil and share some expert advice for campus-based university teachers to adapt to online teaching and learning. In this sequel paper, we ask ourselves: Now that campus-based university teachers have experienced the unplanned and forced version of Online Learning and Teaching (OLT), how can this experience help bridge the gap between online and in-person teaching in the following years? The four experts, also co-authors of this paper, interviewed aligning towards an emphasis on pedagogisation rather than digitalisation of higher education, with strategic decision-making being in the heart of post-pandemic practices. Our literature review of papers published in the last year and analysis of the expert answers reveal that the ‘forced’ experience of teaching with digital technologies as part of ERT can gradually give place to a harmonious integration of physical and digital tools and methods for the sake of more active, flexible and meaningful learning.",openalex,llm,0.970,unreviewed,
