status,title,authors,year,venue,doi,url,tags,abstract,provider,decision_source,llm_confidence,llm_review_outcome,llm_change_direction
kept,Designing novel activities before instruction: Use of contrasting cases and a rich dataset,Bego C.R.,2023,British Journal of Educational Psychology,10.1111/bjep.12555,https://www.scopus.com/inward/record.uri?partnerID=HzOxMe3b&scp=85141361980&origin=inward,adjacent-subtopic; exploratory_learning_before_instruction; contrasting_cases; rich_dataset,,scopus,llm,0.860,unreviewed,
discarded,Promoting the construction of intelligent knowledge with the help of various methods of cognitively activating instruction,Schumacher R.,2023,Frontiers in Education,10.3389/feduc.2022.979430,https://www.scopus.com/inward/record.uri?partnerID=HzOxMe3b&scp=85146650907&origin=inward,adjacent-subtopic; adjacent_cognitively_activating_instruction; not_ps_i,,scopus,llm,0.940,unreviewed,
kept,Cognitive Analysis of Composite Instructional Designs: New Directions for Research on Problem-Solving Prior to Instruction,Loibl K.,2023,Proceedings of International Conference of the Learning Sciences Icls,,https://www.scopus.com/inward/record.uri?partnerID=HzOxMe3b&scp=85183353344&origin=inward,adjacent-subtopic; ps_i_review; composite_instructional_designs; mechanisms,,scopus,llm,0.830,unreviewed,
kept,Exploratory Learning in Engineering Programming,Bego C.R.,2023,Proceedings Frontiers in Education Conference Fie,10.1109/FIE58773.2023.10343300,https://www.scopus.com/inward/record.uri?partnerID=HzOxMe3b&scp=85183034515&origin=inward,adjacent-subtopic; exploratory_learning; engineering_programming; before_instruction_likely,,scopus,llm,0.740,unreviewed,
discarded,The trade-off between complexity and accuracy. Preparing for computer-based adaptive instruction on fractions,Boomgaarden A.,2023,Interactive Learning Environments,10.1080/10494820.2022.2038636,https://www.scopus.com/inward/record.uri?partnerID=HzOxMe3b&scp=85126020355&origin=inward,adjacent-subtopic; adjacent_adaptive_instruction; fractions; not_ps_i,,scopus,llm,0.890,unreviewed,
discarded,The influence of the order and congruency of correct and erroneous worked examples on learning and (meta-)cognitive load,Wesenberg L.,2022,Frontiers in Psychology,10.3389/fpsyg.2022.1032003,https://www.scopus.com/inward/record.uri?partnerID=HzOxMe3b&scp=85141683362&origin=inward,adjacent-subtopic; adjacent_erroneous_worked_examples; not_ps_i,,scopus,llm,0.930,unreviewed,
kept,When Problem Solving Followed by Instruction Works: Evidence for Productive Failure,Tanmay Sinha; Manu Kapur,2021,Review of Educational Research,10.3102/00346543211019105,https://openalex.org/W3174759423,supports-claim; supports_claim; meta_analysis; preparatory_approaches; pf_meta,"When learning a new concept, should students engage in problem solving followed by instruction (PS-I) or instruction followed by problem solving (I-PS)? Noting that there is a passionate debate about the design of initial learning, we report evidence from a meta-analysis of 53 studies with 166 comparisons that compared PS-I with I-PS design. Our results showed a significant, moderate effect in favor of PS-I (Hedge’s g 0.36 [95% confidence interval 0.20; 0.51]). The effects were even stronger (Hedge’s g ranging between 0.37 and 0.58) when PS-I was implemented with high fidelity to the principles of Productive Failure (PF), a subset variant of PS-I design. Students’ grade level, intervention time span, and its (quasi-)experimental nature contributed to the efficacy of PS-I over I-PS designs. Contrasting trends were, however, observed for younger age learners (second to fifth graders) and for the learning of domain-general skills, for which effect sizes favored I-PS. Overall, an estimation of true effect sizes after accounting for publication bias suggested a strong effect size favoring PS-I (Hedge’s g 0.87).","openalex, dblp, wos, scopus",human,,human,
discarded,Mastery experiences in immersive virtual reality promote pro-environmental waste-sorting behavior,Valdemar Stenberdt; Guido Makransky,2023,Computers & Education,10.1016/j.compedu.2023.104760,https://openalex.org/W4321189278,adjacent-subtopic; adjacent_vr_mastery_experiences; behavior_change; not_ps_i,"The rapid digitalization following COVID-19 necessitates best-practice knowledge on how to use educational technologies such as immersive virtual reality (IVR). At the same time, to deal with climate change, we require new ways to embed climate change education in formal education. The current study is one of the first to investigate the feasibility of an alternative educational approach to improving waste management in the classroom as part of formal education, utilizing mastery experiences in IVR. We explore the use of a novel IVR simulation on waste management, an example of pro-environmental behavior, for climate change education. A total of 173 high school students participated in a pre-registered intervention investigating the impact of IVR on knowledge and intentions to act pro-environmentally. A 2x2 design was used to compare different design approaches to the IVR simulation based on the instructional design elements of the instruction sequence (Direct Instruction vs. Productive Failure) and feedback (Corrective Feedback vs. Exaggerated Feedback). The results indicated that IVR was effective for increasing students’ knowledge (η2 = 0.41), intentions (η2 = 0.10), self-efficacy (η2 = 0.4), and response efficacy (η2 = 0.35) and that students found the simulation interesting and enjoyable. Furthermore, self-efficacy was found to predict intentions (B = 0.190, p = .015), supporting the idea that cognitive and affective factors drive the effectiveness of IVR. No significant differences were found in the effectiveness of the instructional design elements. This suggests that IVR can be an effective educational technology for learning through mastery experiences, but that more research on the boundary conditions of how and when to apply different instructional design elements effectively is needed.","openalex, dblp, wos, scopus",llm,0.950,unreviewed,
discarded,Making Sense of Generative Learning,Logan Fiorella,2023,Educational Psychology Review,10.1007/s10648-023-09769-7,https://openalex.org/W4367053854,adjacent-subtopic; adjacent_generative_learning_theory; not_ps_i_specific,"Abstract How do learners make sense of what they are learning? In this article, I present a new framework of sense-making based on research investigating the benefits and boundaries of generative learning activities (GLAs). The generative sense-making framework distinguishes among three primary sense-making modes—explaining, visualizing, and enacting—that each serve unique and complementary cognitive functions. Specifically, the framework assumes learners mentally organize and simulate the learning material (via the visualizing and enacting modes) to facilitate their ability to generalize the learning material (via the explaining mode). I present evidence from research on GLAs illustrating how visualizations and enactments (instructor-provided and/or learner-generated) can facilitate higher quality learner explanations and subsequent learning outcomes. I also discuss several barriers to sense-making that help explain when GLAs are not effective and describe possible ways to overcome these barriers by appropriately guiding and timing GLAs. Finally, I discuss implications of the generative sense-making framework for theory and practice and provide recommendations for future research.","openalex, dblp, wos, scopus",llm,0.940,unreviewed,
discarded,Haptic Quantum Chemistry,Charlotte H. Müller; Markus Reiher; Manu Kapur,2022,,10.17605/osf.io/mknsd,https://openalex.org/W7130852844,off-topic-false-hit; other_topic,"It has been theorized that engaging multiple modalities in learning environments can facilitate learning through offloading (Mayer, 2005) as well as through grounding in sensory experience (Barsalou, 2008). However, evidence on the cognitive mechanisms underlying this potential facilitation as well as the specific application in higher chemistry education is sparse (Zacharia, 2015). We are planning to investigate the cognitive mechanisms involved in learning with a haptic device in a problem-solving followed by instruction (PS-I) study. While the PS phase is supposed to prepare the participant for learning from instruction, the PS-I intervention as a whole is supposed to prepare the participant to learn from a project. The PS-I design has been proven to be beneficial in many prior cases (Sinha & Kapur, 2021). During the problem-solving phase, the subjects will explore interactive chemical tasks displayed on a computer screen which target the concepts force, potential energy, their relation as well as their role in chemical reactivity. The experimental condition will perform the tasks with the haptic device and will receive haptic feedback. The comparison condition will be identical, except that the haptic feedback will be turned off. The control condition will perform the tasks with a computer mouse. Thus, we will be able to explore the effect of the added modality as well as control for the novelty effect and the potential difficulties navigating this unfamiliar technology. Barsalou, L. W. (2008). Grounded Cognition. Annual Review of Psychology, 617-645. Mayer, R. E. (2005). Cognitive Theory of Multimedia Learning. In The Cambridge Handbook of Multimedia Learning (pp. 31-48). Cambridge University Press. Sinha, T., & Kapur, M. (2021). When Problem Solving Followed by Instruction Works: Evidence for Productive Failure. Review of Educational Research, 91(5), pp. 761–798. Zacharia, Z. C. (2015). Examining whether touch sensory feedback is necessary for science learning through experimentation: A literature review of two different lines of research across K-16. Educational Research Review, 16, 116-137.","openalex, dblp, wos, scopus",human,,human,
discarded,Questioning central assumptions of the ICAP framework,Christian Thurn; Peter A. Edelsbrunner; Michal Berkowitz; Anne Deiglmayr; Lennart Schalk,2023,npj Science of Learning,10.1038/s41539-023-00197-4,https://openalex.org/W4388701403,adjacent-subtopic; not_ps_i_specific,"Closing the research-practice gap in education is an important aim. The ICAP framework (for interactive, constructive, active, and passive engagement modes) explicitly targets this aim and has gained broad attention. The ICAP framework is supposed to support practitioners in translating research findings into practice by distinguishing between four modes of student engagement. In this comment, we consider two central assumptions of the ICAP framework. First, the four modes of engagement are assumed to be “reflected in the overt behavior the student exhibits while undertaking an activity”1, and thus observable for teachers. Second, the ICAP framework assumes that the interactive mode of engagement is most effective for learning, followed by constructive, then active, and lastly passive modes (i.e. I > C > A > P, the so-called ‘ICAP-hypothesis’1,2). We argue that both assumptions are inconsistent with central tenets of empirical educational research. First, it is not sufficient to rely on overt behaviors as indicators of learning, because they are ambiguous with respect to the underlying learning process and do not reliably indicate them. Second, there is no “one size fits all”-order of engagement modes. Supposedly inferior engagement modes excel when used in the right way, on the right learners, and with the right timing regarding the learning process. We elucidate the use of formative assessment to gain insight into covert learning processes. Whereas the ICAP framework provides a seemingly plausible and easily actionable guide for practice, practitioners should not be advised to rely on ICAP for selecting effective interventions and assessing learning processes in the classroom.","openalex, dblp, wos, scopus",human,,human,
discarded,"Fail, flip, fix, and feed – Rethinking flipped learning: A review of meta-analyses and a subsequent meta-analysis",Manu Kapur; John Hattie; Irina Grossman; Tanmay Sinha,2022,Frontiers in Education,10.3389/feduc.2022.956416,https://openalex.org/W4297236149,adjacent-subtopic; adjacent_flipped_learning_meta_analysis; productive_failure_proposal; not_direct_ps_i_meta_analysis,"The current levels of enthusiasm for flipped learning are not commensurate with and far exceed the vast variability of scientific evidence in its favor. We examined 46 meta-analyses only to find remarkably different overall effects, raising the question about possible moderators and confounds, showing the need to control for the nature of the intervention. We then conducted a meta-analysis of 173 studies specifically coding the nature of the flipped implementation. In contrast to many claims, most in-class sessions are not modified based on the flipped implementation. Furthermore, it was flipping followed by a more traditional class and not active learning that was more effective. Drawing on related research, we proposed a more specific model for flipping, “Fail, Flip, Fix, and Feed” whereby students are asked to first engage in generating solutions to novel problems even if they fail to generate the correct solutions, before receiving instructions.","openalex, dblp, wos, scopus",llm,0.840,unreviewed,
discarded,Combining exploratory learning with structured practice educational technologies to foster both conceptual and procedural fractions knowledge,Manolis Mavrikis; Nikol Rummel; Michael Wiedmann; Katharina Loibl; W. Holmes,2022,Educational Technology Research and Development,10.1007/s11423-022-10104-0,https://openalex.org/W4220948672,adjacent-subtopic; not_ps_i_specific,"Abstract Educational technologies in mathematics typically focus on fostering either procedural knowledge by means of structured tasks or, less often, conceptual knowledge by means of exploratory tasks. However, both types of knowledge are needed for complete domain knowledge that persists over time and supports subsequent learning. We investigated in two quasi-experimental studies whether a combination of an exploratory learning environment, providing exploratory tasks, and an intelligent tutoring system, providing structured tasks, fosters procedural and conceptual knowledge more than the intelligent tutoring system alone. Participants were 121 students from the UK (aged 8–10 years old) and 151 students from Germany (aged 10–12 years old) who were studying equivalent fractions. Results confirmed that students learning with a combination of exploratory and structured tasks gained more conceptual knowledge and equal procedural knowledge compared to students learning with structured tasks only. This supports the use of different but complementary educational technologies, interleaving exploratory and structured tasks, to achieve a “combination effect” that fosters robust fractions knowledge.","openalex, dblp, wos, scopus",human,,human,
kept,CID: a framework for the cognitive analysis of composite instructional designs,Katharina Loibl; Timo Leuders; Inga Glogger‐Frey; Nikol Rummel,2024,Instructional Science,10.1007/s11251-024-09665-9,https://openalex.org/W4397045934,adjacent-subtopic; composite_instructional_designs; ps_i_framework; mechanisms,"Abstract Instruction often spans multiple phases (e.g., phases of discovery learning, instructional explanations, practice) with different learning goals and different pedagogies. For any combination of multiple phases, we use the term composite instructional design (CID). To understand the mechanisms underlying composite instructional designs, we propose a framework that links three levels (knowledge, learning, instruction) across multiple phases: Its core element is the specification of learning mechanisms that explain how intermediate knowledge (i.e., the knowledge state between instructional phases) generated by the learning processes of one phase impacts the learning processes of a following phase. The CID framework serves as a basis for conducting research on composite instructional designs based on a cognitive analysis, which we exemplify by discussing existing research in light of the framework. We discuss how the CID framework supports understanding of the effects of composite instructional designs beyond the individual effects of the single phases through an analysis of effects on intermediate knowledge (i.e., the knowledge state resulting from a first instructional phase) and how it alters the learning processes initiated by the instructional design of a second phase. We also aim to illustrate how CID can help resolve contradictory findings of prior studies (e.g., studies that did or did not find beneficial effects of problem solving prior to instruction). Methodologically, we highlight the challenge of altering one learning mechanism at a time as experimental variations on the instructional design level often affect multiple learning processes across phases.","openalex, dblp, wos, scopus",llm,0.950,unreviewed,
discarded,"Prequestioning and Pretesting Effects: a Review of Empirical Research, Theoretical Perspectives, and Implications for Educational Practice",Steven C. Pan; Shana K. Carpenter,2023,Educational Psychology Review,10.1007/s10648-023-09814-5,https://openalex.org/W4387023634,adjacent-subtopic; adjacent_pretesting_review; generation_effect; not_ps_i,"Abstract Testing students on information that they do not know might seem like a fruitless endeavor. After all, why give anyone a test that they are guaranteed to fail because they have not yet learned the material? Remarkably, a growing body of research indicates that such testing—formally known as prequestioning or pretesting—can benefit learning if there is an opportunity to study the correct answers afterwards. This prequestioning effect or pretesting effect has been successfully demonstrated with a variety of learning materials, despite many erroneous responses being generated on initial tests, and in conjunction with text materials, videos, lectures, and/or correct answer feedback. In this review, we summarize the emerging evidence for prequestioning and pretesting effects on memory and transfer of learning. Uses of pre-instruction testing in the classroom, theoretical explanations, and other considerations are addressed. The evidence to date indicates that prequestioning and pretesting can often enhance learning, but the extent of that enhancement may vary due to differences in procedure or how learning is assessed. The underlying cognitive mechanisms, which can be represented by a three-stage framework, appear to involve test-induced changes in subsequent learning behaviors and possibly other processes. Further research is needed to clarify moderating factors, theoretical issues, and best practices for educational applications.","openalex, dblp, wos, scopus",llm,0.940,unreviewed,
kept,Robust effects of the efficacy of explicit failure-driven scaffolding in problem-solving prior to instruction: A replication and extension,Tanmay Sinha; Manu Kapur,2021,Learning and Instruction,10.1016/j.learninstruc.2021.101488,https://openalex.org/W3161592150,supports-claim; supports_claim; failure_driven_scaffolding; transfer; replication,"Although Productive Failure has shown to be effective (Kapur, 2016; Loibl, Roll, & Rummel, 2017), it is not clear if failure in problem-solving is necessary. Initial work in a quasi-experimental setting suggests that explicitly designing for experiences of failure leads to better learning outcomes than designing for success. We build on this to report on a controlled experimental study where students are exposed to failure-driven, success-driven, or no explicit scaffolding in problem-solving prior to instruction. For assessments of non-isomorphic conceptual understanding, our results align with those from prior work. Despite the similarity in posttest scores, students exposed to failure-driven scaffolding demonstrate higher quality of constructive reasoning than those receiving success-driven scaffolding. Additionally, our study reveals learning benefits of failure-driven scaffolding (for both posttest scores and reasoning quality) on assessments of transfer. Several cognitive, affective and meta-cognitive mechanisms are investigated to explain robust learning benefits of failure-driven scaffolding in preparatory problem-solving.","openalex, dblp, wos, scopus",llm,0.980,unreviewed,
discarded,A Randomized Blind Comparison of SME and LLM-Generated Active Learning Tasks for Math Classes,Bainbridge K.,2027,Lecture Notes in Computer Science,10.1007/978-3-032-29770-9_13,https://www.scopus.com/inward/record.uri?partnerID=HzOxMe3b&scp=105043986870&origin=inward,off-topic-false-hit; other_ai_ml; active_learning_tasks; not_human_ps_i,,"openalex, dblp, wos, scopus",llm,0.960,unreviewed,
kept,Making the productive failure in PS-I more productive: the case of scaffolding the instruction phase,Safadi R.,2026,Instructional Science,10.1007/s11251-026-09802-6,https://www.scopus.com/inward/record.uri?partnerID=HzOxMe3b&scp=105039910905&origin=inward,adjacent-subtopic; instruction_phase_scaffolding; productive_failure; boundary_conditions,,"openalex, dblp, wos, scopus",llm,0.820,unreviewed,
discarded,Cultivating thinking skills and computational thinking in higher education: A case-based decision-support model from Taiwan,Chang S.J.,2026,Thinking Skills and Creativity,10.1016/j.tsc.2026.102143,https://www.scopus.com/inward/record.uri?partnerID=HzOxMe3b&scp=105028334879&origin=inward,adjacent-subtopic; adjacent_case_based_learning; not_ps_i,,"openalex, dblp, wos, scopus",llm,0.930,unreviewed,
