status,title,authors,year,venue,doi,url,tags,abstract,provider,decision_source,llm_confidence,llm_review_outcome,llm_change_direction
discarded,Training future primary teachers in historical thinking through error-based learning and learning analytics,Sergio Tirado‐Olivares; Ramón Cózar Gutiérrez; Carlota López-Fernández; José Antonio González‐Calero,2023,Humanities and Social Sciences Communications,10.1057/s41599-023-01537-w,https://openalex.org/W4319083903,adjacent-subtopic; adjacent_error_based_learning; history_education; not_ps_i,"Abstract Current pedagogical trends move towards the implementation of active methodologies; however, little research has been conducted in the field of history teaching. Purely memorised learning no longer has a place in today’s age of information and technology. Simulating the role of historians in the classroom, what is known as promoting historical thinking, makes more sense. Thus, training teachers on how to develop historical thinking by active methodologies such as error-based learning (EBL) becomes necessary. Moreover, the traditional summative test does not demonstrate the assessment of the level of historical thinking. Nevertheless, technology enables formative assessment by different techniques and tools such as learning analytics (LA). Then, to analyse the potential of combining EBL and LA to foster and evaluate historical thinking can be interesting. To this end, in the present quantitative quasi-experimental study, the impact of EBL and LA to encourage and assess historical thinking skills have been analysed with 107 pre-service teachers. To this end, while 66 students worked with EBL with sources where errors were introduced in a controlled way, the other 41 students worked with the same unmodified sources. At the end of each session, LA was used to analyse the students’ level of knowledge in the six dimensions of historical thinking through interactive questionnaires. The results obtained show an improvement in the historical thinking of future teachers due to the use of EBL. Furthermore, it has been proven that the data obtained from the LA enables predicting the results obtained by the students in a later test. In this way, the usefulness of active methodologies such as EBL combined with LA in the training of future teachers in our area of knowledge contrasts with the methods currently used.",openalex,llm,0.900,unreviewed,
discarded,The Application of the Jigsaw Type Cooperative Learning Model to Improve Social Science Learning Outcomes,Andree Tiono Kurniawan; Sudirin Sudirin; Shinta Firnanda,2024,Bulletin of Pedagogical Research,10.51278/bpr.v4i1.877,https://openalex.org/W4392774078,off-topic-false-hit; other_topic; jigsaw_cooperative_learning; not_ps_i,"This research discusses the problem regarding the learning process that has not been achieved. Due to the lack of teachers utilizing varied learning models, it affects student learning outcomes from 22 students who completed 8 students (36.3%) and those who did not complete 14 students (63.6%). The purpose of this research is to find out the improvement of learning outcomes from the use of the jigsaw type learning model in social studies subjects for class IV at MI Muhammadiyah Pekalongan. The researchers used Classroom Action Research (PTK) that is alternative for developing and improving educational practices. PTK uses two cycles consisting of four components, namely planning , action , observation and reflection. By collecting observation data, tests and documentation. The results showed that there was an increase in student learning outcomes for class IV social studies subjects at MI Muhammadiyah Pekalongan, seen in the students' learning mastery at the beginning of 31.8%, the first cycle of the second meeting increased 40.9% and the second cycle of completeness increased to 86.3%. Keywords: Challenge and Orientation Education, Islamic Education, Education at Border Location",openalex,llm,0.990,unreviewed,
discarded,"K12 Practitioners’ Perceptions of Learning from Failure, Creativity, and Systems Thinking: a Collective Case Study",T. Logan Arrington; Alison L. Moore; Lauren M. Bagdy,2021,TechTrends,10.1007/s11528-021-00596-7,https://openalex.org/W3135345178,adjacent-subtopic; adjacent_failure_beliefs; case_study; not_ps_i,,openalex,llm,0.910,unreviewed,
kept,How teacher talk guidance during Invention activities shapes students’ cognitive engagement and transfer,Catherine C. Chase; Jenna Marks; Laura J. Malkiewich; Helena Connolly,2019,International Journal of STEM Education,10.1186/s40594-019-0170-7,https://openalex.org/W2947948550,adjacent-subtopic; guided_invention; teacher_guidance; transfer; boundary_conditions,"A key question in K-12 STEM education is how best to guide students as they engage in exploratory learning activities so that students develop transferable knowledge. We investigated this question in a study of teacher talk guidance of an exploratory activity called Invention. In this study, teachers worked one-on-one with students, guiding them as they attempted to invent ratio-based equations of physical science phenomena. We applied the interactive, constructive, active, and passive (ICAP) framework as a theoretical lens through which to explore different forms of teacher talk guidance and resulting student talk. The ICAP hypothesis predicts that constructive engagement leads to greater learning than active engagement, which in turn leads to greater learning than passive engagement. However, students do not always enact the type of cognitive engagement that teachers prompt. In this paper, we work towards three goals: (1) to explore the forms of cognitive engagement prompted by teachers and enacted by students in their talk, (2) to test the ICAP hypothesis in the novel context of teacher-student dialog during Invention, and (3) to identify effective forms of teacher talk guidance for Invention activities and other exploratory STEM learning tasks. While the majority of student talk was active, teachers produced an even distribution of constructive, active, and passive prompts. Teacher and student talk types tended to align, such that students often responded with the type of cognitive engagement teachers invited, with the exception of passive talk. In general, teacher talk showed the most robust relationship with students' abilities to transfer, while teacher-student dialog demonstrated a weaker relationship with transfer, and student talk was not significantly related to transfer. Some evidence for the ICAP hypothesis was found, most prominently in teacher talk, where constructive prompts positively predicted transfer, active prompts were not related to transfer, and passive prompts negatively predicted transfer. This research implies that teachers should use a large proportion of constructive prompts and relatively few passive ones when guiding students through Invention tasks, when the goal is to provoke transfer of learning to novel contexts. This work also extends the CAP portion of the ICAP hypothesis to teacher-student dialog and underscores the teacher’s critical role in encouraging students to cognitively engage with exploratory STEM tasks in effective ways.",openalex,llm,0.940,unreviewed,
kept,Problem-solving prior to instruction in learning motor skills - Initial self-determined practice improves javelin throwing performance,"Loibl, Katharina; Leukel, Christian",2023,LEARNING AND INSTRUCTION,10.1016/j.learninstruc.2023.101828,https://www.webofscience.com/wos/woscc/full-record/WOS:001080063000001,supports-claim; supports_claim; motor_skills; learning_and_instruction,"Background: A question that many parents face when their child learns motor skills like riding a bicycle concerns the temporal order of explicit instruction (I) and self-determined practice (problem solving, PS). In physical education, a systematic evaluation of effects of the temporal order on learning outcomes is so far missing. Aims: We tested if the beneficial effects of the PS-I sequence over I-PS found in cognitive domains also applies to motor learning in physical education. Therefore, the influence of the temporal order of I and PS on performance improvements was investigated for the case of learning javelin throwing. Javelin throwing was chosen as learning task as it shares similarities with cognitive tasks. Sample: Ninety 7th graders learned javelin throwing. Methods: The subjects either received explicit instruction on technical movement features of javelin throwing before self-determined practice (I-PS), or they started with self-determined practice and received the instruction afterwards (PS-I). We measured changes in throwing distance and changes in performance of technical features of the throws. Results: Students with PS-I, but not students with I-PS, showed increased javelin throwing distance and increased number of executions of technical features from pre- to post-test. Conclusions: This study extends results found in cognitive domains to motor learning in physical education. We discuss potential underlying mechanisms of these effects, in particular the role of awareness of knowledge gaps through initial practice that could be elaborated on during subsequent instruction, and the suppression of implicit learning processes with explicit instruction.",wos,llm,0.980,unreviewed,
kept,Promoting future teachers' evidence-informed reasoning scripts: Effects of different forms of instruction after problem-solving,"Krause-Wichmann, Theresa; Greisel, Martin; Wekerle, Christina; Kollar, Ingo; Stark, Robin",2023,FRONTIERS IN EDUCATION,10.3389/feduc.2023.1001523,https://www.webofscience.com/wos/woscc/full-record/WOS:000989398100001,adjacent-subtopic; problem_solving_before_instruction; instruction_variants; boundary_conditions,"Pre-service teachers face difficulties when dealing with problem situations in the classroom if their evidence-informed reasoning script (EIRS) is not adequately developed. An EIRS might be promoted by demonstrating how to implement evidence-informed reasoning after a problem-solving activity on an authentic case. However, it is unclear what form of instruction is appropriate to promote pre-service teachers in the development of an EIRS. The present 2x3-factorial experimental intervention study investigated how different forms of instruction on functional procedures (example-free vs. example-based) and on dysfunctional procedures (without vs. example-free vs. example-based) affect the development of an EIRS. N = 384 pre-service teachers worked on a written case vignette of a problem situation in a problem-solving phase, in which the crucial steps of the EIRS were prompted externally. In the subsequent instruction phase, the participants compared their own solution with an example-free or example-based instruction on functional procedures, which was either supplemented by an example-free or example-based instruction on typical dysfunctional procedures or not at all. The participants' learning success (declarative EIRS; near and far transfer problem-solving performance) and error awareness were assessed. The results revealed that the example-based instruction on functional procedures led to a higher learning success than the example-free instruction. Both forms of instruction on dysfunctional procedures improved learning success compared to learning without one. During learning, error awareness was higher for learners who worked with an example-free instruction on dysfunctional procedures. In order to promote the development of an EIRS in pre-service teachers, it is promising to provide instruction after problem-solving that presents a functional example of evidence-informed reasoning for the given problem and that also points out typical dysfunctional approaches to solving the problem. The results highlight the importance of selecting appropriate scaffolds in case-based learning approaches that aim to develop cognitive schemata. The mechanisms that explain when and why instructions on dysfunctional procedures work need to be further explored.",wos,llm,0.900,unreviewed,
kept,Does Deliberately Failing Improve Learning in Introductory Computer Science?,"Thorgeirsson, Sverrir; Sinha, Tanmay; Friedrich, Felix; Su, Zhendong",2022,"EDUCATING FOR A NEW FUTURE: MAKING SENSE OF TECHNOLOGY-ENHANCED LEARNING ADOPTION, EC-TEL 2022",10.1007/978-3-031-16290-9_57,https://www.webofscience.com/wos/woscc/full-record/WOS:000871898800057,adjacent-subtopic; productive_failure; computer_science; scaffolding; boundary_conditions,"We report our experience with technology-enhanced Productive Failure (PF) in an introductory computer science course. First, we sought to assess whether the use of algorithm visualization tools during the PF problem-solving phase enhanced learning. Second, we used an experimental study to measure learning effects of administering failure-driven scaffolding (FDS) during the PF sessions, that is, explicitly nudging generation with suboptimal representations deliberately designed to lead to failures. Results from surveys and log data indicated that our visualization tools helped students explore the problem space and performance data signaled that FDS improved students' constructive reasoning (Cohen's d 0.194, BF01 2.55) and did not harm posttest scores (BF01 3.17) relative to no explicit scaffolding during problem-solving prior to instruction. Further, similar levels of induced frustration (BF01 3.29) and curiosity (BF01 3.27) were observed across the conditions.",wos,llm,0.950,unreviewed,
kept,Effective collaboration in the productive failure process,"Kerrigan, John; Weber, Keith; Chinn, Clark",2021,JOURNAL OF MATHEMATICAL BEHAVIOR,10.1016/j.jmathb.2021.100892,https://www.webofscience.com/wos/woscc/full-record/WOS:000684986400008,adjacent-subtopic; productive_failure; collaboration; processes,"Productive failure is a learning design that encompasses problem solving prior to instruction and the learning that occurs during and after this process. In the mathematics education literature, there is a need for analyses of students' interactions that occur as they collaborate during the productive failure process. In this paper, we contribute to this area by taking a closer look at students' interactions that characterize an effective productive failure process. In analyzing video footage of two different groups of students working on invention tasks in a flipped mathematics classroom, we observed that the productive failure process seemed to work best in groups of students among whom the instructional design evoked students' intellectual need and curiosity. These students also developed a set routine for solving problems whose solutions are difficult to find without prior direct instruction on the topic, which proved valuable on follow-up in-class and posttest problems.",wos,llm,0.940,unreviewed,
kept,Discussing Student Solutions Is Germane for Learning when Providing or Delaying Instruction,"Loibl, Katharina; Rummel, Nikol",2015,AUTHENTIC PROBLEM SOLVING AND LEARNING IN THE 21ST CENTURY: PERSPECTIVES FROM SINGAPORE AND BEYOND,10.1007/978-981-287-521-1_13,https://www.webofscience.com/wos/woscc/full-record/WOS:000386019800015,qualifies-claim; qualifies_claim; instruction_phase_matters; comparing_solutions,"Recent studies have shown benefits of problem-solving prior to instruction (cf. productive failure) for learning. These findings seem to contradict well-established assumptions of cognitive load theory. However, there are two possible mechanisms in line with cognitive load theory that may explain these beneficial effects: the activation of prior knowledge and intuitive ideas during the problem-solving phase to generate solution approaches and the focusing of attention on relevant components of the canonical solution by comparing and contrasting typical student solutions to the canonical solution during the instruction phase. It is unclear whether the reported benefits originate from the activation of prior knowledge and intuitive ideas during the problem-solving phase or from the specific form of instruction in which student solutions are compared and contrasted to the canonical solution. To investigate this question, we compared three conditions in a quasi-experimental study: standard instruction prior to problem-solving (I-PS), instruction in which typical student solutions are contrasted to the canonical solution prior to problem-solving (I-contrast-PS), and problem-solving prior to instruction in which typical student solutions are contrasted to the canonical solution (PS-I-contrast). I-PS was outperformed by the other two conditions on conceptual knowledge. This finding suggests that student solutions are fruitful learning resources. We argue that the comparison of student solutions and the canonical solution focuses attention on the relevant components of the solution, which leads to deeper processing. Indeed, our cognitive load measures suggest that comparing and contrasting typical student solutions during instruction is germane for learning.",wos,llm,0.940,unreviewed,
kept,"Conditions for Effective Learning Without Upfront Instruction: How Practice with Feedback Supports Memory, Generalization, Motivation, and Metacognition",Asher M.W.,2026,Educational Psychology Review,10.1007/s10648-025-10103-6,https://www.scopus.com/inward/record.uri?partnerID=HzOxMe3b&scp=105028997503&origin=inward,qualifies-claim; adjacent_review; learning_without_upfront_instruction; unclear_ps_i_comparison; qualifies_claim; boundary_conditions; review_or_theory,,scopus,llm_reviewed,0.650,changed,discarded->kept
discarded,Fostering conceptual change by comparing correct and incorrect solutions – The role of individual misconceptions,Dikme C.,2026,Learning and Instruction,10.1016/j.learninstruc.2026.102395,https://www.scopus.com/inward/record.uri?partnerID=HzOxMe3b&scp=105044611677&origin=inward,adjacent-subtopic; adjacent_erroneous_examples; conceptual_change; not_ps_i,,scopus,llm,0.830,unreviewed,
discarded,From Cooperation to Collaboration: A Game-Changing Use of Cobots in Circular Manufacturing Toward Industry 5.0?,Denu M.,2026,International Journal of Social Robotics,10.1007/s12369-026-01403-0,https://www.scopus.com/inward/record.uri?partnerID=HzOxMe3b&scp=105040660646&origin=inward,off-topic-false-hit; other_topic; robotics_manufacturing; not_learning_psych,,scopus,llm,0.990,unreviewed,
discarded,Structuring versus Problematizing: How LLM-based Agents Scaffold Learning in Diagnostic Reasoning,Güres F.B.,2026,16th International Learning Analytics and Knowledge Conference Lak 2026,10.1145/3785022.3785105,https://www.scopus.com/inward/record.uri?partnerID=HzOxMe3b&scp=105038628080&origin=inward,off-topic-false-hit; other_ai_ml; llm_agents; not_ps_i,,scopus,llm,0.960,unreviewed,
discarded,Multimodal teaching practices for the development of literacy competencies in basic education,García Lebroc L.A.,2026,Revista De Ciencias Sociales,10.31876/rcs.v32i1.45185,https://www.scopus.com/inward/record.uri?partnerID=HzOxMe3b&scp=105035693082&origin=inward,off-topic-false-hit; other_topic; literacy_competencies; not_ps_i,,scopus,llm,0.970,unreviewed,
discarded,Transforming Confusion into Diffusion: Advancing Machine Learning Education via Bottom-Up Instruction,Cotrini C.,2026,SIGCSE TS 2026 Proceedings of the 57th ACM Technical Symposium on Computer Science Education V 1,10.1145/3770762.3772595,https://www.scopus.com/inward/record.uri?partnerID=HzOxMe3b&scp=105031886074&origin=inward,off-topic-false-hit; other_ai_ml; machine_learning_education; not_ps_i,,scopus,llm,0.950,unreviewed,
discarded,Teacher Instructional Support as a Way to Enhance Student Perceptions—Evidence From Direct and Indirect Hands-on Learning,Maričić M.,2026,Journal of Education,10.1177/00220574251338197,https://www.scopus.com/inward/record.uri?partnerID=HzOxMe3b&scp=105004172768&origin=inward,adjacent-subtopic; adjacent_hands_on_learning; direct_vs_indirect; not_ps_i,,scopus,llm,0.900,unreviewed,
discarded,Developing initial notions of variability when learning about box plots,Abt M.,2026,Mathematical Thinking and Learning,10.1080/10986065.2024.2421412,https://www.scopus.com/inward/record.uri?partnerID=HzOxMe3b&scp=85209381421&origin=inward,adjacent-subtopic; adjacent_math_learning; not_ps_i,,scopus,llm,0.830,unreviewed,
kept,Before or after? Beyond timing of students’ interaction with generative artificial intelligence in proving mathematical statements,Yoon H.,2026,Zdm Mathematics Education,10.1007/s11858-026-01800-9,https://www.scopus.com/inward/record.uri?partnerID=HzOxMe3b&scp=105040547060&origin=inward,adjacent-subtopic; before_or_after; ai_interaction_sequence; math_proving,,scopus,llm,0.740,unreviewed,
discarded,From emotion regulation to academic success: A self-determination theory-based emotional agent-mediated approach,Zheng X.L.,2026,British Journal of Educational Technology,10.1111/bjet.70083,https://www.scopus.com/inward/record.uri?partnerID=HzOxMe3b&scp=105046845200&origin=inward,adjacent-subtopic; adjacent_agent_mediated_learning; not_ps_i,,scopus,llm,0.950,unreviewed,
discarded,Beyond Good AI: The Need for Sound Learning Theories in AIED,Sinha T.,2025,Technology Knowledge and Learning,10.1007/s10758-025-09843-9,https://www.scopus.com/inward/record.uri?partnerID=HzOxMe3b&scp=105000469585&origin=inward,adjacent-subtopic; adjacent_ai_theory; not_ps_i,,scopus,llm,0.930,unreviewed,
discarded,"Interactions between cognitive disequilibrium, interactivity with instructional videos, and learning",Weinberg A.,2025,Computers and Education,10.1016/j.compedu.2025.105392,https://www.scopus.com/inward/record.uri?partnerID=HzOxMe3b&scp=105010104454&origin=inward,adjacent-subtopic; adjacent_cognitive_disequilibrium; video_learning; not_ps_i,,scopus,llm,0.900,unreviewed,
