status,title,authors,year,venue,doi,url,tags,abstract,provider,decision_source,llm_confidence,llm_review_outcome,llm_change_direction
discarded,Chapter 6: Productive failure in Coding and Robotics: Fostering self-directed and entrepreneurial learning,Sukie van Zyl; Fotiene Avrakotos-King; Francois Papers,2026,NWU self-directed learning series,10.4102/aosis.2025.bk545.06,https://openalex.org/W7131639953,adjacent-subtopic; adjacent_productive_failure; chapter; coding_and_robotics; not_sequence_comparison,"This chapter explores the abilities and skills that emerged from integrating productive failure with cooperative pair programming during an introductory Coding and Robotics (C&R) course within Computer Applications Technology (CAT) education. It then explores how the abilities and skills connect to self-directed learning (SDL) and entrepreneurial learning (EL). Coding and Robotics (a school subject in South African schools), known for its inherent complexity, often involves addressing and overcoming logical and syntactical errors. These challenges necessitate the development of SDL, where students take responsibility for acquiring the knowledge and skills required to debug and refine their code. Entrepreneurial learning skills, such as creativity, collaboration and persistence, are essential for solving complex challenges that arise from failure. The sample population was 42 fourth-year CAT education students from two different campuses of a South African university. Non-random, convenience sampling was applied, and after all students were invited to participate in the research, 37 students consented to participate. A basic interpretative qualitative research design was followed. In the first week, participants were introduced to C&R by working on solvable problems in cooperative pair-programming groups. In the second week, participants had to solve problems that were specifically compiled to anticipate failure. Guided self-reflection documents were used as data-gathering methods, and thematic data analysis was applied. The research concluded that incorporating productive failure with cooperative pair programming fostered SDL and EL. More research is required in different contexts with larger populations before the research can be generalised to other contexts.",openalex,llm,0.860,unreviewed,
discarded,Incorporating Engineering Design Challenges into STEM Courses,Daniel L. Householder; Christine Hailey,2012,Digital Commons - USU (Utah State University),,https://openalex.org/W2162934093,adjacent-subtopic; adjacent_engineering_design; not_ps_i,"Successful strategies for incorporating engineering design challenges into science, technology, engineering, and mathematics (STEM) courses in American high schools are presented in this paper. The developers have taken the position that engineering design experiences should be an important component of the high school education of all American youth. In most instances, these experiences in engineering design are infused into instruction programs in standards-based courses in science, technology, or mathematics. Sometimes the courses are designated as engineering courses and the engineering design component is emphasized. A growing number of researchers seek to understand whether the development of engineering habits of thought and action in high school STEM courses leads to improvements in problem solving abilities, systems thinking, integration of STEM content, increased interest in engineering, and feelings of self- efficacy about pursuing additional engineering activities. We have attempted to integrate these findings, to draw inferences that reflect the current body of knowledge, and to call attention to promising contemporary practices. This paper is intended to provide guidelines for the development of authentic engineering design challenges, to describe instructional strategies for introducing engineering design experiences to high school students, and to offer suggestions for the assessment of the outcomes of engineering design activities. The information is intended to be useful in planning, organizing, and implementing the infusion of engineering design challenges in high school STEM courses. The paper is not intended as a detailed guide for curriculum development, comprehensive instructional design, or the assessment of achievement across the range of high school STEM courses.",openalex,llm,0.950,unreviewed,
discarded,"Computer-Supported Collaborative Learning: Instructional Approaches, Group Processes and Educational Designs",Peter Goodyear; Chris Jones; Kate Thompson,2013,,10.1007/978-1-4614-3185-5_35,https://openalex.org/W1822487496,adjacent-subtopic; adjacent_cscl_book; not_ps_i,,openalex,llm,0.960,unreviewed,
discarded,Success and Productive Failure in Zine Making with Young People: A Hull Case Study into Creative Expression and Relationships Research,Michael Gratzke,2023,Global punk,10.1386/9781789387063_14,https://openalex.org/W4367397681,off-topic-false-hit; other_topic; creative_expression_case_study; productive_failure_metaphor,"What is the status of this guidance?This is statutory guidance from the Department for Education issued under Section 80A of the Education Act 2002 and section 403 of the Education Act 1996 -further details are in Annex A. Schools 1 must have regard to the guidance, and where they depart from those parts of the guidance which state that they should (or should not) do something they will need to have good reasons for doing so. About this guidanceThis document contains information on what schools should do and sets out the legal duties with which schools must comply when teaching Relationships Education, Relationships and Sex Education (RSE) and Health Education.Unless otherwise specified, 'school' means all schools, whether maintained, nonmaintained or independent schools, including academies and free schools, nonmaintained special schools, maintained special schools and alternative provision, including pupil referral units. Who this guidance is forThis statutory guidance applies to all schools 2 , and is therefore aimed at:• governing bodies of maintained schools (including schools with a sixth form) and non-maintained special schools;• trustees or directors of academies and free schools;• proprietors of independent schools (including academies and free schools);• management committees of pupil referral units (PRUs);• teachers, other school staff and school nurses;• head teachers, principals and senior leadership teams;• Diocese and other faith representatives; and• for reference for relevant local authority staff.• SMSC requirements for independent schools (guidance for independent schools on how they should support pupils' spiritual, moral, social and cultural development).• National Citizen Service guidance for schools",openalex,llm,0.990,unreviewed,
kept,Probing boundary conditions of Productive Failure and analyzing the role of young students' collaboration,"Mazziotti, Claudia; Rummel, Nikol; Deiglmayr, Anne; Loibl, Katharina",2019,NPJ SCIENCE OF LEARNING,10.1038/s41539-019-0041-5,https://www.webofscience.com/wos/woscc/full-record/WOS:000611003000001,qualifies-claim; qualifies_claim; boundary_conditions; young_students; collaboration,"Productive Failure (PF) facilitates students' conceptual knowledge by delaying instruction until after problem solving. While PF is well investigated in middle and high school students, little is known about its effectiveness in younger students. Studies in younger samples, which implemented delayed instruction designs similar to those used in PF studies, showed mixed results. However, these studies did not implement two core design components of PF: (1) contrasting and comparing student-generated solutions and the canonical solution during the instructional phase (contrasting activity), and (2) students' collaboration in small groups during the initial problem-solving phase. Both components can be expected to contribute to the effectiveness of PF. In a quasi-experimental study with 228 fifth graders, we implemented the first component (contrasting activity) with all students to establish whether under this condition, problem solving prior to instruction would be more effective for younger students' conceptual knowledge acquisition than direct instruction (i.e., problem solving after instruction). Further, we experimentally tested the effect of the second component (collaborative vs. individual problem solving) on students' conceptual knowledge and the number of solution ideas generated during initial problem solving. We found no empirical support for either of our hypotheses. To explore the extent to which students' collaboration actually achieved its potential and relates to students' conceptual knowledge and solution ideas in PF, we conducted analyses of collaborative processes. Our study adds to the mixed results regarding the superiority of problem solving prior to instruction for young students, thus opening the discussion about age-related prerequisites as boundary conditions for PF.

Productive Failure: young students don't learn productively with Productive Failure The beneficial effect of Productive Failure does not usually transfer to students who are younger than the typical age group. Productive Failure proposes that students gain more understanding if they are allowed to collaboratively struggle to solve problems before they are explicitly taught the solution. To investigate whether also younger students benefit from Productive Failure, Claudia Mazziotti and colleagues investigated whether problem-solving prior to as compared to after instruction leads to more understanding. Furthermore, they examined what role students' collaboration played by comparing collaborative problem-solving with individual problem-solving. They found no advantage of Productive Failure for this age group but found first hints for the benefits of small groups' collaboration. These data suggest that the extent to which students are capable to deal with the initial struggle and to collaborate might display boundary conditions for Productive Failure.",wos,llm,0.980,unreviewed,
discarded,Using multimodal learning analytics to understand the combined effects of dynamic self-regulated scaffoldings and learning from examples on computer programming: an empirical study,Zhang L.,2026,International Journal of Stem Education,10.1186/s40594-025-00591-x,https://www.scopus.com/inward/record.uri?partnerID=HzOxMe3b&scp=105029601253&origin=inward,adjacent-subtopic; adjacent_examples_and_scaffolds; programming; not_ps_i,,scopus,llm,0.900,unreviewed,
discarded,Deliberate errors vs. induced errors: How best to structure students’ error generation to promote learning?,Li X.,2026,Learning and Instruction,10.1016/j.learninstruc.2026.102356,https://www.scopus.com/inward/record.uri?partnerID=HzOxMe3b&scp=105033557757&origin=inward,adjacent-subtopic; adjacent_error_generation; not_ps_i,,scopus,llm,0.900,unreviewed,
discarded,Designing adaptive feedback for hands-on learning in VR: Feedback intervention theory,Chen C.Z.,2026,Education and Information Technologies,10.1007/s10639-026-13968-4,https://www.scopus.com/inward/record.uri?partnerID=HzOxMe3b&scp=105034422945&origin=inward,adjacent-subtopic; adjacent_vr_feedback; not_ps_i,,scopus,llm,0.950,unreviewed,
discarded,Seeing the whole picture? An experiment on environmental detail and coherence formation in immersive virtual reality,Hartmann C.,2026,Computers and Education X Reality,10.1016/j.cexr.2025.100130,https://www.scopus.com/inward/record.uri?partnerID=HzOxMe3b&scp=105027973175&origin=inward,adjacent-subtopic; adjacent_vr_experiment; coherence_formation; not_ps_i,,scopus,llm,0.950,unreviewed,
kept,"Flipping a simulation before instruction can improve students' learning, interest and perceived competence",DeCaro M.S.,2026,British Journal of Educational Psychology,10.1111/bjep.70007,https://www.scopus.com/inward/record.uri?partnerID=HzOxMe3b&scp=105010066098&origin=inward,supports-claim; supports_claim; flipping_before_instruction; simulation_learning,,scopus,llm,0.790,unreviewed,
discarded,"Effects of instructional design, instructional preferences, and cognitive load on problem solving and knowledge acquisition in a computer-based office simulation",Ludwig S.,2026,Learning and Instruction,10.1016/j.learninstruc.2025.102255,https://www.scopus.com/inward/record.uri?partnerID=HzOxMe3b&scp=105021882618&origin=inward,adjacent-subtopic; adjacent_instructional_design; office_simulation; not_ps_i,,scopus,llm,0.930,unreviewed,
kept,Benefits of Problem-Solving First for the Success of Cooperative Learning with Videos,Danzglock M.,2026,Journal of Experimental Education,10.1080/00220973.2024.2379542,https://www.scopus.com/inward/record.uri?partnerID=HzOxMe3b&scp=85199338567&origin=inward,supports-claim; supports_claim; problem_solving_first; cooperative_learning; videos,,scopus,llm,0.780,unreviewed,
discarded,ELMER: A Taxonomy-Based Framework for Designing Observable Error Feedback to Support Exploratory Learning of Unobservable Concepts in STEAM Education,Koike K.,2026,Lecture Notes in Computer Science,10.1007/978-3-032-29178-3_6,https://www.scopus.com/inward/record.uri?partnerID=HzOxMe3b&scp=105045456370&origin=inward,adjacent-subtopic; adjacent_exploratory_learning; error_feedback; framework; not_ps_i,,scopus,llm,0.900,unreviewed,
discarded,Adventurous Learning in Higher Education: A Metamodern Framework,Bowman S.,2026,Adventurous Learning in Higher Education A Metamodern Framework,10.4324/9781003664291,https://www.scopus.com/inward/record.uri?partnerID=HzOxMe3b&scp=105047940815&origin=inward,adjacent-subtopic; adjacent_framework; higher_education; not_ps_i,,scopus,llm,0.960,unreviewed,
discarded,Introducing the Learning Sciences: Insights and Implications for Teaching,Ainsworth S.E.,2026,Introducing the Learning Sciences Insights and Implications for Teaching,10.4324/9781003185963,https://www.scopus.com/inward/record.uri?partnerID=HzOxMe3b&scp=105033568616&origin=inward,adjacent-subtopic; adjacent_introductory_text; learning_sciences_general; not_ps_i,,scopus,llm,0.980,unreviewed,
kept,When is observing failure productive? Investigating the role of solution diversity in vicarious failure,Braas T.C.,2025,Instructional Science,10.1007/s11251-025-09706-x,https://www.scopus.com/inward/record.uri?partnerID=HzOxMe3b&scp=86000308290&origin=inward,adjacent-subtopic; vicarious_failure; boundary_conditions; solution_diversity,,scopus,llm,0.810,unreviewed,
kept,Problem-solving prior to instructional explanations when learning javelin throwing in primary school,Leukel C.,2025,Instructional Science,10.1007/s11251-024-09700-9,https://www.scopus.com/inward/record.uri?partnerID=HzOxMe3b&scp=85214107006&origin=inward,adjacent-subtopic; problem_solving_before_instruction; motor_skills; javelin_throwing,,scopus,llm,0.800,unreviewed,
kept,Comparing effectiveness of exploratory learning activities given before instruction: generating multiple strategies vs. inventing one strategy,Velić L.,2025,Instructional Science,10.1007/s11251-024-09701-8,https://www.scopus.com/inward/record.uri?partnerID=HzOxMe3b&scp=85217159816&origin=inward,adjacent-subtopic; exploratory_learning_before_instruction; strategy_generation; inventing,,scopus,llm,0.840,unreviewed,
discarded,Conditions for Effective Learning from Erroneous Examples: A Systematic Review,Dieterich S.,2025,Educational Psychology Review,10.1007/s10648-025-10071-x,https://www.scopus.com/inward/record.uri?partnerID=HzOxMe3b&scp=105016803212&origin=inward,adjacent-subtopic; adjacent_systematic_review; erroneous_examples; not_ps_i,,scopus,llm,0.940,unreviewed,
discarded,Analysing classroom videos in teacher education— How different instructional settings promote student teachers’ professional vision of classroom management,Tucholka I.,2025,Learning and Instruction,10.1016/j.learninstruc.2025.102084,https://www.scopus.com/inward/record.uri?partnerID=HzOxMe3b&scp=85216705355&origin=inward,adjacent-subtopic; adjacent_teacher_education; instructional_settings; not_ps_i,,scopus,llm,0.930,unreviewed,
kept,Increasing contrasting cases during exploration or practice problems given before or after instruction,DeCaro M.S.,2025,Instructional Science,10.1007/s11251-024-09696-2,https://www.scopus.com/inward/record.uri?partnerID=HzOxMe3b&scp=85213687250&origin=inward,adjacent-subtopic; contrasting_cases; before_or_after_instruction; sequence_comparison,,scopus,llm,0.820,unreviewed,
kept,Exploring the use of productive failure to learn ecology in a virtual world: influence of self-efficacy and the use of learning strategies,Cao L.,2025,Interactive Learning Environments,10.1080/10494820.2024.2391058,https://www.scopus.com/inward/record.uri?partnerID=HzOxMe3b&scp=105003779954&origin=inward,adjacent-subtopic; productive_failure; ecology; self_efficacy; learning_strategies,,scopus,llm,0.790,unreviewed,
discarded,Rethinking Cognitive Load Theory,Kalyuga S.,2025,Rethinking Cognitive Load Theory,10.1093/9780190078539.001.0001,https://www.scopus.com/inward/record.uri?partnerID=HzOxMe3b&scp=105017645662&origin=inward,adjacent-subtopic; adjacent_cognitive_load_theory_book; not_ps_i,,scopus,llm,0.960,unreviewed,
kept,Fostering Learning from Errors—Computer-Based Adaptivity at the Transition Between Problem Solving and Explicit Instruction,Boomgaarden A.,2024,Journal Fur Mathematik Didaktik,10.1007/s13138-024-00232-w,https://www.scopus.com/inward/record.uri?partnerID=HzOxMe3b&scp=85195897109&origin=inward,adjacent-subtopic; learning_from_errors; transition_to_instruction; adaptivity; ps_i_adjacent,,scopus,llm,0.790,unreviewed,
kept,Using productive failure to learn genetics in a game-based environment,Cao L.,2024,Instructional Science,10.1007/s11251-023-09644-6,https://www.scopus.com/inward/record.uri?partnerID=HzOxMe3b&scp=85175634995&origin=inward,adjacent-subtopic; productive_failure; genetics; game_based_environment,,scopus,llm,0.800,unreviewed,
discarded,Navigating computer science education in the 21st century,Bosch C.,2024,Navigating Computer Science Education in the 21st Century,10.4018/9798369310663,https://www.scopus.com/inward/record.uri?partnerID=HzOxMe3b&scp=85189128180&origin=inward,off-topic-false-hit; other_topic; computer_science_education_general; not_ps_i,,scopus,llm,0.960,unreviewed,
kept,How do students feel and collaborate during programming activities in the productive failure paradigm?,Savelson Z.M.,2024,Computer Science Education,10.1080/08993408.2023.2237365,https://www.scopus.com/inward/record.uri?partnerID=HzOxMe3b&scp=85166423328&origin=inward,adjacent-subtopic; productive_failure; programming; affect_and_collaboration,,scopus,llm,0.800,unreviewed,
discarded,Productive Failure: Unlocking Deeper Learning Through the Science of Failing,Kapur M.,2024,Productive Failure Unlocking Deeper Learning Through the Science of Failing,10.1002/9781394308712,https://www.scopus.com/inward/record.uri?partnerID=HzOxMe3b&scp=85207184620&origin=inward,adjacent-subtopic; adjacent_book; productive_failure_general; not_empirical_ps_i,,scopus,llm,0.880,unreviewed,
discarded,"Learning From Failure: The Roles of Self-Focused Feedback, Task Expectations, and Subsequent Instruction",Gok S.,2024,Journal of Experimental Psychology General,10.1037/xge0001632,https://www.scopus.com/inward/record.uri?partnerID=HzOxMe3b&scp=85203420424&origin=inward,adjacent-subtopic; adjacent_learning_from_failure; not_ps_i_specific,,scopus,llm,0.880,unreviewed,
discarded,Restructuring processes and Aha! experiences in insight problem solving,Wiley J.,2024,Nature Reviews Psychology,10.1038/s44159-023-00257-x,https://www.scopus.com/inward/record.uri?partnerID=HzOxMe3b&scp=85179933728&origin=inward,adjacent-subtopic; adjacent_insight_problem_solving; not_ps_i,,scopus,llm,0.970,unreviewed,
discarded,Explaining creativity: The science of human innovation,Sawyer R.K.,2023,Explaining Creativity the Science of Human Innovation,10.1093/oso/9780197747537.001.0001,https://www.scopus.com/inward/record.uri?partnerID=HzOxMe3b&scp=85184792952&origin=inward,off-topic-false-hit; other_topic; creativity_book; not_ps_i,,scopus,llm,0.980,unreviewed,
kept,Do students learn more from failing alone or in groups? Insights into the effects of collaborative versus individual problem solving in productive failure,Brand C.,2023,Instructional Science,10.1007/s11251-023-09619-7,https://www.scopus.com/inward/record.uri?partnerID=HzOxMe3b&scp=85147954254&origin=inward,adjacent-subtopic; productive_failure; collaborative_vs_individual; boundary_conditions,,scopus,llm,0.840,unreviewed,
discarded,Are Inductive Teaching Methods Compatible with Cognitive Load Theory?,Gorbunova A.,2023,Educational Psychology Review,10.1007/s10648-023-09828-z,https://www.scopus.com/inward/record.uri?partnerID=HzOxMe3b&scp=85177651479&origin=inward,adjacent-subtopic; adjacent_theory_review; inductive_methods; cognitive_load; not_ps_i_specific,,scopus,llm,0.910,unreviewed,
discarded,Service Provider to the Rescue: How Firm Recovery of Do-It-Yourself Service Failure Turns Consumers from Competitors to Satisfied Customers,Hall M.J.,2023,Journal of Service Research,10.1177/10946705221111347,https://www.scopus.com/inward/record.uri?partnerID=HzOxMe3b&scp=85133402460&origin=inward,off-topic-false-hit; other_topic; service_failure; not_learning,,scopus,llm,0.990,unreviewed,
kept,PROTOCOL: Problem solving before instruction (PS-I) to promote learning and motivation in child and adult students,González-Cabañes E.,2023,Campbell Systematic Reviews,10.1002/cl2.1337,https://www.scopus.com/inward/record.uri?partnerID=HzOxMe3b&scp=85165489155&origin=inward,adjacent-subtopic; systematic_review_protocol; ps_i; motivation,,scopus,llm,0.820,unreviewed,
