status,title,authors,year,venue,doi,url,tags,abstract,provider,decision_source,llm_confidence,llm_review_outcome,llm_change_direction
discarded,"Self-awareness, self-regulation, and self-transcendence (S-ART): a framework for understanding the neurobiological mechanisms of mindfulness",David R. Vago; David Silbersweig,2012,Frontiers in Human Neuroscience,10.3389/fnhum.2012.00296,https://openalex.org/W2005022581,off-topic-false-hit; other_topic; mindfulness_neuroscience; not_ps_i,"Mindfulness-as a state, trait, process, type of meditation, and intervention has proven to be beneficial across a diverse group of psychological disorders as well as for general stress reduction. Yet, there remains a lack of clarity in the operationalization of this construct, and underlying mechanisms. Here, we provide an integrative theoretical framework and systems-based neurobiological model that explains the mechanisms by which mindfulness reduces biases related to self-processing and creates a sustainable healthy mind. Mindfulness is described through systematic mental training that develops meta-awareness (self-awareness), an ability to effectively modulate one's behavior (self-regulation), and a positive relationship between self and other that transcends self-focused needs and increases prosocial characteristics (self-transcendence). This framework of self-awareness, -regulation, and -transcendence (S-ART) illustrates a method for becoming aware of the conditions that cause (and remove) distortions or biases. The development of S-ART through meditation is proposed to modulate self-specifying and narrative self-networks through an integrative fronto-parietal control network. Relevant perceptual, cognitive, emotional, and behavioral neuropsychological processes are highlighted as supporting mechanisms for S-ART, including intention and motivation, attention regulation, emotion regulation, extinction and reconsolidation, prosociality, non-attachment, and decentering. The S-ART framework and neurobiological model is based on our growing understanding of the mechanisms for neurocognition, empirical literature, and through dismantling the specific meditation practices thought to cultivate mindfulness. The proposed framework will inform future research in the contemplative sciences and target specific areas for development in the treatment of psychological disorders.",openalex,llm,0.990,unreviewed,
discarded,Vygotsky's Zone of Proximal Development: Instructional Implications and Teachers' Professional Development,Karim Shabani; Mohamad Khatib; Saman Ebadi,2010,English Language Teaching,10.5539/elt.v3n4p237,https://openalex.org/W2129476861,adjacent-subtopic; adjacent_zpd_theory; teacher_development; not_ps_i,"The current paper examines the instructional implications of Vygotsky's (1978) seminal notion of Zone of Proximal Development, originally developed to account for the learning potential of children, and investigates ZPD applications to the concept of teacher professional development. Specific attempt has been made to see how a number of assets at the teacher's disposal namely diary writing, peer and mentor collaboration, action research, practicum and TESOL discourse can serve as scaffolders to affect the progression of ZPD in language teachers. The contributions of ZPD to the concepts of scaffolding and dynamic assessment (DA) are explored extensively and the controversial issues are addressed. There is a consensus that the notion of the zone of proximal development and socio-cultural theory of mind based on Vygotsky’s ideas are at the heart of the notion of scaffolding .This study highlights the limitations of the metaphor of scaffolding in interpreting the zone of proximal development. The concept of ZPD, as seen through the approach of DA, offers an operational view of the learners’ actual level of development and a measure of emerging and imminent development. Utilizing the concept of ZPD, DA unites traditional assessment, instruction, intervention, and remediation. Though the concept of ZPD provides an attractive metaphor for designing instruction and analyzing learning, it poses a real challenge when put into practice. The present research highlights a procedure to provide a more tangible account of ZPD, but research on this area is scanty and further explorations and investigations are needed to reflect the implications of ZPD in instructional context.",openalex,llm,0.980,unreviewed,
discarded,Toward a theory of intrinsically motivating instruction,T MALONE,1981,Cognitive Science,10.1016/s0364-0213(81)80017-1,https://openalex.org/W4241870530,adjacent-subtopic; adjacent_motivation_theory; not_ps_i,"First, a number of previous theories of intrinsic motivation are reviewed.",openalex,llm,0.980,unreviewed,
discarded,Towards a Framework for Attention Cueing in Instructional Animations: Guidelines for Research and Design,Björn B. de Koning; Huib K. Tabbers; Remy M. J. P. Rikers; Fred Paas,2009,Educational Psychology Review,10.1007/s10648-009-9098-7,https://openalex.org/W2027437487,adjacent-subtopic; adjacent_multimedia_learning; not_ps_i,"This paper examines the transferability of successful cueing approaches from text and static visualization research to animations. Theories of visual attention and learning as well as empirical evidence for the instructional effectiveness of attention cueing are reviewed and, based on Mayer’s theory of multimedia learning, a framework was developed for classifying three functions for cueing: (1) selection—cues guide attention to specific locations, (2) organization—cues emphasize structure, and (3) integration—cues explicate relations between and within elements. The framework was used to structure the discussion of studies on cueing in animations. It is concluded that attentional cues may facilitate the selection of information in animations and sometimes improve learning, whereas organizational and relational cueing requires more consideration on how to enhance understanding. Consequently, it is suggested to develop cues that work in animations rather than borrowing effective cues from static representations. Guidelines for future research on attention cueing in animations are presented.",openalex,llm,0.970,unreviewed,
discarded,Understanding Variation in Managers' Ambidexterity: Investigating Direct and Interaction Effects of Formal Structural and Personal Coordination Mechanisms,Tom Mom; Frans A. J. Van Den Bosch; Henk Volberda,2009,Organization Science,10.1287/orsc.1090.0427,https://openalex.org/W2133351584,off-topic-false-hit; other_topic; management; not_learning_intervention,"Previous research focuses on firm and business unit level ambidexterity. Therefore, conceptual and empirically validated understanding about ambidexterity at the individual level of analysis is very scarce. This paper addresses this gap in the literature by investigating managers' ambidexterity, delivering three contributions to theory and empirical research on ambidexterity: first, by proposing three related characteristics of ambidextrous managers; second, by developing a model and associated hypotheses on both the direct and interaction effects of formal structural and personal coordination mechanisms on managers' ambidexterity; and third, by testing the hypotheses based on a sample of 716 business unit level and operational level managers. Findings regarding the formal structural mechanisms indicate that a manager's decision-making authority positively relates to this manager's ambidexterity, whereas formalization of a manager's tasks has no significant relationship with this manager's ambidexterity. Regarding the personal coordination mechanisms, findings indicate that both the participation of a manager in cross-functional interfaces and the connectedness of a manager to other organization members positively relate to this manager's ambidexterity. Furthermore, results show positive interaction effects between the formal structural and personal coordination mechanisms on managers' ambidexterity. The paper's theoretical contributions and empirical results increase our understanding about managers' ambidexterity and about how different types and combinations of coordination mechanisms relate to variation in managers' ambidexterity.",openalex,llm,0.990,unreviewed,
discarded,Conversational Agents in Health Care: Scoping Review and Conceptual Analysis,Lorainne Tudor Car; Dhakshenya Ardhithy Dhinagaran; Bhone Myint Kyaw; Tobias Kowatsch; Shafiq Joty; Yin Leng Theng; Rifat Atun,2020,Journal of Medical Internet Research,10.2196/17158,https://openalex.org/W3048100966,off-topic-false-hit; other_ai_ml; health_care_chatbots; not_ps_i,"BACKGROUND: Conversational agents, also known as chatbots, are computer programs designed to simulate human text or verbal conversations. They are increasingly used in a range of fields, including health care. By enabling better accessibility, personalization, and efficiency, conversational agents have the potential to improve patient care. OBJECTIVE: This study aimed to review the current applications, gaps, and challenges in the literature on conversational agents in health care and provide recommendations for their future research, design, and application. METHODS: We performed a scoping review. A broad literature search was performed in MEDLINE (Medical Literature Analysis and Retrieval System Online; Ovid), EMBASE (Excerpta Medica database; Ovid), PubMed, Scopus, and Cochrane Central with the search terms ""conversational agents,"" ""conversational AI,"" ""chatbots,"" and associated synonyms. We also searched the gray literature using sources such as the OCLC (Online Computer Library Center) WorldCat database and ResearchGate in April 2019. Reference lists of relevant articles were checked for further articles. Screening and data extraction were performed in parallel by 2 reviewers. The included evidence was analyzed narratively by employing the principles of thematic analysis. RESULTS: The literature search yielded 47 study reports (45 articles and 2 ongoing clinical trials) that matched the inclusion criteria. The identified conversational agents were largely delivered via smartphone apps (n=23) and used free text only as the main input (n=19) and output (n=30) modality. Case studies describing chatbot development (n=18) were the most prevalent, and only 11 randomized controlled trials were identified. The 3 most commonly reported conversational agent applications in the literature were treatment and monitoring, health care service support, and patient education. CONCLUSIONS: The literature on conversational agents in health care is largely descriptive and aimed at treatment and monitoring and health service support. It mostly reports on text-based, artificial intelligence-driven, and smartphone app-delivered conversational agents. There is an urgent need for a robust evaluation of diverse health care conversational agents' formats, focusing on their acceptability, safety, and effectiveness.",openalex,llm,0.990,unreviewed,
discarded,Why Nouns are Learned Before Verbs : Linguistic Relativity versus Natural Partitioning,Dedre Gentner,1982,Illinois Digital Environment for Access to Learning and Scholarship (University of Illinois at Urbana-Champaign),,https://openalex.org/W2147682057,off-topic-false-hit; other_topic; language_acquisition; not_ps_i,,openalex,llm,0.980,unreviewed,
discarded,Studying and Understanding the Instructional Contexts of Classrooms: Using our Past to Forge our Future,Julianne C. Turner; Debra K. Meyer,2000,Educational Psychologist,10.1207/s15326985ep3502_2,https://openalex.org/W2079590411,adjacent-subtopic; adjacent_classroom_research_methods; not_ps_i,"The video survey is a promising new approach for studying classrooms and teaching across cultures. Drawing from experience in working with two cross-cultural video surveys, the Third International Mathematics and Science Study (TIMSS) and its follow-up study (TIMSS-R), this article presents some of the challenges of studying classrooms across cultures and some of the ways that the video survey can deal with these challenges. The article begins by identifying some of the issues in cross-cultural research and classroom surveys that led to the creation of the video survey. Examples from the TIMSS and the TIMSS-R video studies are then used to illustrate some benefits and limitations of video surveys and to share some of the lessons that were learned about studying classrooms across cultures.",openalex,llm,0.970,unreviewed,
discarded,"Whatever next? Predictive brains, situated agents, and the future of cognitive science",Andy Clark,2013,Behavioral and Brain Sciences,10.1017/s0140525x12000477,https://openalex.org/W2153791616,off-topic-false-hit; other_topic; cognitive_science_theory; not_education_intervention,"Brains, it has recently been argued, are essentially prediction machines. They are bundles of cells that support perception and action by constantly attempting to match incoming sensory inputs with top-down expectations or predictions. This is achieved using a hierarchical generative model that aims to minimize prediction error within a bidirectional cascade of cortical processing. Such accounts offer a unifying model of perception and action, illuminate the functional role of attention, and may neatly capture the special contribution of cortical processing to adaptive success. This target article critically examines this ""hierarchical prediction machine"" approach, concluding that it offers the best clue yet to the shape of a unified science of mind and action. Sections 1 and 2 lay out the key elements and implications of the approach. Section 3 explores a variety of pitfalls and challenges, spanning the evidential, the methodological, and the more properly conceptual. The paper ends (sections 4 and 5) by asking how such approaches might impact our more general vision of mind, experience, and agency.",openalex,llm,0.990,unreviewed,
discarded,Remote Agent: to boldly go where no AI system has gone before,Nicola Muscettola; P. Pandurang Nayak; Barney Pell; Brian C. Williams,1998,Artificial Intelligence,10.1016/s0004-3702(98)00068-x,https://openalex.org/W2049934619,off-topic-false-hit; other_ai_ml; ai_agent; not_human_learning,,openalex,llm,0.990,unreviewed,
discarded,Effect of integrating physics education technology simulations on students’ conceptual understanding in physics: A review of literature,Herbert James Banda; Joseph Nzabahimana,2021,Physical Review Physics Education Research,10.1103/physrevphyseducres.17.023108,https://openalex.org/W4200217213,adjacent-subtopic; adjacent_review; physics_simulations; not_ps_i,This paper describes a comprehensive review of 31 quasi or experimental research studies from the past decade on the effect of PhET simulations on students' conceptual understanding of physics. Two questions guided the review: (i) To what extent do PhET simulations enhance students' conceptual understanding of physics? (ii) What are the best ways to use PhET simulations to enhance conceptual understanding of physics? The reviewed literature provides robust evidence that PhET simulations can significantly enhance students' conceptual understanding of physics and can be integrated into many active learning instructional environments. The paper also points out gaps and directions of future research and suggests that educators integrate PhET simulations in physics to create more meaningful learning.,openalex,llm,0.960,unreviewed,
discarded,Reassessing the conceptual–procedural distinction,Deirdre Wilson,2016,Lingua,10.1016/j.lingua.2015.12.005,https://openalex.org/W2275777976,off-topic-false-hit; other_topic; linguistics; not_ps_i,,openalex,llm,0.980,unreviewed,
discarded,Disrupting Education? Experimental Evidence on Technology-Aided Instruction in India,Karthik Muralidharan; Abhijeet Singh; Alejandro Ganimian,2019,American Economic Review,10.1257/aer.20171112,https://openalex.org/W2540256703,adjacent-subtopic; adjacent_technology_aided_instruction; not_ps_i,"We study the impact of a personalized technology-aided after-school instruction program in middle-school grades in urban India using a lottery that provided winners with free access to the program. Lottery winners scored 0.37 σ higher in math and 0.23 σ higher in Hindi over just a 4.5-month period. IV estimates suggest that attending the program for 90 days would increase math and Hindi test scores by 0.6 σ and 0.39 σ respectively. We find similar absolute test score gains for all students, but much greater relative gains for academically-weaker students. Our results suggest that well-designed, technology-aided instruction programs can sharply improve productivity in delivering education. (JEL I21, I26, I28, J24, O15)",openalex,llm,0.960,unreviewed,
discarded,Development of an instructional design model for flipped learning in higher education,Jihyun Lee; Cheolil Lim; Hyeon-Su Kim,2016,Educational Technology Research and Development,10.1007/s11423-016-9502-1,https://openalex.org/W2562105963,adjacent-subtopic; adjacent_flipped_learning_design; not_ps_i_specific,"In response to pedagogical challenges in higher education, blended learning has become a prevalent practice in colleges and universities. Flipped learning (FL) represents a newly emerging form of blended learning, where students individually watch online lectures prior to class and then engage in classroom learning activities interacting with peers and instructors. Although the conceptual framework of FL may be intuitively appealing, its design and implementation involve considerable intricacy. The purpose of this study was to develop a FL design model for higher education that could systematically guide instructors or designers in creating an appropriate blend of individualized online lectures and collaborative face-to-face learning activities. Using an established method for model development research, a theoretically constructed initial model was iteratively improved and underwent internal and external validation through model usability tests, expert review, and field evaluation. The implementation of an algebra class in a Korean university designed by the final model resulted in significant increases in the maturity of mathematical views, quality of reflections, and satisfactions of students. Features of the model are discussed, along with theoretical and practical implications and suggestions for further research.",openalex,llm,0.880,unreviewed,
discarded,Visual representations in science education: The influence of prior knowledge and cognitive load theory on instructional design principles,Michelle Cook,2006,Science Education,10.1002/sce.20164,https://openalex.org/W1991964822,adjacent-subtopic; adjacent_cognitive_load_theory; visual_representations; not_ps_i,"Visual representations are essential for communicating ideas in the science classroom; however, the design of such representations is not always beneficial for learners. This paper presents instructional design considerations providing empirical evidence and integrating theoretical concepts related to cognitive load. Learners have a limited working memory, and instructional representations should be designed with the goal of reducing unnecessary cognitive load. However, cognitive architecture alone is not the only factor to be considered; individual differences, especially prior knowledge, are critical in determining what impact a visual representation will have on learners' cognitive structures and processes. Prior knowledge can determine the ease with which learners can perceive and interpret visual representations in working memory. Although a long tradition of research has compared experts and novices, more research is necessary to fully explore the expert–novice continuum and maximize the potential of visual representations. © 2006 Wiley Periodicals, Inc. Sci Ed 90:1073–1091, 2006",openalex,llm,0.960,unreviewed,
discarded,Explorations in promoting conceptual change in electrical concepts via ontological category shift,Yeung Lee; Nancy Law,2001,International Journal of Science Education,10.1080/09500690119851,https://openalex.org/W2033368423,adjacent-subtopic; adjacent_conceptual_change; electricity; not_ps_i,"Chi (1992, 1993) Chi et al. (1994) suggests that many of the difficulties encountered by students in learning Physics concepts arise because they attribute the ontology of material substances to these concepts. These concepts are actually a special type of process - 'Constraint-Based Interactions' (CBI). Slotta and Chi (1996) reported on a study where a group of students explicitly trained in the CBI ontology showed significant gains over a control group in problem solving performance in eight simple electric circuit problems. This paper reports on a series of four studies which explore the usefulness of the ontological categorization framework in investigating students' alternative conceptions of electric circuits and in developing a teaching strategy for promoting conceptual change in the learning of basic electric circuitry concepts.",openalex,llm,0.950,unreviewed,
