status,title,authors,year,venue,doi,url,tags,abstract,provider,decision_source,llm_confidence,llm_review_outcome,llm_change_direction
discarded,Telling Active Learning Pedagogies Apart: from theory to practice,Kelsey Hood Cattaneo,2017,Journal of New Approaches in Educational Research,10.7821/naer.2017.7.237,https://openalex.org/W2735258494,adjacent-subtopic; adjacent_active_learning_taxonomy; not_ps_i,"Abstract Designing learning environments to incorporate active learning pedagogies is difficult as definitions are often contested and intertwined. This article seeks to determine whether classification of active learning pedagogies (i.e., project-based, problem-based, inquiry-based, case-based, and discovery-based), through theoretical and practical lenses, could function as a useful tool for researchers and practitioners in comparing pedagogies. This article classified five active learning pedagogies based on six constructivist elements. The comparison was completed through a comparative analysis and a content analysis informed by a systematic literature review. The findings were that learner-centeredness is a primary goal of all pedagogies; however, there is a strong dissonance between each pedagogy’s theoretical underpinnings and implementation realities. This dissonance complicates differentiating active learning pedagogies and classification as a comparative tool has proved to have limited usefulness.",openalex,llm,0.950,unreviewed,
discarded,Flow framework for analyzing the quality of educational games,Kristian Kiili; Timo Lainema; Sara de Freitas; Sylvester Arnab,2014,Entertainment Computing,10.1016/j.entcom.2014.08.002,https://openalex.org/W1987197319,adjacent-subtopic; adjacent_game_quality_framework; not_ps_i,,openalex,llm,0.970,unreviewed,
discarded,Inculcation of Science Process Skills in a Science Classroom,Rose Amnah Abd Rauf; Mohamad Sattar Rasul; Azlin Norhaini Mansor; Zarina Othman; Novel Lyndon,2013,Asian Social Science,10.5539/ass.v9n8p47,https://openalex.org/W2146058612,adjacent-subtopic; adjacent_science_process_skills; not_ps_i,"Teachers play an important role for teaching science process skills in class through planning and arranging learning activities and teaching how to reach scientific information. The purpose of this study was to investigate whether the teaching aproaches used in the teaching and learning process of a science class are able to provide the opportunity to inculcate science process skills and to identify which science process skills were inculcated (if any) during the lesson without actually planning to teach science process skills. This is a qualitative case study in two Smart Schools in Malaysia. 24 students aged 14 years old and two science teachers were the sample of this study This study revealed that the process of teaching and learning science that uses various teaching approaches in one science lessons has additional advantages in terms of providing opportunities for the inculcation of science process skills. It also managed to provide the students with the opportunity to learn independently in acquiring some of the skills. The use of various teaching approaches is in juxtaposition to each other. Science teaching and learning process is a dynamic process, where the movement from one teaching approach to another occur and not necessarily always occur in an orderly sequence. Hence, the use of various teaching approaches in a single lesson can create more opportunities for inculcation and acquisition of science process skills in the classroom.",openalex,llm,0.960,unreviewed,
discarded,Effect of worksheet scaffolds on student learning in problem-based learning,Serene S. Y. Choo; Jerome I. Rotgans; Elaine H. J. Yew; Henk G. Schmidt,2011,Advances in Health Sciences Education,10.1007/s10459-011-9288-1,https://openalex.org/W2096169361,adjacent-subtopic; adjacent_problem_based_learning; scaffolding; not_ps_i,"The purpose of this study was to investigate the effect of worksheets as a scaffolding tool on students' learning achievement in a problem-based learning (PBL) environment. Seventeen PBL classes (N = 241) were randomly assigned to two experimental groups-one with a worksheet provided and the other without. Students' learning of the topic at hand was evaluated by comparing results from pre- and post-lesson concept recall tests. We also obtained information about students' perceptions of factors impacting their learning using a Learning Impact Questionnaire. The data was analyzed by means of analyses of variance. Results of the study indicated that there was no statistically significant difference between the levels of understanding for both groups of students. In addition, survey results revealed that the strongest factor perceived by students to impact their learning in a PBL context is the tutor followed by team and class dynamics, while the influence of the worksheet was rated lowest. These findings suggest that scaffolds such as worksheets may not play a significant role in enhancing students' learning within the social constructivist framework of problem-based learning. On the other hand, the importance of the role of tutor and collaborative small group learning which are key features of PBL is reinforced.",openalex,llm,0.950,unreviewed,
discarded,"Assessing Self-Regulation as a Cyclical, Context-Specific Phenomenon: Overview and Analysis of SRL Microanalytic Protocols",Timothy J. Cleary; Gregory L. Callan; Barry J. Zimmerman,2012,Education Research International,10.1155/2012/428639,https://openalex.org/W2058553504,off-topic-false-hit; other_topic; srl_assessment; not_ps_i,"The primary purpose of this paper is to review relevant research related to the use of an assessment technique, called Self-Regulated Learning (SRL) Microanalysis. This structured interview is grounded in social-cognitive theory and research and thus seeks to evaluate students' regulatory processes as they engage in well-defined academic or nonacademic tasks and activities. We illustrate the essential features of this contextualized assessment approach and detail a simple five-step process that researchers can use to apply this approach to their work. Example questions and administration procedures for five key self-regulation subprocesses (i.e., including goal-setting, strategic planning, monitoring, self-evaluation, and attributions) are highlighted, with particular emphasis placed on causal attributions. The psychometric properties of SRL microanalytic assessment protocols and potential areas of future research are presented.",openalex,llm,0.980,unreviewed,
discarded,Designing Effective Serious Games: Opportunities and Challenges for Research,Francesco Bellotti; Riccardo Berta; Alessandro De Gloria,2010,International Journal of Emerging Technologies in Learning (iJET),10.3991/ijet.v5s3.1500,https://openalex.org/W2114169128,adjacent-subtopic; adjacent_serious_games; research_challenges; not_ps_i,"Serious Games represent an acknowledged potential for instruction, because they are able to strongly motivate learners. They can also provide immersive environments where advanced users can practice knowledge and skills, also exploiting multimodal interaction. They can combine the effectiveness of computer processing and data storage, with high levels of attractiveness. Our work has investigated the state of the art research on SGs, starting from the cognitive aspects, that are necessary in order to root technological development and applications in sound theoretical foundations. The paper discusses some key aspects about SG design and exploitation: choice of components-off-the-shelf or from-scratch design, tools and methodologies for development or adaptation, intelligent tutoring, virtual coaches and affective learning, living worlds, game mechanics, Human-Computer Interaction. While several SGs have been developed, still the literature stresses a lack of significant, extensive user tests. Further research is necessary to investigate in greater detail the real effectiveness of the various types of SGs. The paper proposes several research questions - that range from requirements elicitation to design and from deployment to use and evaluation - to be answered in order to avoid technology pushing and drive technological research according to the requirements of the end-users and stakeholders. We believe that deepening the analysis about these issues is key to strengthen the foundations of SG research, for which we identify four major directions: definition of metrics and learning progress evaluation tools; methodologies and tools for designing games from various topics and for various users; computing and communication architectures; technologies that can enhance the overall system performance.",openalex,llm,0.960,unreviewed,
discarded,Rethinking the Boundaries of Cognitive Load Theory in Complex Learning,"Kalyuga, Slava; Singh, Anne-Marie",2016,EDUCATIONAL PSYCHOLOGY REVIEW,10.1007/s10648-015-9352-0,https://www.webofscience.com/wos/woscc/full-record/WOS:000388142000007,adjacent-subtopic; adjacent_cognitive_load_theory; complex_learning; not_ps_i_specific,"In the traditional framework of cognitive load theory, it is assumed that the acquisition of domain-specific knowledge structures (or schemas) is the only instructional goal, and therefore, the theory is applicable to any instructional task. Accordingly, the basic concepts of intrinsic (productive) and extraneous (unproductive) types of cognitive load were defined based on the relevance (or irrelevance) of the corresponding cognitive processes that impose the load to achieving this universal instructional goal, and the instructional methods advocated by this theory are aimed at enhancing the acquisition of domain-specific schemas. The paper suggests considering this goal within the whole variety of possible specific goals of different learner activities that could be involved in complex learning. This would result in narrowing down of boundaries of cognitive load theory and have implications for distinguishing types of cognitive load, sequencing different goals and instructional tasks, considering the role of learner expertise, and other aspects of complex learning. One of the consequences of this reconceptualization is abandoning the rigid explicit instruction versus minimal guidance dichotomy and replacing it with a more flexible approach based on differentiating specific goals of various learner activities in complex learning. In particular, it may allow reconciling seemingly contradictory results from studies of the effectiveness of worked examples in cognitive load theory (supporting the initial fully guided explicit instruction for novice learners) and studies within the frameworks of productive failure and invention learning that have reportedly demonstrated that minimally guided tasks provided prior to explicit instruction might benefit novice learners.",wos,llm,0.930,unreviewed,
kept,"Why minimal guidance during instruction does not work: An analysis of the failure of constructivist, discovery, problem-based, experiential, and inquiry-based teaching","Kirschner, Paul A.; Sweller, John; Clark, Richard E.",2006,EDUCATIONAL PSYCHOLOGIST,,https://www.webofscience.com/wos/woscc/full-record/WOS:000237616600001,qualifies-claim; qualifies_claim; cognitive_load_critique; minimal_guidance; pf_guidance_dup,"Evidence for the superiority of guided instruction is explained in the context of our knowledge of human cognitive architecture, expert-novice differences, and cognitive load. Although un-guided or minimally guided instructional approaches are very popular and intuitively appealing, the point is made that these approaches ignore both the structures that constitute human cognitive architecture and evidence from empirical studies over the past half-century that consistently indicate that minimally guided instruction is less effective and less efficient than instructional approaches that place a strong emphasis on guidance of the student learning process. The advantage of guidance begins to recede only when learners have sufficiently high prior knowledge to provide ""internal"" guidance. Recent developments in instructional research and instructional design models that support guidance during instruction are briefly described.",wos,llm_reviewed,0.990,confirmed,
discarded,Striking the Balance: How Variability Shapes Retrieval Practice and Worked Examples for Transfer Learning,Cao M.,2026,Educational Psychology Review,10.1007/s10648-026-10169-w,https://www.scopus.com/inward/record.uri?partnerID=HzOxMe3b&scp=105039681149&origin=inward,adjacent-subtopic; adjacent_retrieval_practice; worked_examples; not_ps_i,,scopus,llm,0.900,unreviewed,
discarded,Applying Cognitive Load Theory to Best Practices in Pharmacy Education: A Narrative Review,Islam M.A.,2026,American Journal of Pharmaceutical Education,10.1016/j.ajpe.2026.102060,https://www.scopus.com/inward/record.uri?partnerID=HzOxMe3b&scp=105047236024&origin=inward,adjacent-subtopic; adjacent_cognitive_load_review; pharmacy_education; not_ps_i,,scopus,llm,0.950,unreviewed,
discarded,Benefit or Bottleneck? Assessing the Impact of Structured Reflection on Learning from AI-Driven Explanatory Feedback,Asher M.W.,2026,L@s 2026 Proceedings of the 13th ACM Conference on Learning @ Scale,10.1145/3774398.3811598,https://www.scopus.com/inward/record.uri?partnerID=HzOxMe3b&scp=105046612999&origin=inward,off-topic-false-hit; other_ai_ml; ai_feedback; not_ps_i,,scopus,llm,0.960,unreviewed,
discarded,Sustainable Talent Development in Digital Transformation: Optimizing System Experience Configurations for Resilient ERP Learning Outcomes,Chen C.C.,2026,Sustainability Switzerland,10.3390/su18125830,https://www.scopus.com/inward/record.uri?partnerID=HzOxMe3b&scp=105043206393&origin=inward,off-topic-false-hit; other_topic; erp_learning; not_ps_i,,scopus,llm,0.970,unreviewed,
discarded,Using Code Comments as a Pedagogical Scaffold in Digitally Supported Introductory Programming: An Exploratory Mixed-Methods Study in Vocational Secondary Education,Sarmento G.,2026,Digital,10.3390/digital6020037,https://www.scopus.com/inward/record.uri?partnerID=HzOxMe3b&scp=105043159173&origin=inward,adjacent-subtopic; adjacent_programming_scaffold; not_ps_i,,scopus,llm,0.930,unreviewed,
discarded,Effects of specificity of self-explanation prompts for worked examples on computer-supported learning of collaborative diagnostic reasoning,Rexhäuser D.,2026,International Journal of Computer Supported Collaborative Learning,10.1007/s11412-026-09468-9,https://www.scopus.com/inward/record.uri?partnerID=HzOxMe3b&scp=105034440978&origin=inward,adjacent-subtopic; adjacent_worked_examples; diagnostic_reasoning; not_ps_i,,scopus,llm,0.940,unreviewed,
discarded,"Enhancing student outcomes in math-intensive undergraduate physics: A structured instructional model integrating cognitive load theory, constructivist pedagogy and deliberate practice",Li F.,2026,Innovations in Education and Teaching International,10.1080/14703297.2026.2619475,https://www.scopus.com/inward/record.uri?partnerID=HzOxMe3b&scp=105028299878&origin=inward,adjacent-subtopic; adjacent_instructional_model; physics; not_ps_i,,scopus,llm,0.920,unreviewed,
discarded,VanLehn’s Two Loops Aren’t Enough: Toward Meta-Adaptive Control of Instructional Form,McLaren B.M.,2026,Communications in Computer and Information Science,10.1007/978-3-032-29791-4_28,https://www.scopus.com/inward/record.uri?partnerID=HzOxMe3b&scp=105043898912&origin=inward,adjacent-subtopic; adjacent_instructional_theory; not_ps_i,,scopus,llm,0.960,unreviewed,
discarded,Pre-service teachers’ adjustment of teaching approaches after observing learners’ success or failure responses in scenario-based settings,Kinda S.,2026,Educational and Developmental Psychologist,10.1080/20590776.2025.2526337,https://www.scopus.com/inward/record.uri?partnerID=HzOxMe3b&scp=105017393974&origin=inward,adjacent-subtopic; adjacent_teacher_adjustment; failure_responses; not_ps_i,,scopus,llm,0.930,unreviewed,
discarded,"Teaching for Cognitive Engagement: Nine High-Impact, Myth-Busting Strategies for K–12 Instruction",Huggins R.A.,2026,Teaching for Cognitive Engagement Nine High Impact Myth Busting Strategies for K12 Instruction,10.4324/9781003740711,https://www.scopus.com/inward/record.uri?partnerID=HzOxMe3b&scp=105033427595&origin=inward,adjacent-subtopic; adjacent_instructional_strategies_book; not_ps_i,,scopus,llm,0.960,unreviewed,
discarded,Preference for Student Activity over Teacher Guidance: Effects of Task-Related Knowledge and Learner or Instructor Roles,Kinda S.,2026,Journal of Experimental Education,10.1080/00220973.2024.2364617,https://www.scopus.com/inward/record.uri?partnerID=HzOxMe3b&scp=85197653826&origin=inward,adjacent-subtopic; adjacent_guidance_preferences; not_ps_i,,scopus,llm,0.940,unreviewed,
discarded,Exploring the effect of GenAI on learning outcomes in higher education: a three-level meta-analysis,Fan C.,2026,Frontiers in Psychology,10.3389/fpsyg.2026.1758670,https://www.scopus.com/inward/record.uri?partnerID=HzOxMe3b&scp=105041077168&origin=inward,off-topic-false-hit; other_ai_ml; meta_analysis_genai; not_ps_i,,scopus,llm,0.970,unreviewed,
discarded,Immersive Technologies (AR/VR) for Computer Science and Computational Thinking Education: A Systematic Literature Review of Trends and Gaps,Jang J.,2026,IEEE Access,10.1109/ACCESS.2026.3680395,https://www.scopus.com/inward/record.uri?partnerID=HzOxMe3b&scp=105034866133&origin=inward,off-topic-false-hit; other_ai_ml; ar_vr_cs_review; not_ps_i,,scopus,llm,0.980,unreviewed,
discarded,Understanding the pedagogic underpinning and knowledge sources of game form coaching in high-level team sport coaches,Moran D.,2026,Sports Coaching Review,10.1080/21640629.2024.2335450,https://www.scopus.com/inward/record.uri?partnerID=HzOxMe3b&scp=85189922187&origin=inward,off-topic-false-hit; other_topic; sports_coaching; not_ps_i,,scopus,llm,0.980,unreviewed,
discarded,Complete or faded double-content examples of video-based analyses: How do they impact student teachers’ professional vision of classroom management?,Bauersfeld J.L.,2025,Instructional Science,10.1007/s11251-025-09738-3,https://www.scopus.com/inward/record.uri?partnerID=HzOxMe3b&scp=105012869716&origin=inward,adjacent-subtopic; adjacent_worked_examples; teacher_education; not_ps_i,,scopus,llm,0.940,unreviewed,
discarded,"The effects of pre-training types on cognitive load, self-efficacy, and problem-solving in computer programming",Jung J.,2025,Journal of Computing in Higher Education,10.1007/s12528-024-09407-3,https://www.scopus.com/inward/record.uri?partnerID=HzOxMe3b&scp=85197852259&origin=inward,adjacent-subtopic; adjacent_pre_training; programming; not_ps_i,,scopus,llm,0.930,unreviewed,
discarded,Modeling and prompting professional vision in a virtual learning environment: effects on pre-service teachers’ cognitive load and motivation,Junker R.,2025,Education and Information Technologies,10.1007/s10639-025-13559-9,https://www.scopus.com/inward/record.uri?partnerID=HzOxMe3b&scp=105003153827&origin=inward,adjacent-subtopic; adjacent_virtual_learning_environment; professional_vision; not_ps_i,,scopus,llm,0.940,unreviewed,
discarded,Effects of Worked Examples with Explanation Types and Learner Motivation on Cognitive Load and Programming Problem-Solving Performance,Chen C.Y.,2025,ACM Transactions on Computing Education,10.1145/3732791,https://www.scopus.com/inward/record.uri?partnerID=HzOxMe3b&scp=105008901346&origin=inward,adjacent-subtopic; adjacent_worked_examples; programming; not_ps_i,,scopus,llm,0.940,unreviewed,
discarded,Can Generative AI and ChatGPT Break Human Supremacy in Mathematics and Reshape Competence in Cognitive-Demanding Problem-Solving Tasks?,Kaya D.,2025,Journal of Intelligence,10.3390/jintelligence13040043,https://www.scopus.com/inward/record.uri?partnerID=HzOxMe3b&scp=105003476218&origin=inward,off-topic-false-hit; other_ai_ml; ai_in_mathematics; not_ps_i,,scopus,llm,0.980,unreviewed,
discarded,Effects of decision-based learning on student performance in introductory physics: The mediating roles of cognitive load and self-testing,Jeong S.,2025,Education and Information Technologies,10.1007/s10639-024-12962-y,https://www.scopus.com/inward/record.uri?partnerID=HzOxMe3b&scp=105001059482&origin=inward,adjacent-subtopic; adjacent_decision_based_learning; physics; not_ps_i,,scopus,llm,0.900,unreviewed,
discarded,Common Challenges in Coding Education: A Cognitive Load Theory Perspective,Sabuncu F.H.,2025,Effective Coding Skill Development in Education,10.4018/979-8-3373-2660-3.ch003,https://www.scopus.com/inward/record.uri?partnerID=HzOxMe3b&scp=105040282526&origin=inward,adjacent-subtopic; adjacent_cognitive_load_programming; not_ps_i,,scopus,llm,0.960,unreviewed,
discarded,Enhancing concept mapping skills through load reduction instruction in an academic English course: a mixed methods study,Li A.,2025,Cogent Education,10.1080/2331186X.2025.2563159,https://www.scopus.com/inward/record.uri?partnerID=HzOxMe3b&scp=105017047854&origin=inward,adjacent-subtopic; adjacent_load_reduction; english_course; not_ps_i,,scopus,llm,0.960,unreviewed,
discarded,THE SCAFFOLDING EFFECT: Supporting All Students to Succeed,Ball R.,2025,Scaffolding Effect Supporting all Students to Succeed,10.4324/9781003467069,https://www.scopus.com/inward/record.uri?partnerID=HzOxMe3b&scp=105010428752&origin=inward,adjacent-subtopic; adjacent_scaffolding_general; not_ps_i,,scopus,llm,0.960,unreviewed,
