status,title,authors,year,venue,doi,url,tags,abstract,provider,decision_source,llm_confidence,llm_review_outcome,llm_change_direction
kept,Productive versus vicarious failure: Do students need to fail themselves in order to learn?,Christian Hartmann; Tamara van Gog; Nikol Rummel,2022,Applied Cognitive Psychology,10.1002/acp.4004,https://openalex.org/W4297977853,qualifies-claim; vicarious_failure; productive_failure; comparison; qualifies_claim,"Abstract Productive Failure is an instructional approach in which students engage in problem‐solving attempts prior to instruction. The Productive Failure approach has been found to be more supportive for conceptual knowledge acquisition during subsequent instruction compared to a direct‐instruction condition in which students receive instruction first followed by problem solving. Failing at problem‐solving attempts prior to instruction is considered to prepare students to better understand the concepts underlying the problem. However, it is an open question whether students need to fail themselves to be effectively prepared for subsequent instruction. We therefore compared the effectiveness of two alternative preparatory activities: Students either engaged in problem‐solving attempts themselves or were shown problem‐solving attempts of another student. This experimental variation allows to show the necessity of own failure for the effectiveness of the PF approach. The results indicated that the two conditions were equally effective at preparing students for subsequent instruction.",openalex,llm,0.970,unreviewed,
discarded,5E-Learning Cycle Strategy: Increasing Conceptual Understanding and Learning Motivation,Febrianto Putra; Ika Yunita Nur Kholifah; Bambang Subali; Ani Rusilowati,2018,Jurnal Ilmiah Pendidikan Fisika Al-Biruni,10.24042/jipfalbiruni.v7i2.2898,https://openalex.org/W2902173542,adjacent-subtopic; adjacent_discovery_learning; 5e_learning_cycle; not_ps_i,"5E learning cycle strategy was students center oriented learning model. The learning process becomes more meaningful, which are prioritized authentic experience of students, made students become actively participating, able to critical thinking skills and creatively. The phases of the learning cycle 5E consist of engagement, exploration, explanation, elaboration, and evaluation. The purpose of the research was increased learning motivation and conceptual understanding improved by discovery learning due to the 5E learning cycle strategy. The research was conducted at SMA Teuku Umar Semarang. The research has used a qualitative approach. The type of research is classroom action research (CAR). The data analysis technique used a percentage of the learning motivation and the students' understanding concept. The percentage applied discovery learning by both of the first CAR cycle is 78% and the second CAR cycle is 92%. The conceptual understanding was shown better in the second CAR cycle. The effectiveness discovery learning can be interpreted from the normalized gain. The score of the normalized gain is 0.52. The category of the normalized gain is a medium gain. Students' motivation was increased by both the first cycle is 62% and the second cycle is 82%. Based on the decision of the research, it can be concluded that the 5E learning cycle process can influence increased students learning motivation and students understanding the concept not only heat concept but also heat transfer concept",openalex,llm,0.960,unreviewed,
kept,Learning about multivariable causality with interactive simulations: exploration before instruction may hurt immediate gains but benefits transfer,Janan Saba; Manu Kapur; Ido Roll,2025,Instructional Science,10.1007/s11251-025-09726-7,https://openalex.org/W4412003414,qualifies-claim; qualifies_claim; simulation_learning; transfer; immediate_vs_transfer_tradeoff,"Abstract Studying complex interactions between variables to comprehend phenomena can be challenging for students of all ages. Simulations are often used to facilitate exploratory learning of complex phenomena, but students still face difficulties in comprehending interactions between factors. This study examined the comparative effectiveness of the Problem-Solving before Instruction (PS-I) approach versus the Instruction before Problem Solving approach (I-PS) in this context. In PS-I, learners are presented with complex tasks that help them understand the domain before they are taught the target concepts. While PS-I has been found to be effective in several domain-specific contexts, few studies have explored its benefits for learning general inquiry skills. The current study focused on the impact of using simulations before and after instruction on the development of Multivariable Causality (MVC) strategy and reasoning. In this controlled-experimental design, 35 undergraduate students completed a virus transmission exploration task using simulations that was then followed by instruction (Exploration-First), and 36 students were taught first before completing the virus transmission exploration task (Instruction-first). All the students then completed a second exploration task on the same topic at the end of the intervention, followed by a transfer exploration task on Predator-Prey relationships. The results showed that instruction before exploration had immediate benefits on learning and applying MVC. However, no significant differences between approaches were found for the development of students’ MVC strategy or reasoning at the end of the intervention. In the transfer context, the Exploration-First students transferred their MVC strategy better and showed more advanced MVC reasoning. These findings suggest that the Exploration-First approach may improve the transfer of inquiry strategies and reasoning by incorporating interactive simulations.",openalex,llm,0.970,unreviewed,
discarded,Presenting domain information or self‐exploration to foster hypothesis generation in simulation‐based inquiry learning,Xiulin Kuang; Tessa H.S. Eysink; Ton de Jong,2023,Journal of Research in Science Teaching,10.1002/tea.21865,https://openalex.org/W4382792335,adjacent-subtopic; adjacent_inquiry_learning; exploratory_practice; not_ps_i,"Abstract This study investigated the effects of presenting domain information (basic information about the domain) either together with or instead of offering exploratory practice (an exploratory opportunity in a simulation‐based representation of the learning domain) prior to inquiry learning for facilitating students' hypothesis generation and subsequent inquiry processes and their knowledge acquisition. Secondary school students (n = 118) completed a simulation‐based inquiry task on force and motion. They were randomly assigned to one of four conditions: the D + E condition (n = 29), in which domain information and exploratory practice were available; the D condition (n = 30), in which only domain information was available; the E condition (n = 32), in which only exploratory practice was available; or the C condition (n = 27), with no support at all. Students' knowledge was measured with a pre‐ and posttest and a test on knowledge of variables. Inquiry processes were inferred from information students entered in a Hypothesis Scratchpad and an Observation tool, and from a final summary that they had to write. Results indicated that providing students with domain information alone helps to foster their knowledge of variables before generating hypotheses and leads to knowledge acquisition. The results also showed that the opportunity to explore before experimenting does not affect students' inquiry behavior or learning performance, even when combined with providing students with domain information.",openalex,llm,0.900,unreviewed,
discarded,Do prompts to foster negative knowledge lead to more mistakes? The effects of exploratory behavioural prompts in medical training,Désiron J.C.,2026,Interactive Learning Environments,10.1080/10494820.2025.2521332,https://www.scopus.com/inward/record.uri?partnerID=HzOxMe3b&scp=105010439715&origin=inward,adjacent-subtopic; adjacent_negative_knowledge; medical_training; not_ps_i,,scopus,llm,0.930,unreviewed,
kept,Replicating the Effectiveness of Sensemaking-Focused Pedagogies,Sinha T.,2024,Proceedings of International Conference of the Learning Sciences Icls,10.22318/icls2024.719530,https://www.scopus.com/inward/record.uri?partnerID=HzOxMe3b&scp=105005831500&origin=inward,adjacent-subtopic; sensemaking_pedagogies; replication; preparation_for_learning,,scopus,llm,0.750,unreviewed,
discarded,Comparing teaching examples: effects on the solution quality and learning outcomes of student teachers’ professional vision of classroom management,Wedde S.,2023,Frontiers in Education,10.3389/feduc.2023.1257681,https://www.scopus.com/inward/record.uri?partnerID=HzOxMe3b&scp=85176803365&origin=inward,adjacent-subtopic; adjacent_example_comparison; teacher_education; not_ps_i,,scopus,llm,0.900,unreviewed,
kept,Learning with a digital escape room game: before or after instruction?,Buchner J.,2022,Research and Practice in Technology Enhanced Learning,10.1186/s41039-022-00187-x,https://www.scopus.com/inward/record.uri?partnerID=HzOxMe3b&scp=85126182601&origin=inward,adjacent-subtopic; before_or_after_instruction; digital_escape_room; sequence_comparison,,scopus,llm,0.760,unreviewed,
discarded,Many are the ways to learn identifying multi-modal behavioral profiles of collaborative learning in constructivist activities,Nasir J.,2021,International Journal of Computer Supported Collaborative Learning,10.1007/s11412-021-09358-2,https://www.scopus.com/inward/record.uri?partnerID=HzOxMe3b&scp=85123255433&origin=inward,adjacent-subtopic; adjacent_constructivist_activities; multimodal_profiles; not_ps_i,,scopus,llm,0.900,unreviewed,
kept,Micro productive failure and the acquisition of algebraic procedural knowledge,Ziegler E.,2021,Instructional Science,10.1007/s11251-021-09544-7,https://www.scopus.com/inward/record.uri?partnerID=HzOxMe3b&scp=85107362064&origin=inward,adjacent-subtopic; micro_productive_failure; algebra; procedural_knowledge,,scopus,llm,0.820,unreviewed,
kept,Differential benefits of explicit failure-driven and success-driven scaffolding in problem-solving prior to instruction.,Sinha T.,2021,Journal of Educational Psychology,10.1037/edu0000483,https://www.scopus.com/inward/record.uri?partnerID=HzOxMe3b&scp=85086849275&origin=inward,supports-claim; supports_claim; failure_driven_scaffolding; productive_failure; boundary_conditions,,scopus,llm,0.890,unreviewed,
kept,Fostering Students’ Cue Utilization in a Productive Failure Setting,Nachtigall V.,2021,Proceedings of International Conference of the Learning Sciences Icls,,https://www.scopus.com/inward/record.uri?partnerID=HzOxMe3b&scp=85182270536&origin=inward,adjacent-subtopic; productive_failure; cue_utilization; mechanism,,scopus,llm,0.760,unreviewed,
kept,Comparing alternative sequences of examples and problem-solving tasks: the case of conceptual knowledge,Chen O.,2021,Educational and Developmental Psychologist,10.1080/20590776.2021.1915098,https://www.scopus.com/inward/record.uri?partnerID=HzOxMe3b&scp=85106235738&origin=inward,adjacent-subtopic; example_problem_sequence; conceptual_knowledge; sequence_comparison,,scopus,llm,0.840,unreviewed,
kept,Element interactivity as a factor influencing the effectiveness of worked example–problem solving and problem solving–worked example sequences,Chen O.,2020,British Journal of Educational Psychology,10.1111/bjep.12317,https://www.scopus.com/inward/record.uri?partnerID=HzOxMe3b&scp=85071376611&origin=inward,qualifies-claim; worked_examples; problem_solving_sequence; element_interactivity; qualifies_claim,,scopus,llm,0.900,unreviewed,
kept,Problem-solving or Explicit Instruction: Which Should Go First When Element Interactivity Is High?,Ashman G.,2020,Educational Psychology Review,10.1007/s10648-019-09500-5,https://www.scopus.com/inward/record.uri?partnerID=HzOxMe3b&scp=85070233348&origin=inward,qualifies-claim; qualifies_claim; cognitive_load_critique; element_interactivity; pf_element,,scopus,llm_reviewed,0.930,confirmed,
kept,"Invention Versus Direct Instruction: For Some Content, It’s a Tie",Chase C.C.,2017,Journal of Science Education and Technology,10.1007/s10956-017-9700-6,https://www.scopus.com/inward/record.uri?partnerID=HzOxMe3b&scp=85024501952&origin=inward,qualifies-claim; qualifies_claim; invention_vs_direct_instruction; tie_results; pf_tie,,scopus,llm_reviewed,0.920,confirmed,
kept,Instruction-first and problem-solving-first approaches: alternative pathways to learning complex tasks,Likourezos V.,2017,Instructional Science,10.1007/s11251-016-9399-4,https://www.scopus.com/inward/record.uri?partnerID=HzOxMe3b&scp=84995370964&origin=inward,adjacent-subtopic; instruction_first_vs_problem_solving_first; complex_tasks,,scopus,llm,0.890,unreviewed,
kept,Making the failure more productive: scaffolding the invention process to improve inquiry behaviors and outcomes in invention activities,Holmes N.G.,2014,Instructional Science,10.1007/s11251-013-9300-7,https://www.scopus.com/inward/record.uri?partnerID=HzOxMe3b&scp=84942040117&origin=inward,adjacent-subtopic; invention_process_scaffolding; boundary_conditions; productive_failure,,scopus,llm,0.900,unreviewed,
kept,The impact of guidance during problem-solving prior to instruction on students' inventions and learning outcomes,Loibl K.,2014,Instructional Science,10.1007/s11251-013-9282-5,https://www.scopus.com/inward/record.uri?partnerID=HzOxMe3b&scp=84897028132&origin=inward,adjacent-subtopic; guidance_during_ps_i; boundary_conditions; learning_outcomes,,scopus,llm,0.900,unreviewed,
kept,"Why Minimal Guidance During Instruction Does Not Work: An Analysis of the Failure of Constructivist, Discovery, Problem-Based, Experiential, and Inquiry-Based Teaching",Paul A. Kirschner; John Sweller; Richard E. Clark,2006,Educational Psychologist,10.1207/s15326985ep4102_1,https://openalex.org/W1976637107,qualifies-claim; qualifies_claim; cognitive_load_critique; minimal_guidance; pf_guidance,"Evidence for the superiority of guided instruction is explained in the context of our knowledge of human cognitive architecture, expert–novice differences, and cognitive load. Although unguided or minimally guided instructional approaches are very popular and intuitively appealing, the point is made that these approaches ignore both the structures that constitute human cognitive architecture and evidence from empirical studies over the past half-century that consistently indicate that minimally guided instruction is less effective and less efficient than instructional approaches that place a strong emphasis on guidance of the student learning process. The advantage of guidance begins to recede only when learners have sufficiently high prior knowledge to provide ""internal"" guidance. Recent developments in instructional research and instructional design models that support guidance during instruction are briefly described.",openalex,llm_reviewed,0.990,confirmed,
discarded,Examining the learning effects of live streaming video game instruction over Twitch,Katherine Payne; Mark Keith; Ryan M. Schuetzler; Justin Scott Giboney,2017,Computers in Human Behavior,10.1016/j.chb.2017.08.029,https://openalex.org/W2749441736,adjacent-subtopic; adjacent_worked_example_effect; video_game_instruction; not_ps_i,"Technology facilitates advances in learning and drives learning paradigms. One recent innovation is Twitch™, an online streaming platform often used for video game tutorials but also enables amateur online instruction ( Hamilton, Garretson, & Kerne, 2014 )). Twitch represents a unique learning paradigm that is not perfectly represented in previous technologies because of its “ground-up” evolution and the opportunity for novice instructors to educate mass audiences in real-time over the Internet while enabling interaction between teachers and learners and among learners. The purpose of this research is to empirically examine the efficacy of Twitch as a learning platform by manipulating each of the key characteristics of Twitch and to understand the conditions in which novice instructors may be beneficial. Drawing from Cognitive Load Theory, we demonstrate the worked-example effect in the Twitch environment by manipulating teacher-learner-learner interactions, live versus recorded streaming, and expert-versus novice-based instruction. Based on a laboratory experiment involving 350 participants, we found that learning performance under novice instructors was at least as good as that of experts. However, an exploratory analysis of learner personalities revealed that extroverts benefit only when learner-learner interaction is enabled. Surprisingly, those who are highly agreeable and less neurotic benefited more from novice instructors.",openalex,llm,0.940,unreviewed,
discarded,"The worked example effect, the generation effect, and element interactivity.",Ouhao Chen; Slava Kalyuga; John Sweller,2015,Journal of Educational Psychology,10.1037/edu0000018,https://openalex.org/W2142219189,adjacent-subtopic; adjacent_generation_effect; worked_examples; not_ps_i_specific,"The worked example effect indicates that showing students worked examples (high guidance) is superior to problem solving (low guidance) which provides no guidance, whereas the generation effect suggests that self-generating items (low guidance) is superior to studying the externally presented answers (high guidance). This obvious contradiction between the two effects was hypothesized to be resolved by suggesting that the materials used had different levels of element interactivity. For the worked example effect, materials may be high in element interactivity, while, for the generation effect, simpler materials are used. With an increase of learner expertise, the worked example effect may be eliminated or reversed because expertise reduces element interactivity, but the generation effect should be still robust. Five 2 (levels of guidance: low and high) x 2 (levels of element interactivity: low and high) mixed factorial experiments were conducted to investigate the hypotheses. In Experiments 1 to 3, the level of learner expertise gradually increased in the domain of geometry with the results supporting hypotheses. The interaction of guidance and element interactivity was obtained with novices but the worked example effect that contributed to the interaction was eliminated or reversed with more knowledgeable students. Experiments 4 to 5 were designed to replicate the results of the first three experiments by testing students in the domain of trigonometry on both immediate and delayed tests. The results were replicated not only on an immediate test, but also on a delayed test. When combined, the results of all five experiments indicated that levels of element interactivity might be a key factor when deciding on levels of instructional guidance.",openalex,llm,0.920,unreviewed,
discarded,Using cognitive theory to facilitate medical education,Yu Qi Qiao; Jun Shen; Xiao Liang; Song Ding; Fang Yuan Chen; Li Shao; Qing Zheng; Zhi Hua Ran,2014,BMC Medical Education,10.1186/1472-6920-14-79,https://openalex.org/W2136692330,adjacent-subtopic; adjacent_cognitive_theory_review; medical_education; not_ps_i,"BACKGROUND: Educators continue to search for better strategies for medical education. Although the unifying theme of reforms was ""increasing interest in, attention to, and understanding of the knowledge base structures"", it is difficult to achieve all these aspects via a single type of instruction. METHODS: We used related key words to search in Google Scholar and Pubmed. Related search results on this topic were selected for discussion. RESULTS: Despite the range of different methods used in medical education, students are still required to memorize much of what they are taught, especially for the basic sciences. Subjects like anatomy and pathology carry a high intrinsic cognitive load mainly because of the large volume of information that must be retained. For these subjects, decreasing cognitive load is not feasible and memorizing appears to be the only strategy, yet the cognitive load makes learning a challenge for many students. Cognitive load is further increased when inappropriate use of educational methods occurs, e.g., in problem based learning which demands clinical reasoning, a high level and complex cognitive skill. It is widely known that experts are more skilled at clinical reasoning than novices because of their accumulated experiences. These experiences are based on the formation of cognitive schemata. In this paper we describe the use of cognitive schemata, developed by experts as worked examples to facilitate medical students' learning and to promote their clinical reasoning. CONCLUSION: We suggest that cognitive load theory can provide a useful framework for understanding the challenges and successes associated with education of medical professionals.",openalex,llm,0.960,unreviewed,
